<?xml version="1.0" encoding="UTF-8"?>
<testsuite xmlns:xsi="http://www.w3.org/2001/XMLSchema-instance" xsi:noNamespaceSchemaLocation="https://maven.apache.org/surefire/maven-failsafe-plugin/xsd/failsafe-test-report-3.0.xsd" version="3.0" name="CucumberTestSuite" time="149.309" tests="4" errors="0" skipped="0" failures="0">
  <properties>
    <property name="sun.desktop" value="windows"/>
    <property name="awt.toolkit" value="sun.awt.windows.WToolkit"/>
    <property name="java.specification.version" value="11"/>
    <property name="webdriver.chrome.driver" value="C:\Users\Bagas Dwi Saputra\.cache\selenium\chromedriver\win32\103.0.5060.53\chromedriver.exe"/>
    <property name="sun.cpu.isalist" value="amd64"/>
    <property name="sun.jnu.encoding" value="Cp1252"/>
    <property name="java.class.path" value="C:\Alterra\CapstoneBaru\QE\TestingWebUpdate\target\test-classes;C:\Users\Bagas Dwi Saputra\.m2\repository\net\serenity-bdd\serenity-cucumber\3.2.1\serenity-cucumber-3.2.1.jar;C:\Users\Bagas Dwi Saputra\.m2\repository\net\serenity-bdd\serenity-model\3.2.1\serenity-model-3.2.1.jar;C:\Users\Bagas Dwi Saputra\.m2\repository\org\apache\commons\commons-text\1.9\commons-text-1.9.jar;C:\Users\Bagas Dwi Saputra\.m2\repository\commons-net\commons-net\3.8.0\commons-net-3.8.0.jar;C:\Users\Bagas Dwi Saputra\.m2\repository\com\google\guava\guava\31.1-jre\guava-31.1-jre.jar;C:\Users\Bagas Dwi Saputra\.m2\repository\com\google\guava\failureaccess\1.0.1\failureaccess-1.0.1.jar;C:\Users\Bagas Dwi Saputra\.m2\repository\com\google\guava\listenablefuture\9999.0-empty-to-avoid-conflict-with-guava\listenablefuture-9999.0-empty-to-avoid-conflict-with-guava.jar;C:\Users\Bagas Dwi Saputra\.m2\repository\com\google\code\findbugs\jsr305\3.0.2\jsr305-3.0.2.jar;C:\Users\Bagas Dwi Saputra\.m2\repository\org\checkerframework\checker-qual\3.12.0\checker-qual-3.12.0.jar;C:\Users\Bagas Dwi Saputra\.m2\repository\com\google\errorprone\error_prone_annotations\2.11.0\error_prone_annotations-2.11.0.jar;C:\Users\Bagas Dwi Saputra\.m2\repository\com\google\j2objc\j2objc-annotations\1.3\j2objc-annotations-1.3.jar;C:\Users\Bagas Dwi Saputra\.m2\repository\com\google\inject\guice\5.1.0\guice-5.1.0.jar;C:\Users\Bagas Dwi Saputra\.m2\repository\javax\inject\javax.inject\1\javax.inject-1.jar;C:\Users\Bagas Dwi Saputra\.m2\repository\aopalliance\aopalliance\1.0\aopalliance-1.0.jar;C:\Users\Bagas Dwi Saputra\.m2\repository\org\jsoup\jsoup\1.14.3\jsoup-1.14.3.jar;C:\Users\Bagas Dwi Saputra\.m2\repository\com\thoughtworks\xstream\xstream\1.4.19\xstream-1.4.19.jar;C:\Users\Bagas Dwi Saputra\.m2\repository\io\github\x-stream\mxparser\1.2.2\mxparser-1.2.2.jar;C:\Users\Bagas Dwi Saputra\.m2\repository\xmlpull\xmlpull\1.1.3.1\xmlpull-1.1.3.1.jar;C:\Users\Bagas Dwi Saputra\.m2\repository\com\typesafe\config\1.4.2\config-1.4.2.jar;C:\Users\Bagas Dwi Saputra\.m2\repository\org\imgscalr\imgscalr-lib\4.2\imgscalr-lib-4.2.jar;C:\Users\Bagas Dwi Saputra\.m2\repository\org\awaitility\awaitility\4.2.0\awaitility-4.2.0.jar;C:\Users\Bagas Dwi Saputra\.m2\repository\org\freemarker\freemarker\2.3.31\freemarker-2.3.31.jar;C:\Users\Bagas Dwi Saputra\.m2\repository\io\github\classgraph\classgraph\4.8.138\classgraph-4.8.138.jar;C:\Users\Bagas Dwi Saputra\.m2\repository\net\sourceforge\jexcelapi\jxl\2.6.12\jxl-2.6.12.jar;C:\Users\Bagas Dwi Saputra\.m2\repository\net\bytebuddy\byte-buddy\1.12.8\byte-buddy-1.12.8.jar;C:\Users\Bagas Dwi Saputra\.m2\repository\net\bytebuddy\byte-buddy-agent\1.12.8\byte-buddy-agent-1.12.8.jar;C:\Users\Bagas Dwi Saputra\.m2\repository\org\objenesis\objenesis\3.1\objenesis-3.1.jar;C:\Users\Bagas Dwi Saputra\.m2\repository\io\cucumber\cucumber-core\7.2.3\cucumber-core-7.2.3.jar;C:\Users\Bagas Dwi Saputra\.m2\repository\io\cucumber\cucumber-gherkin\7.2.3\cucumber-gherkin-7.2.3.jar;C:\Users\Bagas Dwi Saputra\.m2\repository\io\cucumber\cucumber-gherkin-messages\7.2.3\cucumber-gherkin-messages-7.2.3.jar;C:\Users\Bagas Dwi Saputra\.m2\repository\io\cucumber\messages\17.1.1\messages-17.1.1.jar;C:\Users\Bagas Dwi Saputra\.m2\repository\io\cucumber\tag-expressions\4.1.0\tag-expressions-4.1.0.jar;C:\Users\Bagas Dwi Saputra\.m2\repository\io\cucumber\cucumber-expressions\15.0.1\cucumber-expressions-15.0.1.jar;C:\Users\Bagas Dwi Saputra\.m2\repository\io\cucumber\datatable\7.2.3\datatable-7.2.3.jar;C:\Users\Bagas Dwi Saputra\.m2\repository\io\cucumber\cucumber-plugin\7.2.3\cucumber-plugin-7.2.3.jar;C:\Users\Bagas Dwi Saputra\.m2\repository\io\cucumber\docstring\7.2.3\docstring-7.2.3.jar;C:\Users\Bagas Dwi Saputra\.m2\repository\io\cucumber\html-formatter\17.0.0\html-formatter-17.0.0.jar;C:\Users\Bagas Dwi Saputra\.m2\repository\io\cucumber\ci-environment\8.1.0\ci-environment-8.1.0.jar;C:\Users\Bagas Dwi Saputra\.m2\repository\io\cucumber\cucumber-junit\7.2.3\cucumber-junit-7.2.3.jar;C:\Users\Bagas Dwi Saputra\.m2\repository\org\apache\commons\commons-csv\1.5\commons-csv-1.5.jar;C:\Users\Bagas Dwi Saputra\.m2\repository\net\serenity-bdd\serenity-screenplay\3.2.1\serenity-screenplay-3.2.1.jar;C:\Users\Bagas Dwi Saputra\.m2\repository\net\serenity-bdd\serenity-screenplay-webdriver\3.2.1\serenity-screenplay-webdriver-3.2.1.jar;C:\Users\Bagas Dwi Saputra\.m2\repository\net\serenity-bdd\serenity-ensure\3.2.1\serenity-ensure-3.2.1.jar;C:\Users\Bagas Dwi Saputra\.m2\repository\net\serenity-bdd\serenity-junit\3.2.1\serenity-junit-3.2.1.jar;C:\Users\Bagas Dwi Saputra\.m2\repository\org\jetbrains\kotlin\kotlin-stdlib\1.6.0\kotlin-stdlib-1.6.0.jar;C:\Users\Bagas Dwi Saputra\.m2\repository\org\jetbrains\annotations\13.0\annotations-13.0.jar;C:\Users\Bagas Dwi Saputra\.m2\repository\org\jetbrains\kotlin\kotlin-stdlib-common\1.6.0\kotlin-stdlib-common-1.6.0.jar;C:\Users\Bagas Dwi Saputra\.m2\repository\org\junit\platform\junit-platform-launcher\1.8.2\junit-platform-launcher-1.8.2.jar;C:\Users\Bagas Dwi Saputra\.m2\repository\org\junit\platform\junit-platform-engine\1.8.2\junit-platform-engine-1.8.2.jar;C:\Users\Bagas Dwi Saputra\.m2\repository\org\junit\platform\junit-platform-commons\1.8.2\junit-platform-commons-1.8.2.jar;C:\Users\Bagas Dwi Saputra\.m2\repository\org\apiguardian\apiguardian-api\1.1.2\apiguardian-api-1.1.2.jar;C:\Users\Bagas Dwi Saputra\.m2\repository\org\junit\jupiter\junit-jupiter-engine\5.8.2\junit-jupiter-engine-5.8.2.jar;C:\Users\Bagas Dwi Saputra\.m2\repository\org\junit\jupiter\junit-jupiter-api\5.8.2\junit-jupiter-api-5.8.2.jar;C:\Users\Bagas Dwi Saputra\.m2\repository\org\junit\vintage\junit-vintage-engine\5.8.2\junit-vintage-engine-5.8.2.jar;C:\Users\Bagas Dwi Saputra\.m2\repository\junit\junit\4.13.2\junit-4.13.2.jar;C:\Users\Bagas Dwi Saputra\.m2\repository\org\hamcrest\hamcrest-core\1.3\hamcrest-core-1.3.jar;C:\Users\Bagas Dwi Saputra\.m2\repository\ch\qos\logback\logback-classic\1.2.11\logback-classic-1.2.11.jar;C:\Users\Bagas Dwi Saputra\.m2\repository\ch\qos\logback\logback-core\1.2.11\logback-core-1.2.11.jar;C:\Users\Bagas Dwi Saputra\.m2\repository\org\slf4j\slf4j-api\1.7.32\slf4j-api-1.7.32.jar;C:\Users\Bagas Dwi Saputra\.m2\repository\org\assertj\assertj-core\3.22.0\assertj-core-3.22.0.jar;C:\Users\Bagas Dwi Saputra\.m2\repository\net\serenity-bdd\serenity-rest-assured\3.2.1\serenity-rest-assured-3.2.1.jar;C:\Users\Bagas Dwi Saputra\.m2\repository\org\apache\httpcomponents\httpclient\4.5.13\httpclient-4.5.13.jar;C:\Users\Bagas Dwi Saputra\.m2\repository\org\apache\httpcomponents\httpcore\4.4.13\httpcore-4.4.13.jar;C:\Users\Bagas Dwi Saputra\.m2\repository\commons-logging\commons-logging\1.2\commons-logging-1.2.jar;C:\Users\Bagas Dwi Saputra\.m2\repository\org\codehaus\groovy\groovy-json\3.0.10\groovy-json-3.0.10.jar;C:\Users\Bagas Dwi Saputra\.m2\repository\org\opentest4j\opentest4j\1.2.0\opentest4j-1.2.0.jar;C:\Users\Bagas Dwi Saputra\.m2\repository\org\apache\maven\plugins\maven-surefire-plugin\3.0.0-M5\maven-surefire-plugin-3.0.0-M5.jar;C:\Users\Bagas Dwi Saputra\.m2\repository\org\apache\maven\surefire\maven-surefire-common\3.0.0-M5\maven-surefire-common-3.0.0-M5.jar;C:\Users\Bagas Dwi Saputra\.m2\repository\org\apache\maven\surefire\surefire-api\3.0.0-M5\surefire-api-3.0.0-M5.jar;C:\Users\Bagas Dwi Saputra\.m2\repository\org\apache\maven\surefire\surefire-logger-api\3.0.0-M5\surefire-logger-api-3.0.0-M5.jar;C:\Users\Bagas Dwi Saputra\.m2\repository\org\apache\maven\surefire\surefire-extensions-api\3.0.0-M5\surefire-extensions-api-3.0.0-M5.jar;C:\Users\Bagas Dwi Saputra\.m2\repository\org\apache\maven\surefire\surefire-booter\3.0.0-M5\surefire-booter-3.0.0-M5.jar;C:\Users\Bagas Dwi Saputra\.m2\repository\org\apache\maven\surefire\surefire-extensions-spi\3.0.0-M5\surefire-extensions-spi-3.0.0-M5.jar;C:\Users\Bagas Dwi Saputra\.m2\repository\org\apache\maven\maven-toolchain\3.0-alpha-2\maven-toolchain-3.0-alpha-2.jar;C:\Users\Bagas Dwi Saputra\.m2\repository\org\apache\maven\shared\maven-artifact-transfer\0.11.0\maven-artifact-transfer-0.11.0.jar;C:\Users\Bagas Dwi Saputra\.m2\repository\org\apache\maven\shared\maven-common-artifact-filters\3.0.1\maven-common-artifact-filters-3.0.1.jar;C:\Users\Bagas Dwi Saputra\.m2\repository\org\apache\maven\maven-model\3.0\maven-model-3.0.jar;C:\Users\Bagas Dwi Saputra\.m2\repository\org\apache\maven\maven-plugin-api\3.0\maven-plugin-api-3.0.jar;C:\Users\Bagas Dwi Saputra\.m2\repository\org\sonatype\sisu\sisu-inject-plexus\1.4.2\sisu-inject-plexus-1.4.2.jar;C:\Users\Bagas Dwi Saputra\.m2\repository\org\codehaus\plexus\plexus-classworlds\2.2.3\plexus-classworlds-2.2.3.jar;C:\Users\Bagas Dwi Saputra\.m2\repository\org\sonatype\sisu\sisu-inject-bean\1.4.2\sisu-inject-bean-1.4.2.jar;C:\Users\Bagas Dwi Saputra\.m2\repository\org\sonatype\sisu\sisu-guice\2.1.7\sisu-guice-2.1.7-noaop.jar;C:\Users\Bagas Dwi Saputra\.m2\repository\org\apache\maven\shared\maven-shared-utils\3.1.0\maven-shared-utils-3.1.0.jar;C:\Users\Bagas Dwi Saputra\.m2\repository\org\codehaus\plexus\plexus-java\1.0.5\plexus-java-1.0.5.jar;C:\Users\Bagas Dwi Saputra\.m2\repository\org\ow2\asm\asm\7.2\asm-7.2.jar;C:\Users\Bagas Dwi Saputra\.m2\repository\com\thoughtworks\qdox\qdox\2.0-M9\qdox-2.0-M9.jar;C:\Users\Bagas Dwi Saputra\.m2\repository\org\apache\maven\surefire\surefire-shared-utils\3.0.0-M4\surefire-shared-utils-3.0.0-M4.jar;C:\Users\Bagas Dwi Saputra\.m2\repository\io\rest-assured\rest-assured\4.5.1\rest-assured-4.5.1.jar;C:\Users\Bagas Dwi Saputra\.m2\repository\org\apache\httpcomponents\httpmime\4.5.13\httpmime-4.5.13.jar;C:\Users\Bagas Dwi Saputra\.m2\repository\org\hamcrest\hamcrest\2.1\hamcrest-2.1.jar;C:\Users\Bagas Dwi Saputra\.m2\repository\org\ccil\cowan\tagsoup\tagsoup\1.2.1\tagsoup-1.2.1.jar;C:\Users\Bagas Dwi Saputra\.m2\repository\io\rest-assured\json-path\4.5.1\json-path-4.5.1.jar;C:\Users\Bagas Dwi Saputra\.m2\repository\io\rest-assured\rest-assured-common\4.5.1\rest-assured-common-4.5.1.jar;C:\Users\Bagas Dwi Saputra\.m2\repository\io\rest-assured\xml-path\4.5.1\xml-path-4.5.1.jar;C:\Users\Bagas Dwi Saputra\.m2\repository\org\apache\commons\commons-lang3\3.11\commons-lang3-3.11.jar;C:\Users\Bagas Dwi Saputra\.m2\repository\org\codehaus\groovy\groovy\3.0.10\groovy-3.0.10.jar;C:\Users\Bagas Dwi Saputra\.m2\repository\org\codehaus\groovy\groovy-xml\3.0.10\groovy-xml-3.0.10.jar;C:\Users\Bagas Dwi Saputra\.m2\repository\com\googlecode\json-simple\json-simple\1.1.1\json-simple-1.1.1.jar;C:\Users\Bagas Dwi Saputra\.m2\repository\com\github\javafaker\javafaker\1.0.2\javafaker-1.0.2.jar;C:\Users\Bagas Dwi Saputra\.m2\repository\org\yaml\snakeyaml\1.23\snakeyaml-1.23-android.jar;C:\Users\Bagas Dwi Saputra\.m2\repository\com\github\mifmif\generex\1.0.2\generex-1.0.2.jar;C:\Users\Bagas Dwi Saputra\.m2\repository\dk\brics\automaton\automaton\1.11-8\automaton-1.11-8.jar;C:\Users\Bagas Dwi Saputra\.m2\repository\io\cucumber\cucumber-java\7.2.3\cucumber-java-7.2.3.jar;C:\Users\Bagas Dwi Saputra\.m2\repository\net\serenity-bdd\serenity-core\3.2.5\serenity-core-3.2.5.jar;C:\Users\Bagas Dwi Saputra\.m2\repository\net\serenity-bdd\serenity-reports\3.2.5\serenity-reports-3.2.5.jar;C:\Users\Bagas Dwi Saputra\.m2\repository\net\serenity-bdd\serenity-stats\3.2.5\serenity-stats-3.2.5.jar;C:\Users\Bagas Dwi Saputra\.m2\repository\net\serenity-bdd\serenity-reports-configuration\3.2.5\serenity-reports-configuration-3.2.5.jar;C:\Users\Bagas Dwi Saputra\.m2\repository\com\vladsch\flexmark\flexmark-all\0.34.30\flexmark-all-0.34.30.jar;C:\Users\Bagas Dwi Saputra\.m2\repository\com\vladsch\flexmark\flexmark\0.34.30\flexmark-0.34.30.jar;C:\Users\Bagas Dwi Saputra\.m2\repository\com\vladsch\flexmark\flexmark-ext-abbreviation\0.34.30\flexmark-ext-abbreviation-0.34.30.jar;C:\Users\Bagas Dwi Saputra\.m2\repository\com\vladsch\flexmark\flexmark-ext-admonition\0.34.30\flexmark-ext-admonition-0.34.30.jar;C:\Users\Bagas Dwi Saputra\.m2\repository\com\vladsch\flexmark\flexmark-ext-anchorlink\0.34.30\flexmark-ext-anchorlink-0.34.30.jar;C:\Users\Bagas Dwi Saputra\.m2\repository\com\vladsch\flexmark\flexmark-ext-aside\0.34.30\flexmark-ext-aside-0.34.30.jar;C:\Users\Bagas Dwi Saputra\.m2\repository\com\vladsch\flexmark\flexmark-ext-attributes\0.34.30\flexmark-ext-attributes-0.34.30.jar;C:\Users\Bagas Dwi Saputra\.m2\repository\com\vladsch\flexmark\flexmark-ext-autolink\0.34.30\flexmark-ext-autolink-0.34.30.jar;C:\Users\Bagas Dwi Saputra\.m2\repository\org\nibor\autolink\autolink\0.6.0\autolink-0.6.0.jar;C:\Users\Bagas Dwi Saputra\.m2\repository\com\vladsch\flexmark\flexmark-ext-definition\0.34.30\flexmark-ext-definition-0.34.30.jar;C:\Users\Bagas Dwi Saputra\.m2\repository\com\vladsch\flexmark\flexmark-ext-emoji\0.34.30\flexmark-ext-emoji-0.34.30.jar;C:\Users\Bagas Dwi Saputra\.m2\repository\com\vladsch\flexmark\flexmark-ext-enumerated-reference\0.34.30\flexmark-ext-enumerated-reference-0.34.30.jar;C:\Users\Bagas Dwi Saputra\.m2\repository\com\vladsch\flexmark\flexmark-ext-escaped-character\0.34.30\flexmark-ext-escaped-character-0.34.30.jar;C:\Users\Bagas Dwi Saputra\.m2\repository\com\vladsch\flexmark\flexmark-ext-footnotes\0.34.30\flexmark-ext-footnotes-0.34.30.jar;C:\Users\Bagas Dwi Saputra\.m2\repository\com\vladsch\flexmark\flexmark-ext-gfm-issues\0.34.30\flexmark-ext-gfm-issues-0.34.30.jar;C:\Users\Bagas Dwi Saputra\.m2\repository\com\vladsch\flexmark\flexmark-ext-gfm-strikethrough\0.34.30\flexmark-ext-gfm-strikethrough-0.34.30.jar;C:\Users\Bagas Dwi Saputra\.m2\repository\com\vladsch\flexmark\flexmark-ext-gfm-tables\0.34.30\flexmark-ext-gfm-tables-0.34.30.jar;C:\Users\Bagas Dwi Saputra\.m2\repository\com\vladsch\flexmark\flexmark-ext-gfm-tasklist\0.34.30\flexmark-ext-gfm-tasklist-0.34.30.jar;C:\Users\Bagas Dwi Saputra\.m2\repository\com\vladsch\flexmark\flexmark-ext-gfm-users\0.34.30\flexmark-ext-gfm-users-0.34.30.jar;C:\Users\Bagas Dwi Saputra\.m2\repository\com\vladsch\flexmark\flexmark-ext-gitlab\0.34.30\flexmark-ext-gitlab-0.34.30.jar;C:\Users\Bagas Dwi Saputra\.m2\repository\com\vladsch\flexmark\flexmark-ext-jekyll-front-matter\0.34.30\flexmark-ext-jekyll-front-matter-0.34.30.jar;C:\Users\Bagas Dwi Saputra\.m2\repository\com\vladsch\flexmark\flexmark-ext-jekyll-tag\0.34.30\flexmark-ext-jekyll-tag-0.34.30.jar;C:\Users\Bagas Dwi Saputra\.m2\repository\com\vladsch\flexmark\flexmark-ext-media-tags\0.34.30\flexmark-ext-media-tags-0.34.30.jar;C:\Users\Bagas Dwi Saputra\.m2\repository\com\vladsch\flexmark\flexmark-test-util\0.34.30\flexmark-test-util-0.34.30.jar;C:\Users\Bagas Dwi Saputra\.m2\repository\com\vladsch\flexmark\flexmark-ext-ins\0.34.30\flexmark-ext-ins-0.34.30.jar;C:\Users\Bagas Dwi Saputra\.m2\repository\com\vladsch\flexmark\flexmark-ext-xwiki-macros\0.34.30\flexmark-ext-xwiki-macros-0.34.30.jar;C:\Users\Bagas Dwi Saputra\.m2\repository\com\vladsch\flexmark\flexmark-ext-superscript\0.34.30\flexmark-ext-superscript-0.34.30.jar;C:\Users\Bagas Dwi Saputra\.m2\repository\com\vladsch\flexmark\flexmark-ext-tables\0.34.30\flexmark-ext-tables-0.34.30.jar;C:\Users\Bagas Dwi Saputra\.m2\repository\com\vladsch\flexmark\flexmark-ext-toc\0.34.30\flexmark-ext-toc-0.34.30.jar;C:\Users\Bagas Dwi Saputra\.m2\repository\com\vladsch\flexmark\flexmark-ext-typographic\0.34.30\flexmark-ext-typographic-0.34.30.jar;C:\Users\Bagas Dwi Saputra\.m2\repository\com\vladsch\flexmark\flexmark-ext-wikilink\0.34.30\flexmark-ext-wikilink-0.34.30.jar;C:\Users\Bagas Dwi Saputra\.m2\repository\com\vladsch\flexmark\flexmark-ext-yaml-front-matter\0.34.30\flexmark-ext-yaml-front-matter-0.34.30.jar;C:\Users\Bagas Dwi Saputra\.m2\repository\com\vladsch\flexmark\flexmark-ext-youtube-embedded\0.34.30\flexmark-ext-youtube-embedded-0.34.30.jar;C:\Users\Bagas Dwi Saputra\.m2\repository\com\vladsch\flexmark\flexmark-formatter\0.34.30\flexmark-formatter-0.34.30.jar;C:\Users\Bagas Dwi Saputra\.m2\repository\com\vladsch\flexmark\flexmark-html-parser\0.34.30\flexmark-html-parser-0.34.30.jar;C:\Users\Bagas Dwi Saputra\.m2\repository\com\vladsch\flexmark\flexmark-jira-converter\0.34.30\flexmark-jira-converter-0.34.30.jar;C:\Users\Bagas Dwi Saputra\.m2\repository\com\vladsch\flexmark\flexmark-pdf-converter\0.34.30\flexmark-pdf-converter-0.34.30.jar;C:\Users\Bagas Dwi Saputra\.m2\repository\com\openhtmltopdf\openhtmltopdf-core\0.0.1-RC13\openhtmltopdf-core-0.0.1-RC13.jar;C:\Users\Bagas Dwi Saputra\.m2\repository\com\openhtmltopdf\openhtmltopdf-pdfbox\0.0.1-RC13\openhtmltopdf-pdfbox-0.0.1-RC13.jar;C:\Users\Bagas Dwi Saputra\.m2\repository\org\apache\pdfbox\pdfbox\2.0.8\pdfbox-2.0.8.jar;C:\Users\Bagas Dwi Saputra\.m2\repository\org\apache\pdfbox\fontbox\2.0.8\fontbox-2.0.8.jar;C:\Users\Bagas Dwi Saputra\.m2\repository\org\apache\pdfbox\xmpbox\2.0.8\xmpbox-2.0.8.jar;C:\Users\Bagas Dwi Saputra\.m2\repository\de\rototor\pdfbox\graphics2d\0.12\graphics2d-0.12.jar;C:\Users\Bagas Dwi Saputra\.m2\repository\com\openhtmltopdf\openhtmltopdf-rtl-support\0.0.1-RC13\openhtmltopdf-rtl-support-0.0.1-RC13.jar;C:\Users\Bagas Dwi Saputra\.m2\repository\com\ibm\icu\icu4j\59.1\icu4j-59.1.jar;C:\Users\Bagas Dwi Saputra\.m2\repository\com\openhtmltopdf\openhtmltopdf-jsoup-dom-converter\0.0.1-RC13\openhtmltopdf-jsoup-dom-converter-0.0.1-RC13.jar;C:\Users\Bagas Dwi Saputra\.m2\repository\com\vladsch\flexmark\flexmark-profile-pegdown\0.34.30\flexmark-profile-pegdown-0.34.30.jar;C:\Users\Bagas Dwi Saputra\.m2\repository\com\vladsch\flexmark\flexmark-util\0.34.30\flexmark-util-0.34.30.jar;C:\Users\Bagas Dwi Saputra\.m2\repository\com\vladsch\flexmark\flexmark-youtrack-converter\0.34.30\flexmark-youtrack-converter-0.34.30.jar;C:\Users\Bagas Dwi Saputra\.m2\repository\es\nitaur\markdown\txtmark\0.16\txtmark-0.16.jar;C:\Users\Bagas Dwi Saputra\.m2\repository\net\serenity-bdd\serenity-report-resources\3.2.5\serenity-report-resources-3.2.5.jar;C:\Users\Bagas Dwi Saputra\.m2\repository\com\google\code\gson\gson\2.9.0\gson-2.9.0.jar;C:\Users\Bagas Dwi Saputra\.m2\repository\com\fasterxml\jackson\core\jackson-core\2.13.2\jackson-core-2.13.2.jar;C:\Users\Bagas Dwi Saputra\.m2\repository\com\fasterxml\jackson\core\jackson-databind\2.13.2\jackson-databind-2.13.2.jar;C:\Users\Bagas Dwi Saputra\.m2\repository\com\fasterxml\jackson\core\jackson-annotations\2.13.2\jackson-annotations-2.13.2.jar;C:\Users\Bagas Dwi Saputra\.m2\repository\commons-codec\commons-codec\1.15\commons-codec-1.15.jar;C:\Users\Bagas Dwi Saputra\.m2\repository\commons-io\commons-io\2.11.0\commons-io-2.11.0.jar;C:\Users\Bagas Dwi Saputra\.m2\repository\org\seleniumhq\selenium\selenium-java\4.1.4\selenium-java-4.1.4.jar;C:\Users\Bagas Dwi Saputra\.m2\repository\org\seleniumhq\selenium\selenium-devtools-v100\4.1.4\selenium-devtools-v100-4.1.4.jar;C:\Users\Bagas Dwi Saputra\.m2\repository\org\seleniumhq\selenium\selenium-devtools-v101\4.1.4\selenium-devtools-v101-4.1.4.jar;C:\Users\Bagas Dwi Saputra\.m2\repository\org\seleniumhq\selenium\selenium-devtools-v85\4.1.4\selenium-devtools-v85-4.1.4.jar;C:\Users\Bagas Dwi Saputra\.m2\repository\org\seleniumhq\selenium\selenium-devtools-v99\4.1.4\selenium-devtools-v99-4.1.4.jar;C:\Users\Bagas Dwi Saputra\.m2\repository\org\seleniumhq\selenium\selenium-opera-driver\4.1.4\selenium-opera-driver-4.1.4.jar;C:\Users\Bagas Dwi Saputra\.m2\repository\org\seleniumhq\selenium\selenium-remote-driver\4.1.4\selenium-remote-driver-4.1.4.jar;C:\Users\Bagas Dwi Saputra\.m2\repository\com\beust\jcommander\1.82\jcommander-1.82.jar;C:\Users\Bagas Dwi Saputra\.m2\repository\io\netty\netty-buffer\4.1.76.Final\netty-buffer-4.1.76.Final.jar;C:\Users\Bagas Dwi Saputra\.m2\repository\io\netty\netty-codec-http\4.1.76.Final\netty-codec-http-4.1.76.Final.jar;C:\Users\Bagas Dwi Saputra\.m2\repository\io\netty\netty-codec\4.1.76.Final\netty-codec-4.1.76.Final.jar;C:\Users\Bagas Dwi Saputra\.m2\repository\io\netty\netty-handler\4.1.76.Final\netty-handler-4.1.76.Final.jar;C:\Users\Bagas Dwi Saputra\.m2\repository\io\netty\netty-common\4.1.76.Final\netty-common-4.1.76.Final.jar;C:\Users\Bagas Dwi Saputra\.m2\repository\io\netty\netty-transport-classes-epoll\4.1.76.Final\netty-transport-classes-epoll-4.1.76.Final.jar;C:\Users\Bagas Dwi Saputra\.m2\repository\io\netty\netty-transport-classes-kqueue\4.1.76.Final\netty-transport-classes-kqueue-4.1.76.Final.jar;C:\Users\Bagas Dwi Saputra\.m2\repository\io\netty\netty-transport-native-epoll\4.1.76.Final\netty-transport-native-epoll-4.1.76.Final.jar;C:\Users\Bagas Dwi Saputra\.m2\repository\io\netty\netty-transport-native-kqueue\4.1.76.Final\netty-transport-native-kqueue-4.1.76.Final.jar;C:\Users\Bagas Dwi Saputra\.m2\repository\io\netty\netty-transport-native-unix-common\4.1.76.Final\netty-transport-native-unix-common-4.1.76.Final.jar;C:\Users\Bagas Dwi Saputra\.m2\repository\io\netty\netty-transport\4.1.76.Final\netty-transport-4.1.76.Final.jar;C:\Users\Bagas Dwi Saputra\.m2\repository\io\netty\netty-resolver\4.1.76.Final\netty-resolver-4.1.76.Final.jar;C:\Users\Bagas Dwi Saputra\.m2\repository\io\opentelemetry\opentelemetry-api\1.13.0\opentelemetry-api-1.13.0.jar;C:\Users\Bagas Dwi Saputra\.m2\repository\io\opentelemetry\opentelemetry-context\1.13.0\opentelemetry-context-1.13.0.jar;C:\Users\Bagas Dwi Saputra\.m2\repository\io\opentelemetry\opentelemetry-exporter-logging\1.13.0\opentelemetry-exporter-logging-1.13.0.jar;C:\Users\Bagas Dwi Saputra\.m2\repository\io\opentelemetry\opentelemetry-sdk-metrics\1.13.0-alpha\opentelemetry-sdk-metrics-1.13.0-alpha.jar;C:\Users\Bagas Dwi Saputra\.m2\repository\io\opentelemetry\opentelemetry-sdk-logs\1.13.0-alpha\opentelemetry-sdk-logs-1.13.0-alpha.jar;C:\Users\Bagas Dwi Saputra\.m2\repository\io\opentelemetry\opentelemetry-sdk-common\1.13.0\opentelemetry-sdk-common-1.13.0.jar;C:\Users\Bagas Dwi Saputra\.m2\repository\io\opentelemetry\opentelemetry-sdk-extension-autoconfigure-spi\1.13.0\opentelemetry-sdk-extension-autoconfigure-spi-1.13.0.jar;C:\Users\Bagas Dwi Saputra\.m2\repository\io\opentelemetry\opentelemetry-sdk-extension-autoconfigure\1.13.0-alpha\opentelemetry-sdk-extension-autoconfigure-1.13.0-alpha.jar;C:\Users\Bagas Dwi Saputra\.m2\repository\io\opentelemetry\opentelemetry-sdk-trace\1.13.0\opentelemetry-sdk-trace-1.13.0.jar;C:\Users\Bagas Dwi Saputra\.m2\repository\io\opentelemetry\opentelemetry-sdk\1.13.0\opentelemetry-sdk-1.13.0.jar;C:\Users\Bagas Dwi Saputra\.m2\repository\io\opentelemetry\opentelemetry-semconv\1.13.0-alpha\opentelemetry-semconv-1.13.0-alpha.jar;C:\Users\Bagas Dwi Saputra\.m2\repository\io\ous\jtoml\2.0.0\jtoml-2.0.0.jar;C:\Users\Bagas Dwi Saputra\.m2\repository\org\apache\commons\commons-exec\1.3\commons-exec-1.3.jar;C:\Users\Bagas Dwi Saputra\.m2\repository\org\asynchttpclient\async-http-client\2.12.3\async-http-client-2.12.3.jar;C:\Users\Bagas Dwi Saputra\.m2\repository\org\asynchttpclient\async-http-client-netty-utils\2.12.3\async-http-client-netty-utils-2.12.3.jar;C:\Users\Bagas Dwi Saputra\.m2\repository\io\netty\netty-codec-socks\4.1.60.Final\netty-codec-socks-4.1.60.Final.jar;C:\Users\Bagas Dwi Saputra\.m2\repository\io\netty\netty-handler-proxy\4.1.60.Final\netty-handler-proxy-4.1.60.Final.jar;C:\Users\Bagas Dwi Saputra\.m2\repository\io\netty\netty-transport-native-epoll\4.1.60.Final\netty-transport-native-epoll-4.1.60.Final-linux-x86_64.jar;C:\Users\Bagas Dwi Saputra\.m2\repository\io\netty\netty-transport-native-kqueue\4.1.60.Final\netty-transport-native-kqueue-4.1.60.Final-osx-x86_64.jar;C:\Users\Bagas Dwi Saputra\.m2\repository\org\reactivestreams\reactive-streams\1.0.3\reactive-streams-1.0.3.jar;C:\Users\Bagas Dwi Saputra\.m2\repository\com\typesafe\netty\netty-reactive-streams\2.0.4\netty-reactive-streams-2.0.4.jar;C:\Users\Bagas Dwi Saputra\.m2\repository\org\seleniumhq\selenium\selenium-http\4.1.4\selenium-http-4.1.4.jar;C:\Users\Bagas Dwi Saputra\.m2\repository\dev\failsafe\failsafe\3.2.3\failsafe-3.2.3.jar;C:\Users\Bagas Dwi Saputra\.m2\repository\org\seleniumhq\selenium\selenium-safari-driver\4.1.4\selenium-safari-driver-4.1.4.jar;C:\Users\Bagas Dwi Saputra\.m2\repository\org\seleniumhq\selenium\selenium-api\4.1.4\selenium-api-4.1.4.jar;C:\Users\Bagas Dwi Saputra\.m2\repository\org\seleniumhq\selenium\selenium-support\4.1.4\selenium-support-4.1.4.jar;C:\Users\Bagas Dwi Saputra\.m2\repository\com\google\auto\service\auto-service-annotations\1.0.1\auto-service-annotations-1.0.1.jar;C:\Users\Bagas Dwi Saputra\.m2\repository\com\google\auto\service\auto-service\1.0.1\auto-service-1.0.1.jar;C:\Users\Bagas Dwi Saputra\.m2\repository\com\google\auto\auto-common\1.2\auto-common-1.2.jar;C:\Users\Bagas Dwi Saputra\.m2\repository\org\seleniumhq\selenium\selenium-json\4.1.4\selenium-json-4.1.4.jar;C:\Users\Bagas Dwi Saputra\.m2\repository\org\seleniumhq\selenium\selenium-chrome-driver\4.1.4\selenium-chrome-driver-4.1.4.jar;C:\Users\Bagas Dwi Saputra\.m2\repository\org\seleniumhq\selenium\selenium-chromium-driver\4.1.4\selenium-chromium-driver-4.1.4.jar;C:\Users\Bagas Dwi Saputra\.m2\repository\org\seleniumhq\selenium\selenium-firefox-driver\4.1.4\selenium-firefox-driver-4.1.4.jar;C:\Users\Bagas Dwi Saputra\.m2\repository\org\seleniumhq\selenium\selenium-edge-driver\4.1.4\selenium-edge-driver-4.1.4.jar;C:\Users\Bagas Dwi Saputra\.m2\repository\org\seleniumhq\selenium\selenium-ie-driver\4.1.4\selenium-ie-driver-4.1.4.jar;C:\Users\Bagas Dwi Saputra\.m2\repository\org\projectlombok\lombok\1.18.20\lombok-1.18.20.jar;C:\Users\Bagas Dwi Saputra\.m2\repository\io\appium\java-client\8.0.0\java-client-8.0.0.jar;C:\Users\Bagas Dwi Saputra\.m2\repository\commons-validator\commons-validator\1.7\commons-validator-1.7.jar;C:\Users\Bagas Dwi Saputra\.m2\repository\commons-digester\commons-digester\2.1\commons-digester-2.1.jar;C:\Users\Bagas Dwi Saputra\.m2\repository\org\aspectj\aspectjweaver\1.9.8\aspectjweaver-1.9.8.jar;C:\Users\Bagas Dwi Saputra\.m2\repository\org\apache\groovy\groovy\4.0.1\groovy-4.0.1.jar;C:\Users\Bagas Dwi Saputra\.m2\repository\net\sf\opencsv\opencsv\2.0\opencsv-2.0.jar;C:\Users\Bagas Dwi Saputra\.m2\repository\commons-beanutils\commons-beanutils\1.9.4\commons-beanutils-1.9.4.jar;C:\Users\Bagas Dwi Saputra\.m2\repository\commons-collections\commons-collections\3.2.2\commons-collections-3.2.2.jar;C:\Users\Bagas Dwi Saputra\.m2\repository\org\fluentlenium\fluentlenium-core\0.10.2\fluentlenium-core-0.10.2.jar;C:\Users\Bagas Dwi Saputra\.m2\repository\io\github\bonigarcia\webdrivermanager\5.1.0\webdrivermanager-5.1.0.jar;C:\Users\Bagas Dwi Saputra\.m2\repository\com\github\docker-java\docker-java\3.2.13\docker-java-3.2.13.jar;C:\Users\Bagas Dwi Saputra\.m2\repository\com\github\docker-java\docker-java-core\3.2.13\docker-java-core-3.2.13.jar;C:\Users\Bagas Dwi Saputra\.m2\repository\com\github\docker-java\docker-java-api\3.2.13\docker-java-api-3.2.13.jar;C:\Users\Bagas Dwi Saputra\.m2\repository\org\apache\commons\commons-compress\1.21\commons-compress-1.21.jar;C:\Users\Bagas Dwi Saputra\.m2\repository\org\bouncycastle\bcpkix-jdk15on\1.64\bcpkix-jdk15on-1.64.jar;C:\Users\Bagas Dwi Saputra\.m2\repository\org\bouncycastle\bcprov-jdk15on\1.64\bcprov-jdk15on-1.64.jar;C:\Users\Bagas Dwi Saputra\.m2\repository\org\slf4j\jcl-over-slf4j\1.7.30\jcl-over-slf4j-1.7.30.jar;C:\Users\Bagas Dwi Saputra\.m2\repository\com\github\docker-java\docker-java-transport-httpclient5\3.2.13\docker-java-transport-httpclient5-3.2.13.jar;C:\Users\Bagas Dwi Saputra\.m2\repository\com\github\docker-java\docker-java-transport\3.2.13\docker-java-transport-3.2.13.jar;C:\Users\Bagas Dwi Saputra\.m2\repository\org\apache\httpcomponents\client5\httpclient5\5.0.3\httpclient5-5.0.3.jar;C:\Users\Bagas Dwi Saputra\.m2\repository\org\apache\httpcomponents\core5\httpcore5\5.0.2\httpcore5-5.0.2.jar;C:\Users\Bagas Dwi Saputra\.m2\repository\net\java\dev\jna\jna\5.8.0\jna-5.8.0.jar;C:\Users\Bagas Dwi Saputra\.m2\repository\org\brotli\dec\0.1.2\dec-0.1.2.jar;C:\Users\Bagas Dwi Saputra\.m2\repository\com\jhlabs\filters\2.0.235\filters-2.0.235.jar;C:\Users\Bagas Dwi Saputra\.m2\repository\com\paulhammant\ngwebdriver\1.1.6\ngwebdriver-1.1.6.jar;C:\Users\Bagas Dwi Saputra\.m2\repository\joda-time\joda-time\2.8.2\joda-time-2.8.2.jar;C:\Users\Bagas Dwi Saputra\.m2\repository\com\google\jimfs\jimfs\1.2\jimfs-1.2.jar;C:\Users\Bagas Dwi Saputra\.m2\repository\org\mockito\mockito-core\3.3.3\mockito-core-3.3.3.jar;C:\Users\Bagas Dwi Saputra\.m2\repository\javax\xml\bind\jaxb-api\2.3.1\jaxb-api-2.3.1.jar;C:\Users\Bagas Dwi Saputra\.m2\repository\javax\activation\javax.activation-api\1.2.0\javax.activation-api-1.2.0.jar;C:\Users\Bagas Dwi Saputra\.m2\repository\com\sun\xml\bind\jaxb-core\2.3.0.1\jaxb-core-2.3.0.1.jar;C:\Users\Bagas Dwi Saputra\.m2\repository\com\sun\xml\bind\jaxb-impl\2.3.3\jaxb-impl-2.3.3.jar;C:\Users\Bagas Dwi Saputra\.m2\repository\jakarta\xml\bind\jakarta.xml.bind-api\2.3.3\jakarta.xml.bind-api-2.3.3.jar;C:\Users\Bagas Dwi Saputra\.m2\repository\com\sun\activation\jakarta.activation\1.2.2\jakarta.activation-1.2.2.jar;C:\Users\Bagas Dwi Saputra\.m2\repository\javax\activation\activation\1.1.1\activation-1.1.1.jar;"/>
    <property name="java.vm.vendor" value="OpenLogic"/>
    <property name="sun.arch.data.model" value="64"/>
    <property name="user.variant" value=""/>
    <property name="java.vendor.url" value="https://openlogic.com/"/>
    <property name="user.timezone" value="Asia/Bangkok"/>
    <property name="log4j2.formatMsgNoLookups" value="true"/>
    <property name="java.vm.specification.version" value="11"/>
    <property name="os.name" value="Windows 11"/>
    <property name="sun.java.launcher" value="SUN_STANDARD"/>
    <property name="user.country" value="ID"/>
    <property name="sun.boot.library.path" value="C:\Program Files\jdk\jdk-11.0.15\bin"/>
    <property name="sun.java.command" value="org.apache.maven.surefire.booter.ForkedBooter C:\Users\Bagas Dwi Saputra\AppData\Local\Temp\surefire4407963490725406850 2022-07-17T20-22-58_927-jvmRun1 surefire13358795565607007709tmp surefire_015682695750767884122tmp"/>
    <property name="jdk.debug" value="release"/>
    <property name="surefire.test.class.path" value="C:\Alterra\CapstoneBaru\QE\TestingWebUpdate\target\test-classes;C:\Users\Bagas Dwi Saputra\.m2\repository\net\serenity-bdd\serenity-cucumber\3.2.1\serenity-cucumber-3.2.1.jar;C:\Users\Bagas Dwi Saputra\.m2\repository\net\serenity-bdd\serenity-model\3.2.1\serenity-model-3.2.1.jar;C:\Users\Bagas Dwi Saputra\.m2\repository\org\apache\commons\commons-text\1.9\commons-text-1.9.jar;C:\Users\Bagas Dwi Saputra\.m2\repository\commons-net\commons-net\3.8.0\commons-net-3.8.0.jar;C:\Users\Bagas Dwi Saputra\.m2\repository\com\google\guava\guava\31.1-jre\guava-31.1-jre.jar;C:\Users\Bagas Dwi Saputra\.m2\repository\com\google\guava\failureaccess\1.0.1\failureaccess-1.0.1.jar;C:\Users\Bagas Dwi Saputra\.m2\repository\com\google\guava\listenablefuture\9999.0-empty-to-avoid-conflict-with-guava\listenablefuture-9999.0-empty-to-avoid-conflict-with-guava.jar;C:\Users\Bagas Dwi Saputra\.m2\repository\com\google\code\findbugs\jsr305\3.0.2\jsr305-3.0.2.jar;C:\Users\Bagas Dwi Saputra\.m2\repository\org\checkerframework\checker-qual\3.12.0\checker-qual-3.12.0.jar;C:\Users\Bagas Dwi Saputra\.m2\repository\com\google\errorprone\error_prone_annotations\2.11.0\error_prone_annotations-2.11.0.jar;C:\Users\Bagas Dwi Saputra\.m2\repository\com\google\j2objc\j2objc-annotations\1.3\j2objc-annotations-1.3.jar;C:\Users\Bagas Dwi Saputra\.m2\repository\com\google\inject\guice\5.1.0\guice-5.1.0.jar;C:\Users\Bagas Dwi Saputra\.m2\repository\javax\inject\javax.inject\1\javax.inject-1.jar;C:\Users\Bagas Dwi Saputra\.m2\repository\aopalliance\aopalliance\1.0\aopalliance-1.0.jar;C:\Users\Bagas Dwi Saputra\.m2\repository\org\jsoup\jsoup\1.14.3\jsoup-1.14.3.jar;C:\Users\Bagas Dwi Saputra\.m2\repository\com\thoughtworks\xstream\xstream\1.4.19\xstream-1.4.19.jar;C:\Users\Bagas Dwi Saputra\.m2\repository\io\github\x-stream\mxparser\1.2.2\mxparser-1.2.2.jar;C:\Users\Bagas Dwi Saputra\.m2\repository\xmlpull\xmlpull\1.1.3.1\xmlpull-1.1.3.1.jar;C:\Users\Bagas Dwi Saputra\.m2\repository\com\typesafe\config\1.4.2\config-1.4.2.jar;C:\Users\Bagas Dwi Saputra\.m2\repository\org\imgscalr\imgscalr-lib\4.2\imgscalr-lib-4.2.jar;C:\Users\Bagas Dwi Saputra\.m2\repository\org\awaitility\awaitility\4.2.0\awaitility-4.2.0.jar;C:\Users\Bagas Dwi Saputra\.m2\repository\org\freemarker\freemarker\2.3.31\freemarker-2.3.31.jar;C:\Users\Bagas Dwi Saputra\.m2\repository\io\github\classgraph\classgraph\4.8.138\classgraph-4.8.138.jar;C:\Users\Bagas Dwi Saputra\.m2\repository\net\sourceforge\jexcelapi\jxl\2.6.12\jxl-2.6.12.jar;C:\Users\Bagas Dwi Saputra\.m2\repository\net\bytebuddy\byte-buddy\1.12.8\byte-buddy-1.12.8.jar;C:\Users\Bagas Dwi Saputra\.m2\repository\net\bytebuddy\byte-buddy-agent\1.12.8\byte-buddy-agent-1.12.8.jar;C:\Users\Bagas Dwi Saputra\.m2\repository\org\objenesis\objenesis\3.1\objenesis-3.1.jar;C:\Users\Bagas Dwi Saputra\.m2\repository\io\cucumber\cucumber-core\7.2.3\cucumber-core-7.2.3.jar;C:\Users\Bagas Dwi Saputra\.m2\repository\io\cucumber\cucumber-gherkin\7.2.3\cucumber-gherkin-7.2.3.jar;C:\Users\Bagas Dwi Saputra\.m2\repository\io\cucumber\cucumber-gherkin-messages\7.2.3\cucumber-gherkin-messages-7.2.3.jar;C:\Users\Bagas Dwi Saputra\.m2\repository\io\cucumber\messages\17.1.1\messages-17.1.1.jar;C:\Users\Bagas Dwi Saputra\.m2\repository\io\cucumber\tag-expressions\4.1.0\tag-expressions-4.1.0.jar;C:\Users\Bagas Dwi Saputra\.m2\repository\io\cucumber\cucumber-expressions\15.0.1\cucumber-expressions-15.0.1.jar;C:\Users\Bagas Dwi Saputra\.m2\repository\io\cucumber\datatable\7.2.3\datatable-7.2.3.jar;C:\Users\Bagas Dwi Saputra\.m2\repository\io\cucumber\cucumber-plugin\7.2.3\cucumber-plugin-7.2.3.jar;C:\Users\Bagas Dwi Saputra\.m2\repository\io\cucumber\docstring\7.2.3\docstring-7.2.3.jar;C:\Users\Bagas Dwi Saputra\.m2\repository\io\cucumber\html-formatter\17.0.0\html-formatter-17.0.0.jar;C:\Users\Bagas Dwi Saputra\.m2\repository\io\cucumber\ci-environment\8.1.0\ci-environment-8.1.0.jar;C:\Users\Bagas Dwi Saputra\.m2\repository\io\cucumber\cucumber-junit\7.2.3\cucumber-junit-7.2.3.jar;C:\Users\Bagas Dwi Saputra\.m2\repository\org\apache\commons\commons-csv\1.5\commons-csv-1.5.jar;C:\Users\Bagas Dwi Saputra\.m2\repository\net\serenity-bdd\serenity-screenplay\3.2.1\serenity-screenplay-3.2.1.jar;C:\Users\Bagas Dwi Saputra\.m2\repository\net\serenity-bdd\serenity-screenplay-webdriver\3.2.1\serenity-screenplay-webdriver-3.2.1.jar;C:\Users\Bagas Dwi Saputra\.m2\repository\net\serenity-bdd\serenity-ensure\3.2.1\serenity-ensure-3.2.1.jar;C:\Users\Bagas Dwi Saputra\.m2\repository\net\serenity-bdd\serenity-junit\3.2.1\serenity-junit-3.2.1.jar;C:\Users\Bagas Dwi Saputra\.m2\repository\org\jetbrains\kotlin\kotlin-stdlib\1.6.0\kotlin-stdlib-1.6.0.jar;C:\Users\Bagas Dwi Saputra\.m2\repository\org\jetbrains\annotations\13.0\annotations-13.0.jar;C:\Users\Bagas Dwi Saputra\.m2\repository\org\jetbrains\kotlin\kotlin-stdlib-common\1.6.0\kotlin-stdlib-common-1.6.0.jar;C:\Users\Bagas Dwi Saputra\.m2\repository\org\junit\platform\junit-platform-launcher\1.8.2\junit-platform-launcher-1.8.2.jar;C:\Users\Bagas Dwi Saputra\.m2\repository\org\junit\platform\junit-platform-engine\1.8.2\junit-platform-engine-1.8.2.jar;C:\Users\Bagas Dwi Saputra\.m2\repository\org\junit\platform\junit-platform-commons\1.8.2\junit-platform-commons-1.8.2.jar;C:\Users\Bagas Dwi Saputra\.m2\repository\org\apiguardian\apiguardian-api\1.1.2\apiguardian-api-1.1.2.jar;C:\Users\Bagas Dwi Saputra\.m2\repository\org\junit\jupiter\junit-jupiter-engine\5.8.2\junit-jupiter-engine-5.8.2.jar;C:\Users\Bagas Dwi Saputra\.m2\repository\org\junit\jupiter\junit-jupiter-api\5.8.2\junit-jupiter-api-5.8.2.jar;C:\Users\Bagas Dwi Saputra\.m2\repository\org\junit\vintage\junit-vintage-engine\5.8.2\junit-vintage-engine-5.8.2.jar;C:\Users\Bagas Dwi Saputra\.m2\repository\junit\junit\4.13.2\junit-4.13.2.jar;C:\Users\Bagas Dwi Saputra\.m2\repository\org\hamcrest\hamcrest-core\1.3\hamcrest-core-1.3.jar;C:\Users\Bagas Dwi Saputra\.m2\repository\ch\qos\logback\logback-classic\1.2.11\logback-classic-1.2.11.jar;C:\Users\Bagas Dwi Saputra\.m2\repository\ch\qos\logback\logback-core\1.2.11\logback-core-1.2.11.jar;C:\Users\Bagas Dwi Saputra\.m2\repository\org\slf4j\slf4j-api\1.7.32\slf4j-api-1.7.32.jar;C:\Users\Bagas Dwi Saputra\.m2\repository\org\assertj\assertj-core\3.22.0\assertj-core-3.22.0.jar;C:\Users\Bagas Dwi Saputra\.m2\repository\net\serenity-bdd\serenity-rest-assured\3.2.1\serenity-rest-assured-3.2.1.jar;C:\Users\Bagas Dwi Saputra\.m2\repository\org\apache\httpcomponents\httpclient\4.5.13\httpclient-4.5.13.jar;C:\Users\Bagas Dwi Saputra\.m2\repository\org\apache\httpcomponents\httpcore\4.4.13\httpcore-4.4.13.jar;C:\Users\Bagas Dwi Saputra\.m2\repository\commons-logging\commons-logging\1.2\commons-logging-1.2.jar;C:\Users\Bagas Dwi Saputra\.m2\repository\org\codehaus\groovy\groovy-json\3.0.10\groovy-json-3.0.10.jar;C:\Users\Bagas Dwi Saputra\.m2\repository\org\opentest4j\opentest4j\1.2.0\opentest4j-1.2.0.jar;C:\Users\Bagas Dwi Saputra\.m2\repository\org\apache\maven\plugins\maven-surefire-plugin\3.0.0-M5\maven-surefire-plugin-3.0.0-M5.jar;C:\Users\Bagas Dwi Saputra\.m2\repository\org\apache\maven\surefire\maven-surefire-common\3.0.0-M5\maven-surefire-common-3.0.0-M5.jar;C:\Users\Bagas Dwi Saputra\.m2\repository\org\apache\maven\surefire\surefire-api\3.0.0-M5\surefire-api-3.0.0-M5.jar;C:\Users\Bagas Dwi Saputra\.m2\repository\org\apache\maven\surefire\surefire-logger-api\3.0.0-M5\surefire-logger-api-3.0.0-M5.jar;C:\Users\Bagas Dwi Saputra\.m2\repository\org\apache\maven\surefire\surefire-extensions-api\3.0.0-M5\surefire-extensions-api-3.0.0-M5.jar;C:\Users\Bagas Dwi Saputra\.m2\repository\org\apache\maven\surefire\surefire-booter\3.0.0-M5\surefire-booter-3.0.0-M5.jar;C:\Users\Bagas Dwi Saputra\.m2\repository\org\apache\maven\surefire\surefire-extensions-spi\3.0.0-M5\surefire-extensions-spi-3.0.0-M5.jar;C:\Users\Bagas Dwi Saputra\.m2\repository\org\apache\maven\maven-toolchain\3.0-alpha-2\maven-toolchain-3.0-alpha-2.jar;C:\Users\Bagas Dwi Saputra\.m2\repository\org\apache\maven\shared\maven-artifact-transfer\0.11.0\maven-artifact-transfer-0.11.0.jar;C:\Users\Bagas Dwi Saputra\.m2\repository\org\apache\maven\shared\maven-common-artifact-filters\3.0.1\maven-common-artifact-filters-3.0.1.jar;C:\Users\Bagas Dwi Saputra\.m2\repository\org\apache\maven\maven-model\3.0\maven-model-3.0.jar;C:\Users\Bagas Dwi Saputra\.m2\repository\org\apache\maven\maven-plugin-api\3.0\maven-plugin-api-3.0.jar;C:\Users\Bagas Dwi Saputra\.m2\repository\org\sonatype\sisu\sisu-inject-plexus\1.4.2\sisu-inject-plexus-1.4.2.jar;C:\Users\Bagas Dwi Saputra\.m2\repository\org\codehaus\plexus\plexus-classworlds\2.2.3\plexus-classworlds-2.2.3.jar;C:\Users\Bagas Dwi Saputra\.m2\repository\org\sonatype\sisu\sisu-inject-bean\1.4.2\sisu-inject-bean-1.4.2.jar;C:\Users\Bagas Dwi Saputra\.m2\repository\org\sonatype\sisu\sisu-guice\2.1.7\sisu-guice-2.1.7-noaop.jar;C:\Users\Bagas Dwi Saputra\.m2\repository\org\apache\maven\shared\maven-shared-utils\3.1.0\maven-shared-utils-3.1.0.jar;C:\Users\Bagas Dwi Saputra\.m2\repository\org\codehaus\plexus\plexus-java\1.0.5\plexus-java-1.0.5.jar;C:\Users\Bagas Dwi Saputra\.m2\repository\org\ow2\asm\asm\7.2\asm-7.2.jar;C:\Users\Bagas Dwi Saputra\.m2\repository\com\thoughtworks\qdox\qdox\2.0-M9\qdox-2.0-M9.jar;C:\Users\Bagas Dwi Saputra\.m2\repository\org\apache\maven\surefire\surefire-shared-utils\3.0.0-M4\surefire-shared-utils-3.0.0-M4.jar;C:\Users\Bagas Dwi Saputra\.m2\repository\io\rest-assured\rest-assured\4.5.1\rest-assured-4.5.1.jar;C:\Users\Bagas Dwi Saputra\.m2\repository\org\apache\httpcomponents\httpmime\4.5.13\httpmime-4.5.13.jar;C:\Users\Bagas Dwi Saputra\.m2\repository\org\hamcrest\hamcrest\2.1\hamcrest-2.1.jar;C:\Users\Bagas Dwi Saputra\.m2\repository\org\ccil\cowan\tagsoup\tagsoup\1.2.1\tagsoup-1.2.1.jar;C:\Users\Bagas Dwi Saputra\.m2\repository\io\rest-assured\json-path\4.5.1\json-path-4.5.1.jar;C:\Users\Bagas Dwi Saputra\.m2\repository\io\rest-assured\rest-assured-common\4.5.1\rest-assured-common-4.5.1.jar;C:\Users\Bagas Dwi Saputra\.m2\repository\io\rest-assured\xml-path\4.5.1\xml-path-4.5.1.jar;C:\Users\Bagas Dwi Saputra\.m2\repository\org\apache\commons\commons-lang3\3.11\commons-lang3-3.11.jar;C:\Users\Bagas Dwi Saputra\.m2\repository\org\codehaus\groovy\groovy\3.0.10\groovy-3.0.10.jar;C:\Users\Bagas Dwi Saputra\.m2\repository\org\codehaus\groovy\groovy-xml\3.0.10\groovy-xml-3.0.10.jar;C:\Users\Bagas Dwi Saputra\.m2\repository\com\googlecode\json-simple\json-simple\1.1.1\json-simple-1.1.1.jar;C:\Users\Bagas Dwi Saputra\.m2\repository\com\github\javafaker\javafaker\1.0.2\javafaker-1.0.2.jar;C:\Users\Bagas Dwi Saputra\.m2\repository\org\yaml\snakeyaml\1.23\snakeyaml-1.23-android.jar;C:\Users\Bagas Dwi Saputra\.m2\repository\com\github\mifmif\generex\1.0.2\generex-1.0.2.jar;C:\Users\Bagas Dwi Saputra\.m2\repository\dk\brics\automaton\automaton\1.11-8\automaton-1.11-8.jar;C:\Users\Bagas Dwi Saputra\.m2\repository\io\cucumber\cucumber-java\7.2.3\cucumber-java-7.2.3.jar;C:\Users\Bagas Dwi Saputra\.m2\repository\net\serenity-bdd\serenity-core\3.2.5\serenity-core-3.2.5.jar;C:\Users\Bagas Dwi Saputra\.m2\repository\net\serenity-bdd\serenity-reports\3.2.5\serenity-reports-3.2.5.jar;C:\Users\Bagas Dwi Saputra\.m2\repository\net\serenity-bdd\serenity-stats\3.2.5\serenity-stats-3.2.5.jar;C:\Users\Bagas Dwi Saputra\.m2\repository\net\serenity-bdd\serenity-reports-configuration\3.2.5\serenity-reports-configuration-3.2.5.jar;C:\Users\Bagas Dwi Saputra\.m2\repository\com\vladsch\flexmark\flexmark-all\0.34.30\flexmark-all-0.34.30.jar;C:\Users\Bagas Dwi Saputra\.m2\repository\com\vladsch\flexmark\flexmark\0.34.30\flexmark-0.34.30.jar;C:\Users\Bagas Dwi Saputra\.m2\repository\com\vladsch\flexmark\flexmark-ext-abbreviation\0.34.30\flexmark-ext-abbreviation-0.34.30.jar;C:\Users\Bagas Dwi Saputra\.m2\repository\com\vladsch\flexmark\flexmark-ext-admonition\0.34.30\flexmark-ext-admonition-0.34.30.jar;C:\Users\Bagas Dwi Saputra\.m2\repository\com\vladsch\flexmark\flexmark-ext-anchorlink\0.34.30\flexmark-ext-anchorlink-0.34.30.jar;C:\Users\Bagas Dwi Saputra\.m2\repository\com\vladsch\flexmark\flexmark-ext-aside\0.34.30\flexmark-ext-aside-0.34.30.jar;C:\Users\Bagas Dwi Saputra\.m2\repository\com\vladsch\flexmark\flexmark-ext-attributes\0.34.30\flexmark-ext-attributes-0.34.30.jar;C:\Users\Bagas Dwi Saputra\.m2\repository\com\vladsch\flexmark\flexmark-ext-autolink\0.34.30\flexmark-ext-autolink-0.34.30.jar;C:\Users\Bagas Dwi Saputra\.m2\repository\org\nibor\autolink\autolink\0.6.0\autolink-0.6.0.jar;C:\Users\Bagas Dwi Saputra\.m2\repository\com\vladsch\flexmark\flexmark-ext-definition\0.34.30\flexmark-ext-definition-0.34.30.jar;C:\Users\Bagas Dwi Saputra\.m2\repository\com\vladsch\flexmark\flexmark-ext-emoji\0.34.30\flexmark-ext-emoji-0.34.30.jar;C:\Users\Bagas Dwi Saputra\.m2\repository\com\vladsch\flexmark\flexmark-ext-enumerated-reference\0.34.30\flexmark-ext-enumerated-reference-0.34.30.jar;C:\Users\Bagas Dwi Saputra\.m2\repository\com\vladsch\flexmark\flexmark-ext-escaped-character\0.34.30\flexmark-ext-escaped-character-0.34.30.jar;C:\Users\Bagas Dwi Saputra\.m2\repository\com\vladsch\flexmark\flexmark-ext-footnotes\0.34.30\flexmark-ext-footnotes-0.34.30.jar;C:\Users\Bagas Dwi Saputra\.m2\repository\com\vladsch\flexmark\flexmark-ext-gfm-issues\0.34.30\flexmark-ext-gfm-issues-0.34.30.jar;C:\Users\Bagas Dwi Saputra\.m2\repository\com\vladsch\flexmark\flexmark-ext-gfm-strikethrough\0.34.30\flexmark-ext-gfm-strikethrough-0.34.30.jar;C:\Users\Bagas Dwi Saputra\.m2\repository\com\vladsch\flexmark\flexmark-ext-gfm-tables\0.34.30\flexmark-ext-gfm-tables-0.34.30.jar;C:\Users\Bagas Dwi Saputra\.m2\repository\com\vladsch\flexmark\flexmark-ext-gfm-tasklist\0.34.30\flexmark-ext-gfm-tasklist-0.34.30.jar;C:\Users\Bagas Dwi Saputra\.m2\repository\com\vladsch\flexmark\flexmark-ext-gfm-users\0.34.30\flexmark-ext-gfm-users-0.34.30.jar;C:\Users\Bagas Dwi Saputra\.m2\repository\com\vladsch\flexmark\flexmark-ext-gitlab\0.34.30\flexmark-ext-gitlab-0.34.30.jar;C:\Users\Bagas Dwi Saputra\.m2\repository\com\vladsch\flexmark\flexmark-ext-jekyll-front-matter\0.34.30\flexmark-ext-jekyll-front-matter-0.34.30.jar;C:\Users\Bagas Dwi Saputra\.m2\repository\com\vladsch\flexmark\flexmark-ext-jekyll-tag\0.34.30\flexmark-ext-jekyll-tag-0.34.30.jar;C:\Users\Bagas Dwi Saputra\.m2\repository\com\vladsch\flexmark\flexmark-ext-media-tags\0.34.30\flexmark-ext-media-tags-0.34.30.jar;C:\Users\Bagas Dwi Saputra\.m2\repository\com\vladsch\flexmark\flexmark-test-util\0.34.30\flexmark-test-util-0.34.30.jar;C:\Users\Bagas Dwi Saputra\.m2\repository\com\vladsch\flexmark\flexmark-ext-ins\0.34.30\flexmark-ext-ins-0.34.30.jar;C:\Users\Bagas Dwi Saputra\.m2\repository\com\vladsch\flexmark\flexmark-ext-xwiki-macros\0.34.30\flexmark-ext-xwiki-macros-0.34.30.jar;C:\Users\Bagas Dwi Saputra\.m2\repository\com\vladsch\flexmark\flexmark-ext-superscript\0.34.30\flexmark-ext-superscript-0.34.30.jar;C:\Users\Bagas Dwi Saputra\.m2\repository\com\vladsch\flexmark\flexmark-ext-tables\0.34.30\flexmark-ext-tables-0.34.30.jar;C:\Users\Bagas Dwi Saputra\.m2\repository\com\vladsch\flexmark\flexmark-ext-toc\0.34.30\flexmark-ext-toc-0.34.30.jar;C:\Users\Bagas Dwi Saputra\.m2\repository\com\vladsch\flexmark\flexmark-ext-typographic\0.34.30\flexmark-ext-typographic-0.34.30.jar;C:\Users\Bagas Dwi Saputra\.m2\repository\com\vladsch\flexmark\flexmark-ext-wikilink\0.34.30\flexmark-ext-wikilink-0.34.30.jar;C:\Users\Bagas Dwi Saputra\.m2\repository\com\vladsch\flexmark\flexmark-ext-yaml-front-matter\0.34.30\flexmark-ext-yaml-front-matter-0.34.30.jar;C:\Users\Bagas Dwi Saputra\.m2\repository\com\vladsch\flexmark\flexmark-ext-youtube-embedded\0.34.30\flexmark-ext-youtube-embedded-0.34.30.jar;C:\Users\Bagas Dwi Saputra\.m2\repository\com\vladsch\flexmark\flexmark-formatter\0.34.30\flexmark-formatter-0.34.30.jar;C:\Users\Bagas Dwi Saputra\.m2\repository\com\vladsch\flexmark\flexmark-html-parser\0.34.30\flexmark-html-parser-0.34.30.jar;C:\Users\Bagas Dwi Saputra\.m2\repository\com\vladsch\flexmark\flexmark-jira-converter\0.34.30\flexmark-jira-converter-0.34.30.jar;C:\Users\Bagas Dwi Saputra\.m2\repository\com\vladsch\flexmark\flexmark-pdf-converter\0.34.30\flexmark-pdf-converter-0.34.30.jar;C:\Users\Bagas Dwi Saputra\.m2\repository\com\openhtmltopdf\openhtmltopdf-core\0.0.1-RC13\openhtmltopdf-core-0.0.1-RC13.jar;C:\Users\Bagas Dwi Saputra\.m2\repository\com\openhtmltopdf\openhtmltopdf-pdfbox\0.0.1-RC13\openhtmltopdf-pdfbox-0.0.1-RC13.jar;C:\Users\Bagas Dwi Saputra\.m2\repository\org\apache\pdfbox\pdfbox\2.0.8\pdfbox-2.0.8.jar;C:\Users\Bagas Dwi Saputra\.m2\repository\org\apache\pdfbox\fontbox\2.0.8\fontbox-2.0.8.jar;C:\Users\Bagas Dwi Saputra\.m2\repository\org\apache\pdfbox\xmpbox\2.0.8\xmpbox-2.0.8.jar;C:\Users\Bagas Dwi Saputra\.m2\repository\de\rototor\pdfbox\graphics2d\0.12\graphics2d-0.12.jar;C:\Users\Bagas Dwi Saputra\.m2\repository\com\openhtmltopdf\openhtmltopdf-rtl-support\0.0.1-RC13\openhtmltopdf-rtl-support-0.0.1-RC13.jar;C:\Users\Bagas Dwi Saputra\.m2\repository\com\ibm\icu\icu4j\59.1\icu4j-59.1.jar;C:\Users\Bagas Dwi Saputra\.m2\repository\com\openhtmltopdf\openhtmltopdf-jsoup-dom-converter\0.0.1-RC13\openhtmltopdf-jsoup-dom-converter-0.0.1-RC13.jar;C:\Users\Bagas Dwi Saputra\.m2\repository\com\vladsch\flexmark\flexmark-profile-pegdown\0.34.30\flexmark-profile-pegdown-0.34.30.jar;C:\Users\Bagas Dwi Saputra\.m2\repository\com\vladsch\flexmark\flexmark-util\0.34.30\flexmark-util-0.34.30.jar;C:\Users\Bagas Dwi Saputra\.m2\repository\com\vladsch\flexmark\flexmark-youtrack-converter\0.34.30\flexmark-youtrack-converter-0.34.30.jar;C:\Users\Bagas Dwi Saputra\.m2\repository\es\nitaur\markdown\txtmark\0.16\txtmark-0.16.jar;C:\Users\Bagas Dwi Saputra\.m2\repository\net\serenity-bdd\serenity-report-resources\3.2.5\serenity-report-resources-3.2.5.jar;C:\Users\Bagas Dwi Saputra\.m2\repository\com\google\code\gson\gson\2.9.0\gson-2.9.0.jar;C:\Users\Bagas Dwi Saputra\.m2\repository\com\fasterxml\jackson\core\jackson-core\2.13.2\jackson-core-2.13.2.jar;C:\Users\Bagas Dwi Saputra\.m2\repository\com\fasterxml\jackson\core\jackson-databind\2.13.2\jackson-databind-2.13.2.jar;C:\Users\Bagas Dwi Saputra\.m2\repository\com\fasterxml\jackson\core\jackson-annotations\2.13.2\jackson-annotations-2.13.2.jar;C:\Users\Bagas Dwi Saputra\.m2\repository\commons-codec\commons-codec\1.15\commons-codec-1.15.jar;C:\Users\Bagas Dwi Saputra\.m2\repository\commons-io\commons-io\2.11.0\commons-io-2.11.0.jar;C:\Users\Bagas Dwi Saputra\.m2\repository\org\seleniumhq\selenium\selenium-java\4.1.4\selenium-java-4.1.4.jar;C:\Users\Bagas Dwi Saputra\.m2\repository\org\seleniumhq\selenium\selenium-devtools-v100\4.1.4\selenium-devtools-v100-4.1.4.jar;C:\Users\Bagas Dwi Saputra\.m2\repository\org\seleniumhq\selenium\selenium-devtools-v101\4.1.4\selenium-devtools-v101-4.1.4.jar;C:\Users\Bagas Dwi Saputra\.m2\repository\org\seleniumhq\selenium\selenium-devtools-v85\4.1.4\selenium-devtools-v85-4.1.4.jar;C:\Users\Bagas Dwi Saputra\.m2\repository\org\seleniumhq\selenium\selenium-devtools-v99\4.1.4\selenium-devtools-v99-4.1.4.jar;C:\Users\Bagas Dwi Saputra\.m2\repository\org\seleniumhq\selenium\selenium-opera-driver\4.1.4\selenium-opera-driver-4.1.4.jar;C:\Users\Bagas Dwi Saputra\.m2\repository\org\seleniumhq\selenium\selenium-remote-driver\4.1.4\selenium-remote-driver-4.1.4.jar;C:\Users\Bagas Dwi Saputra\.m2\repository\com\beust\jcommander\1.82\jcommander-1.82.jar;C:\Users\Bagas Dwi Saputra\.m2\repository\io\netty\netty-buffer\4.1.76.Final\netty-buffer-4.1.76.Final.jar;C:\Users\Bagas Dwi Saputra\.m2\repository\io\netty\netty-codec-http\4.1.76.Final\netty-codec-http-4.1.76.Final.jar;C:\Users\Bagas Dwi Saputra\.m2\repository\io\netty\netty-codec\4.1.76.Final\netty-codec-4.1.76.Final.jar;C:\Users\Bagas Dwi Saputra\.m2\repository\io\netty\netty-handler\4.1.76.Final\netty-handler-4.1.76.Final.jar;C:\Users\Bagas Dwi Saputra\.m2\repository\io\netty\netty-common\4.1.76.Final\netty-common-4.1.76.Final.jar;C:\Users\Bagas Dwi Saputra\.m2\repository\io\netty\netty-transport-classes-epoll\4.1.76.Final\netty-transport-classes-epoll-4.1.76.Final.jar;C:\Users\Bagas Dwi Saputra\.m2\repository\io\netty\netty-transport-classes-kqueue\4.1.76.Final\netty-transport-classes-kqueue-4.1.76.Final.jar;C:\Users\Bagas Dwi Saputra\.m2\repository\io\netty\netty-transport-native-epoll\4.1.76.Final\netty-transport-native-epoll-4.1.76.Final.jar;C:\Users\Bagas Dwi Saputra\.m2\repository\io\netty\netty-transport-native-kqueue\4.1.76.Final\netty-transport-native-kqueue-4.1.76.Final.jar;C:\Users\Bagas Dwi Saputra\.m2\repository\io\netty\netty-transport-native-unix-common\4.1.76.Final\netty-transport-native-unix-common-4.1.76.Final.jar;C:\Users\Bagas Dwi Saputra\.m2\repository\io\netty\netty-transport\4.1.76.Final\netty-transport-4.1.76.Final.jar;C:\Users\Bagas Dwi Saputra\.m2\repository\io\netty\netty-resolver\4.1.76.Final\netty-resolver-4.1.76.Final.jar;C:\Users\Bagas Dwi Saputra\.m2\repository\io\opentelemetry\opentelemetry-api\1.13.0\opentelemetry-api-1.13.0.jar;C:\Users\Bagas Dwi Saputra\.m2\repository\io\opentelemetry\opentelemetry-context\1.13.0\opentelemetry-context-1.13.0.jar;C:\Users\Bagas Dwi Saputra\.m2\repository\io\opentelemetry\opentelemetry-exporter-logging\1.13.0\opentelemetry-exporter-logging-1.13.0.jar;C:\Users\Bagas Dwi Saputra\.m2\repository\io\opentelemetry\opentelemetry-sdk-metrics\1.13.0-alpha\opentelemetry-sdk-metrics-1.13.0-alpha.jar;C:\Users\Bagas Dwi Saputra\.m2\repository\io\opentelemetry\opentelemetry-sdk-logs\1.13.0-alpha\opentelemetry-sdk-logs-1.13.0-alpha.jar;C:\Users\Bagas Dwi Saputra\.m2\repository\io\opentelemetry\opentelemetry-sdk-common\1.13.0\opentelemetry-sdk-common-1.13.0.jar;C:\Users\Bagas Dwi Saputra\.m2\repository\io\opentelemetry\opentelemetry-sdk-extension-autoconfigure-spi\1.13.0\opentelemetry-sdk-extension-autoconfigure-spi-1.13.0.jar;C:\Users\Bagas Dwi Saputra\.m2\repository\io\opentelemetry\opentelemetry-sdk-extension-autoconfigure\1.13.0-alpha\opentelemetry-sdk-extension-autoconfigure-1.13.0-alpha.jar;C:\Users\Bagas Dwi Saputra\.m2\repository\io\opentelemetry\opentelemetry-sdk-trace\1.13.0\opentelemetry-sdk-trace-1.13.0.jar;C:\Users\Bagas Dwi Saputra\.m2\repository\io\opentelemetry\opentelemetry-sdk\1.13.0\opentelemetry-sdk-1.13.0.jar;C:\Users\Bagas Dwi Saputra\.m2\repository\io\opentelemetry\opentelemetry-semconv\1.13.0-alpha\opentelemetry-semconv-1.13.0-alpha.jar;C:\Users\Bagas Dwi Saputra\.m2\repository\io\ous\jtoml\2.0.0\jtoml-2.0.0.jar;C:\Users\Bagas Dwi Saputra\.m2\repository\org\apache\commons\commons-exec\1.3\commons-exec-1.3.jar;C:\Users\Bagas Dwi Saputra\.m2\repository\org\asynchttpclient\async-http-client\2.12.3\async-http-client-2.12.3.jar;C:\Users\Bagas Dwi Saputra\.m2\repository\org\asynchttpclient\async-http-client-netty-utils\2.12.3\async-http-client-netty-utils-2.12.3.jar;C:\Users\Bagas Dwi Saputra\.m2\repository\io\netty\netty-codec-socks\4.1.60.Final\netty-codec-socks-4.1.60.Final.jar;C:\Users\Bagas Dwi Saputra\.m2\repository\io\netty\netty-handler-proxy\4.1.60.Final\netty-handler-proxy-4.1.60.Final.jar;C:\Users\Bagas Dwi Saputra\.m2\repository\io\netty\netty-transport-native-epoll\4.1.60.Final\netty-transport-native-epoll-4.1.60.Final-linux-x86_64.jar;C:\Users\Bagas Dwi Saputra\.m2\repository\io\netty\netty-transport-native-kqueue\4.1.60.Final\netty-transport-native-kqueue-4.1.60.Final-osx-x86_64.jar;C:\Users\Bagas Dwi Saputra\.m2\repository\org\reactivestreams\reactive-streams\1.0.3\reactive-streams-1.0.3.jar;C:\Users\Bagas Dwi Saputra\.m2\repository\com\typesafe\netty\netty-reactive-streams\2.0.4\netty-reactive-streams-2.0.4.jar;C:\Users\Bagas Dwi Saputra\.m2\repository\org\seleniumhq\selenium\selenium-http\4.1.4\selenium-http-4.1.4.jar;C:\Users\Bagas Dwi Saputra\.m2\repository\dev\failsafe\failsafe\3.2.3\failsafe-3.2.3.jar;C:\Users\Bagas Dwi Saputra\.m2\repository\org\seleniumhq\selenium\selenium-safari-driver\4.1.4\selenium-safari-driver-4.1.4.jar;C:\Users\Bagas Dwi Saputra\.m2\repository\org\seleniumhq\selenium\selenium-api\4.1.4\selenium-api-4.1.4.jar;C:\Users\Bagas Dwi Saputra\.m2\repository\org\seleniumhq\selenium\selenium-support\4.1.4\selenium-support-4.1.4.jar;C:\Users\Bagas Dwi Saputra\.m2\repository\com\google\auto\service\auto-service-annotations\1.0.1\auto-service-annotations-1.0.1.jar;C:\Users\Bagas Dwi Saputra\.m2\repository\com\google\auto\service\auto-service\1.0.1\auto-service-1.0.1.jar;C:\Users\Bagas Dwi Saputra\.m2\repository\com\google\auto\auto-common\1.2\auto-common-1.2.jar;C:\Users\Bagas Dwi Saputra\.m2\repository\org\seleniumhq\selenium\selenium-json\4.1.4\selenium-json-4.1.4.jar;C:\Users\Bagas Dwi Saputra\.m2\repository\org\seleniumhq\selenium\selenium-chrome-driver\4.1.4\selenium-chrome-driver-4.1.4.jar;C:\Users\Bagas Dwi Saputra\.m2\repository\org\seleniumhq\selenium\selenium-chromium-driver\4.1.4\selenium-chromium-driver-4.1.4.jar;C:\Users\Bagas Dwi Saputra\.m2\repository\org\seleniumhq\selenium\selenium-firefox-driver\4.1.4\selenium-firefox-driver-4.1.4.jar;C:\Users\Bagas Dwi Saputra\.m2\repository\org\seleniumhq\selenium\selenium-edge-driver\4.1.4\selenium-edge-driver-4.1.4.jar;C:\Users\Bagas Dwi Saputra\.m2\repository\org\seleniumhq\selenium\selenium-ie-driver\4.1.4\selenium-ie-driver-4.1.4.jar;C:\Users\Bagas Dwi Saputra\.m2\repository\org\projectlombok\lombok\1.18.20\lombok-1.18.20.jar;C:\Users\Bagas Dwi Saputra\.m2\repository\io\appium\java-client\8.0.0\java-client-8.0.0.jar;C:\Users\Bagas Dwi Saputra\.m2\repository\commons-validator\commons-validator\1.7\commons-validator-1.7.jar;C:\Users\Bagas Dwi Saputra\.m2\repository\commons-digester\commons-digester\2.1\commons-digester-2.1.jar;C:\Users\Bagas Dwi Saputra\.m2\repository\org\aspectj\aspectjweaver\1.9.8\aspectjweaver-1.9.8.jar;C:\Users\Bagas Dwi Saputra\.m2\repository\org\apache\groovy\groovy\4.0.1\groovy-4.0.1.jar;C:\Users\Bagas Dwi Saputra\.m2\repository\net\sf\opencsv\opencsv\2.0\opencsv-2.0.jar;C:\Users\Bagas Dwi Saputra\.m2\repository\commons-beanutils\commons-beanutils\1.9.4\commons-beanutils-1.9.4.jar;C:\Users\Bagas Dwi Saputra\.m2\repository\commons-collections\commons-collections\3.2.2\commons-collections-3.2.2.jar;C:\Users\Bagas Dwi Saputra\.m2\repository\org\fluentlenium\fluentlenium-core\0.10.2\fluentlenium-core-0.10.2.jar;C:\Users\Bagas Dwi Saputra\.m2\repository\io\github\bonigarcia\webdrivermanager\5.1.0\webdrivermanager-5.1.0.jar;C:\Users\Bagas Dwi Saputra\.m2\repository\com\github\docker-java\docker-java\3.2.13\docker-java-3.2.13.jar;C:\Users\Bagas Dwi Saputra\.m2\repository\com\github\docker-java\docker-java-core\3.2.13\docker-java-core-3.2.13.jar;C:\Users\Bagas Dwi Saputra\.m2\repository\com\github\docker-java\docker-java-api\3.2.13\docker-java-api-3.2.13.jar;C:\Users\Bagas Dwi Saputra\.m2\repository\org\apache\commons\commons-compress\1.21\commons-compress-1.21.jar;C:\Users\Bagas Dwi Saputra\.m2\repository\org\bouncycastle\bcpkix-jdk15on\1.64\bcpkix-jdk15on-1.64.jar;C:\Users\Bagas Dwi Saputra\.m2\repository\org\bouncycastle\bcprov-jdk15on\1.64\bcprov-jdk15on-1.64.jar;C:\Users\Bagas Dwi Saputra\.m2\repository\org\slf4j\jcl-over-slf4j\1.7.30\jcl-over-slf4j-1.7.30.jar;C:\Users\Bagas Dwi Saputra\.m2\repository\com\github\docker-java\docker-java-transport-httpclient5\3.2.13\docker-java-transport-httpclient5-3.2.13.jar;C:\Users\Bagas Dwi Saputra\.m2\repository\com\github\docker-java\docker-java-transport\3.2.13\docker-java-transport-3.2.13.jar;C:\Users\Bagas Dwi Saputra\.m2\repository\org\apache\httpcomponents\client5\httpclient5\5.0.3\httpclient5-5.0.3.jar;C:\Users\Bagas Dwi Saputra\.m2\repository\org\apache\httpcomponents\core5\httpcore5\5.0.2\httpcore5-5.0.2.jar;C:\Users\Bagas Dwi Saputra\.m2\repository\net\java\dev\jna\jna\5.8.0\jna-5.8.0.jar;C:\Users\Bagas Dwi Saputra\.m2\repository\org\brotli\dec\0.1.2\dec-0.1.2.jar;C:\Users\Bagas Dwi Saputra\.m2\repository\com\jhlabs\filters\2.0.235\filters-2.0.235.jar;C:\Users\Bagas Dwi Saputra\.m2\repository\com\paulhammant\ngwebdriver\1.1.6\ngwebdriver-1.1.6.jar;C:\Users\Bagas Dwi Saputra\.m2\repository\joda-time\joda-time\2.8.2\joda-time-2.8.2.jar;C:\Users\Bagas Dwi Saputra\.m2\repository\com\google\jimfs\jimfs\1.2\jimfs-1.2.jar;C:\Users\Bagas Dwi Saputra\.m2\repository\org\mockito\mockito-core\3.3.3\mockito-core-3.3.3.jar;C:\Users\Bagas Dwi Saputra\.m2\repository\javax\xml\bind\jaxb-api\2.3.1\jaxb-api-2.3.1.jar;C:\Users\Bagas Dwi Saputra\.m2\repository\javax\activation\javax.activation-api\1.2.0\javax.activation-api-1.2.0.jar;C:\Users\Bagas Dwi Saputra\.m2\repository\com\sun\xml\bind\jaxb-core\2.3.0.1\jaxb-core-2.3.0.1.jar;C:\Users\Bagas Dwi Saputra\.m2\repository\com\sun\xml\bind\jaxb-impl\2.3.3\jaxb-impl-2.3.3.jar;C:\Users\Bagas Dwi Saputra\.m2\repository\jakarta\xml\bind\jakarta.xml.bind-api\2.3.3\jakarta.xml.bind-api-2.3.3.jar;C:\Users\Bagas Dwi Saputra\.m2\repository\com\sun\activation\jakarta.activation\1.2.2\jakarta.activation-1.2.2.jar;C:\Users\Bagas Dwi Saputra\.m2\repository\javax\activation\activation\1.1.1\activation-1.1.1.jar;"/>
    <property name="sun.cpu.endian" value="little"/>
    <property name="user.home" value="C:\Users\Bagas Dwi Saputra"/>
    <property name="user.language" value="en"/>
    <property name="java.specification.vendor" value="Oracle Corporation"/>
    <property name="jdk.module.path" value="C:\Alterra\CapstoneBaru\QE\TestingWebUpdate\target\TestingWeb-1.0-SNAPSHOT.jar"/>
    <property name="java.version.date" value="2022-04-19"/>
    <property name="java.home" value="C:\Program Files\jdk\jdk-11.0.15"/>
    <property name="tags" value="@ArsipJadwal111"/>
    <property name="file.separator" value="\"/>
    <property name="basedir" value="C:\Alterra\CapstoneBaru\QE\TestingWebUpdate"/>
    <property name="java.vm.compressedOopsMode" value="Zero based"/>
    <property name="line.separator" value="&#10;"/>
    <property name="java.specification.name" value="Java Platform API Specification"/>
    <property name="java.vm.specification.vendor" value="Oracle Corporation"/>
    <property name="java.awt.graphicsenv" value="sun.awt.Win32GraphicsEnvironment"/>
    <property name="surefire.real.class.path" value="C:\Users\Bagas Dwi Saputra\.m2\repository\org\apache\maven\surefire\surefire-booter\3.0.0-M5\surefire-booter-3.0.0-M5.jar;C:\Users\Bagas Dwi Saputra\.m2\repository\org\apache\maven\surefire\surefire-api\3.0.0-M5\surefire-api-3.0.0-M5.jar;C:\Users\Bagas Dwi Saputra\.m2\repository\org\apache\maven\surefire\surefire-logger-api\3.0.0-M5\surefire-logger-api-3.0.0-M5.jar;C:\Users\Bagas Dwi Saputra\.m2\repository\org\apache\maven\surefire\surefire-shared-utils\3.0.0-M4\surefire-shared-utils-3.0.0-M4.jar;C:\Users\Bagas Dwi Saputra\.m2\repository\org\apache\maven\surefire\surefire-extensions-spi\3.0.0-M5\surefire-extensions-spi-3.0.0-M5.jar;C:\Alterra\CapstoneBaru\QE\TestingWebUpdate\target\test-classes;C:\Users\Bagas Dwi Saputra\.m2\repository\net\serenity-bdd\serenity-cucumber\3.2.1\serenity-cucumber-3.2.1.jar;C:\Users\Bagas Dwi Saputra\.m2\repository\net\serenity-bdd\serenity-model\3.2.1\serenity-model-3.2.1.jar;C:\Users\Bagas Dwi Saputra\.m2\repository\org\apache\commons\commons-text\1.9\commons-text-1.9.jar;C:\Users\Bagas Dwi Saputra\.m2\repository\commons-net\commons-net\3.8.0\commons-net-3.8.0.jar;C:\Users\Bagas Dwi Saputra\.m2\repository\com\google\guava\guava\31.1-jre\guava-31.1-jre.jar;C:\Users\Bagas Dwi Saputra\.m2\repository\com\google\guava\failureaccess\1.0.1\failureaccess-1.0.1.jar;C:\Users\Bagas Dwi Saputra\.m2\repository\com\google\guava\listenablefuture\9999.0-empty-to-avoid-conflict-with-guava\listenablefuture-9999.0-empty-to-avoid-conflict-with-guava.jar;C:\Users\Bagas Dwi Saputra\.m2\repository\com\google\code\findbugs\jsr305\3.0.2\jsr305-3.0.2.jar;C:\Users\Bagas Dwi Saputra\.m2\repository\org\checkerframework\checker-qual\3.12.0\checker-qual-3.12.0.jar;C:\Users\Bagas Dwi Saputra\.m2\repository\com\google\errorprone\error_prone_annotations\2.11.0\error_prone_annotations-2.11.0.jar;C:\Users\Bagas Dwi Saputra\.m2\repository\com\google\j2objc\j2objc-annotations\1.3\j2objc-annotations-1.3.jar;C:\Users\Bagas Dwi Saputra\.m2\repository\com\google\inject\guice\5.1.0\guice-5.1.0.jar;C:\Users\Bagas Dwi Saputra\.m2\repository\javax\inject\javax.inject\1\javax.inject-1.jar;C:\Users\Bagas Dwi Saputra\.m2\repository\aopalliance\aopalliance\1.0\aopalliance-1.0.jar;C:\Users\Bagas Dwi Saputra\.m2\repository\org\jsoup\jsoup\1.14.3\jsoup-1.14.3.jar;C:\Users\Bagas Dwi Saputra\.m2\repository\com\thoughtworks\xstream\xstream\1.4.19\xstream-1.4.19.jar;C:\Users\Bagas Dwi Saputra\.m2\repository\io\github\x-stream\mxparser\1.2.2\mxparser-1.2.2.jar;C:\Users\Bagas Dwi Saputra\.m2\repository\xmlpull\xmlpull\1.1.3.1\xmlpull-1.1.3.1.jar;C:\Users\Bagas Dwi Saputra\.m2\repository\com\typesafe\config\1.4.2\config-1.4.2.jar;C:\Users\Bagas Dwi Saputra\.m2\repository\org\imgscalr\imgscalr-lib\4.2\imgscalr-lib-4.2.jar;C:\Users\Bagas Dwi Saputra\.m2\repository\org\awaitility\awaitility\4.2.0\awaitility-4.2.0.jar;C:\Users\Bagas Dwi Saputra\.m2\repository\org\freemarker\freemarker\2.3.31\freemarker-2.3.31.jar;C:\Users\Bagas Dwi Saputra\.m2\repository\io\github\classgraph\classgraph\4.8.138\classgraph-4.8.138.jar;C:\Users\Bagas Dwi Saputra\.m2\repository\net\sourceforge\jexcelapi\jxl\2.6.12\jxl-2.6.12.jar;C:\Users\Bagas Dwi Saputra\.m2\repository\net\bytebuddy\byte-buddy\1.12.8\byte-buddy-1.12.8.jar;C:\Users\Bagas Dwi Saputra\.m2\repository\net\bytebuddy\byte-buddy-agent\1.12.8\byte-buddy-agent-1.12.8.jar;C:\Users\Bagas Dwi Saputra\.m2\repository\org\objenesis\objenesis\3.1\objenesis-3.1.jar;C:\Users\Bagas Dwi Saputra\.m2\repository\io\cucumber\cucumber-core\7.2.3\cucumber-core-7.2.3.jar;C:\Users\Bagas Dwi Saputra\.m2\repository\io\cucumber\cucumber-gherkin\7.2.3\cucumber-gherkin-7.2.3.jar;C:\Users\Bagas Dwi Saputra\.m2\repository\io\cucumber\cucumber-gherkin-messages\7.2.3\cucumber-gherkin-messages-7.2.3.jar;C:\Users\Bagas Dwi Saputra\.m2\repository\io\cucumber\messages\17.1.1\messages-17.1.1.jar;C:\Users\Bagas Dwi Saputra\.m2\repository\io\cucumber\tag-expressions\4.1.0\tag-expressions-4.1.0.jar;C:\Users\Bagas Dwi Saputra\.m2\repository\io\cucumber\cucumber-expressions\15.0.1\cucumber-expressions-15.0.1.jar;C:\Users\Bagas Dwi Saputra\.m2\repository\io\cucumber\datatable\7.2.3\datatable-7.2.3.jar;C:\Users\Bagas Dwi Saputra\.m2\repository\io\cucumber\cucumber-plugin\7.2.3\cucumber-plugin-7.2.3.jar;C:\Users\Bagas Dwi Saputra\.m2\repository\io\cucumber\docstring\7.2.3\docstring-7.2.3.jar;C:\Users\Bagas Dwi Saputra\.m2\repository\io\cucumber\html-formatter\17.0.0\html-formatter-17.0.0.jar;C:\Users\Bagas Dwi Saputra\.m2\repository\io\cucumber\ci-environment\8.1.0\ci-environment-8.1.0.jar;C:\Users\Bagas Dwi Saputra\.m2\repository\io\cucumber\cucumber-junit\7.2.3\cucumber-junit-7.2.3.jar;C:\Users\Bagas Dwi Saputra\.m2\repository\org\apache\commons\commons-csv\1.5\commons-csv-1.5.jar;C:\Users\Bagas Dwi Saputra\.m2\repository\net\serenity-bdd\serenity-screenplay\3.2.1\serenity-screenplay-3.2.1.jar;C:\Users\Bagas Dwi Saputra\.m2\repository\net\serenity-bdd\serenity-screenplay-webdriver\3.2.1\serenity-screenplay-webdriver-3.2.1.jar;C:\Users\Bagas Dwi Saputra\.m2\repository\net\serenity-bdd\serenity-ensure\3.2.1\serenity-ensure-3.2.1.jar;C:\Users\Bagas Dwi Saputra\.m2\repository\net\serenity-bdd\serenity-junit\3.2.1\serenity-junit-3.2.1.jar;C:\Users\Bagas Dwi Saputra\.m2\repository\org\jetbrains\kotlin\kotlin-stdlib\1.6.0\kotlin-stdlib-1.6.0.jar;C:\Users\Bagas Dwi Saputra\.m2\repository\org\jetbrains\annotations\13.0\annotations-13.0.jar;C:\Users\Bagas Dwi Saputra\.m2\repository\org\jetbrains\kotlin\kotlin-stdlib-common\1.6.0\kotlin-stdlib-common-1.6.0.jar;C:\Users\Bagas Dwi Saputra\.m2\repository\org\junit\platform\junit-platform-launcher\1.8.2\junit-platform-launcher-1.8.2.jar;C:\Users\Bagas Dwi Saputra\.m2\repository\org\junit\platform\junit-platform-engine\1.8.2\junit-platform-engine-1.8.2.jar;C:\Users\Bagas Dwi Saputra\.m2\repository\org\junit\platform\junit-platform-commons\1.8.2\junit-platform-commons-1.8.2.jar;C:\Users\Bagas Dwi Saputra\.m2\repository\org\apiguardian\apiguardian-api\1.1.2\apiguardian-api-1.1.2.jar;C:\Users\Bagas Dwi Saputra\.m2\repository\org\junit\jupiter\junit-jupiter-engine\5.8.2\junit-jupiter-engine-5.8.2.jar;C:\Users\Bagas Dwi Saputra\.m2\repository\org\junit\jupiter\junit-jupiter-api\5.8.2\junit-jupiter-api-5.8.2.jar;C:\Users\Bagas Dwi Saputra\.m2\repository\org\junit\vintage\junit-vintage-engine\5.8.2\junit-vintage-engine-5.8.2.jar;C:\Users\Bagas Dwi Saputra\.m2\repository\junit\junit\4.13.2\junit-4.13.2.jar;C:\Users\Bagas Dwi Saputra\.m2\repository\org\hamcrest\hamcrest-core\1.3\hamcrest-core-1.3.jar;C:\Users\Bagas Dwi Saputra\.m2\repository\ch\qos\logback\logback-classic\1.2.11\logback-classic-1.2.11.jar;C:\Users\Bagas Dwi Saputra\.m2\repository\ch\qos\logback\logback-core\1.2.11\logback-core-1.2.11.jar;C:\Users\Bagas Dwi Saputra\.m2\repository\org\slf4j\slf4j-api\1.7.32\slf4j-api-1.7.32.jar;C:\Users\Bagas Dwi Saputra\.m2\repository\org\assertj\assertj-core\3.22.0\assertj-core-3.22.0.jar;C:\Users\Bagas Dwi Saputra\.m2\repository\net\serenity-bdd\serenity-rest-assured\3.2.1\serenity-rest-assured-3.2.1.jar;C:\Users\Bagas Dwi Saputra\.m2\repository\org\apache\httpcomponents\httpclient\4.5.13\httpclient-4.5.13.jar;C:\Users\Bagas Dwi Saputra\.m2\repository\org\apache\httpcomponents\httpcore\4.4.13\httpcore-4.4.13.jar;C:\Users\Bagas Dwi Saputra\.m2\repository\commons-logging\commons-logging\1.2\commons-logging-1.2.jar;C:\Users\Bagas Dwi Saputra\.m2\repository\org\codehaus\groovy\groovy-json\3.0.10\groovy-json-3.0.10.jar;C:\Users\Bagas Dwi Saputra\.m2\repository\org\opentest4j\opentest4j\1.2.0\opentest4j-1.2.0.jar;C:\Users\Bagas Dwi Saputra\.m2\repository\org\apache\maven\plugins\maven-surefire-plugin\3.0.0-M5\maven-surefire-plugin-3.0.0-M5.jar;C:\Users\Bagas Dwi Saputra\.m2\repository\org\apache\maven\surefire\maven-surefire-common\3.0.0-M5\maven-surefire-common-3.0.0-M5.jar;C:\Users\Bagas Dwi Saputra\.m2\repository\org\apache\maven\surefire\surefire-extensions-api\3.0.0-M5\surefire-extensions-api-3.0.0-M5.jar;C:\Users\Bagas Dwi Saputra\.m2\repository\org\apache\maven\maven-toolchain\3.0-alpha-2\maven-toolchain-3.0-alpha-2.jar;C:\Users\Bagas Dwi Saputra\.m2\repository\org\apache\maven\shared\maven-artifact-transfer\0.11.0\maven-artifact-transfer-0.11.0.jar;C:\Users\Bagas Dwi Saputra\.m2\repository\org\apache\maven\shared\maven-common-artifact-filters\3.0.1\maven-common-artifact-filters-3.0.1.jar;C:\Users\Bagas Dwi Saputra\.m2\repository\org\apache\maven\maven-model\3.0\maven-model-3.0.jar;C:\Users\Bagas Dwi Saputra\.m2\repository\org\apache\maven\maven-plugin-api\3.0\maven-plugin-api-3.0.jar;C:\Users\Bagas Dwi Saputra\.m2\repository\org\sonatype\sisu\sisu-inject-plexus\1.4.2\sisu-inject-plexus-1.4.2.jar;C:\Users\Bagas Dwi Saputra\.m2\repository\org\codehaus\plexus\plexus-classworlds\2.2.3\plexus-classworlds-2.2.3.jar;C:\Users\Bagas Dwi Saputra\.m2\repository\org\sonatype\sisu\sisu-inject-bean\1.4.2\sisu-inject-bean-1.4.2.jar;C:\Users\Bagas Dwi Saputra\.m2\repository\org\sonatype\sisu\sisu-guice\2.1.7\sisu-guice-2.1.7-noaop.jar;C:\Users\Bagas Dwi Saputra\.m2\repository\org\apache\maven\shared\maven-shared-utils\3.1.0\maven-shared-utils-3.1.0.jar;C:\Users\Bagas Dwi Saputra\.m2\repository\org\codehaus\plexus\plexus-java\1.0.5\plexus-java-1.0.5.jar;C:\Users\Bagas Dwi Saputra\.m2\repository\org\ow2\asm\asm\7.2\asm-7.2.jar;C:\Users\Bagas Dwi Saputra\.m2\repository\com\thoughtworks\qdox\qdox\2.0-M9\qdox-2.0-M9.jar;C:\Users\Bagas Dwi Saputra\.m2\repository\io\rest-assured\rest-assured\4.5.1\rest-assured-4.5.1.jar;C:\Users\Bagas Dwi Saputra\.m2\repository\org\apache\httpcomponents\httpmime\4.5.13\httpmime-4.5.13.jar;C:\Users\Bagas Dwi Saputra\.m2\repository\org\hamcrest\hamcrest\2.1\hamcrest-2.1.jar;C:\Users\Bagas Dwi Saputra\.m2\repository\org\ccil\cowan\tagsoup\tagsoup\1.2.1\tagsoup-1.2.1.jar;C:\Users\Bagas Dwi Saputra\.m2\repository\io\rest-assured\json-path\4.5.1\json-path-4.5.1.jar;C:\Users\Bagas Dwi Saputra\.m2\repository\io\rest-assured\rest-assured-common\4.5.1\rest-assured-common-4.5.1.jar;C:\Users\Bagas Dwi Saputra\.m2\repository\io\rest-assured\xml-path\4.5.1\xml-path-4.5.1.jar;C:\Users\Bagas Dwi Saputra\.m2\repository\org\apache\commons\commons-lang3\3.11\commons-lang3-3.11.jar;C:\Users\Bagas Dwi Saputra\.m2\repository\org\codehaus\groovy\groovy\3.0.10\groovy-3.0.10.jar;C:\Users\Bagas Dwi Saputra\.m2\repository\org\codehaus\groovy\groovy-xml\3.0.10\groovy-xml-3.0.10.jar;C:\Users\Bagas Dwi Saputra\.m2\repository\com\googlecode\json-simple\json-simple\1.1.1\json-simple-1.1.1.jar;C:\Users\Bagas Dwi Saputra\.m2\repository\com\github\javafaker\javafaker\1.0.2\javafaker-1.0.2.jar;C:\Users\Bagas Dwi Saputra\.m2\repository\org\yaml\snakeyaml\1.23\snakeyaml-1.23-android.jar;C:\Users\Bagas Dwi Saputra\.m2\repository\com\github\mifmif\generex\1.0.2\generex-1.0.2.jar;C:\Users\Bagas Dwi Saputra\.m2\repository\dk\brics\automaton\automaton\1.11-8\automaton-1.11-8.jar;C:\Users\Bagas Dwi Saputra\.m2\repository\io\cucumber\cucumber-java\7.2.3\cucumber-java-7.2.3.jar;C:\Users\Bagas Dwi Saputra\.m2\repository\net\serenity-bdd\serenity-core\3.2.5\serenity-core-3.2.5.jar;C:\Users\Bagas Dwi Saputra\.m2\repository\net\serenity-bdd\serenity-reports\3.2.5\serenity-reports-3.2.5.jar;C:\Users\Bagas Dwi Saputra\.m2\repository\net\serenity-bdd\serenity-stats\3.2.5\serenity-stats-3.2.5.jar;C:\Users\Bagas Dwi Saputra\.m2\repository\net\serenity-bdd\serenity-reports-configuration\3.2.5\serenity-reports-configuration-3.2.5.jar;C:\Users\Bagas Dwi Saputra\.m2\repository\com\vladsch\flexmark\flexmark-all\0.34.30\flexmark-all-0.34.30.jar;C:\Users\Bagas Dwi Saputra\.m2\repository\com\vladsch\flexmark\flexmark\0.34.30\flexmark-0.34.30.jar;C:\Users\Bagas Dwi Saputra\.m2\repository\com\vladsch\flexmark\flexmark-ext-abbreviation\0.34.30\flexmark-ext-abbreviation-0.34.30.jar;C:\Users\Bagas Dwi Saputra\.m2\repository\com\vladsch\flexmark\flexmark-ext-admonition\0.34.30\flexmark-ext-admonition-0.34.30.jar;C:\Users\Bagas Dwi Saputra\.m2\repository\com\vladsch\flexmark\flexmark-ext-anchorlink\0.34.30\flexmark-ext-anchorlink-0.34.30.jar;C:\Users\Bagas Dwi Saputra\.m2\repository\com\vladsch\flexmark\flexmark-ext-aside\0.34.30\flexmark-ext-aside-0.34.30.jar;C:\Users\Bagas Dwi Saputra\.m2\repository\com\vladsch\flexmark\flexmark-ext-attributes\0.34.30\flexmark-ext-attributes-0.34.30.jar;C:\Users\Bagas Dwi Saputra\.m2\repository\com\vladsch\flexmark\flexmark-ext-autolink\0.34.30\flexmark-ext-autolink-0.34.30.jar;C:\Users\Bagas Dwi Saputra\.m2\repository\org\nibor\autolink\autolink\0.6.0\autolink-0.6.0.jar;C:\Users\Bagas Dwi Saputra\.m2\repository\com\vladsch\flexmark\flexmark-ext-definition\0.34.30\flexmark-ext-definition-0.34.30.jar;C:\Users\Bagas Dwi Saputra\.m2\repository\com\vladsch\flexmark\flexmark-ext-emoji\0.34.30\flexmark-ext-emoji-0.34.30.jar;C:\Users\Bagas Dwi Saputra\.m2\repository\com\vladsch\flexmark\flexmark-ext-enumerated-reference\0.34.30\flexmark-ext-enumerated-reference-0.34.30.jar;C:\Users\Bagas Dwi Saputra\.m2\repository\com\vladsch\flexmark\flexmark-ext-escaped-character\0.34.30\flexmark-ext-escaped-character-0.34.30.jar;C:\Users\Bagas Dwi Saputra\.m2\repository\com\vladsch\flexmark\flexmark-ext-footnotes\0.34.30\flexmark-ext-footnotes-0.34.30.jar;C:\Users\Bagas Dwi Saputra\.m2\repository\com\vladsch\flexmark\flexmark-ext-gfm-issues\0.34.30\flexmark-ext-gfm-issues-0.34.30.jar;C:\Users\Bagas Dwi Saputra\.m2\repository\com\vladsch\flexmark\flexmark-ext-gfm-strikethrough\0.34.30\flexmark-ext-gfm-strikethrough-0.34.30.jar;C:\Users\Bagas Dwi Saputra\.m2\repository\com\vladsch\flexmark\flexmark-ext-gfm-tables\0.34.30\flexmark-ext-gfm-tables-0.34.30.jar;C:\Users\Bagas Dwi Saputra\.m2\repository\com\vladsch\flexmark\flexmark-ext-gfm-tasklist\0.34.30\flexmark-ext-gfm-tasklist-0.34.30.jar;C:\Users\Bagas Dwi Saputra\.m2\repository\com\vladsch\flexmark\flexmark-ext-gfm-users\0.34.30\flexmark-ext-gfm-users-0.34.30.jar;C:\Users\Bagas Dwi Saputra\.m2\repository\com\vladsch\flexmark\flexmark-ext-gitlab\0.34.30\flexmark-ext-gitlab-0.34.30.jar;C:\Users\Bagas Dwi Saputra\.m2\repository\com\vladsch\flexmark\flexmark-ext-jekyll-front-matter\0.34.30\flexmark-ext-jekyll-front-matter-0.34.30.jar;C:\Users\Bagas Dwi Saputra\.m2\repository\com\vladsch\flexmark\flexmark-ext-jekyll-tag\0.34.30\flexmark-ext-jekyll-tag-0.34.30.jar;C:\Users\Bagas Dwi Saputra\.m2\repository\com\vladsch\flexmark\flexmark-ext-media-tags\0.34.30\flexmark-ext-media-tags-0.34.30.jar;C:\Users\Bagas Dwi Saputra\.m2\repository\com\vladsch\flexmark\flexmark-test-util\0.34.30\flexmark-test-util-0.34.30.jar;C:\Users\Bagas Dwi Saputra\.m2\repository\com\vladsch\flexmark\flexmark-ext-ins\0.34.30\flexmark-ext-ins-0.34.30.jar;C:\Users\Bagas Dwi Saputra\.m2\repository\com\vladsch\flexmark\flexmark-ext-xwiki-macros\0.34.30\flexmark-ext-xwiki-macros-0.34.30.jar;C:\Users\Bagas Dwi Saputra\.m2\repository\com\vladsch\flexmark\flexmark-ext-superscript\0.34.30\flexmark-ext-superscript-0.34.30.jar;C:\Users\Bagas Dwi Saputra\.m2\repository\com\vladsch\flexmark\flexmark-ext-tables\0.34.30\flexmark-ext-tables-0.34.30.jar;C:\Users\Bagas Dwi Saputra\.m2\repository\com\vladsch\flexmark\flexmark-ext-toc\0.34.30\flexmark-ext-toc-0.34.30.jar;C:\Users\Bagas Dwi Saputra\.m2\repository\com\vladsch\flexmark\flexmark-ext-typographic\0.34.30\flexmark-ext-typographic-0.34.30.jar;C:\Users\Bagas Dwi Saputra\.m2\repository\com\vladsch\flexmark\flexmark-ext-wikilink\0.34.30\flexmark-ext-wikilink-0.34.30.jar;C:\Users\Bagas Dwi Saputra\.m2\repository\com\vladsch\flexmark\flexmark-ext-yaml-front-matter\0.34.30\flexmark-ext-yaml-front-matter-0.34.30.jar;C:\Users\Bagas Dwi Saputra\.m2\repository\com\vladsch\flexmark\flexmark-ext-youtube-embedded\0.34.30\flexmark-ext-youtube-embedded-0.34.30.jar;C:\Users\Bagas Dwi Saputra\.m2\repository\com\vladsch\flexmark\flexmark-formatter\0.34.30\flexmark-formatter-0.34.30.jar;C:\Users\Bagas Dwi Saputra\.m2\repository\com\vladsch\flexmark\flexmark-html-parser\0.34.30\flexmark-html-parser-0.34.30.jar;C:\Users\Bagas Dwi Saputra\.m2\repository\com\vladsch\flexmark\flexmark-jira-converter\0.34.30\flexmark-jira-converter-0.34.30.jar;C:\Users\Bagas Dwi Saputra\.m2\repository\com\vladsch\flexmark\flexmark-pdf-converter\0.34.30\flexmark-pdf-converter-0.34.30.jar;C:\Users\Bagas Dwi Saputra\.m2\repository\com\openhtmltopdf\openhtmltopdf-core\0.0.1-RC13\openhtmltopdf-core-0.0.1-RC13.jar;C:\Users\Bagas Dwi Saputra\.m2\repository\com\openhtmltopdf\openhtmltopdf-pdfbox\0.0.1-RC13\openhtmltopdf-pdfbox-0.0.1-RC13.jar;C:\Users\Bagas Dwi Saputra\.m2\repository\org\apache\pdfbox\pdfbox\2.0.8\pdfbox-2.0.8.jar;C:\Users\Bagas Dwi Saputra\.m2\repository\org\apache\pdfbox\fontbox\2.0.8\fontbox-2.0.8.jar;C:\Users\Bagas Dwi Saputra\.m2\repository\org\apache\pdfbox\xmpbox\2.0.8\xmpbox-2.0.8.jar;C:\Users\Bagas Dwi Saputra\.m2\repository\de\rototor\pdfbox\graphics2d\0.12\graphics2d-0.12.jar;C:\Users\Bagas Dwi Saputra\.m2\repository\com\openhtmltopdf\openhtmltopdf-rtl-support\0.0.1-RC13\openhtmltopdf-rtl-support-0.0.1-RC13.jar;C:\Users\Bagas Dwi Saputra\.m2\repository\com\ibm\icu\icu4j\59.1\icu4j-59.1.jar;C:\Users\Bagas Dwi Saputra\.m2\repository\com\openhtmltopdf\openhtmltopdf-jsoup-dom-converter\0.0.1-RC13\openhtmltopdf-jsoup-dom-converter-0.0.1-RC13.jar;C:\Users\Bagas Dwi Saputra\.m2\repository\com\vladsch\flexmark\flexmark-profile-pegdown\0.34.30\flexmark-profile-pegdown-0.34.30.jar;C:\Users\Bagas Dwi Saputra\.m2\repository\com\vladsch\flexmark\flexmark-util\0.34.30\flexmark-util-0.34.30.jar;C:\Users\Bagas Dwi Saputra\.m2\repository\com\vladsch\flexmark\flexmark-youtrack-converter\0.34.30\flexmark-youtrack-converter-0.34.30.jar;C:\Users\Bagas Dwi Saputra\.m2\repository\es\nitaur\markdown\txtmark\0.16\txtmark-0.16.jar;C:\Users\Bagas Dwi Saputra\.m2\repository\net\serenity-bdd\serenity-report-resources\3.2.5\serenity-report-resources-3.2.5.jar;C:\Users\Bagas Dwi Saputra\.m2\repository\com\google\code\gson\gson\2.9.0\gson-2.9.0.jar;C:\Users\Bagas Dwi Saputra\.m2\repository\com\fasterxml\jackson\core\jackson-core\2.13.2\jackson-core-2.13.2.jar;C:\Users\Bagas Dwi Saputra\.m2\repository\com\fasterxml\jackson\core\jackson-databind\2.13.2\jackson-databind-2.13.2.jar;C:\Users\Bagas Dwi Saputra\.m2\repository\com\fasterxml\jackson\core\jackson-annotations\2.13.2\jackson-annotations-2.13.2.jar;C:\Users\Bagas Dwi Saputra\.m2\repository\commons-codec\commons-codec\1.15\commons-codec-1.15.jar;C:\Users\Bagas Dwi Saputra\.m2\repository\commons-io\commons-io\2.11.0\commons-io-2.11.0.jar;C:\Users\Bagas Dwi Saputra\.m2\repository\org\seleniumhq\selenium\selenium-java\4.1.4\selenium-java-4.1.4.jar;C:\Users\Bagas Dwi Saputra\.m2\repository\org\seleniumhq\selenium\selenium-devtools-v100\4.1.4\selenium-devtools-v100-4.1.4.jar;C:\Users\Bagas Dwi Saputra\.m2\repository\org\seleniumhq\selenium\selenium-devtools-v101\4.1.4\selenium-devtools-v101-4.1.4.jar;C:\Users\Bagas Dwi Saputra\.m2\repository\org\seleniumhq\selenium\selenium-devtools-v85\4.1.4\selenium-devtools-v85-4.1.4.jar;C:\Users\Bagas Dwi Saputra\.m2\repository\org\seleniumhq\selenium\selenium-devtools-v99\4.1.4\selenium-devtools-v99-4.1.4.jar;C:\Users\Bagas Dwi Saputra\.m2\repository\org\seleniumhq\selenium\selenium-opera-driver\4.1.4\selenium-opera-driver-4.1.4.jar;C:\Users\Bagas Dwi Saputra\.m2\repository\org\seleniumhq\selenium\selenium-remote-driver\4.1.4\selenium-remote-driver-4.1.4.jar;C:\Users\Bagas Dwi Saputra\.m2\repository\com\beust\jcommander\1.82\jcommander-1.82.jar;C:\Users\Bagas Dwi Saputra\.m2\repository\io\netty\netty-buffer\4.1.76.Final\netty-buffer-4.1.76.Final.jar;C:\Users\Bagas Dwi Saputra\.m2\repository\io\netty\netty-codec-http\4.1.76.Final\netty-codec-http-4.1.76.Final.jar;C:\Users\Bagas Dwi Saputra\.m2\repository\io\netty\netty-codec\4.1.76.Final\netty-codec-4.1.76.Final.jar;C:\Users\Bagas Dwi Saputra\.m2\repository\io\netty\netty-handler\4.1.76.Final\netty-handler-4.1.76.Final.jar;C:\Users\Bagas Dwi Saputra\.m2\repository\io\netty\netty-common\4.1.76.Final\netty-common-4.1.76.Final.jar;C:\Users\Bagas Dwi Saputra\.m2\repository\io\netty\netty-transport-classes-epoll\4.1.76.Final\netty-transport-classes-epoll-4.1.76.Final.jar;C:\Users\Bagas Dwi Saputra\.m2\repository\io\netty\netty-transport-classes-kqueue\4.1.76.Final\netty-transport-classes-kqueue-4.1.76.Final.jar;C:\Users\Bagas Dwi Saputra\.m2\repository\io\netty\netty-transport-native-epoll\4.1.76.Final\netty-transport-native-epoll-4.1.76.Final.jar;C:\Users\Bagas Dwi Saputra\.m2\repository\io\netty\netty-transport-native-kqueue\4.1.76.Final\netty-transport-native-kqueue-4.1.76.Final.jar;C:\Users\Bagas Dwi Saputra\.m2\repository\io\netty\netty-transport-native-unix-common\4.1.76.Final\netty-transport-native-unix-common-4.1.76.Final.jar;C:\Users\Bagas Dwi Saputra\.m2\repository\io\netty\netty-transport\4.1.76.Final\netty-transport-4.1.76.Final.jar;C:\Users\Bagas Dwi Saputra\.m2\repository\io\netty\netty-resolver\4.1.76.Final\netty-resolver-4.1.76.Final.jar;C:\Users\Bagas Dwi Saputra\.m2\repository\io\opentelemetry\opentelemetry-api\1.13.0\opentelemetry-api-1.13.0.jar;C:\Users\Bagas Dwi Saputra\.m2\repository\io\opentelemetry\opentelemetry-context\1.13.0\opentelemetry-context-1.13.0.jar;C:\Users\Bagas Dwi Saputra\.m2\repository\io\opentelemetry\opentelemetry-exporter-logging\1.13.0\opentelemetry-exporter-logging-1.13.0.jar;C:\Users\Bagas Dwi Saputra\.m2\repository\io\opentelemetry\opentelemetry-sdk-metrics\1.13.0-alpha\opentelemetry-sdk-metrics-1.13.0-alpha.jar;C:\Users\Bagas Dwi Saputra\.m2\repository\io\opentelemetry\opentelemetry-sdk-logs\1.13.0-alpha\opentelemetry-sdk-logs-1.13.0-alpha.jar;C:\Users\Bagas Dwi Saputra\.m2\repository\io\opentelemetry\opentelemetry-sdk-common\1.13.0\opentelemetry-sdk-common-1.13.0.jar;C:\Users\Bagas Dwi Saputra\.m2\repository\io\opentelemetry\opentelemetry-sdk-extension-autoconfigure-spi\1.13.0\opentelemetry-sdk-extension-autoconfigure-spi-1.13.0.jar;C:\Users\Bagas Dwi Saputra\.m2\repository\io\opentelemetry\opentelemetry-sdk-extension-autoconfigure\1.13.0-alpha\opentelemetry-sdk-extension-autoconfigure-1.13.0-alpha.jar;C:\Users\Bagas Dwi Saputra\.m2\repository\io\opentelemetry\opentelemetry-sdk-trace\1.13.0\opentelemetry-sdk-trace-1.13.0.jar;C:\Users\Bagas Dwi Saputra\.m2\repository\io\opentelemetry\opentelemetry-sdk\1.13.0\opentelemetry-sdk-1.13.0.jar;C:\Users\Bagas Dwi Saputra\.m2\repository\io\opentelemetry\opentelemetry-semconv\1.13.0-alpha\opentelemetry-semconv-1.13.0-alpha.jar;C:\Users\Bagas Dwi Saputra\.m2\repository\io\ous\jtoml\2.0.0\jtoml-2.0.0.jar;C:\Users\Bagas Dwi Saputra\.m2\repository\org\apache\commons\commons-exec\1.3\commons-exec-1.3.jar;C:\Users\Bagas Dwi Saputra\.m2\repository\org\asynchttpclient\async-http-client\2.12.3\async-http-client-2.12.3.jar;C:\Users\Bagas Dwi Saputra\.m2\repository\org\asynchttpclient\async-http-client-netty-utils\2.12.3\async-http-client-netty-utils-2.12.3.jar;C:\Users\Bagas Dwi Saputra\.m2\repository\io\netty\netty-codec-socks\4.1.60.Final\netty-codec-socks-4.1.60.Final.jar;C:\Users\Bagas Dwi Saputra\.m2\repository\io\netty\netty-handler-proxy\4.1.60.Final\netty-handler-proxy-4.1.60.Final.jar;C:\Users\Bagas Dwi Saputra\.m2\repository\io\netty\netty-transport-native-epoll\4.1.60.Final\netty-transport-native-epoll-4.1.60.Final-linux-x86_64.jar;C:\Users\Bagas Dwi Saputra\.m2\repository\io\netty\netty-transport-native-kqueue\4.1.60.Final\netty-transport-native-kqueue-4.1.60.Final-osx-x86_64.jar;C:\Users\Bagas Dwi Saputra\.m2\repository\org\reactivestreams\reactive-streams\1.0.3\reactive-streams-1.0.3.jar;C:\Users\Bagas Dwi Saputra\.m2\repository\com\typesafe\netty\netty-reactive-streams\2.0.4\netty-reactive-streams-2.0.4.jar;C:\Users\Bagas Dwi Saputra\.m2\repository\org\seleniumhq\selenium\selenium-http\4.1.4\selenium-http-4.1.4.jar;C:\Users\Bagas Dwi Saputra\.m2\repository\dev\failsafe\failsafe\3.2.3\failsafe-3.2.3.jar;C:\Users\Bagas Dwi Saputra\.m2\repository\org\seleniumhq\selenium\selenium-safari-driver\4.1.4\selenium-safari-driver-4.1.4.jar;C:\Users\Bagas Dwi Saputra\.m2\repository\org\seleniumhq\selenium\selenium-api\4.1.4\selenium-api-4.1.4.jar;C:\Users\Bagas Dwi Saputra\.m2\repository\org\seleniumhq\selenium\selenium-support\4.1.4\selenium-support-4.1.4.jar;C:\Users\Bagas Dwi Saputra\.m2\repository\com\google\auto\service\auto-service-annotations\1.0.1\auto-service-annotations-1.0.1.jar;C:\Users\Bagas Dwi Saputra\.m2\repository\com\google\auto\service\auto-service\1.0.1\auto-service-1.0.1.jar;C:\Users\Bagas Dwi Saputra\.m2\repository\com\google\auto\auto-common\1.2\auto-common-1.2.jar;C:\Users\Bagas Dwi Saputra\.m2\repository\org\seleniumhq\selenium\selenium-json\4.1.4\selenium-json-4.1.4.jar;C:\Users\Bagas Dwi Saputra\.m2\repository\org\seleniumhq\selenium\selenium-chrome-driver\4.1.4\selenium-chrome-driver-4.1.4.jar;C:\Users\Bagas Dwi Saputra\.m2\repository\org\seleniumhq\selenium\selenium-chromium-driver\4.1.4\selenium-chromium-driver-4.1.4.jar;C:\Users\Bagas Dwi Saputra\.m2\repository\org\seleniumhq\selenium\selenium-firefox-driver\4.1.4\selenium-firefox-driver-4.1.4.jar;C:\Users\Bagas Dwi Saputra\.m2\repository\org\seleniumhq\selenium\selenium-edge-driver\4.1.4\selenium-edge-driver-4.1.4.jar;C:\Users\Bagas Dwi Saputra\.m2\repository\org\seleniumhq\selenium\selenium-ie-driver\4.1.4\selenium-ie-driver-4.1.4.jar;C:\Users\Bagas Dwi Saputra\.m2\repository\org\projectlombok\lombok\1.18.20\lombok-1.18.20.jar;C:\Users\Bagas Dwi Saputra\.m2\repository\io\appium\java-client\8.0.0\java-client-8.0.0.jar;C:\Users\Bagas Dwi Saputra\.m2\repository\commons-validator\commons-validator\1.7\commons-validator-1.7.jar;C:\Users\Bagas Dwi Saputra\.m2\repository\commons-digester\commons-digester\2.1\commons-digester-2.1.jar;C:\Users\Bagas Dwi Saputra\.m2\repository\org\aspectj\aspectjweaver\1.9.8\aspectjweaver-1.9.8.jar;C:\Users\Bagas Dwi Saputra\.m2\repository\org\apache\groovy\groovy\4.0.1\groovy-4.0.1.jar;C:\Users\Bagas Dwi Saputra\.m2\repository\net\sf\opencsv\opencsv\2.0\opencsv-2.0.jar;C:\Users\Bagas Dwi Saputra\.m2\repository\commons-beanutils\commons-beanutils\1.9.4\commons-beanutils-1.9.4.jar;C:\Users\Bagas Dwi Saputra\.m2\repository\commons-collections\commons-collections\3.2.2\commons-collections-3.2.2.jar;C:\Users\Bagas Dwi Saputra\.m2\repository\org\fluentlenium\fluentlenium-core\0.10.2\fluentlenium-core-0.10.2.jar;C:\Users\Bagas Dwi Saputra\.m2\repository\io\github\bonigarcia\webdrivermanager\5.1.0\webdrivermanager-5.1.0.jar;C:\Users\Bagas Dwi Saputra\.m2\repository\com\github\docker-java\docker-java\3.2.13\docker-java-3.2.13.jar;C:\Users\Bagas Dwi Saputra\.m2\repository\com\github\docker-java\docker-java-core\3.2.13\docker-java-core-3.2.13.jar;C:\Users\Bagas Dwi Saputra\.m2\repository\com\github\docker-java\docker-java-api\3.2.13\docker-java-api-3.2.13.jar;C:\Users\Bagas Dwi Saputra\.m2\repository\org\apache\commons\commons-compress\1.21\commons-compress-1.21.jar;C:\Users\Bagas Dwi Saputra\.m2\repository\org\bouncycastle\bcpkix-jdk15on\1.64\bcpkix-jdk15on-1.64.jar;C:\Users\Bagas Dwi Saputra\.m2\repository\org\bouncycastle\bcprov-jdk15on\1.64\bcprov-jdk15on-1.64.jar;C:\Users\Bagas Dwi Saputra\.m2\repository\org\slf4j\jcl-over-slf4j\1.7.30\jcl-over-slf4j-1.7.30.jar;C:\Users\Bagas Dwi Saputra\.m2\repository\com\github\docker-java\docker-java-transport-httpclient5\3.2.13\docker-java-transport-httpclient5-3.2.13.jar;C:\Users\Bagas Dwi Saputra\.m2\repository\com\github\docker-java\docker-java-transport\3.2.13\docker-java-transport-3.2.13.jar;C:\Users\Bagas Dwi Saputra\.m2\repository\org\apache\httpcomponents\client5\httpclient5\5.0.3\httpclient5-5.0.3.jar;C:\Users\Bagas Dwi Saputra\.m2\repository\org\apache\httpcomponents\core5\httpcore5\5.0.2\httpcore5-5.0.2.jar;C:\Users\Bagas Dwi Saputra\.m2\repository\net\java\dev\jna\jna\5.8.0\jna-5.8.0.jar;C:\Users\Bagas Dwi Saputra\.m2\repository\org\brotli\dec\0.1.2\dec-0.1.2.jar;C:\Users\Bagas Dwi Saputra\.m2\repository\com\jhlabs\filters\2.0.235\filters-2.0.235.jar;C:\Users\Bagas Dwi Saputra\.m2\repository\com\paulhammant\ngwebdriver\1.1.6\ngwebdriver-1.1.6.jar;C:\Users\Bagas Dwi Saputra\.m2\repository\joda-time\joda-time\2.8.2\joda-time-2.8.2.jar;C:\Users\Bagas Dwi Saputra\.m2\repository\com\google\jimfs\jimfs\1.2\jimfs-1.2.jar;C:\Users\Bagas Dwi Saputra\.m2\repository\org\mockito\mockito-core\3.3.3\mockito-core-3.3.3.jar;C:\Users\Bagas Dwi Saputra\.m2\repository\javax\xml\bind\jaxb-api\2.3.1\jaxb-api-2.3.1.jar;C:\Users\Bagas Dwi Saputra\.m2\repository\javax\activation\javax.activation-api\1.2.0\javax.activation-api-1.2.0.jar;C:\Users\Bagas Dwi Saputra\.m2\repository\com\sun\xml\bind\jaxb-core\2.3.0.1\jaxb-core-2.3.0.1.jar;C:\Users\Bagas Dwi Saputra\.m2\repository\com\sun\xml\bind\jaxb-impl\2.3.3\jaxb-impl-2.3.3.jar;C:\Users\Bagas Dwi Saputra\.m2\repository\jakarta\xml\bind\jakarta.xml.bind-api\2.3.3\jakarta.xml.bind-api-2.3.3.jar;C:\Users\Bagas Dwi Saputra\.m2\repository\com\sun\activation\jakarta.activation\1.2.2\jakarta.activation-1.2.2.jar;C:\Users\Bagas Dwi Saputra\.m2\repository\javax\activation\activation\1.1.1\activation-1.1.1.jar;C:\Users\Bagas Dwi Saputra\.m2\repository\org\apache\maven\surefire\surefire-junit-platform\3.0.0-M5\surefire-junit-platform-3.0.0-M5.jar;C:\Users\Bagas Dwi Saputra\.m2\repository\org\apache\maven\surefire\common-java5\3.0.0-M5\common-java5-3.0.0-M5.jar"/>
    <property name="user.script" value=""/>
    <property name="java.protocol.handler.pkgs" value="com.google.common"/>
    <property name="sun.management.compiler" value="HotSpot 64-Bit Tiered Compilers"/>
    <property name="java.runtime.version" value="11.0.15+10-adhoc..jdk11u"/>
    <property name="user.name" value="Bagas Dwi Saputra"/>
    <property name="path.separator" value=";"/>
    <property name="os.version" value="10.0"/>
    <property name="java.runtime.name" value="OpenJDK Runtime Environment"/>
    <property name="file.encoding" value="Cp1252"/>
    <property name="java.vm.name" value="OpenJDK 64-Bit Server VM"/>
    <property name="java.vendor.version" value="OpenLogic-OpenJDK"/>
    <property name="localRepository" value="C:\Users\Bagas Dwi Saputra\.m2\repository"/>
    <property name="java.vendor.url.bug" value="https://techsupport.roguewave.com/"/>
    <property name="java.io.tmpdir" value="C:\Users\BAGASD~1\AppData\Local\Temp\"/>
    <property name="java.version" value="11.0.15"/>
    <property name="user.dir" value="C:\Alterra\CapstoneBaru\QE\TestingWebUpdate"/>
    <property name="os.arch" value="amd64"/>
    <property name="java.vm.specification.name" value="Java Virtual Machine Specification"/>
    <property name="java.awt.printerjob" value="sun.awt.windows.WPrinterJob"/>
    <property name="sun.os.patch.level" value=""/>
    <property name="java.library.path" value="C:\Program Files\jdk\jdk-11.0.15\bin;C:\Windows\Sun\Java\bin;C:\Windows\system32;C:\Windows;C:\Windows\system32;C:\Windows;C:\Windows\system32\Wbem;C:\Windows\system32\OpenSSH\;C:\Windows\System32\WindowsPowerShell\v1.0;C:\Windows\System32\WindowsPowerShell\v1.0;C:\Users\Bagas Dwi Saputra\AppData\Local\Microsoft\WindowsApps;C:\Program Files\jdk\apache-maven-3.8.5\bin;C:\Program Files\jdk\apache-maven-3.8.5\bin;;."/>
    <property name="java.vm.info" value="mixed mode"/>
    <property name="java.vendor" value="OpenLogic"/>
    <property name="java.vm.version" value="11.0.15+10-adhoc..jdk11u"/>
    <property name="sun.io.unicode.encoding" value="UnicodeLittle"/>
    <property name="java.class.version" value="55.0"/>
  </properties>
  <testcase name="As a admin i want to View archive" classname="Arsip jadwal - admin" time="37.956">
    <system-out><![CDATA[20:23:04.049 [main] INFO io.cucumber.core.plugin.SerenityReporter - Running feature from file:///C:/Alterra/CapstoneBaru/QE/TestingWebUpdate/src/test/resources/features/2LogOut.feature
20:23:04.248 [main] INFO  - 

-------------------------------------------------------------------------------------
     _______. _______ .______       _______ .__   __.  __  .___________.____    ____ 
    /       ||   ____||   _  \     |   ____||  \ |  | |  | |           |\   \  /   / 
   |   (----`|  |__   |  |_)  |    |  |__   |   \|  | |  | `---|  |----` \   \/   /  
    \   \    |   __|  |      /     |   __|  |  . `  | |  |     |  |       \_    _/   
.----)   |   |  |____ |  |\  \----.|  |____ |  |\   | |  |     |  |         |  |     
|_______/    |_______|| _| `._____||_______||__| \__| |__|     |__|         |__|    
                                                                                     
 News and tutorials at http://www.serenity-bdd.info                                  
 Documentation at https://wakaleo.gitbooks.io/the-serenity-book/content/             
 Join the Serenity Community on Gitter: https://gitter.im/serenity-bdd/serenity-core 
 Serenity BDD Support and Training at http://serenity-bdd.info/#/trainingandsupport  
-------------------------------------------------------------------------------------

20:23:04.250 [main] DEBUG net.thucydides.core.steps.StepEventBus - Test suite started for story net.thucydides.core.model.Story@3f0256d1
20:23:04.251 [main] INFO  - Test Suite Started: LogOut Acount - Admin
20:23:04.266 [main] INFO io.cucumber.core.plugin.SerenityReporter - Running feature from file:///C:/Alterra/CapstoneBaru/QE/TestingWebUpdate/src/test/resources/features/4DataPasien.feature
20:23:04.280 [main] DEBUG net.thucydides.core.steps.StepEventBus - Test suite started for story net.thucydides.core.model.Story@b5b91de1
20:23:04.288 [main] INFO  - Test Suite Started: Data Pasien - Admin
20:23:04.288 [main] INFO io.cucumber.core.plugin.SerenityReporter - Running feature from file:///C:/Alterra/CapstoneBaru/QE/TestingWebUpdate/src/test/resources/features/5KelolaJadwal.feature
20:23:04.297 [main] DEBUG net.thucydides.core.steps.StepEventBus - Test suite started for story net.thucydides.core.model.Story@aff70ed2
20:23:04.301 [main] INFO  - Test Suite Started: Kelola jadwal - admin
20:23:04.301 [main] INFO io.cucumber.core.plugin.SerenityReporter - Running feature from file:///C:/Alterra/CapstoneBaru/QE/TestingWebUpdate/src/test/resources/features/6ArsipJadwal.feature
20:23:04.308 [main] DEBUG net.thucydides.core.steps.StepEventBus - Test suite started for story net.thucydides.core.model.Story@49b25d95
20:23:04.308 [main] INFO  - Test Suite Started: Arsip jadwal - admin
20:23:04.308 [main] INFO io.cucumber.core.plugin.SerenityReporter - Running feature from file:///C:/Alterra/CapstoneBaru/QE/TestingWebUpdate/src/test/resources/features/AddDataDokter.feature
20:23:04.323 [main] DEBUG net.thucydides.core.steps.StepEventBus - Test suite started for story net.thucydides.core.model.Story@f27570ba
20:23:04.324 [main] INFO  - Test Suite Started: Add Data Dokter - Admin
20:23:04.324 [main] INFO io.cucumber.core.plugin.SerenityReporter - Running feature from file:///C:/Alterra/CapstoneBaru/QE/TestingWebUpdate/src/test/resources/features/AddDataPasien.feature
20:23:04.332 [main] DEBUG net.thucydides.core.steps.StepEventBus - Test suite started for story net.thucydides.core.model.Story@2ed0929a
20:23:04.332 [main] INFO  - Test Suite Started: Add Data Pasien - Admin
20:23:04.332 [main] INFO io.cucumber.core.plugin.SerenityReporter - Running feature from file:///C:/Alterra/CapstoneBaru/QE/TestingWebUpdate/src/test/resources/features/AddKelolaJadwal.feature
20:23:04.346 [main] DEBUG net.thucydides.core.steps.StepEventBus - Test suite started for story net.thucydides.core.model.Story@346b43ca
20:23:04.346 [main] INFO  - Test Suite Started: Add Kelola Jadwal - Admin
20:23:04.347 [main] INFO io.cucumber.core.plugin.SerenityReporter - Running feature from file:///C:/Alterra/CapstoneBaru/QE/TestingWebUpdate/src/test/resources/features/DeleteDataDokter.feature
20:23:04.349 [main] DEBUG net.thucydides.core.steps.StepEventBus - Test suite started for story net.thucydides.core.model.Story@f29440ba
20:23:04.349 [main] INFO  - Test Suite Started: Delete Data Dokter - Admin
20:23:04.349 [main] INFO io.cucumber.core.plugin.SerenityReporter - Running feature from file:///C:/Alterra/CapstoneBaru/QE/TestingWebUpdate/src/test/resources/features/DeleteDataPasien.feature
20:23:04.360 [main] DEBUG net.thucydides.core.steps.StepEventBus - Test suite started for story net.thucydides.core.model.Story@2eef629a
20:23:04.361 [main] INFO  - Test Suite Started: Delete Data Pasien - Admin
20:23:04.361 [main] INFO io.cucumber.core.plugin.SerenityReporter - Running feature from file:///C:/Alterra/CapstoneBaru/QE/TestingWebUpdate/src/test/resources/features/DetailDataDokter.feature
20:23:04.362 [main] DEBUG net.thucydides.core.steps.StepEventBus - Test suite started for story net.thucydides.core.model.Story@4f1566fa
20:23:04.362 [main] INFO  - Test Suite Started: Detail Data Dokter - Admin
20:23:04.362 [main] INFO io.cucumber.core.plugin.SerenityReporter - Running feature from file:///C:/Alterra/CapstoneBaru/QE/TestingWebUpdate/src/test/resources/features/DetailDataPasien.feature
20:23:04.371 [main] DEBUG net.thucydides.core.steps.StepEventBus - Test suite started for story net.thucydides.core.model.Story@8b7088da
20:23:04.371 [main] INFO  - Test Suite Started: Detail Data Pasien - Admin
20:23:04.371 [main] INFO io.cucumber.core.plugin.SerenityReporter - Running feature from file:///C:/Alterra/CapstoneBaru/QE/TestingWebUpdate/src/test/resources/features/DetailDataReviewArsipJadwal.feature
20:23:04.376 [main] DEBUG net.thucydides.core.steps.StepEventBus - Test suite started for story net.thucydides.core.model.Story@8abb42ff
20:23:04.377 [main] INFO  - Test Suite Started: Detail Review Arsip Jadwal - Admin
20:23:04.377 [main] INFO io.cucumber.core.plugin.SerenityReporter - Running feature from file:///C:/Alterra/CapstoneBaru/QE/TestingWebUpdate/src/test/resources/features/EditDataDokter.feature
20:23:04.385 [main] DEBUG net.thucydides.core.steps.StepEventBus - Test suite started for story net.thucydides.core.model.Story@44a0505a
20:23:04.385 [main] INFO  - Test Suite Started: Edit Data Dokter - Admin
20:23:04.385 [main] INFO io.cucumber.core.plugin.SerenityReporter - Running feature from file:///C:/Alterra/CapstoneBaru/QE/TestingWebUpdate/src/test/resources/features/EditDataPasien.feature
20:23:04.390 [main] DEBUG net.thucydides.core.steps.StepEventBus - Test suite started for story net.thucydides.core.model.Story@80fb723a
20:23:04.390 [main] INFO  - Test Suite Started: Edit Data Pasien - Admin
20:23:04.390 [main] INFO io.cucumber.core.plugin.SerenityReporter - Running feature from file:///C:/Alterra/CapstoneBaru/QE/TestingWebUpdate/src/test/resources/features/SearchArsipJadwal.feature
20:23:04.401 [main] DEBUG net.thucydides.core.steps.StepEventBus - Test suite started for story net.thucydides.core.model.Story@4d12b45e
20:23:04.402 [main] INFO  - Test Suite Started: Search Arsip Jadwal - Admin
20:23:04.402 [main] INFO io.cucumber.core.plugin.SerenityReporter - Running feature from file:///C:/Alterra/CapstoneBaru/QE/TestingWebUpdate/src/test/resources/features/SearchDataDokter.feature
20:23:04.407 [main] DEBUG net.thucydides.core.steps.StepEventBus - Test suite started for story net.thucydides.core.model.Story@b9f7eb9a
20:23:04.407 [main] INFO  - Test Suite Started: Search Data Dokter - Admin
20:23:04.407 [main] INFO io.cucumber.core.plugin.SerenityReporter - Running feature from file:///C:/Alterra/CapstoneBaru/QE/TestingWebUpdate/src/test/resources/features/SearchDataPasien.feature
20:23:04.412 [main] DEBUG net.thucydides.core.steps.StepEventBus - Test suite started for story net.thucydides.core.model.Story@f6530d7a
20:23:04.412 [main] INFO  - Test Suite Started: Search Data Pasien - Admin
20:23:04.412 [main] INFO io.cucumber.core.plugin.SerenityReporter - Running feature from file:///C:/Alterra/CapstoneBaru/QE/TestingWebUpdate/src/test/resources/features/SearchKelolaJadwal.feature
20:23:04.414 [main] DEBUG net.thucydides.core.steps.StepEventBus - Test suite started for story net.thucydides.core.model.Story@253a86aa
20:23:04.414 [main] INFO  - Test Suite Started: Search Kelola Jadwal - Admin
20:23:04.414 [main] INFO io.cucumber.core.plugin.SerenityReporter - Running feature from file:///C:/Alterra/CapstoneBaru/QE/TestingWebUpdate/src/test/resources/features/ViewArsipJadwal.feature
20:23:04.420 [main] DEBUG net.thucydides.core.steps.StepEventBus - Test suite started for story net.thucydides.core.model.Story@cccefd7e
20:23:04.420 [main] INFO  - Test Suite Started: View Arsip Jadwal - Admin
20:23:04.420 [main] INFO io.cucumber.core.plugin.SerenityReporter - Running feature from file:///C:/Alterra/CapstoneBaru/QE/TestingWebUpdate/src/test/resources/features/ViewDataDokter.feature
20:23:04.429 [main] DEBUG net.thucydides.core.steps.StepEventBus - Test suite started for story net.thucydides.core.model.Story@5afdfe7a
20:23:04.429 [main] INFO  - Test Suite Started: View Data Dokter - Admin
20:23:04.429 [main] INFO io.cucumber.core.plugin.SerenityReporter - Running feature from file:///C:/Alterra/CapstoneBaru/QE/TestingWebUpdate/src/test/resources/features/ViewDataPasien.feature
20:23:04.435 [main] DEBUG net.thucydides.core.steps.StepEventBus - Test suite started for story net.thucydides.core.model.Story@9759205a
20:23:04.435 [main] INFO  - Test Suite Started: View Data Pasien - Admin
20:23:04.436 [main] INFO io.cucumber.core.plugin.SerenityReporter - Running feature from file:///C:/Alterra/CapstoneBaru/QE/TestingWebUpdate/src/test/resources/features/ViewKelolaJadwal.feature
20:23:04.439 [main] DEBUG net.thucydides.core.steps.StepEventBus - Test suite started for story net.thucydides.core.model.Story@9d07618a
20:23:04.439 [main] INFO  - Test Suite Started: View Kelola Jadwal - Admin
20:23:04.439 [main] INFO io.cucumber.core.plugin.SerenityReporter - Running feature from file:///C:/Alterra/CapstoneBaru/QE/TestingWebUpdate/src/test/resources/features/6ArsipJadwal.feature
20:23:04.446 [main] DEBUG net.thucydides.core.steps.StepEventBus - Test suite started for story net.thucydides.core.model.Story@49b25d95
20:23:04.447 [main] INFO  - Test Suite Started: Arsip jadwal - admin

@ArsipJadwal111 @ViewArsipJadwal
Scenario Outline: As a admin i want to View archive &amp#27;[90m# src/test/resources/features/6ArsipJadwal.feature:15&amp#27;[0m
20:23:04.592 [main] INFO io.cucumber.core.plugin.SerenityReporter - Running feature from file:///C:/Alterra/CapstoneBaru/QE/TestingWebUpdate/src/test/resources/features/6ArsipJadwal.feature
20:23:04.720 [main] INFO  - 
  _____   ___   ___   _____     ___   _____     _     ___   _____   ___   ___  
 |_   _| | __| / __| |_   _|   / __| |_   _|   /_\   | _ \ |_   _| | __| |   \ 
   | |   | _|  \__ \   | |     \__ \   | |    / _ \  |   /   | |   | _|  | |) |
   |_|   |___| |___/   |_|     |___/   |_|   /_/ \_\ |_|_\   |_|   |___| |___/ 

As a admin i want to View archive(arsip-jadwal---admin;as-a-admin-i-want-to-view-archive)
--------------------------------------------------------------------------------
20:23:05.887 [main] DEBUG net.thucydides.core.steps.StepInterceptor - STARTING STEP: LoginSteps.openLoginPage - openLogin
20:23:05.933 [main] INFO net.serenitybdd.core.webdriver.driverproviders.ChromeDriverProvider - Using automatically driver download
20:23:07.094 [main] DEBUG io.github.bonigarcia.wdm.cache.ResolutionCache - Removing resolution chrome=103 from cache (expired on Sun Jul 17 20:05:23 ICT 2022)
20:23:07.127 [main] DEBUG org.apache.hc.client5.http.impl.classic.InternalHttpClient - ex-00000001: preparing request execution
20:23:07.138 [main] DEBUG org.apache.hc.client5.http.protocol.RequestAddCookies - Cookie spec selected: strict
20:23:07.141 [main] DEBUG org.apache.hc.client5.http.protocol.RequestAuthCache - Auth cache not set in the context
20:23:07.141 [main] DEBUG org.apache.hc.client5.http.impl.classic.ProtocolExec - ex-00000001: target auth state: UNCHALLENGED
20:23:07.141 [main] DEBUG org.apache.hc.client5.http.impl.classic.ProtocolExec - ex-00000001: proxy auth state: UNCHALLENGED
20:23:07.141 [main] DEBUG org.apache.hc.client5.http.impl.classic.ConnectExec - ex-00000001: acquiring connection with route {s}->https://raw.githubusercontent.com:443
20:23:07.141 [main] DEBUG org.apache.hc.client5.http.impl.classic.InternalHttpClient - ex-00000001: acquiring endpoint (3 MINUTES)
20:23:07.141 [main] DEBUG org.apache.hc.client5.http.impl.io.PoolingHttpClientConnectionManager - ex-00000001: endpoint lease request (3 MINUTES) [route: {s}->https://raw.githubusercontent.com:443][total available: 0; route allocated: 0 of 5; total allocated: 0 of 25]
20:23:07.160 [main] DEBUG org.apache.hc.client5.http.impl.io.PoolingHttpClientConnectionManager - ex-00000001: endpoint leased [route: {s}->https://raw.githubusercontent.com:443][total available: 0; route allocated: 1 of 5; total allocated: 1 of 25]
20:23:07.176 [main] DEBUG org.apache.hc.client5.http.impl.io.PoolingHttpClientConnectionManager - ex-00000001: acquired ep-00000000
20:23:07.176 [main] DEBUG org.apache.hc.client5.http.impl.classic.InternalHttpClient - ex-00000001: acquired endpoint ep-00000000
20:23:07.176 [main] DEBUG org.apache.hc.client5.http.impl.classic.ConnectExec - ex-00000001: opening connection {s}->https://raw.githubusercontent.com:443
20:23:07.176 [main] DEBUG org.apache.hc.client5.http.impl.classic.InternalHttpClient - ep-00000000: connecting endpoint (30 SECONDS)
20:23:07.176 [main] DEBUG org.apache.hc.client5.http.impl.io.PoolingHttpClientConnectionManager - ep-00000000: connecting endpoint to https://raw.githubusercontent.com:443 (30 SECONDS)
20:23:07.223 [main] DEBUG org.apache.hc.client5.http.impl.io.DefaultHttpClientConnectionOperator - http-outgoing-0: connecting to raw.githubusercontent.com/185.199.108.133:443
20:23:07.223 [main] DEBUG org.apache.hc.client5.http.ssl.SSLConnectionSocketFactory - Connecting socket to raw.githubusercontent.com/185.199.108.133:443 with timeout 30 SECONDS
20:23:07.288 [main] DEBUG org.apache.hc.client5.http.ssl.SSLConnectionSocketFactory - Enabled protocols: [TLSv1.3, TLSv1.2]
20:23:07.288 [main] DEBUG org.apache.hc.client5.http.ssl.SSLConnectionSocketFactory - Enabled cipher suites: [TLS_AES_256_GCM_SHA384, TLS_AES_128_GCM_SHA256, TLS_CHACHA20_POLY1305_SHA256, TLS_ECDHE_ECDSA_WITH_AES_256_GCM_SHA384, TLS_ECDHE_ECDSA_WITH_AES_128_GCM_SHA256, TLS_ECDHE_ECDSA_WITH_CHACHA20_POLY1305_SHA256, TLS_ECDHE_RSA_WITH_AES_256_GCM_SHA384, TLS_ECDHE_RSA_WITH_CHACHA20_POLY1305_SHA256, TLS_ECDHE_RSA_WITH_AES_128_GCM_SHA256, TLS_DHE_RSA_WITH_AES_256_GCM_SHA384, TLS_DHE_RSA_WITH_CHACHA20_POLY1305_SHA256, TLS_DHE_DSS_WITH_AES_256_GCM_SHA384, TLS_DHE_RSA_WITH_AES_128_GCM_SHA256, TLS_DHE_DSS_WITH_AES_128_GCM_SHA256, TLS_ECDHE_ECDSA_WITH_AES_256_CBC_SHA384, TLS_ECDHE_RSA_WITH_AES_256_CBC_SHA384, TLS_ECDHE_ECDSA_WITH_AES_128_CBC_SHA256, TLS_ECDHE_RSA_WITH_AES_128_CBC_SHA256, TLS_DHE_RSA_WITH_AES_256_CBC_SHA256, TLS_DHE_DSS_WITH_AES_256_CBC_SHA256, TLS_DHE_RSA_WITH_AES_128_CBC_SHA256, TLS_DHE_DSS_WITH_AES_128_CBC_SHA256, TLS_ECDH_ECDSA_WITH_AES_256_GCM_SHA384, TLS_ECDH_RSA_WITH_AES_256_GCM_SHA384, TLS_ECDH_ECDSA_WITH_AES_128_GCM_SHA256, TLS_ECDH_RSA_WITH_AES_128_GCM_SHA256, TLS_ECDH_ECDSA_WITH_AES_256_CBC_SHA384, TLS_ECDH_RSA_WITH_AES_256_CBC_SHA384, TLS_ECDH_ECDSA_WITH_AES_128_CBC_SHA256, TLS_ECDH_RSA_WITH_AES_128_CBC_SHA256, TLS_ECDHE_ECDSA_WITH_AES_256_CBC_SHA, TLS_ECDHE_RSA_WITH_AES_256_CBC_SHA, TLS_ECDHE_ECDSA_WITH_AES_128_CBC_SHA, TLS_ECDHE_RSA_WITH_AES_128_CBC_SHA, TLS_DHE_RSA_WITH_AES_256_CBC_SHA, TLS_DHE_DSS_WITH_AES_256_CBC_SHA, TLS_DHE_RSA_WITH_AES_128_CBC_SHA, TLS_DHE_DSS_WITH_AES_128_CBC_SHA, TLS_ECDH_ECDSA_WITH_AES_256_CBC_SHA, TLS_ECDH_RSA_WITH_AES_256_CBC_SHA, TLS_ECDH_ECDSA_WITH_AES_128_CBC_SHA, TLS_ECDH_RSA_WITH_AES_128_CBC_SHA, TLS_RSA_WITH_AES_256_GCM_SHA384, TLS_RSA_WITH_AES_128_GCM_SHA256, TLS_RSA_WITH_AES_256_CBC_SHA256, TLS_RSA_WITH_AES_128_CBC_SHA256, TLS_RSA_WITH_AES_256_CBC_SHA, TLS_RSA_WITH_AES_128_CBC_SHA, TLS_EMPTY_RENEGOTIATION_INFO_SCSV]
20:23:07.288 [main] DEBUG org.apache.hc.client5.http.ssl.SSLConnectionSocketFactory - Starting handshake
20:23:07.496 [main] DEBUG org.apache.hc.client5.http.ssl.SSLConnectionSocketFactory - Secure session established
20:23:07.496 [main] DEBUG org.apache.hc.client5.http.ssl.SSLConnectionSocketFactory -  negotiated protocol: TLSv1.3
20:23:07.496 [main] DEBUG org.apache.hc.client5.http.ssl.SSLConnectionSocketFactory -  negotiated cipher suite: TLS_AES_256_GCM_SHA384
20:23:07.496 [main] DEBUG org.apache.hc.client5.http.ssl.SSLConnectionSocketFactory -  peer principal: CN=*.github.io, O="GitHub, Inc.", L=San Francisco, ST=California, C=US
20:23:07.503 [main] DEBUG org.apache.hc.client5.http.ssl.SSLConnectionSocketFactory -  peer alternative names: [*.github.io, github.com, *.github.com, www.github.com, github.io, githubusercontent.com, *.githubusercontent.com]
20:23:07.503 [main] DEBUG org.apache.hc.client5.http.ssl.SSLConnectionSocketFactory -  issuer principal: CN=DigiCert TLS RSA SHA256 2020 CA1, O=DigiCert Inc, C=US
20:23:07.503 [main] DEBUG org.apache.hc.client5.http.impl.io.DefaultHttpClientConnectionOperator - http-outgoing-0: connection established 192.168.100.42:51287<->185.199.108.133:443
20:23:07.503 [main] DEBUG org.apache.hc.client5.http.impl.io.PoolingHttpClientConnectionManager - ep-00000000: connected http-outgoing-0
20:23:07.503 [main] DEBUG org.apache.hc.client5.http.impl.classic.InternalHttpClient - ep-00000000: endpoint connected
20:23:07.505 [main] DEBUG org.apache.hc.client5.http.impl.classic.MainClientExec - ex-00000001: executing GET /bonigarcia/webdrivermanager/master/src/main/resources/commands.properties HTTP/1.1
20:23:07.505 [main] DEBUG org.apache.hc.client5.http.impl.classic.InternalHttpClient - ep-00000000: start execution ex-00000001
20:23:07.506 [main] DEBUG org.apache.hc.client5.http.impl.io.PoolingHttpClientConnectionManager - ep-00000000: executing exchange ex-00000001 over http-outgoing-0
20:23:07.506 [main] DEBUG org.apache.hc.client5.http.headers - http-outgoing-0 >> GET /bonigarcia/webdrivermanager/master/src/main/resources/commands.properties HTTP/1.1
20:23:07.506 [main] DEBUG org.apache.hc.client5.http.headers - http-outgoing-0 >> user-agent: Apache-HttpClient/5.0
20:23:07.506 [main] DEBUG org.apache.hc.client5.http.headers - http-outgoing-0 >> accept-encoding: gzip, deflate, br
20:23:07.506 [main] DEBUG org.apache.hc.client5.http.headers - http-outgoing-0 >> cache-control: max-age=0
20:23:07.506 [main] DEBUG org.apache.hc.client5.http.headers - http-outgoing-0 >> connection: keep-alive
20:23:07.506 [main] DEBUG org.apache.hc.client5.http.headers - http-outgoing-0 >> Host: raw.githubusercontent.com
20:23:07.506 [main] DEBUG org.apache.hc.client5.http.wire - http-outgoing-0 >> "GET /bonigarcia/webdrivermanager/master/src/main/resources/commands.properties HTTP/1.1[\r][\n]"
20:23:07.506 [main] DEBUG org.apache.hc.client5.http.wire - http-outgoing-0 >> "user-agent: Apache-HttpClient/5.0[\r][\n]"
20:23:07.506 [main] DEBUG org.apache.hc.client5.http.wire - http-outgoing-0 >> "accept-encoding: gzip, deflate, br[\r][\n]"
20:23:07.506 [main] DEBUG org.apache.hc.client5.http.wire - http-outgoing-0 >> "cache-control: max-age=0[\r][\n]"
20:23:07.506 [main] DEBUG org.apache.hc.client5.http.wire - http-outgoing-0 >> "connection: keep-alive[\r][\n]"
20:23:07.506 [main] DEBUG org.apache.hc.client5.http.wire - http-outgoing-0 >> "Host: raw.githubusercontent.com[\r][\n]"
20:23:07.506 [main] DEBUG org.apache.hc.client5.http.wire - http-outgoing-0 >> "[\r][\n]"
20:23:07.545 [main] DEBUG org.apache.hc.client5.http.wire - http-outgoing-0 << "HTTP/1.1 200 OK[\r][\n]"
20:23:07.546 [main] DEBUG org.apache.hc.client5.http.wire - http-outgoing-0 << "Connection: keep-alive[\r][\n]"
20:23:07.546 [main] DEBUG org.apache.hc.client5.http.wire - http-outgoing-0 << "Content-Length: 723[\r][\n]"
20:23:07.546 [main] DEBUG org.apache.hc.client5.http.wire - http-outgoing-0 << "Cache-Control: max-age=300[\r][\n]"
20:23:07.546 [main] DEBUG org.apache.hc.client5.http.wire - http-outgoing-0 << "Content-Security-Policy: default-src 'none'; style-src 'unsafe-inline'; sandbox[\r][\n]"
20:23:07.546 [main] DEBUG org.apache.hc.client5.http.wire - http-outgoing-0 << "Content-Type: text/plain; charset=utf-8[\r][\n]"
20:23:07.546 [main] DEBUG org.apache.hc.client5.http.wire - http-outgoing-0 << "ETag: W/"e82b438271e9e8680c688b0b680efd0bdd22faa6d6f0a32fc1fd8accc486b67e"[\r][\n]"
20:23:07.546 [main] DEBUG org.apache.hc.client5.http.wire - http-outgoing-0 << "Strict-Transport-Security: max-age=31536000[\r][\n]"
20:23:07.546 [main] DEBUG org.apache.hc.client5.http.wire - http-outgoing-0 << "X-Content-Type-Options: nosniff[\r][\n]"
20:23:07.546 [main] DEBUG org.apache.hc.client5.http.wire - http-outgoing-0 << "X-Frame-Options: deny[\r][\n]"
20:23:07.546 [main] DEBUG org.apache.hc.client5.http.wire - http-outgoing-0 << "X-XSS-Protection: 1; mode=block[\r][\n]"
20:23:07.546 [main] DEBUG org.apache.hc.client5.http.wire - http-outgoing-0 << "X-GitHub-Request-Id: 8C88:0B5B:52CD10:70F5C6:62CA17D0[\r][\n]"
20:23:07.546 [main] DEBUG org.apache.hc.client5.http.wire - http-outgoing-0 << "Content-Encoding: gzip[\r][\n]"
20:23:07.547 [main] DEBUG org.apache.hc.client5.http.wire - http-outgoing-0 << "Accept-Ranges: bytes[\r][\n]"
20:23:07.547 [main] DEBUG org.apache.hc.client5.http.wire - http-outgoing-0 << "Date: Sun, 17 Jul 2022 13:26:50 GMT[\r][\n]"
20:23:07.547 [main] DEBUG org.apache.hc.client5.http.wire - http-outgoing-0 << "Via: 1.1 varnish[\r][\n]"
20:23:07.547 [main] DEBUG org.apache.hc.client5.http.wire - http-outgoing-0 << "X-Served-By: cache-qpg1269-QPG[\r][\n]"
20:23:07.547 [main] DEBUG org.apache.hc.client5.http.wire - http-outgoing-0 << "X-Cache: HIT[\r][\n]"
20:23:07.547 [main] DEBUG org.apache.hc.client5.http.wire - http-outgoing-0 << "X-Cache-Hits: 1[\r][\n]"
20:23:07.547 [main] DEBUG org.apache.hc.client5.http.wire - http-outgoing-0 << "X-Timer: S1658064411.948069,VS0,VE1[\r][\n]"
20:23:07.547 [main] DEBUG org.apache.hc.client5.http.wire - http-outgoing-0 << "Vary: Authorization,Accept-Encoding,Origin[\r][\n]"
20:23:07.547 [main] DEBUG org.apache.hc.client5.http.wire - http-outgoing-0 << "Access-Control-Allow-Origin: *[\r][\n]"
20:23:07.548 [main] DEBUG org.apache.hc.client5.http.wire - http-outgoing-0 << "X-Fastly-Request-ID: 9fdd6ae25fe020244a117e87163c5239f2a349f7[\r][\n]"
20:23:07.549 [main] DEBUG org.apache.hc.client5.http.wire - http-outgoing-0 << "Expires: Sun, 17 Jul 2022 13:31:50 GMT[\r][\n]"
20:23:07.549 [main] DEBUG org.apache.hc.client5.http.wire - http-outgoing-0 << "Source-Age: 291[\r][\n]"
20:23:07.549 [main] DEBUG org.apache.hc.client5.http.wire - http-outgoing-0 << "[\r][\n]"
20:23:07.557 [main] DEBUG org.apache.hc.client5.http.headers - http-outgoing-0 << HTTP/1.1 200 OK
20:23:07.557 [main] DEBUG org.apache.hc.client5.http.headers - http-outgoing-0 << Connection: keep-alive
20:23:07.558 [main] DEBUG org.apache.hc.client5.http.headers - http-outgoing-0 << Content-Length: 723
20:23:07.558 [main] DEBUG org.apache.hc.client5.http.headers - http-outgoing-0 << Cache-Control: max-age=300
20:23:07.558 [main] DEBUG org.apache.hc.client5.http.headers - http-outgoing-0 << Content-Security-Policy: default-src 'none'; style-src 'unsafe-inline'; sandbox
20:23:07.558 [main] DEBUG org.apache.hc.client5.http.headers - http-outgoing-0 << Content-Type: text/plain; charset=utf-8
20:23:07.558 [main] DEBUG org.apache.hc.client5.http.headers - http-outgoing-0 << ETag: W/"e82b438271e9e8680c688b0b680efd0bdd22faa6d6f0a32fc1fd8accc486b67e"
20:23:07.558 [main] DEBUG org.apache.hc.client5.http.headers - http-outgoing-0 << Strict-Transport-Security: max-age=31536000
20:23:07.558 [main] DEBUG org.apache.hc.client5.http.headers - http-outgoing-0 << X-Content-Type-Options: nosniff
20:23:07.558 [main] DEBUG org.apache.hc.client5.http.headers - http-outgoing-0 << X-Frame-Options: deny
20:23:07.559 [main] DEBUG org.apache.hc.client5.http.headers - http-outgoing-0 << X-XSS-Protection: 1; mode=block
20:23:07.559 [main] DEBUG org.apache.hc.client5.http.headers - http-outgoing-0 << X-GitHub-Request-Id: 8C88:0B5B:52CD10:70F5C6:62CA17D0
20:23:07.559 [main] DEBUG org.apache.hc.client5.http.headers - http-outgoing-0 << Content-Encoding: gzip
20:23:07.559 [main] DEBUG org.apache.hc.client5.http.headers - http-outgoing-0 << Accept-Ranges: bytes
20:23:07.559 [main] DEBUG org.apache.hc.client5.http.headers - http-outgoing-0 << Date: Sun, 17 Jul 2022 13:26:50 GMT
20:23:07.559 [main] DEBUG org.apache.hc.client5.http.headers - http-outgoing-0 << Via: 1.1 varnish
20:23:07.559 [main] DEBUG org.apache.hc.client5.http.headers - http-outgoing-0 << X-Served-By: cache-qpg1269-QPG
20:23:07.559 [main] DEBUG org.apache.hc.client5.http.headers - http-outgoing-0 << X-Cache: HIT
20:23:07.559 [main] DEBUG org.apache.hc.client5.http.headers - http-outgoing-0 << X-Cache-Hits: 1
20:23:07.559 [main] DEBUG org.apache.hc.client5.http.headers - http-outgoing-0 << X-Timer: S1658064411.948069,VS0,VE1
20:23:07.559 [main] DEBUG org.apache.hc.client5.http.headers - http-outgoing-0 << Vary: Authorization,Accept-Encoding,Origin
20:23:07.559 [main] DEBUG org.apache.hc.client5.http.headers - http-outgoing-0 << Access-Control-Allow-Origin: *
20:23:07.559 [main] DEBUG org.apache.hc.client5.http.headers - http-outgoing-0 << X-Fastly-Request-ID: 9fdd6ae25fe020244a117e87163c5239f2a349f7
20:23:07.559 [main] DEBUG org.apache.hc.client5.http.headers - http-outgoing-0 << Expires: Sun, 17 Jul 2022 13:31:50 GMT
20:23:07.559 [main] DEBUG org.apache.hc.client5.http.headers - http-outgoing-0 << Source-Age: 291
20:23:07.568 [main] DEBUG org.apache.hc.client5.http.impl.classic.MainClientExec - ex-00000001: connection can be kept alive for 3 MINUTES
20:23:07.568 [main] DEBUG org.apache.hc.client5.http.wire - http-outgoing-0 << "[0x1f][0xffffff8b][0x8][0x0][0x0][0x0][0x0][0x0][0x0][0x3][0xffffffb5]V]o[0xffffffda]0[0x14]}[0xffffffe7]W\[0xffffff81]*[0xffffffb5][0x12][0x1f][[M[0xffffffd3]$[0x1e]hF[0xffffffbb]i [0x18][0xffffffb4][0xffffffdd]&[0xfffffff9][0xffffffc5]$7[0xffffffc1]R[0x12]#;[0xffffff94]v[0xffffffbf]~[0xffffffb6][0xfffffff3]1[0xffffff92][0xffffff9a][0xffffffc1][0x1a]x[0xffffffcb][0xffffffb5][0xffffffaf][0xffffffcf]9[0xffffffbe][0xfffffff7]8v[0xb][0x1c][0x1e]E4[0xfffffff6]$x4[0xffffffa1][0xb]*[0xffffffb1][0xffffffd1][0xffffff82][0xfffffffb]%[0xffffff93][0xffffffe0][0xffffffb3][0x10][0xffffffc1][0xffffffe5]qBY,!Y[0xffffffea] KM8,[0x10][0xfffffff0][0x19][0xffffffdd]u[0xffffff82][0x1e][0xffffffb0][0xffffffd8]L[0xffffffcb]%[0xffffff86][0xffffffa1][0xe][0xffffffb8][0xfffffff0]P[0xffffffe8]$[0xf][0x13]t[0x13]3[0xfffffff9][0xffffff84]B2[0xffffffae][0xffffffe6]|@[0xfffffff5][0x1d][0x8][0xffffffc4][0x18][0x16][0xffffff82]o[0xffffffa4][0xffffff9a]P[0xffffff94][0xffffffe7][0xffffffce]R[0xfffffff0][0x8][0xffffffdb]p[0xffffffcb][0x4][0xfffffffa][0xfffffffc][0xffffffb9][\r][0xffffff93][0x15][\n]"
20:23:07.582 [main] DEBUG org.apache.hc.client5.http.wire - http-outgoing-0 << "[0xffffffda][0xffffff86][0xffffffa1][0x17][0xffffffa8]Q3[0xffffffcb][0xffffffd6][0xffffffd1][0xffffff85][0xffffffc6][0xfffffff7][0xffffff98][0xffffffef][0xffffffa3][0xffffffc0]8[0x1][0xffffffae]s[0x12][0x16][0x7] _d[0xffffff82][0xffffff91][0xffffff84][0xfffffff3][0x1f],[0xfffffff6][0x14]j[0x1b]F,^+[0xffffff98]1ua2[0xffffffbf]h([0xffffff8e][0xffffff94][0xffffffa2][0xffffff91]m[0xffffffa3][0xffffffeb][0xffffff9a][0xffffffb0][0xffffffbb]I[0x17]t[0xffffffdf][0xffffffbd][0xffffffef][0xffffffbb][0xffffff91][0xffffffd7]U[0xffffffbb][0xffffff82][0xffffff9e][0x3][0xffffff9b][0xffffff88][0xffffffb9][0xffffffa6]$[0xffffffa6][0xc][0xffffff9b][0xffffffa5][0xffffffe2][0xffffff83][0xffffff98]F[0xffffffd8]o[0xffffff9e]Mg[0xffffff93][0xffffffbb][0xffffffd9]`|[0xfffffffb]u4[0xffffff9c][0x7f]"}B[0xffffffce][0x8][0xffffffb9][0xffffffe3]<[0x8][0xffffff91][0xffffff90][0xffffff94][0xffffff82][0xffffff90][0xffffffc1]j[0x15]2WI[0xffffffe3]1![0x19][0xffffff91]BnB[0xffffff80][0x9]<f[0xffffffb5][0xffffffe8]=[0xffffffd1]p[0xffffffbd][[0xffffffcf][0xffffffe5][0x1b][0xfffffff4][0xffffff9c][0xffffffff][0xfffffffc][0xfffffff8][0xffffffe1][0xffffffe2][0xffffff94][0xffffffa2][0xffffffae][0xe][0x14]5[0xffffff9a]8[0xffffff83][0xffffffd1]`:[0xfffffffd]<[0xffffffb8][0x1f][0xffffff9c]R[0xffffffcf]u[0x7f]6[0xffffffbc][0xffffff83][0xffffffef][0xf][0xffffffc3][0xffffffd9]/[0xfffffff8][0xfffffff2][0xffffffcd]y s[0xffffffee]'[0x1b]*0g[0xffffffcb][0xffffffc8]nF7H][0xffffff83][0xffffff97]{[0xffffffb1]Q[0x5][\r][0xffffffb5]c[0xffffffb4][0xf][0x2][0xffffffb3][0xffffffb4][0xffffff93][0xe]C[0xffffffa7][0xffffffb3]kAD][0xffffff9d][0xffffffde][0xffffffdb][0xffffffda][0xffffff88][0xffffffec][0xffffffa5][0xffffffbc][0xffffff99][0xffffffd9][0xffffffba]t[0xffffffb5][0xffffffea]9[0xffffffea][0x10])[0xffffffb7][0xffffffca][0xffffff9e][0xfffffff2][0xffffffe2]d^N[0xffffffd8]FW[0x16][0xffffffcd][0xffffffdc]_[0x10][0xfffffff9]i|[0x1c][0xffffff93][0xffffff8e][0xfffffff9]o[0x16][0xffffff86]4'!$G[0xffffffdf]W[0xfffffff4]W*j[[0xfffffff3]xR[0xffffffae][0xffffffb6][0xc][0xffffffd0],; #[0xffffffa9][0xffffff92]5[0xffffffb5][0x7][0xffffff9c][0xffffffb5][0xffffffd0][0x7f][0xffffff90][0xffffffc7]jgs[0xfffffffc][0xffffffc2][0xb][0xffffffd9][0x0]t[0xffffff9e]^'Y[0xfffffffb][0xffffff9f][0xffffffb1][0xffffffd8]:[0xffffffbf][0xffffff8d][0xffffffa5][0xffffff9a][0xffffffad][0x7f]m[0x5]&[0xffffffaa][0xffffffa0]^[0xffffff9b][0xffffffcb][0x5]f[0xffffffae][0xffffffe0]RU[0xffffff82][0x10]MS9l[0xffffff91]4t[0xfffffffb][0xffffff8a]][0xffffffd6][0xfffffff4][0xffffff96][0xffffffa6][0xffffff9f]P[0xffffffce][0xffffffd5][0xffffffce][0xffffff93][0xffffffff][0xffffff97][0xffffffcc]p[0xfffffffd][0xfffffff3][0xffffffe8][0x1b][0xffffffcc][0xffffffa2][0xffffffd9]Q[0xffffffbe][0xffffffb2][0xffffffa3][0xffffffc7]m'[0xffffffdf][0xffffffe4][[0xfffffffb]^[0xffffffb0][0xffffff9a][0xffffffbe][0xffffffda][0xffffffda]_[0xffffffce][0xffffff80][0xffffffd2][0xffffffc1]7[0xffffffb7]][0xffffffc1]b[0xffffffee][0xffffffb5][0xffffffff]w[0xffffff83][0xffffffed][0xffffffa7];[0x15]<[0x10]4[0xffffff92][0xffffff84][0x18][\n]"
20:23:07.583 [main] DEBUG org.apache.hc.client5.http.wire - http-outgoing-0 << "BB[0xffffffba][0xffffff8e]][0xffffffb5]jo[0xffffffb9]+"[0xffffffea][0xffffffb4][0xffffffff]h"[0xffffffea]\?5[0xffffffa9][0xffffffaf]k[0xffffffec][0xffffffff]P[0xffffffea][\n]"
20:23:07.583 [main] DEBUG org.apache.hc.client5.http.wire - http-outgoing-0 << "w[0xffffffe1]K[0x13][0xffffffda][0xffffffec][0xffffff98][0xffffffe6]Y[0xfffffffd]h8m6[0xffffff9c]T[0xffffffc1][0xfffffff2][0xffffffa7][0xffffff91]z_[0xffffff95]o85p[0x1c][0x13][0xffffffe6][0xfffffff0]5[0xffffffee][0xfffffffc][0xffffff92][0xffffff96][0xffffffda][0xfffffff7][0xffffffcf][0xffffffb1][0x5][0x1d][0xffffffea]K[0xffffff9b]9[0xffffff8e][0xffffffad]e[0xfffffff7][0xffffff93][0xffffffa8]`[0xffffffda][0xffffffff][0x1a][0xffffffd2][0xffffff88][0xffffff85][0xfffffffd][0xfffffff2][0xffffff91]N[0xfffffff6]`[0xffffffdf]2[0xffffffcf][0xffffffae]E[0xffffff97][0xffffffc5][0xffffffa2][0xffffff9d][0xffffffef]'[0xffffff9d]mun.[0xffffffd3]f^[0xffffffc7][0xffffff82][0xffffffda][0xffffff82]9[0xfffffff5][0xffffffa9]`[0x5][0xffffffbc]4[0xffffffa1][0x1d]<M[0xffffffb5]A[0xffffffa7]3[[0xffffffc0][0x7f][0x0][0xffffffc1][0xffffffd0]$[0xffffff85][0x1d][\r][0x0][0x0]"
20:23:07.583 [main] DEBUG org.apache.hc.client5.http.impl.classic.InternalHttpClient - ep-00000000: releasing valid endpoint
20:23:07.583 [main] DEBUG org.apache.hc.client5.http.impl.io.PoolingHttpClientConnectionManager - ep-00000000: releasing endpoint
20:23:07.583 [main] DEBUG org.apache.hc.client5.http.impl.io.PoolingHttpClientConnectionManager - ep-00000000: connection http-outgoing-0 can be kept alive for 3 MINUTES
20:23:07.583 [main] DEBUG org.apache.hc.client5.http.impl.io.PoolingHttpClientConnectionManager - ep-00000000: connection released [route: {s}->https://raw.githubusercontent.com:443][total available: 1; route allocated: 1 of 5; total allocated: 1 of 25]
20:23:07.583 [main] DEBUG io.github.bonigarcia.wdm.versions.VersionDetector - Detecting chrome version using online commands.properties
20:23:07.592 [main] DEBUG io.github.bonigarcia.wdm.versions.Shell - Running command on the shell: [cmd.exe, /C, wmic, datafile, where, name="%PROGRAMFILES:\=\\%\\Google\\Chrome\\Application\\chrome.exe", get, Version, /value]
20:23:07.913 [main] DEBUG io.github.bonigarcia.wdm.versions.Shell - Result: 
20:23:07.914 [main] DEBUG io.github.bonigarcia.wdm.versions.Shell - Running command on the shell: [cmd.exe, /C, wmic, datafile, where, name="%PROGRAMFILES(X86):\=\\%\\Google\\Chrome\\Application\\chrome.exe", get, Version, /value]
20:23:08.066 [main] DEBUG io.github.bonigarcia.wdm.versions.Shell - Result: Version=103.0.5060.114
20:23:08.074 [main] DEBUG io.github.bonigarcia.wdm.cache.ResolutionCache - Resolution chrome103=103.0.5060.53 in cache (valid until 17:54:33 18/07/2022 ICT)
20:23:08.083 [main] INFO io.github.bonigarcia.wdm.WebDriverManager - Using chromedriver 103.0.5060.53 (resolved driver for Chrome 103)
20:23:08.132 [main] DEBUG io.github.bonigarcia.wdm.cache.ResolutionCache - Storing resolution chrome=103 in cache (valid until 21:23:08 17/07/2022 ICT)
20:23:08.165 [main] DEBUG io.github.bonigarcia.wdm.WebDriverManager - Driver chromedriver 103.0.5060.53 found in cache
20:23:08.165 [main] INFO io.github.bonigarcia.wdm.WebDriverManager - Exporting webdriver.chrome.driver as C:\Users\Bagas Dwi Saputra\.cache\selenium\chromedriver\win32\103.0.5060.53\chromedriver.exe
20:23:09.111 [main] DEBUG net.thucydides.core.reflection.ClassFinder - Could not load class .CucumberTestSuite
20:23:09.111 [main] DEBUG net.thucydides.core.reflection.ClassFinder - Could not load class .starter.pages.ArsipJadwalPage
20:23:09.111 [main] DEBUG net.thucydides.core.reflection.ClassFinder - Could not load class .starter.pages.DashboardPage
20:23:09.115 [main] DEBUG net.thucydides.core.reflection.ClassFinder - Could not load class .starter.pages.DokterDataPage
20:23:09.115 [main] DEBUG net.thucydides.core.reflection.ClassFinder - Could not load class .starter.pages.KelolaJadwalPage
20:23:09.116 [main] DEBUG net.thucydides.core.reflection.ClassFinder - Could not load class .starter.pages.LoginPage
20:23:09.116 [main] DEBUG net.thucydides.core.reflection.ClassFinder - Could not load class .starter.pages.PatientDataPage
20:23:09.116 [main] DEBUG net.thucydides.core.reflection.ClassFinder - Could not load class .starter.stepdefinitios.ArsipJadwalSteps
20:23:09.116 [main] DEBUG net.thucydides.core.reflection.ClassFinder - Could not load class .starter.stepdefinitios.DokterDataSteps
20:23:09.116 [main] DEBUG net.thucydides.core.reflection.ClassFinder - Could not load class .starter.stepdefinitios.KelolaJadwalSteps
20:23:09.117 [main] DEBUG net.thucydides.core.reflection.ClassFinder - Could not load class .starter.stepdefinitios.LoginSteps
20:23:09.117 [main] DEBUG net.thucydides.core.reflection.ClassFinder - Could not load class .starter.stepdefinitios.PatientDataSteps
20:23:09.118 [main] DEBUG net.thucydides.core.reflection.ClassFinder - Could not load class META-INF.versions.9.com.sun.istack.logging.StackHelper
20:23:09.119 [main] DEBUG net.thucydides.core.reflection.ClassFinder - Could not load class META-INF.versions.9.com.sun.xml.bind.v2.runtime.reflect.opt.AccessorInjector
20:23:09.119 [main] DEBUG net.thucydides.core.reflection.ClassFinder - Could not load class META-INF.versions.9.com.sun.xml.bind.v2.runtime.reflect.opt.Injector
20:23:09.119 [main] DEBUG net.thucydides.core.reflection.ClassFinder - Could not load class META-INF.versions.9.com.sun.xml.bind.v2.runtime.reflect.opt.OptimizedAccessorFactory
20:23:09.119 [main] DEBUG net.thucydides.core.reflection.ClassFinder - Could not load class META-INF.versions.9.com.sun.xml.bind.v2.runtime.reflect.opt.OptimizedTransducedAccessorFactory
20:23:09.119 [main] DEBUG net.thucydides.core.reflection.ClassFinder - Could not load class META-INF.versions.9.io.opentelemetry.sdk.internal.CurrentJavaVersionSpecific
20:23:09.119 [main] DEBUG net.thucydides.core.reflection.ClassFinder - Could not load class META-INF.versions.9.io.opentelemetry.sdk.internal.Java9VersionSpecific
20:23:09.119 [main] DEBUG net.thucydides.core.reflection.ClassFinder - Could not load class META-INF.versions.9.javax.xml.bind.ModuleUtil
20:23:09.119 [main] DEBUG net.thucydides.core.reflection.ClassFinder - Could not load class META-INF.versions.9.module-info
20:23:09.119 [main] DEBUG net.thucydides.core.reflection.ClassFinder - Could not load class META-INF.versions.9.org.codehaus.plexus.languages.java.jpms.BinaryModuleInfoParser
20:23:09.119 [main] DEBUG net.thucydides.core.reflection.ClassFinder - Could not load class META-INF.versions.9.org.codehaus.plexus.languages.java.jpms.CmdModuleNameExtractor
20:23:09.119 [main] DEBUG net.thucydides.core.reflection.ClassFinder - Could not load class META-INF.versions.9.org.junit.platform.commons.util.ModuleUtils
20:23:09.683 [main] DEBUG net.thucydides.core.reflection.ClassFinder - Could not load class com.google.gson.internal.
20:23:09.950 [main] DEBUG net.thucydides.core.reflection.ClassFinder - Could not load class com.sun.xml.bind.v2.runtime.output.FastInfosetStreamWriterOutput
20:23:10.460 [main] DEBUG net.thucydides.core.reflection.ClassFinder - Could not load class module-info
20:23:14.824 [main] DEBUG io.netty.util.internal.logging.InternalLoggerFactory - Using SLF4J as the default logging framework
20:23:14.841 [main] DEBUG io.netty.util.ResourceLeakDetector - -Dio.netty.leakDetection.level: simple
20:23:14.841 [main] DEBUG io.netty.util.ResourceLeakDetector - -Dio.netty.leakDetection.targetRecords: 4
20:23:14.841 [main] DEBUG io.netty.util.ResourceLeakDetectorFactory - Loaded default ResourceLeakDetector: io.netty.util.ResourceLeakDetector@2447e2e
20:23:14.875 [main] DEBUG io.netty.util.internal.PlatformDependent0 - -Dio.netty.noUnsafe: false
20:23:14.875 [main] DEBUG io.netty.util.internal.PlatformDependent0 - Java version: 11
20:23:14.875 [main] DEBUG io.netty.util.internal.PlatformDependent0 - sun.misc.Unsafe.theUnsafe: available
20:23:14.875 [main] DEBUG io.netty.util.internal.PlatformDependent0 - sun.misc.Unsafe.copyMemory: available
20:23:14.875 [main] DEBUG io.netty.util.internal.PlatformDependent0 - java.nio.Buffer.address: available
20:23:14.875 [main] DEBUG io.netty.util.internal.PlatformDependent0 - direct buffer constructor: unavailable: Reflective setAccessible(true) disabled
20:23:14.875 [main] DEBUG io.netty.util.internal.PlatformDependent0 - java.nio.Bits.unaligned: available, true
20:23:14.875 [main] DEBUG io.netty.util.internal.PlatformDependent0 - jdk.internal.misc.Unsafe.allocateUninitializedArray(int): unavailable: class io.netty.util.internal.PlatformDependent0$6 cannot access class jdk.internal.misc.Unsafe (in module java.base) because module java.base does not export jdk.internal.misc to unnamed module @29d2d081
20:23:14.875 [main] DEBUG io.netty.util.internal.PlatformDependent0 - java.nio.DirectByteBuffer.<init>(long, int): unavailable
20:23:14.875 [main] DEBUG io.netty.util.internal.PlatformDependent - sun.misc.Unsafe: available
20:23:14.875 [main] DEBUG io.netty.util.internal.PlatformDependent - maxDirectMemory: 3179282432 bytes (maybe)
20:23:14.875 [main] DEBUG io.netty.util.internal.PlatformDependent - -Dio.netty.tmpdir: C:\Users\BAGASD~1\AppData\Local\Temp (java.io.tmpdir)
20:23:14.875 [main] DEBUG io.netty.util.internal.PlatformDependent - -Dio.netty.bitMode: 64 (sun.arch.data.model)
20:23:14.875 [main] DEBUG io.netty.util.internal.PlatformDependent - Platform: Windows
20:23:14.875 [main] DEBUG io.netty.util.internal.PlatformDependent - -Dio.netty.maxDirectMemory: -1 bytes
20:23:14.875 [main] DEBUG io.netty.util.internal.PlatformDependent - -Dio.netty.uninitializedArrayAllocationThreshold: -1
20:23:14.890 [main] DEBUG io.netty.util.internal.CleanerJava9 - java.nio.ByteBuffer.cleaner(): available
20:23:14.890 [main] DEBUG io.netty.util.internal.PlatformDependent - -Dio.netty.noPreferDirect: false
20:23:14.900 [main] DEBUG io.netty.util.internal.PlatformDependent - org.jctools-core.MpscChunkedArrayQueue: available
20:23:14.933 [main] DEBUG io.netty.util.internal.InternalThreadLocalMap - -Dio.netty.threadLocalMap.stringBuilder.initialSize: 1024
20:23:14.933 [main] DEBUG io.netty.util.internal.InternalThreadLocalMap - -Dio.netty.threadLocalMap.stringBuilder.maxSize: 4096
20:23:14.957 [main] DEBUG io.netty.handler.ssl.JdkSslContext - Default protocols (JDK): [TLSv1.3, TLSv1.2] 
20:23:14.957 [main] DEBUG io.netty.handler.ssl.JdkSslContext - Default cipher suites (JDK): [TLS_ECDHE_ECDSA_WITH_AES_256_GCM_SHA384, TLS_ECDHE_ECDSA_WITH_AES_128_GCM_SHA256, TLS_ECDHE_RSA_WITH_AES_128_GCM_SHA256, TLS_ECDHE_RSA_WITH_AES_256_GCM_SHA384, TLS_ECDHE_RSA_WITH_AES_128_CBC_SHA, TLS_ECDHE_RSA_WITH_AES_256_CBC_SHA, TLS_RSA_WITH_AES_128_GCM_SHA256, TLS_RSA_WITH_AES_128_CBC_SHA, TLS_RSA_WITH_AES_256_CBC_SHA, TLS_AES_128_GCM_SHA256, TLS_AES_256_GCM_SHA384]
20:23:14.998 [main] DEBUG io.netty.channel.MultithreadEventLoopGroup - -Dio.netty.eventLoopThreads: 8
20:23:15.017 [main] DEBUG io.netty.channel.nio.NioEventLoop - -Dio.netty.noKeySetOptimization: false
20:23:15.017 [main] DEBUG io.netty.channel.nio.NioEventLoop - -Dio.netty.selectorAutoRebuildThreshold: 512
20:23:15.057 [main] DEBUG io.netty.buffer.PooledByteBufAllocator - -Dio.netty.allocator.numHeapArenas: 8
20:23:15.057 [main] DEBUG io.netty.buffer.PooledByteBufAllocator - -Dio.netty.allocator.numDirectArenas: 8
20:23:15.057 [main] DEBUG io.netty.buffer.PooledByteBufAllocator - -Dio.netty.allocator.pageSize: 8192
20:23:15.057 [main] DEBUG io.netty.buffer.PooledByteBufAllocator - -Dio.netty.allocator.maxOrder: 9
20:23:15.057 [main] DEBUG io.netty.buffer.PooledByteBufAllocator - -Dio.netty.allocator.chunkSize: 4194304
20:23:15.057 [main] DEBUG io.netty.buffer.PooledByteBufAllocator - -Dio.netty.allocator.smallCacheSize: 256
20:23:15.057 [main] DEBUG io.netty.buffer.PooledByteBufAllocator - -Dio.netty.allocator.normalCacheSize: 64
20:23:15.057 [main] DEBUG io.netty.buffer.PooledByteBufAllocator - -Dio.netty.allocator.maxCachedBufferCapacity: 32768
20:23:15.057 [main] DEBUG io.netty.buffer.PooledByteBufAllocator - -Dio.netty.allocator.cacheTrimInterval: 8192
20:23:15.057 [main] DEBUG io.netty.buffer.PooledByteBufAllocator - -Dio.netty.allocator.cacheTrimIntervalMillis: 0
20:23:15.057 [main] DEBUG io.netty.buffer.PooledByteBufAllocator - -Dio.netty.allocator.useCacheForAllThreads: false
20:23:15.057 [main] DEBUG io.netty.buffer.PooledByteBufAllocator - -Dio.netty.allocator.maxCachedByteBuffersPerChunk: 1023
20:23:15.075 [main] DEBUG io.netty.buffer.ByteBufUtil - -Dio.netty.allocator.type: pooled
20:23:15.075 [main] DEBUG io.netty.buffer.ByteBufUtil - -Dio.netty.threadLocalDirectBufferSize: 0
20:23:15.081 [main] DEBUG io.netty.buffer.ByteBufUtil - -Dio.netty.maxThreadLocalCharBufferSize: 16384
20:23:15.312 [main] DEBUG net.serenitybdd.core.webdriver.driverproviders.ProvideNewDriver - Instantiating driver
20:23:15.315 [main] DEBUG net.serenitybdd.core.webdriver.driverproviders.ProvideNewDriver - Driver capabilities: Capabilities {acceptInsecureCerts: false, base.url: https://fanciful-trifle-360..., browserName: chrome, chorme.driver: src/test/resources/webdrive..., driver: chrome, goog:chromeOptions: {args: [], extensions: []}}
20:23:15.715 [Forwarding newSession on session null to remote] DEBUG io.netty.channel.DefaultChannelId - -Dio.netty.processId: 23188 (auto-detected)
20:23:15.717 [Forwarding newSession on session null to remote] DEBUG io.netty.util.NetUtil - -Djava.net.preferIPv4Stack: false
20:23:15.717 [Forwarding newSession on session null to remote] DEBUG io.netty.util.NetUtil - -Djava.net.preferIPv6Addresses: false
20:23:15.870 [Forwarding newSession on session null to remote] DEBUG io.netty.util.NetUtilInitializations - Loopback interface: lo (Software Loopback Interface 1, 127.0.0.1)
20:23:15.872 [Forwarding newSession on session null to remote] DEBUG io.netty.util.NetUtil - Failed to get SOMAXCONN from sysctl and file \proc\sys\net\core\somaxconn. Default: 200
20:23:16.056 [Forwarding newSession on session null to remote] DEBUG io.netty.channel.DefaultChannelId - -Dio.netty.machineId: 80:38:fb:ff:fe:ac:4a:4a (auto-detected)
20:23:16.157 [AsyncHttpClient-1-2] DEBUG io.netty.buffer.AbstractByteBuf - -Dio.netty.buffer.checkAccessible: true
20:23:16.158 [AsyncHttpClient-1-2] DEBUG io.netty.buffer.AbstractByteBuf - -Dio.netty.buffer.checkBounds: true
20:23:16.158 [AsyncHttpClient-1-2] DEBUG io.netty.util.ResourceLeakDetectorFactory - Loaded default ResourceLeakDetector: io.netty.util.ResourceLeakDetector@704b0db8
20:23:16.184 [AsyncHttpClient-1-2] DEBUG org.asynchttpclient.netty.channel.NettyConnectListener - Using new Channel '[id: 0x3871a6bd, L:/127.0.0.1:51308 - R:localhost/127.0.0.1:61035]' for 'POST' to '/session'
20:23:16.208 [AsyncHttpClient-1-2] DEBUG io.netty.util.Recycler - -Dio.netty.recycler.maxCapacityPerThread: 4096
20:23:16.208 [AsyncHttpClient-1-2] DEBUG io.netty.util.Recycler - -Dio.netty.recycler.ratio: 8
20:23:16.208 [AsyncHttpClient-1-2] DEBUG io.netty.util.Recycler - -Dio.netty.recycler.chunkSize: 32
20:23:16.208 [AsyncHttpClient-1-2] DEBUG io.netty.util.Recycler - -Dio.netty.recycler.blocking: false
20:23:17.140 [AsyncHttpClient-1-2] DEBUG io.netty.handler.codec.compression.Brotli - brotli4j not in the classpath; Brotli support will be unavailable.
20:23:17.140 [AsyncHttpClient-1-2] DEBUG org.asynchttpclient.netty.handler.HttpHandler - 

Request DefaultHttpRequest(decodeResult: success, version: HTTP/1.1)
POST /session HTTP/1.1
User-Agent: selenium/4.1.4 (java windows)
Content-Length: 629
Content-Type: application/json; charset=utf-8
host: localhost:61035
accept: */*

Response DefaultHttpResponse(decodeResult: success, version: HTTP/1.1)
HTTP/1.1 200 OK
Content-Type: application/json; charset=utf-8
cache-control: no-cache
content-length: 794

20:23:17.158 [AsyncHttpClient-1-2] DEBUG org.asynchttpclient.netty.channel.ChannelManager - Adding key: http://localhost:61035 for channel [id: 0x3871a6bd, L:/127.0.0.1:51308 - R:localhost/127.0.0.1:61035]
20:23:17.365 [AsyncHttpClient-1-3] DEBUG org.asynchttpclient.netty.channel.NettyConnectListener - Using new Channel '[id: 0x218c61ec, L:/127.0.0.1:51315 - R:localhost/127.0.0.1:51309]' for 'GET' to '/json/version'
20:23:17.369 [AsyncHttpClient-1-3] DEBUG org.asynchttpclient.netty.handler.HttpHandler - 

Request DefaultFullHttpRequest(decodeResult: success, version: HTTP/1.1, content: EmptyByteBufBE)
GET /json/version HTTP/1.1
User-Agent: selenium/4.1.4 (java windows)
host: localhost:51309
accept: */*

Response DefaultHttpResponse(decodeResult: success, version: HTTP/1.1)
HTTP/1.1 200 OK
Content-Type: application/json; charset=UTF-8
content-length: 429

20:23:17.370 [AsyncHttpClient-1-3] DEBUG org.asynchttpclient.netty.channel.ChannelManager - Adding key: http://localhost:51309 for channel [id: 0x218c61ec, L:/127.0.0.1:51315 - R:localhost/127.0.0.1:51309]
20:23:17.371 [main] DEBUG io.netty.util.internal.ThreadLocalRandom - -Dio.netty.initialSeedUniquifier: 0x5cc35bd0ad7c69d5
20:23:17.386 [AsyncHttpClient-1-4] DEBUG org.asynchttpclient.netty.channel.NettyConnectListener - Using new Channel '[id: 0x4e790ff1, L:/127.0.0.1:51317 - R:localhost/127.0.0.1:51309]' for 'GET' to '/devtools/browser/bbe4655f-0194-4117-b8a5-e931d747e63b'
20:23:17.386 [AsyncHttpClient-1-4] DEBUG org.asynchttpclient.netty.handler.WebSocketHandler - 

Request DefaultFullHttpRequest(decodeResult: success, version: HTTP/1.1, content: EmptyByteBufBE)
GET /devtools/browser/bbe4655f-0194-4117-b8a5-e931d747e63b HTTP/1.1
upgrade: websocket
connection: upgrade
sec-websocket-key: 70i4oXWb02L1DzcXrjkn9A==
sec-websocket-version: 13
origin: http://localhost:51309
host: localhost:51309
accept: */*
user-agent: AHC/2.1

Response DefaultHttpResponse(decodeResult: success, version: HTTP/1.1)
HTTP/1.1 101 WebSocket Protocol Handshake
Upgrade: WebSocket
Connection: Upgrade
Sec-WebSocket-Accept: k7tLfCVNQGX5KDI2iyKvYIWAQA4=

20:23:18.242 [AsyncHttpClient-1-1] DEBUG org.asynchttpclient.netty.channel.DefaultChannelPool - Entry count for : http://localhost:61035 : 1
20:23:18.242 [AsyncHttpClient-1-1] DEBUG org.asynchttpclient.netty.channel.DefaultChannelPool - Entry count for : http://localhost:51309 : 1
20:23:18.891 [main] DEBUG net.thucydides.core.reflection.ClassFinder - Could not load class .CucumberTestSuite
20:23:18.891 [main] DEBUG net.thucydides.core.reflection.ClassFinder - Could not load class .starter.pages.ArsipJadwalPage
20:23:18.891 [main] DEBUG net.thucydides.core.reflection.ClassFinder - Could not load class .starter.pages.DashboardPage
20:23:18.891 [main] DEBUG net.thucydides.core.reflection.ClassFinder - Could not load class .starter.pages.DokterDataPage
20:23:18.891 [main] DEBUG net.thucydides.core.reflection.ClassFinder - Could not load class .starter.pages.KelolaJadwalPage
20:23:18.891 [main] DEBUG net.thucydides.core.reflection.ClassFinder - Could not load class .starter.pages.LoginPage
20:23:18.891 [main] DEBUG net.thucydides.core.reflection.ClassFinder - Could not load class .starter.pages.PatientDataPage
20:23:18.891 [main] DEBUG net.thucydides.core.reflection.ClassFinder - Could not load class .starter.stepdefinitios.ArsipJadwalSteps
20:23:18.891 [main] DEBUG net.thucydides.core.reflection.ClassFinder - Could not load class .starter.stepdefinitios.DokterDataSteps
20:23:18.902 [main] DEBUG net.thucydides.core.reflection.ClassFinder - Could not load class .starter.stepdefinitios.KelolaJadwalSteps
20:23:18.902 [main] DEBUG net.thucydides.core.reflection.ClassFinder - Could not load class .starter.stepdefinitios.LoginSteps
20:23:18.902 [main] DEBUG net.thucydides.core.reflection.ClassFinder - Could not load class .starter.stepdefinitios.PatientDataSteps
20:23:18.902 [main] DEBUG net.thucydides.core.reflection.ClassFinder - Could not load class META-INF.versions.9.com.sun.istack.logging.StackHelper
20:23:18.903 [main] DEBUG net.thucydides.core.reflection.ClassFinder - Could not load class META-INF.versions.9.com.sun.xml.bind.v2.runtime.reflect.opt.AccessorInjector
20:23:18.904 [main] DEBUG net.thucydides.core.reflection.ClassFinder - Could not load class META-INF.versions.9.com.sun.xml.bind.v2.runtime.reflect.opt.Injector
20:23:18.904 [main] DEBUG net.thucydides.core.reflection.ClassFinder - Could not load class META-INF.versions.9.com.sun.xml.bind.v2.runtime.reflect.opt.OptimizedAccessorFactory
20:23:18.905 [main] DEBUG net.thucydides.core.reflection.ClassFinder - Could not load class META-INF.versions.9.com.sun.xml.bind.v2.runtime.reflect.opt.OptimizedTransducedAccessorFactory
20:23:18.905 [main] DEBUG net.thucydides.core.reflection.ClassFinder - Could not load class META-INF.versions.9.io.opentelemetry.sdk.internal.CurrentJavaVersionSpecific
20:23:18.906 [main] DEBUG net.thucydides.core.reflection.ClassFinder - Could not load class META-INF.versions.9.io.opentelemetry.sdk.internal.Java9VersionSpecific
20:23:18.906 [main] DEBUG net.thucydides.core.reflection.ClassFinder - Could not load class META-INF.versions.9.javax.xml.bind.ModuleUtil
20:23:18.906 [main] DEBUG net.thucydides.core.reflection.ClassFinder - Could not load class META-INF.versions.9.module-info
20:23:18.906 [main] DEBUG net.thucydides.core.reflection.ClassFinder - Could not load class META-INF.versions.9.org.codehaus.plexus.languages.java.jpms.BinaryModuleInfoParser
20:23:18.906 [main] DEBUG net.thucydides.core.reflection.ClassFinder - Could not load class META-INF.versions.9.org.codehaus.plexus.languages.java.jpms.CmdModuleNameExtractor
20:23:18.906 [main] DEBUG net.thucydides.core.reflection.ClassFinder - Could not load class META-INF.versions.9.org.junit.platform.commons.util.ModuleUtils
20:23:18.906 [main] DEBUG net.thucydides.core.reflection.ClassFinder - Could not load class com.google.gson.internal.
20:23:18.906 [main] DEBUG net.thucydides.core.reflection.ClassFinder - Could not load class com.sun.xml.bind.v2.runtime.output.FastInfosetStreamWriterOutput
20:23:18.906 [main] DEBUG net.thucydides.core.reflection.ClassFinder - Could not load class module-info
20:23:18.956 [Forwarding get on session b63024072f587d85732aa88cd515b128 to remote] DEBUG org.asynchttpclient.netty.request.NettyRequestSender - Using pooled Channel '[id: 0x3871a6bd, L:/127.0.0.1:51308 - R:localhost/127.0.0.1:61035]' for 'POST' to 'http://localhost:61035/session/b63024072f587d85732aa88cd515b128/url'
20:23:18.956 [Forwarding get on session b63024072f587d85732aa88cd515b128 to remote] DEBUG org.asynchttpclient.netty.request.NettyRequestSender - Using open Channel [id: 0x3871a6bd, L:/127.0.0.1:51308 - R:localhost/127.0.0.1:61035] for POST '/session/b63024072f587d85732aa88cd515b128/url'
20:23:19.314 [AsyncHttpClient-1-1] DEBUG org.asynchttpclient.netty.channel.DefaultChannelPool - Entry count for : http://localhost:51309 : 1
20:23:19.900 [AsyncHttpClient-1-2] DEBUG org.asynchttpclient.netty.handler.HttpHandler - 

Request DefaultHttpRequest(decodeResult: success, version: HTTP/1.1)
POST /session/b63024072f587d85732aa88cd515b128/url HTTP/1.1
User-Agent: selenium/4.1.4 (java windows)
Content-Length: 78
Content-Type: application/json; charset=utf-8
host: localhost:61035
accept: */*

Response DefaultHttpResponse(decodeResult: success, version: HTTP/1.1)
HTTP/1.1 200 OK
Content-Type: application/json; charset=utf-8
cache-control: no-cache
content-length: 14

20:23:19.900 [AsyncHttpClient-1-2] DEBUG org.asynchttpclient.netty.channel.ChannelManager - Adding key: http://localhost:61035 for channel [id: 0x3871a6bd, L:/127.0.0.1:51308 - R:localhost/127.0.0.1:61035]
20:23:19.906 [Forwarding setTimeout on session b63024072f587d85732aa88cd515b128 to remote] DEBUG org.asynchttpclient.netty.request.NettyRequestSender - Using pooled Channel '[id: 0x3871a6bd, L:/127.0.0.1:51308 - R:localhost/127.0.0.1:61035]' for 'POST' to 'http://localhost:61035/session/b63024072f587d85732aa88cd515b128/timeouts'
20:23:19.906 [Forwarding setTimeout on session b63024072f587d85732aa88cd515b128 to remote] DEBUG org.asynchttpclient.netty.request.NettyRequestSender - Using open Channel [id: 0x3871a6bd, L:/127.0.0.1:51308 - R:localhost/127.0.0.1:61035] for POST '/session/b63024072f587d85732aa88cd515b128/timeouts'
20:23:19.909 [AsyncHttpClient-1-2] DEBUG org.asynchttpclient.netty.handler.HttpHandler - 

Request DefaultHttpRequest(decodeResult: success, version: HTTP/1.1)
POST /session/b63024072f587d85732aa88cd515b128/timeouts HTTP/1.1
User-Agent: selenium/4.1.4 (java windows)
Content-Length: 22
Content-Type: application/json; charset=utf-8
host: localhost:61035
accept: */*

Response DefaultHttpResponse(decodeResult: success, version: HTTP/1.1)
HTTP/1.1 200 OK
Content-Type: application/json; charset=utf-8
cache-control: no-cache
content-length: 14

20:23:19.911 [AsyncHttpClient-1-2] DEBUG org.asynchttpclient.netty.channel.ChannelManager - Adding key: http://localhost:61035 for channel [id: 0x3871a6bd, L:/127.0.0.1:51308 - R:localhost/127.0.0.1:61035]
20:23:19.919 [Forwarding getCurrentUrl on session b63024072f587d85732aa88cd515b128 to remote] DEBUG org.asynchttpclient.netty.request.NettyRequestSender - Using pooled Channel '[id: 0x3871a6bd, L:/127.0.0.1:51308 - R:localhost/127.0.0.1:61035]' for 'GET' to 'http://localhost:61035/session/b63024072f587d85732aa88cd515b128/url'
20:23:19.919 [Forwarding getCurrentUrl on session b63024072f587d85732aa88cd515b128 to remote] DEBUG org.asynchttpclient.netty.request.NettyRequestSender - Using open Channel [id: 0x3871a6bd, L:/127.0.0.1:51308 - R:localhost/127.0.0.1:61035] for GET '/session/b63024072f587d85732aa88cd515b128/url'
20:23:19.926 [AsyncHttpClient-1-2] DEBUG org.asynchttpclient.netty.handler.HttpHandler - 

Request DefaultFullHttpRequest(decodeResult: success, version: HTTP/1.1, content: EmptyByteBufBE)
GET /session/b63024072f587d85732aa88cd515b128/url HTTP/1.1
User-Agent: selenium/4.1.4 (java windows)
Cache-Control: no-cache
Content-Type: application/json; charset=utf-8
host: localhost:61035
accept: */*

Response DefaultHttpResponse(decodeResult: success, version: HTTP/1.1)
HTTP/1.1 200 OK
Content-Type: application/json; charset=utf-8
cache-control: no-cache
content-length: 60

20:23:19.927 [AsyncHttpClient-1-2] DEBUG org.asynchttpclient.netty.channel.ChannelManager - Adding key: http://localhost:61035 for channel [id: 0x3871a6bd, L:/127.0.0.1:51308 - R:localhost/127.0.0.1:61035]
20:23:19.958 [main] DEBUG net.serenitybdd.core.photography.Darkroom - Opening darkroom
20:23:19.961 [Forwarding screenshot on session b63024072f587d85732aa88cd515b128 to remote] DEBUG org.asynchttpclient.netty.request.NettyRequestSender - Using pooled Channel '[id: 0x3871a6bd, L:/127.0.0.1:51308 - R:localhost/127.0.0.1:61035]' for 'GET' to 'http://localhost:61035/session/b63024072f587d85732aa88cd515b128/screenshot'
20:23:19.961 [Forwarding screenshot on session b63024072f587d85732aa88cd515b128 to remote] DEBUG org.asynchttpclient.netty.request.NettyRequestSender - Using open Channel [id: 0x3871a6bd, L:/127.0.0.1:51308 - R:localhost/127.0.0.1:61035] for GET '/session/b63024072f587d85732aa88cd515b128/screenshot'
20:23:19.963 [Darkroom Processing Line] DEBUG net.serenitybdd.core.photography.DarkroomProcessingLine - Darkroom processing line starting up
20:23:20.153 [AsyncHttpClient-1-2] DEBUG org.asynchttpclient.netty.handler.HttpHandler - 

Request DefaultFullHttpRequest(decodeResult: success, version: HTTP/1.1, content: EmptyByteBufBE)
GET /session/b63024072f587d85732aa88cd515b128/screenshot HTTP/1.1
User-Agent: selenium/4.1.4 (java windows)
Cache-Control: no-cache
Content-Type: application/json; charset=utf-8
host: localhost:61035
accept: */*

Response DefaultHttpResponse(decodeResult: success, version: HTTP/1.1)
HTTP/1.1 200 OK
Content-Type: application/json; charset=utf-8
cache-control: no-cache
content-length: 380436

20:23:20.157 [AsyncHttpClient-1-2] DEBUG org.asynchttpclient.netty.channel.ChannelManager - Adding key: http://localhost:61035 for channel [id: 0x3871a6bd, L:/127.0.0.1:51308 - R:localhost/127.0.0.1:61035]
20:23:20.234 [main] DEBUG net.serenitybdd.core.photography.Darkroom - Send negative for processing for target\site\serenity\d122c364c40ece9db0ad32cd97c3fcf63e95ba606118dda8d3e5a1d2b8235ce2.png
20:23:20.235 [Darkroom Processing Line] DEBUG net.serenitybdd.core.photography.DarkroomProcessingLine - Processing screenshot image in /var/screenshots/screenshot-17244348894985657196
20:23:20.235 [Darkroom Processing Line] DEBUG net.serenitybdd.core.photography.DarkroomProcessingLine - Saving screenshot to target\site\serenity\d122c364c40ece9db0ad32cd97c3fcf63e95ba606118dda8d3e5a1d2b8235ce2.png
20:23:20.237 [main] DEBUG net.thucydides.core.steps.StepInterceptor - STEP DONE: openLogin
  &amp#27;[32mGiven &amp#27;[0m&amp#27;[32mOpen login page&amp#27;[0m                             &amp#27;[90m# starter.stepdefinitios.LoginSteps.openLoginPage()&amp#27;[0m
20:23:20.416 [AsyncHttpClient-1-1] DEBUG org.asynchttpclient.netty.channel.DefaultChannelPool - Entry count for : http://localhost:61035 : 1
20:23:20.416 [AsyncHttpClient-1-1] DEBUG org.asynchttpclient.netty.channel.DefaultChannelPool - Entry count for : http://localhost:51309 : 1
20:23:20.852 [Forwarding findElement on session b63024072f587d85732aa88cd515b128 to remote] DEBUG org.asynchttpclient.netty.request.NettyRequestSender - Using pooled Channel '[id: 0x3871a6bd, L:/127.0.0.1:51308 - R:localhost/127.0.0.1:61035]' for 'POST' to 'http://localhost:61035/session/b63024072f587d85732aa88cd515b128/element'
20:23:20.852 [Forwarding findElement on session b63024072f587d85732aa88cd515b128 to remote] DEBUG org.asynchttpclient.netty.request.NettyRequestSender - Using open Channel [id: 0x3871a6bd, L:/127.0.0.1:51308 - R:localhost/127.0.0.1:61035] for POST '/session/b63024072f587d85732aa88cd515b128/element'
20:23:20.872 [AsyncHttpClient-1-2] DEBUG org.asynchttpclient.netty.handler.HttpHandler - 

Request DefaultHttpRequest(decodeResult: success, version: HTTP/1.1)
POST /session/b63024072f587d85732aa88cd515b128/element HTTP/1.1
User-Agent: selenium/4.1.4 (java windows)
Content-Length: 70
Content-Type: application/json; charset=utf-8
host: localhost:61035
accept: */*

Response DefaultHttpResponse(decodeResult: success, version: HTTP/1.1)
HTTP/1.1 200 OK
Content-Type: application/json; charset=utf-8
cache-control: no-cache
content-length: 88

20:23:20.872 [AsyncHttpClient-1-2] DEBUG org.asynchttpclient.netty.channel.ChannelManager - Adding key: http://localhost:61035 for channel [id: 0x3871a6bd, L:/127.0.0.1:51308 - R:localhost/127.0.0.1:61035]
20:23:20.876 [Forwarding sendKeysToElement on session b63024072f587d85732aa88cd515b128 to remote] DEBUG org.asynchttpclient.netty.request.NettyRequestSender - Using pooled Channel '[id: 0x3871a6bd, L:/127.0.0.1:51308 - R:localhost/127.0.0.1:61035]' for 'POST' to 'http://localhost:61035/session/b63024072f587d85732aa88cd515b128/element/fef7b5c3-9277-458d-b4f5-02e2a3af2c7e/value'
20:23:20.876 [Forwarding sendKeysToElement on session b63024072f587d85732aa88cd515b128 to remote] DEBUG org.asynchttpclient.netty.request.NettyRequestSender - Using open Channel [id: 0x3871a6bd, L:/127.0.0.1:51308 - R:localhost/127.0.0.1:61035] for POST '/session/b63024072f587d85732aa88cd515b128/element/fef7b5c3-9277-458d-b4f5-02e2a3af2c7e/value'
20:23:21.028 [AsyncHttpClient-1-2] DEBUG org.asynchttpclient.netty.handler.HttpHandler - 

Request DefaultHttpRequest(decodeResult: success, version: HTTP/1.1)
POST /session/b63024072f587d85732aa88cd515b128/element/fef7b5c3-9277-458d-b4f5-02e2a3af2c7e/value HTTP/1.1
User-Agent: selenium/4.1.4 (java windows)
Content-Length: 131
Content-Type: application/json; charset=utf-8
host: localhost:61035
accept: */*

Response DefaultHttpResponse(decodeResult: success, version: HTTP/1.1)
HTTP/1.1 200 OK
Content-Type: application/json; charset=utf-8
cache-control: no-cache
content-length: 14

20:23:21.028 [AsyncHttpClient-1-2] DEBUG org.asynchttpclient.netty.channel.ChannelManager - Adding key: http://localhost:61035 for channel [id: 0x3871a6bd, L:/127.0.0.1:51308 - R:localhost/127.0.0.1:61035]
  &amp#27;[32mAnd &amp#27;[0m&amp#27;[32mI input &amp#27;[0m&amp#27;[32m&amp#27;[1m"admin"&amp#27;[0m&amp#27;[32m login email valid&amp#27;[0m             &amp#27;[90m# starter.stepdefinitios.LoginSteps.iInputLoginEmailValid(java.lang.String)&amp#27;[0m
20:23:21.038 [Forwarding screenshot on session b63024072f587d85732aa88cd515b128 to remote] DEBUG org.asynchttpclient.netty.request.NettyRequestSender - Using pooled Channel '[id: 0x3871a6bd, L:/127.0.0.1:51308 - R:localhost/127.0.0.1:61035]' for 'GET' to 'http://localhost:61035/session/b63024072f587d85732aa88cd515b128/screenshot'
20:23:21.038 [Forwarding screenshot on session b63024072f587d85732aa88cd515b128 to remote] DEBUG org.asynchttpclient.netty.request.NettyRequestSender - Using open Channel [id: 0x3871a6bd, L:/127.0.0.1:51308 - R:localhost/127.0.0.1:61035] for GET '/session/b63024072f587d85732aa88cd515b128/screenshot'
20:23:21.260 [AsyncHttpClient-1-2] DEBUG org.asynchttpclient.netty.handler.HttpHandler - 

Request DefaultFullHttpRequest(decodeResult: success, version: HTTP/1.1, content: EmptyByteBufBE)
GET /session/b63024072f587d85732aa88cd515b128/screenshot HTTP/1.1
User-Agent: selenium/4.1.4 (java windows)
Cache-Control: no-cache
Content-Type: application/json; charset=utf-8
host: localhost:61035
accept: */*

Response DefaultHttpResponse(decodeResult: success, version: HTTP/1.1)
HTTP/1.1 200 OK
Content-Type: application/json; charset=utf-8
cache-control: no-cache
content-length: 379420

20:23:21.272 [AsyncHttpClient-1-2] DEBUG org.asynchttpclient.netty.channel.ChannelManager - Adding key: http://localhost:61035 for channel [id: 0x3871a6bd, L:/127.0.0.1:51308 - R:localhost/127.0.0.1:61035]
20:23:21.290 [main] DEBUG net.serenitybdd.core.photography.Darkroom - Send negative for processing for target\site\serenity\93df20195d3751dea78ac30a105f84d37c410e0341f58ded6fb231b5b47402e6.png
20:23:21.290 [Darkroom Processing Line] DEBUG net.serenitybdd.core.photography.DarkroomProcessingLine - Processing screenshot image in /var/screenshots/screenshot-18080353235266300036
20:23:21.290 [Darkroom Processing Line] DEBUG net.serenitybdd.core.photography.DarkroomProcessingLine - Saving screenshot to target\site\serenity\93df20195d3751dea78ac30a105f84d37c410e0341f58ded6fb231b5b47402e6.png
20:23:21.535 [AsyncHttpClient-1-1] DEBUG org.asynchttpclient.netty.channel.DefaultChannelPool - Entry count for : http://localhost:61035 : 1
20:23:21.535 [AsyncHttpClient-1-1] DEBUG org.asynchttpclient.netty.channel.DefaultChannelPool - Entry count for : http://localhost:51309 : 1
20:23:21.824 [Forwarding screenshot on session b63024072f587d85732aa88cd515b128 to remote] DEBUG org.asynchttpclient.netty.request.NettyRequestSender - Using pooled Channel '[id: 0x3871a6bd, L:/127.0.0.1:51308 - R:localhost/127.0.0.1:61035]' for 'GET' to 'http://localhost:61035/session/b63024072f587d85732aa88cd515b128/screenshot'
20:23:21.824 [Forwarding screenshot on session b63024072f587d85732aa88cd515b128 to remote] DEBUG org.asynchttpclient.netty.request.NettyRequestSender - Using open Channel [id: 0x3871a6bd, L:/127.0.0.1:51308 - R:localhost/127.0.0.1:61035] for GET '/session/b63024072f587d85732aa88cd515b128/screenshot'
20:23:22.019 [AsyncHttpClient-1-2] DEBUG org.asynchttpclient.netty.handler.HttpHandler - 

Request DefaultFullHttpRequest(decodeResult: success, version: HTTP/1.1, content: EmptyByteBufBE)
GET /session/b63024072f587d85732aa88cd515b128/screenshot HTTP/1.1
User-Agent: selenium/4.1.4 (java windows)
Cache-Control: no-cache
Content-Type: application/json; charset=utf-8
host: localhost:61035
accept: */*

Response DefaultHttpResponse(decodeResult: success, version: HTTP/1.1)
HTTP/1.1 200 OK
Content-Type: application/json; charset=utf-8
cache-control: no-cache
content-length: 379404

20:23:22.019 [AsyncHttpClient-1-2] DEBUG org.asynchttpclient.netty.channel.ChannelManager - Adding key: http://localhost:61035 for channel [id: 0x3871a6bd, L:/127.0.0.1:51308 - R:localhost/127.0.0.1:61035]
20:23:22.034 [main] DEBUG net.serenitybdd.core.photography.Darkroom - Send negative for processing for target\site\serenity\f684e1524ced0278b0b6c6b37709a7cbfb8281aeb576b04a4743fda17448b798.png
20:23:22.034 [Darkroom Processing Line] DEBUG net.serenitybdd.core.photography.DarkroomProcessingLine - Processing screenshot image in /var/screenshots/screenshot-6852534436872844568
20:23:22.034 [Darkroom Processing Line] DEBUG net.serenitybdd.core.photography.DarkroomProcessingLine - Saving screenshot to target\site\serenity\f684e1524ced0278b0b6c6b37709a7cbfb8281aeb576b04a4743fda17448b798.png
20:23:22.034 [main] DEBUG net.thucydides.core.steps.StepInterceptor - STARTING STEP: LoginSteps.iInputLoginPasswordValid - inputPasswordLogin
20:23:22.039 [Forwarding findElement on session b63024072f587d85732aa88cd515b128 to remote] DEBUG org.asynchttpclient.netty.request.NettyRequestSender - Using pooled Channel '[id: 0x3871a6bd, L:/127.0.0.1:51308 - R:localhost/127.0.0.1:61035]' for 'POST' to 'http://localhost:61035/session/b63024072f587d85732aa88cd515b128/element'
20:23:22.039 [Forwarding findElement on session b63024072f587d85732aa88cd515b128 to remote] DEBUG org.asynchttpclient.netty.request.NettyRequestSender - Using open Channel [id: 0x3871a6bd, L:/127.0.0.1:51308 - R:localhost/127.0.0.1:61035] for POST '/session/b63024072f587d85732aa88cd515b128/element'
20:23:22.059 [AsyncHttpClient-1-2] DEBUG org.asynchttpclient.netty.handler.HttpHandler - 

Request DefaultHttpRequest(decodeResult: success, version: HTTP/1.1)
POST /session/b63024072f587d85732aa88cd515b128/element HTTP/1.1
User-Agent: selenium/4.1.4 (java windows)
Content-Length: 70
Content-Type: application/json; charset=utf-8
host: localhost:61035
accept: */*

Response DefaultHttpResponse(decodeResult: success, version: HTTP/1.1)
HTTP/1.1 200 OK
Content-Type: application/json; charset=utf-8
cache-control: no-cache
content-length: 88

20:23:22.059 [AsyncHttpClient-1-2] DEBUG org.asynchttpclient.netty.channel.ChannelManager - Adding key: http://localhost:61035 for channel [id: 0x3871a6bd, L:/127.0.0.1:51308 - R:localhost/127.0.0.1:61035]
20:23:22.059 [Forwarding sendKeysToElement on session b63024072f587d85732aa88cd515b128 to remote] DEBUG org.asynchttpclient.netty.request.NettyRequestSender - Using pooled Channel '[id: 0x3871a6bd, L:/127.0.0.1:51308 - R:localhost/127.0.0.1:61035]' for 'POST' to 'http://localhost:61035/session/b63024072f587d85732aa88cd515b128/element/6ab7f5d8-e845-412e-9d24-da30473a3720/value'
20:23:22.059 [Forwarding sendKeysToElement on session b63024072f587d85732aa88cd515b128 to remote] DEBUG org.asynchttpclient.netty.request.NettyRequestSender - Using open Channel [id: 0x3871a6bd, L:/127.0.0.1:51308 - R:localhost/127.0.0.1:61035] for POST '/session/b63024072f587d85732aa88cd515b128/element/6ab7f5d8-e845-412e-9d24-da30473a3720/value'
20:23:22.155 [AsyncHttpClient-1-2] DEBUG org.asynchttpclient.netty.handler.HttpHandler - 

Request DefaultHttpRequest(decodeResult: success, version: HTTP/1.1)
POST /session/b63024072f587d85732aa88cd515b128/element/6ab7f5d8-e845-412e-9d24-da30473a3720/value HTTP/1.1
User-Agent: selenium/4.1.4 (java windows)
Content-Length: 161
Content-Type: application/json; charset=utf-8
host: localhost:61035
accept: */*

Response DefaultHttpResponse(decodeResult: success, version: HTTP/1.1)
HTTP/1.1 200 OK
Content-Type: application/json; charset=utf-8
cache-control: no-cache
content-length: 14

20:23:22.156 [AsyncHttpClient-1-2] DEBUG org.asynchttpclient.netty.channel.ChannelManager - Adding key: http://localhost:61035 for channel [id: 0x3871a6bd, L:/127.0.0.1:51308 - R:localhost/127.0.0.1:61035]
20:23:22.166 [Forwarding screenshot on session b63024072f587d85732aa88cd515b128 to remote] DEBUG org.asynchttpclient.netty.request.NettyRequestSender - Using pooled Channel '[id: 0x3871a6bd, L:/127.0.0.1:51308 - R:localhost/127.0.0.1:61035]' for 'GET' to 'http://localhost:61035/session/b63024072f587d85732aa88cd515b128/screenshot'
20:23:22.166 [Forwarding screenshot on session b63024072f587d85732aa88cd515b128 to remote] DEBUG org.asynchttpclient.netty.request.NettyRequestSender - Using open Channel [id: 0x3871a6bd, L:/127.0.0.1:51308 - R:localhost/127.0.0.1:61035] for GET '/session/b63024072f587d85732aa88cd515b128/screenshot'
20:23:22.357 [AsyncHttpClient-1-2] DEBUG org.asynchttpclient.netty.handler.HttpHandler - 

Request DefaultFullHttpRequest(decodeResult: success, version: HTTP/1.1, content: EmptyByteBufBE)
GET /session/b63024072f587d85732aa88cd515b128/screenshot HTTP/1.1
User-Agent: selenium/4.1.4 (java windows)
Cache-Control: no-cache
Content-Type: application/json; charset=utf-8
host: localhost:61035
accept: */*

Response DefaultHttpResponse(decodeResult: success, version: HTTP/1.1)
HTTP/1.1 200 OK
Content-Type: application/json; charset=utf-8
cache-control: no-cache
content-length: 377580

20:23:22.358 [AsyncHttpClient-1-2] DEBUG org.asynchttpclient.netty.channel.ChannelManager - Adding key: http://localhost:61035 for channel [id: 0x3871a6bd, L:/127.0.0.1:51308 - R:localhost/127.0.0.1:61035]
20:23:22.364 [main] DEBUG net.serenitybdd.core.photography.Darkroom - Send negative for processing for target\site\serenity\44fa0aa493cf3a3837a7fab79c30bded8f584eda85d2cfd055a7ef5b4e3f0a4a.png
20:23:22.364 [main] DEBUG net.thucydides.core.steps.StepInterceptor - STEP DONE: inputPasswordLogin
  &amp#27;[32mAnd &amp#27;[0m&amp#27;[32mI input &amp#27;[0m&amp#27;[32m&amp#27;[1m"admin123"&amp#27;[0m&amp#27;[32m login password valid&amp#27;[0m       &amp#27;[90m# starter.stepdefinitios.LoginSteps.iInputLoginPasswordValid(java.lang.String)&amp#27;[0m
20:23:22.364 [Darkroom Processing Line] DEBUG net.serenitybdd.core.photography.DarkroomProcessingLine - Processing screenshot image in /var/screenshots/screenshot-1416117435206653881
20:23:22.364 [Darkroom Processing Line] DEBUG net.serenitybdd.core.photography.DarkroomProcessingLine - Saving screenshot to target\site\serenity\44fa0aa493cf3a3837a7fab79c30bded8f584eda85d2cfd055a7ef5b4e3f0a4a.png
20:23:22.392 [main] DEBUG net.thucydides.core.steps.StepInterceptor - STARTING STEP: LoginSteps.iClickButtonLogin - clickButtonLogin
20:23:22.404 [Forwarding findElement on session b63024072f587d85732aa88cd515b128 to remote] DEBUG org.asynchttpclient.netty.request.NettyRequestSender - Using pooled Channel '[id: 0x3871a6bd, L:/127.0.0.1:51308 - R:localhost/127.0.0.1:61035]' for 'POST' to 'http://localhost:61035/session/b63024072f587d85732aa88cd515b128/element'
20:23:22.404 [Forwarding findElement on session b63024072f587d85732aa88cd515b128 to remote] DEBUG org.asynchttpclient.netty.request.NettyRequestSender - Using open Channel [id: 0x3871a6bd, L:/127.0.0.1:51308 - R:localhost/127.0.0.1:61035] for POST '/session/b63024072f587d85732aa88cd515b128/element'
20:23:22.424 [AsyncHttpClient-1-2] DEBUG org.asynchttpclient.netty.handler.HttpHandler - 

Request DefaultHttpRequest(decodeResult: success, version: HTTP/1.1)
POST /session/b63024072f587d85732aa88cd515b128/element HTTP/1.1
User-Agent: selenium/4.1.4 (java windows)
Content-Length: 68
Content-Type: application/json; charset=utf-8
host: localhost:61035
accept: */*

Response DefaultHttpResponse(decodeResult: success, version: HTTP/1.1)
HTTP/1.1 200 OK
Content-Type: application/json; charset=utf-8
cache-control: no-cache
content-length: 88

20:23:22.424 [AsyncHttpClient-1-2] DEBUG org.asynchttpclient.netty.channel.ChannelManager - Adding key: http://localhost:61035 for channel [id: 0x3871a6bd, L:/127.0.0.1:51308 - R:localhost/127.0.0.1:61035]
20:23:22.426 [Forwarding getElementTagName on session b63024072f587d85732aa88cd515b128 to remote] DEBUG org.asynchttpclient.netty.request.NettyRequestSender - Using pooled Channel '[id: 0x3871a6bd, L:/127.0.0.1:51308 - R:localhost/127.0.0.1:61035]' for 'GET' to 'http://localhost:61035/session/b63024072f587d85732aa88cd515b128/element/92b8279a-2806-4ad1-b90e-fc6d88620a96/name'
20:23:22.426 [Forwarding getElementTagName on session b63024072f587d85732aa88cd515b128 to remote] DEBUG org.asynchttpclient.netty.request.NettyRequestSender - Using open Channel [id: 0x3871a6bd, L:/127.0.0.1:51308 - R:localhost/127.0.0.1:61035] for GET '/session/b63024072f587d85732aa88cd515b128/element/92b8279a-2806-4ad1-b90e-fc6d88620a96/name'
20:23:22.437 [AsyncHttpClient-1-2] DEBUG org.asynchttpclient.netty.handler.HttpHandler - 

Request DefaultFullHttpRequest(decodeResult: success, version: HTTP/1.1, content: EmptyByteBufBE)
GET /session/b63024072f587d85732aa88cd515b128/element/92b8279a-2806-4ad1-b90e-fc6d88620a96/name HTTP/1.1
User-Agent: selenium/4.1.4 (java windows)
Cache-Control: no-cache
Content-Type: application/json; charset=utf-8
host: localhost:61035
accept: */*

Response DefaultHttpResponse(decodeResult: success, version: HTTP/1.1)
HTTP/1.1 200 OK
Content-Type: application/json; charset=utf-8
cache-control: no-cache
content-length: 18

20:23:22.437 [AsyncHttpClient-1-2] DEBUG org.asynchttpclient.netty.channel.ChannelManager - Adding key: http://localhost:61035 for channel [id: 0x3871a6bd, L:/127.0.0.1:51308 - R:localhost/127.0.0.1:61035]
20:23:22.439 [Forwarding getElementTagName on session b63024072f587d85732aa88cd515b128 to remote] DEBUG org.asynchttpclient.netty.request.NettyRequestSender - Using pooled Channel '[id: 0x3871a6bd, L:/127.0.0.1:51308 - R:localhost/127.0.0.1:61035]' for 'GET' to 'http://localhost:61035/session/b63024072f587d85732aa88cd515b128/element/92b8279a-2806-4ad1-b90e-fc6d88620a96/name'
20:23:22.439 [Forwarding getElementTagName on session b63024072f587d85732aa88cd515b128 to remote] DEBUG org.asynchttpclient.netty.request.NettyRequestSender - Using open Channel [id: 0x3871a6bd, L:/127.0.0.1:51308 - R:localhost/127.0.0.1:61035] for GET '/session/b63024072f587d85732aa88cd515b128/element/92b8279a-2806-4ad1-b90e-fc6d88620a96/name'
20:23:22.442 [AsyncHttpClient-1-2] DEBUG org.asynchttpclient.netty.handler.HttpHandler - 

Request DefaultFullHttpRequest(decodeResult: success, version: HTTP/1.1, content: EmptyByteBufBE)
GET /session/b63024072f587d85732aa88cd515b128/element/92b8279a-2806-4ad1-b90e-fc6d88620a96/name HTTP/1.1
User-Agent: selenium/4.1.4 (java windows)
Cache-Control: no-cache
Content-Type: application/json; charset=utf-8
host: localhost:61035
accept: */*

Response DefaultHttpResponse(decodeResult: success, version: HTTP/1.1)
HTTP/1.1 200 OK
Content-Type: application/json; charset=utf-8
cache-control: no-cache
content-length: 18

20:23:22.442 [AsyncHttpClient-1-2] DEBUG org.asynchttpclient.netty.channel.ChannelManager - Adding key: http://localhost:61035 for channel [id: 0x3871a6bd, L:/127.0.0.1:51308 - R:localhost/127.0.0.1:61035]
20:23:22.448 [Forwarding isElementEnabled on session b63024072f587d85732aa88cd515b128 to remote] DEBUG org.asynchttpclient.netty.request.NettyRequestSender - Using pooled Channel '[id: 0x3871a6bd, L:/127.0.0.1:51308 - R:localhost/127.0.0.1:61035]' for 'GET' to 'http://localhost:61035/session/b63024072f587d85732aa88cd515b128/element/92b8279a-2806-4ad1-b90e-fc6d88620a96/enabled'
20:23:22.448 [Forwarding isElementEnabled on session b63024072f587d85732aa88cd515b128 to remote] DEBUG org.asynchttpclient.netty.request.NettyRequestSender - Using open Channel [id: 0x3871a6bd, L:/127.0.0.1:51308 - R:localhost/127.0.0.1:61035] for GET '/session/b63024072f587d85732aa88cd515b128/element/92b8279a-2806-4ad1-b90e-fc6d88620a96/enabled'
20:23:22.458 [AsyncHttpClient-1-2] DEBUG org.asynchttpclient.netty.handler.HttpHandler - 

Request DefaultFullHttpRequest(decodeResult: success, version: HTTP/1.1, content: EmptyByteBufBE)
GET /session/b63024072f587d85732aa88cd515b128/element/92b8279a-2806-4ad1-b90e-fc6d88620a96/enabled HTTP/1.1
User-Agent: selenium/4.1.4 (java windows)
Cache-Control: no-cache
Content-Type: application/json; charset=utf-8
host: localhost:61035
accept: */*

Response DefaultHttpResponse(decodeResult: success, version: HTTP/1.1)
HTTP/1.1 200 OK
Content-Type: application/json; charset=utf-8
cache-control: no-cache
content-length: 14

20:23:22.458 [AsyncHttpClient-1-2] DEBUG org.asynchttpclient.netty.channel.ChannelManager - Adding key: http://localhost:61035 for channel [id: 0x3871a6bd, L:/127.0.0.1:51308 - R:localhost/127.0.0.1:61035]
20:23:22.458 [Forwarding isElementEnabled on session b63024072f587d85732aa88cd515b128 to remote] DEBUG org.asynchttpclient.netty.request.NettyRequestSender - Using pooled Channel '[id: 0x3871a6bd, L:/127.0.0.1:51308 - R:localhost/127.0.0.1:61035]' for 'GET' to 'http://localhost:61035/session/b63024072f587d85732aa88cd515b128/element/92b8279a-2806-4ad1-b90e-fc6d88620a96/enabled'
20:23:22.458 [Forwarding isElementEnabled on session b63024072f587d85732aa88cd515b128 to remote] DEBUG org.asynchttpclient.netty.request.NettyRequestSender - Using open Channel [id: 0x3871a6bd, L:/127.0.0.1:51308 - R:localhost/127.0.0.1:61035] for GET '/session/b63024072f587d85732aa88cd515b128/element/92b8279a-2806-4ad1-b90e-fc6d88620a96/enabled'
20:23:22.478 [AsyncHttpClient-1-2] DEBUG org.asynchttpclient.netty.handler.HttpHandler - 

Request DefaultFullHttpRequest(decodeResult: success, version: HTTP/1.1, content: EmptyByteBufBE)
GET /session/b63024072f587d85732aa88cd515b128/element/92b8279a-2806-4ad1-b90e-fc6d88620a96/enabled HTTP/1.1
User-Agent: selenium/4.1.4 (java windows)
Cache-Control: no-cache
Content-Type: application/json; charset=utf-8
host: localhost:61035
accept: */*

Response DefaultHttpResponse(decodeResult: success, version: HTTP/1.1)
HTTP/1.1 200 OK
Content-Type: application/json; charset=utf-8
cache-control: no-cache
content-length: 14

20:23:22.478 [AsyncHttpClient-1-2] DEBUG org.asynchttpclient.netty.channel.ChannelManager - Adding key: http://localhost:61035 for channel [id: 0x3871a6bd, L:/127.0.0.1:51308 - R:localhost/127.0.0.1:61035]
20:23:22.481 [Forwarding findElement on session b63024072f587d85732aa88cd515b128 to remote] DEBUG org.asynchttpclient.netty.request.NettyRequestSender - Using pooled Channel '[id: 0x3871a6bd, L:/127.0.0.1:51308 - R:localhost/127.0.0.1:61035]' for 'POST' to 'http://localhost:61035/session/b63024072f587d85732aa88cd515b128/element'
20:23:22.481 [Forwarding findElement on session b63024072f587d85732aa88cd515b128 to remote] DEBUG org.asynchttpclient.netty.request.NettyRequestSender - Using open Channel [id: 0x3871a6bd, L:/127.0.0.1:51308 - R:localhost/127.0.0.1:61035] for POST '/session/b63024072f587d85732aa88cd515b128/element'
20:23:22.490 [AsyncHttpClient-1-2] DEBUG org.asynchttpclient.netty.handler.HttpHandler - 

Request DefaultHttpRequest(decodeResult: success, version: HTTP/1.1)
POST /session/b63024072f587d85732aa88cd515b128/element HTTP/1.1
User-Agent: selenium/4.1.4 (java windows)
Content-Length: 68
Content-Type: application/json; charset=utf-8
host: localhost:61035
accept: */*

Response DefaultHttpResponse(decodeResult: success, version: HTTP/1.1)
HTTP/1.1 200 OK
Content-Type: application/json; charset=utf-8
cache-control: no-cache
content-length: 88

20:23:22.490 [AsyncHttpClient-1-2] DEBUG org.asynchttpclient.netty.channel.ChannelManager - Adding key: http://localhost:61035 for channel [id: 0x3871a6bd, L:/127.0.0.1:51308 - R:localhost/127.0.0.1:61035]
20:23:22.492 [Forwarding clickElement on session b63024072f587d85732aa88cd515b128 to remote] DEBUG org.asynchttpclient.netty.request.NettyRequestSender - Using pooled Channel '[id: 0x3871a6bd, L:/127.0.0.1:51308 - R:localhost/127.0.0.1:61035]' for 'POST' to 'http://localhost:61035/session/b63024072f587d85732aa88cd515b128/element/92b8279a-2806-4ad1-b90e-fc6d88620a96/click'
20:23:22.492 [Forwarding clickElement on session b63024072f587d85732aa88cd515b128 to remote] DEBUG org.asynchttpclient.netty.request.NettyRequestSender - Using open Channel [id: 0x3871a6bd, L:/127.0.0.1:51308 - R:localhost/127.0.0.1:61035] for POST '/session/b63024072f587d85732aa88cd515b128/element/92b8279a-2806-4ad1-b90e-fc6d88620a96/click'
20:23:22.594 [AsyncHttpClient-1-2] DEBUG org.asynchttpclient.netty.handler.HttpHandler - 

Request DefaultHttpRequest(decodeResult: success, version: HTTP/1.1)
POST /session/b63024072f587d85732aa88cd515b128/element/92b8279a-2806-4ad1-b90e-fc6d88620a96/click HTTP/1.1
User-Agent: selenium/4.1.4 (java windows)
Content-Length: 50
Content-Type: application/json; charset=utf-8
host: localhost:61035
accept: */*

Response DefaultHttpResponse(decodeResult: success, version: HTTP/1.1)
HTTP/1.1 200 OK
Content-Type: application/json; charset=utf-8
cache-control: no-cache
content-length: 14

20:23:22.594 [AsyncHttpClient-1-2] DEBUG org.asynchttpclient.netty.channel.ChannelManager - Adding key: http://localhost:61035 for channel [id: 0x3871a6bd, L:/127.0.0.1:51308 - R:localhost/127.0.0.1:61035]
20:23:22.611 [Forwarding screenshot on session b63024072f587d85732aa88cd515b128 to remote] DEBUG org.asynchttpclient.netty.request.NettyRequestSender - Using pooled Channel '[id: 0x3871a6bd, L:/127.0.0.1:51308 - R:localhost/127.0.0.1:61035]' for 'GET' to 'http://localhost:61035/session/b63024072f587d85732aa88cd515b128/screenshot'
20:23:22.611 [Forwarding screenshot on session b63024072f587d85732aa88cd515b128 to remote] DEBUG org.asynchttpclient.netty.request.NettyRequestSender - Using open Channel [id: 0x3871a6bd, L:/127.0.0.1:51308 - R:localhost/127.0.0.1:61035] for GET '/session/b63024072f587d85732aa88cd515b128/screenshot'
20:23:22.620 [AsyncHttpClient-1-1] DEBUG org.asynchttpclient.netty.channel.DefaultChannelPool - Entry count for : http://localhost:51309 : 1
20:23:22.877 [AsyncHttpClient-1-2] DEBUG org.asynchttpclient.netty.handler.HttpHandler - 

Request DefaultFullHttpRequest(decodeResult: success, version: HTTP/1.1, content: EmptyByteBufBE)
GET /session/b63024072f587d85732aa88cd515b128/screenshot HTTP/1.1
User-Agent: selenium/4.1.4 (java windows)
Cache-Control: no-cache
Content-Type: application/json; charset=utf-8
host: localhost:61035
accept: */*

Response DefaultHttpResponse(decodeResult: success, version: HTTP/1.1)
HTTP/1.1 200 OK
Content-Type: application/json; charset=utf-8
cache-control: no-cache
content-length: 342848

20:23:22.880 [AsyncHttpClient-1-2] DEBUG org.asynchttpclient.netty.channel.ChannelManager - Adding key: http://localhost:61035 for channel [id: 0x3871a6bd, L:/127.0.0.1:51308 - R:localhost/127.0.0.1:61035]
20:23:22.894 [main] DEBUG net.serenitybdd.core.photography.Darkroom - Send negative for processing for target\site\serenity\a6fa0a1bdf697b8066daf03d22fb0d1af53c8fc50a2ac2be55a62282fba7c57a.png
20:23:22.894 [main] DEBUG net.thucydides.core.steps.StepInterceptor - STEP DONE: clickButtonLogin
20:23:22.894 [Darkroom Processing Line] DEBUG net.serenitybdd.core.photography.DarkroomProcessingLine - Processing screenshot image in /var/screenshots/screenshot-9419101062506539941
20:23:22.894 [Darkroom Processing Line] DEBUG net.serenitybdd.core.photography.DarkroomProcessingLine - Saving screenshot to target\site\serenity\a6fa0a1bdf697b8066daf03d22fb0d1af53c8fc50a2ac2be55a62282fba7c57a.png
20:23:23.717 [AsyncHttpClient-1-1] DEBUG org.asynchttpclient.netty.channel.DefaultChannelPool - Entry count for : http://localhost:61035 : 1
20:23:23.717 [AsyncHttpClient-1-1] DEBUG org.asynchttpclient.netty.channel.DefaultChannelPool - Entry count for : http://localhost:51309 : 1
  &amp#27;[32mWhen &amp#27;[0m&amp#27;[32mI click button login&amp#27;[0m                         &amp#27;[90m# starter.stepdefinitios.LoginSteps.iClickButtonLogin()&amp#27;[0m
20:23:23.904 [Forwarding screenshot on session b63024072f587d85732aa88cd515b128 to remote] DEBUG org.asynchttpclient.netty.request.NettyRequestSender - Using pooled Channel '[id: 0x3871a6bd, L:/127.0.0.1:51308 - R:localhost/127.0.0.1:61035]' for 'GET' to 'http://localhost:61035/session/b63024072f587d85732aa88cd515b128/screenshot'
20:23:23.904 [Forwarding screenshot on session b63024072f587d85732aa88cd515b128 to remote] DEBUG org.asynchttpclient.netty.request.NettyRequestSender - Using open Channel [id: 0x3871a6bd, L:/127.0.0.1:51308 - R:localhost/127.0.0.1:61035] for GET '/session/b63024072f587d85732aa88cd515b128/screenshot'
20:23:24.124 [AsyncHttpClient-1-2] DEBUG org.asynchttpclient.netty.handler.HttpHandler - 

Request DefaultFullHttpRequest(decodeResult: success, version: HTTP/1.1, content: EmptyByteBufBE)
GET /session/b63024072f587d85732aa88cd515b128/screenshot HTTP/1.1
User-Agent: selenium/4.1.4 (java windows)
Cache-Control: no-cache
Content-Type: application/json; charset=utf-8
host: localhost:61035
accept: */*

Response DefaultHttpResponse(decodeResult: success, version: HTTP/1.1)
HTTP/1.1 200 OK
Content-Type: application/json; charset=utf-8
cache-control: no-cache
content-length: 313192

20:23:24.126 [AsyncHttpClient-1-2] DEBUG org.asynchttpclient.netty.channel.ChannelManager - Adding key: http://localhost:61035 for channel [id: 0x3871a6bd, L:/127.0.0.1:51308 - R:localhost/127.0.0.1:61035]
20:23:24.133 [main] DEBUG net.serenitybdd.core.photography.Darkroom - Send negative for processing for target\site\serenity\a170a5b26eba61291e65a2e92852919816327b0960676cf55f29b0e4af3ef0cb.png
20:23:24.133 [Darkroom Processing Line] DEBUG net.serenitybdd.core.photography.DarkroomProcessingLine - Processing screenshot image in /var/screenshots/screenshot-6482906707660420666
20:23:24.133 [Darkroom Processing Line] DEBUG net.serenitybdd.core.photography.DarkroomProcessingLine - Saving screenshot to target\site\serenity\a170a5b26eba61291e65a2e92852919816327b0960676cf55f29b0e4af3ef0cb.png
20:23:24.814 [AsyncHttpClient-1-1] DEBUG org.asynchttpclient.netty.channel.DefaultChannelPool - Entry count for : http://localhost:61035 : 1
20:23:24.814 [AsyncHttpClient-1-1] DEBUG org.asynchttpclient.netty.channel.DefaultChannelPool - Entry count for : http://localhost:51309 : 1
20:23:25.913 [AsyncHttpClient-1-1] DEBUG org.asynchttpclient.netty.channel.DefaultChannelPool - Entry count for : http://localhost:61035 : 1
20:23:25.913 [AsyncHttpClient-1-1] DEBUG org.asynchttpclient.netty.channel.DefaultChannelPool - Entry count for : http://localhost:51309 : 1
20:23:27.013 [AsyncHttpClient-1-1] DEBUG org.asynchttpclient.netty.channel.DefaultChannelPool - Entry count for : http://localhost:61035 : 1
20:23:27.013 [AsyncHttpClient-1-1] DEBUG org.asynchttpclient.netty.channel.DefaultChannelPool - Entry count for : http://localhost:51309 : 1
20:23:28.114 [AsyncHttpClient-1-1] DEBUG org.asynchttpclient.netty.channel.DefaultChannelPool - Entry count for : http://localhost:61035 : 1
20:23:28.114 [AsyncHttpClient-1-1] DEBUG org.asynchttpclient.netty.channel.DefaultChannelPool - Entry count for : http://localhost:51309 : 1
20:23:29.148 [Forwarding findElement on session b63024072f587d85732aa88cd515b128 to remote] DEBUG org.asynchttpclient.netty.request.NettyRequestSender - Using pooled Channel '[id: 0x3871a6bd, L:/127.0.0.1:51308 - R:localhost/127.0.0.1:61035]' for 'POST' to 'http://localhost:61035/session/b63024072f587d85732aa88cd515b128/element'
20:23:29.148 [Forwarding findElement on session b63024072f587d85732aa88cd515b128 to remote] DEBUG org.asynchttpclient.netty.request.NettyRequestSender - Using open Channel [id: 0x3871a6bd, L:/127.0.0.1:51308 - R:localhost/127.0.0.1:61035] for POST '/session/b63024072f587d85732aa88cd515b128/element'
20:23:29.178 [AsyncHttpClient-1-2] DEBUG org.asynchttpclient.netty.handler.HttpHandler - 

Request DefaultHttpRequest(decodeResult: success, version: HTTP/1.1)
POST /session/b63024072f587d85732aa88cd515b128/element HTTP/1.1
User-Agent: selenium/4.1.4 (java windows)
Content-Length: 68
Content-Type: application/json; charset=utf-8
host: localhost:61035
accept: */*

Response DefaultHttpResponse(decodeResult: success, version: HTTP/1.1)
HTTP/1.1 200 OK
Content-Type: application/json; charset=utf-8
cache-control: no-cache
content-length: 88

20:23:29.178 [AsyncHttpClient-1-2] DEBUG org.asynchttpclient.netty.channel.ChannelManager - Adding key: http://localhost:61035 for channel [id: 0x3871a6bd, L:/127.0.0.1:51308 - R:localhost/127.0.0.1:61035]
20:23:29.178 [Forwarding isElementEnabled on session b63024072f587d85732aa88cd515b128 to remote] DEBUG org.asynchttpclient.netty.request.NettyRequestSender - Using pooled Channel '[id: 0x3871a6bd, L:/127.0.0.1:51308 - R:localhost/127.0.0.1:61035]' for 'GET' to 'http://localhost:61035/session/b63024072f587d85732aa88cd515b128/element/cf9f37b4-2770-4515-8987-8c64610de2d5/enabled'
20:23:29.178 [Forwarding isElementEnabled on session b63024072f587d85732aa88cd515b128 to remote] DEBUG org.asynchttpclient.netty.request.NettyRequestSender - Using open Channel [id: 0x3871a6bd, L:/127.0.0.1:51308 - R:localhost/127.0.0.1:61035] for GET '/session/b63024072f587d85732aa88cd515b128/element/cf9f37b4-2770-4515-8987-8c64610de2d5/enabled'
20:23:29.199 [AsyncHttpClient-1-2] DEBUG org.asynchttpclient.netty.handler.HttpHandler - 

Request DefaultFullHttpRequest(decodeResult: success, version: HTTP/1.1, content: EmptyByteBufBE)
GET /session/b63024072f587d85732aa88cd515b128/element/cf9f37b4-2770-4515-8987-8c64610de2d5/enabled HTTP/1.1
User-Agent: selenium/4.1.4 (java windows)
Cache-Control: no-cache
Content-Type: application/json; charset=utf-8
host: localhost:61035
accept: */*

Response DefaultHttpResponse(decodeResult: success, version: HTTP/1.1)
HTTP/1.1 200 OK
Content-Type: application/json; charset=utf-8
cache-control: no-cache
content-length: 14

20:23:29.199 [AsyncHttpClient-1-2] DEBUG org.asynchttpclient.netty.channel.ChannelManager - Adding key: http://localhost:61035 for channel [id: 0x3871a6bd, L:/127.0.0.1:51308 - R:localhost/127.0.0.1:61035]
20:23:29.216 [AsyncHttpClient-1-1] DEBUG org.asynchttpclient.netty.channel.DefaultChannelPool - Entry count for : http://localhost:61035 : 1
20:23:29.216 [AsyncHttpClient-1-1] DEBUG org.asynchttpclient.netty.channel.DefaultChannelPool - Entry count for : http://localhost:51309 : 1
20:23:29.720 [Forwarding screenshot on session b63024072f587d85732aa88cd515b128 to remote] DEBUG org.asynchttpclient.netty.request.NettyRequestSender - Using pooled Channel '[id: 0x3871a6bd, L:/127.0.0.1:51308 - R:localhost/127.0.0.1:61035]' for 'GET' to 'http://localhost:61035/session/b63024072f587d85732aa88cd515b128/screenshot'
20:23:29.720 [Forwarding screenshot on session b63024072f587d85732aa88cd515b128 to remote] DEBUG org.asynchttpclient.netty.request.NettyRequestSender - Using open Channel [id: 0x3871a6bd, L:/127.0.0.1:51308 - R:localhost/127.0.0.1:61035] for GET '/session/b63024072f587d85732aa88cd515b128/screenshot'
20:23:29.963 [AsyncHttpClient-1-2] DEBUG org.asynchttpclient.netty.handler.HttpHandler - 

Request DefaultFullHttpRequest(decodeResult: success, version: HTTP/1.1, content: EmptyByteBufBE)
GET /session/b63024072f587d85732aa88cd515b128/screenshot HTTP/1.1
User-Agent: selenium/4.1.4 (java windows)
Cache-Control: no-cache
Content-Type: application/json; charset=utf-8
host: localhost:61035
accept: */*

Response DefaultHttpResponse(decodeResult: success, version: HTTP/1.1)
HTTP/1.1 200 OK
Content-Type: application/json; charset=utf-8
cache-control: no-cache
content-length: 301044

20:23:29.981 [AsyncHttpClient-1-2] DEBUG org.asynchttpclient.netty.channel.ChannelManager - Adding key: http://localhost:61035 for channel [id: 0x3871a6bd, L:/127.0.0.1:51308 - R:localhost/127.0.0.1:61035]
20:23:29.995 [main] DEBUG net.serenitybdd.core.photography.Darkroom - Send negative for processing for target\site\serenity\163e386af0b12517552a74a3d5043b94e8c0f9215c0f21d464e3b04d27a0859d.png
20:23:29.995 [Darkroom Processing Line] DEBUG net.serenitybdd.core.photography.DarkroomProcessingLine - Processing screenshot image in /var/screenshots/screenshot-8706670102337744886
20:23:29.995 [Darkroom Processing Line] DEBUG net.serenitybdd.core.photography.DarkroomProcessingLine - Saving screenshot to target\site\serenity\163e386af0b12517552a74a3d5043b94e8c0f9215c0f21d464e3b04d27a0859d.png
20:23:29.995 [main] DEBUG net.thucydides.core.steps.StepInterceptor - STARTING STEP: LoginSteps.loginValidationInvalid - clickButtonErrorOK
20:23:30.003 [Forwarding findElement on session b63024072f587d85732aa88cd515b128 to remote] DEBUG org.asynchttpclient.netty.request.NettyRequestSender - Using pooled Channel '[id: 0x3871a6bd, L:/127.0.0.1:51308 - R:localhost/127.0.0.1:61035]' for 'POST' to 'http://localhost:61035/session/b63024072f587d85732aa88cd515b128/element'
20:23:30.003 [Forwarding findElement on session b63024072f587d85732aa88cd515b128 to remote] DEBUG org.asynchttpclient.netty.request.NettyRequestSender - Using open Channel [id: 0x3871a6bd, L:/127.0.0.1:51308 - R:localhost/127.0.0.1:61035] for POST '/session/b63024072f587d85732aa88cd515b128/element'
20:23:30.024 [AsyncHttpClient-1-2] DEBUG org.asynchttpclient.netty.handler.HttpHandler - 

Request DefaultHttpRequest(decodeResult: success, version: HTTP/1.1)
POST /session/b63024072f587d85732aa88cd515b128/element HTTP/1.1
User-Agent: selenium/4.1.4 (java windows)
Content-Length: 88
Content-Type: application/json; charset=utf-8
host: localhost:61035
accept: */*

Response DefaultHttpResponse(decodeResult: success, version: HTTP/1.1)
HTTP/1.1 200 OK
Content-Type: application/json; charset=utf-8
cache-control: no-cache
content-length: 88

20:23:30.024 [AsyncHttpClient-1-2] DEBUG org.asynchttpclient.netty.channel.ChannelManager - Adding key: http://localhost:61035 for channel [id: 0x3871a6bd, L:/127.0.0.1:51308 - R:localhost/127.0.0.1:61035]
20:23:30.025 [Forwarding getElementTagName on session b63024072f587d85732aa88cd515b128 to remote] DEBUG org.asynchttpclient.netty.request.NettyRequestSender - Using pooled Channel '[id: 0x3871a6bd, L:/127.0.0.1:51308 - R:localhost/127.0.0.1:61035]' for 'GET' to 'http://localhost:61035/session/b63024072f587d85732aa88cd515b128/element/18d86830-2190-41d7-96bf-13f90ed93263/name'
20:23:30.025 [Forwarding getElementTagName on session b63024072f587d85732aa88cd515b128 to remote] DEBUG org.asynchttpclient.netty.request.NettyRequestSender - Using open Channel [id: 0x3871a6bd, L:/127.0.0.1:51308 - R:localhost/127.0.0.1:61035] for GET '/session/b63024072f587d85732aa88cd515b128/element/18d86830-2190-41d7-96bf-13f90ed93263/name'
20:23:30.035 [AsyncHttpClient-1-2] DEBUG org.asynchttpclient.netty.handler.HttpHandler - 

Request DefaultFullHttpRequest(decodeResult: success, version: HTTP/1.1, content: EmptyByteBufBE)
GET /session/b63024072f587d85732aa88cd515b128/element/18d86830-2190-41d7-96bf-13f90ed93263/name HTTP/1.1
User-Agent: selenium/4.1.4 (java windows)
Cache-Control: no-cache
Content-Type: application/json; charset=utf-8
host: localhost:61035
accept: */*

Response DefaultHttpResponse(decodeResult: success, version: HTTP/1.1)
HTTP/1.1 200 OK
Content-Type: application/json; charset=utf-8
cache-control: no-cache
content-length: 18

20:23:30.035 [AsyncHttpClient-1-2] DEBUG org.asynchttpclient.netty.channel.ChannelManager - Adding key: http://localhost:61035 for channel [id: 0x3871a6bd, L:/127.0.0.1:51308 - R:localhost/127.0.0.1:61035]
20:23:30.035 [Forwarding getElementTagName on session b63024072f587d85732aa88cd515b128 to remote] DEBUG org.asynchttpclient.netty.request.NettyRequestSender - Using pooled Channel '[id: 0x3871a6bd, L:/127.0.0.1:51308 - R:localhost/127.0.0.1:61035]' for 'GET' to 'http://localhost:61035/session/b63024072f587d85732aa88cd515b128/element/18d86830-2190-41d7-96bf-13f90ed93263/name'
20:23:30.035 [Forwarding getElementTagName on session b63024072f587d85732aa88cd515b128 to remote] DEBUG org.asynchttpclient.netty.request.NettyRequestSender - Using open Channel [id: 0x3871a6bd, L:/127.0.0.1:51308 - R:localhost/127.0.0.1:61035] for GET '/session/b63024072f587d85732aa88cd515b128/element/18d86830-2190-41d7-96bf-13f90ed93263/name'
20:23:30.045 [AsyncHttpClient-1-2] DEBUG org.asynchttpclient.netty.handler.HttpHandler - 

Request DefaultFullHttpRequest(decodeResult: success, version: HTTP/1.1, content: EmptyByteBufBE)
GET /session/b63024072f587d85732aa88cd515b128/element/18d86830-2190-41d7-96bf-13f90ed93263/name HTTP/1.1
User-Agent: selenium/4.1.4 (java windows)
Cache-Control: no-cache
Content-Type: application/json; charset=utf-8
host: localhost:61035
accept: */*

Response DefaultHttpResponse(decodeResult: success, version: HTTP/1.1)
HTTP/1.1 200 OK
Content-Type: application/json; charset=utf-8
cache-control: no-cache
content-length: 18

20:23:30.045 [AsyncHttpClient-1-2] DEBUG org.asynchttpclient.netty.channel.ChannelManager - Adding key: http://localhost:61035 for channel [id: 0x3871a6bd, L:/127.0.0.1:51308 - R:localhost/127.0.0.1:61035]
20:23:30.049 [Forwarding isElementEnabled on session b63024072f587d85732aa88cd515b128 to remote] DEBUG org.asynchttpclient.netty.request.NettyRequestSender - Using pooled Channel '[id: 0x3871a6bd, L:/127.0.0.1:51308 - R:localhost/127.0.0.1:61035]' for 'GET' to 'http://localhost:61035/session/b63024072f587d85732aa88cd515b128/element/18d86830-2190-41d7-96bf-13f90ed93263/enabled'
20:23:30.049 [Forwarding isElementEnabled on session b63024072f587d85732aa88cd515b128 to remote] DEBUG org.asynchttpclient.netty.request.NettyRequestSender - Using open Channel [id: 0x3871a6bd, L:/127.0.0.1:51308 - R:localhost/127.0.0.1:61035] for GET '/session/b63024072f587d85732aa88cd515b128/element/18d86830-2190-41d7-96bf-13f90ed93263/enabled'
20:23:30.066 [AsyncHttpClient-1-2] DEBUG org.asynchttpclient.netty.handler.HttpHandler - 

Request DefaultFullHttpRequest(decodeResult: success, version: HTTP/1.1, content: EmptyByteBufBE)
GET /session/b63024072f587d85732aa88cd515b128/element/18d86830-2190-41d7-96bf-13f90ed93263/enabled HTTP/1.1
User-Agent: selenium/4.1.4 (java windows)
Cache-Control: no-cache
Content-Type: application/json; charset=utf-8
host: localhost:61035
accept: */*

Response DefaultHttpResponse(decodeResult: success, version: HTTP/1.1)
HTTP/1.1 200 OK
Content-Type: application/json; charset=utf-8
cache-control: no-cache
content-length: 14

20:23:30.067 [AsyncHttpClient-1-2] DEBUG org.asynchttpclient.netty.channel.ChannelManager - Adding key: http://localhost:61035 for channel [id: 0x3871a6bd, L:/127.0.0.1:51308 - R:localhost/127.0.0.1:61035]
20:23:30.067 [Forwarding isElementEnabled on session b63024072f587d85732aa88cd515b128 to remote] DEBUG org.asynchttpclient.netty.request.NettyRequestSender - Using pooled Channel '[id: 0x3871a6bd, L:/127.0.0.1:51308 - R:localhost/127.0.0.1:61035]' for 'GET' to 'http://localhost:61035/session/b63024072f587d85732aa88cd515b128/element/18d86830-2190-41d7-96bf-13f90ed93263/enabled'
20:23:30.067 [Forwarding isElementEnabled on session b63024072f587d85732aa88cd515b128 to remote] DEBUG org.asynchttpclient.netty.request.NettyRequestSender - Using open Channel [id: 0x3871a6bd, L:/127.0.0.1:51308 - R:localhost/127.0.0.1:61035] for GET '/session/b63024072f587d85732aa88cd515b128/element/18d86830-2190-41d7-96bf-13f90ed93263/enabled'
20:23:30.079 [AsyncHttpClient-1-2] DEBUG org.asynchttpclient.netty.handler.HttpHandler - 

Request DefaultFullHttpRequest(decodeResult: success, version: HTTP/1.1, content: EmptyByteBufBE)
GET /session/b63024072f587d85732aa88cd515b128/element/18d86830-2190-41d7-96bf-13f90ed93263/enabled HTTP/1.1
User-Agent: selenium/4.1.4 (java windows)
Cache-Control: no-cache
Content-Type: application/json; charset=utf-8
host: localhost:61035
accept: */*

Response DefaultHttpResponse(decodeResult: success, version: HTTP/1.1)
HTTP/1.1 200 OK
Content-Type: application/json; charset=utf-8
cache-control: no-cache
content-length: 14

20:23:30.080 [AsyncHttpClient-1-2] DEBUG org.asynchttpclient.netty.channel.ChannelManager - Adding key: http://localhost:61035 for channel [id: 0x3871a6bd, L:/127.0.0.1:51308 - R:localhost/127.0.0.1:61035]
20:23:30.081 [Forwarding findElement on session b63024072f587d85732aa88cd515b128 to remote] DEBUG org.asynchttpclient.netty.request.NettyRequestSender - Using pooled Channel '[id: 0x3871a6bd, L:/127.0.0.1:51308 - R:localhost/127.0.0.1:61035]' for 'POST' to 'http://localhost:61035/session/b63024072f587d85732aa88cd515b128/element'
20:23:30.081 [Forwarding findElement on session b63024072f587d85732aa88cd515b128 to remote] DEBUG org.asynchttpclient.netty.request.NettyRequestSender - Using open Channel [id: 0x3871a6bd, L:/127.0.0.1:51308 - R:localhost/127.0.0.1:61035] for POST '/session/b63024072f587d85732aa88cd515b128/element'
20:23:30.098 [AsyncHttpClient-1-2] DEBUG org.asynchttpclient.netty.handler.HttpHandler - 

Request DefaultHttpRequest(decodeResult: success, version: HTTP/1.1)
POST /session/b63024072f587d85732aa88cd515b128/element HTTP/1.1
User-Agent: selenium/4.1.4 (java windows)
Content-Length: 88
Content-Type: application/json; charset=utf-8
host: localhost:61035
accept: */*

Response DefaultHttpResponse(decodeResult: success, version: HTTP/1.1)
HTTP/1.1 200 OK
Content-Type: application/json; charset=utf-8
cache-control: no-cache
content-length: 88

20:23:30.099 [AsyncHttpClient-1-2] DEBUG org.asynchttpclient.netty.channel.ChannelManager - Adding key: http://localhost:61035 for channel [id: 0x3871a6bd, L:/127.0.0.1:51308 - R:localhost/127.0.0.1:61035]
20:23:30.099 [Forwarding clickElement on session b63024072f587d85732aa88cd515b128 to remote] DEBUG org.asynchttpclient.netty.request.NettyRequestSender - Using pooled Channel '[id: 0x3871a6bd, L:/127.0.0.1:51308 - R:localhost/127.0.0.1:61035]' for 'POST' to 'http://localhost:61035/session/b63024072f587d85732aa88cd515b128/element/18d86830-2190-41d7-96bf-13f90ed93263/click'
20:23:30.099 [Forwarding clickElement on session b63024072f587d85732aa88cd515b128 to remote] DEBUG org.asynchttpclient.netty.request.NettyRequestSender - Using open Channel [id: 0x3871a6bd, L:/127.0.0.1:51308 - R:localhost/127.0.0.1:61035] for POST '/session/b63024072f587d85732aa88cd515b128/element/18d86830-2190-41d7-96bf-13f90ed93263/click'
20:23:30.221 [AsyncHttpClient-1-2] DEBUG org.asynchttpclient.netty.handler.HttpHandler - 

Request DefaultHttpRequest(decodeResult: success, version: HTTP/1.1)
POST /session/b63024072f587d85732aa88cd515b128/element/18d86830-2190-41d7-96bf-13f90ed93263/click HTTP/1.1
User-Agent: selenium/4.1.4 (java windows)
Content-Length: 50
Content-Type: application/json; charset=utf-8
host: localhost:61035
accept: */*

Response DefaultHttpResponse(decodeResult: success, version: HTTP/1.1)
HTTP/1.1 200 OK
Content-Type: application/json; charset=utf-8
cache-control: no-cache
content-length: 14

20:23:30.222 [AsyncHttpClient-1-2] DEBUG org.asynchttpclient.netty.channel.ChannelManager - Adding key: http://localhost:61035 for channel [id: 0x3871a6bd, L:/127.0.0.1:51308 - R:localhost/127.0.0.1:61035]
20:23:30.267 [Forwarding screenshot on session b63024072f587d85732aa88cd515b128 to remote] DEBUG org.asynchttpclient.netty.request.NettyRequestSender - Using pooled Channel '[id: 0x3871a6bd, L:/127.0.0.1:51308 - R:localhost/127.0.0.1:61035]' for 'GET' to 'http://localhost:61035/session/b63024072f587d85732aa88cd515b128/screenshot'
20:23:30.267 [Forwarding screenshot on session b63024072f587d85732aa88cd515b128 to remote] DEBUG org.asynchttpclient.netty.request.NettyRequestSender - Using open Channel [id: 0x3871a6bd, L:/127.0.0.1:51308 - R:localhost/127.0.0.1:61035] for GET '/session/b63024072f587d85732aa88cd515b128/screenshot'
20:23:30.328 [AsyncHttpClient-1-1] DEBUG org.asynchttpclient.netty.channel.DefaultChannelPool - Entry count for : http://localhost:51309 : 1
20:23:30.707 [AsyncHttpClient-1-2] DEBUG org.asynchttpclient.netty.handler.HttpHandler - 

Request DefaultFullHttpRequest(decodeResult: success, version: HTTP/1.1, content: EmptyByteBufBE)
GET /session/b63024072f587d85732aa88cd515b128/screenshot HTTP/1.1
User-Agent: selenium/4.1.4 (java windows)
Cache-Control: no-cache
Content-Type: application/json; charset=utf-8
host: localhost:61035
accept: */*

Response DefaultHttpResponse(decodeResult: success, version: HTTP/1.1)
HTTP/1.1 200 OK
Content-Type: application/json; charset=utf-8
cache-control: no-cache
content-length: 76228

20:23:30.707 [AsyncHttpClient-1-2] DEBUG org.asynchttpclient.netty.channel.ChannelManager - Adding key: http://localhost:61035 for channel [id: 0x3871a6bd, L:/127.0.0.1:51308 - R:localhost/127.0.0.1:61035]
20:23:30.721 [main] DEBUG net.serenitybdd.core.photography.Darkroom - Send negative for processing for target\site\serenity\17aca8dc64c16b76fe8d8f92ab3e0db8cf1ccc18ea22994a9be98a8959dbca22.png
20:23:30.721 [main] DEBUG net.thucydides.core.steps.StepInterceptor - STEP DONE: clickButtonErrorOK
20:23:30.721 [Darkroom Processing Line] DEBUG net.serenitybdd.core.photography.DarkroomProcessingLine - Processing screenshot image in /var/screenshots/screenshot-4403754298361799824
20:23:30.721 [Darkroom Processing Line] DEBUG net.serenitybdd.core.photography.DarkroomProcessingLine - Saving screenshot to target\site\serenity\17aca8dc64c16b76fe8d8f92ab3e0db8cf1ccc18ea22994a9be98a8959dbca22.png
  &amp#27;[32mAnd &amp#27;[0m&amp#27;[32mLogin validation invalid&amp#27;[0m                      &amp#27;[90m# starter.stepdefinitios.LoginSteps.loginValidationInvalid()&amp#27;[0m
20:23:31.421 [AsyncHttpClient-1-1] DEBUG org.asynchttpclient.netty.channel.DefaultChannelPool - Entry count for : http://localhost:61035 : 1
20:23:31.421 [AsyncHttpClient-1-1] DEBUG org.asynchttpclient.netty.channel.DefaultChannelPool - Entry count for : http://localhost:51309 : 1
20:23:32.514 [AsyncHttpClient-1-1] DEBUG org.asynchttpclient.netty.channel.DefaultChannelPool - Entry count for : http://localhost:61035 : 1
20:23:32.514 [AsyncHttpClient-1-1] DEBUG org.asynchttpclient.netty.channel.DefaultChannelPool - Entry count for : http://localhost:51309 : 1
20:23:33.617 [AsyncHttpClient-1-1] DEBUG org.asynchttpclient.netty.channel.DefaultChannelPool - Entry count for : http://localhost:61035 : 1
20:23:33.617 [AsyncHttpClient-1-1] DEBUG org.asynchttpclient.netty.channel.DefaultChannelPool - Entry count for : http://localhost:51309 : 1
20:23:34.720 [AsyncHttpClient-1-1] DEBUG org.asynchttpclient.netty.channel.DefaultChannelPool - Entry count for : http://localhost:61035 : 1
20:23:34.721 [AsyncHttpClient-1-1] DEBUG org.asynchttpclient.netty.channel.DefaultChannelPool - Entry count for : http://localhost:51309 : 1
20:23:35.813 [AsyncHttpClient-1-1] DEBUG org.asynchttpclient.netty.channel.DefaultChannelPool - Entry count for : http://localhost:61035 : 1
20:23:35.813 [AsyncHttpClient-1-1] DEBUG org.asynchttpclient.netty.channel.DefaultChannelPool - Entry count for : http://localhost:51309 : 1
20:23:36.047 [Forwarding screenshot on session b63024072f587d85732aa88cd515b128 to remote] DEBUG org.asynchttpclient.netty.request.NettyRequestSender - Using pooled Channel '[id: 0x3871a6bd, L:/127.0.0.1:51308 - R:localhost/127.0.0.1:61035]' for 'GET' to 'http://localhost:61035/session/b63024072f587d85732aa88cd515b128/screenshot'
20:23:36.047 [Forwarding screenshot on session b63024072f587d85732aa88cd515b128 to remote] DEBUG org.asynchttpclient.netty.request.NettyRequestSender - Using open Channel [id: 0x3871a6bd, L:/127.0.0.1:51308 - R:localhost/127.0.0.1:61035] for GET '/session/b63024072f587d85732aa88cd515b128/screenshot'
20:23:36.210 [AsyncHttpClient-1-2] DEBUG org.asynchttpclient.netty.handler.HttpHandler - 

Request DefaultFullHttpRequest(decodeResult: success, version: HTTP/1.1, content: EmptyByteBufBE)
GET /session/b63024072f587d85732aa88cd515b128/screenshot HTTP/1.1
User-Agent: selenium/4.1.4 (java windows)
Cache-Control: no-cache
Content-Type: application/json; charset=utf-8
host: localhost:61035
accept: */*

Response DefaultHttpResponse(decodeResult: success, version: HTTP/1.1)
HTTP/1.1 200 OK
Content-Type: application/json; charset=utf-8
cache-control: no-cache
content-length: 78916

20:23:36.211 [AsyncHttpClient-1-2] DEBUG org.asynchttpclient.netty.channel.ChannelManager - Adding key: http://localhost:61035 for channel [id: 0x3871a6bd, L:/127.0.0.1:51308 - R:localhost/127.0.0.1:61035]
20:23:36.215 [main] DEBUG net.serenitybdd.core.photography.Darkroom - Send negative for processing for target\site\serenity\6ddfb86c3e40e80f5cf75f5473ea4a13b4be8ddc07b6bfa170e30cd2276a987b.png
20:23:36.216 [Darkroom Processing Line] DEBUG net.serenitybdd.core.photography.DarkroomProcessingLine - Processing screenshot image in /var/screenshots/screenshot-18256615677606882555
20:23:36.216 [Darkroom Processing Line] DEBUG net.serenitybdd.core.photography.DarkroomProcessingLine - Saving screenshot to target\site\serenity\6ddfb86c3e40e80f5cf75f5473ea4a13b4be8ddc07b6bfa170e30cd2276a987b.png
20:23:36.216 [main] DEBUG net.thucydides.core.steps.StepInterceptor - STARTING STEP: ArsipJadwalSteps.clickButtonArchive - clickButtonArsipJadwal
20:23:36.217 [Forwarding findElement on session b63024072f587d85732aa88cd515b128 to remote] DEBUG org.asynchttpclient.netty.request.NettyRequestSender - Using pooled Channel '[id: 0x3871a6bd, L:/127.0.0.1:51308 - R:localhost/127.0.0.1:61035]' for 'POST' to 'http://localhost:61035/session/b63024072f587d85732aa88cd515b128/element'
20:23:36.217 [Forwarding findElement on session b63024072f587d85732aa88cd515b128 to remote] DEBUG org.asynchttpclient.netty.request.NettyRequestSender - Using open Channel [id: 0x3871a6bd, L:/127.0.0.1:51308 - R:localhost/127.0.0.1:61035] for POST '/session/b63024072f587d85732aa88cd515b128/element'
20:23:36.241 [AsyncHttpClient-1-2] DEBUG org.asynchttpclient.netty.handler.HttpHandler - 

Request DefaultHttpRequest(decodeResult: success, version: HTTP/1.1)
POST /session/b63024072f587d85732aa88cd515b128/element HTTP/1.1
User-Agent: selenium/4.1.4 (java windows)
Content-Length: 114
Content-Type: application/json; charset=utf-8
host: localhost:61035
accept: */*

Response DefaultHttpResponse(decodeResult: success, version: HTTP/1.1)
HTTP/1.1 200 OK
Content-Type: application/json; charset=utf-8
cache-control: no-cache
content-length: 88

20:23:36.242 [AsyncHttpClient-1-2] DEBUG org.asynchttpclient.netty.channel.ChannelManager - Adding key: http://localhost:61035 for channel [id: 0x3871a6bd, L:/127.0.0.1:51308 - R:localhost/127.0.0.1:61035]
20:23:36.242 [Forwarding getElementTagName on session b63024072f587d85732aa88cd515b128 to remote] DEBUG org.asynchttpclient.netty.request.NettyRequestSender - Using pooled Channel '[id: 0x3871a6bd, L:/127.0.0.1:51308 - R:localhost/127.0.0.1:61035]' for 'GET' to 'http://localhost:61035/session/b63024072f587d85732aa88cd515b128/element/32c34296-175a-4cc3-84b4-1be31909d418/name'
20:23:36.242 [Forwarding getElementTagName on session b63024072f587d85732aa88cd515b128 to remote] DEBUG org.asynchttpclient.netty.request.NettyRequestSender - Using open Channel [id: 0x3871a6bd, L:/127.0.0.1:51308 - R:localhost/127.0.0.1:61035] for GET '/session/b63024072f587d85732aa88cd515b128/element/32c34296-175a-4cc3-84b4-1be31909d418/name'
20:23:36.251 [AsyncHttpClient-1-2] DEBUG org.asynchttpclient.netty.handler.HttpHandler - 

Request DefaultFullHttpRequest(decodeResult: success, version: HTTP/1.1, content: EmptyByteBufBE)
GET /session/b63024072f587d85732aa88cd515b128/element/32c34296-175a-4cc3-84b4-1be31909d418/name HTTP/1.1
User-Agent: selenium/4.1.4 (java windows)
Cache-Control: no-cache
Content-Type: application/json; charset=utf-8
host: localhost:61035
accept: */*

Response DefaultHttpResponse(decodeResult: success, version: HTTP/1.1)
HTTP/1.1 200 OK
Content-Type: application/json; charset=utf-8
cache-control: no-cache
content-length: 13

20:23:36.251 [AsyncHttpClient-1-2] DEBUG org.asynchttpclient.netty.channel.ChannelManager - Adding key: http://localhost:61035 for channel [id: 0x3871a6bd, L:/127.0.0.1:51308 - R:localhost/127.0.0.1:61035]
20:23:36.253 [Forwarding getElementTagName on session b63024072f587d85732aa88cd515b128 to remote] DEBUG org.asynchttpclient.netty.request.NettyRequestSender - Using pooled Channel '[id: 0x3871a6bd, L:/127.0.0.1:51308 - R:localhost/127.0.0.1:61035]' for 'GET' to 'http://localhost:61035/session/b63024072f587d85732aa88cd515b128/element/32c34296-175a-4cc3-84b4-1be31909d418/name'
20:23:36.253 [Forwarding getElementTagName on session b63024072f587d85732aa88cd515b128 to remote] DEBUG org.asynchttpclient.netty.request.NettyRequestSender - Using open Channel [id: 0x3871a6bd, L:/127.0.0.1:51308 - R:localhost/127.0.0.1:61035] for GET '/session/b63024072f587d85732aa88cd515b128/element/32c34296-175a-4cc3-84b4-1be31909d418/name'
20:23:36.257 [AsyncHttpClient-1-2] DEBUG org.asynchttpclient.netty.handler.HttpHandler - 

Request DefaultFullHttpRequest(decodeResult: success, version: HTTP/1.1, content: EmptyByteBufBE)
GET /session/b63024072f587d85732aa88cd515b128/element/32c34296-175a-4cc3-84b4-1be31909d418/name HTTP/1.1
User-Agent: selenium/4.1.4 (java windows)
Cache-Control: no-cache
Content-Type: application/json; charset=utf-8
host: localhost:61035
accept: */*

Response DefaultHttpResponse(decodeResult: success, version: HTTP/1.1)
HTTP/1.1 200 OK
Content-Type: application/json; charset=utf-8
cache-control: no-cache
content-length: 13

20:23:36.258 [AsyncHttpClient-1-2] DEBUG org.asynchttpclient.netty.channel.ChannelManager - Adding key: http://localhost:61035 for channel [id: 0x3871a6bd, L:/127.0.0.1:51308 - R:localhost/127.0.0.1:61035]
20:23:36.260 [Forwarding findElement on session b63024072f587d85732aa88cd515b128 to remote] DEBUG org.asynchttpclient.netty.request.NettyRequestSender - Using pooled Channel '[id: 0x3871a6bd, L:/127.0.0.1:51308 - R:localhost/127.0.0.1:61035]' for 'POST' to 'http://localhost:61035/session/b63024072f587d85732aa88cd515b128/element'
20:23:36.260 [Forwarding findElement on session b63024072f587d85732aa88cd515b128 to remote] DEBUG org.asynchttpclient.netty.request.NettyRequestSender - Using open Channel [id: 0x3871a6bd, L:/127.0.0.1:51308 - R:localhost/127.0.0.1:61035] for POST '/session/b63024072f587d85732aa88cd515b128/element'
20:23:36.270 [AsyncHttpClient-1-2] DEBUG org.asynchttpclient.netty.handler.HttpHandler - 

Request DefaultHttpRequest(decodeResult: success, version: HTTP/1.1)
POST /session/b63024072f587d85732aa88cd515b128/element HTTP/1.1
User-Agent: selenium/4.1.4 (java windows)
Content-Length: 114
Content-Type: application/json; charset=utf-8
host: localhost:61035
accept: */*

Response DefaultHttpResponse(decodeResult: success, version: HTTP/1.1)
HTTP/1.1 200 OK
Content-Type: application/json; charset=utf-8
cache-control: no-cache
content-length: 88

20:23:36.270 [AsyncHttpClient-1-2] DEBUG org.asynchttpclient.netty.channel.ChannelManager - Adding key: http://localhost:61035 for channel [id: 0x3871a6bd, L:/127.0.0.1:51308 - R:localhost/127.0.0.1:61035]
20:23:36.273 [Forwarding clickElement on session b63024072f587d85732aa88cd515b128 to remote] DEBUG org.asynchttpclient.netty.request.NettyRequestSender - Using pooled Channel '[id: 0x3871a6bd, L:/127.0.0.1:51308 - R:localhost/127.0.0.1:61035]' for 'POST' to 'http://localhost:61035/session/b63024072f587d85732aa88cd515b128/element/32c34296-175a-4cc3-84b4-1be31909d418/click'
20:23:36.273 [Forwarding clickElement on session b63024072f587d85732aa88cd515b128 to remote] DEBUG org.asynchttpclient.netty.request.NettyRequestSender - Using open Channel [id: 0x3871a6bd, L:/127.0.0.1:51308 - R:localhost/127.0.0.1:61035] for POST '/session/b63024072f587d85732aa88cd515b128/element/32c34296-175a-4cc3-84b4-1be31909d418/click'
20:23:36.353 [AsyncHttpClient-1-2] DEBUG org.asynchttpclient.netty.handler.HttpHandler - 

Request DefaultHttpRequest(decodeResult: success, version: HTTP/1.1)
POST /session/b63024072f587d85732aa88cd515b128/element/32c34296-175a-4cc3-84b4-1be31909d418/click HTTP/1.1
User-Agent: selenium/4.1.4 (java windows)
Content-Length: 50
Content-Type: application/json; charset=utf-8
host: localhost:61035
accept: */*

Response DefaultHttpResponse(decodeResult: success, version: HTTP/1.1)
HTTP/1.1 200 OK
Content-Type: application/json; charset=utf-8
cache-control: no-cache
content-length: 14

20:23:36.354 [AsyncHttpClient-1-2] DEBUG org.asynchttpclient.netty.channel.ChannelManager - Adding key: http://localhost:61035 for channel [id: 0x3871a6bd, L:/127.0.0.1:51308 - R:localhost/127.0.0.1:61035]
20:23:36.365 [Forwarding screenshot on session b63024072f587d85732aa88cd515b128 to remote] DEBUG org.asynchttpclient.netty.request.NettyRequestSender - Using pooled Channel '[id: 0x3871a6bd, L:/127.0.0.1:51308 - R:localhost/127.0.0.1:61035]' for 'GET' to 'http://localhost:61035/session/b63024072f587d85732aa88cd515b128/screenshot'
20:23:36.367 [Forwarding screenshot on session b63024072f587d85732aa88cd515b128 to remote] DEBUG org.asynchttpclient.netty.request.NettyRequestSender - Using open Channel [id: 0x3871a6bd, L:/127.0.0.1:51308 - R:localhost/127.0.0.1:61035] for GET '/session/b63024072f587d85732aa88cd515b128/screenshot'
20:23:36.493 [AsyncHttpClient-1-2] DEBUG org.asynchttpclient.netty.handler.HttpHandler - 

Request DefaultFullHttpRequest(decodeResult: success, version: HTTP/1.1, content: EmptyByteBufBE)
GET /session/b63024072f587d85732aa88cd515b128/screenshot HTTP/1.1
User-Agent: selenium/4.1.4 (java windows)
Cache-Control: no-cache
Content-Type: application/json; charset=utf-8
host: localhost:61035
accept: */*

Response DefaultHttpResponse(decodeResult: success, version: HTTP/1.1)
HTTP/1.1 200 OK
Content-Type: application/json; charset=utf-8
cache-control: no-cache
content-length: 79204

20:23:36.494 [AsyncHttpClient-1-2] DEBUG org.asynchttpclient.netty.channel.ChannelManager - Adding key: http://localhost:61035 for channel [id: 0x3871a6bd, L:/127.0.0.1:51308 - R:localhost/127.0.0.1:61035]
20:23:36.498 [main] DEBUG net.serenitybdd.core.photography.Darkroom - Send negative for processing for target\site\serenity\16f96ca1ce1a4fe01462263777ed670bfb572edfe229af5c5917935a2e6c4995.png
20:23:36.499 [main] DEBUG net.thucydides.core.steps.StepInterceptor - STEP DONE: clickButtonArsipJadwal
20:23:36.499 [Darkroom Processing Line] DEBUG net.serenitybdd.core.photography.DarkroomProcessingLine - Processing screenshot image in /var/screenshots/screenshot-3530158641020295215
20:23:36.499 [Darkroom Processing Line] DEBUG net.serenitybdd.core.photography.DarkroomProcessingLine - Saving screenshot to target\site\serenity\16f96ca1ce1a4fe01462263777ed670bfb572edfe229af5c5917935a2e6c4995.png
  &amp#27;[32mThen &amp#27;[0m&amp#27;[32mClick button archive&amp#27;[0m                         &amp#27;[90m# starter.stepdefinitios.ArsipJadwalSteps.clickButtonArchive()&amp#27;[0m
20:23:36.918 [AsyncHttpClient-1-1] DEBUG org.asynchttpclient.netty.channel.DefaultChannelPool - Entry count for : http://localhost:61035 : 1
20:23:36.919 [AsyncHttpClient-1-1] DEBUG org.asynchttpclient.netty.channel.DefaultChannelPool - Entry count for : http://localhost:51309 : 1
20:23:38.013 [AsyncHttpClient-1-1] DEBUG org.asynchttpclient.netty.channel.DefaultChannelPool - Entry count for : http://localhost:61035 : 1
20:23:38.013 [AsyncHttpClient-1-1] DEBUG org.asynchttpclient.netty.channel.DefaultChannelPool - Entry count for : http://localhost:51309 : 1
20:23:39.115 [AsyncHttpClient-1-1] DEBUG org.asynchttpclient.netty.channel.DefaultChannelPool - Entry count for : http://localhost:61035 : 1
20:23:39.115 [AsyncHttpClient-1-1] DEBUG org.asynchttpclient.netty.channel.DefaultChannelPool - Entry count for : http://localhost:51309 : 1
20:23:40.216 [AsyncHttpClient-1-1] DEBUG org.asynchttpclient.netty.channel.DefaultChannelPool - Entry count for : http://localhost:61035 : 1
20:23:40.216 [AsyncHttpClient-1-1] DEBUG org.asynchttpclient.netty.channel.DefaultChannelPool - Entry count for : http://localhost:51309 : 1
20:23:41.321 [AsyncHttpClient-1-1] DEBUG org.asynchttpclient.netty.channel.DefaultChannelPool - Entry count for : http://localhost:61035 : 1
20:23:41.321 [AsyncHttpClient-1-1] DEBUG org.asynchttpclient.netty.channel.DefaultChannelPool - Entry count for : http://localhost:51309 : 1
20:23:41.546 [Forwarding screenshot on session b63024072f587d85732aa88cd515b128 to remote] DEBUG org.asynchttpclient.netty.request.NettyRequestSender - Using pooled Channel '[id: 0x3871a6bd, L:/127.0.0.1:51308 - R:localhost/127.0.0.1:61035]' for 'GET' to 'http://localhost:61035/session/b63024072f587d85732aa88cd515b128/screenshot'
20:23:41.546 [Forwarding screenshot on session b63024072f587d85732aa88cd515b128 to remote] DEBUG org.asynchttpclient.netty.request.NettyRequestSender - Using open Channel [id: 0x3871a6bd, L:/127.0.0.1:51308 - R:localhost/127.0.0.1:61035] for GET '/session/b63024072f587d85732aa88cd515b128/screenshot'
20:23:41.763 [AsyncHttpClient-1-2] DEBUG org.asynchttpclient.netty.handler.HttpHandler - 

Request DefaultFullHttpRequest(decodeResult: success, version: HTTP/1.1, content: EmptyByteBufBE)
GET /session/b63024072f587d85732aa88cd515b128/screenshot HTTP/1.1
User-Agent: selenium/4.1.4 (java windows)
Cache-Control: no-cache
Content-Type: application/json; charset=utf-8
host: localhost:61035
accept: */*

Response DefaultHttpResponse(decodeResult: success, version: HTTP/1.1)
HTTP/1.1 200 OK
Content-Type: application/json; charset=utf-8
cache-control: no-cache
content-length: 92808

20:23:41.765 [AsyncHttpClient-1-2] DEBUG org.asynchttpclient.netty.channel.ChannelManager - Adding key: http://localhost:61035 for channel [id: 0x3871a6bd, L:/127.0.0.1:51308 - R:localhost/127.0.0.1:61035]
20:23:41.771 [main] DEBUG net.serenitybdd.core.photography.Darkroom - Send negative for processing for target\site\serenity\130cd13297263784ff6c06b55e409045e21eae83b6e2977508cd5cb30639e10b.png
20:23:41.771 [Darkroom Processing Line] DEBUG net.serenitybdd.core.photography.DarkroomProcessingLine - Processing screenshot image in /var/screenshots/screenshot-6712815275789060029
20:23:41.771 [Darkroom Processing Line] DEBUG net.serenitybdd.core.photography.DarkroomProcessingLine - Saving screenshot to target\site\serenity\130cd13297263784ff6c06b55e409045e21eae83b6e2977508cd5cb30639e10b.png
20:23:41.771 [main] DEBUG net.thucydides.core.steps.StepInterceptor - STARTING STEP: ArsipJadwalSteps.viewArchive - validPagePasien
20:23:41.778 [Forwarding findElement on session b63024072f587d85732aa88cd515b128 to remote] DEBUG org.asynchttpclient.netty.request.NettyRequestSender - Using pooled Channel '[id: 0x3871a6bd, L:/127.0.0.1:51308 - R:localhost/127.0.0.1:61035]' for 'POST' to 'http://localhost:61035/session/b63024072f587d85732aa88cd515b128/element'
20:23:41.778 [Forwarding findElement on session b63024072f587d85732aa88cd515b128 to remote] DEBUG org.asynchttpclient.netty.request.NettyRequestSender - Using open Channel [id: 0x3871a6bd, L:/127.0.0.1:51308 - R:localhost/127.0.0.1:61035] for POST '/session/b63024072f587d85732aa88cd515b128/element'
20:23:41.794 [AsyncHttpClient-1-2] DEBUG org.asynchttpclient.netty.handler.HttpHandler - 

Request DefaultHttpRequest(decodeResult: success, version: HTTP/1.1)
POST /session/b63024072f587d85732aa88cd515b128/element HTTP/1.1
User-Agent: selenium/4.1.4 (java windows)
Content-Length: 126
Content-Type: application/json; charset=utf-8
host: localhost:61035
accept: */*

Response DefaultHttpResponse(decodeResult: success, version: HTTP/1.1)
HTTP/1.1 200 OK
Content-Type: application/json; charset=utf-8
cache-control: no-cache
content-length: 88

20:23:41.795 [AsyncHttpClient-1-2] DEBUG org.asynchttpclient.netty.channel.ChannelManager - Adding key: http://localhost:61035 for channel [id: 0x3871a6bd, L:/127.0.0.1:51308 - R:localhost/127.0.0.1:61035]
20:23:41.797 [Forwarding isElementEnabled on session b63024072f587d85732aa88cd515b128 to remote] DEBUG org.asynchttpclient.netty.request.NettyRequestSender - Using pooled Channel '[id: 0x3871a6bd, L:/127.0.0.1:51308 - R:localhost/127.0.0.1:61035]' for 'GET' to 'http://localhost:61035/session/b63024072f587d85732aa88cd515b128/element/83382b7d-d37d-4c01-8b38-eac47427d864/enabled'
20:23:41.797 [Forwarding isElementEnabled on session b63024072f587d85732aa88cd515b128 to remote] DEBUG org.asynchttpclient.netty.request.NettyRequestSender - Using open Channel [id: 0x3871a6bd, L:/127.0.0.1:51308 - R:localhost/127.0.0.1:61035] for GET '/session/b63024072f587d85732aa88cd515b128/element/83382b7d-d37d-4c01-8b38-eac47427d864/enabled'
20:23:41.809 [AsyncHttpClient-1-2] DEBUG org.asynchttpclient.netty.handler.HttpHandler - 

Request DefaultFullHttpRequest(decodeResult: success, version: HTTP/1.1, content: EmptyByteBufBE)
GET /session/b63024072f587d85732aa88cd515b128/element/83382b7d-d37d-4c01-8b38-eac47427d864/enabled HTTP/1.1
User-Agent: selenium/4.1.4 (java windows)
Cache-Control: no-cache
Content-Type: application/json; charset=utf-8
host: localhost:61035
accept: */*

Response DefaultHttpResponse(decodeResult: success, version: HTTP/1.1)
HTTP/1.1 200 OK
Content-Type: application/json; charset=utf-8
cache-control: no-cache
content-length: 14

20:23:41.809 [AsyncHttpClient-1-2] DEBUG org.asynchttpclient.netty.channel.ChannelManager - Adding key: http://localhost:61035 for channel [id: 0x3871a6bd, L:/127.0.0.1:51308 - R:localhost/127.0.0.1:61035]
20:23:41.815 [main] DEBUG net.thucydides.core.steps.StepInterceptor - STEP DONE: validPagePasien
  &amp#27;[32mAnd &amp#27;[0m&amp#27;[32mView archive&amp#27;[0m                                  &amp#27;[90m# starter.stepdefinitios.ArsipJadwalSteps.viewArchive()&amp#27;[0m
20:23:41.823 [Forwarding screenshot on session b63024072f587d85732aa88cd515b128 to remote] DEBUG org.asynchttpclient.netty.request.NettyRequestSender - Using pooled Channel '[id: 0x3871a6bd, L:/127.0.0.1:51308 - R:localhost/127.0.0.1:61035]' for 'GET' to 'http://localhost:61035/session/b63024072f587d85732aa88cd515b128/screenshot'
20:23:41.823 [Forwarding screenshot on session b63024072f587d85732aa88cd515b128 to remote] DEBUG org.asynchttpclient.netty.request.NettyRequestSender - Using open Channel [id: 0x3871a6bd, L:/127.0.0.1:51308 - R:localhost/127.0.0.1:61035] for GET '/session/b63024072f587d85732aa88cd515b128/screenshot'
20:23:41.905 [AsyncHttpClient-1-2] DEBUG org.asynchttpclient.netty.handler.HttpHandler - 

Request DefaultFullHttpRequest(decodeResult: success, version: HTTP/1.1, content: EmptyByteBufBE)
GET /session/b63024072f587d85732aa88cd515b128/screenshot HTTP/1.1
User-Agent: selenium/4.1.4 (java windows)
Cache-Control: no-cache
Content-Type: application/json; charset=utf-8
host: localhost:61035
accept: */*

Response DefaultHttpResponse(decodeResult: success, version: HTTP/1.1)
HTTP/1.1 200 OK
Content-Type: application/json; charset=utf-8
cache-control: no-cache
content-length: 92808

20:23:41.906 [AsyncHttpClient-1-2] DEBUG org.asynchttpclient.netty.channel.ChannelManager - Adding key: http://localhost:61035 for channel [id: 0x3871a6bd, L:/127.0.0.1:51308 - R:localhost/127.0.0.1:61035]
20:23:41.913 [main] DEBUG net.serenitybdd.core.photography.Darkroom - Send negative for processing for target\site\serenity\130cd13297263784ff6c06b55e409045e21eae83b6e2977508cd5cb30639e10b.png
20:23:42.168 [Driver Command Executor] DEBUG org.asynchttpclient.netty.request.NettyRequestSender - Using pooled Channel '[id: 0x3871a6bd, L:/127.0.0.1:51308 - R:localhost/127.0.0.1:61035]' for 'DELETE' to 'http://localhost:61035/session/b63024072f587d85732aa88cd515b128'
20:23:42.169 [Driver Command Executor] DEBUG org.asynchttpclient.netty.request.NettyRequestSender - Using open Channel [id: 0x3871a6bd, L:/127.0.0.1:51308 - R:localhost/127.0.0.1:61035] for DELETE '/session/b63024072f587d85732aa88cd515b128'
20:23:42.172 [AsyncHttpClient-1-4] DEBUG org.asynchttpclient.netty.handler.WebSocketHandler - Channel Closed: [id: 0x4e790ff1, L:/127.0.0.1:51317 ! R:localhost/127.0.0.1:51309] with attribute NettyResponseFuture{currentRetry=5,
	isDone=1,
	isCancelled=0,
	asyncHandler=org.asynchttpclient.ws.WebSocketUpgradeHandler@3a468653,
	nettyRequest=org.asynchttpclient.netty.request.NettyRequest@7eac87c8,
	future=java.util.concurrent.CompletableFuture@43854edf[Completed normally],
	uri=ws://localhost:51309/devtools/browser/bbe4655f-0194-4117-b8a5-e931d747e63b,
	keepAlive=true,
	redirectCount=0,
	timeoutsHolder=null,
	inAuth=0,
	touch=1658064197405}
20:23:42.186 [AsyncHttpClient-1-4] DEBUG org.asynchttpclient.netty.channel.ChannelManager - Closing Channel [id: 0x4e790ff1, L:/127.0.0.1:51317 ! R:localhost/127.0.0.1:51309] 
20:23:42.290 [AsyncHttpClient-1-3] DEBUG org.asynchttpclient.netty.handler.HttpHandler - Unexpected I/O exception on channel [id: 0x218c61ec, L:/127.0.0.1:51315 - R:localhost/127.0.0.1:51309]
java.io.IOException: An existing connection was forcibly closed by the remote host
	at java.base/sun.nio.ch.SocketDispatcher.read0(Native Method)
	at java.base/sun.nio.ch.SocketDispatcher.read(SocketDispatcher.java:43)
	at java.base/sun.nio.ch.IOUtil.readIntoNativeBuffer(IOUtil.java:276)
	at java.base/sun.nio.ch.IOUtil.read(IOUtil.java:233)
	at java.base/sun.nio.ch.IOUtil.read(IOUtil.java:223)
	at java.base/sun.nio.ch.SocketChannelImpl.read(SocketChannelImpl.java:356)
	at io.netty.buffer.PooledByteBuf.setBytes(PooledByteBuf.java:258)
	at io.netty.buffer.AbstractByteBuf.writeBytes(AbstractByteBuf.java:1132)
	at io.netty.channel.socket.nio.NioSocketChannel.doReadBytes(NioSocketChannel.java:357)
	at io.netty.channel.nio.AbstractNioByteChannel$NioByteUnsafe.read(AbstractNioByteChannel.java:151)
	at io.netty.channel.nio.NioEventLoop.processSelectedKey(NioEventLoop.java:722)
	at io.netty.channel.nio.NioEventLoop.processSelectedKeysOptimized(NioEventLoop.java:658)
	at io.netty.channel.nio.NioEventLoop.processSelectedKeys(NioEventLoop.java:584)
	at io.netty.channel.nio.NioEventLoop.run(NioEventLoop.java:496)
	at io.netty.util.concurrent.SingleThreadEventExecutor$4.run(SingleThreadEventExecutor.java:986)
	at io.netty.util.internal.ThreadExecutorMap$2.run(ThreadExecutorMap.java:74)
	at io.netty.util.concurrent.FastThreadLocalRunnable.run(FastThreadLocalRunnable.java:30)
	at java.base/java.lang.Thread.run(Thread.java:829)
20:23:42.290 [AsyncHttpClient-1-3] DEBUG org.asynchttpclient.netty.channel.ChannelManager - Closing Channel [id: 0x218c61ec, L:/127.0.0.1:51315 - R:localhost/127.0.0.1:51309] 
20:23:42.290 [AsyncHttpClient-1-3] DEBUG org.asynchttpclient.netty.handler.HttpHandler - Channel Closed: [id: 0x218c61ec, L:/127.0.0.1:51315 ! R:localhost/127.0.0.1:51309] with attribute DISCARD
20:23:42.310 [AsyncHttpClient-1-2] DEBUG org.asynchttpclient.netty.handler.HttpHandler - 

Request DefaultFullHttpRequest(decodeResult: success, version: HTTP/1.1, content: EmptyByteBufBE)
DELETE /session/b63024072f587d85732aa88cd515b128 HTTP/1.1
User-Agent: selenium/4.1.4 (java windows)
Content-Type: application/json; charset=utf-8
host: localhost:61035
accept: */*

Response DefaultHttpResponse(decodeResult: success, version: HTTP/1.1)
HTTP/1.1 200 OK
Content-Type: application/json; charset=utf-8
cache-control: no-cache
content-length: 14

20:23:42.310 [AsyncHttpClient-1-2] DEBUG org.asynchttpclient.netty.channel.ChannelManager - Adding key: http://localhost:61035 for channel [id: 0x3871a6bd, L:/127.0.0.1:51308 - R:localhost/127.0.0.1:61035]
20:23:42.371 [AsyncHttpClient-1-2] DEBUG org.asynchttpclient.netty.handler.HttpHandler - Channel Closed: [id: 0x3871a6bd, L:/127.0.0.1:51308 ! R:localhost/127.0.0.1:61035] with attribute DISCARD
20:23:42.406 [main] INFO  - 
  _____   ___   ___   _____     ___     _     ___   ___   ___   ___  
 |_   _| | __| / __| |_   _|   | _ \   /_\   / __| / __| | __| |   \ 
   | |   | _|  \__ \   | |     |  _/  / _ \  \__ \ \__ \ | _|  | |) |
   |_|   |___| |___/   |_|     |_|   /_/ \_\ |___/ |___/ |___| |___/ 

As a admin i want to View archive
----------------------------------------------------------------------
]]></system-out>
    <system-err><![CDATA[Starting ChromeDriver 103.0.5060.53 (a1711811edd74ff1cf2150f36ffa3b0dae40b17f-refs/branch-heads/5060@{#853}) on port 61035
Only local connections are allowed.
Please see https://chromedriver.chromium.org/security-considerations for suggestions on keeping ChromeDriver safe.
ChromeDriver was started successfully.
Jul 17, 2022 8:23:17 PM org.openqa.selenium.remote.ProtocolHandshake createSession
INFO: Detected dialect: W3C
Jul 17, 2022 8:23:17 PM org.openqa.selenium.devtools.CdpVersionFinder findNearestMatch
WARNING: Unable to find an exact match for CDP version 103, so returning the closest version found: 101
Jul 17, 2022 8:23:17 PM org.openqa.selenium.devtools.CdpVersionFinder findNearestMatch
INFO: Found CDP implementation for version 103 of 101
]]></system-err>
  </testcase>
  <testcase name="As a admin i want to Review archive" classname="Arsip jadwal - admin" time="34.697">
    <system-out><![CDATA[20:23:42.422 [AsyncHttpClient-1-1] DEBUG org.asynchttpclient.netty.channel.DefaultChannelPool - Entry count for : http://localhost:61035 : 1
20:23:42.422 [AsyncHttpClient-1-1] DEBUG org.asynchttpclient.netty.channel.DefaultChannelPool - Entry count for : http://localhost:51309 : 1
20:23:42.422 [AsyncHttpClient-1-1] DEBUG org.asynchttpclient.netty.channel.DefaultChannelPool - Adding Candidate expired Channel [id: 0x3871a6bd, L:/127.0.0.1:51308 ! R:localhost/127.0.0.1:61035] isIdleTimeoutExpired=false isRemotelyClosed=true isTtlExpired=false
20:23:42.422 [AsyncHttpClient-1-1] DEBUG org.asynchttpclient.netty.channel.DefaultChannelPool - Closing Idle Channel [id: 0x3871a6bd, L:/127.0.0.1:51308 ! R:localhost/127.0.0.1:61035]
20:23:42.422 [AsyncHttpClient-1-1] DEBUG org.asynchttpclient.netty.channel.DefaultChannelPool - Adding Candidate expired Channel [id: 0x218c61ec, L:/127.0.0.1:51315 ! R:localhost/127.0.0.1:51309] isIdleTimeoutExpired=false isRemotelyClosed=true isTtlExpired=false
20:23:42.422 [AsyncHttpClient-1-1] DEBUG org.asynchttpclient.netty.channel.DefaultChannelPool - Closing Idle Channel [id: 0x218c61ec, L:/127.0.0.1:51315 ! R:localhost/127.0.0.1:51309]
20:23:42.422 [AsyncHttpClient-1-1] DEBUG org.asynchttpclient.netty.channel.DefaultChannelPool - Closed 2 connections out of 2 in 0 ms

@ArsipJadwal111 @DetailReviewArsipJadwal
Scenario Outline: As a admin i want to Review archive &amp#27;[90m# src/test/resources/features/6ArsipJadwal.feature:29&amp#27;[0m
20:23:42.459 [main] INFO io.cucumber.core.plugin.SerenityReporter - Running feature from file:///C:/Alterra/CapstoneBaru/QE/TestingWebUpdate/src/test/resources/features/6ArsipJadwal.feature
20:23:42.459 [main] INFO  - 
  _____   ___   ___   _____     ___   _____     _     ___   _____   ___   ___  
 |_   _| | __| / __| |_   _|   / __| |_   _|   /_\   | _ \ |_   _| | __| |   \ 
   | |   | _|  \__ \   | |     \__ \   | |    / _ \  |   /   | |   | _|  | |) |
   |_|   |___| |___/   |_|     |___/   |_|   /_/ \_\ |_|_\   |_|   |___| |___/ 

As a admin i want to Review archive(arsip-jadwal---admin;as-a-admin-i-want-to-review-archive)
--------------------------------------------------------------------------------
20:23:42.702 [main] DEBUG net.thucydides.core.steps.StepInterceptor - STARTING STEP: LoginSteps.openLoginPage - openLogin
20:23:42.702 [main] INFO net.serenitybdd.core.webdriver.driverproviders.ChromeDriverProvider - Using automatically driver download
20:23:43.287 [main] DEBUG io.github.bonigarcia.wdm.cache.ResolutionCache - Resolution chrome=103 in cache (valid until 21:23:08 17/07/2022 ICT)
20:23:43.300 [main] DEBUG io.github.bonigarcia.wdm.cache.ResolutionCache - Resolution chrome103=103.0.5060.53 in cache (valid until 17:54:33 18/07/2022 ICT)
20:23:43.317 [main] INFO io.github.bonigarcia.wdm.WebDriverManager - Using chromedriver 103.0.5060.53 (resolved driver for Chrome 103)
20:23:43.344 [main] DEBUG io.github.bonigarcia.wdm.WebDriverManager - Driver chromedriver 103.0.5060.53 found in cache
20:23:43.344 [main] INFO io.github.bonigarcia.wdm.WebDriverManager - Exporting webdriver.chrome.driver as C:\Users\Bagas Dwi Saputra\.cache\selenium\chromedriver\win32\103.0.5060.53\chromedriver.exe
20:23:43.546 [main] DEBUG net.serenitybdd.core.webdriver.driverproviders.ProvideNewDriver - Instantiating driver
20:23:43.546 [main] DEBUG net.serenitybdd.core.webdriver.driverproviders.ProvideNewDriver - Driver capabilities: Capabilities {acceptInsecureCerts: false, base.url: https://fanciful-trifle-360..., browserName: chrome, chorme.driver: src/test/resources/webdrive..., driver: chrome, goog:chromeOptions: {args: [], extensions: []}}
20:23:43.620 [AsyncHttpClient-1-5] DEBUG org.asynchttpclient.netty.channel.NettyConnectListener - Using new Channel '[id: 0x0c1e89b1, L:/127.0.0.1:51332 - R:localhost/127.0.0.1:54309]' for 'POST' to '/session'
20:23:44.403 [AsyncHttpClient-1-5] DEBUG org.asynchttpclient.netty.handler.HttpHandler - 

Request DefaultHttpRequest(decodeResult: success, version: HTTP/1.1)
POST /session HTTP/1.1
User-Agent: selenium/4.1.4 (java windows)
Content-Length: 629
Content-Type: application/json; charset=utf-8
host: localhost:54309
accept: */*

Response DefaultHttpResponse(decodeResult: success, version: HTTP/1.1)
HTTP/1.1 200 OK
Content-Type: application/json; charset=utf-8
cache-control: no-cache
content-length: 793

20:23:44.404 [AsyncHttpClient-1-5] DEBUG org.asynchttpclient.netty.channel.ChannelManager - Adding key: http://localhost:54309 for channel [id: 0x0c1e89b1, L:/127.0.0.1:51332 - R:localhost/127.0.0.1:54309]
20:23:44.417 [AsyncHttpClient-1-6] DEBUG org.asynchttpclient.netty.channel.NettyConnectListener - Using new Channel '[id: 0x26023f3b, L:/127.0.0.1:51339 - R:localhost/127.0.0.1:51333]' for 'GET' to '/json/version'
20:23:44.421 [AsyncHttpClient-1-6] DEBUG org.asynchttpclient.netty.handler.HttpHandler - 

Request DefaultFullHttpRequest(decodeResult: success, version: HTTP/1.1, content: EmptyByteBufBE)
GET /json/version HTTP/1.1
User-Agent: selenium/4.1.4 (java windows)
host: localhost:51333
accept: */*

Response DefaultHttpResponse(decodeResult: success, version: HTTP/1.1)
HTTP/1.1 200 OK
Content-Type: application/json; charset=UTF-8
content-length: 429

20:23:44.421 [AsyncHttpClient-1-6] DEBUG org.asynchttpclient.netty.channel.ChannelManager - Adding key: http://localhost:51333 for channel [id: 0x26023f3b, L:/127.0.0.1:51339 - R:localhost/127.0.0.1:51333]
20:23:44.426 [AsyncHttpClient-1-7] DEBUG org.asynchttpclient.netty.channel.NettyConnectListener - Using new Channel '[id: 0xc9b14b1d, L:/127.0.0.1:51340 - R:localhost/127.0.0.1:51333]' for 'GET' to '/devtools/browser/ab11a1cc-d2bc-4f9c-82c9-4bbcbcb7d292'
20:23:44.429 [AsyncHttpClient-1-7] DEBUG org.asynchttpclient.netty.handler.WebSocketHandler - 

Request DefaultFullHttpRequest(decodeResult: success, version: HTTP/1.1, content: EmptyByteBufBE)
GET /devtools/browser/ab11a1cc-d2bc-4f9c-82c9-4bbcbcb7d292 HTTP/1.1
upgrade: websocket
connection: upgrade
sec-websocket-key: b7OBprqzvDeYn9dQP8Diew==
sec-websocket-version: 13
origin: http://localhost:51333
host: localhost:51333
accept: */*
user-agent: AHC/2.1

Response DefaultHttpResponse(decodeResult: success, version: HTTP/1.1)
HTTP/1.1 101 WebSocket Protocol Handshake
Upgrade: WebSocket
Connection: Upgrade
Sec-WebSocket-Accept: co/OvKOBHEilq590Pogeg4CUOTI=

20:23:44.438 [Forwarding get on session 63f27e48e52810c236699ecdbb38cee7 to remote] DEBUG org.asynchttpclient.netty.request.NettyRequestSender - Using pooled Channel '[id: 0x0c1e89b1, L:/127.0.0.1:51332 - R:localhost/127.0.0.1:54309]' for 'POST' to 'http://localhost:54309/session/63f27e48e52810c236699ecdbb38cee7/url'
20:23:44.438 [Forwarding get on session 63f27e48e52810c236699ecdbb38cee7 to remote] DEBUG org.asynchttpclient.netty.request.NettyRequestSender - Using open Channel [id: 0x0c1e89b1, L:/127.0.0.1:51332 - R:localhost/127.0.0.1:54309] for POST '/session/63f27e48e52810c236699ecdbb38cee7/url'
20:23:44.618 [AsyncHttpClient-1-1] DEBUG org.asynchttpclient.netty.channel.DefaultChannelPool - Entry count for : http://localhost:51333 : 1
20:23:45.713 [AsyncHttpClient-1-1] DEBUG org.asynchttpclient.netty.channel.DefaultChannelPool - Entry count for : http://localhost:51333 : 1
20:23:46.828 [AsyncHttpClient-1-1] DEBUG org.asynchttpclient.netty.channel.DefaultChannelPool - Entry count for : http://localhost:51333 : 1
20:23:47.915 [AsyncHttpClient-1-1] DEBUG org.asynchttpclient.netty.channel.DefaultChannelPool - Entry count for : http://localhost:51333 : 1
20:23:48.602 [AsyncHttpClient-1-5] DEBUG org.asynchttpclient.netty.handler.HttpHandler - 

Request DefaultHttpRequest(decodeResult: success, version: HTTP/1.1)
POST /session/63f27e48e52810c236699ecdbb38cee7/url HTTP/1.1
User-Agent: selenium/4.1.4 (java windows)
Content-Length: 78
Content-Type: application/json; charset=utf-8
host: localhost:54309
accept: */*

Response DefaultHttpResponse(decodeResult: success, version: HTTP/1.1)
HTTP/1.1 200 OK
Content-Type: application/json; charset=utf-8
cache-control: no-cache
content-length: 14

20:23:48.605 [AsyncHttpClient-1-5] DEBUG org.asynchttpclient.netty.channel.ChannelManager - Adding key: http://localhost:54309 for channel [id: 0x0c1e89b1, L:/127.0.0.1:51332 - R:localhost/127.0.0.1:54309]
20:23:48.615 [Forwarding setTimeout on session 63f27e48e52810c236699ecdbb38cee7 to remote] DEBUG org.asynchttpclient.netty.request.NettyRequestSender - Using pooled Channel '[id: 0x0c1e89b1, L:/127.0.0.1:51332 - R:localhost/127.0.0.1:54309]' for 'POST' to 'http://localhost:54309/session/63f27e48e52810c236699ecdbb38cee7/timeouts'
20:23:48.615 [Forwarding setTimeout on session 63f27e48e52810c236699ecdbb38cee7 to remote] DEBUG org.asynchttpclient.netty.request.NettyRequestSender - Using open Channel [id: 0x0c1e89b1, L:/127.0.0.1:51332 - R:localhost/127.0.0.1:54309] for POST '/session/63f27e48e52810c236699ecdbb38cee7/timeouts'
20:23:48.625 [AsyncHttpClient-1-5] DEBUG org.asynchttpclient.netty.handler.HttpHandler - 

Request DefaultHttpRequest(decodeResult: success, version: HTTP/1.1)
POST /session/63f27e48e52810c236699ecdbb38cee7/timeouts HTTP/1.1
User-Agent: selenium/4.1.4 (java windows)
Content-Length: 22
Content-Type: application/json; charset=utf-8
host: localhost:54309
accept: */*

Response DefaultHttpResponse(decodeResult: success, version: HTTP/1.1)
HTTP/1.1 200 OK
Content-Type: application/json; charset=utf-8
cache-control: no-cache
content-length: 14

20:23:48.626 [AsyncHttpClient-1-5] DEBUG org.asynchttpclient.netty.channel.ChannelManager - Adding key: http://localhost:54309 for channel [id: 0x0c1e89b1, L:/127.0.0.1:51332 - R:localhost/127.0.0.1:54309]
20:23:48.640 [Forwarding getCurrentUrl on session 63f27e48e52810c236699ecdbb38cee7 to remote] DEBUG org.asynchttpclient.netty.request.NettyRequestSender - Using pooled Channel '[id: 0x0c1e89b1, L:/127.0.0.1:51332 - R:localhost/127.0.0.1:54309]' for 'GET' to 'http://localhost:54309/session/63f27e48e52810c236699ecdbb38cee7/url'
20:23:48.640 [Forwarding getCurrentUrl on session 63f27e48e52810c236699ecdbb38cee7 to remote] DEBUG org.asynchttpclient.netty.request.NettyRequestSender - Using open Channel [id: 0x0c1e89b1, L:/127.0.0.1:51332 - R:localhost/127.0.0.1:54309] for GET '/session/63f27e48e52810c236699ecdbb38cee7/url'
20:23:48.680 [AsyncHttpClient-1-5] DEBUG org.asynchttpclient.netty.handler.HttpHandler - 

Request DefaultFullHttpRequest(decodeResult: success, version: HTTP/1.1, content: EmptyByteBufBE)
GET /session/63f27e48e52810c236699ecdbb38cee7/url HTTP/1.1
User-Agent: selenium/4.1.4 (java windows)
Cache-Control: no-cache
Content-Type: application/json; charset=utf-8
host: localhost:54309
accept: */*

Response DefaultHttpResponse(decodeResult: success, version: HTTP/1.1)
HTTP/1.1 200 OK
Content-Type: application/json; charset=utf-8
cache-control: no-cache
content-length: 60

20:23:48.681 [AsyncHttpClient-1-5] DEBUG org.asynchttpclient.netty.channel.ChannelManager - Adding key: http://localhost:54309 for channel [id: 0x0c1e89b1, L:/127.0.0.1:51332 - R:localhost/127.0.0.1:54309]
20:23:48.691 [Forwarding screenshot on session 63f27e48e52810c236699ecdbb38cee7 to remote] DEBUG org.asynchttpclient.netty.request.NettyRequestSender - Using pooled Channel '[id: 0x0c1e89b1, L:/127.0.0.1:51332 - R:localhost/127.0.0.1:54309]' for 'GET' to 'http://localhost:54309/session/63f27e48e52810c236699ecdbb38cee7/screenshot'
20:23:48.691 [Forwarding screenshot on session 63f27e48e52810c236699ecdbb38cee7 to remote] DEBUG org.asynchttpclient.netty.request.NettyRequestSender - Using open Channel [id: 0x0c1e89b1, L:/127.0.0.1:51332 - R:localhost/127.0.0.1:54309] for GET '/session/63f27e48e52810c236699ecdbb38cee7/screenshot'
20:23:49.020 [AsyncHttpClient-1-1] DEBUG org.asynchttpclient.netty.channel.DefaultChannelPool - Entry count for : http://localhost:51333 : 1
20:23:49.083 [AsyncHttpClient-1-5] DEBUG org.asynchttpclient.netty.handler.HttpHandler - 

Request DefaultFullHttpRequest(decodeResult: success, version: HTTP/1.1, content: EmptyByteBufBE)
GET /session/63f27e48e52810c236699ecdbb38cee7/screenshot HTTP/1.1
User-Agent: selenium/4.1.4 (java windows)
Cache-Control: no-cache
Content-Type: application/json; charset=utf-8
host: localhost:54309
accept: */*

Response DefaultHttpResponse(decodeResult: success, version: HTTP/1.1)
HTTP/1.1 200 OK
Content-Type: application/json; charset=utf-8
cache-control: no-cache
content-length: 380436

20:23:49.095 [AsyncHttpClient-1-5] DEBUG org.asynchttpclient.netty.channel.ChannelManager - Adding key: http://localhost:54309 for channel [id: 0x0c1e89b1, L:/127.0.0.1:51332 - R:localhost/127.0.0.1:54309]
20:23:49.135 [main] DEBUG net.serenitybdd.core.photography.Darkroom - Send negative for processing for target\site\serenity\d122c364c40ece9db0ad32cd97c3fcf63e95ba606118dda8d3e5a1d2b8235ce2.png
20:23:49.137 [main] DEBUG net.thucydides.core.steps.StepInterceptor - STEP DONE: openLogin
  &amp#27;[32mGiven &amp#27;[0m&amp#27;[32mOpen login page&amp#27;[0m                               &amp#27;[90m# starter.stepdefinitios.LoginSteps.openLoginPage()&amp#27;[0m
20:23:49.186 [Forwarding screenshot on session 63f27e48e52810c236699ecdbb38cee7 to remote] DEBUG org.asynchttpclient.netty.request.NettyRequestSender - Using pooled Channel '[id: 0x0c1e89b1, L:/127.0.0.1:51332 - R:localhost/127.0.0.1:54309]' for 'GET' to 'http://localhost:54309/session/63f27e48e52810c236699ecdbb38cee7/screenshot'
20:23:49.188 [Forwarding screenshot on session 63f27e48e52810c236699ecdbb38cee7 to remote] DEBUG org.asynchttpclient.netty.request.NettyRequestSender - Using open Channel [id: 0x0c1e89b1, L:/127.0.0.1:51332 - R:localhost/127.0.0.1:54309] for GET '/session/63f27e48e52810c236699ecdbb38cee7/screenshot'
20:23:49.869 [AsyncHttpClient-1-5] DEBUG org.asynchttpclient.netty.handler.HttpHandler - 

Request DefaultFullHttpRequest(decodeResult: success, version: HTTP/1.1, content: EmptyByteBufBE)
GET /session/63f27e48e52810c236699ecdbb38cee7/screenshot HTTP/1.1
User-Agent: selenium/4.1.4 (java windows)
Cache-Control: no-cache
Content-Type: application/json; charset=utf-8
host: localhost:54309
accept: */*

Response DefaultHttpResponse(decodeResult: success, version: HTTP/1.1)
HTTP/1.1 200 OK
Content-Type: application/json; charset=utf-8
cache-control: no-cache
content-length: 380436

20:23:49.882 [AsyncHttpClient-1-5] DEBUG org.asynchttpclient.netty.channel.ChannelManager - Adding key: http://localhost:54309 for channel [id: 0x0c1e89b1, L:/127.0.0.1:51332 - R:localhost/127.0.0.1:54309]
20:23:49.896 [main] DEBUG net.serenitybdd.core.photography.Darkroom - Send negative for processing for target\site\serenity\d122c364c40ece9db0ad32cd97c3fcf63e95ba606118dda8d3e5a1d2b8235ce2.png
20:23:50.115 [AsyncHttpClient-1-1] DEBUG org.asynchttpclient.netty.channel.DefaultChannelPool - Entry count for : http://localhost:54309 : 1
20:23:50.115 [AsyncHttpClient-1-1] DEBUG org.asynchttpclient.netty.channel.DefaultChannelPool - Entry count for : http://localhost:51333 : 1
20:23:50.399 [Forwarding findElement on session 63f27e48e52810c236699ecdbb38cee7 to remote] DEBUG org.asynchttpclient.netty.request.NettyRequestSender - Using pooled Channel '[id: 0x0c1e89b1, L:/127.0.0.1:51332 - R:localhost/127.0.0.1:54309]' for 'POST' to 'http://localhost:54309/session/63f27e48e52810c236699ecdbb38cee7/element'
20:23:50.399 [Forwarding findElement on session 63f27e48e52810c236699ecdbb38cee7 to remote] DEBUG org.asynchttpclient.netty.request.NettyRequestSender - Using open Channel [id: 0x0c1e89b1, L:/127.0.0.1:51332 - R:localhost/127.0.0.1:54309] for POST '/session/63f27e48e52810c236699ecdbb38cee7/element'
20:23:50.435 [AsyncHttpClient-1-5] DEBUG org.asynchttpclient.netty.handler.HttpHandler - 

Request DefaultHttpRequest(decodeResult: success, version: HTTP/1.1)
POST /session/63f27e48e52810c236699ecdbb38cee7/element HTTP/1.1
User-Agent: selenium/4.1.4 (java windows)
Content-Length: 70
Content-Type: application/json; charset=utf-8
host: localhost:54309
accept: */*

Response DefaultHttpResponse(decodeResult: success, version: HTTP/1.1)
HTTP/1.1 200 OK
Content-Type: application/json; charset=utf-8
cache-control: no-cache
content-length: 88

20:23:50.436 [AsyncHttpClient-1-5] DEBUG org.asynchttpclient.netty.channel.ChannelManager - Adding key: http://localhost:54309 for channel [id: 0x0c1e89b1, L:/127.0.0.1:51332 - R:localhost/127.0.0.1:54309]
20:23:50.438 [Forwarding sendKeysToElement on session 63f27e48e52810c236699ecdbb38cee7 to remote] DEBUG org.asynchttpclient.netty.request.NettyRequestSender - Using pooled Channel '[id: 0x0c1e89b1, L:/127.0.0.1:51332 - R:localhost/127.0.0.1:54309]' for 'POST' to 'http://localhost:54309/session/63f27e48e52810c236699ecdbb38cee7/element/8b41905f-50f6-4654-94e3-190a8afdecca/value'
20:23:50.438 [Forwarding sendKeysToElement on session 63f27e48e52810c236699ecdbb38cee7 to remote] DEBUG org.asynchttpclient.netty.request.NettyRequestSender - Using open Channel [id: 0x0c1e89b1, L:/127.0.0.1:51332 - R:localhost/127.0.0.1:54309] for POST '/session/63f27e48e52810c236699ecdbb38cee7/element/8b41905f-50f6-4654-94e3-190a8afdecca/value'
20:23:50.539 [AsyncHttpClient-1-5] DEBUG org.asynchttpclient.netty.handler.HttpHandler - 

Request DefaultHttpRequest(decodeResult: success, version: HTTP/1.1)
POST /session/63f27e48e52810c236699ecdbb38cee7/element/8b41905f-50f6-4654-94e3-190a8afdecca/value HTTP/1.1
User-Agent: selenium/4.1.4 (java windows)
Content-Length: 131
Content-Type: application/json; charset=utf-8
host: localhost:54309
accept: */*

Response DefaultHttpResponse(decodeResult: success, version: HTTP/1.1)
HTTP/1.1 200 OK
Content-Type: application/json; charset=utf-8
cache-control: no-cache
content-length: 14

20:23:50.540 [AsyncHttpClient-1-5] DEBUG org.asynchttpclient.netty.channel.ChannelManager - Adding key: http://localhost:54309 for channel [id: 0x0c1e89b1, L:/127.0.0.1:51332 - R:localhost/127.0.0.1:54309]
  &amp#27;[32mAnd &amp#27;[0m&amp#27;[32mI input &amp#27;[0m&amp#27;[32m&amp#27;[1m"admin"&amp#27;[0m&amp#27;[32m login email valid&amp#27;[0m               &amp#27;[90m# starter.stepdefinitios.LoginSteps.iInputLoginEmailValid(java.lang.String)&amp#27;[0m
20:23:50.547 [Forwarding screenshot on session 63f27e48e52810c236699ecdbb38cee7 to remote] DEBUG org.asynchttpclient.netty.request.NettyRequestSender - Using pooled Channel '[id: 0x0c1e89b1, L:/127.0.0.1:51332 - R:localhost/127.0.0.1:54309]' for 'GET' to 'http://localhost:54309/session/63f27e48e52810c236699ecdbb38cee7/screenshot'
20:23:50.547 [Forwarding screenshot on session 63f27e48e52810c236699ecdbb38cee7 to remote] DEBUG org.asynchttpclient.netty.request.NettyRequestSender - Using open Channel [id: 0x0c1e89b1, L:/127.0.0.1:51332 - R:localhost/127.0.0.1:54309] for GET '/session/63f27e48e52810c236699ecdbb38cee7/screenshot'
20:23:50.760 [AsyncHttpClient-1-5] DEBUG org.asynchttpclient.netty.handler.HttpHandler - 

Request DefaultFullHttpRequest(decodeResult: success, version: HTTP/1.1, content: EmptyByteBufBE)
GET /session/63f27e48e52810c236699ecdbb38cee7/screenshot HTTP/1.1
User-Agent: selenium/4.1.4 (java windows)
Cache-Control: no-cache
Content-Type: application/json; charset=utf-8
host: localhost:54309
accept: */*

Response DefaultHttpResponse(decodeResult: success, version: HTTP/1.1)
HTTP/1.1 200 OK
Content-Type: application/json; charset=utf-8
cache-control: no-cache
content-length: 379420

20:23:50.762 [AsyncHttpClient-1-5] DEBUG org.asynchttpclient.netty.channel.ChannelManager - Adding key: http://localhost:54309 for channel [id: 0x0c1e89b1, L:/127.0.0.1:51332 - R:localhost/127.0.0.1:54309]
20:23:50.773 [main] DEBUG net.serenitybdd.core.photography.Darkroom - Send negative for processing for target\site\serenity\93df20195d3751dea78ac30a105f84d37c410e0341f58ded6fb231b5b47402e6.png
20:23:51.214 [AsyncHttpClient-1-1] DEBUG org.asynchttpclient.netty.channel.DefaultChannelPool - Entry count for : http://localhost:54309 : 1
20:23:51.214 [AsyncHttpClient-1-1] DEBUG org.asynchttpclient.netty.channel.DefaultChannelPool - Entry count for : http://localhost:51333 : 1
20:23:51.286 [Forwarding screenshot on session 63f27e48e52810c236699ecdbb38cee7 to remote] DEBUG org.asynchttpclient.netty.request.NettyRequestSender - Using pooled Channel '[id: 0x0c1e89b1, L:/127.0.0.1:51332 - R:localhost/127.0.0.1:54309]' for 'GET' to 'http://localhost:54309/session/63f27e48e52810c236699ecdbb38cee7/screenshot'
20:23:51.286 [Forwarding screenshot on session 63f27e48e52810c236699ecdbb38cee7 to remote] DEBUG org.asynchttpclient.netty.request.NettyRequestSender - Using open Channel [id: 0x0c1e89b1, L:/127.0.0.1:51332 - R:localhost/127.0.0.1:54309] for GET '/session/63f27e48e52810c236699ecdbb38cee7/screenshot'
20:23:51.452 [AsyncHttpClient-1-5] DEBUG org.asynchttpclient.netty.handler.HttpHandler - 

Request DefaultFullHttpRequest(decodeResult: success, version: HTTP/1.1, content: EmptyByteBufBE)
GET /session/63f27e48e52810c236699ecdbb38cee7/screenshot HTTP/1.1
User-Agent: selenium/4.1.4 (java windows)
Cache-Control: no-cache
Content-Type: application/json; charset=utf-8
host: localhost:54309
accept: */*

Response DefaultHttpResponse(decodeResult: success, version: HTTP/1.1)
HTTP/1.1 200 OK
Content-Type: application/json; charset=utf-8
cache-control: no-cache
content-length: 379404

20:23:51.464 [AsyncHttpClient-1-5] DEBUG org.asynchttpclient.netty.channel.ChannelManager - Adding key: http://localhost:54309 for channel [id: 0x0c1e89b1, L:/127.0.0.1:51332 - R:localhost/127.0.0.1:54309]
20:23:51.471 [main] DEBUG net.serenitybdd.core.photography.Darkroom - Send negative for processing for target\site\serenity\f684e1524ced0278b0b6c6b37709a7cbfb8281aeb576b04a4743fda17448b798.png
20:23:51.471 [main] DEBUG net.thucydides.core.steps.StepInterceptor - STARTING STEP: LoginSteps.iInputLoginPasswordValid - inputPasswordLogin
20:23:51.474 [Forwarding findElement on session 63f27e48e52810c236699ecdbb38cee7 to remote] DEBUG org.asynchttpclient.netty.request.NettyRequestSender - Using pooled Channel '[id: 0x0c1e89b1, L:/127.0.0.1:51332 - R:localhost/127.0.0.1:54309]' for 'POST' to 'http://localhost:54309/session/63f27e48e52810c236699ecdbb38cee7/element'
20:23:51.474 [Forwarding findElement on session 63f27e48e52810c236699ecdbb38cee7 to remote] DEBUG org.asynchttpclient.netty.request.NettyRequestSender - Using open Channel [id: 0x0c1e89b1, L:/127.0.0.1:51332 - R:localhost/127.0.0.1:54309] for POST '/session/63f27e48e52810c236699ecdbb38cee7/element'
20:23:51.485 [AsyncHttpClient-1-5] DEBUG org.asynchttpclient.netty.handler.HttpHandler - 

Request DefaultHttpRequest(decodeResult: success, version: HTTP/1.1)
POST /session/63f27e48e52810c236699ecdbb38cee7/element HTTP/1.1
User-Agent: selenium/4.1.4 (java windows)
Content-Length: 70
Content-Type: application/json; charset=utf-8
host: localhost:54309
accept: */*

Response DefaultHttpResponse(decodeResult: success, version: HTTP/1.1)
HTTP/1.1 200 OK
Content-Type: application/json; charset=utf-8
cache-control: no-cache
content-length: 88

20:23:51.485 [AsyncHttpClient-1-5] DEBUG org.asynchttpclient.netty.channel.ChannelManager - Adding key: http://localhost:54309 for channel [id: 0x0c1e89b1, L:/127.0.0.1:51332 - R:localhost/127.0.0.1:54309]
20:23:51.486 [Forwarding sendKeysToElement on session 63f27e48e52810c236699ecdbb38cee7 to remote] DEBUG org.asynchttpclient.netty.request.NettyRequestSender - Using pooled Channel '[id: 0x0c1e89b1, L:/127.0.0.1:51332 - R:localhost/127.0.0.1:54309]' for 'POST' to 'http://localhost:54309/session/63f27e48e52810c236699ecdbb38cee7/element/7048965b-3e02-47a4-a67c-7260a45085b8/value'
20:23:51.486 [Forwarding sendKeysToElement on session 63f27e48e52810c236699ecdbb38cee7 to remote] DEBUG org.asynchttpclient.netty.request.NettyRequestSender - Using open Channel [id: 0x0c1e89b1, L:/127.0.0.1:51332 - R:localhost/127.0.0.1:54309] for POST '/session/63f27e48e52810c236699ecdbb38cee7/element/7048965b-3e02-47a4-a67c-7260a45085b8/value'
20:23:51.557 [AsyncHttpClient-1-5] DEBUG org.asynchttpclient.netty.handler.HttpHandler - 

Request DefaultHttpRequest(decodeResult: success, version: HTTP/1.1)
POST /session/63f27e48e52810c236699ecdbb38cee7/element/7048965b-3e02-47a4-a67c-7260a45085b8/value HTTP/1.1
User-Agent: selenium/4.1.4 (java windows)
Content-Length: 161
Content-Type: application/json; charset=utf-8
host: localhost:54309
accept: */*

Response DefaultHttpResponse(decodeResult: success, version: HTTP/1.1)
HTTP/1.1 200 OK
Content-Type: application/json; charset=utf-8
cache-control: no-cache
content-length: 14

20:23:51.557 [AsyncHttpClient-1-5] DEBUG org.asynchttpclient.netty.channel.ChannelManager - Adding key: http://localhost:54309 for channel [id: 0x0c1e89b1, L:/127.0.0.1:51332 - R:localhost/127.0.0.1:54309]
20:23:51.559 [Forwarding screenshot on session 63f27e48e52810c236699ecdbb38cee7 to remote] DEBUG org.asynchttpclient.netty.request.NettyRequestSender - Using pooled Channel '[id: 0x0c1e89b1, L:/127.0.0.1:51332 - R:localhost/127.0.0.1:54309]' for 'GET' to 'http://localhost:54309/session/63f27e48e52810c236699ecdbb38cee7/screenshot'
20:23:51.559 [Forwarding screenshot on session 63f27e48e52810c236699ecdbb38cee7 to remote] DEBUG org.asynchttpclient.netty.request.NettyRequestSender - Using open Channel [id: 0x0c1e89b1, L:/127.0.0.1:51332 - R:localhost/127.0.0.1:54309] for GET '/session/63f27e48e52810c236699ecdbb38cee7/screenshot'
20:23:51.748 [AsyncHttpClient-1-5] DEBUG org.asynchttpclient.netty.handler.HttpHandler - 

Request DefaultFullHttpRequest(decodeResult: success, version: HTTP/1.1, content: EmptyByteBufBE)
GET /session/63f27e48e52810c236699ecdbb38cee7/screenshot HTTP/1.1
User-Agent: selenium/4.1.4 (java windows)
Cache-Control: no-cache
Content-Type: application/json; charset=utf-8
host: localhost:54309
accept: */*

Response DefaultHttpResponse(decodeResult: success, version: HTTP/1.1)
HTTP/1.1 200 OK
Content-Type: application/json; charset=utf-8
cache-control: no-cache
content-length: 377580

20:23:51.749 [AsyncHttpClient-1-5] DEBUG org.asynchttpclient.netty.channel.ChannelManager - Adding key: http://localhost:54309 for channel [id: 0x0c1e89b1, L:/127.0.0.1:51332 - R:localhost/127.0.0.1:54309]
20:23:51.753 [main] DEBUG net.serenitybdd.core.photography.Darkroom - Send negative for processing for target\site\serenity\44fa0aa493cf3a3837a7fab79c30bded8f584eda85d2cfd055a7ef5b4e3f0a4a.png
20:23:51.753 [main] DEBUG net.thucydides.core.steps.StepInterceptor - STEP DONE: inputPasswordLogin
  &amp#27;[32mAnd &amp#27;[0m&amp#27;[32mI input &amp#27;[0m&amp#27;[32m&amp#27;[1m"admin123"&amp#27;[0m&amp#27;[32m login password valid&amp#27;[0m         &amp#27;[90m# starter.stepdefinitios.LoginSteps.iInputLoginPasswordValid(java.lang.String)&amp#27;[0m
20:23:51.770 [main] DEBUG net.thucydides.core.steps.StepInterceptor - STARTING STEP: LoginSteps.iClickButtonLogin - clickButtonLogin
20:23:51.778 [Forwarding findElement on session 63f27e48e52810c236699ecdbb38cee7 to remote] DEBUG org.asynchttpclient.netty.request.NettyRequestSender - Using pooled Channel '[id: 0x0c1e89b1, L:/127.0.0.1:51332 - R:localhost/127.0.0.1:54309]' for 'POST' to 'http://localhost:54309/session/63f27e48e52810c236699ecdbb38cee7/element'
20:23:51.778 [Forwarding findElement on session 63f27e48e52810c236699ecdbb38cee7 to remote] DEBUG org.asynchttpclient.netty.request.NettyRequestSender - Using open Channel [id: 0x0c1e89b1, L:/127.0.0.1:51332 - R:localhost/127.0.0.1:54309] for POST '/session/63f27e48e52810c236699ecdbb38cee7/element'
20:23:51.788 [AsyncHttpClient-1-5] DEBUG org.asynchttpclient.netty.handler.HttpHandler - 

Request DefaultHttpRequest(decodeResult: success, version: HTTP/1.1)
POST /session/63f27e48e52810c236699ecdbb38cee7/element HTTP/1.1
User-Agent: selenium/4.1.4 (java windows)
Content-Length: 68
Content-Type: application/json; charset=utf-8
host: localhost:54309
accept: */*

Response DefaultHttpResponse(decodeResult: success, version: HTTP/1.1)
HTTP/1.1 200 OK
Content-Type: application/json; charset=utf-8
cache-control: no-cache
content-length: 88

20:23:51.788 [AsyncHttpClient-1-5] DEBUG org.asynchttpclient.netty.channel.ChannelManager - Adding key: http://localhost:54309 for channel [id: 0x0c1e89b1, L:/127.0.0.1:51332 - R:localhost/127.0.0.1:54309]
20:23:51.789 [Forwarding getElementTagName on session 63f27e48e52810c236699ecdbb38cee7 to remote] DEBUG org.asynchttpclient.netty.request.NettyRequestSender - Using pooled Channel '[id: 0x0c1e89b1, L:/127.0.0.1:51332 - R:localhost/127.0.0.1:54309]' for 'GET' to 'http://localhost:54309/session/63f27e48e52810c236699ecdbb38cee7/element/5554f0ca-98cc-4985-bbba-5d57474e8357/name'
20:23:51.789 [Forwarding getElementTagName on session 63f27e48e52810c236699ecdbb38cee7 to remote] DEBUG org.asynchttpclient.netty.request.NettyRequestSender - Using open Channel [id: 0x0c1e89b1, L:/127.0.0.1:51332 - R:localhost/127.0.0.1:54309] for GET '/session/63f27e48e52810c236699ecdbb38cee7/element/5554f0ca-98cc-4985-bbba-5d57474e8357/name'
20:23:51.794 [AsyncHttpClient-1-5] DEBUG org.asynchttpclient.netty.handler.HttpHandler - 

Request DefaultFullHttpRequest(decodeResult: success, version: HTTP/1.1, content: EmptyByteBufBE)
GET /session/63f27e48e52810c236699ecdbb38cee7/element/5554f0ca-98cc-4985-bbba-5d57474e8357/name HTTP/1.1
User-Agent: selenium/4.1.4 (java windows)
Cache-Control: no-cache
Content-Type: application/json; charset=utf-8
host: localhost:54309
accept: */*

Response DefaultHttpResponse(decodeResult: success, version: HTTP/1.1)
HTTP/1.1 200 OK
Content-Type: application/json; charset=utf-8
cache-control: no-cache
content-length: 18

20:23:51.794 [AsyncHttpClient-1-5] DEBUG org.asynchttpclient.netty.channel.ChannelManager - Adding key: http://localhost:54309 for channel [id: 0x0c1e89b1, L:/127.0.0.1:51332 - R:localhost/127.0.0.1:54309]
20:23:51.794 [Forwarding getElementTagName on session 63f27e48e52810c236699ecdbb38cee7 to remote] DEBUG org.asynchttpclient.netty.request.NettyRequestSender - Using pooled Channel '[id: 0x0c1e89b1, L:/127.0.0.1:51332 - R:localhost/127.0.0.1:54309]' for 'GET' to 'http://localhost:54309/session/63f27e48e52810c236699ecdbb38cee7/element/5554f0ca-98cc-4985-bbba-5d57474e8357/name'
20:23:51.794 [Forwarding getElementTagName on session 63f27e48e52810c236699ecdbb38cee7 to remote] DEBUG org.asynchttpclient.netty.request.NettyRequestSender - Using open Channel [id: 0x0c1e89b1, L:/127.0.0.1:51332 - R:localhost/127.0.0.1:54309] for GET '/session/63f27e48e52810c236699ecdbb38cee7/element/5554f0ca-98cc-4985-bbba-5d57474e8357/name'
20:23:51.794 [AsyncHttpClient-1-5] DEBUG org.asynchttpclient.netty.handler.HttpHandler - 

Request DefaultFullHttpRequest(decodeResult: success, version: HTTP/1.1, content: EmptyByteBufBE)
GET /session/63f27e48e52810c236699ecdbb38cee7/element/5554f0ca-98cc-4985-bbba-5d57474e8357/name HTTP/1.1
User-Agent: selenium/4.1.4 (java windows)
Cache-Control: no-cache
Content-Type: application/json; charset=utf-8
host: localhost:54309
accept: */*

Response DefaultHttpResponse(decodeResult: success, version: HTTP/1.1)
HTTP/1.1 200 OK
Content-Type: application/json; charset=utf-8
cache-control: no-cache
content-length: 18

20:23:51.794 [AsyncHttpClient-1-5] DEBUG org.asynchttpclient.netty.channel.ChannelManager - Adding key: http://localhost:54309 for channel [id: 0x0c1e89b1, L:/127.0.0.1:51332 - R:localhost/127.0.0.1:54309]
20:23:51.803 [Forwarding isElementEnabled on session 63f27e48e52810c236699ecdbb38cee7 to remote] DEBUG org.asynchttpclient.netty.request.NettyRequestSender - Using pooled Channel '[id: 0x0c1e89b1, L:/127.0.0.1:51332 - R:localhost/127.0.0.1:54309]' for 'GET' to 'http://localhost:54309/session/63f27e48e52810c236699ecdbb38cee7/element/5554f0ca-98cc-4985-bbba-5d57474e8357/enabled'
20:23:51.803 [Forwarding isElementEnabled on session 63f27e48e52810c236699ecdbb38cee7 to remote] DEBUG org.asynchttpclient.netty.request.NettyRequestSender - Using open Channel [id: 0x0c1e89b1, L:/127.0.0.1:51332 - R:localhost/127.0.0.1:54309] for GET '/session/63f27e48e52810c236699ecdbb38cee7/element/5554f0ca-98cc-4985-bbba-5d57474e8357/enabled'
20:23:51.810 [AsyncHttpClient-1-5] DEBUG org.asynchttpclient.netty.handler.HttpHandler - 

Request DefaultFullHttpRequest(decodeResult: success, version: HTTP/1.1, content: EmptyByteBufBE)
GET /session/63f27e48e52810c236699ecdbb38cee7/element/5554f0ca-98cc-4985-bbba-5d57474e8357/enabled HTTP/1.1
User-Agent: selenium/4.1.4 (java windows)
Cache-Control: no-cache
Content-Type: application/json; charset=utf-8
host: localhost:54309
accept: */*

Response DefaultHttpResponse(decodeResult: success, version: HTTP/1.1)
HTTP/1.1 200 OK
Content-Type: application/json; charset=utf-8
cache-control: no-cache
content-length: 14

20:23:51.810 [AsyncHttpClient-1-5] DEBUG org.asynchttpclient.netty.channel.ChannelManager - Adding key: http://localhost:54309 for channel [id: 0x0c1e89b1, L:/127.0.0.1:51332 - R:localhost/127.0.0.1:54309]
20:23:51.810 [Forwarding isElementEnabled on session 63f27e48e52810c236699ecdbb38cee7 to remote] DEBUG org.asynchttpclient.netty.request.NettyRequestSender - Using pooled Channel '[id: 0x0c1e89b1, L:/127.0.0.1:51332 - R:localhost/127.0.0.1:54309]' for 'GET' to 'http://localhost:54309/session/63f27e48e52810c236699ecdbb38cee7/element/5554f0ca-98cc-4985-bbba-5d57474e8357/enabled'
20:23:51.810 [Forwarding isElementEnabled on session 63f27e48e52810c236699ecdbb38cee7 to remote] DEBUG org.asynchttpclient.netty.request.NettyRequestSender - Using open Channel [id: 0x0c1e89b1, L:/127.0.0.1:51332 - R:localhost/127.0.0.1:54309] for GET '/session/63f27e48e52810c236699ecdbb38cee7/element/5554f0ca-98cc-4985-bbba-5d57474e8357/enabled'
20:23:51.817 [AsyncHttpClient-1-5] DEBUG org.asynchttpclient.netty.handler.HttpHandler - 

Request DefaultFullHttpRequest(decodeResult: success, version: HTTP/1.1, content: EmptyByteBufBE)
GET /session/63f27e48e52810c236699ecdbb38cee7/element/5554f0ca-98cc-4985-bbba-5d57474e8357/enabled HTTP/1.1
User-Agent: selenium/4.1.4 (java windows)
Cache-Control: no-cache
Content-Type: application/json; charset=utf-8
host: localhost:54309
accept: */*

Response DefaultHttpResponse(decodeResult: success, version: HTTP/1.1)
HTTP/1.1 200 OK
Content-Type: application/json; charset=utf-8
cache-control: no-cache
content-length: 14

20:23:51.817 [AsyncHttpClient-1-5] DEBUG org.asynchttpclient.netty.channel.ChannelManager - Adding key: http://localhost:54309 for channel [id: 0x0c1e89b1, L:/127.0.0.1:51332 - R:localhost/127.0.0.1:54309]
20:23:51.825 [Forwarding findElement on session 63f27e48e52810c236699ecdbb38cee7 to remote] DEBUG org.asynchttpclient.netty.request.NettyRequestSender - Using pooled Channel '[id: 0x0c1e89b1, L:/127.0.0.1:51332 - R:localhost/127.0.0.1:54309]' for 'POST' to 'http://localhost:54309/session/63f27e48e52810c236699ecdbb38cee7/element'
20:23:51.825 [Forwarding findElement on session 63f27e48e52810c236699ecdbb38cee7 to remote] DEBUG org.asynchttpclient.netty.request.NettyRequestSender - Using open Channel [id: 0x0c1e89b1, L:/127.0.0.1:51332 - R:localhost/127.0.0.1:54309] for POST '/session/63f27e48e52810c236699ecdbb38cee7/element'
20:23:51.833 [AsyncHttpClient-1-5] DEBUG org.asynchttpclient.netty.handler.HttpHandler - 

Request DefaultHttpRequest(decodeResult: success, version: HTTP/1.1)
POST /session/63f27e48e52810c236699ecdbb38cee7/element HTTP/1.1
User-Agent: selenium/4.1.4 (java windows)
Content-Length: 68
Content-Type: application/json; charset=utf-8
host: localhost:54309
accept: */*

Response DefaultHttpResponse(decodeResult: success, version: HTTP/1.1)
HTTP/1.1 200 OK
Content-Type: application/json; charset=utf-8
cache-control: no-cache
content-length: 88

20:23:51.833 [AsyncHttpClient-1-5] DEBUG org.asynchttpclient.netty.channel.ChannelManager - Adding key: http://localhost:54309 for channel [id: 0x0c1e89b1, L:/127.0.0.1:51332 - R:localhost/127.0.0.1:54309]
20:23:51.833 [Forwarding clickElement on session 63f27e48e52810c236699ecdbb38cee7 to remote] DEBUG org.asynchttpclient.netty.request.NettyRequestSender - Using pooled Channel '[id: 0x0c1e89b1, L:/127.0.0.1:51332 - R:localhost/127.0.0.1:54309]' for 'POST' to 'http://localhost:54309/session/63f27e48e52810c236699ecdbb38cee7/element/5554f0ca-98cc-4985-bbba-5d57474e8357/click'
20:23:51.833 [Forwarding clickElement on session 63f27e48e52810c236699ecdbb38cee7 to remote] DEBUG org.asynchttpclient.netty.request.NettyRequestSender - Using open Channel [id: 0x0c1e89b1, L:/127.0.0.1:51332 - R:localhost/127.0.0.1:54309] for POST '/session/63f27e48e52810c236699ecdbb38cee7/element/5554f0ca-98cc-4985-bbba-5d57474e8357/click'
20:23:51.892 [AsyncHttpClient-1-5] DEBUG org.asynchttpclient.netty.handler.HttpHandler - 

Request DefaultHttpRequest(decodeResult: success, version: HTTP/1.1)
POST /session/63f27e48e52810c236699ecdbb38cee7/element/5554f0ca-98cc-4985-bbba-5d57474e8357/click HTTP/1.1
User-Agent: selenium/4.1.4 (java windows)
Content-Length: 50
Content-Type: application/json; charset=utf-8
host: localhost:54309
accept: */*

Response DefaultHttpResponse(decodeResult: success, version: HTTP/1.1)
HTTP/1.1 200 OK
Content-Type: application/json; charset=utf-8
cache-control: no-cache
content-length: 14

20:23:51.893 [AsyncHttpClient-1-5] DEBUG org.asynchttpclient.netty.channel.ChannelManager - Adding key: http://localhost:54309 for channel [id: 0x0c1e89b1, L:/127.0.0.1:51332 - R:localhost/127.0.0.1:54309]
20:23:51.904 [Forwarding screenshot on session 63f27e48e52810c236699ecdbb38cee7 to remote] DEBUG org.asynchttpclient.netty.request.NettyRequestSender - Using pooled Channel '[id: 0x0c1e89b1, L:/127.0.0.1:51332 - R:localhost/127.0.0.1:54309]' for 'GET' to 'http://localhost:54309/session/63f27e48e52810c236699ecdbb38cee7/screenshot'
20:23:51.904 [Forwarding screenshot on session 63f27e48e52810c236699ecdbb38cee7 to remote] DEBUG org.asynchttpclient.netty.request.NettyRequestSender - Using open Channel [id: 0x0c1e89b1, L:/127.0.0.1:51332 - R:localhost/127.0.0.1:54309] for GET '/session/63f27e48e52810c236699ecdbb38cee7/screenshot'
20:23:52.160 [AsyncHttpClient-1-5] DEBUG org.asynchttpclient.netty.handler.HttpHandler - 

Request DefaultFullHttpRequest(decodeResult: success, version: HTTP/1.1, content: EmptyByteBufBE)
GET /session/63f27e48e52810c236699ecdbb38cee7/screenshot HTTP/1.1
User-Agent: selenium/4.1.4 (java windows)
Cache-Control: no-cache
Content-Type: application/json; charset=utf-8
host: localhost:54309
accept: */*

Response DefaultHttpResponse(decodeResult: success, version: HTTP/1.1)
HTTP/1.1 200 OK
Content-Type: application/json; charset=utf-8
cache-control: no-cache
content-length: 342720

20:23:52.161 [AsyncHttpClient-1-5] DEBUG org.asynchttpclient.netty.channel.ChannelManager - Adding key: http://localhost:54309 for channel [id: 0x0c1e89b1, L:/127.0.0.1:51332 - R:localhost/127.0.0.1:54309]
20:23:52.168 [main] DEBUG net.serenitybdd.core.photography.Darkroom - Send negative for processing for target\site\serenity\8cecf70a1206cc8dcce6b7d9670f0216f92aafd4037fe449ef2fd40f4a8d0564.png
20:23:52.168 [main] DEBUG net.thucydides.core.steps.StepInterceptor - STEP DONE: clickButtonLogin
20:23:52.168 [Darkroom Processing Line] DEBUG net.serenitybdd.core.photography.DarkroomProcessingLine - Processing screenshot image in /var/screenshots/screenshot-13281904010083641796
20:23:52.168 [Darkroom Processing Line] DEBUG net.serenitybdd.core.photography.DarkroomProcessingLine - Saving screenshot to target\site\serenity\8cecf70a1206cc8dcce6b7d9670f0216f92aafd4037fe449ef2fd40f4a8d0564.png
20:23:52.315 [AsyncHttpClient-1-1] DEBUG org.asynchttpclient.netty.channel.DefaultChannelPool - Entry count for : http://localhost:54309 : 1
20:23:52.315 [AsyncHttpClient-1-1] DEBUG org.asynchttpclient.netty.channel.DefaultChannelPool - Entry count for : http://localhost:51333 : 1
  &amp#27;[32mWhen &amp#27;[0m&amp#27;[32mI click button login&amp#27;[0m                           &amp#27;[90m# starter.stepdefinitios.LoginSteps.iClickButtonLogin()&amp#27;[0m
20:23:53.175 [Forwarding screenshot on session 63f27e48e52810c236699ecdbb38cee7 to remote] DEBUG org.asynchttpclient.netty.request.NettyRequestSender - Using pooled Channel '[id: 0x0c1e89b1, L:/127.0.0.1:51332 - R:localhost/127.0.0.1:54309]' for 'GET' to 'http://localhost:54309/session/63f27e48e52810c236699ecdbb38cee7/screenshot'
20:23:53.175 [Forwarding screenshot on session 63f27e48e52810c236699ecdbb38cee7 to remote] DEBUG org.asynchttpclient.netty.request.NettyRequestSender - Using open Channel [id: 0x0c1e89b1, L:/127.0.0.1:51332 - R:localhost/127.0.0.1:54309] for GET '/session/63f27e48e52810c236699ecdbb38cee7/screenshot'
20:23:53.412 [AsyncHttpClient-1-5] DEBUG org.asynchttpclient.netty.handler.HttpHandler - 

Request DefaultFullHttpRequest(decodeResult: success, version: HTTP/1.1, content: EmptyByteBufBE)
GET /session/63f27e48e52810c236699ecdbb38cee7/screenshot HTTP/1.1
User-Agent: selenium/4.1.4 (java windows)
Cache-Control: no-cache
Content-Type: application/json; charset=utf-8
host: localhost:54309
accept: */*

Response DefaultHttpResponse(decodeResult: success, version: HTTP/1.1)
HTTP/1.1 200 OK
Content-Type: application/json; charset=utf-8
cache-control: no-cache
content-length: 313184

20:23:53.412 [AsyncHttpClient-1-5] DEBUG org.asynchttpclient.netty.channel.ChannelManager - Adding key: http://localhost:54309 for channel [id: 0x0c1e89b1, L:/127.0.0.1:51332 - R:localhost/127.0.0.1:54309]
20:23:53.415 [AsyncHttpClient-1-1] DEBUG org.asynchttpclient.netty.channel.DefaultChannelPool - Entry count for : http://localhost:54309 : 1
20:23:53.415 [AsyncHttpClient-1-1] DEBUG org.asynchttpclient.netty.channel.DefaultChannelPool - Entry count for : http://localhost:51333 : 1
20:23:53.417 [main] DEBUG net.serenitybdd.core.photography.Darkroom - Send negative for processing for target\site\serenity\7f029e9b4293455ff54a08dc088e700a46f4ff980219863d2eead7c485f84b65.png
20:23:53.417 [Darkroom Processing Line] DEBUG net.serenitybdd.core.photography.DarkroomProcessingLine - Processing screenshot image in /var/screenshots/screenshot-13219676002769810992
20:23:53.417 [Darkroom Processing Line] DEBUG net.serenitybdd.core.photography.DarkroomProcessingLine - Saving screenshot to target\site\serenity\7f029e9b4293455ff54a08dc088e700a46f4ff980219863d2eead7c485f84b65.png
20:23:54.527 [AsyncHttpClient-1-1] DEBUG org.asynchttpclient.netty.channel.DefaultChannelPool - Entry count for : http://localhost:54309 : 1
20:23:54.527 [AsyncHttpClient-1-1] DEBUG org.asynchttpclient.netty.channel.DefaultChannelPool - Entry count for : http://localhost:51333 : 1
20:23:55.630 [AsyncHttpClient-1-1] DEBUG org.asynchttpclient.netty.channel.DefaultChannelPool - Entry count for : http://localhost:54309 : 1
20:23:55.630 [AsyncHttpClient-1-1] DEBUG org.asynchttpclient.netty.channel.DefaultChannelPool - Entry count for : http://localhost:51333 : 1
20:23:56.718 [AsyncHttpClient-1-1] DEBUG org.asynchttpclient.netty.channel.DefaultChannelPool - Entry count for : http://localhost:54309 : 1
20:23:56.718 [AsyncHttpClient-1-1] DEBUG org.asynchttpclient.netty.channel.DefaultChannelPool - Entry count for : http://localhost:51333 : 1
20:23:57.813 [AsyncHttpClient-1-1] DEBUG org.asynchttpclient.netty.channel.DefaultChannelPool - Entry count for : http://localhost:54309 : 1
20:23:57.813 [AsyncHttpClient-1-1] DEBUG org.asynchttpclient.netty.channel.DefaultChannelPool - Entry count for : http://localhost:51333 : 1
20:23:58.434 [Forwarding findElement on session 63f27e48e52810c236699ecdbb38cee7 to remote] DEBUG org.asynchttpclient.netty.request.NettyRequestSender - Using pooled Channel '[id: 0x0c1e89b1, L:/127.0.0.1:51332 - R:localhost/127.0.0.1:54309]' for 'POST' to 'http://localhost:54309/session/63f27e48e52810c236699ecdbb38cee7/element'
20:23:58.434 [Forwarding findElement on session 63f27e48e52810c236699ecdbb38cee7 to remote] DEBUG org.asynchttpclient.netty.request.NettyRequestSender - Using open Channel [id: 0x0c1e89b1, L:/127.0.0.1:51332 - R:localhost/127.0.0.1:54309] for POST '/session/63f27e48e52810c236699ecdbb38cee7/element'
20:23:58.471 [AsyncHttpClient-1-5] DEBUG org.asynchttpclient.netty.handler.HttpHandler - 

Request DefaultHttpRequest(decodeResult: success, version: HTTP/1.1)
POST /session/63f27e48e52810c236699ecdbb38cee7/element HTTP/1.1
User-Agent: selenium/4.1.4 (java windows)
Content-Length: 68
Content-Type: application/json; charset=utf-8
host: localhost:54309
accept: */*

Response DefaultHttpResponse(decodeResult: success, version: HTTP/1.1)
HTTP/1.1 200 OK
Content-Type: application/json; charset=utf-8
cache-control: no-cache
content-length: 88

20:23:58.471 [AsyncHttpClient-1-5] DEBUG org.asynchttpclient.netty.channel.ChannelManager - Adding key: http://localhost:54309 for channel [id: 0x0c1e89b1, L:/127.0.0.1:51332 - R:localhost/127.0.0.1:54309]
20:23:58.473 [Forwarding isElementEnabled on session 63f27e48e52810c236699ecdbb38cee7 to remote] DEBUG org.asynchttpclient.netty.request.NettyRequestSender - Using pooled Channel '[id: 0x0c1e89b1, L:/127.0.0.1:51332 - R:localhost/127.0.0.1:54309]' for 'GET' to 'http://localhost:54309/session/63f27e48e52810c236699ecdbb38cee7/element/b7bafc28-52c1-4bbe-96e7-d506209783bb/enabled'
20:23:58.474 [Forwarding isElementEnabled on session 63f27e48e52810c236699ecdbb38cee7 to remote] DEBUG org.asynchttpclient.netty.request.NettyRequestSender - Using open Channel [id: 0x0c1e89b1, L:/127.0.0.1:51332 - R:localhost/127.0.0.1:54309] for GET '/session/63f27e48e52810c236699ecdbb38cee7/element/b7bafc28-52c1-4bbe-96e7-d506209783bb/enabled'
20:23:58.493 [AsyncHttpClient-1-5] DEBUG org.asynchttpclient.netty.handler.HttpHandler - 

Request DefaultFullHttpRequest(decodeResult: success, version: HTTP/1.1, content: EmptyByteBufBE)
GET /session/63f27e48e52810c236699ecdbb38cee7/element/b7bafc28-52c1-4bbe-96e7-d506209783bb/enabled HTTP/1.1
User-Agent: selenium/4.1.4 (java windows)
Cache-Control: no-cache
Content-Type: application/json; charset=utf-8
host: localhost:54309
accept: */*

Response DefaultHttpResponse(decodeResult: success, version: HTTP/1.1)
HTTP/1.1 200 OK
Content-Type: application/json; charset=utf-8
cache-control: no-cache
content-length: 14

20:23:58.494 [AsyncHttpClient-1-5] DEBUG org.asynchttpclient.netty.channel.ChannelManager - Adding key: http://localhost:54309 for channel [id: 0x0c1e89b1, L:/127.0.0.1:51332 - R:localhost/127.0.0.1:54309]
20:23:58.914 [AsyncHttpClient-1-1] DEBUG org.asynchttpclient.netty.channel.DefaultChannelPool - Entry count for : http://localhost:54309 : 1
20:23:58.914 [AsyncHttpClient-1-1] DEBUG org.asynchttpclient.netty.channel.DefaultChannelPool - Entry count for : http://localhost:51333 : 1
20:23:59.074 [Forwarding screenshot on session 63f27e48e52810c236699ecdbb38cee7 to remote] DEBUG org.asynchttpclient.netty.request.NettyRequestSender - Using pooled Channel '[id: 0x0c1e89b1, L:/127.0.0.1:51332 - R:localhost/127.0.0.1:54309]' for 'GET' to 'http://localhost:54309/session/63f27e48e52810c236699ecdbb38cee7/screenshot'
20:23:59.075 [Forwarding screenshot on session 63f27e48e52810c236699ecdbb38cee7 to remote] DEBUG org.asynchttpclient.netty.request.NettyRequestSender - Using open Channel [id: 0x0c1e89b1, L:/127.0.0.1:51332 - R:localhost/127.0.0.1:54309] for GET '/session/63f27e48e52810c236699ecdbb38cee7/screenshot'
20:23:59.354 [AsyncHttpClient-1-5] DEBUG org.asynchttpclient.netty.handler.HttpHandler - 

Request DefaultFullHttpRequest(decodeResult: success, version: HTTP/1.1, content: EmptyByteBufBE)
GET /session/63f27e48e52810c236699ecdbb38cee7/screenshot HTTP/1.1
User-Agent: selenium/4.1.4 (java windows)
Cache-Control: no-cache
Content-Type: application/json; charset=utf-8
host: localhost:54309
accept: */*

Response DefaultHttpResponse(decodeResult: success, version: HTTP/1.1)
HTTP/1.1 200 OK
Content-Type: application/json; charset=utf-8
cache-control: no-cache
content-length: 301044

20:23:59.355 [AsyncHttpClient-1-5] DEBUG org.asynchttpclient.netty.channel.ChannelManager - Adding key: http://localhost:54309 for channel [id: 0x0c1e89b1, L:/127.0.0.1:51332 - R:localhost/127.0.0.1:54309]
20:23:59.359 [main] DEBUG net.serenitybdd.core.photography.Darkroom - Send negative for processing for target\site\serenity\163e386af0b12517552a74a3d5043b94e8c0f9215c0f21d464e3b04d27a0859d.png
20:23:59.362 [main] DEBUG net.thucydides.core.steps.StepInterceptor - STARTING STEP: LoginSteps.loginValidationInvalid - clickButtonErrorOK
20:23:59.367 [Forwarding findElement on session 63f27e48e52810c236699ecdbb38cee7 to remote] DEBUG org.asynchttpclient.netty.request.NettyRequestSender - Using pooled Channel '[id: 0x0c1e89b1, L:/127.0.0.1:51332 - R:localhost/127.0.0.1:54309]' for 'POST' to 'http://localhost:54309/session/63f27e48e52810c236699ecdbb38cee7/element'
20:23:59.367 [Forwarding findElement on session 63f27e48e52810c236699ecdbb38cee7 to remote] DEBUG org.asynchttpclient.netty.request.NettyRequestSender - Using open Channel [id: 0x0c1e89b1, L:/127.0.0.1:51332 - R:localhost/127.0.0.1:54309] for POST '/session/63f27e48e52810c236699ecdbb38cee7/element'
20:23:59.378 [AsyncHttpClient-1-5] DEBUG org.asynchttpclient.netty.handler.HttpHandler - 

Request DefaultHttpRequest(decodeResult: success, version: HTTP/1.1)
POST /session/63f27e48e52810c236699ecdbb38cee7/element HTTP/1.1
User-Agent: selenium/4.1.4 (java windows)
Content-Length: 88
Content-Type: application/json; charset=utf-8
host: localhost:54309
accept: */*

Response DefaultHttpResponse(decodeResult: success, version: HTTP/1.1)
HTTP/1.1 200 OK
Content-Type: application/json; charset=utf-8
cache-control: no-cache
content-length: 88

20:23:59.378 [AsyncHttpClient-1-5] DEBUG org.asynchttpclient.netty.channel.ChannelManager - Adding key: http://localhost:54309 for channel [id: 0x0c1e89b1, L:/127.0.0.1:51332 - R:localhost/127.0.0.1:54309]
20:23:59.379 [Forwarding getElementTagName on session 63f27e48e52810c236699ecdbb38cee7 to remote] DEBUG org.asynchttpclient.netty.request.NettyRequestSender - Using pooled Channel '[id: 0x0c1e89b1, L:/127.0.0.1:51332 - R:localhost/127.0.0.1:54309]' for 'GET' to 'http://localhost:54309/session/63f27e48e52810c236699ecdbb38cee7/element/6377091d-3d12-4fd2-ba70-f14f5b3afcab/name'
20:23:59.379 [Forwarding getElementTagName on session 63f27e48e52810c236699ecdbb38cee7 to remote] DEBUG org.asynchttpclient.netty.request.NettyRequestSender - Using open Channel [id: 0x0c1e89b1, L:/127.0.0.1:51332 - R:localhost/127.0.0.1:54309] for GET '/session/63f27e48e52810c236699ecdbb38cee7/element/6377091d-3d12-4fd2-ba70-f14f5b3afcab/name'
20:23:59.383 [AsyncHttpClient-1-5] DEBUG org.asynchttpclient.netty.handler.HttpHandler - 

Request DefaultFullHttpRequest(decodeResult: success, version: HTTP/1.1, content: EmptyByteBufBE)
GET /session/63f27e48e52810c236699ecdbb38cee7/element/6377091d-3d12-4fd2-ba70-f14f5b3afcab/name HTTP/1.1
User-Agent: selenium/4.1.4 (java windows)
Cache-Control: no-cache
Content-Type: application/json; charset=utf-8
host: localhost:54309
accept: */*

Response DefaultHttpResponse(decodeResult: success, version: HTTP/1.1)
HTTP/1.1 200 OK
Content-Type: application/json; charset=utf-8
cache-control: no-cache
content-length: 18

20:23:59.384 [AsyncHttpClient-1-5] DEBUG org.asynchttpclient.netty.channel.ChannelManager - Adding key: http://localhost:54309 for channel [id: 0x0c1e89b1, L:/127.0.0.1:51332 - R:localhost/127.0.0.1:54309]
20:23:59.385 [Forwarding getElementTagName on session 63f27e48e52810c236699ecdbb38cee7 to remote] DEBUG org.asynchttpclient.netty.request.NettyRequestSender - Using pooled Channel '[id: 0x0c1e89b1, L:/127.0.0.1:51332 - R:localhost/127.0.0.1:54309]' for 'GET' to 'http://localhost:54309/session/63f27e48e52810c236699ecdbb38cee7/element/6377091d-3d12-4fd2-ba70-f14f5b3afcab/name'
20:23:59.385 [Forwarding getElementTagName on session 63f27e48e52810c236699ecdbb38cee7 to remote] DEBUG org.asynchttpclient.netty.request.NettyRequestSender - Using open Channel [id: 0x0c1e89b1, L:/127.0.0.1:51332 - R:localhost/127.0.0.1:54309] for GET '/session/63f27e48e52810c236699ecdbb38cee7/element/6377091d-3d12-4fd2-ba70-f14f5b3afcab/name'
20:23:59.389 [AsyncHttpClient-1-5] DEBUG org.asynchttpclient.netty.handler.HttpHandler - 

Request DefaultFullHttpRequest(decodeResult: success, version: HTTP/1.1, content: EmptyByteBufBE)
GET /session/63f27e48e52810c236699ecdbb38cee7/element/6377091d-3d12-4fd2-ba70-f14f5b3afcab/name HTTP/1.1
User-Agent: selenium/4.1.4 (java windows)
Cache-Control: no-cache
Content-Type: application/json; charset=utf-8
host: localhost:54309
accept: */*

Response DefaultHttpResponse(decodeResult: success, version: HTTP/1.1)
HTTP/1.1 200 OK
Content-Type: application/json; charset=utf-8
cache-control: no-cache
content-length: 18

20:23:59.389 [AsyncHttpClient-1-5] DEBUG org.asynchttpclient.netty.channel.ChannelManager - Adding key: http://localhost:54309 for channel [id: 0x0c1e89b1, L:/127.0.0.1:51332 - R:localhost/127.0.0.1:54309]
20:23:59.391 [Forwarding isElementEnabled on session 63f27e48e52810c236699ecdbb38cee7 to remote] DEBUG org.asynchttpclient.netty.request.NettyRequestSender - Using pooled Channel '[id: 0x0c1e89b1, L:/127.0.0.1:51332 - R:localhost/127.0.0.1:54309]' for 'GET' to 'http://localhost:54309/session/63f27e48e52810c236699ecdbb38cee7/element/6377091d-3d12-4fd2-ba70-f14f5b3afcab/enabled'
20:23:59.392 [Forwarding isElementEnabled on session 63f27e48e52810c236699ecdbb38cee7 to remote] DEBUG org.asynchttpclient.netty.request.NettyRequestSender - Using open Channel [id: 0x0c1e89b1, L:/127.0.0.1:51332 - R:localhost/127.0.0.1:54309] for GET '/session/63f27e48e52810c236699ecdbb38cee7/element/6377091d-3d12-4fd2-ba70-f14f5b3afcab/enabled'
20:23:59.399 [AsyncHttpClient-1-5] DEBUG org.asynchttpclient.netty.handler.HttpHandler - 

Request DefaultFullHttpRequest(decodeResult: success, version: HTTP/1.1, content: EmptyByteBufBE)
GET /session/63f27e48e52810c236699ecdbb38cee7/element/6377091d-3d12-4fd2-ba70-f14f5b3afcab/enabled HTTP/1.1
User-Agent: selenium/4.1.4 (java windows)
Cache-Control: no-cache
Content-Type: application/json; charset=utf-8
host: localhost:54309
accept: */*

Response DefaultHttpResponse(decodeResult: success, version: HTTP/1.1)
HTTP/1.1 200 OK
Content-Type: application/json; charset=utf-8
cache-control: no-cache
content-length: 14

20:23:59.399 [AsyncHttpClient-1-5] DEBUG org.asynchttpclient.netty.channel.ChannelManager - Adding key: http://localhost:54309 for channel [id: 0x0c1e89b1, L:/127.0.0.1:51332 - R:localhost/127.0.0.1:54309]
20:23:59.400 [Forwarding isElementEnabled on session 63f27e48e52810c236699ecdbb38cee7 to remote] DEBUG org.asynchttpclient.netty.request.NettyRequestSender - Using pooled Channel '[id: 0x0c1e89b1, L:/127.0.0.1:51332 - R:localhost/127.0.0.1:54309]' for 'GET' to 'http://localhost:54309/session/63f27e48e52810c236699ecdbb38cee7/element/6377091d-3d12-4fd2-ba70-f14f5b3afcab/enabled'
20:23:59.400 [Forwarding isElementEnabled on session 63f27e48e52810c236699ecdbb38cee7 to remote] DEBUG org.asynchttpclient.netty.request.NettyRequestSender - Using open Channel [id: 0x0c1e89b1, L:/127.0.0.1:51332 - R:localhost/127.0.0.1:54309] for GET '/session/63f27e48e52810c236699ecdbb38cee7/element/6377091d-3d12-4fd2-ba70-f14f5b3afcab/enabled'
20:23:59.405 [AsyncHttpClient-1-5] DEBUG org.asynchttpclient.netty.handler.HttpHandler - 

Request DefaultFullHttpRequest(decodeResult: success, version: HTTP/1.1, content: EmptyByteBufBE)
GET /session/63f27e48e52810c236699ecdbb38cee7/element/6377091d-3d12-4fd2-ba70-f14f5b3afcab/enabled HTTP/1.1
User-Agent: selenium/4.1.4 (java windows)
Cache-Control: no-cache
Content-Type: application/json; charset=utf-8
host: localhost:54309
accept: */*

Response DefaultHttpResponse(decodeResult: success, version: HTTP/1.1)
HTTP/1.1 200 OK
Content-Type: application/json; charset=utf-8
cache-control: no-cache
content-length: 14

20:23:59.405 [AsyncHttpClient-1-5] DEBUG org.asynchttpclient.netty.channel.ChannelManager - Adding key: http://localhost:54309 for channel [id: 0x0c1e89b1, L:/127.0.0.1:51332 - R:localhost/127.0.0.1:54309]
20:23:59.407 [Forwarding findElement on session 63f27e48e52810c236699ecdbb38cee7 to remote] DEBUG org.asynchttpclient.netty.request.NettyRequestSender - Using pooled Channel '[id: 0x0c1e89b1, L:/127.0.0.1:51332 - R:localhost/127.0.0.1:54309]' for 'POST' to 'http://localhost:54309/session/63f27e48e52810c236699ecdbb38cee7/element'
20:23:59.407 [Forwarding findElement on session 63f27e48e52810c236699ecdbb38cee7 to remote] DEBUG org.asynchttpclient.netty.request.NettyRequestSender - Using open Channel [id: 0x0c1e89b1, L:/127.0.0.1:51332 - R:localhost/127.0.0.1:54309] for POST '/session/63f27e48e52810c236699ecdbb38cee7/element'
20:23:59.414 [AsyncHttpClient-1-5] DEBUG org.asynchttpclient.netty.handler.HttpHandler - 

Request DefaultHttpRequest(decodeResult: success, version: HTTP/1.1)
POST /session/63f27e48e52810c236699ecdbb38cee7/element HTTP/1.1
User-Agent: selenium/4.1.4 (java windows)
Content-Length: 88
Content-Type: application/json; charset=utf-8
host: localhost:54309
accept: */*

Response DefaultHttpResponse(decodeResult: success, version: HTTP/1.1)
HTTP/1.1 200 OK
Content-Type: application/json; charset=utf-8
cache-control: no-cache
content-length: 88

20:23:59.414 [AsyncHttpClient-1-5] DEBUG org.asynchttpclient.netty.channel.ChannelManager - Adding key: http://localhost:54309 for channel [id: 0x0c1e89b1, L:/127.0.0.1:51332 - R:localhost/127.0.0.1:54309]
20:23:59.415 [Forwarding clickElement on session 63f27e48e52810c236699ecdbb38cee7 to remote] DEBUG org.asynchttpclient.netty.request.NettyRequestSender - Using pooled Channel '[id: 0x0c1e89b1, L:/127.0.0.1:51332 - R:localhost/127.0.0.1:54309]' for 'POST' to 'http://localhost:54309/session/63f27e48e52810c236699ecdbb38cee7/element/6377091d-3d12-4fd2-ba70-f14f5b3afcab/click'
20:23:59.415 [Forwarding clickElement on session 63f27e48e52810c236699ecdbb38cee7 to remote] DEBUG org.asynchttpclient.netty.request.NettyRequestSender - Using open Channel [id: 0x0c1e89b1, L:/127.0.0.1:51332 - R:localhost/127.0.0.1:54309] for POST '/session/63f27e48e52810c236699ecdbb38cee7/element/6377091d-3d12-4fd2-ba70-f14f5b3afcab/click'
20:23:59.542 [AsyncHttpClient-1-5] DEBUG org.asynchttpclient.netty.handler.HttpHandler - 

Request DefaultHttpRequest(decodeResult: success, version: HTTP/1.1)
POST /session/63f27e48e52810c236699ecdbb38cee7/element/6377091d-3d12-4fd2-ba70-f14f5b3afcab/click HTTP/1.1
User-Agent: selenium/4.1.4 (java windows)
Content-Length: 50
Content-Type: application/json; charset=utf-8
host: localhost:54309
accept: */*

Response DefaultHttpResponse(decodeResult: success, version: HTTP/1.1)
HTTP/1.1 200 OK
Content-Type: application/json; charset=utf-8
cache-control: no-cache
content-length: 14

20:23:59.542 [AsyncHttpClient-1-5] DEBUG org.asynchttpclient.netty.channel.ChannelManager - Adding key: http://localhost:54309 for channel [id: 0x0c1e89b1, L:/127.0.0.1:51332 - R:localhost/127.0.0.1:54309]
20:23:59.553 [Forwarding screenshot on session 63f27e48e52810c236699ecdbb38cee7 to remote] DEBUG org.asynchttpclient.netty.request.NettyRequestSender - Using pooled Channel '[id: 0x0c1e89b1, L:/127.0.0.1:51332 - R:localhost/127.0.0.1:54309]' for 'GET' to 'http://localhost:54309/session/63f27e48e52810c236699ecdbb38cee7/screenshot'
20:23:59.562 [Forwarding screenshot on session 63f27e48e52810c236699ecdbb38cee7 to remote] DEBUG org.asynchttpclient.netty.request.NettyRequestSender - Using open Channel [id: 0x0c1e89b1, L:/127.0.0.1:51332 - R:localhost/127.0.0.1:54309] for GET '/session/63f27e48e52810c236699ecdbb38cee7/screenshot'
20:23:59.917 [AsyncHttpClient-1-5] DEBUG org.asynchttpclient.netty.handler.HttpHandler - 

Request DefaultFullHttpRequest(decodeResult: success, version: HTTP/1.1, content: EmptyByteBufBE)
GET /session/63f27e48e52810c236699ecdbb38cee7/screenshot HTTP/1.1
User-Agent: selenium/4.1.4 (java windows)
Cache-Control: no-cache
Content-Type: application/json; charset=utf-8
host: localhost:54309
accept: */*

Response DefaultHttpResponse(decodeResult: success, version: HTTP/1.1)
HTTP/1.1 200 OK
Content-Type: application/json; charset=utf-8
cache-control: no-cache
content-length: 51508

20:23:59.917 [AsyncHttpClient-1-5] DEBUG org.asynchttpclient.netty.channel.ChannelManager - Adding key: http://localhost:54309 for channel [id: 0x0c1e89b1, L:/127.0.0.1:51332 - R:localhost/127.0.0.1:54309]
20:23:59.918 [main] DEBUG net.serenitybdd.core.photography.Darkroom - Send negative for processing for target\site\serenity\7f32f1d9286d780885fa70d5ac4418bc722b45ddcb9b54063e28f92607d276da.png
20:23:59.918 [main] DEBUG net.thucydides.core.steps.StepInterceptor - STEP DONE: clickButtonErrorOK
  &amp#27;[32mAnd &amp#27;[0m&amp#27;[32mLogin validation invalid&amp#27;[0m                        &amp#27;[90m# starter.stepdefinitios.LoginSteps.loginValidationInvalid()&amp#27;[0m
20:23:59.918 [Darkroom Processing Line] DEBUG net.serenitybdd.core.photography.DarkroomProcessingLine - Processing screenshot image in /var/screenshots/screenshot-15606697011600786754
20:23:59.918 [Darkroom Processing Line] DEBUG net.serenitybdd.core.photography.DarkroomProcessingLine - Saving screenshot to target\site\serenity\7f32f1d9286d780885fa70d5ac4418bc722b45ddcb9b54063e28f92607d276da.png
20:24:00.016 [AsyncHttpClient-1-1] DEBUG org.asynchttpclient.netty.channel.DefaultChannelPool - Entry count for : http://localhost:54309 : 1
20:24:00.016 [AsyncHttpClient-1-1] DEBUG org.asynchttpclient.netty.channel.DefaultChannelPool - Entry count for : http://localhost:51333 : 1
20:24:01.114 [AsyncHttpClient-1-1] DEBUG org.asynchttpclient.netty.channel.DefaultChannelPool - Entry count for : http://localhost:54309 : 1
20:24:01.114 [AsyncHttpClient-1-1] DEBUG org.asynchttpclient.netty.channel.DefaultChannelPool - Entry count for : http://localhost:51333 : 1
20:24:02.214 [AsyncHttpClient-1-1] DEBUG org.asynchttpclient.netty.channel.DefaultChannelPool - Entry count for : http://localhost:54309 : 1
20:24:02.214 [AsyncHttpClient-1-1] DEBUG org.asynchttpclient.netty.channel.DefaultChannelPool - Entry count for : http://localhost:51333 : 1
20:24:03.314 [AsyncHttpClient-1-1] DEBUG org.asynchttpclient.netty.channel.DefaultChannelPool - Entry count for : http://localhost:54309 : 1
20:24:03.314 [AsyncHttpClient-1-1] DEBUG org.asynchttpclient.netty.channel.DefaultChannelPool - Entry count for : http://localhost:51333 : 1
20:24:04.414 [AsyncHttpClient-1-1] DEBUG org.asynchttpclient.netty.channel.DefaultChannelPool - Entry count for : http://localhost:54309 : 1
20:24:04.414 [AsyncHttpClient-1-1] DEBUG org.asynchttpclient.netty.channel.DefaultChannelPool - Entry count for : http://localhost:51333 : 1
20:24:04.980 [Forwarding screenshot on session 63f27e48e52810c236699ecdbb38cee7 to remote] DEBUG org.asynchttpclient.netty.request.NettyRequestSender - Using pooled Channel '[id: 0x0c1e89b1, L:/127.0.0.1:51332 - R:localhost/127.0.0.1:54309]' for 'GET' to 'http://localhost:54309/session/63f27e48e52810c236699ecdbb38cee7/screenshot'
20:24:04.980 [Forwarding screenshot on session 63f27e48e52810c236699ecdbb38cee7 to remote] DEBUG org.asynchttpclient.netty.request.NettyRequestSender - Using open Channel [id: 0x0c1e89b1, L:/127.0.0.1:51332 - R:localhost/127.0.0.1:54309] for GET '/session/63f27e48e52810c236699ecdbb38cee7/screenshot'
20:24:05.166 [AsyncHttpClient-1-5] DEBUG org.asynchttpclient.netty.handler.HttpHandler - 

Request DefaultFullHttpRequest(decodeResult: success, version: HTTP/1.1, content: EmptyByteBufBE)
GET /session/63f27e48e52810c236699ecdbb38cee7/screenshot HTTP/1.1
User-Agent: selenium/4.1.4 (java windows)
Cache-Control: no-cache
Content-Type: application/json; charset=utf-8
host: localhost:54309
accept: */*

Response DefaultHttpResponse(decodeResult: success, version: HTTP/1.1)
HTTP/1.1 200 OK
Content-Type: application/json; charset=utf-8
cache-control: no-cache
content-length: 78916

20:24:05.167 [AsyncHttpClient-1-5] DEBUG org.asynchttpclient.netty.channel.ChannelManager - Adding key: http://localhost:54309 for channel [id: 0x0c1e89b1, L:/127.0.0.1:51332 - R:localhost/127.0.0.1:54309]
20:24:05.170 [main] DEBUG net.serenitybdd.core.photography.Darkroom - Send negative for processing for target\site\serenity\6ddfb86c3e40e80f5cf75f5473ea4a13b4be8ddc07b6bfa170e30cd2276a987b.png
20:24:05.172 [main] DEBUG net.thucydides.core.steps.StepInterceptor - STARTING STEP: ArsipJadwalSteps.clickButtonArchive - clickButtonArsipJadwal
20:24:05.177 [Forwarding findElement on session 63f27e48e52810c236699ecdbb38cee7 to remote] DEBUG org.asynchttpclient.netty.request.NettyRequestSender - Using pooled Channel '[id: 0x0c1e89b1, L:/127.0.0.1:51332 - R:localhost/127.0.0.1:54309]' for 'POST' to 'http://localhost:54309/session/63f27e48e52810c236699ecdbb38cee7/element'
20:24:05.177 [Forwarding findElement on session 63f27e48e52810c236699ecdbb38cee7 to remote] DEBUG org.asynchttpclient.netty.request.NettyRequestSender - Using open Channel [id: 0x0c1e89b1, L:/127.0.0.1:51332 - R:localhost/127.0.0.1:54309] for POST '/session/63f27e48e52810c236699ecdbb38cee7/element'
20:24:05.201 [AsyncHttpClient-1-5] DEBUG org.asynchttpclient.netty.handler.HttpHandler - 

Request DefaultHttpRequest(decodeResult: success, version: HTTP/1.1)
POST /session/63f27e48e52810c236699ecdbb38cee7/element HTTP/1.1
User-Agent: selenium/4.1.4 (java windows)
Content-Length: 114
Content-Type: application/json; charset=utf-8
host: localhost:54309
accept: */*

Response DefaultHttpResponse(decodeResult: success, version: HTTP/1.1)
HTTP/1.1 200 OK
Content-Type: application/json; charset=utf-8
cache-control: no-cache
content-length: 88

20:24:05.201 [AsyncHttpClient-1-5] DEBUG org.asynchttpclient.netty.channel.ChannelManager - Adding key: http://localhost:54309 for channel [id: 0x0c1e89b1, L:/127.0.0.1:51332 - R:localhost/127.0.0.1:54309]
20:24:05.205 [Forwarding getElementTagName on session 63f27e48e52810c236699ecdbb38cee7 to remote] DEBUG org.asynchttpclient.netty.request.NettyRequestSender - Using pooled Channel '[id: 0x0c1e89b1, L:/127.0.0.1:51332 - R:localhost/127.0.0.1:54309]' for 'GET' to 'http://localhost:54309/session/63f27e48e52810c236699ecdbb38cee7/element/80a01005-ece9-4968-943c-4f85ed9725ac/name'
20:24:05.205 [Forwarding getElementTagName on session 63f27e48e52810c236699ecdbb38cee7 to remote] DEBUG org.asynchttpclient.netty.request.NettyRequestSender - Using open Channel [id: 0x0c1e89b1, L:/127.0.0.1:51332 - R:localhost/127.0.0.1:54309] for GET '/session/63f27e48e52810c236699ecdbb38cee7/element/80a01005-ece9-4968-943c-4f85ed9725ac/name'
20:24:05.211 [AsyncHttpClient-1-5] DEBUG org.asynchttpclient.netty.handler.HttpHandler - 

Request DefaultFullHttpRequest(decodeResult: success, version: HTTP/1.1, content: EmptyByteBufBE)
GET /session/63f27e48e52810c236699ecdbb38cee7/element/80a01005-ece9-4968-943c-4f85ed9725ac/name HTTP/1.1
User-Agent: selenium/4.1.4 (java windows)
Cache-Control: no-cache
Content-Type: application/json; charset=utf-8
host: localhost:54309
accept: */*

Response DefaultHttpResponse(decodeResult: success, version: HTTP/1.1)
HTTP/1.1 200 OK
Content-Type: application/json; charset=utf-8
cache-control: no-cache
content-length: 13

20:24:05.211 [AsyncHttpClient-1-5] DEBUG org.asynchttpclient.netty.channel.ChannelManager - Adding key: http://localhost:54309 for channel [id: 0x0c1e89b1, L:/127.0.0.1:51332 - R:localhost/127.0.0.1:54309]
20:24:05.211 [Forwarding getElementTagName on session 63f27e48e52810c236699ecdbb38cee7 to remote] DEBUG org.asynchttpclient.netty.request.NettyRequestSender - Using pooled Channel '[id: 0x0c1e89b1, L:/127.0.0.1:51332 - R:localhost/127.0.0.1:54309]' for 'GET' to 'http://localhost:54309/session/63f27e48e52810c236699ecdbb38cee7/element/80a01005-ece9-4968-943c-4f85ed9725ac/name'
20:24:05.211 [Forwarding getElementTagName on session 63f27e48e52810c236699ecdbb38cee7 to remote] DEBUG org.asynchttpclient.netty.request.NettyRequestSender - Using open Channel [id: 0x0c1e89b1, L:/127.0.0.1:51332 - R:localhost/127.0.0.1:54309] for GET '/session/63f27e48e52810c236699ecdbb38cee7/element/80a01005-ece9-4968-943c-4f85ed9725ac/name'
20:24:05.218 [AsyncHttpClient-1-5] DEBUG org.asynchttpclient.netty.handler.HttpHandler - 

Request DefaultFullHttpRequest(decodeResult: success, version: HTTP/1.1, content: EmptyByteBufBE)
GET /session/63f27e48e52810c236699ecdbb38cee7/element/80a01005-ece9-4968-943c-4f85ed9725ac/name HTTP/1.1
User-Agent: selenium/4.1.4 (java windows)
Cache-Control: no-cache
Content-Type: application/json; charset=utf-8
host: localhost:54309
accept: */*

Response DefaultHttpResponse(decodeResult: success, version: HTTP/1.1)
HTTP/1.1 200 OK
Content-Type: application/json; charset=utf-8
cache-control: no-cache
content-length: 13

20:24:05.219 [AsyncHttpClient-1-5] DEBUG org.asynchttpclient.netty.channel.ChannelManager - Adding key: http://localhost:54309 for channel [id: 0x0c1e89b1, L:/127.0.0.1:51332 - R:localhost/127.0.0.1:54309]
20:24:05.221 [Forwarding findElement on session 63f27e48e52810c236699ecdbb38cee7 to remote] DEBUG org.asynchttpclient.netty.request.NettyRequestSender - Using pooled Channel '[id: 0x0c1e89b1, L:/127.0.0.1:51332 - R:localhost/127.0.0.1:54309]' for 'POST' to 'http://localhost:54309/session/63f27e48e52810c236699ecdbb38cee7/element'
20:24:05.221 [Forwarding findElement on session 63f27e48e52810c236699ecdbb38cee7 to remote] DEBUG org.asynchttpclient.netty.request.NettyRequestSender - Using open Channel [id: 0x0c1e89b1, L:/127.0.0.1:51332 - R:localhost/127.0.0.1:54309] for POST '/session/63f27e48e52810c236699ecdbb38cee7/element'
20:24:05.230 [AsyncHttpClient-1-5] DEBUG org.asynchttpclient.netty.handler.HttpHandler - 

Request DefaultHttpRequest(decodeResult: success, version: HTTP/1.1)
POST /session/63f27e48e52810c236699ecdbb38cee7/element HTTP/1.1
User-Agent: selenium/4.1.4 (java windows)
Content-Length: 114
Content-Type: application/json; charset=utf-8
host: localhost:54309
accept: */*

Response DefaultHttpResponse(decodeResult: success, version: HTTP/1.1)
HTTP/1.1 200 OK
Content-Type: application/json; charset=utf-8
cache-control: no-cache
content-length: 88

20:24:05.231 [AsyncHttpClient-1-5] DEBUG org.asynchttpclient.netty.channel.ChannelManager - Adding key: http://localhost:54309 for channel [id: 0x0c1e89b1, L:/127.0.0.1:51332 - R:localhost/127.0.0.1:54309]
20:24:05.232 [Forwarding clickElement on session 63f27e48e52810c236699ecdbb38cee7 to remote] DEBUG org.asynchttpclient.netty.request.NettyRequestSender - Using pooled Channel '[id: 0x0c1e89b1, L:/127.0.0.1:51332 - R:localhost/127.0.0.1:54309]' for 'POST' to 'http://localhost:54309/session/63f27e48e52810c236699ecdbb38cee7/element/80a01005-ece9-4968-943c-4f85ed9725ac/click'
20:24:05.232 [Forwarding clickElement on session 63f27e48e52810c236699ecdbb38cee7 to remote] DEBUG org.asynchttpclient.netty.request.NettyRequestSender - Using open Channel [id: 0x0c1e89b1, L:/127.0.0.1:51332 - R:localhost/127.0.0.1:54309] for POST '/session/63f27e48e52810c236699ecdbb38cee7/element/80a01005-ece9-4968-943c-4f85ed9725ac/click'
20:24:05.297 [AsyncHttpClient-1-5] DEBUG org.asynchttpclient.netty.handler.HttpHandler - 

Request DefaultHttpRequest(decodeResult: success, version: HTTP/1.1)
POST /session/63f27e48e52810c236699ecdbb38cee7/element/80a01005-ece9-4968-943c-4f85ed9725ac/click HTTP/1.1
User-Agent: selenium/4.1.4 (java windows)
Content-Length: 50
Content-Type: application/json; charset=utf-8
host: localhost:54309
accept: */*

Response DefaultHttpResponse(decodeResult: success, version: HTTP/1.1)
HTTP/1.1 200 OK
Content-Type: application/json; charset=utf-8
cache-control: no-cache
content-length: 14

20:24:05.298 [AsyncHttpClient-1-5] DEBUG org.asynchttpclient.netty.channel.ChannelManager - Adding key: http://localhost:54309 for channel [id: 0x0c1e89b1, L:/127.0.0.1:51332 - R:localhost/127.0.0.1:54309]
20:24:05.309 [Forwarding screenshot on session 63f27e48e52810c236699ecdbb38cee7 to remote] DEBUG org.asynchttpclient.netty.request.NettyRequestSender - Using pooled Channel '[id: 0x0c1e89b1, L:/127.0.0.1:51332 - R:localhost/127.0.0.1:54309]' for 'GET' to 'http://localhost:54309/session/63f27e48e52810c236699ecdbb38cee7/screenshot'
20:24:05.309 [Forwarding screenshot on session 63f27e48e52810c236699ecdbb38cee7 to remote] DEBUG org.asynchttpclient.netty.request.NettyRequestSender - Using open Channel [id: 0x0c1e89b1, L:/127.0.0.1:51332 - R:localhost/127.0.0.1:54309] for GET '/session/63f27e48e52810c236699ecdbb38cee7/screenshot'
20:24:05.458 [AsyncHttpClient-1-5] DEBUG org.asynchttpclient.netty.handler.HttpHandler - 

Request DefaultFullHttpRequest(decodeResult: success, version: HTTP/1.1, content: EmptyByteBufBE)
GET /session/63f27e48e52810c236699ecdbb38cee7/screenshot HTTP/1.1
User-Agent: selenium/4.1.4 (java windows)
Cache-Control: no-cache
Content-Type: application/json; charset=utf-8
host: localhost:54309
accept: */*

Response DefaultHttpResponse(decodeResult: success, version: HTTP/1.1)
HTTP/1.1 200 OK
Content-Type: application/json; charset=utf-8
cache-control: no-cache
content-length: 78996

20:24:05.462 [AsyncHttpClient-1-5] DEBUG org.asynchttpclient.netty.channel.ChannelManager - Adding key: http://localhost:54309 for channel [id: 0x0c1e89b1, L:/127.0.0.1:51332 - R:localhost/127.0.0.1:54309]
20:24:05.514 [AsyncHttpClient-1-1] DEBUG org.asynchttpclient.netty.channel.DefaultChannelPool - Entry count for : http://localhost:54309 : 1
20:24:05.515 [main] DEBUG net.serenitybdd.core.photography.Darkroom - Send negative for processing for target\site\serenity\7cd6d84027ecdff40f74089273aee7a250da4b19d99b1388f2198fd97dee1584.png
20:24:05.516 [main] DEBUG net.thucydides.core.steps.StepInterceptor - STEP DONE: clickButtonArsipJadwal
20:24:05.515 [AsyncHttpClient-1-1] DEBUG org.asynchttpclient.netty.channel.DefaultChannelPool - Entry count for : http://localhost:51333 : 1
  &amp#27;[32mThen &amp#27;[0m&amp#27;[32mClick button archive&amp#27;[0m                           &amp#27;[90m# starter.stepdefinitios.ArsipJadwalSteps.clickButtonArchive()&amp#27;[0m
20:24:05.517 [Darkroom Processing Line] DEBUG net.serenitybdd.core.photography.DarkroomProcessingLine - Processing screenshot image in /var/screenshots/screenshot-11816283646658379385
20:24:05.517 [Darkroom Processing Line] DEBUG net.serenitybdd.core.photography.DarkroomProcessingLine - Saving screenshot to target\site\serenity\7cd6d84027ecdff40f74089273aee7a250da4b19d99b1388f2198fd97dee1584.png
20:24:06.615 [AsyncHttpClient-1-1] DEBUG org.asynchttpclient.netty.channel.DefaultChannelPool - Entry count for : http://localhost:54309 : 1
20:24:06.615 [AsyncHttpClient-1-1] DEBUG org.asynchttpclient.netty.channel.DefaultChannelPool - Entry count for : http://localhost:51333 : 1
20:24:07.719 [AsyncHttpClient-1-1] DEBUG org.asynchttpclient.netty.channel.DefaultChannelPool - Entry count for : http://localhost:54309 : 1
20:24:07.719 [AsyncHttpClient-1-1] DEBUG org.asynchttpclient.netty.channel.DefaultChannelPool - Entry count for : http://localhost:51333 : 1
20:24:08.814 [AsyncHttpClient-1-1] DEBUG org.asynchttpclient.netty.channel.DefaultChannelPool - Entry count for : http://localhost:54309 : 1
20:24:08.814 [AsyncHttpClient-1-1] DEBUG org.asynchttpclient.netty.channel.DefaultChannelPool - Entry count for : http://localhost:51333 : 1
20:24:09.914 [AsyncHttpClient-1-1] DEBUG org.asynchttpclient.netty.channel.DefaultChannelPool - Entry count for : http://localhost:54309 : 1
20:24:09.914 [AsyncHttpClient-1-1] DEBUG org.asynchttpclient.netty.channel.DefaultChannelPool - Entry count for : http://localhost:51333 : 1
20:24:10.575 [Forwarding screenshot on session 63f27e48e52810c236699ecdbb38cee7 to remote] DEBUG org.asynchttpclient.netty.request.NettyRequestSender - Using pooled Channel '[id: 0x0c1e89b1, L:/127.0.0.1:51332 - R:localhost/127.0.0.1:54309]' for 'GET' to 'http://localhost:54309/session/63f27e48e52810c236699ecdbb38cee7/screenshot'
20:24:10.575 [Forwarding screenshot on session 63f27e48e52810c236699ecdbb38cee7 to remote] DEBUG org.asynchttpclient.netty.request.NettyRequestSender - Using open Channel [id: 0x0c1e89b1, L:/127.0.0.1:51332 - R:localhost/127.0.0.1:54309] for GET '/session/63f27e48e52810c236699ecdbb38cee7/screenshot'
20:24:10.779 [AsyncHttpClient-1-5] DEBUG org.asynchttpclient.netty.handler.HttpHandler - 

Request DefaultFullHttpRequest(decodeResult: success, version: HTTP/1.1, content: EmptyByteBufBE)
GET /session/63f27e48e52810c236699ecdbb38cee7/screenshot HTTP/1.1
User-Agent: selenium/4.1.4 (java windows)
Cache-Control: no-cache
Content-Type: application/json; charset=utf-8
host: localhost:54309
accept: */*

Response DefaultHttpResponse(decodeResult: success, version: HTTP/1.1)
HTTP/1.1 200 OK
Content-Type: application/json; charset=utf-8
cache-control: no-cache
content-length: 92808

20:24:10.779 [AsyncHttpClient-1-5] DEBUG org.asynchttpclient.netty.channel.ChannelManager - Adding key: http://localhost:54309 for channel [id: 0x0c1e89b1, L:/127.0.0.1:51332 - R:localhost/127.0.0.1:54309]
20:24:10.787 [main] DEBUG net.serenitybdd.core.photography.Darkroom - Send negative for processing for target\site\serenity\130cd13297263784ff6c06b55e409045e21eae83b6e2977508cd5cb30639e10b.png
20:24:10.788 [main] DEBUG net.thucydides.core.steps.StepInterceptor - STARTING STEP: ArsipJadwalSteps.clickIconAksiOnArchive - clickIconAksiOnArsip
20:24:10.797 [Forwarding findElement on session 63f27e48e52810c236699ecdbb38cee7 to remote] DEBUG org.asynchttpclient.netty.request.NettyRequestSender - Using pooled Channel '[id: 0x0c1e89b1, L:/127.0.0.1:51332 - R:localhost/127.0.0.1:54309]' for 'POST' to 'http://localhost:54309/session/63f27e48e52810c236699ecdbb38cee7/element'
20:24:10.797 [Forwarding findElement on session 63f27e48e52810c236699ecdbb38cee7 to remote] DEBUG org.asynchttpclient.netty.request.NettyRequestSender - Using open Channel [id: 0x0c1e89b1, L:/127.0.0.1:51332 - R:localhost/127.0.0.1:54309] for POST '/session/63f27e48e52810c236699ecdbb38cee7/element'
20:24:10.827 [AsyncHttpClient-1-5] DEBUG org.asynchttpclient.netty.handler.HttpHandler - 

Request DefaultHttpRequest(decodeResult: success, version: HTTP/1.1)
POST /session/63f27e48e52810c236699ecdbb38cee7/element HTTP/1.1
User-Agent: selenium/4.1.4 (java windows)
Content-Length: 89
Content-Type: application/json; charset=utf-8
host: localhost:54309
accept: */*

Response DefaultHttpResponse(decodeResult: success, version: HTTP/1.1)
HTTP/1.1 200 OK
Content-Type: application/json; charset=utf-8
cache-control: no-cache
content-length: 88

20:24:10.828 [AsyncHttpClient-1-5] DEBUG org.asynchttpclient.netty.channel.ChannelManager - Adding key: http://localhost:54309 for channel [id: 0x0c1e89b1, L:/127.0.0.1:51332 - R:localhost/127.0.0.1:54309]
20:24:10.828 [Forwarding getElementTagName on session 63f27e48e52810c236699ecdbb38cee7 to remote] DEBUG org.asynchttpclient.netty.request.NettyRequestSender - Using pooled Channel '[id: 0x0c1e89b1, L:/127.0.0.1:51332 - R:localhost/127.0.0.1:54309]' for 'GET' to 'http://localhost:54309/session/63f27e48e52810c236699ecdbb38cee7/element/202cf44d-5b97-4684-99df-ca8c69fa21dc/name'
20:24:10.828 [Forwarding getElementTagName on session 63f27e48e52810c236699ecdbb38cee7 to remote] DEBUG org.asynchttpclient.netty.request.NettyRequestSender - Using open Channel [id: 0x0c1e89b1, L:/127.0.0.1:51332 - R:localhost/127.0.0.1:54309] for GET '/session/63f27e48e52810c236699ecdbb38cee7/element/202cf44d-5b97-4684-99df-ca8c69fa21dc/name'
20:24:10.841 [AsyncHttpClient-1-5] DEBUG org.asynchttpclient.netty.handler.HttpHandler - 

Request DefaultFullHttpRequest(decodeResult: success, version: HTTP/1.1, content: EmptyByteBufBE)
GET /session/63f27e48e52810c236699ecdbb38cee7/element/202cf44d-5b97-4684-99df-ca8c69fa21dc/name HTTP/1.1
User-Agent: selenium/4.1.4 (java windows)
Cache-Control: no-cache
Content-Type: application/json; charset=utf-8
host: localhost:54309
accept: */*

Response DefaultHttpResponse(decodeResult: success, version: HTTP/1.1)
HTTP/1.1 200 OK
Content-Type: application/json; charset=utf-8
cache-control: no-cache
content-length: 15

20:24:10.841 [AsyncHttpClient-1-5] DEBUG org.asynchttpclient.netty.channel.ChannelManager - Adding key: http://localhost:54309 for channel [id: 0x0c1e89b1, L:/127.0.0.1:51332 - R:localhost/127.0.0.1:54309]
20:24:10.843 [Forwarding getElementTagName on session 63f27e48e52810c236699ecdbb38cee7 to remote] DEBUG org.asynchttpclient.netty.request.NettyRequestSender - Using pooled Channel '[id: 0x0c1e89b1, L:/127.0.0.1:51332 - R:localhost/127.0.0.1:54309]' for 'GET' to 'http://localhost:54309/session/63f27e48e52810c236699ecdbb38cee7/element/202cf44d-5b97-4684-99df-ca8c69fa21dc/name'
20:24:10.843 [Forwarding getElementTagName on session 63f27e48e52810c236699ecdbb38cee7 to remote] DEBUG org.asynchttpclient.netty.request.NettyRequestSender - Using open Channel [id: 0x0c1e89b1, L:/127.0.0.1:51332 - R:localhost/127.0.0.1:54309] for GET '/session/63f27e48e52810c236699ecdbb38cee7/element/202cf44d-5b97-4684-99df-ca8c69fa21dc/name'
20:24:10.852 [AsyncHttpClient-1-5] DEBUG org.asynchttpclient.netty.handler.HttpHandler - 

Request DefaultFullHttpRequest(decodeResult: success, version: HTTP/1.1, content: EmptyByteBufBE)
GET /session/63f27e48e52810c236699ecdbb38cee7/element/202cf44d-5b97-4684-99df-ca8c69fa21dc/name HTTP/1.1
User-Agent: selenium/4.1.4 (java windows)
Cache-Control: no-cache
Content-Type: application/json; charset=utf-8
host: localhost:54309
accept: */*

Response DefaultHttpResponse(decodeResult: success, version: HTTP/1.1)
HTTP/1.1 200 OK
Content-Type: application/json; charset=utf-8
cache-control: no-cache
content-length: 15

20:24:10.852 [AsyncHttpClient-1-5] DEBUG org.asynchttpclient.netty.channel.ChannelManager - Adding key: http://localhost:54309 for channel [id: 0x0c1e89b1, L:/127.0.0.1:51332 - R:localhost/127.0.0.1:54309]
20:24:10.857 [Forwarding findElement on session 63f27e48e52810c236699ecdbb38cee7 to remote] DEBUG org.asynchttpclient.netty.request.NettyRequestSender - Using pooled Channel '[id: 0x0c1e89b1, L:/127.0.0.1:51332 - R:localhost/127.0.0.1:54309]' for 'POST' to 'http://localhost:54309/session/63f27e48e52810c236699ecdbb38cee7/element'
20:24:10.857 [Forwarding findElement on session 63f27e48e52810c236699ecdbb38cee7 to remote] DEBUG org.asynchttpclient.netty.request.NettyRequestSender - Using open Channel [id: 0x0c1e89b1, L:/127.0.0.1:51332 - R:localhost/127.0.0.1:54309] for POST '/session/63f27e48e52810c236699ecdbb38cee7/element'
20:24:10.873 [AsyncHttpClient-1-5] DEBUG org.asynchttpclient.netty.handler.HttpHandler - 

Request DefaultHttpRequest(decodeResult: success, version: HTTP/1.1)
POST /session/63f27e48e52810c236699ecdbb38cee7/element HTTP/1.1
User-Agent: selenium/4.1.4 (java windows)
Content-Length: 89
Content-Type: application/json; charset=utf-8
host: localhost:54309
accept: */*

Response DefaultHttpResponse(decodeResult: success, version: HTTP/1.1)
HTTP/1.1 200 OK
Content-Type: application/json; charset=utf-8
cache-control: no-cache
content-length: 88

20:24:10.873 [AsyncHttpClient-1-5] DEBUG org.asynchttpclient.netty.channel.ChannelManager - Adding key: http://localhost:54309 for channel [id: 0x0c1e89b1, L:/127.0.0.1:51332 - R:localhost/127.0.0.1:54309]
20:24:10.876 [Forwarding clickElement on session 63f27e48e52810c236699ecdbb38cee7 to remote] DEBUG org.asynchttpclient.netty.request.NettyRequestSender - Using pooled Channel '[id: 0x0c1e89b1, L:/127.0.0.1:51332 - R:localhost/127.0.0.1:54309]' for 'POST' to 'http://localhost:54309/session/63f27e48e52810c236699ecdbb38cee7/element/202cf44d-5b97-4684-99df-ca8c69fa21dc/click'
20:24:10.876 [Forwarding clickElement on session 63f27e48e52810c236699ecdbb38cee7 to remote] DEBUG org.asynchttpclient.netty.request.NettyRequestSender - Using open Channel [id: 0x0c1e89b1, L:/127.0.0.1:51332 - R:localhost/127.0.0.1:54309] for POST '/session/63f27e48e52810c236699ecdbb38cee7/element/202cf44d-5b97-4684-99df-ca8c69fa21dc/click'
20:24:11.017 [AsyncHttpClient-1-1] DEBUG org.asynchttpclient.netty.channel.DefaultChannelPool - Entry count for : http://localhost:51333 : 1
20:24:11.037 [AsyncHttpClient-1-5] DEBUG org.asynchttpclient.netty.handler.HttpHandler - 

Request DefaultHttpRequest(decodeResult: success, version: HTTP/1.1)
POST /session/63f27e48e52810c236699ecdbb38cee7/element/202cf44d-5b97-4684-99df-ca8c69fa21dc/click HTTP/1.1
User-Agent: selenium/4.1.4 (java windows)
Content-Length: 50
Content-Type: application/json; charset=utf-8
host: localhost:54309
accept: */*

Response DefaultHttpResponse(decodeResult: success, version: HTTP/1.1)
HTTP/1.1 200 OK
Content-Type: application/json; charset=utf-8
cache-control: no-cache
content-length: 14

20:24:11.037 [AsyncHttpClient-1-5] DEBUG org.asynchttpclient.netty.channel.ChannelManager - Adding key: http://localhost:54309 for channel [id: 0x0c1e89b1, L:/127.0.0.1:51332 - R:localhost/127.0.0.1:54309]
20:24:11.059 [Forwarding screenshot on session 63f27e48e52810c236699ecdbb38cee7 to remote] DEBUG org.asynchttpclient.netty.request.NettyRequestSender - Using pooled Channel '[id: 0x0c1e89b1, L:/127.0.0.1:51332 - R:localhost/127.0.0.1:54309]' for 'GET' to 'http://localhost:54309/session/63f27e48e52810c236699ecdbb38cee7/screenshot'
20:24:11.059 [Forwarding screenshot on session 63f27e48e52810c236699ecdbb38cee7 to remote] DEBUG org.asynchttpclient.netty.request.NettyRequestSender - Using open Channel [id: 0x0c1e89b1, L:/127.0.0.1:51332 - R:localhost/127.0.0.1:54309] for GET '/session/63f27e48e52810c236699ecdbb38cee7/screenshot'
20:24:11.501 [AsyncHttpClient-1-5] DEBUG org.asynchttpclient.netty.handler.HttpHandler - 

Request DefaultFullHttpRequest(decodeResult: success, version: HTTP/1.1, content: EmptyByteBufBE)
GET /session/63f27e48e52810c236699ecdbb38cee7/screenshot HTTP/1.1
User-Agent: selenium/4.1.4 (java windows)
Cache-Control: no-cache
Content-Type: application/json; charset=utf-8
host: localhost:54309
accept: */*

Response DefaultHttpResponse(decodeResult: success, version: HTTP/1.1)
HTTP/1.1 200 OK
Content-Type: application/json; charset=utf-8
cache-control: no-cache
content-length: 36108

20:24:11.502 [AsyncHttpClient-1-5] DEBUG org.asynchttpclient.netty.channel.ChannelManager - Adding key: http://localhost:54309 for channel [id: 0x0c1e89b1, L:/127.0.0.1:51332 - R:localhost/127.0.0.1:54309]
20:24:11.505 [main] DEBUG net.serenitybdd.core.photography.Darkroom - Send negative for processing for target\site\serenity\8c77deb43b68b1109df2c700cf51525f6c4cbf5c941090a98c3d18a72418d9e5.png
20:24:11.505 [main] DEBUG net.thucydides.core.steps.StepInterceptor - STEP DONE: clickIconAksiOnArsip
  &amp#27;[32mAnd &amp#27;[0m&amp#27;[32mClick icon aksi on archive&amp#27;[0m                      &amp#27;[90m# starter.stepdefinitios.ArsipJadwalSteps.clickIconAksiOnArchive()&amp#27;[0m
20:24:11.505 [Darkroom Processing Line] DEBUG net.serenitybdd.core.photography.DarkroomProcessingLine - Processing screenshot image in /var/screenshots/screenshot-15568942759984576351
20:24:11.505 [Darkroom Processing Line] DEBUG net.serenitybdd.core.photography.DarkroomProcessingLine - Saving screenshot to target\site\serenity\8c77deb43b68b1109df2c700cf51525f6c4cbf5c941090a98c3d18a72418d9e5.png
20:24:12.117 [AsyncHttpClient-1-1] DEBUG org.asynchttpclient.netty.channel.DefaultChannelPool - Entry count for : http://localhost:54309 : 1
20:24:12.117 [AsyncHttpClient-1-1] DEBUG org.asynchttpclient.netty.channel.DefaultChannelPool - Entry count for : http://localhost:51333 : 1
20:24:13.221 [AsyncHttpClient-1-1] DEBUG org.asynchttpclient.netty.channel.DefaultChannelPool - Entry count for : http://localhost:54309 : 1
20:24:13.221 [AsyncHttpClient-1-1] DEBUG org.asynchttpclient.netty.channel.DefaultChannelPool - Entry count for : http://localhost:51333 : 1
20:24:14.318 [AsyncHttpClient-1-1] DEBUG org.asynchttpclient.netty.channel.DefaultChannelPool - Entry count for : http://localhost:54309 : 1
20:24:14.318 [AsyncHttpClient-1-1] DEBUG org.asynchttpclient.netty.channel.DefaultChannelPool - Entry count for : http://localhost:51333 : 1
20:24:15.420 [AsyncHttpClient-1-1] DEBUG org.asynchttpclient.netty.channel.DefaultChannelPool - Entry count for : http://localhost:54309 : 1
20:24:15.420 [AsyncHttpClient-1-1] DEBUG org.asynchttpclient.netty.channel.DefaultChannelPool - Entry count for : http://localhost:51333 : 1
20:24:16.514 [AsyncHttpClient-1-1] DEBUG org.asynchttpclient.netty.channel.DefaultChannelPool - Entry count for : http://localhost:54309 : 1
20:24:16.514 [AsyncHttpClient-1-1] DEBUG org.asynchttpclient.netty.channel.DefaultChannelPool - Entry count for : http://localhost:51333 : 1
20:24:16.546 [Forwarding screenshot on session 63f27e48e52810c236699ecdbb38cee7 to remote] DEBUG org.asynchttpclient.netty.request.NettyRequestSender - Using pooled Channel '[id: 0x0c1e89b1, L:/127.0.0.1:51332 - R:localhost/127.0.0.1:54309]' for 'GET' to 'http://localhost:54309/session/63f27e48e52810c236699ecdbb38cee7/screenshot'
20:24:16.546 [Forwarding screenshot on session 63f27e48e52810c236699ecdbb38cee7 to remote] DEBUG org.asynchttpclient.netty.request.NettyRequestSender - Using open Channel [id: 0x0c1e89b1, L:/127.0.0.1:51332 - R:localhost/127.0.0.1:54309] for GET '/session/63f27e48e52810c236699ecdbb38cee7/screenshot'
20:24:16.730 [AsyncHttpClient-1-5] DEBUG org.asynchttpclient.netty.handler.HttpHandler - 

Request DefaultFullHttpRequest(decodeResult: success, version: HTTP/1.1, content: EmptyByteBufBE)
GET /session/63f27e48e52810c236699ecdbb38cee7/screenshot HTTP/1.1
User-Agent: selenium/4.1.4 (java windows)
Cache-Control: no-cache
Content-Type: application/json; charset=utf-8
host: localhost:54309
accept: */*

Response DefaultHttpResponse(decodeResult: success, version: HTTP/1.1)
HTTP/1.1 200 OK
Content-Type: application/json; charset=utf-8
cache-control: no-cache
content-length: 45088

20:24:16.730 [AsyncHttpClient-1-5] DEBUG org.asynchttpclient.netty.channel.ChannelManager - Adding key: http://localhost:54309 for channel [id: 0x0c1e89b1, L:/127.0.0.1:51332 - R:localhost/127.0.0.1:54309]
20:24:16.737 [main] DEBUG net.serenitybdd.core.photography.Darkroom - Send negative for processing for target\site\serenity\a8aed199b7deeee4077f76b351cb9fa65fcd5f61281c70e09472bb5886dd7a83.png
20:24:16.737 [Darkroom Processing Line] DEBUG net.serenitybdd.core.photography.DarkroomProcessingLine - Processing screenshot image in /var/screenshots/screenshot-11336572938378634290
20:24:16.737 [Darkroom Processing Line] DEBUG net.serenitybdd.core.photography.DarkroomProcessingLine - Saving screenshot to target\site\serenity\a8aed199b7deeee4077f76b351cb9fa65fcd5f61281c70e09472bb5886dd7a83.png
20:24:16.737 [main] DEBUG net.thucydides.core.steps.StepInterceptor - STARTING STEP: ArsipJadwalSteps.validateReview - validateOnReviewPage
20:24:16.742 [Forwarding findElement on session 63f27e48e52810c236699ecdbb38cee7 to remote] DEBUG org.asynchttpclient.netty.request.NettyRequestSender - Using pooled Channel '[id: 0x0c1e89b1, L:/127.0.0.1:51332 - R:localhost/127.0.0.1:54309]' for 'POST' to 'http://localhost:54309/session/63f27e48e52810c236699ecdbb38cee7/element'
20:24:16.742 [Forwarding findElement on session 63f27e48e52810c236699ecdbb38cee7 to remote] DEBUG org.asynchttpclient.netty.request.NettyRequestSender - Using open Channel [id: 0x0c1e89b1, L:/127.0.0.1:51332 - R:localhost/127.0.0.1:54309] for POST '/session/63f27e48e52810c236699ecdbb38cee7/element'
20:24:16.773 [AsyncHttpClient-1-5] DEBUG org.asynchttpclient.netty.handler.HttpHandler - 

Request DefaultHttpRequest(decodeResult: success, version: HTTP/1.1)
POST /session/63f27e48e52810c236699ecdbb38cee7/element HTTP/1.1
User-Agent: selenium/4.1.4 (java windows)
Content-Length: 82
Content-Type: application/json; charset=utf-8
host: localhost:54309
accept: */*

Response DefaultHttpResponse(decodeResult: success, version: HTTP/1.1)
HTTP/1.1 200 OK
Content-Type: application/json; charset=utf-8
cache-control: no-cache
content-length: 88

20:24:16.773 [AsyncHttpClient-1-5] DEBUG org.asynchttpclient.netty.channel.ChannelManager - Adding key: http://localhost:54309 for channel [id: 0x0c1e89b1, L:/127.0.0.1:51332 - R:localhost/127.0.0.1:54309]
20:24:16.774 [Forwarding isElementEnabled on session 63f27e48e52810c236699ecdbb38cee7 to remote] DEBUG org.asynchttpclient.netty.request.NettyRequestSender - Using pooled Channel '[id: 0x0c1e89b1, L:/127.0.0.1:51332 - R:localhost/127.0.0.1:54309]' for 'GET' to 'http://localhost:54309/session/63f27e48e52810c236699ecdbb38cee7/element/452d53c5-8f9b-47d0-99ba-94da244f2295/enabled'
20:24:16.774 [Forwarding isElementEnabled on session 63f27e48e52810c236699ecdbb38cee7 to remote] DEBUG org.asynchttpclient.netty.request.NettyRequestSender - Using open Channel [id: 0x0c1e89b1, L:/127.0.0.1:51332 - R:localhost/127.0.0.1:54309] for GET '/session/63f27e48e52810c236699ecdbb38cee7/element/452d53c5-8f9b-47d0-99ba-94da244f2295/enabled'
20:24:16.795 [AsyncHttpClient-1-5] DEBUG org.asynchttpclient.netty.handler.HttpHandler - 

Request DefaultFullHttpRequest(decodeResult: success, version: HTTP/1.1, content: EmptyByteBufBE)
GET /session/63f27e48e52810c236699ecdbb38cee7/element/452d53c5-8f9b-47d0-99ba-94da244f2295/enabled HTTP/1.1
User-Agent: selenium/4.1.4 (java windows)
Cache-Control: no-cache
Content-Type: application/json; charset=utf-8
host: localhost:54309
accept: */*

Response DefaultHttpResponse(decodeResult: success, version: HTTP/1.1)
HTTP/1.1 200 OK
Content-Type: application/json; charset=utf-8
cache-control: no-cache
content-length: 14

20:24:16.795 [AsyncHttpClient-1-5] DEBUG org.asynchttpclient.netty.channel.ChannelManager - Adding key: http://localhost:54309 for channel [id: 0x0c1e89b1, L:/127.0.0.1:51332 - R:localhost/127.0.0.1:54309]
20:24:16.797 [Forwarding screenshot on session 63f27e48e52810c236699ecdbb38cee7 to remote] DEBUG org.asynchttpclient.netty.request.NettyRequestSender - Using pooled Channel '[id: 0x0c1e89b1, L:/127.0.0.1:51332 - R:localhost/127.0.0.1:54309]' for 'GET' to 'http://localhost:54309/session/63f27e48e52810c236699ecdbb38cee7/screenshot'
20:24:16.797 [Forwarding screenshot on session 63f27e48e52810c236699ecdbb38cee7 to remote] DEBUG org.asynchttpclient.netty.request.NettyRequestSender - Using open Channel [id: 0x0c1e89b1, L:/127.0.0.1:51332 - R:localhost/127.0.0.1:54309] for GET '/session/63f27e48e52810c236699ecdbb38cee7/screenshot'
20:24:16.903 [AsyncHttpClient-1-5] DEBUG org.asynchttpclient.netty.handler.HttpHandler - 

Request DefaultFullHttpRequest(decodeResult: success, version: HTTP/1.1, content: EmptyByteBufBE)
GET /session/63f27e48e52810c236699ecdbb38cee7/screenshot HTTP/1.1
User-Agent: selenium/4.1.4 (java windows)
Cache-Control: no-cache
Content-Type: application/json; charset=utf-8
host: localhost:54309
accept: */*

Response DefaultHttpResponse(decodeResult: success, version: HTTP/1.1)
HTTP/1.1 200 OK
Content-Type: application/json; charset=utf-8
cache-control: no-cache
content-length: 45088

20:24:16.903 [AsyncHttpClient-1-5] DEBUG org.asynchttpclient.netty.channel.ChannelManager - Adding key: http://localhost:54309 for channel [id: 0x0c1e89b1, L:/127.0.0.1:51332 - R:localhost/127.0.0.1:54309]
20:24:16.906 [main] DEBUG net.serenitybdd.core.photography.Darkroom - Send negative for processing for target\site\serenity\a8aed199b7deeee4077f76b351cb9fa65fcd5f61281c70e09472bb5886dd7a83.png
20:24:16.907 [main] DEBUG net.thucydides.core.steps.StepInterceptor - STEP DONE: validateOnReviewPage
  &amp#27;[32mAnd &amp#27;[0m&amp#27;[32mValidate review&amp#27;[0m                                 &amp#27;[90m# starter.stepdefinitios.ArsipJadwalSteps.validateReview()&amp#27;[0m
20:24:16.920 [AsyncHttpClient-1-7] DEBUG org.asynchttpclient.netty.handler.WebSocketHandler - Channel Closed: [id: 0xc9b14b1d, L:/127.0.0.1:51340 ! R:localhost/127.0.0.1:51333] with attribute NettyResponseFuture{currentRetry=5,
	isDone=1,
	isCancelled=0,
	asyncHandler=org.asynchttpclient.ws.WebSocketUpgradeHandler@2d0ffd62,
	nettyRequest=org.asynchttpclient.netty.request.NettyRequest@680d76a7,
	future=java.util.concurrent.CompletableFuture@73513ab2[Completed normally],
	uri=ws://localhost:51333/devtools/browser/ab11a1cc-d2bc-4f9c-82c9-4bbcbcb7d292,
	keepAlive=true,
	redirectCount=0,
	timeoutsHolder=null,
	inAuth=0,
	touch=1658064224431}
20:24:16.920 [AsyncHttpClient-1-7] DEBUG org.asynchttpclient.netty.channel.ChannelManager - Closing Channel [id: 0xc9b14b1d, L:/127.0.0.1:51340 ! R:localhost/127.0.0.1:51333] 
20:24:16.921 [Driver Command Executor] DEBUG org.asynchttpclient.netty.request.NettyRequestSender - Using pooled Channel '[id: 0x0c1e89b1, L:/127.0.0.1:51332 - R:localhost/127.0.0.1:54309]' for 'DELETE' to 'http://localhost:54309/session/63f27e48e52810c236699ecdbb38cee7'
20:24:16.921 [Driver Command Executor] DEBUG org.asynchttpclient.netty.request.NettyRequestSender - Using open Channel [id: 0x0c1e89b1, L:/127.0.0.1:51332 - R:localhost/127.0.0.1:54309] for DELETE '/session/63f27e48e52810c236699ecdbb38cee7'
20:24:16.984 [AsyncHttpClient-1-6] DEBUG org.asynchttpclient.netty.handler.HttpHandler - Unexpected I/O exception on channel [id: 0x26023f3b, L:/127.0.0.1:51339 - R:localhost/127.0.0.1:51333]
java.io.IOException: An existing connection was forcibly closed by the remote host
	at java.base/sun.nio.ch.SocketDispatcher.read0(Native Method)
	at java.base/sun.nio.ch.SocketDispatcher.read(SocketDispatcher.java:43)
	at java.base/sun.nio.ch.IOUtil.readIntoNativeBuffer(IOUtil.java:276)
	at java.base/sun.nio.ch.IOUtil.read(IOUtil.java:233)
	at java.base/sun.nio.ch.IOUtil.read(IOUtil.java:223)
	at java.base/sun.nio.ch.SocketChannelImpl.read(SocketChannelImpl.java:356)
	at io.netty.buffer.PooledByteBuf.setBytes(PooledByteBuf.java:258)
	at io.netty.buffer.AbstractByteBuf.writeBytes(AbstractByteBuf.java:1132)
	at io.netty.channel.socket.nio.NioSocketChannel.doReadBytes(NioSocketChannel.java:357)
	at io.netty.channel.nio.AbstractNioByteChannel$NioByteUnsafe.read(AbstractNioByteChannel.java:151)
	at io.netty.channel.nio.NioEventLoop.processSelectedKey(NioEventLoop.java:722)
	at io.netty.channel.nio.NioEventLoop.processSelectedKeysOptimized(NioEventLoop.java:658)
	at io.netty.channel.nio.NioEventLoop.processSelectedKeys(NioEventLoop.java:584)
	at io.netty.channel.nio.NioEventLoop.run(NioEventLoop.java:496)
	at io.netty.util.concurrent.SingleThreadEventExecutor$4.run(SingleThreadEventExecutor.java:986)
	at io.netty.util.internal.ThreadExecutorMap$2.run(ThreadExecutorMap.java:74)
	at io.netty.util.concurrent.FastThreadLocalRunnable.run(FastThreadLocalRunnable.java:30)
	at java.base/java.lang.Thread.run(Thread.java:829)
20:24:16.984 [AsyncHttpClient-1-6] DEBUG org.asynchttpclient.netty.channel.ChannelManager - Closing Channel [id: 0x26023f3b, L:/127.0.0.1:51339 - R:localhost/127.0.0.1:51333] 
20:24:16.984 [AsyncHttpClient-1-6] DEBUG org.asynchttpclient.netty.handler.HttpHandler - Channel Closed: [id: 0x26023f3b, L:/127.0.0.1:51339 ! R:localhost/127.0.0.1:51333] with attribute DISCARD
20:24:17.011 [AsyncHttpClient-1-5] DEBUG org.asynchttpclient.netty.handler.HttpHandler - 

Request DefaultFullHttpRequest(decodeResult: success, version: HTTP/1.1, content: EmptyByteBufBE)
DELETE /session/63f27e48e52810c236699ecdbb38cee7 HTTP/1.1
User-Agent: selenium/4.1.4 (java windows)
Content-Type: application/json; charset=utf-8
host: localhost:54309
accept: */*

Response DefaultHttpResponse(decodeResult: success, version: HTTP/1.1)
HTTP/1.1 200 OK
Content-Type: application/json; charset=utf-8
cache-control: no-cache
content-length: 14

20:24:17.011 [AsyncHttpClient-1-5] DEBUG org.asynchttpclient.netty.channel.ChannelManager - Adding key: http://localhost:54309 for channel [id: 0x0c1e89b1, L:/127.0.0.1:51332 - R:localhost/127.0.0.1:54309]
20:24:17.078 [AsyncHttpClient-1-5] DEBUG org.asynchttpclient.netty.handler.HttpHandler - Channel Closed: [id: 0x0c1e89b1, L:/127.0.0.1:51332 ! R:localhost/127.0.0.1:54309] with attribute DISCARD
20:24:17.102 [main] INFO  - 
  _____   ___   ___   _____     ___     _     ___   ___   ___   ___  
 |_   _| | __| / __| |_   _|   | _ \   /_\   / __| / __| | __| |   \ 
   | |   | _|  \__ \   | |     |  _/  / _ \  \__ \ \__ \ | _|  | |) |
   |_|   |___| |___/   |_|     |_|   /_/ \_\ |___/ |___/ |___| |___/ 

As a admin i want to Review archive
----------------------------------------------------------------------
]]></system-out>
    <system-err><![CDATA[Starting ChromeDriver 103.0.5060.53 (a1711811edd74ff1cf2150f36ffa3b0dae40b17f-refs/branch-heads/5060@{#853}) on port 54309
Only local connections are allowed.
Please see https://chromedriver.chromium.org/security-considerations for suggestions on keeping ChromeDriver safe.
ChromeDriver was started successfully.
Jul 17, 2022 8:23:44 PM org.openqa.selenium.remote.ProtocolHandshake createSession
INFO: Detected dialect: W3C
Jul 17, 2022 8:23:44 PM org.openqa.selenium.devtools.CdpVersionFinder findNearestMatch
WARNING: Unable to find an exact match for CDP version 103, so returning the closest version found: 101
Jul 17, 2022 8:23:44 PM org.openqa.selenium.devtools.CdpVersionFinder findNearestMatch
INFO: Found CDP implementation for version 103 of 101
]]></system-err>
  </testcase>
  <testcase name="As a admin i want to search archive #1" classname="Arsip jadwal - admin" time="31.8">
    <system-out><![CDATA[
@ArsipJadwal111 @SearchArsipJadwal
Scenario Outline: As a admin i want to search archive &amp#27;[90m# src/test/resources/features/6ArsipJadwal.feature:46&amp#27;[0m
20:24:17.126 [main] INFO io.cucumber.core.plugin.SerenityReporter - Running feature from file:///C:/Alterra/CapstoneBaru/QE/TestingWebUpdate/src/test/resources/features/6ArsipJadwal.feature
20:24:17.134 [main] INFO  - 
  _____   ___   ___   _____     ___   _____     _     ___   _____   ___   ___  
 |_   _| | __| / __| |_   _|   / __| |_   _|   /_\   | _ \ |_   _| | __| |   \ 
   | |   | _|  \__ \   | |     \__ \   | |    / _ \  |   /   | |   | _|  | |) |
   |_|   |___| |___/   |_|     |___/   |_|   /_/ \_\ |_|_\   |_|   |___| |___/ 

As a admin i want to search archive(arsip-jadwal---admin;as-a-admin-i-want-to-search-archive)
--------------------------------------------------------------------------------
20:24:17.174 [main] DEBUG net.thucydides.core.steps.StepInterceptor - STARTING STEP: LoginSteps.openLoginPage - openLogin
20:24:17.174 [main] INFO net.serenitybdd.core.webdriver.driverproviders.ChromeDriverProvider - Using automatically driver download
20:24:17.399 [main] DEBUG io.github.bonigarcia.wdm.cache.ResolutionCache - Resolution chrome=103 in cache (valid until 21:23:08 17/07/2022 ICT)
20:24:17.399 [main] DEBUG io.github.bonigarcia.wdm.cache.ResolutionCache - Resolution chrome103=103.0.5060.53 in cache (valid until 17:54:33 18/07/2022 ICT)
20:24:17.414 [main] INFO io.github.bonigarcia.wdm.WebDriverManager - Using chromedriver 103.0.5060.53 (resolved driver for Chrome 103)
20:24:17.431 [main] DEBUG io.github.bonigarcia.wdm.WebDriverManager - Driver chromedriver 103.0.5060.53 found in cache
20:24:17.432 [main] INFO io.github.bonigarcia.wdm.WebDriverManager - Exporting webdriver.chrome.driver as C:\Users\Bagas Dwi Saputra\.cache\selenium\chromedriver\win32\103.0.5060.53\chromedriver.exe
20:24:17.580 [main] DEBUG net.serenitybdd.core.webdriver.driverproviders.ProvideNewDriver - Instantiating driver
20:24:17.580 [main] DEBUG net.serenitybdd.core.webdriver.driverproviders.ProvideNewDriver - Driver capabilities: Capabilities {acceptInsecureCerts: false, base.url: https://fanciful-trifle-360..., browserName: chrome, chorme.driver: src/test/resources/webdrive..., driver: chrome, goog:chromeOptions: {args: [], extensions: []}}
20:24:17.628 [AsyncHttpClient-1-1] DEBUG org.asynchttpclient.netty.channel.DefaultChannelPool - Entry count for : http://localhost:54309 : 1
20:24:17.628 [AsyncHttpClient-1-1] DEBUG org.asynchttpclient.netty.channel.DefaultChannelPool - Entry count for : http://localhost:51333 : 1
20:24:17.628 [AsyncHttpClient-1-1] DEBUG org.asynchttpclient.netty.channel.DefaultChannelPool - Adding Candidate expired Channel [id: 0x0c1e89b1, L:/127.0.0.1:51332 ! R:localhost/127.0.0.1:54309] isIdleTimeoutExpired=false isRemotelyClosed=true isTtlExpired=false
20:24:17.628 [AsyncHttpClient-1-1] DEBUG org.asynchttpclient.netty.channel.DefaultChannelPool - Closing Idle Channel [id: 0x0c1e89b1, L:/127.0.0.1:51332 ! R:localhost/127.0.0.1:54309]
20:24:17.628 [AsyncHttpClient-1-1] DEBUG org.asynchttpclient.netty.channel.DefaultChannelPool - Adding Candidate expired Channel [id: 0x26023f3b, L:/127.0.0.1:51339 ! R:localhost/127.0.0.1:51333] isIdleTimeoutExpired=false isRemotelyClosed=true isTtlExpired=false
20:24:17.628 [AsyncHttpClient-1-1] DEBUG org.asynchttpclient.netty.channel.DefaultChannelPool - Closing Idle Channel [id: 0x26023f3b, L:/127.0.0.1:51339 ! R:localhost/127.0.0.1:51333]
20:24:17.628 [AsyncHttpClient-1-1] DEBUG org.asynchttpclient.netty.channel.DefaultChannelPool - Closed 2 connections out of 2 in 0 ms
20:24:17.749 [AsyncHttpClient-1-8] DEBUG org.asynchttpclient.netty.channel.NettyConnectListener - Using new Channel '[id: 0xdb05171a, L:/127.0.0.1:51362 - R:localhost/127.0.0.1:63869]' for 'POST' to '/session'
20:24:19.228 [AsyncHttpClient-1-8] DEBUG org.asynchttpclient.netty.handler.HttpHandler - 

Request DefaultHttpRequest(decodeResult: success, version: HTTP/1.1)
POST /session HTTP/1.1
User-Agent: selenium/4.1.4 (java windows)
Content-Length: 629
Content-Type: application/json; charset=utf-8
host: localhost:63869
accept: */*

Response DefaultHttpResponse(decodeResult: success, version: HTTP/1.1)
HTTP/1.1 200 OK
Content-Type: application/json; charset=utf-8
cache-control: no-cache
content-length: 794

20:24:19.228 [AsyncHttpClient-1-8] DEBUG org.asynchttpclient.netty.channel.ChannelManager - Adding key: http://localhost:63869 for channel [id: 0xdb05171a, L:/127.0.0.1:51362 - R:localhost/127.0.0.1:63869]
20:24:19.246 [AsyncHttpClient-1-9] DEBUG org.asynchttpclient.netty.channel.NettyConnectListener - Using new Channel '[id: 0x5bd99039, L:/127.0.0.1:51369 - R:localhost/127.0.0.1:51363]' for 'GET' to '/json/version'
20:24:19.249 [AsyncHttpClient-1-9] DEBUG org.asynchttpclient.netty.handler.HttpHandler - 

Request DefaultFullHttpRequest(decodeResult: success, version: HTTP/1.1, content: EmptyByteBufBE)
GET /json/version HTTP/1.1
User-Agent: selenium/4.1.4 (java windows)
host: localhost:51363
accept: */*

Response DefaultHttpResponse(decodeResult: success, version: HTTP/1.1)
HTTP/1.1 200 OK
Content-Type: application/json; charset=UTF-8
content-length: 429

20:24:19.249 [AsyncHttpClient-1-9] DEBUG org.asynchttpclient.netty.channel.ChannelManager - Adding key: http://localhost:51363 for channel [id: 0x5bd99039, L:/127.0.0.1:51369 - R:localhost/127.0.0.1:51363]
20:24:19.254 [AsyncHttpClient-1-2] DEBUG org.asynchttpclient.netty.channel.NettyConnectListener - Using new Channel '[id: 0x071d519e, L:/127.0.0.1:51370 - R:localhost/127.0.0.1:51363]' for 'GET' to '/devtools/browser/3b3caca9-774b-4059-8db8-a909687ae404'
20:24:19.256 [AsyncHttpClient-1-2] DEBUG org.asynchttpclient.netty.handler.WebSocketHandler - 

Request DefaultFullHttpRequest(decodeResult: success, version: HTTP/1.1, content: EmptyByteBufBE)
GET /devtools/browser/3b3caca9-774b-4059-8db8-a909687ae404 HTTP/1.1
upgrade: websocket
connection: upgrade
sec-websocket-key: QXseoseyKlxwR+ZVKOHEzw==
sec-websocket-version: 13
origin: http://localhost:51363
host: localhost:51363
accept: */*
user-agent: AHC/2.1

Response DefaultHttpResponse(decodeResult: success, version: HTTP/1.1)
HTTP/1.1 101 WebSocket Protocol Handshake
Upgrade: WebSocket
Connection: Upgrade
Sec-WebSocket-Accept: pFkGGTMEiLfwOsJz4AxRK2j/wD8=

20:24:19.265 [Forwarding get on session f8377de48468d8c495727ef42fcb4126 to remote] DEBUG org.asynchttpclient.netty.request.NettyRequestSender - Using pooled Channel '[id: 0xdb05171a, L:/127.0.0.1:51362 - R:localhost/127.0.0.1:63869]' for 'POST' to 'http://localhost:63869/session/f8377de48468d8c495727ef42fcb4126/url'
20:24:19.265 [Forwarding get on session f8377de48468d8c495727ef42fcb4126 to remote] DEBUG org.asynchttpclient.netty.request.NettyRequestSender - Using open Channel [id: 0xdb05171a, L:/127.0.0.1:51362 - R:localhost/127.0.0.1:63869] for POST '/session/f8377de48468d8c495727ef42fcb4126/url'
20:24:19.822 [AsyncHttpClient-1-1] DEBUG org.asynchttpclient.netty.channel.DefaultChannelPool - Entry count for : http://localhost:51363 : 1
20:24:19.892 [AsyncHttpClient-1-8] DEBUG org.asynchttpclient.netty.handler.HttpHandler - 

Request DefaultHttpRequest(decodeResult: success, version: HTTP/1.1)
POST /session/f8377de48468d8c495727ef42fcb4126/url HTTP/1.1
User-Agent: selenium/4.1.4 (java windows)
Content-Length: 78
Content-Type: application/json; charset=utf-8
host: localhost:63869
accept: */*

Response DefaultHttpResponse(decodeResult: success, version: HTTP/1.1)
HTTP/1.1 200 OK
Content-Type: application/json; charset=utf-8
cache-control: no-cache
content-length: 14

20:24:19.893 [AsyncHttpClient-1-8] DEBUG org.asynchttpclient.netty.channel.ChannelManager - Adding key: http://localhost:63869 for channel [id: 0xdb05171a, L:/127.0.0.1:51362 - R:localhost/127.0.0.1:63869]
20:24:19.894 [Forwarding setTimeout on session f8377de48468d8c495727ef42fcb4126 to remote] DEBUG org.asynchttpclient.netty.request.NettyRequestSender - Using pooled Channel '[id: 0xdb05171a, L:/127.0.0.1:51362 - R:localhost/127.0.0.1:63869]' for 'POST' to 'http://localhost:63869/session/f8377de48468d8c495727ef42fcb4126/timeouts'
20:24:19.895 [Forwarding setTimeout on session f8377de48468d8c495727ef42fcb4126 to remote] DEBUG org.asynchttpclient.netty.request.NettyRequestSender - Using open Channel [id: 0xdb05171a, L:/127.0.0.1:51362 - R:localhost/127.0.0.1:63869] for POST '/session/f8377de48468d8c495727ef42fcb4126/timeouts'
20:24:19.897 [AsyncHttpClient-1-8] DEBUG org.asynchttpclient.netty.handler.HttpHandler - 

Request DefaultHttpRequest(decodeResult: success, version: HTTP/1.1)
POST /session/f8377de48468d8c495727ef42fcb4126/timeouts HTTP/1.1
User-Agent: selenium/4.1.4 (java windows)
Content-Length: 22
Content-Type: application/json; charset=utf-8
host: localhost:63869
accept: */*

Response DefaultHttpResponse(decodeResult: success, version: HTTP/1.1)
HTTP/1.1 200 OK
Content-Type: application/json; charset=utf-8
cache-control: no-cache
content-length: 14

20:24:19.897 [AsyncHttpClient-1-8] DEBUG org.asynchttpclient.netty.channel.ChannelManager - Adding key: http://localhost:63869 for channel [id: 0xdb05171a, L:/127.0.0.1:51362 - R:localhost/127.0.0.1:63869]
20:24:19.900 [Forwarding getCurrentUrl on session f8377de48468d8c495727ef42fcb4126 to remote] DEBUG org.asynchttpclient.netty.request.NettyRequestSender - Using pooled Channel '[id: 0xdb05171a, L:/127.0.0.1:51362 - R:localhost/127.0.0.1:63869]' for 'GET' to 'http://localhost:63869/session/f8377de48468d8c495727ef42fcb4126/url'
20:24:19.900 [Forwarding getCurrentUrl on session f8377de48468d8c495727ef42fcb4126 to remote] DEBUG org.asynchttpclient.netty.request.NettyRequestSender - Using open Channel [id: 0xdb05171a, L:/127.0.0.1:51362 - R:localhost/127.0.0.1:63869] for GET '/session/f8377de48468d8c495727ef42fcb4126/url'
20:24:19.909 [AsyncHttpClient-1-8] DEBUG org.asynchttpclient.netty.handler.HttpHandler - 

Request DefaultFullHttpRequest(decodeResult: success, version: HTTP/1.1, content: EmptyByteBufBE)
GET /session/f8377de48468d8c495727ef42fcb4126/url HTTP/1.1
User-Agent: selenium/4.1.4 (java windows)
Cache-Control: no-cache
Content-Type: application/json; charset=utf-8
host: localhost:63869
accept: */*

Response DefaultHttpResponse(decodeResult: success, version: HTTP/1.1)
HTTP/1.1 200 OK
Content-Type: application/json; charset=utf-8
cache-control: no-cache
content-length: 60

20:24:19.909 [AsyncHttpClient-1-8] DEBUG org.asynchttpclient.netty.channel.ChannelManager - Adding key: http://localhost:63869 for channel [id: 0xdb05171a, L:/127.0.0.1:51362 - R:localhost/127.0.0.1:63869]
20:24:19.915 [Forwarding screenshot on session f8377de48468d8c495727ef42fcb4126 to remote] DEBUG org.asynchttpclient.netty.request.NettyRequestSender - Using pooled Channel '[id: 0xdb05171a, L:/127.0.0.1:51362 - R:localhost/127.0.0.1:63869]' for 'GET' to 'http://localhost:63869/session/f8377de48468d8c495727ef42fcb4126/screenshot'
20:24:19.915 [Forwarding screenshot on session f8377de48468d8c495727ef42fcb4126 to remote] DEBUG org.asynchttpclient.netty.request.NettyRequestSender - Using open Channel [id: 0xdb05171a, L:/127.0.0.1:51362 - R:localhost/127.0.0.1:63869] for GET '/session/f8377de48468d8c495727ef42fcb4126/screenshot'
20:24:20.314 [AsyncHttpClient-1-8] DEBUG org.asynchttpclient.netty.handler.HttpHandler - 

Request DefaultFullHttpRequest(decodeResult: success, version: HTTP/1.1, content: EmptyByteBufBE)
GET /session/f8377de48468d8c495727ef42fcb4126/screenshot HTTP/1.1
User-Agent: selenium/4.1.4 (java windows)
Cache-Control: no-cache
Content-Type: application/json; charset=utf-8
host: localhost:63869
accept: */*

Response DefaultHttpResponse(decodeResult: success, version: HTTP/1.1)
HTTP/1.1 200 OK
Content-Type: application/json; charset=utf-8
cache-control: no-cache
content-length: 380436

20:24:20.315 [AsyncHttpClient-1-8] DEBUG org.asynchttpclient.netty.channel.ChannelManager - Adding key: http://localhost:63869 for channel [id: 0xdb05171a, L:/127.0.0.1:51362 - R:localhost/127.0.0.1:63869]
20:24:20.328 [main] DEBUG net.serenitybdd.core.photography.Darkroom - Send negative for processing for target\site\serenity\d122c364c40ece9db0ad32cd97c3fcf63e95ba606118dda8d3e5a1d2b8235ce2.png
20:24:20.328 [main] DEBUG net.thucydides.core.steps.StepInterceptor - STEP DONE: openLogin
  &amp#27;[32mGiven &amp#27;[0m&amp#27;[32mOpen login page&amp#27;[0m                               &amp#27;[90m# starter.stepdefinitios.LoginSteps.openLoginPage()&amp#27;[0m
20:24:20.862 [Forwarding findElement on session f8377de48468d8c495727ef42fcb4126 to remote] DEBUG org.asynchttpclient.netty.request.NettyRequestSender - Using pooled Channel '[id: 0xdb05171a, L:/127.0.0.1:51362 - R:localhost/127.0.0.1:63869]' for 'POST' to 'http://localhost:63869/session/f8377de48468d8c495727ef42fcb4126/element'
20:24:20.862 [Forwarding findElement on session f8377de48468d8c495727ef42fcb4126 to remote] DEBUG org.asynchttpclient.netty.request.NettyRequestSender - Using open Channel [id: 0xdb05171a, L:/127.0.0.1:51362 - R:localhost/127.0.0.1:63869] for POST '/session/f8377de48468d8c495727ef42fcb4126/element'
20:24:20.893 [AsyncHttpClient-1-8] DEBUG org.asynchttpclient.netty.handler.HttpHandler - 

Request DefaultHttpRequest(decodeResult: success, version: HTTP/1.1)
POST /session/f8377de48468d8c495727ef42fcb4126/element HTTP/1.1
User-Agent: selenium/4.1.4 (java windows)
Content-Length: 70
Content-Type: application/json; charset=utf-8
host: localhost:63869
accept: */*

Response DefaultHttpResponse(decodeResult: success, version: HTTP/1.1)
HTTP/1.1 200 OK
Content-Type: application/json; charset=utf-8
cache-control: no-cache
content-length: 88

20:24:20.893 [AsyncHttpClient-1-8] DEBUG org.asynchttpclient.netty.channel.ChannelManager - Adding key: http://localhost:63869 for channel [id: 0xdb05171a, L:/127.0.0.1:51362 - R:localhost/127.0.0.1:63869]
20:24:20.894 [Forwarding sendKeysToElement on session f8377de48468d8c495727ef42fcb4126 to remote] DEBUG org.asynchttpclient.netty.request.NettyRequestSender - Using pooled Channel '[id: 0xdb05171a, L:/127.0.0.1:51362 - R:localhost/127.0.0.1:63869]' for 'POST' to 'http://localhost:63869/session/f8377de48468d8c495727ef42fcb4126/element/edf75365-8a4c-4f4e-807f-c2a0d4b02a4d/value'
20:24:20.894 [Forwarding sendKeysToElement on session f8377de48468d8c495727ef42fcb4126 to remote] DEBUG org.asynchttpclient.netty.request.NettyRequestSender - Using open Channel [id: 0xdb05171a, L:/127.0.0.1:51362 - R:localhost/127.0.0.1:63869] for POST '/session/f8377de48468d8c495727ef42fcb4126/element/edf75365-8a4c-4f4e-807f-c2a0d4b02a4d/value'
20:24:20.915 [AsyncHttpClient-1-1] DEBUG org.asynchttpclient.netty.channel.DefaultChannelPool - Entry count for : http://localhost:51363 : 1
20:24:21.054 [AsyncHttpClient-1-8] DEBUG org.asynchttpclient.netty.handler.HttpHandler - 

Request DefaultHttpRequest(decodeResult: success, version: HTTP/1.1)
POST /session/f8377de48468d8c495727ef42fcb4126/element/edf75365-8a4c-4f4e-807f-c2a0d4b02a4d/value HTTP/1.1
User-Agent: selenium/4.1.4 (java windows)
Content-Length: 131
Content-Type: application/json; charset=utf-8
host: localhost:63869
accept: */*

Response DefaultHttpResponse(decodeResult: success, version: HTTP/1.1)
HTTP/1.1 200 OK
Content-Type: application/json; charset=utf-8
cache-control: no-cache
content-length: 14

20:24:21.054 [AsyncHttpClient-1-8] DEBUG org.asynchttpclient.netty.channel.ChannelManager - Adding key: http://localhost:63869 for channel [id: 0xdb05171a, L:/127.0.0.1:51362 - R:localhost/127.0.0.1:63869]
  &amp#27;[32mAnd &amp#27;[0m&amp#27;[32mI input &amp#27;[0m&amp#27;[32m&amp#27;[1m"admin"&amp#27;[0m&amp#27;[32m login email valid&amp#27;[0m               &amp#27;[90m# starter.stepdefinitios.LoginSteps.iInputLoginEmailValid(java.lang.String)&amp#27;[0m
20:24:21.065 [Forwarding screenshot on session f8377de48468d8c495727ef42fcb4126 to remote] DEBUG org.asynchttpclient.netty.request.NettyRequestSender - Using pooled Channel '[id: 0xdb05171a, L:/127.0.0.1:51362 - R:localhost/127.0.0.1:63869]' for 'GET' to 'http://localhost:63869/session/f8377de48468d8c495727ef42fcb4126/screenshot'
20:24:21.065 [Forwarding screenshot on session f8377de48468d8c495727ef42fcb4126 to remote] DEBUG org.asynchttpclient.netty.request.NettyRequestSender - Using open Channel [id: 0xdb05171a, L:/127.0.0.1:51362 - R:localhost/127.0.0.1:63869] for GET '/session/f8377de48468d8c495727ef42fcb4126/screenshot'
20:24:21.311 [AsyncHttpClient-1-8] DEBUG org.asynchttpclient.netty.handler.HttpHandler - 

Request DefaultFullHttpRequest(decodeResult: success, version: HTTP/1.1, content: EmptyByteBufBE)
GET /session/f8377de48468d8c495727ef42fcb4126/screenshot HTTP/1.1
User-Agent: selenium/4.1.4 (java windows)
Cache-Control: no-cache
Content-Type: application/json; charset=utf-8
host: localhost:63869
accept: */*

Response DefaultHttpResponse(decodeResult: success, version: HTTP/1.1)
HTTP/1.1 200 OK
Content-Type: application/json; charset=utf-8
cache-control: no-cache
content-length: 379420

20:24:21.311 [AsyncHttpClient-1-8] DEBUG org.asynchttpclient.netty.channel.ChannelManager - Adding key: http://localhost:63869 for channel [id: 0xdb05171a, L:/127.0.0.1:51362 - R:localhost/127.0.0.1:63869]
20:24:21.334 [main] DEBUG net.serenitybdd.core.photography.Darkroom - Send negative for processing for target\site\serenity\93df20195d3751dea78ac30a105f84d37c410e0341f58ded6fb231b5b47402e6.png
20:24:21.857 [Forwarding screenshot on session f8377de48468d8c495727ef42fcb4126 to remote] DEBUG org.asynchttpclient.netty.request.NettyRequestSender - Using pooled Channel '[id: 0xdb05171a, L:/127.0.0.1:51362 - R:localhost/127.0.0.1:63869]' for 'GET' to 'http://localhost:63869/session/f8377de48468d8c495727ef42fcb4126/screenshot'
20:24:21.857 [Forwarding screenshot on session f8377de48468d8c495727ef42fcb4126 to remote] DEBUG org.asynchttpclient.netty.request.NettyRequestSender - Using open Channel [id: 0xdb05171a, L:/127.0.0.1:51362 - R:localhost/127.0.0.1:63869] for GET '/session/f8377de48468d8c495727ef42fcb4126/screenshot'
20:24:22.015 [AsyncHttpClient-1-1] DEBUG org.asynchttpclient.netty.channel.DefaultChannelPool - Entry count for : http://localhost:51363 : 1
20:24:22.049 [AsyncHttpClient-1-8] DEBUG org.asynchttpclient.netty.handler.HttpHandler - 

Request DefaultFullHttpRequest(decodeResult: success, version: HTTP/1.1, content: EmptyByteBufBE)
GET /session/f8377de48468d8c495727ef42fcb4126/screenshot HTTP/1.1
User-Agent: selenium/4.1.4 (java windows)
Cache-Control: no-cache
Content-Type: application/json; charset=utf-8
host: localhost:63869
accept: */*

Response DefaultHttpResponse(decodeResult: success, version: HTTP/1.1)
HTTP/1.1 200 OK
Content-Type: application/json; charset=utf-8
cache-control: no-cache
content-length: 379404

20:24:22.060 [AsyncHttpClient-1-8] DEBUG org.asynchttpclient.netty.channel.ChannelManager - Adding key: http://localhost:63869 for channel [id: 0xdb05171a, L:/127.0.0.1:51362 - R:localhost/127.0.0.1:63869]
20:24:22.066 [main] DEBUG net.serenitybdd.core.photography.Darkroom - Send negative for processing for target\site\serenity\f684e1524ced0278b0b6c6b37709a7cbfb8281aeb576b04a4743fda17448b798.png
20:24:22.068 [main] DEBUG net.thucydides.core.steps.StepInterceptor - STARTING STEP: LoginSteps.iInputLoginPasswordValid - inputPasswordLogin
20:24:22.069 [Forwarding findElement on session f8377de48468d8c495727ef42fcb4126 to remote] DEBUG org.asynchttpclient.netty.request.NettyRequestSender - Using pooled Channel '[id: 0xdb05171a, L:/127.0.0.1:51362 - R:localhost/127.0.0.1:63869]' for 'POST' to 'http://localhost:63869/session/f8377de48468d8c495727ef42fcb4126/element'
20:24:22.069 [Forwarding findElement on session f8377de48468d8c495727ef42fcb4126 to remote] DEBUG org.asynchttpclient.netty.request.NettyRequestSender - Using open Channel [id: 0xdb05171a, L:/127.0.0.1:51362 - R:localhost/127.0.0.1:63869] for POST '/session/f8377de48468d8c495727ef42fcb4126/element'
20:24:22.079 [AsyncHttpClient-1-8] DEBUG org.asynchttpclient.netty.handler.HttpHandler - 

Request DefaultHttpRequest(decodeResult: success, version: HTTP/1.1)
POST /session/f8377de48468d8c495727ef42fcb4126/element HTTP/1.1
User-Agent: selenium/4.1.4 (java windows)
Content-Length: 70
Content-Type: application/json; charset=utf-8
host: localhost:63869
accept: */*

Response DefaultHttpResponse(decodeResult: success, version: HTTP/1.1)
HTTP/1.1 200 OK
Content-Type: application/json; charset=utf-8
cache-control: no-cache
content-length: 88

20:24:22.079 [AsyncHttpClient-1-8] DEBUG org.asynchttpclient.netty.channel.ChannelManager - Adding key: http://localhost:63869 for channel [id: 0xdb05171a, L:/127.0.0.1:51362 - R:localhost/127.0.0.1:63869]
20:24:22.081 [Forwarding sendKeysToElement on session f8377de48468d8c495727ef42fcb4126 to remote] DEBUG org.asynchttpclient.netty.request.NettyRequestSender - Using pooled Channel '[id: 0xdb05171a, L:/127.0.0.1:51362 - R:localhost/127.0.0.1:63869]' for 'POST' to 'http://localhost:63869/session/f8377de48468d8c495727ef42fcb4126/element/a75e6d49-7ca0-4080-9b52-6c148707f30c/value'
20:24:22.081 [Forwarding sendKeysToElement on session f8377de48468d8c495727ef42fcb4126 to remote] DEBUG org.asynchttpclient.netty.request.NettyRequestSender - Using open Channel [id: 0xdb05171a, L:/127.0.0.1:51362 - R:localhost/127.0.0.1:63869] for POST '/session/f8377de48468d8c495727ef42fcb4126/element/a75e6d49-7ca0-4080-9b52-6c148707f30c/value'
20:24:22.147 [AsyncHttpClient-1-8] DEBUG org.asynchttpclient.netty.handler.HttpHandler - 

Request DefaultHttpRequest(decodeResult: success, version: HTTP/1.1)
POST /session/f8377de48468d8c495727ef42fcb4126/element/a75e6d49-7ca0-4080-9b52-6c148707f30c/value HTTP/1.1
User-Agent: selenium/4.1.4 (java windows)
Content-Length: 161
Content-Type: application/json; charset=utf-8
host: localhost:63869
accept: */*

Response DefaultHttpResponse(decodeResult: success, version: HTTP/1.1)
HTTP/1.1 200 OK
Content-Type: application/json; charset=utf-8
cache-control: no-cache
content-length: 14

20:24:22.147 [AsyncHttpClient-1-8] DEBUG org.asynchttpclient.netty.channel.ChannelManager - Adding key: http://localhost:63869 for channel [id: 0xdb05171a, L:/127.0.0.1:51362 - R:localhost/127.0.0.1:63869]
20:24:22.150 [Forwarding screenshot on session f8377de48468d8c495727ef42fcb4126 to remote] DEBUG org.asynchttpclient.netty.request.NettyRequestSender - Using pooled Channel '[id: 0xdb05171a, L:/127.0.0.1:51362 - R:localhost/127.0.0.1:63869]' for 'GET' to 'http://localhost:63869/session/f8377de48468d8c495727ef42fcb4126/screenshot'
20:24:22.150 [Forwarding screenshot on session f8377de48468d8c495727ef42fcb4126 to remote] DEBUG org.asynchttpclient.netty.request.NettyRequestSender - Using open Channel [id: 0xdb05171a, L:/127.0.0.1:51362 - R:localhost/127.0.0.1:63869] for GET '/session/f8377de48468d8c495727ef42fcb4126/screenshot'
20:24:22.374 [AsyncHttpClient-1-8] DEBUG org.asynchttpclient.netty.handler.HttpHandler - 

Request DefaultFullHttpRequest(decodeResult: success, version: HTTP/1.1, content: EmptyByteBufBE)
GET /session/f8377de48468d8c495727ef42fcb4126/screenshot HTTP/1.1
User-Agent: selenium/4.1.4 (java windows)
Cache-Control: no-cache
Content-Type: application/json; charset=utf-8
host: localhost:63869
accept: */*

Response DefaultHttpResponse(decodeResult: success, version: HTTP/1.1)
HTTP/1.1 200 OK
Content-Type: application/json; charset=utf-8
cache-control: no-cache
content-length: 377580

20:24:22.375 [AsyncHttpClient-1-8] DEBUG org.asynchttpclient.netty.channel.ChannelManager - Adding key: http://localhost:63869 for channel [id: 0xdb05171a, L:/127.0.0.1:51362 - R:localhost/127.0.0.1:63869]
20:24:22.383 [main] DEBUG net.serenitybdd.core.photography.Darkroom - Send negative for processing for target\site\serenity\44fa0aa493cf3a3837a7fab79c30bded8f584eda85d2cfd055a7ef5b4e3f0a4a.png
20:24:22.383 [main] DEBUG net.thucydides.core.steps.StepInterceptor - STEP DONE: inputPasswordLogin
  &amp#27;[32mAnd &amp#27;[0m&amp#27;[32mI input &amp#27;[0m&amp#27;[32m&amp#27;[1m"admin123"&amp#27;[0m&amp#27;[32m login password valid&amp#27;[0m         &amp#27;[90m# starter.stepdefinitios.LoginSteps.iInputLoginPasswordValid(java.lang.String)&amp#27;[0m
20:24:22.401 [main] DEBUG net.thucydides.core.steps.StepInterceptor - STARTING STEP: LoginSteps.iClickButtonLogin - clickButtonLogin
20:24:22.401 [Forwarding findElement on session f8377de48468d8c495727ef42fcb4126 to remote] DEBUG org.asynchttpclient.netty.request.NettyRequestSender - Using pooled Channel '[id: 0xdb05171a, L:/127.0.0.1:51362 - R:localhost/127.0.0.1:63869]' for 'POST' to 'http://localhost:63869/session/f8377de48468d8c495727ef42fcb4126/element'
20:24:22.401 [Forwarding findElement on session f8377de48468d8c495727ef42fcb4126 to remote] DEBUG org.asynchttpclient.netty.request.NettyRequestSender - Using open Channel [id: 0xdb05171a, L:/127.0.0.1:51362 - R:localhost/127.0.0.1:63869] for POST '/session/f8377de48468d8c495727ef42fcb4126/element'
20:24:22.416 [AsyncHttpClient-1-8] DEBUG org.asynchttpclient.netty.handler.HttpHandler - 

Request DefaultHttpRequest(decodeResult: success, version: HTTP/1.1)
POST /session/f8377de48468d8c495727ef42fcb4126/element HTTP/1.1
User-Agent: selenium/4.1.4 (java windows)
Content-Length: 68
Content-Type: application/json; charset=utf-8
host: localhost:63869
accept: */*

Response DefaultHttpResponse(decodeResult: success, version: HTTP/1.1)
HTTP/1.1 200 OK
Content-Type: application/json; charset=utf-8
cache-control: no-cache
content-length: 88

20:24:22.416 [AsyncHttpClient-1-8] DEBUG org.asynchttpclient.netty.channel.ChannelManager - Adding key: http://localhost:63869 for channel [id: 0xdb05171a, L:/127.0.0.1:51362 - R:localhost/127.0.0.1:63869]
20:24:22.418 [Forwarding getElementTagName on session f8377de48468d8c495727ef42fcb4126 to remote] DEBUG org.asynchttpclient.netty.request.NettyRequestSender - Using pooled Channel '[id: 0xdb05171a, L:/127.0.0.1:51362 - R:localhost/127.0.0.1:63869]' for 'GET' to 'http://localhost:63869/session/f8377de48468d8c495727ef42fcb4126/element/58b7c0ad-f75a-4e82-ae1f-51813eac4df1/name'
20:24:22.418 [Forwarding getElementTagName on session f8377de48468d8c495727ef42fcb4126 to remote] DEBUG org.asynchttpclient.netty.request.NettyRequestSender - Using open Channel [id: 0xdb05171a, L:/127.0.0.1:51362 - R:localhost/127.0.0.1:63869] for GET '/session/f8377de48468d8c495727ef42fcb4126/element/58b7c0ad-f75a-4e82-ae1f-51813eac4df1/name'
20:24:22.421 [AsyncHttpClient-1-8] DEBUG org.asynchttpclient.netty.handler.HttpHandler - 

Request DefaultFullHttpRequest(decodeResult: success, version: HTTP/1.1, content: EmptyByteBufBE)
GET /session/f8377de48468d8c495727ef42fcb4126/element/58b7c0ad-f75a-4e82-ae1f-51813eac4df1/name HTTP/1.1
User-Agent: selenium/4.1.4 (java windows)
Cache-Control: no-cache
Content-Type: application/json; charset=utf-8
host: localhost:63869
accept: */*

Response DefaultHttpResponse(decodeResult: success, version: HTTP/1.1)
HTTP/1.1 200 OK
Content-Type: application/json; charset=utf-8
cache-control: no-cache
content-length: 18

20:24:22.422 [AsyncHttpClient-1-8] DEBUG org.asynchttpclient.netty.channel.ChannelManager - Adding key: http://localhost:63869 for channel [id: 0xdb05171a, L:/127.0.0.1:51362 - R:localhost/127.0.0.1:63869]
20:24:22.423 [Forwarding getElementTagName on session f8377de48468d8c495727ef42fcb4126 to remote] DEBUG org.asynchttpclient.netty.request.NettyRequestSender - Using pooled Channel '[id: 0xdb05171a, L:/127.0.0.1:51362 - R:localhost/127.0.0.1:63869]' for 'GET' to 'http://localhost:63869/session/f8377de48468d8c495727ef42fcb4126/element/58b7c0ad-f75a-4e82-ae1f-51813eac4df1/name'
20:24:22.423 [Forwarding getElementTagName on session f8377de48468d8c495727ef42fcb4126 to remote] DEBUG org.asynchttpclient.netty.request.NettyRequestSender - Using open Channel [id: 0xdb05171a, L:/127.0.0.1:51362 - R:localhost/127.0.0.1:63869] for GET '/session/f8377de48468d8c495727ef42fcb4126/element/58b7c0ad-f75a-4e82-ae1f-51813eac4df1/name'
20:24:22.427 [AsyncHttpClient-1-8] DEBUG org.asynchttpclient.netty.handler.HttpHandler - 

Request DefaultFullHttpRequest(decodeResult: success, version: HTTP/1.1, content: EmptyByteBufBE)
GET /session/f8377de48468d8c495727ef42fcb4126/element/58b7c0ad-f75a-4e82-ae1f-51813eac4df1/name HTTP/1.1
User-Agent: selenium/4.1.4 (java windows)
Cache-Control: no-cache
Content-Type: application/json; charset=utf-8
host: localhost:63869
accept: */*

Response DefaultHttpResponse(decodeResult: success, version: HTTP/1.1)
HTTP/1.1 200 OK
Content-Type: application/json; charset=utf-8
cache-control: no-cache
content-length: 18

20:24:22.427 [AsyncHttpClient-1-8] DEBUG org.asynchttpclient.netty.channel.ChannelManager - Adding key: http://localhost:63869 for channel [id: 0xdb05171a, L:/127.0.0.1:51362 - R:localhost/127.0.0.1:63869]
20:24:22.430 [Forwarding isElementEnabled on session f8377de48468d8c495727ef42fcb4126 to remote] DEBUG org.asynchttpclient.netty.request.NettyRequestSender - Using pooled Channel '[id: 0xdb05171a, L:/127.0.0.1:51362 - R:localhost/127.0.0.1:63869]' for 'GET' to 'http://localhost:63869/session/f8377de48468d8c495727ef42fcb4126/element/58b7c0ad-f75a-4e82-ae1f-51813eac4df1/enabled'
20:24:22.430 [Forwarding isElementEnabled on session f8377de48468d8c495727ef42fcb4126 to remote] DEBUG org.asynchttpclient.netty.request.NettyRequestSender - Using open Channel [id: 0xdb05171a, L:/127.0.0.1:51362 - R:localhost/127.0.0.1:63869] for GET '/session/f8377de48468d8c495727ef42fcb4126/element/58b7c0ad-f75a-4e82-ae1f-51813eac4df1/enabled'
20:24:22.438 [AsyncHttpClient-1-8] DEBUG org.asynchttpclient.netty.handler.HttpHandler - 

Request DefaultFullHttpRequest(decodeResult: success, version: HTTP/1.1, content: EmptyByteBufBE)
GET /session/f8377de48468d8c495727ef42fcb4126/element/58b7c0ad-f75a-4e82-ae1f-51813eac4df1/enabled HTTP/1.1
User-Agent: selenium/4.1.4 (java windows)
Cache-Control: no-cache
Content-Type: application/json; charset=utf-8
host: localhost:63869
accept: */*

Response DefaultHttpResponse(decodeResult: success, version: HTTP/1.1)
HTTP/1.1 200 OK
Content-Type: application/json; charset=utf-8
cache-control: no-cache
content-length: 14

20:24:22.438 [AsyncHttpClient-1-8] DEBUG org.asynchttpclient.netty.channel.ChannelManager - Adding key: http://localhost:63869 for channel [id: 0xdb05171a, L:/127.0.0.1:51362 - R:localhost/127.0.0.1:63869]
20:24:22.440 [Forwarding isElementEnabled on session f8377de48468d8c495727ef42fcb4126 to remote] DEBUG org.asynchttpclient.netty.request.NettyRequestSender - Using pooled Channel '[id: 0xdb05171a, L:/127.0.0.1:51362 - R:localhost/127.0.0.1:63869]' for 'GET' to 'http://localhost:63869/session/f8377de48468d8c495727ef42fcb4126/element/58b7c0ad-f75a-4e82-ae1f-51813eac4df1/enabled'
20:24:22.440 [Forwarding isElementEnabled on session f8377de48468d8c495727ef42fcb4126 to remote] DEBUG org.asynchttpclient.netty.request.NettyRequestSender - Using open Channel [id: 0xdb05171a, L:/127.0.0.1:51362 - R:localhost/127.0.0.1:63869] for GET '/session/f8377de48468d8c495727ef42fcb4126/element/58b7c0ad-f75a-4e82-ae1f-51813eac4df1/enabled'
20:24:22.447 [AsyncHttpClient-1-8] DEBUG org.asynchttpclient.netty.handler.HttpHandler - 

Request DefaultFullHttpRequest(decodeResult: success, version: HTTP/1.1, content: EmptyByteBufBE)
GET /session/f8377de48468d8c495727ef42fcb4126/element/58b7c0ad-f75a-4e82-ae1f-51813eac4df1/enabled HTTP/1.1
User-Agent: selenium/4.1.4 (java windows)
Cache-Control: no-cache
Content-Type: application/json; charset=utf-8
host: localhost:63869
accept: */*

Response DefaultHttpResponse(decodeResult: success, version: HTTP/1.1)
HTTP/1.1 200 OK
Content-Type: application/json; charset=utf-8
cache-control: no-cache
content-length: 14

20:24:22.447 [AsyncHttpClient-1-8] DEBUG org.asynchttpclient.netty.channel.ChannelManager - Adding key: http://localhost:63869 for channel [id: 0xdb05171a, L:/127.0.0.1:51362 - R:localhost/127.0.0.1:63869]
20:24:22.449 [Forwarding findElement on session f8377de48468d8c495727ef42fcb4126 to remote] DEBUG org.asynchttpclient.netty.request.NettyRequestSender - Using pooled Channel '[id: 0xdb05171a, L:/127.0.0.1:51362 - R:localhost/127.0.0.1:63869]' for 'POST' to 'http://localhost:63869/session/f8377de48468d8c495727ef42fcb4126/element'
20:24:22.449 [Forwarding findElement on session f8377de48468d8c495727ef42fcb4126 to remote] DEBUG org.asynchttpclient.netty.request.NettyRequestSender - Using open Channel [id: 0xdb05171a, L:/127.0.0.1:51362 - R:localhost/127.0.0.1:63869] for POST '/session/f8377de48468d8c495727ef42fcb4126/element'
20:24:22.456 [AsyncHttpClient-1-8] DEBUG org.asynchttpclient.netty.handler.HttpHandler - 

Request DefaultHttpRequest(decodeResult: success, version: HTTP/1.1)
POST /session/f8377de48468d8c495727ef42fcb4126/element HTTP/1.1
User-Agent: selenium/4.1.4 (java windows)
Content-Length: 68
Content-Type: application/json; charset=utf-8
host: localhost:63869
accept: */*

Response DefaultHttpResponse(decodeResult: success, version: HTTP/1.1)
HTTP/1.1 200 OK
Content-Type: application/json; charset=utf-8
cache-control: no-cache
content-length: 88

20:24:22.456 [AsyncHttpClient-1-8] DEBUG org.asynchttpclient.netty.channel.ChannelManager - Adding key: http://localhost:63869 for channel [id: 0xdb05171a, L:/127.0.0.1:51362 - R:localhost/127.0.0.1:63869]
20:24:22.457 [Forwarding clickElement on session f8377de48468d8c495727ef42fcb4126 to remote] DEBUG org.asynchttpclient.netty.request.NettyRequestSender - Using pooled Channel '[id: 0xdb05171a, L:/127.0.0.1:51362 - R:localhost/127.0.0.1:63869]' for 'POST' to 'http://localhost:63869/session/f8377de48468d8c495727ef42fcb4126/element/58b7c0ad-f75a-4e82-ae1f-51813eac4df1/click'
20:24:22.457 [Forwarding clickElement on session f8377de48468d8c495727ef42fcb4126 to remote] DEBUG org.asynchttpclient.netty.request.NettyRequestSender - Using open Channel [id: 0xdb05171a, L:/127.0.0.1:51362 - R:localhost/127.0.0.1:63869] for POST '/session/f8377de48468d8c495727ef42fcb4126/element/58b7c0ad-f75a-4e82-ae1f-51813eac4df1/click'
20:24:22.515 [AsyncHttpClient-1-8] DEBUG org.asynchttpclient.netty.handler.HttpHandler - 

Request DefaultHttpRequest(decodeResult: success, version: HTTP/1.1)
POST /session/f8377de48468d8c495727ef42fcb4126/element/58b7c0ad-f75a-4e82-ae1f-51813eac4df1/click HTTP/1.1
User-Agent: selenium/4.1.4 (java windows)
Content-Length: 50
Content-Type: application/json; charset=utf-8
host: localhost:63869
accept: */*

Response DefaultHttpResponse(decodeResult: success, version: HTTP/1.1)
HTTP/1.1 200 OK
Content-Type: application/json; charset=utf-8
cache-control: no-cache
content-length: 14

20:24:22.515 [AsyncHttpClient-1-8] DEBUG org.asynchttpclient.netty.channel.ChannelManager - Adding key: http://localhost:63869 for channel [id: 0xdb05171a, L:/127.0.0.1:51362 - R:localhost/127.0.0.1:63869]
20:24:22.523 [Forwarding screenshot on session f8377de48468d8c495727ef42fcb4126 to remote] DEBUG org.asynchttpclient.netty.request.NettyRequestSender - Using pooled Channel '[id: 0xdb05171a, L:/127.0.0.1:51362 - R:localhost/127.0.0.1:63869]' for 'GET' to 'http://localhost:63869/session/f8377de48468d8c495727ef42fcb4126/screenshot'
20:24:22.524 [Forwarding screenshot on session f8377de48468d8c495727ef42fcb4126 to remote] DEBUG org.asynchttpclient.netty.request.NettyRequestSender - Using open Channel [id: 0xdb05171a, L:/127.0.0.1:51362 - R:localhost/127.0.0.1:63869] for GET '/session/f8377de48468d8c495727ef42fcb4126/screenshot'
20:24:22.734 [AsyncHttpClient-1-8] DEBUG org.asynchttpclient.netty.handler.HttpHandler - 

Request DefaultFullHttpRequest(decodeResult: success, version: HTTP/1.1, content: EmptyByteBufBE)
GET /session/f8377de48468d8c495727ef42fcb4126/screenshot HTTP/1.1
User-Agent: selenium/4.1.4 (java windows)
Cache-Control: no-cache
Content-Type: application/json; charset=utf-8
host: localhost:63869
accept: */*

Response DefaultHttpResponse(decodeResult: success, version: HTTP/1.1)
HTTP/1.1 200 OK
Content-Type: application/json; charset=utf-8
cache-control: no-cache
content-length: 372940

20:24:22.735 [AsyncHttpClient-1-8] DEBUG org.asynchttpclient.netty.channel.ChannelManager - Adding key: http://localhost:63869 for channel [id: 0xdb05171a, L:/127.0.0.1:51362 - R:localhost/127.0.0.1:63869]
20:24:22.746 [main] DEBUG net.serenitybdd.core.photography.Darkroom - Send negative for processing for target\site\serenity\108abd26529cfa36f6354ef3cd2f6762be71b58478b5864035071ff25397d37d.png
20:24:22.746 [main] DEBUG net.thucydides.core.steps.StepInterceptor - STEP DONE: clickButtonLogin
20:24:22.747 [Darkroom Processing Line] DEBUG net.serenitybdd.core.photography.DarkroomProcessingLine - Processing screenshot image in /var/screenshots/screenshot-12872364307671355740
20:24:22.747 [Darkroom Processing Line] DEBUG net.serenitybdd.core.photography.DarkroomProcessingLine - Saving screenshot to target\site\serenity\108abd26529cfa36f6354ef3cd2f6762be71b58478b5864035071ff25397d37d.png
20:24:23.113 [AsyncHttpClient-1-1] DEBUG org.asynchttpclient.netty.channel.DefaultChannelPool - Entry count for : http://localhost:63869 : 1
20:24:23.113 [AsyncHttpClient-1-1] DEBUG org.asynchttpclient.netty.channel.DefaultChannelPool - Entry count for : http://localhost:51363 : 1
  &amp#27;[32mWhen &amp#27;[0m&amp#27;[32mI click button login&amp#27;[0m                           &amp#27;[90m# starter.stepdefinitios.LoginSteps.iClickButtonLogin()&amp#27;[0m
20:24:23.749 [Forwarding screenshot on session f8377de48468d8c495727ef42fcb4126 to remote] DEBUG org.asynchttpclient.netty.request.NettyRequestSender - Using pooled Channel '[id: 0xdb05171a, L:/127.0.0.1:51362 - R:localhost/127.0.0.1:63869]' for 'GET' to 'http://localhost:63869/session/f8377de48468d8c495727ef42fcb4126/screenshot'
20:24:23.749 [Forwarding screenshot on session f8377de48468d8c495727ef42fcb4126 to remote] DEBUG org.asynchttpclient.netty.request.NettyRequestSender - Using open Channel [id: 0xdb05171a, L:/127.0.0.1:51362 - R:localhost/127.0.0.1:63869] for GET '/session/f8377de48468d8c495727ef42fcb4126/screenshot'
20:24:23.965 [AsyncHttpClient-1-8] DEBUG org.asynchttpclient.netty.handler.HttpHandler - 

Request DefaultFullHttpRequest(decodeResult: success, version: HTTP/1.1, content: EmptyByteBufBE)
GET /session/f8377de48468d8c495727ef42fcb4126/screenshot HTTP/1.1
User-Agent: selenium/4.1.4 (java windows)
Cache-Control: no-cache
Content-Type: application/json; charset=utf-8
host: localhost:63869
accept: */*

Response DefaultHttpResponse(decodeResult: success, version: HTTP/1.1)
HTTP/1.1 200 OK
Content-Type: application/json; charset=utf-8
cache-control: no-cache
content-length: 313520

20:24:23.968 [AsyncHttpClient-1-8] DEBUG org.asynchttpclient.netty.channel.ChannelManager - Adding key: http://localhost:63869 for channel [id: 0xdb05171a, L:/127.0.0.1:51362 - R:localhost/127.0.0.1:63869]
20:24:23.975 [main] DEBUG net.serenitybdd.core.photography.Darkroom - Send negative for processing for target\site\serenity\5a375bd939608817d4f071f726738798f43d7106000656ae9ae3cb5e24490491.png
20:24:23.975 [Darkroom Processing Line] DEBUG net.serenitybdd.core.photography.DarkroomProcessingLine - Processing screenshot image in /var/screenshots/screenshot-3964840200082256218
20:24:23.975 [Darkroom Processing Line] DEBUG net.serenitybdd.core.photography.DarkroomProcessingLine - Saving screenshot to target\site\serenity\5a375bd939608817d4f071f726738798f43d7106000656ae9ae3cb5e24490491.png
20:24:24.214 [AsyncHttpClient-1-1] DEBUG org.asynchttpclient.netty.channel.DefaultChannelPool - Entry count for : http://localhost:63869 : 1
20:24:24.214 [AsyncHttpClient-1-1] DEBUG org.asynchttpclient.netty.channel.DefaultChannelPool - Entry count for : http://localhost:51363 : 1
20:24:25.316 [AsyncHttpClient-1-1] DEBUG org.asynchttpclient.netty.channel.DefaultChannelPool - Entry count for : http://localhost:63869 : 1
20:24:25.316 [AsyncHttpClient-1-1] DEBUG org.asynchttpclient.netty.channel.DefaultChannelPool - Entry count for : http://localhost:51363 : 1
20:24:26.426 [AsyncHttpClient-1-1] DEBUG org.asynchttpclient.netty.channel.DefaultChannelPool - Entry count for : http://localhost:63869 : 1
20:24:26.426 [AsyncHttpClient-1-1] DEBUG org.asynchttpclient.netty.channel.DefaultChannelPool - Entry count for : http://localhost:51363 : 1
20:24:27.513 [AsyncHttpClient-1-1] DEBUG org.asynchttpclient.netty.channel.DefaultChannelPool - Entry count for : http://localhost:63869 : 1
20:24:27.513 [AsyncHttpClient-1-1] DEBUG org.asynchttpclient.netty.channel.DefaultChannelPool - Entry count for : http://localhost:51363 : 1
20:24:28.615 [AsyncHttpClient-1-1] DEBUG org.asynchttpclient.netty.channel.DefaultChannelPool - Entry count for : http://localhost:63869 : 1
20:24:28.615 [AsyncHttpClient-1-1] DEBUG org.asynchttpclient.netty.channel.DefaultChannelPool - Entry count for : http://localhost:51363 : 1
20:24:28.992 [Forwarding findElement on session f8377de48468d8c495727ef42fcb4126 to remote] DEBUG org.asynchttpclient.netty.request.NettyRequestSender - Using pooled Channel '[id: 0xdb05171a, L:/127.0.0.1:51362 - R:localhost/127.0.0.1:63869]' for 'POST' to 'http://localhost:63869/session/f8377de48468d8c495727ef42fcb4126/element'
20:24:28.992 [Forwarding findElement on session f8377de48468d8c495727ef42fcb4126 to remote] DEBUG org.asynchttpclient.netty.request.NettyRequestSender - Using open Channel [id: 0xdb05171a, L:/127.0.0.1:51362 - R:localhost/127.0.0.1:63869] for POST '/session/f8377de48468d8c495727ef42fcb4126/element'
20:24:29.023 [AsyncHttpClient-1-8] DEBUG org.asynchttpclient.netty.handler.HttpHandler - 

Request DefaultHttpRequest(decodeResult: success, version: HTTP/1.1)
POST /session/f8377de48468d8c495727ef42fcb4126/element HTTP/1.1
User-Agent: selenium/4.1.4 (java windows)
Content-Length: 68
Content-Type: application/json; charset=utf-8
host: localhost:63869
accept: */*

Response DefaultHttpResponse(decodeResult: success, version: HTTP/1.1)
HTTP/1.1 200 OK
Content-Type: application/json; charset=utf-8
cache-control: no-cache
content-length: 88

20:24:29.023 [AsyncHttpClient-1-8] DEBUG org.asynchttpclient.netty.channel.ChannelManager - Adding key: http://localhost:63869 for channel [id: 0xdb05171a, L:/127.0.0.1:51362 - R:localhost/127.0.0.1:63869]
20:24:29.025 [Forwarding isElementEnabled on session f8377de48468d8c495727ef42fcb4126 to remote] DEBUG org.asynchttpclient.netty.request.NettyRequestSender - Using pooled Channel '[id: 0xdb05171a, L:/127.0.0.1:51362 - R:localhost/127.0.0.1:63869]' for 'GET' to 'http://localhost:63869/session/f8377de48468d8c495727ef42fcb4126/element/2a4b2129-2f89-4897-b22b-573f064f5004/enabled'
20:24:29.025 [Forwarding isElementEnabled on session f8377de48468d8c495727ef42fcb4126 to remote] DEBUG org.asynchttpclient.netty.request.NettyRequestSender - Using open Channel [id: 0xdb05171a, L:/127.0.0.1:51362 - R:localhost/127.0.0.1:63869] for GET '/session/f8377de48468d8c495727ef42fcb4126/element/2a4b2129-2f89-4897-b22b-573f064f5004/enabled'
20:24:29.043 [AsyncHttpClient-1-8] DEBUG org.asynchttpclient.netty.handler.HttpHandler - 

Request DefaultFullHttpRequest(decodeResult: success, version: HTTP/1.1, content: EmptyByteBufBE)
GET /session/f8377de48468d8c495727ef42fcb4126/element/2a4b2129-2f89-4897-b22b-573f064f5004/enabled HTTP/1.1
User-Agent: selenium/4.1.4 (java windows)
Cache-Control: no-cache
Content-Type: application/json; charset=utf-8
host: localhost:63869
accept: */*

Response DefaultHttpResponse(decodeResult: success, version: HTTP/1.1)
HTTP/1.1 200 OK
Content-Type: application/json; charset=utf-8
cache-control: no-cache
content-length: 14

20:24:29.044 [AsyncHttpClient-1-8] DEBUG org.asynchttpclient.netty.channel.ChannelManager - Adding key: http://localhost:63869 for channel [id: 0xdb05171a, L:/127.0.0.1:51362 - R:localhost/127.0.0.1:63869]
20:24:29.577 [Forwarding screenshot on session f8377de48468d8c495727ef42fcb4126 to remote] DEBUG org.asynchttpclient.netty.request.NettyRequestSender - Using pooled Channel '[id: 0xdb05171a, L:/127.0.0.1:51362 - R:localhost/127.0.0.1:63869]' for 'GET' to 'http://localhost:63869/session/f8377de48468d8c495727ef42fcb4126/screenshot'
20:24:29.577 [Forwarding screenshot on session f8377de48468d8c495727ef42fcb4126 to remote] DEBUG org.asynchttpclient.netty.request.NettyRequestSender - Using open Channel [id: 0xdb05171a, L:/127.0.0.1:51362 - R:localhost/127.0.0.1:63869] for GET '/session/f8377de48468d8c495727ef42fcb4126/screenshot'
20:24:29.713 [AsyncHttpClient-1-1] DEBUG org.asynchttpclient.netty.channel.DefaultChannelPool - Entry count for : http://localhost:51363 : 1
20:24:29.865 [AsyncHttpClient-1-8] DEBUG org.asynchttpclient.netty.handler.HttpHandler - 

Request DefaultFullHttpRequest(decodeResult: success, version: HTTP/1.1, content: EmptyByteBufBE)
GET /session/f8377de48468d8c495727ef42fcb4126/screenshot HTTP/1.1
User-Agent: selenium/4.1.4 (java windows)
Cache-Control: no-cache
Content-Type: application/json; charset=utf-8
host: localhost:63869
accept: */*

Response DefaultHttpResponse(decodeResult: success, version: HTTP/1.1)
HTTP/1.1 200 OK
Content-Type: application/json; charset=utf-8
cache-control: no-cache
content-length: 301044

20:24:29.865 [AsyncHttpClient-1-8] DEBUG org.asynchttpclient.netty.channel.ChannelManager - Adding key: http://localhost:63869 for channel [id: 0xdb05171a, L:/127.0.0.1:51362 - R:localhost/127.0.0.1:63869]
20:24:29.873 [main] DEBUG net.serenitybdd.core.photography.Darkroom - Send negative for processing for target\site\serenity\163e386af0b12517552a74a3d5043b94e8c0f9215c0f21d464e3b04d27a0859d.png
20:24:29.878 [main] DEBUG net.thucydides.core.steps.StepInterceptor - STARTING STEP: LoginSteps.loginValidationInvalid - clickButtonErrorOK
20:24:29.880 [Forwarding findElement on session f8377de48468d8c495727ef42fcb4126 to remote] DEBUG org.asynchttpclient.netty.request.NettyRequestSender - Using pooled Channel '[id: 0xdb05171a, L:/127.0.0.1:51362 - R:localhost/127.0.0.1:63869]' for 'POST' to 'http://localhost:63869/session/f8377de48468d8c495727ef42fcb4126/element'
20:24:29.880 [Forwarding findElement on session f8377de48468d8c495727ef42fcb4126 to remote] DEBUG org.asynchttpclient.netty.request.NettyRequestSender - Using open Channel [id: 0xdb05171a, L:/127.0.0.1:51362 - R:localhost/127.0.0.1:63869] for POST '/session/f8377de48468d8c495727ef42fcb4126/element'
20:24:29.890 [AsyncHttpClient-1-8] DEBUG org.asynchttpclient.netty.handler.HttpHandler - 

Request DefaultHttpRequest(decodeResult: success, version: HTTP/1.1)
POST /session/f8377de48468d8c495727ef42fcb4126/element HTTP/1.1
User-Agent: selenium/4.1.4 (java windows)
Content-Length: 88
Content-Type: application/json; charset=utf-8
host: localhost:63869
accept: */*

Response DefaultHttpResponse(decodeResult: success, version: HTTP/1.1)
HTTP/1.1 200 OK
Content-Type: application/json; charset=utf-8
cache-control: no-cache
content-length: 88

20:24:29.890 [AsyncHttpClient-1-8] DEBUG org.asynchttpclient.netty.channel.ChannelManager - Adding key: http://localhost:63869 for channel [id: 0xdb05171a, L:/127.0.0.1:51362 - R:localhost/127.0.0.1:63869]
20:24:29.892 [Forwarding getElementTagName on session f8377de48468d8c495727ef42fcb4126 to remote] DEBUG org.asynchttpclient.netty.request.NettyRequestSender - Using pooled Channel '[id: 0xdb05171a, L:/127.0.0.1:51362 - R:localhost/127.0.0.1:63869]' for 'GET' to 'http://localhost:63869/session/f8377de48468d8c495727ef42fcb4126/element/5944dda8-9010-4dd7-8e1c-f045d921f573/name'
20:24:29.892 [Forwarding getElementTagName on session f8377de48468d8c495727ef42fcb4126 to remote] DEBUG org.asynchttpclient.netty.request.NettyRequestSender - Using open Channel [id: 0xdb05171a, L:/127.0.0.1:51362 - R:localhost/127.0.0.1:63869] for GET '/session/f8377de48468d8c495727ef42fcb4126/element/5944dda8-9010-4dd7-8e1c-f045d921f573/name'
20:24:29.896 [AsyncHttpClient-1-8] DEBUG org.asynchttpclient.netty.handler.HttpHandler - 

Request DefaultFullHttpRequest(decodeResult: success, version: HTTP/1.1, content: EmptyByteBufBE)
GET /session/f8377de48468d8c495727ef42fcb4126/element/5944dda8-9010-4dd7-8e1c-f045d921f573/name HTTP/1.1
User-Agent: selenium/4.1.4 (java windows)
Cache-Control: no-cache
Content-Type: application/json; charset=utf-8
host: localhost:63869
accept: */*

Response DefaultHttpResponse(decodeResult: success, version: HTTP/1.1)
HTTP/1.1 200 OK
Content-Type: application/json; charset=utf-8
cache-control: no-cache
content-length: 18

20:24:29.896 [AsyncHttpClient-1-8] DEBUG org.asynchttpclient.netty.channel.ChannelManager - Adding key: http://localhost:63869 for channel [id: 0xdb05171a, L:/127.0.0.1:51362 - R:localhost/127.0.0.1:63869]
20:24:29.897 [Forwarding getElementTagName on session f8377de48468d8c495727ef42fcb4126 to remote] DEBUG org.asynchttpclient.netty.request.NettyRequestSender - Using pooled Channel '[id: 0xdb05171a, L:/127.0.0.1:51362 - R:localhost/127.0.0.1:63869]' for 'GET' to 'http://localhost:63869/session/f8377de48468d8c495727ef42fcb4126/element/5944dda8-9010-4dd7-8e1c-f045d921f573/name'
20:24:29.897 [Forwarding getElementTagName on session f8377de48468d8c495727ef42fcb4126 to remote] DEBUG org.asynchttpclient.netty.request.NettyRequestSender - Using open Channel [id: 0xdb05171a, L:/127.0.0.1:51362 - R:localhost/127.0.0.1:63869] for GET '/session/f8377de48468d8c495727ef42fcb4126/element/5944dda8-9010-4dd7-8e1c-f045d921f573/name'
20:24:29.901 [AsyncHttpClient-1-8] DEBUG org.asynchttpclient.netty.handler.HttpHandler - 

Request DefaultFullHttpRequest(decodeResult: success, version: HTTP/1.1, content: EmptyByteBufBE)
GET /session/f8377de48468d8c495727ef42fcb4126/element/5944dda8-9010-4dd7-8e1c-f045d921f573/name HTTP/1.1
User-Agent: selenium/4.1.4 (java windows)
Cache-Control: no-cache
Content-Type: application/json; charset=utf-8
host: localhost:63869
accept: */*

Response DefaultHttpResponse(decodeResult: success, version: HTTP/1.1)
HTTP/1.1 200 OK
Content-Type: application/json; charset=utf-8
cache-control: no-cache
content-length: 18

20:24:29.901 [AsyncHttpClient-1-8] DEBUG org.asynchttpclient.netty.channel.ChannelManager - Adding key: http://localhost:63869 for channel [id: 0xdb05171a, L:/127.0.0.1:51362 - R:localhost/127.0.0.1:63869]
20:24:29.902 [Forwarding isElementEnabled on session f8377de48468d8c495727ef42fcb4126 to remote] DEBUG org.asynchttpclient.netty.request.NettyRequestSender - Using pooled Channel '[id: 0xdb05171a, L:/127.0.0.1:51362 - R:localhost/127.0.0.1:63869]' for 'GET' to 'http://localhost:63869/session/f8377de48468d8c495727ef42fcb4126/element/5944dda8-9010-4dd7-8e1c-f045d921f573/enabled'
20:24:29.902 [Forwarding isElementEnabled on session f8377de48468d8c495727ef42fcb4126 to remote] DEBUG org.asynchttpclient.netty.request.NettyRequestSender - Using open Channel [id: 0xdb05171a, L:/127.0.0.1:51362 - R:localhost/127.0.0.1:63869] for GET '/session/f8377de48468d8c495727ef42fcb4126/element/5944dda8-9010-4dd7-8e1c-f045d921f573/enabled'
20:24:29.910 [AsyncHttpClient-1-8] DEBUG org.asynchttpclient.netty.handler.HttpHandler - 

Request DefaultFullHttpRequest(decodeResult: success, version: HTTP/1.1, content: EmptyByteBufBE)
GET /session/f8377de48468d8c495727ef42fcb4126/element/5944dda8-9010-4dd7-8e1c-f045d921f573/enabled HTTP/1.1
User-Agent: selenium/4.1.4 (java windows)
Cache-Control: no-cache
Content-Type: application/json; charset=utf-8
host: localhost:63869
accept: */*

Response DefaultHttpResponse(decodeResult: success, version: HTTP/1.1)
HTTP/1.1 200 OK
Content-Type: application/json; charset=utf-8
cache-control: no-cache
content-length: 14

20:24:29.910 [AsyncHttpClient-1-8] DEBUG org.asynchttpclient.netty.channel.ChannelManager - Adding key: http://localhost:63869 for channel [id: 0xdb05171a, L:/127.0.0.1:51362 - R:localhost/127.0.0.1:63869]
20:24:29.911 [Forwarding isElementEnabled on session f8377de48468d8c495727ef42fcb4126 to remote] DEBUG org.asynchttpclient.netty.request.NettyRequestSender - Using pooled Channel '[id: 0xdb05171a, L:/127.0.0.1:51362 - R:localhost/127.0.0.1:63869]' for 'GET' to 'http://localhost:63869/session/f8377de48468d8c495727ef42fcb4126/element/5944dda8-9010-4dd7-8e1c-f045d921f573/enabled'
20:24:29.911 [Forwarding isElementEnabled on session f8377de48468d8c495727ef42fcb4126 to remote] DEBUG org.asynchttpclient.netty.request.NettyRequestSender - Using open Channel [id: 0xdb05171a, L:/127.0.0.1:51362 - R:localhost/127.0.0.1:63869] for GET '/session/f8377de48468d8c495727ef42fcb4126/element/5944dda8-9010-4dd7-8e1c-f045d921f573/enabled'
20:24:29.915 [AsyncHttpClient-1-8] DEBUG org.asynchttpclient.netty.handler.HttpHandler - 

Request DefaultFullHttpRequest(decodeResult: success, version: HTTP/1.1, content: EmptyByteBufBE)
GET /session/f8377de48468d8c495727ef42fcb4126/element/5944dda8-9010-4dd7-8e1c-f045d921f573/enabled HTTP/1.1
User-Agent: selenium/4.1.4 (java windows)
Cache-Control: no-cache
Content-Type: application/json; charset=utf-8
host: localhost:63869
accept: */*

Response DefaultHttpResponse(decodeResult: success, version: HTTP/1.1)
HTTP/1.1 200 OK
Content-Type: application/json; charset=utf-8
cache-control: no-cache
content-length: 14

20:24:29.915 [AsyncHttpClient-1-8] DEBUG org.asynchttpclient.netty.channel.ChannelManager - Adding key: http://localhost:63869 for channel [id: 0xdb05171a, L:/127.0.0.1:51362 - R:localhost/127.0.0.1:63869]
20:24:29.918 [Forwarding findElement on session f8377de48468d8c495727ef42fcb4126 to remote] DEBUG org.asynchttpclient.netty.request.NettyRequestSender - Using pooled Channel '[id: 0xdb05171a, L:/127.0.0.1:51362 - R:localhost/127.0.0.1:63869]' for 'POST' to 'http://localhost:63869/session/f8377de48468d8c495727ef42fcb4126/element'
20:24:29.918 [Forwarding findElement on session f8377de48468d8c495727ef42fcb4126 to remote] DEBUG org.asynchttpclient.netty.request.NettyRequestSender - Using open Channel [id: 0xdb05171a, L:/127.0.0.1:51362 - R:localhost/127.0.0.1:63869] for POST '/session/f8377de48468d8c495727ef42fcb4126/element'
20:24:29.924 [AsyncHttpClient-1-8] DEBUG org.asynchttpclient.netty.handler.HttpHandler - 

Request DefaultHttpRequest(decodeResult: success, version: HTTP/1.1)
POST /session/f8377de48468d8c495727ef42fcb4126/element HTTP/1.1
User-Agent: selenium/4.1.4 (java windows)
Content-Length: 88
Content-Type: application/json; charset=utf-8
host: localhost:63869
accept: */*

Response DefaultHttpResponse(decodeResult: success, version: HTTP/1.1)
HTTP/1.1 200 OK
Content-Type: application/json; charset=utf-8
cache-control: no-cache
content-length: 88

20:24:29.924 [AsyncHttpClient-1-8] DEBUG org.asynchttpclient.netty.channel.ChannelManager - Adding key: http://localhost:63869 for channel [id: 0xdb05171a, L:/127.0.0.1:51362 - R:localhost/127.0.0.1:63869]
20:24:29.925 [Forwarding clickElement on session f8377de48468d8c495727ef42fcb4126 to remote] DEBUG org.asynchttpclient.netty.request.NettyRequestSender - Using pooled Channel '[id: 0xdb05171a, L:/127.0.0.1:51362 - R:localhost/127.0.0.1:63869]' for 'POST' to 'http://localhost:63869/session/f8377de48468d8c495727ef42fcb4126/element/5944dda8-9010-4dd7-8e1c-f045d921f573/click'
20:24:29.925 [Forwarding clickElement on session f8377de48468d8c495727ef42fcb4126 to remote] DEBUG org.asynchttpclient.netty.request.NettyRequestSender - Using open Channel [id: 0xdb05171a, L:/127.0.0.1:51362 - R:localhost/127.0.0.1:63869] for POST '/session/f8377de48468d8c495727ef42fcb4126/element/5944dda8-9010-4dd7-8e1c-f045d921f573/click'
20:24:29.987 [AsyncHttpClient-1-8] DEBUG org.asynchttpclient.netty.handler.HttpHandler - 

Request DefaultHttpRequest(decodeResult: success, version: HTTP/1.1)
POST /session/f8377de48468d8c495727ef42fcb4126/element/5944dda8-9010-4dd7-8e1c-f045d921f573/click HTTP/1.1
User-Agent: selenium/4.1.4 (java windows)
Content-Length: 50
Content-Type: application/json; charset=utf-8
host: localhost:63869
accept: */*

Response DefaultHttpResponse(decodeResult: success, version: HTTP/1.1)
HTTP/1.1 200 OK
Content-Type: application/json; charset=utf-8
cache-control: no-cache
content-length: 14

20:24:29.987 [AsyncHttpClient-1-8] DEBUG org.asynchttpclient.netty.channel.ChannelManager - Adding key: http://localhost:63869 for channel [id: 0xdb05171a, L:/127.0.0.1:51362 - R:localhost/127.0.0.1:63869]
20:24:29.990 [Forwarding screenshot on session f8377de48468d8c495727ef42fcb4126 to remote] DEBUG org.asynchttpclient.netty.request.NettyRequestSender - Using pooled Channel '[id: 0xdb05171a, L:/127.0.0.1:51362 - R:localhost/127.0.0.1:63869]' for 'GET' to 'http://localhost:63869/session/f8377de48468d8c495727ef42fcb4126/screenshot'
20:24:29.990 [Forwarding screenshot on session f8377de48468d8c495727ef42fcb4126 to remote] DEBUG org.asynchttpclient.netty.request.NettyRequestSender - Using open Channel [id: 0xdb05171a, L:/127.0.0.1:51362 - R:localhost/127.0.0.1:63869] for GET '/session/f8377de48468d8c495727ef42fcb4126/screenshot'
20:24:30.299 [AsyncHttpClient-1-8] DEBUG org.asynchttpclient.netty.handler.HttpHandler - 

Request DefaultFullHttpRequest(decodeResult: success, version: HTTP/1.1, content: EmptyByteBufBE)
GET /session/f8377de48468d8c495727ef42fcb4126/screenshot HTTP/1.1
User-Agent: selenium/4.1.4 (java windows)
Cache-Control: no-cache
Content-Type: application/json; charset=utf-8
host: localhost:63869
accept: */*

Response DefaultHttpResponse(decodeResult: success, version: HTTP/1.1)
HTTP/1.1 200 OK
Content-Type: application/json; charset=utf-8
cache-control: no-cache
content-length: 73260

20:24:30.299 [AsyncHttpClient-1-8] DEBUG org.asynchttpclient.netty.channel.ChannelManager - Adding key: http://localhost:63869 for channel [id: 0xdb05171a, L:/127.0.0.1:51362 - R:localhost/127.0.0.1:63869]
20:24:30.303 [main] DEBUG net.serenitybdd.core.photography.Darkroom - Send negative for processing for target\site\serenity\1c544ea090ed3c23fca059b6c45c936638956882415f897d7aff4b5bc7f821d6.png
20:24:30.303 [main] DEBUG net.thucydides.core.steps.StepInterceptor - STEP DONE: clickButtonErrorOK
  &amp#27;[32mAnd &amp#27;[0m&amp#27;[32mLogin validation invalid&amp#27;[0m                        &amp#27;[90m# starter.stepdefinitios.LoginSteps.loginValidationInvalid()&amp#27;[0m
20:24:30.303 [Darkroom Processing Line] DEBUG net.serenitybdd.core.photography.DarkroomProcessingLine - Processing screenshot image in /var/screenshots/screenshot-7672993304864167535
20:24:30.303 [Darkroom Processing Line] DEBUG net.serenitybdd.core.photography.DarkroomProcessingLine - Saving screenshot to target\site\serenity\1c544ea090ed3c23fca059b6c45c936638956882415f897d7aff4b5bc7f821d6.png
20:24:30.824 [AsyncHttpClient-1-1] DEBUG org.asynchttpclient.netty.channel.DefaultChannelPool - Entry count for : http://localhost:63869 : 1
20:24:30.824 [AsyncHttpClient-1-1] DEBUG org.asynchttpclient.netty.channel.DefaultChannelPool - Entry count for : http://localhost:51363 : 1
20:24:31.921 [AsyncHttpClient-1-1] DEBUG org.asynchttpclient.netty.channel.DefaultChannelPool - Entry count for : http://localhost:63869 : 1
20:24:31.921 [AsyncHttpClient-1-1] DEBUG org.asynchttpclient.netty.channel.DefaultChannelPool - Entry count for : http://localhost:51363 : 1
20:24:33.018 [AsyncHttpClient-1-1] DEBUG org.asynchttpclient.netty.channel.DefaultChannelPool - Entry count for : http://localhost:63869 : 1
20:24:33.018 [AsyncHttpClient-1-1] DEBUG org.asynchttpclient.netty.channel.DefaultChannelPool - Entry count for : http://localhost:51363 : 1
20:24:34.121 [AsyncHttpClient-1-1] DEBUG org.asynchttpclient.netty.channel.DefaultChannelPool - Entry count for : http://localhost:63869 : 1
20:24:34.122 [AsyncHttpClient-1-1] DEBUG org.asynchttpclient.netty.channel.DefaultChannelPool - Entry count for : http://localhost:51363 : 1
20:24:35.214 [AsyncHttpClient-1-1] DEBUG org.asynchttpclient.netty.channel.DefaultChannelPool - Entry count for : http://localhost:63869 : 1
20:24:35.214 [AsyncHttpClient-1-1] DEBUG org.asynchttpclient.netty.channel.DefaultChannelPool - Entry count for : http://localhost:51363 : 1
20:24:35.401 [Forwarding screenshot on session f8377de48468d8c495727ef42fcb4126 to remote] DEBUG org.asynchttpclient.netty.request.NettyRequestSender - Using pooled Channel '[id: 0xdb05171a, L:/127.0.0.1:51362 - R:localhost/127.0.0.1:63869]' for 'GET' to 'http://localhost:63869/session/f8377de48468d8c495727ef42fcb4126/screenshot'
20:24:35.402 [Forwarding screenshot on session f8377de48468d8c495727ef42fcb4126 to remote] DEBUG org.asynchttpclient.netty.request.NettyRequestSender - Using open Channel [id: 0xdb05171a, L:/127.0.0.1:51362 - R:localhost/127.0.0.1:63869] for GET '/session/f8377de48468d8c495727ef42fcb4126/screenshot'
20:24:35.613 [AsyncHttpClient-1-8] DEBUG org.asynchttpclient.netty.handler.HttpHandler - 

Request DefaultFullHttpRequest(decodeResult: success, version: HTTP/1.1, content: EmptyByteBufBE)
GET /session/f8377de48468d8c495727ef42fcb4126/screenshot HTTP/1.1
User-Agent: selenium/4.1.4 (java windows)
Cache-Control: no-cache
Content-Type: application/json; charset=utf-8
host: localhost:63869
accept: */*

Response DefaultHttpResponse(decodeResult: success, version: HTTP/1.1)
HTTP/1.1 200 OK
Content-Type: application/json; charset=utf-8
cache-control: no-cache
content-length: 78916

20:24:35.613 [AsyncHttpClient-1-8] DEBUG org.asynchttpclient.netty.channel.ChannelManager - Adding key: http://localhost:63869 for channel [id: 0xdb05171a, L:/127.0.0.1:51362 - R:localhost/127.0.0.1:63869]
20:24:35.615 [main] DEBUG net.serenitybdd.core.photography.Darkroom - Send negative for processing for target\site\serenity\6ddfb86c3e40e80f5cf75f5473ea4a13b4be8ddc07b6bfa170e30cd2276a987b.png
20:24:35.615 [main] DEBUG net.thucydides.core.steps.StepInterceptor - STARTING STEP: ArsipJadwalSteps.clickButtonArchive - clickButtonArsipJadwal
20:24:35.627 [Forwarding findElement on session f8377de48468d8c495727ef42fcb4126 to remote] DEBUG org.asynchttpclient.netty.request.NettyRequestSender - Using pooled Channel '[id: 0xdb05171a, L:/127.0.0.1:51362 - R:localhost/127.0.0.1:63869]' for 'POST' to 'http://localhost:63869/session/f8377de48468d8c495727ef42fcb4126/element'
20:24:35.627 [Forwarding findElement on session f8377de48468d8c495727ef42fcb4126 to remote] DEBUG org.asynchttpclient.netty.request.NettyRequestSender - Using open Channel [id: 0xdb05171a, L:/127.0.0.1:51362 - R:localhost/127.0.0.1:63869] for POST '/session/f8377de48468d8c495727ef42fcb4126/element'
20:24:35.658 [AsyncHttpClient-1-8] DEBUG org.asynchttpclient.netty.handler.HttpHandler - 

Request DefaultHttpRequest(decodeResult: success, version: HTTP/1.1)
POST /session/f8377de48468d8c495727ef42fcb4126/element HTTP/1.1
User-Agent: selenium/4.1.4 (java windows)
Content-Length: 114
Content-Type: application/json; charset=utf-8
host: localhost:63869
accept: */*

Response DefaultHttpResponse(decodeResult: success, version: HTTP/1.1)
HTTP/1.1 200 OK
Content-Type: application/json; charset=utf-8
cache-control: no-cache
content-length: 88

20:24:35.658 [AsyncHttpClient-1-8] DEBUG org.asynchttpclient.netty.channel.ChannelManager - Adding key: http://localhost:63869 for channel [id: 0xdb05171a, L:/127.0.0.1:51362 - R:localhost/127.0.0.1:63869]
20:24:35.661 [Forwarding getElementTagName on session f8377de48468d8c495727ef42fcb4126 to remote] DEBUG org.asynchttpclient.netty.request.NettyRequestSender - Using pooled Channel '[id: 0xdb05171a, L:/127.0.0.1:51362 - R:localhost/127.0.0.1:63869]' for 'GET' to 'http://localhost:63869/session/f8377de48468d8c495727ef42fcb4126/element/0ae5f700-dad3-40c3-8193-97b72bbc9608/name'
20:24:35.661 [Forwarding getElementTagName on session f8377de48468d8c495727ef42fcb4126 to remote] DEBUG org.asynchttpclient.netty.request.NettyRequestSender - Using open Channel [id: 0xdb05171a, L:/127.0.0.1:51362 - R:localhost/127.0.0.1:63869] for GET '/session/f8377de48468d8c495727ef42fcb4126/element/0ae5f700-dad3-40c3-8193-97b72bbc9608/name'
20:24:35.670 [AsyncHttpClient-1-8] DEBUG org.asynchttpclient.netty.handler.HttpHandler - 

Request DefaultFullHttpRequest(decodeResult: success, version: HTTP/1.1, content: EmptyByteBufBE)
GET /session/f8377de48468d8c495727ef42fcb4126/element/0ae5f700-dad3-40c3-8193-97b72bbc9608/name HTTP/1.1
User-Agent: selenium/4.1.4 (java windows)
Cache-Control: no-cache
Content-Type: application/json; charset=utf-8
host: localhost:63869
accept: */*

Response DefaultHttpResponse(decodeResult: success, version: HTTP/1.1)
HTTP/1.1 200 OK
Content-Type: application/json; charset=utf-8
cache-control: no-cache
content-length: 13

20:24:35.670 [AsyncHttpClient-1-8] DEBUG org.asynchttpclient.netty.channel.ChannelManager - Adding key: http://localhost:63869 for channel [id: 0xdb05171a, L:/127.0.0.1:51362 - R:localhost/127.0.0.1:63869]
20:24:35.674 [Forwarding getElementTagName on session f8377de48468d8c495727ef42fcb4126 to remote] DEBUG org.asynchttpclient.netty.request.NettyRequestSender - Using pooled Channel '[id: 0xdb05171a, L:/127.0.0.1:51362 - R:localhost/127.0.0.1:63869]' for 'GET' to 'http://localhost:63869/session/f8377de48468d8c495727ef42fcb4126/element/0ae5f700-dad3-40c3-8193-97b72bbc9608/name'
20:24:35.674 [Forwarding getElementTagName on session f8377de48468d8c495727ef42fcb4126 to remote] DEBUG org.asynchttpclient.netty.request.NettyRequestSender - Using open Channel [id: 0xdb05171a, L:/127.0.0.1:51362 - R:localhost/127.0.0.1:63869] for GET '/session/f8377de48468d8c495727ef42fcb4126/element/0ae5f700-dad3-40c3-8193-97b72bbc9608/name'
20:24:35.681 [AsyncHttpClient-1-8] DEBUG org.asynchttpclient.netty.handler.HttpHandler - 

Request DefaultFullHttpRequest(decodeResult: success, version: HTTP/1.1, content: EmptyByteBufBE)
GET /session/f8377de48468d8c495727ef42fcb4126/element/0ae5f700-dad3-40c3-8193-97b72bbc9608/name HTTP/1.1
User-Agent: selenium/4.1.4 (java windows)
Cache-Control: no-cache
Content-Type: application/json; charset=utf-8
host: localhost:63869
accept: */*

Response DefaultHttpResponse(decodeResult: success, version: HTTP/1.1)
HTTP/1.1 200 OK
Content-Type: application/json; charset=utf-8
cache-control: no-cache
content-length: 13

20:24:35.681 [AsyncHttpClient-1-8] DEBUG org.asynchttpclient.netty.channel.ChannelManager - Adding key: http://localhost:63869 for channel [id: 0xdb05171a, L:/127.0.0.1:51362 - R:localhost/127.0.0.1:63869]
20:24:35.683 [Forwarding findElement on session f8377de48468d8c495727ef42fcb4126 to remote] DEBUG org.asynchttpclient.netty.request.NettyRequestSender - Using pooled Channel '[id: 0xdb05171a, L:/127.0.0.1:51362 - R:localhost/127.0.0.1:63869]' for 'POST' to 'http://localhost:63869/session/f8377de48468d8c495727ef42fcb4126/element'
20:24:35.683 [Forwarding findElement on session f8377de48468d8c495727ef42fcb4126 to remote] DEBUG org.asynchttpclient.netty.request.NettyRequestSender - Using open Channel [id: 0xdb05171a, L:/127.0.0.1:51362 - R:localhost/127.0.0.1:63869] for POST '/session/f8377de48468d8c495727ef42fcb4126/element'
20:24:35.700 [AsyncHttpClient-1-8] DEBUG org.asynchttpclient.netty.handler.HttpHandler - 

Request DefaultHttpRequest(decodeResult: success, version: HTTP/1.1)
POST /session/f8377de48468d8c495727ef42fcb4126/element HTTP/1.1
User-Agent: selenium/4.1.4 (java windows)
Content-Length: 114
Content-Type: application/json; charset=utf-8
host: localhost:63869
accept: */*

Response DefaultHttpResponse(decodeResult: success, version: HTTP/1.1)
HTTP/1.1 200 OK
Content-Type: application/json; charset=utf-8
cache-control: no-cache
content-length: 88

20:24:35.700 [AsyncHttpClient-1-8] DEBUG org.asynchttpclient.netty.channel.ChannelManager - Adding key: http://localhost:63869 for channel [id: 0xdb05171a, L:/127.0.0.1:51362 - R:localhost/127.0.0.1:63869]
20:24:35.703 [Forwarding clickElement on session f8377de48468d8c495727ef42fcb4126 to remote] DEBUG org.asynchttpclient.netty.request.NettyRequestSender - Using pooled Channel '[id: 0xdb05171a, L:/127.0.0.1:51362 - R:localhost/127.0.0.1:63869]' for 'POST' to 'http://localhost:63869/session/f8377de48468d8c495727ef42fcb4126/element/0ae5f700-dad3-40c3-8193-97b72bbc9608/click'
20:24:35.703 [Forwarding clickElement on session f8377de48468d8c495727ef42fcb4126 to remote] DEBUG org.asynchttpclient.netty.request.NettyRequestSender - Using open Channel [id: 0xdb05171a, L:/127.0.0.1:51362 - R:localhost/127.0.0.1:63869] for POST '/session/f8377de48468d8c495727ef42fcb4126/element/0ae5f700-dad3-40c3-8193-97b72bbc9608/click'
20:24:35.856 [AsyncHttpClient-1-8] DEBUG org.asynchttpclient.netty.handler.HttpHandler - 

Request DefaultHttpRequest(decodeResult: success, version: HTTP/1.1)
POST /session/f8377de48468d8c495727ef42fcb4126/element/0ae5f700-dad3-40c3-8193-97b72bbc9608/click HTTP/1.1
User-Agent: selenium/4.1.4 (java windows)
Content-Length: 50
Content-Type: application/json; charset=utf-8
host: localhost:63869
accept: */*

Response DefaultHttpResponse(decodeResult: success, version: HTTP/1.1)
HTTP/1.1 200 OK
Content-Type: application/json; charset=utf-8
cache-control: no-cache
content-length: 14

20:24:35.856 [AsyncHttpClient-1-8] DEBUG org.asynchttpclient.netty.channel.ChannelManager - Adding key: http://localhost:63869 for channel [id: 0xdb05171a, L:/127.0.0.1:51362 - R:localhost/127.0.0.1:63869]
20:24:35.868 [Forwarding screenshot on session f8377de48468d8c495727ef42fcb4126 to remote] DEBUG org.asynchttpclient.netty.request.NettyRequestSender - Using pooled Channel '[id: 0xdb05171a, L:/127.0.0.1:51362 - R:localhost/127.0.0.1:63869]' for 'GET' to 'http://localhost:63869/session/f8377de48468d8c495727ef42fcb4126/screenshot'
20:24:35.868 [Forwarding screenshot on session f8377de48468d8c495727ef42fcb4126 to remote] DEBUG org.asynchttpclient.netty.request.NettyRequestSender - Using open Channel [id: 0xdb05171a, L:/127.0.0.1:51362 - R:localhost/127.0.0.1:63869] for GET '/session/f8377de48468d8c495727ef42fcb4126/screenshot'
20:24:36.210 [AsyncHttpClient-1-8] DEBUG org.asynchttpclient.netty.handler.HttpHandler - 

Request DefaultFullHttpRequest(decodeResult: success, version: HTTP/1.1, content: EmptyByteBufBE)
GET /session/f8377de48468d8c495727ef42fcb4126/screenshot HTTP/1.1
User-Agent: selenium/4.1.4 (java windows)
Cache-Control: no-cache
Content-Type: application/json; charset=utf-8
host: localhost:63869
accept: */*

Response DefaultHttpResponse(decodeResult: success, version: HTTP/1.1)
HTTP/1.1 200 OK
Content-Type: application/json; charset=utf-8
cache-control: no-cache
content-length: 116920

20:24:36.212 [AsyncHttpClient-1-8] DEBUG org.asynchttpclient.netty.channel.ChannelManager - Adding key: http://localhost:63869 for channel [id: 0xdb05171a, L:/127.0.0.1:51362 - R:localhost/127.0.0.1:63869]
20:24:36.259 [main] DEBUG net.serenitybdd.core.photography.Darkroom - Send negative for processing for target\site\serenity\275d1e9e7b647fafd61a1babe399b0c43441eab619b0c7fa7c12146601a8d5b7.png
20:24:36.260 [main] DEBUG net.thucydides.core.steps.StepInterceptor - STEP DONE: clickButtonArsipJadwal
20:24:36.260 [Darkroom Processing Line] DEBUG net.serenitybdd.core.photography.DarkroomProcessingLine - Processing screenshot image in /var/screenshots/screenshot-16003877752800768293
20:24:36.260 [Darkroom Processing Line] DEBUG net.serenitybdd.core.photography.DarkroomProcessingLine - Saving screenshot to target\site\serenity\275d1e9e7b647fafd61a1babe399b0c43441eab619b0c7fa7c12146601a8d5b7.png
  &amp#27;[32mAnd &amp#27;[0m&amp#27;[32mClick button archive&amp#27;[0m                            &amp#27;[90m# starter.stepdefinitios.ArsipJadwalSteps.clickButtonArchive()&amp#27;[0m
20:24:36.318 [AsyncHttpClient-1-1] DEBUG org.asynchttpclient.netty.channel.DefaultChannelPool - Entry count for : http://localhost:63869 : 1
20:24:36.318 [AsyncHttpClient-1-1] DEBUG org.asynchttpclient.netty.channel.DefaultChannelPool - Entry count for : http://localhost:51363 : 1
20:24:37.427 [AsyncHttpClient-1-1] DEBUG org.asynchttpclient.netty.channel.DefaultChannelPool - Entry count for : http://localhost:63869 : 1
20:24:37.427 [AsyncHttpClient-1-1] DEBUG org.asynchttpclient.netty.channel.DefaultChannelPool - Entry count for : http://localhost:51363 : 1
20:24:38.519 [AsyncHttpClient-1-1] DEBUG org.asynchttpclient.netty.channel.DefaultChannelPool - Entry count for : http://localhost:63869 : 1
20:24:38.519 [AsyncHttpClient-1-1] DEBUG org.asynchttpclient.netty.channel.DefaultChannelPool - Entry count for : http://localhost:51363 : 1
20:24:39.620 [AsyncHttpClient-1-1] DEBUG org.asynchttpclient.netty.channel.DefaultChannelPool - Entry count for : http://localhost:63869 : 1
20:24:39.620 [AsyncHttpClient-1-1] DEBUG org.asynchttpclient.netty.channel.DefaultChannelPool - Entry count for : http://localhost:51363 : 1
20:24:40.715 [AsyncHttpClient-1-1] DEBUG org.asynchttpclient.netty.channel.DefaultChannelPool - Entry count for : http://localhost:63869 : 1
20:24:40.715 [AsyncHttpClient-1-1] DEBUG org.asynchttpclient.netty.channel.DefaultChannelPool - Entry count for : http://localhost:51363 : 1
20:24:41.287 [Forwarding screenshot on session f8377de48468d8c495727ef42fcb4126 to remote] DEBUG org.asynchttpclient.netty.request.NettyRequestSender - Using pooled Channel '[id: 0xdb05171a, L:/127.0.0.1:51362 - R:localhost/127.0.0.1:63869]' for 'GET' to 'http://localhost:63869/session/f8377de48468d8c495727ef42fcb4126/screenshot'
20:24:41.287 [Forwarding screenshot on session f8377de48468d8c495727ef42fcb4126 to remote] DEBUG org.asynchttpclient.netty.request.NettyRequestSender - Using open Channel [id: 0xdb05171a, L:/127.0.0.1:51362 - R:localhost/127.0.0.1:63869] for GET '/session/f8377de48468d8c495727ef42fcb4126/screenshot'
20:24:41.499 [AsyncHttpClient-1-8] DEBUG org.asynchttpclient.netty.handler.HttpHandler - 

Request DefaultFullHttpRequest(decodeResult: success, version: HTTP/1.1, content: EmptyByteBufBE)
GET /session/f8377de48468d8c495727ef42fcb4126/screenshot HTTP/1.1
User-Agent: selenium/4.1.4 (java windows)
Cache-Control: no-cache
Content-Type: application/json; charset=utf-8
host: localhost:63869
accept: */*

Response DefaultHttpResponse(decodeResult: success, version: HTTP/1.1)
HTTP/1.1 200 OK
Content-Type: application/json; charset=utf-8
cache-control: no-cache
content-length: 92808

20:24:41.499 [AsyncHttpClient-1-8] DEBUG org.asynchttpclient.netty.channel.ChannelManager - Adding key: http://localhost:63869 for channel [id: 0xdb05171a, L:/127.0.0.1:51362 - R:localhost/127.0.0.1:63869]
20:24:41.503 [main] DEBUG net.serenitybdd.core.photography.Darkroom - Send negative for processing for target\site\serenity\130cd13297263784ff6c06b55e409045e21eae83b6e2977508cd5cb30639e10b.png
20:24:41.504 [main] DEBUG net.thucydides.core.steps.StepInterceptor - STARTING STEP: ArsipJadwalSteps.clickSearchAllCategoryArchive - clickButtonAllCategory
20:24:41.509 [Forwarding findElement on session f8377de48468d8c495727ef42fcb4126 to remote] DEBUG org.asynchttpclient.netty.request.NettyRequestSender - Using pooled Channel '[id: 0xdb05171a, L:/127.0.0.1:51362 - R:localhost/127.0.0.1:63869]' for 'POST' to 'http://localhost:63869/session/f8377de48468d8c495727ef42fcb4126/element'
20:24:41.509 [Forwarding findElement on session f8377de48468d8c495727ef42fcb4126 to remote] DEBUG org.asynchttpclient.netty.request.NettyRequestSender - Using open Channel [id: 0xdb05171a, L:/127.0.0.1:51362 - R:localhost/127.0.0.1:63869] for POST '/session/f8377de48468d8c495727ef42fcb4126/element'
20:24:41.529 [AsyncHttpClient-1-8] DEBUG org.asynchttpclient.netty.handler.HttpHandler - 

Request DefaultHttpRequest(decodeResult: success, version: HTTP/1.1)
POST /session/f8377de48468d8c495727ef42fcb4126/element HTTP/1.1
User-Agent: selenium/4.1.4 (java windows)
Content-Length: 68
Content-Type: application/json; charset=utf-8
host: localhost:63869
accept: */*

Response DefaultHttpResponse(decodeResult: success, version: HTTP/1.1)
HTTP/1.1 200 OK
Content-Type: application/json; charset=utf-8
cache-control: no-cache
content-length: 88

20:24:41.530 [AsyncHttpClient-1-8] DEBUG org.asynchttpclient.netty.channel.ChannelManager - Adding key: http://localhost:63869 for channel [id: 0xdb05171a, L:/127.0.0.1:51362 - R:localhost/127.0.0.1:63869]
20:24:41.532 [Forwarding getElementTagName on session f8377de48468d8c495727ef42fcb4126 to remote] DEBUG org.asynchttpclient.netty.request.NettyRequestSender - Using pooled Channel '[id: 0xdb05171a, L:/127.0.0.1:51362 - R:localhost/127.0.0.1:63869]' for 'GET' to 'http://localhost:63869/session/f8377de48468d8c495727ef42fcb4126/element/0ba2bf5c-27a5-469e-a2bb-b43472f518f7/name'
20:24:41.532 [Forwarding getElementTagName on session f8377de48468d8c495727ef42fcb4126 to remote] DEBUG org.asynchttpclient.netty.request.NettyRequestSender - Using open Channel [id: 0xdb05171a, L:/127.0.0.1:51362 - R:localhost/127.0.0.1:63869] for GET '/session/f8377de48468d8c495727ef42fcb4126/element/0ba2bf5c-27a5-469e-a2bb-b43472f518f7/name'
20:24:41.539 [AsyncHttpClient-1-8] DEBUG org.asynchttpclient.netty.handler.HttpHandler - 

Request DefaultFullHttpRequest(decodeResult: success, version: HTTP/1.1, content: EmptyByteBufBE)
GET /session/f8377de48468d8c495727ef42fcb4126/element/0ba2bf5c-27a5-469e-a2bb-b43472f518f7/name HTTP/1.1
User-Agent: selenium/4.1.4 (java windows)
Cache-Control: no-cache
Content-Type: application/json; charset=utf-8
host: localhost:63869
accept: */*

Response DefaultHttpResponse(decodeResult: success, version: HTTP/1.1)
HTTP/1.1 200 OK
Content-Type: application/json; charset=utf-8
cache-control: no-cache
content-length: 18

20:24:41.539 [AsyncHttpClient-1-8] DEBUG org.asynchttpclient.netty.channel.ChannelManager - Adding key: http://localhost:63869 for channel [id: 0xdb05171a, L:/127.0.0.1:51362 - R:localhost/127.0.0.1:63869]
20:24:41.542 [Forwarding getElementTagName on session f8377de48468d8c495727ef42fcb4126 to remote] DEBUG org.asynchttpclient.netty.request.NettyRequestSender - Using pooled Channel '[id: 0xdb05171a, L:/127.0.0.1:51362 - R:localhost/127.0.0.1:63869]' for 'GET' to 'http://localhost:63869/session/f8377de48468d8c495727ef42fcb4126/element/0ba2bf5c-27a5-469e-a2bb-b43472f518f7/name'
20:24:41.542 [Forwarding getElementTagName on session f8377de48468d8c495727ef42fcb4126 to remote] DEBUG org.asynchttpclient.netty.request.NettyRequestSender - Using open Channel [id: 0xdb05171a, L:/127.0.0.1:51362 - R:localhost/127.0.0.1:63869] for GET '/session/f8377de48468d8c495727ef42fcb4126/element/0ba2bf5c-27a5-469e-a2bb-b43472f518f7/name'
20:24:41.547 [AsyncHttpClient-1-8] DEBUG org.asynchttpclient.netty.handler.HttpHandler - 

Request DefaultFullHttpRequest(decodeResult: success, version: HTTP/1.1, content: EmptyByteBufBE)
GET /session/f8377de48468d8c495727ef42fcb4126/element/0ba2bf5c-27a5-469e-a2bb-b43472f518f7/name HTTP/1.1
User-Agent: selenium/4.1.4 (java windows)
Cache-Control: no-cache
Content-Type: application/json; charset=utf-8
host: localhost:63869
accept: */*

Response DefaultHttpResponse(decodeResult: success, version: HTTP/1.1)
HTTP/1.1 200 OK
Content-Type: application/json; charset=utf-8
cache-control: no-cache
content-length: 18

20:24:41.547 [AsyncHttpClient-1-8] DEBUG org.asynchttpclient.netty.channel.ChannelManager - Adding key: http://localhost:63869 for channel [id: 0xdb05171a, L:/127.0.0.1:51362 - R:localhost/127.0.0.1:63869]
20:24:41.551 [Forwarding isElementEnabled on session f8377de48468d8c495727ef42fcb4126 to remote] DEBUG org.asynchttpclient.netty.request.NettyRequestSender - Using pooled Channel '[id: 0xdb05171a, L:/127.0.0.1:51362 - R:localhost/127.0.0.1:63869]' for 'GET' to 'http://localhost:63869/session/f8377de48468d8c495727ef42fcb4126/element/0ba2bf5c-27a5-469e-a2bb-b43472f518f7/enabled'
20:24:41.551 [Forwarding isElementEnabled on session f8377de48468d8c495727ef42fcb4126 to remote] DEBUG org.asynchttpclient.netty.request.NettyRequestSender - Using open Channel [id: 0xdb05171a, L:/127.0.0.1:51362 - R:localhost/127.0.0.1:63869] for GET '/session/f8377de48468d8c495727ef42fcb4126/element/0ba2bf5c-27a5-469e-a2bb-b43472f518f7/enabled'
20:24:41.566 [AsyncHttpClient-1-8] DEBUG org.asynchttpclient.netty.handler.HttpHandler - 

Request DefaultFullHttpRequest(decodeResult: success, version: HTTP/1.1, content: EmptyByteBufBE)
GET /session/f8377de48468d8c495727ef42fcb4126/element/0ba2bf5c-27a5-469e-a2bb-b43472f518f7/enabled HTTP/1.1
User-Agent: selenium/4.1.4 (java windows)
Cache-Control: no-cache
Content-Type: application/json; charset=utf-8
host: localhost:63869
accept: */*

Response DefaultHttpResponse(decodeResult: success, version: HTTP/1.1)
HTTP/1.1 200 OK
Content-Type: application/json; charset=utf-8
cache-control: no-cache
content-length: 14

20:24:41.567 [AsyncHttpClient-1-8] DEBUG org.asynchttpclient.netty.channel.ChannelManager - Adding key: http://localhost:63869 for channel [id: 0xdb05171a, L:/127.0.0.1:51362 - R:localhost/127.0.0.1:63869]
20:24:41.569 [Forwarding isElementEnabled on session f8377de48468d8c495727ef42fcb4126 to remote] DEBUG org.asynchttpclient.netty.request.NettyRequestSender - Using pooled Channel '[id: 0xdb05171a, L:/127.0.0.1:51362 - R:localhost/127.0.0.1:63869]' for 'GET' to 'http://localhost:63869/session/f8377de48468d8c495727ef42fcb4126/element/0ba2bf5c-27a5-469e-a2bb-b43472f518f7/enabled'
20:24:41.569 [Forwarding isElementEnabled on session f8377de48468d8c495727ef42fcb4126 to remote] DEBUG org.asynchttpclient.netty.request.NettyRequestSender - Using open Channel [id: 0xdb05171a, L:/127.0.0.1:51362 - R:localhost/127.0.0.1:63869] for GET '/session/f8377de48468d8c495727ef42fcb4126/element/0ba2bf5c-27a5-469e-a2bb-b43472f518f7/enabled'
20:24:41.578 [AsyncHttpClient-1-8] DEBUG org.asynchttpclient.netty.handler.HttpHandler - 

Request DefaultFullHttpRequest(decodeResult: success, version: HTTP/1.1, content: EmptyByteBufBE)
GET /session/f8377de48468d8c495727ef42fcb4126/element/0ba2bf5c-27a5-469e-a2bb-b43472f518f7/enabled HTTP/1.1
User-Agent: selenium/4.1.4 (java windows)
Cache-Control: no-cache
Content-Type: application/json; charset=utf-8
host: localhost:63869
accept: */*

Response DefaultHttpResponse(decodeResult: success, version: HTTP/1.1)
HTTP/1.1 200 OK
Content-Type: application/json; charset=utf-8
cache-control: no-cache
content-length: 14

20:24:41.578 [AsyncHttpClient-1-8] DEBUG org.asynchttpclient.netty.channel.ChannelManager - Adding key: http://localhost:63869 for channel [id: 0xdb05171a, L:/127.0.0.1:51362 - R:localhost/127.0.0.1:63869]
20:24:41.582 [Forwarding findElement on session f8377de48468d8c495727ef42fcb4126 to remote] DEBUG org.asynchttpclient.netty.request.NettyRequestSender - Using pooled Channel '[id: 0xdb05171a, L:/127.0.0.1:51362 - R:localhost/127.0.0.1:63869]' for 'POST' to 'http://localhost:63869/session/f8377de48468d8c495727ef42fcb4126/element'
20:24:41.582 [Forwarding findElement on session f8377de48468d8c495727ef42fcb4126 to remote] DEBUG org.asynchttpclient.netty.request.NettyRequestSender - Using open Channel [id: 0xdb05171a, L:/127.0.0.1:51362 - R:localhost/127.0.0.1:63869] for POST '/session/f8377de48468d8c495727ef42fcb4126/element'
20:24:41.593 [AsyncHttpClient-1-8] DEBUG org.asynchttpclient.netty.handler.HttpHandler - 

Request DefaultHttpRequest(decodeResult: success, version: HTTP/1.1)
POST /session/f8377de48468d8c495727ef42fcb4126/element HTTP/1.1
User-Agent: selenium/4.1.4 (java windows)
Content-Length: 68
Content-Type: application/json; charset=utf-8
host: localhost:63869
accept: */*

Response DefaultHttpResponse(decodeResult: success, version: HTTP/1.1)
HTTP/1.1 200 OK
Content-Type: application/json; charset=utf-8
cache-control: no-cache
content-length: 88

20:24:41.593 [AsyncHttpClient-1-8] DEBUG org.asynchttpclient.netty.channel.ChannelManager - Adding key: http://localhost:63869 for channel [id: 0xdb05171a, L:/127.0.0.1:51362 - R:localhost/127.0.0.1:63869]
20:24:41.595 [Forwarding clickElement on session f8377de48468d8c495727ef42fcb4126 to remote] DEBUG org.asynchttpclient.netty.request.NettyRequestSender - Using pooled Channel '[id: 0xdb05171a, L:/127.0.0.1:51362 - R:localhost/127.0.0.1:63869]' for 'POST' to 'http://localhost:63869/session/f8377de48468d8c495727ef42fcb4126/element/0ba2bf5c-27a5-469e-a2bb-b43472f518f7/click'
20:24:41.595 [Forwarding clickElement on session f8377de48468d8c495727ef42fcb4126 to remote] DEBUG org.asynchttpclient.netty.request.NettyRequestSender - Using open Channel [id: 0xdb05171a, L:/127.0.0.1:51362 - R:localhost/127.0.0.1:63869] for POST '/session/f8377de48468d8c495727ef42fcb4126/element/0ba2bf5c-27a5-469e-a2bb-b43472f518f7/click'
20:24:41.685 [AsyncHttpClient-1-8] DEBUG org.asynchttpclient.netty.handler.HttpHandler - 

Request DefaultHttpRequest(decodeResult: success, version: HTTP/1.1)
POST /session/f8377de48468d8c495727ef42fcb4126/element/0ba2bf5c-27a5-469e-a2bb-b43472f518f7/click HTTP/1.1
User-Agent: selenium/4.1.4 (java windows)
Content-Length: 50
Content-Type: application/json; charset=utf-8
host: localhost:63869
accept: */*

Response DefaultHttpResponse(decodeResult: success, version: HTTP/1.1)
HTTP/1.1 200 OK
Content-Type: application/json; charset=utf-8
cache-control: no-cache
content-length: 14

20:24:41.685 [AsyncHttpClient-1-8] DEBUG org.asynchttpclient.netty.channel.ChannelManager - Adding key: http://localhost:63869 for channel [id: 0xdb05171a, L:/127.0.0.1:51362 - R:localhost/127.0.0.1:63869]
20:24:41.699 [Forwarding screenshot on session f8377de48468d8c495727ef42fcb4126 to remote] DEBUG org.asynchttpclient.netty.request.NettyRequestSender - Using pooled Channel '[id: 0xdb05171a, L:/127.0.0.1:51362 - R:localhost/127.0.0.1:63869]' for 'GET' to 'http://localhost:63869/session/f8377de48468d8c495727ef42fcb4126/screenshot'
20:24:41.699 [Forwarding screenshot on session f8377de48468d8c495727ef42fcb4126 to remote] DEBUG org.asynchttpclient.netty.request.NettyRequestSender - Using open Channel [id: 0xdb05171a, L:/127.0.0.1:51362 - R:localhost/127.0.0.1:63869] for GET '/session/f8377de48468d8c495727ef42fcb4126/screenshot'
20:24:41.833 [AsyncHttpClient-1-1] DEBUG org.asynchttpclient.netty.channel.DefaultChannelPool - Entry count for : http://localhost:51363 : 1
20:24:41.905 [AsyncHttpClient-1-8] DEBUG org.asynchttpclient.netty.handler.HttpHandler - 

Request DefaultFullHttpRequest(decodeResult: success, version: HTTP/1.1, content: EmptyByteBufBE)
GET /session/f8377de48468d8c495727ef42fcb4126/screenshot HTTP/1.1
User-Agent: selenium/4.1.4 (java windows)
Cache-Control: no-cache
Content-Type: application/json; charset=utf-8
host: localhost:63869
accept: */*

Response DefaultHttpResponse(decodeResult: success, version: HTTP/1.1)
HTTP/1.1 200 OK
Content-Type: application/json; charset=utf-8
cache-control: no-cache
content-length: 101276

20:24:41.906 [AsyncHttpClient-1-8] DEBUG org.asynchttpclient.netty.channel.ChannelManager - Adding key: http://localhost:63869 for channel [id: 0xdb05171a, L:/127.0.0.1:51362 - R:localhost/127.0.0.1:63869]
20:24:41.906 [main] DEBUG net.serenitybdd.core.photography.Darkroom - Send negative for processing for target\site\serenity\ba42667e7787003d98fa1e91a80648afdf7b19a281fe6c127efa3f4bf10efcb8.png
20:24:41.906 [main] DEBUG net.thucydides.core.steps.StepInterceptor - STEP DONE: clickButtonAllCategory
  &amp#27;[32mAnd &amp#27;[0m&amp#27;[32mClick search all category archive&amp#27;[0m               &amp#27;[90m# starter.stepdefinitios.ArsipJadwalSteps.clickSearchAllCategoryArchive()&amp#27;[0m
20:24:41.906 [Darkroom Processing Line] DEBUG net.serenitybdd.core.photography.DarkroomProcessingLine - Processing screenshot image in /var/screenshots/screenshot-4473165401135381598
20:24:41.906 [Darkroom Processing Line] DEBUG net.serenitybdd.core.photography.DarkroomProcessingLine - Saving screenshot to target\site\serenity\ba42667e7787003d98fa1e91a80648afdf7b19a281fe6c127efa3f4bf10efcb8.png
20:24:42.919 [AsyncHttpClient-1-1] DEBUG org.asynchttpclient.netty.channel.DefaultChannelPool - Entry count for : http://localhost:63869 : 1
20:24:42.919 [AsyncHttpClient-1-1] DEBUG org.asynchttpclient.netty.channel.DefaultChannelPool - Entry count for : http://localhost:51363 : 1
20:24:42.940 [Forwarding screenshot on session f8377de48468d8c495727ef42fcb4126 to remote] DEBUG org.asynchttpclient.netty.request.NettyRequestSender - Using pooled Channel '[id: 0xdb05171a, L:/127.0.0.1:51362 - R:localhost/127.0.0.1:63869]' for 'GET' to 'http://localhost:63869/session/f8377de48468d8c495727ef42fcb4126/screenshot'
20:24:42.940 [Forwarding screenshot on session f8377de48468d8c495727ef42fcb4126 to remote] DEBUG org.asynchttpclient.netty.request.NettyRequestSender - Using open Channel [id: 0xdb05171a, L:/127.0.0.1:51362 - R:localhost/127.0.0.1:63869] for GET '/session/f8377de48468d8c495727ef42fcb4126/screenshot'
20:24:43.175 [AsyncHttpClient-1-8] DEBUG org.asynchttpclient.netty.handler.HttpHandler - 

Request DefaultFullHttpRequest(decodeResult: success, version: HTTP/1.1, content: EmptyByteBufBE)
GET /session/f8377de48468d8c495727ef42fcb4126/screenshot HTTP/1.1
User-Agent: selenium/4.1.4 (java windows)
Cache-Control: no-cache
Content-Type: application/json; charset=utf-8
host: localhost:63869
accept: */*

Response DefaultHttpResponse(decodeResult: success, version: HTTP/1.1)
HTTP/1.1 200 OK
Content-Type: application/json; charset=utf-8
cache-control: no-cache
content-length: 101276

20:24:43.176 [AsyncHttpClient-1-8] DEBUG org.asynchttpclient.netty.channel.ChannelManager - Adding key: http://localhost:63869 for channel [id: 0xdb05171a, L:/127.0.0.1:51362 - R:localhost/127.0.0.1:63869]
20:24:43.181 [main] DEBUG net.serenitybdd.core.photography.Darkroom - Send negative for processing for target\site\serenity\ba42667e7787003d98fa1e91a80648afdf7b19a281fe6c127efa3f4bf10efcb8.png
20:24:43.184 [main] DEBUG net.thucydides.core.steps.StepInterceptor - STARTING STEP: ArsipJadwalSteps.clickChoseNamaPasien - clickButtonChooseCategoryNamaOnArsip
20:24:43.193 [Forwarding findElement on session f8377de48468d8c495727ef42fcb4126 to remote] DEBUG org.asynchttpclient.netty.request.NettyRequestSender - Using pooled Channel '[id: 0xdb05171a, L:/127.0.0.1:51362 - R:localhost/127.0.0.1:63869]' for 'POST' to 'http://localhost:63869/session/f8377de48468d8c495727ef42fcb4126/element'
20:24:43.193 [Forwarding findElement on session f8377de48468d8c495727ef42fcb4126 to remote] DEBUG org.asynchttpclient.netty.request.NettyRequestSender - Using open Channel [id: 0xdb05171a, L:/127.0.0.1:51362 - R:localhost/127.0.0.1:63869] for POST '/session/f8377de48468d8c495727ef42fcb4126/element'
20:24:43.220 [AsyncHttpClient-1-8] DEBUG org.asynchttpclient.netty.handler.HttpHandler - 

Request DefaultHttpRequest(decodeResult: success, version: HTTP/1.1)
POST /session/f8377de48468d8c495727ef42fcb4126/element HTTP/1.1
User-Agent: selenium/4.1.4 (java windows)
Content-Length: 73
Content-Type: application/json; charset=utf-8
host: localhost:63869
accept: */*

Response DefaultHttpResponse(decodeResult: success, version: HTTP/1.1)
HTTP/1.1 200 OK
Content-Type: application/json; charset=utf-8
cache-control: no-cache
content-length: 88

20:24:43.220 [AsyncHttpClient-1-8] DEBUG org.asynchttpclient.netty.channel.ChannelManager - Adding key: http://localhost:63869 for channel [id: 0xdb05171a, L:/127.0.0.1:51362 - R:localhost/127.0.0.1:63869]
20:24:43.223 [Forwarding getElementTagName on session f8377de48468d8c495727ef42fcb4126 to remote] DEBUG org.asynchttpclient.netty.request.NettyRequestSender - Using pooled Channel '[id: 0xdb05171a, L:/127.0.0.1:51362 - R:localhost/127.0.0.1:63869]' for 'GET' to 'http://localhost:63869/session/f8377de48468d8c495727ef42fcb4126/element/fd4b82f0-74df-4bf6-9b3b-2d6e272f2de1/name'
20:24:43.223 [Forwarding getElementTagName on session f8377de48468d8c495727ef42fcb4126 to remote] DEBUG org.asynchttpclient.netty.request.NettyRequestSender - Using open Channel [id: 0xdb05171a, L:/127.0.0.1:51362 - R:localhost/127.0.0.1:63869] for GET '/session/f8377de48468d8c495727ef42fcb4126/element/fd4b82f0-74df-4bf6-9b3b-2d6e272f2de1/name'
20:24:43.232 [AsyncHttpClient-1-8] DEBUG org.asynchttpclient.netty.handler.HttpHandler - 

Request DefaultFullHttpRequest(decodeResult: success, version: HTTP/1.1, content: EmptyByteBufBE)
GET /session/f8377de48468d8c495727ef42fcb4126/element/fd4b82f0-74df-4bf6-9b3b-2d6e272f2de1/name HTTP/1.1
User-Agent: selenium/4.1.4 (java windows)
Cache-Control: no-cache
Content-Type: application/json; charset=utf-8
host: localhost:63869
accept: */*

Response DefaultHttpResponse(decodeResult: success, version: HTTP/1.1)
HTTP/1.1 200 OK
Content-Type: application/json; charset=utf-8
cache-control: no-cache
content-length: 18

20:24:43.232 [AsyncHttpClient-1-8] DEBUG org.asynchttpclient.netty.channel.ChannelManager - Adding key: http://localhost:63869 for channel [id: 0xdb05171a, L:/127.0.0.1:51362 - R:localhost/127.0.0.1:63869]
20:24:43.235 [Forwarding getElementTagName on session f8377de48468d8c495727ef42fcb4126 to remote] DEBUG org.asynchttpclient.netty.request.NettyRequestSender - Using pooled Channel '[id: 0xdb05171a, L:/127.0.0.1:51362 - R:localhost/127.0.0.1:63869]' for 'GET' to 'http://localhost:63869/session/f8377de48468d8c495727ef42fcb4126/element/fd4b82f0-74df-4bf6-9b3b-2d6e272f2de1/name'
20:24:43.235 [Forwarding getElementTagName on session f8377de48468d8c495727ef42fcb4126 to remote] DEBUG org.asynchttpclient.netty.request.NettyRequestSender - Using open Channel [id: 0xdb05171a, L:/127.0.0.1:51362 - R:localhost/127.0.0.1:63869] for GET '/session/f8377de48468d8c495727ef42fcb4126/element/fd4b82f0-74df-4bf6-9b3b-2d6e272f2de1/name'
20:24:43.244 [AsyncHttpClient-1-8] DEBUG org.asynchttpclient.netty.handler.HttpHandler - 

Request DefaultFullHttpRequest(decodeResult: success, version: HTTP/1.1, content: EmptyByteBufBE)
GET /session/f8377de48468d8c495727ef42fcb4126/element/fd4b82f0-74df-4bf6-9b3b-2d6e272f2de1/name HTTP/1.1
User-Agent: selenium/4.1.4 (java windows)
Cache-Control: no-cache
Content-Type: application/json; charset=utf-8
host: localhost:63869
accept: */*

Response DefaultHttpResponse(decodeResult: success, version: HTTP/1.1)
HTTP/1.1 200 OK
Content-Type: application/json; charset=utf-8
cache-control: no-cache
content-length: 18

20:24:43.244 [AsyncHttpClient-1-8] DEBUG org.asynchttpclient.netty.channel.ChannelManager - Adding key: http://localhost:63869 for channel [id: 0xdb05171a, L:/127.0.0.1:51362 - R:localhost/127.0.0.1:63869]
20:24:43.250 [Forwarding isElementEnabled on session f8377de48468d8c495727ef42fcb4126 to remote] DEBUG org.asynchttpclient.netty.request.NettyRequestSender - Using pooled Channel '[id: 0xdb05171a, L:/127.0.0.1:51362 - R:localhost/127.0.0.1:63869]' for 'GET' to 'http://localhost:63869/session/f8377de48468d8c495727ef42fcb4126/element/fd4b82f0-74df-4bf6-9b3b-2d6e272f2de1/enabled'
20:24:43.250 [Forwarding isElementEnabled on session f8377de48468d8c495727ef42fcb4126 to remote] DEBUG org.asynchttpclient.netty.request.NettyRequestSender - Using open Channel [id: 0xdb05171a, L:/127.0.0.1:51362 - R:localhost/127.0.0.1:63869] for GET '/session/f8377de48468d8c495727ef42fcb4126/element/fd4b82f0-74df-4bf6-9b3b-2d6e272f2de1/enabled'
20:24:43.268 [AsyncHttpClient-1-8] DEBUG org.asynchttpclient.netty.handler.HttpHandler - 

Request DefaultFullHttpRequest(decodeResult: success, version: HTTP/1.1, content: EmptyByteBufBE)
GET /session/f8377de48468d8c495727ef42fcb4126/element/fd4b82f0-74df-4bf6-9b3b-2d6e272f2de1/enabled HTTP/1.1
User-Agent: selenium/4.1.4 (java windows)
Cache-Control: no-cache
Content-Type: application/json; charset=utf-8
host: localhost:63869
accept: */*

Response DefaultHttpResponse(decodeResult: success, version: HTTP/1.1)
HTTP/1.1 200 OK
Content-Type: application/json; charset=utf-8
cache-control: no-cache
content-length: 14

20:24:43.268 [AsyncHttpClient-1-8] DEBUG org.asynchttpclient.netty.channel.ChannelManager - Adding key: http://localhost:63869 for channel [id: 0xdb05171a, L:/127.0.0.1:51362 - R:localhost/127.0.0.1:63869]
20:24:43.270 [Forwarding isElementEnabled on session f8377de48468d8c495727ef42fcb4126 to remote] DEBUG org.asynchttpclient.netty.request.NettyRequestSender - Using pooled Channel '[id: 0xdb05171a, L:/127.0.0.1:51362 - R:localhost/127.0.0.1:63869]' for 'GET' to 'http://localhost:63869/session/f8377de48468d8c495727ef42fcb4126/element/fd4b82f0-74df-4bf6-9b3b-2d6e272f2de1/enabled'
20:24:43.271 [Forwarding isElementEnabled on session f8377de48468d8c495727ef42fcb4126 to remote] DEBUG org.asynchttpclient.netty.request.NettyRequestSender - Using open Channel [id: 0xdb05171a, L:/127.0.0.1:51362 - R:localhost/127.0.0.1:63869] for GET '/session/f8377de48468d8c495727ef42fcb4126/element/fd4b82f0-74df-4bf6-9b3b-2d6e272f2de1/enabled'
20:24:43.283 [AsyncHttpClient-1-8] DEBUG org.asynchttpclient.netty.handler.HttpHandler - 

Request DefaultFullHttpRequest(decodeResult: success, version: HTTP/1.1, content: EmptyByteBufBE)
GET /session/f8377de48468d8c495727ef42fcb4126/element/fd4b82f0-74df-4bf6-9b3b-2d6e272f2de1/enabled HTTP/1.1
User-Agent: selenium/4.1.4 (java windows)
Cache-Control: no-cache
Content-Type: application/json; charset=utf-8
host: localhost:63869
accept: */*

Response DefaultHttpResponse(decodeResult: success, version: HTTP/1.1)
HTTP/1.1 200 OK
Content-Type: application/json; charset=utf-8
cache-control: no-cache
content-length: 14

20:24:43.283 [AsyncHttpClient-1-8] DEBUG org.asynchttpclient.netty.channel.ChannelManager - Adding key: http://localhost:63869 for channel [id: 0xdb05171a, L:/127.0.0.1:51362 - R:localhost/127.0.0.1:63869]
20:24:43.287 [Forwarding findElement on session f8377de48468d8c495727ef42fcb4126 to remote] DEBUG org.asynchttpclient.netty.request.NettyRequestSender - Using pooled Channel '[id: 0xdb05171a, L:/127.0.0.1:51362 - R:localhost/127.0.0.1:63869]' for 'POST' to 'http://localhost:63869/session/f8377de48468d8c495727ef42fcb4126/element'
20:24:43.287 [Forwarding findElement on session f8377de48468d8c495727ef42fcb4126 to remote] DEBUG org.asynchttpclient.netty.request.NettyRequestSender - Using open Channel [id: 0xdb05171a, L:/127.0.0.1:51362 - R:localhost/127.0.0.1:63869] for POST '/session/f8377de48468d8c495727ef42fcb4126/element'
20:24:43.307 [AsyncHttpClient-1-8] DEBUG org.asynchttpclient.netty.handler.HttpHandler - 

Request DefaultHttpRequest(decodeResult: success, version: HTTP/1.1)
POST /session/f8377de48468d8c495727ef42fcb4126/element HTTP/1.1
User-Agent: selenium/4.1.4 (java windows)
Content-Length: 73
Content-Type: application/json; charset=utf-8
host: localhost:63869
accept: */*

Response DefaultHttpResponse(decodeResult: success, version: HTTP/1.1)
HTTP/1.1 200 OK
Content-Type: application/json; charset=utf-8
cache-control: no-cache
content-length: 88

20:24:43.307 [AsyncHttpClient-1-8] DEBUG org.asynchttpclient.netty.channel.ChannelManager - Adding key: http://localhost:63869 for channel [id: 0xdb05171a, L:/127.0.0.1:51362 - R:localhost/127.0.0.1:63869]
20:24:43.310 [Forwarding clickElement on session f8377de48468d8c495727ef42fcb4126 to remote] DEBUG org.asynchttpclient.netty.request.NettyRequestSender - Using pooled Channel '[id: 0xdb05171a, L:/127.0.0.1:51362 - R:localhost/127.0.0.1:63869]' for 'POST' to 'http://localhost:63869/session/f8377de48468d8c495727ef42fcb4126/element/fd4b82f0-74df-4bf6-9b3b-2d6e272f2de1/click'
20:24:43.310 [Forwarding clickElement on session f8377de48468d8c495727ef42fcb4126 to remote] DEBUG org.asynchttpclient.netty.request.NettyRequestSender - Using open Channel [id: 0xdb05171a, L:/127.0.0.1:51362 - R:localhost/127.0.0.1:63869] for POST '/session/f8377de48468d8c495727ef42fcb4126/element/fd4b82f0-74df-4bf6-9b3b-2d6e272f2de1/click'
20:24:43.409 [AsyncHttpClient-1-8] DEBUG org.asynchttpclient.netty.handler.HttpHandler - 

Request DefaultHttpRequest(decodeResult: success, version: HTTP/1.1)
POST /session/f8377de48468d8c495727ef42fcb4126/element/fd4b82f0-74df-4bf6-9b3b-2d6e272f2de1/click HTTP/1.1
User-Agent: selenium/4.1.4 (java windows)
Content-Length: 50
Content-Type: application/json; charset=utf-8
host: localhost:63869
accept: */*

Response DefaultHttpResponse(decodeResult: success, version: HTTP/1.1)
HTTP/1.1 200 OK
Content-Type: application/json; charset=utf-8
cache-control: no-cache
content-length: 14

20:24:43.410 [AsyncHttpClient-1-8] DEBUG org.asynchttpclient.netty.channel.ChannelManager - Adding key: http://localhost:63869 for channel [id: 0xdb05171a, L:/127.0.0.1:51362 - R:localhost/127.0.0.1:63869]
20:24:43.423 [Forwarding screenshot on session f8377de48468d8c495727ef42fcb4126 to remote] DEBUG org.asynchttpclient.netty.request.NettyRequestSender - Using pooled Channel '[id: 0xdb05171a, L:/127.0.0.1:51362 - R:localhost/127.0.0.1:63869]' for 'GET' to 'http://localhost:63869/session/f8377de48468d8c495727ef42fcb4126/screenshot'
20:24:43.423 [Forwarding screenshot on session f8377de48468d8c495727ef42fcb4126 to remote] DEBUG org.asynchttpclient.netty.request.NettyRequestSender - Using open Channel [id: 0xdb05171a, L:/127.0.0.1:51362 - R:localhost/127.0.0.1:63869] for GET '/session/f8377de48468d8c495727ef42fcb4126/screenshot'
20:24:43.646 [AsyncHttpClient-1-8] DEBUG org.asynchttpclient.netty.handler.HttpHandler - 

Request DefaultFullHttpRequest(decodeResult: success, version: HTTP/1.1, content: EmptyByteBufBE)
GET /session/f8377de48468d8c495727ef42fcb4126/screenshot HTTP/1.1
User-Agent: selenium/4.1.4 (java windows)
Cache-Control: no-cache
Content-Type: application/json; charset=utf-8
host: localhost:63869
accept: */*

Response DefaultHttpResponse(decodeResult: success, version: HTTP/1.1)
HTTP/1.1 200 OK
Content-Type: application/json; charset=utf-8
cache-control: no-cache
content-length: 100876

20:24:43.647 [AsyncHttpClient-1-8] DEBUG org.asynchttpclient.netty.channel.ChannelManager - Adding key: http://localhost:63869 for channel [id: 0xdb05171a, L:/127.0.0.1:51362 - R:localhost/127.0.0.1:63869]
20:24:43.651 [main] DEBUG net.serenitybdd.core.photography.Darkroom - Send negative for processing for target\site\serenity\6bbdcd3c3622f19150478b1e5740d71359ded9e1e46604a1b06ce60e6834cbff.png
20:24:43.652 [main] DEBUG net.thucydides.core.steps.StepInterceptor - STEP DONE: clickButtonChooseCategoryNamaOnArsip
  &amp#27;[32mThen &amp#27;[0m&amp#27;[32mClick chose nama pasien&amp#27;[0m                        &amp#27;[90m# starter.stepdefinitios.ArsipJadwalSteps.clickChoseNamaPasien()&amp#27;[0m
20:24:43.652 [Darkroom Processing Line] DEBUG net.serenitybdd.core.photography.DarkroomProcessingLine - Processing screenshot image in /var/screenshots/screenshot-11726369627770919495
20:24:43.652 [Darkroom Processing Line] DEBUG net.serenitybdd.core.photography.DarkroomProcessingLine - Saving screenshot to target\site\serenity\6bbdcd3c3622f19150478b1e5740d71359ded9e1e46604a1b06ce60e6834cbff.png
20:24:44.015 [AsyncHttpClient-1-1] DEBUG org.asynchttpclient.netty.channel.DefaultChannelPool - Entry count for : http://localhost:63869 : 1
20:24:44.015 [AsyncHttpClient-1-1] DEBUG org.asynchttpclient.netty.channel.DefaultChannelPool - Entry count for : http://localhost:51363 : 1
20:24:45.114 [AsyncHttpClient-1-1] DEBUG org.asynchttpclient.netty.channel.DefaultChannelPool - Entry count for : http://localhost:63869 : 1
20:24:45.114 [AsyncHttpClient-1-1] DEBUG org.asynchttpclient.netty.channel.DefaultChannelPool - Entry count for : http://localhost:51363 : 1
20:24:45.798 [Forwarding screenshot on session f8377de48468d8c495727ef42fcb4126 to remote] DEBUG org.asynchttpclient.netty.request.NettyRequestSender - Using pooled Channel '[id: 0xdb05171a, L:/127.0.0.1:51362 - R:localhost/127.0.0.1:63869]' for 'GET' to 'http://localhost:63869/session/f8377de48468d8c495727ef42fcb4126/screenshot'
20:24:45.798 [Forwarding screenshot on session f8377de48468d8c495727ef42fcb4126 to remote] DEBUG org.asynchttpclient.netty.request.NettyRequestSender - Using open Channel [id: 0xdb05171a, L:/127.0.0.1:51362 - R:localhost/127.0.0.1:63869] for GET '/session/f8377de48468d8c495727ef42fcb4126/screenshot'
20:24:45.981 [AsyncHttpClient-1-8] DEBUG org.asynchttpclient.netty.handler.HttpHandler - 

Request DefaultFullHttpRequest(decodeResult: success, version: HTTP/1.1, content: EmptyByteBufBE)
GET /session/f8377de48468d8c495727ef42fcb4126/screenshot HTTP/1.1
User-Agent: selenium/4.1.4 (java windows)
Cache-Control: no-cache
Content-Type: application/json; charset=utf-8
host: localhost:63869
accept: */*

Response DefaultHttpResponse(decodeResult: success, version: HTTP/1.1)
HTTP/1.1 200 OK
Content-Type: application/json; charset=utf-8
cache-control: no-cache
content-length: 100876

20:24:45.981 [AsyncHttpClient-1-8] DEBUG org.asynchttpclient.netty.channel.ChannelManager - Adding key: http://localhost:63869 for channel [id: 0xdb05171a, L:/127.0.0.1:51362 - R:localhost/127.0.0.1:63869]
20:24:45.986 [main] DEBUG net.serenitybdd.core.photography.Darkroom - Send negative for processing for target\site\serenity\6bbdcd3c3622f19150478b1e5740d71359ded9e1e46604a1b06ce60e6834cbff.png
20:24:45.987 [main] DEBUG net.thucydides.core.steps.StepInterceptor - STARTING STEP: PatientDataSteps.inputDataCategory - inputDataCategory
20:24:45.991 [Forwarding findElement on session f8377de48468d8c495727ef42fcb4126 to remote] DEBUG org.asynchttpclient.netty.request.NettyRequestSender - Using pooled Channel '[id: 0xdb05171a, L:/127.0.0.1:51362 - R:localhost/127.0.0.1:63869]' for 'POST' to 'http://localhost:63869/session/f8377de48468d8c495727ef42fcb4126/element'
20:24:45.991 [Forwarding findElement on session f8377de48468d8c495727ef42fcb4126 to remote] DEBUG org.asynchttpclient.netty.request.NettyRequestSender - Using open Channel [id: 0xdb05171a, L:/127.0.0.1:51362 - R:localhost/127.0.0.1:63869] for POST '/session/f8377de48468d8c495727ef42fcb4126/element'
20:24:46.011 [AsyncHttpClient-1-8] DEBUG org.asynchttpclient.netty.handler.HttpHandler - 

Request DefaultHttpRequest(decodeResult: success, version: HTTP/1.1)
POST /session/f8377de48468d8c495727ef42fcb4126/element HTTP/1.1
User-Agent: selenium/4.1.4 (java windows)
Content-Length: 102
Content-Type: application/json; charset=utf-8
host: localhost:63869
accept: */*

Response DefaultHttpResponse(decodeResult: success, version: HTTP/1.1)
HTTP/1.1 200 OK
Content-Type: application/json; charset=utf-8
cache-control: no-cache
content-length: 88

20:24:46.011 [AsyncHttpClient-1-8] DEBUG org.asynchttpclient.netty.channel.ChannelManager - Adding key: http://localhost:63869 for channel [id: 0xdb05171a, L:/127.0.0.1:51362 - R:localhost/127.0.0.1:63869]
20:24:46.013 [Forwarding clearElement on session f8377de48468d8c495727ef42fcb4126 to remote] DEBUG org.asynchttpclient.netty.request.NettyRequestSender - Using pooled Channel '[id: 0xdb05171a, L:/127.0.0.1:51362 - R:localhost/127.0.0.1:63869]' for 'POST' to 'http://localhost:63869/session/f8377de48468d8c495727ef42fcb4126/element/577f2c34-28e6-472b-a1a6-854e262560bf/clear'
20:24:46.013 [Forwarding clearElement on session f8377de48468d8c495727ef42fcb4126 to remote] DEBUG org.asynchttpclient.netty.request.NettyRequestSender - Using open Channel [id: 0xdb05171a, L:/127.0.0.1:51362 - R:localhost/127.0.0.1:63869] for POST '/session/f8377de48468d8c495727ef42fcb4126/element/577f2c34-28e6-472b-a1a6-854e262560bf/clear'
20:24:46.065 [AsyncHttpClient-1-8] DEBUG org.asynchttpclient.netty.handler.HttpHandler - 

Request DefaultHttpRequest(decodeResult: success, version: HTTP/1.1)
POST /session/f8377de48468d8c495727ef42fcb4126/element/577f2c34-28e6-472b-a1a6-854e262560bf/clear HTTP/1.1
User-Agent: selenium/4.1.4 (java windows)
Content-Length: 50
Content-Type: application/json; charset=utf-8
host: localhost:63869
accept: */*

Response DefaultHttpResponse(decodeResult: success, version: HTTP/1.1)
HTTP/1.1 200 OK
Content-Type: application/json; charset=utf-8
cache-control: no-cache
content-length: 14

20:24:46.065 [AsyncHttpClient-1-8] DEBUG org.asynchttpclient.netty.channel.ChannelManager - Adding key: http://localhost:63869 for channel [id: 0xdb05171a, L:/127.0.0.1:51362 - R:localhost/127.0.0.1:63869]
20:24:46.068 [Forwarding sendKeysToElement on session f8377de48468d8c495727ef42fcb4126 to remote] DEBUG org.asynchttpclient.netty.request.NettyRequestSender - Using pooled Channel '[id: 0xdb05171a, L:/127.0.0.1:51362 - R:localhost/127.0.0.1:63869]' for 'POST' to 'http://localhost:63869/session/f8377de48468d8c495727ef42fcb4126/element/577f2c34-28e6-472b-a1a6-854e262560bf/value'
20:24:46.068 [Forwarding sendKeysToElement on session f8377de48468d8c495727ef42fcb4126 to remote] DEBUG org.asynchttpclient.netty.request.NettyRequestSender - Using open Channel [id: 0xdb05171a, L:/127.0.0.1:51362 - R:localhost/127.0.0.1:63869] for POST '/session/f8377de48468d8c495727ef42fcb4126/element/577f2c34-28e6-472b-a1a6-854e262560bf/value'
20:24:46.202 [AsyncHttpClient-1-8] DEBUG org.asynchttpclient.netty.handler.HttpHandler - 

Request DefaultHttpRequest(decodeResult: success, version: HTTP/1.1)
POST /session/f8377de48468d8c495727ef42fcb4126/element/577f2c34-28e6-472b-a1a6-854e262560bf/value HTTP/1.1
User-Agent: selenium/4.1.4 (java windows)
Content-Length: 131
Content-Type: application/json; charset=utf-8
host: localhost:63869
accept: */*

Response DefaultHttpResponse(decodeResult: success, version: HTTP/1.1)
HTTP/1.1 200 OK
Content-Type: application/json; charset=utf-8
cache-control: no-cache
content-length: 14

20:24:46.202 [AsyncHttpClient-1-8] DEBUG org.asynchttpclient.netty.channel.ChannelManager - Adding key: http://localhost:63869 for channel [id: 0xdb05171a, L:/127.0.0.1:51362 - R:localhost/127.0.0.1:63869]
20:24:46.213 [Forwarding screenshot on session f8377de48468d8c495727ef42fcb4126 to remote] DEBUG org.asynchttpclient.netty.request.NettyRequestSender - Using pooled Channel '[id: 0xdb05171a, L:/127.0.0.1:51362 - R:localhost/127.0.0.1:63869]' for 'GET' to 'http://localhost:63869/session/f8377de48468d8c495727ef42fcb4126/screenshot'
20:24:46.213 [Forwarding screenshot on session f8377de48468d8c495727ef42fcb4126 to remote] DEBUG org.asynchttpclient.netty.request.NettyRequestSender - Using open Channel [id: 0xdb05171a, L:/127.0.0.1:51362 - R:localhost/127.0.0.1:63869] for GET '/session/f8377de48468d8c495727ef42fcb4126/screenshot'
20:24:46.217 [AsyncHttpClient-1-1] DEBUG org.asynchttpclient.netty.channel.DefaultChannelPool - Entry count for : http://localhost:51363 : 1
20:24:46.349 [AsyncHttpClient-1-8] DEBUG org.asynchttpclient.netty.handler.HttpHandler - 

Request DefaultFullHttpRequest(decodeResult: success, version: HTTP/1.1, content: EmptyByteBufBE)
GET /session/f8377de48468d8c495727ef42fcb4126/screenshot HTTP/1.1
User-Agent: selenium/4.1.4 (java windows)
Cache-Control: no-cache
Content-Type: application/json; charset=utf-8
host: localhost:63869
accept: */*

Response DefaultHttpResponse(decodeResult: success, version: HTTP/1.1)
HTTP/1.1 200 OK
Content-Type: application/json; charset=utf-8
cache-control: no-cache
content-length: 91180

20:24:46.349 [AsyncHttpClient-1-8] DEBUG org.asynchttpclient.netty.channel.ChannelManager - Adding key: http://localhost:63869 for channel [id: 0xdb05171a, L:/127.0.0.1:51362 - R:localhost/127.0.0.1:63869]
20:24:46.354 [main] DEBUG net.serenitybdd.core.photography.Darkroom - Send negative for processing for target\site\serenity\7555a277a9bb7c30cb07ed5d9fc085bfc08bda9d414ed3550188301925c9c726.png
20:24:46.355 [main] DEBUG net.thucydides.core.steps.StepInterceptor - STEP DONE: inputDataCategory
  &amp#27;[32mAnd &amp#27;[0m&amp#27;[32mInput data &amp#27;[0m&amp#27;[32m&amp#27;[1m"bagas"&amp#27;[0m&amp#27;[32m category&amp#27;[0m                     &amp#27;[90m# starter.stepdefinitios.PatientDataSteps.inputDataCategory(java.lang.String)&amp#27;[0m
20:24:46.355 [Darkroom Processing Line] DEBUG net.serenitybdd.core.photography.DarkroomProcessingLine - Processing screenshot image in /var/screenshots/screenshot-7025306576658143261
20:24:46.355 [Darkroom Processing Line] DEBUG net.serenitybdd.core.photography.DarkroomProcessingLine - Saving screenshot to target\site\serenity\7555a277a9bb7c30cb07ed5d9fc085bfc08bda9d414ed3550188301925c9c726.png
20:24:47.318 [AsyncHttpClient-1-1] DEBUG org.asynchttpclient.netty.channel.DefaultChannelPool - Entry count for : http://localhost:63869 : 1
20:24:47.318 [AsyncHttpClient-1-1] DEBUG org.asynchttpclient.netty.channel.DefaultChannelPool - Entry count for : http://localhost:51363 : 1
20:24:48.390 [Forwarding screenshot on session f8377de48468d8c495727ef42fcb4126 to remote] DEBUG org.asynchttpclient.netty.request.NettyRequestSender - Using pooled Channel '[id: 0xdb05171a, L:/127.0.0.1:51362 - R:localhost/127.0.0.1:63869]' for 'GET' to 'http://localhost:63869/session/f8377de48468d8c495727ef42fcb4126/screenshot'
20:24:48.390 [Forwarding screenshot on session f8377de48468d8c495727ef42fcb4126 to remote] DEBUG org.asynchttpclient.netty.request.NettyRequestSender - Using open Channel [id: 0xdb05171a, L:/127.0.0.1:51362 - R:localhost/127.0.0.1:63869] for GET '/session/f8377de48468d8c495727ef42fcb4126/screenshot'
20:24:48.416 [AsyncHttpClient-1-1] DEBUG org.asynchttpclient.netty.channel.DefaultChannelPool - Entry count for : http://localhost:51363 : 1
20:24:48.545 [AsyncHttpClient-1-8] DEBUG org.asynchttpclient.netty.handler.HttpHandler - 

Request DefaultFullHttpRequest(decodeResult: success, version: HTTP/1.1, content: EmptyByteBufBE)
GET /session/f8377de48468d8c495727ef42fcb4126/screenshot HTTP/1.1
User-Agent: selenium/4.1.4 (java windows)
Cache-Control: no-cache
Content-Type: application/json; charset=utf-8
host: localhost:63869
accept: */*

Response DefaultHttpResponse(decodeResult: success, version: HTTP/1.1)
HTTP/1.1 200 OK
Content-Type: application/json; charset=utf-8
cache-control: no-cache
content-length: 91244

20:24:48.545 [AsyncHttpClient-1-8] DEBUG org.asynchttpclient.netty.channel.ChannelManager - Adding key: http://localhost:63869 for channel [id: 0xdb05171a, L:/127.0.0.1:51362 - R:localhost/127.0.0.1:63869]
20:24:48.549 [main] DEBUG net.serenitybdd.core.photography.Darkroom - Send negative for processing for target\site\serenity\e08337f1ba69e6e6b4cdb27c1c7c173bf849d98d6f606c8b5bc79ba4c5a6deba.png
20:24:48.550 [Darkroom Processing Line] DEBUG net.serenitybdd.core.photography.DarkroomProcessingLine - Processing screenshot image in /var/screenshots/screenshot-6387507875750984380
20:24:48.550 [main] DEBUG net.thucydides.core.steps.StepInterceptor - STARTING STEP: ArsipJadwalSteps.validDataCategoryArchive - validPagePasien
20:24:48.550 [Darkroom Processing Line] DEBUG net.serenitybdd.core.photography.DarkroomProcessingLine - Saving screenshot to target\site\serenity\e08337f1ba69e6e6b4cdb27c1c7c173bf849d98d6f606c8b5bc79ba4c5a6deba.png
20:24:48.553 [Forwarding findElement on session f8377de48468d8c495727ef42fcb4126 to remote] DEBUG org.asynchttpclient.netty.request.NettyRequestSender - Using pooled Channel '[id: 0xdb05171a, L:/127.0.0.1:51362 - R:localhost/127.0.0.1:63869]' for 'POST' to 'http://localhost:63869/session/f8377de48468d8c495727ef42fcb4126/element'
20:24:48.553 [Forwarding findElement on session f8377de48468d8c495727ef42fcb4126 to remote] DEBUG org.asynchttpclient.netty.request.NettyRequestSender - Using open Channel [id: 0xdb05171a, L:/127.0.0.1:51362 - R:localhost/127.0.0.1:63869] for POST '/session/f8377de48468d8c495727ef42fcb4126/element'
20:24:48.562 [AsyncHttpClient-1-8] DEBUG org.asynchttpclient.netty.handler.HttpHandler - 

Request DefaultHttpRequest(decodeResult: success, version: HTTP/1.1)
POST /session/f8377de48468d8c495727ef42fcb4126/element HTTP/1.1
User-Agent: selenium/4.1.4 (java windows)
Content-Length: 126
Content-Type: application/json; charset=utf-8
host: localhost:63869
accept: */*

Response DefaultHttpResponse(decodeResult: success, version: HTTP/1.1)
HTTP/1.1 200 OK
Content-Type: application/json; charset=utf-8
cache-control: no-cache
content-length: 88

20:24:48.562 [AsyncHttpClient-1-8] DEBUG org.asynchttpclient.netty.channel.ChannelManager - Adding key: http://localhost:63869 for channel [id: 0xdb05171a, L:/127.0.0.1:51362 - R:localhost/127.0.0.1:63869]
20:24:48.563 [Forwarding isElementEnabled on session f8377de48468d8c495727ef42fcb4126 to remote] DEBUG org.asynchttpclient.netty.request.NettyRequestSender - Using pooled Channel '[id: 0xdb05171a, L:/127.0.0.1:51362 - R:localhost/127.0.0.1:63869]' for 'GET' to 'http://localhost:63869/session/f8377de48468d8c495727ef42fcb4126/element/a1a9aa6f-071d-4ab3-bebb-f6d50eeca884/enabled'
20:24:48.563 [Forwarding isElementEnabled on session f8377de48468d8c495727ef42fcb4126 to remote] DEBUG org.asynchttpclient.netty.request.NettyRequestSender - Using open Channel [id: 0xdb05171a, L:/127.0.0.1:51362 - R:localhost/127.0.0.1:63869] for GET '/session/f8377de48468d8c495727ef42fcb4126/element/a1a9aa6f-071d-4ab3-bebb-f6d50eeca884/enabled'
20:24:48.574 [AsyncHttpClient-1-8] DEBUG org.asynchttpclient.netty.handler.HttpHandler - 

Request DefaultFullHttpRequest(decodeResult: success, version: HTTP/1.1, content: EmptyByteBufBE)
GET /session/f8377de48468d8c495727ef42fcb4126/element/a1a9aa6f-071d-4ab3-bebb-f6d50eeca884/enabled HTTP/1.1
User-Agent: selenium/4.1.4 (java windows)
Cache-Control: no-cache
Content-Type: application/json; charset=utf-8
host: localhost:63869
accept: */*

Response DefaultHttpResponse(decodeResult: success, version: HTTP/1.1)
HTTP/1.1 200 OK
Content-Type: application/json; charset=utf-8
cache-control: no-cache
content-length: 14

20:24:48.574 [AsyncHttpClient-1-8] DEBUG org.asynchttpclient.netty.channel.ChannelManager - Adding key: http://localhost:63869 for channel [id: 0xdb05171a, L:/127.0.0.1:51362 - R:localhost/127.0.0.1:63869]
20:24:48.578 [main] DEBUG net.thucydides.core.steps.StepInterceptor - STEP DONE: validPagePasien
  &amp#27;[32mAnd &amp#27;[0m&amp#27;[32mValid data category archive&amp#27;[0m                     &amp#27;[90m# starter.stepdefinitios.ArsipJadwalSteps.validDataCategoryArchive()&amp#27;[0m
20:24:48.589 [AsyncHttpClient-1-2] DEBUG org.asynchttpclient.netty.handler.WebSocketHandler - Channel Closed: [id: 0x071d519e, L:/127.0.0.1:51370 ! R:localhost/127.0.0.1:51363] with attribute NettyResponseFuture{currentRetry=5,
	isDone=1,
	isCancelled=0,
	asyncHandler=org.asynchttpclient.ws.WebSocketUpgradeHandler@5f9e65c3,
	nettyRequest=org.asynchttpclient.netty.request.NettyRequest@62988000,
	future=java.util.concurrent.CompletableFuture@4e395dd1[Completed normally],
	uri=ws://localhost:51363/devtools/browser/3b3caca9-774b-4059-8db8-a909687ae404,
	keepAlive=true,
	redirectCount=0,
	timeoutsHolder=null,
	inAuth=0,
	touch=1658064259256}
20:24:48.589 [AsyncHttpClient-1-2] DEBUG org.asynchttpclient.netty.channel.ChannelManager - Closing Channel [id: 0x071d519e, L:/127.0.0.1:51370 ! R:localhost/127.0.0.1:51363] 
20:24:48.590 [Driver Command Executor] DEBUG org.asynchttpclient.netty.request.NettyRequestSender - Using pooled Channel '[id: 0xdb05171a, L:/127.0.0.1:51362 - R:localhost/127.0.0.1:63869]' for 'DELETE' to 'http://localhost:63869/session/f8377de48468d8c495727ef42fcb4126'
20:24:48.590 [Driver Command Executor] DEBUG org.asynchttpclient.netty.request.NettyRequestSender - Using open Channel [id: 0xdb05171a, L:/127.0.0.1:51362 - R:localhost/127.0.0.1:63869] for DELETE '/session/f8377de48468d8c495727ef42fcb4126'
20:24:48.680 [AsyncHttpClient-1-9] DEBUG org.asynchttpclient.netty.handler.HttpHandler - Unexpected I/O exception on channel [id: 0x5bd99039, L:/127.0.0.1:51369 - R:localhost/127.0.0.1:51363]
java.io.IOException: An existing connection was forcibly closed by the remote host
	at java.base/sun.nio.ch.SocketDispatcher.read0(Native Method)
	at java.base/sun.nio.ch.SocketDispatcher.read(SocketDispatcher.java:43)
	at java.base/sun.nio.ch.IOUtil.readIntoNativeBuffer(IOUtil.java:276)
	at java.base/sun.nio.ch.IOUtil.read(IOUtil.java:233)
	at java.base/sun.nio.ch.IOUtil.read(IOUtil.java:223)
	at java.base/sun.nio.ch.SocketChannelImpl.read(SocketChannelImpl.java:356)
	at io.netty.buffer.PooledByteBuf.setBytes(PooledByteBuf.java:258)
	at io.netty.buffer.AbstractByteBuf.writeBytes(AbstractByteBuf.java:1132)
	at io.netty.channel.socket.nio.NioSocketChannel.doReadBytes(NioSocketChannel.java:357)
	at io.netty.channel.nio.AbstractNioByteChannel$NioByteUnsafe.read(AbstractNioByteChannel.java:151)
	at io.netty.channel.nio.NioEventLoop.processSelectedKey(NioEventLoop.java:722)
	at io.netty.channel.nio.NioEventLoop.processSelectedKeysOptimized(NioEventLoop.java:658)
	at io.netty.channel.nio.NioEventLoop.processSelectedKeys(NioEventLoop.java:584)
	at io.netty.channel.nio.NioEventLoop.run(NioEventLoop.java:496)
	at io.netty.util.concurrent.SingleThreadEventExecutor$4.run(SingleThreadEventExecutor.java:986)
	at io.netty.util.internal.ThreadExecutorMap$2.run(ThreadExecutorMap.java:74)
	at io.netty.util.concurrent.FastThreadLocalRunnable.run(FastThreadLocalRunnable.java:30)
	at java.base/java.lang.Thread.run(Thread.java:829)
20:24:48.681 [AsyncHttpClient-1-9] DEBUG org.asynchttpclient.netty.channel.ChannelManager - Closing Channel [id: 0x5bd99039, L:/127.0.0.1:51369 - R:localhost/127.0.0.1:51363] 
20:24:48.681 [AsyncHttpClient-1-9] DEBUG org.asynchttpclient.netty.handler.HttpHandler - Channel Closed: [id: 0x5bd99039, L:/127.0.0.1:51369 ! R:localhost/127.0.0.1:51363] with attribute DISCARD
20:24:48.755 [AsyncHttpClient-1-8] DEBUG org.asynchttpclient.netty.handler.HttpHandler - 

Request DefaultFullHttpRequest(decodeResult: success, version: HTTP/1.1, content: EmptyByteBufBE)
DELETE /session/f8377de48468d8c495727ef42fcb4126 HTTP/1.1
User-Agent: selenium/4.1.4 (java windows)
Content-Type: application/json; charset=utf-8
host: localhost:63869
accept: */*

Response DefaultHttpResponse(decodeResult: success, version: HTTP/1.1)
HTTP/1.1 200 OK
Content-Type: application/json; charset=utf-8
cache-control: no-cache
content-length: 14

20:24:48.755 [AsyncHttpClient-1-8] DEBUG org.asynchttpclient.netty.channel.ChannelManager - Adding key: http://localhost:63869 for channel [id: 0xdb05171a, L:/127.0.0.1:51362 - R:localhost/127.0.0.1:63869]
20:24:48.854 [AsyncHttpClient-1-8] DEBUG org.asynchttpclient.netty.handler.HttpHandler - Channel Closed: [id: 0xdb05171a, L:/127.0.0.1:51362 ! R:localhost/127.0.0.1:63869] with attribute DISCARD
20:24:48.900 [main] INFO  - 
  _____   ___   ___   _____     ___     _     ___   ___   ___   ___  
 |_   _| | __| / __| |_   _|   | _ \   /_\   / __| / __| | __| |   \ 
   | |   | _|  \__ \   | |     |  _/  / _ \  \__ \ \__ \ | _|  | |) |
   |_|   |___| |___/   |_|     |_|   /_/ \_\ |___/ |___/ |___| |___/ 

As a admin i want to search archive
----------------------------------------------------------------------
]]></system-out>
    <system-err><![CDATA[Starting ChromeDriver 103.0.5060.53 (a1711811edd74ff1cf2150f36ffa3b0dae40b17f-refs/branch-heads/5060@{#853}) on port 63869
Only local connections are allowed.
Please see https://chromedriver.chromium.org/security-considerations for suggestions on keeping ChromeDriver safe.
ChromeDriver was started successfully.
Jul 17, 2022 8:24:19 PM org.openqa.selenium.remote.ProtocolHandshake createSession
INFO: Detected dialect: W3C
Jul 17, 2022 8:24:19 PM org.openqa.selenium.devtools.CdpVersionFinder findNearestMatch
WARNING: Unable to find an exact match for CDP version 103, so returning the closest version found: 101
Jul 17, 2022 8:24:19 PM org.openqa.selenium.devtools.CdpVersionFinder findNearestMatch
INFO: Found CDP implementation for version 103 of 101
]]></system-err>
  </testcase>
  <testcase name="As a admin i want to search archive #2" classname="Arsip jadwal - admin" time="32.498">
    <system-out><![CDATA[
@ArsipJadwal111 @SearchArsipJadwal
Scenario Outline: As a admin i want to search archive &amp#27;[90m# src/test/resources/features/6ArsipJadwal.feature:47&amp#27;[0m
20:24:48.991 [main] INFO io.cucumber.core.plugin.SerenityReporter - Running feature from file:///C:/Alterra/CapstoneBaru/QE/TestingWebUpdate/src/test/resources/features/6ArsipJadwal.feature
20:24:49.086 [main] DEBUG net.thucydides.core.steps.StepInterceptor - STARTING STEP: LoginSteps.openLoginPage - openLogin
20:24:49.086 [main] INFO net.serenitybdd.core.webdriver.driverproviders.ChromeDriverProvider - Using automatically driver download
20:24:49.296 [main] DEBUG io.github.bonigarcia.wdm.cache.ResolutionCache - Resolution chrome=103 in cache (valid until 21:23:08 17/07/2022 ICT)
20:24:49.300 [main] DEBUG io.github.bonigarcia.wdm.cache.ResolutionCache - Resolution chrome103=103.0.5060.53 in cache (valid until 17:54:33 18/07/2022 ICT)
20:24:49.300 [main] INFO io.github.bonigarcia.wdm.WebDriverManager - Using chromedriver 103.0.5060.53 (resolved driver for Chrome 103)
20:24:49.319 [main] DEBUG io.github.bonigarcia.wdm.WebDriverManager - Driver chromedriver 103.0.5060.53 found in cache
20:24:49.319 [main] INFO io.github.bonigarcia.wdm.WebDriverManager - Exporting webdriver.chrome.driver as C:\Users\Bagas Dwi Saputra\.cache\selenium\chromedriver\win32\103.0.5060.53\chromedriver.exe
20:24:49.529 [AsyncHttpClient-1-1] DEBUG org.asynchttpclient.netty.channel.DefaultChannelPool - Entry count for : http://localhost:63869 : 1
20:24:49.529 [AsyncHttpClient-1-1] DEBUG org.asynchttpclient.netty.channel.DefaultChannelPool - Entry count for : http://localhost:51363 : 1
20:24:49.529 [AsyncHttpClient-1-1] DEBUG org.asynchttpclient.netty.channel.DefaultChannelPool - Adding Candidate expired Channel [id: 0xdb05171a, L:/127.0.0.1:51362 ! R:localhost/127.0.0.1:63869] isIdleTimeoutExpired=false isRemotelyClosed=true isTtlExpired=false
20:24:49.529 [AsyncHttpClient-1-1] DEBUG org.asynchttpclient.netty.channel.DefaultChannelPool - Closing Idle Channel [id: 0xdb05171a, L:/127.0.0.1:51362 ! R:localhost/127.0.0.1:63869]
20:24:49.529 [AsyncHttpClient-1-1] DEBUG org.asynchttpclient.netty.channel.DefaultChannelPool - Adding Candidate expired Channel [id: 0x5bd99039, L:/127.0.0.1:51369 ! R:localhost/127.0.0.1:51363] isIdleTimeoutExpired=false isRemotelyClosed=true isTtlExpired=false
20:24:49.529 [AsyncHttpClient-1-1] DEBUG org.asynchttpclient.netty.channel.DefaultChannelPool - Closing Idle Channel [id: 0x5bd99039, L:/127.0.0.1:51369 ! R:localhost/127.0.0.1:51363]
20:24:49.529 [AsyncHttpClient-1-1] DEBUG org.asynchttpclient.netty.channel.DefaultChannelPool - Closed 2 connections out of 2 in 0 ms
20:24:49.580 [main] DEBUG net.serenitybdd.core.webdriver.driverproviders.ProvideNewDriver - Instantiating driver
20:24:49.580 [main] DEBUG net.serenitybdd.core.webdriver.driverproviders.ProvideNewDriver - Driver capabilities: Capabilities {acceptInsecureCerts: false, base.url: https://fanciful-trifle-360..., browserName: chrome, chorme.driver: src/test/resources/webdrive..., driver: chrome, goog:chromeOptions: {args: [], extensions: []}}
20:24:50.021 [AsyncHttpClient-1-3] DEBUG org.asynchttpclient.netty.channel.NettyConnectListener - Using new Channel '[id: 0x119643f5, L:/127.0.0.1:51389 - R:localhost/127.0.0.1:49374]' for 'POST' to '/session'
20:24:50.885 [AsyncHttpClient-1-3] DEBUG org.asynchttpclient.netty.handler.HttpHandler - 

Request DefaultHttpRequest(decodeResult: success, version: HTTP/1.1)
POST /session HTTP/1.1
User-Agent: selenium/4.1.4 (java windows)
Content-Length: 629
Content-Type: application/json; charset=utf-8
host: localhost:49374
accept: */*

Response DefaultHttpResponse(decodeResult: success, version: HTTP/1.1)
HTTP/1.1 200 OK
Content-Type: application/json; charset=utf-8
cache-control: no-cache
content-length: 793

20:24:50.885 [AsyncHttpClient-1-3] DEBUG org.asynchttpclient.netty.channel.ChannelManager - Adding key: http://localhost:49374 for channel [id: 0x119643f5, L:/127.0.0.1:51389 - R:localhost/127.0.0.1:49374]
20:24:50.892 [AsyncHttpClient-1-4] DEBUG org.asynchttpclient.netty.channel.NettyConnectListener - Using new Channel '[id: 0x71e7a83a, L:/127.0.0.1:51396 - R:localhost/127.0.0.1:51390]' for 'GET' to '/json/version'
20:24:50.892 [AsyncHttpClient-1-4] DEBUG org.asynchttpclient.netty.handler.HttpHandler - 

Request DefaultFullHttpRequest(decodeResult: success, version: HTTP/1.1, content: EmptyByteBufBE)
GET /json/version HTTP/1.1
User-Agent: selenium/4.1.4 (java windows)
host: localhost:51390
accept: */*

Response DefaultHttpResponse(decodeResult: success, version: HTTP/1.1)
HTTP/1.1 200 OK
Content-Type: application/json; charset=UTF-8
content-length: 429

20:24:50.893 [AsyncHttpClient-1-4] DEBUG org.asynchttpclient.netty.channel.ChannelManager - Adding key: http://localhost:51390 for channel [id: 0x71e7a83a, L:/127.0.0.1:51396 - R:localhost/127.0.0.1:51390]
20:24:50.898 [AsyncHttpClient-1-5] DEBUG org.asynchttpclient.netty.channel.NettyConnectListener - Using new Channel '[id: 0x88cd90e6, L:/127.0.0.1:51397 - R:localhost/127.0.0.1:51390]' for 'GET' to '/devtools/browser/39c43608-bb5c-4a92-8b4e-c1e4e65a7fc5'
20:24:50.899 [AsyncHttpClient-1-5] DEBUG org.asynchttpclient.netty.handler.WebSocketHandler - 

Request DefaultFullHttpRequest(decodeResult: success, version: HTTP/1.1, content: EmptyByteBufBE)
GET /devtools/browser/39c43608-bb5c-4a92-8b4e-c1e4e65a7fc5 HTTP/1.1
upgrade: websocket
connection: upgrade
sec-websocket-key: cJb+9J3LO1H9YNJoFziGxg==
sec-websocket-version: 13
origin: http://localhost:51390
host: localhost:51390
accept: */*
user-agent: AHC/2.1

Response DefaultHttpResponse(decodeResult: success, version: HTTP/1.1)
HTTP/1.1 101 WebSocket Protocol Handshake
Upgrade: WebSocket
Connection: Upgrade
Sec-WebSocket-Accept: 62ncQOqMDrDt2R4CZg/P85uX4FM=

20:24:50.907 [Forwarding get on session f1ffc58d00f9230218939ed45090982d to remote] DEBUG org.asynchttpclient.netty.request.NettyRequestSender - Using pooled Channel '[id: 0x119643f5, L:/127.0.0.1:51389 - R:localhost/127.0.0.1:49374]' for 'POST' to 'http://localhost:49374/session/f1ffc58d00f9230218939ed45090982d/url'
20:24:50.907 [Forwarding get on session f1ffc58d00f9230218939ed45090982d to remote] DEBUG org.asynchttpclient.netty.request.NettyRequestSender - Using open Channel [id: 0x119643f5, L:/127.0.0.1:51389 - R:localhost/127.0.0.1:49374] for POST '/session/f1ffc58d00f9230218939ed45090982d/url'
20:24:51.714 [AsyncHttpClient-1-1] DEBUG org.asynchttpclient.netty.channel.DefaultChannelPool - Entry count for : http://localhost:51390 : 1
20:24:52.687 [AsyncHttpClient-1-3] DEBUG org.asynchttpclient.netty.handler.HttpHandler - 

Request DefaultHttpRequest(decodeResult: success, version: HTTP/1.1)
POST /session/f1ffc58d00f9230218939ed45090982d/url HTTP/1.1
User-Agent: selenium/4.1.4 (java windows)
Content-Length: 78
Content-Type: application/json; charset=utf-8
host: localhost:49374
accept: */*

Response DefaultHttpResponse(decodeResult: success, version: HTTP/1.1)
HTTP/1.1 200 OK
Content-Type: application/json; charset=utf-8
cache-control: no-cache
content-length: 14

20:24:52.687 [AsyncHttpClient-1-3] DEBUG org.asynchttpclient.netty.channel.ChannelManager - Adding key: http://localhost:49374 for channel [id: 0x119643f5, L:/127.0.0.1:51389 - R:localhost/127.0.0.1:49374]
20:24:52.688 [Forwarding setTimeout on session f1ffc58d00f9230218939ed45090982d to remote] DEBUG org.asynchttpclient.netty.request.NettyRequestSender - Using pooled Channel '[id: 0x119643f5, L:/127.0.0.1:51389 - R:localhost/127.0.0.1:49374]' for 'POST' to 'http://localhost:49374/session/f1ffc58d00f9230218939ed45090982d/timeouts'
20:24:52.688 [Forwarding setTimeout on session f1ffc58d00f9230218939ed45090982d to remote] DEBUG org.asynchttpclient.netty.request.NettyRequestSender - Using open Channel [id: 0x119643f5, L:/127.0.0.1:51389 - R:localhost/127.0.0.1:49374] for POST '/session/f1ffc58d00f9230218939ed45090982d/timeouts'
20:24:52.692 [AsyncHttpClient-1-3] DEBUG org.asynchttpclient.netty.handler.HttpHandler - 

Request DefaultHttpRequest(decodeResult: success, version: HTTP/1.1)
POST /session/f1ffc58d00f9230218939ed45090982d/timeouts HTTP/1.1
User-Agent: selenium/4.1.4 (java windows)
Content-Length: 22
Content-Type: application/json; charset=utf-8
host: localhost:49374
accept: */*

Response DefaultHttpResponse(decodeResult: success, version: HTTP/1.1)
HTTP/1.1 200 OK
Content-Type: application/json; charset=utf-8
cache-control: no-cache
content-length: 14

20:24:52.692 [AsyncHttpClient-1-3] DEBUG org.asynchttpclient.netty.channel.ChannelManager - Adding key: http://localhost:49374 for channel [id: 0x119643f5, L:/127.0.0.1:51389 - R:localhost/127.0.0.1:49374]
20:24:52.696 [Forwarding getCurrentUrl on session f1ffc58d00f9230218939ed45090982d to remote] DEBUG org.asynchttpclient.netty.request.NettyRequestSender - Using pooled Channel '[id: 0x119643f5, L:/127.0.0.1:51389 - R:localhost/127.0.0.1:49374]' for 'GET' to 'http://localhost:49374/session/f1ffc58d00f9230218939ed45090982d/url'
20:24:52.696 [Forwarding getCurrentUrl on session f1ffc58d00f9230218939ed45090982d to remote] DEBUG org.asynchttpclient.netty.request.NettyRequestSender - Using open Channel [id: 0x119643f5, L:/127.0.0.1:51389 - R:localhost/127.0.0.1:49374] for GET '/session/f1ffc58d00f9230218939ed45090982d/url'
20:24:52.705 [AsyncHttpClient-1-3] DEBUG org.asynchttpclient.netty.handler.HttpHandler - 

Request DefaultFullHttpRequest(decodeResult: success, version: HTTP/1.1, content: EmptyByteBufBE)
GET /session/f1ffc58d00f9230218939ed45090982d/url HTTP/1.1
User-Agent: selenium/4.1.4 (java windows)
Cache-Control: no-cache
Content-Type: application/json; charset=utf-8
host: localhost:49374
accept: */*

Response DefaultHttpResponse(decodeResult: success, version: HTTP/1.1)
HTTP/1.1 200 OK
Content-Type: application/json; charset=utf-8
cache-control: no-cache
content-length: 60

20:24:52.706 [AsyncHttpClient-1-3] DEBUG org.asynchttpclient.netty.channel.ChannelManager - Adding key: http://localhost:49374 for channel [id: 0x119643f5, L:/127.0.0.1:51389 - R:localhost/127.0.0.1:49374]
20:24:52.719 [Forwarding screenshot on session f1ffc58d00f9230218939ed45090982d to remote] DEBUG org.asynchttpclient.netty.request.NettyRequestSender - Using pooled Channel '[id: 0x119643f5, L:/127.0.0.1:51389 - R:localhost/127.0.0.1:49374]' for 'GET' to 'http://localhost:49374/session/f1ffc58d00f9230218939ed45090982d/screenshot'
20:24:52.719 [Forwarding screenshot on session f1ffc58d00f9230218939ed45090982d to remote] DEBUG org.asynchttpclient.netty.request.NettyRequestSender - Using open Channel [id: 0x119643f5, L:/127.0.0.1:51389 - R:localhost/127.0.0.1:49374] for GET '/session/f1ffc58d00f9230218939ed45090982d/screenshot'
20:24:52.813 [AsyncHttpClient-1-1] DEBUG org.asynchttpclient.netty.channel.DefaultChannelPool - Entry count for : http://localhost:51390 : 1
20:24:52.986 [AsyncHttpClient-1-3] DEBUG org.asynchttpclient.netty.handler.HttpHandler - 

Request DefaultFullHttpRequest(decodeResult: success, version: HTTP/1.1, content: EmptyByteBufBE)
GET /session/f1ffc58d00f9230218939ed45090982d/screenshot HTTP/1.1
User-Agent: selenium/4.1.4 (java windows)
Cache-Control: no-cache
Content-Type: application/json; charset=utf-8
host: localhost:49374
accept: */*

Response DefaultHttpResponse(decodeResult: success, version: HTTP/1.1)
HTTP/1.1 200 OK
Content-Type: application/json; charset=utf-8
cache-control: no-cache
content-length: 380436

20:24:52.986 [AsyncHttpClient-1-3] DEBUG org.asynchttpclient.netty.channel.ChannelManager - Adding key: http://localhost:49374 for channel [id: 0x119643f5, L:/127.0.0.1:51389 - R:localhost/127.0.0.1:49374]
20:24:52.995 [main] DEBUG net.serenitybdd.core.photography.Darkroom - Send negative for processing for target\site\serenity\d122c364c40ece9db0ad32cd97c3fcf63e95ba606118dda8d3e5a1d2b8235ce2.png
20:24:52.995 [main] DEBUG net.thucydides.core.steps.StepInterceptor - STEP DONE: openLogin
  &amp#27;[32mGiven &amp#27;[0m&amp#27;[32mOpen login page&amp#27;[0m                               &amp#27;[90m# starter.stepdefinitios.LoginSteps.openLoginPage()&amp#27;[0m
20:24:53.522 [Forwarding findElement on session f1ffc58d00f9230218939ed45090982d to remote] DEBUG org.asynchttpclient.netty.request.NettyRequestSender - Using pooled Channel '[id: 0x119643f5, L:/127.0.0.1:51389 - R:localhost/127.0.0.1:49374]' for 'POST' to 'http://localhost:49374/session/f1ffc58d00f9230218939ed45090982d/element'
20:24:53.522 [Forwarding findElement on session f1ffc58d00f9230218939ed45090982d to remote] DEBUG org.asynchttpclient.netty.request.NettyRequestSender - Using open Channel [id: 0x119643f5, L:/127.0.0.1:51389 - R:localhost/127.0.0.1:49374] for POST '/session/f1ffc58d00f9230218939ed45090982d/element'
20:24:53.547 [AsyncHttpClient-1-3] DEBUG org.asynchttpclient.netty.handler.HttpHandler - 

Request DefaultHttpRequest(decodeResult: success, version: HTTP/1.1)
POST /session/f1ffc58d00f9230218939ed45090982d/element HTTP/1.1
User-Agent: selenium/4.1.4 (java windows)
Content-Length: 70
Content-Type: application/json; charset=utf-8
host: localhost:49374
accept: */*

Response DefaultHttpResponse(decodeResult: success, version: HTTP/1.1)
HTTP/1.1 200 OK
Content-Type: application/json; charset=utf-8
cache-control: no-cache
content-length: 88

20:24:53.548 [AsyncHttpClient-1-3] DEBUG org.asynchttpclient.netty.channel.ChannelManager - Adding key: http://localhost:49374 for channel [id: 0x119643f5, L:/127.0.0.1:51389 - R:localhost/127.0.0.1:49374]
20:24:53.548 [Forwarding sendKeysToElement on session f1ffc58d00f9230218939ed45090982d to remote] DEBUG org.asynchttpclient.netty.request.NettyRequestSender - Using pooled Channel '[id: 0x119643f5, L:/127.0.0.1:51389 - R:localhost/127.0.0.1:49374]' for 'POST' to 'http://localhost:49374/session/f1ffc58d00f9230218939ed45090982d/element/5ed570cc-ae86-43d3-986b-c86486d0c5f7/value'
20:24:53.548 [Forwarding sendKeysToElement on session f1ffc58d00f9230218939ed45090982d to remote] DEBUG org.asynchttpclient.netty.request.NettyRequestSender - Using open Channel [id: 0x119643f5, L:/127.0.0.1:51389 - R:localhost/127.0.0.1:49374] for POST '/session/f1ffc58d00f9230218939ed45090982d/element/5ed570cc-ae86-43d3-986b-c86486d0c5f7/value'
20:24:53.693 [AsyncHttpClient-1-3] DEBUG org.asynchttpclient.netty.handler.HttpHandler - 

Request DefaultHttpRequest(decodeResult: success, version: HTTP/1.1)
POST /session/f1ffc58d00f9230218939ed45090982d/element/5ed570cc-ae86-43d3-986b-c86486d0c5f7/value HTTP/1.1
User-Agent: selenium/4.1.4 (java windows)
Content-Length: 131
Content-Type: application/json; charset=utf-8
host: localhost:49374
accept: */*

Response DefaultHttpResponse(decodeResult: success, version: HTTP/1.1)
HTTP/1.1 200 OK
Content-Type: application/json; charset=utf-8
cache-control: no-cache
content-length: 14

20:24:53.694 [AsyncHttpClient-1-3] DEBUG org.asynchttpclient.netty.channel.ChannelManager - Adding key: http://localhost:49374 for channel [id: 0x119643f5, L:/127.0.0.1:51389 - R:localhost/127.0.0.1:49374]
  &amp#27;[32mAnd &amp#27;[0m&amp#27;[32mI input &amp#27;[0m&amp#27;[32m&amp#27;[1m"admin"&amp#27;[0m&amp#27;[32m login email valid&amp#27;[0m               &amp#27;[90m# starter.stepdefinitios.LoginSteps.iInputLoginEmailValid(java.lang.String)&amp#27;[0m
20:24:53.701 [Forwarding screenshot on session f1ffc58d00f9230218939ed45090982d to remote] DEBUG org.asynchttpclient.netty.request.NettyRequestSender - Using pooled Channel '[id: 0x119643f5, L:/127.0.0.1:51389 - R:localhost/127.0.0.1:49374]' for 'GET' to 'http://localhost:49374/session/f1ffc58d00f9230218939ed45090982d/screenshot'
20:24:53.701 [Forwarding screenshot on session f1ffc58d00f9230218939ed45090982d to remote] DEBUG org.asynchttpclient.netty.request.NettyRequestSender - Using open Channel [id: 0x119643f5, L:/127.0.0.1:51389 - R:localhost/127.0.0.1:49374] for GET '/session/f1ffc58d00f9230218939ed45090982d/screenshot'
20:24:53.870 [AsyncHttpClient-1-3] DEBUG org.asynchttpclient.netty.handler.HttpHandler - 

Request DefaultFullHttpRequest(decodeResult: success, version: HTTP/1.1, content: EmptyByteBufBE)
GET /session/f1ffc58d00f9230218939ed45090982d/screenshot HTTP/1.1
User-Agent: selenium/4.1.4 (java windows)
Cache-Control: no-cache
Content-Type: application/json; charset=utf-8
host: localhost:49374
accept: */*

Response DefaultHttpResponse(decodeResult: success, version: HTTP/1.1)
HTTP/1.1 200 OK
Content-Type: application/json; charset=utf-8
cache-control: no-cache
content-length: 379420

20:24:53.879 [AsyncHttpClient-1-3] DEBUG org.asynchttpclient.netty.channel.ChannelManager - Adding key: http://localhost:49374 for channel [id: 0x119643f5, L:/127.0.0.1:51389 - R:localhost/127.0.0.1:49374]
20:24:53.887 [main] DEBUG net.serenitybdd.core.photography.Darkroom - Send negative for processing for target\site\serenity\93df20195d3751dea78ac30a105f84d37c410e0341f58ded6fb231b5b47402e6.png
20:24:53.923 [AsyncHttpClient-1-1] DEBUG org.asynchttpclient.netty.channel.DefaultChannelPool - Entry count for : http://localhost:49374 : 1
20:24:53.923 [AsyncHttpClient-1-1] DEBUG org.asynchttpclient.netty.channel.DefaultChannelPool - Entry count for : http://localhost:51390 : 1
20:24:54.402 [Forwarding screenshot on session f1ffc58d00f9230218939ed45090982d to remote] DEBUG org.asynchttpclient.netty.request.NettyRequestSender - Using pooled Channel '[id: 0x119643f5, L:/127.0.0.1:51389 - R:localhost/127.0.0.1:49374]' for 'GET' to 'http://localhost:49374/session/f1ffc58d00f9230218939ed45090982d/screenshot'
20:24:54.402 [Forwarding screenshot on session f1ffc58d00f9230218939ed45090982d to remote] DEBUG org.asynchttpclient.netty.request.NettyRequestSender - Using open Channel [id: 0x119643f5, L:/127.0.0.1:51389 - R:localhost/127.0.0.1:49374] for GET '/session/f1ffc58d00f9230218939ed45090982d/screenshot'
20:24:54.588 [AsyncHttpClient-1-3] DEBUG org.asynchttpclient.netty.handler.HttpHandler - 

Request DefaultFullHttpRequest(decodeResult: success, version: HTTP/1.1, content: EmptyByteBufBE)
GET /session/f1ffc58d00f9230218939ed45090982d/screenshot HTTP/1.1
User-Agent: selenium/4.1.4 (java windows)
Cache-Control: no-cache
Content-Type: application/json; charset=utf-8
host: localhost:49374
accept: */*

Response DefaultHttpResponse(decodeResult: success, version: HTTP/1.1)
HTTP/1.1 200 OK
Content-Type: application/json; charset=utf-8
cache-control: no-cache
content-length: 379404

20:24:54.588 [AsyncHttpClient-1-3] DEBUG org.asynchttpclient.netty.channel.ChannelManager - Adding key: http://localhost:49374 for channel [id: 0x119643f5, L:/127.0.0.1:51389 - R:localhost/127.0.0.1:49374]
20:24:54.596 [main] DEBUG net.serenitybdd.core.photography.Darkroom - Send negative for processing for target\site\serenity\f684e1524ced0278b0b6c6b37709a7cbfb8281aeb576b04a4743fda17448b798.png
20:24:54.597 [main] DEBUG net.thucydides.core.steps.StepInterceptor - STARTING STEP: LoginSteps.iInputLoginPasswordValid - inputPasswordLogin
20:24:54.599 [Forwarding findElement on session f1ffc58d00f9230218939ed45090982d to remote] DEBUG org.asynchttpclient.netty.request.NettyRequestSender - Using pooled Channel '[id: 0x119643f5, L:/127.0.0.1:51389 - R:localhost/127.0.0.1:49374]' for 'POST' to 'http://localhost:49374/session/f1ffc58d00f9230218939ed45090982d/element'
20:24:54.599 [Forwarding findElement on session f1ffc58d00f9230218939ed45090982d to remote] DEBUG org.asynchttpclient.netty.request.NettyRequestSender - Using open Channel [id: 0x119643f5, L:/127.0.0.1:51389 - R:localhost/127.0.0.1:49374] for POST '/session/f1ffc58d00f9230218939ed45090982d/element'
20:24:54.610 [AsyncHttpClient-1-3] DEBUG org.asynchttpclient.netty.handler.HttpHandler - 

Request DefaultHttpRequest(decodeResult: success, version: HTTP/1.1)
POST /session/f1ffc58d00f9230218939ed45090982d/element HTTP/1.1
User-Agent: selenium/4.1.4 (java windows)
Content-Length: 70
Content-Type: application/json; charset=utf-8
host: localhost:49374
accept: */*

Response DefaultHttpResponse(decodeResult: success, version: HTTP/1.1)
HTTP/1.1 200 OK
Content-Type: application/json; charset=utf-8
cache-control: no-cache
content-length: 88

20:24:54.610 [AsyncHttpClient-1-3] DEBUG org.asynchttpclient.netty.channel.ChannelManager - Adding key: http://localhost:49374 for channel [id: 0x119643f5, L:/127.0.0.1:51389 - R:localhost/127.0.0.1:49374]
20:24:54.611 [Forwarding sendKeysToElement on session f1ffc58d00f9230218939ed45090982d to remote] DEBUG org.asynchttpclient.netty.request.NettyRequestSender - Using pooled Channel '[id: 0x119643f5, L:/127.0.0.1:51389 - R:localhost/127.0.0.1:49374]' for 'POST' to 'http://localhost:49374/session/f1ffc58d00f9230218939ed45090982d/element/83ad8a97-6caf-4cb8-a8ce-ebcb9b566a41/value'
20:24:54.611 [Forwarding sendKeysToElement on session f1ffc58d00f9230218939ed45090982d to remote] DEBUG org.asynchttpclient.netty.request.NettyRequestSender - Using open Channel [id: 0x119643f5, L:/127.0.0.1:51389 - R:localhost/127.0.0.1:49374] for POST '/session/f1ffc58d00f9230218939ed45090982d/element/83ad8a97-6caf-4cb8-a8ce-ebcb9b566a41/value'
20:24:54.680 [AsyncHttpClient-1-3] DEBUG org.asynchttpclient.netty.handler.HttpHandler - 

Request DefaultHttpRequest(decodeResult: success, version: HTTP/1.1)
POST /session/f1ffc58d00f9230218939ed45090982d/element/83ad8a97-6caf-4cb8-a8ce-ebcb9b566a41/value HTTP/1.1
User-Agent: selenium/4.1.4 (java windows)
Content-Length: 161
Content-Type: application/json; charset=utf-8
host: localhost:49374
accept: */*

Response DefaultHttpResponse(decodeResult: success, version: HTTP/1.1)
HTTP/1.1 200 OK
Content-Type: application/json; charset=utf-8
cache-control: no-cache
content-length: 14

20:24:54.680 [AsyncHttpClient-1-3] DEBUG org.asynchttpclient.netty.channel.ChannelManager - Adding key: http://localhost:49374 for channel [id: 0x119643f5, L:/127.0.0.1:51389 - R:localhost/127.0.0.1:49374]
20:24:54.683 [Forwarding screenshot on session f1ffc58d00f9230218939ed45090982d to remote] DEBUG org.asynchttpclient.netty.request.NettyRequestSender - Using pooled Channel '[id: 0x119643f5, L:/127.0.0.1:51389 - R:localhost/127.0.0.1:49374]' for 'GET' to 'http://localhost:49374/session/f1ffc58d00f9230218939ed45090982d/screenshot'
20:24:54.683 [Forwarding screenshot on session f1ffc58d00f9230218939ed45090982d to remote] DEBUG org.asynchttpclient.netty.request.NettyRequestSender - Using open Channel [id: 0x119643f5, L:/127.0.0.1:51389 - R:localhost/127.0.0.1:49374] for GET '/session/f1ffc58d00f9230218939ed45090982d/screenshot'
20:24:54.887 [AsyncHttpClient-1-3] DEBUG org.asynchttpclient.netty.handler.HttpHandler - 

Request DefaultFullHttpRequest(decodeResult: success, version: HTTP/1.1, content: EmptyByteBufBE)
GET /session/f1ffc58d00f9230218939ed45090982d/screenshot HTTP/1.1
User-Agent: selenium/4.1.4 (java windows)
Cache-Control: no-cache
Content-Type: application/json; charset=utf-8
host: localhost:49374
accept: */*

Response DefaultHttpResponse(decodeResult: success, version: HTTP/1.1)
HTTP/1.1 200 OK
Content-Type: application/json; charset=utf-8
cache-control: no-cache
content-length: 377580

20:24:54.887 [AsyncHttpClient-1-3] DEBUG org.asynchttpclient.netty.channel.ChannelManager - Adding key: http://localhost:49374 for channel [id: 0x119643f5, L:/127.0.0.1:51389 - R:localhost/127.0.0.1:49374]
20:24:54.900 [main] DEBUG net.serenitybdd.core.photography.Darkroom - Send negative for processing for target\site\serenity\44fa0aa493cf3a3837a7fab79c30bded8f584eda85d2cfd055a7ef5b4e3f0a4a.png
20:24:54.900 [main] DEBUG net.thucydides.core.steps.StepInterceptor - STEP DONE: inputPasswordLogin
  &amp#27;[32mAnd &amp#27;[0m&amp#27;[32mI input &amp#27;[0m&amp#27;[32m&amp#27;[1m"admin123"&amp#27;[0m&amp#27;[32m login password valid&amp#27;[0m         &amp#27;[90m# starter.stepdefinitios.LoginSteps.iInputLoginPasswordValid(java.lang.String)&amp#27;[0m
20:24:54.910 [main] DEBUG net.thucydides.core.steps.StepInterceptor - STARTING STEP: LoginSteps.iClickButtonLogin - clickButtonLogin
20:24:54.913 [Forwarding findElement on session f1ffc58d00f9230218939ed45090982d to remote] DEBUG org.asynchttpclient.netty.request.NettyRequestSender - Using pooled Channel '[id: 0x119643f5, L:/127.0.0.1:51389 - R:localhost/127.0.0.1:49374]' for 'POST' to 'http://localhost:49374/session/f1ffc58d00f9230218939ed45090982d/element'
20:24:54.913 [Forwarding findElement on session f1ffc58d00f9230218939ed45090982d to remote] DEBUG org.asynchttpclient.netty.request.NettyRequestSender - Using open Channel [id: 0x119643f5, L:/127.0.0.1:51389 - R:localhost/127.0.0.1:49374] for POST '/session/f1ffc58d00f9230218939ed45090982d/element'
20:24:54.926 [AsyncHttpClient-1-3] DEBUG org.asynchttpclient.netty.handler.HttpHandler - 

Request DefaultHttpRequest(decodeResult: success, version: HTTP/1.1)
POST /session/f1ffc58d00f9230218939ed45090982d/element HTTP/1.1
User-Agent: selenium/4.1.4 (java windows)
Content-Length: 68
Content-Type: application/json; charset=utf-8
host: localhost:49374
accept: */*

Response DefaultHttpResponse(decodeResult: success, version: HTTP/1.1)
HTTP/1.1 200 OK
Content-Type: application/json; charset=utf-8
cache-control: no-cache
content-length: 88

20:24:54.926 [AsyncHttpClient-1-3] DEBUG org.asynchttpclient.netty.channel.ChannelManager - Adding key: http://localhost:49374 for channel [id: 0x119643f5, L:/127.0.0.1:51389 - R:localhost/127.0.0.1:49374]
20:24:54.927 [Forwarding getElementTagName on session f1ffc58d00f9230218939ed45090982d to remote] DEBUG org.asynchttpclient.netty.request.NettyRequestSender - Using pooled Channel '[id: 0x119643f5, L:/127.0.0.1:51389 - R:localhost/127.0.0.1:49374]' for 'GET' to 'http://localhost:49374/session/f1ffc58d00f9230218939ed45090982d/element/d9da84ce-09c4-4272-b63b-6fdf483c664c/name'
20:24:54.927 [Forwarding getElementTagName on session f1ffc58d00f9230218939ed45090982d to remote] DEBUG org.asynchttpclient.netty.request.NettyRequestSender - Using open Channel [id: 0x119643f5, L:/127.0.0.1:51389 - R:localhost/127.0.0.1:49374] for GET '/session/f1ffc58d00f9230218939ed45090982d/element/d9da84ce-09c4-4272-b63b-6fdf483c664c/name'
20:24:54.930 [AsyncHttpClient-1-3] DEBUG org.asynchttpclient.netty.handler.HttpHandler - 

Request DefaultFullHttpRequest(decodeResult: success, version: HTTP/1.1, content: EmptyByteBufBE)
GET /session/f1ffc58d00f9230218939ed45090982d/element/d9da84ce-09c4-4272-b63b-6fdf483c664c/name HTTP/1.1
User-Agent: selenium/4.1.4 (java windows)
Cache-Control: no-cache
Content-Type: application/json; charset=utf-8
host: localhost:49374
accept: */*

Response DefaultHttpResponse(decodeResult: success, version: HTTP/1.1)
HTTP/1.1 200 OK
Content-Type: application/json; charset=utf-8
cache-control: no-cache
content-length: 18

20:24:54.930 [AsyncHttpClient-1-3] DEBUG org.asynchttpclient.netty.channel.ChannelManager - Adding key: http://localhost:49374 for channel [id: 0x119643f5, L:/127.0.0.1:51389 - R:localhost/127.0.0.1:49374]
20:24:54.931 [Forwarding getElementTagName on session f1ffc58d00f9230218939ed45090982d to remote] DEBUG org.asynchttpclient.netty.request.NettyRequestSender - Using pooled Channel '[id: 0x119643f5, L:/127.0.0.1:51389 - R:localhost/127.0.0.1:49374]' for 'GET' to 'http://localhost:49374/session/f1ffc58d00f9230218939ed45090982d/element/d9da84ce-09c4-4272-b63b-6fdf483c664c/name'
20:24:54.931 [Forwarding getElementTagName on session f1ffc58d00f9230218939ed45090982d to remote] DEBUG org.asynchttpclient.netty.request.NettyRequestSender - Using open Channel [id: 0x119643f5, L:/127.0.0.1:51389 - R:localhost/127.0.0.1:49374] for GET '/session/f1ffc58d00f9230218939ed45090982d/element/d9da84ce-09c4-4272-b63b-6fdf483c664c/name'
20:24:54.934 [AsyncHttpClient-1-3] DEBUG org.asynchttpclient.netty.handler.HttpHandler - 

Request DefaultFullHttpRequest(decodeResult: success, version: HTTP/1.1, content: EmptyByteBufBE)
GET /session/f1ffc58d00f9230218939ed45090982d/element/d9da84ce-09c4-4272-b63b-6fdf483c664c/name HTTP/1.1
User-Agent: selenium/4.1.4 (java windows)
Cache-Control: no-cache
Content-Type: application/json; charset=utf-8
host: localhost:49374
accept: */*

Response DefaultHttpResponse(decodeResult: success, version: HTTP/1.1)
HTTP/1.1 200 OK
Content-Type: application/json; charset=utf-8
cache-control: no-cache
content-length: 18

20:24:54.934 [AsyncHttpClient-1-3] DEBUG org.asynchttpclient.netty.channel.ChannelManager - Adding key: http://localhost:49374 for channel [id: 0x119643f5, L:/127.0.0.1:51389 - R:localhost/127.0.0.1:49374]
20:24:54.935 [Forwarding isElementEnabled on session f1ffc58d00f9230218939ed45090982d to remote] DEBUG org.asynchttpclient.netty.request.NettyRequestSender - Using pooled Channel '[id: 0x119643f5, L:/127.0.0.1:51389 - R:localhost/127.0.0.1:49374]' for 'GET' to 'http://localhost:49374/session/f1ffc58d00f9230218939ed45090982d/element/d9da84ce-09c4-4272-b63b-6fdf483c664c/enabled'
20:24:54.935 [Forwarding isElementEnabled on session f1ffc58d00f9230218939ed45090982d to remote] DEBUG org.asynchttpclient.netty.request.NettyRequestSender - Using open Channel [id: 0x119643f5, L:/127.0.0.1:51389 - R:localhost/127.0.0.1:49374] for GET '/session/f1ffc58d00f9230218939ed45090982d/element/d9da84ce-09c4-4272-b63b-6fdf483c664c/enabled'
20:24:54.944 [AsyncHttpClient-1-3] DEBUG org.asynchttpclient.netty.handler.HttpHandler - 

Request DefaultFullHttpRequest(decodeResult: success, version: HTTP/1.1, content: EmptyByteBufBE)
GET /session/f1ffc58d00f9230218939ed45090982d/element/d9da84ce-09c4-4272-b63b-6fdf483c664c/enabled HTTP/1.1
User-Agent: selenium/4.1.4 (java windows)
Cache-Control: no-cache
Content-Type: application/json; charset=utf-8
host: localhost:49374
accept: */*

Response DefaultHttpResponse(decodeResult: success, version: HTTP/1.1)
HTTP/1.1 200 OK
Content-Type: application/json; charset=utf-8
cache-control: no-cache
content-length: 14

20:24:54.945 [AsyncHttpClient-1-3] DEBUG org.asynchttpclient.netty.channel.ChannelManager - Adding key: http://localhost:49374 for channel [id: 0x119643f5, L:/127.0.0.1:51389 - R:localhost/127.0.0.1:49374]
20:24:54.946 [Forwarding isElementEnabled on session f1ffc58d00f9230218939ed45090982d to remote] DEBUG org.asynchttpclient.netty.request.NettyRequestSender - Using pooled Channel '[id: 0x119643f5, L:/127.0.0.1:51389 - R:localhost/127.0.0.1:49374]' for 'GET' to 'http://localhost:49374/session/f1ffc58d00f9230218939ed45090982d/element/d9da84ce-09c4-4272-b63b-6fdf483c664c/enabled'
20:24:54.946 [Forwarding isElementEnabled on session f1ffc58d00f9230218939ed45090982d to remote] DEBUG org.asynchttpclient.netty.request.NettyRequestSender - Using open Channel [id: 0x119643f5, L:/127.0.0.1:51389 - R:localhost/127.0.0.1:49374] for GET '/session/f1ffc58d00f9230218939ed45090982d/element/d9da84ce-09c4-4272-b63b-6fdf483c664c/enabled'
20:24:54.946 [AsyncHttpClient-1-3] DEBUG org.asynchttpclient.netty.handler.HttpHandler - 

Request DefaultFullHttpRequest(decodeResult: success, version: HTTP/1.1, content: EmptyByteBufBE)
GET /session/f1ffc58d00f9230218939ed45090982d/element/d9da84ce-09c4-4272-b63b-6fdf483c664c/enabled HTTP/1.1
User-Agent: selenium/4.1.4 (java windows)
Cache-Control: no-cache
Content-Type: application/json; charset=utf-8
host: localhost:49374
accept: */*

Response DefaultHttpResponse(decodeResult: success, version: HTTP/1.1)
HTTP/1.1 200 OK
Content-Type: application/json; charset=utf-8
cache-control: no-cache
content-length: 14

20:24:54.946 [AsyncHttpClient-1-3] DEBUG org.asynchttpclient.netty.channel.ChannelManager - Adding key: http://localhost:49374 for channel [id: 0x119643f5, L:/127.0.0.1:51389 - R:localhost/127.0.0.1:49374]
20:24:54.954 [Forwarding findElement on session f1ffc58d00f9230218939ed45090982d to remote] DEBUG org.asynchttpclient.netty.request.NettyRequestSender - Using pooled Channel '[id: 0x119643f5, L:/127.0.0.1:51389 - R:localhost/127.0.0.1:49374]' for 'POST' to 'http://localhost:49374/session/f1ffc58d00f9230218939ed45090982d/element'
20:24:54.954 [Forwarding findElement on session f1ffc58d00f9230218939ed45090982d to remote] DEBUG org.asynchttpclient.netty.request.NettyRequestSender - Using open Channel [id: 0x119643f5, L:/127.0.0.1:51389 - R:localhost/127.0.0.1:49374] for POST '/session/f1ffc58d00f9230218939ed45090982d/element'
20:24:54.962 [AsyncHttpClient-1-3] DEBUG org.asynchttpclient.netty.handler.HttpHandler - 

Request DefaultHttpRequest(decodeResult: success, version: HTTP/1.1)
POST /session/f1ffc58d00f9230218939ed45090982d/element HTTP/1.1
User-Agent: selenium/4.1.4 (java windows)
Content-Length: 68
Content-Type: application/json; charset=utf-8
host: localhost:49374
accept: */*

Response DefaultHttpResponse(decodeResult: success, version: HTTP/1.1)
HTTP/1.1 200 OK
Content-Type: application/json; charset=utf-8
cache-control: no-cache
content-length: 88

20:24:54.962 [AsyncHttpClient-1-3] DEBUG org.asynchttpclient.netty.channel.ChannelManager - Adding key: http://localhost:49374 for channel [id: 0x119643f5, L:/127.0.0.1:51389 - R:localhost/127.0.0.1:49374]
20:24:54.963 [Forwarding clickElement on session f1ffc58d00f9230218939ed45090982d to remote] DEBUG org.asynchttpclient.netty.request.NettyRequestSender - Using pooled Channel '[id: 0x119643f5, L:/127.0.0.1:51389 - R:localhost/127.0.0.1:49374]' for 'POST' to 'http://localhost:49374/session/f1ffc58d00f9230218939ed45090982d/element/d9da84ce-09c4-4272-b63b-6fdf483c664c/click'
20:24:54.963 [Forwarding clickElement on session f1ffc58d00f9230218939ed45090982d to remote] DEBUG org.asynchttpclient.netty.request.NettyRequestSender - Using open Channel [id: 0x119643f5, L:/127.0.0.1:51389 - R:localhost/127.0.0.1:49374] for POST '/session/f1ffc58d00f9230218939ed45090982d/element/d9da84ce-09c4-4272-b63b-6fdf483c664c/click'
20:24:55.023 [AsyncHttpClient-1-1] DEBUG org.asynchttpclient.netty.channel.DefaultChannelPool - Entry count for : http://localhost:51390 : 1
20:24:55.060 [AsyncHttpClient-1-3] DEBUG org.asynchttpclient.netty.handler.HttpHandler - 

Request DefaultHttpRequest(decodeResult: success, version: HTTP/1.1)
POST /session/f1ffc58d00f9230218939ed45090982d/element/d9da84ce-09c4-4272-b63b-6fdf483c664c/click HTTP/1.1
User-Agent: selenium/4.1.4 (java windows)
Content-Length: 50
Content-Type: application/json; charset=utf-8
host: localhost:49374
accept: */*

Response DefaultHttpResponse(decodeResult: success, version: HTTP/1.1)
HTTP/1.1 200 OK
Content-Type: application/json; charset=utf-8
cache-control: no-cache
content-length: 14

20:24:55.060 [AsyncHttpClient-1-3] DEBUG org.asynchttpclient.netty.channel.ChannelManager - Adding key: http://localhost:49374 for channel [id: 0x119643f5, L:/127.0.0.1:51389 - R:localhost/127.0.0.1:49374]
20:24:55.068 [Forwarding screenshot on session f1ffc58d00f9230218939ed45090982d to remote] DEBUG org.asynchttpclient.netty.request.NettyRequestSender - Using pooled Channel '[id: 0x119643f5, L:/127.0.0.1:51389 - R:localhost/127.0.0.1:49374]' for 'GET' to 'http://localhost:49374/session/f1ffc58d00f9230218939ed45090982d/screenshot'
20:24:55.068 [Forwarding screenshot on session f1ffc58d00f9230218939ed45090982d to remote] DEBUG org.asynchttpclient.netty.request.NettyRequestSender - Using open Channel [id: 0x119643f5, L:/127.0.0.1:51389 - R:localhost/127.0.0.1:49374] for GET '/session/f1ffc58d00f9230218939ed45090982d/screenshot'
20:24:55.320 [AsyncHttpClient-1-3] DEBUG org.asynchttpclient.netty.handler.HttpHandler - 

Request DefaultFullHttpRequest(decodeResult: success, version: HTTP/1.1, content: EmptyByteBufBE)
GET /session/f1ffc58d00f9230218939ed45090982d/screenshot HTTP/1.1
User-Agent: selenium/4.1.4 (java windows)
Cache-Control: no-cache
Content-Type: application/json; charset=utf-8
host: localhost:49374
accept: */*

Response DefaultHttpResponse(decodeResult: success, version: HTTP/1.1)
HTTP/1.1 200 OK
Content-Type: application/json; charset=utf-8
cache-control: no-cache
content-length: 360772

20:24:55.321 [AsyncHttpClient-1-3] DEBUG org.asynchttpclient.netty.channel.ChannelManager - Adding key: http://localhost:49374 for channel [id: 0x119643f5, L:/127.0.0.1:51389 - R:localhost/127.0.0.1:49374]
20:24:55.333 [main] DEBUG net.serenitybdd.core.photography.Darkroom - Send negative for processing for target\site\serenity\243f4868a702c1f42b394d13bab620515eb74498bbcc4b0309318a370d035942.png
20:24:55.333 [main] DEBUG net.thucydides.core.steps.StepInterceptor - STEP DONE: clickButtonLogin
20:24:55.333 [Darkroom Processing Line] DEBUG net.serenitybdd.core.photography.DarkroomProcessingLine - Processing screenshot image in /var/screenshots/screenshot-16798589664861183935
20:24:55.333 [Darkroom Processing Line] DEBUG net.serenitybdd.core.photography.DarkroomProcessingLine - Saving screenshot to target\site\serenity\243f4868a702c1f42b394d13bab620515eb74498bbcc4b0309318a370d035942.png
20:24:56.113 [AsyncHttpClient-1-1] DEBUG org.asynchttpclient.netty.channel.DefaultChannelPool - Entry count for : http://localhost:49374 : 1
20:24:56.113 [AsyncHttpClient-1-1] DEBUG org.asynchttpclient.netty.channel.DefaultChannelPool - Entry count for : http://localhost:51390 : 1
  &amp#27;[32mWhen &amp#27;[0m&amp#27;[32mI click button login&amp#27;[0m                           &amp#27;[90m# starter.stepdefinitios.LoginSteps.iClickButtonLogin()&amp#27;[0m
20:24:56.347 [Forwarding screenshot on session f1ffc58d00f9230218939ed45090982d to remote] DEBUG org.asynchttpclient.netty.request.NettyRequestSender - Using pooled Channel '[id: 0x119643f5, L:/127.0.0.1:51389 - R:localhost/127.0.0.1:49374]' for 'GET' to 'http://localhost:49374/session/f1ffc58d00f9230218939ed45090982d/screenshot'
20:24:56.347 [Forwarding screenshot on session f1ffc58d00f9230218939ed45090982d to remote] DEBUG org.asynchttpclient.netty.request.NettyRequestSender - Using open Channel [id: 0x119643f5, L:/127.0.0.1:51389 - R:localhost/127.0.0.1:49374] for GET '/session/f1ffc58d00f9230218939ed45090982d/screenshot'
20:24:56.683 [AsyncHttpClient-1-3] DEBUG org.asynchttpclient.netty.handler.HttpHandler - 

Request DefaultFullHttpRequest(decodeResult: success, version: HTTP/1.1, content: EmptyByteBufBE)
GET /session/f1ffc58d00f9230218939ed45090982d/screenshot HTTP/1.1
User-Agent: selenium/4.1.4 (java windows)
Cache-Control: no-cache
Content-Type: application/json; charset=utf-8
host: localhost:49374
accept: */*

Response DefaultHttpResponse(decodeResult: success, version: HTTP/1.1)
HTTP/1.1 200 OK
Content-Type: application/json; charset=utf-8
cache-control: no-cache
content-length: 313236

20:24:56.683 [AsyncHttpClient-1-3] DEBUG org.asynchttpclient.netty.channel.ChannelManager - Adding key: http://localhost:49374 for channel [id: 0x119643f5, L:/127.0.0.1:51389 - R:localhost/127.0.0.1:49374]
20:24:56.695 [main] DEBUG net.serenitybdd.core.photography.Darkroom - Send negative for processing for target\site\serenity\b3ab4a296061cb709e89ca994a05bd25641861d1873c945ac40aa80fd70cef8f.png
20:24:56.695 [Darkroom Processing Line] DEBUG net.serenitybdd.core.photography.DarkroomProcessingLine - Processing screenshot image in /var/screenshots/screenshot-16340186285385039638
20:24:56.695 [Darkroom Processing Line] DEBUG net.serenitybdd.core.photography.DarkroomProcessingLine - Saving screenshot to target\site\serenity\b3ab4a296061cb709e89ca994a05bd25641861d1873c945ac40aa80fd70cef8f.png
20:24:57.213 [AsyncHttpClient-1-1] DEBUG org.asynchttpclient.netty.channel.DefaultChannelPool - Entry count for : http://localhost:49374 : 1
20:24:57.213 [AsyncHttpClient-1-1] DEBUG org.asynchttpclient.netty.channel.DefaultChannelPool - Entry count for : http://localhost:51390 : 1
20:24:58.326 [AsyncHttpClient-1-1] DEBUG org.asynchttpclient.netty.channel.DefaultChannelPool - Entry count for : http://localhost:49374 : 1
20:24:58.326 [AsyncHttpClient-1-1] DEBUG org.asynchttpclient.netty.channel.DefaultChannelPool - Entry count for : http://localhost:51390 : 1
20:24:59.413 [AsyncHttpClient-1-1] DEBUG org.asynchttpclient.netty.channel.DefaultChannelPool - Entry count for : http://localhost:49374 : 1
20:24:59.413 [AsyncHttpClient-1-1] DEBUG org.asynchttpclient.netty.channel.DefaultChannelPool - Entry count for : http://localhost:51390 : 1
20:25:00.526 [AsyncHttpClient-1-1] DEBUG org.asynchttpclient.netty.channel.DefaultChannelPool - Entry count for : http://localhost:49374 : 1
20:25:00.526 [AsyncHttpClient-1-1] DEBUG org.asynchttpclient.netty.channel.DefaultChannelPool - Entry count for : http://localhost:51390 : 1
20:25:01.617 [AsyncHttpClient-1-1] DEBUG org.asynchttpclient.netty.channel.DefaultChannelPool - Entry count for : http://localhost:49374 : 1
20:25:01.617 [AsyncHttpClient-1-1] DEBUG org.asynchttpclient.netty.channel.DefaultChannelPool - Entry count for : http://localhost:51390 : 1
20:25:01.717 [Forwarding findElement on session f1ffc58d00f9230218939ed45090982d to remote] DEBUG org.asynchttpclient.netty.request.NettyRequestSender - Using pooled Channel '[id: 0x119643f5, L:/127.0.0.1:51389 - R:localhost/127.0.0.1:49374]' for 'POST' to 'http://localhost:49374/session/f1ffc58d00f9230218939ed45090982d/element'
20:25:01.717 [Forwarding findElement on session f1ffc58d00f9230218939ed45090982d to remote] DEBUG org.asynchttpclient.netty.request.NettyRequestSender - Using open Channel [id: 0x119643f5, L:/127.0.0.1:51389 - R:localhost/127.0.0.1:49374] for POST '/session/f1ffc58d00f9230218939ed45090982d/element'
20:25:01.750 [AsyncHttpClient-1-3] DEBUG org.asynchttpclient.netty.handler.HttpHandler - 

Request DefaultHttpRequest(decodeResult: success, version: HTTP/1.1)
POST /session/f1ffc58d00f9230218939ed45090982d/element HTTP/1.1
User-Agent: selenium/4.1.4 (java windows)
Content-Length: 68
Content-Type: application/json; charset=utf-8
host: localhost:49374
accept: */*

Response DefaultHttpResponse(decodeResult: success, version: HTTP/1.1)
HTTP/1.1 200 OK
Content-Type: application/json; charset=utf-8
cache-control: no-cache
content-length: 88

20:25:01.750 [AsyncHttpClient-1-3] DEBUG org.asynchttpclient.netty.channel.ChannelManager - Adding key: http://localhost:49374 for channel [id: 0x119643f5, L:/127.0.0.1:51389 - R:localhost/127.0.0.1:49374]
20:25:01.751 [Forwarding isElementEnabled on session f1ffc58d00f9230218939ed45090982d to remote] DEBUG org.asynchttpclient.netty.request.NettyRequestSender - Using pooled Channel '[id: 0x119643f5, L:/127.0.0.1:51389 - R:localhost/127.0.0.1:49374]' for 'GET' to 'http://localhost:49374/session/f1ffc58d00f9230218939ed45090982d/element/c48b8377-cfc2-4526-ad73-8c063c9235e4/enabled'
20:25:01.751 [Forwarding isElementEnabled on session f1ffc58d00f9230218939ed45090982d to remote] DEBUG org.asynchttpclient.netty.request.NettyRequestSender - Using open Channel [id: 0x119643f5, L:/127.0.0.1:51389 - R:localhost/127.0.0.1:49374] for GET '/session/f1ffc58d00f9230218939ed45090982d/element/c48b8377-cfc2-4526-ad73-8c063c9235e4/enabled'
20:25:01.769 [AsyncHttpClient-1-3] DEBUG org.asynchttpclient.netty.handler.HttpHandler - 

Request DefaultFullHttpRequest(decodeResult: success, version: HTTP/1.1, content: EmptyByteBufBE)
GET /session/f1ffc58d00f9230218939ed45090982d/element/c48b8377-cfc2-4526-ad73-8c063c9235e4/enabled HTTP/1.1
User-Agent: selenium/4.1.4 (java windows)
Cache-Control: no-cache
Content-Type: application/json; charset=utf-8
host: localhost:49374
accept: */*

Response DefaultHttpResponse(decodeResult: success, version: HTTP/1.1)
HTTP/1.1 200 OK
Content-Type: application/json; charset=utf-8
cache-control: no-cache
content-length: 14

20:25:01.770 [AsyncHttpClient-1-3] DEBUG org.asynchttpclient.netty.channel.ChannelManager - Adding key: http://localhost:49374 for channel [id: 0x119643f5, L:/127.0.0.1:51389 - R:localhost/127.0.0.1:49374]
20:25:02.275 [Forwarding screenshot on session f1ffc58d00f9230218939ed45090982d to remote] DEBUG org.asynchttpclient.netty.request.NettyRequestSender - Using pooled Channel '[id: 0x119643f5, L:/127.0.0.1:51389 - R:localhost/127.0.0.1:49374]' for 'GET' to 'http://localhost:49374/session/f1ffc58d00f9230218939ed45090982d/screenshot'
20:25:02.275 [Forwarding screenshot on session f1ffc58d00f9230218939ed45090982d to remote] DEBUG org.asynchttpclient.netty.request.NettyRequestSender - Using open Channel [id: 0x119643f5, L:/127.0.0.1:51389 - R:localhost/127.0.0.1:49374] for GET '/session/f1ffc58d00f9230218939ed45090982d/screenshot'
20:25:02.583 [AsyncHttpClient-1-3] DEBUG org.asynchttpclient.netty.handler.HttpHandler - 

Request DefaultFullHttpRequest(decodeResult: success, version: HTTP/1.1, content: EmptyByteBufBE)
GET /session/f1ffc58d00f9230218939ed45090982d/screenshot HTTP/1.1
User-Agent: selenium/4.1.4 (java windows)
Cache-Control: no-cache
Content-Type: application/json; charset=utf-8
host: localhost:49374
accept: */*

Response DefaultHttpResponse(decodeResult: success, version: HTTP/1.1)
HTTP/1.1 200 OK
Content-Type: application/json; charset=utf-8
cache-control: no-cache
content-length: 301044

20:25:02.590 [AsyncHttpClient-1-3] DEBUG org.asynchttpclient.netty.channel.ChannelManager - Adding key: http://localhost:49374 for channel [id: 0x119643f5, L:/127.0.0.1:51389 - R:localhost/127.0.0.1:49374]
20:25:02.594 [main] DEBUG net.serenitybdd.core.photography.Darkroom - Send negative for processing for target\site\serenity\163e386af0b12517552a74a3d5043b94e8c0f9215c0f21d464e3b04d27a0859d.png
20:25:02.597 [main] DEBUG net.thucydides.core.steps.StepInterceptor - STARTING STEP: LoginSteps.loginValidationInvalid - clickButtonErrorOK
20:25:02.612 [Forwarding findElement on session f1ffc58d00f9230218939ed45090982d to remote] DEBUG org.asynchttpclient.netty.request.NettyRequestSender - Using pooled Channel '[id: 0x119643f5, L:/127.0.0.1:51389 - R:localhost/127.0.0.1:49374]' for 'POST' to 'http://localhost:49374/session/f1ffc58d00f9230218939ed45090982d/element'
20:25:02.612 [Forwarding findElement on session f1ffc58d00f9230218939ed45090982d to remote] DEBUG org.asynchttpclient.netty.request.NettyRequestSender - Using open Channel [id: 0x119643f5, L:/127.0.0.1:51389 - R:localhost/127.0.0.1:49374] for POST '/session/f1ffc58d00f9230218939ed45090982d/element'
20:25:02.621 [AsyncHttpClient-1-3] DEBUG org.asynchttpclient.netty.handler.HttpHandler - 

Request DefaultHttpRequest(decodeResult: success, version: HTTP/1.1)
POST /session/f1ffc58d00f9230218939ed45090982d/element HTTP/1.1
User-Agent: selenium/4.1.4 (java windows)
Content-Length: 88
Content-Type: application/json; charset=utf-8
host: localhost:49374
accept: */*

Response DefaultHttpResponse(decodeResult: success, version: HTTP/1.1)
HTTP/1.1 200 OK
Content-Type: application/json; charset=utf-8
cache-control: no-cache
content-length: 88

20:25:02.621 [AsyncHttpClient-1-3] DEBUG org.asynchttpclient.netty.channel.ChannelManager - Adding key: http://localhost:49374 for channel [id: 0x119643f5, L:/127.0.0.1:51389 - R:localhost/127.0.0.1:49374]
20:25:02.622 [Forwarding getElementTagName on session f1ffc58d00f9230218939ed45090982d to remote] DEBUG org.asynchttpclient.netty.request.NettyRequestSender - Using pooled Channel '[id: 0x119643f5, L:/127.0.0.1:51389 - R:localhost/127.0.0.1:49374]' for 'GET' to 'http://localhost:49374/session/f1ffc58d00f9230218939ed45090982d/element/935210b7-f2a6-4f1b-9442-8f6f64f6a6c1/name'
20:25:02.622 [Forwarding getElementTagName on session f1ffc58d00f9230218939ed45090982d to remote] DEBUG org.asynchttpclient.netty.request.NettyRequestSender - Using open Channel [id: 0x119643f5, L:/127.0.0.1:51389 - R:localhost/127.0.0.1:49374] for GET '/session/f1ffc58d00f9230218939ed45090982d/element/935210b7-f2a6-4f1b-9442-8f6f64f6a6c1/name'
20:25:02.625 [AsyncHttpClient-1-3] DEBUG org.asynchttpclient.netty.handler.HttpHandler - 

Request DefaultFullHttpRequest(decodeResult: success, version: HTTP/1.1, content: EmptyByteBufBE)
GET /session/f1ffc58d00f9230218939ed45090982d/element/935210b7-f2a6-4f1b-9442-8f6f64f6a6c1/name HTTP/1.1
User-Agent: selenium/4.1.4 (java windows)
Cache-Control: no-cache
Content-Type: application/json; charset=utf-8
host: localhost:49374
accept: */*

Response DefaultHttpResponse(decodeResult: success, version: HTTP/1.1)
HTTP/1.1 200 OK
Content-Type: application/json; charset=utf-8
cache-control: no-cache
content-length: 18

20:25:02.625 [AsyncHttpClient-1-3] DEBUG org.asynchttpclient.netty.channel.ChannelManager - Adding key: http://localhost:49374 for channel [id: 0x119643f5, L:/127.0.0.1:51389 - R:localhost/127.0.0.1:49374]
20:25:02.628 [Forwarding getElementTagName on session f1ffc58d00f9230218939ed45090982d to remote] DEBUG org.asynchttpclient.netty.request.NettyRequestSender - Using pooled Channel '[id: 0x119643f5, L:/127.0.0.1:51389 - R:localhost/127.0.0.1:49374]' for 'GET' to 'http://localhost:49374/session/f1ffc58d00f9230218939ed45090982d/element/935210b7-f2a6-4f1b-9442-8f6f64f6a6c1/name'
20:25:02.628 [Forwarding getElementTagName on session f1ffc58d00f9230218939ed45090982d to remote] DEBUG org.asynchttpclient.netty.request.NettyRequestSender - Using open Channel [id: 0x119643f5, L:/127.0.0.1:51389 - R:localhost/127.0.0.1:49374] for GET '/session/f1ffc58d00f9230218939ed45090982d/element/935210b7-f2a6-4f1b-9442-8f6f64f6a6c1/name'
20:25:02.630 [AsyncHttpClient-1-3] DEBUG org.asynchttpclient.netty.handler.HttpHandler - 

Request DefaultFullHttpRequest(decodeResult: success, version: HTTP/1.1, content: EmptyByteBufBE)
GET /session/f1ffc58d00f9230218939ed45090982d/element/935210b7-f2a6-4f1b-9442-8f6f64f6a6c1/name HTTP/1.1
User-Agent: selenium/4.1.4 (java windows)
Cache-Control: no-cache
Content-Type: application/json; charset=utf-8
host: localhost:49374
accept: */*

Response DefaultHttpResponse(decodeResult: success, version: HTTP/1.1)
HTTP/1.1 200 OK
Content-Type: application/json; charset=utf-8
cache-control: no-cache
content-length: 18

20:25:02.630 [AsyncHttpClient-1-3] DEBUG org.asynchttpclient.netty.channel.ChannelManager - Adding key: http://localhost:49374 for channel [id: 0x119643f5, L:/127.0.0.1:51389 - R:localhost/127.0.0.1:49374]
20:25:02.632 [Forwarding isElementEnabled on session f1ffc58d00f9230218939ed45090982d to remote] DEBUG org.asynchttpclient.netty.request.NettyRequestSender - Using pooled Channel '[id: 0x119643f5, L:/127.0.0.1:51389 - R:localhost/127.0.0.1:49374]' for 'GET' to 'http://localhost:49374/session/f1ffc58d00f9230218939ed45090982d/element/935210b7-f2a6-4f1b-9442-8f6f64f6a6c1/enabled'
20:25:02.632 [Forwarding isElementEnabled on session f1ffc58d00f9230218939ed45090982d to remote] DEBUG org.asynchttpclient.netty.request.NettyRequestSender - Using open Channel [id: 0x119643f5, L:/127.0.0.1:51389 - R:localhost/127.0.0.1:49374] for GET '/session/f1ffc58d00f9230218939ed45090982d/element/935210b7-f2a6-4f1b-9442-8f6f64f6a6c1/enabled'
20:25:02.639 [AsyncHttpClient-1-3] DEBUG org.asynchttpclient.netty.handler.HttpHandler - 

Request DefaultFullHttpRequest(decodeResult: success, version: HTTP/1.1, content: EmptyByteBufBE)
GET /session/f1ffc58d00f9230218939ed45090982d/element/935210b7-f2a6-4f1b-9442-8f6f64f6a6c1/enabled HTTP/1.1
User-Agent: selenium/4.1.4 (java windows)
Cache-Control: no-cache
Content-Type: application/json; charset=utf-8
host: localhost:49374
accept: */*

Response DefaultHttpResponse(decodeResult: success, version: HTTP/1.1)
HTTP/1.1 200 OK
Content-Type: application/json; charset=utf-8
cache-control: no-cache
content-length: 14

20:25:02.639 [AsyncHttpClient-1-3] DEBUG org.asynchttpclient.netty.channel.ChannelManager - Adding key: http://localhost:49374 for channel [id: 0x119643f5, L:/127.0.0.1:51389 - R:localhost/127.0.0.1:49374]
20:25:02.640 [Forwarding isElementEnabled on session f1ffc58d00f9230218939ed45090982d to remote] DEBUG org.asynchttpclient.netty.request.NettyRequestSender - Using pooled Channel '[id: 0x119643f5, L:/127.0.0.1:51389 - R:localhost/127.0.0.1:49374]' for 'GET' to 'http://localhost:49374/session/f1ffc58d00f9230218939ed45090982d/element/935210b7-f2a6-4f1b-9442-8f6f64f6a6c1/enabled'
20:25:02.640 [Forwarding isElementEnabled on session f1ffc58d00f9230218939ed45090982d to remote] DEBUG org.asynchttpclient.netty.request.NettyRequestSender - Using open Channel [id: 0x119643f5, L:/127.0.0.1:51389 - R:localhost/127.0.0.1:49374] for GET '/session/f1ffc58d00f9230218939ed45090982d/element/935210b7-f2a6-4f1b-9442-8f6f64f6a6c1/enabled'
20:25:02.643 [AsyncHttpClient-1-3] DEBUG org.asynchttpclient.netty.handler.HttpHandler - 

Request DefaultFullHttpRequest(decodeResult: success, version: HTTP/1.1, content: EmptyByteBufBE)
GET /session/f1ffc58d00f9230218939ed45090982d/element/935210b7-f2a6-4f1b-9442-8f6f64f6a6c1/enabled HTTP/1.1
User-Agent: selenium/4.1.4 (java windows)
Cache-Control: no-cache
Content-Type: application/json; charset=utf-8
host: localhost:49374
accept: */*

Response DefaultHttpResponse(decodeResult: success, version: HTTP/1.1)
HTTP/1.1 200 OK
Content-Type: application/json; charset=utf-8
cache-control: no-cache
content-length: 14

20:25:02.643 [AsyncHttpClient-1-3] DEBUG org.asynchttpclient.netty.channel.ChannelManager - Adding key: http://localhost:49374 for channel [id: 0x119643f5, L:/127.0.0.1:51389 - R:localhost/127.0.0.1:49374]
20:25:02.645 [Forwarding findElement on session f1ffc58d00f9230218939ed45090982d to remote] DEBUG org.asynchttpclient.netty.request.NettyRequestSender - Using pooled Channel '[id: 0x119643f5, L:/127.0.0.1:51389 - R:localhost/127.0.0.1:49374]' for 'POST' to 'http://localhost:49374/session/f1ffc58d00f9230218939ed45090982d/element'
20:25:02.645 [Forwarding findElement on session f1ffc58d00f9230218939ed45090982d to remote] DEBUG org.asynchttpclient.netty.request.NettyRequestSender - Using open Channel [id: 0x119643f5, L:/127.0.0.1:51389 - R:localhost/127.0.0.1:49374] for POST '/session/f1ffc58d00f9230218939ed45090982d/element'
20:25:02.650 [AsyncHttpClient-1-3] DEBUG org.asynchttpclient.netty.handler.HttpHandler - 

Request DefaultHttpRequest(decodeResult: success, version: HTTP/1.1)
POST /session/f1ffc58d00f9230218939ed45090982d/element HTTP/1.1
User-Agent: selenium/4.1.4 (java windows)
Content-Length: 88
Content-Type: application/json; charset=utf-8
host: localhost:49374
accept: */*

Response DefaultHttpResponse(decodeResult: success, version: HTTP/1.1)
HTTP/1.1 200 OK
Content-Type: application/json; charset=utf-8
cache-control: no-cache
content-length: 88

20:25:02.651 [AsyncHttpClient-1-3] DEBUG org.asynchttpclient.netty.channel.ChannelManager - Adding key: http://localhost:49374 for channel [id: 0x119643f5, L:/127.0.0.1:51389 - R:localhost/127.0.0.1:49374]
20:25:02.652 [Forwarding clickElement on session f1ffc58d00f9230218939ed45090982d to remote] DEBUG org.asynchttpclient.netty.request.NettyRequestSender - Using pooled Channel '[id: 0x119643f5, L:/127.0.0.1:51389 - R:localhost/127.0.0.1:49374]' for 'POST' to 'http://localhost:49374/session/f1ffc58d00f9230218939ed45090982d/element/935210b7-f2a6-4f1b-9442-8f6f64f6a6c1/click'
20:25:02.652 [Forwarding clickElement on session f1ffc58d00f9230218939ed45090982d to remote] DEBUG org.asynchttpclient.netty.request.NettyRequestSender - Using open Channel [id: 0x119643f5, L:/127.0.0.1:51389 - R:localhost/127.0.0.1:49374] for POST '/session/f1ffc58d00f9230218939ed45090982d/element/935210b7-f2a6-4f1b-9442-8f6f64f6a6c1/click'
20:25:02.711 [AsyncHttpClient-1-3] DEBUG org.asynchttpclient.netty.handler.HttpHandler - 

Request DefaultHttpRequest(decodeResult: success, version: HTTP/1.1)
POST /session/f1ffc58d00f9230218939ed45090982d/element/935210b7-f2a6-4f1b-9442-8f6f64f6a6c1/click HTTP/1.1
User-Agent: selenium/4.1.4 (java windows)
Content-Length: 50
Content-Type: application/json; charset=utf-8
host: localhost:49374
accept: */*

Response DefaultHttpResponse(decodeResult: success, version: HTTP/1.1)
HTTP/1.1 200 OK
Content-Type: application/json; charset=utf-8
cache-control: no-cache
content-length: 14

20:25:02.711 [AsyncHttpClient-1-3] DEBUG org.asynchttpclient.netty.channel.ChannelManager - Adding key: http://localhost:49374 for channel [id: 0x119643f5, L:/127.0.0.1:51389 - R:localhost/127.0.0.1:49374]
20:25:02.712 [Forwarding screenshot on session f1ffc58d00f9230218939ed45090982d to remote] DEBUG org.asynchttpclient.netty.request.NettyRequestSender - Using pooled Channel '[id: 0x119643f5, L:/127.0.0.1:51389 - R:localhost/127.0.0.1:49374]' for 'GET' to 'http://localhost:49374/session/f1ffc58d00f9230218939ed45090982d/screenshot'
20:25:02.712 [Forwarding screenshot on session f1ffc58d00f9230218939ed45090982d to remote] DEBUG org.asynchttpclient.netty.request.NettyRequestSender - Using open Channel [id: 0x119643f5, L:/127.0.0.1:51389 - R:localhost/127.0.0.1:49374] for GET '/session/f1ffc58d00f9230218939ed45090982d/screenshot'
20:25:02.719 [AsyncHttpClient-1-1] DEBUG org.asynchttpclient.netty.channel.DefaultChannelPool - Entry count for : http://localhost:51390 : 1
20:25:03.070 [AsyncHttpClient-1-3] DEBUG org.asynchttpclient.netty.handler.HttpHandler - 

Request DefaultFullHttpRequest(decodeResult: success, version: HTTP/1.1, content: EmptyByteBufBE)
GET /session/f1ffc58d00f9230218939ed45090982d/screenshot HTTP/1.1
User-Agent: selenium/4.1.4 (java windows)
Cache-Control: no-cache
Content-Type: application/json; charset=utf-8
host: localhost:49374
accept: */*

Response DefaultHttpResponse(decodeResult: success, version: HTTP/1.1)
HTTP/1.1 200 OK
Content-Type: application/json; charset=utf-8
cache-control: no-cache
content-length: 51084

20:25:03.070 [AsyncHttpClient-1-3] DEBUG org.asynchttpclient.netty.channel.ChannelManager - Adding key: http://localhost:49374 for channel [id: 0x119643f5, L:/127.0.0.1:51389 - R:localhost/127.0.0.1:49374]
20:25:03.071 [main] DEBUG net.serenitybdd.core.photography.Darkroom - Send negative for processing for target\site\serenity\3ea51a817d6243802087a7f2cb0599edcfeeb17c3c745ff90d49b43d775e8cc0.png
20:25:03.071 [main] DEBUG net.thucydides.core.steps.StepInterceptor - STEP DONE: clickButtonErrorOK
  &amp#27;[32mAnd &amp#27;[0m&amp#27;[32mLogin validation invalid&amp#27;[0m                        &amp#27;[90m# starter.stepdefinitios.LoginSteps.loginValidationInvalid()&amp#27;[0m
20:25:03.079 [Darkroom Processing Line] DEBUG net.serenitybdd.core.photography.DarkroomProcessingLine - Processing screenshot image in /var/screenshots/screenshot-9167992356328361271
20:25:03.079 [Darkroom Processing Line] DEBUG net.serenitybdd.core.photography.DarkroomProcessingLine - Saving screenshot to target\site\serenity\3ea51a817d6243802087a7f2cb0599edcfeeb17c3c745ff90d49b43d775e8cc0.png
20:25:03.813 [AsyncHttpClient-1-1] DEBUG org.asynchttpclient.netty.channel.DefaultChannelPool - Entry count for : http://localhost:49374 : 1
20:25:03.813 [AsyncHttpClient-1-1] DEBUG org.asynchttpclient.netty.channel.DefaultChannelPool - Entry count for : http://localhost:51390 : 1
20:25:04.913 [AsyncHttpClient-1-1] DEBUG org.asynchttpclient.netty.channel.DefaultChannelPool - Entry count for : http://localhost:49374 : 1
20:25:04.913 [AsyncHttpClient-1-1] DEBUG org.asynchttpclient.netty.channel.DefaultChannelPool - Entry count for : http://localhost:51390 : 1
20:25:06.013 [AsyncHttpClient-1-1] DEBUG org.asynchttpclient.netty.channel.DefaultChannelPool - Entry count for : http://localhost:49374 : 1
20:25:06.013 [AsyncHttpClient-1-1] DEBUG org.asynchttpclient.netty.channel.DefaultChannelPool - Entry count for : http://localhost:51390 : 1
20:25:07.114 [AsyncHttpClient-1-1] DEBUG org.asynchttpclient.netty.channel.DefaultChannelPool - Entry count for : http://localhost:49374 : 1
20:25:07.114 [AsyncHttpClient-1-1] DEBUG org.asynchttpclient.netty.channel.DefaultChannelPool - Entry count for : http://localhost:51390 : 1
20:25:08.173 [Forwarding screenshot on session f1ffc58d00f9230218939ed45090982d to remote] DEBUG org.asynchttpclient.netty.request.NettyRequestSender - Using pooled Channel '[id: 0x119643f5, L:/127.0.0.1:51389 - R:localhost/127.0.0.1:49374]' for 'GET' to 'http://localhost:49374/session/f1ffc58d00f9230218939ed45090982d/screenshot'
20:25:08.173 [Forwarding screenshot on session f1ffc58d00f9230218939ed45090982d to remote] DEBUG org.asynchttpclient.netty.request.NettyRequestSender - Using open Channel [id: 0x119643f5, L:/127.0.0.1:51389 - R:localhost/127.0.0.1:49374] for GET '/session/f1ffc58d00f9230218939ed45090982d/screenshot'
20:25:08.217 [AsyncHttpClient-1-1] DEBUG org.asynchttpclient.netty.channel.DefaultChannelPool - Entry count for : http://localhost:51390 : 1
20:25:08.322 [AsyncHttpClient-1-3] DEBUG org.asynchttpclient.netty.handler.HttpHandler - 

Request DefaultFullHttpRequest(decodeResult: success, version: HTTP/1.1, content: EmptyByteBufBE)
GET /session/f1ffc58d00f9230218939ed45090982d/screenshot HTTP/1.1
User-Agent: selenium/4.1.4 (java windows)
Cache-Control: no-cache
Content-Type: application/json; charset=utf-8
host: localhost:49374
accept: */*

Response DefaultHttpResponse(decodeResult: success, version: HTTP/1.1)
HTTP/1.1 200 OK
Content-Type: application/json; charset=utf-8
cache-control: no-cache
content-length: 79028

20:25:08.322 [AsyncHttpClient-1-3] DEBUG org.asynchttpclient.netty.channel.ChannelManager - Adding key: http://localhost:49374 for channel [id: 0x119643f5, L:/127.0.0.1:51389 - R:localhost/127.0.0.1:49374]
20:25:08.324 [main] DEBUG net.serenitybdd.core.photography.Darkroom - Send negative for processing for target\site\serenity\0742e89bb5c6702a8e8992c1259f3d88eb044ae87c07efd93ff481cbc148a1e3.png
20:25:08.324 [main] DEBUG net.thucydides.core.steps.StepInterceptor - STARTING STEP: ArsipJadwalSteps.clickButtonArchive - clickButtonArsipJadwal
20:25:08.324 [Darkroom Processing Line] DEBUG net.serenitybdd.core.photography.DarkroomProcessingLine - Processing screenshot image in /var/screenshots/screenshot-8117329022111174526
20:25:08.324 [Darkroom Processing Line] DEBUG net.serenitybdd.core.photography.DarkroomProcessingLine - Saving screenshot to target\site\serenity\0742e89bb5c6702a8e8992c1259f3d88eb044ae87c07efd93ff481cbc148a1e3.png
20:25:08.328 [Forwarding findElement on session f1ffc58d00f9230218939ed45090982d to remote] DEBUG org.asynchttpclient.netty.request.NettyRequestSender - Using pooled Channel '[id: 0x119643f5, L:/127.0.0.1:51389 - R:localhost/127.0.0.1:49374]' for 'POST' to 'http://localhost:49374/session/f1ffc58d00f9230218939ed45090982d/element'
20:25:08.328 [Forwarding findElement on session f1ffc58d00f9230218939ed45090982d to remote] DEBUG org.asynchttpclient.netty.request.NettyRequestSender - Using open Channel [id: 0x119643f5, L:/127.0.0.1:51389 - R:localhost/127.0.0.1:49374] for POST '/session/f1ffc58d00f9230218939ed45090982d/element'
20:25:08.340 [AsyncHttpClient-1-3] DEBUG org.asynchttpclient.netty.handler.HttpHandler - 

Request DefaultHttpRequest(decodeResult: success, version: HTTP/1.1)
POST /session/f1ffc58d00f9230218939ed45090982d/element HTTP/1.1
User-Agent: selenium/4.1.4 (java windows)
Content-Length: 114
Content-Type: application/json; charset=utf-8
host: localhost:49374
accept: */*

Response DefaultHttpResponse(decodeResult: success, version: HTTP/1.1)
HTTP/1.1 200 OK
Content-Type: application/json; charset=utf-8
cache-control: no-cache
content-length: 88

20:25:08.340 [AsyncHttpClient-1-3] DEBUG org.asynchttpclient.netty.channel.ChannelManager - Adding key: http://localhost:49374 for channel [id: 0x119643f5, L:/127.0.0.1:51389 - R:localhost/127.0.0.1:49374]
20:25:08.341 [Forwarding getElementTagName on session f1ffc58d00f9230218939ed45090982d to remote] DEBUG org.asynchttpclient.netty.request.NettyRequestSender - Using pooled Channel '[id: 0x119643f5, L:/127.0.0.1:51389 - R:localhost/127.0.0.1:49374]' for 'GET' to 'http://localhost:49374/session/f1ffc58d00f9230218939ed45090982d/element/24300de0-1781-4a7c-bbb0-9da5b272dd25/name'
20:25:08.341 [Forwarding getElementTagName on session f1ffc58d00f9230218939ed45090982d to remote] DEBUG org.asynchttpclient.netty.request.NettyRequestSender - Using open Channel [id: 0x119643f5, L:/127.0.0.1:51389 - R:localhost/127.0.0.1:49374] for GET '/session/f1ffc58d00f9230218939ed45090982d/element/24300de0-1781-4a7c-bbb0-9da5b272dd25/name'
20:25:08.345 [AsyncHttpClient-1-3] DEBUG org.asynchttpclient.netty.handler.HttpHandler - 

Request DefaultFullHttpRequest(decodeResult: success, version: HTTP/1.1, content: EmptyByteBufBE)
GET /session/f1ffc58d00f9230218939ed45090982d/element/24300de0-1781-4a7c-bbb0-9da5b272dd25/name HTTP/1.1
User-Agent: selenium/4.1.4 (java windows)
Cache-Control: no-cache
Content-Type: application/json; charset=utf-8
host: localhost:49374
accept: */*

Response DefaultHttpResponse(decodeResult: success, version: HTTP/1.1)
HTTP/1.1 200 OK
Content-Type: application/json; charset=utf-8
cache-control: no-cache
content-length: 13

20:25:08.345 [AsyncHttpClient-1-3] DEBUG org.asynchttpclient.netty.channel.ChannelManager - Adding key: http://localhost:49374 for channel [id: 0x119643f5, L:/127.0.0.1:51389 - R:localhost/127.0.0.1:49374]
20:25:08.346 [Forwarding getElementTagName on session f1ffc58d00f9230218939ed45090982d to remote] DEBUG org.asynchttpclient.netty.request.NettyRequestSender - Using pooled Channel '[id: 0x119643f5, L:/127.0.0.1:51389 - R:localhost/127.0.0.1:49374]' for 'GET' to 'http://localhost:49374/session/f1ffc58d00f9230218939ed45090982d/element/24300de0-1781-4a7c-bbb0-9da5b272dd25/name'
20:25:08.346 [Forwarding getElementTagName on session f1ffc58d00f9230218939ed45090982d to remote] DEBUG org.asynchttpclient.netty.request.NettyRequestSender - Using open Channel [id: 0x119643f5, L:/127.0.0.1:51389 - R:localhost/127.0.0.1:49374] for GET '/session/f1ffc58d00f9230218939ed45090982d/element/24300de0-1781-4a7c-bbb0-9da5b272dd25/name'
20:25:08.350 [AsyncHttpClient-1-3] DEBUG org.asynchttpclient.netty.handler.HttpHandler - 

Request DefaultFullHttpRequest(decodeResult: success, version: HTTP/1.1, content: EmptyByteBufBE)
GET /session/f1ffc58d00f9230218939ed45090982d/element/24300de0-1781-4a7c-bbb0-9da5b272dd25/name HTTP/1.1
User-Agent: selenium/4.1.4 (java windows)
Cache-Control: no-cache
Content-Type: application/json; charset=utf-8
host: localhost:49374
accept: */*

Response DefaultHttpResponse(decodeResult: success, version: HTTP/1.1)
HTTP/1.1 200 OK
Content-Type: application/json; charset=utf-8
cache-control: no-cache
content-length: 13

20:25:08.350 [AsyncHttpClient-1-3] DEBUG org.asynchttpclient.netty.channel.ChannelManager - Adding key: http://localhost:49374 for channel [id: 0x119643f5, L:/127.0.0.1:51389 - R:localhost/127.0.0.1:49374]
20:25:08.352 [Forwarding findElement on session f1ffc58d00f9230218939ed45090982d to remote] DEBUG org.asynchttpclient.netty.request.NettyRequestSender - Using pooled Channel '[id: 0x119643f5, L:/127.0.0.1:51389 - R:localhost/127.0.0.1:49374]' for 'POST' to 'http://localhost:49374/session/f1ffc58d00f9230218939ed45090982d/element'
20:25:08.352 [Forwarding findElement on session f1ffc58d00f9230218939ed45090982d to remote] DEBUG org.asynchttpclient.netty.request.NettyRequestSender - Using open Channel [id: 0x119643f5, L:/127.0.0.1:51389 - R:localhost/127.0.0.1:49374] for POST '/session/f1ffc58d00f9230218939ed45090982d/element'
20:25:08.359 [AsyncHttpClient-1-3] DEBUG org.asynchttpclient.netty.handler.HttpHandler - 

Request DefaultHttpRequest(decodeResult: success, version: HTTP/1.1)
POST /session/f1ffc58d00f9230218939ed45090982d/element HTTP/1.1
User-Agent: selenium/4.1.4 (java windows)
Content-Length: 114
Content-Type: application/json; charset=utf-8
host: localhost:49374
accept: */*

Response DefaultHttpResponse(decodeResult: success, version: HTTP/1.1)
HTTP/1.1 200 OK
Content-Type: application/json; charset=utf-8
cache-control: no-cache
content-length: 88

20:25:08.359 [AsyncHttpClient-1-3] DEBUG org.asynchttpclient.netty.channel.ChannelManager - Adding key: http://localhost:49374 for channel [id: 0x119643f5, L:/127.0.0.1:51389 - R:localhost/127.0.0.1:49374]
20:25:08.360 [Forwarding clickElement on session f1ffc58d00f9230218939ed45090982d to remote] DEBUG org.asynchttpclient.netty.request.NettyRequestSender - Using pooled Channel '[id: 0x119643f5, L:/127.0.0.1:51389 - R:localhost/127.0.0.1:49374]' for 'POST' to 'http://localhost:49374/session/f1ffc58d00f9230218939ed45090982d/element/24300de0-1781-4a7c-bbb0-9da5b272dd25/click'
20:25:08.360 [Forwarding clickElement on session f1ffc58d00f9230218939ed45090982d to remote] DEBUG org.asynchttpclient.netty.request.NettyRequestSender - Using open Channel [id: 0x119643f5, L:/127.0.0.1:51389 - R:localhost/127.0.0.1:49374] for POST '/session/f1ffc58d00f9230218939ed45090982d/element/24300de0-1781-4a7c-bbb0-9da5b272dd25/click'
20:25:08.422 [AsyncHttpClient-1-3] DEBUG org.asynchttpclient.netty.handler.HttpHandler - 

Request DefaultHttpRequest(decodeResult: success, version: HTTP/1.1)
POST /session/f1ffc58d00f9230218939ed45090982d/element/24300de0-1781-4a7c-bbb0-9da5b272dd25/click HTTP/1.1
User-Agent: selenium/4.1.4 (java windows)
Content-Length: 50
Content-Type: application/json; charset=utf-8
host: localhost:49374
accept: */*

Response DefaultHttpResponse(decodeResult: success, version: HTTP/1.1)
HTTP/1.1 200 OK
Content-Type: application/json; charset=utf-8
cache-control: no-cache
content-length: 14

20:25:08.422 [AsyncHttpClient-1-3] DEBUG org.asynchttpclient.netty.channel.ChannelManager - Adding key: http://localhost:49374 for channel [id: 0x119643f5, L:/127.0.0.1:51389 - R:localhost/127.0.0.1:49374]
20:25:08.431 [Forwarding screenshot on session f1ffc58d00f9230218939ed45090982d to remote] DEBUG org.asynchttpclient.netty.request.NettyRequestSender - Using pooled Channel '[id: 0x119643f5, L:/127.0.0.1:51389 - R:localhost/127.0.0.1:49374]' for 'GET' to 'http://localhost:49374/session/f1ffc58d00f9230218939ed45090982d/screenshot'
20:25:08.431 [Forwarding screenshot on session f1ffc58d00f9230218939ed45090982d to remote] DEBUG org.asynchttpclient.netty.request.NettyRequestSender - Using open Channel [id: 0x119643f5, L:/127.0.0.1:51389 - R:localhost/127.0.0.1:49374] for GET '/session/f1ffc58d00f9230218939ed45090982d/screenshot'
20:25:08.634 [AsyncHttpClient-1-3] DEBUG org.asynchttpclient.netty.handler.HttpHandler - 

Request DefaultFullHttpRequest(decodeResult: success, version: HTTP/1.1, content: EmptyByteBufBE)
GET /session/f1ffc58d00f9230218939ed45090982d/screenshot HTTP/1.1
User-Agent: selenium/4.1.4 (java windows)
Cache-Control: no-cache
Content-Type: application/json; charset=utf-8
host: localhost:49374
accept: */*

Response DefaultHttpResponse(decodeResult: success, version: HTTP/1.1)
HTTP/1.1 200 OK
Content-Type: application/json; charset=utf-8
cache-control: no-cache
content-length: 117704

20:25:08.635 [AsyncHttpClient-1-3] DEBUG org.asynchttpclient.netty.channel.ChannelManager - Adding key: http://localhost:49374 for channel [id: 0x119643f5, L:/127.0.0.1:51389 - R:localhost/127.0.0.1:49374]
20:25:08.642 [main] DEBUG net.serenitybdd.core.photography.Darkroom - Send negative for processing for target\site\serenity\b7197fe427cd4dbc28047e3620983b8d25e818418e60e01c43d53377b123ec3e.png
20:25:08.643 [main] DEBUG net.thucydides.core.steps.StepInterceptor - STEP DONE: clickButtonArsipJadwal
  &amp#27;[32mAnd &amp#27;[0m&amp#27;[32mClick button archive&amp#27;[0m                            &amp#27;[90m# starter.stepdefinitios.ArsipJadwalSteps.clickButtonArchive()&amp#27;[0m
20:25:08.643 [Darkroom Processing Line] DEBUG net.serenitybdd.core.photography.DarkroomProcessingLine - Processing screenshot image in /var/screenshots/screenshot-14597202636313353429
20:25:08.643 [Darkroom Processing Line] DEBUG net.serenitybdd.core.photography.DarkroomProcessingLine - Saving screenshot to target\site\serenity\b7197fe427cd4dbc28047e3620983b8d25e818418e60e01c43d53377b123ec3e.png
20:25:09.313 [AsyncHttpClient-1-1] DEBUG org.asynchttpclient.netty.channel.DefaultChannelPool - Entry count for : http://localhost:49374 : 1
20:25:09.313 [AsyncHttpClient-1-1] DEBUG org.asynchttpclient.netty.channel.DefaultChannelPool - Entry count for : http://localhost:51390 : 1
20:25:10.414 [AsyncHttpClient-1-1] DEBUG org.asynchttpclient.netty.channel.DefaultChannelPool - Entry count for : http://localhost:49374 : 1
20:25:10.414 [AsyncHttpClient-1-1] DEBUG org.asynchttpclient.netty.channel.DefaultChannelPool - Entry count for : http://localhost:51390 : 1
20:25:11.519 [AsyncHttpClient-1-1] DEBUG org.asynchttpclient.netty.channel.DefaultChannelPool - Entry count for : http://localhost:49374 : 1
20:25:11.519 [AsyncHttpClient-1-1] DEBUG org.asynchttpclient.netty.channel.DefaultChannelPool - Entry count for : http://localhost:51390 : 1
20:25:12.618 [AsyncHttpClient-1-1] DEBUG org.asynchttpclient.netty.channel.DefaultChannelPool - Entry count for : http://localhost:49374 : 1
20:25:12.618 [AsyncHttpClient-1-1] DEBUG org.asynchttpclient.netty.channel.DefaultChannelPool - Entry count for : http://localhost:51390 : 1
20:25:13.695 [Forwarding screenshot on session f1ffc58d00f9230218939ed45090982d to remote] DEBUG org.asynchttpclient.netty.request.NettyRequestSender - Using pooled Channel '[id: 0x119643f5, L:/127.0.0.1:51389 - R:localhost/127.0.0.1:49374]' for 'GET' to 'http://localhost:49374/session/f1ffc58d00f9230218939ed45090982d/screenshot'
20:25:13.695 [Forwarding screenshot on session f1ffc58d00f9230218939ed45090982d to remote] DEBUG org.asynchttpclient.netty.request.NettyRequestSender - Using open Channel [id: 0x119643f5, L:/127.0.0.1:51389 - R:localhost/127.0.0.1:49374] for GET '/session/f1ffc58d00f9230218939ed45090982d/screenshot'
20:25:13.714 [AsyncHttpClient-1-1] DEBUG org.asynchttpclient.netty.channel.DefaultChannelPool - Entry count for : http://localhost:51390 : 1
20:25:13.876 [AsyncHttpClient-1-3] DEBUG org.asynchttpclient.netty.handler.HttpHandler - 

Request DefaultFullHttpRequest(decodeResult: success, version: HTTP/1.1, content: EmptyByteBufBE)
GET /session/f1ffc58d00f9230218939ed45090982d/screenshot HTTP/1.1
User-Agent: selenium/4.1.4 (java windows)
Cache-Control: no-cache
Content-Type: application/json; charset=utf-8
host: localhost:49374
accept: */*

Response DefaultHttpResponse(decodeResult: success, version: HTTP/1.1)
HTTP/1.1 200 OK
Content-Type: application/json; charset=utf-8
cache-control: no-cache
content-length: 92808

20:25:13.877 [AsyncHttpClient-1-3] DEBUG org.asynchttpclient.netty.channel.ChannelManager - Adding key: http://localhost:49374 for channel [id: 0x119643f5, L:/127.0.0.1:51389 - R:localhost/127.0.0.1:49374]
20:25:13.883 [main] DEBUG net.serenitybdd.core.photography.Darkroom - Send negative for processing for target\site\serenity\130cd13297263784ff6c06b55e409045e21eae83b6e2977508cd5cb30639e10b.png
20:25:13.885 [main] DEBUG net.thucydides.core.steps.StepInterceptor - STARTING STEP: ArsipJadwalSteps.clickSearchAllCategoryArchive - clickButtonAllCategory
20:25:13.888 [Forwarding findElement on session f1ffc58d00f9230218939ed45090982d to remote] DEBUG org.asynchttpclient.netty.request.NettyRequestSender - Using pooled Channel '[id: 0x119643f5, L:/127.0.0.1:51389 - R:localhost/127.0.0.1:49374]' for 'POST' to 'http://localhost:49374/session/f1ffc58d00f9230218939ed45090982d/element'
20:25:13.888 [Forwarding findElement on session f1ffc58d00f9230218939ed45090982d to remote] DEBUG org.asynchttpclient.netty.request.NettyRequestSender - Using open Channel [id: 0x119643f5, L:/127.0.0.1:51389 - R:localhost/127.0.0.1:49374] for POST '/session/f1ffc58d00f9230218939ed45090982d/element'
20:25:13.920 [AsyncHttpClient-1-3] DEBUG org.asynchttpclient.netty.handler.HttpHandler - 

Request DefaultHttpRequest(decodeResult: success, version: HTTP/1.1)
POST /session/f1ffc58d00f9230218939ed45090982d/element HTTP/1.1
User-Agent: selenium/4.1.4 (java windows)
Content-Length: 68
Content-Type: application/json; charset=utf-8
host: localhost:49374
accept: */*

Response DefaultHttpResponse(decodeResult: success, version: HTTP/1.1)
HTTP/1.1 200 OK
Content-Type: application/json; charset=utf-8
cache-control: no-cache
content-length: 88

20:25:13.920 [AsyncHttpClient-1-3] DEBUG org.asynchttpclient.netty.channel.ChannelManager - Adding key: http://localhost:49374 for channel [id: 0x119643f5, L:/127.0.0.1:51389 - R:localhost/127.0.0.1:49374]
20:25:13.923 [Forwarding getElementTagName on session f1ffc58d00f9230218939ed45090982d to remote] DEBUG org.asynchttpclient.netty.request.NettyRequestSender - Using pooled Channel '[id: 0x119643f5, L:/127.0.0.1:51389 - R:localhost/127.0.0.1:49374]' for 'GET' to 'http://localhost:49374/session/f1ffc58d00f9230218939ed45090982d/element/598ce6d8-be70-4f7f-be91-f692531d0eb7/name'
20:25:13.924 [Forwarding getElementTagName on session f1ffc58d00f9230218939ed45090982d to remote] DEBUG org.asynchttpclient.netty.request.NettyRequestSender - Using open Channel [id: 0x119643f5, L:/127.0.0.1:51389 - R:localhost/127.0.0.1:49374] for GET '/session/f1ffc58d00f9230218939ed45090982d/element/598ce6d8-be70-4f7f-be91-f692531d0eb7/name'
20:25:13.932 [AsyncHttpClient-1-3] DEBUG org.asynchttpclient.netty.handler.HttpHandler - 

Request DefaultFullHttpRequest(decodeResult: success, version: HTTP/1.1, content: EmptyByteBufBE)
GET /session/f1ffc58d00f9230218939ed45090982d/element/598ce6d8-be70-4f7f-be91-f692531d0eb7/name HTTP/1.1
User-Agent: selenium/4.1.4 (java windows)
Cache-Control: no-cache
Content-Type: application/json; charset=utf-8
host: localhost:49374
accept: */*

Response DefaultHttpResponse(decodeResult: success, version: HTTP/1.1)
HTTP/1.1 200 OK
Content-Type: application/json; charset=utf-8
cache-control: no-cache
content-length: 18

20:25:13.933 [AsyncHttpClient-1-3] DEBUG org.asynchttpclient.netty.channel.ChannelManager - Adding key: http://localhost:49374 for channel [id: 0x119643f5, L:/127.0.0.1:51389 - R:localhost/127.0.0.1:49374]
20:25:13.935 [Forwarding getElementTagName on session f1ffc58d00f9230218939ed45090982d to remote] DEBUG org.asynchttpclient.netty.request.NettyRequestSender - Using pooled Channel '[id: 0x119643f5, L:/127.0.0.1:51389 - R:localhost/127.0.0.1:49374]' for 'GET' to 'http://localhost:49374/session/f1ffc58d00f9230218939ed45090982d/element/598ce6d8-be70-4f7f-be91-f692531d0eb7/name'
20:25:13.935 [Forwarding getElementTagName on session f1ffc58d00f9230218939ed45090982d to remote] DEBUG org.asynchttpclient.netty.request.NettyRequestSender - Using open Channel [id: 0x119643f5, L:/127.0.0.1:51389 - R:localhost/127.0.0.1:49374] for GET '/session/f1ffc58d00f9230218939ed45090982d/element/598ce6d8-be70-4f7f-be91-f692531d0eb7/name'
20:25:13.942 [AsyncHttpClient-1-3] DEBUG org.asynchttpclient.netty.handler.HttpHandler - 

Request DefaultFullHttpRequest(decodeResult: success, version: HTTP/1.1, content: EmptyByteBufBE)
GET /session/f1ffc58d00f9230218939ed45090982d/element/598ce6d8-be70-4f7f-be91-f692531d0eb7/name HTTP/1.1
User-Agent: selenium/4.1.4 (java windows)
Cache-Control: no-cache
Content-Type: application/json; charset=utf-8
host: localhost:49374
accept: */*

Response DefaultHttpResponse(decodeResult: success, version: HTTP/1.1)
HTTP/1.1 200 OK
Content-Type: application/json; charset=utf-8
cache-control: no-cache
content-length: 18

20:25:13.942 [AsyncHttpClient-1-3] DEBUG org.asynchttpclient.netty.channel.ChannelManager - Adding key: http://localhost:49374 for channel [id: 0x119643f5, L:/127.0.0.1:51389 - R:localhost/127.0.0.1:49374]
20:25:13.945 [Forwarding isElementEnabled on session f1ffc58d00f9230218939ed45090982d to remote] DEBUG org.asynchttpclient.netty.request.NettyRequestSender - Using pooled Channel '[id: 0x119643f5, L:/127.0.0.1:51389 - R:localhost/127.0.0.1:49374]' for 'GET' to 'http://localhost:49374/session/f1ffc58d00f9230218939ed45090982d/element/598ce6d8-be70-4f7f-be91-f692531d0eb7/enabled'
20:25:13.945 [Forwarding isElementEnabled on session f1ffc58d00f9230218939ed45090982d to remote] DEBUG org.asynchttpclient.netty.request.NettyRequestSender - Using open Channel [id: 0x119643f5, L:/127.0.0.1:51389 - R:localhost/127.0.0.1:49374] for GET '/session/f1ffc58d00f9230218939ed45090982d/element/598ce6d8-be70-4f7f-be91-f692531d0eb7/enabled'
20:25:13.967 [AsyncHttpClient-1-3] DEBUG org.asynchttpclient.netty.handler.HttpHandler - 

Request DefaultFullHttpRequest(decodeResult: success, version: HTTP/1.1, content: EmptyByteBufBE)
GET /session/f1ffc58d00f9230218939ed45090982d/element/598ce6d8-be70-4f7f-be91-f692531d0eb7/enabled HTTP/1.1
User-Agent: selenium/4.1.4 (java windows)
Cache-Control: no-cache
Content-Type: application/json; charset=utf-8
host: localhost:49374
accept: */*

Response DefaultHttpResponse(decodeResult: success, version: HTTP/1.1)
HTTP/1.1 200 OK
Content-Type: application/json; charset=utf-8
cache-control: no-cache
content-length: 14

20:25:13.968 [AsyncHttpClient-1-3] DEBUG org.asynchttpclient.netty.channel.ChannelManager - Adding key: http://localhost:49374 for channel [id: 0x119643f5, L:/127.0.0.1:51389 - R:localhost/127.0.0.1:49374]
20:25:13.970 [Forwarding isElementEnabled on session f1ffc58d00f9230218939ed45090982d to remote] DEBUG org.asynchttpclient.netty.request.NettyRequestSender - Using pooled Channel '[id: 0x119643f5, L:/127.0.0.1:51389 - R:localhost/127.0.0.1:49374]' for 'GET' to 'http://localhost:49374/session/f1ffc58d00f9230218939ed45090982d/element/598ce6d8-be70-4f7f-be91-f692531d0eb7/enabled'
20:25:13.970 [Forwarding isElementEnabled on session f1ffc58d00f9230218939ed45090982d to remote] DEBUG org.asynchttpclient.netty.request.NettyRequestSender - Using open Channel [id: 0x119643f5, L:/127.0.0.1:51389 - R:localhost/127.0.0.1:49374] for GET '/session/f1ffc58d00f9230218939ed45090982d/element/598ce6d8-be70-4f7f-be91-f692531d0eb7/enabled'
20:25:13.982 [AsyncHttpClient-1-3] DEBUG org.asynchttpclient.netty.handler.HttpHandler - 

Request DefaultFullHttpRequest(decodeResult: success, version: HTTP/1.1, content: EmptyByteBufBE)
GET /session/f1ffc58d00f9230218939ed45090982d/element/598ce6d8-be70-4f7f-be91-f692531d0eb7/enabled HTTP/1.1
User-Agent: selenium/4.1.4 (java windows)
Cache-Control: no-cache
Content-Type: application/json; charset=utf-8
host: localhost:49374
accept: */*

Response DefaultHttpResponse(decodeResult: success, version: HTTP/1.1)
HTTP/1.1 200 OK
Content-Type: application/json; charset=utf-8
cache-control: no-cache
content-length: 14

20:25:13.982 [AsyncHttpClient-1-3] DEBUG org.asynchttpclient.netty.channel.ChannelManager - Adding key: http://localhost:49374 for channel [id: 0x119643f5, L:/127.0.0.1:51389 - R:localhost/127.0.0.1:49374]
20:25:13.986 [Forwarding findElement on session f1ffc58d00f9230218939ed45090982d to remote] DEBUG org.asynchttpclient.netty.request.NettyRequestSender - Using pooled Channel '[id: 0x119643f5, L:/127.0.0.1:51389 - R:localhost/127.0.0.1:49374]' for 'POST' to 'http://localhost:49374/session/f1ffc58d00f9230218939ed45090982d/element'
20:25:13.986 [Forwarding findElement on session f1ffc58d00f9230218939ed45090982d to remote] DEBUG org.asynchttpclient.netty.request.NettyRequestSender - Using open Channel [id: 0x119643f5, L:/127.0.0.1:51389 - R:localhost/127.0.0.1:49374] for POST '/session/f1ffc58d00f9230218939ed45090982d/element'
20:25:14.004 [AsyncHttpClient-1-3] DEBUG org.asynchttpclient.netty.handler.HttpHandler - 

Request DefaultHttpRequest(decodeResult: success, version: HTTP/1.1)
POST /session/f1ffc58d00f9230218939ed45090982d/element HTTP/1.1
User-Agent: selenium/4.1.4 (java windows)
Content-Length: 68
Content-Type: application/json; charset=utf-8
host: localhost:49374
accept: */*

Response DefaultHttpResponse(decodeResult: success, version: HTTP/1.1)
HTTP/1.1 200 OK
Content-Type: application/json; charset=utf-8
cache-control: no-cache
content-length: 88

20:25:14.005 [AsyncHttpClient-1-3] DEBUG org.asynchttpclient.netty.channel.ChannelManager - Adding key: http://localhost:49374 for channel [id: 0x119643f5, L:/127.0.0.1:51389 - R:localhost/127.0.0.1:49374]
20:25:14.007 [Forwarding clickElement on session f1ffc58d00f9230218939ed45090982d to remote] DEBUG org.asynchttpclient.netty.request.NettyRequestSender - Using pooled Channel '[id: 0x119643f5, L:/127.0.0.1:51389 - R:localhost/127.0.0.1:49374]' for 'POST' to 'http://localhost:49374/session/f1ffc58d00f9230218939ed45090982d/element/598ce6d8-be70-4f7f-be91-f692531d0eb7/click'
20:25:14.007 [Forwarding clickElement on session f1ffc58d00f9230218939ed45090982d to remote] DEBUG org.asynchttpclient.netty.request.NettyRequestSender - Using open Channel [id: 0x119643f5, L:/127.0.0.1:51389 - R:localhost/127.0.0.1:49374] for POST '/session/f1ffc58d00f9230218939ed45090982d/element/598ce6d8-be70-4f7f-be91-f692531d0eb7/click'
20:25:14.124 [AsyncHttpClient-1-3] DEBUG org.asynchttpclient.netty.handler.HttpHandler - 

Request DefaultHttpRequest(decodeResult: success, version: HTTP/1.1)
POST /session/f1ffc58d00f9230218939ed45090982d/element/598ce6d8-be70-4f7f-be91-f692531d0eb7/click HTTP/1.1
User-Agent: selenium/4.1.4 (java windows)
Content-Length: 50
Content-Type: application/json; charset=utf-8
host: localhost:49374
accept: */*

Response DefaultHttpResponse(decodeResult: success, version: HTTP/1.1)
HTTP/1.1 200 OK
Content-Type: application/json; charset=utf-8
cache-control: no-cache
content-length: 14

20:25:14.124 [AsyncHttpClient-1-3] DEBUG org.asynchttpclient.netty.channel.ChannelManager - Adding key: http://localhost:49374 for channel [id: 0x119643f5, L:/127.0.0.1:51389 - R:localhost/127.0.0.1:49374]
20:25:14.148 [Forwarding screenshot on session f1ffc58d00f9230218939ed45090982d to remote] DEBUG org.asynchttpclient.netty.request.NettyRequestSender - Using pooled Channel '[id: 0x119643f5, L:/127.0.0.1:51389 - R:localhost/127.0.0.1:49374]' for 'GET' to 'http://localhost:49374/session/f1ffc58d00f9230218939ed45090982d/screenshot'
20:25:14.148 [Forwarding screenshot on session f1ffc58d00f9230218939ed45090982d to remote] DEBUG org.asynchttpclient.netty.request.NettyRequestSender - Using open Channel [id: 0x119643f5, L:/127.0.0.1:51389 - R:localhost/127.0.0.1:49374] for GET '/session/f1ffc58d00f9230218939ed45090982d/screenshot'
20:25:14.340 [AsyncHttpClient-1-3] DEBUG org.asynchttpclient.netty.handler.HttpHandler - 

Request DefaultFullHttpRequest(decodeResult: success, version: HTTP/1.1, content: EmptyByteBufBE)
GET /session/f1ffc58d00f9230218939ed45090982d/screenshot HTTP/1.1
User-Agent: selenium/4.1.4 (java windows)
Cache-Control: no-cache
Content-Type: application/json; charset=utf-8
host: localhost:49374
accept: */*

Response DefaultHttpResponse(decodeResult: success, version: HTTP/1.1)
HTTP/1.1 200 OK
Content-Type: application/json; charset=utf-8
cache-control: no-cache
content-length: 101276

20:25:14.341 [AsyncHttpClient-1-3] DEBUG org.asynchttpclient.netty.channel.ChannelManager - Adding key: http://localhost:49374 for channel [id: 0x119643f5, L:/127.0.0.1:51389 - R:localhost/127.0.0.1:49374]
20:25:14.347 [main] DEBUG net.serenitybdd.core.photography.Darkroom - Send negative for processing for target\site\serenity\ba42667e7787003d98fa1e91a80648afdf7b19a281fe6c127efa3f4bf10efcb8.png
20:25:14.347 [main] DEBUG net.thucydides.core.steps.StepInterceptor - STEP DONE: clickButtonAllCategory
  &amp#27;[32mAnd &amp#27;[0m&amp#27;[32mClick search all category archive&amp#27;[0m               &amp#27;[90m# starter.stepdefinitios.ArsipJadwalSteps.clickSearchAllCategoryArchive()&amp#27;[0m
20:25:14.814 [AsyncHttpClient-1-1] DEBUG org.asynchttpclient.netty.channel.DefaultChannelPool - Entry count for : http://localhost:49374 : 1
20:25:14.814 [AsyncHttpClient-1-1] DEBUG org.asynchttpclient.netty.channel.DefaultChannelPool - Entry count for : http://localhost:51390 : 1
20:25:15.386 [Forwarding screenshot on session f1ffc58d00f9230218939ed45090982d to remote] DEBUG org.asynchttpclient.netty.request.NettyRequestSender - Using pooled Channel '[id: 0x119643f5, L:/127.0.0.1:51389 - R:localhost/127.0.0.1:49374]' for 'GET' to 'http://localhost:49374/session/f1ffc58d00f9230218939ed45090982d/screenshot'
20:25:15.386 [Forwarding screenshot on session f1ffc58d00f9230218939ed45090982d to remote] DEBUG org.asynchttpclient.netty.request.NettyRequestSender - Using open Channel [id: 0x119643f5, L:/127.0.0.1:51389 - R:localhost/127.0.0.1:49374] for GET '/session/f1ffc58d00f9230218939ed45090982d/screenshot'
20:25:15.621 [AsyncHttpClient-1-3] DEBUG org.asynchttpclient.netty.handler.HttpHandler - 

Request DefaultFullHttpRequest(decodeResult: success, version: HTTP/1.1, content: EmptyByteBufBE)
GET /session/f1ffc58d00f9230218939ed45090982d/screenshot HTTP/1.1
User-Agent: selenium/4.1.4 (java windows)
Cache-Control: no-cache
Content-Type: application/json; charset=utf-8
host: localhost:49374
accept: */*

Response DefaultHttpResponse(decodeResult: success, version: HTTP/1.1)
HTTP/1.1 200 OK
Content-Type: application/json; charset=utf-8
cache-control: no-cache
content-length: 101276

20:25:15.622 [AsyncHttpClient-1-3] DEBUG org.asynchttpclient.netty.channel.ChannelManager - Adding key: http://localhost:49374 for channel [id: 0x119643f5, L:/127.0.0.1:51389 - R:localhost/127.0.0.1:49374]
20:25:15.633 [main] DEBUG net.serenitybdd.core.photography.Darkroom - Send negative for processing for target\site\serenity\ba42667e7787003d98fa1e91a80648afdf7b19a281fe6c127efa3f4bf10efcb8.png
20:25:15.634 [main] DEBUG net.thucydides.core.steps.StepInterceptor - STARTING STEP: ArsipJadwalSteps.clickChoseNamaPasien - clickButtonChooseCategoryNamaOnArsip
20:25:15.643 [Forwarding findElement on session f1ffc58d00f9230218939ed45090982d to remote] DEBUG org.asynchttpclient.netty.request.NettyRequestSender - Using pooled Channel '[id: 0x119643f5, L:/127.0.0.1:51389 - R:localhost/127.0.0.1:49374]' for 'POST' to 'http://localhost:49374/session/f1ffc58d00f9230218939ed45090982d/element'
20:25:15.643 [Forwarding findElement on session f1ffc58d00f9230218939ed45090982d to remote] DEBUG org.asynchttpclient.netty.request.NettyRequestSender - Using open Channel [id: 0x119643f5, L:/127.0.0.1:51389 - R:localhost/127.0.0.1:49374] for POST '/session/f1ffc58d00f9230218939ed45090982d/element'
20:25:15.678 [AsyncHttpClient-1-3] DEBUG org.asynchttpclient.netty.handler.HttpHandler - 

Request DefaultHttpRequest(decodeResult: success, version: HTTP/1.1)
POST /session/f1ffc58d00f9230218939ed45090982d/element HTTP/1.1
User-Agent: selenium/4.1.4 (java windows)
Content-Length: 73
Content-Type: application/json; charset=utf-8
host: localhost:49374
accept: */*

Response DefaultHttpResponse(decodeResult: success, version: HTTP/1.1)
HTTP/1.1 200 OK
Content-Type: application/json; charset=utf-8
cache-control: no-cache
content-length: 88

20:25:15.678 [AsyncHttpClient-1-3] DEBUG org.asynchttpclient.netty.channel.ChannelManager - Adding key: http://localhost:49374 for channel [id: 0x119643f5, L:/127.0.0.1:51389 - R:localhost/127.0.0.1:49374]
20:25:15.679 [Forwarding getElementTagName on session f1ffc58d00f9230218939ed45090982d to remote] DEBUG org.asynchttpclient.netty.request.NettyRequestSender - Using pooled Channel '[id: 0x119643f5, L:/127.0.0.1:51389 - R:localhost/127.0.0.1:49374]' for 'GET' to 'http://localhost:49374/session/f1ffc58d00f9230218939ed45090982d/element/ff573bca-2b4e-4bef-bbb7-06841c3c9a2e/name'
20:25:15.679 [Forwarding getElementTagName on session f1ffc58d00f9230218939ed45090982d to remote] DEBUG org.asynchttpclient.netty.request.NettyRequestSender - Using open Channel [id: 0x119643f5, L:/127.0.0.1:51389 - R:localhost/127.0.0.1:49374] for GET '/session/f1ffc58d00f9230218939ed45090982d/element/ff573bca-2b4e-4bef-bbb7-06841c3c9a2e/name'
20:25:15.693 [AsyncHttpClient-1-3] DEBUG org.asynchttpclient.netty.handler.HttpHandler - 

Request DefaultFullHttpRequest(decodeResult: success, version: HTTP/1.1, content: EmptyByteBufBE)
GET /session/f1ffc58d00f9230218939ed45090982d/element/ff573bca-2b4e-4bef-bbb7-06841c3c9a2e/name HTTP/1.1
User-Agent: selenium/4.1.4 (java windows)
Cache-Control: no-cache
Content-Type: application/json; charset=utf-8
host: localhost:49374
accept: */*

Response DefaultHttpResponse(decodeResult: success, version: HTTP/1.1)
HTTP/1.1 200 OK
Content-Type: application/json; charset=utf-8
cache-control: no-cache
content-length: 18

20:25:15.693 [AsyncHttpClient-1-3] DEBUG org.asynchttpclient.netty.channel.ChannelManager - Adding key: http://localhost:49374 for channel [id: 0x119643f5, L:/127.0.0.1:51389 - R:localhost/127.0.0.1:49374]
20:25:15.697 [Forwarding getElementTagName on session f1ffc58d00f9230218939ed45090982d to remote] DEBUG org.asynchttpclient.netty.request.NettyRequestSender - Using pooled Channel '[id: 0x119643f5, L:/127.0.0.1:51389 - R:localhost/127.0.0.1:49374]' for 'GET' to 'http://localhost:49374/session/f1ffc58d00f9230218939ed45090982d/element/ff573bca-2b4e-4bef-bbb7-06841c3c9a2e/name'
20:25:15.697 [Forwarding getElementTagName on session f1ffc58d00f9230218939ed45090982d to remote] DEBUG org.asynchttpclient.netty.request.NettyRequestSender - Using open Channel [id: 0x119643f5, L:/127.0.0.1:51389 - R:localhost/127.0.0.1:49374] for GET '/session/f1ffc58d00f9230218939ed45090982d/element/ff573bca-2b4e-4bef-bbb7-06841c3c9a2e/name'
20:25:15.705 [AsyncHttpClient-1-3] DEBUG org.asynchttpclient.netty.handler.HttpHandler - 

Request DefaultFullHttpRequest(decodeResult: success, version: HTTP/1.1, content: EmptyByteBufBE)
GET /session/f1ffc58d00f9230218939ed45090982d/element/ff573bca-2b4e-4bef-bbb7-06841c3c9a2e/name HTTP/1.1
User-Agent: selenium/4.1.4 (java windows)
Cache-Control: no-cache
Content-Type: application/json; charset=utf-8
host: localhost:49374
accept: */*

Response DefaultHttpResponse(decodeResult: success, version: HTTP/1.1)
HTTP/1.1 200 OK
Content-Type: application/json; charset=utf-8
cache-control: no-cache
content-length: 18

20:25:15.705 [AsyncHttpClient-1-3] DEBUG org.asynchttpclient.netty.channel.ChannelManager - Adding key: http://localhost:49374 for channel [id: 0x119643f5, L:/127.0.0.1:51389 - R:localhost/127.0.0.1:49374]
20:25:15.710 [Forwarding isElementEnabled on session f1ffc58d00f9230218939ed45090982d to remote] DEBUG org.asynchttpclient.netty.request.NettyRequestSender - Using pooled Channel '[id: 0x119643f5, L:/127.0.0.1:51389 - R:localhost/127.0.0.1:49374]' for 'GET' to 'http://localhost:49374/session/f1ffc58d00f9230218939ed45090982d/element/ff573bca-2b4e-4bef-bbb7-06841c3c9a2e/enabled'
20:25:15.710 [Forwarding isElementEnabled on session f1ffc58d00f9230218939ed45090982d to remote] DEBUG org.asynchttpclient.netty.request.NettyRequestSender - Using open Channel [id: 0x119643f5, L:/127.0.0.1:51389 - R:localhost/127.0.0.1:49374] for GET '/session/f1ffc58d00f9230218939ed45090982d/element/ff573bca-2b4e-4bef-bbb7-06841c3c9a2e/enabled'
20:25:15.729 [AsyncHttpClient-1-3] DEBUG org.asynchttpclient.netty.handler.HttpHandler - 

Request DefaultFullHttpRequest(decodeResult: success, version: HTTP/1.1, content: EmptyByteBufBE)
GET /session/f1ffc58d00f9230218939ed45090982d/element/ff573bca-2b4e-4bef-bbb7-06841c3c9a2e/enabled HTTP/1.1
User-Agent: selenium/4.1.4 (java windows)
Cache-Control: no-cache
Content-Type: application/json; charset=utf-8
host: localhost:49374
accept: */*

Response DefaultHttpResponse(decodeResult: success, version: HTTP/1.1)
HTTP/1.1 200 OK
Content-Type: application/json; charset=utf-8
cache-control: no-cache
content-length: 14

20:25:15.730 [AsyncHttpClient-1-3] DEBUG org.asynchttpclient.netty.channel.ChannelManager - Adding key: http://localhost:49374 for channel [id: 0x119643f5, L:/127.0.0.1:51389 - R:localhost/127.0.0.1:49374]
20:25:15.732 [Forwarding isElementEnabled on session f1ffc58d00f9230218939ed45090982d to remote] DEBUG org.asynchttpclient.netty.request.NettyRequestSender - Using pooled Channel '[id: 0x119643f5, L:/127.0.0.1:51389 - R:localhost/127.0.0.1:49374]' for 'GET' to 'http://localhost:49374/session/f1ffc58d00f9230218939ed45090982d/element/ff573bca-2b4e-4bef-bbb7-06841c3c9a2e/enabled'
20:25:15.732 [Forwarding isElementEnabled on session f1ffc58d00f9230218939ed45090982d to remote] DEBUG org.asynchttpclient.netty.request.NettyRequestSender - Using open Channel [id: 0x119643f5, L:/127.0.0.1:51389 - R:localhost/127.0.0.1:49374] for GET '/session/f1ffc58d00f9230218939ed45090982d/element/ff573bca-2b4e-4bef-bbb7-06841c3c9a2e/enabled'
20:25:15.742 [AsyncHttpClient-1-3] DEBUG org.asynchttpclient.netty.handler.HttpHandler - 

Request DefaultFullHttpRequest(decodeResult: success, version: HTTP/1.1, content: EmptyByteBufBE)
GET /session/f1ffc58d00f9230218939ed45090982d/element/ff573bca-2b4e-4bef-bbb7-06841c3c9a2e/enabled HTTP/1.1
User-Agent: selenium/4.1.4 (java windows)
Cache-Control: no-cache
Content-Type: application/json; charset=utf-8
host: localhost:49374
accept: */*

Response DefaultHttpResponse(decodeResult: success, version: HTTP/1.1)
HTTP/1.1 200 OK
Content-Type: application/json; charset=utf-8
cache-control: no-cache
content-length: 14

20:25:15.743 [AsyncHttpClient-1-3] DEBUG org.asynchttpclient.netty.channel.ChannelManager - Adding key: http://localhost:49374 for channel [id: 0x119643f5, L:/127.0.0.1:51389 - R:localhost/127.0.0.1:49374]
20:25:15.743 [Forwarding findElement on session f1ffc58d00f9230218939ed45090982d to remote] DEBUG org.asynchttpclient.netty.request.NettyRequestSender - Using pooled Channel '[id: 0x119643f5, L:/127.0.0.1:51389 - R:localhost/127.0.0.1:49374]' for 'POST' to 'http://localhost:49374/session/f1ffc58d00f9230218939ed45090982d/element'
20:25:15.743 [Forwarding findElement on session f1ffc58d00f9230218939ed45090982d to remote] DEBUG org.asynchttpclient.netty.request.NettyRequestSender - Using open Channel [id: 0x119643f5, L:/127.0.0.1:51389 - R:localhost/127.0.0.1:49374] for POST '/session/f1ffc58d00f9230218939ed45090982d/element'
20:25:15.756 [AsyncHttpClient-1-3] DEBUG org.asynchttpclient.netty.handler.HttpHandler - 

Request DefaultHttpRequest(decodeResult: success, version: HTTP/1.1)
POST /session/f1ffc58d00f9230218939ed45090982d/element HTTP/1.1
User-Agent: selenium/4.1.4 (java windows)
Content-Length: 73
Content-Type: application/json; charset=utf-8
host: localhost:49374
accept: */*

Response DefaultHttpResponse(decodeResult: success, version: HTTP/1.1)
HTTP/1.1 200 OK
Content-Type: application/json; charset=utf-8
cache-control: no-cache
content-length: 88

20:25:15.756 [AsyncHttpClient-1-3] DEBUG org.asynchttpclient.netty.channel.ChannelManager - Adding key: http://localhost:49374 for channel [id: 0x119643f5, L:/127.0.0.1:51389 - R:localhost/127.0.0.1:49374]
20:25:15.757 [Forwarding clickElement on session f1ffc58d00f9230218939ed45090982d to remote] DEBUG org.asynchttpclient.netty.request.NettyRequestSender - Using pooled Channel '[id: 0x119643f5, L:/127.0.0.1:51389 - R:localhost/127.0.0.1:49374]' for 'POST' to 'http://localhost:49374/session/f1ffc58d00f9230218939ed45090982d/element/ff573bca-2b4e-4bef-bbb7-06841c3c9a2e/click'
20:25:15.757 [Forwarding clickElement on session f1ffc58d00f9230218939ed45090982d to remote] DEBUG org.asynchttpclient.netty.request.NettyRequestSender - Using open Channel [id: 0x119643f5, L:/127.0.0.1:51389 - R:localhost/127.0.0.1:49374] for POST '/session/f1ffc58d00f9230218939ed45090982d/element/ff573bca-2b4e-4bef-bbb7-06841c3c9a2e/click'
20:25:15.807 [AsyncHttpClient-1-3] DEBUG org.asynchttpclient.netty.handler.HttpHandler - 

Request DefaultHttpRequest(decodeResult: success, version: HTTP/1.1)
POST /session/f1ffc58d00f9230218939ed45090982d/element/ff573bca-2b4e-4bef-bbb7-06841c3c9a2e/click HTTP/1.1
User-Agent: selenium/4.1.4 (java windows)
Content-Length: 50
Content-Type: application/json; charset=utf-8
host: localhost:49374
accept: */*

Response DefaultHttpResponse(decodeResult: success, version: HTTP/1.1)
HTTP/1.1 200 OK
Content-Type: application/json; charset=utf-8
cache-control: no-cache
content-length: 14

20:25:15.807 [AsyncHttpClient-1-3] DEBUG org.asynchttpclient.netty.channel.ChannelManager - Adding key: http://localhost:49374 for channel [id: 0x119643f5, L:/127.0.0.1:51389 - R:localhost/127.0.0.1:49374]
20:25:15.814 [Forwarding screenshot on session f1ffc58d00f9230218939ed45090982d to remote] DEBUG org.asynchttpclient.netty.request.NettyRequestSender - Using pooled Channel '[id: 0x119643f5, L:/127.0.0.1:51389 - R:localhost/127.0.0.1:49374]' for 'GET' to 'http://localhost:49374/session/f1ffc58d00f9230218939ed45090982d/screenshot'
20:25:15.814 [Forwarding screenshot on session f1ffc58d00f9230218939ed45090982d to remote] DEBUG org.asynchttpclient.netty.request.NettyRequestSender - Using open Channel [id: 0x119643f5, L:/127.0.0.1:51389 - R:localhost/127.0.0.1:49374] for GET '/session/f1ffc58d00f9230218939ed45090982d/screenshot'
20:25:15.914 [AsyncHttpClient-1-1] DEBUG org.asynchttpclient.netty.channel.DefaultChannelPool - Entry count for : http://localhost:51390 : 1
20:25:15.956 [AsyncHttpClient-1-3] DEBUG org.asynchttpclient.netty.handler.HttpHandler - 

Request DefaultFullHttpRequest(decodeResult: success, version: HTTP/1.1, content: EmptyByteBufBE)
GET /session/f1ffc58d00f9230218939ed45090982d/screenshot HTTP/1.1
User-Agent: selenium/4.1.4 (java windows)
Cache-Control: no-cache
Content-Type: application/json; charset=utf-8
host: localhost:49374
accept: */*

Response DefaultHttpResponse(decodeResult: success, version: HTTP/1.1)
HTTP/1.1 200 OK
Content-Type: application/json; charset=utf-8
cache-control: no-cache
content-length: 100876

20:25:15.956 [AsyncHttpClient-1-3] DEBUG org.asynchttpclient.netty.channel.ChannelManager - Adding key: http://localhost:49374 for channel [id: 0x119643f5, L:/127.0.0.1:51389 - R:localhost/127.0.0.1:49374]
20:25:15.958 [main] DEBUG net.serenitybdd.core.photography.Darkroom - Send negative for processing for target\site\serenity\6bbdcd3c3622f19150478b1e5740d71359ded9e1e46604a1b06ce60e6834cbff.png
20:25:15.958 [main] DEBUG net.thucydides.core.steps.StepInterceptor - STEP DONE: clickButtonChooseCategoryNamaOnArsip
  &amp#27;[32mThen &amp#27;[0m&amp#27;[32mClick chose nama pasien&amp#27;[0m                        &amp#27;[90m# starter.stepdefinitios.ArsipJadwalSteps.clickChoseNamaPasien()&amp#27;[0m
20:25:17.016 [AsyncHttpClient-1-1] DEBUG org.asynchttpclient.netty.channel.DefaultChannelPool - Entry count for : http://localhost:49374 : 1
20:25:17.016 [AsyncHttpClient-1-1] DEBUG org.asynchttpclient.netty.channel.DefaultChannelPool - Entry count for : http://localhost:51390 : 1
20:25:18.006 [Forwarding screenshot on session f1ffc58d00f9230218939ed45090982d to remote] DEBUG org.asynchttpclient.netty.request.NettyRequestSender - Using pooled Channel '[id: 0x119643f5, L:/127.0.0.1:51389 - R:localhost/127.0.0.1:49374]' for 'GET' to 'http://localhost:49374/session/f1ffc58d00f9230218939ed45090982d/screenshot'
20:25:18.006 [Forwarding screenshot on session f1ffc58d00f9230218939ed45090982d to remote] DEBUG org.asynchttpclient.netty.request.NettyRequestSender - Using open Channel [id: 0x119643f5, L:/127.0.0.1:51389 - R:localhost/127.0.0.1:49374] for GET '/session/f1ffc58d00f9230218939ed45090982d/screenshot'
20:25:18.122 [AsyncHttpClient-1-1] DEBUG org.asynchttpclient.netty.channel.DefaultChannelPool - Entry count for : http://localhost:51390 : 1
20:25:18.183 [AsyncHttpClient-1-3] DEBUG org.asynchttpclient.netty.handler.HttpHandler - 

Request DefaultFullHttpRequest(decodeResult: success, version: HTTP/1.1, content: EmptyByteBufBE)
GET /session/f1ffc58d00f9230218939ed45090982d/screenshot HTTP/1.1
User-Agent: selenium/4.1.4 (java windows)
Cache-Control: no-cache
Content-Type: application/json; charset=utf-8
host: localhost:49374
accept: */*

Response DefaultHttpResponse(decodeResult: success, version: HTTP/1.1)
HTTP/1.1 200 OK
Content-Type: application/json; charset=utf-8
cache-control: no-cache
content-length: 100876

20:25:18.184 [AsyncHttpClient-1-3] DEBUG org.asynchttpclient.netty.channel.ChannelManager - Adding key: http://localhost:49374 for channel [id: 0x119643f5, L:/127.0.0.1:51389 - R:localhost/127.0.0.1:49374]
20:25:18.190 [main] DEBUG net.serenitybdd.core.photography.Darkroom - Send negative for processing for target\site\serenity\6bbdcd3c3622f19150478b1e5740d71359ded9e1e46604a1b06ce60e6834cbff.png
20:25:18.190 [main] DEBUG net.thucydides.core.steps.StepInterceptor - STARTING STEP: PatientDataSteps.inputDataCategory - inputDataCategory
20:25:18.195 [Forwarding findElement on session f1ffc58d00f9230218939ed45090982d to remote] DEBUG org.asynchttpclient.netty.request.NettyRequestSender - Using pooled Channel '[id: 0x119643f5, L:/127.0.0.1:51389 - R:localhost/127.0.0.1:49374]' for 'POST' to 'http://localhost:49374/session/f1ffc58d00f9230218939ed45090982d/element'
20:25:18.195 [Forwarding findElement on session f1ffc58d00f9230218939ed45090982d to remote] DEBUG org.asynchttpclient.netty.request.NettyRequestSender - Using open Channel [id: 0x119643f5, L:/127.0.0.1:51389 - R:localhost/127.0.0.1:49374] for POST '/session/f1ffc58d00f9230218939ed45090982d/element'
20:25:18.215 [AsyncHttpClient-1-3] DEBUG org.asynchttpclient.netty.handler.HttpHandler - 

Request DefaultHttpRequest(decodeResult: success, version: HTTP/1.1)
POST /session/f1ffc58d00f9230218939ed45090982d/element HTTP/1.1
User-Agent: selenium/4.1.4 (java windows)
Content-Length: 102
Content-Type: application/json; charset=utf-8
host: localhost:49374
accept: */*

Response DefaultHttpResponse(decodeResult: success, version: HTTP/1.1)
HTTP/1.1 200 OK
Content-Type: application/json; charset=utf-8
cache-control: no-cache
content-length: 88

20:25:18.215 [AsyncHttpClient-1-3] DEBUG org.asynchttpclient.netty.channel.ChannelManager - Adding key: http://localhost:49374 for channel [id: 0x119643f5, L:/127.0.0.1:51389 - R:localhost/127.0.0.1:49374]
20:25:18.217 [Forwarding clearElement on session f1ffc58d00f9230218939ed45090982d to remote] DEBUG org.asynchttpclient.netty.request.NettyRequestSender - Using pooled Channel '[id: 0x119643f5, L:/127.0.0.1:51389 - R:localhost/127.0.0.1:49374]' for 'POST' to 'http://localhost:49374/session/f1ffc58d00f9230218939ed45090982d/element/c5e07e87-fbd6-42d0-bbdc-b4bd71852f93/clear'
20:25:18.217 [Forwarding clearElement on session f1ffc58d00f9230218939ed45090982d to remote] DEBUG org.asynchttpclient.netty.request.NettyRequestSender - Using open Channel [id: 0x119643f5, L:/127.0.0.1:51389 - R:localhost/127.0.0.1:49374] for POST '/session/f1ffc58d00f9230218939ed45090982d/element/c5e07e87-fbd6-42d0-bbdc-b4bd71852f93/clear'
20:25:18.269 [AsyncHttpClient-1-3] DEBUG org.asynchttpclient.netty.handler.HttpHandler - 

Request DefaultHttpRequest(decodeResult: success, version: HTTP/1.1)
POST /session/f1ffc58d00f9230218939ed45090982d/element/c5e07e87-fbd6-42d0-bbdc-b4bd71852f93/clear HTTP/1.1
User-Agent: selenium/4.1.4 (java windows)
Content-Length: 50
Content-Type: application/json; charset=utf-8
host: localhost:49374
accept: */*

Response DefaultHttpResponse(decodeResult: success, version: HTTP/1.1)
HTTP/1.1 200 OK
Content-Type: application/json; charset=utf-8
cache-control: no-cache
content-length: 14

20:25:18.269 [AsyncHttpClient-1-3] DEBUG org.asynchttpclient.netty.channel.ChannelManager - Adding key: http://localhost:49374 for channel [id: 0x119643f5, L:/127.0.0.1:51389 - R:localhost/127.0.0.1:49374]
20:25:18.272 [Forwarding sendKeysToElement on session f1ffc58d00f9230218939ed45090982d to remote] DEBUG org.asynchttpclient.netty.request.NettyRequestSender - Using pooled Channel '[id: 0x119643f5, L:/127.0.0.1:51389 - R:localhost/127.0.0.1:49374]' for 'POST' to 'http://localhost:49374/session/f1ffc58d00f9230218939ed45090982d/element/c5e07e87-fbd6-42d0-bbdc-b4bd71852f93/value'
20:25:18.272 [Forwarding sendKeysToElement on session f1ffc58d00f9230218939ed45090982d to remote] DEBUG org.asynchttpclient.netty.request.NettyRequestSender - Using open Channel [id: 0x119643f5, L:/127.0.0.1:51389 - R:localhost/127.0.0.1:49374] for POST '/session/f1ffc58d00f9230218939ed45090982d/element/c5e07e87-fbd6-42d0-bbdc-b4bd71852f93/value'
20:25:18.428 [AsyncHttpClient-1-3] DEBUG org.asynchttpclient.netty.handler.HttpHandler - 

Request DefaultHttpRequest(decodeResult: success, version: HTTP/1.1)
POST /session/f1ffc58d00f9230218939ed45090982d/element/c5e07e87-fbd6-42d0-bbdc-b4bd71852f93/value HTTP/1.1
User-Agent: selenium/4.1.4 (java windows)
Content-Length: 171
Content-Type: application/json; charset=utf-8
host: localhost:49374
accept: */*

Response DefaultHttpResponse(decodeResult: success, version: HTTP/1.1)
HTTP/1.1 200 OK
Content-Type: application/json; charset=utf-8
cache-control: no-cache
content-length: 14

20:25:18.428 [AsyncHttpClient-1-3] DEBUG org.asynchttpclient.netty.channel.ChannelManager - Adding key: http://localhost:49374 for channel [id: 0x119643f5, L:/127.0.0.1:51389 - R:localhost/127.0.0.1:49374]
20:25:18.447 [Forwarding screenshot on session f1ffc58d00f9230218939ed45090982d to remote] DEBUG org.asynchttpclient.netty.request.NettyRequestSender - Using pooled Channel '[id: 0x119643f5, L:/127.0.0.1:51389 - R:localhost/127.0.0.1:49374]' for 'GET' to 'http://localhost:49374/session/f1ffc58d00f9230218939ed45090982d/screenshot'
20:25:18.447 [Forwarding screenshot on session f1ffc58d00f9230218939ed45090982d to remote] DEBUG org.asynchttpclient.netty.request.NettyRequestSender - Using open Channel [id: 0x119643f5, L:/127.0.0.1:51389 - R:localhost/127.0.0.1:49374] for GET '/session/f1ffc58d00f9230218939ed45090982d/screenshot'
20:25:18.638 [AsyncHttpClient-1-3] DEBUG org.asynchttpclient.netty.handler.HttpHandler - 

Request DefaultFullHttpRequest(decodeResult: success, version: HTTP/1.1, content: EmptyByteBufBE)
GET /session/f1ffc58d00f9230218939ed45090982d/screenshot HTTP/1.1
User-Agent: selenium/4.1.4 (java windows)
Cache-Control: no-cache
Content-Type: application/json; charset=utf-8
host: localhost:49374
accept: */*

Response DefaultHttpResponse(decodeResult: success, version: HTTP/1.1)
HTTP/1.1 200 OK
Content-Type: application/json; charset=utf-8
cache-control: no-cache
content-length: 119612

20:25:18.639 [AsyncHttpClient-1-3] DEBUG org.asynchttpclient.netty.channel.ChannelManager - Adding key: http://localhost:49374 for channel [id: 0x119643f5, L:/127.0.0.1:51389 - R:localhost/127.0.0.1:49374]
20:25:18.639 [main] DEBUG net.serenitybdd.core.photography.Darkroom - Send negative for processing for target\site\serenity\da8ef6241be325363d0e42addbd797b245d89faceaa78bce2f66c93070643e36.png
20:25:18.639 [main] DEBUG net.thucydides.core.steps.StepInterceptor - STEP DONE: inputDataCategory
20:25:18.639 [Darkroom Processing Line] DEBUG net.serenitybdd.core.photography.DarkroomProcessingLine - Processing screenshot image in /var/screenshots/screenshot-1525505058102603583
  &amp#27;[32mAnd &amp#27;[0m&amp#27;[32mInput data &amp#27;[0m&amp#27;[32m&amp#27;[1m"&%^%^*)%"&amp#27;[0m&amp#27;[32m category&amp#27;[0m                  &amp#27;[90m# starter.stepdefinitios.PatientDataSteps.inputDataCategory(java.lang.String)&amp#27;[0m
20:25:18.639 [Darkroom Processing Line] DEBUG net.serenitybdd.core.photography.DarkroomProcessingLine - Saving screenshot to target\site\serenity\da8ef6241be325363d0e42addbd797b245d89faceaa78bce2f66c93070643e36.png
20:25:19.214 [AsyncHttpClient-1-1] DEBUG org.asynchttpclient.netty.channel.DefaultChannelPool - Entry count for : http://localhost:49374 : 1
20:25:19.214 [AsyncHttpClient-1-1] DEBUG org.asynchttpclient.netty.channel.DefaultChannelPool - Entry count for : http://localhost:51390 : 1
20:25:20.323 [AsyncHttpClient-1-1] DEBUG org.asynchttpclient.netty.channel.DefaultChannelPool - Entry count for : http://localhost:49374 : 1
20:25:20.323 [AsyncHttpClient-1-1] DEBUG org.asynchttpclient.netty.channel.DefaultChannelPool - Entry count for : http://localhost:51390 : 1
20:25:20.680 [Forwarding screenshot on session f1ffc58d00f9230218939ed45090982d to remote] DEBUG org.asynchttpclient.netty.request.NettyRequestSender - Using pooled Channel '[id: 0x119643f5, L:/127.0.0.1:51389 - R:localhost/127.0.0.1:49374]' for 'GET' to 'http://localhost:49374/session/f1ffc58d00f9230218939ed45090982d/screenshot'
20:25:20.680 [Forwarding screenshot on session f1ffc58d00f9230218939ed45090982d to remote] DEBUG org.asynchttpclient.netty.request.NettyRequestSender - Using open Channel [id: 0x119643f5, L:/127.0.0.1:51389 - R:localhost/127.0.0.1:49374] for GET '/session/f1ffc58d00f9230218939ed45090982d/screenshot'
20:25:20.884 [AsyncHttpClient-1-3] DEBUG org.asynchttpclient.netty.handler.HttpHandler - 

Request DefaultFullHttpRequest(decodeResult: success, version: HTTP/1.1, content: EmptyByteBufBE)
GET /session/f1ffc58d00f9230218939ed45090982d/screenshot HTTP/1.1
User-Agent: selenium/4.1.4 (java windows)
Cache-Control: no-cache
Content-Type: application/json; charset=utf-8
host: localhost:49374
accept: */*

Response DefaultHttpResponse(decodeResult: success, version: HTTP/1.1)
HTTP/1.1 200 OK
Content-Type: application/json; charset=utf-8
cache-control: no-cache
content-length: 119612

20:25:20.885 [AsyncHttpClient-1-3] DEBUG org.asynchttpclient.netty.channel.ChannelManager - Adding key: http://localhost:49374 for channel [id: 0x119643f5, L:/127.0.0.1:51389 - R:localhost/127.0.0.1:49374]
20:25:20.888 [main] DEBUG net.serenitybdd.core.photography.Darkroom - Send negative for processing for target\site\serenity\da8ef6241be325363d0e42addbd797b245d89faceaa78bce2f66c93070643e36.png
20:25:20.894 [main] DEBUG net.thucydides.core.steps.StepInterceptor - STARTING STEP: ArsipJadwalSteps.validDataCategoryArchive - validPagePasien
20:25:20.897 [Forwarding findElement on session f1ffc58d00f9230218939ed45090982d to remote] DEBUG org.asynchttpclient.netty.request.NettyRequestSender - Using pooled Channel '[id: 0x119643f5, L:/127.0.0.1:51389 - R:localhost/127.0.0.1:49374]' for 'POST' to 'http://localhost:49374/session/f1ffc58d00f9230218939ed45090982d/element'
20:25:20.897 [Forwarding findElement on session f1ffc58d00f9230218939ed45090982d to remote] DEBUG org.asynchttpclient.netty.request.NettyRequestSender - Using open Channel [id: 0x119643f5, L:/127.0.0.1:51389 - R:localhost/127.0.0.1:49374] for POST '/session/f1ffc58d00f9230218939ed45090982d/element'
20:25:20.925 [AsyncHttpClient-1-3] DEBUG org.asynchttpclient.netty.handler.HttpHandler - 

Request DefaultHttpRequest(decodeResult: success, version: HTTP/1.1)
POST /session/f1ffc58d00f9230218939ed45090982d/element HTTP/1.1
User-Agent: selenium/4.1.4 (java windows)
Content-Length: 126
Content-Type: application/json; charset=utf-8
host: localhost:49374
accept: */*

Response DefaultHttpResponse(decodeResult: success, version: HTTP/1.1)
HTTP/1.1 200 OK
Content-Type: application/json; charset=utf-8
cache-control: no-cache
content-length: 88

20:25:20.926 [AsyncHttpClient-1-3] DEBUG org.asynchttpclient.netty.channel.ChannelManager - Adding key: http://localhost:49374 for channel [id: 0x119643f5, L:/127.0.0.1:51389 - R:localhost/127.0.0.1:49374]
20:25:20.928 [Forwarding isElementEnabled on session f1ffc58d00f9230218939ed45090982d to remote] DEBUG org.asynchttpclient.netty.request.NettyRequestSender - Using pooled Channel '[id: 0x119643f5, L:/127.0.0.1:51389 - R:localhost/127.0.0.1:49374]' for 'GET' to 'http://localhost:49374/session/f1ffc58d00f9230218939ed45090982d/element/e57a2372-d6cb-4347-967c-1879b81ac644/enabled'
20:25:20.928 [Forwarding isElementEnabled on session f1ffc58d00f9230218939ed45090982d to remote] DEBUG org.asynchttpclient.netty.request.NettyRequestSender - Using open Channel [id: 0x119643f5, L:/127.0.0.1:51389 - R:localhost/127.0.0.1:49374] for GET '/session/f1ffc58d00f9230218939ed45090982d/element/e57a2372-d6cb-4347-967c-1879b81ac644/enabled'
20:25:20.947 [AsyncHttpClient-1-3] DEBUG org.asynchttpclient.netty.handler.HttpHandler - 

Request DefaultFullHttpRequest(decodeResult: success, version: HTTP/1.1, content: EmptyByteBufBE)
GET /session/f1ffc58d00f9230218939ed45090982d/element/e57a2372-d6cb-4347-967c-1879b81ac644/enabled HTTP/1.1
User-Agent: selenium/4.1.4 (java windows)
Cache-Control: no-cache
Content-Type: application/json; charset=utf-8
host: localhost:49374
accept: */*

Response DefaultHttpResponse(decodeResult: success, version: HTTP/1.1)
HTTP/1.1 200 OK
Content-Type: application/json; charset=utf-8
cache-control: no-cache
content-length: 14

20:25:20.947 [AsyncHttpClient-1-3] DEBUG org.asynchttpclient.netty.channel.ChannelManager - Adding key: http://localhost:49374 for channel [id: 0x119643f5, L:/127.0.0.1:51389 - R:localhost/127.0.0.1:49374]
20:25:20.963 [Forwarding screenshot on session f1ffc58d00f9230218939ed45090982d to remote] DEBUG org.asynchttpclient.netty.request.NettyRequestSender - Using pooled Channel '[id: 0x119643f5, L:/127.0.0.1:51389 - R:localhost/127.0.0.1:49374]' for 'GET' to 'http://localhost:49374/session/f1ffc58d00f9230218939ed45090982d/screenshot'
20:25:20.963 [Forwarding screenshot on session f1ffc58d00f9230218939ed45090982d to remote] DEBUG org.asynchttpclient.netty.request.NettyRequestSender - Using open Channel [id: 0x119643f5, L:/127.0.0.1:51389 - R:localhost/127.0.0.1:49374] for GET '/session/f1ffc58d00f9230218939ed45090982d/screenshot'
20:25:21.184 [AsyncHttpClient-1-3] DEBUG org.asynchttpclient.netty.handler.HttpHandler - 

Request DefaultFullHttpRequest(decodeResult: success, version: HTTP/1.1, content: EmptyByteBufBE)
GET /session/f1ffc58d00f9230218939ed45090982d/screenshot HTTP/1.1
User-Agent: selenium/4.1.4 (java windows)
Cache-Control: no-cache
Content-Type: application/json; charset=utf-8
host: localhost:49374
accept: */*

Response DefaultHttpResponse(decodeResult: success, version: HTTP/1.1)
HTTP/1.1 200 OK
Content-Type: application/json; charset=utf-8
cache-control: no-cache
content-length: 119612

20:25:21.185 [AsyncHttpClient-1-3] DEBUG org.asynchttpclient.netty.channel.ChannelManager - Adding key: http://localhost:49374 for channel [id: 0x119643f5, L:/127.0.0.1:51389 - R:localhost/127.0.0.1:49374]
20:25:21.193 [main] DEBUG net.serenitybdd.core.photography.Darkroom - Send negative for processing for target\site\serenity\da8ef6241be325363d0e42addbd797b245d89faceaa78bce2f66c93070643e36.png
20:25:21.194 [main] DEBUG net.thucydides.core.steps.StepInterceptor - STEP DONE: validPagePasien
  &amp#27;[32mAnd &amp#27;[0m&amp#27;[32mValid data category archive&amp#27;[0m                     &amp#27;[90m# starter.stepdefinitios.ArsipJadwalSteps.validDataCategoryArchive()&amp#27;[0m
20:25:21.212 [AsyncHttpClient-1-5] DEBUG org.asynchttpclient.netty.handler.WebSocketHandler - Channel Closed: [id: 0x88cd90e6, L:/127.0.0.1:51397 ! R:localhost/127.0.0.1:51390] with attribute NettyResponseFuture{currentRetry=5,
	isDone=1,
	isCancelled=0,
	asyncHandler=org.asynchttpclient.ws.WebSocketUpgradeHandler@1b9d29fe,
	nettyRequest=org.asynchttpclient.netty.request.NettyRequest@7b808518,
	future=java.util.concurrent.CompletableFuture@2d94f4d4[Completed normally],
	uri=ws://localhost:51390/devtools/browser/39c43608-bb5c-4a92-8b4e-c1e4e65a7fc5,
	keepAlive=true,
	redirectCount=0,
	timeoutsHolder=null,
	inAuth=0,
	touch=1658064290900}
20:25:21.212 [AsyncHttpClient-1-5] DEBUG org.asynchttpclient.netty.channel.ChannelManager - Closing Channel [id: 0x88cd90e6, L:/127.0.0.1:51397 ! R:localhost/127.0.0.1:51390] 
20:25:21.213 [Driver Command Executor] DEBUG org.asynchttpclient.netty.request.NettyRequestSender - Using pooled Channel '[id: 0x119643f5, L:/127.0.0.1:51389 - R:localhost/127.0.0.1:49374]' for 'DELETE' to 'http://localhost:49374/session/f1ffc58d00f9230218939ed45090982d'
20:25:21.213 [Driver Command Executor] DEBUG org.asynchttpclient.netty.request.NettyRequestSender - Using open Channel [id: 0x119643f5, L:/127.0.0.1:51389 - R:localhost/127.0.0.1:49374] for DELETE '/session/f1ffc58d00f9230218939ed45090982d'
20:25:21.273 [AsyncHttpClient-1-4] DEBUG org.asynchttpclient.netty.handler.HttpHandler - Unexpected I/O exception on channel [id: 0x71e7a83a, L:/127.0.0.1:51396 - R:localhost/127.0.0.1:51390]
java.io.IOException: An existing connection was forcibly closed by the remote host
	at java.base/sun.nio.ch.SocketDispatcher.read0(Native Method)
	at java.base/sun.nio.ch.SocketDispatcher.read(SocketDispatcher.java:43)
	at java.base/sun.nio.ch.IOUtil.readIntoNativeBuffer(IOUtil.java:276)
	at java.base/sun.nio.ch.IOUtil.read(IOUtil.java:233)
	at java.base/sun.nio.ch.IOUtil.read(IOUtil.java:223)
	at java.base/sun.nio.ch.SocketChannelImpl.read(SocketChannelImpl.java:356)
	at io.netty.buffer.PooledByteBuf.setBytes(PooledByteBuf.java:258)
	at io.netty.buffer.AbstractByteBuf.writeBytes(AbstractByteBuf.java:1132)
	at io.netty.channel.socket.nio.NioSocketChannel.doReadBytes(NioSocketChannel.java:357)
	at io.netty.channel.nio.AbstractNioByteChannel$NioByteUnsafe.read(AbstractNioByteChannel.java:151)
	at io.netty.channel.nio.NioEventLoop.processSelectedKey(NioEventLoop.java:722)
	at io.netty.channel.nio.NioEventLoop.processSelectedKeysOptimized(NioEventLoop.java:658)
	at io.netty.channel.nio.NioEventLoop.processSelectedKeys(NioEventLoop.java:584)
	at io.netty.channel.nio.NioEventLoop.run(NioEventLoop.java:496)
	at io.netty.util.concurrent.SingleThreadEventExecutor$4.run(SingleThreadEventExecutor.java:986)
	at io.netty.util.internal.ThreadExecutorMap$2.run(ThreadExecutorMap.java:74)
	at io.netty.util.concurrent.FastThreadLocalRunnable.run(FastThreadLocalRunnable.java:30)
	at java.base/java.lang.Thread.run(Thread.java:829)
20:25:21.273 [AsyncHttpClient-1-4] DEBUG org.asynchttpclient.netty.channel.ChannelManager - Closing Channel [id: 0x71e7a83a, L:/127.0.0.1:51396 - R:localhost/127.0.0.1:51390] 
20:25:21.274 [AsyncHttpClient-1-4] DEBUG org.asynchttpclient.netty.handler.HttpHandler - Channel Closed: [id: 0x71e7a83a, L:/127.0.0.1:51396 ! R:localhost/127.0.0.1:51390] with attribute DISCARD
20:25:21.304 [AsyncHttpClient-1-3] DEBUG org.asynchttpclient.netty.handler.HttpHandler - 

Request DefaultFullHttpRequest(decodeResult: success, version: HTTP/1.1, content: EmptyByteBufBE)
DELETE /session/f1ffc58d00f9230218939ed45090982d HTTP/1.1
User-Agent: selenium/4.1.4 (java windows)
Content-Type: application/json; charset=utf-8
host: localhost:49374
accept: */*

Response DefaultHttpResponse(decodeResult: success, version: HTTP/1.1)
HTTP/1.1 200 OK
Content-Type: application/json; charset=utf-8
cache-control: no-cache
content-length: 14

20:25:21.304 [AsyncHttpClient-1-3] DEBUG org.asynchttpclient.netty.channel.ChannelManager - Adding key: http://localhost:49374 for channel [id: 0x119643f5, L:/127.0.0.1:51389 - R:localhost/127.0.0.1:49374]
20:25:21.374 [AsyncHttpClient-1-3] DEBUG org.asynchttpclient.netty.handler.HttpHandler - Channel Closed: [id: 0x119643f5, L:/127.0.0.1:51389 ! R:localhost/127.0.0.1:49374] with attribute DISCARD
20:25:21.399 [main] INFO  - 
  _____   ___   ___   _____     ___     _     ___   ___   ___   ___  
 |_   _| | __| / __| |_   _|   | _ \   /_\   / __| / __| | __| |   \ 
   | |   | _|  \__ \   | |     |  _/  / _ \  \__ \ \__ \ | _|  | |) |
   |_|   |___| |___/   |_|     |_|   /_/ \_\ |___/ |___/ |___| |___/ 

As a admin i want to search archive
----------------------------------------------------------------------
]]></system-out>
    <system-err><![CDATA[Starting ChromeDriver 103.0.5060.53 (a1711811edd74ff1cf2150f36ffa3b0dae40b17f-refs/branch-heads/5060@{#853}) on port 49374
Only local connections are allowed.
Please see https://chromedriver.chromium.org/security-considerations for suggestions on keeping ChromeDriver safe.
ChromeDriver was started successfully.
Jul 17, 2022 8:24:50 PM org.openqa.selenium.remote.ProtocolHandshake createSession
INFO: Detected dialect: W3C
Jul 17, 2022 8:24:50 PM org.openqa.selenium.devtools.CdpVersionFinder findNearestMatch
WARNING: Unable to find an exact match for CDP version 103, so returning the closest version found: 101
Jul 17, 2022 8:24:50 PM org.openqa.selenium.devtools.CdpVersionFinder findNearestMatch
INFO: Found CDP implementation for version 103 of 101
]]></system-err>
  </testcase>
</testsuite>