<?xml version="1.0" encoding="UTF-8"?>
<testsuite xmlns:xsi="http://www.w3.org/2001/XMLSchema-instance" xsi:noNamespaceSchemaLocation="https://maven.apache.org/surefire/maven-failsafe-plugin/xsd/failsafe-test-report-3.0.xsd" version="3.0" name="CucumberTestSuite" time="110.749" tests="7" errors="0" skipped="0" failures="0">
  <properties>
    <property name="sun.desktop" value="windows"/>
    <property name="awt.toolkit" value="sun.awt.windows.WToolkit"/>
    <property name="java.specification.version" value="11"/>
    <property name="webdriver.chrome.driver" value="C:\Users\Bagas Dwi Saputra\.cache\selenium\chromedriver\win32\103.0.5060.53\chromedriver.exe"/>
    <property name="sun.cpu.isalist" value="amd64"/>
    <property name="sun.jnu.encoding" value="Cp1252"/>
    <property name="java.class.path" value="C:\Alterra\CapstoneBaru\QE\TestingWebUpdate\target\test-classes;C:\Users\Bagas Dwi Saputra\.m2\repository\net\serenity-bdd\serenity-cucumber\3.2.1\serenity-cucumber-3.2.1.jar;C:\Users\Bagas Dwi Saputra\.m2\repository\net\serenity-bdd\serenity-model\3.2.1\serenity-model-3.2.1.jar;C:\Users\Bagas Dwi Saputra\.m2\repository\org\apache\commons\commons-text\1.9\commons-text-1.9.jar;C:\Users\Bagas Dwi Saputra\.m2\repository\commons-net\commons-net\3.8.0\commons-net-3.8.0.jar;C:\Users\Bagas Dwi Saputra\.m2\repository\com\google\guava\guava\31.1-jre\guava-31.1-jre.jar;C:\Users\Bagas Dwi Saputra\.m2\repository\com\google\guava\failureaccess\1.0.1\failureaccess-1.0.1.jar;C:\Users\Bagas Dwi Saputra\.m2\repository\com\google\guava\listenablefuture\9999.0-empty-to-avoid-conflict-with-guava\listenablefuture-9999.0-empty-to-avoid-conflict-with-guava.jar;C:\Users\Bagas Dwi Saputra\.m2\repository\com\google\code\findbugs\jsr305\3.0.2\jsr305-3.0.2.jar;C:\Users\Bagas Dwi Saputra\.m2\repository\org\checkerframework\checker-qual\3.12.0\checker-qual-3.12.0.jar;C:\Users\Bagas Dwi Saputra\.m2\repository\com\google\errorprone\error_prone_annotations\2.11.0\error_prone_annotations-2.11.0.jar;C:\Users\Bagas Dwi Saputra\.m2\repository\com\google\j2objc\j2objc-annotations\1.3\j2objc-annotations-1.3.jar;C:\Users\Bagas Dwi Saputra\.m2\repository\com\google\inject\guice\5.1.0\guice-5.1.0.jar;C:\Users\Bagas Dwi Saputra\.m2\repository\javax\inject\javax.inject\1\javax.inject-1.jar;C:\Users\Bagas Dwi Saputra\.m2\repository\aopalliance\aopalliance\1.0\aopalliance-1.0.jar;C:\Users\Bagas Dwi Saputra\.m2\repository\org\jsoup\jsoup\1.14.3\jsoup-1.14.3.jar;C:\Users\Bagas Dwi Saputra\.m2\repository\com\thoughtworks\xstream\xstream\1.4.19\xstream-1.4.19.jar;C:\Users\Bagas Dwi Saputra\.m2\repository\io\github\x-stream\mxparser\1.2.2\mxparser-1.2.2.jar;C:\Users\Bagas Dwi Saputra\.m2\repository\xmlpull\xmlpull\1.1.3.1\xmlpull-1.1.3.1.jar;C:\Users\Bagas Dwi Saputra\.m2\repository\com\typesafe\config\1.4.2\config-1.4.2.jar;C:\Users\Bagas Dwi Saputra\.m2\repository\org\imgscalr\imgscalr-lib\4.2\imgscalr-lib-4.2.jar;C:\Users\Bagas Dwi Saputra\.m2\repository\org\awaitility\awaitility\4.2.0\awaitility-4.2.0.jar;C:\Users\Bagas Dwi Saputra\.m2\repository\org\freemarker\freemarker\2.3.31\freemarker-2.3.31.jar;C:\Users\Bagas Dwi Saputra\.m2\repository\io\github\classgraph\classgraph\4.8.138\classgraph-4.8.138.jar;C:\Users\Bagas Dwi Saputra\.m2\repository\net\sourceforge\jexcelapi\jxl\2.6.12\jxl-2.6.12.jar;C:\Users\Bagas Dwi Saputra\.m2\repository\net\bytebuddy\byte-buddy\1.12.8\byte-buddy-1.12.8.jar;C:\Users\Bagas Dwi Saputra\.m2\repository\net\bytebuddy\byte-buddy-agent\1.12.8\byte-buddy-agent-1.12.8.jar;C:\Users\Bagas Dwi Saputra\.m2\repository\org\objenesis\objenesis\3.1\objenesis-3.1.jar;C:\Users\Bagas Dwi Saputra\.m2\repository\io\cucumber\cucumber-core\7.2.3\cucumber-core-7.2.3.jar;C:\Users\Bagas Dwi Saputra\.m2\repository\io\cucumber\cucumber-gherkin\7.2.3\cucumber-gherkin-7.2.3.jar;C:\Users\Bagas Dwi Saputra\.m2\repository\io\cucumber\cucumber-gherkin-messages\7.2.3\cucumber-gherkin-messages-7.2.3.jar;C:\Users\Bagas Dwi Saputra\.m2\repository\io\cucumber\messages\17.1.1\messages-17.1.1.jar;C:\Users\Bagas Dwi Saputra\.m2\repository\io\cucumber\tag-expressions\4.1.0\tag-expressions-4.1.0.jar;C:\Users\Bagas Dwi Saputra\.m2\repository\io\cucumber\cucumber-expressions\15.0.1\cucumber-expressions-15.0.1.jar;C:\Users\Bagas Dwi Saputra\.m2\repository\io\cucumber\datatable\7.2.3\datatable-7.2.3.jar;C:\Users\Bagas Dwi Saputra\.m2\repository\io\cucumber\cucumber-plugin\7.2.3\cucumber-plugin-7.2.3.jar;C:\Users\Bagas Dwi Saputra\.m2\repository\io\cucumber\docstring\7.2.3\docstring-7.2.3.jar;C:\Users\Bagas Dwi Saputra\.m2\repository\io\cucumber\html-formatter\17.0.0\html-formatter-17.0.0.jar;C:\Users\Bagas Dwi Saputra\.m2\repository\io\cucumber\ci-environment\8.1.0\ci-environment-8.1.0.jar;C:\Users\Bagas Dwi Saputra\.m2\repository\io\cucumber\cucumber-junit\7.2.3\cucumber-junit-7.2.3.jar;C:\Users\Bagas Dwi Saputra\.m2\repository\org\apache\commons\commons-csv\1.5\commons-csv-1.5.jar;C:\Users\Bagas Dwi Saputra\.m2\repository\net\serenity-bdd\serenity-screenplay\3.2.1\serenity-screenplay-3.2.1.jar;C:\Users\Bagas Dwi Saputra\.m2\repository\net\serenity-bdd\serenity-screenplay-webdriver\3.2.1\serenity-screenplay-webdriver-3.2.1.jar;C:\Users\Bagas Dwi Saputra\.m2\repository\net\serenity-bdd\serenity-ensure\3.2.1\serenity-ensure-3.2.1.jar;C:\Users\Bagas Dwi Saputra\.m2\repository\net\serenity-bdd\serenity-junit\3.2.1\serenity-junit-3.2.1.jar;C:\Users\Bagas Dwi Saputra\.m2\repository\org\jetbrains\kotlin\kotlin-stdlib\1.6.0\kotlin-stdlib-1.6.0.jar;C:\Users\Bagas Dwi Saputra\.m2\repository\org\jetbrains\annotations\13.0\annotations-13.0.jar;C:\Users\Bagas Dwi Saputra\.m2\repository\org\jetbrains\kotlin\kotlin-stdlib-common\1.6.0\kotlin-stdlib-common-1.6.0.jar;C:\Users\Bagas Dwi Saputra\.m2\repository\org\junit\platform\junit-platform-launcher\1.8.2\junit-platform-launcher-1.8.2.jar;C:\Users\Bagas Dwi Saputra\.m2\repository\org\junit\platform\junit-platform-engine\1.8.2\junit-platform-engine-1.8.2.jar;C:\Users\Bagas Dwi Saputra\.m2\repository\org\junit\platform\junit-platform-commons\1.8.2\junit-platform-commons-1.8.2.jar;C:\Users\Bagas Dwi Saputra\.m2\repository\org\apiguardian\apiguardian-api\1.1.2\apiguardian-api-1.1.2.jar;C:\Users\Bagas Dwi Saputra\.m2\repository\org\junit\jupiter\junit-jupiter-engine\5.8.2\junit-jupiter-engine-5.8.2.jar;C:\Users\Bagas Dwi Saputra\.m2\repository\org\junit\jupiter\junit-jupiter-api\5.8.2\junit-jupiter-api-5.8.2.jar;C:\Users\Bagas Dwi Saputra\.m2\repository\org\junit\vintage\junit-vintage-engine\5.8.2\junit-vintage-engine-5.8.2.jar;C:\Users\Bagas Dwi Saputra\.m2\repository\junit\junit\4.13.2\junit-4.13.2.jar;C:\Users\Bagas Dwi Saputra\.m2\repository\org\hamcrest\hamcrest-core\1.3\hamcrest-core-1.3.jar;C:\Users\Bagas Dwi Saputra\.m2\repository\ch\qos\logback\logback-classic\1.2.11\logback-classic-1.2.11.jar;C:\Users\Bagas Dwi Saputra\.m2\repository\ch\qos\logback\logback-core\1.2.11\logback-core-1.2.11.jar;C:\Users\Bagas Dwi Saputra\.m2\repository\org\slf4j\slf4j-api\1.7.32\slf4j-api-1.7.32.jar;C:\Users\Bagas Dwi Saputra\.m2\repository\org\assertj\assertj-core\3.22.0\assertj-core-3.22.0.jar;C:\Users\Bagas Dwi Saputra\.m2\repository\net\serenity-bdd\serenity-rest-assured\3.2.1\serenity-rest-assured-3.2.1.jar;C:\Users\Bagas Dwi Saputra\.m2\repository\org\apache\httpcomponents\httpclient\4.5.13\httpclient-4.5.13.jar;C:\Users\Bagas Dwi Saputra\.m2\repository\org\apache\httpcomponents\httpcore\4.4.13\httpcore-4.4.13.jar;C:\Users\Bagas Dwi Saputra\.m2\repository\commons-logging\commons-logging\1.2\commons-logging-1.2.jar;C:\Users\Bagas Dwi Saputra\.m2\repository\org\codehaus\groovy\groovy-json\3.0.10\groovy-json-3.0.10.jar;C:\Users\Bagas Dwi Saputra\.m2\repository\org\opentest4j\opentest4j\1.2.0\opentest4j-1.2.0.jar;C:\Users\Bagas Dwi Saputra\.m2\repository\org\apache\maven\plugins\maven-surefire-plugin\3.0.0-M5\maven-surefire-plugin-3.0.0-M5.jar;C:\Users\Bagas Dwi Saputra\.m2\repository\org\apache\maven\surefire\maven-surefire-common\3.0.0-M5\maven-surefire-common-3.0.0-M5.jar;C:\Users\Bagas Dwi Saputra\.m2\repository\org\apache\maven\surefire\surefire-api\3.0.0-M5\surefire-api-3.0.0-M5.jar;C:\Users\Bagas Dwi Saputra\.m2\repository\org\apache\maven\surefire\surefire-logger-api\3.0.0-M5\surefire-logger-api-3.0.0-M5.jar;C:\Users\Bagas Dwi Saputra\.m2\repository\org\apache\maven\surefire\surefire-extensions-api\3.0.0-M5\surefire-extensions-api-3.0.0-M5.jar;C:\Users\Bagas Dwi Saputra\.m2\repository\org\apache\maven\surefire\surefire-booter\3.0.0-M5\surefire-booter-3.0.0-M5.jar;C:\Users\Bagas Dwi Saputra\.m2\repository\org\apache\maven\surefire\surefire-extensions-spi\3.0.0-M5\surefire-extensions-spi-3.0.0-M5.jar;C:\Users\Bagas Dwi Saputra\.m2\repository\org\apache\maven\maven-toolchain\3.0-alpha-2\maven-toolchain-3.0-alpha-2.jar;C:\Users\Bagas Dwi Saputra\.m2\repository\org\apache\maven\shared\maven-artifact-transfer\0.11.0\maven-artifact-transfer-0.11.0.jar;C:\Users\Bagas Dwi Saputra\.m2\repository\org\apache\maven\shared\maven-common-artifact-filters\3.0.1\maven-common-artifact-filters-3.0.1.jar;C:\Users\Bagas Dwi Saputra\.m2\repository\org\apache\maven\maven-model\3.0\maven-model-3.0.jar;C:\Users\Bagas Dwi Saputra\.m2\repository\org\apache\maven\maven-plugin-api\3.0\maven-plugin-api-3.0.jar;C:\Users\Bagas Dwi Saputra\.m2\repository\org\sonatype\sisu\sisu-inject-plexus\1.4.2\sisu-inject-plexus-1.4.2.jar;C:\Users\Bagas Dwi Saputra\.m2\repository\org\codehaus\plexus\plexus-classworlds\2.2.3\plexus-classworlds-2.2.3.jar;C:\Users\Bagas Dwi Saputra\.m2\repository\org\sonatype\sisu\sisu-inject-bean\1.4.2\sisu-inject-bean-1.4.2.jar;C:\Users\Bagas Dwi Saputra\.m2\repository\org\sonatype\sisu\sisu-guice\2.1.7\sisu-guice-2.1.7-noaop.jar;C:\Users\Bagas Dwi Saputra\.m2\repository\org\apache\maven\shared\maven-shared-utils\3.1.0\maven-shared-utils-3.1.0.jar;C:\Users\Bagas Dwi Saputra\.m2\repository\org\codehaus\plexus\plexus-java\1.0.5\plexus-java-1.0.5.jar;C:\Users\Bagas Dwi Saputra\.m2\repository\org\ow2\asm\asm\7.2\asm-7.2.jar;C:\Users\Bagas Dwi Saputra\.m2\repository\com\thoughtworks\qdox\qdox\2.0-M9\qdox-2.0-M9.jar;C:\Users\Bagas Dwi Saputra\.m2\repository\org\apache\maven\surefire\surefire-shared-utils\3.0.0-M4\surefire-shared-utils-3.0.0-M4.jar;C:\Users\Bagas Dwi Saputra\.m2\repository\io\rest-assured\rest-assured\4.5.1\rest-assured-4.5.1.jar;C:\Users\Bagas Dwi Saputra\.m2\repository\org\apache\httpcomponents\httpmime\4.5.13\httpmime-4.5.13.jar;C:\Users\Bagas Dwi Saputra\.m2\repository\org\hamcrest\hamcrest\2.1\hamcrest-2.1.jar;C:\Users\Bagas Dwi Saputra\.m2\repository\org\ccil\cowan\tagsoup\tagsoup\1.2.1\tagsoup-1.2.1.jar;C:\Users\Bagas Dwi Saputra\.m2\repository\io\rest-assured\json-path\4.5.1\json-path-4.5.1.jar;C:\Users\Bagas Dwi Saputra\.m2\repository\io\rest-assured\rest-assured-common\4.5.1\rest-assured-common-4.5.1.jar;C:\Users\Bagas Dwi Saputra\.m2\repository\io\rest-assured\xml-path\4.5.1\xml-path-4.5.1.jar;C:\Users\Bagas Dwi Saputra\.m2\repository\org\apache\commons\commons-lang3\3.11\commons-lang3-3.11.jar;C:\Users\Bagas Dwi Saputra\.m2\repository\org\codehaus\groovy\groovy\3.0.10\groovy-3.0.10.jar;C:\Users\Bagas Dwi Saputra\.m2\repository\org\codehaus\groovy\groovy-xml\3.0.10\groovy-xml-3.0.10.jar;C:\Users\Bagas Dwi Saputra\.m2\repository\com\googlecode\json-simple\json-simple\1.1.1\json-simple-1.1.1.jar;C:\Users\Bagas Dwi Saputra\.m2\repository\com\github\javafaker\javafaker\1.0.2\javafaker-1.0.2.jar;C:\Users\Bagas Dwi Saputra\.m2\repository\org\yaml\snakeyaml\1.23\snakeyaml-1.23-android.jar;C:\Users\Bagas Dwi Saputra\.m2\repository\com\github\mifmif\generex\1.0.2\generex-1.0.2.jar;C:\Users\Bagas Dwi Saputra\.m2\repository\dk\brics\automaton\automaton\1.11-8\automaton-1.11-8.jar;C:\Users\Bagas Dwi Saputra\.m2\repository\io\cucumber\cucumber-java\7.2.3\cucumber-java-7.2.3.jar;C:\Users\Bagas Dwi Saputra\.m2\repository\net\serenity-bdd\serenity-core\3.2.5\serenity-core-3.2.5.jar;C:\Users\Bagas Dwi Saputra\.m2\repository\net\serenity-bdd\serenity-reports\3.2.5\serenity-reports-3.2.5.jar;C:\Users\Bagas Dwi Saputra\.m2\repository\net\serenity-bdd\serenity-stats\3.2.5\serenity-stats-3.2.5.jar;C:\Users\Bagas Dwi Saputra\.m2\repository\net\serenity-bdd\serenity-reports-configuration\3.2.5\serenity-reports-configuration-3.2.5.jar;C:\Users\Bagas Dwi Saputra\.m2\repository\com\vladsch\flexmark\flexmark-all\0.34.30\flexmark-all-0.34.30.jar;C:\Users\Bagas Dwi Saputra\.m2\repository\com\vladsch\flexmark\flexmark\0.34.30\flexmark-0.34.30.jar;C:\Users\Bagas Dwi Saputra\.m2\repository\com\vladsch\flexmark\flexmark-ext-abbreviation\0.34.30\flexmark-ext-abbreviation-0.34.30.jar;C:\Users\Bagas Dwi Saputra\.m2\repository\com\vladsch\flexmark\flexmark-ext-admonition\0.34.30\flexmark-ext-admonition-0.34.30.jar;C:\Users\Bagas Dwi Saputra\.m2\repository\com\vladsch\flexmark\flexmark-ext-anchorlink\0.34.30\flexmark-ext-anchorlink-0.34.30.jar;C:\Users\Bagas Dwi Saputra\.m2\repository\com\vladsch\flexmark\flexmark-ext-aside\0.34.30\flexmark-ext-aside-0.34.30.jar;C:\Users\Bagas Dwi Saputra\.m2\repository\com\vladsch\flexmark\flexmark-ext-attributes\0.34.30\flexmark-ext-attributes-0.34.30.jar;C:\Users\Bagas Dwi Saputra\.m2\repository\com\vladsch\flexmark\flexmark-ext-autolink\0.34.30\flexmark-ext-autolink-0.34.30.jar;C:\Users\Bagas Dwi Saputra\.m2\repository\org\nibor\autolink\autolink\0.6.0\autolink-0.6.0.jar;C:\Users\Bagas Dwi Saputra\.m2\repository\com\vladsch\flexmark\flexmark-ext-definition\0.34.30\flexmark-ext-definition-0.34.30.jar;C:\Users\Bagas Dwi Saputra\.m2\repository\com\vladsch\flexmark\flexmark-ext-emoji\0.34.30\flexmark-ext-emoji-0.34.30.jar;C:\Users\Bagas Dwi Saputra\.m2\repository\com\vladsch\flexmark\flexmark-ext-enumerated-reference\0.34.30\flexmark-ext-enumerated-reference-0.34.30.jar;C:\Users\Bagas Dwi Saputra\.m2\repository\com\vladsch\flexmark\flexmark-ext-escaped-character\0.34.30\flexmark-ext-escaped-character-0.34.30.jar;C:\Users\Bagas Dwi Saputra\.m2\repository\com\vladsch\flexmark\flexmark-ext-footnotes\0.34.30\flexmark-ext-footnotes-0.34.30.jar;C:\Users\Bagas Dwi Saputra\.m2\repository\com\vladsch\flexmark\flexmark-ext-gfm-issues\0.34.30\flexmark-ext-gfm-issues-0.34.30.jar;C:\Users\Bagas Dwi Saputra\.m2\repository\com\vladsch\flexmark\flexmark-ext-gfm-strikethrough\0.34.30\flexmark-ext-gfm-strikethrough-0.34.30.jar;C:\Users\Bagas Dwi Saputra\.m2\repository\com\vladsch\flexmark\flexmark-ext-gfm-tables\0.34.30\flexmark-ext-gfm-tables-0.34.30.jar;C:\Users\Bagas Dwi Saputra\.m2\repository\com\vladsch\flexmark\flexmark-ext-gfm-tasklist\0.34.30\flexmark-ext-gfm-tasklist-0.34.30.jar;C:\Users\Bagas Dwi Saputra\.m2\repository\com\vladsch\flexmark\flexmark-ext-gfm-users\0.34.30\flexmark-ext-gfm-users-0.34.30.jar;C:\Users\Bagas Dwi Saputra\.m2\repository\com\vladsch\flexmark\flexmark-ext-gitlab\0.34.30\flexmark-ext-gitlab-0.34.30.jar;C:\Users\Bagas Dwi Saputra\.m2\repository\com\vladsch\flexmark\flexmark-ext-jekyll-front-matter\0.34.30\flexmark-ext-jekyll-front-matter-0.34.30.jar;C:\Users\Bagas Dwi Saputra\.m2\repository\com\vladsch\flexmark\flexmark-ext-jekyll-tag\0.34.30\flexmark-ext-jekyll-tag-0.34.30.jar;C:\Users\Bagas Dwi Saputra\.m2\repository\com\vladsch\flexmark\flexmark-ext-media-tags\0.34.30\flexmark-ext-media-tags-0.34.30.jar;C:\Users\Bagas Dwi Saputra\.m2\repository\com\vladsch\flexmark\flexmark-test-util\0.34.30\flexmark-test-util-0.34.30.jar;C:\Users\Bagas Dwi Saputra\.m2\repository\com\vladsch\flexmark\flexmark-ext-ins\0.34.30\flexmark-ext-ins-0.34.30.jar;C:\Users\Bagas Dwi Saputra\.m2\repository\com\vladsch\flexmark\flexmark-ext-xwiki-macros\0.34.30\flexmark-ext-xwiki-macros-0.34.30.jar;C:\Users\Bagas Dwi Saputra\.m2\repository\com\vladsch\flexmark\flexmark-ext-superscript\0.34.30\flexmark-ext-superscript-0.34.30.jar;C:\Users\Bagas Dwi Saputra\.m2\repository\com\vladsch\flexmark\flexmark-ext-tables\0.34.30\flexmark-ext-tables-0.34.30.jar;C:\Users\Bagas Dwi Saputra\.m2\repository\com\vladsch\flexmark\flexmark-ext-toc\0.34.30\flexmark-ext-toc-0.34.30.jar;C:\Users\Bagas Dwi Saputra\.m2\repository\com\vladsch\flexmark\flexmark-ext-typographic\0.34.30\flexmark-ext-typographic-0.34.30.jar;C:\Users\Bagas Dwi Saputra\.m2\repository\com\vladsch\flexmark\flexmark-ext-wikilink\0.34.30\flexmark-ext-wikilink-0.34.30.jar;C:\Users\Bagas Dwi Saputra\.m2\repository\com\vladsch\flexmark\flexmark-ext-yaml-front-matter\0.34.30\flexmark-ext-yaml-front-matter-0.34.30.jar;C:\Users\Bagas Dwi Saputra\.m2\repository\com\vladsch\flexmark\flexmark-ext-youtube-embedded\0.34.30\flexmark-ext-youtube-embedded-0.34.30.jar;C:\Users\Bagas Dwi Saputra\.m2\repository\com\vladsch\flexmark\flexmark-formatter\0.34.30\flexmark-formatter-0.34.30.jar;C:\Users\Bagas Dwi Saputra\.m2\repository\com\vladsch\flexmark\flexmark-html-parser\0.34.30\flexmark-html-parser-0.34.30.jar;C:\Users\Bagas Dwi Saputra\.m2\repository\com\vladsch\flexmark\flexmark-jira-converter\0.34.30\flexmark-jira-converter-0.34.30.jar;C:\Users\Bagas Dwi Saputra\.m2\repository\com\vladsch\flexmark\flexmark-pdf-converter\0.34.30\flexmark-pdf-converter-0.34.30.jar;C:\Users\Bagas Dwi Saputra\.m2\repository\com\openhtmltopdf\openhtmltopdf-core\0.0.1-RC13\openhtmltopdf-core-0.0.1-RC13.jar;C:\Users\Bagas Dwi Saputra\.m2\repository\com\openhtmltopdf\openhtmltopdf-pdfbox\0.0.1-RC13\openhtmltopdf-pdfbox-0.0.1-RC13.jar;C:\Users\Bagas Dwi Saputra\.m2\repository\org\apache\pdfbox\pdfbox\2.0.8\pdfbox-2.0.8.jar;C:\Users\Bagas Dwi Saputra\.m2\repository\org\apache\pdfbox\fontbox\2.0.8\fontbox-2.0.8.jar;C:\Users\Bagas Dwi Saputra\.m2\repository\org\apache\pdfbox\xmpbox\2.0.8\xmpbox-2.0.8.jar;C:\Users\Bagas Dwi Saputra\.m2\repository\de\rototor\pdfbox\graphics2d\0.12\graphics2d-0.12.jar;C:\Users\Bagas Dwi Saputra\.m2\repository\com\openhtmltopdf\openhtmltopdf-rtl-support\0.0.1-RC13\openhtmltopdf-rtl-support-0.0.1-RC13.jar;C:\Users\Bagas Dwi Saputra\.m2\repository\com\ibm\icu\icu4j\59.1\icu4j-59.1.jar;C:\Users\Bagas Dwi Saputra\.m2\repository\com\openhtmltopdf\openhtmltopdf-jsoup-dom-converter\0.0.1-RC13\openhtmltopdf-jsoup-dom-converter-0.0.1-RC13.jar;C:\Users\Bagas Dwi Saputra\.m2\repository\com\vladsch\flexmark\flexmark-profile-pegdown\0.34.30\flexmark-profile-pegdown-0.34.30.jar;C:\Users\Bagas Dwi Saputra\.m2\repository\com\vladsch\flexmark\flexmark-util\0.34.30\flexmark-util-0.34.30.jar;C:\Users\Bagas Dwi Saputra\.m2\repository\com\vladsch\flexmark\flexmark-youtrack-converter\0.34.30\flexmark-youtrack-converter-0.34.30.jar;C:\Users\Bagas Dwi Saputra\.m2\repository\es\nitaur\markdown\txtmark\0.16\txtmark-0.16.jar;C:\Users\Bagas Dwi Saputra\.m2\repository\net\serenity-bdd\serenity-report-resources\3.2.5\serenity-report-resources-3.2.5.jar;C:\Users\Bagas Dwi Saputra\.m2\repository\com\google\code\gson\gson\2.9.0\gson-2.9.0.jar;C:\Users\Bagas Dwi Saputra\.m2\repository\com\fasterxml\jackson\core\jackson-core\2.13.2\jackson-core-2.13.2.jar;C:\Users\Bagas Dwi Saputra\.m2\repository\com\fasterxml\jackson\core\jackson-databind\2.13.2\jackson-databind-2.13.2.jar;C:\Users\Bagas Dwi Saputra\.m2\repository\com\fasterxml\jackson\core\jackson-annotations\2.13.2\jackson-annotations-2.13.2.jar;C:\Users\Bagas Dwi Saputra\.m2\repository\commons-codec\commons-codec\1.15\commons-codec-1.15.jar;C:\Users\Bagas Dwi Saputra\.m2\repository\commons-io\commons-io\2.11.0\commons-io-2.11.0.jar;C:\Users\Bagas Dwi Saputra\.m2\repository\org\seleniumhq\selenium\selenium-java\4.1.4\selenium-java-4.1.4.jar;C:\Users\Bagas Dwi Saputra\.m2\repository\org\seleniumhq\selenium\selenium-devtools-v100\4.1.4\selenium-devtools-v100-4.1.4.jar;C:\Users\Bagas Dwi Saputra\.m2\repository\org\seleniumhq\selenium\selenium-devtools-v101\4.1.4\selenium-devtools-v101-4.1.4.jar;C:\Users\Bagas Dwi Saputra\.m2\repository\org\seleniumhq\selenium\selenium-devtools-v85\4.1.4\selenium-devtools-v85-4.1.4.jar;C:\Users\Bagas Dwi Saputra\.m2\repository\org\seleniumhq\selenium\selenium-devtools-v99\4.1.4\selenium-devtools-v99-4.1.4.jar;C:\Users\Bagas Dwi Saputra\.m2\repository\org\seleniumhq\selenium\selenium-opera-driver\4.1.4\selenium-opera-driver-4.1.4.jar;C:\Users\Bagas Dwi Saputra\.m2\repository\org\seleniumhq\selenium\selenium-remote-driver\4.1.4\selenium-remote-driver-4.1.4.jar;C:\Users\Bagas Dwi Saputra\.m2\repository\com\beust\jcommander\1.82\jcommander-1.82.jar;C:\Users\Bagas Dwi Saputra\.m2\repository\io\netty\netty-buffer\4.1.76.Final\netty-buffer-4.1.76.Final.jar;C:\Users\Bagas Dwi Saputra\.m2\repository\io\netty\netty-codec-http\4.1.76.Final\netty-codec-http-4.1.76.Final.jar;C:\Users\Bagas Dwi Saputra\.m2\repository\io\netty\netty-codec\4.1.76.Final\netty-codec-4.1.76.Final.jar;C:\Users\Bagas Dwi Saputra\.m2\repository\io\netty\netty-handler\4.1.76.Final\netty-handler-4.1.76.Final.jar;C:\Users\Bagas Dwi Saputra\.m2\repository\io\netty\netty-common\4.1.76.Final\netty-common-4.1.76.Final.jar;C:\Users\Bagas Dwi Saputra\.m2\repository\io\netty\netty-transport-classes-epoll\4.1.76.Final\netty-transport-classes-epoll-4.1.76.Final.jar;C:\Users\Bagas Dwi Saputra\.m2\repository\io\netty\netty-transport-classes-kqueue\4.1.76.Final\netty-transport-classes-kqueue-4.1.76.Final.jar;C:\Users\Bagas Dwi Saputra\.m2\repository\io\netty\netty-transport-native-epoll\4.1.76.Final\netty-transport-native-epoll-4.1.76.Final.jar;C:\Users\Bagas Dwi Saputra\.m2\repository\io\netty\netty-transport-native-kqueue\4.1.76.Final\netty-transport-native-kqueue-4.1.76.Final.jar;C:\Users\Bagas Dwi Saputra\.m2\repository\io\netty\netty-transport-native-unix-common\4.1.76.Final\netty-transport-native-unix-common-4.1.76.Final.jar;C:\Users\Bagas Dwi Saputra\.m2\repository\io\netty\netty-transport\4.1.76.Final\netty-transport-4.1.76.Final.jar;C:\Users\Bagas Dwi Saputra\.m2\repository\io\netty\netty-resolver\4.1.76.Final\netty-resolver-4.1.76.Final.jar;C:\Users\Bagas Dwi Saputra\.m2\repository\io\opentelemetry\opentelemetry-api\1.13.0\opentelemetry-api-1.13.0.jar;C:\Users\Bagas Dwi Saputra\.m2\repository\io\opentelemetry\opentelemetry-context\1.13.0\opentelemetry-context-1.13.0.jar;C:\Users\Bagas Dwi Saputra\.m2\repository\io\opentelemetry\opentelemetry-exporter-logging\1.13.0\opentelemetry-exporter-logging-1.13.0.jar;C:\Users\Bagas Dwi Saputra\.m2\repository\io\opentelemetry\opentelemetry-sdk-metrics\1.13.0-alpha\opentelemetry-sdk-metrics-1.13.0-alpha.jar;C:\Users\Bagas Dwi Saputra\.m2\repository\io\opentelemetry\opentelemetry-sdk-logs\1.13.0-alpha\opentelemetry-sdk-logs-1.13.0-alpha.jar;C:\Users\Bagas Dwi Saputra\.m2\repository\io\opentelemetry\opentelemetry-sdk-common\1.13.0\opentelemetry-sdk-common-1.13.0.jar;C:\Users\Bagas Dwi Saputra\.m2\repository\io\opentelemetry\opentelemetry-sdk-extension-autoconfigure-spi\1.13.0\opentelemetry-sdk-extension-autoconfigure-spi-1.13.0.jar;C:\Users\Bagas Dwi Saputra\.m2\repository\io\opentelemetry\opentelemetry-sdk-extension-autoconfigure\1.13.0-alpha\opentelemetry-sdk-extension-autoconfigure-1.13.0-alpha.jar;C:\Users\Bagas Dwi Saputra\.m2\repository\io\opentelemetry\opentelemetry-sdk-trace\1.13.0\opentelemetry-sdk-trace-1.13.0.jar;C:\Users\Bagas Dwi Saputra\.m2\repository\io\opentelemetry\opentelemetry-sdk\1.13.0\opentelemetry-sdk-1.13.0.jar;C:\Users\Bagas Dwi Saputra\.m2\repository\io\opentelemetry\opentelemetry-semconv\1.13.0-alpha\opentelemetry-semconv-1.13.0-alpha.jar;C:\Users\Bagas Dwi Saputra\.m2\repository\io\ous\jtoml\2.0.0\jtoml-2.0.0.jar;C:\Users\Bagas Dwi Saputra\.m2\repository\org\apache\commons\commons-exec\1.3\commons-exec-1.3.jar;C:\Users\Bagas Dwi Saputra\.m2\repository\org\asynchttpclient\async-http-client\2.12.3\async-http-client-2.12.3.jar;C:\Users\Bagas Dwi Saputra\.m2\repository\org\asynchttpclient\async-http-client-netty-utils\2.12.3\async-http-client-netty-utils-2.12.3.jar;C:\Users\Bagas Dwi Saputra\.m2\repository\io\netty\netty-codec-socks\4.1.60.Final\netty-codec-socks-4.1.60.Final.jar;C:\Users\Bagas Dwi Saputra\.m2\repository\io\netty\netty-handler-proxy\4.1.60.Final\netty-handler-proxy-4.1.60.Final.jar;C:\Users\Bagas Dwi Saputra\.m2\repository\io\netty\netty-transport-native-epoll\4.1.60.Final\netty-transport-native-epoll-4.1.60.Final-linux-x86_64.jar;C:\Users\Bagas Dwi Saputra\.m2\repository\io\netty\netty-transport-native-kqueue\4.1.60.Final\netty-transport-native-kqueue-4.1.60.Final-osx-x86_64.jar;C:\Users\Bagas Dwi Saputra\.m2\repository\org\reactivestreams\reactive-streams\1.0.3\reactive-streams-1.0.3.jar;C:\Users\Bagas Dwi Saputra\.m2\repository\com\typesafe\netty\netty-reactive-streams\2.0.4\netty-reactive-streams-2.0.4.jar;C:\Users\Bagas Dwi Saputra\.m2\repository\org\seleniumhq\selenium\selenium-http\4.1.4\selenium-http-4.1.4.jar;C:\Users\Bagas Dwi Saputra\.m2\repository\dev\failsafe\failsafe\3.2.3\failsafe-3.2.3.jar;C:\Users\Bagas Dwi Saputra\.m2\repository\org\seleniumhq\selenium\selenium-safari-driver\4.1.4\selenium-safari-driver-4.1.4.jar;C:\Users\Bagas Dwi Saputra\.m2\repository\org\seleniumhq\selenium\selenium-api\4.1.4\selenium-api-4.1.4.jar;C:\Users\Bagas Dwi Saputra\.m2\repository\org\seleniumhq\selenium\selenium-support\4.1.4\selenium-support-4.1.4.jar;C:\Users\Bagas Dwi Saputra\.m2\repository\com\google\auto\service\auto-service-annotations\1.0.1\auto-service-annotations-1.0.1.jar;C:\Users\Bagas Dwi Saputra\.m2\repository\com\google\auto\service\auto-service\1.0.1\auto-service-1.0.1.jar;C:\Users\Bagas Dwi Saputra\.m2\repository\com\google\auto\auto-common\1.2\auto-common-1.2.jar;C:\Users\Bagas Dwi Saputra\.m2\repository\org\seleniumhq\selenium\selenium-json\4.1.4\selenium-json-4.1.4.jar;C:\Users\Bagas Dwi Saputra\.m2\repository\org\seleniumhq\selenium\selenium-chrome-driver\4.1.4\selenium-chrome-driver-4.1.4.jar;C:\Users\Bagas Dwi Saputra\.m2\repository\org\seleniumhq\selenium\selenium-chromium-driver\4.1.4\selenium-chromium-driver-4.1.4.jar;C:\Users\Bagas Dwi Saputra\.m2\repository\org\seleniumhq\selenium\selenium-firefox-driver\4.1.4\selenium-firefox-driver-4.1.4.jar;C:\Users\Bagas Dwi Saputra\.m2\repository\org\seleniumhq\selenium\selenium-edge-driver\4.1.4\selenium-edge-driver-4.1.4.jar;C:\Users\Bagas Dwi Saputra\.m2\repository\org\seleniumhq\selenium\selenium-ie-driver\4.1.4\selenium-ie-driver-4.1.4.jar;C:\Users\Bagas Dwi Saputra\.m2\repository\org\projectlombok\lombok\1.18.20\lombok-1.18.20.jar;C:\Users\Bagas Dwi Saputra\.m2\repository\io\appium\java-client\8.0.0\java-client-8.0.0.jar;C:\Users\Bagas Dwi Saputra\.m2\repository\commons-validator\commons-validator\1.7\commons-validator-1.7.jar;C:\Users\Bagas Dwi Saputra\.m2\repository\commons-digester\commons-digester\2.1\commons-digester-2.1.jar;C:\Users\Bagas Dwi Saputra\.m2\repository\org\aspectj\aspectjweaver\1.9.8\aspectjweaver-1.9.8.jar;C:\Users\Bagas Dwi Saputra\.m2\repository\org\apache\groovy\groovy\4.0.1\groovy-4.0.1.jar;C:\Users\Bagas Dwi Saputra\.m2\repository\net\sf\opencsv\opencsv\2.0\opencsv-2.0.jar;C:\Users\Bagas Dwi Saputra\.m2\repository\commons-beanutils\commons-beanutils\1.9.4\commons-beanutils-1.9.4.jar;C:\Users\Bagas Dwi Saputra\.m2\repository\commons-collections\commons-collections\3.2.2\commons-collections-3.2.2.jar;C:\Users\Bagas Dwi Saputra\.m2\repository\org\fluentlenium\fluentlenium-core\0.10.2\fluentlenium-core-0.10.2.jar;C:\Users\Bagas Dwi Saputra\.m2\repository\io\github\bonigarcia\webdrivermanager\5.1.0\webdrivermanager-5.1.0.jar;C:\Users\Bagas Dwi Saputra\.m2\repository\com\github\docker-java\docker-java\3.2.13\docker-java-3.2.13.jar;C:\Users\Bagas Dwi Saputra\.m2\repository\com\github\docker-java\docker-java-core\3.2.13\docker-java-core-3.2.13.jar;C:\Users\Bagas Dwi Saputra\.m2\repository\com\github\docker-java\docker-java-api\3.2.13\docker-java-api-3.2.13.jar;C:\Users\Bagas Dwi Saputra\.m2\repository\org\apache\commons\commons-compress\1.21\commons-compress-1.21.jar;C:\Users\Bagas Dwi Saputra\.m2\repository\org\bouncycastle\bcpkix-jdk15on\1.64\bcpkix-jdk15on-1.64.jar;C:\Users\Bagas Dwi Saputra\.m2\repository\org\bouncycastle\bcprov-jdk15on\1.64\bcprov-jdk15on-1.64.jar;C:\Users\Bagas Dwi Saputra\.m2\repository\org\slf4j\jcl-over-slf4j\1.7.30\jcl-over-slf4j-1.7.30.jar;C:\Users\Bagas Dwi Saputra\.m2\repository\com\github\docker-java\docker-java-transport-httpclient5\3.2.13\docker-java-transport-httpclient5-3.2.13.jar;C:\Users\Bagas Dwi Saputra\.m2\repository\com\github\docker-java\docker-java-transport\3.2.13\docker-java-transport-3.2.13.jar;C:\Users\Bagas Dwi Saputra\.m2\repository\org\apache\httpcomponents\client5\httpclient5\5.0.3\httpclient5-5.0.3.jar;C:\Users\Bagas Dwi Saputra\.m2\repository\org\apache\httpcomponents\core5\httpcore5\5.0.2\httpcore5-5.0.2.jar;C:\Users\Bagas Dwi Saputra\.m2\repository\net\java\dev\jna\jna\5.8.0\jna-5.8.0.jar;C:\Users\Bagas Dwi Saputra\.m2\repository\org\brotli\dec\0.1.2\dec-0.1.2.jar;C:\Users\Bagas Dwi Saputra\.m2\repository\com\jhlabs\filters\2.0.235\filters-2.0.235.jar;C:\Users\Bagas Dwi Saputra\.m2\repository\com\paulhammant\ngwebdriver\1.1.6\ngwebdriver-1.1.6.jar;C:\Users\Bagas Dwi Saputra\.m2\repository\joda-time\joda-time\2.8.2\joda-time-2.8.2.jar;C:\Users\Bagas Dwi Saputra\.m2\repository\com\google\jimfs\jimfs\1.2\jimfs-1.2.jar;C:\Users\Bagas Dwi Saputra\.m2\repository\org\mockito\mockito-core\3.3.3\mockito-core-3.3.3.jar;C:\Users\Bagas Dwi Saputra\.m2\repository\javax\xml\bind\jaxb-api\2.3.1\jaxb-api-2.3.1.jar;C:\Users\Bagas Dwi Saputra\.m2\repository\javax\activation\javax.activation-api\1.2.0\javax.activation-api-1.2.0.jar;C:\Users\Bagas Dwi Saputra\.m2\repository\com\sun\xml\bind\jaxb-core\2.3.0.1\jaxb-core-2.3.0.1.jar;C:\Users\Bagas Dwi Saputra\.m2\repository\com\sun\xml\bind\jaxb-impl\2.3.3\jaxb-impl-2.3.3.jar;C:\Users\Bagas Dwi Saputra\.m2\repository\jakarta\xml\bind\jakarta.xml.bind-api\2.3.3\jakarta.xml.bind-api-2.3.3.jar;C:\Users\Bagas Dwi Saputra\.m2\repository\com\sun\activation\jakarta.activation\1.2.2\jakarta.activation-1.2.2.jar;C:\Users\Bagas Dwi Saputra\.m2\repository\javax\activation\activation\1.1.1\activation-1.1.1.jar;"/>
    <property name="java.vm.vendor" value="OpenLogic"/>
    <property name="sun.arch.data.model" value="64"/>
    <property name="user.variant" value=""/>
    <property name="java.vendor.url" value="https://openlogic.com/"/>
    <property name="user.timezone" value="Asia/Bangkok"/>
    <property name="log4j2.formatMsgNoLookups" value="true"/>
    <property name="java.vm.specification.version" value="11"/>
    <property name="os.name" value="Windows 11"/>
    <property name="sun.java.launcher" value="SUN_STANDARD"/>
    <property name="user.country" value="ID"/>
    <property name="sun.boot.library.path" value="C:\Program Files\jdk\jdk-11.0.15\bin"/>
    <property name="sun.java.command" value="org.apache.maven.surefire.booter.ForkedBooter C:\Users\Bagas Dwi Saputra\AppData\Local\Temp\surefire2705522953981120267 2022-07-17T19-05-14_683-jvmRun1 surefire6976960073491509203tmp surefire_010304509685875764358tmp"/>
    <property name="jdk.debug" value="release"/>
    <property name="surefire.test.class.path" value="C:\Alterra\CapstoneBaru\QE\TestingWebUpdate\target\test-classes;C:\Users\Bagas Dwi Saputra\.m2\repository\net\serenity-bdd\serenity-cucumber\3.2.1\serenity-cucumber-3.2.1.jar;C:\Users\Bagas Dwi Saputra\.m2\repository\net\serenity-bdd\serenity-model\3.2.1\serenity-model-3.2.1.jar;C:\Users\Bagas Dwi Saputra\.m2\repository\org\apache\commons\commons-text\1.9\commons-text-1.9.jar;C:\Users\Bagas Dwi Saputra\.m2\repository\commons-net\commons-net\3.8.0\commons-net-3.8.0.jar;C:\Users\Bagas Dwi Saputra\.m2\repository\com\google\guava\guava\31.1-jre\guava-31.1-jre.jar;C:\Users\Bagas Dwi Saputra\.m2\repository\com\google\guava\failureaccess\1.0.1\failureaccess-1.0.1.jar;C:\Users\Bagas Dwi Saputra\.m2\repository\com\google\guava\listenablefuture\9999.0-empty-to-avoid-conflict-with-guava\listenablefuture-9999.0-empty-to-avoid-conflict-with-guava.jar;C:\Users\Bagas Dwi Saputra\.m2\repository\com\google\code\findbugs\jsr305\3.0.2\jsr305-3.0.2.jar;C:\Users\Bagas Dwi Saputra\.m2\repository\org\checkerframework\checker-qual\3.12.0\checker-qual-3.12.0.jar;C:\Users\Bagas Dwi Saputra\.m2\repository\com\google\errorprone\error_prone_annotations\2.11.0\error_prone_annotations-2.11.0.jar;C:\Users\Bagas Dwi Saputra\.m2\repository\com\google\j2objc\j2objc-annotations\1.3\j2objc-annotations-1.3.jar;C:\Users\Bagas Dwi Saputra\.m2\repository\com\google\inject\guice\5.1.0\guice-5.1.0.jar;C:\Users\Bagas Dwi Saputra\.m2\repository\javax\inject\javax.inject\1\javax.inject-1.jar;C:\Users\Bagas Dwi Saputra\.m2\repository\aopalliance\aopalliance\1.0\aopalliance-1.0.jar;C:\Users\Bagas Dwi Saputra\.m2\repository\org\jsoup\jsoup\1.14.3\jsoup-1.14.3.jar;C:\Users\Bagas Dwi Saputra\.m2\repository\com\thoughtworks\xstream\xstream\1.4.19\xstream-1.4.19.jar;C:\Users\Bagas Dwi Saputra\.m2\repository\io\github\x-stream\mxparser\1.2.2\mxparser-1.2.2.jar;C:\Users\Bagas Dwi Saputra\.m2\repository\xmlpull\xmlpull\1.1.3.1\xmlpull-1.1.3.1.jar;C:\Users\Bagas Dwi Saputra\.m2\repository\com\typesafe\config\1.4.2\config-1.4.2.jar;C:\Users\Bagas Dwi Saputra\.m2\repository\org\imgscalr\imgscalr-lib\4.2\imgscalr-lib-4.2.jar;C:\Users\Bagas Dwi Saputra\.m2\repository\org\awaitility\awaitility\4.2.0\awaitility-4.2.0.jar;C:\Users\Bagas Dwi Saputra\.m2\repository\org\freemarker\freemarker\2.3.31\freemarker-2.3.31.jar;C:\Users\Bagas Dwi Saputra\.m2\repository\io\github\classgraph\classgraph\4.8.138\classgraph-4.8.138.jar;C:\Users\Bagas Dwi Saputra\.m2\repository\net\sourceforge\jexcelapi\jxl\2.6.12\jxl-2.6.12.jar;C:\Users\Bagas Dwi Saputra\.m2\repository\net\bytebuddy\byte-buddy\1.12.8\byte-buddy-1.12.8.jar;C:\Users\Bagas Dwi Saputra\.m2\repository\net\bytebuddy\byte-buddy-agent\1.12.8\byte-buddy-agent-1.12.8.jar;C:\Users\Bagas Dwi Saputra\.m2\repository\org\objenesis\objenesis\3.1\objenesis-3.1.jar;C:\Users\Bagas Dwi Saputra\.m2\repository\io\cucumber\cucumber-core\7.2.3\cucumber-core-7.2.3.jar;C:\Users\Bagas Dwi Saputra\.m2\repository\io\cucumber\cucumber-gherkin\7.2.3\cucumber-gherkin-7.2.3.jar;C:\Users\Bagas Dwi Saputra\.m2\repository\io\cucumber\cucumber-gherkin-messages\7.2.3\cucumber-gherkin-messages-7.2.3.jar;C:\Users\Bagas Dwi Saputra\.m2\repository\io\cucumber\messages\17.1.1\messages-17.1.1.jar;C:\Users\Bagas Dwi Saputra\.m2\repository\io\cucumber\tag-expressions\4.1.0\tag-expressions-4.1.0.jar;C:\Users\Bagas Dwi Saputra\.m2\repository\io\cucumber\cucumber-expressions\15.0.1\cucumber-expressions-15.0.1.jar;C:\Users\Bagas Dwi Saputra\.m2\repository\io\cucumber\datatable\7.2.3\datatable-7.2.3.jar;C:\Users\Bagas Dwi Saputra\.m2\repository\io\cucumber\cucumber-plugin\7.2.3\cucumber-plugin-7.2.3.jar;C:\Users\Bagas Dwi Saputra\.m2\repository\io\cucumber\docstring\7.2.3\docstring-7.2.3.jar;C:\Users\Bagas Dwi Saputra\.m2\repository\io\cucumber\html-formatter\17.0.0\html-formatter-17.0.0.jar;C:\Users\Bagas Dwi Saputra\.m2\repository\io\cucumber\ci-environment\8.1.0\ci-environment-8.1.0.jar;C:\Users\Bagas Dwi Saputra\.m2\repository\io\cucumber\cucumber-junit\7.2.3\cucumber-junit-7.2.3.jar;C:\Users\Bagas Dwi Saputra\.m2\repository\org\apache\commons\commons-csv\1.5\commons-csv-1.5.jar;C:\Users\Bagas Dwi Saputra\.m2\repository\net\serenity-bdd\serenity-screenplay\3.2.1\serenity-screenplay-3.2.1.jar;C:\Users\Bagas Dwi Saputra\.m2\repository\net\serenity-bdd\serenity-screenplay-webdriver\3.2.1\serenity-screenplay-webdriver-3.2.1.jar;C:\Users\Bagas Dwi Saputra\.m2\repository\net\serenity-bdd\serenity-ensure\3.2.1\serenity-ensure-3.2.1.jar;C:\Users\Bagas Dwi Saputra\.m2\repository\net\serenity-bdd\serenity-junit\3.2.1\serenity-junit-3.2.1.jar;C:\Users\Bagas Dwi Saputra\.m2\repository\org\jetbrains\kotlin\kotlin-stdlib\1.6.0\kotlin-stdlib-1.6.0.jar;C:\Users\Bagas Dwi Saputra\.m2\repository\org\jetbrains\annotations\13.0\annotations-13.0.jar;C:\Users\Bagas Dwi Saputra\.m2\repository\org\jetbrains\kotlin\kotlin-stdlib-common\1.6.0\kotlin-stdlib-common-1.6.0.jar;C:\Users\Bagas Dwi Saputra\.m2\repository\org\junit\platform\junit-platform-launcher\1.8.2\junit-platform-launcher-1.8.2.jar;C:\Users\Bagas Dwi Saputra\.m2\repository\org\junit\platform\junit-platform-engine\1.8.2\junit-platform-engine-1.8.2.jar;C:\Users\Bagas Dwi Saputra\.m2\repository\org\junit\platform\junit-platform-commons\1.8.2\junit-platform-commons-1.8.2.jar;C:\Users\Bagas Dwi Saputra\.m2\repository\org\apiguardian\apiguardian-api\1.1.2\apiguardian-api-1.1.2.jar;C:\Users\Bagas Dwi Saputra\.m2\repository\org\junit\jupiter\junit-jupiter-engine\5.8.2\junit-jupiter-engine-5.8.2.jar;C:\Users\Bagas Dwi Saputra\.m2\repository\org\junit\jupiter\junit-jupiter-api\5.8.2\junit-jupiter-api-5.8.2.jar;C:\Users\Bagas Dwi Saputra\.m2\repository\org\junit\vintage\junit-vintage-engine\5.8.2\junit-vintage-engine-5.8.2.jar;C:\Users\Bagas Dwi Saputra\.m2\repository\junit\junit\4.13.2\junit-4.13.2.jar;C:\Users\Bagas Dwi Saputra\.m2\repository\org\hamcrest\hamcrest-core\1.3\hamcrest-core-1.3.jar;C:\Users\Bagas Dwi Saputra\.m2\repository\ch\qos\logback\logback-classic\1.2.11\logback-classic-1.2.11.jar;C:\Users\Bagas Dwi Saputra\.m2\repository\ch\qos\logback\logback-core\1.2.11\logback-core-1.2.11.jar;C:\Users\Bagas Dwi Saputra\.m2\repository\org\slf4j\slf4j-api\1.7.32\slf4j-api-1.7.32.jar;C:\Users\Bagas Dwi Saputra\.m2\repository\org\assertj\assertj-core\3.22.0\assertj-core-3.22.0.jar;C:\Users\Bagas Dwi Saputra\.m2\repository\net\serenity-bdd\serenity-rest-assured\3.2.1\serenity-rest-assured-3.2.1.jar;C:\Users\Bagas Dwi Saputra\.m2\repository\org\apache\httpcomponents\httpclient\4.5.13\httpclient-4.5.13.jar;C:\Users\Bagas Dwi Saputra\.m2\repository\org\apache\httpcomponents\httpcore\4.4.13\httpcore-4.4.13.jar;C:\Users\Bagas Dwi Saputra\.m2\repository\commons-logging\commons-logging\1.2\commons-logging-1.2.jar;C:\Users\Bagas Dwi Saputra\.m2\repository\org\codehaus\groovy\groovy-json\3.0.10\groovy-json-3.0.10.jar;C:\Users\Bagas Dwi Saputra\.m2\repository\org\opentest4j\opentest4j\1.2.0\opentest4j-1.2.0.jar;C:\Users\Bagas Dwi Saputra\.m2\repository\org\apache\maven\plugins\maven-surefire-plugin\3.0.0-M5\maven-surefire-plugin-3.0.0-M5.jar;C:\Users\Bagas Dwi Saputra\.m2\repository\org\apache\maven\surefire\maven-surefire-common\3.0.0-M5\maven-surefire-common-3.0.0-M5.jar;C:\Users\Bagas Dwi Saputra\.m2\repository\org\apache\maven\surefire\surefire-api\3.0.0-M5\surefire-api-3.0.0-M5.jar;C:\Users\Bagas Dwi Saputra\.m2\repository\org\apache\maven\surefire\surefire-logger-api\3.0.0-M5\surefire-logger-api-3.0.0-M5.jar;C:\Users\Bagas Dwi Saputra\.m2\repository\org\apache\maven\surefire\surefire-extensions-api\3.0.0-M5\surefire-extensions-api-3.0.0-M5.jar;C:\Users\Bagas Dwi Saputra\.m2\repository\org\apache\maven\surefire\surefire-booter\3.0.0-M5\surefire-booter-3.0.0-M5.jar;C:\Users\Bagas Dwi Saputra\.m2\repository\org\apache\maven\surefire\surefire-extensions-spi\3.0.0-M5\surefire-extensions-spi-3.0.0-M5.jar;C:\Users\Bagas Dwi Saputra\.m2\repository\org\apache\maven\maven-toolchain\3.0-alpha-2\maven-toolchain-3.0-alpha-2.jar;C:\Users\Bagas Dwi Saputra\.m2\repository\org\apache\maven\shared\maven-artifact-transfer\0.11.0\maven-artifact-transfer-0.11.0.jar;C:\Users\Bagas Dwi Saputra\.m2\repository\org\apache\maven\shared\maven-common-artifact-filters\3.0.1\maven-common-artifact-filters-3.0.1.jar;C:\Users\Bagas Dwi Saputra\.m2\repository\org\apache\maven\maven-model\3.0\maven-model-3.0.jar;C:\Users\Bagas Dwi Saputra\.m2\repository\org\apache\maven\maven-plugin-api\3.0\maven-plugin-api-3.0.jar;C:\Users\Bagas Dwi Saputra\.m2\repository\org\sonatype\sisu\sisu-inject-plexus\1.4.2\sisu-inject-plexus-1.4.2.jar;C:\Users\Bagas Dwi Saputra\.m2\repository\org\codehaus\plexus\plexus-classworlds\2.2.3\plexus-classworlds-2.2.3.jar;C:\Users\Bagas Dwi Saputra\.m2\repository\org\sonatype\sisu\sisu-inject-bean\1.4.2\sisu-inject-bean-1.4.2.jar;C:\Users\Bagas Dwi Saputra\.m2\repository\org\sonatype\sisu\sisu-guice\2.1.7\sisu-guice-2.1.7-noaop.jar;C:\Users\Bagas Dwi Saputra\.m2\repository\org\apache\maven\shared\maven-shared-utils\3.1.0\maven-shared-utils-3.1.0.jar;C:\Users\Bagas Dwi Saputra\.m2\repository\org\codehaus\plexus\plexus-java\1.0.5\plexus-java-1.0.5.jar;C:\Users\Bagas Dwi Saputra\.m2\repository\org\ow2\asm\asm\7.2\asm-7.2.jar;C:\Users\Bagas Dwi Saputra\.m2\repository\com\thoughtworks\qdox\qdox\2.0-M9\qdox-2.0-M9.jar;C:\Users\Bagas Dwi Saputra\.m2\repository\org\apache\maven\surefire\surefire-shared-utils\3.0.0-M4\surefire-shared-utils-3.0.0-M4.jar;C:\Users\Bagas Dwi Saputra\.m2\repository\io\rest-assured\rest-assured\4.5.1\rest-assured-4.5.1.jar;C:\Users\Bagas Dwi Saputra\.m2\repository\org\apache\httpcomponents\httpmime\4.5.13\httpmime-4.5.13.jar;C:\Users\Bagas Dwi Saputra\.m2\repository\org\hamcrest\hamcrest\2.1\hamcrest-2.1.jar;C:\Users\Bagas Dwi Saputra\.m2\repository\org\ccil\cowan\tagsoup\tagsoup\1.2.1\tagsoup-1.2.1.jar;C:\Users\Bagas Dwi Saputra\.m2\repository\io\rest-assured\json-path\4.5.1\json-path-4.5.1.jar;C:\Users\Bagas Dwi Saputra\.m2\repository\io\rest-assured\rest-assured-common\4.5.1\rest-assured-common-4.5.1.jar;C:\Users\Bagas Dwi Saputra\.m2\repository\io\rest-assured\xml-path\4.5.1\xml-path-4.5.1.jar;C:\Users\Bagas Dwi Saputra\.m2\repository\org\apache\commons\commons-lang3\3.11\commons-lang3-3.11.jar;C:\Users\Bagas Dwi Saputra\.m2\repository\org\codehaus\groovy\groovy\3.0.10\groovy-3.0.10.jar;C:\Users\Bagas Dwi Saputra\.m2\repository\org\codehaus\groovy\groovy-xml\3.0.10\groovy-xml-3.0.10.jar;C:\Users\Bagas Dwi Saputra\.m2\repository\com\googlecode\json-simple\json-simple\1.1.1\json-simple-1.1.1.jar;C:\Users\Bagas Dwi Saputra\.m2\repository\com\github\javafaker\javafaker\1.0.2\javafaker-1.0.2.jar;C:\Users\Bagas Dwi Saputra\.m2\repository\org\yaml\snakeyaml\1.23\snakeyaml-1.23-android.jar;C:\Users\Bagas Dwi Saputra\.m2\repository\com\github\mifmif\generex\1.0.2\generex-1.0.2.jar;C:\Users\Bagas Dwi Saputra\.m2\repository\dk\brics\automaton\automaton\1.11-8\automaton-1.11-8.jar;C:\Users\Bagas Dwi Saputra\.m2\repository\io\cucumber\cucumber-java\7.2.3\cucumber-java-7.2.3.jar;C:\Users\Bagas Dwi Saputra\.m2\repository\net\serenity-bdd\serenity-core\3.2.5\serenity-core-3.2.5.jar;C:\Users\Bagas Dwi Saputra\.m2\repository\net\serenity-bdd\serenity-reports\3.2.5\serenity-reports-3.2.5.jar;C:\Users\Bagas Dwi Saputra\.m2\repository\net\serenity-bdd\serenity-stats\3.2.5\serenity-stats-3.2.5.jar;C:\Users\Bagas Dwi Saputra\.m2\repository\net\serenity-bdd\serenity-reports-configuration\3.2.5\serenity-reports-configuration-3.2.5.jar;C:\Users\Bagas Dwi Saputra\.m2\repository\com\vladsch\flexmark\flexmark-all\0.34.30\flexmark-all-0.34.30.jar;C:\Users\Bagas Dwi Saputra\.m2\repository\com\vladsch\flexmark\flexmark\0.34.30\flexmark-0.34.30.jar;C:\Users\Bagas Dwi Saputra\.m2\repository\com\vladsch\flexmark\flexmark-ext-abbreviation\0.34.30\flexmark-ext-abbreviation-0.34.30.jar;C:\Users\Bagas Dwi Saputra\.m2\repository\com\vladsch\flexmark\flexmark-ext-admonition\0.34.30\flexmark-ext-admonition-0.34.30.jar;C:\Users\Bagas Dwi Saputra\.m2\repository\com\vladsch\flexmark\flexmark-ext-anchorlink\0.34.30\flexmark-ext-anchorlink-0.34.30.jar;C:\Users\Bagas Dwi Saputra\.m2\repository\com\vladsch\flexmark\flexmark-ext-aside\0.34.30\flexmark-ext-aside-0.34.30.jar;C:\Users\Bagas Dwi Saputra\.m2\repository\com\vladsch\flexmark\flexmark-ext-attributes\0.34.30\flexmark-ext-attributes-0.34.30.jar;C:\Users\Bagas Dwi Saputra\.m2\repository\com\vladsch\flexmark\flexmark-ext-autolink\0.34.30\flexmark-ext-autolink-0.34.30.jar;C:\Users\Bagas Dwi Saputra\.m2\repository\org\nibor\autolink\autolink\0.6.0\autolink-0.6.0.jar;C:\Users\Bagas Dwi Saputra\.m2\repository\com\vladsch\flexmark\flexmark-ext-definition\0.34.30\flexmark-ext-definition-0.34.30.jar;C:\Users\Bagas Dwi Saputra\.m2\repository\com\vladsch\flexmark\flexmark-ext-emoji\0.34.30\flexmark-ext-emoji-0.34.30.jar;C:\Users\Bagas Dwi Saputra\.m2\repository\com\vladsch\flexmark\flexmark-ext-enumerated-reference\0.34.30\flexmark-ext-enumerated-reference-0.34.30.jar;C:\Users\Bagas Dwi Saputra\.m2\repository\com\vladsch\flexmark\flexmark-ext-escaped-character\0.34.30\flexmark-ext-escaped-character-0.34.30.jar;C:\Users\Bagas Dwi Saputra\.m2\repository\com\vladsch\flexmark\flexmark-ext-footnotes\0.34.30\flexmark-ext-footnotes-0.34.30.jar;C:\Users\Bagas Dwi Saputra\.m2\repository\com\vladsch\flexmark\flexmark-ext-gfm-issues\0.34.30\flexmark-ext-gfm-issues-0.34.30.jar;C:\Users\Bagas Dwi Saputra\.m2\repository\com\vladsch\flexmark\flexmark-ext-gfm-strikethrough\0.34.30\flexmark-ext-gfm-strikethrough-0.34.30.jar;C:\Users\Bagas Dwi Saputra\.m2\repository\com\vladsch\flexmark\flexmark-ext-gfm-tables\0.34.30\flexmark-ext-gfm-tables-0.34.30.jar;C:\Users\Bagas Dwi Saputra\.m2\repository\com\vladsch\flexmark\flexmark-ext-gfm-tasklist\0.34.30\flexmark-ext-gfm-tasklist-0.34.30.jar;C:\Users\Bagas Dwi Saputra\.m2\repository\com\vladsch\flexmark\flexmark-ext-gfm-users\0.34.30\flexmark-ext-gfm-users-0.34.30.jar;C:\Users\Bagas Dwi Saputra\.m2\repository\com\vladsch\flexmark\flexmark-ext-gitlab\0.34.30\flexmark-ext-gitlab-0.34.30.jar;C:\Users\Bagas Dwi Saputra\.m2\repository\com\vladsch\flexmark\flexmark-ext-jekyll-front-matter\0.34.30\flexmark-ext-jekyll-front-matter-0.34.30.jar;C:\Users\Bagas Dwi Saputra\.m2\repository\com\vladsch\flexmark\flexmark-ext-jekyll-tag\0.34.30\flexmark-ext-jekyll-tag-0.34.30.jar;C:\Users\Bagas Dwi Saputra\.m2\repository\com\vladsch\flexmark\flexmark-ext-media-tags\0.34.30\flexmark-ext-media-tags-0.34.30.jar;C:\Users\Bagas Dwi Saputra\.m2\repository\com\vladsch\flexmark\flexmark-test-util\0.34.30\flexmark-test-util-0.34.30.jar;C:\Users\Bagas Dwi Saputra\.m2\repository\com\vladsch\flexmark\flexmark-ext-ins\0.34.30\flexmark-ext-ins-0.34.30.jar;C:\Users\Bagas Dwi Saputra\.m2\repository\com\vladsch\flexmark\flexmark-ext-xwiki-macros\0.34.30\flexmark-ext-xwiki-macros-0.34.30.jar;C:\Users\Bagas Dwi Saputra\.m2\repository\com\vladsch\flexmark\flexmark-ext-superscript\0.34.30\flexmark-ext-superscript-0.34.30.jar;C:\Users\Bagas Dwi Saputra\.m2\repository\com\vladsch\flexmark\flexmark-ext-tables\0.34.30\flexmark-ext-tables-0.34.30.jar;C:\Users\Bagas Dwi Saputra\.m2\repository\com\vladsch\flexmark\flexmark-ext-toc\0.34.30\flexmark-ext-toc-0.34.30.jar;C:\Users\Bagas Dwi Saputra\.m2\repository\com\vladsch\flexmark\flexmark-ext-typographic\0.34.30\flexmark-ext-typographic-0.34.30.jar;C:\Users\Bagas Dwi Saputra\.m2\repository\com\vladsch\flexmark\flexmark-ext-wikilink\0.34.30\flexmark-ext-wikilink-0.34.30.jar;C:\Users\Bagas Dwi Saputra\.m2\repository\com\vladsch\flexmark\flexmark-ext-yaml-front-matter\0.34.30\flexmark-ext-yaml-front-matter-0.34.30.jar;C:\Users\Bagas Dwi Saputra\.m2\repository\com\vladsch\flexmark\flexmark-ext-youtube-embedded\0.34.30\flexmark-ext-youtube-embedded-0.34.30.jar;C:\Users\Bagas Dwi Saputra\.m2\repository\com\vladsch\flexmark\flexmark-formatter\0.34.30\flexmark-formatter-0.34.30.jar;C:\Users\Bagas Dwi Saputra\.m2\repository\com\vladsch\flexmark\flexmark-html-parser\0.34.30\flexmark-html-parser-0.34.30.jar;C:\Users\Bagas Dwi Saputra\.m2\repository\com\vladsch\flexmark\flexmark-jira-converter\0.34.30\flexmark-jira-converter-0.34.30.jar;C:\Users\Bagas Dwi Saputra\.m2\repository\com\vladsch\flexmark\flexmark-pdf-converter\0.34.30\flexmark-pdf-converter-0.34.30.jar;C:\Users\Bagas Dwi Saputra\.m2\repository\com\openhtmltopdf\openhtmltopdf-core\0.0.1-RC13\openhtmltopdf-core-0.0.1-RC13.jar;C:\Users\Bagas Dwi Saputra\.m2\repository\com\openhtmltopdf\openhtmltopdf-pdfbox\0.0.1-RC13\openhtmltopdf-pdfbox-0.0.1-RC13.jar;C:\Users\Bagas Dwi Saputra\.m2\repository\org\apache\pdfbox\pdfbox\2.0.8\pdfbox-2.0.8.jar;C:\Users\Bagas Dwi Saputra\.m2\repository\org\apache\pdfbox\fontbox\2.0.8\fontbox-2.0.8.jar;C:\Users\Bagas Dwi Saputra\.m2\repository\org\apache\pdfbox\xmpbox\2.0.8\xmpbox-2.0.8.jar;C:\Users\Bagas Dwi Saputra\.m2\repository\de\rototor\pdfbox\graphics2d\0.12\graphics2d-0.12.jar;C:\Users\Bagas Dwi Saputra\.m2\repository\com\openhtmltopdf\openhtmltopdf-rtl-support\0.0.1-RC13\openhtmltopdf-rtl-support-0.0.1-RC13.jar;C:\Users\Bagas Dwi Saputra\.m2\repository\com\ibm\icu\icu4j\59.1\icu4j-59.1.jar;C:\Users\Bagas Dwi Saputra\.m2\repository\com\openhtmltopdf\openhtmltopdf-jsoup-dom-converter\0.0.1-RC13\openhtmltopdf-jsoup-dom-converter-0.0.1-RC13.jar;C:\Users\Bagas Dwi Saputra\.m2\repository\com\vladsch\flexmark\flexmark-profile-pegdown\0.34.30\flexmark-profile-pegdown-0.34.30.jar;C:\Users\Bagas Dwi Saputra\.m2\repository\com\vladsch\flexmark\flexmark-util\0.34.30\flexmark-util-0.34.30.jar;C:\Users\Bagas Dwi Saputra\.m2\repository\com\vladsch\flexmark\flexmark-youtrack-converter\0.34.30\flexmark-youtrack-converter-0.34.30.jar;C:\Users\Bagas Dwi Saputra\.m2\repository\es\nitaur\markdown\txtmark\0.16\txtmark-0.16.jar;C:\Users\Bagas Dwi Saputra\.m2\repository\net\serenity-bdd\serenity-report-resources\3.2.5\serenity-report-resources-3.2.5.jar;C:\Users\Bagas Dwi Saputra\.m2\repository\com\google\code\gson\gson\2.9.0\gson-2.9.0.jar;C:\Users\Bagas Dwi Saputra\.m2\repository\com\fasterxml\jackson\core\jackson-core\2.13.2\jackson-core-2.13.2.jar;C:\Users\Bagas Dwi Saputra\.m2\repository\com\fasterxml\jackson\core\jackson-databind\2.13.2\jackson-databind-2.13.2.jar;C:\Users\Bagas Dwi Saputra\.m2\repository\com\fasterxml\jackson\core\jackson-annotations\2.13.2\jackson-annotations-2.13.2.jar;C:\Users\Bagas Dwi Saputra\.m2\repository\commons-codec\commons-codec\1.15\commons-codec-1.15.jar;C:\Users\Bagas Dwi Saputra\.m2\repository\commons-io\commons-io\2.11.0\commons-io-2.11.0.jar;C:\Users\Bagas Dwi Saputra\.m2\repository\org\seleniumhq\selenium\selenium-java\4.1.4\selenium-java-4.1.4.jar;C:\Users\Bagas Dwi Saputra\.m2\repository\org\seleniumhq\selenium\selenium-devtools-v100\4.1.4\selenium-devtools-v100-4.1.4.jar;C:\Users\Bagas Dwi Saputra\.m2\repository\org\seleniumhq\selenium\selenium-devtools-v101\4.1.4\selenium-devtools-v101-4.1.4.jar;C:\Users\Bagas Dwi Saputra\.m2\repository\org\seleniumhq\selenium\selenium-devtools-v85\4.1.4\selenium-devtools-v85-4.1.4.jar;C:\Users\Bagas Dwi Saputra\.m2\repository\org\seleniumhq\selenium\selenium-devtools-v99\4.1.4\selenium-devtools-v99-4.1.4.jar;C:\Users\Bagas Dwi Saputra\.m2\repository\org\seleniumhq\selenium\selenium-opera-driver\4.1.4\selenium-opera-driver-4.1.4.jar;C:\Users\Bagas Dwi Saputra\.m2\repository\org\seleniumhq\selenium\selenium-remote-driver\4.1.4\selenium-remote-driver-4.1.4.jar;C:\Users\Bagas Dwi Saputra\.m2\repository\com\beust\jcommander\1.82\jcommander-1.82.jar;C:\Users\Bagas Dwi Saputra\.m2\repository\io\netty\netty-buffer\4.1.76.Final\netty-buffer-4.1.76.Final.jar;C:\Users\Bagas Dwi Saputra\.m2\repository\io\netty\netty-codec-http\4.1.76.Final\netty-codec-http-4.1.76.Final.jar;C:\Users\Bagas Dwi Saputra\.m2\repository\io\netty\netty-codec\4.1.76.Final\netty-codec-4.1.76.Final.jar;C:\Users\Bagas Dwi Saputra\.m2\repository\io\netty\netty-handler\4.1.76.Final\netty-handler-4.1.76.Final.jar;C:\Users\Bagas Dwi Saputra\.m2\repository\io\netty\netty-common\4.1.76.Final\netty-common-4.1.76.Final.jar;C:\Users\Bagas Dwi Saputra\.m2\repository\io\netty\netty-transport-classes-epoll\4.1.76.Final\netty-transport-classes-epoll-4.1.76.Final.jar;C:\Users\Bagas Dwi Saputra\.m2\repository\io\netty\netty-transport-classes-kqueue\4.1.76.Final\netty-transport-classes-kqueue-4.1.76.Final.jar;C:\Users\Bagas Dwi Saputra\.m2\repository\io\netty\netty-transport-native-epoll\4.1.76.Final\netty-transport-native-epoll-4.1.76.Final.jar;C:\Users\Bagas Dwi Saputra\.m2\repository\io\netty\netty-transport-native-kqueue\4.1.76.Final\netty-transport-native-kqueue-4.1.76.Final.jar;C:\Users\Bagas Dwi Saputra\.m2\repository\io\netty\netty-transport-native-unix-common\4.1.76.Final\netty-transport-native-unix-common-4.1.76.Final.jar;C:\Users\Bagas Dwi Saputra\.m2\repository\io\netty\netty-transport\4.1.76.Final\netty-transport-4.1.76.Final.jar;C:\Users\Bagas Dwi Saputra\.m2\repository\io\netty\netty-resolver\4.1.76.Final\netty-resolver-4.1.76.Final.jar;C:\Users\Bagas Dwi Saputra\.m2\repository\io\opentelemetry\opentelemetry-api\1.13.0\opentelemetry-api-1.13.0.jar;C:\Users\Bagas Dwi Saputra\.m2\repository\io\opentelemetry\opentelemetry-context\1.13.0\opentelemetry-context-1.13.0.jar;C:\Users\Bagas Dwi Saputra\.m2\repository\io\opentelemetry\opentelemetry-exporter-logging\1.13.0\opentelemetry-exporter-logging-1.13.0.jar;C:\Users\Bagas Dwi Saputra\.m2\repository\io\opentelemetry\opentelemetry-sdk-metrics\1.13.0-alpha\opentelemetry-sdk-metrics-1.13.0-alpha.jar;C:\Users\Bagas Dwi Saputra\.m2\repository\io\opentelemetry\opentelemetry-sdk-logs\1.13.0-alpha\opentelemetry-sdk-logs-1.13.0-alpha.jar;C:\Users\Bagas Dwi Saputra\.m2\repository\io\opentelemetry\opentelemetry-sdk-common\1.13.0\opentelemetry-sdk-common-1.13.0.jar;C:\Users\Bagas Dwi Saputra\.m2\repository\io\opentelemetry\opentelemetry-sdk-extension-autoconfigure-spi\1.13.0\opentelemetry-sdk-extension-autoconfigure-spi-1.13.0.jar;C:\Users\Bagas Dwi Saputra\.m2\repository\io\opentelemetry\opentelemetry-sdk-extension-autoconfigure\1.13.0-alpha\opentelemetry-sdk-extension-autoconfigure-1.13.0-alpha.jar;C:\Users\Bagas Dwi Saputra\.m2\repository\io\opentelemetry\opentelemetry-sdk-trace\1.13.0\opentelemetry-sdk-trace-1.13.0.jar;C:\Users\Bagas Dwi Saputra\.m2\repository\io\opentelemetry\opentelemetry-sdk\1.13.0\opentelemetry-sdk-1.13.0.jar;C:\Users\Bagas Dwi Saputra\.m2\repository\io\opentelemetry\opentelemetry-semconv\1.13.0-alpha\opentelemetry-semconv-1.13.0-alpha.jar;C:\Users\Bagas Dwi Saputra\.m2\repository\io\ous\jtoml\2.0.0\jtoml-2.0.0.jar;C:\Users\Bagas Dwi Saputra\.m2\repository\org\apache\commons\commons-exec\1.3\commons-exec-1.3.jar;C:\Users\Bagas Dwi Saputra\.m2\repository\org\asynchttpclient\async-http-client\2.12.3\async-http-client-2.12.3.jar;C:\Users\Bagas Dwi Saputra\.m2\repository\org\asynchttpclient\async-http-client-netty-utils\2.12.3\async-http-client-netty-utils-2.12.3.jar;C:\Users\Bagas Dwi Saputra\.m2\repository\io\netty\netty-codec-socks\4.1.60.Final\netty-codec-socks-4.1.60.Final.jar;C:\Users\Bagas Dwi Saputra\.m2\repository\io\netty\netty-handler-proxy\4.1.60.Final\netty-handler-proxy-4.1.60.Final.jar;C:\Users\Bagas Dwi Saputra\.m2\repository\io\netty\netty-transport-native-epoll\4.1.60.Final\netty-transport-native-epoll-4.1.60.Final-linux-x86_64.jar;C:\Users\Bagas Dwi Saputra\.m2\repository\io\netty\netty-transport-native-kqueue\4.1.60.Final\netty-transport-native-kqueue-4.1.60.Final-osx-x86_64.jar;C:\Users\Bagas Dwi Saputra\.m2\repository\org\reactivestreams\reactive-streams\1.0.3\reactive-streams-1.0.3.jar;C:\Users\Bagas Dwi Saputra\.m2\repository\com\typesafe\netty\netty-reactive-streams\2.0.4\netty-reactive-streams-2.0.4.jar;C:\Users\Bagas Dwi Saputra\.m2\repository\org\seleniumhq\selenium\selenium-http\4.1.4\selenium-http-4.1.4.jar;C:\Users\Bagas Dwi Saputra\.m2\repository\dev\failsafe\failsafe\3.2.3\failsafe-3.2.3.jar;C:\Users\Bagas Dwi Saputra\.m2\repository\org\seleniumhq\selenium\selenium-safari-driver\4.1.4\selenium-safari-driver-4.1.4.jar;C:\Users\Bagas Dwi Saputra\.m2\repository\org\seleniumhq\selenium\selenium-api\4.1.4\selenium-api-4.1.4.jar;C:\Users\Bagas Dwi Saputra\.m2\repository\org\seleniumhq\selenium\selenium-support\4.1.4\selenium-support-4.1.4.jar;C:\Users\Bagas Dwi Saputra\.m2\repository\com\google\auto\service\auto-service-annotations\1.0.1\auto-service-annotations-1.0.1.jar;C:\Users\Bagas Dwi Saputra\.m2\repository\com\google\auto\service\auto-service\1.0.1\auto-service-1.0.1.jar;C:\Users\Bagas Dwi Saputra\.m2\repository\com\google\auto\auto-common\1.2\auto-common-1.2.jar;C:\Users\Bagas Dwi Saputra\.m2\repository\org\seleniumhq\selenium\selenium-json\4.1.4\selenium-json-4.1.4.jar;C:\Users\Bagas Dwi Saputra\.m2\repository\org\seleniumhq\selenium\selenium-chrome-driver\4.1.4\selenium-chrome-driver-4.1.4.jar;C:\Users\Bagas Dwi Saputra\.m2\repository\org\seleniumhq\selenium\selenium-chromium-driver\4.1.4\selenium-chromium-driver-4.1.4.jar;C:\Users\Bagas Dwi Saputra\.m2\repository\org\seleniumhq\selenium\selenium-firefox-driver\4.1.4\selenium-firefox-driver-4.1.4.jar;C:\Users\Bagas Dwi Saputra\.m2\repository\org\seleniumhq\selenium\selenium-edge-driver\4.1.4\selenium-edge-driver-4.1.4.jar;C:\Users\Bagas Dwi Saputra\.m2\repository\org\seleniumhq\selenium\selenium-ie-driver\4.1.4\selenium-ie-driver-4.1.4.jar;C:\Users\Bagas Dwi Saputra\.m2\repository\org\projectlombok\lombok\1.18.20\lombok-1.18.20.jar;C:\Users\Bagas Dwi Saputra\.m2\repository\io\appium\java-client\8.0.0\java-client-8.0.0.jar;C:\Users\Bagas Dwi Saputra\.m2\repository\commons-validator\commons-validator\1.7\commons-validator-1.7.jar;C:\Users\Bagas Dwi Saputra\.m2\repository\commons-digester\commons-digester\2.1\commons-digester-2.1.jar;C:\Users\Bagas Dwi Saputra\.m2\repository\org\aspectj\aspectjweaver\1.9.8\aspectjweaver-1.9.8.jar;C:\Users\Bagas Dwi Saputra\.m2\repository\org\apache\groovy\groovy\4.0.1\groovy-4.0.1.jar;C:\Users\Bagas Dwi Saputra\.m2\repository\net\sf\opencsv\opencsv\2.0\opencsv-2.0.jar;C:\Users\Bagas Dwi Saputra\.m2\repository\commons-beanutils\commons-beanutils\1.9.4\commons-beanutils-1.9.4.jar;C:\Users\Bagas Dwi Saputra\.m2\repository\commons-collections\commons-collections\3.2.2\commons-collections-3.2.2.jar;C:\Users\Bagas Dwi Saputra\.m2\repository\org\fluentlenium\fluentlenium-core\0.10.2\fluentlenium-core-0.10.2.jar;C:\Users\Bagas Dwi Saputra\.m2\repository\io\github\bonigarcia\webdrivermanager\5.1.0\webdrivermanager-5.1.0.jar;C:\Users\Bagas Dwi Saputra\.m2\repository\com\github\docker-java\docker-java\3.2.13\docker-java-3.2.13.jar;C:\Users\Bagas Dwi Saputra\.m2\repository\com\github\docker-java\docker-java-core\3.2.13\docker-java-core-3.2.13.jar;C:\Users\Bagas Dwi Saputra\.m2\repository\com\github\docker-java\docker-java-api\3.2.13\docker-java-api-3.2.13.jar;C:\Users\Bagas Dwi Saputra\.m2\repository\org\apache\commons\commons-compress\1.21\commons-compress-1.21.jar;C:\Users\Bagas Dwi Saputra\.m2\repository\org\bouncycastle\bcpkix-jdk15on\1.64\bcpkix-jdk15on-1.64.jar;C:\Users\Bagas Dwi Saputra\.m2\repository\org\bouncycastle\bcprov-jdk15on\1.64\bcprov-jdk15on-1.64.jar;C:\Users\Bagas Dwi Saputra\.m2\repository\org\slf4j\jcl-over-slf4j\1.7.30\jcl-over-slf4j-1.7.30.jar;C:\Users\Bagas Dwi Saputra\.m2\repository\com\github\docker-java\docker-java-transport-httpclient5\3.2.13\docker-java-transport-httpclient5-3.2.13.jar;C:\Users\Bagas Dwi Saputra\.m2\repository\com\github\docker-java\docker-java-transport\3.2.13\docker-java-transport-3.2.13.jar;C:\Users\Bagas Dwi Saputra\.m2\repository\org\apache\httpcomponents\client5\httpclient5\5.0.3\httpclient5-5.0.3.jar;C:\Users\Bagas Dwi Saputra\.m2\repository\org\apache\httpcomponents\core5\httpcore5\5.0.2\httpcore5-5.0.2.jar;C:\Users\Bagas Dwi Saputra\.m2\repository\net\java\dev\jna\jna\5.8.0\jna-5.8.0.jar;C:\Users\Bagas Dwi Saputra\.m2\repository\org\brotli\dec\0.1.2\dec-0.1.2.jar;C:\Users\Bagas Dwi Saputra\.m2\repository\com\jhlabs\filters\2.0.235\filters-2.0.235.jar;C:\Users\Bagas Dwi Saputra\.m2\repository\com\paulhammant\ngwebdriver\1.1.6\ngwebdriver-1.1.6.jar;C:\Users\Bagas Dwi Saputra\.m2\repository\joda-time\joda-time\2.8.2\joda-time-2.8.2.jar;C:\Users\Bagas Dwi Saputra\.m2\repository\com\google\jimfs\jimfs\1.2\jimfs-1.2.jar;C:\Users\Bagas Dwi Saputra\.m2\repository\org\mockito\mockito-core\3.3.3\mockito-core-3.3.3.jar;C:\Users\Bagas Dwi Saputra\.m2\repository\javax\xml\bind\jaxb-api\2.3.1\jaxb-api-2.3.1.jar;C:\Users\Bagas Dwi Saputra\.m2\repository\javax\activation\javax.activation-api\1.2.0\javax.activation-api-1.2.0.jar;C:\Users\Bagas Dwi Saputra\.m2\repository\com\sun\xml\bind\jaxb-core\2.3.0.1\jaxb-core-2.3.0.1.jar;C:\Users\Bagas Dwi Saputra\.m2\repository\com\sun\xml\bind\jaxb-impl\2.3.3\jaxb-impl-2.3.3.jar;C:\Users\Bagas Dwi Saputra\.m2\repository\jakarta\xml\bind\jakarta.xml.bind-api\2.3.3\jakarta.xml.bind-api-2.3.3.jar;C:\Users\Bagas Dwi Saputra\.m2\repository\com\sun\activation\jakarta.activation\1.2.2\jakarta.activation-1.2.2.jar;C:\Users\Bagas Dwi Saputra\.m2\repository\javax\activation\activation\1.1.1\activation-1.1.1.jar;"/>
    <property name="sun.cpu.endian" value="little"/>
    <property name="user.home" value="C:\Users\Bagas Dwi Saputra"/>
    <property name="user.language" value="en"/>
    <property name="java.specification.vendor" value="Oracle Corporation"/>
    <property name="jdk.module.path" value="C:\Alterra\CapstoneBaru\QE\TestingWebUpdate\target\TestingWeb-1.0-SNAPSHOT.jar"/>
    <property name="java.version.date" value="2022-04-19"/>
    <property name="java.home" value="C:\Program Files\jdk\jdk-11.0.15"/>
    <property name="tags" value="@Login111"/>
    <property name="file.separator" value="\"/>
    <property name="basedir" value="C:\Alterra\CapstoneBaru\QE\TestingWebUpdate"/>
    <property name="java.vm.compressedOopsMode" value="Zero based"/>
    <property name="line.separator" value="&#10;"/>
    <property name="java.specification.name" value="Java Platform API Specification"/>
    <property name="java.vm.specification.vendor" value="Oracle Corporation"/>
    <property name="java.awt.graphicsenv" value="sun.awt.Win32GraphicsEnvironment"/>
    <property name="surefire.real.class.path" value="C:\Users\Bagas Dwi Saputra\.m2\repository\org\apache\maven\surefire\surefire-booter\3.0.0-M5\surefire-booter-3.0.0-M5.jar;C:\Users\Bagas Dwi Saputra\.m2\repository\org\apache\maven\surefire\surefire-api\3.0.0-M5\surefire-api-3.0.0-M5.jar;C:\Users\Bagas Dwi Saputra\.m2\repository\org\apache\maven\surefire\surefire-logger-api\3.0.0-M5\surefire-logger-api-3.0.0-M5.jar;C:\Users\Bagas Dwi Saputra\.m2\repository\org\apache\maven\surefire\surefire-shared-utils\3.0.0-M4\surefire-shared-utils-3.0.0-M4.jar;C:\Users\Bagas Dwi Saputra\.m2\repository\org\apache\maven\surefire\surefire-extensions-spi\3.0.0-M5\surefire-extensions-spi-3.0.0-M5.jar;C:\Alterra\CapstoneBaru\QE\TestingWebUpdate\target\test-classes;C:\Users\Bagas Dwi Saputra\.m2\repository\net\serenity-bdd\serenity-cucumber\3.2.1\serenity-cucumber-3.2.1.jar;C:\Users\Bagas Dwi Saputra\.m2\repository\net\serenity-bdd\serenity-model\3.2.1\serenity-model-3.2.1.jar;C:\Users\Bagas Dwi Saputra\.m2\repository\org\apache\commons\commons-text\1.9\commons-text-1.9.jar;C:\Users\Bagas Dwi Saputra\.m2\repository\commons-net\commons-net\3.8.0\commons-net-3.8.0.jar;C:\Users\Bagas Dwi Saputra\.m2\repository\com\google\guava\guava\31.1-jre\guava-31.1-jre.jar;C:\Users\Bagas Dwi Saputra\.m2\repository\com\google\guava\failureaccess\1.0.1\failureaccess-1.0.1.jar;C:\Users\Bagas Dwi Saputra\.m2\repository\com\google\guava\listenablefuture\9999.0-empty-to-avoid-conflict-with-guava\listenablefuture-9999.0-empty-to-avoid-conflict-with-guava.jar;C:\Users\Bagas Dwi Saputra\.m2\repository\com\google\code\findbugs\jsr305\3.0.2\jsr305-3.0.2.jar;C:\Users\Bagas Dwi Saputra\.m2\repository\org\checkerframework\checker-qual\3.12.0\checker-qual-3.12.0.jar;C:\Users\Bagas Dwi Saputra\.m2\repository\com\google\errorprone\error_prone_annotations\2.11.0\error_prone_annotations-2.11.0.jar;C:\Users\Bagas Dwi Saputra\.m2\repository\com\google\j2objc\j2objc-annotations\1.3\j2objc-annotations-1.3.jar;C:\Users\Bagas Dwi Saputra\.m2\repository\com\google\inject\guice\5.1.0\guice-5.1.0.jar;C:\Users\Bagas Dwi Saputra\.m2\repository\javax\inject\javax.inject\1\javax.inject-1.jar;C:\Users\Bagas Dwi Saputra\.m2\repository\aopalliance\aopalliance\1.0\aopalliance-1.0.jar;C:\Users\Bagas Dwi Saputra\.m2\repository\org\jsoup\jsoup\1.14.3\jsoup-1.14.3.jar;C:\Users\Bagas Dwi Saputra\.m2\repository\com\thoughtworks\xstream\xstream\1.4.19\xstream-1.4.19.jar;C:\Users\Bagas Dwi Saputra\.m2\repository\io\github\x-stream\mxparser\1.2.2\mxparser-1.2.2.jar;C:\Users\Bagas Dwi Saputra\.m2\repository\xmlpull\xmlpull\1.1.3.1\xmlpull-1.1.3.1.jar;C:\Users\Bagas Dwi Saputra\.m2\repository\com\typesafe\config\1.4.2\config-1.4.2.jar;C:\Users\Bagas Dwi Saputra\.m2\repository\org\imgscalr\imgscalr-lib\4.2\imgscalr-lib-4.2.jar;C:\Users\Bagas Dwi Saputra\.m2\repository\org\awaitility\awaitility\4.2.0\awaitility-4.2.0.jar;C:\Users\Bagas Dwi Saputra\.m2\repository\org\freemarker\freemarker\2.3.31\freemarker-2.3.31.jar;C:\Users\Bagas Dwi Saputra\.m2\repository\io\github\classgraph\classgraph\4.8.138\classgraph-4.8.138.jar;C:\Users\Bagas Dwi Saputra\.m2\repository\net\sourceforge\jexcelapi\jxl\2.6.12\jxl-2.6.12.jar;C:\Users\Bagas Dwi Saputra\.m2\repository\net\bytebuddy\byte-buddy\1.12.8\byte-buddy-1.12.8.jar;C:\Users\Bagas Dwi Saputra\.m2\repository\net\bytebuddy\byte-buddy-agent\1.12.8\byte-buddy-agent-1.12.8.jar;C:\Users\Bagas Dwi Saputra\.m2\repository\org\objenesis\objenesis\3.1\objenesis-3.1.jar;C:\Users\Bagas Dwi Saputra\.m2\repository\io\cucumber\cucumber-core\7.2.3\cucumber-core-7.2.3.jar;C:\Users\Bagas Dwi Saputra\.m2\repository\io\cucumber\cucumber-gherkin\7.2.3\cucumber-gherkin-7.2.3.jar;C:\Users\Bagas Dwi Saputra\.m2\repository\io\cucumber\cucumber-gherkin-messages\7.2.3\cucumber-gherkin-messages-7.2.3.jar;C:\Users\Bagas Dwi Saputra\.m2\repository\io\cucumber\messages\17.1.1\messages-17.1.1.jar;C:\Users\Bagas Dwi Saputra\.m2\repository\io\cucumber\tag-expressions\4.1.0\tag-expressions-4.1.0.jar;C:\Users\Bagas Dwi Saputra\.m2\repository\io\cucumber\cucumber-expressions\15.0.1\cucumber-expressions-15.0.1.jar;C:\Users\Bagas Dwi Saputra\.m2\repository\io\cucumber\datatable\7.2.3\datatable-7.2.3.jar;C:\Users\Bagas Dwi Saputra\.m2\repository\io\cucumber\cucumber-plugin\7.2.3\cucumber-plugin-7.2.3.jar;C:\Users\Bagas Dwi Saputra\.m2\repository\io\cucumber\docstring\7.2.3\docstring-7.2.3.jar;C:\Users\Bagas Dwi Saputra\.m2\repository\io\cucumber\html-formatter\17.0.0\html-formatter-17.0.0.jar;C:\Users\Bagas Dwi Saputra\.m2\repository\io\cucumber\ci-environment\8.1.0\ci-environment-8.1.0.jar;C:\Users\Bagas Dwi Saputra\.m2\repository\io\cucumber\cucumber-junit\7.2.3\cucumber-junit-7.2.3.jar;C:\Users\Bagas Dwi Saputra\.m2\repository\org\apache\commons\commons-csv\1.5\commons-csv-1.5.jar;C:\Users\Bagas Dwi Saputra\.m2\repository\net\serenity-bdd\serenity-screenplay\3.2.1\serenity-screenplay-3.2.1.jar;C:\Users\Bagas Dwi Saputra\.m2\repository\net\serenity-bdd\serenity-screenplay-webdriver\3.2.1\serenity-screenplay-webdriver-3.2.1.jar;C:\Users\Bagas Dwi Saputra\.m2\repository\net\serenity-bdd\serenity-ensure\3.2.1\serenity-ensure-3.2.1.jar;C:\Users\Bagas Dwi Saputra\.m2\repository\net\serenity-bdd\serenity-junit\3.2.1\serenity-junit-3.2.1.jar;C:\Users\Bagas Dwi Saputra\.m2\repository\org\jetbrains\kotlin\kotlin-stdlib\1.6.0\kotlin-stdlib-1.6.0.jar;C:\Users\Bagas Dwi Saputra\.m2\repository\org\jetbrains\annotations\13.0\annotations-13.0.jar;C:\Users\Bagas Dwi Saputra\.m2\repository\org\jetbrains\kotlin\kotlin-stdlib-common\1.6.0\kotlin-stdlib-common-1.6.0.jar;C:\Users\Bagas Dwi Saputra\.m2\repository\org\junit\platform\junit-platform-launcher\1.8.2\junit-platform-launcher-1.8.2.jar;C:\Users\Bagas Dwi Saputra\.m2\repository\org\junit\platform\junit-platform-engine\1.8.2\junit-platform-engine-1.8.2.jar;C:\Users\Bagas Dwi Saputra\.m2\repository\org\junit\platform\junit-platform-commons\1.8.2\junit-platform-commons-1.8.2.jar;C:\Users\Bagas Dwi Saputra\.m2\repository\org\apiguardian\apiguardian-api\1.1.2\apiguardian-api-1.1.2.jar;C:\Users\Bagas Dwi Saputra\.m2\repository\org\junit\jupiter\junit-jupiter-engine\5.8.2\junit-jupiter-engine-5.8.2.jar;C:\Users\Bagas Dwi Saputra\.m2\repository\org\junit\jupiter\junit-jupiter-api\5.8.2\junit-jupiter-api-5.8.2.jar;C:\Users\Bagas Dwi Saputra\.m2\repository\org\junit\vintage\junit-vintage-engine\5.8.2\junit-vintage-engine-5.8.2.jar;C:\Users\Bagas Dwi Saputra\.m2\repository\junit\junit\4.13.2\junit-4.13.2.jar;C:\Users\Bagas Dwi Saputra\.m2\repository\org\hamcrest\hamcrest-core\1.3\hamcrest-core-1.3.jar;C:\Users\Bagas Dwi Saputra\.m2\repository\ch\qos\logback\logback-classic\1.2.11\logback-classic-1.2.11.jar;C:\Users\Bagas Dwi Saputra\.m2\repository\ch\qos\logback\logback-core\1.2.11\logback-core-1.2.11.jar;C:\Users\Bagas Dwi Saputra\.m2\repository\org\slf4j\slf4j-api\1.7.32\slf4j-api-1.7.32.jar;C:\Users\Bagas Dwi Saputra\.m2\repository\org\assertj\assertj-core\3.22.0\assertj-core-3.22.0.jar;C:\Users\Bagas Dwi Saputra\.m2\repository\net\serenity-bdd\serenity-rest-assured\3.2.1\serenity-rest-assured-3.2.1.jar;C:\Users\Bagas Dwi Saputra\.m2\repository\org\apache\httpcomponents\httpclient\4.5.13\httpclient-4.5.13.jar;C:\Users\Bagas Dwi Saputra\.m2\repository\org\apache\httpcomponents\httpcore\4.4.13\httpcore-4.4.13.jar;C:\Users\Bagas Dwi Saputra\.m2\repository\commons-logging\commons-logging\1.2\commons-logging-1.2.jar;C:\Users\Bagas Dwi Saputra\.m2\repository\org\codehaus\groovy\groovy-json\3.0.10\groovy-json-3.0.10.jar;C:\Users\Bagas Dwi Saputra\.m2\repository\org\opentest4j\opentest4j\1.2.0\opentest4j-1.2.0.jar;C:\Users\Bagas Dwi Saputra\.m2\repository\org\apache\maven\plugins\maven-surefire-plugin\3.0.0-M5\maven-surefire-plugin-3.0.0-M5.jar;C:\Users\Bagas Dwi Saputra\.m2\repository\org\apache\maven\surefire\maven-surefire-common\3.0.0-M5\maven-surefire-common-3.0.0-M5.jar;C:\Users\Bagas Dwi Saputra\.m2\repository\org\apache\maven\surefire\surefire-extensions-api\3.0.0-M5\surefire-extensions-api-3.0.0-M5.jar;C:\Users\Bagas Dwi Saputra\.m2\repository\org\apache\maven\maven-toolchain\3.0-alpha-2\maven-toolchain-3.0-alpha-2.jar;C:\Users\Bagas Dwi Saputra\.m2\repository\org\apache\maven\shared\maven-artifact-transfer\0.11.0\maven-artifact-transfer-0.11.0.jar;C:\Users\Bagas Dwi Saputra\.m2\repository\org\apache\maven\shared\maven-common-artifact-filters\3.0.1\maven-common-artifact-filters-3.0.1.jar;C:\Users\Bagas Dwi Saputra\.m2\repository\org\apache\maven\maven-model\3.0\maven-model-3.0.jar;C:\Users\Bagas Dwi Saputra\.m2\repository\org\apache\maven\maven-plugin-api\3.0\maven-plugin-api-3.0.jar;C:\Users\Bagas Dwi Saputra\.m2\repository\org\sonatype\sisu\sisu-inject-plexus\1.4.2\sisu-inject-plexus-1.4.2.jar;C:\Users\Bagas Dwi Saputra\.m2\repository\org\codehaus\plexus\plexus-classworlds\2.2.3\plexus-classworlds-2.2.3.jar;C:\Users\Bagas Dwi Saputra\.m2\repository\org\sonatype\sisu\sisu-inject-bean\1.4.2\sisu-inject-bean-1.4.2.jar;C:\Users\Bagas Dwi Saputra\.m2\repository\org\sonatype\sisu\sisu-guice\2.1.7\sisu-guice-2.1.7-noaop.jar;C:\Users\Bagas Dwi Saputra\.m2\repository\org\apache\maven\shared\maven-shared-utils\3.1.0\maven-shared-utils-3.1.0.jar;C:\Users\Bagas Dwi Saputra\.m2\repository\org\codehaus\plexus\plexus-java\1.0.5\plexus-java-1.0.5.jar;C:\Users\Bagas Dwi Saputra\.m2\repository\org\ow2\asm\asm\7.2\asm-7.2.jar;C:\Users\Bagas Dwi Saputra\.m2\repository\com\thoughtworks\qdox\qdox\2.0-M9\qdox-2.0-M9.jar;C:\Users\Bagas Dwi Saputra\.m2\repository\io\rest-assured\rest-assured\4.5.1\rest-assured-4.5.1.jar;C:\Users\Bagas Dwi Saputra\.m2\repository\org\apache\httpcomponents\httpmime\4.5.13\httpmime-4.5.13.jar;C:\Users\Bagas Dwi Saputra\.m2\repository\org\hamcrest\hamcrest\2.1\hamcrest-2.1.jar;C:\Users\Bagas Dwi Saputra\.m2\repository\org\ccil\cowan\tagsoup\tagsoup\1.2.1\tagsoup-1.2.1.jar;C:\Users\Bagas Dwi Saputra\.m2\repository\io\rest-assured\json-path\4.5.1\json-path-4.5.1.jar;C:\Users\Bagas Dwi Saputra\.m2\repository\io\rest-assured\rest-assured-common\4.5.1\rest-assured-common-4.5.1.jar;C:\Users\Bagas Dwi Saputra\.m2\repository\io\rest-assured\xml-path\4.5.1\xml-path-4.5.1.jar;C:\Users\Bagas Dwi Saputra\.m2\repository\org\apache\commons\commons-lang3\3.11\commons-lang3-3.11.jar;C:\Users\Bagas Dwi Saputra\.m2\repository\org\codehaus\groovy\groovy\3.0.10\groovy-3.0.10.jar;C:\Users\Bagas Dwi Saputra\.m2\repository\org\codehaus\groovy\groovy-xml\3.0.10\groovy-xml-3.0.10.jar;C:\Users\Bagas Dwi Saputra\.m2\repository\com\googlecode\json-simple\json-simple\1.1.1\json-simple-1.1.1.jar;C:\Users\Bagas Dwi Saputra\.m2\repository\com\github\javafaker\javafaker\1.0.2\javafaker-1.0.2.jar;C:\Users\Bagas Dwi Saputra\.m2\repository\org\yaml\snakeyaml\1.23\snakeyaml-1.23-android.jar;C:\Users\Bagas Dwi Saputra\.m2\repository\com\github\mifmif\generex\1.0.2\generex-1.0.2.jar;C:\Users\Bagas Dwi Saputra\.m2\repository\dk\brics\automaton\automaton\1.11-8\automaton-1.11-8.jar;C:\Users\Bagas Dwi Saputra\.m2\repository\io\cucumber\cucumber-java\7.2.3\cucumber-java-7.2.3.jar;C:\Users\Bagas Dwi Saputra\.m2\repository\net\serenity-bdd\serenity-core\3.2.5\serenity-core-3.2.5.jar;C:\Users\Bagas Dwi Saputra\.m2\repository\net\serenity-bdd\serenity-reports\3.2.5\serenity-reports-3.2.5.jar;C:\Users\Bagas Dwi Saputra\.m2\repository\net\serenity-bdd\serenity-stats\3.2.5\serenity-stats-3.2.5.jar;C:\Users\Bagas Dwi Saputra\.m2\repository\net\serenity-bdd\serenity-reports-configuration\3.2.5\serenity-reports-configuration-3.2.5.jar;C:\Users\Bagas Dwi Saputra\.m2\repository\com\vladsch\flexmark\flexmark-all\0.34.30\flexmark-all-0.34.30.jar;C:\Users\Bagas Dwi Saputra\.m2\repository\com\vladsch\flexmark\flexmark\0.34.30\flexmark-0.34.30.jar;C:\Users\Bagas Dwi Saputra\.m2\repository\com\vladsch\flexmark\flexmark-ext-abbreviation\0.34.30\flexmark-ext-abbreviation-0.34.30.jar;C:\Users\Bagas Dwi Saputra\.m2\repository\com\vladsch\flexmark\flexmark-ext-admonition\0.34.30\flexmark-ext-admonition-0.34.30.jar;C:\Users\Bagas Dwi Saputra\.m2\repository\com\vladsch\flexmark\flexmark-ext-anchorlink\0.34.30\flexmark-ext-anchorlink-0.34.30.jar;C:\Users\Bagas Dwi Saputra\.m2\repository\com\vladsch\flexmark\flexmark-ext-aside\0.34.30\flexmark-ext-aside-0.34.30.jar;C:\Users\Bagas Dwi Saputra\.m2\repository\com\vladsch\flexmark\flexmark-ext-attributes\0.34.30\flexmark-ext-attributes-0.34.30.jar;C:\Users\Bagas Dwi Saputra\.m2\repository\com\vladsch\flexmark\flexmark-ext-autolink\0.34.30\flexmark-ext-autolink-0.34.30.jar;C:\Users\Bagas Dwi Saputra\.m2\repository\org\nibor\autolink\autolink\0.6.0\autolink-0.6.0.jar;C:\Users\Bagas Dwi Saputra\.m2\repository\com\vladsch\flexmark\flexmark-ext-definition\0.34.30\flexmark-ext-definition-0.34.30.jar;C:\Users\Bagas Dwi Saputra\.m2\repository\com\vladsch\flexmark\flexmark-ext-emoji\0.34.30\flexmark-ext-emoji-0.34.30.jar;C:\Users\Bagas Dwi Saputra\.m2\repository\com\vladsch\flexmark\flexmark-ext-enumerated-reference\0.34.30\flexmark-ext-enumerated-reference-0.34.30.jar;C:\Users\Bagas Dwi Saputra\.m2\repository\com\vladsch\flexmark\flexmark-ext-escaped-character\0.34.30\flexmark-ext-escaped-character-0.34.30.jar;C:\Users\Bagas Dwi Saputra\.m2\repository\com\vladsch\flexmark\flexmark-ext-footnotes\0.34.30\flexmark-ext-footnotes-0.34.30.jar;C:\Users\Bagas Dwi Saputra\.m2\repository\com\vladsch\flexmark\flexmark-ext-gfm-issues\0.34.30\flexmark-ext-gfm-issues-0.34.30.jar;C:\Users\Bagas Dwi Saputra\.m2\repository\com\vladsch\flexmark\flexmark-ext-gfm-strikethrough\0.34.30\flexmark-ext-gfm-strikethrough-0.34.30.jar;C:\Users\Bagas Dwi Saputra\.m2\repository\com\vladsch\flexmark\flexmark-ext-gfm-tables\0.34.30\flexmark-ext-gfm-tables-0.34.30.jar;C:\Users\Bagas Dwi Saputra\.m2\repository\com\vladsch\flexmark\flexmark-ext-gfm-tasklist\0.34.30\flexmark-ext-gfm-tasklist-0.34.30.jar;C:\Users\Bagas Dwi Saputra\.m2\repository\com\vladsch\flexmark\flexmark-ext-gfm-users\0.34.30\flexmark-ext-gfm-users-0.34.30.jar;C:\Users\Bagas Dwi Saputra\.m2\repository\com\vladsch\flexmark\flexmark-ext-gitlab\0.34.30\flexmark-ext-gitlab-0.34.30.jar;C:\Users\Bagas Dwi Saputra\.m2\repository\com\vladsch\flexmark\flexmark-ext-jekyll-front-matter\0.34.30\flexmark-ext-jekyll-front-matter-0.34.30.jar;C:\Users\Bagas Dwi Saputra\.m2\repository\com\vladsch\flexmark\flexmark-ext-jekyll-tag\0.34.30\flexmark-ext-jekyll-tag-0.34.30.jar;C:\Users\Bagas Dwi Saputra\.m2\repository\com\vladsch\flexmark\flexmark-ext-media-tags\0.34.30\flexmark-ext-media-tags-0.34.30.jar;C:\Users\Bagas Dwi Saputra\.m2\repository\com\vladsch\flexmark\flexmark-test-util\0.34.30\flexmark-test-util-0.34.30.jar;C:\Users\Bagas Dwi Saputra\.m2\repository\com\vladsch\flexmark\flexmark-ext-ins\0.34.30\flexmark-ext-ins-0.34.30.jar;C:\Users\Bagas Dwi Saputra\.m2\repository\com\vladsch\flexmark\flexmark-ext-xwiki-macros\0.34.30\flexmark-ext-xwiki-macros-0.34.30.jar;C:\Users\Bagas Dwi Saputra\.m2\repository\com\vladsch\flexmark\flexmark-ext-superscript\0.34.30\flexmark-ext-superscript-0.34.30.jar;C:\Users\Bagas Dwi Saputra\.m2\repository\com\vladsch\flexmark\flexmark-ext-tables\0.34.30\flexmark-ext-tables-0.34.30.jar;C:\Users\Bagas Dwi Saputra\.m2\repository\com\vladsch\flexmark\flexmark-ext-toc\0.34.30\flexmark-ext-toc-0.34.30.jar;C:\Users\Bagas Dwi Saputra\.m2\repository\com\vladsch\flexmark\flexmark-ext-typographic\0.34.30\flexmark-ext-typographic-0.34.30.jar;C:\Users\Bagas Dwi Saputra\.m2\repository\com\vladsch\flexmark\flexmark-ext-wikilink\0.34.30\flexmark-ext-wikilink-0.34.30.jar;C:\Users\Bagas Dwi Saputra\.m2\repository\com\vladsch\flexmark\flexmark-ext-yaml-front-matter\0.34.30\flexmark-ext-yaml-front-matter-0.34.30.jar;C:\Users\Bagas Dwi Saputra\.m2\repository\com\vladsch\flexmark\flexmark-ext-youtube-embedded\0.34.30\flexmark-ext-youtube-embedded-0.34.30.jar;C:\Users\Bagas Dwi Saputra\.m2\repository\com\vladsch\flexmark\flexmark-formatter\0.34.30\flexmark-formatter-0.34.30.jar;C:\Users\Bagas Dwi Saputra\.m2\repository\com\vladsch\flexmark\flexmark-html-parser\0.34.30\flexmark-html-parser-0.34.30.jar;C:\Users\Bagas Dwi Saputra\.m2\repository\com\vladsch\flexmark\flexmark-jira-converter\0.34.30\flexmark-jira-converter-0.34.30.jar;C:\Users\Bagas Dwi Saputra\.m2\repository\com\vladsch\flexmark\flexmark-pdf-converter\0.34.30\flexmark-pdf-converter-0.34.30.jar;C:\Users\Bagas Dwi Saputra\.m2\repository\com\openhtmltopdf\openhtmltopdf-core\0.0.1-RC13\openhtmltopdf-core-0.0.1-RC13.jar;C:\Users\Bagas Dwi Saputra\.m2\repository\com\openhtmltopdf\openhtmltopdf-pdfbox\0.0.1-RC13\openhtmltopdf-pdfbox-0.0.1-RC13.jar;C:\Users\Bagas Dwi Saputra\.m2\repository\org\apache\pdfbox\pdfbox\2.0.8\pdfbox-2.0.8.jar;C:\Users\Bagas Dwi Saputra\.m2\repository\org\apache\pdfbox\fontbox\2.0.8\fontbox-2.0.8.jar;C:\Users\Bagas Dwi Saputra\.m2\repository\org\apache\pdfbox\xmpbox\2.0.8\xmpbox-2.0.8.jar;C:\Users\Bagas Dwi Saputra\.m2\repository\de\rototor\pdfbox\graphics2d\0.12\graphics2d-0.12.jar;C:\Users\Bagas Dwi Saputra\.m2\repository\com\openhtmltopdf\openhtmltopdf-rtl-support\0.0.1-RC13\openhtmltopdf-rtl-support-0.0.1-RC13.jar;C:\Users\Bagas Dwi Saputra\.m2\repository\com\ibm\icu\icu4j\59.1\icu4j-59.1.jar;C:\Users\Bagas Dwi Saputra\.m2\repository\com\openhtmltopdf\openhtmltopdf-jsoup-dom-converter\0.0.1-RC13\openhtmltopdf-jsoup-dom-converter-0.0.1-RC13.jar;C:\Users\Bagas Dwi Saputra\.m2\repository\com\vladsch\flexmark\flexmark-profile-pegdown\0.34.30\flexmark-profile-pegdown-0.34.30.jar;C:\Users\Bagas Dwi Saputra\.m2\repository\com\vladsch\flexmark\flexmark-util\0.34.30\flexmark-util-0.34.30.jar;C:\Users\Bagas Dwi Saputra\.m2\repository\com\vladsch\flexmark\flexmark-youtrack-converter\0.34.30\flexmark-youtrack-converter-0.34.30.jar;C:\Users\Bagas Dwi Saputra\.m2\repository\es\nitaur\markdown\txtmark\0.16\txtmark-0.16.jar;C:\Users\Bagas Dwi Saputra\.m2\repository\net\serenity-bdd\serenity-report-resources\3.2.5\serenity-report-resources-3.2.5.jar;C:\Users\Bagas Dwi Saputra\.m2\repository\com\google\code\gson\gson\2.9.0\gson-2.9.0.jar;C:\Users\Bagas Dwi Saputra\.m2\repository\com\fasterxml\jackson\core\jackson-core\2.13.2\jackson-core-2.13.2.jar;C:\Users\Bagas Dwi Saputra\.m2\repository\com\fasterxml\jackson\core\jackson-databind\2.13.2\jackson-databind-2.13.2.jar;C:\Users\Bagas Dwi Saputra\.m2\repository\com\fasterxml\jackson\core\jackson-annotations\2.13.2\jackson-annotations-2.13.2.jar;C:\Users\Bagas Dwi Saputra\.m2\repository\commons-codec\commons-codec\1.15\commons-codec-1.15.jar;C:\Users\Bagas Dwi Saputra\.m2\repository\commons-io\commons-io\2.11.0\commons-io-2.11.0.jar;C:\Users\Bagas Dwi Saputra\.m2\repository\org\seleniumhq\selenium\selenium-java\4.1.4\selenium-java-4.1.4.jar;C:\Users\Bagas Dwi Saputra\.m2\repository\org\seleniumhq\selenium\selenium-devtools-v100\4.1.4\selenium-devtools-v100-4.1.4.jar;C:\Users\Bagas Dwi Saputra\.m2\repository\org\seleniumhq\selenium\selenium-devtools-v101\4.1.4\selenium-devtools-v101-4.1.4.jar;C:\Users\Bagas Dwi Saputra\.m2\repository\org\seleniumhq\selenium\selenium-devtools-v85\4.1.4\selenium-devtools-v85-4.1.4.jar;C:\Users\Bagas Dwi Saputra\.m2\repository\org\seleniumhq\selenium\selenium-devtools-v99\4.1.4\selenium-devtools-v99-4.1.4.jar;C:\Users\Bagas Dwi Saputra\.m2\repository\org\seleniumhq\selenium\selenium-opera-driver\4.1.4\selenium-opera-driver-4.1.4.jar;C:\Users\Bagas Dwi Saputra\.m2\repository\org\seleniumhq\selenium\selenium-remote-driver\4.1.4\selenium-remote-driver-4.1.4.jar;C:\Users\Bagas Dwi Saputra\.m2\repository\com\beust\jcommander\1.82\jcommander-1.82.jar;C:\Users\Bagas Dwi Saputra\.m2\repository\io\netty\netty-buffer\4.1.76.Final\netty-buffer-4.1.76.Final.jar;C:\Users\Bagas Dwi Saputra\.m2\repository\io\netty\netty-codec-http\4.1.76.Final\netty-codec-http-4.1.76.Final.jar;C:\Users\Bagas Dwi Saputra\.m2\repository\io\netty\netty-codec\4.1.76.Final\netty-codec-4.1.76.Final.jar;C:\Users\Bagas Dwi Saputra\.m2\repository\io\netty\netty-handler\4.1.76.Final\netty-handler-4.1.76.Final.jar;C:\Users\Bagas Dwi Saputra\.m2\repository\io\netty\netty-common\4.1.76.Final\netty-common-4.1.76.Final.jar;C:\Users\Bagas Dwi Saputra\.m2\repository\io\netty\netty-transport-classes-epoll\4.1.76.Final\netty-transport-classes-epoll-4.1.76.Final.jar;C:\Users\Bagas Dwi Saputra\.m2\repository\io\netty\netty-transport-classes-kqueue\4.1.76.Final\netty-transport-classes-kqueue-4.1.76.Final.jar;C:\Users\Bagas Dwi Saputra\.m2\repository\io\netty\netty-transport-native-epoll\4.1.76.Final\netty-transport-native-epoll-4.1.76.Final.jar;C:\Users\Bagas Dwi Saputra\.m2\repository\io\netty\netty-transport-native-kqueue\4.1.76.Final\netty-transport-native-kqueue-4.1.76.Final.jar;C:\Users\Bagas Dwi Saputra\.m2\repository\io\netty\netty-transport-native-unix-common\4.1.76.Final\netty-transport-native-unix-common-4.1.76.Final.jar;C:\Users\Bagas Dwi Saputra\.m2\repository\io\netty\netty-transport\4.1.76.Final\netty-transport-4.1.76.Final.jar;C:\Users\Bagas Dwi Saputra\.m2\repository\io\netty\netty-resolver\4.1.76.Final\netty-resolver-4.1.76.Final.jar;C:\Users\Bagas Dwi Saputra\.m2\repository\io\opentelemetry\opentelemetry-api\1.13.0\opentelemetry-api-1.13.0.jar;C:\Users\Bagas Dwi Saputra\.m2\repository\io\opentelemetry\opentelemetry-context\1.13.0\opentelemetry-context-1.13.0.jar;C:\Users\Bagas Dwi Saputra\.m2\repository\io\opentelemetry\opentelemetry-exporter-logging\1.13.0\opentelemetry-exporter-logging-1.13.0.jar;C:\Users\Bagas Dwi Saputra\.m2\repository\io\opentelemetry\opentelemetry-sdk-metrics\1.13.0-alpha\opentelemetry-sdk-metrics-1.13.0-alpha.jar;C:\Users\Bagas Dwi Saputra\.m2\repository\io\opentelemetry\opentelemetry-sdk-logs\1.13.0-alpha\opentelemetry-sdk-logs-1.13.0-alpha.jar;C:\Users\Bagas Dwi Saputra\.m2\repository\io\opentelemetry\opentelemetry-sdk-common\1.13.0\opentelemetry-sdk-common-1.13.0.jar;C:\Users\Bagas Dwi Saputra\.m2\repository\io\opentelemetry\opentelemetry-sdk-extension-autoconfigure-spi\1.13.0\opentelemetry-sdk-extension-autoconfigure-spi-1.13.0.jar;C:\Users\Bagas Dwi Saputra\.m2\repository\io\opentelemetry\opentelemetry-sdk-extension-autoconfigure\1.13.0-alpha\opentelemetry-sdk-extension-autoconfigure-1.13.0-alpha.jar;C:\Users\Bagas Dwi Saputra\.m2\repository\io\opentelemetry\opentelemetry-sdk-trace\1.13.0\opentelemetry-sdk-trace-1.13.0.jar;C:\Users\Bagas Dwi Saputra\.m2\repository\io\opentelemetry\opentelemetry-sdk\1.13.0\opentelemetry-sdk-1.13.0.jar;C:\Users\Bagas Dwi Saputra\.m2\repository\io\opentelemetry\opentelemetry-semconv\1.13.0-alpha\opentelemetry-semconv-1.13.0-alpha.jar;C:\Users\Bagas Dwi Saputra\.m2\repository\io\ous\jtoml\2.0.0\jtoml-2.0.0.jar;C:\Users\Bagas Dwi Saputra\.m2\repository\org\apache\commons\commons-exec\1.3\commons-exec-1.3.jar;C:\Users\Bagas Dwi Saputra\.m2\repository\org\asynchttpclient\async-http-client\2.12.3\async-http-client-2.12.3.jar;C:\Users\Bagas Dwi Saputra\.m2\repository\org\asynchttpclient\async-http-client-netty-utils\2.12.3\async-http-client-netty-utils-2.12.3.jar;C:\Users\Bagas Dwi Saputra\.m2\repository\io\netty\netty-codec-socks\4.1.60.Final\netty-codec-socks-4.1.60.Final.jar;C:\Users\Bagas Dwi Saputra\.m2\repository\io\netty\netty-handler-proxy\4.1.60.Final\netty-handler-proxy-4.1.60.Final.jar;C:\Users\Bagas Dwi Saputra\.m2\repository\io\netty\netty-transport-native-epoll\4.1.60.Final\netty-transport-native-epoll-4.1.60.Final-linux-x86_64.jar;C:\Users\Bagas Dwi Saputra\.m2\repository\io\netty\netty-transport-native-kqueue\4.1.60.Final\netty-transport-native-kqueue-4.1.60.Final-osx-x86_64.jar;C:\Users\Bagas Dwi Saputra\.m2\repository\org\reactivestreams\reactive-streams\1.0.3\reactive-streams-1.0.3.jar;C:\Users\Bagas Dwi Saputra\.m2\repository\com\typesafe\netty\netty-reactive-streams\2.0.4\netty-reactive-streams-2.0.4.jar;C:\Users\Bagas Dwi Saputra\.m2\repository\org\seleniumhq\selenium\selenium-http\4.1.4\selenium-http-4.1.4.jar;C:\Users\Bagas Dwi Saputra\.m2\repository\dev\failsafe\failsafe\3.2.3\failsafe-3.2.3.jar;C:\Users\Bagas Dwi Saputra\.m2\repository\org\seleniumhq\selenium\selenium-safari-driver\4.1.4\selenium-safari-driver-4.1.4.jar;C:\Users\Bagas Dwi Saputra\.m2\repository\org\seleniumhq\selenium\selenium-api\4.1.4\selenium-api-4.1.4.jar;C:\Users\Bagas Dwi Saputra\.m2\repository\org\seleniumhq\selenium\selenium-support\4.1.4\selenium-support-4.1.4.jar;C:\Users\Bagas Dwi Saputra\.m2\repository\com\google\auto\service\auto-service-annotations\1.0.1\auto-service-annotations-1.0.1.jar;C:\Users\Bagas Dwi Saputra\.m2\repository\com\google\auto\service\auto-service\1.0.1\auto-service-1.0.1.jar;C:\Users\Bagas Dwi Saputra\.m2\repository\com\google\auto\auto-common\1.2\auto-common-1.2.jar;C:\Users\Bagas Dwi Saputra\.m2\repository\org\seleniumhq\selenium\selenium-json\4.1.4\selenium-json-4.1.4.jar;C:\Users\Bagas Dwi Saputra\.m2\repository\org\seleniumhq\selenium\selenium-chrome-driver\4.1.4\selenium-chrome-driver-4.1.4.jar;C:\Users\Bagas Dwi Saputra\.m2\repository\org\seleniumhq\selenium\selenium-chromium-driver\4.1.4\selenium-chromium-driver-4.1.4.jar;C:\Users\Bagas Dwi Saputra\.m2\repository\org\seleniumhq\selenium\selenium-firefox-driver\4.1.4\selenium-firefox-driver-4.1.4.jar;C:\Users\Bagas Dwi Saputra\.m2\repository\org\seleniumhq\selenium\selenium-edge-driver\4.1.4\selenium-edge-driver-4.1.4.jar;C:\Users\Bagas Dwi Saputra\.m2\repository\org\seleniumhq\selenium\selenium-ie-driver\4.1.4\selenium-ie-driver-4.1.4.jar;C:\Users\Bagas Dwi Saputra\.m2\repository\org\projectlombok\lombok\1.18.20\lombok-1.18.20.jar;C:\Users\Bagas Dwi Saputra\.m2\repository\io\appium\java-client\8.0.0\java-client-8.0.0.jar;C:\Users\Bagas Dwi Saputra\.m2\repository\commons-validator\commons-validator\1.7\commons-validator-1.7.jar;C:\Users\Bagas Dwi Saputra\.m2\repository\commons-digester\commons-digester\2.1\commons-digester-2.1.jar;C:\Users\Bagas Dwi Saputra\.m2\repository\org\aspectj\aspectjweaver\1.9.8\aspectjweaver-1.9.8.jar;C:\Users\Bagas Dwi Saputra\.m2\repository\org\apache\groovy\groovy\4.0.1\groovy-4.0.1.jar;C:\Users\Bagas Dwi Saputra\.m2\repository\net\sf\opencsv\opencsv\2.0\opencsv-2.0.jar;C:\Users\Bagas Dwi Saputra\.m2\repository\commons-beanutils\commons-beanutils\1.9.4\commons-beanutils-1.9.4.jar;C:\Users\Bagas Dwi Saputra\.m2\repository\commons-collections\commons-collections\3.2.2\commons-collections-3.2.2.jar;C:\Users\Bagas Dwi Saputra\.m2\repository\org\fluentlenium\fluentlenium-core\0.10.2\fluentlenium-core-0.10.2.jar;C:\Users\Bagas Dwi Saputra\.m2\repository\io\github\bonigarcia\webdrivermanager\5.1.0\webdrivermanager-5.1.0.jar;C:\Users\Bagas Dwi Saputra\.m2\repository\com\github\docker-java\docker-java\3.2.13\docker-java-3.2.13.jar;C:\Users\Bagas Dwi Saputra\.m2\repository\com\github\docker-java\docker-java-core\3.2.13\docker-java-core-3.2.13.jar;C:\Users\Bagas Dwi Saputra\.m2\repository\com\github\docker-java\docker-java-api\3.2.13\docker-java-api-3.2.13.jar;C:\Users\Bagas Dwi Saputra\.m2\repository\org\apache\commons\commons-compress\1.21\commons-compress-1.21.jar;C:\Users\Bagas Dwi Saputra\.m2\repository\org\bouncycastle\bcpkix-jdk15on\1.64\bcpkix-jdk15on-1.64.jar;C:\Users\Bagas Dwi Saputra\.m2\repository\org\bouncycastle\bcprov-jdk15on\1.64\bcprov-jdk15on-1.64.jar;C:\Users\Bagas Dwi Saputra\.m2\repository\org\slf4j\jcl-over-slf4j\1.7.30\jcl-over-slf4j-1.7.30.jar;C:\Users\Bagas Dwi Saputra\.m2\repository\com\github\docker-java\docker-java-transport-httpclient5\3.2.13\docker-java-transport-httpclient5-3.2.13.jar;C:\Users\Bagas Dwi Saputra\.m2\repository\com\github\docker-java\docker-java-transport\3.2.13\docker-java-transport-3.2.13.jar;C:\Users\Bagas Dwi Saputra\.m2\repository\org\apache\httpcomponents\client5\httpclient5\5.0.3\httpclient5-5.0.3.jar;C:\Users\Bagas Dwi Saputra\.m2\repository\org\apache\httpcomponents\core5\httpcore5\5.0.2\httpcore5-5.0.2.jar;C:\Users\Bagas Dwi Saputra\.m2\repository\net\java\dev\jna\jna\5.8.0\jna-5.8.0.jar;C:\Users\Bagas Dwi Saputra\.m2\repository\org\brotli\dec\0.1.2\dec-0.1.2.jar;C:\Users\Bagas Dwi Saputra\.m2\repository\com\jhlabs\filters\2.0.235\filters-2.0.235.jar;C:\Users\Bagas Dwi Saputra\.m2\repository\com\paulhammant\ngwebdriver\1.1.6\ngwebdriver-1.1.6.jar;C:\Users\Bagas Dwi Saputra\.m2\repository\joda-time\joda-time\2.8.2\joda-time-2.8.2.jar;C:\Users\Bagas Dwi Saputra\.m2\repository\com\google\jimfs\jimfs\1.2\jimfs-1.2.jar;C:\Users\Bagas Dwi Saputra\.m2\repository\org\mockito\mockito-core\3.3.3\mockito-core-3.3.3.jar;C:\Users\Bagas Dwi Saputra\.m2\repository\javax\xml\bind\jaxb-api\2.3.1\jaxb-api-2.3.1.jar;C:\Users\Bagas Dwi Saputra\.m2\repository\javax\activation\javax.activation-api\1.2.0\javax.activation-api-1.2.0.jar;C:\Users\Bagas Dwi Saputra\.m2\repository\com\sun\xml\bind\jaxb-core\2.3.0.1\jaxb-core-2.3.0.1.jar;C:\Users\Bagas Dwi Saputra\.m2\repository\com\sun\xml\bind\jaxb-impl\2.3.3\jaxb-impl-2.3.3.jar;C:\Users\Bagas Dwi Saputra\.m2\repository\jakarta\xml\bind\jakarta.xml.bind-api\2.3.3\jakarta.xml.bind-api-2.3.3.jar;C:\Users\Bagas Dwi Saputra\.m2\repository\com\sun\activation\jakarta.activation\1.2.2\jakarta.activation-1.2.2.jar;C:\Users\Bagas Dwi Saputra\.m2\repository\javax\activation\activation\1.1.1\activation-1.1.1.jar;C:\Users\Bagas Dwi Saputra\.m2\repository\org\apache\maven\surefire\surefire-junit-platform\3.0.0-M5\surefire-junit-platform-3.0.0-M5.jar;C:\Users\Bagas Dwi Saputra\.m2\repository\org\apache\maven\surefire\common-java5\3.0.0-M5\common-java5-3.0.0-M5.jar"/>
    <property name="user.script" value=""/>
    <property name="java.protocol.handler.pkgs" value="com.google.common"/>
    <property name="sun.management.compiler" value="HotSpot 64-Bit Tiered Compilers"/>
    <property name="java.runtime.version" value="11.0.15+10-adhoc..jdk11u"/>
    <property name="user.name" value="Bagas Dwi Saputra"/>
    <property name="path.separator" value=";"/>
    <property name="os.version" value="10.0"/>
    <property name="java.runtime.name" value="OpenJDK Runtime Environment"/>
    <property name="file.encoding" value="Cp1252"/>
    <property name="java.vm.name" value="OpenJDK 64-Bit Server VM"/>
    <property name="java.vendor.version" value="OpenLogic-OpenJDK"/>
    <property name="localRepository" value="C:\Users\Bagas Dwi Saputra\.m2\repository"/>
    <property name="java.vendor.url.bug" value="https://techsupport.roguewave.com/"/>
    <property name="java.io.tmpdir" value="C:\Users\BAGASD~1\AppData\Local\Temp\"/>
    <property name="java.version" value="11.0.15"/>
    <property name="user.dir" value="C:\Alterra\CapstoneBaru\QE\TestingWebUpdate"/>
    <property name="os.arch" value="amd64"/>
    <property name="java.vm.specification.name" value="Java Virtual Machine Specification"/>
    <property name="java.awt.printerjob" value="sun.awt.windows.WPrinterJob"/>
    <property name="sun.os.patch.level" value=""/>
    <property name="java.library.path" value="C:\Program Files\jdk\jdk-11.0.15\bin;C:\Windows\Sun\Java\bin;C:\Windows\system32;C:\Windows;C:\Windows\system32;C:\Windows;C:\Windows\system32\Wbem;C:\Windows\system32\OpenSSH\;C:\Windows\System32\WindowsPowerShell\v1.0;C:\Windows\System32\WindowsPowerShell\v1.0;C:\Users\Bagas Dwi Saputra\AppData\Local\Microsoft\WindowsApps;C:\Program Files\jdk\apache-maven-3.8.5\bin;C:\Program Files\jdk\apache-maven-3.8.5\bin;;."/>
    <property name="java.vm.info" value="mixed mode"/>
    <property name="java.vendor" value="OpenLogic"/>
    <property name="java.vm.version" value="11.0.15+10-adhoc..jdk11u"/>
    <property name="sun.io.unicode.encoding" value="UnicodeLittle"/>
    <property name="java.class.version" value="55.0"/>
  </properties>
  <testcase name="As a admin I login - kosong #1" classname="Login - Admin" time="21.774">
    <system-out><![CDATA[19:05:19.295 [main] INFO io.cucumber.core.plugin.SerenityReporter - Running feature from file:///C:/Alterra/CapstoneBaru/QE/TestingWebUpdate/src/test/resources/features/1Login.feature
19:05:19.489 [main] INFO  - 

-------------------------------------------------------------------------------------
     _______. _______ .______       _______ .__   __.  __  .___________.____    ____ 
    /       ||   ____||   _  \     |   ____||  \ |  | |  | |           |\   \  /   / 
   |   (----`|  |__   |  |_)  |    |  |__   |   \|  | |  | `---|  |----` \   \/   /  
    \   \    |   __|  |      /     |   __|  |  . `  | |  |     |  |       \_    _/   
.----)   |   |  |____ |  |\  \----.|  |____ |  |\   | |  |     |  |         |  |     
|_______/    |_______|| _| `._____||_______||__| \__| |__|     |__|         |__|    
                                                                                     
 News and tutorials at http://www.serenity-bdd.info                                  
 Documentation at https://wakaleo.gitbooks.io/the-serenity-book/content/             
 Join the Serenity Community on Gitter: https://gitter.im/serenity-bdd/serenity-core 
 Serenity BDD Support and Training at http://serenity-bdd.info/#/trainingandsupport  
-------------------------------------------------------------------------------------

19:05:19.494 [main] DEBUG net.thucydides.core.steps.StepEventBus - Test suite started for story net.thucydides.core.model.Story@c08956d5
19:05:19.497 [main] INFO  - Test Suite Started: Login - Admin
19:05:19.512 [main] INFO io.cucumber.core.plugin.SerenityReporter - Running feature from file:///C:/Alterra/CapstoneBaru/QE/TestingWebUpdate/src/test/resources/features/2LogOut.feature
19:05:19.516 [main] DEBUG net.thucydides.core.steps.StepEventBus - Test suite started for story net.thucydides.core.model.Story@3f0256d1
19:05:19.516 [main] INFO  - Test Suite Started: LogOut Acount - Admin
19:05:19.516 [main] INFO io.cucumber.core.plugin.SerenityReporter - Running feature from file:///C:/Alterra/CapstoneBaru/QE/TestingWebUpdate/src/test/resources/features/4DataPasien.feature
19:05:19.539 [main] DEBUG net.thucydides.core.steps.StepEventBus - Test suite started for story net.thucydides.core.model.Story@b5b91de1
19:05:19.539 [main] INFO  - Test Suite Started: Data Pasien - Admin
19:05:19.539 [main] INFO io.cucumber.core.plugin.SerenityReporter - Running feature from file:///C:/Alterra/CapstoneBaru/QE/TestingWebUpdate/src/test/resources/features/6ArsipJadwal.feature
19:05:19.563 [main] DEBUG net.thucydides.core.steps.StepEventBus - Test suite started for story net.thucydides.core.model.Story@49b25d95
19:05:19.563 [main] INFO  - Test Suite Started: Arsip jadwal - admin
19:05:19.563 [main] INFO io.cucumber.core.plugin.SerenityReporter - Running feature from file:///C:/Alterra/CapstoneBaru/QE/TestingWebUpdate/src/test/resources/features/AddDataDokter.feature
19:05:19.579 [main] DEBUG net.thucydides.core.steps.StepEventBus - Test suite started for story net.thucydides.core.model.Story@f27570ba
19:05:19.580 [main] INFO  - Test Suite Started: Add Data Dokter - Admin
19:05:19.580 [main] INFO io.cucumber.core.plugin.SerenityReporter - Running feature from file:///C:/Alterra/CapstoneBaru/QE/TestingWebUpdate/src/test/resources/features/AddDataPasien.feature
19:05:19.595 [main] DEBUG net.thucydides.core.steps.StepEventBus - Test suite started for story net.thucydides.core.model.Story@2ed0929a
19:05:19.596 [main] INFO  - Test Suite Started: Add Data Pasien - Admin
19:05:19.596 [main] INFO io.cucumber.core.plugin.SerenityReporter - Running feature from file:///C:/Alterra/CapstoneBaru/QE/TestingWebUpdate/src/test/resources/features/AddKelolaJadwal.feature
19:05:19.603 [main] DEBUG net.thucydides.core.steps.StepEventBus - Test suite started for story net.thucydides.core.model.Story@346b43ca
19:05:19.603 [main] INFO  - Test Suite Started: Add Kelola Jadwal - Admin
19:05:19.603 [main] INFO io.cucumber.core.plugin.SerenityReporter - Running feature from file:///C:/Alterra/CapstoneBaru/QE/TestingWebUpdate/src/test/resources/features/DeleteDataDokter.feature
19:05:19.615 [main] DEBUG net.thucydides.core.steps.StepEventBus - Test suite started for story net.thucydides.core.model.Story@f29440ba
19:05:19.615 [main] INFO  - Test Suite Started: Delete Data Dokter - Admin
19:05:19.615 [main] INFO io.cucumber.core.plugin.SerenityReporter - Running feature from file:///C:/Alterra/CapstoneBaru/QE/TestingWebUpdate/src/test/resources/features/DeleteDataPasien.feature
19:05:19.621 [main] DEBUG net.thucydides.core.steps.StepEventBus - Test suite started for story net.thucydides.core.model.Story@2eef629a
19:05:19.623 [main] INFO  - Test Suite Started: Delete Data Pasien - Admin
19:05:19.623 [main] INFO io.cucumber.core.plugin.SerenityReporter - Running feature from file:///C:/Alterra/CapstoneBaru/QE/TestingWebUpdate/src/test/resources/features/DetailDataDokter.feature
19:05:19.629 [main] DEBUG net.thucydides.core.steps.StepEventBus - Test suite started for story net.thucydides.core.model.Story@4f1566fa
19:05:19.630 [main] INFO  - Test Suite Started: Detail Data Dokter - Admin
19:05:19.630 [main] INFO io.cucumber.core.plugin.SerenityReporter - Running feature from file:///C:/Alterra/CapstoneBaru/QE/TestingWebUpdate/src/test/resources/features/DetailDataPasien.feature
19:05:19.634 [main] DEBUG net.thucydides.core.steps.StepEventBus - Test suite started for story net.thucydides.core.model.Story@8b7088da
19:05:19.634 [main] INFO  - Test Suite Started: Detail Data Pasien - Admin
19:05:19.634 [main] INFO io.cucumber.core.plugin.SerenityReporter - Running feature from file:///C:/Alterra/CapstoneBaru/QE/TestingWebUpdate/src/test/resources/features/DetailDataReviewArsipJadwal.feature
19:05:19.634 [main] DEBUG net.thucydides.core.steps.StepEventBus - Test suite started for story net.thucydides.core.model.Story@8abb42ff
19:05:19.634 [main] INFO  - Test Suite Started: Detail Review Arsip Jadwal - Admin
19:05:19.634 [main] INFO io.cucumber.core.plugin.SerenityReporter - Running feature from file:///C:/Alterra/CapstoneBaru/QE/TestingWebUpdate/src/test/resources/features/EditDataDokter.feature
19:05:19.649 [main] DEBUG net.thucydides.core.steps.StepEventBus - Test suite started for story net.thucydides.core.model.Story@44a0505a
19:05:19.649 [main] INFO  - Test Suite Started: Edit Data Dokter - Admin
19:05:19.649 [main] INFO io.cucumber.core.plugin.SerenityReporter - Running feature from file:///C:/Alterra/CapstoneBaru/QE/TestingWebUpdate/src/test/resources/features/EditDataPasien.feature
19:05:19.655 [main] DEBUG net.thucydides.core.steps.StepEventBus - Test suite started for story net.thucydides.core.model.Story@80fb723a
19:05:19.657 [main] INFO  - Test Suite Started: Edit Data Pasien - Admin
19:05:19.657 [main] INFO io.cucumber.core.plugin.SerenityReporter - Running feature from file:///C:/Alterra/CapstoneBaru/QE/TestingWebUpdate/src/test/resources/features/SearchArsipJadwal.feature
19:05:19.664 [main] DEBUG net.thucydides.core.steps.StepEventBus - Test suite started for story net.thucydides.core.model.Story@4d12b45e
19:05:19.665 [main] INFO  - Test Suite Started: Search Arsip Jadwal - Admin
19:05:19.665 [main] INFO io.cucumber.core.plugin.SerenityReporter - Running feature from file:///C:/Alterra/CapstoneBaru/QE/TestingWebUpdate/src/test/resources/features/SearchDataDokter.feature
19:05:19.670 [main] DEBUG net.thucydides.core.steps.StepEventBus - Test suite started for story net.thucydides.core.model.Story@b9f7eb9a
19:05:19.670 [main] INFO  - Test Suite Started: Search Data Dokter - Admin
19:05:19.670 [main] INFO io.cucumber.core.plugin.SerenityReporter - Running feature from file:///C:/Alterra/CapstoneBaru/QE/TestingWebUpdate/src/test/resources/features/SearchDataPasien.feature
19:05:19.676 [main] DEBUG net.thucydides.core.steps.StepEventBus - Test suite started for story net.thucydides.core.model.Story@f6530d7a
19:05:19.676 [main] INFO  - Test Suite Started: Search Data Pasien - Admin
19:05:19.676 [main] INFO io.cucumber.core.plugin.SerenityReporter - Running feature from file:///C:/Alterra/CapstoneBaru/QE/TestingWebUpdate/src/test/resources/features/SearchKelolaJadwal.feature
19:05:19.687 [main] DEBUG net.thucydides.core.steps.StepEventBus - Test suite started for story net.thucydides.core.model.Story@253a86aa
19:05:19.688 [main] INFO  - Test Suite Started: Search Kelola Jadwal - Admin
19:05:19.688 [main] INFO io.cucumber.core.plugin.SerenityReporter - Running feature from file:///C:/Alterra/CapstoneBaru/QE/TestingWebUpdate/src/test/resources/features/ViewArsipJadwal.feature
19:05:19.688 [main] DEBUG net.thucydides.core.steps.StepEventBus - Test suite started for story net.thucydides.core.model.Story@cccefd7e
19:05:19.688 [main] INFO  - Test Suite Started: View Arsip Jadwal - Admin
19:05:19.688 [main] INFO io.cucumber.core.plugin.SerenityReporter - Running feature from file:///C:/Alterra/CapstoneBaru/QE/TestingWebUpdate/src/test/resources/features/ViewDataDokter.feature
19:05:19.696 [main] DEBUG net.thucydides.core.steps.StepEventBus - Test suite started for story net.thucydides.core.model.Story@5afdfe7a
19:05:19.696 [main] INFO  - Test Suite Started: View Data Dokter - Admin
19:05:19.696 [main] INFO io.cucumber.core.plugin.SerenityReporter - Running feature from file:///C:/Alterra/CapstoneBaru/QE/TestingWebUpdate/src/test/resources/features/ViewDataPasien.feature
19:05:19.700 [main] DEBUG net.thucydides.core.steps.StepEventBus - Test suite started for story net.thucydides.core.model.Story@9759205a
19:05:19.702 [main] INFO  - Test Suite Started: View Data Pasien - Admin
19:05:19.702 [main] INFO io.cucumber.core.plugin.SerenityReporter - Running feature from file:///C:/Alterra/CapstoneBaru/QE/TestingWebUpdate/src/test/resources/features/ViewKelolaJadwal.feature
19:05:19.706 [main] DEBUG net.thucydides.core.steps.StepEventBus - Test suite started for story net.thucydides.core.model.Story@9d07618a
19:05:19.707 [main] INFO  - Test Suite Started: View Kelola Jadwal - Admin
19:05:19.707 [main] INFO io.cucumber.core.plugin.SerenityReporter - Running feature from file:///C:/Alterra/CapstoneBaru/QE/TestingWebUpdate/src/test/resources/features/1Login.feature
19:05:19.710 [main] DEBUG net.thucydides.core.steps.StepEventBus - Test suite started for story net.thucydides.core.model.Story@c08956d5
19:05:19.710 [main] INFO  - Test Suite Started: Login - Admin

@Login111 @LoginAdminKosong
Scenario Outline: As a admin I login - kosong &amp#27;[90m# src/test/resources/features/1Login.feature:13&amp#27;[0m
19:05:19.870 [main] INFO io.cucumber.core.plugin.SerenityReporter - Running feature from file:///C:/Alterra/CapstoneBaru/QE/TestingWebUpdate/src/test/resources/features/1Login.feature
19:05:20.027 [main] INFO  - 
  _____   ___   ___   _____     ___   _____     _     ___   _____   ___   ___  
 |_   _| | __| / __| |_   _|   / __| |_   _|   /_\   | _ \ |_   _| | __| |   \ 
   | |   | _|  \__ \   | |     \__ \   | |    / _ \  |   /   | |   | _|  | |) |
   |_|   |___| |___/   |_|     |___/   |_|   /_/ \_\ |_|_\   |_|   |___| |___/ 

As a admin I login - kosong(login---admin;as-a-admin-i-login---kosong)
--------------------------------------------------------------------------------
19:05:21.236 [main] DEBUG net.thucydides.core.steps.StepInterceptor - STARTING STEP: LoginSteps.openLoginPage - openLogin
19:05:21.283 [main] INFO net.serenitybdd.core.webdriver.driverproviders.ChromeDriverProvider - Using automatically driver download
19:05:22.399 [main] DEBUG io.github.bonigarcia.wdm.cache.ResolutionCache - Removing resolution chrome=103 from cache (expired on Sun Jul 17 18:54:33 ICT 2022)
19:05:22.418 [main] DEBUG org.apache.hc.client5.http.impl.classic.InternalHttpClient - ex-00000001: preparing request execution
19:05:22.440 [main] DEBUG org.apache.hc.client5.http.protocol.RequestAddCookies - Cookie spec selected: strict
19:05:22.450 [main] DEBUG org.apache.hc.client5.http.protocol.RequestAuthCache - Auth cache not set in the context
19:05:22.450 [main] DEBUG org.apache.hc.client5.http.impl.classic.ProtocolExec - ex-00000001: target auth state: UNCHALLENGED
19:05:22.451 [main] DEBUG org.apache.hc.client5.http.impl.classic.ProtocolExec - ex-00000001: proxy auth state: UNCHALLENGED
19:05:22.451 [main] DEBUG org.apache.hc.client5.http.impl.classic.ConnectExec - ex-00000001: acquiring connection with route {s}->https://raw.githubusercontent.com:443
19:05:22.452 [main] DEBUG org.apache.hc.client5.http.impl.classic.InternalHttpClient - ex-00000001: acquiring endpoint (3 MINUTES)
19:05:22.453 [main] DEBUG org.apache.hc.client5.http.impl.io.PoolingHttpClientConnectionManager - ex-00000001: endpoint lease request (3 MINUTES) [route: {s}->https://raw.githubusercontent.com:443][total available: 0; route allocated: 0 of 5; total allocated: 0 of 25]
19:05:22.461 [main] DEBUG org.apache.hc.client5.http.impl.io.PoolingHttpClientConnectionManager - ex-00000001: endpoint leased [route: {s}->https://raw.githubusercontent.com:443][total available: 0; route allocated: 1 of 5; total allocated: 1 of 25]
19:05:22.470 [main] DEBUG org.apache.hc.client5.http.impl.io.PoolingHttpClientConnectionManager - ex-00000001: acquired ep-00000000
19:05:22.470 [main] DEBUG org.apache.hc.client5.http.impl.classic.InternalHttpClient - ex-00000001: acquired endpoint ep-00000000
19:05:22.470 [main] DEBUG org.apache.hc.client5.http.impl.classic.ConnectExec - ex-00000001: opening connection {s}->https://raw.githubusercontent.com:443
19:05:22.470 [main] DEBUG org.apache.hc.client5.http.impl.classic.InternalHttpClient - ep-00000000: connecting endpoint (30 SECONDS)
19:05:22.470 [main] DEBUG org.apache.hc.client5.http.impl.io.PoolingHttpClientConnectionManager - ep-00000000: connecting endpoint to https://raw.githubusercontent.com:443 (30 SECONDS)
19:05:22.503 [main] DEBUG org.apache.hc.client5.http.impl.io.DefaultHttpClientConnectionOperator - http-outgoing-0: connecting to raw.githubusercontent.com/185.199.108.133:443
19:05:22.503 [main] DEBUG org.apache.hc.client5.http.ssl.SSLConnectionSocketFactory - Connecting socket to raw.githubusercontent.com/185.199.108.133:443 with timeout 30 SECONDS
19:05:22.590 [main] DEBUG org.apache.hc.client5.http.ssl.SSLConnectionSocketFactory - Enabled protocols: [TLSv1.3, TLSv1.2]
19:05:22.590 [main] DEBUG org.apache.hc.client5.http.ssl.SSLConnectionSocketFactory - Enabled cipher suites: [TLS_AES_256_GCM_SHA384, TLS_AES_128_GCM_SHA256, TLS_CHACHA20_POLY1305_SHA256, TLS_ECDHE_ECDSA_WITH_AES_256_GCM_SHA384, TLS_ECDHE_ECDSA_WITH_AES_128_GCM_SHA256, TLS_ECDHE_ECDSA_WITH_CHACHA20_POLY1305_SHA256, TLS_ECDHE_RSA_WITH_AES_256_GCM_SHA384, TLS_ECDHE_RSA_WITH_CHACHA20_POLY1305_SHA256, TLS_ECDHE_RSA_WITH_AES_128_GCM_SHA256, TLS_DHE_RSA_WITH_AES_256_GCM_SHA384, TLS_DHE_RSA_WITH_CHACHA20_POLY1305_SHA256, TLS_DHE_DSS_WITH_AES_256_GCM_SHA384, TLS_DHE_RSA_WITH_AES_128_GCM_SHA256, TLS_DHE_DSS_WITH_AES_128_GCM_SHA256, TLS_ECDHE_ECDSA_WITH_AES_256_CBC_SHA384, TLS_ECDHE_RSA_WITH_AES_256_CBC_SHA384, TLS_ECDHE_ECDSA_WITH_AES_128_CBC_SHA256, TLS_ECDHE_RSA_WITH_AES_128_CBC_SHA256, TLS_DHE_RSA_WITH_AES_256_CBC_SHA256, TLS_DHE_DSS_WITH_AES_256_CBC_SHA256, TLS_DHE_RSA_WITH_AES_128_CBC_SHA256, TLS_DHE_DSS_WITH_AES_128_CBC_SHA256, TLS_ECDH_ECDSA_WITH_AES_256_GCM_SHA384, TLS_ECDH_RSA_WITH_AES_256_GCM_SHA384, TLS_ECDH_ECDSA_WITH_AES_128_GCM_SHA256, TLS_ECDH_RSA_WITH_AES_128_GCM_SHA256, TLS_ECDH_ECDSA_WITH_AES_256_CBC_SHA384, TLS_ECDH_RSA_WITH_AES_256_CBC_SHA384, TLS_ECDH_ECDSA_WITH_AES_128_CBC_SHA256, TLS_ECDH_RSA_WITH_AES_128_CBC_SHA256, TLS_ECDHE_ECDSA_WITH_AES_256_CBC_SHA, TLS_ECDHE_RSA_WITH_AES_256_CBC_SHA, TLS_ECDHE_ECDSA_WITH_AES_128_CBC_SHA, TLS_ECDHE_RSA_WITH_AES_128_CBC_SHA, TLS_DHE_RSA_WITH_AES_256_CBC_SHA, TLS_DHE_DSS_WITH_AES_256_CBC_SHA, TLS_DHE_RSA_WITH_AES_128_CBC_SHA, TLS_DHE_DSS_WITH_AES_128_CBC_SHA, TLS_ECDH_ECDSA_WITH_AES_256_CBC_SHA, TLS_ECDH_RSA_WITH_AES_256_CBC_SHA, TLS_ECDH_ECDSA_WITH_AES_128_CBC_SHA, TLS_ECDH_RSA_WITH_AES_128_CBC_SHA, TLS_RSA_WITH_AES_256_GCM_SHA384, TLS_RSA_WITH_AES_128_GCM_SHA256, TLS_RSA_WITH_AES_256_CBC_SHA256, TLS_RSA_WITH_AES_128_CBC_SHA256, TLS_RSA_WITH_AES_256_CBC_SHA, TLS_RSA_WITH_AES_128_CBC_SHA, TLS_EMPTY_RENEGOTIATION_INFO_SCSV]
19:05:22.590 [main] DEBUG org.apache.hc.client5.http.ssl.SSLConnectionSocketFactory - Starting handshake
19:05:22.825 [main] DEBUG org.apache.hc.client5.http.ssl.SSLConnectionSocketFactory - Secure session established
19:05:22.825 [main] DEBUG org.apache.hc.client5.http.ssl.SSLConnectionSocketFactory -  negotiated protocol: TLSv1.3
19:05:22.825 [main] DEBUG org.apache.hc.client5.http.ssl.SSLConnectionSocketFactory -  negotiated cipher suite: TLS_AES_256_GCM_SHA384
19:05:22.825 [main] DEBUG org.apache.hc.client5.http.ssl.SSLConnectionSocketFactory -  peer principal: CN=*.github.io, O="GitHub, Inc.", L=San Francisco, ST=California, C=US
19:05:22.849 [main] DEBUG org.apache.hc.client5.http.ssl.SSLConnectionSocketFactory -  peer alternative names: [*.github.io, github.com, *.github.com, www.github.com, github.io, githubusercontent.com, *.githubusercontent.com]
19:05:22.849 [main] DEBUG org.apache.hc.client5.http.ssl.SSLConnectionSocketFactory -  issuer principal: CN=DigiCert TLS RSA SHA256 2020 CA1, O=DigiCert Inc, C=US
19:05:22.849 [main] DEBUG org.apache.hc.client5.http.impl.io.DefaultHttpClientConnectionOperator - http-outgoing-0: connection established 192.168.100.42:50350<->185.199.108.133:443
19:05:22.849 [main] DEBUG org.apache.hc.client5.http.impl.io.PoolingHttpClientConnectionManager - ep-00000000: connected http-outgoing-0
19:05:22.849 [main] DEBUG org.apache.hc.client5.http.impl.classic.InternalHttpClient - ep-00000000: endpoint connected
19:05:22.849 [main] DEBUG org.apache.hc.client5.http.impl.classic.MainClientExec - ex-00000001: executing GET /bonigarcia/webdrivermanager/master/src/main/resources/commands.properties HTTP/1.1
19:05:22.849 [main] DEBUG org.apache.hc.client5.http.impl.classic.InternalHttpClient - ep-00000000: start execution ex-00000001
19:05:22.849 [main] DEBUG org.apache.hc.client5.http.impl.io.PoolingHttpClientConnectionManager - ep-00000000: executing exchange ex-00000001 over http-outgoing-0
19:05:22.849 [main] DEBUG org.apache.hc.client5.http.headers - http-outgoing-0 >> GET /bonigarcia/webdrivermanager/master/src/main/resources/commands.properties HTTP/1.1
19:05:22.849 [main] DEBUG org.apache.hc.client5.http.headers - http-outgoing-0 >> user-agent: Apache-HttpClient/5.0
19:05:22.849 [main] DEBUG org.apache.hc.client5.http.headers - http-outgoing-0 >> accept-encoding: gzip, deflate, br
19:05:22.849 [main] DEBUG org.apache.hc.client5.http.headers - http-outgoing-0 >> cache-control: max-age=0
19:05:22.849 [main] DEBUG org.apache.hc.client5.http.headers - http-outgoing-0 >> connection: keep-alive
19:05:22.849 [main] DEBUG org.apache.hc.client5.http.headers - http-outgoing-0 >> Host: raw.githubusercontent.com
19:05:22.849 [main] DEBUG org.apache.hc.client5.http.wire - http-outgoing-0 >> "GET /bonigarcia/webdrivermanager/master/src/main/resources/commands.properties HTTP/1.1[\r][\n]"
19:05:22.849 [main] DEBUG org.apache.hc.client5.http.wire - http-outgoing-0 >> "user-agent: Apache-HttpClient/5.0[\r][\n]"
19:05:22.849 [main] DEBUG org.apache.hc.client5.http.wire - http-outgoing-0 >> "accept-encoding: gzip, deflate, br[\r][\n]"
19:05:22.849 [main] DEBUG org.apache.hc.client5.http.wire - http-outgoing-0 >> "cache-control: max-age=0[\r][\n]"
19:05:22.849 [main] DEBUG org.apache.hc.client5.http.wire - http-outgoing-0 >> "connection: keep-alive[\r][\n]"
19:05:22.849 [main] DEBUG org.apache.hc.client5.http.wire - http-outgoing-0 >> "Host: raw.githubusercontent.com[\r][\n]"
19:05:22.849 [main] DEBUG org.apache.hc.client5.http.wire - http-outgoing-0 >> "[\r][\n]"
19:05:22.899 [main] DEBUG org.apache.hc.client5.http.wire - http-outgoing-0 << "HTTP/1.1 200 OK[\r][\n]"
19:05:22.899 [main] DEBUG org.apache.hc.client5.http.wire - http-outgoing-0 << "Connection: keep-alive[\r][\n]"
19:05:22.899 [main] DEBUG org.apache.hc.client5.http.wire - http-outgoing-0 << "Content-Length: 723[\r][\n]"
19:05:22.899 [main] DEBUG org.apache.hc.client5.http.wire - http-outgoing-0 << "Cache-Control: max-age=300[\r][\n]"
19:05:22.899 [main] DEBUG org.apache.hc.client5.http.wire - http-outgoing-0 << "Content-Security-Policy: default-src 'none'; style-src 'unsafe-inline'; sandbox[\r][\n]"
19:05:22.899 [main] DEBUG org.apache.hc.client5.http.wire - http-outgoing-0 << "Content-Type: text/plain; charset=utf-8[\r][\n]"
19:05:22.900 [main] DEBUG org.apache.hc.client5.http.wire - http-outgoing-0 << "ETag: W/"e82b438271e9e8680c688b0b680efd0bdd22faa6d6f0a32fc1fd8accc486b67e"[\r][\n]"
19:05:22.900 [main] DEBUG org.apache.hc.client5.http.wire - http-outgoing-0 << "Strict-Transport-Security: max-age=31536000[\r][\n]"
19:05:22.900 [main] DEBUG org.apache.hc.client5.http.wire - http-outgoing-0 << "X-Content-Type-Options: nosniff[\r][\n]"
19:05:22.900 [main] DEBUG org.apache.hc.client5.http.wire - http-outgoing-0 << "X-Frame-Options: deny[\r][\n]"
19:05:22.900 [main] DEBUG org.apache.hc.client5.http.wire - http-outgoing-0 << "X-XSS-Protection: 1; mode=block[\r][\n]"
19:05:22.900 [main] DEBUG org.apache.hc.client5.http.wire - http-outgoing-0 << "X-GitHub-Request-Id: 8C88:0B5B:52CD10:70F5C6:62CA17D0[\r][\n]"
19:05:22.900 [main] DEBUG org.apache.hc.client5.http.wire - http-outgoing-0 << "Content-Encoding: gzip[\r][\n]"
19:05:22.900 [main] DEBUG org.apache.hc.client5.http.wire - http-outgoing-0 << "Accept-Ranges: bytes[\r][\n]"
19:05:22.901 [main] DEBUG org.apache.hc.client5.http.wire - http-outgoing-0 << "Date: Sun, 17 Jul 2022 12:09:06 GMT[\r][\n]"
19:05:22.901 [main] DEBUG org.apache.hc.client5.http.wire - http-outgoing-0 << "Via: 1.1 varnish[\r][\n]"
19:05:22.901 [main] DEBUG org.apache.hc.client5.http.wire - http-outgoing-0 << "X-Served-By: cache-qpg1241-QPG[\r][\n]"
19:05:22.901 [main] DEBUG org.apache.hc.client5.http.wire - http-outgoing-0 << "X-Cache: HIT[\r][\n]"
19:05:22.901 [main] DEBUG org.apache.hc.client5.http.wire - http-outgoing-0 << "X-Cache-Hits: 1[\r][\n]"
19:05:22.901 [main] DEBUG org.apache.hc.client5.http.wire - http-outgoing-0 << "X-Timer: S1658059746.280694,VS0,VE1[\r][\n]"
19:05:22.901 [main] DEBUG org.apache.hc.client5.http.wire - http-outgoing-0 << "Vary: Authorization,Accept-Encoding,Origin[\r][\n]"
19:05:22.901 [main] DEBUG org.apache.hc.client5.http.wire - http-outgoing-0 << "Access-Control-Allow-Origin: *[\r][\n]"
19:05:22.901 [main] DEBUG org.apache.hc.client5.http.wire - http-outgoing-0 << "X-Fastly-Request-ID: 4fff1871058e0d9c9a51c5628c68c29e51141f74[\r][\n]"
19:05:22.901 [main] DEBUG org.apache.hc.client5.http.wire - http-outgoing-0 << "Expires: Sun, 17 Jul 2022 12:14:06 GMT[\r][\n]"
19:05:22.901 [main] DEBUG org.apache.hc.client5.http.wire - http-outgoing-0 << "Source-Age: 94[\r][\n]"
19:05:22.903 [main] DEBUG org.apache.hc.client5.http.wire - http-outgoing-0 << "[\r][\n]"
19:05:22.910 [main] DEBUG org.apache.hc.client5.http.headers - http-outgoing-0 << HTTP/1.1 200 OK
19:05:22.910 [main] DEBUG org.apache.hc.client5.http.headers - http-outgoing-0 << Connection: keep-alive
19:05:22.910 [main] DEBUG org.apache.hc.client5.http.headers - http-outgoing-0 << Content-Length: 723
19:05:22.910 [main] DEBUG org.apache.hc.client5.http.headers - http-outgoing-0 << Cache-Control: max-age=300
19:05:22.911 [main] DEBUG org.apache.hc.client5.http.headers - http-outgoing-0 << Content-Security-Policy: default-src 'none'; style-src 'unsafe-inline'; sandbox
19:05:22.911 [main] DEBUG org.apache.hc.client5.http.headers - http-outgoing-0 << Content-Type: text/plain; charset=utf-8
19:05:22.911 [main] DEBUG org.apache.hc.client5.http.headers - http-outgoing-0 << ETag: W/"e82b438271e9e8680c688b0b680efd0bdd22faa6d6f0a32fc1fd8accc486b67e"
19:05:22.911 [main] DEBUG org.apache.hc.client5.http.headers - http-outgoing-0 << Strict-Transport-Security: max-age=31536000
19:05:22.911 [main] DEBUG org.apache.hc.client5.http.headers - http-outgoing-0 << X-Content-Type-Options: nosniff
19:05:22.911 [main] DEBUG org.apache.hc.client5.http.headers - http-outgoing-0 << X-Frame-Options: deny
19:05:22.911 [main] DEBUG org.apache.hc.client5.http.headers - http-outgoing-0 << X-XSS-Protection: 1; mode=block
19:05:22.911 [main] DEBUG org.apache.hc.client5.http.headers - http-outgoing-0 << X-GitHub-Request-Id: 8C88:0B5B:52CD10:70F5C6:62CA17D0
19:05:22.911 [main] DEBUG org.apache.hc.client5.http.headers - http-outgoing-0 << Content-Encoding: gzip
19:05:22.911 [main] DEBUG org.apache.hc.client5.http.headers - http-outgoing-0 << Accept-Ranges: bytes
19:05:22.911 [main] DEBUG org.apache.hc.client5.http.headers - http-outgoing-0 << Date: Sun, 17 Jul 2022 12:09:06 GMT
19:05:22.911 [main] DEBUG org.apache.hc.client5.http.headers - http-outgoing-0 << Via: 1.1 varnish
19:05:22.911 [main] DEBUG org.apache.hc.client5.http.headers - http-outgoing-0 << X-Served-By: cache-qpg1241-QPG
19:05:22.911 [main] DEBUG org.apache.hc.client5.http.headers - http-outgoing-0 << X-Cache: HIT
19:05:22.911 [main] DEBUG org.apache.hc.client5.http.headers - http-outgoing-0 << X-Cache-Hits: 1
19:05:22.912 [main] DEBUG org.apache.hc.client5.http.headers - http-outgoing-0 << X-Timer: S1658059746.280694,VS0,VE1
19:05:22.912 [main] DEBUG org.apache.hc.client5.http.headers - http-outgoing-0 << Vary: Authorization,Accept-Encoding,Origin
19:05:22.912 [main] DEBUG org.apache.hc.client5.http.headers - http-outgoing-0 << Access-Control-Allow-Origin: *
19:05:22.912 [main] DEBUG org.apache.hc.client5.http.headers - http-outgoing-0 << X-Fastly-Request-ID: 4fff1871058e0d9c9a51c5628c68c29e51141f74
19:05:22.912 [main] DEBUG org.apache.hc.client5.http.headers - http-outgoing-0 << Expires: Sun, 17 Jul 2022 12:14:06 GMT
19:05:22.912 [main] DEBUG org.apache.hc.client5.http.headers - http-outgoing-0 << Source-Age: 94
19:05:22.917 [main] DEBUG org.apache.hc.client5.http.impl.classic.MainClientExec - ex-00000001: connection can be kept alive for 3 MINUTES
19:05:22.917 [main] DEBUG org.apache.hc.client5.http.wire - http-outgoing-0 << "[0x1f][0xffffff8b][0x8][0x0][0x0][0x0][0x0][0x0][0x0][0x3][0xffffffb5]V]o[0xffffffda]0[0x14]}[0xffffffe7]W\[0xffffff81]*[0xffffffb5][0x12][0x1f][[M[0xffffffd3]$[0x1e]hF[0xffffffbb]i [0x18][0xffffffb4][0xffffffdd]&[0xfffffff9][0xffffffc5]$7[0xffffffc1]R[0x12]#;[0xffffff94]v[0xffffffbf]~[0xffffffb6][0xfffffff3]1[0xffffff92][0xffffff9a][0xffffffc1][0x1a]x[0xffffffcb][0xffffffb5][0xffffffaf][0xffffffcf]9[0xffffffbe][0xfffffff7]8v[0xb][0x1c][0x1e]E4[0xfffffff6]$x4[0xffffffa1][0xb]*[0xffffffb1][0xffffffd1][0xffffff82][0xfffffffb]%[0xffffff93][0xffffffe0][0xffffffb3][0x10][0xffffffc1][0xffffffe5]qBY,!Y[0xffffffea] KM8,[0x10][0xfffffff0][0x19][0xffffffdd]u[0xffffff82][0x1e][0xffffffb0][0xffffffd8]L[0xffffffcb]%[0xffffff86][0xffffffa1][0xe][0xffffffb8][0xfffffff0]P[0xffffffe8]$[0xf][0x13]t[0x13]3[0xfffffff9][0xffffff84]B2[0xffffffae][0xffffffe6]|@[0xfffffff5][0x1d][0x8][0xffffffc4][0x18][0x16][0xffffff82]o[0xffffffa4][0xffffff9a]P[0xffffff94][0xffffffe7][0xffffffce]R[0xfffffff0][0x8][0xffffffdb]p[0xffffffcb][0x4][0xfffffffa][0xfffffffc][0xffffffb9][\r][0xffffff93][0x15][\n]"
19:05:22.931 [main] DEBUG org.apache.hc.client5.http.wire - http-outgoing-0 << "[0xffffffda][0xffffff86][0xffffffa1][0x17][0xffffffa8]Q3[0xffffffcb][0xffffffd6][0xffffffd1][0xffffff85][0xffffffc6][0xfffffff7][0xffffff98][0xffffffef][0xffffffa3][0xffffffc0]8[0x1][0xffffffae]s[0x12][0x16][0x7] _d[0xffffff82][0xffffff91][0xffffff84][0xfffffff3][0x1f],[0xfffffff6][0x14]j[0x1b]F,^+[0xffffff98]1ua2[0xffffffbf]h([0xffffff8e][0xffffff94][0xffffffa2][0xffffff91]m[0xffffffa3][0xffffffeb][0xffffff9a][0xffffffb0][0xffffffbb]I[0x17]t[0xffffffdf][0xffffffbd][0xffffffef][0xffffffbb][0xffffff91][0xffffffd7]U[0xffffffbb][0xffffff82][0xffffff9e][0x3][0xffffff9b][0xffffff88][0xffffffb9][0xffffffa6]$[0xffffffa6][0xc][0xffffff9b][0xffffffa5][0xffffffe2][0xffffff83][0xffffff98]F[0xffffffd8]o[0xffffff9e]Mg[0xffffff93][0xffffffbb][0xffffffd9]`|[0xfffffffb]u4[0xffffff9c][0x7f]"}B[0xffffffce][0x8][0xffffffb9][0xffffffe3]<[0x8][0xffffff91][0xffffff90][0xffffff94][0xffffff82][0xffffff90][0xffffffc1]j[0x15]2WI[0xffffffe3]1![0x19][0xffffff91]BnB[0xffffff80][0x9]<f[0xffffffb5][0xffffffe8]=[0xffffffd1]p[0xffffffbd][[0xffffffcf][0xffffffe5][0x1b][0xfffffff4][0xffffff9c][0xffffffff][0xfffffffc][0xfffffff8][0xffffffe1][0xffffffe2][0xffffff94][0xffffffa2][0xffffffae][0xe][0x14]5[0xffffff9a]8[0xffffff83][0xffffffd1]`:[0xfffffffd]<[0xffffffb8][0x1f][0xffffff9c]R[0xffffffcf]u[0x7f]6[0xffffffbc][0xffffff83][0xffffffef][0xf][0xffffffc3][0xffffffd9]/[0xfffffff8][0xfffffff2][0xffffffcd]y s[0xffffffee]'[0x1b]*0g[0xffffffcb][0xffffffc8]nF7H][0xffffff83][0xffffff97]{[0xffffffb1]Q[0x5][\r][0xffffffb5]c[0xffffffb4][0xf][0x2][0xffffffb3][0xffffffb4][0xffffff93][0xe]C[0xffffffa7][0xffffffb3]kAD][0xffffff9d][0xffffffde][0xffffffdb][0xffffffda][0xffffff88][0xffffffec][0xffffffa5][0xffffffbc][0xffffff99][0xffffffd9][0xffffffba]t[0xffffffb5][0xffffffea]9[0xffffffea][0x10])[0xffffffb7][0xffffffca][0xffffff9e][0xfffffff2][0xffffffe2]d^N[0xffffffd8]FW[0x16][0xffffffcd][0xffffffdc]_[0x10][0xfffffff9]i|[0x1c][0xffffff93][0xffffff8e][0xfffffff9]o[0x16][0xffffff86]4'!$G[0xffffffdf]W[0xfffffff4]W*j[[0xfffffff3]xR[0xffffffae][0xffffffb6][0xc][0xffffffd0],; #[0xffffffa9][0xffffff92]5[0xffffffb5][0x7][0xffffff9c][0xffffffb5][0xffffffd0][0x7f][0xffffff90][0xffffffc7]jgs[0xfffffffc][0xffffffc2][0xb][0xffffffd9][0x0]t[0xffffff9e]^'Y[0xfffffffb][0xffffff9f][0xffffffb1][0xffffffd8]:[0xffffffbf][0xffffff8d][0xffffffa5][0xffffff9a][0xffffffad][0x7f]m[0x5]&[0xffffffaa][0xffffffa0]^[0xffffff9b][0xffffffcb][0x5]f[0xffffffae][0xffffffe0]RU[0xffffff82][0x10]MS9l[0xffffff91]4t[0xfffffffb][0xffffff8a]][0xffffffd6][0xfffffff4][0xffffff96][0xffffffa6][0xffffff9f]P[0xffffffce][0xffffffd5][0xffffffce][0xffffff93][0xffffffff][0xffffff97][0xffffffcc]p[0xfffffffd][0xfffffff3][0xffffffe8][0x1b][0xffffffcc][0xffffffa2][0xffffffd9]Q[0xffffffbe][0xffffffb2][0xffffffa3][0xffffffc7]m'[0xffffffdf][0xffffffe4][[0xfffffffb]^[0xffffffb0][0xffffff9a][0xffffffbe][0xffffffda][0xffffffda]_[0xffffffce][0xffffff80][0xffffffd2][0xffffffc1]7[0xffffffb7]][0xffffffc1]b[0xffffffee][0xffffffb5][0xffffffff]w[0xffffff83][0xffffffed][0xffffffa7];[0x15]<[0x10]4[0xffffff92][0xffffff84][0x18][\n]"
19:05:22.931 [main] DEBUG org.apache.hc.client5.http.wire - http-outgoing-0 << "BB[0xffffffba][0xffffff8e]][0xffffffb5]jo[0xffffffb9]+"[0xffffffea][0xffffffb4][0xffffffff]h"[0xffffffea]\?5[0xffffffa9][0xffffffaf]k[0xffffffec][0xffffffff]P[0xffffffea][\n]"
19:05:22.932 [main] DEBUG org.apache.hc.client5.http.wire - http-outgoing-0 << "w[0xffffffe1]K[0x13][0xffffffda][0xffffffec][0xffffff98][0xffffffe6]Y[0xfffffffd]h8m6[0xffffff9c]T[0xffffffc1][0xfffffff2][0xffffffa7][0xffffff91]z_[0xffffff95]o85p[0x1c][0x13][0xffffffe6][0xfffffff0]5[0xffffffee][0xfffffffc][0xffffff92][0xffffff96][0xffffffda][0xfffffff7][0xffffffcf][0xffffffb1][0x5][0x1d][0xffffffea]K[0xffffff9b]9[0xffffff8e][0xffffffad]e[0xfffffff7][0xffffff93][0xffffffa8]`[0xffffffda][0xffffffff][0x1a][0xffffffd2][0xffffff88][0xffffff85][0xfffffffd][0xfffffff2][0xffffff91]N[0xfffffff6]`[0xffffffdf]2[0xffffffcf][0xffffffae]E[0xffffff97][0xffffffc5][0xffffffa2][0xffffff9d][0xffffffef]'[0xffffff9d]mun.[0xffffffd3]f^[0xffffffc7][0xffffff82][0xffffffda][0xffffff82]9[0xfffffff5][0xffffffa9]`[0x5][0xffffffbc]4[0xffffffa1][0x1d]<M[0xffffffb5]A[0xffffffa7]3[[0xffffffc0][0x7f][0x0][0xffffffc1][0xffffffd0]$[0xffffff85][0x1d][\r][0x0][0x0]"
19:05:22.932 [main] DEBUG org.apache.hc.client5.http.impl.classic.InternalHttpClient - ep-00000000: releasing valid endpoint
19:05:22.932 [main] DEBUG org.apache.hc.client5.http.impl.io.PoolingHttpClientConnectionManager - ep-00000000: releasing endpoint
19:05:22.932 [main] DEBUG org.apache.hc.client5.http.impl.io.PoolingHttpClientConnectionManager - ep-00000000: connection http-outgoing-0 can be kept alive for 3 MINUTES
19:05:22.936 [main] DEBUG org.apache.hc.client5.http.impl.io.PoolingHttpClientConnectionManager - ep-00000000: connection released [route: {s}->https://raw.githubusercontent.com:443][total available: 1; route allocated: 1 of 5; total allocated: 1 of 25]
19:05:22.936 [main] DEBUG io.github.bonigarcia.wdm.versions.VersionDetector - Detecting chrome version using online commands.properties
19:05:22.939 [main] DEBUG io.github.bonigarcia.wdm.versions.Shell - Running command on the shell: [cmd.exe, /C, wmic, datafile, where, name="%PROGRAMFILES:\=\\%\\Google\\Chrome\\Application\\chrome.exe", get, Version, /value]
19:05:23.205 [main] DEBUG io.github.bonigarcia.wdm.versions.Shell - Result: 
19:05:23.206 [main] DEBUG io.github.bonigarcia.wdm.versions.Shell - Running command on the shell: [cmd.exe, /C, wmic, datafile, where, name="%PROGRAMFILES(X86):\=\\%\\Google\\Chrome\\Application\\chrome.exe", get, Version, /value]
19:05:23.354 [main] DEBUG io.github.bonigarcia.wdm.versions.Shell - Result: Version=103.0.5060.114
19:05:23.367 [main] DEBUG io.github.bonigarcia.wdm.cache.ResolutionCache - Resolution chrome103=103.0.5060.53 in cache (valid until 17:54:33 18/07/2022 ICT)
19:05:23.367 [main] INFO io.github.bonigarcia.wdm.WebDriverManager - Using chromedriver 103.0.5060.53 (resolved driver for Chrome 103)
19:05:23.383 [main] DEBUG io.github.bonigarcia.wdm.cache.ResolutionCache - Storing resolution chrome=103 in cache (valid until 20:05:23 17/07/2022 ICT)
19:05:23.418 [main] DEBUG io.github.bonigarcia.wdm.WebDriverManager - Driver chromedriver 103.0.5060.53 found in cache
19:05:23.418 [main] INFO io.github.bonigarcia.wdm.WebDriverManager - Exporting webdriver.chrome.driver as C:\Users\Bagas Dwi Saputra\.cache\selenium\chromedriver\win32\103.0.5060.53\chromedriver.exe
19:05:24.448 [main] DEBUG net.thucydides.core.reflection.ClassFinder - Could not load class .CucumberTestSuite
19:05:24.448 [main] DEBUG net.thucydides.core.reflection.ClassFinder - Could not load class .starter.pages.ArsipJadwalPage
19:05:24.448 [main] DEBUG net.thucydides.core.reflection.ClassFinder - Could not load class .starter.pages.DashboardPage
19:05:24.451 [main] DEBUG net.thucydides.core.reflection.ClassFinder - Could not load class .starter.pages.DokterDataPage
19:05:24.451 [main] DEBUG net.thucydides.core.reflection.ClassFinder - Could not load class .starter.pages.KelolaJadwalPage
19:05:24.451 [main] DEBUG net.thucydides.core.reflection.ClassFinder - Could not load class .starter.pages.LoginPage
19:05:24.451 [main] DEBUG net.thucydides.core.reflection.ClassFinder - Could not load class .starter.pages.PatientDataPage
19:05:24.451 [main] DEBUG net.thucydides.core.reflection.ClassFinder - Could not load class .starter.stepdefinitios.ArsipJadwalSteps
19:05:24.451 [main] DEBUG net.thucydides.core.reflection.ClassFinder - Could not load class .starter.stepdefinitios.DokterDataSteps
19:05:24.451 [main] DEBUG net.thucydides.core.reflection.ClassFinder - Could not load class .starter.stepdefinitios.KelolaJadwalSteps
19:05:24.451 [main] DEBUG net.thucydides.core.reflection.ClassFinder - Could not load class .starter.stepdefinitios.LoginSteps
19:05:24.451 [main] DEBUG net.thucydides.core.reflection.ClassFinder - Could not load class .starter.stepdefinitios.PatientDataSteps
19:05:24.452 [main] DEBUG net.thucydides.core.reflection.ClassFinder - Could not load class META-INF.versions.9.com.sun.istack.logging.StackHelper
19:05:24.452 [main] DEBUG net.thucydides.core.reflection.ClassFinder - Could not load class META-INF.versions.9.com.sun.xml.bind.v2.runtime.reflect.opt.AccessorInjector
19:05:24.452 [main] DEBUG net.thucydides.core.reflection.ClassFinder - Could not load class META-INF.versions.9.com.sun.xml.bind.v2.runtime.reflect.opt.Injector
19:05:24.453 [main] DEBUG net.thucydides.core.reflection.ClassFinder - Could not load class META-INF.versions.9.com.sun.xml.bind.v2.runtime.reflect.opt.OptimizedAccessorFactory
19:05:24.453 [main] DEBUG net.thucydides.core.reflection.ClassFinder - Could not load class META-INF.versions.9.com.sun.xml.bind.v2.runtime.reflect.opt.OptimizedTransducedAccessorFactory
19:05:24.453 [main] DEBUG net.thucydides.core.reflection.ClassFinder - Could not load class META-INF.versions.9.io.opentelemetry.sdk.internal.CurrentJavaVersionSpecific
19:05:24.454 [main] DEBUG net.thucydides.core.reflection.ClassFinder - Could not load class META-INF.versions.9.io.opentelemetry.sdk.internal.Java9VersionSpecific
19:05:24.454 [main] DEBUG net.thucydides.core.reflection.ClassFinder - Could not load class META-INF.versions.9.javax.xml.bind.ModuleUtil
19:05:24.454 [main] DEBUG net.thucydides.core.reflection.ClassFinder - Could not load class META-INF.versions.9.module-info
19:05:24.455 [main] DEBUG net.thucydides.core.reflection.ClassFinder - Could not load class META-INF.versions.9.org.codehaus.plexus.languages.java.jpms.BinaryModuleInfoParser
19:05:24.455 [main] DEBUG net.thucydides.core.reflection.ClassFinder - Could not load class META-INF.versions.9.org.codehaus.plexus.languages.java.jpms.CmdModuleNameExtractor
19:05:24.455 [main] DEBUG net.thucydides.core.reflection.ClassFinder - Could not load class META-INF.versions.9.org.junit.platform.commons.util.ModuleUtils
19:05:24.845 [main] DEBUG net.thucydides.core.reflection.ClassFinder - Could not load class com.google.gson.internal.
19:05:25.108 [main] DEBUG net.thucydides.core.reflection.ClassFinder - Could not load class com.sun.xml.bind.v2.runtime.output.FastInfosetStreamWriterOutput
19:05:25.668 [main] DEBUG net.thucydides.core.reflection.ClassFinder - Could not load class module-info
19:05:29.978 [main] DEBUG io.netty.util.internal.logging.InternalLoggerFactory - Using SLF4J as the default logging framework
19:05:29.978 [main] DEBUG io.netty.util.ResourceLeakDetector - -Dio.netty.leakDetection.level: simple
19:05:29.978 [main] DEBUG io.netty.util.ResourceLeakDetector - -Dio.netty.leakDetection.targetRecords: 4
19:05:29.987 [main] DEBUG io.netty.util.ResourceLeakDetectorFactory - Loaded default ResourceLeakDetector: io.netty.util.ResourceLeakDetector@1532b1d
19:05:30.024 [main] DEBUG io.netty.util.internal.PlatformDependent0 - -Dio.netty.noUnsafe: false
19:05:30.024 [main] DEBUG io.netty.util.internal.PlatformDependent0 - Java version: 11
19:05:30.025 [main] DEBUG io.netty.util.internal.PlatformDependent0 - sun.misc.Unsafe.theUnsafe: available
19:05:30.025 [main] DEBUG io.netty.util.internal.PlatformDependent0 - sun.misc.Unsafe.copyMemory: available
19:05:30.026 [main] DEBUG io.netty.util.internal.PlatformDependent0 - java.nio.Buffer.address: available
19:05:30.026 [main] DEBUG io.netty.util.internal.PlatformDependent0 - direct buffer constructor: unavailable: Reflective setAccessible(true) disabled
19:05:30.028 [main] DEBUG io.netty.util.internal.PlatformDependent0 - java.nio.Bits.unaligned: available, true
19:05:30.029 [main] DEBUG io.netty.util.internal.PlatformDependent0 - jdk.internal.misc.Unsafe.allocateUninitializedArray(int): unavailable: class io.netty.util.internal.PlatformDependent0$6 cannot access class jdk.internal.misc.Unsafe (in module java.base) because module java.base does not export jdk.internal.misc to unnamed module @29d2d081
19:05:30.029 [main] DEBUG io.netty.util.internal.PlatformDependent0 - java.nio.DirectByteBuffer.<init>(long, int): unavailable
19:05:30.029 [main] DEBUG io.netty.util.internal.PlatformDependent - sun.misc.Unsafe: available
19:05:30.029 [main] DEBUG io.netty.util.internal.PlatformDependent - maxDirectMemory: 3179282432 bytes (maybe)
19:05:30.029 [main] DEBUG io.netty.util.internal.PlatformDependent - -Dio.netty.tmpdir: C:\Users\BAGASD~1\AppData\Local\Temp (java.io.tmpdir)
19:05:30.029 [main] DEBUG io.netty.util.internal.PlatformDependent - -Dio.netty.bitMode: 64 (sun.arch.data.model)
19:05:30.029 [main] DEBUG io.netty.util.internal.PlatformDependent - Platform: Windows
19:05:30.029 [main] DEBUG io.netty.util.internal.PlatformDependent - -Dio.netty.maxDirectMemory: -1 bytes
19:05:30.029 [main] DEBUG io.netty.util.internal.PlatformDependent - -Dio.netty.uninitializedArrayAllocationThreshold: -1
19:05:30.029 [main] DEBUG io.netty.util.internal.CleanerJava9 - java.nio.ByteBuffer.cleaner(): available
19:05:30.029 [main] DEBUG io.netty.util.internal.PlatformDependent - -Dio.netty.noPreferDirect: false
19:05:30.045 [main] DEBUG io.netty.util.internal.PlatformDependent - org.jctools-core.MpscChunkedArrayQueue: available
19:05:30.070 [main] DEBUG io.netty.util.internal.InternalThreadLocalMap - -Dio.netty.threadLocalMap.stringBuilder.initialSize: 1024
19:05:30.070 [main] DEBUG io.netty.util.internal.InternalThreadLocalMap - -Dio.netty.threadLocalMap.stringBuilder.maxSize: 4096
19:05:30.086 [main] DEBUG io.netty.handler.ssl.JdkSslContext - Default protocols (JDK): [TLSv1.3, TLSv1.2] 
19:05:30.086 [main] DEBUG io.netty.handler.ssl.JdkSslContext - Default cipher suites (JDK): [TLS_ECDHE_ECDSA_WITH_AES_256_GCM_SHA384, TLS_ECDHE_ECDSA_WITH_AES_128_GCM_SHA256, TLS_ECDHE_RSA_WITH_AES_128_GCM_SHA256, TLS_ECDHE_RSA_WITH_AES_256_GCM_SHA384, TLS_ECDHE_RSA_WITH_AES_128_CBC_SHA, TLS_ECDHE_RSA_WITH_AES_256_CBC_SHA, TLS_RSA_WITH_AES_128_GCM_SHA256, TLS_RSA_WITH_AES_128_CBC_SHA, TLS_RSA_WITH_AES_256_CBC_SHA, TLS_AES_128_GCM_SHA256, TLS_AES_256_GCM_SHA384]
19:05:30.131 [main] DEBUG io.netty.channel.MultithreadEventLoopGroup - -Dio.netty.eventLoopThreads: 8
19:05:30.147 [main] DEBUG io.netty.channel.nio.NioEventLoop - -Dio.netty.noKeySetOptimization: false
19:05:30.147 [main] DEBUG io.netty.channel.nio.NioEventLoop - -Dio.netty.selectorAutoRebuildThreshold: 512
19:05:30.201 [main] DEBUG io.netty.buffer.PooledByteBufAllocator - -Dio.netty.allocator.numHeapArenas: 8
19:05:30.201 [main] DEBUG io.netty.buffer.PooledByteBufAllocator - -Dio.netty.allocator.numDirectArenas: 8
19:05:30.201 [main] DEBUG io.netty.buffer.PooledByteBufAllocator - -Dio.netty.allocator.pageSize: 8192
19:05:30.201 [main] DEBUG io.netty.buffer.PooledByteBufAllocator - -Dio.netty.allocator.maxOrder: 9
19:05:30.201 [main] DEBUG io.netty.buffer.PooledByteBufAllocator - -Dio.netty.allocator.chunkSize: 4194304
19:05:30.201 [main] DEBUG io.netty.buffer.PooledByteBufAllocator - -Dio.netty.allocator.smallCacheSize: 256
19:05:30.201 [main] DEBUG io.netty.buffer.PooledByteBufAllocator - -Dio.netty.allocator.normalCacheSize: 64
19:05:30.201 [main] DEBUG io.netty.buffer.PooledByteBufAllocator - -Dio.netty.allocator.maxCachedBufferCapacity: 32768
19:05:30.201 [main] DEBUG io.netty.buffer.PooledByteBufAllocator - -Dio.netty.allocator.cacheTrimInterval: 8192
19:05:30.201 [main] DEBUG io.netty.buffer.PooledByteBufAllocator - -Dio.netty.allocator.cacheTrimIntervalMillis: 0
19:05:30.201 [main] DEBUG io.netty.buffer.PooledByteBufAllocator - -Dio.netty.allocator.useCacheForAllThreads: false
19:05:30.201 [main] DEBUG io.netty.buffer.PooledByteBufAllocator - -Dio.netty.allocator.maxCachedByteBuffersPerChunk: 1023
19:05:30.219 [main] DEBUG io.netty.buffer.ByteBufUtil - -Dio.netty.allocator.type: pooled
19:05:30.219 [main] DEBUG io.netty.buffer.ByteBufUtil - -Dio.netty.threadLocalDirectBufferSize: 0
19:05:30.219 [main] DEBUG io.netty.buffer.ByteBufUtil - -Dio.netty.maxThreadLocalCharBufferSize: 16384
19:05:30.477 [main] DEBUG net.serenitybdd.core.webdriver.driverproviders.ProvideNewDriver - Instantiating driver
19:05:30.477 [main] DEBUG net.serenitybdd.core.webdriver.driverproviders.ProvideNewDriver - Driver capabilities: Capabilities {acceptInsecureCerts: false, base.url: https://fanciful-trifle-360..., browserName: chrome, chorme.driver: src/test/resources/webdrive..., driver: chrome, goog:chromeOptions: {args: [], extensions: []}}
19:05:30.935 [Forwarding newSession on session null to remote] DEBUG io.netty.channel.DefaultChannelId - -Dio.netty.processId: 22208 (auto-detected)
19:05:30.943 [Forwarding newSession on session null to remote] DEBUG io.netty.util.NetUtil - -Djava.net.preferIPv4Stack: false
19:05:30.943 [Forwarding newSession on session null to remote] DEBUG io.netty.util.NetUtil - -Djava.net.preferIPv6Addresses: false
19:05:31.068 [Forwarding newSession on session null to remote] DEBUG io.netty.util.NetUtilInitializations - Loopback interface: lo (Software Loopback Interface 1, 127.0.0.1)
19:05:31.070 [Forwarding newSession on session null to remote] DEBUG io.netty.util.NetUtil - Failed to get SOMAXCONN from sysctl and file \proc\sys\net\core\somaxconn. Default: 200
19:05:31.279 [Forwarding newSession on session null to remote] DEBUG io.netty.channel.DefaultChannelId - -Dio.netty.machineId: 80:38:fb:ff:fe:ac:4a:4a (auto-detected)
19:05:31.381 [AsyncHttpClient-1-2] DEBUG io.netty.buffer.AbstractByteBuf - -Dio.netty.buffer.checkAccessible: true
19:05:31.382 [AsyncHttpClient-1-2] DEBUG io.netty.buffer.AbstractByteBuf - -Dio.netty.buffer.checkBounds: true
19:05:31.382 [AsyncHttpClient-1-2] DEBUG io.netty.util.ResourceLeakDetectorFactory - Loaded default ResourceLeakDetector: io.netty.util.ResourceLeakDetector@1d86410a
19:05:31.401 [AsyncHttpClient-1-2] DEBUG org.asynchttpclient.netty.channel.NettyConnectListener - Using new Channel '[id: 0xb279cbd5, L:/127.0.0.1:50372 - R:localhost/127.0.0.1:63697]' for 'POST' to '/session'
19:05:31.418 [AsyncHttpClient-1-2] DEBUG io.netty.util.Recycler - -Dio.netty.recycler.maxCapacityPerThread: 4096
19:05:31.418 [AsyncHttpClient-1-2] DEBUG io.netty.util.Recycler - -Dio.netty.recycler.ratio: 8
19:05:31.418 [AsyncHttpClient-1-2] DEBUG io.netty.util.Recycler - -Dio.netty.recycler.chunkSize: 32
19:05:31.418 [AsyncHttpClient-1-2] DEBUG io.netty.util.Recycler - -Dio.netty.recycler.blocking: false
19:05:32.235 [AsyncHttpClient-1-2] DEBUG io.netty.handler.codec.compression.Brotli - brotli4j not in the classpath; Brotli support will be unavailable.
19:05:32.235 [AsyncHttpClient-1-2] DEBUG org.asynchttpclient.netty.handler.HttpHandler - 

Request DefaultHttpRequest(decodeResult: success, version: HTTP/1.1)
POST /session HTTP/1.1
User-Agent: selenium/4.1.4 (java windows)
Content-Length: 629
Content-Type: application/json; charset=utf-8
host: localhost:63697
accept: */*

Response DefaultHttpResponse(decodeResult: success, version: HTTP/1.1)
HTTP/1.1 200 OK
Content-Type: application/json; charset=utf-8
cache-control: no-cache
content-length: 793

19:05:32.250 [AsyncHttpClient-1-2] DEBUG org.asynchttpclient.netty.channel.ChannelManager - Adding key: http://localhost:63697 for channel [id: 0xb279cbd5, L:/127.0.0.1:50372 - R:localhost/127.0.0.1:63697]
19:05:32.267 [AsyncHttpClient-1-1] DEBUG org.asynchttpclient.netty.channel.DefaultChannelPool - Entry count for : http://localhost:63697 : 1
19:05:32.412 [AsyncHttpClient-1-3] DEBUG org.asynchttpclient.netty.channel.NettyConnectListener - Using new Channel '[id: 0x0ae0c031, L:/127.0.0.1:50379 - R:localhost/127.0.0.1:50373]' for 'GET' to '/json/version'
19:05:32.419 [AsyncHttpClient-1-3] DEBUG org.asynchttpclient.netty.handler.HttpHandler - 

Request DefaultFullHttpRequest(decodeResult: success, version: HTTP/1.1, content: EmptyByteBufBE)
GET /json/version HTTP/1.1
User-Agent: selenium/4.1.4 (java windows)
host: localhost:50373
accept: */*

Response DefaultHttpResponse(decodeResult: success, version: HTTP/1.1)
HTTP/1.1 200 OK
Content-Type: application/json; charset=UTF-8
content-length: 429

19:05:32.419 [AsyncHttpClient-1-3] DEBUG org.asynchttpclient.netty.channel.ChannelManager - Adding key: http://localhost:50373 for channel [id: 0x0ae0c031, L:/127.0.0.1:50379 - R:localhost/127.0.0.1:50373]
19:05:32.431 [main] DEBUG io.netty.util.internal.ThreadLocalRandom - -Dio.netty.initialSeedUniquifier: 0x0a585824a424c017
19:05:32.441 [AsyncHttpClient-1-4] DEBUG org.asynchttpclient.netty.channel.NettyConnectListener - Using new Channel '[id: 0x891a6433, L:/127.0.0.1:50381 - R:localhost/127.0.0.1:50373]' for 'GET' to '/devtools/browser/d775140c-bc86-457b-b234-625e856500dc'
19:05:32.447 [AsyncHttpClient-1-4] DEBUG org.asynchttpclient.netty.handler.WebSocketHandler - 

Request DefaultFullHttpRequest(decodeResult: success, version: HTTP/1.1, content: EmptyByteBufBE)
GET /devtools/browser/d775140c-bc86-457b-b234-625e856500dc HTTP/1.1
upgrade: websocket
connection: upgrade
sec-websocket-key: h3BuBwOL+H/kDLdZj8DmCQ==
sec-websocket-version: 13
origin: http://localhost:50373
host: localhost:50373
accept: */*
user-agent: AHC/2.1

Response DefaultHttpResponse(decodeResult: success, version: HTTP/1.1)
HTTP/1.1 101 WebSocket Protocol Handshake
Upgrade: WebSocket
Connection: Upgrade
Sec-WebSocket-Accept: niS4nLVZaHoOIBYCWMHPanQRVZk=

19:05:33.355 [AsyncHttpClient-1-1] DEBUG org.asynchttpclient.netty.channel.DefaultChannelPool - Entry count for : http://localhost:63697 : 1
19:05:33.355 [AsyncHttpClient-1-1] DEBUG org.asynchttpclient.netty.channel.DefaultChannelPool - Entry count for : http://localhost:50373 : 1
19:05:33.847 [main] DEBUG net.thucydides.core.reflection.ClassFinder - Could not load class .CucumberTestSuite
19:05:33.847 [main] DEBUG net.thucydides.core.reflection.ClassFinder - Could not load class .starter.pages.ArsipJadwalPage
19:05:33.848 [main] DEBUG net.thucydides.core.reflection.ClassFinder - Could not load class .starter.pages.DashboardPage
19:05:33.848 [main] DEBUG net.thucydides.core.reflection.ClassFinder - Could not load class .starter.pages.DokterDataPage
19:05:33.849 [main] DEBUG net.thucydides.core.reflection.ClassFinder - Could not load class .starter.pages.KelolaJadwalPage
19:05:33.849 [main] DEBUG net.thucydides.core.reflection.ClassFinder - Could not load class .starter.pages.LoginPage
19:05:33.849 [main] DEBUG net.thucydides.core.reflection.ClassFinder - Could not load class .starter.pages.PatientDataPage
19:05:33.849 [main] DEBUG net.thucydides.core.reflection.ClassFinder - Could not load class .starter.stepdefinitios.ArsipJadwalSteps
19:05:33.849 [main] DEBUG net.thucydides.core.reflection.ClassFinder - Could not load class .starter.stepdefinitios.DokterDataSteps
19:05:33.849 [main] DEBUG net.thucydides.core.reflection.ClassFinder - Could not load class .starter.stepdefinitios.KelolaJadwalSteps
19:05:33.849 [main] DEBUG net.thucydides.core.reflection.ClassFinder - Could not load class .starter.stepdefinitios.LoginSteps
19:05:33.849 [main] DEBUG net.thucydides.core.reflection.ClassFinder - Could not load class .starter.stepdefinitios.PatientDataSteps
19:05:33.849 [main] DEBUG net.thucydides.core.reflection.ClassFinder - Could not load class META-INF.versions.9.com.sun.istack.logging.StackHelper
19:05:33.849 [main] DEBUG net.thucydides.core.reflection.ClassFinder - Could not load class META-INF.versions.9.com.sun.xml.bind.v2.runtime.reflect.opt.AccessorInjector
19:05:33.849 [main] DEBUG net.thucydides.core.reflection.ClassFinder - Could not load class META-INF.versions.9.com.sun.xml.bind.v2.runtime.reflect.opt.Injector
19:05:33.849 [main] DEBUG net.thucydides.core.reflection.ClassFinder - Could not load class META-INF.versions.9.com.sun.xml.bind.v2.runtime.reflect.opt.OptimizedAccessorFactory
19:05:33.849 [main] DEBUG net.thucydides.core.reflection.ClassFinder - Could not load class META-INF.versions.9.com.sun.xml.bind.v2.runtime.reflect.opt.OptimizedTransducedAccessorFactory
19:05:33.849 [main] DEBUG net.thucydides.core.reflection.ClassFinder - Could not load class META-INF.versions.9.io.opentelemetry.sdk.internal.CurrentJavaVersionSpecific
19:05:33.849 [main] DEBUG net.thucydides.core.reflection.ClassFinder - Could not load class META-INF.versions.9.io.opentelemetry.sdk.internal.Java9VersionSpecific
19:05:33.849 [main] DEBUG net.thucydides.core.reflection.ClassFinder - Could not load class META-INF.versions.9.javax.xml.bind.ModuleUtil
19:05:33.849 [main] DEBUG net.thucydides.core.reflection.ClassFinder - Could not load class META-INF.versions.9.module-info
19:05:33.849 [main] DEBUG net.thucydides.core.reflection.ClassFinder - Could not load class META-INF.versions.9.org.codehaus.plexus.languages.java.jpms.BinaryModuleInfoParser
19:05:33.849 [main] DEBUG net.thucydides.core.reflection.ClassFinder - Could not load class META-INF.versions.9.org.codehaus.plexus.languages.java.jpms.CmdModuleNameExtractor
19:05:33.849 [main] DEBUG net.thucydides.core.reflection.ClassFinder - Could not load class META-INF.versions.9.org.junit.platform.commons.util.ModuleUtils
19:05:33.849 [main] DEBUG net.thucydides.core.reflection.ClassFinder - Could not load class com.google.gson.internal.
19:05:33.849 [main] DEBUG net.thucydides.core.reflection.ClassFinder - Could not load class com.sun.xml.bind.v2.runtime.output.FastInfosetStreamWriterOutput
19:05:33.862 [main] DEBUG net.thucydides.core.reflection.ClassFinder - Could not load class module-info
19:05:33.893 [Forwarding get on session a0174ffd67e2347404d423da39abf51d to remote] DEBUG org.asynchttpclient.netty.request.NettyRequestSender - Using pooled Channel '[id: 0xb279cbd5, L:/127.0.0.1:50372 - R:localhost/127.0.0.1:63697]' for 'POST' to 'http://localhost:63697/session/a0174ffd67e2347404d423da39abf51d/url'
19:05:33.893 [Forwarding get on session a0174ffd67e2347404d423da39abf51d to remote] DEBUG org.asynchttpclient.netty.request.NettyRequestSender - Using open Channel [id: 0xb279cbd5, L:/127.0.0.1:50372 - R:localhost/127.0.0.1:63697] for POST '/session/a0174ffd67e2347404d423da39abf51d/url'
19:05:34.451 [AsyncHttpClient-1-1] DEBUG org.asynchttpclient.netty.channel.DefaultChannelPool - Entry count for : http://localhost:50373 : 1
19:05:34.608 [AsyncHttpClient-1-2] DEBUG org.asynchttpclient.netty.handler.HttpHandler - 

Request DefaultHttpRequest(decodeResult: success, version: HTTP/1.1)
POST /session/a0174ffd67e2347404d423da39abf51d/url HTTP/1.1
User-Agent: selenium/4.1.4 (java windows)
Content-Length: 78
Content-Type: application/json; charset=utf-8
host: localhost:63697
accept: */*

Response DefaultHttpResponse(decodeResult: success, version: HTTP/1.1)
HTTP/1.1 200 OK
Content-Type: application/json; charset=utf-8
cache-control: no-cache
content-length: 14

19:05:34.608 [AsyncHttpClient-1-2] DEBUG org.asynchttpclient.netty.channel.ChannelManager - Adding key: http://localhost:63697 for channel [id: 0xb279cbd5, L:/127.0.0.1:50372 - R:localhost/127.0.0.1:63697]
19:05:34.615 [Forwarding setTimeout on session a0174ffd67e2347404d423da39abf51d to remote] DEBUG org.asynchttpclient.netty.request.NettyRequestSender - Using pooled Channel '[id: 0xb279cbd5, L:/127.0.0.1:50372 - R:localhost/127.0.0.1:63697]' for 'POST' to 'http://localhost:63697/session/a0174ffd67e2347404d423da39abf51d/timeouts'
19:05:34.615 [Forwarding setTimeout on session a0174ffd67e2347404d423da39abf51d to remote] DEBUG org.asynchttpclient.netty.request.NettyRequestSender - Using open Channel [id: 0xb279cbd5, L:/127.0.0.1:50372 - R:localhost/127.0.0.1:63697] for POST '/session/a0174ffd67e2347404d423da39abf51d/timeouts'
19:05:34.622 [AsyncHttpClient-1-2] DEBUG org.asynchttpclient.netty.handler.HttpHandler - 

Request DefaultHttpRequest(decodeResult: success, version: HTTP/1.1)
POST /session/a0174ffd67e2347404d423da39abf51d/timeouts HTTP/1.1
User-Agent: selenium/4.1.4 (java windows)
Content-Length: 22
Content-Type: application/json; charset=utf-8
host: localhost:63697
accept: */*

Response DefaultHttpResponse(decodeResult: success, version: HTTP/1.1)
HTTP/1.1 200 OK
Content-Type: application/json; charset=utf-8
cache-control: no-cache
content-length: 14

19:05:34.623 [AsyncHttpClient-1-2] DEBUG org.asynchttpclient.netty.channel.ChannelManager - Adding key: http://localhost:63697 for channel [id: 0xb279cbd5, L:/127.0.0.1:50372 - R:localhost/127.0.0.1:63697]
19:05:34.627 [Forwarding getCurrentUrl on session a0174ffd67e2347404d423da39abf51d to remote] DEBUG org.asynchttpclient.netty.request.NettyRequestSender - Using pooled Channel '[id: 0xb279cbd5, L:/127.0.0.1:50372 - R:localhost/127.0.0.1:63697]' for 'GET' to 'http://localhost:63697/session/a0174ffd67e2347404d423da39abf51d/url'
19:05:34.627 [Forwarding getCurrentUrl on session a0174ffd67e2347404d423da39abf51d to remote] DEBUG org.asynchttpclient.netty.request.NettyRequestSender - Using open Channel [id: 0xb279cbd5, L:/127.0.0.1:50372 - R:localhost/127.0.0.1:63697] for GET '/session/a0174ffd67e2347404d423da39abf51d/url'
19:05:34.663 [AsyncHttpClient-1-2] DEBUG org.asynchttpclient.netty.handler.HttpHandler - 

Request DefaultFullHttpRequest(decodeResult: success, version: HTTP/1.1, content: EmptyByteBufBE)
GET /session/a0174ffd67e2347404d423da39abf51d/url HTTP/1.1
User-Agent: selenium/4.1.4 (java windows)
Cache-Control: no-cache
Content-Type: application/json; charset=utf-8
host: localhost:63697
accept: */*

Response DefaultHttpResponse(decodeResult: success, version: HTTP/1.1)
HTTP/1.1 200 OK
Content-Type: application/json; charset=utf-8
cache-control: no-cache
content-length: 60

19:05:34.663 [AsyncHttpClient-1-2] DEBUG org.asynchttpclient.netty.channel.ChannelManager - Adding key: http://localhost:63697 for channel [id: 0xb279cbd5, L:/127.0.0.1:50372 - R:localhost/127.0.0.1:63697]
19:05:34.708 [main] DEBUG net.serenitybdd.core.photography.Darkroom - Opening darkroom
19:05:34.709 [Darkroom Processing Line] DEBUG net.serenitybdd.core.photography.DarkroomProcessingLine - Darkroom processing line starting up
19:05:34.711 [Forwarding screenshot on session a0174ffd67e2347404d423da39abf51d to remote] DEBUG org.asynchttpclient.netty.request.NettyRequestSender - Using pooled Channel '[id: 0xb279cbd5, L:/127.0.0.1:50372 - R:localhost/127.0.0.1:63697]' for 'GET' to 'http://localhost:63697/session/a0174ffd67e2347404d423da39abf51d/screenshot'
19:05:34.711 [Forwarding screenshot on session a0174ffd67e2347404d423da39abf51d to remote] DEBUG org.asynchttpclient.netty.request.NettyRequestSender - Using open Channel [id: 0xb279cbd5, L:/127.0.0.1:50372 - R:localhost/127.0.0.1:63697] for GET '/session/a0174ffd67e2347404d423da39abf51d/screenshot'
19:05:34.930 [AsyncHttpClient-1-2] DEBUG org.asynchttpclient.netty.handler.HttpHandler - 

Request DefaultFullHttpRequest(decodeResult: success, version: HTTP/1.1, content: EmptyByteBufBE)
GET /session/a0174ffd67e2347404d423da39abf51d/screenshot HTTP/1.1
User-Agent: selenium/4.1.4 (java windows)
Cache-Control: no-cache
Content-Type: application/json; charset=utf-8
host: localhost:63697
accept: */*

Response DefaultHttpResponse(decodeResult: success, version: HTTP/1.1)
HTTP/1.1 200 OK
Content-Type: application/json; charset=utf-8
cache-control: no-cache
content-length: 380436

19:05:34.936 [AsyncHttpClient-1-2] DEBUG org.asynchttpclient.netty.channel.ChannelManager - Adding key: http://localhost:63697 for channel [id: 0xb279cbd5, L:/127.0.0.1:50372 - R:localhost/127.0.0.1:63697]
19:05:35.024 [main] DEBUG net.serenitybdd.core.photography.Darkroom - Send negative for processing for target\site\serenity\d122c364c40ece9db0ad32cd97c3fcf63e95ba606118dda8d3e5a1d2b8235ce2.png
19:05:35.025 [Darkroom Processing Line] DEBUG net.serenitybdd.core.photography.DarkroomProcessingLine - Processing screenshot image in /var/screenshots/screenshot-11218414923355356705
19:05:35.025 [Darkroom Processing Line] DEBUG net.serenitybdd.core.photography.DarkroomProcessingLine - Saving screenshot to target\site\serenity\d122c364c40ece9db0ad32cd97c3fcf63e95ba606118dda8d3e5a1d2b8235ce2.png
19:05:35.028 [main] DEBUG net.thucydides.core.steps.StepInterceptor - STEP DONE: openLogin
  &amp#27;[32mGiven &amp#27;[0m&amp#27;[32mOpen login page&amp#27;[0m                       &amp#27;[90m# starter.stepdefinitios.LoginSteps.openLoginPage()&amp#27;[0m
19:05:35.553 [AsyncHttpClient-1-1] DEBUG org.asynchttpclient.netty.channel.DefaultChannelPool - Entry count for : http://localhost:63697 : 1
19:05:35.553 [AsyncHttpClient-1-1] DEBUG org.asynchttpclient.netty.channel.DefaultChannelPool - Entry count for : http://localhost:50373 : 1
19:05:36.196 [Forwarding findElement on session a0174ffd67e2347404d423da39abf51d to remote] DEBUG org.asynchttpclient.netty.request.NettyRequestSender - Using pooled Channel '[id: 0xb279cbd5, L:/127.0.0.1:50372 - R:localhost/127.0.0.1:63697]' for 'POST' to 'http://localhost:63697/session/a0174ffd67e2347404d423da39abf51d/element'
19:05:36.196 [Forwarding findElement on session a0174ffd67e2347404d423da39abf51d to remote] DEBUG org.asynchttpclient.netty.request.NettyRequestSender - Using open Channel [id: 0xb279cbd5, L:/127.0.0.1:50372 - R:localhost/127.0.0.1:63697] for POST '/session/a0174ffd67e2347404d423da39abf51d/element'
19:05:36.217 [AsyncHttpClient-1-2] DEBUG org.asynchttpclient.netty.handler.HttpHandler - 

Request DefaultHttpRequest(decodeResult: success, version: HTTP/1.1)
POST /session/a0174ffd67e2347404d423da39abf51d/element HTTP/1.1
User-Agent: selenium/4.1.4 (java windows)
Content-Length: 70
Content-Type: application/json; charset=utf-8
host: localhost:63697
accept: */*

Response DefaultHttpResponse(decodeResult: success, version: HTTP/1.1)
HTTP/1.1 200 OK
Content-Type: application/json; charset=utf-8
cache-control: no-cache
content-length: 88

19:05:36.218 [AsyncHttpClient-1-2] DEBUG org.asynchttpclient.netty.channel.ChannelManager - Adding key: http://localhost:63697 for channel [id: 0xb279cbd5, L:/127.0.0.1:50372 - R:localhost/127.0.0.1:63697]
19:05:36.224 [Forwarding sendKeysToElement on session a0174ffd67e2347404d423da39abf51d to remote] DEBUG org.asynchttpclient.netty.request.NettyRequestSender - Using pooled Channel '[id: 0xb279cbd5, L:/127.0.0.1:50372 - R:localhost/127.0.0.1:63697]' for 'POST' to 'http://localhost:63697/session/a0174ffd67e2347404d423da39abf51d/element/8db41685-7126-4874-92ad-d21c5a70574a/value'
19:05:36.224 [Forwarding sendKeysToElement on session a0174ffd67e2347404d423da39abf51d to remote] DEBUG org.asynchttpclient.netty.request.NettyRequestSender - Using open Channel [id: 0xb279cbd5, L:/127.0.0.1:50372 - R:localhost/127.0.0.1:63697] for POST '/session/a0174ffd67e2347404d423da39abf51d/element/8db41685-7126-4874-92ad-d21c5a70574a/value'
19:05:36.315 [AsyncHttpClient-1-2] DEBUG org.asynchttpclient.netty.handler.HttpHandler - 

Request DefaultHttpRequest(decodeResult: success, version: HTTP/1.1)
POST /session/a0174ffd67e2347404d423da39abf51d/element/8db41685-7126-4874-92ad-d21c5a70574a/value HTTP/1.1
User-Agent: selenium/4.1.4 (java windows)
Content-Length: 131
Content-Type: application/json; charset=utf-8
host: localhost:63697
accept: */*

Response DefaultHttpResponse(decodeResult: success, version: HTTP/1.1)
HTTP/1.1 200 OK
Content-Type: application/json; charset=utf-8
cache-control: no-cache
content-length: 14

19:05:36.315 [AsyncHttpClient-1-2] DEBUG org.asynchttpclient.netty.channel.ChannelManager - Adding key: http://localhost:63697 for channel [id: 0xb279cbd5, L:/127.0.0.1:50372 - R:localhost/127.0.0.1:63697]
  &amp#27;[32mWhen &amp#27;[0m&amp#27;[32mI input &amp#27;[0m&amp#27;[32m&amp#27;[1m"bagas"&amp#27;[0m&amp#27;[32m login email&amp#27;[0m            &amp#27;[90m# starter.stepdefinitios.LoginSteps.iInputEmailLogin(java.lang.String)&amp#27;[0m
19:05:36.325 [Forwarding screenshot on session a0174ffd67e2347404d423da39abf51d to remote] DEBUG org.asynchttpclient.netty.request.NettyRequestSender - Using pooled Channel '[id: 0xb279cbd5, L:/127.0.0.1:50372 - R:localhost/127.0.0.1:63697]' for 'GET' to 'http://localhost:63697/session/a0174ffd67e2347404d423da39abf51d/screenshot'
19:05:36.325 [Forwarding screenshot on session a0174ffd67e2347404d423da39abf51d to remote] DEBUG org.asynchttpclient.netty.request.NettyRequestSender - Using open Channel [id: 0xb279cbd5, L:/127.0.0.1:50372 - R:localhost/127.0.0.1:63697] for GET '/session/a0174ffd67e2347404d423da39abf51d/screenshot'
19:05:36.537 [AsyncHttpClient-1-2] DEBUG org.asynchttpclient.netty.handler.HttpHandler - 

Request DefaultFullHttpRequest(decodeResult: success, version: HTTP/1.1, content: EmptyByteBufBE)
GET /session/a0174ffd67e2347404d423da39abf51d/screenshot HTTP/1.1
User-Agent: selenium/4.1.4 (java windows)
Cache-Control: no-cache
Content-Type: application/json; charset=utf-8
host: localhost:63697
accept: */*

Response DefaultHttpResponse(decodeResult: success, version: HTTP/1.1)
HTTP/1.1 200 OK
Content-Type: application/json; charset=utf-8
cache-control: no-cache
content-length: 379952

19:05:36.537 [AsyncHttpClient-1-2] DEBUG org.asynchttpclient.netty.channel.ChannelManager - Adding key: http://localhost:63697 for channel [id: 0xb279cbd5, L:/127.0.0.1:50372 - R:localhost/127.0.0.1:63697]
19:05:36.562 [main] DEBUG net.serenitybdd.core.photography.Darkroom - Send negative for processing for target\site\serenity\183eb35d220b498d555af84703631a4327cd8097827af751b5655c6058dceed8.png
19:05:36.569 [Darkroom Processing Line] DEBUG net.serenitybdd.core.photography.DarkroomProcessingLine - Processing screenshot image in /var/screenshots/screenshot-8003925481842035405
19:05:36.569 [Darkroom Processing Line] DEBUG net.serenitybdd.core.photography.DarkroomProcessingLine - Saving screenshot to target\site\serenity\183eb35d220b498d555af84703631a4327cd8097827af751b5655c6058dceed8.png
19:05:36.653 [AsyncHttpClient-1-1] DEBUG org.asynchttpclient.netty.channel.DefaultChannelPool - Entry count for : http://localhost:63697 : 1
19:05:36.653 [AsyncHttpClient-1-1] DEBUG org.asynchttpclient.netty.channel.DefaultChannelPool - Entry count for : http://localhost:50373 : 1
19:05:37.589 [Forwarding screenshot on session a0174ffd67e2347404d423da39abf51d to remote] DEBUG org.asynchttpclient.netty.request.NettyRequestSender - Using pooled Channel '[id: 0xb279cbd5, L:/127.0.0.1:50372 - R:localhost/127.0.0.1:63697]' for 'GET' to 'http://localhost:63697/session/a0174ffd67e2347404d423da39abf51d/screenshot'
19:05:37.589 [Forwarding screenshot on session a0174ffd67e2347404d423da39abf51d to remote] DEBUG org.asynchttpclient.netty.request.NettyRequestSender - Using open Channel [id: 0xb279cbd5, L:/127.0.0.1:50372 - R:localhost/127.0.0.1:63697] for GET '/session/a0174ffd67e2347404d423da39abf51d/screenshot'
19:05:37.759 [AsyncHttpClient-1-1] DEBUG org.asynchttpclient.netty.channel.DefaultChannelPool - Entry count for : http://localhost:50373 : 1
19:05:37.831 [AsyncHttpClient-1-2] DEBUG org.asynchttpclient.netty.handler.HttpHandler - 

Request DefaultFullHttpRequest(decodeResult: success, version: HTTP/1.1, content: EmptyByteBufBE)
GET /session/a0174ffd67e2347404d423da39abf51d/screenshot HTTP/1.1
User-Agent: selenium/4.1.4 (java windows)
Cache-Control: no-cache
Content-Type: application/json; charset=utf-8
host: localhost:63697
accept: */*

Response DefaultHttpResponse(decodeResult: success, version: HTTP/1.1)
HTTP/1.1 200 OK
Content-Type: application/json; charset=utf-8
cache-control: no-cache
content-length: 380028

19:05:37.834 [AsyncHttpClient-1-2] DEBUG org.asynchttpclient.netty.channel.ChannelManager - Adding key: http://localhost:63697 for channel [id: 0xb279cbd5, L:/127.0.0.1:50372 - R:localhost/127.0.0.1:63697]
19:05:37.847 [main] DEBUG net.serenitybdd.core.photography.Darkroom - Send negative for processing for target\site\serenity\a2f92beac4bd2951df18933bf63e90629c82f605d4bcb42e13d55ac9156a13d9.png
19:05:37.847 [main] DEBUG net.thucydides.core.steps.StepInterceptor - STARTING STEP: LoginSteps.iInputPasswordLogin - inputPasswordLogin
19:05:37.847 [Darkroom Processing Line] DEBUG net.serenitybdd.core.photography.DarkroomProcessingLine - Processing screenshot image in /var/screenshots/screenshot-1922017664389591905
19:05:37.847 [Darkroom Processing Line] DEBUG net.serenitybdd.core.photography.DarkroomProcessingLine - Saving screenshot to target\site\serenity\a2f92beac4bd2951df18933bf63e90629c82f605d4bcb42e13d55ac9156a13d9.png
19:05:37.847 [Forwarding findElement on session a0174ffd67e2347404d423da39abf51d to remote] DEBUG org.asynchttpclient.netty.request.NettyRequestSender - Using pooled Channel '[id: 0xb279cbd5, L:/127.0.0.1:50372 - R:localhost/127.0.0.1:63697]' for 'POST' to 'http://localhost:63697/session/a0174ffd67e2347404d423da39abf51d/element'
19:05:37.847 [Forwarding findElement on session a0174ffd67e2347404d423da39abf51d to remote] DEBUG org.asynchttpclient.netty.request.NettyRequestSender - Using open Channel [id: 0xb279cbd5, L:/127.0.0.1:50372 - R:localhost/127.0.0.1:63697] for POST '/session/a0174ffd67e2347404d423da39abf51d/element'
19:05:37.868 [AsyncHttpClient-1-2] DEBUG org.asynchttpclient.netty.handler.HttpHandler - 

Request DefaultHttpRequest(decodeResult: success, version: HTTP/1.1)
POST /session/a0174ffd67e2347404d423da39abf51d/element HTTP/1.1
User-Agent: selenium/4.1.4 (java windows)
Content-Length: 70
Content-Type: application/json; charset=utf-8
host: localhost:63697
accept: */*

Response DefaultHttpResponse(decodeResult: success, version: HTTP/1.1)
HTTP/1.1 200 OK
Content-Type: application/json; charset=utf-8
cache-control: no-cache
content-length: 88

19:05:37.868 [AsyncHttpClient-1-2] DEBUG org.asynchttpclient.netty.channel.ChannelManager - Adding key: http://localhost:63697 for channel [id: 0xb279cbd5, L:/127.0.0.1:50372 - R:localhost/127.0.0.1:63697]
19:05:37.870 [Forwarding sendKeysToElement on session a0174ffd67e2347404d423da39abf51d to remote] DEBUG org.asynchttpclient.netty.request.NettyRequestSender - Using pooled Channel '[id: 0xb279cbd5, L:/127.0.0.1:50372 - R:localhost/127.0.0.1:63697]' for 'POST' to 'http://localhost:63697/session/a0174ffd67e2347404d423da39abf51d/element/a27a6c35-a5fc-4907-81d3-64bed94797e7/value'
19:05:37.870 [Forwarding sendKeysToElement on session a0174ffd67e2347404d423da39abf51d to remote] DEBUG org.asynchttpclient.netty.request.NettyRequestSender - Using open Channel [id: 0xb279cbd5, L:/127.0.0.1:50372 - R:localhost/127.0.0.1:63697] for POST '/session/a0174ffd67e2347404d423da39abf51d/element/a27a6c35-a5fc-4907-81d3-64bed94797e7/value'
19:05:37.914 [AsyncHttpClient-1-2] DEBUG org.asynchttpclient.netty.handler.HttpHandler - 

Request DefaultHttpRequest(decodeResult: success, version: HTTP/1.1)
POST /session/a0174ffd67e2347404d423da39abf51d/element/a27a6c35-a5fc-4907-81d3-64bed94797e7/value HTTP/1.1
User-Agent: selenium/4.1.4 (java windows)
Content-Length: 82
Content-Type: application/json; charset=utf-8
host: localhost:63697
accept: */*

Response DefaultHttpResponse(decodeResult: success, version: HTTP/1.1)
HTTP/1.1 200 OK
Content-Type: application/json; charset=utf-8
cache-control: no-cache
content-length: 14

19:05:37.915 [AsyncHttpClient-1-2] DEBUG org.asynchttpclient.netty.channel.ChannelManager - Adding key: http://localhost:63697 for channel [id: 0xb279cbd5, L:/127.0.0.1:50372 - R:localhost/127.0.0.1:63697]
19:05:37.917 [Forwarding screenshot on session a0174ffd67e2347404d423da39abf51d to remote] DEBUG org.asynchttpclient.netty.request.NettyRequestSender - Using pooled Channel '[id: 0xb279cbd5, L:/127.0.0.1:50372 - R:localhost/127.0.0.1:63697]' for 'GET' to 'http://localhost:63697/session/a0174ffd67e2347404d423da39abf51d/screenshot'
19:05:37.917 [Forwarding screenshot on session a0174ffd67e2347404d423da39abf51d to remote] DEBUG org.asynchttpclient.netty.request.NettyRequestSender - Using open Channel [id: 0xb279cbd5, L:/127.0.0.1:50372 - R:localhost/127.0.0.1:63697] for GET '/session/a0174ffd67e2347404d423da39abf51d/screenshot'
19:05:38.087 [AsyncHttpClient-1-2] DEBUG org.asynchttpclient.netty.handler.HttpHandler - 

Request DefaultFullHttpRequest(decodeResult: success, version: HTTP/1.1, content: EmptyByteBufBE)
GET /session/a0174ffd67e2347404d423da39abf51d/screenshot HTTP/1.1
User-Agent: selenium/4.1.4 (java windows)
Cache-Control: no-cache
Content-Type: application/json; charset=utf-8
host: localhost:63697
accept: */*

Response DefaultHttpResponse(decodeResult: success, version: HTTP/1.1)
HTTP/1.1 200 OK
Content-Type: application/json; charset=utf-8
cache-control: no-cache
content-length: 379968

19:05:38.094 [AsyncHttpClient-1-2] DEBUG org.asynchttpclient.netty.channel.ChannelManager - Adding key: http://localhost:63697 for channel [id: 0xb279cbd5, L:/127.0.0.1:50372 - R:localhost/127.0.0.1:63697]
19:05:38.102 [main] DEBUG net.serenitybdd.core.photography.Darkroom - Send negative for processing for target\site\serenity\091eaed15beb89a2eea19162163ebda1e0567598c0e9d228b8f2dd51eaa5278d.png
19:05:38.102 [main] DEBUG net.thucydides.core.steps.StepInterceptor - STEP DONE: inputPasswordLogin
19:05:38.102 [Darkroom Processing Line] DEBUG net.serenitybdd.core.photography.DarkroomProcessingLine - Processing screenshot image in /var/screenshots/screenshot-7648214402386142424
19:05:38.102 [Darkroom Processing Line] DEBUG net.serenitybdd.core.photography.DarkroomProcessingLine - Saving screenshot to target\site\serenity\091eaed15beb89a2eea19162163ebda1e0567598c0e9d228b8f2dd51eaa5278d.png
  &amp#27;[32mAnd &amp#27;[0m&amp#27;[32mI input &amp#27;[0m&amp#27;[32m&amp#27;[1m""&amp#27;[0m&amp#27;[32m login password&amp#27;[0m               &amp#27;[90m# starter.stepdefinitios.LoginSteps.iInputPasswordLogin(java.lang.String)&amp#27;[0m
19:05:38.116 [main] DEBUG net.thucydides.core.steps.StepInterceptor - STARTING STEP: LoginSteps.iClickButtonLogin - clickButtonLogin
19:05:38.124 [Forwarding findElement on session a0174ffd67e2347404d423da39abf51d to remote] DEBUG org.asynchttpclient.netty.request.NettyRequestSender - Using pooled Channel '[id: 0xb279cbd5, L:/127.0.0.1:50372 - R:localhost/127.0.0.1:63697]' for 'POST' to 'http://localhost:63697/session/a0174ffd67e2347404d423da39abf51d/element'
19:05:38.124 [Forwarding findElement on session a0174ffd67e2347404d423da39abf51d to remote] DEBUG org.asynchttpclient.netty.request.NettyRequestSender - Using open Channel [id: 0xb279cbd5, L:/127.0.0.1:50372 - R:localhost/127.0.0.1:63697] for POST '/session/a0174ffd67e2347404d423da39abf51d/element'
19:05:38.142 [AsyncHttpClient-1-2] DEBUG org.asynchttpclient.netty.handler.HttpHandler - 

Request DefaultHttpRequest(decodeResult: success, version: HTTP/1.1)
POST /session/a0174ffd67e2347404d423da39abf51d/element HTTP/1.1
User-Agent: selenium/4.1.4 (java windows)
Content-Length: 68
Content-Type: application/json; charset=utf-8
host: localhost:63697
accept: */*

Response DefaultHttpResponse(decodeResult: success, version: HTTP/1.1)
HTTP/1.1 200 OK
Content-Type: application/json; charset=utf-8
cache-control: no-cache
content-length: 88

19:05:38.142 [AsyncHttpClient-1-2] DEBUG org.asynchttpclient.netty.channel.ChannelManager - Adding key: http://localhost:63697 for channel [id: 0xb279cbd5, L:/127.0.0.1:50372 - R:localhost/127.0.0.1:63697]
19:05:38.144 [Forwarding getElementTagName on session a0174ffd67e2347404d423da39abf51d to remote] DEBUG org.asynchttpclient.netty.request.NettyRequestSender - Using pooled Channel '[id: 0xb279cbd5, L:/127.0.0.1:50372 - R:localhost/127.0.0.1:63697]' for 'GET' to 'http://localhost:63697/session/a0174ffd67e2347404d423da39abf51d/element/27548948-815c-4cc3-b760-24670e327340/name'
19:05:38.144 [Forwarding getElementTagName on session a0174ffd67e2347404d423da39abf51d to remote] DEBUG org.asynchttpclient.netty.request.NettyRequestSender - Using open Channel [id: 0xb279cbd5, L:/127.0.0.1:50372 - R:localhost/127.0.0.1:63697] for GET '/session/a0174ffd67e2347404d423da39abf51d/element/27548948-815c-4cc3-b760-24670e327340/name'
19:05:38.152 [AsyncHttpClient-1-2] DEBUG org.asynchttpclient.netty.handler.HttpHandler - 

Request DefaultFullHttpRequest(decodeResult: success, version: HTTP/1.1, content: EmptyByteBufBE)
GET /session/a0174ffd67e2347404d423da39abf51d/element/27548948-815c-4cc3-b760-24670e327340/name HTTP/1.1
User-Agent: selenium/4.1.4 (java windows)
Cache-Control: no-cache
Content-Type: application/json; charset=utf-8
host: localhost:63697
accept: */*

Response DefaultHttpResponse(decodeResult: success, version: HTTP/1.1)
HTTP/1.1 200 OK
Content-Type: application/json; charset=utf-8
cache-control: no-cache
content-length: 18

19:05:38.152 [AsyncHttpClient-1-2] DEBUG org.asynchttpclient.netty.channel.ChannelManager - Adding key: http://localhost:63697 for channel [id: 0xb279cbd5, L:/127.0.0.1:50372 - R:localhost/127.0.0.1:63697]
19:05:38.154 [Forwarding getElementTagName on session a0174ffd67e2347404d423da39abf51d to remote] DEBUG org.asynchttpclient.netty.request.NettyRequestSender - Using pooled Channel '[id: 0xb279cbd5, L:/127.0.0.1:50372 - R:localhost/127.0.0.1:63697]' for 'GET' to 'http://localhost:63697/session/a0174ffd67e2347404d423da39abf51d/element/27548948-815c-4cc3-b760-24670e327340/name'
19:05:38.154 [Forwarding getElementTagName on session a0174ffd67e2347404d423da39abf51d to remote] DEBUG org.asynchttpclient.netty.request.NettyRequestSender - Using open Channel [id: 0xb279cbd5, L:/127.0.0.1:50372 - R:localhost/127.0.0.1:63697] for GET '/session/a0174ffd67e2347404d423da39abf51d/element/27548948-815c-4cc3-b760-24670e327340/name'
19:05:38.159 [AsyncHttpClient-1-2] DEBUG org.asynchttpclient.netty.handler.HttpHandler - 

Request DefaultFullHttpRequest(decodeResult: success, version: HTTP/1.1, content: EmptyByteBufBE)
GET /session/a0174ffd67e2347404d423da39abf51d/element/27548948-815c-4cc3-b760-24670e327340/name HTTP/1.1
User-Agent: selenium/4.1.4 (java windows)
Cache-Control: no-cache
Content-Type: application/json; charset=utf-8
host: localhost:63697
accept: */*

Response DefaultHttpResponse(decodeResult: success, version: HTTP/1.1)
HTTP/1.1 200 OK
Content-Type: application/json; charset=utf-8
cache-control: no-cache
content-length: 18

19:05:38.159 [AsyncHttpClient-1-2] DEBUG org.asynchttpclient.netty.channel.ChannelManager - Adding key: http://localhost:63697 for channel [id: 0xb279cbd5, L:/127.0.0.1:50372 - R:localhost/127.0.0.1:63697]
19:05:38.163 [Forwarding isElementEnabled on session a0174ffd67e2347404d423da39abf51d to remote] DEBUG org.asynchttpclient.netty.request.NettyRequestSender - Using pooled Channel '[id: 0xb279cbd5, L:/127.0.0.1:50372 - R:localhost/127.0.0.1:63697]' for 'GET' to 'http://localhost:63697/session/a0174ffd67e2347404d423da39abf51d/element/27548948-815c-4cc3-b760-24670e327340/enabled'
19:05:38.163 [Forwarding isElementEnabled on session a0174ffd67e2347404d423da39abf51d to remote] DEBUG org.asynchttpclient.netty.request.NettyRequestSender - Using open Channel [id: 0xb279cbd5, L:/127.0.0.1:50372 - R:localhost/127.0.0.1:63697] for GET '/session/a0174ffd67e2347404d423da39abf51d/element/27548948-815c-4cc3-b760-24670e327340/enabled'
19:05:38.171 [AsyncHttpClient-1-2] DEBUG org.asynchttpclient.netty.handler.HttpHandler - 

Request DefaultFullHttpRequest(decodeResult: success, version: HTTP/1.1, content: EmptyByteBufBE)
GET /session/a0174ffd67e2347404d423da39abf51d/element/27548948-815c-4cc3-b760-24670e327340/enabled HTTP/1.1
User-Agent: selenium/4.1.4 (java windows)
Cache-Control: no-cache
Content-Type: application/json; charset=utf-8
host: localhost:63697
accept: */*

Response DefaultHttpResponse(decodeResult: success, version: HTTP/1.1)
HTTP/1.1 200 OK
Content-Type: application/json; charset=utf-8
cache-control: no-cache
content-length: 14

19:05:38.172 [AsyncHttpClient-1-2] DEBUG org.asynchttpclient.netty.channel.ChannelManager - Adding key: http://localhost:63697 for channel [id: 0xb279cbd5, L:/127.0.0.1:50372 - R:localhost/127.0.0.1:63697]
19:05:38.173 [Forwarding isElementEnabled on session a0174ffd67e2347404d423da39abf51d to remote] DEBUG org.asynchttpclient.netty.request.NettyRequestSender - Using pooled Channel '[id: 0xb279cbd5, L:/127.0.0.1:50372 - R:localhost/127.0.0.1:63697]' for 'GET' to 'http://localhost:63697/session/a0174ffd67e2347404d423da39abf51d/element/27548948-815c-4cc3-b760-24670e327340/enabled'
19:05:38.173 [Forwarding isElementEnabled on session a0174ffd67e2347404d423da39abf51d to remote] DEBUG org.asynchttpclient.netty.request.NettyRequestSender - Using open Channel [id: 0xb279cbd5, L:/127.0.0.1:50372 - R:localhost/127.0.0.1:63697] for GET '/session/a0174ffd67e2347404d423da39abf51d/element/27548948-815c-4cc3-b760-24670e327340/enabled'
19:05:38.227 [AsyncHttpClient-1-2] DEBUG org.asynchttpclient.netty.handler.HttpHandler - 

Request DefaultFullHttpRequest(decodeResult: success, version: HTTP/1.1, content: EmptyByteBufBE)
GET /session/a0174ffd67e2347404d423da39abf51d/element/27548948-815c-4cc3-b760-24670e327340/enabled HTTP/1.1
User-Agent: selenium/4.1.4 (java windows)
Cache-Control: no-cache
Content-Type: application/json; charset=utf-8
host: localhost:63697
accept: */*

Response DefaultHttpResponse(decodeResult: success, version: HTTP/1.1)
HTTP/1.1 200 OK
Content-Type: application/json; charset=utf-8
cache-control: no-cache
content-length: 14

19:05:38.227 [AsyncHttpClient-1-2] DEBUG org.asynchttpclient.netty.channel.ChannelManager - Adding key: http://localhost:63697 for channel [id: 0xb279cbd5, L:/127.0.0.1:50372 - R:localhost/127.0.0.1:63697]
19:05:38.227 [Forwarding findElement on session a0174ffd67e2347404d423da39abf51d to remote] DEBUG org.asynchttpclient.netty.request.NettyRequestSender - Using pooled Channel '[id: 0xb279cbd5, L:/127.0.0.1:50372 - R:localhost/127.0.0.1:63697]' for 'POST' to 'http://localhost:63697/session/a0174ffd67e2347404d423da39abf51d/element'
19:05:38.227 [Forwarding findElement on session a0174ffd67e2347404d423da39abf51d to remote] DEBUG org.asynchttpclient.netty.request.NettyRequestSender - Using open Channel [id: 0xb279cbd5, L:/127.0.0.1:50372 - R:localhost/127.0.0.1:63697] for POST '/session/a0174ffd67e2347404d423da39abf51d/element'
19:05:38.263 [AsyncHttpClient-1-2] DEBUG org.asynchttpclient.netty.handler.HttpHandler - 

Request DefaultHttpRequest(decodeResult: success, version: HTTP/1.1)
POST /session/a0174ffd67e2347404d423da39abf51d/element HTTP/1.1
User-Agent: selenium/4.1.4 (java windows)
Content-Length: 68
Content-Type: application/json; charset=utf-8
host: localhost:63697
accept: */*

Response DefaultHttpResponse(decodeResult: success, version: HTTP/1.1)
HTTP/1.1 200 OK
Content-Type: application/json; charset=utf-8
cache-control: no-cache
content-length: 88

19:05:38.263 [AsyncHttpClient-1-2] DEBUG org.asynchttpclient.netty.channel.ChannelManager - Adding key: http://localhost:63697 for channel [id: 0xb279cbd5, L:/127.0.0.1:50372 - R:localhost/127.0.0.1:63697]
19:05:38.266 [Forwarding clickElement on session a0174ffd67e2347404d423da39abf51d to remote] DEBUG org.asynchttpclient.netty.request.NettyRequestSender - Using pooled Channel '[id: 0xb279cbd5, L:/127.0.0.1:50372 - R:localhost/127.0.0.1:63697]' for 'POST' to 'http://localhost:63697/session/a0174ffd67e2347404d423da39abf51d/element/27548948-815c-4cc3-b760-24670e327340/click'
19:05:38.266 [Forwarding clickElement on session a0174ffd67e2347404d423da39abf51d to remote] DEBUG org.asynchttpclient.netty.request.NettyRequestSender - Using open Channel [id: 0xb279cbd5, L:/127.0.0.1:50372 - R:localhost/127.0.0.1:63697] for POST '/session/a0174ffd67e2347404d423da39abf51d/element/27548948-815c-4cc3-b760-24670e327340/click'
19:05:38.381 [AsyncHttpClient-1-2] DEBUG org.asynchttpclient.netty.handler.HttpHandler - 

Request DefaultHttpRequest(decodeResult: success, version: HTTP/1.1)
POST /session/a0174ffd67e2347404d423da39abf51d/element/27548948-815c-4cc3-b760-24670e327340/click HTTP/1.1
User-Agent: selenium/4.1.4 (java windows)
Content-Length: 50
Content-Type: application/json; charset=utf-8
host: localhost:63697
accept: */*

Response DefaultHttpResponse(decodeResult: success, version: HTTP/1.1)
HTTP/1.1 200 OK
Content-Type: application/json; charset=utf-8
cache-control: no-cache
content-length: 14

19:05:38.381 [AsyncHttpClient-1-2] DEBUG org.asynchttpclient.netty.channel.ChannelManager - Adding key: http://localhost:63697 for channel [id: 0xb279cbd5, L:/127.0.0.1:50372 - R:localhost/127.0.0.1:63697]
19:05:38.396 [Forwarding screenshot on session a0174ffd67e2347404d423da39abf51d to remote] DEBUG org.asynchttpclient.netty.request.NettyRequestSender - Using pooled Channel '[id: 0xb279cbd5, L:/127.0.0.1:50372 - R:localhost/127.0.0.1:63697]' for 'GET' to 'http://localhost:63697/session/a0174ffd67e2347404d423da39abf51d/screenshot'
19:05:38.396 [Forwarding screenshot on session a0174ffd67e2347404d423da39abf51d to remote] DEBUG org.asynchttpclient.netty.request.NettyRequestSender - Using open Channel [id: 0xb279cbd5, L:/127.0.0.1:50372 - R:localhost/127.0.0.1:63697] for GET '/session/a0174ffd67e2347404d423da39abf51d/screenshot'
19:05:38.854 [AsyncHttpClient-1-1] DEBUG org.asynchttpclient.netty.channel.DefaultChannelPool - Entry count for : http://localhost:50373 : 1
19:05:38.899 [AsyncHttpClient-1-2] DEBUG org.asynchttpclient.netty.handler.HttpHandler - 

Request DefaultFullHttpRequest(decodeResult: success, version: HTTP/1.1, content: EmptyByteBufBE)
GET /session/a0174ffd67e2347404d423da39abf51d/screenshot HTTP/1.1
User-Agent: selenium/4.1.4 (java windows)
Cache-Control: no-cache
Content-Type: application/json; charset=utf-8
host: localhost:63697
accept: */*

Response DefaultHttpResponse(decodeResult: success, version: HTTP/1.1)
HTTP/1.1 200 OK
Content-Type: application/json; charset=utf-8
cache-control: no-cache
content-length: 384420

19:05:38.903 [AsyncHttpClient-1-2] DEBUG org.asynchttpclient.netty.channel.ChannelManager - Adding key: http://localhost:63697 for channel [id: 0xb279cbd5, L:/127.0.0.1:50372 - R:localhost/127.0.0.1:63697]
19:05:38.908 [main] DEBUG net.serenitybdd.core.photography.Darkroom - Send negative for processing for target\site\serenity\8b2c6c63cb2d210de5f73880b082781fd394ad756972ffe6bcc3038d5fbf1dfd.png
19:05:38.916 [main] DEBUG net.thucydides.core.steps.StepInterceptor - STEP DONE: clickButtonLogin
19:05:38.917 [Darkroom Processing Line] DEBUG net.serenitybdd.core.photography.DarkroomProcessingLine - Processing screenshot image in /var/screenshots/screenshot-596061185463103230
19:05:38.917 [Darkroom Processing Line] DEBUG net.serenitybdd.core.photography.DarkroomProcessingLine - Saving screenshot to target\site\serenity\8b2c6c63cb2d210de5f73880b082781fd394ad756972ffe6bcc3038d5fbf1dfd.png
  &amp#27;[32mThen &amp#27;[0m&amp#27;[32mI click button login&amp#27;[0m                   &amp#27;[90m# starter.stepdefinitios.LoginSteps.iClickButtonLogin()&amp#27;[0m
19:05:39.937 [Forwarding screenshot on session a0174ffd67e2347404d423da39abf51d to remote] DEBUG org.asynchttpclient.netty.request.NettyRequestSender - Using pooled Channel '[id: 0xb279cbd5, L:/127.0.0.1:50372 - R:localhost/127.0.0.1:63697]' for 'GET' to 'http://localhost:63697/session/a0174ffd67e2347404d423da39abf51d/screenshot'
19:05:39.937 [Forwarding screenshot on session a0174ffd67e2347404d423da39abf51d to remote] DEBUG org.asynchttpclient.netty.request.NettyRequestSender - Using open Channel [id: 0xb279cbd5, L:/127.0.0.1:50372 - R:localhost/127.0.0.1:63697] for GET '/session/a0174ffd67e2347404d423da39abf51d/screenshot'
19:05:39.968 [AsyncHttpClient-1-1] DEBUG org.asynchttpclient.netty.channel.DefaultChannelPool - Entry count for : http://localhost:50373 : 1
19:05:40.222 [AsyncHttpClient-1-2] DEBUG org.asynchttpclient.netty.handler.HttpHandler - 

Request DefaultFullHttpRequest(decodeResult: success, version: HTTP/1.1, content: EmptyByteBufBE)
GET /session/a0174ffd67e2347404d423da39abf51d/screenshot HTTP/1.1
User-Agent: selenium/4.1.4 (java windows)
Cache-Control: no-cache
Content-Type: application/json; charset=utf-8
host: localhost:63697
accept: */*

Response DefaultHttpResponse(decodeResult: success, version: HTTP/1.1)
HTTP/1.1 200 OK
Content-Type: application/json; charset=utf-8
cache-control: no-cache
content-length: 383812

19:05:40.222 [AsyncHttpClient-1-2] DEBUG org.asynchttpclient.netty.channel.ChannelManager - Adding key: http://localhost:63697 for channel [id: 0xb279cbd5, L:/127.0.0.1:50372 - R:localhost/127.0.0.1:63697]
19:05:40.237 [main] DEBUG net.serenitybdd.core.photography.Darkroom - Send negative for processing for target\site\serenity\cdbbf71441a5ed0a20d1ebc5182816a6a19c520f21752bf2137c305c8f0da717.png
19:05:40.237 [Darkroom Processing Line] DEBUG net.serenitybdd.core.photography.DarkroomProcessingLine - Processing screenshot image in /var/screenshots/screenshot-17538929100500580950
19:05:40.237 [Darkroom Processing Line] DEBUG net.serenitybdd.core.photography.DarkroomProcessingLine - Saving screenshot to target\site\serenity\cdbbf71441a5ed0a20d1ebc5182816a6a19c520f21752bf2137c305c8f0da717.png
19:05:40.755 [Forwarding screenshot on session a0174ffd67e2347404d423da39abf51d to remote] DEBUG org.asynchttpclient.netty.request.NettyRequestSender - Using pooled Channel '[id: 0xb279cbd5, L:/127.0.0.1:50372 - R:localhost/127.0.0.1:63697]' for 'GET' to 'http://localhost:63697/session/a0174ffd67e2347404d423da39abf51d/screenshot'
19:05:40.755 [Forwarding screenshot on session a0174ffd67e2347404d423da39abf51d to remote] DEBUG org.asynchttpclient.netty.request.NettyRequestSender - Using open Channel [id: 0xb279cbd5, L:/127.0.0.1:50372 - R:localhost/127.0.0.1:63697] for GET '/session/a0174ffd67e2347404d423da39abf51d/screenshot'
19:05:41.054 [AsyncHttpClient-1-2] DEBUG org.asynchttpclient.netty.handler.HttpHandler - 

Request DefaultFullHttpRequest(decodeResult: success, version: HTTP/1.1, content: EmptyByteBufBE)
GET /session/a0174ffd67e2347404d423da39abf51d/screenshot HTTP/1.1
User-Agent: selenium/4.1.4 (java windows)
Cache-Control: no-cache
Content-Type: application/json; charset=utf-8
host: localhost:63697
accept: */*

Response DefaultHttpResponse(decodeResult: success, version: HTTP/1.1)
HTTP/1.1 200 OK
Content-Type: application/json; charset=utf-8
cache-control: no-cache
content-length: 383832

19:05:41.054 [AsyncHttpClient-1-2] DEBUG org.asynchttpclient.netty.channel.ChannelManager - Adding key: http://localhost:63697 for channel [id: 0xb279cbd5, L:/127.0.0.1:50372 - R:localhost/127.0.0.1:63697]
19:05:41.062 [AsyncHttpClient-1-1] DEBUG org.asynchttpclient.netty.channel.DefaultChannelPool - Entry count for : http://localhost:63697 : 1
19:05:41.062 [AsyncHttpClient-1-1] DEBUG org.asynchttpclient.netty.channel.DefaultChannelPool - Entry count for : http://localhost:50373 : 1
19:05:41.071 [main] DEBUG net.serenitybdd.core.photography.Darkroom - Send negative for processing for target\site\serenity\1419c5211ed59e7a27853d551924c6eaab566ef829f6304464688ce7345033ad.png
19:05:41.071 [main] DEBUG net.thucydides.core.steps.StepInterceptor - STARTING STEP: LoginSteps.loginValidation - loginTextError
19:05:41.071 [Darkroom Processing Line] DEBUG net.serenitybdd.core.photography.DarkroomProcessingLine - Processing screenshot image in /var/screenshots/screenshot-13980190576005477255
19:05:41.071 [Darkroom Processing Line] DEBUG net.serenitybdd.core.photography.DarkroomProcessingLine - Saving screenshot to target\site\serenity\1419c5211ed59e7a27853d551924c6eaab566ef829f6304464688ce7345033ad.png
19:05:41.074 [Forwarding findElement on session a0174ffd67e2347404d423da39abf51d to remote] DEBUG org.asynchttpclient.netty.request.NettyRequestSender - Using pooled Channel '[id: 0xb279cbd5, L:/127.0.0.1:50372 - R:localhost/127.0.0.1:63697]' for 'POST' to 'http://localhost:63697/session/a0174ffd67e2347404d423da39abf51d/element'
19:05:41.075 [Forwarding findElement on session a0174ffd67e2347404d423da39abf51d to remote] DEBUG org.asynchttpclient.netty.request.NettyRequestSender - Using open Channel [id: 0xb279cbd5, L:/127.0.0.1:50372 - R:localhost/127.0.0.1:63697] for POST '/session/a0174ffd67e2347404d423da39abf51d/element'
19:05:41.087 [AsyncHttpClient-1-2] DEBUG org.asynchttpclient.netty.handler.HttpHandler - 

Request DefaultHttpRequest(decodeResult: success, version: HTTP/1.1)
POST /session/a0174ffd67e2347404d423da39abf51d/element HTTP/1.1
User-Agent: selenium/4.1.4 (java windows)
Content-Length: 89
Content-Type: application/json; charset=utf-8
host: localhost:63697
accept: */*

Response DefaultHttpResponse(decodeResult: success, version: HTTP/1.1)
HTTP/1.1 200 OK
Content-Type: application/json; charset=utf-8
cache-control: no-cache
content-length: 88

19:05:41.087 [AsyncHttpClient-1-2] DEBUG org.asynchttpclient.netty.channel.ChannelManager - Adding key: http://localhost:63697 for channel [id: 0xb279cbd5, L:/127.0.0.1:50372 - R:localhost/127.0.0.1:63697]
19:05:41.088 [Forwarding isElementEnabled on session a0174ffd67e2347404d423da39abf51d to remote] DEBUG org.asynchttpclient.netty.request.NettyRequestSender - Using pooled Channel '[id: 0xb279cbd5, L:/127.0.0.1:50372 - R:localhost/127.0.0.1:63697]' for 'GET' to 'http://localhost:63697/session/a0174ffd67e2347404d423da39abf51d/element/072041a1-2b3e-4eea-aa3b-26cb64358de5/enabled'
19:05:41.088 [Forwarding isElementEnabled on session a0174ffd67e2347404d423da39abf51d to remote] DEBUG org.asynchttpclient.netty.request.NettyRequestSender - Using open Channel [id: 0xb279cbd5, L:/127.0.0.1:50372 - R:localhost/127.0.0.1:63697] for GET '/session/a0174ffd67e2347404d423da39abf51d/element/072041a1-2b3e-4eea-aa3b-26cb64358de5/enabled'
19:05:41.098 [AsyncHttpClient-1-2] DEBUG org.asynchttpclient.netty.handler.HttpHandler - 

Request DefaultFullHttpRequest(decodeResult: success, version: HTTP/1.1, content: EmptyByteBufBE)
GET /session/a0174ffd67e2347404d423da39abf51d/element/072041a1-2b3e-4eea-aa3b-26cb64358de5/enabled HTTP/1.1
User-Agent: selenium/4.1.4 (java windows)
Cache-Control: no-cache
Content-Type: application/json; charset=utf-8
host: localhost:63697
accept: */*

Response DefaultHttpResponse(decodeResult: success, version: HTTP/1.1)
HTTP/1.1 200 OK
Content-Type: application/json; charset=utf-8
cache-control: no-cache
content-length: 14

19:05:41.098 [AsyncHttpClient-1-2] DEBUG org.asynchttpclient.netty.channel.ChannelManager - Adding key: http://localhost:63697 for channel [id: 0xb279cbd5, L:/127.0.0.1:50372 - R:localhost/127.0.0.1:63697]
19:05:41.103 [main] DEBUG net.thucydides.core.steps.StepInterceptor - STEP DONE: loginTextError
  &amp#27;[32mAnd &amp#27;[0m&amp#27;[32mLogin validation kosong&amp#27;[0m                 &amp#27;[90m# starter.stepdefinitios.LoginSteps.loginValidation()&amp#27;[0m
19:05:41.238 [Driver Command Executor] DEBUG org.asynchttpclient.netty.request.NettyRequestSender - Using pooled Channel '[id: 0xb279cbd5, L:/127.0.0.1:50372 - R:localhost/127.0.0.1:63697]' for 'DELETE' to 'http://localhost:63697/session/a0174ffd67e2347404d423da39abf51d'
19:05:41.238 [Driver Command Executor] DEBUG org.asynchttpclient.netty.request.NettyRequestSender - Using open Channel [id: 0xb279cbd5, L:/127.0.0.1:50372 - R:localhost/127.0.0.1:63697] for DELETE '/session/a0174ffd67e2347404d423da39abf51d'
19:05:41.245 [AsyncHttpClient-1-4] DEBUG org.asynchttpclient.netty.handler.WebSocketHandler - Channel Closed: [id: 0x891a6433, L:/127.0.0.1:50381 ! R:localhost/127.0.0.1:50373] with attribute NettyResponseFuture{currentRetry=5,
	isDone=1,
	isCancelled=0,
	asyncHandler=org.asynchttpclient.ws.WebSocketUpgradeHandler@2fbbe936,
	nettyRequest=org.asynchttpclient.netty.request.NettyRequest@4206086e,
	future=java.util.concurrent.CompletableFuture@73367526[Completed normally],
	uri=ws://localhost:50373/devtools/browser/d775140c-bc86-457b-b234-625e856500dc,
	keepAlive=true,
	redirectCount=0,
	timeoutsHolder=null,
	inAuth=0,
	touch=1658059532467}
19:05:41.246 [AsyncHttpClient-1-4] DEBUG org.asynchttpclient.netty.channel.ChannelManager - Closing Channel [id: 0x891a6433, L:/127.0.0.1:50381 ! R:localhost/127.0.0.1:50373] 
19:05:41.350 [AsyncHttpClient-1-3] DEBUG org.asynchttpclient.netty.handler.HttpHandler - Unexpected I/O exception on channel [id: 0x0ae0c031, L:/127.0.0.1:50379 - R:localhost/127.0.0.1:50373]
java.io.IOException: An existing connection was forcibly closed by the remote host
	at java.base/sun.nio.ch.SocketDispatcher.read0(Native Method)
	at java.base/sun.nio.ch.SocketDispatcher.read(SocketDispatcher.java:43)
	at java.base/sun.nio.ch.IOUtil.readIntoNativeBuffer(IOUtil.java:276)
	at java.base/sun.nio.ch.IOUtil.read(IOUtil.java:233)
	at java.base/sun.nio.ch.IOUtil.read(IOUtil.java:223)
	at java.base/sun.nio.ch.SocketChannelImpl.read(SocketChannelImpl.java:356)
	at io.netty.buffer.PooledByteBuf.setBytes(PooledByteBuf.java:258)
	at io.netty.buffer.AbstractByteBuf.writeBytes(AbstractByteBuf.java:1132)
	at io.netty.channel.socket.nio.NioSocketChannel.doReadBytes(NioSocketChannel.java:357)
	at io.netty.channel.nio.AbstractNioByteChannel$NioByteUnsafe.read(AbstractNioByteChannel.java:151)
	at io.netty.channel.nio.NioEventLoop.processSelectedKey(NioEventLoop.java:722)
	at io.netty.channel.nio.NioEventLoop.processSelectedKeysOptimized(NioEventLoop.java:658)
	at io.netty.channel.nio.NioEventLoop.processSelectedKeys(NioEventLoop.java:584)
	at io.netty.channel.nio.NioEventLoop.run(NioEventLoop.java:496)
	at io.netty.util.concurrent.SingleThreadEventExecutor$4.run(SingleThreadEventExecutor.java:986)
	at io.netty.util.internal.ThreadExecutorMap$2.run(ThreadExecutorMap.java:74)
	at io.netty.util.concurrent.FastThreadLocalRunnable.run(FastThreadLocalRunnable.java:30)
	at java.base/java.lang.Thread.run(Thread.java:829)
19:05:41.351 [AsyncHttpClient-1-3] DEBUG org.asynchttpclient.netty.channel.ChannelManager - Closing Channel [id: 0x0ae0c031, L:/127.0.0.1:50379 - R:localhost/127.0.0.1:50373] 
19:05:41.355 [AsyncHttpClient-1-3] DEBUG org.asynchttpclient.netty.handler.HttpHandler - Channel Closed: [id: 0x0ae0c031, L:/127.0.0.1:50379 ! R:localhost/127.0.0.1:50373] with attribute DISCARD
19:05:41.408 [AsyncHttpClient-1-2] DEBUG org.asynchttpclient.netty.handler.HttpHandler - 

Request DefaultFullHttpRequest(decodeResult: success, version: HTTP/1.1, content: EmptyByteBufBE)
DELETE /session/a0174ffd67e2347404d423da39abf51d HTTP/1.1
User-Agent: selenium/4.1.4 (java windows)
Content-Type: application/json; charset=utf-8
host: localhost:63697
accept: */*

Response DefaultHttpResponse(decodeResult: success, version: HTTP/1.1)
HTTP/1.1 200 OK
Content-Type: application/json; charset=utf-8
cache-control: no-cache
content-length: 14

19:05:41.409 [AsyncHttpClient-1-2] DEBUG org.asynchttpclient.netty.channel.ChannelManager - Adding key: http://localhost:63697 for channel [id: 0xb279cbd5, L:/127.0.0.1:50372 - R:localhost/127.0.0.1:63697]
19:05:41.449 [AsyncHttpClient-1-2] DEBUG org.asynchttpclient.netty.handler.HttpHandler - Channel Closed: [id: 0xb279cbd5, L:/127.0.0.1:50372 ! R:localhost/127.0.0.1:63697] with attribute DISCARD
19:05:41.490 [main] INFO  - 
  _____   ___   ___   _____     ___     _     ___   ___   ___   ___  
 |_   _| | __| / __| |_   _|   | _ \   /_\   / __| / __| | __| |   \ 
   | |   | _|  \__ \   | |     |  _/  / _ \  \__ \ \__ \ | _|  | |) |
   |_|   |___| |___/   |_|     |_|   /_/ \_\ |___/ |___/ |___| |___/ 

As a admin I login - kosong
----------------------------------------------------------------------
]]></system-out>
    <system-err><![CDATA[Starting ChromeDriver 103.0.5060.53 (a1711811edd74ff1cf2150f36ffa3b0dae40b17f-refs/branch-heads/5060@{#853}) on port 63697
Only local connections are allowed.
Please see https://chromedriver.chromium.org/security-considerations for suggestions on keeping ChromeDriver safe.
ChromeDriver was started successfully.
Jul 17, 2022 7:05:32 PM org.openqa.selenium.remote.ProtocolHandshake createSession
INFO: Detected dialect: W3C
Jul 17, 2022 7:05:32 PM org.openqa.selenium.devtools.CdpVersionFinder findNearestMatch
WARNING: Unable to find an exact match for CDP version 103, so returning the closest version found: 101
Jul 17, 2022 7:05:32 PM org.openqa.selenium.devtools.CdpVersionFinder findNearestMatch
INFO: Found CDP implementation for version 103 of 101
]]></system-err>
  </testcase>
  <testcase name="As a admin I login - kosong #2" classname="Login - Admin" time="9.247">
    <system-out><![CDATA[
@Login111 @LoginAdminKosong
Scenario Outline: As a admin I login - kosong &amp#27;[90m# src/test/resources/features/1Login.feature:14&amp#27;[0m
19:05:41.538 [main] INFO io.cucumber.core.plugin.SerenityReporter - Running feature from file:///C:/Alterra/CapstoneBaru/QE/TestingWebUpdate/src/test/resources/features/1Login.feature
19:05:41.756 [main] DEBUG net.thucydides.core.steps.StepInterceptor - STARTING STEP: LoginSteps.openLoginPage - openLogin
19:05:41.756 [main] INFO net.serenitybdd.core.webdriver.driverproviders.ChromeDriverProvider - Using automatically driver download
19:05:42.225 [AsyncHttpClient-1-1] DEBUG org.asynchttpclient.netty.channel.DefaultChannelPool - Entry count for : http://localhost:63697 : 1
19:05:42.225 [AsyncHttpClient-1-1] DEBUG org.asynchttpclient.netty.channel.DefaultChannelPool - Entry count for : http://localhost:50373 : 1
19:05:42.225 [AsyncHttpClient-1-1] DEBUG org.asynchttpclient.netty.channel.DefaultChannelPool - Adding Candidate expired Channel [id: 0xb279cbd5, L:/127.0.0.1:50372 ! R:localhost/127.0.0.1:63697] isIdleTimeoutExpired=false isRemotelyClosed=true isTtlExpired=false
19:05:42.225 [AsyncHttpClient-1-1] DEBUG org.asynchttpclient.netty.channel.DefaultChannelPool - Closing Idle Channel [id: 0xb279cbd5, L:/127.0.0.1:50372 ! R:localhost/127.0.0.1:63697]
19:05:42.226 [AsyncHttpClient-1-1] DEBUG org.asynchttpclient.netty.channel.DefaultChannelPool - Adding Candidate expired Channel [id: 0x0ae0c031, L:/127.0.0.1:50379 ! R:localhost/127.0.0.1:50373] isIdleTimeoutExpired=false isRemotelyClosed=true isTtlExpired=false
19:05:42.226 [AsyncHttpClient-1-1] DEBUG org.asynchttpclient.netty.channel.DefaultChannelPool - Closing Idle Channel [id: 0x0ae0c031, L:/127.0.0.1:50379 ! R:localhost/127.0.0.1:50373]
19:05:42.226 [AsyncHttpClient-1-1] DEBUG org.asynchttpclient.netty.channel.DefaultChannelPool - Closed 2 connections out of 2 in 1 ms
19:05:42.271 [main] DEBUG io.github.bonigarcia.wdm.cache.ResolutionCache - Resolution chrome=103 in cache (valid until 20:05:23 17/07/2022 ICT)
19:05:42.278 [main] DEBUG io.github.bonigarcia.wdm.cache.ResolutionCache - Resolution chrome103=103.0.5060.53 in cache (valid until 17:54:33 18/07/2022 ICT)
19:05:42.281 [main] INFO io.github.bonigarcia.wdm.WebDriverManager - Using chromedriver 103.0.5060.53 (resolved driver for Chrome 103)
19:05:42.324 [main] DEBUG io.github.bonigarcia.wdm.WebDriverManager - Driver chromedriver 103.0.5060.53 found in cache
19:05:42.324 [main] INFO io.github.bonigarcia.wdm.WebDriverManager - Exporting webdriver.chrome.driver as C:\Users\Bagas Dwi Saputra\.cache\selenium\chromedriver\win32\103.0.5060.53\chromedriver.exe
19:05:42.545 [main] DEBUG net.serenitybdd.core.webdriver.driverproviders.ProvideNewDriver - Instantiating driver
19:05:42.545 [main] DEBUG net.serenitybdd.core.webdriver.driverproviders.ProvideNewDriver - Driver capabilities: Capabilities {acceptInsecureCerts: false, base.url: https://fanciful-trifle-360..., browserName: chrome, chorme.driver: src/test/resources/webdrive..., driver: chrome, goog:chromeOptions: {args: [], extensions: []}}
19:05:42.651 [AsyncHttpClient-1-5] DEBUG org.asynchttpclient.netty.channel.NettyConnectListener - Using new Channel '[id: 0xf7b0f8da, L:/127.0.0.1:50396 - R:localhost/127.0.0.1:64371]' for 'POST' to '/session'
19:05:43.379 [AsyncHttpClient-1-5] DEBUG org.asynchttpclient.netty.handler.HttpHandler - 

Request DefaultHttpRequest(decodeResult: success, version: HTTP/1.1)
POST /session HTTP/1.1
User-Agent: selenium/4.1.4 (java windows)
Content-Length: 629
Content-Type: application/json; charset=utf-8
host: localhost:64371
accept: */*

Response DefaultHttpResponse(decodeResult: success, version: HTTP/1.1)
HTTP/1.1 200 OK
Content-Type: application/json; charset=utf-8
cache-control: no-cache
content-length: 793

19:05:43.379 [AsyncHttpClient-1-5] DEBUG org.asynchttpclient.netty.channel.ChannelManager - Adding key: http://localhost:64371 for channel [id: 0xf7b0f8da, L:/127.0.0.1:50396 - R:localhost/127.0.0.1:64371]
19:05:43.422 [AsyncHttpClient-1-6] DEBUG org.asynchttpclient.netty.channel.NettyConnectListener - Using new Channel '[id: 0x21635811, L:/127.0.0.1:50402 - R:localhost/127.0.0.1:50397]' for 'GET' to '/json/version'
19:05:43.425 [AsyncHttpClient-1-6] DEBUG org.asynchttpclient.netty.handler.HttpHandler - 

Request DefaultFullHttpRequest(decodeResult: success, version: HTTP/1.1, content: EmptyByteBufBE)
GET /json/version HTTP/1.1
User-Agent: selenium/4.1.4 (java windows)
host: localhost:50397
accept: */*

Response DefaultHttpResponse(decodeResult: success, version: HTTP/1.1)
HTTP/1.1 200 OK
Content-Type: application/json; charset=UTF-8
content-length: 429

19:05:43.425 [AsyncHttpClient-1-6] DEBUG org.asynchttpclient.netty.channel.ChannelManager - Adding key: http://localhost:50397 for channel [id: 0x21635811, L:/127.0.0.1:50402 - R:localhost/127.0.0.1:50397]
19:05:43.443 [AsyncHttpClient-1-7] DEBUG org.asynchttpclient.netty.channel.NettyConnectListener - Using new Channel '[id: 0xad907d69, L:/127.0.0.1:50404 - R:localhost/127.0.0.1:50397]' for 'GET' to '/devtools/browser/273c0228-dc1d-459b-8173-4ccc4af99cdd'
19:05:43.446 [AsyncHttpClient-1-7] DEBUG org.asynchttpclient.netty.handler.WebSocketHandler - 

Request DefaultFullHttpRequest(decodeResult: success, version: HTTP/1.1, content: EmptyByteBufBE)
GET /devtools/browser/273c0228-dc1d-459b-8173-4ccc4af99cdd HTTP/1.1
upgrade: websocket
connection: upgrade
sec-websocket-key: Qms6gfvhb6q3OH8mBdu8ng==
sec-websocket-version: 13
origin: http://localhost:50397
host: localhost:50397
accept: */*
user-agent: AHC/2.1

Response DefaultHttpResponse(decodeResult: success, version: HTTP/1.1)
HTTP/1.1 101 WebSocket Protocol Handshake
Upgrade: WebSocket
Connection: Upgrade
Sec-WebSocket-Accept: HGTBrfHTPSUwm6Mp4zN4b8KOIxM=

19:05:43.457 [Forwarding get on session 492ead163534b54ef8490c2258d768cb to remote] DEBUG org.asynchttpclient.netty.request.NettyRequestSender - Using pooled Channel '[id: 0xf7b0f8da, L:/127.0.0.1:50396 - R:localhost/127.0.0.1:64371]' for 'POST' to 'http://localhost:64371/session/492ead163534b54ef8490c2258d768cb/url'
19:05:43.457 [Forwarding get on session 492ead163534b54ef8490c2258d768cb to remote] DEBUG org.asynchttpclient.netty.request.NettyRequestSender - Using open Channel [id: 0xf7b0f8da, L:/127.0.0.1:50396 - R:localhost/127.0.0.1:64371] for POST '/session/492ead163534b54ef8490c2258d768cb/url'
19:05:44.159 [AsyncHttpClient-1-5] DEBUG org.asynchttpclient.netty.handler.HttpHandler - 

Request DefaultHttpRequest(decodeResult: success, version: HTTP/1.1)
POST /session/492ead163534b54ef8490c2258d768cb/url HTTP/1.1
User-Agent: selenium/4.1.4 (java windows)
Content-Length: 78
Content-Type: application/json; charset=utf-8
host: localhost:64371
accept: */*

Response DefaultHttpResponse(decodeResult: success, version: HTTP/1.1)
HTTP/1.1 200 OK
Content-Type: application/json; charset=utf-8
cache-control: no-cache
content-length: 14

19:05:44.159 [AsyncHttpClient-1-5] DEBUG org.asynchttpclient.netty.channel.ChannelManager - Adding key: http://localhost:64371 for channel [id: 0xf7b0f8da, L:/127.0.0.1:50396 - R:localhost/127.0.0.1:64371]
19:05:44.163 [Forwarding setTimeout on session 492ead163534b54ef8490c2258d768cb to remote] DEBUG org.asynchttpclient.netty.request.NettyRequestSender - Using pooled Channel '[id: 0xf7b0f8da, L:/127.0.0.1:50396 - R:localhost/127.0.0.1:64371]' for 'POST' to 'http://localhost:64371/session/492ead163534b54ef8490c2258d768cb/timeouts'
19:05:44.163 [Forwarding setTimeout on session 492ead163534b54ef8490c2258d768cb to remote] DEBUG org.asynchttpclient.netty.request.NettyRequestSender - Using open Channel [id: 0xf7b0f8da, L:/127.0.0.1:50396 - R:localhost/127.0.0.1:64371] for POST '/session/492ead163534b54ef8490c2258d768cb/timeouts'
19:05:44.171 [AsyncHttpClient-1-5] DEBUG org.asynchttpclient.netty.handler.HttpHandler - 

Request DefaultHttpRequest(decodeResult: success, version: HTTP/1.1)
POST /session/492ead163534b54ef8490c2258d768cb/timeouts HTTP/1.1
User-Agent: selenium/4.1.4 (java windows)
Content-Length: 22
Content-Type: application/json; charset=utf-8
host: localhost:64371
accept: */*

Response DefaultHttpResponse(decodeResult: success, version: HTTP/1.1)
HTTP/1.1 200 OK
Content-Type: application/json; charset=utf-8
cache-control: no-cache
content-length: 14

19:05:44.171 [AsyncHttpClient-1-5] DEBUG org.asynchttpclient.netty.channel.ChannelManager - Adding key: http://localhost:64371 for channel [id: 0xf7b0f8da, L:/127.0.0.1:50396 - R:localhost/127.0.0.1:64371]
19:05:44.176 [Forwarding getCurrentUrl on session 492ead163534b54ef8490c2258d768cb to remote] DEBUG org.asynchttpclient.netty.request.NettyRequestSender - Using pooled Channel '[id: 0xf7b0f8da, L:/127.0.0.1:50396 - R:localhost/127.0.0.1:64371]' for 'GET' to 'http://localhost:64371/session/492ead163534b54ef8490c2258d768cb/url'
19:05:44.176 [Forwarding getCurrentUrl on session 492ead163534b54ef8490c2258d768cb to remote] DEBUG org.asynchttpclient.netty.request.NettyRequestSender - Using open Channel [id: 0xf7b0f8da, L:/127.0.0.1:50396 - R:localhost/127.0.0.1:64371] for GET '/session/492ead163534b54ef8490c2258d768cb/url'
19:05:44.187 [AsyncHttpClient-1-5] DEBUG org.asynchttpclient.netty.handler.HttpHandler - 

Request DefaultFullHttpRequest(decodeResult: success, version: HTTP/1.1, content: EmptyByteBufBE)
GET /session/492ead163534b54ef8490c2258d768cb/url HTTP/1.1
User-Agent: selenium/4.1.4 (java windows)
Cache-Control: no-cache
Content-Type: application/json; charset=utf-8
host: localhost:64371
accept: */*

Response DefaultHttpResponse(decodeResult: success, version: HTTP/1.1)
HTTP/1.1 200 OK
Content-Type: application/json; charset=utf-8
cache-control: no-cache
content-length: 60

19:05:44.187 [AsyncHttpClient-1-5] DEBUG org.asynchttpclient.netty.channel.ChannelManager - Adding key: http://localhost:64371 for channel [id: 0xf7b0f8da, L:/127.0.0.1:50396 - R:localhost/127.0.0.1:64371]
19:05:44.195 [Forwarding screenshot on session 492ead163534b54ef8490c2258d768cb to remote] DEBUG org.asynchttpclient.netty.request.NettyRequestSender - Using pooled Channel '[id: 0xf7b0f8da, L:/127.0.0.1:50396 - R:localhost/127.0.0.1:64371]' for 'GET' to 'http://localhost:64371/session/492ead163534b54ef8490c2258d768cb/screenshot'
19:05:44.196 [Forwarding screenshot on session 492ead163534b54ef8490c2258d768cb to remote] DEBUG org.asynchttpclient.netty.request.NettyRequestSender - Using open Channel [id: 0xf7b0f8da, L:/127.0.0.1:50396 - R:localhost/127.0.0.1:64371] for GET '/session/492ead163534b54ef8490c2258d768cb/screenshot'
19:05:44.353 [AsyncHttpClient-1-1] DEBUG org.asynchttpclient.netty.channel.DefaultChannelPool - Entry count for : http://localhost:50397 : 1
19:05:44.601 [AsyncHttpClient-1-5] DEBUG org.asynchttpclient.netty.handler.HttpHandler - 

Request DefaultFullHttpRequest(decodeResult: success, version: HTTP/1.1, content: EmptyByteBufBE)
GET /session/492ead163534b54ef8490c2258d768cb/screenshot HTTP/1.1
User-Agent: selenium/4.1.4 (java windows)
Cache-Control: no-cache
Content-Type: application/json; charset=utf-8
host: localhost:64371
accept: */*

Response DefaultHttpResponse(decodeResult: success, version: HTTP/1.1)
HTTP/1.1 200 OK
Content-Type: application/json; charset=utf-8
cache-control: no-cache
content-length: 380436

19:05:44.601 [AsyncHttpClient-1-5] DEBUG org.asynchttpclient.netty.channel.ChannelManager - Adding key: http://localhost:64371 for channel [id: 0xf7b0f8da, L:/127.0.0.1:50396 - R:localhost/127.0.0.1:64371]
19:05:44.618 [main] DEBUG net.serenitybdd.core.photography.Darkroom - Send negative for processing for target\site\serenity\d122c364c40ece9db0ad32cd97c3fcf63e95ba606118dda8d3e5a1d2b8235ce2.png
19:05:44.618 [main] DEBUG net.thucydides.core.steps.StepInterceptor - STEP DONE: openLogin
  &amp#27;[32mGiven &amp#27;[0m&amp#27;[32mOpen login page&amp#27;[0m                       &amp#27;[90m# starter.stepdefinitios.LoginSteps.openLoginPage()&amp#27;[0m
19:05:45.533 [AsyncHttpClient-1-1] DEBUG org.asynchttpclient.netty.channel.DefaultChannelPool - Entry count for : http://localhost:64371 : 1
19:05:45.533 [AsyncHttpClient-1-1] DEBUG org.asynchttpclient.netty.channel.DefaultChannelPool - Entry count for : http://localhost:50397 : 1
19:05:45.654 [Forwarding findElement on session 492ead163534b54ef8490c2258d768cb to remote] DEBUG org.asynchttpclient.netty.request.NettyRequestSender - Using pooled Channel '[id: 0xf7b0f8da, L:/127.0.0.1:50396 - R:localhost/127.0.0.1:64371]' for 'POST' to 'http://localhost:64371/session/492ead163534b54ef8490c2258d768cb/element'
19:05:45.654 [Forwarding findElement on session 492ead163534b54ef8490c2258d768cb to remote] DEBUG org.asynchttpclient.netty.request.NettyRequestSender - Using open Channel [id: 0xf7b0f8da, L:/127.0.0.1:50396 - R:localhost/127.0.0.1:64371] for POST '/session/492ead163534b54ef8490c2258d768cb/element'
19:05:45.705 [AsyncHttpClient-1-5] DEBUG org.asynchttpclient.netty.handler.HttpHandler - 

Request DefaultHttpRequest(decodeResult: success, version: HTTP/1.1)
POST /session/492ead163534b54ef8490c2258d768cb/element HTTP/1.1
User-Agent: selenium/4.1.4 (java windows)
Content-Length: 70
Content-Type: application/json; charset=utf-8
host: localhost:64371
accept: */*

Response DefaultHttpResponse(decodeResult: success, version: HTTP/1.1)
HTTP/1.1 200 OK
Content-Type: application/json; charset=utf-8
cache-control: no-cache
content-length: 88

19:05:45.705 [AsyncHttpClient-1-5] DEBUG org.asynchttpclient.netty.channel.ChannelManager - Adding key: http://localhost:64371 for channel [id: 0xf7b0f8da, L:/127.0.0.1:50396 - R:localhost/127.0.0.1:64371]
19:05:45.706 [Forwarding sendKeysToElement on session 492ead163534b54ef8490c2258d768cb to remote] DEBUG org.asynchttpclient.netty.request.NettyRequestSender - Using pooled Channel '[id: 0xf7b0f8da, L:/127.0.0.1:50396 - R:localhost/127.0.0.1:64371]' for 'POST' to 'http://localhost:64371/session/492ead163534b54ef8490c2258d768cb/element/e061ee47-a629-4e2d-b24e-0879a891eaf2/value'
19:05:45.706 [Forwarding sendKeysToElement on session 492ead163534b54ef8490c2258d768cb to remote] DEBUG org.asynchttpclient.netty.request.NettyRequestSender - Using open Channel [id: 0xf7b0f8da, L:/127.0.0.1:50396 - R:localhost/127.0.0.1:64371] for POST '/session/492ead163534b54ef8490c2258d768cb/element/e061ee47-a629-4e2d-b24e-0879a891eaf2/value'
19:05:45.767 [AsyncHttpClient-1-5] DEBUG org.asynchttpclient.netty.handler.HttpHandler - 

Request DefaultHttpRequest(decodeResult: success, version: HTTP/1.1)
POST /session/492ead163534b54ef8490c2258d768cb/element/e061ee47-a629-4e2d-b24e-0879a891eaf2/value HTTP/1.1
User-Agent: selenium/4.1.4 (java windows)
Content-Length: 82
Content-Type: application/json; charset=utf-8
host: localhost:64371
accept: */*

Response DefaultHttpResponse(decodeResult: success, version: HTTP/1.1)
HTTP/1.1 200 OK
Content-Type: application/json; charset=utf-8
cache-control: no-cache
content-length: 14

19:05:45.767 [AsyncHttpClient-1-5] DEBUG org.asynchttpclient.netty.channel.ChannelManager - Adding key: http://localhost:64371 for channel [id: 0xf7b0f8da, L:/127.0.0.1:50396 - R:localhost/127.0.0.1:64371]
  &amp#27;[32mWhen &amp#27;[0m&amp#27;[32mI input &amp#27;[0m&amp#27;[32m&amp#27;[1m""&amp#27;[0m&amp#27;[32m login email&amp#27;[0m                 &amp#27;[90m# starter.stepdefinitios.LoginSteps.iInputEmailLogin(java.lang.String)&amp#27;[0m
19:05:45.777 [Forwarding screenshot on session 492ead163534b54ef8490c2258d768cb to remote] DEBUG org.asynchttpclient.netty.request.NettyRequestSender - Using pooled Channel '[id: 0xf7b0f8da, L:/127.0.0.1:50396 - R:localhost/127.0.0.1:64371]' for 'GET' to 'http://localhost:64371/session/492ead163534b54ef8490c2258d768cb/screenshot'
19:05:45.777 [Forwarding screenshot on session 492ead163534b54ef8490c2258d768cb to remote] DEBUG org.asynchttpclient.netty.request.NettyRequestSender - Using open Channel [id: 0xf7b0f8da, L:/127.0.0.1:50396 - R:localhost/127.0.0.1:64371] for GET '/session/492ead163534b54ef8490c2258d768cb/screenshot'
19:05:45.995 [AsyncHttpClient-1-5] DEBUG org.asynchttpclient.netty.handler.HttpHandler - 

Request DefaultFullHttpRequest(decodeResult: success, version: HTTP/1.1, content: EmptyByteBufBE)
GET /session/492ead163534b54ef8490c2258d768cb/screenshot HTTP/1.1
User-Agent: selenium/4.1.4 (java windows)
Cache-Control: no-cache
Content-Type: application/json; charset=utf-8
host: localhost:64371
accept: */*

Response DefaultHttpResponse(decodeResult: success, version: HTTP/1.1)
HTTP/1.1 200 OK
Content-Type: application/json; charset=utf-8
cache-control: no-cache
content-length: 380144

19:05:45.995 [AsyncHttpClient-1-5] DEBUG org.asynchttpclient.netty.channel.ChannelManager - Adding key: http://localhost:64371 for channel [id: 0xf7b0f8da, L:/127.0.0.1:50396 - R:localhost/127.0.0.1:64371]
19:05:46.010 [main] DEBUG net.serenitybdd.core.photography.Darkroom - Send negative for processing for target\site\serenity\b0ae5b16874c457a6fe2b22fb0aadd9bd2c1aad212bd33006bd7f928ab88599a.png
19:05:46.010 [Darkroom Processing Line] DEBUG net.serenitybdd.core.photography.DarkroomProcessingLine - Processing screenshot image in /var/screenshots/screenshot-8424109684665126121
19:05:46.010 [Darkroom Processing Line] DEBUG net.serenitybdd.core.photography.DarkroomProcessingLine - Saving screenshot to target\site\serenity\b0ae5b16874c457a6fe2b22fb0aadd9bd2c1aad212bd33006bd7f928ab88599a.png
19:05:46.554 [AsyncHttpClient-1-1] DEBUG org.asynchttpclient.netty.channel.DefaultChannelPool - Entry count for : http://localhost:64371 : 1
19:05:46.554 [AsyncHttpClient-1-1] DEBUG org.asynchttpclient.netty.channel.DefaultChannelPool - Entry count for : http://localhost:50397 : 1
19:05:47.037 [Forwarding screenshot on session 492ead163534b54ef8490c2258d768cb to remote] DEBUG org.asynchttpclient.netty.request.NettyRequestSender - Using pooled Channel '[id: 0xf7b0f8da, L:/127.0.0.1:50396 - R:localhost/127.0.0.1:64371]' for 'GET' to 'http://localhost:64371/session/492ead163534b54ef8490c2258d768cb/screenshot'
19:05:47.037 [Forwarding screenshot on session 492ead163534b54ef8490c2258d768cb to remote] DEBUG org.asynchttpclient.netty.request.NettyRequestSender - Using open Channel [id: 0xf7b0f8da, L:/127.0.0.1:50396 - R:localhost/127.0.0.1:64371] for GET '/session/492ead163534b54ef8490c2258d768cb/screenshot'
19:05:47.294 [AsyncHttpClient-1-5] DEBUG org.asynchttpclient.netty.handler.HttpHandler - 

Request DefaultFullHttpRequest(decodeResult: success, version: HTTP/1.1, content: EmptyByteBufBE)
GET /session/492ead163534b54ef8490c2258d768cb/screenshot HTTP/1.1
User-Agent: selenium/4.1.4 (java windows)
Cache-Control: no-cache
Content-Type: application/json; charset=utf-8
host: localhost:64371
accept: */*

Response DefaultHttpResponse(decodeResult: success, version: HTTP/1.1)
HTTP/1.1 200 OK
Content-Type: application/json; charset=utf-8
cache-control: no-cache
content-length: 380144

19:05:47.297 [AsyncHttpClient-1-5] DEBUG org.asynchttpclient.netty.channel.ChannelManager - Adding key: http://localhost:64371 for channel [id: 0xf7b0f8da, L:/127.0.0.1:50396 - R:localhost/127.0.0.1:64371]
19:05:47.314 [main] DEBUG net.serenitybdd.core.photography.Darkroom - Send negative for processing for target\site\serenity\b0ae5b16874c457a6fe2b22fb0aadd9bd2c1aad212bd33006bd7f928ab88599a.png
19:05:47.314 [main] DEBUG net.thucydides.core.steps.StepInterceptor - STARTING STEP: LoginSteps.iInputPasswordLogin - inputPasswordLogin
19:05:47.325 [Forwarding findElement on session 492ead163534b54ef8490c2258d768cb to remote] DEBUG org.asynchttpclient.netty.request.NettyRequestSender - Using pooled Channel '[id: 0xf7b0f8da, L:/127.0.0.1:50396 - R:localhost/127.0.0.1:64371]' for 'POST' to 'http://localhost:64371/session/492ead163534b54ef8490c2258d768cb/element'
19:05:47.325 [Forwarding findElement on session 492ead163534b54ef8490c2258d768cb to remote] DEBUG org.asynchttpclient.netty.request.NettyRequestSender - Using open Channel [id: 0xf7b0f8da, L:/127.0.0.1:50396 - R:localhost/127.0.0.1:64371] for POST '/session/492ead163534b54ef8490c2258d768cb/element'
19:05:47.335 [AsyncHttpClient-1-5] DEBUG org.asynchttpclient.netty.handler.HttpHandler - 

Request DefaultHttpRequest(decodeResult: success, version: HTTP/1.1)
POST /session/492ead163534b54ef8490c2258d768cb/element HTTP/1.1
User-Agent: selenium/4.1.4 (java windows)
Content-Length: 70
Content-Type: application/json; charset=utf-8
host: localhost:64371
accept: */*

Response DefaultHttpResponse(decodeResult: success, version: HTTP/1.1)
HTTP/1.1 200 OK
Content-Type: application/json; charset=utf-8
cache-control: no-cache
content-length: 88

19:05:47.336 [AsyncHttpClient-1-5] DEBUG org.asynchttpclient.netty.channel.ChannelManager - Adding key: http://localhost:64371 for channel [id: 0xf7b0f8da, L:/127.0.0.1:50396 - R:localhost/127.0.0.1:64371]
19:05:47.337 [Forwarding sendKeysToElement on session 492ead163534b54ef8490c2258d768cb to remote] DEBUG org.asynchttpclient.netty.request.NettyRequestSender - Using pooled Channel '[id: 0xf7b0f8da, L:/127.0.0.1:50396 - R:localhost/127.0.0.1:64371]' for 'POST' to 'http://localhost:64371/session/492ead163534b54ef8490c2258d768cb/element/6356967c-bad8-4936-b280-55082c8f2106/value'
19:05:47.338 [Forwarding sendKeysToElement on session 492ead163534b54ef8490c2258d768cb to remote] DEBUG org.asynchttpclient.netty.request.NettyRequestSender - Using open Channel [id: 0xf7b0f8da, L:/127.0.0.1:50396 - R:localhost/127.0.0.1:64371] for POST '/session/492ead163534b54ef8490c2258d768cb/element/6356967c-bad8-4936-b280-55082c8f2106/value'
19:05:47.395 [AsyncHttpClient-1-5] DEBUG org.asynchttpclient.netty.handler.HttpHandler - 

Request DefaultHttpRequest(decodeResult: success, version: HTTP/1.1)
POST /session/492ead163534b54ef8490c2258d768cb/element/6356967c-bad8-4936-b280-55082c8f2106/value HTTP/1.1
User-Agent: selenium/4.1.4 (java windows)
Content-Length: 111
Content-Type: application/json; charset=utf-8
host: localhost:64371
accept: */*

Response DefaultHttpResponse(decodeResult: success, version: HTTP/1.1)
HTTP/1.1 200 OK
Content-Type: application/json; charset=utf-8
cache-control: no-cache
content-length: 14

19:05:47.396 [AsyncHttpClient-1-5] DEBUG org.asynchttpclient.netty.channel.ChannelManager - Adding key: http://localhost:64371 for channel [id: 0xf7b0f8da, L:/127.0.0.1:50396 - R:localhost/127.0.0.1:64371]
19:05:47.402 [Forwarding screenshot on session 492ead163534b54ef8490c2258d768cb to remote] DEBUG org.asynchttpclient.netty.request.NettyRequestSender - Using pooled Channel '[id: 0xf7b0f8da, L:/127.0.0.1:50396 - R:localhost/127.0.0.1:64371]' for 'GET' to 'http://localhost:64371/session/492ead163534b54ef8490c2258d768cb/screenshot'
19:05:47.402 [Forwarding screenshot on session 492ead163534b54ef8490c2258d768cb to remote] DEBUG org.asynchttpclient.netty.request.NettyRequestSender - Using open Channel [id: 0xf7b0f8da, L:/127.0.0.1:50396 - R:localhost/127.0.0.1:64371] for GET '/session/492ead163534b54ef8490c2258d768cb/screenshot'
19:05:47.567 [AsyncHttpClient-1-5] DEBUG org.asynchttpclient.netty.handler.HttpHandler - 

Request DefaultFullHttpRequest(decodeResult: success, version: HTTP/1.1, content: EmptyByteBufBE)
GET /session/492ead163534b54ef8490c2258d768cb/screenshot HTTP/1.1
User-Agent: selenium/4.1.4 (java windows)
Cache-Control: no-cache
Content-Type: application/json; charset=utf-8
host: localhost:64371
accept: */*

Response DefaultHttpResponse(decodeResult: success, version: HTTP/1.1)
HTTP/1.1 200 OK
Content-Type: application/json; charset=utf-8
cache-control: no-cache
content-length: 378232

19:05:47.569 [AsyncHttpClient-1-5] DEBUG org.asynchttpclient.netty.channel.ChannelManager - Adding key: http://localhost:64371 for channel [id: 0xf7b0f8da, L:/127.0.0.1:50396 - R:localhost/127.0.0.1:64371]
19:05:47.579 [main] DEBUG net.serenitybdd.core.photography.Darkroom - Send negative for processing for target\site\serenity\3a8ef793796cf0c1ba7afeec83e813a2bf57b0b59ff92926442f2dfdb20431b0.png
19:05:47.579 [main] DEBUG net.thucydides.core.steps.StepInterceptor - STEP DONE: inputPasswordLogin
19:05:47.579 [Darkroom Processing Line] DEBUG net.serenitybdd.core.photography.DarkroomProcessingLine - Processing screenshot image in /var/screenshots/screenshot-3235334081631499078
19:05:47.579 [Darkroom Processing Line] DEBUG net.serenitybdd.core.photography.DarkroomProcessingLine - Saving screenshot to target\site\serenity\3a8ef793796cf0c1ba7afeec83e813a2bf57b0b59ff92926442f2dfdb20431b0.png
  &amp#27;[32mAnd &amp#27;[0m&amp#27;[32mI input &amp#27;[0m&amp#27;[32m&amp#27;[1m"321"&amp#27;[0m&amp#27;[32m login password&amp#27;[0m            &amp#27;[90m# starter.stepdefinitios.LoginSteps.iInputPasswordLogin(java.lang.String)&amp#27;[0m
19:05:47.596 [main] DEBUG net.thucydides.core.steps.StepInterceptor - STARTING STEP: LoginSteps.iClickButtonLogin - clickButtonLogin
19:05:47.599 [Forwarding findElement on session 492ead163534b54ef8490c2258d768cb to remote] DEBUG org.asynchttpclient.netty.request.NettyRequestSender - Using pooled Channel '[id: 0xf7b0f8da, L:/127.0.0.1:50396 - R:localhost/127.0.0.1:64371]' for 'POST' to 'http://localhost:64371/session/492ead163534b54ef8490c2258d768cb/element'
19:05:47.599 [Forwarding findElement on session 492ead163534b54ef8490c2258d768cb to remote] DEBUG org.asynchttpclient.netty.request.NettyRequestSender - Using open Channel [id: 0xf7b0f8da, L:/127.0.0.1:50396 - R:localhost/127.0.0.1:64371] for POST '/session/492ead163534b54ef8490c2258d768cb/element'
19:05:47.608 [AsyncHttpClient-1-5] DEBUG org.asynchttpclient.netty.handler.HttpHandler - 

Request DefaultHttpRequest(decodeResult: success, version: HTTP/1.1)
POST /session/492ead163534b54ef8490c2258d768cb/element HTTP/1.1
User-Agent: selenium/4.1.4 (java windows)
Content-Length: 68
Content-Type: application/json; charset=utf-8
host: localhost:64371
accept: */*

Response DefaultHttpResponse(decodeResult: success, version: HTTP/1.1)
HTTP/1.1 200 OK
Content-Type: application/json; charset=utf-8
cache-control: no-cache
content-length: 88

19:05:47.608 [AsyncHttpClient-1-5] DEBUG org.asynchttpclient.netty.channel.ChannelManager - Adding key: http://localhost:64371 for channel [id: 0xf7b0f8da, L:/127.0.0.1:50396 - R:localhost/127.0.0.1:64371]
19:05:47.611 [Forwarding getElementTagName on session 492ead163534b54ef8490c2258d768cb to remote] DEBUG org.asynchttpclient.netty.request.NettyRequestSender - Using pooled Channel '[id: 0xf7b0f8da, L:/127.0.0.1:50396 - R:localhost/127.0.0.1:64371]' for 'GET' to 'http://localhost:64371/session/492ead163534b54ef8490c2258d768cb/element/9d9ee740-1281-4361-b884-b503205d2dd2/name'
19:05:47.611 [Forwarding getElementTagName on session 492ead163534b54ef8490c2258d768cb to remote] DEBUG org.asynchttpclient.netty.request.NettyRequestSender - Using open Channel [id: 0xf7b0f8da, L:/127.0.0.1:50396 - R:localhost/127.0.0.1:64371] for GET '/session/492ead163534b54ef8490c2258d768cb/element/9d9ee740-1281-4361-b884-b503205d2dd2/name'
19:05:47.615 [AsyncHttpClient-1-5] DEBUG org.asynchttpclient.netty.handler.HttpHandler - 

Request DefaultFullHttpRequest(decodeResult: success, version: HTTP/1.1, content: EmptyByteBufBE)
GET /session/492ead163534b54ef8490c2258d768cb/element/9d9ee740-1281-4361-b884-b503205d2dd2/name HTTP/1.1
User-Agent: selenium/4.1.4 (java windows)
Cache-Control: no-cache
Content-Type: application/json; charset=utf-8
host: localhost:64371
accept: */*

Response DefaultHttpResponse(decodeResult: success, version: HTTP/1.1)
HTTP/1.1 200 OK
Content-Type: application/json; charset=utf-8
cache-control: no-cache
content-length: 18

19:05:47.615 [AsyncHttpClient-1-5] DEBUG org.asynchttpclient.netty.channel.ChannelManager - Adding key: http://localhost:64371 for channel [id: 0xf7b0f8da, L:/127.0.0.1:50396 - R:localhost/127.0.0.1:64371]
19:05:47.615 [Forwarding getElementTagName on session 492ead163534b54ef8490c2258d768cb to remote] DEBUG org.asynchttpclient.netty.request.NettyRequestSender - Using pooled Channel '[id: 0xf7b0f8da, L:/127.0.0.1:50396 - R:localhost/127.0.0.1:64371]' for 'GET' to 'http://localhost:64371/session/492ead163534b54ef8490c2258d768cb/element/9d9ee740-1281-4361-b884-b503205d2dd2/name'
19:05:47.615 [Forwarding getElementTagName on session 492ead163534b54ef8490c2258d768cb to remote] DEBUG org.asynchttpclient.netty.request.NettyRequestSender - Using open Channel [id: 0xf7b0f8da, L:/127.0.0.1:50396 - R:localhost/127.0.0.1:64371] for GET '/session/492ead163534b54ef8490c2258d768cb/element/9d9ee740-1281-4361-b884-b503205d2dd2/name'
19:05:47.619 [AsyncHttpClient-1-5] DEBUG org.asynchttpclient.netty.handler.HttpHandler - 

Request DefaultFullHttpRequest(decodeResult: success, version: HTTP/1.1, content: EmptyByteBufBE)
GET /session/492ead163534b54ef8490c2258d768cb/element/9d9ee740-1281-4361-b884-b503205d2dd2/name HTTP/1.1
User-Agent: selenium/4.1.4 (java windows)
Cache-Control: no-cache
Content-Type: application/json; charset=utf-8
host: localhost:64371
accept: */*

Response DefaultHttpResponse(decodeResult: success, version: HTTP/1.1)
HTTP/1.1 200 OK
Content-Type: application/json; charset=utf-8
cache-control: no-cache
content-length: 18

19:05:47.620 [AsyncHttpClient-1-5] DEBUG org.asynchttpclient.netty.channel.ChannelManager - Adding key: http://localhost:64371 for channel [id: 0xf7b0f8da, L:/127.0.0.1:50396 - R:localhost/127.0.0.1:64371]
19:05:47.622 [Forwarding isElementEnabled on session 492ead163534b54ef8490c2258d768cb to remote] DEBUG org.asynchttpclient.netty.request.NettyRequestSender - Using pooled Channel '[id: 0xf7b0f8da, L:/127.0.0.1:50396 - R:localhost/127.0.0.1:64371]' for 'GET' to 'http://localhost:64371/session/492ead163534b54ef8490c2258d768cb/element/9d9ee740-1281-4361-b884-b503205d2dd2/enabled'
19:05:47.622 [Forwarding isElementEnabled on session 492ead163534b54ef8490c2258d768cb to remote] DEBUG org.asynchttpclient.netty.request.NettyRequestSender - Using open Channel [id: 0xf7b0f8da, L:/127.0.0.1:50396 - R:localhost/127.0.0.1:64371] for GET '/session/492ead163534b54ef8490c2258d768cb/element/9d9ee740-1281-4361-b884-b503205d2dd2/enabled'
19:05:47.633 [AsyncHttpClient-1-5] DEBUG org.asynchttpclient.netty.handler.HttpHandler - 

Request DefaultFullHttpRequest(decodeResult: success, version: HTTP/1.1, content: EmptyByteBufBE)
GET /session/492ead163534b54ef8490c2258d768cb/element/9d9ee740-1281-4361-b884-b503205d2dd2/enabled HTTP/1.1
User-Agent: selenium/4.1.4 (java windows)
Cache-Control: no-cache
Content-Type: application/json; charset=utf-8
host: localhost:64371
accept: */*

Response DefaultHttpResponse(decodeResult: success, version: HTTP/1.1)
HTTP/1.1 200 OK
Content-Type: application/json; charset=utf-8
cache-control: no-cache
content-length: 14

19:05:47.633 [AsyncHttpClient-1-5] DEBUG org.asynchttpclient.netty.channel.ChannelManager - Adding key: http://localhost:64371 for channel [id: 0xf7b0f8da, L:/127.0.0.1:50396 - R:localhost/127.0.0.1:64371]
19:05:47.641 [Forwarding isElementEnabled on session 492ead163534b54ef8490c2258d768cb to remote] DEBUG org.asynchttpclient.netty.request.NettyRequestSender - Using pooled Channel '[id: 0xf7b0f8da, L:/127.0.0.1:50396 - R:localhost/127.0.0.1:64371]' for 'GET' to 'http://localhost:64371/session/492ead163534b54ef8490c2258d768cb/element/9d9ee740-1281-4361-b884-b503205d2dd2/enabled'
19:05:47.641 [Forwarding isElementEnabled on session 492ead163534b54ef8490c2258d768cb to remote] DEBUG org.asynchttpclient.netty.request.NettyRequestSender - Using open Channel [id: 0xf7b0f8da, L:/127.0.0.1:50396 - R:localhost/127.0.0.1:64371] for GET '/session/492ead163534b54ef8490c2258d768cb/element/9d9ee740-1281-4361-b884-b503205d2dd2/enabled'
19:05:47.649 [AsyncHttpClient-1-5] DEBUG org.asynchttpclient.netty.handler.HttpHandler - 

Request DefaultFullHttpRequest(decodeResult: success, version: HTTP/1.1, content: EmptyByteBufBE)
GET /session/492ead163534b54ef8490c2258d768cb/element/9d9ee740-1281-4361-b884-b503205d2dd2/enabled HTTP/1.1
User-Agent: selenium/4.1.4 (java windows)
Cache-Control: no-cache
Content-Type: application/json; charset=utf-8
host: localhost:64371
accept: */*

Response DefaultHttpResponse(decodeResult: success, version: HTTP/1.1)
HTTP/1.1 200 OK
Content-Type: application/json; charset=utf-8
cache-control: no-cache
content-length: 14

19:05:47.650 [AsyncHttpClient-1-5] DEBUG org.asynchttpclient.netty.channel.ChannelManager - Adding key: http://localhost:64371 for channel [id: 0xf7b0f8da, L:/127.0.0.1:50396 - R:localhost/127.0.0.1:64371]
19:05:47.652 [Forwarding findElement on session 492ead163534b54ef8490c2258d768cb to remote] DEBUG org.asynchttpclient.netty.request.NettyRequestSender - Using pooled Channel '[id: 0xf7b0f8da, L:/127.0.0.1:50396 - R:localhost/127.0.0.1:64371]' for 'POST' to 'http://localhost:64371/session/492ead163534b54ef8490c2258d768cb/element'
19:05:47.652 [Forwarding findElement on session 492ead163534b54ef8490c2258d768cb to remote] DEBUG org.asynchttpclient.netty.request.NettyRequestSender - Using open Channel [id: 0xf7b0f8da, L:/127.0.0.1:50396 - R:localhost/127.0.0.1:64371] for POST '/session/492ead163534b54ef8490c2258d768cb/element'
19:05:47.653 [AsyncHttpClient-1-1] DEBUG org.asynchttpclient.netty.channel.DefaultChannelPool - Entry count for : http://localhost:50397 : 1
19:05:47.664 [AsyncHttpClient-1-5] DEBUG org.asynchttpclient.netty.handler.HttpHandler - 

Request DefaultHttpRequest(decodeResult: success, version: HTTP/1.1)
POST /session/492ead163534b54ef8490c2258d768cb/element HTTP/1.1
User-Agent: selenium/4.1.4 (java windows)
Content-Length: 68
Content-Type: application/json; charset=utf-8
host: localhost:64371
accept: */*

Response DefaultHttpResponse(decodeResult: success, version: HTTP/1.1)
HTTP/1.1 200 OK
Content-Type: application/json; charset=utf-8
cache-control: no-cache
content-length: 88

19:05:47.665 [AsyncHttpClient-1-5] DEBUG org.asynchttpclient.netty.channel.ChannelManager - Adding key: http://localhost:64371 for channel [id: 0xf7b0f8da, L:/127.0.0.1:50396 - R:localhost/127.0.0.1:64371]
19:05:47.666 [Forwarding clickElement on session 492ead163534b54ef8490c2258d768cb to remote] DEBUG org.asynchttpclient.netty.request.NettyRequestSender - Using pooled Channel '[id: 0xf7b0f8da, L:/127.0.0.1:50396 - R:localhost/127.0.0.1:64371]' for 'POST' to 'http://localhost:64371/session/492ead163534b54ef8490c2258d768cb/element/9d9ee740-1281-4361-b884-b503205d2dd2/click'
19:05:47.666 [Forwarding clickElement on session 492ead163534b54ef8490c2258d768cb to remote] DEBUG org.asynchttpclient.netty.request.NettyRequestSender - Using open Channel [id: 0xf7b0f8da, L:/127.0.0.1:50396 - R:localhost/127.0.0.1:64371] for POST '/session/492ead163534b54ef8490c2258d768cb/element/9d9ee740-1281-4361-b884-b503205d2dd2/click'
19:05:47.735 [AsyncHttpClient-1-5] DEBUG org.asynchttpclient.netty.handler.HttpHandler - 

Request DefaultHttpRequest(decodeResult: success, version: HTTP/1.1)
POST /session/492ead163534b54ef8490c2258d768cb/element/9d9ee740-1281-4361-b884-b503205d2dd2/click HTTP/1.1
User-Agent: selenium/4.1.4 (java windows)
Content-Length: 50
Content-Type: application/json; charset=utf-8
host: localhost:64371
accept: */*

Response DefaultHttpResponse(decodeResult: success, version: HTTP/1.1)
HTTP/1.1 200 OK
Content-Type: application/json; charset=utf-8
cache-control: no-cache
content-length: 14

19:05:47.735 [AsyncHttpClient-1-5] DEBUG org.asynchttpclient.netty.channel.ChannelManager - Adding key: http://localhost:64371 for channel [id: 0xf7b0f8da, L:/127.0.0.1:50396 - R:localhost/127.0.0.1:64371]
19:05:47.743 [Forwarding screenshot on session 492ead163534b54ef8490c2258d768cb to remote] DEBUG org.asynchttpclient.netty.request.NettyRequestSender - Using pooled Channel '[id: 0xf7b0f8da, L:/127.0.0.1:50396 - R:localhost/127.0.0.1:64371]' for 'GET' to 'http://localhost:64371/session/492ead163534b54ef8490c2258d768cb/screenshot'
19:05:47.745 [Forwarding screenshot on session 492ead163534b54ef8490c2258d768cb to remote] DEBUG org.asynchttpclient.netty.request.NettyRequestSender - Using open Channel [id: 0xf7b0f8da, L:/127.0.0.1:50396 - R:localhost/127.0.0.1:64371] for GET '/session/492ead163534b54ef8490c2258d768cb/screenshot'
19:05:48.224 [AsyncHttpClient-1-5] DEBUG org.asynchttpclient.netty.handler.HttpHandler - 

Request DefaultFullHttpRequest(decodeResult: success, version: HTTP/1.1, content: EmptyByteBufBE)
GET /session/492ead163534b54ef8490c2258d768cb/screenshot HTTP/1.1
User-Agent: selenium/4.1.4 (java windows)
Cache-Control: no-cache
Content-Type: application/json; charset=utf-8
host: localhost:64371
accept: */*

Response DefaultHttpResponse(decodeResult: success, version: HTTP/1.1)
HTTP/1.1 200 OK
Content-Type: application/json; charset=utf-8
cache-control: no-cache
content-length: 383324

19:05:48.225 [AsyncHttpClient-1-5] DEBUG org.asynchttpclient.netty.channel.ChannelManager - Adding key: http://localhost:64371 for channel [id: 0xf7b0f8da, L:/127.0.0.1:50396 - R:localhost/127.0.0.1:64371]
19:05:48.236 [main] DEBUG net.serenitybdd.core.photography.Darkroom - Send negative for processing for target\site\serenity\4cd770ef930b5d13f766c448ac4c7dce67328dbc255c00a90390171a940a9ba1.png
19:05:48.236 [main] DEBUG net.thucydides.core.steps.StepInterceptor - STEP DONE: clickButtonLogin
19:05:48.236 [Darkroom Processing Line] DEBUG net.serenitybdd.core.photography.DarkroomProcessingLine - Processing screenshot image in /var/screenshots/screenshot-7846553154793785440
19:05:48.236 [Darkroom Processing Line] DEBUG net.serenitybdd.core.photography.DarkroomProcessingLine - Saving screenshot to target\site\serenity\4cd770ef930b5d13f766c448ac4c7dce67328dbc255c00a90390171a940a9ba1.png
19:05:48.761 [AsyncHttpClient-1-1] DEBUG org.asynchttpclient.netty.channel.DefaultChannelPool - Entry count for : http://localhost:64371 : 1
19:05:48.761 [AsyncHttpClient-1-1] DEBUG org.asynchttpclient.netty.channel.DefaultChannelPool - Entry count for : http://localhost:50397 : 1
  &amp#27;[32mThen &amp#27;[0m&amp#27;[32mI click button login&amp#27;[0m                   &amp#27;[90m# starter.stepdefinitios.LoginSteps.iClickButtonLogin()&amp#27;[0m
19:05:49.255 [Forwarding screenshot on session 492ead163534b54ef8490c2258d768cb to remote] DEBUG org.asynchttpclient.netty.request.NettyRequestSender - Using pooled Channel '[id: 0xf7b0f8da, L:/127.0.0.1:50396 - R:localhost/127.0.0.1:64371]' for 'GET' to 'http://localhost:64371/session/492ead163534b54ef8490c2258d768cb/screenshot'
19:05:49.255 [Forwarding screenshot on session 492ead163534b54ef8490c2258d768cb to remote] DEBUG org.asynchttpclient.netty.request.NettyRequestSender - Using open Channel [id: 0xf7b0f8da, L:/127.0.0.1:50396 - R:localhost/127.0.0.1:64371] for GET '/session/492ead163534b54ef8490c2258d768cb/screenshot'
19:05:49.594 [AsyncHttpClient-1-5] DEBUG org.asynchttpclient.netty.handler.HttpHandler - 

Request DefaultFullHttpRequest(decodeResult: success, version: HTTP/1.1, content: EmptyByteBufBE)
GET /session/492ead163534b54ef8490c2258d768cb/screenshot HTTP/1.1
User-Agent: selenium/4.1.4 (java windows)
Cache-Control: no-cache
Content-Type: application/json; charset=utf-8
host: localhost:64371
accept: */*

Response DefaultHttpResponse(decodeResult: success, version: HTTP/1.1)
HTTP/1.1 200 OK
Content-Type: application/json; charset=utf-8
cache-control: no-cache
content-length: 382552

19:05:49.596 [AsyncHttpClient-1-5] DEBUG org.asynchttpclient.netty.channel.ChannelManager - Adding key: http://localhost:64371 for channel [id: 0xf7b0f8da, L:/127.0.0.1:50396 - R:localhost/127.0.0.1:64371]
19:05:49.608 [main] DEBUG net.serenitybdd.core.photography.Darkroom - Send negative for processing for target\site\serenity\79001ef57458beb50454dc7baf770108845f066de0c0d2d88ed74b0d5e17b65a.png
19:05:49.608 [Darkroom Processing Line] DEBUG net.serenitybdd.core.photography.DarkroomProcessingLine - Processing screenshot image in /var/screenshots/screenshot-12665112016731774320
19:05:49.608 [Darkroom Processing Line] DEBUG net.serenitybdd.core.photography.DarkroomProcessingLine - Saving screenshot to target\site\serenity\79001ef57458beb50454dc7baf770108845f066de0c0d2d88ed74b0d5e17b65a.png
19:05:49.862 [AsyncHttpClient-1-1] DEBUG org.asynchttpclient.netty.channel.DefaultChannelPool - Entry count for : http://localhost:64371 : 1
19:05:49.862 [AsyncHttpClient-1-1] DEBUG org.asynchttpclient.netty.channel.DefaultChannelPool - Entry count for : http://localhost:50397 : 1
19:05:50.139 [Forwarding screenshot on session 492ead163534b54ef8490c2258d768cb to remote] DEBUG org.asynchttpclient.netty.request.NettyRequestSender - Using pooled Channel '[id: 0xf7b0f8da, L:/127.0.0.1:50396 - R:localhost/127.0.0.1:64371]' for 'GET' to 'http://localhost:64371/session/492ead163534b54ef8490c2258d768cb/screenshot'
19:05:50.139 [Forwarding screenshot on session 492ead163534b54ef8490c2258d768cb to remote] DEBUG org.asynchttpclient.netty.request.NettyRequestSender - Using open Channel [id: 0xf7b0f8da, L:/127.0.0.1:50396 - R:localhost/127.0.0.1:64371] for GET '/session/492ead163534b54ef8490c2258d768cb/screenshot'
19:05:50.403 [AsyncHttpClient-1-5] DEBUG org.asynchttpclient.netty.handler.HttpHandler - 

Request DefaultFullHttpRequest(decodeResult: success, version: HTTP/1.1, content: EmptyByteBufBE)
GET /session/492ead163534b54ef8490c2258d768cb/screenshot HTTP/1.1
User-Agent: selenium/4.1.4 (java windows)
Cache-Control: no-cache
Content-Type: application/json; charset=utf-8
host: localhost:64371
accept: */*

Response DefaultHttpResponse(decodeResult: success, version: HTTP/1.1)
HTTP/1.1 200 OK
Content-Type: application/json; charset=utf-8
cache-control: no-cache
content-length: 382552

19:05:50.411 [AsyncHttpClient-1-5] DEBUG org.asynchttpclient.netty.channel.ChannelManager - Adding key: http://localhost:64371 for channel [id: 0xf7b0f8da, L:/127.0.0.1:50396 - R:localhost/127.0.0.1:64371]
19:05:50.420 [main] DEBUG net.serenitybdd.core.photography.Darkroom - Send negative for processing for target\site\serenity\79001ef57458beb50454dc7baf770108845f066de0c0d2d88ed74b0d5e17b65a.png
19:05:50.420 [main] DEBUG net.thucydides.core.steps.StepInterceptor - STARTING STEP: LoginSteps.loginValidation - loginTextError
19:05:50.423 [Forwarding findElement on session 492ead163534b54ef8490c2258d768cb to remote] DEBUG org.asynchttpclient.netty.request.NettyRequestSender - Using pooled Channel '[id: 0xf7b0f8da, L:/127.0.0.1:50396 - R:localhost/127.0.0.1:64371]' for 'POST' to 'http://localhost:64371/session/492ead163534b54ef8490c2258d768cb/element'
19:05:50.423 [Forwarding findElement on session 492ead163534b54ef8490c2258d768cb to remote] DEBUG org.asynchttpclient.netty.request.NettyRequestSender - Using open Channel [id: 0xf7b0f8da, L:/127.0.0.1:50396 - R:localhost/127.0.0.1:64371] for POST '/session/492ead163534b54ef8490c2258d768cb/element'
19:05:50.436 [AsyncHttpClient-1-5] DEBUG org.asynchttpclient.netty.handler.HttpHandler - 

Request DefaultHttpRequest(decodeResult: success, version: HTTP/1.1)
POST /session/492ead163534b54ef8490c2258d768cb/element HTTP/1.1
User-Agent: selenium/4.1.4 (java windows)
Content-Length: 89
Content-Type: application/json; charset=utf-8
host: localhost:64371
accept: */*

Response DefaultHttpResponse(decodeResult: success, version: HTTP/1.1)
HTTP/1.1 200 OK
Content-Type: application/json; charset=utf-8
cache-control: no-cache
content-length: 88

19:05:50.436 [AsyncHttpClient-1-5] DEBUG org.asynchttpclient.netty.channel.ChannelManager - Adding key: http://localhost:64371 for channel [id: 0xf7b0f8da, L:/127.0.0.1:50396 - R:localhost/127.0.0.1:64371]
19:05:50.436 [Forwarding isElementEnabled on session 492ead163534b54ef8490c2258d768cb to remote] DEBUG org.asynchttpclient.netty.request.NettyRequestSender - Using pooled Channel '[id: 0xf7b0f8da, L:/127.0.0.1:50396 - R:localhost/127.0.0.1:64371]' for 'GET' to 'http://localhost:64371/session/492ead163534b54ef8490c2258d768cb/element/6c47d281-89cb-4979-8898-a977b525ad81/enabled'
19:05:50.436 [Forwarding isElementEnabled on session 492ead163534b54ef8490c2258d768cb to remote] DEBUG org.asynchttpclient.netty.request.NettyRequestSender - Using open Channel [id: 0xf7b0f8da, L:/127.0.0.1:50396 - R:localhost/127.0.0.1:64371] for GET '/session/492ead163534b54ef8490c2258d768cb/element/6c47d281-89cb-4979-8898-a977b525ad81/enabled'
19:05:50.445 [AsyncHttpClient-1-5] DEBUG org.asynchttpclient.netty.handler.HttpHandler - 

Request DefaultFullHttpRequest(decodeResult: success, version: HTTP/1.1, content: EmptyByteBufBE)
GET /session/492ead163534b54ef8490c2258d768cb/element/6c47d281-89cb-4979-8898-a977b525ad81/enabled HTTP/1.1
User-Agent: selenium/4.1.4 (java windows)
Cache-Control: no-cache
Content-Type: application/json; charset=utf-8
host: localhost:64371
accept: */*

Response DefaultHttpResponse(decodeResult: success, version: HTTP/1.1)
HTTP/1.1 200 OK
Content-Type: application/json; charset=utf-8
cache-control: no-cache
content-length: 14

19:05:50.445 [AsyncHttpClient-1-5] DEBUG org.asynchttpclient.netty.channel.ChannelManager - Adding key: http://localhost:64371 for channel [id: 0xf7b0f8da, L:/127.0.0.1:50396 - R:localhost/127.0.0.1:64371]
19:05:50.449 [main] DEBUG net.thucydides.core.steps.StepInterceptor - STEP DONE: loginTextError
  &amp#27;[32mAnd &amp#27;[0m&amp#27;[32mLogin validation kosong&amp#27;[0m                 &amp#27;[90m# starter.stepdefinitios.LoginSteps.loginValidation()&amp#27;[0m
19:05:50.462 [AsyncHttpClient-1-7] DEBUG org.asynchttpclient.netty.handler.WebSocketHandler - Channel Closed: [id: 0xad907d69, L:/127.0.0.1:50404 ! R:localhost/127.0.0.1:50397] with attribute NettyResponseFuture{currentRetry=5,
	isDone=1,
	isCancelled=0,
	asyncHandler=org.asynchttpclient.ws.WebSocketUpgradeHandler@7480140d,
	nettyRequest=org.asynchttpclient.netty.request.NettyRequest@318294f9,
	future=java.util.concurrent.CompletableFuture@c3c8623[Completed normally],
	uri=ws://localhost:50397/devtools/browser/273c0228-dc1d-459b-8173-4ccc4af99cdd,
	keepAlive=true,
	redirectCount=0,
	timeoutsHolder=null,
	inAuth=0,
	touch=1658059543447}
19:05:50.462 [AsyncHttpClient-1-7] DEBUG org.asynchttpclient.netty.channel.ChannelManager - Closing Channel [id: 0xad907d69, L:/127.0.0.1:50404 ! R:localhost/127.0.0.1:50397] 
19:05:50.462 [Driver Command Executor] DEBUG org.asynchttpclient.netty.request.NettyRequestSender - Using pooled Channel '[id: 0xf7b0f8da, L:/127.0.0.1:50396 - R:localhost/127.0.0.1:64371]' for 'DELETE' to 'http://localhost:64371/session/492ead163534b54ef8490c2258d768cb'
19:05:50.462 [Driver Command Executor] DEBUG org.asynchttpclient.netty.request.NettyRequestSender - Using open Channel [id: 0xf7b0f8da, L:/127.0.0.1:50396 - R:localhost/127.0.0.1:64371] for DELETE '/session/492ead163534b54ef8490c2258d768cb'
19:05:50.606 [AsyncHttpClient-1-6] DEBUG org.asynchttpclient.netty.handler.HttpHandler - Unexpected I/O exception on channel [id: 0x21635811, L:/127.0.0.1:50402 - R:localhost/127.0.0.1:50397]
java.io.IOException: An existing connection was forcibly closed by the remote host
	at java.base/sun.nio.ch.SocketDispatcher.read0(Native Method)
	at java.base/sun.nio.ch.SocketDispatcher.read(SocketDispatcher.java:43)
	at java.base/sun.nio.ch.IOUtil.readIntoNativeBuffer(IOUtil.java:276)
	at java.base/sun.nio.ch.IOUtil.read(IOUtil.java:233)
	at java.base/sun.nio.ch.IOUtil.read(IOUtil.java:223)
	at java.base/sun.nio.ch.SocketChannelImpl.read(SocketChannelImpl.java:356)
	at io.netty.buffer.PooledByteBuf.setBytes(PooledByteBuf.java:258)
	at io.netty.buffer.AbstractByteBuf.writeBytes(AbstractByteBuf.java:1132)
	at io.netty.channel.socket.nio.NioSocketChannel.doReadBytes(NioSocketChannel.java:357)
	at io.netty.channel.nio.AbstractNioByteChannel$NioByteUnsafe.read(AbstractNioByteChannel.java:151)
	at io.netty.channel.nio.NioEventLoop.processSelectedKey(NioEventLoop.java:722)
	at io.netty.channel.nio.NioEventLoop.processSelectedKeysOptimized(NioEventLoop.java:658)
	at io.netty.channel.nio.NioEventLoop.processSelectedKeys(NioEventLoop.java:584)
	at io.netty.channel.nio.NioEventLoop.run(NioEventLoop.java:496)
	at io.netty.util.concurrent.SingleThreadEventExecutor$4.run(SingleThreadEventExecutor.java:986)
	at io.netty.util.internal.ThreadExecutorMap$2.run(ThreadExecutorMap.java:74)
	at io.netty.util.concurrent.FastThreadLocalRunnable.run(FastThreadLocalRunnable.java:30)
	at java.base/java.lang.Thread.run(Thread.java:829)
19:05:50.606 [AsyncHttpClient-1-6] DEBUG org.asynchttpclient.netty.channel.ChannelManager - Closing Channel [id: 0x21635811, L:/127.0.0.1:50402 - R:localhost/127.0.0.1:50397] 
19:05:50.606 [AsyncHttpClient-1-6] DEBUG org.asynchttpclient.netty.handler.HttpHandler - Channel Closed: [id: 0x21635811, L:/127.0.0.1:50402 ! R:localhost/127.0.0.1:50397] with attribute DISCARD
19:05:50.657 [AsyncHttpClient-1-5] DEBUG org.asynchttpclient.netty.handler.HttpHandler - 

Request DefaultFullHttpRequest(decodeResult: success, version: HTTP/1.1, content: EmptyByteBufBE)
DELETE /session/492ead163534b54ef8490c2258d768cb HTTP/1.1
User-Agent: selenium/4.1.4 (java windows)
Content-Type: application/json; charset=utf-8
host: localhost:64371
accept: */*

Response DefaultHttpResponse(decodeResult: success, version: HTTP/1.1)
HTTP/1.1 200 OK
Content-Type: application/json; charset=utf-8
cache-control: no-cache
content-length: 14

19:05:50.657 [AsyncHttpClient-1-5] DEBUG org.asynchttpclient.netty.channel.ChannelManager - Adding key: http://localhost:64371 for channel [id: 0xf7b0f8da, L:/127.0.0.1:50396 - R:localhost/127.0.0.1:64371]
19:05:50.700 [AsyncHttpClient-1-5] DEBUG org.asynchttpclient.netty.handler.HttpHandler - Channel Closed: [id: 0xf7b0f8da, L:/127.0.0.1:50396 ! R:localhost/127.0.0.1:64371] with attribute DISCARD
19:05:50.751 [main] INFO  - 
  _____   ___   ___   _____     ___     _     ___   ___   ___   ___  
 |_   _| | __| / __| |_   _|   | _ \   /_\   / __| / __| | __| |   \ 
   | |   | _|  \__ \   | |     |  _/  / _ \  \__ \ \__ \ | _|  | |) |
   |_|   |___| |___/   |_|     |_|   /_/ \_\ |___/ |___/ |___| |___/ 

As a admin I login - kosong
----------------------------------------------------------------------
]]></system-out>
    <system-err><![CDATA[Starting ChromeDriver 103.0.5060.53 (a1711811edd74ff1cf2150f36ffa3b0dae40b17f-refs/branch-heads/5060@{#853}) on port 64371
Only local connections are allowed.
Please see https://chromedriver.chromium.org/security-considerations for suggestions on keeping ChromeDriver safe.
ChromeDriver was started successfully.
Jul 17, 2022 7:05:43 PM org.openqa.selenium.remote.ProtocolHandshake createSession
INFO: Detected dialect: W3C
Jul 17, 2022 7:05:43 PM org.openqa.selenium.devtools.CdpVersionFinder findNearestMatch
WARNING: Unable to find an exact match for CDP version 103, so returning the closest version found: 101
Jul 17, 2022 7:05:43 PM org.openqa.selenium.devtools.CdpVersionFinder findNearestMatch
INFO: Found CDP implementation for version 103 of 101
]]></system-err>
  </testcase>
  <testcase name="As a admin I login - kosong #3" classname="Login - Admin" time="8.803">
    <system-out><![CDATA[
@Login111 @LoginAdminKosong
Scenario Outline: As a admin I login - kosong &amp#27;[90m# src/test/resources/features/1Login.feature:15&amp#27;[0m
19:05:50.763 [main] INFO io.cucumber.core.plugin.SerenityReporter - Running feature from file:///C:/Alterra/CapstoneBaru/QE/TestingWebUpdate/src/test/resources/features/1Login.feature
19:05:50.803 [main] DEBUG net.thucydides.core.steps.StepInterceptor - STARTING STEP: LoginSteps.openLoginPage - openLogin
19:05:50.804 [main] INFO net.serenitybdd.core.webdriver.driverproviders.ChromeDriverProvider - Using automatically driver download
19:05:50.954 [AsyncHttpClient-1-1] DEBUG org.asynchttpclient.netty.channel.DefaultChannelPool - Entry count for : http://localhost:64371 : 1
19:05:50.954 [AsyncHttpClient-1-1] DEBUG org.asynchttpclient.netty.channel.DefaultChannelPool - Entry count for : http://localhost:50397 : 1
19:05:50.954 [AsyncHttpClient-1-1] DEBUG org.asynchttpclient.netty.channel.DefaultChannelPool - Adding Candidate expired Channel [id: 0xf7b0f8da, L:/127.0.0.1:50396 ! R:localhost/127.0.0.1:64371] isIdleTimeoutExpired=false isRemotelyClosed=true isTtlExpired=false
19:05:50.954 [AsyncHttpClient-1-1] DEBUG org.asynchttpclient.netty.channel.DefaultChannelPool - Closing Idle Channel [id: 0xf7b0f8da, L:/127.0.0.1:50396 ! R:localhost/127.0.0.1:64371]
19:05:50.954 [AsyncHttpClient-1-1] DEBUG org.asynchttpclient.netty.channel.DefaultChannelPool - Adding Candidate expired Channel [id: 0x21635811, L:/127.0.0.1:50402 ! R:localhost/127.0.0.1:50397] isIdleTimeoutExpired=false isRemotelyClosed=true isTtlExpired=false
19:05:50.954 [AsyncHttpClient-1-1] DEBUG org.asynchttpclient.netty.channel.DefaultChannelPool - Closing Idle Channel [id: 0x21635811, L:/127.0.0.1:50402 ! R:localhost/127.0.0.1:50397]
19:05:50.954 [AsyncHttpClient-1-1] DEBUG org.asynchttpclient.netty.channel.DefaultChannelPool - Closed 2 connections out of 2 in 0 ms
19:05:51.024 [main] DEBUG io.github.bonigarcia.wdm.cache.ResolutionCache - Resolution chrome=103 in cache (valid until 20:05:23 17/07/2022 ICT)
19:05:51.029 [main] DEBUG io.github.bonigarcia.wdm.cache.ResolutionCache - Resolution chrome103=103.0.5060.53 in cache (valid until 17:54:33 18/07/2022 ICT)
19:05:51.031 [main] INFO io.github.bonigarcia.wdm.WebDriverManager - Using chromedriver 103.0.5060.53 (resolved driver for Chrome 103)
19:05:51.040 [main] DEBUG io.github.bonigarcia.wdm.WebDriverManager - Driver chromedriver 103.0.5060.53 found in cache
19:05:51.040 [main] INFO io.github.bonigarcia.wdm.WebDriverManager - Exporting webdriver.chrome.driver as C:\Users\Bagas Dwi Saputra\.cache\selenium\chromedriver\win32\103.0.5060.53\chromedriver.exe
19:05:51.347 [main] DEBUG net.serenitybdd.core.webdriver.driverproviders.ProvideNewDriver - Instantiating driver
19:05:51.347 [main] DEBUG net.serenitybdd.core.webdriver.driverproviders.ProvideNewDriver - Driver capabilities: Capabilities {acceptInsecureCerts: false, base.url: https://fanciful-trifle-360..., browserName: chrome, chorme.driver: src/test/resources/webdrive..., driver: chrome, goog:chromeOptions: {args: [], extensions: []}}
19:05:51.637 [AsyncHttpClient-1-8] DEBUG org.asynchttpclient.netty.channel.NettyConnectListener - Using new Channel '[id: 0x45c55385, L:/127.0.0.1:50419 - R:localhost/127.0.0.1:53624]' for 'POST' to '/session'
19:05:52.596 [AsyncHttpClient-1-8] DEBUG org.asynchttpclient.netty.handler.HttpHandler - 

Request DefaultHttpRequest(decodeResult: success, version: HTTP/1.1)
POST /session HTTP/1.1
User-Agent: selenium/4.1.4 (java windows)
Content-Length: 629
Content-Type: application/json; charset=utf-8
host: localhost:53624
accept: */*

Response DefaultHttpResponse(decodeResult: success, version: HTTP/1.1)
HTTP/1.1 200 OK
Content-Type: application/json; charset=utf-8
cache-control: no-cache
content-length: 793

19:05:52.597 [AsyncHttpClient-1-8] DEBUG org.asynchttpclient.netty.channel.ChannelManager - Adding key: http://localhost:53624 for channel [id: 0x45c55385, L:/127.0.0.1:50419 - R:localhost/127.0.0.1:53624]
19:05:52.609 [AsyncHttpClient-1-9] DEBUG org.asynchttpclient.netty.channel.NettyConnectListener - Using new Channel '[id: 0x5a08add1, L:/127.0.0.1:50426 - R:localhost/127.0.0.1:50420]' for 'GET' to '/json/version'
19:05:52.610 [AsyncHttpClient-1-9] DEBUG org.asynchttpclient.netty.handler.HttpHandler - 

Request DefaultFullHttpRequest(decodeResult: success, version: HTTP/1.1, content: EmptyByteBufBE)
GET /json/version HTTP/1.1
User-Agent: selenium/4.1.4 (java windows)
host: localhost:50420
accept: */*

Response DefaultHttpResponse(decodeResult: success, version: HTTP/1.1)
HTTP/1.1 200 OK
Content-Type: application/json; charset=UTF-8
content-length: 429

19:05:52.610 [AsyncHttpClient-1-9] DEBUG org.asynchttpclient.netty.channel.ChannelManager - Adding key: http://localhost:50420 for channel [id: 0x5a08add1, L:/127.0.0.1:50426 - R:localhost/127.0.0.1:50420]
19:05:52.615 [AsyncHttpClient-1-2] DEBUG org.asynchttpclient.netty.channel.NettyConnectListener - Using new Channel '[id: 0x59efc2bc, L:/127.0.0.1:50427 - R:localhost/127.0.0.1:50420]' for 'GET' to '/devtools/browser/7bbdb008-201d-436f-b494-8b628cdf27f2'
19:05:52.615 [AsyncHttpClient-1-2] DEBUG org.asynchttpclient.netty.handler.WebSocketHandler - 

Request DefaultFullHttpRequest(decodeResult: success, version: HTTP/1.1, content: EmptyByteBufBE)
GET /devtools/browser/7bbdb008-201d-436f-b494-8b628cdf27f2 HTTP/1.1
upgrade: websocket
connection: upgrade
sec-websocket-key: k/asJN/apdgD4urT2b89xw==
sec-websocket-version: 13
origin: http://localhost:50420
host: localhost:50420
accept: */*
user-agent: AHC/2.1

Response DefaultHttpResponse(decodeResult: success, version: HTTP/1.1)
HTTP/1.1 101 WebSocket Protocol Handshake
Upgrade: WebSocket
Connection: Upgrade
Sec-WebSocket-Accept: XLC63CwH2ZO+SUdIBDUzoXvwfB8=

19:05:52.619 [Forwarding get on session b63cc5e6c9e54f212d1e17ab004050ea to remote] DEBUG org.asynchttpclient.netty.request.NettyRequestSender - Using pooled Channel '[id: 0x45c55385, L:/127.0.0.1:50419 - R:localhost/127.0.0.1:53624]' for 'POST' to 'http://localhost:53624/session/b63cc5e6c9e54f212d1e17ab004050ea/url'
19:05:52.619 [Forwarding get on session b63cc5e6c9e54f212d1e17ab004050ea to remote] DEBUG org.asynchttpclient.netty.request.NettyRequestSender - Using open Channel [id: 0x45c55385, L:/127.0.0.1:50419 - R:localhost/127.0.0.1:53624] for POST '/session/b63cc5e6c9e54f212d1e17ab004050ea/url'
19:05:53.150 [AsyncHttpClient-1-8] DEBUG org.asynchttpclient.netty.handler.HttpHandler - 

Request DefaultHttpRequest(decodeResult: success, version: HTTP/1.1)
POST /session/b63cc5e6c9e54f212d1e17ab004050ea/url HTTP/1.1
User-Agent: selenium/4.1.4 (java windows)
Content-Length: 78
Content-Type: application/json; charset=utf-8
host: localhost:53624
accept: */*

Response DefaultHttpResponse(decodeResult: success, version: HTTP/1.1)
HTTP/1.1 200 OK
Content-Type: application/json; charset=utf-8
cache-control: no-cache
content-length: 14

19:05:53.150 [AsyncHttpClient-1-8] DEBUG org.asynchttpclient.netty.channel.ChannelManager - Adding key: http://localhost:53624 for channel [id: 0x45c55385, L:/127.0.0.1:50419 - R:localhost/127.0.0.1:53624]
19:05:53.152 [Forwarding setTimeout on session b63cc5e6c9e54f212d1e17ab004050ea to remote] DEBUG org.asynchttpclient.netty.request.NettyRequestSender - Using pooled Channel '[id: 0x45c55385, L:/127.0.0.1:50419 - R:localhost/127.0.0.1:53624]' for 'POST' to 'http://localhost:53624/session/b63cc5e6c9e54f212d1e17ab004050ea/timeouts'
19:05:53.152 [Forwarding setTimeout on session b63cc5e6c9e54f212d1e17ab004050ea to remote] DEBUG org.asynchttpclient.netty.request.NettyRequestSender - Using open Channel [id: 0x45c55385, L:/127.0.0.1:50419 - R:localhost/127.0.0.1:53624] for POST '/session/b63cc5e6c9e54f212d1e17ab004050ea/timeouts'
19:05:53.156 [AsyncHttpClient-1-1] DEBUG org.asynchttpclient.netty.channel.DefaultChannelPool - Entry count for : http://localhost:50420 : 1
19:05:53.170 [AsyncHttpClient-1-8] DEBUG org.asynchttpclient.netty.handler.HttpHandler - 

Request DefaultHttpRequest(decodeResult: success, version: HTTP/1.1)
POST /session/b63cc5e6c9e54f212d1e17ab004050ea/timeouts HTTP/1.1
User-Agent: selenium/4.1.4 (java windows)
Content-Length: 22
Content-Type: application/json; charset=utf-8
host: localhost:53624
accept: */*

Response DefaultHttpResponse(decodeResult: success, version: HTTP/1.1)
HTTP/1.1 200 OK
Content-Type: application/json; charset=utf-8
cache-control: no-cache
content-length: 14

19:05:53.170 [AsyncHttpClient-1-8] DEBUG org.asynchttpclient.netty.channel.ChannelManager - Adding key: http://localhost:53624 for channel [id: 0x45c55385, L:/127.0.0.1:50419 - R:localhost/127.0.0.1:53624]
19:05:53.174 [Forwarding getCurrentUrl on session b63cc5e6c9e54f212d1e17ab004050ea to remote] DEBUG org.asynchttpclient.netty.request.NettyRequestSender - Using pooled Channel '[id: 0x45c55385, L:/127.0.0.1:50419 - R:localhost/127.0.0.1:53624]' for 'GET' to 'http://localhost:53624/session/b63cc5e6c9e54f212d1e17ab004050ea/url'
19:05:53.174 [Forwarding getCurrentUrl on session b63cc5e6c9e54f212d1e17ab004050ea to remote] DEBUG org.asynchttpclient.netty.request.NettyRequestSender - Using open Channel [id: 0x45c55385, L:/127.0.0.1:50419 - R:localhost/127.0.0.1:53624] for GET '/session/b63cc5e6c9e54f212d1e17ab004050ea/url'
19:05:53.183 [AsyncHttpClient-1-8] DEBUG org.asynchttpclient.netty.handler.HttpHandler - 

Request DefaultFullHttpRequest(decodeResult: success, version: HTTP/1.1, content: EmptyByteBufBE)
GET /session/b63cc5e6c9e54f212d1e17ab004050ea/url HTTP/1.1
User-Agent: selenium/4.1.4 (java windows)
Cache-Control: no-cache
Content-Type: application/json; charset=utf-8
host: localhost:53624
accept: */*

Response DefaultHttpResponse(decodeResult: success, version: HTTP/1.1)
HTTP/1.1 200 OK
Content-Type: application/json; charset=utf-8
cache-control: no-cache
content-length: 60

19:05:53.183 [AsyncHttpClient-1-8] DEBUG org.asynchttpclient.netty.channel.ChannelManager - Adding key: http://localhost:53624 for channel [id: 0x45c55385, L:/127.0.0.1:50419 - R:localhost/127.0.0.1:53624]
19:05:53.189 [Forwarding screenshot on session b63cc5e6c9e54f212d1e17ab004050ea to remote] DEBUG org.asynchttpclient.netty.request.NettyRequestSender - Using pooled Channel '[id: 0x45c55385, L:/127.0.0.1:50419 - R:localhost/127.0.0.1:53624]' for 'GET' to 'http://localhost:53624/session/b63cc5e6c9e54f212d1e17ab004050ea/screenshot'
19:05:53.189 [Forwarding screenshot on session b63cc5e6c9e54f212d1e17ab004050ea to remote] DEBUG org.asynchttpclient.netty.request.NettyRequestSender - Using open Channel [id: 0x45c55385, L:/127.0.0.1:50419 - R:localhost/127.0.0.1:53624] for GET '/session/b63cc5e6c9e54f212d1e17ab004050ea/screenshot'
19:05:53.602 [AsyncHttpClient-1-8] DEBUG org.asynchttpclient.netty.handler.HttpHandler - 

Request DefaultFullHttpRequest(decodeResult: success, version: HTTP/1.1, content: EmptyByteBufBE)
GET /session/b63cc5e6c9e54f212d1e17ab004050ea/screenshot HTTP/1.1
User-Agent: selenium/4.1.4 (java windows)
Cache-Control: no-cache
Content-Type: application/json; charset=utf-8
host: localhost:53624
accept: */*

Response DefaultHttpResponse(decodeResult: success, version: HTTP/1.1)
HTTP/1.1 200 OK
Content-Type: application/json; charset=utf-8
cache-control: no-cache
content-length: 380436

19:05:53.603 [AsyncHttpClient-1-8] DEBUG org.asynchttpclient.netty.channel.ChannelManager - Adding key: http://localhost:53624 for channel [id: 0x45c55385, L:/127.0.0.1:50419 - R:localhost/127.0.0.1:53624]
19:05:53.605 [main] DEBUG net.serenitybdd.core.photography.Darkroom - Send negative for processing for target\site\serenity\d122c364c40ece9db0ad32cd97c3fcf63e95ba606118dda8d3e5a1d2b8235ce2.png
19:05:53.605 [main] DEBUG net.thucydides.core.steps.StepInterceptor - STEP DONE: openLogin
  &amp#27;[32mGiven &amp#27;[0m&amp#27;[32mOpen login page&amp#27;[0m                       &amp#27;[90m# starter.stepdefinitios.LoginSteps.openLoginPage()&amp#27;[0m
19:05:54.253 [AsyncHttpClient-1-1] DEBUG org.asynchttpclient.netty.channel.DefaultChannelPool - Entry count for : http://localhost:53624 : 1
19:05:54.253 [AsyncHttpClient-1-1] DEBUG org.asynchttpclient.netty.channel.DefaultChannelPool - Entry count for : http://localhost:50420 : 1
19:05:54.643 [Forwarding findElement on session b63cc5e6c9e54f212d1e17ab004050ea to remote] DEBUG org.asynchttpclient.netty.request.NettyRequestSender - Using pooled Channel '[id: 0x45c55385, L:/127.0.0.1:50419 - R:localhost/127.0.0.1:53624]' for 'POST' to 'http://localhost:53624/session/b63cc5e6c9e54f212d1e17ab004050ea/element'
19:05:54.643 [Forwarding findElement on session b63cc5e6c9e54f212d1e17ab004050ea to remote] DEBUG org.asynchttpclient.netty.request.NettyRequestSender - Using open Channel [id: 0x45c55385, L:/127.0.0.1:50419 - R:localhost/127.0.0.1:53624] for POST '/session/b63cc5e6c9e54f212d1e17ab004050ea/element'
19:05:54.659 [AsyncHttpClient-1-8] DEBUG org.asynchttpclient.netty.handler.HttpHandler - 

Request DefaultHttpRequest(decodeResult: success, version: HTTP/1.1)
POST /session/b63cc5e6c9e54f212d1e17ab004050ea/element HTTP/1.1
User-Agent: selenium/4.1.4 (java windows)
Content-Length: 70
Content-Type: application/json; charset=utf-8
host: localhost:53624
accept: */*

Response DefaultHttpResponse(decodeResult: success, version: HTTP/1.1)
HTTP/1.1 200 OK
Content-Type: application/json; charset=utf-8
cache-control: no-cache
content-length: 88

19:05:54.659 [AsyncHttpClient-1-8] DEBUG org.asynchttpclient.netty.channel.ChannelManager - Adding key: http://localhost:53624 for channel [id: 0x45c55385, L:/127.0.0.1:50419 - R:localhost/127.0.0.1:53624]
19:05:54.661 [Forwarding sendKeysToElement on session b63cc5e6c9e54f212d1e17ab004050ea to remote] DEBUG org.asynchttpclient.netty.request.NettyRequestSender - Using pooled Channel '[id: 0x45c55385, L:/127.0.0.1:50419 - R:localhost/127.0.0.1:53624]' for 'POST' to 'http://localhost:53624/session/b63cc5e6c9e54f212d1e17ab004050ea/element/4f231b1f-cb67-4200-888a-98df25afb4c2/value'
19:05:54.661 [Forwarding sendKeysToElement on session b63cc5e6c9e54f212d1e17ab004050ea to remote] DEBUG org.asynchttpclient.netty.request.NettyRequestSender - Using open Channel [id: 0x45c55385, L:/127.0.0.1:50419 - R:localhost/127.0.0.1:53624] for POST '/session/b63cc5e6c9e54f212d1e17ab004050ea/element/4f231b1f-cb67-4200-888a-98df25afb4c2/value'
19:05:54.701 [AsyncHttpClient-1-8] DEBUG org.asynchttpclient.netty.handler.HttpHandler - 

Request DefaultHttpRequest(decodeResult: success, version: HTTP/1.1)
POST /session/b63cc5e6c9e54f212d1e17ab004050ea/element/4f231b1f-cb67-4200-888a-98df25afb4c2/value HTTP/1.1
User-Agent: selenium/4.1.4 (java windows)
Content-Length: 82
Content-Type: application/json; charset=utf-8
host: localhost:53624
accept: */*

Response DefaultHttpResponse(decodeResult: success, version: HTTP/1.1)
HTTP/1.1 200 OK
Content-Type: application/json; charset=utf-8
cache-control: no-cache
content-length: 14

19:05:54.701 [AsyncHttpClient-1-8] DEBUG org.asynchttpclient.netty.channel.ChannelManager - Adding key: http://localhost:53624 for channel [id: 0x45c55385, L:/127.0.0.1:50419 - R:localhost/127.0.0.1:53624]
  &amp#27;[32mWhen &amp#27;[0m&amp#27;[32mI input &amp#27;[0m&amp#27;[32m&amp#27;[1m""&amp#27;[0m&amp#27;[32m login email&amp#27;[0m                 &amp#27;[90m# starter.stepdefinitios.LoginSteps.iInputEmailLogin(java.lang.String)&amp#27;[0m
19:05:54.707 [Forwarding screenshot on session b63cc5e6c9e54f212d1e17ab004050ea to remote] DEBUG org.asynchttpclient.netty.request.NettyRequestSender - Using pooled Channel '[id: 0x45c55385, L:/127.0.0.1:50419 - R:localhost/127.0.0.1:53624]' for 'GET' to 'http://localhost:53624/session/b63cc5e6c9e54f212d1e17ab004050ea/screenshot'
19:05:54.707 [Forwarding screenshot on session b63cc5e6c9e54f212d1e17ab004050ea to remote] DEBUG org.asynchttpclient.netty.request.NettyRequestSender - Using open Channel [id: 0x45c55385, L:/127.0.0.1:50419 - R:localhost/127.0.0.1:53624] for GET '/session/b63cc5e6c9e54f212d1e17ab004050ea/screenshot'
19:05:54.923 [AsyncHttpClient-1-8] DEBUG org.asynchttpclient.netty.handler.HttpHandler - 

Request DefaultFullHttpRequest(decodeResult: success, version: HTTP/1.1, content: EmptyByteBufBE)
GET /session/b63cc5e6c9e54f212d1e17ab004050ea/screenshot HTTP/1.1
User-Agent: selenium/4.1.4 (java windows)
Cache-Control: no-cache
Content-Type: application/json; charset=utf-8
host: localhost:53624
accept: */*

Response DefaultHttpResponse(decodeResult: success, version: HTTP/1.1)
HTTP/1.1 200 OK
Content-Type: application/json; charset=utf-8
cache-control: no-cache
content-length: 380144

19:05:54.947 [AsyncHttpClient-1-8] DEBUG org.asynchttpclient.netty.channel.ChannelManager - Adding key: http://localhost:53624 for channel [id: 0x45c55385, L:/127.0.0.1:50419 - R:localhost/127.0.0.1:53624]
19:05:54.958 [main] DEBUG net.serenitybdd.core.photography.Darkroom - Send negative for processing for target\site\serenity\b0ae5b16874c457a6fe2b22fb0aadd9bd2c1aad212bd33006bd7f928ab88599a.png
19:05:55.357 [AsyncHttpClient-1-1] DEBUG org.asynchttpclient.netty.channel.DefaultChannelPool - Entry count for : http://localhost:53624 : 1
19:05:55.357 [AsyncHttpClient-1-1] DEBUG org.asynchttpclient.netty.channel.DefaultChannelPool - Entry count for : http://localhost:50420 : 1
19:05:55.976 [Forwarding screenshot on session b63cc5e6c9e54f212d1e17ab004050ea to remote] DEBUG org.asynchttpclient.netty.request.NettyRequestSender - Using pooled Channel '[id: 0x45c55385, L:/127.0.0.1:50419 - R:localhost/127.0.0.1:53624]' for 'GET' to 'http://localhost:53624/session/b63cc5e6c9e54f212d1e17ab004050ea/screenshot'
19:05:55.976 [Forwarding screenshot on session b63cc5e6c9e54f212d1e17ab004050ea to remote] DEBUG org.asynchttpclient.netty.request.NettyRequestSender - Using open Channel [id: 0x45c55385, L:/127.0.0.1:50419 - R:localhost/127.0.0.1:53624] for GET '/session/b63cc5e6c9e54f212d1e17ab004050ea/screenshot'
19:05:56.163 [AsyncHttpClient-1-8] DEBUG org.asynchttpclient.netty.handler.HttpHandler - 

Request DefaultFullHttpRequest(decodeResult: success, version: HTTP/1.1, content: EmptyByteBufBE)
GET /session/b63cc5e6c9e54f212d1e17ab004050ea/screenshot HTTP/1.1
User-Agent: selenium/4.1.4 (java windows)
Cache-Control: no-cache
Content-Type: application/json; charset=utf-8
host: localhost:53624
accept: */*

Response DefaultHttpResponse(decodeResult: success, version: HTTP/1.1)
HTTP/1.1 200 OK
Content-Type: application/json; charset=utf-8
cache-control: no-cache
content-length: 380144

19:05:56.172 [AsyncHttpClient-1-8] DEBUG org.asynchttpclient.netty.channel.ChannelManager - Adding key: http://localhost:53624 for channel [id: 0x45c55385, L:/127.0.0.1:50419 - R:localhost/127.0.0.1:53624]
19:05:56.176 [main] DEBUG net.serenitybdd.core.photography.Darkroom - Send negative for processing for target\site\serenity\b0ae5b16874c457a6fe2b22fb0aadd9bd2c1aad212bd33006bd7f928ab88599a.png
19:05:56.176 [main] DEBUG net.thucydides.core.steps.StepInterceptor - STARTING STEP: LoginSteps.iInputPasswordLogin - inputPasswordLogin
19:05:56.187 [Forwarding findElement on session b63cc5e6c9e54f212d1e17ab004050ea to remote] DEBUG org.asynchttpclient.netty.request.NettyRequestSender - Using pooled Channel '[id: 0x45c55385, L:/127.0.0.1:50419 - R:localhost/127.0.0.1:53624]' for 'POST' to 'http://localhost:53624/session/b63cc5e6c9e54f212d1e17ab004050ea/element'
19:05:56.187 [Forwarding findElement on session b63cc5e6c9e54f212d1e17ab004050ea to remote] DEBUG org.asynchttpclient.netty.request.NettyRequestSender - Using open Channel [id: 0x45c55385, L:/127.0.0.1:50419 - R:localhost/127.0.0.1:53624] for POST '/session/b63cc5e6c9e54f212d1e17ab004050ea/element'
19:05:56.198 [AsyncHttpClient-1-8] DEBUG org.asynchttpclient.netty.handler.HttpHandler - 

Request DefaultHttpRequest(decodeResult: success, version: HTTP/1.1)
POST /session/b63cc5e6c9e54f212d1e17ab004050ea/element HTTP/1.1
User-Agent: selenium/4.1.4 (java windows)
Content-Length: 70
Content-Type: application/json; charset=utf-8
host: localhost:53624
accept: */*

Response DefaultHttpResponse(decodeResult: success, version: HTTP/1.1)
HTTP/1.1 200 OK
Content-Type: application/json; charset=utf-8
cache-control: no-cache
content-length: 88

19:05:56.199 [AsyncHttpClient-1-8] DEBUG org.asynchttpclient.netty.channel.ChannelManager - Adding key: http://localhost:53624 for channel [id: 0x45c55385, L:/127.0.0.1:50419 - R:localhost/127.0.0.1:53624]
19:05:56.200 [Forwarding sendKeysToElement on session b63cc5e6c9e54f212d1e17ab004050ea to remote] DEBUG org.asynchttpclient.netty.request.NettyRequestSender - Using pooled Channel '[id: 0x45c55385, L:/127.0.0.1:50419 - R:localhost/127.0.0.1:53624]' for 'POST' to 'http://localhost:53624/session/b63cc5e6c9e54f212d1e17ab004050ea/element/edf86168-0abd-4971-a3e9-dbe19584fd3a/value'
19:05:56.200 [Forwarding sendKeysToElement on session b63cc5e6c9e54f212d1e17ab004050ea to remote] DEBUG org.asynchttpclient.netty.request.NettyRequestSender - Using open Channel [id: 0x45c55385, L:/127.0.0.1:50419 - R:localhost/127.0.0.1:53624] for POST '/session/b63cc5e6c9e54f212d1e17ab004050ea/element/edf86168-0abd-4971-a3e9-dbe19584fd3a/value'
19:05:56.242 [AsyncHttpClient-1-8] DEBUG org.asynchttpclient.netty.handler.HttpHandler - 

Request DefaultHttpRequest(decodeResult: success, version: HTTP/1.1)
POST /session/b63cc5e6c9e54f212d1e17ab004050ea/element/edf86168-0abd-4971-a3e9-dbe19584fd3a/value HTTP/1.1
User-Agent: selenium/4.1.4 (java windows)
Content-Length: 82
Content-Type: application/json; charset=utf-8
host: localhost:53624
accept: */*

Response DefaultHttpResponse(decodeResult: success, version: HTTP/1.1)
HTTP/1.1 200 OK
Content-Type: application/json; charset=utf-8
cache-control: no-cache
content-length: 14

19:05:56.242 [AsyncHttpClient-1-8] DEBUG org.asynchttpclient.netty.channel.ChannelManager - Adding key: http://localhost:53624 for channel [id: 0x45c55385, L:/127.0.0.1:50419 - R:localhost/127.0.0.1:53624]
19:05:56.247 [Forwarding screenshot on session b63cc5e6c9e54f212d1e17ab004050ea to remote] DEBUG org.asynchttpclient.netty.request.NettyRequestSender - Using pooled Channel '[id: 0x45c55385, L:/127.0.0.1:50419 - R:localhost/127.0.0.1:53624]' for 'GET' to 'http://localhost:53624/session/b63cc5e6c9e54f212d1e17ab004050ea/screenshot'
19:05:56.247 [Forwarding screenshot on session b63cc5e6c9e54f212d1e17ab004050ea to remote] DEBUG org.asynchttpclient.netty.request.NettyRequestSender - Using open Channel [id: 0x45c55385, L:/127.0.0.1:50419 - R:localhost/127.0.0.1:53624] for GET '/session/b63cc5e6c9e54f212d1e17ab004050ea/screenshot'
19:05:56.440 [AsyncHttpClient-1-8] DEBUG org.asynchttpclient.netty.handler.HttpHandler - 

Request DefaultFullHttpRequest(decodeResult: success, version: HTTP/1.1, content: EmptyByteBufBE)
GET /session/b63cc5e6c9e54f212d1e17ab004050ea/screenshot HTTP/1.1
User-Agent: selenium/4.1.4 (java windows)
Cache-Control: no-cache
Content-Type: application/json; charset=utf-8
host: localhost:53624
accept: */*

Response DefaultHttpResponse(decodeResult: success, version: HTTP/1.1)
HTTP/1.1 200 OK
Content-Type: application/json; charset=utf-8
cache-control: no-cache
content-length: 380160

19:05:56.441 [AsyncHttpClient-1-8] DEBUG org.asynchttpclient.netty.channel.ChannelManager - Adding key: http://localhost:53624 for channel [id: 0x45c55385, L:/127.0.0.1:50419 - R:localhost/127.0.0.1:53624]
19:05:56.441 [main] DEBUG net.serenitybdd.core.photography.Darkroom - Send negative for processing for target\site\serenity\2b924ee7c3acca3c28008afa9023cdd91e016e3953b5b69c081bd29b7b2f0d58.png
19:05:56.441 [main] DEBUG net.thucydides.core.steps.StepInterceptor - STEP DONE: inputPasswordLogin
19:05:56.441 [Darkroom Processing Line] DEBUG net.serenitybdd.core.photography.DarkroomProcessingLine - Processing screenshot image in /var/screenshots/screenshot-17675646090043815216
  &amp#27;[32mAnd &amp#27;[0m&amp#27;[32mI input &amp#27;[0m&amp#27;[32m&amp#27;[1m""&amp#27;[0m&amp#27;[32m login password&amp#27;[0m               &amp#27;[90m# starter.stepdefinitios.LoginSteps.iInputPasswordLogin(java.lang.String)&amp#27;[0m
19:05:56.441 [Darkroom Processing Line] DEBUG net.serenitybdd.core.photography.DarkroomProcessingLine - Saving screenshot to target\site\serenity\2b924ee7c3acca3c28008afa9023cdd91e016e3953b5b69c081bd29b7b2f0d58.png
19:05:56.455 [AsyncHttpClient-1-1] DEBUG org.asynchttpclient.netty.channel.DefaultChannelPool - Entry count for : http://localhost:53624 : 1
19:05:56.455 [AsyncHttpClient-1-1] DEBUG org.asynchttpclient.netty.channel.DefaultChannelPool - Entry count for : http://localhost:50420 : 1
19:05:56.464 [main] DEBUG net.thucydides.core.steps.StepInterceptor - STARTING STEP: LoginSteps.iClickButtonLogin - clickButtonLogin
19:05:56.467 [Forwarding findElement on session b63cc5e6c9e54f212d1e17ab004050ea to remote] DEBUG org.asynchttpclient.netty.request.NettyRequestSender - Using pooled Channel '[id: 0x45c55385, L:/127.0.0.1:50419 - R:localhost/127.0.0.1:53624]' for 'POST' to 'http://localhost:53624/session/b63cc5e6c9e54f212d1e17ab004050ea/element'
19:05:56.469 [Forwarding findElement on session b63cc5e6c9e54f212d1e17ab004050ea to remote] DEBUG org.asynchttpclient.netty.request.NettyRequestSender - Using open Channel [id: 0x45c55385, L:/127.0.0.1:50419 - R:localhost/127.0.0.1:53624] for POST '/session/b63cc5e6c9e54f212d1e17ab004050ea/element'
19:05:56.481 [AsyncHttpClient-1-8] DEBUG org.asynchttpclient.netty.handler.HttpHandler - 

Request DefaultHttpRequest(decodeResult: success, version: HTTP/1.1)
POST /session/b63cc5e6c9e54f212d1e17ab004050ea/element HTTP/1.1
User-Agent: selenium/4.1.4 (java windows)
Content-Length: 68
Content-Type: application/json; charset=utf-8
host: localhost:53624
accept: */*

Response DefaultHttpResponse(decodeResult: success, version: HTTP/1.1)
HTTP/1.1 200 OK
Content-Type: application/json; charset=utf-8
cache-control: no-cache
content-length: 88

19:05:56.481 [AsyncHttpClient-1-8] DEBUG org.asynchttpclient.netty.channel.ChannelManager - Adding key: http://localhost:53624 for channel [id: 0x45c55385, L:/127.0.0.1:50419 - R:localhost/127.0.0.1:53624]
19:05:56.483 [Forwarding getElementTagName on session b63cc5e6c9e54f212d1e17ab004050ea to remote] DEBUG org.asynchttpclient.netty.request.NettyRequestSender - Using pooled Channel '[id: 0x45c55385, L:/127.0.0.1:50419 - R:localhost/127.0.0.1:53624]' for 'GET' to 'http://localhost:53624/session/b63cc5e6c9e54f212d1e17ab004050ea/element/b5070656-5cb6-4114-a040-884b48ac4430/name'
19:05:56.483 [Forwarding getElementTagName on session b63cc5e6c9e54f212d1e17ab004050ea to remote] DEBUG org.asynchttpclient.netty.request.NettyRequestSender - Using open Channel [id: 0x45c55385, L:/127.0.0.1:50419 - R:localhost/127.0.0.1:53624] for GET '/session/b63cc5e6c9e54f212d1e17ab004050ea/element/b5070656-5cb6-4114-a040-884b48ac4430/name'
19:05:56.487 [AsyncHttpClient-1-8] DEBUG org.asynchttpclient.netty.handler.HttpHandler - 

Request DefaultFullHttpRequest(decodeResult: success, version: HTTP/1.1, content: EmptyByteBufBE)
GET /session/b63cc5e6c9e54f212d1e17ab004050ea/element/b5070656-5cb6-4114-a040-884b48ac4430/name HTTP/1.1
User-Agent: selenium/4.1.4 (java windows)
Cache-Control: no-cache
Content-Type: application/json; charset=utf-8
host: localhost:53624
accept: */*

Response DefaultHttpResponse(decodeResult: success, version: HTTP/1.1)
HTTP/1.1 200 OK
Content-Type: application/json; charset=utf-8
cache-control: no-cache
content-length: 18

19:05:56.487 [AsyncHttpClient-1-8] DEBUG org.asynchttpclient.netty.channel.ChannelManager - Adding key: http://localhost:53624 for channel [id: 0x45c55385, L:/127.0.0.1:50419 - R:localhost/127.0.0.1:53624]
19:05:56.489 [Forwarding getElementTagName on session b63cc5e6c9e54f212d1e17ab004050ea to remote] DEBUG org.asynchttpclient.netty.request.NettyRequestSender - Using pooled Channel '[id: 0x45c55385, L:/127.0.0.1:50419 - R:localhost/127.0.0.1:53624]' for 'GET' to 'http://localhost:53624/session/b63cc5e6c9e54f212d1e17ab004050ea/element/b5070656-5cb6-4114-a040-884b48ac4430/name'
19:05:56.489 [Forwarding getElementTagName on session b63cc5e6c9e54f212d1e17ab004050ea to remote] DEBUG org.asynchttpclient.netty.request.NettyRequestSender - Using open Channel [id: 0x45c55385, L:/127.0.0.1:50419 - R:localhost/127.0.0.1:53624] for GET '/session/b63cc5e6c9e54f212d1e17ab004050ea/element/b5070656-5cb6-4114-a040-884b48ac4430/name'
19:05:56.492 [AsyncHttpClient-1-8] DEBUG org.asynchttpclient.netty.handler.HttpHandler - 

Request DefaultFullHttpRequest(decodeResult: success, version: HTTP/1.1, content: EmptyByteBufBE)
GET /session/b63cc5e6c9e54f212d1e17ab004050ea/element/b5070656-5cb6-4114-a040-884b48ac4430/name HTTP/1.1
User-Agent: selenium/4.1.4 (java windows)
Cache-Control: no-cache
Content-Type: application/json; charset=utf-8
host: localhost:53624
accept: */*

Response DefaultHttpResponse(decodeResult: success, version: HTTP/1.1)
HTTP/1.1 200 OK
Content-Type: application/json; charset=utf-8
cache-control: no-cache
content-length: 18

19:05:56.492 [AsyncHttpClient-1-8] DEBUG org.asynchttpclient.netty.channel.ChannelManager - Adding key: http://localhost:53624 for channel [id: 0x45c55385, L:/127.0.0.1:50419 - R:localhost/127.0.0.1:53624]
19:05:56.494 [Forwarding isElementEnabled on session b63cc5e6c9e54f212d1e17ab004050ea to remote] DEBUG org.asynchttpclient.netty.request.NettyRequestSender - Using pooled Channel '[id: 0x45c55385, L:/127.0.0.1:50419 - R:localhost/127.0.0.1:53624]' for 'GET' to 'http://localhost:53624/session/b63cc5e6c9e54f212d1e17ab004050ea/element/b5070656-5cb6-4114-a040-884b48ac4430/enabled'
19:05:56.494 [Forwarding isElementEnabled on session b63cc5e6c9e54f212d1e17ab004050ea to remote] DEBUG org.asynchttpclient.netty.request.NettyRequestSender - Using open Channel [id: 0x45c55385, L:/127.0.0.1:50419 - R:localhost/127.0.0.1:53624] for GET '/session/b63cc5e6c9e54f212d1e17ab004050ea/element/b5070656-5cb6-4114-a040-884b48ac4430/enabled'
19:05:56.506 [AsyncHttpClient-1-8] DEBUG org.asynchttpclient.netty.handler.HttpHandler - 

Request DefaultFullHttpRequest(decodeResult: success, version: HTTP/1.1, content: EmptyByteBufBE)
GET /session/b63cc5e6c9e54f212d1e17ab004050ea/element/b5070656-5cb6-4114-a040-884b48ac4430/enabled HTTP/1.1
User-Agent: selenium/4.1.4 (java windows)
Cache-Control: no-cache
Content-Type: application/json; charset=utf-8
host: localhost:53624
accept: */*

Response DefaultHttpResponse(decodeResult: success, version: HTTP/1.1)
HTTP/1.1 200 OK
Content-Type: application/json; charset=utf-8
cache-control: no-cache
content-length: 14

19:05:56.507 [AsyncHttpClient-1-8] DEBUG org.asynchttpclient.netty.channel.ChannelManager - Adding key: http://localhost:53624 for channel [id: 0x45c55385, L:/127.0.0.1:50419 - R:localhost/127.0.0.1:53624]
19:05:56.508 [Forwarding isElementEnabled on session b63cc5e6c9e54f212d1e17ab004050ea to remote] DEBUG org.asynchttpclient.netty.request.NettyRequestSender - Using pooled Channel '[id: 0x45c55385, L:/127.0.0.1:50419 - R:localhost/127.0.0.1:53624]' for 'GET' to 'http://localhost:53624/session/b63cc5e6c9e54f212d1e17ab004050ea/element/b5070656-5cb6-4114-a040-884b48ac4430/enabled'
19:05:56.508 [Forwarding isElementEnabled on session b63cc5e6c9e54f212d1e17ab004050ea to remote] DEBUG org.asynchttpclient.netty.request.NettyRequestSender - Using open Channel [id: 0x45c55385, L:/127.0.0.1:50419 - R:localhost/127.0.0.1:53624] for GET '/session/b63cc5e6c9e54f212d1e17ab004050ea/element/b5070656-5cb6-4114-a040-884b48ac4430/enabled'
19:05:56.515 [AsyncHttpClient-1-8] DEBUG org.asynchttpclient.netty.handler.HttpHandler - 

Request DefaultFullHttpRequest(decodeResult: success, version: HTTP/1.1, content: EmptyByteBufBE)
GET /session/b63cc5e6c9e54f212d1e17ab004050ea/element/b5070656-5cb6-4114-a040-884b48ac4430/enabled HTTP/1.1
User-Agent: selenium/4.1.4 (java windows)
Cache-Control: no-cache
Content-Type: application/json; charset=utf-8
host: localhost:53624
accept: */*

Response DefaultHttpResponse(decodeResult: success, version: HTTP/1.1)
HTTP/1.1 200 OK
Content-Type: application/json; charset=utf-8
cache-control: no-cache
content-length: 14

19:05:56.515 [AsyncHttpClient-1-8] DEBUG org.asynchttpclient.netty.channel.ChannelManager - Adding key: http://localhost:53624 for channel [id: 0x45c55385, L:/127.0.0.1:50419 - R:localhost/127.0.0.1:53624]
19:05:56.516 [Forwarding findElement on session b63cc5e6c9e54f212d1e17ab004050ea to remote] DEBUG org.asynchttpclient.netty.request.NettyRequestSender - Using pooled Channel '[id: 0x45c55385, L:/127.0.0.1:50419 - R:localhost/127.0.0.1:53624]' for 'POST' to 'http://localhost:53624/session/b63cc5e6c9e54f212d1e17ab004050ea/element'
19:05:56.516 [Forwarding findElement on session b63cc5e6c9e54f212d1e17ab004050ea to remote] DEBUG org.asynchttpclient.netty.request.NettyRequestSender - Using open Channel [id: 0x45c55385, L:/127.0.0.1:50419 - R:localhost/127.0.0.1:53624] for POST '/session/b63cc5e6c9e54f212d1e17ab004050ea/element'
19:05:56.527 [AsyncHttpClient-1-8] DEBUG org.asynchttpclient.netty.handler.HttpHandler - 

Request DefaultHttpRequest(decodeResult: success, version: HTTP/1.1)
POST /session/b63cc5e6c9e54f212d1e17ab004050ea/element HTTP/1.1
User-Agent: selenium/4.1.4 (java windows)
Content-Length: 68
Content-Type: application/json; charset=utf-8
host: localhost:53624
accept: */*

Response DefaultHttpResponse(decodeResult: success, version: HTTP/1.1)
HTTP/1.1 200 OK
Content-Type: application/json; charset=utf-8
cache-control: no-cache
content-length: 88

19:05:56.527 [AsyncHttpClient-1-8] DEBUG org.asynchttpclient.netty.channel.ChannelManager - Adding key: http://localhost:53624 for channel [id: 0x45c55385, L:/127.0.0.1:50419 - R:localhost/127.0.0.1:53624]
19:05:56.529 [Forwarding clickElement on session b63cc5e6c9e54f212d1e17ab004050ea to remote] DEBUG org.asynchttpclient.netty.request.NettyRequestSender - Using pooled Channel '[id: 0x45c55385, L:/127.0.0.1:50419 - R:localhost/127.0.0.1:53624]' for 'POST' to 'http://localhost:53624/session/b63cc5e6c9e54f212d1e17ab004050ea/element/b5070656-5cb6-4114-a040-884b48ac4430/click'
19:05:56.529 [Forwarding clickElement on session b63cc5e6c9e54f212d1e17ab004050ea to remote] DEBUG org.asynchttpclient.netty.request.NettyRequestSender - Using open Channel [id: 0x45c55385, L:/127.0.0.1:50419 - R:localhost/127.0.0.1:53624] for POST '/session/b63cc5e6c9e54f212d1e17ab004050ea/element/b5070656-5cb6-4114-a040-884b48ac4430/click'
19:05:56.598 [AsyncHttpClient-1-8] DEBUG org.asynchttpclient.netty.handler.HttpHandler - 

Request DefaultHttpRequest(decodeResult: success, version: HTTP/1.1)
POST /session/b63cc5e6c9e54f212d1e17ab004050ea/element/b5070656-5cb6-4114-a040-884b48ac4430/click HTTP/1.1
User-Agent: selenium/4.1.4 (java windows)
Content-Length: 50
Content-Type: application/json; charset=utf-8
host: localhost:53624
accept: */*

Response DefaultHttpResponse(decodeResult: success, version: HTTP/1.1)
HTTP/1.1 200 OK
Content-Type: application/json; charset=utf-8
cache-control: no-cache
content-length: 14

19:05:56.598 [AsyncHttpClient-1-8] DEBUG org.asynchttpclient.netty.channel.ChannelManager - Adding key: http://localhost:53624 for channel [id: 0x45c55385, L:/127.0.0.1:50419 - R:localhost/127.0.0.1:53624]
19:05:56.607 [Forwarding screenshot on session b63cc5e6c9e54f212d1e17ab004050ea to remote] DEBUG org.asynchttpclient.netty.request.NettyRequestSender - Using pooled Channel '[id: 0x45c55385, L:/127.0.0.1:50419 - R:localhost/127.0.0.1:53624]' for 'GET' to 'http://localhost:53624/session/b63cc5e6c9e54f212d1e17ab004050ea/screenshot'
19:05:56.607 [Forwarding screenshot on session b63cc5e6c9e54f212d1e17ab004050ea to remote] DEBUG org.asynchttpclient.netty.request.NettyRequestSender - Using open Channel [id: 0x45c55385, L:/127.0.0.1:50419 - R:localhost/127.0.0.1:53624] for GET '/session/b63cc5e6c9e54f212d1e17ab004050ea/screenshot'
19:05:57.145 [AsyncHttpClient-1-8] DEBUG org.asynchttpclient.netty.handler.HttpHandler - 

Request DefaultFullHttpRequest(decodeResult: success, version: HTTP/1.1, content: EmptyByteBufBE)
GET /session/b63cc5e6c9e54f212d1e17ab004050ea/screenshot HTTP/1.1
User-Agent: selenium/4.1.4 (java windows)
Cache-Control: no-cache
Content-Type: application/json; charset=utf-8
host: localhost:53624
accept: */*

Response DefaultHttpResponse(decodeResult: success, version: HTTP/1.1)
HTTP/1.1 200 OK
Content-Type: application/json; charset=utf-8
cache-control: no-cache
content-length: 385016

19:05:57.147 [AsyncHttpClient-1-8] DEBUG org.asynchttpclient.netty.channel.ChannelManager - Adding key: http://localhost:53624 for channel [id: 0x45c55385, L:/127.0.0.1:50419 - R:localhost/127.0.0.1:53624]
19:05:57.158 [main] DEBUG net.serenitybdd.core.photography.Darkroom - Send negative for processing for target\site\serenity\d9d7a6b648b8dd3bb955e59d2802e74d338c522f2a00c0d6e4bf27a02c44bb17.png
19:05:57.158 [main] DEBUG net.thucydides.core.steps.StepInterceptor - STEP DONE: clickButtonLogin
19:05:57.158 [Darkroom Processing Line] DEBUG net.serenitybdd.core.photography.DarkroomProcessingLine - Processing screenshot image in /var/screenshots/screenshot-18197021202602210476
19:05:57.158 [Darkroom Processing Line] DEBUG net.serenitybdd.core.photography.DarkroomProcessingLine - Saving screenshot to target\site\serenity\d9d7a6b648b8dd3bb955e59d2802e74d338c522f2a00c0d6e4bf27a02c44bb17.png
19:05:57.564 [AsyncHttpClient-1-1] DEBUG org.asynchttpclient.netty.channel.DefaultChannelPool - Entry count for : http://localhost:53624 : 1
19:05:57.564 [AsyncHttpClient-1-1] DEBUG org.asynchttpclient.netty.channel.DefaultChannelPool - Entry count for : http://localhost:50420 : 1
  &amp#27;[32mThen &amp#27;[0m&amp#27;[32mI click button login&amp#27;[0m                   &amp#27;[90m# starter.stepdefinitios.LoginSteps.iClickButtonLogin()&amp#27;[0m
19:05:58.169 [Forwarding screenshot on session b63cc5e6c9e54f212d1e17ab004050ea to remote] DEBUG org.asynchttpclient.netty.request.NettyRequestSender - Using pooled Channel '[id: 0x45c55385, L:/127.0.0.1:50419 - R:localhost/127.0.0.1:53624]' for 'GET' to 'http://localhost:53624/session/b63cc5e6c9e54f212d1e17ab004050ea/screenshot'
19:05:58.169 [Forwarding screenshot on session b63cc5e6c9e54f212d1e17ab004050ea to remote] DEBUG org.asynchttpclient.netty.request.NettyRequestSender - Using open Channel [id: 0x45c55385, L:/127.0.0.1:50419 - R:localhost/127.0.0.1:53624] for GET '/session/b63cc5e6c9e54f212d1e17ab004050ea/screenshot'
19:05:58.454 [AsyncHttpClient-1-8] DEBUG org.asynchttpclient.netty.handler.HttpHandler - 

Request DefaultFullHttpRequest(decodeResult: success, version: HTTP/1.1, content: EmptyByteBufBE)
GET /session/b63cc5e6c9e54f212d1e17ab004050ea/screenshot HTTP/1.1
User-Agent: selenium/4.1.4 (java windows)
Cache-Control: no-cache
Content-Type: application/json; charset=utf-8
host: localhost:53624
accept: */*

Response DefaultHttpResponse(decodeResult: success, version: HTTP/1.1)
HTTP/1.1 200 OK
Content-Type: application/json; charset=utf-8
cache-control: no-cache
content-length: 384532

19:05:58.462 [AsyncHttpClient-1-8] DEBUG org.asynchttpclient.netty.channel.ChannelManager - Adding key: http://localhost:53624 for channel [id: 0x45c55385, L:/127.0.0.1:50419 - R:localhost/127.0.0.1:53624]
19:05:58.471 [main] DEBUG net.serenitybdd.core.photography.Darkroom - Send negative for processing for target\site\serenity\33e528d834935876c92affcd8091ffd8290ec94f9f8411cbcccbb8e6089080c1.png
19:05:58.472 [Darkroom Processing Line] DEBUG net.serenitybdd.core.photography.DarkroomProcessingLine - Processing screenshot image in /var/screenshots/screenshot-11863660325901238640
19:05:58.472 [Darkroom Processing Line] DEBUG net.serenitybdd.core.photography.DarkroomProcessingLine - Saving screenshot to target\site\serenity\33e528d834935876c92affcd8091ffd8290ec94f9f8411cbcccbb8e6089080c1.png
19:05:58.652 [AsyncHttpClient-1-1] DEBUG org.asynchttpclient.netty.channel.DefaultChannelPool - Entry count for : http://localhost:53624 : 1
19:05:58.652 [AsyncHttpClient-1-1] DEBUG org.asynchttpclient.netty.channel.DefaultChannelPool - Entry count for : http://localhost:50420 : 1
19:05:58.992 [Forwarding screenshot on session b63cc5e6c9e54f212d1e17ab004050ea to remote] DEBUG org.asynchttpclient.netty.request.NettyRequestSender - Using pooled Channel '[id: 0x45c55385, L:/127.0.0.1:50419 - R:localhost/127.0.0.1:53624]' for 'GET' to 'http://localhost:53624/session/b63cc5e6c9e54f212d1e17ab004050ea/screenshot'
19:05:58.992 [Forwarding screenshot on session b63cc5e6c9e54f212d1e17ab004050ea to remote] DEBUG org.asynchttpclient.netty.request.NettyRequestSender - Using open Channel [id: 0x45c55385, L:/127.0.0.1:50419 - R:localhost/127.0.0.1:53624] for GET '/session/b63cc5e6c9e54f212d1e17ab004050ea/screenshot'
19:05:59.270 [AsyncHttpClient-1-8] DEBUG org.asynchttpclient.netty.handler.HttpHandler - 

Request DefaultFullHttpRequest(decodeResult: success, version: HTTP/1.1, content: EmptyByteBufBE)
GET /session/b63cc5e6c9e54f212d1e17ab004050ea/screenshot HTTP/1.1
User-Agent: selenium/4.1.4 (java windows)
Cache-Control: no-cache
Content-Type: application/json; charset=utf-8
host: localhost:53624
accept: */*

Response DefaultHttpResponse(decodeResult: success, version: HTTP/1.1)
HTTP/1.1 200 OK
Content-Type: application/json; charset=utf-8
cache-control: no-cache
content-length: 384540

19:05:59.271 [AsyncHttpClient-1-8] DEBUG org.asynchttpclient.netty.channel.ChannelManager - Adding key: http://localhost:53624 for channel [id: 0x45c55385, L:/127.0.0.1:50419 - R:localhost/127.0.0.1:53624]
19:05:59.279 [main] DEBUG net.serenitybdd.core.photography.Darkroom - Send negative for processing for target\site\serenity\495232db5884323ee0f00ec73b10dfda27d6e28e2384838034ae938aa9e3b81f.png
19:05:59.279 [Darkroom Processing Line] DEBUG net.serenitybdd.core.photography.DarkroomProcessingLine - Processing screenshot image in /var/screenshots/screenshot-10787737898208225886
19:05:59.279 [Darkroom Processing Line] DEBUG net.serenitybdd.core.photography.DarkroomProcessingLine - Saving screenshot to target\site\serenity\495232db5884323ee0f00ec73b10dfda27d6e28e2384838034ae938aa9e3b81f.png
19:05:59.279 [main] DEBUG net.thucydides.core.steps.StepInterceptor - STARTING STEP: LoginSteps.loginValidation - loginTextError
19:05:59.283 [Forwarding findElement on session b63cc5e6c9e54f212d1e17ab004050ea to remote] DEBUG org.asynchttpclient.netty.request.NettyRequestSender - Using pooled Channel '[id: 0x45c55385, L:/127.0.0.1:50419 - R:localhost/127.0.0.1:53624]' for 'POST' to 'http://localhost:53624/session/b63cc5e6c9e54f212d1e17ab004050ea/element'
19:05:59.284 [Forwarding findElement on session b63cc5e6c9e54f212d1e17ab004050ea to remote] DEBUG org.asynchttpclient.netty.request.NettyRequestSender - Using open Channel [id: 0x45c55385, L:/127.0.0.1:50419 - R:localhost/127.0.0.1:53624] for POST '/session/b63cc5e6c9e54f212d1e17ab004050ea/element'
19:05:59.296 [AsyncHttpClient-1-8] DEBUG org.asynchttpclient.netty.handler.HttpHandler - 

Request DefaultHttpRequest(decodeResult: success, version: HTTP/1.1)
POST /session/b63cc5e6c9e54f212d1e17ab004050ea/element HTTP/1.1
User-Agent: selenium/4.1.4 (java windows)
Content-Length: 89
Content-Type: application/json; charset=utf-8
host: localhost:53624
accept: */*

Response DefaultHttpResponse(decodeResult: success, version: HTTP/1.1)
HTTP/1.1 200 OK
Content-Type: application/json; charset=utf-8
cache-control: no-cache
content-length: 88

19:05:59.296 [AsyncHttpClient-1-8] DEBUG org.asynchttpclient.netty.channel.ChannelManager - Adding key: http://localhost:53624 for channel [id: 0x45c55385, L:/127.0.0.1:50419 - R:localhost/127.0.0.1:53624]
19:05:59.297 [Forwarding isElementEnabled on session b63cc5e6c9e54f212d1e17ab004050ea to remote] DEBUG org.asynchttpclient.netty.request.NettyRequestSender - Using pooled Channel '[id: 0x45c55385, L:/127.0.0.1:50419 - R:localhost/127.0.0.1:53624]' for 'GET' to 'http://localhost:53624/session/b63cc5e6c9e54f212d1e17ab004050ea/element/db3dd575-973e-4a9d-8300-0e379979475d/enabled'
19:05:59.298 [Forwarding isElementEnabled on session b63cc5e6c9e54f212d1e17ab004050ea to remote] DEBUG org.asynchttpclient.netty.request.NettyRequestSender - Using open Channel [id: 0x45c55385, L:/127.0.0.1:50419 - R:localhost/127.0.0.1:53624] for GET '/session/b63cc5e6c9e54f212d1e17ab004050ea/element/db3dd575-973e-4a9d-8300-0e379979475d/enabled'
19:05:59.309 [AsyncHttpClient-1-8] DEBUG org.asynchttpclient.netty.handler.HttpHandler - 

Request DefaultFullHttpRequest(decodeResult: success, version: HTTP/1.1, content: EmptyByteBufBE)
GET /session/b63cc5e6c9e54f212d1e17ab004050ea/element/db3dd575-973e-4a9d-8300-0e379979475d/enabled HTTP/1.1
User-Agent: selenium/4.1.4 (java windows)
Cache-Control: no-cache
Content-Type: application/json; charset=utf-8
host: localhost:53624
accept: */*

Response DefaultHttpResponse(decodeResult: success, version: HTTP/1.1)
HTTP/1.1 200 OK
Content-Type: application/json; charset=utf-8
cache-control: no-cache
content-length: 14

19:05:59.309 [AsyncHttpClient-1-8] DEBUG org.asynchttpclient.netty.channel.ChannelManager - Adding key: http://localhost:53624 for channel [id: 0x45c55385, L:/127.0.0.1:50419 - R:localhost/127.0.0.1:53624]
19:05:59.313 [main] DEBUG net.thucydides.core.steps.StepInterceptor - STEP DONE: loginTextError
  &amp#27;[32mAnd &amp#27;[0m&amp#27;[32mLogin validation kosong&amp#27;[0m                 &amp#27;[90m# starter.stepdefinitios.LoginSteps.loginValidation()&amp#27;[0m
19:05:59.324 [AsyncHttpClient-1-2] DEBUG org.asynchttpclient.netty.handler.WebSocketHandler - Channel Closed: [id: 0x59efc2bc, L:/127.0.0.1:50427 ! R:localhost/127.0.0.1:50420] with attribute NettyResponseFuture{currentRetry=5,
	isDone=1,
	isCancelled=0,
	asyncHandler=org.asynchttpclient.ws.WebSocketUpgradeHandler@65be385e,
	nettyRequest=org.asynchttpclient.netty.request.NettyRequest@3512a35a,
	future=java.util.concurrent.CompletableFuture@42d81a44[Completed normally],
	uri=ws://localhost:50420/devtools/browser/7bbdb008-201d-436f-b494-8b628cdf27f2,
	keepAlive=true,
	redirectCount=0,
	timeoutsHolder=null,
	inAuth=0,
	touch=1658059552617}
19:05:59.324 [AsyncHttpClient-1-2] DEBUG org.asynchttpclient.netty.channel.ChannelManager - Closing Channel [id: 0x59efc2bc, L:/127.0.0.1:50427 ! R:localhost/127.0.0.1:50420] 
19:05:59.324 [Driver Command Executor] DEBUG org.asynchttpclient.netty.request.NettyRequestSender - Using pooled Channel '[id: 0x45c55385, L:/127.0.0.1:50419 - R:localhost/127.0.0.1:53624]' for 'DELETE' to 'http://localhost:53624/session/b63cc5e6c9e54f212d1e17ab004050ea'
19:05:59.324 [Driver Command Executor] DEBUG org.asynchttpclient.netty.request.NettyRequestSender - Using open Channel [id: 0x45c55385, L:/127.0.0.1:50419 - R:localhost/127.0.0.1:53624] for DELETE '/session/b63cc5e6c9e54f212d1e17ab004050ea'
19:05:59.394 [AsyncHttpClient-1-9] DEBUG org.asynchttpclient.netty.handler.HttpHandler - Unexpected I/O exception on channel [id: 0x5a08add1, L:/127.0.0.1:50426 - R:localhost/127.0.0.1:50420]
java.io.IOException: An existing connection was forcibly closed by the remote host
	at java.base/sun.nio.ch.SocketDispatcher.read0(Native Method)
	at java.base/sun.nio.ch.SocketDispatcher.read(SocketDispatcher.java:43)
	at java.base/sun.nio.ch.IOUtil.readIntoNativeBuffer(IOUtil.java:276)
	at java.base/sun.nio.ch.IOUtil.read(IOUtil.java:233)
	at java.base/sun.nio.ch.IOUtil.read(IOUtil.java:223)
	at java.base/sun.nio.ch.SocketChannelImpl.read(SocketChannelImpl.java:356)
	at io.netty.buffer.PooledByteBuf.setBytes(PooledByteBuf.java:258)
	at io.netty.buffer.AbstractByteBuf.writeBytes(AbstractByteBuf.java:1132)
	at io.netty.channel.socket.nio.NioSocketChannel.doReadBytes(NioSocketChannel.java:357)
	at io.netty.channel.nio.AbstractNioByteChannel$NioByteUnsafe.read(AbstractNioByteChannel.java:151)
	at io.netty.channel.nio.NioEventLoop.processSelectedKey(NioEventLoop.java:722)
	at io.netty.channel.nio.NioEventLoop.processSelectedKeysOptimized(NioEventLoop.java:658)
	at io.netty.channel.nio.NioEventLoop.processSelectedKeys(NioEventLoop.java:584)
	at io.netty.channel.nio.NioEventLoop.run(NioEventLoop.java:496)
	at io.netty.util.concurrent.SingleThreadEventExecutor$4.run(SingleThreadEventExecutor.java:986)
	at io.netty.util.internal.ThreadExecutorMap$2.run(ThreadExecutorMap.java:74)
	at io.netty.util.concurrent.FastThreadLocalRunnable.run(FastThreadLocalRunnable.java:30)
	at java.base/java.lang.Thread.run(Thread.java:829)
19:05:59.394 [AsyncHttpClient-1-9] DEBUG org.asynchttpclient.netty.channel.ChannelManager - Closing Channel [id: 0x5a08add1, L:/127.0.0.1:50426 - R:localhost/127.0.0.1:50420] 
19:05:59.394 [AsyncHttpClient-1-9] DEBUG org.asynchttpclient.netty.handler.HttpHandler - Channel Closed: [id: 0x5a08add1, L:/127.0.0.1:50426 ! R:localhost/127.0.0.1:50420] with attribute DISCARD
19:05:59.421 [AsyncHttpClient-1-8] DEBUG org.asynchttpclient.netty.handler.HttpHandler - 

Request DefaultFullHttpRequest(decodeResult: success, version: HTTP/1.1, content: EmptyByteBufBE)
DELETE /session/b63cc5e6c9e54f212d1e17ab004050ea HTTP/1.1
User-Agent: selenium/4.1.4 (java windows)
Content-Type: application/json; charset=utf-8
host: localhost:53624
accept: */*

Response DefaultHttpResponse(decodeResult: success, version: HTTP/1.1)
HTTP/1.1 200 OK
Content-Type: application/json; charset=utf-8
cache-control: no-cache
content-length: 14

19:05:59.421 [AsyncHttpClient-1-8] DEBUG org.asynchttpclient.netty.channel.ChannelManager - Adding key: http://localhost:53624 for channel [id: 0x45c55385, L:/127.0.0.1:50419 - R:localhost/127.0.0.1:53624]
19:05:59.505 [AsyncHttpClient-1-8] DEBUG org.asynchttpclient.netty.handler.HttpHandler - Channel Closed: [id: 0x45c55385, L:/127.0.0.1:50419 ! R:localhost/127.0.0.1:53624] with attribute DISCARD
]]></system-out>
    <system-err><![CDATA[Starting ChromeDriver 103.0.5060.53 (a1711811edd74ff1cf2150f36ffa3b0dae40b17f-refs/branch-heads/5060@{#853}) on port 53624
Only local connections are allowed.
Please see https://chromedriver.chromium.org/security-considerations for suggestions on keeping ChromeDriver safe.
ChromeDriver was started successfully.
Jul 17, 2022 7:05:52 PM org.openqa.selenium.remote.ProtocolHandshake createSession
INFO: Detected dialect: W3C
Jul 17, 2022 7:05:52 PM org.openqa.selenium.devtools.CdpVersionFinder findNearestMatch
WARNING: Unable to find an exact match for CDP version 103, so returning the closest version found: 101
Jul 17, 2022 7:05:52 PM org.openqa.selenium.devtools.CdpVersionFinder findNearestMatch
INFO: Found CDP implementation for version 103 of 101
]]></system-err>
  </testcase>
  <testcase name="As a admin I login - invalid #1" classname="Login - Admin" time="14.069">
    <system-out><![CDATA[
@Login111 @LoginAdminInvalid
Scenario Outline: As a admin I login - invalid &amp#27;[90m# src/test/resources/features/1Login.feature:26&amp#27;[0m
19:05:59.608 [main] INFO io.cucumber.core.plugin.SerenityReporter - Running feature from file:///C:/Alterra/CapstoneBaru/QE/TestingWebUpdate/src/test/resources/features/1Login.feature
19:05:59.795 [main] INFO  - 
  _____   ___   ___   _____     ___   _____     _     ___   _____   ___   ___  
 |_   _| | __| / __| |_   _|   / __| |_   _|   /_\   | _ \ |_   _| | __| |   \ 
   | |   | _|  \__ \   | |     \__ \   | |    / _ \  |   /   | |   | _|  | |) |
   |_|   |___| |___/   |_|     |___/   |_|   /_/ \_\ |_|_\   |_|   |___| |___/ 

As a admin I login - invalid(login---admin;as-a-admin-i-login---invalid)
--------------------------------------------------------------------------------
19:05:59.800 [AsyncHttpClient-1-1] DEBUG org.asynchttpclient.netty.channel.DefaultChannelPool - Entry count for : http://localhost:53624 : 1
19:05:59.800 [AsyncHttpClient-1-1] DEBUG org.asynchttpclient.netty.channel.DefaultChannelPool - Entry count for : http://localhost:50420 : 1
19:05:59.800 [AsyncHttpClient-1-1] DEBUG org.asynchttpclient.netty.channel.DefaultChannelPool - Adding Candidate expired Channel [id: 0x45c55385, L:/127.0.0.1:50419 ! R:localhost/127.0.0.1:53624] isIdleTimeoutExpired=false isRemotelyClosed=true isTtlExpired=false
19:05:59.800 [AsyncHttpClient-1-1] DEBUG org.asynchttpclient.netty.channel.DefaultChannelPool - Closing Idle Channel [id: 0x45c55385, L:/127.0.0.1:50419 ! R:localhost/127.0.0.1:53624]
19:05:59.800 [AsyncHttpClient-1-1] DEBUG org.asynchttpclient.netty.channel.DefaultChannelPool - Adding Candidate expired Channel [id: 0x5a08add1, L:/127.0.0.1:50426 ! R:localhost/127.0.0.1:50420] isIdleTimeoutExpired=false isRemotelyClosed=true isTtlExpired=false
19:05:59.800 [AsyncHttpClient-1-1] DEBUG org.asynchttpclient.netty.channel.DefaultChannelPool - Closing Idle Channel [id: 0x5a08add1, L:/127.0.0.1:50426 ! R:localhost/127.0.0.1:50420]
19:05:59.800 [AsyncHttpClient-1-1] DEBUG org.asynchttpclient.netty.channel.DefaultChannelPool - Closed 2 connections out of 2 in 0 ms
19:05:59.900 [main] DEBUG net.thucydides.core.steps.StepInterceptor - STARTING STEP: LoginSteps.openLoginPage - openLogin
19:05:59.900 [main] INFO net.serenitybdd.core.webdriver.driverproviders.ChromeDriverProvider - Using automatically driver download
19:06:00.024 [main] DEBUG io.github.bonigarcia.wdm.cache.ResolutionCache - Resolution chrome=103 in cache (valid until 20:05:23 17/07/2022 ICT)
19:06:00.033 [main] DEBUG io.github.bonigarcia.wdm.cache.ResolutionCache - Resolution chrome103=103.0.5060.53 in cache (valid until 17:54:33 18/07/2022 ICT)
19:06:00.034 [main] INFO io.github.bonigarcia.wdm.WebDriverManager - Using chromedriver 103.0.5060.53 (resolved driver for Chrome 103)
19:06:00.047 [main] DEBUG io.github.bonigarcia.wdm.WebDriverManager - Driver chromedriver 103.0.5060.53 found in cache
19:06:00.047 [main] INFO io.github.bonigarcia.wdm.WebDriverManager - Exporting webdriver.chrome.driver as C:\Users\Bagas Dwi Saputra\.cache\selenium\chromedriver\win32\103.0.5060.53\chromedriver.exe
19:06:00.246 [main] DEBUG net.serenitybdd.core.webdriver.driverproviders.ProvideNewDriver - Instantiating driver
19:06:00.246 [main] DEBUG net.serenitybdd.core.webdriver.driverproviders.ProvideNewDriver - Driver capabilities: Capabilities {acceptInsecureCerts: false, base.url: https://fanciful-trifle-360..., browserName: chrome, chorme.driver: src/test/resources/webdrive..., driver: chrome, goog:chromeOptions: {args: [], extensions: []}}
19:06:00.499 [AsyncHttpClient-1-3] DEBUG org.asynchttpclient.netty.channel.NettyConnectListener - Using new Channel '[id: 0x99ceb441, L:/127.0.0.1:50443 - R:localhost/127.0.0.1:53882]' for 'POST' to '/session'
19:06:01.360 [AsyncHttpClient-1-3] DEBUG org.asynchttpclient.netty.handler.HttpHandler - 

Request DefaultHttpRequest(decodeResult: success, version: HTTP/1.1)
POST /session HTTP/1.1
User-Agent: selenium/4.1.4 (java windows)
Content-Length: 629
Content-Type: application/json; charset=utf-8
host: localhost:53882
accept: */*

Response DefaultHttpResponse(decodeResult: success, version: HTTP/1.1)
HTTP/1.1 200 OK
Content-Type: application/json; charset=utf-8
cache-control: no-cache
content-length: 793

19:06:01.360 [AsyncHttpClient-1-3] DEBUG org.asynchttpclient.netty.channel.ChannelManager - Adding key: http://localhost:53882 for channel [id: 0x99ceb441, L:/127.0.0.1:50443 - R:localhost/127.0.0.1:53882]
19:06:01.371 [AsyncHttpClient-1-4] DEBUG org.asynchttpclient.netty.channel.NettyConnectListener - Using new Channel '[id: 0x0033faba, L:/127.0.0.1:50450 - R:localhost/127.0.0.1:50444]' for 'GET' to '/json/version'
19:06:01.372 [AsyncHttpClient-1-4] DEBUG org.asynchttpclient.netty.handler.HttpHandler - 

Request DefaultFullHttpRequest(decodeResult: success, version: HTTP/1.1, content: EmptyByteBufBE)
GET /json/version HTTP/1.1
User-Agent: selenium/4.1.4 (java windows)
host: localhost:50444
accept: */*

Response DefaultHttpResponse(decodeResult: success, version: HTTP/1.1)
HTTP/1.1 200 OK
Content-Type: application/json; charset=UTF-8
content-length: 429

19:06:01.372 [AsyncHttpClient-1-4] DEBUG org.asynchttpclient.netty.channel.ChannelManager - Adding key: http://localhost:50444 for channel [id: 0x0033faba, L:/127.0.0.1:50450 - R:localhost/127.0.0.1:50444]
19:06:01.374 [AsyncHttpClient-1-5] DEBUG org.asynchttpclient.netty.channel.NettyConnectListener - Using new Channel '[id: 0x0642ebe0, L:/127.0.0.1:50451 - R:localhost/127.0.0.1:50444]' for 'GET' to '/devtools/browser/ea83ecc5-3e70-4f04-a295-6f3dbc048aa3'
19:06:01.375 [AsyncHttpClient-1-5] DEBUG org.asynchttpclient.netty.handler.WebSocketHandler - 

Request DefaultFullHttpRequest(decodeResult: success, version: HTTP/1.1, content: EmptyByteBufBE)
GET /devtools/browser/ea83ecc5-3e70-4f04-a295-6f3dbc048aa3 HTTP/1.1
upgrade: websocket
connection: upgrade
sec-websocket-key: 7fLxWozhJLzqF2HQ90p/nQ==
sec-websocket-version: 13
origin: http://localhost:50444
host: localhost:50444
accept: */*
user-agent: AHC/2.1

Response DefaultHttpResponse(decodeResult: success, version: HTTP/1.1)
HTTP/1.1 101 WebSocket Protocol Handshake
Upgrade: WebSocket
Connection: Upgrade
Sec-WebSocket-Accept: gQ/KljENwo+hy9MYnOOaSHoMnAI=

19:06:01.380 [Forwarding get on session 63cc154bcf975f29b84870a0a5ea3faa to remote] DEBUG org.asynchttpclient.netty.request.NettyRequestSender - Using pooled Channel '[id: 0x99ceb441, L:/127.0.0.1:50443 - R:localhost/127.0.0.1:53882]' for 'POST' to 'http://localhost:53882/session/63cc154bcf975f29b84870a0a5ea3faa/url'
19:06:01.380 [Forwarding get on session 63cc154bcf975f29b84870a0a5ea3faa to remote] DEBUG org.asynchttpclient.netty.request.NettyRequestSender - Using open Channel [id: 0x99ceb441, L:/127.0.0.1:50443 - R:localhost/127.0.0.1:53882] for POST '/session/63cc154bcf975f29b84870a0a5ea3faa/url'
19:06:01.967 [AsyncHttpClient-1-1] DEBUG org.asynchttpclient.netty.channel.DefaultChannelPool - Entry count for : http://localhost:50444 : 1
19:06:01.992 [AsyncHttpClient-1-3] DEBUG org.asynchttpclient.netty.handler.HttpHandler - 

Request DefaultHttpRequest(decodeResult: success, version: HTTP/1.1)
POST /session/63cc154bcf975f29b84870a0a5ea3faa/url HTTP/1.1
User-Agent: selenium/4.1.4 (java windows)
Content-Length: 78
Content-Type: application/json; charset=utf-8
host: localhost:53882
accept: */*

Response DefaultHttpResponse(decodeResult: success, version: HTTP/1.1)
HTTP/1.1 200 OK
Content-Type: application/json; charset=utf-8
cache-control: no-cache
content-length: 14

19:06:01.992 [AsyncHttpClient-1-3] DEBUG org.asynchttpclient.netty.channel.ChannelManager - Adding key: http://localhost:53882 for channel [id: 0x99ceb441, L:/127.0.0.1:50443 - R:localhost/127.0.0.1:53882]
19:06:01.993 [Forwarding setTimeout on session 63cc154bcf975f29b84870a0a5ea3faa to remote] DEBUG org.asynchttpclient.netty.request.NettyRequestSender - Using pooled Channel '[id: 0x99ceb441, L:/127.0.0.1:50443 - R:localhost/127.0.0.1:53882]' for 'POST' to 'http://localhost:53882/session/63cc154bcf975f29b84870a0a5ea3faa/timeouts'
19:06:01.993 [Forwarding setTimeout on session 63cc154bcf975f29b84870a0a5ea3faa to remote] DEBUG org.asynchttpclient.netty.request.NettyRequestSender - Using open Channel [id: 0x99ceb441, L:/127.0.0.1:50443 - R:localhost/127.0.0.1:53882] for POST '/session/63cc154bcf975f29b84870a0a5ea3faa/timeouts'
19:06:02.001 [AsyncHttpClient-1-3] DEBUG org.asynchttpclient.netty.handler.HttpHandler - 

Request DefaultHttpRequest(decodeResult: success, version: HTTP/1.1)
POST /session/63cc154bcf975f29b84870a0a5ea3faa/timeouts HTTP/1.1
User-Agent: selenium/4.1.4 (java windows)
Content-Length: 22
Content-Type: application/json; charset=utf-8
host: localhost:53882
accept: */*

Response DefaultHttpResponse(decodeResult: success, version: HTTP/1.1)
HTTP/1.1 200 OK
Content-Type: application/json; charset=utf-8
cache-control: no-cache
content-length: 14

19:06:02.001 [AsyncHttpClient-1-3] DEBUG org.asynchttpclient.netty.channel.ChannelManager - Adding key: http://localhost:53882 for channel [id: 0x99ceb441, L:/127.0.0.1:50443 - R:localhost/127.0.0.1:53882]
19:06:02.004 [Forwarding getCurrentUrl on session 63cc154bcf975f29b84870a0a5ea3faa to remote] DEBUG org.asynchttpclient.netty.request.NettyRequestSender - Using pooled Channel '[id: 0x99ceb441, L:/127.0.0.1:50443 - R:localhost/127.0.0.1:53882]' for 'GET' to 'http://localhost:53882/session/63cc154bcf975f29b84870a0a5ea3faa/url'
19:06:02.004 [Forwarding getCurrentUrl on session 63cc154bcf975f29b84870a0a5ea3faa to remote] DEBUG org.asynchttpclient.netty.request.NettyRequestSender - Using open Channel [id: 0x99ceb441, L:/127.0.0.1:50443 - R:localhost/127.0.0.1:53882] for GET '/session/63cc154bcf975f29b84870a0a5ea3faa/url'
19:06:02.034 [AsyncHttpClient-1-3] DEBUG org.asynchttpclient.netty.handler.HttpHandler - 

Request DefaultFullHttpRequest(decodeResult: success, version: HTTP/1.1, content: EmptyByteBufBE)
GET /session/63cc154bcf975f29b84870a0a5ea3faa/url HTTP/1.1
User-Agent: selenium/4.1.4 (java windows)
Cache-Control: no-cache
Content-Type: application/json; charset=utf-8
host: localhost:53882
accept: */*

Response DefaultHttpResponse(decodeResult: success, version: HTTP/1.1)
HTTP/1.1 200 OK
Content-Type: application/json; charset=utf-8
cache-control: no-cache
content-length: 60

19:06:02.034 [AsyncHttpClient-1-3] DEBUG org.asynchttpclient.netty.channel.ChannelManager - Adding key: http://localhost:53882 for channel [id: 0x99ceb441, L:/127.0.0.1:50443 - R:localhost/127.0.0.1:53882]
19:06:02.042 [Forwarding screenshot on session 63cc154bcf975f29b84870a0a5ea3faa to remote] DEBUG org.asynchttpclient.netty.request.NettyRequestSender - Using pooled Channel '[id: 0x99ceb441, L:/127.0.0.1:50443 - R:localhost/127.0.0.1:53882]' for 'GET' to 'http://localhost:53882/session/63cc154bcf975f29b84870a0a5ea3faa/screenshot'
19:06:02.042 [Forwarding screenshot on session 63cc154bcf975f29b84870a0a5ea3faa to remote] DEBUG org.asynchttpclient.netty.request.NettyRequestSender - Using open Channel [id: 0x99ceb441, L:/127.0.0.1:50443 - R:localhost/127.0.0.1:53882] for GET '/session/63cc154bcf975f29b84870a0a5ea3faa/screenshot'
19:06:02.424 [AsyncHttpClient-1-3] DEBUG org.asynchttpclient.netty.handler.HttpHandler - 

Request DefaultFullHttpRequest(decodeResult: success, version: HTTP/1.1, content: EmptyByteBufBE)
GET /session/63cc154bcf975f29b84870a0a5ea3faa/screenshot HTTP/1.1
User-Agent: selenium/4.1.4 (java windows)
Cache-Control: no-cache
Content-Type: application/json; charset=utf-8
host: localhost:53882
accept: */*

Response DefaultHttpResponse(decodeResult: success, version: HTTP/1.1)
HTTP/1.1 200 OK
Content-Type: application/json; charset=utf-8
cache-control: no-cache
content-length: 380436

19:06:02.449 [AsyncHttpClient-1-3] DEBUG org.asynchttpclient.netty.channel.ChannelManager - Adding key: http://localhost:53882 for channel [id: 0x99ceb441, L:/127.0.0.1:50443 - R:localhost/127.0.0.1:53882]
19:06:02.453 [main] DEBUG net.serenitybdd.core.photography.Darkroom - Send negative for processing for target\site\serenity\d122c364c40ece9db0ad32cd97c3fcf63e95ba606118dda8d3e5a1d2b8235ce2.png
19:06:02.453 [main] DEBUG net.thucydides.core.steps.StepInterceptor - STEP DONE: openLogin
  &amp#27;[32mGiven &amp#27;[0m&amp#27;[32mOpen login page&amp#27;[0m                        &amp#27;[90m# starter.stepdefinitios.LoginSteps.openLoginPage()&amp#27;[0m
19:06:03.064 [AsyncHttpClient-1-1] DEBUG org.asynchttpclient.netty.channel.DefaultChannelPool - Entry count for : http://localhost:50444 : 1
19:06:03.064 [AsyncHttpClient-1-1] DEBUG org.asynchttpclient.netty.channel.DefaultChannelPool - Entry count for : http://localhost:53882 : 1
19:06:03.479 [Forwarding findElement on session 63cc154bcf975f29b84870a0a5ea3faa to remote] DEBUG org.asynchttpclient.netty.request.NettyRequestSender - Using pooled Channel '[id: 0x99ceb441, L:/127.0.0.1:50443 - R:localhost/127.0.0.1:53882]' for 'POST' to 'http://localhost:53882/session/63cc154bcf975f29b84870a0a5ea3faa/element'
19:06:03.479 [Forwarding findElement on session 63cc154bcf975f29b84870a0a5ea3faa to remote] DEBUG org.asynchttpclient.netty.request.NettyRequestSender - Using open Channel [id: 0x99ceb441, L:/127.0.0.1:50443 - R:localhost/127.0.0.1:53882] for POST '/session/63cc154bcf975f29b84870a0a5ea3faa/element'
19:06:03.499 [AsyncHttpClient-1-3] DEBUG org.asynchttpclient.netty.handler.HttpHandler - 

Request DefaultHttpRequest(decodeResult: success, version: HTTP/1.1)
POST /session/63cc154bcf975f29b84870a0a5ea3faa/element HTTP/1.1
User-Agent: selenium/4.1.4 (java windows)
Content-Length: 70
Content-Type: application/json; charset=utf-8
host: localhost:53882
accept: */*

Response DefaultHttpResponse(decodeResult: success, version: HTTP/1.1)
HTTP/1.1 200 OK
Content-Type: application/json; charset=utf-8
cache-control: no-cache
content-length: 88

19:06:03.499 [AsyncHttpClient-1-3] DEBUG org.asynchttpclient.netty.channel.ChannelManager - Adding key: http://localhost:53882 for channel [id: 0x99ceb441, L:/127.0.0.1:50443 - R:localhost/127.0.0.1:53882]
19:06:03.502 [Forwarding sendKeysToElement on session 63cc154bcf975f29b84870a0a5ea3faa to remote] DEBUG org.asynchttpclient.netty.request.NettyRequestSender - Using pooled Channel '[id: 0x99ceb441, L:/127.0.0.1:50443 - R:localhost/127.0.0.1:53882]' for 'POST' to 'http://localhost:53882/session/63cc154bcf975f29b84870a0a5ea3faa/element/0065691e-a6f2-4350-97c7-98f947208135/value'
19:06:03.502 [Forwarding sendKeysToElement on session 63cc154bcf975f29b84870a0a5ea3faa to remote] DEBUG org.asynchttpclient.netty.request.NettyRequestSender - Using open Channel [id: 0x99ceb441, L:/127.0.0.1:50443 - R:localhost/127.0.0.1:53882] for POST '/session/63cc154bcf975f29b84870a0a5ea3faa/element/0065691e-a6f2-4350-97c7-98f947208135/value'
19:06:03.622 [AsyncHttpClient-1-3] DEBUG org.asynchttpclient.netty.handler.HttpHandler - 

Request DefaultHttpRequest(decodeResult: success, version: HTTP/1.1)
POST /session/63cc154bcf975f29b84870a0a5ea3faa/element/0065691e-a6f2-4350-97c7-98f947208135/value HTTP/1.1
User-Agent: selenium/4.1.4 (java windows)
Content-Length: 151
Content-Type: application/json; charset=utf-8
host: localhost:53882
accept: */*

Response DefaultHttpResponse(decodeResult: success, version: HTTP/1.1)
HTTP/1.1 200 OK
Content-Type: application/json; charset=utf-8
cache-control: no-cache
content-length: 14

19:06:03.622 [AsyncHttpClient-1-3] DEBUG org.asynchttpclient.netty.channel.ChannelManager - Adding key: http://localhost:53882 for channel [id: 0x99ceb441, L:/127.0.0.1:50443 - R:localhost/127.0.0.1:53882]
  &amp#27;[32mWhen &amp#27;[0m&amp#27;[32mI input &amp#27;[0m&amp#27;[32m&amp#27;[1m"invalid"&amp#27;[0m&amp#27;[32m login email&amp#27;[0m           &amp#27;[90m# starter.stepdefinitios.LoginSteps.iInputEmailLogin(java.lang.String)&amp#27;[0m
19:06:03.651 [Forwarding screenshot on session 63cc154bcf975f29b84870a0a5ea3faa to remote] DEBUG org.asynchttpclient.netty.request.NettyRequestSender - Using pooled Channel '[id: 0x99ceb441, L:/127.0.0.1:50443 - R:localhost/127.0.0.1:53882]' for 'GET' to 'http://localhost:53882/session/63cc154bcf975f29b84870a0a5ea3faa/screenshot'
19:06:03.651 [Forwarding screenshot on session 63cc154bcf975f29b84870a0a5ea3faa to remote] DEBUG org.asynchttpclient.netty.request.NettyRequestSender - Using open Channel [id: 0x99ceb441, L:/127.0.0.1:50443 - R:localhost/127.0.0.1:53882] for GET '/session/63cc154bcf975f29b84870a0a5ea3faa/screenshot'
19:06:03.852 [AsyncHttpClient-1-3] DEBUG org.asynchttpclient.netty.handler.HttpHandler - 

Request DefaultFullHttpRequest(decodeResult: success, version: HTTP/1.1, content: EmptyByteBufBE)
GET /session/63cc154bcf975f29b84870a0a5ea3faa/screenshot HTTP/1.1
User-Agent: selenium/4.1.4 (java windows)
Cache-Control: no-cache
Content-Type: application/json; charset=utf-8
host: localhost:53882
accept: */*

Response DefaultHttpResponse(decodeResult: success, version: HTTP/1.1)
HTTP/1.1 200 OK
Content-Type: application/json; charset=utf-8
cache-control: no-cache
content-length: 379588

19:06:03.853 [AsyncHttpClient-1-3] DEBUG org.asynchttpclient.netty.channel.ChannelManager - Adding key: http://localhost:53882 for channel [id: 0x99ceb441, L:/127.0.0.1:50443 - R:localhost/127.0.0.1:53882]
19:06:03.855 [main] DEBUG net.serenitybdd.core.photography.Darkroom - Send negative for processing for target\site\serenity\17a50325831dbc3c0192eda3948fb85b5cdfaf762aff1b660651fb27d76feef1.png
19:06:03.855 [Darkroom Processing Line] DEBUG net.serenitybdd.core.photography.DarkroomProcessingLine - Processing screenshot image in /var/screenshots/screenshot-15006137702402896560
19:06:03.855 [Darkroom Processing Line] DEBUG net.serenitybdd.core.photography.DarkroomProcessingLine - Saving screenshot to target\site\serenity\17a50325831dbc3c0192eda3948fb85b5cdfaf762aff1b660651fb27d76feef1.png
19:06:04.152 [AsyncHttpClient-1-1] DEBUG org.asynchttpclient.netty.channel.DefaultChannelPool - Entry count for : http://localhost:50444 : 1
19:06:04.152 [AsyncHttpClient-1-1] DEBUG org.asynchttpclient.netty.channel.DefaultChannelPool - Entry count for : http://localhost:53882 : 1
19:06:04.889 [Forwarding screenshot on session 63cc154bcf975f29b84870a0a5ea3faa to remote] DEBUG org.asynchttpclient.netty.request.NettyRequestSender - Using pooled Channel '[id: 0x99ceb441, L:/127.0.0.1:50443 - R:localhost/127.0.0.1:53882]' for 'GET' to 'http://localhost:53882/session/63cc154bcf975f29b84870a0a5ea3faa/screenshot'
19:06:04.889 [Forwarding screenshot on session 63cc154bcf975f29b84870a0a5ea3faa to remote] DEBUG org.asynchttpclient.netty.request.NettyRequestSender - Using open Channel [id: 0x99ceb441, L:/127.0.0.1:50443 - R:localhost/127.0.0.1:53882] for GET '/session/63cc154bcf975f29b84870a0a5ea3faa/screenshot'
19:06:05.093 [AsyncHttpClient-1-3] DEBUG org.asynchttpclient.netty.handler.HttpHandler - 

Request DefaultFullHttpRequest(decodeResult: success, version: HTTP/1.1, content: EmptyByteBufBE)
GET /session/63cc154bcf975f29b84870a0a5ea3faa/screenshot HTTP/1.1
User-Agent: selenium/4.1.4 (java windows)
Cache-Control: no-cache
Content-Type: application/json; charset=utf-8
host: localhost:53882
accept: */*

Response DefaultHttpResponse(decodeResult: success, version: HTTP/1.1)
HTTP/1.1 200 OK
Content-Type: application/json; charset=utf-8
cache-control: no-cache
content-length: 379588

19:06:05.098 [AsyncHttpClient-1-3] DEBUG org.asynchttpclient.netty.channel.ChannelManager - Adding key: http://localhost:53882 for channel [id: 0x99ceb441, L:/127.0.0.1:50443 - R:localhost/127.0.0.1:53882]
19:06:05.105 [main] DEBUG net.serenitybdd.core.photography.Darkroom - Send negative for processing for target\site\serenity\17a50325831dbc3c0192eda3948fb85b5cdfaf762aff1b660651fb27d76feef1.png
19:06:05.106 [main] DEBUG net.thucydides.core.steps.StepInterceptor - STARTING STEP: LoginSteps.iInputPasswordLogin - inputPasswordLogin
19:06:05.107 [Forwarding findElement on session 63cc154bcf975f29b84870a0a5ea3faa to remote] DEBUG org.asynchttpclient.netty.request.NettyRequestSender - Using pooled Channel '[id: 0x99ceb441, L:/127.0.0.1:50443 - R:localhost/127.0.0.1:53882]' for 'POST' to 'http://localhost:53882/session/63cc154bcf975f29b84870a0a5ea3faa/element'
19:06:05.107 [Forwarding findElement on session 63cc154bcf975f29b84870a0a5ea3faa to remote] DEBUG org.asynchttpclient.netty.request.NettyRequestSender - Using open Channel [id: 0x99ceb441, L:/127.0.0.1:50443 - R:localhost/127.0.0.1:53882] for POST '/session/63cc154bcf975f29b84870a0a5ea3faa/element'
19:06:05.119 [AsyncHttpClient-1-3] DEBUG org.asynchttpclient.netty.handler.HttpHandler - 

Request DefaultHttpRequest(decodeResult: success, version: HTTP/1.1)
POST /session/63cc154bcf975f29b84870a0a5ea3faa/element HTTP/1.1
User-Agent: selenium/4.1.4 (java windows)
Content-Length: 70
Content-Type: application/json; charset=utf-8
host: localhost:53882
accept: */*

Response DefaultHttpResponse(decodeResult: success, version: HTTP/1.1)
HTTP/1.1 200 OK
Content-Type: application/json; charset=utf-8
cache-control: no-cache
content-length: 88

19:06:05.119 [AsyncHttpClient-1-3] DEBUG org.asynchttpclient.netty.channel.ChannelManager - Adding key: http://localhost:53882 for channel [id: 0x99ceb441, L:/127.0.0.1:50443 - R:localhost/127.0.0.1:53882]
19:06:05.120 [Forwarding sendKeysToElement on session 63cc154bcf975f29b84870a0a5ea3faa to remote] DEBUG org.asynchttpclient.netty.request.NettyRequestSender - Using pooled Channel '[id: 0x99ceb441, L:/127.0.0.1:50443 - R:localhost/127.0.0.1:53882]' for 'POST' to 'http://localhost:53882/session/63cc154bcf975f29b84870a0a5ea3faa/element/8f1ca29b-a164-4c22-877b-73ca124f340e/value'
19:06:05.120 [Forwarding sendKeysToElement on session 63cc154bcf975f29b84870a0a5ea3faa to remote] DEBUG org.asynchttpclient.netty.request.NettyRequestSender - Using open Channel [id: 0x99ceb441, L:/127.0.0.1:50443 - R:localhost/127.0.0.1:53882] for POST '/session/63cc154bcf975f29b84870a0a5ea3faa/element/8f1ca29b-a164-4c22-877b-73ca124f340e/value'
19:06:05.187 [AsyncHttpClient-1-3] DEBUG org.asynchttpclient.netty.handler.HttpHandler - 

Request DefaultHttpRequest(decodeResult: success, version: HTTP/1.1)
POST /session/63cc154bcf975f29b84870a0a5ea3faa/element/8f1ca29b-a164-4c22-877b-73ca124f340e/value HTTP/1.1
User-Agent: selenium/4.1.4 (java windows)
Content-Length: 151
Content-Type: application/json; charset=utf-8
host: localhost:53882
accept: */*

Response DefaultHttpResponse(decodeResult: success, version: HTTP/1.1)
HTTP/1.1 200 OK
Content-Type: application/json; charset=utf-8
cache-control: no-cache
content-length: 14

19:06:05.187 [AsyncHttpClient-1-3] DEBUG org.asynchttpclient.netty.channel.ChannelManager - Adding key: http://localhost:53882 for channel [id: 0x99ceb441, L:/127.0.0.1:50443 - R:localhost/127.0.0.1:53882]
19:06:05.192 [Forwarding screenshot on session 63cc154bcf975f29b84870a0a5ea3faa to remote] DEBUG org.asynchttpclient.netty.request.NettyRequestSender - Using pooled Channel '[id: 0x99ceb441, L:/127.0.0.1:50443 - R:localhost/127.0.0.1:53882]' for 'GET' to 'http://localhost:53882/session/63cc154bcf975f29b84870a0a5ea3faa/screenshot'
19:06:05.192 [Forwarding screenshot on session 63cc154bcf975f29b84870a0a5ea3faa to remote] DEBUG org.asynchttpclient.netty.request.NettyRequestSender - Using open Channel [id: 0x99ceb441, L:/127.0.0.1:50443 - R:localhost/127.0.0.1:53882] for GET '/session/63cc154bcf975f29b84870a0a5ea3faa/screenshot'
19:06:05.254 [AsyncHttpClient-1-1] DEBUG org.asynchttpclient.netty.channel.DefaultChannelPool - Entry count for : http://localhost:50444 : 1
19:06:05.363 [AsyncHttpClient-1-3] DEBUG org.asynchttpclient.netty.handler.HttpHandler - 

Request DefaultFullHttpRequest(decodeResult: success, version: HTTP/1.1, content: EmptyByteBufBE)
GET /session/63cc154bcf975f29b84870a0a5ea3faa/screenshot HTTP/1.1
User-Agent: selenium/4.1.4 (java windows)
Cache-Control: no-cache
Content-Type: application/json; charset=utf-8
host: localhost:53882
accept: */*

Response DefaultHttpResponse(decodeResult: success, version: HTTP/1.1)
HTTP/1.1 200 OK
Content-Type: application/json; charset=utf-8
cache-control: no-cache
content-length: 377732

19:06:05.371 [AsyncHttpClient-1-3] DEBUG org.asynchttpclient.netty.channel.ChannelManager - Adding key: http://localhost:53882 for channel [id: 0x99ceb441, L:/127.0.0.1:50443 - R:localhost/127.0.0.1:53882]
19:06:05.373 [main] DEBUG net.serenitybdd.core.photography.Darkroom - Send negative for processing for target\site\serenity\b06644f0b651cda20fe329495b1cae9343922ac7117ead9bb863af8b607fed59.png
19:06:05.373 [main] DEBUG net.thucydides.core.steps.StepInterceptor - STEP DONE: inputPasswordLogin
  &amp#27;[32mAnd &amp#27;[0m&amp#27;[32mI input &amp#27;[0m&amp#27;[32m&amp#27;[1m"invalid"&amp#27;[0m&amp#27;[32m login password&amp#27;[0m         &amp#27;[90m# starter.stepdefinitios.LoginSteps.iInputPasswordLogin(java.lang.String)&amp#27;[0m
19:06:05.383 [Darkroom Processing Line] DEBUG net.serenitybdd.core.photography.DarkroomProcessingLine - Processing screenshot image in /var/screenshots/screenshot-532456936014065685
19:06:05.383 [Darkroom Processing Line] DEBUG net.serenitybdd.core.photography.DarkroomProcessingLine - Saving screenshot to target\site\serenity\b06644f0b651cda20fe329495b1cae9343922ac7117ead9bb863af8b607fed59.png
19:06:05.395 [main] DEBUG net.thucydides.core.steps.StepInterceptor - STARTING STEP: LoginSteps.iClickButtonLogin - clickButtonLogin
19:06:05.397 [Forwarding findElement on session 63cc154bcf975f29b84870a0a5ea3faa to remote] DEBUG org.asynchttpclient.netty.request.NettyRequestSender - Using pooled Channel '[id: 0x99ceb441, L:/127.0.0.1:50443 - R:localhost/127.0.0.1:53882]' for 'POST' to 'http://localhost:53882/session/63cc154bcf975f29b84870a0a5ea3faa/element'
19:06:05.397 [Forwarding findElement on session 63cc154bcf975f29b84870a0a5ea3faa to remote] DEBUG org.asynchttpclient.netty.request.NettyRequestSender - Using open Channel [id: 0x99ceb441, L:/127.0.0.1:50443 - R:localhost/127.0.0.1:53882] for POST '/session/63cc154bcf975f29b84870a0a5ea3faa/element'
19:06:05.406 [AsyncHttpClient-1-3] DEBUG org.asynchttpclient.netty.handler.HttpHandler - 

Request DefaultHttpRequest(decodeResult: success, version: HTTP/1.1)
POST /session/63cc154bcf975f29b84870a0a5ea3faa/element HTTP/1.1
User-Agent: selenium/4.1.4 (java windows)
Content-Length: 68
Content-Type: application/json; charset=utf-8
host: localhost:53882
accept: */*

Response DefaultHttpResponse(decodeResult: success, version: HTTP/1.1)
HTTP/1.1 200 OK
Content-Type: application/json; charset=utf-8
cache-control: no-cache
content-length: 88

19:06:05.406 [AsyncHttpClient-1-3] DEBUG org.asynchttpclient.netty.channel.ChannelManager - Adding key: http://localhost:53882 for channel [id: 0x99ceb441, L:/127.0.0.1:50443 - R:localhost/127.0.0.1:53882]
19:06:05.408 [Forwarding getElementTagName on session 63cc154bcf975f29b84870a0a5ea3faa to remote] DEBUG org.asynchttpclient.netty.request.NettyRequestSender - Using pooled Channel '[id: 0x99ceb441, L:/127.0.0.1:50443 - R:localhost/127.0.0.1:53882]' for 'GET' to 'http://localhost:53882/session/63cc154bcf975f29b84870a0a5ea3faa/element/d73ce1ce-eee3-46e5-a450-3cd65fc1cc73/name'
19:06:05.408 [Forwarding getElementTagName on session 63cc154bcf975f29b84870a0a5ea3faa to remote] DEBUG org.asynchttpclient.netty.request.NettyRequestSender - Using open Channel [id: 0x99ceb441, L:/127.0.0.1:50443 - R:localhost/127.0.0.1:53882] for GET '/session/63cc154bcf975f29b84870a0a5ea3faa/element/d73ce1ce-eee3-46e5-a450-3cd65fc1cc73/name'
19:06:05.411 [AsyncHttpClient-1-3] DEBUG org.asynchttpclient.netty.handler.HttpHandler - 

Request DefaultFullHttpRequest(decodeResult: success, version: HTTP/1.1, content: EmptyByteBufBE)
GET /session/63cc154bcf975f29b84870a0a5ea3faa/element/d73ce1ce-eee3-46e5-a450-3cd65fc1cc73/name HTTP/1.1
User-Agent: selenium/4.1.4 (java windows)
Cache-Control: no-cache
Content-Type: application/json; charset=utf-8
host: localhost:53882
accept: */*

Response DefaultHttpResponse(decodeResult: success, version: HTTP/1.1)
HTTP/1.1 200 OK
Content-Type: application/json; charset=utf-8
cache-control: no-cache
content-length: 18

19:06:05.411 [AsyncHttpClient-1-3] DEBUG org.asynchttpclient.netty.channel.ChannelManager - Adding key: http://localhost:53882 for channel [id: 0x99ceb441, L:/127.0.0.1:50443 - R:localhost/127.0.0.1:53882]
19:06:05.412 [Forwarding getElementTagName on session 63cc154bcf975f29b84870a0a5ea3faa to remote] DEBUG org.asynchttpclient.netty.request.NettyRequestSender - Using pooled Channel '[id: 0x99ceb441, L:/127.0.0.1:50443 - R:localhost/127.0.0.1:53882]' for 'GET' to 'http://localhost:53882/session/63cc154bcf975f29b84870a0a5ea3faa/element/d73ce1ce-eee3-46e5-a450-3cd65fc1cc73/name'
19:06:05.412 [Forwarding getElementTagName on session 63cc154bcf975f29b84870a0a5ea3faa to remote] DEBUG org.asynchttpclient.netty.request.NettyRequestSender - Using open Channel [id: 0x99ceb441, L:/127.0.0.1:50443 - R:localhost/127.0.0.1:53882] for GET '/session/63cc154bcf975f29b84870a0a5ea3faa/element/d73ce1ce-eee3-46e5-a450-3cd65fc1cc73/name'
19:06:05.415 [AsyncHttpClient-1-3] DEBUG org.asynchttpclient.netty.handler.HttpHandler - 

Request DefaultFullHttpRequest(decodeResult: success, version: HTTP/1.1, content: EmptyByteBufBE)
GET /session/63cc154bcf975f29b84870a0a5ea3faa/element/d73ce1ce-eee3-46e5-a450-3cd65fc1cc73/name HTTP/1.1
User-Agent: selenium/4.1.4 (java windows)
Cache-Control: no-cache
Content-Type: application/json; charset=utf-8
host: localhost:53882
accept: */*

Response DefaultHttpResponse(decodeResult: success, version: HTTP/1.1)
HTTP/1.1 200 OK
Content-Type: application/json; charset=utf-8
cache-control: no-cache
content-length: 18

19:06:05.415 [AsyncHttpClient-1-3] DEBUG org.asynchttpclient.netty.channel.ChannelManager - Adding key: http://localhost:53882 for channel [id: 0x99ceb441, L:/127.0.0.1:50443 - R:localhost/127.0.0.1:53882]
19:06:05.417 [Forwarding isElementEnabled on session 63cc154bcf975f29b84870a0a5ea3faa to remote] DEBUG org.asynchttpclient.netty.request.NettyRequestSender - Using pooled Channel '[id: 0x99ceb441, L:/127.0.0.1:50443 - R:localhost/127.0.0.1:53882]' for 'GET' to 'http://localhost:53882/session/63cc154bcf975f29b84870a0a5ea3faa/element/d73ce1ce-eee3-46e5-a450-3cd65fc1cc73/enabled'
19:06:05.417 [Forwarding isElementEnabled on session 63cc154bcf975f29b84870a0a5ea3faa to remote] DEBUG org.asynchttpclient.netty.request.NettyRequestSender - Using open Channel [id: 0x99ceb441, L:/127.0.0.1:50443 - R:localhost/127.0.0.1:53882] for GET '/session/63cc154bcf975f29b84870a0a5ea3faa/element/d73ce1ce-eee3-46e5-a450-3cd65fc1cc73/enabled'
19:06:05.427 [AsyncHttpClient-1-3] DEBUG org.asynchttpclient.netty.handler.HttpHandler - 

Request DefaultFullHttpRequest(decodeResult: success, version: HTTP/1.1, content: EmptyByteBufBE)
GET /session/63cc154bcf975f29b84870a0a5ea3faa/element/d73ce1ce-eee3-46e5-a450-3cd65fc1cc73/enabled HTTP/1.1
User-Agent: selenium/4.1.4 (java windows)
Cache-Control: no-cache
Content-Type: application/json; charset=utf-8
host: localhost:53882
accept: */*

Response DefaultHttpResponse(decodeResult: success, version: HTTP/1.1)
HTTP/1.1 200 OK
Content-Type: application/json; charset=utf-8
cache-control: no-cache
content-length: 14

19:06:05.427 [AsyncHttpClient-1-3] DEBUG org.asynchttpclient.netty.channel.ChannelManager - Adding key: http://localhost:53882 for channel [id: 0x99ceb441, L:/127.0.0.1:50443 - R:localhost/127.0.0.1:53882]
19:06:05.428 [Forwarding isElementEnabled on session 63cc154bcf975f29b84870a0a5ea3faa to remote] DEBUG org.asynchttpclient.netty.request.NettyRequestSender - Using pooled Channel '[id: 0x99ceb441, L:/127.0.0.1:50443 - R:localhost/127.0.0.1:53882]' for 'GET' to 'http://localhost:53882/session/63cc154bcf975f29b84870a0a5ea3faa/element/d73ce1ce-eee3-46e5-a450-3cd65fc1cc73/enabled'
19:06:05.428 [Forwarding isElementEnabled on session 63cc154bcf975f29b84870a0a5ea3faa to remote] DEBUG org.asynchttpclient.netty.request.NettyRequestSender - Using open Channel [id: 0x99ceb441, L:/127.0.0.1:50443 - R:localhost/127.0.0.1:53882] for GET '/session/63cc154bcf975f29b84870a0a5ea3faa/element/d73ce1ce-eee3-46e5-a450-3cd65fc1cc73/enabled'
19:06:05.429 [AsyncHttpClient-1-3] DEBUG org.asynchttpclient.netty.handler.HttpHandler - 

Request DefaultFullHttpRequest(decodeResult: success, version: HTTP/1.1, content: EmptyByteBufBE)
GET /session/63cc154bcf975f29b84870a0a5ea3faa/element/d73ce1ce-eee3-46e5-a450-3cd65fc1cc73/enabled HTTP/1.1
User-Agent: selenium/4.1.4 (java windows)
Cache-Control: no-cache
Content-Type: application/json; charset=utf-8
host: localhost:53882
accept: */*

Response DefaultHttpResponse(decodeResult: success, version: HTTP/1.1)
HTTP/1.1 200 OK
Content-Type: application/json; charset=utf-8
cache-control: no-cache
content-length: 14

19:06:05.429 [AsyncHttpClient-1-3] DEBUG org.asynchttpclient.netty.channel.ChannelManager - Adding key: http://localhost:53882 for channel [id: 0x99ceb441, L:/127.0.0.1:50443 - R:localhost/127.0.0.1:53882]
19:06:05.429 [Forwarding findElement on session 63cc154bcf975f29b84870a0a5ea3faa to remote] DEBUG org.asynchttpclient.netty.request.NettyRequestSender - Using pooled Channel '[id: 0x99ceb441, L:/127.0.0.1:50443 - R:localhost/127.0.0.1:53882]' for 'POST' to 'http://localhost:53882/session/63cc154bcf975f29b84870a0a5ea3faa/element'
19:06:05.429 [Forwarding findElement on session 63cc154bcf975f29b84870a0a5ea3faa to remote] DEBUG org.asynchttpclient.netty.request.NettyRequestSender - Using open Channel [id: 0x99ceb441, L:/127.0.0.1:50443 - R:localhost/127.0.0.1:53882] for POST '/session/63cc154bcf975f29b84870a0a5ea3faa/element'
19:06:05.450 [AsyncHttpClient-1-3] DEBUG org.asynchttpclient.netty.handler.HttpHandler - 

Request DefaultHttpRequest(decodeResult: success, version: HTTP/1.1)
POST /session/63cc154bcf975f29b84870a0a5ea3faa/element HTTP/1.1
User-Agent: selenium/4.1.4 (java windows)
Content-Length: 68
Content-Type: application/json; charset=utf-8
host: localhost:53882
accept: */*

Response DefaultHttpResponse(decodeResult: success, version: HTTP/1.1)
HTTP/1.1 200 OK
Content-Type: application/json; charset=utf-8
cache-control: no-cache
content-length: 88

19:06:05.450 [AsyncHttpClient-1-3] DEBUG org.asynchttpclient.netty.channel.ChannelManager - Adding key: http://localhost:53882 for channel [id: 0x99ceb441, L:/127.0.0.1:50443 - R:localhost/127.0.0.1:53882]
19:06:05.451 [Forwarding clickElement on session 63cc154bcf975f29b84870a0a5ea3faa to remote] DEBUG org.asynchttpclient.netty.request.NettyRequestSender - Using pooled Channel '[id: 0x99ceb441, L:/127.0.0.1:50443 - R:localhost/127.0.0.1:53882]' for 'POST' to 'http://localhost:53882/session/63cc154bcf975f29b84870a0a5ea3faa/element/d73ce1ce-eee3-46e5-a450-3cd65fc1cc73/click'
19:06:05.451 [Forwarding clickElement on session 63cc154bcf975f29b84870a0a5ea3faa to remote] DEBUG org.asynchttpclient.netty.request.NettyRequestSender - Using open Channel [id: 0x99ceb441, L:/127.0.0.1:50443 - R:localhost/127.0.0.1:53882] for POST '/session/63cc154bcf975f29b84870a0a5ea3faa/element/d73ce1ce-eee3-46e5-a450-3cd65fc1cc73/click'
19:06:05.510 [AsyncHttpClient-1-3] DEBUG org.asynchttpclient.netty.handler.HttpHandler - 

Request DefaultHttpRequest(decodeResult: success, version: HTTP/1.1)
POST /session/63cc154bcf975f29b84870a0a5ea3faa/element/d73ce1ce-eee3-46e5-a450-3cd65fc1cc73/click HTTP/1.1
User-Agent: selenium/4.1.4 (java windows)
Content-Length: 50
Content-Type: application/json; charset=utf-8
host: localhost:53882
accept: */*

Response DefaultHttpResponse(decodeResult: success, version: HTTP/1.1)
HTTP/1.1 200 OK
Content-Type: application/json; charset=utf-8
cache-control: no-cache
content-length: 14

19:06:05.511 [AsyncHttpClient-1-3] DEBUG org.asynchttpclient.netty.channel.ChannelManager - Adding key: http://localhost:53882 for channel [id: 0x99ceb441, L:/127.0.0.1:50443 - R:localhost/127.0.0.1:53882]
19:06:05.514 [Forwarding screenshot on session 63cc154bcf975f29b84870a0a5ea3faa to remote] DEBUG org.asynchttpclient.netty.request.NettyRequestSender - Using pooled Channel '[id: 0x99ceb441, L:/127.0.0.1:50443 - R:localhost/127.0.0.1:53882]' for 'GET' to 'http://localhost:53882/session/63cc154bcf975f29b84870a0a5ea3faa/screenshot'
19:06:05.514 [Forwarding screenshot on session 63cc154bcf975f29b84870a0a5ea3faa to remote] DEBUG org.asynchttpclient.netty.request.NettyRequestSender - Using open Channel [id: 0x99ceb441, L:/127.0.0.1:50443 - R:localhost/127.0.0.1:53882] for GET '/session/63cc154bcf975f29b84870a0a5ea3faa/screenshot'
19:06:05.734 [AsyncHttpClient-1-3] DEBUG org.asynchttpclient.netty.handler.HttpHandler - 

Request DefaultFullHttpRequest(decodeResult: success, version: HTTP/1.1, content: EmptyByteBufBE)
GET /session/63cc154bcf975f29b84870a0a5ea3faa/screenshot HTTP/1.1
User-Agent: selenium/4.1.4 (java windows)
Cache-Control: no-cache
Content-Type: application/json; charset=utf-8
host: localhost:53882
accept: */*

Response DefaultHttpResponse(decodeResult: success, version: HTTP/1.1)
HTTP/1.1 200 OK
Content-Type: application/json; charset=utf-8
cache-control: no-cache
content-length: 360900

19:06:05.736 [AsyncHttpClient-1-3] DEBUG org.asynchttpclient.netty.channel.ChannelManager - Adding key: http://localhost:53882 for channel [id: 0x99ceb441, L:/127.0.0.1:50443 - R:localhost/127.0.0.1:53882]
19:06:05.746 [main] DEBUG net.serenitybdd.core.photography.Darkroom - Send negative for processing for target\site\serenity\157f636984420f5548d81f7327dd9c66f4f14ec75c642bd359110dc9b6f30cfd.png
19:06:05.746 [main] DEBUG net.thucydides.core.steps.StepInterceptor - STEP DONE: clickButtonLogin
19:06:05.746 [Darkroom Processing Line] DEBUG net.serenitybdd.core.photography.DarkroomProcessingLine - Processing screenshot image in /var/screenshots/screenshot-384061835855032184
19:06:05.746 [Darkroom Processing Line] DEBUG net.serenitybdd.core.photography.DarkroomProcessingLine - Saving screenshot to target\site\serenity\157f636984420f5548d81f7327dd9c66f4f14ec75c642bd359110dc9b6f30cfd.png
19:06:06.353 [AsyncHttpClient-1-1] DEBUG org.asynchttpclient.netty.channel.DefaultChannelPool - Entry count for : http://localhost:50444 : 1
19:06:06.353 [AsyncHttpClient-1-1] DEBUG org.asynchttpclient.netty.channel.DefaultChannelPool - Entry count for : http://localhost:53882 : 1
  &amp#27;[32mThen &amp#27;[0m&amp#27;[32mI click button login&amp#27;[0m                    &amp#27;[90m# starter.stepdefinitios.LoginSteps.iClickButtonLogin()&amp#27;[0m
19:06:06.768 [Forwarding screenshot on session 63cc154bcf975f29b84870a0a5ea3faa to remote] DEBUG org.asynchttpclient.netty.request.NettyRequestSender - Using pooled Channel '[id: 0x99ceb441, L:/127.0.0.1:50443 - R:localhost/127.0.0.1:53882]' for 'GET' to 'http://localhost:53882/session/63cc154bcf975f29b84870a0a5ea3faa/screenshot'
19:06:06.768 [Forwarding screenshot on session 63cc154bcf975f29b84870a0a5ea3faa to remote] DEBUG org.asynchttpclient.netty.request.NettyRequestSender - Using open Channel [id: 0x99ceb441, L:/127.0.0.1:50443 - R:localhost/127.0.0.1:53882] for GET '/session/63cc154bcf975f29b84870a0a5ea3faa/screenshot'
19:06:07.035 [AsyncHttpClient-1-3] DEBUG org.asynchttpclient.netty.handler.HttpHandler - 

Request DefaultFullHttpRequest(decodeResult: success, version: HTTP/1.1, content: EmptyByteBufBE)
GET /session/63cc154bcf975f29b84870a0a5ea3faa/screenshot HTTP/1.1
User-Agent: selenium/4.1.4 (java windows)
Cache-Control: no-cache
Content-Type: application/json; charset=utf-8
host: localhost:53882
accept: */*

Response DefaultHttpResponse(decodeResult: success, version: HTTP/1.1)
HTTP/1.1 200 OK
Content-Type: application/json; charset=utf-8
cache-control: no-cache
content-length: 313556

19:06:07.040 [AsyncHttpClient-1-3] DEBUG org.asynchttpclient.netty.channel.ChannelManager - Adding key: http://localhost:53882 for channel [id: 0x99ceb441, L:/127.0.0.1:50443 - R:localhost/127.0.0.1:53882]
19:06:07.049 [main] DEBUG net.serenitybdd.core.photography.Darkroom - Send negative for processing for target\site\serenity\f1bb31eae8dedf2844f2e9be1460a8743d85443b6811774f4381b38b057f90d3.png
19:06:07.049 [Darkroom Processing Line] DEBUG net.serenitybdd.core.photography.DarkroomProcessingLine - Processing screenshot image in /var/screenshots/screenshot-17292045959214719810
19:06:07.049 [Darkroom Processing Line] DEBUG net.serenitybdd.core.photography.DarkroomProcessingLine - Saving screenshot to target\site\serenity\f1bb31eae8dedf2844f2e9be1460a8743d85443b6811774f4381b38b057f90d3.png
19:06:07.457 [AsyncHttpClient-1-1] DEBUG org.asynchttpclient.netty.channel.DefaultChannelPool - Entry count for : http://localhost:50444 : 1
19:06:07.457 [AsyncHttpClient-1-1] DEBUG org.asynchttpclient.netty.channel.DefaultChannelPool - Entry count for : http://localhost:53882 : 1
19:06:08.557 [AsyncHttpClient-1-1] DEBUG org.asynchttpclient.netty.channel.DefaultChannelPool - Entry count for : http://localhost:50444 : 1
19:06:08.557 [AsyncHttpClient-1-1] DEBUG org.asynchttpclient.netty.channel.DefaultChannelPool - Entry count for : http://localhost:53882 : 1
19:06:09.663 [AsyncHttpClient-1-1] DEBUG org.asynchttpclient.netty.channel.DefaultChannelPool - Entry count for : http://localhost:50444 : 1
19:06:09.663 [AsyncHttpClient-1-1] DEBUG org.asynchttpclient.netty.channel.DefaultChannelPool - Entry count for : http://localhost:53882 : 1
19:06:10.754 [AsyncHttpClient-1-1] DEBUG org.asynchttpclient.netty.channel.DefaultChannelPool - Entry count for : http://localhost:50444 : 1
19:06:10.755 [AsyncHttpClient-1-1] DEBUG org.asynchttpclient.netty.channel.DefaultChannelPool - Entry count for : http://localhost:53882 : 1
19:06:11.852 [AsyncHttpClient-1-1] DEBUG org.asynchttpclient.netty.channel.DefaultChannelPool - Entry count for : http://localhost:50444 : 1
19:06:11.852 [AsyncHttpClient-1-1] DEBUG org.asynchttpclient.netty.channel.DefaultChannelPool - Entry count for : http://localhost:53882 : 1
19:06:12.062 [Forwarding findElement on session 63cc154bcf975f29b84870a0a5ea3faa to remote] DEBUG org.asynchttpclient.netty.request.NettyRequestSender - Using pooled Channel '[id: 0x99ceb441, L:/127.0.0.1:50443 - R:localhost/127.0.0.1:53882]' for 'POST' to 'http://localhost:53882/session/63cc154bcf975f29b84870a0a5ea3faa/element'
19:06:12.062 [Forwarding findElement on session 63cc154bcf975f29b84870a0a5ea3faa to remote] DEBUG org.asynchttpclient.netty.request.NettyRequestSender - Using open Channel [id: 0x99ceb441, L:/127.0.0.1:50443 - R:localhost/127.0.0.1:53882] for POST '/session/63cc154bcf975f29b84870a0a5ea3faa/element'
19:06:12.098 [AsyncHttpClient-1-3] DEBUG org.asynchttpclient.netty.handler.HttpHandler - 

Request DefaultHttpRequest(decodeResult: success, version: HTTP/1.1)
POST /session/63cc154bcf975f29b84870a0a5ea3faa/element HTTP/1.1
User-Agent: selenium/4.1.4 (java windows)
Content-Length: 68
Content-Type: application/json; charset=utf-8
host: localhost:53882
accept: */*

Response DefaultHttpResponse(decodeResult: success, version: HTTP/1.1)
HTTP/1.1 200 OK
Content-Type: application/json; charset=utf-8
cache-control: no-cache
content-length: 88

19:06:12.098 [AsyncHttpClient-1-3] DEBUG org.asynchttpclient.netty.channel.ChannelManager - Adding key: http://localhost:53882 for channel [id: 0x99ceb441, L:/127.0.0.1:50443 - R:localhost/127.0.0.1:53882]
19:06:12.101 [Forwarding isElementEnabled on session 63cc154bcf975f29b84870a0a5ea3faa to remote] DEBUG org.asynchttpclient.netty.request.NettyRequestSender - Using pooled Channel '[id: 0x99ceb441, L:/127.0.0.1:50443 - R:localhost/127.0.0.1:53882]' for 'GET' to 'http://localhost:53882/session/63cc154bcf975f29b84870a0a5ea3faa/element/b6f27b41-cbbb-4a92-80d2-ab86742f4324/enabled'
19:06:12.101 [Forwarding isElementEnabled on session 63cc154bcf975f29b84870a0a5ea3faa to remote] DEBUG org.asynchttpclient.netty.request.NettyRequestSender - Using open Channel [id: 0x99ceb441, L:/127.0.0.1:50443 - R:localhost/127.0.0.1:53882] for GET '/session/63cc154bcf975f29b84870a0a5ea3faa/element/b6f27b41-cbbb-4a92-80d2-ab86742f4324/enabled'
19:06:12.122 [AsyncHttpClient-1-3] DEBUG org.asynchttpclient.netty.handler.HttpHandler - 

Request DefaultFullHttpRequest(decodeResult: success, version: HTTP/1.1, content: EmptyByteBufBE)
GET /session/63cc154bcf975f29b84870a0a5ea3faa/element/b6f27b41-cbbb-4a92-80d2-ab86742f4324/enabled HTTP/1.1
User-Agent: selenium/4.1.4 (java windows)
Cache-Control: no-cache
Content-Type: application/json; charset=utf-8
host: localhost:53882
accept: */*

Response DefaultHttpResponse(decodeResult: success, version: HTTP/1.1)
HTTP/1.1 200 OK
Content-Type: application/json; charset=utf-8
cache-control: no-cache
content-length: 14

19:06:12.122 [AsyncHttpClient-1-3] DEBUG org.asynchttpclient.netty.channel.ChannelManager - Adding key: http://localhost:53882 for channel [id: 0x99ceb441, L:/127.0.0.1:50443 - R:localhost/127.0.0.1:53882]
19:06:12.648 [Forwarding screenshot on session 63cc154bcf975f29b84870a0a5ea3faa to remote] DEBUG org.asynchttpclient.netty.request.NettyRequestSender - Using pooled Channel '[id: 0x99ceb441, L:/127.0.0.1:50443 - R:localhost/127.0.0.1:53882]' for 'GET' to 'http://localhost:53882/session/63cc154bcf975f29b84870a0a5ea3faa/screenshot'
19:06:12.648 [Forwarding screenshot on session 63cc154bcf975f29b84870a0a5ea3faa to remote] DEBUG org.asynchttpclient.netty.request.NettyRequestSender - Using open Channel [id: 0x99ceb441, L:/127.0.0.1:50443 - R:localhost/127.0.0.1:53882] for GET '/session/63cc154bcf975f29b84870a0a5ea3faa/screenshot'
19:06:12.899 [AsyncHttpClient-1-3] DEBUG org.asynchttpclient.netty.handler.HttpHandler - 

Request DefaultFullHttpRequest(decodeResult: success, version: HTTP/1.1, content: EmptyByteBufBE)
GET /session/63cc154bcf975f29b84870a0a5ea3faa/screenshot HTTP/1.1
User-Agent: selenium/4.1.4 (java windows)
Cache-Control: no-cache
Content-Type: application/json; charset=utf-8
host: localhost:53882
accept: */*

Response DefaultHttpResponse(decodeResult: success, version: HTTP/1.1)
HTTP/1.1 200 OK
Content-Type: application/json; charset=utf-8
cache-control: no-cache
content-length: 302228

19:06:12.899 [AsyncHttpClient-1-3] DEBUG org.asynchttpclient.netty.channel.ChannelManager - Adding key: http://localhost:53882 for channel [id: 0x99ceb441, L:/127.0.0.1:50443 - R:localhost/127.0.0.1:53882]
19:06:12.914 [main] DEBUG net.serenitybdd.core.photography.Darkroom - Send negative for processing for target\site\serenity\dcdb318af427baf4b5cc726c84ab447dba15a19273584a2ab7473a3e576100a2.png
19:06:12.914 [main] DEBUG net.thucydides.core.steps.StepInterceptor - STARTING STEP: LoginSteps.loginValidationInvalid - clickButtonErrorOK
19:06:12.914 [Darkroom Processing Line] DEBUG net.serenitybdd.core.photography.DarkroomProcessingLine - Processing screenshot image in /var/screenshots/screenshot-11665244825701688618
19:06:12.914 [Darkroom Processing Line] DEBUG net.serenitybdd.core.photography.DarkroomProcessingLine - Saving screenshot to target\site\serenity\dcdb318af427baf4b5cc726c84ab447dba15a19273584a2ab7473a3e576100a2.png
19:06:12.919 [Forwarding findElement on session 63cc154bcf975f29b84870a0a5ea3faa to remote] DEBUG org.asynchttpclient.netty.request.NettyRequestSender - Using pooled Channel '[id: 0x99ceb441, L:/127.0.0.1:50443 - R:localhost/127.0.0.1:53882]' for 'POST' to 'http://localhost:53882/session/63cc154bcf975f29b84870a0a5ea3faa/element'
19:06:12.919 [Forwarding findElement on session 63cc154bcf975f29b84870a0a5ea3faa to remote] DEBUG org.asynchttpclient.netty.request.NettyRequestSender - Using open Channel [id: 0x99ceb441, L:/127.0.0.1:50443 - R:localhost/127.0.0.1:53882] for POST '/session/63cc154bcf975f29b84870a0a5ea3faa/element'
19:06:12.928 [AsyncHttpClient-1-3] DEBUG org.asynchttpclient.netty.handler.HttpHandler - 

Request DefaultHttpRequest(decodeResult: success, version: HTTP/1.1)
POST /session/63cc154bcf975f29b84870a0a5ea3faa/element HTTP/1.1
User-Agent: selenium/4.1.4 (java windows)
Content-Length: 88
Content-Type: application/json; charset=utf-8
host: localhost:53882
accept: */*

Response DefaultHttpResponse(decodeResult: success, version: HTTP/1.1)
HTTP/1.1 200 OK
Content-Type: application/json; charset=utf-8
cache-control: no-cache
content-length: 88

19:06:12.928 [AsyncHttpClient-1-3] DEBUG org.asynchttpclient.netty.channel.ChannelManager - Adding key: http://localhost:53882 for channel [id: 0x99ceb441, L:/127.0.0.1:50443 - R:localhost/127.0.0.1:53882]
19:06:12.928 [Forwarding getElementTagName on session 63cc154bcf975f29b84870a0a5ea3faa to remote] DEBUG org.asynchttpclient.netty.request.NettyRequestSender - Using pooled Channel '[id: 0x99ceb441, L:/127.0.0.1:50443 - R:localhost/127.0.0.1:53882]' for 'GET' to 'http://localhost:53882/session/63cc154bcf975f29b84870a0a5ea3faa/element/a216a904-289a-4e40-9991-c6ee844e4573/name'
19:06:12.928 [Forwarding getElementTagName on session 63cc154bcf975f29b84870a0a5ea3faa to remote] DEBUG org.asynchttpclient.netty.request.NettyRequestSender - Using open Channel [id: 0x99ceb441, L:/127.0.0.1:50443 - R:localhost/127.0.0.1:53882] for GET '/session/63cc154bcf975f29b84870a0a5ea3faa/element/a216a904-289a-4e40-9991-c6ee844e4573/name'
19:06:12.934 [AsyncHttpClient-1-3] DEBUG org.asynchttpclient.netty.handler.HttpHandler - 

Request DefaultFullHttpRequest(decodeResult: success, version: HTTP/1.1, content: EmptyByteBufBE)
GET /session/63cc154bcf975f29b84870a0a5ea3faa/element/a216a904-289a-4e40-9991-c6ee844e4573/name HTTP/1.1
User-Agent: selenium/4.1.4 (java windows)
Cache-Control: no-cache
Content-Type: application/json; charset=utf-8
host: localhost:53882
accept: */*

Response DefaultHttpResponse(decodeResult: success, version: HTTP/1.1)
HTTP/1.1 200 OK
Content-Type: application/json; charset=utf-8
cache-control: no-cache
content-length: 18

19:06:12.934 [AsyncHttpClient-1-3] DEBUG org.asynchttpclient.netty.channel.ChannelManager - Adding key: http://localhost:53882 for channel [id: 0x99ceb441, L:/127.0.0.1:50443 - R:localhost/127.0.0.1:53882]
19:06:12.935 [Forwarding getElementTagName on session 63cc154bcf975f29b84870a0a5ea3faa to remote] DEBUG org.asynchttpclient.netty.request.NettyRequestSender - Using pooled Channel '[id: 0x99ceb441, L:/127.0.0.1:50443 - R:localhost/127.0.0.1:53882]' for 'GET' to 'http://localhost:53882/session/63cc154bcf975f29b84870a0a5ea3faa/element/a216a904-289a-4e40-9991-c6ee844e4573/name'
19:06:12.935 [Forwarding getElementTagName on session 63cc154bcf975f29b84870a0a5ea3faa to remote] DEBUG org.asynchttpclient.netty.request.NettyRequestSender - Using open Channel [id: 0x99ceb441, L:/127.0.0.1:50443 - R:localhost/127.0.0.1:53882] for GET '/session/63cc154bcf975f29b84870a0a5ea3faa/element/a216a904-289a-4e40-9991-c6ee844e4573/name'
19:06:12.937 [AsyncHttpClient-1-3] DEBUG org.asynchttpclient.netty.handler.HttpHandler - 

Request DefaultFullHttpRequest(decodeResult: success, version: HTTP/1.1, content: EmptyByteBufBE)
GET /session/63cc154bcf975f29b84870a0a5ea3faa/element/a216a904-289a-4e40-9991-c6ee844e4573/name HTTP/1.1
User-Agent: selenium/4.1.4 (java windows)
Cache-Control: no-cache
Content-Type: application/json; charset=utf-8
host: localhost:53882
accept: */*

Response DefaultHttpResponse(decodeResult: success, version: HTTP/1.1)
HTTP/1.1 200 OK
Content-Type: application/json; charset=utf-8
cache-control: no-cache
content-length: 18

19:06:12.938 [AsyncHttpClient-1-3] DEBUG org.asynchttpclient.netty.channel.ChannelManager - Adding key: http://localhost:53882 for channel [id: 0x99ceb441, L:/127.0.0.1:50443 - R:localhost/127.0.0.1:53882]
19:06:12.940 [Forwarding isElementEnabled on session 63cc154bcf975f29b84870a0a5ea3faa to remote] DEBUG org.asynchttpclient.netty.request.NettyRequestSender - Using pooled Channel '[id: 0x99ceb441, L:/127.0.0.1:50443 - R:localhost/127.0.0.1:53882]' for 'GET' to 'http://localhost:53882/session/63cc154bcf975f29b84870a0a5ea3faa/element/a216a904-289a-4e40-9991-c6ee844e4573/enabled'
19:06:12.940 [Forwarding isElementEnabled on session 63cc154bcf975f29b84870a0a5ea3faa to remote] DEBUG org.asynchttpclient.netty.request.NettyRequestSender - Using open Channel [id: 0x99ceb441, L:/127.0.0.1:50443 - R:localhost/127.0.0.1:53882] for GET '/session/63cc154bcf975f29b84870a0a5ea3faa/element/a216a904-289a-4e40-9991-c6ee844e4573/enabled'
19:06:12.948 [AsyncHttpClient-1-3] DEBUG org.asynchttpclient.netty.handler.HttpHandler - 

Request DefaultFullHttpRequest(decodeResult: success, version: HTTP/1.1, content: EmptyByteBufBE)
GET /session/63cc154bcf975f29b84870a0a5ea3faa/element/a216a904-289a-4e40-9991-c6ee844e4573/enabled HTTP/1.1
User-Agent: selenium/4.1.4 (java windows)
Cache-Control: no-cache
Content-Type: application/json; charset=utf-8
host: localhost:53882
accept: */*

Response DefaultHttpResponse(decodeResult: success, version: HTTP/1.1)
HTTP/1.1 200 OK
Content-Type: application/json; charset=utf-8
cache-control: no-cache
content-length: 14

19:06:12.948 [AsyncHttpClient-1-3] DEBUG org.asynchttpclient.netty.channel.ChannelManager - Adding key: http://localhost:53882 for channel [id: 0x99ceb441, L:/127.0.0.1:50443 - R:localhost/127.0.0.1:53882]
19:06:12.949 [Forwarding isElementEnabled on session 63cc154bcf975f29b84870a0a5ea3faa to remote] DEBUG org.asynchttpclient.netty.request.NettyRequestSender - Using pooled Channel '[id: 0x99ceb441, L:/127.0.0.1:50443 - R:localhost/127.0.0.1:53882]' for 'GET' to 'http://localhost:53882/session/63cc154bcf975f29b84870a0a5ea3faa/element/a216a904-289a-4e40-9991-c6ee844e4573/enabled'
19:06:12.949 [Forwarding isElementEnabled on session 63cc154bcf975f29b84870a0a5ea3faa to remote] DEBUG org.asynchttpclient.netty.request.NettyRequestSender - Using open Channel [id: 0x99ceb441, L:/127.0.0.1:50443 - R:localhost/127.0.0.1:53882] for GET '/session/63cc154bcf975f29b84870a0a5ea3faa/element/a216a904-289a-4e40-9991-c6ee844e4573/enabled'
19:06:12.954 [AsyncHttpClient-1-3] DEBUG org.asynchttpclient.netty.handler.HttpHandler - 

Request DefaultFullHttpRequest(decodeResult: success, version: HTTP/1.1, content: EmptyByteBufBE)
GET /session/63cc154bcf975f29b84870a0a5ea3faa/element/a216a904-289a-4e40-9991-c6ee844e4573/enabled HTTP/1.1
User-Agent: selenium/4.1.4 (java windows)
Cache-Control: no-cache
Content-Type: application/json; charset=utf-8
host: localhost:53882
accept: */*

Response DefaultHttpResponse(decodeResult: success, version: HTTP/1.1)
HTTP/1.1 200 OK
Content-Type: application/json; charset=utf-8
cache-control: no-cache
content-length: 14

19:06:12.954 [AsyncHttpClient-1-3] DEBUG org.asynchttpclient.netty.channel.ChannelManager - Adding key: http://localhost:53882 for channel [id: 0x99ceb441, L:/127.0.0.1:50443 - R:localhost/127.0.0.1:53882]
19:06:12.955 [Forwarding findElement on session 63cc154bcf975f29b84870a0a5ea3faa to remote] DEBUG org.asynchttpclient.netty.request.NettyRequestSender - Using pooled Channel '[id: 0x99ceb441, L:/127.0.0.1:50443 - R:localhost/127.0.0.1:53882]' for 'POST' to 'http://localhost:53882/session/63cc154bcf975f29b84870a0a5ea3faa/element'
19:06:12.955 [Forwarding findElement on session 63cc154bcf975f29b84870a0a5ea3faa to remote] DEBUG org.asynchttpclient.netty.request.NettyRequestSender - Using open Channel [id: 0x99ceb441, L:/127.0.0.1:50443 - R:localhost/127.0.0.1:53882] for POST '/session/63cc154bcf975f29b84870a0a5ea3faa/element'
19:06:12.961 [AsyncHttpClient-1-1] DEBUG org.asynchttpclient.netty.channel.DefaultChannelPool - Entry count for : http://localhost:50444 : 1
19:06:12.961 [AsyncHttpClient-1-3] DEBUG org.asynchttpclient.netty.handler.HttpHandler - 

Request DefaultHttpRequest(decodeResult: success, version: HTTP/1.1)
POST /session/63cc154bcf975f29b84870a0a5ea3faa/element HTTP/1.1
User-Agent: selenium/4.1.4 (java windows)
Content-Length: 88
Content-Type: application/json; charset=utf-8
host: localhost:53882
accept: */*

Response DefaultHttpResponse(decodeResult: success, version: HTTP/1.1)
HTTP/1.1 200 OK
Content-Type: application/json; charset=utf-8
cache-control: no-cache
content-length: 88

19:06:12.961 [AsyncHttpClient-1-3] DEBUG org.asynchttpclient.netty.channel.ChannelManager - Adding key: http://localhost:53882 for channel [id: 0x99ceb441, L:/127.0.0.1:50443 - R:localhost/127.0.0.1:53882]
19:06:12.962 [Forwarding clickElement on session 63cc154bcf975f29b84870a0a5ea3faa to remote] DEBUG org.asynchttpclient.netty.request.NettyRequestSender - Using pooled Channel '[id: 0x99ceb441, L:/127.0.0.1:50443 - R:localhost/127.0.0.1:53882]' for 'POST' to 'http://localhost:53882/session/63cc154bcf975f29b84870a0a5ea3faa/element/a216a904-289a-4e40-9991-c6ee844e4573/click'
19:06:12.962 [Forwarding clickElement on session 63cc154bcf975f29b84870a0a5ea3faa to remote] DEBUG org.asynchttpclient.netty.request.NettyRequestSender - Using open Channel [id: 0x99ceb441, L:/127.0.0.1:50443 - R:localhost/127.0.0.1:53882] for POST '/session/63cc154bcf975f29b84870a0a5ea3faa/element/a216a904-289a-4e40-9991-c6ee844e4573/click'
19:06:12.992 [AsyncHttpClient-1-3] DEBUG org.asynchttpclient.netty.handler.HttpHandler - 

Request DefaultHttpRequest(decodeResult: success, version: HTTP/1.1)
POST /session/63cc154bcf975f29b84870a0a5ea3faa/element/a216a904-289a-4e40-9991-c6ee844e4573/click HTTP/1.1
User-Agent: selenium/4.1.4 (java windows)
Content-Length: 50
Content-Type: application/json; charset=utf-8
host: localhost:53882
accept: */*

Response DefaultHttpResponse(decodeResult: success, version: HTTP/1.1)
HTTP/1.1 200 OK
Content-Type: application/json; charset=utf-8
cache-control: no-cache
content-length: 14

19:06:12.992 [AsyncHttpClient-1-3] DEBUG org.asynchttpclient.netty.channel.ChannelManager - Adding key: http://localhost:53882 for channel [id: 0x99ceb441, L:/127.0.0.1:50443 - R:localhost/127.0.0.1:53882]
19:06:12.997 [Forwarding screenshot on session 63cc154bcf975f29b84870a0a5ea3faa to remote] DEBUG org.asynchttpclient.netty.request.NettyRequestSender - Using pooled Channel '[id: 0x99ceb441, L:/127.0.0.1:50443 - R:localhost/127.0.0.1:53882]' for 'GET' to 'http://localhost:53882/session/63cc154bcf975f29b84870a0a5ea3faa/screenshot'
19:06:12.997 [Forwarding screenshot on session 63cc154bcf975f29b84870a0a5ea3faa to remote] DEBUG org.asynchttpclient.netty.request.NettyRequestSender - Using open Channel [id: 0x99ceb441, L:/127.0.0.1:50443 - R:localhost/127.0.0.1:53882] for GET '/session/63cc154bcf975f29b84870a0a5ea3faa/screenshot'
19:06:13.361 [AsyncHttpClient-1-3] DEBUG org.asynchttpclient.netty.handler.HttpHandler - 

Request DefaultFullHttpRequest(decodeResult: success, version: HTTP/1.1, content: EmptyByteBufBE)
GET /session/63cc154bcf975f29b84870a0a5ea3faa/screenshot HTTP/1.1
User-Agent: selenium/4.1.4 (java windows)
Cache-Control: no-cache
Content-Type: application/json; charset=utf-8
host: localhost:53882
accept: */*

Response DefaultHttpResponse(decodeResult: success, version: HTTP/1.1)
HTTP/1.1 200 OK
Content-Type: application/json; charset=utf-8
cache-control: no-cache
content-length: 385768

19:06:13.363 [AsyncHttpClient-1-3] DEBUG org.asynchttpclient.netty.channel.ChannelManager - Adding key: http://localhost:53882 for channel [id: 0x99ceb441, L:/127.0.0.1:50443 - R:localhost/127.0.0.1:53882]
19:06:13.364 [main] DEBUG net.serenitybdd.core.photography.Darkroom - Send negative for processing for target\site\serenity\23977a091b619fa380fb8c81399a956f63975efbd7a984cf2175448b29f64b21.png
19:06:13.364 [main] DEBUG net.thucydides.core.steps.StepInterceptor - STEP DONE: clickButtonErrorOK
  &amp#27;[32mAnd &amp#27;[0m&amp#27;[32mLogin validation invalid&amp#27;[0m                 &amp#27;[90m# starter.stepdefinitios.LoginSteps.loginValidationInvalid()&amp#27;[0m
19:06:13.364 [Darkroom Processing Line] DEBUG net.serenitybdd.core.photography.DarkroomProcessingLine - Processing screenshot image in /var/screenshots/screenshot-14756568154934279740
19:06:13.364 [Darkroom Processing Line] DEBUG net.serenitybdd.core.photography.DarkroomProcessingLine - Saving screenshot to target\site\serenity\23977a091b619fa380fb8c81399a956f63975efbd7a984cf2175448b29f64b21.png
19:06:13.392 [AsyncHttpClient-1-5] DEBUG org.asynchttpclient.netty.handler.WebSocketHandler - Channel Closed: [id: 0x0642ebe0, L:/127.0.0.1:50451 ! R:localhost/127.0.0.1:50444] with attribute NettyResponseFuture{currentRetry=5,
	isDone=1,
	isCancelled=0,
	asyncHandler=org.asynchttpclient.ws.WebSocketUpgradeHandler@667e95b9,
	nettyRequest=org.asynchttpclient.netty.request.NettyRequest@1d993e82,
	future=java.util.concurrent.CompletableFuture@7c14668b[Completed normally],
	uri=ws://localhost:50444/devtools/browser/ea83ecc5-3e70-4f04-a295-6f3dbc048aa3,
	keepAlive=true,
	redirectCount=0,
	timeoutsHolder=null,
	inAuth=0,
	touch=1658059561376}
19:06:13.392 [AsyncHttpClient-1-5] DEBUG org.asynchttpclient.netty.channel.ChannelManager - Closing Channel [id: 0x0642ebe0, L:/127.0.0.1:50451 ! R:localhost/127.0.0.1:50444] 
19:06:13.393 [Driver Command Executor] DEBUG org.asynchttpclient.netty.request.NettyRequestSender - Using pooled Channel '[id: 0x99ceb441, L:/127.0.0.1:50443 - R:localhost/127.0.0.1:53882]' for 'DELETE' to 'http://localhost:53882/session/63cc154bcf975f29b84870a0a5ea3faa'
19:06:13.393 [Driver Command Executor] DEBUG org.asynchttpclient.netty.request.NettyRequestSender - Using open Channel [id: 0x99ceb441, L:/127.0.0.1:50443 - R:localhost/127.0.0.1:53882] for DELETE '/session/63cc154bcf975f29b84870a0a5ea3faa'
19:06:13.458 [AsyncHttpClient-1-4] DEBUG org.asynchttpclient.netty.handler.HttpHandler - Unexpected I/O exception on channel [id: 0x0033faba, L:/127.0.0.1:50450 - R:localhost/127.0.0.1:50444]
java.io.IOException: An existing connection was forcibly closed by the remote host
	at java.base/sun.nio.ch.SocketDispatcher.read0(Native Method)
	at java.base/sun.nio.ch.SocketDispatcher.read(SocketDispatcher.java:43)
	at java.base/sun.nio.ch.IOUtil.readIntoNativeBuffer(IOUtil.java:276)
	at java.base/sun.nio.ch.IOUtil.read(IOUtil.java:233)
	at java.base/sun.nio.ch.IOUtil.read(IOUtil.java:223)
	at java.base/sun.nio.ch.SocketChannelImpl.read(SocketChannelImpl.java:356)
	at io.netty.buffer.PooledByteBuf.setBytes(PooledByteBuf.java:258)
	at io.netty.buffer.AbstractByteBuf.writeBytes(AbstractByteBuf.java:1132)
	at io.netty.channel.socket.nio.NioSocketChannel.doReadBytes(NioSocketChannel.java:357)
	at io.netty.channel.nio.AbstractNioByteChannel$NioByteUnsafe.read(AbstractNioByteChannel.java:151)
	at io.netty.channel.nio.NioEventLoop.processSelectedKey(NioEventLoop.java:722)
	at io.netty.channel.nio.NioEventLoop.processSelectedKeysOptimized(NioEventLoop.java:658)
	at io.netty.channel.nio.NioEventLoop.processSelectedKeys(NioEventLoop.java:584)
	at io.netty.channel.nio.NioEventLoop.run(NioEventLoop.java:496)
	at io.netty.util.concurrent.SingleThreadEventExecutor$4.run(SingleThreadEventExecutor.java:986)
	at io.netty.util.internal.ThreadExecutorMap$2.run(ThreadExecutorMap.java:74)
	at io.netty.util.concurrent.FastThreadLocalRunnable.run(FastThreadLocalRunnable.java:30)
	at java.base/java.lang.Thread.run(Thread.java:829)
19:06:13.458 [AsyncHttpClient-1-4] DEBUG org.asynchttpclient.netty.channel.ChannelManager - Closing Channel [id: 0x0033faba, L:/127.0.0.1:50450 - R:localhost/127.0.0.1:50444] 
19:06:13.459 [AsyncHttpClient-1-4] DEBUG org.asynchttpclient.netty.handler.HttpHandler - Channel Closed: [id: 0x0033faba, L:/127.0.0.1:50450 ! R:localhost/127.0.0.1:50444] with attribute DISCARD
19:06:13.510 [AsyncHttpClient-1-3] DEBUG org.asynchttpclient.netty.handler.HttpHandler - 

Request DefaultFullHttpRequest(decodeResult: success, version: HTTP/1.1, content: EmptyByteBufBE)
DELETE /session/63cc154bcf975f29b84870a0a5ea3faa HTTP/1.1
User-Agent: selenium/4.1.4 (java windows)
Content-Type: application/json; charset=utf-8
host: localhost:53882
accept: */*

Response DefaultHttpResponse(decodeResult: success, version: HTTP/1.1)
HTTP/1.1 200 OK
Content-Type: application/json; charset=utf-8
cache-control: no-cache
content-length: 14

19:06:13.512 [AsyncHttpClient-1-3] DEBUG org.asynchttpclient.netty.channel.ChannelManager - Adding key: http://localhost:53882 for channel [id: 0x99ceb441, L:/127.0.0.1:50443 - R:localhost/127.0.0.1:53882]
19:06:13.567 [AsyncHttpClient-1-3] DEBUG org.asynchttpclient.netty.handler.HttpHandler - Channel Closed: [id: 0x99ceb441, L:/127.0.0.1:50443 ! R:localhost/127.0.0.1:53882] with attribute DISCARD
19:06:13.626 [main] INFO  - 
  _____   ___   ___   _____     ___     _     ___   ___   ___   ___  
 |_   _| | __| / __| |_   _|   | _ \   /_\   / __| / __| | __| |   \ 
   | |   | _|  \__ \   | |     |  _/  / _ \  \__ \ \__ \ | _|  | |) |
   |_|   |___| |___/   |_|     |_|   /_/ \_\ |___/ |___/ |___| |___/ 

As a admin I login - invalid
----------------------------------------------------------------------
]]></system-out>
    <system-err><![CDATA[Starting ChromeDriver 103.0.5060.53 (a1711811edd74ff1cf2150f36ffa3b0dae40b17f-refs/branch-heads/5060@{#853}) on port 53882
Only local connections are allowed.
Please see https://chromedriver.chromium.org/security-considerations for suggestions on keeping ChromeDriver safe.
ChromeDriver was started successfully.
Jul 17, 2022 7:06:01 PM org.openqa.selenium.remote.ProtocolHandshake createSession
INFO: Detected dialect: W3C
Jul 17, 2022 7:06:01 PM org.openqa.selenium.devtools.CdpVersionFinder findNearestMatch
WARNING: Unable to find an exact match for CDP version 103, so returning the closest version found: 101
Jul 17, 2022 7:06:01 PM org.openqa.selenium.devtools.CdpVersionFinder findNearestMatch
INFO: Found CDP implementation for version 103 of 101
]]></system-err>
  </testcase>
  <testcase name="As a admin I login - invalid #2" classname="Login - Admin" time="13.982">
    <system-out><![CDATA[
@Login111 @LoginAdminInvalid
Scenario Outline: As a admin I login - invalid &amp#27;[90m# src/test/resources/features/1Login.feature:27&amp#27;[0m
19:06:13.748 [main] INFO io.cucumber.core.plugin.SerenityReporter - Running feature from file:///C:/Alterra/CapstoneBaru/QE/TestingWebUpdate/src/test/resources/features/1Login.feature
19:06:13.915 [main] DEBUG net.thucydides.core.steps.StepInterceptor - STARTING STEP: LoginSteps.openLoginPage - openLogin
19:06:13.917 [main] INFO net.serenitybdd.core.webdriver.driverproviders.ChromeDriverProvider - Using automatically driver download
19:06:14.031 [main] DEBUG io.github.bonigarcia.wdm.cache.ResolutionCache - Resolution chrome=103 in cache (valid until 20:05:23 17/07/2022 ICT)
19:06:14.038 [main] DEBUG io.github.bonigarcia.wdm.cache.ResolutionCache - Resolution chrome103=103.0.5060.53 in cache (valid until 17:54:33 18/07/2022 ICT)
19:06:14.040 [main] INFO io.github.bonigarcia.wdm.WebDriverManager - Using chromedriver 103.0.5060.53 (resolved driver for Chrome 103)
19:06:14.049 [main] DEBUG io.github.bonigarcia.wdm.WebDriverManager - Driver chromedriver 103.0.5060.53 found in cache
19:06:14.050 [main] INFO io.github.bonigarcia.wdm.WebDriverManager - Exporting webdriver.chrome.driver as C:\Users\Bagas Dwi Saputra\.cache\selenium\chromedriver\win32\103.0.5060.53\chromedriver.exe
19:06:14.055 [AsyncHttpClient-1-1] DEBUG org.asynchttpclient.netty.channel.DefaultChannelPool - Entry count for : http://localhost:50444 : 1
19:06:14.055 [AsyncHttpClient-1-1] DEBUG org.asynchttpclient.netty.channel.DefaultChannelPool - Entry count for : http://localhost:53882 : 1
19:06:14.055 [AsyncHttpClient-1-1] DEBUG org.asynchttpclient.netty.channel.DefaultChannelPool - Adding Candidate expired Channel [id: 0x0033faba, L:/127.0.0.1:50450 ! R:localhost/127.0.0.1:50444] isIdleTimeoutExpired=false isRemotelyClosed=true isTtlExpired=false
19:06:14.055 [AsyncHttpClient-1-1] DEBUG org.asynchttpclient.netty.channel.DefaultChannelPool - Closing Idle Channel [id: 0x0033faba, L:/127.0.0.1:50450 ! R:localhost/127.0.0.1:50444]
19:06:14.055 [AsyncHttpClient-1-1] DEBUG org.asynchttpclient.netty.channel.DefaultChannelPool - Adding Candidate expired Channel [id: 0x99ceb441, L:/127.0.0.1:50443 ! R:localhost/127.0.0.1:53882] isIdleTimeoutExpired=false isRemotelyClosed=true isTtlExpired=false
19:06:14.055 [AsyncHttpClient-1-1] DEBUG org.asynchttpclient.netty.channel.DefaultChannelPool - Closing Idle Channel [id: 0x99ceb441, L:/127.0.0.1:50443 ! R:localhost/127.0.0.1:53882]
19:06:14.055 [AsyncHttpClient-1-1] DEBUG org.asynchttpclient.netty.channel.DefaultChannelPool - Closed 2 connections out of 2 in 0 ms
19:06:14.535 [main] DEBUG net.serenitybdd.core.webdriver.driverproviders.ProvideNewDriver - Instantiating driver
19:06:14.535 [main] DEBUG net.serenitybdd.core.webdriver.driverproviders.ProvideNewDriver - Driver capabilities: Capabilities {acceptInsecureCerts: false, base.url: https://fanciful-trifle-360..., browserName: chrome, chorme.driver: src/test/resources/webdrive..., driver: chrome, goog:chromeOptions: {args: [], extensions: []}}
19:06:14.835 [AsyncHttpClient-1-6] DEBUG org.asynchttpclient.netty.channel.NettyConnectListener - Using new Channel '[id: 0x8950e768, L:/127.0.0.1:50469 - R:localhost/127.0.0.1:56104]' for 'POST' to '/session'
19:06:15.637 [AsyncHttpClient-1-6] DEBUG org.asynchttpclient.netty.handler.HttpHandler - 

Request DefaultHttpRequest(decodeResult: success, version: HTTP/1.1)
POST /session HTTP/1.1
User-Agent: selenium/4.1.4 (java windows)
Content-Length: 629
Content-Type: application/json; charset=utf-8
host: localhost:56104
accept: */*

Response DefaultHttpResponse(decodeResult: success, version: HTTP/1.1)
HTTP/1.1 200 OK
Content-Type: application/json; charset=utf-8
cache-control: no-cache
content-length: 793

19:06:15.637 [AsyncHttpClient-1-6] DEBUG org.asynchttpclient.netty.channel.ChannelManager - Adding key: http://localhost:56104 for channel [id: 0x8950e768, L:/127.0.0.1:50469 - R:localhost/127.0.0.1:56104]
19:06:15.645 [AsyncHttpClient-1-7] DEBUG org.asynchttpclient.netty.channel.NettyConnectListener - Using new Channel '[id: 0x6731ae93, L:/127.0.0.1:50475 - R:localhost/127.0.0.1:50470]' for 'GET' to '/json/version'
19:06:15.646 [AsyncHttpClient-1-7] DEBUG org.asynchttpclient.netty.handler.HttpHandler - 

Request DefaultFullHttpRequest(decodeResult: success, version: HTTP/1.1, content: EmptyByteBufBE)
GET /json/version HTTP/1.1
User-Agent: selenium/4.1.4 (java windows)
host: localhost:50470
accept: */*

Response DefaultHttpResponse(decodeResult: success, version: HTTP/1.1)
HTTP/1.1 200 OK
Content-Type: application/json; charset=UTF-8
content-length: 429

19:06:15.646 [AsyncHttpClient-1-7] DEBUG org.asynchttpclient.netty.channel.ChannelManager - Adding key: http://localhost:50470 for channel [id: 0x6731ae93, L:/127.0.0.1:50475 - R:localhost/127.0.0.1:50470]
19:06:15.653 [AsyncHttpClient-1-8] DEBUG org.asynchttpclient.netty.channel.NettyConnectListener - Using new Channel '[id: 0x94e59403, L:/127.0.0.1:50476 - R:localhost/127.0.0.1:50470]' for 'GET' to '/devtools/browser/51d0fc6f-3fc3-4ab6-afd4-2d422a7b5860'
19:06:15.654 [AsyncHttpClient-1-8] DEBUG org.asynchttpclient.netty.handler.WebSocketHandler - 

Request DefaultFullHttpRequest(decodeResult: success, version: HTTP/1.1, content: EmptyByteBufBE)
GET /devtools/browser/51d0fc6f-3fc3-4ab6-afd4-2d422a7b5860 HTTP/1.1
upgrade: websocket
connection: upgrade
sec-websocket-key: al+izcpgQFio7amE0n9eHw==
sec-websocket-version: 13
origin: http://localhost:50470
host: localhost:50470
accept: */*
user-agent: AHC/2.1

Response DefaultHttpResponse(decodeResult: success, version: HTTP/1.1)
HTTP/1.1 101 WebSocket Protocol Handshake
Upgrade: WebSocket
Connection: Upgrade
Sec-WebSocket-Accept: IzJW7N0VC2DPHzVvMK+cJfXCzUg=

19:06:15.658 [Forwarding get on session 8bd40ca729f66cfca78d7926ab63b0af to remote] DEBUG org.asynchttpclient.netty.request.NettyRequestSender - Using pooled Channel '[id: 0x8950e768, L:/127.0.0.1:50469 - R:localhost/127.0.0.1:56104]' for 'POST' to 'http://localhost:56104/session/8bd40ca729f66cfca78d7926ab63b0af/url'
19:06:15.658 [Forwarding get on session 8bd40ca729f66cfca78d7926ab63b0af to remote] DEBUG org.asynchttpclient.netty.request.NettyRequestSender - Using open Channel [id: 0x8950e768, L:/127.0.0.1:50469 - R:localhost/127.0.0.1:56104] for POST '/session/8bd40ca729f66cfca78d7926ab63b0af/url'
19:06:16.254 [AsyncHttpClient-1-1] DEBUG org.asynchttpclient.netty.channel.DefaultChannelPool - Entry count for : http://localhost:50470 : 1
19:06:16.257 [AsyncHttpClient-1-6] DEBUG org.asynchttpclient.netty.handler.HttpHandler - 

Request DefaultHttpRequest(decodeResult: success, version: HTTP/1.1)
POST /session/8bd40ca729f66cfca78d7926ab63b0af/url HTTP/1.1
User-Agent: selenium/4.1.4 (java windows)
Content-Length: 78
Content-Type: application/json; charset=utf-8
host: localhost:56104
accept: */*

Response DefaultHttpResponse(decodeResult: success, version: HTTP/1.1)
HTTP/1.1 200 OK
Content-Type: application/json; charset=utf-8
cache-control: no-cache
content-length: 14

19:06:16.258 [AsyncHttpClient-1-6] DEBUG org.asynchttpclient.netty.channel.ChannelManager - Adding key: http://localhost:56104 for channel [id: 0x8950e768, L:/127.0.0.1:50469 - R:localhost/127.0.0.1:56104]
19:06:16.259 [Forwarding setTimeout on session 8bd40ca729f66cfca78d7926ab63b0af to remote] DEBUG org.asynchttpclient.netty.request.NettyRequestSender - Using pooled Channel '[id: 0x8950e768, L:/127.0.0.1:50469 - R:localhost/127.0.0.1:56104]' for 'POST' to 'http://localhost:56104/session/8bd40ca729f66cfca78d7926ab63b0af/timeouts'
19:06:16.259 [Forwarding setTimeout on session 8bd40ca729f66cfca78d7926ab63b0af to remote] DEBUG org.asynchttpclient.netty.request.NettyRequestSender - Using open Channel [id: 0x8950e768, L:/127.0.0.1:50469 - R:localhost/127.0.0.1:56104] for POST '/session/8bd40ca729f66cfca78d7926ab63b0af/timeouts'
19:06:16.266 [AsyncHttpClient-1-6] DEBUG org.asynchttpclient.netty.handler.HttpHandler - 

Request DefaultHttpRequest(decodeResult: success, version: HTTP/1.1)
POST /session/8bd40ca729f66cfca78d7926ab63b0af/timeouts HTTP/1.1
User-Agent: selenium/4.1.4 (java windows)
Content-Length: 22
Content-Type: application/json; charset=utf-8
host: localhost:56104
accept: */*

Response DefaultHttpResponse(decodeResult: success, version: HTTP/1.1)
HTTP/1.1 200 OK
Content-Type: application/json; charset=utf-8
cache-control: no-cache
content-length: 14

19:06:16.266 [AsyncHttpClient-1-6] DEBUG org.asynchttpclient.netty.channel.ChannelManager - Adding key: http://localhost:56104 for channel [id: 0x8950e768, L:/127.0.0.1:50469 - R:localhost/127.0.0.1:56104]
19:06:16.269 [Forwarding getCurrentUrl on session 8bd40ca729f66cfca78d7926ab63b0af to remote] DEBUG org.asynchttpclient.netty.request.NettyRequestSender - Using pooled Channel '[id: 0x8950e768, L:/127.0.0.1:50469 - R:localhost/127.0.0.1:56104]' for 'GET' to 'http://localhost:56104/session/8bd40ca729f66cfca78d7926ab63b0af/url'
19:06:16.269 [Forwarding getCurrentUrl on session 8bd40ca729f66cfca78d7926ab63b0af to remote] DEBUG org.asynchttpclient.netty.request.NettyRequestSender - Using open Channel [id: 0x8950e768, L:/127.0.0.1:50469 - R:localhost/127.0.0.1:56104] for GET '/session/8bd40ca729f66cfca78d7926ab63b0af/url'
19:06:16.292 [AsyncHttpClient-1-6] DEBUG org.asynchttpclient.netty.handler.HttpHandler - 

Request DefaultFullHttpRequest(decodeResult: success, version: HTTP/1.1, content: EmptyByteBufBE)
GET /session/8bd40ca729f66cfca78d7926ab63b0af/url HTTP/1.1
User-Agent: selenium/4.1.4 (java windows)
Cache-Control: no-cache
Content-Type: application/json; charset=utf-8
host: localhost:56104
accept: */*

Response DefaultHttpResponse(decodeResult: success, version: HTTP/1.1)
HTTP/1.1 200 OK
Content-Type: application/json; charset=utf-8
cache-control: no-cache
content-length: 60

19:06:16.292 [AsyncHttpClient-1-6] DEBUG org.asynchttpclient.netty.channel.ChannelManager - Adding key: http://localhost:56104 for channel [id: 0x8950e768, L:/127.0.0.1:50469 - R:localhost/127.0.0.1:56104]
19:06:16.298 [Forwarding screenshot on session 8bd40ca729f66cfca78d7926ab63b0af to remote] DEBUG org.asynchttpclient.netty.request.NettyRequestSender - Using pooled Channel '[id: 0x8950e768, L:/127.0.0.1:50469 - R:localhost/127.0.0.1:56104]' for 'GET' to 'http://localhost:56104/session/8bd40ca729f66cfca78d7926ab63b0af/screenshot'
19:06:16.298 [Forwarding screenshot on session 8bd40ca729f66cfca78d7926ab63b0af to remote] DEBUG org.asynchttpclient.netty.request.NettyRequestSender - Using open Channel [id: 0x8950e768, L:/127.0.0.1:50469 - R:localhost/127.0.0.1:56104] for GET '/session/8bd40ca729f66cfca78d7926ab63b0af/screenshot'
19:06:16.620 [AsyncHttpClient-1-6] DEBUG org.asynchttpclient.netty.handler.HttpHandler - 

Request DefaultFullHttpRequest(decodeResult: success, version: HTTP/1.1, content: EmptyByteBufBE)
GET /session/8bd40ca729f66cfca78d7926ab63b0af/screenshot HTTP/1.1
User-Agent: selenium/4.1.4 (java windows)
Cache-Control: no-cache
Content-Type: application/json; charset=utf-8
host: localhost:56104
accept: */*

Response DefaultHttpResponse(decodeResult: success, version: HTTP/1.1)
HTTP/1.1 200 OK
Content-Type: application/json; charset=utf-8
cache-control: no-cache
content-length: 380436

19:06:16.620 [AsyncHttpClient-1-6] DEBUG org.asynchttpclient.netty.channel.ChannelManager - Adding key: http://localhost:56104 for channel [id: 0x8950e768, L:/127.0.0.1:50469 - R:localhost/127.0.0.1:56104]
19:06:16.632 [main] DEBUG net.serenitybdd.core.photography.Darkroom - Send negative for processing for target\site\serenity\d122c364c40ece9db0ad32cd97c3fcf63e95ba606118dda8d3e5a1d2b8235ce2.png
19:06:16.632 [main] DEBUG net.thucydides.core.steps.StepInterceptor - STEP DONE: openLogin
  &amp#27;[32mGiven &amp#27;[0m&amp#27;[32mOpen login page&amp#27;[0m                        &amp#27;[90m# starter.stepdefinitios.LoginSteps.openLoginPage()&amp#27;[0m
19:06:17.368 [AsyncHttpClient-1-1] DEBUG org.asynchttpclient.netty.channel.DefaultChannelPool - Entry count for : http://localhost:56104 : 1
19:06:17.368 [AsyncHttpClient-1-1] DEBUG org.asynchttpclient.netty.channel.DefaultChannelPool - Entry count for : http://localhost:50470 : 1
19:06:17.657 [Forwarding findElement on session 8bd40ca729f66cfca78d7926ab63b0af to remote] DEBUG org.asynchttpclient.netty.request.NettyRequestSender - Using pooled Channel '[id: 0x8950e768, L:/127.0.0.1:50469 - R:localhost/127.0.0.1:56104]' for 'POST' to 'http://localhost:56104/session/8bd40ca729f66cfca78d7926ab63b0af/element'
19:06:17.657 [Forwarding findElement on session 8bd40ca729f66cfca78d7926ab63b0af to remote] DEBUG org.asynchttpclient.netty.request.NettyRequestSender - Using open Channel [id: 0x8950e768, L:/127.0.0.1:50469 - R:localhost/127.0.0.1:56104] for POST '/session/8bd40ca729f66cfca78d7926ab63b0af/element'
19:06:17.669 [AsyncHttpClient-1-6] DEBUG org.asynchttpclient.netty.handler.HttpHandler - 

Request DefaultHttpRequest(decodeResult: success, version: HTTP/1.1)
POST /session/8bd40ca729f66cfca78d7926ab63b0af/element HTTP/1.1
User-Agent: selenium/4.1.4 (java windows)
Content-Length: 70
Content-Type: application/json; charset=utf-8
host: localhost:56104
accept: */*

Response DefaultHttpResponse(decodeResult: success, version: HTTP/1.1)
HTTP/1.1 200 OK
Content-Type: application/json; charset=utf-8
cache-control: no-cache
content-length: 88

19:06:17.670 [AsyncHttpClient-1-6] DEBUG org.asynchttpclient.netty.channel.ChannelManager - Adding key: http://localhost:56104 for channel [id: 0x8950e768, L:/127.0.0.1:50469 - R:localhost/127.0.0.1:56104]
19:06:17.672 [Forwarding sendKeysToElement on session 8bd40ca729f66cfca78d7926ab63b0af to remote] DEBUG org.asynchttpclient.netty.request.NettyRequestSender - Using pooled Channel '[id: 0x8950e768, L:/127.0.0.1:50469 - R:localhost/127.0.0.1:56104]' for 'POST' to 'http://localhost:56104/session/8bd40ca729f66cfca78d7926ab63b0af/element/324cebba-c6ae-4cbe-b0b3-f36b5d5b19d0/value'
19:06:17.672 [Forwarding sendKeysToElement on session 8bd40ca729f66cfca78d7926ab63b0af to remote] DEBUG org.asynchttpclient.netty.request.NettyRequestSender - Using open Channel [id: 0x8950e768, L:/127.0.0.1:50469 - R:localhost/127.0.0.1:56104] for POST '/session/8bd40ca729f66cfca78d7926ab63b0af/element/324cebba-c6ae-4cbe-b0b3-f36b5d5b19d0/value'
19:06:17.750 [AsyncHttpClient-1-6] DEBUG org.asynchttpclient.netty.handler.HttpHandler - 

Request DefaultHttpRequest(decodeResult: success, version: HTTP/1.1)
POST /session/8bd40ca729f66cfca78d7926ab63b0af/element/324cebba-c6ae-4cbe-b0b3-f36b5d5b19d0/value HTTP/1.1
User-Agent: selenium/4.1.4 (java windows)
Content-Length: 131
Content-Type: application/json; charset=utf-8
host: localhost:56104
accept: */*

Response DefaultHttpResponse(decodeResult: success, version: HTTP/1.1)
HTTP/1.1 200 OK
Content-Type: application/json; charset=utf-8
cache-control: no-cache
content-length: 14

19:06:17.750 [AsyncHttpClient-1-6] DEBUG org.asynchttpclient.netty.channel.ChannelManager - Adding key: http://localhost:56104 for channel [id: 0x8950e768, L:/127.0.0.1:50469 - R:localhost/127.0.0.1:56104]
  &amp#27;[32mWhen &amp#27;[0m&amp#27;[32mI input &amp#27;[0m&amp#27;[32m&amp#27;[1m"admin"&amp#27;[0m&amp#27;[32m login email&amp#27;[0m             &amp#27;[90m# starter.stepdefinitios.LoginSteps.iInputEmailLogin(java.lang.String)&amp#27;[0m
19:06:17.755 [Forwarding screenshot on session 8bd40ca729f66cfca78d7926ab63b0af to remote] DEBUG org.asynchttpclient.netty.request.NettyRequestSender - Using pooled Channel '[id: 0x8950e768, L:/127.0.0.1:50469 - R:localhost/127.0.0.1:56104]' for 'GET' to 'http://localhost:56104/session/8bd40ca729f66cfca78d7926ab63b0af/screenshot'
19:06:17.755 [Forwarding screenshot on session 8bd40ca729f66cfca78d7926ab63b0af to remote] DEBUG org.asynchttpclient.netty.request.NettyRequestSender - Using open Channel [id: 0x8950e768, L:/127.0.0.1:50469 - R:localhost/127.0.0.1:56104] for GET '/session/8bd40ca729f66cfca78d7926ab63b0af/screenshot'
19:06:18.007 [AsyncHttpClient-1-6] DEBUG org.asynchttpclient.netty.handler.HttpHandler - 

Request DefaultFullHttpRequest(decodeResult: success, version: HTTP/1.1, content: EmptyByteBufBE)
GET /session/8bd40ca729f66cfca78d7926ab63b0af/screenshot HTTP/1.1
User-Agent: selenium/4.1.4 (java windows)
Cache-Control: no-cache
Content-Type: application/json; charset=utf-8
host: localhost:56104
accept: */*

Response DefaultHttpResponse(decodeResult: success, version: HTTP/1.1)
HTTP/1.1 200 OK
Content-Type: application/json; charset=utf-8
cache-control: no-cache
content-length: 379420

19:06:18.009 [AsyncHttpClient-1-6] DEBUG org.asynchttpclient.netty.channel.ChannelManager - Adding key: http://localhost:56104 for channel [id: 0x8950e768, L:/127.0.0.1:50469 - R:localhost/127.0.0.1:56104]
19:06:18.020 [main] DEBUG net.serenitybdd.core.photography.Darkroom - Send negative for processing for target\site\serenity\93df20195d3751dea78ac30a105f84d37c410e0341f58ded6fb231b5b47402e6.png
19:06:18.020 [Darkroom Processing Line] DEBUG net.serenitybdd.core.photography.DarkroomProcessingLine - Processing screenshot image in /var/screenshots/screenshot-6550008260494101497
19:06:18.020 [Darkroom Processing Line] DEBUG net.serenitybdd.core.photography.DarkroomProcessingLine - Saving screenshot to target\site\serenity\93df20195d3751dea78ac30a105f84d37c410e0341f58ded6fb231b5b47402e6.png
19:06:18.455 [AsyncHttpClient-1-1] DEBUG org.asynchttpclient.netty.channel.DefaultChannelPool - Entry count for : http://localhost:56104 : 1
19:06:18.455 [AsyncHttpClient-1-1] DEBUG org.asynchttpclient.netty.channel.DefaultChannelPool - Entry count for : http://localhost:50470 : 1
19:06:19.048 [Forwarding screenshot on session 8bd40ca729f66cfca78d7926ab63b0af to remote] DEBUG org.asynchttpclient.netty.request.NettyRequestSender - Using pooled Channel '[id: 0x8950e768, L:/127.0.0.1:50469 - R:localhost/127.0.0.1:56104]' for 'GET' to 'http://localhost:56104/session/8bd40ca729f66cfca78d7926ab63b0af/screenshot'
19:06:19.048 [Forwarding screenshot on session 8bd40ca729f66cfca78d7926ab63b0af to remote] DEBUG org.asynchttpclient.netty.request.NettyRequestSender - Using open Channel [id: 0x8950e768, L:/127.0.0.1:50469 - R:localhost/127.0.0.1:56104] for GET '/session/8bd40ca729f66cfca78d7926ab63b0af/screenshot'
19:06:19.224 [AsyncHttpClient-1-6] DEBUG org.asynchttpclient.netty.handler.HttpHandler - 

Request DefaultFullHttpRequest(decodeResult: success, version: HTTP/1.1, content: EmptyByteBufBE)
GET /session/8bd40ca729f66cfca78d7926ab63b0af/screenshot HTTP/1.1
User-Agent: selenium/4.1.4 (java windows)
Cache-Control: no-cache
Content-Type: application/json; charset=utf-8
host: localhost:56104
accept: */*

Response DefaultHttpResponse(decodeResult: success, version: HTTP/1.1)
HTTP/1.1 200 OK
Content-Type: application/json; charset=utf-8
cache-control: no-cache
content-length: 379420

19:06:19.225 [AsyncHttpClient-1-6] DEBUG org.asynchttpclient.netty.channel.ChannelManager - Adding key: http://localhost:56104 for channel [id: 0x8950e768, L:/127.0.0.1:50469 - R:localhost/127.0.0.1:56104]
19:06:19.234 [main] DEBUG net.serenitybdd.core.photography.Darkroom - Send negative for processing for target\site\serenity\93df20195d3751dea78ac30a105f84d37c410e0341f58ded6fb231b5b47402e6.png
19:06:19.234 [main] DEBUG net.thucydides.core.steps.StepInterceptor - STARTING STEP: LoginSteps.iInputPasswordLogin - inputPasswordLogin
19:06:19.236 [Forwarding findElement on session 8bd40ca729f66cfca78d7926ab63b0af to remote] DEBUG org.asynchttpclient.netty.request.NettyRequestSender - Using pooled Channel '[id: 0x8950e768, L:/127.0.0.1:50469 - R:localhost/127.0.0.1:56104]' for 'POST' to 'http://localhost:56104/session/8bd40ca729f66cfca78d7926ab63b0af/element'
19:06:19.236 [Forwarding findElement on session 8bd40ca729f66cfca78d7926ab63b0af to remote] DEBUG org.asynchttpclient.netty.request.NettyRequestSender - Using open Channel [id: 0x8950e768, L:/127.0.0.1:50469 - R:localhost/127.0.0.1:56104] for POST '/session/8bd40ca729f66cfca78d7926ab63b0af/element'
19:06:19.246 [AsyncHttpClient-1-6] DEBUG org.asynchttpclient.netty.handler.HttpHandler - 

Request DefaultHttpRequest(decodeResult: success, version: HTTP/1.1)
POST /session/8bd40ca729f66cfca78d7926ab63b0af/element HTTP/1.1
User-Agent: selenium/4.1.4 (java windows)
Content-Length: 70
Content-Type: application/json; charset=utf-8
host: localhost:56104
accept: */*

Response DefaultHttpResponse(decodeResult: success, version: HTTP/1.1)
HTTP/1.1 200 OK
Content-Type: application/json; charset=utf-8
cache-control: no-cache
content-length: 88

19:06:19.246 [AsyncHttpClient-1-6] DEBUG org.asynchttpclient.netty.channel.ChannelManager - Adding key: http://localhost:56104 for channel [id: 0x8950e768, L:/127.0.0.1:50469 - R:localhost/127.0.0.1:56104]
19:06:19.248 [Forwarding sendKeysToElement on session 8bd40ca729f66cfca78d7926ab63b0af to remote] DEBUG org.asynchttpclient.netty.request.NettyRequestSender - Using pooled Channel '[id: 0x8950e768, L:/127.0.0.1:50469 - R:localhost/127.0.0.1:56104]' for 'POST' to 'http://localhost:56104/session/8bd40ca729f66cfca78d7926ab63b0af/element/64fa4e8e-3f2d-4af0-8fc1-ab381618b277/value'
19:06:19.248 [Forwarding sendKeysToElement on session 8bd40ca729f66cfca78d7926ab63b0af to remote] DEBUG org.asynchttpclient.netty.request.NettyRequestSender - Using open Channel [id: 0x8950e768, L:/127.0.0.1:50469 - R:localhost/127.0.0.1:56104] for POST '/session/8bd40ca729f66cfca78d7926ab63b0af/element/64fa4e8e-3f2d-4af0-8fc1-ab381618b277/value'
19:06:19.312 [AsyncHttpClient-1-6] DEBUG org.asynchttpclient.netty.handler.HttpHandler - 

Request DefaultHttpRequest(decodeResult: success, version: HTTP/1.1)
POST /session/8bd40ca729f66cfca78d7926ab63b0af/element/64fa4e8e-3f2d-4af0-8fc1-ab381618b277/value HTTP/1.1
User-Agent: selenium/4.1.4 (java windows)
Content-Length: 151
Content-Type: application/json; charset=utf-8
host: localhost:56104
accept: */*

Response DefaultHttpResponse(decodeResult: success, version: HTTP/1.1)
HTTP/1.1 200 OK
Content-Type: application/json; charset=utf-8
cache-control: no-cache
content-length: 14

19:06:19.312 [AsyncHttpClient-1-6] DEBUG org.asynchttpclient.netty.channel.ChannelManager - Adding key: http://localhost:56104 for channel [id: 0x8950e768, L:/127.0.0.1:50469 - R:localhost/127.0.0.1:56104]
19:06:19.316 [Forwarding screenshot on session 8bd40ca729f66cfca78d7926ab63b0af to remote] DEBUG org.asynchttpclient.netty.request.NettyRequestSender - Using pooled Channel '[id: 0x8950e768, L:/127.0.0.1:50469 - R:localhost/127.0.0.1:56104]' for 'GET' to 'http://localhost:56104/session/8bd40ca729f66cfca78d7926ab63b0af/screenshot'
19:06:19.316 [Forwarding screenshot on session 8bd40ca729f66cfca78d7926ab63b0af to remote] DEBUG org.asynchttpclient.netty.request.NettyRequestSender - Using open Channel [id: 0x8950e768, L:/127.0.0.1:50469 - R:localhost/127.0.0.1:56104] for GET '/session/8bd40ca729f66cfca78d7926ab63b0af/screenshot'
19:06:19.507 [AsyncHttpClient-1-6] DEBUG org.asynchttpclient.netty.handler.HttpHandler - 

Request DefaultFullHttpRequest(decodeResult: success, version: HTTP/1.1, content: EmptyByteBufBE)
GET /session/8bd40ca729f66cfca78d7926ab63b0af/screenshot HTTP/1.1
User-Agent: selenium/4.1.4 (java windows)
Cache-Control: no-cache
Content-Type: application/json; charset=utf-8
host: localhost:56104
accept: */*

Response DefaultHttpResponse(decodeResult: success, version: HTTP/1.1)
HTTP/1.1 200 OK
Content-Type: application/json; charset=utf-8
cache-control: no-cache
content-length: 377572

19:06:19.508 [AsyncHttpClient-1-6] DEBUG org.asynchttpclient.netty.channel.ChannelManager - Adding key: http://localhost:56104 for channel [id: 0x8950e768, L:/127.0.0.1:50469 - R:localhost/127.0.0.1:56104]
19:06:19.518 [main] DEBUG net.serenitybdd.core.photography.Darkroom - Send negative for processing for target\site\serenity\116db6445b07b42e712237c08c954dc320afdfb12f87e5017bd5f271cad78867.png
19:06:19.518 [main] DEBUG net.thucydides.core.steps.StepInterceptor - STEP DONE: inputPasswordLogin
  &amp#27;[32mAnd &amp#27;[0m&amp#27;[32mI input &amp#27;[0m&amp#27;[32m&amp#27;[1m"invalid"&amp#27;[0m&amp#27;[32m login password&amp#27;[0m         &amp#27;[90m# starter.stepdefinitios.LoginSteps.iInputPasswordLogin(java.lang.String)&amp#27;[0m
19:06:19.519 [Darkroom Processing Line] DEBUG net.serenitybdd.core.photography.DarkroomProcessingLine - Processing screenshot image in /var/screenshots/screenshot-9521200083586092285
19:06:19.519 [Darkroom Processing Line] DEBUG net.serenitybdd.core.photography.DarkroomProcessingLine - Saving screenshot to target\site\serenity\116db6445b07b42e712237c08c954dc320afdfb12f87e5017bd5f271cad78867.png
19:06:19.530 [main] DEBUG net.thucydides.core.steps.StepInterceptor - STARTING STEP: LoginSteps.iClickButtonLogin - clickButtonLogin
19:06:19.533 [Forwarding findElement on session 8bd40ca729f66cfca78d7926ab63b0af to remote] DEBUG org.asynchttpclient.netty.request.NettyRequestSender - Using pooled Channel '[id: 0x8950e768, L:/127.0.0.1:50469 - R:localhost/127.0.0.1:56104]' for 'POST' to 'http://localhost:56104/session/8bd40ca729f66cfca78d7926ab63b0af/element'
19:06:19.533 [Forwarding findElement on session 8bd40ca729f66cfca78d7926ab63b0af to remote] DEBUG org.asynchttpclient.netty.request.NettyRequestSender - Using open Channel [id: 0x8950e768, L:/127.0.0.1:50469 - R:localhost/127.0.0.1:56104] for POST '/session/8bd40ca729f66cfca78d7926ab63b0af/element'
19:06:19.544 [AsyncHttpClient-1-6] DEBUG org.asynchttpclient.netty.handler.HttpHandler - 

Request DefaultHttpRequest(decodeResult: success, version: HTTP/1.1)
POST /session/8bd40ca729f66cfca78d7926ab63b0af/element HTTP/1.1
User-Agent: selenium/4.1.4 (java windows)
Content-Length: 68
Content-Type: application/json; charset=utf-8
host: localhost:56104
accept: */*

Response DefaultHttpResponse(decodeResult: success, version: HTTP/1.1)
HTTP/1.1 200 OK
Content-Type: application/json; charset=utf-8
cache-control: no-cache
content-length: 88

19:06:19.545 [AsyncHttpClient-1-6] DEBUG org.asynchttpclient.netty.channel.ChannelManager - Adding key: http://localhost:56104 for channel [id: 0x8950e768, L:/127.0.0.1:50469 - R:localhost/127.0.0.1:56104]
19:06:19.546 [Forwarding getElementTagName on session 8bd40ca729f66cfca78d7926ab63b0af to remote] DEBUG org.asynchttpclient.netty.request.NettyRequestSender - Using pooled Channel '[id: 0x8950e768, L:/127.0.0.1:50469 - R:localhost/127.0.0.1:56104]' for 'GET' to 'http://localhost:56104/session/8bd40ca729f66cfca78d7926ab63b0af/element/329b931c-95c3-43b1-aff3-500fe46d8bb1/name'
19:06:19.546 [Forwarding getElementTagName on session 8bd40ca729f66cfca78d7926ab63b0af to remote] DEBUG org.asynchttpclient.netty.request.NettyRequestSender - Using open Channel [id: 0x8950e768, L:/127.0.0.1:50469 - R:localhost/127.0.0.1:56104] for GET '/session/8bd40ca729f66cfca78d7926ab63b0af/element/329b931c-95c3-43b1-aff3-500fe46d8bb1/name'
19:06:19.549 [AsyncHttpClient-1-6] DEBUG org.asynchttpclient.netty.handler.HttpHandler - 

Request DefaultFullHttpRequest(decodeResult: success, version: HTTP/1.1, content: EmptyByteBufBE)
GET /session/8bd40ca729f66cfca78d7926ab63b0af/element/329b931c-95c3-43b1-aff3-500fe46d8bb1/name HTTP/1.1
User-Agent: selenium/4.1.4 (java windows)
Cache-Control: no-cache
Content-Type: application/json; charset=utf-8
host: localhost:56104
accept: */*

Response DefaultHttpResponse(decodeResult: success, version: HTTP/1.1)
HTTP/1.1 200 OK
Content-Type: application/json; charset=utf-8
cache-control: no-cache
content-length: 18

19:06:19.549 [AsyncHttpClient-1-6] DEBUG org.asynchttpclient.netty.channel.ChannelManager - Adding key: http://localhost:56104 for channel [id: 0x8950e768, L:/127.0.0.1:50469 - R:localhost/127.0.0.1:56104]
19:06:19.551 [Forwarding getElementTagName on session 8bd40ca729f66cfca78d7926ab63b0af to remote] DEBUG org.asynchttpclient.netty.request.NettyRequestSender - Using pooled Channel '[id: 0x8950e768, L:/127.0.0.1:50469 - R:localhost/127.0.0.1:56104]' for 'GET' to 'http://localhost:56104/session/8bd40ca729f66cfca78d7926ab63b0af/element/329b931c-95c3-43b1-aff3-500fe46d8bb1/name'
19:06:19.551 [Forwarding getElementTagName on session 8bd40ca729f66cfca78d7926ab63b0af to remote] DEBUG org.asynchttpclient.netty.request.NettyRequestSender - Using open Channel [id: 0x8950e768, L:/127.0.0.1:50469 - R:localhost/127.0.0.1:56104] for GET '/session/8bd40ca729f66cfca78d7926ab63b0af/element/329b931c-95c3-43b1-aff3-500fe46d8bb1/name'
19:06:19.554 [AsyncHttpClient-1-1] DEBUG org.asynchttpclient.netty.channel.DefaultChannelPool - Entry count for : http://localhost:50470 : 1
19:06:19.554 [AsyncHttpClient-1-6] DEBUG org.asynchttpclient.netty.handler.HttpHandler - 

Request DefaultFullHttpRequest(decodeResult: success, version: HTTP/1.1, content: EmptyByteBufBE)
GET /session/8bd40ca729f66cfca78d7926ab63b0af/element/329b931c-95c3-43b1-aff3-500fe46d8bb1/name HTTP/1.1
User-Agent: selenium/4.1.4 (java windows)
Cache-Control: no-cache
Content-Type: application/json; charset=utf-8
host: localhost:56104
accept: */*

Response DefaultHttpResponse(decodeResult: success, version: HTTP/1.1)
HTTP/1.1 200 OK
Content-Type: application/json; charset=utf-8
cache-control: no-cache
content-length: 18

19:06:19.554 [AsyncHttpClient-1-6] DEBUG org.asynchttpclient.netty.channel.ChannelManager - Adding key: http://localhost:56104 for channel [id: 0x8950e768, L:/127.0.0.1:50469 - R:localhost/127.0.0.1:56104]
19:06:19.556 [Forwarding isElementEnabled on session 8bd40ca729f66cfca78d7926ab63b0af to remote] DEBUG org.asynchttpclient.netty.request.NettyRequestSender - Using pooled Channel '[id: 0x8950e768, L:/127.0.0.1:50469 - R:localhost/127.0.0.1:56104]' for 'GET' to 'http://localhost:56104/session/8bd40ca729f66cfca78d7926ab63b0af/element/329b931c-95c3-43b1-aff3-500fe46d8bb1/enabled'
19:06:19.556 [Forwarding isElementEnabled on session 8bd40ca729f66cfca78d7926ab63b0af to remote] DEBUG org.asynchttpclient.netty.request.NettyRequestSender - Using open Channel [id: 0x8950e768, L:/127.0.0.1:50469 - R:localhost/127.0.0.1:56104] for GET '/session/8bd40ca729f66cfca78d7926ab63b0af/element/329b931c-95c3-43b1-aff3-500fe46d8bb1/enabled'
19:06:19.567 [AsyncHttpClient-1-6] DEBUG org.asynchttpclient.netty.handler.HttpHandler - 

Request DefaultFullHttpRequest(decodeResult: success, version: HTTP/1.1, content: EmptyByteBufBE)
GET /session/8bd40ca729f66cfca78d7926ab63b0af/element/329b931c-95c3-43b1-aff3-500fe46d8bb1/enabled HTTP/1.1
User-Agent: selenium/4.1.4 (java windows)
Cache-Control: no-cache
Content-Type: application/json; charset=utf-8
host: localhost:56104
accept: */*

Response DefaultHttpResponse(decodeResult: success, version: HTTP/1.1)
HTTP/1.1 200 OK
Content-Type: application/json; charset=utf-8
cache-control: no-cache
content-length: 14

19:06:19.568 [AsyncHttpClient-1-6] DEBUG org.asynchttpclient.netty.channel.ChannelManager - Adding key: http://localhost:56104 for channel [id: 0x8950e768, L:/127.0.0.1:50469 - R:localhost/127.0.0.1:56104]
19:06:19.568 [Forwarding isElementEnabled on session 8bd40ca729f66cfca78d7926ab63b0af to remote] DEBUG org.asynchttpclient.netty.request.NettyRequestSender - Using pooled Channel '[id: 0x8950e768, L:/127.0.0.1:50469 - R:localhost/127.0.0.1:56104]' for 'GET' to 'http://localhost:56104/session/8bd40ca729f66cfca78d7926ab63b0af/element/329b931c-95c3-43b1-aff3-500fe46d8bb1/enabled'
19:06:19.568 [Forwarding isElementEnabled on session 8bd40ca729f66cfca78d7926ab63b0af to remote] DEBUG org.asynchttpclient.netty.request.NettyRequestSender - Using open Channel [id: 0x8950e768, L:/127.0.0.1:50469 - R:localhost/127.0.0.1:56104] for GET '/session/8bd40ca729f66cfca78d7926ab63b0af/element/329b931c-95c3-43b1-aff3-500fe46d8bb1/enabled'
19:06:19.568 [AsyncHttpClient-1-6] DEBUG org.asynchttpclient.netty.handler.HttpHandler - 

Request DefaultFullHttpRequest(decodeResult: success, version: HTTP/1.1, content: EmptyByteBufBE)
GET /session/8bd40ca729f66cfca78d7926ab63b0af/element/329b931c-95c3-43b1-aff3-500fe46d8bb1/enabled HTTP/1.1
User-Agent: selenium/4.1.4 (java windows)
Cache-Control: no-cache
Content-Type: application/json; charset=utf-8
host: localhost:56104
accept: */*

Response DefaultHttpResponse(decodeResult: success, version: HTTP/1.1)
HTTP/1.1 200 OK
Content-Type: application/json; charset=utf-8
cache-control: no-cache
content-length: 14

19:06:19.568 [AsyncHttpClient-1-6] DEBUG org.asynchttpclient.netty.channel.ChannelManager - Adding key: http://localhost:56104 for channel [id: 0x8950e768, L:/127.0.0.1:50469 - R:localhost/127.0.0.1:56104]
19:06:19.568 [Forwarding findElement on session 8bd40ca729f66cfca78d7926ab63b0af to remote] DEBUG org.asynchttpclient.netty.request.NettyRequestSender - Using pooled Channel '[id: 0x8950e768, L:/127.0.0.1:50469 - R:localhost/127.0.0.1:56104]' for 'POST' to 'http://localhost:56104/session/8bd40ca729f66cfca78d7926ab63b0af/element'
19:06:19.568 [Forwarding findElement on session 8bd40ca729f66cfca78d7926ab63b0af to remote] DEBUG org.asynchttpclient.netty.request.NettyRequestSender - Using open Channel [id: 0x8950e768, L:/127.0.0.1:50469 - R:localhost/127.0.0.1:56104] for POST '/session/8bd40ca729f66cfca78d7926ab63b0af/element'
19:06:19.584 [AsyncHttpClient-1-6] DEBUG org.asynchttpclient.netty.handler.HttpHandler - 

Request DefaultHttpRequest(decodeResult: success, version: HTTP/1.1)
POST /session/8bd40ca729f66cfca78d7926ab63b0af/element HTTP/1.1
User-Agent: selenium/4.1.4 (java windows)
Content-Length: 68
Content-Type: application/json; charset=utf-8
host: localhost:56104
accept: */*

Response DefaultHttpResponse(decodeResult: success, version: HTTP/1.1)
HTTP/1.1 200 OK
Content-Type: application/json; charset=utf-8
cache-control: no-cache
content-length: 88

19:06:19.584 [AsyncHttpClient-1-6] DEBUG org.asynchttpclient.netty.channel.ChannelManager - Adding key: http://localhost:56104 for channel [id: 0x8950e768, L:/127.0.0.1:50469 - R:localhost/127.0.0.1:56104]
19:06:19.586 [Forwarding clickElement on session 8bd40ca729f66cfca78d7926ab63b0af to remote] DEBUG org.asynchttpclient.netty.request.NettyRequestSender - Using pooled Channel '[id: 0x8950e768, L:/127.0.0.1:50469 - R:localhost/127.0.0.1:56104]' for 'POST' to 'http://localhost:56104/session/8bd40ca729f66cfca78d7926ab63b0af/element/329b931c-95c3-43b1-aff3-500fe46d8bb1/click'
19:06:19.586 [Forwarding clickElement on session 8bd40ca729f66cfca78d7926ab63b0af to remote] DEBUG org.asynchttpclient.netty.request.NettyRequestSender - Using open Channel [id: 0x8950e768, L:/127.0.0.1:50469 - R:localhost/127.0.0.1:56104] for POST '/session/8bd40ca729f66cfca78d7926ab63b0af/element/329b931c-95c3-43b1-aff3-500fe46d8bb1/click'
19:06:19.651 [AsyncHttpClient-1-6] DEBUG org.asynchttpclient.netty.handler.HttpHandler - 

Request DefaultHttpRequest(decodeResult: success, version: HTTP/1.1)
POST /session/8bd40ca729f66cfca78d7926ab63b0af/element/329b931c-95c3-43b1-aff3-500fe46d8bb1/click HTTP/1.1
User-Agent: selenium/4.1.4 (java windows)
Content-Length: 50
Content-Type: application/json; charset=utf-8
host: localhost:56104
accept: */*

Response DefaultHttpResponse(decodeResult: success, version: HTTP/1.1)
HTTP/1.1 200 OK
Content-Type: application/json; charset=utf-8
cache-control: no-cache
content-length: 14

19:06:19.651 [AsyncHttpClient-1-6] DEBUG org.asynchttpclient.netty.channel.ChannelManager - Adding key: http://localhost:56104 for channel [id: 0x8950e768, L:/127.0.0.1:50469 - R:localhost/127.0.0.1:56104]
19:06:19.658 [Forwarding screenshot on session 8bd40ca729f66cfca78d7926ab63b0af to remote] DEBUG org.asynchttpclient.netty.request.NettyRequestSender - Using pooled Channel '[id: 0x8950e768, L:/127.0.0.1:50469 - R:localhost/127.0.0.1:56104]' for 'GET' to 'http://localhost:56104/session/8bd40ca729f66cfca78d7926ab63b0af/screenshot'
19:06:19.658 [Forwarding screenshot on session 8bd40ca729f66cfca78d7926ab63b0af to remote] DEBUG org.asynchttpclient.netty.request.NettyRequestSender - Using open Channel [id: 0x8950e768, L:/127.0.0.1:50469 - R:localhost/127.0.0.1:56104] for GET '/session/8bd40ca729f66cfca78d7926ab63b0af/screenshot'
19:06:19.887 [AsyncHttpClient-1-6] DEBUG org.asynchttpclient.netty.handler.HttpHandler - 

Request DefaultFullHttpRequest(decodeResult: success, version: HTTP/1.1, content: EmptyByteBufBE)
GET /session/8bd40ca729f66cfca78d7926ab63b0af/screenshot HTTP/1.1
User-Agent: selenium/4.1.4 (java windows)
Cache-Control: no-cache
Content-Type: application/json; charset=utf-8
host: localhost:56104
accept: */*

Response DefaultHttpResponse(decodeResult: success, version: HTTP/1.1)
HTTP/1.1 200 OK
Content-Type: application/json; charset=utf-8
cache-control: no-cache
content-length: 372944

19:06:19.894 [AsyncHttpClient-1-6] DEBUG org.asynchttpclient.netty.channel.ChannelManager - Adding key: http://localhost:56104 for channel [id: 0x8950e768, L:/127.0.0.1:50469 - R:localhost/127.0.0.1:56104]
19:06:19.904 [main] DEBUG net.serenitybdd.core.photography.Darkroom - Send negative for processing for target\site\serenity\74cc66f0788526e346c75319bd363755a2a5e198679fd91a11a803a3be378681.png
19:06:19.904 [main] DEBUG net.thucydides.core.steps.StepInterceptor - STEP DONE: clickButtonLogin
19:06:19.904 [Darkroom Processing Line] DEBUG net.serenitybdd.core.photography.DarkroomProcessingLine - Processing screenshot image in /var/screenshots/screenshot-7032456973282672763
19:06:19.904 [Darkroom Processing Line] DEBUG net.serenitybdd.core.photography.DarkroomProcessingLine - Saving screenshot to target\site\serenity\74cc66f0788526e346c75319bd363755a2a5e198679fd91a11a803a3be378681.png
19:06:20.653 [AsyncHttpClient-1-1] DEBUG org.asynchttpclient.netty.channel.DefaultChannelPool - Entry count for : http://localhost:56104 : 1
19:06:20.653 [AsyncHttpClient-1-1] DEBUG org.asynchttpclient.netty.channel.DefaultChannelPool - Entry count for : http://localhost:50470 : 1
  &amp#27;[32mThen &amp#27;[0m&amp#27;[32mI click button login&amp#27;[0m                    &amp#27;[90m# starter.stepdefinitios.LoginSteps.iClickButtonLogin()&amp#27;[0m
19:06:20.916 [Forwarding screenshot on session 8bd40ca729f66cfca78d7926ab63b0af to remote] DEBUG org.asynchttpclient.netty.request.NettyRequestSender - Using pooled Channel '[id: 0x8950e768, L:/127.0.0.1:50469 - R:localhost/127.0.0.1:56104]' for 'GET' to 'http://localhost:56104/session/8bd40ca729f66cfca78d7926ab63b0af/screenshot'
19:06:20.916 [Forwarding screenshot on session 8bd40ca729f66cfca78d7926ab63b0af to remote] DEBUG org.asynchttpclient.netty.request.NettyRequestSender - Using open Channel [id: 0x8950e768, L:/127.0.0.1:50469 - R:localhost/127.0.0.1:56104] for GET '/session/8bd40ca729f66cfca78d7926ab63b0af/screenshot'
19:06:21.184 [AsyncHttpClient-1-6] DEBUG org.asynchttpclient.netty.handler.HttpHandler - 

Request DefaultFullHttpRequest(decodeResult: success, version: HTTP/1.1, content: EmptyByteBufBE)
GET /session/8bd40ca729f66cfca78d7926ab63b0af/screenshot HTTP/1.1
User-Agent: selenium/4.1.4 (java windows)
Cache-Control: no-cache
Content-Type: application/json; charset=utf-8
host: localhost:56104
accept: */*

Response DefaultHttpResponse(decodeResult: success, version: HTTP/1.1)
HTTP/1.1 200 OK
Content-Type: application/json; charset=utf-8
cache-control: no-cache
content-length: 313440

19:06:21.184 [AsyncHttpClient-1-6] DEBUG org.asynchttpclient.netty.channel.ChannelManager - Adding key: http://localhost:56104 for channel [id: 0x8950e768, L:/127.0.0.1:50469 - R:localhost/127.0.0.1:56104]
19:06:21.187 [main] DEBUG net.serenitybdd.core.photography.Darkroom - Send negative for processing for target\site\serenity\0b2f9e8f7c68800880e75f8226a073e2b0f8e147604bbc6760a63f0ed0500949.png
19:06:21.187 [Darkroom Processing Line] DEBUG net.serenitybdd.core.photography.DarkroomProcessingLine - Processing screenshot image in /var/screenshots/screenshot-15039114141819622151
19:06:21.187 [Darkroom Processing Line] DEBUG net.serenitybdd.core.photography.DarkroomProcessingLine - Saving screenshot to target\site\serenity\0b2f9e8f7c68800880e75f8226a073e2b0f8e147604bbc6760a63f0ed0500949.png
19:06:21.758 [AsyncHttpClient-1-1] DEBUG org.asynchttpclient.netty.channel.DefaultChannelPool - Entry count for : http://localhost:56104 : 1
19:06:21.758 [AsyncHttpClient-1-1] DEBUG org.asynchttpclient.netty.channel.DefaultChannelPool - Entry count for : http://localhost:50470 : 1
19:06:22.856 [AsyncHttpClient-1-1] DEBUG org.asynchttpclient.netty.channel.DefaultChannelPool - Entry count for : http://localhost:56104 : 1
19:06:22.856 [AsyncHttpClient-1-1] DEBUG org.asynchttpclient.netty.channel.DefaultChannelPool - Entry count for : http://localhost:50470 : 1
19:06:23.959 [AsyncHttpClient-1-1] DEBUG org.asynchttpclient.netty.channel.DefaultChannelPool - Entry count for : http://localhost:56104 : 1
19:06:23.959 [AsyncHttpClient-1-1] DEBUG org.asynchttpclient.netty.channel.DefaultChannelPool - Entry count for : http://localhost:50470 : 1
19:06:25.052 [AsyncHttpClient-1-1] DEBUG org.asynchttpclient.netty.channel.DefaultChannelPool - Entry count for : http://localhost:56104 : 1
19:06:25.052 [AsyncHttpClient-1-1] DEBUG org.asynchttpclient.netty.channel.DefaultChannelPool - Entry count for : http://localhost:50470 : 1
19:06:26.157 [AsyncHttpClient-1-1] DEBUG org.asynchttpclient.netty.channel.DefaultChannelPool - Entry count for : http://localhost:56104 : 1
19:06:26.158 [AsyncHttpClient-1-1] DEBUG org.asynchttpclient.netty.channel.DefaultChannelPool - Entry count for : http://localhost:50470 : 1
19:06:26.207 [Forwarding findElement on session 8bd40ca729f66cfca78d7926ab63b0af to remote] DEBUG org.asynchttpclient.netty.request.NettyRequestSender - Using pooled Channel '[id: 0x8950e768, L:/127.0.0.1:50469 - R:localhost/127.0.0.1:56104]' for 'POST' to 'http://localhost:56104/session/8bd40ca729f66cfca78d7926ab63b0af/element'
19:06:26.207 [Forwarding findElement on session 8bd40ca729f66cfca78d7926ab63b0af to remote] DEBUG org.asynchttpclient.netty.request.NettyRequestSender - Using open Channel [id: 0x8950e768, L:/127.0.0.1:50469 - R:localhost/127.0.0.1:56104] for POST '/session/8bd40ca729f66cfca78d7926ab63b0af/element'
19:06:26.241 [AsyncHttpClient-1-6] DEBUG org.asynchttpclient.netty.handler.HttpHandler - 

Request DefaultHttpRequest(decodeResult: success, version: HTTP/1.1)
POST /session/8bd40ca729f66cfca78d7926ab63b0af/element HTTP/1.1
User-Agent: selenium/4.1.4 (java windows)
Content-Length: 68
Content-Type: application/json; charset=utf-8
host: localhost:56104
accept: */*

Response DefaultHttpResponse(decodeResult: success, version: HTTP/1.1)
HTTP/1.1 200 OK
Content-Type: application/json; charset=utf-8
cache-control: no-cache
content-length: 88

19:06:26.241 [AsyncHttpClient-1-6] DEBUG org.asynchttpclient.netty.channel.ChannelManager - Adding key: http://localhost:56104 for channel [id: 0x8950e768, L:/127.0.0.1:50469 - R:localhost/127.0.0.1:56104]
19:06:26.242 [Forwarding isElementEnabled on session 8bd40ca729f66cfca78d7926ab63b0af to remote] DEBUG org.asynchttpclient.netty.request.NettyRequestSender - Using pooled Channel '[id: 0x8950e768, L:/127.0.0.1:50469 - R:localhost/127.0.0.1:56104]' for 'GET' to 'http://localhost:56104/session/8bd40ca729f66cfca78d7926ab63b0af/element/b891392d-33f2-4963-a1b5-3d4be613788c/enabled'
19:06:26.242 [Forwarding isElementEnabled on session 8bd40ca729f66cfca78d7926ab63b0af to remote] DEBUG org.asynchttpclient.netty.request.NettyRequestSender - Using open Channel [id: 0x8950e768, L:/127.0.0.1:50469 - R:localhost/127.0.0.1:56104] for GET '/session/8bd40ca729f66cfca78d7926ab63b0af/element/b891392d-33f2-4963-a1b5-3d4be613788c/enabled'
19:06:26.264 [AsyncHttpClient-1-6] DEBUG org.asynchttpclient.netty.handler.HttpHandler - 

Request DefaultFullHttpRequest(decodeResult: success, version: HTTP/1.1, content: EmptyByteBufBE)
GET /session/8bd40ca729f66cfca78d7926ab63b0af/element/b891392d-33f2-4963-a1b5-3d4be613788c/enabled HTTP/1.1
User-Agent: selenium/4.1.4 (java windows)
Cache-Control: no-cache
Content-Type: application/json; charset=utf-8
host: localhost:56104
accept: */*

Response DefaultHttpResponse(decodeResult: success, version: HTTP/1.1)
HTTP/1.1 200 OK
Content-Type: application/json; charset=utf-8
cache-control: no-cache
content-length: 14

19:06:26.264 [AsyncHttpClient-1-6] DEBUG org.asynchttpclient.netty.channel.ChannelManager - Adding key: http://localhost:56104 for channel [id: 0x8950e768, L:/127.0.0.1:50469 - R:localhost/127.0.0.1:56104]
19:06:26.783 [Forwarding screenshot on session 8bd40ca729f66cfca78d7926ab63b0af to remote] DEBUG org.asynchttpclient.netty.request.NettyRequestSender - Using pooled Channel '[id: 0x8950e768, L:/127.0.0.1:50469 - R:localhost/127.0.0.1:56104]' for 'GET' to 'http://localhost:56104/session/8bd40ca729f66cfca78d7926ab63b0af/screenshot'
19:06:26.783 [Forwarding screenshot on session 8bd40ca729f66cfca78d7926ab63b0af to remote] DEBUG org.asynchttpclient.netty.request.NettyRequestSender - Using open Channel [id: 0x8950e768, L:/127.0.0.1:50469 - R:localhost/127.0.0.1:56104] for GET '/session/8bd40ca729f66cfca78d7926ab63b0af/screenshot'
19:06:27.014 [AsyncHttpClient-1-6] DEBUG org.asynchttpclient.netty.handler.HttpHandler - 

Request DefaultFullHttpRequest(decodeResult: success, version: HTTP/1.1, content: EmptyByteBufBE)
GET /session/8bd40ca729f66cfca78d7926ab63b0af/screenshot HTTP/1.1
User-Agent: selenium/4.1.4 (java windows)
Cache-Control: no-cache
Content-Type: application/json; charset=utf-8
host: localhost:56104
accept: */*

Response DefaultHttpResponse(decodeResult: success, version: HTTP/1.1)
HTTP/1.1 200 OK
Content-Type: application/json; charset=utf-8
cache-control: no-cache
content-length: 302228

19:06:27.014 [AsyncHttpClient-1-6] DEBUG org.asynchttpclient.netty.channel.ChannelManager - Adding key: http://localhost:56104 for channel [id: 0x8950e768, L:/127.0.0.1:50469 - R:localhost/127.0.0.1:56104]
19:06:27.021 [main] DEBUG net.serenitybdd.core.photography.Darkroom - Send negative for processing for target\site\serenity\dcdb318af427baf4b5cc726c84ab447dba15a19273584a2ab7473a3e576100a2.png
19:06:27.026 [main] DEBUG net.thucydides.core.steps.StepInterceptor - STARTING STEP: LoginSteps.loginValidationInvalid - clickButtonErrorOK
19:06:27.028 [Forwarding findElement on session 8bd40ca729f66cfca78d7926ab63b0af to remote] DEBUG org.asynchttpclient.netty.request.NettyRequestSender - Using pooled Channel '[id: 0x8950e768, L:/127.0.0.1:50469 - R:localhost/127.0.0.1:56104]' for 'POST' to 'http://localhost:56104/session/8bd40ca729f66cfca78d7926ab63b0af/element'
19:06:27.028 [Forwarding findElement on session 8bd40ca729f66cfca78d7926ab63b0af to remote] DEBUG org.asynchttpclient.netty.request.NettyRequestSender - Using open Channel [id: 0x8950e768, L:/127.0.0.1:50469 - R:localhost/127.0.0.1:56104] for POST '/session/8bd40ca729f66cfca78d7926ab63b0af/element'
19:06:27.037 [AsyncHttpClient-1-6] DEBUG org.asynchttpclient.netty.handler.HttpHandler - 

Request DefaultHttpRequest(decodeResult: success, version: HTTP/1.1)
POST /session/8bd40ca729f66cfca78d7926ab63b0af/element HTTP/1.1
User-Agent: selenium/4.1.4 (java windows)
Content-Length: 88
Content-Type: application/json; charset=utf-8
host: localhost:56104
accept: */*

Response DefaultHttpResponse(decodeResult: success, version: HTTP/1.1)
HTTP/1.1 200 OK
Content-Type: application/json; charset=utf-8
cache-control: no-cache
content-length: 88

19:06:27.037 [AsyncHttpClient-1-6] DEBUG org.asynchttpclient.netty.channel.ChannelManager - Adding key: http://localhost:56104 for channel [id: 0x8950e768, L:/127.0.0.1:50469 - R:localhost/127.0.0.1:56104]
19:06:27.039 [Forwarding getElementTagName on session 8bd40ca729f66cfca78d7926ab63b0af to remote] DEBUG org.asynchttpclient.netty.request.NettyRequestSender - Using pooled Channel '[id: 0x8950e768, L:/127.0.0.1:50469 - R:localhost/127.0.0.1:56104]' for 'GET' to 'http://localhost:56104/session/8bd40ca729f66cfca78d7926ab63b0af/element/fe6fbd6b-0e23-49a0-8212-7f1fc108de50/name'
19:06:27.039 [Forwarding getElementTagName on session 8bd40ca729f66cfca78d7926ab63b0af to remote] DEBUG org.asynchttpclient.netty.request.NettyRequestSender - Using open Channel [id: 0x8950e768, L:/127.0.0.1:50469 - R:localhost/127.0.0.1:56104] for GET '/session/8bd40ca729f66cfca78d7926ab63b0af/element/fe6fbd6b-0e23-49a0-8212-7f1fc108de50/name'
19:06:27.043 [AsyncHttpClient-1-6] DEBUG org.asynchttpclient.netty.handler.HttpHandler - 

Request DefaultFullHttpRequest(decodeResult: success, version: HTTP/1.1, content: EmptyByteBufBE)
GET /session/8bd40ca729f66cfca78d7926ab63b0af/element/fe6fbd6b-0e23-49a0-8212-7f1fc108de50/name HTTP/1.1
User-Agent: selenium/4.1.4 (java windows)
Cache-Control: no-cache
Content-Type: application/json; charset=utf-8
host: localhost:56104
accept: */*

Response DefaultHttpResponse(decodeResult: success, version: HTTP/1.1)
HTTP/1.1 200 OK
Content-Type: application/json; charset=utf-8
cache-control: no-cache
content-length: 18

19:06:27.043 [AsyncHttpClient-1-6] DEBUG org.asynchttpclient.netty.channel.ChannelManager - Adding key: http://localhost:56104 for channel [id: 0x8950e768, L:/127.0.0.1:50469 - R:localhost/127.0.0.1:56104]
19:06:27.044 [Forwarding getElementTagName on session 8bd40ca729f66cfca78d7926ab63b0af to remote] DEBUG org.asynchttpclient.netty.request.NettyRequestSender - Using pooled Channel '[id: 0x8950e768, L:/127.0.0.1:50469 - R:localhost/127.0.0.1:56104]' for 'GET' to 'http://localhost:56104/session/8bd40ca729f66cfca78d7926ab63b0af/element/fe6fbd6b-0e23-49a0-8212-7f1fc108de50/name'
19:06:27.044 [Forwarding getElementTagName on session 8bd40ca729f66cfca78d7926ab63b0af to remote] DEBUG org.asynchttpclient.netty.request.NettyRequestSender - Using open Channel [id: 0x8950e768, L:/127.0.0.1:50469 - R:localhost/127.0.0.1:56104] for GET '/session/8bd40ca729f66cfca78d7926ab63b0af/element/fe6fbd6b-0e23-49a0-8212-7f1fc108de50/name'
19:06:27.047 [AsyncHttpClient-1-6] DEBUG org.asynchttpclient.netty.handler.HttpHandler - 

Request DefaultFullHttpRequest(decodeResult: success, version: HTTP/1.1, content: EmptyByteBufBE)
GET /session/8bd40ca729f66cfca78d7926ab63b0af/element/fe6fbd6b-0e23-49a0-8212-7f1fc108de50/name HTTP/1.1
User-Agent: selenium/4.1.4 (java windows)
Cache-Control: no-cache
Content-Type: application/json; charset=utf-8
host: localhost:56104
accept: */*

Response DefaultHttpResponse(decodeResult: success, version: HTTP/1.1)
HTTP/1.1 200 OK
Content-Type: application/json; charset=utf-8
cache-control: no-cache
content-length: 18

19:06:27.048 [AsyncHttpClient-1-6] DEBUG org.asynchttpclient.netty.channel.ChannelManager - Adding key: http://localhost:56104 for channel [id: 0x8950e768, L:/127.0.0.1:50469 - R:localhost/127.0.0.1:56104]
19:06:27.049 [Forwarding isElementEnabled on session 8bd40ca729f66cfca78d7926ab63b0af to remote] DEBUG org.asynchttpclient.netty.request.NettyRequestSender - Using pooled Channel '[id: 0x8950e768, L:/127.0.0.1:50469 - R:localhost/127.0.0.1:56104]' for 'GET' to 'http://localhost:56104/session/8bd40ca729f66cfca78d7926ab63b0af/element/fe6fbd6b-0e23-49a0-8212-7f1fc108de50/enabled'
19:06:27.049 [Forwarding isElementEnabled on session 8bd40ca729f66cfca78d7926ab63b0af to remote] DEBUG org.asynchttpclient.netty.request.NettyRequestSender - Using open Channel [id: 0x8950e768, L:/127.0.0.1:50469 - R:localhost/127.0.0.1:56104] for GET '/session/8bd40ca729f66cfca78d7926ab63b0af/element/fe6fbd6b-0e23-49a0-8212-7f1fc108de50/enabled'
19:06:27.056 [AsyncHttpClient-1-6] DEBUG org.asynchttpclient.netty.handler.HttpHandler - 

Request DefaultFullHttpRequest(decodeResult: success, version: HTTP/1.1, content: EmptyByteBufBE)
GET /session/8bd40ca729f66cfca78d7926ab63b0af/element/fe6fbd6b-0e23-49a0-8212-7f1fc108de50/enabled HTTP/1.1
User-Agent: selenium/4.1.4 (java windows)
Cache-Control: no-cache
Content-Type: application/json; charset=utf-8
host: localhost:56104
accept: */*

Response DefaultHttpResponse(decodeResult: success, version: HTTP/1.1)
HTTP/1.1 200 OK
Content-Type: application/json; charset=utf-8
cache-control: no-cache
content-length: 14

19:06:27.056 [AsyncHttpClient-1-6] DEBUG org.asynchttpclient.netty.channel.ChannelManager - Adding key: http://localhost:56104 for channel [id: 0x8950e768, L:/127.0.0.1:50469 - R:localhost/127.0.0.1:56104]
19:06:27.057 [Forwarding isElementEnabled on session 8bd40ca729f66cfca78d7926ab63b0af to remote] DEBUG org.asynchttpclient.netty.request.NettyRequestSender - Using pooled Channel '[id: 0x8950e768, L:/127.0.0.1:50469 - R:localhost/127.0.0.1:56104]' for 'GET' to 'http://localhost:56104/session/8bd40ca729f66cfca78d7926ab63b0af/element/fe6fbd6b-0e23-49a0-8212-7f1fc108de50/enabled'
19:06:27.057 [Forwarding isElementEnabled on session 8bd40ca729f66cfca78d7926ab63b0af to remote] DEBUG org.asynchttpclient.netty.request.NettyRequestSender - Using open Channel [id: 0x8950e768, L:/127.0.0.1:50469 - R:localhost/127.0.0.1:56104] for GET '/session/8bd40ca729f66cfca78d7926ab63b0af/element/fe6fbd6b-0e23-49a0-8212-7f1fc108de50/enabled'
19:06:27.062 [AsyncHttpClient-1-6] DEBUG org.asynchttpclient.netty.handler.HttpHandler - 

Request DefaultFullHttpRequest(decodeResult: success, version: HTTP/1.1, content: EmptyByteBufBE)
GET /session/8bd40ca729f66cfca78d7926ab63b0af/element/fe6fbd6b-0e23-49a0-8212-7f1fc108de50/enabled HTTP/1.1
User-Agent: selenium/4.1.4 (java windows)
Cache-Control: no-cache
Content-Type: application/json; charset=utf-8
host: localhost:56104
accept: */*

Response DefaultHttpResponse(decodeResult: success, version: HTTP/1.1)
HTTP/1.1 200 OK
Content-Type: application/json; charset=utf-8
cache-control: no-cache
content-length: 14

19:06:27.063 [AsyncHttpClient-1-6] DEBUG org.asynchttpclient.netty.channel.ChannelManager - Adding key: http://localhost:56104 for channel [id: 0x8950e768, L:/127.0.0.1:50469 - R:localhost/127.0.0.1:56104]
19:06:27.064 [Forwarding findElement on session 8bd40ca729f66cfca78d7926ab63b0af to remote] DEBUG org.asynchttpclient.netty.request.NettyRequestSender - Using pooled Channel '[id: 0x8950e768, L:/127.0.0.1:50469 - R:localhost/127.0.0.1:56104]' for 'POST' to 'http://localhost:56104/session/8bd40ca729f66cfca78d7926ab63b0af/element'
19:06:27.064 [Forwarding findElement on session 8bd40ca729f66cfca78d7926ab63b0af to remote] DEBUG org.asynchttpclient.netty.request.NettyRequestSender - Using open Channel [id: 0x8950e768, L:/127.0.0.1:50469 - R:localhost/127.0.0.1:56104] for POST '/session/8bd40ca729f66cfca78d7926ab63b0af/element'
19:06:27.070 [AsyncHttpClient-1-6] DEBUG org.asynchttpclient.netty.handler.HttpHandler - 

Request DefaultHttpRequest(decodeResult: success, version: HTTP/1.1)
POST /session/8bd40ca729f66cfca78d7926ab63b0af/element HTTP/1.1
User-Agent: selenium/4.1.4 (java windows)
Content-Length: 88
Content-Type: application/json; charset=utf-8
host: localhost:56104
accept: */*

Response DefaultHttpResponse(decodeResult: success, version: HTTP/1.1)
HTTP/1.1 200 OK
Content-Type: application/json; charset=utf-8
cache-control: no-cache
content-length: 88

19:06:27.070 [AsyncHttpClient-1-6] DEBUG org.asynchttpclient.netty.channel.ChannelManager - Adding key: http://localhost:56104 for channel [id: 0x8950e768, L:/127.0.0.1:50469 - R:localhost/127.0.0.1:56104]
19:06:27.071 [Forwarding clickElement on session 8bd40ca729f66cfca78d7926ab63b0af to remote] DEBUG org.asynchttpclient.netty.request.NettyRequestSender - Using pooled Channel '[id: 0x8950e768, L:/127.0.0.1:50469 - R:localhost/127.0.0.1:56104]' for 'POST' to 'http://localhost:56104/session/8bd40ca729f66cfca78d7926ab63b0af/element/fe6fbd6b-0e23-49a0-8212-7f1fc108de50/click'
19:06:27.071 [Forwarding clickElement on session 8bd40ca729f66cfca78d7926ab63b0af to remote] DEBUG org.asynchttpclient.netty.request.NettyRequestSender - Using open Channel [id: 0x8950e768, L:/127.0.0.1:50469 - R:localhost/127.0.0.1:56104] for POST '/session/8bd40ca729f66cfca78d7926ab63b0af/element/fe6fbd6b-0e23-49a0-8212-7f1fc108de50/click'
19:06:27.100 [AsyncHttpClient-1-6] DEBUG org.asynchttpclient.netty.handler.HttpHandler - 

Request DefaultHttpRequest(decodeResult: success, version: HTTP/1.1)
POST /session/8bd40ca729f66cfca78d7926ab63b0af/element/fe6fbd6b-0e23-49a0-8212-7f1fc108de50/click HTTP/1.1
User-Agent: selenium/4.1.4 (java windows)
Content-Length: 50
Content-Type: application/json; charset=utf-8
host: localhost:56104
accept: */*

Response DefaultHttpResponse(decodeResult: success, version: HTTP/1.1)
HTTP/1.1 200 OK
Content-Type: application/json; charset=utf-8
cache-control: no-cache
content-length: 14

19:06:27.100 [AsyncHttpClient-1-6] DEBUG org.asynchttpclient.netty.channel.ChannelManager - Adding key: http://localhost:56104 for channel [id: 0x8950e768, L:/127.0.0.1:50469 - R:localhost/127.0.0.1:56104]
19:06:27.106 [Forwarding screenshot on session 8bd40ca729f66cfca78d7926ab63b0af to remote] DEBUG org.asynchttpclient.netty.request.NettyRequestSender - Using pooled Channel '[id: 0x8950e768, L:/127.0.0.1:50469 - R:localhost/127.0.0.1:56104]' for 'GET' to 'http://localhost:56104/session/8bd40ca729f66cfca78d7926ab63b0af/screenshot'
19:06:27.106 [Forwarding screenshot on session 8bd40ca729f66cfca78d7926ab63b0af to remote] DEBUG org.asynchttpclient.netty.request.NettyRequestSender - Using open Channel [id: 0x8950e768, L:/127.0.0.1:50469 - R:localhost/127.0.0.1:56104] for GET '/session/8bd40ca729f66cfca78d7926ab63b0af/screenshot'
19:06:27.253 [AsyncHttpClient-1-1] DEBUG org.asynchttpclient.netty.channel.DefaultChannelPool - Entry count for : http://localhost:50470 : 1
19:06:27.419 [AsyncHttpClient-1-6] DEBUG org.asynchttpclient.netty.handler.HttpHandler - 

Request DefaultFullHttpRequest(decodeResult: success, version: HTTP/1.1, content: EmptyByteBufBE)
GET /session/8bd40ca729f66cfca78d7926ab63b0af/screenshot HTTP/1.1
User-Agent: selenium/4.1.4 (java windows)
Cache-Control: no-cache
Content-Type: application/json; charset=utf-8
host: localhost:56104
accept: */*

Response DefaultHttpResponse(decodeResult: success, version: HTTP/1.1)
HTTP/1.1 200 OK
Content-Type: application/json; charset=utf-8
cache-control: no-cache
content-length: 387436

19:06:27.428 [AsyncHttpClient-1-6] DEBUG org.asynchttpclient.netty.channel.ChannelManager - Adding key: http://localhost:56104 for channel [id: 0x8950e768, L:/127.0.0.1:50469 - R:localhost/127.0.0.1:56104]
19:06:27.433 [main] DEBUG net.serenitybdd.core.photography.Darkroom - Send negative for processing for target\site\serenity\6cb14fc002edb42fd971484ddcb82ab58de1f0002ea7cef2a40476a2096beeb8.png
19:06:27.433 [main] DEBUG net.thucydides.core.steps.StepInterceptor - STEP DONE: clickButtonErrorOK
  &amp#27;[32mAnd &amp#27;[0m&amp#27;[32mLogin validation invalid&amp#27;[0m                 &amp#27;[90m# starter.stepdefinitios.LoginSteps.loginValidationInvalid()&amp#27;[0m
19:06:27.433 [Darkroom Processing Line] DEBUG net.serenitybdd.core.photography.DarkroomProcessingLine - Processing screenshot image in /var/screenshots/screenshot-18137429184944094453
19:06:27.433 [Darkroom Processing Line] DEBUG net.serenitybdd.core.photography.DarkroomProcessingLine - Saving screenshot to target\site\serenity\6cb14fc002edb42fd971484ddcb82ab58de1f0002ea7cef2a40476a2096beeb8.png
19:06:27.443 [AsyncHttpClient-1-8] DEBUG org.asynchttpclient.netty.handler.WebSocketHandler - Channel Closed: [id: 0x94e59403, L:/127.0.0.1:50476 ! R:localhost/127.0.0.1:50470] with attribute NettyResponseFuture{currentRetry=5,
	isDone=1,
	isCancelled=0,
	asyncHandler=org.asynchttpclient.ws.WebSocketUpgradeHandler@9792700,
	nettyRequest=org.asynchttpclient.netty.request.NettyRequest@5bb2dfc7,
	future=java.util.concurrent.CompletableFuture@3b302637[Completed normally],
	uri=ws://localhost:50470/devtools/browser/51d0fc6f-3fc3-4ab6-afd4-2d422a7b5860,
	keepAlive=true,
	redirectCount=0,
	timeoutsHolder=null,
	inAuth=0,
	touch=1658059575654}
19:06:27.443 [Driver Command Executor] DEBUG org.asynchttpclient.netty.request.NettyRequestSender - Using pooled Channel '[id: 0x8950e768, L:/127.0.0.1:50469 - R:localhost/127.0.0.1:56104]' for 'DELETE' to 'http://localhost:56104/session/8bd40ca729f66cfca78d7926ab63b0af'
19:06:27.443 [AsyncHttpClient-1-8] DEBUG org.asynchttpclient.netty.channel.ChannelManager - Closing Channel [id: 0x94e59403, L:/127.0.0.1:50476 ! R:localhost/127.0.0.1:50470] 
19:06:27.443 [Driver Command Executor] DEBUG org.asynchttpclient.netty.request.NettyRequestSender - Using open Channel [id: 0x8950e768, L:/127.0.0.1:50469 - R:localhost/127.0.0.1:56104] for DELETE '/session/8bd40ca729f66cfca78d7926ab63b0af'
19:06:27.488 [AsyncHttpClient-1-7] DEBUG org.asynchttpclient.netty.handler.HttpHandler - Unexpected I/O exception on channel [id: 0x6731ae93, L:/127.0.0.1:50475 - R:localhost/127.0.0.1:50470]
java.io.IOException: An existing connection was forcibly closed by the remote host
	at java.base/sun.nio.ch.SocketDispatcher.read0(Native Method)
	at java.base/sun.nio.ch.SocketDispatcher.read(SocketDispatcher.java:43)
	at java.base/sun.nio.ch.IOUtil.readIntoNativeBuffer(IOUtil.java:276)
	at java.base/sun.nio.ch.IOUtil.read(IOUtil.java:233)
	at java.base/sun.nio.ch.IOUtil.read(IOUtil.java:223)
	at java.base/sun.nio.ch.SocketChannelImpl.read(SocketChannelImpl.java:356)
	at io.netty.buffer.PooledByteBuf.setBytes(PooledByteBuf.java:258)
	at io.netty.buffer.AbstractByteBuf.writeBytes(AbstractByteBuf.java:1132)
	at io.netty.channel.socket.nio.NioSocketChannel.doReadBytes(NioSocketChannel.java:357)
	at io.netty.channel.nio.AbstractNioByteChannel$NioByteUnsafe.read(AbstractNioByteChannel.java:151)
	at io.netty.channel.nio.NioEventLoop.processSelectedKey(NioEventLoop.java:722)
	at io.netty.channel.nio.NioEventLoop.processSelectedKeysOptimized(NioEventLoop.java:658)
	at io.netty.channel.nio.NioEventLoop.processSelectedKeys(NioEventLoop.java:584)
	at io.netty.channel.nio.NioEventLoop.run(NioEventLoop.java:496)
	at io.netty.util.concurrent.SingleThreadEventExecutor$4.run(SingleThreadEventExecutor.java:986)
	at io.netty.util.internal.ThreadExecutorMap$2.run(ThreadExecutorMap.java:74)
	at io.netty.util.concurrent.FastThreadLocalRunnable.run(FastThreadLocalRunnable.java:30)
	at java.base/java.lang.Thread.run(Thread.java:829)
19:06:27.488 [AsyncHttpClient-1-7] DEBUG org.asynchttpclient.netty.channel.ChannelManager - Closing Channel [id: 0x6731ae93, L:/127.0.0.1:50475 - R:localhost/127.0.0.1:50470] 
19:06:27.488 [AsyncHttpClient-1-7] DEBUG org.asynchttpclient.netty.handler.HttpHandler - Channel Closed: [id: 0x6731ae93, L:/127.0.0.1:50475 ! R:localhost/127.0.0.1:50470] with attribute DISCARD
19:06:27.543 [AsyncHttpClient-1-6] DEBUG org.asynchttpclient.netty.handler.HttpHandler - 

Request DefaultFullHttpRequest(decodeResult: success, version: HTTP/1.1, content: EmptyByteBufBE)
DELETE /session/8bd40ca729f66cfca78d7926ab63b0af HTTP/1.1
User-Agent: selenium/4.1.4 (java windows)
Content-Type: application/json; charset=utf-8
host: localhost:56104
accept: */*

Response DefaultHttpResponse(decodeResult: success, version: HTTP/1.1)
HTTP/1.1 200 OK
Content-Type: application/json; charset=utf-8
cache-control: no-cache
content-length: 14

19:06:27.543 [AsyncHttpClient-1-6] DEBUG org.asynchttpclient.netty.channel.ChannelManager - Adding key: http://localhost:56104 for channel [id: 0x8950e768, L:/127.0.0.1:50469 - R:localhost/127.0.0.1:56104]
19:06:27.593 [AsyncHttpClient-1-6] DEBUG org.asynchttpclient.netty.handler.HttpHandler - Channel Closed: [id: 0x8950e768, L:/127.0.0.1:50469 ! R:localhost/127.0.0.1:56104] with attribute DISCARD
19:06:27.620 [main] INFO  - 
  _____   ___   ___   _____     ___     _     ___   ___   ___   ___  
 |_   _| | __| / __| |_   _|   | _ \   /_\   / __| / __| | __| |   \ 
   | |   | _|  \__ \   | |     |  _/  / _ \  \__ \ \__ \ | _|  | |) |
   |_|   |___| |___/   |_|     |_|   /_/ \_\ |___/ |___/ |___| |___/ 

As a admin I login - invalid
----------------------------------------------------------------------
]]></system-out>
    <system-err><![CDATA[Starting ChromeDriver 103.0.5060.53 (a1711811edd74ff1cf2150f36ffa3b0dae40b17f-refs/branch-heads/5060@{#853}) on port 56104
Only local connections are allowed.
Please see https://chromedriver.chromium.org/security-considerations for suggestions on keeping ChromeDriver safe.
ChromeDriver was started successfully.
Jul 17, 2022 7:06:15 PM org.openqa.selenium.remote.ProtocolHandshake createSession
INFO: Detected dialect: W3C
Jul 17, 2022 7:06:15 PM org.openqa.selenium.devtools.CdpVersionFinder findNearestMatch
WARNING: Unable to find an exact match for CDP version 103, so returning the closest version found: 101
Jul 17, 2022 7:06:15 PM org.openqa.selenium.devtools.CdpVersionFinder findNearestMatch
INFO: Found CDP implementation for version 103 of 101
]]></system-err>
  </testcase>
  <testcase name="As a admin I login - invalid #3" classname="Login - Admin" time="14.045">
    <system-out><![CDATA[
@Login111 @LoginAdminInvalid
Scenario Outline: As a admin I login - invalid &amp#27;[90m# src/test/resources/features/1Login.feature:28&amp#27;[0m
19:06:27.643 [main] INFO io.cucumber.core.plugin.SerenityReporter - Running feature from file:///C:/Alterra/CapstoneBaru/QE/TestingWebUpdate/src/test/resources/features/1Login.feature
19:06:27.722 [main] DEBUG net.thucydides.core.steps.StepInterceptor - STARTING STEP: LoginSteps.openLoginPage - openLogin
19:06:27.723 [main] INFO net.serenitybdd.core.webdriver.driverproviders.ChromeDriverProvider - Using automatically driver download
19:06:27.860 [main] DEBUG io.github.bonigarcia.wdm.cache.ResolutionCache - Resolution chrome=103 in cache (valid until 20:05:23 17/07/2022 ICT)
19:06:27.865 [main] DEBUG io.github.bonigarcia.wdm.cache.ResolutionCache - Resolution chrome103=103.0.5060.53 in cache (valid until 17:54:33 18/07/2022 ICT)
19:06:27.868 [main] INFO io.github.bonigarcia.wdm.WebDriverManager - Using chromedriver 103.0.5060.53 (resolved driver for Chrome 103)
19:06:27.876 [main] DEBUG io.github.bonigarcia.wdm.WebDriverManager - Driver chromedriver 103.0.5060.53 found in cache
19:06:27.876 [main] INFO io.github.bonigarcia.wdm.WebDriverManager - Exporting webdriver.chrome.driver as C:\Users\Bagas Dwi Saputra\.cache\selenium\chromedriver\win32\103.0.5060.53\chromedriver.exe
19:06:28.012 [main] DEBUG net.serenitybdd.core.webdriver.driverproviders.ProvideNewDriver - Instantiating driver
19:06:28.012 [main] DEBUG net.serenitybdd.core.webdriver.driverproviders.ProvideNewDriver - Driver capabilities: Capabilities {acceptInsecureCerts: false, base.url: https://fanciful-trifle-360..., browserName: chrome, chorme.driver: src/test/resources/webdrive..., driver: chrome, goog:chromeOptions: {args: [], extensions: []}}
19:06:28.153 [AsyncHttpClient-1-9] DEBUG org.asynchttpclient.netty.channel.NettyConnectListener - Using new Channel '[id: 0x8ad135c4, L:/127.0.0.1:50493 - R:localhost/127.0.0.1:65247]' for 'POST' to '/session'
19:06:28.363 [AsyncHttpClient-1-1] DEBUG org.asynchttpclient.netty.channel.DefaultChannelPool - Entry count for : http://localhost:56104 : 1
19:06:28.363 [AsyncHttpClient-1-1] DEBUG org.asynchttpclient.netty.channel.DefaultChannelPool - Entry count for : http://localhost:50470 : 1
19:06:28.363 [AsyncHttpClient-1-1] DEBUG org.asynchttpclient.netty.channel.DefaultChannelPool - Adding Candidate expired Channel [id: 0x8950e768, L:/127.0.0.1:50469 ! R:localhost/127.0.0.1:56104] isIdleTimeoutExpired=false isRemotelyClosed=true isTtlExpired=false
19:06:28.363 [AsyncHttpClient-1-1] DEBUG org.asynchttpclient.netty.channel.DefaultChannelPool - Closing Idle Channel [id: 0x8950e768, L:/127.0.0.1:50469 ! R:localhost/127.0.0.1:56104]
19:06:28.363 [AsyncHttpClient-1-1] DEBUG org.asynchttpclient.netty.channel.DefaultChannelPool - Adding Candidate expired Channel [id: 0x6731ae93, L:/127.0.0.1:50475 ! R:localhost/127.0.0.1:50470] isIdleTimeoutExpired=false isRemotelyClosed=true isTtlExpired=false
19:06:28.363 [AsyncHttpClient-1-1] DEBUG org.asynchttpclient.netty.channel.DefaultChannelPool - Closing Idle Channel [id: 0x6731ae93, L:/127.0.0.1:50475 ! R:localhost/127.0.0.1:50470]
19:06:28.363 [AsyncHttpClient-1-1] DEBUG org.asynchttpclient.netty.channel.DefaultChannelPool - Closed 2 connections out of 2 in 0 ms
19:06:29.376 [AsyncHttpClient-1-9] DEBUG org.asynchttpclient.netty.handler.HttpHandler - 

Request DefaultHttpRequest(decodeResult: success, version: HTTP/1.1)
POST /session HTTP/1.1
User-Agent: selenium/4.1.4 (java windows)
Content-Length: 629
Content-Type: application/json; charset=utf-8
host: localhost:65247
accept: */*

Response DefaultHttpResponse(decodeResult: success, version: HTTP/1.1)
HTTP/1.1 200 OK
Content-Type: application/json; charset=utf-8
cache-control: no-cache
content-length: 794

19:06:29.376 [AsyncHttpClient-1-9] DEBUG org.asynchttpclient.netty.channel.ChannelManager - Adding key: http://localhost:65247 for channel [id: 0x8ad135c4, L:/127.0.0.1:50493 - R:localhost/127.0.0.1:65247]
19:06:29.384 [AsyncHttpClient-1-2] DEBUG org.asynchttpclient.netty.channel.NettyConnectListener - Using new Channel '[id: 0x917bc4c1, L:/127.0.0.1:50500 - R:localhost/127.0.0.1:50494]' for 'GET' to '/json/version'
19:06:29.384 [AsyncHttpClient-1-2] DEBUG org.asynchttpclient.netty.handler.HttpHandler - 

Request DefaultFullHttpRequest(decodeResult: success, version: HTTP/1.1, content: EmptyByteBufBE)
GET /json/version HTTP/1.1
User-Agent: selenium/4.1.4 (java windows)
host: localhost:50494
accept: */*

Response DefaultHttpResponse(decodeResult: success, version: HTTP/1.1)
HTTP/1.1 200 OK
Content-Type: application/json; charset=UTF-8
content-length: 429

19:06:29.385 [AsyncHttpClient-1-2] DEBUG org.asynchttpclient.netty.channel.ChannelManager - Adding key: http://localhost:50494 for channel [id: 0x917bc4c1, L:/127.0.0.1:50500 - R:localhost/127.0.0.1:50494]
19:06:29.387 [AsyncHttpClient-1-3] DEBUG org.asynchttpclient.netty.channel.NettyConnectListener - Using new Channel '[id: 0xfc7121ff, L:/127.0.0.1:50501 - R:localhost/127.0.0.1:50494]' for 'GET' to '/devtools/browser/bc4cc1e6-07e7-40a9-b21a-125665166db6'
19:06:29.387 [AsyncHttpClient-1-3] DEBUG org.asynchttpclient.netty.handler.WebSocketHandler - 

Request DefaultFullHttpRequest(decodeResult: success, version: HTTP/1.1, content: EmptyByteBufBE)
GET /devtools/browser/bc4cc1e6-07e7-40a9-b21a-125665166db6 HTTP/1.1
upgrade: websocket
connection: upgrade
sec-websocket-key: ENV3tfFhnDkZqyQziU/L2w==
sec-websocket-version: 13
origin: http://localhost:50494
host: localhost:50494
accept: */*
user-agent: AHC/2.1

Response DefaultHttpResponse(decodeResult: success, version: HTTP/1.1)
HTTP/1.1 101 WebSocket Protocol Handshake
Upgrade: WebSocket
Connection: Upgrade
Sec-WebSocket-Accept: 5FKXtr+uVYMFs5Epdf6zk9YPlQQ=

19:06:29.388 [Forwarding get on session 3b5d8edf9953454f69dc50d942132b0d to remote] DEBUG org.asynchttpclient.netty.request.NettyRequestSender - Using pooled Channel '[id: 0x8ad135c4, L:/127.0.0.1:50493 - R:localhost/127.0.0.1:65247]' for 'POST' to 'http://localhost:65247/session/3b5d8edf9953454f69dc50d942132b0d/url'
19:06:29.388 [Forwarding get on session 3b5d8edf9953454f69dc50d942132b0d to remote] DEBUG org.asynchttpclient.netty.request.NettyRequestSender - Using open Channel [id: 0x8ad135c4, L:/127.0.0.1:50493 - R:localhost/127.0.0.1:65247] for POST '/session/3b5d8edf9953454f69dc50d942132b0d/url'
19:06:29.462 [AsyncHttpClient-1-1] DEBUG org.asynchttpclient.netty.channel.DefaultChannelPool - Entry count for : http://localhost:50494 : 1
19:06:30.056 [AsyncHttpClient-1-9] DEBUG org.asynchttpclient.netty.handler.HttpHandler - 

Request DefaultHttpRequest(decodeResult: success, version: HTTP/1.1)
POST /session/3b5d8edf9953454f69dc50d942132b0d/url HTTP/1.1
User-Agent: selenium/4.1.4 (java windows)
Content-Length: 78
Content-Type: application/json; charset=utf-8
host: localhost:65247
accept: */*

Response DefaultHttpResponse(decodeResult: success, version: HTTP/1.1)
HTTP/1.1 200 OK
Content-Type: application/json; charset=utf-8
cache-control: no-cache
content-length: 14

19:06:30.057 [AsyncHttpClient-1-9] DEBUG org.asynchttpclient.netty.channel.ChannelManager - Adding key: http://localhost:65247 for channel [id: 0x8ad135c4, L:/127.0.0.1:50493 - R:localhost/127.0.0.1:65247]
19:06:30.058 [Forwarding setTimeout on session 3b5d8edf9953454f69dc50d942132b0d to remote] DEBUG org.asynchttpclient.netty.request.NettyRequestSender - Using pooled Channel '[id: 0x8ad135c4, L:/127.0.0.1:50493 - R:localhost/127.0.0.1:65247]' for 'POST' to 'http://localhost:65247/session/3b5d8edf9953454f69dc50d942132b0d/timeouts'
19:06:30.058 [Forwarding setTimeout on session 3b5d8edf9953454f69dc50d942132b0d to remote] DEBUG org.asynchttpclient.netty.request.NettyRequestSender - Using open Channel [id: 0x8ad135c4, L:/127.0.0.1:50493 - R:localhost/127.0.0.1:65247] for POST '/session/3b5d8edf9953454f69dc50d942132b0d/timeouts'
19:06:30.060 [AsyncHttpClient-1-9] DEBUG org.asynchttpclient.netty.handler.HttpHandler - 

Request DefaultHttpRequest(decodeResult: success, version: HTTP/1.1)
POST /session/3b5d8edf9953454f69dc50d942132b0d/timeouts HTTP/1.1
User-Agent: selenium/4.1.4 (java windows)
Content-Length: 22
Content-Type: application/json; charset=utf-8
host: localhost:65247
accept: */*

Response DefaultHttpResponse(decodeResult: success, version: HTTP/1.1)
HTTP/1.1 200 OK
Content-Type: application/json; charset=utf-8
cache-control: no-cache
content-length: 14

19:06:30.060 [AsyncHttpClient-1-9] DEBUG org.asynchttpclient.netty.channel.ChannelManager - Adding key: http://localhost:65247 for channel [id: 0x8ad135c4, L:/127.0.0.1:50493 - R:localhost/127.0.0.1:65247]
19:06:30.061 [Forwarding getCurrentUrl on session 3b5d8edf9953454f69dc50d942132b0d to remote] DEBUG org.asynchttpclient.netty.request.NettyRequestSender - Using pooled Channel '[id: 0x8ad135c4, L:/127.0.0.1:50493 - R:localhost/127.0.0.1:65247]' for 'GET' to 'http://localhost:65247/session/3b5d8edf9953454f69dc50d942132b0d/url'
19:06:30.061 [Forwarding getCurrentUrl on session 3b5d8edf9953454f69dc50d942132b0d to remote] DEBUG org.asynchttpclient.netty.request.NettyRequestSender - Using open Channel [id: 0x8ad135c4, L:/127.0.0.1:50493 - R:localhost/127.0.0.1:65247] for GET '/session/3b5d8edf9953454f69dc50d942132b0d/url'
19:06:30.088 [AsyncHttpClient-1-9] DEBUG org.asynchttpclient.netty.handler.HttpHandler - 

Request DefaultFullHttpRequest(decodeResult: success, version: HTTP/1.1, content: EmptyByteBufBE)
GET /session/3b5d8edf9953454f69dc50d942132b0d/url HTTP/1.1
User-Agent: selenium/4.1.4 (java windows)
Cache-Control: no-cache
Content-Type: application/json; charset=utf-8
host: localhost:65247
accept: */*

Response DefaultHttpResponse(decodeResult: success, version: HTTP/1.1)
HTTP/1.1 200 OK
Content-Type: application/json; charset=utf-8
cache-control: no-cache
content-length: 60

19:06:30.089 [AsyncHttpClient-1-9] DEBUG org.asynchttpclient.netty.channel.ChannelManager - Adding key: http://localhost:65247 for channel [id: 0x8ad135c4, L:/127.0.0.1:50493 - R:localhost/127.0.0.1:65247]
19:06:30.094 [Forwarding screenshot on session 3b5d8edf9953454f69dc50d942132b0d to remote] DEBUG org.asynchttpclient.netty.request.NettyRequestSender - Using pooled Channel '[id: 0x8ad135c4, L:/127.0.0.1:50493 - R:localhost/127.0.0.1:65247]' for 'GET' to 'http://localhost:65247/session/3b5d8edf9953454f69dc50d942132b0d/screenshot'
19:06:30.094 [Forwarding screenshot on session 3b5d8edf9953454f69dc50d942132b0d to remote] DEBUG org.asynchttpclient.netty.request.NettyRequestSender - Using open Channel [id: 0x8ad135c4, L:/127.0.0.1:50493 - R:localhost/127.0.0.1:65247] for GET '/session/3b5d8edf9953454f69dc50d942132b0d/screenshot'
19:06:30.430 [AsyncHttpClient-1-9] DEBUG org.asynchttpclient.netty.handler.HttpHandler - 

Request DefaultFullHttpRequest(decodeResult: success, version: HTTP/1.1, content: EmptyByteBufBE)
GET /session/3b5d8edf9953454f69dc50d942132b0d/screenshot HTTP/1.1
User-Agent: selenium/4.1.4 (java windows)
Cache-Control: no-cache
Content-Type: application/json; charset=utf-8
host: localhost:65247
accept: */*

Response DefaultHttpResponse(decodeResult: success, version: HTTP/1.1)
HTTP/1.1 200 OK
Content-Type: application/json; charset=utf-8
cache-control: no-cache
content-length: 380436

19:06:30.431 [AsyncHttpClient-1-9] DEBUG org.asynchttpclient.netty.channel.ChannelManager - Adding key: http://localhost:65247 for channel [id: 0x8ad135c4, L:/127.0.0.1:50493 - R:localhost/127.0.0.1:65247]
19:06:30.435 [main] DEBUG net.serenitybdd.core.photography.Darkroom - Send negative for processing for target\site\serenity\d122c364c40ece9db0ad32cd97c3fcf63e95ba606118dda8d3e5a1d2b8235ce2.png
19:06:30.435 [main] DEBUG net.thucydides.core.steps.StepInterceptor - STEP DONE: openLogin
  &amp#27;[32mGiven &amp#27;[0m&amp#27;[32mOpen login page&amp#27;[0m                        &amp#27;[90m# starter.stepdefinitios.LoginSteps.openLoginPage()&amp#27;[0m
19:06:30.563 [AsyncHttpClient-1-1] DEBUG org.asynchttpclient.netty.channel.DefaultChannelPool - Entry count for : http://localhost:50494 : 1
19:06:30.563 [AsyncHttpClient-1-1] DEBUG org.asynchttpclient.netty.channel.DefaultChannelPool - Entry count for : http://localhost:65247 : 1
19:06:31.455 [Forwarding findElement on session 3b5d8edf9953454f69dc50d942132b0d to remote] DEBUG org.asynchttpclient.netty.request.NettyRequestSender - Using pooled Channel '[id: 0x8ad135c4, L:/127.0.0.1:50493 - R:localhost/127.0.0.1:65247]' for 'POST' to 'http://localhost:65247/session/3b5d8edf9953454f69dc50d942132b0d/element'
19:06:31.455 [Forwarding findElement on session 3b5d8edf9953454f69dc50d942132b0d to remote] DEBUG org.asynchttpclient.netty.request.NettyRequestSender - Using open Channel [id: 0x8ad135c4, L:/127.0.0.1:50493 - R:localhost/127.0.0.1:65247] for POST '/session/3b5d8edf9953454f69dc50d942132b0d/element'
19:06:31.473 [AsyncHttpClient-1-9] DEBUG org.asynchttpclient.netty.handler.HttpHandler - 

Request DefaultHttpRequest(decodeResult: success, version: HTTP/1.1)
POST /session/3b5d8edf9953454f69dc50d942132b0d/element HTTP/1.1
User-Agent: selenium/4.1.4 (java windows)
Content-Length: 70
Content-Type: application/json; charset=utf-8
host: localhost:65247
accept: */*

Response DefaultHttpResponse(decodeResult: success, version: HTTP/1.1)
HTTP/1.1 200 OK
Content-Type: application/json; charset=utf-8
cache-control: no-cache
content-length: 88

19:06:31.473 [AsyncHttpClient-1-9] DEBUG org.asynchttpclient.netty.channel.ChannelManager - Adding key: http://localhost:65247 for channel [id: 0x8ad135c4, L:/127.0.0.1:50493 - R:localhost/127.0.0.1:65247]
19:06:31.474 [Forwarding sendKeysToElement on session 3b5d8edf9953454f69dc50d942132b0d to remote] DEBUG org.asynchttpclient.netty.request.NettyRequestSender - Using pooled Channel '[id: 0x8ad135c4, L:/127.0.0.1:50493 - R:localhost/127.0.0.1:65247]' for 'POST' to 'http://localhost:65247/session/3b5d8edf9953454f69dc50d942132b0d/element/7156e783-0a6d-45b1-90c2-424574dfb366/value'
19:06:31.474 [Forwarding sendKeysToElement on session 3b5d8edf9953454f69dc50d942132b0d to remote] DEBUG org.asynchttpclient.netty.request.NettyRequestSender - Using open Channel [id: 0x8ad135c4, L:/127.0.0.1:50493 - R:localhost/127.0.0.1:65247] for POST '/session/3b5d8edf9953454f69dc50d942132b0d/element/7156e783-0a6d-45b1-90c2-424574dfb366/value'
19:06:31.620 [AsyncHttpClient-1-9] DEBUG org.asynchttpclient.netty.handler.HttpHandler - 

Request DefaultHttpRequest(decodeResult: success, version: HTTP/1.1)
POST /session/3b5d8edf9953454f69dc50d942132b0d/element/7156e783-0a6d-45b1-90c2-424574dfb366/value HTTP/1.1
User-Agent: selenium/4.1.4 (java windows)
Content-Length: 151
Content-Type: application/json; charset=utf-8
host: localhost:65247
accept: */*

Response DefaultHttpResponse(decodeResult: success, version: HTTP/1.1)
HTTP/1.1 200 OK
Content-Type: application/json; charset=utf-8
cache-control: no-cache
content-length: 14

19:06:31.620 [AsyncHttpClient-1-9] DEBUG org.asynchttpclient.netty.channel.ChannelManager - Adding key: http://localhost:65247 for channel [id: 0x8ad135c4, L:/127.0.0.1:50493 - R:localhost/127.0.0.1:65247]
  &amp#27;[32mWhen &amp#27;[0m&amp#27;[32mI input &amp#27;[0m&amp#27;[32m&amp#27;[1m"invalid"&amp#27;[0m&amp#27;[32m login email&amp#27;[0m           &amp#27;[90m# starter.stepdefinitios.LoginSteps.iInputEmailLogin(java.lang.String)&amp#27;[0m
19:06:31.624 [Forwarding screenshot on session 3b5d8edf9953454f69dc50d942132b0d to remote] DEBUG org.asynchttpclient.netty.request.NettyRequestSender - Using pooled Channel '[id: 0x8ad135c4, L:/127.0.0.1:50493 - R:localhost/127.0.0.1:65247]' for 'GET' to 'http://localhost:65247/session/3b5d8edf9953454f69dc50d942132b0d/screenshot'
19:06:31.624 [Forwarding screenshot on session 3b5d8edf9953454f69dc50d942132b0d to remote] DEBUG org.asynchttpclient.netty.request.NettyRequestSender - Using open Channel [id: 0x8ad135c4, L:/127.0.0.1:50493 - R:localhost/127.0.0.1:65247] for GET '/session/3b5d8edf9953454f69dc50d942132b0d/screenshot'
19:06:31.656 [AsyncHttpClient-1-1] DEBUG org.asynchttpclient.netty.channel.DefaultChannelPool - Entry count for : http://localhost:50494 : 1
19:06:31.837 [AsyncHttpClient-1-9] DEBUG org.asynchttpclient.netty.handler.HttpHandler - 

Request DefaultFullHttpRequest(decodeResult: success, version: HTTP/1.1, content: EmptyByteBufBE)
GET /session/3b5d8edf9953454f69dc50d942132b0d/screenshot HTTP/1.1
User-Agent: selenium/4.1.4 (java windows)
Cache-Control: no-cache
Content-Type: application/json; charset=utf-8
host: localhost:65247
accept: */*

Response DefaultHttpResponse(decodeResult: success, version: HTTP/1.1)
HTTP/1.1 200 OK
Content-Type: application/json; charset=utf-8
cache-control: no-cache
content-length: 379588

19:06:31.846 [AsyncHttpClient-1-9] DEBUG org.asynchttpclient.netty.channel.ChannelManager - Adding key: http://localhost:65247 for channel [id: 0x8ad135c4, L:/127.0.0.1:50493 - R:localhost/127.0.0.1:65247]
19:06:31.847 [main] DEBUG net.serenitybdd.core.photography.Darkroom - Send negative for processing for target\site\serenity\17a50325831dbc3c0192eda3948fb85b5cdfaf762aff1b660651fb27d76feef1.png
19:06:32.766 [AsyncHttpClient-1-1] DEBUG org.asynchttpclient.netty.channel.DefaultChannelPool - Entry count for : http://localhost:50494 : 1
19:06:32.766 [AsyncHttpClient-1-1] DEBUG org.asynchttpclient.netty.channel.DefaultChannelPool - Entry count for : http://localhost:65247 : 1
19:06:32.880 [Forwarding screenshot on session 3b5d8edf9953454f69dc50d942132b0d to remote] DEBUG org.asynchttpclient.netty.request.NettyRequestSender - Using pooled Channel '[id: 0x8ad135c4, L:/127.0.0.1:50493 - R:localhost/127.0.0.1:65247]' for 'GET' to 'http://localhost:65247/session/3b5d8edf9953454f69dc50d942132b0d/screenshot'
19:06:32.880 [Forwarding screenshot on session 3b5d8edf9953454f69dc50d942132b0d to remote] DEBUG org.asynchttpclient.netty.request.NettyRequestSender - Using open Channel [id: 0x8ad135c4, L:/127.0.0.1:50493 - R:localhost/127.0.0.1:65247] for GET '/session/3b5d8edf9953454f69dc50d942132b0d/screenshot'
19:06:33.099 [AsyncHttpClient-1-9] DEBUG org.asynchttpclient.netty.handler.HttpHandler - 

Request DefaultFullHttpRequest(decodeResult: success, version: HTTP/1.1, content: EmptyByteBufBE)
GET /session/3b5d8edf9953454f69dc50d942132b0d/screenshot HTTP/1.1
User-Agent: selenium/4.1.4 (java windows)
Cache-Control: no-cache
Content-Type: application/json; charset=utf-8
host: localhost:65247
accept: */*

Response DefaultHttpResponse(decodeResult: success, version: HTTP/1.1)
HTTP/1.1 200 OK
Content-Type: application/json; charset=utf-8
cache-control: no-cache
content-length: 379588

19:06:33.108 [AsyncHttpClient-1-9] DEBUG org.asynchttpclient.netty.channel.ChannelManager - Adding key: http://localhost:65247 for channel [id: 0x8ad135c4, L:/127.0.0.1:50493 - R:localhost/127.0.0.1:65247]
19:06:33.115 [main] DEBUG net.serenitybdd.core.photography.Darkroom - Send negative for processing for target\site\serenity\17a50325831dbc3c0192eda3948fb85b5cdfaf762aff1b660651fb27d76feef1.png
19:06:33.115 [main] DEBUG net.thucydides.core.steps.StepInterceptor - STARTING STEP: LoginSteps.iInputPasswordLogin - inputPasswordLogin
19:06:33.117 [Forwarding findElement on session 3b5d8edf9953454f69dc50d942132b0d to remote] DEBUG org.asynchttpclient.netty.request.NettyRequestSender - Using pooled Channel '[id: 0x8ad135c4, L:/127.0.0.1:50493 - R:localhost/127.0.0.1:65247]' for 'POST' to 'http://localhost:65247/session/3b5d8edf9953454f69dc50d942132b0d/element'
19:06:33.117 [Forwarding findElement on session 3b5d8edf9953454f69dc50d942132b0d to remote] DEBUG org.asynchttpclient.netty.request.NettyRequestSender - Using open Channel [id: 0x8ad135c4, L:/127.0.0.1:50493 - R:localhost/127.0.0.1:65247] for POST '/session/3b5d8edf9953454f69dc50d942132b0d/element'
19:06:33.129 [AsyncHttpClient-1-9] DEBUG org.asynchttpclient.netty.handler.HttpHandler - 

Request DefaultHttpRequest(decodeResult: success, version: HTTP/1.1)
POST /session/3b5d8edf9953454f69dc50d942132b0d/element HTTP/1.1
User-Agent: selenium/4.1.4 (java windows)
Content-Length: 70
Content-Type: application/json; charset=utf-8
host: localhost:65247
accept: */*

Response DefaultHttpResponse(decodeResult: success, version: HTTP/1.1)
HTTP/1.1 200 OK
Content-Type: application/json; charset=utf-8
cache-control: no-cache
content-length: 88

19:06:33.129 [AsyncHttpClient-1-9] DEBUG org.asynchttpclient.netty.channel.ChannelManager - Adding key: http://localhost:65247 for channel [id: 0x8ad135c4, L:/127.0.0.1:50493 - R:localhost/127.0.0.1:65247]
19:06:33.131 [Forwarding sendKeysToElement on session 3b5d8edf9953454f69dc50d942132b0d to remote] DEBUG org.asynchttpclient.netty.request.NettyRequestSender - Using pooled Channel '[id: 0x8ad135c4, L:/127.0.0.1:50493 - R:localhost/127.0.0.1:65247]' for 'POST' to 'http://localhost:65247/session/3b5d8edf9953454f69dc50d942132b0d/element/76cc2233-9241-45e3-bb75-d6f152a21ba3/value'
19:06:33.131 [Forwarding sendKeysToElement on session 3b5d8edf9953454f69dc50d942132b0d to remote] DEBUG org.asynchttpclient.netty.request.NettyRequestSender - Using open Channel [id: 0x8ad135c4, L:/127.0.0.1:50493 - R:localhost/127.0.0.1:65247] for POST '/session/3b5d8edf9953454f69dc50d942132b0d/element/76cc2233-9241-45e3-bb75-d6f152a21ba3/value'
19:06:33.186 [AsyncHttpClient-1-9] DEBUG org.asynchttpclient.netty.handler.HttpHandler - 

Request DefaultHttpRequest(decodeResult: success, version: HTTP/1.1)
POST /session/3b5d8edf9953454f69dc50d942132b0d/element/76cc2233-9241-45e3-bb75-d6f152a21ba3/value HTTP/1.1
User-Agent: selenium/4.1.4 (java windows)
Content-Length: 131
Content-Type: application/json; charset=utf-8
host: localhost:65247
accept: */*

Response DefaultHttpResponse(decodeResult: success, version: HTTP/1.1)
HTTP/1.1 200 OK
Content-Type: application/json; charset=utf-8
cache-control: no-cache
content-length: 14

19:06:33.186 [AsyncHttpClient-1-9] DEBUG org.asynchttpclient.netty.channel.ChannelManager - Adding key: http://localhost:65247 for channel [id: 0x8ad135c4, L:/127.0.0.1:50493 - R:localhost/127.0.0.1:65247]
19:06:33.190 [Forwarding screenshot on session 3b5d8edf9953454f69dc50d942132b0d to remote] DEBUG org.asynchttpclient.netty.request.NettyRequestSender - Using pooled Channel '[id: 0x8ad135c4, L:/127.0.0.1:50493 - R:localhost/127.0.0.1:65247]' for 'GET' to 'http://localhost:65247/session/3b5d8edf9953454f69dc50d942132b0d/screenshot'
19:06:33.190 [Forwarding screenshot on session 3b5d8edf9953454f69dc50d942132b0d to remote] DEBUG org.asynchttpclient.netty.request.NettyRequestSender - Using open Channel [id: 0x8ad135c4, L:/127.0.0.1:50493 - R:localhost/127.0.0.1:65247] for GET '/session/3b5d8edf9953454f69dc50d942132b0d/screenshot'
19:06:33.354 [AsyncHttpClient-1-9] DEBUG org.asynchttpclient.netty.handler.HttpHandler - 

Request DefaultFullHttpRequest(decodeResult: success, version: HTTP/1.1, content: EmptyByteBufBE)
GET /session/3b5d8edf9953454f69dc50d942132b0d/screenshot HTTP/1.1
User-Agent: selenium/4.1.4 (java windows)
Cache-Control: no-cache
Content-Type: application/json; charset=utf-8
host: localhost:65247
accept: */*

Response DefaultHttpResponse(decodeResult: success, version: HTTP/1.1)
HTTP/1.1 200 OK
Content-Type: application/json; charset=utf-8
cache-control: no-cache
content-length: 377748

19:06:33.354 [AsyncHttpClient-1-9] DEBUG org.asynchttpclient.netty.channel.ChannelManager - Adding key: http://localhost:65247 for channel [id: 0x8ad135c4, L:/127.0.0.1:50493 - R:localhost/127.0.0.1:65247]
19:06:33.363 [main] DEBUG net.serenitybdd.core.photography.Darkroom - Send negative for processing for target\site\serenity\2426dd47af808e5d171a90ac2df4d4340183c63f8298ee6dafbfe2577e6b33ca.png
19:06:33.363 [main] DEBUG net.thucydides.core.steps.StepInterceptor - STEP DONE: inputPasswordLogin
19:06:33.363 [Darkroom Processing Line] DEBUG net.serenitybdd.core.photography.DarkroomProcessingLine - Processing screenshot image in /var/screenshots/screenshot-7388605652794932218
  &amp#27;[32mAnd &amp#27;[0m&amp#27;[32mI input &amp#27;[0m&amp#27;[32m&amp#27;[1m"admin"&amp#27;[0m&amp#27;[32m login password&amp#27;[0m           &amp#27;[90m# starter.stepdefinitios.LoginSteps.iInputPasswordLogin(java.lang.String)&amp#27;[0m
19:06:33.363 [Darkroom Processing Line] DEBUG net.serenitybdd.core.photography.DarkroomProcessingLine - Saving screenshot to target\site\serenity\2426dd47af808e5d171a90ac2df4d4340183c63f8298ee6dafbfe2577e6b33ca.png
19:06:33.378 [main] DEBUG net.thucydides.core.steps.StepInterceptor - STARTING STEP: LoginSteps.iClickButtonLogin - clickButtonLogin
19:06:33.383 [Forwarding findElement on session 3b5d8edf9953454f69dc50d942132b0d to remote] DEBUG org.asynchttpclient.netty.request.NettyRequestSender - Using pooled Channel '[id: 0x8ad135c4, L:/127.0.0.1:50493 - R:localhost/127.0.0.1:65247]' for 'POST' to 'http://localhost:65247/session/3b5d8edf9953454f69dc50d942132b0d/element'
19:06:33.383 [Forwarding findElement on session 3b5d8edf9953454f69dc50d942132b0d to remote] DEBUG org.asynchttpclient.netty.request.NettyRequestSender - Using open Channel [id: 0x8ad135c4, L:/127.0.0.1:50493 - R:localhost/127.0.0.1:65247] for POST '/session/3b5d8edf9953454f69dc50d942132b0d/element'
19:06:33.392 [AsyncHttpClient-1-9] DEBUG org.asynchttpclient.netty.handler.HttpHandler - 

Request DefaultHttpRequest(decodeResult: success, version: HTTP/1.1)
POST /session/3b5d8edf9953454f69dc50d942132b0d/element HTTP/1.1
User-Agent: selenium/4.1.4 (java windows)
Content-Length: 68
Content-Type: application/json; charset=utf-8
host: localhost:65247
accept: */*

Response DefaultHttpResponse(decodeResult: success, version: HTTP/1.1)
HTTP/1.1 200 OK
Content-Type: application/json; charset=utf-8
cache-control: no-cache
content-length: 88

19:06:33.392 [AsyncHttpClient-1-9] DEBUG org.asynchttpclient.netty.channel.ChannelManager - Adding key: http://localhost:65247 for channel [id: 0x8ad135c4, L:/127.0.0.1:50493 - R:localhost/127.0.0.1:65247]
19:06:33.394 [Forwarding getElementTagName on session 3b5d8edf9953454f69dc50d942132b0d to remote] DEBUG org.asynchttpclient.netty.request.NettyRequestSender - Using pooled Channel '[id: 0x8ad135c4, L:/127.0.0.1:50493 - R:localhost/127.0.0.1:65247]' for 'GET' to 'http://localhost:65247/session/3b5d8edf9953454f69dc50d942132b0d/element/d1c10500-e277-44d2-bc1b-75c211b5d768/name'
19:06:33.394 [Forwarding getElementTagName on session 3b5d8edf9953454f69dc50d942132b0d to remote] DEBUG org.asynchttpclient.netty.request.NettyRequestSender - Using open Channel [id: 0x8ad135c4, L:/127.0.0.1:50493 - R:localhost/127.0.0.1:65247] for GET '/session/3b5d8edf9953454f69dc50d942132b0d/element/d1c10500-e277-44d2-bc1b-75c211b5d768/name'
19:06:33.397 [AsyncHttpClient-1-9] DEBUG org.asynchttpclient.netty.handler.HttpHandler - 

Request DefaultFullHttpRequest(decodeResult: success, version: HTTP/1.1, content: EmptyByteBufBE)
GET /session/3b5d8edf9953454f69dc50d942132b0d/element/d1c10500-e277-44d2-bc1b-75c211b5d768/name HTTP/1.1
User-Agent: selenium/4.1.4 (java windows)
Cache-Control: no-cache
Content-Type: application/json; charset=utf-8
host: localhost:65247
accept: */*

Response DefaultHttpResponse(decodeResult: success, version: HTTP/1.1)
HTTP/1.1 200 OK
Content-Type: application/json; charset=utf-8
cache-control: no-cache
content-length: 18

19:06:33.398 [AsyncHttpClient-1-9] DEBUG org.asynchttpclient.netty.channel.ChannelManager - Adding key: http://localhost:65247 for channel [id: 0x8ad135c4, L:/127.0.0.1:50493 - R:localhost/127.0.0.1:65247]
19:06:33.398 [Forwarding getElementTagName on session 3b5d8edf9953454f69dc50d942132b0d to remote] DEBUG org.asynchttpclient.netty.request.NettyRequestSender - Using pooled Channel '[id: 0x8ad135c4, L:/127.0.0.1:50493 - R:localhost/127.0.0.1:65247]' for 'GET' to 'http://localhost:65247/session/3b5d8edf9953454f69dc50d942132b0d/element/d1c10500-e277-44d2-bc1b-75c211b5d768/name'
19:06:33.398 [Forwarding getElementTagName on session 3b5d8edf9953454f69dc50d942132b0d to remote] DEBUG org.asynchttpclient.netty.request.NettyRequestSender - Using open Channel [id: 0x8ad135c4, L:/127.0.0.1:50493 - R:localhost/127.0.0.1:65247] for GET '/session/3b5d8edf9953454f69dc50d942132b0d/element/d1c10500-e277-44d2-bc1b-75c211b5d768/name'
19:06:33.401 [AsyncHttpClient-1-9] DEBUG org.asynchttpclient.netty.handler.HttpHandler - 

Request DefaultFullHttpRequest(decodeResult: success, version: HTTP/1.1, content: EmptyByteBufBE)
GET /session/3b5d8edf9953454f69dc50d942132b0d/element/d1c10500-e277-44d2-bc1b-75c211b5d768/name HTTP/1.1
User-Agent: selenium/4.1.4 (java windows)
Cache-Control: no-cache
Content-Type: application/json; charset=utf-8
host: localhost:65247
accept: */*

Response DefaultHttpResponse(decodeResult: success, version: HTTP/1.1)
HTTP/1.1 200 OK
Content-Type: application/json; charset=utf-8
cache-control: no-cache
content-length: 18

19:06:33.401 [AsyncHttpClient-1-9] DEBUG org.asynchttpclient.netty.channel.ChannelManager - Adding key: http://localhost:65247 for channel [id: 0x8ad135c4, L:/127.0.0.1:50493 - R:localhost/127.0.0.1:65247]
19:06:33.403 [Forwarding isElementEnabled on session 3b5d8edf9953454f69dc50d942132b0d to remote] DEBUG org.asynchttpclient.netty.request.NettyRequestSender - Using pooled Channel '[id: 0x8ad135c4, L:/127.0.0.1:50493 - R:localhost/127.0.0.1:65247]' for 'GET' to 'http://localhost:65247/session/3b5d8edf9953454f69dc50d942132b0d/element/d1c10500-e277-44d2-bc1b-75c211b5d768/enabled'
19:06:33.403 [Forwarding isElementEnabled on session 3b5d8edf9953454f69dc50d942132b0d to remote] DEBUG org.asynchttpclient.netty.request.NettyRequestSender - Using open Channel [id: 0x8ad135c4, L:/127.0.0.1:50493 - R:localhost/127.0.0.1:65247] for GET '/session/3b5d8edf9953454f69dc50d942132b0d/element/d1c10500-e277-44d2-bc1b-75c211b5d768/enabled'
19:06:33.418 [AsyncHttpClient-1-9] DEBUG org.asynchttpclient.netty.handler.HttpHandler - 

Request DefaultFullHttpRequest(decodeResult: success, version: HTTP/1.1, content: EmptyByteBufBE)
GET /session/3b5d8edf9953454f69dc50d942132b0d/element/d1c10500-e277-44d2-bc1b-75c211b5d768/enabled HTTP/1.1
User-Agent: selenium/4.1.4 (java windows)
Cache-Control: no-cache
Content-Type: application/json; charset=utf-8
host: localhost:65247
accept: */*

Response DefaultHttpResponse(decodeResult: success, version: HTTP/1.1)
HTTP/1.1 200 OK
Content-Type: application/json; charset=utf-8
cache-control: no-cache
content-length: 14

19:06:33.418 [AsyncHttpClient-1-9] DEBUG org.asynchttpclient.netty.channel.ChannelManager - Adding key: http://localhost:65247 for channel [id: 0x8ad135c4, L:/127.0.0.1:50493 - R:localhost/127.0.0.1:65247]
19:06:33.419 [Forwarding isElementEnabled on session 3b5d8edf9953454f69dc50d942132b0d to remote] DEBUG org.asynchttpclient.netty.request.NettyRequestSender - Using pooled Channel '[id: 0x8ad135c4, L:/127.0.0.1:50493 - R:localhost/127.0.0.1:65247]' for 'GET' to 'http://localhost:65247/session/3b5d8edf9953454f69dc50d942132b0d/element/d1c10500-e277-44d2-bc1b-75c211b5d768/enabled'
19:06:33.419 [Forwarding isElementEnabled on session 3b5d8edf9953454f69dc50d942132b0d to remote] DEBUG org.asynchttpclient.netty.request.NettyRequestSender - Using open Channel [id: 0x8ad135c4, L:/127.0.0.1:50493 - R:localhost/127.0.0.1:65247] for GET '/session/3b5d8edf9953454f69dc50d942132b0d/element/d1c10500-e277-44d2-bc1b-75c211b5d768/enabled'
19:06:33.425 [AsyncHttpClient-1-9] DEBUG org.asynchttpclient.netty.handler.HttpHandler - 

Request DefaultFullHttpRequest(decodeResult: success, version: HTTP/1.1, content: EmptyByteBufBE)
GET /session/3b5d8edf9953454f69dc50d942132b0d/element/d1c10500-e277-44d2-bc1b-75c211b5d768/enabled HTTP/1.1
User-Agent: selenium/4.1.4 (java windows)
Cache-Control: no-cache
Content-Type: application/json; charset=utf-8
host: localhost:65247
accept: */*

Response DefaultHttpResponse(decodeResult: success, version: HTTP/1.1)
HTTP/1.1 200 OK
Content-Type: application/json; charset=utf-8
cache-control: no-cache
content-length: 14

19:06:33.425 [AsyncHttpClient-1-9] DEBUG org.asynchttpclient.netty.channel.ChannelManager - Adding key: http://localhost:65247 for channel [id: 0x8ad135c4, L:/127.0.0.1:50493 - R:localhost/127.0.0.1:65247]
19:06:33.428 [Forwarding findElement on session 3b5d8edf9953454f69dc50d942132b0d to remote] DEBUG org.asynchttpclient.netty.request.NettyRequestSender - Using pooled Channel '[id: 0x8ad135c4, L:/127.0.0.1:50493 - R:localhost/127.0.0.1:65247]' for 'POST' to 'http://localhost:65247/session/3b5d8edf9953454f69dc50d942132b0d/element'
19:06:33.428 [Forwarding findElement on session 3b5d8edf9953454f69dc50d942132b0d to remote] DEBUG org.asynchttpclient.netty.request.NettyRequestSender - Using open Channel [id: 0x8ad135c4, L:/127.0.0.1:50493 - R:localhost/127.0.0.1:65247] for POST '/session/3b5d8edf9953454f69dc50d942132b0d/element'
19:06:33.433 [AsyncHttpClient-1-9] DEBUG org.asynchttpclient.netty.handler.HttpHandler - 

Request DefaultHttpRequest(decodeResult: success, version: HTTP/1.1)
POST /session/3b5d8edf9953454f69dc50d942132b0d/element HTTP/1.1
User-Agent: selenium/4.1.4 (java windows)
Content-Length: 68
Content-Type: application/json; charset=utf-8
host: localhost:65247
accept: */*

Response DefaultHttpResponse(decodeResult: success, version: HTTP/1.1)
HTTP/1.1 200 OK
Content-Type: application/json; charset=utf-8
cache-control: no-cache
content-length: 88

19:06:33.433 [AsyncHttpClient-1-9] DEBUG org.asynchttpclient.netty.channel.ChannelManager - Adding key: http://localhost:65247 for channel [id: 0x8ad135c4, L:/127.0.0.1:50493 - R:localhost/127.0.0.1:65247]
19:06:33.435 [Forwarding clickElement on session 3b5d8edf9953454f69dc50d942132b0d to remote] DEBUG org.asynchttpclient.netty.request.NettyRequestSender - Using pooled Channel '[id: 0x8ad135c4, L:/127.0.0.1:50493 - R:localhost/127.0.0.1:65247]' for 'POST' to 'http://localhost:65247/session/3b5d8edf9953454f69dc50d942132b0d/element/d1c10500-e277-44d2-bc1b-75c211b5d768/click'
19:06:33.435 [Forwarding clickElement on session 3b5d8edf9953454f69dc50d942132b0d to remote] DEBUG org.asynchttpclient.netty.request.NettyRequestSender - Using open Channel [id: 0x8ad135c4, L:/127.0.0.1:50493 - R:localhost/127.0.0.1:65247] for POST '/session/3b5d8edf9953454f69dc50d942132b0d/element/d1c10500-e277-44d2-bc1b-75c211b5d768/click'
19:06:33.484 [AsyncHttpClient-1-9] DEBUG org.asynchttpclient.netty.handler.HttpHandler - 

Request DefaultHttpRequest(decodeResult: success, version: HTTP/1.1)
POST /session/3b5d8edf9953454f69dc50d942132b0d/element/d1c10500-e277-44d2-bc1b-75c211b5d768/click HTTP/1.1
User-Agent: selenium/4.1.4 (java windows)
Content-Length: 50
Content-Type: application/json; charset=utf-8
host: localhost:65247
accept: */*

Response DefaultHttpResponse(decodeResult: success, version: HTTP/1.1)
HTTP/1.1 200 OK
Content-Type: application/json; charset=utf-8
cache-control: no-cache
content-length: 14

19:06:33.485 [AsyncHttpClient-1-9] DEBUG org.asynchttpclient.netty.channel.ChannelManager - Adding key: http://localhost:65247 for channel [id: 0x8ad135c4, L:/127.0.0.1:50493 - R:localhost/127.0.0.1:65247]
19:06:33.492 [Forwarding screenshot on session 3b5d8edf9953454f69dc50d942132b0d to remote] DEBUG org.asynchttpclient.netty.request.NettyRequestSender - Using pooled Channel '[id: 0x8ad135c4, L:/127.0.0.1:50493 - R:localhost/127.0.0.1:65247]' for 'GET' to 'http://localhost:65247/session/3b5d8edf9953454f69dc50d942132b0d/screenshot'
19:06:33.493 [Forwarding screenshot on session 3b5d8edf9953454f69dc50d942132b0d to remote] DEBUG org.asynchttpclient.netty.request.NettyRequestSender - Using open Channel [id: 0x8ad135c4, L:/127.0.0.1:50493 - R:localhost/127.0.0.1:65247] for GET '/session/3b5d8edf9953454f69dc50d942132b0d/screenshot'
19:06:33.729 [AsyncHttpClient-1-9] DEBUG org.asynchttpclient.netty.handler.HttpHandler - 

Request DefaultFullHttpRequest(decodeResult: success, version: HTTP/1.1, content: EmptyByteBufBE)
GET /session/3b5d8edf9953454f69dc50d942132b0d/screenshot HTTP/1.1
User-Agent: selenium/4.1.4 (java windows)
Cache-Control: no-cache
Content-Type: application/json; charset=utf-8
host: localhost:65247
accept: */*

Response DefaultHttpResponse(decodeResult: success, version: HTTP/1.1)
HTTP/1.1 200 OK
Content-Type: application/json; charset=utf-8
cache-control: no-cache
content-length: 373076

19:06:33.731 [AsyncHttpClient-1-9] DEBUG org.asynchttpclient.netty.channel.ChannelManager - Adding key: http://localhost:65247 for channel [id: 0x8ad135c4, L:/127.0.0.1:50493 - R:localhost/127.0.0.1:65247]
19:06:33.742 [main] DEBUG net.serenitybdd.core.photography.Darkroom - Send negative for processing for target\site\serenity\f680dbc5c9bceb264ddeb62aaf3552878ee475c3ee450400a1f7467136e95d7a.png
19:06:33.743 [main] DEBUG net.thucydides.core.steps.StepInterceptor - STEP DONE: clickButtonLogin
19:06:33.743 [Darkroom Processing Line] DEBUG net.serenitybdd.core.photography.DarkroomProcessingLine - Processing screenshot image in /var/screenshots/screenshot-4370350815622059675
19:06:33.743 [Darkroom Processing Line] DEBUG net.serenitybdd.core.photography.DarkroomProcessingLine - Saving screenshot to target\site\serenity\f680dbc5c9bceb264ddeb62aaf3552878ee475c3ee450400a1f7467136e95d7a.png
19:06:33.852 [AsyncHttpClient-1-1] DEBUG org.asynchttpclient.netty.channel.DefaultChannelPool - Entry count for : http://localhost:50494 : 1
19:06:33.852 [AsyncHttpClient-1-1] DEBUG org.asynchttpclient.netty.channel.DefaultChannelPool - Entry count for : http://localhost:65247 : 1
  &amp#27;[32mThen &amp#27;[0m&amp#27;[32mI click button login&amp#27;[0m                    &amp#27;[90m# starter.stepdefinitios.LoginSteps.iClickButtonLogin()&amp#27;[0m
19:06:34.752 [Forwarding screenshot on session 3b5d8edf9953454f69dc50d942132b0d to remote] DEBUG org.asynchttpclient.netty.request.NettyRequestSender - Using pooled Channel '[id: 0x8ad135c4, L:/127.0.0.1:50493 - R:localhost/127.0.0.1:65247]' for 'GET' to 'http://localhost:65247/session/3b5d8edf9953454f69dc50d942132b0d/screenshot'
19:06:34.752 [Forwarding screenshot on session 3b5d8edf9953454f69dc50d942132b0d to remote] DEBUG org.asynchttpclient.netty.request.NettyRequestSender - Using open Channel [id: 0x8ad135c4, L:/127.0.0.1:50493 - R:localhost/127.0.0.1:65247] for GET '/session/3b5d8edf9953454f69dc50d942132b0d/screenshot'
19:06:34.964 [AsyncHttpClient-1-1] DEBUG org.asynchttpclient.netty.channel.DefaultChannelPool - Entry count for : http://localhost:50494 : 1
19:06:34.995 [AsyncHttpClient-1-9] DEBUG org.asynchttpclient.netty.handler.HttpHandler - 

Request DefaultFullHttpRequest(decodeResult: success, version: HTTP/1.1, content: EmptyByteBufBE)
GET /session/3b5d8edf9953454f69dc50d942132b0d/screenshot HTTP/1.1
User-Agent: selenium/4.1.4 (java windows)
Cache-Control: no-cache
Content-Type: application/json; charset=utf-8
host: localhost:65247
accept: */*

Response DefaultHttpResponse(decodeResult: success, version: HTTP/1.1)
HTTP/1.1 200 OK
Content-Type: application/json; charset=utf-8
cache-control: no-cache
content-length: 313436

19:06:34.995 [AsyncHttpClient-1-9] DEBUG org.asynchttpclient.netty.channel.ChannelManager - Adding key: http://localhost:65247 for channel [id: 0x8ad135c4, L:/127.0.0.1:50493 - R:localhost/127.0.0.1:65247]
19:06:35.006 [main] DEBUG net.serenitybdd.core.photography.Darkroom - Send negative for processing for target\site\serenity\8f682093d1550d9472672d8dadb880302bb3901eefa507dcc055e3f0a1fcdafb.png
19:06:35.006 [Darkroom Processing Line] DEBUG net.serenitybdd.core.photography.DarkroomProcessingLine - Processing screenshot image in /var/screenshots/screenshot-13394284177277358437
19:06:35.006 [Darkroom Processing Line] DEBUG net.serenitybdd.core.photography.DarkroomProcessingLine - Saving screenshot to target\site\serenity\8f682093d1550d9472672d8dadb880302bb3901eefa507dcc055e3f0a1fcdafb.png
19:06:36.062 [AsyncHttpClient-1-1] DEBUG org.asynchttpclient.netty.channel.DefaultChannelPool - Entry count for : http://localhost:50494 : 1
19:06:36.062 [AsyncHttpClient-1-1] DEBUG org.asynchttpclient.netty.channel.DefaultChannelPool - Entry count for : http://localhost:65247 : 1
19:06:37.165 [AsyncHttpClient-1-1] DEBUG org.asynchttpclient.netty.channel.DefaultChannelPool - Entry count for : http://localhost:50494 : 1
19:06:37.165 [AsyncHttpClient-1-1] DEBUG org.asynchttpclient.netty.channel.DefaultChannelPool - Entry count for : http://localhost:65247 : 1
19:06:38.267 [AsyncHttpClient-1-1] DEBUG org.asynchttpclient.netty.channel.DefaultChannelPool - Entry count for : http://localhost:50494 : 1
19:06:38.267 [AsyncHttpClient-1-1] DEBUG org.asynchttpclient.netty.channel.DefaultChannelPool - Entry count for : http://localhost:65247 : 1
19:06:39.353 [AsyncHttpClient-1-1] DEBUG org.asynchttpclient.netty.channel.DefaultChannelPool - Entry count for : http://localhost:50494 : 1
19:06:39.353 [AsyncHttpClient-1-1] DEBUG org.asynchttpclient.netty.channel.DefaultChannelPool - Entry count for : http://localhost:65247 : 1
19:06:40.021 [Forwarding findElement on session 3b5d8edf9953454f69dc50d942132b0d to remote] DEBUG org.asynchttpclient.netty.request.NettyRequestSender - Using pooled Channel '[id: 0x8ad135c4, L:/127.0.0.1:50493 - R:localhost/127.0.0.1:65247]' for 'POST' to 'http://localhost:65247/session/3b5d8edf9953454f69dc50d942132b0d/element'
19:06:40.021 [Forwarding findElement on session 3b5d8edf9953454f69dc50d942132b0d to remote] DEBUG org.asynchttpclient.netty.request.NettyRequestSender - Using open Channel [id: 0x8ad135c4, L:/127.0.0.1:50493 - R:localhost/127.0.0.1:65247] for POST '/session/3b5d8edf9953454f69dc50d942132b0d/element'
19:06:40.058 [AsyncHttpClient-1-9] DEBUG org.asynchttpclient.netty.handler.HttpHandler - 

Request DefaultHttpRequest(decodeResult: success, version: HTTP/1.1)
POST /session/3b5d8edf9953454f69dc50d942132b0d/element HTTP/1.1
User-Agent: selenium/4.1.4 (java windows)
Content-Length: 68
Content-Type: application/json; charset=utf-8
host: localhost:65247
accept: */*

Response DefaultHttpResponse(decodeResult: success, version: HTTP/1.1)
HTTP/1.1 200 OK
Content-Type: application/json; charset=utf-8
cache-control: no-cache
content-length: 88

19:06:40.058 [AsyncHttpClient-1-9] DEBUG org.asynchttpclient.netty.channel.ChannelManager - Adding key: http://localhost:65247 for channel [id: 0x8ad135c4, L:/127.0.0.1:50493 - R:localhost/127.0.0.1:65247]
19:06:40.059 [Forwarding isElementEnabled on session 3b5d8edf9953454f69dc50d942132b0d to remote] DEBUG org.asynchttpclient.netty.request.NettyRequestSender - Using pooled Channel '[id: 0x8ad135c4, L:/127.0.0.1:50493 - R:localhost/127.0.0.1:65247]' for 'GET' to 'http://localhost:65247/session/3b5d8edf9953454f69dc50d942132b0d/element/5c4aa8d9-9d30-4a88-a852-bd55c69e02ce/enabled'
19:06:40.060 [Forwarding isElementEnabled on session 3b5d8edf9953454f69dc50d942132b0d to remote] DEBUG org.asynchttpclient.netty.request.NettyRequestSender - Using open Channel [id: 0x8ad135c4, L:/127.0.0.1:50493 - R:localhost/127.0.0.1:65247] for GET '/session/3b5d8edf9953454f69dc50d942132b0d/element/5c4aa8d9-9d30-4a88-a852-bd55c69e02ce/enabled'
19:06:40.078 [AsyncHttpClient-1-9] DEBUG org.asynchttpclient.netty.handler.HttpHandler - 

Request DefaultFullHttpRequest(decodeResult: success, version: HTTP/1.1, content: EmptyByteBufBE)
GET /session/3b5d8edf9953454f69dc50d942132b0d/element/5c4aa8d9-9d30-4a88-a852-bd55c69e02ce/enabled HTTP/1.1
User-Agent: selenium/4.1.4 (java windows)
Cache-Control: no-cache
Content-Type: application/json; charset=utf-8
host: localhost:65247
accept: */*

Response DefaultHttpResponse(decodeResult: success, version: HTTP/1.1)
HTTP/1.1 200 OK
Content-Type: application/json; charset=utf-8
cache-control: no-cache
content-length: 14

19:06:40.078 [AsyncHttpClient-1-9] DEBUG org.asynchttpclient.netty.channel.ChannelManager - Adding key: http://localhost:65247 for channel [id: 0x8ad135c4, L:/127.0.0.1:50493 - R:localhost/127.0.0.1:65247]
19:06:40.468 [AsyncHttpClient-1-1] DEBUG org.asynchttpclient.netty.channel.DefaultChannelPool - Entry count for : http://localhost:50494 : 1
19:06:40.468 [AsyncHttpClient-1-1] DEBUG org.asynchttpclient.netty.channel.DefaultChannelPool - Entry count for : http://localhost:65247 : 1
19:06:40.601 [Forwarding screenshot on session 3b5d8edf9953454f69dc50d942132b0d to remote] DEBUG org.asynchttpclient.netty.request.NettyRequestSender - Using pooled Channel '[id: 0x8ad135c4, L:/127.0.0.1:50493 - R:localhost/127.0.0.1:65247]' for 'GET' to 'http://localhost:65247/session/3b5d8edf9953454f69dc50d942132b0d/screenshot'
19:06:40.601 [Forwarding screenshot on session 3b5d8edf9953454f69dc50d942132b0d to remote] DEBUG org.asynchttpclient.netty.request.NettyRequestSender - Using open Channel [id: 0x8ad135c4, L:/127.0.0.1:50493 - R:localhost/127.0.0.1:65247] for GET '/session/3b5d8edf9953454f69dc50d942132b0d/screenshot'
19:06:40.872 [AsyncHttpClient-1-9] DEBUG org.asynchttpclient.netty.handler.HttpHandler - 

Request DefaultFullHttpRequest(decodeResult: success, version: HTTP/1.1, content: EmptyByteBufBE)
GET /session/3b5d8edf9953454f69dc50d942132b0d/screenshot HTTP/1.1
User-Agent: selenium/4.1.4 (java windows)
Cache-Control: no-cache
Content-Type: application/json; charset=utf-8
host: localhost:65247
accept: */*

Response DefaultHttpResponse(decodeResult: success, version: HTTP/1.1)
HTTP/1.1 200 OK
Content-Type: application/json; charset=utf-8
cache-control: no-cache
content-length: 302228

19:06:40.872 [AsyncHttpClient-1-9] DEBUG org.asynchttpclient.netty.channel.ChannelManager - Adding key: http://localhost:65247 for channel [id: 0x8ad135c4, L:/127.0.0.1:50493 - R:localhost/127.0.0.1:65247]
19:06:40.884 [main] DEBUG net.serenitybdd.core.photography.Darkroom - Send negative for processing for target\site\serenity\dcdb318af427baf4b5cc726c84ab447dba15a19273584a2ab7473a3e576100a2.png
19:06:40.884 [main] DEBUG net.thucydides.core.steps.StepInterceptor - STARTING STEP: LoginSteps.loginValidationInvalid - clickButtonErrorOK
19:06:40.897 [Forwarding findElement on session 3b5d8edf9953454f69dc50d942132b0d to remote] DEBUG org.asynchttpclient.netty.request.NettyRequestSender - Using pooled Channel '[id: 0x8ad135c4, L:/127.0.0.1:50493 - R:localhost/127.0.0.1:65247]' for 'POST' to 'http://localhost:65247/session/3b5d8edf9953454f69dc50d942132b0d/element'
19:06:40.897 [Forwarding findElement on session 3b5d8edf9953454f69dc50d942132b0d to remote] DEBUG org.asynchttpclient.netty.request.NettyRequestSender - Using open Channel [id: 0x8ad135c4, L:/127.0.0.1:50493 - R:localhost/127.0.0.1:65247] for POST '/session/3b5d8edf9953454f69dc50d942132b0d/element'
19:06:40.913 [AsyncHttpClient-1-9] DEBUG org.asynchttpclient.netty.handler.HttpHandler - 

Request DefaultHttpRequest(decodeResult: success, version: HTTP/1.1)
POST /session/3b5d8edf9953454f69dc50d942132b0d/element HTTP/1.1
User-Agent: selenium/4.1.4 (java windows)
Content-Length: 88
Content-Type: application/json; charset=utf-8
host: localhost:65247
accept: */*

Response DefaultHttpResponse(decodeResult: success, version: HTTP/1.1)
HTTP/1.1 200 OK
Content-Type: application/json; charset=utf-8
cache-control: no-cache
content-length: 88

19:06:40.913 [AsyncHttpClient-1-9] DEBUG org.asynchttpclient.netty.channel.ChannelManager - Adding key: http://localhost:65247 for channel [id: 0x8ad135c4, L:/127.0.0.1:50493 - R:localhost/127.0.0.1:65247]
19:06:40.914 [Forwarding getElementTagName on session 3b5d8edf9953454f69dc50d942132b0d to remote] DEBUG org.asynchttpclient.netty.request.NettyRequestSender - Using pooled Channel '[id: 0x8ad135c4, L:/127.0.0.1:50493 - R:localhost/127.0.0.1:65247]' for 'GET' to 'http://localhost:65247/session/3b5d8edf9953454f69dc50d942132b0d/element/e9c8851f-79e9-4550-9bc3-e41eb2588f18/name'
19:06:40.914 [Forwarding getElementTagName on session 3b5d8edf9953454f69dc50d942132b0d to remote] DEBUG org.asynchttpclient.netty.request.NettyRequestSender - Using open Channel [id: 0x8ad135c4, L:/127.0.0.1:50493 - R:localhost/127.0.0.1:65247] for GET '/session/3b5d8edf9953454f69dc50d942132b0d/element/e9c8851f-79e9-4550-9bc3-e41eb2588f18/name'
19:06:40.920 [AsyncHttpClient-1-9] DEBUG org.asynchttpclient.netty.handler.HttpHandler - 

Request DefaultFullHttpRequest(decodeResult: success, version: HTTP/1.1, content: EmptyByteBufBE)
GET /session/3b5d8edf9953454f69dc50d942132b0d/element/e9c8851f-79e9-4550-9bc3-e41eb2588f18/name HTTP/1.1
User-Agent: selenium/4.1.4 (java windows)
Cache-Control: no-cache
Content-Type: application/json; charset=utf-8
host: localhost:65247
accept: */*

Response DefaultHttpResponse(decodeResult: success, version: HTTP/1.1)
HTTP/1.1 200 OK
Content-Type: application/json; charset=utf-8
cache-control: no-cache
content-length: 18

19:06:40.920 [AsyncHttpClient-1-9] DEBUG org.asynchttpclient.netty.channel.ChannelManager - Adding key: http://localhost:65247 for channel [id: 0x8ad135c4, L:/127.0.0.1:50493 - R:localhost/127.0.0.1:65247]
19:06:40.923 [Forwarding getElementTagName on session 3b5d8edf9953454f69dc50d942132b0d to remote] DEBUG org.asynchttpclient.netty.request.NettyRequestSender - Using pooled Channel '[id: 0x8ad135c4, L:/127.0.0.1:50493 - R:localhost/127.0.0.1:65247]' for 'GET' to 'http://localhost:65247/session/3b5d8edf9953454f69dc50d942132b0d/element/e9c8851f-79e9-4550-9bc3-e41eb2588f18/name'
19:06:40.923 [Forwarding getElementTagName on session 3b5d8edf9953454f69dc50d942132b0d to remote] DEBUG org.asynchttpclient.netty.request.NettyRequestSender - Using open Channel [id: 0x8ad135c4, L:/127.0.0.1:50493 - R:localhost/127.0.0.1:65247] for GET '/session/3b5d8edf9953454f69dc50d942132b0d/element/e9c8851f-79e9-4550-9bc3-e41eb2588f18/name'
19:06:40.927 [AsyncHttpClient-1-9] DEBUG org.asynchttpclient.netty.handler.HttpHandler - 

Request DefaultFullHttpRequest(decodeResult: success, version: HTTP/1.1, content: EmptyByteBufBE)
GET /session/3b5d8edf9953454f69dc50d942132b0d/element/e9c8851f-79e9-4550-9bc3-e41eb2588f18/name HTTP/1.1
User-Agent: selenium/4.1.4 (java windows)
Cache-Control: no-cache
Content-Type: application/json; charset=utf-8
host: localhost:65247
accept: */*

Response DefaultHttpResponse(decodeResult: success, version: HTTP/1.1)
HTTP/1.1 200 OK
Content-Type: application/json; charset=utf-8
cache-control: no-cache
content-length: 18

19:06:40.927 [AsyncHttpClient-1-9] DEBUG org.asynchttpclient.netty.channel.ChannelManager - Adding key: http://localhost:65247 for channel [id: 0x8ad135c4, L:/127.0.0.1:50493 - R:localhost/127.0.0.1:65247]
19:06:40.928 [Forwarding isElementEnabled on session 3b5d8edf9953454f69dc50d942132b0d to remote] DEBUG org.asynchttpclient.netty.request.NettyRequestSender - Using pooled Channel '[id: 0x8ad135c4, L:/127.0.0.1:50493 - R:localhost/127.0.0.1:65247]' for 'GET' to 'http://localhost:65247/session/3b5d8edf9953454f69dc50d942132b0d/element/e9c8851f-79e9-4550-9bc3-e41eb2588f18/enabled'
19:06:40.928 [Forwarding isElementEnabled on session 3b5d8edf9953454f69dc50d942132b0d to remote] DEBUG org.asynchttpclient.netty.request.NettyRequestSender - Using open Channel [id: 0x8ad135c4, L:/127.0.0.1:50493 - R:localhost/127.0.0.1:65247] for GET '/session/3b5d8edf9953454f69dc50d942132b0d/element/e9c8851f-79e9-4550-9bc3-e41eb2588f18/enabled'
19:06:40.942 [AsyncHttpClient-1-9] DEBUG org.asynchttpclient.netty.handler.HttpHandler - 

Request DefaultFullHttpRequest(decodeResult: success, version: HTTP/1.1, content: EmptyByteBufBE)
GET /session/3b5d8edf9953454f69dc50d942132b0d/element/e9c8851f-79e9-4550-9bc3-e41eb2588f18/enabled HTTP/1.1
User-Agent: selenium/4.1.4 (java windows)
Cache-Control: no-cache
Content-Type: application/json; charset=utf-8
host: localhost:65247
accept: */*

Response DefaultHttpResponse(decodeResult: success, version: HTTP/1.1)
HTTP/1.1 200 OK
Content-Type: application/json; charset=utf-8
cache-control: no-cache
content-length: 14

19:06:40.942 [AsyncHttpClient-1-9] DEBUG org.asynchttpclient.netty.channel.ChannelManager - Adding key: http://localhost:65247 for channel [id: 0x8ad135c4, L:/127.0.0.1:50493 - R:localhost/127.0.0.1:65247]
19:06:40.944 [Forwarding isElementEnabled on session 3b5d8edf9953454f69dc50d942132b0d to remote] DEBUG org.asynchttpclient.netty.request.NettyRequestSender - Using pooled Channel '[id: 0x8ad135c4, L:/127.0.0.1:50493 - R:localhost/127.0.0.1:65247]' for 'GET' to 'http://localhost:65247/session/3b5d8edf9953454f69dc50d942132b0d/element/e9c8851f-79e9-4550-9bc3-e41eb2588f18/enabled'
19:06:40.944 [Forwarding isElementEnabled on session 3b5d8edf9953454f69dc50d942132b0d to remote] DEBUG org.asynchttpclient.netty.request.NettyRequestSender - Using open Channel [id: 0x8ad135c4, L:/127.0.0.1:50493 - R:localhost/127.0.0.1:65247] for GET '/session/3b5d8edf9953454f69dc50d942132b0d/element/e9c8851f-79e9-4550-9bc3-e41eb2588f18/enabled'
19:06:40.952 [AsyncHttpClient-1-9] DEBUG org.asynchttpclient.netty.handler.HttpHandler - 

Request DefaultFullHttpRequest(decodeResult: success, version: HTTP/1.1, content: EmptyByteBufBE)
GET /session/3b5d8edf9953454f69dc50d942132b0d/element/e9c8851f-79e9-4550-9bc3-e41eb2588f18/enabled HTTP/1.1
User-Agent: selenium/4.1.4 (java windows)
Cache-Control: no-cache
Content-Type: application/json; charset=utf-8
host: localhost:65247
accept: */*

Response DefaultHttpResponse(decodeResult: success, version: HTTP/1.1)
HTTP/1.1 200 OK
Content-Type: application/json; charset=utf-8
cache-control: no-cache
content-length: 14

19:06:40.952 [AsyncHttpClient-1-9] DEBUG org.asynchttpclient.netty.channel.ChannelManager - Adding key: http://localhost:65247 for channel [id: 0x8ad135c4, L:/127.0.0.1:50493 - R:localhost/127.0.0.1:65247]
19:06:40.953 [Forwarding findElement on session 3b5d8edf9953454f69dc50d942132b0d to remote] DEBUG org.asynchttpclient.netty.request.NettyRequestSender - Using pooled Channel '[id: 0x8ad135c4, L:/127.0.0.1:50493 - R:localhost/127.0.0.1:65247]' for 'POST' to 'http://localhost:65247/session/3b5d8edf9953454f69dc50d942132b0d/element'
19:06:40.953 [Forwarding findElement on session 3b5d8edf9953454f69dc50d942132b0d to remote] DEBUG org.asynchttpclient.netty.request.NettyRequestSender - Using open Channel [id: 0x8ad135c4, L:/127.0.0.1:50493 - R:localhost/127.0.0.1:65247] for POST '/session/3b5d8edf9953454f69dc50d942132b0d/element'
19:06:40.962 [AsyncHttpClient-1-9] DEBUG org.asynchttpclient.netty.handler.HttpHandler - 

Request DefaultHttpRequest(decodeResult: success, version: HTTP/1.1)
POST /session/3b5d8edf9953454f69dc50d942132b0d/element HTTP/1.1
User-Agent: selenium/4.1.4 (java windows)
Content-Length: 88
Content-Type: application/json; charset=utf-8
host: localhost:65247
accept: */*

Response DefaultHttpResponse(decodeResult: success, version: HTTP/1.1)
HTTP/1.1 200 OK
Content-Type: application/json; charset=utf-8
cache-control: no-cache
content-length: 88

19:06:40.962 [AsyncHttpClient-1-9] DEBUG org.asynchttpclient.netty.channel.ChannelManager - Adding key: http://localhost:65247 for channel [id: 0x8ad135c4, L:/127.0.0.1:50493 - R:localhost/127.0.0.1:65247]
19:06:40.963 [Forwarding clickElement on session 3b5d8edf9953454f69dc50d942132b0d to remote] DEBUG org.asynchttpclient.netty.request.NettyRequestSender - Using pooled Channel '[id: 0x8ad135c4, L:/127.0.0.1:50493 - R:localhost/127.0.0.1:65247]' for 'POST' to 'http://localhost:65247/session/3b5d8edf9953454f69dc50d942132b0d/element/e9c8851f-79e9-4550-9bc3-e41eb2588f18/click'
19:06:40.963 [Forwarding clickElement on session 3b5d8edf9953454f69dc50d942132b0d to remote] DEBUG org.asynchttpclient.netty.request.NettyRequestSender - Using open Channel [id: 0x8ad135c4, L:/127.0.0.1:50493 - R:localhost/127.0.0.1:65247] for POST '/session/3b5d8edf9953454f69dc50d942132b0d/element/e9c8851f-79e9-4550-9bc3-e41eb2588f18/click'
19:06:41.008 [AsyncHttpClient-1-9] DEBUG org.asynchttpclient.netty.handler.HttpHandler - 

Request DefaultHttpRequest(decodeResult: success, version: HTTP/1.1)
POST /session/3b5d8edf9953454f69dc50d942132b0d/element/e9c8851f-79e9-4550-9bc3-e41eb2588f18/click HTTP/1.1
User-Agent: selenium/4.1.4 (java windows)
Content-Length: 50
Content-Type: application/json; charset=utf-8
host: localhost:65247
accept: */*

Response DefaultHttpResponse(decodeResult: success, version: HTTP/1.1)
HTTP/1.1 200 OK
Content-Type: application/json; charset=utf-8
cache-control: no-cache
content-length: 14

19:06:41.009 [AsyncHttpClient-1-9] DEBUG org.asynchttpclient.netty.channel.ChannelManager - Adding key: http://localhost:65247 for channel [id: 0x8ad135c4, L:/127.0.0.1:50493 - R:localhost/127.0.0.1:65247]
19:06:41.018 [Forwarding screenshot on session 3b5d8edf9953454f69dc50d942132b0d to remote] DEBUG org.asynchttpclient.netty.request.NettyRequestSender - Using pooled Channel '[id: 0x8ad135c4, L:/127.0.0.1:50493 - R:localhost/127.0.0.1:65247]' for 'GET' to 'http://localhost:65247/session/3b5d8edf9953454f69dc50d942132b0d/screenshot'
19:06:41.018 [Forwarding screenshot on session 3b5d8edf9953454f69dc50d942132b0d to remote] DEBUG org.asynchttpclient.netty.request.NettyRequestSender - Using open Channel [id: 0x8ad135c4, L:/127.0.0.1:50493 - R:localhost/127.0.0.1:65247] for GET '/session/3b5d8edf9953454f69dc50d942132b0d/screenshot'
19:06:41.393 [AsyncHttpClient-1-9] DEBUG org.asynchttpclient.netty.handler.HttpHandler - 

Request DefaultFullHttpRequest(decodeResult: success, version: HTTP/1.1, content: EmptyByteBufBE)
GET /session/3b5d8edf9953454f69dc50d942132b0d/screenshot HTTP/1.1
User-Agent: selenium/4.1.4 (java windows)
Cache-Control: no-cache
Content-Type: application/json; charset=utf-8
host: localhost:65247
accept: */*

Response DefaultHttpResponse(decodeResult: success, version: HTTP/1.1)
HTTP/1.1 200 OK
Content-Type: application/json; charset=utf-8
cache-control: no-cache
content-length: 380864

19:06:41.407 [AsyncHttpClient-1-9] DEBUG org.asynchttpclient.netty.channel.ChannelManager - Adding key: http://localhost:65247 for channel [id: 0x8ad135c4, L:/127.0.0.1:50493 - R:localhost/127.0.0.1:65247]
19:06:41.409 [main] DEBUG net.serenitybdd.core.photography.Darkroom - Send negative for processing for target\site\serenity\41f1ca3c7ca3ee1ddc2a24245f77d80cbea4a42b417e28b2e5280285c785e42b.png
19:06:41.409 [main] DEBUG net.thucydides.core.steps.StepInterceptor - STEP DONE: clickButtonErrorOK
  &amp#27;[32mAnd &amp#27;[0m&amp#27;[32mLogin validation invalid&amp#27;[0m                 &amp#27;[90m# starter.stepdefinitios.LoginSteps.loginValidationInvalid()&amp#27;[0m
19:06:41.409 [Darkroom Processing Line] DEBUG net.serenitybdd.core.photography.DarkroomProcessingLine - Processing screenshot image in /var/screenshots/screenshot-39799450785209778
19:06:41.409 [Darkroom Processing Line] DEBUG net.serenitybdd.core.photography.DarkroomProcessingLine - Saving screenshot to target\site\serenity\41f1ca3c7ca3ee1ddc2a24245f77d80cbea4a42b417e28b2e5280285c785e42b.png
19:06:41.429 [AsyncHttpClient-1-3] DEBUG org.asynchttpclient.netty.handler.WebSocketHandler - Channel Closed: [id: 0xfc7121ff, L:/127.0.0.1:50501 ! R:localhost/127.0.0.1:50494] with attribute NettyResponseFuture{currentRetry=5,
	isDone=1,
	isCancelled=0,
	asyncHandler=org.asynchttpclient.ws.WebSocketUpgradeHandler@469d218d,
	nettyRequest=org.asynchttpclient.netty.request.NettyRequest@759e8a4a,
	future=java.util.concurrent.CompletableFuture@5e48c032[Completed normally],
	uri=ws://localhost:50494/devtools/browser/bc4cc1e6-07e7-40a9-b21a-125665166db6,
	keepAlive=true,
	redirectCount=0,
	timeoutsHolder=null,
	inAuth=0,
	touch=1658059589387}
19:06:41.429 [AsyncHttpClient-1-3] DEBUG org.asynchttpclient.netty.channel.ChannelManager - Closing Channel [id: 0xfc7121ff, L:/127.0.0.1:50501 ! R:localhost/127.0.0.1:50494] 
19:06:41.430 [Driver Command Executor] DEBUG org.asynchttpclient.netty.request.NettyRequestSender - Using pooled Channel '[id: 0x8ad135c4, L:/127.0.0.1:50493 - R:localhost/127.0.0.1:65247]' for 'DELETE' to 'http://localhost:65247/session/3b5d8edf9953454f69dc50d942132b0d'
19:06:41.430 [Driver Command Executor] DEBUG org.asynchttpclient.netty.request.NettyRequestSender - Using open Channel [id: 0x8ad135c4, L:/127.0.0.1:50493 - R:localhost/127.0.0.1:65247] for DELETE '/session/3b5d8edf9953454f69dc50d942132b0d'
19:06:41.487 [AsyncHttpClient-1-2] DEBUG org.asynchttpclient.netty.handler.HttpHandler - Unexpected I/O exception on channel [id: 0x917bc4c1, L:/127.0.0.1:50500 - R:localhost/127.0.0.1:50494]
java.io.IOException: An existing connection was forcibly closed by the remote host
	at java.base/sun.nio.ch.SocketDispatcher.read0(Native Method)
	at java.base/sun.nio.ch.SocketDispatcher.read(SocketDispatcher.java:43)
	at java.base/sun.nio.ch.IOUtil.readIntoNativeBuffer(IOUtil.java:276)
	at java.base/sun.nio.ch.IOUtil.read(IOUtil.java:233)
	at java.base/sun.nio.ch.IOUtil.read(IOUtil.java:223)
	at java.base/sun.nio.ch.SocketChannelImpl.read(SocketChannelImpl.java:356)
	at io.netty.buffer.PooledByteBuf.setBytes(PooledByteBuf.java:258)
	at io.netty.buffer.AbstractByteBuf.writeBytes(AbstractByteBuf.java:1132)
	at io.netty.channel.socket.nio.NioSocketChannel.doReadBytes(NioSocketChannel.java:357)
	at io.netty.channel.nio.AbstractNioByteChannel$NioByteUnsafe.read(AbstractNioByteChannel.java:151)
	at io.netty.channel.nio.NioEventLoop.processSelectedKey(NioEventLoop.java:722)
	at io.netty.channel.nio.NioEventLoop.processSelectedKeysOptimized(NioEventLoop.java:658)
	at io.netty.channel.nio.NioEventLoop.processSelectedKeys(NioEventLoop.java:584)
	at io.netty.channel.nio.NioEventLoop.run(NioEventLoop.java:496)
	at io.netty.util.concurrent.SingleThreadEventExecutor$4.run(SingleThreadEventExecutor.java:986)
	at io.netty.util.internal.ThreadExecutorMap$2.run(ThreadExecutorMap.java:74)
	at io.netty.util.concurrent.FastThreadLocalRunnable.run(FastThreadLocalRunnable.java:30)
	at java.base/java.lang.Thread.run(Thread.java:829)
19:06:41.487 [AsyncHttpClient-1-2] DEBUG org.asynchttpclient.netty.channel.ChannelManager - Closing Channel [id: 0x917bc4c1, L:/127.0.0.1:50500 - R:localhost/127.0.0.1:50494] 
19:06:41.488 [AsyncHttpClient-1-2] DEBUG org.asynchttpclient.netty.handler.HttpHandler - Channel Closed: [id: 0x917bc4c1, L:/127.0.0.1:50500 ! R:localhost/127.0.0.1:50494] with attribute DISCARD
19:06:41.543 [AsyncHttpClient-1-9] DEBUG org.asynchttpclient.netty.handler.HttpHandler - 

Request DefaultFullHttpRequest(decodeResult: success, version: HTTP/1.1, content: EmptyByteBufBE)
DELETE /session/3b5d8edf9953454f69dc50d942132b0d HTTP/1.1
User-Agent: selenium/4.1.4 (java windows)
Content-Type: application/json; charset=utf-8
host: localhost:65247
accept: */*

Response DefaultHttpResponse(decodeResult: success, version: HTTP/1.1)
HTTP/1.1 200 OK
Content-Type: application/json; charset=utf-8
cache-control: no-cache
content-length: 14

19:06:41.543 [AsyncHttpClient-1-9] DEBUG org.asynchttpclient.netty.channel.ChannelManager - Adding key: http://localhost:65247 for channel [id: 0x8ad135c4, L:/127.0.0.1:50493 - R:localhost/127.0.0.1:65247]
19:06:41.555 [AsyncHttpClient-1-1] DEBUG org.asynchttpclient.netty.channel.DefaultChannelPool - Entry count for : http://localhost:50494 : 1
19:06:41.555 [AsyncHttpClient-1-1] DEBUG org.asynchttpclient.netty.channel.DefaultChannelPool - Entry count for : http://localhost:65247 : 1
19:06:41.555 [AsyncHttpClient-1-1] DEBUG org.asynchttpclient.netty.channel.DefaultChannelPool - Adding Candidate expired Channel [id: 0x917bc4c1, L:/127.0.0.1:50500 ! R:localhost/127.0.0.1:50494] isIdleTimeoutExpired=false isRemotelyClosed=true isTtlExpired=false
19:06:41.555 [AsyncHttpClient-1-1] DEBUG org.asynchttpclient.netty.channel.DefaultChannelPool - Closing Idle Channel [id: 0x917bc4c1, L:/127.0.0.1:50500 ! R:localhost/127.0.0.1:50494]
19:06:41.555 [AsyncHttpClient-1-1] DEBUG org.asynchttpclient.netty.channel.DefaultChannelPool - Closed 1 connections out of 2 in 0 ms
19:06:41.651 [AsyncHttpClient-1-9] DEBUG org.asynchttpclient.netty.handler.HttpHandler - Channel Closed: [id: 0x8ad135c4, L:/127.0.0.1:50493 ! R:localhost/127.0.0.1:65247] with attribute DISCARD
]]></system-out>
    <system-err><![CDATA[Starting ChromeDriver 103.0.5060.53 (a1711811edd74ff1cf2150f36ffa3b0dae40b17f-refs/branch-heads/5060@{#853}) on port 65247
Only local connections are allowed.
Please see https://chromedriver.chromium.org/security-considerations for suggestions on keeping ChromeDriver safe.
ChromeDriver was started successfully.
Jul 17, 2022 7:06:29 PM org.openqa.selenium.remote.ProtocolHandshake createSession
INFO: Detected dialect: W3C
Jul 17, 2022 7:06:29 PM org.openqa.selenium.devtools.CdpVersionFinder findNearestMatch
WARNING: Unable to find an exact match for CDP version 103, so returning the closest version found: 101
Jul 17, 2022 7:06:29 PM org.openqa.selenium.devtools.CdpVersionFinder findNearestMatch
INFO: Found CDP implementation for version 103 of 101
]]></system-err>
  </testcase>
  <testcase name="As a admin I login - Valid" classname="Login - Admin" time="18.59">
    <system-out><![CDATA[
@Login111 @LoginAdminValid
Scenario Outline: As a admin I login - Valid  &amp#27;[90m# src/test/resources/features/1Login.feature:40&amp#27;[0m
19:06:41.672 [main] INFO io.cucumber.core.plugin.SerenityReporter - Running feature from file:///C:/Alterra/CapstoneBaru/QE/TestingWebUpdate/src/test/resources/features/1Login.feature
19:06:41.683 [main] INFO  - 
  _____   ___   ___   _____     ___   _____     _     ___   _____   ___   ___  
 |_   _| | __| / __| |_   _|   / __| |_   _|   /_\   | _ \ |_   _| | __| |   \ 
   | |   | _|  \__ \   | |     \__ \   | |    / _ \  |   /   | |   | _|  | |) |
   |_|   |___| |___/   |_|     |___/   |_|   /_/ \_\ |_|_\   |_|   |___| |___/ 

As a admin I login - Valid(login---admin;as-a-admin-i-login---valid)
--------------------------------------------------------------------------------
19:06:41.719 [main] DEBUG net.thucydides.core.steps.StepInterceptor - STARTING STEP: LoginSteps.openLoginPage - openLogin
19:06:41.719 [main] INFO net.serenitybdd.core.webdriver.driverproviders.ChromeDriverProvider - Using automatically driver download
19:06:41.911 [main] DEBUG io.github.bonigarcia.wdm.cache.ResolutionCache - Resolution chrome=103 in cache (valid until 20:05:23 17/07/2022 ICT)
19:06:41.921 [main] DEBUG io.github.bonigarcia.wdm.cache.ResolutionCache - Resolution chrome103=103.0.5060.53 in cache (valid until 17:54:33 18/07/2022 ICT)
19:06:41.924 [main] INFO io.github.bonigarcia.wdm.WebDriverManager - Using chromedriver 103.0.5060.53 (resolved driver for Chrome 103)
19:06:41.938 [main] DEBUG io.github.bonigarcia.wdm.WebDriverManager - Driver chromedriver 103.0.5060.53 found in cache
19:06:41.938 [main] INFO io.github.bonigarcia.wdm.WebDriverManager - Exporting webdriver.chrome.driver as C:\Users\Bagas Dwi Saputra\.cache\selenium\chromedriver\win32\103.0.5060.53\chromedriver.exe
19:06:42.049 [main] DEBUG net.serenitybdd.core.webdriver.driverproviders.ProvideNewDriver - Instantiating driver
19:06:42.049 [main] DEBUG net.serenitybdd.core.webdriver.driverproviders.ProvideNewDriver - Driver capabilities: Capabilities {acceptInsecureCerts: false, base.url: https://fanciful-trifle-360..., browserName: chrome, chorme.driver: src/test/resources/webdrive..., driver: chrome, goog:chromeOptions: {args: [], extensions: []}}
19:06:42.139 [AsyncHttpClient-1-4] DEBUG org.asynchttpclient.netty.channel.NettyConnectListener - Using new Channel '[id: 0xed824431, L:/127.0.0.1:50517 - R:localhost/127.0.0.1:56224]' for 'POST' to '/session'
19:06:42.667 [AsyncHttpClient-1-1] DEBUG org.asynchttpclient.netty.channel.DefaultChannelPool - Entry count for : http://localhost:65247 : 1
19:06:42.667 [AsyncHttpClient-1-1] DEBUG org.asynchttpclient.netty.channel.DefaultChannelPool - Adding Candidate expired Channel [id: 0x8ad135c4, L:/127.0.0.1:50493 ! R:localhost/127.0.0.1:65247] isIdleTimeoutExpired=false isRemotelyClosed=true isTtlExpired=false
19:06:42.667 [AsyncHttpClient-1-1] DEBUG org.asynchttpclient.netty.channel.DefaultChannelPool - Closing Idle Channel [id: 0x8ad135c4, L:/127.0.0.1:50493 ! R:localhost/127.0.0.1:65247]
19:06:42.667 [AsyncHttpClient-1-1] DEBUG org.asynchttpclient.netty.channel.DefaultChannelPool - Closed 1 connections out of 1 in 0 ms
19:06:43.373 [AsyncHttpClient-1-4] DEBUG org.asynchttpclient.netty.handler.HttpHandler - 

Request DefaultHttpRequest(decodeResult: success, version: HTTP/1.1)
POST /session HTTP/1.1
User-Agent: selenium/4.1.4 (java windows)
Content-Length: 629
Content-Type: application/json; charset=utf-8
host: localhost:56224
accept: */*

Response DefaultHttpResponse(decodeResult: success, version: HTTP/1.1)
HTTP/1.1 200 OK
Content-Type: application/json; charset=utf-8
cache-control: no-cache
content-length: 794

19:06:43.373 [AsyncHttpClient-1-4] DEBUG org.asynchttpclient.netty.channel.ChannelManager - Adding key: http://localhost:56224 for channel [id: 0xed824431, L:/127.0.0.1:50517 - R:localhost/127.0.0.1:56224]
19:06:43.380 [AsyncHttpClient-1-5] DEBUG org.asynchttpclient.netty.channel.NettyConnectListener - Using new Channel '[id: 0x9cc9a849, L:/127.0.0.1:50523 - R:localhost/127.0.0.1:50518]' for 'GET' to '/json/version'
19:06:43.381 [AsyncHttpClient-1-5] DEBUG org.asynchttpclient.netty.handler.HttpHandler - 

Request DefaultFullHttpRequest(decodeResult: success, version: HTTP/1.1, content: EmptyByteBufBE)
GET /json/version HTTP/1.1
User-Agent: selenium/4.1.4 (java windows)
host: localhost:50518
accept: */*

Response DefaultHttpResponse(decodeResult: success, version: HTTP/1.1)
HTTP/1.1 200 OK
Content-Type: application/json; charset=UTF-8
content-length: 429

19:06:43.381 [AsyncHttpClient-1-5] DEBUG org.asynchttpclient.netty.channel.ChannelManager - Adding key: http://localhost:50518 for channel [id: 0x9cc9a849, L:/127.0.0.1:50523 - R:localhost/127.0.0.1:50518]
19:06:43.384 [AsyncHttpClient-1-6] DEBUG org.asynchttpclient.netty.channel.NettyConnectListener - Using new Channel '[id: 0x0b6312ea, L:/127.0.0.1:50524 - R:localhost/127.0.0.1:50518]' for 'GET' to '/devtools/browser/9ba3a673-a43b-4107-95b0-b9f31b373282'
19:06:43.386 [AsyncHttpClient-1-6] DEBUG org.asynchttpclient.netty.handler.WebSocketHandler - 

Request DefaultFullHttpRequest(decodeResult: success, version: HTTP/1.1, content: EmptyByteBufBE)
GET /devtools/browser/9ba3a673-a43b-4107-95b0-b9f31b373282 HTTP/1.1
upgrade: websocket
connection: upgrade
sec-websocket-key: amrw/cf1v1FUfzdqTYXoeg==
sec-websocket-version: 13
origin: http://localhost:50518
host: localhost:50518
accept: */*
user-agent: AHC/2.1

Response DefaultHttpResponse(decodeResult: success, version: HTTP/1.1)
HTTP/1.1 101 WebSocket Protocol Handshake
Upgrade: WebSocket
Connection: Upgrade
Sec-WebSocket-Accept: YnVzO2cs8xMY0XPglcgYs6U6xTE=

19:06:43.390 [Forwarding get on session 2f5afa65b9ee4b1afe1ef01b2c5b6b2e to remote] DEBUG org.asynchttpclient.netty.request.NettyRequestSender - Using pooled Channel '[id: 0xed824431, L:/127.0.0.1:50517 - R:localhost/127.0.0.1:56224]' for 'POST' to 'http://localhost:56224/session/2f5afa65b9ee4b1afe1ef01b2c5b6b2e/url'
19:06:43.390 [Forwarding get on session 2f5afa65b9ee4b1afe1ef01b2c5b6b2e to remote] DEBUG org.asynchttpclient.netty.request.NettyRequestSender - Using open Channel [id: 0xed824431, L:/127.0.0.1:50517 - R:localhost/127.0.0.1:56224] for POST '/session/2f5afa65b9ee4b1afe1ef01b2c5b6b2e/url'
19:06:43.764 [AsyncHttpClient-1-1] DEBUG org.asynchttpclient.netty.channel.DefaultChannelPool - Entry count for : http://localhost:50518 : 1
19:06:44.092 [AsyncHttpClient-1-4] DEBUG org.asynchttpclient.netty.handler.HttpHandler - 

Request DefaultHttpRequest(decodeResult: success, version: HTTP/1.1)
POST /session/2f5afa65b9ee4b1afe1ef01b2c5b6b2e/url HTTP/1.1
User-Agent: selenium/4.1.4 (java windows)
Content-Length: 78
Content-Type: application/json; charset=utf-8
host: localhost:56224
accept: */*

Response DefaultHttpResponse(decodeResult: success, version: HTTP/1.1)
HTTP/1.1 200 OK
Content-Type: application/json; charset=utf-8
cache-control: no-cache
content-length: 14

19:06:44.092 [AsyncHttpClient-1-4] DEBUG org.asynchttpclient.netty.channel.ChannelManager - Adding key: http://localhost:56224 for channel [id: 0xed824431, L:/127.0.0.1:50517 - R:localhost/127.0.0.1:56224]
19:06:44.094 [Forwarding setTimeout on session 2f5afa65b9ee4b1afe1ef01b2c5b6b2e to remote] DEBUG org.asynchttpclient.netty.request.NettyRequestSender - Using pooled Channel '[id: 0xed824431, L:/127.0.0.1:50517 - R:localhost/127.0.0.1:56224]' for 'POST' to 'http://localhost:56224/session/2f5afa65b9ee4b1afe1ef01b2c5b6b2e/timeouts'
19:06:44.094 [Forwarding setTimeout on session 2f5afa65b9ee4b1afe1ef01b2c5b6b2e to remote] DEBUG org.asynchttpclient.netty.request.NettyRequestSender - Using open Channel [id: 0xed824431, L:/127.0.0.1:50517 - R:localhost/127.0.0.1:56224] for POST '/session/2f5afa65b9ee4b1afe1ef01b2c5b6b2e/timeouts'
19:06:44.095 [AsyncHttpClient-1-4] DEBUG org.asynchttpclient.netty.handler.HttpHandler - 

Request DefaultHttpRequest(decodeResult: success, version: HTTP/1.1)
POST /session/2f5afa65b9ee4b1afe1ef01b2c5b6b2e/timeouts HTTP/1.1
User-Agent: selenium/4.1.4 (java windows)
Content-Length: 22
Content-Type: application/json; charset=utf-8
host: localhost:56224
accept: */*

Response DefaultHttpResponse(decodeResult: success, version: HTTP/1.1)
HTTP/1.1 200 OK
Content-Type: application/json; charset=utf-8
cache-control: no-cache
content-length: 14

19:06:44.095 [AsyncHttpClient-1-4] DEBUG org.asynchttpclient.netty.channel.ChannelManager - Adding key: http://localhost:56224 for channel [id: 0xed824431, L:/127.0.0.1:50517 - R:localhost/127.0.0.1:56224]
19:06:44.097 [Forwarding getCurrentUrl on session 2f5afa65b9ee4b1afe1ef01b2c5b6b2e to remote] DEBUG org.asynchttpclient.netty.request.NettyRequestSender - Using pooled Channel '[id: 0xed824431, L:/127.0.0.1:50517 - R:localhost/127.0.0.1:56224]' for 'GET' to 'http://localhost:56224/session/2f5afa65b9ee4b1afe1ef01b2c5b6b2e/url'
19:06:44.097 [Forwarding getCurrentUrl on session 2f5afa65b9ee4b1afe1ef01b2c5b6b2e to remote] DEBUG org.asynchttpclient.netty.request.NettyRequestSender - Using open Channel [id: 0xed824431, L:/127.0.0.1:50517 - R:localhost/127.0.0.1:56224] for GET '/session/2f5afa65b9ee4b1afe1ef01b2c5b6b2e/url'
19:06:44.105 [AsyncHttpClient-1-4] DEBUG org.asynchttpclient.netty.handler.HttpHandler - 

Request DefaultFullHttpRequest(decodeResult: success, version: HTTP/1.1, content: EmptyByteBufBE)
GET /session/2f5afa65b9ee4b1afe1ef01b2c5b6b2e/url HTTP/1.1
User-Agent: selenium/4.1.4 (java windows)
Cache-Control: no-cache
Content-Type: application/json; charset=utf-8
host: localhost:56224
accept: */*

Response DefaultHttpResponse(decodeResult: success, version: HTTP/1.1)
HTTP/1.1 200 OK
Content-Type: application/json; charset=utf-8
cache-control: no-cache
content-length: 60

19:06:44.105 [AsyncHttpClient-1-4] DEBUG org.asynchttpclient.netty.channel.ChannelManager - Adding key: http://localhost:56224 for channel [id: 0xed824431, L:/127.0.0.1:50517 - R:localhost/127.0.0.1:56224]
19:06:44.113 [Forwarding screenshot on session 2f5afa65b9ee4b1afe1ef01b2c5b6b2e to remote] DEBUG org.asynchttpclient.netty.request.NettyRequestSender - Using pooled Channel '[id: 0xed824431, L:/127.0.0.1:50517 - R:localhost/127.0.0.1:56224]' for 'GET' to 'http://localhost:56224/session/2f5afa65b9ee4b1afe1ef01b2c5b6b2e/screenshot'
19:06:44.113 [Forwarding screenshot on session 2f5afa65b9ee4b1afe1ef01b2c5b6b2e to remote] DEBUG org.asynchttpclient.netty.request.NettyRequestSender - Using open Channel [id: 0xed824431, L:/127.0.0.1:50517 - R:localhost/127.0.0.1:56224] for GET '/session/2f5afa65b9ee4b1afe1ef01b2c5b6b2e/screenshot'
19:06:44.540 [AsyncHttpClient-1-4] DEBUG org.asynchttpclient.netty.handler.HttpHandler - 

Request DefaultFullHttpRequest(decodeResult: success, version: HTTP/1.1, content: EmptyByteBufBE)
GET /session/2f5afa65b9ee4b1afe1ef01b2c5b6b2e/screenshot HTTP/1.1
User-Agent: selenium/4.1.4 (java windows)
Cache-Control: no-cache
Content-Type: application/json; charset=utf-8
host: localhost:56224
accept: */*

Response DefaultHttpResponse(decodeResult: success, version: HTTP/1.1)
HTTP/1.1 200 OK
Content-Type: application/json; charset=utf-8
cache-control: no-cache
content-length: 380436

19:06:44.542 [AsyncHttpClient-1-4] DEBUG org.asynchttpclient.netty.channel.ChannelManager - Adding key: http://localhost:56224 for channel [id: 0xed824431, L:/127.0.0.1:50517 - R:localhost/127.0.0.1:56224]
19:06:44.553 [main] DEBUG net.serenitybdd.core.photography.Darkroom - Send negative for processing for target\site\serenity\d122c364c40ece9db0ad32cd97c3fcf63e95ba606118dda8d3e5a1d2b8235ce2.png
19:06:44.553 [main] DEBUG net.thucydides.core.steps.StepInterceptor - STEP DONE: openLogin
  &amp#27;[32mGiven &amp#27;[0m&amp#27;[32mOpen login page&amp#27;[0m                       &amp#27;[90m# starter.stepdefinitios.LoginSteps.openLoginPage()&amp#27;[0m
19:06:44.856 [AsyncHttpClient-1-1] DEBUG org.asynchttpclient.netty.channel.DefaultChannelPool - Entry count for : http://localhost:56224 : 1
19:06:44.856 [AsyncHttpClient-1-1] DEBUG org.asynchttpclient.netty.channel.DefaultChannelPool - Entry count for : http://localhost:50518 : 1
19:06:45.078 [Forwarding findElement on session 2f5afa65b9ee4b1afe1ef01b2c5b6b2e to remote] DEBUG org.asynchttpclient.netty.request.NettyRequestSender - Using pooled Channel '[id: 0xed824431, L:/127.0.0.1:50517 - R:localhost/127.0.0.1:56224]' for 'POST' to 'http://localhost:56224/session/2f5afa65b9ee4b1afe1ef01b2c5b6b2e/element'
19:06:45.078 [Forwarding findElement on session 2f5afa65b9ee4b1afe1ef01b2c5b6b2e to remote] DEBUG org.asynchttpclient.netty.request.NettyRequestSender - Using open Channel [id: 0xed824431, L:/127.0.0.1:50517 - R:localhost/127.0.0.1:56224] for POST '/session/2f5afa65b9ee4b1afe1ef01b2c5b6b2e/element'
19:06:45.093 [AsyncHttpClient-1-4] DEBUG org.asynchttpclient.netty.handler.HttpHandler - 

Request DefaultHttpRequest(decodeResult: success, version: HTTP/1.1)
POST /session/2f5afa65b9ee4b1afe1ef01b2c5b6b2e/element HTTP/1.1
User-Agent: selenium/4.1.4 (java windows)
Content-Length: 70
Content-Type: application/json; charset=utf-8
host: localhost:56224
accept: */*

Response DefaultHttpResponse(decodeResult: success, version: HTTP/1.1)
HTTP/1.1 200 OK
Content-Type: application/json; charset=utf-8
cache-control: no-cache
content-length: 88

19:06:45.093 [AsyncHttpClient-1-4] DEBUG org.asynchttpclient.netty.channel.ChannelManager - Adding key: http://localhost:56224 for channel [id: 0xed824431, L:/127.0.0.1:50517 - R:localhost/127.0.0.1:56224]
19:06:45.095 [Forwarding sendKeysToElement on session 2f5afa65b9ee4b1afe1ef01b2c5b6b2e to remote] DEBUG org.asynchttpclient.netty.request.NettyRequestSender - Using pooled Channel '[id: 0xed824431, L:/127.0.0.1:50517 - R:localhost/127.0.0.1:56224]' for 'POST' to 'http://localhost:56224/session/2f5afa65b9ee4b1afe1ef01b2c5b6b2e/element/9d283676-af53-44d4-89a6-4f732c023f74/value'
19:06:45.095 [Forwarding sendKeysToElement on session 2f5afa65b9ee4b1afe1ef01b2c5b6b2e to remote] DEBUG org.asynchttpclient.netty.request.NettyRequestSender - Using open Channel [id: 0xed824431, L:/127.0.0.1:50517 - R:localhost/127.0.0.1:56224] for POST '/session/2f5afa65b9ee4b1afe1ef01b2c5b6b2e/element/9d283676-af53-44d4-89a6-4f732c023f74/value'
19:06:45.175 [AsyncHttpClient-1-4] DEBUG org.asynchttpclient.netty.handler.HttpHandler - 

Request DefaultHttpRequest(decodeResult: success, version: HTTP/1.1)
POST /session/2f5afa65b9ee4b1afe1ef01b2c5b6b2e/element/9d283676-af53-44d4-89a6-4f732c023f74/value HTTP/1.1
User-Agent: selenium/4.1.4 (java windows)
Content-Length: 131
Content-Type: application/json; charset=utf-8
host: localhost:56224
accept: */*

Response DefaultHttpResponse(decodeResult: success, version: HTTP/1.1)
HTTP/1.1 200 OK
Content-Type: application/json; charset=utf-8
cache-control: no-cache
content-length: 14

19:06:45.175 [AsyncHttpClient-1-4] DEBUG org.asynchttpclient.netty.channel.ChannelManager - Adding key: http://localhost:56224 for channel [id: 0xed824431, L:/127.0.0.1:50517 - R:localhost/127.0.0.1:56224]
  &amp#27;[32mWhen &amp#27;[0m&amp#27;[32mI input &amp#27;[0m&amp#27;[32m&amp#27;[1m"admin"&amp#27;[0m&amp#27;[32m login email valid&amp#27;[0m      &amp#27;[90m# starter.stepdefinitios.LoginSteps.iInputLoginEmailValid(java.lang.String)&amp#27;[0m
19:06:45.181 [Forwarding screenshot on session 2f5afa65b9ee4b1afe1ef01b2c5b6b2e to remote] DEBUG org.asynchttpclient.netty.request.NettyRequestSender - Using pooled Channel '[id: 0xed824431, L:/127.0.0.1:50517 - R:localhost/127.0.0.1:56224]' for 'GET' to 'http://localhost:56224/session/2f5afa65b9ee4b1afe1ef01b2c5b6b2e/screenshot'
19:06:45.181 [Forwarding screenshot on session 2f5afa65b9ee4b1afe1ef01b2c5b6b2e to remote] DEBUG org.asynchttpclient.netty.request.NettyRequestSender - Using open Channel [id: 0xed824431, L:/127.0.0.1:50517 - R:localhost/127.0.0.1:56224] for GET '/session/2f5afa65b9ee4b1afe1ef01b2c5b6b2e/screenshot'
19:06:45.433 [AsyncHttpClient-1-4] DEBUG org.asynchttpclient.netty.handler.HttpHandler - 

Request DefaultFullHttpRequest(decodeResult: success, version: HTTP/1.1, content: EmptyByteBufBE)
GET /session/2f5afa65b9ee4b1afe1ef01b2c5b6b2e/screenshot HTTP/1.1
User-Agent: selenium/4.1.4 (java windows)
Cache-Control: no-cache
Content-Type: application/json; charset=utf-8
host: localhost:56224
accept: */*

Response DefaultHttpResponse(decodeResult: success, version: HTTP/1.1)
HTTP/1.1 200 OK
Content-Type: application/json; charset=utf-8
cache-control: no-cache
content-length: 379420

19:06:45.434 [AsyncHttpClient-1-4] DEBUG org.asynchttpclient.netty.channel.ChannelManager - Adding key: http://localhost:56224 for channel [id: 0xed824431, L:/127.0.0.1:50517 - R:localhost/127.0.0.1:56224]
19:06:45.444 [main] DEBUG net.serenitybdd.core.photography.Darkroom - Send negative for processing for target\site\serenity\93df20195d3751dea78ac30a105f84d37c410e0341f58ded6fb231b5b47402e6.png
19:06:45.952 [AsyncHttpClient-1-1] DEBUG org.asynchttpclient.netty.channel.DefaultChannelPool - Entry count for : http://localhost:56224 : 1
19:06:45.952 [AsyncHttpClient-1-1] DEBUG org.asynchttpclient.netty.channel.DefaultChannelPool - Entry count for : http://localhost:50518 : 1
19:06:45.972 [Forwarding screenshot on session 2f5afa65b9ee4b1afe1ef01b2c5b6b2e to remote] DEBUG org.asynchttpclient.netty.request.NettyRequestSender - Using pooled Channel '[id: 0xed824431, L:/127.0.0.1:50517 - R:localhost/127.0.0.1:56224]' for 'GET' to 'http://localhost:56224/session/2f5afa65b9ee4b1afe1ef01b2c5b6b2e/screenshot'
19:06:45.972 [Forwarding screenshot on session 2f5afa65b9ee4b1afe1ef01b2c5b6b2e to remote] DEBUG org.asynchttpclient.netty.request.NettyRequestSender - Using open Channel [id: 0xed824431, L:/127.0.0.1:50517 - R:localhost/127.0.0.1:56224] for GET '/session/2f5afa65b9ee4b1afe1ef01b2c5b6b2e/screenshot'
19:06:46.245 [AsyncHttpClient-1-4] DEBUG org.asynchttpclient.netty.handler.HttpHandler - 

Request DefaultFullHttpRequest(decodeResult: success, version: HTTP/1.1, content: EmptyByteBufBE)
GET /session/2f5afa65b9ee4b1afe1ef01b2c5b6b2e/screenshot HTTP/1.1
User-Agent: selenium/4.1.4 (java windows)
Cache-Control: no-cache
Content-Type: application/json; charset=utf-8
host: localhost:56224
accept: */*

Response DefaultHttpResponse(decodeResult: success, version: HTTP/1.1)
HTTP/1.1 200 OK
Content-Type: application/json; charset=utf-8
cache-control: no-cache
content-length: 379404

19:06:46.246 [AsyncHttpClient-1-4] DEBUG org.asynchttpclient.netty.channel.ChannelManager - Adding key: http://localhost:56224 for channel [id: 0xed824431, L:/127.0.0.1:50517 - R:localhost/127.0.0.1:56224]
19:06:46.255 [main] DEBUG net.serenitybdd.core.photography.Darkroom - Send negative for processing for target\site\serenity\f684e1524ced0278b0b6c6b37709a7cbfb8281aeb576b04a4743fda17448b798.png
19:06:46.255 [Darkroom Processing Line] DEBUG net.serenitybdd.core.photography.DarkroomProcessingLine - Processing screenshot image in /var/screenshots/screenshot-5415591346346864303
19:06:46.255 [Darkroom Processing Line] DEBUG net.serenitybdd.core.photography.DarkroomProcessingLine - Saving screenshot to target\site\serenity\f684e1524ced0278b0b6c6b37709a7cbfb8281aeb576b04a4743fda17448b798.png
19:06:46.255 [main] DEBUG net.thucydides.core.steps.StepInterceptor - STARTING STEP: LoginSteps.iInputLoginPasswordValid - inputPasswordLogin
19:06:46.260 [Forwarding findElement on session 2f5afa65b9ee4b1afe1ef01b2c5b6b2e to remote] DEBUG org.asynchttpclient.netty.request.NettyRequestSender - Using pooled Channel '[id: 0xed824431, L:/127.0.0.1:50517 - R:localhost/127.0.0.1:56224]' for 'POST' to 'http://localhost:56224/session/2f5afa65b9ee4b1afe1ef01b2c5b6b2e/element'
19:06:46.260 [Forwarding findElement on session 2f5afa65b9ee4b1afe1ef01b2c5b6b2e to remote] DEBUG org.asynchttpclient.netty.request.NettyRequestSender - Using open Channel [id: 0xed824431, L:/127.0.0.1:50517 - R:localhost/127.0.0.1:56224] for POST '/session/2f5afa65b9ee4b1afe1ef01b2c5b6b2e/element'
19:06:46.292 [AsyncHttpClient-1-4] DEBUG org.asynchttpclient.netty.handler.HttpHandler - 

Request DefaultHttpRequest(decodeResult: success, version: HTTP/1.1)
POST /session/2f5afa65b9ee4b1afe1ef01b2c5b6b2e/element HTTP/1.1
User-Agent: selenium/4.1.4 (java windows)
Content-Length: 70
Content-Type: application/json; charset=utf-8
host: localhost:56224
accept: */*

Response DefaultHttpResponse(decodeResult: success, version: HTTP/1.1)
HTTP/1.1 200 OK
Content-Type: application/json; charset=utf-8
cache-control: no-cache
content-length: 88

19:06:46.292 [AsyncHttpClient-1-4] DEBUG org.asynchttpclient.netty.channel.ChannelManager - Adding key: http://localhost:56224 for channel [id: 0xed824431, L:/127.0.0.1:50517 - R:localhost/127.0.0.1:56224]
19:06:46.294 [Forwarding sendKeysToElement on session 2f5afa65b9ee4b1afe1ef01b2c5b6b2e to remote] DEBUG org.asynchttpclient.netty.request.NettyRequestSender - Using pooled Channel '[id: 0xed824431, L:/127.0.0.1:50517 - R:localhost/127.0.0.1:56224]' for 'POST' to 'http://localhost:56224/session/2f5afa65b9ee4b1afe1ef01b2c5b6b2e/element/93a4cc39-6af3-4943-bd27-10e7a493a0b7/value'
19:06:46.294 [Forwarding sendKeysToElement on session 2f5afa65b9ee4b1afe1ef01b2c5b6b2e to remote] DEBUG org.asynchttpclient.netty.request.NettyRequestSender - Using open Channel [id: 0xed824431, L:/127.0.0.1:50517 - R:localhost/127.0.0.1:56224] for POST '/session/2f5afa65b9ee4b1afe1ef01b2c5b6b2e/element/93a4cc39-6af3-4943-bd27-10e7a493a0b7/value'
19:06:46.396 [AsyncHttpClient-1-4] DEBUG org.asynchttpclient.netty.handler.HttpHandler - 

Request DefaultHttpRequest(decodeResult: success, version: HTTP/1.1)
POST /session/2f5afa65b9ee4b1afe1ef01b2c5b6b2e/element/93a4cc39-6af3-4943-bd27-10e7a493a0b7/value HTTP/1.1
User-Agent: selenium/4.1.4 (java windows)
Content-Length: 161
Content-Type: application/json; charset=utf-8
host: localhost:56224
accept: */*

Response DefaultHttpResponse(decodeResult: success, version: HTTP/1.1)
HTTP/1.1 200 OK
Content-Type: application/json; charset=utf-8
cache-control: no-cache
content-length: 14

19:06:46.396 [AsyncHttpClient-1-4] DEBUG org.asynchttpclient.netty.channel.ChannelManager - Adding key: http://localhost:56224 for channel [id: 0xed824431, L:/127.0.0.1:50517 - R:localhost/127.0.0.1:56224]
19:06:46.400 [Forwarding screenshot on session 2f5afa65b9ee4b1afe1ef01b2c5b6b2e to remote] DEBUG org.asynchttpclient.netty.request.NettyRequestSender - Using pooled Channel '[id: 0xed824431, L:/127.0.0.1:50517 - R:localhost/127.0.0.1:56224]' for 'GET' to 'http://localhost:56224/session/2f5afa65b9ee4b1afe1ef01b2c5b6b2e/screenshot'
19:06:46.401 [Forwarding screenshot on session 2f5afa65b9ee4b1afe1ef01b2c5b6b2e to remote] DEBUG org.asynchttpclient.netty.request.NettyRequestSender - Using open Channel [id: 0xed824431, L:/127.0.0.1:50517 - R:localhost/127.0.0.1:56224] for GET '/session/2f5afa65b9ee4b1afe1ef01b2c5b6b2e/screenshot'
19:06:46.639 [AsyncHttpClient-1-4] DEBUG org.asynchttpclient.netty.handler.HttpHandler - 

Request DefaultFullHttpRequest(decodeResult: success, version: HTTP/1.1, content: EmptyByteBufBE)
GET /session/2f5afa65b9ee4b1afe1ef01b2c5b6b2e/screenshot HTTP/1.1
User-Agent: selenium/4.1.4 (java windows)
Cache-Control: no-cache
Content-Type: application/json; charset=utf-8
host: localhost:56224
accept: */*

Response DefaultHttpResponse(decodeResult: success, version: HTTP/1.1)
HTTP/1.1 200 OK
Content-Type: application/json; charset=utf-8
cache-control: no-cache
content-length: 377580

19:06:46.640 [AsyncHttpClient-1-4] DEBUG org.asynchttpclient.netty.channel.ChannelManager - Adding key: http://localhost:56224 for channel [id: 0xed824431, L:/127.0.0.1:50517 - R:localhost/127.0.0.1:56224]
19:06:46.649 [main] DEBUG net.serenitybdd.core.photography.Darkroom - Send negative for processing for target\site\serenity\44fa0aa493cf3a3837a7fab79c30bded8f584eda85d2cfd055a7ef5b4e3f0a4a.png
19:06:46.649 [main] DEBUG net.thucydides.core.steps.StepInterceptor - STEP DONE: inputPasswordLogin
19:06:46.649 [Darkroom Processing Line] DEBUG net.serenitybdd.core.photography.DarkroomProcessingLine - Processing screenshot image in /var/screenshots/screenshot-8817386030080892882
19:06:46.649 [Darkroom Processing Line] DEBUG net.serenitybdd.core.photography.DarkroomProcessingLine - Saving screenshot to target\site\serenity\44fa0aa493cf3a3837a7fab79c30bded8f584eda85d2cfd055a7ef5b4e3f0a4a.png
  &amp#27;[32mAnd &amp#27;[0m&amp#27;[32mI input &amp#27;[0m&amp#27;[32m&amp#27;[1m"admin123"&amp#27;[0m&amp#27;[32m login password valid&amp#27;[0m &amp#27;[90m# starter.stepdefinitios.LoginSteps.iInputLoginPasswordValid(java.lang.String)&amp#27;[0m
19:06:46.660 [main] DEBUG net.thucydides.core.steps.StepInterceptor - STARTING STEP: LoginSteps.iClickButtonLogin - clickButtonLogin
19:06:46.661 [Forwarding findElement on session 2f5afa65b9ee4b1afe1ef01b2c5b6b2e to remote] DEBUG org.asynchttpclient.netty.request.NettyRequestSender - Using pooled Channel '[id: 0xed824431, L:/127.0.0.1:50517 - R:localhost/127.0.0.1:56224]' for 'POST' to 'http://localhost:56224/session/2f5afa65b9ee4b1afe1ef01b2c5b6b2e/element'
19:06:46.661 [Forwarding findElement on session 2f5afa65b9ee4b1afe1ef01b2c5b6b2e to remote] DEBUG org.asynchttpclient.netty.request.NettyRequestSender - Using open Channel [id: 0xed824431, L:/127.0.0.1:50517 - R:localhost/127.0.0.1:56224] for POST '/session/2f5afa65b9ee4b1afe1ef01b2c5b6b2e/element'
19:06:46.670 [AsyncHttpClient-1-4] DEBUG org.asynchttpclient.netty.handler.HttpHandler - 

Request DefaultHttpRequest(decodeResult: success, version: HTTP/1.1)
POST /session/2f5afa65b9ee4b1afe1ef01b2c5b6b2e/element HTTP/1.1
User-Agent: selenium/4.1.4 (java windows)
Content-Length: 68
Content-Type: application/json; charset=utf-8
host: localhost:56224
accept: */*

Response DefaultHttpResponse(decodeResult: success, version: HTTP/1.1)
HTTP/1.1 200 OK
Content-Type: application/json; charset=utf-8
cache-control: no-cache
content-length: 88

19:06:46.671 [AsyncHttpClient-1-4] DEBUG org.asynchttpclient.netty.channel.ChannelManager - Adding key: http://localhost:56224 for channel [id: 0xed824431, L:/127.0.0.1:50517 - R:localhost/127.0.0.1:56224]
19:06:46.672 [Forwarding getElementTagName on session 2f5afa65b9ee4b1afe1ef01b2c5b6b2e to remote] DEBUG org.asynchttpclient.netty.request.NettyRequestSender - Using pooled Channel '[id: 0xed824431, L:/127.0.0.1:50517 - R:localhost/127.0.0.1:56224]' for 'GET' to 'http://localhost:56224/session/2f5afa65b9ee4b1afe1ef01b2c5b6b2e/element/4f18e164-174a-4203-b499-29ad287a46a0/name'
19:06:46.672 [Forwarding getElementTagName on session 2f5afa65b9ee4b1afe1ef01b2c5b6b2e to remote] DEBUG org.asynchttpclient.netty.request.NettyRequestSender - Using open Channel [id: 0xed824431, L:/127.0.0.1:50517 - R:localhost/127.0.0.1:56224] for GET '/session/2f5afa65b9ee4b1afe1ef01b2c5b6b2e/element/4f18e164-174a-4203-b499-29ad287a46a0/name'
19:06:46.676 [AsyncHttpClient-1-4] DEBUG org.asynchttpclient.netty.handler.HttpHandler - 

Request DefaultFullHttpRequest(decodeResult: success, version: HTTP/1.1, content: EmptyByteBufBE)
GET /session/2f5afa65b9ee4b1afe1ef01b2c5b6b2e/element/4f18e164-174a-4203-b499-29ad287a46a0/name HTTP/1.1
User-Agent: selenium/4.1.4 (java windows)
Cache-Control: no-cache
Content-Type: application/json; charset=utf-8
host: localhost:56224
accept: */*

Response DefaultHttpResponse(decodeResult: success, version: HTTP/1.1)
HTTP/1.1 200 OK
Content-Type: application/json; charset=utf-8
cache-control: no-cache
content-length: 18

19:06:46.676 [AsyncHttpClient-1-4] DEBUG org.asynchttpclient.netty.channel.ChannelManager - Adding key: http://localhost:56224 for channel [id: 0xed824431, L:/127.0.0.1:50517 - R:localhost/127.0.0.1:56224]
19:06:46.677 [Forwarding getElementTagName on session 2f5afa65b9ee4b1afe1ef01b2c5b6b2e to remote] DEBUG org.asynchttpclient.netty.request.NettyRequestSender - Using pooled Channel '[id: 0xed824431, L:/127.0.0.1:50517 - R:localhost/127.0.0.1:56224]' for 'GET' to 'http://localhost:56224/session/2f5afa65b9ee4b1afe1ef01b2c5b6b2e/element/4f18e164-174a-4203-b499-29ad287a46a0/name'
19:06:46.677 [Forwarding getElementTagName on session 2f5afa65b9ee4b1afe1ef01b2c5b6b2e to remote] DEBUG org.asynchttpclient.netty.request.NettyRequestSender - Using open Channel [id: 0xed824431, L:/127.0.0.1:50517 - R:localhost/127.0.0.1:56224] for GET '/session/2f5afa65b9ee4b1afe1ef01b2c5b6b2e/element/4f18e164-174a-4203-b499-29ad287a46a0/name'
19:06:46.679 [AsyncHttpClient-1-4] DEBUG org.asynchttpclient.netty.handler.HttpHandler - 

Request DefaultFullHttpRequest(decodeResult: success, version: HTTP/1.1, content: EmptyByteBufBE)
GET /session/2f5afa65b9ee4b1afe1ef01b2c5b6b2e/element/4f18e164-174a-4203-b499-29ad287a46a0/name HTTP/1.1
User-Agent: selenium/4.1.4 (java windows)
Cache-Control: no-cache
Content-Type: application/json; charset=utf-8
host: localhost:56224
accept: */*

Response DefaultHttpResponse(decodeResult: success, version: HTTP/1.1)
HTTP/1.1 200 OK
Content-Type: application/json; charset=utf-8
cache-control: no-cache
content-length: 18

19:06:46.679 [AsyncHttpClient-1-4] DEBUG org.asynchttpclient.netty.channel.ChannelManager - Adding key: http://localhost:56224 for channel [id: 0xed824431, L:/127.0.0.1:50517 - R:localhost/127.0.0.1:56224]
19:06:46.681 [Forwarding isElementEnabled on session 2f5afa65b9ee4b1afe1ef01b2c5b6b2e to remote] DEBUG org.asynchttpclient.netty.request.NettyRequestSender - Using pooled Channel '[id: 0xed824431, L:/127.0.0.1:50517 - R:localhost/127.0.0.1:56224]' for 'GET' to 'http://localhost:56224/session/2f5afa65b9ee4b1afe1ef01b2c5b6b2e/element/4f18e164-174a-4203-b499-29ad287a46a0/enabled'
19:06:46.681 [Forwarding isElementEnabled on session 2f5afa65b9ee4b1afe1ef01b2c5b6b2e to remote] DEBUG org.asynchttpclient.netty.request.NettyRequestSender - Using open Channel [id: 0xed824431, L:/127.0.0.1:50517 - R:localhost/127.0.0.1:56224] for GET '/session/2f5afa65b9ee4b1afe1ef01b2c5b6b2e/element/4f18e164-174a-4203-b499-29ad287a46a0/enabled'
19:06:46.690 [AsyncHttpClient-1-4] DEBUG org.asynchttpclient.netty.handler.HttpHandler - 

Request DefaultFullHttpRequest(decodeResult: success, version: HTTP/1.1, content: EmptyByteBufBE)
GET /session/2f5afa65b9ee4b1afe1ef01b2c5b6b2e/element/4f18e164-174a-4203-b499-29ad287a46a0/enabled HTTP/1.1
User-Agent: selenium/4.1.4 (java windows)
Cache-Control: no-cache
Content-Type: application/json; charset=utf-8
host: localhost:56224
accept: */*

Response DefaultHttpResponse(decodeResult: success, version: HTTP/1.1)
HTTP/1.1 200 OK
Content-Type: application/json; charset=utf-8
cache-control: no-cache
content-length: 14

19:06:46.690 [AsyncHttpClient-1-4] DEBUG org.asynchttpclient.netty.channel.ChannelManager - Adding key: http://localhost:56224 for channel [id: 0xed824431, L:/127.0.0.1:50517 - R:localhost/127.0.0.1:56224]
19:06:46.692 [Forwarding isElementEnabled on session 2f5afa65b9ee4b1afe1ef01b2c5b6b2e to remote] DEBUG org.asynchttpclient.netty.request.NettyRequestSender - Using pooled Channel '[id: 0xed824431, L:/127.0.0.1:50517 - R:localhost/127.0.0.1:56224]' for 'GET' to 'http://localhost:56224/session/2f5afa65b9ee4b1afe1ef01b2c5b6b2e/element/4f18e164-174a-4203-b499-29ad287a46a0/enabled'
19:06:46.692 [Forwarding isElementEnabled on session 2f5afa65b9ee4b1afe1ef01b2c5b6b2e to remote] DEBUG org.asynchttpclient.netty.request.NettyRequestSender - Using open Channel [id: 0xed824431, L:/127.0.0.1:50517 - R:localhost/127.0.0.1:56224] for GET '/session/2f5afa65b9ee4b1afe1ef01b2c5b6b2e/element/4f18e164-174a-4203-b499-29ad287a46a0/enabled'
19:06:46.697 [AsyncHttpClient-1-4] DEBUG org.asynchttpclient.netty.handler.HttpHandler - 

Request DefaultFullHttpRequest(decodeResult: success, version: HTTP/1.1, content: EmptyByteBufBE)
GET /session/2f5afa65b9ee4b1afe1ef01b2c5b6b2e/element/4f18e164-174a-4203-b499-29ad287a46a0/enabled HTTP/1.1
User-Agent: selenium/4.1.4 (java windows)
Cache-Control: no-cache
Content-Type: application/json; charset=utf-8
host: localhost:56224
accept: */*

Response DefaultHttpResponse(decodeResult: success, version: HTTP/1.1)
HTTP/1.1 200 OK
Content-Type: application/json; charset=utf-8
cache-control: no-cache
content-length: 14

19:06:46.698 [AsyncHttpClient-1-4] DEBUG org.asynchttpclient.netty.channel.ChannelManager - Adding key: http://localhost:56224 for channel [id: 0xed824431, L:/127.0.0.1:50517 - R:localhost/127.0.0.1:56224]
19:06:46.700 [Forwarding findElement on session 2f5afa65b9ee4b1afe1ef01b2c5b6b2e to remote] DEBUG org.asynchttpclient.netty.request.NettyRequestSender - Using pooled Channel '[id: 0xed824431, L:/127.0.0.1:50517 - R:localhost/127.0.0.1:56224]' for 'POST' to 'http://localhost:56224/session/2f5afa65b9ee4b1afe1ef01b2c5b6b2e/element'
19:06:46.700 [Forwarding findElement on session 2f5afa65b9ee4b1afe1ef01b2c5b6b2e to remote] DEBUG org.asynchttpclient.netty.request.NettyRequestSender - Using open Channel [id: 0xed824431, L:/127.0.0.1:50517 - R:localhost/127.0.0.1:56224] for POST '/session/2f5afa65b9ee4b1afe1ef01b2c5b6b2e/element'
19:06:46.706 [AsyncHttpClient-1-4] DEBUG org.asynchttpclient.netty.handler.HttpHandler - 

Request DefaultHttpRequest(decodeResult: success, version: HTTP/1.1)
POST /session/2f5afa65b9ee4b1afe1ef01b2c5b6b2e/element HTTP/1.1
User-Agent: selenium/4.1.4 (java windows)
Content-Length: 68
Content-Type: application/json; charset=utf-8
host: localhost:56224
accept: */*

Response DefaultHttpResponse(decodeResult: success, version: HTTP/1.1)
HTTP/1.1 200 OK
Content-Type: application/json; charset=utf-8
cache-control: no-cache
content-length: 88

19:06:46.706 [AsyncHttpClient-1-4] DEBUG org.asynchttpclient.netty.channel.ChannelManager - Adding key: http://localhost:56224 for channel [id: 0xed824431, L:/127.0.0.1:50517 - R:localhost/127.0.0.1:56224]
19:06:46.707 [Forwarding clickElement on session 2f5afa65b9ee4b1afe1ef01b2c5b6b2e to remote] DEBUG org.asynchttpclient.netty.request.NettyRequestSender - Using pooled Channel '[id: 0xed824431, L:/127.0.0.1:50517 - R:localhost/127.0.0.1:56224]' for 'POST' to 'http://localhost:56224/session/2f5afa65b9ee4b1afe1ef01b2c5b6b2e/element/4f18e164-174a-4203-b499-29ad287a46a0/click'
19:06:46.707 [Forwarding clickElement on session 2f5afa65b9ee4b1afe1ef01b2c5b6b2e to remote] DEBUG org.asynchttpclient.netty.request.NettyRequestSender - Using open Channel [id: 0xed824431, L:/127.0.0.1:50517 - R:localhost/127.0.0.1:56224] for POST '/session/2f5afa65b9ee4b1afe1ef01b2c5b6b2e/element/4f18e164-174a-4203-b499-29ad287a46a0/click'
19:06:46.794 [AsyncHttpClient-1-4] DEBUG org.asynchttpclient.netty.handler.HttpHandler - 

Request DefaultHttpRequest(decodeResult: success, version: HTTP/1.1)
POST /session/2f5afa65b9ee4b1afe1ef01b2c5b6b2e/element/4f18e164-174a-4203-b499-29ad287a46a0/click HTTP/1.1
User-Agent: selenium/4.1.4 (java windows)
Content-Length: 50
Content-Type: application/json; charset=utf-8
host: localhost:56224
accept: */*

Response DefaultHttpResponse(decodeResult: success, version: HTTP/1.1)
HTTP/1.1 200 OK
Content-Type: application/json; charset=utf-8
cache-control: no-cache
content-length: 14

19:06:46.794 [AsyncHttpClient-1-4] DEBUG org.asynchttpclient.netty.channel.ChannelManager - Adding key: http://localhost:56224 for channel [id: 0xed824431, L:/127.0.0.1:50517 - R:localhost/127.0.0.1:56224]
19:06:46.799 [Forwarding screenshot on session 2f5afa65b9ee4b1afe1ef01b2c5b6b2e to remote] DEBUG org.asynchttpclient.netty.request.NettyRequestSender - Using pooled Channel '[id: 0xed824431, L:/127.0.0.1:50517 - R:localhost/127.0.0.1:56224]' for 'GET' to 'http://localhost:56224/session/2f5afa65b9ee4b1afe1ef01b2c5b6b2e/screenshot'
19:06:46.799 [Forwarding screenshot on session 2f5afa65b9ee4b1afe1ef01b2c5b6b2e to remote] DEBUG org.asynchttpclient.netty.request.NettyRequestSender - Using open Channel [id: 0xed824431, L:/127.0.0.1:50517 - R:localhost/127.0.0.1:56224] for GET '/session/2f5afa65b9ee4b1afe1ef01b2c5b6b2e/screenshot'
19:06:47.052 [AsyncHttpClient-1-1] DEBUG org.asynchttpclient.netty.channel.DefaultChannelPool - Entry count for : http://localhost:50518 : 1
19:06:47.054 [AsyncHttpClient-1-4] DEBUG org.asynchttpclient.netty.handler.HttpHandler - 

Request DefaultFullHttpRequest(decodeResult: success, version: HTTP/1.1, content: EmptyByteBufBE)
GET /session/2f5afa65b9ee4b1afe1ef01b2c5b6b2e/screenshot HTTP/1.1
User-Agent: selenium/4.1.4 (java windows)
Cache-Control: no-cache
Content-Type: application/json; charset=utf-8
host: localhost:56224
accept: */*

Response DefaultHttpResponse(decodeResult: success, version: HTTP/1.1)
HTTP/1.1 200 OK
Content-Type: application/json; charset=utf-8
cache-control: no-cache
content-length: 347512

19:06:47.055 [AsyncHttpClient-1-4] DEBUG org.asynchttpclient.netty.channel.ChannelManager - Adding key: http://localhost:56224 for channel [id: 0xed824431, L:/127.0.0.1:50517 - R:localhost/127.0.0.1:56224]
19:06:47.065 [main] DEBUG net.serenitybdd.core.photography.Darkroom - Send negative for processing for target\site\serenity\a64d126e33fbacbf82af029e3c31023875796fb6a90c0dc1bf61111378cd49f4.png
19:06:47.065 [main] DEBUG net.thucydides.core.steps.StepInterceptor - STEP DONE: clickButtonLogin
19:06:47.065 [Darkroom Processing Line] DEBUG net.serenitybdd.core.photography.DarkroomProcessingLine - Processing screenshot image in /var/screenshots/screenshot-3565448327574076992
19:06:47.065 [Darkroom Processing Line] DEBUG net.serenitybdd.core.photography.DarkroomProcessingLine - Saving screenshot to target\site\serenity\a64d126e33fbacbf82af029e3c31023875796fb6a90c0dc1bf61111378cd49f4.png
  &amp#27;[32mThen &amp#27;[0m&amp#27;[32mI click button login&amp#27;[0m                   &amp#27;[90m# starter.stepdefinitios.LoginSteps.iClickButtonLogin()&amp#27;[0m
19:06:48.081 [Forwarding screenshot on session 2f5afa65b9ee4b1afe1ef01b2c5b6b2e to remote] DEBUG org.asynchttpclient.netty.request.NettyRequestSender - Using pooled Channel '[id: 0xed824431, L:/127.0.0.1:50517 - R:localhost/127.0.0.1:56224]' for 'GET' to 'http://localhost:56224/session/2f5afa65b9ee4b1afe1ef01b2c5b6b2e/screenshot'
19:06:48.082 [Forwarding screenshot on session 2f5afa65b9ee4b1afe1ef01b2c5b6b2e to remote] DEBUG org.asynchttpclient.netty.request.NettyRequestSender - Using open Channel [id: 0xed824431, L:/127.0.0.1:50517 - R:localhost/127.0.0.1:56224] for GET '/session/2f5afa65b9ee4b1afe1ef01b2c5b6b2e/screenshot'
19:06:48.152 [AsyncHttpClient-1-1] DEBUG org.asynchttpclient.netty.channel.DefaultChannelPool - Entry count for : http://localhost:50518 : 1
19:06:48.298 [AsyncHttpClient-1-4] DEBUG org.asynchttpclient.netty.handler.HttpHandler - 

Request DefaultFullHttpRequest(decodeResult: success, version: HTTP/1.1, content: EmptyByteBufBE)
GET /session/2f5afa65b9ee4b1afe1ef01b2c5b6b2e/screenshot HTTP/1.1
User-Agent: selenium/4.1.4 (java windows)
Cache-Control: no-cache
Content-Type: application/json; charset=utf-8
host: localhost:56224
accept: */*

Response DefaultHttpResponse(decodeResult: success, version: HTTP/1.1)
HTTP/1.1 200 OK
Content-Type: application/json; charset=utf-8
cache-control: no-cache
content-length: 313236

19:06:48.298 [AsyncHttpClient-1-4] DEBUG org.asynchttpclient.netty.channel.ChannelManager - Adding key: http://localhost:56224 for channel [id: 0xed824431, L:/127.0.0.1:50517 - R:localhost/127.0.0.1:56224]
19:06:48.299 [main] DEBUG net.serenitybdd.core.photography.Darkroom - Send negative for processing for target\site\serenity\3c0a5075b5f5ebe2ce411e7f7b1e48678c120c3f1e3da165becee312ff87cc36.png
19:06:48.299 [Darkroom Processing Line] DEBUG net.serenitybdd.core.photography.DarkroomProcessingLine - Processing screenshot image in /var/screenshots/screenshot-15075707993528138295
19:06:48.299 [Darkroom Processing Line] DEBUG net.serenitybdd.core.photography.DarkroomProcessingLine - Saving screenshot to target\site\serenity\3c0a5075b5f5ebe2ce411e7f7b1e48678c120c3f1e3da165becee312ff87cc36.png
19:06:49.261 [AsyncHttpClient-1-1] DEBUG org.asynchttpclient.netty.channel.DefaultChannelPool - Entry count for : http://localhost:56224 : 1
19:06:49.261 [AsyncHttpClient-1-1] DEBUG org.asynchttpclient.netty.channel.DefaultChannelPool - Entry count for : http://localhost:50518 : 1
19:06:50.362 [AsyncHttpClient-1-1] DEBUG org.asynchttpclient.netty.channel.DefaultChannelPool - Entry count for : http://localhost:56224 : 1
19:06:50.362 [AsyncHttpClient-1-1] DEBUG org.asynchttpclient.netty.channel.DefaultChannelPool - Entry count for : http://localhost:50518 : 1
19:06:51.462 [AsyncHttpClient-1-1] DEBUG org.asynchttpclient.netty.channel.DefaultChannelPool - Entry count for : http://localhost:56224 : 1
19:06:51.462 [AsyncHttpClient-1-1] DEBUG org.asynchttpclient.netty.channel.DefaultChannelPool - Entry count for : http://localhost:50518 : 1
19:06:52.561 [AsyncHttpClient-1-1] DEBUG org.asynchttpclient.netty.channel.DefaultChannelPool - Entry count for : http://localhost:56224 : 1
19:06:52.561 [AsyncHttpClient-1-1] DEBUG org.asynchttpclient.netty.channel.DefaultChannelPool - Entry count for : http://localhost:50518 : 1
19:06:53.311 [Forwarding findElement on session 2f5afa65b9ee4b1afe1ef01b2c5b6b2e to remote] DEBUG org.asynchttpclient.netty.request.NettyRequestSender - Using pooled Channel '[id: 0xed824431, L:/127.0.0.1:50517 - R:localhost/127.0.0.1:56224]' for 'POST' to 'http://localhost:56224/session/2f5afa65b9ee4b1afe1ef01b2c5b6b2e/element'
19:06:53.311 [Forwarding findElement on session 2f5afa65b9ee4b1afe1ef01b2c5b6b2e to remote] DEBUG org.asynchttpclient.netty.request.NettyRequestSender - Using open Channel [id: 0xed824431, L:/127.0.0.1:50517 - R:localhost/127.0.0.1:56224] for POST '/session/2f5afa65b9ee4b1afe1ef01b2c5b6b2e/element'
19:06:53.331 [AsyncHttpClient-1-4] DEBUG org.asynchttpclient.netty.handler.HttpHandler - 

Request DefaultHttpRequest(decodeResult: success, version: HTTP/1.1)
POST /session/2f5afa65b9ee4b1afe1ef01b2c5b6b2e/element HTTP/1.1
User-Agent: selenium/4.1.4 (java windows)
Content-Length: 68
Content-Type: application/json; charset=utf-8
host: localhost:56224
accept: */*

Response DefaultHttpResponse(decodeResult: success, version: HTTP/1.1)
HTTP/1.1 200 OK
Content-Type: application/json; charset=utf-8
cache-control: no-cache
content-length: 88

19:06:53.331 [AsyncHttpClient-1-4] DEBUG org.asynchttpclient.netty.channel.ChannelManager - Adding key: http://localhost:56224 for channel [id: 0xed824431, L:/127.0.0.1:50517 - R:localhost/127.0.0.1:56224]
19:06:53.333 [Forwarding isElementEnabled on session 2f5afa65b9ee4b1afe1ef01b2c5b6b2e to remote] DEBUG org.asynchttpclient.netty.request.NettyRequestSender - Using pooled Channel '[id: 0xed824431, L:/127.0.0.1:50517 - R:localhost/127.0.0.1:56224]' for 'GET' to 'http://localhost:56224/session/2f5afa65b9ee4b1afe1ef01b2c5b6b2e/element/bafc7b6d-f6e1-4cdc-a404-f8654e0a78c3/enabled'
19:06:53.333 [Forwarding isElementEnabled on session 2f5afa65b9ee4b1afe1ef01b2c5b6b2e to remote] DEBUG org.asynchttpclient.netty.request.NettyRequestSender - Using open Channel [id: 0xed824431, L:/127.0.0.1:50517 - R:localhost/127.0.0.1:56224] for GET '/session/2f5afa65b9ee4b1afe1ef01b2c5b6b2e/element/bafc7b6d-f6e1-4cdc-a404-f8654e0a78c3/enabled'
19:06:53.344 [AsyncHttpClient-1-4] DEBUG org.asynchttpclient.netty.handler.HttpHandler - 

Request DefaultFullHttpRequest(decodeResult: success, version: HTTP/1.1, content: EmptyByteBufBE)
GET /session/2f5afa65b9ee4b1afe1ef01b2c5b6b2e/element/bafc7b6d-f6e1-4cdc-a404-f8654e0a78c3/enabled HTTP/1.1
User-Agent: selenium/4.1.4 (java windows)
Cache-Control: no-cache
Content-Type: application/json; charset=utf-8
host: localhost:56224
accept: */*

Response DefaultHttpResponse(decodeResult: success, version: HTTP/1.1)
HTTP/1.1 200 OK
Content-Type: application/json; charset=utf-8
cache-control: no-cache
content-length: 14

19:06:53.344 [AsyncHttpClient-1-4] DEBUG org.asynchttpclient.netty.channel.ChannelManager - Adding key: http://localhost:56224 for channel [id: 0xed824431, L:/127.0.0.1:50517 - R:localhost/127.0.0.1:56224]
19:06:53.663 [AsyncHttpClient-1-1] DEBUG org.asynchttpclient.netty.channel.DefaultChannelPool - Entry count for : http://localhost:56224 : 1
19:06:53.663 [AsyncHttpClient-1-1] DEBUG org.asynchttpclient.netty.channel.DefaultChannelPool - Entry count for : http://localhost:50518 : 1
19:06:53.868 [Forwarding screenshot on session 2f5afa65b9ee4b1afe1ef01b2c5b6b2e to remote] DEBUG org.asynchttpclient.netty.request.NettyRequestSender - Using pooled Channel '[id: 0xed824431, L:/127.0.0.1:50517 - R:localhost/127.0.0.1:56224]' for 'GET' to 'http://localhost:56224/session/2f5afa65b9ee4b1afe1ef01b2c5b6b2e/screenshot'
19:06:53.868 [Forwarding screenshot on session 2f5afa65b9ee4b1afe1ef01b2c5b6b2e to remote] DEBUG org.asynchttpclient.netty.request.NettyRequestSender - Using open Channel [id: 0xed824431, L:/127.0.0.1:50517 - R:localhost/127.0.0.1:56224] for GET '/session/2f5afa65b9ee4b1afe1ef01b2c5b6b2e/screenshot'
19:06:54.126 [AsyncHttpClient-1-4] DEBUG org.asynchttpclient.netty.handler.HttpHandler - 

Request DefaultFullHttpRequest(decodeResult: success, version: HTTP/1.1, content: EmptyByteBufBE)
GET /session/2f5afa65b9ee4b1afe1ef01b2c5b6b2e/screenshot HTTP/1.1
User-Agent: selenium/4.1.4 (java windows)
Cache-Control: no-cache
Content-Type: application/json; charset=utf-8
host: localhost:56224
accept: */*

Response DefaultHttpResponse(decodeResult: success, version: HTTP/1.1)
HTTP/1.1 200 OK
Content-Type: application/json; charset=utf-8
cache-control: no-cache
content-length: 301044

19:06:54.126 [AsyncHttpClient-1-4] DEBUG org.asynchttpclient.netty.channel.ChannelManager - Adding key: http://localhost:56224 for channel [id: 0xed824431, L:/127.0.0.1:50517 - R:localhost/127.0.0.1:56224]
19:06:54.140 [main] DEBUG net.serenitybdd.core.photography.Darkroom - Send negative for processing for target\site\serenity\163e386af0b12517552a74a3d5043b94e8c0f9215c0f21d464e3b04d27a0859d.png
19:06:54.140 [main] DEBUG net.thucydides.core.steps.StepInterceptor - STARTING STEP: LoginSteps.loginValidationInvalid - clickButtonErrorOK
19:06:54.140 [Darkroom Processing Line] DEBUG net.serenitybdd.core.photography.DarkroomProcessingLine - Processing screenshot image in /var/screenshots/screenshot-13963357699535323876
19:06:54.140 [Darkroom Processing Line] DEBUG net.serenitybdd.core.photography.DarkroomProcessingLine - Saving screenshot to target\site\serenity\163e386af0b12517552a74a3d5043b94e8c0f9215c0f21d464e3b04d27a0859d.png
19:06:54.153 [Forwarding findElement on session 2f5afa65b9ee4b1afe1ef01b2c5b6b2e to remote] DEBUG org.asynchttpclient.netty.request.NettyRequestSender - Using pooled Channel '[id: 0xed824431, L:/127.0.0.1:50517 - R:localhost/127.0.0.1:56224]' for 'POST' to 'http://localhost:56224/session/2f5afa65b9ee4b1afe1ef01b2c5b6b2e/element'
19:06:54.153 [Forwarding findElement on session 2f5afa65b9ee4b1afe1ef01b2c5b6b2e to remote] DEBUG org.asynchttpclient.netty.request.NettyRequestSender - Using open Channel [id: 0xed824431, L:/127.0.0.1:50517 - R:localhost/127.0.0.1:56224] for POST '/session/2f5afa65b9ee4b1afe1ef01b2c5b6b2e/element'
19:06:54.168 [AsyncHttpClient-1-4] DEBUG org.asynchttpclient.netty.handler.HttpHandler - 

Request DefaultHttpRequest(decodeResult: success, version: HTTP/1.1)
POST /session/2f5afa65b9ee4b1afe1ef01b2c5b6b2e/element HTTP/1.1
User-Agent: selenium/4.1.4 (java windows)
Content-Length: 88
Content-Type: application/json; charset=utf-8
host: localhost:56224
accept: */*

Response DefaultHttpResponse(decodeResult: success, version: HTTP/1.1)
HTTP/1.1 200 OK
Content-Type: application/json; charset=utf-8
cache-control: no-cache
content-length: 88

19:06:54.168 [AsyncHttpClient-1-4] DEBUG org.asynchttpclient.netty.channel.ChannelManager - Adding key: http://localhost:56224 for channel [id: 0xed824431, L:/127.0.0.1:50517 - R:localhost/127.0.0.1:56224]
19:06:54.170 [Forwarding getElementTagName on session 2f5afa65b9ee4b1afe1ef01b2c5b6b2e to remote] DEBUG org.asynchttpclient.netty.request.NettyRequestSender - Using pooled Channel '[id: 0xed824431, L:/127.0.0.1:50517 - R:localhost/127.0.0.1:56224]' for 'GET' to 'http://localhost:56224/session/2f5afa65b9ee4b1afe1ef01b2c5b6b2e/element/182f39f7-d7d4-476f-9bc3-5ad5870b2641/name'
19:06:54.170 [Forwarding getElementTagName on session 2f5afa65b9ee4b1afe1ef01b2c5b6b2e to remote] DEBUG org.asynchttpclient.netty.request.NettyRequestSender - Using open Channel [id: 0xed824431, L:/127.0.0.1:50517 - R:localhost/127.0.0.1:56224] for GET '/session/2f5afa65b9ee4b1afe1ef01b2c5b6b2e/element/182f39f7-d7d4-476f-9bc3-5ad5870b2641/name'
19:06:54.176 [AsyncHttpClient-1-4] DEBUG org.asynchttpclient.netty.handler.HttpHandler - 

Request DefaultFullHttpRequest(decodeResult: success, version: HTTP/1.1, content: EmptyByteBufBE)
GET /session/2f5afa65b9ee4b1afe1ef01b2c5b6b2e/element/182f39f7-d7d4-476f-9bc3-5ad5870b2641/name HTTP/1.1
User-Agent: selenium/4.1.4 (java windows)
Cache-Control: no-cache
Content-Type: application/json; charset=utf-8
host: localhost:56224
accept: */*

Response DefaultHttpResponse(decodeResult: success, version: HTTP/1.1)
HTTP/1.1 200 OK
Content-Type: application/json; charset=utf-8
cache-control: no-cache
content-length: 18

19:06:54.176 [AsyncHttpClient-1-4] DEBUG org.asynchttpclient.netty.channel.ChannelManager - Adding key: http://localhost:56224 for channel [id: 0xed824431, L:/127.0.0.1:50517 - R:localhost/127.0.0.1:56224]
19:06:54.178 [Forwarding getElementTagName on session 2f5afa65b9ee4b1afe1ef01b2c5b6b2e to remote] DEBUG org.asynchttpclient.netty.request.NettyRequestSender - Using pooled Channel '[id: 0xed824431, L:/127.0.0.1:50517 - R:localhost/127.0.0.1:56224]' for 'GET' to 'http://localhost:56224/session/2f5afa65b9ee4b1afe1ef01b2c5b6b2e/element/182f39f7-d7d4-476f-9bc3-5ad5870b2641/name'
19:06:54.178 [Forwarding getElementTagName on session 2f5afa65b9ee4b1afe1ef01b2c5b6b2e to remote] DEBUG org.asynchttpclient.netty.request.NettyRequestSender - Using open Channel [id: 0xed824431, L:/127.0.0.1:50517 - R:localhost/127.0.0.1:56224] for GET '/session/2f5afa65b9ee4b1afe1ef01b2c5b6b2e/element/182f39f7-d7d4-476f-9bc3-5ad5870b2641/name'
19:06:54.182 [AsyncHttpClient-1-4] DEBUG org.asynchttpclient.netty.handler.HttpHandler - 

Request DefaultFullHttpRequest(decodeResult: success, version: HTTP/1.1, content: EmptyByteBufBE)
GET /session/2f5afa65b9ee4b1afe1ef01b2c5b6b2e/element/182f39f7-d7d4-476f-9bc3-5ad5870b2641/name HTTP/1.1
User-Agent: selenium/4.1.4 (java windows)
Cache-Control: no-cache
Content-Type: application/json; charset=utf-8
host: localhost:56224
accept: */*

Response DefaultHttpResponse(decodeResult: success, version: HTTP/1.1)
HTTP/1.1 200 OK
Content-Type: application/json; charset=utf-8
cache-control: no-cache
content-length: 18

19:06:54.182 [AsyncHttpClient-1-4] DEBUG org.asynchttpclient.netty.channel.ChannelManager - Adding key: http://localhost:56224 for channel [id: 0xed824431, L:/127.0.0.1:50517 - R:localhost/127.0.0.1:56224]
19:06:54.184 [Forwarding isElementEnabled on session 2f5afa65b9ee4b1afe1ef01b2c5b6b2e to remote] DEBUG org.asynchttpclient.netty.request.NettyRequestSender - Using pooled Channel '[id: 0xed824431, L:/127.0.0.1:50517 - R:localhost/127.0.0.1:56224]' for 'GET' to 'http://localhost:56224/session/2f5afa65b9ee4b1afe1ef01b2c5b6b2e/element/182f39f7-d7d4-476f-9bc3-5ad5870b2641/enabled'
19:06:54.184 [Forwarding isElementEnabled on session 2f5afa65b9ee4b1afe1ef01b2c5b6b2e to remote] DEBUG org.asynchttpclient.netty.request.NettyRequestSender - Using open Channel [id: 0xed824431, L:/127.0.0.1:50517 - R:localhost/127.0.0.1:56224] for GET '/session/2f5afa65b9ee4b1afe1ef01b2c5b6b2e/element/182f39f7-d7d4-476f-9bc3-5ad5870b2641/enabled'
19:06:54.194 [AsyncHttpClient-1-4] DEBUG org.asynchttpclient.netty.handler.HttpHandler - 

Request DefaultFullHttpRequest(decodeResult: success, version: HTTP/1.1, content: EmptyByteBufBE)
GET /session/2f5afa65b9ee4b1afe1ef01b2c5b6b2e/element/182f39f7-d7d4-476f-9bc3-5ad5870b2641/enabled HTTP/1.1
User-Agent: selenium/4.1.4 (java windows)
Cache-Control: no-cache
Content-Type: application/json; charset=utf-8
host: localhost:56224
accept: */*

Response DefaultHttpResponse(decodeResult: success, version: HTTP/1.1)
HTTP/1.1 200 OK
Content-Type: application/json; charset=utf-8
cache-control: no-cache
content-length: 14

19:06:54.194 [AsyncHttpClient-1-4] DEBUG org.asynchttpclient.netty.channel.ChannelManager - Adding key: http://localhost:56224 for channel [id: 0xed824431, L:/127.0.0.1:50517 - R:localhost/127.0.0.1:56224]
19:06:54.196 [Forwarding isElementEnabled on session 2f5afa65b9ee4b1afe1ef01b2c5b6b2e to remote] DEBUG org.asynchttpclient.netty.request.NettyRequestSender - Using pooled Channel '[id: 0xed824431, L:/127.0.0.1:50517 - R:localhost/127.0.0.1:56224]' for 'GET' to 'http://localhost:56224/session/2f5afa65b9ee4b1afe1ef01b2c5b6b2e/element/182f39f7-d7d4-476f-9bc3-5ad5870b2641/enabled'
19:06:54.196 [Forwarding isElementEnabled on session 2f5afa65b9ee4b1afe1ef01b2c5b6b2e to remote] DEBUG org.asynchttpclient.netty.request.NettyRequestSender - Using open Channel [id: 0xed824431, L:/127.0.0.1:50517 - R:localhost/127.0.0.1:56224] for GET '/session/2f5afa65b9ee4b1afe1ef01b2c5b6b2e/element/182f39f7-d7d4-476f-9bc3-5ad5870b2641/enabled'
19:06:54.204 [AsyncHttpClient-1-4] DEBUG org.asynchttpclient.netty.handler.HttpHandler - 

Request DefaultFullHttpRequest(decodeResult: success, version: HTTP/1.1, content: EmptyByteBufBE)
GET /session/2f5afa65b9ee4b1afe1ef01b2c5b6b2e/element/182f39f7-d7d4-476f-9bc3-5ad5870b2641/enabled HTTP/1.1
User-Agent: selenium/4.1.4 (java windows)
Cache-Control: no-cache
Content-Type: application/json; charset=utf-8
host: localhost:56224
accept: */*

Response DefaultHttpResponse(decodeResult: success, version: HTTP/1.1)
HTTP/1.1 200 OK
Content-Type: application/json; charset=utf-8
cache-control: no-cache
content-length: 14

19:06:54.204 [AsyncHttpClient-1-4] DEBUG org.asynchttpclient.netty.channel.ChannelManager - Adding key: http://localhost:56224 for channel [id: 0xed824431, L:/127.0.0.1:50517 - R:localhost/127.0.0.1:56224]
19:06:54.206 [Forwarding findElement on session 2f5afa65b9ee4b1afe1ef01b2c5b6b2e to remote] DEBUG org.asynchttpclient.netty.request.NettyRequestSender - Using pooled Channel '[id: 0xed824431, L:/127.0.0.1:50517 - R:localhost/127.0.0.1:56224]' for 'POST' to 'http://localhost:56224/session/2f5afa65b9ee4b1afe1ef01b2c5b6b2e/element'
19:06:54.206 [Forwarding findElement on session 2f5afa65b9ee4b1afe1ef01b2c5b6b2e to remote] DEBUG org.asynchttpclient.netty.request.NettyRequestSender - Using open Channel [id: 0xed824431, L:/127.0.0.1:50517 - R:localhost/127.0.0.1:56224] for POST '/session/2f5afa65b9ee4b1afe1ef01b2c5b6b2e/element'
19:06:54.215 [AsyncHttpClient-1-4] DEBUG org.asynchttpclient.netty.handler.HttpHandler - 

Request DefaultHttpRequest(decodeResult: success, version: HTTP/1.1)
POST /session/2f5afa65b9ee4b1afe1ef01b2c5b6b2e/element HTTP/1.1
User-Agent: selenium/4.1.4 (java windows)
Content-Length: 88
Content-Type: application/json; charset=utf-8
host: localhost:56224
accept: */*

Response DefaultHttpResponse(decodeResult: success, version: HTTP/1.1)
HTTP/1.1 200 OK
Content-Type: application/json; charset=utf-8
cache-control: no-cache
content-length: 88

19:06:54.215 [AsyncHttpClient-1-4] DEBUG org.asynchttpclient.netty.channel.ChannelManager - Adding key: http://localhost:56224 for channel [id: 0xed824431, L:/127.0.0.1:50517 - R:localhost/127.0.0.1:56224]
19:06:54.216 [Forwarding clickElement on session 2f5afa65b9ee4b1afe1ef01b2c5b6b2e to remote] DEBUG org.asynchttpclient.netty.request.NettyRequestSender - Using pooled Channel '[id: 0xed824431, L:/127.0.0.1:50517 - R:localhost/127.0.0.1:56224]' for 'POST' to 'http://localhost:56224/session/2f5afa65b9ee4b1afe1ef01b2c5b6b2e/element/182f39f7-d7d4-476f-9bc3-5ad5870b2641/click'
19:06:54.216 [Forwarding clickElement on session 2f5afa65b9ee4b1afe1ef01b2c5b6b2e to remote] DEBUG org.asynchttpclient.netty.request.NettyRequestSender - Using open Channel [id: 0xed824431, L:/127.0.0.1:50517 - R:localhost/127.0.0.1:56224] for POST '/session/2f5afa65b9ee4b1afe1ef01b2c5b6b2e/element/182f39f7-d7d4-476f-9bc3-5ad5870b2641/click'
19:06:54.309 [AsyncHttpClient-1-4] DEBUG org.asynchttpclient.netty.handler.HttpHandler - 

Request DefaultHttpRequest(decodeResult: success, version: HTTP/1.1)
POST /session/2f5afa65b9ee4b1afe1ef01b2c5b6b2e/element/182f39f7-d7d4-476f-9bc3-5ad5870b2641/click HTTP/1.1
User-Agent: selenium/4.1.4 (java windows)
Content-Length: 50
Content-Type: application/json; charset=utf-8
host: localhost:56224
accept: */*

Response DefaultHttpResponse(decodeResult: success, version: HTTP/1.1)
HTTP/1.1 200 OK
Content-Type: application/json; charset=utf-8
cache-control: no-cache
content-length: 14

19:06:54.309 [AsyncHttpClient-1-4] DEBUG org.asynchttpclient.netty.channel.ChannelManager - Adding key: http://localhost:56224 for channel [id: 0xed824431, L:/127.0.0.1:50517 - R:localhost/127.0.0.1:56224]
19:06:54.322 [Forwarding screenshot on session 2f5afa65b9ee4b1afe1ef01b2c5b6b2e to remote] DEBUG org.asynchttpclient.netty.request.NettyRequestSender - Using pooled Channel '[id: 0xed824431, L:/127.0.0.1:50517 - R:localhost/127.0.0.1:56224]' for 'GET' to 'http://localhost:56224/session/2f5afa65b9ee4b1afe1ef01b2c5b6b2e/screenshot'
19:06:54.322 [Forwarding screenshot on session 2f5afa65b9ee4b1afe1ef01b2c5b6b2e to remote] DEBUG org.asynchttpclient.netty.request.NettyRequestSender - Using open Channel [id: 0xed824431, L:/127.0.0.1:50517 - R:localhost/127.0.0.1:56224] for GET '/session/2f5afa65b9ee4b1afe1ef01b2c5b6b2e/screenshot'
19:06:54.666 [AsyncHttpClient-1-4] DEBUG org.asynchttpclient.netty.handler.HttpHandler - 

Request DefaultFullHttpRequest(decodeResult: success, version: HTTP/1.1, content: EmptyByteBufBE)
GET /session/2f5afa65b9ee4b1afe1ef01b2c5b6b2e/screenshot HTTP/1.1
User-Agent: selenium/4.1.4 (java windows)
Cache-Control: no-cache
Content-Type: application/json; charset=utf-8
host: localhost:56224
accept: */*

Response DefaultHttpResponse(decodeResult: success, version: HTTP/1.1)
HTTP/1.1 200 OK
Content-Type: application/json; charset=utf-8
cache-control: no-cache
content-length: 73804

19:06:54.666 [AsyncHttpClient-1-4] DEBUG org.asynchttpclient.netty.channel.ChannelManager - Adding key: http://localhost:56224 for channel [id: 0xed824431, L:/127.0.0.1:50517 - R:localhost/127.0.0.1:56224]
19:06:54.668 [main] DEBUG net.serenitybdd.core.photography.Darkroom - Send negative for processing for target\site\serenity\aaabcc68c76734b97ef2e447272b0d54c51d4ad566387ffb27fac1fff671eb31.png
19:06:54.668 [main] DEBUG net.thucydides.core.steps.StepInterceptor - STEP DONE: clickButtonErrorOK
  &amp#27;[32mAnd &amp#27;[0m&amp#27;[32mLogin validation invalid&amp#27;[0m                &amp#27;[90m# starter.stepdefinitios.LoginSteps.loginValidationInvalid()&amp#27;[0m
19:06:54.668 [Darkroom Processing Line] DEBUG net.serenitybdd.core.photography.DarkroomProcessingLine - Processing screenshot image in /var/screenshots/screenshot-9460513075193354504
19:06:54.668 [Darkroom Processing Line] DEBUG net.serenitybdd.core.photography.DarkroomProcessingLine - Saving screenshot to target\site\serenity\aaabcc68c76734b97ef2e447272b0d54c51d4ad566387ffb27fac1fff671eb31.png
19:06:54.759 [AsyncHttpClient-1-1] DEBUG org.asynchttpclient.netty.channel.DefaultChannelPool - Entry count for : http://localhost:56224 : 1
19:06:54.759 [AsyncHttpClient-1-1] DEBUG org.asynchttpclient.netty.channel.DefaultChannelPool - Entry count for : http://localhost:50518 : 1
19:06:55.855 [AsyncHttpClient-1-1] DEBUG org.asynchttpclient.netty.channel.DefaultChannelPool - Entry count for : http://localhost:56224 : 1
19:06:55.855 [AsyncHttpClient-1-1] DEBUG org.asynchttpclient.netty.channel.DefaultChannelPool - Entry count for : http://localhost:50518 : 1
19:06:56.961 [AsyncHttpClient-1-1] DEBUG org.asynchttpclient.netty.channel.DefaultChannelPool - Entry count for : http://localhost:56224 : 1
19:06:56.961 [AsyncHttpClient-1-1] DEBUG org.asynchttpclient.netty.channel.DefaultChannelPool - Entry count for : http://localhost:50518 : 1
19:06:58.065 [AsyncHttpClient-1-1] DEBUG org.asynchttpclient.netty.channel.DefaultChannelPool - Entry count for : http://localhost:56224 : 1
19:06:58.065 [AsyncHttpClient-1-1] DEBUG org.asynchttpclient.netty.channel.DefaultChannelPool - Entry count for : http://localhost:50518 : 1
19:06:59.157 [AsyncHttpClient-1-1] DEBUG org.asynchttpclient.netty.channel.DefaultChannelPool - Entry count for : http://localhost:56224 : 1
19:06:59.157 [AsyncHttpClient-1-1] DEBUG org.asynchttpclient.netty.channel.DefaultChannelPool - Entry count for : http://localhost:50518 : 1
19:06:59.702 [Forwarding screenshot on session 2f5afa65b9ee4b1afe1ef01b2c5b6b2e to remote] DEBUG org.asynchttpclient.netty.request.NettyRequestSender - Using pooled Channel '[id: 0xed824431, L:/127.0.0.1:50517 - R:localhost/127.0.0.1:56224]' for 'GET' to 'http://localhost:56224/session/2f5afa65b9ee4b1afe1ef01b2c5b6b2e/screenshot'
19:06:59.702 [Forwarding screenshot on session 2f5afa65b9ee4b1afe1ef01b2c5b6b2e to remote] DEBUG org.asynchttpclient.netty.request.NettyRequestSender - Using open Channel [id: 0xed824431, L:/127.0.0.1:50517 - R:localhost/127.0.0.1:56224] for GET '/session/2f5afa65b9ee4b1afe1ef01b2c5b6b2e/screenshot'
19:06:59.852 [AsyncHttpClient-1-4] DEBUG org.asynchttpclient.netty.handler.HttpHandler - 

Request DefaultFullHttpRequest(decodeResult: success, version: HTTP/1.1, content: EmptyByteBufBE)
GET /session/2f5afa65b9ee4b1afe1ef01b2c5b6b2e/screenshot HTTP/1.1
User-Agent: selenium/4.1.4 (java windows)
Cache-Control: no-cache
Content-Type: application/json; charset=utf-8
host: localhost:56224
accept: */*

Response DefaultHttpResponse(decodeResult: success, version: HTTP/1.1)
HTTP/1.1 200 OK
Content-Type: application/json; charset=utf-8
cache-control: no-cache
content-length: 78792

19:06:59.852 [AsyncHttpClient-1-4] DEBUG org.asynchttpclient.netty.channel.ChannelManager - Adding key: http://localhost:56224 for channel [id: 0xed824431, L:/127.0.0.1:50517 - R:localhost/127.0.0.1:56224]
19:06:59.857 [main] DEBUG net.serenitybdd.core.photography.Darkroom - Send negative for processing for target\site\serenity\7d6bd986d40d2ce7d09c99e3df4f2f7845451131625824cea4a6f296a4101466.png
19:06:59.857 [main] DEBUG net.thucydides.core.steps.StepInterceptor - STARTING STEP: LoginSteps.validateOnDashboard - validViewDashbord
19:06:59.857 [Darkroom Processing Line] DEBUG net.serenitybdd.core.photography.DarkroomProcessingLine - Processing screenshot image in /var/screenshots/screenshot-16482767324545324307
19:06:59.861 [Darkroom Processing Line] DEBUG net.serenitybdd.core.photography.DarkroomProcessingLine - Saving screenshot to target\site\serenity\7d6bd986d40d2ce7d09c99e3df4f2f7845451131625824cea4a6f296a4101466.png
19:06:59.865 [Forwarding findElement on session 2f5afa65b9ee4b1afe1ef01b2c5b6b2e to remote] DEBUG org.asynchttpclient.netty.request.NettyRequestSender - Using pooled Channel '[id: 0xed824431, L:/127.0.0.1:50517 - R:localhost/127.0.0.1:56224]' for 'POST' to 'http://localhost:56224/session/2f5afa65b9ee4b1afe1ef01b2c5b6b2e/element'
19:06:59.865 [Forwarding findElement on session 2f5afa65b9ee4b1afe1ef01b2c5b6b2e to remote] DEBUG org.asynchttpclient.netty.request.NettyRequestSender - Using open Channel [id: 0xed824431, L:/127.0.0.1:50517 - R:localhost/127.0.0.1:56224] for POST '/session/2f5afa65b9ee4b1afe1ef01b2c5b6b2e/element'
19:06:59.883 [AsyncHttpClient-1-4] DEBUG org.asynchttpclient.netty.handler.HttpHandler - 

Request DefaultHttpRequest(decodeResult: success, version: HTTP/1.1)
POST /session/2f5afa65b9ee4b1afe1ef01b2c5b6b2e/element HTTP/1.1
User-Agent: selenium/4.1.4 (java windows)
Content-Length: 96
Content-Type: application/json; charset=utf-8
host: localhost:56224
accept: */*

Response DefaultHttpResponse(decodeResult: success, version: HTTP/1.1)
HTTP/1.1 200 OK
Content-Type: application/json; charset=utf-8
cache-control: no-cache
content-length: 88

19:06:59.883 [AsyncHttpClient-1-4] DEBUG org.asynchttpclient.netty.channel.ChannelManager - Adding key: http://localhost:56224 for channel [id: 0xed824431, L:/127.0.0.1:50517 - R:localhost/127.0.0.1:56224]
19:06:59.884 [Forwarding isElementEnabled on session 2f5afa65b9ee4b1afe1ef01b2c5b6b2e to remote] DEBUG org.asynchttpclient.netty.request.NettyRequestSender - Using pooled Channel '[id: 0xed824431, L:/127.0.0.1:50517 - R:localhost/127.0.0.1:56224]' for 'GET' to 'http://localhost:56224/session/2f5afa65b9ee4b1afe1ef01b2c5b6b2e/element/d7d1828f-1df1-4c9f-abc4-2a0b153d5fe0/enabled'
19:06:59.884 [Forwarding isElementEnabled on session 2f5afa65b9ee4b1afe1ef01b2c5b6b2e to remote] DEBUG org.asynchttpclient.netty.request.NettyRequestSender - Using open Channel [id: 0xed824431, L:/127.0.0.1:50517 - R:localhost/127.0.0.1:56224] for GET '/session/2f5afa65b9ee4b1afe1ef01b2c5b6b2e/element/d7d1828f-1df1-4c9f-abc4-2a0b153d5fe0/enabled'
19:06:59.899 [AsyncHttpClient-1-4] DEBUG org.asynchttpclient.netty.handler.HttpHandler - 

Request DefaultFullHttpRequest(decodeResult: success, version: HTTP/1.1, content: EmptyByteBufBE)
GET /session/2f5afa65b9ee4b1afe1ef01b2c5b6b2e/element/d7d1828f-1df1-4c9f-abc4-2a0b153d5fe0/enabled HTTP/1.1
User-Agent: selenium/4.1.4 (java windows)
Cache-Control: no-cache
Content-Type: application/json; charset=utf-8
host: localhost:56224
accept: */*

Response DefaultHttpResponse(decodeResult: success, version: HTTP/1.1)
HTTP/1.1 200 OK
Content-Type: application/json; charset=utf-8
cache-control: no-cache
content-length: 14

19:06:59.900 [AsyncHttpClient-1-4] DEBUG org.asynchttpclient.netty.channel.ChannelManager - Adding key: http://localhost:56224 for channel [id: 0xed824431, L:/127.0.0.1:50517 - R:localhost/127.0.0.1:56224]
19:06:59.901 [main] DEBUG net.thucydides.core.steps.StepInterceptor - STEP DONE: validViewDashbord
  &amp#27;[32mAnd &amp#27;[0m&amp#27;[32mValidate on dashboard&amp#27;[0m                   &amp#27;[90m# starter.stepdefinitios.LoginSteps.validateOnDashboard()&amp#27;[0m
19:06:59.915 [Forwarding screenshot on session 2f5afa65b9ee4b1afe1ef01b2c5b6b2e to remote] DEBUG org.asynchttpclient.netty.request.NettyRequestSender - Using pooled Channel '[id: 0xed824431, L:/127.0.0.1:50517 - R:localhost/127.0.0.1:56224]' for 'GET' to 'http://localhost:56224/session/2f5afa65b9ee4b1afe1ef01b2c5b6b2e/screenshot'
19:06:59.915 [Forwarding screenshot on session 2f5afa65b9ee4b1afe1ef01b2c5b6b2e to remote] DEBUG org.asynchttpclient.netty.request.NettyRequestSender - Using open Channel [id: 0xed824431, L:/127.0.0.1:50517 - R:localhost/127.0.0.1:56224] for GET '/session/2f5afa65b9ee4b1afe1ef01b2c5b6b2e/screenshot'
19:07:00.054 [AsyncHttpClient-1-4] DEBUG org.asynchttpclient.netty.handler.HttpHandler - 

Request DefaultFullHttpRequest(decodeResult: success, version: HTTP/1.1, content: EmptyByteBufBE)
GET /session/2f5afa65b9ee4b1afe1ef01b2c5b6b2e/screenshot HTTP/1.1
User-Agent: selenium/4.1.4 (java windows)
Cache-Control: no-cache
Content-Type: application/json; charset=utf-8
host: localhost:56224
accept: */*

Response DefaultHttpResponse(decodeResult: success, version: HTTP/1.1)
HTTP/1.1 200 OK
Content-Type: application/json; charset=utf-8
cache-control: no-cache
content-length: 78792

19:07:00.055 [AsyncHttpClient-1-4] DEBUG org.asynchttpclient.netty.channel.ChannelManager - Adding key: http://localhost:56224 for channel [id: 0xed824431, L:/127.0.0.1:50517 - R:localhost/127.0.0.1:56224]
19:07:00.056 [main] DEBUG net.serenitybdd.core.photography.Darkroom - Send negative for processing for target\site\serenity\7d6bd986d40d2ce7d09c99e3df4f2f7845451131625824cea4a6f296a4101466.png
19:07:00.059 [AsyncHttpClient-1-6] DEBUG org.asynchttpclient.netty.handler.WebSocketHandler - Channel Closed: [id: 0x0b6312ea, L:/127.0.0.1:50524 ! R:localhost/127.0.0.1:50518] with attribute NettyResponseFuture{currentRetry=5,
	isDone=1,
	isCancelled=0,
	asyncHandler=org.asynchttpclient.ws.WebSocketUpgradeHandler@1a9a092c,
	nettyRequest=org.asynchttpclient.netty.request.NettyRequest@53086e9e,
	future=java.util.concurrent.CompletableFuture@69f14ac9[Completed normally],
	uri=ws://localhost:50518/devtools/browser/9ba3a673-a43b-4107-95b0-b9f31b373282,
	keepAlive=true,
	redirectCount=0,
	timeoutsHolder=null,
	inAuth=0,
	touch=1658059603386}
19:07:00.059 [AsyncHttpClient-1-6] DEBUG org.asynchttpclient.netty.channel.ChannelManager - Closing Channel [id: 0x0b6312ea, L:/127.0.0.1:50524 ! R:localhost/127.0.0.1:50518] 
19:07:00.060 [Driver Command Executor] DEBUG org.asynchttpclient.netty.request.NettyRequestSender - Using pooled Channel '[id: 0xed824431, L:/127.0.0.1:50517 - R:localhost/127.0.0.1:56224]' for 'DELETE' to 'http://localhost:56224/session/2f5afa65b9ee4b1afe1ef01b2c5b6b2e'
19:07:00.060 [Driver Command Executor] DEBUG org.asynchttpclient.netty.request.NettyRequestSender - Using open Channel [id: 0xed824431, L:/127.0.0.1:50517 - R:localhost/127.0.0.1:56224] for DELETE '/session/2f5afa65b9ee4b1afe1ef01b2c5b6b2e'
19:07:00.103 [AsyncHttpClient-1-5] DEBUG org.asynchttpclient.netty.handler.HttpHandler - Unexpected I/O exception on channel [id: 0x9cc9a849, L:/127.0.0.1:50523 - R:localhost/127.0.0.1:50518]
java.io.IOException: An existing connection was forcibly closed by the remote host
	at java.base/sun.nio.ch.SocketDispatcher.read0(Native Method)
	at java.base/sun.nio.ch.SocketDispatcher.read(SocketDispatcher.java:43)
	at java.base/sun.nio.ch.IOUtil.readIntoNativeBuffer(IOUtil.java:276)
	at java.base/sun.nio.ch.IOUtil.read(IOUtil.java:233)
	at java.base/sun.nio.ch.IOUtil.read(IOUtil.java:223)
	at java.base/sun.nio.ch.SocketChannelImpl.read(SocketChannelImpl.java:356)
	at io.netty.buffer.PooledByteBuf.setBytes(PooledByteBuf.java:258)
	at io.netty.buffer.AbstractByteBuf.writeBytes(AbstractByteBuf.java:1132)
	at io.netty.channel.socket.nio.NioSocketChannel.doReadBytes(NioSocketChannel.java:357)
	at io.netty.channel.nio.AbstractNioByteChannel$NioByteUnsafe.read(AbstractNioByteChannel.java:151)
	at io.netty.channel.nio.NioEventLoop.processSelectedKey(NioEventLoop.java:722)
	at io.netty.channel.nio.NioEventLoop.processSelectedKeysOptimized(NioEventLoop.java:658)
	at io.netty.channel.nio.NioEventLoop.processSelectedKeys(NioEventLoop.java:584)
	at io.netty.channel.nio.NioEventLoop.run(NioEventLoop.java:496)
	at io.netty.util.concurrent.SingleThreadEventExecutor$4.run(SingleThreadEventExecutor.java:986)
	at io.netty.util.internal.ThreadExecutorMap$2.run(ThreadExecutorMap.java:74)
	at io.netty.util.concurrent.FastThreadLocalRunnable.run(FastThreadLocalRunnable.java:30)
	at java.base/java.lang.Thread.run(Thread.java:829)
19:07:00.103 [AsyncHttpClient-1-5] DEBUG org.asynchttpclient.netty.channel.ChannelManager - Closing Channel [id: 0x9cc9a849, L:/127.0.0.1:50523 - R:localhost/127.0.0.1:50518] 
19:07:00.104 [AsyncHttpClient-1-5] DEBUG org.asynchttpclient.netty.handler.HttpHandler - Channel Closed: [id: 0x9cc9a849, L:/127.0.0.1:50523 ! R:localhost/127.0.0.1:50518] with attribute DISCARD
19:07:00.160 [AsyncHttpClient-1-4] DEBUG org.asynchttpclient.netty.handler.HttpHandler - 

Request DefaultFullHttpRequest(decodeResult: success, version: HTTP/1.1, content: EmptyByteBufBE)
DELETE /session/2f5afa65b9ee4b1afe1ef01b2c5b6b2e HTTP/1.1
User-Agent: selenium/4.1.4 (java windows)
Content-Type: application/json; charset=utf-8
host: localhost:56224
accept: */*

Response DefaultHttpResponse(decodeResult: success, version: HTTP/1.1)
HTTP/1.1 200 OK
Content-Type: application/json; charset=utf-8
cache-control: no-cache
content-length: 14

19:07:00.160 [AsyncHttpClient-1-4] DEBUG org.asynchttpclient.netty.channel.ChannelManager - Adding key: http://localhost:56224 for channel [id: 0xed824431, L:/127.0.0.1:50517 - R:localhost/127.0.0.1:56224]
19:07:00.216 [AsyncHttpClient-1-4] DEBUG org.asynchttpclient.netty.handler.HttpHandler - Channel Closed: [id: 0xed824431, L:/127.0.0.1:50517 ! R:localhost/127.0.0.1:56224] with attribute DISCARD
19:07:00.255 [main] INFO  - 
  _____   ___   ___   _____     ___     _     ___   ___   ___   ___  
 |_   _| | __| / __| |_   _|   | _ \   /_\   / __| / __| | __| |   \ 
   | |   | _|  \__ \   | |     |  _/  / _ \  \__ \ \__ \ | _|  | |) |
   |_|   |___| |___/   |_|     |_|   /_/ \_\ |___/ |___/ |___| |___/ 

As a admin I login - Valid
----------------------------------------------------------------------
]]></system-out>
    <system-err><![CDATA[Starting ChromeDriver 103.0.5060.53 (a1711811edd74ff1cf2150f36ffa3b0dae40b17f-refs/branch-heads/5060@{#853}) on port 56224
Only local connections are allowed.
Please see https://chromedriver.chromium.org/security-considerations for suggestions on keeping ChromeDriver safe.
ChromeDriver was started successfully.
Jul 17, 2022 7:06:43 PM org.openqa.selenium.remote.ProtocolHandshake createSession
INFO: Detected dialect: W3C
Jul 17, 2022 7:06:43 PM org.openqa.selenium.devtools.CdpVersionFinder findNearestMatch
WARNING: Unable to find an exact match for CDP version 103, so returning the closest version found: 101
Jul 17, 2022 7:06:43 PM org.openqa.selenium.devtools.CdpVersionFinder findNearestMatch
INFO: Found CDP implementation for version 103 of 101
]]></system-err>
  </testcase>
</testsuite>