<?xml version="1.0" encoding="UTF-8"?>
<testsuite xmlns:xsi="http://www.w3.org/2001/XMLSchema-instance" xsi:noNamespaceSchemaLocation="https://maven.apache.org/surefire/maven-failsafe-plugin/xsd/failsafe-test-report-3.0.xsd" version="3.0" name="starter.CucumberTestSuite" time="836.647" tests="35" errors="0" skipped="0" failures="0">
  <properties>
    <property name="sun.desktop" value="windows"/>
    <property name="awt.toolkit" value="sun.awt.windows.WToolkit"/>
    <property name="java.specification.version" value="11"/>
    <property name="webdriver.chrome.driver" value="C:\Users\ASUS\.cache\selenium\chromedriver\win32\102.0.5005.61\chromedriver.exe"/>
    <property name="sun.cpu.isalist" value="amd64"/>
    <property name="sun.jnu.encoding" value="Cp1252"/>
    <property name="java.class.path" value="D:\New folder (2)\Capstone\Testing\target\test-classes;C:\Users\ASUS\.m2\repository\net\serenity-bdd\serenity-core\3.2.1\serenity-core-3.2.1.jar;C:\Users\ASUS\.m2\repository\net\serenity-bdd\serenity-model\3.2.1\serenity-model-3.2.1.jar;C:\Users\ASUS\.m2\repository\org\apache\commons\commons-text\1.9\commons-text-1.9.jar;C:\Users\ASUS\.m2\repository\commons-net\commons-net\3.8.0\commons-net-3.8.0.jar;C:\Users\ASUS\.m2\repository\com\google\guava\guava\31.1-jre\guava-31.1-jre.jar;C:\Users\ASUS\.m2\repository\com\google\guava\failureaccess\1.0.1\failureaccess-1.0.1.jar;C:\Users\ASUS\.m2\repository\com\google\guava\listenablefuture\9999.0-empty-to-avoid-conflict-with-guava\listenablefuture-9999.0-empty-to-avoid-conflict-with-guava.jar;C:\Users\ASUS\.m2\repository\com\google\code\findbugs\jsr305\3.0.2\jsr305-3.0.2.jar;C:\Users\ASUS\.m2\repository\org\checkerframework\checker-qual\3.12.0\checker-qual-3.12.0.jar;C:\Users\ASUS\.m2\repository\com\google\errorprone\error_prone_annotations\2.11.0\error_prone_annotations-2.11.0.jar;C:\Users\ASUS\.m2\repository\com\google\j2objc\j2objc-annotations\1.3\j2objc-annotations-1.3.jar;C:\Users\ASUS\.m2\repository\com\google\inject\guice\5.1.0\guice-5.1.0.jar;C:\Users\ASUS\.m2\repository\javax\inject\javax.inject\1\javax.inject-1.jar;C:\Users\ASUS\.m2\repository\aopalliance\aopalliance\1.0\aopalliance-1.0.jar;C:\Users\ASUS\.m2\repository\org\jsoup\jsoup\1.14.3\jsoup-1.14.3.jar;C:\Users\ASUS\.m2\repository\com\thoughtworks\xstream\xstream\1.4.19\xstream-1.4.19.jar;C:\Users\ASUS\.m2\repository\io\github\x-stream\mxparser\1.2.2\mxparser-1.2.2.jar;C:\Users\ASUS\.m2\repository\xmlpull\xmlpull\1.1.3.1\xmlpull-1.1.3.1.jar;C:\Users\ASUS\.m2\repository\io\cucumber\cucumber-java\7.2.3\cucumber-java-7.2.3.jar;C:\Users\ASUS\.m2\repository\com\typesafe\config\1.4.2\config-1.4.2.jar;C:\Users\ASUS\.m2\repository\org\imgscalr\imgscalr-lib\4.2\imgscalr-lib-4.2.jar;C:\Users\ASUS\.m2\repository\org\awaitility\awaitility\4.2.0\awaitility-4.2.0.jar;C:\Users\ASUS\.m2\repository\org\freemarker\freemarker\2.3.31\freemarker-2.3.31.jar;C:\Users\ASUS\.m2\repository\io\github\classgraph\classgraph\4.8.138\classgraph-4.8.138.jar;C:\Users\ASUS\.m2\repository\net\sourceforge\jexcelapi\jxl\2.6.12\jxl-2.6.12.jar;C:\Users\ASUS\.m2\repository\net\bytebuddy\byte-buddy\1.12.8\byte-buddy-1.12.8.jar;C:\Users\ASUS\.m2\repository\net\bytebuddy\byte-buddy-agent\1.12.8\byte-buddy-agent-1.12.8.jar;C:\Users\ASUS\.m2\repository\org\objenesis\objenesis\3.1\objenesis-3.1.jar;C:\Users\ASUS\.m2\repository\net\serenity-bdd\serenity-reports\3.2.1\serenity-reports-3.2.1.jar;C:\Users\ASUS\.m2\repository\net\serenity-bdd\serenity-stats\3.2.1\serenity-stats-3.2.1.jar;C:\Users\ASUS\.m2\repository\net\serenity-bdd\serenity-reports-configuration\3.2.1\serenity-reports-configuration-3.2.1.jar;C:\Users\ASUS\.m2\repository\com\vladsch\flexmark\flexmark-all\0.34.30\flexmark-all-0.34.30.jar;C:\Users\ASUS\.m2\repository\com\vladsch\flexmark\flexmark\0.34.30\flexmark-0.34.30.jar;C:\Users\ASUS\.m2\repository\com\vladsch\flexmark\flexmark-ext-abbreviation\0.34.30\flexmark-ext-abbreviation-0.34.30.jar;C:\Users\ASUS\.m2\repository\com\vladsch\flexmark\flexmark-ext-admonition\0.34.30\flexmark-ext-admonition-0.34.30.jar;C:\Users\ASUS\.m2\repository\com\vladsch\flexmark\flexmark-ext-anchorlink\0.34.30\flexmark-ext-anchorlink-0.34.30.jar;C:\Users\ASUS\.m2\repository\com\vladsch\flexmark\flexmark-ext-aside\0.34.30\flexmark-ext-aside-0.34.30.jar;C:\Users\ASUS\.m2\repository\com\vladsch\flexmark\flexmark-ext-attributes\0.34.30\flexmark-ext-attributes-0.34.30.jar;C:\Users\ASUS\.m2\repository\com\vladsch\flexmark\flexmark-ext-autolink\0.34.30\flexmark-ext-autolink-0.34.30.jar;C:\Users\ASUS\.m2\repository\org\nibor\autolink\autolink\0.6.0\autolink-0.6.0.jar;C:\Users\ASUS\.m2\repository\com\vladsch\flexmark\flexmark-ext-definition\0.34.30\flexmark-ext-definition-0.34.30.jar;C:\Users\ASUS\.m2\repository\com\vladsch\flexmark\flexmark-ext-emoji\0.34.30\flexmark-ext-emoji-0.34.30.jar;C:\Users\ASUS\.m2\repository\com\vladsch\flexmark\flexmark-ext-enumerated-reference\0.34.30\flexmark-ext-enumerated-reference-0.34.30.jar;C:\Users\ASUS\.m2\repository\com\vladsch\flexmark\flexmark-ext-escaped-character\0.34.30\flexmark-ext-escaped-character-0.34.30.jar;C:\Users\ASUS\.m2\repository\com\vladsch\flexmark\flexmark-ext-footnotes\0.34.30\flexmark-ext-footnotes-0.34.30.jar;C:\Users\ASUS\.m2\repository\com\vladsch\flexmark\flexmark-ext-gfm-issues\0.34.30\flexmark-ext-gfm-issues-0.34.30.jar;C:\Users\ASUS\.m2\repository\com\vladsch\flexmark\flexmark-ext-gfm-strikethrough\0.34.30\flexmark-ext-gfm-strikethrough-0.34.30.jar;C:\Users\ASUS\.m2\repository\com\vladsch\flexmark\flexmark-ext-gfm-tables\0.34.30\flexmark-ext-gfm-tables-0.34.30.jar;C:\Users\ASUS\.m2\repository\com\vladsch\flexmark\flexmark-ext-gfm-tasklist\0.34.30\flexmark-ext-gfm-tasklist-0.34.30.jar;C:\Users\ASUS\.m2\repository\com\vladsch\flexmark\flexmark-ext-gfm-users\0.34.30\flexmark-ext-gfm-users-0.34.30.jar;C:\Users\ASUS\.m2\repository\com\vladsch\flexmark\flexmark-ext-gitlab\0.34.30\flexmark-ext-gitlab-0.34.30.jar;C:\Users\ASUS\.m2\repository\com\vladsch\flexmark\flexmark-ext-jekyll-front-matter\0.34.30\flexmark-ext-jekyll-front-matter-0.34.30.jar;C:\Users\ASUS\.m2\repository\com\vladsch\flexmark\flexmark-ext-jekyll-tag\0.34.30\flexmark-ext-jekyll-tag-0.34.30.jar;C:\Users\ASUS\.m2\repository\com\vladsch\flexmark\flexmark-ext-media-tags\0.34.30\flexmark-ext-media-tags-0.34.30.jar;C:\Users\ASUS\.m2\repository\com\vladsch\flexmark\flexmark-test-util\0.34.30\flexmark-test-util-0.34.30.jar;C:\Users\ASUS\.m2\repository\com\vladsch\flexmark\flexmark-ext-ins\0.34.30\flexmark-ext-ins-0.34.30.jar;C:\Users\ASUS\.m2\repository\com\vladsch\flexmark\flexmark-ext-xwiki-macros\0.34.30\flexmark-ext-xwiki-macros-0.34.30.jar;C:\Users\ASUS\.m2\repository\com\vladsch\flexmark\flexmark-ext-superscript\0.34.30\flexmark-ext-superscript-0.34.30.jar;C:\Users\ASUS\.m2\repository\com\vladsch\flexmark\flexmark-ext-tables\0.34.30\flexmark-ext-tables-0.34.30.jar;C:\Users\ASUS\.m2\repository\com\vladsch\flexmark\flexmark-ext-toc\0.34.30\flexmark-ext-toc-0.34.30.jar;C:\Users\ASUS\.m2\repository\com\vladsch\flexmark\flexmark-ext-typographic\0.34.30\flexmark-ext-typographic-0.34.30.jar;C:\Users\ASUS\.m2\repository\com\vladsch\flexmark\flexmark-ext-wikilink\0.34.30\flexmark-ext-wikilink-0.34.30.jar;C:\Users\ASUS\.m2\repository\com\vladsch\flexmark\flexmark-ext-yaml-front-matter\0.34.30\flexmark-ext-yaml-front-matter-0.34.30.jar;C:\Users\ASUS\.m2\repository\com\vladsch\flexmark\flexmark-ext-youtube-embedded\0.34.30\flexmark-ext-youtube-embedded-0.34.30.jar;C:\Users\ASUS\.m2\repository\com\vladsch\flexmark\flexmark-formatter\0.34.30\flexmark-formatter-0.34.30.jar;C:\Users\ASUS\.m2\repository\com\vladsch\flexmark\flexmark-html-parser\0.34.30\flexmark-html-parser-0.34.30.jar;C:\Users\ASUS\.m2\repository\com\vladsch\flexmark\flexmark-jira-converter\0.34.30\flexmark-jira-converter-0.34.30.jar;C:\Users\ASUS\.m2\repository\com\vladsch\flexmark\flexmark-pdf-converter\0.34.30\flexmark-pdf-converter-0.34.30.jar;C:\Users\ASUS\.m2\repository\com\openhtmltopdf\openhtmltopdf-core\0.0.1-RC13\openhtmltopdf-core-0.0.1-RC13.jar;C:\Users\ASUS\.m2\repository\com\openhtmltopdf\openhtmltopdf-pdfbox\0.0.1-RC13\openhtmltopdf-pdfbox-0.0.1-RC13.jar;C:\Users\ASUS\.m2\repository\org\apache\pdfbox\pdfbox\2.0.8\pdfbox-2.0.8.jar;C:\Users\ASUS\.m2\repository\org\apache\pdfbox\fontbox\2.0.8\fontbox-2.0.8.jar;C:\Users\ASUS\.m2\repository\org\apache\pdfbox\xmpbox\2.0.8\xmpbox-2.0.8.jar;C:\Users\ASUS\.m2\repository\de\rototor\pdfbox\graphics2d\0.12\graphics2d-0.12.jar;C:\Users\ASUS\.m2\repository\com\openhtmltopdf\openhtmltopdf-rtl-support\0.0.1-RC13\openhtmltopdf-rtl-support-0.0.1-RC13.jar;C:\Users\ASUS\.m2\repository\com\ibm\icu\icu4j\59.1\icu4j-59.1.jar;C:\Users\ASUS\.m2\repository\com\openhtmltopdf\openhtmltopdf-jsoup-dom-converter\0.0.1-RC13\openhtmltopdf-jsoup-dom-converter-0.0.1-RC13.jar;C:\Users\ASUS\.m2\repository\com\vladsch\flexmark\flexmark-profile-pegdown\0.34.30\flexmark-profile-pegdown-0.34.30.jar;C:\Users\ASUS\.m2\repository\com\vladsch\flexmark\flexmark-util\0.34.30\flexmark-util-0.34.30.jar;C:\Users\ASUS\.m2\repository\com\vladsch\flexmark\flexmark-youtrack-converter\0.34.30\flexmark-youtrack-converter-0.34.30.jar;C:\Users\ASUS\.m2\repository\es\nitaur\markdown\txtmark\0.16\txtmark-0.16.jar;C:\Users\ASUS\.m2\repository\net\serenity-bdd\serenity-report-resources\3.2.1\serenity-report-resources-3.2.1.jar;C:\Users\ASUS\.m2\repository\com\google\code\gson\gson\2.9.0\gson-2.9.0.jar;C:\Users\ASUS\.m2\repository\com\fasterxml\jackson\core\jackson-core\2.13.2\jackson-core-2.13.2.jar;C:\Users\ASUS\.m2\repository\com\fasterxml\jackson\core\jackson-databind\2.13.2\jackson-databind-2.13.2.jar;C:\Users\ASUS\.m2\repository\com\fasterxml\jackson\core\jackson-annotations\2.13.2\jackson-annotations-2.13.2.jar;C:\Users\ASUS\.m2\repository\commons-codec\commons-codec\1.15\commons-codec-1.15.jar;C:\Users\ASUS\.m2\repository\commons-io\commons-io\2.11.0\commons-io-2.11.0.jar;C:\Users\ASUS\.m2\repository\org\seleniumhq\selenium\selenium-java\4.1.2\selenium-java-4.1.2.jar;C:\Users\ASUS\.m2\repository\org\seleniumhq\selenium\selenium-devtools-v85\4.1.2\selenium-devtools-v85-4.1.2.jar;C:\Users\ASUS\.m2\repository\org\seleniumhq\selenium\selenium-devtools-v95\4.1.2\selenium-devtools-v95-4.1.2.jar;C:\Users\ASUS\.m2\repository\org\seleniumhq\selenium\selenium-devtools-v96\4.1.2\selenium-devtools-v96-4.1.2.jar;C:\Users\ASUS\.m2\repository\org\seleniumhq\selenium\selenium-devtools-v97\4.1.2\selenium-devtools-v97-4.1.2.jar;C:\Users\ASUS\.m2\repository\org\seleniumhq\selenium\selenium-firefox-xpi-driver\4.1.2\selenium-firefox-xpi-driver-4.1.2.jar;C:\Users\ASUS\.m2\repository\org\seleniumhq\selenium\selenium-opera-driver\4.1.2\selenium-opera-driver-4.1.2.jar;C:\Users\ASUS\.m2\repository\org\seleniumhq\selenium\selenium-remote-driver\4.1.2\selenium-remote-driver-4.1.2.jar;C:\Users\ASUS\.m2\repository\com\beust\jcommander\1.82\jcommander-1.82.jar;C:\Users\ASUS\.m2\repository\io\netty\netty-buffer\4.1.73.Final\netty-buffer-4.1.73.Final.jar;C:\Users\ASUS\.m2\repository\io\netty\netty-codec-http\4.1.73.Final\netty-codec-http-4.1.73.Final.jar;C:\Users\ASUS\.m2\repository\io\netty\netty-codec\4.1.73.Final\netty-codec-4.1.73.Final.jar;C:\Users\ASUS\.m2\repository\io\netty\netty-handler\4.1.73.Final\netty-handler-4.1.73.Final.jar;C:\Users\ASUS\.m2\repository\io\netty\netty-tcnative-classes\2.0.46.Final\netty-tcnative-classes-2.0.46.Final.jar;C:\Users\ASUS\.m2\repository\io\netty\netty-common\4.1.73.Final\netty-common-4.1.73.Final.jar;C:\Users\ASUS\.m2\repository\io\netty\netty-transport-classes-epoll\4.1.73.Final\netty-transport-classes-epoll-4.1.73.Final.jar;C:\Users\ASUS\.m2\repository\io\netty\netty-transport-classes-kqueue\4.1.73.Final\netty-transport-classes-kqueue-4.1.73.Final.jar;C:\Users\ASUS\.m2\repository\io\netty\netty-transport-native-epoll\4.1.73.Final\netty-transport-native-epoll-4.1.73.Final.jar;C:\Users\ASUS\.m2\repository\io\netty\netty-transport-native-kqueue\4.1.73.Final\netty-transport-native-kqueue-4.1.73.Final.jar;C:\Users\ASUS\.m2\repository\io\netty\netty-transport-native-unix-common\4.1.73.Final\netty-transport-native-unix-common-4.1.73.Final.jar;C:\Users\ASUS\.m2\repository\io\netty\netty-transport\4.1.73.Final\netty-transport-4.1.73.Final.jar;C:\Users\ASUS\.m2\repository\io\netty\netty-resolver\4.1.73.Final\netty-resolver-4.1.73.Final.jar;C:\Users\ASUS\.m2\repository\io\opentelemetry\opentelemetry-api\1.10.1\opentelemetry-api-1.10.1.jar;C:\Users\ASUS\.m2\repository\io\opentelemetry\opentelemetry-context\1.10.1\opentelemetry-context-1.10.1.jar;C:\Users\ASUS\.m2\repository\io\opentelemetry\opentelemetry-exporter-logging\1.10.1\opentelemetry-exporter-logging-1.10.1.jar;C:\Users\ASUS\.m2\repository\io\opentelemetry\opentelemetry-sdk-metrics\1.10.1-alpha\opentelemetry-sdk-metrics-1.10.1-alpha.jar;C:\Users\ASUS\.m2\repository\io\opentelemetry\opentelemetry-sdk-logs\1.10.1-alpha\opentelemetry-sdk-logs-1.10.1-alpha.jar;C:\Users\ASUS\.m2\repository\io\opentelemetry\opentelemetry-sdk-common\1.10.1\opentelemetry-sdk-common-1.10.1.jar;C:\Users\ASUS\.m2\repository\io\opentelemetry\opentelemetry-sdk-extension-autoconfigure-spi\1.10.1\opentelemetry-sdk-extension-autoconfigure-spi-1.10.1.jar;C:\Users\ASUS\.m2\repository\io\opentelemetry\opentelemetry-sdk-extension-autoconfigure\1.10.1-alpha\opentelemetry-sdk-extension-autoconfigure-1.10.1-alpha.jar;C:\Users\ASUS\.m2\repository\io\opentelemetry\opentelemetry-sdk-trace\1.10.1\opentelemetry-sdk-trace-1.10.1.jar;C:\Users\ASUS\.m2\repository\io\opentelemetry\opentelemetry-sdk\1.10.1\opentelemetry-sdk-1.10.1.jar;C:\Users\ASUS\.m2\repository\io\opentelemetry\opentelemetry-semconv\1.10.1-alpha\opentelemetry-semconv-1.10.1-alpha.jar;C:\Users\ASUS\.m2\repository\io\ous\jtoml\2.0.0\jtoml-2.0.0.jar;C:\Users\ASUS\.m2\repository\org\apache\commons\commons-exec\1.3\commons-exec-1.3.jar;C:\Users\ASUS\.m2\repository\org\asynchttpclient\async-http-client\2.12.3\async-http-client-2.12.3.jar;C:\Users\ASUS\.m2\repository\org\asynchttpclient\async-http-client-netty-utils\2.12.3\async-http-client-netty-utils-2.12.3.jar;C:\Users\ASUS\.m2\repository\io\netty\netty-codec-socks\4.1.60.Final\netty-codec-socks-4.1.60.Final.jar;C:\Users\ASUS\.m2\repository\io\netty\netty-handler-proxy\4.1.60.Final\netty-handler-proxy-4.1.60.Final.jar;C:\Users\ASUS\.m2\repository\io\netty\netty-transport-native-epoll\4.1.60.Final\netty-transport-native-epoll-4.1.60.Final-linux-x86_64.jar;C:\Users\ASUS\.m2\repository\io\netty\netty-transport-native-kqueue\4.1.60.Final\netty-transport-native-kqueue-4.1.60.Final-osx-x86_64.jar;C:\Users\ASUS\.m2\repository\org\reactivestreams\reactive-streams\1.0.3\reactive-streams-1.0.3.jar;C:\Users\ASUS\.m2\repository\com\typesafe\netty\netty-reactive-streams\2.0.4\netty-reactive-streams-2.0.4.jar;C:\Users\ASUS\.m2\repository\org\seleniumhq\selenium\selenium-http\4.1.2\selenium-http-4.1.2.jar;C:\Users\ASUS\.m2\repository\net\jodah\failsafe\2.4.4\failsafe-2.4.4.jar;C:\Users\ASUS\.m2\repository\org\seleniumhq\selenium\selenium-safari-driver\4.1.2\selenium-safari-driver-4.1.2.jar;C:\Users\ASUS\.m2\repository\org\seleniumhq\selenium\selenium-api\4.1.2\selenium-api-4.1.2.jar;C:\Users\ASUS\.m2\repository\org\seleniumhq\selenium\selenium-support\4.1.2\selenium-support-4.1.2.jar;C:\Users\ASUS\.m2\repository\com\google\auto\service\auto-service-annotations\1.0.1\auto-service-annotations-1.0.1.jar;C:\Users\ASUS\.m2\repository\com\google\auto\service\auto-service\1.0.1\auto-service-1.0.1.jar;C:\Users\ASUS\.m2\repository\com\google\auto\auto-common\1.2\auto-common-1.2.jar;C:\Users\ASUS\.m2\repository\org\seleniumhq\selenium\selenium-json\4.1.2\selenium-json-4.1.2.jar;C:\Users\ASUS\.m2\repository\org\seleniumhq\selenium\selenium-chrome-driver\4.1.2\selenium-chrome-driver-4.1.2.jar;C:\Users\ASUS\.m2\repository\org\seleniumhq\selenium\selenium-chromium-driver\4.1.2\selenium-chromium-driver-4.1.2.jar;C:\Users\ASUS\.m2\repository\org\seleniumhq\selenium\selenium-firefox-driver\4.1.2\selenium-firefox-driver-4.1.2.jar;C:\Users\ASUS\.m2\repository\org\seleniumhq\selenium\selenium-edge-driver\4.1.2\selenium-edge-driver-4.1.2.jar;C:\Users\ASUS\.m2\repository\org\seleniumhq\selenium\selenium-ie-driver\4.1.2\selenium-ie-driver-4.1.2.jar;C:\Users\ASUS\.m2\repository\org\projectlombok\lombok\1.18.20\lombok-1.18.20.jar;C:\Users\ASUS\.m2\repository\io\appium\java-client\8.0.0\java-client-8.0.0.jar;C:\Users\ASUS\.m2\repository\commons-validator\commons-validator\1.7\commons-validator-1.7.jar;C:\Users\ASUS\.m2\repository\commons-digester\commons-digester\2.1\commons-digester-2.1.jar;C:\Users\ASUS\.m2\repository\org\aspectj\aspectjweaver\1.9.8\aspectjweaver-1.9.8.jar;C:\Users\ASUS\.m2\repository\net\sf\opencsv\opencsv\2.0\opencsv-2.0.jar;C:\Users\ASUS\.m2\repository\commons-beanutils\commons-beanutils\1.9.4\commons-beanutils-1.9.4.jar;C:\Users\ASUS\.m2\repository\org\apache\commons\commons-lang3\3.12.0\commons-lang3-3.12.0.jar;C:\Users\ASUS\.m2\repository\commons-collections\commons-collections\3.2.2\commons-collections-3.2.2.jar;C:\Users\ASUS\.m2\repository\org\fluentlenium\fluentlenium-core\0.10.2\fluentlenium-core-0.10.2.jar;C:\Users\ASUS\.m2\repository\io\github\bonigarcia\webdrivermanager\5.1.0\webdrivermanager-5.1.0.jar;C:\Users\ASUS\.m2\repository\com\github\docker-java\docker-java\3.2.13\docker-java-3.2.13.jar;C:\Users\ASUS\.m2\repository\com\github\docker-java\docker-java-core\3.2.13\docker-java-core-3.2.13.jar;C:\Users\ASUS\.m2\repository\com\github\docker-java\docker-java-api\3.2.13\docker-java-api-3.2.13.jar;C:\Users\ASUS\.m2\repository\org\apache\commons\commons-compress\1.21\commons-compress-1.21.jar;C:\Users\ASUS\.m2\repository\org\bouncycastle\bcpkix-jdk15on\1.64\bcpkix-jdk15on-1.64.jar;C:\Users\ASUS\.m2\repository\org\bouncycastle\bcprov-jdk15on\1.64\bcprov-jdk15on-1.64.jar;C:\Users\ASUS\.m2\repository\org\slf4j\jcl-over-slf4j\1.7.30\jcl-over-slf4j-1.7.30.jar;C:\Users\ASUS\.m2\repository\com\github\docker-java\docker-java-transport-httpclient5\3.2.13\docker-java-transport-httpclient5-3.2.13.jar;C:\Users\ASUS\.m2\repository\com\github\docker-java\docker-java-transport\3.2.13\docker-java-transport-3.2.13.jar;C:\Users\ASUS\.m2\repository\org\apache\httpcomponents\client5\httpclient5\5.0.3\httpclient5-5.0.3.jar;C:\Users\ASUS\.m2\repository\org\apache\httpcomponents\core5\httpcore5\5.0.2\httpcore5-5.0.2.jar;C:\Users\ASUS\.m2\repository\net\java\dev\jna\jna\5.8.0\jna-5.8.0.jar;C:\Users\ASUS\.m2\repository\org\brotli\dec\0.1.2\dec-0.1.2.jar;C:\Users\ASUS\.m2\repository\com\jhlabs\filters\2.0.235\filters-2.0.235.jar;C:\Users\ASUS\.m2\repository\com\paulhammant\ngwebdriver\1.1.6\ngwebdriver-1.1.6.jar;C:\Users\ASUS\.m2\repository\joda-time\joda-time\2.8.2\joda-time-2.8.2.jar;C:\Users\ASUS\.m2\repository\org\hamcrest\hamcrest\2.2\hamcrest-2.2.jar;C:\Users\ASUS\.m2\repository\com\google\jimfs\jimfs\1.2\jimfs-1.2.jar;C:\Users\ASUS\.m2\repository\org\mockito\mockito-core\3.3.3\mockito-core-3.3.3.jar;C:\Users\ASUS\.m2\repository\javax\xml\bind\jaxb-api\2.3.1\jaxb-api-2.3.1.jar;C:\Users\ASUS\.m2\repository\javax\activation\javax.activation-api\1.2.0\javax.activation-api-1.2.0.jar;C:\Users\ASUS\.m2\repository\com\sun\xml\bind\jaxb-core\2.3.0.1\jaxb-core-2.3.0.1.jar;C:\Users\ASUS\.m2\repository\com\sun\xml\bind\jaxb-impl\2.3.3\jaxb-impl-2.3.3.jar;C:\Users\ASUS\.m2\repository\jakarta\xml\bind\jakarta.xml.bind-api\2.3.3\jakarta.xml.bind-api-2.3.3.jar;C:\Users\ASUS\.m2\repository\com\sun\activation\jakarta.activation\1.2.2\jakarta.activation-1.2.2.jar;C:\Users\ASUS\.m2\repository\javax\activation\activation\1.1.1\activation-1.1.1.jar;C:\Users\ASUS\.m2\repository\net\serenity-bdd\serenity-cucumber\3.2.1\serenity-cucumber-3.2.1.jar;C:\Users\ASUS\.m2\repository\io\cucumber\cucumber-core\7.2.3\cucumber-core-7.2.3.jar;C:\Users\ASUS\.m2\repository\io\cucumber\cucumber-gherkin\7.2.3\cucumber-gherkin-7.2.3.jar;C:\Users\ASUS\.m2\repository\io\cucumber\cucumber-gherkin-messages\7.2.3\cucumber-gherkin-messages-7.2.3.jar;C:\Users\ASUS\.m2\repository\io\cucumber\messages\17.1.1\messages-17.1.1.jar;C:\Users\ASUS\.m2\repository\io\cucumber\tag-expressions\4.1.0\tag-expressions-4.1.0.jar;C:\Users\ASUS\.m2\repository\io\cucumber\cucumber-expressions\15.0.1\cucumber-expressions-15.0.1.jar;C:\Users\ASUS\.m2\repository\io\cucumber\datatable\7.2.3\datatable-7.2.3.jar;C:\Users\ASUS\.m2\repository\io\cucumber\cucumber-plugin\7.2.3\cucumber-plugin-7.2.3.jar;C:\Users\ASUS\.m2\repository\io\cucumber\docstring\7.2.3\docstring-7.2.3.jar;C:\Users\ASUS\.m2\repository\io\cucumber\html-formatter\17.0.0\html-formatter-17.0.0.jar;C:\Users\ASUS\.m2\repository\io\cucumber\ci-environment\8.1.0\ci-environment-8.1.0.jar;C:\Users\ASUS\.m2\repository\io\cucumber\cucumber-junit\7.2.3\cucumber-junit-7.2.3.jar;C:\Users\ASUS\.m2\repository\org\apache\commons\commons-csv\1.5\commons-csv-1.5.jar;C:\Users\ASUS\.m2\repository\net\serenity-bdd\serenity-screenplay\3.2.1\serenity-screenplay-3.2.1.jar;C:\Users\ASUS\.m2\repository\net\serenity-bdd\serenity-screenplay-webdriver\3.2.1\serenity-screenplay-webdriver-3.2.1.jar;C:\Users\ASUS\.m2\repository\net\serenity-bdd\serenity-ensure\3.2.1\serenity-ensure-3.2.1.jar;C:\Users\ASUS\.m2\repository\net\serenity-bdd\serenity-junit\3.2.1\serenity-junit-3.2.1.jar;C:\Users\ASUS\.m2\repository\org\jetbrains\kotlin\kotlin-stdlib\1.6.0\kotlin-stdlib-1.6.0.jar;C:\Users\ASUS\.m2\repository\org\jetbrains\annotations\13.0\annotations-13.0.jar;C:\Users\ASUS\.m2\repository\org\jetbrains\kotlin\kotlin-stdlib-common\1.6.0\kotlin-stdlib-common-1.6.0.jar;C:\Users\ASUS\.m2\repository\org\junit\platform\junit-platform-launcher\1.8.2\junit-platform-launcher-1.8.2.jar;C:\Users\ASUS\.m2\repository\org\junit\platform\junit-platform-engine\1.8.2\junit-platform-engine-1.8.2.jar;C:\Users\ASUS\.m2\repository\org\junit\platform\junit-platform-commons\1.8.2\junit-platform-commons-1.8.2.jar;C:\Users\ASUS\.m2\repository\org\apiguardian\apiguardian-api\1.1.2\apiguardian-api-1.1.2.jar;C:\Users\ASUS\.m2\repository\org\junit\jupiter\junit-jupiter-engine\5.8.2\junit-jupiter-engine-5.8.2.jar;C:\Users\ASUS\.m2\repository\org\junit\jupiter\junit-jupiter-api\5.8.2\junit-jupiter-api-5.8.2.jar;C:\Users\ASUS\.m2\repository\org\junit\vintage\junit-vintage-engine\5.8.2\junit-vintage-engine-5.8.2.jar;C:\Users\ASUS\.m2\repository\junit\junit\4.13.2\junit-4.13.2.jar;C:\Users\ASUS\.m2\repository\org\hamcrest\hamcrest-core\1.3\hamcrest-core-1.3.jar;C:\Users\ASUS\.m2\repository\ch\qos\logback\logback-classic\1.2.11\logback-classic-1.2.11.jar;C:\Users\ASUS\.m2\repository\ch\qos\logback\logback-core\1.2.11\logback-core-1.2.11.jar;C:\Users\ASUS\.m2\repository\org\slf4j\slf4j-api\1.7.32\slf4j-api-1.7.32.jar;C:\Users\ASUS\.m2\repository\org\assertj\assertj-core\3.22.0\assertj-core-3.22.0.jar;C:\Users\ASUS\.m2\repository\net\serenity-bdd\serenity-rest-assured\3.2.1\serenity-rest-assured-3.2.1.jar;C:\Users\ASUS\.m2\repository\org\apache\httpcomponents\httpclient\4.5.13\httpclient-4.5.13.jar;C:\Users\ASUS\.m2\repository\org\apache\httpcomponents\httpcore\4.4.13\httpcore-4.4.13.jar;C:\Users\ASUS\.m2\repository\commons-logging\commons-logging\1.2\commons-logging-1.2.jar;C:\Users\ASUS\.m2\repository\org\codehaus\groovy\groovy-json\3.0.10\groovy-json-3.0.10.jar;C:\Users\ASUS\.m2\repository\org\opentest4j\opentest4j\1.2.0\opentest4j-1.2.0.jar;C:\Users\ASUS\.m2\repository\org\apache\maven\plugins\maven-surefire-plugin\3.0.0-M5\maven-surefire-plugin-3.0.0-M5.jar;C:\Users\ASUS\.m2\repository\org\apache\maven\surefire\maven-surefire-common\3.0.0-M5\maven-surefire-common-3.0.0-M5.jar;C:\Users\ASUS\.m2\repository\org\apache\maven\surefire\surefire-api\3.0.0-M5\surefire-api-3.0.0-M5.jar;C:\Users\ASUS\.m2\repository\org\apache\maven\surefire\surefire-logger-api\3.0.0-M5\surefire-logger-api-3.0.0-M5.jar;C:\Users\ASUS\.m2\repository\org\apache\maven\surefire\surefire-extensions-api\3.0.0-M5\surefire-extensions-api-3.0.0-M5.jar;C:\Users\ASUS\.m2\repository\org\apache\maven\surefire\surefire-booter\3.0.0-M5\surefire-booter-3.0.0-M5.jar;C:\Users\ASUS\.m2\repository\org\apache\maven\surefire\surefire-extensions-spi\3.0.0-M5\surefire-extensions-spi-3.0.0-M5.jar;C:\Users\ASUS\.m2\repository\org\apache\maven\maven-toolchain\3.0-alpha-2\maven-toolchain-3.0-alpha-2.jar;C:\Users\ASUS\.m2\repository\org\apache\maven\shared\maven-artifact-transfer\0.11.0\maven-artifact-transfer-0.11.0.jar;C:\Users\ASUS\.m2\repository\org\apache\maven\shared\maven-common-artifact-filters\3.0.1\maven-common-artifact-filters-3.0.1.jar;C:\Users\ASUS\.m2\repository\org\apache\maven\maven-model\3.0\maven-model-3.0.jar;C:\Users\ASUS\.m2\repository\org\apache\maven\maven-plugin-api\3.0\maven-plugin-api-3.0.jar;C:\Users\ASUS\.m2\repository\org\sonatype\sisu\sisu-inject-plexus\1.4.2\sisu-inject-plexus-1.4.2.jar;C:\Users\ASUS\.m2\repository\org\codehaus\plexus\plexus-classworlds\2.2.3\plexus-classworlds-2.2.3.jar;C:\Users\ASUS\.m2\repository\org\sonatype\sisu\sisu-inject-bean\1.4.2\sisu-inject-bean-1.4.2.jar;C:\Users\ASUS\.m2\repository\org\sonatype\sisu\sisu-guice\2.1.7\sisu-guice-2.1.7-noaop.jar;C:\Users\ASUS\.m2\repository\org\apache\maven\shared\maven-shared-utils\3.1.0\maven-shared-utils-3.1.0.jar;C:\Users\ASUS\.m2\repository\org\codehaus\plexus\plexus-java\1.0.5\plexus-java-1.0.5.jar;C:\Users\ASUS\.m2\repository\org\ow2\asm\asm\7.2\asm-7.2.jar;C:\Users\ASUS\.m2\repository\com\thoughtworks\qdox\qdox\2.0-M9\qdox-2.0-M9.jar;C:\Users\ASUS\.m2\repository\org\apache\maven\surefire\surefire-shared-utils\3.0.0-M4\surefire-shared-utils-3.0.0-M4.jar;C:\Users\ASUS\.m2\repository\io\rest-assured\rest-assured\4.5.1\rest-assured-4.5.1.jar;C:\Users\ASUS\.m2\repository\org\apache\httpcomponents\httpmime\4.5.13\httpmime-4.5.13.jar;C:\Users\ASUS\.m2\repository\org\ccil\cowan\tagsoup\tagsoup\1.2.1\tagsoup-1.2.1.jar;C:\Users\ASUS\.m2\repository\io\rest-assured\json-path\4.5.1\json-path-4.5.1.jar;C:\Users\ASUS\.m2\repository\io\rest-assured\rest-assured-common\4.5.1\rest-assured-common-4.5.1.jar;C:\Users\ASUS\.m2\repository\io\rest-assured\xml-path\4.5.1\xml-path-4.5.1.jar;C:\Users\ASUS\.m2\repository\org\codehaus\groovy\groovy\3.0.10\groovy-3.0.10.jar;C:\Users\ASUS\.m2\repository\org\codehaus\groovy\groovy-xml\3.0.10\groovy-xml-3.0.10.jar;C:\Users\ASUS\.m2\repository\com\googlecode\json-simple\json-simple\1.1.1\json-simple-1.1.1.jar;C:\Users\ASUS\.m2\repository\com\github\javafaker\javafaker\1.0.2\javafaker-1.0.2.jar;C:\Users\ASUS\.m2\repository\org\yaml\snakeyaml\1.23\snakeyaml-1.23-android.jar;C:\Users\ASUS\.m2\repository\com\github\mifmif\generex\1.0.2\generex-1.0.2.jar;C:\Users\ASUS\.m2\repository\dk\brics\automaton\automaton\1.11-8\automaton-1.11-8.jar;"/>
    <property name="java.vm.vendor" value="Oracle Corporation"/>
    <property name="sun.arch.data.model" value="64"/>
    <property name="user.variant" value=""/>
    <property name="java.vendor.url" value="https://openjdk.java.net/"/>
    <property name="user.timezone" value="Asia/Bangkok"/>
    <property name="log4j2.formatMsgNoLookups" value="true"/>
    <property name="java.vm.specification.version" value="11"/>
    <property name="os.name" value="Windows 10"/>
    <property name="sun.java.launcher" value="SUN_STANDARD"/>
    <property name="user.country" value="US"/>
    <property name="sun.boot.library.path" value="C:\Program Files\Java\jdk-11.0.14\bin"/>
    <property name="sun.java.command" value="org.apache.maven.surefire.booter.ForkedBooter C:\Users\ASUS\AppData\Local\Temp\surefire14129140641818154065 2022-06-18T11-04-39_530-jvmRun1 surefire1347124290323594409tmp surefire_07322231633255701693tmp"/>
    <property name="jdk.debug" value="release"/>
    <property name="surefire.test.class.path" value="D:\New folder (2)\Capstone\Testing\target\test-classes;C:\Users\ASUS\.m2\repository\net\serenity-bdd\serenity-core\3.2.1\serenity-core-3.2.1.jar;C:\Users\ASUS\.m2\repository\net\serenity-bdd\serenity-model\3.2.1\serenity-model-3.2.1.jar;C:\Users\ASUS\.m2\repository\org\apache\commons\commons-text\1.9\commons-text-1.9.jar;C:\Users\ASUS\.m2\repository\commons-net\commons-net\3.8.0\commons-net-3.8.0.jar;C:\Users\ASUS\.m2\repository\com\google\guava\guava\31.1-jre\guava-31.1-jre.jar;C:\Users\ASUS\.m2\repository\com\google\guava\failureaccess\1.0.1\failureaccess-1.0.1.jar;C:\Users\ASUS\.m2\repository\com\google\guava\listenablefuture\9999.0-empty-to-avoid-conflict-with-guava\listenablefuture-9999.0-empty-to-avoid-conflict-with-guava.jar;C:\Users\ASUS\.m2\repository\com\google\code\findbugs\jsr305\3.0.2\jsr305-3.0.2.jar;C:\Users\ASUS\.m2\repository\org\checkerframework\checker-qual\3.12.0\checker-qual-3.12.0.jar;C:\Users\ASUS\.m2\repository\com\google\errorprone\error_prone_annotations\2.11.0\error_prone_annotations-2.11.0.jar;C:\Users\ASUS\.m2\repository\com\google\j2objc\j2objc-annotations\1.3\j2objc-annotations-1.3.jar;C:\Users\ASUS\.m2\repository\com\google\inject\guice\5.1.0\guice-5.1.0.jar;C:\Users\ASUS\.m2\repository\javax\inject\javax.inject\1\javax.inject-1.jar;C:\Users\ASUS\.m2\repository\aopalliance\aopalliance\1.0\aopalliance-1.0.jar;C:\Users\ASUS\.m2\repository\org\jsoup\jsoup\1.14.3\jsoup-1.14.3.jar;C:\Users\ASUS\.m2\repository\com\thoughtworks\xstream\xstream\1.4.19\xstream-1.4.19.jar;C:\Users\ASUS\.m2\repository\io\github\x-stream\mxparser\1.2.2\mxparser-1.2.2.jar;C:\Users\ASUS\.m2\repository\xmlpull\xmlpull\1.1.3.1\xmlpull-1.1.3.1.jar;C:\Users\ASUS\.m2\repository\io\cucumber\cucumber-java\7.2.3\cucumber-java-7.2.3.jar;C:\Users\ASUS\.m2\repository\com\typesafe\config\1.4.2\config-1.4.2.jar;C:\Users\ASUS\.m2\repository\org\imgscalr\imgscalr-lib\4.2\imgscalr-lib-4.2.jar;C:\Users\ASUS\.m2\repository\org\awaitility\awaitility\4.2.0\awaitility-4.2.0.jar;C:\Users\ASUS\.m2\repository\org\freemarker\freemarker\2.3.31\freemarker-2.3.31.jar;C:\Users\ASUS\.m2\repository\io\github\classgraph\classgraph\4.8.138\classgraph-4.8.138.jar;C:\Users\ASUS\.m2\repository\net\sourceforge\jexcelapi\jxl\2.6.12\jxl-2.6.12.jar;C:\Users\ASUS\.m2\repository\net\bytebuddy\byte-buddy\1.12.8\byte-buddy-1.12.8.jar;C:\Users\ASUS\.m2\repository\net\bytebuddy\byte-buddy-agent\1.12.8\byte-buddy-agent-1.12.8.jar;C:\Users\ASUS\.m2\repository\org\objenesis\objenesis\3.1\objenesis-3.1.jar;C:\Users\ASUS\.m2\repository\net\serenity-bdd\serenity-reports\3.2.1\serenity-reports-3.2.1.jar;C:\Users\ASUS\.m2\repository\net\serenity-bdd\serenity-stats\3.2.1\serenity-stats-3.2.1.jar;C:\Users\ASUS\.m2\repository\net\serenity-bdd\serenity-reports-configuration\3.2.1\serenity-reports-configuration-3.2.1.jar;C:\Users\ASUS\.m2\repository\com\vladsch\flexmark\flexmark-all\0.34.30\flexmark-all-0.34.30.jar;C:\Users\ASUS\.m2\repository\com\vladsch\flexmark\flexmark\0.34.30\flexmark-0.34.30.jar;C:\Users\ASUS\.m2\repository\com\vladsch\flexmark\flexmark-ext-abbreviation\0.34.30\flexmark-ext-abbreviation-0.34.30.jar;C:\Users\ASUS\.m2\repository\com\vladsch\flexmark\flexmark-ext-admonition\0.34.30\flexmark-ext-admonition-0.34.30.jar;C:\Users\ASUS\.m2\repository\com\vladsch\flexmark\flexmark-ext-anchorlink\0.34.30\flexmark-ext-anchorlink-0.34.30.jar;C:\Users\ASUS\.m2\repository\com\vladsch\flexmark\flexmark-ext-aside\0.34.30\flexmark-ext-aside-0.34.30.jar;C:\Users\ASUS\.m2\repository\com\vladsch\flexmark\flexmark-ext-attributes\0.34.30\flexmark-ext-attributes-0.34.30.jar;C:\Users\ASUS\.m2\repository\com\vladsch\flexmark\flexmark-ext-autolink\0.34.30\flexmark-ext-autolink-0.34.30.jar;C:\Users\ASUS\.m2\repository\org\nibor\autolink\autolink\0.6.0\autolink-0.6.0.jar;C:\Users\ASUS\.m2\repository\com\vladsch\flexmark\flexmark-ext-definition\0.34.30\flexmark-ext-definition-0.34.30.jar;C:\Users\ASUS\.m2\repository\com\vladsch\flexmark\flexmark-ext-emoji\0.34.30\flexmark-ext-emoji-0.34.30.jar;C:\Users\ASUS\.m2\repository\com\vladsch\flexmark\flexmark-ext-enumerated-reference\0.34.30\flexmark-ext-enumerated-reference-0.34.30.jar;C:\Users\ASUS\.m2\repository\com\vladsch\flexmark\flexmark-ext-escaped-character\0.34.30\flexmark-ext-escaped-character-0.34.30.jar;C:\Users\ASUS\.m2\repository\com\vladsch\flexmark\flexmark-ext-footnotes\0.34.30\flexmark-ext-footnotes-0.34.30.jar;C:\Users\ASUS\.m2\repository\com\vladsch\flexmark\flexmark-ext-gfm-issues\0.34.30\flexmark-ext-gfm-issues-0.34.30.jar;C:\Users\ASUS\.m2\repository\com\vladsch\flexmark\flexmark-ext-gfm-strikethrough\0.34.30\flexmark-ext-gfm-strikethrough-0.34.30.jar;C:\Users\ASUS\.m2\repository\com\vladsch\flexmark\flexmark-ext-gfm-tables\0.34.30\flexmark-ext-gfm-tables-0.34.30.jar;C:\Users\ASUS\.m2\repository\com\vladsch\flexmark\flexmark-ext-gfm-tasklist\0.34.30\flexmark-ext-gfm-tasklist-0.34.30.jar;C:\Users\ASUS\.m2\repository\com\vladsch\flexmark\flexmark-ext-gfm-users\0.34.30\flexmark-ext-gfm-users-0.34.30.jar;C:\Users\ASUS\.m2\repository\com\vladsch\flexmark\flexmark-ext-gitlab\0.34.30\flexmark-ext-gitlab-0.34.30.jar;C:\Users\ASUS\.m2\repository\com\vladsch\flexmark\flexmark-ext-jekyll-front-matter\0.34.30\flexmark-ext-jekyll-front-matter-0.34.30.jar;C:\Users\ASUS\.m2\repository\com\vladsch\flexmark\flexmark-ext-jekyll-tag\0.34.30\flexmark-ext-jekyll-tag-0.34.30.jar;C:\Users\ASUS\.m2\repository\com\vladsch\flexmark\flexmark-ext-media-tags\0.34.30\flexmark-ext-media-tags-0.34.30.jar;C:\Users\ASUS\.m2\repository\com\vladsch\flexmark\flexmark-test-util\0.34.30\flexmark-test-util-0.34.30.jar;C:\Users\ASUS\.m2\repository\com\vladsch\flexmark\flexmark-ext-ins\0.34.30\flexmark-ext-ins-0.34.30.jar;C:\Users\ASUS\.m2\repository\com\vladsch\flexmark\flexmark-ext-xwiki-macros\0.34.30\flexmark-ext-xwiki-macros-0.34.30.jar;C:\Users\ASUS\.m2\repository\com\vladsch\flexmark\flexmark-ext-superscript\0.34.30\flexmark-ext-superscript-0.34.30.jar;C:\Users\ASUS\.m2\repository\com\vladsch\flexmark\flexmark-ext-tables\0.34.30\flexmark-ext-tables-0.34.30.jar;C:\Users\ASUS\.m2\repository\com\vladsch\flexmark\flexmark-ext-toc\0.34.30\flexmark-ext-toc-0.34.30.jar;C:\Users\ASUS\.m2\repository\com\vladsch\flexmark\flexmark-ext-typographic\0.34.30\flexmark-ext-typographic-0.34.30.jar;C:\Users\ASUS\.m2\repository\com\vladsch\flexmark\flexmark-ext-wikilink\0.34.30\flexmark-ext-wikilink-0.34.30.jar;C:\Users\ASUS\.m2\repository\com\vladsch\flexmark\flexmark-ext-yaml-front-matter\0.34.30\flexmark-ext-yaml-front-matter-0.34.30.jar;C:\Users\ASUS\.m2\repository\com\vladsch\flexmark\flexmark-ext-youtube-embedded\0.34.30\flexmark-ext-youtube-embedded-0.34.30.jar;C:\Users\ASUS\.m2\repository\com\vladsch\flexmark\flexmark-formatter\0.34.30\flexmark-formatter-0.34.30.jar;C:\Users\ASUS\.m2\repository\com\vladsch\flexmark\flexmark-html-parser\0.34.30\flexmark-html-parser-0.34.30.jar;C:\Users\ASUS\.m2\repository\com\vladsch\flexmark\flexmark-jira-converter\0.34.30\flexmark-jira-converter-0.34.30.jar;C:\Users\ASUS\.m2\repository\com\vladsch\flexmark\flexmark-pdf-converter\0.34.30\flexmark-pdf-converter-0.34.30.jar;C:\Users\ASUS\.m2\repository\com\openhtmltopdf\openhtmltopdf-core\0.0.1-RC13\openhtmltopdf-core-0.0.1-RC13.jar;C:\Users\ASUS\.m2\repository\com\openhtmltopdf\openhtmltopdf-pdfbox\0.0.1-RC13\openhtmltopdf-pdfbox-0.0.1-RC13.jar;C:\Users\ASUS\.m2\repository\org\apache\pdfbox\pdfbox\2.0.8\pdfbox-2.0.8.jar;C:\Users\ASUS\.m2\repository\org\apache\pdfbox\fontbox\2.0.8\fontbox-2.0.8.jar;C:\Users\ASUS\.m2\repository\org\apache\pdfbox\xmpbox\2.0.8\xmpbox-2.0.8.jar;C:\Users\ASUS\.m2\repository\de\rototor\pdfbox\graphics2d\0.12\graphics2d-0.12.jar;C:\Users\ASUS\.m2\repository\com\openhtmltopdf\openhtmltopdf-rtl-support\0.0.1-RC13\openhtmltopdf-rtl-support-0.0.1-RC13.jar;C:\Users\ASUS\.m2\repository\com\ibm\icu\icu4j\59.1\icu4j-59.1.jar;C:\Users\ASUS\.m2\repository\com\openhtmltopdf\openhtmltopdf-jsoup-dom-converter\0.0.1-RC13\openhtmltopdf-jsoup-dom-converter-0.0.1-RC13.jar;C:\Users\ASUS\.m2\repository\com\vladsch\flexmark\flexmark-profile-pegdown\0.34.30\flexmark-profile-pegdown-0.34.30.jar;C:\Users\ASUS\.m2\repository\com\vladsch\flexmark\flexmark-util\0.34.30\flexmark-util-0.34.30.jar;C:\Users\ASUS\.m2\repository\com\vladsch\flexmark\flexmark-youtrack-converter\0.34.30\flexmark-youtrack-converter-0.34.30.jar;C:\Users\ASUS\.m2\repository\es\nitaur\markdown\txtmark\0.16\txtmark-0.16.jar;C:\Users\ASUS\.m2\repository\net\serenity-bdd\serenity-report-resources\3.2.1\serenity-report-resources-3.2.1.jar;C:\Users\ASUS\.m2\repository\com\google\code\gson\gson\2.9.0\gson-2.9.0.jar;C:\Users\ASUS\.m2\repository\com\fasterxml\jackson\core\jackson-core\2.13.2\jackson-core-2.13.2.jar;C:\Users\ASUS\.m2\repository\com\fasterxml\jackson\core\jackson-databind\2.13.2\jackson-databind-2.13.2.jar;C:\Users\ASUS\.m2\repository\com\fasterxml\jackson\core\jackson-annotations\2.13.2\jackson-annotations-2.13.2.jar;C:\Users\ASUS\.m2\repository\commons-codec\commons-codec\1.15\commons-codec-1.15.jar;C:\Users\ASUS\.m2\repository\commons-io\commons-io\2.11.0\commons-io-2.11.0.jar;C:\Users\ASUS\.m2\repository\org\seleniumhq\selenium\selenium-java\4.1.2\selenium-java-4.1.2.jar;C:\Users\ASUS\.m2\repository\org\seleniumhq\selenium\selenium-devtools-v85\4.1.2\selenium-devtools-v85-4.1.2.jar;C:\Users\ASUS\.m2\repository\org\seleniumhq\selenium\selenium-devtools-v95\4.1.2\selenium-devtools-v95-4.1.2.jar;C:\Users\ASUS\.m2\repository\org\seleniumhq\selenium\selenium-devtools-v96\4.1.2\selenium-devtools-v96-4.1.2.jar;C:\Users\ASUS\.m2\repository\org\seleniumhq\selenium\selenium-devtools-v97\4.1.2\selenium-devtools-v97-4.1.2.jar;C:\Users\ASUS\.m2\repository\org\seleniumhq\selenium\selenium-firefox-xpi-driver\4.1.2\selenium-firefox-xpi-driver-4.1.2.jar;C:\Users\ASUS\.m2\repository\org\seleniumhq\selenium\selenium-opera-driver\4.1.2\selenium-opera-driver-4.1.2.jar;C:\Users\ASUS\.m2\repository\org\seleniumhq\selenium\selenium-remote-driver\4.1.2\selenium-remote-driver-4.1.2.jar;C:\Users\ASUS\.m2\repository\com\beust\jcommander\1.82\jcommander-1.82.jar;C:\Users\ASUS\.m2\repository\io\netty\netty-buffer\4.1.73.Final\netty-buffer-4.1.73.Final.jar;C:\Users\ASUS\.m2\repository\io\netty\netty-codec-http\4.1.73.Final\netty-codec-http-4.1.73.Final.jar;C:\Users\ASUS\.m2\repository\io\netty\netty-codec\4.1.73.Final\netty-codec-4.1.73.Final.jar;C:\Users\ASUS\.m2\repository\io\netty\netty-handler\4.1.73.Final\netty-handler-4.1.73.Final.jar;C:\Users\ASUS\.m2\repository\io\netty\netty-tcnative-classes\2.0.46.Final\netty-tcnative-classes-2.0.46.Final.jar;C:\Users\ASUS\.m2\repository\io\netty\netty-common\4.1.73.Final\netty-common-4.1.73.Final.jar;C:\Users\ASUS\.m2\repository\io\netty\netty-transport-classes-epoll\4.1.73.Final\netty-transport-classes-epoll-4.1.73.Final.jar;C:\Users\ASUS\.m2\repository\io\netty\netty-transport-classes-kqueue\4.1.73.Final\netty-transport-classes-kqueue-4.1.73.Final.jar;C:\Users\ASUS\.m2\repository\io\netty\netty-transport-native-epoll\4.1.73.Final\netty-transport-native-epoll-4.1.73.Final.jar;C:\Users\ASUS\.m2\repository\io\netty\netty-transport-native-kqueue\4.1.73.Final\netty-transport-native-kqueue-4.1.73.Final.jar;C:\Users\ASUS\.m2\repository\io\netty\netty-transport-native-unix-common\4.1.73.Final\netty-transport-native-unix-common-4.1.73.Final.jar;C:\Users\ASUS\.m2\repository\io\netty\netty-transport\4.1.73.Final\netty-transport-4.1.73.Final.jar;C:\Users\ASUS\.m2\repository\io\netty\netty-resolver\4.1.73.Final\netty-resolver-4.1.73.Final.jar;C:\Users\ASUS\.m2\repository\io\opentelemetry\opentelemetry-api\1.10.1\opentelemetry-api-1.10.1.jar;C:\Users\ASUS\.m2\repository\io\opentelemetry\opentelemetry-context\1.10.1\opentelemetry-context-1.10.1.jar;C:\Users\ASUS\.m2\repository\io\opentelemetry\opentelemetry-exporter-logging\1.10.1\opentelemetry-exporter-logging-1.10.1.jar;C:\Users\ASUS\.m2\repository\io\opentelemetry\opentelemetry-sdk-metrics\1.10.1-alpha\opentelemetry-sdk-metrics-1.10.1-alpha.jar;C:\Users\ASUS\.m2\repository\io\opentelemetry\opentelemetry-sdk-logs\1.10.1-alpha\opentelemetry-sdk-logs-1.10.1-alpha.jar;C:\Users\ASUS\.m2\repository\io\opentelemetry\opentelemetry-sdk-common\1.10.1\opentelemetry-sdk-common-1.10.1.jar;C:\Users\ASUS\.m2\repository\io\opentelemetry\opentelemetry-sdk-extension-autoconfigure-spi\1.10.1\opentelemetry-sdk-extension-autoconfigure-spi-1.10.1.jar;C:\Users\ASUS\.m2\repository\io\opentelemetry\opentelemetry-sdk-extension-autoconfigure\1.10.1-alpha\opentelemetry-sdk-extension-autoconfigure-1.10.1-alpha.jar;C:\Users\ASUS\.m2\repository\io\opentelemetry\opentelemetry-sdk-trace\1.10.1\opentelemetry-sdk-trace-1.10.1.jar;C:\Users\ASUS\.m2\repository\io\opentelemetry\opentelemetry-sdk\1.10.1\opentelemetry-sdk-1.10.1.jar;C:\Users\ASUS\.m2\repository\io\opentelemetry\opentelemetry-semconv\1.10.1-alpha\opentelemetry-semconv-1.10.1-alpha.jar;C:\Users\ASUS\.m2\repository\io\ous\jtoml\2.0.0\jtoml-2.0.0.jar;C:\Users\ASUS\.m2\repository\org\apache\commons\commons-exec\1.3\commons-exec-1.3.jar;C:\Users\ASUS\.m2\repository\org\asynchttpclient\async-http-client\2.12.3\async-http-client-2.12.3.jar;C:\Users\ASUS\.m2\repository\org\asynchttpclient\async-http-client-netty-utils\2.12.3\async-http-client-netty-utils-2.12.3.jar;C:\Users\ASUS\.m2\repository\io\netty\netty-codec-socks\4.1.60.Final\netty-codec-socks-4.1.60.Final.jar;C:\Users\ASUS\.m2\repository\io\netty\netty-handler-proxy\4.1.60.Final\netty-handler-proxy-4.1.60.Final.jar;C:\Users\ASUS\.m2\repository\io\netty\netty-transport-native-epoll\4.1.60.Final\netty-transport-native-epoll-4.1.60.Final-linux-x86_64.jar;C:\Users\ASUS\.m2\repository\io\netty\netty-transport-native-kqueue\4.1.60.Final\netty-transport-native-kqueue-4.1.60.Final-osx-x86_64.jar;C:\Users\ASUS\.m2\repository\org\reactivestreams\reactive-streams\1.0.3\reactive-streams-1.0.3.jar;C:\Users\ASUS\.m2\repository\com\typesafe\netty\netty-reactive-streams\2.0.4\netty-reactive-streams-2.0.4.jar;C:\Users\ASUS\.m2\repository\org\seleniumhq\selenium\selenium-http\4.1.2\selenium-http-4.1.2.jar;C:\Users\ASUS\.m2\repository\net\jodah\failsafe\2.4.4\failsafe-2.4.4.jar;C:\Users\ASUS\.m2\repository\org\seleniumhq\selenium\selenium-safari-driver\4.1.2\selenium-safari-driver-4.1.2.jar;C:\Users\ASUS\.m2\repository\org\seleniumhq\selenium\selenium-api\4.1.2\selenium-api-4.1.2.jar;C:\Users\ASUS\.m2\repository\org\seleniumhq\selenium\selenium-support\4.1.2\selenium-support-4.1.2.jar;C:\Users\ASUS\.m2\repository\com\google\auto\service\auto-service-annotations\1.0.1\auto-service-annotations-1.0.1.jar;C:\Users\ASUS\.m2\repository\com\google\auto\service\auto-service\1.0.1\auto-service-1.0.1.jar;C:\Users\ASUS\.m2\repository\com\google\auto\auto-common\1.2\auto-common-1.2.jar;C:\Users\ASUS\.m2\repository\org\seleniumhq\selenium\selenium-json\4.1.2\selenium-json-4.1.2.jar;C:\Users\ASUS\.m2\repository\org\seleniumhq\selenium\selenium-chrome-driver\4.1.2\selenium-chrome-driver-4.1.2.jar;C:\Users\ASUS\.m2\repository\org\seleniumhq\selenium\selenium-chromium-driver\4.1.2\selenium-chromium-driver-4.1.2.jar;C:\Users\ASUS\.m2\repository\org\seleniumhq\selenium\selenium-firefox-driver\4.1.2\selenium-firefox-driver-4.1.2.jar;C:\Users\ASUS\.m2\repository\org\seleniumhq\selenium\selenium-edge-driver\4.1.2\selenium-edge-driver-4.1.2.jar;C:\Users\ASUS\.m2\repository\org\seleniumhq\selenium\selenium-ie-driver\4.1.2\selenium-ie-driver-4.1.2.jar;C:\Users\ASUS\.m2\repository\org\projectlombok\lombok\1.18.20\lombok-1.18.20.jar;C:\Users\ASUS\.m2\repository\io\appium\java-client\8.0.0\java-client-8.0.0.jar;C:\Users\ASUS\.m2\repository\commons-validator\commons-validator\1.7\commons-validator-1.7.jar;C:\Users\ASUS\.m2\repository\commons-digester\commons-digester\2.1\commons-digester-2.1.jar;C:\Users\ASUS\.m2\repository\org\aspectj\aspectjweaver\1.9.8\aspectjweaver-1.9.8.jar;C:\Users\ASUS\.m2\repository\net\sf\opencsv\opencsv\2.0\opencsv-2.0.jar;C:\Users\ASUS\.m2\repository\commons-beanutils\commons-beanutils\1.9.4\commons-beanutils-1.9.4.jar;C:\Users\ASUS\.m2\repository\org\apache\commons\commons-lang3\3.12.0\commons-lang3-3.12.0.jar;C:\Users\ASUS\.m2\repository\commons-collections\commons-collections\3.2.2\commons-collections-3.2.2.jar;C:\Users\ASUS\.m2\repository\org\fluentlenium\fluentlenium-core\0.10.2\fluentlenium-core-0.10.2.jar;C:\Users\ASUS\.m2\repository\io\github\bonigarcia\webdrivermanager\5.1.0\webdrivermanager-5.1.0.jar;C:\Users\ASUS\.m2\repository\com\github\docker-java\docker-java\3.2.13\docker-java-3.2.13.jar;C:\Users\ASUS\.m2\repository\com\github\docker-java\docker-java-core\3.2.13\docker-java-core-3.2.13.jar;C:\Users\ASUS\.m2\repository\com\github\docker-java\docker-java-api\3.2.13\docker-java-api-3.2.13.jar;C:\Users\ASUS\.m2\repository\org\apache\commons\commons-compress\1.21\commons-compress-1.21.jar;C:\Users\ASUS\.m2\repository\org\bouncycastle\bcpkix-jdk15on\1.64\bcpkix-jdk15on-1.64.jar;C:\Users\ASUS\.m2\repository\org\bouncycastle\bcprov-jdk15on\1.64\bcprov-jdk15on-1.64.jar;C:\Users\ASUS\.m2\repository\org\slf4j\jcl-over-slf4j\1.7.30\jcl-over-slf4j-1.7.30.jar;C:\Users\ASUS\.m2\repository\com\github\docker-java\docker-java-transport-httpclient5\3.2.13\docker-java-transport-httpclient5-3.2.13.jar;C:\Users\ASUS\.m2\repository\com\github\docker-java\docker-java-transport\3.2.13\docker-java-transport-3.2.13.jar;C:\Users\ASUS\.m2\repository\org\apache\httpcomponents\client5\httpclient5\5.0.3\httpclient5-5.0.3.jar;C:\Users\ASUS\.m2\repository\org\apache\httpcomponents\core5\httpcore5\5.0.2\httpcore5-5.0.2.jar;C:\Users\ASUS\.m2\repository\net\java\dev\jna\jna\5.8.0\jna-5.8.0.jar;C:\Users\ASUS\.m2\repository\org\brotli\dec\0.1.2\dec-0.1.2.jar;C:\Users\ASUS\.m2\repository\com\jhlabs\filters\2.0.235\filters-2.0.235.jar;C:\Users\ASUS\.m2\repository\com\paulhammant\ngwebdriver\1.1.6\ngwebdriver-1.1.6.jar;C:\Users\ASUS\.m2\repository\joda-time\joda-time\2.8.2\joda-time-2.8.2.jar;C:\Users\ASUS\.m2\repository\org\hamcrest\hamcrest\2.2\hamcrest-2.2.jar;C:\Users\ASUS\.m2\repository\com\google\jimfs\jimfs\1.2\jimfs-1.2.jar;C:\Users\ASUS\.m2\repository\org\mockito\mockito-core\3.3.3\mockito-core-3.3.3.jar;C:\Users\ASUS\.m2\repository\javax\xml\bind\jaxb-api\2.3.1\jaxb-api-2.3.1.jar;C:\Users\ASUS\.m2\repository\javax\activation\javax.activation-api\1.2.0\javax.activation-api-1.2.0.jar;C:\Users\ASUS\.m2\repository\com\sun\xml\bind\jaxb-core\2.3.0.1\jaxb-core-2.3.0.1.jar;C:\Users\ASUS\.m2\repository\com\sun\xml\bind\jaxb-impl\2.3.3\jaxb-impl-2.3.3.jar;C:\Users\ASUS\.m2\repository\jakarta\xml\bind\jakarta.xml.bind-api\2.3.3\jakarta.xml.bind-api-2.3.3.jar;C:\Users\ASUS\.m2\repository\com\sun\activation\jakarta.activation\1.2.2\jakarta.activation-1.2.2.jar;C:\Users\ASUS\.m2\repository\javax\activation\activation\1.1.1\activation-1.1.1.jar;C:\Users\ASUS\.m2\repository\net\serenity-bdd\serenity-cucumber\3.2.1\serenity-cucumber-3.2.1.jar;C:\Users\ASUS\.m2\repository\io\cucumber\cucumber-core\7.2.3\cucumber-core-7.2.3.jar;C:\Users\ASUS\.m2\repository\io\cucumber\cucumber-gherkin\7.2.3\cucumber-gherkin-7.2.3.jar;C:\Users\ASUS\.m2\repository\io\cucumber\cucumber-gherkin-messages\7.2.3\cucumber-gherkin-messages-7.2.3.jar;C:\Users\ASUS\.m2\repository\io\cucumber\messages\17.1.1\messages-17.1.1.jar;C:\Users\ASUS\.m2\repository\io\cucumber\tag-expressions\4.1.0\tag-expressions-4.1.0.jar;C:\Users\ASUS\.m2\repository\io\cucumber\cucumber-expressions\15.0.1\cucumber-expressions-15.0.1.jar;C:\Users\ASUS\.m2\repository\io\cucumber\datatable\7.2.3\datatable-7.2.3.jar;C:\Users\ASUS\.m2\repository\io\cucumber\cucumber-plugin\7.2.3\cucumber-plugin-7.2.3.jar;C:\Users\ASUS\.m2\repository\io\cucumber\docstring\7.2.3\docstring-7.2.3.jar;C:\Users\ASUS\.m2\repository\io\cucumber\html-formatter\17.0.0\html-formatter-17.0.0.jar;C:\Users\ASUS\.m2\repository\io\cucumber\ci-environment\8.1.0\ci-environment-8.1.0.jar;C:\Users\ASUS\.m2\repository\io\cucumber\cucumber-junit\7.2.3\cucumber-junit-7.2.3.jar;C:\Users\ASUS\.m2\repository\org\apache\commons\commons-csv\1.5\commons-csv-1.5.jar;C:\Users\ASUS\.m2\repository\net\serenity-bdd\serenity-screenplay\3.2.1\serenity-screenplay-3.2.1.jar;C:\Users\ASUS\.m2\repository\net\serenity-bdd\serenity-screenplay-webdriver\3.2.1\serenity-screenplay-webdriver-3.2.1.jar;C:\Users\ASUS\.m2\repository\net\serenity-bdd\serenity-ensure\3.2.1\serenity-ensure-3.2.1.jar;C:\Users\ASUS\.m2\repository\net\serenity-bdd\serenity-junit\3.2.1\serenity-junit-3.2.1.jar;C:\Users\ASUS\.m2\repository\org\jetbrains\kotlin\kotlin-stdlib\1.6.0\kotlin-stdlib-1.6.0.jar;C:\Users\ASUS\.m2\repository\org\jetbrains\annotations\13.0\annotations-13.0.jar;C:\Users\ASUS\.m2\repository\org\jetbrains\kotlin\kotlin-stdlib-common\1.6.0\kotlin-stdlib-common-1.6.0.jar;C:\Users\ASUS\.m2\repository\org\junit\platform\junit-platform-launcher\1.8.2\junit-platform-launcher-1.8.2.jar;C:\Users\ASUS\.m2\repository\org\junit\platform\junit-platform-engine\1.8.2\junit-platform-engine-1.8.2.jar;C:\Users\ASUS\.m2\repository\org\junit\platform\junit-platform-commons\1.8.2\junit-platform-commons-1.8.2.jar;C:\Users\ASUS\.m2\repository\org\apiguardian\apiguardian-api\1.1.2\apiguardian-api-1.1.2.jar;C:\Users\ASUS\.m2\repository\org\junit\jupiter\junit-jupiter-engine\5.8.2\junit-jupiter-engine-5.8.2.jar;C:\Users\ASUS\.m2\repository\org\junit\jupiter\junit-jupiter-api\5.8.2\junit-jupiter-api-5.8.2.jar;C:\Users\ASUS\.m2\repository\org\junit\vintage\junit-vintage-engine\5.8.2\junit-vintage-engine-5.8.2.jar;C:\Users\ASUS\.m2\repository\junit\junit\4.13.2\junit-4.13.2.jar;C:\Users\ASUS\.m2\repository\org\hamcrest\hamcrest-core\1.3\hamcrest-core-1.3.jar;C:\Users\ASUS\.m2\repository\ch\qos\logback\logback-classic\1.2.11\logback-classic-1.2.11.jar;C:\Users\ASUS\.m2\repository\ch\qos\logback\logback-core\1.2.11\logback-core-1.2.11.jar;C:\Users\ASUS\.m2\repository\org\slf4j\slf4j-api\1.7.32\slf4j-api-1.7.32.jar;C:\Users\ASUS\.m2\repository\org\assertj\assertj-core\3.22.0\assertj-core-3.22.0.jar;C:\Users\ASUS\.m2\repository\net\serenity-bdd\serenity-rest-assured\3.2.1\serenity-rest-assured-3.2.1.jar;C:\Users\ASUS\.m2\repository\org\apache\httpcomponents\httpclient\4.5.13\httpclient-4.5.13.jar;C:\Users\ASUS\.m2\repository\org\apache\httpcomponents\httpcore\4.4.13\httpcore-4.4.13.jar;C:\Users\ASUS\.m2\repository\commons-logging\commons-logging\1.2\commons-logging-1.2.jar;C:\Users\ASUS\.m2\repository\org\codehaus\groovy\groovy-json\3.0.10\groovy-json-3.0.10.jar;C:\Users\ASUS\.m2\repository\org\opentest4j\opentest4j\1.2.0\opentest4j-1.2.0.jar;C:\Users\ASUS\.m2\repository\org\apache\maven\plugins\maven-surefire-plugin\3.0.0-M5\maven-surefire-plugin-3.0.0-M5.jar;C:\Users\ASUS\.m2\repository\org\apache\maven\surefire\maven-surefire-common\3.0.0-M5\maven-surefire-common-3.0.0-M5.jar;C:\Users\ASUS\.m2\repository\org\apache\maven\surefire\surefire-api\3.0.0-M5\surefire-api-3.0.0-M5.jar;C:\Users\ASUS\.m2\repository\org\apache\maven\surefire\surefire-logger-api\3.0.0-M5\surefire-logger-api-3.0.0-M5.jar;C:\Users\ASUS\.m2\repository\org\apache\maven\surefire\surefire-extensions-api\3.0.0-M5\surefire-extensions-api-3.0.0-M5.jar;C:\Users\ASUS\.m2\repository\org\apache\maven\surefire\surefire-booter\3.0.0-M5\surefire-booter-3.0.0-M5.jar;C:\Users\ASUS\.m2\repository\org\apache\maven\surefire\surefire-extensions-spi\3.0.0-M5\surefire-extensions-spi-3.0.0-M5.jar;C:\Users\ASUS\.m2\repository\org\apache\maven\maven-toolchain\3.0-alpha-2\maven-toolchain-3.0-alpha-2.jar;C:\Users\ASUS\.m2\repository\org\apache\maven\shared\maven-artifact-transfer\0.11.0\maven-artifact-transfer-0.11.0.jar;C:\Users\ASUS\.m2\repository\org\apache\maven\shared\maven-common-artifact-filters\3.0.1\maven-common-artifact-filters-3.0.1.jar;C:\Users\ASUS\.m2\repository\org\apache\maven\maven-model\3.0\maven-model-3.0.jar;C:\Users\ASUS\.m2\repository\org\apache\maven\maven-plugin-api\3.0\maven-plugin-api-3.0.jar;C:\Users\ASUS\.m2\repository\org\sonatype\sisu\sisu-inject-plexus\1.4.2\sisu-inject-plexus-1.4.2.jar;C:\Users\ASUS\.m2\repository\org\codehaus\plexus\plexus-classworlds\2.2.3\plexus-classworlds-2.2.3.jar;C:\Users\ASUS\.m2\repository\org\sonatype\sisu\sisu-inject-bean\1.4.2\sisu-inject-bean-1.4.2.jar;C:\Users\ASUS\.m2\repository\org\sonatype\sisu\sisu-guice\2.1.7\sisu-guice-2.1.7-noaop.jar;C:\Users\ASUS\.m2\repository\org\apache\maven\shared\maven-shared-utils\3.1.0\maven-shared-utils-3.1.0.jar;C:\Users\ASUS\.m2\repository\org\codehaus\plexus\plexus-java\1.0.5\plexus-java-1.0.5.jar;C:\Users\ASUS\.m2\repository\org\ow2\asm\asm\7.2\asm-7.2.jar;C:\Users\ASUS\.m2\repository\com\thoughtworks\qdox\qdox\2.0-M9\qdox-2.0-M9.jar;C:\Users\ASUS\.m2\repository\org\apache\maven\surefire\surefire-shared-utils\3.0.0-M4\surefire-shared-utils-3.0.0-M4.jar;C:\Users\ASUS\.m2\repository\io\rest-assured\rest-assured\4.5.1\rest-assured-4.5.1.jar;C:\Users\ASUS\.m2\repository\org\apache\httpcomponents\httpmime\4.5.13\httpmime-4.5.13.jar;C:\Users\ASUS\.m2\repository\org\ccil\cowan\tagsoup\tagsoup\1.2.1\tagsoup-1.2.1.jar;C:\Users\ASUS\.m2\repository\io\rest-assured\json-path\4.5.1\json-path-4.5.1.jar;C:\Users\ASUS\.m2\repository\io\rest-assured\rest-assured-common\4.5.1\rest-assured-common-4.5.1.jar;C:\Users\ASUS\.m2\repository\io\rest-assured\xml-path\4.5.1\xml-path-4.5.1.jar;C:\Users\ASUS\.m2\repository\org\codehaus\groovy\groovy\3.0.10\groovy-3.0.10.jar;C:\Users\ASUS\.m2\repository\org\codehaus\groovy\groovy-xml\3.0.10\groovy-xml-3.0.10.jar;C:\Users\ASUS\.m2\repository\com\googlecode\json-simple\json-simple\1.1.1\json-simple-1.1.1.jar;C:\Users\ASUS\.m2\repository\com\github\javafaker\javafaker\1.0.2\javafaker-1.0.2.jar;C:\Users\ASUS\.m2\repository\org\yaml\snakeyaml\1.23\snakeyaml-1.23-android.jar;C:\Users\ASUS\.m2\repository\com\github\mifmif\generex\1.0.2\generex-1.0.2.jar;C:\Users\ASUS\.m2\repository\dk\brics\automaton\automaton\1.11-8\automaton-1.11-8.jar;"/>
    <property name="sun.cpu.endian" value="little"/>
    <property name="user.home" value="C:\Users\ASUS"/>
    <property name="user.language" value="en"/>
    <property name="java.specification.vendor" value="Oracle Corporation"/>
    <property name="jdk.module.path" value="D:\New folder (2)\Capstone\Testing\target\Testing-1.0-SNAPSHOT.jar"/>
    <property name="java.version.date" value="2022-01-18"/>
    <property name="java.home" value="C:\Program Files\Java\jdk-11.0.14"/>
    <property name="file.separator" value="\"/>
    <property name="basedir" value="D:\New folder (2)\Capstone\Testing"/>
    <property name="java.vm.compressedOopsMode" value="Zero based"/>
    <property name="line.separator" value="&#10;"/>
    <property name="java.specification.name" value="Java Platform API Specification"/>
    <property name="java.vm.specification.vendor" value="Oracle Corporation"/>
    <property name="java.awt.graphicsenv" value="sun.awt.Win32GraphicsEnvironment"/>
    <property name="surefire.real.class.path" value="C:\Users\ASUS\.m2\repository\org\apache\maven\surefire\surefire-booter\3.0.0-M5\surefire-booter-3.0.0-M5.jar;C:\Users\ASUS\.m2\repository\org\apache\maven\surefire\surefire-api\3.0.0-M5\surefire-api-3.0.0-M5.jar;C:\Users\ASUS\.m2\repository\org\apache\maven\surefire\surefire-logger-api\3.0.0-M5\surefire-logger-api-3.0.0-M5.jar;C:\Users\ASUS\.m2\repository\org\apache\maven\surefire\surefire-shared-utils\3.0.0-M4\surefire-shared-utils-3.0.0-M4.jar;C:\Users\ASUS\.m2\repository\org\apache\maven\surefire\surefire-extensions-spi\3.0.0-M5\surefire-extensions-spi-3.0.0-M5.jar;D:\New folder (2)\Capstone\Testing\target\test-classes;C:\Users\ASUS\.m2\repository\net\serenity-bdd\serenity-core\3.2.1\serenity-core-3.2.1.jar;C:\Users\ASUS\.m2\repository\net\serenity-bdd\serenity-model\3.2.1\serenity-model-3.2.1.jar;C:\Users\ASUS\.m2\repository\org\apache\commons\commons-text\1.9\commons-text-1.9.jar;C:\Users\ASUS\.m2\repository\commons-net\commons-net\3.8.0\commons-net-3.8.0.jar;C:\Users\ASUS\.m2\repository\com\google\guava\guava\31.1-jre\guava-31.1-jre.jar;C:\Users\ASUS\.m2\repository\com\google\guava\failureaccess\1.0.1\failureaccess-1.0.1.jar;C:\Users\ASUS\.m2\repository\com\google\guava\listenablefuture\9999.0-empty-to-avoid-conflict-with-guava\listenablefuture-9999.0-empty-to-avoid-conflict-with-guava.jar;C:\Users\ASUS\.m2\repository\com\google\code\findbugs\jsr305\3.0.2\jsr305-3.0.2.jar;C:\Users\ASUS\.m2\repository\org\checkerframework\checker-qual\3.12.0\checker-qual-3.12.0.jar;C:\Users\ASUS\.m2\repository\com\google\errorprone\error_prone_annotations\2.11.0\error_prone_annotations-2.11.0.jar;C:\Users\ASUS\.m2\repository\com\google\j2objc\j2objc-annotations\1.3\j2objc-annotations-1.3.jar;C:\Users\ASUS\.m2\repository\com\google\inject\guice\5.1.0\guice-5.1.0.jar;C:\Users\ASUS\.m2\repository\javax\inject\javax.inject\1\javax.inject-1.jar;C:\Users\ASUS\.m2\repository\aopalliance\aopalliance\1.0\aopalliance-1.0.jar;C:\Users\ASUS\.m2\repository\org\jsoup\jsoup\1.14.3\jsoup-1.14.3.jar;C:\Users\ASUS\.m2\repository\com\thoughtworks\xstream\xstream\1.4.19\xstream-1.4.19.jar;C:\Users\ASUS\.m2\repository\io\github\x-stream\mxparser\1.2.2\mxparser-1.2.2.jar;C:\Users\ASUS\.m2\repository\xmlpull\xmlpull\1.1.3.1\xmlpull-1.1.3.1.jar;C:\Users\ASUS\.m2\repository\io\cucumber\cucumber-java\7.2.3\cucumber-java-7.2.3.jar;C:\Users\ASUS\.m2\repository\com\typesafe\config\1.4.2\config-1.4.2.jar;C:\Users\ASUS\.m2\repository\org\imgscalr\imgscalr-lib\4.2\imgscalr-lib-4.2.jar;C:\Users\ASUS\.m2\repository\org\awaitility\awaitility\4.2.0\awaitility-4.2.0.jar;C:\Users\ASUS\.m2\repository\org\freemarker\freemarker\2.3.31\freemarker-2.3.31.jar;C:\Users\ASUS\.m2\repository\io\github\classgraph\classgraph\4.8.138\classgraph-4.8.138.jar;C:\Users\ASUS\.m2\repository\net\sourceforge\jexcelapi\jxl\2.6.12\jxl-2.6.12.jar;C:\Users\ASUS\.m2\repository\net\bytebuddy\byte-buddy\1.12.8\byte-buddy-1.12.8.jar;C:\Users\ASUS\.m2\repository\net\bytebuddy\byte-buddy-agent\1.12.8\byte-buddy-agent-1.12.8.jar;C:\Users\ASUS\.m2\repository\org\objenesis\objenesis\3.1\objenesis-3.1.jar;C:\Users\ASUS\.m2\repository\net\serenity-bdd\serenity-reports\3.2.1\serenity-reports-3.2.1.jar;C:\Users\ASUS\.m2\repository\net\serenity-bdd\serenity-stats\3.2.1\serenity-stats-3.2.1.jar;C:\Users\ASUS\.m2\repository\net\serenity-bdd\serenity-reports-configuration\3.2.1\serenity-reports-configuration-3.2.1.jar;C:\Users\ASUS\.m2\repository\com\vladsch\flexmark\flexmark-all\0.34.30\flexmark-all-0.34.30.jar;C:\Users\ASUS\.m2\repository\com\vladsch\flexmark\flexmark\0.34.30\flexmark-0.34.30.jar;C:\Users\ASUS\.m2\repository\com\vladsch\flexmark\flexmark-ext-abbreviation\0.34.30\flexmark-ext-abbreviation-0.34.30.jar;C:\Users\ASUS\.m2\repository\com\vladsch\flexmark\flexmark-ext-admonition\0.34.30\flexmark-ext-admonition-0.34.30.jar;C:\Users\ASUS\.m2\repository\com\vladsch\flexmark\flexmark-ext-anchorlink\0.34.30\flexmark-ext-anchorlink-0.34.30.jar;C:\Users\ASUS\.m2\repository\com\vladsch\flexmark\flexmark-ext-aside\0.34.30\flexmark-ext-aside-0.34.30.jar;C:\Users\ASUS\.m2\repository\com\vladsch\flexmark\flexmark-ext-attributes\0.34.30\flexmark-ext-attributes-0.34.30.jar;C:\Users\ASUS\.m2\repository\com\vladsch\flexmark\flexmark-ext-autolink\0.34.30\flexmark-ext-autolink-0.34.30.jar;C:\Users\ASUS\.m2\repository\org\nibor\autolink\autolink\0.6.0\autolink-0.6.0.jar;C:\Users\ASUS\.m2\repository\com\vladsch\flexmark\flexmark-ext-definition\0.34.30\flexmark-ext-definition-0.34.30.jar;C:\Users\ASUS\.m2\repository\com\vladsch\flexmark\flexmark-ext-emoji\0.34.30\flexmark-ext-emoji-0.34.30.jar;C:\Users\ASUS\.m2\repository\com\vladsch\flexmark\flexmark-ext-enumerated-reference\0.34.30\flexmark-ext-enumerated-reference-0.34.30.jar;C:\Users\ASUS\.m2\repository\com\vladsch\flexmark\flexmark-ext-escaped-character\0.34.30\flexmark-ext-escaped-character-0.34.30.jar;C:\Users\ASUS\.m2\repository\com\vladsch\flexmark\flexmark-ext-footnotes\0.34.30\flexmark-ext-footnotes-0.34.30.jar;C:\Users\ASUS\.m2\repository\com\vladsch\flexmark\flexmark-ext-gfm-issues\0.34.30\flexmark-ext-gfm-issues-0.34.30.jar;C:\Users\ASUS\.m2\repository\com\vladsch\flexmark\flexmark-ext-gfm-strikethrough\0.34.30\flexmark-ext-gfm-strikethrough-0.34.30.jar;C:\Users\ASUS\.m2\repository\com\vladsch\flexmark\flexmark-ext-gfm-tables\0.34.30\flexmark-ext-gfm-tables-0.34.30.jar;C:\Users\ASUS\.m2\repository\com\vladsch\flexmark\flexmark-ext-gfm-tasklist\0.34.30\flexmark-ext-gfm-tasklist-0.34.30.jar;C:\Users\ASUS\.m2\repository\com\vladsch\flexmark\flexmark-ext-gfm-users\0.34.30\flexmark-ext-gfm-users-0.34.30.jar;C:\Users\ASUS\.m2\repository\com\vladsch\flexmark\flexmark-ext-gitlab\0.34.30\flexmark-ext-gitlab-0.34.30.jar;C:\Users\ASUS\.m2\repository\com\vladsch\flexmark\flexmark-ext-jekyll-front-matter\0.34.30\flexmark-ext-jekyll-front-matter-0.34.30.jar;C:\Users\ASUS\.m2\repository\com\vladsch\flexmark\flexmark-ext-jekyll-tag\0.34.30\flexmark-ext-jekyll-tag-0.34.30.jar;C:\Users\ASUS\.m2\repository\com\vladsch\flexmark\flexmark-ext-media-tags\0.34.30\flexmark-ext-media-tags-0.34.30.jar;C:\Users\ASUS\.m2\repository\com\vladsch\flexmark\flexmark-test-util\0.34.30\flexmark-test-util-0.34.30.jar;C:\Users\ASUS\.m2\repository\com\vladsch\flexmark\flexmark-ext-ins\0.34.30\flexmark-ext-ins-0.34.30.jar;C:\Users\ASUS\.m2\repository\com\vladsch\flexmark\flexmark-ext-xwiki-macros\0.34.30\flexmark-ext-xwiki-macros-0.34.30.jar;C:\Users\ASUS\.m2\repository\com\vladsch\flexmark\flexmark-ext-superscript\0.34.30\flexmark-ext-superscript-0.34.30.jar;C:\Users\ASUS\.m2\repository\com\vladsch\flexmark\flexmark-ext-tables\0.34.30\flexmark-ext-tables-0.34.30.jar;C:\Users\ASUS\.m2\repository\com\vladsch\flexmark\flexmark-ext-toc\0.34.30\flexmark-ext-toc-0.34.30.jar;C:\Users\ASUS\.m2\repository\com\vladsch\flexmark\flexmark-ext-typographic\0.34.30\flexmark-ext-typographic-0.34.30.jar;C:\Users\ASUS\.m2\repository\com\vladsch\flexmark\flexmark-ext-wikilink\0.34.30\flexmark-ext-wikilink-0.34.30.jar;C:\Users\ASUS\.m2\repository\com\vladsch\flexmark\flexmark-ext-yaml-front-matter\0.34.30\flexmark-ext-yaml-front-matter-0.34.30.jar;C:\Users\ASUS\.m2\repository\com\vladsch\flexmark\flexmark-ext-youtube-embedded\0.34.30\flexmark-ext-youtube-embedded-0.34.30.jar;C:\Users\ASUS\.m2\repository\com\vladsch\flexmark\flexmark-formatter\0.34.30\flexmark-formatter-0.34.30.jar;C:\Users\ASUS\.m2\repository\com\vladsch\flexmark\flexmark-html-parser\0.34.30\flexmark-html-parser-0.34.30.jar;C:\Users\ASUS\.m2\repository\com\vladsch\flexmark\flexmark-jira-converter\0.34.30\flexmark-jira-converter-0.34.30.jar;C:\Users\ASUS\.m2\repository\com\vladsch\flexmark\flexmark-pdf-converter\0.34.30\flexmark-pdf-converter-0.34.30.jar;C:\Users\ASUS\.m2\repository\com\openhtmltopdf\openhtmltopdf-core\0.0.1-RC13\openhtmltopdf-core-0.0.1-RC13.jar;C:\Users\ASUS\.m2\repository\com\openhtmltopdf\openhtmltopdf-pdfbox\0.0.1-RC13\openhtmltopdf-pdfbox-0.0.1-RC13.jar;C:\Users\ASUS\.m2\repository\org\apache\pdfbox\pdfbox\2.0.8\pdfbox-2.0.8.jar;C:\Users\ASUS\.m2\repository\org\apache\pdfbox\fontbox\2.0.8\fontbox-2.0.8.jar;C:\Users\ASUS\.m2\repository\org\apache\pdfbox\xmpbox\2.0.8\xmpbox-2.0.8.jar;C:\Users\ASUS\.m2\repository\de\rototor\pdfbox\graphics2d\0.12\graphics2d-0.12.jar;C:\Users\ASUS\.m2\repository\com\openhtmltopdf\openhtmltopdf-rtl-support\0.0.1-RC13\openhtmltopdf-rtl-support-0.0.1-RC13.jar;C:\Users\ASUS\.m2\repository\com\ibm\icu\icu4j\59.1\icu4j-59.1.jar;C:\Users\ASUS\.m2\repository\com\openhtmltopdf\openhtmltopdf-jsoup-dom-converter\0.0.1-RC13\openhtmltopdf-jsoup-dom-converter-0.0.1-RC13.jar;C:\Users\ASUS\.m2\repository\com\vladsch\flexmark\flexmark-profile-pegdown\0.34.30\flexmark-profile-pegdown-0.34.30.jar;C:\Users\ASUS\.m2\repository\com\vladsch\flexmark\flexmark-util\0.34.30\flexmark-util-0.34.30.jar;C:\Users\ASUS\.m2\repository\com\vladsch\flexmark\flexmark-youtrack-converter\0.34.30\flexmark-youtrack-converter-0.34.30.jar;C:\Users\ASUS\.m2\repository\es\nitaur\markdown\txtmark\0.16\txtmark-0.16.jar;C:\Users\ASUS\.m2\repository\net\serenity-bdd\serenity-report-resources\3.2.1\serenity-report-resources-3.2.1.jar;C:\Users\ASUS\.m2\repository\com\google\code\gson\gson\2.9.0\gson-2.9.0.jar;C:\Users\ASUS\.m2\repository\com\fasterxml\jackson\core\jackson-core\2.13.2\jackson-core-2.13.2.jar;C:\Users\ASUS\.m2\repository\com\fasterxml\jackson\core\jackson-databind\2.13.2\jackson-databind-2.13.2.jar;C:\Users\ASUS\.m2\repository\com\fasterxml\jackson\core\jackson-annotations\2.13.2\jackson-annotations-2.13.2.jar;C:\Users\ASUS\.m2\repository\commons-codec\commons-codec\1.15\commons-codec-1.15.jar;C:\Users\ASUS\.m2\repository\commons-io\commons-io\2.11.0\commons-io-2.11.0.jar;C:\Users\ASUS\.m2\repository\org\seleniumhq\selenium\selenium-java\4.1.2\selenium-java-4.1.2.jar;C:\Users\ASUS\.m2\repository\org\seleniumhq\selenium\selenium-devtools-v85\4.1.2\selenium-devtools-v85-4.1.2.jar;C:\Users\ASUS\.m2\repository\org\seleniumhq\selenium\selenium-devtools-v95\4.1.2\selenium-devtools-v95-4.1.2.jar;C:\Users\ASUS\.m2\repository\org\seleniumhq\selenium\selenium-devtools-v96\4.1.2\selenium-devtools-v96-4.1.2.jar;C:\Users\ASUS\.m2\repository\org\seleniumhq\selenium\selenium-devtools-v97\4.1.2\selenium-devtools-v97-4.1.2.jar;C:\Users\ASUS\.m2\repository\org\seleniumhq\selenium\selenium-firefox-xpi-driver\4.1.2\selenium-firefox-xpi-driver-4.1.2.jar;C:\Users\ASUS\.m2\repository\org\seleniumhq\selenium\selenium-opera-driver\4.1.2\selenium-opera-driver-4.1.2.jar;C:\Users\ASUS\.m2\repository\org\seleniumhq\selenium\selenium-remote-driver\4.1.2\selenium-remote-driver-4.1.2.jar;C:\Users\ASUS\.m2\repository\com\beust\jcommander\1.82\jcommander-1.82.jar;C:\Users\ASUS\.m2\repository\io\netty\netty-buffer\4.1.73.Final\netty-buffer-4.1.73.Final.jar;C:\Users\ASUS\.m2\repository\io\netty\netty-codec-http\4.1.73.Final\netty-codec-http-4.1.73.Final.jar;C:\Users\ASUS\.m2\repository\io\netty\netty-codec\4.1.73.Final\netty-codec-4.1.73.Final.jar;C:\Users\ASUS\.m2\repository\io\netty\netty-handler\4.1.73.Final\netty-handler-4.1.73.Final.jar;C:\Users\ASUS\.m2\repository\io\netty\netty-tcnative-classes\2.0.46.Final\netty-tcnative-classes-2.0.46.Final.jar;C:\Users\ASUS\.m2\repository\io\netty\netty-common\4.1.73.Final\netty-common-4.1.73.Final.jar;C:\Users\ASUS\.m2\repository\io\netty\netty-transport-classes-epoll\4.1.73.Final\netty-transport-classes-epoll-4.1.73.Final.jar;C:\Users\ASUS\.m2\repository\io\netty\netty-transport-classes-kqueue\4.1.73.Final\netty-transport-classes-kqueue-4.1.73.Final.jar;C:\Users\ASUS\.m2\repository\io\netty\netty-transport-native-epoll\4.1.73.Final\netty-transport-native-epoll-4.1.73.Final.jar;C:\Users\ASUS\.m2\repository\io\netty\netty-transport-native-kqueue\4.1.73.Final\netty-transport-native-kqueue-4.1.73.Final.jar;C:\Users\ASUS\.m2\repository\io\netty\netty-transport-native-unix-common\4.1.73.Final\netty-transport-native-unix-common-4.1.73.Final.jar;C:\Users\ASUS\.m2\repository\io\netty\netty-transport\4.1.73.Final\netty-transport-4.1.73.Final.jar;C:\Users\ASUS\.m2\repository\io\netty\netty-resolver\4.1.73.Final\netty-resolver-4.1.73.Final.jar;C:\Users\ASUS\.m2\repository\io\opentelemetry\opentelemetry-api\1.10.1\opentelemetry-api-1.10.1.jar;C:\Users\ASUS\.m2\repository\io\opentelemetry\opentelemetry-context\1.10.1\opentelemetry-context-1.10.1.jar;C:\Users\ASUS\.m2\repository\io\opentelemetry\opentelemetry-exporter-logging\1.10.1\opentelemetry-exporter-logging-1.10.1.jar;C:\Users\ASUS\.m2\repository\io\opentelemetry\opentelemetry-sdk-metrics\1.10.1-alpha\opentelemetry-sdk-metrics-1.10.1-alpha.jar;C:\Users\ASUS\.m2\repository\io\opentelemetry\opentelemetry-sdk-logs\1.10.1-alpha\opentelemetry-sdk-logs-1.10.1-alpha.jar;C:\Users\ASUS\.m2\repository\io\opentelemetry\opentelemetry-sdk-common\1.10.1\opentelemetry-sdk-common-1.10.1.jar;C:\Users\ASUS\.m2\repository\io\opentelemetry\opentelemetry-sdk-extension-autoconfigure-spi\1.10.1\opentelemetry-sdk-extension-autoconfigure-spi-1.10.1.jar;C:\Users\ASUS\.m2\repository\io\opentelemetry\opentelemetry-sdk-extension-autoconfigure\1.10.1-alpha\opentelemetry-sdk-extension-autoconfigure-1.10.1-alpha.jar;C:\Users\ASUS\.m2\repository\io\opentelemetry\opentelemetry-sdk-trace\1.10.1\opentelemetry-sdk-trace-1.10.1.jar;C:\Users\ASUS\.m2\repository\io\opentelemetry\opentelemetry-sdk\1.10.1\opentelemetry-sdk-1.10.1.jar;C:\Users\ASUS\.m2\repository\io\opentelemetry\opentelemetry-semconv\1.10.1-alpha\opentelemetry-semconv-1.10.1-alpha.jar;C:\Users\ASUS\.m2\repository\io\ous\jtoml\2.0.0\jtoml-2.0.0.jar;C:\Users\ASUS\.m2\repository\org\apache\commons\commons-exec\1.3\commons-exec-1.3.jar;C:\Users\ASUS\.m2\repository\org\asynchttpclient\async-http-client\2.12.3\async-http-client-2.12.3.jar;C:\Users\ASUS\.m2\repository\org\asynchttpclient\async-http-client-netty-utils\2.12.3\async-http-client-netty-utils-2.12.3.jar;C:\Users\ASUS\.m2\repository\io\netty\netty-codec-socks\4.1.60.Final\netty-codec-socks-4.1.60.Final.jar;C:\Users\ASUS\.m2\repository\io\netty\netty-handler-proxy\4.1.60.Final\netty-handler-proxy-4.1.60.Final.jar;C:\Users\ASUS\.m2\repository\io\netty\netty-transport-native-epoll\4.1.60.Final\netty-transport-native-epoll-4.1.60.Final-linux-x86_64.jar;C:\Users\ASUS\.m2\repository\io\netty\netty-transport-native-kqueue\4.1.60.Final\netty-transport-native-kqueue-4.1.60.Final-osx-x86_64.jar;C:\Users\ASUS\.m2\repository\org\reactivestreams\reactive-streams\1.0.3\reactive-streams-1.0.3.jar;C:\Users\ASUS\.m2\repository\com\typesafe\netty\netty-reactive-streams\2.0.4\netty-reactive-streams-2.0.4.jar;C:\Users\ASUS\.m2\repository\org\seleniumhq\selenium\selenium-http\4.1.2\selenium-http-4.1.2.jar;C:\Users\ASUS\.m2\repository\net\jodah\failsafe\2.4.4\failsafe-2.4.4.jar;C:\Users\ASUS\.m2\repository\org\seleniumhq\selenium\selenium-safari-driver\4.1.2\selenium-safari-driver-4.1.2.jar;C:\Users\ASUS\.m2\repository\org\seleniumhq\selenium\selenium-api\4.1.2\selenium-api-4.1.2.jar;C:\Users\ASUS\.m2\repository\org\seleniumhq\selenium\selenium-support\4.1.2\selenium-support-4.1.2.jar;C:\Users\ASUS\.m2\repository\com\google\auto\service\auto-service-annotations\1.0.1\auto-service-annotations-1.0.1.jar;C:\Users\ASUS\.m2\repository\com\google\auto\service\auto-service\1.0.1\auto-service-1.0.1.jar;C:\Users\ASUS\.m2\repository\com\google\auto\auto-common\1.2\auto-common-1.2.jar;C:\Users\ASUS\.m2\repository\org\seleniumhq\selenium\selenium-json\4.1.2\selenium-json-4.1.2.jar;C:\Users\ASUS\.m2\repository\org\seleniumhq\selenium\selenium-chrome-driver\4.1.2\selenium-chrome-driver-4.1.2.jar;C:\Users\ASUS\.m2\repository\org\seleniumhq\selenium\selenium-chromium-driver\4.1.2\selenium-chromium-driver-4.1.2.jar;C:\Users\ASUS\.m2\repository\org\seleniumhq\selenium\selenium-firefox-driver\4.1.2\selenium-firefox-driver-4.1.2.jar;C:\Users\ASUS\.m2\repository\org\seleniumhq\selenium\selenium-edge-driver\4.1.2\selenium-edge-driver-4.1.2.jar;C:\Users\ASUS\.m2\repository\org\seleniumhq\selenium\selenium-ie-driver\4.1.2\selenium-ie-driver-4.1.2.jar;C:\Users\ASUS\.m2\repository\org\projectlombok\lombok\1.18.20\lombok-1.18.20.jar;C:\Users\ASUS\.m2\repository\io\appium\java-client\8.0.0\java-client-8.0.0.jar;C:\Users\ASUS\.m2\repository\commons-validator\commons-validator\1.7\commons-validator-1.7.jar;C:\Users\ASUS\.m2\repository\commons-digester\commons-digester\2.1\commons-digester-2.1.jar;C:\Users\ASUS\.m2\repository\org\aspectj\aspectjweaver\1.9.8\aspectjweaver-1.9.8.jar;C:\Users\ASUS\.m2\repository\net\sf\opencsv\opencsv\2.0\opencsv-2.0.jar;C:\Users\ASUS\.m2\repository\commons-beanutils\commons-beanutils\1.9.4\commons-beanutils-1.9.4.jar;C:\Users\ASUS\.m2\repository\org\apache\commons\commons-lang3\3.12.0\commons-lang3-3.12.0.jar;C:\Users\ASUS\.m2\repository\commons-collections\commons-collections\3.2.2\commons-collections-3.2.2.jar;C:\Users\ASUS\.m2\repository\org\fluentlenium\fluentlenium-core\0.10.2\fluentlenium-core-0.10.2.jar;C:\Users\ASUS\.m2\repository\io\github\bonigarcia\webdrivermanager\5.1.0\webdrivermanager-5.1.0.jar;C:\Users\ASUS\.m2\repository\com\github\docker-java\docker-java\3.2.13\docker-java-3.2.13.jar;C:\Users\ASUS\.m2\repository\com\github\docker-java\docker-java-core\3.2.13\docker-java-core-3.2.13.jar;C:\Users\ASUS\.m2\repository\com\github\docker-java\docker-java-api\3.2.13\docker-java-api-3.2.13.jar;C:\Users\ASUS\.m2\repository\org\apache\commons\commons-compress\1.21\commons-compress-1.21.jar;C:\Users\ASUS\.m2\repository\org\bouncycastle\bcpkix-jdk15on\1.64\bcpkix-jdk15on-1.64.jar;C:\Users\ASUS\.m2\repository\org\bouncycastle\bcprov-jdk15on\1.64\bcprov-jdk15on-1.64.jar;C:\Users\ASUS\.m2\repository\org\slf4j\jcl-over-slf4j\1.7.30\jcl-over-slf4j-1.7.30.jar;C:\Users\ASUS\.m2\repository\com\github\docker-java\docker-java-transport-httpclient5\3.2.13\docker-java-transport-httpclient5-3.2.13.jar;C:\Users\ASUS\.m2\repository\com\github\docker-java\docker-java-transport\3.2.13\docker-java-transport-3.2.13.jar;C:\Users\ASUS\.m2\repository\org\apache\httpcomponents\client5\httpclient5\5.0.3\httpclient5-5.0.3.jar;C:\Users\ASUS\.m2\repository\org\apache\httpcomponents\core5\httpcore5\5.0.2\httpcore5-5.0.2.jar;C:\Users\ASUS\.m2\repository\net\java\dev\jna\jna\5.8.0\jna-5.8.0.jar;C:\Users\ASUS\.m2\repository\org\brotli\dec\0.1.2\dec-0.1.2.jar;C:\Users\ASUS\.m2\repository\com\jhlabs\filters\2.0.235\filters-2.0.235.jar;C:\Users\ASUS\.m2\repository\com\paulhammant\ngwebdriver\1.1.6\ngwebdriver-1.1.6.jar;C:\Users\ASUS\.m2\repository\joda-time\joda-time\2.8.2\joda-time-2.8.2.jar;C:\Users\ASUS\.m2\repository\org\hamcrest\hamcrest\2.2\hamcrest-2.2.jar;C:\Users\ASUS\.m2\repository\com\google\jimfs\jimfs\1.2\jimfs-1.2.jar;C:\Users\ASUS\.m2\repository\org\mockito\mockito-core\3.3.3\mockito-core-3.3.3.jar;C:\Users\ASUS\.m2\repository\javax\xml\bind\jaxb-api\2.3.1\jaxb-api-2.3.1.jar;C:\Users\ASUS\.m2\repository\javax\activation\javax.activation-api\1.2.0\javax.activation-api-1.2.0.jar;C:\Users\ASUS\.m2\repository\com\sun\xml\bind\jaxb-core\2.3.0.1\jaxb-core-2.3.0.1.jar;C:\Users\ASUS\.m2\repository\com\sun\xml\bind\jaxb-impl\2.3.3\jaxb-impl-2.3.3.jar;C:\Users\ASUS\.m2\repository\jakarta\xml\bind\jakarta.xml.bind-api\2.3.3\jakarta.xml.bind-api-2.3.3.jar;C:\Users\ASUS\.m2\repository\com\sun\activation\jakarta.activation\1.2.2\jakarta.activation-1.2.2.jar;C:\Users\ASUS\.m2\repository\javax\activation\activation\1.1.1\activation-1.1.1.jar;C:\Users\ASUS\.m2\repository\net\serenity-bdd\serenity-cucumber\3.2.1\serenity-cucumber-3.2.1.jar;C:\Users\ASUS\.m2\repository\io\cucumber\cucumber-core\7.2.3\cucumber-core-7.2.3.jar;C:\Users\ASUS\.m2\repository\io\cucumber\cucumber-gherkin\7.2.3\cucumber-gherkin-7.2.3.jar;C:\Users\ASUS\.m2\repository\io\cucumber\cucumber-gherkin-messages\7.2.3\cucumber-gherkin-messages-7.2.3.jar;C:\Users\ASUS\.m2\repository\io\cucumber\messages\17.1.1\messages-17.1.1.jar;C:\Users\ASUS\.m2\repository\io\cucumber\tag-expressions\4.1.0\tag-expressions-4.1.0.jar;C:\Users\ASUS\.m2\repository\io\cucumber\cucumber-expressions\15.0.1\cucumber-expressions-15.0.1.jar;C:\Users\ASUS\.m2\repository\io\cucumber\datatable\7.2.3\datatable-7.2.3.jar;C:\Users\ASUS\.m2\repository\io\cucumber\cucumber-plugin\7.2.3\cucumber-plugin-7.2.3.jar;C:\Users\ASUS\.m2\repository\io\cucumber\docstring\7.2.3\docstring-7.2.3.jar;C:\Users\ASUS\.m2\repository\io\cucumber\html-formatter\17.0.0\html-formatter-17.0.0.jar;C:\Users\ASUS\.m2\repository\io\cucumber\ci-environment\8.1.0\ci-environment-8.1.0.jar;C:\Users\ASUS\.m2\repository\io\cucumber\cucumber-junit\7.2.3\cucumber-junit-7.2.3.jar;C:\Users\ASUS\.m2\repository\org\apache\commons\commons-csv\1.5\commons-csv-1.5.jar;C:\Users\ASUS\.m2\repository\net\serenity-bdd\serenity-screenplay\3.2.1\serenity-screenplay-3.2.1.jar;C:\Users\ASUS\.m2\repository\net\serenity-bdd\serenity-screenplay-webdriver\3.2.1\serenity-screenplay-webdriver-3.2.1.jar;C:\Users\ASUS\.m2\repository\net\serenity-bdd\serenity-ensure\3.2.1\serenity-ensure-3.2.1.jar;C:\Users\ASUS\.m2\repository\net\serenity-bdd\serenity-junit\3.2.1\serenity-junit-3.2.1.jar;C:\Users\ASUS\.m2\repository\org\jetbrains\kotlin\kotlin-stdlib\1.6.0\kotlin-stdlib-1.6.0.jar;C:\Users\ASUS\.m2\repository\org\jetbrains\annotations\13.0\annotations-13.0.jar;C:\Users\ASUS\.m2\repository\org\jetbrains\kotlin\kotlin-stdlib-common\1.6.0\kotlin-stdlib-common-1.6.0.jar;C:\Users\ASUS\.m2\repository\org\junit\platform\junit-platform-launcher\1.8.2\junit-platform-launcher-1.8.2.jar;C:\Users\ASUS\.m2\repository\org\junit\platform\junit-platform-engine\1.8.2\junit-platform-engine-1.8.2.jar;C:\Users\ASUS\.m2\repository\org\junit\platform\junit-platform-commons\1.8.2\junit-platform-commons-1.8.2.jar;C:\Users\ASUS\.m2\repository\org\apiguardian\apiguardian-api\1.1.2\apiguardian-api-1.1.2.jar;C:\Users\ASUS\.m2\repository\org\junit\jupiter\junit-jupiter-engine\5.8.2\junit-jupiter-engine-5.8.2.jar;C:\Users\ASUS\.m2\repository\org\junit\jupiter\junit-jupiter-api\5.8.2\junit-jupiter-api-5.8.2.jar;C:\Users\ASUS\.m2\repository\org\junit\vintage\junit-vintage-engine\5.8.2\junit-vintage-engine-5.8.2.jar;C:\Users\ASUS\.m2\repository\junit\junit\4.13.2\junit-4.13.2.jar;C:\Users\ASUS\.m2\repository\org\hamcrest\hamcrest-core\1.3\hamcrest-core-1.3.jar;C:\Users\ASUS\.m2\repository\ch\qos\logback\logback-classic\1.2.11\logback-classic-1.2.11.jar;C:\Users\ASUS\.m2\repository\ch\qos\logback\logback-core\1.2.11\logback-core-1.2.11.jar;C:\Users\ASUS\.m2\repository\org\slf4j\slf4j-api\1.7.32\slf4j-api-1.7.32.jar;C:\Users\ASUS\.m2\repository\org\assertj\assertj-core\3.22.0\assertj-core-3.22.0.jar;C:\Users\ASUS\.m2\repository\net\serenity-bdd\serenity-rest-assured\3.2.1\serenity-rest-assured-3.2.1.jar;C:\Users\ASUS\.m2\repository\org\apache\httpcomponents\httpclient\4.5.13\httpclient-4.5.13.jar;C:\Users\ASUS\.m2\repository\org\apache\httpcomponents\httpcore\4.4.13\httpcore-4.4.13.jar;C:\Users\ASUS\.m2\repository\commons-logging\commons-logging\1.2\commons-logging-1.2.jar;C:\Users\ASUS\.m2\repository\org\codehaus\groovy\groovy-json\3.0.10\groovy-json-3.0.10.jar;C:\Users\ASUS\.m2\repository\org\opentest4j\opentest4j\1.2.0\opentest4j-1.2.0.jar;C:\Users\ASUS\.m2\repository\org\apache\maven\plugins\maven-surefire-plugin\3.0.0-M5\maven-surefire-plugin-3.0.0-M5.jar;C:\Users\ASUS\.m2\repository\org\apache\maven\surefire\maven-surefire-common\3.0.0-M5\maven-surefire-common-3.0.0-M5.jar;C:\Users\ASUS\.m2\repository\org\apache\maven\surefire\surefire-extensions-api\3.0.0-M5\surefire-extensions-api-3.0.0-M5.jar;C:\Users\ASUS\.m2\repository\org\apache\maven\maven-toolchain\3.0-alpha-2\maven-toolchain-3.0-alpha-2.jar;C:\Users\ASUS\.m2\repository\org\apache\maven\shared\maven-artifact-transfer\0.11.0\maven-artifact-transfer-0.11.0.jar;C:\Users\ASUS\.m2\repository\org\apache\maven\shared\maven-common-artifact-filters\3.0.1\maven-common-artifact-filters-3.0.1.jar;C:\Users\ASUS\.m2\repository\org\apache\maven\maven-model\3.0\maven-model-3.0.jar;C:\Users\ASUS\.m2\repository\org\apache\maven\maven-plugin-api\3.0\maven-plugin-api-3.0.jar;C:\Users\ASUS\.m2\repository\org\sonatype\sisu\sisu-inject-plexus\1.4.2\sisu-inject-plexus-1.4.2.jar;C:\Users\ASUS\.m2\repository\org\codehaus\plexus\plexus-classworlds\2.2.3\plexus-classworlds-2.2.3.jar;C:\Users\ASUS\.m2\repository\org\sonatype\sisu\sisu-inject-bean\1.4.2\sisu-inject-bean-1.4.2.jar;C:\Users\ASUS\.m2\repository\org\sonatype\sisu\sisu-guice\2.1.7\sisu-guice-2.1.7-noaop.jar;C:\Users\ASUS\.m2\repository\org\apache\maven\shared\maven-shared-utils\3.1.0\maven-shared-utils-3.1.0.jar;C:\Users\ASUS\.m2\repository\org\codehaus\plexus\plexus-java\1.0.5\plexus-java-1.0.5.jar;C:\Users\ASUS\.m2\repository\org\ow2\asm\asm\7.2\asm-7.2.jar;C:\Users\ASUS\.m2\repository\com\thoughtworks\qdox\qdox\2.0-M9\qdox-2.0-M9.jar;C:\Users\ASUS\.m2\repository\io\rest-assured\rest-assured\4.5.1\rest-assured-4.5.1.jar;C:\Users\ASUS\.m2\repository\org\apache\httpcomponents\httpmime\4.5.13\httpmime-4.5.13.jar;C:\Users\ASUS\.m2\repository\org\ccil\cowan\tagsoup\tagsoup\1.2.1\tagsoup-1.2.1.jar;C:\Users\ASUS\.m2\repository\io\rest-assured\json-path\4.5.1\json-path-4.5.1.jar;C:\Users\ASUS\.m2\repository\io\rest-assured\rest-assured-common\4.5.1\rest-assured-common-4.5.1.jar;C:\Users\ASUS\.m2\repository\io\rest-assured\xml-path\4.5.1\xml-path-4.5.1.jar;C:\Users\ASUS\.m2\repository\org\codehaus\groovy\groovy\3.0.10\groovy-3.0.10.jar;C:\Users\ASUS\.m2\repository\org\codehaus\groovy\groovy-xml\3.0.10\groovy-xml-3.0.10.jar;C:\Users\ASUS\.m2\repository\com\googlecode\json-simple\json-simple\1.1.1\json-simple-1.1.1.jar;C:\Users\ASUS\.m2\repository\com\github\javafaker\javafaker\1.0.2\javafaker-1.0.2.jar;C:\Users\ASUS\.m2\repository\org\yaml\snakeyaml\1.23\snakeyaml-1.23-android.jar;C:\Users\ASUS\.m2\repository\com\github\mifmif\generex\1.0.2\generex-1.0.2.jar;C:\Users\ASUS\.m2\repository\dk\brics\automaton\automaton\1.11-8\automaton-1.11-8.jar;C:\Users\ASUS\.m2\repository\org\apache\maven\surefire\surefire-junit-platform\3.0.0-M5\surefire-junit-platform-3.0.0-M5.jar;C:\Users\ASUS\.m2\repository\org\apache\maven\surefire\common-java5\3.0.0-M5\common-java5-3.0.0-M5.jar"/>
    <property name="user.script" value=""/>
    <property name="java.protocol.handler.pkgs" value="com.google.common"/>
    <property name="sun.management.compiler" value="HotSpot 64-Bit Tiered Compilers"/>
    <property name="java.runtime.version" value="11.0.14+8-LTS-263"/>
    <property name="user.name" value="ASUS"/>
    <property name="path.separator" value=";"/>
    <property name="os.version" value="10.0"/>
    <property name="java.runtime.name" value="Java(TM) SE Runtime Environment"/>
    <property name="file.encoding" value="Cp1252"/>
    <property name="java.vm.name" value="Java HotSpot(TM) 64-Bit Server VM"/>
    <property name="java.vendor.version" value="18.9"/>
    <property name="localRepository" value="C:\Users\ASUS\.m2\repository"/>
    <property name="java.vendor.url.bug" value="https://bugreport.java.com/bugreport/"/>
    <property name="java.io.tmpdir" value="C:\Users\ASUS\AppData\Local\Temp\"/>
    <property name="java.version" value="11.0.14"/>
    <property name="user.dir" value="D:\New folder (2)\Capstone\Testing"/>
    <property name="os.arch" value="amd64"/>
    <property name="java.vm.specification.name" value="Java Virtual Machine Specification"/>
    <property name="java.awt.printerjob" value="sun.awt.windows.WPrinterJob"/>
    <property name="sun.os.patch.level" value=""/>
    <property name="java.library.path" value="C:\Program Files\Java\jdk-11.0.14\bin;C:\WINDOWS\Sun\Java\bin;C:\WINDOWS\system32;C:\WINDOWS;C:\Program Files\Common Files\Oracle\Java\javapath;C:\Program Files\Python39\Scripts\;C:\Program Files\Python39\;C:\WINDOWS\system32;C:\WINDOWS;C:\WINDOWS\System32\Wbem;C:\WINDOWS\System32\WindowsPowerShell\v1.0\;C:\Program Files (x86)\AMD\ATI.ACE\Core-Static;C:\WINDOWS\System32\OpenSSH\;C:\Program Files (x86)\IVI Foundation\VISA\WinNT\Bin\;C:\Program Files\IVI Foundation\VISA\Win64\Bin\;C:\Program Files (x86)\IVI Foundation\VISA\WinNT\Bin;C:\Users\ASUS\AppData\Local\Programs\Python\Python39;C:\Users\ASUS\AppData\Local\Programs\Python\Python39\Scripts;C:\Program Files\Java\jdk-11.0.14\bin;C:\Program Files\Java\apache-maven-3.8.5\bin;C:\Program Files\Android\Android Studio\bin;C:\Program Files\nodejs\;%ANDROID_HOME%\platfom-tools;%ANDROID_HOME%\tools;E:\Software\Matlab\runtime\win64;E:\Software\Matlab\bin;E:\Software\Matlab\polyspace\bin;C:\Program Files\Git1\cmd;C:\Users\ASUS\AppData\Local\Programs\Python\Launcher\;C:\Users\ASUS\AppData\Local\Microsoft\WindowsApps;C:\Users\ASUS\AppData\Local\Programs\Microsoft VS Code\bin;C:\Program Files\Java\IntelliJ IDEA Community Edition 2021.3.2;;C:\Users\ASUS\AppData\Roaming\npm;C:\Users\ASUS\AppData\Local\Android\Sdk\platform-tools;C:\Users\ASUS\AppData\Local\Android\Sdk\tools;C:\Program Files\Java\jdk-11.0.14\bin;;."/>
    <property name="java.vendor" value="Oracle Corporation"/>
    <property name="java.vm.info" value="mixed mode"/>
    <property name="java.vm.version" value="11.0.14+8-LTS-263"/>
    <property name="sun.io.unicode.encoding" value="UnicodeLittle"/>
    <property name="java.class.version" value="55.0"/>
  </properties>
  <testcase name="As a admin i want to view data dokter" classname="Data Dokter Admin" time="52.621">
    <system-out><![CDATA[11:04:54.332 [main] INFO io.cucumber.core.plugin.SerenityReporter - Running feature from file:///D:/New%20folder%20(2)/Capstone/Testing/src/test/resources/features/2DataDokter.feature
11:04:54.975 [main] INFO  - 

-------------------------------------------------------------------------------------
     _______. _______ .______       _______ .__   __.  __  .___________.____    ____ 
    /       ||   ____||   _  \     |   ____||  \ |  | |  | |           |\   \  /   / 
   |   (----`|  |__   |  |_)  |    |  |__   |   \|  | |  | `---|  |----` \   \/   /  
    \   \    |   __|  |      /     |   __|  |  . `  | |  |     |  |       \_    _/   
.----)   |   |  |____ |  |\  \----.|  |____ |  |\   | |  |     |  |         |  |     
|_______/    |_______|| _| `._____||_______||__| \__| |__|     |__|         |__|    
                                                                                     
 News and tutorials at http://www.serenity-bdd.info                                  
 Documentation at https://wakaleo.gitbooks.io/the-serenity-book/content/             
 Join the Serenity Community on Gitter: https://gitter.im/serenity-bdd/serenity-core 
 Serenity BDD Support and Training at http://serenity-bdd.info/#/trainingandsupport  
-------------------------------------------------------------------------------------

11:04:54.986 [main] DEBUG net.thucydides.core.steps.StepEventBus - Test suite started for story net.thucydides.core.model.Story@9b63a91f
11:04:54.997 [main] INFO  - Test Suite Started: Data Dokter Admin
11:04:55.044 [main] INFO io.cucumber.core.plugin.SerenityReporter - Running feature from file:///D:/New%20folder%20(2)/Capstone/Testing/src/test/resources/features/AddDataPasien.feature
11:04:55.067 [main] DEBUG net.thucydides.core.steps.StepEventBus - Test suite started for story net.thucydides.core.model.Story@2ed0929a
11:04:55.069 [main] INFO  - Test Suite Started: Add Data Pasien - Admin
11:04:55.070 [main] INFO io.cucumber.core.plugin.SerenityReporter - Running feature from file:///D:/New%20folder%20(2)/Capstone/Testing/src/test/resources/features/DeleteDataPasien.feature
11:04:55.090 [main] DEBUG net.thucydides.core.steps.StepEventBus - Test suite started for story net.thucydides.core.model.Story@2eef629a
11:04:55.092 [main] INFO  - Test Suite Started: Delete Data Pasien - Admin
11:04:55.093 [main] INFO io.cucumber.core.plugin.SerenityReporter - Running feature from file:///D:/New%20folder%20(2)/Capstone/Testing/src/test/resources/features/DetailDataPasien.feature
11:04:55.118 [main] DEBUG net.thucydides.core.steps.StepEventBus - Test suite started for story net.thucydides.core.model.Story@8b7088da
11:04:55.120 [main] INFO  - Test Suite Started: Detail Data Pasien - Admin
11:04:55.121 [main] INFO io.cucumber.core.plugin.SerenityReporter - Running feature from file:///D:/New%20folder%20(2)/Capstone/Testing/src/test/resources/features/EditDataPasien.feature
11:04:55.147 [main] DEBUG net.thucydides.core.steps.StepEventBus - Test suite started for story net.thucydides.core.model.Story@80fb723a
11:04:55.149 [main] INFO  - Test Suite Started: Edit Data Pasien - Admin
11:04:55.149 [main] INFO io.cucumber.core.plugin.SerenityReporter - Running feature from file:///D:/New%20folder%20(2)/Capstone/Testing/src/test/resources/features/SearchDataPasien.feature
11:04:55.167 [main] DEBUG net.thucydides.core.steps.StepEventBus - Test suite started for story net.thucydides.core.model.Story@f6530d7a
11:04:55.168 [main] INFO  - Test Suite Started: Search Data Pasien - Admin
11:04:55.169 [main] INFO io.cucumber.core.plugin.SerenityReporter - Running feature from file:///D:/New%20folder%20(2)/Capstone/Testing/src/test/resources/features/ViewDataPasien.feature
11:04:55.186 [main] DEBUG net.thucydides.core.steps.StepEventBus - Test suite started for story net.thucydides.core.model.Story@9759205a
11:04:55.188 [main] INFO  - Test Suite Started: View Data Pasien - Admin
11:04:55.191 [main] INFO io.cucumber.core.plugin.SerenityReporter - Running feature from file:///D:/New%20folder%20(2)/Capstone/Testing/src/test/resources/features/2DataDokter.feature
11:04:55.206 [main] DEBUG net.thucydides.core.steps.StepEventBus - Test suite started for story net.thucydides.core.model.Story@9b63a91f
11:04:55.208 [main] INFO  - Test Suite Started: Data Dokter Admin

@DataDokter @ViewDokterData
Scenario: As a admin i want to view data dokter &amp#27;[90m# src/test/resources/features/2DataDokter.feature:5&amp#27;[0m
11:04:55.621 [main] INFO io.cucumber.core.plugin.SerenityReporter - Running feature from file:///D:/New%20folder%20(2)/Capstone/Testing/src/test/resources/features/2DataDokter.feature
11:04:56.009 [main] INFO  - 
  _____   ___   ___   _____     ___   _____     _     ___   _____   ___   ___  
 |_   _| | __| / __| |_   _|   / __| |_   _|   /_\   | _ \ |_   _| | __| |   \ 
   | |   | _|  \__ \   | |     \__ \   | |    / _ \  |   /   | |   | _|  | |) |
   |_|   |___| |___/   |_|     |___/   |_|   /_/ \_\ |_|_\   |_|   |___| |___/ 

As a admin i want to view data dokter(data-dokter-admin;as-a-admin-i-want-to-view-data-dokter)
--------------------------------------------------------------------------------
11:04:59.130 [main] DEBUG net.thucydides.core.steps.StepInterceptor - STARTING STEP: PatientDataSteps.openPageDasbord - openDashbord
11:04:59.312 [main] INFO net.serenitybdd.core.webdriver.driverproviders.ChromeDriverProvider - Using automatically driver download
11:05:04.562 [main] DEBUG io.github.bonigarcia.wdm.cache.ResolutionCache - Resolution chrome=102 in cache (valid until 11:10:23 18/06/2022 ICT)
11:05:04.642 [main] DEBUG io.github.bonigarcia.wdm.cache.ResolutionCache - Resolution chrome102=102.0.5005.61 in cache (valid until 19:49:35 18/06/2022 ICT)
11:05:04.667 [main] INFO io.github.bonigarcia.wdm.WebDriverManager - Using chromedriver 102.0.5005.61 (resolved driver for Chrome 102)
11:05:04.919 [main] DEBUG io.github.bonigarcia.wdm.WebDriverManager - Driver chromedriver 102.0.5005.61 found in cache
11:05:04.930 [main] INFO io.github.bonigarcia.wdm.WebDriverManager - Exporting webdriver.chrome.driver as C:\Users\ASUS\.cache\selenium\chromedriver\win32\102.0.5005.61\chromedriver.exe
11:05:08.233 [main] DEBUG net.thucydides.core.reflection.ClassFinder - Could not load class .starter.CucumberTestSuite
11:05:08.234 [main] DEBUG net.thucydides.core.reflection.ClassFinder - Could not load class .starter.pages.DashboardPage
11:05:08.235 [main] DEBUG net.thucydides.core.reflection.ClassFinder - Could not load class .starter.pages.DokterDataPage
11:05:08.237 [main] DEBUG net.thucydides.core.reflection.ClassFinder - Could not load class .starter.pages.LoginPage
11:05:08.237 [main] DEBUG net.thucydides.core.reflection.ClassFinder - Could not load class .starter.pages.PatientDataPage
11:05:08.238 [main] DEBUG net.thucydides.core.reflection.ClassFinder - Could not load class .starter.stepdefinitios.DokterDataSteps
11:05:08.238 [main] DEBUG net.thucydides.core.reflection.ClassFinder - Could not load class .starter.stepdefinitios.LoginSteps
11:05:08.239 [main] DEBUG net.thucydides.core.reflection.ClassFinder - Could not load class .starter.stepdefinitios.PatientDataSteps
11:05:08.242 [main] DEBUG net.thucydides.core.reflection.ClassFinder - Could not load class META-INF.versions.9.com.sun.istack.logging.StackHelper
11:05:08.244 [main] DEBUG net.thucydides.core.reflection.ClassFinder - Could not load class META-INF.versions.9.com.sun.xml.bind.v2.runtime.reflect.opt.AccessorInjector
11:05:08.247 [main] DEBUG net.thucydides.core.reflection.ClassFinder - Could not load class META-INF.versions.9.com.sun.xml.bind.v2.runtime.reflect.opt.Injector
11:05:08.251 [main] DEBUG net.thucydides.core.reflection.ClassFinder - Could not load class META-INF.versions.9.com.sun.xml.bind.v2.runtime.reflect.opt.OptimizedAccessorFactory
11:05:08.253 [main] DEBUG net.thucydides.core.reflection.ClassFinder - Could not load class META-INF.versions.9.com.sun.xml.bind.v2.runtime.reflect.opt.OptimizedTransducedAccessorFactory
11:05:08.256 [main] DEBUG net.thucydides.core.reflection.ClassFinder - Could not load class META-INF.versions.9.io.opentelemetry.sdk.internal.CurrentJavaVersionSpecific
11:05:08.259 [main] DEBUG net.thucydides.core.reflection.ClassFinder - Could not load class META-INF.versions.9.io.opentelemetry.sdk.internal.Java9VersionSpecific
11:05:08.261 [main] DEBUG net.thucydides.core.reflection.ClassFinder - Could not load class META-INF.versions.9.javax.xml.bind.ModuleUtil
11:05:08.264 [main] DEBUG net.thucydides.core.reflection.ClassFinder - Could not load class META-INF.versions.9.module-info
11:05:08.270 [main] DEBUG net.thucydides.core.reflection.ClassFinder - Could not load class META-INF.versions.9.org.codehaus.plexus.languages.java.jpms.BinaryModuleInfoParser
11:05:08.273 [main] DEBUG net.thucydides.core.reflection.ClassFinder - Could not load class META-INF.versions.9.org.codehaus.plexus.languages.java.jpms.CmdModuleNameExtractor
11:05:08.277 [main] DEBUG net.thucydides.core.reflection.ClassFinder - Could not load class META-INF.versions.9.org.junit.platform.commons.util.ModuleUtils
11:05:09.914 [main] DEBUG net.thucydides.core.reflection.ClassFinder - Could not load class com.google.gson.internal.
11:05:10.803 [main] DEBUG net.thucydides.core.reflection.ClassFinder - Could not load class com.sun.xml.bind.v2.runtime.output.FastInfosetStreamWriterOutput
11:05:12.687 [main] DEBUG net.thucydides.core.reflection.ClassFinder - Could not load class module-info
11:05:27.636 [main] DEBUG io.netty.util.internal.logging.InternalLoggerFactory - Using SLF4J as the default logging framework
11:05:27.654 [main] DEBUG io.netty.util.ResourceLeakDetector - -Dio.netty.leakDetection.level: simple
11:05:27.654 [main] DEBUG io.netty.util.ResourceLeakDetector - -Dio.netty.leakDetection.targetRecords: 4
11:05:27.665 [main] DEBUG io.netty.util.ResourceLeakDetectorFactory - Loaded default ResourceLeakDetector: io.netty.util.ResourceLeakDetector@4b0fdbd7
11:05:27.732 [main] DEBUG io.netty.util.internal.PlatformDependent0 - -Dio.netty.noUnsafe: false
11:05:27.733 [main] DEBUG io.netty.util.internal.PlatformDependent0 - Java version: 11
11:05:27.736 [main] DEBUG io.netty.util.internal.PlatformDependent0 - sun.misc.Unsafe.theUnsafe: available
11:05:27.739 [main] DEBUG io.netty.util.internal.PlatformDependent0 - sun.misc.Unsafe.copyMemory: available
11:05:27.741 [main] DEBUG io.netty.util.internal.PlatformDependent0 - java.nio.Buffer.address: available
11:05:27.743 [main] DEBUG io.netty.util.internal.PlatformDependent0 - direct buffer constructor: unavailable: Reflective setAccessible(true) disabled
11:05:27.745 [main] DEBUG io.netty.util.internal.PlatformDependent0 - java.nio.Bits.unaligned: available, true
11:05:27.749 [main] DEBUG io.netty.util.internal.PlatformDependent0 - jdk.internal.misc.Unsafe.allocateUninitializedArray(int): unavailable: class io.netty.util.internal.PlatformDependent0$6 cannot access class jdk.internal.misc.Unsafe (in module java.base) because module java.base does not export jdk.internal.misc to unnamed module @f5c79a6
11:05:27.753 [main] DEBUG io.netty.util.internal.PlatformDependent0 - java.nio.DirectByteBuffer.<init>(long, int): unavailable
11:05:27.753 [main] DEBUG io.netty.util.internal.PlatformDependent - sun.misc.Unsafe: available
11:05:27.757 [main] DEBUG io.netty.util.internal.PlatformDependent - maxDirectMemory: 2933915648 bytes (maybe)
11:05:27.759 [main] DEBUG io.netty.util.internal.PlatformDependent - -Dio.netty.tmpdir: C:\Users\ASUS\AppData\Local\Temp (java.io.tmpdir)
11:05:27.759 [main] DEBUG io.netty.util.internal.PlatformDependent - -Dio.netty.bitMode: 64 (sun.arch.data.model)
11:05:27.760 [main] DEBUG io.netty.util.internal.PlatformDependent - Platform: Windows
11:05:27.763 [main] DEBUG io.netty.util.internal.PlatformDependent - -Dio.netty.maxDirectMemory: -1 bytes
11:05:27.763 [main] DEBUG io.netty.util.internal.PlatformDependent - -Dio.netty.uninitializedArrayAllocationThreshold: -1
11:05:27.767 [main] DEBUG io.netty.util.internal.CleanerJava9 - java.nio.ByteBuffer.cleaner(): available
11:05:27.767 [main] DEBUG io.netty.util.internal.PlatformDependent - -Dio.netty.noPreferDirect: false
11:05:27.798 [main] DEBUG io.netty.util.internal.PlatformDependent - org.jctools-core.MpscChunkedArrayQueue: available
11:05:27.880 [main] DEBUG io.netty.util.internal.InternalThreadLocalMap - -Dio.netty.threadLocalMap.stringBuilder.initialSize: 1024
11:05:27.880 [main] DEBUG io.netty.util.internal.InternalThreadLocalMap - -Dio.netty.threadLocalMap.stringBuilder.maxSize: 4096
11:05:28.009 [main] DEBUG io.netty.handler.ssl.JdkSslContext - Default protocols (JDK): [TLSv1.3, TLSv1.2] 
11:05:28.009 [main] DEBUG io.netty.handler.ssl.JdkSslContext - Default cipher suites (JDK): [TLS_ECDHE_ECDSA_WITH_AES_256_GCM_SHA384, TLS_ECDHE_ECDSA_WITH_AES_128_GCM_SHA256, TLS_ECDHE_RSA_WITH_AES_128_GCM_SHA256, TLS_ECDHE_RSA_WITH_AES_256_GCM_SHA384, TLS_ECDHE_RSA_WITH_AES_128_CBC_SHA, TLS_ECDHE_RSA_WITH_AES_256_CBC_SHA, TLS_RSA_WITH_AES_128_GCM_SHA256, TLS_RSA_WITH_AES_128_CBC_SHA, TLS_RSA_WITH_AES_256_CBC_SHA, TLS_AES_128_GCM_SHA256, TLS_AES_256_GCM_SHA384]
11:05:28.159 [main] DEBUG io.netty.channel.MultithreadEventLoopGroup - -Dio.netty.eventLoopThreads: 8
11:05:28.255 [main] DEBUG io.netty.channel.nio.NioEventLoop - -Dio.netty.noKeySetOptimization: false
11:05:28.255 [main] DEBUG io.netty.channel.nio.NioEventLoop - -Dio.netty.selectorAutoRebuildThreshold: 512
11:05:28.460 [main] DEBUG io.netty.buffer.PooledByteBufAllocator - -Dio.netty.allocator.numHeapArenas: 8
11:05:28.461 [main] DEBUG io.netty.buffer.PooledByteBufAllocator - -Dio.netty.allocator.numDirectArenas: 8
11:05:28.461 [main] DEBUG io.netty.buffer.PooledByteBufAllocator - -Dio.netty.allocator.pageSize: 8192
11:05:28.461 [main] DEBUG io.netty.buffer.PooledByteBufAllocator - -Dio.netty.allocator.maxOrder: 11
11:05:28.461 [main] DEBUG io.netty.buffer.PooledByteBufAllocator - -Dio.netty.allocator.chunkSize: 16777216
11:05:28.461 [main] DEBUG io.netty.buffer.PooledByteBufAllocator - -Dio.netty.allocator.smallCacheSize: 256
11:05:28.462 [main] DEBUG io.netty.buffer.PooledByteBufAllocator - -Dio.netty.allocator.normalCacheSize: 64
11:05:28.464 [main] DEBUG io.netty.buffer.PooledByteBufAllocator - -Dio.netty.allocator.maxCachedBufferCapacity: 32768
11:05:28.464 [main] DEBUG io.netty.buffer.PooledByteBufAllocator - -Dio.netty.allocator.cacheTrimInterval: 8192
11:05:28.465 [main] DEBUG io.netty.buffer.PooledByteBufAllocator - -Dio.netty.allocator.cacheTrimIntervalMillis: 0
11:05:28.465 [main] DEBUG io.netty.buffer.PooledByteBufAllocator - -Dio.netty.allocator.useCacheForAllThreads: true
11:05:28.465 [main] DEBUG io.netty.buffer.PooledByteBufAllocator - -Dio.netty.allocator.maxCachedByteBuffersPerChunk: 1023
11:05:28.554 [main] DEBUG io.netty.buffer.ByteBufUtil - -Dio.netty.allocator.type: pooled
11:05:28.555 [main] DEBUG io.netty.buffer.ByteBufUtil - -Dio.netty.threadLocalDirectBufferSize: 0
11:05:28.556 [main] DEBUG io.netty.buffer.ByteBufUtil - -Dio.netty.maxThreadLocalCharBufferSize: 16384
11:05:29.818 [main] DEBUG net.serenitybdd.core.webdriver.driverproviders.ProvideNewDriver - Instantiating driver
11:05:29.818 [main] DEBUG net.serenitybdd.core.webdriver.driverproviders.ProvideNewDriver - Driver capabilities: Capabilities {acceptInsecureCerts: false, base.url: https://fanciful-trifle-360..., browserName: chrome, chore.driver: src/test/resources/webdrive..., driver: chrome, goog:chromeOptions: {args: [], extensions: []}}
11:05:31.240 [Forwarding newSession on session null to remote] DEBUG io.netty.channel.DefaultChannelId - -Dio.netty.processId: 9156 (auto-detected)
11:05:31.246 [Forwarding newSession on session null to remote] DEBUG io.netty.util.NetUtil - -Djava.net.preferIPv4Stack: false
11:05:31.247 [Forwarding newSession on session null to remote] DEBUG io.netty.util.NetUtil - -Djava.net.preferIPv6Addresses: false
11:05:32.088 [Forwarding newSession on session null to remote] DEBUG io.netty.util.NetUtilInitializations - Loopback interface: lo (Software Loopback Interface 1, 127.0.0.1)
11:05:32.091 [Forwarding newSession on session null to remote] DEBUG io.netty.util.NetUtil - Failed to get SOMAXCONN from sysctl and file \proc\sys\net\core\somaxconn. Default: 200
11:05:32.943 [Forwarding newSession on session null to remote] DEBUG io.netty.channel.DefaultChannelId - -Dio.netty.machineId: f0:03:8c:ff:fe:6d:32:33 (auto-detected)
11:05:33.205 [AsyncHttpClient-1-2] DEBUG io.netty.buffer.AbstractByteBuf - -Dio.netty.buffer.checkAccessible: true
11:05:33.208 [AsyncHttpClient-1-2] DEBUG io.netty.buffer.AbstractByteBuf - -Dio.netty.buffer.checkBounds: true
11:05:33.213 [AsyncHttpClient-1-2] DEBUG io.netty.util.ResourceLeakDetectorFactory - Loaded default ResourceLeakDetector: io.netty.util.ResourceLeakDetector@212ec201
11:05:33.278 [AsyncHttpClient-1-2] DEBUG org.asynchttpclient.netty.channel.NettyConnectListener - Using new Channel '[id: 0xd879c695, L:/127.0.0.1:60287 - R:localhost/127.0.0.1:55206]' for 'POST' to '/session'
11:05:33.338 [AsyncHttpClient-1-2] DEBUG io.netty.util.Recycler - -Dio.netty.recycler.maxCapacityPerThread: 4096
11:05:33.338 [AsyncHttpClient-1-2] DEBUG io.netty.util.Recycler - -Dio.netty.recycler.ratio: 8
11:05:33.338 [AsyncHttpClient-1-2] DEBUG io.netty.util.Recycler - -Dio.netty.recycler.chunkSize: 32
11:05:33.338 [AsyncHttpClient-1-2] DEBUG io.netty.util.Recycler - -Dio.netty.recycler.blocking: false
11:05:36.267 [AsyncHttpClient-1-2] DEBUG io.netty.handler.codec.compression.Brotli - brotli4j not in the classpath; Brotli support will be unavailable.
11:05:36.268 [AsyncHttpClient-1-2] DEBUG org.asynchttpclient.netty.handler.HttpHandler - 

Request DefaultHttpRequest(decodeResult: success, version: HTTP/1.1)
POST /session HTTP/1.1
User-Agent: selenium/4.1.2 (java windows)
Content-Length: 628
Content-Type: application/json; charset=utf-8
host: localhost:55206
accept: */*

Response DefaultHttpResponse(decodeResult: success, version: HTTP/1.1)
HTTP/1.1 200 OK
Content-Type: application/json; charset=utf-8
cache-control: no-cache
content-length: 788

11:05:36.311 [AsyncHttpClient-1-2] DEBUG org.asynchttpclient.netty.channel.ChannelManager - Adding key: http://localhost:55206 for channel [id: 0xd879c695, L:/127.0.0.1:60287 - R:localhost/127.0.0.1:55206]
11:05:36.628 [AsyncHttpClient-1-3] DEBUG org.asynchttpclient.netty.channel.NettyConnectListener - Using new Channel '[id: 0x3f142ddf, L:/127.0.0.1:60300 - R:localhost/127.0.0.1:60290]' for 'GET' to '/json/version'
11:05:36.645 [AsyncHttpClient-1-3] DEBUG org.asynchttpclient.netty.handler.HttpHandler - 

Request DefaultFullHttpRequest(decodeResult: success, version: HTTP/1.1, content: EmptyByteBufBE)
GET /json/version HTTP/1.1
User-Agent: selenium/4.1.2 (java windows)
host: localhost:60290
accept: */*

Response DefaultHttpResponse(decodeResult: success, version: HTTP/1.1)
HTTP/1.1 200 OK
Content-Type: application/json; charset=UTF-8
content-length: 428

11:05:36.647 [AsyncHttpClient-1-3] DEBUG org.asynchttpclient.netty.channel.ChannelManager - Adding key: http://localhost:60290 for channel [id: 0x3f142ddf, L:/127.0.0.1:60300 - R:localhost/127.0.0.1:60290]
11:05:36.681 [main] DEBUG io.netty.util.internal.ThreadLocalRandom - -Dio.netty.initialSeedUniquifier: 0xba0fbd8fafac5f46
11:05:36.699 [AsyncHttpClient-1-4] DEBUG org.asynchttpclient.netty.channel.NettyConnectListener - Using new Channel '[id: 0xf75839c9, L:/127.0.0.1:60301 - R:localhost/127.0.0.1:60290]' for 'GET' to '/devtools/browser/f7aa3da7-a391-4b91-a3db-0e7513069d1f'
11:05:36.718 [AsyncHttpClient-1-4] DEBUG org.asynchttpclient.netty.handler.WebSocketHandler - 

Request DefaultFullHttpRequest(decodeResult: success, version: HTTP/1.1, content: EmptyByteBufBE)
GET /devtools/browser/f7aa3da7-a391-4b91-a3db-0e7513069d1f HTTP/1.1
upgrade: websocket
connection: upgrade
sec-websocket-key: wksvveK177W/aQSFsDS2iw==
sec-websocket-version: 13
origin: http://localhost:60290
host: localhost:60290
accept: */*
user-agent: AHC/2.1

Response DefaultHttpResponse(decodeResult: success, version: HTTP/1.1)
HTTP/1.1 101 WebSocket Protocol Handshake
Upgrade: WebSocket
Connection: Upgrade
Sec-WebSocket-Accept: ghYABzK765b0OlTCIXrzyPlS5y0=

11:05:36.819 [AsyncHttpClient-1-1] DEBUG org.asynchttpclient.netty.channel.DefaultChannelPool - Entry count for : http://localhost:60290 : 1
11:05:36.825 [AsyncHttpClient-1-1] DEBUG org.asynchttpclient.netty.channel.DefaultChannelPool - Entry count for : http://localhost:55206 : 1
11:05:37.914 [AsyncHttpClient-1-1] DEBUG org.asynchttpclient.netty.channel.DefaultChannelPool - Entry count for : http://localhost:60290 : 1
11:05:37.914 [AsyncHttpClient-1-1] DEBUG org.asynchttpclient.netty.channel.DefaultChannelPool - Entry count for : http://localhost:55206 : 1
11:05:39.019 [AsyncHttpClient-1-1] DEBUG org.asynchttpclient.netty.channel.DefaultChannelPool - Entry count for : http://localhost:60290 : 1
11:05:39.019 [AsyncHttpClient-1-1] DEBUG org.asynchttpclient.netty.channel.DefaultChannelPool - Entry count for : http://localhost:55206 : 1
11:05:39.089 [main] DEBUG net.thucydides.core.reflection.ClassFinder - Could not load class .starter.CucumberTestSuite
11:05:39.090 [main] DEBUG net.thucydides.core.reflection.ClassFinder - Could not load class .starter.pages.DashboardPage
11:05:39.090 [main] DEBUG net.thucydides.core.reflection.ClassFinder - Could not load class .starter.pages.DokterDataPage
11:05:39.092 [main] DEBUG net.thucydides.core.reflection.ClassFinder - Could not load class .starter.pages.LoginPage
11:05:39.092 [main] DEBUG net.thucydides.core.reflection.ClassFinder - Could not load class .starter.pages.PatientDataPage
11:05:39.092 [main] DEBUG net.thucydides.core.reflection.ClassFinder - Could not load class .starter.stepdefinitios.DokterDataSteps
11:05:39.092 [main] DEBUG net.thucydides.core.reflection.ClassFinder - Could not load class .starter.stepdefinitios.LoginSteps
11:05:39.093 [main] DEBUG net.thucydides.core.reflection.ClassFinder - Could not load class .starter.stepdefinitios.PatientDataSteps
11:05:39.099 [main] DEBUG net.thucydides.core.reflection.ClassFinder - Could not load class META-INF.versions.9.com.sun.istack.logging.StackHelper
11:05:39.102 [main] DEBUG net.thucydides.core.reflection.ClassFinder - Could not load class META-INF.versions.9.com.sun.xml.bind.v2.runtime.reflect.opt.AccessorInjector
11:05:39.106 [main] DEBUG net.thucydides.core.reflection.ClassFinder - Could not load class META-INF.versions.9.com.sun.xml.bind.v2.runtime.reflect.opt.Injector
11:05:39.109 [main] DEBUG net.thucydides.core.reflection.ClassFinder - Could not load class META-INF.versions.9.com.sun.xml.bind.v2.runtime.reflect.opt.OptimizedAccessorFactory
11:05:39.111 [main] DEBUG net.thucydides.core.reflection.ClassFinder - Could not load class META-INF.versions.9.com.sun.xml.bind.v2.runtime.reflect.opt.OptimizedTransducedAccessorFactory
11:05:39.114 [main] DEBUG net.thucydides.core.reflection.ClassFinder - Could not load class META-INF.versions.9.io.opentelemetry.sdk.internal.CurrentJavaVersionSpecific
11:05:39.116 [main] DEBUG net.thucydides.core.reflection.ClassFinder - Could not load class META-INF.versions.9.io.opentelemetry.sdk.internal.Java9VersionSpecific
11:05:39.118 [main] DEBUG net.thucydides.core.reflection.ClassFinder - Could not load class META-INF.versions.9.javax.xml.bind.ModuleUtil
11:05:39.119 [main] DEBUG net.thucydides.core.reflection.ClassFinder - Could not load class META-INF.versions.9.module-info
11:05:39.122 [main] DEBUG net.thucydides.core.reflection.ClassFinder - Could not load class META-INF.versions.9.org.codehaus.plexus.languages.java.jpms.BinaryModuleInfoParser
11:05:39.124 [main] DEBUG net.thucydides.core.reflection.ClassFinder - Could not load class META-INF.versions.9.org.codehaus.plexus.languages.java.jpms.CmdModuleNameExtractor
11:05:39.126 [main] DEBUG net.thucydides.core.reflection.ClassFinder - Could not load class META-INF.versions.9.org.junit.platform.commons.util.ModuleUtils
11:05:39.135 [main] DEBUG net.thucydides.core.reflection.ClassFinder - Could not load class com.google.gson.internal.
11:05:39.141 [main] DEBUG net.thucydides.core.reflection.ClassFinder - Could not load class com.sun.xml.bind.v2.runtime.output.FastInfosetStreamWriterOutput
11:05:39.154 [main] DEBUG net.thucydides.core.reflection.ClassFinder - Could not load class module-info
11:05:39.248 [Forwarding get on session 2b9e507b78d085088a59258df354ba4c to remote] DEBUG org.asynchttpclient.netty.request.NettyRequestSender - Using pooled Channel '[id: 0xd879c695, L:/127.0.0.1:60287 - R:localhost/127.0.0.1:55206]' for 'POST' to 'http://localhost:55206/session/2b9e507b78d085088a59258df354ba4c/url'
11:05:39.248 [Forwarding get on session 2b9e507b78d085088a59258df354ba4c to remote] DEBUG org.asynchttpclient.netty.request.NettyRequestSender - Using open Channel [id: 0xd879c695, L:/127.0.0.1:60287 - R:localhost/127.0.0.1:55206] for POST '/session/2b9e507b78d085088a59258df354ba4c/url'
11:05:40.118 [AsyncHttpClient-1-1] DEBUG org.asynchttpclient.netty.channel.DefaultChannelPool - Entry count for : http://localhost:60290 : 1
11:05:41.137 [AsyncHttpClient-1-2] DEBUG org.asynchttpclient.netty.handler.HttpHandler - 

Request DefaultHttpRequest(decodeResult: success, version: HTTP/1.1)
POST /session/2b9e507b78d085088a59258df354ba4c/url HTTP/1.1
User-Agent: selenium/4.1.2 (java windows)
Content-Length: 73
Content-Type: application/json; charset=utf-8
host: localhost:55206
accept: */*

Response DefaultHttpResponse(decodeResult: success, version: HTTP/1.1)
HTTP/1.1 200 OK
Content-Type: application/json; charset=utf-8
cache-control: no-cache
content-length: 14

11:05:41.138 [AsyncHttpClient-1-2] DEBUG org.asynchttpclient.netty.channel.ChannelManager - Adding key: http://localhost:55206 for channel [id: 0xd879c695, L:/127.0.0.1:60287 - R:localhost/127.0.0.1:55206]
11:05:41.155 [Forwarding setTimeout on session 2b9e507b78d085088a59258df354ba4c to remote] DEBUG org.asynchttpclient.netty.request.NettyRequestSender - Using pooled Channel '[id: 0xd879c695, L:/127.0.0.1:60287 - R:localhost/127.0.0.1:55206]' for 'POST' to 'http://localhost:55206/session/2b9e507b78d085088a59258df354ba4c/timeouts'
11:05:41.156 [Forwarding setTimeout on session 2b9e507b78d085088a59258df354ba4c to remote] DEBUG org.asynchttpclient.netty.request.NettyRequestSender - Using open Channel [id: 0xd879c695, L:/127.0.0.1:60287 - R:localhost/127.0.0.1:55206] for POST '/session/2b9e507b78d085088a59258df354ba4c/timeouts'
11:05:41.184 [AsyncHttpClient-1-2] DEBUG org.asynchttpclient.netty.handler.HttpHandler - 

Request DefaultHttpRequest(decodeResult: success, version: HTTP/1.1)
POST /session/2b9e507b78d085088a59258df354ba4c/timeouts HTTP/1.1
User-Agent: selenium/4.1.2 (java windows)
Content-Length: 22
Content-Type: application/json; charset=utf-8
host: localhost:55206
accept: */*

Response DefaultHttpResponse(decodeResult: success, version: HTTP/1.1)
HTTP/1.1 200 OK
Content-Type: application/json; charset=utf-8
cache-control: no-cache
content-length: 14

11:05:41.185 [AsyncHttpClient-1-2] DEBUG org.asynchttpclient.netty.channel.ChannelManager - Adding key: http://localhost:55206 for channel [id: 0xd879c695, L:/127.0.0.1:60287 - R:localhost/127.0.0.1:55206]
11:05:41.218 [Forwarding getCurrentUrl on session 2b9e507b78d085088a59258df354ba4c to remote] DEBUG org.asynchttpclient.netty.request.NettyRequestSender - Using pooled Channel '[id: 0xd879c695, L:/127.0.0.1:60287 - R:localhost/127.0.0.1:55206]' for 'GET' to 'http://localhost:55206/session/2b9e507b78d085088a59258df354ba4c/url'
11:05:41.219 [Forwarding getCurrentUrl on session 2b9e507b78d085088a59258df354ba4c to remote] DEBUG org.asynchttpclient.netty.request.NettyRequestSender - Using open Channel [id: 0xd879c695, L:/127.0.0.1:60287 - R:localhost/127.0.0.1:55206] for GET '/session/2b9e507b78d085088a59258df354ba4c/url'
11:05:41.235 [AsyncHttpClient-1-1] DEBUG org.asynchttpclient.netty.channel.DefaultChannelPool - Entry count for : http://localhost:60290 : 1
11:05:41.253 [AsyncHttpClient-1-2] DEBUG org.asynchttpclient.netty.handler.HttpHandler - 

Request DefaultFullHttpRequest(decodeResult: success, version: HTTP/1.1, content: EmptyByteBufBE)
GET /session/2b9e507b78d085088a59258df354ba4c/url HTTP/1.1
User-Agent: selenium/4.1.2 (java windows)
Cache-Control: no-cache
Content-Type: application/json; charset=utf-8
host: localhost:55206
accept: */*

Response DefaultHttpResponse(decodeResult: success, version: HTTP/1.1)
HTTP/1.1 200 OK
Content-Type: application/json; charset=utf-8
cache-control: no-cache
content-length: 55

11:05:41.254 [AsyncHttpClient-1-2] DEBUG org.asynchttpclient.netty.channel.ChannelManager - Adding key: http://localhost:55206 for channel [id: 0xd879c695, L:/127.0.0.1:60287 - R:localhost/127.0.0.1:55206]
11:05:41.274 [Forwarding getCurrentUrl on session 2b9e507b78d085088a59258df354ba4c to remote] DEBUG org.asynchttpclient.netty.request.NettyRequestSender - Using pooled Channel '[id: 0xd879c695, L:/127.0.0.1:60287 - R:localhost/127.0.0.1:55206]' for 'GET' to 'http://localhost:55206/session/2b9e507b78d085088a59258df354ba4c/url'
11:05:41.274 [Forwarding getCurrentUrl on session 2b9e507b78d085088a59258df354ba4c to remote] DEBUG org.asynchttpclient.netty.request.NettyRequestSender - Using open Channel [id: 0xd879c695, L:/127.0.0.1:60287 - R:localhost/127.0.0.1:55206] for GET '/session/2b9e507b78d085088a59258df354ba4c/url'
11:05:41.341 [AsyncHttpClient-1-2] DEBUG org.asynchttpclient.netty.handler.HttpHandler - 

Request DefaultFullHttpRequest(decodeResult: success, version: HTTP/1.1, content: EmptyByteBufBE)
GET /session/2b9e507b78d085088a59258df354ba4c/url HTTP/1.1
User-Agent: selenium/4.1.2 (java windows)
Cache-Control: no-cache
Content-Type: application/json; charset=utf-8
host: localhost:55206
accept: */*

Response DefaultHttpResponse(decodeResult: success, version: HTTP/1.1)
HTTP/1.1 200 OK
Content-Type: application/json; charset=utf-8
cache-control: no-cache
content-length: 55

11:05:41.343 [AsyncHttpClient-1-2] DEBUG org.asynchttpclient.netty.channel.ChannelManager - Adding key: http://localhost:55206 for channel [id: 0xd879c695, L:/127.0.0.1:60287 - R:localhost/127.0.0.1:55206]
11:05:41.486 [main] DEBUG net.serenitybdd.core.photography.Darkroom - Opening darkroom
11:05:41.490 [Forwarding screenshot on session 2b9e507b78d085088a59258df354ba4c to remote] DEBUG org.asynchttpclient.netty.request.NettyRequestSender - Using pooled Channel '[id: 0xd879c695, L:/127.0.0.1:60287 - R:localhost/127.0.0.1:55206]' for 'GET' to 'http://localhost:55206/session/2b9e507b78d085088a59258df354ba4c/screenshot'
11:05:41.490 [Forwarding screenshot on session 2b9e507b78d085088a59258df354ba4c to remote] DEBUG org.asynchttpclient.netty.request.NettyRequestSender - Using open Channel [id: 0xd879c695, L:/127.0.0.1:60287 - R:localhost/127.0.0.1:55206] for GET '/session/2b9e507b78d085088a59258df354ba4c/screenshot'
11:05:41.494 [Darkroom Processing Line] DEBUG net.serenitybdd.core.photography.DarkroomProcessingLine - Darkroom processing line starting up
11:05:41.979 [AsyncHttpClient-1-2] DEBUG org.asynchttpclient.netty.handler.HttpHandler - 

Request DefaultFullHttpRequest(decodeResult: success, version: HTTP/1.1, content: EmptyByteBufBE)
GET /session/2b9e507b78d085088a59258df354ba4c/screenshot HTTP/1.1
User-Agent: selenium/4.1.2 (java windows)
Cache-Control: no-cache
Content-Type: application/json; charset=utf-8
host: localhost:55206
accept: */*

Response DefaultHttpResponse(decodeResult: success, version: HTTP/1.1)
HTTP/1.1 200 OK
Content-Type: application/json; charset=utf-8
cache-control: no-cache
content-length: 76456

11:05:41.988 [AsyncHttpClient-1-2] DEBUG org.asynchttpclient.netty.channel.ChannelManager - Adding key: http://localhost:55206 for channel [id: 0xd879c695, L:/127.0.0.1:60287 - R:localhost/127.0.0.1:55206]
11:05:42.318 [AsyncHttpClient-1-1] DEBUG org.asynchttpclient.netty.channel.DefaultChannelPool - Entry count for : http://localhost:60290 : 1
11:05:42.318 [AsyncHttpClient-1-1] DEBUG org.asynchttpclient.netty.channel.DefaultChannelPool - Entry count for : http://localhost:55206 : 1
11:05:42.390 [main] DEBUG net.serenitybdd.core.photography.Darkroom - Send negative for processing for target\site\serenity\13b1346fe2e5596b34957265c35d5eb17202c68ed812efb6ea9784d098f63f87.png
11:05:42.392 [Darkroom Processing Line] DEBUG net.serenitybdd.core.photography.DarkroomProcessingLine - Processing screenshot image in /var/screenshots/screenshot-856696596514154627
11:05:42.393 [Darkroom Processing Line] DEBUG net.serenitybdd.core.photography.DarkroomProcessingLine - Saving screenshot to target\site\serenity\13b1346fe2e5596b34957265c35d5eb17202c68ed812efb6ea9784d098f63f87.png
11:05:42.400 [main] DEBUG net.thucydides.core.steps.StepInterceptor - STEP DONE: openDashbord
  &amp#27;[32mGiven &amp#27;[0m&amp#27;[32mOpen page dasbord&amp#27;[0m                       &amp#27;[90m# starter.stepdefinitios.PatientDataSteps.openPageDasbord()&amp#27;[0m
11:05:42.471 [Forwarding screenshot on session 2b9e507b78d085088a59258df354ba4c to remote] DEBUG org.asynchttpclient.netty.request.NettyRequestSender - Using pooled Channel '[id: 0xd879c695, L:/127.0.0.1:60287 - R:localhost/127.0.0.1:55206]' for 'GET' to 'http://localhost:55206/session/2b9e507b78d085088a59258df354ba4c/screenshot'
11:05:42.477 [Forwarding screenshot on session 2b9e507b78d085088a59258df354ba4c to remote] DEBUG org.asynchttpclient.netty.request.NettyRequestSender - Using open Channel [id: 0xd879c695, L:/127.0.0.1:60287 - R:localhost/127.0.0.1:55206] for GET '/session/2b9e507b78d085088a59258df354ba4c/screenshot'
11:05:42.691 [AsyncHttpClient-1-2] DEBUG org.asynchttpclient.netty.handler.HttpHandler - 

Request DefaultFullHttpRequest(decodeResult: success, version: HTTP/1.1, content: EmptyByteBufBE)
GET /session/2b9e507b78d085088a59258df354ba4c/screenshot HTTP/1.1
User-Agent: selenium/4.1.2 (java windows)
Cache-Control: no-cache
Content-Type: application/json; charset=utf-8
host: localhost:55206
accept: */*

Response DefaultHttpResponse(decodeResult: success, version: HTTP/1.1)
HTTP/1.1 200 OK
Content-Type: application/json; charset=utf-8
cache-control: no-cache
content-length: 75932

11:05:42.694 [AsyncHttpClient-1-2] DEBUG org.asynchttpclient.netty.channel.ChannelManager - Adding key: http://localhost:55206 for channel [id: 0xd879c695, L:/127.0.0.1:60287 - R:localhost/127.0.0.1:55206]
11:05:42.707 [main] DEBUG net.serenitybdd.core.photography.Darkroom - Send negative for processing for target\site\serenity\efeaf0a981a63fc9eaa3fc226ae65846f359f5688e9d85540f35f5c740702f5b.png
11:05:42.737 [Darkroom Processing Line] DEBUG net.serenitybdd.core.photography.DarkroomProcessingLine - Processing screenshot image in /var/screenshots/screenshot-3560145773225329669
11:05:42.737 [Darkroom Processing Line] DEBUG net.serenitybdd.core.photography.DarkroomProcessingLine - Saving screenshot to target\site\serenity\efeaf0a981a63fc9eaa3fc226ae65846f359f5688e9d85540f35f5c740702f5b.png
11:05:43.520 [AsyncHttpClient-1-1] DEBUG org.asynchttpclient.netty.channel.DefaultChannelPool - Entry count for : http://localhost:60290 : 1
11:05:43.520 [AsyncHttpClient-1-1] DEBUG org.asynchttpclient.netty.channel.DefaultChannelPool - Entry count for : http://localhost:55206 : 1
11:05:43.569 [Forwarding screenshot on session 2b9e507b78d085088a59258df354ba4c to remote] DEBUG org.asynchttpclient.netty.request.NettyRequestSender - Using pooled Channel '[id: 0xd879c695, L:/127.0.0.1:60287 - R:localhost/127.0.0.1:55206]' for 'GET' to 'http://localhost:55206/session/2b9e507b78d085088a59258df354ba4c/screenshot'
11:05:43.570 [Forwarding screenshot on session 2b9e507b78d085088a59258df354ba4c to remote] DEBUG org.asynchttpclient.netty.request.NettyRequestSender - Using open Channel [id: 0xd879c695, L:/127.0.0.1:60287 - R:localhost/127.0.0.1:55206] for GET '/session/2b9e507b78d085088a59258df354ba4c/screenshot'
11:05:43.832 [AsyncHttpClient-1-2] DEBUG org.asynchttpclient.netty.handler.HttpHandler - 

Request DefaultFullHttpRequest(decodeResult: success, version: HTTP/1.1, content: EmptyByteBufBE)
GET /session/2b9e507b78d085088a59258df354ba4c/screenshot HTTP/1.1
User-Agent: selenium/4.1.2 (java windows)
Cache-Control: no-cache
Content-Type: application/json; charset=utf-8
host: localhost:55206
accept: */*

Response DefaultHttpResponse(decodeResult: success, version: HTTP/1.1)
HTTP/1.1 200 OK
Content-Type: application/json; charset=utf-8
cache-control: no-cache
content-length: 75932

11:05:43.834 [AsyncHttpClient-1-2] DEBUG org.asynchttpclient.netty.channel.ChannelManager - Adding key: http://localhost:55206 for channel [id: 0xd879c695, L:/127.0.0.1:60287 - R:localhost/127.0.0.1:55206]
11:05:43.843 [main] DEBUG net.serenitybdd.core.photography.Darkroom - Send negative for processing for target\site\serenity\efeaf0a981a63fc9eaa3fc226ae65846f359f5688e9d85540f35f5c740702f5b.png
11:05:43.847 [main] DEBUG net.thucydides.core.steps.StepInterceptor - STARTING STEP: DokterDataSteps.clickButtonDataDokter - clickButtonDataDokter
11:05:43.877 [Forwarding findElement on session 2b9e507b78d085088a59258df354ba4c to remote] DEBUG org.asynchttpclient.netty.request.NettyRequestSender - Using pooled Channel '[id: 0xd879c695, L:/127.0.0.1:60287 - R:localhost/127.0.0.1:55206]' for 'POST' to 'http://localhost:55206/session/2b9e507b78d085088a59258df354ba4c/element'
11:05:43.877 [Forwarding findElement on session 2b9e507b78d085088a59258df354ba4c to remote] DEBUG org.asynchttpclient.netty.request.NettyRequestSender - Using open Channel [id: 0xd879c695, L:/127.0.0.1:60287 - R:localhost/127.0.0.1:55206] for POST '/session/2b9e507b78d085088a59258df354ba4c/element'
11:05:43.926 [AsyncHttpClient-1-2] DEBUG org.asynchttpclient.netty.handler.HttpHandler - 

Request DefaultHttpRequest(decodeResult: success, version: HTTP/1.1)
POST /session/2b9e507b78d085088a59258df354ba4c/element HTTP/1.1
User-Agent: selenium/4.1.2 (java windows)
Content-Length: 123
Content-Type: application/json; charset=utf-8
host: localhost:55206
accept: */*

Response DefaultHttpResponse(decodeResult: success, version: HTTP/1.1)
HTTP/1.1 200 OK
Content-Type: application/json; charset=utf-8
cache-control: no-cache
content-length: 88

11:05:43.927 [AsyncHttpClient-1-2] DEBUG org.asynchttpclient.netty.channel.ChannelManager - Adding key: http://localhost:55206 for channel [id: 0xd879c695, L:/127.0.0.1:60287 - R:localhost/127.0.0.1:55206]
11:05:43.946 [Forwarding getElementTagName on session 2b9e507b78d085088a59258df354ba4c to remote] DEBUG org.asynchttpclient.netty.request.NettyRequestSender - Using pooled Channel '[id: 0xd879c695, L:/127.0.0.1:60287 - R:localhost/127.0.0.1:55206]' for 'GET' to 'http://localhost:55206/session/2b9e507b78d085088a59258df354ba4c/element/0ffec69d-4b17-49b3-94e0-66666262f986/name'
11:05:43.947 [Forwarding getElementTagName on session 2b9e507b78d085088a59258df354ba4c to remote] DEBUG org.asynchttpclient.netty.request.NettyRequestSender - Using open Channel [id: 0xd879c695, L:/127.0.0.1:60287 - R:localhost/127.0.0.1:55206] for GET '/session/2b9e507b78d085088a59258df354ba4c/element/0ffec69d-4b17-49b3-94e0-66666262f986/name'
11:05:43.967 [AsyncHttpClient-1-2] DEBUG org.asynchttpclient.netty.handler.HttpHandler - 

Request DefaultFullHttpRequest(decodeResult: success, version: HTTP/1.1, content: EmptyByteBufBE)
GET /session/2b9e507b78d085088a59258df354ba4c/element/0ffec69d-4b17-49b3-94e0-66666262f986/name HTTP/1.1
User-Agent: selenium/4.1.2 (java windows)
Cache-Control: no-cache
Content-Type: application/json; charset=utf-8
host: localhost:55206
accept: */*

Response DefaultHttpResponse(decodeResult: success, version: HTTP/1.1)
HTTP/1.1 200 OK
Content-Type: application/json; charset=utf-8
cache-control: no-cache
content-length: 15

11:05:43.968 [AsyncHttpClient-1-2] DEBUG org.asynchttpclient.netty.channel.ChannelManager - Adding key: http://localhost:55206 for channel [id: 0xd879c695, L:/127.0.0.1:60287 - R:localhost/127.0.0.1:55206]
11:05:43.975 [Forwarding getElementTagName on session 2b9e507b78d085088a59258df354ba4c to remote] DEBUG org.asynchttpclient.netty.request.NettyRequestSender - Using pooled Channel '[id: 0xd879c695, L:/127.0.0.1:60287 - R:localhost/127.0.0.1:55206]' for 'GET' to 'http://localhost:55206/session/2b9e507b78d085088a59258df354ba4c/element/0ffec69d-4b17-49b3-94e0-66666262f986/name'
11:05:43.975 [Forwarding getElementTagName on session 2b9e507b78d085088a59258df354ba4c to remote] DEBUG org.asynchttpclient.netty.request.NettyRequestSender - Using open Channel [id: 0xd879c695, L:/127.0.0.1:60287 - R:localhost/127.0.0.1:55206] for GET '/session/2b9e507b78d085088a59258df354ba4c/element/0ffec69d-4b17-49b3-94e0-66666262f986/name'
11:05:43.987 [AsyncHttpClient-1-2] DEBUG org.asynchttpclient.netty.handler.HttpHandler - 

Request DefaultFullHttpRequest(decodeResult: success, version: HTTP/1.1, content: EmptyByteBufBE)
GET /session/2b9e507b78d085088a59258df354ba4c/element/0ffec69d-4b17-49b3-94e0-66666262f986/name HTTP/1.1
User-Agent: selenium/4.1.2 (java windows)
Cache-Control: no-cache
Content-Type: application/json; charset=utf-8
host: localhost:55206
accept: */*

Response DefaultHttpResponse(decodeResult: success, version: HTTP/1.1)
HTTP/1.1 200 OK
Content-Type: application/json; charset=utf-8
cache-control: no-cache
content-length: 15

11:05:43.988 [AsyncHttpClient-1-2] DEBUG org.asynchttpclient.netty.channel.ChannelManager - Adding key: http://localhost:55206 for channel [id: 0xd879c695, L:/127.0.0.1:60287 - R:localhost/127.0.0.1:55206]
11:05:43.997 [Forwarding findElement on session 2b9e507b78d085088a59258df354ba4c to remote] DEBUG org.asynchttpclient.netty.request.NettyRequestSender - Using pooled Channel '[id: 0xd879c695, L:/127.0.0.1:60287 - R:localhost/127.0.0.1:55206]' for 'POST' to 'http://localhost:55206/session/2b9e507b78d085088a59258df354ba4c/element'
11:05:43.998 [Forwarding findElement on session 2b9e507b78d085088a59258df354ba4c to remote] DEBUG org.asynchttpclient.netty.request.NettyRequestSender - Using open Channel [id: 0xd879c695, L:/127.0.0.1:60287 - R:localhost/127.0.0.1:55206] for POST '/session/2b9e507b78d085088a59258df354ba4c/element'
11:05:44.024 [AsyncHttpClient-1-2] DEBUG org.asynchttpclient.netty.handler.HttpHandler - 

Request DefaultHttpRequest(decodeResult: success, version: HTTP/1.1)
POST /session/2b9e507b78d085088a59258df354ba4c/element HTTP/1.1
User-Agent: selenium/4.1.2 (java windows)
Content-Length: 123
Content-Type: application/json; charset=utf-8
host: localhost:55206
accept: */*

Response DefaultHttpResponse(decodeResult: success, version: HTTP/1.1)
HTTP/1.1 200 OK
Content-Type: application/json; charset=utf-8
cache-control: no-cache
content-length: 88

11:05:44.025 [AsyncHttpClient-1-2] DEBUG org.asynchttpclient.netty.channel.ChannelManager - Adding key: http://localhost:55206 for channel [id: 0xd879c695, L:/127.0.0.1:60287 - R:localhost/127.0.0.1:55206]
11:05:44.031 [Forwarding clickElement on session 2b9e507b78d085088a59258df354ba4c to remote] DEBUG org.asynchttpclient.netty.request.NettyRequestSender - Using pooled Channel '[id: 0xd879c695, L:/127.0.0.1:60287 - R:localhost/127.0.0.1:55206]' for 'POST' to 'http://localhost:55206/session/2b9e507b78d085088a59258df354ba4c/element/0ffec69d-4b17-49b3-94e0-66666262f986/click'
11:05:44.032 [Forwarding clickElement on session 2b9e507b78d085088a59258df354ba4c to remote] DEBUG org.asynchttpclient.netty.request.NettyRequestSender - Using open Channel [id: 0xd879c695, L:/127.0.0.1:60287 - R:localhost/127.0.0.1:55206] for POST '/session/2b9e507b78d085088a59258df354ba4c/element/0ffec69d-4b17-49b3-94e0-66666262f986/click'
11:05:44.349 [AsyncHttpClient-1-2] DEBUG org.asynchttpclient.netty.handler.HttpHandler - 

Request DefaultHttpRequest(decodeResult: success, version: HTTP/1.1)
POST /session/2b9e507b78d085088a59258df354ba4c/element/0ffec69d-4b17-49b3-94e0-66666262f986/click HTTP/1.1
User-Agent: selenium/4.1.2 (java windows)
Content-Length: 50
Content-Type: application/json; charset=utf-8
host: localhost:55206
accept: */*

Response DefaultHttpResponse(decodeResult: success, version: HTTP/1.1)
HTTP/1.1 200 OK
Content-Type: application/json; charset=utf-8
cache-control: no-cache
content-length: 14

11:05:44.350 [AsyncHttpClient-1-2] DEBUG org.asynchttpclient.netty.channel.ChannelManager - Adding key: http://localhost:55206 for channel [id: 0xd879c695, L:/127.0.0.1:60287 - R:localhost/127.0.0.1:55206]
11:05:44.377 [Forwarding screenshot on session 2b9e507b78d085088a59258df354ba4c to remote] DEBUG org.asynchttpclient.netty.request.NettyRequestSender - Using pooled Channel '[id: 0xd879c695, L:/127.0.0.1:60287 - R:localhost/127.0.0.1:55206]' for 'GET' to 'http://localhost:55206/session/2b9e507b78d085088a59258df354ba4c/screenshot'
11:05:44.377 [Forwarding screenshot on session 2b9e507b78d085088a59258df354ba4c to remote] DEBUG org.asynchttpclient.netty.request.NettyRequestSender - Using open Channel [id: 0xd879c695, L:/127.0.0.1:60287 - R:localhost/127.0.0.1:55206] for GET '/session/2b9e507b78d085088a59258df354ba4c/screenshot'
11:05:44.623 [AsyncHttpClient-1-1] DEBUG org.asynchttpclient.netty.channel.DefaultChannelPool - Entry count for : http://localhost:60290 : 1
11:05:45.193 [AsyncHttpClient-1-2] DEBUG org.asynchttpclient.netty.handler.HttpHandler - 

Request DefaultFullHttpRequest(decodeResult: success, version: HTTP/1.1, content: EmptyByteBufBE)
GET /session/2b9e507b78d085088a59258df354ba4c/screenshot HTTP/1.1
User-Agent: selenium/4.1.2 (java windows)
Cache-Control: no-cache
Content-Type: application/json; charset=utf-8
host: localhost:55206
accept: */*

Response DefaultHttpResponse(decodeResult: success, version: HTTP/1.1)
HTTP/1.1 200 OK
Content-Type: application/json; charset=utf-8
cache-control: no-cache
content-length: 78544

11:05:45.197 [AsyncHttpClient-1-2] DEBUG org.asynchttpclient.netty.channel.ChannelManager - Adding key: http://localhost:55206 for channel [id: 0xd879c695, L:/127.0.0.1:60287 - R:localhost/127.0.0.1:55206]
11:05:45.208 [main] DEBUG net.serenitybdd.core.photography.Darkroom - Send negative for processing for target\site\serenity\304c094f37c402594353338eed0d8f5106aa226c206424533156832ade8cf1ef.png
11:05:45.209 [main] DEBUG net.thucydides.core.steps.StepInterceptor - STEP DONE: clickButtonDataDokter
  &amp#27;[32mWhen &amp#27;[0m&amp#27;[32mClick button data dokter&amp#27;[0m                 &amp#27;[90m# starter.stepdefinitios.DokterDataSteps.clickButtonDataDokter()&amp#27;[0m
11:05:45.209 [Darkroom Processing Line] DEBUG net.serenitybdd.core.photography.DarkroomProcessingLine - Processing screenshot image in /var/screenshots/screenshot-12468521473578297031
11:05:45.210 [Darkroom Processing Line] DEBUG net.serenitybdd.core.photography.DarkroomProcessingLine - Saving screenshot to target\site\serenity\304c094f37c402594353338eed0d8f5106aa226c206424533156832ade8cf1ef.png
11:05:45.713 [AsyncHttpClient-1-1] DEBUG org.asynchttpclient.netty.channel.DefaultChannelPool - Entry count for : http://localhost:60290 : 1
11:05:45.713 [AsyncHttpClient-1-1] DEBUG org.asynchttpclient.netty.channel.DefaultChannelPool - Entry count for : http://localhost:55206 : 1
11:05:45.782 [Forwarding screenshot on session 2b9e507b78d085088a59258df354ba4c to remote] DEBUG org.asynchttpclient.netty.request.NettyRequestSender - Using pooled Channel '[id: 0xd879c695, L:/127.0.0.1:60287 - R:localhost/127.0.0.1:55206]' for 'GET' to 'http://localhost:55206/session/2b9e507b78d085088a59258df354ba4c/screenshot'
11:05:45.782 [Forwarding screenshot on session 2b9e507b78d085088a59258df354ba4c to remote] DEBUG org.asynchttpclient.netty.request.NettyRequestSender - Using open Channel [id: 0xd879c695, L:/127.0.0.1:60287 - R:localhost/127.0.0.1:55206] for GET '/session/2b9e507b78d085088a59258df354ba4c/screenshot'
11:05:45.955 [AsyncHttpClient-1-2] DEBUG org.asynchttpclient.netty.handler.HttpHandler - 

Request DefaultFullHttpRequest(decodeResult: success, version: HTTP/1.1, content: EmptyByteBufBE)
GET /session/2b9e507b78d085088a59258df354ba4c/screenshot HTTP/1.1
User-Agent: selenium/4.1.2 (java windows)
Cache-Control: no-cache
Content-Type: application/json; charset=utf-8
host: localhost:55206
accept: */*

Response DefaultHttpResponse(decodeResult: success, version: HTTP/1.1)
HTTP/1.1 200 OK
Content-Type: application/json; charset=utf-8
cache-control: no-cache
content-length: 78544

11:05:45.957 [AsyncHttpClient-1-2] DEBUG org.asynchttpclient.netty.channel.ChannelManager - Adding key: http://localhost:55206 for channel [id: 0xd879c695, L:/127.0.0.1:60287 - R:localhost/127.0.0.1:55206]
11:05:45.973 [main] DEBUG net.serenitybdd.core.photography.Darkroom - Send negative for processing for target\site\serenity\304c094f37c402594353338eed0d8f5106aa226c206424533156832ade8cf1ef.png
11:05:45.974 [main] DEBUG net.thucydides.core.steps.StepInterceptor - STARTING STEP: DokterDataSteps.viewDokterData - validPagePasien
11:05:45.984 [Forwarding findElement on session 2b9e507b78d085088a59258df354ba4c to remote] DEBUG org.asynchttpclient.netty.request.NettyRequestSender - Using pooled Channel '[id: 0xd879c695, L:/127.0.0.1:60287 - R:localhost/127.0.0.1:55206]' for 'POST' to 'http://localhost:55206/session/2b9e507b78d085088a59258df354ba4c/element'
11:05:45.985 [Forwarding findElement on session 2b9e507b78d085088a59258df354ba4c to remote] DEBUG org.asynchttpclient.netty.request.NettyRequestSender - Using open Channel [id: 0xd879c695, L:/127.0.0.1:60287 - R:localhost/127.0.0.1:55206] for POST '/session/2b9e507b78d085088a59258df354ba4c/element'
11:05:46.014 [AsyncHttpClient-1-2] DEBUG org.asynchttpclient.netty.handler.HttpHandler - 

Request DefaultHttpRequest(decodeResult: success, version: HTTP/1.1)
POST /session/2b9e507b78d085088a59258df354ba4c/element HTTP/1.1
User-Agent: selenium/4.1.2 (java windows)
Content-Length: 138
Content-Type: application/json; charset=utf-8
host: localhost:55206
accept: */*

Response DefaultHttpResponse(decodeResult: success, version: HTTP/1.1)
HTTP/1.1 200 OK
Content-Type: application/json; charset=utf-8
cache-control: no-cache
content-length: 88

11:05:46.015 [AsyncHttpClient-1-2] DEBUG org.asynchttpclient.netty.channel.ChannelManager - Adding key: http://localhost:55206 for channel [id: 0xd879c695, L:/127.0.0.1:60287 - R:localhost/127.0.0.1:55206]
11:05:46.018 [Forwarding isElementEnabled on session 2b9e507b78d085088a59258df354ba4c to remote] DEBUG org.asynchttpclient.netty.request.NettyRequestSender - Using pooled Channel '[id: 0xd879c695, L:/127.0.0.1:60287 - R:localhost/127.0.0.1:55206]' for 'GET' to 'http://localhost:55206/session/2b9e507b78d085088a59258df354ba4c/element/086fd417-f83f-43bd-8a72-ad0911573a5c/enabled'
11:05:46.018 [Forwarding isElementEnabled on session 2b9e507b78d085088a59258df354ba4c to remote] DEBUG org.asynchttpclient.netty.request.NettyRequestSender - Using open Channel [id: 0xd879c695, L:/127.0.0.1:60287 - R:localhost/127.0.0.1:55206] for GET '/session/2b9e507b78d085088a59258df354ba4c/element/086fd417-f83f-43bd-8a72-ad0911573a5c/enabled'
11:05:46.041 [AsyncHttpClient-1-2] DEBUG org.asynchttpclient.netty.handler.HttpHandler - 

Request DefaultFullHttpRequest(decodeResult: success, version: HTTP/1.1, content: EmptyByteBufBE)
GET /session/2b9e507b78d085088a59258df354ba4c/element/086fd417-f83f-43bd-8a72-ad0911573a5c/enabled HTTP/1.1
User-Agent: selenium/4.1.2 (java windows)
Cache-Control: no-cache
Content-Type: application/json; charset=utf-8
host: localhost:55206
accept: */*

Response DefaultHttpResponse(decodeResult: success, version: HTTP/1.1)
HTTP/1.1 200 OK
Content-Type: application/json; charset=utf-8
cache-control: no-cache
content-length: 14

11:05:46.042 [AsyncHttpClient-1-2] DEBUG org.asynchttpclient.netty.channel.ChannelManager - Adding key: http://localhost:55206 for channel [id: 0xd879c695, L:/127.0.0.1:60287 - R:localhost/127.0.0.1:55206]
11:05:46.060 [Forwarding screenshot on session 2b9e507b78d085088a59258df354ba4c to remote] DEBUG org.asynchttpclient.netty.request.NettyRequestSender - Using pooled Channel '[id: 0xd879c695, L:/127.0.0.1:60287 - R:localhost/127.0.0.1:55206]' for 'GET' to 'http://localhost:55206/session/2b9e507b78d085088a59258df354ba4c/screenshot'
11:05:46.060 [Forwarding screenshot on session 2b9e507b78d085088a59258df354ba4c to remote] DEBUG org.asynchttpclient.netty.request.NettyRequestSender - Using open Channel [id: 0xd879c695, L:/127.0.0.1:60287 - R:localhost/127.0.0.1:55206] for GET '/session/2b9e507b78d085088a59258df354ba4c/screenshot'
11:05:46.217 [AsyncHttpClient-1-2] DEBUG org.asynchttpclient.netty.handler.HttpHandler - 

Request DefaultFullHttpRequest(decodeResult: success, version: HTTP/1.1, content: EmptyByteBufBE)
GET /session/2b9e507b78d085088a59258df354ba4c/screenshot HTTP/1.1
User-Agent: selenium/4.1.2 (java windows)
Cache-Control: no-cache
Content-Type: application/json; charset=utf-8
host: localhost:55206
accept: */*

Response DefaultHttpResponse(decodeResult: success, version: HTTP/1.1)
HTTP/1.1 200 OK
Content-Type: application/json; charset=utf-8
cache-control: no-cache
content-length: 78544

11:05:46.219 [AsyncHttpClient-1-2] DEBUG org.asynchttpclient.netty.channel.ChannelManager - Adding key: http://localhost:55206 for channel [id: 0xd879c695, L:/127.0.0.1:60287 - R:localhost/127.0.0.1:55206]
11:05:46.227 [main] DEBUG net.serenitybdd.core.photography.Darkroom - Send negative for processing for target\site\serenity\304c094f37c402594353338eed0d8f5106aa226c206424533156832ade8cf1ef.png
11:05:46.228 [main] DEBUG net.thucydides.core.steps.StepInterceptor - STEP DONE: validPagePasien
  &amp#27;[32mThen &amp#27;[0m&amp#27;[32mView Dokter data&amp#27;[0m                         &amp#27;[90m# starter.stepdefinitios.DokterDataSteps.viewDokterData()&amp#27;[0m
11:05:46.254 [main] INFO  - 
  _____   ___   ___   _____     ___     _     ___   ___   ___   ___  
 |_   _| | __| / __| |_   _|   | _ \   /_\   / __| / __| | __| |   \ 
   | |   | _|  \__ \   | |     |  _/  / _ \  \__ \ \__ \ | _|  | |) |
   |_|   |___| |___/   |_|     |_|   /_/ \_\ |___/ |___/ |___| |___/ 

As a admin i want to view data dokter
----------------------------------------------------------------------
11:05:46.504 [Driver Command Executor] DEBUG org.asynchttpclient.netty.request.NettyRequestSender - Using pooled Channel '[id: 0xd879c695, L:/127.0.0.1:60287 - R:localhost/127.0.0.1:55206]' for 'DELETE' to 'http://localhost:55206/session/2b9e507b78d085088a59258df354ba4c'
11:05:46.505 [Driver Command Executor] DEBUG org.asynchttpclient.netty.request.NettyRequestSender - Using open Channel [id: 0xd879c695, L:/127.0.0.1:60287 - R:localhost/127.0.0.1:55206] for DELETE '/session/2b9e507b78d085088a59258df354ba4c'
11:05:46.505 [AsyncHttpClient-1-4] DEBUG org.asynchttpclient.netty.handler.WebSocketHandler - Channel Closed: [id: 0xf75839c9, L:/127.0.0.1:60301 ! R:localhost/127.0.0.1:60290] with attribute NettyResponseFuture{currentRetry=5,
	isDone=1,
	isCancelled=0,
	asyncHandler=org.asynchttpclient.ws.WebSocketUpgradeHandler@52ed0df1,
	nettyRequest=org.asynchttpclient.netty.request.NettyRequest@6e33bd6d,
	future=java.util.concurrent.CompletableFuture@1b4098eb[Completed normally],
	uri=ws://localhost:60290/devtools/browser/f7aa3da7-a391-4b91-a3db-0e7513069d1f,
	keepAlive=true,
	redirectCount=0,
	timeoutsHolder=null,
	inAuth=0,
	touch=1655525136758}
11:05:46.508 [AsyncHttpClient-1-4] DEBUG org.asynchttpclient.netty.channel.ChannelManager - Closing Channel [id: 0xf75839c9, L:/127.0.0.1:60301 ! R:localhost/127.0.0.1:60290] 
11:05:46.820 [AsyncHttpClient-1-1] DEBUG org.asynchttpclient.netty.channel.DefaultChannelPool - Entry count for : http://localhost:60290 : 1
11:05:46.822 [AsyncHttpClient-1-3] DEBUG org.asynchttpclient.netty.handler.HttpHandler - Unexpected I/O exception on channel [id: 0x3f142ddf, L:/127.0.0.1:60300 - R:localhost/127.0.0.1:60290]
java.io.IOException: An existing connection was forcibly closed by the remote host
	at java.base/sun.nio.ch.SocketDispatcher.read0(Native Method)
	at java.base/sun.nio.ch.SocketDispatcher.read(SocketDispatcher.java:43)
	at java.base/sun.nio.ch.IOUtil.readIntoNativeBuffer(IOUtil.java:276)
	at java.base/sun.nio.ch.IOUtil.read(IOUtil.java:233)
	at java.base/sun.nio.ch.IOUtil.read(IOUtil.java:223)
	at java.base/sun.nio.ch.SocketChannelImpl.read(SocketChannelImpl.java:358)
	at io.netty.buffer.PooledByteBuf.setBytes(PooledByteBuf.java:258)
	at io.netty.buffer.AbstractByteBuf.writeBytes(AbstractByteBuf.java:1132)
	at io.netty.channel.socket.nio.NioSocketChannel.doReadBytes(NioSocketChannel.java:350)
	at io.netty.channel.nio.AbstractNioByteChannel$NioByteUnsafe.read(AbstractNioByteChannel.java:151)
	at io.netty.channel.nio.NioEventLoop.processSelectedKey(NioEventLoop.java:722)
	at io.netty.channel.nio.NioEventLoop.processSelectedKeysOptimized(NioEventLoop.java:658)
	at io.netty.channel.nio.NioEventLoop.processSelectedKeys(NioEventLoop.java:584)
	at io.netty.channel.nio.NioEventLoop.run(NioEventLoop.java:496)
	at io.netty.util.concurrent.SingleThreadEventExecutor$4.run(SingleThreadEventExecutor.java:986)
	at io.netty.util.internal.ThreadExecutorMap$2.run(ThreadExecutorMap.java:74)
	at io.netty.util.concurrent.FastThreadLocalRunnable.run(FastThreadLocalRunnable.java:30)
	at java.base/java.lang.Thread.run(Thread.java:834)
11:05:46.823 [AsyncHttpClient-1-3] DEBUG org.asynchttpclient.netty.channel.ChannelManager - Closing Channel [id: 0x3f142ddf, L:/127.0.0.1:60300 - R:localhost/127.0.0.1:60290] 
11:05:46.827 [AsyncHttpClient-1-3] DEBUG org.asynchttpclient.netty.handler.HttpHandler - Channel Closed: [id: 0x3f142ddf, L:/127.0.0.1:60300 ! R:localhost/127.0.0.1:60290] with attribute DISCARD
11:05:46.890 [AsyncHttpClient-1-2] DEBUG org.asynchttpclient.netty.handler.HttpHandler - 

Request DefaultFullHttpRequest(decodeResult: success, version: HTTP/1.1, content: EmptyByteBufBE)
DELETE /session/2b9e507b78d085088a59258df354ba4c HTTP/1.1
User-Agent: selenium/4.1.2 (java windows)
Content-Type: application/json; charset=utf-8
host: localhost:55206
accept: */*

Response DefaultHttpResponse(decodeResult: success, version: HTTP/1.1)
HTTP/1.1 200 OK
Content-Type: application/json; charset=utf-8
cache-control: no-cache
content-length: 14

11:05:46.891 [AsyncHttpClient-1-2] DEBUG org.asynchttpclient.netty.channel.ChannelManager - Adding key: http://localhost:55206 for channel [id: 0xd879c695, L:/127.0.0.1:60287 - R:localhost/127.0.0.1:55206]
11:05:47.307 [AsyncHttpClient-1-2] DEBUG org.asynchttpclient.netty.handler.HttpHandler - Channel Closed: [id: 0xd879c695, L:/127.0.0.1:60287 ! R:localhost/127.0.0.1:55206] with attribute DISCARD
]]></system-out>
    <system-err><![CDATA[Starting ChromeDriver 102.0.5005.61 (0e59bcc00cc4985ce39ad31c150065f159d95ad3-refs/branch-heads/5005@{#819}) on port 55206
Only local connections are allowed.
Please see https://chromedriver.chromium.org/security-considerations for suggestions on keeping ChromeDriver safe.
ChromeDriver was started successfully.
Jun 18, 2022 11:05:36 AM org.openqa.selenium.remote.ProtocolHandshake createSession
INFO: Detected dialect: W3C
Jun 18, 2022 11:05:36 AM org.openqa.selenium.devtools.CdpVersionFinder findNearestMatch
WARNING: Unable to find an exact match for CDP version 102, so returning the closest version found: a no-op implementation
Jun 18, 2022 11:05:36 AM org.openqa.selenium.devtools.CdpVersionFinder findNearestMatch
INFO: Unable to find CDP implementation matching 102.
Jun 18, 2022 11:05:36 AM org.openqa.selenium.chromium.ChromiumDriver lambda$new$3
WARNING: Unable to find version of CDP to use for . You may need to include a dependency on a specific version of the CDP using something similar to `org.seleniumhq.selenium:selenium-devtools-v86:4.1.2` where the version ("v86") matches the version of the chromium-based browser you're using and the version number of the artifact is the same as Selenium's.
]]></system-err>
  </testcase>
  <testcase name="As a admin i want to detail data dokter" classname="Data Dokter Admin" time="10.938">
    <system-out><![CDATA[
@DataDokter @DetailDokterData
Scenario: As a admin i want to detail data dokter &amp#27;[90m# src/test/resources/features/2DataDokter.feature:11&amp#27;[0m
11:05:47.899 [main] INFO io.cucumber.core.plugin.SerenityReporter - Running feature from file:///D:/New%20folder%20(2)/Capstone/Testing/src/test/resources/features/2DataDokter.feature
11:05:47.908 [main] INFO  - 
  _____   ___   ___   _____     ___   _____     _     ___   _____   ___   ___  
 |_   _| | __| / __| |_   _|   / __| |_   _|   /_\   | _ \ |_   _| | __| |   \ 
   | |   | _|  \__ \   | |     \__ \   | |    / _ \  |   /   | |   | _|  | |) |
   |_|   |___| |___/   |_|     |___/   |_|   /_/ \_\ |_|_\   |_|   |___| |___/ 

As a admin i want to detail data dokter(data-dokter-admin;as-a-admin-i-want-to-detail-data-dokter)
--------------------------------------------------------------------------------
11:05:47.912 [AsyncHttpClient-1-1] DEBUG org.asynchttpclient.netty.channel.DefaultChannelPool - Entry count for : http://localhost:60290 : 1
11:05:47.913 [AsyncHttpClient-1-1] DEBUG org.asynchttpclient.netty.channel.DefaultChannelPool - Entry count for : http://localhost:55206 : 1
11:05:47.913 [AsyncHttpClient-1-1] DEBUG org.asynchttpclient.netty.channel.DefaultChannelPool - Adding Candidate expired Channel [id: 0x3f142ddf, L:/127.0.0.1:60300 ! R:localhost/127.0.0.1:60290] isIdleTimeoutExpired=false isRemotelyClosed=true isTtlExpired=false
11:05:47.919 [AsyncHttpClient-1-1] DEBUG org.asynchttpclient.netty.channel.DefaultChannelPool - Closing Idle Channel [id: 0x3f142ddf, L:/127.0.0.1:60300 ! R:localhost/127.0.0.1:60290]
11:05:47.923 [AsyncHttpClient-1-1] DEBUG org.asynchttpclient.netty.channel.DefaultChannelPool - Adding Candidate expired Channel [id: 0xd879c695, L:/127.0.0.1:60287 ! R:localhost/127.0.0.1:55206] isIdleTimeoutExpired=false isRemotelyClosed=true isTtlExpired=false
11:05:47.923 [AsyncHttpClient-1-1] DEBUG org.asynchttpclient.netty.channel.DefaultChannelPool - Closing Idle Channel [id: 0xd879c695, L:/127.0.0.1:60287 ! R:localhost/127.0.0.1:55206]
11:05:47.923 [AsyncHttpClient-1-1] DEBUG org.asynchttpclient.netty.channel.DefaultChannelPool - Closed 2 connections out of 2 in 10 ms
11:05:48.070 [main] DEBUG net.thucydides.core.steps.StepInterceptor - STARTING STEP: DokterDataSteps.openPageDataDokter - openDataDokter
11:05:48.075 [main] INFO net.serenitybdd.core.webdriver.driverproviders.ChromeDriverProvider - Using automatically driver download
11:05:48.473 [main] DEBUG io.github.bonigarcia.wdm.cache.ResolutionCache - Resolution chrome=102 in cache (valid until 11:10:23 18/06/2022 ICT)
11:05:48.588 [main] DEBUG io.github.bonigarcia.wdm.cache.ResolutionCache - Resolution chrome102=102.0.5005.61 in cache (valid until 19:49:35 18/06/2022 ICT)
11:05:48.607 [main] INFO io.github.bonigarcia.wdm.WebDriverManager - Using chromedriver 102.0.5005.61 (resolved driver for Chrome 102)
11:05:48.722 [main] DEBUG io.github.bonigarcia.wdm.WebDriverManager - Driver chromedriver 102.0.5005.61 found in cache
11:05:48.726 [main] INFO io.github.bonigarcia.wdm.WebDriverManager - Exporting webdriver.chrome.driver as C:\Users\ASUS\.cache\selenium\chromedriver\win32\102.0.5005.61\chromedriver.exe
11:05:49.071 [main] DEBUG net.serenitybdd.core.webdriver.driverproviders.ProvideNewDriver - Instantiating driver
11:05:49.071 [main] DEBUG net.serenitybdd.core.webdriver.driverproviders.ProvideNewDriver - Driver capabilities: Capabilities {acceptInsecureCerts: false, base.url: https://fanciful-trifle-360..., browserName: chrome, chore.driver: src/test/resources/webdrive..., driver: chrome, goog:chromeOptions: {args: [], extensions: []}}
11:05:49.664 [AsyncHttpClient-1-5] DEBUG org.asynchttpclient.netty.channel.NettyConnectListener - Using new Channel '[id: 0xfa32c034, L:/127.0.0.1:60327 - R:localhost/127.0.0.1:50251]' for 'POST' to '/session'
11:05:51.593 [AsyncHttpClient-1-5] DEBUG org.asynchttpclient.netty.handler.HttpHandler - 

Request DefaultHttpRequest(decodeResult: success, version: HTTP/1.1)
POST /session HTTP/1.1
User-Agent: selenium/4.1.2 (java windows)
Content-Length: 628
Content-Type: application/json; charset=utf-8
host: localhost:50251
accept: */*

Response DefaultHttpResponse(decodeResult: success, version: HTTP/1.1)
HTTP/1.1 200 OK
Content-Type: application/json; charset=utf-8
cache-control: no-cache
content-length: 789

11:05:51.594 [AsyncHttpClient-1-5] DEBUG org.asynchttpclient.netty.channel.ChannelManager - Adding key: http://localhost:50251 for channel [id: 0xfa32c034, L:/127.0.0.1:60327 - R:localhost/127.0.0.1:50251]
11:05:51.658 [AsyncHttpClient-1-6] DEBUG org.asynchttpclient.netty.channel.NettyConnectListener - Using new Channel '[id: 0x7417ce53, L:/127.0.0.1:60337 - R:localhost/127.0.0.1:60330]' for 'GET' to '/json/version'
11:05:51.677 [AsyncHttpClient-1-6] DEBUG org.asynchttpclient.netty.handler.HttpHandler - 

Request DefaultFullHttpRequest(decodeResult: success, version: HTTP/1.1, content: EmptyByteBufBE)
GET /json/version HTTP/1.1
User-Agent: selenium/4.1.2 (java windows)
host: localhost:60330
accept: */*

Response DefaultHttpResponse(decodeResult: success, version: HTTP/1.1)
HTTP/1.1 200 OK
Content-Type: application/json; charset=UTF-8
content-length: 428

11:05:51.678 [AsyncHttpClient-1-6] DEBUG org.asynchttpclient.netty.channel.ChannelManager - Adding key: http://localhost:60330 for channel [id: 0x7417ce53, L:/127.0.0.1:60337 - R:localhost/127.0.0.1:60330]
11:05:51.709 [AsyncHttpClient-1-7] DEBUG org.asynchttpclient.netty.channel.NettyConnectListener - Using new Channel '[id: 0xd0626480, L:/127.0.0.1:60341 - R:localhost/127.0.0.1:60330]' for 'GET' to '/devtools/browser/4630f6c2-0a20-4010-8807-e4fd486887da'
11:05:51.730 [AsyncHttpClient-1-7] DEBUG org.asynchttpclient.netty.handler.WebSocketHandler - 

Request DefaultFullHttpRequest(decodeResult: success, version: HTTP/1.1, content: EmptyByteBufBE)
GET /devtools/browser/4630f6c2-0a20-4010-8807-e4fd486887da HTTP/1.1
upgrade: websocket
connection: upgrade
sec-websocket-key: C5FV1CzPXb5U0GFZywpDqg==
sec-websocket-version: 13
origin: http://localhost:60330
host: localhost:60330
accept: */*
user-agent: AHC/2.1

Response DefaultHttpResponse(decodeResult: success, version: HTTP/1.1)
HTTP/1.1 101 WebSocket Protocol Handshake
Upgrade: WebSocket
Connection: Upgrade
Sec-WebSocket-Accept: Dv44lT/oAyN+94l0ZofPUOt9ph8=

11:05:51.791 [Forwarding get on session a291193a2a5af9b9dc9f40fd0bd9fb6b to remote] DEBUG org.asynchttpclient.netty.request.NettyRequestSender - Using pooled Channel '[id: 0xfa32c034, L:/127.0.0.1:60327 - R:localhost/127.0.0.1:50251]' for 'POST' to 'http://localhost:50251/session/a291193a2a5af9b9dc9f40fd0bd9fb6b/url'
11:05:51.792 [Forwarding get on session a291193a2a5af9b9dc9f40fd0bd9fb6b to remote] DEBUG org.asynchttpclient.netty.request.NettyRequestSender - Using open Channel [id: 0xfa32c034, L:/127.0.0.1:60327 - R:localhost/127.0.0.1:50251] for POST '/session/a291193a2a5af9b9dc9f40fd0bd9fb6b/url'
11:05:52.320 [AsyncHttpClient-1-1] DEBUG org.asynchttpclient.netty.channel.DefaultChannelPool - Entry count for : http://localhost:60330 : 1
11:05:53.215 [AsyncHttpClient-1-5] DEBUG org.asynchttpclient.netty.handler.HttpHandler - 

Request DefaultHttpRequest(decodeResult: success, version: HTTP/1.1)
POST /session/a291193a2a5af9b9dc9f40fd0bd9fb6b/url HTTP/1.1
User-Agent: selenium/4.1.2 (java windows)
Content-Length: 84
Content-Type: application/json; charset=utf-8
host: localhost:50251
accept: */*

Response DefaultHttpResponse(decodeResult: success, version: HTTP/1.1)
HTTP/1.1 200 OK
Content-Type: application/json; charset=utf-8
cache-control: no-cache
content-length: 14

11:05:53.216 [AsyncHttpClient-1-5] DEBUG org.asynchttpclient.netty.channel.ChannelManager - Adding key: http://localhost:50251 for channel [id: 0xfa32c034, L:/127.0.0.1:60327 - R:localhost/127.0.0.1:50251]
11:05:53.223 [Forwarding setTimeout on session a291193a2a5af9b9dc9f40fd0bd9fb6b to remote] DEBUG org.asynchttpclient.netty.request.NettyRequestSender - Using pooled Channel '[id: 0xfa32c034, L:/127.0.0.1:60327 - R:localhost/127.0.0.1:50251]' for 'POST' to 'http://localhost:50251/session/a291193a2a5af9b9dc9f40fd0bd9fb6b/timeouts'
11:05:53.223 [Forwarding setTimeout on session a291193a2a5af9b9dc9f40fd0bd9fb6b to remote] DEBUG org.asynchttpclient.netty.request.NettyRequestSender - Using open Channel [id: 0xfa32c034, L:/127.0.0.1:60327 - R:localhost/127.0.0.1:50251] for POST '/session/a291193a2a5af9b9dc9f40fd0bd9fb6b/timeouts'
11:05:53.230 [AsyncHttpClient-1-5] DEBUG org.asynchttpclient.netty.handler.HttpHandler - 

Request DefaultHttpRequest(decodeResult: success, version: HTTP/1.1)
POST /session/a291193a2a5af9b9dc9f40fd0bd9fb6b/timeouts HTTP/1.1
User-Agent: selenium/4.1.2 (java windows)
Content-Length: 22
Content-Type: application/json; charset=utf-8
host: localhost:50251
accept: */*

Response DefaultHttpResponse(decodeResult: success, version: HTTP/1.1)
HTTP/1.1 200 OK
Content-Type: application/json; charset=utf-8
cache-control: no-cache
content-length: 14

11:05:53.232 [AsyncHttpClient-1-5] DEBUG org.asynchttpclient.netty.channel.ChannelManager - Adding key: http://localhost:50251 for channel [id: 0xfa32c034, L:/127.0.0.1:60327 - R:localhost/127.0.0.1:50251]
11:05:53.247 [Forwarding getCurrentUrl on session a291193a2a5af9b9dc9f40fd0bd9fb6b to remote] DEBUG org.asynchttpclient.netty.request.NettyRequestSender - Using pooled Channel '[id: 0xfa32c034, L:/127.0.0.1:60327 - R:localhost/127.0.0.1:50251]' for 'GET' to 'http://localhost:50251/session/a291193a2a5af9b9dc9f40fd0bd9fb6b/url'
11:05:53.247 [Forwarding getCurrentUrl on session a291193a2a5af9b9dc9f40fd0bd9fb6b to remote] DEBUG org.asynchttpclient.netty.request.NettyRequestSender - Using open Channel [id: 0xfa32c034, L:/127.0.0.1:60327 - R:localhost/127.0.0.1:50251] for GET '/session/a291193a2a5af9b9dc9f40fd0bd9fb6b/url'
11:05:53.264 [AsyncHttpClient-1-5] DEBUG org.asynchttpclient.netty.handler.HttpHandler - 

Request DefaultFullHttpRequest(decodeResult: success, version: HTTP/1.1, content: EmptyByteBufBE)
GET /session/a291193a2a5af9b9dc9f40fd0bd9fb6b/url HTTP/1.1
User-Agent: selenium/4.1.2 (java windows)
Cache-Control: no-cache
Content-Type: application/json; charset=utf-8
host: localhost:50251
accept: */*

Response DefaultHttpResponse(decodeResult: success, version: HTTP/1.1)
HTTP/1.1 200 OK
Content-Type: application/json; charset=utf-8
cache-control: no-cache
content-length: 66

11:05:53.265 [AsyncHttpClient-1-5] DEBUG org.asynchttpclient.netty.channel.ChannelManager - Adding key: http://localhost:50251 for channel [id: 0xfa32c034, L:/127.0.0.1:60327 - R:localhost/127.0.0.1:50251]
11:05:53.314 [Forwarding screenshot on session a291193a2a5af9b9dc9f40fd0bd9fb6b to remote] DEBUG org.asynchttpclient.netty.request.NettyRequestSender - Using pooled Channel '[id: 0xfa32c034, L:/127.0.0.1:60327 - R:localhost/127.0.0.1:50251]' for 'GET' to 'http://localhost:50251/session/a291193a2a5af9b9dc9f40fd0bd9fb6b/screenshot'
11:05:53.314 [Forwarding screenshot on session a291193a2a5af9b9dc9f40fd0bd9fb6b to remote] DEBUG org.asynchttpclient.netty.request.NettyRequestSender - Using open Channel [id: 0xfa32c034, L:/127.0.0.1:60327 - R:localhost/127.0.0.1:50251] for GET '/session/a291193a2a5af9b9dc9f40fd0bd9fb6b/screenshot'
11:05:53.415 [AsyncHttpClient-1-1] DEBUG org.asynchttpclient.netty.channel.DefaultChannelPool - Entry count for : http://localhost:60330 : 1
11:05:54.447 [AsyncHttpClient-1-5] DEBUG org.asynchttpclient.netty.handler.HttpHandler - 

Request DefaultFullHttpRequest(decodeResult: success, version: HTTP/1.1, content: EmptyByteBufBE)
GET /session/a291193a2a5af9b9dc9f40fd0bd9fb6b/screenshot HTTP/1.1
User-Agent: selenium/4.1.2 (java windows)
Cache-Control: no-cache
Content-Type: application/json; charset=utf-8
host: localhost:50251
accept: */*

Response DefaultHttpResponse(decodeResult: success, version: HTTP/1.1)
HTTP/1.1 200 OK
Content-Type: application/json; charset=utf-8
cache-control: no-cache
content-length: 71412

11:05:54.455 [AsyncHttpClient-1-5] DEBUG org.asynchttpclient.netty.channel.ChannelManager - Adding key: http://localhost:50251 for channel [id: 0xfa32c034, L:/127.0.0.1:60327 - R:localhost/127.0.0.1:50251]
11:05:54.477 [main] DEBUG net.serenitybdd.core.photography.Darkroom - Send negative for processing for target\site\serenity\641553ea0c7ee1350e9d99c43bd8b22ab0037bbbf11d544d65f62061eb96ca5a.png
11:05:54.477 [main] DEBUG net.thucydides.core.steps.StepInterceptor - STEP DONE: openDataDokter
  &amp#27;[32mGiven &amp#27;[0m&amp#27;[32mOpen page data dokter&amp#27;[0m                     &amp#27;[90m# starter.stepdefinitios.DokterDataSteps.openPageDataDokter()&amp#27;[0m
11:05:54.489 [Darkroom Processing Line] DEBUG net.serenitybdd.core.photography.DarkroomProcessingLine - Processing screenshot image in /var/screenshots/screenshot-1630651793882557049
11:05:54.489 [Darkroom Processing Line] DEBUG net.serenitybdd.core.photography.DarkroomProcessingLine - Saving screenshot to target\site\serenity\641553ea0c7ee1350e9d99c43bd8b22ab0037bbbf11d544d65f62061eb96ca5a.png
11:05:54.519 [AsyncHttpClient-1-1] DEBUG org.asynchttpclient.netty.channel.DefaultChannelPool - Entry count for : http://localhost:60330 : 1
11:05:54.519 [AsyncHttpClient-1-1] DEBUG org.asynchttpclient.netty.channel.DefaultChannelPool - Entry count for : http://localhost:50251 : 1
11:05:54.533 [Forwarding screenshot on session a291193a2a5af9b9dc9f40fd0bd9fb6b to remote] DEBUG org.asynchttpclient.netty.request.NettyRequestSender - Using pooled Channel '[id: 0xfa32c034, L:/127.0.0.1:60327 - R:localhost/127.0.0.1:50251]' for 'GET' to 'http://localhost:50251/session/a291193a2a5af9b9dc9f40fd0bd9fb6b/screenshot'
11:05:54.534 [Forwarding screenshot on session a291193a2a5af9b9dc9f40fd0bd9fb6b to remote] DEBUG org.asynchttpclient.netty.request.NettyRequestSender - Using open Channel [id: 0xfa32c034, L:/127.0.0.1:60327 - R:localhost/127.0.0.1:50251] for GET '/session/a291193a2a5af9b9dc9f40fd0bd9fb6b/screenshot'
11:05:54.735 [AsyncHttpClient-1-5] DEBUG org.asynchttpclient.netty.handler.HttpHandler - 

Request DefaultFullHttpRequest(decodeResult: success, version: HTTP/1.1, content: EmptyByteBufBE)
GET /session/a291193a2a5af9b9dc9f40fd0bd9fb6b/screenshot HTTP/1.1
User-Agent: selenium/4.1.2 (java windows)
Cache-Control: no-cache
Content-Type: application/json; charset=utf-8
host: localhost:50251
accept: */*

Response DefaultHttpResponse(decodeResult: success, version: HTTP/1.1)
HTTP/1.1 200 OK
Content-Type: application/json; charset=utf-8
cache-control: no-cache
content-length: 78600

11:05:54.736 [AsyncHttpClient-1-5] DEBUG org.asynchttpclient.netty.channel.ChannelManager - Adding key: http://localhost:50251 for channel [id: 0xfa32c034, L:/127.0.0.1:60327 - R:localhost/127.0.0.1:50251]
11:05:54.750 [main] DEBUG net.serenitybdd.core.photography.Darkroom - Send negative for processing for target\site\serenity\2cfbd92b8bc4c39d8f2a8b60dc5599876cb5e1b7d2cf8513f81e1226b7f74b10.png
11:05:54.759 [Darkroom Processing Line] DEBUG net.serenitybdd.core.photography.DarkroomProcessingLine - Processing screenshot image in /var/screenshots/screenshot-5738783213541325067
11:05:54.760 [Darkroom Processing Line] DEBUG net.serenitybdd.core.photography.DarkroomProcessingLine - Saving screenshot to target\site\serenity\2cfbd92b8bc4c39d8f2a8b60dc5599876cb5e1b7d2cf8513f81e1226b7f74b10.png
11:05:54.786 [main] DEBUG net.thucydides.core.steps.StepInterceptor - STARTING STEP: DokterDataSteps.clickDetailDokterData - clickButtonDetail
11:05:54.808 [Forwarding findElement on session a291193a2a5af9b9dc9f40fd0bd9fb6b to remote] DEBUG org.asynchttpclient.netty.request.NettyRequestSender - Using pooled Channel '[id: 0xfa32c034, L:/127.0.0.1:60327 - R:localhost/127.0.0.1:50251]' for 'POST' to 'http://localhost:50251/session/a291193a2a5af9b9dc9f40fd0bd9fb6b/element'
11:05:54.809 [Forwarding findElement on session a291193a2a5af9b9dc9f40fd0bd9fb6b to remote] DEBUG org.asynchttpclient.netty.request.NettyRequestSender - Using open Channel [id: 0xfa32c034, L:/127.0.0.1:60327 - R:localhost/127.0.0.1:50251] for POST '/session/a291193a2a5af9b9dc9f40fd0bd9fb6b/element'
11:05:54.846 [AsyncHttpClient-1-5] DEBUG org.asynchttpclient.netty.handler.HttpHandler - 

Request DefaultHttpRequest(decodeResult: success, version: HTTP/1.1)
POST /session/a291193a2a5af9b9dc9f40fd0bd9fb6b/element HTTP/1.1
User-Agent: selenium/4.1.2 (java windows)
Content-Length: 92
Content-Type: application/json; charset=utf-8
host: localhost:50251
accept: */*

Response DefaultHttpResponse(decodeResult: success, version: HTTP/1.1)
HTTP/1.1 200 OK
Content-Type: application/json; charset=utf-8
cache-control: no-cache
content-length: 88

11:05:54.847 [AsyncHttpClient-1-5] DEBUG org.asynchttpclient.netty.channel.ChannelManager - Adding key: http://localhost:50251 for channel [id: 0xfa32c034, L:/127.0.0.1:60327 - R:localhost/127.0.0.1:50251]
11:05:54.853 [Forwarding getElementTagName on session a291193a2a5af9b9dc9f40fd0bd9fb6b to remote] DEBUG org.asynchttpclient.netty.request.NettyRequestSender - Using pooled Channel '[id: 0xfa32c034, L:/127.0.0.1:60327 - R:localhost/127.0.0.1:50251]' for 'GET' to 'http://localhost:50251/session/a291193a2a5af9b9dc9f40fd0bd9fb6b/element/ec2b36af-3512-4fef-8df5-345c962f1f05/name'
11:05:54.853 [Forwarding getElementTagName on session a291193a2a5af9b9dc9f40fd0bd9fb6b to remote] DEBUG org.asynchttpclient.netty.request.NettyRequestSender - Using open Channel [id: 0xfa32c034, L:/127.0.0.1:60327 - R:localhost/127.0.0.1:50251] for GET '/session/a291193a2a5af9b9dc9f40fd0bd9fb6b/element/ec2b36af-3512-4fef-8df5-345c962f1f05/name'
11:05:54.876 [AsyncHttpClient-1-5] DEBUG org.asynchttpclient.netty.handler.HttpHandler - 

Request DefaultFullHttpRequest(decodeResult: success, version: HTTP/1.1, content: EmptyByteBufBE)
GET /session/a291193a2a5af9b9dc9f40fd0bd9fb6b/element/ec2b36af-3512-4fef-8df5-345c962f1f05/name HTTP/1.1
User-Agent: selenium/4.1.2 (java windows)
Cache-Control: no-cache
Content-Type: application/json; charset=utf-8
host: localhost:50251
accept: */*

Response DefaultHttpResponse(decodeResult: success, version: HTTP/1.1)
HTTP/1.1 200 OK
Content-Type: application/json; charset=utf-8
cache-control: no-cache
content-length: 15

11:05:54.877 [AsyncHttpClient-1-5] DEBUG org.asynchttpclient.netty.channel.ChannelManager - Adding key: http://localhost:50251 for channel [id: 0xfa32c034, L:/127.0.0.1:60327 - R:localhost/127.0.0.1:50251]
11:05:54.885 [Forwarding getElementTagName on session a291193a2a5af9b9dc9f40fd0bd9fb6b to remote] DEBUG org.asynchttpclient.netty.request.NettyRequestSender - Using pooled Channel '[id: 0xfa32c034, L:/127.0.0.1:60327 - R:localhost/127.0.0.1:50251]' for 'GET' to 'http://localhost:50251/session/a291193a2a5af9b9dc9f40fd0bd9fb6b/element/ec2b36af-3512-4fef-8df5-345c962f1f05/name'
11:05:54.885 [Forwarding getElementTagName on session a291193a2a5af9b9dc9f40fd0bd9fb6b to remote] DEBUG org.asynchttpclient.netty.request.NettyRequestSender - Using open Channel [id: 0xfa32c034, L:/127.0.0.1:60327 - R:localhost/127.0.0.1:50251] for GET '/session/a291193a2a5af9b9dc9f40fd0bd9fb6b/element/ec2b36af-3512-4fef-8df5-345c962f1f05/name'
11:05:54.897 [AsyncHttpClient-1-5] DEBUG org.asynchttpclient.netty.handler.HttpHandler - 

Request DefaultFullHttpRequest(decodeResult: success, version: HTTP/1.1, content: EmptyByteBufBE)
GET /session/a291193a2a5af9b9dc9f40fd0bd9fb6b/element/ec2b36af-3512-4fef-8df5-345c962f1f05/name HTTP/1.1
User-Agent: selenium/4.1.2 (java windows)
Cache-Control: no-cache
Content-Type: application/json; charset=utf-8
host: localhost:50251
accept: */*

Response DefaultHttpResponse(decodeResult: success, version: HTTP/1.1)
HTTP/1.1 200 OK
Content-Type: application/json; charset=utf-8
cache-control: no-cache
content-length: 15

11:05:54.897 [AsyncHttpClient-1-5] DEBUG org.asynchttpclient.netty.channel.ChannelManager - Adding key: http://localhost:50251 for channel [id: 0xfa32c034, L:/127.0.0.1:60327 - R:localhost/127.0.0.1:50251]
11:05:54.904 [Forwarding findElement on session a291193a2a5af9b9dc9f40fd0bd9fb6b to remote] DEBUG org.asynchttpclient.netty.request.NettyRequestSender - Using pooled Channel '[id: 0xfa32c034, L:/127.0.0.1:60327 - R:localhost/127.0.0.1:50251]' for 'POST' to 'http://localhost:50251/session/a291193a2a5af9b9dc9f40fd0bd9fb6b/element'
11:05:54.904 [Forwarding findElement on session a291193a2a5af9b9dc9f40fd0bd9fb6b to remote] DEBUG org.asynchttpclient.netty.request.NettyRequestSender - Using open Channel [id: 0xfa32c034, L:/127.0.0.1:60327 - R:localhost/127.0.0.1:50251] for POST '/session/a291193a2a5af9b9dc9f40fd0bd9fb6b/element'
11:05:54.924 [AsyncHttpClient-1-5] DEBUG org.asynchttpclient.netty.handler.HttpHandler - 

Request DefaultHttpRequest(decodeResult: success, version: HTTP/1.1)
POST /session/a291193a2a5af9b9dc9f40fd0bd9fb6b/element HTTP/1.1
User-Agent: selenium/4.1.2 (java windows)
Content-Length: 92
Content-Type: application/json; charset=utf-8
host: localhost:50251
accept: */*

Response DefaultHttpResponse(decodeResult: success, version: HTTP/1.1)
HTTP/1.1 200 OK
Content-Type: application/json; charset=utf-8
cache-control: no-cache
content-length: 88

11:05:54.925 [AsyncHttpClient-1-5] DEBUG org.asynchttpclient.netty.channel.ChannelManager - Adding key: http://localhost:50251 for channel [id: 0xfa32c034, L:/127.0.0.1:60327 - R:localhost/127.0.0.1:50251]
11:05:54.930 [Forwarding clickElement on session a291193a2a5af9b9dc9f40fd0bd9fb6b to remote] DEBUG org.asynchttpclient.netty.request.NettyRequestSender - Using pooled Channel '[id: 0xfa32c034, L:/127.0.0.1:60327 - R:localhost/127.0.0.1:50251]' for 'POST' to 'http://localhost:50251/session/a291193a2a5af9b9dc9f40fd0bd9fb6b/element/ec2b36af-3512-4fef-8df5-345c962f1f05/click'
11:05:54.930 [Forwarding clickElement on session a291193a2a5af9b9dc9f40fd0bd9fb6b to remote] DEBUG org.asynchttpclient.netty.request.NettyRequestSender - Using open Channel [id: 0xfa32c034, L:/127.0.0.1:60327 - R:localhost/127.0.0.1:50251] for POST '/session/a291193a2a5af9b9dc9f40fd0bd9fb6b/element/ec2b36af-3512-4fef-8df5-345c962f1f05/click'
11:05:55.308 [AsyncHttpClient-1-5] DEBUG org.asynchttpclient.netty.handler.HttpHandler - 

Request DefaultHttpRequest(decodeResult: success, version: HTTP/1.1)
POST /session/a291193a2a5af9b9dc9f40fd0bd9fb6b/element/ec2b36af-3512-4fef-8df5-345c962f1f05/click HTTP/1.1
User-Agent: selenium/4.1.2 (java windows)
Content-Length: 50
Content-Type: application/json; charset=utf-8
host: localhost:50251
accept: */*

Response DefaultHttpResponse(decodeResult: success, version: HTTP/1.1)
HTTP/1.1 200 OK
Content-Type: application/json; charset=utf-8
cache-control: no-cache
content-length: 14

11:05:55.308 [AsyncHttpClient-1-5] DEBUG org.asynchttpclient.netty.channel.ChannelManager - Adding key: http://localhost:50251 for channel [id: 0xfa32c034, L:/127.0.0.1:60327 - R:localhost/127.0.0.1:50251]
11:05:55.349 [Forwarding screenshot on session a291193a2a5af9b9dc9f40fd0bd9fb6b to remote] DEBUG org.asynchttpclient.netty.request.NettyRequestSender - Using pooled Channel '[id: 0xfa32c034, L:/127.0.0.1:60327 - R:localhost/127.0.0.1:50251]' for 'GET' to 'http://localhost:50251/session/a291193a2a5af9b9dc9f40fd0bd9fb6b/screenshot'
11:05:55.350 [Forwarding screenshot on session a291193a2a5af9b9dc9f40fd0bd9fb6b to remote] DEBUG org.asynchttpclient.netty.request.NettyRequestSender - Using open Channel [id: 0xfa32c034, L:/127.0.0.1:60327 - R:localhost/127.0.0.1:50251] for GET '/session/a291193a2a5af9b9dc9f40fd0bd9fb6b/screenshot'
11:05:55.617 [AsyncHttpClient-1-1] DEBUG org.asynchttpclient.netty.channel.DefaultChannelPool - Entry count for : http://localhost:60330 : 1
11:05:55.869 [AsyncHttpClient-1-5] DEBUG org.asynchttpclient.netty.handler.HttpHandler - 

Request DefaultFullHttpRequest(decodeResult: success, version: HTTP/1.1, content: EmptyByteBufBE)
GET /session/a291193a2a5af9b9dc9f40fd0bd9fb6b/screenshot HTTP/1.1
User-Agent: selenium/4.1.2 (java windows)
Cache-Control: no-cache
Content-Type: application/json; charset=utf-8
host: localhost:50251
accept: */*

Response DefaultHttpResponse(decodeResult: success, version: HTTP/1.1)
HTTP/1.1 200 OK
Content-Type: application/json; charset=utf-8
cache-control: no-cache
content-length: 59372

11:05:55.871 [AsyncHttpClient-1-5] DEBUG org.asynchttpclient.netty.channel.ChannelManager - Adding key: http://localhost:50251 for channel [id: 0xfa32c034, L:/127.0.0.1:60327 - R:localhost/127.0.0.1:50251]
11:05:55.879 [main] DEBUG net.serenitybdd.core.photography.Darkroom - Send negative for processing for target\site\serenity\d64b3351acff18dc3ba6fb2f908465a86ba8f1c50a17cdb374824641fe1908d4.png
11:05:55.879 [main] DEBUG net.thucydides.core.steps.StepInterceptor - STEP DONE: clickButtonDetail
  &amp#27;[32mWhen &amp#27;[0m&amp#27;[32mClick Detail dokter data&amp#27;[0m                   &amp#27;[90m# starter.stepdefinitios.DokterDataSteps.clickDetailDokterData()&amp#27;[0m
11:05:55.881 [Darkroom Processing Line] DEBUG net.serenitybdd.core.photography.DarkroomProcessingLine - Processing screenshot image in /var/screenshots/screenshot-9967852961873542152
11:05:55.881 [Darkroom Processing Line] DEBUG net.serenitybdd.core.photography.DarkroomProcessingLine - Saving screenshot to target\site\serenity\d64b3351acff18dc3ba6fb2f908465a86ba8f1c50a17cdb374824641fe1908d4.png
11:05:56.429 [Forwarding screenshot on session a291193a2a5af9b9dc9f40fd0bd9fb6b to remote] DEBUG org.asynchttpclient.netty.request.NettyRequestSender - Using pooled Channel '[id: 0xfa32c034, L:/127.0.0.1:60327 - R:localhost/127.0.0.1:50251]' for 'GET' to 'http://localhost:50251/session/a291193a2a5af9b9dc9f40fd0bd9fb6b/screenshot'
11:05:56.429 [Forwarding screenshot on session a291193a2a5af9b9dc9f40fd0bd9fb6b to remote] DEBUG org.asynchttpclient.netty.request.NettyRequestSender - Using open Channel [id: 0xfa32c034, L:/127.0.0.1:60327 - R:localhost/127.0.0.1:50251] for GET '/session/a291193a2a5af9b9dc9f40fd0bd9fb6b/screenshot'
11:05:56.714 [AsyncHttpClient-1-1] DEBUG org.asynchttpclient.netty.channel.DefaultChannelPool - Entry count for : http://localhost:60330 : 1
11:05:56.720 [AsyncHttpClient-1-5] DEBUG org.asynchttpclient.netty.handler.HttpHandler - 

Request DefaultFullHttpRequest(decodeResult: success, version: HTTP/1.1, content: EmptyByteBufBE)
GET /session/a291193a2a5af9b9dc9f40fd0bd9fb6b/screenshot HTTP/1.1
User-Agent: selenium/4.1.2 (java windows)
Cache-Control: no-cache
Content-Type: application/json; charset=utf-8
host: localhost:50251
accept: */*

Response DefaultHttpResponse(decodeResult: success, version: HTTP/1.1)
HTTP/1.1 200 OK
Content-Type: application/json; charset=utf-8
cache-control: no-cache
content-length: 361104

11:05:56.725 [AsyncHttpClient-1-5] DEBUG org.asynchttpclient.netty.channel.ChannelManager - Adding key: http://localhost:50251 for channel [id: 0xfa32c034, L:/127.0.0.1:60327 - R:localhost/127.0.0.1:50251]
11:05:56.750 [main] DEBUG net.serenitybdd.core.photography.Darkroom - Send negative for processing for target\site\serenity\23cf7d0506fbe3325fa82b1a15be3a5e948c48ed2e535c3070310a68e16f3cee.png
11:05:56.751 [main] DEBUG net.thucydides.core.steps.StepInterceptor - STARTING STEP: DokterDataSteps.validDataDetailDokter - checkValidDataPasien
11:05:56.752 [Darkroom Processing Line] DEBUG net.serenitybdd.core.photography.DarkroomProcessingLine - Processing screenshot image in /var/screenshots/screenshot-7589005680546270966
11:05:56.752 [Darkroom Processing Line] DEBUG net.serenitybdd.core.photography.DarkroomProcessingLine - Saving screenshot to target\site\serenity\23cf7d0506fbe3325fa82b1a15be3a5e948c48ed2e535c3070310a68e16f3cee.png
11:05:56.760 [Forwarding findElement on session a291193a2a5af9b9dc9f40fd0bd9fb6b to remote] DEBUG org.asynchttpclient.netty.request.NettyRequestSender - Using pooled Channel '[id: 0xfa32c034, L:/127.0.0.1:60327 - R:localhost/127.0.0.1:50251]' for 'POST' to 'http://localhost:50251/session/a291193a2a5af9b9dc9f40fd0bd9fb6b/element'
11:05:56.761 [Forwarding findElement on session a291193a2a5af9b9dc9f40fd0bd9fb6b to remote] DEBUG org.asynchttpclient.netty.request.NettyRequestSender - Using open Channel [id: 0xfa32c034, L:/127.0.0.1:60327 - R:localhost/127.0.0.1:50251] for POST '/session/a291193a2a5af9b9dc9f40fd0bd9fb6b/element'
11:05:56.798 [AsyncHttpClient-1-5] DEBUG org.asynchttpclient.netty.handler.HttpHandler - 

Request DefaultHttpRequest(decodeResult: success, version: HTTP/1.1)
POST /session/a291193a2a5af9b9dc9f40fd0bd9fb6b/element HTTP/1.1
User-Agent: selenium/4.1.2 (java windows)
Content-Length: 95
Content-Type: application/json; charset=utf-8
host: localhost:50251
accept: */*

Response DefaultHttpResponse(decodeResult: success, version: HTTP/1.1)
HTTP/1.1 200 OK
Content-Type: application/json; charset=utf-8
cache-control: no-cache
content-length: 88

11:05:56.799 [AsyncHttpClient-1-5] DEBUG org.asynchttpclient.netty.channel.ChannelManager - Adding key: http://localhost:50251 for channel [id: 0xfa32c034, L:/127.0.0.1:60327 - R:localhost/127.0.0.1:50251]
11:05:56.807 [Forwarding isElementEnabled on session a291193a2a5af9b9dc9f40fd0bd9fb6b to remote] DEBUG org.asynchttpclient.netty.request.NettyRequestSender - Using pooled Channel '[id: 0xfa32c034, L:/127.0.0.1:60327 - R:localhost/127.0.0.1:50251]' for 'GET' to 'http://localhost:50251/session/a291193a2a5af9b9dc9f40fd0bd9fb6b/element/5795b07b-980a-4d91-bb2f-854e5e0725df/enabled'
11:05:56.825 [Forwarding isElementEnabled on session a291193a2a5af9b9dc9f40fd0bd9fb6b to remote] DEBUG org.asynchttpclient.netty.request.NettyRequestSender - Using open Channel [id: 0xfa32c034, L:/127.0.0.1:60327 - R:localhost/127.0.0.1:50251] for GET '/session/a291193a2a5af9b9dc9f40fd0bd9fb6b/element/5795b07b-980a-4d91-bb2f-854e5e0725df/enabled'
11:05:56.876 [AsyncHttpClient-1-5] DEBUG org.asynchttpclient.netty.handler.HttpHandler - 

Request DefaultFullHttpRequest(decodeResult: success, version: HTTP/1.1, content: EmptyByteBufBE)
GET /session/a291193a2a5af9b9dc9f40fd0bd9fb6b/element/5795b07b-980a-4d91-bb2f-854e5e0725df/enabled HTTP/1.1
User-Agent: selenium/4.1.2 (java windows)
Cache-Control: no-cache
Content-Type: application/json; charset=utf-8
host: localhost:50251
accept: */*

Response DefaultHttpResponse(decodeResult: success, version: HTTP/1.1)
HTTP/1.1 200 OK
Content-Type: application/json; charset=utf-8
cache-control: no-cache
content-length: 14

11:05:56.876 [AsyncHttpClient-1-5] DEBUG org.asynchttpclient.netty.channel.ChannelManager - Adding key: http://localhost:50251 for channel [id: 0xfa32c034, L:/127.0.0.1:60327 - R:localhost/127.0.0.1:50251]
11:05:56.898 [Forwarding screenshot on session a291193a2a5af9b9dc9f40fd0bd9fb6b to remote] DEBUG org.asynchttpclient.netty.request.NettyRequestSender - Using pooled Channel '[id: 0xfa32c034, L:/127.0.0.1:60327 - R:localhost/127.0.0.1:50251]' for 'GET' to 'http://localhost:50251/session/a291193a2a5af9b9dc9f40fd0bd9fb6b/screenshot'
11:05:56.898 [Forwarding screenshot on session a291193a2a5af9b9dc9f40fd0bd9fb6b to remote] DEBUG org.asynchttpclient.netty.request.NettyRequestSender - Using open Channel [id: 0xfa32c034, L:/127.0.0.1:60327 - R:localhost/127.0.0.1:50251] for GET '/session/a291193a2a5af9b9dc9f40fd0bd9fb6b/screenshot'
11:05:57.276 [AsyncHttpClient-1-5] DEBUG org.asynchttpclient.netty.handler.HttpHandler - 

Request DefaultFullHttpRequest(decodeResult: success, version: HTTP/1.1, content: EmptyByteBufBE)
GET /session/a291193a2a5af9b9dc9f40fd0bd9fb6b/screenshot HTTP/1.1
User-Agent: selenium/4.1.2 (java windows)
Cache-Control: no-cache
Content-Type: application/json; charset=utf-8
host: localhost:50251
accept: */*

Response DefaultHttpResponse(decodeResult: success, version: HTTP/1.1)
HTTP/1.1 200 OK
Content-Type: application/json; charset=utf-8
cache-control: no-cache
content-length: 361104

11:05:57.286 [AsyncHttpClient-1-5] DEBUG org.asynchttpclient.netty.channel.ChannelManager - Adding key: http://localhost:50251 for channel [id: 0xfa32c034, L:/127.0.0.1:60327 - R:localhost/127.0.0.1:50251]
11:05:57.319 [main] DEBUG net.serenitybdd.core.photography.Darkroom - Send negative for processing for target\site\serenity\23cf7d0506fbe3325fa82b1a15be3a5e948c48ed2e535c3070310a68e16f3cee.png
11:05:57.320 [main] DEBUG net.thucydides.core.steps.StepInterceptor - STEP DONE: checkValidDataPasien
  &amp#27;[32mThen &amp#27;[0m&amp#27;[32mValid data detail dokter&amp#27;[0m                   &amp#27;[90m# starter.stepdefinitios.DokterDataSteps.validDataDetailDokter()&amp#27;[0m
11:05:57.352 [main] INFO  - 
  _____   ___   ___   _____     ___     _     ___   ___   ___   ___  
 |_   _| | __| / __| |_   _|   | _ \   /_\   / __| / __| | __| |   \ 
   | |   | _|  \__ \   | |     |  _/  / _ \  \__ \ \__ \ | _|  | |) |
   |_|   |___| |___/   |_|     |_|   /_/ \_\ |___/ |___/ |___| |___/ 

As a admin i want to detail data dokter
----------------------------------------------------------------------
11:05:57.364 [AsyncHttpClient-1-7] DEBUG org.asynchttpclient.netty.handler.WebSocketHandler - Channel Closed: [id: 0xd0626480, L:/127.0.0.1:60341 ! R:localhost/127.0.0.1:60330] with attribute NettyResponseFuture{currentRetry=5,
	isDone=1,
	isCancelled=0,
	asyncHandler=org.asynchttpclient.ws.WebSocketUpgradeHandler@118cd46d,
	nettyRequest=org.asynchttpclient.netty.request.NettyRequest@548e5838,
	future=java.util.concurrent.CompletableFuture@6a3c89e3[Completed normally],
	uri=ws://localhost:60330/devtools/browser/4630f6c2-0a20-4010-8807-e4fd486887da,
	keepAlive=true,
	redirectCount=0,
	timeoutsHolder=null,
	inAuth=0,
	touch=1655525151733}
11:05:57.365 [AsyncHttpClient-1-7] DEBUG org.asynchttpclient.netty.channel.ChannelManager - Closing Channel [id: 0xd0626480, L:/127.0.0.1:60341 ! R:localhost/127.0.0.1:60330] 
11:05:57.383 [Driver Command Executor] DEBUG org.asynchttpclient.netty.request.NettyRequestSender - Using pooled Channel '[id: 0xfa32c034, L:/127.0.0.1:60327 - R:localhost/127.0.0.1:50251]' for 'DELETE' to 'http://localhost:50251/session/a291193a2a5af9b9dc9f40fd0bd9fb6b'
11:05:57.383 [Driver Command Executor] DEBUG org.asynchttpclient.netty.request.NettyRequestSender - Using open Channel [id: 0xfa32c034, L:/127.0.0.1:60327 - R:localhost/127.0.0.1:50251] for DELETE '/session/a291193a2a5af9b9dc9f40fd0bd9fb6b'
11:05:57.727 [AsyncHttpClient-1-6] DEBUG org.asynchttpclient.netty.handler.HttpHandler - Unexpected I/O exception on channel [id: 0x7417ce53, L:/127.0.0.1:60337 - R:localhost/127.0.0.1:60330]
java.io.IOException: An existing connection was forcibly closed by the remote host
	at java.base/sun.nio.ch.SocketDispatcher.read0(Native Method)
	at java.base/sun.nio.ch.SocketDispatcher.read(SocketDispatcher.java:43)
	at java.base/sun.nio.ch.IOUtil.readIntoNativeBuffer(IOUtil.java:276)
	at java.base/sun.nio.ch.IOUtil.read(IOUtil.java:233)
	at java.base/sun.nio.ch.IOUtil.read(IOUtil.java:223)
	at java.base/sun.nio.ch.SocketChannelImpl.read(SocketChannelImpl.java:358)
	at io.netty.buffer.PooledByteBuf.setBytes(PooledByteBuf.java:258)
	at io.netty.buffer.AbstractByteBuf.writeBytes(AbstractByteBuf.java:1132)
	at io.netty.channel.socket.nio.NioSocketChannel.doReadBytes(NioSocketChannel.java:350)
	at io.netty.channel.nio.AbstractNioByteChannel$NioByteUnsafe.read(AbstractNioByteChannel.java:151)
	at io.netty.channel.nio.NioEventLoop.processSelectedKey(NioEventLoop.java:722)
	at io.netty.channel.nio.NioEventLoop.processSelectedKeysOptimized(NioEventLoop.java:658)
	at io.netty.channel.nio.NioEventLoop.processSelectedKeys(NioEventLoop.java:584)
	at io.netty.channel.nio.NioEventLoop.run(NioEventLoop.java:496)
	at io.netty.util.concurrent.SingleThreadEventExecutor$4.run(SingleThreadEventExecutor.java:986)
	at io.netty.util.internal.ThreadExecutorMap$2.run(ThreadExecutorMap.java:74)
	at io.netty.util.concurrent.FastThreadLocalRunnable.run(FastThreadLocalRunnable.java:30)
	at java.base/java.lang.Thread.run(Thread.java:834)
11:05:57.727 [AsyncHttpClient-1-6] DEBUG org.asynchttpclient.netty.channel.ChannelManager - Closing Channel [id: 0x7417ce53, L:/127.0.0.1:60337 - R:localhost/127.0.0.1:60330] 
11:05:57.729 [AsyncHttpClient-1-6] DEBUG org.asynchttpclient.netty.handler.HttpHandler - Channel Closed: [id: 0x7417ce53, L:/127.0.0.1:60337 ! R:localhost/127.0.0.1:60330] with attribute DISCARD
11:05:57.813 [AsyncHttpClient-1-1] DEBUG org.asynchttpclient.netty.channel.DefaultChannelPool - Entry count for : http://localhost:60330 : 1
11:05:57.814 [AsyncHttpClient-1-1] DEBUG org.asynchttpclient.netty.channel.DefaultChannelPool - Adding Candidate expired Channel [id: 0x7417ce53, L:/127.0.0.1:60337 ! R:localhost/127.0.0.1:60330] isIdleTimeoutExpired=false isRemotelyClosed=true isTtlExpired=false
11:05:57.814 [AsyncHttpClient-1-1] DEBUG org.asynchttpclient.netty.channel.DefaultChannelPool - Closing Idle Channel [id: 0x7417ce53, L:/127.0.0.1:60337 ! R:localhost/127.0.0.1:60330]
11:05:57.815 [AsyncHttpClient-1-1] DEBUG org.asynchttpclient.netty.channel.DefaultChannelPool - Closed 1 connections out of 1 in 0 ms
11:05:57.842 [AsyncHttpClient-1-5] DEBUG org.asynchttpclient.netty.handler.HttpHandler - 

Request DefaultFullHttpRequest(decodeResult: success, version: HTTP/1.1, content: EmptyByteBufBE)
DELETE /session/a291193a2a5af9b9dc9f40fd0bd9fb6b HTTP/1.1
User-Agent: selenium/4.1.2 (java windows)
Content-Type: application/json; charset=utf-8
host: localhost:50251
accept: */*

Response DefaultHttpResponse(decodeResult: success, version: HTTP/1.1)
HTTP/1.1 200 OK
Content-Type: application/json; charset=utf-8
cache-control: no-cache
content-length: 14

11:05:57.844 [AsyncHttpClient-1-5] DEBUG org.asynchttpclient.netty.channel.ChannelManager - Adding key: http://localhost:50251 for channel [id: 0xfa32c034, L:/127.0.0.1:60327 - R:localhost/127.0.0.1:50251]
11:05:58.259 [AsyncHttpClient-1-5] DEBUG org.asynchttpclient.netty.handler.HttpHandler - Channel Closed: [id: 0xfa32c034, L:/127.0.0.1:60327 ! R:localhost/127.0.0.1:50251] with attribute DISCARD
]]></system-out>
    <system-err><![CDATA[Starting ChromeDriver 102.0.5005.61 (0e59bcc00cc4985ce39ad31c150065f159d95ad3-refs/branch-heads/5005@{#819}) on port 50251
Only local connections are allowed.
Please see https://chromedriver.chromium.org/security-considerations for suggestions on keeping ChromeDriver safe.
ChromeDriver was started successfully.
Jun 18, 2022 11:05:51 AM org.openqa.selenium.remote.ProtocolHandshake createSession
INFO: Detected dialect: W3C
Jun 18, 2022 11:05:51 AM org.openqa.selenium.devtools.CdpVersionFinder findNearestMatch
WARNING: Unable to find an exact match for CDP version 102, so returning the closest version found: a no-op implementation
Jun 18, 2022 11:05:51 AM org.openqa.selenium.devtools.CdpVersionFinder findNearestMatch
INFO: Unable to find CDP implementation matching 102.
Jun 18, 2022 11:05:51 AM org.openqa.selenium.chromium.ChromiumDriver lambda$new$3
WARNING: Unable to find version of CDP to use for . You may need to include a dependency on a specific version of the CDP using something similar to `org.seleniumhq.selenium:selenium-devtools-v86:4.1.2` where the version ("v86") matches the version of the chromium-based browser you're using and the version number of the artifact is the same as Selenium's.
]]></system-err>
  </testcase>
  <testcase name="As a admin i want to add data dokter #1" classname="Data Dokter Admin" time="16.347">
    <system-out><![CDATA[
@DataDokter @AddDokterData
Scenario Outline: As a admin i want to add data dokter                  &amp#27;[90m# src/test/resources/features/2DataDokter.feature:25&amp#27;[0m
11:05:58.857 [main] INFO io.cucumber.core.plugin.SerenityReporter - Running feature from file:///D:/New%20folder%20(2)/Capstone/Testing/src/test/resources/features/2DataDokter.feature
11:05:58.889 [main] INFO  - 
  _____   ___   ___   _____     ___   _____     _     ___   _____   ___   ___  
 |_   _| | __| / __| |_   _|   / __| |_   _|   /_\   | _ \ |_   _| | __| |   \ 
   | |   | _|  \__ \   | |     \__ \   | |    / _ \  |   /   | |   | _|  | |) |
   |_|   |___| |___/   |_|     |___/   |_|   /_/ \_\ |_|_\   |_|   |___| |___/ 

As a admin i want to add data dokter(data-dokter-admin;as-a-admin-i-want-to-add-data-dokter)
--------------------------------------------------------------------------------
11:05:58.912 [AsyncHttpClient-1-1] DEBUG org.asynchttpclient.netty.channel.DefaultChannelPool - Entry count for : http://localhost:50251 : 1
11:05:58.912 [AsyncHttpClient-1-1] DEBUG org.asynchttpclient.netty.channel.DefaultChannelPool - Adding Candidate expired Channel [id: 0xfa32c034, L:/127.0.0.1:60327 ! R:localhost/127.0.0.1:50251] isIdleTimeoutExpired=false isRemotelyClosed=true isTtlExpired=false
11:05:58.913 [AsyncHttpClient-1-1] DEBUG org.asynchttpclient.netty.channel.DefaultChannelPool - Closing Idle Channel [id: 0xfa32c034, L:/127.0.0.1:60327 ! R:localhost/127.0.0.1:50251]
11:05:58.913 [AsyncHttpClient-1-1] DEBUG org.asynchttpclient.netty.channel.DefaultChannelPool - Closed 1 connections out of 1 in 1 ms
11:05:59.003 [main] DEBUG net.thucydides.core.steps.StepInterceptor - STARTING STEP: DokterDataSteps.openPageDataDokter - openDataDokter
11:05:59.006 [main] INFO net.serenitybdd.core.webdriver.driverproviders.ChromeDriverProvider - Using automatically driver download
11:05:59.280 [main] DEBUG io.github.bonigarcia.wdm.cache.ResolutionCache - Resolution chrome=102 in cache (valid until 11:10:23 18/06/2022 ICT)
11:05:59.297 [main] DEBUG io.github.bonigarcia.wdm.cache.ResolutionCache - Resolution chrome102=102.0.5005.61 in cache (valid until 19:49:35 18/06/2022 ICT)
11:05:59.304 [main] INFO io.github.bonigarcia.wdm.WebDriverManager - Using chromedriver 102.0.5005.61 (resolved driver for Chrome 102)
11:05:59.372 [main] DEBUG io.github.bonigarcia.wdm.WebDriverManager - Driver chromedriver 102.0.5005.61 found in cache
11:05:59.375 [main] INFO io.github.bonigarcia.wdm.WebDriverManager - Exporting webdriver.chrome.driver as C:\Users\ASUS\.cache\selenium\chromedriver\win32\102.0.5005.61\chromedriver.exe
11:05:59.635 [main] DEBUG net.serenitybdd.core.webdriver.driverproviders.ProvideNewDriver - Instantiating driver
11:05:59.635 [main] DEBUG net.serenitybdd.core.webdriver.driverproviders.ProvideNewDriver - Driver capabilities: Capabilities {acceptInsecureCerts: false, base.url: https://fanciful-trifle-360..., browserName: chrome, chore.driver: src/test/resources/webdrive..., driver: chrome, goog:chromeOptions: {args: [], extensions: []}}
11:06:00.217 [AsyncHttpClient-1-8] DEBUG org.asynchttpclient.netty.channel.NettyConnectListener - Using new Channel '[id: 0xfe024236, L:/127.0.0.1:60365 - R:localhost/127.0.0.1:59250]' for 'POST' to '/session'
11:06:02.505 [AsyncHttpClient-1-8] DEBUG org.asynchttpclient.netty.handler.HttpHandler - 

Request DefaultHttpRequest(decodeResult: success, version: HTTP/1.1)
POST /session HTTP/1.1
User-Agent: selenium/4.1.2 (java windows)
Content-Length: 628
Content-Type: application/json; charset=utf-8
host: localhost:59250
accept: */*

Response DefaultHttpResponse(decodeResult: success, version: HTTP/1.1)
HTTP/1.1 200 OK
Content-Type: application/json; charset=utf-8
cache-control: no-cache
content-length: 790

11:06:02.506 [AsyncHttpClient-1-8] DEBUG org.asynchttpclient.netty.channel.ChannelManager - Adding key: http://localhost:59250 for channel [id: 0xfe024236, L:/127.0.0.1:60365 - R:localhost/127.0.0.1:59250]
11:06:02.591 [AsyncHttpClient-1-9] DEBUG org.asynchttpclient.netty.channel.NettyConnectListener - Using new Channel '[id: 0x860d4192, L:/127.0.0.1:60378 - R:localhost/127.0.0.1:60367]' for 'GET' to '/json/version'
11:06:02.623 [AsyncHttpClient-1-9] DEBUG org.asynchttpclient.netty.handler.HttpHandler - 

Request DefaultFullHttpRequest(decodeResult: success, version: HTTP/1.1, content: EmptyByteBufBE)
GET /json/version HTTP/1.1
User-Agent: selenium/4.1.2 (java windows)
host: localhost:60367
accept: */*

Response DefaultHttpResponse(decodeResult: success, version: HTTP/1.1)
HTTP/1.1 200 OK
Content-Type: application/json; charset=UTF-8
content-length: 428

11:06:02.624 [AsyncHttpClient-1-9] DEBUG org.asynchttpclient.netty.channel.ChannelManager - Adding key: http://localhost:60367 for channel [id: 0x860d4192, L:/127.0.0.1:60378 - R:localhost/127.0.0.1:60367]
11:06:02.640 [AsyncHttpClient-1-2] DEBUG org.asynchttpclient.netty.channel.NettyConnectListener - Using new Channel '[id: 0x911253f9, L:/127.0.0.1:60379 - R:localhost/127.0.0.1:60367]' for 'GET' to '/devtools/browser/33c734e0-7de1-4f42-a55a-9c735043317f'
11:06:02.642 [AsyncHttpClient-1-2] DEBUG org.asynchttpclient.netty.handler.WebSocketHandler - 

Request DefaultFullHttpRequest(decodeResult: success, version: HTTP/1.1, content: EmptyByteBufBE)
GET /devtools/browser/33c734e0-7de1-4f42-a55a-9c735043317f HTTP/1.1
upgrade: websocket
connection: upgrade
sec-websocket-key: JZ3Y0Pbw5lN6Lj6zdkqD9g==
sec-websocket-version: 13
origin: http://localhost:60367
host: localhost:60367
accept: */*
user-agent: AHC/2.1

Response DefaultHttpResponse(decodeResult: success, version: HTTP/1.1)
HTTP/1.1 101 WebSocket Protocol Handshake
Upgrade: WebSocket
Connection: Upgrade
Sec-WebSocket-Accept: 3Qd8HCI6tE8OqJ1vqeo+DFN2w4Q=

11:06:02.674 [Forwarding get on session a66aed878619d8aba15cdacc786232fe to remote] DEBUG org.asynchttpclient.netty.request.NettyRequestSender - Using pooled Channel '[id: 0xfe024236, L:/127.0.0.1:60365 - R:localhost/127.0.0.1:59250]' for 'POST' to 'http://localhost:59250/session/a66aed878619d8aba15cdacc786232fe/url'
11:06:02.674 [Forwarding get on session a66aed878619d8aba15cdacc786232fe to remote] DEBUG org.asynchttpclient.netty.request.NettyRequestSender - Using open Channel [id: 0xfe024236, L:/127.0.0.1:60365 - R:localhost/127.0.0.1:59250] for POST '/session/a66aed878619d8aba15cdacc786232fe/url'
11:06:03.314 [AsyncHttpClient-1-1] DEBUG org.asynchttpclient.netty.channel.DefaultChannelPool - Entry count for : http://localhost:60367 : 1
11:06:04.121 [AsyncHttpClient-1-8] DEBUG org.asynchttpclient.netty.handler.HttpHandler - 

Request DefaultHttpRequest(decodeResult: success, version: HTTP/1.1)
POST /session/a66aed878619d8aba15cdacc786232fe/url HTTP/1.1
User-Agent: selenium/4.1.2 (java windows)
Content-Length: 84
Content-Type: application/json; charset=utf-8
host: localhost:59250
accept: */*

Response DefaultHttpResponse(decodeResult: success, version: HTTP/1.1)
HTTP/1.1 200 OK
Content-Type: application/json; charset=utf-8
cache-control: no-cache
content-length: 14

11:06:04.122 [AsyncHttpClient-1-8] DEBUG org.asynchttpclient.netty.channel.ChannelManager - Adding key: http://localhost:59250 for channel [id: 0xfe024236, L:/127.0.0.1:60365 - R:localhost/127.0.0.1:59250]
11:06:04.134 [Forwarding setTimeout on session a66aed878619d8aba15cdacc786232fe to remote] DEBUG org.asynchttpclient.netty.request.NettyRequestSender - Using pooled Channel '[id: 0xfe024236, L:/127.0.0.1:60365 - R:localhost/127.0.0.1:59250]' for 'POST' to 'http://localhost:59250/session/a66aed878619d8aba15cdacc786232fe/timeouts'
11:06:04.134 [Forwarding setTimeout on session a66aed878619d8aba15cdacc786232fe to remote] DEBUG org.asynchttpclient.netty.request.NettyRequestSender - Using open Channel [id: 0xfe024236, L:/127.0.0.1:60365 - R:localhost/127.0.0.1:59250] for POST '/session/a66aed878619d8aba15cdacc786232fe/timeouts'
11:06:04.144 [AsyncHttpClient-1-8] DEBUG org.asynchttpclient.netty.handler.HttpHandler - 

Request DefaultHttpRequest(decodeResult: success, version: HTTP/1.1)
POST /session/a66aed878619d8aba15cdacc786232fe/timeouts HTTP/1.1
User-Agent: selenium/4.1.2 (java windows)
Content-Length: 22
Content-Type: application/json; charset=utf-8
host: localhost:59250
accept: */*

Response DefaultHttpResponse(decodeResult: success, version: HTTP/1.1)
HTTP/1.1 200 OK
Content-Type: application/json; charset=utf-8
cache-control: no-cache
content-length: 14

11:06:04.145 [AsyncHttpClient-1-8] DEBUG org.asynchttpclient.netty.channel.ChannelManager - Adding key: http://localhost:59250 for channel [id: 0xfe024236, L:/127.0.0.1:60365 - R:localhost/127.0.0.1:59250]
11:06:04.158 [Forwarding getCurrentUrl on session a66aed878619d8aba15cdacc786232fe to remote] DEBUG org.asynchttpclient.netty.request.NettyRequestSender - Using pooled Channel '[id: 0xfe024236, L:/127.0.0.1:60365 - R:localhost/127.0.0.1:59250]' for 'GET' to 'http://localhost:59250/session/a66aed878619d8aba15cdacc786232fe/url'
11:06:04.158 [Forwarding getCurrentUrl on session a66aed878619d8aba15cdacc786232fe to remote] DEBUG org.asynchttpclient.netty.request.NettyRequestSender - Using open Channel [id: 0xfe024236, L:/127.0.0.1:60365 - R:localhost/127.0.0.1:59250] for GET '/session/a66aed878619d8aba15cdacc786232fe/url'
11:06:04.178 [AsyncHttpClient-1-8] DEBUG org.asynchttpclient.netty.handler.HttpHandler - 

Request DefaultFullHttpRequest(decodeResult: success, version: HTTP/1.1, content: EmptyByteBufBE)
GET /session/a66aed878619d8aba15cdacc786232fe/url HTTP/1.1
User-Agent: selenium/4.1.2 (java windows)
Cache-Control: no-cache
Content-Type: application/json; charset=utf-8
host: localhost:59250
accept: */*

Response DefaultHttpResponse(decodeResult: success, version: HTTP/1.1)
HTTP/1.1 200 OK
Content-Type: application/json; charset=utf-8
cache-control: no-cache
content-length: 66

11:06:04.182 [AsyncHttpClient-1-8] DEBUG org.asynchttpclient.netty.channel.ChannelManager - Adding key: http://localhost:59250 for channel [id: 0xfe024236, L:/127.0.0.1:60365 - R:localhost/127.0.0.1:59250]
11:06:04.223 [Forwarding screenshot on session a66aed878619d8aba15cdacc786232fe to remote] DEBUG org.asynchttpclient.netty.request.NettyRequestSender - Using pooled Channel '[id: 0xfe024236, L:/127.0.0.1:60365 - R:localhost/127.0.0.1:59250]' for 'GET' to 'http://localhost:59250/session/a66aed878619d8aba15cdacc786232fe/screenshot'
11:06:04.224 [Forwarding screenshot on session a66aed878619d8aba15cdacc786232fe to remote] DEBUG org.asynchttpclient.netty.request.NettyRequestSender - Using open Channel [id: 0xfe024236, L:/127.0.0.1:60365 - R:localhost/127.0.0.1:59250] for GET '/session/a66aed878619d8aba15cdacc786232fe/screenshot'
11:06:04.443 [AsyncHttpClient-1-1] DEBUG org.asynchttpclient.netty.channel.DefaultChannelPool - Entry count for : http://localhost:60367 : 1
11:06:05.519 [AsyncHttpClient-1-1] DEBUG org.asynchttpclient.netty.channel.DefaultChannelPool - Entry count for : http://localhost:60367 : 1
11:06:05.559 [AsyncHttpClient-1-8] DEBUG org.asynchttpclient.netty.handler.HttpHandler - 

Request DefaultFullHttpRequest(decodeResult: success, version: HTTP/1.1, content: EmptyByteBufBE)
GET /session/a66aed878619d8aba15cdacc786232fe/screenshot HTTP/1.1
User-Agent: selenium/4.1.2 (java windows)
Cache-Control: no-cache
Content-Type: application/json; charset=utf-8
host: localhost:59250
accept: */*

Response DefaultHttpResponse(decodeResult: success, version: HTTP/1.1)
HTTP/1.1 200 OK
Content-Type: application/json; charset=utf-8
cache-control: no-cache
content-length: 71412

11:06:05.564 [AsyncHttpClient-1-8] DEBUG org.asynchttpclient.netty.channel.ChannelManager - Adding key: http://localhost:59250 for channel [id: 0xfe024236, L:/127.0.0.1:60365 - R:localhost/127.0.0.1:59250]
11:06:05.584 [main] DEBUG net.serenitybdd.core.photography.Darkroom - Send negative for processing for target\site\serenity\641553ea0c7ee1350e9d99c43bd8b22ab0037bbbf11d544d65f62061eb96ca5a.png
11:06:05.586 [main] DEBUG net.thucydides.core.steps.StepInterceptor - STEP DONE: openDataDokter
  &amp#27;[32mGiven &amp#27;[0m&amp#27;[32mOpen page data dokter&amp#27;[0m                                           &amp#27;[90m# starter.stepdefinitios.DokterDataSteps.openPageDataDokter()&amp#27;[0m
11:06:05.695 [Forwarding screenshot on session a66aed878619d8aba15cdacc786232fe to remote] DEBUG org.asynchttpclient.netty.request.NettyRequestSender - Using pooled Channel '[id: 0xfe024236, L:/127.0.0.1:60365 - R:localhost/127.0.0.1:59250]' for 'GET' to 'http://localhost:59250/session/a66aed878619d8aba15cdacc786232fe/screenshot'
11:06:05.696 [Forwarding screenshot on session a66aed878619d8aba15cdacc786232fe to remote] DEBUG org.asynchttpclient.netty.request.NettyRequestSender - Using open Channel [id: 0xfe024236, L:/127.0.0.1:60365 - R:localhost/127.0.0.1:59250] for GET '/session/a66aed878619d8aba15cdacc786232fe/screenshot'
11:06:05.905 [AsyncHttpClient-1-8] DEBUG org.asynchttpclient.netty.handler.HttpHandler - 

Request DefaultFullHttpRequest(decodeResult: success, version: HTTP/1.1, content: EmptyByteBufBE)
GET /session/a66aed878619d8aba15cdacc786232fe/screenshot HTTP/1.1
User-Agent: selenium/4.1.2 (java windows)
Cache-Control: no-cache
Content-Type: application/json; charset=utf-8
host: localhost:59250
accept: */*

Response DefaultHttpResponse(decodeResult: success, version: HTTP/1.1)
HTTP/1.1 200 OK
Content-Type: application/json; charset=utf-8
cache-control: no-cache
content-length: 78600

11:06:05.907 [AsyncHttpClient-1-8] DEBUG org.asynchttpclient.netty.channel.ChannelManager - Adding key: http://localhost:59250 for channel [id: 0xfe024236, L:/127.0.0.1:60365 - R:localhost/127.0.0.1:59250]
11:06:05.915 [main] DEBUG net.serenitybdd.core.photography.Darkroom - Send negative for processing for target\site\serenity\2cfbd92b8bc4c39d8f2a8b60dc5599876cb5e1b7d2cf8513f81e1226b7f74b10.png
11:06:05.916 [main] DEBUG net.thucydides.core.steps.StepInterceptor - STARTING STEP: PatientDataSteps.clickButtonTambahData - clickButtonTambah
11:06:05.925 [Forwarding findElement on session a66aed878619d8aba15cdacc786232fe to remote] DEBUG org.asynchttpclient.netty.request.NettyRequestSender - Using pooled Channel '[id: 0xfe024236, L:/127.0.0.1:60365 - R:localhost/127.0.0.1:59250]' for 'POST' to 'http://localhost:59250/session/a66aed878619d8aba15cdacc786232fe/element'
11:06:05.925 [Forwarding findElement on session a66aed878619d8aba15cdacc786232fe to remote] DEBUG org.asynchttpclient.netty.request.NettyRequestSender - Using open Channel [id: 0xfe024236, L:/127.0.0.1:60365 - R:localhost/127.0.0.1:59250] for POST '/session/a66aed878619d8aba15cdacc786232fe/element'
11:06:05.959 [AsyncHttpClient-1-8] DEBUG org.asynchttpclient.netty.handler.HttpHandler - 

Request DefaultHttpRequest(decodeResult: success, version: HTTP/1.1)
POST /session/a66aed878619d8aba15cdacc786232fe/element HTTP/1.1
User-Agent: selenium/4.1.2 (java windows)
Content-Length: 109
Content-Type: application/json; charset=utf-8
host: localhost:59250
accept: */*

Response DefaultHttpResponse(decodeResult: success, version: HTTP/1.1)
HTTP/1.1 200 OK
Content-Type: application/json; charset=utf-8
cache-control: no-cache
content-length: 88

11:06:05.960 [AsyncHttpClient-1-8] DEBUG org.asynchttpclient.netty.channel.ChannelManager - Adding key: http://localhost:59250 for channel [id: 0xfe024236, L:/127.0.0.1:60365 - R:localhost/127.0.0.1:59250]
11:06:05.969 [Forwarding getElementTagName on session a66aed878619d8aba15cdacc786232fe to remote] DEBUG org.asynchttpclient.netty.request.NettyRequestSender - Using pooled Channel '[id: 0xfe024236, L:/127.0.0.1:60365 - R:localhost/127.0.0.1:59250]' for 'GET' to 'http://localhost:59250/session/a66aed878619d8aba15cdacc786232fe/element/a0e1d1cb-56b6-49f9-b4b4-bf5da4a17817/name'
11:06:05.969 [Forwarding getElementTagName on session a66aed878619d8aba15cdacc786232fe to remote] DEBUG org.asynchttpclient.netty.request.NettyRequestSender - Using open Channel [id: 0xfe024236, L:/127.0.0.1:60365 - R:localhost/127.0.0.1:59250] for GET '/session/a66aed878619d8aba15cdacc786232fe/element/a0e1d1cb-56b6-49f9-b4b4-bf5da4a17817/name'
11:06:05.984 [AsyncHttpClient-1-8] DEBUG org.asynchttpclient.netty.handler.HttpHandler - 

Request DefaultFullHttpRequest(decodeResult: success, version: HTTP/1.1, content: EmptyByteBufBE)
GET /session/a66aed878619d8aba15cdacc786232fe/element/a0e1d1cb-56b6-49f9-b4b4-bf5da4a17817/name HTTP/1.1
User-Agent: selenium/4.1.2 (java windows)
Cache-Control: no-cache
Content-Type: application/json; charset=utf-8
host: localhost:59250
accept: */*

Response DefaultHttpResponse(decodeResult: success, version: HTTP/1.1)
HTTP/1.1 200 OK
Content-Type: application/json; charset=utf-8
cache-control: no-cache
content-length: 18

11:06:05.984 [AsyncHttpClient-1-8] DEBUG org.asynchttpclient.netty.channel.ChannelManager - Adding key: http://localhost:59250 for channel [id: 0xfe024236, L:/127.0.0.1:60365 - R:localhost/127.0.0.1:59250]
11:06:05.990 [Forwarding getElementTagName on session a66aed878619d8aba15cdacc786232fe to remote] DEBUG org.asynchttpclient.netty.request.NettyRequestSender - Using pooled Channel '[id: 0xfe024236, L:/127.0.0.1:60365 - R:localhost/127.0.0.1:59250]' for 'GET' to 'http://localhost:59250/session/a66aed878619d8aba15cdacc786232fe/element/a0e1d1cb-56b6-49f9-b4b4-bf5da4a17817/name'
11:06:05.990 [Forwarding getElementTagName on session a66aed878619d8aba15cdacc786232fe to remote] DEBUG org.asynchttpclient.netty.request.NettyRequestSender - Using open Channel [id: 0xfe024236, L:/127.0.0.1:60365 - R:localhost/127.0.0.1:59250] for GET '/session/a66aed878619d8aba15cdacc786232fe/element/a0e1d1cb-56b6-49f9-b4b4-bf5da4a17817/name'
11:06:06.002 [AsyncHttpClient-1-8] DEBUG org.asynchttpclient.netty.handler.HttpHandler - 

Request DefaultFullHttpRequest(decodeResult: success, version: HTTP/1.1, content: EmptyByteBufBE)
GET /session/a66aed878619d8aba15cdacc786232fe/element/a0e1d1cb-56b6-49f9-b4b4-bf5da4a17817/name HTTP/1.1
User-Agent: selenium/4.1.2 (java windows)
Cache-Control: no-cache
Content-Type: application/json; charset=utf-8
host: localhost:59250
accept: */*

Response DefaultHttpResponse(decodeResult: success, version: HTTP/1.1)
HTTP/1.1 200 OK
Content-Type: application/json; charset=utf-8
cache-control: no-cache
content-length: 18

11:06:06.003 [AsyncHttpClient-1-8] DEBUG org.asynchttpclient.netty.channel.ChannelManager - Adding key: http://localhost:59250 for channel [id: 0xfe024236, L:/127.0.0.1:60365 - R:localhost/127.0.0.1:59250]
11:06:06.018 [Forwarding isElementEnabled on session a66aed878619d8aba15cdacc786232fe to remote] DEBUG org.asynchttpclient.netty.request.NettyRequestSender - Using pooled Channel '[id: 0xfe024236, L:/127.0.0.1:60365 - R:localhost/127.0.0.1:59250]' for 'GET' to 'http://localhost:59250/session/a66aed878619d8aba15cdacc786232fe/element/a0e1d1cb-56b6-49f9-b4b4-bf5da4a17817/enabled'
11:06:06.019 [Forwarding isElementEnabled on session a66aed878619d8aba15cdacc786232fe to remote] DEBUG org.asynchttpclient.netty.request.NettyRequestSender - Using open Channel [id: 0xfe024236, L:/127.0.0.1:60365 - R:localhost/127.0.0.1:59250] for GET '/session/a66aed878619d8aba15cdacc786232fe/element/a0e1d1cb-56b6-49f9-b4b4-bf5da4a17817/enabled'
11:06:06.045 [AsyncHttpClient-1-8] DEBUG org.asynchttpclient.netty.handler.HttpHandler - 

Request DefaultFullHttpRequest(decodeResult: success, version: HTTP/1.1, content: EmptyByteBufBE)
GET /session/a66aed878619d8aba15cdacc786232fe/element/a0e1d1cb-56b6-49f9-b4b4-bf5da4a17817/enabled HTTP/1.1
User-Agent: selenium/4.1.2 (java windows)
Cache-Control: no-cache
Content-Type: application/json; charset=utf-8
host: localhost:59250
accept: */*

Response DefaultHttpResponse(decodeResult: success, version: HTTP/1.1)
HTTP/1.1 200 OK
Content-Type: application/json; charset=utf-8
cache-control: no-cache
content-length: 14

11:06:06.046 [AsyncHttpClient-1-8] DEBUG org.asynchttpclient.netty.channel.ChannelManager - Adding key: http://localhost:59250 for channel [id: 0xfe024236, L:/127.0.0.1:60365 - R:localhost/127.0.0.1:59250]
11:06:06.055 [Forwarding isElementEnabled on session a66aed878619d8aba15cdacc786232fe to remote] DEBUG org.asynchttpclient.netty.request.NettyRequestSender - Using pooled Channel '[id: 0xfe024236, L:/127.0.0.1:60365 - R:localhost/127.0.0.1:59250]' for 'GET' to 'http://localhost:59250/session/a66aed878619d8aba15cdacc786232fe/element/a0e1d1cb-56b6-49f9-b4b4-bf5da4a17817/enabled'
11:06:06.055 [Forwarding isElementEnabled on session a66aed878619d8aba15cdacc786232fe to remote] DEBUG org.asynchttpclient.netty.request.NettyRequestSender - Using open Channel [id: 0xfe024236, L:/127.0.0.1:60365 - R:localhost/127.0.0.1:59250] for GET '/session/a66aed878619d8aba15cdacc786232fe/element/a0e1d1cb-56b6-49f9-b4b4-bf5da4a17817/enabled'
11:06:06.080 [AsyncHttpClient-1-8] DEBUG org.asynchttpclient.netty.handler.HttpHandler - 

Request DefaultFullHttpRequest(decodeResult: success, version: HTTP/1.1, content: EmptyByteBufBE)
GET /session/a66aed878619d8aba15cdacc786232fe/element/a0e1d1cb-56b6-49f9-b4b4-bf5da4a17817/enabled HTTP/1.1
User-Agent: selenium/4.1.2 (java windows)
Cache-Control: no-cache
Content-Type: application/json; charset=utf-8
host: localhost:59250
accept: */*

Response DefaultHttpResponse(decodeResult: success, version: HTTP/1.1)
HTTP/1.1 200 OK
Content-Type: application/json; charset=utf-8
cache-control: no-cache
content-length: 14

11:06:06.080 [AsyncHttpClient-1-8] DEBUG org.asynchttpclient.netty.channel.ChannelManager - Adding key: http://localhost:59250 for channel [id: 0xfe024236, L:/127.0.0.1:60365 - R:localhost/127.0.0.1:59250]
11:06:06.086 [Forwarding findElement on session a66aed878619d8aba15cdacc786232fe to remote] DEBUG org.asynchttpclient.netty.request.NettyRequestSender - Using pooled Channel '[id: 0xfe024236, L:/127.0.0.1:60365 - R:localhost/127.0.0.1:59250]' for 'POST' to 'http://localhost:59250/session/a66aed878619d8aba15cdacc786232fe/element'
11:06:06.087 [Forwarding findElement on session a66aed878619d8aba15cdacc786232fe to remote] DEBUG org.asynchttpclient.netty.request.NettyRequestSender - Using open Channel [id: 0xfe024236, L:/127.0.0.1:60365 - R:localhost/127.0.0.1:59250] for POST '/session/a66aed878619d8aba15cdacc786232fe/element'
11:06:06.106 [AsyncHttpClient-1-8] DEBUG org.asynchttpclient.netty.handler.HttpHandler - 

Request DefaultHttpRequest(decodeResult: success, version: HTTP/1.1)
POST /session/a66aed878619d8aba15cdacc786232fe/element HTTP/1.1
User-Agent: selenium/4.1.2 (java windows)
Content-Length: 109
Content-Type: application/json; charset=utf-8
host: localhost:59250
accept: */*

Response DefaultHttpResponse(decodeResult: success, version: HTTP/1.1)
HTTP/1.1 200 OK
Content-Type: application/json; charset=utf-8
cache-control: no-cache
content-length: 88

11:06:06.107 [AsyncHttpClient-1-8] DEBUG org.asynchttpclient.netty.channel.ChannelManager - Adding key: http://localhost:59250 for channel [id: 0xfe024236, L:/127.0.0.1:60365 - R:localhost/127.0.0.1:59250]
11:06:06.112 [Forwarding clickElement on session a66aed878619d8aba15cdacc786232fe to remote] DEBUG org.asynchttpclient.netty.request.NettyRequestSender - Using pooled Channel '[id: 0xfe024236, L:/127.0.0.1:60365 - R:localhost/127.0.0.1:59250]' for 'POST' to 'http://localhost:59250/session/a66aed878619d8aba15cdacc786232fe/element/a0e1d1cb-56b6-49f9-b4b4-bf5da4a17817/click'
11:06:06.112 [Forwarding clickElement on session a66aed878619d8aba15cdacc786232fe to remote] DEBUG org.asynchttpclient.netty.request.NettyRequestSender - Using open Channel [id: 0xfe024236, L:/127.0.0.1:60365 - R:localhost/127.0.0.1:59250] for POST '/session/a66aed878619d8aba15cdacc786232fe/element/a0e1d1cb-56b6-49f9-b4b4-bf5da4a17817/click'
11:06:06.572 [AsyncHttpClient-1-8] DEBUG org.asynchttpclient.netty.handler.HttpHandler - 

Request DefaultHttpRequest(decodeResult: success, version: HTTP/1.1)
POST /session/a66aed878619d8aba15cdacc786232fe/element/a0e1d1cb-56b6-49f9-b4b4-bf5da4a17817/click HTTP/1.1
User-Agent: selenium/4.1.2 (java windows)
Content-Length: 50
Content-Type: application/json; charset=utf-8
host: localhost:59250
accept: */*

Response DefaultHttpResponse(decodeResult: success, version: HTTP/1.1)
HTTP/1.1 200 OK
Content-Type: application/json; charset=utf-8
cache-control: no-cache
content-length: 14

11:06:06.574 [AsyncHttpClient-1-8] DEBUG org.asynchttpclient.netty.channel.ChannelManager - Adding key: http://localhost:59250 for channel [id: 0xfe024236, L:/127.0.0.1:60365 - R:localhost/127.0.0.1:59250]
11:06:06.604 [Forwarding screenshot on session a66aed878619d8aba15cdacc786232fe to remote] DEBUG org.asynchttpclient.netty.request.NettyRequestSender - Using pooled Channel '[id: 0xfe024236, L:/127.0.0.1:60365 - R:localhost/127.0.0.1:59250]' for 'GET' to 'http://localhost:59250/session/a66aed878619d8aba15cdacc786232fe/screenshot'
11:06:06.604 [Forwarding screenshot on session a66aed878619d8aba15cdacc786232fe to remote] DEBUG org.asynchttpclient.netty.request.NettyRequestSender - Using open Channel [id: 0xfe024236, L:/127.0.0.1:60365 - R:localhost/127.0.0.1:59250] for GET '/session/a66aed878619d8aba15cdacc786232fe/screenshot'
11:06:06.686 [AsyncHttpClient-1-1] DEBUG org.asynchttpclient.netty.channel.DefaultChannelPool - Entry count for : http://localhost:60367 : 1
11:06:07.272 [AsyncHttpClient-1-8] DEBUG org.asynchttpclient.netty.handler.HttpHandler - 

Request DefaultFullHttpRequest(decodeResult: success, version: HTTP/1.1, content: EmptyByteBufBE)
GET /session/a66aed878619d8aba15cdacc786232fe/screenshot HTTP/1.1
User-Agent: selenium/4.1.2 (java windows)
Cache-Control: no-cache
Content-Type: application/json; charset=utf-8
host: localhost:59250
accept: */*

Response DefaultHttpResponse(decodeResult: success, version: HTTP/1.1)
HTTP/1.1 200 OK
Content-Type: application/json; charset=utf-8
cache-control: no-cache
content-length: 46784

11:06:07.273 [AsyncHttpClient-1-8] DEBUG org.asynchttpclient.netty.channel.ChannelManager - Adding key: http://localhost:59250 for channel [id: 0xfe024236, L:/127.0.0.1:60365 - R:localhost/127.0.0.1:59250]
11:06:07.284 [main] DEBUG net.serenitybdd.core.photography.Darkroom - Send negative for processing for target\site\serenity\8629f496e7c4dac0cce5b2bf2737aed3260bba436f070e09e2151e10e1c22e27.png
11:06:07.285 [main] DEBUG net.thucydides.core.steps.StepInterceptor - STEP DONE: clickButtonTambah
  &amp#27;[32mWhen &amp#27;[0m&amp#27;[32mClick button tambah data&amp#27;[0m                                         &amp#27;[90m# starter.stepdefinitios.PatientDataSteps.clickButtonTambahData()&amp#27;[0m
11:06:07.286 [Darkroom Processing Line] DEBUG net.serenitybdd.core.photography.DarkroomProcessingLine - Processing screenshot image in /var/screenshots/screenshot-17999320706534155591
11:06:07.287 [Darkroom Processing Line] DEBUG net.serenitybdd.core.photography.DarkroomProcessingLine - Saving screenshot to target\site\serenity\8629f496e7c4dac0cce5b2bf2737aed3260bba436f070e09e2151e10e1c22e27.png
11:06:07.349 [Forwarding screenshot on session a66aed878619d8aba15cdacc786232fe to remote] DEBUG org.asynchttpclient.netty.request.NettyRequestSender - Using pooled Channel '[id: 0xfe024236, L:/127.0.0.1:60365 - R:localhost/127.0.0.1:59250]' for 'GET' to 'http://localhost:59250/session/a66aed878619d8aba15cdacc786232fe/screenshot'
11:06:07.349 [Forwarding screenshot on session a66aed878619d8aba15cdacc786232fe to remote] DEBUG org.asynchttpclient.netty.request.NettyRequestSender - Using open Channel [id: 0xfe024236, L:/127.0.0.1:60365 - R:localhost/127.0.0.1:59250] for GET '/session/a66aed878619d8aba15cdacc786232fe/screenshot'
11:06:07.668 [AsyncHttpClient-1-8] DEBUG org.asynchttpclient.netty.handler.HttpHandler - 

Request DefaultFullHttpRequest(decodeResult: success, version: HTTP/1.1, content: EmptyByteBufBE)
GET /session/a66aed878619d8aba15cdacc786232fe/screenshot HTTP/1.1
User-Agent: selenium/4.1.2 (java windows)
Cache-Control: no-cache
Content-Type: application/json; charset=utf-8
host: localhost:59250
accept: */*

Response DefaultHttpResponse(decodeResult: success, version: HTTP/1.1)
HTTP/1.1 200 OK
Content-Type: application/json; charset=utf-8
cache-control: no-cache
content-length: 357056

11:06:07.674 [AsyncHttpClient-1-8] DEBUG org.asynchttpclient.netty.channel.ChannelManager - Adding key: http://localhost:59250 for channel [id: 0xfe024236, L:/127.0.0.1:60365 - R:localhost/127.0.0.1:59250]
11:06:07.719 [AsyncHttpClient-1-1] DEBUG org.asynchttpclient.netty.channel.DefaultChannelPool - Entry count for : http://localhost:59250 : 1
11:06:07.719 [AsyncHttpClient-1-1] DEBUG org.asynchttpclient.netty.channel.DefaultChannelPool - Entry count for : http://localhost:60367 : 1
11:06:07.735 [main] DEBUG net.serenitybdd.core.photography.Darkroom - Send negative for processing for target\site\serenity\270b1ee7a700454389ac56c4eebbdaff416676d99565fa926c09fced151958a6.png
11:06:07.737 [main] DEBUG net.thucydides.core.steps.StepInterceptor - STARTING STEP: DokterDataSteps.iInputDokter - inputDataPasien
11:06:07.746 [Darkroom Processing Line] DEBUG net.serenitybdd.core.photography.DarkroomProcessingLine - Processing screenshot image in /var/screenshots/screenshot-8690800560817200786
11:06:07.746 [Darkroom Processing Line] DEBUG net.serenitybdd.core.photography.DarkroomProcessingLine - Saving screenshot to target\site\serenity\270b1ee7a700454389ac56c4eebbdaff416676d99565fa926c09fced151958a6.png
11:06:07.771 [Forwarding findElement on session a66aed878619d8aba15cdacc786232fe to remote] DEBUG org.asynchttpclient.netty.request.NettyRequestSender - Using pooled Channel '[id: 0xfe024236, L:/127.0.0.1:60365 - R:localhost/127.0.0.1:59250]' for 'POST' to 'http://localhost:59250/session/a66aed878619d8aba15cdacc786232fe/element'
11:06:07.772 [Forwarding findElement on session a66aed878619d8aba15cdacc786232fe to remote] DEBUG org.asynchttpclient.netty.request.NettyRequestSender - Using open Channel [id: 0xfe024236, L:/127.0.0.1:60365 - R:localhost/127.0.0.1:59250] for POST '/session/a66aed878619d8aba15cdacc786232fe/element'
11:06:07.864 [AsyncHttpClient-1-8] DEBUG org.asynchttpclient.netty.handler.HttpHandler - 

Request DefaultHttpRequest(decodeResult: success, version: HTTP/1.1)
POST /session/a66aed878619d8aba15cdacc786232fe/element HTTP/1.1
User-Agent: selenium/4.1.2 (java windows)
Content-Length: 166
Content-Type: application/json; charset=utf-8
host: localhost:59250
accept: */*

Response DefaultHttpResponse(decodeResult: success, version: HTTP/1.1)
HTTP/1.1 200 OK
Content-Type: application/json; charset=utf-8
cache-control: no-cache
content-length: 88

11:06:07.864 [AsyncHttpClient-1-8] DEBUG org.asynchttpclient.netty.channel.ChannelManager - Adding key: http://localhost:59250 for channel [id: 0xfe024236, L:/127.0.0.1:60365 - R:localhost/127.0.0.1:59250]
11:06:07.874 [Forwarding sendKeysToElement on session a66aed878619d8aba15cdacc786232fe to remote] DEBUG org.asynchttpclient.netty.request.NettyRequestSender - Using pooled Channel '[id: 0xfe024236, L:/127.0.0.1:60365 - R:localhost/127.0.0.1:59250]' for 'POST' to 'http://localhost:59250/session/a66aed878619d8aba15cdacc786232fe/element/00468c58-4228-49d4-b94d-29b3cee9f234/value'
11:06:07.875 [Forwarding sendKeysToElement on session a66aed878619d8aba15cdacc786232fe to remote] DEBUG org.asynchttpclient.netty.request.NettyRequestSender - Using open Channel [id: 0xfe024236, L:/127.0.0.1:60365 - R:localhost/127.0.0.1:59250] for POST '/session/a66aed878619d8aba15cdacc786232fe/element/00468c58-4228-49d4-b94d-29b3cee9f234/value'
11:06:08.315 [AsyncHttpClient-1-8] DEBUG org.asynchttpclient.netty.handler.HttpHandler - 

Request DefaultHttpRequest(decodeResult: success, version: HTTP/1.1)
POST /session/a66aed878619d8aba15cdacc786232fe/element/00468c58-4228-49d4-b94d-29b3cee9f234/value HTTP/1.1
User-Agent: selenium/4.1.2 (java windows)
Content-Length: 131
Content-Type: application/json; charset=utf-8
host: localhost:59250
accept: */*

Response DefaultHttpResponse(decodeResult: success, version: HTTP/1.1)
HTTP/1.1 200 OK
Content-Type: application/json; charset=utf-8
cache-control: no-cache
content-length: 14

11:06:08.316 [AsyncHttpClient-1-8] DEBUG org.asynchttpclient.netty.channel.ChannelManager - Adding key: http://localhost:59250 for channel [id: 0xfe024236, L:/127.0.0.1:60365 - R:localhost/127.0.0.1:59250]
11:06:08.323 [Forwarding findElement on session a66aed878619d8aba15cdacc786232fe to remote] DEBUG org.asynchttpclient.netty.request.NettyRequestSender - Using pooled Channel '[id: 0xfe024236, L:/127.0.0.1:60365 - R:localhost/127.0.0.1:59250]' for 'POST' to 'http://localhost:59250/session/a66aed878619d8aba15cdacc786232fe/element'
11:06:08.324 [Forwarding findElement on session a66aed878619d8aba15cdacc786232fe to remote] DEBUG org.asynchttpclient.netty.request.NettyRequestSender - Using open Channel [id: 0xfe024236, L:/127.0.0.1:60365 - R:localhost/127.0.0.1:59250] for POST '/session/a66aed878619d8aba15cdacc786232fe/element'
11:06:08.359 [AsyncHttpClient-1-8] DEBUG org.asynchttpclient.netty.handler.HttpHandler - 

Request DefaultHttpRequest(decodeResult: success, version: HTTP/1.1)
POST /session/a66aed878619d8aba15cdacc786232fe/element HTTP/1.1
User-Agent: selenium/4.1.2 (java windows)
Content-Length: 166
Content-Type: application/json; charset=utf-8
host: localhost:59250
accept: */*

Response DefaultHttpResponse(decodeResult: success, version: HTTP/1.1)
HTTP/1.1 200 OK
Content-Type: application/json; charset=utf-8
cache-control: no-cache
content-length: 88

11:06:08.359 [AsyncHttpClient-1-8] DEBUG org.asynchttpclient.netty.channel.ChannelManager - Adding key: http://localhost:59250 for channel [id: 0xfe024236, L:/127.0.0.1:60365 - R:localhost/127.0.0.1:59250]
11:06:08.365 [Forwarding sendKeysToElement on session a66aed878619d8aba15cdacc786232fe to remote] DEBUG org.asynchttpclient.netty.request.NettyRequestSender - Using pooled Channel '[id: 0xfe024236, L:/127.0.0.1:60365 - R:localhost/127.0.0.1:59250]' for 'POST' to 'http://localhost:59250/session/a66aed878619d8aba15cdacc786232fe/element/3bb02ea4-2f9d-476e-aaa1-d4a7107ad7c7/value'
11:06:08.365 [Forwarding sendKeysToElement on session a66aed878619d8aba15cdacc786232fe to remote] DEBUG org.asynchttpclient.netty.request.NettyRequestSender - Using open Channel [id: 0xfe024236, L:/127.0.0.1:60365 - R:localhost/127.0.0.1:59250] for POST '/session/a66aed878619d8aba15cdacc786232fe/element/3bb02ea4-2f9d-476e-aaa1-d4a7107ad7c7/value'
11:06:08.818 [AsyncHttpClient-1-1] DEBUG org.asynchttpclient.netty.channel.DefaultChannelPool - Entry count for : http://localhost:60367 : 1
11:06:08.948 [AsyncHttpClient-1-8] DEBUG org.asynchttpclient.netty.handler.HttpHandler - 

Request DefaultHttpRequest(decodeResult: success, version: HTTP/1.1)
POST /session/a66aed878619d8aba15cdacc786232fe/element/3bb02ea4-2f9d-476e-aaa1-d4a7107ad7c7/value HTTP/1.1
User-Agent: selenium/4.1.2 (java windows)
Content-Length: 131
Content-Type: application/json; charset=utf-8
host: localhost:59250
accept: */*

Response DefaultHttpResponse(decodeResult: success, version: HTTP/1.1)
HTTP/1.1 200 OK
Content-Type: application/json; charset=utf-8
cache-control: no-cache
content-length: 14

11:06:08.949 [AsyncHttpClient-1-8] DEBUG org.asynchttpclient.netty.channel.ChannelManager - Adding key: http://localhost:59250 for channel [id: 0xfe024236, L:/127.0.0.1:60365 - R:localhost/127.0.0.1:59250]
11:06:08.958 [Forwarding findElement on session a66aed878619d8aba15cdacc786232fe to remote] DEBUG org.asynchttpclient.netty.request.NettyRequestSender - Using pooled Channel '[id: 0xfe024236, L:/127.0.0.1:60365 - R:localhost/127.0.0.1:59250]' for 'POST' to 'http://localhost:59250/session/a66aed878619d8aba15cdacc786232fe/element'
11:06:08.958 [Forwarding findElement on session a66aed878619d8aba15cdacc786232fe to remote] DEBUG org.asynchttpclient.netty.request.NettyRequestSender - Using open Channel [id: 0xfe024236, L:/127.0.0.1:60365 - R:localhost/127.0.0.1:59250] for POST '/session/a66aed878619d8aba15cdacc786232fe/element'
11:06:08.989 [AsyncHttpClient-1-8] DEBUG org.asynchttpclient.netty.handler.HttpHandler - 

Request DefaultHttpRequest(decodeResult: success, version: HTTP/1.1)
POST /session/a66aed878619d8aba15cdacc786232fe/element HTTP/1.1
User-Agent: selenium/4.1.2 (java windows)
Content-Length: 166
Content-Type: application/json; charset=utf-8
host: localhost:59250
accept: */*

Response DefaultHttpResponse(decodeResult: success, version: HTTP/1.1)
HTTP/1.1 200 OK
Content-Type: application/json; charset=utf-8
cache-control: no-cache
content-length: 88

11:06:08.989 [AsyncHttpClient-1-8] DEBUG org.asynchttpclient.netty.channel.ChannelManager - Adding key: http://localhost:59250 for channel [id: 0xfe024236, L:/127.0.0.1:60365 - R:localhost/127.0.0.1:59250]
11:06:08.994 [Forwarding sendKeysToElement on session a66aed878619d8aba15cdacc786232fe to remote] DEBUG org.asynchttpclient.netty.request.NettyRequestSender - Using pooled Channel '[id: 0xfe024236, L:/127.0.0.1:60365 - R:localhost/127.0.0.1:59250]' for 'POST' to 'http://localhost:59250/session/a66aed878619d8aba15cdacc786232fe/element/395f9c37-75aa-4003-a98c-fc852a07273b/value'
11:06:08.995 [Forwarding sendKeysToElement on session a66aed878619d8aba15cdacc786232fe to remote] DEBUG org.asynchttpclient.netty.request.NettyRequestSender - Using open Channel [id: 0xfe024236, L:/127.0.0.1:60365 - R:localhost/127.0.0.1:59250] for POST '/session/a66aed878619d8aba15cdacc786232fe/element/395f9c37-75aa-4003-a98c-fc852a07273b/value'
11:06:09.225 [AsyncHttpClient-1-8] DEBUG org.asynchttpclient.netty.handler.HttpHandler - 

Request DefaultHttpRequest(decodeResult: success, version: HTTP/1.1)
POST /session/a66aed878619d8aba15cdacc786232fe/element/395f9c37-75aa-4003-a98c-fc852a07273b/value HTTP/1.1
User-Agent: selenium/4.1.2 (java windows)
Content-Length: 131
Content-Type: application/json; charset=utf-8
host: localhost:59250
accept: */*

Response DefaultHttpResponse(decodeResult: success, version: HTTP/1.1)
HTTP/1.1 200 OK
Content-Type: application/json; charset=utf-8
cache-control: no-cache
content-length: 14

11:06:09.225 [AsyncHttpClient-1-8] DEBUG org.asynchttpclient.netty.channel.ChannelManager - Adding key: http://localhost:59250 for channel [id: 0xfe024236, L:/127.0.0.1:60365 - R:localhost/127.0.0.1:59250]
11:06:09.236 [Forwarding findElement on session a66aed878619d8aba15cdacc786232fe to remote] DEBUG org.asynchttpclient.netty.request.NettyRequestSender - Using pooled Channel '[id: 0xfe024236, L:/127.0.0.1:60365 - R:localhost/127.0.0.1:59250]' for 'POST' to 'http://localhost:59250/session/a66aed878619d8aba15cdacc786232fe/element'
11:06:09.236 [Forwarding findElement on session a66aed878619d8aba15cdacc786232fe to remote] DEBUG org.asynchttpclient.netty.request.NettyRequestSender - Using open Channel [id: 0xfe024236, L:/127.0.0.1:60365 - R:localhost/127.0.0.1:59250] for POST '/session/a66aed878619d8aba15cdacc786232fe/element'
11:06:09.265 [AsyncHttpClient-1-8] DEBUG org.asynchttpclient.netty.handler.HttpHandler - 

Request DefaultHttpRequest(decodeResult: success, version: HTTP/1.1)
POST /session/a66aed878619d8aba15cdacc786232fe/element HTTP/1.1
User-Agent: selenium/4.1.2 (java windows)
Content-Length: 166
Content-Type: application/json; charset=utf-8
host: localhost:59250
accept: */*

Response DefaultHttpResponse(decodeResult: success, version: HTTP/1.1)
HTTP/1.1 200 OK
Content-Type: application/json; charset=utf-8
cache-control: no-cache
content-length: 88

11:06:09.266 [AsyncHttpClient-1-8] DEBUG org.asynchttpclient.netty.channel.ChannelManager - Adding key: http://localhost:59250 for channel [id: 0xfe024236, L:/127.0.0.1:60365 - R:localhost/127.0.0.1:59250]
11:06:09.270 [Forwarding sendKeysToElement on session a66aed878619d8aba15cdacc786232fe to remote] DEBUG org.asynchttpclient.netty.request.NettyRequestSender - Using pooled Channel '[id: 0xfe024236, L:/127.0.0.1:60365 - R:localhost/127.0.0.1:59250]' for 'POST' to 'http://localhost:59250/session/a66aed878619d8aba15cdacc786232fe/element/051a1758-825d-4073-b2ef-728634a59ac5/value'
11:06:09.271 [Forwarding sendKeysToElement on session a66aed878619d8aba15cdacc786232fe to remote] DEBUG org.asynchttpclient.netty.request.NettyRequestSender - Using open Channel [id: 0xfe024236, L:/127.0.0.1:60365 - R:localhost/127.0.0.1:59250] for POST '/session/a66aed878619d8aba15cdacc786232fe/element/051a1758-825d-4073-b2ef-728634a59ac5/value'
11:06:09.590 [AsyncHttpClient-1-8] DEBUG org.asynchttpclient.netty.handler.HttpHandler - 

Request DefaultHttpRequest(decodeResult: success, version: HTTP/1.1)
POST /session/a66aed878619d8aba15cdacc786232fe/element/051a1758-825d-4073-b2ef-728634a59ac5/value HTTP/1.1
User-Agent: selenium/4.1.2 (java windows)
Content-Length: 181
Content-Type: application/json; charset=utf-8
host: localhost:59250
accept: */*

Response DefaultHttpResponse(decodeResult: success, version: HTTP/1.1)
HTTP/1.1 200 OK
Content-Type: application/json; charset=utf-8
cache-control: no-cache
content-length: 14

11:06:09.591 [AsyncHttpClient-1-8] DEBUG org.asynchttpclient.netty.channel.ChannelManager - Adding key: http://localhost:59250 for channel [id: 0xfe024236, L:/127.0.0.1:60365 - R:localhost/127.0.0.1:59250]
11:06:09.602 [Forwarding findElement on session a66aed878619d8aba15cdacc786232fe to remote] DEBUG org.asynchttpclient.netty.request.NettyRequestSender - Using pooled Channel '[id: 0xfe024236, L:/127.0.0.1:60365 - R:localhost/127.0.0.1:59250]' for 'POST' to 'http://localhost:59250/session/a66aed878619d8aba15cdacc786232fe/element'
11:06:09.602 [Forwarding findElement on session a66aed878619d8aba15cdacc786232fe to remote] DEBUG org.asynchttpclient.netty.request.NettyRequestSender - Using open Channel [id: 0xfe024236, L:/127.0.0.1:60365 - R:localhost/127.0.0.1:59250] for POST '/session/a66aed878619d8aba15cdacc786232fe/element'
11:06:09.630 [AsyncHttpClient-1-8] DEBUG org.asynchttpclient.netty.handler.HttpHandler - 

Request DefaultHttpRequest(decodeResult: success, version: HTTP/1.1)
POST /session/a66aed878619d8aba15cdacc786232fe/element HTTP/1.1
User-Agent: selenium/4.1.2 (java windows)
Content-Length: 166
Content-Type: application/json; charset=utf-8
host: localhost:59250
accept: */*

Response DefaultHttpResponse(decodeResult: success, version: HTTP/1.1)
HTTP/1.1 200 OK
Content-Type: application/json; charset=utf-8
cache-control: no-cache
content-length: 88

11:06:09.630 [AsyncHttpClient-1-8] DEBUG org.asynchttpclient.netty.channel.ChannelManager - Adding key: http://localhost:59250 for channel [id: 0xfe024236, L:/127.0.0.1:60365 - R:localhost/127.0.0.1:59250]
11:06:09.636 [Forwarding sendKeysToElement on session a66aed878619d8aba15cdacc786232fe to remote] DEBUG org.asynchttpclient.netty.request.NettyRequestSender - Using pooled Channel '[id: 0xfe024236, L:/127.0.0.1:60365 - R:localhost/127.0.0.1:59250]' for 'POST' to 'http://localhost:59250/session/a66aed878619d8aba15cdacc786232fe/element/73e61eaa-ba73-4d6c-a5c0-0212f9c1d724/value'
11:06:09.637 [Forwarding sendKeysToElement on session a66aed878619d8aba15cdacc786232fe to remote] DEBUG org.asynchttpclient.netty.request.NettyRequestSender - Using open Channel [id: 0xfe024236, L:/127.0.0.1:60365 - R:localhost/127.0.0.1:59250] for POST '/session/a66aed878619d8aba15cdacc786232fe/element/73e61eaa-ba73-4d6c-a5c0-0212f9c1d724/value'
11:06:09.918 [AsyncHttpClient-1-1] DEBUG org.asynchttpclient.netty.channel.DefaultChannelPool - Entry count for : http://localhost:60367 : 1
11:06:10.014 [AsyncHttpClient-1-8] DEBUG org.asynchttpclient.netty.handler.HttpHandler - 

Request DefaultHttpRequest(decodeResult: success, version: HTTP/1.1)
POST /session/a66aed878619d8aba15cdacc786232fe/element/73e61eaa-ba73-4d6c-a5c0-0212f9c1d724/value HTTP/1.1
User-Agent: selenium/4.1.2 (java windows)
Content-Length: 181
Content-Type: application/json; charset=utf-8
host: localhost:59250
accept: */*

Response DefaultHttpResponse(decodeResult: success, version: HTTP/1.1)
HTTP/1.1 200 OK
Content-Type: application/json; charset=utf-8
cache-control: no-cache
content-length: 14

11:06:10.015 [AsyncHttpClient-1-8] DEBUG org.asynchttpclient.netty.channel.ChannelManager - Adding key: http://localhost:59250 for channel [id: 0xfe024236, L:/127.0.0.1:60365 - R:localhost/127.0.0.1:59250]
11:06:10.032 [Forwarding screenshot on session a66aed878619d8aba15cdacc786232fe to remote] DEBUG org.asynchttpclient.netty.request.NettyRequestSender - Using pooled Channel '[id: 0xfe024236, L:/127.0.0.1:60365 - R:localhost/127.0.0.1:59250]' for 'GET' to 'http://localhost:59250/session/a66aed878619d8aba15cdacc786232fe/screenshot'
11:06:10.032 [Forwarding screenshot on session a66aed878619d8aba15cdacc786232fe to remote] DEBUG org.asynchttpclient.netty.request.NettyRequestSender - Using open Channel [id: 0xfe024236, L:/127.0.0.1:60365 - R:localhost/127.0.0.1:59250] for GET '/session/a66aed878619d8aba15cdacc786232fe/screenshot'
11:06:10.337 [AsyncHttpClient-1-8] DEBUG org.asynchttpclient.netty.handler.HttpHandler - 

Request DefaultFullHttpRequest(decodeResult: success, version: HTTP/1.1, content: EmptyByteBufBE)
GET /session/a66aed878619d8aba15cdacc786232fe/screenshot HTTP/1.1
User-Agent: selenium/4.1.2 (java windows)
Cache-Control: no-cache
Content-Type: application/json; charset=utf-8
host: localhost:59250
accept: */*

Response DefaultHttpResponse(decodeResult: success, version: HTTP/1.1)
HTTP/1.1 200 OK
Content-Type: application/json; charset=utf-8
cache-control: no-cache
content-length: 364260

11:06:10.342 [AsyncHttpClient-1-8] DEBUG org.asynchttpclient.netty.channel.ChannelManager - Adding key: http://localhost:59250 for channel [id: 0xfe024236, L:/127.0.0.1:60365 - R:localhost/127.0.0.1:59250]
11:06:10.383 [main] DEBUG net.serenitybdd.core.photography.Darkroom - Send negative for processing for target\site\serenity\53890f2fac5369dd603fc7f437c7b0644f5d77d3d17138dcb96311bf9710787f.png
11:06:10.384 [main] DEBUG net.thucydides.core.steps.StepInterceptor - STEP DONE: inputDataPasien
  &amp#27;[32mThen &amp#27;[0m&amp#27;[32mI input &amp#27;[0m&amp#27;[32m&amp#27;[1m"Bagas"&amp#27;[0m&amp#27;[32m &amp#27;[0m&amp#27;[32m&amp#27;[1m"12344"&amp#27;[0m&amp#27;[32m &amp#27;[0m&amp#27;[32m&amp#27;[1m"Bedah"&amp#27;[0m&amp#27;[32m &amp#27;[0m&amp#27;[32m&amp#27;[1m"BagasBedah"&amp#27;[0m&amp#27;[32m &amp#27;[0m&amp#27;[32m&amp#27;[1m"BagasBedah"&amp#27;[0m&amp#27;[32m dokter&amp#27;[0m &amp#27;[90m# starter.stepdefinitios.DokterDataSteps.iInputDokter(java.lang.String,java.lang.String,java.lang.String,java.lang.String,java.lang.String)&amp#27;[0m
11:06:10.385 [Darkroom Processing Line] DEBUG net.serenitybdd.core.photography.DarkroomProcessingLine - Processing screenshot image in /var/screenshots/screenshot-8848917719950010022
11:06:10.385 [Darkroom Processing Line] DEBUG net.serenitybdd.core.photography.DarkroomProcessingLine - Saving screenshot to target\site\serenity\53890f2fac5369dd603fc7f437c7b0644f5d77d3d17138dcb96311bf9710787f.png
11:06:10.438 [Forwarding screenshot on session a66aed878619d8aba15cdacc786232fe to remote] DEBUG org.asynchttpclient.netty.request.NettyRequestSender - Using pooled Channel '[id: 0xfe024236, L:/127.0.0.1:60365 - R:localhost/127.0.0.1:59250]' for 'GET' to 'http://localhost:59250/session/a66aed878619d8aba15cdacc786232fe/screenshot'
11:06:10.439 [Forwarding screenshot on session a66aed878619d8aba15cdacc786232fe to remote] DEBUG org.asynchttpclient.netty.request.NettyRequestSender - Using open Channel [id: 0xfe024236, L:/127.0.0.1:60365 - R:localhost/127.0.0.1:59250] for GET '/session/a66aed878619d8aba15cdacc786232fe/screenshot'
11:06:10.751 [AsyncHttpClient-1-8] DEBUG org.asynchttpclient.netty.handler.HttpHandler - 

Request DefaultFullHttpRequest(decodeResult: success, version: HTTP/1.1, content: EmptyByteBufBE)
GET /session/a66aed878619d8aba15cdacc786232fe/screenshot HTTP/1.1
User-Agent: selenium/4.1.2 (java windows)
Cache-Control: no-cache
Content-Type: application/json; charset=utf-8
host: localhost:59250
accept: */*

Response DefaultHttpResponse(decodeResult: success, version: HTTP/1.1)
HTTP/1.1 200 OK
Content-Type: application/json; charset=utf-8
cache-control: no-cache
content-length: 364260

11:06:10.756 [AsyncHttpClient-1-8] DEBUG org.asynchttpclient.netty.channel.ChannelManager - Adding key: http://localhost:59250 for channel [id: 0xfe024236, L:/127.0.0.1:60365 - R:localhost/127.0.0.1:59250]
11:06:10.785 [main] DEBUG net.serenitybdd.core.photography.Darkroom - Send negative for processing for target\site\serenity\53890f2fac5369dd603fc7f437c7b0644f5d77d3d17138dcb96311bf9710787f.png
11:06:10.786 [main] DEBUG net.thucydides.core.steps.StepInterceptor - STARTING STEP: PatientDataSteps.clickButtonSimpan - clickButtonSave
11:06:10.795 [Forwarding findElement on session a66aed878619d8aba15cdacc786232fe to remote] DEBUG org.asynchttpclient.netty.request.NettyRequestSender - Using pooled Channel '[id: 0xfe024236, L:/127.0.0.1:60365 - R:localhost/127.0.0.1:59250]' for 'POST' to 'http://localhost:59250/session/a66aed878619d8aba15cdacc786232fe/element'
11:06:10.795 [Forwarding findElement on session a66aed878619d8aba15cdacc786232fe to remote] DEBUG org.asynchttpclient.netty.request.NettyRequestSender - Using open Channel [id: 0xfe024236, L:/127.0.0.1:60365 - R:localhost/127.0.0.1:59250] for POST '/session/a66aed878619d8aba15cdacc786232fe/element'
11:06:10.821 [AsyncHttpClient-1-8] DEBUG org.asynchttpclient.netty.handler.HttpHandler - 

Request DefaultHttpRequest(decodeResult: success, version: HTTP/1.1)
POST /session/a66aed878619d8aba15cdacc786232fe/element HTTP/1.1
User-Agent: selenium/4.1.2 (java windows)
Content-Length: 149
Content-Type: application/json; charset=utf-8
host: localhost:59250
accept: */*

Response DefaultHttpResponse(decodeResult: success, version: HTTP/1.1)
HTTP/1.1 200 OK
Content-Type: application/json; charset=utf-8
cache-control: no-cache
content-length: 88

11:06:10.822 [AsyncHttpClient-1-8] DEBUG org.asynchttpclient.netty.channel.ChannelManager - Adding key: http://localhost:59250 for channel [id: 0xfe024236, L:/127.0.0.1:60365 - R:localhost/127.0.0.1:59250]
11:06:10.826 [Forwarding getElementTagName on session a66aed878619d8aba15cdacc786232fe to remote] DEBUG org.asynchttpclient.netty.request.NettyRequestSender - Using pooled Channel '[id: 0xfe024236, L:/127.0.0.1:60365 - R:localhost/127.0.0.1:59250]' for 'GET' to 'http://localhost:59250/session/a66aed878619d8aba15cdacc786232fe/element/d6e3a346-6939-4f33-8bed-65a3e605ebd9/name'
11:06:10.826 [Forwarding getElementTagName on session a66aed878619d8aba15cdacc786232fe to remote] DEBUG org.asynchttpclient.netty.request.NettyRequestSender - Using open Channel [id: 0xfe024236, L:/127.0.0.1:60365 - R:localhost/127.0.0.1:59250] for GET '/session/a66aed878619d8aba15cdacc786232fe/element/d6e3a346-6939-4f33-8bed-65a3e605ebd9/name'
11:06:10.839 [AsyncHttpClient-1-8] DEBUG org.asynchttpclient.netty.handler.HttpHandler - 

Request DefaultFullHttpRequest(decodeResult: success, version: HTTP/1.1, content: EmptyByteBufBE)
GET /session/a66aed878619d8aba15cdacc786232fe/element/d6e3a346-6939-4f33-8bed-65a3e605ebd9/name HTTP/1.1
User-Agent: selenium/4.1.2 (java windows)
Cache-Control: no-cache
Content-Type: application/json; charset=utf-8
host: localhost:59250
accept: */*

Response DefaultHttpResponse(decodeResult: success, version: HTTP/1.1)
HTTP/1.1 200 OK
Content-Type: application/json; charset=utf-8
cache-control: no-cache
content-length: 18

11:06:10.840 [AsyncHttpClient-1-8] DEBUG org.asynchttpclient.netty.channel.ChannelManager - Adding key: http://localhost:59250 for channel [id: 0xfe024236, L:/127.0.0.1:60365 - R:localhost/127.0.0.1:59250]
11:06:10.843 [Forwarding getElementTagName on session a66aed878619d8aba15cdacc786232fe to remote] DEBUG org.asynchttpclient.netty.request.NettyRequestSender - Using pooled Channel '[id: 0xfe024236, L:/127.0.0.1:60365 - R:localhost/127.0.0.1:59250]' for 'GET' to 'http://localhost:59250/session/a66aed878619d8aba15cdacc786232fe/element/d6e3a346-6939-4f33-8bed-65a3e605ebd9/name'
11:06:10.844 [Forwarding getElementTagName on session a66aed878619d8aba15cdacc786232fe to remote] DEBUG org.asynchttpclient.netty.request.NettyRequestSender - Using open Channel [id: 0xfe024236, L:/127.0.0.1:60365 - R:localhost/127.0.0.1:59250] for GET '/session/a66aed878619d8aba15cdacc786232fe/element/d6e3a346-6939-4f33-8bed-65a3e605ebd9/name'
11:06:10.855 [AsyncHttpClient-1-8] DEBUG org.asynchttpclient.netty.handler.HttpHandler - 

Request DefaultFullHttpRequest(decodeResult: success, version: HTTP/1.1, content: EmptyByteBufBE)
GET /session/a66aed878619d8aba15cdacc786232fe/element/d6e3a346-6939-4f33-8bed-65a3e605ebd9/name HTTP/1.1
User-Agent: selenium/4.1.2 (java windows)
Cache-Control: no-cache
Content-Type: application/json; charset=utf-8
host: localhost:59250
accept: */*

Response DefaultHttpResponse(decodeResult: success, version: HTTP/1.1)
HTTP/1.1 200 OK
Content-Type: application/json; charset=utf-8
cache-control: no-cache
content-length: 18

11:06:10.855 [AsyncHttpClient-1-8] DEBUG org.asynchttpclient.netty.channel.ChannelManager - Adding key: http://localhost:59250 for channel [id: 0xfe024236, L:/127.0.0.1:60365 - R:localhost/127.0.0.1:59250]
11:06:10.863 [Forwarding isElementEnabled on session a66aed878619d8aba15cdacc786232fe to remote] DEBUG org.asynchttpclient.netty.request.NettyRequestSender - Using pooled Channel '[id: 0xfe024236, L:/127.0.0.1:60365 - R:localhost/127.0.0.1:59250]' for 'GET' to 'http://localhost:59250/session/a66aed878619d8aba15cdacc786232fe/element/d6e3a346-6939-4f33-8bed-65a3e605ebd9/enabled'
11:06:10.864 [Forwarding isElementEnabled on session a66aed878619d8aba15cdacc786232fe to remote] DEBUG org.asynchttpclient.netty.request.NettyRequestSender - Using open Channel [id: 0xfe024236, L:/127.0.0.1:60365 - R:localhost/127.0.0.1:59250] for GET '/session/a66aed878619d8aba15cdacc786232fe/element/d6e3a346-6939-4f33-8bed-65a3e605ebd9/enabled'
11:06:10.904 [AsyncHttpClient-1-8] DEBUG org.asynchttpclient.netty.handler.HttpHandler - 

Request DefaultFullHttpRequest(decodeResult: success, version: HTTP/1.1, content: EmptyByteBufBE)
GET /session/a66aed878619d8aba15cdacc786232fe/element/d6e3a346-6939-4f33-8bed-65a3e605ebd9/enabled HTTP/1.1
User-Agent: selenium/4.1.2 (java windows)
Cache-Control: no-cache
Content-Type: application/json; charset=utf-8
host: localhost:59250
accept: */*

Response DefaultHttpResponse(decodeResult: success, version: HTTP/1.1)
HTTP/1.1 200 OK
Content-Type: application/json; charset=utf-8
cache-control: no-cache
content-length: 14

11:06:10.905 [AsyncHttpClient-1-8] DEBUG org.asynchttpclient.netty.channel.ChannelManager - Adding key: http://localhost:59250 for channel [id: 0xfe024236, L:/127.0.0.1:60365 - R:localhost/127.0.0.1:59250]
11:06:10.909 [Forwarding isElementEnabled on session a66aed878619d8aba15cdacc786232fe to remote] DEBUG org.asynchttpclient.netty.request.NettyRequestSender - Using pooled Channel '[id: 0xfe024236, L:/127.0.0.1:60365 - R:localhost/127.0.0.1:59250]' for 'GET' to 'http://localhost:59250/session/a66aed878619d8aba15cdacc786232fe/element/d6e3a346-6939-4f33-8bed-65a3e605ebd9/enabled'
11:06:10.909 [Forwarding isElementEnabled on session a66aed878619d8aba15cdacc786232fe to remote] DEBUG org.asynchttpclient.netty.request.NettyRequestSender - Using open Channel [id: 0xfe024236, L:/127.0.0.1:60365 - R:localhost/127.0.0.1:59250] for GET '/session/a66aed878619d8aba15cdacc786232fe/element/d6e3a346-6939-4f33-8bed-65a3e605ebd9/enabled'
11:06:10.935 [AsyncHttpClient-1-8] DEBUG org.asynchttpclient.netty.handler.HttpHandler - 

Request DefaultFullHttpRequest(decodeResult: success, version: HTTP/1.1, content: EmptyByteBufBE)
GET /session/a66aed878619d8aba15cdacc786232fe/element/d6e3a346-6939-4f33-8bed-65a3e605ebd9/enabled HTTP/1.1
User-Agent: selenium/4.1.2 (java windows)
Cache-Control: no-cache
Content-Type: application/json; charset=utf-8
host: localhost:59250
accept: */*

Response DefaultHttpResponse(decodeResult: success, version: HTTP/1.1)
HTTP/1.1 200 OK
Content-Type: application/json; charset=utf-8
cache-control: no-cache
content-length: 14

11:06:10.936 [AsyncHttpClient-1-8] DEBUG org.asynchttpclient.netty.channel.ChannelManager - Adding key: http://localhost:59250 for channel [id: 0xfe024236, L:/127.0.0.1:60365 - R:localhost/127.0.0.1:59250]
11:06:10.942 [Forwarding findElement on session a66aed878619d8aba15cdacc786232fe to remote] DEBUG org.asynchttpclient.netty.request.NettyRequestSender - Using pooled Channel '[id: 0xfe024236, L:/127.0.0.1:60365 - R:localhost/127.0.0.1:59250]' for 'POST' to 'http://localhost:59250/session/a66aed878619d8aba15cdacc786232fe/element'
11:06:10.943 [Forwarding findElement on session a66aed878619d8aba15cdacc786232fe to remote] DEBUG org.asynchttpclient.netty.request.NettyRequestSender - Using open Channel [id: 0xfe024236, L:/127.0.0.1:60365 - R:localhost/127.0.0.1:59250] for POST '/session/a66aed878619d8aba15cdacc786232fe/element'
11:06:10.965 [AsyncHttpClient-1-8] DEBUG org.asynchttpclient.netty.handler.HttpHandler - 

Request DefaultHttpRequest(decodeResult: success, version: HTTP/1.1)
POST /session/a66aed878619d8aba15cdacc786232fe/element HTTP/1.1
User-Agent: selenium/4.1.2 (java windows)
Content-Length: 149
Content-Type: application/json; charset=utf-8
host: localhost:59250
accept: */*

Response DefaultHttpResponse(decodeResult: success, version: HTTP/1.1)
HTTP/1.1 200 OK
Content-Type: application/json; charset=utf-8
cache-control: no-cache
content-length: 88

11:06:10.966 [AsyncHttpClient-1-8] DEBUG org.asynchttpclient.netty.channel.ChannelManager - Adding key: http://localhost:59250 for channel [id: 0xfe024236, L:/127.0.0.1:60365 - R:localhost/127.0.0.1:59250]
11:06:10.970 [Forwarding clickElement on session a66aed878619d8aba15cdacc786232fe to remote] DEBUG org.asynchttpclient.netty.request.NettyRequestSender - Using pooled Channel '[id: 0xfe024236, L:/127.0.0.1:60365 - R:localhost/127.0.0.1:59250]' for 'POST' to 'http://localhost:59250/session/a66aed878619d8aba15cdacc786232fe/element/d6e3a346-6939-4f33-8bed-65a3e605ebd9/click'
11:06:10.971 [Forwarding clickElement on session a66aed878619d8aba15cdacc786232fe to remote] DEBUG org.asynchttpclient.netty.request.NettyRequestSender - Using open Channel [id: 0xfe024236, L:/127.0.0.1:60365 - R:localhost/127.0.0.1:59250] for POST '/session/a66aed878619d8aba15cdacc786232fe/element/d6e3a346-6939-4f33-8bed-65a3e605ebd9/click'
11:06:11.013 [AsyncHttpClient-1-1] DEBUG org.asynchttpclient.netty.channel.DefaultChannelPool - Entry count for : http://localhost:60367 : 1
11:06:11.078 [AsyncHttpClient-1-8] DEBUG org.asynchttpclient.netty.handler.HttpHandler - 

Request DefaultHttpRequest(decodeResult: success, version: HTTP/1.1)
POST /session/a66aed878619d8aba15cdacc786232fe/element/d6e3a346-6939-4f33-8bed-65a3e605ebd9/click HTTP/1.1
User-Agent: selenium/4.1.2 (java windows)
Content-Length: 50
Content-Type: application/json; charset=utf-8
host: localhost:59250
accept: */*

Response DefaultHttpResponse(decodeResult: success, version: HTTP/1.1)
HTTP/1.1 200 OK
Content-Type: application/json; charset=utf-8
cache-control: no-cache
content-length: 14

11:06:11.080 [AsyncHttpClient-1-8] DEBUG org.asynchttpclient.netty.channel.ChannelManager - Adding key: http://localhost:59250 for channel [id: 0xfe024236, L:/127.0.0.1:60365 - R:localhost/127.0.0.1:59250]
11:06:11.115 [Forwarding screenshot on session a66aed878619d8aba15cdacc786232fe to remote] DEBUG org.asynchttpclient.netty.request.NettyRequestSender - Using pooled Channel '[id: 0xfe024236, L:/127.0.0.1:60365 - R:localhost/127.0.0.1:59250]' for 'GET' to 'http://localhost:59250/session/a66aed878619d8aba15cdacc786232fe/screenshot'
11:06:11.116 [Forwarding screenshot on session a66aed878619d8aba15cdacc786232fe to remote] DEBUG org.asynchttpclient.netty.request.NettyRequestSender - Using open Channel [id: 0xfe024236, L:/127.0.0.1:60365 - R:localhost/127.0.0.1:59250] for GET '/session/a66aed878619d8aba15cdacc786232fe/screenshot'
11:06:11.742 [AsyncHttpClient-1-8] DEBUG org.asynchttpclient.netty.handler.HttpHandler - 

Request DefaultFullHttpRequest(decodeResult: success, version: HTTP/1.1, content: EmptyByteBufBE)
GET /session/a66aed878619d8aba15cdacc786232fe/screenshot HTTP/1.1
User-Agent: selenium/4.1.2 (java windows)
Cache-Control: no-cache
Content-Type: application/json; charset=utf-8
host: localhost:59250
accept: */*

Response DefaultHttpResponse(decodeResult: success, version: HTTP/1.1)
HTTP/1.1 500 Internal Server Error
Content-Type: application/json; charset=utf-8
cache-control: no-cache
content-length: 882

11:06:11.743 [AsyncHttpClient-1-8] DEBUG org.asynchttpclient.netty.channel.ChannelManager - Adding key: http://localhost:59250 for channel [id: 0xfe024236, L:/127.0.0.1:60365 - R:localhost/127.0.0.1:59250]
11:06:11.786 [main] WARN net.thucydides.core.webdriver.WebDriverFacade - Failed to take screenshot (unexpected alert open: <unknown>
  (Session info: chrome=102.0.5005.115): 
Build info: version: '4.1.2', revision: '9a5a329c5a'
System info: host: 'MOOK-HON', ip: '192.168.100.6', os.name: 'Windows 10', os.arch: 'amd64', os.version: '10.0', java.version: '11.0.14'
Driver info: org.openqa.selenium.chrome.ChromeDriver
Command: [a66aed878619d8aba15cdacc786232fe, screenshot {}]
Capabilities {acceptInsecureCerts: false, browserName: chrome, browserVersion: 102.0.5005.115, chrome: {chromedriverVersion: 102.0.5005.61 (0e59bcc00cc4..., userDataDir: C:\Users\ASUS\AppData\Local...}, goog:chromeOptions: {debuggerAddress: localhost:60367}, javascriptEnabled: true, networkConnectionEnabled: false, pageLoadStrategy: normal, platform: WINDOWS, platformName: WINDOWS, proxy: Proxy(), se:cdp: ws://localhost:60367/devtoo..., se:cdpVersion: 102.0.5005.115, setWindowRect: true, strictFileInteractability: false, timeouts: {implicit: 0, pageLoad: 300000, script: 30000}, unhandledPromptBehavior: dismiss and notify, webauthn:extension:credBlob: true, webauthn:extension:largeBlob: true, webauthn:virtualAuthenticators: true}
Session ID: a66aed878619d8aba15cdacc786232fe)
11:06:11.786 [main] DEBUG net.thucydides.core.steps.StepInterceptor - STEP DONE: clickButtonSave
  &amp#27;[32mAnd &amp#27;[0m&amp#27;[32mClick button simpan&amp#27;[0m                                               &amp#27;[90m# starter.stepdefinitios.PatientDataSteps.clickButtonSimpan()&amp#27;[0m
11:06:11.822 [Forwarding screenshot on session a66aed878619d8aba15cdacc786232fe to remote] DEBUG org.asynchttpclient.netty.request.NettyRequestSender - Using pooled Channel '[id: 0xfe024236, L:/127.0.0.1:60365 - R:localhost/127.0.0.1:59250]' for 'GET' to 'http://localhost:59250/session/a66aed878619d8aba15cdacc786232fe/screenshot'
11:06:11.822 [Forwarding screenshot on session a66aed878619d8aba15cdacc786232fe to remote] DEBUG org.asynchttpclient.netty.request.NettyRequestSender - Using open Channel [id: 0xfe024236, L:/127.0.0.1:60365 - R:localhost/127.0.0.1:59250] for GET '/session/a66aed878619d8aba15cdacc786232fe/screenshot'
11:06:11.840 [AsyncHttpClient-1-8] DEBUG org.asynchttpclient.netty.handler.HttpHandler - 

Request DefaultFullHttpRequest(decodeResult: success, version: HTTP/1.1, content: EmptyByteBufBE)
GET /session/a66aed878619d8aba15cdacc786232fe/screenshot HTTP/1.1
User-Agent: selenium/4.1.2 (java windows)
Cache-Control: no-cache
Content-Type: application/json; charset=utf-8
host: localhost:59250
accept: */*

Response DefaultHttpResponse(decodeResult: success, version: HTTP/1.1)
HTTP/1.1 500 Internal Server Error
Content-Type: application/json; charset=utf-8
cache-control: no-cache
content-length: 921

11:06:11.841 [AsyncHttpClient-1-8] DEBUG org.asynchttpclient.netty.channel.ChannelManager - Adding key: http://localhost:59250 for channel [id: 0xfe024236, L:/127.0.0.1:60365 - R:localhost/127.0.0.1:59250]
11:06:11.850 [main] WARN net.thucydides.core.webdriver.WebDriverFacade - Failed to take screenshot (unexpected alert open: {Alert text : Data telah ditambah}
  (Session info: chrome=102.0.5005.115): Data telah ditambah
Build info: version: '4.1.2', revision: '9a5a329c5a'
System info: host: 'MOOK-HON', ip: '192.168.100.6', os.name: 'Windows 10', os.arch: 'amd64', os.version: '10.0', java.version: '11.0.14'
Driver info: org.openqa.selenium.chrome.ChromeDriver
Command: [a66aed878619d8aba15cdacc786232fe, screenshot {}]
Capabilities {acceptInsecureCerts: false, browserName: chrome, browserVersion: 102.0.5005.115, chrome: {chromedriverVersion: 102.0.5005.61 (0e59bcc00cc4..., userDataDir: C:\Users\ASUS\AppData\Local...}, goog:chromeOptions: {debuggerAddress: localhost:60367}, javascriptEnabled: true, networkConnectionEnabled: false, pageLoadStrategy: normal, platform: WINDOWS, platformName: WINDOWS, proxy: Proxy(), se:cdp: ws://localhost:60367/devtoo..., se:cdpVersion: 102.0.5005.115, setWindowRect: true, strictFileInteractability: false, timeouts: {implicit: 0, pageLoad: 300000, script: 30000}, unhandledPromptBehavior: dismiss and notify, webauthn:extension:credBlob: true, webauthn:extension:largeBlob: true, webauthn:virtualAuthenticators: true}
Session ID: a66aed878619d8aba15cdacc786232fe)
11:06:11.903 [Forwarding screenshot on session a66aed878619d8aba15cdacc786232fe to remote] DEBUG org.asynchttpclient.netty.request.NettyRequestSender - Using pooled Channel '[id: 0xfe024236, L:/127.0.0.1:60365 - R:localhost/127.0.0.1:59250]' for 'GET' to 'http://localhost:59250/session/a66aed878619d8aba15cdacc786232fe/screenshot'
11:06:11.904 [Forwarding screenshot on session a66aed878619d8aba15cdacc786232fe to remote] DEBUG org.asynchttpclient.netty.request.NettyRequestSender - Using open Channel [id: 0xfe024236, L:/127.0.0.1:60365 - R:localhost/127.0.0.1:59250] for GET '/session/a66aed878619d8aba15cdacc786232fe/screenshot'
11:06:12.148 [AsyncHttpClient-1-1] DEBUG org.asynchttpclient.netty.channel.DefaultChannelPool - Entry count for : http://localhost:60367 : 1
11:06:12.550 [AsyncHttpClient-1-8] DEBUG org.asynchttpclient.netty.handler.HttpHandler - 

Request DefaultFullHttpRequest(decodeResult: success, version: HTTP/1.1, content: EmptyByteBufBE)
GET /session/a66aed878619d8aba15cdacc786232fe/screenshot HTTP/1.1
User-Agent: selenium/4.1.2 (java windows)
Cache-Control: no-cache
Content-Type: application/json; charset=utf-8
host: localhost:59250
accept: */*

Response DefaultHttpResponse(decodeResult: success, version: HTTP/1.1)
HTTP/1.1 200 OK
Content-Type: application/json; charset=utf-8
cache-control: no-cache
content-length: 71412

11:06:12.553 [AsyncHttpClient-1-8] DEBUG org.asynchttpclient.netty.channel.ChannelManager - Adding key: http://localhost:59250 for channel [id: 0xfe024236, L:/127.0.0.1:60365 - R:localhost/127.0.0.1:59250]
11:06:12.560 [main] DEBUG net.serenitybdd.core.photography.Darkroom - Send negative for processing for target\site\serenity\641553ea0c7ee1350e9d99c43bd8b22ab0037bbbf11d544d65f62061eb96ca5a.png
11:06:13.083 [Forwarding screenshot on session a66aed878619d8aba15cdacc786232fe to remote] DEBUG org.asynchttpclient.netty.request.NettyRequestSender - Using pooled Channel '[id: 0xfe024236, L:/127.0.0.1:60365 - R:localhost/127.0.0.1:59250]' for 'GET' to 'http://localhost:59250/session/a66aed878619d8aba15cdacc786232fe/screenshot'
11:06:13.083 [Forwarding screenshot on session a66aed878619d8aba15cdacc786232fe to remote] DEBUG org.asynchttpclient.netty.request.NettyRequestSender - Using open Channel [id: 0xfe024236, L:/127.0.0.1:60365 - R:localhost/127.0.0.1:59250] for GET '/session/a66aed878619d8aba15cdacc786232fe/screenshot'
11:06:13.216 [AsyncHttpClient-1-1] DEBUG org.asynchttpclient.netty.channel.DefaultChannelPool - Entry count for : http://localhost:60367 : 1
11:06:13.261 [AsyncHttpClient-1-8] DEBUG org.asynchttpclient.netty.handler.HttpHandler - 

Request DefaultFullHttpRequest(decodeResult: success, version: HTTP/1.1, content: EmptyByteBufBE)
GET /session/a66aed878619d8aba15cdacc786232fe/screenshot HTTP/1.1
User-Agent: selenium/4.1.2 (java windows)
Cache-Control: no-cache
Content-Type: application/json; charset=utf-8
host: localhost:59250
accept: */*

Response DefaultHttpResponse(decodeResult: success, version: HTTP/1.1)
HTTP/1.1 200 OK
Content-Type: application/json; charset=utf-8
cache-control: no-cache
content-length: 78600

11:06:13.263 [AsyncHttpClient-1-8] DEBUG org.asynchttpclient.netty.channel.ChannelManager - Adding key: http://localhost:59250 for channel [id: 0xfe024236, L:/127.0.0.1:60365 - R:localhost/127.0.0.1:59250]
11:06:13.271 [main] DEBUG net.serenitybdd.core.photography.Darkroom - Send negative for processing for target\site\serenity\bb60001fbbd348e80211548d85c6e6eac0e6c8d2962676e5a674a2ebb0132ef9.png
11:06:13.272 [main] DEBUG net.thucydides.core.steps.StepInterceptor - STARTING STEP: DokterDataSteps.validDataDokter - validPagePasien
11:06:13.274 [Darkroom Processing Line] DEBUG net.serenitybdd.core.photography.DarkroomProcessingLine - Processing screenshot image in /var/screenshots/screenshot-8286968824410959291
11:06:13.274 [Darkroom Processing Line] DEBUG net.serenitybdd.core.photography.DarkroomProcessingLine - Saving screenshot to target\site\serenity\bb60001fbbd348e80211548d85c6e6eac0e6c8d2962676e5a674a2ebb0132ef9.png
11:06:13.287 [Forwarding findElement on session a66aed878619d8aba15cdacc786232fe to remote] DEBUG org.asynchttpclient.netty.request.NettyRequestSender - Using pooled Channel '[id: 0xfe024236, L:/127.0.0.1:60365 - R:localhost/127.0.0.1:59250]' for 'POST' to 'http://localhost:59250/session/a66aed878619d8aba15cdacc786232fe/element'
11:06:13.287 [Forwarding findElement on session a66aed878619d8aba15cdacc786232fe to remote] DEBUG org.asynchttpclient.netty.request.NettyRequestSender - Using open Channel [id: 0xfe024236, L:/127.0.0.1:60365 - R:localhost/127.0.0.1:59250] for POST '/session/a66aed878619d8aba15cdacc786232fe/element'
11:06:13.375 [AsyncHttpClient-1-8] DEBUG org.asynchttpclient.netty.handler.HttpHandler - 

Request DefaultHttpRequest(decodeResult: success, version: HTTP/1.1)
POST /session/a66aed878619d8aba15cdacc786232fe/element HTTP/1.1
User-Agent: selenium/4.1.2 (java windows)
Content-Length: 138
Content-Type: application/json; charset=utf-8
host: localhost:59250
accept: */*

Response DefaultHttpResponse(decodeResult: success, version: HTTP/1.1)
HTTP/1.1 200 OK
Content-Type: application/json; charset=utf-8
cache-control: no-cache
content-length: 88

11:06:13.376 [AsyncHttpClient-1-8] DEBUG org.asynchttpclient.netty.channel.ChannelManager - Adding key: http://localhost:59250 for channel [id: 0xfe024236, L:/127.0.0.1:60365 - R:localhost/127.0.0.1:59250]
11:06:13.380 [Forwarding isElementEnabled on session a66aed878619d8aba15cdacc786232fe to remote] DEBUG org.asynchttpclient.netty.request.NettyRequestSender - Using pooled Channel '[id: 0xfe024236, L:/127.0.0.1:60365 - R:localhost/127.0.0.1:59250]' for 'GET' to 'http://localhost:59250/session/a66aed878619d8aba15cdacc786232fe/element/29149dd1-1652-4ba0-8ff4-0e1a6f1ed442/enabled'
11:06:13.380 [Forwarding isElementEnabled on session a66aed878619d8aba15cdacc786232fe to remote] DEBUG org.asynchttpclient.netty.request.NettyRequestSender - Using open Channel [id: 0xfe024236, L:/127.0.0.1:60365 - R:localhost/127.0.0.1:59250] for GET '/session/a66aed878619d8aba15cdacc786232fe/element/29149dd1-1652-4ba0-8ff4-0e1a6f1ed442/enabled'
11:06:13.436 [AsyncHttpClient-1-8] DEBUG org.asynchttpclient.netty.handler.HttpHandler - 

Request DefaultFullHttpRequest(decodeResult: success, version: HTTP/1.1, content: EmptyByteBufBE)
GET /session/a66aed878619d8aba15cdacc786232fe/element/29149dd1-1652-4ba0-8ff4-0e1a6f1ed442/enabled HTTP/1.1
User-Agent: selenium/4.1.2 (java windows)
Cache-Control: no-cache
Content-Type: application/json; charset=utf-8
host: localhost:59250
accept: */*

Response DefaultHttpResponse(decodeResult: success, version: HTTP/1.1)
HTTP/1.1 200 OK
Content-Type: application/json; charset=utf-8
cache-control: no-cache
content-length: 14

11:06:13.436 [AsyncHttpClient-1-8] DEBUG org.asynchttpclient.netty.channel.ChannelManager - Adding key: http://localhost:59250 for channel [id: 0xfe024236, L:/127.0.0.1:60365 - R:localhost/127.0.0.1:59250]
11:06:13.450 [Forwarding screenshot on session a66aed878619d8aba15cdacc786232fe to remote] DEBUG org.asynchttpclient.netty.request.NettyRequestSender - Using pooled Channel '[id: 0xfe024236, L:/127.0.0.1:60365 - R:localhost/127.0.0.1:59250]' for 'GET' to 'http://localhost:59250/session/a66aed878619d8aba15cdacc786232fe/screenshot'
11:06:13.451 [Forwarding screenshot on session a66aed878619d8aba15cdacc786232fe to remote] DEBUG org.asynchttpclient.netty.request.NettyRequestSender - Using open Channel [id: 0xfe024236, L:/127.0.0.1:60365 - R:localhost/127.0.0.1:59250] for GET '/session/a66aed878619d8aba15cdacc786232fe/screenshot'
11:06:13.702 [AsyncHttpClient-1-8] DEBUG org.asynchttpclient.netty.handler.HttpHandler - 

Request DefaultFullHttpRequest(decodeResult: success, version: HTTP/1.1, content: EmptyByteBufBE)
GET /session/a66aed878619d8aba15cdacc786232fe/screenshot HTTP/1.1
User-Agent: selenium/4.1.2 (java windows)
Cache-Control: no-cache
Content-Type: application/json; charset=utf-8
host: localhost:59250
accept: */*

Response DefaultHttpResponse(decodeResult: success, version: HTTP/1.1)
HTTP/1.1 200 OK
Content-Type: application/json; charset=utf-8
cache-control: no-cache
content-length: 78600

11:06:13.703 [AsyncHttpClient-1-8] DEBUG org.asynchttpclient.netty.channel.ChannelManager - Adding key: http://localhost:59250 for channel [id: 0xfe024236, L:/127.0.0.1:60365 - R:localhost/127.0.0.1:59250]
11:06:13.713 [main] DEBUG net.serenitybdd.core.photography.Darkroom - Send negative for processing for target\site\serenity\bb60001fbbd348e80211548d85c6e6eac0e6c8d2962676e5a674a2ebb0132ef9.png
11:06:13.714 [main] DEBUG net.thucydides.core.steps.StepInterceptor - STEP DONE: validPagePasien
  &amp#27;[32mAnd &amp#27;[0m&amp#27;[32mValid data dokter&amp#27;[0m                                                 &amp#27;[90m# starter.stepdefinitios.DokterDataSteps.validDataDokter()&amp#27;[0m
11:06:13.747 [AsyncHttpClient-1-2] DEBUG org.asynchttpclient.netty.handler.WebSocketHandler - Channel Closed: [id: 0x911253f9, L:/127.0.0.1:60379 ! R:localhost/127.0.0.1:60367] with attribute NettyResponseFuture{currentRetry=5,
	isDone=1,
	isCancelled=0,
	asyncHandler=org.asynchttpclient.ws.WebSocketUpgradeHandler@4a5c3688,
	nettyRequest=org.asynchttpclient.netty.request.NettyRequest@301ea360,
	future=java.util.concurrent.CompletableFuture@2fafa23[Completed normally],
	uri=ws://localhost:60367/devtools/browser/33c734e0-7de1-4f42-a55a-9c735043317f,
	keepAlive=true,
	redirectCount=0,
	timeoutsHolder=null,
	inAuth=0,
	touch=1655525162644}
11:06:13.748 [AsyncHttpClient-1-2] DEBUG org.asynchttpclient.netty.channel.ChannelManager - Closing Channel [id: 0x911253f9, L:/127.0.0.1:60379 ! R:localhost/127.0.0.1:60367] 
11:06:13.753 [Driver Command Executor] DEBUG org.asynchttpclient.netty.request.NettyRequestSender - Using pooled Channel '[id: 0xfe024236, L:/127.0.0.1:60365 - R:localhost/127.0.0.1:59250]' for 'DELETE' to 'http://localhost:59250/session/a66aed878619d8aba15cdacc786232fe'
11:06:13.754 [Driver Command Executor] DEBUG org.asynchttpclient.netty.request.NettyRequestSender - Using open Channel [id: 0xfe024236, L:/127.0.0.1:60365 - R:localhost/127.0.0.1:59250] for DELETE '/session/a66aed878619d8aba15cdacc786232fe'
11:06:14.118 [AsyncHttpClient-1-9] DEBUG org.asynchttpclient.netty.handler.HttpHandler - Unexpected I/O exception on channel [id: 0x860d4192, L:/127.0.0.1:60378 - R:localhost/127.0.0.1:60367]
java.io.IOException: An existing connection was forcibly closed by the remote host
	at java.base/sun.nio.ch.SocketDispatcher.read0(Native Method)
	at java.base/sun.nio.ch.SocketDispatcher.read(SocketDispatcher.java:43)
	at java.base/sun.nio.ch.IOUtil.readIntoNativeBuffer(IOUtil.java:276)
	at java.base/sun.nio.ch.IOUtil.read(IOUtil.java:233)
	at java.base/sun.nio.ch.IOUtil.read(IOUtil.java:223)
	at java.base/sun.nio.ch.SocketChannelImpl.read(SocketChannelImpl.java:358)
	at io.netty.buffer.PooledByteBuf.setBytes(PooledByteBuf.java:258)
	at io.netty.buffer.AbstractByteBuf.writeBytes(AbstractByteBuf.java:1132)
	at io.netty.channel.socket.nio.NioSocketChannel.doReadBytes(NioSocketChannel.java:350)
	at io.netty.channel.nio.AbstractNioByteChannel$NioByteUnsafe.read(AbstractNioByteChannel.java:151)
	at io.netty.channel.nio.NioEventLoop.processSelectedKey(NioEventLoop.java:722)
	at io.netty.channel.nio.NioEventLoop.processSelectedKeysOptimized(NioEventLoop.java:658)
	at io.netty.channel.nio.NioEventLoop.processSelectedKeys(NioEventLoop.java:584)
	at io.netty.channel.nio.NioEventLoop.run(NioEventLoop.java:496)
	at io.netty.util.concurrent.SingleThreadEventExecutor$4.run(SingleThreadEventExecutor.java:986)
	at io.netty.util.internal.ThreadExecutorMap$2.run(ThreadExecutorMap.java:74)
	at io.netty.util.concurrent.FastThreadLocalRunnable.run(FastThreadLocalRunnable.java:30)
	at java.base/java.lang.Thread.run(Thread.java:834)
11:06:14.118 [AsyncHttpClient-1-9] DEBUG org.asynchttpclient.netty.channel.ChannelManager - Closing Channel [id: 0x860d4192, L:/127.0.0.1:60378 - R:localhost/127.0.0.1:60367] 
11:06:14.119 [AsyncHttpClient-1-9] DEBUG org.asynchttpclient.netty.handler.HttpHandler - Channel Closed: [id: 0x860d4192, L:/127.0.0.1:60378 ! R:localhost/127.0.0.1:60367] with attribute DISCARD
11:06:14.201 [AsyncHttpClient-1-8] DEBUG org.asynchttpclient.netty.handler.HttpHandler - 

Request DefaultFullHttpRequest(decodeResult: success, version: HTTP/1.1, content: EmptyByteBufBE)
DELETE /session/a66aed878619d8aba15cdacc786232fe HTTP/1.1
User-Agent: selenium/4.1.2 (java windows)
Content-Type: application/json; charset=utf-8
host: localhost:59250
accept: */*

Response DefaultHttpResponse(decodeResult: success, version: HTTP/1.1)
HTTP/1.1 200 OK
Content-Type: application/json; charset=utf-8
cache-control: no-cache
content-length: 14

11:06:14.202 [AsyncHttpClient-1-8] DEBUG org.asynchttpclient.netty.channel.ChannelManager - Adding key: http://localhost:59250 for channel [id: 0xfe024236, L:/127.0.0.1:60365 - R:localhost/127.0.0.1:59250]
11:06:14.318 [AsyncHttpClient-1-1] DEBUG org.asynchttpclient.netty.channel.DefaultChannelPool - Entry count for : http://localhost:59250 : 1
11:06:14.318 [AsyncHttpClient-1-1] DEBUG org.asynchttpclient.netty.channel.DefaultChannelPool - Entry count for : http://localhost:60367 : 1
11:06:14.318 [AsyncHttpClient-1-1] DEBUG org.asynchttpclient.netty.channel.DefaultChannelPool - Adding Candidate expired Channel [id: 0x860d4192, L:/127.0.0.1:60378 ! R:localhost/127.0.0.1:60367] isIdleTimeoutExpired=false isRemotelyClosed=true isTtlExpired=false
11:06:14.318 [AsyncHttpClient-1-1] DEBUG org.asynchttpclient.netty.channel.DefaultChannelPool - Closing Idle Channel [id: 0x860d4192, L:/127.0.0.1:60378 ! R:localhost/127.0.0.1:60367]
11:06:14.318 [AsyncHttpClient-1-1] DEBUG org.asynchttpclient.netty.channel.DefaultChannelPool - Closed 1 connections out of 2 in 0 ms
11:06:14.597 [AsyncHttpClient-1-8] DEBUG org.asynchttpclient.netty.handler.HttpHandler - Channel Closed: [id: 0xfe024236, L:/127.0.0.1:60365 ! R:localhost/127.0.0.1:59250] with attribute DISCARD
11:06:15.132 [main] INFO  - 
  _____   ___   ___   _____     ___     _     ___   ___   ___   ___  
 |_   _| | __| / __| |_   _|   | _ \   /_\   / __| / __| | __| |   \ 
   | |   | _|  \__ \   | |     |  _/  / _ \  \__ \ \__ \ | _|  | |) |
   |_|   |___| |___/   |_|     |_|   /_/ \_\ |___/ |___/ |___| |___/ 

As a admin i want to add data dokter
----------------------------------------------------------------------
]]></system-out>
    <system-err><![CDATA[Starting ChromeDriver 102.0.5005.61 (0e59bcc00cc4985ce39ad31c150065f159d95ad3-refs/branch-heads/5005@{#819}) on port 59250
Only local connections are allowed.
Please see https://chromedriver.chromium.org/security-considerations for suggestions on keeping ChromeDriver safe.
ChromeDriver was started successfully.
Jun 18, 2022 11:06:02 AM org.openqa.selenium.remote.ProtocolHandshake createSession
INFO: Detected dialect: W3C
Jun 18, 2022 11:06:02 AM org.openqa.selenium.devtools.CdpVersionFinder findNearestMatch
WARNING: Unable to find an exact match for CDP version 102, so returning the closest version found: a no-op implementation
Jun 18, 2022 11:06:02 AM org.openqa.selenium.devtools.CdpVersionFinder findNearestMatch
INFO: Unable to find CDP implementation matching 102.
Jun 18, 2022 11:06:02 AM org.openqa.selenium.chromium.ChromiumDriver lambda$new$3
WARNING: Unable to find version of CDP to use for . You may need to include a dependency on a specific version of the CDP using something similar to `org.seleniumhq.selenium:selenium-devtools-v86:4.1.2` where the version ("v86") matches the version of the chromium-based browser you're using and the version number of the artifact is the same as Selenium's.
[1655525171.741][WARNING]: unexpected alert open: {Alert text : Data telah ditambah}, cancelling screenshot
]]></system-err>
  </testcase>
  <testcase name="As a admin i want to add data dokter #2" classname="Data Dokter Admin" time="14.767">
    <system-out><![CDATA[
@DataDokter @AddDokterData
Scenario Outline: As a admin i want to add data dokter             &amp#27;[90m# src/test/resources/features/2DataDokter.feature:26&amp#27;[0m
11:06:15.183 [main] INFO io.cucumber.core.plugin.SerenityReporter - Running feature from file:///D:/New%20folder%20(2)/Capstone/Testing/src/test/resources/features/2DataDokter.feature
11:06:15.274 [main] DEBUG net.thucydides.core.steps.StepInterceptor - STARTING STEP: DokterDataSteps.openPageDataDokter - openDataDokter
11:06:15.279 [main] INFO net.serenitybdd.core.webdriver.driverproviders.ChromeDriverProvider - Using automatically driver download
11:06:15.413 [AsyncHttpClient-1-1] DEBUG org.asynchttpclient.netty.channel.DefaultChannelPool - Entry count for : http://localhost:59250 : 1
11:06:15.413 [AsyncHttpClient-1-1] DEBUG org.asynchttpclient.netty.channel.DefaultChannelPool - Adding Candidate expired Channel [id: 0xfe024236, L:/127.0.0.1:60365 ! R:localhost/127.0.0.1:59250] isIdleTimeoutExpired=false isRemotelyClosed=true isTtlExpired=false
11:06:15.413 [AsyncHttpClient-1-1] DEBUG org.asynchttpclient.netty.channel.DefaultChannelPool - Closing Idle Channel [id: 0xfe024236, L:/127.0.0.1:60365 ! R:localhost/127.0.0.1:59250]
11:06:15.413 [AsyncHttpClient-1-1] DEBUG org.asynchttpclient.netty.channel.DefaultChannelPool - Closed 1 connections out of 1 in 0 ms
11:06:15.557 [main] DEBUG io.github.bonigarcia.wdm.cache.ResolutionCache - Resolution chrome=102 in cache (valid until 11:10:23 18/06/2022 ICT)
11:06:15.579 [main] DEBUG io.github.bonigarcia.wdm.cache.ResolutionCache - Resolution chrome102=102.0.5005.61 in cache (valid until 19:49:35 18/06/2022 ICT)
11:06:15.589 [main] INFO io.github.bonigarcia.wdm.WebDriverManager - Using chromedriver 102.0.5005.61 (resolved driver for Chrome 102)
11:06:15.645 [main] DEBUG io.github.bonigarcia.wdm.WebDriverManager - Driver chromedriver 102.0.5005.61 found in cache
11:06:15.648 [main] INFO io.github.bonigarcia.wdm.WebDriverManager - Exporting webdriver.chrome.driver as C:\Users\ASUS\.cache\selenium\chromedriver\win32\102.0.5005.61\chromedriver.exe
11:06:15.924 [main] DEBUG net.serenitybdd.core.webdriver.driverproviders.ProvideNewDriver - Instantiating driver
11:06:15.924 [main] DEBUG net.serenitybdd.core.webdriver.driverproviders.ProvideNewDriver - Driver capabilities: Capabilities {acceptInsecureCerts: false, base.url: https://fanciful-trifle-360..., browserName: chrome, chore.driver: src/test/resources/webdrive..., driver: chrome, goog:chromeOptions: {args: [], extensions: []}}
11:06:16.508 [AsyncHttpClient-1-3] DEBUG org.asynchttpclient.netty.channel.NettyConnectListener - Using new Channel '[id: 0x284d3902, L:/127.0.0.1:60404 - R:localhost/127.0.0.1:51501]' for 'POST' to '/session'
11:06:18.725 [AsyncHttpClient-1-3] DEBUG org.asynchttpclient.netty.handler.HttpHandler - 

Request DefaultHttpRequest(decodeResult: success, version: HTTP/1.1)
POST /session HTTP/1.1
User-Agent: selenium/4.1.2 (java windows)
Content-Length: 628
Content-Type: application/json; charset=utf-8
host: localhost:51501
accept: */*

Response DefaultHttpResponse(decodeResult: success, version: HTTP/1.1)
HTTP/1.1 200 OK
Content-Type: application/json; charset=utf-8
cache-control: no-cache
content-length: 789

11:06:18.725 [AsyncHttpClient-1-3] DEBUG org.asynchttpclient.netty.channel.ChannelManager - Adding key: http://localhost:51501 for channel [id: 0x284d3902, L:/127.0.0.1:60404 - R:localhost/127.0.0.1:51501]
11:06:18.775 [AsyncHttpClient-1-4] DEBUG org.asynchttpclient.netty.channel.NettyConnectListener - Using new Channel '[id: 0x7b87f6a8, L:/127.0.0.1:60414 - R:localhost/127.0.0.1:60405]' for 'GET' to '/json/version'
11:06:18.778 [AsyncHttpClient-1-4] DEBUG org.asynchttpclient.netty.handler.HttpHandler - 

Request DefaultFullHttpRequest(decodeResult: success, version: HTTP/1.1, content: EmptyByteBufBE)
GET /json/version HTTP/1.1
User-Agent: selenium/4.1.2 (java windows)
host: localhost:60405
accept: */*

Response DefaultHttpResponse(decodeResult: success, version: HTTP/1.1)
HTTP/1.1 200 OK
Content-Type: application/json; charset=UTF-8
content-length: 428

11:06:18.780 [AsyncHttpClient-1-4] DEBUG org.asynchttpclient.netty.channel.ChannelManager - Adding key: http://localhost:60405 for channel [id: 0x7b87f6a8, L:/127.0.0.1:60414 - R:localhost/127.0.0.1:60405]
11:06:18.787 [AsyncHttpClient-1-1] DEBUG org.asynchttpclient.netty.channel.DefaultChannelPool - Entry count for : http://localhost:51501 : 1
11:06:18.787 [AsyncHttpClient-1-1] DEBUG org.asynchttpclient.netty.channel.DefaultChannelPool - Entry count for : http://localhost:60405 : 1
11:06:18.791 [AsyncHttpClient-1-5] DEBUG org.asynchttpclient.netty.channel.NettyConnectListener - Using new Channel '[id: 0xefd98ff3, L:/127.0.0.1:60415 - R:localhost/127.0.0.1:60405]' for 'GET' to '/devtools/browser/fba5f910-f0c7-475c-8165-be70a1d115df'
11:06:18.793 [AsyncHttpClient-1-5] DEBUG org.asynchttpclient.netty.handler.WebSocketHandler - 

Request DefaultFullHttpRequest(decodeResult: success, version: HTTP/1.1, content: EmptyByteBufBE)
GET /devtools/browser/fba5f910-f0c7-475c-8165-be70a1d115df HTTP/1.1
upgrade: websocket
connection: upgrade
sec-websocket-key: SsIG9ifStjVd+eLyViTkNw==
sec-websocket-version: 13
origin: http://localhost:60405
host: localhost:60405
accept: */*
user-agent: AHC/2.1

Response DefaultHttpResponse(decodeResult: success, version: HTTP/1.1)
HTTP/1.1 101 WebSocket Protocol Handshake
Upgrade: WebSocket
Connection: Upgrade
Sec-WebSocket-Accept: almDNSdRd2QF2znIubSeSLL5obI=

11:06:18.869 [Forwarding get on session 926da1308543c6a41ec7ce3499322876 to remote] DEBUG org.asynchttpclient.netty.request.NettyRequestSender - Using pooled Channel '[id: 0x284d3902, L:/127.0.0.1:60404 - R:localhost/127.0.0.1:51501]' for 'POST' to 'http://localhost:51501/session/926da1308543c6a41ec7ce3499322876/url'
11:06:18.869 [Forwarding get on session 926da1308543c6a41ec7ce3499322876 to remote] DEBUG org.asynchttpclient.netty.request.NettyRequestSender - Using open Channel [id: 0x284d3902, L:/127.0.0.1:60404 - R:localhost/127.0.0.1:51501] for POST '/session/926da1308543c6a41ec7ce3499322876/url'
11:06:19.815 [AsyncHttpClient-1-1] DEBUG org.asynchttpclient.netty.channel.DefaultChannelPool - Entry count for : http://localhost:60405 : 1
11:06:20.874 [AsyncHttpClient-1-3] DEBUG org.asynchttpclient.netty.handler.HttpHandler - 

Request DefaultHttpRequest(decodeResult: success, version: HTTP/1.1)
POST /session/926da1308543c6a41ec7ce3499322876/url HTTP/1.1
User-Agent: selenium/4.1.2 (java windows)
Content-Length: 84
Content-Type: application/json; charset=utf-8
host: localhost:51501
accept: */*

Response DefaultHttpResponse(decodeResult: success, version: HTTP/1.1)
HTTP/1.1 200 OK
Content-Type: application/json; charset=utf-8
cache-control: no-cache
content-length: 14

11:06:20.875 [AsyncHttpClient-1-3] DEBUG org.asynchttpclient.netty.channel.ChannelManager - Adding key: http://localhost:51501 for channel [id: 0x284d3902, L:/127.0.0.1:60404 - R:localhost/127.0.0.1:51501]
11:06:20.880 [Forwarding setTimeout on session 926da1308543c6a41ec7ce3499322876 to remote] DEBUG org.asynchttpclient.netty.request.NettyRequestSender - Using pooled Channel '[id: 0x284d3902, L:/127.0.0.1:60404 - R:localhost/127.0.0.1:51501]' for 'POST' to 'http://localhost:51501/session/926da1308543c6a41ec7ce3499322876/timeouts'
11:06:20.880 [Forwarding setTimeout on session 926da1308543c6a41ec7ce3499322876 to remote] DEBUG org.asynchttpclient.netty.request.NettyRequestSender - Using open Channel [id: 0x284d3902, L:/127.0.0.1:60404 - R:localhost/127.0.0.1:51501] for POST '/session/926da1308543c6a41ec7ce3499322876/timeouts'
11:06:20.916 [AsyncHttpClient-1-3] DEBUG org.asynchttpclient.netty.handler.HttpHandler - 

Request DefaultHttpRequest(decodeResult: success, version: HTTP/1.1)
POST /session/926da1308543c6a41ec7ce3499322876/timeouts HTTP/1.1
User-Agent: selenium/4.1.2 (java windows)
Content-Length: 22
Content-Type: application/json; charset=utf-8
host: localhost:51501
accept: */*

Response DefaultHttpResponse(decodeResult: success, version: HTTP/1.1)
HTTP/1.1 200 OK
Content-Type: application/json; charset=utf-8
cache-control: no-cache
content-length: 14

11:06:20.917 [AsyncHttpClient-1-3] DEBUG org.asynchttpclient.netty.channel.ChannelManager - Adding key: http://localhost:51501 for channel [id: 0x284d3902, L:/127.0.0.1:60404 - R:localhost/127.0.0.1:51501]
11:06:20.929 [Forwarding getCurrentUrl on session 926da1308543c6a41ec7ce3499322876 to remote] DEBUG org.asynchttpclient.netty.request.NettyRequestSender - Using pooled Channel '[id: 0x284d3902, L:/127.0.0.1:60404 - R:localhost/127.0.0.1:51501]' for 'GET' to 'http://localhost:51501/session/926da1308543c6a41ec7ce3499322876/url'
11:06:20.929 [Forwarding getCurrentUrl on session 926da1308543c6a41ec7ce3499322876 to remote] DEBUG org.asynchttpclient.netty.request.NettyRequestSender - Using open Channel [id: 0x284d3902, L:/127.0.0.1:60404 - R:localhost/127.0.0.1:51501] for GET '/session/926da1308543c6a41ec7ce3499322876/url'
11:06:20.934 [AsyncHttpClient-1-1] DEBUG org.asynchttpclient.netty.channel.DefaultChannelPool - Entry count for : http://localhost:60405 : 1
11:06:20.954 [AsyncHttpClient-1-3] DEBUG org.asynchttpclient.netty.handler.HttpHandler - 

Request DefaultFullHttpRequest(decodeResult: success, version: HTTP/1.1, content: EmptyByteBufBE)
GET /session/926da1308543c6a41ec7ce3499322876/url HTTP/1.1
User-Agent: selenium/4.1.2 (java windows)
Cache-Control: no-cache
Content-Type: application/json; charset=utf-8
host: localhost:51501
accept: */*

Response DefaultHttpResponse(decodeResult: success, version: HTTP/1.1)
HTTP/1.1 200 OK
Content-Type: application/json; charset=utf-8
cache-control: no-cache
content-length: 66

11:06:20.955 [AsyncHttpClient-1-3] DEBUG org.asynchttpclient.netty.channel.ChannelManager - Adding key: http://localhost:51501 for channel [id: 0x284d3902, L:/127.0.0.1:60404 - R:localhost/127.0.0.1:51501]
11:06:20.984 [Forwarding screenshot on session 926da1308543c6a41ec7ce3499322876 to remote] DEBUG org.asynchttpclient.netty.request.NettyRequestSender - Using pooled Channel '[id: 0x284d3902, L:/127.0.0.1:60404 - R:localhost/127.0.0.1:51501]' for 'GET' to 'http://localhost:51501/session/926da1308543c6a41ec7ce3499322876/screenshot'
11:06:20.985 [Forwarding screenshot on session 926da1308543c6a41ec7ce3499322876 to remote] DEBUG org.asynchttpclient.netty.request.NettyRequestSender - Using open Channel [id: 0x284d3902, L:/127.0.0.1:60404 - R:localhost/127.0.0.1:51501] for GET '/session/926da1308543c6a41ec7ce3499322876/screenshot'
11:06:21.935 [AsyncHttpClient-1-3] DEBUG org.asynchttpclient.netty.handler.HttpHandler - 

Request DefaultFullHttpRequest(decodeResult: success, version: HTTP/1.1, content: EmptyByteBufBE)
GET /session/926da1308543c6a41ec7ce3499322876/screenshot HTTP/1.1
User-Agent: selenium/4.1.2 (java windows)
Cache-Control: no-cache
Content-Type: application/json; charset=utf-8
host: localhost:51501
accept: */*

Response DefaultHttpResponse(decodeResult: success, version: HTTP/1.1)
HTTP/1.1 200 OK
Content-Type: application/json; charset=utf-8
cache-control: no-cache
content-length: 71412

11:06:21.938 [AsyncHttpClient-1-3] DEBUG org.asynchttpclient.netty.channel.ChannelManager - Adding key: http://localhost:51501 for channel [id: 0x284d3902, L:/127.0.0.1:60404 - R:localhost/127.0.0.1:51501]
11:06:21.951 [main] DEBUG net.serenitybdd.core.photography.Darkroom - Send negative for processing for target\site\serenity\641553ea0c7ee1350e9d99c43bd8b22ab0037bbbf11d544d65f62061eb96ca5a.png
11:06:21.953 [main] DEBUG net.thucydides.core.steps.StepInterceptor - STEP DONE: openDataDokter
  &amp#27;[32mGiven &amp#27;[0m&amp#27;[32mOpen page data dokter&amp#27;[0m                                      &amp#27;[90m# starter.stepdefinitios.DokterDataSteps.openPageDataDokter()&amp#27;[0m
11:06:22.034 [AsyncHttpClient-1-1] DEBUG org.asynchttpclient.netty.channel.DefaultChannelPool - Entry count for : http://localhost:51501 : 1
11:06:22.035 [AsyncHttpClient-1-1] DEBUG org.asynchttpclient.netty.channel.DefaultChannelPool - Entry count for : http://localhost:60405 : 1
11:06:22.054 [Forwarding screenshot on session 926da1308543c6a41ec7ce3499322876 to remote] DEBUG org.asynchttpclient.netty.request.NettyRequestSender - Using pooled Channel '[id: 0x284d3902, L:/127.0.0.1:60404 - R:localhost/127.0.0.1:51501]' for 'GET' to 'http://localhost:51501/session/926da1308543c6a41ec7ce3499322876/screenshot'
11:06:22.054 [Forwarding screenshot on session 926da1308543c6a41ec7ce3499322876 to remote] DEBUG org.asynchttpclient.netty.request.NettyRequestSender - Using open Channel [id: 0x284d3902, L:/127.0.0.1:60404 - R:localhost/127.0.0.1:51501] for GET '/session/926da1308543c6a41ec7ce3499322876/screenshot'
11:06:22.341 [AsyncHttpClient-1-3] DEBUG org.asynchttpclient.netty.handler.HttpHandler - 

Request DefaultFullHttpRequest(decodeResult: success, version: HTTP/1.1, content: EmptyByteBufBE)
GET /session/926da1308543c6a41ec7ce3499322876/screenshot HTTP/1.1
User-Agent: selenium/4.1.2 (java windows)
Cache-Control: no-cache
Content-Type: application/json; charset=utf-8
host: localhost:51501
accept: */*

Response DefaultHttpResponse(decodeResult: success, version: HTTP/1.1)
HTTP/1.1 200 OK
Content-Type: application/json; charset=utf-8
cache-control: no-cache
content-length: 78600

11:06:22.343 [AsyncHttpClient-1-3] DEBUG org.asynchttpclient.netty.channel.ChannelManager - Adding key: http://localhost:51501 for channel [id: 0x284d3902, L:/127.0.0.1:60404 - R:localhost/127.0.0.1:51501]
11:06:22.351 [main] DEBUG net.serenitybdd.core.photography.Darkroom - Send negative for processing for target\site\serenity\bb60001fbbd348e80211548d85c6e6eac0e6c8d2962676e5a674a2ebb0132ef9.png
11:06:22.396 [main] DEBUG net.thucydides.core.steps.StepInterceptor - STARTING STEP: PatientDataSteps.clickButtonTambahData - clickButtonTambah
11:06:22.403 [Forwarding findElement on session 926da1308543c6a41ec7ce3499322876 to remote] DEBUG org.asynchttpclient.netty.request.NettyRequestSender - Using pooled Channel '[id: 0x284d3902, L:/127.0.0.1:60404 - R:localhost/127.0.0.1:51501]' for 'POST' to 'http://localhost:51501/session/926da1308543c6a41ec7ce3499322876/element'
11:06:22.403 [Forwarding findElement on session 926da1308543c6a41ec7ce3499322876 to remote] DEBUG org.asynchttpclient.netty.request.NettyRequestSender - Using open Channel [id: 0x284d3902, L:/127.0.0.1:60404 - R:localhost/127.0.0.1:51501] for POST '/session/926da1308543c6a41ec7ce3499322876/element'
11:06:22.429 [AsyncHttpClient-1-3] DEBUG org.asynchttpclient.netty.handler.HttpHandler - 

Request DefaultHttpRequest(decodeResult: success, version: HTTP/1.1)
POST /session/926da1308543c6a41ec7ce3499322876/element HTTP/1.1
User-Agent: selenium/4.1.2 (java windows)
Content-Length: 109
Content-Type: application/json; charset=utf-8
host: localhost:51501
accept: */*

Response DefaultHttpResponse(decodeResult: success, version: HTTP/1.1)
HTTP/1.1 200 OK
Content-Type: application/json; charset=utf-8
cache-control: no-cache
content-length: 88

11:06:22.430 [AsyncHttpClient-1-3] DEBUG org.asynchttpclient.netty.channel.ChannelManager - Adding key: http://localhost:51501 for channel [id: 0x284d3902, L:/127.0.0.1:60404 - R:localhost/127.0.0.1:51501]
11:06:22.434 [Forwarding getElementTagName on session 926da1308543c6a41ec7ce3499322876 to remote] DEBUG org.asynchttpclient.netty.request.NettyRequestSender - Using pooled Channel '[id: 0x284d3902, L:/127.0.0.1:60404 - R:localhost/127.0.0.1:51501]' for 'GET' to 'http://localhost:51501/session/926da1308543c6a41ec7ce3499322876/element/84651f87-026b-49e4-b5a8-0bc4fe839695/name'
11:06:22.434 [Forwarding getElementTagName on session 926da1308543c6a41ec7ce3499322876 to remote] DEBUG org.asynchttpclient.netty.request.NettyRequestSender - Using open Channel [id: 0x284d3902, L:/127.0.0.1:60404 - R:localhost/127.0.0.1:51501] for GET '/session/926da1308543c6a41ec7ce3499322876/element/84651f87-026b-49e4-b5a8-0bc4fe839695/name'
11:06:22.443 [AsyncHttpClient-1-3] DEBUG org.asynchttpclient.netty.handler.HttpHandler - 

Request DefaultFullHttpRequest(decodeResult: success, version: HTTP/1.1, content: EmptyByteBufBE)
GET /session/926da1308543c6a41ec7ce3499322876/element/84651f87-026b-49e4-b5a8-0bc4fe839695/name HTTP/1.1
User-Agent: selenium/4.1.2 (java windows)
Cache-Control: no-cache
Content-Type: application/json; charset=utf-8
host: localhost:51501
accept: */*

Response DefaultHttpResponse(decodeResult: success, version: HTTP/1.1)
HTTP/1.1 200 OK
Content-Type: application/json; charset=utf-8
cache-control: no-cache
content-length: 18

11:06:22.444 [AsyncHttpClient-1-3] DEBUG org.asynchttpclient.netty.channel.ChannelManager - Adding key: http://localhost:51501 for channel [id: 0x284d3902, L:/127.0.0.1:60404 - R:localhost/127.0.0.1:51501]
11:06:22.447 [Forwarding getElementTagName on session 926da1308543c6a41ec7ce3499322876 to remote] DEBUG org.asynchttpclient.netty.request.NettyRequestSender - Using pooled Channel '[id: 0x284d3902, L:/127.0.0.1:60404 - R:localhost/127.0.0.1:51501]' for 'GET' to 'http://localhost:51501/session/926da1308543c6a41ec7ce3499322876/element/84651f87-026b-49e4-b5a8-0bc4fe839695/name'
11:06:22.447 [Forwarding getElementTagName on session 926da1308543c6a41ec7ce3499322876 to remote] DEBUG org.asynchttpclient.netty.request.NettyRequestSender - Using open Channel [id: 0x284d3902, L:/127.0.0.1:60404 - R:localhost/127.0.0.1:51501] for GET '/session/926da1308543c6a41ec7ce3499322876/element/84651f87-026b-49e4-b5a8-0bc4fe839695/name'
11:06:22.455 [AsyncHttpClient-1-3] DEBUG org.asynchttpclient.netty.handler.HttpHandler - 

Request DefaultFullHttpRequest(decodeResult: success, version: HTTP/1.1, content: EmptyByteBufBE)
GET /session/926da1308543c6a41ec7ce3499322876/element/84651f87-026b-49e4-b5a8-0bc4fe839695/name HTTP/1.1
User-Agent: selenium/4.1.2 (java windows)
Cache-Control: no-cache
Content-Type: application/json; charset=utf-8
host: localhost:51501
accept: */*

Response DefaultHttpResponse(decodeResult: success, version: HTTP/1.1)
HTTP/1.1 200 OK
Content-Type: application/json; charset=utf-8
cache-control: no-cache
content-length: 18

11:06:22.456 [AsyncHttpClient-1-3] DEBUG org.asynchttpclient.netty.channel.ChannelManager - Adding key: http://localhost:51501 for channel [id: 0x284d3902, L:/127.0.0.1:60404 - R:localhost/127.0.0.1:51501]
11:06:22.461 [Forwarding isElementEnabled on session 926da1308543c6a41ec7ce3499322876 to remote] DEBUG org.asynchttpclient.netty.request.NettyRequestSender - Using pooled Channel '[id: 0x284d3902, L:/127.0.0.1:60404 - R:localhost/127.0.0.1:51501]' for 'GET' to 'http://localhost:51501/session/926da1308543c6a41ec7ce3499322876/element/84651f87-026b-49e4-b5a8-0bc4fe839695/enabled'
11:06:22.461 [Forwarding isElementEnabled on session 926da1308543c6a41ec7ce3499322876 to remote] DEBUG org.asynchttpclient.netty.request.NettyRequestSender - Using open Channel [id: 0x284d3902, L:/127.0.0.1:60404 - R:localhost/127.0.0.1:51501] for GET '/session/926da1308543c6a41ec7ce3499322876/element/84651f87-026b-49e4-b5a8-0bc4fe839695/enabled'
11:06:22.480 [AsyncHttpClient-1-3] DEBUG org.asynchttpclient.netty.handler.HttpHandler - 

Request DefaultFullHttpRequest(decodeResult: success, version: HTTP/1.1, content: EmptyByteBufBE)
GET /session/926da1308543c6a41ec7ce3499322876/element/84651f87-026b-49e4-b5a8-0bc4fe839695/enabled HTTP/1.1
User-Agent: selenium/4.1.2 (java windows)
Cache-Control: no-cache
Content-Type: application/json; charset=utf-8
host: localhost:51501
accept: */*

Response DefaultHttpResponse(decodeResult: success, version: HTTP/1.1)
HTTP/1.1 200 OK
Content-Type: application/json; charset=utf-8
cache-control: no-cache
content-length: 14

11:06:22.481 [AsyncHttpClient-1-3] DEBUG org.asynchttpclient.netty.channel.ChannelManager - Adding key: http://localhost:51501 for channel [id: 0x284d3902, L:/127.0.0.1:60404 - R:localhost/127.0.0.1:51501]
11:06:22.484 [Forwarding isElementEnabled on session 926da1308543c6a41ec7ce3499322876 to remote] DEBUG org.asynchttpclient.netty.request.NettyRequestSender - Using pooled Channel '[id: 0x284d3902, L:/127.0.0.1:60404 - R:localhost/127.0.0.1:51501]' for 'GET' to 'http://localhost:51501/session/926da1308543c6a41ec7ce3499322876/element/84651f87-026b-49e4-b5a8-0bc4fe839695/enabled'
11:06:22.484 [Forwarding isElementEnabled on session 926da1308543c6a41ec7ce3499322876 to remote] DEBUG org.asynchttpclient.netty.request.NettyRequestSender - Using open Channel [id: 0x284d3902, L:/127.0.0.1:60404 - R:localhost/127.0.0.1:51501] for GET '/session/926da1308543c6a41ec7ce3499322876/element/84651f87-026b-49e4-b5a8-0bc4fe839695/enabled'
11:06:22.496 [AsyncHttpClient-1-3] DEBUG org.asynchttpclient.netty.handler.HttpHandler - 

Request DefaultFullHttpRequest(decodeResult: success, version: HTTP/1.1, content: EmptyByteBufBE)
GET /session/926da1308543c6a41ec7ce3499322876/element/84651f87-026b-49e4-b5a8-0bc4fe839695/enabled HTTP/1.1
User-Agent: selenium/4.1.2 (java windows)
Cache-Control: no-cache
Content-Type: application/json; charset=utf-8
host: localhost:51501
accept: */*

Response DefaultHttpResponse(decodeResult: success, version: HTTP/1.1)
HTTP/1.1 200 OK
Content-Type: application/json; charset=utf-8
cache-control: no-cache
content-length: 14

11:06:22.497 [AsyncHttpClient-1-3] DEBUG org.asynchttpclient.netty.channel.ChannelManager - Adding key: http://localhost:51501 for channel [id: 0x284d3902, L:/127.0.0.1:60404 - R:localhost/127.0.0.1:51501]
11:06:22.502 [Forwarding findElement on session 926da1308543c6a41ec7ce3499322876 to remote] DEBUG org.asynchttpclient.netty.request.NettyRequestSender - Using pooled Channel '[id: 0x284d3902, L:/127.0.0.1:60404 - R:localhost/127.0.0.1:51501]' for 'POST' to 'http://localhost:51501/session/926da1308543c6a41ec7ce3499322876/element'
11:06:22.502 [Forwarding findElement on session 926da1308543c6a41ec7ce3499322876 to remote] DEBUG org.asynchttpclient.netty.request.NettyRequestSender - Using open Channel [id: 0x284d3902, L:/127.0.0.1:60404 - R:localhost/127.0.0.1:51501] for POST '/session/926da1308543c6a41ec7ce3499322876/element'
11:06:22.518 [AsyncHttpClient-1-3] DEBUG org.asynchttpclient.netty.handler.HttpHandler - 

Request DefaultHttpRequest(decodeResult: success, version: HTTP/1.1)
POST /session/926da1308543c6a41ec7ce3499322876/element HTTP/1.1
User-Agent: selenium/4.1.2 (java windows)
Content-Length: 109
Content-Type: application/json; charset=utf-8
host: localhost:51501
accept: */*

Response DefaultHttpResponse(decodeResult: success, version: HTTP/1.1)
HTTP/1.1 200 OK
Content-Type: application/json; charset=utf-8
cache-control: no-cache
content-length: 88

11:06:22.518 [AsyncHttpClient-1-3] DEBUG org.asynchttpclient.netty.channel.ChannelManager - Adding key: http://localhost:51501 for channel [id: 0x284d3902, L:/127.0.0.1:60404 - R:localhost/127.0.0.1:51501]
11:06:22.521 [Forwarding clickElement on session 926da1308543c6a41ec7ce3499322876 to remote] DEBUG org.asynchttpclient.netty.request.NettyRequestSender - Using pooled Channel '[id: 0x284d3902, L:/127.0.0.1:60404 - R:localhost/127.0.0.1:51501]' for 'POST' to 'http://localhost:51501/session/926da1308543c6a41ec7ce3499322876/element/84651f87-026b-49e4-b5a8-0bc4fe839695/click'
11:06:22.522 [Forwarding clickElement on session 926da1308543c6a41ec7ce3499322876 to remote] DEBUG org.asynchttpclient.netty.request.NettyRequestSender - Using open Channel [id: 0x284d3902, L:/127.0.0.1:60404 - R:localhost/127.0.0.1:51501] for POST '/session/926da1308543c6a41ec7ce3499322876/element/84651f87-026b-49e4-b5a8-0bc4fe839695/click'
11:06:22.768 [AsyncHttpClient-1-3] DEBUG org.asynchttpclient.netty.handler.HttpHandler - 

Request DefaultHttpRequest(decodeResult: success, version: HTTP/1.1)
POST /session/926da1308543c6a41ec7ce3499322876/element/84651f87-026b-49e4-b5a8-0bc4fe839695/click HTTP/1.1
User-Agent: selenium/4.1.2 (java windows)
Content-Length: 50
Content-Type: application/json; charset=utf-8
host: localhost:51501
accept: */*

Response DefaultHttpResponse(decodeResult: success, version: HTTP/1.1)
HTTP/1.1 200 OK
Content-Type: application/json; charset=utf-8
cache-control: no-cache
content-length: 14

11:06:22.769 [AsyncHttpClient-1-3] DEBUG org.asynchttpclient.netty.channel.ChannelManager - Adding key: http://localhost:51501 for channel [id: 0x284d3902, L:/127.0.0.1:60404 - R:localhost/127.0.0.1:51501]
11:06:22.791 [Forwarding screenshot on session 926da1308543c6a41ec7ce3499322876 to remote] DEBUG org.asynchttpclient.netty.request.NettyRequestSender - Using pooled Channel '[id: 0x284d3902, L:/127.0.0.1:60404 - R:localhost/127.0.0.1:51501]' for 'GET' to 'http://localhost:51501/session/926da1308543c6a41ec7ce3499322876/screenshot'
11:06:22.792 [Forwarding screenshot on session 926da1308543c6a41ec7ce3499322876 to remote] DEBUG org.asynchttpclient.netty.request.NettyRequestSender - Using open Channel [id: 0x284d3902, L:/127.0.0.1:60404 - R:localhost/127.0.0.1:51501] for GET '/session/926da1308543c6a41ec7ce3499322876/screenshot'
11:06:23.122 [AsyncHttpClient-1-1] DEBUG org.asynchttpclient.netty.channel.DefaultChannelPool - Entry count for : http://localhost:60405 : 1
11:06:23.309 [AsyncHttpClient-1-3] DEBUG org.asynchttpclient.netty.handler.HttpHandler - 

Request DefaultFullHttpRequest(decodeResult: success, version: HTTP/1.1, content: EmptyByteBufBE)
GET /session/926da1308543c6a41ec7ce3499322876/screenshot HTTP/1.1
User-Agent: selenium/4.1.2 (java windows)
Cache-Control: no-cache
Content-Type: application/json; charset=utf-8
host: localhost:51501
accept: */*

Response DefaultHttpResponse(decodeResult: success, version: HTTP/1.1)
HTTP/1.1 200 OK
Content-Type: application/json; charset=utf-8
cache-control: no-cache
content-length: 46784

11:06:23.310 [AsyncHttpClient-1-3] DEBUG org.asynchttpclient.netty.channel.ChannelManager - Adding key: http://localhost:51501 for channel [id: 0x284d3902, L:/127.0.0.1:60404 - R:localhost/127.0.0.1:51501]
11:06:23.316 [main] DEBUG net.serenitybdd.core.photography.Darkroom - Send negative for processing for target\site\serenity\8629f496e7c4dac0cce5b2bf2737aed3260bba436f070e09e2151e10e1c22e27.png
11:06:23.317 [main] DEBUG net.thucydides.core.steps.StepInterceptor - STEP DONE: clickButtonTambah
  &amp#27;[32mWhen &amp#27;[0m&amp#27;[32mClick button tambah data&amp#27;[0m                                    &amp#27;[90m# starter.stepdefinitios.PatientDataSteps.clickButtonTambahData()&amp#27;[0m
11:06:23.359 [main] DEBUG net.thucydides.core.steps.StepInterceptor - STARTING STEP: DokterDataSteps.iInputDokter - inputDataPasien
11:06:23.365 [Forwarding findElement on session 926da1308543c6a41ec7ce3499322876 to remote] DEBUG org.asynchttpclient.netty.request.NettyRequestSender - Using pooled Channel '[id: 0x284d3902, L:/127.0.0.1:60404 - R:localhost/127.0.0.1:51501]' for 'POST' to 'http://localhost:51501/session/926da1308543c6a41ec7ce3499322876/element'
11:06:23.365 [Forwarding findElement on session 926da1308543c6a41ec7ce3499322876 to remote] DEBUG org.asynchttpclient.netty.request.NettyRequestSender - Using open Channel [id: 0x284d3902, L:/127.0.0.1:60404 - R:localhost/127.0.0.1:51501] for POST '/session/926da1308543c6a41ec7ce3499322876/element'
11:06:23.391 [AsyncHttpClient-1-3] DEBUG org.asynchttpclient.netty.handler.HttpHandler - 

Request DefaultHttpRequest(decodeResult: success, version: HTTP/1.1)
POST /session/926da1308543c6a41ec7ce3499322876/element HTTP/1.1
User-Agent: selenium/4.1.2 (java windows)
Content-Length: 166
Content-Type: application/json; charset=utf-8
host: localhost:51501
accept: */*

Response DefaultHttpResponse(decodeResult: success, version: HTTP/1.1)
HTTP/1.1 200 OK
Content-Type: application/json; charset=utf-8
cache-control: no-cache
content-length: 88

11:06:23.391 [AsyncHttpClient-1-3] DEBUG org.asynchttpclient.netty.channel.ChannelManager - Adding key: http://localhost:51501 for channel [id: 0x284d3902, L:/127.0.0.1:60404 - R:localhost/127.0.0.1:51501]
11:06:23.400 [Forwarding sendKeysToElement on session 926da1308543c6a41ec7ce3499322876 to remote] DEBUG org.asynchttpclient.netty.request.NettyRequestSender - Using pooled Channel '[id: 0x284d3902, L:/127.0.0.1:60404 - R:localhost/127.0.0.1:51501]' for 'POST' to 'http://localhost:51501/session/926da1308543c6a41ec7ce3499322876/element/79a822e5-ff6f-46e2-aae8-ef54d58f51d8/value'
11:06:23.400 [Forwarding sendKeysToElement on session 926da1308543c6a41ec7ce3499322876 to remote] DEBUG org.asynchttpclient.netty.request.NettyRequestSender - Using open Channel [id: 0x284d3902, L:/127.0.0.1:60404 - R:localhost/127.0.0.1:51501] for POST '/session/926da1308543c6a41ec7ce3499322876/element/79a822e5-ff6f-46e2-aae8-ef54d58f51d8/value'
11:06:23.522 [AsyncHttpClient-1-3] DEBUG org.asynchttpclient.netty.handler.HttpHandler - 

Request DefaultHttpRequest(decodeResult: success, version: HTTP/1.1)
POST /session/926da1308543c6a41ec7ce3499322876/element/79a822e5-ff6f-46e2-aae8-ef54d58f51d8/value HTTP/1.1
User-Agent: selenium/4.1.2 (java windows)
Content-Length: 82
Content-Type: application/json; charset=utf-8
host: localhost:51501
accept: */*

Response DefaultHttpResponse(decodeResult: success, version: HTTP/1.1)
HTTP/1.1 200 OK
Content-Type: application/json; charset=utf-8
cache-control: no-cache
content-length: 14

11:06:23.523 [AsyncHttpClient-1-3] DEBUG org.asynchttpclient.netty.channel.ChannelManager - Adding key: http://localhost:51501 for channel [id: 0x284d3902, L:/127.0.0.1:60404 - R:localhost/127.0.0.1:51501]
11:06:23.535 [Forwarding findElement on session 926da1308543c6a41ec7ce3499322876 to remote] DEBUG org.asynchttpclient.netty.request.NettyRequestSender - Using pooled Channel '[id: 0x284d3902, L:/127.0.0.1:60404 - R:localhost/127.0.0.1:51501]' for 'POST' to 'http://localhost:51501/session/926da1308543c6a41ec7ce3499322876/element'
11:06:23.535 [Forwarding findElement on session 926da1308543c6a41ec7ce3499322876 to remote] DEBUG org.asynchttpclient.netty.request.NettyRequestSender - Using open Channel [id: 0x284d3902, L:/127.0.0.1:60404 - R:localhost/127.0.0.1:51501] for POST '/session/926da1308543c6a41ec7ce3499322876/element'
11:06:23.613 [AsyncHttpClient-1-3] DEBUG org.asynchttpclient.netty.handler.HttpHandler - 

Request DefaultHttpRequest(decodeResult: success, version: HTTP/1.1)
POST /session/926da1308543c6a41ec7ce3499322876/element HTTP/1.1
User-Agent: selenium/4.1.2 (java windows)
Content-Length: 166
Content-Type: application/json; charset=utf-8
host: localhost:51501
accept: */*

Response DefaultHttpResponse(decodeResult: success, version: HTTP/1.1)
HTTP/1.1 200 OK
Content-Type: application/json; charset=utf-8
cache-control: no-cache
content-length: 88

11:06:23.614 [AsyncHttpClient-1-3] DEBUG org.asynchttpclient.netty.channel.ChannelManager - Adding key: http://localhost:51501 for channel [id: 0x284d3902, L:/127.0.0.1:60404 - R:localhost/127.0.0.1:51501]
11:06:23.620 [Forwarding sendKeysToElement on session 926da1308543c6a41ec7ce3499322876 to remote] DEBUG org.asynchttpclient.netty.request.NettyRequestSender - Using pooled Channel '[id: 0x284d3902, L:/127.0.0.1:60404 - R:localhost/127.0.0.1:51501]' for 'POST' to 'http://localhost:51501/session/926da1308543c6a41ec7ce3499322876/element/adfe1653-37e4-4bfb-a8f3-f7fadc2835c7/value'
11:06:23.620 [Forwarding sendKeysToElement on session 926da1308543c6a41ec7ce3499322876 to remote] DEBUG org.asynchttpclient.netty.request.NettyRequestSender - Using open Channel [id: 0x284d3902, L:/127.0.0.1:60404 - R:localhost/127.0.0.1:51501] for POST '/session/926da1308543c6a41ec7ce3499322876/element/adfe1653-37e4-4bfb-a8f3-f7fadc2835c7/value'
11:06:24.093 [AsyncHttpClient-1-3] DEBUG org.asynchttpclient.netty.handler.HttpHandler - 

Request DefaultHttpRequest(decodeResult: success, version: HTTP/1.1)
POST /session/926da1308543c6a41ec7ce3499322876/element/adfe1653-37e4-4bfb-a8f3-f7fadc2835c7/value HTTP/1.1
User-Agent: selenium/4.1.2 (java windows)
Content-Length: 131
Content-Type: application/json; charset=utf-8
host: localhost:51501
accept: */*

Response DefaultHttpResponse(decodeResult: success, version: HTTP/1.1)
HTTP/1.1 200 OK
Content-Type: application/json; charset=utf-8
cache-control: no-cache
content-length: 14

11:06:24.093 [AsyncHttpClient-1-3] DEBUG org.asynchttpclient.netty.channel.ChannelManager - Adding key: http://localhost:51501 for channel [id: 0x284d3902, L:/127.0.0.1:60404 - R:localhost/127.0.0.1:51501]
11:06:24.113 [Forwarding findElement on session 926da1308543c6a41ec7ce3499322876 to remote] DEBUG org.asynchttpclient.netty.request.NettyRequestSender - Using pooled Channel '[id: 0x284d3902, L:/127.0.0.1:60404 - R:localhost/127.0.0.1:51501]' for 'POST' to 'http://localhost:51501/session/926da1308543c6a41ec7ce3499322876/element'
11:06:24.113 [Forwarding findElement on session 926da1308543c6a41ec7ce3499322876 to remote] DEBUG org.asynchttpclient.netty.request.NettyRequestSender - Using open Channel [id: 0x284d3902, L:/127.0.0.1:60404 - R:localhost/127.0.0.1:51501] for POST '/session/926da1308543c6a41ec7ce3499322876/element'
11:06:24.154 [AsyncHttpClient-1-3] DEBUG org.asynchttpclient.netty.handler.HttpHandler - 

Request DefaultHttpRequest(decodeResult: success, version: HTTP/1.1)
POST /session/926da1308543c6a41ec7ce3499322876/element HTTP/1.1
User-Agent: selenium/4.1.2 (java windows)
Content-Length: 166
Content-Type: application/json; charset=utf-8
host: localhost:51501
accept: */*

Response DefaultHttpResponse(decodeResult: success, version: HTTP/1.1)
HTTP/1.1 200 OK
Content-Type: application/json; charset=utf-8
cache-control: no-cache
content-length: 88

11:06:24.154 [AsyncHttpClient-1-3] DEBUG org.asynchttpclient.netty.channel.ChannelManager - Adding key: http://localhost:51501 for channel [id: 0x284d3902, L:/127.0.0.1:60404 - R:localhost/127.0.0.1:51501]
11:06:24.158 [Forwarding sendKeysToElement on session 926da1308543c6a41ec7ce3499322876 to remote] DEBUG org.asynchttpclient.netty.request.NettyRequestSender - Using pooled Channel '[id: 0x284d3902, L:/127.0.0.1:60404 - R:localhost/127.0.0.1:51501]' for 'POST' to 'http://localhost:51501/session/926da1308543c6a41ec7ce3499322876/element/61f74a35-3518-47fe-9dc4-55148080fd32/value'
11:06:24.158 [Forwarding sendKeysToElement on session 926da1308543c6a41ec7ce3499322876 to remote] DEBUG org.asynchttpclient.netty.request.NettyRequestSender - Using open Channel [id: 0x284d3902, L:/127.0.0.1:60404 - R:localhost/127.0.0.1:51501] for POST '/session/926da1308543c6a41ec7ce3499322876/element/61f74a35-3518-47fe-9dc4-55148080fd32/value'
11:06:24.236 [AsyncHttpClient-1-1] DEBUG org.asynchttpclient.netty.channel.DefaultChannelPool - Entry count for : http://localhost:60405 : 1
11:06:24.506 [AsyncHttpClient-1-3] DEBUG org.asynchttpclient.netty.handler.HttpHandler - 

Request DefaultHttpRequest(decodeResult: success, version: HTTP/1.1)
POST /session/926da1308543c6a41ec7ce3499322876/element/61f74a35-3518-47fe-9dc4-55148080fd32/value HTTP/1.1
User-Agent: selenium/4.1.2 (java windows)
Content-Length: 131
Content-Type: application/json; charset=utf-8
host: localhost:51501
accept: */*

Response DefaultHttpResponse(decodeResult: success, version: HTTP/1.1)
HTTP/1.1 200 OK
Content-Type: application/json; charset=utf-8
cache-control: no-cache
content-length: 14

11:06:24.506 [AsyncHttpClient-1-3] DEBUG org.asynchttpclient.netty.channel.ChannelManager - Adding key: http://localhost:51501 for channel [id: 0x284d3902, L:/127.0.0.1:60404 - R:localhost/127.0.0.1:51501]
11:06:24.514 [Forwarding findElement on session 926da1308543c6a41ec7ce3499322876 to remote] DEBUG org.asynchttpclient.netty.request.NettyRequestSender - Using pooled Channel '[id: 0x284d3902, L:/127.0.0.1:60404 - R:localhost/127.0.0.1:51501]' for 'POST' to 'http://localhost:51501/session/926da1308543c6a41ec7ce3499322876/element'
11:06:24.514 [Forwarding findElement on session 926da1308543c6a41ec7ce3499322876 to remote] DEBUG org.asynchttpclient.netty.request.NettyRequestSender - Using open Channel [id: 0x284d3902, L:/127.0.0.1:60404 - R:localhost/127.0.0.1:51501] for POST '/session/926da1308543c6a41ec7ce3499322876/element'
11:06:24.543 [AsyncHttpClient-1-3] DEBUG org.asynchttpclient.netty.handler.HttpHandler - 

Request DefaultHttpRequest(decodeResult: success, version: HTTP/1.1)
POST /session/926da1308543c6a41ec7ce3499322876/element HTTP/1.1
User-Agent: selenium/4.1.2 (java windows)
Content-Length: 166
Content-Type: application/json; charset=utf-8
host: localhost:51501
accept: */*

Response DefaultHttpResponse(decodeResult: success, version: HTTP/1.1)
HTTP/1.1 200 OK
Content-Type: application/json; charset=utf-8
cache-control: no-cache
content-length: 88

11:06:24.544 [AsyncHttpClient-1-3] DEBUG org.asynchttpclient.netty.channel.ChannelManager - Adding key: http://localhost:51501 for channel [id: 0x284d3902, L:/127.0.0.1:60404 - R:localhost/127.0.0.1:51501]
11:06:24.548 [Forwarding sendKeysToElement on session 926da1308543c6a41ec7ce3499322876 to remote] DEBUG org.asynchttpclient.netty.request.NettyRequestSender - Using pooled Channel '[id: 0x284d3902, L:/127.0.0.1:60404 - R:localhost/127.0.0.1:51501]' for 'POST' to 'http://localhost:51501/session/926da1308543c6a41ec7ce3499322876/element/cfdfdd24-e339-4222-b2b3-48fd81f9bd89/value'
11:06:24.548 [Forwarding sendKeysToElement on session 926da1308543c6a41ec7ce3499322876 to remote] DEBUG org.asynchttpclient.netty.request.NettyRequestSender - Using open Channel [id: 0x284d3902, L:/127.0.0.1:60404 - R:localhost/127.0.0.1:51501] for POST '/session/926da1308543c6a41ec7ce3499322876/element/cfdfdd24-e339-4222-b2b3-48fd81f9bd89/value'
11:06:24.878 [AsyncHttpClient-1-3] DEBUG org.asynchttpclient.netty.handler.HttpHandler - 

Request DefaultHttpRequest(decodeResult: success, version: HTTP/1.1)
POST /session/926da1308543c6a41ec7ce3499322876/element/cfdfdd24-e339-4222-b2b3-48fd81f9bd89/value HTTP/1.1
User-Agent: selenium/4.1.2 (java windows)
Content-Length: 181
Content-Type: application/json; charset=utf-8
host: localhost:51501
accept: */*

Response DefaultHttpResponse(decodeResult: success, version: HTTP/1.1)
HTTP/1.1 200 OK
Content-Type: application/json; charset=utf-8
cache-control: no-cache
content-length: 14

11:06:24.879 [AsyncHttpClient-1-3] DEBUG org.asynchttpclient.netty.channel.ChannelManager - Adding key: http://localhost:51501 for channel [id: 0x284d3902, L:/127.0.0.1:60404 - R:localhost/127.0.0.1:51501]
11:06:24.885 [Forwarding findElement on session 926da1308543c6a41ec7ce3499322876 to remote] DEBUG org.asynchttpclient.netty.request.NettyRequestSender - Using pooled Channel '[id: 0x284d3902, L:/127.0.0.1:60404 - R:localhost/127.0.0.1:51501]' for 'POST' to 'http://localhost:51501/session/926da1308543c6a41ec7ce3499322876/element'
11:06:24.886 [Forwarding findElement on session 926da1308543c6a41ec7ce3499322876 to remote] DEBUG org.asynchttpclient.netty.request.NettyRequestSender - Using open Channel [id: 0x284d3902, L:/127.0.0.1:60404 - R:localhost/127.0.0.1:51501] for POST '/session/926da1308543c6a41ec7ce3499322876/element'
11:06:24.915 [AsyncHttpClient-1-3] DEBUG org.asynchttpclient.netty.handler.HttpHandler - 

Request DefaultHttpRequest(decodeResult: success, version: HTTP/1.1)
POST /session/926da1308543c6a41ec7ce3499322876/element HTTP/1.1
User-Agent: selenium/4.1.2 (java windows)
Content-Length: 166
Content-Type: application/json; charset=utf-8
host: localhost:51501
accept: */*

Response DefaultHttpResponse(decodeResult: success, version: HTTP/1.1)
HTTP/1.1 200 OK
Content-Type: application/json; charset=utf-8
cache-control: no-cache
content-length: 88

11:06:24.916 [AsyncHttpClient-1-3] DEBUG org.asynchttpclient.netty.channel.ChannelManager - Adding key: http://localhost:51501 for channel [id: 0x284d3902, L:/127.0.0.1:60404 - R:localhost/127.0.0.1:51501]
11:06:24.919 [Forwarding sendKeysToElement on session 926da1308543c6a41ec7ce3499322876 to remote] DEBUG org.asynchttpclient.netty.request.NettyRequestSender - Using pooled Channel '[id: 0x284d3902, L:/127.0.0.1:60404 - R:localhost/127.0.0.1:51501]' for 'POST' to 'http://localhost:51501/session/926da1308543c6a41ec7ce3499322876/element/5bfe9386-fb13-4076-9c79-79e4d11762c0/value'
11:06:24.919 [Forwarding sendKeysToElement on session 926da1308543c6a41ec7ce3499322876 to remote] DEBUG org.asynchttpclient.netty.request.NettyRequestSender - Using open Channel [id: 0x284d3902, L:/127.0.0.1:60404 - R:localhost/127.0.0.1:51501] for POST '/session/926da1308543c6a41ec7ce3499322876/element/5bfe9386-fb13-4076-9c79-79e4d11762c0/value'
11:06:25.274 [AsyncHttpClient-1-3] DEBUG org.asynchttpclient.netty.handler.HttpHandler - 

Request DefaultHttpRequest(decodeResult: success, version: HTTP/1.1)
POST /session/926da1308543c6a41ec7ce3499322876/element/5bfe9386-fb13-4076-9c79-79e4d11762c0/value HTTP/1.1
User-Agent: selenium/4.1.2 (java windows)
Content-Length: 181
Content-Type: application/json; charset=utf-8
host: localhost:51501
accept: */*

Response DefaultHttpResponse(decodeResult: success, version: HTTP/1.1)
HTTP/1.1 200 OK
Content-Type: application/json; charset=utf-8
cache-control: no-cache
content-length: 14

11:06:25.274 [AsyncHttpClient-1-3] DEBUG org.asynchttpclient.netty.channel.ChannelManager - Adding key: http://localhost:51501 for channel [id: 0x284d3902, L:/127.0.0.1:60404 - R:localhost/127.0.0.1:51501]
11:06:25.289 [Forwarding screenshot on session 926da1308543c6a41ec7ce3499322876 to remote] DEBUG org.asynchttpclient.netty.request.NettyRequestSender - Using pooled Channel '[id: 0x284d3902, L:/127.0.0.1:60404 - R:localhost/127.0.0.1:51501]' for 'GET' to 'http://localhost:51501/session/926da1308543c6a41ec7ce3499322876/screenshot'
11:06:25.289 [Forwarding screenshot on session 926da1308543c6a41ec7ce3499322876 to remote] DEBUG org.asynchttpclient.netty.request.NettyRequestSender - Using open Channel [id: 0x284d3902, L:/127.0.0.1:60404 - R:localhost/127.0.0.1:51501] for GET '/session/926da1308543c6a41ec7ce3499322876/screenshot'
11:06:25.314 [AsyncHttpClient-1-1] DEBUG org.asynchttpclient.netty.channel.DefaultChannelPool - Entry count for : http://localhost:60405 : 1
11:06:25.587 [AsyncHttpClient-1-3] DEBUG org.asynchttpclient.netty.handler.HttpHandler - 

Request DefaultFullHttpRequest(decodeResult: success, version: HTTP/1.1, content: EmptyByteBufBE)
GET /session/926da1308543c6a41ec7ce3499322876/screenshot HTTP/1.1
User-Agent: selenium/4.1.2 (java windows)
Cache-Control: no-cache
Content-Type: application/json; charset=utf-8
host: localhost:51501
accept: */*

Response DefaultHttpResponse(decodeResult: success, version: HTTP/1.1)
HTTP/1.1 200 OK
Content-Type: application/json; charset=utf-8
cache-control: no-cache
content-length: 362876

11:06:25.593 [AsyncHttpClient-1-3] DEBUG org.asynchttpclient.netty.channel.ChannelManager - Adding key: http://localhost:51501 for channel [id: 0x284d3902, L:/127.0.0.1:60404 - R:localhost/127.0.0.1:51501]
11:06:25.623 [main] DEBUG net.serenitybdd.core.photography.Darkroom - Send negative for processing for target\site\serenity\314657eef6bd0300878f5fde9062041819b6b3e779957bf8000da9fd75cab25e.png
11:06:25.624 [main] DEBUG net.thucydides.core.steps.StepInterceptor - STEP DONE: inputDataPasien
  &amp#27;[32mThen &amp#27;[0m&amp#27;[32mI input &amp#27;[0m&amp#27;[32m&amp#27;[1m""&amp#27;[0m&amp#27;[32m &amp#27;[0m&amp#27;[32m&amp#27;[1m"12344"&amp#27;[0m&amp#27;[32m &amp#27;[0m&amp#27;[32m&amp#27;[1m"Bedah"&amp#27;[0m&amp#27;[32m &amp#27;[0m&amp#27;[32m&amp#27;[1m"BagasBedah"&amp#27;[0m&amp#27;[32m &amp#27;[0m&amp#27;[32m&amp#27;[1m"BagasBedah"&amp#27;[0m&amp#27;[32m dokter&amp#27;[0m &amp#27;[90m# starter.stepdefinitios.DokterDataSteps.iInputDokter(java.lang.String,java.lang.String,java.lang.String,java.lang.String,java.lang.String)&amp#27;[0m
11:06:25.625 [Darkroom Processing Line] DEBUG net.serenitybdd.core.photography.DarkroomProcessingLine - Processing screenshot image in /var/screenshots/screenshot-5736904464577036790
11:06:25.625 [Darkroom Processing Line] DEBUG net.serenitybdd.core.photography.DarkroomProcessingLine - Saving screenshot to target\site\serenity\314657eef6bd0300878f5fde9062041819b6b3e779957bf8000da9fd75cab25e.png
11:06:25.669 [main] DEBUG net.thucydides.core.steps.StepInterceptor - STARTING STEP: PatientDataSteps.clickButtonSimpan - clickButtonSave
11:06:25.677 [Forwarding findElement on session 926da1308543c6a41ec7ce3499322876 to remote] DEBUG org.asynchttpclient.netty.request.NettyRequestSender - Using pooled Channel '[id: 0x284d3902, L:/127.0.0.1:60404 - R:localhost/127.0.0.1:51501]' for 'POST' to 'http://localhost:51501/session/926da1308543c6a41ec7ce3499322876/element'
11:06:25.677 [Forwarding findElement on session 926da1308543c6a41ec7ce3499322876 to remote] DEBUG org.asynchttpclient.netty.request.NettyRequestSender - Using open Channel [id: 0x284d3902, L:/127.0.0.1:60404 - R:localhost/127.0.0.1:51501] for POST '/session/926da1308543c6a41ec7ce3499322876/element'
11:06:25.702 [AsyncHttpClient-1-3] DEBUG org.asynchttpclient.netty.handler.HttpHandler - 

Request DefaultHttpRequest(decodeResult: success, version: HTTP/1.1)
POST /session/926da1308543c6a41ec7ce3499322876/element HTTP/1.1
User-Agent: selenium/4.1.2 (java windows)
Content-Length: 149
Content-Type: application/json; charset=utf-8
host: localhost:51501
accept: */*

Response DefaultHttpResponse(decodeResult: success, version: HTTP/1.1)
HTTP/1.1 200 OK
Content-Type: application/json; charset=utf-8
cache-control: no-cache
content-length: 88

11:06:25.703 [AsyncHttpClient-1-3] DEBUG org.asynchttpclient.netty.channel.ChannelManager - Adding key: http://localhost:51501 for channel [id: 0x284d3902, L:/127.0.0.1:60404 - R:localhost/127.0.0.1:51501]
11:06:25.706 [Forwarding getElementTagName on session 926da1308543c6a41ec7ce3499322876 to remote] DEBUG org.asynchttpclient.netty.request.NettyRequestSender - Using pooled Channel '[id: 0x284d3902, L:/127.0.0.1:60404 - R:localhost/127.0.0.1:51501]' for 'GET' to 'http://localhost:51501/session/926da1308543c6a41ec7ce3499322876/element/271b2aea-de0a-4eee-affb-17a29da2ce4e/name'
11:06:25.706 [Forwarding getElementTagName on session 926da1308543c6a41ec7ce3499322876 to remote] DEBUG org.asynchttpclient.netty.request.NettyRequestSender - Using open Channel [id: 0x284d3902, L:/127.0.0.1:60404 - R:localhost/127.0.0.1:51501] for GET '/session/926da1308543c6a41ec7ce3499322876/element/271b2aea-de0a-4eee-affb-17a29da2ce4e/name'
11:06:25.718 [AsyncHttpClient-1-3] DEBUG org.asynchttpclient.netty.handler.HttpHandler - 

Request DefaultFullHttpRequest(decodeResult: success, version: HTTP/1.1, content: EmptyByteBufBE)
GET /session/926da1308543c6a41ec7ce3499322876/element/271b2aea-de0a-4eee-affb-17a29da2ce4e/name HTTP/1.1
User-Agent: selenium/4.1.2 (java windows)
Cache-Control: no-cache
Content-Type: application/json; charset=utf-8
host: localhost:51501
accept: */*

Response DefaultHttpResponse(decodeResult: success, version: HTTP/1.1)
HTTP/1.1 200 OK
Content-Type: application/json; charset=utf-8
cache-control: no-cache
content-length: 18

11:06:25.718 [AsyncHttpClient-1-3] DEBUG org.asynchttpclient.netty.channel.ChannelManager - Adding key: http://localhost:51501 for channel [id: 0x284d3902, L:/127.0.0.1:60404 - R:localhost/127.0.0.1:51501]
11:06:25.743 [Forwarding getElementTagName on session 926da1308543c6a41ec7ce3499322876 to remote] DEBUG org.asynchttpclient.netty.request.NettyRequestSender - Using pooled Channel '[id: 0x284d3902, L:/127.0.0.1:60404 - R:localhost/127.0.0.1:51501]' for 'GET' to 'http://localhost:51501/session/926da1308543c6a41ec7ce3499322876/element/271b2aea-de0a-4eee-affb-17a29da2ce4e/name'
11:06:25.743 [Forwarding getElementTagName on session 926da1308543c6a41ec7ce3499322876 to remote] DEBUG org.asynchttpclient.netty.request.NettyRequestSender - Using open Channel [id: 0x284d3902, L:/127.0.0.1:60404 - R:localhost/127.0.0.1:51501] for GET '/session/926da1308543c6a41ec7ce3499322876/element/271b2aea-de0a-4eee-affb-17a29da2ce4e/name'
11:06:25.754 [AsyncHttpClient-1-3] DEBUG org.asynchttpclient.netty.handler.HttpHandler - 

Request DefaultFullHttpRequest(decodeResult: success, version: HTTP/1.1, content: EmptyByteBufBE)
GET /session/926da1308543c6a41ec7ce3499322876/element/271b2aea-de0a-4eee-affb-17a29da2ce4e/name HTTP/1.1
User-Agent: selenium/4.1.2 (java windows)
Cache-Control: no-cache
Content-Type: application/json; charset=utf-8
host: localhost:51501
accept: */*

Response DefaultHttpResponse(decodeResult: success, version: HTTP/1.1)
HTTP/1.1 200 OK
Content-Type: application/json; charset=utf-8
cache-control: no-cache
content-length: 18

11:06:25.755 [AsyncHttpClient-1-3] DEBUG org.asynchttpclient.netty.channel.ChannelManager - Adding key: http://localhost:51501 for channel [id: 0x284d3902, L:/127.0.0.1:60404 - R:localhost/127.0.0.1:51501]
11:06:25.763 [Forwarding isElementEnabled on session 926da1308543c6a41ec7ce3499322876 to remote] DEBUG org.asynchttpclient.netty.request.NettyRequestSender - Using pooled Channel '[id: 0x284d3902, L:/127.0.0.1:60404 - R:localhost/127.0.0.1:51501]' for 'GET' to 'http://localhost:51501/session/926da1308543c6a41ec7ce3499322876/element/271b2aea-de0a-4eee-affb-17a29da2ce4e/enabled'
11:06:25.763 [Forwarding isElementEnabled on session 926da1308543c6a41ec7ce3499322876 to remote] DEBUG org.asynchttpclient.netty.request.NettyRequestSender - Using open Channel [id: 0x284d3902, L:/127.0.0.1:60404 - R:localhost/127.0.0.1:51501] for GET '/session/926da1308543c6a41ec7ce3499322876/element/271b2aea-de0a-4eee-affb-17a29da2ce4e/enabled'
11:06:25.785 [AsyncHttpClient-1-3] DEBUG org.asynchttpclient.netty.handler.HttpHandler - 

Request DefaultFullHttpRequest(decodeResult: success, version: HTTP/1.1, content: EmptyByteBufBE)
GET /session/926da1308543c6a41ec7ce3499322876/element/271b2aea-de0a-4eee-affb-17a29da2ce4e/enabled HTTP/1.1
User-Agent: selenium/4.1.2 (java windows)
Cache-Control: no-cache
Content-Type: application/json; charset=utf-8
host: localhost:51501
accept: */*

Response DefaultHttpResponse(decodeResult: success, version: HTTP/1.1)
HTTP/1.1 200 OK
Content-Type: application/json; charset=utf-8
cache-control: no-cache
content-length: 14

11:06:25.786 [AsyncHttpClient-1-3] DEBUG org.asynchttpclient.netty.channel.ChannelManager - Adding key: http://localhost:51501 for channel [id: 0x284d3902, L:/127.0.0.1:60404 - R:localhost/127.0.0.1:51501]
11:06:25.789 [Forwarding isElementEnabled on session 926da1308543c6a41ec7ce3499322876 to remote] DEBUG org.asynchttpclient.netty.request.NettyRequestSender - Using pooled Channel '[id: 0x284d3902, L:/127.0.0.1:60404 - R:localhost/127.0.0.1:51501]' for 'GET' to 'http://localhost:51501/session/926da1308543c6a41ec7ce3499322876/element/271b2aea-de0a-4eee-affb-17a29da2ce4e/enabled'
11:06:25.789 [Forwarding isElementEnabled on session 926da1308543c6a41ec7ce3499322876 to remote] DEBUG org.asynchttpclient.netty.request.NettyRequestSender - Using open Channel [id: 0x284d3902, L:/127.0.0.1:60404 - R:localhost/127.0.0.1:51501] for GET '/session/926da1308543c6a41ec7ce3499322876/element/271b2aea-de0a-4eee-affb-17a29da2ce4e/enabled'
11:06:25.803 [AsyncHttpClient-1-3] DEBUG org.asynchttpclient.netty.handler.HttpHandler - 

Request DefaultFullHttpRequest(decodeResult: success, version: HTTP/1.1, content: EmptyByteBufBE)
GET /session/926da1308543c6a41ec7ce3499322876/element/271b2aea-de0a-4eee-affb-17a29da2ce4e/enabled HTTP/1.1
User-Agent: selenium/4.1.2 (java windows)
Cache-Control: no-cache
Content-Type: application/json; charset=utf-8
host: localhost:51501
accept: */*

Response DefaultHttpResponse(decodeResult: success, version: HTTP/1.1)
HTTP/1.1 200 OK
Content-Type: application/json; charset=utf-8
cache-control: no-cache
content-length: 14

11:06:25.805 [AsyncHttpClient-1-3] DEBUG org.asynchttpclient.netty.channel.ChannelManager - Adding key: http://localhost:51501 for channel [id: 0x284d3902, L:/127.0.0.1:60404 - R:localhost/127.0.0.1:51501]
11:06:25.812 [Forwarding findElement on session 926da1308543c6a41ec7ce3499322876 to remote] DEBUG org.asynchttpclient.netty.request.NettyRequestSender - Using pooled Channel '[id: 0x284d3902, L:/127.0.0.1:60404 - R:localhost/127.0.0.1:51501]' for 'POST' to 'http://localhost:51501/session/926da1308543c6a41ec7ce3499322876/element'
11:06:25.813 [Forwarding findElement on session 926da1308543c6a41ec7ce3499322876 to remote] DEBUG org.asynchttpclient.netty.request.NettyRequestSender - Using open Channel [id: 0x284d3902, L:/127.0.0.1:60404 - R:localhost/127.0.0.1:51501] for POST '/session/926da1308543c6a41ec7ce3499322876/element'
11:06:25.829 [AsyncHttpClient-1-3] DEBUG org.asynchttpclient.netty.handler.HttpHandler - 

Request DefaultHttpRequest(decodeResult: success, version: HTTP/1.1)
POST /session/926da1308543c6a41ec7ce3499322876/element HTTP/1.1
User-Agent: selenium/4.1.2 (java windows)
Content-Length: 149
Content-Type: application/json; charset=utf-8
host: localhost:51501
accept: */*

Response DefaultHttpResponse(decodeResult: success, version: HTTP/1.1)
HTTP/1.1 200 OK
Content-Type: application/json; charset=utf-8
cache-control: no-cache
content-length: 88

11:06:25.830 [AsyncHttpClient-1-3] DEBUG org.asynchttpclient.netty.channel.ChannelManager - Adding key: http://localhost:51501 for channel [id: 0x284d3902, L:/127.0.0.1:60404 - R:localhost/127.0.0.1:51501]
11:06:25.833 [Forwarding clickElement on session 926da1308543c6a41ec7ce3499322876 to remote] DEBUG org.asynchttpclient.netty.request.NettyRequestSender - Using pooled Channel '[id: 0x284d3902, L:/127.0.0.1:60404 - R:localhost/127.0.0.1:51501]' for 'POST' to 'http://localhost:51501/session/926da1308543c6a41ec7ce3499322876/element/271b2aea-de0a-4eee-affb-17a29da2ce4e/click'
11:06:25.833 [Forwarding clickElement on session 926da1308543c6a41ec7ce3499322876 to remote] DEBUG org.asynchttpclient.netty.request.NettyRequestSender - Using open Channel [id: 0x284d3902, L:/127.0.0.1:60404 - R:localhost/127.0.0.1:51501] for POST '/session/926da1308543c6a41ec7ce3499322876/element/271b2aea-de0a-4eee-affb-17a29da2ce4e/click'
11:06:25.970 [AsyncHttpClient-1-3] DEBUG org.asynchttpclient.netty.handler.HttpHandler - 

Request DefaultHttpRequest(decodeResult: success, version: HTTP/1.1)
POST /session/926da1308543c6a41ec7ce3499322876/element/271b2aea-de0a-4eee-affb-17a29da2ce4e/click HTTP/1.1
User-Agent: selenium/4.1.2 (java windows)
Content-Length: 50
Content-Type: application/json; charset=utf-8
host: localhost:51501
accept: */*

Response DefaultHttpResponse(decodeResult: success, version: HTTP/1.1)
HTTP/1.1 200 OK
Content-Type: application/json; charset=utf-8
cache-control: no-cache
content-length: 14

11:06:25.971 [AsyncHttpClient-1-3] DEBUG org.asynchttpclient.netty.channel.ChannelManager - Adding key: http://localhost:51501 for channel [id: 0x284d3902, L:/127.0.0.1:60404 - R:localhost/127.0.0.1:51501]
11:06:26.000 [Forwarding screenshot on session 926da1308543c6a41ec7ce3499322876 to remote] DEBUG org.asynchttpclient.netty.request.NettyRequestSender - Using pooled Channel '[id: 0x284d3902, L:/127.0.0.1:60404 - R:localhost/127.0.0.1:51501]' for 'GET' to 'http://localhost:51501/session/926da1308543c6a41ec7ce3499322876/screenshot'
11:06:26.000 [Forwarding screenshot on session 926da1308543c6a41ec7ce3499322876 to remote] DEBUG org.asynchttpclient.netty.request.NettyRequestSender - Using open Channel [id: 0x284d3902, L:/127.0.0.1:60404 - R:localhost/127.0.0.1:51501] for GET '/session/926da1308543c6a41ec7ce3499322876/screenshot'
11:06:26.422 [AsyncHttpClient-1-1] DEBUG org.asynchttpclient.netty.channel.DefaultChannelPool - Entry count for : http://localhost:60405 : 1
11:06:26.645 [AsyncHttpClient-1-3] DEBUG org.asynchttpclient.netty.handler.HttpHandler - 

Request DefaultFullHttpRequest(decodeResult: success, version: HTTP/1.1, content: EmptyByteBufBE)
GET /session/926da1308543c6a41ec7ce3499322876/screenshot HTTP/1.1
User-Agent: selenium/4.1.2 (java windows)
Cache-Control: no-cache
Content-Type: application/json; charset=utf-8
host: localhost:51501
accept: */*

Response DefaultHttpResponse(decodeResult: success, version: HTTP/1.1)
HTTP/1.1 500 Internal Server Error
Content-Type: application/json; charset=utf-8
cache-control: no-cache
content-length: 882

11:06:26.646 [AsyncHttpClient-1-3] DEBUG org.asynchttpclient.netty.channel.ChannelManager - Adding key: http://localhost:51501 for channel [id: 0x284d3902, L:/127.0.0.1:60404 - R:localhost/127.0.0.1:51501]
11:06:26.651 [main] WARN net.thucydides.core.webdriver.WebDriverFacade - Failed to take screenshot (unexpected alert open: <unknown>
  (Session info: chrome=102.0.5005.115): 
Build info: version: '4.1.2', revision: '9a5a329c5a'
System info: host: 'MOOK-HON', ip: '192.168.100.6', os.name: 'Windows 10', os.arch: 'amd64', os.version: '10.0', java.version: '11.0.14'
Driver info: org.openqa.selenium.chrome.ChromeDriver
Command: [926da1308543c6a41ec7ce3499322876, screenshot {}]
Capabilities {acceptInsecureCerts: false, browserName: chrome, browserVersion: 102.0.5005.115, chrome: {chromedriverVersion: 102.0.5005.61 (0e59bcc00cc4..., userDataDir: C:\Users\ASUS\AppData\Local...}, goog:chromeOptions: {debuggerAddress: localhost:60405}, javascriptEnabled: true, networkConnectionEnabled: false, pageLoadStrategy: normal, platform: WINDOWS, platformName: WINDOWS, proxy: Proxy(), se:cdp: ws://localhost:60405/devtoo..., se:cdpVersion: 102.0.5005.115, setWindowRect: true, strictFileInteractability: false, timeouts: {implicit: 0, pageLoad: 300000, script: 30000}, unhandledPromptBehavior: dismiss and notify, webauthn:extension:credBlob: true, webauthn:extension:largeBlob: true, webauthn:virtualAuthenticators: true}
Session ID: 926da1308543c6a41ec7ce3499322876)
11:06:26.652 [main] DEBUG net.thucydides.core.steps.StepInterceptor - STEP DONE: clickButtonSave
  &amp#27;[32mAnd &amp#27;[0m&amp#27;[32mClick button simpan&amp#27;[0m                                          &amp#27;[90m# starter.stepdefinitios.PatientDataSteps.clickButtonSimpan()&amp#27;[0m
11:06:26.688 [Forwarding screenshot on session 926da1308543c6a41ec7ce3499322876 to remote] DEBUG org.asynchttpclient.netty.request.NettyRequestSender - Using pooled Channel '[id: 0x284d3902, L:/127.0.0.1:60404 - R:localhost/127.0.0.1:51501]' for 'GET' to 'http://localhost:51501/session/926da1308543c6a41ec7ce3499322876/screenshot'
11:06:26.688 [Forwarding screenshot on session 926da1308543c6a41ec7ce3499322876 to remote] DEBUG org.asynchttpclient.netty.request.NettyRequestSender - Using open Channel [id: 0x284d3902, L:/127.0.0.1:60404 - R:localhost/127.0.0.1:51501] for GET '/session/926da1308543c6a41ec7ce3499322876/screenshot'
11:06:26.717 [AsyncHttpClient-1-3] DEBUG org.asynchttpclient.netty.handler.HttpHandler - 

Request DefaultFullHttpRequest(decodeResult: success, version: HTTP/1.1, content: EmptyByteBufBE)
GET /session/926da1308543c6a41ec7ce3499322876/screenshot HTTP/1.1
User-Agent: selenium/4.1.2 (java windows)
Cache-Control: no-cache
Content-Type: application/json; charset=utf-8
host: localhost:51501
accept: */*

Response DefaultHttpResponse(decodeResult: success, version: HTTP/1.1)
HTTP/1.1 500 Internal Server Error
Content-Type: application/json; charset=utf-8
cache-control: no-cache
content-length: 921

11:06:26.717 [AsyncHttpClient-1-3] DEBUG org.asynchttpclient.netty.channel.ChannelManager - Adding key: http://localhost:51501 for channel [id: 0x284d3902, L:/127.0.0.1:60404 - R:localhost/127.0.0.1:51501]
11:06:26.756 [main] WARN net.thucydides.core.webdriver.WebDriverFacade - Failed to take screenshot (unexpected alert open: {Alert text : Data telah ditambah}
  (Session info: chrome=102.0.5005.115): Data telah ditambah
Build info: version: '4.1.2', revision: '9a5a329c5a'
System info: host: 'MOOK-HON', ip: '192.168.100.6', os.name: 'Windows 10', os.arch: 'amd64', os.version: '10.0', java.version: '11.0.14'
Driver info: org.openqa.selenium.chrome.ChromeDriver
Command: [926da1308543c6a41ec7ce3499322876, screenshot {}]
Capabilities {acceptInsecureCerts: false, browserName: chrome, browserVersion: 102.0.5005.115, chrome: {chromedriverVersion: 102.0.5005.61 (0e59bcc00cc4..., userDataDir: C:\Users\ASUS\AppData\Local...}, goog:chromeOptions: {debuggerAddress: localhost:60405}, javascriptEnabled: true, networkConnectionEnabled: false, pageLoadStrategy: normal, platform: WINDOWS, platformName: WINDOWS, proxy: Proxy(), se:cdp: ws://localhost:60405/devtoo..., se:cdpVersion: 102.0.5005.115, setWindowRect: true, strictFileInteractability: false, timeouts: {implicit: 0, pageLoad: 300000, script: 30000}, unhandledPromptBehavior: dismiss and notify, webauthn:extension:credBlob: true, webauthn:extension:largeBlob: true, webauthn:virtualAuthenticators: true}
Session ID: 926da1308543c6a41ec7ce3499322876)
11:06:26.798 [Forwarding screenshot on session 926da1308543c6a41ec7ce3499322876 to remote] DEBUG org.asynchttpclient.netty.request.NettyRequestSender - Using pooled Channel '[id: 0x284d3902, L:/127.0.0.1:60404 - R:localhost/127.0.0.1:51501]' for 'GET' to 'http://localhost:51501/session/926da1308543c6a41ec7ce3499322876/screenshot'
11:06:26.798 [Forwarding screenshot on session 926da1308543c6a41ec7ce3499322876 to remote] DEBUG org.asynchttpclient.netty.request.NettyRequestSender - Using open Channel [id: 0x284d3902, L:/127.0.0.1:60404 - R:localhost/127.0.0.1:51501] for GET '/session/926da1308543c6a41ec7ce3499322876/screenshot'
11:06:27.305 [AsyncHttpClient-1-3] DEBUG org.asynchttpclient.netty.handler.HttpHandler - 

Request DefaultFullHttpRequest(decodeResult: success, version: HTTP/1.1, content: EmptyByteBufBE)
GET /session/926da1308543c6a41ec7ce3499322876/screenshot HTTP/1.1
User-Agent: selenium/4.1.2 (java windows)
Cache-Control: no-cache
Content-Type: application/json; charset=utf-8
host: localhost:51501
accept: */*

Response DefaultHttpResponse(decodeResult: success, version: HTTP/1.1)
HTTP/1.1 200 OK
Content-Type: application/json; charset=utf-8
cache-control: no-cache
content-length: 71412

11:06:27.307 [AsyncHttpClient-1-3] DEBUG org.asynchttpclient.netty.channel.ChannelManager - Adding key: http://localhost:51501 for channel [id: 0x284d3902, L:/127.0.0.1:60404 - R:localhost/127.0.0.1:51501]
11:06:27.316 [main] DEBUG net.serenitybdd.core.photography.Darkroom - Send negative for processing for target\site\serenity\641553ea0c7ee1350e9d99c43bd8b22ab0037bbbf11d544d65f62061eb96ca5a.png
11:06:27.514 [AsyncHttpClient-1-1] DEBUG org.asynchttpclient.netty.channel.DefaultChannelPool - Entry count for : http://localhost:51501 : 1
11:06:27.514 [AsyncHttpClient-1-1] DEBUG org.asynchttpclient.netty.channel.DefaultChannelPool - Entry count for : http://localhost:60405 : 1
11:06:27.842 [Forwarding screenshot on session 926da1308543c6a41ec7ce3499322876 to remote] DEBUG org.asynchttpclient.netty.request.NettyRequestSender - Using pooled Channel '[id: 0x284d3902, L:/127.0.0.1:60404 - R:localhost/127.0.0.1:51501]' for 'GET' to 'http://localhost:51501/session/926da1308543c6a41ec7ce3499322876/screenshot'
11:06:27.842 [Forwarding screenshot on session 926da1308543c6a41ec7ce3499322876 to remote] DEBUG org.asynchttpclient.netty.request.NettyRequestSender - Using open Channel [id: 0x284d3902, L:/127.0.0.1:60404 - R:localhost/127.0.0.1:51501] for GET '/session/926da1308543c6a41ec7ce3499322876/screenshot'
11:06:27.995 [AsyncHttpClient-1-3] DEBUG org.asynchttpclient.netty.handler.HttpHandler - 

Request DefaultFullHttpRequest(decodeResult: success, version: HTTP/1.1, content: EmptyByteBufBE)
GET /session/926da1308543c6a41ec7ce3499322876/screenshot HTTP/1.1
User-Agent: selenium/4.1.2 (java windows)
Cache-Control: no-cache
Content-Type: application/json; charset=utf-8
host: localhost:51501
accept: */*

Response DefaultHttpResponse(decodeResult: success, version: HTTP/1.1)
HTTP/1.1 200 OK
Content-Type: application/json; charset=utf-8
cache-control: no-cache
content-length: 78600

11:06:27.997 [AsyncHttpClient-1-3] DEBUG org.asynchttpclient.netty.channel.ChannelManager - Adding key: http://localhost:51501 for channel [id: 0x284d3902, L:/127.0.0.1:60404 - R:localhost/127.0.0.1:51501]
11:06:28.004 [main] DEBUG net.serenitybdd.core.photography.Darkroom - Send negative for processing for target\site\serenity\bb60001fbbd348e80211548d85c6e6eac0e6c8d2962676e5a674a2ebb0132ef9.png
11:06:28.005 [main] DEBUG net.thucydides.core.steps.StepInterceptor - STARTING STEP: DokterDataSteps.validDataDokter - validPagePasien
11:06:28.010 [Forwarding findElement on session 926da1308543c6a41ec7ce3499322876 to remote] DEBUG org.asynchttpclient.netty.request.NettyRequestSender - Using pooled Channel '[id: 0x284d3902, L:/127.0.0.1:60404 - R:localhost/127.0.0.1:51501]' for 'POST' to 'http://localhost:51501/session/926da1308543c6a41ec7ce3499322876/element'
11:06:28.010 [Forwarding findElement on session 926da1308543c6a41ec7ce3499322876 to remote] DEBUG org.asynchttpclient.netty.request.NettyRequestSender - Using open Channel [id: 0x284d3902, L:/127.0.0.1:60404 - R:localhost/127.0.0.1:51501] for POST '/session/926da1308543c6a41ec7ce3499322876/element'
11:06:28.037 [AsyncHttpClient-1-3] DEBUG org.asynchttpclient.netty.handler.HttpHandler - 

Request DefaultHttpRequest(decodeResult: success, version: HTTP/1.1)
POST /session/926da1308543c6a41ec7ce3499322876/element HTTP/1.1
User-Agent: selenium/4.1.2 (java windows)
Content-Length: 138
Content-Type: application/json; charset=utf-8
host: localhost:51501
accept: */*

Response DefaultHttpResponse(decodeResult: success, version: HTTP/1.1)
HTTP/1.1 200 OK
Content-Type: application/json; charset=utf-8
cache-control: no-cache
content-length: 88

11:06:28.038 [AsyncHttpClient-1-3] DEBUG org.asynchttpclient.netty.channel.ChannelManager - Adding key: http://localhost:51501 for channel [id: 0x284d3902, L:/127.0.0.1:60404 - R:localhost/127.0.0.1:51501]
11:06:28.040 [Forwarding isElementEnabled on session 926da1308543c6a41ec7ce3499322876 to remote] DEBUG org.asynchttpclient.netty.request.NettyRequestSender - Using pooled Channel '[id: 0x284d3902, L:/127.0.0.1:60404 - R:localhost/127.0.0.1:51501]' for 'GET' to 'http://localhost:51501/session/926da1308543c6a41ec7ce3499322876/element/1f504e1a-b3bc-41c1-81ad-6be080531dc0/enabled'
11:06:28.040 [Forwarding isElementEnabled on session 926da1308543c6a41ec7ce3499322876 to remote] DEBUG org.asynchttpclient.netty.request.NettyRequestSender - Using open Channel [id: 0x284d3902, L:/127.0.0.1:60404 - R:localhost/127.0.0.1:51501] for GET '/session/926da1308543c6a41ec7ce3499322876/element/1f504e1a-b3bc-41c1-81ad-6be080531dc0/enabled'
11:06:28.057 [AsyncHttpClient-1-3] DEBUG org.asynchttpclient.netty.handler.HttpHandler - 

Request DefaultFullHttpRequest(decodeResult: success, version: HTTP/1.1, content: EmptyByteBufBE)
GET /session/926da1308543c6a41ec7ce3499322876/element/1f504e1a-b3bc-41c1-81ad-6be080531dc0/enabled HTTP/1.1
User-Agent: selenium/4.1.2 (java windows)
Cache-Control: no-cache
Content-Type: application/json; charset=utf-8
host: localhost:51501
accept: */*

Response DefaultHttpResponse(decodeResult: success, version: HTTP/1.1)
HTTP/1.1 200 OK
Content-Type: application/json; charset=utf-8
cache-control: no-cache
content-length: 14

11:06:28.057 [AsyncHttpClient-1-3] DEBUG org.asynchttpclient.netty.channel.ChannelManager - Adding key: http://localhost:51501 for channel [id: 0x284d3902, L:/127.0.0.1:60404 - R:localhost/127.0.0.1:51501]
11:06:28.069 [Forwarding screenshot on session 926da1308543c6a41ec7ce3499322876 to remote] DEBUG org.asynchttpclient.netty.request.NettyRequestSender - Using pooled Channel '[id: 0x284d3902, L:/127.0.0.1:60404 - R:localhost/127.0.0.1:51501]' for 'GET' to 'http://localhost:51501/session/926da1308543c6a41ec7ce3499322876/screenshot'
11:06:28.069 [Forwarding screenshot on session 926da1308543c6a41ec7ce3499322876 to remote] DEBUG org.asynchttpclient.netty.request.NettyRequestSender - Using open Channel [id: 0x284d3902, L:/127.0.0.1:60404 - R:localhost/127.0.0.1:51501] for GET '/session/926da1308543c6a41ec7ce3499322876/screenshot'
11:06:28.241 [AsyncHttpClient-1-3] DEBUG org.asynchttpclient.netty.handler.HttpHandler - 

Request DefaultFullHttpRequest(decodeResult: success, version: HTTP/1.1, content: EmptyByteBufBE)
GET /session/926da1308543c6a41ec7ce3499322876/screenshot HTTP/1.1
User-Agent: selenium/4.1.2 (java windows)
Cache-Control: no-cache
Content-Type: application/json; charset=utf-8
host: localhost:51501
accept: */*

Response DefaultHttpResponse(decodeResult: success, version: HTTP/1.1)
HTTP/1.1 200 OK
Content-Type: application/json; charset=utf-8
cache-control: no-cache
content-length: 78600

11:06:28.243 [AsyncHttpClient-1-3] DEBUG org.asynchttpclient.netty.channel.ChannelManager - Adding key: http://localhost:51501 for channel [id: 0x284d3902, L:/127.0.0.1:60404 - R:localhost/127.0.0.1:51501]
11:06:28.251 [main] DEBUG net.serenitybdd.core.photography.Darkroom - Send negative for processing for target\site\serenity\bb60001fbbd348e80211548d85c6e6eac0e6c8d2962676e5a674a2ebb0132ef9.png
11:06:28.252 [main] DEBUG net.thucydides.core.steps.StepInterceptor - STEP DONE: validPagePasien
  &amp#27;[32mAnd &amp#27;[0m&amp#27;[32mValid data dokter&amp#27;[0m                                            &amp#27;[90m# starter.stepdefinitios.DokterDataSteps.validDataDokter()&amp#27;[0m
11:06:28.313 [Forwarding screenshot on session 926da1308543c6a41ec7ce3499322876 to remote] DEBUG org.asynchttpclient.netty.request.NettyRequestSender - Using pooled Channel '[id: 0x284d3902, L:/127.0.0.1:60404 - R:localhost/127.0.0.1:51501]' for 'GET' to 'http://localhost:51501/session/926da1308543c6a41ec7ce3499322876/screenshot'
11:06:28.313 [Forwarding screenshot on session 926da1308543c6a41ec7ce3499322876 to remote] DEBUG org.asynchttpclient.netty.request.NettyRequestSender - Using open Channel [id: 0x284d3902, L:/127.0.0.1:60404 - R:localhost/127.0.0.1:51501] for GET '/session/926da1308543c6a41ec7ce3499322876/screenshot'
11:06:28.529 [AsyncHttpClient-1-3] DEBUG org.asynchttpclient.netty.handler.HttpHandler - 

Request DefaultFullHttpRequest(decodeResult: success, version: HTTP/1.1, content: EmptyByteBufBE)
GET /session/926da1308543c6a41ec7ce3499322876/screenshot HTTP/1.1
User-Agent: selenium/4.1.2 (java windows)
Cache-Control: no-cache
Content-Type: application/json; charset=utf-8
host: localhost:51501
accept: */*

Response DefaultHttpResponse(decodeResult: success, version: HTTP/1.1)
HTTP/1.1 200 OK
Content-Type: application/json; charset=utf-8
cache-control: no-cache
content-length: 78600

11:06:28.530 [AsyncHttpClient-1-3] DEBUG org.asynchttpclient.netty.channel.ChannelManager - Adding key: http://localhost:51501 for channel [id: 0x284d3902, L:/127.0.0.1:60404 - R:localhost/127.0.0.1:51501]
11:06:28.538 [main] DEBUG net.serenitybdd.core.photography.Darkroom - Send negative for processing for target\site\serenity\bb60001fbbd348e80211548d85c6e6eac0e6c8d2962676e5a674a2ebb0132ef9.png
11:06:28.546 [AsyncHttpClient-1-5] DEBUG org.asynchttpclient.netty.handler.WebSocketHandler - Channel Closed: [id: 0xefd98ff3, L:/127.0.0.1:60415 ! R:localhost/127.0.0.1:60405] with attribute NettyResponseFuture{currentRetry=5,
	isDone=1,
	isCancelled=0,
	asyncHandler=org.asynchttpclient.ws.WebSocketUpgradeHandler@24f81917,
	nettyRequest=org.asynchttpclient.netty.request.NettyRequest@eb216be,
	future=java.util.concurrent.CompletableFuture@5ce7d86a[Completed normally],
	uri=ws://localhost:60405/devtools/browser/fba5f910-f0c7-475c-8165-be70a1d115df,
	keepAlive=true,
	redirectCount=0,
	timeoutsHolder=null,
	inAuth=0,
	touch=1655525178796}
11:06:28.546 [AsyncHttpClient-1-5] DEBUG org.asynchttpclient.netty.channel.ChannelManager - Closing Channel [id: 0xefd98ff3, L:/127.0.0.1:60415 ! R:localhost/127.0.0.1:60405] 
11:06:28.549 [Driver Command Executor] DEBUG org.asynchttpclient.netty.request.NettyRequestSender - Using pooled Channel '[id: 0x284d3902, L:/127.0.0.1:60404 - R:localhost/127.0.0.1:51501]' for 'DELETE' to 'http://localhost:51501/session/926da1308543c6a41ec7ce3499322876'
11:06:28.549 [Driver Command Executor] DEBUG org.asynchttpclient.netty.request.NettyRequestSender - Using open Channel [id: 0x284d3902, L:/127.0.0.1:60404 - R:localhost/127.0.0.1:51501] for DELETE '/session/926da1308543c6a41ec7ce3499322876'
11:06:28.635 [AsyncHttpClient-1-1] DEBUG org.asynchttpclient.netty.channel.DefaultChannelPool - Entry count for : http://localhost:60405 : 1
11:06:28.890 [AsyncHttpClient-1-4] DEBUG org.asynchttpclient.netty.handler.HttpHandler - Unexpected I/O exception on channel [id: 0x7b87f6a8, L:/127.0.0.1:60414 - R:localhost/127.0.0.1:60405]
java.io.IOException: An existing connection was forcibly closed by the remote host
	at java.base/sun.nio.ch.SocketDispatcher.read0(Native Method)
	at java.base/sun.nio.ch.SocketDispatcher.read(SocketDispatcher.java:43)
	at java.base/sun.nio.ch.IOUtil.readIntoNativeBuffer(IOUtil.java:276)
	at java.base/sun.nio.ch.IOUtil.read(IOUtil.java:233)
	at java.base/sun.nio.ch.IOUtil.read(IOUtil.java:223)
	at java.base/sun.nio.ch.SocketChannelImpl.read(SocketChannelImpl.java:358)
	at io.netty.buffer.PooledByteBuf.setBytes(PooledByteBuf.java:258)
	at io.netty.buffer.AbstractByteBuf.writeBytes(AbstractByteBuf.java:1132)
	at io.netty.channel.socket.nio.NioSocketChannel.doReadBytes(NioSocketChannel.java:350)
	at io.netty.channel.nio.AbstractNioByteChannel$NioByteUnsafe.read(AbstractNioByteChannel.java:151)
	at io.netty.channel.nio.NioEventLoop.processSelectedKey(NioEventLoop.java:722)
	at io.netty.channel.nio.NioEventLoop.processSelectedKeysOptimized(NioEventLoop.java:658)
	at io.netty.channel.nio.NioEventLoop.processSelectedKeys(NioEventLoop.java:584)
	at io.netty.channel.nio.NioEventLoop.run(NioEventLoop.java:496)
	at io.netty.util.concurrent.SingleThreadEventExecutor$4.run(SingleThreadEventExecutor.java:986)
	at io.netty.util.internal.ThreadExecutorMap$2.run(ThreadExecutorMap.java:74)
	at io.netty.util.concurrent.FastThreadLocalRunnable.run(FastThreadLocalRunnable.java:30)
	at java.base/java.lang.Thread.run(Thread.java:834)
11:06:28.890 [AsyncHttpClient-1-4] DEBUG org.asynchttpclient.netty.channel.ChannelManager - Closing Channel [id: 0x7b87f6a8, L:/127.0.0.1:60414 - R:localhost/127.0.0.1:60405] 
11:06:28.891 [AsyncHttpClient-1-4] DEBUG org.asynchttpclient.netty.handler.HttpHandler - Channel Closed: [id: 0x7b87f6a8, L:/127.0.0.1:60414 ! R:localhost/127.0.0.1:60405] with attribute DISCARD
11:06:28.974 [AsyncHttpClient-1-3] DEBUG org.asynchttpclient.netty.handler.HttpHandler - 

Request DefaultFullHttpRequest(decodeResult: success, version: HTTP/1.1, content: EmptyByteBufBE)
DELETE /session/926da1308543c6a41ec7ce3499322876 HTTP/1.1
User-Agent: selenium/4.1.2 (java windows)
Content-Type: application/json; charset=utf-8
host: localhost:51501
accept: */*

Response DefaultHttpResponse(decodeResult: success, version: HTTP/1.1)
HTTP/1.1 200 OK
Content-Type: application/json; charset=utf-8
cache-control: no-cache
content-length: 14

11:06:28.975 [AsyncHttpClient-1-3] DEBUG org.asynchttpclient.netty.channel.ChannelManager - Adding key: http://localhost:51501 for channel [id: 0x284d3902, L:/127.0.0.1:60404 - R:localhost/127.0.0.1:51501]
11:06:29.373 [AsyncHttpClient-1-3] DEBUG org.asynchttpclient.netty.handler.HttpHandler - Channel Closed: [id: 0x284d3902, L:/127.0.0.1:60404 ! R:localhost/127.0.0.1:51501] with attribute DISCARD
11:06:29.712 [AsyncHttpClient-1-1] DEBUG org.asynchttpclient.netty.channel.DefaultChannelPool - Entry count for : http://localhost:51501 : 1
11:06:29.712 [AsyncHttpClient-1-1] DEBUG org.asynchttpclient.netty.channel.DefaultChannelPool - Entry count for : http://localhost:60405 : 1
11:06:29.713 [AsyncHttpClient-1-1] DEBUG org.asynchttpclient.netty.channel.DefaultChannelPool - Adding Candidate expired Channel [id: 0x284d3902, L:/127.0.0.1:60404 ! R:localhost/127.0.0.1:51501] isIdleTimeoutExpired=false isRemotelyClosed=true isTtlExpired=false
11:06:29.713 [AsyncHttpClient-1-1] DEBUG org.asynchttpclient.netty.channel.DefaultChannelPool - Closing Idle Channel [id: 0x284d3902, L:/127.0.0.1:60404 ! R:localhost/127.0.0.1:51501]
11:06:29.713 [AsyncHttpClient-1-1] DEBUG org.asynchttpclient.netty.channel.DefaultChannelPool - Adding Candidate expired Channel [id: 0x7b87f6a8, L:/127.0.0.1:60414 ! R:localhost/127.0.0.1:60405] isIdleTimeoutExpired=false isRemotelyClosed=true isTtlExpired=false
11:06:29.713 [AsyncHttpClient-1-1] DEBUG org.asynchttpclient.netty.channel.DefaultChannelPool - Closing Idle Channel [id: 0x7b87f6a8, L:/127.0.0.1:60414 ! R:localhost/127.0.0.1:60405]
11:06:29.713 [AsyncHttpClient-1-1] DEBUG org.asynchttpclient.netty.channel.DefaultChannelPool - Closed 2 connections out of 2 in 0 ms
11:06:29.902 [main] INFO  - 
  _____   ___   ___   _____     ___     _     ___   ___   ___   ___  
 |_   _| | __| / __| |_   _|   | _ \   /_\   / __| / __| | __| |   \ 
   | |   | _|  \__ \   | |     |  _/  / _ \  \__ \ \__ \ | _|  | |) |
   |_|   |___| |___/   |_|     |_|   /_/ \_\ |___/ |___/ |___| |___/ 

As a admin i want to add data dokter
----------------------------------------------------------------------
]]></system-out>
    <system-err><![CDATA[Starting ChromeDriver 102.0.5005.61 (0e59bcc00cc4985ce39ad31c150065f159d95ad3-refs/branch-heads/5005@{#819}) on port 51501
Only local connections are allowed.
Please see https://chromedriver.chromium.org/security-considerations for suggestions on keeping ChromeDriver safe.
ChromeDriver was started successfully.
Jun 18, 2022 11:06:18 AM org.openqa.selenium.remote.ProtocolHandshake createSession
INFO: Detected dialect: W3C
Jun 18, 2022 11:06:18 AM org.openqa.selenium.devtools.CdpVersionFinder findNearestMatch
WARNING: Unable to find an exact match for CDP version 102, so returning the closest version found: a no-op implementation
Jun 18, 2022 11:06:18 AM org.openqa.selenium.devtools.CdpVersionFinder findNearestMatch
INFO: Unable to find CDP implementation matching 102.
Jun 18, 2022 11:06:18 AM org.openqa.selenium.chromium.ChromiumDriver lambda$new$3
WARNING: Unable to find version of CDP to use for . You may need to include a dependency on a specific version of the CDP using something similar to `org.seleniumhq.selenium:selenium-devtools-v86:4.1.2` where the version ("v86") matches the version of the chromium-based browser you're using and the version number of the artifact is the same as Selenium's.
[1655525186.639][WARNING]: unexpected alert open: {Alert text : Data telah ditambah}, cancelling screenshot
]]></system-err>
  </testcase>
  <testcase name="As a admin i want to add data dokter #3" classname="Data Dokter Admin" time="14.577">
    <system-out><![CDATA[
@DataDokter @AddDokterData
Scenario Outline: As a admin i want to add data dokter             &amp#27;[90m# src/test/resources/features/2DataDokter.feature:27&amp#27;[0m
11:06:29.960 [main] INFO io.cucumber.core.plugin.SerenityReporter - Running feature from file:///D:/New%20folder%20(2)/Capstone/Testing/src/test/resources/features/2DataDokter.feature
11:06:30.068 [main] DEBUG net.thucydides.core.steps.StepInterceptor - STARTING STEP: DokterDataSteps.openPageDataDokter - openDataDokter
11:06:30.071 [main] INFO net.serenitybdd.core.webdriver.driverproviders.ChromeDriverProvider - Using automatically driver download
11:06:30.341 [main] DEBUG io.github.bonigarcia.wdm.cache.ResolutionCache - Resolution chrome=102 in cache (valid until 11:10:23 18/06/2022 ICT)
11:06:30.358 [main] DEBUG io.github.bonigarcia.wdm.cache.ResolutionCache - Resolution chrome102=102.0.5005.61 in cache (valid until 19:49:35 18/06/2022 ICT)
11:06:30.365 [main] INFO io.github.bonigarcia.wdm.WebDriverManager - Using chromedriver 102.0.5005.61 (resolved driver for Chrome 102)
11:06:30.434 [main] DEBUG io.github.bonigarcia.wdm.WebDriverManager - Driver chromedriver 102.0.5005.61 found in cache
11:06:30.436 [main] INFO io.github.bonigarcia.wdm.WebDriverManager - Exporting webdriver.chrome.driver as C:\Users\ASUS\.cache\selenium\chromedriver\win32\102.0.5005.61\chromedriver.exe
11:06:30.706 [main] DEBUG net.serenitybdd.core.webdriver.driverproviders.ProvideNewDriver - Instantiating driver
11:06:30.706 [main] DEBUG net.serenitybdd.core.webdriver.driverproviders.ProvideNewDriver - Driver capabilities: Capabilities {acceptInsecureCerts: false, base.url: https://fanciful-trifle-360..., browserName: chrome, chore.driver: src/test/resources/webdrive..., driver: chrome, goog:chromeOptions: {args: [], extensions: []}}
11:06:31.289 [AsyncHttpClient-1-6] DEBUG org.asynchttpclient.netty.channel.NettyConnectListener - Using new Channel '[id: 0x2a64feab, L:/127.0.0.1:60442 - R:localhost/127.0.0.1:62749]' for 'POST' to '/session'
11:06:33.674 [AsyncHttpClient-1-6] DEBUG org.asynchttpclient.netty.handler.HttpHandler - 

Request DefaultHttpRequest(decodeResult: success, version: HTTP/1.1)
POST /session HTTP/1.1
User-Agent: selenium/4.1.2 (java windows)
Content-Length: 628
Content-Type: application/json; charset=utf-8
host: localhost:62749
accept: */*

Response DefaultHttpResponse(decodeResult: success, version: HTTP/1.1)
HTTP/1.1 200 OK
Content-Type: application/json; charset=utf-8
cache-control: no-cache
content-length: 788

11:06:33.675 [AsyncHttpClient-1-6] DEBUG org.asynchttpclient.netty.channel.ChannelManager - Adding key: http://localhost:62749 for channel [id: 0x2a64feab, L:/127.0.0.1:60442 - R:localhost/127.0.0.1:62749]
11:06:33.706 [AsyncHttpClient-1-7] DEBUG org.asynchttpclient.netty.channel.NettyConnectListener - Using new Channel '[id: 0x515b66de, L:/127.0.0.1:60454 - R:localhost/127.0.0.1:60443]' for 'GET' to '/json/version'
11:06:33.708 [AsyncHttpClient-1-7] DEBUG org.asynchttpclient.netty.handler.HttpHandler - 

Request DefaultFullHttpRequest(decodeResult: success, version: HTTP/1.1, content: EmptyByteBufBE)
GET /json/version HTTP/1.1
User-Agent: selenium/4.1.2 (java windows)
host: localhost:60443
accept: */*

Response DefaultHttpResponse(decodeResult: success, version: HTTP/1.1)
HTTP/1.1 200 OK
Content-Type: application/json; charset=UTF-8
content-length: 428

11:06:33.709 [AsyncHttpClient-1-7] DEBUG org.asynchttpclient.netty.channel.ChannelManager - Adding key: http://localhost:60443 for channel [id: 0x515b66de, L:/127.0.0.1:60454 - R:localhost/127.0.0.1:60443]
11:06:33.720 [AsyncHttpClient-1-8] DEBUG org.asynchttpclient.netty.channel.NettyConnectListener - Using new Channel '[id: 0x50c7bf39, L:/127.0.0.1:60455 - R:localhost/127.0.0.1:60443]' for 'GET' to '/devtools/browser/060c14d2-aae5-4f5d-a13e-19f6d336e872'
11:06:33.722 [AsyncHttpClient-1-8] DEBUG org.asynchttpclient.netty.handler.WebSocketHandler - 

Request DefaultFullHttpRequest(decodeResult: success, version: HTTP/1.1, content: EmptyByteBufBE)
GET /devtools/browser/060c14d2-aae5-4f5d-a13e-19f6d336e872 HTTP/1.1
upgrade: websocket
connection: upgrade
sec-websocket-key: yjJlDXa1FAibLEh53WtHkQ==
sec-websocket-version: 13
origin: http://localhost:60443
host: localhost:60443
accept: */*
user-agent: AHC/2.1

Response DefaultHttpResponse(decodeResult: success, version: HTTP/1.1)
HTTP/1.1 101 WebSocket Protocol Handshake
Upgrade: WebSocket
Connection: Upgrade
Sec-WebSocket-Accept: lraXuH77m4tm9uROsnkEGCd+mwg=

11:06:33.769 [Forwarding get on session 145e81a9236b7949e7eee21a95b57c84 to remote] DEBUG org.asynchttpclient.netty.request.NettyRequestSender - Using pooled Channel '[id: 0x2a64feab, L:/127.0.0.1:60442 - R:localhost/127.0.0.1:62749]' for 'POST' to 'http://localhost:62749/session/145e81a9236b7949e7eee21a95b57c84/url'
11:06:33.770 [Forwarding get on session 145e81a9236b7949e7eee21a95b57c84 to remote] DEBUG org.asynchttpclient.netty.request.NettyRequestSender - Using open Channel [id: 0x2a64feab, L:/127.0.0.1:60442 - R:localhost/127.0.0.1:62749] for POST '/session/145e81a9236b7949e7eee21a95b57c84/url'
11:06:34.113 [AsyncHttpClient-1-1] DEBUG org.asynchttpclient.netty.channel.DefaultChannelPool - Entry count for : http://localhost:60443 : 1
11:06:35.238 [AsyncHttpClient-1-1] DEBUG org.asynchttpclient.netty.channel.DefaultChannelPool - Entry count for : http://localhost:60443 : 1
11:06:35.325 [AsyncHttpClient-1-6] DEBUG org.asynchttpclient.netty.handler.HttpHandler - 

Request DefaultHttpRequest(decodeResult: success, version: HTTP/1.1)
POST /session/145e81a9236b7949e7eee21a95b57c84/url HTTP/1.1
User-Agent: selenium/4.1.2 (java windows)
Content-Length: 84
Content-Type: application/json; charset=utf-8
host: localhost:62749
accept: */*

Response DefaultHttpResponse(decodeResult: success, version: HTTP/1.1)
HTTP/1.1 200 OK
Content-Type: application/json; charset=utf-8
cache-control: no-cache
content-length: 14

11:06:35.326 [AsyncHttpClient-1-6] DEBUG org.asynchttpclient.netty.channel.ChannelManager - Adding key: http://localhost:62749 for channel [id: 0x2a64feab, L:/127.0.0.1:60442 - R:localhost/127.0.0.1:62749]
11:06:35.333 [Forwarding setTimeout on session 145e81a9236b7949e7eee21a95b57c84 to remote] DEBUG org.asynchttpclient.netty.request.NettyRequestSender - Using pooled Channel '[id: 0x2a64feab, L:/127.0.0.1:60442 - R:localhost/127.0.0.1:62749]' for 'POST' to 'http://localhost:62749/session/145e81a9236b7949e7eee21a95b57c84/timeouts'
11:06:35.333 [Forwarding setTimeout on session 145e81a9236b7949e7eee21a95b57c84 to remote] DEBUG org.asynchttpclient.netty.request.NettyRequestSender - Using open Channel [id: 0x2a64feab, L:/127.0.0.1:60442 - R:localhost/127.0.0.1:62749] for POST '/session/145e81a9236b7949e7eee21a95b57c84/timeouts'
11:06:35.336 [AsyncHttpClient-1-6] DEBUG org.asynchttpclient.netty.handler.HttpHandler - 

Request DefaultHttpRequest(decodeResult: success, version: HTTP/1.1)
POST /session/145e81a9236b7949e7eee21a95b57c84/timeouts HTTP/1.1
User-Agent: selenium/4.1.2 (java windows)
Content-Length: 22
Content-Type: application/json; charset=utf-8
host: localhost:62749
accept: */*

Response DefaultHttpResponse(decodeResult: success, version: HTTP/1.1)
HTTP/1.1 200 OK
Content-Type: application/json; charset=utf-8
cache-control: no-cache
content-length: 14

11:06:35.336 [AsyncHttpClient-1-6] DEBUG org.asynchttpclient.netty.channel.ChannelManager - Adding key: http://localhost:62749 for channel [id: 0x2a64feab, L:/127.0.0.1:60442 - R:localhost/127.0.0.1:62749]
11:06:35.347 [Forwarding getCurrentUrl on session 145e81a9236b7949e7eee21a95b57c84 to remote] DEBUG org.asynchttpclient.netty.request.NettyRequestSender - Using pooled Channel '[id: 0x2a64feab, L:/127.0.0.1:60442 - R:localhost/127.0.0.1:62749]' for 'GET' to 'http://localhost:62749/session/145e81a9236b7949e7eee21a95b57c84/url'
11:06:35.348 [Forwarding getCurrentUrl on session 145e81a9236b7949e7eee21a95b57c84 to remote] DEBUG org.asynchttpclient.netty.request.NettyRequestSender - Using open Channel [id: 0x2a64feab, L:/127.0.0.1:60442 - R:localhost/127.0.0.1:62749] for GET '/session/145e81a9236b7949e7eee21a95b57c84/url'
11:06:35.382 [AsyncHttpClient-1-6] DEBUG org.asynchttpclient.netty.handler.HttpHandler - 

Request DefaultFullHttpRequest(decodeResult: success, version: HTTP/1.1, content: EmptyByteBufBE)
GET /session/145e81a9236b7949e7eee21a95b57c84/url HTTP/1.1
User-Agent: selenium/4.1.2 (java windows)
Cache-Control: no-cache
Content-Type: application/json; charset=utf-8
host: localhost:62749
accept: */*

Response DefaultHttpResponse(decodeResult: success, version: HTTP/1.1)
HTTP/1.1 200 OK
Content-Type: application/json; charset=utf-8
cache-control: no-cache
content-length: 66

11:06:35.383 [AsyncHttpClient-1-6] DEBUG org.asynchttpclient.netty.channel.ChannelManager - Adding key: http://localhost:62749 for channel [id: 0x2a64feab, L:/127.0.0.1:60442 - R:localhost/127.0.0.1:62749]
11:06:35.403 [Forwarding screenshot on session 145e81a9236b7949e7eee21a95b57c84 to remote] DEBUG org.asynchttpclient.netty.request.NettyRequestSender - Using pooled Channel '[id: 0x2a64feab, L:/127.0.0.1:60442 - R:localhost/127.0.0.1:62749]' for 'GET' to 'http://localhost:62749/session/145e81a9236b7949e7eee21a95b57c84/screenshot'
11:06:35.403 [Forwarding screenshot on session 145e81a9236b7949e7eee21a95b57c84 to remote] DEBUG org.asynchttpclient.netty.request.NettyRequestSender - Using open Channel [id: 0x2a64feab, L:/127.0.0.1:60442 - R:localhost/127.0.0.1:62749] for GET '/session/145e81a9236b7949e7eee21a95b57c84/screenshot'
11:06:36.319 [AsyncHttpClient-1-1] DEBUG org.asynchttpclient.netty.channel.DefaultChannelPool - Entry count for : http://localhost:60443 : 1
11:06:36.470 [AsyncHttpClient-1-6] DEBUG org.asynchttpclient.netty.handler.HttpHandler - 

Request DefaultFullHttpRequest(decodeResult: success, version: HTTP/1.1, content: EmptyByteBufBE)
GET /session/145e81a9236b7949e7eee21a95b57c84/screenshot HTTP/1.1
User-Agent: selenium/4.1.2 (java windows)
Cache-Control: no-cache
Content-Type: application/json; charset=utf-8
host: localhost:62749
accept: */*

Response DefaultHttpResponse(decodeResult: success, version: HTTP/1.1)
HTTP/1.1 200 OK
Content-Type: application/json; charset=utf-8
cache-control: no-cache
content-length: 71412

11:06:36.471 [AsyncHttpClient-1-6] DEBUG org.asynchttpclient.netty.channel.ChannelManager - Adding key: http://localhost:62749 for channel [id: 0x2a64feab, L:/127.0.0.1:60442 - R:localhost/127.0.0.1:62749]
11:06:36.485 [main] DEBUG net.serenitybdd.core.photography.Darkroom - Send negative for processing for target\site\serenity\641553ea0c7ee1350e9d99c43bd8b22ab0037bbbf11d544d65f62061eb96ca5a.png
11:06:36.486 [main] DEBUG net.thucydides.core.steps.StepInterceptor - STEP DONE: openDataDokter
  &amp#27;[32mGiven &amp#27;[0m&amp#27;[32mOpen page data dokter&amp#27;[0m                                      &amp#27;[90m# starter.stepdefinitios.DokterDataSteps.openPageDataDokter()&amp#27;[0m
11:06:36.601 [Forwarding screenshot on session 145e81a9236b7949e7eee21a95b57c84 to remote] DEBUG org.asynchttpclient.netty.request.NettyRequestSender - Using pooled Channel '[id: 0x2a64feab, L:/127.0.0.1:60442 - R:localhost/127.0.0.1:62749]' for 'GET' to 'http://localhost:62749/session/145e81a9236b7949e7eee21a95b57c84/screenshot'
11:06:36.601 [Forwarding screenshot on session 145e81a9236b7949e7eee21a95b57c84 to remote] DEBUG org.asynchttpclient.netty.request.NettyRequestSender - Using open Channel [id: 0x2a64feab, L:/127.0.0.1:60442 - R:localhost/127.0.0.1:62749] for GET '/session/145e81a9236b7949e7eee21a95b57c84/screenshot'
11:06:36.799 [AsyncHttpClient-1-6] DEBUG org.asynchttpclient.netty.handler.HttpHandler - 

Request DefaultFullHttpRequest(decodeResult: success, version: HTTP/1.1, content: EmptyByteBufBE)
GET /session/145e81a9236b7949e7eee21a95b57c84/screenshot HTTP/1.1
User-Agent: selenium/4.1.2 (java windows)
Cache-Control: no-cache
Content-Type: application/json; charset=utf-8
host: localhost:62749
accept: */*

Response DefaultHttpResponse(decodeResult: success, version: HTTP/1.1)
HTTP/1.1 200 OK
Content-Type: application/json; charset=utf-8
cache-control: no-cache
content-length: 78600

11:06:36.800 [AsyncHttpClient-1-6] DEBUG org.asynchttpclient.netty.channel.ChannelManager - Adding key: http://localhost:62749 for channel [id: 0x2a64feab, L:/127.0.0.1:60442 - R:localhost/127.0.0.1:62749]
11:06:36.807 [main] DEBUG net.serenitybdd.core.photography.Darkroom - Send negative for processing for target\site\serenity\bb60001fbbd348e80211548d85c6e6eac0e6c8d2962676e5a674a2ebb0132ef9.png
11:06:36.807 [main] DEBUG net.thucydides.core.steps.StepInterceptor - STARTING STEP: PatientDataSteps.clickButtonTambahData - clickButtonTambah
11:06:36.816 [Forwarding findElement on session 145e81a9236b7949e7eee21a95b57c84 to remote] DEBUG org.asynchttpclient.netty.request.NettyRequestSender - Using pooled Channel '[id: 0x2a64feab, L:/127.0.0.1:60442 - R:localhost/127.0.0.1:62749]' for 'POST' to 'http://localhost:62749/session/145e81a9236b7949e7eee21a95b57c84/element'
11:06:36.816 [Forwarding findElement on session 145e81a9236b7949e7eee21a95b57c84 to remote] DEBUG org.asynchttpclient.netty.request.NettyRequestSender - Using open Channel [id: 0x2a64feab, L:/127.0.0.1:60442 - R:localhost/127.0.0.1:62749] for POST '/session/145e81a9236b7949e7eee21a95b57c84/element'
11:06:36.841 [AsyncHttpClient-1-6] DEBUG org.asynchttpclient.netty.handler.HttpHandler - 

Request DefaultHttpRequest(decodeResult: success, version: HTTP/1.1)
POST /session/145e81a9236b7949e7eee21a95b57c84/element HTTP/1.1
User-Agent: selenium/4.1.2 (java windows)
Content-Length: 109
Content-Type: application/json; charset=utf-8
host: localhost:62749
accept: */*

Response DefaultHttpResponse(decodeResult: success, version: HTTP/1.1)
HTTP/1.1 200 OK
Content-Type: application/json; charset=utf-8
cache-control: no-cache
content-length: 88

11:06:36.842 [AsyncHttpClient-1-6] DEBUG org.asynchttpclient.netty.channel.ChannelManager - Adding key: http://localhost:62749 for channel [id: 0x2a64feab, L:/127.0.0.1:60442 - R:localhost/127.0.0.1:62749]
11:06:36.846 [Forwarding getElementTagName on session 145e81a9236b7949e7eee21a95b57c84 to remote] DEBUG org.asynchttpclient.netty.request.NettyRequestSender - Using pooled Channel '[id: 0x2a64feab, L:/127.0.0.1:60442 - R:localhost/127.0.0.1:62749]' for 'GET' to 'http://localhost:62749/session/145e81a9236b7949e7eee21a95b57c84/element/f94aab1b-18d8-4849-9e0f-87aa91fea405/name'
11:06:36.846 [Forwarding getElementTagName on session 145e81a9236b7949e7eee21a95b57c84 to remote] DEBUG org.asynchttpclient.netty.request.NettyRequestSender - Using open Channel [id: 0x2a64feab, L:/127.0.0.1:60442 - R:localhost/127.0.0.1:62749] for GET '/session/145e81a9236b7949e7eee21a95b57c84/element/f94aab1b-18d8-4849-9e0f-87aa91fea405/name'
11:06:36.856 [AsyncHttpClient-1-6] DEBUG org.asynchttpclient.netty.handler.HttpHandler - 

Request DefaultFullHttpRequest(decodeResult: success, version: HTTP/1.1, content: EmptyByteBufBE)
GET /session/145e81a9236b7949e7eee21a95b57c84/element/f94aab1b-18d8-4849-9e0f-87aa91fea405/name HTTP/1.1
User-Agent: selenium/4.1.2 (java windows)
Cache-Control: no-cache
Content-Type: application/json; charset=utf-8
host: localhost:62749
accept: */*

Response DefaultHttpResponse(decodeResult: success, version: HTTP/1.1)
HTTP/1.1 200 OK
Content-Type: application/json; charset=utf-8
cache-control: no-cache
content-length: 18

11:06:36.857 [AsyncHttpClient-1-6] DEBUG org.asynchttpclient.netty.channel.ChannelManager - Adding key: http://localhost:62749 for channel [id: 0x2a64feab, L:/127.0.0.1:60442 - R:localhost/127.0.0.1:62749]
11:06:36.860 [Forwarding getElementTagName on session 145e81a9236b7949e7eee21a95b57c84 to remote] DEBUG org.asynchttpclient.netty.request.NettyRequestSender - Using pooled Channel '[id: 0x2a64feab, L:/127.0.0.1:60442 - R:localhost/127.0.0.1:62749]' for 'GET' to 'http://localhost:62749/session/145e81a9236b7949e7eee21a95b57c84/element/f94aab1b-18d8-4849-9e0f-87aa91fea405/name'
11:06:36.860 [Forwarding getElementTagName on session 145e81a9236b7949e7eee21a95b57c84 to remote] DEBUG org.asynchttpclient.netty.request.NettyRequestSender - Using open Channel [id: 0x2a64feab, L:/127.0.0.1:60442 - R:localhost/127.0.0.1:62749] for GET '/session/145e81a9236b7949e7eee21a95b57c84/element/f94aab1b-18d8-4849-9e0f-87aa91fea405/name'
11:06:36.867 [AsyncHttpClient-1-6] DEBUG org.asynchttpclient.netty.handler.HttpHandler - 

Request DefaultFullHttpRequest(decodeResult: success, version: HTTP/1.1, content: EmptyByteBufBE)
GET /session/145e81a9236b7949e7eee21a95b57c84/element/f94aab1b-18d8-4849-9e0f-87aa91fea405/name HTTP/1.1
User-Agent: selenium/4.1.2 (java windows)
Cache-Control: no-cache
Content-Type: application/json; charset=utf-8
host: localhost:62749
accept: */*

Response DefaultHttpResponse(decodeResult: success, version: HTTP/1.1)
HTTP/1.1 200 OK
Content-Type: application/json; charset=utf-8
cache-control: no-cache
content-length: 18

11:06:36.867 [AsyncHttpClient-1-6] DEBUG org.asynchttpclient.netty.channel.ChannelManager - Adding key: http://localhost:62749 for channel [id: 0x2a64feab, L:/127.0.0.1:60442 - R:localhost/127.0.0.1:62749]
11:06:36.873 [Forwarding isElementEnabled on session 145e81a9236b7949e7eee21a95b57c84 to remote] DEBUG org.asynchttpclient.netty.request.NettyRequestSender - Using pooled Channel '[id: 0x2a64feab, L:/127.0.0.1:60442 - R:localhost/127.0.0.1:62749]' for 'GET' to 'http://localhost:62749/session/145e81a9236b7949e7eee21a95b57c84/element/f94aab1b-18d8-4849-9e0f-87aa91fea405/enabled'
11:06:36.873 [Forwarding isElementEnabled on session 145e81a9236b7949e7eee21a95b57c84 to remote] DEBUG org.asynchttpclient.netty.request.NettyRequestSender - Using open Channel [id: 0x2a64feab, L:/127.0.0.1:60442 - R:localhost/127.0.0.1:62749] for GET '/session/145e81a9236b7949e7eee21a95b57c84/element/f94aab1b-18d8-4849-9e0f-87aa91fea405/enabled'
11:06:36.895 [AsyncHttpClient-1-6] DEBUG org.asynchttpclient.netty.handler.HttpHandler - 

Request DefaultFullHttpRequest(decodeResult: success, version: HTTP/1.1, content: EmptyByteBufBE)
GET /session/145e81a9236b7949e7eee21a95b57c84/element/f94aab1b-18d8-4849-9e0f-87aa91fea405/enabled HTTP/1.1
User-Agent: selenium/4.1.2 (java windows)
Cache-Control: no-cache
Content-Type: application/json; charset=utf-8
host: localhost:62749
accept: */*

Response DefaultHttpResponse(decodeResult: success, version: HTTP/1.1)
HTTP/1.1 200 OK
Content-Type: application/json; charset=utf-8
cache-control: no-cache
content-length: 14

11:06:36.896 [AsyncHttpClient-1-6] DEBUG org.asynchttpclient.netty.channel.ChannelManager - Adding key: http://localhost:62749 for channel [id: 0x2a64feab, L:/127.0.0.1:60442 - R:localhost/127.0.0.1:62749]
11:06:36.899 [Forwarding isElementEnabled on session 145e81a9236b7949e7eee21a95b57c84 to remote] DEBUG org.asynchttpclient.netty.request.NettyRequestSender - Using pooled Channel '[id: 0x2a64feab, L:/127.0.0.1:60442 - R:localhost/127.0.0.1:62749]' for 'GET' to 'http://localhost:62749/session/145e81a9236b7949e7eee21a95b57c84/element/f94aab1b-18d8-4849-9e0f-87aa91fea405/enabled'
11:06:36.899 [Forwarding isElementEnabled on session 145e81a9236b7949e7eee21a95b57c84 to remote] DEBUG org.asynchttpclient.netty.request.NettyRequestSender - Using open Channel [id: 0x2a64feab, L:/127.0.0.1:60442 - R:localhost/127.0.0.1:62749] for GET '/session/145e81a9236b7949e7eee21a95b57c84/element/f94aab1b-18d8-4849-9e0f-87aa91fea405/enabled'
11:06:36.915 [AsyncHttpClient-1-6] DEBUG org.asynchttpclient.netty.handler.HttpHandler - 

Request DefaultFullHttpRequest(decodeResult: success, version: HTTP/1.1, content: EmptyByteBufBE)
GET /session/145e81a9236b7949e7eee21a95b57c84/element/f94aab1b-18d8-4849-9e0f-87aa91fea405/enabled HTTP/1.1
User-Agent: selenium/4.1.2 (java windows)
Cache-Control: no-cache
Content-Type: application/json; charset=utf-8
host: localhost:62749
accept: */*

Response DefaultHttpResponse(decodeResult: success, version: HTTP/1.1)
HTTP/1.1 200 OK
Content-Type: application/json; charset=utf-8
cache-control: no-cache
content-length: 14

11:06:36.916 [AsyncHttpClient-1-6] DEBUG org.asynchttpclient.netty.channel.ChannelManager - Adding key: http://localhost:62749 for channel [id: 0x2a64feab, L:/127.0.0.1:60442 - R:localhost/127.0.0.1:62749]
11:06:36.920 [Forwarding findElement on session 145e81a9236b7949e7eee21a95b57c84 to remote] DEBUG org.asynchttpclient.netty.request.NettyRequestSender - Using pooled Channel '[id: 0x2a64feab, L:/127.0.0.1:60442 - R:localhost/127.0.0.1:62749]' for 'POST' to 'http://localhost:62749/session/145e81a9236b7949e7eee21a95b57c84/element'
11:06:36.920 [Forwarding findElement on session 145e81a9236b7949e7eee21a95b57c84 to remote] DEBUG org.asynchttpclient.netty.request.NettyRequestSender - Using open Channel [id: 0x2a64feab, L:/127.0.0.1:60442 - R:localhost/127.0.0.1:62749] for POST '/session/145e81a9236b7949e7eee21a95b57c84/element'
11:06:36.937 [AsyncHttpClient-1-6] DEBUG org.asynchttpclient.netty.handler.HttpHandler - 

Request DefaultHttpRequest(decodeResult: success, version: HTTP/1.1)
POST /session/145e81a9236b7949e7eee21a95b57c84/element HTTP/1.1
User-Agent: selenium/4.1.2 (java windows)
Content-Length: 109
Content-Type: application/json; charset=utf-8
host: localhost:62749
accept: */*

Response DefaultHttpResponse(decodeResult: success, version: HTTP/1.1)
HTTP/1.1 200 OK
Content-Type: application/json; charset=utf-8
cache-control: no-cache
content-length: 88

11:06:36.937 [AsyncHttpClient-1-6] DEBUG org.asynchttpclient.netty.channel.ChannelManager - Adding key: http://localhost:62749 for channel [id: 0x2a64feab, L:/127.0.0.1:60442 - R:localhost/127.0.0.1:62749]
11:06:36.940 [Forwarding clickElement on session 145e81a9236b7949e7eee21a95b57c84 to remote] DEBUG org.asynchttpclient.netty.request.NettyRequestSender - Using pooled Channel '[id: 0x2a64feab, L:/127.0.0.1:60442 - R:localhost/127.0.0.1:62749]' for 'POST' to 'http://localhost:62749/session/145e81a9236b7949e7eee21a95b57c84/element/f94aab1b-18d8-4849-9e0f-87aa91fea405/click'
11:06:36.940 [Forwarding clickElement on session 145e81a9236b7949e7eee21a95b57c84 to remote] DEBUG org.asynchttpclient.netty.request.NettyRequestSender - Using open Channel [id: 0x2a64feab, L:/127.0.0.1:60442 - R:localhost/127.0.0.1:62749] for POST '/session/145e81a9236b7949e7eee21a95b57c84/element/f94aab1b-18d8-4849-9e0f-87aa91fea405/click'
11:06:37.183 [AsyncHttpClient-1-6] DEBUG org.asynchttpclient.netty.handler.HttpHandler - 

Request DefaultHttpRequest(decodeResult: success, version: HTTP/1.1)
POST /session/145e81a9236b7949e7eee21a95b57c84/element/f94aab1b-18d8-4849-9e0f-87aa91fea405/click HTTP/1.1
User-Agent: selenium/4.1.2 (java windows)
Content-Length: 50
Content-Type: application/json; charset=utf-8
host: localhost:62749
accept: */*

Response DefaultHttpResponse(decodeResult: success, version: HTTP/1.1)
HTTP/1.1 200 OK
Content-Type: application/json; charset=utf-8
cache-control: no-cache
content-length: 14

11:06:37.183 [AsyncHttpClient-1-6] DEBUG org.asynchttpclient.netty.channel.ChannelManager - Adding key: http://localhost:62749 for channel [id: 0x2a64feab, L:/127.0.0.1:60442 - R:localhost/127.0.0.1:62749]
11:06:37.202 [Forwarding screenshot on session 145e81a9236b7949e7eee21a95b57c84 to remote] DEBUG org.asynchttpclient.netty.request.NettyRequestSender - Using pooled Channel '[id: 0x2a64feab, L:/127.0.0.1:60442 - R:localhost/127.0.0.1:62749]' for 'GET' to 'http://localhost:62749/session/145e81a9236b7949e7eee21a95b57c84/screenshot'
11:06:37.203 [Forwarding screenshot on session 145e81a9236b7949e7eee21a95b57c84 to remote] DEBUG org.asynchttpclient.netty.request.NettyRequestSender - Using open Channel [id: 0x2a64feab, L:/127.0.0.1:60442 - R:localhost/127.0.0.1:62749] for GET '/session/145e81a9236b7949e7eee21a95b57c84/screenshot'
11:06:37.420 [AsyncHttpClient-1-1] DEBUG org.asynchttpclient.netty.channel.DefaultChannelPool - Entry count for : http://localhost:60443 : 1
11:06:37.700 [AsyncHttpClient-1-6] DEBUG org.asynchttpclient.netty.handler.HttpHandler - 

Request DefaultFullHttpRequest(decodeResult: success, version: HTTP/1.1, content: EmptyByteBufBE)
GET /session/145e81a9236b7949e7eee21a95b57c84/screenshot HTTP/1.1
User-Agent: selenium/4.1.2 (java windows)
Cache-Control: no-cache
Content-Type: application/json; charset=utf-8
host: localhost:62749
accept: */*

Response DefaultHttpResponse(decodeResult: success, version: HTTP/1.1)
HTTP/1.1 200 OK
Content-Type: application/json; charset=utf-8
cache-control: no-cache
content-length: 46784

11:06:37.701 [AsyncHttpClient-1-6] DEBUG org.asynchttpclient.netty.channel.ChannelManager - Adding key: http://localhost:62749 for channel [id: 0x2a64feab, L:/127.0.0.1:60442 - R:localhost/127.0.0.1:62749]
11:06:37.705 [main] DEBUG net.serenitybdd.core.photography.Darkroom - Send negative for processing for target\site\serenity\8629f496e7c4dac0cce5b2bf2737aed3260bba436f070e09e2151e10e1c22e27.png
11:06:37.706 [main] DEBUG net.thucydides.core.steps.StepInterceptor - STEP DONE: clickButtonTambah
  &amp#27;[32mWhen &amp#27;[0m&amp#27;[32mClick button tambah data&amp#27;[0m                                    &amp#27;[90m# starter.stepdefinitios.PatientDataSteps.clickButtonTambahData()&amp#27;[0m
11:06:37.747 [main] DEBUG net.thucydides.core.steps.StepInterceptor - STARTING STEP: DokterDataSteps.iInputDokter - inputDataPasien
11:06:37.753 [Forwarding findElement on session 145e81a9236b7949e7eee21a95b57c84 to remote] DEBUG org.asynchttpclient.netty.request.NettyRequestSender - Using pooled Channel '[id: 0x2a64feab, L:/127.0.0.1:60442 - R:localhost/127.0.0.1:62749]' for 'POST' to 'http://localhost:62749/session/145e81a9236b7949e7eee21a95b57c84/element'
11:06:37.754 [Forwarding findElement on session 145e81a9236b7949e7eee21a95b57c84 to remote] DEBUG org.asynchttpclient.netty.request.NettyRequestSender - Using open Channel [id: 0x2a64feab, L:/127.0.0.1:60442 - R:localhost/127.0.0.1:62749] for POST '/session/145e81a9236b7949e7eee21a95b57c84/element'
11:06:37.790 [AsyncHttpClient-1-6] DEBUG org.asynchttpclient.netty.handler.HttpHandler - 

Request DefaultHttpRequest(decodeResult: success, version: HTTP/1.1)
POST /session/145e81a9236b7949e7eee21a95b57c84/element HTTP/1.1
User-Agent: selenium/4.1.2 (java windows)
Content-Length: 166
Content-Type: application/json; charset=utf-8
host: localhost:62749
accept: */*

Response DefaultHttpResponse(decodeResult: success, version: HTTP/1.1)
HTTP/1.1 200 OK
Content-Type: application/json; charset=utf-8
cache-control: no-cache
content-length: 88

11:06:37.790 [AsyncHttpClient-1-6] DEBUG org.asynchttpclient.netty.channel.ChannelManager - Adding key: http://localhost:62749 for channel [id: 0x2a64feab, L:/127.0.0.1:60442 - R:localhost/127.0.0.1:62749]
11:06:37.801 [Forwarding sendKeysToElement on session 145e81a9236b7949e7eee21a95b57c84 to remote] DEBUG org.asynchttpclient.netty.request.NettyRequestSender - Using pooled Channel '[id: 0x2a64feab, L:/127.0.0.1:60442 - R:localhost/127.0.0.1:62749]' for 'POST' to 'http://localhost:62749/session/145e81a9236b7949e7eee21a95b57c84/element/c933c529-794f-44cf-af31-eff11ac2141d/value'
11:06:37.801 [Forwarding sendKeysToElement on session 145e81a9236b7949e7eee21a95b57c84 to remote] DEBUG org.asynchttpclient.netty.request.NettyRequestSender - Using open Channel [id: 0x2a64feab, L:/127.0.0.1:60442 - R:localhost/127.0.0.1:62749] for POST '/session/145e81a9236b7949e7eee21a95b57c84/element/c933c529-794f-44cf-af31-eff11ac2141d/value'
11:06:38.130 [AsyncHttpClient-1-6] DEBUG org.asynchttpclient.netty.handler.HttpHandler - 

Request DefaultHttpRequest(decodeResult: success, version: HTTP/1.1)
POST /session/145e81a9236b7949e7eee21a95b57c84/element/c933c529-794f-44cf-af31-eff11ac2141d/value HTTP/1.1
User-Agent: selenium/4.1.2 (java windows)
Content-Length: 131
Content-Type: application/json; charset=utf-8
host: localhost:62749
accept: */*

Response DefaultHttpResponse(decodeResult: success, version: HTTP/1.1)
HTTP/1.1 200 OK
Content-Type: application/json; charset=utf-8
cache-control: no-cache
content-length: 14

11:06:38.130 [AsyncHttpClient-1-6] DEBUG org.asynchttpclient.netty.channel.ChannelManager - Adding key: http://localhost:62749 for channel [id: 0x2a64feab, L:/127.0.0.1:60442 - R:localhost/127.0.0.1:62749]
11:06:38.136 [Forwarding findElement on session 145e81a9236b7949e7eee21a95b57c84 to remote] DEBUG org.asynchttpclient.netty.request.NettyRequestSender - Using pooled Channel '[id: 0x2a64feab, L:/127.0.0.1:60442 - R:localhost/127.0.0.1:62749]' for 'POST' to 'http://localhost:62749/session/145e81a9236b7949e7eee21a95b57c84/element'
11:06:38.136 [Forwarding findElement on session 145e81a9236b7949e7eee21a95b57c84 to remote] DEBUG org.asynchttpclient.netty.request.NettyRequestSender - Using open Channel [id: 0x2a64feab, L:/127.0.0.1:60442 - R:localhost/127.0.0.1:62749] for POST '/session/145e81a9236b7949e7eee21a95b57c84/element'
11:06:38.161 [AsyncHttpClient-1-6] DEBUG org.asynchttpclient.netty.handler.HttpHandler - 

Request DefaultHttpRequest(decodeResult: success, version: HTTP/1.1)
POST /session/145e81a9236b7949e7eee21a95b57c84/element HTTP/1.1
User-Agent: selenium/4.1.2 (java windows)
Content-Length: 166
Content-Type: application/json; charset=utf-8
host: localhost:62749
accept: */*

Response DefaultHttpResponse(decodeResult: success, version: HTTP/1.1)
HTTP/1.1 200 OK
Content-Type: application/json; charset=utf-8
cache-control: no-cache
content-length: 88

11:06:38.162 [AsyncHttpClient-1-6] DEBUG org.asynchttpclient.netty.channel.ChannelManager - Adding key: http://localhost:62749 for channel [id: 0x2a64feab, L:/127.0.0.1:60442 - R:localhost/127.0.0.1:62749]
11:06:38.168 [Forwarding sendKeysToElement on session 145e81a9236b7949e7eee21a95b57c84 to remote] DEBUG org.asynchttpclient.netty.request.NettyRequestSender - Using pooled Channel '[id: 0x2a64feab, L:/127.0.0.1:60442 - R:localhost/127.0.0.1:62749]' for 'POST' to 'http://localhost:62749/session/145e81a9236b7949e7eee21a95b57c84/element/fa9d75b4-018f-4feb-91c3-91c5b72eddab/value'
11:06:38.168 [Forwarding sendKeysToElement on session 145e81a9236b7949e7eee21a95b57c84 to remote] DEBUG org.asynchttpclient.netty.request.NettyRequestSender - Using open Channel [id: 0x2a64feab, L:/127.0.0.1:60442 - R:localhost/127.0.0.1:62749] for POST '/session/145e81a9236b7949e7eee21a95b57c84/element/fa9d75b4-018f-4feb-91c3-91c5b72eddab/value'
11:06:38.322 [AsyncHttpClient-1-6] DEBUG org.asynchttpclient.netty.handler.HttpHandler - 

Request DefaultHttpRequest(decodeResult: success, version: HTTP/1.1)
POST /session/145e81a9236b7949e7eee21a95b57c84/element/fa9d75b4-018f-4feb-91c3-91c5b72eddab/value HTTP/1.1
User-Agent: selenium/4.1.2 (java windows)
Content-Length: 82
Content-Type: application/json; charset=utf-8
host: localhost:62749
accept: */*

Response DefaultHttpResponse(decodeResult: success, version: HTTP/1.1)
HTTP/1.1 200 OK
Content-Type: application/json; charset=utf-8
cache-control: no-cache
content-length: 14

11:06:38.323 [AsyncHttpClient-1-6] DEBUG org.asynchttpclient.netty.channel.ChannelManager - Adding key: http://localhost:62749 for channel [id: 0x2a64feab, L:/127.0.0.1:60442 - R:localhost/127.0.0.1:62749]
11:06:38.332 [Forwarding findElement on session 145e81a9236b7949e7eee21a95b57c84 to remote] DEBUG org.asynchttpclient.netty.request.NettyRequestSender - Using pooled Channel '[id: 0x2a64feab, L:/127.0.0.1:60442 - R:localhost/127.0.0.1:62749]' for 'POST' to 'http://localhost:62749/session/145e81a9236b7949e7eee21a95b57c84/element'
11:06:38.332 [Forwarding findElement on session 145e81a9236b7949e7eee21a95b57c84 to remote] DEBUG org.asynchttpclient.netty.request.NettyRequestSender - Using open Channel [id: 0x2a64feab, L:/127.0.0.1:60442 - R:localhost/127.0.0.1:62749] for POST '/session/145e81a9236b7949e7eee21a95b57c84/element'
11:06:38.369 [AsyncHttpClient-1-6] DEBUG org.asynchttpclient.netty.handler.HttpHandler - 

Request DefaultHttpRequest(decodeResult: success, version: HTTP/1.1)
POST /session/145e81a9236b7949e7eee21a95b57c84/element HTTP/1.1
User-Agent: selenium/4.1.2 (java windows)
Content-Length: 166
Content-Type: application/json; charset=utf-8
host: localhost:62749
accept: */*

Response DefaultHttpResponse(decodeResult: success, version: HTTP/1.1)
HTTP/1.1 200 OK
Content-Type: application/json; charset=utf-8
cache-control: no-cache
content-length: 88

11:06:38.369 [AsyncHttpClient-1-6] DEBUG org.asynchttpclient.netty.channel.ChannelManager - Adding key: http://localhost:62749 for channel [id: 0x2a64feab, L:/127.0.0.1:60442 - R:localhost/127.0.0.1:62749]
11:06:38.373 [Forwarding sendKeysToElement on session 145e81a9236b7949e7eee21a95b57c84 to remote] DEBUG org.asynchttpclient.netty.request.NettyRequestSender - Using pooled Channel '[id: 0x2a64feab, L:/127.0.0.1:60442 - R:localhost/127.0.0.1:62749]' for 'POST' to 'http://localhost:62749/session/145e81a9236b7949e7eee21a95b57c84/element/af3e87ac-23fa-4da9-be90-fb3ef967de5c/value'
11:06:38.373 [Forwarding sendKeysToElement on session 145e81a9236b7949e7eee21a95b57c84 to remote] DEBUG org.asynchttpclient.netty.request.NettyRequestSender - Using open Channel [id: 0x2a64feab, L:/127.0.0.1:60442 - R:localhost/127.0.0.1:62749] for POST '/session/145e81a9236b7949e7eee21a95b57c84/element/af3e87ac-23fa-4da9-be90-fb3ef967de5c/value'
11:06:38.518 [AsyncHttpClient-1-1] DEBUG org.asynchttpclient.netty.channel.DefaultChannelPool - Entry count for : http://localhost:60443 : 1
11:06:38.738 [AsyncHttpClient-1-6] DEBUG org.asynchttpclient.netty.handler.HttpHandler - 

Request DefaultHttpRequest(decodeResult: success, version: HTTP/1.1)
POST /session/145e81a9236b7949e7eee21a95b57c84/element/af3e87ac-23fa-4da9-be90-fb3ef967de5c/value HTTP/1.1
User-Agent: selenium/4.1.2 (java windows)
Content-Length: 131
Content-Type: application/json; charset=utf-8
host: localhost:62749
accept: */*

Response DefaultHttpResponse(decodeResult: success, version: HTTP/1.1)
HTTP/1.1 200 OK
Content-Type: application/json; charset=utf-8
cache-control: no-cache
content-length: 14

11:06:38.738 [AsyncHttpClient-1-6] DEBUG org.asynchttpclient.netty.channel.ChannelManager - Adding key: http://localhost:62749 for channel [id: 0x2a64feab, L:/127.0.0.1:60442 - R:localhost/127.0.0.1:62749]
11:06:38.746 [Forwarding findElement on session 145e81a9236b7949e7eee21a95b57c84 to remote] DEBUG org.asynchttpclient.netty.request.NettyRequestSender - Using pooled Channel '[id: 0x2a64feab, L:/127.0.0.1:60442 - R:localhost/127.0.0.1:62749]' for 'POST' to 'http://localhost:62749/session/145e81a9236b7949e7eee21a95b57c84/element'
11:06:38.747 [Forwarding findElement on session 145e81a9236b7949e7eee21a95b57c84 to remote] DEBUG org.asynchttpclient.netty.request.NettyRequestSender - Using open Channel [id: 0x2a64feab, L:/127.0.0.1:60442 - R:localhost/127.0.0.1:62749] for POST '/session/145e81a9236b7949e7eee21a95b57c84/element'
11:06:38.773 [AsyncHttpClient-1-6] DEBUG org.asynchttpclient.netty.handler.HttpHandler - 

Request DefaultHttpRequest(decodeResult: success, version: HTTP/1.1)
POST /session/145e81a9236b7949e7eee21a95b57c84/element HTTP/1.1
User-Agent: selenium/4.1.2 (java windows)
Content-Length: 166
Content-Type: application/json; charset=utf-8
host: localhost:62749
accept: */*

Response DefaultHttpResponse(decodeResult: success, version: HTTP/1.1)
HTTP/1.1 200 OK
Content-Type: application/json; charset=utf-8
cache-control: no-cache
content-length: 88

11:06:38.774 [AsyncHttpClient-1-6] DEBUG org.asynchttpclient.netty.channel.ChannelManager - Adding key: http://localhost:62749 for channel [id: 0x2a64feab, L:/127.0.0.1:60442 - R:localhost/127.0.0.1:62749]
11:06:38.778 [Forwarding sendKeysToElement on session 145e81a9236b7949e7eee21a95b57c84 to remote] DEBUG org.asynchttpclient.netty.request.NettyRequestSender - Using pooled Channel '[id: 0x2a64feab, L:/127.0.0.1:60442 - R:localhost/127.0.0.1:62749]' for 'POST' to 'http://localhost:62749/session/145e81a9236b7949e7eee21a95b57c84/element/8b89acfc-8a8e-46fa-a781-355c8fb35960/value'
11:06:38.779 [Forwarding sendKeysToElement on session 145e81a9236b7949e7eee21a95b57c84 to remote] DEBUG org.asynchttpclient.netty.request.NettyRequestSender - Using open Channel [id: 0x2a64feab, L:/127.0.0.1:60442 - R:localhost/127.0.0.1:62749] for POST '/session/145e81a9236b7949e7eee21a95b57c84/element/8b89acfc-8a8e-46fa-a781-355c8fb35960/value'
11:06:39.137 [AsyncHttpClient-1-6] DEBUG org.asynchttpclient.netty.handler.HttpHandler - 

Request DefaultHttpRequest(decodeResult: success, version: HTTP/1.1)
POST /session/145e81a9236b7949e7eee21a95b57c84/element/8b89acfc-8a8e-46fa-a781-355c8fb35960/value HTTP/1.1
User-Agent: selenium/4.1.2 (java windows)
Content-Length: 181
Content-Type: application/json; charset=utf-8
host: localhost:62749
accept: */*

Response DefaultHttpResponse(decodeResult: success, version: HTTP/1.1)
HTTP/1.1 200 OK
Content-Type: application/json; charset=utf-8
cache-control: no-cache
content-length: 14

11:06:39.137 [AsyncHttpClient-1-6] DEBUG org.asynchttpclient.netty.channel.ChannelManager - Adding key: http://localhost:62749 for channel [id: 0x2a64feab, L:/127.0.0.1:60442 - R:localhost/127.0.0.1:62749]
11:06:39.146 [Forwarding findElement on session 145e81a9236b7949e7eee21a95b57c84 to remote] DEBUG org.asynchttpclient.netty.request.NettyRequestSender - Using pooled Channel '[id: 0x2a64feab, L:/127.0.0.1:60442 - R:localhost/127.0.0.1:62749]' for 'POST' to 'http://localhost:62749/session/145e81a9236b7949e7eee21a95b57c84/element'
11:06:39.146 [Forwarding findElement on session 145e81a9236b7949e7eee21a95b57c84 to remote] DEBUG org.asynchttpclient.netty.request.NettyRequestSender - Using open Channel [id: 0x2a64feab, L:/127.0.0.1:60442 - R:localhost/127.0.0.1:62749] for POST '/session/145e81a9236b7949e7eee21a95b57c84/element'
11:06:39.173 [AsyncHttpClient-1-6] DEBUG org.asynchttpclient.netty.handler.HttpHandler - 

Request DefaultHttpRequest(decodeResult: success, version: HTTP/1.1)
POST /session/145e81a9236b7949e7eee21a95b57c84/element HTTP/1.1
User-Agent: selenium/4.1.2 (java windows)
Content-Length: 166
Content-Type: application/json; charset=utf-8
host: localhost:62749
accept: */*

Response DefaultHttpResponse(decodeResult: success, version: HTTP/1.1)
HTTP/1.1 200 OK
Content-Type: application/json; charset=utf-8
cache-control: no-cache
content-length: 88

11:06:39.173 [AsyncHttpClient-1-6] DEBUG org.asynchttpclient.netty.channel.ChannelManager - Adding key: http://localhost:62749 for channel [id: 0x2a64feab, L:/127.0.0.1:60442 - R:localhost/127.0.0.1:62749]
11:06:39.177 [Forwarding sendKeysToElement on session 145e81a9236b7949e7eee21a95b57c84 to remote] DEBUG org.asynchttpclient.netty.request.NettyRequestSender - Using pooled Channel '[id: 0x2a64feab, L:/127.0.0.1:60442 - R:localhost/127.0.0.1:62749]' for 'POST' to 'http://localhost:62749/session/145e81a9236b7949e7eee21a95b57c84/element/a1ec0989-7514-4cce-993a-53ae193732e6/value'
11:06:39.177 [Forwarding sendKeysToElement on session 145e81a9236b7949e7eee21a95b57c84 to remote] DEBUG org.asynchttpclient.netty.request.NettyRequestSender - Using open Channel [id: 0x2a64feab, L:/127.0.0.1:60442 - R:localhost/127.0.0.1:62749] for POST '/session/145e81a9236b7949e7eee21a95b57c84/element/a1ec0989-7514-4cce-993a-53ae193732e6/value'
11:06:39.542 [AsyncHttpClient-1-6] DEBUG org.asynchttpclient.netty.handler.HttpHandler - 

Request DefaultHttpRequest(decodeResult: success, version: HTTP/1.1)
POST /session/145e81a9236b7949e7eee21a95b57c84/element/a1ec0989-7514-4cce-993a-53ae193732e6/value HTTP/1.1
User-Agent: selenium/4.1.2 (java windows)
Content-Length: 181
Content-Type: application/json; charset=utf-8
host: localhost:62749
accept: */*

Response DefaultHttpResponse(decodeResult: success, version: HTTP/1.1)
HTTP/1.1 200 OK
Content-Type: application/json; charset=utf-8
cache-control: no-cache
content-length: 14

11:06:39.543 [AsyncHttpClient-1-6] DEBUG org.asynchttpclient.netty.channel.ChannelManager - Adding key: http://localhost:62749 for channel [id: 0x2a64feab, L:/127.0.0.1:60442 - R:localhost/127.0.0.1:62749]
11:06:39.557 [Forwarding screenshot on session 145e81a9236b7949e7eee21a95b57c84 to remote] DEBUG org.asynchttpclient.netty.request.NettyRequestSender - Using pooled Channel '[id: 0x2a64feab, L:/127.0.0.1:60442 - R:localhost/127.0.0.1:62749]' for 'GET' to 'http://localhost:62749/session/145e81a9236b7949e7eee21a95b57c84/screenshot'
11:06:39.557 [Forwarding screenshot on session 145e81a9236b7949e7eee21a95b57c84 to remote] DEBUG org.asynchttpclient.netty.request.NettyRequestSender - Using open Channel [id: 0x2a64feab, L:/127.0.0.1:60442 - R:localhost/127.0.0.1:62749] for GET '/session/145e81a9236b7949e7eee21a95b57c84/screenshot'
11:06:39.615 [AsyncHttpClient-1-1] DEBUG org.asynchttpclient.netty.channel.DefaultChannelPool - Entry count for : http://localhost:60443 : 1
11:06:39.866 [AsyncHttpClient-1-6] DEBUG org.asynchttpclient.netty.handler.HttpHandler - 

Request DefaultFullHttpRequest(decodeResult: success, version: HTTP/1.1, content: EmptyByteBufBE)
GET /session/145e81a9236b7949e7eee21a95b57c84/screenshot HTTP/1.1
User-Agent: selenium/4.1.2 (java windows)
Cache-Control: no-cache
Content-Type: application/json; charset=utf-8
host: localhost:62749
accept: */*

Response DefaultHttpResponse(decodeResult: success, version: HTTP/1.1)
HTTP/1.1 200 OK
Content-Type: application/json; charset=utf-8
cache-control: no-cache
content-length: 363640

11:06:39.870 [AsyncHttpClient-1-6] DEBUG org.asynchttpclient.netty.channel.ChannelManager - Adding key: http://localhost:62749 for channel [id: 0x2a64feab, L:/127.0.0.1:60442 - R:localhost/127.0.0.1:62749]
11:06:39.906 [main] DEBUG net.serenitybdd.core.photography.Darkroom - Send negative for processing for target\site\serenity\58d6f4e93344e7c02972c54cbf1064124300d225ae6e5cd9d331dfc1378c1ae1.png
11:06:39.906 [main] DEBUG net.thucydides.core.steps.StepInterceptor - STEP DONE: inputDataPasien
  &amp#27;[32mThen &amp#27;[0m&amp#27;[32mI input &amp#27;[0m&amp#27;[32m&amp#27;[1m"Bagas"&amp#27;[0m&amp#27;[32m &amp#27;[0m&amp#27;[32m&amp#27;[1m""&amp#27;[0m&amp#27;[32m &amp#27;[0m&amp#27;[32m&amp#27;[1m"Bedah"&amp#27;[0m&amp#27;[32m &amp#27;[0m&amp#27;[32m&amp#27;[1m"BagasBedah"&amp#27;[0m&amp#27;[32m &amp#27;[0m&amp#27;[32m&amp#27;[1m"BagasBedah"&amp#27;[0m&amp#27;[32m dokter&amp#27;[0m &amp#27;[90m# starter.stepdefinitios.DokterDataSteps.iInputDokter(java.lang.String,java.lang.String,java.lang.String,java.lang.String,java.lang.String)&amp#27;[0m
11:06:39.907 [Darkroom Processing Line] DEBUG net.serenitybdd.core.photography.DarkroomProcessingLine - Processing screenshot image in /var/screenshots/screenshot-16441650721196706053
11:06:39.908 [Darkroom Processing Line] DEBUG net.serenitybdd.core.photography.DarkroomProcessingLine - Saving screenshot to target\site\serenity\58d6f4e93344e7c02972c54cbf1064124300d225ae6e5cd9d331dfc1378c1ae1.png
11:06:39.954 [main] DEBUG net.thucydides.core.steps.StepInterceptor - STARTING STEP: PatientDataSteps.clickButtonSimpan - clickButtonSave
11:06:39.960 [Forwarding findElement on session 145e81a9236b7949e7eee21a95b57c84 to remote] DEBUG org.asynchttpclient.netty.request.NettyRequestSender - Using pooled Channel '[id: 0x2a64feab, L:/127.0.0.1:60442 - R:localhost/127.0.0.1:62749]' for 'POST' to 'http://localhost:62749/session/145e81a9236b7949e7eee21a95b57c84/element'
11:06:39.961 [Forwarding findElement on session 145e81a9236b7949e7eee21a95b57c84 to remote] DEBUG org.asynchttpclient.netty.request.NettyRequestSender - Using open Channel [id: 0x2a64feab, L:/127.0.0.1:60442 - R:localhost/127.0.0.1:62749] for POST '/session/145e81a9236b7949e7eee21a95b57c84/element'
11:06:39.987 [AsyncHttpClient-1-6] DEBUG org.asynchttpclient.netty.handler.HttpHandler - 

Request DefaultHttpRequest(decodeResult: success, version: HTTP/1.1)
POST /session/145e81a9236b7949e7eee21a95b57c84/element HTTP/1.1
User-Agent: selenium/4.1.2 (java windows)
Content-Length: 149
Content-Type: application/json; charset=utf-8
host: localhost:62749
accept: */*

Response DefaultHttpResponse(decodeResult: success, version: HTTP/1.1)
HTTP/1.1 200 OK
Content-Type: application/json; charset=utf-8
cache-control: no-cache
content-length: 88

11:06:39.987 [AsyncHttpClient-1-6] DEBUG org.asynchttpclient.netty.channel.ChannelManager - Adding key: http://localhost:62749 for channel [id: 0x2a64feab, L:/127.0.0.1:60442 - R:localhost/127.0.0.1:62749]
11:06:39.991 [Forwarding getElementTagName on session 145e81a9236b7949e7eee21a95b57c84 to remote] DEBUG org.asynchttpclient.netty.request.NettyRequestSender - Using pooled Channel '[id: 0x2a64feab, L:/127.0.0.1:60442 - R:localhost/127.0.0.1:62749]' for 'GET' to 'http://localhost:62749/session/145e81a9236b7949e7eee21a95b57c84/element/216c629b-8d7b-47a1-ac25-59924fa6987c/name'
11:06:39.991 [Forwarding getElementTagName on session 145e81a9236b7949e7eee21a95b57c84 to remote] DEBUG org.asynchttpclient.netty.request.NettyRequestSender - Using open Channel [id: 0x2a64feab, L:/127.0.0.1:60442 - R:localhost/127.0.0.1:62749] for GET '/session/145e81a9236b7949e7eee21a95b57c84/element/216c629b-8d7b-47a1-ac25-59924fa6987c/name'
11:06:40.024 [AsyncHttpClient-1-6] DEBUG org.asynchttpclient.netty.handler.HttpHandler - 

Request DefaultFullHttpRequest(decodeResult: success, version: HTTP/1.1, content: EmptyByteBufBE)
GET /session/145e81a9236b7949e7eee21a95b57c84/element/216c629b-8d7b-47a1-ac25-59924fa6987c/name HTTP/1.1
User-Agent: selenium/4.1.2 (java windows)
Cache-Control: no-cache
Content-Type: application/json; charset=utf-8
host: localhost:62749
accept: */*

Response DefaultHttpResponse(decodeResult: success, version: HTTP/1.1)
HTTP/1.1 200 OK
Content-Type: application/json; charset=utf-8
cache-control: no-cache
content-length: 18

11:06:40.024 [AsyncHttpClient-1-6] DEBUG org.asynchttpclient.netty.channel.ChannelManager - Adding key: http://localhost:62749 for channel [id: 0x2a64feab, L:/127.0.0.1:60442 - R:localhost/127.0.0.1:62749]
11:06:40.028 [Forwarding getElementTagName on session 145e81a9236b7949e7eee21a95b57c84 to remote] DEBUG org.asynchttpclient.netty.request.NettyRequestSender - Using pooled Channel '[id: 0x2a64feab, L:/127.0.0.1:60442 - R:localhost/127.0.0.1:62749]' for 'GET' to 'http://localhost:62749/session/145e81a9236b7949e7eee21a95b57c84/element/216c629b-8d7b-47a1-ac25-59924fa6987c/name'
11:06:40.028 [Forwarding getElementTagName on session 145e81a9236b7949e7eee21a95b57c84 to remote] DEBUG org.asynchttpclient.netty.request.NettyRequestSender - Using open Channel [id: 0x2a64feab, L:/127.0.0.1:60442 - R:localhost/127.0.0.1:62749] for GET '/session/145e81a9236b7949e7eee21a95b57c84/element/216c629b-8d7b-47a1-ac25-59924fa6987c/name'
11:06:40.036 [AsyncHttpClient-1-6] DEBUG org.asynchttpclient.netty.handler.HttpHandler - 

Request DefaultFullHttpRequest(decodeResult: success, version: HTTP/1.1, content: EmptyByteBufBE)
GET /session/145e81a9236b7949e7eee21a95b57c84/element/216c629b-8d7b-47a1-ac25-59924fa6987c/name HTTP/1.1
User-Agent: selenium/4.1.2 (java windows)
Cache-Control: no-cache
Content-Type: application/json; charset=utf-8
host: localhost:62749
accept: */*

Response DefaultHttpResponse(decodeResult: success, version: HTTP/1.1)
HTTP/1.1 200 OK
Content-Type: application/json; charset=utf-8
cache-control: no-cache
content-length: 18

11:06:40.037 [AsyncHttpClient-1-6] DEBUG org.asynchttpclient.netty.channel.ChannelManager - Adding key: http://localhost:62749 for channel [id: 0x2a64feab, L:/127.0.0.1:60442 - R:localhost/127.0.0.1:62749]
11:06:40.042 [Forwarding isElementEnabled on session 145e81a9236b7949e7eee21a95b57c84 to remote] DEBUG org.asynchttpclient.netty.request.NettyRequestSender - Using pooled Channel '[id: 0x2a64feab, L:/127.0.0.1:60442 - R:localhost/127.0.0.1:62749]' for 'GET' to 'http://localhost:62749/session/145e81a9236b7949e7eee21a95b57c84/element/216c629b-8d7b-47a1-ac25-59924fa6987c/enabled'
11:06:40.043 [Forwarding isElementEnabled on session 145e81a9236b7949e7eee21a95b57c84 to remote] DEBUG org.asynchttpclient.netty.request.NettyRequestSender - Using open Channel [id: 0x2a64feab, L:/127.0.0.1:60442 - R:localhost/127.0.0.1:62749] for GET '/session/145e81a9236b7949e7eee21a95b57c84/element/216c629b-8d7b-47a1-ac25-59924fa6987c/enabled'
11:06:40.061 [AsyncHttpClient-1-6] DEBUG org.asynchttpclient.netty.handler.HttpHandler - 

Request DefaultFullHttpRequest(decodeResult: success, version: HTTP/1.1, content: EmptyByteBufBE)
GET /session/145e81a9236b7949e7eee21a95b57c84/element/216c629b-8d7b-47a1-ac25-59924fa6987c/enabled HTTP/1.1
User-Agent: selenium/4.1.2 (java windows)
Cache-Control: no-cache
Content-Type: application/json; charset=utf-8
host: localhost:62749
accept: */*

Response DefaultHttpResponse(decodeResult: success, version: HTTP/1.1)
HTTP/1.1 200 OK
Content-Type: application/json; charset=utf-8
cache-control: no-cache
content-length: 14

11:06:40.062 [AsyncHttpClient-1-6] DEBUG org.asynchttpclient.netty.channel.ChannelManager - Adding key: http://localhost:62749 for channel [id: 0x2a64feab, L:/127.0.0.1:60442 - R:localhost/127.0.0.1:62749]
11:06:40.066 [Forwarding isElementEnabled on session 145e81a9236b7949e7eee21a95b57c84 to remote] DEBUG org.asynchttpclient.netty.request.NettyRequestSender - Using pooled Channel '[id: 0x2a64feab, L:/127.0.0.1:60442 - R:localhost/127.0.0.1:62749]' for 'GET' to 'http://localhost:62749/session/145e81a9236b7949e7eee21a95b57c84/element/216c629b-8d7b-47a1-ac25-59924fa6987c/enabled'
11:06:40.067 [Forwarding isElementEnabled on session 145e81a9236b7949e7eee21a95b57c84 to remote] DEBUG org.asynchttpclient.netty.request.NettyRequestSender - Using open Channel [id: 0x2a64feab, L:/127.0.0.1:60442 - R:localhost/127.0.0.1:62749] for GET '/session/145e81a9236b7949e7eee21a95b57c84/element/216c629b-8d7b-47a1-ac25-59924fa6987c/enabled'
11:06:40.086 [AsyncHttpClient-1-6] DEBUG org.asynchttpclient.netty.handler.HttpHandler - 

Request DefaultFullHttpRequest(decodeResult: success, version: HTTP/1.1, content: EmptyByteBufBE)
GET /session/145e81a9236b7949e7eee21a95b57c84/element/216c629b-8d7b-47a1-ac25-59924fa6987c/enabled HTTP/1.1
User-Agent: selenium/4.1.2 (java windows)
Cache-Control: no-cache
Content-Type: application/json; charset=utf-8
host: localhost:62749
accept: */*

Response DefaultHttpResponse(decodeResult: success, version: HTTP/1.1)
HTTP/1.1 200 OK
Content-Type: application/json; charset=utf-8
cache-control: no-cache
content-length: 14

11:06:40.086 [AsyncHttpClient-1-6] DEBUG org.asynchttpclient.netty.channel.ChannelManager - Adding key: http://localhost:62749 for channel [id: 0x2a64feab, L:/127.0.0.1:60442 - R:localhost/127.0.0.1:62749]
11:06:40.090 [Forwarding findElement on session 145e81a9236b7949e7eee21a95b57c84 to remote] DEBUG org.asynchttpclient.netty.request.NettyRequestSender - Using pooled Channel '[id: 0x2a64feab, L:/127.0.0.1:60442 - R:localhost/127.0.0.1:62749]' for 'POST' to 'http://localhost:62749/session/145e81a9236b7949e7eee21a95b57c84/element'
11:06:40.090 [Forwarding findElement on session 145e81a9236b7949e7eee21a95b57c84 to remote] DEBUG org.asynchttpclient.netty.request.NettyRequestSender - Using open Channel [id: 0x2a64feab, L:/127.0.0.1:60442 - R:localhost/127.0.0.1:62749] for POST '/session/145e81a9236b7949e7eee21a95b57c84/element'
11:06:40.106 [AsyncHttpClient-1-6] DEBUG org.asynchttpclient.netty.handler.HttpHandler - 

Request DefaultHttpRequest(decodeResult: success, version: HTTP/1.1)
POST /session/145e81a9236b7949e7eee21a95b57c84/element HTTP/1.1
User-Agent: selenium/4.1.2 (java windows)
Content-Length: 149
Content-Type: application/json; charset=utf-8
host: localhost:62749
accept: */*

Response DefaultHttpResponse(decodeResult: success, version: HTTP/1.1)
HTTP/1.1 200 OK
Content-Type: application/json; charset=utf-8
cache-control: no-cache
content-length: 88

11:06:40.106 [AsyncHttpClient-1-6] DEBUG org.asynchttpclient.netty.channel.ChannelManager - Adding key: http://localhost:62749 for channel [id: 0x2a64feab, L:/127.0.0.1:60442 - R:localhost/127.0.0.1:62749]
11:06:40.112 [Forwarding clickElement on session 145e81a9236b7949e7eee21a95b57c84 to remote] DEBUG org.asynchttpclient.netty.request.NettyRequestSender - Using pooled Channel '[id: 0x2a64feab, L:/127.0.0.1:60442 - R:localhost/127.0.0.1:62749]' for 'POST' to 'http://localhost:62749/session/145e81a9236b7949e7eee21a95b57c84/element/216c629b-8d7b-47a1-ac25-59924fa6987c/click'
11:06:40.112 [Forwarding clickElement on session 145e81a9236b7949e7eee21a95b57c84 to remote] DEBUG org.asynchttpclient.netty.request.NettyRequestSender - Using open Channel [id: 0x2a64feab, L:/127.0.0.1:60442 - R:localhost/127.0.0.1:62749] for POST '/session/145e81a9236b7949e7eee21a95b57c84/element/216c629b-8d7b-47a1-ac25-59924fa6987c/click'
11:06:40.201 [AsyncHttpClient-1-6] DEBUG org.asynchttpclient.netty.handler.HttpHandler - 

Request DefaultHttpRequest(decodeResult: success, version: HTTP/1.1)
POST /session/145e81a9236b7949e7eee21a95b57c84/element/216c629b-8d7b-47a1-ac25-59924fa6987c/click HTTP/1.1
User-Agent: selenium/4.1.2 (java windows)
Content-Length: 50
Content-Type: application/json; charset=utf-8
host: localhost:62749
accept: */*

Response DefaultHttpResponse(decodeResult: success, version: HTTP/1.1)
HTTP/1.1 200 OK
Content-Type: application/json; charset=utf-8
cache-control: no-cache
content-length: 14

11:06:40.201 [AsyncHttpClient-1-6] DEBUG org.asynchttpclient.netty.channel.ChannelManager - Adding key: http://localhost:62749 for channel [id: 0x2a64feab, L:/127.0.0.1:60442 - R:localhost/127.0.0.1:62749]
11:06:40.220 [Forwarding screenshot on session 145e81a9236b7949e7eee21a95b57c84 to remote] DEBUG org.asynchttpclient.netty.request.NettyRequestSender - Using pooled Channel '[id: 0x2a64feab, L:/127.0.0.1:60442 - R:localhost/127.0.0.1:62749]' for 'GET' to 'http://localhost:62749/session/145e81a9236b7949e7eee21a95b57c84/screenshot'
11:06:40.220 [Forwarding screenshot on session 145e81a9236b7949e7eee21a95b57c84 to remote] DEBUG org.asynchttpclient.netty.request.NettyRequestSender - Using open Channel [id: 0x2a64feab, L:/127.0.0.1:60442 - R:localhost/127.0.0.1:62749] for GET '/session/145e81a9236b7949e7eee21a95b57c84/screenshot'
11:06:40.713 [AsyncHttpClient-1-1] DEBUG org.asynchttpclient.netty.channel.DefaultChannelPool - Entry count for : http://localhost:60443 : 1
11:06:40.914 [AsyncHttpClient-1-6] DEBUG org.asynchttpclient.netty.handler.HttpHandler - 

Request DefaultFullHttpRequest(decodeResult: success, version: HTTP/1.1, content: EmptyByteBufBE)
GET /session/145e81a9236b7949e7eee21a95b57c84/screenshot HTTP/1.1
User-Agent: selenium/4.1.2 (java windows)
Cache-Control: no-cache
Content-Type: application/json; charset=utf-8
host: localhost:62749
accept: */*

Response DefaultHttpResponse(decodeResult: success, version: HTTP/1.1)
HTTP/1.1 500 Internal Server Error
Content-Type: application/json; charset=utf-8
cache-control: no-cache
content-length: 882

11:06:40.915 [AsyncHttpClient-1-6] DEBUG org.asynchttpclient.netty.channel.ChannelManager - Adding key: http://localhost:62749 for channel [id: 0x2a64feab, L:/127.0.0.1:60442 - R:localhost/127.0.0.1:62749]
11:06:40.918 [main] WARN net.thucydides.core.webdriver.WebDriverFacade - Failed to take screenshot (unexpected alert open: <unknown>
  (Session info: chrome=102.0.5005.115): 
Build info: version: '4.1.2', revision: '9a5a329c5a'
System info: host: 'MOOK-HON', ip: '192.168.100.6', os.name: 'Windows 10', os.arch: 'amd64', os.version: '10.0', java.version: '11.0.14'
Driver info: org.openqa.selenium.chrome.ChromeDriver
Command: [145e81a9236b7949e7eee21a95b57c84, screenshot {}]
Capabilities {acceptInsecureCerts: false, browserName: chrome, browserVersion: 102.0.5005.115, chrome: {chromedriverVersion: 102.0.5005.61 (0e59bcc00cc4..., userDataDir: C:\Users\ASUS\AppData\Local...}, goog:chromeOptions: {debuggerAddress: localhost:60443}, javascriptEnabled: true, networkConnectionEnabled: false, pageLoadStrategy: normal, platform: WINDOWS, platformName: WINDOWS, proxy: Proxy(), se:cdp: ws://localhost:60443/devtoo..., se:cdpVersion: 102.0.5005.115, setWindowRect: true, strictFileInteractability: false, timeouts: {implicit: 0, pageLoad: 300000, script: 30000}, unhandledPromptBehavior: dismiss and notify, webauthn:extension:credBlob: true, webauthn:extension:largeBlob: true, webauthn:virtualAuthenticators: true}
Session ID: 145e81a9236b7949e7eee21a95b57c84)
11:06:40.919 [main] DEBUG net.thucydides.core.steps.StepInterceptor - STEP DONE: clickButtonSave
  &amp#27;[32mAnd &amp#27;[0m&amp#27;[32mClick button simpan&amp#27;[0m                                          &amp#27;[90m# starter.stepdefinitios.PatientDataSteps.clickButtonSimpan()&amp#27;[0m
11:06:40.939 [Forwarding screenshot on session 145e81a9236b7949e7eee21a95b57c84 to remote] DEBUG org.asynchttpclient.netty.request.NettyRequestSender - Using pooled Channel '[id: 0x2a64feab, L:/127.0.0.1:60442 - R:localhost/127.0.0.1:62749]' for 'GET' to 'http://localhost:62749/session/145e81a9236b7949e7eee21a95b57c84/screenshot'
11:06:40.939 [Forwarding screenshot on session 145e81a9236b7949e7eee21a95b57c84 to remote] DEBUG org.asynchttpclient.netty.request.NettyRequestSender - Using open Channel [id: 0x2a64feab, L:/127.0.0.1:60442 - R:localhost/127.0.0.1:62749] for GET '/session/145e81a9236b7949e7eee21a95b57c84/screenshot'
11:06:40.949 [AsyncHttpClient-1-6] DEBUG org.asynchttpclient.netty.handler.HttpHandler - 

Request DefaultFullHttpRequest(decodeResult: success, version: HTTP/1.1, content: EmptyByteBufBE)
GET /session/145e81a9236b7949e7eee21a95b57c84/screenshot HTTP/1.1
User-Agent: selenium/4.1.2 (java windows)
Cache-Control: no-cache
Content-Type: application/json; charset=utf-8
host: localhost:62749
accept: */*

Response DefaultHttpResponse(decodeResult: success, version: HTTP/1.1)
HTTP/1.1 500 Internal Server Error
Content-Type: application/json; charset=utf-8
cache-control: no-cache
content-length: 921

11:06:40.950 [AsyncHttpClient-1-6] DEBUG org.asynchttpclient.netty.channel.ChannelManager - Adding key: http://localhost:62749 for channel [id: 0x2a64feab, L:/127.0.0.1:60442 - R:localhost/127.0.0.1:62749]
11:06:40.955 [main] WARN net.thucydides.core.webdriver.WebDriverFacade - Failed to take screenshot (unexpected alert open: {Alert text : Data telah ditambah}
  (Session info: chrome=102.0.5005.115): Data telah ditambah
Build info: version: '4.1.2', revision: '9a5a329c5a'
System info: host: 'MOOK-HON', ip: '192.168.100.6', os.name: 'Windows 10', os.arch: 'amd64', os.version: '10.0', java.version: '11.0.14'
Driver info: org.openqa.selenium.chrome.ChromeDriver
Command: [145e81a9236b7949e7eee21a95b57c84, screenshot {}]
Capabilities {acceptInsecureCerts: false, browserName: chrome, browserVersion: 102.0.5005.115, chrome: {chromedriverVersion: 102.0.5005.61 (0e59bcc00cc4..., userDataDir: C:\Users\ASUS\AppData\Local...}, goog:chromeOptions: {debuggerAddress: localhost:60443}, javascriptEnabled: true, networkConnectionEnabled: false, pageLoadStrategy: normal, platform: WINDOWS, platformName: WINDOWS, proxy: Proxy(), se:cdp: ws://localhost:60443/devtoo..., se:cdpVersion: 102.0.5005.115, setWindowRect: true, strictFileInteractability: false, timeouts: {implicit: 0, pageLoad: 300000, script: 30000}, unhandledPromptBehavior: dismiss and notify, webauthn:extension:credBlob: true, webauthn:extension:largeBlob: true, webauthn:virtualAuthenticators: true}
Session ID: 145e81a9236b7949e7eee21a95b57c84)
11:06:41.009 [Forwarding screenshot on session 145e81a9236b7949e7eee21a95b57c84 to remote] DEBUG org.asynchttpclient.netty.request.NettyRequestSender - Using pooled Channel '[id: 0x2a64feab, L:/127.0.0.1:60442 - R:localhost/127.0.0.1:62749]' for 'GET' to 'http://localhost:62749/session/145e81a9236b7949e7eee21a95b57c84/screenshot'
11:06:41.010 [Forwarding screenshot on session 145e81a9236b7949e7eee21a95b57c84 to remote] DEBUG org.asynchttpclient.netty.request.NettyRequestSender - Using open Channel [id: 0x2a64feab, L:/127.0.0.1:60442 - R:localhost/127.0.0.1:62749] for GET '/session/145e81a9236b7949e7eee21a95b57c84/screenshot'
11:06:41.499 [AsyncHttpClient-1-6] DEBUG org.asynchttpclient.netty.handler.HttpHandler - 

Request DefaultFullHttpRequest(decodeResult: success, version: HTTP/1.1, content: EmptyByteBufBE)
GET /session/145e81a9236b7949e7eee21a95b57c84/screenshot HTTP/1.1
User-Agent: selenium/4.1.2 (java windows)
Cache-Control: no-cache
Content-Type: application/json; charset=utf-8
host: localhost:62749
accept: */*

Response DefaultHttpResponse(decodeResult: success, version: HTTP/1.1)
HTTP/1.1 200 OK
Content-Type: application/json; charset=utf-8
cache-control: no-cache
content-length: 71412

11:06:41.500 [AsyncHttpClient-1-6] DEBUG org.asynchttpclient.netty.channel.ChannelManager - Adding key: http://localhost:62749 for channel [id: 0x2a64feab, L:/127.0.0.1:60442 - R:localhost/127.0.0.1:62749]
11:06:41.514 [main] DEBUG net.serenitybdd.core.photography.Darkroom - Send negative for processing for target\site\serenity\641553ea0c7ee1350e9d99c43bd8b22ab0037bbbf11d544d65f62061eb96ca5a.png
11:06:41.817 [AsyncHttpClient-1-1] DEBUG org.asynchttpclient.netty.channel.DefaultChannelPool - Entry count for : http://localhost:62749 : 1
11:06:41.817 [AsyncHttpClient-1-1] DEBUG org.asynchttpclient.netty.channel.DefaultChannelPool - Entry count for : http://localhost:60443 : 1
11:06:42.051 [Forwarding screenshot on session 145e81a9236b7949e7eee21a95b57c84 to remote] DEBUG org.asynchttpclient.netty.request.NettyRequestSender - Using pooled Channel '[id: 0x2a64feab, L:/127.0.0.1:60442 - R:localhost/127.0.0.1:62749]' for 'GET' to 'http://localhost:62749/session/145e81a9236b7949e7eee21a95b57c84/screenshot'
11:06:42.051 [Forwarding screenshot on session 145e81a9236b7949e7eee21a95b57c84 to remote] DEBUG org.asynchttpclient.netty.request.NettyRequestSender - Using open Channel [id: 0x2a64feab, L:/127.0.0.1:60442 - R:localhost/127.0.0.1:62749] for GET '/session/145e81a9236b7949e7eee21a95b57c84/screenshot'
11:06:42.264 [AsyncHttpClient-1-6] DEBUG org.asynchttpclient.netty.handler.HttpHandler - 

Request DefaultFullHttpRequest(decodeResult: success, version: HTTP/1.1, content: EmptyByteBufBE)
GET /session/145e81a9236b7949e7eee21a95b57c84/screenshot HTTP/1.1
User-Agent: selenium/4.1.2 (java windows)
Cache-Control: no-cache
Content-Type: application/json; charset=utf-8
host: localhost:62749
accept: */*

Response DefaultHttpResponse(decodeResult: success, version: HTTP/1.1)
HTTP/1.1 200 OK
Content-Type: application/json; charset=utf-8
cache-control: no-cache
content-length: 78600

11:06:42.265 [AsyncHttpClient-1-6] DEBUG org.asynchttpclient.netty.channel.ChannelManager - Adding key: http://localhost:62749 for channel [id: 0x2a64feab, L:/127.0.0.1:60442 - R:localhost/127.0.0.1:62749]
11:06:42.274 [main] DEBUG net.serenitybdd.core.photography.Darkroom - Send negative for processing for target\site\serenity\3b585cd16c46410cc5866823d965a2183dc3eb5791c77017315df0299e46662f.png
11:06:42.275 [main] DEBUG net.thucydides.core.steps.StepInterceptor - STARTING STEP: DokterDataSteps.validDataDokter - validPagePasien
11:06:42.277 [Darkroom Processing Line] DEBUG net.serenitybdd.core.photography.DarkroomProcessingLine - Processing screenshot image in /var/screenshots/screenshot-11268768839405214167
11:06:42.277 [Darkroom Processing Line] DEBUG net.serenitybdd.core.photography.DarkroomProcessingLine - Saving screenshot to target\site\serenity\3b585cd16c46410cc5866823d965a2183dc3eb5791c77017315df0299e46662f.png
11:06:42.284 [Forwarding findElement on session 145e81a9236b7949e7eee21a95b57c84 to remote] DEBUG org.asynchttpclient.netty.request.NettyRequestSender - Using pooled Channel '[id: 0x2a64feab, L:/127.0.0.1:60442 - R:localhost/127.0.0.1:62749]' for 'POST' to 'http://localhost:62749/session/145e81a9236b7949e7eee21a95b57c84/element'
11:06:42.284 [Forwarding findElement on session 145e81a9236b7949e7eee21a95b57c84 to remote] DEBUG org.asynchttpclient.netty.request.NettyRequestSender - Using open Channel [id: 0x2a64feab, L:/127.0.0.1:60442 - R:localhost/127.0.0.1:62749] for POST '/session/145e81a9236b7949e7eee21a95b57c84/element'
11:06:42.336 [AsyncHttpClient-1-6] DEBUG org.asynchttpclient.netty.handler.HttpHandler - 

Request DefaultHttpRequest(decodeResult: success, version: HTTP/1.1)
POST /session/145e81a9236b7949e7eee21a95b57c84/element HTTP/1.1
User-Agent: selenium/4.1.2 (java windows)
Content-Length: 138
Content-Type: application/json; charset=utf-8
host: localhost:62749
accept: */*

Response DefaultHttpResponse(decodeResult: success, version: HTTP/1.1)
HTTP/1.1 200 OK
Content-Type: application/json; charset=utf-8
cache-control: no-cache
content-length: 88

11:06:42.337 [AsyncHttpClient-1-6] DEBUG org.asynchttpclient.netty.channel.ChannelManager - Adding key: http://localhost:62749 for channel [id: 0x2a64feab, L:/127.0.0.1:60442 - R:localhost/127.0.0.1:62749]
11:06:42.343 [Forwarding isElementEnabled on session 145e81a9236b7949e7eee21a95b57c84 to remote] DEBUG org.asynchttpclient.netty.request.NettyRequestSender - Using pooled Channel '[id: 0x2a64feab, L:/127.0.0.1:60442 - R:localhost/127.0.0.1:62749]' for 'GET' to 'http://localhost:62749/session/145e81a9236b7949e7eee21a95b57c84/element/9cc2fed8-b1f4-4a5a-baf2-47e05b691608/enabled'
11:06:42.344 [Forwarding isElementEnabled on session 145e81a9236b7949e7eee21a95b57c84 to remote] DEBUG org.asynchttpclient.netty.request.NettyRequestSender - Using open Channel [id: 0x2a64feab, L:/127.0.0.1:60442 - R:localhost/127.0.0.1:62749] for GET '/session/145e81a9236b7949e7eee21a95b57c84/element/9cc2fed8-b1f4-4a5a-baf2-47e05b691608/enabled'
11:06:42.382 [AsyncHttpClient-1-6] DEBUG org.asynchttpclient.netty.handler.HttpHandler - 

Request DefaultFullHttpRequest(decodeResult: success, version: HTTP/1.1, content: EmptyByteBufBE)
GET /session/145e81a9236b7949e7eee21a95b57c84/element/9cc2fed8-b1f4-4a5a-baf2-47e05b691608/enabled HTTP/1.1
User-Agent: selenium/4.1.2 (java windows)
Cache-Control: no-cache
Content-Type: application/json; charset=utf-8
host: localhost:62749
accept: */*

Response DefaultHttpResponse(decodeResult: success, version: HTTP/1.1)
HTTP/1.1 200 OK
Content-Type: application/json; charset=utf-8
cache-control: no-cache
content-length: 14

11:06:42.383 [AsyncHttpClient-1-6] DEBUG org.asynchttpclient.netty.channel.ChannelManager - Adding key: http://localhost:62749 for channel [id: 0x2a64feab, L:/127.0.0.1:60442 - R:localhost/127.0.0.1:62749]
11:06:42.398 [Forwarding screenshot on session 145e81a9236b7949e7eee21a95b57c84 to remote] DEBUG org.asynchttpclient.netty.request.NettyRequestSender - Using pooled Channel '[id: 0x2a64feab, L:/127.0.0.1:60442 - R:localhost/127.0.0.1:62749]' for 'GET' to 'http://localhost:62749/session/145e81a9236b7949e7eee21a95b57c84/screenshot'
11:06:42.398 [Forwarding screenshot on session 145e81a9236b7949e7eee21a95b57c84 to remote] DEBUG org.asynchttpclient.netty.request.NettyRequestSender - Using open Channel [id: 0x2a64feab, L:/127.0.0.1:60442 - R:localhost/127.0.0.1:62749] for GET '/session/145e81a9236b7949e7eee21a95b57c84/screenshot'
11:06:42.581 [AsyncHttpClient-1-6] DEBUG org.asynchttpclient.netty.handler.HttpHandler - 

Request DefaultFullHttpRequest(decodeResult: success, version: HTTP/1.1, content: EmptyByteBufBE)
GET /session/145e81a9236b7949e7eee21a95b57c84/screenshot HTTP/1.1
User-Agent: selenium/4.1.2 (java windows)
Cache-Control: no-cache
Content-Type: application/json; charset=utf-8
host: localhost:62749
accept: */*

Response DefaultHttpResponse(decodeResult: success, version: HTTP/1.1)
HTTP/1.1 200 OK
Content-Type: application/json; charset=utf-8
cache-control: no-cache
content-length: 78600

11:06:42.583 [AsyncHttpClient-1-6] DEBUG org.asynchttpclient.netty.channel.ChannelManager - Adding key: http://localhost:62749 for channel [id: 0x2a64feab, L:/127.0.0.1:60442 - R:localhost/127.0.0.1:62749]
11:06:42.594 [main] DEBUG net.serenitybdd.core.photography.Darkroom - Send negative for processing for target\site\serenity\3b585cd16c46410cc5866823d965a2183dc3eb5791c77017315df0299e46662f.png
11:06:42.595 [main] DEBUG net.thucydides.core.steps.StepInterceptor - STEP DONE: validPagePasien
  &amp#27;[32mAnd &amp#27;[0m&amp#27;[32mValid data dokter&amp#27;[0m                                            &amp#27;[90m# starter.stepdefinitios.DokterDataSteps.validDataDokter()&amp#27;[0m
11:06:42.642 [AsyncHttpClient-1-8] DEBUG org.asynchttpclient.netty.handler.WebSocketHandler - Channel Closed: [id: 0x50c7bf39, L:/127.0.0.1:60455 ! R:localhost/127.0.0.1:60443] with attribute NettyResponseFuture{currentRetry=5,
	isDone=1,
	isCancelled=0,
	asyncHandler=org.asynchttpclient.ws.WebSocketUpgradeHandler@3ea83c60,
	nettyRequest=org.asynchttpclient.netty.request.NettyRequest@3b618946,
	future=java.util.concurrent.CompletableFuture@49f00fb6[Completed normally],
	uri=ws://localhost:60443/devtools/browser/060c14d2-aae5-4f5d-a13e-19f6d336e872,
	keepAlive=true,
	redirectCount=0,
	timeoutsHolder=null,
	inAuth=0,
	touch=1655525193723}
11:06:42.643 [AsyncHttpClient-1-8] DEBUG org.asynchttpclient.netty.channel.ChannelManager - Closing Channel [id: 0x50c7bf39, L:/127.0.0.1:60455 ! R:localhost/127.0.0.1:60443] 
11:06:42.663 [Driver Command Executor] DEBUG org.asynchttpclient.netty.request.NettyRequestSender - Using pooled Channel '[id: 0x2a64feab, L:/127.0.0.1:60442 - R:localhost/127.0.0.1:62749]' for 'DELETE' to 'http://localhost:62749/session/145e81a9236b7949e7eee21a95b57c84'
11:06:42.664 [Driver Command Executor] DEBUG org.asynchttpclient.netty.request.NettyRequestSender - Using open Channel [id: 0x2a64feab, L:/127.0.0.1:60442 - R:localhost/127.0.0.1:62749] for DELETE '/session/145e81a9236b7949e7eee21a95b57c84'
11:06:42.914 [AsyncHttpClient-1-1] DEBUG org.asynchttpclient.netty.channel.DefaultChannelPool - Entry count for : http://localhost:60443 : 1
11:06:43.161 [AsyncHttpClient-1-7] DEBUG org.asynchttpclient.netty.handler.HttpHandler - Unexpected I/O exception on channel [id: 0x515b66de, L:/127.0.0.1:60454 - R:localhost/127.0.0.1:60443]
java.io.IOException: An existing connection was forcibly closed by the remote host
	at java.base/sun.nio.ch.SocketDispatcher.read0(Native Method)
	at java.base/sun.nio.ch.SocketDispatcher.read(SocketDispatcher.java:43)
	at java.base/sun.nio.ch.IOUtil.readIntoNativeBuffer(IOUtil.java:276)
	at java.base/sun.nio.ch.IOUtil.read(IOUtil.java:233)
	at java.base/sun.nio.ch.IOUtil.read(IOUtil.java:223)
	at java.base/sun.nio.ch.SocketChannelImpl.read(SocketChannelImpl.java:358)
	at io.netty.buffer.PooledByteBuf.setBytes(PooledByteBuf.java:258)
	at io.netty.buffer.AbstractByteBuf.writeBytes(AbstractByteBuf.java:1132)
	at io.netty.channel.socket.nio.NioSocketChannel.doReadBytes(NioSocketChannel.java:350)
	at io.netty.channel.nio.AbstractNioByteChannel$NioByteUnsafe.read(AbstractNioByteChannel.java:151)
	at io.netty.channel.nio.NioEventLoop.processSelectedKey(NioEventLoop.java:722)
	at io.netty.channel.nio.NioEventLoop.processSelectedKeysOptimized(NioEventLoop.java:658)
	at io.netty.channel.nio.NioEventLoop.processSelectedKeys(NioEventLoop.java:584)
	at io.netty.channel.nio.NioEventLoop.run(NioEventLoop.java:496)
	at io.netty.util.concurrent.SingleThreadEventExecutor$4.run(SingleThreadEventExecutor.java:986)
	at io.netty.util.internal.ThreadExecutorMap$2.run(ThreadExecutorMap.java:74)
	at io.netty.util.concurrent.FastThreadLocalRunnable.run(FastThreadLocalRunnable.java:30)
	at java.base/java.lang.Thread.run(Thread.java:834)
11:06:43.161 [AsyncHttpClient-1-7] DEBUG org.asynchttpclient.netty.channel.ChannelManager - Closing Channel [id: 0x515b66de, L:/127.0.0.1:60454 - R:localhost/127.0.0.1:60443] 
11:06:43.162 [AsyncHttpClient-1-7] DEBUG org.asynchttpclient.netty.handler.HttpHandler - Channel Closed: [id: 0x515b66de, L:/127.0.0.1:60454 ! R:localhost/127.0.0.1:60443] with attribute DISCARD
11:06:43.399 [AsyncHttpClient-1-6] DEBUG org.asynchttpclient.netty.handler.HttpHandler - 

Request DefaultFullHttpRequest(decodeResult: success, version: HTTP/1.1, content: EmptyByteBufBE)
DELETE /session/145e81a9236b7949e7eee21a95b57c84 HTTP/1.1
User-Agent: selenium/4.1.2 (java windows)
Content-Type: application/json; charset=utf-8
host: localhost:62749
accept: */*

Response DefaultHttpResponse(decodeResult: success, version: HTTP/1.1)
HTTP/1.1 200 OK
Content-Type: application/json; charset=utf-8
cache-control: no-cache
content-length: 14

11:06:43.399 [AsyncHttpClient-1-6] DEBUG org.asynchttpclient.netty.channel.ChannelManager - Adding key: http://localhost:62749 for channel [id: 0x2a64feab, L:/127.0.0.1:60442 - R:localhost/127.0.0.1:62749]
11:06:44.015 [AsyncHttpClient-1-1] DEBUG org.asynchttpclient.netty.channel.DefaultChannelPool - Entry count for : http://localhost:62749 : 1
11:06:44.017 [AsyncHttpClient-1-1] DEBUG org.asynchttpclient.netty.channel.DefaultChannelPool - Entry count for : http://localhost:60443 : 1
11:06:44.017 [AsyncHttpClient-1-1] DEBUG org.asynchttpclient.netty.channel.DefaultChannelPool - Adding Candidate expired Channel [id: 0x515b66de, L:/127.0.0.1:60454 ! R:localhost/127.0.0.1:60443] isIdleTimeoutExpired=false isRemotelyClosed=true isTtlExpired=false
11:06:44.017 [AsyncHttpClient-1-1] DEBUG org.asynchttpclient.netty.channel.DefaultChannelPool - Closing Idle Channel [id: 0x515b66de, L:/127.0.0.1:60454 ! R:localhost/127.0.0.1:60443]
11:06:44.018 [AsyncHttpClient-1-1] DEBUG org.asynchttpclient.netty.channel.DefaultChannelPool - Closed 1 connections out of 2 in 1 ms
11:06:44.419 [AsyncHttpClient-1-6] DEBUG org.asynchttpclient.netty.handler.HttpHandler - Unexpected I/O exception on channel [id: 0x2a64feab, L:/127.0.0.1:60442 - R:localhost/127.0.0.1:62749]
java.io.IOException: An existing connection was forcibly closed by the remote host
	at java.base/sun.nio.ch.SocketDispatcher.read0(Native Method)
	at java.base/sun.nio.ch.SocketDispatcher.read(SocketDispatcher.java:43)
	at java.base/sun.nio.ch.IOUtil.readIntoNativeBuffer(IOUtil.java:276)
	at java.base/sun.nio.ch.IOUtil.read(IOUtil.java:233)
	at java.base/sun.nio.ch.IOUtil.read(IOUtil.java:223)
	at java.base/sun.nio.ch.SocketChannelImpl.read(SocketChannelImpl.java:358)
	at io.netty.buffer.PooledByteBuf.setBytes(PooledByteBuf.java:258)
	at io.netty.buffer.AbstractByteBuf.writeBytes(AbstractByteBuf.java:1132)
	at io.netty.channel.socket.nio.NioSocketChannel.doReadBytes(NioSocketChannel.java:350)
	at io.netty.channel.nio.AbstractNioByteChannel$NioByteUnsafe.read(AbstractNioByteChannel.java:151)
	at io.netty.channel.nio.NioEventLoop.processSelectedKey(NioEventLoop.java:722)
	at io.netty.channel.nio.NioEventLoop.processSelectedKeysOptimized(NioEventLoop.java:658)
	at io.netty.channel.nio.NioEventLoop.processSelectedKeys(NioEventLoop.java:584)
	at io.netty.channel.nio.NioEventLoop.run(NioEventLoop.java:496)
	at io.netty.util.concurrent.SingleThreadEventExecutor$4.run(SingleThreadEventExecutor.java:986)
	at io.netty.util.internal.ThreadExecutorMap$2.run(ThreadExecutorMap.java:74)
	at io.netty.util.concurrent.FastThreadLocalRunnable.run(FastThreadLocalRunnable.java:30)
	at java.base/java.lang.Thread.run(Thread.java:834)
11:06:44.420 [AsyncHttpClient-1-6] DEBUG org.asynchttpclient.netty.channel.ChannelManager - Closing Channel [id: 0x2a64feab, L:/127.0.0.1:60442 - R:localhost/127.0.0.1:62749] 
11:06:44.420 [AsyncHttpClient-1-6] DEBUG org.asynchttpclient.netty.handler.HttpHandler - Channel Closed: [id: 0x2a64feab, L:/127.0.0.1:60442 ! R:localhost/127.0.0.1:62749] with attribute DISCARD
]]></system-out>
    <system-err><![CDATA[Starting ChromeDriver 102.0.5005.61 (0e59bcc00cc4985ce39ad31c150065f159d95ad3-refs/branch-heads/5005@{#819}) on port 62749
Only local connections are allowed.
Please see https://chromedriver.chromium.org/security-considerations for suggestions on keeping ChromeDriver safe.
ChromeDriver was started successfully.
Jun 18, 2022 11:06:33 AM org.openqa.selenium.remote.ProtocolHandshake createSession
INFO: Detected dialect: W3C
Jun 18, 2022 11:06:33 AM org.openqa.selenium.devtools.CdpVersionFinder findNearestMatch
WARNING: Unable to find an exact match for CDP version 102, so returning the closest version found: a no-op implementation
Jun 18, 2022 11:06:33 AM org.openqa.selenium.devtools.CdpVersionFinder findNearestMatch
INFO: Unable to find CDP implementation matching 102.
Jun 18, 2022 11:06:33 AM org.openqa.selenium.chromium.ChromiumDriver lambda$new$3
WARNING: Unable to find version of CDP to use for . You may need to include a dependency on a specific version of the CDP using something similar to `org.seleniumhq.selenium:selenium-devtools-v86:4.1.2` where the version ("v86") matches the version of the chromium-based browser you're using and the version number of the artifact is the same as Selenium's.
[1655525200.909][WARNING]: unexpected alert open: {Alert text : Data telah ditambah}, cancelling screenshot
]]></system-err>
  </testcase>
  <testcase name="As a admin i want to add data dokter #4" classname="Data Dokter Admin" time="14.867">
    <system-out><![CDATA[
@DataDokter @AddDokterData
Scenario Outline: As a admin i want to add data dokter             &amp#27;[90m# src/test/resources/features/2DataDokter.feature:28&amp#27;[0m
11:06:44.519 [main] INFO io.cucumber.core.plugin.SerenityReporter - Running feature from file:///D:/New%20folder%20(2)/Capstone/Testing/src/test/resources/features/2DataDokter.feature
11:06:44.618 [main] DEBUG net.thucydides.core.steps.StepInterceptor - STARTING STEP: DokterDataSteps.openPageDataDokter - openDataDokter
11:06:44.620 [main] INFO net.serenitybdd.core.webdriver.driverproviders.ChromeDriverProvider - Using automatically driver download
11:06:44.898 [main] DEBUG io.github.bonigarcia.wdm.cache.ResolutionCache - Resolution chrome=102 in cache (valid until 11:10:23 18/06/2022 ICT)
11:06:44.919 [main] DEBUG io.github.bonigarcia.wdm.cache.ResolutionCache - Resolution chrome102=102.0.5005.61 in cache (valid until 19:49:35 18/06/2022 ICT)
11:06:44.929 [main] INFO io.github.bonigarcia.wdm.WebDriverManager - Using chromedriver 102.0.5005.61 (resolved driver for Chrome 102)
11:06:44.986 [main] DEBUG io.github.bonigarcia.wdm.WebDriverManager - Driver chromedriver 102.0.5005.61 found in cache
11:06:44.988 [main] INFO io.github.bonigarcia.wdm.WebDriverManager - Exporting webdriver.chrome.driver as C:\Users\ASUS\.cache\selenium\chromedriver\win32\102.0.5005.61\chromedriver.exe
11:06:45.115 [AsyncHttpClient-1-1] DEBUG org.asynchttpclient.netty.channel.DefaultChannelPool - Entry count for : http://localhost:62749 : 1
11:06:45.115 [AsyncHttpClient-1-1] DEBUG org.asynchttpclient.netty.channel.DefaultChannelPool - Adding Candidate expired Channel [id: 0x2a64feab, L:/127.0.0.1:60442 ! R:localhost/127.0.0.1:62749] isIdleTimeoutExpired=false isRemotelyClosed=true isTtlExpired=false
11:06:45.115 [AsyncHttpClient-1-1] DEBUG org.asynchttpclient.netty.channel.DefaultChannelPool - Closing Idle Channel [id: 0x2a64feab, L:/127.0.0.1:60442 ! R:localhost/127.0.0.1:62749]
11:06:45.115 [AsyncHttpClient-1-1] DEBUG org.asynchttpclient.netty.channel.DefaultChannelPool - Closed 1 connections out of 1 in 0 ms
11:06:45.239 [main] DEBUG net.serenitybdd.core.webdriver.driverproviders.ProvideNewDriver - Instantiating driver
11:06:45.239 [main] DEBUG net.serenitybdd.core.webdriver.driverproviders.ProvideNewDriver - Driver capabilities: Capabilities {acceptInsecureCerts: false, base.url: https://fanciful-trifle-360..., browserName: chrome, chore.driver: src/test/resources/webdrive..., driver: chrome, goog:chromeOptions: {args: [], extensions: []}}
11:06:45.820 [AsyncHttpClient-1-9] DEBUG org.asynchttpclient.netty.channel.NettyConnectListener - Using new Channel '[id: 0x9e436dbf, L:/127.0.0.1:60478 - R:localhost/127.0.0.1:53829]' for 'POST' to '/session'
11:06:47.843 [AsyncHttpClient-1-9] DEBUG org.asynchttpclient.netty.handler.HttpHandler - 

Request DefaultHttpRequest(decodeResult: success, version: HTTP/1.1)
POST /session HTTP/1.1
User-Agent: selenium/4.1.2 (java windows)
Content-Length: 628
Content-Type: application/json; charset=utf-8
host: localhost:53829
accept: */*

Response DefaultHttpResponse(decodeResult: success, version: HTTP/1.1)
HTTP/1.1 200 OK
Content-Type: application/json; charset=utf-8
cache-control: no-cache
content-length: 788

11:06:47.844 [AsyncHttpClient-1-9] DEBUG org.asynchttpclient.netty.channel.ChannelManager - Adding key: http://localhost:53829 for channel [id: 0x9e436dbf, L:/127.0.0.1:60478 - R:localhost/127.0.0.1:53829]
11:06:47.877 [AsyncHttpClient-1-2] DEBUG org.asynchttpclient.netty.channel.NettyConnectListener - Using new Channel '[id: 0x9eed031f, L:/127.0.0.1:60489 - R:localhost/127.0.0.1:60479]' for 'GET' to '/json/version'
11:06:47.880 [AsyncHttpClient-1-2] DEBUG org.asynchttpclient.netty.handler.HttpHandler - 

Request DefaultFullHttpRequest(decodeResult: success, version: HTTP/1.1, content: EmptyByteBufBE)
GET /json/version HTTP/1.1
User-Agent: selenium/4.1.2 (java windows)
host: localhost:60479
accept: */*

Response DefaultHttpResponse(decodeResult: success, version: HTTP/1.1)
HTTP/1.1 200 OK
Content-Type: application/json; charset=UTF-8
content-length: 428

11:06:47.881 [AsyncHttpClient-1-2] DEBUG org.asynchttpclient.netty.channel.ChannelManager - Adding key: http://localhost:60479 for channel [id: 0x9eed031f, L:/127.0.0.1:60489 - R:localhost/127.0.0.1:60479]
11:06:47.894 [AsyncHttpClient-1-3] DEBUG org.asynchttpclient.netty.channel.NettyConnectListener - Using new Channel '[id: 0x044fb9ab, L:/127.0.0.1:60491 - R:localhost/127.0.0.1:60479]' for 'GET' to '/devtools/browser/0f4243c2-bc03-4ec2-a706-5da468e50551'
11:06:47.897 [AsyncHttpClient-1-3] DEBUG org.asynchttpclient.netty.handler.WebSocketHandler - 

Request DefaultFullHttpRequest(decodeResult: success, version: HTTP/1.1, content: EmptyByteBufBE)
GET /devtools/browser/0f4243c2-bc03-4ec2-a706-5da468e50551 HTTP/1.1
upgrade: websocket
connection: upgrade
sec-websocket-key: JdWe88uds+HAQg+32Y1Dxw==
sec-websocket-version: 13
origin: http://localhost:60479
host: localhost:60479
accept: */*
user-agent: AHC/2.1

Response DefaultHttpResponse(decodeResult: success, version: HTTP/1.1)
HTTP/1.1 101 WebSocket Protocol Handshake
Upgrade: WebSocket
Connection: Upgrade
Sec-WebSocket-Accept: h/SBcwRW6+si+V0MP5s/keFbk0Q=

11:06:47.988 [Forwarding get on session 410ddfb6ab97e858f3986686ad40db78 to remote] DEBUG org.asynchttpclient.netty.request.NettyRequestSender - Using pooled Channel '[id: 0x9e436dbf, L:/127.0.0.1:60478 - R:localhost/127.0.0.1:53829]' for 'POST' to 'http://localhost:53829/session/410ddfb6ab97e858f3986686ad40db78/url'
11:06:47.988 [Forwarding get on session 410ddfb6ab97e858f3986686ad40db78 to remote] DEBUG org.asynchttpclient.netty.request.NettyRequestSender - Using open Channel [id: 0x9e436dbf, L:/127.0.0.1:60478 - R:localhost/127.0.0.1:53829] for POST '/session/410ddfb6ab97e858f3986686ad40db78/url'
11:06:48.421 [AsyncHttpClient-1-1] DEBUG org.asynchttpclient.netty.channel.DefaultChannelPool - Entry count for : http://localhost:60479 : 1
11:06:49.328 [AsyncHttpClient-1-9] DEBUG org.asynchttpclient.netty.handler.HttpHandler - 

Request DefaultHttpRequest(decodeResult: success, version: HTTP/1.1)
POST /session/410ddfb6ab97e858f3986686ad40db78/url HTTP/1.1
User-Agent: selenium/4.1.2 (java windows)
Content-Length: 84
Content-Type: application/json; charset=utf-8
host: localhost:53829
accept: */*

Response DefaultHttpResponse(decodeResult: success, version: HTTP/1.1)
HTTP/1.1 200 OK
Content-Type: application/json; charset=utf-8
cache-control: no-cache
content-length: 14

11:06:49.328 [AsyncHttpClient-1-9] DEBUG org.asynchttpclient.netty.channel.ChannelManager - Adding key: http://localhost:53829 for channel [id: 0x9e436dbf, L:/127.0.0.1:60478 - R:localhost/127.0.0.1:53829]
11:06:49.338 [Forwarding setTimeout on session 410ddfb6ab97e858f3986686ad40db78 to remote] DEBUG org.asynchttpclient.netty.request.NettyRequestSender - Using pooled Channel '[id: 0x9e436dbf, L:/127.0.0.1:60478 - R:localhost/127.0.0.1:53829]' for 'POST' to 'http://localhost:53829/session/410ddfb6ab97e858f3986686ad40db78/timeouts'
11:06:49.338 [Forwarding setTimeout on session 410ddfb6ab97e858f3986686ad40db78 to remote] DEBUG org.asynchttpclient.netty.request.NettyRequestSender - Using open Channel [id: 0x9e436dbf, L:/127.0.0.1:60478 - R:localhost/127.0.0.1:53829] for POST '/session/410ddfb6ab97e858f3986686ad40db78/timeouts'
11:06:49.373 [AsyncHttpClient-1-9] DEBUG org.asynchttpclient.netty.handler.HttpHandler - 

Request DefaultHttpRequest(decodeResult: success, version: HTTP/1.1)
POST /session/410ddfb6ab97e858f3986686ad40db78/timeouts HTTP/1.1
User-Agent: selenium/4.1.2 (java windows)
Content-Length: 22
Content-Type: application/json; charset=utf-8
host: localhost:53829
accept: */*

Response DefaultHttpResponse(decodeResult: success, version: HTTP/1.1)
HTTP/1.1 200 OK
Content-Type: application/json; charset=utf-8
cache-control: no-cache
content-length: 14

11:06:49.373 [AsyncHttpClient-1-9] DEBUG org.asynchttpclient.netty.channel.ChannelManager - Adding key: http://localhost:53829 for channel [id: 0x9e436dbf, L:/127.0.0.1:60478 - R:localhost/127.0.0.1:53829]
11:06:49.387 [Forwarding getCurrentUrl on session 410ddfb6ab97e858f3986686ad40db78 to remote] DEBUG org.asynchttpclient.netty.request.NettyRequestSender - Using pooled Channel '[id: 0x9e436dbf, L:/127.0.0.1:60478 - R:localhost/127.0.0.1:53829]' for 'GET' to 'http://localhost:53829/session/410ddfb6ab97e858f3986686ad40db78/url'
11:06:49.387 [Forwarding getCurrentUrl on session 410ddfb6ab97e858f3986686ad40db78 to remote] DEBUG org.asynchttpclient.netty.request.NettyRequestSender - Using open Channel [id: 0x9e436dbf, L:/127.0.0.1:60478 - R:localhost/127.0.0.1:53829] for GET '/session/410ddfb6ab97e858f3986686ad40db78/url'
11:06:49.459 [AsyncHttpClient-1-9] DEBUG org.asynchttpclient.netty.handler.HttpHandler - 

Request DefaultFullHttpRequest(decodeResult: success, version: HTTP/1.1, content: EmptyByteBufBE)
GET /session/410ddfb6ab97e858f3986686ad40db78/url HTTP/1.1
User-Agent: selenium/4.1.2 (java windows)
Cache-Control: no-cache
Content-Type: application/json; charset=utf-8
host: localhost:53829
accept: */*

Response DefaultHttpResponse(decodeResult: success, version: HTTP/1.1)
HTTP/1.1 200 OK
Content-Type: application/json; charset=utf-8
cache-control: no-cache
content-length: 66

11:06:49.460 [AsyncHttpClient-1-9] DEBUG org.asynchttpclient.netty.channel.ChannelManager - Adding key: http://localhost:53829 for channel [id: 0x9e436dbf, L:/127.0.0.1:60478 - R:localhost/127.0.0.1:53829]
11:06:49.473 [Forwarding screenshot on session 410ddfb6ab97e858f3986686ad40db78 to remote] DEBUG org.asynchttpclient.netty.request.NettyRequestSender - Using pooled Channel '[id: 0x9e436dbf, L:/127.0.0.1:60478 - R:localhost/127.0.0.1:53829]' for 'GET' to 'http://localhost:53829/session/410ddfb6ab97e858f3986686ad40db78/screenshot'
11:06:49.473 [Forwarding screenshot on session 410ddfb6ab97e858f3986686ad40db78 to remote] DEBUG org.asynchttpclient.netty.request.NettyRequestSender - Using open Channel [id: 0x9e436dbf, L:/127.0.0.1:60478 - R:localhost/127.0.0.1:53829] for GET '/session/410ddfb6ab97e858f3986686ad40db78/screenshot'
11:06:49.513 [AsyncHttpClient-1-1] DEBUG org.asynchttpclient.netty.channel.DefaultChannelPool - Entry count for : http://localhost:60479 : 1
11:06:50.619 [AsyncHttpClient-1-1] DEBUG org.asynchttpclient.netty.channel.DefaultChannelPool - Entry count for : http://localhost:60479 : 1
11:06:50.678 [AsyncHttpClient-1-9] DEBUG org.asynchttpclient.netty.handler.HttpHandler - 

Request DefaultFullHttpRequest(decodeResult: success, version: HTTP/1.1, content: EmptyByteBufBE)
GET /session/410ddfb6ab97e858f3986686ad40db78/screenshot HTTP/1.1
User-Agent: selenium/4.1.2 (java windows)
Cache-Control: no-cache
Content-Type: application/json; charset=utf-8
host: localhost:53829
accept: */*

Response DefaultHttpResponse(decodeResult: success, version: HTTP/1.1)
HTTP/1.1 200 OK
Content-Type: application/json; charset=utf-8
cache-control: no-cache
content-length: 78600

11:06:50.680 [AsyncHttpClient-1-9] DEBUG org.asynchttpclient.netty.channel.ChannelManager - Adding key: http://localhost:53829 for channel [id: 0x9e436dbf, L:/127.0.0.1:60478 - R:localhost/127.0.0.1:53829]
11:06:50.686 [main] DEBUG net.serenitybdd.core.photography.Darkroom - Send negative for processing for target\site\serenity\3b585cd16c46410cc5866823d965a2183dc3eb5791c77017315df0299e46662f.png
11:06:50.686 [main] DEBUG net.thucydides.core.steps.StepInterceptor - STEP DONE: openDataDokter
  &amp#27;[32mGiven &amp#27;[0m&amp#27;[32mOpen page data dokter&amp#27;[0m                                      &amp#27;[90m# starter.stepdefinitios.DokterDataSteps.openPageDataDokter()&amp#27;[0m
11:06:50.750 [Forwarding screenshot on session 410ddfb6ab97e858f3986686ad40db78 to remote] DEBUG org.asynchttpclient.netty.request.NettyRequestSender - Using pooled Channel '[id: 0x9e436dbf, L:/127.0.0.1:60478 - R:localhost/127.0.0.1:53829]' for 'GET' to 'http://localhost:53829/session/410ddfb6ab97e858f3986686ad40db78/screenshot'
11:06:50.750 [Forwarding screenshot on session 410ddfb6ab97e858f3986686ad40db78 to remote] DEBUG org.asynchttpclient.netty.request.NettyRequestSender - Using open Channel [id: 0x9e436dbf, L:/127.0.0.1:60478 - R:localhost/127.0.0.1:53829] for GET '/session/410ddfb6ab97e858f3986686ad40db78/screenshot'
11:06:50.909 [AsyncHttpClient-1-9] DEBUG org.asynchttpclient.netty.handler.HttpHandler - 

Request DefaultFullHttpRequest(decodeResult: success, version: HTTP/1.1, content: EmptyByteBufBE)
GET /session/410ddfb6ab97e858f3986686ad40db78/screenshot HTTP/1.1
User-Agent: selenium/4.1.2 (java windows)
Cache-Control: no-cache
Content-Type: application/json; charset=utf-8
host: localhost:53829
accept: */*

Response DefaultHttpResponse(decodeResult: success, version: HTTP/1.1)
HTTP/1.1 200 OK
Content-Type: application/json; charset=utf-8
cache-control: no-cache
content-length: 78600

11:06:50.910 [AsyncHttpClient-1-9] DEBUG org.asynchttpclient.netty.channel.ChannelManager - Adding key: http://localhost:53829 for channel [id: 0x9e436dbf, L:/127.0.0.1:60478 - R:localhost/127.0.0.1:53829]
11:06:50.916 [main] DEBUG net.serenitybdd.core.photography.Darkroom - Send negative for processing for target\site\serenity\3b585cd16c46410cc5866823d965a2183dc3eb5791c77017315df0299e46662f.png
11:06:50.917 [main] DEBUG net.thucydides.core.steps.StepInterceptor - STARTING STEP: PatientDataSteps.clickButtonTambahData - clickButtonTambah
11:06:50.924 [Forwarding findElement on session 410ddfb6ab97e858f3986686ad40db78 to remote] DEBUG org.asynchttpclient.netty.request.NettyRequestSender - Using pooled Channel '[id: 0x9e436dbf, L:/127.0.0.1:60478 - R:localhost/127.0.0.1:53829]' for 'POST' to 'http://localhost:53829/session/410ddfb6ab97e858f3986686ad40db78/element'
11:06:50.924 [Forwarding findElement on session 410ddfb6ab97e858f3986686ad40db78 to remote] DEBUG org.asynchttpclient.netty.request.NettyRequestSender - Using open Channel [id: 0x9e436dbf, L:/127.0.0.1:60478 - R:localhost/127.0.0.1:53829] for POST '/session/410ddfb6ab97e858f3986686ad40db78/element'
11:06:50.954 [AsyncHttpClient-1-9] DEBUG org.asynchttpclient.netty.handler.HttpHandler - 

Request DefaultHttpRequest(decodeResult: success, version: HTTP/1.1)
POST /session/410ddfb6ab97e858f3986686ad40db78/element HTTP/1.1
User-Agent: selenium/4.1.2 (java windows)
Content-Length: 109
Content-Type: application/json; charset=utf-8
host: localhost:53829
accept: */*

Response DefaultHttpResponse(decodeResult: success, version: HTTP/1.1)
HTTP/1.1 200 OK
Content-Type: application/json; charset=utf-8
cache-control: no-cache
content-length: 88

11:06:50.955 [AsyncHttpClient-1-9] DEBUG org.asynchttpclient.netty.channel.ChannelManager - Adding key: http://localhost:53829 for channel [id: 0x9e436dbf, L:/127.0.0.1:60478 - R:localhost/127.0.0.1:53829]
11:06:50.959 [Forwarding getElementTagName on session 410ddfb6ab97e858f3986686ad40db78 to remote] DEBUG org.asynchttpclient.netty.request.NettyRequestSender - Using pooled Channel '[id: 0x9e436dbf, L:/127.0.0.1:60478 - R:localhost/127.0.0.1:53829]' for 'GET' to 'http://localhost:53829/session/410ddfb6ab97e858f3986686ad40db78/element/4fb991c2-e4d4-4f73-8cf0-65e6bfb9637b/name'
11:06:50.959 [Forwarding getElementTagName on session 410ddfb6ab97e858f3986686ad40db78 to remote] DEBUG org.asynchttpclient.netty.request.NettyRequestSender - Using open Channel [id: 0x9e436dbf, L:/127.0.0.1:60478 - R:localhost/127.0.0.1:53829] for GET '/session/410ddfb6ab97e858f3986686ad40db78/element/4fb991c2-e4d4-4f73-8cf0-65e6bfb9637b/name'
11:06:50.968 [AsyncHttpClient-1-9] DEBUG org.asynchttpclient.netty.handler.HttpHandler - 

Request DefaultFullHttpRequest(decodeResult: success, version: HTTP/1.1, content: EmptyByteBufBE)
GET /session/410ddfb6ab97e858f3986686ad40db78/element/4fb991c2-e4d4-4f73-8cf0-65e6bfb9637b/name HTTP/1.1
User-Agent: selenium/4.1.2 (java windows)
Cache-Control: no-cache
Content-Type: application/json; charset=utf-8
host: localhost:53829
accept: */*

Response DefaultHttpResponse(decodeResult: success, version: HTTP/1.1)
HTTP/1.1 200 OK
Content-Type: application/json; charset=utf-8
cache-control: no-cache
content-length: 18

11:06:50.969 [AsyncHttpClient-1-9] DEBUG org.asynchttpclient.netty.channel.ChannelManager - Adding key: http://localhost:53829 for channel [id: 0x9e436dbf, L:/127.0.0.1:60478 - R:localhost/127.0.0.1:53829]
11:06:50.972 [Forwarding getElementTagName on session 410ddfb6ab97e858f3986686ad40db78 to remote] DEBUG org.asynchttpclient.netty.request.NettyRequestSender - Using pooled Channel '[id: 0x9e436dbf, L:/127.0.0.1:60478 - R:localhost/127.0.0.1:53829]' for 'GET' to 'http://localhost:53829/session/410ddfb6ab97e858f3986686ad40db78/element/4fb991c2-e4d4-4f73-8cf0-65e6bfb9637b/name'
11:06:50.972 [Forwarding getElementTagName on session 410ddfb6ab97e858f3986686ad40db78 to remote] DEBUG org.asynchttpclient.netty.request.NettyRequestSender - Using open Channel [id: 0x9e436dbf, L:/127.0.0.1:60478 - R:localhost/127.0.0.1:53829] for GET '/session/410ddfb6ab97e858f3986686ad40db78/element/4fb991c2-e4d4-4f73-8cf0-65e6bfb9637b/name'
11:06:50.980 [AsyncHttpClient-1-9] DEBUG org.asynchttpclient.netty.handler.HttpHandler - 

Request DefaultFullHttpRequest(decodeResult: success, version: HTTP/1.1, content: EmptyByteBufBE)
GET /session/410ddfb6ab97e858f3986686ad40db78/element/4fb991c2-e4d4-4f73-8cf0-65e6bfb9637b/name HTTP/1.1
User-Agent: selenium/4.1.2 (java windows)
Cache-Control: no-cache
Content-Type: application/json; charset=utf-8
host: localhost:53829
accept: */*

Response DefaultHttpResponse(decodeResult: success, version: HTTP/1.1)
HTTP/1.1 200 OK
Content-Type: application/json; charset=utf-8
cache-control: no-cache
content-length: 18

11:06:50.980 [AsyncHttpClient-1-9] DEBUG org.asynchttpclient.netty.channel.ChannelManager - Adding key: http://localhost:53829 for channel [id: 0x9e436dbf, L:/127.0.0.1:60478 - R:localhost/127.0.0.1:53829]
11:06:50.985 [Forwarding isElementEnabled on session 410ddfb6ab97e858f3986686ad40db78 to remote] DEBUG org.asynchttpclient.netty.request.NettyRequestSender - Using pooled Channel '[id: 0x9e436dbf, L:/127.0.0.1:60478 - R:localhost/127.0.0.1:53829]' for 'GET' to 'http://localhost:53829/session/410ddfb6ab97e858f3986686ad40db78/element/4fb991c2-e4d4-4f73-8cf0-65e6bfb9637b/enabled'
11:06:50.986 [Forwarding isElementEnabled on session 410ddfb6ab97e858f3986686ad40db78 to remote] DEBUG org.asynchttpclient.netty.request.NettyRequestSender - Using open Channel [id: 0x9e436dbf, L:/127.0.0.1:60478 - R:localhost/127.0.0.1:53829] for GET '/session/410ddfb6ab97e858f3986686ad40db78/element/4fb991c2-e4d4-4f73-8cf0-65e6bfb9637b/enabled'
11:06:51.002 [AsyncHttpClient-1-9] DEBUG org.asynchttpclient.netty.handler.HttpHandler - 

Request DefaultFullHttpRequest(decodeResult: success, version: HTTP/1.1, content: EmptyByteBufBE)
GET /session/410ddfb6ab97e858f3986686ad40db78/element/4fb991c2-e4d4-4f73-8cf0-65e6bfb9637b/enabled HTTP/1.1
User-Agent: selenium/4.1.2 (java windows)
Cache-Control: no-cache
Content-Type: application/json; charset=utf-8
host: localhost:53829
accept: */*

Response DefaultHttpResponse(decodeResult: success, version: HTTP/1.1)
HTTP/1.1 200 OK
Content-Type: application/json; charset=utf-8
cache-control: no-cache
content-length: 14

11:06:51.003 [AsyncHttpClient-1-9] DEBUG org.asynchttpclient.netty.channel.ChannelManager - Adding key: http://localhost:53829 for channel [id: 0x9e436dbf, L:/127.0.0.1:60478 - R:localhost/127.0.0.1:53829]
11:06:51.005 [Forwarding isElementEnabled on session 410ddfb6ab97e858f3986686ad40db78 to remote] DEBUG org.asynchttpclient.netty.request.NettyRequestSender - Using pooled Channel '[id: 0x9e436dbf, L:/127.0.0.1:60478 - R:localhost/127.0.0.1:53829]' for 'GET' to 'http://localhost:53829/session/410ddfb6ab97e858f3986686ad40db78/element/4fb991c2-e4d4-4f73-8cf0-65e6bfb9637b/enabled'
11:06:51.006 [Forwarding isElementEnabled on session 410ddfb6ab97e858f3986686ad40db78 to remote] DEBUG org.asynchttpclient.netty.request.NettyRequestSender - Using open Channel [id: 0x9e436dbf, L:/127.0.0.1:60478 - R:localhost/127.0.0.1:53829] for GET '/session/410ddfb6ab97e858f3986686ad40db78/element/4fb991c2-e4d4-4f73-8cf0-65e6bfb9637b/enabled'
11:06:51.017 [AsyncHttpClient-1-9] DEBUG org.asynchttpclient.netty.handler.HttpHandler - 

Request DefaultFullHttpRequest(decodeResult: success, version: HTTP/1.1, content: EmptyByteBufBE)
GET /session/410ddfb6ab97e858f3986686ad40db78/element/4fb991c2-e4d4-4f73-8cf0-65e6bfb9637b/enabled HTTP/1.1
User-Agent: selenium/4.1.2 (java windows)
Cache-Control: no-cache
Content-Type: application/json; charset=utf-8
host: localhost:53829
accept: */*

Response DefaultHttpResponse(decodeResult: success, version: HTTP/1.1)
HTTP/1.1 200 OK
Content-Type: application/json; charset=utf-8
cache-control: no-cache
content-length: 14

11:06:51.018 [AsyncHttpClient-1-9] DEBUG org.asynchttpclient.netty.channel.ChannelManager - Adding key: http://localhost:53829 for channel [id: 0x9e436dbf, L:/127.0.0.1:60478 - R:localhost/127.0.0.1:53829]
11:06:51.022 [Forwarding findElement on session 410ddfb6ab97e858f3986686ad40db78 to remote] DEBUG org.asynchttpclient.netty.request.NettyRequestSender - Using pooled Channel '[id: 0x9e436dbf, L:/127.0.0.1:60478 - R:localhost/127.0.0.1:53829]' for 'POST' to 'http://localhost:53829/session/410ddfb6ab97e858f3986686ad40db78/element'
11:06:51.023 [Forwarding findElement on session 410ddfb6ab97e858f3986686ad40db78 to remote] DEBUG org.asynchttpclient.netty.request.NettyRequestSender - Using open Channel [id: 0x9e436dbf, L:/127.0.0.1:60478 - R:localhost/127.0.0.1:53829] for POST '/session/410ddfb6ab97e858f3986686ad40db78/element'
11:06:51.037 [AsyncHttpClient-1-9] DEBUG org.asynchttpclient.netty.handler.HttpHandler - 

Request DefaultHttpRequest(decodeResult: success, version: HTTP/1.1)
POST /session/410ddfb6ab97e858f3986686ad40db78/element HTTP/1.1
User-Agent: selenium/4.1.2 (java windows)
Content-Length: 109
Content-Type: application/json; charset=utf-8
host: localhost:53829
accept: */*

Response DefaultHttpResponse(decodeResult: success, version: HTTP/1.1)
HTTP/1.1 200 OK
Content-Type: application/json; charset=utf-8
cache-control: no-cache
content-length: 88

11:06:51.037 [AsyncHttpClient-1-9] DEBUG org.asynchttpclient.netty.channel.ChannelManager - Adding key: http://localhost:53829 for channel [id: 0x9e436dbf, L:/127.0.0.1:60478 - R:localhost/127.0.0.1:53829]
11:06:51.040 [Forwarding clickElement on session 410ddfb6ab97e858f3986686ad40db78 to remote] DEBUG org.asynchttpclient.netty.request.NettyRequestSender - Using pooled Channel '[id: 0x9e436dbf, L:/127.0.0.1:60478 - R:localhost/127.0.0.1:53829]' for 'POST' to 'http://localhost:53829/session/410ddfb6ab97e858f3986686ad40db78/element/4fb991c2-e4d4-4f73-8cf0-65e6bfb9637b/click'
11:06:51.040 [Forwarding clickElement on session 410ddfb6ab97e858f3986686ad40db78 to remote] DEBUG org.asynchttpclient.netty.request.NettyRequestSender - Using open Channel [id: 0x9e436dbf, L:/127.0.0.1:60478 - R:localhost/127.0.0.1:53829] for POST '/session/410ddfb6ab97e858f3986686ad40db78/element/4fb991c2-e4d4-4f73-8cf0-65e6bfb9637b/click'
11:06:51.419 [AsyncHttpClient-1-9] DEBUG org.asynchttpclient.netty.handler.HttpHandler - 

Request DefaultHttpRequest(decodeResult: success, version: HTTP/1.1)
POST /session/410ddfb6ab97e858f3986686ad40db78/element/4fb991c2-e4d4-4f73-8cf0-65e6bfb9637b/click HTTP/1.1
User-Agent: selenium/4.1.2 (java windows)
Content-Length: 50
Content-Type: application/json; charset=utf-8
host: localhost:53829
accept: */*

Response DefaultHttpResponse(decodeResult: success, version: HTTP/1.1)
HTTP/1.1 200 OK
Content-Type: application/json; charset=utf-8
cache-control: no-cache
content-length: 14

11:06:51.420 [AsyncHttpClient-1-9] DEBUG org.asynchttpclient.netty.channel.ChannelManager - Adding key: http://localhost:53829 for channel [id: 0x9e436dbf, L:/127.0.0.1:60478 - R:localhost/127.0.0.1:53829]
11:06:51.443 [Forwarding screenshot on session 410ddfb6ab97e858f3986686ad40db78 to remote] DEBUG org.asynchttpclient.netty.request.NettyRequestSender - Using pooled Channel '[id: 0x9e436dbf, L:/127.0.0.1:60478 - R:localhost/127.0.0.1:53829]' for 'GET' to 'http://localhost:53829/session/410ddfb6ab97e858f3986686ad40db78/screenshot'
11:06:51.444 [Forwarding screenshot on session 410ddfb6ab97e858f3986686ad40db78 to remote] DEBUG org.asynchttpclient.netty.request.NettyRequestSender - Using open Channel [id: 0x9e436dbf, L:/127.0.0.1:60478 - R:localhost/127.0.0.1:53829] for GET '/session/410ddfb6ab97e858f3986686ad40db78/screenshot'
11:06:51.718 [AsyncHttpClient-1-1] DEBUG org.asynchttpclient.netty.channel.DefaultChannelPool - Entry count for : http://localhost:60479 : 1
11:06:51.937 [AsyncHttpClient-1-9] DEBUG org.asynchttpclient.netty.handler.HttpHandler - 

Request DefaultFullHttpRequest(decodeResult: success, version: HTTP/1.1, content: EmptyByteBufBE)
GET /session/410ddfb6ab97e858f3986686ad40db78/screenshot HTTP/1.1
User-Agent: selenium/4.1.2 (java windows)
Cache-Control: no-cache
Content-Type: application/json; charset=utf-8
host: localhost:53829
accept: */*

Response DefaultHttpResponse(decodeResult: success, version: HTTP/1.1)
HTTP/1.1 200 OK
Content-Type: application/json; charset=utf-8
cache-control: no-cache
content-length: 46784

11:06:51.938 [AsyncHttpClient-1-9] DEBUG org.asynchttpclient.netty.channel.ChannelManager - Adding key: http://localhost:53829 for channel [id: 0x9e436dbf, L:/127.0.0.1:60478 - R:localhost/127.0.0.1:53829]
11:06:51.944 [main] DEBUG net.serenitybdd.core.photography.Darkroom - Send negative for processing for target\site\serenity\8629f496e7c4dac0cce5b2bf2737aed3260bba436f070e09e2151e10e1c22e27.png
11:06:51.945 [main] DEBUG net.thucydides.core.steps.StepInterceptor - STEP DONE: clickButtonTambah
  &amp#27;[32mWhen &amp#27;[0m&amp#27;[32mClick button tambah data&amp#27;[0m                                    &amp#27;[90m# starter.stepdefinitios.PatientDataSteps.clickButtonTambahData()&amp#27;[0m
11:06:51.999 [Forwarding screenshot on session 410ddfb6ab97e858f3986686ad40db78 to remote] DEBUG org.asynchttpclient.netty.request.NettyRequestSender - Using pooled Channel '[id: 0x9e436dbf, L:/127.0.0.1:60478 - R:localhost/127.0.0.1:53829]' for 'GET' to 'http://localhost:53829/session/410ddfb6ab97e858f3986686ad40db78/screenshot'
11:06:51.999 [Forwarding screenshot on session 410ddfb6ab97e858f3986686ad40db78 to remote] DEBUG org.asynchttpclient.netty.request.NettyRequestSender - Using open Channel [id: 0x9e436dbf, L:/127.0.0.1:60478 - R:localhost/127.0.0.1:53829] for GET '/session/410ddfb6ab97e858f3986686ad40db78/screenshot'
11:06:52.206 [AsyncHttpClient-1-9] DEBUG org.asynchttpclient.netty.handler.HttpHandler - 

Request DefaultFullHttpRequest(decodeResult: success, version: HTTP/1.1, content: EmptyByteBufBE)
GET /session/410ddfb6ab97e858f3986686ad40db78/screenshot HTTP/1.1
User-Agent: selenium/4.1.2 (java windows)
Cache-Control: no-cache
Content-Type: application/json; charset=utf-8
host: localhost:53829
accept: */*

Response DefaultHttpResponse(decodeResult: success, version: HTTP/1.1)
HTTP/1.1 200 OK
Content-Type: application/json; charset=utf-8
cache-control: no-cache
content-length: 46784

11:06:52.206 [AsyncHttpClient-1-9] DEBUG org.asynchttpclient.netty.channel.ChannelManager - Adding key: http://localhost:53829 for channel [id: 0x9e436dbf, L:/127.0.0.1:60478 - R:localhost/127.0.0.1:53829]
11:06:52.213 [main] DEBUG net.serenitybdd.core.photography.Darkroom - Send negative for processing for target\site\serenity\8629f496e7c4dac0cce5b2bf2737aed3260bba436f070e09e2151e10e1c22e27.png
11:06:52.214 [main] DEBUG net.thucydides.core.steps.StepInterceptor - STARTING STEP: DokterDataSteps.iInputDokter - inputDataPasien
11:06:52.223 [Forwarding findElement on session 410ddfb6ab97e858f3986686ad40db78 to remote] DEBUG org.asynchttpclient.netty.request.NettyRequestSender - Using pooled Channel '[id: 0x9e436dbf, L:/127.0.0.1:60478 - R:localhost/127.0.0.1:53829]' for 'POST' to 'http://localhost:53829/session/410ddfb6ab97e858f3986686ad40db78/element'
11:06:52.223 [Forwarding findElement on session 410ddfb6ab97e858f3986686ad40db78 to remote] DEBUG org.asynchttpclient.netty.request.NettyRequestSender - Using open Channel [id: 0x9e436dbf, L:/127.0.0.1:60478 - R:localhost/127.0.0.1:53829] for POST '/session/410ddfb6ab97e858f3986686ad40db78/element'
11:06:52.254 [AsyncHttpClient-1-9] DEBUG org.asynchttpclient.netty.handler.HttpHandler - 

Request DefaultHttpRequest(decodeResult: success, version: HTTP/1.1)
POST /session/410ddfb6ab97e858f3986686ad40db78/element HTTP/1.1
User-Agent: selenium/4.1.2 (java windows)
Content-Length: 166
Content-Type: application/json; charset=utf-8
host: localhost:53829
accept: */*

Response DefaultHttpResponse(decodeResult: success, version: HTTP/1.1)
HTTP/1.1 200 OK
Content-Type: application/json; charset=utf-8
cache-control: no-cache
content-length: 88

11:06:52.255 [AsyncHttpClient-1-9] DEBUG org.asynchttpclient.netty.channel.ChannelManager - Adding key: http://localhost:53829 for channel [id: 0x9e436dbf, L:/127.0.0.1:60478 - R:localhost/127.0.0.1:53829]
11:06:52.260 [Forwarding sendKeysToElement on session 410ddfb6ab97e858f3986686ad40db78 to remote] DEBUG org.asynchttpclient.netty.request.NettyRequestSender - Using pooled Channel '[id: 0x9e436dbf, L:/127.0.0.1:60478 - R:localhost/127.0.0.1:53829]' for 'POST' to 'http://localhost:53829/session/410ddfb6ab97e858f3986686ad40db78/element/e9d82439-49c4-49ac-bed1-0d4f3c886a7b/value'
11:06:52.261 [Forwarding sendKeysToElement on session 410ddfb6ab97e858f3986686ad40db78 to remote] DEBUG org.asynchttpclient.netty.request.NettyRequestSender - Using open Channel [id: 0x9e436dbf, L:/127.0.0.1:60478 - R:localhost/127.0.0.1:53829] for POST '/session/410ddfb6ab97e858f3986686ad40db78/element/e9d82439-49c4-49ac-bed1-0d4f3c886a7b/value'
11:06:52.764 [AsyncHttpClient-1-9] DEBUG org.asynchttpclient.netty.handler.HttpHandler - 

Request DefaultHttpRequest(decodeResult: success, version: HTTP/1.1)
POST /session/410ddfb6ab97e858f3986686ad40db78/element/e9d82439-49c4-49ac-bed1-0d4f3c886a7b/value HTTP/1.1
User-Agent: selenium/4.1.2 (java windows)
Content-Length: 131
Content-Type: application/json; charset=utf-8
host: localhost:53829
accept: */*

Response DefaultHttpResponse(decodeResult: success, version: HTTP/1.1)
HTTP/1.1 200 OK
Content-Type: application/json; charset=utf-8
cache-control: no-cache
content-length: 14

11:06:52.764 [AsyncHttpClient-1-9] DEBUG org.asynchttpclient.netty.channel.ChannelManager - Adding key: http://localhost:53829 for channel [id: 0x9e436dbf, L:/127.0.0.1:60478 - R:localhost/127.0.0.1:53829]
11:06:52.770 [Forwarding findElement on session 410ddfb6ab97e858f3986686ad40db78 to remote] DEBUG org.asynchttpclient.netty.request.NettyRequestSender - Using pooled Channel '[id: 0x9e436dbf, L:/127.0.0.1:60478 - R:localhost/127.0.0.1:53829]' for 'POST' to 'http://localhost:53829/session/410ddfb6ab97e858f3986686ad40db78/element'
11:06:52.771 [Forwarding findElement on session 410ddfb6ab97e858f3986686ad40db78 to remote] DEBUG org.asynchttpclient.netty.request.NettyRequestSender - Using open Channel [id: 0x9e436dbf, L:/127.0.0.1:60478 - R:localhost/127.0.0.1:53829] for POST '/session/410ddfb6ab97e858f3986686ad40db78/element'
11:06:52.808 [AsyncHttpClient-1-9] DEBUG org.asynchttpclient.netty.handler.HttpHandler - 

Request DefaultHttpRequest(decodeResult: success, version: HTTP/1.1)
POST /session/410ddfb6ab97e858f3986686ad40db78/element HTTP/1.1
User-Agent: selenium/4.1.2 (java windows)
Content-Length: 166
Content-Type: application/json; charset=utf-8
host: localhost:53829
accept: */*

Response DefaultHttpResponse(decodeResult: success, version: HTTP/1.1)
HTTP/1.1 200 OK
Content-Type: application/json; charset=utf-8
cache-control: no-cache
content-length: 88

11:06:52.809 [AsyncHttpClient-1-9] DEBUG org.asynchttpclient.netty.channel.ChannelManager - Adding key: http://localhost:53829 for channel [id: 0x9e436dbf, L:/127.0.0.1:60478 - R:localhost/127.0.0.1:53829]
11:06:52.814 [Forwarding sendKeysToElement on session 410ddfb6ab97e858f3986686ad40db78 to remote] DEBUG org.asynchttpclient.netty.request.NettyRequestSender - Using pooled Channel '[id: 0x9e436dbf, L:/127.0.0.1:60478 - R:localhost/127.0.0.1:53829]' for 'POST' to 'http://localhost:53829/session/410ddfb6ab97e858f3986686ad40db78/element/359dc828-5074-4035-b560-c99f8d9097ac/value'
11:06:52.814 [Forwarding sendKeysToElement on session 410ddfb6ab97e858f3986686ad40db78 to remote] DEBUG org.asynchttpclient.netty.request.NettyRequestSender - Using open Channel [id: 0x9e436dbf, L:/127.0.0.1:60478 - R:localhost/127.0.0.1:53829] for POST '/session/410ddfb6ab97e858f3986686ad40db78/element/359dc828-5074-4035-b560-c99f8d9097ac/value'
11:06:52.816 [AsyncHttpClient-1-1] DEBUG org.asynchttpclient.netty.channel.DefaultChannelPool - Entry count for : http://localhost:60479 : 1
11:06:53.183 [AsyncHttpClient-1-9] DEBUG org.asynchttpclient.netty.handler.HttpHandler - 

Request DefaultHttpRequest(decodeResult: success, version: HTTP/1.1)
POST /session/410ddfb6ab97e858f3986686ad40db78/element/359dc828-5074-4035-b560-c99f8d9097ac/value HTTP/1.1
User-Agent: selenium/4.1.2 (java windows)
Content-Length: 131
Content-Type: application/json; charset=utf-8
host: localhost:53829
accept: */*

Response DefaultHttpResponse(decodeResult: success, version: HTTP/1.1)
HTTP/1.1 200 OK
Content-Type: application/json; charset=utf-8
cache-control: no-cache
content-length: 14

11:06:53.183 [AsyncHttpClient-1-9] DEBUG org.asynchttpclient.netty.channel.ChannelManager - Adding key: http://localhost:53829 for channel [id: 0x9e436dbf, L:/127.0.0.1:60478 - R:localhost/127.0.0.1:53829]
11:06:53.188 [Forwarding findElement on session 410ddfb6ab97e858f3986686ad40db78 to remote] DEBUG org.asynchttpclient.netty.request.NettyRequestSender - Using pooled Channel '[id: 0x9e436dbf, L:/127.0.0.1:60478 - R:localhost/127.0.0.1:53829]' for 'POST' to 'http://localhost:53829/session/410ddfb6ab97e858f3986686ad40db78/element'
11:06:53.189 [Forwarding findElement on session 410ddfb6ab97e858f3986686ad40db78 to remote] DEBUG org.asynchttpclient.netty.request.NettyRequestSender - Using open Channel [id: 0x9e436dbf, L:/127.0.0.1:60478 - R:localhost/127.0.0.1:53829] for POST '/session/410ddfb6ab97e858f3986686ad40db78/element'
11:06:53.218 [AsyncHttpClient-1-9] DEBUG org.asynchttpclient.netty.handler.HttpHandler - 

Request DefaultHttpRequest(decodeResult: success, version: HTTP/1.1)
POST /session/410ddfb6ab97e858f3986686ad40db78/element HTTP/1.1
User-Agent: selenium/4.1.2 (java windows)
Content-Length: 166
Content-Type: application/json; charset=utf-8
host: localhost:53829
accept: */*

Response DefaultHttpResponse(decodeResult: success, version: HTTP/1.1)
HTTP/1.1 200 OK
Content-Type: application/json; charset=utf-8
cache-control: no-cache
content-length: 88

11:06:53.218 [AsyncHttpClient-1-9] DEBUG org.asynchttpclient.netty.channel.ChannelManager - Adding key: http://localhost:53829 for channel [id: 0x9e436dbf, L:/127.0.0.1:60478 - R:localhost/127.0.0.1:53829]
11:06:53.222 [Forwarding sendKeysToElement on session 410ddfb6ab97e858f3986686ad40db78 to remote] DEBUG org.asynchttpclient.netty.request.NettyRequestSender - Using pooled Channel '[id: 0x9e436dbf, L:/127.0.0.1:60478 - R:localhost/127.0.0.1:53829]' for 'POST' to 'http://localhost:53829/session/410ddfb6ab97e858f3986686ad40db78/element/08c69bfe-4330-4251-b51c-2d56ab242d1f/value'
11:06:53.223 [Forwarding sendKeysToElement on session 410ddfb6ab97e858f3986686ad40db78 to remote] DEBUG org.asynchttpclient.netty.request.NettyRequestSender - Using open Channel [id: 0x9e436dbf, L:/127.0.0.1:60478 - R:localhost/127.0.0.1:53829] for POST '/session/410ddfb6ab97e858f3986686ad40db78/element/08c69bfe-4330-4251-b51c-2d56ab242d1f/value'
11:06:53.332 [AsyncHttpClient-1-9] DEBUG org.asynchttpclient.netty.handler.HttpHandler - 

Request DefaultHttpRequest(decodeResult: success, version: HTTP/1.1)
POST /session/410ddfb6ab97e858f3986686ad40db78/element/08c69bfe-4330-4251-b51c-2d56ab242d1f/value HTTP/1.1
User-Agent: selenium/4.1.2 (java windows)
Content-Length: 82
Content-Type: application/json; charset=utf-8
host: localhost:53829
accept: */*

Response DefaultHttpResponse(decodeResult: success, version: HTTP/1.1)
HTTP/1.1 200 OK
Content-Type: application/json; charset=utf-8
cache-control: no-cache
content-length: 14

11:06:53.333 [AsyncHttpClient-1-9] DEBUG org.asynchttpclient.netty.channel.ChannelManager - Adding key: http://localhost:53829 for channel [id: 0x9e436dbf, L:/127.0.0.1:60478 - R:localhost/127.0.0.1:53829]
11:06:53.338 [Forwarding findElement on session 410ddfb6ab97e858f3986686ad40db78 to remote] DEBUG org.asynchttpclient.netty.request.NettyRequestSender - Using pooled Channel '[id: 0x9e436dbf, L:/127.0.0.1:60478 - R:localhost/127.0.0.1:53829]' for 'POST' to 'http://localhost:53829/session/410ddfb6ab97e858f3986686ad40db78/element'
11:06:53.339 [Forwarding findElement on session 410ddfb6ab97e858f3986686ad40db78 to remote] DEBUG org.asynchttpclient.netty.request.NettyRequestSender - Using open Channel [id: 0x9e436dbf, L:/127.0.0.1:60478 - R:localhost/127.0.0.1:53829] for POST '/session/410ddfb6ab97e858f3986686ad40db78/element'
11:06:53.364 [AsyncHttpClient-1-9] DEBUG org.asynchttpclient.netty.handler.HttpHandler - 

Request DefaultHttpRequest(decodeResult: success, version: HTTP/1.1)
POST /session/410ddfb6ab97e858f3986686ad40db78/element HTTP/1.1
User-Agent: selenium/4.1.2 (java windows)
Content-Length: 166
Content-Type: application/json; charset=utf-8
host: localhost:53829
accept: */*

Response DefaultHttpResponse(decodeResult: success, version: HTTP/1.1)
HTTP/1.1 200 OK
Content-Type: application/json; charset=utf-8
cache-control: no-cache
content-length: 88

11:06:53.365 [AsyncHttpClient-1-9] DEBUG org.asynchttpclient.netty.channel.ChannelManager - Adding key: http://localhost:53829 for channel [id: 0x9e436dbf, L:/127.0.0.1:60478 - R:localhost/127.0.0.1:53829]
11:06:53.369 [Forwarding sendKeysToElement on session 410ddfb6ab97e858f3986686ad40db78 to remote] DEBUG org.asynchttpclient.netty.request.NettyRequestSender - Using pooled Channel '[id: 0x9e436dbf, L:/127.0.0.1:60478 - R:localhost/127.0.0.1:53829]' for 'POST' to 'http://localhost:53829/session/410ddfb6ab97e858f3986686ad40db78/element/e4e2e810-f41a-4c69-a199-cd1d019d3c33/value'
11:06:53.369 [Forwarding sendKeysToElement on session 410ddfb6ab97e858f3986686ad40db78 to remote] DEBUG org.asynchttpclient.netty.request.NettyRequestSender - Using open Channel [id: 0x9e436dbf, L:/127.0.0.1:60478 - R:localhost/127.0.0.1:53829] for POST '/session/410ddfb6ab97e858f3986686ad40db78/element/e4e2e810-f41a-4c69-a199-cd1d019d3c33/value'
11:06:53.764 [AsyncHttpClient-1-9] DEBUG org.asynchttpclient.netty.handler.HttpHandler - 

Request DefaultHttpRequest(decodeResult: success, version: HTTP/1.1)
POST /session/410ddfb6ab97e858f3986686ad40db78/element/e4e2e810-f41a-4c69-a199-cd1d019d3c33/value HTTP/1.1
User-Agent: selenium/4.1.2 (java windows)
Content-Length: 181
Content-Type: application/json; charset=utf-8
host: localhost:53829
accept: */*

Response DefaultHttpResponse(decodeResult: success, version: HTTP/1.1)
HTTP/1.1 200 OK
Content-Type: application/json; charset=utf-8
cache-control: no-cache
content-length: 14

11:06:53.765 [AsyncHttpClient-1-9] DEBUG org.asynchttpclient.netty.channel.ChannelManager - Adding key: http://localhost:53829 for channel [id: 0x9e436dbf, L:/127.0.0.1:60478 - R:localhost/127.0.0.1:53829]
11:06:53.770 [Forwarding findElement on session 410ddfb6ab97e858f3986686ad40db78 to remote] DEBUG org.asynchttpclient.netty.request.NettyRequestSender - Using pooled Channel '[id: 0x9e436dbf, L:/127.0.0.1:60478 - R:localhost/127.0.0.1:53829]' for 'POST' to 'http://localhost:53829/session/410ddfb6ab97e858f3986686ad40db78/element'
11:06:53.770 [Forwarding findElement on session 410ddfb6ab97e858f3986686ad40db78 to remote] DEBUG org.asynchttpclient.netty.request.NettyRequestSender - Using open Channel [id: 0x9e436dbf, L:/127.0.0.1:60478 - R:localhost/127.0.0.1:53829] for POST '/session/410ddfb6ab97e858f3986686ad40db78/element'
11:06:53.798 [AsyncHttpClient-1-9] DEBUG org.asynchttpclient.netty.handler.HttpHandler - 

Request DefaultHttpRequest(decodeResult: success, version: HTTP/1.1)
POST /session/410ddfb6ab97e858f3986686ad40db78/element HTTP/1.1
User-Agent: selenium/4.1.2 (java windows)
Content-Length: 166
Content-Type: application/json; charset=utf-8
host: localhost:53829
accept: */*

Response DefaultHttpResponse(decodeResult: success, version: HTTP/1.1)
HTTP/1.1 200 OK
Content-Type: application/json; charset=utf-8
cache-control: no-cache
content-length: 88

11:06:53.798 [AsyncHttpClient-1-9] DEBUG org.asynchttpclient.netty.channel.ChannelManager - Adding key: http://localhost:53829 for channel [id: 0x9e436dbf, L:/127.0.0.1:60478 - R:localhost/127.0.0.1:53829]
11:06:53.802 [Forwarding sendKeysToElement on session 410ddfb6ab97e858f3986686ad40db78 to remote] DEBUG org.asynchttpclient.netty.request.NettyRequestSender - Using pooled Channel '[id: 0x9e436dbf, L:/127.0.0.1:60478 - R:localhost/127.0.0.1:53829]' for 'POST' to 'http://localhost:53829/session/410ddfb6ab97e858f3986686ad40db78/element/1ac10dd3-7443-4805-a4c6-e1ae37502d4b/value'
11:06:53.802 [Forwarding sendKeysToElement on session 410ddfb6ab97e858f3986686ad40db78 to remote] DEBUG org.asynchttpclient.netty.request.NettyRequestSender - Using open Channel [id: 0x9e436dbf, L:/127.0.0.1:60478 - R:localhost/127.0.0.1:53829] for POST '/session/410ddfb6ab97e858f3986686ad40db78/element/1ac10dd3-7443-4805-a4c6-e1ae37502d4b/value'
11:06:53.918 [AsyncHttpClient-1-1] DEBUG org.asynchttpclient.netty.channel.DefaultChannelPool - Entry count for : http://localhost:60479 : 1
11:06:54.221 [AsyncHttpClient-1-9] DEBUG org.asynchttpclient.netty.handler.HttpHandler - 

Request DefaultHttpRequest(decodeResult: success, version: HTTP/1.1)
POST /session/410ddfb6ab97e858f3986686ad40db78/element/1ac10dd3-7443-4805-a4c6-e1ae37502d4b/value HTTP/1.1
User-Agent: selenium/4.1.2 (java windows)
Content-Length: 181
Content-Type: application/json; charset=utf-8
host: localhost:53829
accept: */*

Response DefaultHttpResponse(decodeResult: success, version: HTTP/1.1)
HTTP/1.1 200 OK
Content-Type: application/json; charset=utf-8
cache-control: no-cache
content-length: 14

11:06:54.221 [AsyncHttpClient-1-9] DEBUG org.asynchttpclient.netty.channel.ChannelManager - Adding key: http://localhost:53829 for channel [id: 0x9e436dbf, L:/127.0.0.1:60478 - R:localhost/127.0.0.1:53829]
11:06:54.236 [Forwarding screenshot on session 410ddfb6ab97e858f3986686ad40db78 to remote] DEBUG org.asynchttpclient.netty.request.NettyRequestSender - Using pooled Channel '[id: 0x9e436dbf, L:/127.0.0.1:60478 - R:localhost/127.0.0.1:53829]' for 'GET' to 'http://localhost:53829/session/410ddfb6ab97e858f3986686ad40db78/screenshot'
11:06:54.236 [Forwarding screenshot on session 410ddfb6ab97e858f3986686ad40db78 to remote] DEBUG org.asynchttpclient.netty.request.NettyRequestSender - Using open Channel [id: 0x9e436dbf, L:/127.0.0.1:60478 - R:localhost/127.0.0.1:53829] for GET '/session/410ddfb6ab97e858f3986686ad40db78/screenshot'
11:06:54.569 [AsyncHttpClient-1-9] DEBUG org.asynchttpclient.netty.handler.HttpHandler - 

Request DefaultFullHttpRequest(decodeResult: success, version: HTTP/1.1, content: EmptyByteBufBE)
GET /session/410ddfb6ab97e858f3986686ad40db78/screenshot HTTP/1.1
User-Agent: selenium/4.1.2 (java windows)
Cache-Control: no-cache
Content-Type: application/json; charset=utf-8
host: localhost:53829
accept: */*

Response DefaultHttpResponse(decodeResult: success, version: HTTP/1.1)
HTTP/1.1 200 OK
Content-Type: application/json; charset=utf-8
cache-control: no-cache
content-length: 363416

11:06:54.573 [AsyncHttpClient-1-9] DEBUG org.asynchttpclient.netty.channel.ChannelManager - Adding key: http://localhost:53829 for channel [id: 0x9e436dbf, L:/127.0.0.1:60478 - R:localhost/127.0.0.1:53829]
11:06:54.604 [main] DEBUG net.serenitybdd.core.photography.Darkroom - Send negative for processing for target\site\serenity\04ea104149aaa6edbf85dc2280644cf1b9f30d67cc3c64ab4db52338ca671cf1.png
11:06:54.605 [main] DEBUG net.thucydides.core.steps.StepInterceptor - STEP DONE: inputDataPasien
  &amp#27;[32mThen &amp#27;[0m&amp#27;[32mI input &amp#27;[0m&amp#27;[32m&amp#27;[1m"Bagas"&amp#27;[0m&amp#27;[32m &amp#27;[0m&amp#27;[32m&amp#27;[1m"12344"&amp#27;[0m&amp#27;[32m &amp#27;[0m&amp#27;[32m&amp#27;[1m""&amp#27;[0m&amp#27;[32m &amp#27;[0m&amp#27;[32m&amp#27;[1m"BagasBedah"&amp#27;[0m&amp#27;[32m &amp#27;[0m&amp#27;[32m&amp#27;[1m"BagasBedah"&amp#27;[0m&amp#27;[32m dokter&amp#27;[0m &amp#27;[90m# starter.stepdefinitios.DokterDataSteps.iInputDokter(java.lang.String,java.lang.String,java.lang.String,java.lang.String,java.lang.String)&amp#27;[0m
11:06:54.610 [Darkroom Processing Line] DEBUG net.serenitybdd.core.photography.DarkroomProcessingLine - Processing screenshot image in /var/screenshots/screenshot-9426477158548638501
11:06:54.610 [Darkroom Processing Line] DEBUG net.serenitybdd.core.photography.DarkroomProcessingLine - Saving screenshot to target\site\serenity\04ea104149aaa6edbf85dc2280644cf1b9f30d67cc3c64ab4db52338ca671cf1.png
11:06:54.672 [Forwarding screenshot on session 410ddfb6ab97e858f3986686ad40db78 to remote] DEBUG org.asynchttpclient.netty.request.NettyRequestSender - Using pooled Channel '[id: 0x9e436dbf, L:/127.0.0.1:60478 - R:localhost/127.0.0.1:53829]' for 'GET' to 'http://localhost:53829/session/410ddfb6ab97e858f3986686ad40db78/screenshot'
11:06:54.672 [Forwarding screenshot on session 410ddfb6ab97e858f3986686ad40db78 to remote] DEBUG org.asynchttpclient.netty.request.NettyRequestSender - Using open Channel [id: 0x9e436dbf, L:/127.0.0.1:60478 - R:localhost/127.0.0.1:53829] for GET '/session/410ddfb6ab97e858f3986686ad40db78/screenshot'
11:06:55.013 [AsyncHttpClient-1-1] DEBUG org.asynchttpclient.netty.channel.DefaultChannelPool - Entry count for : http://localhost:60479 : 1
11:06:55.021 [AsyncHttpClient-1-9] DEBUG org.asynchttpclient.netty.handler.HttpHandler - 

Request DefaultFullHttpRequest(decodeResult: success, version: HTTP/1.1, content: EmptyByteBufBE)
GET /session/410ddfb6ab97e858f3986686ad40db78/screenshot HTTP/1.1
User-Agent: selenium/4.1.2 (java windows)
Cache-Control: no-cache
Content-Type: application/json; charset=utf-8
host: localhost:53829
accept: */*

Response DefaultHttpResponse(decodeResult: success, version: HTTP/1.1)
HTTP/1.1 200 OK
Content-Type: application/json; charset=utf-8
cache-control: no-cache
content-length: 363416

11:06:55.024 [AsyncHttpClient-1-9] DEBUG org.asynchttpclient.netty.channel.ChannelManager - Adding key: http://localhost:53829 for channel [id: 0x9e436dbf, L:/127.0.0.1:60478 - R:localhost/127.0.0.1:53829]
11:06:55.054 [main] DEBUG net.serenitybdd.core.photography.Darkroom - Send negative for processing for target\site\serenity\04ea104149aaa6edbf85dc2280644cf1b9f30d67cc3c64ab4db52338ca671cf1.png
11:06:55.055 [main] DEBUG net.thucydides.core.steps.StepInterceptor - STARTING STEP: PatientDataSteps.clickButtonSimpan - clickButtonSave
11:06:55.068 [Forwarding findElement on session 410ddfb6ab97e858f3986686ad40db78 to remote] DEBUG org.asynchttpclient.netty.request.NettyRequestSender - Using pooled Channel '[id: 0x9e436dbf, L:/127.0.0.1:60478 - R:localhost/127.0.0.1:53829]' for 'POST' to 'http://localhost:53829/session/410ddfb6ab97e858f3986686ad40db78/element'
11:06:55.069 [Forwarding findElement on session 410ddfb6ab97e858f3986686ad40db78 to remote] DEBUG org.asynchttpclient.netty.request.NettyRequestSender - Using open Channel [id: 0x9e436dbf, L:/127.0.0.1:60478 - R:localhost/127.0.0.1:53829] for POST '/session/410ddfb6ab97e858f3986686ad40db78/element'
11:06:55.103 [AsyncHttpClient-1-9] DEBUG org.asynchttpclient.netty.handler.HttpHandler - 

Request DefaultHttpRequest(decodeResult: success, version: HTTP/1.1)
POST /session/410ddfb6ab97e858f3986686ad40db78/element HTTP/1.1
User-Agent: selenium/4.1.2 (java windows)
Content-Length: 149
Content-Type: application/json; charset=utf-8
host: localhost:53829
accept: */*

Response DefaultHttpResponse(decodeResult: success, version: HTTP/1.1)
HTTP/1.1 200 OK
Content-Type: application/json; charset=utf-8
cache-control: no-cache
content-length: 88

11:06:55.104 [AsyncHttpClient-1-9] DEBUG org.asynchttpclient.netty.channel.ChannelManager - Adding key: http://localhost:53829 for channel [id: 0x9e436dbf, L:/127.0.0.1:60478 - R:localhost/127.0.0.1:53829]
11:06:55.107 [Forwarding getElementTagName on session 410ddfb6ab97e858f3986686ad40db78 to remote] DEBUG org.asynchttpclient.netty.request.NettyRequestSender - Using pooled Channel '[id: 0x9e436dbf, L:/127.0.0.1:60478 - R:localhost/127.0.0.1:53829]' for 'GET' to 'http://localhost:53829/session/410ddfb6ab97e858f3986686ad40db78/element/26131dc7-07c4-4bcb-9d75-4749fb2955e4/name'
11:06:55.108 [Forwarding getElementTagName on session 410ddfb6ab97e858f3986686ad40db78 to remote] DEBUG org.asynchttpclient.netty.request.NettyRequestSender - Using open Channel [id: 0x9e436dbf, L:/127.0.0.1:60478 - R:localhost/127.0.0.1:53829] for GET '/session/410ddfb6ab97e858f3986686ad40db78/element/26131dc7-07c4-4bcb-9d75-4749fb2955e4/name'
11:06:55.120 [AsyncHttpClient-1-9] DEBUG org.asynchttpclient.netty.handler.HttpHandler - 

Request DefaultFullHttpRequest(decodeResult: success, version: HTTP/1.1, content: EmptyByteBufBE)
GET /session/410ddfb6ab97e858f3986686ad40db78/element/26131dc7-07c4-4bcb-9d75-4749fb2955e4/name HTTP/1.1
User-Agent: selenium/4.1.2 (java windows)
Cache-Control: no-cache
Content-Type: application/json; charset=utf-8
host: localhost:53829
accept: */*

Response DefaultHttpResponse(decodeResult: success, version: HTTP/1.1)
HTTP/1.1 200 OK
Content-Type: application/json; charset=utf-8
cache-control: no-cache
content-length: 18

11:06:55.120 [AsyncHttpClient-1-9] DEBUG org.asynchttpclient.netty.channel.ChannelManager - Adding key: http://localhost:53829 for channel [id: 0x9e436dbf, L:/127.0.0.1:60478 - R:localhost/127.0.0.1:53829]
11:06:55.123 [Forwarding getElementTagName on session 410ddfb6ab97e858f3986686ad40db78 to remote] DEBUG org.asynchttpclient.netty.request.NettyRequestSender - Using pooled Channel '[id: 0x9e436dbf, L:/127.0.0.1:60478 - R:localhost/127.0.0.1:53829]' for 'GET' to 'http://localhost:53829/session/410ddfb6ab97e858f3986686ad40db78/element/26131dc7-07c4-4bcb-9d75-4749fb2955e4/name'
11:06:55.124 [Forwarding getElementTagName on session 410ddfb6ab97e858f3986686ad40db78 to remote] DEBUG org.asynchttpclient.netty.request.NettyRequestSender - Using open Channel [id: 0x9e436dbf, L:/127.0.0.1:60478 - R:localhost/127.0.0.1:53829] for GET '/session/410ddfb6ab97e858f3986686ad40db78/element/26131dc7-07c4-4bcb-9d75-4749fb2955e4/name'
11:06:55.132 [AsyncHttpClient-1-9] DEBUG org.asynchttpclient.netty.handler.HttpHandler - 

Request DefaultFullHttpRequest(decodeResult: success, version: HTTP/1.1, content: EmptyByteBufBE)
GET /session/410ddfb6ab97e858f3986686ad40db78/element/26131dc7-07c4-4bcb-9d75-4749fb2955e4/name HTTP/1.1
User-Agent: selenium/4.1.2 (java windows)
Cache-Control: no-cache
Content-Type: application/json; charset=utf-8
host: localhost:53829
accept: */*

Response DefaultHttpResponse(decodeResult: success, version: HTTP/1.1)
HTTP/1.1 200 OK
Content-Type: application/json; charset=utf-8
cache-control: no-cache
content-length: 18

11:06:55.132 [AsyncHttpClient-1-9] DEBUG org.asynchttpclient.netty.channel.ChannelManager - Adding key: http://localhost:53829 for channel [id: 0x9e436dbf, L:/127.0.0.1:60478 - R:localhost/127.0.0.1:53829]
11:06:55.138 [Forwarding isElementEnabled on session 410ddfb6ab97e858f3986686ad40db78 to remote] DEBUG org.asynchttpclient.netty.request.NettyRequestSender - Using pooled Channel '[id: 0x9e436dbf, L:/127.0.0.1:60478 - R:localhost/127.0.0.1:53829]' for 'GET' to 'http://localhost:53829/session/410ddfb6ab97e858f3986686ad40db78/element/26131dc7-07c4-4bcb-9d75-4749fb2955e4/enabled'
11:06:55.138 [Forwarding isElementEnabled on session 410ddfb6ab97e858f3986686ad40db78 to remote] DEBUG org.asynchttpclient.netty.request.NettyRequestSender - Using open Channel [id: 0x9e436dbf, L:/127.0.0.1:60478 - R:localhost/127.0.0.1:53829] for GET '/session/410ddfb6ab97e858f3986686ad40db78/element/26131dc7-07c4-4bcb-9d75-4749fb2955e4/enabled'
11:06:55.158 [AsyncHttpClient-1-9] DEBUG org.asynchttpclient.netty.handler.HttpHandler - 

Request DefaultFullHttpRequest(decodeResult: success, version: HTTP/1.1, content: EmptyByteBufBE)
GET /session/410ddfb6ab97e858f3986686ad40db78/element/26131dc7-07c4-4bcb-9d75-4749fb2955e4/enabled HTTP/1.1
User-Agent: selenium/4.1.2 (java windows)
Cache-Control: no-cache
Content-Type: application/json; charset=utf-8
host: localhost:53829
accept: */*

Response DefaultHttpResponse(decodeResult: success, version: HTTP/1.1)
HTTP/1.1 200 OK
Content-Type: application/json; charset=utf-8
cache-control: no-cache
content-length: 14

11:06:55.158 [AsyncHttpClient-1-9] DEBUG org.asynchttpclient.netty.channel.ChannelManager - Adding key: http://localhost:53829 for channel [id: 0x9e436dbf, L:/127.0.0.1:60478 - R:localhost/127.0.0.1:53829]
11:06:55.161 [Forwarding isElementEnabled on session 410ddfb6ab97e858f3986686ad40db78 to remote] DEBUG org.asynchttpclient.netty.request.NettyRequestSender - Using pooled Channel '[id: 0x9e436dbf, L:/127.0.0.1:60478 - R:localhost/127.0.0.1:53829]' for 'GET' to 'http://localhost:53829/session/410ddfb6ab97e858f3986686ad40db78/element/26131dc7-07c4-4bcb-9d75-4749fb2955e4/enabled'
11:06:55.161 [Forwarding isElementEnabled on session 410ddfb6ab97e858f3986686ad40db78 to remote] DEBUG org.asynchttpclient.netty.request.NettyRequestSender - Using open Channel [id: 0x9e436dbf, L:/127.0.0.1:60478 - R:localhost/127.0.0.1:53829] for GET '/session/410ddfb6ab97e858f3986686ad40db78/element/26131dc7-07c4-4bcb-9d75-4749fb2955e4/enabled'
11:06:55.217 [AsyncHttpClient-1-9] DEBUG org.asynchttpclient.netty.handler.HttpHandler - 

Request DefaultFullHttpRequest(decodeResult: success, version: HTTP/1.1, content: EmptyByteBufBE)
GET /session/410ddfb6ab97e858f3986686ad40db78/element/26131dc7-07c4-4bcb-9d75-4749fb2955e4/enabled HTTP/1.1
User-Agent: selenium/4.1.2 (java windows)
Cache-Control: no-cache
Content-Type: application/json; charset=utf-8
host: localhost:53829
accept: */*

Response DefaultHttpResponse(decodeResult: success, version: HTTP/1.1)
HTTP/1.1 200 OK
Content-Type: application/json; charset=utf-8
cache-control: no-cache
content-length: 14

11:06:55.217 [AsyncHttpClient-1-9] DEBUG org.asynchttpclient.netty.channel.ChannelManager - Adding key: http://localhost:53829 for channel [id: 0x9e436dbf, L:/127.0.0.1:60478 - R:localhost/127.0.0.1:53829]
11:06:55.222 [Forwarding findElement on session 410ddfb6ab97e858f3986686ad40db78 to remote] DEBUG org.asynchttpclient.netty.request.NettyRequestSender - Using pooled Channel '[id: 0x9e436dbf, L:/127.0.0.1:60478 - R:localhost/127.0.0.1:53829]' for 'POST' to 'http://localhost:53829/session/410ddfb6ab97e858f3986686ad40db78/element'
11:06:55.223 [Forwarding findElement on session 410ddfb6ab97e858f3986686ad40db78 to remote] DEBUG org.asynchttpclient.netty.request.NettyRequestSender - Using open Channel [id: 0x9e436dbf, L:/127.0.0.1:60478 - R:localhost/127.0.0.1:53829] for POST '/session/410ddfb6ab97e858f3986686ad40db78/element'
11:06:55.242 [AsyncHttpClient-1-9] DEBUG org.asynchttpclient.netty.handler.HttpHandler - 

Request DefaultHttpRequest(decodeResult: success, version: HTTP/1.1)
POST /session/410ddfb6ab97e858f3986686ad40db78/element HTTP/1.1
User-Agent: selenium/4.1.2 (java windows)
Content-Length: 149
Content-Type: application/json; charset=utf-8
host: localhost:53829
accept: */*

Response DefaultHttpResponse(decodeResult: success, version: HTTP/1.1)
HTTP/1.1 200 OK
Content-Type: application/json; charset=utf-8
cache-control: no-cache
content-length: 88

11:06:55.243 [AsyncHttpClient-1-9] DEBUG org.asynchttpclient.netty.channel.ChannelManager - Adding key: http://localhost:53829 for channel [id: 0x9e436dbf, L:/127.0.0.1:60478 - R:localhost/127.0.0.1:53829]
11:06:55.247 [Forwarding clickElement on session 410ddfb6ab97e858f3986686ad40db78 to remote] DEBUG org.asynchttpclient.netty.request.NettyRequestSender - Using pooled Channel '[id: 0x9e436dbf, L:/127.0.0.1:60478 - R:localhost/127.0.0.1:53829]' for 'POST' to 'http://localhost:53829/session/410ddfb6ab97e858f3986686ad40db78/element/26131dc7-07c4-4bcb-9d75-4749fb2955e4/click'
11:06:55.247 [Forwarding clickElement on session 410ddfb6ab97e858f3986686ad40db78 to remote] DEBUG org.asynchttpclient.netty.request.NettyRequestSender - Using open Channel [id: 0x9e436dbf, L:/127.0.0.1:60478 - R:localhost/127.0.0.1:53829] for POST '/session/410ddfb6ab97e858f3986686ad40db78/element/26131dc7-07c4-4bcb-9d75-4749fb2955e4/click'
11:06:55.373 [AsyncHttpClient-1-9] DEBUG org.asynchttpclient.netty.handler.HttpHandler - 

Request DefaultHttpRequest(decodeResult: success, version: HTTP/1.1)
POST /session/410ddfb6ab97e858f3986686ad40db78/element/26131dc7-07c4-4bcb-9d75-4749fb2955e4/click HTTP/1.1
User-Agent: selenium/4.1.2 (java windows)
Content-Length: 50
Content-Type: application/json; charset=utf-8
host: localhost:53829
accept: */*

Response DefaultHttpResponse(decodeResult: success, version: HTTP/1.1)
HTTP/1.1 200 OK
Content-Type: application/json; charset=utf-8
cache-control: no-cache
content-length: 14

11:06:55.373 [AsyncHttpClient-1-9] DEBUG org.asynchttpclient.netty.channel.ChannelManager - Adding key: http://localhost:53829 for channel [id: 0x9e436dbf, L:/127.0.0.1:60478 - R:localhost/127.0.0.1:53829]
11:06:55.395 [Forwarding screenshot on session 410ddfb6ab97e858f3986686ad40db78 to remote] DEBUG org.asynchttpclient.netty.request.NettyRequestSender - Using pooled Channel '[id: 0x9e436dbf, L:/127.0.0.1:60478 - R:localhost/127.0.0.1:53829]' for 'GET' to 'http://localhost:53829/session/410ddfb6ab97e858f3986686ad40db78/screenshot'
11:06:55.395 [Forwarding screenshot on session 410ddfb6ab97e858f3986686ad40db78 to remote] DEBUG org.asynchttpclient.netty.request.NettyRequestSender - Using open Channel [id: 0x9e436dbf, L:/127.0.0.1:60478 - R:localhost/127.0.0.1:53829] for GET '/session/410ddfb6ab97e858f3986686ad40db78/screenshot'
11:06:56.106 [AsyncHttpClient-1-9] DEBUG org.asynchttpclient.netty.handler.HttpHandler - 

Request DefaultFullHttpRequest(decodeResult: success, version: HTTP/1.1, content: EmptyByteBufBE)
GET /session/410ddfb6ab97e858f3986686ad40db78/screenshot HTTP/1.1
User-Agent: selenium/4.1.2 (java windows)
Cache-Control: no-cache
Content-Type: application/json; charset=utf-8
host: localhost:53829
accept: */*

Response DefaultHttpResponse(decodeResult: success, version: HTTP/1.1)
HTTP/1.1 500 Internal Server Error
Content-Type: application/json; charset=utf-8
cache-control: no-cache
content-length: 882

11:06:56.106 [AsyncHttpClient-1-9] DEBUG org.asynchttpclient.netty.channel.ChannelManager - Adding key: http://localhost:53829 for channel [id: 0x9e436dbf, L:/127.0.0.1:60478 - R:localhost/127.0.0.1:53829]
11:06:56.113 [main] WARN net.thucydides.core.webdriver.WebDriverFacade - Failed to take screenshot (unexpected alert open: <unknown>
  (Session info: chrome=102.0.5005.115): 
Build info: version: '4.1.2', revision: '9a5a329c5a'
System info: host: 'MOOK-HON', ip: '192.168.100.6', os.name: 'Windows 10', os.arch: 'amd64', os.version: '10.0', java.version: '11.0.14'
Driver info: org.openqa.selenium.chrome.ChromeDriver
Command: [410ddfb6ab97e858f3986686ad40db78, screenshot {}]
Capabilities {acceptInsecureCerts: false, browserName: chrome, browserVersion: 102.0.5005.115, chrome: {chromedriverVersion: 102.0.5005.61 (0e59bcc00cc4..., userDataDir: C:\Users\ASUS\AppData\Local...}, goog:chromeOptions: {debuggerAddress: localhost:60479}, javascriptEnabled: true, networkConnectionEnabled: false, pageLoadStrategy: normal, platform: WINDOWS, platformName: WINDOWS, proxy: Proxy(), se:cdp: ws://localhost:60479/devtoo..., se:cdpVersion: 102.0.5005.115, setWindowRect: true, strictFileInteractability: false, timeouts: {implicit: 0, pageLoad: 300000, script: 30000}, unhandledPromptBehavior: dismiss and notify, webauthn:extension:credBlob: true, webauthn:extension:largeBlob: true, webauthn:virtualAuthenticators: true}
Session ID: 410ddfb6ab97e858f3986686ad40db78)
11:06:56.113 [main] DEBUG net.thucydides.core.steps.StepInterceptor - STEP DONE: clickButtonSave
  &amp#27;[32mAnd &amp#27;[0m&amp#27;[32mClick button simpan&amp#27;[0m                                          &amp#27;[90m# starter.stepdefinitios.PatientDataSteps.clickButtonSimpan()&amp#27;[0m
11:06:56.130 [Forwarding screenshot on session 410ddfb6ab97e858f3986686ad40db78 to remote] DEBUG org.asynchttpclient.netty.request.NettyRequestSender - Using pooled Channel '[id: 0x9e436dbf, L:/127.0.0.1:60478 - R:localhost/127.0.0.1:53829]' for 'GET' to 'http://localhost:53829/session/410ddfb6ab97e858f3986686ad40db78/screenshot'
11:06:56.136 [Forwarding screenshot on session 410ddfb6ab97e858f3986686ad40db78 to remote] DEBUG org.asynchttpclient.netty.request.NettyRequestSender - Using open Channel [id: 0x9e436dbf, L:/127.0.0.1:60478 - R:localhost/127.0.0.1:53829] for GET '/session/410ddfb6ab97e858f3986686ad40db78/screenshot'
11:06:56.150 [AsyncHttpClient-1-1] DEBUG org.asynchttpclient.netty.channel.DefaultChannelPool - Entry count for : http://localhost:60479 : 1
11:06:56.320 [AsyncHttpClient-1-9] DEBUG org.asynchttpclient.netty.handler.HttpHandler - 

Request DefaultFullHttpRequest(decodeResult: success, version: HTTP/1.1, content: EmptyByteBufBE)
GET /session/410ddfb6ab97e858f3986686ad40db78/screenshot HTTP/1.1
User-Agent: selenium/4.1.2 (java windows)
Cache-Control: no-cache
Content-Type: application/json; charset=utf-8
host: localhost:53829
accept: */*

Response DefaultHttpResponse(decodeResult: success, version: HTTP/1.1)
HTTP/1.1 500 Internal Server Error
Content-Type: application/json; charset=utf-8
cache-control: no-cache
content-length: 921

11:06:56.321 [AsyncHttpClient-1-9] DEBUG org.asynchttpclient.netty.channel.ChannelManager - Adding key: http://localhost:53829 for channel [id: 0x9e436dbf, L:/127.0.0.1:60478 - R:localhost/127.0.0.1:53829]
11:06:56.324 [main] WARN net.thucydides.core.webdriver.WebDriverFacade - Failed to take screenshot (unexpected alert open: {Alert text : Data telah ditambah}
  (Session info: chrome=102.0.5005.115): Data telah ditambah
Build info: version: '4.1.2', revision: '9a5a329c5a'
System info: host: 'MOOK-HON', ip: '192.168.100.6', os.name: 'Windows 10', os.arch: 'amd64', os.version: '10.0', java.version: '11.0.14'
Driver info: org.openqa.selenium.chrome.ChromeDriver
Command: [410ddfb6ab97e858f3986686ad40db78, screenshot {}]
Capabilities {acceptInsecureCerts: false, browserName: chrome, browserVersion: 102.0.5005.115, chrome: {chromedriverVersion: 102.0.5005.61 (0e59bcc00cc4..., userDataDir: C:\Users\ASUS\AppData\Local...}, goog:chromeOptions: {debuggerAddress: localhost:60479}, javascriptEnabled: true, networkConnectionEnabled: false, pageLoadStrategy: normal, platform: WINDOWS, platformName: WINDOWS, proxy: Proxy(), se:cdp: ws://localhost:60479/devtoo..., se:cdpVersion: 102.0.5005.115, setWindowRect: true, strictFileInteractability: false, timeouts: {implicit: 0, pageLoad: 300000, script: 30000}, unhandledPromptBehavior: dismiss and notify, webauthn:extension:credBlob: true, webauthn:extension:largeBlob: true, webauthn:virtualAuthenticators: true}
Session ID: 410ddfb6ab97e858f3986686ad40db78)
11:06:56.340 [Forwarding screenshot on session 410ddfb6ab97e858f3986686ad40db78 to remote] DEBUG org.asynchttpclient.netty.request.NettyRequestSender - Using pooled Channel '[id: 0x9e436dbf, L:/127.0.0.1:60478 - R:localhost/127.0.0.1:53829]' for 'GET' to 'http://localhost:53829/session/410ddfb6ab97e858f3986686ad40db78/screenshot'
11:06:56.340 [Forwarding screenshot on session 410ddfb6ab97e858f3986686ad40db78 to remote] DEBUG org.asynchttpclient.netty.request.NettyRequestSender - Using open Channel [id: 0x9e436dbf, L:/127.0.0.1:60478 - R:localhost/127.0.0.1:53829] for GET '/session/410ddfb6ab97e858f3986686ad40db78/screenshot'
11:06:56.724 [AsyncHttpClient-1-9] DEBUG org.asynchttpclient.netty.handler.HttpHandler - 

Request DefaultFullHttpRequest(decodeResult: success, version: HTTP/1.1, content: EmptyByteBufBE)
GET /session/410ddfb6ab97e858f3986686ad40db78/screenshot HTTP/1.1
User-Agent: selenium/4.1.2 (java windows)
Cache-Control: no-cache
Content-Type: application/json; charset=utf-8
host: localhost:53829
accept: */*

Response DefaultHttpResponse(decodeResult: success, version: HTTP/1.1)
HTTP/1.1 200 OK
Content-Type: application/json; charset=utf-8
cache-control: no-cache
content-length: 71412

11:06:56.726 [AsyncHttpClient-1-9] DEBUG org.asynchttpclient.netty.channel.ChannelManager - Adding key: http://localhost:53829 for channel [id: 0x9e436dbf, L:/127.0.0.1:60478 - R:localhost/127.0.0.1:53829]
11:06:56.736 [main] DEBUG net.serenitybdd.core.photography.Darkroom - Send negative for processing for target\site\serenity\641553ea0c7ee1350e9d99c43bd8b22ab0037bbbf11d544d65f62061eb96ca5a.png
11:06:57.214 [AsyncHttpClient-1-1] DEBUG org.asynchttpclient.netty.channel.DefaultChannelPool - Entry count for : http://localhost:53829 : 1
11:06:57.214 [AsyncHttpClient-1-1] DEBUG org.asynchttpclient.netty.channel.DefaultChannelPool - Entry count for : http://localhost:60479 : 1
11:06:57.260 [Forwarding screenshot on session 410ddfb6ab97e858f3986686ad40db78 to remote] DEBUG org.asynchttpclient.netty.request.NettyRequestSender - Using pooled Channel '[id: 0x9e436dbf, L:/127.0.0.1:60478 - R:localhost/127.0.0.1:53829]' for 'GET' to 'http://localhost:53829/session/410ddfb6ab97e858f3986686ad40db78/screenshot'
11:06:57.260 [Forwarding screenshot on session 410ddfb6ab97e858f3986686ad40db78 to remote] DEBUG org.asynchttpclient.netty.request.NettyRequestSender - Using open Channel [id: 0x9e436dbf, L:/127.0.0.1:60478 - R:localhost/127.0.0.1:53829] for GET '/session/410ddfb6ab97e858f3986686ad40db78/screenshot'
11:06:57.419 [AsyncHttpClient-1-9] DEBUG org.asynchttpclient.netty.handler.HttpHandler - 

Request DefaultFullHttpRequest(decodeResult: success, version: HTTP/1.1, content: EmptyByteBufBE)
GET /session/410ddfb6ab97e858f3986686ad40db78/screenshot HTTP/1.1
User-Agent: selenium/4.1.2 (java windows)
Cache-Control: no-cache
Content-Type: application/json; charset=utf-8
host: localhost:53829
accept: */*

Response DefaultHttpResponse(decodeResult: success, version: HTTP/1.1)
HTTP/1.1 200 OK
Content-Type: application/json; charset=utf-8
cache-control: no-cache
content-length: 78544

11:06:57.420 [AsyncHttpClient-1-9] DEBUG org.asynchttpclient.netty.channel.ChannelManager - Adding key: http://localhost:53829 for channel [id: 0x9e436dbf, L:/127.0.0.1:60478 - R:localhost/127.0.0.1:53829]
11:06:57.429 [main] DEBUG net.serenitybdd.core.photography.Darkroom - Send negative for processing for target\site\serenity\6779ea98cda81ccd11dff008b9113c427d9ecbfafd43336b33ab685d9ed2a505.png
11:06:57.430 [main] DEBUG net.thucydides.core.steps.StepInterceptor - STARTING STEP: DokterDataSteps.validDataDokter - validPagePasien
11:06:57.430 [Darkroom Processing Line] DEBUG net.serenitybdd.core.photography.DarkroomProcessingLine - Processing screenshot image in /var/screenshots/screenshot-2351063745845790738
11:06:57.431 [Darkroom Processing Line] DEBUG net.serenitybdd.core.photography.DarkroomProcessingLine - Saving screenshot to target\site\serenity\6779ea98cda81ccd11dff008b9113c427d9ecbfafd43336b33ab685d9ed2a505.png
11:06:57.437 [Forwarding findElement on session 410ddfb6ab97e858f3986686ad40db78 to remote] DEBUG org.asynchttpclient.netty.request.NettyRequestSender - Using pooled Channel '[id: 0x9e436dbf, L:/127.0.0.1:60478 - R:localhost/127.0.0.1:53829]' for 'POST' to 'http://localhost:53829/session/410ddfb6ab97e858f3986686ad40db78/element'
11:06:57.437 [Forwarding findElement on session 410ddfb6ab97e858f3986686ad40db78 to remote] DEBUG org.asynchttpclient.netty.request.NettyRequestSender - Using open Channel [id: 0x9e436dbf, L:/127.0.0.1:60478 - R:localhost/127.0.0.1:53829] for POST '/session/410ddfb6ab97e858f3986686ad40db78/element'
11:06:57.469 [AsyncHttpClient-1-9] DEBUG org.asynchttpclient.netty.handler.HttpHandler - 

Request DefaultHttpRequest(decodeResult: success, version: HTTP/1.1)
POST /session/410ddfb6ab97e858f3986686ad40db78/element HTTP/1.1
User-Agent: selenium/4.1.2 (java windows)
Content-Length: 138
Content-Type: application/json; charset=utf-8
host: localhost:53829
accept: */*

Response DefaultHttpResponse(decodeResult: success, version: HTTP/1.1)
HTTP/1.1 200 OK
Content-Type: application/json; charset=utf-8
cache-control: no-cache
content-length: 88

11:06:57.470 [AsyncHttpClient-1-9] DEBUG org.asynchttpclient.netty.channel.ChannelManager - Adding key: http://localhost:53829 for channel [id: 0x9e436dbf, L:/127.0.0.1:60478 - R:localhost/127.0.0.1:53829]
11:06:57.473 [Forwarding isElementEnabled on session 410ddfb6ab97e858f3986686ad40db78 to remote] DEBUG org.asynchttpclient.netty.request.NettyRequestSender - Using pooled Channel '[id: 0x9e436dbf, L:/127.0.0.1:60478 - R:localhost/127.0.0.1:53829]' for 'GET' to 'http://localhost:53829/session/410ddfb6ab97e858f3986686ad40db78/element/930ccabe-9ce2-423d-94d1-98f9bee43d70/enabled'
11:06:57.473 [Forwarding isElementEnabled on session 410ddfb6ab97e858f3986686ad40db78 to remote] DEBUG org.asynchttpclient.netty.request.NettyRequestSender - Using open Channel [id: 0x9e436dbf, L:/127.0.0.1:60478 - R:localhost/127.0.0.1:53829] for GET '/session/410ddfb6ab97e858f3986686ad40db78/element/930ccabe-9ce2-423d-94d1-98f9bee43d70/enabled'
11:06:57.508 [AsyncHttpClient-1-9] DEBUG org.asynchttpclient.netty.handler.HttpHandler - 

Request DefaultFullHttpRequest(decodeResult: success, version: HTTP/1.1, content: EmptyByteBufBE)
GET /session/410ddfb6ab97e858f3986686ad40db78/element/930ccabe-9ce2-423d-94d1-98f9bee43d70/enabled HTTP/1.1
User-Agent: selenium/4.1.2 (java windows)
Cache-Control: no-cache
Content-Type: application/json; charset=utf-8
host: localhost:53829
accept: */*

Response DefaultHttpResponse(decodeResult: success, version: HTTP/1.1)
HTTP/1.1 200 OK
Content-Type: application/json; charset=utf-8
cache-control: no-cache
content-length: 14

11:06:57.509 [AsyncHttpClient-1-9] DEBUG org.asynchttpclient.netty.channel.ChannelManager - Adding key: http://localhost:53829 for channel [id: 0x9e436dbf, L:/127.0.0.1:60478 - R:localhost/127.0.0.1:53829]
11:06:57.524 [Forwarding screenshot on session 410ddfb6ab97e858f3986686ad40db78 to remote] DEBUG org.asynchttpclient.netty.request.NettyRequestSender - Using pooled Channel '[id: 0x9e436dbf, L:/127.0.0.1:60478 - R:localhost/127.0.0.1:53829]' for 'GET' to 'http://localhost:53829/session/410ddfb6ab97e858f3986686ad40db78/screenshot'
11:06:57.524 [Forwarding screenshot on session 410ddfb6ab97e858f3986686ad40db78 to remote] DEBUG org.asynchttpclient.netty.request.NettyRequestSender - Using open Channel [id: 0x9e436dbf, L:/127.0.0.1:60478 - R:localhost/127.0.0.1:53829] for GET '/session/410ddfb6ab97e858f3986686ad40db78/screenshot'
11:06:57.718 [AsyncHttpClient-1-9] DEBUG org.asynchttpclient.netty.handler.HttpHandler - 

Request DefaultFullHttpRequest(decodeResult: success, version: HTTP/1.1, content: EmptyByteBufBE)
GET /session/410ddfb6ab97e858f3986686ad40db78/screenshot HTTP/1.1
User-Agent: selenium/4.1.2 (java windows)
Cache-Control: no-cache
Content-Type: application/json; charset=utf-8
host: localhost:53829
accept: */*

Response DefaultHttpResponse(decodeResult: success, version: HTTP/1.1)
HTTP/1.1 200 OK
Content-Type: application/json; charset=utf-8
cache-control: no-cache
content-length: 78544

11:06:57.719 [AsyncHttpClient-1-9] DEBUG org.asynchttpclient.netty.channel.ChannelManager - Adding key: http://localhost:53829 for channel [id: 0x9e436dbf, L:/127.0.0.1:60478 - R:localhost/127.0.0.1:53829]
11:06:57.727 [main] DEBUG net.serenitybdd.core.photography.Darkroom - Send negative for processing for target\site\serenity\6779ea98cda81ccd11dff008b9113c427d9ecbfafd43336b33ab685d9ed2a505.png
11:06:57.727 [main] DEBUG net.thucydides.core.steps.StepInterceptor - STEP DONE: validPagePasien
  &amp#27;[32mAnd &amp#27;[0m&amp#27;[32mValid data dokter&amp#27;[0m                                            &amp#27;[90m# starter.stepdefinitios.DokterDataSteps.validDataDokter()&amp#27;[0m
11:06:57.763 [AsyncHttpClient-1-3] DEBUG org.asynchttpclient.netty.handler.WebSocketHandler - Channel Closed: [id: 0x044fb9ab, L:/127.0.0.1:60491 ! R:localhost/127.0.0.1:60479] with attribute NettyResponseFuture{currentRetry=5,
	isDone=1,
	isCancelled=0,
	asyncHandler=org.asynchttpclient.ws.WebSocketUpgradeHandler@6caf9a0a,
	nettyRequest=org.asynchttpclient.netty.request.NettyRequest@736e6fe6,
	future=java.util.concurrent.CompletableFuture@4eefdcb3[Completed normally],
	uri=ws://localhost:60479/devtools/browser/0f4243c2-bc03-4ec2-a706-5da468e50551,
	keepAlive=true,
	redirectCount=0,
	timeoutsHolder=null,
	inAuth=0,
	touch=1655525207899}
11:06:57.763 [AsyncHttpClient-1-3] DEBUG org.asynchttpclient.netty.channel.ChannelManager - Closing Channel [id: 0x044fb9ab, L:/127.0.0.1:60491 ! R:localhost/127.0.0.1:60479] 
11:06:57.777 [Driver Command Executor] DEBUG org.asynchttpclient.netty.request.NettyRequestSender - Using pooled Channel '[id: 0x9e436dbf, L:/127.0.0.1:60478 - R:localhost/127.0.0.1:53829]' for 'DELETE' to 'http://localhost:53829/session/410ddfb6ab97e858f3986686ad40db78'
11:06:57.778 [Driver Command Executor] DEBUG org.asynchttpclient.netty.request.NettyRequestSender - Using open Channel [id: 0x9e436dbf, L:/127.0.0.1:60478 - R:localhost/127.0.0.1:53829] for DELETE '/session/410ddfb6ab97e858f3986686ad40db78'
11:06:58.206 [AsyncHttpClient-1-2] DEBUG org.asynchttpclient.netty.handler.HttpHandler - Unexpected I/O exception on channel [id: 0x9eed031f, L:/127.0.0.1:60489 - R:localhost/127.0.0.1:60479]
java.io.IOException: An existing connection was forcibly closed by the remote host
	at java.base/sun.nio.ch.SocketDispatcher.read0(Native Method)
	at java.base/sun.nio.ch.SocketDispatcher.read(SocketDispatcher.java:43)
	at java.base/sun.nio.ch.IOUtil.readIntoNativeBuffer(IOUtil.java:276)
	at java.base/sun.nio.ch.IOUtil.read(IOUtil.java:233)
	at java.base/sun.nio.ch.IOUtil.read(IOUtil.java:223)
	at java.base/sun.nio.ch.SocketChannelImpl.read(SocketChannelImpl.java:358)
	at io.netty.buffer.PooledByteBuf.setBytes(PooledByteBuf.java:258)
	at io.netty.buffer.AbstractByteBuf.writeBytes(AbstractByteBuf.java:1132)
	at io.netty.channel.socket.nio.NioSocketChannel.doReadBytes(NioSocketChannel.java:350)
	at io.netty.channel.nio.AbstractNioByteChannel$NioByteUnsafe.read(AbstractNioByteChannel.java:151)
	at io.netty.channel.nio.NioEventLoop.processSelectedKey(NioEventLoop.java:722)
	at io.netty.channel.nio.NioEventLoop.processSelectedKeysOptimized(NioEventLoop.java:658)
	at io.netty.channel.nio.NioEventLoop.processSelectedKeys(NioEventLoop.java:584)
	at io.netty.channel.nio.NioEventLoop.run(NioEventLoop.java:496)
	at io.netty.util.concurrent.SingleThreadEventExecutor$4.run(SingleThreadEventExecutor.java:986)
	at io.netty.util.internal.ThreadExecutorMap$2.run(ThreadExecutorMap.java:74)
	at io.netty.util.concurrent.FastThreadLocalRunnable.run(FastThreadLocalRunnable.java:30)
	at java.base/java.lang.Thread.run(Thread.java:834)
11:06:58.206 [AsyncHttpClient-1-2] DEBUG org.asynchttpclient.netty.channel.ChannelManager - Closing Channel [id: 0x9eed031f, L:/127.0.0.1:60489 - R:localhost/127.0.0.1:60479] 
11:06:58.206 [AsyncHttpClient-1-2] DEBUG org.asynchttpclient.netty.handler.HttpHandler - Channel Closed: [id: 0x9eed031f, L:/127.0.0.1:60489 ! R:localhost/127.0.0.1:60479] with attribute DISCARD
11:06:58.258 [AsyncHttpClient-1-9] DEBUG org.asynchttpclient.netty.handler.HttpHandler - 

Request DefaultFullHttpRequest(decodeResult: success, version: HTTP/1.1, content: EmptyByteBufBE)
DELETE /session/410ddfb6ab97e858f3986686ad40db78 HTTP/1.1
User-Agent: selenium/4.1.2 (java windows)
Content-Type: application/json; charset=utf-8
host: localhost:53829
accept: */*

Response DefaultHttpResponse(decodeResult: success, version: HTTP/1.1)
HTTP/1.1 200 OK
Content-Type: application/json; charset=utf-8
cache-control: no-cache
content-length: 14

11:06:58.259 [AsyncHttpClient-1-9] DEBUG org.asynchttpclient.netty.channel.ChannelManager - Adding key: http://localhost:53829 for channel [id: 0x9e436dbf, L:/127.0.0.1:60478 - R:localhost/127.0.0.1:53829]
11:06:58.313 [AsyncHttpClient-1-1] DEBUG org.asynchttpclient.netty.channel.DefaultChannelPool - Entry count for : http://localhost:53829 : 1
11:06:58.314 [AsyncHttpClient-1-1] DEBUG org.asynchttpclient.netty.channel.DefaultChannelPool - Entry count for : http://localhost:60479 : 1
11:06:58.314 [AsyncHttpClient-1-1] DEBUG org.asynchttpclient.netty.channel.DefaultChannelPool - Adding Candidate expired Channel [id: 0x9eed031f, L:/127.0.0.1:60489 ! R:localhost/127.0.0.1:60479] isIdleTimeoutExpired=false isRemotelyClosed=true isTtlExpired=false
11:06:58.314 [AsyncHttpClient-1-1] DEBUG org.asynchttpclient.netty.channel.DefaultChannelPool - Closing Idle Channel [id: 0x9eed031f, L:/127.0.0.1:60489 ! R:localhost/127.0.0.1:60479]
11:06:58.314 [AsyncHttpClient-1-1] DEBUG org.asynchttpclient.netty.channel.DefaultChannelPool - Closed 1 connections out of 2 in 0 ms
11:06:59.282 [AsyncHttpClient-1-9] DEBUG org.asynchttpclient.netty.handler.HttpHandler - Unexpected I/O exception on channel [id: 0x9e436dbf, L:/127.0.0.1:60478 - R:localhost/127.0.0.1:53829]
java.io.IOException: An existing connection was forcibly closed by the remote host
	at java.base/sun.nio.ch.SocketDispatcher.read0(Native Method)
	at java.base/sun.nio.ch.SocketDispatcher.read(SocketDispatcher.java:43)
	at java.base/sun.nio.ch.IOUtil.readIntoNativeBuffer(IOUtil.java:276)
	at java.base/sun.nio.ch.IOUtil.read(IOUtil.java:233)
	at java.base/sun.nio.ch.IOUtil.read(IOUtil.java:223)
	at java.base/sun.nio.ch.SocketChannelImpl.read(SocketChannelImpl.java:358)
	at io.netty.buffer.PooledByteBuf.setBytes(PooledByteBuf.java:258)
	at io.netty.buffer.AbstractByteBuf.writeBytes(AbstractByteBuf.java:1132)
	at io.netty.channel.socket.nio.NioSocketChannel.doReadBytes(NioSocketChannel.java:350)
	at io.netty.channel.nio.AbstractNioByteChannel$NioByteUnsafe.read(AbstractNioByteChannel.java:151)
	at io.netty.channel.nio.NioEventLoop.processSelectedKey(NioEventLoop.java:722)
	at io.netty.channel.nio.NioEventLoop.processSelectedKeysOptimized(NioEventLoop.java:658)
	at io.netty.channel.nio.NioEventLoop.processSelectedKeys(NioEventLoop.java:584)
	at io.netty.channel.nio.NioEventLoop.run(NioEventLoop.java:496)
	at io.netty.util.concurrent.SingleThreadEventExecutor$4.run(SingleThreadEventExecutor.java:986)
	at io.netty.util.internal.ThreadExecutorMap$2.run(ThreadExecutorMap.java:74)
	at io.netty.util.concurrent.FastThreadLocalRunnable.run(FastThreadLocalRunnable.java:30)
	at java.base/java.lang.Thread.run(Thread.java:834)
11:06:59.282 [AsyncHttpClient-1-9] DEBUG org.asynchttpclient.netty.channel.ChannelManager - Closing Channel [id: 0x9e436dbf, L:/127.0.0.1:60478 - R:localhost/127.0.0.1:53829] 
11:06:59.282 [AsyncHttpClient-1-9] DEBUG org.asynchttpclient.netty.handler.HttpHandler - Channel Closed: [id: 0x9e436dbf, L:/127.0.0.1:60478 ! R:localhost/127.0.0.1:53829] with attribute DISCARD
]]></system-out>
    <system-err><![CDATA[Starting ChromeDriver 102.0.5005.61 (0e59bcc00cc4985ce39ad31c150065f159d95ad3-refs/branch-heads/5005@{#819}) on port 53829
Only local connections are allowed.
Please see https://chromedriver.chromium.org/security-considerations for suggestions on keeping ChromeDriver safe.
ChromeDriver was started successfully.
Jun 18, 2022 11:06:47 AM org.openqa.selenium.remote.ProtocolHandshake createSession
INFO: Detected dialect: W3C
Jun 18, 2022 11:06:47 AM org.openqa.selenium.devtools.CdpVersionFinder findNearestMatch
WARNING: Unable to find an exact match for CDP version 102, so returning the closest version found: a no-op implementation
Jun 18, 2022 11:06:47 AM org.openqa.selenium.devtools.CdpVersionFinder findNearestMatch
INFO: Unable to find CDP implementation matching 102.
Jun 18, 2022 11:06:47 AM org.openqa.selenium.chromium.ChromiumDriver lambda$new$3
WARNING: Unable to find version of CDP to use for . You may need to include a dependency on a specific version of the CDP using something similar to `org.seleniumhq.selenium:selenium-devtools-v86:4.1.2` where the version ("v86") matches the version of the chromium-based browser you're using and the version number of the artifact is the same as Selenium's.
[1655525216.101][WARNING]: unexpected alert open: {Alert text : Data telah ditambah}, cancelling screenshot
]]></system-err>
  </testcase>
  <testcase name="As a admin i want to add data dokter #5" classname="Data Dokter Admin" time="14.564">
    <system-out><![CDATA[
@DataDokter @AddDokterData
Scenario Outline: As a admin i want to add data dokter        &amp#27;[90m# src/test/resources/features/2DataDokter.feature:29&amp#27;[0m
11:06:59.384 [main] INFO io.cucumber.core.plugin.SerenityReporter - Running feature from file:///D:/New%20folder%20(2)/Capstone/Testing/src/test/resources/features/2DataDokter.feature
11:06:59.435 [AsyncHttpClient-1-1] DEBUG org.asynchttpclient.netty.channel.DefaultChannelPool - Entry count for : http://localhost:53829 : 1
11:06:59.436 [AsyncHttpClient-1-1] DEBUG org.asynchttpclient.netty.channel.DefaultChannelPool - Adding Candidate expired Channel [id: 0x9e436dbf, L:/127.0.0.1:60478 ! R:localhost/127.0.0.1:53829] isIdleTimeoutExpired=false isRemotelyClosed=true isTtlExpired=false
11:06:59.436 [AsyncHttpClient-1-1] DEBUG org.asynchttpclient.netty.channel.DefaultChannelPool - Closing Idle Channel [id: 0x9e436dbf, L:/127.0.0.1:60478 ! R:localhost/127.0.0.1:53829]
11:06:59.436 [AsyncHttpClient-1-1] DEBUG org.asynchttpclient.netty.channel.DefaultChannelPool - Closed 1 connections out of 1 in 0 ms
11:06:59.538 [main] DEBUG net.thucydides.core.steps.StepInterceptor - STARTING STEP: DokterDataSteps.openPageDataDokter - openDataDokter
11:06:59.540 [main] INFO net.serenitybdd.core.webdriver.driverproviders.ChromeDriverProvider - Using automatically driver download
11:06:59.870 [main] DEBUG io.github.bonigarcia.wdm.cache.ResolutionCache - Resolution chrome=102 in cache (valid until 11:10:23 18/06/2022 ICT)
11:06:59.895 [main] DEBUG io.github.bonigarcia.wdm.cache.ResolutionCache - Resolution chrome102=102.0.5005.61 in cache (valid until 19:49:35 18/06/2022 ICT)
11:06:59.901 [main] INFO io.github.bonigarcia.wdm.WebDriverManager - Using chromedriver 102.0.5005.61 (resolved driver for Chrome 102)
11:06:59.956 [main] DEBUG io.github.bonigarcia.wdm.WebDriverManager - Driver chromedriver 102.0.5005.61 found in cache
11:06:59.960 [main] INFO io.github.bonigarcia.wdm.WebDriverManager - Exporting webdriver.chrome.driver as C:\Users\ASUS\.cache\selenium\chromedriver\win32\102.0.5005.61\chromedriver.exe
11:07:00.263 [main] DEBUG net.serenitybdd.core.webdriver.driverproviders.ProvideNewDriver - Instantiating driver
11:07:00.263 [main] DEBUG net.serenitybdd.core.webdriver.driverproviders.ProvideNewDriver - Driver capabilities: Capabilities {acceptInsecureCerts: false, base.url: https://fanciful-trifle-360..., browserName: chrome, chore.driver: src/test/resources/webdrive..., driver: chrome, goog:chromeOptions: {args: [], extensions: []}}
11:07:00.854 [AsyncHttpClient-1-4] DEBUG org.asynchttpclient.netty.channel.NettyConnectListener - Using new Channel '[id: 0xefaf9027, L:/127.0.0.1:60517 - R:localhost/127.0.0.1:54454]' for 'POST' to '/session'
11:07:03.011 [AsyncHttpClient-1-4] DEBUG org.asynchttpclient.netty.handler.HttpHandler - 

Request DefaultHttpRequest(decodeResult: success, version: HTTP/1.1)
POST /session HTTP/1.1
User-Agent: selenium/4.1.2 (java windows)
Content-Length: 628
Content-Type: application/json; charset=utf-8
host: localhost:54454
accept: */*

Response DefaultHttpResponse(decodeResult: success, version: HTTP/1.1)
HTTP/1.1 200 OK
Content-Type: application/json; charset=utf-8
cache-control: no-cache
content-length: 790

11:07:03.011 [AsyncHttpClient-1-4] DEBUG org.asynchttpclient.netty.channel.ChannelManager - Adding key: http://localhost:54454 for channel [id: 0xefaf9027, L:/127.0.0.1:60517 - R:localhost/127.0.0.1:54454]
11:07:03.043 [AsyncHttpClient-1-5] DEBUG org.asynchttpclient.netty.channel.NettyConnectListener - Using new Channel '[id: 0x32b870a6, L:/127.0.0.1:60527 - R:localhost/127.0.0.1:60518]' for 'GET' to '/json/version'
11:07:03.045 [AsyncHttpClient-1-5] DEBUG org.asynchttpclient.netty.handler.HttpHandler - 

Request DefaultFullHttpRequest(decodeResult: success, version: HTTP/1.1, content: EmptyByteBufBE)
GET /json/version HTTP/1.1
User-Agent: selenium/4.1.2 (java windows)
host: localhost:60518
accept: */*

Response DefaultHttpResponse(decodeResult: success, version: HTTP/1.1)
HTTP/1.1 200 OK
Content-Type: application/json; charset=UTF-8
content-length: 428

11:07:03.045 [AsyncHttpClient-1-5] DEBUG org.asynchttpclient.netty.channel.ChannelManager - Adding key: http://localhost:60518 for channel [id: 0x32b870a6, L:/127.0.0.1:60527 - R:localhost/127.0.0.1:60518]
11:07:03.069 [AsyncHttpClient-1-6] DEBUG org.asynchttpclient.netty.channel.NettyConnectListener - Using new Channel '[id: 0x75ee26b7, L:/127.0.0.1:60528 - R:localhost/127.0.0.1:60518]' for 'GET' to '/devtools/browser/085236b6-1b16-4e8d-b729-2adabbdf14a3'
11:07:03.071 [AsyncHttpClient-1-6] DEBUG org.asynchttpclient.netty.handler.WebSocketHandler - 

Request DefaultFullHttpRequest(decodeResult: success, version: HTTP/1.1, content: EmptyByteBufBE)
GET /devtools/browser/085236b6-1b16-4e8d-b729-2adabbdf14a3 HTTP/1.1
upgrade: websocket
connection: upgrade
sec-websocket-key: zVrkoKZivmr/gdURnL5dQA==
sec-websocket-version: 13
origin: http://localhost:60518
host: localhost:60518
accept: */*
user-agent: AHC/2.1

Response DefaultHttpResponse(decodeResult: success, version: HTTP/1.1)
HTTP/1.1 101 WebSocket Protocol Handshake
Upgrade: WebSocket
Connection: Upgrade
Sec-WebSocket-Accept: FAZDlxKrxNZ46QbHepfZDRuMuBQ=

11:07:03.133 [Forwarding get on session 2339990bd2e8a6bff621c5e44db30bb1 to remote] DEBUG org.asynchttpclient.netty.request.NettyRequestSender - Using pooled Channel '[id: 0xefaf9027, L:/127.0.0.1:60517 - R:localhost/127.0.0.1:54454]' for 'POST' to 'http://localhost:54454/session/2339990bd2e8a6bff621c5e44db30bb1/url'
11:07:03.134 [Forwarding get on session 2339990bd2e8a6bff621c5e44db30bb1 to remote] DEBUG org.asynchttpclient.netty.request.NettyRequestSender - Using open Channel [id: 0xefaf9027, L:/127.0.0.1:60517 - R:localhost/127.0.0.1:54454] for POST '/session/2339990bd2e8a6bff621c5e44db30bb1/url'
11:07:03.815 [AsyncHttpClient-1-1] DEBUG org.asynchttpclient.netty.channel.DefaultChannelPool - Entry count for : http://localhost:60518 : 1
11:07:04.707 [AsyncHttpClient-1-4] DEBUG org.asynchttpclient.netty.handler.HttpHandler - 

Request DefaultHttpRequest(decodeResult: success, version: HTTP/1.1)
POST /session/2339990bd2e8a6bff621c5e44db30bb1/url HTTP/1.1
User-Agent: selenium/4.1.2 (java windows)
Content-Length: 84
Content-Type: application/json; charset=utf-8
host: localhost:54454
accept: */*

Response DefaultHttpResponse(decodeResult: success, version: HTTP/1.1)
HTTP/1.1 200 OK
Content-Type: application/json; charset=utf-8
cache-control: no-cache
content-length: 14

11:07:04.708 [AsyncHttpClient-1-4] DEBUG org.asynchttpclient.netty.channel.ChannelManager - Adding key: http://localhost:54454 for channel [id: 0xefaf9027, L:/127.0.0.1:60517 - R:localhost/127.0.0.1:54454]
11:07:04.715 [Forwarding setTimeout on session 2339990bd2e8a6bff621c5e44db30bb1 to remote] DEBUG org.asynchttpclient.netty.request.NettyRequestSender - Using pooled Channel '[id: 0xefaf9027, L:/127.0.0.1:60517 - R:localhost/127.0.0.1:54454]' for 'POST' to 'http://localhost:54454/session/2339990bd2e8a6bff621c5e44db30bb1/timeouts'
11:07:04.715 [Forwarding setTimeout on session 2339990bd2e8a6bff621c5e44db30bb1 to remote] DEBUG org.asynchttpclient.netty.request.NettyRequestSender - Using open Channel [id: 0xefaf9027, L:/127.0.0.1:60517 - R:localhost/127.0.0.1:54454] for POST '/session/2339990bd2e8a6bff621c5e44db30bb1/timeouts'
11:07:04.718 [AsyncHttpClient-1-4] DEBUG org.asynchttpclient.netty.handler.HttpHandler - 

Request DefaultHttpRequest(decodeResult: success, version: HTTP/1.1)
POST /session/2339990bd2e8a6bff621c5e44db30bb1/timeouts HTTP/1.1
User-Agent: selenium/4.1.2 (java windows)
Content-Length: 22
Content-Type: application/json; charset=utf-8
host: localhost:54454
accept: */*

Response DefaultHttpResponse(decodeResult: success, version: HTTP/1.1)
HTTP/1.1 200 OK
Content-Type: application/json; charset=utf-8
cache-control: no-cache
content-length: 14

11:07:04.719 [AsyncHttpClient-1-4] DEBUG org.asynchttpclient.netty.channel.ChannelManager - Adding key: http://localhost:54454 for channel [id: 0xefaf9027, L:/127.0.0.1:60517 - R:localhost/127.0.0.1:54454]
11:07:04.726 [Forwarding getCurrentUrl on session 2339990bd2e8a6bff621c5e44db30bb1 to remote] DEBUG org.asynchttpclient.netty.request.NettyRequestSender - Using pooled Channel '[id: 0xefaf9027, L:/127.0.0.1:60517 - R:localhost/127.0.0.1:54454]' for 'GET' to 'http://localhost:54454/session/2339990bd2e8a6bff621c5e44db30bb1/url'
11:07:04.726 [Forwarding getCurrentUrl on session 2339990bd2e8a6bff621c5e44db30bb1 to remote] DEBUG org.asynchttpclient.netty.request.NettyRequestSender - Using open Channel [id: 0xefaf9027, L:/127.0.0.1:60517 - R:localhost/127.0.0.1:54454] for GET '/session/2339990bd2e8a6bff621c5e44db30bb1/url'
11:07:04.764 [AsyncHttpClient-1-4] DEBUG org.asynchttpclient.netty.handler.HttpHandler - 

Request DefaultFullHttpRequest(decodeResult: success, version: HTTP/1.1, content: EmptyByteBufBE)
GET /session/2339990bd2e8a6bff621c5e44db30bb1/url HTTP/1.1
User-Agent: selenium/4.1.2 (java windows)
Cache-Control: no-cache
Content-Type: application/json; charset=utf-8
host: localhost:54454
accept: */*

Response DefaultHttpResponse(decodeResult: success, version: HTTP/1.1)
HTTP/1.1 200 OK
Content-Type: application/json; charset=utf-8
cache-control: no-cache
content-length: 66

11:07:04.765 [AsyncHttpClient-1-4] DEBUG org.asynchttpclient.netty.channel.ChannelManager - Adding key: http://localhost:54454 for channel [id: 0xefaf9027, L:/127.0.0.1:60517 - R:localhost/127.0.0.1:54454]
11:07:04.779 [Forwarding screenshot on session 2339990bd2e8a6bff621c5e44db30bb1 to remote] DEBUG org.asynchttpclient.netty.request.NettyRequestSender - Using pooled Channel '[id: 0xefaf9027, L:/127.0.0.1:60517 - R:localhost/127.0.0.1:54454]' for 'GET' to 'http://localhost:54454/session/2339990bd2e8a6bff621c5e44db30bb1/screenshot'
11:07:04.779 [Forwarding screenshot on session 2339990bd2e8a6bff621c5e44db30bb1 to remote] DEBUG org.asynchttpclient.netty.request.NettyRequestSender - Using open Channel [id: 0xefaf9027, L:/127.0.0.1:60517 - R:localhost/127.0.0.1:54454] for GET '/session/2339990bd2e8a6bff621c5e44db30bb1/screenshot'
11:07:04.922 [AsyncHttpClient-1-1] DEBUG org.asynchttpclient.netty.channel.DefaultChannelPool - Entry count for : http://localhost:60518 : 1
11:07:06.014 [AsyncHttpClient-1-1] DEBUG org.asynchttpclient.netty.channel.DefaultChannelPool - Entry count for : http://localhost:60518 : 1
11:07:06.066 [AsyncHttpClient-1-4] DEBUG org.asynchttpclient.netty.handler.HttpHandler - 

Request DefaultFullHttpRequest(decodeResult: success, version: HTTP/1.1, content: EmptyByteBufBE)
GET /session/2339990bd2e8a6bff621c5e44db30bb1/screenshot HTTP/1.1
User-Agent: selenium/4.1.2 (java windows)
Cache-Control: no-cache
Content-Type: application/json; charset=utf-8
host: localhost:54454
accept: */*

Response DefaultHttpResponse(decodeResult: success, version: HTTP/1.1)
HTTP/1.1 200 OK
Content-Type: application/json; charset=utf-8
cache-control: no-cache
content-length: 78544

11:07:06.068 [AsyncHttpClient-1-4] DEBUG org.asynchttpclient.netty.channel.ChannelManager - Adding key: http://localhost:54454 for channel [id: 0xefaf9027, L:/127.0.0.1:60517 - R:localhost/127.0.0.1:54454]
11:07:06.074 [main] DEBUG net.serenitybdd.core.photography.Darkroom - Send negative for processing for target\site\serenity\6779ea98cda81ccd11dff008b9113c427d9ecbfafd43336b33ab685d9ed2a505.png
11:07:06.074 [main] DEBUG net.thucydides.core.steps.StepInterceptor - STEP DONE: openDataDokter
  &amp#27;[32mGiven &amp#27;[0m&amp#27;[32mOpen page data dokter&amp#27;[0m                                 &amp#27;[90m# starter.stepdefinitios.DokterDataSteps.openPageDataDokter()&amp#27;[0m
11:07:06.140 [Forwarding screenshot on session 2339990bd2e8a6bff621c5e44db30bb1 to remote] DEBUG org.asynchttpclient.netty.request.NettyRequestSender - Using pooled Channel '[id: 0xefaf9027, L:/127.0.0.1:60517 - R:localhost/127.0.0.1:54454]' for 'GET' to 'http://localhost:54454/session/2339990bd2e8a6bff621c5e44db30bb1/screenshot'
11:07:06.140 [Forwarding screenshot on session 2339990bd2e8a6bff621c5e44db30bb1 to remote] DEBUG org.asynchttpclient.netty.request.NettyRequestSender - Using open Channel [id: 0xefaf9027, L:/127.0.0.1:60517 - R:localhost/127.0.0.1:54454] for GET '/session/2339990bd2e8a6bff621c5e44db30bb1/screenshot'
11:07:06.299 [AsyncHttpClient-1-4] DEBUG org.asynchttpclient.netty.handler.HttpHandler - 

Request DefaultFullHttpRequest(decodeResult: success, version: HTTP/1.1, content: EmptyByteBufBE)
GET /session/2339990bd2e8a6bff621c5e44db30bb1/screenshot HTTP/1.1
User-Agent: selenium/4.1.2 (java windows)
Cache-Control: no-cache
Content-Type: application/json; charset=utf-8
host: localhost:54454
accept: */*

Response DefaultHttpResponse(decodeResult: success, version: HTTP/1.1)
HTTP/1.1 200 OK
Content-Type: application/json; charset=utf-8
cache-control: no-cache
content-length: 78544

11:07:06.300 [AsyncHttpClient-1-4] DEBUG org.asynchttpclient.netty.channel.ChannelManager - Adding key: http://localhost:54454 for channel [id: 0xefaf9027, L:/127.0.0.1:60517 - R:localhost/127.0.0.1:54454]
11:07:06.306 [main] DEBUG net.serenitybdd.core.photography.Darkroom - Send negative for processing for target\site\serenity\6779ea98cda81ccd11dff008b9113c427d9ecbfafd43336b33ab685d9ed2a505.png
11:07:06.306 [main] DEBUG net.thucydides.core.steps.StepInterceptor - STARTING STEP: PatientDataSteps.clickButtonTambahData - clickButtonTambah
11:07:06.319 [Forwarding findElement on session 2339990bd2e8a6bff621c5e44db30bb1 to remote] DEBUG org.asynchttpclient.netty.request.NettyRequestSender - Using pooled Channel '[id: 0xefaf9027, L:/127.0.0.1:60517 - R:localhost/127.0.0.1:54454]' for 'POST' to 'http://localhost:54454/session/2339990bd2e8a6bff621c5e44db30bb1/element'
11:07:06.319 [Forwarding findElement on session 2339990bd2e8a6bff621c5e44db30bb1 to remote] DEBUG org.asynchttpclient.netty.request.NettyRequestSender - Using open Channel [id: 0xefaf9027, L:/127.0.0.1:60517 - R:localhost/127.0.0.1:54454] for POST '/session/2339990bd2e8a6bff621c5e44db30bb1/element'
11:07:06.345 [AsyncHttpClient-1-4] DEBUG org.asynchttpclient.netty.handler.HttpHandler - 

Request DefaultHttpRequest(decodeResult: success, version: HTTP/1.1)
POST /session/2339990bd2e8a6bff621c5e44db30bb1/element HTTP/1.1
User-Agent: selenium/4.1.2 (java windows)
Content-Length: 109
Content-Type: application/json; charset=utf-8
host: localhost:54454
accept: */*

Response DefaultHttpResponse(decodeResult: success, version: HTTP/1.1)
HTTP/1.1 200 OK
Content-Type: application/json; charset=utf-8
cache-control: no-cache
content-length: 88

11:07:06.345 [AsyncHttpClient-1-4] DEBUG org.asynchttpclient.netty.channel.ChannelManager - Adding key: http://localhost:54454 for channel [id: 0xefaf9027, L:/127.0.0.1:60517 - R:localhost/127.0.0.1:54454]
11:07:06.348 [Forwarding getElementTagName on session 2339990bd2e8a6bff621c5e44db30bb1 to remote] DEBUG org.asynchttpclient.netty.request.NettyRequestSender - Using pooled Channel '[id: 0xefaf9027, L:/127.0.0.1:60517 - R:localhost/127.0.0.1:54454]' for 'GET' to 'http://localhost:54454/session/2339990bd2e8a6bff621c5e44db30bb1/element/512b1c8d-47b1-4d21-ba04-dc9cf226d9cd/name'
11:07:06.348 [Forwarding getElementTagName on session 2339990bd2e8a6bff621c5e44db30bb1 to remote] DEBUG org.asynchttpclient.netty.request.NettyRequestSender - Using open Channel [id: 0xefaf9027, L:/127.0.0.1:60517 - R:localhost/127.0.0.1:54454] for GET '/session/2339990bd2e8a6bff621c5e44db30bb1/element/512b1c8d-47b1-4d21-ba04-dc9cf226d9cd/name'
11:07:06.357 [AsyncHttpClient-1-4] DEBUG org.asynchttpclient.netty.handler.HttpHandler - 

Request DefaultFullHttpRequest(decodeResult: success, version: HTTP/1.1, content: EmptyByteBufBE)
GET /session/2339990bd2e8a6bff621c5e44db30bb1/element/512b1c8d-47b1-4d21-ba04-dc9cf226d9cd/name HTTP/1.1
User-Agent: selenium/4.1.2 (java windows)
Cache-Control: no-cache
Content-Type: application/json; charset=utf-8
host: localhost:54454
accept: */*

Response DefaultHttpResponse(decodeResult: success, version: HTTP/1.1)
HTTP/1.1 200 OK
Content-Type: application/json; charset=utf-8
cache-control: no-cache
content-length: 18

11:07:06.357 [AsyncHttpClient-1-4] DEBUG org.asynchttpclient.netty.channel.ChannelManager - Adding key: http://localhost:54454 for channel [id: 0xefaf9027, L:/127.0.0.1:60517 - R:localhost/127.0.0.1:54454]
11:07:06.361 [Forwarding getElementTagName on session 2339990bd2e8a6bff621c5e44db30bb1 to remote] DEBUG org.asynchttpclient.netty.request.NettyRequestSender - Using pooled Channel '[id: 0xefaf9027, L:/127.0.0.1:60517 - R:localhost/127.0.0.1:54454]' for 'GET' to 'http://localhost:54454/session/2339990bd2e8a6bff621c5e44db30bb1/element/512b1c8d-47b1-4d21-ba04-dc9cf226d9cd/name'
11:07:06.361 [Forwarding getElementTagName on session 2339990bd2e8a6bff621c5e44db30bb1 to remote] DEBUG org.asynchttpclient.netty.request.NettyRequestSender - Using open Channel [id: 0xefaf9027, L:/127.0.0.1:60517 - R:localhost/127.0.0.1:54454] for GET '/session/2339990bd2e8a6bff621c5e44db30bb1/element/512b1c8d-47b1-4d21-ba04-dc9cf226d9cd/name'
11:07:06.368 [AsyncHttpClient-1-4] DEBUG org.asynchttpclient.netty.handler.HttpHandler - 

Request DefaultFullHttpRequest(decodeResult: success, version: HTTP/1.1, content: EmptyByteBufBE)
GET /session/2339990bd2e8a6bff621c5e44db30bb1/element/512b1c8d-47b1-4d21-ba04-dc9cf226d9cd/name HTTP/1.1
User-Agent: selenium/4.1.2 (java windows)
Cache-Control: no-cache
Content-Type: application/json; charset=utf-8
host: localhost:54454
accept: */*

Response DefaultHttpResponse(decodeResult: success, version: HTTP/1.1)
HTTP/1.1 200 OK
Content-Type: application/json; charset=utf-8
cache-control: no-cache
content-length: 18

11:07:06.369 [AsyncHttpClient-1-4] DEBUG org.asynchttpclient.netty.channel.ChannelManager - Adding key: http://localhost:54454 for channel [id: 0xefaf9027, L:/127.0.0.1:60517 - R:localhost/127.0.0.1:54454]
11:07:06.373 [Forwarding isElementEnabled on session 2339990bd2e8a6bff621c5e44db30bb1 to remote] DEBUG org.asynchttpclient.netty.request.NettyRequestSender - Using pooled Channel '[id: 0xefaf9027, L:/127.0.0.1:60517 - R:localhost/127.0.0.1:54454]' for 'GET' to 'http://localhost:54454/session/2339990bd2e8a6bff621c5e44db30bb1/element/512b1c8d-47b1-4d21-ba04-dc9cf226d9cd/enabled'
11:07:06.373 [Forwarding isElementEnabled on session 2339990bd2e8a6bff621c5e44db30bb1 to remote] DEBUG org.asynchttpclient.netty.request.NettyRequestSender - Using open Channel [id: 0xefaf9027, L:/127.0.0.1:60517 - R:localhost/127.0.0.1:54454] for GET '/session/2339990bd2e8a6bff621c5e44db30bb1/element/512b1c8d-47b1-4d21-ba04-dc9cf226d9cd/enabled'
11:07:06.394 [AsyncHttpClient-1-4] DEBUG org.asynchttpclient.netty.handler.HttpHandler - 

Request DefaultFullHttpRequest(decodeResult: success, version: HTTP/1.1, content: EmptyByteBufBE)
GET /session/2339990bd2e8a6bff621c5e44db30bb1/element/512b1c8d-47b1-4d21-ba04-dc9cf226d9cd/enabled HTTP/1.1
User-Agent: selenium/4.1.2 (java windows)
Cache-Control: no-cache
Content-Type: application/json; charset=utf-8
host: localhost:54454
accept: */*

Response DefaultHttpResponse(decodeResult: success, version: HTTP/1.1)
HTTP/1.1 200 OK
Content-Type: application/json; charset=utf-8
cache-control: no-cache
content-length: 14

11:07:06.395 [AsyncHttpClient-1-4] DEBUG org.asynchttpclient.netty.channel.ChannelManager - Adding key: http://localhost:54454 for channel [id: 0xefaf9027, L:/127.0.0.1:60517 - R:localhost/127.0.0.1:54454]
11:07:06.398 [Forwarding isElementEnabled on session 2339990bd2e8a6bff621c5e44db30bb1 to remote] DEBUG org.asynchttpclient.netty.request.NettyRequestSender - Using pooled Channel '[id: 0xefaf9027, L:/127.0.0.1:60517 - R:localhost/127.0.0.1:54454]' for 'GET' to 'http://localhost:54454/session/2339990bd2e8a6bff621c5e44db30bb1/element/512b1c8d-47b1-4d21-ba04-dc9cf226d9cd/enabled'
11:07:06.398 [Forwarding isElementEnabled on session 2339990bd2e8a6bff621c5e44db30bb1 to remote] DEBUG org.asynchttpclient.netty.request.NettyRequestSender - Using open Channel [id: 0xefaf9027, L:/127.0.0.1:60517 - R:localhost/127.0.0.1:54454] for GET '/session/2339990bd2e8a6bff621c5e44db30bb1/element/512b1c8d-47b1-4d21-ba04-dc9cf226d9cd/enabled'
11:07:06.411 [AsyncHttpClient-1-4] DEBUG org.asynchttpclient.netty.handler.HttpHandler - 

Request DefaultFullHttpRequest(decodeResult: success, version: HTTP/1.1, content: EmptyByteBufBE)
GET /session/2339990bd2e8a6bff621c5e44db30bb1/element/512b1c8d-47b1-4d21-ba04-dc9cf226d9cd/enabled HTTP/1.1
User-Agent: selenium/4.1.2 (java windows)
Cache-Control: no-cache
Content-Type: application/json; charset=utf-8
host: localhost:54454
accept: */*

Response DefaultHttpResponse(decodeResult: success, version: HTTP/1.1)
HTTP/1.1 200 OK
Content-Type: application/json; charset=utf-8
cache-control: no-cache
content-length: 14

11:07:06.411 [AsyncHttpClient-1-4] DEBUG org.asynchttpclient.netty.channel.ChannelManager - Adding key: http://localhost:54454 for channel [id: 0xefaf9027, L:/127.0.0.1:60517 - R:localhost/127.0.0.1:54454]
11:07:06.417 [Forwarding findElement on session 2339990bd2e8a6bff621c5e44db30bb1 to remote] DEBUG org.asynchttpclient.netty.request.NettyRequestSender - Using pooled Channel '[id: 0xefaf9027, L:/127.0.0.1:60517 - R:localhost/127.0.0.1:54454]' for 'POST' to 'http://localhost:54454/session/2339990bd2e8a6bff621c5e44db30bb1/element'
11:07:06.417 [Forwarding findElement on session 2339990bd2e8a6bff621c5e44db30bb1 to remote] DEBUG org.asynchttpclient.netty.request.NettyRequestSender - Using open Channel [id: 0xefaf9027, L:/127.0.0.1:60517 - R:localhost/127.0.0.1:54454] for POST '/session/2339990bd2e8a6bff621c5e44db30bb1/element'
11:07:06.431 [AsyncHttpClient-1-4] DEBUG org.asynchttpclient.netty.handler.HttpHandler - 

Request DefaultHttpRequest(decodeResult: success, version: HTTP/1.1)
POST /session/2339990bd2e8a6bff621c5e44db30bb1/element HTTP/1.1
User-Agent: selenium/4.1.2 (java windows)
Content-Length: 109
Content-Type: application/json; charset=utf-8
host: localhost:54454
accept: */*

Response DefaultHttpResponse(decodeResult: success, version: HTTP/1.1)
HTTP/1.1 200 OK
Content-Type: application/json; charset=utf-8
cache-control: no-cache
content-length: 88

11:07:06.432 [AsyncHttpClient-1-4] DEBUG org.asynchttpclient.netty.channel.ChannelManager - Adding key: http://localhost:54454 for channel [id: 0xefaf9027, L:/127.0.0.1:60517 - R:localhost/127.0.0.1:54454]
11:07:06.435 [Forwarding clickElement on session 2339990bd2e8a6bff621c5e44db30bb1 to remote] DEBUG org.asynchttpclient.netty.request.NettyRequestSender - Using pooled Channel '[id: 0xefaf9027, L:/127.0.0.1:60517 - R:localhost/127.0.0.1:54454]' for 'POST' to 'http://localhost:54454/session/2339990bd2e8a6bff621c5e44db30bb1/element/512b1c8d-47b1-4d21-ba04-dc9cf226d9cd/click'
11:07:06.435 [Forwarding clickElement on session 2339990bd2e8a6bff621c5e44db30bb1 to remote] DEBUG org.asynchttpclient.netty.request.NettyRequestSender - Using open Channel [id: 0xefaf9027, L:/127.0.0.1:60517 - R:localhost/127.0.0.1:54454] for POST '/session/2339990bd2e8a6bff621c5e44db30bb1/element/512b1c8d-47b1-4d21-ba04-dc9cf226d9cd/click'
11:07:06.720 [AsyncHttpClient-1-4] DEBUG org.asynchttpclient.netty.handler.HttpHandler - 

Request DefaultHttpRequest(decodeResult: success, version: HTTP/1.1)
POST /session/2339990bd2e8a6bff621c5e44db30bb1/element/512b1c8d-47b1-4d21-ba04-dc9cf226d9cd/click HTTP/1.1
User-Agent: selenium/4.1.2 (java windows)
Content-Length: 50
Content-Type: application/json; charset=utf-8
host: localhost:54454
accept: */*

Response DefaultHttpResponse(decodeResult: success, version: HTTP/1.1)
HTTP/1.1 200 OK
Content-Type: application/json; charset=utf-8
cache-control: no-cache
content-length: 14

11:07:06.720 [AsyncHttpClient-1-4] DEBUG org.asynchttpclient.netty.channel.ChannelManager - Adding key: http://localhost:54454 for channel [id: 0xefaf9027, L:/127.0.0.1:60517 - R:localhost/127.0.0.1:54454]
11:07:06.743 [Forwarding screenshot on session 2339990bd2e8a6bff621c5e44db30bb1 to remote] DEBUG org.asynchttpclient.netty.request.NettyRequestSender - Using pooled Channel '[id: 0xefaf9027, L:/127.0.0.1:60517 - R:localhost/127.0.0.1:54454]' for 'GET' to 'http://localhost:54454/session/2339990bd2e8a6bff621c5e44db30bb1/screenshot'
11:07:06.743 [Forwarding screenshot on session 2339990bd2e8a6bff621c5e44db30bb1 to remote] DEBUG org.asynchttpclient.netty.request.NettyRequestSender - Using open Channel [id: 0xefaf9027, L:/127.0.0.1:60517 - R:localhost/127.0.0.1:54454] for GET '/session/2339990bd2e8a6bff621c5e44db30bb1/screenshot'
11:07:07.113 [AsyncHttpClient-1-1] DEBUG org.asynchttpclient.netty.channel.DefaultChannelPool - Entry count for : http://localhost:60518 : 1
11:07:07.237 [AsyncHttpClient-1-4] DEBUG org.asynchttpclient.netty.handler.HttpHandler - 

Request DefaultFullHttpRequest(decodeResult: success, version: HTTP/1.1, content: EmptyByteBufBE)
GET /session/2339990bd2e8a6bff621c5e44db30bb1/screenshot HTTP/1.1
User-Agent: selenium/4.1.2 (java windows)
Cache-Control: no-cache
Content-Type: application/json; charset=utf-8
host: localhost:54454
accept: */*

Response DefaultHttpResponse(decodeResult: success, version: HTTP/1.1)
HTTP/1.1 200 OK
Content-Type: application/json; charset=utf-8
cache-control: no-cache
content-length: 46784

11:07:07.238 [AsyncHttpClient-1-4] DEBUG org.asynchttpclient.netty.channel.ChannelManager - Adding key: http://localhost:54454 for channel [id: 0xefaf9027, L:/127.0.0.1:60517 - R:localhost/127.0.0.1:54454]
11:07:07.243 [main] DEBUG net.serenitybdd.core.photography.Darkroom - Send negative for processing for target\site\serenity\8629f496e7c4dac0cce5b2bf2737aed3260bba436f070e09e2151e10e1c22e27.png
11:07:07.244 [main] DEBUG net.thucydides.core.steps.StepInterceptor - STEP DONE: clickButtonTambah
  &amp#27;[32mWhen &amp#27;[0m&amp#27;[32mClick button tambah data&amp#27;[0m                               &amp#27;[90m# starter.stepdefinitios.PatientDataSteps.clickButtonTambahData()&amp#27;[0m
11:07:07.281 [main] DEBUG net.thucydides.core.steps.StepInterceptor - STARTING STEP: DokterDataSteps.iInputDokter - inputDataPasien
11:07:07.287 [Forwarding findElement on session 2339990bd2e8a6bff621c5e44db30bb1 to remote] DEBUG org.asynchttpclient.netty.request.NettyRequestSender - Using pooled Channel '[id: 0xefaf9027, L:/127.0.0.1:60517 - R:localhost/127.0.0.1:54454]' for 'POST' to 'http://localhost:54454/session/2339990bd2e8a6bff621c5e44db30bb1/element'
11:07:07.287 [Forwarding findElement on session 2339990bd2e8a6bff621c5e44db30bb1 to remote] DEBUG org.asynchttpclient.netty.request.NettyRequestSender - Using open Channel [id: 0xefaf9027, L:/127.0.0.1:60517 - R:localhost/127.0.0.1:54454] for POST '/session/2339990bd2e8a6bff621c5e44db30bb1/element'
11:07:07.315 [AsyncHttpClient-1-4] DEBUG org.asynchttpclient.netty.handler.HttpHandler - 

Request DefaultHttpRequest(decodeResult: success, version: HTTP/1.1)
POST /session/2339990bd2e8a6bff621c5e44db30bb1/element HTTP/1.1
User-Agent: selenium/4.1.2 (java windows)
Content-Length: 166
Content-Type: application/json; charset=utf-8
host: localhost:54454
accept: */*

Response DefaultHttpResponse(decodeResult: success, version: HTTP/1.1)
HTTP/1.1 200 OK
Content-Type: application/json; charset=utf-8
cache-control: no-cache
content-length: 88

11:07:07.315 [AsyncHttpClient-1-4] DEBUG org.asynchttpclient.netty.channel.ChannelManager - Adding key: http://localhost:54454 for channel [id: 0xefaf9027, L:/127.0.0.1:60517 - R:localhost/127.0.0.1:54454]
11:07:07.318 [Forwarding sendKeysToElement on session 2339990bd2e8a6bff621c5e44db30bb1 to remote] DEBUG org.asynchttpclient.netty.request.NettyRequestSender - Using pooled Channel '[id: 0xefaf9027, L:/127.0.0.1:60517 - R:localhost/127.0.0.1:54454]' for 'POST' to 'http://localhost:54454/session/2339990bd2e8a6bff621c5e44db30bb1/element/1f8bfd93-daa7-47f4-9858-aecb15ea0fd8/value'
11:07:07.319 [Forwarding sendKeysToElement on session 2339990bd2e8a6bff621c5e44db30bb1 to remote] DEBUG org.asynchttpclient.netty.request.NettyRequestSender - Using open Channel [id: 0xefaf9027, L:/127.0.0.1:60517 - R:localhost/127.0.0.1:54454] for POST '/session/2339990bd2e8a6bff621c5e44db30bb1/element/1f8bfd93-daa7-47f4-9858-aecb15ea0fd8/value'
11:07:07.640 [AsyncHttpClient-1-4] DEBUG org.asynchttpclient.netty.handler.HttpHandler - 

Request DefaultHttpRequest(decodeResult: success, version: HTTP/1.1)
POST /session/2339990bd2e8a6bff621c5e44db30bb1/element/1f8bfd93-daa7-47f4-9858-aecb15ea0fd8/value HTTP/1.1
User-Agent: selenium/4.1.2 (java windows)
Content-Length: 131
Content-Type: application/json; charset=utf-8
host: localhost:54454
accept: */*

Response DefaultHttpResponse(decodeResult: success, version: HTTP/1.1)
HTTP/1.1 200 OK
Content-Type: application/json; charset=utf-8
cache-control: no-cache
content-length: 14

11:07:07.641 [AsyncHttpClient-1-4] DEBUG org.asynchttpclient.netty.channel.ChannelManager - Adding key: http://localhost:54454 for channel [id: 0xefaf9027, L:/127.0.0.1:60517 - R:localhost/127.0.0.1:54454]
11:07:07.649 [Forwarding findElement on session 2339990bd2e8a6bff621c5e44db30bb1 to remote] DEBUG org.asynchttpclient.netty.request.NettyRequestSender - Using pooled Channel '[id: 0xefaf9027, L:/127.0.0.1:60517 - R:localhost/127.0.0.1:54454]' for 'POST' to 'http://localhost:54454/session/2339990bd2e8a6bff621c5e44db30bb1/element'
11:07:07.649 [Forwarding findElement on session 2339990bd2e8a6bff621c5e44db30bb1 to remote] DEBUG org.asynchttpclient.netty.request.NettyRequestSender - Using open Channel [id: 0xefaf9027, L:/127.0.0.1:60517 - R:localhost/127.0.0.1:54454] for POST '/session/2339990bd2e8a6bff621c5e44db30bb1/element'
11:07:07.777 [AsyncHttpClient-1-4] DEBUG org.asynchttpclient.netty.handler.HttpHandler - 

Request DefaultHttpRequest(decodeResult: success, version: HTTP/1.1)
POST /session/2339990bd2e8a6bff621c5e44db30bb1/element HTTP/1.1
User-Agent: selenium/4.1.2 (java windows)
Content-Length: 166
Content-Type: application/json; charset=utf-8
host: localhost:54454
accept: */*

Response DefaultHttpResponse(decodeResult: success, version: HTTP/1.1)
HTTP/1.1 200 OK
Content-Type: application/json; charset=utf-8
cache-control: no-cache
content-length: 88

11:07:07.778 [AsyncHttpClient-1-4] DEBUG org.asynchttpclient.netty.channel.ChannelManager - Adding key: http://localhost:54454 for channel [id: 0xefaf9027, L:/127.0.0.1:60517 - R:localhost/127.0.0.1:54454]
11:07:07.782 [Forwarding sendKeysToElement on session 2339990bd2e8a6bff621c5e44db30bb1 to remote] DEBUG org.asynchttpclient.netty.request.NettyRequestSender - Using pooled Channel '[id: 0xefaf9027, L:/127.0.0.1:60517 - R:localhost/127.0.0.1:54454]' for 'POST' to 'http://localhost:54454/session/2339990bd2e8a6bff621c5e44db30bb1/element/76d625fe-8803-4be0-b8a4-d17a5294bd42/value'
11:07:07.783 [Forwarding sendKeysToElement on session 2339990bd2e8a6bff621c5e44db30bb1 to remote] DEBUG org.asynchttpclient.netty.request.NettyRequestSender - Using open Channel [id: 0xefaf9027, L:/127.0.0.1:60517 - R:localhost/127.0.0.1:54454] for POST '/session/2339990bd2e8a6bff621c5e44db30bb1/element/76d625fe-8803-4be0-b8a4-d17a5294bd42/value'
11:07:08.171 [AsyncHttpClient-1-4] DEBUG org.asynchttpclient.netty.handler.HttpHandler - 

Request DefaultHttpRequest(decodeResult: success, version: HTTP/1.1)
POST /session/2339990bd2e8a6bff621c5e44db30bb1/element/76d625fe-8803-4be0-b8a4-d17a5294bd42/value HTTP/1.1
User-Agent: selenium/4.1.2 (java windows)
Content-Length: 131
Content-Type: application/json; charset=utf-8
host: localhost:54454
accept: */*

Response DefaultHttpResponse(decodeResult: success, version: HTTP/1.1)
HTTP/1.1 200 OK
Content-Type: application/json; charset=utf-8
cache-control: no-cache
content-length: 14

11:07:08.172 [AsyncHttpClient-1-4] DEBUG org.asynchttpclient.netty.channel.ChannelManager - Adding key: http://localhost:54454 for channel [id: 0xefaf9027, L:/127.0.0.1:60517 - R:localhost/127.0.0.1:54454]
11:07:08.180 [Forwarding findElement on session 2339990bd2e8a6bff621c5e44db30bb1 to remote] DEBUG org.asynchttpclient.netty.request.NettyRequestSender - Using pooled Channel '[id: 0xefaf9027, L:/127.0.0.1:60517 - R:localhost/127.0.0.1:54454]' for 'POST' to 'http://localhost:54454/session/2339990bd2e8a6bff621c5e44db30bb1/element'
11:07:08.180 [Forwarding findElement on session 2339990bd2e8a6bff621c5e44db30bb1 to remote] DEBUG org.asynchttpclient.netty.request.NettyRequestSender - Using open Channel [id: 0xefaf9027, L:/127.0.0.1:60517 - R:localhost/127.0.0.1:54454] for POST '/session/2339990bd2e8a6bff621c5e44db30bb1/element'
11:07:08.215 [AsyncHttpClient-1-4] DEBUG org.asynchttpclient.netty.handler.HttpHandler - 

Request DefaultHttpRequest(decodeResult: success, version: HTTP/1.1)
POST /session/2339990bd2e8a6bff621c5e44db30bb1/element HTTP/1.1
User-Agent: selenium/4.1.2 (java windows)
Content-Length: 166
Content-Type: application/json; charset=utf-8
host: localhost:54454
accept: */*

Response DefaultHttpResponse(decodeResult: success, version: HTTP/1.1)
HTTP/1.1 200 OK
Content-Type: application/json; charset=utf-8
cache-control: no-cache
content-length: 88

11:07:08.215 [AsyncHttpClient-1-4] DEBUG org.asynchttpclient.netty.channel.ChannelManager - Adding key: http://localhost:54454 for channel [id: 0xefaf9027, L:/127.0.0.1:60517 - R:localhost/127.0.0.1:54454]
11:07:08.219 [AsyncHttpClient-1-1] DEBUG org.asynchttpclient.netty.channel.DefaultChannelPool - Entry count for : http://localhost:54454 : 1
11:07:08.219 [AsyncHttpClient-1-1] DEBUG org.asynchttpclient.netty.channel.DefaultChannelPool - Entry count for : http://localhost:60518 : 1
11:07:08.219 [Forwarding sendKeysToElement on session 2339990bd2e8a6bff621c5e44db30bb1 to remote] DEBUG org.asynchttpclient.netty.request.NettyRequestSender - Using pooled Channel '[id: 0xefaf9027, L:/127.0.0.1:60517 - R:localhost/127.0.0.1:54454]' for 'POST' to 'http://localhost:54454/session/2339990bd2e8a6bff621c5e44db30bb1/element/54f7250b-15cf-4df4-8d7f-69efbf622152/value'
11:07:08.219 [Forwarding sendKeysToElement on session 2339990bd2e8a6bff621c5e44db30bb1 to remote] DEBUG org.asynchttpclient.netty.request.NettyRequestSender - Using open Channel [id: 0xefaf9027, L:/127.0.0.1:60517 - R:localhost/127.0.0.1:54454] for POST '/session/2339990bd2e8a6bff621c5e44db30bb1/element/54f7250b-15cf-4df4-8d7f-69efbf622152/value'
11:07:08.512 [AsyncHttpClient-1-4] DEBUG org.asynchttpclient.netty.handler.HttpHandler - 

Request DefaultHttpRequest(decodeResult: success, version: HTTP/1.1)
POST /session/2339990bd2e8a6bff621c5e44db30bb1/element/54f7250b-15cf-4df4-8d7f-69efbf622152/value HTTP/1.1
User-Agent: selenium/4.1.2 (java windows)
Content-Length: 131
Content-Type: application/json; charset=utf-8
host: localhost:54454
accept: */*

Response DefaultHttpResponse(decodeResult: success, version: HTTP/1.1)
HTTP/1.1 200 OK
Content-Type: application/json; charset=utf-8
cache-control: no-cache
content-length: 14

11:07:08.512 [AsyncHttpClient-1-4] DEBUG org.asynchttpclient.netty.channel.ChannelManager - Adding key: http://localhost:54454 for channel [id: 0xefaf9027, L:/127.0.0.1:60517 - R:localhost/127.0.0.1:54454]
11:07:08.518 [Forwarding findElement on session 2339990bd2e8a6bff621c5e44db30bb1 to remote] DEBUG org.asynchttpclient.netty.request.NettyRequestSender - Using pooled Channel '[id: 0xefaf9027, L:/127.0.0.1:60517 - R:localhost/127.0.0.1:54454]' for 'POST' to 'http://localhost:54454/session/2339990bd2e8a6bff621c5e44db30bb1/element'
11:07:08.518 [Forwarding findElement on session 2339990bd2e8a6bff621c5e44db30bb1 to remote] DEBUG org.asynchttpclient.netty.request.NettyRequestSender - Using open Channel [id: 0xefaf9027, L:/127.0.0.1:60517 - R:localhost/127.0.0.1:54454] for POST '/session/2339990bd2e8a6bff621c5e44db30bb1/element'
11:07:08.548 [AsyncHttpClient-1-4] DEBUG org.asynchttpclient.netty.handler.HttpHandler - 

Request DefaultHttpRequest(decodeResult: success, version: HTTP/1.1)
POST /session/2339990bd2e8a6bff621c5e44db30bb1/element HTTP/1.1
User-Agent: selenium/4.1.2 (java windows)
Content-Length: 166
Content-Type: application/json; charset=utf-8
host: localhost:54454
accept: */*

Response DefaultHttpResponse(decodeResult: success, version: HTTP/1.1)
HTTP/1.1 200 OK
Content-Type: application/json; charset=utf-8
cache-control: no-cache
content-length: 88

11:07:08.549 [AsyncHttpClient-1-4] DEBUG org.asynchttpclient.netty.channel.ChannelManager - Adding key: http://localhost:54454 for channel [id: 0xefaf9027, L:/127.0.0.1:60517 - R:localhost/127.0.0.1:54454]
11:07:08.553 [Forwarding sendKeysToElement on session 2339990bd2e8a6bff621c5e44db30bb1 to remote] DEBUG org.asynchttpclient.netty.request.NettyRequestSender - Using pooled Channel '[id: 0xefaf9027, L:/127.0.0.1:60517 - R:localhost/127.0.0.1:54454]' for 'POST' to 'http://localhost:54454/session/2339990bd2e8a6bff621c5e44db30bb1/element/b9e86b73-8be0-48b7-943e-56ddc0d577f6/value'
11:07:08.553 [Forwarding sendKeysToElement on session 2339990bd2e8a6bff621c5e44db30bb1 to remote] DEBUG org.asynchttpclient.netty.request.NettyRequestSender - Using open Channel [id: 0xefaf9027, L:/127.0.0.1:60517 - R:localhost/127.0.0.1:54454] for POST '/session/2339990bd2e8a6bff621c5e44db30bb1/element/b9e86b73-8be0-48b7-943e-56ddc0d577f6/value'
11:07:08.680 [AsyncHttpClient-1-4] DEBUG org.asynchttpclient.netty.handler.HttpHandler - 

Request DefaultHttpRequest(decodeResult: success, version: HTTP/1.1)
POST /session/2339990bd2e8a6bff621c5e44db30bb1/element/b9e86b73-8be0-48b7-943e-56ddc0d577f6/value HTTP/1.1
User-Agent: selenium/4.1.2 (java windows)
Content-Length: 82
Content-Type: application/json; charset=utf-8
host: localhost:54454
accept: */*

Response DefaultHttpResponse(decodeResult: success, version: HTTP/1.1)
HTTP/1.1 200 OK
Content-Type: application/json; charset=utf-8
cache-control: no-cache
content-length: 14

11:07:08.680 [AsyncHttpClient-1-4] DEBUG org.asynchttpclient.netty.channel.ChannelManager - Adding key: http://localhost:54454 for channel [id: 0xefaf9027, L:/127.0.0.1:60517 - R:localhost/127.0.0.1:54454]
11:07:08.688 [Forwarding findElement on session 2339990bd2e8a6bff621c5e44db30bb1 to remote] DEBUG org.asynchttpclient.netty.request.NettyRequestSender - Using pooled Channel '[id: 0xefaf9027, L:/127.0.0.1:60517 - R:localhost/127.0.0.1:54454]' for 'POST' to 'http://localhost:54454/session/2339990bd2e8a6bff621c5e44db30bb1/element'
11:07:08.688 [Forwarding findElement on session 2339990bd2e8a6bff621c5e44db30bb1 to remote] DEBUG org.asynchttpclient.netty.request.NettyRequestSender - Using open Channel [id: 0xefaf9027, L:/127.0.0.1:60517 - R:localhost/127.0.0.1:54454] for POST '/session/2339990bd2e8a6bff621c5e44db30bb1/element'
11:07:08.719 [AsyncHttpClient-1-4] DEBUG org.asynchttpclient.netty.handler.HttpHandler - 

Request DefaultHttpRequest(decodeResult: success, version: HTTP/1.1)
POST /session/2339990bd2e8a6bff621c5e44db30bb1/element HTTP/1.1
User-Agent: selenium/4.1.2 (java windows)
Content-Length: 166
Content-Type: application/json; charset=utf-8
host: localhost:54454
accept: */*

Response DefaultHttpResponse(decodeResult: success, version: HTTP/1.1)
HTTP/1.1 200 OK
Content-Type: application/json; charset=utf-8
cache-control: no-cache
content-length: 88

11:07:08.720 [AsyncHttpClient-1-4] DEBUG org.asynchttpclient.netty.channel.ChannelManager - Adding key: http://localhost:54454 for channel [id: 0xefaf9027, L:/127.0.0.1:60517 - R:localhost/127.0.0.1:54454]
11:07:08.723 [Forwarding sendKeysToElement on session 2339990bd2e8a6bff621c5e44db30bb1 to remote] DEBUG org.asynchttpclient.netty.request.NettyRequestSender - Using pooled Channel '[id: 0xefaf9027, L:/127.0.0.1:60517 - R:localhost/127.0.0.1:54454]' for 'POST' to 'http://localhost:54454/session/2339990bd2e8a6bff621c5e44db30bb1/element/86202f64-ac7d-4496-a271-6922eda9b9a8/value'
11:07:08.723 [Forwarding sendKeysToElement on session 2339990bd2e8a6bff621c5e44db30bb1 to remote] DEBUG org.asynchttpclient.netty.request.NettyRequestSender - Using open Channel [id: 0xefaf9027, L:/127.0.0.1:60517 - R:localhost/127.0.0.1:54454] for POST '/session/2339990bd2e8a6bff621c5e44db30bb1/element/86202f64-ac7d-4496-a271-6922eda9b9a8/value'
11:07:09.134 [AsyncHttpClient-1-4] DEBUG org.asynchttpclient.netty.handler.HttpHandler - 

Request DefaultHttpRequest(decodeResult: success, version: HTTP/1.1)
POST /session/2339990bd2e8a6bff621c5e44db30bb1/element/86202f64-ac7d-4496-a271-6922eda9b9a8/value HTTP/1.1
User-Agent: selenium/4.1.2 (java windows)
Content-Length: 181
Content-Type: application/json; charset=utf-8
host: localhost:54454
accept: */*

Response DefaultHttpResponse(decodeResult: success, version: HTTP/1.1)
HTTP/1.1 200 OK
Content-Type: application/json; charset=utf-8
cache-control: no-cache
content-length: 14

11:07:09.134 [AsyncHttpClient-1-4] DEBUG org.asynchttpclient.netty.channel.ChannelManager - Adding key: http://localhost:54454 for channel [id: 0xefaf9027, L:/127.0.0.1:60517 - R:localhost/127.0.0.1:54454]
11:07:09.152 [Forwarding screenshot on session 2339990bd2e8a6bff621c5e44db30bb1 to remote] DEBUG org.asynchttpclient.netty.request.NettyRequestSender - Using pooled Channel '[id: 0xefaf9027, L:/127.0.0.1:60517 - R:localhost/127.0.0.1:54454]' for 'GET' to 'http://localhost:54454/session/2339990bd2e8a6bff621c5e44db30bb1/screenshot'
11:07:09.152 [Forwarding screenshot on session 2339990bd2e8a6bff621c5e44db30bb1 to remote] DEBUG org.asynchttpclient.netty.request.NettyRequestSender - Using open Channel [id: 0xefaf9027, L:/127.0.0.1:60517 - R:localhost/127.0.0.1:54454] for GET '/session/2339990bd2e8a6bff621c5e44db30bb1/screenshot'
11:07:09.314 [AsyncHttpClient-1-1] DEBUG org.asynchttpclient.netty.channel.DefaultChannelPool - Entry count for : http://localhost:60518 : 1
11:07:09.470 [AsyncHttpClient-1-4] DEBUG org.asynchttpclient.netty.handler.HttpHandler - 

Request DefaultFullHttpRequest(decodeResult: success, version: HTTP/1.1, content: EmptyByteBufBE)
GET /session/2339990bd2e8a6bff621c5e44db30bb1/screenshot HTTP/1.1
User-Agent: selenium/4.1.2 (java windows)
Cache-Control: no-cache
Content-Type: application/json; charset=utf-8
host: localhost:54454
accept: */*

Response DefaultHttpResponse(decodeResult: success, version: HTTP/1.1)
HTTP/1.1 200 OK
Content-Type: application/json; charset=utf-8
cache-control: no-cache
content-length: 364140

11:07:09.474 [AsyncHttpClient-1-4] DEBUG org.asynchttpclient.netty.channel.ChannelManager - Adding key: http://localhost:54454 for channel [id: 0xefaf9027, L:/127.0.0.1:60517 - R:localhost/127.0.0.1:54454]
11:07:09.498 [main] DEBUG net.serenitybdd.core.photography.Darkroom - Send negative for processing for target\site\serenity\7caa1b19596b49dba66ac63717810f0c3a6dd5bcf66c163c81b3d1c19da4b8b7.png
11:07:09.499 [main] DEBUG net.thucydides.core.steps.StepInterceptor - STEP DONE: inputDataPasien
  &amp#27;[32mThen &amp#27;[0m&amp#27;[32mI input &amp#27;[0m&amp#27;[32m&amp#27;[1m"Bagas"&amp#27;[0m&amp#27;[32m &amp#27;[0m&amp#27;[32m&amp#27;[1m"12344"&amp#27;[0m&amp#27;[32m &amp#27;[0m&amp#27;[32m&amp#27;[1m"Bedah"&amp#27;[0m&amp#27;[32m &amp#27;[0m&amp#27;[32m&amp#27;[1m""&amp#27;[0m&amp#27;[32m &amp#27;[0m&amp#27;[32m&amp#27;[1m"BagasBedah"&amp#27;[0m&amp#27;[32m dokter&amp#27;[0m &amp#27;[90m# starter.stepdefinitios.DokterDataSteps.iInputDokter(java.lang.String,java.lang.String,java.lang.String,java.lang.String,java.lang.String)&amp#27;[0m
11:07:09.500 [Darkroom Processing Line] DEBUG net.serenitybdd.core.photography.DarkroomProcessingLine - Processing screenshot image in /var/screenshots/screenshot-6603635741584570065
11:07:09.500 [Darkroom Processing Line] DEBUG net.serenitybdd.core.photography.DarkroomProcessingLine - Saving screenshot to target\site\serenity\7caa1b19596b49dba66ac63717810f0c3a6dd5bcf66c163c81b3d1c19da4b8b7.png
11:07:09.546 [main] DEBUG net.thucydides.core.steps.StepInterceptor - STARTING STEP: PatientDataSteps.clickButtonSimpan - clickButtonSave
11:07:09.555 [Forwarding findElement on session 2339990bd2e8a6bff621c5e44db30bb1 to remote] DEBUG org.asynchttpclient.netty.request.NettyRequestSender - Using pooled Channel '[id: 0xefaf9027, L:/127.0.0.1:60517 - R:localhost/127.0.0.1:54454]' for 'POST' to 'http://localhost:54454/session/2339990bd2e8a6bff621c5e44db30bb1/element'
11:07:09.555 [Forwarding findElement on session 2339990bd2e8a6bff621c5e44db30bb1 to remote] DEBUG org.asynchttpclient.netty.request.NettyRequestSender - Using open Channel [id: 0xefaf9027, L:/127.0.0.1:60517 - R:localhost/127.0.0.1:54454] for POST '/session/2339990bd2e8a6bff621c5e44db30bb1/element'
11:07:09.583 [AsyncHttpClient-1-4] DEBUG org.asynchttpclient.netty.handler.HttpHandler - 

Request DefaultHttpRequest(decodeResult: success, version: HTTP/1.1)
POST /session/2339990bd2e8a6bff621c5e44db30bb1/element HTTP/1.1
User-Agent: selenium/4.1.2 (java windows)
Content-Length: 149
Content-Type: application/json; charset=utf-8
host: localhost:54454
accept: */*

Response DefaultHttpResponse(decodeResult: success, version: HTTP/1.1)
HTTP/1.1 200 OK
Content-Type: application/json; charset=utf-8
cache-control: no-cache
content-length: 88

11:07:09.584 [AsyncHttpClient-1-4] DEBUG org.asynchttpclient.netty.channel.ChannelManager - Adding key: http://localhost:54454 for channel [id: 0xefaf9027, L:/127.0.0.1:60517 - R:localhost/127.0.0.1:54454]
11:07:09.587 [Forwarding getElementTagName on session 2339990bd2e8a6bff621c5e44db30bb1 to remote] DEBUG org.asynchttpclient.netty.request.NettyRequestSender - Using pooled Channel '[id: 0xefaf9027, L:/127.0.0.1:60517 - R:localhost/127.0.0.1:54454]' for 'GET' to 'http://localhost:54454/session/2339990bd2e8a6bff621c5e44db30bb1/element/5135c54c-dbd4-4140-b515-1dc984d0543e/name'
11:07:09.587 [Forwarding getElementTagName on session 2339990bd2e8a6bff621c5e44db30bb1 to remote] DEBUG org.asynchttpclient.netty.request.NettyRequestSender - Using open Channel [id: 0xefaf9027, L:/127.0.0.1:60517 - R:localhost/127.0.0.1:54454] for GET '/session/2339990bd2e8a6bff621c5e44db30bb1/element/5135c54c-dbd4-4140-b515-1dc984d0543e/name'
11:07:09.638 [AsyncHttpClient-1-4] DEBUG org.asynchttpclient.netty.handler.HttpHandler - 

Request DefaultFullHttpRequest(decodeResult: success, version: HTTP/1.1, content: EmptyByteBufBE)
GET /session/2339990bd2e8a6bff621c5e44db30bb1/element/5135c54c-dbd4-4140-b515-1dc984d0543e/name HTTP/1.1
User-Agent: selenium/4.1.2 (java windows)
Cache-Control: no-cache
Content-Type: application/json; charset=utf-8
host: localhost:54454
accept: */*

Response DefaultHttpResponse(decodeResult: success, version: HTTP/1.1)
HTTP/1.1 200 OK
Content-Type: application/json; charset=utf-8
cache-control: no-cache
content-length: 18

11:07:09.639 [AsyncHttpClient-1-4] DEBUG org.asynchttpclient.netty.channel.ChannelManager - Adding key: http://localhost:54454 for channel [id: 0xefaf9027, L:/127.0.0.1:60517 - R:localhost/127.0.0.1:54454]
11:07:09.646 [Forwarding getElementTagName on session 2339990bd2e8a6bff621c5e44db30bb1 to remote] DEBUG org.asynchttpclient.netty.request.NettyRequestSender - Using pooled Channel '[id: 0xefaf9027, L:/127.0.0.1:60517 - R:localhost/127.0.0.1:54454]' for 'GET' to 'http://localhost:54454/session/2339990bd2e8a6bff621c5e44db30bb1/element/5135c54c-dbd4-4140-b515-1dc984d0543e/name'
11:07:09.647 [Forwarding getElementTagName on session 2339990bd2e8a6bff621c5e44db30bb1 to remote] DEBUG org.asynchttpclient.netty.request.NettyRequestSender - Using open Channel [id: 0xefaf9027, L:/127.0.0.1:60517 - R:localhost/127.0.0.1:54454] for GET '/session/2339990bd2e8a6bff621c5e44db30bb1/element/5135c54c-dbd4-4140-b515-1dc984d0543e/name'
11:07:09.654 [AsyncHttpClient-1-4] DEBUG org.asynchttpclient.netty.handler.HttpHandler - 

Request DefaultFullHttpRequest(decodeResult: success, version: HTTP/1.1, content: EmptyByteBufBE)
GET /session/2339990bd2e8a6bff621c5e44db30bb1/element/5135c54c-dbd4-4140-b515-1dc984d0543e/name HTTP/1.1
User-Agent: selenium/4.1.2 (java windows)
Cache-Control: no-cache
Content-Type: application/json; charset=utf-8
host: localhost:54454
accept: */*

Response DefaultHttpResponse(decodeResult: success, version: HTTP/1.1)
HTTP/1.1 200 OK
Content-Type: application/json; charset=utf-8
cache-control: no-cache
content-length: 18

11:07:09.654 [AsyncHttpClient-1-4] DEBUG org.asynchttpclient.netty.channel.ChannelManager - Adding key: http://localhost:54454 for channel [id: 0xefaf9027, L:/127.0.0.1:60517 - R:localhost/127.0.0.1:54454]
11:07:09.661 [Forwarding isElementEnabled on session 2339990bd2e8a6bff621c5e44db30bb1 to remote] DEBUG org.asynchttpclient.netty.request.NettyRequestSender - Using pooled Channel '[id: 0xefaf9027, L:/127.0.0.1:60517 - R:localhost/127.0.0.1:54454]' for 'GET' to 'http://localhost:54454/session/2339990bd2e8a6bff621c5e44db30bb1/element/5135c54c-dbd4-4140-b515-1dc984d0543e/enabled'
11:07:09.662 [Forwarding isElementEnabled on session 2339990bd2e8a6bff621c5e44db30bb1 to remote] DEBUG org.asynchttpclient.netty.request.NettyRequestSender - Using open Channel [id: 0xefaf9027, L:/127.0.0.1:60517 - R:localhost/127.0.0.1:54454] for GET '/session/2339990bd2e8a6bff621c5e44db30bb1/element/5135c54c-dbd4-4140-b515-1dc984d0543e/enabled'
11:07:09.684 [AsyncHttpClient-1-4] DEBUG org.asynchttpclient.netty.handler.HttpHandler - 

Request DefaultFullHttpRequest(decodeResult: success, version: HTTP/1.1, content: EmptyByteBufBE)
GET /session/2339990bd2e8a6bff621c5e44db30bb1/element/5135c54c-dbd4-4140-b515-1dc984d0543e/enabled HTTP/1.1
User-Agent: selenium/4.1.2 (java windows)
Cache-Control: no-cache
Content-Type: application/json; charset=utf-8
host: localhost:54454
accept: */*

Response DefaultHttpResponse(decodeResult: success, version: HTTP/1.1)
HTTP/1.1 200 OK
Content-Type: application/json; charset=utf-8
cache-control: no-cache
content-length: 14

11:07:09.685 [AsyncHttpClient-1-4] DEBUG org.asynchttpclient.netty.channel.ChannelManager - Adding key: http://localhost:54454 for channel [id: 0xefaf9027, L:/127.0.0.1:60517 - R:localhost/127.0.0.1:54454]
11:07:09.687 [Forwarding isElementEnabled on session 2339990bd2e8a6bff621c5e44db30bb1 to remote] DEBUG org.asynchttpclient.netty.request.NettyRequestSender - Using pooled Channel '[id: 0xefaf9027, L:/127.0.0.1:60517 - R:localhost/127.0.0.1:54454]' for 'GET' to 'http://localhost:54454/session/2339990bd2e8a6bff621c5e44db30bb1/element/5135c54c-dbd4-4140-b515-1dc984d0543e/enabled'
11:07:09.687 [Forwarding isElementEnabled on session 2339990bd2e8a6bff621c5e44db30bb1 to remote] DEBUG org.asynchttpclient.netty.request.NettyRequestSender - Using open Channel [id: 0xefaf9027, L:/127.0.0.1:60517 - R:localhost/127.0.0.1:54454] for GET '/session/2339990bd2e8a6bff621c5e44db30bb1/element/5135c54c-dbd4-4140-b515-1dc984d0543e/enabled'
11:07:09.702 [AsyncHttpClient-1-4] DEBUG org.asynchttpclient.netty.handler.HttpHandler - 

Request DefaultFullHttpRequest(decodeResult: success, version: HTTP/1.1, content: EmptyByteBufBE)
GET /session/2339990bd2e8a6bff621c5e44db30bb1/element/5135c54c-dbd4-4140-b515-1dc984d0543e/enabled HTTP/1.1
User-Agent: selenium/4.1.2 (java windows)
Cache-Control: no-cache
Content-Type: application/json; charset=utf-8
host: localhost:54454
accept: */*

Response DefaultHttpResponse(decodeResult: success, version: HTTP/1.1)
HTTP/1.1 200 OK
Content-Type: application/json; charset=utf-8
cache-control: no-cache
content-length: 14

11:07:09.702 [AsyncHttpClient-1-4] DEBUG org.asynchttpclient.netty.channel.ChannelManager - Adding key: http://localhost:54454 for channel [id: 0xefaf9027, L:/127.0.0.1:60517 - R:localhost/127.0.0.1:54454]
11:07:09.706 [Forwarding findElement on session 2339990bd2e8a6bff621c5e44db30bb1 to remote] DEBUG org.asynchttpclient.netty.request.NettyRequestSender - Using pooled Channel '[id: 0xefaf9027, L:/127.0.0.1:60517 - R:localhost/127.0.0.1:54454]' for 'POST' to 'http://localhost:54454/session/2339990bd2e8a6bff621c5e44db30bb1/element'
11:07:09.706 [Forwarding findElement on session 2339990bd2e8a6bff621c5e44db30bb1 to remote] DEBUG org.asynchttpclient.netty.request.NettyRequestSender - Using open Channel [id: 0xefaf9027, L:/127.0.0.1:60517 - R:localhost/127.0.0.1:54454] for POST '/session/2339990bd2e8a6bff621c5e44db30bb1/element'
11:07:09.720 [AsyncHttpClient-1-4] DEBUG org.asynchttpclient.netty.handler.HttpHandler - 

Request DefaultHttpRequest(decodeResult: success, version: HTTP/1.1)
POST /session/2339990bd2e8a6bff621c5e44db30bb1/element HTTP/1.1
User-Agent: selenium/4.1.2 (java windows)
Content-Length: 149
Content-Type: application/json; charset=utf-8
host: localhost:54454
accept: */*

Response DefaultHttpResponse(decodeResult: success, version: HTTP/1.1)
HTTP/1.1 200 OK
Content-Type: application/json; charset=utf-8
cache-control: no-cache
content-length: 88

11:07:09.721 [AsyncHttpClient-1-4] DEBUG org.asynchttpclient.netty.channel.ChannelManager - Adding key: http://localhost:54454 for channel [id: 0xefaf9027, L:/127.0.0.1:60517 - R:localhost/127.0.0.1:54454]
11:07:09.724 [Forwarding clickElement on session 2339990bd2e8a6bff621c5e44db30bb1 to remote] DEBUG org.asynchttpclient.netty.request.NettyRequestSender - Using pooled Channel '[id: 0xefaf9027, L:/127.0.0.1:60517 - R:localhost/127.0.0.1:54454]' for 'POST' to 'http://localhost:54454/session/2339990bd2e8a6bff621c5e44db30bb1/element/5135c54c-dbd4-4140-b515-1dc984d0543e/click'
11:07:09.724 [Forwarding clickElement on session 2339990bd2e8a6bff621c5e44db30bb1 to remote] DEBUG org.asynchttpclient.netty.request.NettyRequestSender - Using open Channel [id: 0xefaf9027, L:/127.0.0.1:60517 - R:localhost/127.0.0.1:54454] for POST '/session/2339990bd2e8a6bff621c5e44db30bb1/element/5135c54c-dbd4-4140-b515-1dc984d0543e/click'
11:07:09.821 [AsyncHttpClient-1-4] DEBUG org.asynchttpclient.netty.handler.HttpHandler - 

Request DefaultHttpRequest(decodeResult: success, version: HTTP/1.1)
POST /session/2339990bd2e8a6bff621c5e44db30bb1/element/5135c54c-dbd4-4140-b515-1dc984d0543e/click HTTP/1.1
User-Agent: selenium/4.1.2 (java windows)
Content-Length: 50
Content-Type: application/json; charset=utf-8
host: localhost:54454
accept: */*

Response DefaultHttpResponse(decodeResult: success, version: HTTP/1.1)
HTTP/1.1 200 OK
Content-Type: application/json; charset=utf-8
cache-control: no-cache
content-length: 14

11:07:09.822 [AsyncHttpClient-1-4] DEBUG org.asynchttpclient.netty.channel.ChannelManager - Adding key: http://localhost:54454 for channel [id: 0xefaf9027, L:/127.0.0.1:60517 - R:localhost/127.0.0.1:54454]
11:07:09.848 [Forwarding screenshot on session 2339990bd2e8a6bff621c5e44db30bb1 to remote] DEBUG org.asynchttpclient.netty.request.NettyRequestSender - Using pooled Channel '[id: 0xefaf9027, L:/127.0.0.1:60517 - R:localhost/127.0.0.1:54454]' for 'GET' to 'http://localhost:54454/session/2339990bd2e8a6bff621c5e44db30bb1/screenshot'
11:07:09.848 [Forwarding screenshot on session 2339990bd2e8a6bff621c5e44db30bb1 to remote] DEBUG org.asynchttpclient.netty.request.NettyRequestSender - Using open Channel [id: 0xefaf9027, L:/127.0.0.1:60517 - R:localhost/127.0.0.1:54454] for GET '/session/2339990bd2e8a6bff621c5e44db30bb1/screenshot'
11:07:10.419 [AsyncHttpClient-1-1] DEBUG org.asynchttpclient.netty.channel.DefaultChannelPool - Entry count for : http://localhost:60518 : 1
11:07:10.480 [AsyncHttpClient-1-4] DEBUG org.asynchttpclient.netty.handler.HttpHandler - 

Request DefaultFullHttpRequest(decodeResult: success, version: HTTP/1.1, content: EmptyByteBufBE)
GET /session/2339990bd2e8a6bff621c5e44db30bb1/screenshot HTTP/1.1
User-Agent: selenium/4.1.2 (java windows)
Cache-Control: no-cache
Content-Type: application/json; charset=utf-8
host: localhost:54454
accept: */*

Response DefaultHttpResponse(decodeResult: success, version: HTTP/1.1)
HTTP/1.1 500 Internal Server Error
Content-Type: application/json; charset=utf-8
cache-control: no-cache
content-length: 882

11:07:10.480 [AsyncHttpClient-1-4] DEBUG org.asynchttpclient.netty.channel.ChannelManager - Adding key: http://localhost:54454 for channel [id: 0xefaf9027, L:/127.0.0.1:60517 - R:localhost/127.0.0.1:54454]
11:07:10.484 [main] WARN net.thucydides.core.webdriver.WebDriverFacade - Failed to take screenshot (unexpected alert open: <unknown>
  (Session info: chrome=102.0.5005.115): 
Build info: version: '4.1.2', revision: '9a5a329c5a'
System info: host: 'MOOK-HON', ip: '192.168.100.6', os.name: 'Windows 10', os.arch: 'amd64', os.version: '10.0', java.version: '11.0.14'
Driver info: org.openqa.selenium.chrome.ChromeDriver
Command: [2339990bd2e8a6bff621c5e44db30bb1, screenshot {}]
Capabilities {acceptInsecureCerts: false, browserName: chrome, browserVersion: 102.0.5005.115, chrome: {chromedriverVersion: 102.0.5005.61 (0e59bcc00cc4..., userDataDir: C:\Users\ASUS\AppData\Local...}, goog:chromeOptions: {debuggerAddress: localhost:60518}, javascriptEnabled: true, networkConnectionEnabled: false, pageLoadStrategy: normal, platform: WINDOWS, platformName: WINDOWS, proxy: Proxy(), se:cdp: ws://localhost:60518/devtoo..., se:cdpVersion: 102.0.5005.115, setWindowRect: true, strictFileInteractability: false, timeouts: {implicit: 0, pageLoad: 300000, script: 30000}, unhandledPromptBehavior: dismiss and notify, webauthn:extension:credBlob: true, webauthn:extension:largeBlob: true, webauthn:virtualAuthenticators: true}
Session ID: 2339990bd2e8a6bff621c5e44db30bb1)
11:07:10.484 [main] DEBUG net.thucydides.core.steps.StepInterceptor - STEP DONE: clickButtonSave
  &amp#27;[32mAnd &amp#27;[0m&amp#27;[32mClick button simpan&amp#27;[0m                                     &amp#27;[90m# starter.stepdefinitios.PatientDataSteps.clickButtonSimpan()&amp#27;[0m
11:07:10.520 [Forwarding screenshot on session 2339990bd2e8a6bff621c5e44db30bb1 to remote] DEBUG org.asynchttpclient.netty.request.NettyRequestSender - Using pooled Channel '[id: 0xefaf9027, L:/127.0.0.1:60517 - R:localhost/127.0.0.1:54454]' for 'GET' to 'http://localhost:54454/session/2339990bd2e8a6bff621c5e44db30bb1/screenshot'
11:07:10.520 [Forwarding screenshot on session 2339990bd2e8a6bff621c5e44db30bb1 to remote] DEBUG org.asynchttpclient.netty.request.NettyRequestSender - Using open Channel [id: 0xefaf9027, L:/127.0.0.1:60517 - R:localhost/127.0.0.1:54454] for GET '/session/2339990bd2e8a6bff621c5e44db30bb1/screenshot'
11:07:10.562 [AsyncHttpClient-1-4] DEBUG org.asynchttpclient.netty.handler.HttpHandler - 

Request DefaultFullHttpRequest(decodeResult: success, version: HTTP/1.1, content: EmptyByteBufBE)
GET /session/2339990bd2e8a6bff621c5e44db30bb1/screenshot HTTP/1.1
User-Agent: selenium/4.1.2 (java windows)
Cache-Control: no-cache
Content-Type: application/json; charset=utf-8
host: localhost:54454
accept: */*

Response DefaultHttpResponse(decodeResult: success, version: HTTP/1.1)
HTTP/1.1 500 Internal Server Error
Content-Type: application/json; charset=utf-8
cache-control: no-cache
content-length: 921

11:07:10.563 [AsyncHttpClient-1-4] DEBUG org.asynchttpclient.netty.channel.ChannelManager - Adding key: http://localhost:54454 for channel [id: 0xefaf9027, L:/127.0.0.1:60517 - R:localhost/127.0.0.1:54454]
11:07:10.566 [main] WARN net.thucydides.core.webdriver.WebDriverFacade - Failed to take screenshot (unexpected alert open: {Alert text : Data telah ditambah}
  (Session info: chrome=102.0.5005.115): Data telah ditambah
Build info: version: '4.1.2', revision: '9a5a329c5a'
System info: host: 'MOOK-HON', ip: '192.168.100.6', os.name: 'Windows 10', os.arch: 'amd64', os.version: '10.0', java.version: '11.0.14'
Driver info: org.openqa.selenium.chrome.ChromeDriver
Command: [2339990bd2e8a6bff621c5e44db30bb1, screenshot {}]
Capabilities {acceptInsecureCerts: false, browserName: chrome, browserVersion: 102.0.5005.115, chrome: {chromedriverVersion: 102.0.5005.61 (0e59bcc00cc4..., userDataDir: C:\Users\ASUS\AppData\Local...}, goog:chromeOptions: {debuggerAddress: localhost:60518}, javascriptEnabled: true, networkConnectionEnabled: false, pageLoadStrategy: normal, platform: WINDOWS, platformName: WINDOWS, proxy: Proxy(), se:cdp: ws://localhost:60518/devtoo..., se:cdpVersion: 102.0.5005.115, setWindowRect: true, strictFileInteractability: false, timeouts: {implicit: 0, pageLoad: 300000, script: 30000}, unhandledPromptBehavior: dismiss and notify, webauthn:extension:credBlob: true, webauthn:extension:largeBlob: true, webauthn:virtualAuthenticators: true}
Session ID: 2339990bd2e8a6bff621c5e44db30bb1)
11:07:10.598 [Forwarding screenshot on session 2339990bd2e8a6bff621c5e44db30bb1 to remote] DEBUG org.asynchttpclient.netty.request.NettyRequestSender - Using pooled Channel '[id: 0xefaf9027, L:/127.0.0.1:60517 - R:localhost/127.0.0.1:54454]' for 'GET' to 'http://localhost:54454/session/2339990bd2e8a6bff621c5e44db30bb1/screenshot'
11:07:10.598 [Forwarding screenshot on session 2339990bd2e8a6bff621c5e44db30bb1 to remote] DEBUG org.asynchttpclient.netty.request.NettyRequestSender - Using open Channel [id: 0xefaf9027, L:/127.0.0.1:60517 - R:localhost/127.0.0.1:54454] for GET '/session/2339990bd2e8a6bff621c5e44db30bb1/screenshot'
11:07:11.184 [AsyncHttpClient-1-4] DEBUG org.asynchttpclient.netty.handler.HttpHandler - 

Request DefaultFullHttpRequest(decodeResult: success, version: HTTP/1.1, content: EmptyByteBufBE)
GET /session/2339990bd2e8a6bff621c5e44db30bb1/screenshot HTTP/1.1
User-Agent: selenium/4.1.2 (java windows)
Cache-Control: no-cache
Content-Type: application/json; charset=utf-8
host: localhost:54454
accept: */*

Response DefaultHttpResponse(decodeResult: success, version: HTTP/1.1)
HTTP/1.1 200 OK
Content-Type: application/json; charset=utf-8
cache-control: no-cache
content-length: 71412

11:07:11.185 [AsyncHttpClient-1-4] DEBUG org.asynchttpclient.netty.channel.ChannelManager - Adding key: http://localhost:54454 for channel [id: 0xefaf9027, L:/127.0.0.1:60517 - R:localhost/127.0.0.1:54454]
11:07:11.194 [main] DEBUG net.serenitybdd.core.photography.Darkroom - Send negative for processing for target\site\serenity\641553ea0c7ee1350e9d99c43bd8b22ab0037bbbf11d544d65f62061eb96ca5a.png
11:07:11.514 [AsyncHttpClient-1-1] DEBUG org.asynchttpclient.netty.channel.DefaultChannelPool - Entry count for : http://localhost:54454 : 1
11:07:11.514 [AsyncHttpClient-1-1] DEBUG org.asynchttpclient.netty.channel.DefaultChannelPool - Entry count for : http://localhost:60518 : 1
11:07:11.731 [Forwarding screenshot on session 2339990bd2e8a6bff621c5e44db30bb1 to remote] DEBUG org.asynchttpclient.netty.request.NettyRequestSender - Using pooled Channel '[id: 0xefaf9027, L:/127.0.0.1:60517 - R:localhost/127.0.0.1:54454]' for 'GET' to 'http://localhost:54454/session/2339990bd2e8a6bff621c5e44db30bb1/screenshot'
11:07:11.731 [Forwarding screenshot on session 2339990bd2e8a6bff621c5e44db30bb1 to remote] DEBUG org.asynchttpclient.netty.request.NettyRequestSender - Using open Channel [id: 0xefaf9027, L:/127.0.0.1:60517 - R:localhost/127.0.0.1:54454] for GET '/session/2339990bd2e8a6bff621c5e44db30bb1/screenshot'
11:07:11.964 [AsyncHttpClient-1-4] DEBUG org.asynchttpclient.netty.handler.HttpHandler - 

Request DefaultFullHttpRequest(decodeResult: success, version: HTTP/1.1, content: EmptyByteBufBE)
GET /session/2339990bd2e8a6bff621c5e44db30bb1/screenshot HTTP/1.1
User-Agent: selenium/4.1.2 (java windows)
Cache-Control: no-cache
Content-Type: application/json; charset=utf-8
host: localhost:54454
accept: */*

Response DefaultHttpResponse(decodeResult: success, version: HTTP/1.1)
HTTP/1.1 200 OK
Content-Type: application/json; charset=utf-8
cache-control: no-cache
content-length: 78544

11:07:11.966 [AsyncHttpClient-1-4] DEBUG org.asynchttpclient.netty.channel.ChannelManager - Adding key: http://localhost:54454 for channel [id: 0xefaf9027, L:/127.0.0.1:60517 - R:localhost/127.0.0.1:54454]
11:07:11.979 [main] DEBUG net.serenitybdd.core.photography.Darkroom - Send negative for processing for target\site\serenity\6779ea98cda81ccd11dff008b9113c427d9ecbfafd43336b33ab685d9ed2a505.png
11:07:11.980 [main] DEBUG net.thucydides.core.steps.StepInterceptor - STARTING STEP: DokterDataSteps.validDataDokter - validPagePasien
11:07:11.989 [Forwarding findElement on session 2339990bd2e8a6bff621c5e44db30bb1 to remote] DEBUG org.asynchttpclient.netty.request.NettyRequestSender - Using pooled Channel '[id: 0xefaf9027, L:/127.0.0.1:60517 - R:localhost/127.0.0.1:54454]' for 'POST' to 'http://localhost:54454/session/2339990bd2e8a6bff621c5e44db30bb1/element'
11:07:11.989 [Forwarding findElement on session 2339990bd2e8a6bff621c5e44db30bb1 to remote] DEBUG org.asynchttpclient.netty.request.NettyRequestSender - Using open Channel [id: 0xefaf9027, L:/127.0.0.1:60517 - R:localhost/127.0.0.1:54454] for POST '/session/2339990bd2e8a6bff621c5e44db30bb1/element'
11:07:12.032 [AsyncHttpClient-1-4] DEBUG org.asynchttpclient.netty.handler.HttpHandler - 

Request DefaultHttpRequest(decodeResult: success, version: HTTP/1.1)
POST /session/2339990bd2e8a6bff621c5e44db30bb1/element HTTP/1.1
User-Agent: selenium/4.1.2 (java windows)
Content-Length: 138
Content-Type: application/json; charset=utf-8
host: localhost:54454
accept: */*

Response DefaultHttpResponse(decodeResult: success, version: HTTP/1.1)
HTTP/1.1 200 OK
Content-Type: application/json; charset=utf-8
cache-control: no-cache
content-length: 88

11:07:12.032 [AsyncHttpClient-1-4] DEBUG org.asynchttpclient.netty.channel.ChannelManager - Adding key: http://localhost:54454 for channel [id: 0xefaf9027, L:/127.0.0.1:60517 - R:localhost/127.0.0.1:54454]
11:07:12.035 [Forwarding isElementEnabled on session 2339990bd2e8a6bff621c5e44db30bb1 to remote] DEBUG org.asynchttpclient.netty.request.NettyRequestSender - Using pooled Channel '[id: 0xefaf9027, L:/127.0.0.1:60517 - R:localhost/127.0.0.1:54454]' for 'GET' to 'http://localhost:54454/session/2339990bd2e8a6bff621c5e44db30bb1/element/40126447-cd65-4782-b75c-4b02a4feff18/enabled'
11:07:12.035 [Forwarding isElementEnabled on session 2339990bd2e8a6bff621c5e44db30bb1 to remote] DEBUG org.asynchttpclient.netty.request.NettyRequestSender - Using open Channel [id: 0xefaf9027, L:/127.0.0.1:60517 - R:localhost/127.0.0.1:54454] for GET '/session/2339990bd2e8a6bff621c5e44db30bb1/element/40126447-cd65-4782-b75c-4b02a4feff18/enabled'
11:07:12.063 [AsyncHttpClient-1-4] DEBUG org.asynchttpclient.netty.handler.HttpHandler - 

Request DefaultFullHttpRequest(decodeResult: success, version: HTTP/1.1, content: EmptyByteBufBE)
GET /session/2339990bd2e8a6bff621c5e44db30bb1/element/40126447-cd65-4782-b75c-4b02a4feff18/enabled HTTP/1.1
User-Agent: selenium/4.1.2 (java windows)
Cache-Control: no-cache
Content-Type: application/json; charset=utf-8
host: localhost:54454
accept: */*

Response DefaultHttpResponse(decodeResult: success, version: HTTP/1.1)
HTTP/1.1 200 OK
Content-Type: application/json; charset=utf-8
cache-control: no-cache
content-length: 14

11:07:12.063 [AsyncHttpClient-1-4] DEBUG org.asynchttpclient.netty.channel.ChannelManager - Adding key: http://localhost:54454 for channel [id: 0xefaf9027, L:/127.0.0.1:60517 - R:localhost/127.0.0.1:54454]
11:07:12.078 [Forwarding screenshot on session 2339990bd2e8a6bff621c5e44db30bb1 to remote] DEBUG org.asynchttpclient.netty.request.NettyRequestSender - Using pooled Channel '[id: 0xefaf9027, L:/127.0.0.1:60517 - R:localhost/127.0.0.1:54454]' for 'GET' to 'http://localhost:54454/session/2339990bd2e8a6bff621c5e44db30bb1/screenshot'
11:07:12.078 [Forwarding screenshot on session 2339990bd2e8a6bff621c5e44db30bb1 to remote] DEBUG org.asynchttpclient.netty.request.NettyRequestSender - Using open Channel [id: 0xefaf9027, L:/127.0.0.1:60517 - R:localhost/127.0.0.1:54454] for GET '/session/2339990bd2e8a6bff621c5e44db30bb1/screenshot'
11:07:12.266 [AsyncHttpClient-1-4] DEBUG org.asynchttpclient.netty.handler.HttpHandler - 

Request DefaultFullHttpRequest(decodeResult: success, version: HTTP/1.1, content: EmptyByteBufBE)
GET /session/2339990bd2e8a6bff621c5e44db30bb1/screenshot HTTP/1.1
User-Agent: selenium/4.1.2 (java windows)
Cache-Control: no-cache
Content-Type: application/json; charset=utf-8
host: localhost:54454
accept: */*

Response DefaultHttpResponse(decodeResult: success, version: HTTP/1.1)
HTTP/1.1 200 OK
Content-Type: application/json; charset=utf-8
cache-control: no-cache
content-length: 78544

11:07:12.267 [AsyncHttpClient-1-4] DEBUG org.asynchttpclient.netty.channel.ChannelManager - Adding key: http://localhost:54454 for channel [id: 0xefaf9027, L:/127.0.0.1:60517 - R:localhost/127.0.0.1:54454]
11:07:12.275 [main] DEBUG net.serenitybdd.core.photography.Darkroom - Send negative for processing for target\site\serenity\6779ea98cda81ccd11dff008b9113c427d9ecbfafd43336b33ab685d9ed2a505.png
11:07:12.276 [main] DEBUG net.thucydides.core.steps.StepInterceptor - STEP DONE: validPagePasien
  &amp#27;[32mAnd &amp#27;[0m&amp#27;[32mValid data dokter&amp#27;[0m                                       &amp#27;[90m# starter.stepdefinitios.DokterDataSteps.validDataDokter()&amp#27;[0m
11:07:12.310 [AsyncHttpClient-1-6] DEBUG org.asynchttpclient.netty.handler.WebSocketHandler - Channel Closed: [id: 0x75ee26b7, L:/127.0.0.1:60528 ! R:localhost/127.0.0.1:60518] with attribute NettyResponseFuture{currentRetry=5,
	isDone=1,
	isCancelled=0,
	asyncHandler=org.asynchttpclient.ws.WebSocketUpgradeHandler@28781651,
	nettyRequest=org.asynchttpclient.netty.request.NettyRequest@4c0b26a9,
	future=java.util.concurrent.CompletableFuture@36797596[Completed normally],
	uri=ws://localhost:60518/devtools/browser/085236b6-1b16-4e8d-b729-2adabbdf14a3,
	keepAlive=true,
	redirectCount=0,
	timeoutsHolder=null,
	inAuth=0,
	touch=1655525223072}
11:07:12.311 [AsyncHttpClient-1-6] DEBUG org.asynchttpclient.netty.channel.ChannelManager - Closing Channel [id: 0x75ee26b7, L:/127.0.0.1:60528 ! R:localhost/127.0.0.1:60518] 
11:07:12.394 [Driver Command Executor] DEBUG org.asynchttpclient.netty.request.NettyRequestSender - Using pooled Channel '[id: 0xefaf9027, L:/127.0.0.1:60517 - R:localhost/127.0.0.1:54454]' for 'DELETE' to 'http://localhost:54454/session/2339990bd2e8a6bff621c5e44db30bb1'
11:07:12.394 [Driver Command Executor] DEBUG org.asynchttpclient.netty.request.NettyRequestSender - Using open Channel [id: 0xefaf9027, L:/127.0.0.1:60517 - R:localhost/127.0.0.1:54454] for DELETE '/session/2339990bd2e8a6bff621c5e44db30bb1'
11:07:12.643 [AsyncHttpClient-1-1] DEBUG org.asynchttpclient.netty.channel.DefaultChannelPool - Entry count for : http://localhost:60518 : 1
11:07:12.848 [AsyncHttpClient-1-5] DEBUG org.asynchttpclient.netty.handler.HttpHandler - Unexpected I/O exception on channel [id: 0x32b870a6, L:/127.0.0.1:60527 - R:localhost/127.0.0.1:60518]
java.io.IOException: An existing connection was forcibly closed by the remote host
	at java.base/sun.nio.ch.SocketDispatcher.read0(Native Method)
	at java.base/sun.nio.ch.SocketDispatcher.read(SocketDispatcher.java:43)
	at java.base/sun.nio.ch.IOUtil.readIntoNativeBuffer(IOUtil.java:276)
	at java.base/sun.nio.ch.IOUtil.read(IOUtil.java:233)
	at java.base/sun.nio.ch.IOUtil.read(IOUtil.java:223)
	at java.base/sun.nio.ch.SocketChannelImpl.read(SocketChannelImpl.java:358)
	at io.netty.buffer.PooledByteBuf.setBytes(PooledByteBuf.java:258)
	at io.netty.buffer.AbstractByteBuf.writeBytes(AbstractByteBuf.java:1132)
	at io.netty.channel.socket.nio.NioSocketChannel.doReadBytes(NioSocketChannel.java:350)
	at io.netty.channel.nio.AbstractNioByteChannel$NioByteUnsafe.read(AbstractNioByteChannel.java:151)
	at io.netty.channel.nio.NioEventLoop.processSelectedKey(NioEventLoop.java:722)
	at io.netty.channel.nio.NioEventLoop.processSelectedKeysOptimized(NioEventLoop.java:658)
	at io.netty.channel.nio.NioEventLoop.processSelectedKeys(NioEventLoop.java:584)
	at io.netty.channel.nio.NioEventLoop.run(NioEventLoop.java:496)
	at io.netty.util.concurrent.SingleThreadEventExecutor$4.run(SingleThreadEventExecutor.java:986)
	at io.netty.util.internal.ThreadExecutorMap$2.run(ThreadExecutorMap.java:74)
	at io.netty.util.concurrent.FastThreadLocalRunnable.run(FastThreadLocalRunnable.java:30)
	at java.base/java.lang.Thread.run(Thread.java:834)
11:07:12.848 [AsyncHttpClient-1-5] DEBUG org.asynchttpclient.netty.channel.ChannelManager - Closing Channel [id: 0x32b870a6, L:/127.0.0.1:60527 - R:localhost/127.0.0.1:60518] 
11:07:12.849 [AsyncHttpClient-1-5] DEBUG org.asynchttpclient.netty.handler.HttpHandler - Channel Closed: [id: 0x32b870a6, L:/127.0.0.1:60527 ! R:localhost/127.0.0.1:60518] with attribute DISCARD
11:07:12.979 [AsyncHttpClient-1-4] DEBUG org.asynchttpclient.netty.handler.HttpHandler - 

Request DefaultFullHttpRequest(decodeResult: success, version: HTTP/1.1, content: EmptyByteBufBE)
DELETE /session/2339990bd2e8a6bff621c5e44db30bb1 HTTP/1.1
User-Agent: selenium/4.1.2 (java windows)
Content-Type: application/json; charset=utf-8
host: localhost:54454
accept: */*

Response DefaultHttpResponse(decodeResult: success, version: HTTP/1.1)
HTTP/1.1 200 OK
Content-Type: application/json; charset=utf-8
cache-control: no-cache
content-length: 14

11:07:12.980 [AsyncHttpClient-1-4] DEBUG org.asynchttpclient.netty.channel.ChannelManager - Adding key: http://localhost:54454 for channel [id: 0xefaf9027, L:/127.0.0.1:60517 - R:localhost/127.0.0.1:54454]
11:07:13.379 [AsyncHttpClient-1-4] DEBUG org.asynchttpclient.netty.handler.HttpHandler - Channel Closed: [id: 0xefaf9027, L:/127.0.0.1:60517 ! R:localhost/127.0.0.1:54454] with attribute DISCARD
11:07:13.721 [AsyncHttpClient-1-1] DEBUG org.asynchttpclient.netty.channel.DefaultChannelPool - Entry count for : http://localhost:54454 : 1
11:07:13.721 [AsyncHttpClient-1-1] DEBUG org.asynchttpclient.netty.channel.DefaultChannelPool - Entry count for : http://localhost:60518 : 1
11:07:13.721 [AsyncHttpClient-1-1] DEBUG org.asynchttpclient.netty.channel.DefaultChannelPool - Adding Candidate expired Channel [id: 0xefaf9027, L:/127.0.0.1:60517 ! R:localhost/127.0.0.1:54454] isIdleTimeoutExpired=false isRemotelyClosed=true isTtlExpired=false
11:07:13.721 [AsyncHttpClient-1-1] DEBUG org.asynchttpclient.netty.channel.DefaultChannelPool - Closing Idle Channel [id: 0xefaf9027, L:/127.0.0.1:60517 ! R:localhost/127.0.0.1:54454]
11:07:13.721 [AsyncHttpClient-1-1] DEBUG org.asynchttpclient.netty.channel.DefaultChannelPool - Adding Candidate expired Channel [id: 0x32b870a6, L:/127.0.0.1:60527 ! R:localhost/127.0.0.1:60518] isIdleTimeoutExpired=false isRemotelyClosed=true isTtlExpired=false
11:07:13.721 [AsyncHttpClient-1-1] DEBUG org.asynchttpclient.netty.channel.DefaultChannelPool - Closing Idle Channel [id: 0x32b870a6, L:/127.0.0.1:60527 ! R:localhost/127.0.0.1:60518]
11:07:13.721 [AsyncHttpClient-1-1] DEBUG org.asynchttpclient.netty.channel.DefaultChannelPool - Closed 2 connections out of 2 in 0 ms
]]></system-out>
    <system-err><![CDATA[Starting ChromeDriver 102.0.5005.61 (0e59bcc00cc4985ce39ad31c150065f159d95ad3-refs/branch-heads/5005@{#819}) on port 54454
Only local connections are allowed.
Please see https://chromedriver.chromium.org/security-considerations for suggestions on keeping ChromeDriver safe.
ChromeDriver was started successfully.
Jun 18, 2022 11:07:03 AM org.openqa.selenium.remote.ProtocolHandshake createSession
INFO: Detected dialect: W3C
Jun 18, 2022 11:07:03 AM org.openqa.selenium.devtools.CdpVersionFinder findNearestMatch
WARNING: Unable to find an exact match for CDP version 102, so returning the closest version found: a no-op implementation
Jun 18, 2022 11:07:03 AM org.openqa.selenium.devtools.CdpVersionFinder findNearestMatch
INFO: Unable to find CDP implementation matching 102.
Jun 18, 2022 11:07:03 AM org.openqa.selenium.chromium.ChromiumDriver lambda$new$3
WARNING: Unable to find version of CDP to use for . You may need to include a dependency on a specific version of the CDP using something similar to `org.seleniumhq.selenium:selenium-devtools-v86:4.1.2` where the version ("v86") matches the version of the chromium-based browser you're using and the version number of the artifact is the same as Selenium's.
[1655525230.471][WARNING]: unexpected alert open: {Alert text : Data telah ditambah}, cancelling screenshot
]]></system-err>
  </testcase>
  <testcase name="As a admin i want to add data dokter #6" classname="Data Dokter Admin" time="12.882">
    <system-out><![CDATA[
@DataDokter @AddDokterData
Scenario Outline: As a admin i want to add data dokter        &amp#27;[90m# src/test/resources/features/2DataDokter.feature:30&amp#27;[0m
11:07:13.943 [main] INFO io.cucumber.core.plugin.SerenityReporter - Running feature from file:///D:/New%20folder%20(2)/Capstone/Testing/src/test/resources/features/2DataDokter.feature
11:07:14.008 [main] DEBUG net.thucydides.core.steps.StepInterceptor - STARTING STEP: DokterDataSteps.openPageDataDokter - openDataDokter
11:07:14.011 [main] INFO net.serenitybdd.core.webdriver.driverproviders.ChromeDriverProvider - Using automatically driver download
11:07:14.281 [main] DEBUG io.github.bonigarcia.wdm.cache.ResolutionCache - Resolution chrome=102 in cache (valid until 11:10:23 18/06/2022 ICT)
11:07:14.305 [main] DEBUG io.github.bonigarcia.wdm.cache.ResolutionCache - Resolution chrome102=102.0.5005.61 in cache (valid until 19:49:35 18/06/2022 ICT)
11:07:14.314 [main] INFO io.github.bonigarcia.wdm.WebDriverManager - Using chromedriver 102.0.5005.61 (resolved driver for Chrome 102)
11:07:14.365 [main] DEBUG io.github.bonigarcia.wdm.WebDriverManager - Driver chromedriver 102.0.5005.61 found in cache
11:07:14.368 [main] INFO io.github.bonigarcia.wdm.WebDriverManager - Exporting webdriver.chrome.driver as C:\Users\ASUS\.cache\selenium\chromedriver\win32\102.0.5005.61\chromedriver.exe
11:07:14.682 [main] DEBUG net.serenitybdd.core.webdriver.driverproviders.ProvideNewDriver - Instantiating driver
11:07:14.682 [main] DEBUG net.serenitybdd.core.webdriver.driverproviders.ProvideNewDriver - Driver capabilities: Capabilities {acceptInsecureCerts: false, base.url: https://fanciful-trifle-360..., browserName: chrome, chore.driver: src/test/resources/webdrive..., driver: chrome, goog:chromeOptions: {args: [], extensions: []}}
11:07:15.253 [AsyncHttpClient-1-7] DEBUG org.asynchttpclient.netty.channel.NettyConnectListener - Using new Channel '[id: 0x56946579, L:/127.0.0.1:60552 - R:localhost/127.0.0.1:52473]' for 'POST' to '/session'
11:07:17.215 [AsyncHttpClient-1-7] DEBUG org.asynchttpclient.netty.handler.HttpHandler - 

Request DefaultHttpRequest(decodeResult: success, version: HTTP/1.1)
POST /session HTTP/1.1
User-Agent: selenium/4.1.2 (java windows)
Content-Length: 628
Content-Type: application/json; charset=utf-8
host: localhost:52473
accept: */*

Response DefaultHttpResponse(decodeResult: success, version: HTTP/1.1)
HTTP/1.1 200 OK
Content-Type: application/json; charset=utf-8
cache-control: no-cache
content-length: 789

11:07:17.216 [AsyncHttpClient-1-7] DEBUG org.asynchttpclient.netty.channel.ChannelManager - Adding key: http://localhost:52473 for channel [id: 0x56946579, L:/127.0.0.1:60552 - R:localhost/127.0.0.1:52473]
11:07:17.268 [AsyncHttpClient-1-8] DEBUG org.asynchttpclient.netty.channel.NettyConnectListener - Using new Channel '[id: 0xaa656e4e, L:/127.0.0.1:60564 - R:localhost/127.0.0.1:60553]' for 'GET' to '/json/version'
11:07:17.275 [AsyncHttpClient-1-8] DEBUG org.asynchttpclient.netty.handler.HttpHandler - 

Request DefaultFullHttpRequest(decodeResult: success, version: HTTP/1.1, content: EmptyByteBufBE)
GET /json/version HTTP/1.1
User-Agent: selenium/4.1.2 (java windows)
host: localhost:60553
accept: */*

Response DefaultHttpResponse(decodeResult: success, version: HTTP/1.1)
HTTP/1.1 200 OK
Content-Type: application/json; charset=UTF-8
content-length: 428

11:07:17.276 [AsyncHttpClient-1-8] DEBUG org.asynchttpclient.netty.channel.ChannelManager - Adding key: http://localhost:60553 for channel [id: 0xaa656e4e, L:/127.0.0.1:60564 - R:localhost/127.0.0.1:60553]
11:07:17.287 [AsyncHttpClient-1-9] DEBUG org.asynchttpclient.netty.channel.NettyConnectListener - Using new Channel '[id: 0x6dcf3d28, L:/127.0.0.1:60565 - R:localhost/127.0.0.1:60553]' for 'GET' to '/devtools/browser/478f4b17-5186-4513-8bc8-1142b5227cf9'
11:07:17.289 [AsyncHttpClient-1-9] DEBUG org.asynchttpclient.netty.handler.WebSocketHandler - 

Request DefaultFullHttpRequest(decodeResult: success, version: HTTP/1.1, content: EmptyByteBufBE)
GET /devtools/browser/478f4b17-5186-4513-8bc8-1142b5227cf9 HTTP/1.1
upgrade: websocket
connection: upgrade
sec-websocket-key: SQ7hWjnKNazt0EQui3j5fw==
sec-websocket-version: 13
origin: http://localhost:60553
host: localhost:60553
accept: */*
user-agent: AHC/2.1

Response DefaultHttpResponse(decodeResult: success, version: HTTP/1.1)
HTTP/1.1 101 WebSocket Protocol Handshake
Upgrade: WebSocket
Connection: Upgrade
Sec-WebSocket-Accept: UGPAUFnwyn66ovPhxrqJlG1afg0=

11:07:17.348 [Forwarding get on session 40eca24c4f7d45aa26ee0a29806203cc to remote] DEBUG org.asynchttpclient.netty.request.NettyRequestSender - Using pooled Channel '[id: 0x56946579, L:/127.0.0.1:60552 - R:localhost/127.0.0.1:52473]' for 'POST' to 'http://localhost:52473/session/40eca24c4f7d45aa26ee0a29806203cc/url'
11:07:17.349 [Forwarding get on session 40eca24c4f7d45aa26ee0a29806203cc to remote] DEBUG org.asynchttpclient.netty.request.NettyRequestSender - Using open Channel [id: 0x56946579, L:/127.0.0.1:60552 - R:localhost/127.0.0.1:52473] for POST '/session/40eca24c4f7d45aa26ee0a29806203cc/url'
11:07:18.117 [AsyncHttpClient-1-1] DEBUG org.asynchttpclient.netty.channel.DefaultChannelPool - Entry count for : http://localhost:60553 : 1
11:07:18.753 [AsyncHttpClient-1-7] DEBUG org.asynchttpclient.netty.handler.HttpHandler - 

Request DefaultHttpRequest(decodeResult: success, version: HTTP/1.1)
POST /session/40eca24c4f7d45aa26ee0a29806203cc/url HTTP/1.1
User-Agent: selenium/4.1.2 (java windows)
Content-Length: 84
Content-Type: application/json; charset=utf-8
host: localhost:52473
accept: */*

Response DefaultHttpResponse(decodeResult: success, version: HTTP/1.1)
HTTP/1.1 200 OK
Content-Type: application/json; charset=utf-8
cache-control: no-cache
content-length: 14

11:07:18.753 [AsyncHttpClient-1-7] DEBUG org.asynchttpclient.netty.channel.ChannelManager - Adding key: http://localhost:52473 for channel [id: 0x56946579, L:/127.0.0.1:60552 - R:localhost/127.0.0.1:52473]
11:07:18.762 [Forwarding setTimeout on session 40eca24c4f7d45aa26ee0a29806203cc to remote] DEBUG org.asynchttpclient.netty.request.NettyRequestSender - Using pooled Channel '[id: 0x56946579, L:/127.0.0.1:60552 - R:localhost/127.0.0.1:52473]' for 'POST' to 'http://localhost:52473/session/40eca24c4f7d45aa26ee0a29806203cc/timeouts'
11:07:18.762 [Forwarding setTimeout on session 40eca24c4f7d45aa26ee0a29806203cc to remote] DEBUG org.asynchttpclient.netty.request.NettyRequestSender - Using open Channel [id: 0x56946579, L:/127.0.0.1:60552 - R:localhost/127.0.0.1:52473] for POST '/session/40eca24c4f7d45aa26ee0a29806203cc/timeouts'
11:07:18.767 [AsyncHttpClient-1-7] DEBUG org.asynchttpclient.netty.handler.HttpHandler - 

Request DefaultHttpRequest(decodeResult: success, version: HTTP/1.1)
POST /session/40eca24c4f7d45aa26ee0a29806203cc/timeouts HTTP/1.1
User-Agent: selenium/4.1.2 (java windows)
Content-Length: 22
Content-Type: application/json; charset=utf-8
host: localhost:52473
accept: */*

Response DefaultHttpResponse(decodeResult: success, version: HTTP/1.1)
HTTP/1.1 200 OK
Content-Type: application/json; charset=utf-8
cache-control: no-cache
content-length: 14

11:07:18.767 [AsyncHttpClient-1-7] DEBUG org.asynchttpclient.netty.channel.ChannelManager - Adding key: http://localhost:52473 for channel [id: 0x56946579, L:/127.0.0.1:60552 - R:localhost/127.0.0.1:52473]
11:07:18.776 [Forwarding getCurrentUrl on session 40eca24c4f7d45aa26ee0a29806203cc to remote] DEBUG org.asynchttpclient.netty.request.NettyRequestSender - Using pooled Channel '[id: 0x56946579, L:/127.0.0.1:60552 - R:localhost/127.0.0.1:52473]' for 'GET' to 'http://localhost:52473/session/40eca24c4f7d45aa26ee0a29806203cc/url'
11:07:18.776 [Forwarding getCurrentUrl on session 40eca24c4f7d45aa26ee0a29806203cc to remote] DEBUG org.asynchttpclient.netty.request.NettyRequestSender - Using open Channel [id: 0x56946579, L:/127.0.0.1:60552 - R:localhost/127.0.0.1:52473] for GET '/session/40eca24c4f7d45aa26ee0a29806203cc/url'
11:07:18.788 [AsyncHttpClient-1-7] DEBUG org.asynchttpclient.netty.handler.HttpHandler - 

Request DefaultFullHttpRequest(decodeResult: success, version: HTTP/1.1, content: EmptyByteBufBE)
GET /session/40eca24c4f7d45aa26ee0a29806203cc/url HTTP/1.1
User-Agent: selenium/4.1.2 (java windows)
Cache-Control: no-cache
Content-Type: application/json; charset=utf-8
host: localhost:52473
accept: */*

Response DefaultHttpResponse(decodeResult: success, version: HTTP/1.1)
HTTP/1.1 200 OK
Content-Type: application/json; charset=utf-8
cache-control: no-cache
content-length: 66

11:07:18.788 [AsyncHttpClient-1-7] DEBUG org.asynchttpclient.netty.channel.ChannelManager - Adding key: http://localhost:52473 for channel [id: 0x56946579, L:/127.0.0.1:60552 - R:localhost/127.0.0.1:52473]
11:07:18.810 [Forwarding screenshot on session 40eca24c4f7d45aa26ee0a29806203cc to remote] DEBUG org.asynchttpclient.netty.request.NettyRequestSender - Using pooled Channel '[id: 0x56946579, L:/127.0.0.1:60552 - R:localhost/127.0.0.1:52473]' for 'GET' to 'http://localhost:52473/session/40eca24c4f7d45aa26ee0a29806203cc/screenshot'
11:07:18.811 [Forwarding screenshot on session 40eca24c4f7d45aa26ee0a29806203cc to remote] DEBUG org.asynchttpclient.netty.request.NettyRequestSender - Using open Channel [id: 0x56946579, L:/127.0.0.1:60552 - R:localhost/127.0.0.1:52473] for GET '/session/40eca24c4f7d45aa26ee0a29806203cc/screenshot'
11:07:19.213 [AsyncHttpClient-1-1] DEBUG org.asynchttpclient.netty.channel.DefaultChannelPool - Entry count for : http://localhost:60553 : 1
11:07:19.964 [AsyncHttpClient-1-7] DEBUG org.asynchttpclient.netty.handler.HttpHandler - 

Request DefaultFullHttpRequest(decodeResult: success, version: HTTP/1.1, content: EmptyByteBufBE)
GET /session/40eca24c4f7d45aa26ee0a29806203cc/screenshot HTTP/1.1
User-Agent: selenium/4.1.2 (java windows)
Cache-Control: no-cache
Content-Type: application/json; charset=utf-8
host: localhost:52473
accept: */*

Response DefaultHttpResponse(decodeResult: success, version: HTTP/1.1)
HTTP/1.1 200 OK
Content-Type: application/json; charset=utf-8
cache-control: no-cache
content-length: 71412

11:07:19.966 [AsyncHttpClient-1-7] DEBUG org.asynchttpclient.netty.channel.ChannelManager - Adding key: http://localhost:52473 for channel [id: 0x56946579, L:/127.0.0.1:60552 - R:localhost/127.0.0.1:52473]
11:07:19.977 [main] DEBUG net.serenitybdd.core.photography.Darkroom - Send negative for processing for target\site\serenity\641553ea0c7ee1350e9d99c43bd8b22ab0037bbbf11d544d65f62061eb96ca5a.png
11:07:19.978 [main] DEBUG net.thucydides.core.steps.StepInterceptor - STEP DONE: openDataDokter
  &amp#27;[32mGiven &amp#27;[0m&amp#27;[32mOpen page data dokter&amp#27;[0m                                 &amp#27;[90m# starter.stepdefinitios.DokterDataSteps.openPageDataDokter()&amp#27;[0m
11:07:20.059 [Forwarding screenshot on session 40eca24c4f7d45aa26ee0a29806203cc to remote] DEBUG org.asynchttpclient.netty.request.NettyRequestSender - Using pooled Channel '[id: 0x56946579, L:/127.0.0.1:60552 - R:localhost/127.0.0.1:52473]' for 'GET' to 'http://localhost:52473/session/40eca24c4f7d45aa26ee0a29806203cc/screenshot'
11:07:20.059 [Forwarding screenshot on session 40eca24c4f7d45aa26ee0a29806203cc to remote] DEBUG org.asynchttpclient.netty.request.NettyRequestSender - Using open Channel [id: 0x56946579, L:/127.0.0.1:60552 - R:localhost/127.0.0.1:52473] for GET '/session/40eca24c4f7d45aa26ee0a29806203cc/screenshot'
11:07:20.238 [AsyncHttpClient-1-7] DEBUG org.asynchttpclient.netty.handler.HttpHandler - 

Request DefaultFullHttpRequest(decodeResult: success, version: HTTP/1.1, content: EmptyByteBufBE)
GET /session/40eca24c4f7d45aa26ee0a29806203cc/screenshot HTTP/1.1
User-Agent: selenium/4.1.2 (java windows)
Cache-Control: no-cache
Content-Type: application/json; charset=utf-8
host: localhost:52473
accept: */*

Response DefaultHttpResponse(decodeResult: success, version: HTTP/1.1)
HTTP/1.1 200 OK
Content-Type: application/json; charset=utf-8
cache-control: no-cache
content-length: 78600

11:07:20.240 [AsyncHttpClient-1-7] DEBUG org.asynchttpclient.netty.channel.ChannelManager - Adding key: http://localhost:52473 for channel [id: 0x56946579, L:/127.0.0.1:60552 - R:localhost/127.0.0.1:52473]
11:07:20.246 [main] DEBUG net.serenitybdd.core.photography.Darkroom - Send negative for processing for target\site\serenity\9151d39162b3781da944e99d550d4488b895293fc7a42fc8aba29f084bd6d96b.png
11:07:20.247 [main] DEBUG net.thucydides.core.steps.StepInterceptor - STARTING STEP: PatientDataSteps.clickButtonTambahData - clickButtonTambah
11:07:20.247 [Darkroom Processing Line] DEBUG net.serenitybdd.core.photography.DarkroomProcessingLine - Processing screenshot image in /var/screenshots/screenshot-9248575023311996766
11:07:20.248 [Darkroom Processing Line] DEBUG net.serenitybdd.core.photography.DarkroomProcessingLine - Saving screenshot to target\site\serenity\9151d39162b3781da944e99d550d4488b895293fc7a42fc8aba29f084bd6d96b.png
11:07:20.255 [Forwarding findElement on session 40eca24c4f7d45aa26ee0a29806203cc to remote] DEBUG org.asynchttpclient.netty.request.NettyRequestSender - Using pooled Channel '[id: 0x56946579, L:/127.0.0.1:60552 - R:localhost/127.0.0.1:52473]' for 'POST' to 'http://localhost:52473/session/40eca24c4f7d45aa26ee0a29806203cc/element'
11:07:20.255 [Forwarding findElement on session 40eca24c4f7d45aa26ee0a29806203cc to remote] DEBUG org.asynchttpclient.netty.request.NettyRequestSender - Using open Channel [id: 0x56946579, L:/127.0.0.1:60552 - R:localhost/127.0.0.1:52473] for POST '/session/40eca24c4f7d45aa26ee0a29806203cc/element'
11:07:20.281 [AsyncHttpClient-1-7] DEBUG org.asynchttpclient.netty.handler.HttpHandler - 

Request DefaultHttpRequest(decodeResult: success, version: HTTP/1.1)
POST /session/40eca24c4f7d45aa26ee0a29806203cc/element HTTP/1.1
User-Agent: selenium/4.1.2 (java windows)
Content-Length: 109
Content-Type: application/json; charset=utf-8
host: localhost:52473
accept: */*

Response DefaultHttpResponse(decodeResult: success, version: HTTP/1.1)
HTTP/1.1 200 OK
Content-Type: application/json; charset=utf-8
cache-control: no-cache
content-length: 88

11:07:20.282 [AsyncHttpClient-1-7] DEBUG org.asynchttpclient.netty.channel.ChannelManager - Adding key: http://localhost:52473 for channel [id: 0x56946579, L:/127.0.0.1:60552 - R:localhost/127.0.0.1:52473]
11:07:20.285 [Forwarding getElementTagName on session 40eca24c4f7d45aa26ee0a29806203cc to remote] DEBUG org.asynchttpclient.netty.request.NettyRequestSender - Using pooled Channel '[id: 0x56946579, L:/127.0.0.1:60552 - R:localhost/127.0.0.1:52473]' for 'GET' to 'http://localhost:52473/session/40eca24c4f7d45aa26ee0a29806203cc/element/719c95c2-ea27-4f42-9a77-a2e11c5ec68c/name'
11:07:20.285 [Forwarding getElementTagName on session 40eca24c4f7d45aa26ee0a29806203cc to remote] DEBUG org.asynchttpclient.netty.request.NettyRequestSender - Using open Channel [id: 0x56946579, L:/127.0.0.1:60552 - R:localhost/127.0.0.1:52473] for GET '/session/40eca24c4f7d45aa26ee0a29806203cc/element/719c95c2-ea27-4f42-9a77-a2e11c5ec68c/name'
11:07:20.295 [AsyncHttpClient-1-7] DEBUG org.asynchttpclient.netty.handler.HttpHandler - 

Request DefaultFullHttpRequest(decodeResult: success, version: HTTP/1.1, content: EmptyByteBufBE)
GET /session/40eca24c4f7d45aa26ee0a29806203cc/element/719c95c2-ea27-4f42-9a77-a2e11c5ec68c/name HTTP/1.1
User-Agent: selenium/4.1.2 (java windows)
Cache-Control: no-cache
Content-Type: application/json; charset=utf-8
host: localhost:52473
accept: */*

Response DefaultHttpResponse(decodeResult: success, version: HTTP/1.1)
HTTP/1.1 200 OK
Content-Type: application/json; charset=utf-8
cache-control: no-cache
content-length: 18

11:07:20.296 [AsyncHttpClient-1-7] DEBUG org.asynchttpclient.netty.channel.ChannelManager - Adding key: http://localhost:52473 for channel [id: 0x56946579, L:/127.0.0.1:60552 - R:localhost/127.0.0.1:52473]
11:07:20.298 [Forwarding getElementTagName on session 40eca24c4f7d45aa26ee0a29806203cc to remote] DEBUG org.asynchttpclient.netty.request.NettyRequestSender - Using pooled Channel '[id: 0x56946579, L:/127.0.0.1:60552 - R:localhost/127.0.0.1:52473]' for 'GET' to 'http://localhost:52473/session/40eca24c4f7d45aa26ee0a29806203cc/element/719c95c2-ea27-4f42-9a77-a2e11c5ec68c/name'
11:07:20.298 [Forwarding getElementTagName on session 40eca24c4f7d45aa26ee0a29806203cc to remote] DEBUG org.asynchttpclient.netty.request.NettyRequestSender - Using open Channel [id: 0x56946579, L:/127.0.0.1:60552 - R:localhost/127.0.0.1:52473] for GET '/session/40eca24c4f7d45aa26ee0a29806203cc/element/719c95c2-ea27-4f42-9a77-a2e11c5ec68c/name'
11:07:20.306 [AsyncHttpClient-1-7] DEBUG org.asynchttpclient.netty.handler.HttpHandler - 

Request DefaultFullHttpRequest(decodeResult: success, version: HTTP/1.1, content: EmptyByteBufBE)
GET /session/40eca24c4f7d45aa26ee0a29806203cc/element/719c95c2-ea27-4f42-9a77-a2e11c5ec68c/name HTTP/1.1
User-Agent: selenium/4.1.2 (java windows)
Cache-Control: no-cache
Content-Type: application/json; charset=utf-8
host: localhost:52473
accept: */*

Response DefaultHttpResponse(decodeResult: success, version: HTTP/1.1)
HTTP/1.1 200 OK
Content-Type: application/json; charset=utf-8
cache-control: no-cache
content-length: 18

11:07:20.307 [AsyncHttpClient-1-7] DEBUG org.asynchttpclient.netty.channel.ChannelManager - Adding key: http://localhost:52473 for channel [id: 0x56946579, L:/127.0.0.1:60552 - R:localhost/127.0.0.1:52473]
11:07:20.312 [AsyncHttpClient-1-1] DEBUG org.asynchttpclient.netty.channel.DefaultChannelPool - Entry count for : http://localhost:52473 : 1
11:07:20.312 [AsyncHttpClient-1-1] DEBUG org.asynchttpclient.netty.channel.DefaultChannelPool - Entry count for : http://localhost:60553 : 1
11:07:20.312 [Forwarding isElementEnabled on session 40eca24c4f7d45aa26ee0a29806203cc to remote] DEBUG org.asynchttpclient.netty.request.NettyRequestSender - Using pooled Channel '[id: 0x56946579, L:/127.0.0.1:60552 - R:localhost/127.0.0.1:52473]' for 'GET' to 'http://localhost:52473/session/40eca24c4f7d45aa26ee0a29806203cc/element/719c95c2-ea27-4f42-9a77-a2e11c5ec68c/enabled'
11:07:20.312 [Forwarding isElementEnabled on session 40eca24c4f7d45aa26ee0a29806203cc to remote] DEBUG org.asynchttpclient.netty.request.NettyRequestSender - Using open Channel [id: 0x56946579, L:/127.0.0.1:60552 - R:localhost/127.0.0.1:52473] for GET '/session/40eca24c4f7d45aa26ee0a29806203cc/element/719c95c2-ea27-4f42-9a77-a2e11c5ec68c/enabled'
11:07:20.329 [AsyncHttpClient-1-7] DEBUG org.asynchttpclient.netty.handler.HttpHandler - 

Request DefaultFullHttpRequest(decodeResult: success, version: HTTP/1.1, content: EmptyByteBufBE)
GET /session/40eca24c4f7d45aa26ee0a29806203cc/element/719c95c2-ea27-4f42-9a77-a2e11c5ec68c/enabled HTTP/1.1
User-Agent: selenium/4.1.2 (java windows)
Cache-Control: no-cache
Content-Type: application/json; charset=utf-8
host: localhost:52473
accept: */*

Response DefaultHttpResponse(decodeResult: success, version: HTTP/1.1)
HTTP/1.1 200 OK
Content-Type: application/json; charset=utf-8
cache-control: no-cache
content-length: 14

11:07:20.329 [AsyncHttpClient-1-7] DEBUG org.asynchttpclient.netty.channel.ChannelManager - Adding key: http://localhost:52473 for channel [id: 0x56946579, L:/127.0.0.1:60552 - R:localhost/127.0.0.1:52473]
11:07:20.332 [Forwarding isElementEnabled on session 40eca24c4f7d45aa26ee0a29806203cc to remote] DEBUG org.asynchttpclient.netty.request.NettyRequestSender - Using pooled Channel '[id: 0x56946579, L:/127.0.0.1:60552 - R:localhost/127.0.0.1:52473]' for 'GET' to 'http://localhost:52473/session/40eca24c4f7d45aa26ee0a29806203cc/element/719c95c2-ea27-4f42-9a77-a2e11c5ec68c/enabled'
11:07:20.332 [Forwarding isElementEnabled on session 40eca24c4f7d45aa26ee0a29806203cc to remote] DEBUG org.asynchttpclient.netty.request.NettyRequestSender - Using open Channel [id: 0x56946579, L:/127.0.0.1:60552 - R:localhost/127.0.0.1:52473] for GET '/session/40eca24c4f7d45aa26ee0a29806203cc/element/719c95c2-ea27-4f42-9a77-a2e11c5ec68c/enabled'
11:07:20.343 [AsyncHttpClient-1-7] DEBUG org.asynchttpclient.netty.handler.HttpHandler - 

Request DefaultFullHttpRequest(decodeResult: success, version: HTTP/1.1, content: EmptyByteBufBE)
GET /session/40eca24c4f7d45aa26ee0a29806203cc/element/719c95c2-ea27-4f42-9a77-a2e11c5ec68c/enabled HTTP/1.1
User-Agent: selenium/4.1.2 (java windows)
Cache-Control: no-cache
Content-Type: application/json; charset=utf-8
host: localhost:52473
accept: */*

Response DefaultHttpResponse(decodeResult: success, version: HTTP/1.1)
HTTP/1.1 200 OK
Content-Type: application/json; charset=utf-8
cache-control: no-cache
content-length: 14

11:07:20.343 [AsyncHttpClient-1-7] DEBUG org.asynchttpclient.netty.channel.ChannelManager - Adding key: http://localhost:52473 for channel [id: 0x56946579, L:/127.0.0.1:60552 - R:localhost/127.0.0.1:52473]
11:07:20.347 [Forwarding findElement on session 40eca24c4f7d45aa26ee0a29806203cc to remote] DEBUG org.asynchttpclient.netty.request.NettyRequestSender - Using pooled Channel '[id: 0x56946579, L:/127.0.0.1:60552 - R:localhost/127.0.0.1:52473]' for 'POST' to 'http://localhost:52473/session/40eca24c4f7d45aa26ee0a29806203cc/element'
11:07:20.347 [Forwarding findElement on session 40eca24c4f7d45aa26ee0a29806203cc to remote] DEBUG org.asynchttpclient.netty.request.NettyRequestSender - Using open Channel [id: 0x56946579, L:/127.0.0.1:60552 - R:localhost/127.0.0.1:52473] for POST '/session/40eca24c4f7d45aa26ee0a29806203cc/element'
11:07:20.363 [AsyncHttpClient-1-7] DEBUG org.asynchttpclient.netty.handler.HttpHandler - 

Request DefaultHttpRequest(decodeResult: success, version: HTTP/1.1)
POST /session/40eca24c4f7d45aa26ee0a29806203cc/element HTTP/1.1
User-Agent: selenium/4.1.2 (java windows)
Content-Length: 109
Content-Type: application/json; charset=utf-8
host: localhost:52473
accept: */*

Response DefaultHttpResponse(decodeResult: success, version: HTTP/1.1)
HTTP/1.1 200 OK
Content-Type: application/json; charset=utf-8
cache-control: no-cache
content-length: 88

11:07:20.363 [AsyncHttpClient-1-7] DEBUG org.asynchttpclient.netty.channel.ChannelManager - Adding key: http://localhost:52473 for channel [id: 0x56946579, L:/127.0.0.1:60552 - R:localhost/127.0.0.1:52473]
11:07:20.366 [Forwarding clickElement on session 40eca24c4f7d45aa26ee0a29806203cc to remote] DEBUG org.asynchttpclient.netty.request.NettyRequestSender - Using pooled Channel '[id: 0x56946579, L:/127.0.0.1:60552 - R:localhost/127.0.0.1:52473]' for 'POST' to 'http://localhost:52473/session/40eca24c4f7d45aa26ee0a29806203cc/element/719c95c2-ea27-4f42-9a77-a2e11c5ec68c/click'
11:07:20.366 [Forwarding clickElement on session 40eca24c4f7d45aa26ee0a29806203cc to remote] DEBUG org.asynchttpclient.netty.request.NettyRequestSender - Using open Channel [id: 0x56946579, L:/127.0.0.1:60552 - R:localhost/127.0.0.1:52473] for POST '/session/40eca24c4f7d45aa26ee0a29806203cc/element/719c95c2-ea27-4f42-9a77-a2e11c5ec68c/click'
11:07:20.621 [AsyncHttpClient-1-7] DEBUG org.asynchttpclient.netty.handler.HttpHandler - 

Request DefaultHttpRequest(decodeResult: success, version: HTTP/1.1)
POST /session/40eca24c4f7d45aa26ee0a29806203cc/element/719c95c2-ea27-4f42-9a77-a2e11c5ec68c/click HTTP/1.1
User-Agent: selenium/4.1.2 (java windows)
Content-Length: 50
Content-Type: application/json; charset=utf-8
host: localhost:52473
accept: */*

Response DefaultHttpResponse(decodeResult: success, version: HTTP/1.1)
HTTP/1.1 200 OK
Content-Type: application/json; charset=utf-8
cache-control: no-cache
content-length: 14

11:07:20.622 [AsyncHttpClient-1-7] DEBUG org.asynchttpclient.netty.channel.ChannelManager - Adding key: http://localhost:52473 for channel [id: 0x56946579, L:/127.0.0.1:60552 - R:localhost/127.0.0.1:52473]
11:07:20.641 [Forwarding screenshot on session 40eca24c4f7d45aa26ee0a29806203cc to remote] DEBUG org.asynchttpclient.netty.request.NettyRequestSender - Using pooled Channel '[id: 0x56946579, L:/127.0.0.1:60552 - R:localhost/127.0.0.1:52473]' for 'GET' to 'http://localhost:52473/session/40eca24c4f7d45aa26ee0a29806203cc/screenshot'
11:07:20.641 [Forwarding screenshot on session 40eca24c4f7d45aa26ee0a29806203cc to remote] DEBUG org.asynchttpclient.netty.request.NettyRequestSender - Using open Channel [id: 0x56946579, L:/127.0.0.1:60552 - R:localhost/127.0.0.1:52473] for GET '/session/40eca24c4f7d45aa26ee0a29806203cc/screenshot'
11:07:21.133 [AsyncHttpClient-1-7] DEBUG org.asynchttpclient.netty.handler.HttpHandler - 

Request DefaultFullHttpRequest(decodeResult: success, version: HTTP/1.1, content: EmptyByteBufBE)
GET /session/40eca24c4f7d45aa26ee0a29806203cc/screenshot HTTP/1.1
User-Agent: selenium/4.1.2 (java windows)
Cache-Control: no-cache
Content-Type: application/json; charset=utf-8
host: localhost:52473
accept: */*

Response DefaultHttpResponse(decodeResult: success, version: HTTP/1.1)
HTTP/1.1 200 OK
Content-Type: application/json; charset=utf-8
cache-control: no-cache
content-length: 46784

11:07:21.134 [AsyncHttpClient-1-7] DEBUG org.asynchttpclient.netty.channel.ChannelManager - Adding key: http://localhost:52473 for channel [id: 0x56946579, L:/127.0.0.1:60552 - R:localhost/127.0.0.1:52473]
11:07:21.142 [main] DEBUG net.serenitybdd.core.photography.Darkroom - Send negative for processing for target\site\serenity\8629f496e7c4dac0cce5b2bf2737aed3260bba436f070e09e2151e10e1c22e27.png
11:07:21.143 [main] DEBUG net.thucydides.core.steps.StepInterceptor - STEP DONE: clickButtonTambah
  &amp#27;[32mWhen &amp#27;[0m&amp#27;[32mClick button tambah data&amp#27;[0m                               &amp#27;[90m# starter.stepdefinitios.PatientDataSteps.clickButtonTambahData()&amp#27;[0m
11:07:21.186 [main] DEBUG net.thucydides.core.steps.StepInterceptor - STARTING STEP: DokterDataSteps.iInputDokter - inputDataPasien
11:07:21.199 [Forwarding findElement on session 40eca24c4f7d45aa26ee0a29806203cc to remote] DEBUG org.asynchttpclient.netty.request.NettyRequestSender - Using pooled Channel '[id: 0x56946579, L:/127.0.0.1:60552 - R:localhost/127.0.0.1:52473]' for 'POST' to 'http://localhost:52473/session/40eca24c4f7d45aa26ee0a29806203cc/element'
11:07:21.199 [Forwarding findElement on session 40eca24c4f7d45aa26ee0a29806203cc to remote] DEBUG org.asynchttpclient.netty.request.NettyRequestSender - Using open Channel [id: 0x56946579, L:/127.0.0.1:60552 - R:localhost/127.0.0.1:52473] for POST '/session/40eca24c4f7d45aa26ee0a29806203cc/element'
11:07:21.231 [AsyncHttpClient-1-7] DEBUG org.asynchttpclient.netty.handler.HttpHandler - 

Request DefaultHttpRequest(decodeResult: success, version: HTTP/1.1)
POST /session/40eca24c4f7d45aa26ee0a29806203cc/element HTTP/1.1
User-Agent: selenium/4.1.2 (java windows)
Content-Length: 166
Content-Type: application/json; charset=utf-8
host: localhost:52473
accept: */*

Response DefaultHttpResponse(decodeResult: success, version: HTTP/1.1)
HTTP/1.1 200 OK
Content-Type: application/json; charset=utf-8
cache-control: no-cache
content-length: 88

11:07:21.232 [AsyncHttpClient-1-7] DEBUG org.asynchttpclient.netty.channel.ChannelManager - Adding key: http://localhost:52473 for channel [id: 0x56946579, L:/127.0.0.1:60552 - R:localhost/127.0.0.1:52473]
11:07:21.235 [Forwarding sendKeysToElement on session 40eca24c4f7d45aa26ee0a29806203cc to remote] DEBUG org.asynchttpclient.netty.request.NettyRequestSender - Using pooled Channel '[id: 0x56946579, L:/127.0.0.1:60552 - R:localhost/127.0.0.1:52473]' for 'POST' to 'http://localhost:52473/session/40eca24c4f7d45aa26ee0a29806203cc/element/8519b3d5-c9eb-4aac-a902-3cbfb7d3932b/value'
11:07:21.235 [Forwarding sendKeysToElement on session 40eca24c4f7d45aa26ee0a29806203cc to remote] DEBUG org.asynchttpclient.netty.request.NettyRequestSender - Using open Channel [id: 0x56946579, L:/127.0.0.1:60552 - R:localhost/127.0.0.1:52473] for POST '/session/40eca24c4f7d45aa26ee0a29806203cc/element/8519b3d5-c9eb-4aac-a902-3cbfb7d3932b/value'
11:07:21.415 [AsyncHttpClient-1-1] DEBUG org.asynchttpclient.netty.channel.DefaultChannelPool - Entry count for : http://localhost:60553 : 1
11:07:21.560 [AsyncHttpClient-1-7] DEBUG org.asynchttpclient.netty.handler.HttpHandler - 

Request DefaultHttpRequest(decodeResult: success, version: HTTP/1.1)
POST /session/40eca24c4f7d45aa26ee0a29806203cc/element/8519b3d5-c9eb-4aac-a902-3cbfb7d3932b/value HTTP/1.1
User-Agent: selenium/4.1.2 (java windows)
Content-Length: 131
Content-Type: application/json; charset=utf-8
host: localhost:52473
accept: */*

Response DefaultHttpResponse(decodeResult: success, version: HTTP/1.1)
HTTP/1.1 200 OK
Content-Type: application/json; charset=utf-8
cache-control: no-cache
content-length: 14

11:07:21.560 [AsyncHttpClient-1-7] DEBUG org.asynchttpclient.netty.channel.ChannelManager - Adding key: http://localhost:52473 for channel [id: 0x56946579, L:/127.0.0.1:60552 - R:localhost/127.0.0.1:52473]
11:07:21.567 [Forwarding findElement on session 40eca24c4f7d45aa26ee0a29806203cc to remote] DEBUG org.asynchttpclient.netty.request.NettyRequestSender - Using pooled Channel '[id: 0x56946579, L:/127.0.0.1:60552 - R:localhost/127.0.0.1:52473]' for 'POST' to 'http://localhost:52473/session/40eca24c4f7d45aa26ee0a29806203cc/element'
11:07:21.567 [Forwarding findElement on session 40eca24c4f7d45aa26ee0a29806203cc to remote] DEBUG org.asynchttpclient.netty.request.NettyRequestSender - Using open Channel [id: 0x56946579, L:/127.0.0.1:60552 - R:localhost/127.0.0.1:52473] for POST '/session/40eca24c4f7d45aa26ee0a29806203cc/element'
11:07:21.635 [AsyncHttpClient-1-7] DEBUG org.asynchttpclient.netty.handler.HttpHandler - 

Request DefaultHttpRequest(decodeResult: success, version: HTTP/1.1)
POST /session/40eca24c4f7d45aa26ee0a29806203cc/element HTTP/1.1
User-Agent: selenium/4.1.2 (java windows)
Content-Length: 166
Content-Type: application/json; charset=utf-8
host: localhost:52473
accept: */*

Response DefaultHttpResponse(decodeResult: success, version: HTTP/1.1)
HTTP/1.1 200 OK
Content-Type: application/json; charset=utf-8
cache-control: no-cache
content-length: 88

11:07:21.635 [AsyncHttpClient-1-7] DEBUG org.asynchttpclient.netty.channel.ChannelManager - Adding key: http://localhost:52473 for channel [id: 0x56946579, L:/127.0.0.1:60552 - R:localhost/127.0.0.1:52473]
11:07:21.642 [Forwarding sendKeysToElement on session 40eca24c4f7d45aa26ee0a29806203cc to remote] DEBUG org.asynchttpclient.netty.request.NettyRequestSender - Using pooled Channel '[id: 0x56946579, L:/127.0.0.1:60552 - R:localhost/127.0.0.1:52473]' for 'POST' to 'http://localhost:52473/session/40eca24c4f7d45aa26ee0a29806203cc/element/58c50cce-3a10-4075-8d10-8d67c3bd9052/value'
11:07:21.643 [Forwarding sendKeysToElement on session 40eca24c4f7d45aa26ee0a29806203cc to remote] DEBUG org.asynchttpclient.netty.request.NettyRequestSender - Using open Channel [id: 0x56946579, L:/127.0.0.1:60552 - R:localhost/127.0.0.1:52473] for POST '/session/40eca24c4f7d45aa26ee0a29806203cc/element/58c50cce-3a10-4075-8d10-8d67c3bd9052/value'
11:07:22.038 [AsyncHttpClient-1-7] DEBUG org.asynchttpclient.netty.handler.HttpHandler - 

Request DefaultHttpRequest(decodeResult: success, version: HTTP/1.1)
POST /session/40eca24c4f7d45aa26ee0a29806203cc/element/58c50cce-3a10-4075-8d10-8d67c3bd9052/value HTTP/1.1
User-Agent: selenium/4.1.2 (java windows)
Content-Length: 131
Content-Type: application/json; charset=utf-8
host: localhost:52473
accept: */*

Response DefaultHttpResponse(decodeResult: success, version: HTTP/1.1)
HTTP/1.1 200 OK
Content-Type: application/json; charset=utf-8
cache-control: no-cache
content-length: 14

11:07:22.038 [AsyncHttpClient-1-7] DEBUG org.asynchttpclient.netty.channel.ChannelManager - Adding key: http://localhost:52473 for channel [id: 0x56946579, L:/127.0.0.1:60552 - R:localhost/127.0.0.1:52473]
11:07:22.047 [Forwarding findElement on session 40eca24c4f7d45aa26ee0a29806203cc to remote] DEBUG org.asynchttpclient.netty.request.NettyRequestSender - Using pooled Channel '[id: 0x56946579, L:/127.0.0.1:60552 - R:localhost/127.0.0.1:52473]' for 'POST' to 'http://localhost:52473/session/40eca24c4f7d45aa26ee0a29806203cc/element'
11:07:22.047 [Forwarding findElement on session 40eca24c4f7d45aa26ee0a29806203cc to remote] DEBUG org.asynchttpclient.netty.request.NettyRequestSender - Using open Channel [id: 0x56946579, L:/127.0.0.1:60552 - R:localhost/127.0.0.1:52473] for POST '/session/40eca24c4f7d45aa26ee0a29806203cc/element'
11:07:22.072 [AsyncHttpClient-1-7] DEBUG org.asynchttpclient.netty.handler.HttpHandler - 

Request DefaultHttpRequest(decodeResult: success, version: HTTP/1.1)
POST /session/40eca24c4f7d45aa26ee0a29806203cc/element HTTP/1.1
User-Agent: selenium/4.1.2 (java windows)
Content-Length: 166
Content-Type: application/json; charset=utf-8
host: localhost:52473
accept: */*

Response DefaultHttpResponse(decodeResult: success, version: HTTP/1.1)
HTTP/1.1 200 OK
Content-Type: application/json; charset=utf-8
cache-control: no-cache
content-length: 88

11:07:22.073 [AsyncHttpClient-1-7] DEBUG org.asynchttpclient.netty.channel.ChannelManager - Adding key: http://localhost:52473 for channel [id: 0x56946579, L:/127.0.0.1:60552 - R:localhost/127.0.0.1:52473]
11:07:22.077 [Forwarding sendKeysToElement on session 40eca24c4f7d45aa26ee0a29806203cc to remote] DEBUG org.asynchttpclient.netty.request.NettyRequestSender - Using pooled Channel '[id: 0x56946579, L:/127.0.0.1:60552 - R:localhost/127.0.0.1:52473]' for 'POST' to 'http://localhost:52473/session/40eca24c4f7d45aa26ee0a29806203cc/element/34612aec-eb97-4316-ab06-228b1f34b48d/value'
11:07:22.077 [Forwarding sendKeysToElement on session 40eca24c4f7d45aa26ee0a29806203cc to remote] DEBUG org.asynchttpclient.netty.request.NettyRequestSender - Using open Channel [id: 0x56946579, L:/127.0.0.1:60552 - R:localhost/127.0.0.1:52473] for POST '/session/40eca24c4f7d45aa26ee0a29806203cc/element/34612aec-eb97-4316-ab06-228b1f34b48d/value'
11:07:22.378 [AsyncHttpClient-1-7] DEBUG org.asynchttpclient.netty.handler.HttpHandler - 

Request DefaultHttpRequest(decodeResult: success, version: HTTP/1.1)
POST /session/40eca24c4f7d45aa26ee0a29806203cc/element/34612aec-eb97-4316-ab06-228b1f34b48d/value HTTP/1.1
User-Agent: selenium/4.1.2 (java windows)
Content-Length: 131
Content-Type: application/json; charset=utf-8
host: localhost:52473
accept: */*

Response DefaultHttpResponse(decodeResult: success, version: HTTP/1.1)
HTTP/1.1 200 OK
Content-Type: application/json; charset=utf-8
cache-control: no-cache
content-length: 14

11:07:22.378 [AsyncHttpClient-1-7] DEBUG org.asynchttpclient.netty.channel.ChannelManager - Adding key: http://localhost:52473 for channel [id: 0x56946579, L:/127.0.0.1:60552 - R:localhost/127.0.0.1:52473]
11:07:22.384 [Forwarding findElement on session 40eca24c4f7d45aa26ee0a29806203cc to remote] DEBUG org.asynchttpclient.netty.request.NettyRequestSender - Using pooled Channel '[id: 0x56946579, L:/127.0.0.1:60552 - R:localhost/127.0.0.1:52473]' for 'POST' to 'http://localhost:52473/session/40eca24c4f7d45aa26ee0a29806203cc/element'
11:07:22.384 [Forwarding findElement on session 40eca24c4f7d45aa26ee0a29806203cc to remote] DEBUG org.asynchttpclient.netty.request.NettyRequestSender - Using open Channel [id: 0x56946579, L:/127.0.0.1:60552 - R:localhost/127.0.0.1:52473] for POST '/session/40eca24c4f7d45aa26ee0a29806203cc/element'
11:07:22.409 [AsyncHttpClient-1-7] DEBUG org.asynchttpclient.netty.handler.HttpHandler - 

Request DefaultHttpRequest(decodeResult: success, version: HTTP/1.1)
POST /session/40eca24c4f7d45aa26ee0a29806203cc/element HTTP/1.1
User-Agent: selenium/4.1.2 (java windows)
Content-Length: 166
Content-Type: application/json; charset=utf-8
host: localhost:52473
accept: */*

Response DefaultHttpResponse(decodeResult: success, version: HTTP/1.1)
HTTP/1.1 200 OK
Content-Type: application/json; charset=utf-8
cache-control: no-cache
content-length: 88

11:07:22.409 [AsyncHttpClient-1-7] DEBUG org.asynchttpclient.netty.channel.ChannelManager - Adding key: http://localhost:52473 for channel [id: 0x56946579, L:/127.0.0.1:60552 - R:localhost/127.0.0.1:52473]
11:07:22.413 [Forwarding sendKeysToElement on session 40eca24c4f7d45aa26ee0a29806203cc to remote] DEBUG org.asynchttpclient.netty.request.NettyRequestSender - Using pooled Channel '[id: 0x56946579, L:/127.0.0.1:60552 - R:localhost/127.0.0.1:52473]' for 'POST' to 'http://localhost:52473/session/40eca24c4f7d45aa26ee0a29806203cc/element/1c3a7701-d020-4013-a72b-a8aad33d2256/value'
11:07:22.413 [Forwarding sendKeysToElement on session 40eca24c4f7d45aa26ee0a29806203cc to remote] DEBUG org.asynchttpclient.netty.request.NettyRequestSender - Using open Channel [id: 0x56946579, L:/127.0.0.1:60552 - R:localhost/127.0.0.1:52473] for POST '/session/40eca24c4f7d45aa26ee0a29806203cc/element/1c3a7701-d020-4013-a72b-a8aad33d2256/value'
11:07:22.514 [AsyncHttpClient-1-1] DEBUG org.asynchttpclient.netty.channel.DefaultChannelPool - Entry count for : http://localhost:60553 : 1
11:07:22.769 [AsyncHttpClient-1-7] DEBUG org.asynchttpclient.netty.handler.HttpHandler - 

Request DefaultHttpRequest(decodeResult: success, version: HTTP/1.1)
POST /session/40eca24c4f7d45aa26ee0a29806203cc/element/1c3a7701-d020-4013-a72b-a8aad33d2256/value HTTP/1.1
User-Agent: selenium/4.1.2 (java windows)
Content-Length: 181
Content-Type: application/json; charset=utf-8
host: localhost:52473
accept: */*

Response DefaultHttpResponse(decodeResult: success, version: HTTP/1.1)
HTTP/1.1 200 OK
Content-Type: application/json; charset=utf-8
cache-control: no-cache
content-length: 14

11:07:22.770 [AsyncHttpClient-1-7] DEBUG org.asynchttpclient.netty.channel.ChannelManager - Adding key: http://localhost:52473 for channel [id: 0x56946579, L:/127.0.0.1:60552 - R:localhost/127.0.0.1:52473]
11:07:22.777 [Forwarding findElement on session 40eca24c4f7d45aa26ee0a29806203cc to remote] DEBUG org.asynchttpclient.netty.request.NettyRequestSender - Using pooled Channel '[id: 0x56946579, L:/127.0.0.1:60552 - R:localhost/127.0.0.1:52473]' for 'POST' to 'http://localhost:52473/session/40eca24c4f7d45aa26ee0a29806203cc/element'
11:07:22.778 [Forwarding findElement on session 40eca24c4f7d45aa26ee0a29806203cc to remote] DEBUG org.asynchttpclient.netty.request.NettyRequestSender - Using open Channel [id: 0x56946579, L:/127.0.0.1:60552 - R:localhost/127.0.0.1:52473] for POST '/session/40eca24c4f7d45aa26ee0a29806203cc/element'
11:07:22.805 [AsyncHttpClient-1-7] DEBUG org.asynchttpclient.netty.handler.HttpHandler - 

Request DefaultHttpRequest(decodeResult: success, version: HTTP/1.1)
POST /session/40eca24c4f7d45aa26ee0a29806203cc/element HTTP/1.1
User-Agent: selenium/4.1.2 (java windows)
Content-Length: 166
Content-Type: application/json; charset=utf-8
host: localhost:52473
accept: */*

Response DefaultHttpResponse(decodeResult: success, version: HTTP/1.1)
HTTP/1.1 200 OK
Content-Type: application/json; charset=utf-8
cache-control: no-cache
content-length: 88

11:07:22.805 [AsyncHttpClient-1-7] DEBUG org.asynchttpclient.netty.channel.ChannelManager - Adding key: http://localhost:52473 for channel [id: 0x56946579, L:/127.0.0.1:60552 - R:localhost/127.0.0.1:52473]
11:07:22.809 [Forwarding sendKeysToElement on session 40eca24c4f7d45aa26ee0a29806203cc to remote] DEBUG org.asynchttpclient.netty.request.NettyRequestSender - Using pooled Channel '[id: 0x56946579, L:/127.0.0.1:60552 - R:localhost/127.0.0.1:52473]' for 'POST' to 'http://localhost:52473/session/40eca24c4f7d45aa26ee0a29806203cc/element/da3eb617-4496-41fb-8edd-f31933200233/value'
11:07:22.810 [Forwarding sendKeysToElement on session 40eca24c4f7d45aa26ee0a29806203cc to remote] DEBUG org.asynchttpclient.netty.request.NettyRequestSender - Using open Channel [id: 0x56946579, L:/127.0.0.1:60552 - R:localhost/127.0.0.1:52473] for POST '/session/40eca24c4f7d45aa26ee0a29806203cc/element/da3eb617-4496-41fb-8edd-f31933200233/value'
11:07:22.917 [AsyncHttpClient-1-7] DEBUG org.asynchttpclient.netty.handler.HttpHandler - 

Request DefaultHttpRequest(decodeResult: success, version: HTTP/1.1)
POST /session/40eca24c4f7d45aa26ee0a29806203cc/element/da3eb617-4496-41fb-8edd-f31933200233/value HTTP/1.1
User-Agent: selenium/4.1.2 (java windows)
Content-Length: 82
Content-Type: application/json; charset=utf-8
host: localhost:52473
accept: */*

Response DefaultHttpResponse(decodeResult: success, version: HTTP/1.1)
HTTP/1.1 200 OK
Content-Type: application/json; charset=utf-8
cache-control: no-cache
content-length: 14

11:07:22.917 [AsyncHttpClient-1-7] DEBUG org.asynchttpclient.netty.channel.ChannelManager - Adding key: http://localhost:52473 for channel [id: 0x56946579, L:/127.0.0.1:60552 - R:localhost/127.0.0.1:52473]
11:07:22.932 [Forwarding screenshot on session 40eca24c4f7d45aa26ee0a29806203cc to remote] DEBUG org.asynchttpclient.netty.request.NettyRequestSender - Using pooled Channel '[id: 0x56946579, L:/127.0.0.1:60552 - R:localhost/127.0.0.1:52473]' for 'GET' to 'http://localhost:52473/session/40eca24c4f7d45aa26ee0a29806203cc/screenshot'
11:07:22.936 [Forwarding screenshot on session 40eca24c4f7d45aa26ee0a29806203cc to remote] DEBUG org.asynchttpclient.netty.request.NettyRequestSender - Using open Channel [id: 0x56946579, L:/127.0.0.1:60552 - R:localhost/127.0.0.1:52473] for GET '/session/40eca24c4f7d45aa26ee0a29806203cc/screenshot'
11:07:23.245 [AsyncHttpClient-1-7] DEBUG org.asynchttpclient.netty.handler.HttpHandler - 

Request DefaultFullHttpRequest(decodeResult: success, version: HTTP/1.1, content: EmptyByteBufBE)
GET /session/40eca24c4f7d45aa26ee0a29806203cc/screenshot HTTP/1.1
User-Agent: selenium/4.1.2 (java windows)
Cache-Control: no-cache
Content-Type: application/json; charset=utf-8
host: localhost:52473
accept: */*

Response DefaultHttpResponse(decodeResult: success, version: HTTP/1.1)
HTTP/1.1 200 OK
Content-Type: application/json; charset=utf-8
cache-control: no-cache
content-length: 364136

11:07:23.248 [AsyncHttpClient-1-7] DEBUG org.asynchttpclient.netty.channel.ChannelManager - Adding key: http://localhost:52473 for channel [id: 0x56946579, L:/127.0.0.1:60552 - R:localhost/127.0.0.1:52473]
11:07:23.275 [main] DEBUG net.serenitybdd.core.photography.Darkroom - Send negative for processing for target\site\serenity\b5b7ea389fb733fd03775e4c0081acf5d9b4dc9c8e023952e8b18f46c5b5f54c.png
11:07:23.275 [main] DEBUG net.thucydides.core.steps.StepInterceptor - STEP DONE: inputDataPasien
  &amp#27;[32mThen &amp#27;[0m&amp#27;[32mI input &amp#27;[0m&amp#27;[32m&amp#27;[1m"Bagas"&amp#27;[0m&amp#27;[32m &amp#27;[0m&amp#27;[32m&amp#27;[1m"12344"&amp#27;[0m&amp#27;[32m &amp#27;[0m&amp#27;[32m&amp#27;[1m"Bedah"&amp#27;[0m&amp#27;[32m &amp#27;[0m&amp#27;[32m&amp#27;[1m"BagasBedah"&amp#27;[0m&amp#27;[32m &amp#27;[0m&amp#27;[32m&amp#27;[1m""&amp#27;[0m&amp#27;[32m dokter&amp#27;[0m &amp#27;[90m# starter.stepdefinitios.DokterDataSteps.iInputDokter(java.lang.String,java.lang.String,java.lang.String,java.lang.String,java.lang.String)&amp#27;[0m
11:07:23.276 [Darkroom Processing Line] DEBUG net.serenitybdd.core.photography.DarkroomProcessingLine - Processing screenshot image in /var/screenshots/screenshot-18317075623267761832
11:07:23.276 [Darkroom Processing Line] DEBUG net.serenitybdd.core.photography.DarkroomProcessingLine - Saving screenshot to target\site\serenity\b5b7ea389fb733fd03775e4c0081acf5d9b4dc9c8e023952e8b18f46c5b5f54c.png
11:07:23.318 [main] DEBUG net.thucydides.core.steps.StepInterceptor - STARTING STEP: PatientDataSteps.clickButtonSimpan - clickButtonSave
11:07:23.329 [Forwarding findElement on session 40eca24c4f7d45aa26ee0a29806203cc to remote] DEBUG org.asynchttpclient.netty.request.NettyRequestSender - Using pooled Channel '[id: 0x56946579, L:/127.0.0.1:60552 - R:localhost/127.0.0.1:52473]' for 'POST' to 'http://localhost:52473/session/40eca24c4f7d45aa26ee0a29806203cc/element'
11:07:23.329 [Forwarding findElement on session 40eca24c4f7d45aa26ee0a29806203cc to remote] DEBUG org.asynchttpclient.netty.request.NettyRequestSender - Using open Channel [id: 0x56946579, L:/127.0.0.1:60552 - R:localhost/127.0.0.1:52473] for POST '/session/40eca24c4f7d45aa26ee0a29806203cc/element'
11:07:23.353 [AsyncHttpClient-1-7] DEBUG org.asynchttpclient.netty.handler.HttpHandler - 

Request DefaultHttpRequest(decodeResult: success, version: HTTP/1.1)
POST /session/40eca24c4f7d45aa26ee0a29806203cc/element HTTP/1.1
User-Agent: selenium/4.1.2 (java windows)
Content-Length: 149
Content-Type: application/json; charset=utf-8
host: localhost:52473
accept: */*

Response DefaultHttpResponse(decodeResult: success, version: HTTP/1.1)
HTTP/1.1 200 OK
Content-Type: application/json; charset=utf-8
cache-control: no-cache
content-length: 88

11:07:23.354 [AsyncHttpClient-1-7] DEBUG org.asynchttpclient.netty.channel.ChannelManager - Adding key: http://localhost:52473 for channel [id: 0x56946579, L:/127.0.0.1:60552 - R:localhost/127.0.0.1:52473]
11:07:23.357 [Forwarding getElementTagName on session 40eca24c4f7d45aa26ee0a29806203cc to remote] DEBUG org.asynchttpclient.netty.request.NettyRequestSender - Using pooled Channel '[id: 0x56946579, L:/127.0.0.1:60552 - R:localhost/127.0.0.1:52473]' for 'GET' to 'http://localhost:52473/session/40eca24c4f7d45aa26ee0a29806203cc/element/843fc66d-e35d-437a-8186-f08f47d432f0/name'
11:07:23.357 [Forwarding getElementTagName on session 40eca24c4f7d45aa26ee0a29806203cc to remote] DEBUG org.asynchttpclient.netty.request.NettyRequestSender - Using open Channel [id: 0x56946579, L:/127.0.0.1:60552 - R:localhost/127.0.0.1:52473] for GET '/session/40eca24c4f7d45aa26ee0a29806203cc/element/843fc66d-e35d-437a-8186-f08f47d432f0/name'
11:07:23.366 [AsyncHttpClient-1-7] DEBUG org.asynchttpclient.netty.handler.HttpHandler - 

Request DefaultFullHttpRequest(decodeResult: success, version: HTTP/1.1, content: EmptyByteBufBE)
GET /session/40eca24c4f7d45aa26ee0a29806203cc/element/843fc66d-e35d-437a-8186-f08f47d432f0/name HTTP/1.1
User-Agent: selenium/4.1.2 (java windows)
Cache-Control: no-cache
Content-Type: application/json; charset=utf-8
host: localhost:52473
accept: */*

Response DefaultHttpResponse(decodeResult: success, version: HTTP/1.1)
HTTP/1.1 200 OK
Content-Type: application/json; charset=utf-8
cache-control: no-cache
content-length: 18

11:07:23.367 [AsyncHttpClient-1-7] DEBUG org.asynchttpclient.netty.channel.ChannelManager - Adding key: http://localhost:52473 for channel [id: 0x56946579, L:/127.0.0.1:60552 - R:localhost/127.0.0.1:52473]
11:07:23.369 [Forwarding getElementTagName on session 40eca24c4f7d45aa26ee0a29806203cc to remote] DEBUG org.asynchttpclient.netty.request.NettyRequestSender - Using pooled Channel '[id: 0x56946579, L:/127.0.0.1:60552 - R:localhost/127.0.0.1:52473]' for 'GET' to 'http://localhost:52473/session/40eca24c4f7d45aa26ee0a29806203cc/element/843fc66d-e35d-437a-8186-f08f47d432f0/name'
11:07:23.369 [Forwarding getElementTagName on session 40eca24c4f7d45aa26ee0a29806203cc to remote] DEBUG org.asynchttpclient.netty.request.NettyRequestSender - Using open Channel [id: 0x56946579, L:/127.0.0.1:60552 - R:localhost/127.0.0.1:52473] for GET '/session/40eca24c4f7d45aa26ee0a29806203cc/element/843fc66d-e35d-437a-8186-f08f47d432f0/name'
11:07:23.377 [AsyncHttpClient-1-7] DEBUG org.asynchttpclient.netty.handler.HttpHandler - 

Request DefaultFullHttpRequest(decodeResult: success, version: HTTP/1.1, content: EmptyByteBufBE)
GET /session/40eca24c4f7d45aa26ee0a29806203cc/element/843fc66d-e35d-437a-8186-f08f47d432f0/name HTTP/1.1
User-Agent: selenium/4.1.2 (java windows)
Cache-Control: no-cache
Content-Type: application/json; charset=utf-8
host: localhost:52473
accept: */*

Response DefaultHttpResponse(decodeResult: success, version: HTTP/1.1)
HTTP/1.1 200 OK
Content-Type: application/json; charset=utf-8
cache-control: no-cache
content-length: 18

11:07:23.377 [AsyncHttpClient-1-7] DEBUG org.asynchttpclient.netty.channel.ChannelManager - Adding key: http://localhost:52473 for channel [id: 0x56946579, L:/127.0.0.1:60552 - R:localhost/127.0.0.1:52473]
11:07:23.382 [Forwarding isElementEnabled on session 40eca24c4f7d45aa26ee0a29806203cc to remote] DEBUG org.asynchttpclient.netty.request.NettyRequestSender - Using pooled Channel '[id: 0x56946579, L:/127.0.0.1:60552 - R:localhost/127.0.0.1:52473]' for 'GET' to 'http://localhost:52473/session/40eca24c4f7d45aa26ee0a29806203cc/element/843fc66d-e35d-437a-8186-f08f47d432f0/enabled'
11:07:23.382 [Forwarding isElementEnabled on session 40eca24c4f7d45aa26ee0a29806203cc to remote] DEBUG org.asynchttpclient.netty.request.NettyRequestSender - Using open Channel [id: 0x56946579, L:/127.0.0.1:60552 - R:localhost/127.0.0.1:52473] for GET '/session/40eca24c4f7d45aa26ee0a29806203cc/element/843fc66d-e35d-437a-8186-f08f47d432f0/enabled'
11:07:23.420 [AsyncHttpClient-1-7] DEBUG org.asynchttpclient.netty.handler.HttpHandler - 

Request DefaultFullHttpRequest(decodeResult: success, version: HTTP/1.1, content: EmptyByteBufBE)
GET /session/40eca24c4f7d45aa26ee0a29806203cc/element/843fc66d-e35d-437a-8186-f08f47d432f0/enabled HTTP/1.1
User-Agent: selenium/4.1.2 (java windows)
Cache-Control: no-cache
Content-Type: application/json; charset=utf-8
host: localhost:52473
accept: */*

Response DefaultHttpResponse(decodeResult: success, version: HTTP/1.1)
HTTP/1.1 200 OK
Content-Type: application/json; charset=utf-8
cache-control: no-cache
content-length: 14

11:07:23.421 [AsyncHttpClient-1-7] DEBUG org.asynchttpclient.netty.channel.ChannelManager - Adding key: http://localhost:52473 for channel [id: 0x56946579, L:/127.0.0.1:60552 - R:localhost/127.0.0.1:52473]
11:07:23.424 [Forwarding isElementEnabled on session 40eca24c4f7d45aa26ee0a29806203cc to remote] DEBUG org.asynchttpclient.netty.request.NettyRequestSender - Using pooled Channel '[id: 0x56946579, L:/127.0.0.1:60552 - R:localhost/127.0.0.1:52473]' for 'GET' to 'http://localhost:52473/session/40eca24c4f7d45aa26ee0a29806203cc/element/843fc66d-e35d-437a-8186-f08f47d432f0/enabled'
11:07:23.424 [Forwarding isElementEnabled on session 40eca24c4f7d45aa26ee0a29806203cc to remote] DEBUG org.asynchttpclient.netty.request.NettyRequestSender - Using open Channel [id: 0x56946579, L:/127.0.0.1:60552 - R:localhost/127.0.0.1:52473] for GET '/session/40eca24c4f7d45aa26ee0a29806203cc/element/843fc66d-e35d-437a-8186-f08f47d432f0/enabled'
11:07:23.438 [AsyncHttpClient-1-7] DEBUG org.asynchttpclient.netty.handler.HttpHandler - 

Request DefaultFullHttpRequest(decodeResult: success, version: HTTP/1.1, content: EmptyByteBufBE)
GET /session/40eca24c4f7d45aa26ee0a29806203cc/element/843fc66d-e35d-437a-8186-f08f47d432f0/enabled HTTP/1.1
User-Agent: selenium/4.1.2 (java windows)
Cache-Control: no-cache
Content-Type: application/json; charset=utf-8
host: localhost:52473
accept: */*

Response DefaultHttpResponse(decodeResult: success, version: HTTP/1.1)
HTTP/1.1 200 OK
Content-Type: application/json; charset=utf-8
cache-control: no-cache
content-length: 14

11:07:23.442 [AsyncHttpClient-1-7] DEBUG org.asynchttpclient.netty.channel.ChannelManager - Adding key: http://localhost:52473 for channel [id: 0x56946579, L:/127.0.0.1:60552 - R:localhost/127.0.0.1:52473]
11:07:23.447 [Forwarding findElement on session 40eca24c4f7d45aa26ee0a29806203cc to remote] DEBUG org.asynchttpclient.netty.request.NettyRequestSender - Using pooled Channel '[id: 0x56946579, L:/127.0.0.1:60552 - R:localhost/127.0.0.1:52473]' for 'POST' to 'http://localhost:52473/session/40eca24c4f7d45aa26ee0a29806203cc/element'
11:07:23.447 [Forwarding findElement on session 40eca24c4f7d45aa26ee0a29806203cc to remote] DEBUG org.asynchttpclient.netty.request.NettyRequestSender - Using open Channel [id: 0x56946579, L:/127.0.0.1:60552 - R:localhost/127.0.0.1:52473] for POST '/session/40eca24c4f7d45aa26ee0a29806203cc/element'
11:07:23.464 [AsyncHttpClient-1-7] DEBUG org.asynchttpclient.netty.handler.HttpHandler - 

Request DefaultHttpRequest(decodeResult: success, version: HTTP/1.1)
POST /session/40eca24c4f7d45aa26ee0a29806203cc/element HTTP/1.1
User-Agent: selenium/4.1.2 (java windows)
Content-Length: 149
Content-Type: application/json; charset=utf-8
host: localhost:52473
accept: */*

Response DefaultHttpResponse(decodeResult: success, version: HTTP/1.1)
HTTP/1.1 200 OK
Content-Type: application/json; charset=utf-8
cache-control: no-cache
content-length: 88

11:07:23.464 [AsyncHttpClient-1-7] DEBUG org.asynchttpclient.netty.channel.ChannelManager - Adding key: http://localhost:52473 for channel [id: 0x56946579, L:/127.0.0.1:60552 - R:localhost/127.0.0.1:52473]
11:07:23.467 [Forwarding clickElement on session 40eca24c4f7d45aa26ee0a29806203cc to remote] DEBUG org.asynchttpclient.netty.request.NettyRequestSender - Using pooled Channel '[id: 0x56946579, L:/127.0.0.1:60552 - R:localhost/127.0.0.1:52473]' for 'POST' to 'http://localhost:52473/session/40eca24c4f7d45aa26ee0a29806203cc/element/843fc66d-e35d-437a-8186-f08f47d432f0/click'
11:07:23.467 [Forwarding clickElement on session 40eca24c4f7d45aa26ee0a29806203cc to remote] DEBUG org.asynchttpclient.netty.request.NettyRequestSender - Using open Channel [id: 0x56946579, L:/127.0.0.1:60552 - R:localhost/127.0.0.1:52473] for POST '/session/40eca24c4f7d45aa26ee0a29806203cc/element/843fc66d-e35d-437a-8186-f08f47d432f0/click'
11:07:23.597 [AsyncHttpClient-1-7] DEBUG org.asynchttpclient.netty.handler.HttpHandler - 

Request DefaultHttpRequest(decodeResult: success, version: HTTP/1.1)
POST /session/40eca24c4f7d45aa26ee0a29806203cc/element/843fc66d-e35d-437a-8186-f08f47d432f0/click HTTP/1.1
User-Agent: selenium/4.1.2 (java windows)
Content-Length: 50
Content-Type: application/json; charset=utf-8
host: localhost:52473
accept: */*

Response DefaultHttpResponse(decodeResult: success, version: HTTP/1.1)
HTTP/1.1 200 OK
Content-Type: application/json; charset=utf-8
cache-control: no-cache
content-length: 14

11:07:23.598 [AsyncHttpClient-1-7] DEBUG org.asynchttpclient.netty.channel.ChannelManager - Adding key: http://localhost:52473 for channel [id: 0x56946579, L:/127.0.0.1:60552 - R:localhost/127.0.0.1:52473]
11:07:23.619 [AsyncHttpClient-1-1] DEBUG org.asynchttpclient.netty.channel.DefaultChannelPool - Entry count for : http://localhost:52473 : 1
11:07:23.619 [AsyncHttpClient-1-1] DEBUG org.asynchttpclient.netty.channel.DefaultChannelPool - Entry count for : http://localhost:60553 : 1
11:07:23.621 [Forwarding screenshot on session 40eca24c4f7d45aa26ee0a29806203cc to remote] DEBUG org.asynchttpclient.netty.request.NettyRequestSender - Using pooled Channel '[id: 0x56946579, L:/127.0.0.1:60552 - R:localhost/127.0.0.1:52473]' for 'GET' to 'http://localhost:52473/session/40eca24c4f7d45aa26ee0a29806203cc/screenshot'
11:07:23.621 [Forwarding screenshot on session 40eca24c4f7d45aa26ee0a29806203cc to remote] DEBUG org.asynchttpclient.netty.request.NettyRequestSender - Using open Channel [id: 0x56946579, L:/127.0.0.1:60552 - R:localhost/127.0.0.1:52473] for GET '/session/40eca24c4f7d45aa26ee0a29806203cc/screenshot'
11:07:24.455 [AsyncHttpClient-1-7] DEBUG org.asynchttpclient.netty.handler.HttpHandler - 

Request DefaultFullHttpRequest(decodeResult: success, version: HTTP/1.1, content: EmptyByteBufBE)
GET /session/40eca24c4f7d45aa26ee0a29806203cc/screenshot HTTP/1.1
User-Agent: selenium/4.1.2 (java windows)
Cache-Control: no-cache
Content-Type: application/json; charset=utf-8
host: localhost:52473
accept: */*

Response DefaultHttpResponse(decodeResult: success, version: HTTP/1.1)
HTTP/1.1 200 OK
Content-Type: application/json; charset=utf-8
cache-control: no-cache
content-length: 362520

11:07:24.460 [AsyncHttpClient-1-7] DEBUG org.asynchttpclient.netty.channel.ChannelManager - Adding key: http://localhost:52473 for channel [id: 0x56946579, L:/127.0.0.1:60552 - R:localhost/127.0.0.1:52473]
11:07:24.500 [main] DEBUG net.serenitybdd.core.photography.Darkroom - Send negative for processing for target\site\serenity\bd054c7864fa0581a673d170d1673e71a23177da14a174145f33de1a2469681e.png
11:07:24.500 [main] DEBUG net.thucydides.core.steps.StepInterceptor - STEP DONE: clickButtonSave
  &amp#27;[32mAnd &amp#27;[0m&amp#27;[32mClick button simpan&amp#27;[0m                                     &amp#27;[90m# starter.stepdefinitios.PatientDataSteps.clickButtonSimpan()&amp#27;[0m
11:07:24.501 [Darkroom Processing Line] DEBUG net.serenitybdd.core.photography.DarkroomProcessingLine - Processing screenshot image in /var/screenshots/screenshot-12853043885581016743
11:07:24.501 [Darkroom Processing Line] DEBUG net.serenitybdd.core.photography.DarkroomProcessingLine - Saving screenshot to target\site\serenity\bd054c7864fa0581a673d170d1673e71a23177da14a174145f33de1a2469681e.png
11:07:24.586 [Forwarding screenshot on session 40eca24c4f7d45aa26ee0a29806203cc to remote] DEBUG org.asynchttpclient.netty.request.NettyRequestSender - Using pooled Channel '[id: 0x56946579, L:/127.0.0.1:60552 - R:localhost/127.0.0.1:52473]' for 'GET' to 'http://localhost:52473/session/40eca24c4f7d45aa26ee0a29806203cc/screenshot'
11:07:24.586 [Forwarding screenshot on session 40eca24c4f7d45aa26ee0a29806203cc to remote] DEBUG org.asynchttpclient.netty.request.NettyRequestSender - Using open Channel [id: 0x56946579, L:/127.0.0.1:60552 - R:localhost/127.0.0.1:52473] for GET '/session/40eca24c4f7d45aa26ee0a29806203cc/screenshot'
11:07:24.600 [AsyncHttpClient-1-7] DEBUG org.asynchttpclient.netty.handler.HttpHandler - 

Request DefaultFullHttpRequest(decodeResult: success, version: HTTP/1.1, content: EmptyByteBufBE)
GET /session/40eca24c4f7d45aa26ee0a29806203cc/screenshot HTTP/1.1
User-Agent: selenium/4.1.2 (java windows)
Cache-Control: no-cache
Content-Type: application/json; charset=utf-8
host: localhost:52473
accept: */*

Response DefaultHttpResponse(decodeResult: success, version: HTTP/1.1)
HTTP/1.1 500 Internal Server Error
Content-Type: application/json; charset=utf-8
cache-control: no-cache
content-length: 921

11:07:24.601 [AsyncHttpClient-1-7] DEBUG org.asynchttpclient.netty.channel.ChannelManager - Adding key: http://localhost:52473 for channel [id: 0x56946579, L:/127.0.0.1:60552 - R:localhost/127.0.0.1:52473]
11:07:24.615 [main] WARN net.thucydides.core.webdriver.WebDriverFacade - Failed to take screenshot (unexpected alert open: {Alert text : Data telah ditambah}
  (Session info: chrome=102.0.5005.115): Data telah ditambah
Build info: version: '4.1.2', revision: '9a5a329c5a'
System info: host: 'MOOK-HON', ip: '192.168.100.6', os.name: 'Windows 10', os.arch: 'amd64', os.version: '10.0', java.version: '11.0.14'
Driver info: org.openqa.selenium.chrome.ChromeDriver
Command: [40eca24c4f7d45aa26ee0a29806203cc, screenshot {}]
Capabilities {acceptInsecureCerts: false, browserName: chrome, browserVersion: 102.0.5005.115, chrome: {chromedriverVersion: 102.0.5005.61 (0e59bcc00cc4..., userDataDir: C:\Users\ASUS\AppData\Local...}, goog:chromeOptions: {debuggerAddress: localhost:60553}, javascriptEnabled: true, networkConnectionEnabled: false, pageLoadStrategy: normal, platform: WINDOWS, platformName: WINDOWS, proxy: Proxy(), se:cdp: ws://localhost:60553/devtoo..., se:cdpVersion: 102.0.5005.115, setWindowRect: true, strictFileInteractability: false, timeouts: {implicit: 0, pageLoad: 300000, script: 30000}, unhandledPromptBehavior: dismiss and notify, webauthn:extension:credBlob: true, webauthn:extension:largeBlob: true, webauthn:virtualAuthenticators: true}
Session ID: 40eca24c4f7d45aa26ee0a29806203cc)
11:07:24.721 [AsyncHttpClient-1-1] DEBUG org.asynchttpclient.netty.channel.DefaultChannelPool - Entry count for : http://localhost:52473 : 1
11:07:24.722 [AsyncHttpClient-1-1] DEBUG org.asynchttpclient.netty.channel.DefaultChannelPool - Entry count for : http://localhost:60553 : 1
11:07:25.140 [Forwarding screenshot on session 40eca24c4f7d45aa26ee0a29806203cc to remote] DEBUG org.asynchttpclient.netty.request.NettyRequestSender - Using pooled Channel '[id: 0x56946579, L:/127.0.0.1:60552 - R:localhost/127.0.0.1:52473]' for 'GET' to 'http://localhost:52473/session/40eca24c4f7d45aa26ee0a29806203cc/screenshot'
11:07:25.141 [Forwarding screenshot on session 40eca24c4f7d45aa26ee0a29806203cc to remote] DEBUG org.asynchttpclient.netty.request.NettyRequestSender - Using open Channel [id: 0x56946579, L:/127.0.0.1:60552 - R:localhost/127.0.0.1:52473] for GET '/session/40eca24c4f7d45aa26ee0a29806203cc/screenshot'
11:07:25.346 [AsyncHttpClient-1-7] DEBUG org.asynchttpclient.netty.handler.HttpHandler - 

Request DefaultFullHttpRequest(decodeResult: success, version: HTTP/1.1, content: EmptyByteBufBE)
GET /session/40eca24c4f7d45aa26ee0a29806203cc/screenshot HTTP/1.1
User-Agent: selenium/4.1.2 (java windows)
Cache-Control: no-cache
Content-Type: application/json; charset=utf-8
host: localhost:52473
accept: */*

Response DefaultHttpResponse(decodeResult: success, version: HTTP/1.1)
HTTP/1.1 200 OK
Content-Type: application/json; charset=utf-8
cache-control: no-cache
content-length: 71412

11:07:25.347 [AsyncHttpClient-1-7] DEBUG org.asynchttpclient.netty.channel.ChannelManager - Adding key: http://localhost:52473 for channel [id: 0x56946579, L:/127.0.0.1:60552 - R:localhost/127.0.0.1:52473]
11:07:25.355 [main] DEBUG net.serenitybdd.core.photography.Darkroom - Send negative for processing for target\site\serenity\641553ea0c7ee1350e9d99c43bd8b22ab0037bbbf11d544d65f62061eb96ca5a.png
11:07:25.355 [main] DEBUG net.thucydides.core.steps.StepInterceptor - STARTING STEP: DokterDataSteps.validDataDokter - validPagePasien
11:07:25.361 [Forwarding findElement on session 40eca24c4f7d45aa26ee0a29806203cc to remote] DEBUG org.asynchttpclient.netty.request.NettyRequestSender - Using pooled Channel '[id: 0x56946579, L:/127.0.0.1:60552 - R:localhost/127.0.0.1:52473]' for 'POST' to 'http://localhost:52473/session/40eca24c4f7d45aa26ee0a29806203cc/element'
11:07:25.361 [Forwarding findElement on session 40eca24c4f7d45aa26ee0a29806203cc to remote] DEBUG org.asynchttpclient.netty.request.NettyRequestSender - Using open Channel [id: 0x56946579, L:/127.0.0.1:60552 - R:localhost/127.0.0.1:52473] for POST '/session/40eca24c4f7d45aa26ee0a29806203cc/element'
11:07:25.386 [AsyncHttpClient-1-7] DEBUG org.asynchttpclient.netty.handler.HttpHandler - 

Request DefaultHttpRequest(decodeResult: success, version: HTTP/1.1)
POST /session/40eca24c4f7d45aa26ee0a29806203cc/element HTTP/1.1
User-Agent: selenium/4.1.2 (java windows)
Content-Length: 138
Content-Type: application/json; charset=utf-8
host: localhost:52473
accept: */*

Response DefaultHttpResponse(decodeResult: success, version: HTTP/1.1)
HTTP/1.1 200 OK
Content-Type: application/json; charset=utf-8
cache-control: no-cache
content-length: 88

11:07:25.386 [AsyncHttpClient-1-7] DEBUG org.asynchttpclient.netty.channel.ChannelManager - Adding key: http://localhost:52473 for channel [id: 0x56946579, L:/127.0.0.1:60552 - R:localhost/127.0.0.1:52473]
11:07:25.388 [Forwarding isElementEnabled on session 40eca24c4f7d45aa26ee0a29806203cc to remote] DEBUG org.asynchttpclient.netty.request.NettyRequestSender - Using pooled Channel '[id: 0x56946579, L:/127.0.0.1:60552 - R:localhost/127.0.0.1:52473]' for 'GET' to 'http://localhost:52473/session/40eca24c4f7d45aa26ee0a29806203cc/element/469863d0-cf20-469c-92d1-ff74f006d983/enabled'
11:07:25.388 [Forwarding isElementEnabled on session 40eca24c4f7d45aa26ee0a29806203cc to remote] DEBUG org.asynchttpclient.netty.request.NettyRequestSender - Using open Channel [id: 0x56946579, L:/127.0.0.1:60552 - R:localhost/127.0.0.1:52473] for GET '/session/40eca24c4f7d45aa26ee0a29806203cc/element/469863d0-cf20-469c-92d1-ff74f006d983/enabled'
11:07:25.404 [AsyncHttpClient-1-7] DEBUG org.asynchttpclient.netty.handler.HttpHandler - 

Request DefaultFullHttpRequest(decodeResult: success, version: HTTP/1.1, content: EmptyByteBufBE)
GET /session/40eca24c4f7d45aa26ee0a29806203cc/element/469863d0-cf20-469c-92d1-ff74f006d983/enabled HTTP/1.1
User-Agent: selenium/4.1.2 (java windows)
Cache-Control: no-cache
Content-Type: application/json; charset=utf-8
host: localhost:52473
accept: */*

Response DefaultHttpResponse(decodeResult: success, version: HTTP/1.1)
HTTP/1.1 200 OK
Content-Type: application/json; charset=utf-8
cache-control: no-cache
content-length: 14

11:07:25.404 [AsyncHttpClient-1-7] DEBUG org.asynchttpclient.netty.channel.ChannelManager - Adding key: http://localhost:52473 for channel [id: 0x56946579, L:/127.0.0.1:60552 - R:localhost/127.0.0.1:52473]
11:07:25.415 [Forwarding screenshot on session 40eca24c4f7d45aa26ee0a29806203cc to remote] DEBUG org.asynchttpclient.netty.request.NettyRequestSender - Using pooled Channel '[id: 0x56946579, L:/127.0.0.1:60552 - R:localhost/127.0.0.1:52473]' for 'GET' to 'http://localhost:52473/session/40eca24c4f7d45aa26ee0a29806203cc/screenshot'
11:07:25.415 [Forwarding screenshot on session 40eca24c4f7d45aa26ee0a29806203cc to remote] DEBUG org.asynchttpclient.netty.request.NettyRequestSender - Using open Channel [id: 0x56946579, L:/127.0.0.1:60552 - R:localhost/127.0.0.1:52473] for GET '/session/40eca24c4f7d45aa26ee0a29806203cc/screenshot'
11:07:25.577 [AsyncHttpClient-1-7] DEBUG org.asynchttpclient.netty.handler.HttpHandler - 

Request DefaultFullHttpRequest(decodeResult: success, version: HTTP/1.1, content: EmptyByteBufBE)
GET /session/40eca24c4f7d45aa26ee0a29806203cc/screenshot HTTP/1.1
User-Agent: selenium/4.1.2 (java windows)
Cache-Control: no-cache
Content-Type: application/json; charset=utf-8
host: localhost:52473
accept: */*

Response DefaultHttpResponse(decodeResult: success, version: HTTP/1.1)
HTTP/1.1 200 OK
Content-Type: application/json; charset=utf-8
cache-control: no-cache
content-length: 78596

11:07:25.578 [AsyncHttpClient-1-7] DEBUG org.asynchttpclient.netty.channel.ChannelManager - Adding key: http://localhost:52473 for channel [id: 0x56946579, L:/127.0.0.1:60552 - R:localhost/127.0.0.1:52473]
11:07:25.584 [main] DEBUG net.serenitybdd.core.photography.Darkroom - Send negative for processing for target\site\serenity\dc7203ef7375211ffaeaec2456e3bc10c73b12cbbf5c00d78547cf37e8004ff1.png
11:07:25.584 [main] DEBUG net.thucydides.core.steps.StepInterceptor - STEP DONE: validPagePasien
  &amp#27;[32mAnd &amp#27;[0m&amp#27;[32mValid data dokter&amp#27;[0m                                       &amp#27;[90m# starter.stepdefinitios.DokterDataSteps.validDataDokter()&amp#27;[0m
11:07:25.585 [Darkroom Processing Line] DEBUG net.serenitybdd.core.photography.DarkroomProcessingLine - Processing screenshot image in /var/screenshots/screenshot-5661212379378076308
11:07:25.585 [Darkroom Processing Line] DEBUG net.serenitybdd.core.photography.DarkroomProcessingLine - Saving screenshot to target\site\serenity\dc7203ef7375211ffaeaec2456e3bc10c73b12cbbf5c00d78547cf37e8004ff1.png
11:07:25.610 [AsyncHttpClient-1-9] DEBUG org.asynchttpclient.netty.handler.WebSocketHandler - Channel Closed: [id: 0x6dcf3d28, L:/127.0.0.1:60565 ! R:localhost/127.0.0.1:60553] with attribute NettyResponseFuture{currentRetry=5,
	isDone=1,
	isCancelled=0,
	asyncHandler=org.asynchttpclient.ws.WebSocketUpgradeHandler@7e61e1e3,
	nettyRequest=org.asynchttpclient.netty.request.NettyRequest@5981e87e,
	future=java.util.concurrent.CompletableFuture@45907f03[Completed normally],
	uri=ws://localhost:60553/devtools/browser/478f4b17-5186-4513-8bc8-1142b5227cf9,
	keepAlive=true,
	redirectCount=0,
	timeoutsHolder=null,
	inAuth=0,
	touch=1655525237291}
11:07:25.611 [AsyncHttpClient-1-9] DEBUG org.asynchttpclient.netty.channel.ChannelManager - Closing Channel [id: 0x6dcf3d28, L:/127.0.0.1:60565 ! R:localhost/127.0.0.1:60553] 
11:07:25.611 [Driver Command Executor] DEBUG org.asynchttpclient.netty.request.NettyRequestSender - Using pooled Channel '[id: 0x56946579, L:/127.0.0.1:60552 - R:localhost/127.0.0.1:52473]' for 'DELETE' to 'http://localhost:52473/session/40eca24c4f7d45aa26ee0a29806203cc'
11:07:25.611 [Driver Command Executor] DEBUG org.asynchttpclient.netty.request.NettyRequestSender - Using open Channel [id: 0x56946579, L:/127.0.0.1:60552 - R:localhost/127.0.0.1:52473] for DELETE '/session/40eca24c4f7d45aa26ee0a29806203cc'
11:07:25.816 [AsyncHttpClient-1-1] DEBUG org.asynchttpclient.netty.channel.DefaultChannelPool - Entry count for : http://localhost:60553 : 1
11:07:25.873 [AsyncHttpClient-1-8] DEBUG org.asynchttpclient.netty.handler.HttpHandler - Unexpected I/O exception on channel [id: 0xaa656e4e, L:/127.0.0.1:60564 - R:localhost/127.0.0.1:60553]
java.io.IOException: An existing connection was forcibly closed by the remote host
	at java.base/sun.nio.ch.SocketDispatcher.read0(Native Method)
	at java.base/sun.nio.ch.SocketDispatcher.read(SocketDispatcher.java:43)
	at java.base/sun.nio.ch.IOUtil.readIntoNativeBuffer(IOUtil.java:276)
	at java.base/sun.nio.ch.IOUtil.read(IOUtil.java:233)
	at java.base/sun.nio.ch.IOUtil.read(IOUtil.java:223)
	at java.base/sun.nio.ch.SocketChannelImpl.read(SocketChannelImpl.java:358)
	at io.netty.buffer.PooledByteBuf.setBytes(PooledByteBuf.java:258)
	at io.netty.buffer.AbstractByteBuf.writeBytes(AbstractByteBuf.java:1132)
	at io.netty.channel.socket.nio.NioSocketChannel.doReadBytes(NioSocketChannel.java:350)
	at io.netty.channel.nio.AbstractNioByteChannel$NioByteUnsafe.read(AbstractNioByteChannel.java:151)
	at io.netty.channel.nio.NioEventLoop.processSelectedKey(NioEventLoop.java:722)
	at io.netty.channel.nio.NioEventLoop.processSelectedKeysOptimized(NioEventLoop.java:658)
	at io.netty.channel.nio.NioEventLoop.processSelectedKeys(NioEventLoop.java:584)
	at io.netty.channel.nio.NioEventLoop.run(NioEventLoop.java:496)
	at io.netty.util.concurrent.SingleThreadEventExecutor$4.run(SingleThreadEventExecutor.java:986)
	at io.netty.util.internal.ThreadExecutorMap$2.run(ThreadExecutorMap.java:74)
	at io.netty.util.concurrent.FastThreadLocalRunnable.run(FastThreadLocalRunnable.java:30)
	at java.base/java.lang.Thread.run(Thread.java:834)
11:07:25.873 [AsyncHttpClient-1-8] DEBUG org.asynchttpclient.netty.channel.ChannelManager - Closing Channel [id: 0xaa656e4e, L:/127.0.0.1:60564 - R:localhost/127.0.0.1:60553] 
11:07:25.874 [AsyncHttpClient-1-8] DEBUG org.asynchttpclient.netty.handler.HttpHandler - Channel Closed: [id: 0xaa656e4e, L:/127.0.0.1:60564 ! R:localhost/127.0.0.1:60553] with attribute DISCARD
11:07:25.900 [AsyncHttpClient-1-7] DEBUG org.asynchttpclient.netty.handler.HttpHandler - 

Request DefaultFullHttpRequest(decodeResult: success, version: HTTP/1.1, content: EmptyByteBufBE)
DELETE /session/40eca24c4f7d45aa26ee0a29806203cc HTTP/1.1
User-Agent: selenium/4.1.2 (java windows)
Content-Type: application/json; charset=utf-8
host: localhost:52473
accept: */*

Response DefaultHttpResponse(decodeResult: success, version: HTTP/1.1)
HTTP/1.1 200 OK
Content-Type: application/json; charset=utf-8
cache-control: no-cache
content-length: 14

11:07:25.901 [AsyncHttpClient-1-7] DEBUG org.asynchttpclient.netty.channel.ChannelManager - Adding key: http://localhost:52473 for channel [id: 0x56946579, L:/127.0.0.1:60552 - R:localhost/127.0.0.1:52473]
11:07:26.273 [AsyncHttpClient-1-7] DEBUG org.asynchttpclient.netty.handler.HttpHandler - Channel Closed: [id: 0x56946579, L:/127.0.0.1:60552 ! R:localhost/127.0.0.1:52473] with attribute DISCARD
]]></system-out>
    <system-err><![CDATA[Starting ChromeDriver 102.0.5005.61 (0e59bcc00cc4985ce39ad31c150065f159d95ad3-refs/branch-heads/5005@{#819}) on port 52473
Only local connections are allowed.
Please see https://chromedriver.chromium.org/security-considerations for suggestions on keeping ChromeDriver safe.
ChromeDriver was started successfully.
Jun 18, 2022 11:07:17 AM org.openqa.selenium.remote.ProtocolHandshake createSession
INFO: Detected dialect: W3C
Jun 18, 2022 11:07:17 AM org.openqa.selenium.devtools.CdpVersionFinder findNearestMatch
WARNING: Unable to find an exact match for CDP version 102, so returning the closest version found: a no-op implementation
Jun 18, 2022 11:07:17 AM org.openqa.selenium.devtools.CdpVersionFinder findNearestMatch
INFO: Unable to find CDP implementation matching 102.
Jun 18, 2022 11:07:17 AM org.openqa.selenium.chromium.ChromiumDriver lambda$new$3
WARNING: Unable to find version of CDP to use for . You may need to include a dependency on a specific version of the CDP using something similar to `org.seleniumhq.selenium:selenium-devtools-v86:4.1.2` where the version ("v86") matches the version of the chromium-based browser you're using and the version number of the artifact is the same as Selenium's.
]]></system-err>
  </testcase>
  <testcase name="As a admin i want to edit data dokter #1" classname="Data Dokter Admin" time="22.191">
    <system-out><![CDATA[
@DataDokter @EditDokterData
Scenario Outline: As a admin i want to edit data dokter                 &amp#27;[90m# src/test/resources/features/2DataDokter.feature:44&amp#27;[0m
11:07:26.835 [main] INFO io.cucumber.core.plugin.SerenityReporter - Running feature from file:///D:/New%20folder%20(2)/Capstone/Testing/src/test/resources/features/2DataDokter.feature
11:07:26.848 [main] INFO  - 
  _____   ___   ___   _____     ___   _____     _     ___   _____   ___   ___  
 |_   _| | __| / __| |_   _|   / __| |_   _|   /_\   | _ \ |_   _| | __| |   \ 
   | |   | _|  \__ \   | |     \__ \   | |    / _ \  |   /   | |   | _|  | |) |
   |_|   |___| |___/   |_|     |___/   |_|   /_/ \_\ |_|_\   |_|   |___| |___/ 

As a admin i want to edit data dokter(data-dokter-admin;as-a-admin-i-want-to-edit-data-dokter)
--------------------------------------------------------------------------------
11:07:26.931 [AsyncHttpClient-1-1] DEBUG org.asynchttpclient.netty.channel.DefaultChannelPool - Entry count for : http://localhost:52473 : 1
11:07:26.931 [AsyncHttpClient-1-1] DEBUG org.asynchttpclient.netty.channel.DefaultChannelPool - Entry count for : http://localhost:60553 : 1
11:07:26.931 [AsyncHttpClient-1-1] DEBUG org.asynchttpclient.netty.channel.DefaultChannelPool - Adding Candidate expired Channel [id: 0x56946579, L:/127.0.0.1:60552 ! R:localhost/127.0.0.1:52473] isIdleTimeoutExpired=false isRemotelyClosed=true isTtlExpired=false
11:07:26.931 [AsyncHttpClient-1-1] DEBUG org.asynchttpclient.netty.channel.DefaultChannelPool - Closing Idle Channel [id: 0x56946579, L:/127.0.0.1:60552 ! R:localhost/127.0.0.1:52473]
11:07:26.931 [AsyncHttpClient-1-1] DEBUG org.asynchttpclient.netty.channel.DefaultChannelPool - Adding Candidate expired Channel [id: 0xaa656e4e, L:/127.0.0.1:60564 ! R:localhost/127.0.0.1:60553] isIdleTimeoutExpired=false isRemotelyClosed=true isTtlExpired=false
11:07:26.931 [AsyncHttpClient-1-1] DEBUG org.asynchttpclient.netty.channel.DefaultChannelPool - Closing Idle Channel [id: 0xaa656e4e, L:/127.0.0.1:60564 ! R:localhost/127.0.0.1:60553]
11:07:26.932 [AsyncHttpClient-1-1] DEBUG org.asynchttpclient.netty.channel.DefaultChannelPool - Closed 2 connections out of 2 in 1 ms
11:07:26.987 [main] DEBUG net.thucydides.core.steps.StepInterceptor - STARTING STEP: DokterDataSteps.openPageDataDokter - openDataDokter
11:07:26.991 [main] INFO net.serenitybdd.core.webdriver.driverproviders.ChromeDriverProvider - Using automatically driver download
11:07:27.369 [main] DEBUG io.github.bonigarcia.wdm.cache.ResolutionCache - Resolution chrome=102 in cache (valid until 11:10:23 18/06/2022 ICT)
11:07:27.394 [main] DEBUG io.github.bonigarcia.wdm.cache.ResolutionCache - Resolution chrome102=102.0.5005.61 in cache (valid until 19:49:35 18/06/2022 ICT)
11:07:27.403 [main] INFO io.github.bonigarcia.wdm.WebDriverManager - Using chromedriver 102.0.5005.61 (resolved driver for Chrome 102)
11:07:27.470 [main] DEBUG io.github.bonigarcia.wdm.WebDriverManager - Driver chromedriver 102.0.5005.61 found in cache
11:07:27.477 [main] INFO io.github.bonigarcia.wdm.WebDriverManager - Exporting webdriver.chrome.driver as C:\Users\ASUS\.cache\selenium\chromedriver\win32\102.0.5005.61\chromedriver.exe
11:07:27.850 [main] DEBUG net.serenitybdd.core.webdriver.driverproviders.ProvideNewDriver - Instantiating driver
11:07:27.850 [main] DEBUG net.serenitybdd.core.webdriver.driverproviders.ProvideNewDriver - Driver capabilities: Capabilities {acceptInsecureCerts: false, base.url: https://fanciful-trifle-360..., browserName: chrome, chore.driver: src/test/resources/webdrive..., driver: chrome, goog:chromeOptions: {args: [], extensions: []}}
11:07:28.429 [AsyncHttpClient-1-2] DEBUG org.asynchttpclient.netty.channel.NettyConnectListener - Using new Channel '[id: 0x43035804, L:/127.0.0.1:60589 - R:localhost/127.0.0.1:50888]' for 'POST' to '/session'
11:07:30.541 [AsyncHttpClient-1-2] DEBUG org.asynchttpclient.netty.handler.HttpHandler - 

Request DefaultHttpRequest(decodeResult: success, version: HTTP/1.1)
POST /session HTTP/1.1
User-Agent: selenium/4.1.2 (java windows)
Content-Length: 628
Content-Type: application/json; charset=utf-8
host: localhost:50888
accept: */*

Response DefaultHttpResponse(decodeResult: success, version: HTTP/1.1)
HTTP/1.1 200 OK
Content-Type: application/json; charset=utf-8
cache-control: no-cache
content-length: 790

11:07:30.545 [AsyncHttpClient-1-2] DEBUG org.asynchttpclient.netty.channel.ChannelManager - Adding key: http://localhost:50888 for channel [id: 0x43035804, L:/127.0.0.1:60589 - R:localhost/127.0.0.1:50888]
11:07:30.700 [AsyncHttpClient-1-3] DEBUG org.asynchttpclient.netty.channel.NettyConnectListener - Using new Channel '[id: 0x729d9761, L:/127.0.0.1:60601 - R:localhost/127.0.0.1:60590]' for 'GET' to '/json/version'
11:07:30.703 [AsyncHttpClient-1-3] DEBUG org.asynchttpclient.netty.handler.HttpHandler - 

Request DefaultFullHttpRequest(decodeResult: success, version: HTTP/1.1, content: EmptyByteBufBE)
GET /json/version HTTP/1.1
User-Agent: selenium/4.1.2 (java windows)
host: localhost:60590
accept: */*

Response DefaultHttpResponse(decodeResult: success, version: HTTP/1.1)
HTTP/1.1 200 OK
Content-Type: application/json; charset=UTF-8
content-length: 428

11:07:30.704 [AsyncHttpClient-1-3] DEBUG org.asynchttpclient.netty.channel.ChannelManager - Adding key: http://localhost:60590 for channel [id: 0x729d9761, L:/127.0.0.1:60601 - R:localhost/127.0.0.1:60590]
11:07:30.728 [AsyncHttpClient-1-4] DEBUG org.asynchttpclient.netty.channel.NettyConnectListener - Using new Channel '[id: 0xd782e9c5, L:/127.0.0.1:60602 - R:localhost/127.0.0.1:60590]' for 'GET' to '/devtools/browser/93fe3494-0589-483b-adc4-725d4609b95a'
11:07:30.731 [AsyncHttpClient-1-4] DEBUG org.asynchttpclient.netty.handler.WebSocketHandler - 

Request DefaultFullHttpRequest(decodeResult: success, version: HTTP/1.1, content: EmptyByteBufBE)
GET /devtools/browser/93fe3494-0589-483b-adc4-725d4609b95a HTTP/1.1
upgrade: websocket
connection: upgrade
sec-websocket-key: hEZrQypob/wydx5TI2j9IA==
sec-websocket-version: 13
origin: http://localhost:60590
host: localhost:60590
accept: */*
user-agent: AHC/2.1

Response DefaultHttpResponse(decodeResult: success, version: HTTP/1.1)
HTTP/1.1 101 WebSocket Protocol Handshake
Upgrade: WebSocket
Connection: Upgrade
Sec-WebSocket-Accept: AqN/g32BhD2QI8bwhGfXKdL/FQ8=

11:07:30.768 [Forwarding get on session adbb71fc47ec8c9026c60af8c2907503 to remote] DEBUG org.asynchttpclient.netty.request.NettyRequestSender - Using pooled Channel '[id: 0x43035804, L:/127.0.0.1:60589 - R:localhost/127.0.0.1:50888]' for 'POST' to 'http://localhost:50888/session/adbb71fc47ec8c9026c60af8c2907503/url'
11:07:30.768 [Forwarding get on session adbb71fc47ec8c9026c60af8c2907503 to remote] DEBUG org.asynchttpclient.netty.request.NettyRequestSender - Using open Channel [id: 0x43035804, L:/127.0.0.1:60589 - R:localhost/127.0.0.1:50888] for POST '/session/adbb71fc47ec8c9026c60af8c2907503/url'
11:07:31.316 [AsyncHttpClient-1-1] DEBUG org.asynchttpclient.netty.channel.DefaultChannelPool - Entry count for : http://localhost:60590 : 1
11:07:32.352 [AsyncHttpClient-1-2] DEBUG org.asynchttpclient.netty.handler.HttpHandler - 

Request DefaultHttpRequest(decodeResult: success, version: HTTP/1.1)
POST /session/adbb71fc47ec8c9026c60af8c2907503/url HTTP/1.1
User-Agent: selenium/4.1.2 (java windows)
Content-Length: 84
Content-Type: application/json; charset=utf-8
host: localhost:50888
accept: */*

Response DefaultHttpResponse(decodeResult: success, version: HTTP/1.1)
HTTP/1.1 200 OK
Content-Type: application/json; charset=utf-8
cache-control: no-cache
content-length: 14

11:07:32.352 [AsyncHttpClient-1-2] DEBUG org.asynchttpclient.netty.channel.ChannelManager - Adding key: http://localhost:50888 for channel [id: 0x43035804, L:/127.0.0.1:60589 - R:localhost/127.0.0.1:50888]
11:07:32.356 [Forwarding setTimeout on session adbb71fc47ec8c9026c60af8c2907503 to remote] DEBUG org.asynchttpclient.netty.request.NettyRequestSender - Using pooled Channel '[id: 0x43035804, L:/127.0.0.1:60589 - R:localhost/127.0.0.1:50888]' for 'POST' to 'http://localhost:50888/session/adbb71fc47ec8c9026c60af8c2907503/timeouts'
11:07:32.356 [Forwarding setTimeout on session adbb71fc47ec8c9026c60af8c2907503 to remote] DEBUG org.asynchttpclient.netty.request.NettyRequestSender - Using open Channel [id: 0x43035804, L:/127.0.0.1:60589 - R:localhost/127.0.0.1:50888] for POST '/session/adbb71fc47ec8c9026c60af8c2907503/timeouts'
11:07:32.360 [AsyncHttpClient-1-2] DEBUG org.asynchttpclient.netty.handler.HttpHandler - 

Request DefaultHttpRequest(decodeResult: success, version: HTTP/1.1)
POST /session/adbb71fc47ec8c9026c60af8c2907503/timeouts HTTP/1.1
User-Agent: selenium/4.1.2 (java windows)
Content-Length: 22
Content-Type: application/json; charset=utf-8
host: localhost:50888
accept: */*

Response DefaultHttpResponse(decodeResult: success, version: HTTP/1.1)
HTTP/1.1 200 OK
Content-Type: application/json; charset=utf-8
cache-control: no-cache
content-length: 14

11:07:32.360 [AsyncHttpClient-1-2] DEBUG org.asynchttpclient.netty.channel.ChannelManager - Adding key: http://localhost:50888 for channel [id: 0x43035804, L:/127.0.0.1:60589 - R:localhost/127.0.0.1:50888]
11:07:32.369 [Forwarding getCurrentUrl on session adbb71fc47ec8c9026c60af8c2907503 to remote] DEBUG org.asynchttpclient.netty.request.NettyRequestSender - Using pooled Channel '[id: 0x43035804, L:/127.0.0.1:60589 - R:localhost/127.0.0.1:50888]' for 'GET' to 'http://localhost:50888/session/adbb71fc47ec8c9026c60af8c2907503/url'
11:07:32.369 [Forwarding getCurrentUrl on session adbb71fc47ec8c9026c60af8c2907503 to remote] DEBUG org.asynchttpclient.netty.request.NettyRequestSender - Using open Channel [id: 0x43035804, L:/127.0.0.1:60589 - R:localhost/127.0.0.1:50888] for GET '/session/adbb71fc47ec8c9026c60af8c2907503/url'
11:07:32.384 [AsyncHttpClient-1-2] DEBUG org.asynchttpclient.netty.handler.HttpHandler - 

Request DefaultFullHttpRequest(decodeResult: success, version: HTTP/1.1, content: EmptyByteBufBE)
GET /session/adbb71fc47ec8c9026c60af8c2907503/url HTTP/1.1
User-Agent: selenium/4.1.2 (java windows)
Cache-Control: no-cache
Content-Type: application/json; charset=utf-8
host: localhost:50888
accept: */*

Response DefaultHttpResponse(decodeResult: success, version: HTTP/1.1)
HTTP/1.1 200 OK
Content-Type: application/json; charset=utf-8
cache-control: no-cache
content-length: 66

11:07:32.384 [AsyncHttpClient-1-2] DEBUG org.asynchttpclient.netty.channel.ChannelManager - Adding key: http://localhost:50888 for channel [id: 0x43035804, L:/127.0.0.1:60589 - R:localhost/127.0.0.1:50888]
11:07:32.425 [Forwarding screenshot on session adbb71fc47ec8c9026c60af8c2907503 to remote] DEBUG org.asynchttpclient.netty.request.NettyRequestSender - Using pooled Channel '[id: 0x43035804, L:/127.0.0.1:60589 - R:localhost/127.0.0.1:50888]' for 'GET' to 'http://localhost:50888/session/adbb71fc47ec8c9026c60af8c2907503/screenshot'
11:07:32.425 [Forwarding screenshot on session adbb71fc47ec8c9026c60af8c2907503 to remote] DEBUG org.asynchttpclient.netty.request.NettyRequestSender - Using open Channel [id: 0x43035804, L:/127.0.0.1:60589 - R:localhost/127.0.0.1:50888] for GET '/session/adbb71fc47ec8c9026c60af8c2907503/screenshot'
11:07:32.444 [AsyncHttpClient-1-1] DEBUG org.asynchttpclient.netty.channel.DefaultChannelPool - Entry count for : http://localhost:60590 : 1
11:07:33.509 [AsyncHttpClient-1-2] DEBUG org.asynchttpclient.netty.handler.HttpHandler - 

Request DefaultFullHttpRequest(decodeResult: success, version: HTTP/1.1, content: EmptyByteBufBE)
GET /session/adbb71fc47ec8c9026c60af8c2907503/screenshot HTTP/1.1
User-Agent: selenium/4.1.2 (java windows)
Cache-Control: no-cache
Content-Type: application/json; charset=utf-8
host: localhost:50888
accept: */*

Response DefaultHttpResponse(decodeResult: success, version: HTTP/1.1)
HTTP/1.1 200 OK
Content-Type: application/json; charset=utf-8
cache-control: no-cache
content-length: 71412

11:07:33.510 [AsyncHttpClient-1-2] DEBUG org.asynchttpclient.netty.channel.ChannelManager - Adding key: http://localhost:50888 for channel [id: 0x43035804, L:/127.0.0.1:60589 - R:localhost/127.0.0.1:50888]
11:07:33.519 [AsyncHttpClient-1-1] DEBUG org.asynchttpclient.netty.channel.DefaultChannelPool - Entry count for : http://localhost:60590 : 1
11:07:33.519 [AsyncHttpClient-1-1] DEBUG org.asynchttpclient.netty.channel.DefaultChannelPool - Entry count for : http://localhost:50888 : 1
11:07:33.520 [main] DEBUG net.serenitybdd.core.photography.Darkroom - Send negative for processing for target\site\serenity\641553ea0c7ee1350e9d99c43bd8b22ab0037bbbf11d544d65f62061eb96ca5a.png
11:07:33.521 [main] DEBUG net.thucydides.core.steps.StepInterceptor - STEP DONE: openDataDokter
  &amp#27;[32mGiven &amp#27;[0m&amp#27;[32mOpen page data dokter&amp#27;[0m                                           &amp#27;[90m# starter.stepdefinitios.DokterDataSteps.openPageDataDokter()&amp#27;[0m
11:07:33.595 [Forwarding screenshot on session adbb71fc47ec8c9026c60af8c2907503 to remote] DEBUG org.asynchttpclient.netty.request.NettyRequestSender - Using pooled Channel '[id: 0x43035804, L:/127.0.0.1:60589 - R:localhost/127.0.0.1:50888]' for 'GET' to 'http://localhost:50888/session/adbb71fc47ec8c9026c60af8c2907503/screenshot'
11:07:33.595 [Forwarding screenshot on session adbb71fc47ec8c9026c60af8c2907503 to remote] DEBUG org.asynchttpclient.netty.request.NettyRequestSender - Using open Channel [id: 0x43035804, L:/127.0.0.1:60589 - R:localhost/127.0.0.1:50888] for GET '/session/adbb71fc47ec8c9026c60af8c2907503/screenshot'
11:07:33.800 [AsyncHttpClient-1-2] DEBUG org.asynchttpclient.netty.handler.HttpHandler - 

Request DefaultFullHttpRequest(decodeResult: success, version: HTTP/1.1, content: EmptyByteBufBE)
GET /session/adbb71fc47ec8c9026c60af8c2907503/screenshot HTTP/1.1
User-Agent: selenium/4.1.2 (java windows)
Cache-Control: no-cache
Content-Type: application/json; charset=utf-8
host: localhost:50888
accept: */*

Response DefaultHttpResponse(decodeResult: success, version: HTTP/1.1)
HTTP/1.1 200 OK
Content-Type: application/json; charset=utf-8
cache-control: no-cache
content-length: 78596

11:07:33.801 [AsyncHttpClient-1-2] DEBUG org.asynchttpclient.netty.channel.ChannelManager - Adding key: http://localhost:50888 for channel [id: 0x43035804, L:/127.0.0.1:60589 - R:localhost/127.0.0.1:50888]
11:07:33.807 [main] DEBUG net.serenitybdd.core.photography.Darkroom - Send negative for processing for target\site\serenity\dc7203ef7375211ffaeaec2456e3bc10c73b12cbbf5c00d78547cf37e8004ff1.png
11:07:33.808 [main] DEBUG net.thucydides.core.steps.StepInterceptor - STARTING STEP: DokterDataSteps.clickDetailDokterData - clickButtonDetail
11:07:33.815 [Forwarding findElement on session adbb71fc47ec8c9026c60af8c2907503 to remote] DEBUG org.asynchttpclient.netty.request.NettyRequestSender - Using pooled Channel '[id: 0x43035804, L:/127.0.0.1:60589 - R:localhost/127.0.0.1:50888]' for 'POST' to 'http://localhost:50888/session/adbb71fc47ec8c9026c60af8c2907503/element'
11:07:33.815 [Forwarding findElement on session adbb71fc47ec8c9026c60af8c2907503 to remote] DEBUG org.asynchttpclient.netty.request.NettyRequestSender - Using open Channel [id: 0x43035804, L:/127.0.0.1:60589 - R:localhost/127.0.0.1:50888] for POST '/session/adbb71fc47ec8c9026c60af8c2907503/element'
11:07:33.842 [AsyncHttpClient-1-2] DEBUG org.asynchttpclient.netty.handler.HttpHandler - 

Request DefaultHttpRequest(decodeResult: success, version: HTTP/1.1)
POST /session/adbb71fc47ec8c9026c60af8c2907503/element HTTP/1.1
User-Agent: selenium/4.1.2 (java windows)
Content-Length: 92
Content-Type: application/json; charset=utf-8
host: localhost:50888
accept: */*

Response DefaultHttpResponse(decodeResult: success, version: HTTP/1.1)
HTTP/1.1 200 OK
Content-Type: application/json; charset=utf-8
cache-control: no-cache
content-length: 88

11:07:33.843 [AsyncHttpClient-1-2] DEBUG org.asynchttpclient.netty.channel.ChannelManager - Adding key: http://localhost:50888 for channel [id: 0x43035804, L:/127.0.0.1:60589 - R:localhost/127.0.0.1:50888]
11:07:33.845 [Forwarding getElementTagName on session adbb71fc47ec8c9026c60af8c2907503 to remote] DEBUG org.asynchttpclient.netty.request.NettyRequestSender - Using pooled Channel '[id: 0x43035804, L:/127.0.0.1:60589 - R:localhost/127.0.0.1:50888]' for 'GET' to 'http://localhost:50888/session/adbb71fc47ec8c9026c60af8c2907503/element/f971234f-521a-4d3b-a9de-95299a07479f/name'
11:07:33.845 [Forwarding getElementTagName on session adbb71fc47ec8c9026c60af8c2907503 to remote] DEBUG org.asynchttpclient.netty.request.NettyRequestSender - Using open Channel [id: 0x43035804, L:/127.0.0.1:60589 - R:localhost/127.0.0.1:50888] for GET '/session/adbb71fc47ec8c9026c60af8c2907503/element/f971234f-521a-4d3b-a9de-95299a07479f/name'
11:07:33.854 [AsyncHttpClient-1-2] DEBUG org.asynchttpclient.netty.handler.HttpHandler - 

Request DefaultFullHttpRequest(decodeResult: success, version: HTTP/1.1, content: EmptyByteBufBE)
GET /session/adbb71fc47ec8c9026c60af8c2907503/element/f971234f-521a-4d3b-a9de-95299a07479f/name HTTP/1.1
User-Agent: selenium/4.1.2 (java windows)
Cache-Control: no-cache
Content-Type: application/json; charset=utf-8
host: localhost:50888
accept: */*

Response DefaultHttpResponse(decodeResult: success, version: HTTP/1.1)
HTTP/1.1 200 OK
Content-Type: application/json; charset=utf-8
cache-control: no-cache
content-length: 15

11:07:33.854 [AsyncHttpClient-1-2] DEBUG org.asynchttpclient.netty.channel.ChannelManager - Adding key: http://localhost:50888 for channel [id: 0x43035804, L:/127.0.0.1:60589 - R:localhost/127.0.0.1:50888]
11:07:33.860 [Forwarding getElementTagName on session adbb71fc47ec8c9026c60af8c2907503 to remote] DEBUG org.asynchttpclient.netty.request.NettyRequestSender - Using pooled Channel '[id: 0x43035804, L:/127.0.0.1:60589 - R:localhost/127.0.0.1:50888]' for 'GET' to 'http://localhost:50888/session/adbb71fc47ec8c9026c60af8c2907503/element/f971234f-521a-4d3b-a9de-95299a07479f/name'
11:07:33.860 [Forwarding getElementTagName on session adbb71fc47ec8c9026c60af8c2907503 to remote] DEBUG org.asynchttpclient.netty.request.NettyRequestSender - Using open Channel [id: 0x43035804, L:/127.0.0.1:60589 - R:localhost/127.0.0.1:50888] for GET '/session/adbb71fc47ec8c9026c60af8c2907503/element/f971234f-521a-4d3b-a9de-95299a07479f/name'
11:07:33.868 [AsyncHttpClient-1-2] DEBUG org.asynchttpclient.netty.handler.HttpHandler - 

Request DefaultFullHttpRequest(decodeResult: success, version: HTTP/1.1, content: EmptyByteBufBE)
GET /session/adbb71fc47ec8c9026c60af8c2907503/element/f971234f-521a-4d3b-a9de-95299a07479f/name HTTP/1.1
User-Agent: selenium/4.1.2 (java windows)
Cache-Control: no-cache
Content-Type: application/json; charset=utf-8
host: localhost:50888
accept: */*

Response DefaultHttpResponse(decodeResult: success, version: HTTP/1.1)
HTTP/1.1 200 OK
Content-Type: application/json; charset=utf-8
cache-control: no-cache
content-length: 15

11:07:33.868 [AsyncHttpClient-1-2] DEBUG org.asynchttpclient.netty.channel.ChannelManager - Adding key: http://localhost:50888 for channel [id: 0x43035804, L:/127.0.0.1:60589 - R:localhost/127.0.0.1:50888]
11:07:33.874 [Forwarding findElement on session adbb71fc47ec8c9026c60af8c2907503 to remote] DEBUG org.asynchttpclient.netty.request.NettyRequestSender - Using pooled Channel '[id: 0x43035804, L:/127.0.0.1:60589 - R:localhost/127.0.0.1:50888]' for 'POST' to 'http://localhost:50888/session/adbb71fc47ec8c9026c60af8c2907503/element'
11:07:33.874 [Forwarding findElement on session adbb71fc47ec8c9026c60af8c2907503 to remote] DEBUG org.asynchttpclient.netty.request.NettyRequestSender - Using open Channel [id: 0x43035804, L:/127.0.0.1:60589 - R:localhost/127.0.0.1:50888] for POST '/session/adbb71fc47ec8c9026c60af8c2907503/element'
11:07:33.894 [AsyncHttpClient-1-2] DEBUG org.asynchttpclient.netty.handler.HttpHandler - 

Request DefaultHttpRequest(decodeResult: success, version: HTTP/1.1)
POST /session/adbb71fc47ec8c9026c60af8c2907503/element HTTP/1.1
User-Agent: selenium/4.1.2 (java windows)
Content-Length: 92
Content-Type: application/json; charset=utf-8
host: localhost:50888
accept: */*

Response DefaultHttpResponse(decodeResult: success, version: HTTP/1.1)
HTTP/1.1 200 OK
Content-Type: application/json; charset=utf-8
cache-control: no-cache
content-length: 88

11:07:33.894 [AsyncHttpClient-1-2] DEBUG org.asynchttpclient.netty.channel.ChannelManager - Adding key: http://localhost:50888 for channel [id: 0x43035804, L:/127.0.0.1:60589 - R:localhost/127.0.0.1:50888]
11:07:33.898 [Forwarding clickElement on session adbb71fc47ec8c9026c60af8c2907503 to remote] DEBUG org.asynchttpclient.netty.request.NettyRequestSender - Using pooled Channel '[id: 0x43035804, L:/127.0.0.1:60589 - R:localhost/127.0.0.1:50888]' for 'POST' to 'http://localhost:50888/session/adbb71fc47ec8c9026c60af8c2907503/element/f971234f-521a-4d3b-a9de-95299a07479f/click'
11:07:33.898 [Forwarding clickElement on session adbb71fc47ec8c9026c60af8c2907503 to remote] DEBUG org.asynchttpclient.netty.request.NettyRequestSender - Using open Channel [id: 0x43035804, L:/127.0.0.1:60589 - R:localhost/127.0.0.1:50888] for POST '/session/adbb71fc47ec8c9026c60af8c2907503/element/f971234f-521a-4d3b-a9de-95299a07479f/click'
11:07:34.163 [AsyncHttpClient-1-2] DEBUG org.asynchttpclient.netty.handler.HttpHandler - 

Request DefaultHttpRequest(decodeResult: success, version: HTTP/1.1)
POST /session/adbb71fc47ec8c9026c60af8c2907503/element/f971234f-521a-4d3b-a9de-95299a07479f/click HTTP/1.1
User-Agent: selenium/4.1.2 (java windows)
Content-Length: 50
Content-Type: application/json; charset=utf-8
host: localhost:50888
accept: */*

Response DefaultHttpResponse(decodeResult: success, version: HTTP/1.1)
HTTP/1.1 200 OK
Content-Type: application/json; charset=utf-8
cache-control: no-cache
content-length: 14

11:07:34.164 [AsyncHttpClient-1-2] DEBUG org.asynchttpclient.netty.channel.ChannelManager - Adding key: http://localhost:50888 for channel [id: 0x43035804, L:/127.0.0.1:60589 - R:localhost/127.0.0.1:50888]
11:07:34.183 [Forwarding screenshot on session adbb71fc47ec8c9026c60af8c2907503 to remote] DEBUG org.asynchttpclient.netty.request.NettyRequestSender - Using pooled Channel '[id: 0x43035804, L:/127.0.0.1:60589 - R:localhost/127.0.0.1:50888]' for 'GET' to 'http://localhost:50888/session/adbb71fc47ec8c9026c60af8c2907503/screenshot'
11:07:34.184 [Forwarding screenshot on session adbb71fc47ec8c9026c60af8c2907503 to remote] DEBUG org.asynchttpclient.netty.request.NettyRequestSender - Using open Channel [id: 0x43035804, L:/127.0.0.1:60589 - R:localhost/127.0.0.1:50888] for GET '/session/adbb71fc47ec8c9026c60af8c2907503/screenshot'
11:07:34.619 [AsyncHttpClient-1-1] DEBUG org.asynchttpclient.netty.channel.DefaultChannelPool - Entry count for : http://localhost:60590 : 1
11:07:34.807 [AsyncHttpClient-1-2] DEBUG org.asynchttpclient.netty.handler.HttpHandler - 

Request DefaultFullHttpRequest(decodeResult: success, version: HTTP/1.1, content: EmptyByteBufBE)
GET /session/adbb71fc47ec8c9026c60af8c2907503/screenshot HTTP/1.1
User-Agent: selenium/4.1.2 (java windows)
Cache-Control: no-cache
Content-Type: application/json; charset=utf-8
host: localhost:50888
accept: */*

Response DefaultHttpResponse(decodeResult: success, version: HTTP/1.1)
HTTP/1.1 200 OK
Content-Type: application/json; charset=utf-8
cache-control: no-cache
content-length: 47000

11:07:34.808 [AsyncHttpClient-1-2] DEBUG org.asynchttpclient.netty.channel.ChannelManager - Adding key: http://localhost:50888 for channel [id: 0x43035804, L:/127.0.0.1:60589 - R:localhost/127.0.0.1:50888]
11:07:34.813 [main] DEBUG net.serenitybdd.core.photography.Darkroom - Send negative for processing for target\site\serenity\b11bcaae53fa984aabe63f0aa7c53d949bd244e5ae5fe22cc3557ac4f8652eb4.png
11:07:34.814 [main] DEBUG net.thucydides.core.steps.StepInterceptor - STEP DONE: clickButtonDetail
  &amp#27;[32mAnd &amp#27;[0m&amp#27;[32mClick Detail dokter data&amp#27;[0m                                          &amp#27;[90m# starter.stepdefinitios.DokterDataSteps.clickDetailDokterData()&amp#27;[0m
11:07:34.815 [Darkroom Processing Line] DEBUG net.serenitybdd.core.photography.DarkroomProcessingLine - Processing screenshot image in /var/screenshots/screenshot-11990619493344000106
11:07:34.815 [Darkroom Processing Line] DEBUG net.serenitybdd.core.photography.DarkroomProcessingLine - Saving screenshot to target\site\serenity\b11bcaae53fa984aabe63f0aa7c53d949bd244e5ae5fe22cc3557ac4f8652eb4.png
11:07:35.373 [Forwarding screenshot on session adbb71fc47ec8c9026c60af8c2907503 to remote] DEBUG org.asynchttpclient.netty.request.NettyRequestSender - Using pooled Channel '[id: 0x43035804, L:/127.0.0.1:60589 - R:localhost/127.0.0.1:50888]' for 'GET' to 'http://localhost:50888/session/adbb71fc47ec8c9026c60af8c2907503/screenshot'
11:07:35.374 [Forwarding screenshot on session adbb71fc47ec8c9026c60af8c2907503 to remote] DEBUG org.asynchttpclient.netty.request.NettyRequestSender - Using open Channel [id: 0x43035804, L:/127.0.0.1:60589 - R:localhost/127.0.0.1:50888] for GET '/session/adbb71fc47ec8c9026c60af8c2907503/screenshot'
11:07:35.670 [AsyncHttpClient-1-2] DEBUG org.asynchttpclient.netty.handler.HttpHandler - 

Request DefaultFullHttpRequest(decodeResult: success, version: HTTP/1.1, content: EmptyByteBufBE)
GET /session/adbb71fc47ec8c9026c60af8c2907503/screenshot HTTP/1.1
User-Agent: selenium/4.1.2 (java windows)
Cache-Control: no-cache
Content-Type: application/json; charset=utf-8
host: localhost:50888
accept: */*

Response DefaultHttpResponse(decodeResult: success, version: HTTP/1.1)
HTTP/1.1 200 OK
Content-Type: application/json; charset=utf-8
cache-control: no-cache
content-length: 361104

11:07:35.674 [AsyncHttpClient-1-2] DEBUG org.asynchttpclient.netty.channel.ChannelManager - Adding key: http://localhost:50888 for channel [id: 0x43035804, L:/127.0.0.1:60589 - R:localhost/127.0.0.1:50888]
11:07:35.699 [main] DEBUG net.serenitybdd.core.photography.Darkroom - Send negative for processing for target\site\serenity\23cf7d0506fbe3325fa82b1a15be3a5e948c48ed2e535c3070310a68e16f3cee.png
11:07:35.700 [main] DEBUG net.thucydides.core.steps.StepInterceptor - STARTING STEP: DokterDataSteps.validDataDetailDokter - checkValidDataPasien
11:07:35.706 [Forwarding findElement on session adbb71fc47ec8c9026c60af8c2907503 to remote] DEBUG org.asynchttpclient.netty.request.NettyRequestSender - Using pooled Channel '[id: 0x43035804, L:/127.0.0.1:60589 - R:localhost/127.0.0.1:50888]' for 'POST' to 'http://localhost:50888/session/adbb71fc47ec8c9026c60af8c2907503/element'
11:07:35.707 [Forwarding findElement on session adbb71fc47ec8c9026c60af8c2907503 to remote] DEBUG org.asynchttpclient.netty.request.NettyRequestSender - Using open Channel [id: 0x43035804, L:/127.0.0.1:60589 - R:localhost/127.0.0.1:50888] for POST '/session/adbb71fc47ec8c9026c60af8c2907503/element'
11:07:35.716 [AsyncHttpClient-1-1] DEBUG org.asynchttpclient.netty.channel.DefaultChannelPool - Entry count for : http://localhost:60590 : 1
11:07:35.733 [AsyncHttpClient-1-2] DEBUG org.asynchttpclient.netty.handler.HttpHandler - 

Request DefaultHttpRequest(decodeResult: success, version: HTTP/1.1)
POST /session/adbb71fc47ec8c9026c60af8c2907503/element HTTP/1.1
User-Agent: selenium/4.1.2 (java windows)
Content-Length: 95
Content-Type: application/json; charset=utf-8
host: localhost:50888
accept: */*

Response DefaultHttpResponse(decodeResult: success, version: HTTP/1.1)
HTTP/1.1 200 OK
Content-Type: application/json; charset=utf-8
cache-control: no-cache
content-length: 88

11:07:35.733 [AsyncHttpClient-1-2] DEBUG org.asynchttpclient.netty.channel.ChannelManager - Adding key: http://localhost:50888 for channel [id: 0x43035804, L:/127.0.0.1:60589 - R:localhost/127.0.0.1:50888]
11:07:35.735 [Forwarding isElementEnabled on session adbb71fc47ec8c9026c60af8c2907503 to remote] DEBUG org.asynchttpclient.netty.request.NettyRequestSender - Using pooled Channel '[id: 0x43035804, L:/127.0.0.1:60589 - R:localhost/127.0.0.1:50888]' for 'GET' to 'http://localhost:50888/session/adbb71fc47ec8c9026c60af8c2907503/element/e0f1195a-2f85-4230-99a3-233dd526f700/enabled'
11:07:35.736 [Forwarding isElementEnabled on session adbb71fc47ec8c9026c60af8c2907503 to remote] DEBUG org.asynchttpclient.netty.request.NettyRequestSender - Using open Channel [id: 0x43035804, L:/127.0.0.1:60589 - R:localhost/127.0.0.1:50888] for GET '/session/adbb71fc47ec8c9026c60af8c2907503/element/e0f1195a-2f85-4230-99a3-233dd526f700/enabled'
11:07:35.753 [AsyncHttpClient-1-2] DEBUG org.asynchttpclient.netty.handler.HttpHandler - 

Request DefaultFullHttpRequest(decodeResult: success, version: HTTP/1.1, content: EmptyByteBufBE)
GET /session/adbb71fc47ec8c9026c60af8c2907503/element/e0f1195a-2f85-4230-99a3-233dd526f700/enabled HTTP/1.1
User-Agent: selenium/4.1.2 (java windows)
Cache-Control: no-cache
Content-Type: application/json; charset=utf-8
host: localhost:50888
accept: */*

Response DefaultHttpResponse(decodeResult: success, version: HTTP/1.1)
HTTP/1.1 200 OK
Content-Type: application/json; charset=utf-8
cache-control: no-cache
content-length: 14

11:07:35.753 [AsyncHttpClient-1-2] DEBUG org.asynchttpclient.netty.channel.ChannelManager - Adding key: http://localhost:50888 for channel [id: 0x43035804, L:/127.0.0.1:60589 - R:localhost/127.0.0.1:50888]
11:07:35.849 [Forwarding screenshot on session adbb71fc47ec8c9026c60af8c2907503 to remote] DEBUG org.asynchttpclient.netty.request.NettyRequestSender - Using pooled Channel '[id: 0x43035804, L:/127.0.0.1:60589 - R:localhost/127.0.0.1:50888]' for 'GET' to 'http://localhost:50888/session/adbb71fc47ec8c9026c60af8c2907503/screenshot'
11:07:35.849 [Forwarding screenshot on session adbb71fc47ec8c9026c60af8c2907503 to remote] DEBUG org.asynchttpclient.netty.request.NettyRequestSender - Using open Channel [id: 0x43035804, L:/127.0.0.1:60589 - R:localhost/127.0.0.1:50888] for GET '/session/adbb71fc47ec8c9026c60af8c2907503/screenshot'
11:07:36.283 [AsyncHttpClient-1-2] DEBUG org.asynchttpclient.netty.handler.HttpHandler - 

Request DefaultFullHttpRequest(decodeResult: success, version: HTTP/1.1, content: EmptyByteBufBE)
GET /session/adbb71fc47ec8c9026c60af8c2907503/screenshot HTTP/1.1
User-Agent: selenium/4.1.2 (java windows)
Cache-Control: no-cache
Content-Type: application/json; charset=utf-8
host: localhost:50888
accept: */*

Response DefaultHttpResponse(decodeResult: success, version: HTTP/1.1)
HTTP/1.1 200 OK
Content-Type: application/json; charset=utf-8
cache-control: no-cache
content-length: 361104

11:07:36.287 [AsyncHttpClient-1-2] DEBUG org.asynchttpclient.netty.channel.ChannelManager - Adding key: http://localhost:50888 for channel [id: 0x43035804, L:/127.0.0.1:60589 - R:localhost/127.0.0.1:50888]
11:07:36.318 [main] DEBUG net.serenitybdd.core.photography.Darkroom - Send negative for processing for target\site\serenity\23cf7d0506fbe3325fa82b1a15be3a5e948c48ed2e535c3070310a68e16f3cee.png
11:07:36.318 [main] DEBUG net.thucydides.core.steps.StepInterceptor - STEP DONE: checkValidDataPasien
  &amp#27;[32mWhen &amp#27;[0m&amp#27;[32mValid data detail dokter&amp#27;[0m                                         &amp#27;[90m# starter.stepdefinitios.DokterDataSteps.validDataDetailDokter()&amp#27;[0m
11:07:36.377 [Forwarding screenshot on session adbb71fc47ec8c9026c60af8c2907503 to remote] DEBUG org.asynchttpclient.netty.request.NettyRequestSender - Using pooled Channel '[id: 0x43035804, L:/127.0.0.1:60589 - R:localhost/127.0.0.1:50888]' for 'GET' to 'http://localhost:50888/session/adbb71fc47ec8c9026c60af8c2907503/screenshot'
11:07:36.377 [Forwarding screenshot on session adbb71fc47ec8c9026c60af8c2907503 to remote] DEBUG org.asynchttpclient.netty.request.NettyRequestSender - Using open Channel [id: 0x43035804, L:/127.0.0.1:60589 - R:localhost/127.0.0.1:50888] for GET '/session/adbb71fc47ec8c9026c60af8c2907503/screenshot'
11:07:36.712 [AsyncHttpClient-1-2] DEBUG org.asynchttpclient.netty.handler.HttpHandler - 

Request DefaultFullHttpRequest(decodeResult: success, version: HTTP/1.1, content: EmptyByteBufBE)
GET /session/adbb71fc47ec8c9026c60af8c2907503/screenshot HTTP/1.1
User-Agent: selenium/4.1.2 (java windows)
Cache-Control: no-cache
Content-Type: application/json; charset=utf-8
host: localhost:50888
accept: */*

Response DefaultHttpResponse(decodeResult: success, version: HTTP/1.1)
HTTP/1.1 200 OK
Content-Type: application/json; charset=utf-8
cache-control: no-cache
content-length: 361104

11:07:36.714 [AsyncHttpClient-1-2] DEBUG org.asynchttpclient.netty.channel.ChannelManager - Adding key: http://localhost:50888 for channel [id: 0x43035804, L:/127.0.0.1:60589 - R:localhost/127.0.0.1:50888]
11:07:36.742 [main] DEBUG net.serenitybdd.core.photography.Darkroom - Send negative for processing for target\site\serenity\23cf7d0506fbe3325fa82b1a15be3a5e948c48ed2e535c3070310a68e16f3cee.png
11:07:36.819 [AsyncHttpClient-1-1] DEBUG org.asynchttpclient.netty.channel.DefaultChannelPool - Entry count for : http://localhost:60590 : 1
11:07:36.819 [AsyncHttpClient-1-1] DEBUG org.asynchttpclient.netty.channel.DefaultChannelPool - Entry count for : http://localhost:50888 : 1
11:07:36.820 [Forwarding screenshot on session adbb71fc47ec8c9026c60af8c2907503 to remote] DEBUG org.asynchttpclient.netty.request.NettyRequestSender - Using pooled Channel '[id: 0x43035804, L:/127.0.0.1:60589 - R:localhost/127.0.0.1:50888]' for 'GET' to 'http://localhost:50888/session/adbb71fc47ec8c9026c60af8c2907503/screenshot'
11:07:36.820 [Forwarding screenshot on session adbb71fc47ec8c9026c60af8c2907503 to remote] DEBUG org.asynchttpclient.netty.request.NettyRequestSender - Using open Channel [id: 0x43035804, L:/127.0.0.1:60589 - R:localhost/127.0.0.1:50888] for GET '/session/adbb71fc47ec8c9026c60af8c2907503/screenshot'
11:07:37.157 [AsyncHttpClient-1-2] DEBUG org.asynchttpclient.netty.handler.HttpHandler - 

Request DefaultFullHttpRequest(decodeResult: success, version: HTTP/1.1, content: EmptyByteBufBE)
GET /session/adbb71fc47ec8c9026c60af8c2907503/screenshot HTTP/1.1
User-Agent: selenium/4.1.2 (java windows)
Cache-Control: no-cache
Content-Type: application/json; charset=utf-8
host: localhost:50888
accept: */*

Response DefaultHttpResponse(decodeResult: success, version: HTTP/1.1)
HTTP/1.1 200 OK
Content-Type: application/json; charset=utf-8
cache-control: no-cache
content-length: 361104

11:07:37.169 [AsyncHttpClient-1-2] DEBUG org.asynchttpclient.netty.channel.ChannelManager - Adding key: http://localhost:50888 for channel [id: 0x43035804, L:/127.0.0.1:60589 - R:localhost/127.0.0.1:50888]
11:07:37.202 [main] DEBUG net.serenitybdd.core.photography.Darkroom - Send negative for processing for target\site\serenity\23cf7d0506fbe3325fa82b1a15be3a5e948c48ed2e535c3070310a68e16f3cee.png
11:07:37.203 [main] DEBUG net.thucydides.core.steps.StepInterceptor - STARTING STEP: PatientDataSteps.clickButtonEditProfil - clickButtonEditDataPasien
11:07:37.212 [Forwarding findElement on session adbb71fc47ec8c9026c60af8c2907503 to remote] DEBUG org.asynchttpclient.netty.request.NettyRequestSender - Using pooled Channel '[id: 0x43035804, L:/127.0.0.1:60589 - R:localhost/127.0.0.1:50888]' for 'POST' to 'http://localhost:50888/session/adbb71fc47ec8c9026c60af8c2907503/element'
11:07:37.212 [Forwarding findElement on session adbb71fc47ec8c9026c60af8c2907503 to remote] DEBUG org.asynchttpclient.netty.request.NettyRequestSender - Using open Channel [id: 0x43035804, L:/127.0.0.1:60589 - R:localhost/127.0.0.1:50888] for POST '/session/adbb71fc47ec8c9026c60af8c2907503/element'
11:07:37.237 [AsyncHttpClient-1-2] DEBUG org.asynchttpclient.netty.handler.HttpHandler - 

Request DefaultHttpRequest(decodeResult: success, version: HTTP/1.1)
POST /session/adbb71fc47ec8c9026c60af8c2907503/element HTTP/1.1
User-Agent: selenium/4.1.2 (java windows)
Content-Length: 116
Content-Type: application/json; charset=utf-8
host: localhost:50888
accept: */*

Response DefaultHttpResponse(decodeResult: success, version: HTTP/1.1)
HTTP/1.1 200 OK
Content-Type: application/json; charset=utf-8
cache-control: no-cache
content-length: 88

11:07:37.237 [AsyncHttpClient-1-2] DEBUG org.asynchttpclient.netty.channel.ChannelManager - Adding key: http://localhost:50888 for channel [id: 0x43035804, L:/127.0.0.1:60589 - R:localhost/127.0.0.1:50888]
11:07:37.240 [Forwarding getElementTagName on session adbb71fc47ec8c9026c60af8c2907503 to remote] DEBUG org.asynchttpclient.netty.request.NettyRequestSender - Using pooled Channel '[id: 0x43035804, L:/127.0.0.1:60589 - R:localhost/127.0.0.1:50888]' for 'GET' to 'http://localhost:50888/session/adbb71fc47ec8c9026c60af8c2907503/element/e1c040aa-5839-466c-a621-4706c730d0fa/name'
11:07:37.240 [Forwarding getElementTagName on session adbb71fc47ec8c9026c60af8c2907503 to remote] DEBUG org.asynchttpclient.netty.request.NettyRequestSender - Using open Channel [id: 0x43035804, L:/127.0.0.1:60589 - R:localhost/127.0.0.1:50888] for GET '/session/adbb71fc47ec8c9026c60af8c2907503/element/e1c040aa-5839-466c-a621-4706c730d0fa/name'
11:07:37.253 [AsyncHttpClient-1-2] DEBUG org.asynchttpclient.netty.handler.HttpHandler - 

Request DefaultFullHttpRequest(decodeResult: success, version: HTTP/1.1, content: EmptyByteBufBE)
GET /session/adbb71fc47ec8c9026c60af8c2907503/element/e1c040aa-5839-466c-a621-4706c730d0fa/name HTTP/1.1
User-Agent: selenium/4.1.2 (java windows)
Cache-Control: no-cache
Content-Type: application/json; charset=utf-8
host: localhost:50888
accept: */*

Response DefaultHttpResponse(decodeResult: success, version: HTTP/1.1)
HTTP/1.1 200 OK
Content-Type: application/json; charset=utf-8
cache-control: no-cache
content-length: 18

11:07:37.254 [AsyncHttpClient-1-2] DEBUG org.asynchttpclient.netty.channel.ChannelManager - Adding key: http://localhost:50888 for channel [id: 0x43035804, L:/127.0.0.1:60589 - R:localhost/127.0.0.1:50888]
11:07:37.257 [Forwarding getElementTagName on session adbb71fc47ec8c9026c60af8c2907503 to remote] DEBUG org.asynchttpclient.netty.request.NettyRequestSender - Using pooled Channel '[id: 0x43035804, L:/127.0.0.1:60589 - R:localhost/127.0.0.1:50888]' for 'GET' to 'http://localhost:50888/session/adbb71fc47ec8c9026c60af8c2907503/element/e1c040aa-5839-466c-a621-4706c730d0fa/name'
11:07:37.257 [Forwarding getElementTagName on session adbb71fc47ec8c9026c60af8c2907503 to remote] DEBUG org.asynchttpclient.netty.request.NettyRequestSender - Using open Channel [id: 0x43035804, L:/127.0.0.1:60589 - R:localhost/127.0.0.1:50888] for GET '/session/adbb71fc47ec8c9026c60af8c2907503/element/e1c040aa-5839-466c-a621-4706c730d0fa/name'
11:07:37.267 [AsyncHttpClient-1-2] DEBUG org.asynchttpclient.netty.handler.HttpHandler - 

Request DefaultFullHttpRequest(decodeResult: success, version: HTTP/1.1, content: EmptyByteBufBE)
GET /session/adbb71fc47ec8c9026c60af8c2907503/element/e1c040aa-5839-466c-a621-4706c730d0fa/name HTTP/1.1
User-Agent: selenium/4.1.2 (java windows)
Cache-Control: no-cache
Content-Type: application/json; charset=utf-8
host: localhost:50888
accept: */*

Response DefaultHttpResponse(decodeResult: success, version: HTTP/1.1)
HTTP/1.1 200 OK
Content-Type: application/json; charset=utf-8
cache-control: no-cache
content-length: 18

11:07:37.268 [AsyncHttpClient-1-2] DEBUG org.asynchttpclient.netty.channel.ChannelManager - Adding key: http://localhost:50888 for channel [id: 0x43035804, L:/127.0.0.1:60589 - R:localhost/127.0.0.1:50888]
11:07:37.275 [Forwarding isElementEnabled on session adbb71fc47ec8c9026c60af8c2907503 to remote] DEBUG org.asynchttpclient.netty.request.NettyRequestSender - Using pooled Channel '[id: 0x43035804, L:/127.0.0.1:60589 - R:localhost/127.0.0.1:50888]' for 'GET' to 'http://localhost:50888/session/adbb71fc47ec8c9026c60af8c2907503/element/e1c040aa-5839-466c-a621-4706c730d0fa/enabled'
11:07:37.275 [Forwarding isElementEnabled on session adbb71fc47ec8c9026c60af8c2907503 to remote] DEBUG org.asynchttpclient.netty.request.NettyRequestSender - Using open Channel [id: 0x43035804, L:/127.0.0.1:60589 - R:localhost/127.0.0.1:50888] for GET '/session/adbb71fc47ec8c9026c60af8c2907503/element/e1c040aa-5839-466c-a621-4706c730d0fa/enabled'
11:07:37.301 [AsyncHttpClient-1-2] DEBUG org.asynchttpclient.netty.handler.HttpHandler - 

Request DefaultFullHttpRequest(decodeResult: success, version: HTTP/1.1, content: EmptyByteBufBE)
GET /session/adbb71fc47ec8c9026c60af8c2907503/element/e1c040aa-5839-466c-a621-4706c730d0fa/enabled HTTP/1.1
User-Agent: selenium/4.1.2 (java windows)
Cache-Control: no-cache
Content-Type: application/json; charset=utf-8
host: localhost:50888
accept: */*

Response DefaultHttpResponse(decodeResult: success, version: HTTP/1.1)
HTTP/1.1 200 OK
Content-Type: application/json; charset=utf-8
cache-control: no-cache
content-length: 14

11:07:37.302 [AsyncHttpClient-1-2] DEBUG org.asynchttpclient.netty.channel.ChannelManager - Adding key: http://localhost:50888 for channel [id: 0x43035804, L:/127.0.0.1:60589 - R:localhost/127.0.0.1:50888]
11:07:37.305 [Forwarding isElementEnabled on session adbb71fc47ec8c9026c60af8c2907503 to remote] DEBUG org.asynchttpclient.netty.request.NettyRequestSender - Using pooled Channel '[id: 0x43035804, L:/127.0.0.1:60589 - R:localhost/127.0.0.1:50888]' for 'GET' to 'http://localhost:50888/session/adbb71fc47ec8c9026c60af8c2907503/element/e1c040aa-5839-466c-a621-4706c730d0fa/enabled'
11:07:37.305 [Forwarding isElementEnabled on session adbb71fc47ec8c9026c60af8c2907503 to remote] DEBUG org.asynchttpclient.netty.request.NettyRequestSender - Using open Channel [id: 0x43035804, L:/127.0.0.1:60589 - R:localhost/127.0.0.1:50888] for GET '/session/adbb71fc47ec8c9026c60af8c2907503/element/e1c040aa-5839-466c-a621-4706c730d0fa/enabled'
11:07:37.345 [AsyncHttpClient-1-2] DEBUG org.asynchttpclient.netty.handler.HttpHandler - 

Request DefaultFullHttpRequest(decodeResult: success, version: HTTP/1.1, content: EmptyByteBufBE)
GET /session/adbb71fc47ec8c9026c60af8c2907503/element/e1c040aa-5839-466c-a621-4706c730d0fa/enabled HTTP/1.1
User-Agent: selenium/4.1.2 (java windows)
Cache-Control: no-cache
Content-Type: application/json; charset=utf-8
host: localhost:50888
accept: */*

Response DefaultHttpResponse(decodeResult: success, version: HTTP/1.1)
HTTP/1.1 200 OK
Content-Type: application/json; charset=utf-8
cache-control: no-cache
content-length: 14

11:07:37.346 [AsyncHttpClient-1-2] DEBUG org.asynchttpclient.netty.channel.ChannelManager - Adding key: http://localhost:50888 for channel [id: 0x43035804, L:/127.0.0.1:60589 - R:localhost/127.0.0.1:50888]
11:07:37.349 [Forwarding findElement on session adbb71fc47ec8c9026c60af8c2907503 to remote] DEBUG org.asynchttpclient.netty.request.NettyRequestSender - Using pooled Channel '[id: 0x43035804, L:/127.0.0.1:60589 - R:localhost/127.0.0.1:50888]' for 'POST' to 'http://localhost:50888/session/adbb71fc47ec8c9026c60af8c2907503/element'
11:07:37.350 [Forwarding findElement on session adbb71fc47ec8c9026c60af8c2907503 to remote] DEBUG org.asynchttpclient.netty.request.NettyRequestSender - Using open Channel [id: 0x43035804, L:/127.0.0.1:60589 - R:localhost/127.0.0.1:50888] for POST '/session/adbb71fc47ec8c9026c60af8c2907503/element'
11:07:37.368 [AsyncHttpClient-1-2] DEBUG org.asynchttpclient.netty.handler.HttpHandler - 

Request DefaultHttpRequest(decodeResult: success, version: HTTP/1.1)
POST /session/adbb71fc47ec8c9026c60af8c2907503/element HTTP/1.1
User-Agent: selenium/4.1.2 (java windows)
Content-Length: 116
Content-Type: application/json; charset=utf-8
host: localhost:50888
accept: */*

Response DefaultHttpResponse(decodeResult: success, version: HTTP/1.1)
HTTP/1.1 200 OK
Content-Type: application/json; charset=utf-8
cache-control: no-cache
content-length: 88

11:07:37.368 [AsyncHttpClient-1-2] DEBUG org.asynchttpclient.netty.channel.ChannelManager - Adding key: http://localhost:50888 for channel [id: 0x43035804, L:/127.0.0.1:60589 - R:localhost/127.0.0.1:50888]
11:07:37.372 [Forwarding clickElement on session adbb71fc47ec8c9026c60af8c2907503 to remote] DEBUG org.asynchttpclient.netty.request.NettyRequestSender - Using pooled Channel '[id: 0x43035804, L:/127.0.0.1:60589 - R:localhost/127.0.0.1:50888]' for 'POST' to 'http://localhost:50888/session/adbb71fc47ec8c9026c60af8c2907503/element/e1c040aa-5839-466c-a621-4706c730d0fa/click'
11:07:37.373 [Forwarding clickElement on session adbb71fc47ec8c9026c60af8c2907503 to remote] DEBUG org.asynchttpclient.netty.request.NettyRequestSender - Using open Channel [id: 0x43035804, L:/127.0.0.1:60589 - R:localhost/127.0.0.1:50888] for POST '/session/adbb71fc47ec8c9026c60af8c2907503/element/e1c040aa-5839-466c-a621-4706c730d0fa/click'
11:07:37.596 [AsyncHttpClient-1-2] DEBUG org.asynchttpclient.netty.handler.HttpHandler - 

Request DefaultHttpRequest(decodeResult: success, version: HTTP/1.1)
POST /session/adbb71fc47ec8c9026c60af8c2907503/element/e1c040aa-5839-466c-a621-4706c730d0fa/click HTTP/1.1
User-Agent: selenium/4.1.2 (java windows)
Content-Length: 50
Content-Type: application/json; charset=utf-8
host: localhost:50888
accept: */*

Response DefaultHttpResponse(decodeResult: success, version: HTTP/1.1)
HTTP/1.1 200 OK
Content-Type: application/json; charset=utf-8
cache-control: no-cache
content-length: 14

11:07:37.597 [AsyncHttpClient-1-2] DEBUG org.asynchttpclient.netty.channel.ChannelManager - Adding key: http://localhost:50888 for channel [id: 0x43035804, L:/127.0.0.1:60589 - R:localhost/127.0.0.1:50888]
11:07:37.616 [Forwarding screenshot on session adbb71fc47ec8c9026c60af8c2907503 to remote] DEBUG org.asynchttpclient.netty.request.NettyRequestSender - Using pooled Channel '[id: 0x43035804, L:/127.0.0.1:60589 - R:localhost/127.0.0.1:50888]' for 'GET' to 'http://localhost:50888/session/adbb71fc47ec8c9026c60af8c2907503/screenshot'
11:07:37.616 [Forwarding screenshot on session adbb71fc47ec8c9026c60af8c2907503 to remote] DEBUG org.asynchttpclient.netty.request.NettyRequestSender - Using open Channel [id: 0x43035804, L:/127.0.0.1:60589 - R:localhost/127.0.0.1:50888] for GET '/session/adbb71fc47ec8c9026c60af8c2907503/screenshot'
11:07:37.917 [AsyncHttpClient-1-1] DEBUG org.asynchttpclient.netty.channel.DefaultChannelPool - Entry count for : http://localhost:60590 : 1
11:07:37.949 [AsyncHttpClient-1-2] DEBUG org.asynchttpclient.netty.handler.HttpHandler - 

Request DefaultFullHttpRequest(decodeResult: success, version: HTTP/1.1, content: EmptyByteBufBE)
GET /session/adbb71fc47ec8c9026c60af8c2907503/screenshot HTTP/1.1
User-Agent: selenium/4.1.2 (java windows)
Cache-Control: no-cache
Content-Type: application/json; charset=utf-8
host: localhost:50888
accept: */*

Response DefaultHttpResponse(decodeResult: success, version: HTTP/1.1)
HTTP/1.1 200 OK
Content-Type: application/json; charset=utf-8
cache-control: no-cache
content-length: 362696

11:07:37.953 [AsyncHttpClient-1-2] DEBUG org.asynchttpclient.netty.channel.ChannelManager - Adding key: http://localhost:50888 for channel [id: 0x43035804, L:/127.0.0.1:60589 - R:localhost/127.0.0.1:50888]
11:07:37.981 [main] DEBUG net.serenitybdd.core.photography.Darkroom - Send negative for processing for target\site\serenity\39e60db55e489a254398fb3906ce47928051f0cffc9d16ff4666875d32280ce2.png
11:07:37.981 [main] DEBUG net.thucydides.core.steps.StepInterceptor - STEP DONE: clickButtonEditDataPasien
  &amp#27;[32mAnd &amp#27;[0m&amp#27;[32mClick button edit profil&amp#27;[0m                                          &amp#27;[90m# starter.stepdefinitios.PatientDataSteps.clickButtonEditProfil()&amp#27;[0m
11:07:37.983 [Darkroom Processing Line] DEBUG net.serenitybdd.core.photography.DarkroomProcessingLine - Processing screenshot image in /var/screenshots/screenshot-6097077940484023159
11:07:37.983 [Darkroom Processing Line] DEBUG net.serenitybdd.core.photography.DarkroomProcessingLine - Saving screenshot to target\site\serenity\39e60db55e489a254398fb3906ce47928051f0cffc9d16ff4666875d32280ce2.png
11:07:38.036 [Forwarding screenshot on session adbb71fc47ec8c9026c60af8c2907503 to remote] DEBUG org.asynchttpclient.netty.request.NettyRequestSender - Using pooled Channel '[id: 0x43035804, L:/127.0.0.1:60589 - R:localhost/127.0.0.1:50888]' for 'GET' to 'http://localhost:50888/session/adbb71fc47ec8c9026c60af8c2907503/screenshot'
11:07:38.036 [Forwarding screenshot on session adbb71fc47ec8c9026c60af8c2907503 to remote] DEBUG org.asynchttpclient.netty.request.NettyRequestSender - Using open Channel [id: 0x43035804, L:/127.0.0.1:60589 - R:localhost/127.0.0.1:50888] for GET '/session/adbb71fc47ec8c9026c60af8c2907503/screenshot'
11:07:38.386 [AsyncHttpClient-1-2] DEBUG org.asynchttpclient.netty.handler.HttpHandler - 

Request DefaultFullHttpRequest(decodeResult: success, version: HTTP/1.1, content: EmptyByteBufBE)
GET /session/adbb71fc47ec8c9026c60af8c2907503/screenshot HTTP/1.1
User-Agent: selenium/4.1.2 (java windows)
Cache-Control: no-cache
Content-Type: application/json; charset=utf-8
host: localhost:50888
accept: */*

Response DefaultHttpResponse(decodeResult: success, version: HTTP/1.1)
HTTP/1.1 200 OK
Content-Type: application/json; charset=utf-8
cache-control: no-cache
content-length: 362696

11:07:38.389 [AsyncHttpClient-1-2] DEBUG org.asynchttpclient.netty.channel.ChannelManager - Adding key: http://localhost:50888 for channel [id: 0x43035804, L:/127.0.0.1:60589 - R:localhost/127.0.0.1:50888]
11:07:38.420 [main] DEBUG net.serenitybdd.core.photography.Darkroom - Send negative for processing for target\site\serenity\39e60db55e489a254398fb3906ce47928051f0cffc9d16ff4666875d32280ce2.png
11:07:38.421 [main] DEBUG net.thucydides.core.steps.StepInterceptor - STARTING STEP: DokterDataSteps.cleanAllDataDokter - cleanDataPasien
11:07:38.428 [Forwarding findElement on session adbb71fc47ec8c9026c60af8c2907503 to remote] DEBUG org.asynchttpclient.netty.request.NettyRequestSender - Using pooled Channel '[id: 0x43035804, L:/127.0.0.1:60589 - R:localhost/127.0.0.1:50888]' for 'POST' to 'http://localhost:50888/session/adbb71fc47ec8c9026c60af8c2907503/element'
11:07:38.428 [Forwarding findElement on session adbb71fc47ec8c9026c60af8c2907503 to remote] DEBUG org.asynchttpclient.netty.request.NettyRequestSender - Using open Channel [id: 0x43035804, L:/127.0.0.1:60589 - R:localhost/127.0.0.1:50888] for POST '/session/adbb71fc47ec8c9026c60af8c2907503/element'
11:07:38.459 [AsyncHttpClient-1-2] DEBUG org.asynchttpclient.netty.handler.HttpHandler - 

Request DefaultHttpRequest(decodeResult: success, version: HTTP/1.1)
POST /session/adbb71fc47ec8c9026c60af8c2907503/element HTTP/1.1
User-Agent: selenium/4.1.2 (java windows)
Content-Length: 166
Content-Type: application/json; charset=utf-8
host: localhost:50888
accept: */*

Response DefaultHttpResponse(decodeResult: success, version: HTTP/1.1)
HTTP/1.1 200 OK
Content-Type: application/json; charset=utf-8
cache-control: no-cache
content-length: 88

11:07:38.460 [AsyncHttpClient-1-2] DEBUG org.asynchttpclient.netty.channel.ChannelManager - Adding key: http://localhost:50888 for channel [id: 0x43035804, L:/127.0.0.1:60589 - R:localhost/127.0.0.1:50888]
11:07:38.463 [Forwarding clearElement on session adbb71fc47ec8c9026c60af8c2907503 to remote] DEBUG org.asynchttpclient.netty.request.NettyRequestSender - Using pooled Channel '[id: 0x43035804, L:/127.0.0.1:60589 - R:localhost/127.0.0.1:50888]' for 'POST' to 'http://localhost:50888/session/adbb71fc47ec8c9026c60af8c2907503/element/23549603-2348-4185-92f1-81d94ae23bb0/clear'
11:07:38.463 [Forwarding clearElement on session adbb71fc47ec8c9026c60af8c2907503 to remote] DEBUG org.asynchttpclient.netty.request.NettyRequestSender - Using open Channel [id: 0x43035804, L:/127.0.0.1:60589 - R:localhost/127.0.0.1:50888] for POST '/session/adbb71fc47ec8c9026c60af8c2907503/element/23549603-2348-4185-92f1-81d94ae23bb0/clear'
11:07:38.598 [AsyncHttpClient-1-2] DEBUG org.asynchttpclient.netty.handler.HttpHandler - 

Request DefaultHttpRequest(decodeResult: success, version: HTTP/1.1)
POST /session/adbb71fc47ec8c9026c60af8c2907503/element/23549603-2348-4185-92f1-81d94ae23bb0/clear HTTP/1.1
User-Agent: selenium/4.1.2 (java windows)
Content-Length: 50
Content-Type: application/json; charset=utf-8
host: localhost:50888
accept: */*

Response DefaultHttpResponse(decodeResult: success, version: HTTP/1.1)
HTTP/1.1 200 OK
Content-Type: application/json; charset=utf-8
cache-control: no-cache
content-length: 14

11:07:38.598 [AsyncHttpClient-1-2] DEBUG org.asynchttpclient.netty.channel.ChannelManager - Adding key: http://localhost:50888 for channel [id: 0x43035804, L:/127.0.0.1:60589 - R:localhost/127.0.0.1:50888]
11:07:38.604 [Forwarding findElement on session adbb71fc47ec8c9026c60af8c2907503 to remote] DEBUG org.asynchttpclient.netty.request.NettyRequestSender - Using pooled Channel '[id: 0x43035804, L:/127.0.0.1:60589 - R:localhost/127.0.0.1:50888]' for 'POST' to 'http://localhost:50888/session/adbb71fc47ec8c9026c60af8c2907503/element'
11:07:38.604 [Forwarding findElement on session adbb71fc47ec8c9026c60af8c2907503 to remote] DEBUG org.asynchttpclient.netty.request.NettyRequestSender - Using open Channel [id: 0x43035804, L:/127.0.0.1:60589 - R:localhost/127.0.0.1:50888] for POST '/session/adbb71fc47ec8c9026c60af8c2907503/element'
11:07:38.634 [AsyncHttpClient-1-2] DEBUG org.asynchttpclient.netty.handler.HttpHandler - 

Request DefaultHttpRequest(decodeResult: success, version: HTTP/1.1)
POST /session/adbb71fc47ec8c9026c60af8c2907503/element HTTP/1.1
User-Agent: selenium/4.1.2 (java windows)
Content-Length: 166
Content-Type: application/json; charset=utf-8
host: localhost:50888
accept: */*

Response DefaultHttpResponse(decodeResult: success, version: HTTP/1.1)
HTTP/1.1 200 OK
Content-Type: application/json; charset=utf-8
cache-control: no-cache
content-length: 88

11:07:38.634 [AsyncHttpClient-1-2] DEBUG org.asynchttpclient.netty.channel.ChannelManager - Adding key: http://localhost:50888 for channel [id: 0x43035804, L:/127.0.0.1:60589 - R:localhost/127.0.0.1:50888]
11:07:38.637 [Forwarding clearElement on session adbb71fc47ec8c9026c60af8c2907503 to remote] DEBUG org.asynchttpclient.netty.request.NettyRequestSender - Using pooled Channel '[id: 0x43035804, L:/127.0.0.1:60589 - R:localhost/127.0.0.1:50888]' for 'POST' to 'http://localhost:50888/session/adbb71fc47ec8c9026c60af8c2907503/element/2289c0fe-b3f1-4d3f-bdea-a73d3ddaa193/clear'
11:07:38.637 [Forwarding clearElement on session adbb71fc47ec8c9026c60af8c2907503 to remote] DEBUG org.asynchttpclient.netty.request.NettyRequestSender - Using open Channel [id: 0x43035804, L:/127.0.0.1:60589 - R:localhost/127.0.0.1:50888] for POST '/session/adbb71fc47ec8c9026c60af8c2907503/element/2289c0fe-b3f1-4d3f-bdea-a73d3ddaa193/clear'
11:07:38.717 [AsyncHttpClient-1-2] DEBUG org.asynchttpclient.netty.handler.HttpHandler - 

Request DefaultHttpRequest(decodeResult: success, version: HTTP/1.1)
POST /session/adbb71fc47ec8c9026c60af8c2907503/element/2289c0fe-b3f1-4d3f-bdea-a73d3ddaa193/clear HTTP/1.1
User-Agent: selenium/4.1.2 (java windows)
Content-Length: 50
Content-Type: application/json; charset=utf-8
host: localhost:50888
accept: */*

Response DefaultHttpResponse(decodeResult: success, version: HTTP/1.1)
HTTP/1.1 200 OK
Content-Type: application/json; charset=utf-8
cache-control: no-cache
content-length: 14

11:07:38.717 [AsyncHttpClient-1-2] DEBUG org.asynchttpclient.netty.channel.ChannelManager - Adding key: http://localhost:50888 for channel [id: 0x43035804, L:/127.0.0.1:60589 - R:localhost/127.0.0.1:50888]
11:07:38.722 [Forwarding findElement on session adbb71fc47ec8c9026c60af8c2907503 to remote] DEBUG org.asynchttpclient.netty.request.NettyRequestSender - Using pooled Channel '[id: 0x43035804, L:/127.0.0.1:60589 - R:localhost/127.0.0.1:50888]' for 'POST' to 'http://localhost:50888/session/adbb71fc47ec8c9026c60af8c2907503/element'
11:07:38.723 [Forwarding findElement on session adbb71fc47ec8c9026c60af8c2907503 to remote] DEBUG org.asynchttpclient.netty.request.NettyRequestSender - Using open Channel [id: 0x43035804, L:/127.0.0.1:60589 - R:localhost/127.0.0.1:50888] for POST '/session/adbb71fc47ec8c9026c60af8c2907503/element'
11:07:38.752 [AsyncHttpClient-1-2] DEBUG org.asynchttpclient.netty.handler.HttpHandler - 

Request DefaultHttpRequest(decodeResult: success, version: HTTP/1.1)
POST /session/adbb71fc47ec8c9026c60af8c2907503/element HTTP/1.1
User-Agent: selenium/4.1.2 (java windows)
Content-Length: 166
Content-Type: application/json; charset=utf-8
host: localhost:50888
accept: */*

Response DefaultHttpResponse(decodeResult: success, version: HTTP/1.1)
HTTP/1.1 200 OK
Content-Type: application/json; charset=utf-8
cache-control: no-cache
content-length: 88

11:07:38.752 [AsyncHttpClient-1-2] DEBUG org.asynchttpclient.netty.channel.ChannelManager - Adding key: http://localhost:50888 for channel [id: 0x43035804, L:/127.0.0.1:60589 - R:localhost/127.0.0.1:50888]
11:07:38.756 [Forwarding clearElement on session adbb71fc47ec8c9026c60af8c2907503 to remote] DEBUG org.asynchttpclient.netty.request.NettyRequestSender - Using pooled Channel '[id: 0x43035804, L:/127.0.0.1:60589 - R:localhost/127.0.0.1:50888]' for 'POST' to 'http://localhost:50888/session/adbb71fc47ec8c9026c60af8c2907503/element/3f17eab6-6810-4707-abbc-c5a25397b0fc/clear'
11:07:38.756 [Forwarding clearElement on session adbb71fc47ec8c9026c60af8c2907503 to remote] DEBUG org.asynchttpclient.netty.request.NettyRequestSender - Using open Channel [id: 0x43035804, L:/127.0.0.1:60589 - R:localhost/127.0.0.1:50888] for POST '/session/adbb71fc47ec8c9026c60af8c2907503/element/3f17eab6-6810-4707-abbc-c5a25397b0fc/clear'
11:07:38.861 [AsyncHttpClient-1-2] DEBUG org.asynchttpclient.netty.handler.HttpHandler - 

Request DefaultHttpRequest(decodeResult: success, version: HTTP/1.1)
POST /session/adbb71fc47ec8c9026c60af8c2907503/element/3f17eab6-6810-4707-abbc-c5a25397b0fc/clear HTTP/1.1
User-Agent: selenium/4.1.2 (java windows)
Content-Length: 50
Content-Type: application/json; charset=utf-8
host: localhost:50888
accept: */*

Response DefaultHttpResponse(decodeResult: success, version: HTTP/1.1)
HTTP/1.1 200 OK
Content-Type: application/json; charset=utf-8
cache-control: no-cache
content-length: 14

11:07:38.861 [AsyncHttpClient-1-2] DEBUG org.asynchttpclient.netty.channel.ChannelManager - Adding key: http://localhost:50888 for channel [id: 0x43035804, L:/127.0.0.1:60589 - R:localhost/127.0.0.1:50888]
11:07:38.869 [Forwarding findElement on session adbb71fc47ec8c9026c60af8c2907503 to remote] DEBUG org.asynchttpclient.netty.request.NettyRequestSender - Using pooled Channel '[id: 0x43035804, L:/127.0.0.1:60589 - R:localhost/127.0.0.1:50888]' for 'POST' to 'http://localhost:50888/session/adbb71fc47ec8c9026c60af8c2907503/element'
11:07:38.869 [Forwarding findElement on session adbb71fc47ec8c9026c60af8c2907503 to remote] DEBUG org.asynchttpclient.netty.request.NettyRequestSender - Using open Channel [id: 0x43035804, L:/127.0.0.1:60589 - R:localhost/127.0.0.1:50888] for POST '/session/adbb71fc47ec8c9026c60af8c2907503/element'
11:07:38.898 [AsyncHttpClient-1-2] DEBUG org.asynchttpclient.netty.handler.HttpHandler - 

Request DefaultHttpRequest(decodeResult: success, version: HTTP/1.1)
POST /session/adbb71fc47ec8c9026c60af8c2907503/element HTTP/1.1
User-Agent: selenium/4.1.2 (java windows)
Content-Length: 166
Content-Type: application/json; charset=utf-8
host: localhost:50888
accept: */*

Response DefaultHttpResponse(decodeResult: success, version: HTTP/1.1)
HTTP/1.1 200 OK
Content-Type: application/json; charset=utf-8
cache-control: no-cache
content-length: 88

11:07:38.899 [AsyncHttpClient-1-2] DEBUG org.asynchttpclient.netty.channel.ChannelManager - Adding key: http://localhost:50888 for channel [id: 0x43035804, L:/127.0.0.1:60589 - R:localhost/127.0.0.1:50888]
11:07:38.901 [Forwarding clearElement on session adbb71fc47ec8c9026c60af8c2907503 to remote] DEBUG org.asynchttpclient.netty.request.NettyRequestSender - Using pooled Channel '[id: 0x43035804, L:/127.0.0.1:60589 - R:localhost/127.0.0.1:50888]' for 'POST' to 'http://localhost:50888/session/adbb71fc47ec8c9026c60af8c2907503/element/2ee9f768-ef98-4b3a-93da-fecaea2f883f/clear'
11:07:38.901 [Forwarding clearElement on session adbb71fc47ec8c9026c60af8c2907503 to remote] DEBUG org.asynchttpclient.netty.request.NettyRequestSender - Using open Channel [id: 0x43035804, L:/127.0.0.1:60589 - R:localhost/127.0.0.1:50888] for POST '/session/adbb71fc47ec8c9026c60af8c2907503/element/2ee9f768-ef98-4b3a-93da-fecaea2f883f/clear'
11:07:39.001 [AsyncHttpClient-1-2] DEBUG org.asynchttpclient.netty.handler.HttpHandler - 

Request DefaultHttpRequest(decodeResult: success, version: HTTP/1.1)
POST /session/adbb71fc47ec8c9026c60af8c2907503/element/2ee9f768-ef98-4b3a-93da-fecaea2f883f/clear HTTP/1.1
User-Agent: selenium/4.1.2 (java windows)
Content-Length: 50
Content-Type: application/json; charset=utf-8
host: localhost:50888
accept: */*

Response DefaultHttpResponse(decodeResult: success, version: HTTP/1.1)
HTTP/1.1 200 OK
Content-Type: application/json; charset=utf-8
cache-control: no-cache
content-length: 14

11:07:39.001 [AsyncHttpClient-1-2] DEBUG org.asynchttpclient.netty.channel.ChannelManager - Adding key: http://localhost:50888 for channel [id: 0x43035804, L:/127.0.0.1:60589 - R:localhost/127.0.0.1:50888]
11:07:39.010 [Forwarding findElement on session adbb71fc47ec8c9026c60af8c2907503 to remote] DEBUG org.asynchttpclient.netty.request.NettyRequestSender - Using pooled Channel '[id: 0x43035804, L:/127.0.0.1:60589 - R:localhost/127.0.0.1:50888]' for 'POST' to 'http://localhost:50888/session/adbb71fc47ec8c9026c60af8c2907503/element'
11:07:39.010 [Forwarding findElement on session adbb71fc47ec8c9026c60af8c2907503 to remote] DEBUG org.asynchttpclient.netty.request.NettyRequestSender - Using open Channel [id: 0x43035804, L:/127.0.0.1:60589 - R:localhost/127.0.0.1:50888] for POST '/session/adbb71fc47ec8c9026c60af8c2907503/element'
11:07:39.020 [AsyncHttpClient-1-1] DEBUG org.asynchttpclient.netty.channel.DefaultChannelPool - Entry count for : http://localhost:60590 : 1
11:07:39.052 [AsyncHttpClient-1-2] DEBUG org.asynchttpclient.netty.handler.HttpHandler - 

Request DefaultHttpRequest(decodeResult: success, version: HTTP/1.1)
POST /session/adbb71fc47ec8c9026c60af8c2907503/element HTTP/1.1
User-Agent: selenium/4.1.2 (java windows)
Content-Length: 166
Content-Type: application/json; charset=utf-8
host: localhost:50888
accept: */*

Response DefaultHttpResponse(decodeResult: success, version: HTTP/1.1)
HTTP/1.1 200 OK
Content-Type: application/json; charset=utf-8
cache-control: no-cache
content-length: 88

11:07:39.053 [AsyncHttpClient-1-2] DEBUG org.asynchttpclient.netty.channel.ChannelManager - Adding key: http://localhost:50888 for channel [id: 0x43035804, L:/127.0.0.1:60589 - R:localhost/127.0.0.1:50888]
11:07:39.055 [Forwarding clearElement on session adbb71fc47ec8c9026c60af8c2907503 to remote] DEBUG org.asynchttpclient.netty.request.NettyRequestSender - Using pooled Channel '[id: 0x43035804, L:/127.0.0.1:60589 - R:localhost/127.0.0.1:50888]' for 'POST' to 'http://localhost:50888/session/adbb71fc47ec8c9026c60af8c2907503/element/f5da3b1c-b692-4fc6-9a6e-2b6a84cd1938/clear'
11:07:39.055 [Forwarding clearElement on session adbb71fc47ec8c9026c60af8c2907503 to remote] DEBUG org.asynchttpclient.netty.request.NettyRequestSender - Using open Channel [id: 0x43035804, L:/127.0.0.1:60589 - R:localhost/127.0.0.1:50888] for POST '/session/adbb71fc47ec8c9026c60af8c2907503/element/f5da3b1c-b692-4fc6-9a6e-2b6a84cd1938/clear'
11:07:39.144 [AsyncHttpClient-1-2] DEBUG org.asynchttpclient.netty.handler.HttpHandler - 

Request DefaultHttpRequest(decodeResult: success, version: HTTP/1.1)
POST /session/adbb71fc47ec8c9026c60af8c2907503/element/f5da3b1c-b692-4fc6-9a6e-2b6a84cd1938/clear HTTP/1.1
User-Agent: selenium/4.1.2 (java windows)
Content-Length: 50
Content-Type: application/json; charset=utf-8
host: localhost:50888
accept: */*

Response DefaultHttpResponse(decodeResult: success, version: HTTP/1.1)
HTTP/1.1 200 OK
Content-Type: application/json; charset=utf-8
cache-control: no-cache
content-length: 14

11:07:39.144 [AsyncHttpClient-1-2] DEBUG org.asynchttpclient.netty.channel.ChannelManager - Adding key: http://localhost:50888 for channel [id: 0x43035804, L:/127.0.0.1:60589 - R:localhost/127.0.0.1:50888]
11:07:39.158 [Forwarding screenshot on session adbb71fc47ec8c9026c60af8c2907503 to remote] DEBUG org.asynchttpclient.netty.request.NettyRequestSender - Using pooled Channel '[id: 0x43035804, L:/127.0.0.1:60589 - R:localhost/127.0.0.1:50888]' for 'GET' to 'http://localhost:50888/session/adbb71fc47ec8c9026c60af8c2907503/screenshot'
11:07:39.158 [Forwarding screenshot on session adbb71fc47ec8c9026c60af8c2907503 to remote] DEBUG org.asynchttpclient.netty.request.NettyRequestSender - Using open Channel [id: 0x43035804, L:/127.0.0.1:60589 - R:localhost/127.0.0.1:50888] for GET '/session/adbb71fc47ec8c9026c60af8c2907503/screenshot'
11:07:39.447 [AsyncHttpClient-1-2] DEBUG org.asynchttpclient.netty.handler.HttpHandler - 

Request DefaultFullHttpRequest(decodeResult: success, version: HTTP/1.1, content: EmptyByteBufBE)
GET /session/adbb71fc47ec8c9026c60af8c2907503/screenshot HTTP/1.1
User-Agent: selenium/4.1.2 (java windows)
Cache-Control: no-cache
Content-Type: application/json; charset=utf-8
host: localhost:50888
accept: */*

Response DefaultHttpResponse(decodeResult: success, version: HTTP/1.1)
HTTP/1.1 200 OK
Content-Type: application/json; charset=utf-8
cache-control: no-cache
content-length: 349740

11:07:39.449 [AsyncHttpClient-1-2] DEBUG org.asynchttpclient.netty.channel.ChannelManager - Adding key: http://localhost:50888 for channel [id: 0x43035804, L:/127.0.0.1:60589 - R:localhost/127.0.0.1:50888]
11:07:39.475 [main] DEBUG net.serenitybdd.core.photography.Darkroom - Send negative for processing for target\site\serenity\88abc64f8415a7e11267491fc5c954f910ec97d832426eafc43255b9c6eb4946.png
11:07:39.476 [main] DEBUG net.thucydides.core.steps.StepInterceptor - STEP DONE: cleanDataPasien
  &amp#27;[32mAnd &amp#27;[0m&amp#27;[32mClean all data dokter&amp#27;[0m                                             &amp#27;[90m# starter.stepdefinitios.DokterDataSteps.cleanAllDataDokter()&amp#27;[0m
11:07:39.476 [Darkroom Processing Line] DEBUG net.serenitybdd.core.photography.DarkroomProcessingLine - Processing screenshot image in /var/screenshots/screenshot-12186559886635095605
11:07:39.477 [Darkroom Processing Line] DEBUG net.serenitybdd.core.photography.DarkroomProcessingLine - Saving screenshot to target\site\serenity\88abc64f8415a7e11267491fc5c954f910ec97d832426eafc43255b9c6eb4946.png
11:07:39.528 [Forwarding screenshot on session adbb71fc47ec8c9026c60af8c2907503 to remote] DEBUG org.asynchttpclient.netty.request.NettyRequestSender - Using pooled Channel '[id: 0x43035804, L:/127.0.0.1:60589 - R:localhost/127.0.0.1:50888]' for 'GET' to 'http://localhost:50888/session/adbb71fc47ec8c9026c60af8c2907503/screenshot'
11:07:39.528 [Forwarding screenshot on session adbb71fc47ec8c9026c60af8c2907503 to remote] DEBUG org.asynchttpclient.netty.request.NettyRequestSender - Using open Channel [id: 0x43035804, L:/127.0.0.1:60589 - R:localhost/127.0.0.1:50888] for GET '/session/adbb71fc47ec8c9026c60af8c2907503/screenshot'
11:07:39.877 [AsyncHttpClient-1-2] DEBUG org.asynchttpclient.netty.handler.HttpHandler - 

Request DefaultFullHttpRequest(decodeResult: success, version: HTTP/1.1, content: EmptyByteBufBE)
GET /session/adbb71fc47ec8c9026c60af8c2907503/screenshot HTTP/1.1
User-Agent: selenium/4.1.2 (java windows)
Cache-Control: no-cache
Content-Type: application/json; charset=utf-8
host: localhost:50888
accept: */*

Response DefaultHttpResponse(decodeResult: success, version: HTTP/1.1)
HTTP/1.1 200 OK
Content-Type: application/json; charset=utf-8
cache-control: no-cache
content-length: 349740

11:07:39.880 [AsyncHttpClient-1-2] DEBUG org.asynchttpclient.netty.channel.ChannelManager - Adding key: http://localhost:50888 for channel [id: 0x43035804, L:/127.0.0.1:60589 - R:localhost/127.0.0.1:50888]
11:07:39.908 [main] DEBUG net.serenitybdd.core.photography.Darkroom - Send negative for processing for target\site\serenity\88abc64f8415a7e11267491fc5c954f910ec97d832426eafc43255b9c6eb4946.png
11:07:39.909 [main] DEBUG net.thucydides.core.steps.StepInterceptor - STARTING STEP: DokterDataSteps.iInputDokter - inputDataPasien
11:07:39.914 [Forwarding findElement on session adbb71fc47ec8c9026c60af8c2907503 to remote] DEBUG org.asynchttpclient.netty.request.NettyRequestSender - Using pooled Channel '[id: 0x43035804, L:/127.0.0.1:60589 - R:localhost/127.0.0.1:50888]' for 'POST' to 'http://localhost:50888/session/adbb71fc47ec8c9026c60af8c2907503/element'
11:07:39.914 [Forwarding findElement on session adbb71fc47ec8c9026c60af8c2907503 to remote] DEBUG org.asynchttpclient.netty.request.NettyRequestSender - Using open Channel [id: 0x43035804, L:/127.0.0.1:60589 - R:localhost/127.0.0.1:50888] for POST '/session/adbb71fc47ec8c9026c60af8c2907503/element'
11:07:39.932 [AsyncHttpClient-1-2] DEBUG org.asynchttpclient.netty.handler.HttpHandler - 

Request DefaultHttpRequest(decodeResult: success, version: HTTP/1.1)
POST /session/adbb71fc47ec8c9026c60af8c2907503/element HTTP/1.1
User-Agent: selenium/4.1.2 (java windows)
Content-Length: 166
Content-Type: application/json; charset=utf-8
host: localhost:50888
accept: */*

Response DefaultHttpResponse(decodeResult: success, version: HTTP/1.1)
HTTP/1.1 200 OK
Content-Type: application/json; charset=utf-8
cache-control: no-cache
content-length: 88

11:07:39.932 [AsyncHttpClient-1-2] DEBUG org.asynchttpclient.netty.channel.ChannelManager - Adding key: http://localhost:50888 for channel [id: 0x43035804, L:/127.0.0.1:60589 - R:localhost/127.0.0.1:50888]
11:07:39.935 [Forwarding sendKeysToElement on session adbb71fc47ec8c9026c60af8c2907503 to remote] DEBUG org.asynchttpclient.netty.request.NettyRequestSender - Using pooled Channel '[id: 0x43035804, L:/127.0.0.1:60589 - R:localhost/127.0.0.1:50888]' for 'POST' to 'http://localhost:50888/session/adbb71fc47ec8c9026c60af8c2907503/element/23549603-2348-4185-92f1-81d94ae23bb0/value'
11:07:39.936 [Forwarding sendKeysToElement on session adbb71fc47ec8c9026c60af8c2907503 to remote] DEBUG org.asynchttpclient.netty.request.NettyRequestSender - Using open Channel [id: 0x43035804, L:/127.0.0.1:60589 - R:localhost/127.0.0.1:50888] for POST '/session/adbb71fc47ec8c9026c60af8c2907503/element/23549603-2348-4185-92f1-81d94ae23bb0/value'
11:07:40.115 [AsyncHttpClient-1-1] DEBUG org.asynchttpclient.netty.channel.DefaultChannelPool - Entry count for : http://localhost:60590 : 1
11:07:40.328 [AsyncHttpClient-1-2] DEBUG org.asynchttpclient.netty.handler.HttpHandler - 

Request DefaultHttpRequest(decodeResult: success, version: HTTP/1.1)
POST /session/adbb71fc47ec8c9026c60af8c2907503/element/23549603-2348-4185-92f1-81d94ae23bb0/value HTTP/1.1
User-Agent: selenium/4.1.2 (java windows)
Content-Length: 131
Content-Type: application/json; charset=utf-8
host: localhost:50888
accept: */*

Response DefaultHttpResponse(decodeResult: success, version: HTTP/1.1)
HTTP/1.1 200 OK
Content-Type: application/json; charset=utf-8
cache-control: no-cache
content-length: 14

11:07:40.328 [AsyncHttpClient-1-2] DEBUG org.asynchttpclient.netty.channel.ChannelManager - Adding key: http://localhost:50888 for channel [id: 0x43035804, L:/127.0.0.1:60589 - R:localhost/127.0.0.1:50888]
11:07:40.333 [Forwarding findElement on session adbb71fc47ec8c9026c60af8c2907503 to remote] DEBUG org.asynchttpclient.netty.request.NettyRequestSender - Using pooled Channel '[id: 0x43035804, L:/127.0.0.1:60589 - R:localhost/127.0.0.1:50888]' for 'POST' to 'http://localhost:50888/session/adbb71fc47ec8c9026c60af8c2907503/element'
11:07:40.334 [Forwarding findElement on session adbb71fc47ec8c9026c60af8c2907503 to remote] DEBUG org.asynchttpclient.netty.request.NettyRequestSender - Using open Channel [id: 0x43035804, L:/127.0.0.1:60589 - R:localhost/127.0.0.1:50888] for POST '/session/adbb71fc47ec8c9026c60af8c2907503/element'
11:07:40.350 [AsyncHttpClient-1-2] DEBUG org.asynchttpclient.netty.handler.HttpHandler - 

Request DefaultHttpRequest(decodeResult: success, version: HTTP/1.1)
POST /session/adbb71fc47ec8c9026c60af8c2907503/element HTTP/1.1
User-Agent: selenium/4.1.2 (java windows)
Content-Length: 166
Content-Type: application/json; charset=utf-8
host: localhost:50888
accept: */*

Response DefaultHttpResponse(decodeResult: success, version: HTTP/1.1)
HTTP/1.1 200 OK
Content-Type: application/json; charset=utf-8
cache-control: no-cache
content-length: 88

11:07:40.350 [AsyncHttpClient-1-2] DEBUG org.asynchttpclient.netty.channel.ChannelManager - Adding key: http://localhost:50888 for channel [id: 0x43035804, L:/127.0.0.1:60589 - R:localhost/127.0.0.1:50888]
11:07:40.354 [Forwarding sendKeysToElement on session adbb71fc47ec8c9026c60af8c2907503 to remote] DEBUG org.asynchttpclient.netty.request.NettyRequestSender - Using pooled Channel '[id: 0x43035804, L:/127.0.0.1:60589 - R:localhost/127.0.0.1:50888]' for 'POST' to 'http://localhost:50888/session/adbb71fc47ec8c9026c60af8c2907503/element/2289c0fe-b3f1-4d3f-bdea-a73d3ddaa193/value'
11:07:40.354 [Forwarding sendKeysToElement on session adbb71fc47ec8c9026c60af8c2907503 to remote] DEBUG org.asynchttpclient.netty.request.NettyRequestSender - Using open Channel [id: 0x43035804, L:/127.0.0.1:60589 - R:localhost/127.0.0.1:50888] for POST '/session/adbb71fc47ec8c9026c60af8c2907503/element/2289c0fe-b3f1-4d3f-bdea-a73d3ddaa193/value'
11:07:40.756 [AsyncHttpClient-1-2] DEBUG org.asynchttpclient.netty.handler.HttpHandler - 

Request DefaultHttpRequest(decodeResult: success, version: HTTP/1.1)
POST /session/adbb71fc47ec8c9026c60af8c2907503/element/2289c0fe-b3f1-4d3f-bdea-a73d3ddaa193/value HTTP/1.1
User-Agent: selenium/4.1.2 (java windows)
Content-Length: 131
Content-Type: application/json; charset=utf-8
host: localhost:50888
accept: */*

Response DefaultHttpResponse(decodeResult: success, version: HTTP/1.1)
HTTP/1.1 200 OK
Content-Type: application/json; charset=utf-8
cache-control: no-cache
content-length: 14

11:07:40.757 [AsyncHttpClient-1-2] DEBUG org.asynchttpclient.netty.channel.ChannelManager - Adding key: http://localhost:50888 for channel [id: 0x43035804, L:/127.0.0.1:60589 - R:localhost/127.0.0.1:50888]
11:07:40.763 [Forwarding findElement on session adbb71fc47ec8c9026c60af8c2907503 to remote] DEBUG org.asynchttpclient.netty.request.NettyRequestSender - Using pooled Channel '[id: 0x43035804, L:/127.0.0.1:60589 - R:localhost/127.0.0.1:50888]' for 'POST' to 'http://localhost:50888/session/adbb71fc47ec8c9026c60af8c2907503/element'
11:07:40.763 [Forwarding findElement on session adbb71fc47ec8c9026c60af8c2907503 to remote] DEBUG org.asynchttpclient.netty.request.NettyRequestSender - Using open Channel [id: 0x43035804, L:/127.0.0.1:60589 - R:localhost/127.0.0.1:50888] for POST '/session/adbb71fc47ec8c9026c60af8c2907503/element'
11:07:40.781 [AsyncHttpClient-1-2] DEBUG org.asynchttpclient.netty.handler.HttpHandler - 

Request DefaultHttpRequest(decodeResult: success, version: HTTP/1.1)
POST /session/adbb71fc47ec8c9026c60af8c2907503/element HTTP/1.1
User-Agent: selenium/4.1.2 (java windows)
Content-Length: 166
Content-Type: application/json; charset=utf-8
host: localhost:50888
accept: */*

Response DefaultHttpResponse(decodeResult: success, version: HTTP/1.1)
HTTP/1.1 200 OK
Content-Type: application/json; charset=utf-8
cache-control: no-cache
content-length: 88

11:07:40.782 [AsyncHttpClient-1-2] DEBUG org.asynchttpclient.netty.channel.ChannelManager - Adding key: http://localhost:50888 for channel [id: 0x43035804, L:/127.0.0.1:60589 - R:localhost/127.0.0.1:50888]
11:07:40.785 [Forwarding sendKeysToElement on session adbb71fc47ec8c9026c60af8c2907503 to remote] DEBUG org.asynchttpclient.netty.request.NettyRequestSender - Using pooled Channel '[id: 0x43035804, L:/127.0.0.1:60589 - R:localhost/127.0.0.1:50888]' for 'POST' to 'http://localhost:50888/session/adbb71fc47ec8c9026c60af8c2907503/element/3f17eab6-6810-4707-abbc-c5a25397b0fc/value'
11:07:40.786 [Forwarding sendKeysToElement on session adbb71fc47ec8c9026c60af8c2907503 to remote] DEBUG org.asynchttpclient.netty.request.NettyRequestSender - Using open Channel [id: 0x43035804, L:/127.0.0.1:60589 - R:localhost/127.0.0.1:50888] for POST '/session/adbb71fc47ec8c9026c60af8c2907503/element/3f17eab6-6810-4707-abbc-c5a25397b0fc/value'
11:07:41.036 [AsyncHttpClient-1-2] DEBUG org.asynchttpclient.netty.handler.HttpHandler - 

Request DefaultHttpRequest(decodeResult: success, version: HTTP/1.1)
POST /session/adbb71fc47ec8c9026c60af8c2907503/element/3f17eab6-6810-4707-abbc-c5a25397b0fc/value HTTP/1.1
User-Agent: selenium/4.1.2 (java windows)
Content-Length: 131
Content-Type: application/json; charset=utf-8
host: localhost:50888
accept: */*

Response DefaultHttpResponse(decodeResult: success, version: HTTP/1.1)
HTTP/1.1 200 OK
Content-Type: application/json; charset=utf-8
cache-control: no-cache
content-length: 14

11:07:41.036 [AsyncHttpClient-1-2] DEBUG org.asynchttpclient.netty.channel.ChannelManager - Adding key: http://localhost:50888 for channel [id: 0x43035804, L:/127.0.0.1:60589 - R:localhost/127.0.0.1:50888]
11:07:41.043 [Forwarding findElement on session adbb71fc47ec8c9026c60af8c2907503 to remote] DEBUG org.asynchttpclient.netty.request.NettyRequestSender - Using pooled Channel '[id: 0x43035804, L:/127.0.0.1:60589 - R:localhost/127.0.0.1:50888]' for 'POST' to 'http://localhost:50888/session/adbb71fc47ec8c9026c60af8c2907503/element'
11:07:41.043 [Forwarding findElement on session adbb71fc47ec8c9026c60af8c2907503 to remote] DEBUG org.asynchttpclient.netty.request.NettyRequestSender - Using open Channel [id: 0x43035804, L:/127.0.0.1:60589 - R:localhost/127.0.0.1:50888] for POST '/session/adbb71fc47ec8c9026c60af8c2907503/element'
11:07:41.062 [AsyncHttpClient-1-2] DEBUG org.asynchttpclient.netty.handler.HttpHandler - 

Request DefaultHttpRequest(decodeResult: success, version: HTTP/1.1)
POST /session/adbb71fc47ec8c9026c60af8c2907503/element HTTP/1.1
User-Agent: selenium/4.1.2 (java windows)
Content-Length: 166
Content-Type: application/json; charset=utf-8
host: localhost:50888
accept: */*

Response DefaultHttpResponse(decodeResult: success, version: HTTP/1.1)
HTTP/1.1 200 OK
Content-Type: application/json; charset=utf-8
cache-control: no-cache
content-length: 88

11:07:41.062 [AsyncHttpClient-1-2] DEBUG org.asynchttpclient.netty.channel.ChannelManager - Adding key: http://localhost:50888 for channel [id: 0x43035804, L:/127.0.0.1:60589 - R:localhost/127.0.0.1:50888]
11:07:41.066 [Forwarding sendKeysToElement on session adbb71fc47ec8c9026c60af8c2907503 to remote] DEBUG org.asynchttpclient.netty.request.NettyRequestSender - Using pooled Channel '[id: 0x43035804, L:/127.0.0.1:60589 - R:localhost/127.0.0.1:50888]' for 'POST' to 'http://localhost:50888/session/adbb71fc47ec8c9026c60af8c2907503/element/2ee9f768-ef98-4b3a-93da-fecaea2f883f/value'
11:07:41.066 [Forwarding sendKeysToElement on session adbb71fc47ec8c9026c60af8c2907503 to remote] DEBUG org.asynchttpclient.netty.request.NettyRequestSender - Using open Channel [id: 0x43035804, L:/127.0.0.1:60589 - R:localhost/127.0.0.1:50888] for POST '/session/adbb71fc47ec8c9026c60af8c2907503/element/2ee9f768-ef98-4b3a-93da-fecaea2f883f/value'
11:07:41.212 [AsyncHttpClient-1-1] DEBUG org.asynchttpclient.netty.channel.DefaultChannelPool - Entry count for : http://localhost:60590 : 1
11:07:41.436 [AsyncHttpClient-1-2] DEBUG org.asynchttpclient.netty.handler.HttpHandler - 

Request DefaultHttpRequest(decodeResult: success, version: HTTP/1.1)
POST /session/adbb71fc47ec8c9026c60af8c2907503/element/2ee9f768-ef98-4b3a-93da-fecaea2f883f/value HTTP/1.1
User-Agent: selenium/4.1.2 (java windows)
Content-Length: 181
Content-Type: application/json; charset=utf-8
host: localhost:50888
accept: */*

Response DefaultHttpResponse(decodeResult: success, version: HTTP/1.1)
HTTP/1.1 200 OK
Content-Type: application/json; charset=utf-8
cache-control: no-cache
content-length: 14

11:07:41.436 [AsyncHttpClient-1-2] DEBUG org.asynchttpclient.netty.channel.ChannelManager - Adding key: http://localhost:50888 for channel [id: 0x43035804, L:/127.0.0.1:60589 - R:localhost/127.0.0.1:50888]
11:07:41.443 [Forwarding findElement on session adbb71fc47ec8c9026c60af8c2907503 to remote] DEBUG org.asynchttpclient.netty.request.NettyRequestSender - Using pooled Channel '[id: 0x43035804, L:/127.0.0.1:60589 - R:localhost/127.0.0.1:50888]' for 'POST' to 'http://localhost:50888/session/adbb71fc47ec8c9026c60af8c2907503/element'
11:07:41.443 [Forwarding findElement on session adbb71fc47ec8c9026c60af8c2907503 to remote] DEBUG org.asynchttpclient.netty.request.NettyRequestSender - Using open Channel [id: 0x43035804, L:/127.0.0.1:60589 - R:localhost/127.0.0.1:50888] for POST '/session/adbb71fc47ec8c9026c60af8c2907503/element'
11:07:41.460 [AsyncHttpClient-1-2] DEBUG org.asynchttpclient.netty.handler.HttpHandler - 

Request DefaultHttpRequest(decodeResult: success, version: HTTP/1.1)
POST /session/adbb71fc47ec8c9026c60af8c2907503/element HTTP/1.1
User-Agent: selenium/4.1.2 (java windows)
Content-Length: 166
Content-Type: application/json; charset=utf-8
host: localhost:50888
accept: */*

Response DefaultHttpResponse(decodeResult: success, version: HTTP/1.1)
HTTP/1.1 200 OK
Content-Type: application/json; charset=utf-8
cache-control: no-cache
content-length: 88

11:07:41.461 [AsyncHttpClient-1-2] DEBUG org.asynchttpclient.netty.channel.ChannelManager - Adding key: http://localhost:50888 for channel [id: 0x43035804, L:/127.0.0.1:60589 - R:localhost/127.0.0.1:50888]
11:07:41.464 [Forwarding sendKeysToElement on session adbb71fc47ec8c9026c60af8c2907503 to remote] DEBUG org.asynchttpclient.netty.request.NettyRequestSender - Using pooled Channel '[id: 0x43035804, L:/127.0.0.1:60589 - R:localhost/127.0.0.1:50888]' for 'POST' to 'http://localhost:50888/session/adbb71fc47ec8c9026c60af8c2907503/element/f5da3b1c-b692-4fc6-9a6e-2b6a84cd1938/value'
11:07:41.464 [Forwarding sendKeysToElement on session adbb71fc47ec8c9026c60af8c2907503 to remote] DEBUG org.asynchttpclient.netty.request.NettyRequestSender - Using open Channel [id: 0x43035804, L:/127.0.0.1:60589 - R:localhost/127.0.0.1:50888] for POST '/session/adbb71fc47ec8c9026c60af8c2907503/element/f5da3b1c-b692-4fc6-9a6e-2b6a84cd1938/value'
11:07:41.816 [AsyncHttpClient-1-2] DEBUG org.asynchttpclient.netty.handler.HttpHandler - 

Request DefaultHttpRequest(decodeResult: success, version: HTTP/1.1)
POST /session/adbb71fc47ec8c9026c60af8c2907503/element/f5da3b1c-b692-4fc6-9a6e-2b6a84cd1938/value HTTP/1.1
User-Agent: selenium/4.1.2 (java windows)
Content-Length: 181
Content-Type: application/json; charset=utf-8
host: localhost:50888
accept: */*

Response DefaultHttpResponse(decodeResult: success, version: HTTP/1.1)
HTTP/1.1 200 OK
Content-Type: application/json; charset=utf-8
cache-control: no-cache
content-length: 14

11:07:41.816 [AsyncHttpClient-1-2] DEBUG org.asynchttpclient.netty.channel.ChannelManager - Adding key: http://localhost:50888 for channel [id: 0x43035804, L:/127.0.0.1:60589 - R:localhost/127.0.0.1:50888]
11:07:41.828 [Forwarding screenshot on session adbb71fc47ec8c9026c60af8c2907503 to remote] DEBUG org.asynchttpclient.netty.request.NettyRequestSender - Using pooled Channel '[id: 0x43035804, L:/127.0.0.1:60589 - R:localhost/127.0.0.1:50888]' for 'GET' to 'http://localhost:50888/session/adbb71fc47ec8c9026c60af8c2907503/screenshot'
11:07:41.828 [Forwarding screenshot on session adbb71fc47ec8c9026c60af8c2907503 to remote] DEBUG org.asynchttpclient.netty.request.NettyRequestSender - Using open Channel [id: 0x43035804, L:/127.0.0.1:60589 - R:localhost/127.0.0.1:50888] for GET '/session/adbb71fc47ec8c9026c60af8c2907503/screenshot'
11:07:42.143 [AsyncHttpClient-1-2] DEBUG org.asynchttpclient.netty.handler.HttpHandler - 

Request DefaultFullHttpRequest(decodeResult: success, version: HTTP/1.1, content: EmptyByteBufBE)
GET /session/adbb71fc47ec8c9026c60af8c2907503/screenshot HTTP/1.1
User-Agent: selenium/4.1.2 (java windows)
Cache-Control: no-cache
Content-Type: application/json; charset=utf-8
host: localhost:50888
accept: */*

Response DefaultHttpResponse(decodeResult: success, version: HTTP/1.1)
HTTP/1.1 200 OK
Content-Type: application/json; charset=utf-8
cache-control: no-cache
content-length: 364968

11:07:42.148 [AsyncHttpClient-1-2] DEBUG org.asynchttpclient.netty.channel.ChannelManager - Adding key: http://localhost:50888 for channel [id: 0x43035804, L:/127.0.0.1:60589 - R:localhost/127.0.0.1:50888]
11:07:42.174 [main] DEBUG net.serenitybdd.core.photography.Darkroom - Send negative for processing for target\site\serenity\cfb32907c29d5e458ff709fd363fbba39f7be2eb27eab045d1a777e5a3bc984c.png
11:07:42.175 [main] DEBUG net.thucydides.core.steps.StepInterceptor - STEP DONE: inputDataPasien
  &amp#27;[32mThen &amp#27;[0m&amp#27;[32mI input &amp#27;[0m&amp#27;[32m&amp#27;[1m"Bagas"&amp#27;[0m&amp#27;[32m &amp#27;[0m&amp#27;[32m&amp#27;[1m"12344"&amp#27;[0m&amp#27;[32m &amp#27;[0m&amp#27;[32m&amp#27;[1m"Bedah"&amp#27;[0m&amp#27;[32m &amp#27;[0m&amp#27;[32m&amp#27;[1m"BagasBedah"&amp#27;[0m&amp#27;[32m &amp#27;[0m&amp#27;[32m&amp#27;[1m"BagasBedah"&amp#27;[0m&amp#27;[32m dokter&amp#27;[0m &amp#27;[90m# starter.stepdefinitios.DokterDataSteps.iInputDokter(java.lang.String,java.lang.String,java.lang.String,java.lang.String,java.lang.String)&amp#27;[0m
11:07:42.178 [Darkroom Processing Line] DEBUG net.serenitybdd.core.photography.DarkroomProcessingLine - Processing screenshot image in /var/screenshots/screenshot-15305974826945075000
11:07:42.178 [Darkroom Processing Line] DEBUG net.serenitybdd.core.photography.DarkroomProcessingLine - Saving screenshot to target\site\serenity\cfb32907c29d5e458ff709fd363fbba39f7be2eb27eab045d1a777e5a3bc984c.png
11:07:42.251 [Forwarding screenshot on session adbb71fc47ec8c9026c60af8c2907503 to remote] DEBUG org.asynchttpclient.netty.request.NettyRequestSender - Using pooled Channel '[id: 0x43035804, L:/127.0.0.1:60589 - R:localhost/127.0.0.1:50888]' for 'GET' to 'http://localhost:50888/session/adbb71fc47ec8c9026c60af8c2907503/screenshot'
11:07:42.252 [Forwarding screenshot on session adbb71fc47ec8c9026c60af8c2907503 to remote] DEBUG org.asynchttpclient.netty.request.NettyRequestSender - Using open Channel [id: 0x43035804, L:/127.0.0.1:60589 - R:localhost/127.0.0.1:50888] for GET '/session/adbb71fc47ec8c9026c60af8c2907503/screenshot'
11:07:42.345 [AsyncHttpClient-1-1] DEBUG org.asynchttpclient.netty.channel.DefaultChannelPool - Entry count for : http://localhost:60590 : 1
11:07:42.604 [AsyncHttpClient-1-2] DEBUG org.asynchttpclient.netty.handler.HttpHandler - 

Request DefaultFullHttpRequest(decodeResult: success, version: HTTP/1.1, content: EmptyByteBufBE)
GET /session/adbb71fc47ec8c9026c60af8c2907503/screenshot HTTP/1.1
User-Agent: selenium/4.1.2 (java windows)
Cache-Control: no-cache
Content-Type: application/json; charset=utf-8
host: localhost:50888
accept: */*

Response DefaultHttpResponse(decodeResult: success, version: HTTP/1.1)
HTTP/1.1 200 OK
Content-Type: application/json; charset=utf-8
cache-control: no-cache
content-length: 364968

11:07:42.608 [AsyncHttpClient-1-2] DEBUG org.asynchttpclient.netty.channel.ChannelManager - Adding key: http://localhost:50888 for channel [id: 0x43035804, L:/127.0.0.1:60589 - R:localhost/127.0.0.1:50888]
11:07:42.635 [main] DEBUG net.serenitybdd.core.photography.Darkroom - Send negative for processing for target\site\serenity\cfb32907c29d5e458ff709fd363fbba39f7be2eb27eab045d1a777e5a3bc984c.png
11:07:42.635 [main] DEBUG net.thucydides.core.steps.StepInterceptor - STARTING STEP: PatientDataSteps.clickButtonSimpan - clickButtonSave
11:07:42.644 [Forwarding findElement on session adbb71fc47ec8c9026c60af8c2907503 to remote] DEBUG org.asynchttpclient.netty.request.NettyRequestSender - Using pooled Channel '[id: 0x43035804, L:/127.0.0.1:60589 - R:localhost/127.0.0.1:50888]' for 'POST' to 'http://localhost:50888/session/adbb71fc47ec8c9026c60af8c2907503/element'
11:07:42.644 [Forwarding findElement on session adbb71fc47ec8c9026c60af8c2907503 to remote] DEBUG org.asynchttpclient.netty.request.NettyRequestSender - Using open Channel [id: 0x43035804, L:/127.0.0.1:60589 - R:localhost/127.0.0.1:50888] for POST '/session/adbb71fc47ec8c9026c60af8c2907503/element'
11:07:42.678 [AsyncHttpClient-1-2] DEBUG org.asynchttpclient.netty.handler.HttpHandler - 

Request DefaultHttpRequest(decodeResult: success, version: HTTP/1.1)
POST /session/adbb71fc47ec8c9026c60af8c2907503/element HTTP/1.1
User-Agent: selenium/4.1.2 (java windows)
Content-Length: 149
Content-Type: application/json; charset=utf-8
host: localhost:50888
accept: */*

Response DefaultHttpResponse(decodeResult: success, version: HTTP/1.1)
HTTP/1.1 200 OK
Content-Type: application/json; charset=utf-8
cache-control: no-cache
content-length: 88

11:07:42.678 [AsyncHttpClient-1-2] DEBUG org.asynchttpclient.netty.channel.ChannelManager - Adding key: http://localhost:50888 for channel [id: 0x43035804, L:/127.0.0.1:60589 - R:localhost/127.0.0.1:50888]
11:07:42.681 [Forwarding getElementTagName on session adbb71fc47ec8c9026c60af8c2907503 to remote] DEBUG org.asynchttpclient.netty.request.NettyRequestSender - Using pooled Channel '[id: 0x43035804, L:/127.0.0.1:60589 - R:localhost/127.0.0.1:50888]' for 'GET' to 'http://localhost:50888/session/adbb71fc47ec8c9026c60af8c2907503/element/71a7aa61-edcd-4857-a3a7-3c33e1cf9266/name'
11:07:42.682 [Forwarding getElementTagName on session adbb71fc47ec8c9026c60af8c2907503 to remote] DEBUG org.asynchttpclient.netty.request.NettyRequestSender - Using open Channel [id: 0x43035804, L:/127.0.0.1:60589 - R:localhost/127.0.0.1:50888] for GET '/session/adbb71fc47ec8c9026c60af8c2907503/element/71a7aa61-edcd-4857-a3a7-3c33e1cf9266/name'
11:07:42.713 [AsyncHttpClient-1-2] DEBUG org.asynchttpclient.netty.handler.HttpHandler - 

Request DefaultFullHttpRequest(decodeResult: success, version: HTTP/1.1, content: EmptyByteBufBE)
GET /session/adbb71fc47ec8c9026c60af8c2907503/element/71a7aa61-edcd-4857-a3a7-3c33e1cf9266/name HTTP/1.1
User-Agent: selenium/4.1.2 (java windows)
Cache-Control: no-cache
Content-Type: application/json; charset=utf-8
host: localhost:50888
accept: */*

Response DefaultHttpResponse(decodeResult: success, version: HTTP/1.1)
HTTP/1.1 200 OK
Content-Type: application/json; charset=utf-8
cache-control: no-cache
content-length: 18

11:07:42.713 [AsyncHttpClient-1-2] DEBUG org.asynchttpclient.netty.channel.ChannelManager - Adding key: http://localhost:50888 for channel [id: 0x43035804, L:/127.0.0.1:60589 - R:localhost/127.0.0.1:50888]
11:07:42.716 [Forwarding getElementTagName on session adbb71fc47ec8c9026c60af8c2907503 to remote] DEBUG org.asynchttpclient.netty.request.NettyRequestSender - Using pooled Channel '[id: 0x43035804, L:/127.0.0.1:60589 - R:localhost/127.0.0.1:50888]' for 'GET' to 'http://localhost:50888/session/adbb71fc47ec8c9026c60af8c2907503/element/71a7aa61-edcd-4857-a3a7-3c33e1cf9266/name'
11:07:42.716 [Forwarding getElementTagName on session adbb71fc47ec8c9026c60af8c2907503 to remote] DEBUG org.asynchttpclient.netty.request.NettyRequestSender - Using open Channel [id: 0x43035804, L:/127.0.0.1:60589 - R:localhost/127.0.0.1:50888] for GET '/session/adbb71fc47ec8c9026c60af8c2907503/element/71a7aa61-edcd-4857-a3a7-3c33e1cf9266/name'
11:07:42.746 [AsyncHttpClient-1-2] DEBUG org.asynchttpclient.netty.handler.HttpHandler - 

Request DefaultFullHttpRequest(decodeResult: success, version: HTTP/1.1, content: EmptyByteBufBE)
GET /session/adbb71fc47ec8c9026c60af8c2907503/element/71a7aa61-edcd-4857-a3a7-3c33e1cf9266/name HTTP/1.1
User-Agent: selenium/4.1.2 (java windows)
Cache-Control: no-cache
Content-Type: application/json; charset=utf-8
host: localhost:50888
accept: */*

Response DefaultHttpResponse(decodeResult: success, version: HTTP/1.1)
HTTP/1.1 200 OK
Content-Type: application/json; charset=utf-8
cache-control: no-cache
content-length: 18

11:07:42.746 [AsyncHttpClient-1-2] DEBUG org.asynchttpclient.netty.channel.ChannelManager - Adding key: http://localhost:50888 for channel [id: 0x43035804, L:/127.0.0.1:60589 - R:localhost/127.0.0.1:50888]
11:07:42.773 [Forwarding isElementEnabled on session adbb71fc47ec8c9026c60af8c2907503 to remote] DEBUG org.asynchttpclient.netty.request.NettyRequestSender - Using pooled Channel '[id: 0x43035804, L:/127.0.0.1:60589 - R:localhost/127.0.0.1:50888]' for 'GET' to 'http://localhost:50888/session/adbb71fc47ec8c9026c60af8c2907503/element/71a7aa61-edcd-4857-a3a7-3c33e1cf9266/enabled'
11:07:42.773 [Forwarding isElementEnabled on session adbb71fc47ec8c9026c60af8c2907503 to remote] DEBUG org.asynchttpclient.netty.request.NettyRequestSender - Using open Channel [id: 0x43035804, L:/127.0.0.1:60589 - R:localhost/127.0.0.1:50888] for GET '/session/adbb71fc47ec8c9026c60af8c2907503/element/71a7aa61-edcd-4857-a3a7-3c33e1cf9266/enabled'
11:07:42.803 [AsyncHttpClient-1-2] DEBUG org.asynchttpclient.netty.handler.HttpHandler - 

Request DefaultFullHttpRequest(decodeResult: success, version: HTTP/1.1, content: EmptyByteBufBE)
GET /session/adbb71fc47ec8c9026c60af8c2907503/element/71a7aa61-edcd-4857-a3a7-3c33e1cf9266/enabled HTTP/1.1
User-Agent: selenium/4.1.2 (java windows)
Cache-Control: no-cache
Content-Type: application/json; charset=utf-8
host: localhost:50888
accept: */*

Response DefaultHttpResponse(decodeResult: success, version: HTTP/1.1)
HTTP/1.1 200 OK
Content-Type: application/json; charset=utf-8
cache-control: no-cache
content-length: 14

11:07:42.803 [AsyncHttpClient-1-2] DEBUG org.asynchttpclient.netty.channel.ChannelManager - Adding key: http://localhost:50888 for channel [id: 0x43035804, L:/127.0.0.1:60589 - R:localhost/127.0.0.1:50888]
11:07:42.806 [Forwarding isElementEnabled on session adbb71fc47ec8c9026c60af8c2907503 to remote] DEBUG org.asynchttpclient.netty.request.NettyRequestSender - Using pooled Channel '[id: 0x43035804, L:/127.0.0.1:60589 - R:localhost/127.0.0.1:50888]' for 'GET' to 'http://localhost:50888/session/adbb71fc47ec8c9026c60af8c2907503/element/71a7aa61-edcd-4857-a3a7-3c33e1cf9266/enabled'
11:07:42.806 [Forwarding isElementEnabled on session adbb71fc47ec8c9026c60af8c2907503 to remote] DEBUG org.asynchttpclient.netty.request.NettyRequestSender - Using open Channel [id: 0x43035804, L:/127.0.0.1:60589 - R:localhost/127.0.0.1:50888] for GET '/session/adbb71fc47ec8c9026c60af8c2907503/element/71a7aa61-edcd-4857-a3a7-3c33e1cf9266/enabled'
11:07:42.833 [AsyncHttpClient-1-2] DEBUG org.asynchttpclient.netty.handler.HttpHandler - 

Request DefaultFullHttpRequest(decodeResult: success, version: HTTP/1.1, content: EmptyByteBufBE)
GET /session/adbb71fc47ec8c9026c60af8c2907503/element/71a7aa61-edcd-4857-a3a7-3c33e1cf9266/enabled HTTP/1.1
User-Agent: selenium/4.1.2 (java windows)
Cache-Control: no-cache
Content-Type: application/json; charset=utf-8
host: localhost:50888
accept: */*

Response DefaultHttpResponse(decodeResult: success, version: HTTP/1.1)
HTTP/1.1 200 OK
Content-Type: application/json; charset=utf-8
cache-control: no-cache
content-length: 14

11:07:42.833 [AsyncHttpClient-1-2] DEBUG org.asynchttpclient.netty.channel.ChannelManager - Adding key: http://localhost:50888 for channel [id: 0x43035804, L:/127.0.0.1:60589 - R:localhost/127.0.0.1:50888]
11:07:42.840 [Forwarding findElement on session adbb71fc47ec8c9026c60af8c2907503 to remote] DEBUG org.asynchttpclient.netty.request.NettyRequestSender - Using pooled Channel '[id: 0x43035804, L:/127.0.0.1:60589 - R:localhost/127.0.0.1:50888]' for 'POST' to 'http://localhost:50888/session/adbb71fc47ec8c9026c60af8c2907503/element'
11:07:42.840 [Forwarding findElement on session adbb71fc47ec8c9026c60af8c2907503 to remote] DEBUG org.asynchttpclient.netty.request.NettyRequestSender - Using open Channel [id: 0x43035804, L:/127.0.0.1:60589 - R:localhost/127.0.0.1:50888] for POST '/session/adbb71fc47ec8c9026c60af8c2907503/element'
11:07:42.887 [AsyncHttpClient-1-2] DEBUG org.asynchttpclient.netty.handler.HttpHandler - 

Request DefaultHttpRequest(decodeResult: success, version: HTTP/1.1)
POST /session/adbb71fc47ec8c9026c60af8c2907503/element HTTP/1.1
User-Agent: selenium/4.1.2 (java windows)
Content-Length: 149
Content-Type: application/json; charset=utf-8
host: localhost:50888
accept: */*

Response DefaultHttpResponse(decodeResult: success, version: HTTP/1.1)
HTTP/1.1 200 OK
Content-Type: application/json; charset=utf-8
cache-control: no-cache
content-length: 88

11:07:42.888 [AsyncHttpClient-1-2] DEBUG org.asynchttpclient.netty.channel.ChannelManager - Adding key: http://localhost:50888 for channel [id: 0x43035804, L:/127.0.0.1:60589 - R:localhost/127.0.0.1:50888]
11:07:42.894 [Forwarding clickElement on session adbb71fc47ec8c9026c60af8c2907503 to remote] DEBUG org.asynchttpclient.netty.request.NettyRequestSender - Using pooled Channel '[id: 0x43035804, L:/127.0.0.1:60589 - R:localhost/127.0.0.1:50888]' for 'POST' to 'http://localhost:50888/session/adbb71fc47ec8c9026c60af8c2907503/element/71a7aa61-edcd-4857-a3a7-3c33e1cf9266/click'
11:07:42.894 [Forwarding clickElement on session adbb71fc47ec8c9026c60af8c2907503 to remote] DEBUG org.asynchttpclient.netty.request.NettyRequestSender - Using open Channel [id: 0x43035804, L:/127.0.0.1:60589 - R:localhost/127.0.0.1:50888] for POST '/session/adbb71fc47ec8c9026c60af8c2907503/element/71a7aa61-edcd-4857-a3a7-3c33e1cf9266/click'
11:07:43.049 [AsyncHttpClient-1-2] DEBUG org.asynchttpclient.netty.handler.HttpHandler - 

Request DefaultHttpRequest(decodeResult: success, version: HTTP/1.1)
POST /session/adbb71fc47ec8c9026c60af8c2907503/element/71a7aa61-edcd-4857-a3a7-3c33e1cf9266/click HTTP/1.1
User-Agent: selenium/4.1.2 (java windows)
Content-Length: 50
Content-Type: application/json; charset=utf-8
host: localhost:50888
accept: */*

Response DefaultHttpResponse(decodeResult: success, version: HTTP/1.1)
HTTP/1.1 200 OK
Content-Type: application/json; charset=utf-8
cache-control: no-cache
content-length: 14

11:07:43.049 [AsyncHttpClient-1-2] DEBUG org.asynchttpclient.netty.channel.ChannelManager - Adding key: http://localhost:50888 for channel [id: 0x43035804, L:/127.0.0.1:60589 - R:localhost/127.0.0.1:50888]
11:07:43.068 [Forwarding screenshot on session adbb71fc47ec8c9026c60af8c2907503 to remote] DEBUG org.asynchttpclient.netty.request.NettyRequestSender - Using pooled Channel '[id: 0x43035804, L:/127.0.0.1:60589 - R:localhost/127.0.0.1:50888]' for 'GET' to 'http://localhost:50888/session/adbb71fc47ec8c9026c60af8c2907503/screenshot'
11:07:43.069 [Forwarding screenshot on session adbb71fc47ec8c9026c60af8c2907503 to remote] DEBUG org.asynchttpclient.netty.request.NettyRequestSender - Using open Channel [id: 0x43035804, L:/127.0.0.1:60589 - R:localhost/127.0.0.1:50888] for GET '/session/adbb71fc47ec8c9026c60af8c2907503/screenshot'
11:07:43.415 [AsyncHttpClient-1-1] DEBUG org.asynchttpclient.netty.channel.DefaultChannelPool - Entry count for : http://localhost:60590 : 1
11:07:43.951 [AsyncHttpClient-1-2] DEBUG org.asynchttpclient.netty.handler.HttpHandler - 

Request DefaultFullHttpRequest(decodeResult: success, version: HTTP/1.1, content: EmptyByteBufBE)
GET /session/adbb71fc47ec8c9026c60af8c2907503/screenshot HTTP/1.1
User-Agent: selenium/4.1.2 (java windows)
Cache-Control: no-cache
Content-Type: application/json; charset=utf-8
host: localhost:50888
accept: */*

Response DefaultHttpResponse(decodeResult: success, version: HTTP/1.1)
HTTP/1.1 200 OK
Content-Type: application/json; charset=utf-8
cache-control: no-cache
content-length: 363352

11:07:43.967 [AsyncHttpClient-1-2] DEBUG org.asynchttpclient.netty.channel.ChannelManager - Adding key: http://localhost:50888 for channel [id: 0x43035804, L:/127.0.0.1:60589 - R:localhost/127.0.0.1:50888]
11:07:44.017 [main] DEBUG net.serenitybdd.core.photography.Darkroom - Send negative for processing for target\site\serenity\dcceaf39841a5774274d5eb9a64525b41cd93d8a42b67532fad468c9fed7c9b3.png
11:07:44.017 [main] DEBUG net.thucydides.core.steps.StepInterceptor - STEP DONE: clickButtonSave
  &amp#27;[32mAnd &amp#27;[0m&amp#27;[32mClick button simpan&amp#27;[0m                                               &amp#27;[90m# starter.stepdefinitios.PatientDataSteps.clickButtonSimpan()&amp#27;[0m
11:07:44.018 [Darkroom Processing Line] DEBUG net.serenitybdd.core.photography.DarkroomProcessingLine - Processing screenshot image in /var/screenshots/screenshot-8327786488496467351
11:07:44.018 [Darkroom Processing Line] DEBUG net.serenitybdd.core.photography.DarkroomProcessingLine - Saving screenshot to target\site\serenity\dcceaf39841a5774274d5eb9a64525b41cd93d8a42b67532fad468c9fed7c9b3.png
11:07:44.095 [Forwarding screenshot on session adbb71fc47ec8c9026c60af8c2907503 to remote] DEBUG org.asynchttpclient.netty.request.NettyRequestSender - Using pooled Channel '[id: 0x43035804, L:/127.0.0.1:60589 - R:localhost/127.0.0.1:50888]' for 'GET' to 'http://localhost:50888/session/adbb71fc47ec8c9026c60af8c2907503/screenshot'
11:07:44.095 [Forwarding screenshot on session adbb71fc47ec8c9026c60af8c2907503 to remote] DEBUG org.asynchttpclient.netty.request.NettyRequestSender - Using open Channel [id: 0x43035804, L:/127.0.0.1:60589 - R:localhost/127.0.0.1:50888] for GET '/session/adbb71fc47ec8c9026c60af8c2907503/screenshot'
11:07:44.130 [AsyncHttpClient-1-2] DEBUG org.asynchttpclient.netty.handler.HttpHandler - 

Request DefaultFullHttpRequest(decodeResult: success, version: HTTP/1.1, content: EmptyByteBufBE)
GET /session/adbb71fc47ec8c9026c60af8c2907503/screenshot HTTP/1.1
User-Agent: selenium/4.1.2 (java windows)
Cache-Control: no-cache
Content-Type: application/json; charset=utf-8
host: localhost:50888
accept: */*

Response DefaultHttpResponse(decodeResult: success, version: HTTP/1.1)
HTTP/1.1 500 Internal Server Error
Content-Type: application/json; charset=utf-8
cache-control: no-cache
content-length: 917

11:07:44.130 [AsyncHttpClient-1-2] DEBUG org.asynchttpclient.netty.channel.ChannelManager - Adding key: http://localhost:50888 for channel [id: 0x43035804, L:/127.0.0.1:60589 - R:localhost/127.0.0.1:50888]
11:07:44.134 [main] WARN net.thucydides.core.webdriver.WebDriverFacade - Failed to take screenshot (unexpected alert open: {Alert text : data telah diubah}
  (Session info: chrome=102.0.5005.115): data telah diubah
Build info: version: '4.1.2', revision: '9a5a329c5a'
System info: host: 'MOOK-HON', ip: '192.168.100.6', os.name: 'Windows 10', os.arch: 'amd64', os.version: '10.0', java.version: '11.0.14'
Driver info: org.openqa.selenium.chrome.ChromeDriver
Command: [adbb71fc47ec8c9026c60af8c2907503, screenshot {}]
Capabilities {acceptInsecureCerts: false, browserName: chrome, browserVersion: 102.0.5005.115, chrome: {chromedriverVersion: 102.0.5005.61 (0e59bcc00cc4..., userDataDir: C:\Users\ASUS\AppData\Local...}, goog:chromeOptions: {debuggerAddress: localhost:60590}, javascriptEnabled: true, networkConnectionEnabled: false, pageLoadStrategy: normal, platform: WINDOWS, platformName: WINDOWS, proxy: Proxy(), se:cdp: ws://localhost:60590/devtoo..., se:cdpVersion: 102.0.5005.115, setWindowRect: true, strictFileInteractability: false, timeouts: {implicit: 0, pageLoad: 300000, script: 30000}, unhandledPromptBehavior: dismiss and notify, webauthn:extension:credBlob: true, webauthn:extension:largeBlob: true, webauthn:virtualAuthenticators: true}
Session ID: adbb71fc47ec8c9026c60af8c2907503)
11:07:44.163 [Forwarding screenshot on session adbb71fc47ec8c9026c60af8c2907503 to remote] DEBUG org.asynchttpclient.netty.request.NettyRequestSender - Using pooled Channel '[id: 0x43035804, L:/127.0.0.1:60589 - R:localhost/127.0.0.1:50888]' for 'GET' to 'http://localhost:50888/session/adbb71fc47ec8c9026c60af8c2907503/screenshot'
11:07:44.163 [Forwarding screenshot on session adbb71fc47ec8c9026c60af8c2907503 to remote] DEBUG org.asynchttpclient.netty.request.NettyRequestSender - Using open Channel [id: 0x43035804, L:/127.0.0.1:60589 - R:localhost/127.0.0.1:50888] for GET '/session/adbb71fc47ec8c9026c60af8c2907503/screenshot'
11:07:44.514 [AsyncHttpClient-1-1] DEBUG org.asynchttpclient.netty.channel.DefaultChannelPool - Entry count for : http://localhost:60590 : 1
11:07:44.576 [AsyncHttpClient-1-2] DEBUG org.asynchttpclient.netty.handler.HttpHandler - 

Request DefaultFullHttpRequest(decodeResult: success, version: HTTP/1.1, content: EmptyByteBufBE)
GET /session/adbb71fc47ec8c9026c60af8c2907503/screenshot HTTP/1.1
User-Agent: selenium/4.1.2 (java windows)
Cache-Control: no-cache
Content-Type: application/json; charset=utf-8
host: localhost:50888
accept: */*

Response DefaultHttpResponse(decodeResult: success, version: HTTP/1.1)
HTTP/1.1 200 OK
Content-Type: application/json; charset=utf-8
cache-control: no-cache
content-length: 363352

11:07:44.579 [AsyncHttpClient-1-2] DEBUG org.asynchttpclient.netty.channel.ChannelManager - Adding key: http://localhost:50888 for channel [id: 0x43035804, L:/127.0.0.1:60589 - R:localhost/127.0.0.1:50888]
11:07:44.606 [main] DEBUG net.serenitybdd.core.photography.Darkroom - Send negative for processing for target\site\serenity\dcceaf39841a5774274d5eb9a64525b41cd93d8a42b67532fad468c9fed7c9b3.png
11:07:45.138 [Forwarding screenshot on session adbb71fc47ec8c9026c60af8c2907503 to remote] DEBUG org.asynchttpclient.netty.request.NettyRequestSender - Using pooled Channel '[id: 0x43035804, L:/127.0.0.1:60589 - R:localhost/127.0.0.1:50888]' for 'GET' to 'http://localhost:50888/session/adbb71fc47ec8c9026c60af8c2907503/screenshot'
11:07:45.138 [Forwarding screenshot on session adbb71fc47ec8c9026c60af8c2907503 to remote] DEBUG org.asynchttpclient.netty.request.NettyRequestSender - Using open Channel [id: 0x43035804, L:/127.0.0.1:60589 - R:localhost/127.0.0.1:50888] for GET '/session/adbb71fc47ec8c9026c60af8c2907503/screenshot'
11:07:45.454 [AsyncHttpClient-1-2] DEBUG org.asynchttpclient.netty.handler.HttpHandler - 

Request DefaultFullHttpRequest(decodeResult: success, version: HTTP/1.1, content: EmptyByteBufBE)
GET /session/adbb71fc47ec8c9026c60af8c2907503/screenshot HTTP/1.1
User-Agent: selenium/4.1.2 (java windows)
Cache-Control: no-cache
Content-Type: application/json; charset=utf-8
host: localhost:50888
accept: */*

Response DefaultHttpResponse(decodeResult: success, version: HTTP/1.1)
HTTP/1.1 200 OK
Content-Type: application/json; charset=utf-8
cache-control: no-cache
content-length: 363352

11:07:45.457 [AsyncHttpClient-1-2] DEBUG org.asynchttpclient.netty.channel.ChannelManager - Adding key: http://localhost:50888 for channel [id: 0x43035804, L:/127.0.0.1:60589 - R:localhost/127.0.0.1:50888]
11:07:45.483 [main] DEBUG net.serenitybdd.core.photography.Darkroom - Send negative for processing for target\site\serenity\dcceaf39841a5774274d5eb9a64525b41cd93d8a42b67532fad468c9fed7c9b3.png
11:07:45.484 [main] DEBUG net.thucydides.core.steps.StepInterceptor - STARTING STEP: PatientDataSteps.validEditData - clickButtonBack
11:07:45.493 [Forwarding findElement on session adbb71fc47ec8c9026c60af8c2907503 to remote] DEBUG org.asynchttpclient.netty.request.NettyRequestSender - Using pooled Channel '[id: 0x43035804, L:/127.0.0.1:60589 - R:localhost/127.0.0.1:50888]' for 'POST' to 'http://localhost:50888/session/adbb71fc47ec8c9026c60af8c2907503/element'
11:07:45.493 [Forwarding findElement on session adbb71fc47ec8c9026c60af8c2907503 to remote] DEBUG org.asynchttpclient.netty.request.NettyRequestSender - Using open Channel [id: 0x43035804, L:/127.0.0.1:60589 - R:localhost/127.0.0.1:50888] for POST '/session/adbb71fc47ec8c9026c60af8c2907503/element'
11:07:45.520 [AsyncHttpClient-1-2] DEBUG org.asynchttpclient.netty.handler.HttpHandler - 

Request DefaultHttpRequest(decodeResult: success, version: HTTP/1.1)
POST /session/adbb71fc47ec8c9026c60af8c2907503/element HTTP/1.1
User-Agent: selenium/4.1.2 (java windows)
Content-Length: 137
Content-Type: application/json; charset=utf-8
host: localhost:50888
accept: */*

Response DefaultHttpResponse(decodeResult: success, version: HTTP/1.1)
HTTP/1.1 200 OK
Content-Type: application/json; charset=utf-8
cache-control: no-cache
content-length: 88

11:07:45.521 [AsyncHttpClient-1-2] DEBUG org.asynchttpclient.netty.channel.ChannelManager - Adding key: http://localhost:50888 for channel [id: 0x43035804, L:/127.0.0.1:60589 - R:localhost/127.0.0.1:50888]
11:07:45.525 [Forwarding getElementTagName on session adbb71fc47ec8c9026c60af8c2907503 to remote] DEBUG org.asynchttpclient.netty.request.NettyRequestSender - Using pooled Channel '[id: 0x43035804, L:/127.0.0.1:60589 - R:localhost/127.0.0.1:50888]' for 'GET' to 'http://localhost:50888/session/adbb71fc47ec8c9026c60af8c2907503/element/11ec35d3-30b0-412f-bacf-4e5a3615cfab/name'
11:07:45.526 [Forwarding getElementTagName on session adbb71fc47ec8c9026c60af8c2907503 to remote] DEBUG org.asynchttpclient.netty.request.NettyRequestSender - Using open Channel [id: 0x43035804, L:/127.0.0.1:60589 - R:localhost/127.0.0.1:50888] for GET '/session/adbb71fc47ec8c9026c60af8c2907503/element/11ec35d3-30b0-412f-bacf-4e5a3615cfab/name'
11:07:45.544 [AsyncHttpClient-1-2] DEBUG org.asynchttpclient.netty.handler.HttpHandler - 

Request DefaultFullHttpRequest(decodeResult: success, version: HTTP/1.1, content: EmptyByteBufBE)
GET /session/adbb71fc47ec8c9026c60af8c2907503/element/11ec35d3-30b0-412f-bacf-4e5a3615cfab/name HTTP/1.1
User-Agent: selenium/4.1.2 (java windows)
Cache-Control: no-cache
Content-Type: application/json; charset=utf-8
host: localhost:50888
accept: */*

Response DefaultHttpResponse(decodeResult: success, version: HTTP/1.1)
HTTP/1.1 200 OK
Content-Type: application/json; charset=utf-8
cache-control: no-cache
content-length: 18

11:07:45.545 [AsyncHttpClient-1-2] DEBUG org.asynchttpclient.netty.channel.ChannelManager - Adding key: http://localhost:50888 for channel [id: 0x43035804, L:/127.0.0.1:60589 - R:localhost/127.0.0.1:50888]
11:07:45.548 [Forwarding getElementTagName on session adbb71fc47ec8c9026c60af8c2907503 to remote] DEBUG org.asynchttpclient.netty.request.NettyRequestSender - Using pooled Channel '[id: 0x43035804, L:/127.0.0.1:60589 - R:localhost/127.0.0.1:50888]' for 'GET' to 'http://localhost:50888/session/adbb71fc47ec8c9026c60af8c2907503/element/11ec35d3-30b0-412f-bacf-4e5a3615cfab/name'
11:07:45.548 [Forwarding getElementTagName on session adbb71fc47ec8c9026c60af8c2907503 to remote] DEBUG org.asynchttpclient.netty.request.NettyRequestSender - Using open Channel [id: 0x43035804, L:/127.0.0.1:60589 - R:localhost/127.0.0.1:50888] for GET '/session/adbb71fc47ec8c9026c60af8c2907503/element/11ec35d3-30b0-412f-bacf-4e5a3615cfab/name'
11:07:45.558 [AsyncHttpClient-1-2] DEBUG org.asynchttpclient.netty.handler.HttpHandler - 

Request DefaultFullHttpRequest(decodeResult: success, version: HTTP/1.1, content: EmptyByteBufBE)
GET /session/adbb71fc47ec8c9026c60af8c2907503/element/11ec35d3-30b0-412f-bacf-4e5a3615cfab/name HTTP/1.1
User-Agent: selenium/4.1.2 (java windows)
Cache-Control: no-cache
Content-Type: application/json; charset=utf-8
host: localhost:50888
accept: */*

Response DefaultHttpResponse(decodeResult: success, version: HTTP/1.1)
HTTP/1.1 200 OK
Content-Type: application/json; charset=utf-8
cache-control: no-cache
content-length: 18

11:07:45.558 [AsyncHttpClient-1-2] DEBUG org.asynchttpclient.netty.channel.ChannelManager - Adding key: http://localhost:50888 for channel [id: 0x43035804, L:/127.0.0.1:60589 - R:localhost/127.0.0.1:50888]
11:07:45.565 [Forwarding isElementEnabled on session adbb71fc47ec8c9026c60af8c2907503 to remote] DEBUG org.asynchttpclient.netty.request.NettyRequestSender - Using pooled Channel '[id: 0x43035804, L:/127.0.0.1:60589 - R:localhost/127.0.0.1:50888]' for 'GET' to 'http://localhost:50888/session/adbb71fc47ec8c9026c60af8c2907503/element/11ec35d3-30b0-412f-bacf-4e5a3615cfab/enabled'
11:07:45.565 [Forwarding isElementEnabled on session adbb71fc47ec8c9026c60af8c2907503 to remote] DEBUG org.asynchttpclient.netty.request.NettyRequestSender - Using open Channel [id: 0x43035804, L:/127.0.0.1:60589 - R:localhost/127.0.0.1:50888] for GET '/session/adbb71fc47ec8c9026c60af8c2907503/element/11ec35d3-30b0-412f-bacf-4e5a3615cfab/enabled'
11:07:45.584 [AsyncHttpClient-1-2] DEBUG org.asynchttpclient.netty.handler.HttpHandler - 

Request DefaultFullHttpRequest(decodeResult: success, version: HTTP/1.1, content: EmptyByteBufBE)
GET /session/adbb71fc47ec8c9026c60af8c2907503/element/11ec35d3-30b0-412f-bacf-4e5a3615cfab/enabled HTTP/1.1
User-Agent: selenium/4.1.2 (java windows)
Cache-Control: no-cache
Content-Type: application/json; charset=utf-8
host: localhost:50888
accept: */*

Response DefaultHttpResponse(decodeResult: success, version: HTTP/1.1)
HTTP/1.1 200 OK
Content-Type: application/json; charset=utf-8
cache-control: no-cache
content-length: 14

11:07:45.584 [AsyncHttpClient-1-2] DEBUG org.asynchttpclient.netty.channel.ChannelManager - Adding key: http://localhost:50888 for channel [id: 0x43035804, L:/127.0.0.1:60589 - R:localhost/127.0.0.1:50888]
11:07:45.587 [Forwarding isElementEnabled on session adbb71fc47ec8c9026c60af8c2907503 to remote] DEBUG org.asynchttpclient.netty.request.NettyRequestSender - Using pooled Channel '[id: 0x43035804, L:/127.0.0.1:60589 - R:localhost/127.0.0.1:50888]' for 'GET' to 'http://localhost:50888/session/adbb71fc47ec8c9026c60af8c2907503/element/11ec35d3-30b0-412f-bacf-4e5a3615cfab/enabled'
11:07:45.587 [Forwarding isElementEnabled on session adbb71fc47ec8c9026c60af8c2907503 to remote] DEBUG org.asynchttpclient.netty.request.NettyRequestSender - Using open Channel [id: 0x43035804, L:/127.0.0.1:60589 - R:localhost/127.0.0.1:50888] for GET '/session/adbb71fc47ec8c9026c60af8c2907503/element/11ec35d3-30b0-412f-bacf-4e5a3615cfab/enabled'
11:07:45.625 [AsyncHttpClient-1-1] DEBUG org.asynchttpclient.netty.channel.DefaultChannelPool - Entry count for : http://localhost:60590 : 1
11:07:45.628 [AsyncHttpClient-1-2] DEBUG org.asynchttpclient.netty.handler.HttpHandler - 

Request DefaultFullHttpRequest(decodeResult: success, version: HTTP/1.1, content: EmptyByteBufBE)
GET /session/adbb71fc47ec8c9026c60af8c2907503/element/11ec35d3-30b0-412f-bacf-4e5a3615cfab/enabled HTTP/1.1
User-Agent: selenium/4.1.2 (java windows)
Cache-Control: no-cache
Content-Type: application/json; charset=utf-8
host: localhost:50888
accept: */*

Response DefaultHttpResponse(decodeResult: success, version: HTTP/1.1)
HTTP/1.1 200 OK
Content-Type: application/json; charset=utf-8
cache-control: no-cache
content-length: 14

11:07:45.628 [AsyncHttpClient-1-2] DEBUG org.asynchttpclient.netty.channel.ChannelManager - Adding key: http://localhost:50888 for channel [id: 0x43035804, L:/127.0.0.1:60589 - R:localhost/127.0.0.1:50888]
11:07:45.633 [Forwarding findElement on session adbb71fc47ec8c9026c60af8c2907503 to remote] DEBUG org.asynchttpclient.netty.request.NettyRequestSender - Using pooled Channel '[id: 0x43035804, L:/127.0.0.1:60589 - R:localhost/127.0.0.1:50888]' for 'POST' to 'http://localhost:50888/session/adbb71fc47ec8c9026c60af8c2907503/element'
11:07:45.633 [Forwarding findElement on session adbb71fc47ec8c9026c60af8c2907503 to remote] DEBUG org.asynchttpclient.netty.request.NettyRequestSender - Using open Channel [id: 0x43035804, L:/127.0.0.1:60589 - R:localhost/127.0.0.1:50888] for POST '/session/adbb71fc47ec8c9026c60af8c2907503/element'
11:07:45.653 [AsyncHttpClient-1-2] DEBUG org.asynchttpclient.netty.handler.HttpHandler - 

Request DefaultHttpRequest(decodeResult: success, version: HTTP/1.1)
POST /session/adbb71fc47ec8c9026c60af8c2907503/element HTTP/1.1
User-Agent: selenium/4.1.2 (java windows)
Content-Length: 137
Content-Type: application/json; charset=utf-8
host: localhost:50888
accept: */*

Response DefaultHttpResponse(decodeResult: success, version: HTTP/1.1)
HTTP/1.1 200 OK
Content-Type: application/json; charset=utf-8
cache-control: no-cache
content-length: 88

11:07:45.654 [AsyncHttpClient-1-2] DEBUG org.asynchttpclient.netty.channel.ChannelManager - Adding key: http://localhost:50888 for channel [id: 0x43035804, L:/127.0.0.1:60589 - R:localhost/127.0.0.1:50888]
11:07:45.660 [Forwarding clickElement on session adbb71fc47ec8c9026c60af8c2907503 to remote] DEBUG org.asynchttpclient.netty.request.NettyRequestSender - Using pooled Channel '[id: 0x43035804, L:/127.0.0.1:60589 - R:localhost/127.0.0.1:50888]' for 'POST' to 'http://localhost:50888/session/adbb71fc47ec8c9026c60af8c2907503/element/11ec35d3-30b0-412f-bacf-4e5a3615cfab/click'
11:07:45.660 [Forwarding clickElement on session adbb71fc47ec8c9026c60af8c2907503 to remote] DEBUG org.asynchttpclient.netty.request.NettyRequestSender - Using open Channel [id: 0x43035804, L:/127.0.0.1:60589 - R:localhost/127.0.0.1:50888] for POST '/session/adbb71fc47ec8c9026c60af8c2907503/element/11ec35d3-30b0-412f-bacf-4e5a3615cfab/click'
11:07:46.013 [AsyncHttpClient-1-2] DEBUG org.asynchttpclient.netty.handler.HttpHandler - 

Request DefaultHttpRequest(decodeResult: success, version: HTTP/1.1)
POST /session/adbb71fc47ec8c9026c60af8c2907503/element/11ec35d3-30b0-412f-bacf-4e5a3615cfab/click HTTP/1.1
User-Agent: selenium/4.1.2 (java windows)
Content-Length: 50
Content-Type: application/json; charset=utf-8
host: localhost:50888
accept: */*

Response DefaultHttpResponse(decodeResult: success, version: HTTP/1.1)
HTTP/1.1 200 OK
Content-Type: application/json; charset=utf-8
cache-control: no-cache
content-length: 14

11:07:46.013 [AsyncHttpClient-1-2] DEBUG org.asynchttpclient.netty.channel.ChannelManager - Adding key: http://localhost:50888 for channel [id: 0x43035804, L:/127.0.0.1:60589 - R:localhost/127.0.0.1:50888]
11:07:46.046 [Forwarding screenshot on session adbb71fc47ec8c9026c60af8c2907503 to remote] DEBUG org.asynchttpclient.netty.request.NettyRequestSender - Using pooled Channel '[id: 0x43035804, L:/127.0.0.1:60589 - R:localhost/127.0.0.1:50888]' for 'GET' to 'http://localhost:50888/session/adbb71fc47ec8c9026c60af8c2907503/screenshot'
11:07:46.046 [Forwarding screenshot on session adbb71fc47ec8c9026c60af8c2907503 to remote] DEBUG org.asynchttpclient.netty.request.NettyRequestSender - Using open Channel [id: 0x43035804, L:/127.0.0.1:60589 - R:localhost/127.0.0.1:50888] for GET '/session/adbb71fc47ec8c9026c60af8c2907503/screenshot'
11:07:46.559 [AsyncHttpClient-1-2] DEBUG org.asynchttpclient.netty.handler.HttpHandler - 

Request DefaultFullHttpRequest(decodeResult: success, version: HTTP/1.1, content: EmptyByteBufBE)
GET /session/adbb71fc47ec8c9026c60af8c2907503/screenshot HTTP/1.1
User-Agent: selenium/4.1.2 (java windows)
Cache-Control: no-cache
Content-Type: application/json; charset=utf-8
host: localhost:50888
accept: */*

Response DefaultHttpResponse(decodeResult: success, version: HTTP/1.1)
HTTP/1.1 200 OK
Content-Type: application/json; charset=utf-8
cache-control: no-cache
content-length: 348704

11:07:46.565 [AsyncHttpClient-1-2] DEBUG org.asynchttpclient.netty.channel.ChannelManager - Adding key: http://localhost:50888 for channel [id: 0x43035804, L:/127.0.0.1:60589 - R:localhost/127.0.0.1:50888]
11:07:46.595 [main] DEBUG net.serenitybdd.core.photography.Darkroom - Send negative for processing for target\site\serenity\257ba893b5ad405218810435bf16a4906b378268b14bde87a8f9e86a86a34518.png
11:07:46.595 [main] DEBUG net.thucydides.core.steps.StepInterceptor - STEP DONE: clickButtonBack
11:07:46.600 [Darkroom Processing Line] DEBUG net.serenitybdd.core.photography.DarkroomProcessingLine - Processing screenshot image in /var/screenshots/screenshot-15386656965512191635
11:07:46.600 [Darkroom Processing Line] DEBUG net.serenitybdd.core.photography.DarkroomProcessingLine - Saving screenshot to target\site\serenity\257ba893b5ad405218810435bf16a4906b378268b14bde87a8f9e86a86a34518.png
11:07:46.650 [Forwarding screenshot on session adbb71fc47ec8c9026c60af8c2907503 to remote] DEBUG org.asynchttpclient.netty.request.NettyRequestSender - Using pooled Channel '[id: 0x43035804, L:/127.0.0.1:60589 - R:localhost/127.0.0.1:50888]' for 'GET' to 'http://localhost:50888/session/adbb71fc47ec8c9026c60af8c2907503/screenshot'
11:07:46.650 [Forwarding screenshot on session adbb71fc47ec8c9026c60af8c2907503 to remote] DEBUG org.asynchttpclient.netty.request.NettyRequestSender - Using open Channel [id: 0x43035804, L:/127.0.0.1:60589 - R:localhost/127.0.0.1:50888] for GET '/session/adbb71fc47ec8c9026c60af8c2907503/screenshot'
11:07:46.756 [AsyncHttpClient-1-1] DEBUG org.asynchttpclient.netty.channel.DefaultChannelPool - Entry count for : http://localhost:60590 : 1
11:07:47.080 [AsyncHttpClient-1-2] DEBUG org.asynchttpclient.netty.handler.HttpHandler - 

Request DefaultFullHttpRequest(decodeResult: success, version: HTTP/1.1, content: EmptyByteBufBE)
GET /session/adbb71fc47ec8c9026c60af8c2907503/screenshot HTTP/1.1
User-Agent: selenium/4.1.2 (java windows)
Cache-Control: no-cache
Content-Type: application/json; charset=utf-8
host: localhost:50888
accept: */*

Response DefaultHttpResponse(decodeResult: success, version: HTTP/1.1)
HTTP/1.1 200 OK
Content-Type: application/json; charset=utf-8
cache-control: no-cache
content-length: 362200

11:07:47.082 [AsyncHttpClient-1-2] DEBUG org.asynchttpclient.netty.channel.ChannelManager - Adding key: http://localhost:50888 for channel [id: 0x43035804, L:/127.0.0.1:60589 - R:localhost/127.0.0.1:50888]
11:07:47.113 [main] DEBUG net.serenitybdd.core.photography.Darkroom - Send negative for processing for target\site\serenity\55b76c88ccb34578c346517789147e834a87d654e1550c67d07965c2e0abf3ee.png
11:07:47.117 [main] DEBUG net.thucydides.core.steps.StepInterceptor - STARTING STEP: PatientDataSteps.validEditData - checkValidDataPasien
11:07:47.125 [Forwarding findElement on session adbb71fc47ec8c9026c60af8c2907503 to remote] DEBUG org.asynchttpclient.netty.request.NettyRequestSender - Using pooled Channel '[id: 0x43035804, L:/127.0.0.1:60589 - R:localhost/127.0.0.1:50888]' for 'POST' to 'http://localhost:50888/session/adbb71fc47ec8c9026c60af8c2907503/element'
11:07:47.125 [Forwarding findElement on session adbb71fc47ec8c9026c60af8c2907503 to remote] DEBUG org.asynchttpclient.netty.request.NettyRequestSender - Using open Channel [id: 0x43035804, L:/127.0.0.1:60589 - R:localhost/127.0.0.1:50888] for POST '/session/adbb71fc47ec8c9026c60af8c2907503/element'
11:07:47.125 [Darkroom Processing Line] DEBUG net.serenitybdd.core.photography.DarkroomProcessingLine - Processing screenshot image in /var/screenshots/screenshot-4691174638748446428
11:07:47.129 [Darkroom Processing Line] DEBUG net.serenitybdd.core.photography.DarkroomProcessingLine - Saving screenshot to target\site\serenity\55b76c88ccb34578c346517789147e834a87d654e1550c67d07965c2e0abf3ee.png
11:07:47.168 [AsyncHttpClient-1-2] DEBUG org.asynchttpclient.netty.handler.HttpHandler - 

Request DefaultHttpRequest(decodeResult: success, version: HTTP/1.1)
POST /session/adbb71fc47ec8c9026c60af8c2907503/element HTTP/1.1
User-Agent: selenium/4.1.2 (java windows)
Content-Length: 95
Content-Type: application/json; charset=utf-8
host: localhost:50888
accept: */*

Response DefaultHttpResponse(decodeResult: success, version: HTTP/1.1)
HTTP/1.1 200 OK
Content-Type: application/json; charset=utf-8
cache-control: no-cache
content-length: 88

11:07:47.169 [AsyncHttpClient-1-2] DEBUG org.asynchttpclient.netty.channel.ChannelManager - Adding key: http://localhost:50888 for channel [id: 0x43035804, L:/127.0.0.1:60589 - R:localhost/127.0.0.1:50888]
11:07:47.170 [Forwarding isElementEnabled on session adbb71fc47ec8c9026c60af8c2907503 to remote] DEBUG org.asynchttpclient.netty.request.NettyRequestSender - Using pooled Channel '[id: 0x43035804, L:/127.0.0.1:60589 - R:localhost/127.0.0.1:50888]' for 'GET' to 'http://localhost:50888/session/adbb71fc47ec8c9026c60af8c2907503/element/9dc10221-143d-417e-8027-a4ac1a8d44b6/enabled'
11:07:47.171 [Forwarding isElementEnabled on session adbb71fc47ec8c9026c60af8c2907503 to remote] DEBUG org.asynchttpclient.netty.request.NettyRequestSender - Using open Channel [id: 0x43035804, L:/127.0.0.1:60589 - R:localhost/127.0.0.1:50888] for GET '/session/adbb71fc47ec8c9026c60af8c2907503/element/9dc10221-143d-417e-8027-a4ac1a8d44b6/enabled'
11:07:47.191 [AsyncHttpClient-1-2] DEBUG org.asynchttpclient.netty.handler.HttpHandler - 

Request DefaultFullHttpRequest(decodeResult: success, version: HTTP/1.1, content: EmptyByteBufBE)
GET /session/adbb71fc47ec8c9026c60af8c2907503/element/9dc10221-143d-417e-8027-a4ac1a8d44b6/enabled HTTP/1.1
User-Agent: selenium/4.1.2 (java windows)
Cache-Control: no-cache
Content-Type: application/json; charset=utf-8
host: localhost:50888
accept: */*

Response DefaultHttpResponse(decodeResult: success, version: HTTP/1.1)
HTTP/1.1 200 OK
Content-Type: application/json; charset=utf-8
cache-control: no-cache
content-length: 14

11:07:47.192 [AsyncHttpClient-1-2] DEBUG org.asynchttpclient.netty.channel.ChannelManager - Adding key: http://localhost:50888 for channel [id: 0x43035804, L:/127.0.0.1:60589 - R:localhost/127.0.0.1:50888]
11:07:47.203 [Forwarding screenshot on session adbb71fc47ec8c9026c60af8c2907503 to remote] DEBUG org.asynchttpclient.netty.request.NettyRequestSender - Using pooled Channel '[id: 0x43035804, L:/127.0.0.1:60589 - R:localhost/127.0.0.1:50888]' for 'GET' to 'http://localhost:50888/session/adbb71fc47ec8c9026c60af8c2907503/screenshot'
11:07:47.203 [Forwarding screenshot on session adbb71fc47ec8c9026c60af8c2907503 to remote] DEBUG org.asynchttpclient.netty.request.NettyRequestSender - Using open Channel [id: 0x43035804, L:/127.0.0.1:60589 - R:localhost/127.0.0.1:50888] for GET '/session/adbb71fc47ec8c9026c60af8c2907503/screenshot'
11:07:47.534 [AsyncHttpClient-1-2] DEBUG org.asynchttpclient.netty.handler.HttpHandler - 

Request DefaultFullHttpRequest(decodeResult: success, version: HTTP/1.1, content: EmptyByteBufBE)
GET /session/adbb71fc47ec8c9026c60af8c2907503/screenshot HTTP/1.1
User-Agent: selenium/4.1.2 (java windows)
Cache-Control: no-cache
Content-Type: application/json; charset=utf-8
host: localhost:50888
accept: */*

Response DefaultHttpResponse(decodeResult: success, version: HTTP/1.1)
HTTP/1.1 200 OK
Content-Type: application/json; charset=utf-8
cache-control: no-cache
content-length: 362200

11:07:47.537 [AsyncHttpClient-1-2] DEBUG org.asynchttpclient.netty.channel.ChannelManager - Adding key: http://localhost:50888 for channel [id: 0x43035804, L:/127.0.0.1:60589 - R:localhost/127.0.0.1:50888]
11:07:47.564 [main] DEBUG net.serenitybdd.core.photography.Darkroom - Send negative for processing for target\site\serenity\55b76c88ccb34578c346517789147e834a87d654e1550c67d07965c2e0abf3ee.png
11:07:47.564 [main] DEBUG net.thucydides.core.steps.StepInterceptor - STEP DONE: checkValidDataPasien
  &amp#27;[32mAnd &amp#27;[0m&amp#27;[32mValid edit data&amp#27;[0m                                                   &amp#27;[90m# starter.stepdefinitios.PatientDataSteps.validEditData()&amp#27;[0m
11:07:47.595 [AsyncHttpClient-1-4] DEBUG org.asynchttpclient.netty.handler.WebSocketHandler - Channel Closed: [id: 0xd782e9c5, L:/127.0.0.1:60602 ! R:localhost/127.0.0.1:60590] with attribute NettyResponseFuture{currentRetry=5,
	isDone=1,
	isCancelled=0,
	asyncHandler=org.asynchttpclient.ws.WebSocketUpgradeHandler@4cbec59d,
	nettyRequest=org.asynchttpclient.netty.request.NettyRequest@64c42d0b,
	future=java.util.concurrent.CompletableFuture@60f78919[Completed normally],
	uri=ws://localhost:60590/devtools/browser/93fe3494-0589-483b-adc4-725d4609b95a,
	keepAlive=true,
	redirectCount=0,
	timeoutsHolder=null,
	inAuth=0,
	touch=1655525250732}
11:07:47.595 [AsyncHttpClient-1-4] DEBUG org.asynchttpclient.netty.channel.ChannelManager - Closing Channel [id: 0xd782e9c5, L:/127.0.0.1:60602 ! R:localhost/127.0.0.1:60590] 
11:07:47.596 [Driver Command Executor] DEBUG org.asynchttpclient.netty.request.NettyRequestSender - Using pooled Channel '[id: 0x43035804, L:/127.0.0.1:60589 - R:localhost/127.0.0.1:50888]' for 'DELETE' to 'http://localhost:50888/session/adbb71fc47ec8c9026c60af8c2907503'
11:07:47.597 [Driver Command Executor] DEBUG org.asynchttpclient.netty.request.NettyRequestSender - Using open Channel [id: 0x43035804, L:/127.0.0.1:60589 - R:localhost/127.0.0.1:50888] for DELETE '/session/adbb71fc47ec8c9026c60af8c2907503'
11:07:47.820 [AsyncHttpClient-1-1] DEBUG org.asynchttpclient.netty.channel.DefaultChannelPool - Entry count for : http://localhost:60590 : 1
11:07:47.862 [AsyncHttpClient-1-3] DEBUG org.asynchttpclient.netty.handler.HttpHandler - Unexpected I/O exception on channel [id: 0x729d9761, L:/127.0.0.1:60601 - R:localhost/127.0.0.1:60590]
java.io.IOException: An existing connection was forcibly closed by the remote host
	at java.base/sun.nio.ch.SocketDispatcher.read0(Native Method)
	at java.base/sun.nio.ch.SocketDispatcher.read(SocketDispatcher.java:43)
	at java.base/sun.nio.ch.IOUtil.readIntoNativeBuffer(IOUtil.java:276)
	at java.base/sun.nio.ch.IOUtil.read(IOUtil.java:233)
	at java.base/sun.nio.ch.IOUtil.read(IOUtil.java:223)
	at java.base/sun.nio.ch.SocketChannelImpl.read(SocketChannelImpl.java:358)
	at io.netty.buffer.PooledByteBuf.setBytes(PooledByteBuf.java:258)
	at io.netty.buffer.AbstractByteBuf.writeBytes(AbstractByteBuf.java:1132)
	at io.netty.channel.socket.nio.NioSocketChannel.doReadBytes(NioSocketChannel.java:350)
	at io.netty.channel.nio.AbstractNioByteChannel$NioByteUnsafe.read(AbstractNioByteChannel.java:151)
	at io.netty.channel.nio.NioEventLoop.processSelectedKey(NioEventLoop.java:722)
	at io.netty.channel.nio.NioEventLoop.processSelectedKeysOptimized(NioEventLoop.java:658)
	at io.netty.channel.nio.NioEventLoop.processSelectedKeys(NioEventLoop.java:584)
	at io.netty.channel.nio.NioEventLoop.run(NioEventLoop.java:496)
	at io.netty.util.concurrent.SingleThreadEventExecutor$4.run(SingleThreadEventExecutor.java:986)
	at io.netty.util.internal.ThreadExecutorMap$2.run(ThreadExecutorMap.java:74)
	at io.netty.util.concurrent.FastThreadLocalRunnable.run(FastThreadLocalRunnable.java:30)
	at java.base/java.lang.Thread.run(Thread.java:834)
11:07:47.863 [AsyncHttpClient-1-3] DEBUG org.asynchttpclient.netty.channel.ChannelManager - Closing Channel [id: 0x729d9761, L:/127.0.0.1:60601 - R:localhost/127.0.0.1:60590] 
11:07:47.863 [AsyncHttpClient-1-3] DEBUG org.asynchttpclient.netty.handler.HttpHandler - Channel Closed: [id: 0x729d9761, L:/127.0.0.1:60601 ! R:localhost/127.0.0.1:60590] with attribute DISCARD
11:07:48.059 [AsyncHttpClient-1-2] DEBUG org.asynchttpclient.netty.handler.HttpHandler - 

Request DefaultFullHttpRequest(decodeResult: success, version: HTTP/1.1, content: EmptyByteBufBE)
DELETE /session/adbb71fc47ec8c9026c60af8c2907503 HTTP/1.1
User-Agent: selenium/4.1.2 (java windows)
Content-Type: application/json; charset=utf-8
host: localhost:50888
accept: */*

Response DefaultHttpResponse(decodeResult: success, version: HTTP/1.1)
HTTP/1.1 200 OK
Content-Type: application/json; charset=utf-8
cache-control: no-cache
content-length: 14

11:07:48.059 [AsyncHttpClient-1-2] DEBUG org.asynchttpclient.netty.channel.ChannelManager - Adding key: http://localhost:50888 for channel [id: 0x43035804, L:/127.0.0.1:60589 - R:localhost/127.0.0.1:50888]
11:07:48.447 [AsyncHttpClient-1-2] DEBUG org.asynchttpclient.netty.handler.HttpHandler - Channel Closed: [id: 0x43035804, L:/127.0.0.1:60589 ! R:localhost/127.0.0.1:50888] with attribute DISCARD
11:07:48.920 [AsyncHttpClient-1-1] DEBUG org.asynchttpclient.netty.channel.DefaultChannelPool - Entry count for : http://localhost:60590 : 1
11:07:48.920 [AsyncHttpClient-1-1] DEBUG org.asynchttpclient.netty.channel.DefaultChannelPool - Entry count for : http://localhost:50888 : 1
11:07:48.920 [AsyncHttpClient-1-1] DEBUG org.asynchttpclient.netty.channel.DefaultChannelPool - Adding Candidate expired Channel [id: 0x729d9761, L:/127.0.0.1:60601 ! R:localhost/127.0.0.1:60590] isIdleTimeoutExpired=false isRemotelyClosed=true isTtlExpired=false
11:07:48.920 [AsyncHttpClient-1-1] DEBUG org.asynchttpclient.netty.channel.DefaultChannelPool - Closing Idle Channel [id: 0x729d9761, L:/127.0.0.1:60601 ! R:localhost/127.0.0.1:60590]
11:07:48.920 [AsyncHttpClient-1-1] DEBUG org.asynchttpclient.netty.channel.DefaultChannelPool - Adding Candidate expired Channel [id: 0x43035804, L:/127.0.0.1:60589 ! R:localhost/127.0.0.1:50888] isIdleTimeoutExpired=false isRemotelyClosed=true isTtlExpired=false
11:07:48.920 [AsyncHttpClient-1-1] DEBUG org.asynchttpclient.netty.channel.DefaultChannelPool - Closing Idle Channel [id: 0x43035804, L:/127.0.0.1:60589 ! R:localhost/127.0.0.1:50888]
11:07:48.920 [AsyncHttpClient-1-1] DEBUG org.asynchttpclient.netty.channel.DefaultChannelPool - Closed 2 connections out of 2 in 0 ms
11:07:48.989 [main] INFO  - 
  _____   ___   ___   _____     ___     _     ___   ___   ___   ___  
 |_   _| | __| / __| |_   _|   | _ \   /_\   / __| / __| | __| |   \ 
   | |   | _|  \__ \   | |     |  _/  / _ \  \__ \ \__ \ | _|  | |) |
   |_|   |___| |___/   |_|     |_|   /_/ \_\ |___/ |___/ |___| |___/ 

As a admin i want to edit data dokter
----------------------------------------------------------------------
]]></system-out>
    <system-err><![CDATA[Starting ChromeDriver 102.0.5005.61 (0e59bcc00cc4985ce39ad31c150065f159d95ad3-refs/branch-heads/5005@{#819}) on port 50888
Only local connections are allowed.
Please see https://chromedriver.chromium.org/security-considerations for suggestions on keeping ChromeDriver safe.
ChromeDriver was started successfully.
Jun 18, 2022 11:07:30 AM org.openqa.selenium.remote.ProtocolHandshake createSession
INFO: Detected dialect: W3C
Jun 18, 2022 11:07:30 AM org.openqa.selenium.devtools.CdpVersionFinder findNearestMatch
WARNING: Unable to find an exact match for CDP version 102, so returning the closest version found: a no-op implementation
Jun 18, 2022 11:07:30 AM org.openqa.selenium.devtools.CdpVersionFinder findNearestMatch
INFO: Unable to find CDP implementation matching 102.
Jun 18, 2022 11:07:30 AM org.openqa.selenium.chromium.ChromiumDriver lambda$new$3
WARNING: Unable to find version of CDP to use for . You may need to include a dependency on a specific version of the CDP using something similar to `org.seleniumhq.selenium:selenium-devtools-v86:4.1.2` where the version ("v86") matches the version of the chromium-based browser you're using and the version number of the artifact is the same as Selenium's.
]]></system-err>
  </testcase>
  <testcase name="As a admin i want to edit data dokter #2" classname="Data Dokter Admin" time="20.71">
    <system-out><![CDATA[
@DataDokter @EditDokterData
Scenario Outline: As a admin i want to edit data dokter            &amp#27;[90m# src/test/resources/features/2DataDokter.feature:45&amp#27;[0m
11:07:49.033 [main] INFO io.cucumber.core.plugin.SerenityReporter - Running feature from file:///D:/New%20folder%20(2)/Capstone/Testing/src/test/resources/features/2DataDokter.feature
11:07:49.121 [main] DEBUG net.thucydides.core.steps.StepInterceptor - STARTING STEP: DokterDataSteps.openPageDataDokter - openDataDokter
11:07:49.131 [main] INFO net.serenitybdd.core.webdriver.driverproviders.ChromeDriverProvider - Using automatically driver download
11:07:49.468 [main] DEBUG io.github.bonigarcia.wdm.cache.ResolutionCache - Resolution chrome=102 in cache (valid until 11:10:23 18/06/2022 ICT)
11:07:49.485 [main] DEBUG io.github.bonigarcia.wdm.cache.ResolutionCache - Resolution chrome102=102.0.5005.61 in cache (valid until 19:49:35 18/06/2022 ICT)
11:07:49.495 [main] INFO io.github.bonigarcia.wdm.WebDriverManager - Using chromedriver 102.0.5005.61 (resolved driver for Chrome 102)
11:07:49.541 [main] DEBUG io.github.bonigarcia.wdm.WebDriverManager - Driver chromedriver 102.0.5005.61 found in cache
11:07:49.544 [main] INFO io.github.bonigarcia.wdm.WebDriverManager - Exporting webdriver.chrome.driver as C:\Users\ASUS\.cache\selenium\chromedriver\win32\102.0.5005.61\chromedriver.exe
11:07:49.797 [main] DEBUG net.serenitybdd.core.webdriver.driverproviders.ProvideNewDriver - Instantiating driver
11:07:49.797 [main] DEBUG net.serenitybdd.core.webdriver.driverproviders.ProvideNewDriver - Driver capabilities: Capabilities {acceptInsecureCerts: false, base.url: https://fanciful-trifle-360..., browserName: chrome, chore.driver: src/test/resources/webdrive..., driver: chrome, goog:chromeOptions: {args: [], extensions: []}}
11:07:50.380 [AsyncHttpClient-1-5] DEBUG org.asynchttpclient.netty.channel.NettyConnectListener - Using new Channel '[id: 0x26dd3a45, L:/127.0.0.1:60634 - R:localhost/127.0.0.1:52674]' for 'POST' to '/session'
11:07:52.659 [AsyncHttpClient-1-5] DEBUG org.asynchttpclient.netty.handler.HttpHandler - 

Request DefaultHttpRequest(decodeResult: success, version: HTTP/1.1)
POST /session HTTP/1.1
User-Agent: selenium/4.1.2 (java windows)
Content-Length: 628
Content-Type: application/json; charset=utf-8
host: localhost:52674
accept: */*

Response DefaultHttpResponse(decodeResult: success, version: HTTP/1.1)
HTTP/1.1 200 OK
Content-Type: application/json; charset=utf-8
cache-control: no-cache
content-length: 788

11:07:52.660 [AsyncHttpClient-1-5] DEBUG org.asynchttpclient.netty.channel.ChannelManager - Adding key: http://localhost:52674 for channel [id: 0x26dd3a45, L:/127.0.0.1:60634 - R:localhost/127.0.0.1:52674]
11:07:52.703 [AsyncHttpClient-1-6] DEBUG org.asynchttpclient.netty.channel.NettyConnectListener - Using new Channel '[id: 0x02f303b3, L:/127.0.0.1:60647 - R:localhost/127.0.0.1:60635]' for 'GET' to '/json/version'
11:07:52.712 [AsyncHttpClient-1-6] DEBUG org.asynchttpclient.netty.handler.HttpHandler - 

Request DefaultFullHttpRequest(decodeResult: success, version: HTTP/1.1, content: EmptyByteBufBE)
GET /json/version HTTP/1.1
User-Agent: selenium/4.1.2 (java windows)
host: localhost:60635
accept: */*

Response DefaultHttpResponse(decodeResult: success, version: HTTP/1.1)
HTTP/1.1 200 OK
Content-Type: application/json; charset=UTF-8
content-length: 428

11:07:52.713 [AsyncHttpClient-1-6] DEBUG org.asynchttpclient.netty.channel.ChannelManager - Adding key: http://localhost:60635 for channel [id: 0x02f303b3, L:/127.0.0.1:60647 - R:localhost/127.0.0.1:60635]
11:07:52.725 [AsyncHttpClient-1-7] DEBUG org.asynchttpclient.netty.channel.NettyConnectListener - Using new Channel '[id: 0x4481707c, L:/127.0.0.1:60649 - R:localhost/127.0.0.1:60635]' for 'GET' to '/devtools/browser/690ff74c-7c77-4a33-943e-9e6d2a5957d1'
11:07:52.728 [AsyncHttpClient-1-7] DEBUG org.asynchttpclient.netty.handler.WebSocketHandler - 

Request DefaultFullHttpRequest(decodeResult: success, version: HTTP/1.1, content: EmptyByteBufBE)
GET /devtools/browser/690ff74c-7c77-4a33-943e-9e6d2a5957d1 HTTP/1.1
upgrade: websocket
connection: upgrade
sec-websocket-key: c2qZhjQO5Z9/iAPJxmdanw==
sec-websocket-version: 13
origin: http://localhost:60635
host: localhost:60635
accept: */*
user-agent: AHC/2.1

Response DefaultHttpResponse(decodeResult: success, version: HTTP/1.1)
HTTP/1.1 101 WebSocket Protocol Handshake
Upgrade: WebSocket
Connection: Upgrade
Sec-WebSocket-Accept: v4LgZR+sceSgJs5VF3c9x1unyAA=

11:07:52.753 [Forwarding get on session c47a01a74364230aa4a5e374f4eb5e8d to remote] DEBUG org.asynchttpclient.netty.request.NettyRequestSender - Using pooled Channel '[id: 0x26dd3a45, L:/127.0.0.1:60634 - R:localhost/127.0.0.1:52674]' for 'POST' to 'http://localhost:52674/session/c47a01a74364230aa4a5e374f4eb5e8d/url'
11:07:52.753 [Forwarding get on session c47a01a74364230aa4a5e374f4eb5e8d to remote] DEBUG org.asynchttpclient.netty.request.NettyRequestSender - Using open Channel [id: 0x26dd3a45, L:/127.0.0.1:60634 - R:localhost/127.0.0.1:52674] for POST '/session/c47a01a74364230aa4a5e374f4eb5e8d/url'
11:07:53.317 [AsyncHttpClient-1-1] DEBUG org.asynchttpclient.netty.channel.DefaultChannelPool - Entry count for : http://localhost:60635 : 1
11:07:54.166 [AsyncHttpClient-1-5] DEBUG org.asynchttpclient.netty.handler.HttpHandler - 

Request DefaultHttpRequest(decodeResult: success, version: HTTP/1.1)
POST /session/c47a01a74364230aa4a5e374f4eb5e8d/url HTTP/1.1
User-Agent: selenium/4.1.2 (java windows)
Content-Length: 84
Content-Type: application/json; charset=utf-8
host: localhost:52674
accept: */*

Response DefaultHttpResponse(decodeResult: success, version: HTTP/1.1)
HTTP/1.1 200 OK
Content-Type: application/json; charset=utf-8
cache-control: no-cache
content-length: 14

11:07:54.166 [AsyncHttpClient-1-5] DEBUG org.asynchttpclient.netty.channel.ChannelManager - Adding key: http://localhost:52674 for channel [id: 0x26dd3a45, L:/127.0.0.1:60634 - R:localhost/127.0.0.1:52674]
11:07:54.169 [Forwarding setTimeout on session c47a01a74364230aa4a5e374f4eb5e8d to remote] DEBUG org.asynchttpclient.netty.request.NettyRequestSender - Using pooled Channel '[id: 0x26dd3a45, L:/127.0.0.1:60634 - R:localhost/127.0.0.1:52674]' for 'POST' to 'http://localhost:52674/session/c47a01a74364230aa4a5e374f4eb5e8d/timeouts'
11:07:54.169 [Forwarding setTimeout on session c47a01a74364230aa4a5e374f4eb5e8d to remote] DEBUG org.asynchttpclient.netty.request.NettyRequestSender - Using open Channel [id: 0x26dd3a45, L:/127.0.0.1:60634 - R:localhost/127.0.0.1:52674] for POST '/session/c47a01a74364230aa4a5e374f4eb5e8d/timeouts'
11:07:54.178 [AsyncHttpClient-1-5] DEBUG org.asynchttpclient.netty.handler.HttpHandler - 

Request DefaultHttpRequest(decodeResult: success, version: HTTP/1.1)
POST /session/c47a01a74364230aa4a5e374f4eb5e8d/timeouts HTTP/1.1
User-Agent: selenium/4.1.2 (java windows)
Content-Length: 22
Content-Type: application/json; charset=utf-8
host: localhost:52674
accept: */*

Response DefaultHttpResponse(decodeResult: success, version: HTTP/1.1)
HTTP/1.1 200 OK
Content-Type: application/json; charset=utf-8
cache-control: no-cache
content-length: 14

11:07:54.179 [AsyncHttpClient-1-5] DEBUG org.asynchttpclient.netty.channel.ChannelManager - Adding key: http://localhost:52674 for channel [id: 0x26dd3a45, L:/127.0.0.1:60634 - R:localhost/127.0.0.1:52674]
11:07:54.191 [Forwarding getCurrentUrl on session c47a01a74364230aa4a5e374f4eb5e8d to remote] DEBUG org.asynchttpclient.netty.request.NettyRequestSender - Using pooled Channel '[id: 0x26dd3a45, L:/127.0.0.1:60634 - R:localhost/127.0.0.1:52674]' for 'GET' to 'http://localhost:52674/session/c47a01a74364230aa4a5e374f4eb5e8d/url'
11:07:54.192 [Forwarding getCurrentUrl on session c47a01a74364230aa4a5e374f4eb5e8d to remote] DEBUG org.asynchttpclient.netty.request.NettyRequestSender - Using open Channel [id: 0x26dd3a45, L:/127.0.0.1:60634 - R:localhost/127.0.0.1:52674] for GET '/session/c47a01a74364230aa4a5e374f4eb5e8d/url'
11:07:54.205 [AsyncHttpClient-1-5] DEBUG org.asynchttpclient.netty.handler.HttpHandler - 

Request DefaultFullHttpRequest(decodeResult: success, version: HTTP/1.1, content: EmptyByteBufBE)
GET /session/c47a01a74364230aa4a5e374f4eb5e8d/url HTTP/1.1
User-Agent: selenium/4.1.2 (java windows)
Cache-Control: no-cache
Content-Type: application/json; charset=utf-8
host: localhost:52674
accept: */*

Response DefaultHttpResponse(decodeResult: success, version: HTTP/1.1)
HTTP/1.1 200 OK
Content-Type: application/json; charset=utf-8
cache-control: no-cache
content-length: 66

11:07:54.206 [AsyncHttpClient-1-5] DEBUG org.asynchttpclient.netty.channel.ChannelManager - Adding key: http://localhost:52674 for channel [id: 0x26dd3a45, L:/127.0.0.1:60634 - R:localhost/127.0.0.1:52674]
11:07:54.219 [Forwarding screenshot on session c47a01a74364230aa4a5e374f4eb5e8d to remote] DEBUG org.asynchttpclient.netty.request.NettyRequestSender - Using pooled Channel '[id: 0x26dd3a45, L:/127.0.0.1:60634 - R:localhost/127.0.0.1:52674]' for 'GET' to 'http://localhost:52674/session/c47a01a74364230aa4a5e374f4eb5e8d/screenshot'
11:07:54.219 [Forwarding screenshot on session c47a01a74364230aa4a5e374f4eb5e8d to remote] DEBUG org.asynchttpclient.netty.request.NettyRequestSender - Using open Channel [id: 0x26dd3a45, L:/127.0.0.1:60634 - R:localhost/127.0.0.1:52674] for GET '/session/c47a01a74364230aa4a5e374f4eb5e8d/screenshot'
11:07:54.414 [AsyncHttpClient-1-1] DEBUG org.asynchttpclient.netty.channel.DefaultChannelPool - Entry count for : http://localhost:60635 : 1
11:07:55.519 [AsyncHttpClient-1-1] DEBUG org.asynchttpclient.netty.channel.DefaultChannelPool - Entry count for : http://localhost:60635 : 1
11:07:55.582 [AsyncHttpClient-1-5] DEBUG org.asynchttpclient.netty.handler.HttpHandler - 

Request DefaultFullHttpRequest(decodeResult: success, version: HTTP/1.1, content: EmptyByteBufBE)
GET /session/c47a01a74364230aa4a5e374f4eb5e8d/screenshot HTTP/1.1
User-Agent: selenium/4.1.2 (java windows)
Cache-Control: no-cache
Content-Type: application/json; charset=utf-8
host: localhost:52674
accept: */*

Response DefaultHttpResponse(decodeResult: success, version: HTTP/1.1)
HTTP/1.1 200 OK
Content-Type: application/json; charset=utf-8
cache-control: no-cache
content-length: 77224

11:07:55.585 [AsyncHttpClient-1-5] DEBUG org.asynchttpclient.netty.channel.ChannelManager - Adding key: http://localhost:52674 for channel [id: 0x26dd3a45, L:/127.0.0.1:60634 - R:localhost/127.0.0.1:52674]
11:07:55.591 [main] DEBUG net.serenitybdd.core.photography.Darkroom - Send negative for processing for target\site\serenity\1da314782e1d60b8440a27b7abe0e35db05f489def0e061de77c9ec2d2046f42.png
11:07:55.592 [main] DEBUG net.thucydides.core.steps.StepInterceptor - STEP DONE: openDataDokter
  &amp#27;[32mGiven &amp#27;[0m&amp#27;[32mOpen page data dokter&amp#27;[0m                                      &amp#27;[90m# starter.stepdefinitios.DokterDataSteps.openPageDataDokter()&amp#27;[0m
11:07:55.593 [Darkroom Processing Line] DEBUG net.serenitybdd.core.photography.DarkroomProcessingLine - Processing screenshot image in /var/screenshots/screenshot-2418404159688241918
11:07:55.593 [Darkroom Processing Line] DEBUG net.serenitybdd.core.photography.DarkroomProcessingLine - Saving screenshot to target\site\serenity\1da314782e1d60b8440a27b7abe0e35db05f489def0e061de77c9ec2d2046f42.png
11:07:55.631 [main] DEBUG net.thucydides.core.steps.StepInterceptor - STARTING STEP: DokterDataSteps.clickDetailDokterData - clickButtonDetail
11:07:55.637 [Forwarding findElement on session c47a01a74364230aa4a5e374f4eb5e8d to remote] DEBUG org.asynchttpclient.netty.request.NettyRequestSender - Using pooled Channel '[id: 0x26dd3a45, L:/127.0.0.1:60634 - R:localhost/127.0.0.1:52674]' for 'POST' to 'http://localhost:52674/session/c47a01a74364230aa4a5e374f4eb5e8d/element'
11:07:55.637 [Forwarding findElement on session c47a01a74364230aa4a5e374f4eb5e8d to remote] DEBUG org.asynchttpclient.netty.request.NettyRequestSender - Using open Channel [id: 0x26dd3a45, L:/127.0.0.1:60634 - R:localhost/127.0.0.1:52674] for POST '/session/c47a01a74364230aa4a5e374f4eb5e8d/element'
11:07:55.663 [AsyncHttpClient-1-5] DEBUG org.asynchttpclient.netty.handler.HttpHandler - 

Request DefaultHttpRequest(decodeResult: success, version: HTTP/1.1)
POST /session/c47a01a74364230aa4a5e374f4eb5e8d/element HTTP/1.1
User-Agent: selenium/4.1.2 (java windows)
Content-Length: 92
Content-Type: application/json; charset=utf-8
host: localhost:52674
accept: */*

Response DefaultHttpResponse(decodeResult: success, version: HTTP/1.1)
HTTP/1.1 200 OK
Content-Type: application/json; charset=utf-8
cache-control: no-cache
content-length: 88

11:07:55.663 [AsyncHttpClient-1-5] DEBUG org.asynchttpclient.netty.channel.ChannelManager - Adding key: http://localhost:52674 for channel [id: 0x26dd3a45, L:/127.0.0.1:60634 - R:localhost/127.0.0.1:52674]
11:07:55.666 [Forwarding getElementTagName on session c47a01a74364230aa4a5e374f4eb5e8d to remote] DEBUG org.asynchttpclient.netty.request.NettyRequestSender - Using pooled Channel '[id: 0x26dd3a45, L:/127.0.0.1:60634 - R:localhost/127.0.0.1:52674]' for 'GET' to 'http://localhost:52674/session/c47a01a74364230aa4a5e374f4eb5e8d/element/86d899b7-1ac9-4f33-b247-62c73abb151f/name'
11:07:55.666 [Forwarding getElementTagName on session c47a01a74364230aa4a5e374f4eb5e8d to remote] DEBUG org.asynchttpclient.netty.request.NettyRequestSender - Using open Channel [id: 0x26dd3a45, L:/127.0.0.1:60634 - R:localhost/127.0.0.1:52674] for GET '/session/c47a01a74364230aa4a5e374f4eb5e8d/element/86d899b7-1ac9-4f33-b247-62c73abb151f/name'
11:07:55.674 [AsyncHttpClient-1-5] DEBUG org.asynchttpclient.netty.handler.HttpHandler - 

Request DefaultFullHttpRequest(decodeResult: success, version: HTTP/1.1, content: EmptyByteBufBE)
GET /session/c47a01a74364230aa4a5e374f4eb5e8d/element/86d899b7-1ac9-4f33-b247-62c73abb151f/name HTTP/1.1
User-Agent: selenium/4.1.2 (java windows)
Cache-Control: no-cache
Content-Type: application/json; charset=utf-8
host: localhost:52674
accept: */*

Response DefaultHttpResponse(decodeResult: success, version: HTTP/1.1)
HTTP/1.1 200 OK
Content-Type: application/json; charset=utf-8
cache-control: no-cache
content-length: 15

11:07:55.674 [AsyncHttpClient-1-5] DEBUG org.asynchttpclient.netty.channel.ChannelManager - Adding key: http://localhost:52674 for channel [id: 0x26dd3a45, L:/127.0.0.1:60634 - R:localhost/127.0.0.1:52674]
11:07:55.677 [Forwarding getElementTagName on session c47a01a74364230aa4a5e374f4eb5e8d to remote] DEBUG org.asynchttpclient.netty.request.NettyRequestSender - Using pooled Channel '[id: 0x26dd3a45, L:/127.0.0.1:60634 - R:localhost/127.0.0.1:52674]' for 'GET' to 'http://localhost:52674/session/c47a01a74364230aa4a5e374f4eb5e8d/element/86d899b7-1ac9-4f33-b247-62c73abb151f/name'
11:07:55.677 [Forwarding getElementTagName on session c47a01a74364230aa4a5e374f4eb5e8d to remote] DEBUG org.asynchttpclient.netty.request.NettyRequestSender - Using open Channel [id: 0x26dd3a45, L:/127.0.0.1:60634 - R:localhost/127.0.0.1:52674] for GET '/session/c47a01a74364230aa4a5e374f4eb5e8d/element/86d899b7-1ac9-4f33-b247-62c73abb151f/name'
11:07:55.683 [AsyncHttpClient-1-5] DEBUG org.asynchttpclient.netty.handler.HttpHandler - 

Request DefaultFullHttpRequest(decodeResult: success, version: HTTP/1.1, content: EmptyByteBufBE)
GET /session/c47a01a74364230aa4a5e374f4eb5e8d/element/86d899b7-1ac9-4f33-b247-62c73abb151f/name HTTP/1.1
User-Agent: selenium/4.1.2 (java windows)
Cache-Control: no-cache
Content-Type: application/json; charset=utf-8
host: localhost:52674
accept: */*

Response DefaultHttpResponse(decodeResult: success, version: HTTP/1.1)
HTTP/1.1 200 OK
Content-Type: application/json; charset=utf-8
cache-control: no-cache
content-length: 15

11:07:55.684 [AsyncHttpClient-1-5] DEBUG org.asynchttpclient.netty.channel.ChannelManager - Adding key: http://localhost:52674 for channel [id: 0x26dd3a45, L:/127.0.0.1:60634 - R:localhost/127.0.0.1:52674]
11:07:55.687 [Forwarding findElement on session c47a01a74364230aa4a5e374f4eb5e8d to remote] DEBUG org.asynchttpclient.netty.request.NettyRequestSender - Using pooled Channel '[id: 0x26dd3a45, L:/127.0.0.1:60634 - R:localhost/127.0.0.1:52674]' for 'POST' to 'http://localhost:52674/session/c47a01a74364230aa4a5e374f4eb5e8d/element'
11:07:55.687 [Forwarding findElement on session c47a01a74364230aa4a5e374f4eb5e8d to remote] DEBUG org.asynchttpclient.netty.request.NettyRequestSender - Using open Channel [id: 0x26dd3a45, L:/127.0.0.1:60634 - R:localhost/127.0.0.1:52674] for POST '/session/c47a01a74364230aa4a5e374f4eb5e8d/element'
11:07:55.703 [AsyncHttpClient-1-5] DEBUG org.asynchttpclient.netty.handler.HttpHandler - 

Request DefaultHttpRequest(decodeResult: success, version: HTTP/1.1)
POST /session/c47a01a74364230aa4a5e374f4eb5e8d/element HTTP/1.1
User-Agent: selenium/4.1.2 (java windows)
Content-Length: 92
Content-Type: application/json; charset=utf-8
host: localhost:52674
accept: */*

Response DefaultHttpResponse(decodeResult: success, version: HTTP/1.1)
HTTP/1.1 200 OK
Content-Type: application/json; charset=utf-8
cache-control: no-cache
content-length: 88

11:07:55.703 [AsyncHttpClient-1-5] DEBUG org.asynchttpclient.netty.channel.ChannelManager - Adding key: http://localhost:52674 for channel [id: 0x26dd3a45, L:/127.0.0.1:60634 - R:localhost/127.0.0.1:52674]
11:07:55.707 [Forwarding clickElement on session c47a01a74364230aa4a5e374f4eb5e8d to remote] DEBUG org.asynchttpclient.netty.request.NettyRequestSender - Using pooled Channel '[id: 0x26dd3a45, L:/127.0.0.1:60634 - R:localhost/127.0.0.1:52674]' for 'POST' to 'http://localhost:52674/session/c47a01a74364230aa4a5e374f4eb5e8d/element/86d899b7-1ac9-4f33-b247-62c73abb151f/click'
11:07:55.708 [Forwarding clickElement on session c47a01a74364230aa4a5e374f4eb5e8d to remote] DEBUG org.asynchttpclient.netty.request.NettyRequestSender - Using open Channel [id: 0x26dd3a45, L:/127.0.0.1:60634 - R:localhost/127.0.0.1:52674] for POST '/session/c47a01a74364230aa4a5e374f4eb5e8d/element/86d899b7-1ac9-4f33-b247-62c73abb151f/click'
11:07:56.086 [AsyncHttpClient-1-5] DEBUG org.asynchttpclient.netty.handler.HttpHandler - 

Request DefaultHttpRequest(decodeResult: success, version: HTTP/1.1)
POST /session/c47a01a74364230aa4a5e374f4eb5e8d/element/86d899b7-1ac9-4f33-b247-62c73abb151f/click HTTP/1.1
User-Agent: selenium/4.1.2 (java windows)
Content-Length: 50
Content-Type: application/json; charset=utf-8
host: localhost:52674
accept: */*

Response DefaultHttpResponse(decodeResult: success, version: HTTP/1.1)
HTTP/1.1 200 OK
Content-Type: application/json; charset=utf-8
cache-control: no-cache
content-length: 14

11:07:56.086 [AsyncHttpClient-1-5] DEBUG org.asynchttpclient.netty.channel.ChannelManager - Adding key: http://localhost:52674 for channel [id: 0x26dd3a45, L:/127.0.0.1:60634 - R:localhost/127.0.0.1:52674]
11:07:56.114 [Forwarding screenshot on session c47a01a74364230aa4a5e374f4eb5e8d to remote] DEBUG org.asynchttpclient.netty.request.NettyRequestSender - Using pooled Channel '[id: 0x26dd3a45, L:/127.0.0.1:60634 - R:localhost/127.0.0.1:52674]' for 'GET' to 'http://localhost:52674/session/c47a01a74364230aa4a5e374f4eb5e8d/screenshot'
11:07:56.114 [Forwarding screenshot on session c47a01a74364230aa4a5e374f4eb5e8d to remote] DEBUG org.asynchttpclient.netty.request.NettyRequestSender - Using open Channel [id: 0x26dd3a45, L:/127.0.0.1:60634 - R:localhost/127.0.0.1:52674] for GET '/session/c47a01a74364230aa4a5e374f4eb5e8d/screenshot'
11:07:56.614 [AsyncHttpClient-1-1] DEBUG org.asynchttpclient.netty.channel.DefaultChannelPool - Entry count for : http://localhost:60635 : 1
11:07:56.671 [AsyncHttpClient-1-5] DEBUG org.asynchttpclient.netty.handler.HttpHandler - 

Request DefaultFullHttpRequest(decodeResult: success, version: HTTP/1.1, content: EmptyByteBufBE)
GET /session/c47a01a74364230aa4a5e374f4eb5e8d/screenshot HTTP/1.1
User-Agent: selenium/4.1.2 (java windows)
Cache-Control: no-cache
Content-Type: application/json; charset=utf-8
host: localhost:52674
accept: */*

Response DefaultHttpResponse(decodeResult: success, version: HTTP/1.1)
HTTP/1.1 200 OK
Content-Type: application/json; charset=utf-8
cache-control: no-cache
content-length: 47088

11:07:56.672 [AsyncHttpClient-1-5] DEBUG org.asynchttpclient.netty.channel.ChannelManager - Adding key: http://localhost:52674 for channel [id: 0x26dd3a45, L:/127.0.0.1:60634 - R:localhost/127.0.0.1:52674]
11:07:56.680 [main] DEBUG net.serenitybdd.core.photography.Darkroom - Send negative for processing for target\site\serenity\919d216fdaeffe482e5ea2b28746c3e035cc3fc783af482c09ecf1d5a5f31ef8.png
11:07:56.680 [main] DEBUG net.thucydides.core.steps.StepInterceptor - STEP DONE: clickButtonDetail
  &amp#27;[32mAnd &amp#27;[0m&amp#27;[32mClick Detail dokter data&amp#27;[0m                                     &amp#27;[90m# starter.stepdefinitios.DokterDataSteps.clickDetailDokterData()&amp#27;[0m
11:07:56.681 [Darkroom Processing Line] DEBUG net.serenitybdd.core.photography.DarkroomProcessingLine - Processing screenshot image in /var/screenshots/screenshot-12896574787525721820
11:07:56.682 [Darkroom Processing Line] DEBUG net.serenitybdd.core.photography.DarkroomProcessingLine - Saving screenshot to target\site\serenity\919d216fdaeffe482e5ea2b28746c3e035cc3fc783af482c09ecf1d5a5f31ef8.png
11:07:57.254 [Forwarding screenshot on session c47a01a74364230aa4a5e374f4eb5e8d to remote] DEBUG org.asynchttpclient.netty.request.NettyRequestSender - Using pooled Channel '[id: 0x26dd3a45, L:/127.0.0.1:60634 - R:localhost/127.0.0.1:52674]' for 'GET' to 'http://localhost:52674/session/c47a01a74364230aa4a5e374f4eb5e8d/screenshot'
11:07:57.254 [Forwarding screenshot on session c47a01a74364230aa4a5e374f4eb5e8d to remote] DEBUG org.asynchttpclient.netty.request.NettyRequestSender - Using open Channel [id: 0x26dd3a45, L:/127.0.0.1:60634 - R:localhost/127.0.0.1:52674] for GET '/session/c47a01a74364230aa4a5e374f4eb5e8d/screenshot'
11:07:57.578 [AsyncHttpClient-1-5] DEBUG org.asynchttpclient.netty.handler.HttpHandler - 

Request DefaultFullHttpRequest(decodeResult: success, version: HTTP/1.1, content: EmptyByteBufBE)
GET /session/c47a01a74364230aa4a5e374f4eb5e8d/screenshot HTTP/1.1
User-Agent: selenium/4.1.2 (java windows)
Cache-Control: no-cache
Content-Type: application/json; charset=utf-8
host: localhost:52674
accept: */*

Response DefaultHttpResponse(decodeResult: success, version: HTTP/1.1)
HTTP/1.1 200 OK
Content-Type: application/json; charset=utf-8
cache-control: no-cache
content-length: 361212

11:07:57.580 [AsyncHttpClient-1-5] DEBUG org.asynchttpclient.netty.channel.ChannelManager - Adding key: http://localhost:52674 for channel [id: 0x26dd3a45, L:/127.0.0.1:60634 - R:localhost/127.0.0.1:52674]
11:07:57.607 [main] DEBUG net.serenitybdd.core.photography.Darkroom - Send negative for processing for target\site\serenity\f093ac79edcaf2bc3c360bf0af0d4648b807f940db35d1409f01a3271265f5d9.png
11:07:57.607 [main] DEBUG net.thucydides.core.steps.StepInterceptor - STARTING STEP: DokterDataSteps.validDataDetailDokter - checkValidDataPasien
11:07:57.608 [Darkroom Processing Line] DEBUG net.serenitybdd.core.photography.DarkroomProcessingLine - Processing screenshot image in /var/screenshots/screenshot-12765958786781142378
11:07:57.608 [Darkroom Processing Line] DEBUG net.serenitybdd.core.photography.DarkroomProcessingLine - Saving screenshot to target\site\serenity\f093ac79edcaf2bc3c360bf0af0d4648b807f940db35d1409f01a3271265f5d9.png
11:07:57.615 [Forwarding findElement on session c47a01a74364230aa4a5e374f4eb5e8d to remote] DEBUG org.asynchttpclient.netty.request.NettyRequestSender - Using pooled Channel '[id: 0x26dd3a45, L:/127.0.0.1:60634 - R:localhost/127.0.0.1:52674]' for 'POST' to 'http://localhost:52674/session/c47a01a74364230aa4a5e374f4eb5e8d/element'
11:07:57.616 [Forwarding findElement on session c47a01a74364230aa4a5e374f4eb5e8d to remote] DEBUG org.asynchttpclient.netty.request.NettyRequestSender - Using open Channel [id: 0x26dd3a45, L:/127.0.0.1:60634 - R:localhost/127.0.0.1:52674] for POST '/session/c47a01a74364230aa4a5e374f4eb5e8d/element'
11:07:57.661 [AsyncHttpClient-1-5] DEBUG org.asynchttpclient.netty.handler.HttpHandler - 

Request DefaultHttpRequest(decodeResult: success, version: HTTP/1.1)
POST /session/c47a01a74364230aa4a5e374f4eb5e8d/element HTTP/1.1
User-Agent: selenium/4.1.2 (java windows)
Content-Length: 95
Content-Type: application/json; charset=utf-8
host: localhost:52674
accept: */*

Response DefaultHttpResponse(decodeResult: success, version: HTTP/1.1)
HTTP/1.1 200 OK
Content-Type: application/json; charset=utf-8
cache-control: no-cache
content-length: 88

11:07:57.661 [AsyncHttpClient-1-5] DEBUG org.asynchttpclient.netty.channel.ChannelManager - Adding key: http://localhost:52674 for channel [id: 0x26dd3a45, L:/127.0.0.1:60634 - R:localhost/127.0.0.1:52674]
11:07:57.663 [Forwarding isElementEnabled on session c47a01a74364230aa4a5e374f4eb5e8d to remote] DEBUG org.asynchttpclient.netty.request.NettyRequestSender - Using pooled Channel '[id: 0x26dd3a45, L:/127.0.0.1:60634 - R:localhost/127.0.0.1:52674]' for 'GET' to 'http://localhost:52674/session/c47a01a74364230aa4a5e374f4eb5e8d/element/8771235c-28f1-4d68-b6de-5cac257a4f1a/enabled'
11:07:57.663 [Forwarding isElementEnabled on session c47a01a74364230aa4a5e374f4eb5e8d to remote] DEBUG org.asynchttpclient.netty.request.NettyRequestSender - Using open Channel [id: 0x26dd3a45, L:/127.0.0.1:60634 - R:localhost/127.0.0.1:52674] for GET '/session/c47a01a74364230aa4a5e374f4eb5e8d/element/8771235c-28f1-4d68-b6de-5cac257a4f1a/enabled'
11:07:57.696 [AsyncHttpClient-1-5] DEBUG org.asynchttpclient.netty.handler.HttpHandler - 

Request DefaultFullHttpRequest(decodeResult: success, version: HTTP/1.1, content: EmptyByteBufBE)
GET /session/c47a01a74364230aa4a5e374f4eb5e8d/element/8771235c-28f1-4d68-b6de-5cac257a4f1a/enabled HTTP/1.1
User-Agent: selenium/4.1.2 (java windows)
Cache-Control: no-cache
Content-Type: application/json; charset=utf-8
host: localhost:52674
accept: */*

Response DefaultHttpResponse(decodeResult: success, version: HTTP/1.1)
HTTP/1.1 200 OK
Content-Type: application/json; charset=utf-8
cache-control: no-cache
content-length: 14

11:07:57.697 [AsyncHttpClient-1-5] DEBUG org.asynchttpclient.netty.channel.ChannelManager - Adding key: http://localhost:52674 for channel [id: 0x26dd3a45, L:/127.0.0.1:60634 - R:localhost/127.0.0.1:52674]
11:07:57.713 [Forwarding screenshot on session c47a01a74364230aa4a5e374f4eb5e8d to remote] DEBUG org.asynchttpclient.netty.request.NettyRequestSender - Using pooled Channel '[id: 0x26dd3a45, L:/127.0.0.1:60634 - R:localhost/127.0.0.1:52674]' for 'GET' to 'http://localhost:52674/session/c47a01a74364230aa4a5e374f4eb5e8d/screenshot'
11:07:57.713 [Forwarding screenshot on session c47a01a74364230aa4a5e374f4eb5e8d to remote] DEBUG org.asynchttpclient.netty.request.NettyRequestSender - Using open Channel [id: 0x26dd3a45, L:/127.0.0.1:60634 - R:localhost/127.0.0.1:52674] for GET '/session/c47a01a74364230aa4a5e374f4eb5e8d/screenshot'
11:07:57.714 [AsyncHttpClient-1-1] DEBUG org.asynchttpclient.netty.channel.DefaultChannelPool - Entry count for : http://localhost:60635 : 1
11:07:58.051 [AsyncHttpClient-1-5] DEBUG org.asynchttpclient.netty.handler.HttpHandler - 

Request DefaultFullHttpRequest(decodeResult: success, version: HTTP/1.1, content: EmptyByteBufBE)
GET /session/c47a01a74364230aa4a5e374f4eb5e8d/screenshot HTTP/1.1
User-Agent: selenium/4.1.2 (java windows)
Cache-Control: no-cache
Content-Type: application/json; charset=utf-8
host: localhost:52674
accept: */*

Response DefaultHttpResponse(decodeResult: success, version: HTTP/1.1)
HTTP/1.1 200 OK
Content-Type: application/json; charset=utf-8
cache-control: no-cache
content-length: 361212

11:07:58.053 [AsyncHttpClient-1-5] DEBUG org.asynchttpclient.netty.channel.ChannelManager - Adding key: http://localhost:52674 for channel [id: 0x26dd3a45, L:/127.0.0.1:60634 - R:localhost/127.0.0.1:52674]
11:07:58.080 [main] DEBUG net.serenitybdd.core.photography.Darkroom - Send negative for processing for target\site\serenity\f093ac79edcaf2bc3c360bf0af0d4648b807f940db35d1409f01a3271265f5d9.png
11:07:58.081 [main] DEBUG net.thucydides.core.steps.StepInterceptor - STEP DONE: checkValidDataPasien
  &amp#27;[32mWhen &amp#27;[0m&amp#27;[32mValid data detail dokter&amp#27;[0m                                    &amp#27;[90m# starter.stepdefinitios.DokterDataSteps.validDataDetailDokter()&amp#27;[0m
11:07:58.189 [Forwarding screenshot on session c47a01a74364230aa4a5e374f4eb5e8d to remote] DEBUG org.asynchttpclient.netty.request.NettyRequestSender - Using pooled Channel '[id: 0x26dd3a45, L:/127.0.0.1:60634 - R:localhost/127.0.0.1:52674]' for 'GET' to 'http://localhost:52674/session/c47a01a74364230aa4a5e374f4eb5e8d/screenshot'
11:07:58.190 [Forwarding screenshot on session c47a01a74364230aa4a5e374f4eb5e8d to remote] DEBUG org.asynchttpclient.netty.request.NettyRequestSender - Using open Channel [id: 0x26dd3a45, L:/127.0.0.1:60634 - R:localhost/127.0.0.1:52674] for GET '/session/c47a01a74364230aa4a5e374f4eb5e8d/screenshot'
11:07:58.523 [AsyncHttpClient-1-5] DEBUG org.asynchttpclient.netty.handler.HttpHandler - 

Request DefaultFullHttpRequest(decodeResult: success, version: HTTP/1.1, content: EmptyByteBufBE)
GET /session/c47a01a74364230aa4a5e374f4eb5e8d/screenshot HTTP/1.1
User-Agent: selenium/4.1.2 (java windows)
Cache-Control: no-cache
Content-Type: application/json; charset=utf-8
host: localhost:52674
accept: */*

Response DefaultHttpResponse(decodeResult: success, version: HTTP/1.1)
HTTP/1.1 200 OK
Content-Type: application/json; charset=utf-8
cache-control: no-cache
content-length: 361212

11:07:58.528 [AsyncHttpClient-1-5] DEBUG org.asynchttpclient.netty.channel.ChannelManager - Adding key: http://localhost:52674 for channel [id: 0x26dd3a45, L:/127.0.0.1:60634 - R:localhost/127.0.0.1:52674]
11:07:58.555 [main] DEBUG net.serenitybdd.core.photography.Darkroom - Send negative for processing for target\site\serenity\f093ac79edcaf2bc3c360bf0af0d4648b807f940db35d1409f01a3271265f5d9.png
11:07:58.556 [main] DEBUG net.thucydides.core.steps.StepInterceptor - STARTING STEP: PatientDataSteps.clickButtonEditProfil - clickButtonEditDataPasien
11:07:58.569 [Forwarding findElement on session c47a01a74364230aa4a5e374f4eb5e8d to remote] DEBUG org.asynchttpclient.netty.request.NettyRequestSender - Using pooled Channel '[id: 0x26dd3a45, L:/127.0.0.1:60634 - R:localhost/127.0.0.1:52674]' for 'POST' to 'http://localhost:52674/session/c47a01a74364230aa4a5e374f4eb5e8d/element'
11:07:58.569 [Forwarding findElement on session c47a01a74364230aa4a5e374f4eb5e8d to remote] DEBUG org.asynchttpclient.netty.request.NettyRequestSender - Using open Channel [id: 0x26dd3a45, L:/127.0.0.1:60634 - R:localhost/127.0.0.1:52674] for POST '/session/c47a01a74364230aa4a5e374f4eb5e8d/element'
11:07:58.603 [AsyncHttpClient-1-5] DEBUG org.asynchttpclient.netty.handler.HttpHandler - 

Request DefaultHttpRequest(decodeResult: success, version: HTTP/1.1)
POST /session/c47a01a74364230aa4a5e374f4eb5e8d/element HTTP/1.1
User-Agent: selenium/4.1.2 (java windows)
Content-Length: 116
Content-Type: application/json; charset=utf-8
host: localhost:52674
accept: */*

Response DefaultHttpResponse(decodeResult: success, version: HTTP/1.1)
HTTP/1.1 200 OK
Content-Type: application/json; charset=utf-8
cache-control: no-cache
content-length: 88

11:07:58.603 [AsyncHttpClient-1-5] DEBUG org.asynchttpclient.netty.channel.ChannelManager - Adding key: http://localhost:52674 for channel [id: 0x26dd3a45, L:/127.0.0.1:60634 - R:localhost/127.0.0.1:52674]
11:07:58.607 [Forwarding getElementTagName on session c47a01a74364230aa4a5e374f4eb5e8d to remote] DEBUG org.asynchttpclient.netty.request.NettyRequestSender - Using pooled Channel '[id: 0x26dd3a45, L:/127.0.0.1:60634 - R:localhost/127.0.0.1:52674]' for 'GET' to 'http://localhost:52674/session/c47a01a74364230aa4a5e374f4eb5e8d/element/44ec041f-5d66-4e9b-9d86-7e6786c1bc7e/name'
11:07:58.607 [Forwarding getElementTagName on session c47a01a74364230aa4a5e374f4eb5e8d to remote] DEBUG org.asynchttpclient.netty.request.NettyRequestSender - Using open Channel [id: 0x26dd3a45, L:/127.0.0.1:60634 - R:localhost/127.0.0.1:52674] for GET '/session/c47a01a74364230aa4a5e374f4eb5e8d/element/44ec041f-5d66-4e9b-9d86-7e6786c1bc7e/name'
11:07:58.622 [AsyncHttpClient-1-5] DEBUG org.asynchttpclient.netty.handler.HttpHandler - 

Request DefaultFullHttpRequest(decodeResult: success, version: HTTP/1.1, content: EmptyByteBufBE)
GET /session/c47a01a74364230aa4a5e374f4eb5e8d/element/44ec041f-5d66-4e9b-9d86-7e6786c1bc7e/name HTTP/1.1
User-Agent: selenium/4.1.2 (java windows)
Cache-Control: no-cache
Content-Type: application/json; charset=utf-8
host: localhost:52674
accept: */*

Response DefaultHttpResponse(decodeResult: success, version: HTTP/1.1)
HTTP/1.1 200 OK
Content-Type: application/json; charset=utf-8
cache-control: no-cache
content-length: 18

11:07:58.622 [AsyncHttpClient-1-5] DEBUG org.asynchttpclient.netty.channel.ChannelManager - Adding key: http://localhost:52674 for channel [id: 0x26dd3a45, L:/127.0.0.1:60634 - R:localhost/127.0.0.1:52674]
11:07:58.629 [Forwarding getElementTagName on session c47a01a74364230aa4a5e374f4eb5e8d to remote] DEBUG org.asynchttpclient.netty.request.NettyRequestSender - Using pooled Channel '[id: 0x26dd3a45, L:/127.0.0.1:60634 - R:localhost/127.0.0.1:52674]' for 'GET' to 'http://localhost:52674/session/c47a01a74364230aa4a5e374f4eb5e8d/element/44ec041f-5d66-4e9b-9d86-7e6786c1bc7e/name'
11:07:58.629 [Forwarding getElementTagName on session c47a01a74364230aa4a5e374f4eb5e8d to remote] DEBUG org.asynchttpclient.netty.request.NettyRequestSender - Using open Channel [id: 0x26dd3a45, L:/127.0.0.1:60634 - R:localhost/127.0.0.1:52674] for GET '/session/c47a01a74364230aa4a5e374f4eb5e8d/element/44ec041f-5d66-4e9b-9d86-7e6786c1bc7e/name'
11:07:58.646 [AsyncHttpClient-1-5] DEBUG org.asynchttpclient.netty.handler.HttpHandler - 

Request DefaultFullHttpRequest(decodeResult: success, version: HTTP/1.1, content: EmptyByteBufBE)
GET /session/c47a01a74364230aa4a5e374f4eb5e8d/element/44ec041f-5d66-4e9b-9d86-7e6786c1bc7e/name HTTP/1.1
User-Agent: selenium/4.1.2 (java windows)
Cache-Control: no-cache
Content-Type: application/json; charset=utf-8
host: localhost:52674
accept: */*

Response DefaultHttpResponse(decodeResult: success, version: HTTP/1.1)
HTTP/1.1 200 OK
Content-Type: application/json; charset=utf-8
cache-control: no-cache
content-length: 18

11:07:58.646 [AsyncHttpClient-1-5] DEBUG org.asynchttpclient.netty.channel.ChannelManager - Adding key: http://localhost:52674 for channel [id: 0x26dd3a45, L:/127.0.0.1:60634 - R:localhost/127.0.0.1:52674]
11:07:58.651 [Forwarding isElementEnabled on session c47a01a74364230aa4a5e374f4eb5e8d to remote] DEBUG org.asynchttpclient.netty.request.NettyRequestSender - Using pooled Channel '[id: 0x26dd3a45, L:/127.0.0.1:60634 - R:localhost/127.0.0.1:52674]' for 'GET' to 'http://localhost:52674/session/c47a01a74364230aa4a5e374f4eb5e8d/element/44ec041f-5d66-4e9b-9d86-7e6786c1bc7e/enabled'
11:07:58.651 [Forwarding isElementEnabled on session c47a01a74364230aa4a5e374f4eb5e8d to remote] DEBUG org.asynchttpclient.netty.request.NettyRequestSender - Using open Channel [id: 0x26dd3a45, L:/127.0.0.1:60634 - R:localhost/127.0.0.1:52674] for GET '/session/c47a01a74364230aa4a5e374f4eb5e8d/element/44ec041f-5d66-4e9b-9d86-7e6786c1bc7e/enabled'
11:07:58.734 [AsyncHttpClient-1-5] DEBUG org.asynchttpclient.netty.handler.HttpHandler - 

Request DefaultFullHttpRequest(decodeResult: success, version: HTTP/1.1, content: EmptyByteBufBE)
GET /session/c47a01a74364230aa4a5e374f4eb5e8d/element/44ec041f-5d66-4e9b-9d86-7e6786c1bc7e/enabled HTTP/1.1
User-Agent: selenium/4.1.2 (java windows)
Cache-Control: no-cache
Content-Type: application/json; charset=utf-8
host: localhost:52674
accept: */*

Response DefaultHttpResponse(decodeResult: success, version: HTTP/1.1)
HTTP/1.1 200 OK
Content-Type: application/json; charset=utf-8
cache-control: no-cache
content-length: 14

11:07:58.735 [AsyncHttpClient-1-5] DEBUG org.asynchttpclient.netty.channel.ChannelManager - Adding key: http://localhost:52674 for channel [id: 0x26dd3a45, L:/127.0.0.1:60634 - R:localhost/127.0.0.1:52674]
11:07:58.738 [Forwarding isElementEnabled on session c47a01a74364230aa4a5e374f4eb5e8d to remote] DEBUG org.asynchttpclient.netty.request.NettyRequestSender - Using pooled Channel '[id: 0x26dd3a45, L:/127.0.0.1:60634 - R:localhost/127.0.0.1:52674]' for 'GET' to 'http://localhost:52674/session/c47a01a74364230aa4a5e374f4eb5e8d/element/44ec041f-5d66-4e9b-9d86-7e6786c1bc7e/enabled'
11:07:58.739 [Forwarding isElementEnabled on session c47a01a74364230aa4a5e374f4eb5e8d to remote] DEBUG org.asynchttpclient.netty.request.NettyRequestSender - Using open Channel [id: 0x26dd3a45, L:/127.0.0.1:60634 - R:localhost/127.0.0.1:52674] for GET '/session/c47a01a74364230aa4a5e374f4eb5e8d/element/44ec041f-5d66-4e9b-9d86-7e6786c1bc7e/enabled'
11:07:58.753 [AsyncHttpClient-1-5] DEBUG org.asynchttpclient.netty.handler.HttpHandler - 

Request DefaultFullHttpRequest(decodeResult: success, version: HTTP/1.1, content: EmptyByteBufBE)
GET /session/c47a01a74364230aa4a5e374f4eb5e8d/element/44ec041f-5d66-4e9b-9d86-7e6786c1bc7e/enabled HTTP/1.1
User-Agent: selenium/4.1.2 (java windows)
Cache-Control: no-cache
Content-Type: application/json; charset=utf-8
host: localhost:52674
accept: */*

Response DefaultHttpResponse(decodeResult: success, version: HTTP/1.1)
HTTP/1.1 200 OK
Content-Type: application/json; charset=utf-8
cache-control: no-cache
content-length: 14

11:07:58.754 [AsyncHttpClient-1-5] DEBUG org.asynchttpclient.netty.channel.ChannelManager - Adding key: http://localhost:52674 for channel [id: 0x26dd3a45, L:/127.0.0.1:60634 - R:localhost/127.0.0.1:52674]
11:07:58.759 [Forwarding findElement on session c47a01a74364230aa4a5e374f4eb5e8d to remote] DEBUG org.asynchttpclient.netty.request.NettyRequestSender - Using pooled Channel '[id: 0x26dd3a45, L:/127.0.0.1:60634 - R:localhost/127.0.0.1:52674]' for 'POST' to 'http://localhost:52674/session/c47a01a74364230aa4a5e374f4eb5e8d/element'
11:07:58.759 [Forwarding findElement on session c47a01a74364230aa4a5e374f4eb5e8d to remote] DEBUG org.asynchttpclient.netty.request.NettyRequestSender - Using open Channel [id: 0x26dd3a45, L:/127.0.0.1:60634 - R:localhost/127.0.0.1:52674] for POST '/session/c47a01a74364230aa4a5e374f4eb5e8d/element'
11:07:58.790 [AsyncHttpClient-1-5] DEBUG org.asynchttpclient.netty.handler.HttpHandler - 

Request DefaultHttpRequest(decodeResult: success, version: HTTP/1.1)
POST /session/c47a01a74364230aa4a5e374f4eb5e8d/element HTTP/1.1
User-Agent: selenium/4.1.2 (java windows)
Content-Length: 116
Content-Type: application/json; charset=utf-8
host: localhost:52674
accept: */*

Response DefaultHttpResponse(decodeResult: success, version: HTTP/1.1)
HTTP/1.1 200 OK
Content-Type: application/json; charset=utf-8
cache-control: no-cache
content-length: 88

11:07:58.790 [AsyncHttpClient-1-5] DEBUG org.asynchttpclient.netty.channel.ChannelManager - Adding key: http://localhost:52674 for channel [id: 0x26dd3a45, L:/127.0.0.1:60634 - R:localhost/127.0.0.1:52674]
11:07:58.793 [Forwarding clickElement on session c47a01a74364230aa4a5e374f4eb5e8d to remote] DEBUG org.asynchttpclient.netty.request.NettyRequestSender - Using pooled Channel '[id: 0x26dd3a45, L:/127.0.0.1:60634 - R:localhost/127.0.0.1:52674]' for 'POST' to 'http://localhost:52674/session/c47a01a74364230aa4a5e374f4eb5e8d/element/44ec041f-5d66-4e9b-9d86-7e6786c1bc7e/click'
11:07:58.793 [Forwarding clickElement on session c47a01a74364230aa4a5e374f4eb5e8d to remote] DEBUG org.asynchttpclient.netty.request.NettyRequestSender - Using open Channel [id: 0x26dd3a45, L:/127.0.0.1:60634 - R:localhost/127.0.0.1:52674] for POST '/session/c47a01a74364230aa4a5e374f4eb5e8d/element/44ec041f-5d66-4e9b-9d86-7e6786c1bc7e/click'
11:07:58.827 [AsyncHttpClient-1-1] DEBUG org.asynchttpclient.netty.channel.DefaultChannelPool - Entry count for : http://localhost:60635 : 1
11:07:59.069 [AsyncHttpClient-1-5] DEBUG org.asynchttpclient.netty.handler.HttpHandler - 

Request DefaultHttpRequest(decodeResult: success, version: HTTP/1.1)
POST /session/c47a01a74364230aa4a5e374f4eb5e8d/element/44ec041f-5d66-4e9b-9d86-7e6786c1bc7e/click HTTP/1.1
User-Agent: selenium/4.1.2 (java windows)
Content-Length: 50
Content-Type: application/json; charset=utf-8
host: localhost:52674
accept: */*

Response DefaultHttpResponse(decodeResult: success, version: HTTP/1.1)
HTTP/1.1 200 OK
Content-Type: application/json; charset=utf-8
cache-control: no-cache
content-length: 14

11:07:59.069 [AsyncHttpClient-1-5] DEBUG org.asynchttpclient.netty.channel.ChannelManager - Adding key: http://localhost:52674 for channel [id: 0x26dd3a45, L:/127.0.0.1:60634 - R:localhost/127.0.0.1:52674]
11:07:59.087 [Forwarding screenshot on session c47a01a74364230aa4a5e374f4eb5e8d to remote] DEBUG org.asynchttpclient.netty.request.NettyRequestSender - Using pooled Channel '[id: 0x26dd3a45, L:/127.0.0.1:60634 - R:localhost/127.0.0.1:52674]' for 'GET' to 'http://localhost:52674/session/c47a01a74364230aa4a5e374f4eb5e8d/screenshot'
11:07:59.088 [Forwarding screenshot on session c47a01a74364230aa4a5e374f4eb5e8d to remote] DEBUG org.asynchttpclient.netty.request.NettyRequestSender - Using open Channel [id: 0x26dd3a45, L:/127.0.0.1:60634 - R:localhost/127.0.0.1:52674] for GET '/session/c47a01a74364230aa4a5e374f4eb5e8d/screenshot'
11:07:59.400 [AsyncHttpClient-1-5] DEBUG org.asynchttpclient.netty.handler.HttpHandler - 

Request DefaultFullHttpRequest(decodeResult: success, version: HTTP/1.1, content: EmptyByteBufBE)
GET /session/c47a01a74364230aa4a5e374f4eb5e8d/screenshot HTTP/1.1
User-Agent: selenium/4.1.2 (java windows)
Cache-Control: no-cache
Content-Type: application/json; charset=utf-8
host: localhost:52674
accept: */*

Response DefaultHttpResponse(decodeResult: success, version: HTTP/1.1)
HTTP/1.1 200 OK
Content-Type: application/json; charset=utf-8
cache-control: no-cache
content-length: 362744

11:07:59.403 [AsyncHttpClient-1-5] DEBUG org.asynchttpclient.netty.channel.ChannelManager - Adding key: http://localhost:52674 for channel [id: 0x26dd3a45, L:/127.0.0.1:60634 - R:localhost/127.0.0.1:52674]
11:07:59.429 [main] DEBUG net.serenitybdd.core.photography.Darkroom - Send negative for processing for target\site\serenity\5bfe2a84988cddecef04ce31b5ca00f5b4ec784d01d0d7f2a19e4a4602caa79f.png
11:07:59.429 [main] DEBUG net.thucydides.core.steps.StepInterceptor - STEP DONE: clickButtonEditDataPasien
  &amp#27;[32mAnd &amp#27;[0m&amp#27;[32mClick button edit profil&amp#27;[0m                                     &amp#27;[90m# starter.stepdefinitios.PatientDataSteps.clickButtonEditProfil()&amp#27;[0m
11:07:59.433 [Darkroom Processing Line] DEBUG net.serenitybdd.core.photography.DarkroomProcessingLine - Processing screenshot image in /var/screenshots/screenshot-3928159135282189327
11:07:59.433 [Darkroom Processing Line] DEBUG net.serenitybdd.core.photography.DarkroomProcessingLine - Saving screenshot to target\site\serenity\5bfe2a84988cddecef04ce31b5ca00f5b4ec784d01d0d7f2a19e4a4602caa79f.png
11:07:59.486 [Forwarding screenshot on session c47a01a74364230aa4a5e374f4eb5e8d to remote] DEBUG org.asynchttpclient.netty.request.NettyRequestSender - Using pooled Channel '[id: 0x26dd3a45, L:/127.0.0.1:60634 - R:localhost/127.0.0.1:52674]' for 'GET' to 'http://localhost:52674/session/c47a01a74364230aa4a5e374f4eb5e8d/screenshot'
11:07:59.486 [Forwarding screenshot on session c47a01a74364230aa4a5e374f4eb5e8d to remote] DEBUG org.asynchttpclient.netty.request.NettyRequestSender - Using open Channel [id: 0x26dd3a45, L:/127.0.0.1:60634 - R:localhost/127.0.0.1:52674] for GET '/session/c47a01a74364230aa4a5e374f4eb5e8d/screenshot'
11:07:59.799 [AsyncHttpClient-1-5] DEBUG org.asynchttpclient.netty.handler.HttpHandler - 

Request DefaultFullHttpRequest(decodeResult: success, version: HTTP/1.1, content: EmptyByteBufBE)
GET /session/c47a01a74364230aa4a5e374f4eb5e8d/screenshot HTTP/1.1
User-Agent: selenium/4.1.2 (java windows)
Cache-Control: no-cache
Content-Type: application/json; charset=utf-8
host: localhost:52674
accept: */*

Response DefaultHttpResponse(decodeResult: success, version: HTTP/1.1)
HTTP/1.1 200 OK
Content-Type: application/json; charset=utf-8
cache-control: no-cache
content-length: 362744

11:07:59.802 [AsyncHttpClient-1-5] DEBUG org.asynchttpclient.netty.channel.ChannelManager - Adding key: http://localhost:52674 for channel [id: 0x26dd3a45, L:/127.0.0.1:60634 - R:localhost/127.0.0.1:52674]
11:07:59.829 [main] DEBUG net.serenitybdd.core.photography.Darkroom - Send negative for processing for target\site\serenity\5bfe2a84988cddecef04ce31b5ca00f5b4ec784d01d0d7f2a19e4a4602caa79f.png
11:07:59.829 [main] DEBUG net.thucydides.core.steps.StepInterceptor - STARTING STEP: DokterDataSteps.cleanAllDataDokter - cleanDataPasien
11:07:59.835 [Forwarding findElement on session c47a01a74364230aa4a5e374f4eb5e8d to remote] DEBUG org.asynchttpclient.netty.request.NettyRequestSender - Using pooled Channel '[id: 0x26dd3a45, L:/127.0.0.1:60634 - R:localhost/127.0.0.1:52674]' for 'POST' to 'http://localhost:52674/session/c47a01a74364230aa4a5e374f4eb5e8d/element'
11:07:59.835 [Forwarding findElement on session c47a01a74364230aa4a5e374f4eb5e8d to remote] DEBUG org.asynchttpclient.netty.request.NettyRequestSender - Using open Channel [id: 0x26dd3a45, L:/127.0.0.1:60634 - R:localhost/127.0.0.1:52674] for POST '/session/c47a01a74364230aa4a5e374f4eb5e8d/element'
11:07:59.879 [AsyncHttpClient-1-5] DEBUG org.asynchttpclient.netty.handler.HttpHandler - 

Request DefaultHttpRequest(decodeResult: success, version: HTTP/1.1)
POST /session/c47a01a74364230aa4a5e374f4eb5e8d/element HTTP/1.1
User-Agent: selenium/4.1.2 (java windows)
Content-Length: 166
Content-Type: application/json; charset=utf-8
host: localhost:52674
accept: */*

Response DefaultHttpResponse(decodeResult: success, version: HTTP/1.1)
HTTP/1.1 200 OK
Content-Type: application/json; charset=utf-8
cache-control: no-cache
content-length: 88

11:07:59.879 [AsyncHttpClient-1-5] DEBUG org.asynchttpclient.netty.channel.ChannelManager - Adding key: http://localhost:52674 for channel [id: 0x26dd3a45, L:/127.0.0.1:60634 - R:localhost/127.0.0.1:52674]
11:07:59.882 [Forwarding clearElement on session c47a01a74364230aa4a5e374f4eb5e8d to remote] DEBUG org.asynchttpclient.netty.request.NettyRequestSender - Using pooled Channel '[id: 0x26dd3a45, L:/127.0.0.1:60634 - R:localhost/127.0.0.1:52674]' for 'POST' to 'http://localhost:52674/session/c47a01a74364230aa4a5e374f4eb5e8d/element/4d02bdba-decc-44fb-808c-54629c9efe44/clear'
11:07:59.882 [Forwarding clearElement on session c47a01a74364230aa4a5e374f4eb5e8d to remote] DEBUG org.asynchttpclient.netty.request.NettyRequestSender - Using open Channel [id: 0x26dd3a45, L:/127.0.0.1:60634 - R:localhost/127.0.0.1:52674] for POST '/session/c47a01a74364230aa4a5e374f4eb5e8d/element/4d02bdba-decc-44fb-808c-54629c9efe44/clear'
11:07:59.921 [AsyncHttpClient-1-1] DEBUG org.asynchttpclient.netty.channel.DefaultChannelPool - Entry count for : http://localhost:60635 : 1
11:08:00.069 [AsyncHttpClient-1-5] DEBUG org.asynchttpclient.netty.handler.HttpHandler - 

Request DefaultHttpRequest(decodeResult: success, version: HTTP/1.1)
POST /session/c47a01a74364230aa4a5e374f4eb5e8d/element/4d02bdba-decc-44fb-808c-54629c9efe44/clear HTTP/1.1
User-Agent: selenium/4.1.2 (java windows)
Content-Length: 50
Content-Type: application/json; charset=utf-8
host: localhost:52674
accept: */*

Response DefaultHttpResponse(decodeResult: success, version: HTTP/1.1)
HTTP/1.1 200 OK
Content-Type: application/json; charset=utf-8
cache-control: no-cache
content-length: 14

11:08:00.069 [AsyncHttpClient-1-5] DEBUG org.asynchttpclient.netty.channel.ChannelManager - Adding key: http://localhost:52674 for channel [id: 0x26dd3a45, L:/127.0.0.1:60634 - R:localhost/127.0.0.1:52674]
11:08:00.079 [Forwarding findElement on session c47a01a74364230aa4a5e374f4eb5e8d to remote] DEBUG org.asynchttpclient.netty.request.NettyRequestSender - Using pooled Channel '[id: 0x26dd3a45, L:/127.0.0.1:60634 - R:localhost/127.0.0.1:52674]' for 'POST' to 'http://localhost:52674/session/c47a01a74364230aa4a5e374f4eb5e8d/element'
11:08:00.079 [Forwarding findElement on session c47a01a74364230aa4a5e374f4eb5e8d to remote] DEBUG org.asynchttpclient.netty.request.NettyRequestSender - Using open Channel [id: 0x26dd3a45, L:/127.0.0.1:60634 - R:localhost/127.0.0.1:52674] for POST '/session/c47a01a74364230aa4a5e374f4eb5e8d/element'
11:08:00.109 [AsyncHttpClient-1-5] DEBUG org.asynchttpclient.netty.handler.HttpHandler - 

Request DefaultHttpRequest(decodeResult: success, version: HTTP/1.1)
POST /session/c47a01a74364230aa4a5e374f4eb5e8d/element HTTP/1.1
User-Agent: selenium/4.1.2 (java windows)
Content-Length: 166
Content-Type: application/json; charset=utf-8
host: localhost:52674
accept: */*

Response DefaultHttpResponse(decodeResult: success, version: HTTP/1.1)
HTTP/1.1 200 OK
Content-Type: application/json; charset=utf-8
cache-control: no-cache
content-length: 88

11:08:00.109 [AsyncHttpClient-1-5] DEBUG org.asynchttpclient.netty.channel.ChannelManager - Adding key: http://localhost:52674 for channel [id: 0x26dd3a45, L:/127.0.0.1:60634 - R:localhost/127.0.0.1:52674]
11:08:00.112 [Forwarding clearElement on session c47a01a74364230aa4a5e374f4eb5e8d to remote] DEBUG org.asynchttpclient.netty.request.NettyRequestSender - Using pooled Channel '[id: 0x26dd3a45, L:/127.0.0.1:60634 - R:localhost/127.0.0.1:52674]' for 'POST' to 'http://localhost:52674/session/c47a01a74364230aa4a5e374f4eb5e8d/element/47cc5301-8fb5-4a36-9ce1-0f67c5fd2245/clear'
11:08:00.113 [Forwarding clearElement on session c47a01a74364230aa4a5e374f4eb5e8d to remote] DEBUG org.asynchttpclient.netty.request.NettyRequestSender - Using open Channel [id: 0x26dd3a45, L:/127.0.0.1:60634 - R:localhost/127.0.0.1:52674] for POST '/session/c47a01a74364230aa4a5e374f4eb5e8d/element/47cc5301-8fb5-4a36-9ce1-0f67c5fd2245/clear'
11:08:00.217 [AsyncHttpClient-1-5] DEBUG org.asynchttpclient.netty.handler.HttpHandler - 

Request DefaultHttpRequest(decodeResult: success, version: HTTP/1.1)
POST /session/c47a01a74364230aa4a5e374f4eb5e8d/element/47cc5301-8fb5-4a36-9ce1-0f67c5fd2245/clear HTTP/1.1
User-Agent: selenium/4.1.2 (java windows)
Content-Length: 50
Content-Type: application/json; charset=utf-8
host: localhost:52674
accept: */*

Response DefaultHttpResponse(decodeResult: success, version: HTTP/1.1)
HTTP/1.1 200 OK
Content-Type: application/json; charset=utf-8
cache-control: no-cache
content-length: 14

11:08:00.218 [AsyncHttpClient-1-5] DEBUG org.asynchttpclient.netty.channel.ChannelManager - Adding key: http://localhost:52674 for channel [id: 0x26dd3a45, L:/127.0.0.1:60634 - R:localhost/127.0.0.1:52674]
11:08:00.226 [Forwarding findElement on session c47a01a74364230aa4a5e374f4eb5e8d to remote] DEBUG org.asynchttpclient.netty.request.NettyRequestSender - Using pooled Channel '[id: 0x26dd3a45, L:/127.0.0.1:60634 - R:localhost/127.0.0.1:52674]' for 'POST' to 'http://localhost:52674/session/c47a01a74364230aa4a5e374f4eb5e8d/element'
11:08:00.226 [Forwarding findElement on session c47a01a74364230aa4a5e374f4eb5e8d to remote] DEBUG org.asynchttpclient.netty.request.NettyRequestSender - Using open Channel [id: 0x26dd3a45, L:/127.0.0.1:60634 - R:localhost/127.0.0.1:52674] for POST '/session/c47a01a74364230aa4a5e374f4eb5e8d/element'
11:08:00.250 [AsyncHttpClient-1-5] DEBUG org.asynchttpclient.netty.handler.HttpHandler - 

Request DefaultHttpRequest(decodeResult: success, version: HTTP/1.1)
POST /session/c47a01a74364230aa4a5e374f4eb5e8d/element HTTP/1.1
User-Agent: selenium/4.1.2 (java windows)
Content-Length: 166
Content-Type: application/json; charset=utf-8
host: localhost:52674
accept: */*

Response DefaultHttpResponse(decodeResult: success, version: HTTP/1.1)
HTTP/1.1 200 OK
Content-Type: application/json; charset=utf-8
cache-control: no-cache
content-length: 88

11:08:00.251 [AsyncHttpClient-1-5] DEBUG org.asynchttpclient.netty.channel.ChannelManager - Adding key: http://localhost:52674 for channel [id: 0x26dd3a45, L:/127.0.0.1:60634 - R:localhost/127.0.0.1:52674]
11:08:00.253 [Forwarding clearElement on session c47a01a74364230aa4a5e374f4eb5e8d to remote] DEBUG org.asynchttpclient.netty.request.NettyRequestSender - Using pooled Channel '[id: 0x26dd3a45, L:/127.0.0.1:60634 - R:localhost/127.0.0.1:52674]' for 'POST' to 'http://localhost:52674/session/c47a01a74364230aa4a5e374f4eb5e8d/element/b09d8144-9d2e-4bc7-abdd-9c347933f345/clear'
11:08:00.254 [Forwarding clearElement on session c47a01a74364230aa4a5e374f4eb5e8d to remote] DEBUG org.asynchttpclient.netty.request.NettyRequestSender - Using open Channel [id: 0x26dd3a45, L:/127.0.0.1:60634 - R:localhost/127.0.0.1:52674] for POST '/session/c47a01a74364230aa4a5e374f4eb5e8d/element/b09d8144-9d2e-4bc7-abdd-9c347933f345/clear'
11:08:00.347 [AsyncHttpClient-1-5] DEBUG org.asynchttpclient.netty.handler.HttpHandler - 

Request DefaultHttpRequest(decodeResult: success, version: HTTP/1.1)
POST /session/c47a01a74364230aa4a5e374f4eb5e8d/element/b09d8144-9d2e-4bc7-abdd-9c347933f345/clear HTTP/1.1
User-Agent: selenium/4.1.2 (java windows)
Content-Length: 50
Content-Type: application/json; charset=utf-8
host: localhost:52674
accept: */*

Response DefaultHttpResponse(decodeResult: success, version: HTTP/1.1)
HTTP/1.1 200 OK
Content-Type: application/json; charset=utf-8
cache-control: no-cache
content-length: 14

11:08:00.348 [AsyncHttpClient-1-5] DEBUG org.asynchttpclient.netty.channel.ChannelManager - Adding key: http://localhost:52674 for channel [id: 0x26dd3a45, L:/127.0.0.1:60634 - R:localhost/127.0.0.1:52674]
11:08:00.354 [Forwarding findElement on session c47a01a74364230aa4a5e374f4eb5e8d to remote] DEBUG org.asynchttpclient.netty.request.NettyRequestSender - Using pooled Channel '[id: 0x26dd3a45, L:/127.0.0.1:60634 - R:localhost/127.0.0.1:52674]' for 'POST' to 'http://localhost:52674/session/c47a01a74364230aa4a5e374f4eb5e8d/element'
11:08:00.354 [Forwarding findElement on session c47a01a74364230aa4a5e374f4eb5e8d to remote] DEBUG org.asynchttpclient.netty.request.NettyRequestSender - Using open Channel [id: 0x26dd3a45, L:/127.0.0.1:60634 - R:localhost/127.0.0.1:52674] for POST '/session/c47a01a74364230aa4a5e374f4eb5e8d/element'
11:08:00.381 [AsyncHttpClient-1-5] DEBUG org.asynchttpclient.netty.handler.HttpHandler - 

Request DefaultHttpRequest(decodeResult: success, version: HTTP/1.1)
POST /session/c47a01a74364230aa4a5e374f4eb5e8d/element HTTP/1.1
User-Agent: selenium/4.1.2 (java windows)
Content-Length: 166
Content-Type: application/json; charset=utf-8
host: localhost:52674
accept: */*

Response DefaultHttpResponse(decodeResult: success, version: HTTP/1.1)
HTTP/1.1 200 OK
Content-Type: application/json; charset=utf-8
cache-control: no-cache
content-length: 88

11:08:00.381 [AsyncHttpClient-1-5] DEBUG org.asynchttpclient.netty.channel.ChannelManager - Adding key: http://localhost:52674 for channel [id: 0x26dd3a45, L:/127.0.0.1:60634 - R:localhost/127.0.0.1:52674]
11:08:00.384 [Forwarding clearElement on session c47a01a74364230aa4a5e374f4eb5e8d to remote] DEBUG org.asynchttpclient.netty.request.NettyRequestSender - Using pooled Channel '[id: 0x26dd3a45, L:/127.0.0.1:60634 - R:localhost/127.0.0.1:52674]' for 'POST' to 'http://localhost:52674/session/c47a01a74364230aa4a5e374f4eb5e8d/element/de3d42eb-3d8c-423b-ad34-e0eff5437b5e/clear'
11:08:00.384 [Forwarding clearElement on session c47a01a74364230aa4a5e374f4eb5e8d to remote] DEBUG org.asynchttpclient.netty.request.NettyRequestSender - Using open Channel [id: 0x26dd3a45, L:/127.0.0.1:60634 - R:localhost/127.0.0.1:52674] for POST '/session/c47a01a74364230aa4a5e374f4eb5e8d/element/de3d42eb-3d8c-423b-ad34-e0eff5437b5e/clear'
11:08:00.480 [AsyncHttpClient-1-5] DEBUG org.asynchttpclient.netty.handler.HttpHandler - 

Request DefaultHttpRequest(decodeResult: success, version: HTTP/1.1)
POST /session/c47a01a74364230aa4a5e374f4eb5e8d/element/de3d42eb-3d8c-423b-ad34-e0eff5437b5e/clear HTTP/1.1
User-Agent: selenium/4.1.2 (java windows)
Content-Length: 50
Content-Type: application/json; charset=utf-8
host: localhost:52674
accept: */*

Response DefaultHttpResponse(decodeResult: success, version: HTTP/1.1)
HTTP/1.1 200 OK
Content-Type: application/json; charset=utf-8
cache-control: no-cache
content-length: 14

11:08:00.481 [AsyncHttpClient-1-5] DEBUG org.asynchttpclient.netty.channel.ChannelManager - Adding key: http://localhost:52674 for channel [id: 0x26dd3a45, L:/127.0.0.1:60634 - R:localhost/127.0.0.1:52674]
11:08:00.487 [Forwarding findElement on session c47a01a74364230aa4a5e374f4eb5e8d to remote] DEBUG org.asynchttpclient.netty.request.NettyRequestSender - Using pooled Channel '[id: 0x26dd3a45, L:/127.0.0.1:60634 - R:localhost/127.0.0.1:52674]' for 'POST' to 'http://localhost:52674/session/c47a01a74364230aa4a5e374f4eb5e8d/element'
11:08:00.487 [Forwarding findElement on session c47a01a74364230aa4a5e374f4eb5e8d to remote] DEBUG org.asynchttpclient.netty.request.NettyRequestSender - Using open Channel [id: 0x26dd3a45, L:/127.0.0.1:60634 - R:localhost/127.0.0.1:52674] for POST '/session/c47a01a74364230aa4a5e374f4eb5e8d/element'
11:08:00.514 [AsyncHttpClient-1-5] DEBUG org.asynchttpclient.netty.handler.HttpHandler - 

Request DefaultHttpRequest(decodeResult: success, version: HTTP/1.1)
POST /session/c47a01a74364230aa4a5e374f4eb5e8d/element HTTP/1.1
User-Agent: selenium/4.1.2 (java windows)
Content-Length: 166
Content-Type: application/json; charset=utf-8
host: localhost:52674
accept: */*

Response DefaultHttpResponse(decodeResult: success, version: HTTP/1.1)
HTTP/1.1 200 OK
Content-Type: application/json; charset=utf-8
cache-control: no-cache
content-length: 88

11:08:00.514 [AsyncHttpClient-1-5] DEBUG org.asynchttpclient.netty.channel.ChannelManager - Adding key: http://localhost:52674 for channel [id: 0x26dd3a45, L:/127.0.0.1:60634 - R:localhost/127.0.0.1:52674]
11:08:00.517 [Forwarding clearElement on session c47a01a74364230aa4a5e374f4eb5e8d to remote] DEBUG org.asynchttpclient.netty.request.NettyRequestSender - Using pooled Channel '[id: 0x26dd3a45, L:/127.0.0.1:60634 - R:localhost/127.0.0.1:52674]' for 'POST' to 'http://localhost:52674/session/c47a01a74364230aa4a5e374f4eb5e8d/element/c78f7f81-c736-4046-8b7a-7b4c9a91c835/clear'
11:08:00.518 [Forwarding clearElement on session c47a01a74364230aa4a5e374f4eb5e8d to remote] DEBUG org.asynchttpclient.netty.request.NettyRequestSender - Using open Channel [id: 0x26dd3a45, L:/127.0.0.1:60634 - R:localhost/127.0.0.1:52674] for POST '/session/c47a01a74364230aa4a5e374f4eb5e8d/element/c78f7f81-c736-4046-8b7a-7b4c9a91c835/clear'
11:08:00.626 [AsyncHttpClient-1-5] DEBUG org.asynchttpclient.netty.handler.HttpHandler - 

Request DefaultHttpRequest(decodeResult: success, version: HTTP/1.1)
POST /session/c47a01a74364230aa4a5e374f4eb5e8d/element/c78f7f81-c736-4046-8b7a-7b4c9a91c835/clear HTTP/1.1
User-Agent: selenium/4.1.2 (java windows)
Content-Length: 50
Content-Type: application/json; charset=utf-8
host: localhost:52674
accept: */*

Response DefaultHttpResponse(decodeResult: success, version: HTTP/1.1)
HTTP/1.1 200 OK
Content-Type: application/json; charset=utf-8
cache-control: no-cache
content-length: 14

11:08:00.627 [AsyncHttpClient-1-5] DEBUG org.asynchttpclient.netty.channel.ChannelManager - Adding key: http://localhost:52674 for channel [id: 0x26dd3a45, L:/127.0.0.1:60634 - R:localhost/127.0.0.1:52674]
11:08:00.642 [Forwarding screenshot on session c47a01a74364230aa4a5e374f4eb5e8d to remote] DEBUG org.asynchttpclient.netty.request.NettyRequestSender - Using pooled Channel '[id: 0x26dd3a45, L:/127.0.0.1:60634 - R:localhost/127.0.0.1:52674]' for 'GET' to 'http://localhost:52674/session/c47a01a74364230aa4a5e374f4eb5e8d/screenshot'
11:08:00.642 [Forwarding screenshot on session c47a01a74364230aa4a5e374f4eb5e8d to remote] DEBUG org.asynchttpclient.netty.request.NettyRequestSender - Using open Channel [id: 0x26dd3a45, L:/127.0.0.1:60634 - R:localhost/127.0.0.1:52674] for GET '/session/c47a01a74364230aa4a5e374f4eb5e8d/screenshot'
11:08:01.010 [AsyncHttpClient-1-5] DEBUG org.asynchttpclient.netty.handler.HttpHandler - 

Request DefaultFullHttpRequest(decodeResult: success, version: HTTP/1.1, content: EmptyByteBufBE)
GET /session/c47a01a74364230aa4a5e374f4eb5e8d/screenshot HTTP/1.1
User-Agent: selenium/4.1.2 (java windows)
Cache-Control: no-cache
Content-Type: application/json; charset=utf-8
host: localhost:52674
accept: */*

Response DefaultHttpResponse(decodeResult: success, version: HTTP/1.1)
HTTP/1.1 200 OK
Content-Type: application/json; charset=utf-8
cache-control: no-cache
content-length: 349740

11:08:01.013 [AsyncHttpClient-1-5] DEBUG org.asynchttpclient.netty.channel.ChannelManager - Adding key: http://localhost:52674 for channel [id: 0x26dd3a45, L:/127.0.0.1:60634 - R:localhost/127.0.0.1:52674]
11:08:01.047 [main] DEBUG net.serenitybdd.core.photography.Darkroom - Send negative for processing for target\site\serenity\88abc64f8415a7e11267491fc5c954f910ec97d832426eafc43255b9c6eb4946.png
11:08:01.047 [main] DEBUG net.thucydides.core.steps.StepInterceptor - STEP DONE: cleanDataPasien
  &amp#27;[32mAnd &amp#27;[0m&amp#27;[32mClean all data dokter&amp#27;[0m                                        &amp#27;[90m# starter.stepdefinitios.DokterDataSteps.cleanAllDataDokter()&amp#27;[0m
11:08:01.050 [AsyncHttpClient-1-1] DEBUG org.asynchttpclient.netty.channel.DefaultChannelPool - Entry count for : http://localhost:52674 : 1
11:08:01.050 [AsyncHttpClient-1-1] DEBUG org.asynchttpclient.netty.channel.DefaultChannelPool - Entry count for : http://localhost:60635 : 1
11:08:01.152 [Forwarding screenshot on session c47a01a74364230aa4a5e374f4eb5e8d to remote] DEBUG org.asynchttpclient.netty.request.NettyRequestSender - Using pooled Channel '[id: 0x26dd3a45, L:/127.0.0.1:60634 - R:localhost/127.0.0.1:52674]' for 'GET' to 'http://localhost:52674/session/c47a01a74364230aa4a5e374f4eb5e8d/screenshot'
11:08:01.152 [Forwarding screenshot on session c47a01a74364230aa4a5e374f4eb5e8d to remote] DEBUG org.asynchttpclient.netty.request.NettyRequestSender - Using open Channel [id: 0x26dd3a45, L:/127.0.0.1:60634 - R:localhost/127.0.0.1:52674] for GET '/session/c47a01a74364230aa4a5e374f4eb5e8d/screenshot'
11:08:01.617 [AsyncHttpClient-1-5] DEBUG org.asynchttpclient.netty.handler.HttpHandler - 

Request DefaultFullHttpRequest(decodeResult: success, version: HTTP/1.1, content: EmptyByteBufBE)
GET /session/c47a01a74364230aa4a5e374f4eb5e8d/screenshot HTTP/1.1
User-Agent: selenium/4.1.2 (java windows)
Cache-Control: no-cache
Content-Type: application/json; charset=utf-8
host: localhost:52674
accept: */*

Response DefaultHttpResponse(decodeResult: success, version: HTTP/1.1)
HTTP/1.1 200 OK
Content-Type: application/json; charset=utf-8
cache-control: no-cache
content-length: 349740

11:08:01.619 [AsyncHttpClient-1-5] DEBUG org.asynchttpclient.netty.channel.ChannelManager - Adding key: http://localhost:52674 for channel [id: 0x26dd3a45, L:/127.0.0.1:60634 - R:localhost/127.0.0.1:52674]
11:08:01.646 [main] DEBUG net.serenitybdd.core.photography.Darkroom - Send negative for processing for target\site\serenity\88abc64f8415a7e11267491fc5c954f910ec97d832426eafc43255b9c6eb4946.png
11:08:01.647 [main] DEBUG net.thucydides.core.steps.StepInterceptor - STARTING STEP: DokterDataSteps.iInputDokter - inputDataPasien
11:08:01.652 [Forwarding findElement on session c47a01a74364230aa4a5e374f4eb5e8d to remote] DEBUG org.asynchttpclient.netty.request.NettyRequestSender - Using pooled Channel '[id: 0x26dd3a45, L:/127.0.0.1:60634 - R:localhost/127.0.0.1:52674]' for 'POST' to 'http://localhost:52674/session/c47a01a74364230aa4a5e374f4eb5e8d/element'
11:08:01.652 [Forwarding findElement on session c47a01a74364230aa4a5e374f4eb5e8d to remote] DEBUG org.asynchttpclient.netty.request.NettyRequestSender - Using open Channel [id: 0x26dd3a45, L:/127.0.0.1:60634 - R:localhost/127.0.0.1:52674] for POST '/session/c47a01a74364230aa4a5e374f4eb5e8d/element'
11:08:01.685 [AsyncHttpClient-1-5] DEBUG org.asynchttpclient.netty.handler.HttpHandler - 

Request DefaultHttpRequest(decodeResult: success, version: HTTP/1.1)
POST /session/c47a01a74364230aa4a5e374f4eb5e8d/element HTTP/1.1
User-Agent: selenium/4.1.2 (java windows)
Content-Length: 166
Content-Type: application/json; charset=utf-8
host: localhost:52674
accept: */*

Response DefaultHttpResponse(decodeResult: success, version: HTTP/1.1)
HTTP/1.1 200 OK
Content-Type: application/json; charset=utf-8
cache-control: no-cache
content-length: 88

11:08:01.686 [AsyncHttpClient-1-5] DEBUG org.asynchttpclient.netty.channel.ChannelManager - Adding key: http://localhost:52674 for channel [id: 0x26dd3a45, L:/127.0.0.1:60634 - R:localhost/127.0.0.1:52674]
11:08:01.689 [Forwarding sendKeysToElement on session c47a01a74364230aa4a5e374f4eb5e8d to remote] DEBUG org.asynchttpclient.netty.request.NettyRequestSender - Using pooled Channel '[id: 0x26dd3a45, L:/127.0.0.1:60634 - R:localhost/127.0.0.1:52674]' for 'POST' to 'http://localhost:52674/session/c47a01a74364230aa4a5e374f4eb5e8d/element/4d02bdba-decc-44fb-808c-54629c9efe44/value'
11:08:01.690 [Forwarding sendKeysToElement on session c47a01a74364230aa4a5e374f4eb5e8d to remote] DEBUG org.asynchttpclient.netty.request.NettyRequestSender - Using open Channel [id: 0x26dd3a45, L:/127.0.0.1:60634 - R:localhost/127.0.0.1:52674] for POST '/session/c47a01a74364230aa4a5e374f4eb5e8d/element/4d02bdba-decc-44fb-808c-54629c9efe44/value'
11:08:01.832 [AsyncHttpClient-1-5] DEBUG org.asynchttpclient.netty.handler.HttpHandler - 

Request DefaultHttpRequest(decodeResult: success, version: HTTP/1.1)
POST /session/c47a01a74364230aa4a5e374f4eb5e8d/element/4d02bdba-decc-44fb-808c-54629c9efe44/value HTTP/1.1
User-Agent: selenium/4.1.2 (java windows)
Content-Length: 82
Content-Type: application/json; charset=utf-8
host: localhost:52674
accept: */*

Response DefaultHttpResponse(decodeResult: success, version: HTTP/1.1)
HTTP/1.1 200 OK
Content-Type: application/json; charset=utf-8
cache-control: no-cache
content-length: 14

11:08:01.832 [AsyncHttpClient-1-5] DEBUG org.asynchttpclient.netty.channel.ChannelManager - Adding key: http://localhost:52674 for channel [id: 0x26dd3a45, L:/127.0.0.1:60634 - R:localhost/127.0.0.1:52674]
11:08:01.839 [Forwarding findElement on session c47a01a74364230aa4a5e374f4eb5e8d to remote] DEBUG org.asynchttpclient.netty.request.NettyRequestSender - Using pooled Channel '[id: 0x26dd3a45, L:/127.0.0.1:60634 - R:localhost/127.0.0.1:52674]' for 'POST' to 'http://localhost:52674/session/c47a01a74364230aa4a5e374f4eb5e8d/element'
11:08:01.840 [Forwarding findElement on session c47a01a74364230aa4a5e374f4eb5e8d to remote] DEBUG org.asynchttpclient.netty.request.NettyRequestSender - Using open Channel [id: 0x26dd3a45, L:/127.0.0.1:60634 - R:localhost/127.0.0.1:52674] for POST '/session/c47a01a74364230aa4a5e374f4eb5e8d/element'
11:08:01.867 [AsyncHttpClient-1-5] DEBUG org.asynchttpclient.netty.handler.HttpHandler - 

Request DefaultHttpRequest(decodeResult: success, version: HTTP/1.1)
POST /session/c47a01a74364230aa4a5e374f4eb5e8d/element HTTP/1.1
User-Agent: selenium/4.1.2 (java windows)
Content-Length: 166
Content-Type: application/json; charset=utf-8
host: localhost:52674
accept: */*

Response DefaultHttpResponse(decodeResult: success, version: HTTP/1.1)
HTTP/1.1 200 OK
Content-Type: application/json; charset=utf-8
cache-control: no-cache
content-length: 88

11:08:01.868 [AsyncHttpClient-1-5] DEBUG org.asynchttpclient.netty.channel.ChannelManager - Adding key: http://localhost:52674 for channel [id: 0x26dd3a45, L:/127.0.0.1:60634 - R:localhost/127.0.0.1:52674]
11:08:01.872 [Forwarding sendKeysToElement on session c47a01a74364230aa4a5e374f4eb5e8d to remote] DEBUG org.asynchttpclient.netty.request.NettyRequestSender - Using pooled Channel '[id: 0x26dd3a45, L:/127.0.0.1:60634 - R:localhost/127.0.0.1:52674]' for 'POST' to 'http://localhost:52674/session/c47a01a74364230aa4a5e374f4eb5e8d/element/47cc5301-8fb5-4a36-9ce1-0f67c5fd2245/value'
11:08:01.873 [Forwarding sendKeysToElement on session c47a01a74364230aa4a5e374f4eb5e8d to remote] DEBUG org.asynchttpclient.netty.request.NettyRequestSender - Using open Channel [id: 0x26dd3a45, L:/127.0.0.1:60634 - R:localhost/127.0.0.1:52674] for POST '/session/c47a01a74364230aa4a5e374f4eb5e8d/element/47cc5301-8fb5-4a36-9ce1-0f67c5fd2245/value'
11:08:02.126 [AsyncHttpClient-1-1] DEBUG org.asynchttpclient.netty.channel.DefaultChannelPool - Entry count for : http://localhost:60635 : 1
11:08:02.231 [AsyncHttpClient-1-5] DEBUG org.asynchttpclient.netty.handler.HttpHandler - 

Request DefaultHttpRequest(decodeResult: success, version: HTTP/1.1)
POST /session/c47a01a74364230aa4a5e374f4eb5e8d/element/47cc5301-8fb5-4a36-9ce1-0f67c5fd2245/value HTTP/1.1
User-Agent: selenium/4.1.2 (java windows)
Content-Length: 131
Content-Type: application/json; charset=utf-8
host: localhost:52674
accept: */*

Response DefaultHttpResponse(decodeResult: success, version: HTTP/1.1)
HTTP/1.1 200 OK
Content-Type: application/json; charset=utf-8
cache-control: no-cache
content-length: 14

11:08:02.231 [AsyncHttpClient-1-5] DEBUG org.asynchttpclient.netty.channel.ChannelManager - Adding key: http://localhost:52674 for channel [id: 0x26dd3a45, L:/127.0.0.1:60634 - R:localhost/127.0.0.1:52674]
11:08:02.236 [Forwarding findElement on session c47a01a74364230aa4a5e374f4eb5e8d to remote] DEBUG org.asynchttpclient.netty.request.NettyRequestSender - Using pooled Channel '[id: 0x26dd3a45, L:/127.0.0.1:60634 - R:localhost/127.0.0.1:52674]' for 'POST' to 'http://localhost:52674/session/c47a01a74364230aa4a5e374f4eb5e8d/element'
11:08:02.236 [Forwarding findElement on session c47a01a74364230aa4a5e374f4eb5e8d to remote] DEBUG org.asynchttpclient.netty.request.NettyRequestSender - Using open Channel [id: 0x26dd3a45, L:/127.0.0.1:60634 - R:localhost/127.0.0.1:52674] for POST '/session/c47a01a74364230aa4a5e374f4eb5e8d/element'
11:08:02.251 [AsyncHttpClient-1-5] DEBUG org.asynchttpclient.netty.handler.HttpHandler - 

Request DefaultHttpRequest(decodeResult: success, version: HTTP/1.1)
POST /session/c47a01a74364230aa4a5e374f4eb5e8d/element HTTP/1.1
User-Agent: selenium/4.1.2 (java windows)
Content-Length: 166
Content-Type: application/json; charset=utf-8
host: localhost:52674
accept: */*

Response DefaultHttpResponse(decodeResult: success, version: HTTP/1.1)
HTTP/1.1 200 OK
Content-Type: application/json; charset=utf-8
cache-control: no-cache
content-length: 88

11:08:02.251 [AsyncHttpClient-1-5] DEBUG org.asynchttpclient.netty.channel.ChannelManager - Adding key: http://localhost:52674 for channel [id: 0x26dd3a45, L:/127.0.0.1:60634 - R:localhost/127.0.0.1:52674]
11:08:02.254 [Forwarding sendKeysToElement on session c47a01a74364230aa4a5e374f4eb5e8d to remote] DEBUG org.asynchttpclient.netty.request.NettyRequestSender - Using pooled Channel '[id: 0x26dd3a45, L:/127.0.0.1:60634 - R:localhost/127.0.0.1:52674]' for 'POST' to 'http://localhost:52674/session/c47a01a74364230aa4a5e374f4eb5e8d/element/b09d8144-9d2e-4bc7-abdd-9c347933f345/value'
11:08:02.254 [Forwarding sendKeysToElement on session c47a01a74364230aa4a5e374f4eb5e8d to remote] DEBUG org.asynchttpclient.netty.request.NettyRequestSender - Using open Channel [id: 0x26dd3a45, L:/127.0.0.1:60634 - R:localhost/127.0.0.1:52674] for POST '/session/c47a01a74364230aa4a5e374f4eb5e8d/element/b09d8144-9d2e-4bc7-abdd-9c347933f345/value'
11:08:02.510 [AsyncHttpClient-1-5] DEBUG org.asynchttpclient.netty.handler.HttpHandler - 

Request DefaultHttpRequest(decodeResult: success, version: HTTP/1.1)
POST /session/c47a01a74364230aa4a5e374f4eb5e8d/element/b09d8144-9d2e-4bc7-abdd-9c347933f345/value HTTP/1.1
User-Agent: selenium/4.1.2 (java windows)
Content-Length: 131
Content-Type: application/json; charset=utf-8
host: localhost:52674
accept: */*

Response DefaultHttpResponse(decodeResult: success, version: HTTP/1.1)
HTTP/1.1 200 OK
Content-Type: application/json; charset=utf-8
cache-control: no-cache
content-length: 14

11:08:02.510 [AsyncHttpClient-1-5] DEBUG org.asynchttpclient.netty.channel.ChannelManager - Adding key: http://localhost:52674 for channel [id: 0x26dd3a45, L:/127.0.0.1:60634 - R:localhost/127.0.0.1:52674]
11:08:02.514 [Forwarding findElement on session c47a01a74364230aa4a5e374f4eb5e8d to remote] DEBUG org.asynchttpclient.netty.request.NettyRequestSender - Using pooled Channel '[id: 0x26dd3a45, L:/127.0.0.1:60634 - R:localhost/127.0.0.1:52674]' for 'POST' to 'http://localhost:52674/session/c47a01a74364230aa4a5e374f4eb5e8d/element'
11:08:02.515 [Forwarding findElement on session c47a01a74364230aa4a5e374f4eb5e8d to remote] DEBUG org.asynchttpclient.netty.request.NettyRequestSender - Using open Channel [id: 0x26dd3a45, L:/127.0.0.1:60634 - R:localhost/127.0.0.1:52674] for POST '/session/c47a01a74364230aa4a5e374f4eb5e8d/element'
11:08:02.533 [AsyncHttpClient-1-5] DEBUG org.asynchttpclient.netty.handler.HttpHandler - 

Request DefaultHttpRequest(decodeResult: success, version: HTTP/1.1)
POST /session/c47a01a74364230aa4a5e374f4eb5e8d/element HTTP/1.1
User-Agent: selenium/4.1.2 (java windows)
Content-Length: 166
Content-Type: application/json; charset=utf-8
host: localhost:52674
accept: */*

Response DefaultHttpResponse(decodeResult: success, version: HTTP/1.1)
HTTP/1.1 200 OK
Content-Type: application/json; charset=utf-8
cache-control: no-cache
content-length: 88

11:08:02.533 [AsyncHttpClient-1-5] DEBUG org.asynchttpclient.netty.channel.ChannelManager - Adding key: http://localhost:52674 for channel [id: 0x26dd3a45, L:/127.0.0.1:60634 - R:localhost/127.0.0.1:52674]
11:08:02.537 [Forwarding sendKeysToElement on session c47a01a74364230aa4a5e374f4eb5e8d to remote] DEBUG org.asynchttpclient.netty.request.NettyRequestSender - Using pooled Channel '[id: 0x26dd3a45, L:/127.0.0.1:60634 - R:localhost/127.0.0.1:52674]' for 'POST' to 'http://localhost:52674/session/c47a01a74364230aa4a5e374f4eb5e8d/element/de3d42eb-3d8c-423b-ad34-e0eff5437b5e/value'
11:08:02.537 [Forwarding sendKeysToElement on session c47a01a74364230aa4a5e374f4eb5e8d to remote] DEBUG org.asynchttpclient.netty.request.NettyRequestSender - Using open Channel [id: 0x26dd3a45, L:/127.0.0.1:60634 - R:localhost/127.0.0.1:52674] for POST '/session/c47a01a74364230aa4a5e374f4eb5e8d/element/de3d42eb-3d8c-423b-ad34-e0eff5437b5e/value'
11:08:03.067 [AsyncHttpClient-1-5] DEBUG org.asynchttpclient.netty.handler.HttpHandler - 

Request DefaultHttpRequest(decodeResult: success, version: HTTP/1.1)
POST /session/c47a01a74364230aa4a5e374f4eb5e8d/element/de3d42eb-3d8c-423b-ad34-e0eff5437b5e/value HTTP/1.1
User-Agent: selenium/4.1.2 (java windows)
Content-Length: 181
Content-Type: application/json; charset=utf-8
host: localhost:52674
accept: */*

Response DefaultHttpResponse(decodeResult: success, version: HTTP/1.1)
HTTP/1.1 200 OK
Content-Type: application/json; charset=utf-8
cache-control: no-cache
content-length: 14

11:08:03.067 [AsyncHttpClient-1-5] DEBUG org.asynchttpclient.netty.channel.ChannelManager - Adding key: http://localhost:52674 for channel [id: 0x26dd3a45, L:/127.0.0.1:60634 - R:localhost/127.0.0.1:52674]
11:08:03.075 [Forwarding findElement on session c47a01a74364230aa4a5e374f4eb5e8d to remote] DEBUG org.asynchttpclient.netty.request.NettyRequestSender - Using pooled Channel '[id: 0x26dd3a45, L:/127.0.0.1:60634 - R:localhost/127.0.0.1:52674]' for 'POST' to 'http://localhost:52674/session/c47a01a74364230aa4a5e374f4eb5e8d/element'
11:08:03.075 [Forwarding findElement on session c47a01a74364230aa4a5e374f4eb5e8d to remote] DEBUG org.asynchttpclient.netty.request.NettyRequestSender - Using open Channel [id: 0x26dd3a45, L:/127.0.0.1:60634 - R:localhost/127.0.0.1:52674] for POST '/session/c47a01a74364230aa4a5e374f4eb5e8d/element'
11:08:03.091 [AsyncHttpClient-1-5] DEBUG org.asynchttpclient.netty.handler.HttpHandler - 

Request DefaultHttpRequest(decodeResult: success, version: HTTP/1.1)
POST /session/c47a01a74364230aa4a5e374f4eb5e8d/element HTTP/1.1
User-Agent: selenium/4.1.2 (java windows)
Content-Length: 166
Content-Type: application/json; charset=utf-8
host: localhost:52674
accept: */*

Response DefaultHttpResponse(decodeResult: success, version: HTTP/1.1)
HTTP/1.1 200 OK
Content-Type: application/json; charset=utf-8
cache-control: no-cache
content-length: 88

11:08:03.091 [AsyncHttpClient-1-5] DEBUG org.asynchttpclient.netty.channel.ChannelManager - Adding key: http://localhost:52674 for channel [id: 0x26dd3a45, L:/127.0.0.1:60634 - R:localhost/127.0.0.1:52674]
11:08:03.094 [Forwarding sendKeysToElement on session c47a01a74364230aa4a5e374f4eb5e8d to remote] DEBUG org.asynchttpclient.netty.request.NettyRequestSender - Using pooled Channel '[id: 0x26dd3a45, L:/127.0.0.1:60634 - R:localhost/127.0.0.1:52674]' for 'POST' to 'http://localhost:52674/session/c47a01a74364230aa4a5e374f4eb5e8d/element/c78f7f81-c736-4046-8b7a-7b4c9a91c835/value'
11:08:03.094 [Forwarding sendKeysToElement on session c47a01a74364230aa4a5e374f4eb5e8d to remote] DEBUG org.asynchttpclient.netty.request.NettyRequestSender - Using open Channel [id: 0x26dd3a45, L:/127.0.0.1:60634 - R:localhost/127.0.0.1:52674] for POST '/session/c47a01a74364230aa4a5e374f4eb5e8d/element/c78f7f81-c736-4046-8b7a-7b4c9a91c835/value'
11:08:03.226 [AsyncHttpClient-1-1] DEBUG org.asynchttpclient.netty.channel.DefaultChannelPool - Entry count for : http://localhost:60635 : 1
11:08:03.445 [AsyncHttpClient-1-5] DEBUG org.asynchttpclient.netty.handler.HttpHandler - 

Request DefaultHttpRequest(decodeResult: success, version: HTTP/1.1)
POST /session/c47a01a74364230aa4a5e374f4eb5e8d/element/c78f7f81-c736-4046-8b7a-7b4c9a91c835/value HTTP/1.1
User-Agent: selenium/4.1.2 (java windows)
Content-Length: 181
Content-Type: application/json; charset=utf-8
host: localhost:52674
accept: */*

Response DefaultHttpResponse(decodeResult: success, version: HTTP/1.1)
HTTP/1.1 200 OK
Content-Type: application/json; charset=utf-8
cache-control: no-cache
content-length: 14

11:08:03.445 [AsyncHttpClient-1-5] DEBUG org.asynchttpclient.netty.channel.ChannelManager - Adding key: http://localhost:52674 for channel [id: 0x26dd3a45, L:/127.0.0.1:60634 - R:localhost/127.0.0.1:52674]
11:08:03.457 [Forwarding screenshot on session c47a01a74364230aa4a5e374f4eb5e8d to remote] DEBUG org.asynchttpclient.netty.request.NettyRequestSender - Using pooled Channel '[id: 0x26dd3a45, L:/127.0.0.1:60634 - R:localhost/127.0.0.1:52674]' for 'GET' to 'http://localhost:52674/session/c47a01a74364230aa4a5e374f4eb5e8d/screenshot'
11:08:03.457 [Forwarding screenshot on session c47a01a74364230aa4a5e374f4eb5e8d to remote] DEBUG org.asynchttpclient.netty.request.NettyRequestSender - Using open Channel [id: 0x26dd3a45, L:/127.0.0.1:60634 - R:localhost/127.0.0.1:52674] for GET '/session/c47a01a74364230aa4a5e374f4eb5e8d/screenshot'
11:08:03.774 [AsyncHttpClient-1-5] DEBUG org.asynchttpclient.netty.handler.HttpHandler - 

Request DefaultFullHttpRequest(decodeResult: success, version: HTTP/1.1, content: EmptyByteBufBE)
GET /session/c47a01a74364230aa4a5e374f4eb5e8d/screenshot HTTP/1.1
User-Agent: selenium/4.1.2 (java windows)
Cache-Control: no-cache
Content-Type: application/json; charset=utf-8
host: localhost:52674
accept: */*

Response DefaultHttpResponse(decodeResult: success, version: HTTP/1.1)
HTTP/1.1 200 OK
Content-Type: application/json; charset=utf-8
cache-control: no-cache
content-length: 364644

11:08:03.780 [AsyncHttpClient-1-5] DEBUG org.asynchttpclient.netty.channel.ChannelManager - Adding key: http://localhost:52674 for channel [id: 0x26dd3a45, L:/127.0.0.1:60634 - R:localhost/127.0.0.1:52674]
11:08:03.806 [main] DEBUG net.serenitybdd.core.photography.Darkroom - Send negative for processing for target\site\serenity\22a47abeff7636c8357433313610d3b8cb7196cfdf476618388aa80b0eb3edf2.png
11:08:03.806 [main] DEBUG net.thucydides.core.steps.StepInterceptor - STEP DONE: inputDataPasien
  &amp#27;[32mThen &amp#27;[0m&amp#27;[32mI input &amp#27;[0m&amp#27;[32m&amp#27;[1m""&amp#27;[0m&amp#27;[32m &amp#27;[0m&amp#27;[32m&amp#27;[1m"12344"&amp#27;[0m&amp#27;[32m &amp#27;[0m&amp#27;[32m&amp#27;[1m"Bedah"&amp#27;[0m&amp#27;[32m &amp#27;[0m&amp#27;[32m&amp#27;[1m"BagasBedah"&amp#27;[0m&amp#27;[32m &amp#27;[0m&amp#27;[32m&amp#27;[1m"BagasBedah"&amp#27;[0m&amp#27;[32m dokter&amp#27;[0m &amp#27;[90m# starter.stepdefinitios.DokterDataSteps.iInputDokter(java.lang.String,java.lang.String,java.lang.String,java.lang.String,java.lang.String)&amp#27;[0m
11:08:03.807 [Darkroom Processing Line] DEBUG net.serenitybdd.core.photography.DarkroomProcessingLine - Processing screenshot image in /var/screenshots/screenshot-79497466483350129
11:08:03.808 [Darkroom Processing Line] DEBUG net.serenitybdd.core.photography.DarkroomProcessingLine - Saving screenshot to target\site\serenity\22a47abeff7636c8357433313610d3b8cb7196cfdf476618388aa80b0eb3edf2.png
11:08:03.865 [Forwarding screenshot on session c47a01a74364230aa4a5e374f4eb5e8d to remote] DEBUG org.asynchttpclient.netty.request.NettyRequestSender - Using pooled Channel '[id: 0x26dd3a45, L:/127.0.0.1:60634 - R:localhost/127.0.0.1:52674]' for 'GET' to 'http://localhost:52674/session/c47a01a74364230aa4a5e374f4eb5e8d/screenshot'
11:08:03.865 [Forwarding screenshot on session c47a01a74364230aa4a5e374f4eb5e8d to remote] DEBUG org.asynchttpclient.netty.request.NettyRequestSender - Using open Channel [id: 0x26dd3a45, L:/127.0.0.1:60634 - R:localhost/127.0.0.1:52674] for GET '/session/c47a01a74364230aa4a5e374f4eb5e8d/screenshot'
11:08:04.210 [AsyncHttpClient-1-5] DEBUG org.asynchttpclient.netty.handler.HttpHandler - 

Request DefaultFullHttpRequest(decodeResult: success, version: HTTP/1.1, content: EmptyByteBufBE)
GET /session/c47a01a74364230aa4a5e374f4eb5e8d/screenshot HTTP/1.1
User-Agent: selenium/4.1.2 (java windows)
Cache-Control: no-cache
Content-Type: application/json; charset=utf-8
host: localhost:52674
accept: */*

Response DefaultHttpResponse(decodeResult: success, version: HTTP/1.1)
HTTP/1.1 200 OK
Content-Type: application/json; charset=utf-8
cache-control: no-cache
content-length: 364644

11:08:04.213 [AsyncHttpClient-1-5] DEBUG org.asynchttpclient.netty.channel.ChannelManager - Adding key: http://localhost:52674 for channel [id: 0x26dd3a45, L:/127.0.0.1:60634 - R:localhost/127.0.0.1:52674]
11:08:04.238 [main] DEBUG net.serenitybdd.core.photography.Darkroom - Send negative for processing for target\site\serenity\22a47abeff7636c8357433313610d3b8cb7196cfdf476618388aa80b0eb3edf2.png
11:08:04.240 [main] DEBUG net.thucydides.core.steps.StepInterceptor - STARTING STEP: PatientDataSteps.clickButtonSimpan - clickButtonSave
11:08:04.246 [Forwarding findElement on session c47a01a74364230aa4a5e374f4eb5e8d to remote] DEBUG org.asynchttpclient.netty.request.NettyRequestSender - Using pooled Channel '[id: 0x26dd3a45, L:/127.0.0.1:60634 - R:localhost/127.0.0.1:52674]' for 'POST' to 'http://localhost:52674/session/c47a01a74364230aa4a5e374f4eb5e8d/element'
11:08:04.247 [Forwarding findElement on session c47a01a74364230aa4a5e374f4eb5e8d to remote] DEBUG org.asynchttpclient.netty.request.NettyRequestSender - Using open Channel [id: 0x26dd3a45, L:/127.0.0.1:60634 - R:localhost/127.0.0.1:52674] for POST '/session/c47a01a74364230aa4a5e374f4eb5e8d/element'
11:08:04.278 [AsyncHttpClient-1-5] DEBUG org.asynchttpclient.netty.handler.HttpHandler - 

Request DefaultHttpRequest(decodeResult: success, version: HTTP/1.1)
POST /session/c47a01a74364230aa4a5e374f4eb5e8d/element HTTP/1.1
User-Agent: selenium/4.1.2 (java windows)
Content-Length: 149
Content-Type: application/json; charset=utf-8
host: localhost:52674
accept: */*

Response DefaultHttpResponse(decodeResult: success, version: HTTP/1.1)
HTTP/1.1 200 OK
Content-Type: application/json; charset=utf-8
cache-control: no-cache
content-length: 88

11:08:04.278 [AsyncHttpClient-1-5] DEBUG org.asynchttpclient.netty.channel.ChannelManager - Adding key: http://localhost:52674 for channel [id: 0x26dd3a45, L:/127.0.0.1:60634 - R:localhost/127.0.0.1:52674]
11:08:04.281 [Forwarding getElementTagName on session c47a01a74364230aa4a5e374f4eb5e8d to remote] DEBUG org.asynchttpclient.netty.request.NettyRequestSender - Using pooled Channel '[id: 0x26dd3a45, L:/127.0.0.1:60634 - R:localhost/127.0.0.1:52674]' for 'GET' to 'http://localhost:52674/session/c47a01a74364230aa4a5e374f4eb5e8d/element/a0c5413a-8644-4373-975c-9e3e9907905e/name'
11:08:04.281 [Forwarding getElementTagName on session c47a01a74364230aa4a5e374f4eb5e8d to remote] DEBUG org.asynchttpclient.netty.request.NettyRequestSender - Using open Channel [id: 0x26dd3a45, L:/127.0.0.1:60634 - R:localhost/127.0.0.1:52674] for GET '/session/c47a01a74364230aa4a5e374f4eb5e8d/element/a0c5413a-8644-4373-975c-9e3e9907905e/name'
11:08:04.294 [AsyncHttpClient-1-5] DEBUG org.asynchttpclient.netty.handler.HttpHandler - 

Request DefaultFullHttpRequest(decodeResult: success, version: HTTP/1.1, content: EmptyByteBufBE)
GET /session/c47a01a74364230aa4a5e374f4eb5e8d/element/a0c5413a-8644-4373-975c-9e3e9907905e/name HTTP/1.1
User-Agent: selenium/4.1.2 (java windows)
Cache-Control: no-cache
Content-Type: application/json; charset=utf-8
host: localhost:52674
accept: */*

Response DefaultHttpResponse(decodeResult: success, version: HTTP/1.1)
HTTP/1.1 200 OK
Content-Type: application/json; charset=utf-8
cache-control: no-cache
content-length: 18

11:08:04.294 [AsyncHttpClient-1-5] DEBUG org.asynchttpclient.netty.channel.ChannelManager - Adding key: http://localhost:52674 for channel [id: 0x26dd3a45, L:/127.0.0.1:60634 - R:localhost/127.0.0.1:52674]
11:08:04.297 [Forwarding getElementTagName on session c47a01a74364230aa4a5e374f4eb5e8d to remote] DEBUG org.asynchttpclient.netty.request.NettyRequestSender - Using pooled Channel '[id: 0x26dd3a45, L:/127.0.0.1:60634 - R:localhost/127.0.0.1:52674]' for 'GET' to 'http://localhost:52674/session/c47a01a74364230aa4a5e374f4eb5e8d/element/a0c5413a-8644-4373-975c-9e3e9907905e/name'
11:08:04.297 [Forwarding getElementTagName on session c47a01a74364230aa4a5e374f4eb5e8d to remote] DEBUG org.asynchttpclient.netty.request.NettyRequestSender - Using open Channel [id: 0x26dd3a45, L:/127.0.0.1:60634 - R:localhost/127.0.0.1:52674] for GET '/session/c47a01a74364230aa4a5e374f4eb5e8d/element/a0c5413a-8644-4373-975c-9e3e9907905e/name'
11:08:04.305 [AsyncHttpClient-1-5] DEBUG org.asynchttpclient.netty.handler.HttpHandler - 

Request DefaultFullHttpRequest(decodeResult: success, version: HTTP/1.1, content: EmptyByteBufBE)
GET /session/c47a01a74364230aa4a5e374f4eb5e8d/element/a0c5413a-8644-4373-975c-9e3e9907905e/name HTTP/1.1
User-Agent: selenium/4.1.2 (java windows)
Cache-Control: no-cache
Content-Type: application/json; charset=utf-8
host: localhost:52674
accept: */*

Response DefaultHttpResponse(decodeResult: success, version: HTTP/1.1)
HTTP/1.1 200 OK
Content-Type: application/json; charset=utf-8
cache-control: no-cache
content-length: 18

11:08:04.306 [AsyncHttpClient-1-5] DEBUG org.asynchttpclient.netty.channel.ChannelManager - Adding key: http://localhost:52674 for channel [id: 0x26dd3a45, L:/127.0.0.1:60634 - R:localhost/127.0.0.1:52674]
11:08:04.310 [Forwarding isElementEnabled on session c47a01a74364230aa4a5e374f4eb5e8d to remote] DEBUG org.asynchttpclient.netty.request.NettyRequestSender - Using pooled Channel '[id: 0x26dd3a45, L:/127.0.0.1:60634 - R:localhost/127.0.0.1:52674]' for 'GET' to 'http://localhost:52674/session/c47a01a74364230aa4a5e374f4eb5e8d/element/a0c5413a-8644-4373-975c-9e3e9907905e/enabled'
11:08:04.311 [Forwarding isElementEnabled on session c47a01a74364230aa4a5e374f4eb5e8d to remote] DEBUG org.asynchttpclient.netty.request.NettyRequestSender - Using open Channel [id: 0x26dd3a45, L:/127.0.0.1:60634 - R:localhost/127.0.0.1:52674] for GET '/session/c47a01a74364230aa4a5e374f4eb5e8d/element/a0c5413a-8644-4373-975c-9e3e9907905e/enabled'
11:08:04.316 [AsyncHttpClient-1-1] DEBUG org.asynchttpclient.netty.channel.DefaultChannelPool - Entry count for : http://localhost:60635 : 1
11:08:04.328 [AsyncHttpClient-1-5] DEBUG org.asynchttpclient.netty.handler.HttpHandler - 

Request DefaultFullHttpRequest(decodeResult: success, version: HTTP/1.1, content: EmptyByteBufBE)
GET /session/c47a01a74364230aa4a5e374f4eb5e8d/element/a0c5413a-8644-4373-975c-9e3e9907905e/enabled HTTP/1.1
User-Agent: selenium/4.1.2 (java windows)
Cache-Control: no-cache
Content-Type: application/json; charset=utf-8
host: localhost:52674
accept: */*

Response DefaultHttpResponse(decodeResult: success, version: HTTP/1.1)
HTTP/1.1 200 OK
Content-Type: application/json; charset=utf-8
cache-control: no-cache
content-length: 14

11:08:04.328 [AsyncHttpClient-1-5] DEBUG org.asynchttpclient.netty.channel.ChannelManager - Adding key: http://localhost:52674 for channel [id: 0x26dd3a45, L:/127.0.0.1:60634 - R:localhost/127.0.0.1:52674]
11:08:04.330 [Forwarding isElementEnabled on session c47a01a74364230aa4a5e374f4eb5e8d to remote] DEBUG org.asynchttpclient.netty.request.NettyRequestSender - Using pooled Channel '[id: 0x26dd3a45, L:/127.0.0.1:60634 - R:localhost/127.0.0.1:52674]' for 'GET' to 'http://localhost:52674/session/c47a01a74364230aa4a5e374f4eb5e8d/element/a0c5413a-8644-4373-975c-9e3e9907905e/enabled'
11:08:04.330 [Forwarding isElementEnabled on session c47a01a74364230aa4a5e374f4eb5e8d to remote] DEBUG org.asynchttpclient.netty.request.NettyRequestSender - Using open Channel [id: 0x26dd3a45, L:/127.0.0.1:60634 - R:localhost/127.0.0.1:52674] for GET '/session/c47a01a74364230aa4a5e374f4eb5e8d/element/a0c5413a-8644-4373-975c-9e3e9907905e/enabled'
11:08:04.344 [AsyncHttpClient-1-5] DEBUG org.asynchttpclient.netty.handler.HttpHandler - 

Request DefaultFullHttpRequest(decodeResult: success, version: HTTP/1.1, content: EmptyByteBufBE)
GET /session/c47a01a74364230aa4a5e374f4eb5e8d/element/a0c5413a-8644-4373-975c-9e3e9907905e/enabled HTTP/1.1
User-Agent: selenium/4.1.2 (java windows)
Cache-Control: no-cache
Content-Type: application/json; charset=utf-8
host: localhost:52674
accept: */*

Response DefaultHttpResponse(decodeResult: success, version: HTTP/1.1)
HTTP/1.1 200 OK
Content-Type: application/json; charset=utf-8
cache-control: no-cache
content-length: 14

11:08:04.345 [AsyncHttpClient-1-5] DEBUG org.asynchttpclient.netty.channel.ChannelManager - Adding key: http://localhost:52674 for channel [id: 0x26dd3a45, L:/127.0.0.1:60634 - R:localhost/127.0.0.1:52674]
11:08:04.375 [Forwarding findElement on session c47a01a74364230aa4a5e374f4eb5e8d to remote] DEBUG org.asynchttpclient.netty.request.NettyRequestSender - Using pooled Channel '[id: 0x26dd3a45, L:/127.0.0.1:60634 - R:localhost/127.0.0.1:52674]' for 'POST' to 'http://localhost:52674/session/c47a01a74364230aa4a5e374f4eb5e8d/element'
11:08:04.375 [Forwarding findElement on session c47a01a74364230aa4a5e374f4eb5e8d to remote] DEBUG org.asynchttpclient.netty.request.NettyRequestSender - Using open Channel [id: 0x26dd3a45, L:/127.0.0.1:60634 - R:localhost/127.0.0.1:52674] for POST '/session/c47a01a74364230aa4a5e374f4eb5e8d/element'
11:08:04.392 [AsyncHttpClient-1-5] DEBUG org.asynchttpclient.netty.handler.HttpHandler - 

Request DefaultHttpRequest(decodeResult: success, version: HTTP/1.1)
POST /session/c47a01a74364230aa4a5e374f4eb5e8d/element HTTP/1.1
User-Agent: selenium/4.1.2 (java windows)
Content-Length: 149
Content-Type: application/json; charset=utf-8
host: localhost:52674
accept: */*

Response DefaultHttpResponse(decodeResult: success, version: HTTP/1.1)
HTTP/1.1 200 OK
Content-Type: application/json; charset=utf-8
cache-control: no-cache
content-length: 88

11:08:04.392 [AsyncHttpClient-1-5] DEBUG org.asynchttpclient.netty.channel.ChannelManager - Adding key: http://localhost:52674 for channel [id: 0x26dd3a45, L:/127.0.0.1:60634 - R:localhost/127.0.0.1:52674]
11:08:04.397 [Forwarding clickElement on session c47a01a74364230aa4a5e374f4eb5e8d to remote] DEBUG org.asynchttpclient.netty.request.NettyRequestSender - Using pooled Channel '[id: 0x26dd3a45, L:/127.0.0.1:60634 - R:localhost/127.0.0.1:52674]' for 'POST' to 'http://localhost:52674/session/c47a01a74364230aa4a5e374f4eb5e8d/element/a0c5413a-8644-4373-975c-9e3e9907905e/click'
11:08:04.397 [Forwarding clickElement on session c47a01a74364230aa4a5e374f4eb5e8d to remote] DEBUG org.asynchttpclient.netty.request.NettyRequestSender - Using open Channel [id: 0x26dd3a45, L:/127.0.0.1:60634 - R:localhost/127.0.0.1:52674] for POST '/session/c47a01a74364230aa4a5e374f4eb5e8d/element/a0c5413a-8644-4373-975c-9e3e9907905e/click'
11:08:04.503 [AsyncHttpClient-1-5] DEBUG org.asynchttpclient.netty.handler.HttpHandler - 

Request DefaultHttpRequest(decodeResult: success, version: HTTP/1.1)
POST /session/c47a01a74364230aa4a5e374f4eb5e8d/element/a0c5413a-8644-4373-975c-9e3e9907905e/click HTTP/1.1
User-Agent: selenium/4.1.2 (java windows)
Content-Length: 50
Content-Type: application/json; charset=utf-8
host: localhost:52674
accept: */*

Response DefaultHttpResponse(decodeResult: success, version: HTTP/1.1)
HTTP/1.1 200 OK
Content-Type: application/json; charset=utf-8
cache-control: no-cache
content-length: 14

11:08:04.504 [AsyncHttpClient-1-5] DEBUG org.asynchttpclient.netty.channel.ChannelManager - Adding key: http://localhost:52674 for channel [id: 0x26dd3a45, L:/127.0.0.1:60634 - R:localhost/127.0.0.1:52674]
11:08:04.530 [Forwarding screenshot on session c47a01a74364230aa4a5e374f4eb5e8d to remote] DEBUG org.asynchttpclient.netty.request.NettyRequestSender - Using pooled Channel '[id: 0x26dd3a45, L:/127.0.0.1:60634 - R:localhost/127.0.0.1:52674]' for 'GET' to 'http://localhost:52674/session/c47a01a74364230aa4a5e374f4eb5e8d/screenshot'
11:08:04.531 [Forwarding screenshot on session c47a01a74364230aa4a5e374f4eb5e8d to remote] DEBUG org.asynchttpclient.netty.request.NettyRequestSender - Using open Channel [id: 0x26dd3a45, L:/127.0.0.1:60634 - R:localhost/127.0.0.1:52674] for GET '/session/c47a01a74364230aa4a5e374f4eb5e8d/screenshot'
11:08:05.415 [AsyncHttpClient-1-1] DEBUG org.asynchttpclient.netty.channel.DefaultChannelPool - Entry count for : http://localhost:60635 : 1
11:08:05.455 [AsyncHttpClient-1-5] DEBUG org.asynchttpclient.netty.handler.HttpHandler - 

Request DefaultFullHttpRequest(decodeResult: success, version: HTTP/1.1, content: EmptyByteBufBE)
GET /session/c47a01a74364230aa4a5e374f4eb5e8d/screenshot HTTP/1.1
User-Agent: selenium/4.1.2 (java windows)
Cache-Control: no-cache
Content-Type: application/json; charset=utf-8
host: localhost:52674
accept: */*

Response DefaultHttpResponse(decodeResult: success, version: HTTP/1.1)
HTTP/1.1 200 OK
Content-Type: application/json; charset=utf-8
cache-control: no-cache
content-length: 364020

11:08:05.466 [AsyncHttpClient-1-5] DEBUG org.asynchttpclient.netty.channel.ChannelManager - Adding key: http://localhost:52674 for channel [id: 0x26dd3a45, L:/127.0.0.1:60634 - R:localhost/127.0.0.1:52674]
11:08:05.506 [main] DEBUG net.serenitybdd.core.photography.Darkroom - Send negative for processing for target\site\serenity\b89f5fc92987a8c4845c1b37c6b45e9ff956a6494e18135456683b1533a598bf.png
11:08:05.506 [main] DEBUG net.thucydides.core.steps.StepInterceptor - STEP DONE: clickButtonSave
  &amp#27;[32mAnd &amp#27;[0m&amp#27;[32mClick button simpan&amp#27;[0m                                          &amp#27;[90m# starter.stepdefinitios.PatientDataSteps.clickButtonSimpan()&amp#27;[0m
11:08:05.511 [Darkroom Processing Line] DEBUG net.serenitybdd.core.photography.DarkroomProcessingLine - Processing screenshot image in /var/screenshots/screenshot-9073820511236319970
11:08:05.511 [Darkroom Processing Line] DEBUG net.serenitybdd.core.photography.DarkroomProcessingLine - Saving screenshot to target\site\serenity\b89f5fc92987a8c4845c1b37c6b45e9ff956a6494e18135456683b1533a598bf.png
11:08:06.067 [Forwarding screenshot on session c47a01a74364230aa4a5e374f4eb5e8d to remote] DEBUG org.asynchttpclient.netty.request.NettyRequestSender - Using pooled Channel '[id: 0x26dd3a45, L:/127.0.0.1:60634 - R:localhost/127.0.0.1:52674]' for 'GET' to 'http://localhost:52674/session/c47a01a74364230aa4a5e374f4eb5e8d/screenshot'
11:08:06.067 [Forwarding screenshot on session c47a01a74364230aa4a5e374f4eb5e8d to remote] DEBUG org.asynchttpclient.netty.request.NettyRequestSender - Using open Channel [id: 0x26dd3a45, L:/127.0.0.1:60634 - R:localhost/127.0.0.1:52674] for GET '/session/c47a01a74364230aa4a5e374f4eb5e8d/screenshot'
11:08:06.080 [AsyncHttpClient-1-5] DEBUG org.asynchttpclient.netty.handler.HttpHandler - 

Request DefaultFullHttpRequest(decodeResult: success, version: HTTP/1.1, content: EmptyByteBufBE)
GET /session/c47a01a74364230aa4a5e374f4eb5e8d/screenshot HTTP/1.1
User-Agent: selenium/4.1.2 (java windows)
Cache-Control: no-cache
Content-Type: application/json; charset=utf-8
host: localhost:52674
accept: */*

Response DefaultHttpResponse(decodeResult: success, version: HTTP/1.1)
HTTP/1.1 500 Internal Server Error
Content-Type: application/json; charset=utf-8
cache-control: no-cache
content-length: 917

11:08:06.081 [AsyncHttpClient-1-5] DEBUG org.asynchttpclient.netty.channel.ChannelManager - Adding key: http://localhost:52674 for channel [id: 0x26dd3a45, L:/127.0.0.1:60634 - R:localhost/127.0.0.1:52674]
11:08:06.084 [main] WARN net.thucydides.core.webdriver.WebDriverFacade - Failed to take screenshot (unexpected alert open: {Alert text : data telah diubah}
  (Session info: chrome=102.0.5005.115): data telah diubah
Build info: version: '4.1.2', revision: '9a5a329c5a'
System info: host: 'MOOK-HON', ip: '192.168.100.6', os.name: 'Windows 10', os.arch: 'amd64', os.version: '10.0', java.version: '11.0.14'
Driver info: org.openqa.selenium.chrome.ChromeDriver
Command: [c47a01a74364230aa4a5e374f4eb5e8d, screenshot {}]
Capabilities {acceptInsecureCerts: false, browserName: chrome, browserVersion: 102.0.5005.115, chrome: {chromedriverVersion: 102.0.5005.61 (0e59bcc00cc4..., userDataDir: C:\Users\ASUS\AppData\Local...}, goog:chromeOptions: {debuggerAddress: localhost:60635}, javascriptEnabled: true, networkConnectionEnabled: false, pageLoadStrategy: normal, platform: WINDOWS, platformName: WINDOWS, proxy: Proxy(), se:cdp: ws://localhost:60635/devtoo..., se:cdpVersion: 102.0.5005.115, setWindowRect: true, strictFileInteractability: false, timeouts: {implicit: 0, pageLoad: 300000, script: 30000}, unhandledPromptBehavior: dismiss and notify, webauthn:extension:credBlob: true, webauthn:extension:largeBlob: true, webauthn:virtualAuthenticators: true}
Session ID: c47a01a74364230aa4a5e374f4eb5e8d)
11:08:06.085 [main] DEBUG net.thucydides.core.steps.StepInterceptor - STARTING STEP: PatientDataSteps.validEditData - clickButtonBack
11:08:06.099 [Forwarding findElement on session c47a01a74364230aa4a5e374f4eb5e8d to remote] DEBUG org.asynchttpclient.netty.request.NettyRequestSender - Using pooled Channel '[id: 0x26dd3a45, L:/127.0.0.1:60634 - R:localhost/127.0.0.1:52674]' for 'POST' to 'http://localhost:52674/session/c47a01a74364230aa4a5e374f4eb5e8d/element'
11:08:06.100 [Forwarding findElement on session c47a01a74364230aa4a5e374f4eb5e8d to remote] DEBUG org.asynchttpclient.netty.request.NettyRequestSender - Using open Channel [id: 0x26dd3a45, L:/127.0.0.1:60634 - R:localhost/127.0.0.1:52674] for POST '/session/c47a01a74364230aa4a5e374f4eb5e8d/element'
11:08:06.232 [AsyncHttpClient-1-5] DEBUG org.asynchttpclient.netty.handler.HttpHandler - 

Request DefaultHttpRequest(decodeResult: success, version: HTTP/1.1)
POST /session/c47a01a74364230aa4a5e374f4eb5e8d/element HTTP/1.1
User-Agent: selenium/4.1.2 (java windows)
Content-Length: 137
Content-Type: application/json; charset=utf-8
host: localhost:52674
accept: */*

Response DefaultHttpResponse(decodeResult: success, version: HTTP/1.1)
HTTP/1.1 200 OK
Content-Type: application/json; charset=utf-8
cache-control: no-cache
content-length: 88

11:08:06.233 [AsyncHttpClient-1-5] DEBUG org.asynchttpclient.netty.channel.ChannelManager - Adding key: http://localhost:52674 for channel [id: 0x26dd3a45, L:/127.0.0.1:60634 - R:localhost/127.0.0.1:52674]
11:08:06.245 [Forwarding getElementTagName on session c47a01a74364230aa4a5e374f4eb5e8d to remote] DEBUG org.asynchttpclient.netty.request.NettyRequestSender - Using pooled Channel '[id: 0x26dd3a45, L:/127.0.0.1:60634 - R:localhost/127.0.0.1:52674]' for 'GET' to 'http://localhost:52674/session/c47a01a74364230aa4a5e374f4eb5e8d/element/4c0200d6-a484-41a5-bff9-e7315f268020/name'
11:08:06.245 [Forwarding getElementTagName on session c47a01a74364230aa4a5e374f4eb5e8d to remote] DEBUG org.asynchttpclient.netty.request.NettyRequestSender - Using open Channel [id: 0x26dd3a45, L:/127.0.0.1:60634 - R:localhost/127.0.0.1:52674] for GET '/session/c47a01a74364230aa4a5e374f4eb5e8d/element/4c0200d6-a484-41a5-bff9-e7315f268020/name'
11:08:06.265 [AsyncHttpClient-1-5] DEBUG org.asynchttpclient.netty.handler.HttpHandler - 

Request DefaultFullHttpRequest(decodeResult: success, version: HTTP/1.1, content: EmptyByteBufBE)
GET /session/c47a01a74364230aa4a5e374f4eb5e8d/element/4c0200d6-a484-41a5-bff9-e7315f268020/name HTTP/1.1
User-Agent: selenium/4.1.2 (java windows)
Cache-Control: no-cache
Content-Type: application/json; charset=utf-8
host: localhost:52674
accept: */*

Response DefaultHttpResponse(decodeResult: success, version: HTTP/1.1)
HTTP/1.1 200 OK
Content-Type: application/json; charset=utf-8
cache-control: no-cache
content-length: 18

11:08:06.265 [AsyncHttpClient-1-5] DEBUG org.asynchttpclient.netty.channel.ChannelManager - Adding key: http://localhost:52674 for channel [id: 0x26dd3a45, L:/127.0.0.1:60634 - R:localhost/127.0.0.1:52674]
11:08:06.268 [Forwarding getElementTagName on session c47a01a74364230aa4a5e374f4eb5e8d to remote] DEBUG org.asynchttpclient.netty.request.NettyRequestSender - Using pooled Channel '[id: 0x26dd3a45, L:/127.0.0.1:60634 - R:localhost/127.0.0.1:52674]' for 'GET' to 'http://localhost:52674/session/c47a01a74364230aa4a5e374f4eb5e8d/element/4c0200d6-a484-41a5-bff9-e7315f268020/name'
11:08:06.268 [Forwarding getElementTagName on session c47a01a74364230aa4a5e374f4eb5e8d to remote] DEBUG org.asynchttpclient.netty.request.NettyRequestSender - Using open Channel [id: 0x26dd3a45, L:/127.0.0.1:60634 - R:localhost/127.0.0.1:52674] for GET '/session/c47a01a74364230aa4a5e374f4eb5e8d/element/4c0200d6-a484-41a5-bff9-e7315f268020/name'
11:08:06.285 [AsyncHttpClient-1-5] DEBUG org.asynchttpclient.netty.handler.HttpHandler - 

Request DefaultFullHttpRequest(decodeResult: success, version: HTTP/1.1, content: EmptyByteBufBE)
GET /session/c47a01a74364230aa4a5e374f4eb5e8d/element/4c0200d6-a484-41a5-bff9-e7315f268020/name HTTP/1.1
User-Agent: selenium/4.1.2 (java windows)
Cache-Control: no-cache
Content-Type: application/json; charset=utf-8
host: localhost:52674
accept: */*

Response DefaultHttpResponse(decodeResult: success, version: HTTP/1.1)
HTTP/1.1 200 OK
Content-Type: application/json; charset=utf-8
cache-control: no-cache
content-length: 18

11:08:06.285 [AsyncHttpClient-1-5] DEBUG org.asynchttpclient.netty.channel.ChannelManager - Adding key: http://localhost:52674 for channel [id: 0x26dd3a45, L:/127.0.0.1:60634 - R:localhost/127.0.0.1:52674]
11:08:06.295 [Forwarding isElementEnabled on session c47a01a74364230aa4a5e374f4eb5e8d to remote] DEBUG org.asynchttpclient.netty.request.NettyRequestSender - Using pooled Channel '[id: 0x26dd3a45, L:/127.0.0.1:60634 - R:localhost/127.0.0.1:52674]' for 'GET' to 'http://localhost:52674/session/c47a01a74364230aa4a5e374f4eb5e8d/element/4c0200d6-a484-41a5-bff9-e7315f268020/enabled'
11:08:06.295 [Forwarding isElementEnabled on session c47a01a74364230aa4a5e374f4eb5e8d to remote] DEBUG org.asynchttpclient.netty.request.NettyRequestSender - Using open Channel [id: 0x26dd3a45, L:/127.0.0.1:60634 - R:localhost/127.0.0.1:52674] for GET '/session/c47a01a74364230aa4a5e374f4eb5e8d/element/4c0200d6-a484-41a5-bff9-e7315f268020/enabled'
11:08:06.315 [AsyncHttpClient-1-5] DEBUG org.asynchttpclient.netty.handler.HttpHandler - 

Request DefaultFullHttpRequest(decodeResult: success, version: HTTP/1.1, content: EmptyByteBufBE)
GET /session/c47a01a74364230aa4a5e374f4eb5e8d/element/4c0200d6-a484-41a5-bff9-e7315f268020/enabled HTTP/1.1
User-Agent: selenium/4.1.2 (java windows)
Cache-Control: no-cache
Content-Type: application/json; charset=utf-8
host: localhost:52674
accept: */*

Response DefaultHttpResponse(decodeResult: success, version: HTTP/1.1)
HTTP/1.1 200 OK
Content-Type: application/json; charset=utf-8
cache-control: no-cache
content-length: 14

11:08:06.315 [AsyncHttpClient-1-5] DEBUG org.asynchttpclient.netty.channel.ChannelManager - Adding key: http://localhost:52674 for channel [id: 0x26dd3a45, L:/127.0.0.1:60634 - R:localhost/127.0.0.1:52674]
11:08:06.318 [Forwarding isElementEnabled on session c47a01a74364230aa4a5e374f4eb5e8d to remote] DEBUG org.asynchttpclient.netty.request.NettyRequestSender - Using pooled Channel '[id: 0x26dd3a45, L:/127.0.0.1:60634 - R:localhost/127.0.0.1:52674]' for 'GET' to 'http://localhost:52674/session/c47a01a74364230aa4a5e374f4eb5e8d/element/4c0200d6-a484-41a5-bff9-e7315f268020/enabled'
11:08:06.318 [Forwarding isElementEnabled on session c47a01a74364230aa4a5e374f4eb5e8d to remote] DEBUG org.asynchttpclient.netty.request.NettyRequestSender - Using open Channel [id: 0x26dd3a45, L:/127.0.0.1:60634 - R:localhost/127.0.0.1:52674] for GET '/session/c47a01a74364230aa4a5e374f4eb5e8d/element/4c0200d6-a484-41a5-bff9-e7315f268020/enabled'
11:08:06.331 [AsyncHttpClient-1-5] DEBUG org.asynchttpclient.netty.handler.HttpHandler - 

Request DefaultFullHttpRequest(decodeResult: success, version: HTTP/1.1, content: EmptyByteBufBE)
GET /session/c47a01a74364230aa4a5e374f4eb5e8d/element/4c0200d6-a484-41a5-bff9-e7315f268020/enabled HTTP/1.1
User-Agent: selenium/4.1.2 (java windows)
Cache-Control: no-cache
Content-Type: application/json; charset=utf-8
host: localhost:52674
accept: */*

Response DefaultHttpResponse(decodeResult: success, version: HTTP/1.1)
HTTP/1.1 200 OK
Content-Type: application/json; charset=utf-8
cache-control: no-cache
content-length: 14

11:08:06.331 [AsyncHttpClient-1-5] DEBUG org.asynchttpclient.netty.channel.ChannelManager - Adding key: http://localhost:52674 for channel [id: 0x26dd3a45, L:/127.0.0.1:60634 - R:localhost/127.0.0.1:52674]
11:08:06.335 [Forwarding findElement on session c47a01a74364230aa4a5e374f4eb5e8d to remote] DEBUG org.asynchttpclient.netty.request.NettyRequestSender - Using pooled Channel '[id: 0x26dd3a45, L:/127.0.0.1:60634 - R:localhost/127.0.0.1:52674]' for 'POST' to 'http://localhost:52674/session/c47a01a74364230aa4a5e374f4eb5e8d/element'
11:08:06.335 [Forwarding findElement on session c47a01a74364230aa4a5e374f4eb5e8d to remote] DEBUG org.asynchttpclient.netty.request.NettyRequestSender - Using open Channel [id: 0x26dd3a45, L:/127.0.0.1:60634 - R:localhost/127.0.0.1:52674] for POST '/session/c47a01a74364230aa4a5e374f4eb5e8d/element'
11:08:06.348 [AsyncHttpClient-1-5] DEBUG org.asynchttpclient.netty.handler.HttpHandler - 

Request DefaultHttpRequest(decodeResult: success, version: HTTP/1.1)
POST /session/c47a01a74364230aa4a5e374f4eb5e8d/element HTTP/1.1
User-Agent: selenium/4.1.2 (java windows)
Content-Length: 137
Content-Type: application/json; charset=utf-8
host: localhost:52674
accept: */*

Response DefaultHttpResponse(decodeResult: success, version: HTTP/1.1)
HTTP/1.1 200 OK
Content-Type: application/json; charset=utf-8
cache-control: no-cache
content-length: 88

11:08:06.348 [AsyncHttpClient-1-5] DEBUG org.asynchttpclient.netty.channel.ChannelManager - Adding key: http://localhost:52674 for channel [id: 0x26dd3a45, L:/127.0.0.1:60634 - R:localhost/127.0.0.1:52674]
11:08:06.351 [Forwarding clickElement on session c47a01a74364230aa4a5e374f4eb5e8d to remote] DEBUG org.asynchttpclient.netty.request.NettyRequestSender - Using pooled Channel '[id: 0x26dd3a45, L:/127.0.0.1:60634 - R:localhost/127.0.0.1:52674]' for 'POST' to 'http://localhost:52674/session/c47a01a74364230aa4a5e374f4eb5e8d/element/4c0200d6-a484-41a5-bff9-e7315f268020/click'
11:08:06.351 [Forwarding clickElement on session c47a01a74364230aa4a5e374f4eb5e8d to remote] DEBUG org.asynchttpclient.netty.request.NettyRequestSender - Using open Channel [id: 0x26dd3a45, L:/127.0.0.1:60634 - R:localhost/127.0.0.1:52674] for POST '/session/c47a01a74364230aa4a5e374f4eb5e8d/element/4c0200d6-a484-41a5-bff9-e7315f268020/click'
11:08:06.514 [AsyncHttpClient-1-1] DEBUG org.asynchttpclient.netty.channel.DefaultChannelPool - Entry count for : http://localhost:60635 : 1
11:08:06.558 [AsyncHttpClient-1-5] DEBUG org.asynchttpclient.netty.handler.HttpHandler - 

Request DefaultHttpRequest(decodeResult: success, version: HTTP/1.1)
POST /session/c47a01a74364230aa4a5e374f4eb5e8d/element/4c0200d6-a484-41a5-bff9-e7315f268020/click HTTP/1.1
User-Agent: selenium/4.1.2 (java windows)
Content-Length: 50
Content-Type: application/json; charset=utf-8
host: localhost:52674
accept: */*

Response DefaultHttpResponse(decodeResult: success, version: HTTP/1.1)
HTTP/1.1 200 OK
Content-Type: application/json; charset=utf-8
cache-control: no-cache
content-length: 14

11:08:06.558 [AsyncHttpClient-1-5] DEBUG org.asynchttpclient.netty.channel.ChannelManager - Adding key: http://localhost:52674 for channel [id: 0x26dd3a45, L:/127.0.0.1:60634 - R:localhost/127.0.0.1:52674]
11:08:06.580 [Forwarding screenshot on session c47a01a74364230aa4a5e374f4eb5e8d to remote] DEBUG org.asynchttpclient.netty.request.NettyRequestSender - Using pooled Channel '[id: 0x26dd3a45, L:/127.0.0.1:60634 - R:localhost/127.0.0.1:52674]' for 'GET' to 'http://localhost:52674/session/c47a01a74364230aa4a5e374f4eb5e8d/screenshot'
11:08:06.581 [Forwarding screenshot on session c47a01a74364230aa4a5e374f4eb5e8d to remote] DEBUG org.asynchttpclient.netty.request.NettyRequestSender - Using open Channel [id: 0x26dd3a45, L:/127.0.0.1:60634 - R:localhost/127.0.0.1:52674] for GET '/session/c47a01a74364230aa4a5e374f4eb5e8d/screenshot'
11:08:07.029 [AsyncHttpClient-1-5] DEBUG org.asynchttpclient.netty.handler.HttpHandler - 

Request DefaultFullHttpRequest(decodeResult: success, version: HTTP/1.1, content: EmptyByteBufBE)
GET /session/c47a01a74364230aa4a5e374f4eb5e8d/screenshot HTTP/1.1
User-Agent: selenium/4.1.2 (java windows)
Cache-Control: no-cache
Content-Type: application/json; charset=utf-8
host: localhost:52674
accept: */*

Response DefaultHttpResponse(decodeResult: success, version: HTTP/1.1)
HTTP/1.1 200 OK
Content-Type: application/json; charset=utf-8
cache-control: no-cache
content-length: 348704

11:08:07.032 [AsyncHttpClient-1-5] DEBUG org.asynchttpclient.netty.channel.ChannelManager - Adding key: http://localhost:52674 for channel [id: 0x26dd3a45, L:/127.0.0.1:60634 - R:localhost/127.0.0.1:52674]
11:08:07.062 [main] DEBUG net.serenitybdd.core.photography.Darkroom - Send negative for processing for target\site\serenity\257ba893b5ad405218810435bf16a4906b378268b14bde87a8f9e86a86a34518.png
11:08:07.063 [main] DEBUG net.thucydides.core.steps.StepInterceptor - STEP DONE: clickButtonBack
11:08:07.079 [main] DEBUG net.thucydides.core.steps.StepInterceptor - STARTING STEP: PatientDataSteps.validEditData - checkValidDataPasien
11:08:07.085 [Forwarding findElement on session c47a01a74364230aa4a5e374f4eb5e8d to remote] DEBUG org.asynchttpclient.netty.request.NettyRequestSender - Using pooled Channel '[id: 0x26dd3a45, L:/127.0.0.1:60634 - R:localhost/127.0.0.1:52674]' for 'POST' to 'http://localhost:52674/session/c47a01a74364230aa4a5e374f4eb5e8d/element'
11:08:07.085 [Forwarding findElement on session c47a01a74364230aa4a5e374f4eb5e8d to remote] DEBUG org.asynchttpclient.netty.request.NettyRequestSender - Using open Channel [id: 0x26dd3a45, L:/127.0.0.1:60634 - R:localhost/127.0.0.1:52674] for POST '/session/c47a01a74364230aa4a5e374f4eb5e8d/element'
11:08:07.118 [AsyncHttpClient-1-5] DEBUG org.asynchttpclient.netty.handler.HttpHandler - 

Request DefaultHttpRequest(decodeResult: success, version: HTTP/1.1)
POST /session/c47a01a74364230aa4a5e374f4eb5e8d/element HTTP/1.1
User-Agent: selenium/4.1.2 (java windows)
Content-Length: 95
Content-Type: application/json; charset=utf-8
host: localhost:52674
accept: */*

Response DefaultHttpResponse(decodeResult: success, version: HTTP/1.1)
HTTP/1.1 200 OK
Content-Type: application/json; charset=utf-8
cache-control: no-cache
content-length: 88

11:08:07.118 [AsyncHttpClient-1-5] DEBUG org.asynchttpclient.netty.channel.ChannelManager - Adding key: http://localhost:52674 for channel [id: 0x26dd3a45, L:/127.0.0.1:60634 - R:localhost/127.0.0.1:52674]
11:08:07.120 [Forwarding isElementEnabled on session c47a01a74364230aa4a5e374f4eb5e8d to remote] DEBUG org.asynchttpclient.netty.request.NettyRequestSender - Using pooled Channel '[id: 0x26dd3a45, L:/127.0.0.1:60634 - R:localhost/127.0.0.1:52674]' for 'GET' to 'http://localhost:52674/session/c47a01a74364230aa4a5e374f4eb5e8d/element/bfa8c65b-a0de-44ea-b99d-f7deb4e8de91/enabled'
11:08:07.120 [Forwarding isElementEnabled on session c47a01a74364230aa4a5e374f4eb5e8d to remote] DEBUG org.asynchttpclient.netty.request.NettyRequestSender - Using open Channel [id: 0x26dd3a45, L:/127.0.0.1:60634 - R:localhost/127.0.0.1:52674] for GET '/session/c47a01a74364230aa4a5e374f4eb5e8d/element/bfa8c65b-a0de-44ea-b99d-f7deb4e8de91/enabled'
11:08:07.168 [AsyncHttpClient-1-5] DEBUG org.asynchttpclient.netty.handler.HttpHandler - 

Request DefaultFullHttpRequest(decodeResult: success, version: HTTP/1.1, content: EmptyByteBufBE)
GET /session/c47a01a74364230aa4a5e374f4eb5e8d/element/bfa8c65b-a0de-44ea-b99d-f7deb4e8de91/enabled HTTP/1.1
User-Agent: selenium/4.1.2 (java windows)
Cache-Control: no-cache
Content-Type: application/json; charset=utf-8
host: localhost:52674
accept: */*

Response DefaultHttpResponse(decodeResult: success, version: HTTP/1.1)
HTTP/1.1 200 OK
Content-Type: application/json; charset=utf-8
cache-control: no-cache
content-length: 14

11:08:07.168 [AsyncHttpClient-1-5] DEBUG org.asynchttpclient.netty.channel.ChannelManager - Adding key: http://localhost:52674 for channel [id: 0x26dd3a45, L:/127.0.0.1:60634 - R:localhost/127.0.0.1:52674]
11:08:07.203 [Forwarding screenshot on session c47a01a74364230aa4a5e374f4eb5e8d to remote] DEBUG org.asynchttpclient.netty.request.NettyRequestSender - Using pooled Channel '[id: 0x26dd3a45, L:/127.0.0.1:60634 - R:localhost/127.0.0.1:52674]' for 'GET' to 'http://localhost:52674/session/c47a01a74364230aa4a5e374f4eb5e8d/screenshot'
11:08:07.204 [Forwarding screenshot on session c47a01a74364230aa4a5e374f4eb5e8d to remote] DEBUG org.asynchttpclient.netty.request.NettyRequestSender - Using open Channel [id: 0x26dd3a45, L:/127.0.0.1:60634 - R:localhost/127.0.0.1:52674] for GET '/session/c47a01a74364230aa4a5e374f4eb5e8d/screenshot'
11:08:07.511 [AsyncHttpClient-1-5] DEBUG org.asynchttpclient.netty.handler.HttpHandler - 

Request DefaultFullHttpRequest(decodeResult: success, version: HTTP/1.1, content: EmptyByteBufBE)
GET /session/c47a01a74364230aa4a5e374f4eb5e8d/screenshot HTTP/1.1
User-Agent: selenium/4.1.2 (java windows)
Cache-Control: no-cache
Content-Type: application/json; charset=utf-8
host: localhost:52674
accept: */*

Response DefaultHttpResponse(decodeResult: success, version: HTTP/1.1)
HTTP/1.1 200 OK
Content-Type: application/json; charset=utf-8
cache-control: no-cache
content-length: 362200

11:08:07.514 [AsyncHttpClient-1-5] DEBUG org.asynchttpclient.netty.channel.ChannelManager - Adding key: http://localhost:52674 for channel [id: 0x26dd3a45, L:/127.0.0.1:60634 - R:localhost/127.0.0.1:52674]
11:08:07.540 [main] DEBUG net.serenitybdd.core.photography.Darkroom - Send negative for processing for target\site\serenity\55b76c88ccb34578c346517789147e834a87d654e1550c67d07965c2e0abf3ee.png
11:08:07.541 [main] DEBUG net.thucydides.core.steps.StepInterceptor - STEP DONE: checkValidDataPasien
  &amp#27;[32mAnd &amp#27;[0m&amp#27;[32mValid edit data&amp#27;[0m                                              &amp#27;[90m# starter.stepdefinitios.PatientDataSteps.validEditData()&amp#27;[0m
11:08:07.608 [Forwarding screenshot on session c47a01a74364230aa4a5e374f4eb5e8d to remote] DEBUG org.asynchttpclient.netty.request.NettyRequestSender - Using pooled Channel '[id: 0x26dd3a45, L:/127.0.0.1:60634 - R:localhost/127.0.0.1:52674]' for 'GET' to 'http://localhost:52674/session/c47a01a74364230aa4a5e374f4eb5e8d/screenshot'
11:08:07.608 [Forwarding screenshot on session c47a01a74364230aa4a5e374f4eb5e8d to remote] DEBUG org.asynchttpclient.netty.request.NettyRequestSender - Using open Channel [id: 0x26dd3a45, L:/127.0.0.1:60634 - R:localhost/127.0.0.1:52674] for GET '/session/c47a01a74364230aa4a5e374f4eb5e8d/screenshot'
11:08:07.625 [AsyncHttpClient-1-1] DEBUG org.asynchttpclient.netty.channel.DefaultChannelPool - Entry count for : http://localhost:60635 : 1
11:08:07.983 [AsyncHttpClient-1-5] DEBUG org.asynchttpclient.netty.handler.HttpHandler - 

Request DefaultFullHttpRequest(decodeResult: success, version: HTTP/1.1, content: EmptyByteBufBE)
GET /session/c47a01a74364230aa4a5e374f4eb5e8d/screenshot HTTP/1.1
User-Agent: selenium/4.1.2 (java windows)
Cache-Control: no-cache
Content-Type: application/json; charset=utf-8
host: localhost:52674
accept: */*

Response DefaultHttpResponse(decodeResult: success, version: HTTP/1.1)
HTTP/1.1 200 OK
Content-Type: application/json; charset=utf-8
cache-control: no-cache
content-length: 362200

11:08:07.986 [AsyncHttpClient-1-5] DEBUG org.asynchttpclient.netty.channel.ChannelManager - Adding key: http://localhost:52674 for channel [id: 0x26dd3a45, L:/127.0.0.1:60634 - R:localhost/127.0.0.1:52674]
11:08:08.033 [main] DEBUG net.serenitybdd.core.photography.Darkroom - Send negative for processing for target\site\serenity\55b76c88ccb34578c346517789147e834a87d654e1550c67d07965c2e0abf3ee.png
11:08:08.038 [AsyncHttpClient-1-7] DEBUG org.asynchttpclient.netty.handler.WebSocketHandler - Channel Closed: [id: 0x4481707c, L:/127.0.0.1:60649 ! R:localhost/127.0.0.1:60635] with attribute NettyResponseFuture{currentRetry=5,
	isDone=1,
	isCancelled=0,
	asyncHandler=org.asynchttpclient.ws.WebSocketUpgradeHandler@5769ac6d,
	nettyRequest=org.asynchttpclient.netty.request.NettyRequest@1c36f5a0,
	future=java.util.concurrent.CompletableFuture@4f83f2f4[Completed normally],
	uri=ws://localhost:60635/devtools/browser/690ff74c-7c77-4a33-943e-9e6d2a5957d1,
	keepAlive=true,
	redirectCount=0,
	timeoutsHolder=null,
	inAuth=0,
	touch=1655525272729}
11:08:08.039 [AsyncHttpClient-1-7] DEBUG org.asynchttpclient.netty.channel.ChannelManager - Closing Channel [id: 0x4481707c, L:/127.0.0.1:60649 ! R:localhost/127.0.0.1:60635] 
11:08:08.067 [Driver Command Executor] DEBUG org.asynchttpclient.netty.request.NettyRequestSender - Using pooled Channel '[id: 0x26dd3a45, L:/127.0.0.1:60634 - R:localhost/127.0.0.1:52674]' for 'DELETE' to 'http://localhost:52674/session/c47a01a74364230aa4a5e374f4eb5e8d'
11:08:08.067 [Driver Command Executor] DEBUG org.asynchttpclient.netty.request.NettyRequestSender - Using open Channel [id: 0x26dd3a45, L:/127.0.0.1:60634 - R:localhost/127.0.0.1:52674] for DELETE '/session/c47a01a74364230aa4a5e374f4eb5e8d'
11:08:08.595 [AsyncHttpClient-1-6] DEBUG org.asynchttpclient.netty.handler.HttpHandler - Unexpected I/O exception on channel [id: 0x02f303b3, L:/127.0.0.1:60647 - R:localhost/127.0.0.1:60635]
java.io.IOException: An existing connection was forcibly closed by the remote host
	at java.base/sun.nio.ch.SocketDispatcher.read0(Native Method)
	at java.base/sun.nio.ch.SocketDispatcher.read(SocketDispatcher.java:43)
	at java.base/sun.nio.ch.IOUtil.readIntoNativeBuffer(IOUtil.java:276)
	at java.base/sun.nio.ch.IOUtil.read(IOUtil.java:233)
	at java.base/sun.nio.ch.IOUtil.read(IOUtil.java:223)
	at java.base/sun.nio.ch.SocketChannelImpl.read(SocketChannelImpl.java:358)
	at io.netty.buffer.PooledByteBuf.setBytes(PooledByteBuf.java:258)
	at io.netty.buffer.AbstractByteBuf.writeBytes(AbstractByteBuf.java:1132)
	at io.netty.channel.socket.nio.NioSocketChannel.doReadBytes(NioSocketChannel.java:350)
	at io.netty.channel.nio.AbstractNioByteChannel$NioByteUnsafe.read(AbstractNioByteChannel.java:151)
	at io.netty.channel.nio.NioEventLoop.processSelectedKey(NioEventLoop.java:722)
	at io.netty.channel.nio.NioEventLoop.processSelectedKeysOptimized(NioEventLoop.java:658)
	at io.netty.channel.nio.NioEventLoop.processSelectedKeys(NioEventLoop.java:584)
	at io.netty.channel.nio.NioEventLoop.run(NioEventLoop.java:496)
	at io.netty.util.concurrent.SingleThreadEventExecutor$4.run(SingleThreadEventExecutor.java:986)
	at io.netty.util.internal.ThreadExecutorMap$2.run(ThreadExecutorMap.java:74)
	at io.netty.util.concurrent.FastThreadLocalRunnable.run(FastThreadLocalRunnable.java:30)
	at java.base/java.lang.Thread.run(Thread.java:834)
11:08:08.595 [AsyncHttpClient-1-6] DEBUG org.asynchttpclient.netty.channel.ChannelManager - Closing Channel [id: 0x02f303b3, L:/127.0.0.1:60647 - R:localhost/127.0.0.1:60635] 
11:08:08.595 [AsyncHttpClient-1-6] DEBUG org.asynchttpclient.netty.handler.HttpHandler - Channel Closed: [id: 0x02f303b3, L:/127.0.0.1:60647 ! R:localhost/127.0.0.1:60635] with attribute DISCARD
11:08:08.647 [AsyncHttpClient-1-5] DEBUG org.asynchttpclient.netty.handler.HttpHandler - 

Request DefaultFullHttpRequest(decodeResult: success, version: HTTP/1.1, content: EmptyByteBufBE)
DELETE /session/c47a01a74364230aa4a5e374f4eb5e8d HTTP/1.1
User-Agent: selenium/4.1.2 (java windows)
Content-Type: application/json; charset=utf-8
host: localhost:52674
accept: */*

Response DefaultHttpResponse(decodeResult: success, version: HTTP/1.1)
HTTP/1.1 200 OK
Content-Type: application/json; charset=utf-8
cache-control: no-cache
content-length: 14

11:08:08.647 [AsyncHttpClient-1-5] DEBUG org.asynchttpclient.netty.channel.ChannelManager - Adding key: http://localhost:52674 for channel [id: 0x26dd3a45, L:/127.0.0.1:60634 - R:localhost/127.0.0.1:52674]
11:08:08.712 [AsyncHttpClient-1-1] DEBUG org.asynchttpclient.netty.channel.DefaultChannelPool - Entry count for : http://localhost:52674 : 1
11:08:08.712 [AsyncHttpClient-1-1] DEBUG org.asynchttpclient.netty.channel.DefaultChannelPool - Entry count for : http://localhost:60635 : 1
11:08:08.712 [AsyncHttpClient-1-1] DEBUG org.asynchttpclient.netty.channel.DefaultChannelPool - Adding Candidate expired Channel [id: 0x02f303b3, L:/127.0.0.1:60647 ! R:localhost/127.0.0.1:60635] isIdleTimeoutExpired=false isRemotelyClosed=true isTtlExpired=false
11:08:08.712 [AsyncHttpClient-1-1] DEBUG org.asynchttpclient.netty.channel.DefaultChannelPool - Closing Idle Channel [id: 0x02f303b3, L:/127.0.0.1:60647 ! R:localhost/127.0.0.1:60635]
11:08:08.712 [AsyncHttpClient-1-1] DEBUG org.asynchttpclient.netty.channel.DefaultChannelPool - Closed 1 connections out of 2 in 0 ms
11:08:09.178 [AsyncHttpClient-1-5] DEBUG org.asynchttpclient.netty.handler.HttpHandler - Channel Closed: [id: 0x26dd3a45, L:/127.0.0.1:60634 ! R:localhost/127.0.0.1:52674] with attribute DISCARD
11:08:09.704 [main] INFO  - 
  _____   ___   ___   _____     ___     _     ___   ___   ___   ___  
 |_   _| | __| / __| |_   _|   | _ \   /_\   / __| / __| | __| |   \ 
   | |   | _|  \__ \   | |     |  _/  / _ \  \__ \ \__ \ | _|  | |) |
   |_|   |___| |___/   |_|     |_|   /_/ \_\ |___/ |___/ |___| |___/ 

As a admin i want to edit data dokter
----------------------------------------------------------------------
]]></system-out>
    <system-err><![CDATA[Starting ChromeDriver 102.0.5005.61 (0e59bcc00cc4985ce39ad31c150065f159d95ad3-refs/branch-heads/5005@{#819}) on port 52674
Only local connections are allowed.
Please see https://chromedriver.chromium.org/security-considerations for suggestions on keeping ChromeDriver safe.
ChromeDriver was started successfully.
Jun 18, 2022 11:07:52 AM org.openqa.selenium.remote.ProtocolHandshake createSession
INFO: Detected dialect: W3C
Jun 18, 2022 11:07:52 AM org.openqa.selenium.devtools.CdpVersionFinder findNearestMatch
WARNING: Unable to find an exact match for CDP version 102, so returning the closest version found: a no-op implementation
Jun 18, 2022 11:07:52 AM org.openqa.selenium.devtools.CdpVersionFinder findNearestMatch
INFO: Unable to find CDP implementation matching 102.
Jun 18, 2022 11:07:52 AM org.openqa.selenium.chromium.ChromiumDriver lambda$new$3
WARNING: Unable to find version of CDP to use for . You may need to include a dependency on a specific version of the CDP using something similar to `org.seleniumhq.selenium:selenium-devtools-v86:4.1.2` where the version ("v86") matches the version of the chromium-based browser you're using and the version number of the artifact is the same as Selenium's.
]]></system-err>
  </testcase>
  <testcase name="As a admin i want to edit data dokter #3" classname="Data Dokter Admin" time="19.752">
    <system-out><![CDATA[
@DataDokter @EditDokterData
Scenario Outline: As a admin i want to edit data dokter            &amp#27;[90m# src/test/resources/features/2DataDokter.feature:46&amp#27;[0m
11:08:09.744 [main] INFO io.cucumber.core.plugin.SerenityReporter - Running feature from file:///D:/New%20folder%20(2)/Capstone/Testing/src/test/resources/features/2DataDokter.feature
11:08:09.828 [AsyncHttpClient-1-1] DEBUG org.asynchttpclient.netty.channel.DefaultChannelPool - Entry count for : http://localhost:52674 : 1
11:08:09.828 [AsyncHttpClient-1-1] DEBUG org.asynchttpclient.netty.channel.DefaultChannelPool - Adding Candidate expired Channel [id: 0x26dd3a45, L:/127.0.0.1:60634 ! R:localhost/127.0.0.1:52674] isIdleTimeoutExpired=false isRemotelyClosed=true isTtlExpired=false
11:08:09.828 [AsyncHttpClient-1-1] DEBUG org.asynchttpclient.netty.channel.DefaultChannelPool - Closing Idle Channel [id: 0x26dd3a45, L:/127.0.0.1:60634 ! R:localhost/127.0.0.1:52674]
11:08:09.828 [AsyncHttpClient-1-1] DEBUG org.asynchttpclient.netty.channel.DefaultChannelPool - Closed 1 connections out of 1 in 0 ms
11:08:09.835 [main] DEBUG net.thucydides.core.steps.StepInterceptor - STARTING STEP: DokterDataSteps.openPageDataDokter - openDataDokter
11:08:09.840 [main] INFO net.serenitybdd.core.webdriver.driverproviders.ChromeDriverProvider - Using automatically driver download
11:08:10.116 [main] DEBUG io.github.bonigarcia.wdm.cache.ResolutionCache - Resolution chrome=102 in cache (valid until 11:10:23 18/06/2022 ICT)
11:08:10.133 [main] DEBUG io.github.bonigarcia.wdm.cache.ResolutionCache - Resolution chrome102=102.0.5005.61 in cache (valid until 19:49:35 18/06/2022 ICT)
11:08:10.148 [main] INFO io.github.bonigarcia.wdm.WebDriverManager - Using chromedriver 102.0.5005.61 (resolved driver for Chrome 102)
11:08:10.240 [main] DEBUG io.github.bonigarcia.wdm.WebDriverManager - Driver chromedriver 102.0.5005.61 found in cache
11:08:10.243 [main] INFO io.github.bonigarcia.wdm.WebDriverManager - Exporting webdriver.chrome.driver as C:\Users\ASUS\.cache\selenium\chromedriver\win32\102.0.5005.61\chromedriver.exe
11:08:10.495 [main] DEBUG net.serenitybdd.core.webdriver.driverproviders.ProvideNewDriver - Instantiating driver
11:08:10.496 [main] DEBUG net.serenitybdd.core.webdriver.driverproviders.ProvideNewDriver - Driver capabilities: Capabilities {acceptInsecureCerts: false, base.url: https://fanciful-trifle-360..., browserName: chrome, chore.driver: src/test/resources/webdrive..., driver: chrome, goog:chromeOptions: {args: [], extensions: []}}
11:08:11.062 [AsyncHttpClient-1-8] DEBUG org.asynchttpclient.netty.channel.NettyConnectListener - Using new Channel '[id: 0x79e43e94, L:/127.0.0.1:60682 - R:localhost/127.0.0.1:57200]' for 'POST' to '/session'
11:08:13.019 [AsyncHttpClient-1-8] DEBUG org.asynchttpclient.netty.handler.HttpHandler - 

Request DefaultHttpRequest(decodeResult: success, version: HTTP/1.1)
POST /session HTTP/1.1
User-Agent: selenium/4.1.2 (java windows)
Content-Length: 628
Content-Type: application/json; charset=utf-8
host: localhost:57200
accept: */*

Response DefaultHttpResponse(decodeResult: success, version: HTTP/1.1)
HTTP/1.1 200 OK
Content-Type: application/json; charset=utf-8
cache-control: no-cache
content-length: 789

11:08:13.021 [AsyncHttpClient-1-8] DEBUG org.asynchttpclient.netty.channel.ChannelManager - Adding key: http://localhost:57200 for channel [id: 0x79e43e94, L:/127.0.0.1:60682 - R:localhost/127.0.0.1:57200]
11:08:13.044 [AsyncHttpClient-1-9] DEBUG org.asynchttpclient.netty.channel.NettyConnectListener - Using new Channel '[id: 0x4430ef9f, L:/127.0.0.1:60693 - R:localhost/127.0.0.1:60684]' for 'GET' to '/json/version'
11:08:13.046 [AsyncHttpClient-1-9] DEBUG org.asynchttpclient.netty.handler.HttpHandler - 

Request DefaultFullHttpRequest(decodeResult: success, version: HTTP/1.1, content: EmptyByteBufBE)
GET /json/version HTTP/1.1
User-Agent: selenium/4.1.2 (java windows)
host: localhost:60684
accept: */*

Response DefaultHttpResponse(decodeResult: success, version: HTTP/1.1)
HTTP/1.1 200 OK
Content-Type: application/json; charset=UTF-8
content-length: 428

11:08:13.046 [AsyncHttpClient-1-9] DEBUG org.asynchttpclient.netty.channel.ChannelManager - Adding key: http://localhost:60684 for channel [id: 0x4430ef9f, L:/127.0.0.1:60693 - R:localhost/127.0.0.1:60684]
11:08:13.073 [AsyncHttpClient-1-2] DEBUG org.asynchttpclient.netty.channel.NettyConnectListener - Using new Channel '[id: 0x430f9168, L:/127.0.0.1:60695 - R:localhost/127.0.0.1:60684]' for 'GET' to '/devtools/browser/381b2e14-b54a-418f-85e0-aecec6635f84'
11:08:13.076 [AsyncHttpClient-1-2] DEBUG org.asynchttpclient.netty.handler.WebSocketHandler - 

Request DefaultFullHttpRequest(decodeResult: success, version: HTTP/1.1, content: EmptyByteBufBE)
GET /devtools/browser/381b2e14-b54a-418f-85e0-aecec6635f84 HTTP/1.1
upgrade: websocket
connection: upgrade
sec-websocket-key: eezxuQvqlwtBzcx66SPwYQ==
sec-websocket-version: 13
origin: http://localhost:60684
host: localhost:60684
accept: */*
user-agent: AHC/2.1

Response DefaultHttpResponse(decodeResult: success, version: HTTP/1.1)
HTTP/1.1 101 WebSocket Protocol Handshake
Upgrade: WebSocket
Connection: Upgrade
Sec-WebSocket-Accept: XtTrRgiuji1wbrLstW2jWpRNb3g=

11:08:13.096 [Forwarding get on session 5b222e90911a66b98176e6de8581b52e to remote] DEBUG org.asynchttpclient.netty.request.NettyRequestSender - Using pooled Channel '[id: 0x79e43e94, L:/127.0.0.1:60682 - R:localhost/127.0.0.1:57200]' for 'POST' to 'http://localhost:57200/session/5b222e90911a66b98176e6de8581b52e/url'
11:08:13.096 [Forwarding get on session 5b222e90911a66b98176e6de8581b52e to remote] DEBUG org.asynchttpclient.netty.request.NettyRequestSender - Using open Channel [id: 0x79e43e94, L:/127.0.0.1:60682 - R:localhost/127.0.0.1:57200] for POST '/session/5b222e90911a66b98176e6de8581b52e/url'
11:08:13.115 [AsyncHttpClient-1-1] DEBUG org.asynchttpclient.netty.channel.DefaultChannelPool - Entry count for : http://localhost:60684 : 1
11:08:14.213 [AsyncHttpClient-1-1] DEBUG org.asynchttpclient.netty.channel.DefaultChannelPool - Entry count for : http://localhost:60684 : 1
11:08:14.294 [AsyncHttpClient-1-8] DEBUG org.asynchttpclient.netty.handler.HttpHandler - 

Request DefaultHttpRequest(decodeResult: success, version: HTTP/1.1)
POST /session/5b222e90911a66b98176e6de8581b52e/url HTTP/1.1
User-Agent: selenium/4.1.2 (java windows)
Content-Length: 84
Content-Type: application/json; charset=utf-8
host: localhost:57200
accept: */*

Response DefaultHttpResponse(decodeResult: success, version: HTTP/1.1)
HTTP/1.1 200 OK
Content-Type: application/json; charset=utf-8
cache-control: no-cache
content-length: 14

11:08:14.294 [AsyncHttpClient-1-8] DEBUG org.asynchttpclient.netty.channel.ChannelManager - Adding key: http://localhost:57200 for channel [id: 0x79e43e94, L:/127.0.0.1:60682 - R:localhost/127.0.0.1:57200]
11:08:14.297 [Forwarding setTimeout on session 5b222e90911a66b98176e6de8581b52e to remote] DEBUG org.asynchttpclient.netty.request.NettyRequestSender - Using pooled Channel '[id: 0x79e43e94, L:/127.0.0.1:60682 - R:localhost/127.0.0.1:57200]' for 'POST' to 'http://localhost:57200/session/5b222e90911a66b98176e6de8581b52e/timeouts'
11:08:14.298 [Forwarding setTimeout on session 5b222e90911a66b98176e6de8581b52e to remote] DEBUG org.asynchttpclient.netty.request.NettyRequestSender - Using open Channel [id: 0x79e43e94, L:/127.0.0.1:60682 - R:localhost/127.0.0.1:57200] for POST '/session/5b222e90911a66b98176e6de8581b52e/timeouts'
11:08:14.301 [AsyncHttpClient-1-8] DEBUG org.asynchttpclient.netty.handler.HttpHandler - 

Request DefaultHttpRequest(decodeResult: success, version: HTTP/1.1)
POST /session/5b222e90911a66b98176e6de8581b52e/timeouts HTTP/1.1
User-Agent: selenium/4.1.2 (java windows)
Content-Length: 22
Content-Type: application/json; charset=utf-8
host: localhost:57200
accept: */*

Response DefaultHttpResponse(decodeResult: success, version: HTTP/1.1)
HTTP/1.1 200 OK
Content-Type: application/json; charset=utf-8
cache-control: no-cache
content-length: 14

11:08:14.301 [AsyncHttpClient-1-8] DEBUG org.asynchttpclient.netty.channel.ChannelManager - Adding key: http://localhost:57200 for channel [id: 0x79e43e94, L:/127.0.0.1:60682 - R:localhost/127.0.0.1:57200]
11:08:14.309 [Forwarding getCurrentUrl on session 5b222e90911a66b98176e6de8581b52e to remote] DEBUG org.asynchttpclient.netty.request.NettyRequestSender - Using pooled Channel '[id: 0x79e43e94, L:/127.0.0.1:60682 - R:localhost/127.0.0.1:57200]' for 'GET' to 'http://localhost:57200/session/5b222e90911a66b98176e6de8581b52e/url'
11:08:14.309 [Forwarding getCurrentUrl on session 5b222e90911a66b98176e6de8581b52e to remote] DEBUG org.asynchttpclient.netty.request.NettyRequestSender - Using open Channel [id: 0x79e43e94, L:/127.0.0.1:60682 - R:localhost/127.0.0.1:57200] for GET '/session/5b222e90911a66b98176e6de8581b52e/url'
11:08:14.463 [AsyncHttpClient-1-8] DEBUG org.asynchttpclient.netty.handler.HttpHandler - 

Request DefaultFullHttpRequest(decodeResult: success, version: HTTP/1.1, content: EmptyByteBufBE)
GET /session/5b222e90911a66b98176e6de8581b52e/url HTTP/1.1
User-Agent: selenium/4.1.2 (java windows)
Cache-Control: no-cache
Content-Type: application/json; charset=utf-8
host: localhost:57200
accept: */*

Response DefaultHttpResponse(decodeResult: success, version: HTTP/1.1)
HTTP/1.1 200 OK
Content-Type: application/json; charset=utf-8
cache-control: no-cache
content-length: 66

11:08:14.463 [AsyncHttpClient-1-8] DEBUG org.asynchttpclient.netty.channel.ChannelManager - Adding key: http://localhost:57200 for channel [id: 0x79e43e94, L:/127.0.0.1:60682 - R:localhost/127.0.0.1:57200]
11:08:14.477 [Forwarding screenshot on session 5b222e90911a66b98176e6de8581b52e to remote] DEBUG org.asynchttpclient.netty.request.NettyRequestSender - Using pooled Channel '[id: 0x79e43e94, L:/127.0.0.1:60682 - R:localhost/127.0.0.1:57200]' for 'GET' to 'http://localhost:57200/session/5b222e90911a66b98176e6de8581b52e/screenshot'
11:08:14.477 [Forwarding screenshot on session 5b222e90911a66b98176e6de8581b52e to remote] DEBUG org.asynchttpclient.netty.request.NettyRequestSender - Using open Channel [id: 0x79e43e94, L:/127.0.0.1:60682 - R:localhost/127.0.0.1:57200] for GET '/session/5b222e90911a66b98176e6de8581b52e/screenshot'
11:08:15.324 [AsyncHttpClient-1-1] DEBUG org.asynchttpclient.netty.channel.DefaultChannelPool - Entry count for : http://localhost:60684 : 1
11:08:15.663 [AsyncHttpClient-1-8] DEBUG org.asynchttpclient.netty.handler.HttpHandler - 

Request DefaultFullHttpRequest(decodeResult: success, version: HTTP/1.1, content: EmptyByteBufBE)
GET /session/5b222e90911a66b98176e6de8581b52e/screenshot HTTP/1.1
User-Agent: selenium/4.1.2 (java windows)
Cache-Control: no-cache
Content-Type: application/json; charset=utf-8
host: localhost:57200
accept: */*

Response DefaultHttpResponse(decodeResult: success, version: HTTP/1.1)
HTTP/1.1 200 OK
Content-Type: application/json; charset=utf-8
cache-control: no-cache
content-length: 71412

11:08:15.664 [AsyncHttpClient-1-8] DEBUG org.asynchttpclient.netty.channel.ChannelManager - Adding key: http://localhost:57200 for channel [id: 0x79e43e94, L:/127.0.0.1:60682 - R:localhost/127.0.0.1:57200]
11:08:15.670 [main] DEBUG net.serenitybdd.core.photography.Darkroom - Send negative for processing for target\site\serenity\641553ea0c7ee1350e9d99c43bd8b22ab0037bbbf11d544d65f62061eb96ca5a.png
11:08:15.670 [main] DEBUG net.thucydides.core.steps.StepInterceptor - STEP DONE: openDataDokter
  &amp#27;[32mGiven &amp#27;[0m&amp#27;[32mOpen page data dokter&amp#27;[0m                                      &amp#27;[90m# starter.stepdefinitios.DokterDataSteps.openPageDataDokter()&amp#27;[0m
11:08:15.753 [Forwarding screenshot on session 5b222e90911a66b98176e6de8581b52e to remote] DEBUG org.asynchttpclient.netty.request.NettyRequestSender - Using pooled Channel '[id: 0x79e43e94, L:/127.0.0.1:60682 - R:localhost/127.0.0.1:57200]' for 'GET' to 'http://localhost:57200/session/5b222e90911a66b98176e6de8581b52e/screenshot'
11:08:15.753 [Forwarding screenshot on session 5b222e90911a66b98176e6de8581b52e to remote] DEBUG org.asynchttpclient.netty.request.NettyRequestSender - Using open Channel [id: 0x79e43e94, L:/127.0.0.1:60682 - R:localhost/127.0.0.1:57200] for GET '/session/5b222e90911a66b98176e6de8581b52e/screenshot'
11:08:15.954 [AsyncHttpClient-1-8] DEBUG org.asynchttpclient.netty.handler.HttpHandler - 

Request DefaultFullHttpRequest(decodeResult: success, version: HTTP/1.1, content: EmptyByteBufBE)
GET /session/5b222e90911a66b98176e6de8581b52e/screenshot HTTP/1.1
User-Agent: selenium/4.1.2 (java windows)
Cache-Control: no-cache
Content-Type: application/json; charset=utf-8
host: localhost:57200
accept: */*

Response DefaultHttpResponse(decodeResult: success, version: HTTP/1.1)
HTTP/1.1 200 OK
Content-Type: application/json; charset=utf-8
cache-control: no-cache
content-length: 75104

11:08:15.955 [AsyncHttpClient-1-8] DEBUG org.asynchttpclient.netty.channel.ChannelManager - Adding key: http://localhost:57200 for channel [id: 0x79e43e94, L:/127.0.0.1:60682 - R:localhost/127.0.0.1:57200]
11:08:15.960 [main] DEBUG net.serenitybdd.core.photography.Darkroom - Send negative for processing for target\site\serenity\1663a6c0bcbfd436b358a6edff9ad9b73e84d95243ad3b85c0b7996ad72fd5f1.png
11:08:15.961 [main] DEBUG net.thucydides.core.steps.StepInterceptor - STARTING STEP: DokterDataSteps.clickDetailDokterData - clickButtonDetail
11:08:15.962 [Darkroom Processing Line] DEBUG net.serenitybdd.core.photography.DarkroomProcessingLine - Processing screenshot image in /var/screenshots/screenshot-5744690401094262943
11:08:15.962 [Darkroom Processing Line] DEBUG net.serenitybdd.core.photography.DarkroomProcessingLine - Saving screenshot to target\site\serenity\1663a6c0bcbfd436b358a6edff9ad9b73e84d95243ad3b85c0b7996ad72fd5f1.png
11:08:15.968 [Forwarding findElement on session 5b222e90911a66b98176e6de8581b52e to remote] DEBUG org.asynchttpclient.netty.request.NettyRequestSender - Using pooled Channel '[id: 0x79e43e94, L:/127.0.0.1:60682 - R:localhost/127.0.0.1:57200]' for 'POST' to 'http://localhost:57200/session/5b222e90911a66b98176e6de8581b52e/element'
11:08:15.968 [Forwarding findElement on session 5b222e90911a66b98176e6de8581b52e to remote] DEBUG org.asynchttpclient.netty.request.NettyRequestSender - Using open Channel [id: 0x79e43e94, L:/127.0.0.1:60682 - R:localhost/127.0.0.1:57200] for POST '/session/5b222e90911a66b98176e6de8581b52e/element'
11:08:15.997 [AsyncHttpClient-1-8] DEBUG org.asynchttpclient.netty.handler.HttpHandler - 

Request DefaultHttpRequest(decodeResult: success, version: HTTP/1.1)
POST /session/5b222e90911a66b98176e6de8581b52e/element HTTP/1.1
User-Agent: selenium/4.1.2 (java windows)
Content-Length: 92
Content-Type: application/json; charset=utf-8
host: localhost:57200
accept: */*

Response DefaultHttpResponse(decodeResult: success, version: HTTP/1.1)
HTTP/1.1 200 OK
Content-Type: application/json; charset=utf-8
cache-control: no-cache
content-length: 88

11:08:15.997 [AsyncHttpClient-1-8] DEBUG org.asynchttpclient.netty.channel.ChannelManager - Adding key: http://localhost:57200 for channel [id: 0x79e43e94, L:/127.0.0.1:60682 - R:localhost/127.0.0.1:57200]
11:08:16.000 [Forwarding getElementTagName on session 5b222e90911a66b98176e6de8581b52e to remote] DEBUG org.asynchttpclient.netty.request.NettyRequestSender - Using pooled Channel '[id: 0x79e43e94, L:/127.0.0.1:60682 - R:localhost/127.0.0.1:57200]' for 'GET' to 'http://localhost:57200/session/5b222e90911a66b98176e6de8581b52e/element/d04bd10e-ae61-463a-8bd3-5d573e378652/name'
11:08:16.000 [Forwarding getElementTagName on session 5b222e90911a66b98176e6de8581b52e to remote] DEBUG org.asynchttpclient.netty.request.NettyRequestSender - Using open Channel [id: 0x79e43e94, L:/127.0.0.1:60682 - R:localhost/127.0.0.1:57200] for GET '/session/5b222e90911a66b98176e6de8581b52e/element/d04bd10e-ae61-463a-8bd3-5d573e378652/name'
11:08:16.009 [AsyncHttpClient-1-8] DEBUG org.asynchttpclient.netty.handler.HttpHandler - 

Request DefaultFullHttpRequest(decodeResult: success, version: HTTP/1.1, content: EmptyByteBufBE)
GET /session/5b222e90911a66b98176e6de8581b52e/element/d04bd10e-ae61-463a-8bd3-5d573e378652/name HTTP/1.1
User-Agent: selenium/4.1.2 (java windows)
Cache-Control: no-cache
Content-Type: application/json; charset=utf-8
host: localhost:57200
accept: */*

Response DefaultHttpResponse(decodeResult: success, version: HTTP/1.1)
HTTP/1.1 200 OK
Content-Type: application/json; charset=utf-8
cache-control: no-cache
content-length: 15

11:08:16.010 [AsyncHttpClient-1-8] DEBUG org.asynchttpclient.netty.channel.ChannelManager - Adding key: http://localhost:57200 for channel [id: 0x79e43e94, L:/127.0.0.1:60682 - R:localhost/127.0.0.1:57200]
11:08:16.012 [Forwarding getElementTagName on session 5b222e90911a66b98176e6de8581b52e to remote] DEBUG org.asynchttpclient.netty.request.NettyRequestSender - Using pooled Channel '[id: 0x79e43e94, L:/127.0.0.1:60682 - R:localhost/127.0.0.1:57200]' for 'GET' to 'http://localhost:57200/session/5b222e90911a66b98176e6de8581b52e/element/d04bd10e-ae61-463a-8bd3-5d573e378652/name'
11:08:16.012 [Forwarding getElementTagName on session 5b222e90911a66b98176e6de8581b52e to remote] DEBUG org.asynchttpclient.netty.request.NettyRequestSender - Using open Channel [id: 0x79e43e94, L:/127.0.0.1:60682 - R:localhost/127.0.0.1:57200] for GET '/session/5b222e90911a66b98176e6de8581b52e/element/d04bd10e-ae61-463a-8bd3-5d573e378652/name'
11:08:16.018 [AsyncHttpClient-1-8] DEBUG org.asynchttpclient.netty.handler.HttpHandler - 

Request DefaultFullHttpRequest(decodeResult: success, version: HTTP/1.1, content: EmptyByteBufBE)
GET /session/5b222e90911a66b98176e6de8581b52e/element/d04bd10e-ae61-463a-8bd3-5d573e378652/name HTTP/1.1
User-Agent: selenium/4.1.2 (java windows)
Cache-Control: no-cache
Content-Type: application/json; charset=utf-8
host: localhost:57200
accept: */*

Response DefaultHttpResponse(decodeResult: success, version: HTTP/1.1)
HTTP/1.1 200 OK
Content-Type: application/json; charset=utf-8
cache-control: no-cache
content-length: 15

11:08:16.018 [AsyncHttpClient-1-8] DEBUG org.asynchttpclient.netty.channel.ChannelManager - Adding key: http://localhost:57200 for channel [id: 0x79e43e94, L:/127.0.0.1:60682 - R:localhost/127.0.0.1:57200]
11:08:16.023 [Forwarding findElement on session 5b222e90911a66b98176e6de8581b52e to remote] DEBUG org.asynchttpclient.netty.request.NettyRequestSender - Using pooled Channel '[id: 0x79e43e94, L:/127.0.0.1:60682 - R:localhost/127.0.0.1:57200]' for 'POST' to 'http://localhost:57200/session/5b222e90911a66b98176e6de8581b52e/element'
11:08:16.023 [Forwarding findElement on session 5b222e90911a66b98176e6de8581b52e to remote] DEBUG org.asynchttpclient.netty.request.NettyRequestSender - Using open Channel [id: 0x79e43e94, L:/127.0.0.1:60682 - R:localhost/127.0.0.1:57200] for POST '/session/5b222e90911a66b98176e6de8581b52e/element'
11:08:16.038 [AsyncHttpClient-1-8] DEBUG org.asynchttpclient.netty.handler.HttpHandler - 

Request DefaultHttpRequest(decodeResult: success, version: HTTP/1.1)
POST /session/5b222e90911a66b98176e6de8581b52e/element HTTP/1.1
User-Agent: selenium/4.1.2 (java windows)
Content-Length: 92
Content-Type: application/json; charset=utf-8
host: localhost:57200
accept: */*

Response DefaultHttpResponse(decodeResult: success, version: HTTP/1.1)
HTTP/1.1 200 OK
Content-Type: application/json; charset=utf-8
cache-control: no-cache
content-length: 88

11:08:16.039 [AsyncHttpClient-1-8] DEBUG org.asynchttpclient.netty.channel.ChannelManager - Adding key: http://localhost:57200 for channel [id: 0x79e43e94, L:/127.0.0.1:60682 - R:localhost/127.0.0.1:57200]
11:08:16.042 [Forwarding clickElement on session 5b222e90911a66b98176e6de8581b52e to remote] DEBUG org.asynchttpclient.netty.request.NettyRequestSender - Using pooled Channel '[id: 0x79e43e94, L:/127.0.0.1:60682 - R:localhost/127.0.0.1:57200]' for 'POST' to 'http://localhost:57200/session/5b222e90911a66b98176e6de8581b52e/element/d04bd10e-ae61-463a-8bd3-5d573e378652/click'
11:08:16.042 [Forwarding clickElement on session 5b222e90911a66b98176e6de8581b52e to remote] DEBUG org.asynchttpclient.netty.request.NettyRequestSender - Using open Channel [id: 0x79e43e94, L:/127.0.0.1:60682 - R:localhost/127.0.0.1:57200] for POST '/session/5b222e90911a66b98176e6de8581b52e/element/d04bd10e-ae61-463a-8bd3-5d573e378652/click'
11:08:16.318 [AsyncHttpClient-1-8] DEBUG org.asynchttpclient.netty.handler.HttpHandler - 

Request DefaultHttpRequest(decodeResult: success, version: HTTP/1.1)
POST /session/5b222e90911a66b98176e6de8581b52e/element/d04bd10e-ae61-463a-8bd3-5d573e378652/click HTTP/1.1
User-Agent: selenium/4.1.2 (java windows)
Content-Length: 50
Content-Type: application/json; charset=utf-8
host: localhost:57200
accept: */*

Response DefaultHttpResponse(decodeResult: success, version: HTTP/1.1)
HTTP/1.1 200 OK
Content-Type: application/json; charset=utf-8
cache-control: no-cache
content-length: 14

11:08:16.319 [AsyncHttpClient-1-8] DEBUG org.asynchttpclient.netty.channel.ChannelManager - Adding key: http://localhost:57200 for channel [id: 0x79e43e94, L:/127.0.0.1:60682 - R:localhost/127.0.0.1:57200]
11:08:16.334 [Forwarding screenshot on session 5b222e90911a66b98176e6de8581b52e to remote] DEBUG org.asynchttpclient.netty.request.NettyRequestSender - Using pooled Channel '[id: 0x79e43e94, L:/127.0.0.1:60682 - R:localhost/127.0.0.1:57200]' for 'GET' to 'http://localhost:57200/session/5b222e90911a66b98176e6de8581b52e/screenshot'
11:08:16.335 [Forwarding screenshot on session 5b222e90911a66b98176e6de8581b52e to remote] DEBUG org.asynchttpclient.netty.request.NettyRequestSender - Using open Channel [id: 0x79e43e94, L:/127.0.0.1:60682 - R:localhost/127.0.0.1:57200] for GET '/session/5b222e90911a66b98176e6de8581b52e/screenshot'
11:08:16.414 [AsyncHttpClient-1-1] DEBUG org.asynchttpclient.netty.channel.DefaultChannelPool - Entry count for : http://localhost:60684 : 1
11:08:16.860 [AsyncHttpClient-1-8] DEBUG org.asynchttpclient.netty.handler.HttpHandler - 

Request DefaultFullHttpRequest(decodeResult: success, version: HTTP/1.1, content: EmptyByteBufBE)
GET /session/5b222e90911a66b98176e6de8581b52e/screenshot HTTP/1.1
User-Agent: selenium/4.1.2 (java windows)
Cache-Control: no-cache
Content-Type: application/json; charset=utf-8
host: localhost:57200
accept: */*

Response DefaultHttpResponse(decodeResult: success, version: HTTP/1.1)
HTTP/1.1 200 OK
Content-Type: application/json; charset=utf-8
cache-control: no-cache
content-length: 34396

11:08:16.860 [AsyncHttpClient-1-8] DEBUG org.asynchttpclient.netty.channel.ChannelManager - Adding key: http://localhost:57200 for channel [id: 0x79e43e94, L:/127.0.0.1:60682 - R:localhost/127.0.0.1:57200]
11:08:16.869 [main] DEBUG net.serenitybdd.core.photography.Darkroom - Send negative for processing for target\site\serenity\aadc397e20fc2741897c66f582e107d4b00b7abe3deeeb78262114dbcaf4e52a.png
11:08:16.870 [main] DEBUG net.thucydides.core.steps.StepInterceptor - STEP DONE: clickButtonDetail
  &amp#27;[32mAnd &amp#27;[0m&amp#27;[32mClick Detail dokter data&amp#27;[0m                                     &amp#27;[90m# starter.stepdefinitios.DokterDataSteps.clickDetailDokterData()&amp#27;[0m
11:08:16.873 [Darkroom Processing Line] DEBUG net.serenitybdd.core.photography.DarkroomProcessingLine - Processing screenshot image in /var/screenshots/screenshot-18040989939246629230
11:08:16.873 [Darkroom Processing Line] DEBUG net.serenitybdd.core.photography.DarkroomProcessingLine - Saving screenshot to target\site\serenity\aadc397e20fc2741897c66f582e107d4b00b7abe3deeeb78262114dbcaf4e52a.png
11:08:17.418 [Forwarding screenshot on session 5b222e90911a66b98176e6de8581b52e to remote] DEBUG org.asynchttpclient.netty.request.NettyRequestSender - Using pooled Channel '[id: 0x79e43e94, L:/127.0.0.1:60682 - R:localhost/127.0.0.1:57200]' for 'GET' to 'http://localhost:57200/session/5b222e90911a66b98176e6de8581b52e/screenshot'
11:08:17.418 [Forwarding screenshot on session 5b222e90911a66b98176e6de8581b52e to remote] DEBUG org.asynchttpclient.netty.request.NettyRequestSender - Using open Channel [id: 0x79e43e94, L:/127.0.0.1:60682 - R:localhost/127.0.0.1:57200] for GET '/session/5b222e90911a66b98176e6de8581b52e/screenshot'
11:08:17.514 [AsyncHttpClient-1-1] DEBUG org.asynchttpclient.netty.channel.DefaultChannelPool - Entry count for : http://localhost:60684 : 1
11:08:17.711 [AsyncHttpClient-1-8] DEBUG org.asynchttpclient.netty.handler.HttpHandler - 

Request DefaultFullHttpRequest(decodeResult: success, version: HTTP/1.1, content: EmptyByteBufBE)
GET /session/5b222e90911a66b98176e6de8581b52e/screenshot HTTP/1.1
User-Agent: selenium/4.1.2 (java windows)
Cache-Control: no-cache
Content-Type: application/json; charset=utf-8
host: localhost:57200
accept: */*

Response DefaultHttpResponse(decodeResult: success, version: HTTP/1.1)
HTTP/1.1 200 OK
Content-Type: application/json; charset=utf-8
cache-control: no-cache
content-length: 361212

11:08:17.713 [AsyncHttpClient-1-8] DEBUG org.asynchttpclient.netty.channel.ChannelManager - Adding key: http://localhost:57200 for channel [id: 0x79e43e94, L:/127.0.0.1:60682 - R:localhost/127.0.0.1:57200]
11:08:17.738 [main] DEBUG net.serenitybdd.core.photography.Darkroom - Send negative for processing for target\site\serenity\f093ac79edcaf2bc3c360bf0af0d4648b807f940db35d1409f01a3271265f5d9.png
11:08:17.739 [main] DEBUG net.thucydides.core.steps.StepInterceptor - STARTING STEP: DokterDataSteps.validDataDetailDokter - checkValidDataPasien
11:08:17.745 [Forwarding findElement on session 5b222e90911a66b98176e6de8581b52e to remote] DEBUG org.asynchttpclient.netty.request.NettyRequestSender - Using pooled Channel '[id: 0x79e43e94, L:/127.0.0.1:60682 - R:localhost/127.0.0.1:57200]' for 'POST' to 'http://localhost:57200/session/5b222e90911a66b98176e6de8581b52e/element'
11:08:17.745 [Forwarding findElement on session 5b222e90911a66b98176e6de8581b52e to remote] DEBUG org.asynchttpclient.netty.request.NettyRequestSender - Using open Channel [id: 0x79e43e94, L:/127.0.0.1:60682 - R:localhost/127.0.0.1:57200] for POST '/session/5b222e90911a66b98176e6de8581b52e/element'
11:08:17.768 [AsyncHttpClient-1-8] DEBUG org.asynchttpclient.netty.handler.HttpHandler - 

Request DefaultHttpRequest(decodeResult: success, version: HTTP/1.1)
POST /session/5b222e90911a66b98176e6de8581b52e/element HTTP/1.1
User-Agent: selenium/4.1.2 (java windows)
Content-Length: 95
Content-Type: application/json; charset=utf-8
host: localhost:57200
accept: */*

Response DefaultHttpResponse(decodeResult: success, version: HTTP/1.1)
HTTP/1.1 200 OK
Content-Type: application/json; charset=utf-8
cache-control: no-cache
content-length: 88

11:08:17.769 [AsyncHttpClient-1-8] DEBUG org.asynchttpclient.netty.channel.ChannelManager - Adding key: http://localhost:57200 for channel [id: 0x79e43e94, L:/127.0.0.1:60682 - R:localhost/127.0.0.1:57200]
11:08:17.771 [Forwarding isElementEnabled on session 5b222e90911a66b98176e6de8581b52e to remote] DEBUG org.asynchttpclient.netty.request.NettyRequestSender - Using pooled Channel '[id: 0x79e43e94, L:/127.0.0.1:60682 - R:localhost/127.0.0.1:57200]' for 'GET' to 'http://localhost:57200/session/5b222e90911a66b98176e6de8581b52e/element/3bfcf280-6e98-450c-b03e-09fb115c429b/enabled'
11:08:17.771 [Forwarding isElementEnabled on session 5b222e90911a66b98176e6de8581b52e to remote] DEBUG org.asynchttpclient.netty.request.NettyRequestSender - Using open Channel [id: 0x79e43e94, L:/127.0.0.1:60682 - R:localhost/127.0.0.1:57200] for GET '/session/5b222e90911a66b98176e6de8581b52e/element/3bfcf280-6e98-450c-b03e-09fb115c429b/enabled'
11:08:17.788 [AsyncHttpClient-1-8] DEBUG org.asynchttpclient.netty.handler.HttpHandler - 

Request DefaultFullHttpRequest(decodeResult: success, version: HTTP/1.1, content: EmptyByteBufBE)
GET /session/5b222e90911a66b98176e6de8581b52e/element/3bfcf280-6e98-450c-b03e-09fb115c429b/enabled HTTP/1.1
User-Agent: selenium/4.1.2 (java windows)
Cache-Control: no-cache
Content-Type: application/json; charset=utf-8
host: localhost:57200
accept: */*

Response DefaultHttpResponse(decodeResult: success, version: HTTP/1.1)
HTTP/1.1 200 OK
Content-Type: application/json; charset=utf-8
cache-control: no-cache
content-length: 14

11:08:17.789 [AsyncHttpClient-1-8] DEBUG org.asynchttpclient.netty.channel.ChannelManager - Adding key: http://localhost:57200 for channel [id: 0x79e43e94, L:/127.0.0.1:60682 - R:localhost/127.0.0.1:57200]
11:08:17.800 [Forwarding screenshot on session 5b222e90911a66b98176e6de8581b52e to remote] DEBUG org.asynchttpclient.netty.request.NettyRequestSender - Using pooled Channel '[id: 0x79e43e94, L:/127.0.0.1:60682 - R:localhost/127.0.0.1:57200]' for 'GET' to 'http://localhost:57200/session/5b222e90911a66b98176e6de8581b52e/screenshot'
11:08:17.800 [Forwarding screenshot on session 5b222e90911a66b98176e6de8581b52e to remote] DEBUG org.asynchttpclient.netty.request.NettyRequestSender - Using open Channel [id: 0x79e43e94, L:/127.0.0.1:60682 - R:localhost/127.0.0.1:57200] for GET '/session/5b222e90911a66b98176e6de8581b52e/screenshot'
11:08:18.116 [AsyncHttpClient-1-8] DEBUG org.asynchttpclient.netty.handler.HttpHandler - 

Request DefaultFullHttpRequest(decodeResult: success, version: HTTP/1.1, content: EmptyByteBufBE)
GET /session/5b222e90911a66b98176e6de8581b52e/screenshot HTTP/1.1
User-Agent: selenium/4.1.2 (java windows)
Cache-Control: no-cache
Content-Type: application/json; charset=utf-8
host: localhost:57200
accept: */*

Response DefaultHttpResponse(decodeResult: success, version: HTTP/1.1)
HTTP/1.1 200 OK
Content-Type: application/json; charset=utf-8
cache-control: no-cache
content-length: 361212

11:08:18.121 [AsyncHttpClient-1-8] DEBUG org.asynchttpclient.netty.channel.ChannelManager - Adding key: http://localhost:57200 for channel [id: 0x79e43e94, L:/127.0.0.1:60682 - R:localhost/127.0.0.1:57200]
11:08:18.155 [main] DEBUG net.serenitybdd.core.photography.Darkroom - Send negative for processing for target\site\serenity\f093ac79edcaf2bc3c360bf0af0d4648b807f940db35d1409f01a3271265f5d9.png
11:08:18.156 [main] DEBUG net.thucydides.core.steps.StepInterceptor - STEP DONE: checkValidDataPasien
  &amp#27;[32mWhen &amp#27;[0m&amp#27;[32mValid data detail dokter&amp#27;[0m                                    &amp#27;[90m# starter.stepdefinitios.DokterDataSteps.validDataDetailDokter()&amp#27;[0m
11:08:18.324 [Forwarding screenshot on session 5b222e90911a66b98176e6de8581b52e to remote] DEBUG org.asynchttpclient.netty.request.NettyRequestSender - Using pooled Channel '[id: 0x79e43e94, L:/127.0.0.1:60682 - R:localhost/127.0.0.1:57200]' for 'GET' to 'http://localhost:57200/session/5b222e90911a66b98176e6de8581b52e/screenshot'
11:08:18.324 [Forwarding screenshot on session 5b222e90911a66b98176e6de8581b52e to remote] DEBUG org.asynchttpclient.netty.request.NettyRequestSender - Using open Channel [id: 0x79e43e94, L:/127.0.0.1:60682 - R:localhost/127.0.0.1:57200] for GET '/session/5b222e90911a66b98176e6de8581b52e/screenshot'
11:08:18.628 [AsyncHttpClient-1-1] DEBUG org.asynchttpclient.netty.channel.DefaultChannelPool - Entry count for : http://localhost:60684 : 1
11:08:18.670 [AsyncHttpClient-1-8] DEBUG org.asynchttpclient.netty.handler.HttpHandler - 

Request DefaultFullHttpRequest(decodeResult: success, version: HTTP/1.1, content: EmptyByteBufBE)
GET /session/5b222e90911a66b98176e6de8581b52e/screenshot HTTP/1.1
User-Agent: selenium/4.1.2 (java windows)
Cache-Control: no-cache
Content-Type: application/json; charset=utf-8
host: localhost:57200
accept: */*

Response DefaultHttpResponse(decodeResult: success, version: HTTP/1.1)
HTTP/1.1 200 OK
Content-Type: application/json; charset=utf-8
cache-control: no-cache
content-length: 361212

11:08:18.674 [AsyncHttpClient-1-8] DEBUG org.asynchttpclient.netty.channel.ChannelManager - Adding key: http://localhost:57200 for channel [id: 0x79e43e94, L:/127.0.0.1:60682 - R:localhost/127.0.0.1:57200]
11:08:18.706 [main] DEBUG net.serenitybdd.core.photography.Darkroom - Send negative for processing for target\site\serenity\f093ac79edcaf2bc3c360bf0af0d4648b807f940db35d1409f01a3271265f5d9.png
11:08:18.707 [main] DEBUG net.thucydides.core.steps.StepInterceptor - STARTING STEP: PatientDataSteps.clickButtonEditProfil - clickButtonEditDataPasien
11:08:18.714 [Forwarding findElement on session 5b222e90911a66b98176e6de8581b52e to remote] DEBUG org.asynchttpclient.netty.request.NettyRequestSender - Using pooled Channel '[id: 0x79e43e94, L:/127.0.0.1:60682 - R:localhost/127.0.0.1:57200]' for 'POST' to 'http://localhost:57200/session/5b222e90911a66b98176e6de8581b52e/element'
11:08:18.714 [Forwarding findElement on session 5b222e90911a66b98176e6de8581b52e to remote] DEBUG org.asynchttpclient.netty.request.NettyRequestSender - Using open Channel [id: 0x79e43e94, L:/127.0.0.1:60682 - R:localhost/127.0.0.1:57200] for POST '/session/5b222e90911a66b98176e6de8581b52e/element'
11:08:18.785 [AsyncHttpClient-1-8] DEBUG org.asynchttpclient.netty.handler.HttpHandler - 

Request DefaultHttpRequest(decodeResult: success, version: HTTP/1.1)
POST /session/5b222e90911a66b98176e6de8581b52e/element HTTP/1.1
User-Agent: selenium/4.1.2 (java windows)
Content-Length: 116
Content-Type: application/json; charset=utf-8
host: localhost:57200
accept: */*

Response DefaultHttpResponse(decodeResult: success, version: HTTP/1.1)
HTTP/1.1 200 OK
Content-Type: application/json; charset=utf-8
cache-control: no-cache
content-length: 88

11:08:18.785 [AsyncHttpClient-1-8] DEBUG org.asynchttpclient.netty.channel.ChannelManager - Adding key: http://localhost:57200 for channel [id: 0x79e43e94, L:/127.0.0.1:60682 - R:localhost/127.0.0.1:57200]
11:08:18.788 [Forwarding getElementTagName on session 5b222e90911a66b98176e6de8581b52e to remote] DEBUG org.asynchttpclient.netty.request.NettyRequestSender - Using pooled Channel '[id: 0x79e43e94, L:/127.0.0.1:60682 - R:localhost/127.0.0.1:57200]' for 'GET' to 'http://localhost:57200/session/5b222e90911a66b98176e6de8581b52e/element/f6073552-d2ac-470e-9181-24d6072896e7/name'
11:08:18.788 [Forwarding getElementTagName on session 5b222e90911a66b98176e6de8581b52e to remote] DEBUG org.asynchttpclient.netty.request.NettyRequestSender - Using open Channel [id: 0x79e43e94, L:/127.0.0.1:60682 - R:localhost/127.0.0.1:57200] for GET '/session/5b222e90911a66b98176e6de8581b52e/element/f6073552-d2ac-470e-9181-24d6072896e7/name'
11:08:18.806 [AsyncHttpClient-1-8] DEBUG org.asynchttpclient.netty.handler.HttpHandler - 

Request DefaultFullHttpRequest(decodeResult: success, version: HTTP/1.1, content: EmptyByteBufBE)
GET /session/5b222e90911a66b98176e6de8581b52e/element/f6073552-d2ac-470e-9181-24d6072896e7/name HTTP/1.1
User-Agent: selenium/4.1.2 (java windows)
Cache-Control: no-cache
Content-Type: application/json; charset=utf-8
host: localhost:57200
accept: */*

Response DefaultHttpResponse(decodeResult: success, version: HTTP/1.1)
HTTP/1.1 200 OK
Content-Type: application/json; charset=utf-8
cache-control: no-cache
content-length: 18

11:08:18.807 [AsyncHttpClient-1-8] DEBUG org.asynchttpclient.netty.channel.ChannelManager - Adding key: http://localhost:57200 for channel [id: 0x79e43e94, L:/127.0.0.1:60682 - R:localhost/127.0.0.1:57200]
11:08:18.810 [Forwarding getElementTagName on session 5b222e90911a66b98176e6de8581b52e to remote] DEBUG org.asynchttpclient.netty.request.NettyRequestSender - Using pooled Channel '[id: 0x79e43e94, L:/127.0.0.1:60682 - R:localhost/127.0.0.1:57200]' for 'GET' to 'http://localhost:57200/session/5b222e90911a66b98176e6de8581b52e/element/f6073552-d2ac-470e-9181-24d6072896e7/name'
11:08:18.810 [Forwarding getElementTagName on session 5b222e90911a66b98176e6de8581b52e to remote] DEBUG org.asynchttpclient.netty.request.NettyRequestSender - Using open Channel [id: 0x79e43e94, L:/127.0.0.1:60682 - R:localhost/127.0.0.1:57200] for GET '/session/5b222e90911a66b98176e6de8581b52e/element/f6073552-d2ac-470e-9181-24d6072896e7/name'
11:08:18.819 [AsyncHttpClient-1-8] DEBUG org.asynchttpclient.netty.handler.HttpHandler - 

Request DefaultFullHttpRequest(decodeResult: success, version: HTTP/1.1, content: EmptyByteBufBE)
GET /session/5b222e90911a66b98176e6de8581b52e/element/f6073552-d2ac-470e-9181-24d6072896e7/name HTTP/1.1
User-Agent: selenium/4.1.2 (java windows)
Cache-Control: no-cache
Content-Type: application/json; charset=utf-8
host: localhost:57200
accept: */*

Response DefaultHttpResponse(decodeResult: success, version: HTTP/1.1)
HTTP/1.1 200 OK
Content-Type: application/json; charset=utf-8
cache-control: no-cache
content-length: 18

11:08:18.821 [AsyncHttpClient-1-8] DEBUG org.asynchttpclient.netty.channel.ChannelManager - Adding key: http://localhost:57200 for channel [id: 0x79e43e94, L:/127.0.0.1:60682 - R:localhost/127.0.0.1:57200]
11:08:18.852 [Forwarding isElementEnabled on session 5b222e90911a66b98176e6de8581b52e to remote] DEBUG org.asynchttpclient.netty.request.NettyRequestSender - Using pooled Channel '[id: 0x79e43e94, L:/127.0.0.1:60682 - R:localhost/127.0.0.1:57200]' for 'GET' to 'http://localhost:57200/session/5b222e90911a66b98176e6de8581b52e/element/f6073552-d2ac-470e-9181-24d6072896e7/enabled'
11:08:18.853 [Forwarding isElementEnabled on session 5b222e90911a66b98176e6de8581b52e to remote] DEBUG org.asynchttpclient.netty.request.NettyRequestSender - Using open Channel [id: 0x79e43e94, L:/127.0.0.1:60682 - R:localhost/127.0.0.1:57200] for GET '/session/5b222e90911a66b98176e6de8581b52e/element/f6073552-d2ac-470e-9181-24d6072896e7/enabled'
11:08:18.877 [AsyncHttpClient-1-8] DEBUG org.asynchttpclient.netty.handler.HttpHandler - 

Request DefaultFullHttpRequest(decodeResult: success, version: HTTP/1.1, content: EmptyByteBufBE)
GET /session/5b222e90911a66b98176e6de8581b52e/element/f6073552-d2ac-470e-9181-24d6072896e7/enabled HTTP/1.1
User-Agent: selenium/4.1.2 (java windows)
Cache-Control: no-cache
Content-Type: application/json; charset=utf-8
host: localhost:57200
accept: */*

Response DefaultHttpResponse(decodeResult: success, version: HTTP/1.1)
HTTP/1.1 200 OK
Content-Type: application/json; charset=utf-8
cache-control: no-cache
content-length: 14

11:08:18.877 [AsyncHttpClient-1-8] DEBUG org.asynchttpclient.netty.channel.ChannelManager - Adding key: http://localhost:57200 for channel [id: 0x79e43e94, L:/127.0.0.1:60682 - R:localhost/127.0.0.1:57200]
11:08:18.880 [Forwarding isElementEnabled on session 5b222e90911a66b98176e6de8581b52e to remote] DEBUG org.asynchttpclient.netty.request.NettyRequestSender - Using pooled Channel '[id: 0x79e43e94, L:/127.0.0.1:60682 - R:localhost/127.0.0.1:57200]' for 'GET' to 'http://localhost:57200/session/5b222e90911a66b98176e6de8581b52e/element/f6073552-d2ac-470e-9181-24d6072896e7/enabled'
11:08:18.880 [Forwarding isElementEnabled on session 5b222e90911a66b98176e6de8581b52e to remote] DEBUG org.asynchttpclient.netty.request.NettyRequestSender - Using open Channel [id: 0x79e43e94, L:/127.0.0.1:60682 - R:localhost/127.0.0.1:57200] for GET '/session/5b222e90911a66b98176e6de8581b52e/element/f6073552-d2ac-470e-9181-24d6072896e7/enabled'
11:08:18.904 [AsyncHttpClient-1-8] DEBUG org.asynchttpclient.netty.handler.HttpHandler - 

Request DefaultFullHttpRequest(decodeResult: success, version: HTTP/1.1, content: EmptyByteBufBE)
GET /session/5b222e90911a66b98176e6de8581b52e/element/f6073552-d2ac-470e-9181-24d6072896e7/enabled HTTP/1.1
User-Agent: selenium/4.1.2 (java windows)
Cache-Control: no-cache
Content-Type: application/json; charset=utf-8
host: localhost:57200
accept: */*

Response DefaultHttpResponse(decodeResult: success, version: HTTP/1.1)
HTTP/1.1 200 OK
Content-Type: application/json; charset=utf-8
cache-control: no-cache
content-length: 14

11:08:18.904 [AsyncHttpClient-1-8] DEBUG org.asynchttpclient.netty.channel.ChannelManager - Adding key: http://localhost:57200 for channel [id: 0x79e43e94, L:/127.0.0.1:60682 - R:localhost/127.0.0.1:57200]
11:08:18.908 [Forwarding findElement on session 5b222e90911a66b98176e6de8581b52e to remote] DEBUG org.asynchttpclient.netty.request.NettyRequestSender - Using pooled Channel '[id: 0x79e43e94, L:/127.0.0.1:60682 - R:localhost/127.0.0.1:57200]' for 'POST' to 'http://localhost:57200/session/5b222e90911a66b98176e6de8581b52e/element'
11:08:18.908 [Forwarding findElement on session 5b222e90911a66b98176e6de8581b52e to remote] DEBUG org.asynchttpclient.netty.request.NettyRequestSender - Using open Channel [id: 0x79e43e94, L:/127.0.0.1:60682 - R:localhost/127.0.0.1:57200] for POST '/session/5b222e90911a66b98176e6de8581b52e/element'
11:08:18.925 [AsyncHttpClient-1-8] DEBUG org.asynchttpclient.netty.handler.HttpHandler - 

Request DefaultHttpRequest(decodeResult: success, version: HTTP/1.1)
POST /session/5b222e90911a66b98176e6de8581b52e/element HTTP/1.1
User-Agent: selenium/4.1.2 (java windows)
Content-Length: 116
Content-Type: application/json; charset=utf-8
host: localhost:57200
accept: */*

Response DefaultHttpResponse(decodeResult: success, version: HTTP/1.1)
HTTP/1.1 200 OK
Content-Type: application/json; charset=utf-8
cache-control: no-cache
content-length: 88

11:08:18.926 [AsyncHttpClient-1-8] DEBUG org.asynchttpclient.netty.channel.ChannelManager - Adding key: http://localhost:57200 for channel [id: 0x79e43e94, L:/127.0.0.1:60682 - R:localhost/127.0.0.1:57200]
11:08:18.929 [Forwarding clickElement on session 5b222e90911a66b98176e6de8581b52e to remote] DEBUG org.asynchttpclient.netty.request.NettyRequestSender - Using pooled Channel '[id: 0x79e43e94, L:/127.0.0.1:60682 - R:localhost/127.0.0.1:57200]' for 'POST' to 'http://localhost:57200/session/5b222e90911a66b98176e6de8581b52e/element/f6073552-d2ac-470e-9181-24d6072896e7/click'
11:08:18.929 [Forwarding clickElement on session 5b222e90911a66b98176e6de8581b52e to remote] DEBUG org.asynchttpclient.netty.request.NettyRequestSender - Using open Channel [id: 0x79e43e94, L:/127.0.0.1:60682 - R:localhost/127.0.0.1:57200] for POST '/session/5b222e90911a66b98176e6de8581b52e/element/f6073552-d2ac-470e-9181-24d6072896e7/click'
11:08:19.169 [AsyncHttpClient-1-8] DEBUG org.asynchttpclient.netty.handler.HttpHandler - 

Request DefaultHttpRequest(decodeResult: success, version: HTTP/1.1)
POST /session/5b222e90911a66b98176e6de8581b52e/element/f6073552-d2ac-470e-9181-24d6072896e7/click HTTP/1.1
User-Agent: selenium/4.1.2 (java windows)
Content-Length: 50
Content-Type: application/json; charset=utf-8
host: localhost:57200
accept: */*

Response DefaultHttpResponse(decodeResult: success, version: HTTP/1.1)
HTTP/1.1 200 OK
Content-Type: application/json; charset=utf-8
cache-control: no-cache
content-length: 14

11:08:19.170 [AsyncHttpClient-1-8] DEBUG org.asynchttpclient.netty.channel.ChannelManager - Adding key: http://localhost:57200 for channel [id: 0x79e43e94, L:/127.0.0.1:60682 - R:localhost/127.0.0.1:57200]
11:08:19.197 [Forwarding screenshot on session 5b222e90911a66b98176e6de8581b52e to remote] DEBUG org.asynchttpclient.netty.request.NettyRequestSender - Using pooled Channel '[id: 0x79e43e94, L:/127.0.0.1:60682 - R:localhost/127.0.0.1:57200]' for 'GET' to 'http://localhost:57200/session/5b222e90911a66b98176e6de8581b52e/screenshot'
11:08:19.197 [Forwarding screenshot on session 5b222e90911a66b98176e6de8581b52e to remote] DEBUG org.asynchttpclient.netty.request.NettyRequestSender - Using open Channel [id: 0x79e43e94, L:/127.0.0.1:60682 - R:localhost/127.0.0.1:57200] for GET '/session/5b222e90911a66b98176e6de8581b52e/screenshot'
11:08:19.554 [AsyncHttpClient-1-8] DEBUG org.asynchttpclient.netty.handler.HttpHandler - 

Request DefaultFullHttpRequest(decodeResult: success, version: HTTP/1.1, content: EmptyByteBufBE)
GET /session/5b222e90911a66b98176e6de8581b52e/screenshot HTTP/1.1
User-Agent: selenium/4.1.2 (java windows)
Cache-Control: no-cache
Content-Type: application/json; charset=utf-8
host: localhost:57200
accept: */*

Response DefaultHttpResponse(decodeResult: success, version: HTTP/1.1)
HTTP/1.1 200 OK
Content-Type: application/json; charset=utf-8
cache-control: no-cache
content-length: 362744

11:08:19.557 [AsyncHttpClient-1-8] DEBUG org.asynchttpclient.netty.channel.ChannelManager - Adding key: http://localhost:57200 for channel [id: 0x79e43e94, L:/127.0.0.1:60682 - R:localhost/127.0.0.1:57200]
11:08:19.584 [main] DEBUG net.serenitybdd.core.photography.Darkroom - Send negative for processing for target\site\serenity\5bfe2a84988cddecef04ce31b5ca00f5b4ec784d01d0d7f2a19e4a4602caa79f.png
11:08:19.584 [main] DEBUG net.thucydides.core.steps.StepInterceptor - STEP DONE: clickButtonEditDataPasien
  &amp#27;[32mAnd &amp#27;[0m&amp#27;[32mClick button edit profil&amp#27;[0m                                     &amp#27;[90m# starter.stepdefinitios.PatientDataSteps.clickButtonEditProfil()&amp#27;[0m
11:08:19.629 [main] DEBUG net.thucydides.core.steps.StepInterceptor - STARTING STEP: DokterDataSteps.cleanAllDataDokter - cleanDataPasien
11:08:19.635 [Forwarding findElement on session 5b222e90911a66b98176e6de8581b52e to remote] DEBUG org.asynchttpclient.netty.request.NettyRequestSender - Using pooled Channel '[id: 0x79e43e94, L:/127.0.0.1:60682 - R:localhost/127.0.0.1:57200]' for 'POST' to 'http://localhost:57200/session/5b222e90911a66b98176e6de8581b52e/element'
11:08:19.635 [Forwarding findElement on session 5b222e90911a66b98176e6de8581b52e to remote] DEBUG org.asynchttpclient.netty.request.NettyRequestSender - Using open Channel [id: 0x79e43e94, L:/127.0.0.1:60682 - R:localhost/127.0.0.1:57200] for POST '/session/5b222e90911a66b98176e6de8581b52e/element'
11:08:19.668 [AsyncHttpClient-1-8] DEBUG org.asynchttpclient.netty.handler.HttpHandler - 

Request DefaultHttpRequest(decodeResult: success, version: HTTP/1.1)
POST /session/5b222e90911a66b98176e6de8581b52e/element HTTP/1.1
User-Agent: selenium/4.1.2 (java windows)
Content-Length: 166
Content-Type: application/json; charset=utf-8
host: localhost:57200
accept: */*

Response DefaultHttpResponse(decodeResult: success, version: HTTP/1.1)
HTTP/1.1 200 OK
Content-Type: application/json; charset=utf-8
cache-control: no-cache
content-length: 88

11:08:19.668 [AsyncHttpClient-1-8] DEBUG org.asynchttpclient.netty.channel.ChannelManager - Adding key: http://localhost:57200 for channel [id: 0x79e43e94, L:/127.0.0.1:60682 - R:localhost/127.0.0.1:57200]
11:08:19.672 [Forwarding clearElement on session 5b222e90911a66b98176e6de8581b52e to remote] DEBUG org.asynchttpclient.netty.request.NettyRequestSender - Using pooled Channel '[id: 0x79e43e94, L:/127.0.0.1:60682 - R:localhost/127.0.0.1:57200]' for 'POST' to 'http://localhost:57200/session/5b222e90911a66b98176e6de8581b52e/element/6836f8b2-64b7-47c0-85c1-8b30514f3bc9/clear'
11:08:19.672 [Forwarding clearElement on session 5b222e90911a66b98176e6de8581b52e to remote] DEBUG org.asynchttpclient.netty.request.NettyRequestSender - Using open Channel [id: 0x79e43e94, L:/127.0.0.1:60682 - R:localhost/127.0.0.1:57200] for POST '/session/5b222e90911a66b98176e6de8581b52e/element/6836f8b2-64b7-47c0-85c1-8b30514f3bc9/clear'
11:08:19.725 [AsyncHttpClient-1-1] DEBUG org.asynchttpclient.netty.channel.DefaultChannelPool - Entry count for : http://localhost:60684 : 1
11:08:19.796 [AsyncHttpClient-1-8] DEBUG org.asynchttpclient.netty.handler.HttpHandler - 

Request DefaultHttpRequest(decodeResult: success, version: HTTP/1.1)
POST /session/5b222e90911a66b98176e6de8581b52e/element/6836f8b2-64b7-47c0-85c1-8b30514f3bc9/clear HTTP/1.1
User-Agent: selenium/4.1.2 (java windows)
Content-Length: 50
Content-Type: application/json; charset=utf-8
host: localhost:57200
accept: */*

Response DefaultHttpResponse(decodeResult: success, version: HTTP/1.1)
HTTP/1.1 200 OK
Content-Type: application/json; charset=utf-8
cache-control: no-cache
content-length: 14

11:08:19.796 [AsyncHttpClient-1-8] DEBUG org.asynchttpclient.netty.channel.ChannelManager - Adding key: http://localhost:57200 for channel [id: 0x79e43e94, L:/127.0.0.1:60682 - R:localhost/127.0.0.1:57200]
11:08:19.801 [Forwarding findElement on session 5b222e90911a66b98176e6de8581b52e to remote] DEBUG org.asynchttpclient.netty.request.NettyRequestSender - Using pooled Channel '[id: 0x79e43e94, L:/127.0.0.1:60682 - R:localhost/127.0.0.1:57200]' for 'POST' to 'http://localhost:57200/session/5b222e90911a66b98176e6de8581b52e/element'
11:08:19.801 [Forwarding findElement on session 5b222e90911a66b98176e6de8581b52e to remote] DEBUG org.asynchttpclient.netty.request.NettyRequestSender - Using open Channel [id: 0x79e43e94, L:/127.0.0.1:60682 - R:localhost/127.0.0.1:57200] for POST '/session/5b222e90911a66b98176e6de8581b52e/element'
11:08:19.826 [AsyncHttpClient-1-8] DEBUG org.asynchttpclient.netty.handler.HttpHandler - 

Request DefaultHttpRequest(decodeResult: success, version: HTTP/1.1)
POST /session/5b222e90911a66b98176e6de8581b52e/element HTTP/1.1
User-Agent: selenium/4.1.2 (java windows)
Content-Length: 166
Content-Type: application/json; charset=utf-8
host: localhost:57200
accept: */*

Response DefaultHttpResponse(decodeResult: success, version: HTTP/1.1)
HTTP/1.1 200 OK
Content-Type: application/json; charset=utf-8
cache-control: no-cache
content-length: 88

11:08:19.827 [AsyncHttpClient-1-8] DEBUG org.asynchttpclient.netty.channel.ChannelManager - Adding key: http://localhost:57200 for channel [id: 0x79e43e94, L:/127.0.0.1:60682 - R:localhost/127.0.0.1:57200]
11:08:19.829 [Forwarding clearElement on session 5b222e90911a66b98176e6de8581b52e to remote] DEBUG org.asynchttpclient.netty.request.NettyRequestSender - Using pooled Channel '[id: 0x79e43e94, L:/127.0.0.1:60682 - R:localhost/127.0.0.1:57200]' for 'POST' to 'http://localhost:57200/session/5b222e90911a66b98176e6de8581b52e/element/a9327b16-8e9a-40ec-be09-b06f0f32d689/clear'
11:08:19.829 [Forwarding clearElement on session 5b222e90911a66b98176e6de8581b52e to remote] DEBUG org.asynchttpclient.netty.request.NettyRequestSender - Using open Channel [id: 0x79e43e94, L:/127.0.0.1:60682 - R:localhost/127.0.0.1:57200] for POST '/session/5b222e90911a66b98176e6de8581b52e/element/a9327b16-8e9a-40ec-be09-b06f0f32d689/clear'
11:08:19.909 [AsyncHttpClient-1-8] DEBUG org.asynchttpclient.netty.handler.HttpHandler - 

Request DefaultHttpRequest(decodeResult: success, version: HTTP/1.1)
POST /session/5b222e90911a66b98176e6de8581b52e/element/a9327b16-8e9a-40ec-be09-b06f0f32d689/clear HTTP/1.1
User-Agent: selenium/4.1.2 (java windows)
Content-Length: 50
Content-Type: application/json; charset=utf-8
host: localhost:57200
accept: */*

Response DefaultHttpResponse(decodeResult: success, version: HTTP/1.1)
HTTP/1.1 200 OK
Content-Type: application/json; charset=utf-8
cache-control: no-cache
content-length: 14

11:08:19.909 [AsyncHttpClient-1-8] DEBUG org.asynchttpclient.netty.channel.ChannelManager - Adding key: http://localhost:57200 for channel [id: 0x79e43e94, L:/127.0.0.1:60682 - R:localhost/127.0.0.1:57200]
11:08:19.917 [Forwarding findElement on session 5b222e90911a66b98176e6de8581b52e to remote] DEBUG org.asynchttpclient.netty.request.NettyRequestSender - Using pooled Channel '[id: 0x79e43e94, L:/127.0.0.1:60682 - R:localhost/127.0.0.1:57200]' for 'POST' to 'http://localhost:57200/session/5b222e90911a66b98176e6de8581b52e/element'
11:08:19.917 [Forwarding findElement on session 5b222e90911a66b98176e6de8581b52e to remote] DEBUG org.asynchttpclient.netty.request.NettyRequestSender - Using open Channel [id: 0x79e43e94, L:/127.0.0.1:60682 - R:localhost/127.0.0.1:57200] for POST '/session/5b222e90911a66b98176e6de8581b52e/element'
11:08:19.943 [AsyncHttpClient-1-8] DEBUG org.asynchttpclient.netty.handler.HttpHandler - 

Request DefaultHttpRequest(decodeResult: success, version: HTTP/1.1)
POST /session/5b222e90911a66b98176e6de8581b52e/element HTTP/1.1
User-Agent: selenium/4.1.2 (java windows)
Content-Length: 166
Content-Type: application/json; charset=utf-8
host: localhost:57200
accept: */*

Response DefaultHttpResponse(decodeResult: success, version: HTTP/1.1)
HTTP/1.1 200 OK
Content-Type: application/json; charset=utf-8
cache-control: no-cache
content-length: 88

11:08:19.943 [AsyncHttpClient-1-8] DEBUG org.asynchttpclient.netty.channel.ChannelManager - Adding key: http://localhost:57200 for channel [id: 0x79e43e94, L:/127.0.0.1:60682 - R:localhost/127.0.0.1:57200]
11:08:19.945 [Forwarding clearElement on session 5b222e90911a66b98176e6de8581b52e to remote] DEBUG org.asynchttpclient.netty.request.NettyRequestSender - Using pooled Channel '[id: 0x79e43e94, L:/127.0.0.1:60682 - R:localhost/127.0.0.1:57200]' for 'POST' to 'http://localhost:57200/session/5b222e90911a66b98176e6de8581b52e/element/ddfb352a-fdde-4a39-bac1-6105428e3543/clear'
11:08:19.945 [Forwarding clearElement on session 5b222e90911a66b98176e6de8581b52e to remote] DEBUG org.asynchttpclient.netty.request.NettyRequestSender - Using open Channel [id: 0x79e43e94, L:/127.0.0.1:60682 - R:localhost/127.0.0.1:57200] for POST '/session/5b222e90911a66b98176e6de8581b52e/element/ddfb352a-fdde-4a39-bac1-6105428e3543/clear'
11:08:20.046 [AsyncHttpClient-1-8] DEBUG org.asynchttpclient.netty.handler.HttpHandler - 

Request DefaultHttpRequest(decodeResult: success, version: HTTP/1.1)
POST /session/5b222e90911a66b98176e6de8581b52e/element/ddfb352a-fdde-4a39-bac1-6105428e3543/clear HTTP/1.1
User-Agent: selenium/4.1.2 (java windows)
Content-Length: 50
Content-Type: application/json; charset=utf-8
host: localhost:57200
accept: */*

Response DefaultHttpResponse(decodeResult: success, version: HTTP/1.1)
HTTP/1.1 200 OK
Content-Type: application/json; charset=utf-8
cache-control: no-cache
content-length: 14

11:08:20.046 [AsyncHttpClient-1-8] DEBUG org.asynchttpclient.netty.channel.ChannelManager - Adding key: http://localhost:57200 for channel [id: 0x79e43e94, L:/127.0.0.1:60682 - R:localhost/127.0.0.1:57200]
11:08:20.052 [Forwarding findElement on session 5b222e90911a66b98176e6de8581b52e to remote] DEBUG org.asynchttpclient.netty.request.NettyRequestSender - Using pooled Channel '[id: 0x79e43e94, L:/127.0.0.1:60682 - R:localhost/127.0.0.1:57200]' for 'POST' to 'http://localhost:57200/session/5b222e90911a66b98176e6de8581b52e/element'
11:08:20.052 [Forwarding findElement on session 5b222e90911a66b98176e6de8581b52e to remote] DEBUG org.asynchttpclient.netty.request.NettyRequestSender - Using open Channel [id: 0x79e43e94, L:/127.0.0.1:60682 - R:localhost/127.0.0.1:57200] for POST '/session/5b222e90911a66b98176e6de8581b52e/element'
11:08:20.083 [AsyncHttpClient-1-8] DEBUG org.asynchttpclient.netty.handler.HttpHandler - 

Request DefaultHttpRequest(decodeResult: success, version: HTTP/1.1)
POST /session/5b222e90911a66b98176e6de8581b52e/element HTTP/1.1
User-Agent: selenium/4.1.2 (java windows)
Content-Length: 166
Content-Type: application/json; charset=utf-8
host: localhost:57200
accept: */*

Response DefaultHttpResponse(decodeResult: success, version: HTTP/1.1)
HTTP/1.1 200 OK
Content-Type: application/json; charset=utf-8
cache-control: no-cache
content-length: 88

11:08:20.084 [AsyncHttpClient-1-8] DEBUG org.asynchttpclient.netty.channel.ChannelManager - Adding key: http://localhost:57200 for channel [id: 0x79e43e94, L:/127.0.0.1:60682 - R:localhost/127.0.0.1:57200]
11:08:20.087 [Forwarding clearElement on session 5b222e90911a66b98176e6de8581b52e to remote] DEBUG org.asynchttpclient.netty.request.NettyRequestSender - Using pooled Channel '[id: 0x79e43e94, L:/127.0.0.1:60682 - R:localhost/127.0.0.1:57200]' for 'POST' to 'http://localhost:57200/session/5b222e90911a66b98176e6de8581b52e/element/3397d6c6-a8e6-4133-8a69-4328c4fd2c44/clear'
11:08:20.088 [Forwarding clearElement on session 5b222e90911a66b98176e6de8581b52e to remote] DEBUG org.asynchttpclient.netty.request.NettyRequestSender - Using open Channel [id: 0x79e43e94, L:/127.0.0.1:60682 - R:localhost/127.0.0.1:57200] for POST '/session/5b222e90911a66b98176e6de8581b52e/element/3397d6c6-a8e6-4133-8a69-4328c4fd2c44/clear'
11:08:20.189 [AsyncHttpClient-1-8] DEBUG org.asynchttpclient.netty.handler.HttpHandler - 

Request DefaultHttpRequest(decodeResult: success, version: HTTP/1.1)
POST /session/5b222e90911a66b98176e6de8581b52e/element/3397d6c6-a8e6-4133-8a69-4328c4fd2c44/clear HTTP/1.1
User-Agent: selenium/4.1.2 (java windows)
Content-Length: 50
Content-Type: application/json; charset=utf-8
host: localhost:57200
accept: */*

Response DefaultHttpResponse(decodeResult: success, version: HTTP/1.1)
HTTP/1.1 200 OK
Content-Type: application/json; charset=utf-8
cache-control: no-cache
content-length: 14

11:08:20.189 [AsyncHttpClient-1-8] DEBUG org.asynchttpclient.netty.channel.ChannelManager - Adding key: http://localhost:57200 for channel [id: 0x79e43e94, L:/127.0.0.1:60682 - R:localhost/127.0.0.1:57200]
11:08:20.196 [Forwarding findElement on session 5b222e90911a66b98176e6de8581b52e to remote] DEBUG org.asynchttpclient.netty.request.NettyRequestSender - Using pooled Channel '[id: 0x79e43e94, L:/127.0.0.1:60682 - R:localhost/127.0.0.1:57200]' for 'POST' to 'http://localhost:57200/session/5b222e90911a66b98176e6de8581b52e/element'
11:08:20.196 [Forwarding findElement on session 5b222e90911a66b98176e6de8581b52e to remote] DEBUG org.asynchttpclient.netty.request.NettyRequestSender - Using open Channel [id: 0x79e43e94, L:/127.0.0.1:60682 - R:localhost/127.0.0.1:57200] for POST '/session/5b222e90911a66b98176e6de8581b52e/element'
11:08:20.247 [AsyncHttpClient-1-8] DEBUG org.asynchttpclient.netty.handler.HttpHandler - 

Request DefaultHttpRequest(decodeResult: success, version: HTTP/1.1)
POST /session/5b222e90911a66b98176e6de8581b52e/element HTTP/1.1
User-Agent: selenium/4.1.2 (java windows)
Content-Length: 166
Content-Type: application/json; charset=utf-8
host: localhost:57200
accept: */*

Response DefaultHttpResponse(decodeResult: success, version: HTTP/1.1)
HTTP/1.1 200 OK
Content-Type: application/json; charset=utf-8
cache-control: no-cache
content-length: 88

11:08:20.247 [AsyncHttpClient-1-8] DEBUG org.asynchttpclient.netty.channel.ChannelManager - Adding key: http://localhost:57200 for channel [id: 0x79e43e94, L:/127.0.0.1:60682 - R:localhost/127.0.0.1:57200]
11:08:20.250 [Forwarding clearElement on session 5b222e90911a66b98176e6de8581b52e to remote] DEBUG org.asynchttpclient.netty.request.NettyRequestSender - Using pooled Channel '[id: 0x79e43e94, L:/127.0.0.1:60682 - R:localhost/127.0.0.1:57200]' for 'POST' to 'http://localhost:57200/session/5b222e90911a66b98176e6de8581b52e/element/3b9b86e6-df64-4464-9f45-4e1728071d23/clear'
11:08:20.250 [Forwarding clearElement on session 5b222e90911a66b98176e6de8581b52e to remote] DEBUG org.asynchttpclient.netty.request.NettyRequestSender - Using open Channel [id: 0x79e43e94, L:/127.0.0.1:60682 - R:localhost/127.0.0.1:57200] for POST '/session/5b222e90911a66b98176e6de8581b52e/element/3b9b86e6-df64-4464-9f45-4e1728071d23/clear'
11:08:20.360 [AsyncHttpClient-1-8] DEBUG org.asynchttpclient.netty.handler.HttpHandler - 

Request DefaultHttpRequest(decodeResult: success, version: HTTP/1.1)
POST /session/5b222e90911a66b98176e6de8581b52e/element/3b9b86e6-df64-4464-9f45-4e1728071d23/clear HTTP/1.1
User-Agent: selenium/4.1.2 (java windows)
Content-Length: 50
Content-Type: application/json; charset=utf-8
host: localhost:57200
accept: */*

Response DefaultHttpResponse(decodeResult: success, version: HTTP/1.1)
HTTP/1.1 200 OK
Content-Type: application/json; charset=utf-8
cache-control: no-cache
content-length: 14

11:08:20.361 [AsyncHttpClient-1-8] DEBUG org.asynchttpclient.netty.channel.ChannelManager - Adding key: http://localhost:57200 for channel [id: 0x79e43e94, L:/127.0.0.1:60682 - R:localhost/127.0.0.1:57200]
11:08:20.374 [Forwarding screenshot on session 5b222e90911a66b98176e6de8581b52e to remote] DEBUG org.asynchttpclient.netty.request.NettyRequestSender - Using pooled Channel '[id: 0x79e43e94, L:/127.0.0.1:60682 - R:localhost/127.0.0.1:57200]' for 'GET' to 'http://localhost:57200/session/5b222e90911a66b98176e6de8581b52e/screenshot'
11:08:20.375 [Forwarding screenshot on session 5b222e90911a66b98176e6de8581b52e to remote] DEBUG org.asynchttpclient.netty.request.NettyRequestSender - Using open Channel [id: 0x79e43e94, L:/127.0.0.1:60682 - R:localhost/127.0.0.1:57200] for GET '/session/5b222e90911a66b98176e6de8581b52e/screenshot'
11:08:20.687 [AsyncHttpClient-1-8] DEBUG org.asynchttpclient.netty.handler.HttpHandler - 

Request DefaultFullHttpRequest(decodeResult: success, version: HTTP/1.1, content: EmptyByteBufBE)
GET /session/5b222e90911a66b98176e6de8581b52e/screenshot HTTP/1.1
User-Agent: selenium/4.1.2 (java windows)
Cache-Control: no-cache
Content-Type: application/json; charset=utf-8
host: localhost:57200
accept: */*

Response DefaultHttpResponse(decodeResult: success, version: HTTP/1.1)
HTTP/1.1 200 OK
Content-Type: application/json; charset=utf-8
cache-control: no-cache
content-length: 349740

11:08:20.691 [AsyncHttpClient-1-8] DEBUG org.asynchttpclient.netty.channel.ChannelManager - Adding key: http://localhost:57200 for channel [id: 0x79e43e94, L:/127.0.0.1:60682 - R:localhost/127.0.0.1:57200]
11:08:20.716 [main] DEBUG net.serenitybdd.core.photography.Darkroom - Send negative for processing for target\site\serenity\88abc64f8415a7e11267491fc5c954f910ec97d832426eafc43255b9c6eb4946.png
11:08:20.716 [main] DEBUG net.thucydides.core.steps.StepInterceptor - STEP DONE: cleanDataPasien
  &amp#27;[32mAnd &amp#27;[0m&amp#27;[32mClean all data dokter&amp#27;[0m                                        &amp#27;[90m# starter.stepdefinitios.DokterDataSteps.cleanAllDataDokter()&amp#27;[0m
11:08:20.775 [Forwarding screenshot on session 5b222e90911a66b98176e6de8581b52e to remote] DEBUG org.asynchttpclient.netty.request.NettyRequestSender - Using pooled Channel '[id: 0x79e43e94, L:/127.0.0.1:60682 - R:localhost/127.0.0.1:57200]' for 'GET' to 'http://localhost:57200/session/5b222e90911a66b98176e6de8581b52e/screenshot'
11:08:20.775 [Forwarding screenshot on session 5b222e90911a66b98176e6de8581b52e to remote] DEBUG org.asynchttpclient.netty.request.NettyRequestSender - Using open Channel [id: 0x79e43e94, L:/127.0.0.1:60682 - R:localhost/127.0.0.1:57200] for GET '/session/5b222e90911a66b98176e6de8581b52e/screenshot'
11:08:20.813 [AsyncHttpClient-1-1] DEBUG org.asynchttpclient.netty.channel.DefaultChannelPool - Entry count for : http://localhost:60684 : 1
11:08:21.134 [AsyncHttpClient-1-8] DEBUG org.asynchttpclient.netty.handler.HttpHandler - 

Request DefaultFullHttpRequest(decodeResult: success, version: HTTP/1.1, content: EmptyByteBufBE)
GET /session/5b222e90911a66b98176e6de8581b52e/screenshot HTTP/1.1
User-Agent: selenium/4.1.2 (java windows)
Cache-Control: no-cache
Content-Type: application/json; charset=utf-8
host: localhost:57200
accept: */*

Response DefaultHttpResponse(decodeResult: success, version: HTTP/1.1)
HTTP/1.1 200 OK
Content-Type: application/json; charset=utf-8
cache-control: no-cache
content-length: 349740

11:08:21.137 [AsyncHttpClient-1-8] DEBUG org.asynchttpclient.netty.channel.ChannelManager - Adding key: http://localhost:57200 for channel [id: 0x79e43e94, L:/127.0.0.1:60682 - R:localhost/127.0.0.1:57200]
11:08:21.165 [main] DEBUG net.serenitybdd.core.photography.Darkroom - Send negative for processing for target\site\serenity\88abc64f8415a7e11267491fc5c954f910ec97d832426eafc43255b9c6eb4946.png
11:08:21.166 [main] DEBUG net.thucydides.core.steps.StepInterceptor - STARTING STEP: DokterDataSteps.iInputDokter - inputDataPasien
11:08:21.173 [Forwarding findElement on session 5b222e90911a66b98176e6de8581b52e to remote] DEBUG org.asynchttpclient.netty.request.NettyRequestSender - Using pooled Channel '[id: 0x79e43e94, L:/127.0.0.1:60682 - R:localhost/127.0.0.1:57200]' for 'POST' to 'http://localhost:57200/session/5b222e90911a66b98176e6de8581b52e/element'
11:08:21.173 [Forwarding findElement on session 5b222e90911a66b98176e6de8581b52e to remote] DEBUG org.asynchttpclient.netty.request.NettyRequestSender - Using open Channel [id: 0x79e43e94, L:/127.0.0.1:60682 - R:localhost/127.0.0.1:57200] for POST '/session/5b222e90911a66b98176e6de8581b52e/element'
11:08:21.204 [AsyncHttpClient-1-8] DEBUG org.asynchttpclient.netty.handler.HttpHandler - 

Request DefaultHttpRequest(decodeResult: success, version: HTTP/1.1)
POST /session/5b222e90911a66b98176e6de8581b52e/element HTTP/1.1
User-Agent: selenium/4.1.2 (java windows)
Content-Length: 166
Content-Type: application/json; charset=utf-8
host: localhost:57200
accept: */*

Response DefaultHttpResponse(decodeResult: success, version: HTTP/1.1)
HTTP/1.1 200 OK
Content-Type: application/json; charset=utf-8
cache-control: no-cache
content-length: 88

11:08:21.204 [AsyncHttpClient-1-8] DEBUG org.asynchttpclient.netty.channel.ChannelManager - Adding key: http://localhost:57200 for channel [id: 0x79e43e94, L:/127.0.0.1:60682 - R:localhost/127.0.0.1:57200]
11:08:21.208 [Forwarding sendKeysToElement on session 5b222e90911a66b98176e6de8581b52e to remote] DEBUG org.asynchttpclient.netty.request.NettyRequestSender - Using pooled Channel '[id: 0x79e43e94, L:/127.0.0.1:60682 - R:localhost/127.0.0.1:57200]' for 'POST' to 'http://localhost:57200/session/5b222e90911a66b98176e6de8581b52e/element/6836f8b2-64b7-47c0-85c1-8b30514f3bc9/value'
11:08:21.208 [Forwarding sendKeysToElement on session 5b222e90911a66b98176e6de8581b52e to remote] DEBUG org.asynchttpclient.netty.request.NettyRequestSender - Using open Channel [id: 0x79e43e94, L:/127.0.0.1:60682 - R:localhost/127.0.0.1:57200] for POST '/session/5b222e90911a66b98176e6de8581b52e/element/6836f8b2-64b7-47c0-85c1-8b30514f3bc9/value'
11:08:21.612 [AsyncHttpClient-1-8] DEBUG org.asynchttpclient.netty.handler.HttpHandler - 

Request DefaultHttpRequest(decodeResult: success, version: HTTP/1.1)
POST /session/5b222e90911a66b98176e6de8581b52e/element/6836f8b2-64b7-47c0-85c1-8b30514f3bc9/value HTTP/1.1
User-Agent: selenium/4.1.2 (java windows)
Content-Length: 131
Content-Type: application/json; charset=utf-8
host: localhost:57200
accept: */*

Response DefaultHttpResponse(decodeResult: success, version: HTTP/1.1)
HTTP/1.1 200 OK
Content-Type: application/json; charset=utf-8
cache-control: no-cache
content-length: 14

11:08:21.612 [AsyncHttpClient-1-8] DEBUG org.asynchttpclient.netty.channel.ChannelManager - Adding key: http://localhost:57200 for channel [id: 0x79e43e94, L:/127.0.0.1:60682 - R:localhost/127.0.0.1:57200]
11:08:21.617 [Forwarding findElement on session 5b222e90911a66b98176e6de8581b52e to remote] DEBUG org.asynchttpclient.netty.request.NettyRequestSender - Using pooled Channel '[id: 0x79e43e94, L:/127.0.0.1:60682 - R:localhost/127.0.0.1:57200]' for 'POST' to 'http://localhost:57200/session/5b222e90911a66b98176e6de8581b52e/element'
11:08:21.617 [Forwarding findElement on session 5b222e90911a66b98176e6de8581b52e to remote] DEBUG org.asynchttpclient.netty.request.NettyRequestSender - Using open Channel [id: 0x79e43e94, L:/127.0.0.1:60682 - R:localhost/127.0.0.1:57200] for POST '/session/5b222e90911a66b98176e6de8581b52e/element'
11:08:21.649 [AsyncHttpClient-1-8] DEBUG org.asynchttpclient.netty.handler.HttpHandler - 

Request DefaultHttpRequest(decodeResult: success, version: HTTP/1.1)
POST /session/5b222e90911a66b98176e6de8581b52e/element HTTP/1.1
User-Agent: selenium/4.1.2 (java windows)
Content-Length: 166
Content-Type: application/json; charset=utf-8
host: localhost:57200
accept: */*

Response DefaultHttpResponse(decodeResult: success, version: HTTP/1.1)
HTTP/1.1 200 OK
Content-Type: application/json; charset=utf-8
cache-control: no-cache
content-length: 88

11:08:21.650 [AsyncHttpClient-1-8] DEBUG org.asynchttpclient.netty.channel.ChannelManager - Adding key: http://localhost:57200 for channel [id: 0x79e43e94, L:/127.0.0.1:60682 - R:localhost/127.0.0.1:57200]
11:08:21.652 [Forwarding sendKeysToElement on session 5b222e90911a66b98176e6de8581b52e to remote] DEBUG org.asynchttpclient.netty.request.NettyRequestSender - Using pooled Channel '[id: 0x79e43e94, L:/127.0.0.1:60682 - R:localhost/127.0.0.1:57200]' for 'POST' to 'http://localhost:57200/session/5b222e90911a66b98176e6de8581b52e/element/a9327b16-8e9a-40ec-be09-b06f0f32d689/value'
11:08:21.652 [Forwarding sendKeysToElement on session 5b222e90911a66b98176e6de8581b52e to remote] DEBUG org.asynchttpclient.netty.request.NettyRequestSender - Using open Channel [id: 0x79e43e94, L:/127.0.0.1:60682 - R:localhost/127.0.0.1:57200] for POST '/session/5b222e90911a66b98176e6de8581b52e/element/a9327b16-8e9a-40ec-be09-b06f0f32d689/value'
11:08:21.754 [AsyncHttpClient-1-8] DEBUG org.asynchttpclient.netty.handler.HttpHandler - 

Request DefaultHttpRequest(decodeResult: success, version: HTTP/1.1)
POST /session/5b222e90911a66b98176e6de8581b52e/element/a9327b16-8e9a-40ec-be09-b06f0f32d689/value HTTP/1.1
User-Agent: selenium/4.1.2 (java windows)
Content-Length: 82
Content-Type: application/json; charset=utf-8
host: localhost:57200
accept: */*

Response DefaultHttpResponse(decodeResult: success, version: HTTP/1.1)
HTTP/1.1 200 OK
Content-Type: application/json; charset=utf-8
cache-control: no-cache
content-length: 14

11:08:21.754 [AsyncHttpClient-1-8] DEBUG org.asynchttpclient.netty.channel.ChannelManager - Adding key: http://localhost:57200 for channel [id: 0x79e43e94, L:/127.0.0.1:60682 - R:localhost/127.0.0.1:57200]
11:08:21.761 [Forwarding findElement on session 5b222e90911a66b98176e6de8581b52e to remote] DEBUG org.asynchttpclient.netty.request.NettyRequestSender - Using pooled Channel '[id: 0x79e43e94, L:/127.0.0.1:60682 - R:localhost/127.0.0.1:57200]' for 'POST' to 'http://localhost:57200/session/5b222e90911a66b98176e6de8581b52e/element'
11:08:21.761 [Forwarding findElement on session 5b222e90911a66b98176e6de8581b52e to remote] DEBUG org.asynchttpclient.netty.request.NettyRequestSender - Using open Channel [id: 0x79e43e94, L:/127.0.0.1:60682 - R:localhost/127.0.0.1:57200] for POST '/session/5b222e90911a66b98176e6de8581b52e/element'
11:08:21.778 [AsyncHttpClient-1-8] DEBUG org.asynchttpclient.netty.handler.HttpHandler - 

Request DefaultHttpRequest(decodeResult: success, version: HTTP/1.1)
POST /session/5b222e90911a66b98176e6de8581b52e/element HTTP/1.1
User-Agent: selenium/4.1.2 (java windows)
Content-Length: 166
Content-Type: application/json; charset=utf-8
host: localhost:57200
accept: */*

Response DefaultHttpResponse(decodeResult: success, version: HTTP/1.1)
HTTP/1.1 200 OK
Content-Type: application/json; charset=utf-8
cache-control: no-cache
content-length: 88

11:08:21.778 [AsyncHttpClient-1-8] DEBUG org.asynchttpclient.netty.channel.ChannelManager - Adding key: http://localhost:57200 for channel [id: 0x79e43e94, L:/127.0.0.1:60682 - R:localhost/127.0.0.1:57200]
11:08:21.781 [Forwarding sendKeysToElement on session 5b222e90911a66b98176e6de8581b52e to remote] DEBUG org.asynchttpclient.netty.request.NettyRequestSender - Using pooled Channel '[id: 0x79e43e94, L:/127.0.0.1:60682 - R:localhost/127.0.0.1:57200]' for 'POST' to 'http://localhost:57200/session/5b222e90911a66b98176e6de8581b52e/element/ddfb352a-fdde-4a39-bac1-6105428e3543/value'
11:08:21.781 [Forwarding sendKeysToElement on session 5b222e90911a66b98176e6de8581b52e to remote] DEBUG org.asynchttpclient.netty.request.NettyRequestSender - Using open Channel [id: 0x79e43e94, L:/127.0.0.1:60682 - R:localhost/127.0.0.1:57200] for POST '/session/5b222e90911a66b98176e6de8581b52e/element/ddfb352a-fdde-4a39-bac1-6105428e3543/value'
11:08:21.915 [AsyncHttpClient-1-1] DEBUG org.asynchttpclient.netty.channel.DefaultChannelPool - Entry count for : http://localhost:60684 : 1
11:08:22.096 [AsyncHttpClient-1-8] DEBUG org.asynchttpclient.netty.handler.HttpHandler - 

Request DefaultHttpRequest(decodeResult: success, version: HTTP/1.1)
POST /session/5b222e90911a66b98176e6de8581b52e/element/ddfb352a-fdde-4a39-bac1-6105428e3543/value HTTP/1.1
User-Agent: selenium/4.1.2 (java windows)
Content-Length: 131
Content-Type: application/json; charset=utf-8
host: localhost:57200
accept: */*

Response DefaultHttpResponse(decodeResult: success, version: HTTP/1.1)
HTTP/1.1 200 OK
Content-Type: application/json; charset=utf-8
cache-control: no-cache
content-length: 14

11:08:22.096 [AsyncHttpClient-1-8] DEBUG org.asynchttpclient.netty.channel.ChannelManager - Adding key: http://localhost:57200 for channel [id: 0x79e43e94, L:/127.0.0.1:60682 - R:localhost/127.0.0.1:57200]
11:08:22.102 [Forwarding findElement on session 5b222e90911a66b98176e6de8581b52e to remote] DEBUG org.asynchttpclient.netty.request.NettyRequestSender - Using pooled Channel '[id: 0x79e43e94, L:/127.0.0.1:60682 - R:localhost/127.0.0.1:57200]' for 'POST' to 'http://localhost:57200/session/5b222e90911a66b98176e6de8581b52e/element'
11:08:22.102 [Forwarding findElement on session 5b222e90911a66b98176e6de8581b52e to remote] DEBUG org.asynchttpclient.netty.request.NettyRequestSender - Using open Channel [id: 0x79e43e94, L:/127.0.0.1:60682 - R:localhost/127.0.0.1:57200] for POST '/session/5b222e90911a66b98176e6de8581b52e/element'
11:08:22.136 [AsyncHttpClient-1-8] DEBUG org.asynchttpclient.netty.handler.HttpHandler - 

Request DefaultHttpRequest(decodeResult: success, version: HTTP/1.1)
POST /session/5b222e90911a66b98176e6de8581b52e/element HTTP/1.1
User-Agent: selenium/4.1.2 (java windows)
Content-Length: 166
Content-Type: application/json; charset=utf-8
host: localhost:57200
accept: */*

Response DefaultHttpResponse(decodeResult: success, version: HTTP/1.1)
HTTP/1.1 200 OK
Content-Type: application/json; charset=utf-8
cache-control: no-cache
content-length: 88

11:08:22.137 [AsyncHttpClient-1-8] DEBUG org.asynchttpclient.netty.channel.ChannelManager - Adding key: http://localhost:57200 for channel [id: 0x79e43e94, L:/127.0.0.1:60682 - R:localhost/127.0.0.1:57200]
11:08:22.141 [Forwarding sendKeysToElement on session 5b222e90911a66b98176e6de8581b52e to remote] DEBUG org.asynchttpclient.netty.request.NettyRequestSender - Using pooled Channel '[id: 0x79e43e94, L:/127.0.0.1:60682 - R:localhost/127.0.0.1:57200]' for 'POST' to 'http://localhost:57200/session/5b222e90911a66b98176e6de8581b52e/element/3397d6c6-a8e6-4133-8a69-4328c4fd2c44/value'
11:08:22.141 [Forwarding sendKeysToElement on session 5b222e90911a66b98176e6de8581b52e to remote] DEBUG org.asynchttpclient.netty.request.NettyRequestSender - Using open Channel [id: 0x79e43e94, L:/127.0.0.1:60682 - R:localhost/127.0.0.1:57200] for POST '/session/5b222e90911a66b98176e6de8581b52e/element/3397d6c6-a8e6-4133-8a69-4328c4fd2c44/value'
11:08:22.624 [AsyncHttpClient-1-8] DEBUG org.asynchttpclient.netty.handler.HttpHandler - 

Request DefaultHttpRequest(decodeResult: success, version: HTTP/1.1)
POST /session/5b222e90911a66b98176e6de8581b52e/element/3397d6c6-a8e6-4133-8a69-4328c4fd2c44/value HTTP/1.1
User-Agent: selenium/4.1.2 (java windows)
Content-Length: 181
Content-Type: application/json; charset=utf-8
host: localhost:57200
accept: */*

Response DefaultHttpResponse(decodeResult: success, version: HTTP/1.1)
HTTP/1.1 200 OK
Content-Type: application/json; charset=utf-8
cache-control: no-cache
content-length: 14

11:08:22.624 [AsyncHttpClient-1-8] DEBUG org.asynchttpclient.netty.channel.ChannelManager - Adding key: http://localhost:57200 for channel [id: 0x79e43e94, L:/127.0.0.1:60682 - R:localhost/127.0.0.1:57200]
11:08:22.629 [Forwarding findElement on session 5b222e90911a66b98176e6de8581b52e to remote] DEBUG org.asynchttpclient.netty.request.NettyRequestSender - Using pooled Channel '[id: 0x79e43e94, L:/127.0.0.1:60682 - R:localhost/127.0.0.1:57200]' for 'POST' to 'http://localhost:57200/session/5b222e90911a66b98176e6de8581b52e/element'
11:08:22.629 [Forwarding findElement on session 5b222e90911a66b98176e6de8581b52e to remote] DEBUG org.asynchttpclient.netty.request.NettyRequestSender - Using open Channel [id: 0x79e43e94, L:/127.0.0.1:60682 - R:localhost/127.0.0.1:57200] for POST '/session/5b222e90911a66b98176e6de8581b52e/element'
11:08:22.657 [AsyncHttpClient-1-8] DEBUG org.asynchttpclient.netty.handler.HttpHandler - 

Request DefaultHttpRequest(decodeResult: success, version: HTTP/1.1)
POST /session/5b222e90911a66b98176e6de8581b52e/element HTTP/1.1
User-Agent: selenium/4.1.2 (java windows)
Content-Length: 166
Content-Type: application/json; charset=utf-8
host: localhost:57200
accept: */*

Response DefaultHttpResponse(decodeResult: success, version: HTTP/1.1)
HTTP/1.1 200 OK
Content-Type: application/json; charset=utf-8
cache-control: no-cache
content-length: 88

11:08:22.657 [AsyncHttpClient-1-8] DEBUG org.asynchttpclient.netty.channel.ChannelManager - Adding key: http://localhost:57200 for channel [id: 0x79e43e94, L:/127.0.0.1:60682 - R:localhost/127.0.0.1:57200]
11:08:22.660 [Forwarding sendKeysToElement on session 5b222e90911a66b98176e6de8581b52e to remote] DEBUG org.asynchttpclient.netty.request.NettyRequestSender - Using pooled Channel '[id: 0x79e43e94, L:/127.0.0.1:60682 - R:localhost/127.0.0.1:57200]' for 'POST' to 'http://localhost:57200/session/5b222e90911a66b98176e6de8581b52e/element/3b9b86e6-df64-4464-9f45-4e1728071d23/value'
11:08:22.661 [Forwarding sendKeysToElement on session 5b222e90911a66b98176e6de8581b52e to remote] DEBUG org.asynchttpclient.netty.request.NettyRequestSender - Using open Channel [id: 0x79e43e94, L:/127.0.0.1:60682 - R:localhost/127.0.0.1:57200] for POST '/session/5b222e90911a66b98176e6de8581b52e/element/3b9b86e6-df64-4464-9f45-4e1728071d23/value'
11:08:23.012 [AsyncHttpClient-1-1] DEBUG org.asynchttpclient.netty.channel.DefaultChannelPool - Entry count for : http://localhost:60684 : 1
11:08:23.059 [AsyncHttpClient-1-8] DEBUG org.asynchttpclient.netty.handler.HttpHandler - 

Request DefaultHttpRequest(decodeResult: success, version: HTTP/1.1)
POST /session/5b222e90911a66b98176e6de8581b52e/element/3b9b86e6-df64-4464-9f45-4e1728071d23/value HTTP/1.1
User-Agent: selenium/4.1.2 (java windows)
Content-Length: 181
Content-Type: application/json; charset=utf-8
host: localhost:57200
accept: */*

Response DefaultHttpResponse(decodeResult: success, version: HTTP/1.1)
HTTP/1.1 200 OK
Content-Type: application/json; charset=utf-8
cache-control: no-cache
content-length: 14

11:08:23.060 [AsyncHttpClient-1-8] DEBUG org.asynchttpclient.netty.channel.ChannelManager - Adding key: http://localhost:57200 for channel [id: 0x79e43e94, L:/127.0.0.1:60682 - R:localhost/127.0.0.1:57200]
11:08:23.075 [Forwarding screenshot on session 5b222e90911a66b98176e6de8581b52e to remote] DEBUG org.asynchttpclient.netty.request.NettyRequestSender - Using pooled Channel '[id: 0x79e43e94, L:/127.0.0.1:60682 - R:localhost/127.0.0.1:57200]' for 'GET' to 'http://localhost:57200/session/5b222e90911a66b98176e6de8581b52e/screenshot'
11:08:23.075 [Forwarding screenshot on session 5b222e90911a66b98176e6de8581b52e to remote] DEBUG org.asynchttpclient.netty.request.NettyRequestSender - Using open Channel [id: 0x79e43e94, L:/127.0.0.1:60682 - R:localhost/127.0.0.1:57200] for GET '/session/5b222e90911a66b98176e6de8581b52e/screenshot'
11:08:23.392 [AsyncHttpClient-1-8] DEBUG org.asynchttpclient.netty.handler.HttpHandler - 

Request DefaultFullHttpRequest(decodeResult: success, version: HTTP/1.1, content: EmptyByteBufBE)
GET /session/5b222e90911a66b98176e6de8581b52e/screenshot HTTP/1.1
User-Agent: selenium/4.1.2 (java windows)
Cache-Control: no-cache
Content-Type: application/json; charset=utf-8
host: localhost:57200
accept: */*

Response DefaultHttpResponse(decodeResult: success, version: HTTP/1.1)
HTTP/1.1 200 OK
Content-Type: application/json; charset=utf-8
cache-control: no-cache
content-length: 364284

11:08:23.396 [AsyncHttpClient-1-8] DEBUG org.asynchttpclient.netty.channel.ChannelManager - Adding key: http://localhost:57200 for channel [id: 0x79e43e94, L:/127.0.0.1:60682 - R:localhost/127.0.0.1:57200]
11:08:23.425 [main] DEBUG net.serenitybdd.core.photography.Darkroom - Send negative for processing for target\site\serenity\0b995c37cc0b4cb2d7bc6cf893b005e097b75b6d863259282c5dd085e54a90d6.png
11:08:23.426 [main] DEBUG net.thucydides.core.steps.StepInterceptor - STEP DONE: inputDataPasien
  &amp#27;[32mThen &amp#27;[0m&amp#27;[32mI input &amp#27;[0m&amp#27;[32m&amp#27;[1m"Bagas"&amp#27;[0m&amp#27;[32m &amp#27;[0m&amp#27;[32m&amp#27;[1m""&amp#27;[0m&amp#27;[32m &amp#27;[0m&amp#27;[32m&amp#27;[1m"Bedah"&amp#27;[0m&amp#27;[32m &amp#27;[0m&amp#27;[32m&amp#27;[1m"BagasBedah"&amp#27;[0m&amp#27;[32m &amp#27;[0m&amp#27;[32m&amp#27;[1m"BagasBedah"&amp#27;[0m&amp#27;[32m dokter&amp#27;[0m &amp#27;[90m# starter.stepdefinitios.DokterDataSteps.iInputDokter(java.lang.String,java.lang.String,java.lang.String,java.lang.String,java.lang.String)&amp#27;[0m
11:08:23.427 [Darkroom Processing Line] DEBUG net.serenitybdd.core.photography.DarkroomProcessingLine - Processing screenshot image in /var/screenshots/screenshot-16942373917070959301
11:08:23.427 [Darkroom Processing Line] DEBUG net.serenitybdd.core.photography.DarkroomProcessingLine - Saving screenshot to target\site\serenity\0b995c37cc0b4cb2d7bc6cf893b005e097b75b6d863259282c5dd085e54a90d6.png
11:08:23.474 [main] DEBUG net.thucydides.core.steps.StepInterceptor - STARTING STEP: PatientDataSteps.clickButtonSimpan - clickButtonSave
11:08:23.480 [Forwarding findElement on session 5b222e90911a66b98176e6de8581b52e to remote] DEBUG org.asynchttpclient.netty.request.NettyRequestSender - Using pooled Channel '[id: 0x79e43e94, L:/127.0.0.1:60682 - R:localhost/127.0.0.1:57200]' for 'POST' to 'http://localhost:57200/session/5b222e90911a66b98176e6de8581b52e/element'
11:08:23.480 [Forwarding findElement on session 5b222e90911a66b98176e6de8581b52e to remote] DEBUG org.asynchttpclient.netty.request.NettyRequestSender - Using open Channel [id: 0x79e43e94, L:/127.0.0.1:60682 - R:localhost/127.0.0.1:57200] for POST '/session/5b222e90911a66b98176e6de8581b52e/element'
11:08:23.521 [AsyncHttpClient-1-8] DEBUG org.asynchttpclient.netty.handler.HttpHandler - 

Request DefaultHttpRequest(decodeResult: success, version: HTTP/1.1)
POST /session/5b222e90911a66b98176e6de8581b52e/element HTTP/1.1
User-Agent: selenium/4.1.2 (java windows)
Content-Length: 149
Content-Type: application/json; charset=utf-8
host: localhost:57200
accept: */*

Response DefaultHttpResponse(decodeResult: success, version: HTTP/1.1)
HTTP/1.1 200 OK
Content-Type: application/json; charset=utf-8
cache-control: no-cache
content-length: 88

11:08:23.521 [AsyncHttpClient-1-8] DEBUG org.asynchttpclient.netty.channel.ChannelManager - Adding key: http://localhost:57200 for channel [id: 0x79e43e94, L:/127.0.0.1:60682 - R:localhost/127.0.0.1:57200]
11:08:23.524 [Forwarding getElementTagName on session 5b222e90911a66b98176e6de8581b52e to remote] DEBUG org.asynchttpclient.netty.request.NettyRequestSender - Using pooled Channel '[id: 0x79e43e94, L:/127.0.0.1:60682 - R:localhost/127.0.0.1:57200]' for 'GET' to 'http://localhost:57200/session/5b222e90911a66b98176e6de8581b52e/element/a9738a94-07f7-45b8-8437-b9e97741cfac/name'
11:08:23.524 [Forwarding getElementTagName on session 5b222e90911a66b98176e6de8581b52e to remote] DEBUG org.asynchttpclient.netty.request.NettyRequestSender - Using open Channel [id: 0x79e43e94, L:/127.0.0.1:60682 - R:localhost/127.0.0.1:57200] for GET '/session/5b222e90911a66b98176e6de8581b52e/element/a9738a94-07f7-45b8-8437-b9e97741cfac/name'
11:08:23.534 [AsyncHttpClient-1-8] DEBUG org.asynchttpclient.netty.handler.HttpHandler - 

Request DefaultFullHttpRequest(decodeResult: success, version: HTTP/1.1, content: EmptyByteBufBE)
GET /session/5b222e90911a66b98176e6de8581b52e/element/a9738a94-07f7-45b8-8437-b9e97741cfac/name HTTP/1.1
User-Agent: selenium/4.1.2 (java windows)
Cache-Control: no-cache
Content-Type: application/json; charset=utf-8
host: localhost:57200
accept: */*

Response DefaultHttpResponse(decodeResult: success, version: HTTP/1.1)
HTTP/1.1 200 OK
Content-Type: application/json; charset=utf-8
cache-control: no-cache
content-length: 18

11:08:23.534 [AsyncHttpClient-1-8] DEBUG org.asynchttpclient.netty.channel.ChannelManager - Adding key: http://localhost:57200 for channel [id: 0x79e43e94, L:/127.0.0.1:60682 - R:localhost/127.0.0.1:57200]
11:08:23.563 [Forwarding getElementTagName on session 5b222e90911a66b98176e6de8581b52e to remote] DEBUG org.asynchttpclient.netty.request.NettyRequestSender - Using pooled Channel '[id: 0x79e43e94, L:/127.0.0.1:60682 - R:localhost/127.0.0.1:57200]' for 'GET' to 'http://localhost:57200/session/5b222e90911a66b98176e6de8581b52e/element/a9738a94-07f7-45b8-8437-b9e97741cfac/name'
11:08:23.563 [Forwarding getElementTagName on session 5b222e90911a66b98176e6de8581b52e to remote] DEBUG org.asynchttpclient.netty.request.NettyRequestSender - Using open Channel [id: 0x79e43e94, L:/127.0.0.1:60682 - R:localhost/127.0.0.1:57200] for GET '/session/5b222e90911a66b98176e6de8581b52e/element/a9738a94-07f7-45b8-8437-b9e97741cfac/name'
11:08:23.574 [AsyncHttpClient-1-8] DEBUG org.asynchttpclient.netty.handler.HttpHandler - 

Request DefaultFullHttpRequest(decodeResult: success, version: HTTP/1.1, content: EmptyByteBufBE)
GET /session/5b222e90911a66b98176e6de8581b52e/element/a9738a94-07f7-45b8-8437-b9e97741cfac/name HTTP/1.1
User-Agent: selenium/4.1.2 (java windows)
Cache-Control: no-cache
Content-Type: application/json; charset=utf-8
host: localhost:57200
accept: */*

Response DefaultHttpResponse(decodeResult: success, version: HTTP/1.1)
HTTP/1.1 200 OK
Content-Type: application/json; charset=utf-8
cache-control: no-cache
content-length: 18

11:08:23.575 [AsyncHttpClient-1-8] DEBUG org.asynchttpclient.netty.channel.ChannelManager - Adding key: http://localhost:57200 for channel [id: 0x79e43e94, L:/127.0.0.1:60682 - R:localhost/127.0.0.1:57200]
11:08:23.579 [Forwarding isElementEnabled on session 5b222e90911a66b98176e6de8581b52e to remote] DEBUG org.asynchttpclient.netty.request.NettyRequestSender - Using pooled Channel '[id: 0x79e43e94, L:/127.0.0.1:60682 - R:localhost/127.0.0.1:57200]' for 'GET' to 'http://localhost:57200/session/5b222e90911a66b98176e6de8581b52e/element/a9738a94-07f7-45b8-8437-b9e97741cfac/enabled'
11:08:23.579 [Forwarding isElementEnabled on session 5b222e90911a66b98176e6de8581b52e to remote] DEBUG org.asynchttpclient.netty.request.NettyRequestSender - Using open Channel [id: 0x79e43e94, L:/127.0.0.1:60682 - R:localhost/127.0.0.1:57200] for GET '/session/5b222e90911a66b98176e6de8581b52e/element/a9738a94-07f7-45b8-8437-b9e97741cfac/enabled'
11:08:23.608 [AsyncHttpClient-1-8] DEBUG org.asynchttpclient.netty.handler.HttpHandler - 

Request DefaultFullHttpRequest(decodeResult: success, version: HTTP/1.1, content: EmptyByteBufBE)
GET /session/5b222e90911a66b98176e6de8581b52e/element/a9738a94-07f7-45b8-8437-b9e97741cfac/enabled HTTP/1.1
User-Agent: selenium/4.1.2 (java windows)
Cache-Control: no-cache
Content-Type: application/json; charset=utf-8
host: localhost:57200
accept: */*

Response DefaultHttpResponse(decodeResult: success, version: HTTP/1.1)
HTTP/1.1 200 OK
Content-Type: application/json; charset=utf-8
cache-control: no-cache
content-length: 14

11:08:23.608 [AsyncHttpClient-1-8] DEBUG org.asynchttpclient.netty.channel.ChannelManager - Adding key: http://localhost:57200 for channel [id: 0x79e43e94, L:/127.0.0.1:60682 - R:localhost/127.0.0.1:57200]
11:08:23.613 [Forwarding isElementEnabled on session 5b222e90911a66b98176e6de8581b52e to remote] DEBUG org.asynchttpclient.netty.request.NettyRequestSender - Using pooled Channel '[id: 0x79e43e94, L:/127.0.0.1:60682 - R:localhost/127.0.0.1:57200]' for 'GET' to 'http://localhost:57200/session/5b222e90911a66b98176e6de8581b52e/element/a9738a94-07f7-45b8-8437-b9e97741cfac/enabled'
11:08:23.613 [Forwarding isElementEnabled on session 5b222e90911a66b98176e6de8581b52e to remote] DEBUG org.asynchttpclient.netty.request.NettyRequestSender - Using open Channel [id: 0x79e43e94, L:/127.0.0.1:60682 - R:localhost/127.0.0.1:57200] for GET '/session/5b222e90911a66b98176e6de8581b52e/element/a9738a94-07f7-45b8-8437-b9e97741cfac/enabled'
11:08:23.635 [AsyncHttpClient-1-8] DEBUG org.asynchttpclient.netty.handler.HttpHandler - 

Request DefaultFullHttpRequest(decodeResult: success, version: HTTP/1.1, content: EmptyByteBufBE)
GET /session/5b222e90911a66b98176e6de8581b52e/element/a9738a94-07f7-45b8-8437-b9e97741cfac/enabled HTTP/1.1
User-Agent: selenium/4.1.2 (java windows)
Cache-Control: no-cache
Content-Type: application/json; charset=utf-8
host: localhost:57200
accept: */*

Response DefaultHttpResponse(decodeResult: success, version: HTTP/1.1)
HTTP/1.1 200 OK
Content-Type: application/json; charset=utf-8
cache-control: no-cache
content-length: 14

11:08:23.635 [AsyncHttpClient-1-8] DEBUG org.asynchttpclient.netty.channel.ChannelManager - Adding key: http://localhost:57200 for channel [id: 0x79e43e94, L:/127.0.0.1:60682 - R:localhost/127.0.0.1:57200]
11:08:23.640 [Forwarding findElement on session 5b222e90911a66b98176e6de8581b52e to remote] DEBUG org.asynchttpclient.netty.request.NettyRequestSender - Using pooled Channel '[id: 0x79e43e94, L:/127.0.0.1:60682 - R:localhost/127.0.0.1:57200]' for 'POST' to 'http://localhost:57200/session/5b222e90911a66b98176e6de8581b52e/element'
11:08:23.640 [Forwarding findElement on session 5b222e90911a66b98176e6de8581b52e to remote] DEBUG org.asynchttpclient.netty.request.NettyRequestSender - Using open Channel [id: 0x79e43e94, L:/127.0.0.1:60682 - R:localhost/127.0.0.1:57200] for POST '/session/5b222e90911a66b98176e6de8581b52e/element'
11:08:23.655 [AsyncHttpClient-1-8] DEBUG org.asynchttpclient.netty.handler.HttpHandler - 

Request DefaultHttpRequest(decodeResult: success, version: HTTP/1.1)
POST /session/5b222e90911a66b98176e6de8581b52e/element HTTP/1.1
User-Agent: selenium/4.1.2 (java windows)
Content-Length: 149
Content-Type: application/json; charset=utf-8
host: localhost:57200
accept: */*

Response DefaultHttpResponse(decodeResult: success, version: HTTP/1.1)
HTTP/1.1 200 OK
Content-Type: application/json; charset=utf-8
cache-control: no-cache
content-length: 88

11:08:23.656 [AsyncHttpClient-1-8] DEBUG org.asynchttpclient.netty.channel.ChannelManager - Adding key: http://localhost:57200 for channel [id: 0x79e43e94, L:/127.0.0.1:60682 - R:localhost/127.0.0.1:57200]
11:08:23.658 [Forwarding clickElement on session 5b222e90911a66b98176e6de8581b52e to remote] DEBUG org.asynchttpclient.netty.request.NettyRequestSender - Using pooled Channel '[id: 0x79e43e94, L:/127.0.0.1:60682 - R:localhost/127.0.0.1:57200]' for 'POST' to 'http://localhost:57200/session/5b222e90911a66b98176e6de8581b52e/element/a9738a94-07f7-45b8-8437-b9e97741cfac/click'
11:08:23.659 [Forwarding clickElement on session 5b222e90911a66b98176e6de8581b52e to remote] DEBUG org.asynchttpclient.netty.request.NettyRequestSender - Using open Channel [id: 0x79e43e94, L:/127.0.0.1:60682 - R:localhost/127.0.0.1:57200] for POST '/session/5b222e90911a66b98176e6de8581b52e/element/a9738a94-07f7-45b8-8437-b9e97741cfac/click'
11:08:23.763 [AsyncHttpClient-1-8] DEBUG org.asynchttpclient.netty.handler.HttpHandler - 

Request DefaultHttpRequest(decodeResult: success, version: HTTP/1.1)
POST /session/5b222e90911a66b98176e6de8581b52e/element/a9738a94-07f7-45b8-8437-b9e97741cfac/click HTTP/1.1
User-Agent: selenium/4.1.2 (java windows)
Content-Length: 50
Content-Type: application/json; charset=utf-8
host: localhost:57200
accept: */*

Response DefaultHttpResponse(decodeResult: success, version: HTTP/1.1)
HTTP/1.1 200 OK
Content-Type: application/json; charset=utf-8
cache-control: no-cache
content-length: 14

11:08:23.764 [AsyncHttpClient-1-8] DEBUG org.asynchttpclient.netty.channel.ChannelManager - Adding key: http://localhost:57200 for channel [id: 0x79e43e94, L:/127.0.0.1:60682 - R:localhost/127.0.0.1:57200]
11:08:23.788 [Forwarding screenshot on session 5b222e90911a66b98176e6de8581b52e to remote] DEBUG org.asynchttpclient.netty.request.NettyRequestSender - Using pooled Channel '[id: 0x79e43e94, L:/127.0.0.1:60682 - R:localhost/127.0.0.1:57200]' for 'GET' to 'http://localhost:57200/session/5b222e90911a66b98176e6de8581b52e/screenshot'
11:08:23.788 [Forwarding screenshot on session 5b222e90911a66b98176e6de8581b52e to remote] DEBUG org.asynchttpclient.netty.request.NettyRequestSender - Using open Channel [id: 0x79e43e94, L:/127.0.0.1:60682 - R:localhost/127.0.0.1:57200] for GET '/session/5b222e90911a66b98176e6de8581b52e/screenshot'
11:08:24.115 [AsyncHttpClient-1-1] DEBUG org.asynchttpclient.netty.channel.DefaultChannelPool - Entry count for : http://localhost:60684 : 1
11:08:24.393 [AsyncHttpClient-1-8] DEBUG org.asynchttpclient.netty.handler.HttpHandler - 

Request DefaultFullHttpRequest(decodeResult: success, version: HTTP/1.1, content: EmptyByteBufBE)
GET /session/5b222e90911a66b98176e6de8581b52e/screenshot HTTP/1.1
User-Agent: selenium/4.1.2 (java windows)
Cache-Control: no-cache
Content-Type: application/json; charset=utf-8
host: localhost:57200
accept: */*

Response DefaultHttpResponse(decodeResult: success, version: HTTP/1.1)
HTTP/1.1 500 Internal Server Error
Content-Type: application/json; charset=utf-8
cache-control: no-cache
content-length: 882

11:08:24.393 [AsyncHttpClient-1-8] DEBUG org.asynchttpclient.netty.channel.ChannelManager - Adding key: http://localhost:57200 for channel [id: 0x79e43e94, L:/127.0.0.1:60682 - R:localhost/127.0.0.1:57200]
11:08:24.395 [main] WARN net.thucydides.core.webdriver.WebDriverFacade - Failed to take screenshot (unexpected alert open: <unknown>
  (Session info: chrome=102.0.5005.115): 
Build info: version: '4.1.2', revision: '9a5a329c5a'
System info: host: 'MOOK-HON', ip: '192.168.100.6', os.name: 'Windows 10', os.arch: 'amd64', os.version: '10.0', java.version: '11.0.14'
Driver info: org.openqa.selenium.chrome.ChromeDriver
Command: [5b222e90911a66b98176e6de8581b52e, screenshot {}]
Capabilities {acceptInsecureCerts: false, browserName: chrome, browserVersion: 102.0.5005.115, chrome: {chromedriverVersion: 102.0.5005.61 (0e59bcc00cc4..., userDataDir: C:\Users\ASUS\AppData\Local...}, goog:chromeOptions: {debuggerAddress: localhost:60684}, javascriptEnabled: true, networkConnectionEnabled: false, pageLoadStrategy: normal, platform: WINDOWS, platformName: WINDOWS, proxy: Proxy(), se:cdp: ws://localhost:60684/devtoo..., se:cdpVersion: 102.0.5005.115, setWindowRect: true, strictFileInteractability: false, timeouts: {implicit: 0, pageLoad: 300000, script: 30000}, unhandledPromptBehavior: dismiss and notify, webauthn:extension:credBlob: true, webauthn:extension:largeBlob: true, webauthn:virtualAuthenticators: true}
Session ID: 5b222e90911a66b98176e6de8581b52e)
11:08:24.395 [main] DEBUG net.thucydides.core.steps.StepInterceptor - STEP DONE: clickButtonSave
  &amp#27;[32mAnd &amp#27;[0m&amp#27;[32mClick button simpan&amp#27;[0m                                          &amp#27;[90m# starter.stepdefinitios.PatientDataSteps.clickButtonSimpan()&amp#27;[0m
11:08:24.409 [Forwarding screenshot on session 5b222e90911a66b98176e6de8581b52e to remote] DEBUG org.asynchttpclient.netty.request.NettyRequestSender - Using pooled Channel '[id: 0x79e43e94, L:/127.0.0.1:60682 - R:localhost/127.0.0.1:57200]' for 'GET' to 'http://localhost:57200/session/5b222e90911a66b98176e6de8581b52e/screenshot'
11:08:24.409 [Forwarding screenshot on session 5b222e90911a66b98176e6de8581b52e to remote] DEBUG org.asynchttpclient.netty.request.NettyRequestSender - Using open Channel [id: 0x79e43e94, L:/127.0.0.1:60682 - R:localhost/127.0.0.1:57200] for GET '/session/5b222e90911a66b98176e6de8581b52e/screenshot'
11:08:24.417 [AsyncHttpClient-1-8] DEBUG org.asynchttpclient.netty.handler.HttpHandler - 

Request DefaultFullHttpRequest(decodeResult: success, version: HTTP/1.1, content: EmptyByteBufBE)
GET /session/5b222e90911a66b98176e6de8581b52e/screenshot HTTP/1.1
User-Agent: selenium/4.1.2 (java windows)
Cache-Control: no-cache
Content-Type: application/json; charset=utf-8
host: localhost:57200
accept: */*

Response DefaultHttpResponse(decodeResult: success, version: HTTP/1.1)
HTTP/1.1 500 Internal Server Error
Content-Type: application/json; charset=utf-8
cache-control: no-cache
content-length: 917

11:08:24.418 [AsyncHttpClient-1-8] DEBUG org.asynchttpclient.netty.channel.ChannelManager - Adding key: http://localhost:57200 for channel [id: 0x79e43e94, L:/127.0.0.1:60682 - R:localhost/127.0.0.1:57200]
11:08:24.423 [main] WARN net.thucydides.core.webdriver.WebDriverFacade - Failed to take screenshot (unexpected alert open: {Alert text : data telah diubah}
  (Session info: chrome=102.0.5005.115): data telah diubah
Build info: version: '4.1.2', revision: '9a5a329c5a'
System info: host: 'MOOK-HON', ip: '192.168.100.6', os.name: 'Windows 10', os.arch: 'amd64', os.version: '10.0', java.version: '11.0.14'
Driver info: org.openqa.selenium.chrome.ChromeDriver
Command: [5b222e90911a66b98176e6de8581b52e, screenshot {}]
Capabilities {acceptInsecureCerts: false, browserName: chrome, browserVersion: 102.0.5005.115, chrome: {chromedriverVersion: 102.0.5005.61 (0e59bcc00cc4..., userDataDir: C:\Users\ASUS\AppData\Local...}, goog:chromeOptions: {debuggerAddress: localhost:60684}, javascriptEnabled: true, networkConnectionEnabled: false, pageLoadStrategy: normal, platform: WINDOWS, platformName: WINDOWS, proxy: Proxy(), se:cdp: ws://localhost:60684/devtoo..., se:cdpVersion: 102.0.5005.115, setWindowRect: true, strictFileInteractability: false, timeouts: {implicit: 0, pageLoad: 300000, script: 30000}, unhandledPromptBehavior: dismiss and notify, webauthn:extension:credBlob: true, webauthn:extension:largeBlob: true, webauthn:virtualAuthenticators: true}
Session ID: 5b222e90911a66b98176e6de8581b52e)
11:08:24.437 [Forwarding screenshot on session 5b222e90911a66b98176e6de8581b52e to remote] DEBUG org.asynchttpclient.netty.request.NettyRequestSender - Using pooled Channel '[id: 0x79e43e94, L:/127.0.0.1:60682 - R:localhost/127.0.0.1:57200]' for 'GET' to 'http://localhost:57200/session/5b222e90911a66b98176e6de8581b52e/screenshot'
11:08:24.448 [Forwarding screenshot on session 5b222e90911a66b98176e6de8581b52e to remote] DEBUG org.asynchttpclient.netty.request.NettyRequestSender - Using open Channel [id: 0x79e43e94, L:/127.0.0.1:60682 - R:localhost/127.0.0.1:57200] for GET '/session/5b222e90911a66b98176e6de8581b52e/screenshot'
11:08:25.082 [AsyncHttpClient-1-8] DEBUG org.asynchttpclient.netty.handler.HttpHandler - 

Request DefaultFullHttpRequest(decodeResult: success, version: HTTP/1.1, content: EmptyByteBufBE)
GET /session/5b222e90911a66b98176e6de8581b52e/screenshot HTTP/1.1
User-Agent: selenium/4.1.2 (java windows)
Cache-Control: no-cache
Content-Type: application/json; charset=utf-8
host: localhost:57200
accept: */*

Response DefaultHttpResponse(decodeResult: success, version: HTTP/1.1)
HTTP/1.1 200 OK
Content-Type: application/json; charset=utf-8
cache-control: no-cache
content-length: 363352

11:08:25.085 [AsyncHttpClient-1-8] DEBUG org.asynchttpclient.netty.channel.ChannelManager - Adding key: http://localhost:57200 for channel [id: 0x79e43e94, L:/127.0.0.1:60682 - R:localhost/127.0.0.1:57200]
11:08:25.111 [main] DEBUG net.serenitybdd.core.photography.Darkroom - Send negative for processing for target\site\serenity\dcceaf39841a5774274d5eb9a64525b41cd93d8a42b67532fad468c9fed7c9b3.png
11:08:25.287 [AsyncHttpClient-1-1] DEBUG org.asynchttpclient.netty.channel.DefaultChannelPool - Entry count for : http://localhost:60684 : 1
11:08:25.287 [AsyncHttpClient-1-1] DEBUG org.asynchttpclient.netty.channel.DefaultChannelPool - Entry count for : http://localhost:57200 : 1
11:08:25.634 [Forwarding screenshot on session 5b222e90911a66b98176e6de8581b52e to remote] DEBUG org.asynchttpclient.netty.request.NettyRequestSender - Using pooled Channel '[id: 0x79e43e94, L:/127.0.0.1:60682 - R:localhost/127.0.0.1:57200]' for 'GET' to 'http://localhost:57200/session/5b222e90911a66b98176e6de8581b52e/screenshot'
11:08:25.634 [Forwarding screenshot on session 5b222e90911a66b98176e6de8581b52e to remote] DEBUG org.asynchttpclient.netty.request.NettyRequestSender - Using open Channel [id: 0x79e43e94, L:/127.0.0.1:60682 - R:localhost/127.0.0.1:57200] for GET '/session/5b222e90911a66b98176e6de8581b52e/screenshot'
11:08:25.956 [AsyncHttpClient-1-8] DEBUG org.asynchttpclient.netty.handler.HttpHandler - 

Request DefaultFullHttpRequest(decodeResult: success, version: HTTP/1.1, content: EmptyByteBufBE)
GET /session/5b222e90911a66b98176e6de8581b52e/screenshot HTTP/1.1
User-Agent: selenium/4.1.2 (java windows)
Cache-Control: no-cache
Content-Type: application/json; charset=utf-8
host: localhost:57200
accept: */*

Response DefaultHttpResponse(decodeResult: success, version: HTTP/1.1)
HTTP/1.1 200 OK
Content-Type: application/json; charset=utf-8
cache-control: no-cache
content-length: 363352

11:08:25.958 [AsyncHttpClient-1-8] DEBUG org.asynchttpclient.netty.channel.ChannelManager - Adding key: http://localhost:57200 for channel [id: 0x79e43e94, L:/127.0.0.1:60682 - R:localhost/127.0.0.1:57200]
11:08:25.989 [main] DEBUG net.serenitybdd.core.photography.Darkroom - Send negative for processing for target\site\serenity\dcceaf39841a5774274d5eb9a64525b41cd93d8a42b67532fad468c9fed7c9b3.png
11:08:25.990 [main] DEBUG net.thucydides.core.steps.StepInterceptor - STARTING STEP: PatientDataSteps.validEditData - clickButtonBack
11:08:25.998 [Forwarding findElement on session 5b222e90911a66b98176e6de8581b52e to remote] DEBUG org.asynchttpclient.netty.request.NettyRequestSender - Using pooled Channel '[id: 0x79e43e94, L:/127.0.0.1:60682 - R:localhost/127.0.0.1:57200]' for 'POST' to 'http://localhost:57200/session/5b222e90911a66b98176e6de8581b52e/element'
11:08:25.998 [Forwarding findElement on session 5b222e90911a66b98176e6de8581b52e to remote] DEBUG org.asynchttpclient.netty.request.NettyRequestSender - Using open Channel [id: 0x79e43e94, L:/127.0.0.1:60682 - R:localhost/127.0.0.1:57200] for POST '/session/5b222e90911a66b98176e6de8581b52e/element'
11:08:26.043 [AsyncHttpClient-1-8] DEBUG org.asynchttpclient.netty.handler.HttpHandler - 

Request DefaultHttpRequest(decodeResult: success, version: HTTP/1.1)
POST /session/5b222e90911a66b98176e6de8581b52e/element HTTP/1.1
User-Agent: selenium/4.1.2 (java windows)
Content-Length: 137
Content-Type: application/json; charset=utf-8
host: localhost:57200
accept: */*

Response DefaultHttpResponse(decodeResult: success, version: HTTP/1.1)
HTTP/1.1 200 OK
Content-Type: application/json; charset=utf-8
cache-control: no-cache
content-length: 88

11:08:26.044 [AsyncHttpClient-1-8] DEBUG org.asynchttpclient.netty.channel.ChannelManager - Adding key: http://localhost:57200 for channel [id: 0x79e43e94, L:/127.0.0.1:60682 - R:localhost/127.0.0.1:57200]
11:08:26.046 [Forwarding getElementTagName on session 5b222e90911a66b98176e6de8581b52e to remote] DEBUG org.asynchttpclient.netty.request.NettyRequestSender - Using pooled Channel '[id: 0x79e43e94, L:/127.0.0.1:60682 - R:localhost/127.0.0.1:57200]' for 'GET' to 'http://localhost:57200/session/5b222e90911a66b98176e6de8581b52e/element/4cc3ad02-662c-4d48-bb27-a9898379659d/name'
11:08:26.046 [Forwarding getElementTagName on session 5b222e90911a66b98176e6de8581b52e to remote] DEBUG org.asynchttpclient.netty.request.NettyRequestSender - Using open Channel [id: 0x79e43e94, L:/127.0.0.1:60682 - R:localhost/127.0.0.1:57200] for GET '/session/5b222e90911a66b98176e6de8581b52e/element/4cc3ad02-662c-4d48-bb27-a9898379659d/name'
11:08:26.059 [AsyncHttpClient-1-8] DEBUG org.asynchttpclient.netty.handler.HttpHandler - 

Request DefaultFullHttpRequest(decodeResult: success, version: HTTP/1.1, content: EmptyByteBufBE)
GET /session/5b222e90911a66b98176e6de8581b52e/element/4cc3ad02-662c-4d48-bb27-a9898379659d/name HTTP/1.1
User-Agent: selenium/4.1.2 (java windows)
Cache-Control: no-cache
Content-Type: application/json; charset=utf-8
host: localhost:57200
accept: */*

Response DefaultHttpResponse(decodeResult: success, version: HTTP/1.1)
HTTP/1.1 200 OK
Content-Type: application/json; charset=utf-8
cache-control: no-cache
content-length: 18

11:08:26.059 [AsyncHttpClient-1-8] DEBUG org.asynchttpclient.netty.channel.ChannelManager - Adding key: http://localhost:57200 for channel [id: 0x79e43e94, L:/127.0.0.1:60682 - R:localhost/127.0.0.1:57200]
11:08:26.061 [Forwarding getElementTagName on session 5b222e90911a66b98176e6de8581b52e to remote] DEBUG org.asynchttpclient.netty.request.NettyRequestSender - Using pooled Channel '[id: 0x79e43e94, L:/127.0.0.1:60682 - R:localhost/127.0.0.1:57200]' for 'GET' to 'http://localhost:57200/session/5b222e90911a66b98176e6de8581b52e/element/4cc3ad02-662c-4d48-bb27-a9898379659d/name'
11:08:26.062 [Forwarding getElementTagName on session 5b222e90911a66b98176e6de8581b52e to remote] DEBUG org.asynchttpclient.netty.request.NettyRequestSender - Using open Channel [id: 0x79e43e94, L:/127.0.0.1:60682 - R:localhost/127.0.0.1:57200] for GET '/session/5b222e90911a66b98176e6de8581b52e/element/4cc3ad02-662c-4d48-bb27-a9898379659d/name'
11:08:26.080 [AsyncHttpClient-1-8] DEBUG org.asynchttpclient.netty.handler.HttpHandler - 

Request DefaultFullHttpRequest(decodeResult: success, version: HTTP/1.1, content: EmptyByteBufBE)
GET /session/5b222e90911a66b98176e6de8581b52e/element/4cc3ad02-662c-4d48-bb27-a9898379659d/name HTTP/1.1
User-Agent: selenium/4.1.2 (java windows)
Cache-Control: no-cache
Content-Type: application/json; charset=utf-8
host: localhost:57200
accept: */*

Response DefaultHttpResponse(decodeResult: success, version: HTTP/1.1)
HTTP/1.1 200 OK
Content-Type: application/json; charset=utf-8
cache-control: no-cache
content-length: 18

11:08:26.080 [AsyncHttpClient-1-8] DEBUG org.asynchttpclient.netty.channel.ChannelManager - Adding key: http://localhost:57200 for channel [id: 0x79e43e94, L:/127.0.0.1:60682 - R:localhost/127.0.0.1:57200]
11:08:26.085 [Forwarding isElementEnabled on session 5b222e90911a66b98176e6de8581b52e to remote] DEBUG org.asynchttpclient.netty.request.NettyRequestSender - Using pooled Channel '[id: 0x79e43e94, L:/127.0.0.1:60682 - R:localhost/127.0.0.1:57200]' for 'GET' to 'http://localhost:57200/session/5b222e90911a66b98176e6de8581b52e/element/4cc3ad02-662c-4d48-bb27-a9898379659d/enabled'
11:08:26.085 [Forwarding isElementEnabled on session 5b222e90911a66b98176e6de8581b52e to remote] DEBUG org.asynchttpclient.netty.request.NettyRequestSender - Using open Channel [id: 0x79e43e94, L:/127.0.0.1:60682 - R:localhost/127.0.0.1:57200] for GET '/session/5b222e90911a66b98176e6de8581b52e/element/4cc3ad02-662c-4d48-bb27-a9898379659d/enabled'
11:08:26.133 [AsyncHttpClient-1-8] DEBUG org.asynchttpclient.netty.handler.HttpHandler - 

Request DefaultFullHttpRequest(decodeResult: success, version: HTTP/1.1, content: EmptyByteBufBE)
GET /session/5b222e90911a66b98176e6de8581b52e/element/4cc3ad02-662c-4d48-bb27-a9898379659d/enabled HTTP/1.1
User-Agent: selenium/4.1.2 (java windows)
Cache-Control: no-cache
Content-Type: application/json; charset=utf-8
host: localhost:57200
accept: */*

Response DefaultHttpResponse(decodeResult: success, version: HTTP/1.1)
HTTP/1.1 200 OK
Content-Type: application/json; charset=utf-8
cache-control: no-cache
content-length: 14

11:08:26.133 [AsyncHttpClient-1-8] DEBUG org.asynchttpclient.netty.channel.ChannelManager - Adding key: http://localhost:57200 for channel [id: 0x79e43e94, L:/127.0.0.1:60682 - R:localhost/127.0.0.1:57200]
11:08:26.138 [Forwarding isElementEnabled on session 5b222e90911a66b98176e6de8581b52e to remote] DEBUG org.asynchttpclient.netty.request.NettyRequestSender - Using pooled Channel '[id: 0x79e43e94, L:/127.0.0.1:60682 - R:localhost/127.0.0.1:57200]' for 'GET' to 'http://localhost:57200/session/5b222e90911a66b98176e6de8581b52e/element/4cc3ad02-662c-4d48-bb27-a9898379659d/enabled'
11:08:26.138 [Forwarding isElementEnabled on session 5b222e90911a66b98176e6de8581b52e to remote] DEBUG org.asynchttpclient.netty.request.NettyRequestSender - Using open Channel [id: 0x79e43e94, L:/127.0.0.1:60682 - R:localhost/127.0.0.1:57200] for GET '/session/5b222e90911a66b98176e6de8581b52e/element/4cc3ad02-662c-4d48-bb27-a9898379659d/enabled'
11:08:26.155 [AsyncHttpClient-1-8] DEBUG org.asynchttpclient.netty.handler.HttpHandler - 

Request DefaultFullHttpRequest(decodeResult: success, version: HTTP/1.1, content: EmptyByteBufBE)
GET /session/5b222e90911a66b98176e6de8581b52e/element/4cc3ad02-662c-4d48-bb27-a9898379659d/enabled HTTP/1.1
User-Agent: selenium/4.1.2 (java windows)
Cache-Control: no-cache
Content-Type: application/json; charset=utf-8
host: localhost:57200
accept: */*

Response DefaultHttpResponse(decodeResult: success, version: HTTP/1.1)
HTTP/1.1 200 OK
Content-Type: application/json; charset=utf-8
cache-control: no-cache
content-length: 14

11:08:26.157 [AsyncHttpClient-1-8] DEBUG org.asynchttpclient.netty.channel.ChannelManager - Adding key: http://localhost:57200 for channel [id: 0x79e43e94, L:/127.0.0.1:60682 - R:localhost/127.0.0.1:57200]
11:08:26.164 [Forwarding findElement on session 5b222e90911a66b98176e6de8581b52e to remote] DEBUG org.asynchttpclient.netty.request.NettyRequestSender - Using pooled Channel '[id: 0x79e43e94, L:/127.0.0.1:60682 - R:localhost/127.0.0.1:57200]' for 'POST' to 'http://localhost:57200/session/5b222e90911a66b98176e6de8581b52e/element'
11:08:26.164 [Forwarding findElement on session 5b222e90911a66b98176e6de8581b52e to remote] DEBUG org.asynchttpclient.netty.request.NettyRequestSender - Using open Channel [id: 0x79e43e94, L:/127.0.0.1:60682 - R:localhost/127.0.0.1:57200] for POST '/session/5b222e90911a66b98176e6de8581b52e/element'
11:08:26.181 [AsyncHttpClient-1-8] DEBUG org.asynchttpclient.netty.handler.HttpHandler - 

Request DefaultHttpRequest(decodeResult: success, version: HTTP/1.1)
POST /session/5b222e90911a66b98176e6de8581b52e/element HTTP/1.1
User-Agent: selenium/4.1.2 (java windows)
Content-Length: 137
Content-Type: application/json; charset=utf-8
host: localhost:57200
accept: */*

Response DefaultHttpResponse(decodeResult: success, version: HTTP/1.1)
HTTP/1.1 200 OK
Content-Type: application/json; charset=utf-8
cache-control: no-cache
content-length: 88

11:08:26.181 [AsyncHttpClient-1-8] DEBUG org.asynchttpclient.netty.channel.ChannelManager - Adding key: http://localhost:57200 for channel [id: 0x79e43e94, L:/127.0.0.1:60682 - R:localhost/127.0.0.1:57200]
11:08:26.184 [Forwarding clickElement on session 5b222e90911a66b98176e6de8581b52e to remote] DEBUG org.asynchttpclient.netty.request.NettyRequestSender - Using pooled Channel '[id: 0x79e43e94, L:/127.0.0.1:60682 - R:localhost/127.0.0.1:57200]' for 'POST' to 'http://localhost:57200/session/5b222e90911a66b98176e6de8581b52e/element/4cc3ad02-662c-4d48-bb27-a9898379659d/click'
11:08:26.184 [Forwarding clickElement on session 5b222e90911a66b98176e6de8581b52e to remote] DEBUG org.asynchttpclient.netty.request.NettyRequestSender - Using open Channel [id: 0x79e43e94, L:/127.0.0.1:60682 - R:localhost/127.0.0.1:57200] for POST '/session/5b222e90911a66b98176e6de8581b52e/element/4cc3ad02-662c-4d48-bb27-a9898379659d/click'
11:08:26.315 [AsyncHttpClient-1-1] DEBUG org.asynchttpclient.netty.channel.DefaultChannelPool - Entry count for : http://localhost:60684 : 1
11:08:26.375 [AsyncHttpClient-1-8] DEBUG org.asynchttpclient.netty.handler.HttpHandler - 

Request DefaultHttpRequest(decodeResult: success, version: HTTP/1.1)
POST /session/5b222e90911a66b98176e6de8581b52e/element/4cc3ad02-662c-4d48-bb27-a9898379659d/click HTTP/1.1
User-Agent: selenium/4.1.2 (java windows)
Content-Length: 50
Content-Type: application/json; charset=utf-8
host: localhost:57200
accept: */*

Response DefaultHttpResponse(decodeResult: success, version: HTTP/1.1)
HTTP/1.1 200 OK
Content-Type: application/json; charset=utf-8
cache-control: no-cache
content-length: 14

11:08:26.375 [AsyncHttpClient-1-8] DEBUG org.asynchttpclient.netty.channel.ChannelManager - Adding key: http://localhost:57200 for channel [id: 0x79e43e94, L:/127.0.0.1:60682 - R:localhost/127.0.0.1:57200]
11:08:26.398 [Forwarding screenshot on session 5b222e90911a66b98176e6de8581b52e to remote] DEBUG org.asynchttpclient.netty.request.NettyRequestSender - Using pooled Channel '[id: 0x79e43e94, L:/127.0.0.1:60682 - R:localhost/127.0.0.1:57200]' for 'GET' to 'http://localhost:57200/session/5b222e90911a66b98176e6de8581b52e/screenshot'
11:08:26.398 [Forwarding screenshot on session 5b222e90911a66b98176e6de8581b52e to remote] DEBUG org.asynchttpclient.netty.request.NettyRequestSender - Using open Channel [id: 0x79e43e94, L:/127.0.0.1:60682 - R:localhost/127.0.0.1:57200] for GET '/session/5b222e90911a66b98176e6de8581b52e/screenshot'
11:08:26.876 [AsyncHttpClient-1-8] DEBUG org.asynchttpclient.netty.handler.HttpHandler - 

Request DefaultFullHttpRequest(decodeResult: success, version: HTTP/1.1, content: EmptyByteBufBE)
GET /session/5b222e90911a66b98176e6de8581b52e/screenshot HTTP/1.1
User-Agent: selenium/4.1.2 (java windows)
Cache-Control: no-cache
Content-Type: application/json; charset=utf-8
host: localhost:57200
accept: */*

Response DefaultHttpResponse(decodeResult: success, version: HTTP/1.1)
HTTP/1.1 200 OK
Content-Type: application/json; charset=utf-8
cache-control: no-cache
content-length: 348704

11:08:26.881 [AsyncHttpClient-1-8] DEBUG org.asynchttpclient.netty.channel.ChannelManager - Adding key: http://localhost:57200 for channel [id: 0x79e43e94, L:/127.0.0.1:60682 - R:localhost/127.0.0.1:57200]
11:08:26.908 [main] DEBUG net.serenitybdd.core.photography.Darkroom - Send negative for processing for target\site\serenity\257ba893b5ad405218810435bf16a4906b378268b14bde87a8f9e86a86a34518.png
11:08:26.910 [main] DEBUG net.thucydides.core.steps.StepInterceptor - STEP DONE: clickButtonBack
11:08:26.959 [Forwarding screenshot on session 5b222e90911a66b98176e6de8581b52e to remote] DEBUG org.asynchttpclient.netty.request.NettyRequestSender - Using pooled Channel '[id: 0x79e43e94, L:/127.0.0.1:60682 - R:localhost/127.0.0.1:57200]' for 'GET' to 'http://localhost:57200/session/5b222e90911a66b98176e6de8581b52e/screenshot'
11:08:26.959 [Forwarding screenshot on session 5b222e90911a66b98176e6de8581b52e to remote] DEBUG org.asynchttpclient.netty.request.NettyRequestSender - Using open Channel [id: 0x79e43e94, L:/127.0.0.1:60682 - R:localhost/127.0.0.1:57200] for GET '/session/5b222e90911a66b98176e6de8581b52e/screenshot'
11:08:27.364 [AsyncHttpClient-1-8] DEBUG org.asynchttpclient.netty.handler.HttpHandler - 

Request DefaultFullHttpRequest(decodeResult: success, version: HTTP/1.1, content: EmptyByteBufBE)
GET /session/5b222e90911a66b98176e6de8581b52e/screenshot HTTP/1.1
User-Agent: selenium/4.1.2 (java windows)
Cache-Control: no-cache
Content-Type: application/json; charset=utf-8
host: localhost:57200
accept: */*

Response DefaultHttpResponse(decodeResult: success, version: HTTP/1.1)
HTTP/1.1 200 OK
Content-Type: application/json; charset=utf-8
cache-control: no-cache
content-length: 362208

11:08:27.366 [AsyncHttpClient-1-8] DEBUG org.asynchttpclient.netty.channel.ChannelManager - Adding key: http://localhost:57200 for channel [id: 0x79e43e94, L:/127.0.0.1:60682 - R:localhost/127.0.0.1:57200]
11:08:27.392 [main] DEBUG net.serenitybdd.core.photography.Darkroom - Send negative for processing for target\site\serenity\0ec88d6903c76b7409352f515e4e4aa947b56ac6ac5d06c9d3e98005943e8ce9.png
11:08:27.393 [main] DEBUG net.thucydides.core.steps.StepInterceptor - STARTING STEP: PatientDataSteps.validEditData - checkValidDataPasien
11:08:27.394 [Darkroom Processing Line] DEBUG net.serenitybdd.core.photography.DarkroomProcessingLine - Processing screenshot image in /var/screenshots/screenshot-17631027292844140729
11:08:27.394 [Darkroom Processing Line] DEBUG net.serenitybdd.core.photography.DarkroomProcessingLine - Saving screenshot to target\site\serenity\0ec88d6903c76b7409352f515e4e4aa947b56ac6ac5d06c9d3e98005943e8ce9.png
11:08:27.398 [Forwarding findElement on session 5b222e90911a66b98176e6de8581b52e to remote] DEBUG org.asynchttpclient.netty.request.NettyRequestSender - Using pooled Channel '[id: 0x79e43e94, L:/127.0.0.1:60682 - R:localhost/127.0.0.1:57200]' for 'POST' to 'http://localhost:57200/session/5b222e90911a66b98176e6de8581b52e/element'
11:08:27.398 [Forwarding findElement on session 5b222e90911a66b98176e6de8581b52e to remote] DEBUG org.asynchttpclient.netty.request.NettyRequestSender - Using open Channel [id: 0x79e43e94, L:/127.0.0.1:60682 - R:localhost/127.0.0.1:57200] for POST '/session/5b222e90911a66b98176e6de8581b52e/element'
11:08:27.415 [AsyncHttpClient-1-1] DEBUG org.asynchttpclient.netty.channel.DefaultChannelPool - Entry count for : http://localhost:60684 : 1
11:08:27.431 [AsyncHttpClient-1-8] DEBUG org.asynchttpclient.netty.handler.HttpHandler - 

Request DefaultHttpRequest(decodeResult: success, version: HTTP/1.1)
POST /session/5b222e90911a66b98176e6de8581b52e/element HTTP/1.1
User-Agent: selenium/4.1.2 (java windows)
Content-Length: 95
Content-Type: application/json; charset=utf-8
host: localhost:57200
accept: */*

Response DefaultHttpResponse(decodeResult: success, version: HTTP/1.1)
HTTP/1.1 200 OK
Content-Type: application/json; charset=utf-8
cache-control: no-cache
content-length: 88

11:08:27.431 [AsyncHttpClient-1-8] DEBUG org.asynchttpclient.netty.channel.ChannelManager - Adding key: http://localhost:57200 for channel [id: 0x79e43e94, L:/127.0.0.1:60682 - R:localhost/127.0.0.1:57200]
11:08:27.433 [Forwarding isElementEnabled on session 5b222e90911a66b98176e6de8581b52e to remote] DEBUG org.asynchttpclient.netty.request.NettyRequestSender - Using pooled Channel '[id: 0x79e43e94, L:/127.0.0.1:60682 - R:localhost/127.0.0.1:57200]' for 'GET' to 'http://localhost:57200/session/5b222e90911a66b98176e6de8581b52e/element/6b54e95b-0b71-4c46-9de3-a9bba1abcdad/enabled'
11:08:27.433 [Forwarding isElementEnabled on session 5b222e90911a66b98176e6de8581b52e to remote] DEBUG org.asynchttpclient.netty.request.NettyRequestSender - Using open Channel [id: 0x79e43e94, L:/127.0.0.1:60682 - R:localhost/127.0.0.1:57200] for GET '/session/5b222e90911a66b98176e6de8581b52e/element/6b54e95b-0b71-4c46-9de3-a9bba1abcdad/enabled'
11:08:27.459 [AsyncHttpClient-1-8] DEBUG org.asynchttpclient.netty.handler.HttpHandler - 

Request DefaultFullHttpRequest(decodeResult: success, version: HTTP/1.1, content: EmptyByteBufBE)
GET /session/5b222e90911a66b98176e6de8581b52e/element/6b54e95b-0b71-4c46-9de3-a9bba1abcdad/enabled HTTP/1.1
User-Agent: selenium/4.1.2 (java windows)
Cache-Control: no-cache
Content-Type: application/json; charset=utf-8
host: localhost:57200
accept: */*

Response DefaultHttpResponse(decodeResult: success, version: HTTP/1.1)
HTTP/1.1 200 OK
Content-Type: application/json; charset=utf-8
cache-control: no-cache
content-length: 14

11:08:27.459 [AsyncHttpClient-1-8] DEBUG org.asynchttpclient.netty.channel.ChannelManager - Adding key: http://localhost:57200 for channel [id: 0x79e43e94, L:/127.0.0.1:60682 - R:localhost/127.0.0.1:57200]
11:08:27.474 [Forwarding screenshot on session 5b222e90911a66b98176e6de8581b52e to remote] DEBUG org.asynchttpclient.netty.request.NettyRequestSender - Using pooled Channel '[id: 0x79e43e94, L:/127.0.0.1:60682 - R:localhost/127.0.0.1:57200]' for 'GET' to 'http://localhost:57200/session/5b222e90911a66b98176e6de8581b52e/screenshot'
11:08:27.474 [Forwarding screenshot on session 5b222e90911a66b98176e6de8581b52e to remote] DEBUG org.asynchttpclient.netty.request.NettyRequestSender - Using open Channel [id: 0x79e43e94, L:/127.0.0.1:60682 - R:localhost/127.0.0.1:57200] for GET '/session/5b222e90911a66b98176e6de8581b52e/screenshot'
11:08:27.797 [AsyncHttpClient-1-8] DEBUG org.asynchttpclient.netty.handler.HttpHandler - 

Request DefaultFullHttpRequest(decodeResult: success, version: HTTP/1.1, content: EmptyByteBufBE)
GET /session/5b222e90911a66b98176e6de8581b52e/screenshot HTTP/1.1
User-Agent: selenium/4.1.2 (java windows)
Cache-Control: no-cache
Content-Type: application/json; charset=utf-8
host: localhost:57200
accept: */*

Response DefaultHttpResponse(decodeResult: success, version: HTTP/1.1)
HTTP/1.1 200 OK
Content-Type: application/json; charset=utf-8
cache-control: no-cache
content-length: 362208

11:08:27.799 [AsyncHttpClient-1-8] DEBUG org.asynchttpclient.netty.channel.ChannelManager - Adding key: http://localhost:57200 for channel [id: 0x79e43e94, L:/127.0.0.1:60682 - R:localhost/127.0.0.1:57200]
11:08:27.828 [main] DEBUG net.serenitybdd.core.photography.Darkroom - Send negative for processing for target\site\serenity\0ec88d6903c76b7409352f515e4e4aa947b56ac6ac5d06c9d3e98005943e8ce9.png
11:08:27.829 [main] DEBUG net.thucydides.core.steps.StepInterceptor - STEP DONE: checkValidDataPasien
  &amp#27;[32mAnd &amp#27;[0m&amp#27;[32mValid edit data&amp#27;[0m                                              &amp#27;[90m# starter.stepdefinitios.PatientDataSteps.validEditData()&amp#27;[0m
11:08:27.874 [AsyncHttpClient-1-2] DEBUG org.asynchttpclient.netty.handler.WebSocketHandler - Channel Closed: [id: 0x430f9168, L:/127.0.0.1:60695 ! R:localhost/127.0.0.1:60684] with attribute NettyResponseFuture{currentRetry=5,
	isDone=1,
	isCancelled=0,
	asyncHandler=org.asynchttpclient.ws.WebSocketUpgradeHandler@2baccb3a,
	nettyRequest=org.asynchttpclient.netty.request.NettyRequest@1465d572,
	future=java.util.concurrent.CompletableFuture@5c997bfe[Completed normally],
	uri=ws://localhost:60684/devtools/browser/381b2e14-b54a-418f-85e0-aecec6635f84,
	keepAlive=true,
	redirectCount=0,
	timeoutsHolder=null,
	inAuth=0,
	touch=1655525293077}
11:08:27.874 [AsyncHttpClient-1-2] DEBUG org.asynchttpclient.netty.channel.ChannelManager - Closing Channel [id: 0x430f9168, L:/127.0.0.1:60695 ! R:localhost/127.0.0.1:60684] 
11:08:27.893 [Driver Command Executor] DEBUG org.asynchttpclient.netty.request.NettyRequestSender - Using pooled Channel '[id: 0x79e43e94, L:/127.0.0.1:60682 - R:localhost/127.0.0.1:57200]' for 'DELETE' to 'http://localhost:57200/session/5b222e90911a66b98176e6de8581b52e'
11:08:27.894 [Driver Command Executor] DEBUG org.asynchttpclient.netty.request.NettyRequestSender - Using open Channel [id: 0x79e43e94, L:/127.0.0.1:60682 - R:localhost/127.0.0.1:57200] for DELETE '/session/5b222e90911a66b98176e6de8581b52e'
11:08:28.333 [AsyncHttpClient-1-9] DEBUG org.asynchttpclient.netty.handler.HttpHandler - Unexpected I/O exception on channel [id: 0x4430ef9f, L:/127.0.0.1:60693 - R:localhost/127.0.0.1:60684]
java.io.IOException: An existing connection was forcibly closed by the remote host
	at java.base/sun.nio.ch.SocketDispatcher.read0(Native Method)
	at java.base/sun.nio.ch.SocketDispatcher.read(SocketDispatcher.java:43)
	at java.base/sun.nio.ch.IOUtil.readIntoNativeBuffer(IOUtil.java:276)
	at java.base/sun.nio.ch.IOUtil.read(IOUtil.java:233)
	at java.base/sun.nio.ch.IOUtil.read(IOUtil.java:223)
	at java.base/sun.nio.ch.SocketChannelImpl.read(SocketChannelImpl.java:358)
	at io.netty.buffer.PooledByteBuf.setBytes(PooledByteBuf.java:258)
	at io.netty.buffer.AbstractByteBuf.writeBytes(AbstractByteBuf.java:1132)
	at io.netty.channel.socket.nio.NioSocketChannel.doReadBytes(NioSocketChannel.java:350)
	at io.netty.channel.nio.AbstractNioByteChannel$NioByteUnsafe.read(AbstractNioByteChannel.java:151)
	at io.netty.channel.nio.NioEventLoop.processSelectedKey(NioEventLoop.java:722)
	at io.netty.channel.nio.NioEventLoop.processSelectedKeysOptimized(NioEventLoop.java:658)
	at io.netty.channel.nio.NioEventLoop.processSelectedKeys(NioEventLoop.java:584)
	at io.netty.channel.nio.NioEventLoop.run(NioEventLoop.java:496)
	at io.netty.util.concurrent.SingleThreadEventExecutor$4.run(SingleThreadEventExecutor.java:986)
	at io.netty.util.internal.ThreadExecutorMap$2.run(ThreadExecutorMap.java:74)
	at io.netty.util.concurrent.FastThreadLocalRunnable.run(FastThreadLocalRunnable.java:30)
	at java.base/java.lang.Thread.run(Thread.java:834)
11:08:28.333 [AsyncHttpClient-1-9] DEBUG org.asynchttpclient.netty.channel.ChannelManager - Closing Channel [id: 0x4430ef9f, L:/127.0.0.1:60693 - R:localhost/127.0.0.1:60684] 
11:08:28.334 [AsyncHttpClient-1-9] DEBUG org.asynchttpclient.netty.handler.HttpHandler - Channel Closed: [id: 0x4430ef9f, L:/127.0.0.1:60693 ! R:localhost/127.0.0.1:60684] with attribute DISCARD
11:08:28.380 [AsyncHttpClient-1-8] DEBUG org.asynchttpclient.netty.handler.HttpHandler - 

Request DefaultFullHttpRequest(decodeResult: success, version: HTTP/1.1, content: EmptyByteBufBE)
DELETE /session/5b222e90911a66b98176e6de8581b52e HTTP/1.1
User-Agent: selenium/4.1.2 (java windows)
Content-Type: application/json; charset=utf-8
host: localhost:57200
accept: */*

Response DefaultHttpResponse(decodeResult: success, version: HTTP/1.1)
HTTP/1.1 200 OK
Content-Type: application/json; charset=utf-8
cache-control: no-cache
content-length: 14

11:08:28.380 [AsyncHttpClient-1-8] DEBUG org.asynchttpclient.netty.channel.ChannelManager - Adding key: http://localhost:57200 for channel [id: 0x79e43e94, L:/127.0.0.1:60682 - R:localhost/127.0.0.1:57200]
11:08:28.513 [AsyncHttpClient-1-1] DEBUG org.asynchttpclient.netty.channel.DefaultChannelPool - Entry count for : http://localhost:60684 : 1
11:08:28.513 [AsyncHttpClient-1-1] DEBUG org.asynchttpclient.netty.channel.DefaultChannelPool - Entry count for : http://localhost:57200 : 1
11:08:28.513 [AsyncHttpClient-1-1] DEBUG org.asynchttpclient.netty.channel.DefaultChannelPool - Adding Candidate expired Channel [id: 0x4430ef9f, L:/127.0.0.1:60693 ! R:localhost/127.0.0.1:60684] isIdleTimeoutExpired=false isRemotelyClosed=true isTtlExpired=false
11:08:28.513 [AsyncHttpClient-1-1] DEBUG org.asynchttpclient.netty.channel.DefaultChannelPool - Closing Idle Channel [id: 0x4430ef9f, L:/127.0.0.1:60693 ! R:localhost/127.0.0.1:60684]
11:08:28.513 [AsyncHttpClient-1-1] DEBUG org.asynchttpclient.netty.channel.DefaultChannelPool - Closed 1 connections out of 2 in 0 ms
11:08:29.398 [AsyncHttpClient-1-8] DEBUG org.asynchttpclient.netty.handler.HttpHandler - Unexpected I/O exception on channel [id: 0x79e43e94, L:/127.0.0.1:60682 - R:localhost/127.0.0.1:57200]
java.io.IOException: An existing connection was forcibly closed by the remote host
	at java.base/sun.nio.ch.SocketDispatcher.read0(Native Method)
	at java.base/sun.nio.ch.SocketDispatcher.read(SocketDispatcher.java:43)
	at java.base/sun.nio.ch.IOUtil.readIntoNativeBuffer(IOUtil.java:276)
	at java.base/sun.nio.ch.IOUtil.read(IOUtil.java:233)
	at java.base/sun.nio.ch.IOUtil.read(IOUtil.java:223)
	at java.base/sun.nio.ch.SocketChannelImpl.read(SocketChannelImpl.java:358)
	at io.netty.buffer.PooledByteBuf.setBytes(PooledByteBuf.java:258)
	at io.netty.buffer.AbstractByteBuf.writeBytes(AbstractByteBuf.java:1132)
	at io.netty.channel.socket.nio.NioSocketChannel.doReadBytes(NioSocketChannel.java:350)
	at io.netty.channel.nio.AbstractNioByteChannel$NioByteUnsafe.read(AbstractNioByteChannel.java:151)
	at io.netty.channel.nio.NioEventLoop.processSelectedKey(NioEventLoop.java:722)
	at io.netty.channel.nio.NioEventLoop.processSelectedKeysOptimized(NioEventLoop.java:658)
	at io.netty.channel.nio.NioEventLoop.processSelectedKeys(NioEventLoop.java:584)
	at io.netty.channel.nio.NioEventLoop.run(NioEventLoop.java:496)
	at io.netty.util.concurrent.SingleThreadEventExecutor$4.run(SingleThreadEventExecutor.java:986)
	at io.netty.util.internal.ThreadExecutorMap$2.run(ThreadExecutorMap.java:74)
	at io.netty.util.concurrent.FastThreadLocalRunnable.run(FastThreadLocalRunnable.java:30)
	at java.base/java.lang.Thread.run(Thread.java:834)
11:08:29.398 [AsyncHttpClient-1-8] DEBUG org.asynchttpclient.netty.channel.ChannelManager - Closing Channel [id: 0x79e43e94, L:/127.0.0.1:60682 - R:localhost/127.0.0.1:57200] 
11:08:29.398 [AsyncHttpClient-1-8] DEBUG org.asynchttpclient.netty.handler.HttpHandler - Channel Closed: [id: 0x79e43e94, L:/127.0.0.1:60682 ! R:localhost/127.0.0.1:57200] with attribute DISCARD
]]></system-out>
    <system-err><![CDATA[Starting ChromeDriver 102.0.5005.61 (0e59bcc00cc4985ce39ad31c150065f159d95ad3-refs/branch-heads/5005@{#819}) on port 57200
Only local connections are allowed.
Please see https://chromedriver.chromium.org/security-considerations for suggestions on keeping ChromeDriver safe.
ChromeDriver was started successfully.
Jun 18, 2022 11:08:13 AM org.openqa.selenium.remote.ProtocolHandshake createSession
INFO: Detected dialect: W3C
Jun 18, 2022 11:08:13 AM org.openqa.selenium.devtools.CdpVersionFinder findNearestMatch
WARNING: Unable to find an exact match for CDP version 102, so returning the closest version found: a no-op implementation
Jun 18, 2022 11:08:13 AM org.openqa.selenium.devtools.CdpVersionFinder findNearestMatch
INFO: Unable to find CDP implementation matching 102.
Jun 18, 2022 11:08:13 AM org.openqa.selenium.chromium.ChromiumDriver lambda$new$3
WARNING: Unable to find version of CDP to use for . You may need to include a dependency on a specific version of the CDP using something similar to `org.seleniumhq.selenium:selenium-devtools-v86:4.1.2` where the version ("v86") matches the version of the chromium-based browser you're using and the version number of the artifact is the same as Selenium's.
[1655525304.390][WARNING]: unexpected alert open: {Alert text : data telah diubah}, cancelling screenshot
]]></system-err>
  </testcase>
  <testcase name="As a admin i want to edit data dokter #4" classname="Data Dokter Admin" time="19.929">
    <system-out><![CDATA[
@DataDokter @EditDokterData
Scenario Outline: As a admin i want to edit data dokter            &amp#27;[90m# src/test/resources/features/2DataDokter.feature:47&amp#27;[0m
11:08:29.485 [main] INFO io.cucumber.core.plugin.SerenityReporter - Running feature from file:///D:/New%20folder%20(2)/Capstone/Testing/src/test/resources/features/2DataDokter.feature
11:08:29.561 [main] DEBUG net.thucydides.core.steps.StepInterceptor - STARTING STEP: DokterDataSteps.openPageDataDokter - openDataDokter
11:08:29.565 [main] INFO net.serenitybdd.core.webdriver.driverproviders.ChromeDriverProvider - Using automatically driver download
11:08:29.624 [AsyncHttpClient-1-1] DEBUG org.asynchttpclient.netty.channel.DefaultChannelPool - Entry count for : http://localhost:57200 : 1
11:08:29.624 [AsyncHttpClient-1-1] DEBUG org.asynchttpclient.netty.channel.DefaultChannelPool - Adding Candidate expired Channel [id: 0x79e43e94, L:/127.0.0.1:60682 ! R:localhost/127.0.0.1:57200] isIdleTimeoutExpired=false isRemotelyClosed=true isTtlExpired=false
11:08:29.624 [AsyncHttpClient-1-1] DEBUG org.asynchttpclient.netty.channel.DefaultChannelPool - Closing Idle Channel [id: 0x79e43e94, L:/127.0.0.1:60682 ! R:localhost/127.0.0.1:57200]
11:08:29.625 [AsyncHttpClient-1-1] DEBUG org.asynchttpclient.netty.channel.DefaultChannelPool - Closed 1 connections out of 1 in 1 ms
11:08:29.946 [main] DEBUG io.github.bonigarcia.wdm.cache.ResolutionCache - Resolution chrome=102 in cache (valid until 11:10:23 18/06/2022 ICT)
11:08:29.994 [main] DEBUG io.github.bonigarcia.wdm.cache.ResolutionCache - Resolution chrome102=102.0.5005.61 in cache (valid until 19:49:35 18/06/2022 ICT)
11:08:30.012 [main] INFO io.github.bonigarcia.wdm.WebDriverManager - Using chromedriver 102.0.5005.61 (resolved driver for Chrome 102)
11:08:30.091 [main] DEBUG io.github.bonigarcia.wdm.WebDriverManager - Driver chromedriver 102.0.5005.61 found in cache
11:08:30.094 [main] INFO io.github.bonigarcia.wdm.WebDriverManager - Exporting webdriver.chrome.driver as C:\Users\ASUS\.cache\selenium\chromedriver\win32\102.0.5005.61\chromedriver.exe
11:08:30.474 [main] DEBUG net.serenitybdd.core.webdriver.driverproviders.ProvideNewDriver - Instantiating driver
11:08:30.474 [main] DEBUG net.serenitybdd.core.webdriver.driverproviders.ProvideNewDriver - Driver capabilities: Capabilities {acceptInsecureCerts: false, base.url: https://fanciful-trifle-360..., browserName: chrome, chore.driver: src/test/resources/webdrive..., driver: chrome, goog:chromeOptions: {args: [], extensions: []}}
11:08:31.073 [AsyncHttpClient-1-3] DEBUG org.asynchttpclient.netty.channel.NettyConnectListener - Using new Channel '[id: 0xb96f2cde, L:/127.0.0.1:60725 - R:localhost/127.0.0.1:49778]' for 'POST' to '/session'
11:08:32.996 [AsyncHttpClient-1-3] DEBUG org.asynchttpclient.netty.handler.HttpHandler - 

Request DefaultHttpRequest(decodeResult: success, version: HTTP/1.1)
POST /session HTTP/1.1
User-Agent: selenium/4.1.2 (java windows)
Content-Length: 628
Content-Type: application/json; charset=utf-8
host: localhost:49778
accept: */*

Response DefaultHttpResponse(decodeResult: success, version: HTTP/1.1)
HTTP/1.1 200 OK
Content-Type: application/json; charset=utf-8
cache-control: no-cache
content-length: 789

11:08:32.996 [AsyncHttpClient-1-3] DEBUG org.asynchttpclient.netty.channel.ChannelManager - Adding key: http://localhost:49778 for channel [id: 0xb96f2cde, L:/127.0.0.1:60725 - R:localhost/127.0.0.1:49778]
11:08:33.033 [AsyncHttpClient-1-4] DEBUG org.asynchttpclient.netty.channel.NettyConnectListener - Using new Channel '[id: 0x5a5db4e0, L:/127.0.0.1:60735 - R:localhost/127.0.0.1:60727]' for 'GET' to '/json/version'
11:08:33.034 [AsyncHttpClient-1-4] DEBUG org.asynchttpclient.netty.handler.HttpHandler - 

Request DefaultFullHttpRequest(decodeResult: success, version: HTTP/1.1, content: EmptyByteBufBE)
GET /json/version HTTP/1.1
User-Agent: selenium/4.1.2 (java windows)
host: localhost:60727
accept: */*

Response DefaultHttpResponse(decodeResult: success, version: HTTP/1.1)
HTTP/1.1 200 OK
Content-Type: application/json; charset=UTF-8
content-length: 428

11:08:33.035 [AsyncHttpClient-1-4] DEBUG org.asynchttpclient.netty.channel.ChannelManager - Adding key: http://localhost:60727 for channel [id: 0x5a5db4e0, L:/127.0.0.1:60735 - R:localhost/127.0.0.1:60727]
11:08:33.044 [AsyncHttpClient-1-5] DEBUG org.asynchttpclient.netty.channel.NettyConnectListener - Using new Channel '[id: 0xc0456960, L:/127.0.0.1:60736 - R:localhost/127.0.0.1:60727]' for 'GET' to '/devtools/browser/063d34e0-e428-44ec-9022-ef767e1f3452'
11:08:33.046 [AsyncHttpClient-1-5] DEBUG org.asynchttpclient.netty.handler.WebSocketHandler - 

Request DefaultFullHttpRequest(decodeResult: success, version: HTTP/1.1, content: EmptyByteBufBE)
GET /devtools/browser/063d34e0-e428-44ec-9022-ef767e1f3452 HTTP/1.1
upgrade: websocket
connection: upgrade
sec-websocket-key: Gb/BXTzAp/LWc7VEZIOU2w==
sec-websocket-version: 13
origin: http://localhost:60727
host: localhost:60727
accept: */*
user-agent: AHC/2.1

Response DefaultHttpResponse(decodeResult: success, version: HTTP/1.1)
HTTP/1.1 101 WebSocket Protocol Handshake
Upgrade: WebSocket
Connection: Upgrade
Sec-WebSocket-Accept: tUnVyT7RBEdWFsNINIUQfZ1ytFY=

11:08:33.065 [Forwarding get on session f2a16ad9754b6fc772b444c788d0bc42 to remote] DEBUG org.asynchttpclient.netty.request.NettyRequestSender - Using pooled Channel '[id: 0xb96f2cde, L:/127.0.0.1:60725 - R:localhost/127.0.0.1:49778]' for 'POST' to 'http://localhost:49778/session/f2a16ad9754b6fc772b444c788d0bc42/url'
11:08:33.065 [Forwarding get on session f2a16ad9754b6fc772b444c788d0bc42 to remote] DEBUG org.asynchttpclient.netty.request.NettyRequestSender - Using open Channel [id: 0xb96f2cde, L:/127.0.0.1:60725 - R:localhost/127.0.0.1:49778] for POST '/session/f2a16ad9754b6fc772b444c788d0bc42/url'
11:08:34.031 [AsyncHttpClient-1-1] DEBUG org.asynchttpclient.netty.channel.DefaultChannelPool - Entry count for : http://localhost:60727 : 1
11:08:34.486 [AsyncHttpClient-1-3] DEBUG org.asynchttpclient.netty.handler.HttpHandler - 

Request DefaultHttpRequest(decodeResult: success, version: HTTP/1.1)
POST /session/f2a16ad9754b6fc772b444c788d0bc42/url HTTP/1.1
User-Agent: selenium/4.1.2 (java windows)
Content-Length: 84
Content-Type: application/json; charset=utf-8
host: localhost:49778
accept: */*

Response DefaultHttpResponse(decodeResult: success, version: HTTP/1.1)
HTTP/1.1 200 OK
Content-Type: application/json; charset=utf-8
cache-control: no-cache
content-length: 14

11:08:34.486 [AsyncHttpClient-1-3] DEBUG org.asynchttpclient.netty.channel.ChannelManager - Adding key: http://localhost:49778 for channel [id: 0xb96f2cde, L:/127.0.0.1:60725 - R:localhost/127.0.0.1:49778]
11:08:34.499 [Forwarding setTimeout on session f2a16ad9754b6fc772b444c788d0bc42 to remote] DEBUG org.asynchttpclient.netty.request.NettyRequestSender - Using pooled Channel '[id: 0xb96f2cde, L:/127.0.0.1:60725 - R:localhost/127.0.0.1:49778]' for 'POST' to 'http://localhost:49778/session/f2a16ad9754b6fc772b444c788d0bc42/timeouts'
11:08:34.499 [Forwarding setTimeout on session f2a16ad9754b6fc772b444c788d0bc42 to remote] DEBUG org.asynchttpclient.netty.request.NettyRequestSender - Using open Channel [id: 0xb96f2cde, L:/127.0.0.1:60725 - R:localhost/127.0.0.1:49778] for POST '/session/f2a16ad9754b6fc772b444c788d0bc42/timeouts'
11:08:34.514 [AsyncHttpClient-1-3] DEBUG org.asynchttpclient.netty.handler.HttpHandler - 

Request DefaultHttpRequest(decodeResult: success, version: HTTP/1.1)
POST /session/f2a16ad9754b6fc772b444c788d0bc42/timeouts HTTP/1.1
User-Agent: selenium/4.1.2 (java windows)
Content-Length: 22
Content-Type: application/json; charset=utf-8
host: localhost:49778
accept: */*

Response DefaultHttpResponse(decodeResult: success, version: HTTP/1.1)
HTTP/1.1 200 OK
Content-Type: application/json; charset=utf-8
cache-control: no-cache
content-length: 14

11:08:34.515 [AsyncHttpClient-1-3] DEBUG org.asynchttpclient.netty.channel.ChannelManager - Adding key: http://localhost:49778 for channel [id: 0xb96f2cde, L:/127.0.0.1:60725 - R:localhost/127.0.0.1:49778]
11:08:34.524 [Forwarding getCurrentUrl on session f2a16ad9754b6fc772b444c788d0bc42 to remote] DEBUG org.asynchttpclient.netty.request.NettyRequestSender - Using pooled Channel '[id: 0xb96f2cde, L:/127.0.0.1:60725 - R:localhost/127.0.0.1:49778]' for 'GET' to 'http://localhost:49778/session/f2a16ad9754b6fc772b444c788d0bc42/url'
11:08:34.525 [Forwarding getCurrentUrl on session f2a16ad9754b6fc772b444c788d0bc42 to remote] DEBUG org.asynchttpclient.netty.request.NettyRequestSender - Using open Channel [id: 0xb96f2cde, L:/127.0.0.1:60725 - R:localhost/127.0.0.1:49778] for GET '/session/f2a16ad9754b6fc772b444c788d0bc42/url'
11:08:34.535 [AsyncHttpClient-1-3] DEBUG org.asynchttpclient.netty.handler.HttpHandler - 

Request DefaultFullHttpRequest(decodeResult: success, version: HTTP/1.1, content: EmptyByteBufBE)
GET /session/f2a16ad9754b6fc772b444c788d0bc42/url HTTP/1.1
User-Agent: selenium/4.1.2 (java windows)
Cache-Control: no-cache
Content-Type: application/json; charset=utf-8
host: localhost:49778
accept: */*

Response DefaultHttpResponse(decodeResult: success, version: HTTP/1.1)
HTTP/1.1 200 OK
Content-Type: application/json; charset=utf-8
cache-control: no-cache
content-length: 66

11:08:34.536 [AsyncHttpClient-1-3] DEBUG org.asynchttpclient.netty.channel.ChannelManager - Adding key: http://localhost:49778 for channel [id: 0xb96f2cde, L:/127.0.0.1:60725 - R:localhost/127.0.0.1:49778]
11:08:34.550 [Forwarding screenshot on session f2a16ad9754b6fc772b444c788d0bc42 to remote] DEBUG org.asynchttpclient.netty.request.NettyRequestSender - Using pooled Channel '[id: 0xb96f2cde, L:/127.0.0.1:60725 - R:localhost/127.0.0.1:49778]' for 'GET' to 'http://localhost:49778/session/f2a16ad9754b6fc772b444c788d0bc42/screenshot'
11:08:34.550 [Forwarding screenshot on session f2a16ad9754b6fc772b444c788d0bc42 to remote] DEBUG org.asynchttpclient.netty.request.NettyRequestSender - Using open Channel [id: 0xb96f2cde, L:/127.0.0.1:60725 - R:localhost/127.0.0.1:49778] for GET '/session/f2a16ad9754b6fc772b444c788d0bc42/screenshot'
11:08:35.122 [AsyncHttpClient-1-1] DEBUG org.asynchttpclient.netty.channel.DefaultChannelPool - Entry count for : http://localhost:60727 : 1
11:08:35.883 [AsyncHttpClient-1-3] DEBUG org.asynchttpclient.netty.handler.HttpHandler - 

Request DefaultFullHttpRequest(decodeResult: success, version: HTTP/1.1, content: EmptyByteBufBE)
GET /session/f2a16ad9754b6fc772b444c788d0bc42/screenshot HTTP/1.1
User-Agent: selenium/4.1.2 (java windows)
Cache-Control: no-cache
Content-Type: application/json; charset=utf-8
host: localhost:49778
accept: */*

Response DefaultHttpResponse(decodeResult: success, version: HTTP/1.1)
HTTP/1.1 200 OK
Content-Type: application/json; charset=utf-8
cache-control: no-cache
content-length: 75052

11:08:35.884 [AsyncHttpClient-1-3] DEBUG org.asynchttpclient.netty.channel.ChannelManager - Adding key: http://localhost:49778 for channel [id: 0xb96f2cde, L:/127.0.0.1:60725 - R:localhost/127.0.0.1:49778]
11:08:35.893 [main] DEBUG net.serenitybdd.core.photography.Darkroom - Send negative for processing for target\site\serenity\73fc9aabe0c9d03e6e9ce038e2509d882ae382bf95216a47f8e98ac89a9bbc9d.png
11:08:35.893 [main] DEBUG net.thucydides.core.steps.StepInterceptor - STEP DONE: openDataDokter
  &amp#27;[32mGiven &amp#27;[0m&amp#27;[32mOpen page data dokter&amp#27;[0m                                      &amp#27;[90m# starter.stepdefinitios.DokterDataSteps.openPageDataDokter()&amp#27;[0m
11:08:35.894 [Darkroom Processing Line] DEBUG net.serenitybdd.core.photography.DarkroomProcessingLine - Processing screenshot image in /var/screenshots/screenshot-13260055932639819911
11:08:35.894 [Darkroom Processing Line] DEBUG net.serenitybdd.core.photography.DarkroomProcessingLine - Saving screenshot to target\site\serenity\73fc9aabe0c9d03e6e9ce038e2509d882ae382bf95216a47f8e98ac89a9bbc9d.png
11:08:35.930 [main] DEBUG net.thucydides.core.steps.StepInterceptor - STARTING STEP: DokterDataSteps.clickDetailDokterData - clickButtonDetail
11:08:35.935 [Forwarding findElement on session f2a16ad9754b6fc772b444c788d0bc42 to remote] DEBUG org.asynchttpclient.netty.request.NettyRequestSender - Using pooled Channel '[id: 0xb96f2cde, L:/127.0.0.1:60725 - R:localhost/127.0.0.1:49778]' for 'POST' to 'http://localhost:49778/session/f2a16ad9754b6fc772b444c788d0bc42/element'
11:08:35.935 [Forwarding findElement on session f2a16ad9754b6fc772b444c788d0bc42 to remote] DEBUG org.asynchttpclient.netty.request.NettyRequestSender - Using open Channel [id: 0xb96f2cde, L:/127.0.0.1:60725 - R:localhost/127.0.0.1:49778] for POST '/session/f2a16ad9754b6fc772b444c788d0bc42/element'
11:08:35.961 [AsyncHttpClient-1-3] DEBUG org.asynchttpclient.netty.handler.HttpHandler - 

Request DefaultHttpRequest(decodeResult: success, version: HTTP/1.1)
POST /session/f2a16ad9754b6fc772b444c788d0bc42/element HTTP/1.1
User-Agent: selenium/4.1.2 (java windows)
Content-Length: 92
Content-Type: application/json; charset=utf-8
host: localhost:49778
accept: */*

Response DefaultHttpResponse(decodeResult: success, version: HTTP/1.1)
HTTP/1.1 200 OK
Content-Type: application/json; charset=utf-8
cache-control: no-cache
content-length: 88

11:08:35.961 [AsyncHttpClient-1-3] DEBUG org.asynchttpclient.netty.channel.ChannelManager - Adding key: http://localhost:49778 for channel [id: 0xb96f2cde, L:/127.0.0.1:60725 - R:localhost/127.0.0.1:49778]
11:08:35.964 [Forwarding getElementTagName on session f2a16ad9754b6fc772b444c788d0bc42 to remote] DEBUG org.asynchttpclient.netty.request.NettyRequestSender - Using pooled Channel '[id: 0xb96f2cde, L:/127.0.0.1:60725 - R:localhost/127.0.0.1:49778]' for 'GET' to 'http://localhost:49778/session/f2a16ad9754b6fc772b444c788d0bc42/element/55a3c9df-33c1-423a-a33b-4508542634d6/name'
11:08:35.964 [Forwarding getElementTagName on session f2a16ad9754b6fc772b444c788d0bc42 to remote] DEBUG org.asynchttpclient.netty.request.NettyRequestSender - Using open Channel [id: 0xb96f2cde, L:/127.0.0.1:60725 - R:localhost/127.0.0.1:49778] for GET '/session/f2a16ad9754b6fc772b444c788d0bc42/element/55a3c9df-33c1-423a-a33b-4508542634d6/name'
11:08:35.973 [AsyncHttpClient-1-3] DEBUG org.asynchttpclient.netty.handler.HttpHandler - 

Request DefaultFullHttpRequest(decodeResult: success, version: HTTP/1.1, content: EmptyByteBufBE)
GET /session/f2a16ad9754b6fc772b444c788d0bc42/element/55a3c9df-33c1-423a-a33b-4508542634d6/name HTTP/1.1
User-Agent: selenium/4.1.2 (java windows)
Cache-Control: no-cache
Content-Type: application/json; charset=utf-8
host: localhost:49778
accept: */*

Response DefaultHttpResponse(decodeResult: success, version: HTTP/1.1)
HTTP/1.1 200 OK
Content-Type: application/json; charset=utf-8
cache-control: no-cache
content-length: 15

11:08:35.973 [AsyncHttpClient-1-3] DEBUG org.asynchttpclient.netty.channel.ChannelManager - Adding key: http://localhost:49778 for channel [id: 0xb96f2cde, L:/127.0.0.1:60725 - R:localhost/127.0.0.1:49778]
11:08:35.975 [Forwarding getElementTagName on session f2a16ad9754b6fc772b444c788d0bc42 to remote] DEBUG org.asynchttpclient.netty.request.NettyRequestSender - Using pooled Channel '[id: 0xb96f2cde, L:/127.0.0.1:60725 - R:localhost/127.0.0.1:49778]' for 'GET' to 'http://localhost:49778/session/f2a16ad9754b6fc772b444c788d0bc42/element/55a3c9df-33c1-423a-a33b-4508542634d6/name'
11:08:35.975 [Forwarding getElementTagName on session f2a16ad9754b6fc772b444c788d0bc42 to remote] DEBUG org.asynchttpclient.netty.request.NettyRequestSender - Using open Channel [id: 0xb96f2cde, L:/127.0.0.1:60725 - R:localhost/127.0.0.1:49778] for GET '/session/f2a16ad9754b6fc772b444c788d0bc42/element/55a3c9df-33c1-423a-a33b-4508542634d6/name'
11:08:35.982 [AsyncHttpClient-1-3] DEBUG org.asynchttpclient.netty.handler.HttpHandler - 

Request DefaultFullHttpRequest(decodeResult: success, version: HTTP/1.1, content: EmptyByteBufBE)
GET /session/f2a16ad9754b6fc772b444c788d0bc42/element/55a3c9df-33c1-423a-a33b-4508542634d6/name HTTP/1.1
User-Agent: selenium/4.1.2 (java windows)
Cache-Control: no-cache
Content-Type: application/json; charset=utf-8
host: localhost:49778
accept: */*

Response DefaultHttpResponse(decodeResult: success, version: HTTP/1.1)
HTTP/1.1 200 OK
Content-Type: application/json; charset=utf-8
cache-control: no-cache
content-length: 15

11:08:35.982 [AsyncHttpClient-1-3] DEBUG org.asynchttpclient.netty.channel.ChannelManager - Adding key: http://localhost:49778 for channel [id: 0xb96f2cde, L:/127.0.0.1:60725 - R:localhost/127.0.0.1:49778]
11:08:35.985 [Forwarding findElement on session f2a16ad9754b6fc772b444c788d0bc42 to remote] DEBUG org.asynchttpclient.netty.request.NettyRequestSender - Using pooled Channel '[id: 0xb96f2cde, L:/127.0.0.1:60725 - R:localhost/127.0.0.1:49778]' for 'POST' to 'http://localhost:49778/session/f2a16ad9754b6fc772b444c788d0bc42/element'
11:08:35.985 [Forwarding findElement on session f2a16ad9754b6fc772b444c788d0bc42 to remote] DEBUG org.asynchttpclient.netty.request.NettyRequestSender - Using open Channel [id: 0xb96f2cde, L:/127.0.0.1:60725 - R:localhost/127.0.0.1:49778] for POST '/session/f2a16ad9754b6fc772b444c788d0bc42/element'
11:08:36.002 [AsyncHttpClient-1-3] DEBUG org.asynchttpclient.netty.handler.HttpHandler - 

Request DefaultHttpRequest(decodeResult: success, version: HTTP/1.1)
POST /session/f2a16ad9754b6fc772b444c788d0bc42/element HTTP/1.1
User-Agent: selenium/4.1.2 (java windows)
Content-Length: 92
Content-Type: application/json; charset=utf-8
host: localhost:49778
accept: */*

Response DefaultHttpResponse(decodeResult: success, version: HTTP/1.1)
HTTP/1.1 200 OK
Content-Type: application/json; charset=utf-8
cache-control: no-cache
content-length: 88

11:08:36.003 [AsyncHttpClient-1-3] DEBUG org.asynchttpclient.netty.channel.ChannelManager - Adding key: http://localhost:49778 for channel [id: 0xb96f2cde, L:/127.0.0.1:60725 - R:localhost/127.0.0.1:49778]
11:08:36.005 [Forwarding clickElement on session f2a16ad9754b6fc772b444c788d0bc42 to remote] DEBUG org.asynchttpclient.netty.request.NettyRequestSender - Using pooled Channel '[id: 0xb96f2cde, L:/127.0.0.1:60725 - R:localhost/127.0.0.1:49778]' for 'POST' to 'http://localhost:49778/session/f2a16ad9754b6fc772b444c788d0bc42/element/55a3c9df-33c1-423a-a33b-4508542634d6/click'
11:08:36.005 [Forwarding clickElement on session f2a16ad9754b6fc772b444c788d0bc42 to remote] DEBUG org.asynchttpclient.netty.request.NettyRequestSender - Using open Channel [id: 0xb96f2cde, L:/127.0.0.1:60725 - R:localhost/127.0.0.1:49778] for POST '/session/f2a16ad9754b6fc772b444c788d0bc42/element/55a3c9df-33c1-423a-a33b-4508542634d6/click'
11:08:36.223 [AsyncHttpClient-1-1] DEBUG org.asynchttpclient.netty.channel.DefaultChannelPool - Entry count for : http://localhost:60727 : 1
11:08:36.292 [AsyncHttpClient-1-3] DEBUG org.asynchttpclient.netty.handler.HttpHandler - 

Request DefaultHttpRequest(decodeResult: success, version: HTTP/1.1)
POST /session/f2a16ad9754b6fc772b444c788d0bc42/element/55a3c9df-33c1-423a-a33b-4508542634d6/click HTTP/1.1
User-Agent: selenium/4.1.2 (java windows)
Content-Length: 50
Content-Type: application/json; charset=utf-8
host: localhost:49778
accept: */*

Response DefaultHttpResponse(decodeResult: success, version: HTTP/1.1)
HTTP/1.1 200 OK
Content-Type: application/json; charset=utf-8
cache-control: no-cache
content-length: 14

11:08:36.293 [AsyncHttpClient-1-3] DEBUG org.asynchttpclient.netty.channel.ChannelManager - Adding key: http://localhost:49778 for channel [id: 0xb96f2cde, L:/127.0.0.1:60725 - R:localhost/127.0.0.1:49778]
11:08:36.310 [Forwarding screenshot on session f2a16ad9754b6fc772b444c788d0bc42 to remote] DEBUG org.asynchttpclient.netty.request.NettyRequestSender - Using pooled Channel '[id: 0xb96f2cde, L:/127.0.0.1:60725 - R:localhost/127.0.0.1:49778]' for 'GET' to 'http://localhost:49778/session/f2a16ad9754b6fc772b444c788d0bc42/screenshot'
11:08:36.311 [Forwarding screenshot on session f2a16ad9754b6fc772b444c788d0bc42 to remote] DEBUG org.asynchttpclient.netty.request.NettyRequestSender - Using open Channel [id: 0xb96f2cde, L:/127.0.0.1:60725 - R:localhost/127.0.0.1:49778] for GET '/session/f2a16ad9754b6fc772b444c788d0bc42/screenshot'
11:08:36.894 [AsyncHttpClient-1-3] DEBUG org.asynchttpclient.netty.handler.HttpHandler - 

Request DefaultFullHttpRequest(decodeResult: success, version: HTTP/1.1, content: EmptyByteBufBE)
GET /session/f2a16ad9754b6fc772b444c788d0bc42/screenshot HTTP/1.1
User-Agent: selenium/4.1.2 (java windows)
Cache-Control: no-cache
Content-Type: application/json; charset=utf-8
host: localhost:49778
accept: */*

Response DefaultHttpResponse(decodeResult: success, version: HTTP/1.1)
HTTP/1.1 200 OK
Content-Type: application/json; charset=utf-8
cache-control: no-cache
content-length: 47088

11:08:36.895 [AsyncHttpClient-1-3] DEBUG org.asynchttpclient.netty.channel.ChannelManager - Adding key: http://localhost:49778 for channel [id: 0xb96f2cde, L:/127.0.0.1:60725 - R:localhost/127.0.0.1:49778]
11:08:36.903 [main] DEBUG net.serenitybdd.core.photography.Darkroom - Send negative for processing for target\site\serenity\919d216fdaeffe482e5ea2b28746c3e035cc3fc783af482c09ecf1d5a5f31ef8.png
11:08:36.904 [main] DEBUG net.thucydides.core.steps.StepInterceptor - STEP DONE: clickButtonDetail
  &amp#27;[32mAnd &amp#27;[0m&amp#27;[32mClick Detail dokter data&amp#27;[0m                                     &amp#27;[90m# starter.stepdefinitios.DokterDataSteps.clickDetailDokterData()&amp#27;[0m
11:08:37.322 [AsyncHttpClient-1-1] DEBUG org.asynchttpclient.netty.channel.DefaultChannelPool - Entry count for : http://localhost:49778 : 1
11:08:37.322 [AsyncHttpClient-1-1] DEBUG org.asynchttpclient.netty.channel.DefaultChannelPool - Entry count for : http://localhost:60727 : 1
11:08:37.448 [Forwarding screenshot on session f2a16ad9754b6fc772b444c788d0bc42 to remote] DEBUG org.asynchttpclient.netty.request.NettyRequestSender - Using pooled Channel '[id: 0xb96f2cde, L:/127.0.0.1:60725 - R:localhost/127.0.0.1:49778]' for 'GET' to 'http://localhost:49778/session/f2a16ad9754b6fc772b444c788d0bc42/screenshot'
11:08:37.448 [Forwarding screenshot on session f2a16ad9754b6fc772b444c788d0bc42 to remote] DEBUG org.asynchttpclient.netty.request.NettyRequestSender - Using open Channel [id: 0xb96f2cde, L:/127.0.0.1:60725 - R:localhost/127.0.0.1:49778] for GET '/session/f2a16ad9754b6fc772b444c788d0bc42/screenshot'
11:08:37.740 [AsyncHttpClient-1-3] DEBUG org.asynchttpclient.netty.handler.HttpHandler - 

Request DefaultFullHttpRequest(decodeResult: success, version: HTTP/1.1, content: EmptyByteBufBE)
GET /session/f2a16ad9754b6fc772b444c788d0bc42/screenshot HTTP/1.1
User-Agent: selenium/4.1.2 (java windows)
Cache-Control: no-cache
Content-Type: application/json; charset=utf-8
host: localhost:49778
accept: */*

Response DefaultHttpResponse(decodeResult: success, version: HTTP/1.1)
HTTP/1.1 200 OK
Content-Type: application/json; charset=utf-8
cache-control: no-cache
content-length: 361212

11:08:37.742 [AsyncHttpClient-1-3] DEBUG org.asynchttpclient.netty.channel.ChannelManager - Adding key: http://localhost:49778 for channel [id: 0xb96f2cde, L:/127.0.0.1:60725 - R:localhost/127.0.0.1:49778]
11:08:37.766 [main] DEBUG net.serenitybdd.core.photography.Darkroom - Send negative for processing for target\site\serenity\f093ac79edcaf2bc3c360bf0af0d4648b807f940db35d1409f01a3271265f5d9.png
11:08:37.766 [main] DEBUG net.thucydides.core.steps.StepInterceptor - STARTING STEP: DokterDataSteps.validDataDetailDokter - checkValidDataPasien
11:08:37.773 [Forwarding findElement on session f2a16ad9754b6fc772b444c788d0bc42 to remote] DEBUG org.asynchttpclient.netty.request.NettyRequestSender - Using pooled Channel '[id: 0xb96f2cde, L:/127.0.0.1:60725 - R:localhost/127.0.0.1:49778]' for 'POST' to 'http://localhost:49778/session/f2a16ad9754b6fc772b444c788d0bc42/element'
11:08:37.773 [Forwarding findElement on session f2a16ad9754b6fc772b444c788d0bc42 to remote] DEBUG org.asynchttpclient.netty.request.NettyRequestSender - Using open Channel [id: 0xb96f2cde, L:/127.0.0.1:60725 - R:localhost/127.0.0.1:49778] for POST '/session/f2a16ad9754b6fc772b444c788d0bc42/element'
11:08:37.797 [AsyncHttpClient-1-3] DEBUG org.asynchttpclient.netty.handler.HttpHandler - 

Request DefaultHttpRequest(decodeResult: success, version: HTTP/1.1)
POST /session/f2a16ad9754b6fc772b444c788d0bc42/element HTTP/1.1
User-Agent: selenium/4.1.2 (java windows)
Content-Length: 95
Content-Type: application/json; charset=utf-8
host: localhost:49778
accept: */*

Response DefaultHttpResponse(decodeResult: success, version: HTTP/1.1)
HTTP/1.1 200 OK
Content-Type: application/json; charset=utf-8
cache-control: no-cache
content-length: 88

11:08:37.797 [AsyncHttpClient-1-3] DEBUG org.asynchttpclient.netty.channel.ChannelManager - Adding key: http://localhost:49778 for channel [id: 0xb96f2cde, L:/127.0.0.1:60725 - R:localhost/127.0.0.1:49778]
11:08:37.798 [Forwarding isElementEnabled on session f2a16ad9754b6fc772b444c788d0bc42 to remote] DEBUG org.asynchttpclient.netty.request.NettyRequestSender - Using pooled Channel '[id: 0xb96f2cde, L:/127.0.0.1:60725 - R:localhost/127.0.0.1:49778]' for 'GET' to 'http://localhost:49778/session/f2a16ad9754b6fc772b444c788d0bc42/element/33d9a024-8479-4312-bce6-d69667c623f2/enabled'
11:08:37.798 [Forwarding isElementEnabled on session f2a16ad9754b6fc772b444c788d0bc42 to remote] DEBUG org.asynchttpclient.netty.request.NettyRequestSender - Using open Channel [id: 0xb96f2cde, L:/127.0.0.1:60725 - R:localhost/127.0.0.1:49778] for GET '/session/f2a16ad9754b6fc772b444c788d0bc42/element/33d9a024-8479-4312-bce6-d69667c623f2/enabled'
11:08:37.815 [AsyncHttpClient-1-3] DEBUG org.asynchttpclient.netty.handler.HttpHandler - 

Request DefaultFullHttpRequest(decodeResult: success, version: HTTP/1.1, content: EmptyByteBufBE)
GET /session/f2a16ad9754b6fc772b444c788d0bc42/element/33d9a024-8479-4312-bce6-d69667c623f2/enabled HTTP/1.1
User-Agent: selenium/4.1.2 (java windows)
Cache-Control: no-cache
Content-Type: application/json; charset=utf-8
host: localhost:49778
accept: */*

Response DefaultHttpResponse(decodeResult: success, version: HTTP/1.1)
HTTP/1.1 200 OK
Content-Type: application/json; charset=utf-8
cache-control: no-cache
content-length: 14

11:08:37.815 [AsyncHttpClient-1-3] DEBUG org.asynchttpclient.netty.channel.ChannelManager - Adding key: http://localhost:49778 for channel [id: 0xb96f2cde, L:/127.0.0.1:60725 - R:localhost/127.0.0.1:49778]
11:08:37.827 [Forwarding screenshot on session f2a16ad9754b6fc772b444c788d0bc42 to remote] DEBUG org.asynchttpclient.netty.request.NettyRequestSender - Using pooled Channel '[id: 0xb96f2cde, L:/127.0.0.1:60725 - R:localhost/127.0.0.1:49778]' for 'GET' to 'http://localhost:49778/session/f2a16ad9754b6fc772b444c788d0bc42/screenshot'
11:08:37.827 [Forwarding screenshot on session f2a16ad9754b6fc772b444c788d0bc42 to remote] DEBUG org.asynchttpclient.netty.request.NettyRequestSender - Using open Channel [id: 0xb96f2cde, L:/127.0.0.1:60725 - R:localhost/127.0.0.1:49778] for GET '/session/f2a16ad9754b6fc772b444c788d0bc42/screenshot'
11:08:38.149 [AsyncHttpClient-1-3] DEBUG org.asynchttpclient.netty.handler.HttpHandler - 

Request DefaultFullHttpRequest(decodeResult: success, version: HTTP/1.1, content: EmptyByteBufBE)
GET /session/f2a16ad9754b6fc772b444c788d0bc42/screenshot HTTP/1.1
User-Agent: selenium/4.1.2 (java windows)
Cache-Control: no-cache
Content-Type: application/json; charset=utf-8
host: localhost:49778
accept: */*

Response DefaultHttpResponse(decodeResult: success, version: HTTP/1.1)
HTTP/1.1 200 OK
Content-Type: application/json; charset=utf-8
cache-control: no-cache
content-length: 361212

11:08:38.150 [AsyncHttpClient-1-3] DEBUG org.asynchttpclient.netty.channel.ChannelManager - Adding key: http://localhost:49778 for channel [id: 0xb96f2cde, L:/127.0.0.1:60725 - R:localhost/127.0.0.1:49778]
11:08:38.178 [main] DEBUG net.serenitybdd.core.photography.Darkroom - Send negative for processing for target\site\serenity\f093ac79edcaf2bc3c360bf0af0d4648b807f940db35d1409f01a3271265f5d9.png
11:08:38.178 [main] DEBUG net.thucydides.core.steps.StepInterceptor - STEP DONE: checkValidDataPasien
  &amp#27;[32mWhen &amp#27;[0m&amp#27;[32mValid data detail dokter&amp#27;[0m                                    &amp#27;[90m# starter.stepdefinitios.DokterDataSteps.validDataDetailDokter()&amp#27;[0m
11:08:38.260 [Forwarding screenshot on session f2a16ad9754b6fc772b444c788d0bc42 to remote] DEBUG org.asynchttpclient.netty.request.NettyRequestSender - Using pooled Channel '[id: 0xb96f2cde, L:/127.0.0.1:60725 - R:localhost/127.0.0.1:49778]' for 'GET' to 'http://localhost:49778/session/f2a16ad9754b6fc772b444c788d0bc42/screenshot'
11:08:38.260 [Forwarding screenshot on session f2a16ad9754b6fc772b444c788d0bc42 to remote] DEBUG org.asynchttpclient.netty.request.NettyRequestSender - Using open Channel [id: 0xb96f2cde, L:/127.0.0.1:60725 - R:localhost/127.0.0.1:49778] for GET '/session/f2a16ad9754b6fc772b444c788d0bc42/screenshot'
11:08:38.413 [AsyncHttpClient-1-1] DEBUG org.asynchttpclient.netty.channel.DefaultChannelPool - Entry count for : http://localhost:60727 : 1
11:08:38.603 [AsyncHttpClient-1-3] DEBUG org.asynchttpclient.netty.handler.HttpHandler - 

Request DefaultFullHttpRequest(decodeResult: success, version: HTTP/1.1, content: EmptyByteBufBE)
GET /session/f2a16ad9754b6fc772b444c788d0bc42/screenshot HTTP/1.1
User-Agent: selenium/4.1.2 (java windows)
Cache-Control: no-cache
Content-Type: application/json; charset=utf-8
host: localhost:49778
accept: */*

Response DefaultHttpResponse(decodeResult: success, version: HTTP/1.1)
HTTP/1.1 200 OK
Content-Type: application/json; charset=utf-8
cache-control: no-cache
content-length: 361212

11:08:38.607 [AsyncHttpClient-1-3] DEBUG org.asynchttpclient.netty.channel.ChannelManager - Adding key: http://localhost:49778 for channel [id: 0xb96f2cde, L:/127.0.0.1:60725 - R:localhost/127.0.0.1:49778]
11:08:38.635 [main] DEBUG net.serenitybdd.core.photography.Darkroom - Send negative for processing for target\site\serenity\f093ac79edcaf2bc3c360bf0af0d4648b807f940db35d1409f01a3271265f5d9.png
11:08:38.637 [main] DEBUG net.thucydides.core.steps.StepInterceptor - STARTING STEP: PatientDataSteps.clickButtonEditProfil - clickButtonEditDataPasien
11:08:38.646 [Forwarding findElement on session f2a16ad9754b6fc772b444c788d0bc42 to remote] DEBUG org.asynchttpclient.netty.request.NettyRequestSender - Using pooled Channel '[id: 0xb96f2cde, L:/127.0.0.1:60725 - R:localhost/127.0.0.1:49778]' for 'POST' to 'http://localhost:49778/session/f2a16ad9754b6fc772b444c788d0bc42/element'
11:08:38.646 [Forwarding findElement on session f2a16ad9754b6fc772b444c788d0bc42 to remote] DEBUG org.asynchttpclient.netty.request.NettyRequestSender - Using open Channel [id: 0xb96f2cde, L:/127.0.0.1:60725 - R:localhost/127.0.0.1:49778] for POST '/session/f2a16ad9754b6fc772b444c788d0bc42/element'
11:08:38.685 [AsyncHttpClient-1-3] DEBUG org.asynchttpclient.netty.handler.HttpHandler - 

Request DefaultHttpRequest(decodeResult: success, version: HTTP/1.1)
POST /session/f2a16ad9754b6fc772b444c788d0bc42/element HTTP/1.1
User-Agent: selenium/4.1.2 (java windows)
Content-Length: 116
Content-Type: application/json; charset=utf-8
host: localhost:49778
accept: */*

Response DefaultHttpResponse(decodeResult: success, version: HTTP/1.1)
HTTP/1.1 200 OK
Content-Type: application/json; charset=utf-8
cache-control: no-cache
content-length: 88

11:08:38.686 [AsyncHttpClient-1-3] DEBUG org.asynchttpclient.netty.channel.ChannelManager - Adding key: http://localhost:49778 for channel [id: 0xb96f2cde, L:/127.0.0.1:60725 - R:localhost/127.0.0.1:49778]
11:08:38.690 [Forwarding getElementTagName on session f2a16ad9754b6fc772b444c788d0bc42 to remote] DEBUG org.asynchttpclient.netty.request.NettyRequestSender - Using pooled Channel '[id: 0xb96f2cde, L:/127.0.0.1:60725 - R:localhost/127.0.0.1:49778]' for 'GET' to 'http://localhost:49778/session/f2a16ad9754b6fc772b444c788d0bc42/element/8bf74c4c-15d8-4c13-aa26-45a3f7384305/name'
11:08:38.690 [Forwarding getElementTagName on session f2a16ad9754b6fc772b444c788d0bc42 to remote] DEBUG org.asynchttpclient.netty.request.NettyRequestSender - Using open Channel [id: 0xb96f2cde, L:/127.0.0.1:60725 - R:localhost/127.0.0.1:49778] for GET '/session/f2a16ad9754b6fc772b444c788d0bc42/element/8bf74c4c-15d8-4c13-aa26-45a3f7384305/name'
11:08:38.701 [AsyncHttpClient-1-3] DEBUG org.asynchttpclient.netty.handler.HttpHandler - 

Request DefaultFullHttpRequest(decodeResult: success, version: HTTP/1.1, content: EmptyByteBufBE)
GET /session/f2a16ad9754b6fc772b444c788d0bc42/element/8bf74c4c-15d8-4c13-aa26-45a3f7384305/name HTTP/1.1
User-Agent: selenium/4.1.2 (java windows)
Cache-Control: no-cache
Content-Type: application/json; charset=utf-8
host: localhost:49778
accept: */*

Response DefaultHttpResponse(decodeResult: success, version: HTTP/1.1)
HTTP/1.1 200 OK
Content-Type: application/json; charset=utf-8
cache-control: no-cache
content-length: 18

11:08:38.701 [AsyncHttpClient-1-3] DEBUG org.asynchttpclient.netty.channel.ChannelManager - Adding key: http://localhost:49778 for channel [id: 0xb96f2cde, L:/127.0.0.1:60725 - R:localhost/127.0.0.1:49778]
11:08:38.705 [Forwarding getElementTagName on session f2a16ad9754b6fc772b444c788d0bc42 to remote] DEBUG org.asynchttpclient.netty.request.NettyRequestSender - Using pooled Channel '[id: 0xb96f2cde, L:/127.0.0.1:60725 - R:localhost/127.0.0.1:49778]' for 'GET' to 'http://localhost:49778/session/f2a16ad9754b6fc772b444c788d0bc42/element/8bf74c4c-15d8-4c13-aa26-45a3f7384305/name'
11:08:38.705 [Forwarding getElementTagName on session f2a16ad9754b6fc772b444c788d0bc42 to remote] DEBUG org.asynchttpclient.netty.request.NettyRequestSender - Using open Channel [id: 0xb96f2cde, L:/127.0.0.1:60725 - R:localhost/127.0.0.1:49778] for GET '/session/f2a16ad9754b6fc772b444c788d0bc42/element/8bf74c4c-15d8-4c13-aa26-45a3f7384305/name'
11:08:38.713 [AsyncHttpClient-1-3] DEBUG org.asynchttpclient.netty.handler.HttpHandler - 

Request DefaultFullHttpRequest(decodeResult: success, version: HTTP/1.1, content: EmptyByteBufBE)
GET /session/f2a16ad9754b6fc772b444c788d0bc42/element/8bf74c4c-15d8-4c13-aa26-45a3f7384305/name HTTP/1.1
User-Agent: selenium/4.1.2 (java windows)
Cache-Control: no-cache
Content-Type: application/json; charset=utf-8
host: localhost:49778
accept: */*

Response DefaultHttpResponse(decodeResult: success, version: HTTP/1.1)
HTTP/1.1 200 OK
Content-Type: application/json; charset=utf-8
cache-control: no-cache
content-length: 18

11:08:38.714 [AsyncHttpClient-1-3] DEBUG org.asynchttpclient.netty.channel.ChannelManager - Adding key: http://localhost:49778 for channel [id: 0xb96f2cde, L:/127.0.0.1:60725 - R:localhost/127.0.0.1:49778]
11:08:38.723 [Forwarding isElementEnabled on session f2a16ad9754b6fc772b444c788d0bc42 to remote] DEBUG org.asynchttpclient.netty.request.NettyRequestSender - Using pooled Channel '[id: 0xb96f2cde, L:/127.0.0.1:60725 - R:localhost/127.0.0.1:49778]' for 'GET' to 'http://localhost:49778/session/f2a16ad9754b6fc772b444c788d0bc42/element/8bf74c4c-15d8-4c13-aa26-45a3f7384305/enabled'
11:08:38.723 [Forwarding isElementEnabled on session f2a16ad9754b6fc772b444c788d0bc42 to remote] DEBUG org.asynchttpclient.netty.request.NettyRequestSender - Using open Channel [id: 0xb96f2cde, L:/127.0.0.1:60725 - R:localhost/127.0.0.1:49778] for GET '/session/f2a16ad9754b6fc772b444c788d0bc42/element/8bf74c4c-15d8-4c13-aa26-45a3f7384305/enabled'
11:08:38.743 [AsyncHttpClient-1-3] DEBUG org.asynchttpclient.netty.handler.HttpHandler - 

Request DefaultFullHttpRequest(decodeResult: success, version: HTTP/1.1, content: EmptyByteBufBE)
GET /session/f2a16ad9754b6fc772b444c788d0bc42/element/8bf74c4c-15d8-4c13-aa26-45a3f7384305/enabled HTTP/1.1
User-Agent: selenium/4.1.2 (java windows)
Cache-Control: no-cache
Content-Type: application/json; charset=utf-8
host: localhost:49778
accept: */*

Response DefaultHttpResponse(decodeResult: success, version: HTTP/1.1)
HTTP/1.1 200 OK
Content-Type: application/json; charset=utf-8
cache-control: no-cache
content-length: 14

11:08:38.744 [AsyncHttpClient-1-3] DEBUG org.asynchttpclient.netty.channel.ChannelManager - Adding key: http://localhost:49778 for channel [id: 0xb96f2cde, L:/127.0.0.1:60725 - R:localhost/127.0.0.1:49778]
11:08:38.746 [Forwarding isElementEnabled on session f2a16ad9754b6fc772b444c788d0bc42 to remote] DEBUG org.asynchttpclient.netty.request.NettyRequestSender - Using pooled Channel '[id: 0xb96f2cde, L:/127.0.0.1:60725 - R:localhost/127.0.0.1:49778]' for 'GET' to 'http://localhost:49778/session/f2a16ad9754b6fc772b444c788d0bc42/element/8bf74c4c-15d8-4c13-aa26-45a3f7384305/enabled'
11:08:38.746 [Forwarding isElementEnabled on session f2a16ad9754b6fc772b444c788d0bc42 to remote] DEBUG org.asynchttpclient.netty.request.NettyRequestSender - Using open Channel [id: 0xb96f2cde, L:/127.0.0.1:60725 - R:localhost/127.0.0.1:49778] for GET '/session/f2a16ad9754b6fc772b444c788d0bc42/element/8bf74c4c-15d8-4c13-aa26-45a3f7384305/enabled'
11:08:38.787 [AsyncHttpClient-1-3] DEBUG org.asynchttpclient.netty.handler.HttpHandler - 

Request DefaultFullHttpRequest(decodeResult: success, version: HTTP/1.1, content: EmptyByteBufBE)
GET /session/f2a16ad9754b6fc772b444c788d0bc42/element/8bf74c4c-15d8-4c13-aa26-45a3f7384305/enabled HTTP/1.1
User-Agent: selenium/4.1.2 (java windows)
Cache-Control: no-cache
Content-Type: application/json; charset=utf-8
host: localhost:49778
accept: */*

Response DefaultHttpResponse(decodeResult: success, version: HTTP/1.1)
HTTP/1.1 200 OK
Content-Type: application/json; charset=utf-8
cache-control: no-cache
content-length: 14

11:08:38.787 [AsyncHttpClient-1-3] DEBUG org.asynchttpclient.netty.channel.ChannelManager - Adding key: http://localhost:49778 for channel [id: 0xb96f2cde, L:/127.0.0.1:60725 - R:localhost/127.0.0.1:49778]
11:08:38.793 [Forwarding findElement on session f2a16ad9754b6fc772b444c788d0bc42 to remote] DEBUG org.asynchttpclient.netty.request.NettyRequestSender - Using pooled Channel '[id: 0xb96f2cde, L:/127.0.0.1:60725 - R:localhost/127.0.0.1:49778]' for 'POST' to 'http://localhost:49778/session/f2a16ad9754b6fc772b444c788d0bc42/element'
11:08:38.793 [Forwarding findElement on session f2a16ad9754b6fc772b444c788d0bc42 to remote] DEBUG org.asynchttpclient.netty.request.NettyRequestSender - Using open Channel [id: 0xb96f2cde, L:/127.0.0.1:60725 - R:localhost/127.0.0.1:49778] for POST '/session/f2a16ad9754b6fc772b444c788d0bc42/element'
11:08:38.809 [AsyncHttpClient-1-3] DEBUG org.asynchttpclient.netty.handler.HttpHandler - 

Request DefaultHttpRequest(decodeResult: success, version: HTTP/1.1)
POST /session/f2a16ad9754b6fc772b444c788d0bc42/element HTTP/1.1
User-Agent: selenium/4.1.2 (java windows)
Content-Length: 116
Content-Type: application/json; charset=utf-8
host: localhost:49778
accept: */*

Response DefaultHttpResponse(decodeResult: success, version: HTTP/1.1)
HTTP/1.1 200 OK
Content-Type: application/json; charset=utf-8
cache-control: no-cache
content-length: 88

11:08:38.809 [AsyncHttpClient-1-3] DEBUG org.asynchttpclient.netty.channel.ChannelManager - Adding key: http://localhost:49778 for channel [id: 0xb96f2cde, L:/127.0.0.1:60725 - R:localhost/127.0.0.1:49778]
11:08:38.811 [Forwarding clickElement on session f2a16ad9754b6fc772b444c788d0bc42 to remote] DEBUG org.asynchttpclient.netty.request.NettyRequestSender - Using pooled Channel '[id: 0xb96f2cde, L:/127.0.0.1:60725 - R:localhost/127.0.0.1:49778]' for 'POST' to 'http://localhost:49778/session/f2a16ad9754b6fc772b444c788d0bc42/element/8bf74c4c-15d8-4c13-aa26-45a3f7384305/click'
11:08:38.811 [Forwarding clickElement on session f2a16ad9754b6fc772b444c788d0bc42 to remote] DEBUG org.asynchttpclient.netty.request.NettyRequestSender - Using open Channel [id: 0xb96f2cde, L:/127.0.0.1:60725 - R:localhost/127.0.0.1:49778] for POST '/session/f2a16ad9754b6fc772b444c788d0bc42/element/8bf74c4c-15d8-4c13-aa26-45a3f7384305/click'
11:08:39.076 [AsyncHttpClient-1-3] DEBUG org.asynchttpclient.netty.handler.HttpHandler - 

Request DefaultHttpRequest(decodeResult: success, version: HTTP/1.1)
POST /session/f2a16ad9754b6fc772b444c788d0bc42/element/8bf74c4c-15d8-4c13-aa26-45a3f7384305/click HTTP/1.1
User-Agent: selenium/4.1.2 (java windows)
Content-Length: 50
Content-Type: application/json; charset=utf-8
host: localhost:49778
accept: */*

Response DefaultHttpResponse(decodeResult: success, version: HTTP/1.1)
HTTP/1.1 200 OK
Content-Type: application/json; charset=utf-8
cache-control: no-cache
content-length: 14

11:08:39.076 [AsyncHttpClient-1-3] DEBUG org.asynchttpclient.netty.channel.ChannelManager - Adding key: http://localhost:49778 for channel [id: 0xb96f2cde, L:/127.0.0.1:60725 - R:localhost/127.0.0.1:49778]
11:08:39.101 [Forwarding screenshot on session f2a16ad9754b6fc772b444c788d0bc42 to remote] DEBUG org.asynchttpclient.netty.request.NettyRequestSender - Using pooled Channel '[id: 0xb96f2cde, L:/127.0.0.1:60725 - R:localhost/127.0.0.1:49778]' for 'GET' to 'http://localhost:49778/session/f2a16ad9754b6fc772b444c788d0bc42/screenshot'
11:08:39.101 [Forwarding screenshot on session f2a16ad9754b6fc772b444c788d0bc42 to remote] DEBUG org.asynchttpclient.netty.request.NettyRequestSender - Using open Channel [id: 0xb96f2cde, L:/127.0.0.1:60725 - R:localhost/127.0.0.1:49778] for GET '/session/f2a16ad9754b6fc772b444c788d0bc42/screenshot'
11:08:39.434 [AsyncHttpClient-1-3] DEBUG org.asynchttpclient.netty.handler.HttpHandler - 

Request DefaultFullHttpRequest(decodeResult: success, version: HTTP/1.1, content: EmptyByteBufBE)
GET /session/f2a16ad9754b6fc772b444c788d0bc42/screenshot HTTP/1.1
User-Agent: selenium/4.1.2 (java windows)
Cache-Control: no-cache
Content-Type: application/json; charset=utf-8
host: localhost:49778
accept: */*

Response DefaultHttpResponse(decodeResult: success, version: HTTP/1.1)
HTTP/1.1 200 OK
Content-Type: application/json; charset=utf-8
cache-control: no-cache
content-length: 362744

11:08:39.437 [AsyncHttpClient-1-3] DEBUG org.asynchttpclient.netty.channel.ChannelManager - Adding key: http://localhost:49778 for channel [id: 0xb96f2cde, L:/127.0.0.1:60725 - R:localhost/127.0.0.1:49778]
11:08:39.463 [main] DEBUG net.serenitybdd.core.photography.Darkroom - Send negative for processing for target\site\serenity\5bfe2a84988cddecef04ce31b5ca00f5b4ec784d01d0d7f2a19e4a4602caa79f.png
11:08:39.463 [main] DEBUG net.thucydides.core.steps.StepInterceptor - STEP DONE: clickButtonEditDataPasien
  &amp#27;[32mAnd &amp#27;[0m&amp#27;[32mClick button edit profil&amp#27;[0m                                     &amp#27;[90m# starter.stepdefinitios.PatientDataSteps.clickButtonEditProfil()&amp#27;[0m
11:08:39.503 [main] DEBUG net.thucydides.core.steps.StepInterceptor - STARTING STEP: DokterDataSteps.cleanAllDataDokter - cleanDataPasien
11:08:39.507 [Forwarding findElement on session f2a16ad9754b6fc772b444c788d0bc42 to remote] DEBUG org.asynchttpclient.netty.request.NettyRequestSender - Using pooled Channel '[id: 0xb96f2cde, L:/127.0.0.1:60725 - R:localhost/127.0.0.1:49778]' for 'POST' to 'http://localhost:49778/session/f2a16ad9754b6fc772b444c788d0bc42/element'
11:08:39.507 [Forwarding findElement on session f2a16ad9754b6fc772b444c788d0bc42 to remote] DEBUG org.asynchttpclient.netty.request.NettyRequestSender - Using open Channel [id: 0xb96f2cde, L:/127.0.0.1:60725 - R:localhost/127.0.0.1:49778] for POST '/session/f2a16ad9754b6fc772b444c788d0bc42/element'
11:08:39.513 [AsyncHttpClient-1-1] DEBUG org.asynchttpclient.netty.channel.DefaultChannelPool - Entry count for : http://localhost:60727 : 1
11:08:39.533 [AsyncHttpClient-1-3] DEBUG org.asynchttpclient.netty.handler.HttpHandler - 

Request DefaultHttpRequest(decodeResult: success, version: HTTP/1.1)
POST /session/f2a16ad9754b6fc772b444c788d0bc42/element HTTP/1.1
User-Agent: selenium/4.1.2 (java windows)
Content-Length: 166
Content-Type: application/json; charset=utf-8
host: localhost:49778
accept: */*

Response DefaultHttpResponse(decodeResult: success, version: HTTP/1.1)
HTTP/1.1 200 OK
Content-Type: application/json; charset=utf-8
cache-control: no-cache
content-length: 88

11:08:39.533 [AsyncHttpClient-1-3] DEBUG org.asynchttpclient.netty.channel.ChannelManager - Adding key: http://localhost:49778 for channel [id: 0xb96f2cde, L:/127.0.0.1:60725 - R:localhost/127.0.0.1:49778]
11:08:39.536 [Forwarding clearElement on session f2a16ad9754b6fc772b444c788d0bc42 to remote] DEBUG org.asynchttpclient.netty.request.NettyRequestSender - Using pooled Channel '[id: 0xb96f2cde, L:/127.0.0.1:60725 - R:localhost/127.0.0.1:49778]' for 'POST' to 'http://localhost:49778/session/f2a16ad9754b6fc772b444c788d0bc42/element/2f2df9ca-e597-45c8-9944-51948db33c36/clear'
11:08:39.536 [Forwarding clearElement on session f2a16ad9754b6fc772b444c788d0bc42 to remote] DEBUG org.asynchttpclient.netty.request.NettyRequestSender - Using open Channel [id: 0xb96f2cde, L:/127.0.0.1:60725 - R:localhost/127.0.0.1:49778] for POST '/session/f2a16ad9754b6fc772b444c788d0bc42/element/2f2df9ca-e597-45c8-9944-51948db33c36/clear'
11:08:39.647 [AsyncHttpClient-1-3] DEBUG org.asynchttpclient.netty.handler.HttpHandler - 

Request DefaultHttpRequest(decodeResult: success, version: HTTP/1.1)
POST /session/f2a16ad9754b6fc772b444c788d0bc42/element/2f2df9ca-e597-45c8-9944-51948db33c36/clear HTTP/1.1
User-Agent: selenium/4.1.2 (java windows)
Content-Length: 50
Content-Type: application/json; charset=utf-8
host: localhost:49778
accept: */*

Response DefaultHttpResponse(decodeResult: success, version: HTTP/1.1)
HTTP/1.1 200 OK
Content-Type: application/json; charset=utf-8
cache-control: no-cache
content-length: 14

11:08:39.648 [AsyncHttpClient-1-3] DEBUG org.asynchttpclient.netty.channel.ChannelManager - Adding key: http://localhost:49778 for channel [id: 0xb96f2cde, L:/127.0.0.1:60725 - R:localhost/127.0.0.1:49778]
11:08:39.657 [Forwarding findElement on session f2a16ad9754b6fc772b444c788d0bc42 to remote] DEBUG org.asynchttpclient.netty.request.NettyRequestSender - Using pooled Channel '[id: 0xb96f2cde, L:/127.0.0.1:60725 - R:localhost/127.0.0.1:49778]' for 'POST' to 'http://localhost:49778/session/f2a16ad9754b6fc772b444c788d0bc42/element'
11:08:39.657 [Forwarding findElement on session f2a16ad9754b6fc772b444c788d0bc42 to remote] DEBUG org.asynchttpclient.netty.request.NettyRequestSender - Using open Channel [id: 0xb96f2cde, L:/127.0.0.1:60725 - R:localhost/127.0.0.1:49778] for POST '/session/f2a16ad9754b6fc772b444c788d0bc42/element'
11:08:39.681 [AsyncHttpClient-1-3] DEBUG org.asynchttpclient.netty.handler.HttpHandler - 

Request DefaultHttpRequest(decodeResult: success, version: HTTP/1.1)
POST /session/f2a16ad9754b6fc772b444c788d0bc42/element HTTP/1.1
User-Agent: selenium/4.1.2 (java windows)
Content-Length: 166
Content-Type: application/json; charset=utf-8
host: localhost:49778
accept: */*

Response DefaultHttpResponse(decodeResult: success, version: HTTP/1.1)
HTTP/1.1 200 OK
Content-Type: application/json; charset=utf-8
cache-control: no-cache
content-length: 88

11:08:39.684 [AsyncHttpClient-1-3] DEBUG org.asynchttpclient.netty.channel.ChannelManager - Adding key: http://localhost:49778 for channel [id: 0xb96f2cde, L:/127.0.0.1:60725 - R:localhost/127.0.0.1:49778]
11:08:39.686 [Forwarding clearElement on session f2a16ad9754b6fc772b444c788d0bc42 to remote] DEBUG org.asynchttpclient.netty.request.NettyRequestSender - Using pooled Channel '[id: 0xb96f2cde, L:/127.0.0.1:60725 - R:localhost/127.0.0.1:49778]' for 'POST' to 'http://localhost:49778/session/f2a16ad9754b6fc772b444c788d0bc42/element/3d5c8aa4-d513-48ce-898e-f2bf5e5127d8/clear'
11:08:39.686 [Forwarding clearElement on session f2a16ad9754b6fc772b444c788d0bc42 to remote] DEBUG org.asynchttpclient.netty.request.NettyRequestSender - Using open Channel [id: 0xb96f2cde, L:/127.0.0.1:60725 - R:localhost/127.0.0.1:49778] for POST '/session/f2a16ad9754b6fc772b444c788d0bc42/element/3d5c8aa4-d513-48ce-898e-f2bf5e5127d8/clear'
11:08:39.785 [AsyncHttpClient-1-3] DEBUG org.asynchttpclient.netty.handler.HttpHandler - 

Request DefaultHttpRequest(decodeResult: success, version: HTTP/1.1)
POST /session/f2a16ad9754b6fc772b444c788d0bc42/element/3d5c8aa4-d513-48ce-898e-f2bf5e5127d8/clear HTTP/1.1
User-Agent: selenium/4.1.2 (java windows)
Content-Length: 50
Content-Type: application/json; charset=utf-8
host: localhost:49778
accept: */*

Response DefaultHttpResponse(decodeResult: success, version: HTTP/1.1)
HTTP/1.1 200 OK
Content-Type: application/json; charset=utf-8
cache-control: no-cache
content-length: 14

11:08:39.786 [AsyncHttpClient-1-3] DEBUG org.asynchttpclient.netty.channel.ChannelManager - Adding key: http://localhost:49778 for channel [id: 0xb96f2cde, L:/127.0.0.1:60725 - R:localhost/127.0.0.1:49778]
11:08:39.793 [Forwarding findElement on session f2a16ad9754b6fc772b444c788d0bc42 to remote] DEBUG org.asynchttpclient.netty.request.NettyRequestSender - Using pooled Channel '[id: 0xb96f2cde, L:/127.0.0.1:60725 - R:localhost/127.0.0.1:49778]' for 'POST' to 'http://localhost:49778/session/f2a16ad9754b6fc772b444c788d0bc42/element'
11:08:39.794 [Forwarding findElement on session f2a16ad9754b6fc772b444c788d0bc42 to remote] DEBUG org.asynchttpclient.netty.request.NettyRequestSender - Using open Channel [id: 0xb96f2cde, L:/127.0.0.1:60725 - R:localhost/127.0.0.1:49778] for POST '/session/f2a16ad9754b6fc772b444c788d0bc42/element'
11:08:39.817 [AsyncHttpClient-1-3] DEBUG org.asynchttpclient.netty.handler.HttpHandler - 

Request DefaultHttpRequest(decodeResult: success, version: HTTP/1.1)
POST /session/f2a16ad9754b6fc772b444c788d0bc42/element HTTP/1.1
User-Agent: selenium/4.1.2 (java windows)
Content-Length: 166
Content-Type: application/json; charset=utf-8
host: localhost:49778
accept: */*

Response DefaultHttpResponse(decodeResult: success, version: HTTP/1.1)
HTTP/1.1 200 OK
Content-Type: application/json; charset=utf-8
cache-control: no-cache
content-length: 88

11:08:39.817 [AsyncHttpClient-1-3] DEBUG org.asynchttpclient.netty.channel.ChannelManager - Adding key: http://localhost:49778 for channel [id: 0xb96f2cde, L:/127.0.0.1:60725 - R:localhost/127.0.0.1:49778]
11:08:39.820 [Forwarding clearElement on session f2a16ad9754b6fc772b444c788d0bc42 to remote] DEBUG org.asynchttpclient.netty.request.NettyRequestSender - Using pooled Channel '[id: 0xb96f2cde, L:/127.0.0.1:60725 - R:localhost/127.0.0.1:49778]' for 'POST' to 'http://localhost:49778/session/f2a16ad9754b6fc772b444c788d0bc42/element/3391219b-01a3-49f8-b732-9d378502baa4/clear'
11:08:39.820 [Forwarding clearElement on session f2a16ad9754b6fc772b444c788d0bc42 to remote] DEBUG org.asynchttpclient.netty.request.NettyRequestSender - Using open Channel [id: 0xb96f2cde, L:/127.0.0.1:60725 - R:localhost/127.0.0.1:49778] for POST '/session/f2a16ad9754b6fc772b444c788d0bc42/element/3391219b-01a3-49f8-b732-9d378502baa4/clear'
11:08:39.924 [AsyncHttpClient-1-3] DEBUG org.asynchttpclient.netty.handler.HttpHandler - 

Request DefaultHttpRequest(decodeResult: success, version: HTTP/1.1)
POST /session/f2a16ad9754b6fc772b444c788d0bc42/element/3391219b-01a3-49f8-b732-9d378502baa4/clear HTTP/1.1
User-Agent: selenium/4.1.2 (java windows)
Content-Length: 50
Content-Type: application/json; charset=utf-8
host: localhost:49778
accept: */*

Response DefaultHttpResponse(decodeResult: success, version: HTTP/1.1)
HTTP/1.1 200 OK
Content-Type: application/json; charset=utf-8
cache-control: no-cache
content-length: 14

11:08:39.925 [AsyncHttpClient-1-3] DEBUG org.asynchttpclient.netty.channel.ChannelManager - Adding key: http://localhost:49778 for channel [id: 0xb96f2cde, L:/127.0.0.1:60725 - R:localhost/127.0.0.1:49778]
11:08:39.930 [Forwarding findElement on session f2a16ad9754b6fc772b444c788d0bc42 to remote] DEBUG org.asynchttpclient.netty.request.NettyRequestSender - Using pooled Channel '[id: 0xb96f2cde, L:/127.0.0.1:60725 - R:localhost/127.0.0.1:49778]' for 'POST' to 'http://localhost:49778/session/f2a16ad9754b6fc772b444c788d0bc42/element'
11:08:39.930 [Forwarding findElement on session f2a16ad9754b6fc772b444c788d0bc42 to remote] DEBUG org.asynchttpclient.netty.request.NettyRequestSender - Using open Channel [id: 0xb96f2cde, L:/127.0.0.1:60725 - R:localhost/127.0.0.1:49778] for POST '/session/f2a16ad9754b6fc772b444c788d0bc42/element'
11:08:39.958 [AsyncHttpClient-1-3] DEBUG org.asynchttpclient.netty.handler.HttpHandler - 

Request DefaultHttpRequest(decodeResult: success, version: HTTP/1.1)
POST /session/f2a16ad9754b6fc772b444c788d0bc42/element HTTP/1.1
User-Agent: selenium/4.1.2 (java windows)
Content-Length: 166
Content-Type: application/json; charset=utf-8
host: localhost:49778
accept: */*

Response DefaultHttpResponse(decodeResult: success, version: HTTP/1.1)
HTTP/1.1 200 OK
Content-Type: application/json; charset=utf-8
cache-control: no-cache
content-length: 88

11:08:39.959 [AsyncHttpClient-1-3] DEBUG org.asynchttpclient.netty.channel.ChannelManager - Adding key: http://localhost:49778 for channel [id: 0xb96f2cde, L:/127.0.0.1:60725 - R:localhost/127.0.0.1:49778]
11:08:39.961 [Forwarding clearElement on session f2a16ad9754b6fc772b444c788d0bc42 to remote] DEBUG org.asynchttpclient.netty.request.NettyRequestSender - Using pooled Channel '[id: 0xb96f2cde, L:/127.0.0.1:60725 - R:localhost/127.0.0.1:49778]' for 'POST' to 'http://localhost:49778/session/f2a16ad9754b6fc772b444c788d0bc42/element/18558d23-15d1-492a-995c-78135d004c80/clear'
11:08:39.961 [Forwarding clearElement on session f2a16ad9754b6fc772b444c788d0bc42 to remote] DEBUG org.asynchttpclient.netty.request.NettyRequestSender - Using open Channel [id: 0xb96f2cde, L:/127.0.0.1:60725 - R:localhost/127.0.0.1:49778] for POST '/session/f2a16ad9754b6fc772b444c788d0bc42/element/18558d23-15d1-492a-995c-78135d004c80/clear'
11:08:40.061 [AsyncHttpClient-1-3] DEBUG org.asynchttpclient.netty.handler.HttpHandler - 

Request DefaultHttpRequest(decodeResult: success, version: HTTP/1.1)
POST /session/f2a16ad9754b6fc772b444c788d0bc42/element/18558d23-15d1-492a-995c-78135d004c80/clear HTTP/1.1
User-Agent: selenium/4.1.2 (java windows)
Content-Length: 50
Content-Type: application/json; charset=utf-8
host: localhost:49778
accept: */*

Response DefaultHttpResponse(decodeResult: success, version: HTTP/1.1)
HTTP/1.1 200 OK
Content-Type: application/json; charset=utf-8
cache-control: no-cache
content-length: 14

11:08:40.062 [AsyncHttpClient-1-3] DEBUG org.asynchttpclient.netty.channel.ChannelManager - Adding key: http://localhost:49778 for channel [id: 0xb96f2cde, L:/127.0.0.1:60725 - R:localhost/127.0.0.1:49778]
11:08:40.067 [Forwarding findElement on session f2a16ad9754b6fc772b444c788d0bc42 to remote] DEBUG org.asynchttpclient.netty.request.NettyRequestSender - Using pooled Channel '[id: 0xb96f2cde, L:/127.0.0.1:60725 - R:localhost/127.0.0.1:49778]' for 'POST' to 'http://localhost:49778/session/f2a16ad9754b6fc772b444c788d0bc42/element'
11:08:40.067 [Forwarding findElement on session f2a16ad9754b6fc772b444c788d0bc42 to remote] DEBUG org.asynchttpclient.netty.request.NettyRequestSender - Using open Channel [id: 0xb96f2cde, L:/127.0.0.1:60725 - R:localhost/127.0.0.1:49778] for POST '/session/f2a16ad9754b6fc772b444c788d0bc42/element'
11:08:40.101 [AsyncHttpClient-1-3] DEBUG org.asynchttpclient.netty.handler.HttpHandler - 

Request DefaultHttpRequest(decodeResult: success, version: HTTP/1.1)
POST /session/f2a16ad9754b6fc772b444c788d0bc42/element HTTP/1.1
User-Agent: selenium/4.1.2 (java windows)
Content-Length: 166
Content-Type: application/json; charset=utf-8
host: localhost:49778
accept: */*

Response DefaultHttpResponse(decodeResult: success, version: HTTP/1.1)
HTTP/1.1 200 OK
Content-Type: application/json; charset=utf-8
cache-control: no-cache
content-length: 88

11:08:40.102 [AsyncHttpClient-1-3] DEBUG org.asynchttpclient.netty.channel.ChannelManager - Adding key: http://localhost:49778 for channel [id: 0xb96f2cde, L:/127.0.0.1:60725 - R:localhost/127.0.0.1:49778]
11:08:40.105 [Forwarding clearElement on session f2a16ad9754b6fc772b444c788d0bc42 to remote] DEBUG org.asynchttpclient.netty.request.NettyRequestSender - Using pooled Channel '[id: 0xb96f2cde, L:/127.0.0.1:60725 - R:localhost/127.0.0.1:49778]' for 'POST' to 'http://localhost:49778/session/f2a16ad9754b6fc772b444c788d0bc42/element/79a5c7fd-5f83-4050-8e1a-7ca45439ed56/clear'
11:08:40.105 [Forwarding clearElement on session f2a16ad9754b6fc772b444c788d0bc42 to remote] DEBUG org.asynchttpclient.netty.request.NettyRequestSender - Using open Channel [id: 0xb96f2cde, L:/127.0.0.1:60725 - R:localhost/127.0.0.1:49778] for POST '/session/f2a16ad9754b6fc772b444c788d0bc42/element/79a5c7fd-5f83-4050-8e1a-7ca45439ed56/clear'
11:08:40.205 [AsyncHttpClient-1-3] DEBUG org.asynchttpclient.netty.handler.HttpHandler - 

Request DefaultHttpRequest(decodeResult: success, version: HTTP/1.1)
POST /session/f2a16ad9754b6fc772b444c788d0bc42/element/79a5c7fd-5f83-4050-8e1a-7ca45439ed56/clear HTTP/1.1
User-Agent: selenium/4.1.2 (java windows)
Content-Length: 50
Content-Type: application/json; charset=utf-8
host: localhost:49778
accept: */*

Response DefaultHttpResponse(decodeResult: success, version: HTTP/1.1)
HTTP/1.1 200 OK
Content-Type: application/json; charset=utf-8
cache-control: no-cache
content-length: 14

11:08:40.205 [AsyncHttpClient-1-3] DEBUG org.asynchttpclient.netty.channel.ChannelManager - Adding key: http://localhost:49778 for channel [id: 0xb96f2cde, L:/127.0.0.1:60725 - R:localhost/127.0.0.1:49778]
11:08:40.218 [Forwarding screenshot on session f2a16ad9754b6fc772b444c788d0bc42 to remote] DEBUG org.asynchttpclient.netty.request.NettyRequestSender - Using pooled Channel '[id: 0xb96f2cde, L:/127.0.0.1:60725 - R:localhost/127.0.0.1:49778]' for 'GET' to 'http://localhost:49778/session/f2a16ad9754b6fc772b444c788d0bc42/screenshot'
11:08:40.218 [Forwarding screenshot on session f2a16ad9754b6fc772b444c788d0bc42 to remote] DEBUG org.asynchttpclient.netty.request.NettyRequestSender - Using open Channel [id: 0xb96f2cde, L:/127.0.0.1:60725 - R:localhost/127.0.0.1:49778] for GET '/session/f2a16ad9754b6fc772b444c788d0bc42/screenshot'
11:08:40.541 [AsyncHttpClient-1-3] DEBUG org.asynchttpclient.netty.handler.HttpHandler - 

Request DefaultFullHttpRequest(decodeResult: success, version: HTTP/1.1, content: EmptyByteBufBE)
GET /session/f2a16ad9754b6fc772b444c788d0bc42/screenshot HTTP/1.1
User-Agent: selenium/4.1.2 (java windows)
Cache-Control: no-cache
Content-Type: application/json; charset=utf-8
host: localhost:49778
accept: */*

Response DefaultHttpResponse(decodeResult: success, version: HTTP/1.1)
HTTP/1.1 200 OK
Content-Type: application/json; charset=utf-8
cache-control: no-cache
content-length: 349740

11:08:40.543 [AsyncHttpClient-1-3] DEBUG org.asynchttpclient.netty.channel.ChannelManager - Adding key: http://localhost:49778 for channel [id: 0xb96f2cde, L:/127.0.0.1:60725 - R:localhost/127.0.0.1:49778]
11:08:40.566 [main] DEBUG net.serenitybdd.core.photography.Darkroom - Send negative for processing for target\site\serenity\88abc64f8415a7e11267491fc5c954f910ec97d832426eafc43255b9c6eb4946.png
11:08:40.567 [main] DEBUG net.thucydides.core.steps.StepInterceptor - STEP DONE: cleanDataPasien
  &amp#27;[32mAnd &amp#27;[0m&amp#27;[32mClean all data dokter&amp#27;[0m                                        &amp#27;[90m# starter.stepdefinitios.DokterDataSteps.cleanAllDataDokter()&amp#27;[0m
11:08:40.613 [main] DEBUG net.thucydides.core.steps.StepInterceptor - STARTING STEP: DokterDataSteps.iInputDokter - inputDataPasien
11:08:40.616 [Forwarding findElement on session f2a16ad9754b6fc772b444c788d0bc42 to remote] DEBUG org.asynchttpclient.netty.request.NettyRequestSender - Using pooled Channel '[id: 0xb96f2cde, L:/127.0.0.1:60725 - R:localhost/127.0.0.1:49778]' for 'POST' to 'http://localhost:49778/session/f2a16ad9754b6fc772b444c788d0bc42/element'
11:08:40.616 [Forwarding findElement on session f2a16ad9754b6fc772b444c788d0bc42 to remote] DEBUG org.asynchttpclient.netty.request.NettyRequestSender - Using open Channel [id: 0xb96f2cde, L:/127.0.0.1:60725 - R:localhost/127.0.0.1:49778] for POST '/session/f2a16ad9754b6fc772b444c788d0bc42/element'
11:08:40.620 [AsyncHttpClient-1-1] DEBUG org.asynchttpclient.netty.channel.DefaultChannelPool - Entry count for : http://localhost:60727 : 1
11:08:40.642 [AsyncHttpClient-1-3] DEBUG org.asynchttpclient.netty.handler.HttpHandler - 

Request DefaultHttpRequest(decodeResult: success, version: HTTP/1.1)
POST /session/f2a16ad9754b6fc772b444c788d0bc42/element HTTP/1.1
User-Agent: selenium/4.1.2 (java windows)
Content-Length: 166
Content-Type: application/json; charset=utf-8
host: localhost:49778
accept: */*

Response DefaultHttpResponse(decodeResult: success, version: HTTP/1.1)
HTTP/1.1 200 OK
Content-Type: application/json; charset=utf-8
cache-control: no-cache
content-length: 88

11:08:40.642 [AsyncHttpClient-1-3] DEBUG org.asynchttpclient.netty.channel.ChannelManager - Adding key: http://localhost:49778 for channel [id: 0xb96f2cde, L:/127.0.0.1:60725 - R:localhost/127.0.0.1:49778]
11:08:40.645 [Forwarding sendKeysToElement on session f2a16ad9754b6fc772b444c788d0bc42 to remote] DEBUG org.asynchttpclient.netty.request.NettyRequestSender - Using pooled Channel '[id: 0xb96f2cde, L:/127.0.0.1:60725 - R:localhost/127.0.0.1:49778]' for 'POST' to 'http://localhost:49778/session/f2a16ad9754b6fc772b444c788d0bc42/element/2f2df9ca-e597-45c8-9944-51948db33c36/value'
11:08:40.645 [Forwarding sendKeysToElement on session f2a16ad9754b6fc772b444c788d0bc42 to remote] DEBUG org.asynchttpclient.netty.request.NettyRequestSender - Using open Channel [id: 0xb96f2cde, L:/127.0.0.1:60725 - R:localhost/127.0.0.1:49778] for POST '/session/f2a16ad9754b6fc772b444c788d0bc42/element/2f2df9ca-e597-45c8-9944-51948db33c36/value'
11:08:41.116 [AsyncHttpClient-1-3] DEBUG org.asynchttpclient.netty.handler.HttpHandler - 

Request DefaultHttpRequest(decodeResult: success, version: HTTP/1.1)
POST /session/f2a16ad9754b6fc772b444c788d0bc42/element/2f2df9ca-e597-45c8-9944-51948db33c36/value HTTP/1.1
User-Agent: selenium/4.1.2 (java windows)
Content-Length: 131
Content-Type: application/json; charset=utf-8
host: localhost:49778
accept: */*

Response DefaultHttpResponse(decodeResult: success, version: HTTP/1.1)
HTTP/1.1 200 OK
Content-Type: application/json; charset=utf-8
cache-control: no-cache
content-length: 14

11:08:41.117 [AsyncHttpClient-1-3] DEBUG org.asynchttpclient.netty.channel.ChannelManager - Adding key: http://localhost:49778 for channel [id: 0xb96f2cde, L:/127.0.0.1:60725 - R:localhost/127.0.0.1:49778]
11:08:41.123 [Forwarding findElement on session f2a16ad9754b6fc772b444c788d0bc42 to remote] DEBUG org.asynchttpclient.netty.request.NettyRequestSender - Using pooled Channel '[id: 0xb96f2cde, L:/127.0.0.1:60725 - R:localhost/127.0.0.1:49778]' for 'POST' to 'http://localhost:49778/session/f2a16ad9754b6fc772b444c788d0bc42/element'
11:08:41.123 [Forwarding findElement on session f2a16ad9754b6fc772b444c788d0bc42 to remote] DEBUG org.asynchttpclient.netty.request.NettyRequestSender - Using open Channel [id: 0xb96f2cde, L:/127.0.0.1:60725 - R:localhost/127.0.0.1:49778] for POST '/session/f2a16ad9754b6fc772b444c788d0bc42/element'
11:08:41.137 [AsyncHttpClient-1-3] DEBUG org.asynchttpclient.netty.handler.HttpHandler - 

Request DefaultHttpRequest(decodeResult: success, version: HTTP/1.1)
POST /session/f2a16ad9754b6fc772b444c788d0bc42/element HTTP/1.1
User-Agent: selenium/4.1.2 (java windows)
Content-Length: 166
Content-Type: application/json; charset=utf-8
host: localhost:49778
accept: */*

Response DefaultHttpResponse(decodeResult: success, version: HTTP/1.1)
HTTP/1.1 200 OK
Content-Type: application/json; charset=utf-8
cache-control: no-cache
content-length: 88

11:08:41.137 [AsyncHttpClient-1-3] DEBUG org.asynchttpclient.netty.channel.ChannelManager - Adding key: http://localhost:49778 for channel [id: 0xb96f2cde, L:/127.0.0.1:60725 - R:localhost/127.0.0.1:49778]
11:08:41.141 [Forwarding sendKeysToElement on session f2a16ad9754b6fc772b444c788d0bc42 to remote] DEBUG org.asynchttpclient.netty.request.NettyRequestSender - Using pooled Channel '[id: 0xb96f2cde, L:/127.0.0.1:60725 - R:localhost/127.0.0.1:49778]' for 'POST' to 'http://localhost:49778/session/f2a16ad9754b6fc772b444c788d0bc42/element/3d5c8aa4-d513-48ce-898e-f2bf5e5127d8/value'
11:08:41.141 [Forwarding sendKeysToElement on session f2a16ad9754b6fc772b444c788d0bc42 to remote] DEBUG org.asynchttpclient.netty.request.NettyRequestSender - Using open Channel [id: 0xb96f2cde, L:/127.0.0.1:60725 - R:localhost/127.0.0.1:49778] for POST '/session/f2a16ad9754b6fc772b444c788d0bc42/element/3d5c8aa4-d513-48ce-898e-f2bf5e5127d8/value'
11:08:41.421 [AsyncHttpClient-1-3] DEBUG org.asynchttpclient.netty.handler.HttpHandler - 

Request DefaultHttpRequest(decodeResult: success, version: HTTP/1.1)
POST /session/f2a16ad9754b6fc772b444c788d0bc42/element/3d5c8aa4-d513-48ce-898e-f2bf5e5127d8/value HTTP/1.1
User-Agent: selenium/4.1.2 (java windows)
Content-Length: 131
Content-Type: application/json; charset=utf-8
host: localhost:49778
accept: */*

Response DefaultHttpResponse(decodeResult: success, version: HTTP/1.1)
HTTP/1.1 200 OK
Content-Type: application/json; charset=utf-8
cache-control: no-cache
content-length: 14

11:08:41.421 [AsyncHttpClient-1-3] DEBUG org.asynchttpclient.netty.channel.ChannelManager - Adding key: http://localhost:49778 for channel [id: 0xb96f2cde, L:/127.0.0.1:60725 - R:localhost/127.0.0.1:49778]
11:08:41.428 [Forwarding findElement on session f2a16ad9754b6fc772b444c788d0bc42 to remote] DEBUG org.asynchttpclient.netty.request.NettyRequestSender - Using pooled Channel '[id: 0xb96f2cde, L:/127.0.0.1:60725 - R:localhost/127.0.0.1:49778]' for 'POST' to 'http://localhost:49778/session/f2a16ad9754b6fc772b444c788d0bc42/element'
11:08:41.428 [Forwarding findElement on session f2a16ad9754b6fc772b444c788d0bc42 to remote] DEBUG org.asynchttpclient.netty.request.NettyRequestSender - Using open Channel [id: 0xb96f2cde, L:/127.0.0.1:60725 - R:localhost/127.0.0.1:49778] for POST '/session/f2a16ad9754b6fc772b444c788d0bc42/element'
11:08:41.444 [AsyncHttpClient-1-3] DEBUG org.asynchttpclient.netty.handler.HttpHandler - 

Request DefaultHttpRequest(decodeResult: success, version: HTTP/1.1)
POST /session/f2a16ad9754b6fc772b444c788d0bc42/element HTTP/1.1
User-Agent: selenium/4.1.2 (java windows)
Content-Length: 166
Content-Type: application/json; charset=utf-8
host: localhost:49778
accept: */*

Response DefaultHttpResponse(decodeResult: success, version: HTTP/1.1)
HTTP/1.1 200 OK
Content-Type: application/json; charset=utf-8
cache-control: no-cache
content-length: 88

11:08:41.444 [AsyncHttpClient-1-3] DEBUG org.asynchttpclient.netty.channel.ChannelManager - Adding key: http://localhost:49778 for channel [id: 0xb96f2cde, L:/127.0.0.1:60725 - R:localhost/127.0.0.1:49778]
11:08:41.446 [Forwarding sendKeysToElement on session f2a16ad9754b6fc772b444c788d0bc42 to remote] DEBUG org.asynchttpclient.netty.request.NettyRequestSender - Using pooled Channel '[id: 0xb96f2cde, L:/127.0.0.1:60725 - R:localhost/127.0.0.1:49778]' for 'POST' to 'http://localhost:49778/session/f2a16ad9754b6fc772b444c788d0bc42/element/3391219b-01a3-49f8-b732-9d378502baa4/value'
11:08:41.446 [Forwarding sendKeysToElement on session f2a16ad9754b6fc772b444c788d0bc42 to remote] DEBUG org.asynchttpclient.netty.request.NettyRequestSender - Using open Channel [id: 0xb96f2cde, L:/127.0.0.1:60725 - R:localhost/127.0.0.1:49778] for POST '/session/f2a16ad9754b6fc772b444c788d0bc42/element/3391219b-01a3-49f8-b732-9d378502baa4/value'
11:08:41.549 [AsyncHttpClient-1-3] DEBUG org.asynchttpclient.netty.handler.HttpHandler - 

Request DefaultHttpRequest(decodeResult: success, version: HTTP/1.1)
POST /session/f2a16ad9754b6fc772b444c788d0bc42/element/3391219b-01a3-49f8-b732-9d378502baa4/value HTTP/1.1
User-Agent: selenium/4.1.2 (java windows)
Content-Length: 82
Content-Type: application/json; charset=utf-8
host: localhost:49778
accept: */*

Response DefaultHttpResponse(decodeResult: success, version: HTTP/1.1)
HTTP/1.1 200 OK
Content-Type: application/json; charset=utf-8
cache-control: no-cache
content-length: 14

11:08:41.549 [AsyncHttpClient-1-3] DEBUG org.asynchttpclient.netty.channel.ChannelManager - Adding key: http://localhost:49778 for channel [id: 0xb96f2cde, L:/127.0.0.1:60725 - R:localhost/127.0.0.1:49778]
11:08:41.556 [Forwarding findElement on session f2a16ad9754b6fc772b444c788d0bc42 to remote] DEBUG org.asynchttpclient.netty.request.NettyRequestSender - Using pooled Channel '[id: 0xb96f2cde, L:/127.0.0.1:60725 - R:localhost/127.0.0.1:49778]' for 'POST' to 'http://localhost:49778/session/f2a16ad9754b6fc772b444c788d0bc42/element'
11:08:41.556 [Forwarding findElement on session f2a16ad9754b6fc772b444c788d0bc42 to remote] DEBUG org.asynchttpclient.netty.request.NettyRequestSender - Using open Channel [id: 0xb96f2cde, L:/127.0.0.1:60725 - R:localhost/127.0.0.1:49778] for POST '/session/f2a16ad9754b6fc772b444c788d0bc42/element'
11:08:41.574 [AsyncHttpClient-1-3] DEBUG org.asynchttpclient.netty.handler.HttpHandler - 

Request DefaultHttpRequest(decodeResult: success, version: HTTP/1.1)
POST /session/f2a16ad9754b6fc772b444c788d0bc42/element HTTP/1.1
User-Agent: selenium/4.1.2 (java windows)
Content-Length: 166
Content-Type: application/json; charset=utf-8
host: localhost:49778
accept: */*

Response DefaultHttpResponse(decodeResult: success, version: HTTP/1.1)
HTTP/1.1 200 OK
Content-Type: application/json; charset=utf-8
cache-control: no-cache
content-length: 88

11:08:41.575 [AsyncHttpClient-1-3] DEBUG org.asynchttpclient.netty.channel.ChannelManager - Adding key: http://localhost:49778 for channel [id: 0xb96f2cde, L:/127.0.0.1:60725 - R:localhost/127.0.0.1:49778]
11:08:41.578 [Forwarding sendKeysToElement on session f2a16ad9754b6fc772b444c788d0bc42 to remote] DEBUG org.asynchttpclient.netty.request.NettyRequestSender - Using pooled Channel '[id: 0xb96f2cde, L:/127.0.0.1:60725 - R:localhost/127.0.0.1:49778]' for 'POST' to 'http://localhost:49778/session/f2a16ad9754b6fc772b444c788d0bc42/element/18558d23-15d1-492a-995c-78135d004c80/value'
11:08:41.578 [Forwarding sendKeysToElement on session f2a16ad9754b6fc772b444c788d0bc42 to remote] DEBUG org.asynchttpclient.netty.request.NettyRequestSender - Using open Channel [id: 0xb96f2cde, L:/127.0.0.1:60725 - R:localhost/127.0.0.1:49778] for POST '/session/f2a16ad9754b6fc772b444c788d0bc42/element/18558d23-15d1-492a-995c-78135d004c80/value'
11:08:41.714 [AsyncHttpClient-1-1] DEBUG org.asynchttpclient.netty.channel.DefaultChannelPool - Entry count for : http://localhost:60727 : 1
11:08:41.954 [AsyncHttpClient-1-3] DEBUG org.asynchttpclient.netty.handler.HttpHandler - 

Request DefaultHttpRequest(decodeResult: success, version: HTTP/1.1)
POST /session/f2a16ad9754b6fc772b444c788d0bc42/element/18558d23-15d1-492a-995c-78135d004c80/value HTTP/1.1
User-Agent: selenium/4.1.2 (java windows)
Content-Length: 181
Content-Type: application/json; charset=utf-8
host: localhost:49778
accept: */*

Response DefaultHttpResponse(decodeResult: success, version: HTTP/1.1)
HTTP/1.1 200 OK
Content-Type: application/json; charset=utf-8
cache-control: no-cache
content-length: 14

11:08:41.954 [AsyncHttpClient-1-3] DEBUG org.asynchttpclient.netty.channel.ChannelManager - Adding key: http://localhost:49778 for channel [id: 0xb96f2cde, L:/127.0.0.1:60725 - R:localhost/127.0.0.1:49778]
11:08:41.959 [Forwarding findElement on session f2a16ad9754b6fc772b444c788d0bc42 to remote] DEBUG org.asynchttpclient.netty.request.NettyRequestSender - Using pooled Channel '[id: 0xb96f2cde, L:/127.0.0.1:60725 - R:localhost/127.0.0.1:49778]' for 'POST' to 'http://localhost:49778/session/f2a16ad9754b6fc772b444c788d0bc42/element'
11:08:41.959 [Forwarding findElement on session f2a16ad9754b6fc772b444c788d0bc42 to remote] DEBUG org.asynchttpclient.netty.request.NettyRequestSender - Using open Channel [id: 0xb96f2cde, L:/127.0.0.1:60725 - R:localhost/127.0.0.1:49778] for POST '/session/f2a16ad9754b6fc772b444c788d0bc42/element'
11:08:41.975 [AsyncHttpClient-1-3] DEBUG org.asynchttpclient.netty.handler.HttpHandler - 

Request DefaultHttpRequest(decodeResult: success, version: HTTP/1.1)
POST /session/f2a16ad9754b6fc772b444c788d0bc42/element HTTP/1.1
User-Agent: selenium/4.1.2 (java windows)
Content-Length: 166
Content-Type: application/json; charset=utf-8
host: localhost:49778
accept: */*

Response DefaultHttpResponse(decodeResult: success, version: HTTP/1.1)
HTTP/1.1 200 OK
Content-Type: application/json; charset=utf-8
cache-control: no-cache
content-length: 88

11:08:41.975 [AsyncHttpClient-1-3] DEBUG org.asynchttpclient.netty.channel.ChannelManager - Adding key: http://localhost:49778 for channel [id: 0xb96f2cde, L:/127.0.0.1:60725 - R:localhost/127.0.0.1:49778]
11:08:41.980 [Forwarding sendKeysToElement on session f2a16ad9754b6fc772b444c788d0bc42 to remote] DEBUG org.asynchttpclient.netty.request.NettyRequestSender - Using pooled Channel '[id: 0xb96f2cde, L:/127.0.0.1:60725 - R:localhost/127.0.0.1:49778]' for 'POST' to 'http://localhost:49778/session/f2a16ad9754b6fc772b444c788d0bc42/element/79a5c7fd-5f83-4050-8e1a-7ca45439ed56/value'
11:08:41.980 [Forwarding sendKeysToElement on session f2a16ad9754b6fc772b444c788d0bc42 to remote] DEBUG org.asynchttpclient.netty.request.NettyRequestSender - Using open Channel [id: 0xb96f2cde, L:/127.0.0.1:60725 - R:localhost/127.0.0.1:49778] for POST '/session/f2a16ad9754b6fc772b444c788d0bc42/element/79a5c7fd-5f83-4050-8e1a-7ca45439ed56/value'
11:08:42.566 [AsyncHttpClient-1-3] DEBUG org.asynchttpclient.netty.handler.HttpHandler - 

Request DefaultHttpRequest(decodeResult: success, version: HTTP/1.1)
POST /session/f2a16ad9754b6fc772b444c788d0bc42/element/79a5c7fd-5f83-4050-8e1a-7ca45439ed56/value HTTP/1.1
User-Agent: selenium/4.1.2 (java windows)
Content-Length: 181
Content-Type: application/json; charset=utf-8
host: localhost:49778
accept: */*

Response DefaultHttpResponse(decodeResult: success, version: HTTP/1.1)
HTTP/1.1 200 OK
Content-Type: application/json; charset=utf-8
cache-control: no-cache
content-length: 14

11:08:42.566 [AsyncHttpClient-1-3] DEBUG org.asynchttpclient.netty.channel.ChannelManager - Adding key: http://localhost:49778 for channel [id: 0xb96f2cde, L:/127.0.0.1:60725 - R:localhost/127.0.0.1:49778]
11:08:42.580 [Forwarding screenshot on session f2a16ad9754b6fc772b444c788d0bc42 to remote] DEBUG org.asynchttpclient.netty.request.NettyRequestSender - Using pooled Channel '[id: 0xb96f2cde, L:/127.0.0.1:60725 - R:localhost/127.0.0.1:49778]' for 'GET' to 'http://localhost:49778/session/f2a16ad9754b6fc772b444c788d0bc42/screenshot'
11:08:42.580 [Forwarding screenshot on session f2a16ad9754b6fc772b444c788d0bc42 to remote] DEBUG org.asynchttpclient.netty.request.NettyRequestSender - Using open Channel [id: 0xb96f2cde, L:/127.0.0.1:60725 - R:localhost/127.0.0.1:49778] for GET '/session/f2a16ad9754b6fc772b444c788d0bc42/screenshot'
11:08:42.813 [AsyncHttpClient-1-1] DEBUG org.asynchttpclient.netty.channel.DefaultChannelPool - Entry count for : http://localhost:60727 : 1
11:08:42.898 [AsyncHttpClient-1-3] DEBUG org.asynchttpclient.netty.handler.HttpHandler - 

Request DefaultFullHttpRequest(decodeResult: success, version: HTTP/1.1, content: EmptyByteBufBE)
GET /session/f2a16ad9754b6fc772b444c788d0bc42/screenshot HTTP/1.1
User-Agent: selenium/4.1.2 (java windows)
Cache-Control: no-cache
Content-Type: application/json; charset=utf-8
host: localhost:49778
accept: */*

Response DefaultHttpResponse(decodeResult: success, version: HTTP/1.1)
HTTP/1.1 200 OK
Content-Type: application/json; charset=utf-8
cache-control: no-cache
content-length: 364336

11:08:42.900 [AsyncHttpClient-1-3] DEBUG org.asynchttpclient.netty.channel.ChannelManager - Adding key: http://localhost:49778 for channel [id: 0xb96f2cde, L:/127.0.0.1:60725 - R:localhost/127.0.0.1:49778]
11:08:42.928 [main] DEBUG net.serenitybdd.core.photography.Darkroom - Send negative for processing for target\site\serenity\b22e13f77711ce0623993f48dfc818ff95969ea412e9c6cf6eef99caffa0d82d.png
11:08:42.929 [main] DEBUG net.thucydides.core.steps.StepInterceptor - STEP DONE: inputDataPasien
  &amp#27;[32mThen &amp#27;[0m&amp#27;[32mI input &amp#27;[0m&amp#27;[32m&amp#27;[1m"Bagas"&amp#27;[0m&amp#27;[32m &amp#27;[0m&amp#27;[32m&amp#27;[1m"12344"&amp#27;[0m&amp#27;[32m &amp#27;[0m&amp#27;[32m&amp#27;[1m""&amp#27;[0m&amp#27;[32m &amp#27;[0m&amp#27;[32m&amp#27;[1m"BagasBedah"&amp#27;[0m&amp#27;[32m &amp#27;[0m&amp#27;[32m&amp#27;[1m"BagasBedah"&amp#27;[0m&amp#27;[32m dokter&amp#27;[0m &amp#27;[90m# starter.stepdefinitios.DokterDataSteps.iInputDokter(java.lang.String,java.lang.String,java.lang.String,java.lang.String,java.lang.String)&amp#27;[0m
11:08:42.930 [Darkroom Processing Line] DEBUG net.serenitybdd.core.photography.DarkroomProcessingLine - Processing screenshot image in /var/screenshots/screenshot-94649890817995364
11:08:42.930 [Darkroom Processing Line] DEBUG net.serenitybdd.core.photography.DarkroomProcessingLine - Saving screenshot to target\site\serenity\b22e13f77711ce0623993f48dfc818ff95969ea412e9c6cf6eef99caffa0d82d.png
11:08:42.985 [Forwarding screenshot on session f2a16ad9754b6fc772b444c788d0bc42 to remote] DEBUG org.asynchttpclient.netty.request.NettyRequestSender - Using pooled Channel '[id: 0xb96f2cde, L:/127.0.0.1:60725 - R:localhost/127.0.0.1:49778]' for 'GET' to 'http://localhost:49778/session/f2a16ad9754b6fc772b444c788d0bc42/screenshot'
11:08:42.985 [Forwarding screenshot on session f2a16ad9754b6fc772b444c788d0bc42 to remote] DEBUG org.asynchttpclient.netty.request.NettyRequestSender - Using open Channel [id: 0xb96f2cde, L:/127.0.0.1:60725 - R:localhost/127.0.0.1:49778] for GET '/session/f2a16ad9754b6fc772b444c788d0bc42/screenshot'
11:08:43.299 [AsyncHttpClient-1-3] DEBUG org.asynchttpclient.netty.handler.HttpHandler - 

Request DefaultFullHttpRequest(decodeResult: success, version: HTTP/1.1, content: EmptyByteBufBE)
GET /session/f2a16ad9754b6fc772b444c788d0bc42/screenshot HTTP/1.1
User-Agent: selenium/4.1.2 (java windows)
Cache-Control: no-cache
Content-Type: application/json; charset=utf-8
host: localhost:49778
accept: */*

Response DefaultHttpResponse(decodeResult: success, version: HTTP/1.1)
HTTP/1.1 200 OK
Content-Type: application/json; charset=utf-8
cache-control: no-cache
content-length: 364336

11:08:43.303 [AsyncHttpClient-1-3] DEBUG org.asynchttpclient.netty.channel.ChannelManager - Adding key: http://localhost:49778 for channel [id: 0xb96f2cde, L:/127.0.0.1:60725 - R:localhost/127.0.0.1:49778]
11:08:43.329 [main] DEBUG net.serenitybdd.core.photography.Darkroom - Send negative for processing for target\site\serenity\b22e13f77711ce0623993f48dfc818ff95969ea412e9c6cf6eef99caffa0d82d.png
11:08:43.330 [main] DEBUG net.thucydides.core.steps.StepInterceptor - STARTING STEP: PatientDataSteps.clickButtonSimpan - clickButtonSave
11:08:43.338 [Forwarding findElement on session f2a16ad9754b6fc772b444c788d0bc42 to remote] DEBUG org.asynchttpclient.netty.request.NettyRequestSender - Using pooled Channel '[id: 0xb96f2cde, L:/127.0.0.1:60725 - R:localhost/127.0.0.1:49778]' for 'POST' to 'http://localhost:49778/session/f2a16ad9754b6fc772b444c788d0bc42/element'
11:08:43.339 [Forwarding findElement on session f2a16ad9754b6fc772b444c788d0bc42 to remote] DEBUG org.asynchttpclient.netty.request.NettyRequestSender - Using open Channel [id: 0xb96f2cde, L:/127.0.0.1:60725 - R:localhost/127.0.0.1:49778] for POST '/session/f2a16ad9754b6fc772b444c788d0bc42/element'
11:08:43.365 [AsyncHttpClient-1-3] DEBUG org.asynchttpclient.netty.handler.HttpHandler - 

Request DefaultHttpRequest(decodeResult: success, version: HTTP/1.1)
POST /session/f2a16ad9754b6fc772b444c788d0bc42/element HTTP/1.1
User-Agent: selenium/4.1.2 (java windows)
Content-Length: 149
Content-Type: application/json; charset=utf-8
host: localhost:49778
accept: */*

Response DefaultHttpResponse(decodeResult: success, version: HTTP/1.1)
HTTP/1.1 200 OK
Content-Type: application/json; charset=utf-8
cache-control: no-cache
content-length: 88

11:08:43.365 [AsyncHttpClient-1-3] DEBUG org.asynchttpclient.netty.channel.ChannelManager - Adding key: http://localhost:49778 for channel [id: 0xb96f2cde, L:/127.0.0.1:60725 - R:localhost/127.0.0.1:49778]
11:08:43.370 [Forwarding getElementTagName on session f2a16ad9754b6fc772b444c788d0bc42 to remote] DEBUG org.asynchttpclient.netty.request.NettyRequestSender - Using pooled Channel '[id: 0xb96f2cde, L:/127.0.0.1:60725 - R:localhost/127.0.0.1:49778]' for 'GET' to 'http://localhost:49778/session/f2a16ad9754b6fc772b444c788d0bc42/element/ce19e22f-8429-4393-8c4f-a370fc532218/name'
11:08:43.370 [Forwarding getElementTagName on session f2a16ad9754b6fc772b444c788d0bc42 to remote] DEBUG org.asynchttpclient.netty.request.NettyRequestSender - Using open Channel [id: 0xb96f2cde, L:/127.0.0.1:60725 - R:localhost/127.0.0.1:49778] for GET '/session/f2a16ad9754b6fc772b444c788d0bc42/element/ce19e22f-8429-4393-8c4f-a370fc532218/name'
11:08:43.442 [AsyncHttpClient-1-3] DEBUG org.asynchttpclient.netty.handler.HttpHandler - 

Request DefaultFullHttpRequest(decodeResult: success, version: HTTP/1.1, content: EmptyByteBufBE)
GET /session/f2a16ad9754b6fc772b444c788d0bc42/element/ce19e22f-8429-4393-8c4f-a370fc532218/name HTTP/1.1
User-Agent: selenium/4.1.2 (java windows)
Cache-Control: no-cache
Content-Type: application/json; charset=utf-8
host: localhost:49778
accept: */*

Response DefaultHttpResponse(decodeResult: success, version: HTTP/1.1)
HTTP/1.1 200 OK
Content-Type: application/json; charset=utf-8
cache-control: no-cache
content-length: 18

11:08:43.443 [AsyncHttpClient-1-3] DEBUG org.asynchttpclient.netty.channel.ChannelManager - Adding key: http://localhost:49778 for channel [id: 0xb96f2cde, L:/127.0.0.1:60725 - R:localhost/127.0.0.1:49778]
11:08:43.445 [Forwarding getElementTagName on session f2a16ad9754b6fc772b444c788d0bc42 to remote] DEBUG org.asynchttpclient.netty.request.NettyRequestSender - Using pooled Channel '[id: 0xb96f2cde, L:/127.0.0.1:60725 - R:localhost/127.0.0.1:49778]' for 'GET' to 'http://localhost:49778/session/f2a16ad9754b6fc772b444c788d0bc42/element/ce19e22f-8429-4393-8c4f-a370fc532218/name'
11:08:43.445 [Forwarding getElementTagName on session f2a16ad9754b6fc772b444c788d0bc42 to remote] DEBUG org.asynchttpclient.netty.request.NettyRequestSender - Using open Channel [id: 0xb96f2cde, L:/127.0.0.1:60725 - R:localhost/127.0.0.1:49778] for GET '/session/f2a16ad9754b6fc772b444c788d0bc42/element/ce19e22f-8429-4393-8c4f-a370fc532218/name'
11:08:43.495 [AsyncHttpClient-1-3] DEBUG org.asynchttpclient.netty.handler.HttpHandler - 

Request DefaultFullHttpRequest(decodeResult: success, version: HTTP/1.1, content: EmptyByteBufBE)
GET /session/f2a16ad9754b6fc772b444c788d0bc42/element/ce19e22f-8429-4393-8c4f-a370fc532218/name HTTP/1.1
User-Agent: selenium/4.1.2 (java windows)
Cache-Control: no-cache
Content-Type: application/json; charset=utf-8
host: localhost:49778
accept: */*

Response DefaultHttpResponse(decodeResult: success, version: HTTP/1.1)
HTTP/1.1 200 OK
Content-Type: application/json; charset=utf-8
cache-control: no-cache
content-length: 18

11:08:43.495 [AsyncHttpClient-1-3] DEBUG org.asynchttpclient.netty.channel.ChannelManager - Adding key: http://localhost:49778 for channel [id: 0xb96f2cde, L:/127.0.0.1:60725 - R:localhost/127.0.0.1:49778]
11:08:43.500 [Forwarding isElementEnabled on session f2a16ad9754b6fc772b444c788d0bc42 to remote] DEBUG org.asynchttpclient.netty.request.NettyRequestSender - Using pooled Channel '[id: 0xb96f2cde, L:/127.0.0.1:60725 - R:localhost/127.0.0.1:49778]' for 'GET' to 'http://localhost:49778/session/f2a16ad9754b6fc772b444c788d0bc42/element/ce19e22f-8429-4393-8c4f-a370fc532218/enabled'
11:08:43.500 [Forwarding isElementEnabled on session f2a16ad9754b6fc772b444c788d0bc42 to remote] DEBUG org.asynchttpclient.netty.request.NettyRequestSender - Using open Channel [id: 0xb96f2cde, L:/127.0.0.1:60725 - R:localhost/127.0.0.1:49778] for GET '/session/f2a16ad9754b6fc772b444c788d0bc42/element/ce19e22f-8429-4393-8c4f-a370fc532218/enabled'
11:08:43.530 [AsyncHttpClient-1-3] DEBUG org.asynchttpclient.netty.handler.HttpHandler - 

Request DefaultFullHttpRequest(decodeResult: success, version: HTTP/1.1, content: EmptyByteBufBE)
GET /session/f2a16ad9754b6fc772b444c788d0bc42/element/ce19e22f-8429-4393-8c4f-a370fc532218/enabled HTTP/1.1
User-Agent: selenium/4.1.2 (java windows)
Cache-Control: no-cache
Content-Type: application/json; charset=utf-8
host: localhost:49778
accept: */*

Response DefaultHttpResponse(decodeResult: success, version: HTTP/1.1)
HTTP/1.1 200 OK
Content-Type: application/json; charset=utf-8
cache-control: no-cache
content-length: 14

11:08:43.530 [AsyncHttpClient-1-3] DEBUG org.asynchttpclient.netty.channel.ChannelManager - Adding key: http://localhost:49778 for channel [id: 0xb96f2cde, L:/127.0.0.1:60725 - R:localhost/127.0.0.1:49778]
11:08:43.532 [Forwarding isElementEnabled on session f2a16ad9754b6fc772b444c788d0bc42 to remote] DEBUG org.asynchttpclient.netty.request.NettyRequestSender - Using pooled Channel '[id: 0xb96f2cde, L:/127.0.0.1:60725 - R:localhost/127.0.0.1:49778]' for 'GET' to 'http://localhost:49778/session/f2a16ad9754b6fc772b444c788d0bc42/element/ce19e22f-8429-4393-8c4f-a370fc532218/enabled'
11:08:43.533 [Forwarding isElementEnabled on session f2a16ad9754b6fc772b444c788d0bc42 to remote] DEBUG org.asynchttpclient.netty.request.NettyRequestSender - Using open Channel [id: 0xb96f2cde, L:/127.0.0.1:60725 - R:localhost/127.0.0.1:49778] for GET '/session/f2a16ad9754b6fc772b444c788d0bc42/element/ce19e22f-8429-4393-8c4f-a370fc532218/enabled'
11:08:43.546 [AsyncHttpClient-1-3] DEBUG org.asynchttpclient.netty.handler.HttpHandler - 

Request DefaultFullHttpRequest(decodeResult: success, version: HTTP/1.1, content: EmptyByteBufBE)
GET /session/f2a16ad9754b6fc772b444c788d0bc42/element/ce19e22f-8429-4393-8c4f-a370fc532218/enabled HTTP/1.1
User-Agent: selenium/4.1.2 (java windows)
Cache-Control: no-cache
Content-Type: application/json; charset=utf-8
host: localhost:49778
accept: */*

Response DefaultHttpResponse(decodeResult: success, version: HTTP/1.1)
HTTP/1.1 200 OK
Content-Type: application/json; charset=utf-8
cache-control: no-cache
content-length: 14

11:08:43.546 [AsyncHttpClient-1-3] DEBUG org.asynchttpclient.netty.channel.ChannelManager - Adding key: http://localhost:49778 for channel [id: 0xb96f2cde, L:/127.0.0.1:60725 - R:localhost/127.0.0.1:49778]
11:08:43.550 [Forwarding findElement on session f2a16ad9754b6fc772b444c788d0bc42 to remote] DEBUG org.asynchttpclient.netty.request.NettyRequestSender - Using pooled Channel '[id: 0xb96f2cde, L:/127.0.0.1:60725 - R:localhost/127.0.0.1:49778]' for 'POST' to 'http://localhost:49778/session/f2a16ad9754b6fc772b444c788d0bc42/element'
11:08:43.550 [Forwarding findElement on session f2a16ad9754b6fc772b444c788d0bc42 to remote] DEBUG org.asynchttpclient.netty.request.NettyRequestSender - Using open Channel [id: 0xb96f2cde, L:/127.0.0.1:60725 - R:localhost/127.0.0.1:49778] for POST '/session/f2a16ad9754b6fc772b444c788d0bc42/element'
11:08:43.564 [AsyncHttpClient-1-3] DEBUG org.asynchttpclient.netty.handler.HttpHandler - 

Request DefaultHttpRequest(decodeResult: success, version: HTTP/1.1)
POST /session/f2a16ad9754b6fc772b444c788d0bc42/element HTTP/1.1
User-Agent: selenium/4.1.2 (java windows)
Content-Length: 149
Content-Type: application/json; charset=utf-8
host: localhost:49778
accept: */*

Response DefaultHttpResponse(decodeResult: success, version: HTTP/1.1)
HTTP/1.1 200 OK
Content-Type: application/json; charset=utf-8
cache-control: no-cache
content-length: 88

11:08:43.565 [AsyncHttpClient-1-3] DEBUG org.asynchttpclient.netty.channel.ChannelManager - Adding key: http://localhost:49778 for channel [id: 0xb96f2cde, L:/127.0.0.1:60725 - R:localhost/127.0.0.1:49778]
11:08:43.567 [Forwarding clickElement on session f2a16ad9754b6fc772b444c788d0bc42 to remote] DEBUG org.asynchttpclient.netty.request.NettyRequestSender - Using pooled Channel '[id: 0xb96f2cde, L:/127.0.0.1:60725 - R:localhost/127.0.0.1:49778]' for 'POST' to 'http://localhost:49778/session/f2a16ad9754b6fc772b444c788d0bc42/element/ce19e22f-8429-4393-8c4f-a370fc532218/click'
11:08:43.567 [Forwarding clickElement on session f2a16ad9754b6fc772b444c788d0bc42 to remote] DEBUG org.asynchttpclient.netty.request.NettyRequestSender - Using open Channel [id: 0xb96f2cde, L:/127.0.0.1:60725 - R:localhost/127.0.0.1:49778] for POST '/session/f2a16ad9754b6fc772b444c788d0bc42/element/ce19e22f-8429-4393-8c4f-a370fc532218/click'
11:08:43.684 [AsyncHttpClient-1-3] DEBUG org.asynchttpclient.netty.handler.HttpHandler - 

Request DefaultHttpRequest(decodeResult: success, version: HTTP/1.1)
POST /session/f2a16ad9754b6fc772b444c788d0bc42/element/ce19e22f-8429-4393-8c4f-a370fc532218/click HTTP/1.1
User-Agent: selenium/4.1.2 (java windows)
Content-Length: 50
Content-Type: application/json; charset=utf-8
host: localhost:49778
accept: */*

Response DefaultHttpResponse(decodeResult: success, version: HTTP/1.1)
HTTP/1.1 200 OK
Content-Type: application/json; charset=utf-8
cache-control: no-cache
content-length: 14

11:08:43.684 [AsyncHttpClient-1-3] DEBUG org.asynchttpclient.netty.channel.ChannelManager - Adding key: http://localhost:49778 for channel [id: 0xb96f2cde, L:/127.0.0.1:60725 - R:localhost/127.0.0.1:49778]
11:08:43.706 [Forwarding screenshot on session f2a16ad9754b6fc772b444c788d0bc42 to remote] DEBUG org.asynchttpclient.netty.request.NettyRequestSender - Using pooled Channel '[id: 0xb96f2cde, L:/127.0.0.1:60725 - R:localhost/127.0.0.1:49778]' for 'GET' to 'http://localhost:49778/session/f2a16ad9754b6fc772b444c788d0bc42/screenshot'
11:08:43.706 [Forwarding screenshot on session f2a16ad9754b6fc772b444c788d0bc42 to remote] DEBUG org.asynchttpclient.netty.request.NettyRequestSender - Using open Channel [id: 0xb96f2cde, L:/127.0.0.1:60725 - R:localhost/127.0.0.1:49778] for GET '/session/f2a16ad9754b6fc772b444c788d0bc42/screenshot'
11:08:43.926 [AsyncHttpClient-1-1] DEBUG org.asynchttpclient.netty.channel.DefaultChannelPool - Entry count for : http://localhost:60727 : 1
11:08:44.683 [AsyncHttpClient-1-3] DEBUG org.asynchttpclient.netty.handler.HttpHandler - 

Request DefaultFullHttpRequest(decodeResult: success, version: HTTP/1.1, content: EmptyByteBufBE)
GET /session/f2a16ad9754b6fc772b444c788d0bc42/screenshot HTTP/1.1
User-Agent: selenium/4.1.2 (java windows)
Cache-Control: no-cache
Content-Type: application/json; charset=utf-8
host: localhost:49778
accept: */*

Response DefaultHttpResponse(decodeResult: success, version: HTTP/1.1)
HTTP/1.1 200 OK
Content-Type: application/json; charset=utf-8
cache-control: no-cache
content-length: 363844

11:08:44.693 [AsyncHttpClient-1-3] DEBUG org.asynchttpclient.netty.channel.ChannelManager - Adding key: http://localhost:49778 for channel [id: 0xb96f2cde, L:/127.0.0.1:60725 - R:localhost/127.0.0.1:49778]
11:08:44.732 [main] DEBUG net.serenitybdd.core.photography.Darkroom - Send negative for processing for target\site\serenity\33674d6e25264bf40c1739fee2759c9fd67f8a82d3fc887412e532f17c4ada17.png
11:08:44.732 [main] DEBUG net.thucydides.core.steps.StepInterceptor - STEP DONE: clickButtonSave
  &amp#27;[32mAnd &amp#27;[0m&amp#27;[32mClick button simpan&amp#27;[0m                                          &amp#27;[90m# starter.stepdefinitios.PatientDataSteps.clickButtonSimpan()&amp#27;[0m
11:08:44.734 [Darkroom Processing Line] DEBUG net.serenitybdd.core.photography.DarkroomProcessingLine - Processing screenshot image in /var/screenshots/screenshot-10033049210460845543
11:08:44.734 [Darkroom Processing Line] DEBUG net.serenitybdd.core.photography.DarkroomProcessingLine - Saving screenshot to target\site\serenity\33674d6e25264bf40c1739fee2759c9fd67f8a82d3fc887412e532f17c4ada17.png
11:08:44.873 [Forwarding screenshot on session f2a16ad9754b6fc772b444c788d0bc42 to remote] DEBUG org.asynchttpclient.netty.request.NettyRequestSender - Using pooled Channel '[id: 0xb96f2cde, L:/127.0.0.1:60725 - R:localhost/127.0.0.1:49778]' for 'GET' to 'http://localhost:49778/session/f2a16ad9754b6fc772b444c788d0bc42/screenshot'
11:08:44.873 [Forwarding screenshot on session f2a16ad9754b6fc772b444c788d0bc42 to remote] DEBUG org.asynchttpclient.netty.request.NettyRequestSender - Using open Channel [id: 0xb96f2cde, L:/127.0.0.1:60725 - R:localhost/127.0.0.1:49778] for GET '/session/f2a16ad9754b6fc772b444c788d0bc42/screenshot'
11:08:44.956 [AsyncHttpClient-1-3] DEBUG org.asynchttpclient.netty.handler.HttpHandler - 

Request DefaultFullHttpRequest(decodeResult: success, version: HTTP/1.1, content: EmptyByteBufBE)
GET /session/f2a16ad9754b6fc772b444c788d0bc42/screenshot HTTP/1.1
User-Agent: selenium/4.1.2 (java windows)
Cache-Control: no-cache
Content-Type: application/json; charset=utf-8
host: localhost:49778
accept: */*

Response DefaultHttpResponse(decodeResult: success, version: HTTP/1.1)
HTTP/1.1 500 Internal Server Error
Content-Type: application/json; charset=utf-8
cache-control: no-cache
content-length: 917

11:08:44.956 [AsyncHttpClient-1-3] DEBUG org.asynchttpclient.netty.channel.ChannelManager - Adding key: http://localhost:49778 for channel [id: 0xb96f2cde, L:/127.0.0.1:60725 - R:localhost/127.0.0.1:49778]
11:08:44.958 [main] WARN net.thucydides.core.webdriver.WebDriverFacade - Failed to take screenshot (unexpected alert open: {Alert text : data telah diubah}
  (Session info: chrome=102.0.5005.115): data telah diubah
Build info: version: '4.1.2', revision: '9a5a329c5a'
System info: host: 'MOOK-HON', ip: '192.168.100.6', os.name: 'Windows 10', os.arch: 'amd64', os.version: '10.0', java.version: '11.0.14'
Driver info: org.openqa.selenium.chrome.ChromeDriver
Command: [f2a16ad9754b6fc772b444c788d0bc42, screenshot {}]
Capabilities {acceptInsecureCerts: false, browserName: chrome, browserVersion: 102.0.5005.115, chrome: {chromedriverVersion: 102.0.5005.61 (0e59bcc00cc4..., userDataDir: C:\Users\ASUS\AppData\Local...}, goog:chromeOptions: {debuggerAddress: localhost:60727}, javascriptEnabled: true, networkConnectionEnabled: false, pageLoadStrategy: normal, platform: WINDOWS, platformName: WINDOWS, proxy: Proxy(), se:cdp: ws://localhost:60727/devtoo..., se:cdpVersion: 102.0.5005.115, setWindowRect: true, strictFileInteractability: false, timeouts: {implicit: 0, pageLoad: 300000, script: 30000}, unhandledPromptBehavior: dismiss and notify, webauthn:extension:credBlob: true, webauthn:extension:largeBlob: true, webauthn:virtualAuthenticators: true}
Session ID: f2a16ad9754b6fc772b444c788d0bc42)
11:08:44.971 [Forwarding screenshot on session f2a16ad9754b6fc772b444c788d0bc42 to remote] DEBUG org.asynchttpclient.netty.request.NettyRequestSender - Using pooled Channel '[id: 0xb96f2cde, L:/127.0.0.1:60725 - R:localhost/127.0.0.1:49778]' for 'GET' to 'http://localhost:49778/session/f2a16ad9754b6fc772b444c788d0bc42/screenshot'
11:08:44.972 [Forwarding screenshot on session f2a16ad9754b6fc772b444c788d0bc42 to remote] DEBUG org.asynchttpclient.netty.request.NettyRequestSender - Using open Channel [id: 0xb96f2cde, L:/127.0.0.1:60725 - R:localhost/127.0.0.1:49778] for GET '/session/f2a16ad9754b6fc772b444c788d0bc42/screenshot'
11:08:45.029 [AsyncHttpClient-1-1] DEBUG org.asynchttpclient.netty.channel.DefaultChannelPool - Entry count for : http://localhost:60727 : 1
11:08:45.392 [AsyncHttpClient-1-3] DEBUG org.asynchttpclient.netty.handler.HttpHandler - 

Request DefaultFullHttpRequest(decodeResult: success, version: HTTP/1.1, content: EmptyByteBufBE)
GET /session/f2a16ad9754b6fc772b444c788d0bc42/screenshot HTTP/1.1
User-Agent: selenium/4.1.2 (java windows)
Cache-Control: no-cache
Content-Type: application/json; charset=utf-8
host: localhost:49778
accept: */*

Response DefaultHttpResponse(decodeResult: success, version: HTTP/1.1)
HTTP/1.1 200 OK
Content-Type: application/json; charset=utf-8
cache-control: no-cache
content-length: 363352

11:08:45.395 [AsyncHttpClient-1-3] DEBUG org.asynchttpclient.netty.channel.ChannelManager - Adding key: http://localhost:49778 for channel [id: 0xb96f2cde, L:/127.0.0.1:60725 - R:localhost/127.0.0.1:49778]
11:08:45.424 [main] DEBUG net.serenitybdd.core.photography.Darkroom - Send negative for processing for target\site\serenity\dcceaf39841a5774274d5eb9a64525b41cd93d8a42b67532fad468c9fed7c9b3.png
11:08:45.946 [Forwarding screenshot on session f2a16ad9754b6fc772b444c788d0bc42 to remote] DEBUG org.asynchttpclient.netty.request.NettyRequestSender - Using pooled Channel '[id: 0xb96f2cde, L:/127.0.0.1:60725 - R:localhost/127.0.0.1:49778]' for 'GET' to 'http://localhost:49778/session/f2a16ad9754b6fc772b444c788d0bc42/screenshot'
11:08:45.946 [Forwarding screenshot on session f2a16ad9754b6fc772b444c788d0bc42 to remote] DEBUG org.asynchttpclient.netty.request.NettyRequestSender - Using open Channel [id: 0xb96f2cde, L:/127.0.0.1:60725 - R:localhost/127.0.0.1:49778] for GET '/session/f2a16ad9754b6fc772b444c788d0bc42/screenshot'
11:08:46.114 [AsyncHttpClient-1-1] DEBUG org.asynchttpclient.netty.channel.DefaultChannelPool - Entry count for : http://localhost:60727 : 1
11:08:46.260 [AsyncHttpClient-1-3] DEBUG org.asynchttpclient.netty.handler.HttpHandler - 

Request DefaultFullHttpRequest(decodeResult: success, version: HTTP/1.1, content: EmptyByteBufBE)
GET /session/f2a16ad9754b6fc772b444c788d0bc42/screenshot HTTP/1.1
User-Agent: selenium/4.1.2 (java windows)
Cache-Control: no-cache
Content-Type: application/json; charset=utf-8
host: localhost:49778
accept: */*

Response DefaultHttpResponse(decodeResult: success, version: HTTP/1.1)
HTTP/1.1 200 OK
Content-Type: application/json; charset=utf-8
cache-control: no-cache
content-length: 363352

11:08:46.262 [AsyncHttpClient-1-3] DEBUG org.asynchttpclient.netty.channel.ChannelManager - Adding key: http://localhost:49778 for channel [id: 0xb96f2cde, L:/127.0.0.1:60725 - R:localhost/127.0.0.1:49778]
11:08:46.287 [main] DEBUG net.serenitybdd.core.photography.Darkroom - Send negative for processing for target\site\serenity\dcceaf39841a5774274d5eb9a64525b41cd93d8a42b67532fad468c9fed7c9b3.png
11:08:46.288 [main] DEBUG net.thucydides.core.steps.StepInterceptor - STARTING STEP: PatientDataSteps.validEditData - clickButtonBack
11:08:46.296 [Forwarding findElement on session f2a16ad9754b6fc772b444c788d0bc42 to remote] DEBUG org.asynchttpclient.netty.request.NettyRequestSender - Using pooled Channel '[id: 0xb96f2cde, L:/127.0.0.1:60725 - R:localhost/127.0.0.1:49778]' for 'POST' to 'http://localhost:49778/session/f2a16ad9754b6fc772b444c788d0bc42/element'
11:08:46.296 [Forwarding findElement on session f2a16ad9754b6fc772b444c788d0bc42 to remote] DEBUG org.asynchttpclient.netty.request.NettyRequestSender - Using open Channel [id: 0xb96f2cde, L:/127.0.0.1:60725 - R:localhost/127.0.0.1:49778] for POST '/session/f2a16ad9754b6fc772b444c788d0bc42/element'
11:08:46.326 [AsyncHttpClient-1-3] DEBUG org.asynchttpclient.netty.handler.HttpHandler - 

Request DefaultHttpRequest(decodeResult: success, version: HTTP/1.1)
POST /session/f2a16ad9754b6fc772b444c788d0bc42/element HTTP/1.1
User-Agent: selenium/4.1.2 (java windows)
Content-Length: 137
Content-Type: application/json; charset=utf-8
host: localhost:49778
accept: */*

Response DefaultHttpResponse(decodeResult: success, version: HTTP/1.1)
HTTP/1.1 200 OK
Content-Type: application/json; charset=utf-8
cache-control: no-cache
content-length: 88

11:08:46.326 [AsyncHttpClient-1-3] DEBUG org.asynchttpclient.netty.channel.ChannelManager - Adding key: http://localhost:49778 for channel [id: 0xb96f2cde, L:/127.0.0.1:60725 - R:localhost/127.0.0.1:49778]
11:08:46.328 [Forwarding getElementTagName on session f2a16ad9754b6fc772b444c788d0bc42 to remote] DEBUG org.asynchttpclient.netty.request.NettyRequestSender - Using pooled Channel '[id: 0xb96f2cde, L:/127.0.0.1:60725 - R:localhost/127.0.0.1:49778]' for 'GET' to 'http://localhost:49778/session/f2a16ad9754b6fc772b444c788d0bc42/element/85606a47-17ee-45e2-b06f-c6db2732df07/name'
11:08:46.329 [Forwarding getElementTagName on session f2a16ad9754b6fc772b444c788d0bc42 to remote] DEBUG org.asynchttpclient.netty.request.NettyRequestSender - Using open Channel [id: 0xb96f2cde, L:/127.0.0.1:60725 - R:localhost/127.0.0.1:49778] for GET '/session/f2a16ad9754b6fc772b444c788d0bc42/element/85606a47-17ee-45e2-b06f-c6db2732df07/name'
11:08:46.347 [AsyncHttpClient-1-3] DEBUG org.asynchttpclient.netty.handler.HttpHandler - 

Request DefaultFullHttpRequest(decodeResult: success, version: HTTP/1.1, content: EmptyByteBufBE)
GET /session/f2a16ad9754b6fc772b444c788d0bc42/element/85606a47-17ee-45e2-b06f-c6db2732df07/name HTTP/1.1
User-Agent: selenium/4.1.2 (java windows)
Cache-Control: no-cache
Content-Type: application/json; charset=utf-8
host: localhost:49778
accept: */*

Response DefaultHttpResponse(decodeResult: success, version: HTTP/1.1)
HTTP/1.1 200 OK
Content-Type: application/json; charset=utf-8
cache-control: no-cache
content-length: 18

11:08:46.347 [AsyncHttpClient-1-3] DEBUG org.asynchttpclient.netty.channel.ChannelManager - Adding key: http://localhost:49778 for channel [id: 0xb96f2cde, L:/127.0.0.1:60725 - R:localhost/127.0.0.1:49778]
11:08:46.349 [Forwarding getElementTagName on session f2a16ad9754b6fc772b444c788d0bc42 to remote] DEBUG org.asynchttpclient.netty.request.NettyRequestSender - Using pooled Channel '[id: 0xb96f2cde, L:/127.0.0.1:60725 - R:localhost/127.0.0.1:49778]' for 'GET' to 'http://localhost:49778/session/f2a16ad9754b6fc772b444c788d0bc42/element/85606a47-17ee-45e2-b06f-c6db2732df07/name'
11:08:46.350 [Forwarding getElementTagName on session f2a16ad9754b6fc772b444c788d0bc42 to remote] DEBUG org.asynchttpclient.netty.request.NettyRequestSender - Using open Channel [id: 0xb96f2cde, L:/127.0.0.1:60725 - R:localhost/127.0.0.1:49778] for GET '/session/f2a16ad9754b6fc772b444c788d0bc42/element/85606a47-17ee-45e2-b06f-c6db2732df07/name'
11:08:46.361 [AsyncHttpClient-1-3] DEBUG org.asynchttpclient.netty.handler.HttpHandler - 

Request DefaultFullHttpRequest(decodeResult: success, version: HTTP/1.1, content: EmptyByteBufBE)
GET /session/f2a16ad9754b6fc772b444c788d0bc42/element/85606a47-17ee-45e2-b06f-c6db2732df07/name HTTP/1.1
User-Agent: selenium/4.1.2 (java windows)
Cache-Control: no-cache
Content-Type: application/json; charset=utf-8
host: localhost:49778
accept: */*

Response DefaultHttpResponse(decodeResult: success, version: HTTP/1.1)
HTTP/1.1 200 OK
Content-Type: application/json; charset=utf-8
cache-control: no-cache
content-length: 18

11:08:46.361 [AsyncHttpClient-1-3] DEBUG org.asynchttpclient.netty.channel.ChannelManager - Adding key: http://localhost:49778 for channel [id: 0xb96f2cde, L:/127.0.0.1:60725 - R:localhost/127.0.0.1:49778]
11:08:46.365 [Forwarding isElementEnabled on session f2a16ad9754b6fc772b444c788d0bc42 to remote] DEBUG org.asynchttpclient.netty.request.NettyRequestSender - Using pooled Channel '[id: 0xb96f2cde, L:/127.0.0.1:60725 - R:localhost/127.0.0.1:49778]' for 'GET' to 'http://localhost:49778/session/f2a16ad9754b6fc772b444c788d0bc42/element/85606a47-17ee-45e2-b06f-c6db2732df07/enabled'
11:08:46.365 [Forwarding isElementEnabled on session f2a16ad9754b6fc772b444c788d0bc42 to remote] DEBUG org.asynchttpclient.netty.request.NettyRequestSender - Using open Channel [id: 0xb96f2cde, L:/127.0.0.1:60725 - R:localhost/127.0.0.1:49778] for GET '/session/f2a16ad9754b6fc772b444c788d0bc42/element/85606a47-17ee-45e2-b06f-c6db2732df07/enabled'
11:08:46.384 [AsyncHttpClient-1-3] DEBUG org.asynchttpclient.netty.handler.HttpHandler - 

Request DefaultFullHttpRequest(decodeResult: success, version: HTTP/1.1, content: EmptyByteBufBE)
GET /session/f2a16ad9754b6fc772b444c788d0bc42/element/85606a47-17ee-45e2-b06f-c6db2732df07/enabled HTTP/1.1
User-Agent: selenium/4.1.2 (java windows)
Cache-Control: no-cache
Content-Type: application/json; charset=utf-8
host: localhost:49778
accept: */*

Response DefaultHttpResponse(decodeResult: success, version: HTTP/1.1)
HTTP/1.1 200 OK
Content-Type: application/json; charset=utf-8
cache-control: no-cache
content-length: 14

11:08:46.384 [AsyncHttpClient-1-3] DEBUG org.asynchttpclient.netty.channel.ChannelManager - Adding key: http://localhost:49778 for channel [id: 0xb96f2cde, L:/127.0.0.1:60725 - R:localhost/127.0.0.1:49778]
11:08:46.387 [Forwarding isElementEnabled on session f2a16ad9754b6fc772b444c788d0bc42 to remote] DEBUG org.asynchttpclient.netty.request.NettyRequestSender - Using pooled Channel '[id: 0xb96f2cde, L:/127.0.0.1:60725 - R:localhost/127.0.0.1:49778]' for 'GET' to 'http://localhost:49778/session/f2a16ad9754b6fc772b444c788d0bc42/element/85606a47-17ee-45e2-b06f-c6db2732df07/enabled'
11:08:46.387 [Forwarding isElementEnabled on session f2a16ad9754b6fc772b444c788d0bc42 to remote] DEBUG org.asynchttpclient.netty.request.NettyRequestSender - Using open Channel [id: 0xb96f2cde, L:/127.0.0.1:60725 - R:localhost/127.0.0.1:49778] for GET '/session/f2a16ad9754b6fc772b444c788d0bc42/element/85606a47-17ee-45e2-b06f-c6db2732df07/enabled'
11:08:46.399 [AsyncHttpClient-1-3] DEBUG org.asynchttpclient.netty.handler.HttpHandler - 

Request DefaultFullHttpRequest(decodeResult: success, version: HTTP/1.1, content: EmptyByteBufBE)
GET /session/f2a16ad9754b6fc772b444c788d0bc42/element/85606a47-17ee-45e2-b06f-c6db2732df07/enabled HTTP/1.1
User-Agent: selenium/4.1.2 (java windows)
Cache-Control: no-cache
Content-Type: application/json; charset=utf-8
host: localhost:49778
accept: */*

Response DefaultHttpResponse(decodeResult: success, version: HTTP/1.1)
HTTP/1.1 200 OK
Content-Type: application/json; charset=utf-8
cache-control: no-cache
content-length: 14

11:08:46.399 [AsyncHttpClient-1-3] DEBUG org.asynchttpclient.netty.channel.ChannelManager - Adding key: http://localhost:49778 for channel [id: 0xb96f2cde, L:/127.0.0.1:60725 - R:localhost/127.0.0.1:49778]
11:08:46.425 [Forwarding findElement on session f2a16ad9754b6fc772b444c788d0bc42 to remote] DEBUG org.asynchttpclient.netty.request.NettyRequestSender - Using pooled Channel '[id: 0xb96f2cde, L:/127.0.0.1:60725 - R:localhost/127.0.0.1:49778]' for 'POST' to 'http://localhost:49778/session/f2a16ad9754b6fc772b444c788d0bc42/element'
11:08:46.425 [Forwarding findElement on session f2a16ad9754b6fc772b444c788d0bc42 to remote] DEBUG org.asynchttpclient.netty.request.NettyRequestSender - Using open Channel [id: 0xb96f2cde, L:/127.0.0.1:60725 - R:localhost/127.0.0.1:49778] for POST '/session/f2a16ad9754b6fc772b444c788d0bc42/element'
11:08:46.462 [AsyncHttpClient-1-3] DEBUG org.asynchttpclient.netty.handler.HttpHandler - 

Request DefaultHttpRequest(decodeResult: success, version: HTTP/1.1)
POST /session/f2a16ad9754b6fc772b444c788d0bc42/element HTTP/1.1
User-Agent: selenium/4.1.2 (java windows)
Content-Length: 137
Content-Type: application/json; charset=utf-8
host: localhost:49778
accept: */*

Response DefaultHttpResponse(decodeResult: success, version: HTTP/1.1)
HTTP/1.1 200 OK
Content-Type: application/json; charset=utf-8
cache-control: no-cache
content-length: 88

11:08:46.462 [AsyncHttpClient-1-3] DEBUG org.asynchttpclient.netty.channel.ChannelManager - Adding key: http://localhost:49778 for channel [id: 0xb96f2cde, L:/127.0.0.1:60725 - R:localhost/127.0.0.1:49778]
11:08:46.482 [Forwarding clickElement on session f2a16ad9754b6fc772b444c788d0bc42 to remote] DEBUG org.asynchttpclient.netty.request.NettyRequestSender - Using pooled Channel '[id: 0xb96f2cde, L:/127.0.0.1:60725 - R:localhost/127.0.0.1:49778]' for 'POST' to 'http://localhost:49778/session/f2a16ad9754b6fc772b444c788d0bc42/element/85606a47-17ee-45e2-b06f-c6db2732df07/click'
11:08:46.482 [Forwarding clickElement on session f2a16ad9754b6fc772b444c788d0bc42 to remote] DEBUG org.asynchttpclient.netty.request.NettyRequestSender - Using open Channel [id: 0xb96f2cde, L:/127.0.0.1:60725 - R:localhost/127.0.0.1:49778] for POST '/session/f2a16ad9754b6fc772b444c788d0bc42/element/85606a47-17ee-45e2-b06f-c6db2732df07/click'
11:08:46.660 [AsyncHttpClient-1-3] DEBUG org.asynchttpclient.netty.handler.HttpHandler - 

Request DefaultHttpRequest(decodeResult: success, version: HTTP/1.1)
POST /session/f2a16ad9754b6fc772b444c788d0bc42/element/85606a47-17ee-45e2-b06f-c6db2732df07/click HTTP/1.1
User-Agent: selenium/4.1.2 (java windows)
Content-Length: 50
Content-Type: application/json; charset=utf-8
host: localhost:49778
accept: */*

Response DefaultHttpResponse(decodeResult: success, version: HTTP/1.1)
HTTP/1.1 200 OK
Content-Type: application/json; charset=utf-8
cache-control: no-cache
content-length: 14

11:08:46.660 [AsyncHttpClient-1-3] DEBUG org.asynchttpclient.netty.channel.ChannelManager - Adding key: http://localhost:49778 for channel [id: 0xb96f2cde, L:/127.0.0.1:60725 - R:localhost/127.0.0.1:49778]
11:08:46.695 [Forwarding screenshot on session f2a16ad9754b6fc772b444c788d0bc42 to remote] DEBUG org.asynchttpclient.netty.request.NettyRequestSender - Using pooled Channel '[id: 0xb96f2cde, L:/127.0.0.1:60725 - R:localhost/127.0.0.1:49778]' for 'GET' to 'http://localhost:49778/session/f2a16ad9754b6fc772b444c788d0bc42/screenshot'
11:08:46.696 [Forwarding screenshot on session f2a16ad9754b6fc772b444c788d0bc42 to remote] DEBUG org.asynchttpclient.netty.request.NettyRequestSender - Using open Channel [id: 0xb96f2cde, L:/127.0.0.1:60725 - R:localhost/127.0.0.1:49778] for GET '/session/f2a16ad9754b6fc772b444c788d0bc42/screenshot'
11:08:47.137 [AsyncHttpClient-1-3] DEBUG org.asynchttpclient.netty.handler.HttpHandler - 

Request DefaultFullHttpRequest(decodeResult: success, version: HTTP/1.1, content: EmptyByteBufBE)
GET /session/f2a16ad9754b6fc772b444c788d0bc42/screenshot HTTP/1.1
User-Agent: selenium/4.1.2 (java windows)
Cache-Control: no-cache
Content-Type: application/json; charset=utf-8
host: localhost:49778
accept: */*

Response DefaultHttpResponse(decodeResult: success, version: HTTP/1.1)
HTTP/1.1 200 OK
Content-Type: application/json; charset=utf-8
cache-control: no-cache
content-length: 348704

11:08:47.142 [AsyncHttpClient-1-3] DEBUG org.asynchttpclient.netty.channel.ChannelManager - Adding key: http://localhost:49778 for channel [id: 0xb96f2cde, L:/127.0.0.1:60725 - R:localhost/127.0.0.1:49778]
11:08:47.165 [main] DEBUG net.serenitybdd.core.photography.Darkroom - Send negative for processing for target\site\serenity\257ba893b5ad405218810435bf16a4906b378268b14bde87a8f9e86a86a34518.png
11:08:47.166 [main] DEBUG net.thucydides.core.steps.StepInterceptor - STEP DONE: clickButtonBack
11:08:47.184 [main] DEBUG net.thucydides.core.steps.StepInterceptor - STARTING STEP: PatientDataSteps.validEditData - checkValidDataPasien
11:08:47.197 [Forwarding findElement on session f2a16ad9754b6fc772b444c788d0bc42 to remote] DEBUG org.asynchttpclient.netty.request.NettyRequestSender - Using pooled Channel '[id: 0xb96f2cde, L:/127.0.0.1:60725 - R:localhost/127.0.0.1:49778]' for 'POST' to 'http://localhost:49778/session/f2a16ad9754b6fc772b444c788d0bc42/element'
11:08:47.197 [Forwarding findElement on session f2a16ad9754b6fc772b444c788d0bc42 to remote] DEBUG org.asynchttpclient.netty.request.NettyRequestSender - Using open Channel [id: 0xb96f2cde, L:/127.0.0.1:60725 - R:localhost/127.0.0.1:49778] for POST '/session/f2a16ad9754b6fc772b444c788d0bc42/element'
11:08:47.215 [AsyncHttpClient-1-1] DEBUG org.asynchttpclient.netty.channel.DefaultChannelPool - Entry count for : http://localhost:60727 : 1
11:08:47.216 [AsyncHttpClient-1-3] DEBUG org.asynchttpclient.netty.handler.HttpHandler - 

Request DefaultHttpRequest(decodeResult: success, version: HTTP/1.1)
POST /session/f2a16ad9754b6fc772b444c788d0bc42/element HTTP/1.1
User-Agent: selenium/4.1.2 (java windows)
Content-Length: 95
Content-Type: application/json; charset=utf-8
host: localhost:49778
accept: */*

Response DefaultHttpResponse(decodeResult: success, version: HTTP/1.1)
HTTP/1.1 200 OK
Content-Type: application/json; charset=utf-8
cache-control: no-cache
content-length: 88

11:08:47.216 [AsyncHttpClient-1-3] DEBUG org.asynchttpclient.netty.channel.ChannelManager - Adding key: http://localhost:49778 for channel [id: 0xb96f2cde, L:/127.0.0.1:60725 - R:localhost/127.0.0.1:49778]
11:08:47.218 [Forwarding isElementEnabled on session f2a16ad9754b6fc772b444c788d0bc42 to remote] DEBUG org.asynchttpclient.netty.request.NettyRequestSender - Using pooled Channel '[id: 0xb96f2cde, L:/127.0.0.1:60725 - R:localhost/127.0.0.1:49778]' for 'GET' to 'http://localhost:49778/session/f2a16ad9754b6fc772b444c788d0bc42/element/916f4f00-a44a-40f7-842d-279058c3a5c5/enabled'
11:08:47.218 [Forwarding isElementEnabled on session f2a16ad9754b6fc772b444c788d0bc42 to remote] DEBUG org.asynchttpclient.netty.request.NettyRequestSender - Using open Channel [id: 0xb96f2cde, L:/127.0.0.1:60725 - R:localhost/127.0.0.1:49778] for GET '/session/f2a16ad9754b6fc772b444c788d0bc42/element/916f4f00-a44a-40f7-842d-279058c3a5c5/enabled'
11:08:47.238 [AsyncHttpClient-1-3] DEBUG org.asynchttpclient.netty.handler.HttpHandler - 

Request DefaultFullHttpRequest(decodeResult: success, version: HTTP/1.1, content: EmptyByteBufBE)
GET /session/f2a16ad9754b6fc772b444c788d0bc42/element/916f4f00-a44a-40f7-842d-279058c3a5c5/enabled HTTP/1.1
User-Agent: selenium/4.1.2 (java windows)
Cache-Control: no-cache
Content-Type: application/json; charset=utf-8
host: localhost:49778
accept: */*

Response DefaultHttpResponse(decodeResult: success, version: HTTP/1.1)
HTTP/1.1 200 OK
Content-Type: application/json; charset=utf-8
cache-control: no-cache
content-length: 14

11:08:47.238 [AsyncHttpClient-1-3] DEBUG org.asynchttpclient.netty.channel.ChannelManager - Adding key: http://localhost:49778 for channel [id: 0xb96f2cde, L:/127.0.0.1:60725 - R:localhost/127.0.0.1:49778]
11:08:47.249 [Forwarding screenshot on session f2a16ad9754b6fc772b444c788d0bc42 to remote] DEBUG org.asynchttpclient.netty.request.NettyRequestSender - Using pooled Channel '[id: 0xb96f2cde, L:/127.0.0.1:60725 - R:localhost/127.0.0.1:49778]' for 'GET' to 'http://localhost:49778/session/f2a16ad9754b6fc772b444c788d0bc42/screenshot'
11:08:47.249 [Forwarding screenshot on session f2a16ad9754b6fc772b444c788d0bc42 to remote] DEBUG org.asynchttpclient.netty.request.NettyRequestSender - Using open Channel [id: 0xb96f2cde, L:/127.0.0.1:60725 - R:localhost/127.0.0.1:49778] for GET '/session/f2a16ad9754b6fc772b444c788d0bc42/screenshot'
11:08:47.580 [AsyncHttpClient-1-3] DEBUG org.asynchttpclient.netty.handler.HttpHandler - 

Request DefaultFullHttpRequest(decodeResult: success, version: HTTP/1.1, content: EmptyByteBufBE)
GET /session/f2a16ad9754b6fc772b444c788d0bc42/screenshot HTTP/1.1
User-Agent: selenium/4.1.2 (java windows)
Cache-Control: no-cache
Content-Type: application/json; charset=utf-8
host: localhost:49778
accept: */*

Response DefaultHttpResponse(decodeResult: success, version: HTTP/1.1)
HTTP/1.1 200 OK
Content-Type: application/json; charset=utf-8
cache-control: no-cache
content-length: 362208

11:08:47.583 [AsyncHttpClient-1-3] DEBUG org.asynchttpclient.netty.channel.ChannelManager - Adding key: http://localhost:49778 for channel [id: 0xb96f2cde, L:/127.0.0.1:60725 - R:localhost/127.0.0.1:49778]
11:08:47.610 [main] DEBUG net.serenitybdd.core.photography.Darkroom - Send negative for processing for target\site\serenity\0ec88d6903c76b7409352f515e4e4aa947b56ac6ac5d06c9d3e98005943e8ce9.png
11:08:47.610 [main] DEBUG net.thucydides.core.steps.StepInterceptor - STEP DONE: checkValidDataPasien
  &amp#27;[32mAnd &amp#27;[0m&amp#27;[32mValid edit data&amp#27;[0m                                              &amp#27;[90m# starter.stepdefinitios.PatientDataSteps.validEditData()&amp#27;[0m
11:08:47.652 [AsyncHttpClient-1-5] DEBUG org.asynchttpclient.netty.handler.WebSocketHandler - Channel Closed: [id: 0xc0456960, L:/127.0.0.1:60736 ! R:localhost/127.0.0.1:60727] with attribute NettyResponseFuture{currentRetry=5,
	isDone=1,
	isCancelled=0,
	asyncHandler=org.asynchttpclient.ws.WebSocketUpgradeHandler@11f75d4d,
	nettyRequest=org.asynchttpclient.netty.request.NettyRequest@64dbee5a,
	future=java.util.concurrent.CompletableFuture@38d630a[Completed normally],
	uri=ws://localhost:60727/devtools/browser/063d34e0-e428-44ec-9022-ef767e1f3452,
	keepAlive=true,
	redirectCount=0,
	timeoutsHolder=null,
	inAuth=0,
	touch=1655525313047}
11:08:47.652 [AsyncHttpClient-1-5] DEBUG org.asynchttpclient.netty.channel.ChannelManager - Closing Channel [id: 0xc0456960, L:/127.0.0.1:60736 ! R:localhost/127.0.0.1:60727] 
11:08:47.659 [Driver Command Executor] DEBUG org.asynchttpclient.netty.request.NettyRequestSender - Using pooled Channel '[id: 0xb96f2cde, L:/127.0.0.1:60725 - R:localhost/127.0.0.1:49778]' for 'DELETE' to 'http://localhost:49778/session/f2a16ad9754b6fc772b444c788d0bc42'
11:08:47.659 [Driver Command Executor] DEBUG org.asynchttpclient.netty.request.NettyRequestSender - Using open Channel [id: 0xb96f2cde, L:/127.0.0.1:60725 - R:localhost/127.0.0.1:49778] for DELETE '/session/f2a16ad9754b6fc772b444c788d0bc42'
11:08:48.210 [AsyncHttpClient-1-4] DEBUG org.asynchttpclient.netty.handler.HttpHandler - Unexpected I/O exception on channel [id: 0x5a5db4e0, L:/127.0.0.1:60735 - R:localhost/127.0.0.1:60727]
java.io.IOException: An existing connection was forcibly closed by the remote host
	at java.base/sun.nio.ch.SocketDispatcher.read0(Native Method)
	at java.base/sun.nio.ch.SocketDispatcher.read(SocketDispatcher.java:43)
	at java.base/sun.nio.ch.IOUtil.readIntoNativeBuffer(IOUtil.java:276)
	at java.base/sun.nio.ch.IOUtil.read(IOUtil.java:233)
	at java.base/sun.nio.ch.IOUtil.read(IOUtil.java:223)
	at java.base/sun.nio.ch.SocketChannelImpl.read(SocketChannelImpl.java:358)
	at io.netty.buffer.PooledByteBuf.setBytes(PooledByteBuf.java:258)
	at io.netty.buffer.AbstractByteBuf.writeBytes(AbstractByteBuf.java:1132)
	at io.netty.channel.socket.nio.NioSocketChannel.doReadBytes(NioSocketChannel.java:350)
	at io.netty.channel.nio.AbstractNioByteChannel$NioByteUnsafe.read(AbstractNioByteChannel.java:151)
	at io.netty.channel.nio.NioEventLoop.processSelectedKey(NioEventLoop.java:722)
	at io.netty.channel.nio.NioEventLoop.processSelectedKeysOptimized(NioEventLoop.java:658)
	at io.netty.channel.nio.NioEventLoop.processSelectedKeys(NioEventLoop.java:584)
	at io.netty.channel.nio.NioEventLoop.run(NioEventLoop.java:496)
	at io.netty.util.concurrent.SingleThreadEventExecutor$4.run(SingleThreadEventExecutor.java:986)
	at io.netty.util.internal.ThreadExecutorMap$2.run(ThreadExecutorMap.java:74)
	at io.netty.util.concurrent.FastThreadLocalRunnable.run(FastThreadLocalRunnable.java:30)
	at java.base/java.lang.Thread.run(Thread.java:834)
11:08:48.211 [AsyncHttpClient-1-4] DEBUG org.asynchttpclient.netty.channel.ChannelManager - Closing Channel [id: 0x5a5db4e0, L:/127.0.0.1:60735 - R:localhost/127.0.0.1:60727] 
11:08:48.211 [AsyncHttpClient-1-4] DEBUG org.asynchttpclient.netty.handler.HttpHandler - Channel Closed: [id: 0x5a5db4e0, L:/127.0.0.1:60735 ! R:localhost/127.0.0.1:60727] with attribute DISCARD
11:08:48.311 [AsyncHttpClient-1-3] DEBUG org.asynchttpclient.netty.handler.HttpHandler - 

Request DefaultFullHttpRequest(decodeResult: success, version: HTTP/1.1, content: EmptyByteBufBE)
DELETE /session/f2a16ad9754b6fc772b444c788d0bc42 HTTP/1.1
User-Agent: selenium/4.1.2 (java windows)
Content-Type: application/json; charset=utf-8
host: localhost:49778
accept: */*

Response DefaultHttpResponse(decodeResult: success, version: HTTP/1.1)
HTTP/1.1 200 OK
Content-Type: application/json; charset=utf-8
cache-control: no-cache
content-length: 14

11:08:48.312 [AsyncHttpClient-1-3] DEBUG org.asynchttpclient.netty.channel.ChannelManager - Adding key: http://localhost:49778 for channel [id: 0xb96f2cde, L:/127.0.0.1:60725 - R:localhost/127.0.0.1:49778]
11:08:48.314 [AsyncHttpClient-1-1] DEBUG org.asynchttpclient.netty.channel.DefaultChannelPool - Entry count for : http://localhost:49778 : 1
11:08:48.314 [AsyncHttpClient-1-1] DEBUG org.asynchttpclient.netty.channel.DefaultChannelPool - Entry count for : http://localhost:60727 : 1
11:08:48.314 [AsyncHttpClient-1-1] DEBUG org.asynchttpclient.netty.channel.DefaultChannelPool - Adding Candidate expired Channel [id: 0x5a5db4e0, L:/127.0.0.1:60735 ! R:localhost/127.0.0.1:60727] isIdleTimeoutExpired=false isRemotelyClosed=true isTtlExpired=false
11:08:48.314 [AsyncHttpClient-1-1] DEBUG org.asynchttpclient.netty.channel.DefaultChannelPool - Closing Idle Channel [id: 0x5a5db4e0, L:/127.0.0.1:60735 ! R:localhost/127.0.0.1:60727]
11:08:48.314 [AsyncHttpClient-1-1] DEBUG org.asynchttpclient.netty.channel.DefaultChannelPool - Closed 1 connections out of 2 in 0 ms
11:08:49.329 [AsyncHttpClient-1-3] DEBUG org.asynchttpclient.netty.handler.HttpHandler - Unexpected I/O exception on channel [id: 0xb96f2cde, L:/127.0.0.1:60725 - R:localhost/127.0.0.1:49778]
java.io.IOException: An existing connection was forcibly closed by the remote host
	at java.base/sun.nio.ch.SocketDispatcher.read0(Native Method)
	at java.base/sun.nio.ch.SocketDispatcher.read(SocketDispatcher.java:43)
	at java.base/sun.nio.ch.IOUtil.readIntoNativeBuffer(IOUtil.java:276)
	at java.base/sun.nio.ch.IOUtil.read(IOUtil.java:233)
	at java.base/sun.nio.ch.IOUtil.read(IOUtil.java:223)
	at java.base/sun.nio.ch.SocketChannelImpl.read(SocketChannelImpl.java:358)
	at io.netty.buffer.PooledByteBuf.setBytes(PooledByteBuf.java:258)
	at io.netty.buffer.AbstractByteBuf.writeBytes(AbstractByteBuf.java:1132)
	at io.netty.channel.socket.nio.NioSocketChannel.doReadBytes(NioSocketChannel.java:350)
	at io.netty.channel.nio.AbstractNioByteChannel$NioByteUnsafe.read(AbstractNioByteChannel.java:151)
	at io.netty.channel.nio.NioEventLoop.processSelectedKey(NioEventLoop.java:722)
	at io.netty.channel.nio.NioEventLoop.processSelectedKeysOptimized(NioEventLoop.java:658)
	at io.netty.channel.nio.NioEventLoop.processSelectedKeys(NioEventLoop.java:584)
	at io.netty.channel.nio.NioEventLoop.run(NioEventLoop.java:496)
	at io.netty.util.concurrent.SingleThreadEventExecutor$4.run(SingleThreadEventExecutor.java:986)
	at io.netty.util.internal.ThreadExecutorMap$2.run(ThreadExecutorMap.java:74)
	at io.netty.util.concurrent.FastThreadLocalRunnable.run(FastThreadLocalRunnable.java:30)
	at java.base/java.lang.Thread.run(Thread.java:834)
11:08:49.329 [AsyncHttpClient-1-3] DEBUG org.asynchttpclient.netty.channel.ChannelManager - Closing Channel [id: 0xb96f2cde, L:/127.0.0.1:60725 - R:localhost/127.0.0.1:49778] 
11:08:49.329 [AsyncHttpClient-1-3] DEBUG org.asynchttpclient.netty.handler.HttpHandler - Channel Closed: [id: 0xb96f2cde, L:/127.0.0.1:60725 ! R:localhost/127.0.0.1:49778] with attribute DISCARD
]]></system-out>
    <system-err><![CDATA[Starting ChromeDriver 102.0.5005.61 (0e59bcc00cc4985ce39ad31c150065f159d95ad3-refs/branch-heads/5005@{#819}) on port 49778
Only local connections are allowed.
Please see https://chromedriver.chromium.org/security-considerations for suggestions on keeping ChromeDriver safe.
ChromeDriver was started successfully.
Jun 18, 2022 11:08:33 AM org.openqa.selenium.remote.ProtocolHandshake createSession
INFO: Detected dialect: W3C
Jun 18, 2022 11:08:33 AM org.openqa.selenium.devtools.CdpVersionFinder findNearestMatch
WARNING: Unable to find an exact match for CDP version 102, so returning the closest version found: a no-op implementation
Jun 18, 2022 11:08:33 AM org.openqa.selenium.devtools.CdpVersionFinder findNearestMatch
INFO: Unable to find CDP implementation matching 102.
Jun 18, 2022 11:08:33 AM org.openqa.selenium.chromium.ChromiumDriver lambda$new$3
WARNING: Unable to find version of CDP to use for . You may need to include a dependency on a specific version of the CDP using something similar to `org.seleniumhq.selenium:selenium-devtools-v86:4.1.2` where the version ("v86") matches the version of the chromium-based browser you're using and the version number of the artifact is the same as Selenium's.
]]></system-err>
  </testcase>
  <testcase name="As a admin i want to edit data dokter #5" classname="Data Dokter Admin" time="20.053">
    <system-out><![CDATA[
@DataDokter @EditDokterData
Scenario Outline: As a admin i want to edit data dokter       &amp#27;[90m# src/test/resources/features/2DataDokter.feature:48&amp#27;[0m
11:08:49.421 [main] INFO io.cucumber.core.plugin.SerenityReporter - Running feature from file:///D:/New%20folder%20(2)/Capstone/Testing/src/test/resources/features/2DataDokter.feature
11:08:49.425 [AsyncHttpClient-1-1] DEBUG org.asynchttpclient.netty.channel.DefaultChannelPool - Entry count for : http://localhost:49778 : 1
11:08:49.425 [AsyncHttpClient-1-1] DEBUG org.asynchttpclient.netty.channel.DefaultChannelPool - Adding Candidate expired Channel [id: 0xb96f2cde, L:/127.0.0.1:60725 ! R:localhost/127.0.0.1:49778] isIdleTimeoutExpired=false isRemotelyClosed=true isTtlExpired=false
11:08:49.426 [AsyncHttpClient-1-1] DEBUG org.asynchttpclient.netty.channel.DefaultChannelPool - Closing Idle Channel [id: 0xb96f2cde, L:/127.0.0.1:60725 ! R:localhost/127.0.0.1:49778]
11:08:49.426 [AsyncHttpClient-1-1] DEBUG org.asynchttpclient.netty.channel.DefaultChannelPool - Closed 1 connections out of 1 in 1 ms
11:08:49.520 [main] DEBUG net.thucydides.core.steps.StepInterceptor - STARTING STEP: DokterDataSteps.openPageDataDokter - openDataDokter
11:08:49.524 [main] INFO net.serenitybdd.core.webdriver.driverproviders.ChromeDriverProvider - Using automatically driver download
11:08:49.858 [main] DEBUG io.github.bonigarcia.wdm.cache.ResolutionCache - Resolution chrome=102 in cache (valid until 11:10:23 18/06/2022 ICT)
11:08:49.892 [main] DEBUG io.github.bonigarcia.wdm.cache.ResolutionCache - Resolution chrome102=102.0.5005.61 in cache (valid until 19:49:35 18/06/2022 ICT)
11:08:49.900 [main] INFO io.github.bonigarcia.wdm.WebDriverManager - Using chromedriver 102.0.5005.61 (resolved driver for Chrome 102)
11:08:49.963 [main] DEBUG io.github.bonigarcia.wdm.WebDriverManager - Driver chromedriver 102.0.5005.61 found in cache
11:08:49.965 [main] INFO io.github.bonigarcia.wdm.WebDriverManager - Exporting webdriver.chrome.driver as C:\Users\ASUS\.cache\selenium\chromedriver\win32\102.0.5005.61\chromedriver.exe
11:08:50.232 [main] DEBUG net.serenitybdd.core.webdriver.driverproviders.ProvideNewDriver - Instantiating driver
11:08:50.232 [main] DEBUG net.serenitybdd.core.webdriver.driverproviders.ProvideNewDriver - Driver capabilities: Capabilities {acceptInsecureCerts: false, base.url: https://fanciful-trifle-360..., browserName: chrome, chore.driver: src/test/resources/webdrive..., driver: chrome, goog:chromeOptions: {args: [], extensions: []}}
11:08:50.806 [AsyncHttpClient-1-6] DEBUG org.asynchttpclient.netty.channel.NettyConnectListener - Using new Channel '[id: 0xbda6d52a, L:/127.0.0.1:60768 - R:localhost/127.0.0.1:57451]' for 'POST' to '/session'
11:08:53.079 [AsyncHttpClient-1-6] DEBUG org.asynchttpclient.netty.handler.HttpHandler - 

Request DefaultHttpRequest(decodeResult: success, version: HTTP/1.1)
POST /session HTTP/1.1
User-Agent: selenium/4.1.2 (java windows)
Content-Length: 628
Content-Type: application/json; charset=utf-8
host: localhost:57451
accept: */*

Response DefaultHttpResponse(decodeResult: success, version: HTTP/1.1)
HTTP/1.1 200 OK
Content-Type: application/json; charset=utf-8
cache-control: no-cache
content-length: 788

11:08:53.079 [AsyncHttpClient-1-6] DEBUG org.asynchttpclient.netty.channel.ChannelManager - Adding key: http://localhost:57451 for channel [id: 0xbda6d52a, L:/127.0.0.1:60768 - R:localhost/127.0.0.1:57451]
11:08:53.096 [AsyncHttpClient-1-7] DEBUG org.asynchttpclient.netty.channel.NettyConnectListener - Using new Channel '[id: 0x9934c51c, L:/127.0.0.1:60778 - R:localhost/127.0.0.1:60769]' for 'GET' to '/json/version'
11:08:53.097 [AsyncHttpClient-1-7] DEBUG org.asynchttpclient.netty.handler.HttpHandler - 

Request DefaultFullHttpRequest(decodeResult: success, version: HTTP/1.1, content: EmptyByteBufBE)
GET /json/version HTTP/1.1
User-Agent: selenium/4.1.2 (java windows)
host: localhost:60769
accept: */*

Response DefaultHttpResponse(decodeResult: success, version: HTTP/1.1)
HTTP/1.1 200 OK
Content-Type: application/json; charset=UTF-8
content-length: 428

11:08:53.097 [AsyncHttpClient-1-7] DEBUG org.asynchttpclient.netty.channel.ChannelManager - Adding key: http://localhost:60769 for channel [id: 0x9934c51c, L:/127.0.0.1:60778 - R:localhost/127.0.0.1:60769]
11:08:53.105 [AsyncHttpClient-1-8] DEBUG org.asynchttpclient.netty.channel.NettyConnectListener - Using new Channel '[id: 0x0c3b3b77, L:/127.0.0.1:60779 - R:localhost/127.0.0.1:60769]' for 'GET' to '/devtools/browser/80536d31-ce0b-4a5a-b587-448e3ede1af8'
11:08:53.106 [AsyncHttpClient-1-8] DEBUG org.asynchttpclient.netty.handler.WebSocketHandler - 

Request DefaultFullHttpRequest(decodeResult: success, version: HTTP/1.1, content: EmptyByteBufBE)
GET /devtools/browser/80536d31-ce0b-4a5a-b587-448e3ede1af8 HTTP/1.1
upgrade: websocket
connection: upgrade
sec-websocket-key: 8A7tbfrJA31C1q+0BvkmwA==
sec-websocket-version: 13
origin: http://localhost:60769
host: localhost:60769
accept: */*
user-agent: AHC/2.1

Response DefaultHttpResponse(decodeResult: success, version: HTTP/1.1)
HTTP/1.1 101 WebSocket Protocol Handshake
Upgrade: WebSocket
Connection: Upgrade
Sec-WebSocket-Accept: w9XzrVZPkJDoipUqHDBpQ9IAAeA=

11:08:53.114 [Forwarding get on session 6b6bbe4f0c3a5da35f4c0f0226691d64 to remote] DEBUG org.asynchttpclient.netty.request.NettyRequestSender - Using pooled Channel '[id: 0xbda6d52a, L:/127.0.0.1:60768 - R:localhost/127.0.0.1:57451]' for 'POST' to 'http://localhost:57451/session/6b6bbe4f0c3a5da35f4c0f0226691d64/url'
11:08:53.114 [Forwarding get on session 6b6bbe4f0c3a5da35f4c0f0226691d64 to remote] DEBUG org.asynchttpclient.netty.request.NettyRequestSender - Using open Channel [id: 0xbda6d52a, L:/127.0.0.1:60768 - R:localhost/127.0.0.1:57451] for POST '/session/6b6bbe4f0c3a5da35f4c0f0226691d64/url'
11:08:53.814 [AsyncHttpClient-1-1] DEBUG org.asynchttpclient.netty.channel.DefaultChannelPool - Entry count for : http://localhost:60769 : 1
11:08:54.915 [AsyncHttpClient-1-1] DEBUG org.asynchttpclient.netty.channel.DefaultChannelPool - Entry count for : http://localhost:60769 : 1
11:08:55.703 [AsyncHttpClient-1-6] DEBUG org.asynchttpclient.netty.handler.HttpHandler - 

Request DefaultHttpRequest(decodeResult: success, version: HTTP/1.1)
POST /session/6b6bbe4f0c3a5da35f4c0f0226691d64/url HTTP/1.1
User-Agent: selenium/4.1.2 (java windows)
Content-Length: 84
Content-Type: application/json; charset=utf-8
host: localhost:57451
accept: */*

Response DefaultHttpResponse(decodeResult: success, version: HTTP/1.1)
HTTP/1.1 200 OK
Content-Type: application/json; charset=utf-8
cache-control: no-cache
content-length: 14

11:08:55.704 [AsyncHttpClient-1-6] DEBUG org.asynchttpclient.netty.channel.ChannelManager - Adding key: http://localhost:57451 for channel [id: 0xbda6d52a, L:/127.0.0.1:60768 - R:localhost/127.0.0.1:57451]
11:08:55.706 [Forwarding setTimeout on session 6b6bbe4f0c3a5da35f4c0f0226691d64 to remote] DEBUG org.asynchttpclient.netty.request.NettyRequestSender - Using pooled Channel '[id: 0xbda6d52a, L:/127.0.0.1:60768 - R:localhost/127.0.0.1:57451]' for 'POST' to 'http://localhost:57451/session/6b6bbe4f0c3a5da35f4c0f0226691d64/timeouts'
11:08:55.706 [Forwarding setTimeout on session 6b6bbe4f0c3a5da35f4c0f0226691d64 to remote] DEBUG org.asynchttpclient.netty.request.NettyRequestSender - Using open Channel [id: 0xbda6d52a, L:/127.0.0.1:60768 - R:localhost/127.0.0.1:57451] for POST '/session/6b6bbe4f0c3a5da35f4c0f0226691d64/timeouts'
11:08:55.708 [AsyncHttpClient-1-6] DEBUG org.asynchttpclient.netty.handler.HttpHandler - 

Request DefaultHttpRequest(decodeResult: success, version: HTTP/1.1)
POST /session/6b6bbe4f0c3a5da35f4c0f0226691d64/timeouts HTTP/1.1
User-Agent: selenium/4.1.2 (java windows)
Content-Length: 22
Content-Type: application/json; charset=utf-8
host: localhost:57451
accept: */*

Response DefaultHttpResponse(decodeResult: success, version: HTTP/1.1)
HTTP/1.1 200 OK
Content-Type: application/json; charset=utf-8
cache-control: no-cache
content-length: 14

11:08:55.708 [AsyncHttpClient-1-6] DEBUG org.asynchttpclient.netty.channel.ChannelManager - Adding key: http://localhost:57451 for channel [id: 0xbda6d52a, L:/127.0.0.1:60768 - R:localhost/127.0.0.1:57451]
11:08:55.714 [Forwarding getCurrentUrl on session 6b6bbe4f0c3a5da35f4c0f0226691d64 to remote] DEBUG org.asynchttpclient.netty.request.NettyRequestSender - Using pooled Channel '[id: 0xbda6d52a, L:/127.0.0.1:60768 - R:localhost/127.0.0.1:57451]' for 'GET' to 'http://localhost:57451/session/6b6bbe4f0c3a5da35f4c0f0226691d64/url'
11:08:55.714 [Forwarding getCurrentUrl on session 6b6bbe4f0c3a5da35f4c0f0226691d64 to remote] DEBUG org.asynchttpclient.netty.request.NettyRequestSender - Using open Channel [id: 0xbda6d52a, L:/127.0.0.1:60768 - R:localhost/127.0.0.1:57451] for GET '/session/6b6bbe4f0c3a5da35f4c0f0226691d64/url'
11:08:55.727 [AsyncHttpClient-1-6] DEBUG org.asynchttpclient.netty.handler.HttpHandler - 

Request DefaultFullHttpRequest(decodeResult: success, version: HTTP/1.1, content: EmptyByteBufBE)
GET /session/6b6bbe4f0c3a5da35f4c0f0226691d64/url HTTP/1.1
User-Agent: selenium/4.1.2 (java windows)
Cache-Control: no-cache
Content-Type: application/json; charset=utf-8
host: localhost:57451
accept: */*

Response DefaultHttpResponse(decodeResult: success, version: HTTP/1.1)
HTTP/1.1 200 OK
Content-Type: application/json; charset=utf-8
cache-control: no-cache
content-length: 66

11:08:55.728 [AsyncHttpClient-1-6] DEBUG org.asynchttpclient.netty.channel.ChannelManager - Adding key: http://localhost:57451 for channel [id: 0xbda6d52a, L:/127.0.0.1:60768 - R:localhost/127.0.0.1:57451]
11:08:55.742 [Forwarding screenshot on session 6b6bbe4f0c3a5da35f4c0f0226691d64 to remote] DEBUG org.asynchttpclient.netty.request.NettyRequestSender - Using pooled Channel '[id: 0xbda6d52a, L:/127.0.0.1:60768 - R:localhost/127.0.0.1:57451]' for 'GET' to 'http://localhost:57451/session/6b6bbe4f0c3a5da35f4c0f0226691d64/screenshot'
11:08:55.743 [Forwarding screenshot on session 6b6bbe4f0c3a5da35f4c0f0226691d64 to remote] DEBUG org.asynchttpclient.netty.request.NettyRequestSender - Using open Channel [id: 0xbda6d52a, L:/127.0.0.1:60768 - R:localhost/127.0.0.1:57451] for GET '/session/6b6bbe4f0c3a5da35f4c0f0226691d64/screenshot'
11:08:56.029 [AsyncHttpClient-1-1] DEBUG org.asynchttpclient.netty.channel.DefaultChannelPool - Entry count for : http://localhost:60769 : 1
11:08:56.862 [AsyncHttpClient-1-6] DEBUG org.asynchttpclient.netty.handler.HttpHandler - 

Request DefaultFullHttpRequest(decodeResult: success, version: HTTP/1.1, content: EmptyByteBufBE)
GET /session/6b6bbe4f0c3a5da35f4c0f0226691d64/screenshot HTTP/1.1
User-Agent: selenium/4.1.2 (java windows)
Cache-Control: no-cache
Content-Type: application/json; charset=utf-8
host: localhost:57451
accept: */*

Response DefaultHttpResponse(decodeResult: success, version: HTTP/1.1)
HTTP/1.1 200 OK
Content-Type: application/json; charset=utf-8
cache-control: no-cache
content-length: 72800

11:08:56.863 [AsyncHttpClient-1-6] DEBUG org.asynchttpclient.netty.channel.ChannelManager - Adding key: http://localhost:57451 for channel [id: 0xbda6d52a, L:/127.0.0.1:60768 - R:localhost/127.0.0.1:57451]
11:08:56.872 [main] DEBUG net.serenitybdd.core.photography.Darkroom - Send negative for processing for target\site\serenity\d09692ebeeed3aab97335239037df55f85c0ff4f6453eba99e1fff760a740730.png
11:08:56.872 [main] DEBUG net.thucydides.core.steps.StepInterceptor - STEP DONE: openDataDokter
  &amp#27;[32mGiven &amp#27;[0m&amp#27;[32mOpen page data dokter&amp#27;[0m                                 &amp#27;[90m# starter.stepdefinitios.DokterDataSteps.openPageDataDokter()&amp#27;[0m
11:08:56.873 [Darkroom Processing Line] DEBUG net.serenitybdd.core.photography.DarkroomProcessingLine - Processing screenshot image in /var/screenshots/screenshot-4379726040608855545
11:08:56.873 [Darkroom Processing Line] DEBUG net.serenitybdd.core.photography.DarkroomProcessingLine - Saving screenshot to target\site\serenity\d09692ebeeed3aab97335239037df55f85c0ff4f6453eba99e1fff760a740730.png
11:08:56.911 [main] DEBUG net.thucydides.core.steps.StepInterceptor - STARTING STEP: DokterDataSteps.clickDetailDokterData - clickButtonDetail
11:08:56.915 [Forwarding findElement on session 6b6bbe4f0c3a5da35f4c0f0226691d64 to remote] DEBUG org.asynchttpclient.netty.request.NettyRequestSender - Using pooled Channel '[id: 0xbda6d52a, L:/127.0.0.1:60768 - R:localhost/127.0.0.1:57451]' for 'POST' to 'http://localhost:57451/session/6b6bbe4f0c3a5da35f4c0f0226691d64/element'
11:08:56.916 [Forwarding findElement on session 6b6bbe4f0c3a5da35f4c0f0226691d64 to remote] DEBUG org.asynchttpclient.netty.request.NettyRequestSender - Using open Channel [id: 0xbda6d52a, L:/127.0.0.1:60768 - R:localhost/127.0.0.1:57451] for POST '/session/6b6bbe4f0c3a5da35f4c0f0226691d64/element'
11:08:56.942 [AsyncHttpClient-1-6] DEBUG org.asynchttpclient.netty.handler.HttpHandler - 

Request DefaultHttpRequest(decodeResult: success, version: HTTP/1.1)
POST /session/6b6bbe4f0c3a5da35f4c0f0226691d64/element HTTP/1.1
User-Agent: selenium/4.1.2 (java windows)
Content-Length: 92
Content-Type: application/json; charset=utf-8
host: localhost:57451
accept: */*

Response DefaultHttpResponse(decodeResult: success, version: HTTP/1.1)
HTTP/1.1 200 OK
Content-Type: application/json; charset=utf-8
cache-control: no-cache
content-length: 88

11:08:56.942 [AsyncHttpClient-1-6] DEBUG org.asynchttpclient.netty.channel.ChannelManager - Adding key: http://localhost:57451 for channel [id: 0xbda6d52a, L:/127.0.0.1:60768 - R:localhost/127.0.0.1:57451]
11:08:56.944 [Forwarding getElementTagName on session 6b6bbe4f0c3a5da35f4c0f0226691d64 to remote] DEBUG org.asynchttpclient.netty.request.NettyRequestSender - Using pooled Channel '[id: 0xbda6d52a, L:/127.0.0.1:60768 - R:localhost/127.0.0.1:57451]' for 'GET' to 'http://localhost:57451/session/6b6bbe4f0c3a5da35f4c0f0226691d64/element/12691842-c6fc-4fd6-bab4-7a20aa92c7d8/name'
11:08:56.944 [Forwarding getElementTagName on session 6b6bbe4f0c3a5da35f4c0f0226691d64 to remote] DEBUG org.asynchttpclient.netty.request.NettyRequestSender - Using open Channel [id: 0xbda6d52a, L:/127.0.0.1:60768 - R:localhost/127.0.0.1:57451] for GET '/session/6b6bbe4f0c3a5da35f4c0f0226691d64/element/12691842-c6fc-4fd6-bab4-7a20aa92c7d8/name'
11:08:56.954 [AsyncHttpClient-1-6] DEBUG org.asynchttpclient.netty.handler.HttpHandler - 

Request DefaultFullHttpRequest(decodeResult: success, version: HTTP/1.1, content: EmptyByteBufBE)
GET /session/6b6bbe4f0c3a5da35f4c0f0226691d64/element/12691842-c6fc-4fd6-bab4-7a20aa92c7d8/name HTTP/1.1
User-Agent: selenium/4.1.2 (java windows)
Cache-Control: no-cache
Content-Type: application/json; charset=utf-8
host: localhost:57451
accept: */*

Response DefaultHttpResponse(decodeResult: success, version: HTTP/1.1)
HTTP/1.1 200 OK
Content-Type: application/json; charset=utf-8
cache-control: no-cache
content-length: 15

11:08:56.954 [AsyncHttpClient-1-6] DEBUG org.asynchttpclient.netty.channel.ChannelManager - Adding key: http://localhost:57451 for channel [id: 0xbda6d52a, L:/127.0.0.1:60768 - R:localhost/127.0.0.1:57451]
11:08:56.956 [Forwarding getElementTagName on session 6b6bbe4f0c3a5da35f4c0f0226691d64 to remote] DEBUG org.asynchttpclient.netty.request.NettyRequestSender - Using pooled Channel '[id: 0xbda6d52a, L:/127.0.0.1:60768 - R:localhost/127.0.0.1:57451]' for 'GET' to 'http://localhost:57451/session/6b6bbe4f0c3a5da35f4c0f0226691d64/element/12691842-c6fc-4fd6-bab4-7a20aa92c7d8/name'
11:08:56.956 [Forwarding getElementTagName on session 6b6bbe4f0c3a5da35f4c0f0226691d64 to remote] DEBUG org.asynchttpclient.netty.request.NettyRequestSender - Using open Channel [id: 0xbda6d52a, L:/127.0.0.1:60768 - R:localhost/127.0.0.1:57451] for GET '/session/6b6bbe4f0c3a5da35f4c0f0226691d64/element/12691842-c6fc-4fd6-bab4-7a20aa92c7d8/name'
11:08:56.963 [AsyncHttpClient-1-6] DEBUG org.asynchttpclient.netty.handler.HttpHandler - 

Request DefaultFullHttpRequest(decodeResult: success, version: HTTP/1.1, content: EmptyByteBufBE)
GET /session/6b6bbe4f0c3a5da35f4c0f0226691d64/element/12691842-c6fc-4fd6-bab4-7a20aa92c7d8/name HTTP/1.1
User-Agent: selenium/4.1.2 (java windows)
Cache-Control: no-cache
Content-Type: application/json; charset=utf-8
host: localhost:57451
accept: */*

Response DefaultHttpResponse(decodeResult: success, version: HTTP/1.1)
HTTP/1.1 200 OK
Content-Type: application/json; charset=utf-8
cache-control: no-cache
content-length: 15

11:08:56.964 [AsyncHttpClient-1-6] DEBUG org.asynchttpclient.netty.channel.ChannelManager - Adding key: http://localhost:57451 for channel [id: 0xbda6d52a, L:/127.0.0.1:60768 - R:localhost/127.0.0.1:57451]
11:08:56.967 [Forwarding findElement on session 6b6bbe4f0c3a5da35f4c0f0226691d64 to remote] DEBUG org.asynchttpclient.netty.request.NettyRequestSender - Using pooled Channel '[id: 0xbda6d52a, L:/127.0.0.1:60768 - R:localhost/127.0.0.1:57451]' for 'POST' to 'http://localhost:57451/session/6b6bbe4f0c3a5da35f4c0f0226691d64/element'
11:08:56.967 [Forwarding findElement on session 6b6bbe4f0c3a5da35f4c0f0226691d64 to remote] DEBUG org.asynchttpclient.netty.request.NettyRequestSender - Using open Channel [id: 0xbda6d52a, L:/127.0.0.1:60768 - R:localhost/127.0.0.1:57451] for POST '/session/6b6bbe4f0c3a5da35f4c0f0226691d64/element'
11:08:56.985 [AsyncHttpClient-1-6] DEBUG org.asynchttpclient.netty.handler.HttpHandler - 

Request DefaultHttpRequest(decodeResult: success, version: HTTP/1.1)
POST /session/6b6bbe4f0c3a5da35f4c0f0226691d64/element HTTP/1.1
User-Agent: selenium/4.1.2 (java windows)
Content-Length: 92
Content-Type: application/json; charset=utf-8
host: localhost:57451
accept: */*

Response DefaultHttpResponse(decodeResult: success, version: HTTP/1.1)
HTTP/1.1 200 OK
Content-Type: application/json; charset=utf-8
cache-control: no-cache
content-length: 88

11:08:56.986 [AsyncHttpClient-1-6] DEBUG org.asynchttpclient.netty.channel.ChannelManager - Adding key: http://localhost:57451 for channel [id: 0xbda6d52a, L:/127.0.0.1:60768 - R:localhost/127.0.0.1:57451]
11:08:56.988 [Forwarding clickElement on session 6b6bbe4f0c3a5da35f4c0f0226691d64 to remote] DEBUG org.asynchttpclient.netty.request.NettyRequestSender - Using pooled Channel '[id: 0xbda6d52a, L:/127.0.0.1:60768 - R:localhost/127.0.0.1:57451]' for 'POST' to 'http://localhost:57451/session/6b6bbe4f0c3a5da35f4c0f0226691d64/element/12691842-c6fc-4fd6-bab4-7a20aa92c7d8/click'
11:08:56.989 [Forwarding clickElement on session 6b6bbe4f0c3a5da35f4c0f0226691d64 to remote] DEBUG org.asynchttpclient.netty.request.NettyRequestSender - Using open Channel [id: 0xbda6d52a, L:/127.0.0.1:60768 - R:localhost/127.0.0.1:57451] for POST '/session/6b6bbe4f0c3a5da35f4c0f0226691d64/element/12691842-c6fc-4fd6-bab4-7a20aa92c7d8/click'
11:08:57.121 [AsyncHttpClient-1-1] DEBUG org.asynchttpclient.netty.channel.DefaultChannelPool - Entry count for : http://localhost:60769 : 1
11:08:57.511 [AsyncHttpClient-1-6] DEBUG org.asynchttpclient.netty.handler.HttpHandler - 

Request DefaultHttpRequest(decodeResult: success, version: HTTP/1.1)
POST /session/6b6bbe4f0c3a5da35f4c0f0226691d64/element/12691842-c6fc-4fd6-bab4-7a20aa92c7d8/click HTTP/1.1
User-Agent: selenium/4.1.2 (java windows)
Content-Length: 50
Content-Type: application/json; charset=utf-8
host: localhost:57451
accept: */*

Response DefaultHttpResponse(decodeResult: success, version: HTTP/1.1)
HTTP/1.1 200 OK
Content-Type: application/json; charset=utf-8
cache-control: no-cache
content-length: 14

11:08:57.511 [AsyncHttpClient-1-6] DEBUG org.asynchttpclient.netty.channel.ChannelManager - Adding key: http://localhost:57451 for channel [id: 0xbda6d52a, L:/127.0.0.1:60768 - R:localhost/127.0.0.1:57451]
11:08:57.530 [Forwarding screenshot on session 6b6bbe4f0c3a5da35f4c0f0226691d64 to remote] DEBUG org.asynchttpclient.netty.request.NettyRequestSender - Using pooled Channel '[id: 0xbda6d52a, L:/127.0.0.1:60768 - R:localhost/127.0.0.1:57451]' for 'GET' to 'http://localhost:57451/session/6b6bbe4f0c3a5da35f4c0f0226691d64/screenshot'
11:08:57.530 [Forwarding screenshot on session 6b6bbe4f0c3a5da35f4c0f0226691d64 to remote] DEBUG org.asynchttpclient.netty.request.NettyRequestSender - Using open Channel [id: 0xbda6d52a, L:/127.0.0.1:60768 - R:localhost/127.0.0.1:57451] for GET '/session/6b6bbe4f0c3a5da35f4c0f0226691d64/screenshot'
11:08:58.025 [AsyncHttpClient-1-6] DEBUG org.asynchttpclient.netty.handler.HttpHandler - 

Request DefaultFullHttpRequest(decodeResult: success, version: HTTP/1.1, content: EmptyByteBufBE)
GET /session/6b6bbe4f0c3a5da35f4c0f0226691d64/screenshot HTTP/1.1
User-Agent: selenium/4.1.2 (java windows)
Cache-Control: no-cache
Content-Type: application/json; charset=utf-8
host: localhost:57451
accept: */*

Response DefaultHttpResponse(decodeResult: success, version: HTTP/1.1)
HTTP/1.1 200 OK
Content-Type: application/json; charset=utf-8
cache-control: no-cache
content-length: 34396

11:08:58.025 [AsyncHttpClient-1-6] DEBUG org.asynchttpclient.netty.channel.ChannelManager - Adding key: http://localhost:57451 for channel [id: 0xbda6d52a, L:/127.0.0.1:60768 - R:localhost/127.0.0.1:57451]
11:08:58.034 [main] DEBUG net.serenitybdd.core.photography.Darkroom - Send negative for processing for target\site\serenity\aadc397e20fc2741897c66f582e107d4b00b7abe3deeeb78262114dbcaf4e52a.png
11:08:58.035 [main] DEBUG net.thucydides.core.steps.StepInterceptor - STEP DONE: clickButtonDetail
  &amp#27;[32mAnd &amp#27;[0m&amp#27;[32mClick Detail dokter data&amp#27;[0m                                &amp#27;[90m# starter.stepdefinitios.DokterDataSteps.clickDetailDokterData()&amp#27;[0m
11:08:58.213 [AsyncHttpClient-1-1] DEBUG org.asynchttpclient.netty.channel.DefaultChannelPool - Entry count for : http://localhost:57451 : 1
11:08:58.213 [AsyncHttpClient-1-1] DEBUG org.asynchttpclient.netty.channel.DefaultChannelPool - Entry count for : http://localhost:60769 : 1
11:08:58.588 [Forwarding screenshot on session 6b6bbe4f0c3a5da35f4c0f0226691d64 to remote] DEBUG org.asynchttpclient.netty.request.NettyRequestSender - Using pooled Channel '[id: 0xbda6d52a, L:/127.0.0.1:60768 - R:localhost/127.0.0.1:57451]' for 'GET' to 'http://localhost:57451/session/6b6bbe4f0c3a5da35f4c0f0226691d64/screenshot'
11:08:58.588 [Forwarding screenshot on session 6b6bbe4f0c3a5da35f4c0f0226691d64 to remote] DEBUG org.asynchttpclient.netty.request.NettyRequestSender - Using open Channel [id: 0xbda6d52a, L:/127.0.0.1:60768 - R:localhost/127.0.0.1:57451] for GET '/session/6b6bbe4f0c3a5da35f4c0f0226691d64/screenshot'
11:08:58.785 [AsyncHttpClient-1-6] DEBUG org.asynchttpclient.netty.handler.HttpHandler - 

Request DefaultFullHttpRequest(decodeResult: success, version: HTTP/1.1, content: EmptyByteBufBE)
GET /session/6b6bbe4f0c3a5da35f4c0f0226691d64/screenshot HTTP/1.1
User-Agent: selenium/4.1.2 (java windows)
Cache-Control: no-cache
Content-Type: application/json; charset=utf-8
host: localhost:57451
accept: */*

Response DefaultHttpResponse(decodeResult: success, version: HTTP/1.1)
HTTP/1.1 200 OK
Content-Type: application/json; charset=utf-8
cache-control: no-cache
content-length: 47088

11:08:58.786 [AsyncHttpClient-1-6] DEBUG org.asynchttpclient.netty.channel.ChannelManager - Adding key: http://localhost:57451 for channel [id: 0xbda6d52a, L:/127.0.0.1:60768 - R:localhost/127.0.0.1:57451]
11:08:58.791 [main] DEBUG net.serenitybdd.core.photography.Darkroom - Send negative for processing for target\site\serenity\919d216fdaeffe482e5ea2b28746c3e035cc3fc783af482c09ecf1d5a5f31ef8.png
11:08:58.791 [main] DEBUG net.thucydides.core.steps.StepInterceptor - STARTING STEP: DokterDataSteps.validDataDetailDokter - checkValidDataPasien
11:08:58.805 [Forwarding findElement on session 6b6bbe4f0c3a5da35f4c0f0226691d64 to remote] DEBUG org.asynchttpclient.netty.request.NettyRequestSender - Using pooled Channel '[id: 0xbda6d52a, L:/127.0.0.1:60768 - R:localhost/127.0.0.1:57451]' for 'POST' to 'http://localhost:57451/session/6b6bbe4f0c3a5da35f4c0f0226691d64/element'
11:08:58.805 [Forwarding findElement on session 6b6bbe4f0c3a5da35f4c0f0226691d64 to remote] DEBUG org.asynchttpclient.netty.request.NettyRequestSender - Using open Channel [id: 0xbda6d52a, L:/127.0.0.1:60768 - R:localhost/127.0.0.1:57451] for POST '/session/6b6bbe4f0c3a5da35f4c0f0226691d64/element'
11:08:58.862 [AsyncHttpClient-1-6] DEBUG org.asynchttpclient.netty.handler.HttpHandler - 

Request DefaultHttpRequest(decodeResult: success, version: HTTP/1.1)
POST /session/6b6bbe4f0c3a5da35f4c0f0226691d64/element HTTP/1.1
User-Agent: selenium/4.1.2 (java windows)
Content-Length: 95
Content-Type: application/json; charset=utf-8
host: localhost:57451
accept: */*

Response DefaultHttpResponse(decodeResult: success, version: HTTP/1.1)
HTTP/1.1 200 OK
Content-Type: application/json; charset=utf-8
cache-control: no-cache
content-length: 88

11:08:58.862 [AsyncHttpClient-1-6] DEBUG org.asynchttpclient.netty.channel.ChannelManager - Adding key: http://localhost:57451 for channel [id: 0xbda6d52a, L:/127.0.0.1:60768 - R:localhost/127.0.0.1:57451]
11:08:58.864 [Forwarding isElementEnabled on session 6b6bbe4f0c3a5da35f4c0f0226691d64 to remote] DEBUG org.asynchttpclient.netty.request.NettyRequestSender - Using pooled Channel '[id: 0xbda6d52a, L:/127.0.0.1:60768 - R:localhost/127.0.0.1:57451]' for 'GET' to 'http://localhost:57451/session/6b6bbe4f0c3a5da35f4c0f0226691d64/element/921bfa4d-7adc-4500-b228-4e5133cea439/enabled'
11:08:58.864 [Forwarding isElementEnabled on session 6b6bbe4f0c3a5da35f4c0f0226691d64 to remote] DEBUG org.asynchttpclient.netty.request.NettyRequestSender - Using open Channel [id: 0xbda6d52a, L:/127.0.0.1:60768 - R:localhost/127.0.0.1:57451] for GET '/session/6b6bbe4f0c3a5da35f4c0f0226691d64/element/921bfa4d-7adc-4500-b228-4e5133cea439/enabled'
11:08:58.894 [AsyncHttpClient-1-6] DEBUG org.asynchttpclient.netty.handler.HttpHandler - 

Request DefaultFullHttpRequest(decodeResult: success, version: HTTP/1.1, content: EmptyByteBufBE)
GET /session/6b6bbe4f0c3a5da35f4c0f0226691d64/element/921bfa4d-7adc-4500-b228-4e5133cea439/enabled HTTP/1.1
User-Agent: selenium/4.1.2 (java windows)
Cache-Control: no-cache
Content-Type: application/json; charset=utf-8
host: localhost:57451
accept: */*

Response DefaultHttpResponse(decodeResult: success, version: HTTP/1.1)
HTTP/1.1 200 OK
Content-Type: application/json; charset=utf-8
cache-control: no-cache
content-length: 14

11:08:58.894 [AsyncHttpClient-1-6] DEBUG org.asynchttpclient.netty.channel.ChannelManager - Adding key: http://localhost:57451 for channel [id: 0xbda6d52a, L:/127.0.0.1:60768 - R:localhost/127.0.0.1:57451]
11:08:58.909 [Forwarding screenshot on session 6b6bbe4f0c3a5da35f4c0f0226691d64 to remote] DEBUG org.asynchttpclient.netty.request.NettyRequestSender - Using pooled Channel '[id: 0xbda6d52a, L:/127.0.0.1:60768 - R:localhost/127.0.0.1:57451]' for 'GET' to 'http://localhost:57451/session/6b6bbe4f0c3a5da35f4c0f0226691d64/screenshot'
11:08:58.909 [Forwarding screenshot on session 6b6bbe4f0c3a5da35f4c0f0226691d64 to remote] DEBUG org.asynchttpclient.netty.request.NettyRequestSender - Using open Channel [id: 0xbda6d52a, L:/127.0.0.1:60768 - R:localhost/127.0.0.1:57451] for GET '/session/6b6bbe4f0c3a5da35f4c0f0226691d64/screenshot'
11:08:59.081 [AsyncHttpClient-1-6] DEBUG org.asynchttpclient.netty.handler.HttpHandler - 

Request DefaultFullHttpRequest(decodeResult: success, version: HTTP/1.1, content: EmptyByteBufBE)
GET /session/6b6bbe4f0c3a5da35f4c0f0226691d64/screenshot HTTP/1.1
User-Agent: selenium/4.1.2 (java windows)
Cache-Control: no-cache
Content-Type: application/json; charset=utf-8
host: localhost:57451
accept: */*

Response DefaultHttpResponse(decodeResult: success, version: HTTP/1.1)
HTTP/1.1 200 OK
Content-Type: application/json; charset=utf-8
cache-control: no-cache
content-length: 47088

11:08:59.082 [AsyncHttpClient-1-6] DEBUG org.asynchttpclient.netty.channel.ChannelManager - Adding key: http://localhost:57451 for channel [id: 0xbda6d52a, L:/127.0.0.1:60768 - R:localhost/127.0.0.1:57451]
11:08:59.086 [main] DEBUG net.serenitybdd.core.photography.Darkroom - Send negative for processing for target\site\serenity\919d216fdaeffe482e5ea2b28746c3e035cc3fc783af482c09ecf1d5a5f31ef8.png
11:08:59.086 [main] DEBUG net.thucydides.core.steps.StepInterceptor - STEP DONE: checkValidDataPasien
  &amp#27;[32mWhen &amp#27;[0m&amp#27;[32mValid data detail dokter&amp#27;[0m                               &amp#27;[90m# starter.stepdefinitios.DokterDataSteps.validDataDetailDokter()&amp#27;[0m
11:08:59.153 [Forwarding screenshot on session 6b6bbe4f0c3a5da35f4c0f0226691d64 to remote] DEBUG org.asynchttpclient.netty.request.NettyRequestSender - Using pooled Channel '[id: 0xbda6d52a, L:/127.0.0.1:60768 - R:localhost/127.0.0.1:57451]' for 'GET' to 'http://localhost:57451/session/6b6bbe4f0c3a5da35f4c0f0226691d64/screenshot'
11:08:59.153 [Forwarding screenshot on session 6b6bbe4f0c3a5da35f4c0f0226691d64 to remote] DEBUG org.asynchttpclient.netty.request.NettyRequestSender - Using open Channel [id: 0xbda6d52a, L:/127.0.0.1:60768 - R:localhost/127.0.0.1:57451] for GET '/session/6b6bbe4f0c3a5da35f4c0f0226691d64/screenshot'
11:08:59.305 [AsyncHttpClient-1-6] DEBUG org.asynchttpclient.netty.handler.HttpHandler - 

Request DefaultFullHttpRequest(decodeResult: success, version: HTTP/1.1, content: EmptyByteBufBE)
GET /session/6b6bbe4f0c3a5da35f4c0f0226691d64/screenshot HTTP/1.1
User-Agent: selenium/4.1.2 (java windows)
Cache-Control: no-cache
Content-Type: application/json; charset=utf-8
host: localhost:57451
accept: */*

Response DefaultHttpResponse(decodeResult: success, version: HTTP/1.1)
HTTP/1.1 200 OK
Content-Type: application/json; charset=utf-8
cache-control: no-cache
content-length: 47088

11:08:59.306 [AsyncHttpClient-1-6] DEBUG org.asynchttpclient.netty.channel.ChannelManager - Adding key: http://localhost:57451 for channel [id: 0xbda6d52a, L:/127.0.0.1:60768 - R:localhost/127.0.0.1:57451]
11:08:59.311 [main] DEBUG net.serenitybdd.core.photography.Darkroom - Send negative for processing for target\site\serenity\919d216fdaeffe482e5ea2b28746c3e035cc3fc783af482c09ecf1d5a5f31ef8.png
11:08:59.311 [main] DEBUG net.thucydides.core.steps.StepInterceptor - STARTING STEP: PatientDataSteps.clickButtonEditProfil - clickButtonEditDataPasien
11:08:59.318 [AsyncHttpClient-1-1] DEBUG org.asynchttpclient.netty.channel.DefaultChannelPool - Entry count for : http://localhost:57451 : 1
11:08:59.318 [AsyncHttpClient-1-1] DEBUG org.asynchttpclient.netty.channel.DefaultChannelPool - Entry count for : http://localhost:60769 : 1
11:08:59.320 [Forwarding findElement on session 6b6bbe4f0c3a5da35f4c0f0226691d64 to remote] DEBUG org.asynchttpclient.netty.request.NettyRequestSender - Using pooled Channel '[id: 0xbda6d52a, L:/127.0.0.1:60768 - R:localhost/127.0.0.1:57451]' for 'POST' to 'http://localhost:57451/session/6b6bbe4f0c3a5da35f4c0f0226691d64/element'
11:08:59.320 [Forwarding findElement on session 6b6bbe4f0c3a5da35f4c0f0226691d64 to remote] DEBUG org.asynchttpclient.netty.request.NettyRequestSender - Using open Channel [id: 0xbda6d52a, L:/127.0.0.1:60768 - R:localhost/127.0.0.1:57451] for POST '/session/6b6bbe4f0c3a5da35f4c0f0226691d64/element'
11:08:59.347 [AsyncHttpClient-1-6] DEBUG org.asynchttpclient.netty.handler.HttpHandler - 

Request DefaultHttpRequest(decodeResult: success, version: HTTP/1.1)
POST /session/6b6bbe4f0c3a5da35f4c0f0226691d64/element HTTP/1.1
User-Agent: selenium/4.1.2 (java windows)
Content-Length: 116
Content-Type: application/json; charset=utf-8
host: localhost:57451
accept: */*

Response DefaultHttpResponse(decodeResult: success, version: HTTP/1.1)
HTTP/1.1 200 OK
Content-Type: application/json; charset=utf-8
cache-control: no-cache
content-length: 88

11:08:59.347 [AsyncHttpClient-1-6] DEBUG org.asynchttpclient.netty.channel.ChannelManager - Adding key: http://localhost:57451 for channel [id: 0xbda6d52a, L:/127.0.0.1:60768 - R:localhost/127.0.0.1:57451]
11:08:59.350 [Forwarding getElementTagName on session 6b6bbe4f0c3a5da35f4c0f0226691d64 to remote] DEBUG org.asynchttpclient.netty.request.NettyRequestSender - Using pooled Channel '[id: 0xbda6d52a, L:/127.0.0.1:60768 - R:localhost/127.0.0.1:57451]' for 'GET' to 'http://localhost:57451/session/6b6bbe4f0c3a5da35f4c0f0226691d64/element/953c31fc-1b40-4d11-8291-31eaef6c1891/name'
11:08:59.350 [Forwarding getElementTagName on session 6b6bbe4f0c3a5da35f4c0f0226691d64 to remote] DEBUG org.asynchttpclient.netty.request.NettyRequestSender - Using open Channel [id: 0xbda6d52a, L:/127.0.0.1:60768 - R:localhost/127.0.0.1:57451] for GET '/session/6b6bbe4f0c3a5da35f4c0f0226691d64/element/953c31fc-1b40-4d11-8291-31eaef6c1891/name'
11:08:59.363 [AsyncHttpClient-1-6] DEBUG org.asynchttpclient.netty.handler.HttpHandler - 

Request DefaultFullHttpRequest(decodeResult: success, version: HTTP/1.1, content: EmptyByteBufBE)
GET /session/6b6bbe4f0c3a5da35f4c0f0226691d64/element/953c31fc-1b40-4d11-8291-31eaef6c1891/name HTTP/1.1
User-Agent: selenium/4.1.2 (java windows)
Cache-Control: no-cache
Content-Type: application/json; charset=utf-8
host: localhost:57451
accept: */*

Response DefaultHttpResponse(decodeResult: success, version: HTTP/1.1)
HTTP/1.1 200 OK
Content-Type: application/json; charset=utf-8
cache-control: no-cache
content-length: 18

11:08:59.363 [AsyncHttpClient-1-6] DEBUG org.asynchttpclient.netty.channel.ChannelManager - Adding key: http://localhost:57451 for channel [id: 0xbda6d52a, L:/127.0.0.1:60768 - R:localhost/127.0.0.1:57451]
11:08:59.366 [Forwarding getElementTagName on session 6b6bbe4f0c3a5da35f4c0f0226691d64 to remote] DEBUG org.asynchttpclient.netty.request.NettyRequestSender - Using pooled Channel '[id: 0xbda6d52a, L:/127.0.0.1:60768 - R:localhost/127.0.0.1:57451]' for 'GET' to 'http://localhost:57451/session/6b6bbe4f0c3a5da35f4c0f0226691d64/element/953c31fc-1b40-4d11-8291-31eaef6c1891/name'
11:08:59.366 [Forwarding getElementTagName on session 6b6bbe4f0c3a5da35f4c0f0226691d64 to remote] DEBUG org.asynchttpclient.netty.request.NettyRequestSender - Using open Channel [id: 0xbda6d52a, L:/127.0.0.1:60768 - R:localhost/127.0.0.1:57451] for GET '/session/6b6bbe4f0c3a5da35f4c0f0226691d64/element/953c31fc-1b40-4d11-8291-31eaef6c1891/name'
11:08:59.375 [AsyncHttpClient-1-6] DEBUG org.asynchttpclient.netty.handler.HttpHandler - 

Request DefaultFullHttpRequest(decodeResult: success, version: HTTP/1.1, content: EmptyByteBufBE)
GET /session/6b6bbe4f0c3a5da35f4c0f0226691d64/element/953c31fc-1b40-4d11-8291-31eaef6c1891/name HTTP/1.1
User-Agent: selenium/4.1.2 (java windows)
Cache-Control: no-cache
Content-Type: application/json; charset=utf-8
host: localhost:57451
accept: */*

Response DefaultHttpResponse(decodeResult: success, version: HTTP/1.1)
HTTP/1.1 200 OK
Content-Type: application/json; charset=utf-8
cache-control: no-cache
content-length: 18

11:08:59.375 [AsyncHttpClient-1-6] DEBUG org.asynchttpclient.netty.channel.ChannelManager - Adding key: http://localhost:57451 for channel [id: 0xbda6d52a, L:/127.0.0.1:60768 - R:localhost/127.0.0.1:57451]
11:08:59.380 [Forwarding isElementEnabled on session 6b6bbe4f0c3a5da35f4c0f0226691d64 to remote] DEBUG org.asynchttpclient.netty.request.NettyRequestSender - Using pooled Channel '[id: 0xbda6d52a, L:/127.0.0.1:60768 - R:localhost/127.0.0.1:57451]' for 'GET' to 'http://localhost:57451/session/6b6bbe4f0c3a5da35f4c0f0226691d64/element/953c31fc-1b40-4d11-8291-31eaef6c1891/enabled'
11:08:59.380 [Forwarding isElementEnabled on session 6b6bbe4f0c3a5da35f4c0f0226691d64 to remote] DEBUG org.asynchttpclient.netty.request.NettyRequestSender - Using open Channel [id: 0xbda6d52a, L:/127.0.0.1:60768 - R:localhost/127.0.0.1:57451] for GET '/session/6b6bbe4f0c3a5da35f4c0f0226691d64/element/953c31fc-1b40-4d11-8291-31eaef6c1891/enabled'
11:08:59.402 [AsyncHttpClient-1-6] DEBUG org.asynchttpclient.netty.handler.HttpHandler - 

Request DefaultFullHttpRequest(decodeResult: success, version: HTTP/1.1, content: EmptyByteBufBE)
GET /session/6b6bbe4f0c3a5da35f4c0f0226691d64/element/953c31fc-1b40-4d11-8291-31eaef6c1891/enabled HTTP/1.1
User-Agent: selenium/4.1.2 (java windows)
Cache-Control: no-cache
Content-Type: application/json; charset=utf-8
host: localhost:57451
accept: */*

Response DefaultHttpResponse(decodeResult: success, version: HTTP/1.1)
HTTP/1.1 200 OK
Content-Type: application/json; charset=utf-8
cache-control: no-cache
content-length: 14

11:08:59.402 [AsyncHttpClient-1-6] DEBUG org.asynchttpclient.netty.channel.ChannelManager - Adding key: http://localhost:57451 for channel [id: 0xbda6d52a, L:/127.0.0.1:60768 - R:localhost/127.0.0.1:57451]
11:08:59.405 [Forwarding isElementEnabled on session 6b6bbe4f0c3a5da35f4c0f0226691d64 to remote] DEBUG org.asynchttpclient.netty.request.NettyRequestSender - Using pooled Channel '[id: 0xbda6d52a, L:/127.0.0.1:60768 - R:localhost/127.0.0.1:57451]' for 'GET' to 'http://localhost:57451/session/6b6bbe4f0c3a5da35f4c0f0226691d64/element/953c31fc-1b40-4d11-8291-31eaef6c1891/enabled'
11:08:59.406 [Forwarding isElementEnabled on session 6b6bbe4f0c3a5da35f4c0f0226691d64 to remote] DEBUG org.asynchttpclient.netty.request.NettyRequestSender - Using open Channel [id: 0xbda6d52a, L:/127.0.0.1:60768 - R:localhost/127.0.0.1:57451] for GET '/session/6b6bbe4f0c3a5da35f4c0f0226691d64/element/953c31fc-1b40-4d11-8291-31eaef6c1891/enabled'
11:08:59.426 [AsyncHttpClient-1-6] DEBUG org.asynchttpclient.netty.handler.HttpHandler - 

Request DefaultFullHttpRequest(decodeResult: success, version: HTTP/1.1, content: EmptyByteBufBE)
GET /session/6b6bbe4f0c3a5da35f4c0f0226691d64/element/953c31fc-1b40-4d11-8291-31eaef6c1891/enabled HTTP/1.1
User-Agent: selenium/4.1.2 (java windows)
Cache-Control: no-cache
Content-Type: application/json; charset=utf-8
host: localhost:57451
accept: */*

Response DefaultHttpResponse(decodeResult: success, version: HTTP/1.1)
HTTP/1.1 200 OK
Content-Type: application/json; charset=utf-8
cache-control: no-cache
content-length: 14

11:08:59.426 [AsyncHttpClient-1-6] DEBUG org.asynchttpclient.netty.channel.ChannelManager - Adding key: http://localhost:57451 for channel [id: 0xbda6d52a, L:/127.0.0.1:60768 - R:localhost/127.0.0.1:57451]
11:08:59.430 [Forwarding findElement on session 6b6bbe4f0c3a5da35f4c0f0226691d64 to remote] DEBUG org.asynchttpclient.netty.request.NettyRequestSender - Using pooled Channel '[id: 0xbda6d52a, L:/127.0.0.1:60768 - R:localhost/127.0.0.1:57451]' for 'POST' to 'http://localhost:57451/session/6b6bbe4f0c3a5da35f4c0f0226691d64/element'
11:08:59.430 [Forwarding findElement on session 6b6bbe4f0c3a5da35f4c0f0226691d64 to remote] DEBUG org.asynchttpclient.netty.request.NettyRequestSender - Using open Channel [id: 0xbda6d52a, L:/127.0.0.1:60768 - R:localhost/127.0.0.1:57451] for POST '/session/6b6bbe4f0c3a5da35f4c0f0226691d64/element'
11:08:59.457 [AsyncHttpClient-1-6] DEBUG org.asynchttpclient.netty.handler.HttpHandler - 

Request DefaultHttpRequest(decodeResult: success, version: HTTP/1.1)
POST /session/6b6bbe4f0c3a5da35f4c0f0226691d64/element HTTP/1.1
User-Agent: selenium/4.1.2 (java windows)
Content-Length: 116
Content-Type: application/json; charset=utf-8
host: localhost:57451
accept: */*

Response DefaultHttpResponse(decodeResult: success, version: HTTP/1.1)
HTTP/1.1 200 OK
Content-Type: application/json; charset=utf-8
cache-control: no-cache
content-length: 88

11:08:59.462 [AsyncHttpClient-1-6] DEBUG org.asynchttpclient.netty.channel.ChannelManager - Adding key: http://localhost:57451 for channel [id: 0xbda6d52a, L:/127.0.0.1:60768 - R:localhost/127.0.0.1:57451]
11:08:59.464 [Forwarding clickElement on session 6b6bbe4f0c3a5da35f4c0f0226691d64 to remote] DEBUG org.asynchttpclient.netty.request.NettyRequestSender - Using pooled Channel '[id: 0xbda6d52a, L:/127.0.0.1:60768 - R:localhost/127.0.0.1:57451]' for 'POST' to 'http://localhost:57451/session/6b6bbe4f0c3a5da35f4c0f0226691d64/element/953c31fc-1b40-4d11-8291-31eaef6c1891/click'
11:08:59.465 [Forwarding clickElement on session 6b6bbe4f0c3a5da35f4c0f0226691d64 to remote] DEBUG org.asynchttpclient.netty.request.NettyRequestSender - Using open Channel [id: 0xbda6d52a, L:/127.0.0.1:60768 - R:localhost/127.0.0.1:57451] for POST '/session/6b6bbe4f0c3a5da35f4c0f0226691d64/element/953c31fc-1b40-4d11-8291-31eaef6c1891/click'
11:08:59.888 [AsyncHttpClient-1-6] DEBUG org.asynchttpclient.netty.handler.HttpHandler - 

Request DefaultHttpRequest(decodeResult: success, version: HTTP/1.1)
POST /session/6b6bbe4f0c3a5da35f4c0f0226691d64/element/953c31fc-1b40-4d11-8291-31eaef6c1891/click HTTP/1.1
User-Agent: selenium/4.1.2 (java windows)
Content-Length: 50
Content-Type: application/json; charset=utf-8
host: localhost:57451
accept: */*

Response DefaultHttpResponse(decodeResult: success, version: HTTP/1.1)
HTTP/1.1 200 OK
Content-Type: application/json; charset=utf-8
cache-control: no-cache
content-length: 14

11:08:59.888 [AsyncHttpClient-1-6] DEBUG org.asynchttpclient.netty.channel.ChannelManager - Adding key: http://localhost:57451 for channel [id: 0xbda6d52a, L:/127.0.0.1:60768 - R:localhost/127.0.0.1:57451]
11:08:59.906 [Forwarding screenshot on session 6b6bbe4f0c3a5da35f4c0f0226691d64 to remote] DEBUG org.asynchttpclient.netty.request.NettyRequestSender - Using pooled Channel '[id: 0xbda6d52a, L:/127.0.0.1:60768 - R:localhost/127.0.0.1:57451]' for 'GET' to 'http://localhost:57451/session/6b6bbe4f0c3a5da35f4c0f0226691d64/screenshot'
11:08:59.906 [Forwarding screenshot on session 6b6bbe4f0c3a5da35f4c0f0226691d64 to remote] DEBUG org.asynchttpclient.netty.request.NettyRequestSender - Using open Channel [id: 0xbda6d52a, L:/127.0.0.1:60768 - R:localhost/127.0.0.1:57451] for GET '/session/6b6bbe4f0c3a5da35f4c0f0226691d64/screenshot'
11:09:00.100 [AsyncHttpClient-1-6] DEBUG org.asynchttpclient.netty.handler.HttpHandler - 

Request DefaultFullHttpRequest(decodeResult: success, version: HTTP/1.1, content: EmptyByteBufBE)
GET /session/6b6bbe4f0c3a5da35f4c0f0226691d64/screenshot HTTP/1.1
User-Agent: selenium/4.1.2 (java windows)
Cache-Control: no-cache
Content-Type: application/json; charset=utf-8
host: localhost:57451
accept: */*

Response DefaultHttpResponse(decodeResult: success, version: HTTP/1.1)
HTTP/1.1 200 OK
Content-Type: application/json; charset=utf-8
cache-control: no-cache
content-length: 50148

11:09:00.101 [AsyncHttpClient-1-6] DEBUG org.asynchttpclient.netty.channel.ChannelManager - Adding key: http://localhost:57451 for channel [id: 0xbda6d52a, L:/127.0.0.1:60768 - R:localhost/127.0.0.1:57451]
11:09:00.105 [main] DEBUG net.serenitybdd.core.photography.Darkroom - Send negative for processing for target\site\serenity\ba53445cb39c00a27e2d6e9b6869e45ce2b9729d923b823310f8508bb6af4fcd.png
11:09:00.106 [main] DEBUG net.thucydides.core.steps.StepInterceptor - STEP DONE: clickButtonEditDataPasien
  &amp#27;[32mAnd &amp#27;[0m&amp#27;[32mClick button edit profil&amp#27;[0m                                &amp#27;[90m# starter.stepdefinitios.PatientDataSteps.clickButtonEditProfil()&amp#27;[0m
11:09:00.107 [Darkroom Processing Line] DEBUG net.serenitybdd.core.photography.DarkroomProcessingLine - Processing screenshot image in /var/screenshots/screenshot-9584672090707474791
11:09:00.107 [Darkroom Processing Line] DEBUG net.serenitybdd.core.photography.DarkroomProcessingLine - Saving screenshot to target\site\serenity\ba53445cb39c00a27e2d6e9b6869e45ce2b9729d923b823310f8508bb6af4fcd.png
11:09:00.146 [main] DEBUG net.thucydides.core.steps.StepInterceptor - STARTING STEP: DokterDataSteps.cleanAllDataDokter - cleanDataPasien
11:09:00.150 [Forwarding findElement on session 6b6bbe4f0c3a5da35f4c0f0226691d64 to remote] DEBUG org.asynchttpclient.netty.request.NettyRequestSender - Using pooled Channel '[id: 0xbda6d52a, L:/127.0.0.1:60768 - R:localhost/127.0.0.1:57451]' for 'POST' to 'http://localhost:57451/session/6b6bbe4f0c3a5da35f4c0f0226691d64/element'
11:09:00.150 [Forwarding findElement on session 6b6bbe4f0c3a5da35f4c0f0226691d64 to remote] DEBUG org.asynchttpclient.netty.request.NettyRequestSender - Using open Channel [id: 0xbda6d52a, L:/127.0.0.1:60768 - R:localhost/127.0.0.1:57451] for POST '/session/6b6bbe4f0c3a5da35f4c0f0226691d64/element'
11:09:00.179 [AsyncHttpClient-1-6] DEBUG org.asynchttpclient.netty.handler.HttpHandler - 

Request DefaultHttpRequest(decodeResult: success, version: HTTP/1.1)
POST /session/6b6bbe4f0c3a5da35f4c0f0226691d64/element HTTP/1.1
User-Agent: selenium/4.1.2 (java windows)
Content-Length: 166
Content-Type: application/json; charset=utf-8
host: localhost:57451
accept: */*

Response DefaultHttpResponse(decodeResult: success, version: HTTP/1.1)
HTTP/1.1 200 OK
Content-Type: application/json; charset=utf-8
cache-control: no-cache
content-length: 88

11:09:00.179 [AsyncHttpClient-1-6] DEBUG org.asynchttpclient.netty.channel.ChannelManager - Adding key: http://localhost:57451 for channel [id: 0xbda6d52a, L:/127.0.0.1:60768 - R:localhost/127.0.0.1:57451]
11:09:00.183 [Forwarding clearElement on session 6b6bbe4f0c3a5da35f4c0f0226691d64 to remote] DEBUG org.asynchttpclient.netty.request.NettyRequestSender - Using pooled Channel '[id: 0xbda6d52a, L:/127.0.0.1:60768 - R:localhost/127.0.0.1:57451]' for 'POST' to 'http://localhost:57451/session/6b6bbe4f0c3a5da35f4c0f0226691d64/element/98fe6f57-ba03-4475-85e1-5c3c70b5078e/clear'
11:09:00.183 [Forwarding clearElement on session 6b6bbe4f0c3a5da35f4c0f0226691d64 to remote] DEBUG org.asynchttpclient.netty.request.NettyRequestSender - Using open Channel [id: 0xbda6d52a, L:/127.0.0.1:60768 - R:localhost/127.0.0.1:57451] for POST '/session/6b6bbe4f0c3a5da35f4c0f0226691d64/element/98fe6f57-ba03-4475-85e1-5c3c70b5078e/clear'
11:09:00.285 [AsyncHttpClient-1-6] DEBUG org.asynchttpclient.netty.handler.HttpHandler - 

Request DefaultHttpRequest(decodeResult: success, version: HTTP/1.1)
POST /session/6b6bbe4f0c3a5da35f4c0f0226691d64/element/98fe6f57-ba03-4475-85e1-5c3c70b5078e/clear HTTP/1.1
User-Agent: selenium/4.1.2 (java windows)
Content-Length: 50
Content-Type: application/json; charset=utf-8
host: localhost:57451
accept: */*

Response DefaultHttpResponse(decodeResult: success, version: HTTP/1.1)
HTTP/1.1 200 OK
Content-Type: application/json; charset=utf-8
cache-control: no-cache
content-length: 14

11:09:00.285 [AsyncHttpClient-1-6] DEBUG org.asynchttpclient.netty.channel.ChannelManager - Adding key: http://localhost:57451 for channel [id: 0xbda6d52a, L:/127.0.0.1:60768 - R:localhost/127.0.0.1:57451]
11:09:00.291 [Forwarding findElement on session 6b6bbe4f0c3a5da35f4c0f0226691d64 to remote] DEBUG org.asynchttpclient.netty.request.NettyRequestSender - Using pooled Channel '[id: 0xbda6d52a, L:/127.0.0.1:60768 - R:localhost/127.0.0.1:57451]' for 'POST' to 'http://localhost:57451/session/6b6bbe4f0c3a5da35f4c0f0226691d64/element'
11:09:00.291 [Forwarding findElement on session 6b6bbe4f0c3a5da35f4c0f0226691d64 to remote] DEBUG org.asynchttpclient.netty.request.NettyRequestSender - Using open Channel [id: 0xbda6d52a, L:/127.0.0.1:60768 - R:localhost/127.0.0.1:57451] for POST '/session/6b6bbe4f0c3a5da35f4c0f0226691d64/element'
11:09:00.315 [AsyncHttpClient-1-6] DEBUG org.asynchttpclient.netty.handler.HttpHandler - 

Request DefaultHttpRequest(decodeResult: success, version: HTTP/1.1)
POST /session/6b6bbe4f0c3a5da35f4c0f0226691d64/element HTTP/1.1
User-Agent: selenium/4.1.2 (java windows)
Content-Length: 166
Content-Type: application/json; charset=utf-8
host: localhost:57451
accept: */*

Response DefaultHttpResponse(decodeResult: success, version: HTTP/1.1)
HTTP/1.1 200 OK
Content-Type: application/json; charset=utf-8
cache-control: no-cache
content-length: 88

11:09:00.315 [AsyncHttpClient-1-6] DEBUG org.asynchttpclient.netty.channel.ChannelManager - Adding key: http://localhost:57451 for channel [id: 0xbda6d52a, L:/127.0.0.1:60768 - R:localhost/127.0.0.1:57451]
11:09:00.318 [Forwarding clearElement on session 6b6bbe4f0c3a5da35f4c0f0226691d64 to remote] DEBUG org.asynchttpclient.netty.request.NettyRequestSender - Using pooled Channel '[id: 0xbda6d52a, L:/127.0.0.1:60768 - R:localhost/127.0.0.1:57451]' for 'POST' to 'http://localhost:57451/session/6b6bbe4f0c3a5da35f4c0f0226691d64/element/07bebe17-f592-47df-90ba-e6da949158e5/clear'
11:09:00.319 [Forwarding clearElement on session 6b6bbe4f0c3a5da35f4c0f0226691d64 to remote] DEBUG org.asynchttpclient.netty.request.NettyRequestSender - Using open Channel [id: 0xbda6d52a, L:/127.0.0.1:60768 - R:localhost/127.0.0.1:57451] for POST '/session/6b6bbe4f0c3a5da35f4c0f0226691d64/element/07bebe17-f592-47df-90ba-e6da949158e5/clear'
11:09:00.400 [AsyncHttpClient-1-6] DEBUG org.asynchttpclient.netty.handler.HttpHandler - 

Request DefaultHttpRequest(decodeResult: success, version: HTTP/1.1)
POST /session/6b6bbe4f0c3a5da35f4c0f0226691d64/element/07bebe17-f592-47df-90ba-e6da949158e5/clear HTTP/1.1
User-Agent: selenium/4.1.2 (java windows)
Content-Length: 50
Content-Type: application/json; charset=utf-8
host: localhost:57451
accept: */*

Response DefaultHttpResponse(decodeResult: success, version: HTTP/1.1)
HTTP/1.1 200 OK
Content-Type: application/json; charset=utf-8
cache-control: no-cache
content-length: 14

11:09:00.401 [AsyncHttpClient-1-6] DEBUG org.asynchttpclient.netty.channel.ChannelManager - Adding key: http://localhost:57451 for channel [id: 0xbda6d52a, L:/127.0.0.1:60768 - R:localhost/127.0.0.1:57451]
11:09:00.409 [Forwarding findElement on session 6b6bbe4f0c3a5da35f4c0f0226691d64 to remote] DEBUG org.asynchttpclient.netty.request.NettyRequestSender - Using pooled Channel '[id: 0xbda6d52a, L:/127.0.0.1:60768 - R:localhost/127.0.0.1:57451]' for 'POST' to 'http://localhost:57451/session/6b6bbe4f0c3a5da35f4c0f0226691d64/element'
11:09:00.409 [Forwarding findElement on session 6b6bbe4f0c3a5da35f4c0f0226691d64 to remote] DEBUG org.asynchttpclient.netty.request.NettyRequestSender - Using open Channel [id: 0xbda6d52a, L:/127.0.0.1:60768 - R:localhost/127.0.0.1:57451] for POST '/session/6b6bbe4f0c3a5da35f4c0f0226691d64/element'
11:09:00.421 [AsyncHttpClient-1-1] DEBUG org.asynchttpclient.netty.channel.DefaultChannelPool - Entry count for : http://localhost:60769 : 1
11:09:00.434 [AsyncHttpClient-1-6] DEBUG org.asynchttpclient.netty.handler.HttpHandler - 

Request DefaultHttpRequest(decodeResult: success, version: HTTP/1.1)
POST /session/6b6bbe4f0c3a5da35f4c0f0226691d64/element HTTP/1.1
User-Agent: selenium/4.1.2 (java windows)
Content-Length: 166
Content-Type: application/json; charset=utf-8
host: localhost:57451
accept: */*

Response DefaultHttpResponse(decodeResult: success, version: HTTP/1.1)
HTTP/1.1 200 OK
Content-Type: application/json; charset=utf-8
cache-control: no-cache
content-length: 88

11:09:00.434 [AsyncHttpClient-1-6] DEBUG org.asynchttpclient.netty.channel.ChannelManager - Adding key: http://localhost:57451 for channel [id: 0xbda6d52a, L:/127.0.0.1:60768 - R:localhost/127.0.0.1:57451]
11:09:00.437 [Forwarding clearElement on session 6b6bbe4f0c3a5da35f4c0f0226691d64 to remote] DEBUG org.asynchttpclient.netty.request.NettyRequestSender - Using pooled Channel '[id: 0xbda6d52a, L:/127.0.0.1:60768 - R:localhost/127.0.0.1:57451]' for 'POST' to 'http://localhost:57451/session/6b6bbe4f0c3a5da35f4c0f0226691d64/element/300e18bb-eb11-42b8-885e-130e04a3e6c6/clear'
11:09:00.437 [Forwarding clearElement on session 6b6bbe4f0c3a5da35f4c0f0226691d64 to remote] DEBUG org.asynchttpclient.netty.request.NettyRequestSender - Using open Channel [id: 0xbda6d52a, L:/127.0.0.1:60768 - R:localhost/127.0.0.1:57451] for POST '/session/6b6bbe4f0c3a5da35f4c0f0226691d64/element/300e18bb-eb11-42b8-885e-130e04a3e6c6/clear'
11:09:00.514 [AsyncHttpClient-1-6] DEBUG org.asynchttpclient.netty.handler.HttpHandler - 

Request DefaultHttpRequest(decodeResult: success, version: HTTP/1.1)
POST /session/6b6bbe4f0c3a5da35f4c0f0226691d64/element/300e18bb-eb11-42b8-885e-130e04a3e6c6/clear HTTP/1.1
User-Agent: selenium/4.1.2 (java windows)
Content-Length: 50
Content-Type: application/json; charset=utf-8
host: localhost:57451
accept: */*

Response DefaultHttpResponse(decodeResult: success, version: HTTP/1.1)
HTTP/1.1 200 OK
Content-Type: application/json; charset=utf-8
cache-control: no-cache
content-length: 14

11:09:00.514 [AsyncHttpClient-1-6] DEBUG org.asynchttpclient.netty.channel.ChannelManager - Adding key: http://localhost:57451 for channel [id: 0xbda6d52a, L:/127.0.0.1:60768 - R:localhost/127.0.0.1:57451]
11:09:00.525 [Forwarding findElement on session 6b6bbe4f0c3a5da35f4c0f0226691d64 to remote] DEBUG org.asynchttpclient.netty.request.NettyRequestSender - Using pooled Channel '[id: 0xbda6d52a, L:/127.0.0.1:60768 - R:localhost/127.0.0.1:57451]' for 'POST' to 'http://localhost:57451/session/6b6bbe4f0c3a5da35f4c0f0226691d64/element'
11:09:00.525 [Forwarding findElement on session 6b6bbe4f0c3a5da35f4c0f0226691d64 to remote] DEBUG org.asynchttpclient.netty.request.NettyRequestSender - Using open Channel [id: 0xbda6d52a, L:/127.0.0.1:60768 - R:localhost/127.0.0.1:57451] for POST '/session/6b6bbe4f0c3a5da35f4c0f0226691d64/element'
11:09:00.548 [AsyncHttpClient-1-6] DEBUG org.asynchttpclient.netty.handler.HttpHandler - 

Request DefaultHttpRequest(decodeResult: success, version: HTTP/1.1)
POST /session/6b6bbe4f0c3a5da35f4c0f0226691d64/element HTTP/1.1
User-Agent: selenium/4.1.2 (java windows)
Content-Length: 166
Content-Type: application/json; charset=utf-8
host: localhost:57451
accept: */*

Response DefaultHttpResponse(decodeResult: success, version: HTTP/1.1)
HTTP/1.1 200 OK
Content-Type: application/json; charset=utf-8
cache-control: no-cache
content-length: 88

11:09:00.548 [AsyncHttpClient-1-6] DEBUG org.asynchttpclient.netty.channel.ChannelManager - Adding key: http://localhost:57451 for channel [id: 0xbda6d52a, L:/127.0.0.1:60768 - R:localhost/127.0.0.1:57451]
11:09:00.550 [Forwarding clearElement on session 6b6bbe4f0c3a5da35f4c0f0226691d64 to remote] DEBUG org.asynchttpclient.netty.request.NettyRequestSender - Using pooled Channel '[id: 0xbda6d52a, L:/127.0.0.1:60768 - R:localhost/127.0.0.1:57451]' for 'POST' to 'http://localhost:57451/session/6b6bbe4f0c3a5da35f4c0f0226691d64/element/4b4d63bb-0011-4b52-9413-59a8811b59d2/clear'
11:09:00.550 [Forwarding clearElement on session 6b6bbe4f0c3a5da35f4c0f0226691d64 to remote] DEBUG org.asynchttpclient.netty.request.NettyRequestSender - Using open Channel [id: 0xbda6d52a, L:/127.0.0.1:60768 - R:localhost/127.0.0.1:57451] for POST '/session/6b6bbe4f0c3a5da35f4c0f0226691d64/element/4b4d63bb-0011-4b52-9413-59a8811b59d2/clear'
11:09:00.644 [AsyncHttpClient-1-6] DEBUG org.asynchttpclient.netty.handler.HttpHandler - 

Request DefaultHttpRequest(decodeResult: success, version: HTTP/1.1)
POST /session/6b6bbe4f0c3a5da35f4c0f0226691d64/element/4b4d63bb-0011-4b52-9413-59a8811b59d2/clear HTTP/1.1
User-Agent: selenium/4.1.2 (java windows)
Content-Length: 50
Content-Type: application/json; charset=utf-8
host: localhost:57451
accept: */*

Response DefaultHttpResponse(decodeResult: success, version: HTTP/1.1)
HTTP/1.1 200 OK
Content-Type: application/json; charset=utf-8
cache-control: no-cache
content-length: 14

11:09:00.644 [AsyncHttpClient-1-6] DEBUG org.asynchttpclient.netty.channel.ChannelManager - Adding key: http://localhost:57451 for channel [id: 0xbda6d52a, L:/127.0.0.1:60768 - R:localhost/127.0.0.1:57451]
11:09:00.650 [Forwarding findElement on session 6b6bbe4f0c3a5da35f4c0f0226691d64 to remote] DEBUG org.asynchttpclient.netty.request.NettyRequestSender - Using pooled Channel '[id: 0xbda6d52a, L:/127.0.0.1:60768 - R:localhost/127.0.0.1:57451]' for 'POST' to 'http://localhost:57451/session/6b6bbe4f0c3a5da35f4c0f0226691d64/element'
11:09:00.650 [Forwarding findElement on session 6b6bbe4f0c3a5da35f4c0f0226691d64 to remote] DEBUG org.asynchttpclient.netty.request.NettyRequestSender - Using open Channel [id: 0xbda6d52a, L:/127.0.0.1:60768 - R:localhost/127.0.0.1:57451] for POST '/session/6b6bbe4f0c3a5da35f4c0f0226691d64/element'
11:09:00.680 [AsyncHttpClient-1-6] DEBUG org.asynchttpclient.netty.handler.HttpHandler - 

Request DefaultHttpRequest(decodeResult: success, version: HTTP/1.1)
POST /session/6b6bbe4f0c3a5da35f4c0f0226691d64/element HTTP/1.1
User-Agent: selenium/4.1.2 (java windows)
Content-Length: 166
Content-Type: application/json; charset=utf-8
host: localhost:57451
accept: */*

Response DefaultHttpResponse(decodeResult: success, version: HTTP/1.1)
HTTP/1.1 200 OK
Content-Type: application/json; charset=utf-8
cache-control: no-cache
content-length: 88

11:09:00.680 [AsyncHttpClient-1-6] DEBUG org.asynchttpclient.netty.channel.ChannelManager - Adding key: http://localhost:57451 for channel [id: 0xbda6d52a, L:/127.0.0.1:60768 - R:localhost/127.0.0.1:57451]
11:09:00.683 [Forwarding clearElement on session 6b6bbe4f0c3a5da35f4c0f0226691d64 to remote] DEBUG org.asynchttpclient.netty.request.NettyRequestSender - Using pooled Channel '[id: 0xbda6d52a, L:/127.0.0.1:60768 - R:localhost/127.0.0.1:57451]' for 'POST' to 'http://localhost:57451/session/6b6bbe4f0c3a5da35f4c0f0226691d64/element/a4341364-fd8e-4423-806c-ca3fc744d240/clear'
11:09:00.683 [Forwarding clearElement on session 6b6bbe4f0c3a5da35f4c0f0226691d64 to remote] DEBUG org.asynchttpclient.netty.request.NettyRequestSender - Using open Channel [id: 0xbda6d52a, L:/127.0.0.1:60768 - R:localhost/127.0.0.1:57451] for POST '/session/6b6bbe4f0c3a5da35f4c0f0226691d64/element/a4341364-fd8e-4423-806c-ca3fc744d240/clear'
11:09:00.766 [AsyncHttpClient-1-6] DEBUG org.asynchttpclient.netty.handler.HttpHandler - 

Request DefaultHttpRequest(decodeResult: success, version: HTTP/1.1)
POST /session/6b6bbe4f0c3a5da35f4c0f0226691d64/element/a4341364-fd8e-4423-806c-ca3fc744d240/clear HTTP/1.1
User-Agent: selenium/4.1.2 (java windows)
Content-Length: 50
Content-Type: application/json; charset=utf-8
host: localhost:57451
accept: */*

Response DefaultHttpResponse(decodeResult: success, version: HTTP/1.1)
HTTP/1.1 200 OK
Content-Type: application/json; charset=utf-8
cache-control: no-cache
content-length: 14

11:09:00.766 [AsyncHttpClient-1-6] DEBUG org.asynchttpclient.netty.channel.ChannelManager - Adding key: http://localhost:57451 for channel [id: 0xbda6d52a, L:/127.0.0.1:60768 - R:localhost/127.0.0.1:57451]
11:09:00.777 [Forwarding screenshot on session 6b6bbe4f0c3a5da35f4c0f0226691d64 to remote] DEBUG org.asynchttpclient.netty.request.NettyRequestSender - Using pooled Channel '[id: 0xbda6d52a, L:/127.0.0.1:60768 - R:localhost/127.0.0.1:57451]' for 'GET' to 'http://localhost:57451/session/6b6bbe4f0c3a5da35f4c0f0226691d64/screenshot'
11:09:00.777 [Forwarding screenshot on session 6b6bbe4f0c3a5da35f4c0f0226691d64 to remote] DEBUG org.asynchttpclient.netty.request.NettyRequestSender - Using open Channel [id: 0xbda6d52a, L:/127.0.0.1:60768 - R:localhost/127.0.0.1:57451] for GET '/session/6b6bbe4f0c3a5da35f4c0f0226691d64/screenshot'
11:09:00.949 [AsyncHttpClient-1-6] DEBUG org.asynchttpclient.netty.handler.HttpHandler - 

Request DefaultFullHttpRequest(decodeResult: success, version: HTTP/1.1, content: EmptyByteBufBE)
GET /session/6b6bbe4f0c3a5da35f4c0f0226691d64/screenshot HTTP/1.1
User-Agent: selenium/4.1.2 (java windows)
Cache-Control: no-cache
Content-Type: application/json; charset=utf-8
host: localhost:57451
accept: */*

Response DefaultHttpResponse(decodeResult: success, version: HTTP/1.1)
HTTP/1.1 200 OK
Content-Type: application/json; charset=utf-8
cache-control: no-cache
content-length: 37524

11:09:00.949 [AsyncHttpClient-1-6] DEBUG org.asynchttpclient.netty.channel.ChannelManager - Adding key: http://localhost:57451 for channel [id: 0xbda6d52a, L:/127.0.0.1:60768 - R:localhost/127.0.0.1:57451]
11:09:00.954 [main] DEBUG net.serenitybdd.core.photography.Darkroom - Send negative for processing for target\site\serenity\becb9111e760062f59305ab8052717a99567ad387e79515070504b7ee55b7858.png
11:09:00.955 [main] DEBUG net.thucydides.core.steps.StepInterceptor - STEP DONE: cleanDataPasien
  &amp#27;[32mAnd &amp#27;[0m&amp#27;[32mClean all data dokter&amp#27;[0m                                   &amp#27;[90m# starter.stepdefinitios.DokterDataSteps.cleanAllDataDokter()&amp#27;[0m
11:09:00.956 [Darkroom Processing Line] DEBUG net.serenitybdd.core.photography.DarkroomProcessingLine - Processing screenshot image in /var/screenshots/screenshot-3450714554807237264
11:09:00.956 [Darkroom Processing Line] DEBUG net.serenitybdd.core.photography.DarkroomProcessingLine - Saving screenshot to target\site\serenity\becb9111e760062f59305ab8052717a99567ad387e79515070504b7ee55b7858.png
11:09:00.998 [main] DEBUG net.thucydides.core.steps.StepInterceptor - STARTING STEP: DokterDataSteps.iInputDokter - inputDataPasien
11:09:01.002 [Forwarding findElement on session 6b6bbe4f0c3a5da35f4c0f0226691d64 to remote] DEBUG org.asynchttpclient.netty.request.NettyRequestSender - Using pooled Channel '[id: 0xbda6d52a, L:/127.0.0.1:60768 - R:localhost/127.0.0.1:57451]' for 'POST' to 'http://localhost:57451/session/6b6bbe4f0c3a5da35f4c0f0226691d64/element'
11:09:01.002 [Forwarding findElement on session 6b6bbe4f0c3a5da35f4c0f0226691d64 to remote] DEBUG org.asynchttpclient.netty.request.NettyRequestSender - Using open Channel [id: 0xbda6d52a, L:/127.0.0.1:60768 - R:localhost/127.0.0.1:57451] for POST '/session/6b6bbe4f0c3a5da35f4c0f0226691d64/element'
11:09:01.016 [AsyncHttpClient-1-6] DEBUG org.asynchttpclient.netty.handler.HttpHandler - 

Request DefaultHttpRequest(decodeResult: success, version: HTTP/1.1)
POST /session/6b6bbe4f0c3a5da35f4c0f0226691d64/element HTTP/1.1
User-Agent: selenium/4.1.2 (java windows)
Content-Length: 166
Content-Type: application/json; charset=utf-8
host: localhost:57451
accept: */*

Response DefaultHttpResponse(decodeResult: success, version: HTTP/1.1)
HTTP/1.1 200 OK
Content-Type: application/json; charset=utf-8
cache-control: no-cache
content-length: 88

11:09:01.016 [AsyncHttpClient-1-6] DEBUG org.asynchttpclient.netty.channel.ChannelManager - Adding key: http://localhost:57451 for channel [id: 0xbda6d52a, L:/127.0.0.1:60768 - R:localhost/127.0.0.1:57451]
11:09:01.022 [Forwarding sendKeysToElement on session 6b6bbe4f0c3a5da35f4c0f0226691d64 to remote] DEBUG org.asynchttpclient.netty.request.NettyRequestSender - Using pooled Channel '[id: 0xbda6d52a, L:/127.0.0.1:60768 - R:localhost/127.0.0.1:57451]' for 'POST' to 'http://localhost:57451/session/6b6bbe4f0c3a5da35f4c0f0226691d64/element/98fe6f57-ba03-4475-85e1-5c3c70b5078e/value'
11:09:01.022 [Forwarding sendKeysToElement on session 6b6bbe4f0c3a5da35f4c0f0226691d64 to remote] DEBUG org.asynchttpclient.netty.request.NettyRequestSender - Using open Channel [id: 0xbda6d52a, L:/127.0.0.1:60768 - R:localhost/127.0.0.1:57451] for POST '/session/6b6bbe4f0c3a5da35f4c0f0226691d64/element/98fe6f57-ba03-4475-85e1-5c3c70b5078e/value'
11:09:01.340 [AsyncHttpClient-1-6] DEBUG org.asynchttpclient.netty.handler.HttpHandler - 

Request DefaultHttpRequest(decodeResult: success, version: HTTP/1.1)
POST /session/6b6bbe4f0c3a5da35f4c0f0226691d64/element/98fe6f57-ba03-4475-85e1-5c3c70b5078e/value HTTP/1.1
User-Agent: selenium/4.1.2 (java windows)
Content-Length: 131
Content-Type: application/json; charset=utf-8
host: localhost:57451
accept: */*

Response DefaultHttpResponse(decodeResult: success, version: HTTP/1.1)
HTTP/1.1 200 OK
Content-Type: application/json; charset=utf-8
cache-control: no-cache
content-length: 14

11:09:01.341 [AsyncHttpClient-1-6] DEBUG org.asynchttpclient.netty.channel.ChannelManager - Adding key: http://localhost:57451 for channel [id: 0xbda6d52a, L:/127.0.0.1:60768 - R:localhost/127.0.0.1:57451]
11:09:01.346 [Forwarding findElement on session 6b6bbe4f0c3a5da35f4c0f0226691d64 to remote] DEBUG org.asynchttpclient.netty.request.NettyRequestSender - Using pooled Channel '[id: 0xbda6d52a, L:/127.0.0.1:60768 - R:localhost/127.0.0.1:57451]' for 'POST' to 'http://localhost:57451/session/6b6bbe4f0c3a5da35f4c0f0226691d64/element'
11:09:01.346 [Forwarding findElement on session 6b6bbe4f0c3a5da35f4c0f0226691d64 to remote] DEBUG org.asynchttpclient.netty.request.NettyRequestSender - Using open Channel [id: 0xbda6d52a, L:/127.0.0.1:60768 - R:localhost/127.0.0.1:57451] for POST '/session/6b6bbe4f0c3a5da35f4c0f0226691d64/element'
11:09:01.370 [AsyncHttpClient-1-6] DEBUG org.asynchttpclient.netty.handler.HttpHandler - 

Request DefaultHttpRequest(decodeResult: success, version: HTTP/1.1)
POST /session/6b6bbe4f0c3a5da35f4c0f0226691d64/element HTTP/1.1
User-Agent: selenium/4.1.2 (java windows)
Content-Length: 166
Content-Type: application/json; charset=utf-8
host: localhost:57451
accept: */*

Response DefaultHttpResponse(decodeResult: success, version: HTTP/1.1)
HTTP/1.1 200 OK
Content-Type: application/json; charset=utf-8
cache-control: no-cache
content-length: 88

11:09:01.371 [AsyncHttpClient-1-6] DEBUG org.asynchttpclient.netty.channel.ChannelManager - Adding key: http://localhost:57451 for channel [id: 0xbda6d52a, L:/127.0.0.1:60768 - R:localhost/127.0.0.1:57451]
11:09:01.374 [Forwarding sendKeysToElement on session 6b6bbe4f0c3a5da35f4c0f0226691d64 to remote] DEBUG org.asynchttpclient.netty.request.NettyRequestSender - Using pooled Channel '[id: 0xbda6d52a, L:/127.0.0.1:60768 - R:localhost/127.0.0.1:57451]' for 'POST' to 'http://localhost:57451/session/6b6bbe4f0c3a5da35f4c0f0226691d64/element/07bebe17-f592-47df-90ba-e6da949158e5/value'
11:09:01.374 [Forwarding sendKeysToElement on session 6b6bbe4f0c3a5da35f4c0f0226691d64 to remote] DEBUG org.asynchttpclient.netty.request.NettyRequestSender - Using open Channel [id: 0xbda6d52a, L:/127.0.0.1:60768 - R:localhost/127.0.0.1:57451] for POST '/session/6b6bbe4f0c3a5da35f4c0f0226691d64/element/07bebe17-f592-47df-90ba-e6da949158e5/value'
11:09:01.524 [AsyncHttpClient-1-1] DEBUG org.asynchttpclient.netty.channel.DefaultChannelPool - Entry count for : http://localhost:60769 : 1
11:09:01.691 [AsyncHttpClient-1-6] DEBUG org.asynchttpclient.netty.handler.HttpHandler - 

Request DefaultHttpRequest(decodeResult: success, version: HTTP/1.1)
POST /session/6b6bbe4f0c3a5da35f4c0f0226691d64/element/07bebe17-f592-47df-90ba-e6da949158e5/value HTTP/1.1
User-Agent: selenium/4.1.2 (java windows)
Content-Length: 131
Content-Type: application/json; charset=utf-8
host: localhost:57451
accept: */*

Response DefaultHttpResponse(decodeResult: success, version: HTTP/1.1)
HTTP/1.1 200 OK
Content-Type: application/json; charset=utf-8
cache-control: no-cache
content-length: 14

11:09:01.691 [AsyncHttpClient-1-6] DEBUG org.asynchttpclient.netty.channel.ChannelManager - Adding key: http://localhost:57451 for channel [id: 0xbda6d52a, L:/127.0.0.1:60768 - R:localhost/127.0.0.1:57451]
11:09:01.696 [Forwarding findElement on session 6b6bbe4f0c3a5da35f4c0f0226691d64 to remote] DEBUG org.asynchttpclient.netty.request.NettyRequestSender - Using pooled Channel '[id: 0xbda6d52a, L:/127.0.0.1:60768 - R:localhost/127.0.0.1:57451]' for 'POST' to 'http://localhost:57451/session/6b6bbe4f0c3a5da35f4c0f0226691d64/element'
11:09:01.696 [Forwarding findElement on session 6b6bbe4f0c3a5da35f4c0f0226691d64 to remote] DEBUG org.asynchttpclient.netty.request.NettyRequestSender - Using open Channel [id: 0xbda6d52a, L:/127.0.0.1:60768 - R:localhost/127.0.0.1:57451] for POST '/session/6b6bbe4f0c3a5da35f4c0f0226691d64/element'
11:09:01.713 [AsyncHttpClient-1-6] DEBUG org.asynchttpclient.netty.handler.HttpHandler - 

Request DefaultHttpRequest(decodeResult: success, version: HTTP/1.1)
POST /session/6b6bbe4f0c3a5da35f4c0f0226691d64/element HTTP/1.1
User-Agent: selenium/4.1.2 (java windows)
Content-Length: 166
Content-Type: application/json; charset=utf-8
host: localhost:57451
accept: */*

Response DefaultHttpResponse(decodeResult: success, version: HTTP/1.1)
HTTP/1.1 200 OK
Content-Type: application/json; charset=utf-8
cache-control: no-cache
content-length: 88

11:09:01.713 [AsyncHttpClient-1-6] DEBUG org.asynchttpclient.netty.channel.ChannelManager - Adding key: http://localhost:57451 for channel [id: 0xbda6d52a, L:/127.0.0.1:60768 - R:localhost/127.0.0.1:57451]
11:09:01.716 [Forwarding sendKeysToElement on session 6b6bbe4f0c3a5da35f4c0f0226691d64 to remote] DEBUG org.asynchttpclient.netty.request.NettyRequestSender - Using pooled Channel '[id: 0xbda6d52a, L:/127.0.0.1:60768 - R:localhost/127.0.0.1:57451]' for 'POST' to 'http://localhost:57451/session/6b6bbe4f0c3a5da35f4c0f0226691d64/element/300e18bb-eb11-42b8-885e-130e04a3e6c6/value'
11:09:01.716 [Forwarding sendKeysToElement on session 6b6bbe4f0c3a5da35f4c0f0226691d64 to remote] DEBUG org.asynchttpclient.netty.request.NettyRequestSender - Using open Channel [id: 0xbda6d52a, L:/127.0.0.1:60768 - R:localhost/127.0.0.1:57451] for POST '/session/6b6bbe4f0c3a5da35f4c0f0226691d64/element/300e18bb-eb11-42b8-885e-130e04a3e6c6/value'
11:09:01.963 [AsyncHttpClient-1-6] DEBUG org.asynchttpclient.netty.handler.HttpHandler - 

Request DefaultHttpRequest(decodeResult: success, version: HTTP/1.1)
POST /session/6b6bbe4f0c3a5da35f4c0f0226691d64/element/300e18bb-eb11-42b8-885e-130e04a3e6c6/value HTTP/1.1
User-Agent: selenium/4.1.2 (java windows)
Content-Length: 131
Content-Type: application/json; charset=utf-8
host: localhost:57451
accept: */*

Response DefaultHttpResponse(decodeResult: success, version: HTTP/1.1)
HTTP/1.1 200 OK
Content-Type: application/json; charset=utf-8
cache-control: no-cache
content-length: 14

11:09:01.963 [AsyncHttpClient-1-6] DEBUG org.asynchttpclient.netty.channel.ChannelManager - Adding key: http://localhost:57451 for channel [id: 0xbda6d52a, L:/127.0.0.1:60768 - R:localhost/127.0.0.1:57451]
11:09:01.972 [Forwarding findElement on session 6b6bbe4f0c3a5da35f4c0f0226691d64 to remote] DEBUG org.asynchttpclient.netty.request.NettyRequestSender - Using pooled Channel '[id: 0xbda6d52a, L:/127.0.0.1:60768 - R:localhost/127.0.0.1:57451]' for 'POST' to 'http://localhost:57451/session/6b6bbe4f0c3a5da35f4c0f0226691d64/element'
11:09:01.972 [Forwarding findElement on session 6b6bbe4f0c3a5da35f4c0f0226691d64 to remote] DEBUG org.asynchttpclient.netty.request.NettyRequestSender - Using open Channel [id: 0xbda6d52a, L:/127.0.0.1:60768 - R:localhost/127.0.0.1:57451] for POST '/session/6b6bbe4f0c3a5da35f4c0f0226691d64/element'
11:09:01.999 [AsyncHttpClient-1-6] DEBUG org.asynchttpclient.netty.handler.HttpHandler - 

Request DefaultHttpRequest(decodeResult: success, version: HTTP/1.1)
POST /session/6b6bbe4f0c3a5da35f4c0f0226691d64/element HTTP/1.1
User-Agent: selenium/4.1.2 (java windows)
Content-Length: 166
Content-Type: application/json; charset=utf-8
host: localhost:57451
accept: */*

Response DefaultHttpResponse(decodeResult: success, version: HTTP/1.1)
HTTP/1.1 200 OK
Content-Type: application/json; charset=utf-8
cache-control: no-cache
content-length: 88

11:09:02.000 [AsyncHttpClient-1-6] DEBUG org.asynchttpclient.netty.channel.ChannelManager - Adding key: http://localhost:57451 for channel [id: 0xbda6d52a, L:/127.0.0.1:60768 - R:localhost/127.0.0.1:57451]
11:09:02.005 [Forwarding sendKeysToElement on session 6b6bbe4f0c3a5da35f4c0f0226691d64 to remote] DEBUG org.asynchttpclient.netty.request.NettyRequestSender - Using pooled Channel '[id: 0xbda6d52a, L:/127.0.0.1:60768 - R:localhost/127.0.0.1:57451]' for 'POST' to 'http://localhost:57451/session/6b6bbe4f0c3a5da35f4c0f0226691d64/element/4b4d63bb-0011-4b52-9413-59a8811b59d2/value'
11:09:02.005 [Forwarding sendKeysToElement on session 6b6bbe4f0c3a5da35f4c0f0226691d64 to remote] DEBUG org.asynchttpclient.netty.request.NettyRequestSender - Using open Channel [id: 0xbda6d52a, L:/127.0.0.1:60768 - R:localhost/127.0.0.1:57451] for POST '/session/6b6bbe4f0c3a5da35f4c0f0226691d64/element/4b4d63bb-0011-4b52-9413-59a8811b59d2/value'
11:09:02.142 [AsyncHttpClient-1-6] DEBUG org.asynchttpclient.netty.handler.HttpHandler - 

Request DefaultHttpRequest(decodeResult: success, version: HTTP/1.1)
POST /session/6b6bbe4f0c3a5da35f4c0f0226691d64/element/4b4d63bb-0011-4b52-9413-59a8811b59d2/value HTTP/1.1
User-Agent: selenium/4.1.2 (java windows)
Content-Length: 82
Content-Type: application/json; charset=utf-8
host: localhost:57451
accept: */*

Response DefaultHttpResponse(decodeResult: success, version: HTTP/1.1)
HTTP/1.1 200 OK
Content-Type: application/json; charset=utf-8
cache-control: no-cache
content-length: 14

11:09:02.142 [AsyncHttpClient-1-6] DEBUG org.asynchttpclient.netty.channel.ChannelManager - Adding key: http://localhost:57451 for channel [id: 0xbda6d52a, L:/127.0.0.1:60768 - R:localhost/127.0.0.1:57451]
11:09:02.157 [Forwarding findElement on session 6b6bbe4f0c3a5da35f4c0f0226691d64 to remote] DEBUG org.asynchttpclient.netty.request.NettyRequestSender - Using pooled Channel '[id: 0xbda6d52a, L:/127.0.0.1:60768 - R:localhost/127.0.0.1:57451]' for 'POST' to 'http://localhost:57451/session/6b6bbe4f0c3a5da35f4c0f0226691d64/element'
11:09:02.159 [Forwarding findElement on session 6b6bbe4f0c3a5da35f4c0f0226691d64 to remote] DEBUG org.asynchttpclient.netty.request.NettyRequestSender - Using open Channel [id: 0xbda6d52a, L:/127.0.0.1:60768 - R:localhost/127.0.0.1:57451] for POST '/session/6b6bbe4f0c3a5da35f4c0f0226691d64/element'
11:09:02.227 [AsyncHttpClient-1-6] DEBUG org.asynchttpclient.netty.handler.HttpHandler - 

Request DefaultHttpRequest(decodeResult: success, version: HTTP/1.1)
POST /session/6b6bbe4f0c3a5da35f4c0f0226691d64/element HTTP/1.1
User-Agent: selenium/4.1.2 (java windows)
Content-Length: 166
Content-Type: application/json; charset=utf-8
host: localhost:57451
accept: */*

Response DefaultHttpResponse(decodeResult: success, version: HTTP/1.1)
HTTP/1.1 200 OK
Content-Type: application/json; charset=utf-8
cache-control: no-cache
content-length: 88

11:09:02.228 [AsyncHttpClient-1-6] DEBUG org.asynchttpclient.netty.channel.ChannelManager - Adding key: http://localhost:57451 for channel [id: 0xbda6d52a, L:/127.0.0.1:60768 - R:localhost/127.0.0.1:57451]
11:09:02.231 [Forwarding sendKeysToElement on session 6b6bbe4f0c3a5da35f4c0f0226691d64 to remote] DEBUG org.asynchttpclient.netty.request.NettyRequestSender - Using pooled Channel '[id: 0xbda6d52a, L:/127.0.0.1:60768 - R:localhost/127.0.0.1:57451]' for 'POST' to 'http://localhost:57451/session/6b6bbe4f0c3a5da35f4c0f0226691d64/element/a4341364-fd8e-4423-806c-ca3fc744d240/value'
11:09:02.231 [Forwarding sendKeysToElement on session 6b6bbe4f0c3a5da35f4c0f0226691d64 to remote] DEBUG org.asynchttpclient.netty.request.NettyRequestSender - Using open Channel [id: 0xbda6d52a, L:/127.0.0.1:60768 - R:localhost/127.0.0.1:57451] for POST '/session/6b6bbe4f0c3a5da35f4c0f0226691d64/element/a4341364-fd8e-4423-806c-ca3fc744d240/value'
11:09:02.637 [AsyncHttpClient-1-1] DEBUG org.asynchttpclient.netty.channel.DefaultChannelPool - Entry count for : http://localhost:60769 : 1
11:09:03.065 [AsyncHttpClient-1-6] DEBUG org.asynchttpclient.netty.handler.HttpHandler - 

Request DefaultHttpRequest(decodeResult: success, version: HTTP/1.1)
POST /session/6b6bbe4f0c3a5da35f4c0f0226691d64/element/a4341364-fd8e-4423-806c-ca3fc744d240/value HTTP/1.1
User-Agent: selenium/4.1.2 (java windows)
Content-Length: 181
Content-Type: application/json; charset=utf-8
host: localhost:57451
accept: */*

Response DefaultHttpResponse(decodeResult: success, version: HTTP/1.1)
HTTP/1.1 200 OK
Content-Type: application/json; charset=utf-8
cache-control: no-cache
content-length: 14

11:09:03.065 [AsyncHttpClient-1-6] DEBUG org.asynchttpclient.netty.channel.ChannelManager - Adding key: http://localhost:57451 for channel [id: 0xbda6d52a, L:/127.0.0.1:60768 - R:localhost/127.0.0.1:57451]
11:09:03.079 [Forwarding screenshot on session 6b6bbe4f0c3a5da35f4c0f0226691d64 to remote] DEBUG org.asynchttpclient.netty.request.NettyRequestSender - Using pooled Channel '[id: 0xbda6d52a, L:/127.0.0.1:60768 - R:localhost/127.0.0.1:57451]' for 'GET' to 'http://localhost:57451/session/6b6bbe4f0c3a5da35f4c0f0226691d64/screenshot'
11:09:03.079 [Forwarding screenshot on session 6b6bbe4f0c3a5da35f4c0f0226691d64 to remote] DEBUG org.asynchttpclient.netty.request.NettyRequestSender - Using open Channel [id: 0xbda6d52a, L:/127.0.0.1:60768 - R:localhost/127.0.0.1:57451] for GET '/session/6b6bbe4f0c3a5da35f4c0f0226691d64/screenshot'
11:09:03.588 [AsyncHttpClient-1-6] DEBUG org.asynchttpclient.netty.handler.HttpHandler - 

Request DefaultFullHttpRequest(decodeResult: success, version: HTTP/1.1, content: EmptyByteBufBE)
GET /session/6b6bbe4f0c3a5da35f4c0f0226691d64/screenshot HTTP/1.1
User-Agent: selenium/4.1.2 (java windows)
Cache-Control: no-cache
Content-Type: application/json; charset=utf-8
host: localhost:57451
accept: */*

Response DefaultHttpResponse(decodeResult: success, version: HTTP/1.1)
HTTP/1.1 200 OK
Content-Type: application/json; charset=utf-8
cache-control: no-cache
content-length: 171420

11:09:03.590 [AsyncHttpClient-1-6] DEBUG org.asynchttpclient.netty.channel.ChannelManager - Adding key: http://localhost:57451 for channel [id: 0xbda6d52a, L:/127.0.0.1:60768 - R:localhost/127.0.0.1:57451]
11:09:03.603 [main] DEBUG net.serenitybdd.core.photography.Darkroom - Send negative for processing for target\site\serenity\943766ef97b8eafea3554929eaf932de223c53e5a1d08fb35986eaea83414e8e.png
11:09:03.604 [main] DEBUG net.thucydides.core.steps.StepInterceptor - STEP DONE: inputDataPasien
  &amp#27;[32mThen &amp#27;[0m&amp#27;[32mI input &amp#27;[0m&amp#27;[32m&amp#27;[1m"Bagas"&amp#27;[0m&amp#27;[32m &amp#27;[0m&amp#27;[32m&amp#27;[1m"12344"&amp#27;[0m&amp#27;[32m &amp#27;[0m&amp#27;[32m&amp#27;[1m"Bedah"&amp#27;[0m&amp#27;[32m &amp#27;[0m&amp#27;[32m&amp#27;[1m""&amp#27;[0m&amp#27;[32m &amp#27;[0m&amp#27;[32m&amp#27;[1m"BagasBedah"&amp#27;[0m&amp#27;[32m dokter&amp#27;[0m &amp#27;[90m# starter.stepdefinitios.DokterDataSteps.iInputDokter(java.lang.String,java.lang.String,java.lang.String,java.lang.String,java.lang.String)&amp#27;[0m
11:09:03.605 [Darkroom Processing Line] DEBUG net.serenitybdd.core.photography.DarkroomProcessingLine - Processing screenshot image in /var/screenshots/screenshot-8217289266594467947
11:09:03.605 [Darkroom Processing Line] DEBUG net.serenitybdd.core.photography.DarkroomProcessingLine - Saving screenshot to target\site\serenity\943766ef97b8eafea3554929eaf932de223c53e5a1d08fb35986eaea83414e8e.png
11:09:03.682 [Forwarding screenshot on session 6b6bbe4f0c3a5da35f4c0f0226691d64 to remote] DEBUG org.asynchttpclient.netty.request.NettyRequestSender - Using pooled Channel '[id: 0xbda6d52a, L:/127.0.0.1:60768 - R:localhost/127.0.0.1:57451]' for 'GET' to 'http://localhost:57451/session/6b6bbe4f0c3a5da35f4c0f0226691d64/screenshot'
11:09:03.682 [Forwarding screenshot on session 6b6bbe4f0c3a5da35f4c0f0226691d64 to remote] DEBUG org.asynchttpclient.netty.request.NettyRequestSender - Using open Channel [id: 0xbda6d52a, L:/127.0.0.1:60768 - R:localhost/127.0.0.1:57451] for GET '/session/6b6bbe4f0c3a5da35f4c0f0226691d64/screenshot'
11:09:03.726 [AsyncHttpClient-1-1] DEBUG org.asynchttpclient.netty.channel.DefaultChannelPool - Entry count for : http://localhost:60769 : 1
11:09:04.246 [AsyncHttpClient-1-6] DEBUG org.asynchttpclient.netty.handler.HttpHandler - 

Request DefaultFullHttpRequest(decodeResult: success, version: HTTP/1.1, content: EmptyByteBufBE)
GET /session/6b6bbe4f0c3a5da35f4c0f0226691d64/screenshot HTTP/1.1
User-Agent: selenium/4.1.2 (java windows)
Cache-Control: no-cache
Content-Type: application/json; charset=utf-8
host: localhost:57451
accept: */*

Response DefaultHttpResponse(decodeResult: success, version: HTTP/1.1)
HTTP/1.1 200 OK
Content-Type: application/json; charset=utf-8
cache-control: no-cache
content-length: 171336

11:09:04.247 [AsyncHttpClient-1-6] DEBUG org.asynchttpclient.netty.channel.ChannelManager - Adding key: http://localhost:57451 for channel [id: 0xbda6d52a, L:/127.0.0.1:60768 - R:localhost/127.0.0.1:57451]
11:09:04.260 [main] DEBUG net.serenitybdd.core.photography.Darkroom - Send negative for processing for target\site\serenity\625f0eeabfe4a7cf610bbbfefce45d9d3763d37bacc4f29394e4850a9962b9b1.png
11:09:04.261 [main] DEBUG net.thucydides.core.steps.StepInterceptor - STARTING STEP: PatientDataSteps.clickButtonSimpan - clickButtonSave
11:09:04.269 [Forwarding findElement on session 6b6bbe4f0c3a5da35f4c0f0226691d64 to remote] DEBUG org.asynchttpclient.netty.request.NettyRequestSender - Using pooled Channel '[id: 0xbda6d52a, L:/127.0.0.1:60768 - R:localhost/127.0.0.1:57451]' for 'POST' to 'http://localhost:57451/session/6b6bbe4f0c3a5da35f4c0f0226691d64/element'
11:09:04.269 [Forwarding findElement on session 6b6bbe4f0c3a5da35f4c0f0226691d64 to remote] DEBUG org.asynchttpclient.netty.request.NettyRequestSender - Using open Channel [id: 0xbda6d52a, L:/127.0.0.1:60768 - R:localhost/127.0.0.1:57451] for POST '/session/6b6bbe4f0c3a5da35f4c0f0226691d64/element'
11:09:04.271 [Darkroom Processing Line] DEBUG net.serenitybdd.core.photography.DarkroomProcessingLine - Processing screenshot image in /var/screenshots/screenshot-713989756073590421
11:09:04.271 [Darkroom Processing Line] DEBUG net.serenitybdd.core.photography.DarkroomProcessingLine - Saving screenshot to target\site\serenity\625f0eeabfe4a7cf610bbbfefce45d9d3763d37bacc4f29394e4850a9962b9b1.png
11:09:04.312 [AsyncHttpClient-1-6] DEBUG org.asynchttpclient.netty.handler.HttpHandler - 

Request DefaultHttpRequest(decodeResult: success, version: HTTP/1.1)
POST /session/6b6bbe4f0c3a5da35f4c0f0226691d64/element HTTP/1.1
User-Agent: selenium/4.1.2 (java windows)
Content-Length: 149
Content-Type: application/json; charset=utf-8
host: localhost:57451
accept: */*

Response DefaultHttpResponse(decodeResult: success, version: HTTP/1.1)
HTTP/1.1 200 OK
Content-Type: application/json; charset=utf-8
cache-control: no-cache
content-length: 88

11:09:04.312 [AsyncHttpClient-1-6] DEBUG org.asynchttpclient.netty.channel.ChannelManager - Adding key: http://localhost:57451 for channel [id: 0xbda6d52a, L:/127.0.0.1:60768 - R:localhost/127.0.0.1:57451]
11:09:04.315 [Forwarding getElementTagName on session 6b6bbe4f0c3a5da35f4c0f0226691d64 to remote] DEBUG org.asynchttpclient.netty.request.NettyRequestSender - Using pooled Channel '[id: 0xbda6d52a, L:/127.0.0.1:60768 - R:localhost/127.0.0.1:57451]' for 'GET' to 'http://localhost:57451/session/6b6bbe4f0c3a5da35f4c0f0226691d64/element/7f652ed1-9df4-4011-9fd7-2c55094f1c42/name'
11:09:04.315 [Forwarding getElementTagName on session 6b6bbe4f0c3a5da35f4c0f0226691d64 to remote] DEBUG org.asynchttpclient.netty.request.NettyRequestSender - Using open Channel [id: 0xbda6d52a, L:/127.0.0.1:60768 - R:localhost/127.0.0.1:57451] for GET '/session/6b6bbe4f0c3a5da35f4c0f0226691d64/element/7f652ed1-9df4-4011-9fd7-2c55094f1c42/name'
11:09:04.328 [AsyncHttpClient-1-6] DEBUG org.asynchttpclient.netty.handler.HttpHandler - 

Request DefaultFullHttpRequest(decodeResult: success, version: HTTP/1.1, content: EmptyByteBufBE)
GET /session/6b6bbe4f0c3a5da35f4c0f0226691d64/element/7f652ed1-9df4-4011-9fd7-2c55094f1c42/name HTTP/1.1
User-Agent: selenium/4.1.2 (java windows)
Cache-Control: no-cache
Content-Type: application/json; charset=utf-8
host: localhost:57451
accept: */*

Response DefaultHttpResponse(decodeResult: success, version: HTTP/1.1)
HTTP/1.1 200 OK
Content-Type: application/json; charset=utf-8
cache-control: no-cache
content-length: 18

11:09:04.328 [AsyncHttpClient-1-6] DEBUG org.asynchttpclient.netty.channel.ChannelManager - Adding key: http://localhost:57451 for channel [id: 0xbda6d52a, L:/127.0.0.1:60768 - R:localhost/127.0.0.1:57451]
11:09:04.330 [Forwarding getElementTagName on session 6b6bbe4f0c3a5da35f4c0f0226691d64 to remote] DEBUG org.asynchttpclient.netty.request.NettyRequestSender - Using pooled Channel '[id: 0xbda6d52a, L:/127.0.0.1:60768 - R:localhost/127.0.0.1:57451]' for 'GET' to 'http://localhost:57451/session/6b6bbe4f0c3a5da35f4c0f0226691d64/element/7f652ed1-9df4-4011-9fd7-2c55094f1c42/name'
11:09:04.330 [Forwarding getElementTagName on session 6b6bbe4f0c3a5da35f4c0f0226691d64 to remote] DEBUG org.asynchttpclient.netty.request.NettyRequestSender - Using open Channel [id: 0xbda6d52a, L:/127.0.0.1:60768 - R:localhost/127.0.0.1:57451] for GET '/session/6b6bbe4f0c3a5da35f4c0f0226691d64/element/7f652ed1-9df4-4011-9fd7-2c55094f1c42/name'
11:09:04.339 [AsyncHttpClient-1-6] DEBUG org.asynchttpclient.netty.handler.HttpHandler - 

Request DefaultFullHttpRequest(decodeResult: success, version: HTTP/1.1, content: EmptyByteBufBE)
GET /session/6b6bbe4f0c3a5da35f4c0f0226691d64/element/7f652ed1-9df4-4011-9fd7-2c55094f1c42/name HTTP/1.1
User-Agent: selenium/4.1.2 (java windows)
Cache-Control: no-cache
Content-Type: application/json; charset=utf-8
host: localhost:57451
accept: */*

Response DefaultHttpResponse(decodeResult: success, version: HTTP/1.1)
HTTP/1.1 200 OK
Content-Type: application/json; charset=utf-8
cache-control: no-cache
content-length: 18

11:09:04.339 [AsyncHttpClient-1-6] DEBUG org.asynchttpclient.netty.channel.ChannelManager - Adding key: http://localhost:57451 for channel [id: 0xbda6d52a, L:/127.0.0.1:60768 - R:localhost/127.0.0.1:57451]
11:09:04.343 [Forwarding isElementEnabled on session 6b6bbe4f0c3a5da35f4c0f0226691d64 to remote] DEBUG org.asynchttpclient.netty.request.NettyRequestSender - Using pooled Channel '[id: 0xbda6d52a, L:/127.0.0.1:60768 - R:localhost/127.0.0.1:57451]' for 'GET' to 'http://localhost:57451/session/6b6bbe4f0c3a5da35f4c0f0226691d64/element/7f652ed1-9df4-4011-9fd7-2c55094f1c42/enabled'
11:09:04.343 [Forwarding isElementEnabled on session 6b6bbe4f0c3a5da35f4c0f0226691d64 to remote] DEBUG org.asynchttpclient.netty.request.NettyRequestSender - Using open Channel [id: 0xbda6d52a, L:/127.0.0.1:60768 - R:localhost/127.0.0.1:57451] for GET '/session/6b6bbe4f0c3a5da35f4c0f0226691d64/element/7f652ed1-9df4-4011-9fd7-2c55094f1c42/enabled'
11:09:04.365 [AsyncHttpClient-1-6] DEBUG org.asynchttpclient.netty.handler.HttpHandler - 

Request DefaultFullHttpRequest(decodeResult: success, version: HTTP/1.1, content: EmptyByteBufBE)
GET /session/6b6bbe4f0c3a5da35f4c0f0226691d64/element/7f652ed1-9df4-4011-9fd7-2c55094f1c42/enabled HTTP/1.1
User-Agent: selenium/4.1.2 (java windows)
Cache-Control: no-cache
Content-Type: application/json; charset=utf-8
host: localhost:57451
accept: */*

Response DefaultHttpResponse(decodeResult: success, version: HTTP/1.1)
HTTP/1.1 200 OK
Content-Type: application/json; charset=utf-8
cache-control: no-cache
content-length: 14

11:09:04.365 [AsyncHttpClient-1-6] DEBUG org.asynchttpclient.netty.channel.ChannelManager - Adding key: http://localhost:57451 for channel [id: 0xbda6d52a, L:/127.0.0.1:60768 - R:localhost/127.0.0.1:57451]
11:09:04.369 [Forwarding isElementEnabled on session 6b6bbe4f0c3a5da35f4c0f0226691d64 to remote] DEBUG org.asynchttpclient.netty.request.NettyRequestSender - Using pooled Channel '[id: 0xbda6d52a, L:/127.0.0.1:60768 - R:localhost/127.0.0.1:57451]' for 'GET' to 'http://localhost:57451/session/6b6bbe4f0c3a5da35f4c0f0226691d64/element/7f652ed1-9df4-4011-9fd7-2c55094f1c42/enabled'
11:09:04.369 [Forwarding isElementEnabled on session 6b6bbe4f0c3a5da35f4c0f0226691d64 to remote] DEBUG org.asynchttpclient.netty.request.NettyRequestSender - Using open Channel [id: 0xbda6d52a, L:/127.0.0.1:60768 - R:localhost/127.0.0.1:57451] for GET '/session/6b6bbe4f0c3a5da35f4c0f0226691d64/element/7f652ed1-9df4-4011-9fd7-2c55094f1c42/enabled'
11:09:04.395 [AsyncHttpClient-1-6] DEBUG org.asynchttpclient.netty.handler.HttpHandler - 

Request DefaultFullHttpRequest(decodeResult: success, version: HTTP/1.1, content: EmptyByteBufBE)
GET /session/6b6bbe4f0c3a5da35f4c0f0226691d64/element/7f652ed1-9df4-4011-9fd7-2c55094f1c42/enabled HTTP/1.1
User-Agent: selenium/4.1.2 (java windows)
Cache-Control: no-cache
Content-Type: application/json; charset=utf-8
host: localhost:57451
accept: */*

Response DefaultHttpResponse(decodeResult: success, version: HTTP/1.1)
HTTP/1.1 200 OK
Content-Type: application/json; charset=utf-8
cache-control: no-cache
content-length: 14

11:09:04.395 [AsyncHttpClient-1-6] DEBUG org.asynchttpclient.netty.channel.ChannelManager - Adding key: http://localhost:57451 for channel [id: 0xbda6d52a, L:/127.0.0.1:60768 - R:localhost/127.0.0.1:57451]
11:09:04.399 [Forwarding findElement on session 6b6bbe4f0c3a5da35f4c0f0226691d64 to remote] DEBUG org.asynchttpclient.netty.request.NettyRequestSender - Using pooled Channel '[id: 0xbda6d52a, L:/127.0.0.1:60768 - R:localhost/127.0.0.1:57451]' for 'POST' to 'http://localhost:57451/session/6b6bbe4f0c3a5da35f4c0f0226691d64/element'
11:09:04.399 [Forwarding findElement on session 6b6bbe4f0c3a5da35f4c0f0226691d64 to remote] DEBUG org.asynchttpclient.netty.request.NettyRequestSender - Using open Channel [id: 0xbda6d52a, L:/127.0.0.1:60768 - R:localhost/127.0.0.1:57451] for POST '/session/6b6bbe4f0c3a5da35f4c0f0226691d64/element'
11:09:04.418 [AsyncHttpClient-1-6] DEBUG org.asynchttpclient.netty.handler.HttpHandler - 

Request DefaultHttpRequest(decodeResult: success, version: HTTP/1.1)
POST /session/6b6bbe4f0c3a5da35f4c0f0226691d64/element HTTP/1.1
User-Agent: selenium/4.1.2 (java windows)
Content-Length: 149
Content-Type: application/json; charset=utf-8
host: localhost:57451
accept: */*

Response DefaultHttpResponse(decodeResult: success, version: HTTP/1.1)
HTTP/1.1 200 OK
Content-Type: application/json; charset=utf-8
cache-control: no-cache
content-length: 88

11:09:04.419 [AsyncHttpClient-1-6] DEBUG org.asynchttpclient.netty.channel.ChannelManager - Adding key: http://localhost:57451 for channel [id: 0xbda6d52a, L:/127.0.0.1:60768 - R:localhost/127.0.0.1:57451]
11:09:04.421 [Forwarding clickElement on session 6b6bbe4f0c3a5da35f4c0f0226691d64 to remote] DEBUG org.asynchttpclient.netty.request.NettyRequestSender - Using pooled Channel '[id: 0xbda6d52a, L:/127.0.0.1:60768 - R:localhost/127.0.0.1:57451]' for 'POST' to 'http://localhost:57451/session/6b6bbe4f0c3a5da35f4c0f0226691d64/element/7f652ed1-9df4-4011-9fd7-2c55094f1c42/click'
11:09:04.421 [Forwarding clickElement on session 6b6bbe4f0c3a5da35f4c0f0226691d64 to remote] DEBUG org.asynchttpclient.netty.request.NettyRequestSender - Using open Channel [id: 0xbda6d52a, L:/127.0.0.1:60768 - R:localhost/127.0.0.1:57451] for POST '/session/6b6bbe4f0c3a5da35f4c0f0226691d64/element/7f652ed1-9df4-4011-9fd7-2c55094f1c42/click'
11:09:04.559 [AsyncHttpClient-1-6] DEBUG org.asynchttpclient.netty.handler.HttpHandler - 

Request DefaultHttpRequest(decodeResult: success, version: HTTP/1.1)
POST /session/6b6bbe4f0c3a5da35f4c0f0226691d64/element/7f652ed1-9df4-4011-9fd7-2c55094f1c42/click HTTP/1.1
User-Agent: selenium/4.1.2 (java windows)
Content-Length: 50
Content-Type: application/json; charset=utf-8
host: localhost:57451
accept: */*

Response DefaultHttpResponse(decodeResult: success, version: HTTP/1.1)
HTTP/1.1 200 OK
Content-Type: application/json; charset=utf-8
cache-control: no-cache
content-length: 14

11:09:04.559 [AsyncHttpClient-1-6] DEBUG org.asynchttpclient.netty.channel.ChannelManager - Adding key: http://localhost:57451 for channel [id: 0xbda6d52a, L:/127.0.0.1:60768 - R:localhost/127.0.0.1:57451]
11:09:04.589 [Forwarding screenshot on session 6b6bbe4f0c3a5da35f4c0f0226691d64 to remote] DEBUG org.asynchttpclient.netty.request.NettyRequestSender - Using pooled Channel '[id: 0xbda6d52a, L:/127.0.0.1:60768 - R:localhost/127.0.0.1:57451]' for 'GET' to 'http://localhost:57451/session/6b6bbe4f0c3a5da35f4c0f0226691d64/screenshot'
11:09:04.589 [Forwarding screenshot on session 6b6bbe4f0c3a5da35f4c0f0226691d64 to remote] DEBUG org.asynchttpclient.netty.request.NettyRequestSender - Using open Channel [id: 0xbda6d52a, L:/127.0.0.1:60768 - R:localhost/127.0.0.1:57451] for GET '/session/6b6bbe4f0c3a5da35f4c0f0226691d64/screenshot'
11:09:04.839 [AsyncHttpClient-1-1] DEBUG org.asynchttpclient.netty.channel.DefaultChannelPool - Entry count for : http://localhost:60769 : 1
11:09:05.265 [AsyncHttpClient-1-6] DEBUG org.asynchttpclient.netty.handler.HttpHandler - 

Request DefaultFullHttpRequest(decodeResult: success, version: HTTP/1.1, content: EmptyByteBufBE)
GET /session/6b6bbe4f0c3a5da35f4c0f0226691d64/screenshot HTTP/1.1
User-Agent: selenium/4.1.2 (java windows)
Cache-Control: no-cache
Content-Type: application/json; charset=utf-8
host: localhost:57451
accept: */*

Response DefaultHttpResponse(decodeResult: success, version: HTTP/1.1)
HTTP/1.1 500 Internal Server Error
Content-Type: application/json; charset=utf-8
cache-control: no-cache
content-length: 882

11:09:05.266 [AsyncHttpClient-1-6] DEBUG org.asynchttpclient.netty.channel.ChannelManager - Adding key: http://localhost:57451 for channel [id: 0xbda6d52a, L:/127.0.0.1:60768 - R:localhost/127.0.0.1:57451]
11:09:05.268 [main] WARN net.thucydides.core.webdriver.WebDriverFacade - Failed to take screenshot (unexpected alert open: <unknown>
  (Session info: chrome=102.0.5005.115): 
Build info: version: '4.1.2', revision: '9a5a329c5a'
System info: host: 'MOOK-HON', ip: '192.168.100.6', os.name: 'Windows 10', os.arch: 'amd64', os.version: '10.0', java.version: '11.0.14'
Driver info: org.openqa.selenium.chrome.ChromeDriver
Command: [6b6bbe4f0c3a5da35f4c0f0226691d64, screenshot {}]
Capabilities {acceptInsecureCerts: false, browserName: chrome, browserVersion: 102.0.5005.115, chrome: {chromedriverVersion: 102.0.5005.61 (0e59bcc00cc4..., userDataDir: C:\Users\ASUS\AppData\Local...}, goog:chromeOptions: {debuggerAddress: localhost:60769}, javascriptEnabled: true, networkConnectionEnabled: false, pageLoadStrategy: normal, platform: WINDOWS, platformName: WINDOWS, proxy: Proxy(), se:cdp: ws://localhost:60769/devtoo..., se:cdpVersion: 102.0.5005.115, setWindowRect: true, strictFileInteractability: false, timeouts: {implicit: 0, pageLoad: 300000, script: 30000}, unhandledPromptBehavior: dismiss and notify, webauthn:extension:credBlob: true, webauthn:extension:largeBlob: true, webauthn:virtualAuthenticators: true}
Session ID: 6b6bbe4f0c3a5da35f4c0f0226691d64)
11:09:05.268 [main] DEBUG net.thucydides.core.steps.StepInterceptor - STEP DONE: clickButtonSave
  &amp#27;[32mAnd &amp#27;[0m&amp#27;[32mClick button simpan&amp#27;[0m                                     &amp#27;[90m# starter.stepdefinitios.PatientDataSteps.clickButtonSimpan()&amp#27;[0m
11:09:05.281 [Forwarding screenshot on session 6b6bbe4f0c3a5da35f4c0f0226691d64 to remote] DEBUG org.asynchttpclient.netty.request.NettyRequestSender - Using pooled Channel '[id: 0xbda6d52a, L:/127.0.0.1:60768 - R:localhost/127.0.0.1:57451]' for 'GET' to 'http://localhost:57451/session/6b6bbe4f0c3a5da35f4c0f0226691d64/screenshot'
11:09:05.281 [Forwarding screenshot on session 6b6bbe4f0c3a5da35f4c0f0226691d64 to remote] DEBUG org.asynchttpclient.netty.request.NettyRequestSender - Using open Channel [id: 0xbda6d52a, L:/127.0.0.1:60768 - R:localhost/127.0.0.1:57451] for GET '/session/6b6bbe4f0c3a5da35f4c0f0226691d64/screenshot'
11:09:05.310 [AsyncHttpClient-1-6] DEBUG org.asynchttpclient.netty.handler.HttpHandler - 

Request DefaultFullHttpRequest(decodeResult: success, version: HTTP/1.1, content: EmptyByteBufBE)
GET /session/6b6bbe4f0c3a5da35f4c0f0226691d64/screenshot HTTP/1.1
User-Agent: selenium/4.1.2 (java windows)
Cache-Control: no-cache
Content-Type: application/json; charset=utf-8
host: localhost:57451
accept: */*

Response DefaultHttpResponse(decodeResult: success, version: HTTP/1.1)
HTTP/1.1 500 Internal Server Error
Content-Type: application/json; charset=utf-8
cache-control: no-cache
content-length: 917

11:09:05.310 [AsyncHttpClient-1-6] DEBUG org.asynchttpclient.netty.channel.ChannelManager - Adding key: http://localhost:57451 for channel [id: 0xbda6d52a, L:/127.0.0.1:60768 - R:localhost/127.0.0.1:57451]
11:09:05.312 [main] WARN net.thucydides.core.webdriver.WebDriverFacade - Failed to take screenshot (unexpected alert open: {Alert text : data telah diubah}
  (Session info: chrome=102.0.5005.115): data telah diubah
Build info: version: '4.1.2', revision: '9a5a329c5a'
System info: host: 'MOOK-HON', ip: '192.168.100.6', os.name: 'Windows 10', os.arch: 'amd64', os.version: '10.0', java.version: '11.0.14'
Driver info: org.openqa.selenium.chrome.ChromeDriver
Command: [6b6bbe4f0c3a5da35f4c0f0226691d64, screenshot {}]
Capabilities {acceptInsecureCerts: false, browserName: chrome, browserVersion: 102.0.5005.115, chrome: {chromedriverVersion: 102.0.5005.61 (0e59bcc00cc4..., userDataDir: C:\Users\ASUS\AppData\Local...}, goog:chromeOptions: {debuggerAddress: localhost:60769}, javascriptEnabled: true, networkConnectionEnabled: false, pageLoadStrategy: normal, platform: WINDOWS, platformName: WINDOWS, proxy: Proxy(), se:cdp: ws://localhost:60769/devtoo..., se:cdpVersion: 102.0.5005.115, setWindowRect: true, strictFileInteractability: false, timeouts: {implicit: 0, pageLoad: 300000, script: 30000}, unhandledPromptBehavior: dismiss and notify, webauthn:extension:credBlob: true, webauthn:extension:largeBlob: true, webauthn:virtualAuthenticators: true}
Session ID: 6b6bbe4f0c3a5da35f4c0f0226691d64)
11:09:05.343 [Forwarding screenshot on session 6b6bbe4f0c3a5da35f4c0f0226691d64 to remote] DEBUG org.asynchttpclient.netty.request.NettyRequestSender - Using pooled Channel '[id: 0xbda6d52a, L:/127.0.0.1:60768 - R:localhost/127.0.0.1:57451]' for 'GET' to 'http://localhost:57451/session/6b6bbe4f0c3a5da35f4c0f0226691d64/screenshot'
11:09:05.343 [Forwarding screenshot on session 6b6bbe4f0c3a5da35f4c0f0226691d64 to remote] DEBUG org.asynchttpclient.netty.request.NettyRequestSender - Using open Channel [id: 0xbda6d52a, L:/127.0.0.1:60768 - R:localhost/127.0.0.1:57451] for GET '/session/6b6bbe4f0c3a5da35f4c0f0226691d64/screenshot'
11:09:05.867 [AsyncHttpClient-1-6] DEBUG org.asynchttpclient.netty.handler.HttpHandler - 

Request DefaultFullHttpRequest(decodeResult: success, version: HTTP/1.1, content: EmptyByteBufBE)
GET /session/6b6bbe4f0c3a5da35f4c0f0226691d64/screenshot HTTP/1.1
User-Agent: selenium/4.1.2 (java windows)
Cache-Control: no-cache
Content-Type: application/json; charset=utf-8
host: localhost:57451
accept: */*

Response DefaultHttpResponse(decodeResult: success, version: HTTP/1.1)
HTTP/1.1 200 OK
Content-Type: application/json; charset=utf-8
cache-control: no-cache
content-length: 235720

11:09:05.872 [AsyncHttpClient-1-6] DEBUG org.asynchttpclient.netty.channel.ChannelManager - Adding key: http://localhost:57451 for channel [id: 0xbda6d52a, L:/127.0.0.1:60768 - R:localhost/127.0.0.1:57451]
11:09:05.887 [main] DEBUG net.serenitybdd.core.photography.Darkroom - Send negative for processing for target\site\serenity\2dac3c0022670f20dd2e9e920bfe35a9ab06a759de5db1b546baaa73f46e7eb6.png
11:09:05.888 [Darkroom Processing Line] DEBUG net.serenitybdd.core.photography.DarkroomProcessingLine - Processing screenshot image in /var/screenshots/screenshot-6120802688916758648
11:09:05.888 [Darkroom Processing Line] DEBUG net.serenitybdd.core.photography.DarkroomProcessingLine - Saving screenshot to target\site\serenity\2dac3c0022670f20dd2e9e920bfe35a9ab06a759de5db1b546baaa73f46e7eb6.png
11:09:05.921 [AsyncHttpClient-1-1] DEBUG org.asynchttpclient.netty.channel.DefaultChannelPool - Entry count for : http://localhost:57451 : 1
11:09:05.921 [AsyncHttpClient-1-1] DEBUG org.asynchttpclient.netty.channel.DefaultChannelPool - Entry count for : http://localhost:60769 : 1
11:09:06.415 [Forwarding screenshot on session 6b6bbe4f0c3a5da35f4c0f0226691d64 to remote] DEBUG org.asynchttpclient.netty.request.NettyRequestSender - Using pooled Channel '[id: 0xbda6d52a, L:/127.0.0.1:60768 - R:localhost/127.0.0.1:57451]' for 'GET' to 'http://localhost:57451/session/6b6bbe4f0c3a5da35f4c0f0226691d64/screenshot'
11:09:06.415 [Forwarding screenshot on session 6b6bbe4f0c3a5da35f4c0f0226691d64 to remote] DEBUG org.asynchttpclient.netty.request.NettyRequestSender - Using open Channel [id: 0xbda6d52a, L:/127.0.0.1:60768 - R:localhost/127.0.0.1:57451] for GET '/session/6b6bbe4f0c3a5da35f4c0f0226691d64/screenshot'
11:09:06.664 [AsyncHttpClient-1-6] DEBUG org.asynchttpclient.netty.handler.HttpHandler - 

Request DefaultFullHttpRequest(decodeResult: success, version: HTTP/1.1, content: EmptyByteBufBE)
GET /session/6b6bbe4f0c3a5da35f4c0f0226691d64/screenshot HTTP/1.1
User-Agent: selenium/4.1.2 (java windows)
Cache-Control: no-cache
Content-Type: application/json; charset=utf-8
host: localhost:57451
accept: */*

Response DefaultHttpResponse(decodeResult: success, version: HTTP/1.1)
HTTP/1.1 200 OK
Content-Type: application/json; charset=utf-8
cache-control: no-cache
content-length: 261972

11:09:06.670 [AsyncHttpClient-1-6] DEBUG org.asynchttpclient.netty.channel.ChannelManager - Adding key: http://localhost:57451 for channel [id: 0xbda6d52a, L:/127.0.0.1:60768 - R:localhost/127.0.0.1:57451]
11:09:06.686 [main] DEBUG net.serenitybdd.core.photography.Darkroom - Send negative for processing for target\site\serenity\fc05cb9f7242aaecb1bc081aed0fbfa8da3ac416d21e507470954e2db577ad57.png
11:09:06.687 [main] DEBUG net.thucydides.core.steps.StepInterceptor - STARTING STEP: PatientDataSteps.validEditData - clickButtonBack
11:09:06.687 [Darkroom Processing Line] DEBUG net.serenitybdd.core.photography.DarkroomProcessingLine - Processing screenshot image in /var/screenshots/screenshot-4528813996682932740
11:09:06.687 [Darkroom Processing Line] DEBUG net.serenitybdd.core.photography.DarkroomProcessingLine - Saving screenshot to target\site\serenity\fc05cb9f7242aaecb1bc081aed0fbfa8da3ac416d21e507470954e2db577ad57.png
11:09:06.693 [Forwarding findElement on session 6b6bbe4f0c3a5da35f4c0f0226691d64 to remote] DEBUG org.asynchttpclient.netty.request.NettyRequestSender - Using pooled Channel '[id: 0xbda6d52a, L:/127.0.0.1:60768 - R:localhost/127.0.0.1:57451]' for 'POST' to 'http://localhost:57451/session/6b6bbe4f0c3a5da35f4c0f0226691d64/element'
11:09:06.693 [Forwarding findElement on session 6b6bbe4f0c3a5da35f4c0f0226691d64 to remote] DEBUG org.asynchttpclient.netty.request.NettyRequestSender - Using open Channel [id: 0xbda6d52a, L:/127.0.0.1:60768 - R:localhost/127.0.0.1:57451] for POST '/session/6b6bbe4f0c3a5da35f4c0f0226691d64/element'
11:09:06.724 [AsyncHttpClient-1-6] DEBUG org.asynchttpclient.netty.handler.HttpHandler - 

Request DefaultHttpRequest(decodeResult: success, version: HTTP/1.1)
POST /session/6b6bbe4f0c3a5da35f4c0f0226691d64/element HTTP/1.1
User-Agent: selenium/4.1.2 (java windows)
Content-Length: 137
Content-Type: application/json; charset=utf-8
host: localhost:57451
accept: */*

Response DefaultHttpResponse(decodeResult: success, version: HTTP/1.1)
HTTP/1.1 200 OK
Content-Type: application/json; charset=utf-8
cache-control: no-cache
content-length: 88

11:09:06.724 [AsyncHttpClient-1-6] DEBUG org.asynchttpclient.netty.channel.ChannelManager - Adding key: http://localhost:57451 for channel [id: 0xbda6d52a, L:/127.0.0.1:60768 - R:localhost/127.0.0.1:57451]
11:09:06.727 [Forwarding getElementTagName on session 6b6bbe4f0c3a5da35f4c0f0226691d64 to remote] DEBUG org.asynchttpclient.netty.request.NettyRequestSender - Using pooled Channel '[id: 0xbda6d52a, L:/127.0.0.1:60768 - R:localhost/127.0.0.1:57451]' for 'GET' to 'http://localhost:57451/session/6b6bbe4f0c3a5da35f4c0f0226691d64/element/8c605b81-245c-4162-a4da-abf0e7c57f7d/name'
11:09:06.727 [Forwarding getElementTagName on session 6b6bbe4f0c3a5da35f4c0f0226691d64 to remote] DEBUG org.asynchttpclient.netty.request.NettyRequestSender - Using open Channel [id: 0xbda6d52a, L:/127.0.0.1:60768 - R:localhost/127.0.0.1:57451] for GET '/session/6b6bbe4f0c3a5da35f4c0f0226691d64/element/8c605b81-245c-4162-a4da-abf0e7c57f7d/name'
11:09:06.739 [AsyncHttpClient-1-6] DEBUG org.asynchttpclient.netty.handler.HttpHandler - 

Request DefaultFullHttpRequest(decodeResult: success, version: HTTP/1.1, content: EmptyByteBufBE)
GET /session/6b6bbe4f0c3a5da35f4c0f0226691d64/element/8c605b81-245c-4162-a4da-abf0e7c57f7d/name HTTP/1.1
User-Agent: selenium/4.1.2 (java windows)
Cache-Control: no-cache
Content-Type: application/json; charset=utf-8
host: localhost:57451
accept: */*

Response DefaultHttpResponse(decodeResult: success, version: HTTP/1.1)
HTTP/1.1 200 OK
Content-Type: application/json; charset=utf-8
cache-control: no-cache
content-length: 18

11:09:06.740 [AsyncHttpClient-1-6] DEBUG org.asynchttpclient.netty.channel.ChannelManager - Adding key: http://localhost:57451 for channel [id: 0xbda6d52a, L:/127.0.0.1:60768 - R:localhost/127.0.0.1:57451]
11:09:06.743 [Forwarding getElementTagName on session 6b6bbe4f0c3a5da35f4c0f0226691d64 to remote] DEBUG org.asynchttpclient.netty.request.NettyRequestSender - Using pooled Channel '[id: 0xbda6d52a, L:/127.0.0.1:60768 - R:localhost/127.0.0.1:57451]' for 'GET' to 'http://localhost:57451/session/6b6bbe4f0c3a5da35f4c0f0226691d64/element/8c605b81-245c-4162-a4da-abf0e7c57f7d/name'
11:09:06.743 [Forwarding getElementTagName on session 6b6bbe4f0c3a5da35f4c0f0226691d64 to remote] DEBUG org.asynchttpclient.netty.request.NettyRequestSender - Using open Channel [id: 0xbda6d52a, L:/127.0.0.1:60768 - R:localhost/127.0.0.1:57451] for GET '/session/6b6bbe4f0c3a5da35f4c0f0226691d64/element/8c605b81-245c-4162-a4da-abf0e7c57f7d/name'
11:09:06.750 [AsyncHttpClient-1-6] DEBUG org.asynchttpclient.netty.handler.HttpHandler - 

Request DefaultFullHttpRequest(decodeResult: success, version: HTTP/1.1, content: EmptyByteBufBE)
GET /session/6b6bbe4f0c3a5da35f4c0f0226691d64/element/8c605b81-245c-4162-a4da-abf0e7c57f7d/name HTTP/1.1
User-Agent: selenium/4.1.2 (java windows)
Cache-Control: no-cache
Content-Type: application/json; charset=utf-8
host: localhost:57451
accept: */*

Response DefaultHttpResponse(decodeResult: success, version: HTTP/1.1)
HTTP/1.1 200 OK
Content-Type: application/json; charset=utf-8
cache-control: no-cache
content-length: 18

11:09:06.750 [AsyncHttpClient-1-6] DEBUG org.asynchttpclient.netty.channel.ChannelManager - Adding key: http://localhost:57451 for channel [id: 0xbda6d52a, L:/127.0.0.1:60768 - R:localhost/127.0.0.1:57451]
11:09:06.755 [Forwarding isElementEnabled on session 6b6bbe4f0c3a5da35f4c0f0226691d64 to remote] DEBUG org.asynchttpclient.netty.request.NettyRequestSender - Using pooled Channel '[id: 0xbda6d52a, L:/127.0.0.1:60768 - R:localhost/127.0.0.1:57451]' for 'GET' to 'http://localhost:57451/session/6b6bbe4f0c3a5da35f4c0f0226691d64/element/8c605b81-245c-4162-a4da-abf0e7c57f7d/enabled'
11:09:06.755 [Forwarding isElementEnabled on session 6b6bbe4f0c3a5da35f4c0f0226691d64 to remote] DEBUG org.asynchttpclient.netty.request.NettyRequestSender - Using open Channel [id: 0xbda6d52a, L:/127.0.0.1:60768 - R:localhost/127.0.0.1:57451] for GET '/session/6b6bbe4f0c3a5da35f4c0f0226691d64/element/8c605b81-245c-4162-a4da-abf0e7c57f7d/enabled'
11:09:06.772 [AsyncHttpClient-1-6] DEBUG org.asynchttpclient.netty.handler.HttpHandler - 

Request DefaultFullHttpRequest(decodeResult: success, version: HTTP/1.1, content: EmptyByteBufBE)
GET /session/6b6bbe4f0c3a5da35f4c0f0226691d64/element/8c605b81-245c-4162-a4da-abf0e7c57f7d/enabled HTTP/1.1
User-Agent: selenium/4.1.2 (java windows)
Cache-Control: no-cache
Content-Type: application/json; charset=utf-8
host: localhost:57451
accept: */*

Response DefaultHttpResponse(decodeResult: success, version: HTTP/1.1)
HTTP/1.1 200 OK
Content-Type: application/json; charset=utf-8
cache-control: no-cache
content-length: 14

11:09:06.772 [AsyncHttpClient-1-6] DEBUG org.asynchttpclient.netty.channel.ChannelManager - Adding key: http://localhost:57451 for channel [id: 0xbda6d52a, L:/127.0.0.1:60768 - R:localhost/127.0.0.1:57451]
11:09:06.775 [Forwarding isElementEnabled on session 6b6bbe4f0c3a5da35f4c0f0226691d64 to remote] DEBUG org.asynchttpclient.netty.request.NettyRequestSender - Using pooled Channel '[id: 0xbda6d52a, L:/127.0.0.1:60768 - R:localhost/127.0.0.1:57451]' for 'GET' to 'http://localhost:57451/session/6b6bbe4f0c3a5da35f4c0f0226691d64/element/8c605b81-245c-4162-a4da-abf0e7c57f7d/enabled'
11:09:06.775 [Forwarding isElementEnabled on session 6b6bbe4f0c3a5da35f4c0f0226691d64 to remote] DEBUG org.asynchttpclient.netty.request.NettyRequestSender - Using open Channel [id: 0xbda6d52a, L:/127.0.0.1:60768 - R:localhost/127.0.0.1:57451] for GET '/session/6b6bbe4f0c3a5da35f4c0f0226691d64/element/8c605b81-245c-4162-a4da-abf0e7c57f7d/enabled'
11:09:06.785 [AsyncHttpClient-1-6] DEBUG org.asynchttpclient.netty.handler.HttpHandler - 

Request DefaultFullHttpRequest(decodeResult: success, version: HTTP/1.1, content: EmptyByteBufBE)
GET /session/6b6bbe4f0c3a5da35f4c0f0226691d64/element/8c605b81-245c-4162-a4da-abf0e7c57f7d/enabled HTTP/1.1
User-Agent: selenium/4.1.2 (java windows)
Cache-Control: no-cache
Content-Type: application/json; charset=utf-8
host: localhost:57451
accept: */*

Response DefaultHttpResponse(decodeResult: success, version: HTTP/1.1)
HTTP/1.1 200 OK
Content-Type: application/json; charset=utf-8
cache-control: no-cache
content-length: 14

11:09:06.786 [AsyncHttpClient-1-6] DEBUG org.asynchttpclient.netty.channel.ChannelManager - Adding key: http://localhost:57451 for channel [id: 0xbda6d52a, L:/127.0.0.1:60768 - R:localhost/127.0.0.1:57451]
11:09:06.789 [Forwarding findElement on session 6b6bbe4f0c3a5da35f4c0f0226691d64 to remote] DEBUG org.asynchttpclient.netty.request.NettyRequestSender - Using pooled Channel '[id: 0xbda6d52a, L:/127.0.0.1:60768 - R:localhost/127.0.0.1:57451]' for 'POST' to 'http://localhost:57451/session/6b6bbe4f0c3a5da35f4c0f0226691d64/element'
11:09:06.789 [Forwarding findElement on session 6b6bbe4f0c3a5da35f4c0f0226691d64 to remote] DEBUG org.asynchttpclient.netty.request.NettyRequestSender - Using open Channel [id: 0xbda6d52a, L:/127.0.0.1:60768 - R:localhost/127.0.0.1:57451] for POST '/session/6b6bbe4f0c3a5da35f4c0f0226691d64/element'
11:09:06.808 [AsyncHttpClient-1-6] DEBUG org.asynchttpclient.netty.handler.HttpHandler - 

Request DefaultHttpRequest(decodeResult: success, version: HTTP/1.1)
POST /session/6b6bbe4f0c3a5da35f4c0f0226691d64/element HTTP/1.1
User-Agent: selenium/4.1.2 (java windows)
Content-Length: 137
Content-Type: application/json; charset=utf-8
host: localhost:57451
accept: */*

Response DefaultHttpResponse(decodeResult: success, version: HTTP/1.1)
HTTP/1.1 200 OK
Content-Type: application/json; charset=utf-8
cache-control: no-cache
content-length: 88

11:09:06.808 [AsyncHttpClient-1-6] DEBUG org.asynchttpclient.netty.channel.ChannelManager - Adding key: http://localhost:57451 for channel [id: 0xbda6d52a, L:/127.0.0.1:60768 - R:localhost/127.0.0.1:57451]
11:09:06.810 [Forwarding clickElement on session 6b6bbe4f0c3a5da35f4c0f0226691d64 to remote] DEBUG org.asynchttpclient.netty.request.NettyRequestSender - Using pooled Channel '[id: 0xbda6d52a, L:/127.0.0.1:60768 - R:localhost/127.0.0.1:57451]' for 'POST' to 'http://localhost:57451/session/6b6bbe4f0c3a5da35f4c0f0226691d64/element/8c605b81-245c-4162-a4da-abf0e7c57f7d/click'
11:09:06.810 [Forwarding clickElement on session 6b6bbe4f0c3a5da35f4c0f0226691d64 to remote] DEBUG org.asynchttpclient.netty.request.NettyRequestSender - Using open Channel [id: 0xbda6d52a, L:/127.0.0.1:60768 - R:localhost/127.0.0.1:57451] for POST '/session/6b6bbe4f0c3a5da35f4c0f0226691d64/element/8c605b81-245c-4162-a4da-abf0e7c57f7d/click'
11:09:06.978 [AsyncHttpClient-1-6] DEBUG org.asynchttpclient.netty.handler.HttpHandler - 

Request DefaultHttpRequest(decodeResult: success, version: HTTP/1.1)
POST /session/6b6bbe4f0c3a5da35f4c0f0226691d64/element/8c605b81-245c-4162-a4da-abf0e7c57f7d/click HTTP/1.1
User-Agent: selenium/4.1.2 (java windows)
Content-Length: 50
Content-Type: application/json; charset=utf-8
host: localhost:57451
accept: */*

Response DefaultHttpResponse(decodeResult: success, version: HTTP/1.1)
HTTP/1.1 200 OK
Content-Type: application/json; charset=utf-8
cache-control: no-cache
content-length: 14

11:09:06.978 [AsyncHttpClient-1-6] DEBUG org.asynchttpclient.netty.channel.ChannelManager - Adding key: http://localhost:57451 for channel [id: 0xbda6d52a, L:/127.0.0.1:60768 - R:localhost/127.0.0.1:57451]
11:09:07.008 [Forwarding screenshot on session 6b6bbe4f0c3a5da35f4c0f0226691d64 to remote] DEBUG org.asynchttpclient.netty.request.NettyRequestSender - Using pooled Channel '[id: 0xbda6d52a, L:/127.0.0.1:60768 - R:localhost/127.0.0.1:57451]' for 'GET' to 'http://localhost:57451/session/6b6bbe4f0c3a5da35f4c0f0226691d64/screenshot'
11:09:07.009 [Forwarding screenshot on session 6b6bbe4f0c3a5da35f4c0f0226691d64 to remote] DEBUG org.asynchttpclient.netty.request.NettyRequestSender - Using open Channel [id: 0xbda6d52a, L:/127.0.0.1:60768 - R:localhost/127.0.0.1:57451] for GET '/session/6b6bbe4f0c3a5da35f4c0f0226691d64/screenshot'
11:09:07.027 [AsyncHttpClient-1-1] DEBUG org.asynchttpclient.netty.channel.DefaultChannelPool - Entry count for : http://localhost:60769 : 1
11:09:07.482 [AsyncHttpClient-1-6] DEBUG org.asynchttpclient.netty.handler.HttpHandler - 

Request DefaultFullHttpRequest(decodeResult: success, version: HTTP/1.1, content: EmptyByteBufBE)
GET /session/6b6bbe4f0c3a5da35f4c0f0226691d64/screenshot HTTP/1.1
User-Agent: selenium/4.1.2 (java windows)
Cache-Control: no-cache
Content-Type: application/json; charset=utf-8
host: localhost:57451
accept: */*

Response DefaultHttpResponse(decodeResult: success, version: HTTP/1.1)
HTTP/1.1 200 OK
Content-Type: application/json; charset=utf-8
cache-control: no-cache
content-length: 245296

11:09:07.487 [AsyncHttpClient-1-6] DEBUG org.asynchttpclient.netty.channel.ChannelManager - Adding key: http://localhost:57451 for channel [id: 0xbda6d52a, L:/127.0.0.1:60768 - R:localhost/127.0.0.1:57451]
11:09:07.503 [main] DEBUG net.serenitybdd.core.photography.Darkroom - Send negative for processing for target\site\serenity\fa0a127f27b178f92ad82eaa46609d4789152158e4c4269bbc91b1b95a63ee18.png
11:09:07.504 [main] DEBUG net.thucydides.core.steps.StepInterceptor - STEP DONE: clickButtonBack
11:09:07.505 [Darkroom Processing Line] DEBUG net.serenitybdd.core.photography.DarkroomProcessingLine - Processing screenshot image in /var/screenshots/screenshot-5646238696301556735
11:09:07.505 [Darkroom Processing Line] DEBUG net.serenitybdd.core.photography.DarkroomProcessingLine - Saving screenshot to target\site\serenity\fa0a127f27b178f92ad82eaa46609d4789152158e4c4269bbc91b1b95a63ee18.png
11:09:07.518 [main] DEBUG net.thucydides.core.steps.StepInterceptor - STARTING STEP: PatientDataSteps.validEditData - checkValidDataPasien
11:09:07.526 [Forwarding findElement on session 6b6bbe4f0c3a5da35f4c0f0226691d64 to remote] DEBUG org.asynchttpclient.netty.request.NettyRequestSender - Using pooled Channel '[id: 0xbda6d52a, L:/127.0.0.1:60768 - R:localhost/127.0.0.1:57451]' for 'POST' to 'http://localhost:57451/session/6b6bbe4f0c3a5da35f4c0f0226691d64/element'
11:09:07.526 [Forwarding findElement on session 6b6bbe4f0c3a5da35f4c0f0226691d64 to remote] DEBUG org.asynchttpclient.netty.request.NettyRequestSender - Using open Channel [id: 0xbda6d52a, L:/127.0.0.1:60768 - R:localhost/127.0.0.1:57451] for POST '/session/6b6bbe4f0c3a5da35f4c0f0226691d64/element'
11:09:07.551 [AsyncHttpClient-1-6] DEBUG org.asynchttpclient.netty.handler.HttpHandler - 

Request DefaultHttpRequest(decodeResult: success, version: HTTP/1.1)
POST /session/6b6bbe4f0c3a5da35f4c0f0226691d64/element HTTP/1.1
User-Agent: selenium/4.1.2 (java windows)
Content-Length: 95
Content-Type: application/json; charset=utf-8
host: localhost:57451
accept: */*

Response DefaultHttpResponse(decodeResult: success, version: HTTP/1.1)
HTTP/1.1 200 OK
Content-Type: application/json; charset=utf-8
cache-control: no-cache
content-length: 88

11:09:07.552 [AsyncHttpClient-1-6] DEBUG org.asynchttpclient.netty.channel.ChannelManager - Adding key: http://localhost:57451 for channel [id: 0xbda6d52a, L:/127.0.0.1:60768 - R:localhost/127.0.0.1:57451]
11:09:07.557 [Forwarding isElementEnabled on session 6b6bbe4f0c3a5da35f4c0f0226691d64 to remote] DEBUG org.asynchttpclient.netty.request.NettyRequestSender - Using pooled Channel '[id: 0xbda6d52a, L:/127.0.0.1:60768 - R:localhost/127.0.0.1:57451]' for 'GET' to 'http://localhost:57451/session/6b6bbe4f0c3a5da35f4c0f0226691d64/element/27dc16d3-48fa-4f82-9bfa-80cbf3010656/enabled'
11:09:07.557 [Forwarding isElementEnabled on session 6b6bbe4f0c3a5da35f4c0f0226691d64 to remote] DEBUG org.asynchttpclient.netty.request.NettyRequestSender - Using open Channel [id: 0xbda6d52a, L:/127.0.0.1:60768 - R:localhost/127.0.0.1:57451] for GET '/session/6b6bbe4f0c3a5da35f4c0f0226691d64/element/27dc16d3-48fa-4f82-9bfa-80cbf3010656/enabled'
11:09:07.578 [AsyncHttpClient-1-6] DEBUG org.asynchttpclient.netty.handler.HttpHandler - 

Request DefaultFullHttpRequest(decodeResult: success, version: HTTP/1.1, content: EmptyByteBufBE)
GET /session/6b6bbe4f0c3a5da35f4c0f0226691d64/element/27dc16d3-48fa-4f82-9bfa-80cbf3010656/enabled HTTP/1.1
User-Agent: selenium/4.1.2 (java windows)
Cache-Control: no-cache
Content-Type: application/json; charset=utf-8
host: localhost:57451
accept: */*

Response DefaultHttpResponse(decodeResult: success, version: HTTP/1.1)
HTTP/1.1 200 OK
Content-Type: application/json; charset=utf-8
cache-control: no-cache
content-length: 14

11:09:07.578 [AsyncHttpClient-1-6] DEBUG org.asynchttpclient.netty.channel.ChannelManager - Adding key: http://localhost:57451 for channel [id: 0xbda6d52a, L:/127.0.0.1:60768 - R:localhost/127.0.0.1:57451]
11:09:07.590 [Forwarding screenshot on session 6b6bbe4f0c3a5da35f4c0f0226691d64 to remote] DEBUG org.asynchttpclient.netty.request.NettyRequestSender - Using pooled Channel '[id: 0xbda6d52a, L:/127.0.0.1:60768 - R:localhost/127.0.0.1:57451]' for 'GET' to 'http://localhost:57451/session/6b6bbe4f0c3a5da35f4c0f0226691d64/screenshot'
11:09:07.590 [Forwarding screenshot on session 6b6bbe4f0c3a5da35f4c0f0226691d64 to remote] DEBUG org.asynchttpclient.netty.request.NettyRequestSender - Using open Channel [id: 0xbda6d52a, L:/127.0.0.1:60768 - R:localhost/127.0.0.1:57451] for GET '/session/6b6bbe4f0c3a5da35f4c0f0226691d64/screenshot'
11:09:07.882 [AsyncHttpClient-1-6] DEBUG org.asynchttpclient.netty.handler.HttpHandler - 

Request DefaultFullHttpRequest(decodeResult: success, version: HTTP/1.1, content: EmptyByteBufBE)
GET /session/6b6bbe4f0c3a5da35f4c0f0226691d64/screenshot HTTP/1.1
User-Agent: selenium/4.1.2 (java windows)
Cache-Control: no-cache
Content-Type: application/json; charset=utf-8
host: localhost:57451
accept: */*

Response DefaultHttpResponse(decodeResult: success, version: HTTP/1.1)
HTTP/1.1 200 OK
Content-Type: application/json; charset=utf-8
cache-control: no-cache
content-length: 270360

11:09:07.883 [AsyncHttpClient-1-6] DEBUG org.asynchttpclient.netty.channel.ChannelManager - Adding key: http://localhost:57451 for channel [id: 0xbda6d52a, L:/127.0.0.1:60768 - R:localhost/127.0.0.1:57451]
11:09:07.908 [main] DEBUG net.serenitybdd.core.photography.Darkroom - Send negative for processing for target\site\serenity\9db24af550442cd10d3208dddc611517fede6fd22c45e3c67b73a046a4b5727f.png
11:09:07.908 [main] DEBUG net.thucydides.core.steps.StepInterceptor - STEP DONE: checkValidDataPasien
  &amp#27;[32mAnd &amp#27;[0m&amp#27;[32mValid edit data&amp#27;[0m                                         &amp#27;[90m# starter.stepdefinitios.PatientDataSteps.validEditData()&amp#27;[0m
11:09:07.909 [Darkroom Processing Line] DEBUG net.serenitybdd.core.photography.DarkroomProcessingLine - Processing screenshot image in /var/screenshots/screenshot-8769187335939316601
11:09:07.909 [Darkroom Processing Line] DEBUG net.serenitybdd.core.photography.DarkroomProcessingLine - Saving screenshot to target\site\serenity\9db24af550442cd10d3208dddc611517fede6fd22c45e3c67b73a046a4b5727f.png
11:09:07.947 [AsyncHttpClient-1-8] DEBUG org.asynchttpclient.netty.handler.WebSocketHandler - Channel Closed: [id: 0x0c3b3b77, L:/127.0.0.1:60779 ! R:localhost/127.0.0.1:60769] with attribute NettyResponseFuture{currentRetry=5,
	isDone=1,
	isCancelled=0,
	asyncHandler=org.asynchttpclient.ws.WebSocketUpgradeHandler@2159759c,
	nettyRequest=org.asynchttpclient.netty.request.NettyRequest@5b434a14,
	future=java.util.concurrent.CompletableFuture@3c9c59db[Completed normally],
	uri=ws://localhost:60769/devtools/browser/80536d31-ce0b-4a5a-b587-448e3ede1af8,
	keepAlive=true,
	redirectCount=0,
	timeoutsHolder=null,
	inAuth=0,
	touch=1655525333106}
11:09:07.947 [AsyncHttpClient-1-8] DEBUG org.asynchttpclient.netty.channel.ChannelManager - Closing Channel [id: 0x0c3b3b77, L:/127.0.0.1:60779 ! R:localhost/127.0.0.1:60769] 
11:09:07.948 [Driver Command Executor] DEBUG org.asynchttpclient.netty.request.NettyRequestSender - Using pooled Channel '[id: 0xbda6d52a, L:/127.0.0.1:60768 - R:localhost/127.0.0.1:57451]' for 'DELETE' to 'http://localhost:57451/session/6b6bbe4f0c3a5da35f4c0f0226691d64'
11:09:07.948 [Driver Command Executor] DEBUG org.asynchttpclient.netty.request.NettyRequestSender - Using open Channel [id: 0xbda6d52a, L:/127.0.0.1:60768 - R:localhost/127.0.0.1:57451] for DELETE '/session/6b6bbe4f0c3a5da35f4c0f0226691d64'
11:09:08.130 [AsyncHttpClient-1-1] DEBUG org.asynchttpclient.netty.channel.DefaultChannelPool - Entry count for : http://localhost:60769 : 1
11:09:08.330 [AsyncHttpClient-1-7] DEBUG org.asynchttpclient.netty.handler.HttpHandler - Unexpected I/O exception on channel [id: 0x9934c51c, L:/127.0.0.1:60778 - R:localhost/127.0.0.1:60769]
java.io.IOException: An existing connection was forcibly closed by the remote host
	at java.base/sun.nio.ch.SocketDispatcher.read0(Native Method)
	at java.base/sun.nio.ch.SocketDispatcher.read(SocketDispatcher.java:43)
	at java.base/sun.nio.ch.IOUtil.readIntoNativeBuffer(IOUtil.java:276)
	at java.base/sun.nio.ch.IOUtil.read(IOUtil.java:233)
	at java.base/sun.nio.ch.IOUtil.read(IOUtil.java:223)
	at java.base/sun.nio.ch.SocketChannelImpl.read(SocketChannelImpl.java:358)
	at io.netty.buffer.PooledByteBuf.setBytes(PooledByteBuf.java:258)
	at io.netty.buffer.AbstractByteBuf.writeBytes(AbstractByteBuf.java:1132)
	at io.netty.channel.socket.nio.NioSocketChannel.doReadBytes(NioSocketChannel.java:350)
	at io.netty.channel.nio.AbstractNioByteChannel$NioByteUnsafe.read(AbstractNioByteChannel.java:151)
	at io.netty.channel.nio.NioEventLoop.processSelectedKey(NioEventLoop.java:722)
	at io.netty.channel.nio.NioEventLoop.processSelectedKeysOptimized(NioEventLoop.java:658)
	at io.netty.channel.nio.NioEventLoop.processSelectedKeys(NioEventLoop.java:584)
	at io.netty.channel.nio.NioEventLoop.run(NioEventLoop.java:496)
	at io.netty.util.concurrent.SingleThreadEventExecutor$4.run(SingleThreadEventExecutor.java:986)
	at io.netty.util.internal.ThreadExecutorMap$2.run(ThreadExecutorMap.java:74)
	at io.netty.util.concurrent.FastThreadLocalRunnable.run(FastThreadLocalRunnable.java:30)
	at java.base/java.lang.Thread.run(Thread.java:834)
11:09:08.330 [AsyncHttpClient-1-7] DEBUG org.asynchttpclient.netty.channel.ChannelManager - Closing Channel [id: 0x9934c51c, L:/127.0.0.1:60778 - R:localhost/127.0.0.1:60769] 
11:09:08.331 [AsyncHttpClient-1-7] DEBUG org.asynchttpclient.netty.handler.HttpHandler - Channel Closed: [id: 0x9934c51c, L:/127.0.0.1:60778 ! R:localhost/127.0.0.1:60769] with attribute DISCARD
11:09:08.364 [AsyncHttpClient-1-6] DEBUG org.asynchttpclient.netty.handler.HttpHandler - 

Request DefaultFullHttpRequest(decodeResult: success, version: HTTP/1.1, content: EmptyByteBufBE)
DELETE /session/6b6bbe4f0c3a5da35f4c0f0226691d64 HTTP/1.1
User-Agent: selenium/4.1.2 (java windows)
Content-Type: application/json; charset=utf-8
host: localhost:57451
accept: */*

Response DefaultHttpResponse(decodeResult: success, version: HTTP/1.1)
HTTP/1.1 200 OK
Content-Type: application/json; charset=utf-8
cache-control: no-cache
content-length: 14

11:09:08.364 [AsyncHttpClient-1-6] DEBUG org.asynchttpclient.netty.channel.ChannelManager - Adding key: http://localhost:57451 for channel [id: 0xbda6d52a, L:/127.0.0.1:60768 - R:localhost/127.0.0.1:57451]
11:09:09.213 [AsyncHttpClient-1-1] DEBUG org.asynchttpclient.netty.channel.DefaultChannelPool - Entry count for : http://localhost:57451 : 1
11:09:09.213 [AsyncHttpClient-1-1] DEBUG org.asynchttpclient.netty.channel.DefaultChannelPool - Entry count for : http://localhost:60769 : 1
11:09:09.213 [AsyncHttpClient-1-1] DEBUG org.asynchttpclient.netty.channel.DefaultChannelPool - Adding Candidate expired Channel [id: 0x9934c51c, L:/127.0.0.1:60778 ! R:localhost/127.0.0.1:60769] isIdleTimeoutExpired=false isRemotelyClosed=true isTtlExpired=false
11:09:09.213 [AsyncHttpClient-1-1] DEBUG org.asynchttpclient.netty.channel.DefaultChannelPool - Closing Idle Channel [id: 0x9934c51c, L:/127.0.0.1:60778 ! R:localhost/127.0.0.1:60769]
11:09:09.213 [AsyncHttpClient-1-1] DEBUG org.asynchttpclient.netty.channel.DefaultChannelPool - Closed 1 connections out of 2 in 0 ms
11:09:09.378 [AsyncHttpClient-1-6] DEBUG org.asynchttpclient.netty.handler.HttpHandler - Unexpected I/O exception on channel [id: 0xbda6d52a, L:/127.0.0.1:60768 - R:localhost/127.0.0.1:57451]
java.io.IOException: An existing connection was forcibly closed by the remote host
	at java.base/sun.nio.ch.SocketDispatcher.read0(Native Method)
	at java.base/sun.nio.ch.SocketDispatcher.read(SocketDispatcher.java:43)
	at java.base/sun.nio.ch.IOUtil.readIntoNativeBuffer(IOUtil.java:276)
	at java.base/sun.nio.ch.IOUtil.read(IOUtil.java:233)
	at java.base/sun.nio.ch.IOUtil.read(IOUtil.java:223)
	at java.base/sun.nio.ch.SocketChannelImpl.read(SocketChannelImpl.java:358)
	at io.netty.buffer.PooledByteBuf.setBytes(PooledByteBuf.java:258)
	at io.netty.buffer.AbstractByteBuf.writeBytes(AbstractByteBuf.java:1132)
	at io.netty.channel.socket.nio.NioSocketChannel.doReadBytes(NioSocketChannel.java:350)
	at io.netty.channel.nio.AbstractNioByteChannel$NioByteUnsafe.read(AbstractNioByteChannel.java:151)
	at io.netty.channel.nio.NioEventLoop.processSelectedKey(NioEventLoop.java:722)
	at io.netty.channel.nio.NioEventLoop.processSelectedKeysOptimized(NioEventLoop.java:658)
	at io.netty.channel.nio.NioEventLoop.processSelectedKeys(NioEventLoop.java:584)
	at io.netty.channel.nio.NioEventLoop.run(NioEventLoop.java:496)
	at io.netty.util.concurrent.SingleThreadEventExecutor$4.run(SingleThreadEventExecutor.java:986)
	at io.netty.util.internal.ThreadExecutorMap$2.run(ThreadExecutorMap.java:74)
	at io.netty.util.concurrent.FastThreadLocalRunnable.run(FastThreadLocalRunnable.java:30)
	at java.base/java.lang.Thread.run(Thread.java:834)
11:09:09.378 [AsyncHttpClient-1-6] DEBUG org.asynchttpclient.netty.channel.ChannelManager - Closing Channel [id: 0xbda6d52a, L:/127.0.0.1:60768 - R:localhost/127.0.0.1:57451] 
11:09:09.379 [AsyncHttpClient-1-6] DEBUG org.asynchttpclient.netty.handler.HttpHandler - Channel Closed: [id: 0xbda6d52a, L:/127.0.0.1:60768 ! R:localhost/127.0.0.1:57451] with attribute DISCARD
]]></system-out>
    <system-err><![CDATA[Starting ChromeDriver 102.0.5005.61 (0e59bcc00cc4985ce39ad31c150065f159d95ad3-refs/branch-heads/5005@{#819}) on port 57451
Only local connections are allowed.
Please see https://chromedriver.chromium.org/security-considerations for suggestions on keeping ChromeDriver safe.
ChromeDriver was started successfully.
Jun 18, 2022 11:08:53 AM org.openqa.selenium.remote.ProtocolHandshake createSession
INFO: Detected dialect: W3C
Jun 18, 2022 11:08:53 AM org.openqa.selenium.devtools.CdpVersionFinder findNearestMatch
WARNING: Unable to find an exact match for CDP version 102, so returning the closest version found: a no-op implementation
Jun 18, 2022 11:08:53 AM org.openqa.selenium.devtools.CdpVersionFinder findNearestMatch
INFO: Unable to find CDP implementation matching 102.
Jun 18, 2022 11:08:53 AM org.openqa.selenium.chromium.ChromiumDriver lambda$new$3
WARNING: Unable to find version of CDP to use for . You may need to include a dependency on a specific version of the CDP using something similar to `org.seleniumhq.selenium:selenium-devtools-v86:4.1.2` where the version ("v86") matches the version of the chromium-based browser you're using and the version number of the artifact is the same as Selenium's.
[1655525345.254][WARNING]: unexpected alert open: {Alert text : data telah diubah}, cancelling screenshot
]]></system-err>
  </testcase>
  <testcase name="As a admin i want to edit data dokter #6" classname="Data Dokter Admin" time="24.244">
    <system-out><![CDATA[
@DataDokter @EditDokterData
Scenario Outline: As a admin i want to edit data dokter       &amp#27;[90m# src/test/resources/features/2DataDokter.feature:49&amp#27;[0m
11:09:09.471 [main] INFO io.cucumber.core.plugin.SerenityReporter - Running feature from file:///D:/New%20folder%20(2)/Capstone/Testing/src/test/resources/features/2DataDokter.feature
11:09:09.595 [main] DEBUG net.thucydides.core.steps.StepInterceptor - STARTING STEP: DokterDataSteps.openPageDataDokter - openDataDokter
11:09:09.598 [main] INFO net.serenitybdd.core.webdriver.driverproviders.ChromeDriverProvider - Using automatically driver download
11:09:10.193 [main] DEBUG io.github.bonigarcia.wdm.cache.ResolutionCache - Resolution chrome=102 in cache (valid until 11:10:23 18/06/2022 ICT)
11:09:10.292 [main] DEBUG io.github.bonigarcia.wdm.cache.ResolutionCache - Resolution chrome102=102.0.5005.61 in cache (valid until 19:49:35 18/06/2022 ICT)
11:09:10.304 [main] INFO io.github.bonigarcia.wdm.WebDriverManager - Using chromedriver 102.0.5005.61 (resolved driver for Chrome 102)
11:09:10.324 [AsyncHttpClient-1-1] DEBUG org.asynchttpclient.netty.channel.DefaultChannelPool - Entry count for : http://localhost:57451 : 1
11:09:10.324 [AsyncHttpClient-1-1] DEBUG org.asynchttpclient.netty.channel.DefaultChannelPool - Adding Candidate expired Channel [id: 0xbda6d52a, L:/127.0.0.1:60768 ! R:localhost/127.0.0.1:57451] isIdleTimeoutExpired=false isRemotelyClosed=true isTtlExpired=false
11:09:10.324 [AsyncHttpClient-1-1] DEBUG org.asynchttpclient.netty.channel.DefaultChannelPool - Closing Idle Channel [id: 0xbda6d52a, L:/127.0.0.1:60768 ! R:localhost/127.0.0.1:57451]
11:09:10.324 [AsyncHttpClient-1-1] DEBUG org.asynchttpclient.netty.channel.DefaultChannelPool - Closed 1 connections out of 1 in 0 ms
11:09:10.374 [main] DEBUG io.github.bonigarcia.wdm.WebDriverManager - Driver chromedriver 102.0.5005.61 found in cache
11:09:10.377 [main] INFO io.github.bonigarcia.wdm.WebDriverManager - Exporting webdriver.chrome.driver as C:\Users\ASUS\.cache\selenium\chromedriver\win32\102.0.5005.61\chromedriver.exe
11:09:10.756 [main] DEBUG net.serenitybdd.core.webdriver.driverproviders.ProvideNewDriver - Instantiating driver
11:09:10.756 [main] DEBUG net.serenitybdd.core.webdriver.driverproviders.ProvideNewDriver - Driver capabilities: Capabilities {acceptInsecureCerts: false, base.url: https://fanciful-trifle-360..., browserName: chrome, chore.driver: src/test/resources/webdrive..., driver: chrome, goog:chromeOptions: {args: [], extensions: []}}
11:09:11.445 [AsyncHttpClient-1-9] DEBUG org.asynchttpclient.netty.channel.NettyConnectListener - Using new Channel '[id: 0x49a2ad69, L:/127.0.0.1:60811 - R:localhost/127.0.0.1:63371]' for 'POST' to '/session'
11:09:13.692 [AsyncHttpClient-1-9] DEBUG org.asynchttpclient.netty.handler.HttpHandler - 

Request DefaultHttpRequest(decodeResult: success, version: HTTP/1.1)
POST /session HTTP/1.1
User-Agent: selenium/4.1.2 (java windows)
Content-Length: 628
Content-Type: application/json; charset=utf-8
host: localhost:63371
accept: */*

Response DefaultHttpResponse(decodeResult: success, version: HTTP/1.1)
HTTP/1.1 200 OK
Content-Type: application/json; charset=utf-8
cache-control: no-cache
content-length: 790

11:09:13.692 [AsyncHttpClient-1-9] DEBUG org.asynchttpclient.netty.channel.ChannelManager - Adding key: http://localhost:63371 for channel [id: 0x49a2ad69, L:/127.0.0.1:60811 - R:localhost/127.0.0.1:63371]
11:09:13.721 [AsyncHttpClient-1-2] DEBUG org.asynchttpclient.netty.channel.NettyConnectListener - Using new Channel '[id: 0x694f135a, L:/127.0.0.1:60823 - R:localhost/127.0.0.1:60812]' for 'GET' to '/json/version'
11:09:13.723 [AsyncHttpClient-1-2] DEBUG org.asynchttpclient.netty.handler.HttpHandler - 

Request DefaultFullHttpRequest(decodeResult: success, version: HTTP/1.1, content: EmptyByteBufBE)
GET /json/version HTTP/1.1
User-Agent: selenium/4.1.2 (java windows)
host: localhost:60812
accept: */*

Response DefaultHttpResponse(decodeResult: success, version: HTTP/1.1)
HTTP/1.1 200 OK
Content-Type: application/json; charset=UTF-8
content-length: 428

11:09:13.724 [AsyncHttpClient-1-2] DEBUG org.asynchttpclient.netty.channel.ChannelManager - Adding key: http://localhost:60812 for channel [id: 0x694f135a, L:/127.0.0.1:60823 - R:localhost/127.0.0.1:60812]
11:09:13.743 [AsyncHttpClient-1-3] DEBUG org.asynchttpclient.netty.channel.NettyConnectListener - Using new Channel '[id: 0x68ce8e9e, L:/127.0.0.1:60824 - R:localhost/127.0.0.1:60812]' for 'GET' to '/devtools/browser/5ad897e0-d2eb-4a1b-a214-619b1c7ef87d'
11:09:13.745 [AsyncHttpClient-1-3] DEBUG org.asynchttpclient.netty.handler.WebSocketHandler - 

Request DefaultFullHttpRequest(decodeResult: success, version: HTTP/1.1, content: EmptyByteBufBE)
GET /devtools/browser/5ad897e0-d2eb-4a1b-a214-619b1c7ef87d HTTP/1.1
upgrade: websocket
connection: upgrade
sec-websocket-key: 90yzewcZM0mqJ4wRr0vvlg==
sec-websocket-version: 13
origin: http://localhost:60812
host: localhost:60812
accept: */*
user-agent: AHC/2.1

Response DefaultHttpResponse(decodeResult: success, version: HTTP/1.1)
HTTP/1.1 101 WebSocket Protocol Handshake
Upgrade: WebSocket
Connection: Upgrade
Sec-WebSocket-Accept: CSIXGqUiKfcLj2lhbjFN/EjC43c=

11:09:13.860 [Forwarding get on session 88af212bf45b3f210d16591a3c19e8c9 to remote] DEBUG org.asynchttpclient.netty.request.NettyRequestSender - Using pooled Channel '[id: 0x49a2ad69, L:/127.0.0.1:60811 - R:localhost/127.0.0.1:63371]' for 'POST' to 'http://localhost:63371/session/88af212bf45b3f210d16591a3c19e8c9/url'
11:09:13.860 [Forwarding get on session 88af212bf45b3f210d16591a3c19e8c9 to remote] DEBUG org.asynchttpclient.netty.request.NettyRequestSender - Using open Channel [id: 0x49a2ad69, L:/127.0.0.1:60811 - R:localhost/127.0.0.1:63371] for POST '/session/88af212bf45b3f210d16591a3c19e8c9/url'
11:09:14.713 [AsyncHttpClient-1-1] DEBUG org.asynchttpclient.netty.channel.DefaultChannelPool - Entry count for : http://localhost:60812 : 1
11:09:15.827 [AsyncHttpClient-1-1] DEBUG org.asynchttpclient.netty.channel.DefaultChannelPool - Entry count for : http://localhost:60812 : 1
11:09:16.462 [AsyncHttpClient-1-9] DEBUG org.asynchttpclient.netty.handler.HttpHandler - 

Request DefaultHttpRequest(decodeResult: success, version: HTTP/1.1)
POST /session/88af212bf45b3f210d16591a3c19e8c9/url HTTP/1.1
User-Agent: selenium/4.1.2 (java windows)
Content-Length: 84
Content-Type: application/json; charset=utf-8
host: localhost:63371
accept: */*

Response DefaultHttpResponse(decodeResult: success, version: HTTP/1.1)
HTTP/1.1 200 OK
Content-Type: application/json; charset=utf-8
cache-control: no-cache
content-length: 14

11:09:16.462 [AsyncHttpClient-1-9] DEBUG org.asynchttpclient.netty.channel.ChannelManager - Adding key: http://localhost:63371 for channel [id: 0x49a2ad69, L:/127.0.0.1:60811 - R:localhost/127.0.0.1:63371]
11:09:16.464 [Forwarding setTimeout on session 88af212bf45b3f210d16591a3c19e8c9 to remote] DEBUG org.asynchttpclient.netty.request.NettyRequestSender - Using pooled Channel '[id: 0x49a2ad69, L:/127.0.0.1:60811 - R:localhost/127.0.0.1:63371]' for 'POST' to 'http://localhost:63371/session/88af212bf45b3f210d16591a3c19e8c9/timeouts'
11:09:16.464 [Forwarding setTimeout on session 88af212bf45b3f210d16591a3c19e8c9 to remote] DEBUG org.asynchttpclient.netty.request.NettyRequestSender - Using open Channel [id: 0x49a2ad69, L:/127.0.0.1:60811 - R:localhost/127.0.0.1:63371] for POST '/session/88af212bf45b3f210d16591a3c19e8c9/timeouts'
11:09:16.472 [AsyncHttpClient-1-9] DEBUG org.asynchttpclient.netty.handler.HttpHandler - 

Request DefaultHttpRequest(decodeResult: success, version: HTTP/1.1)
POST /session/88af212bf45b3f210d16591a3c19e8c9/timeouts HTTP/1.1
User-Agent: selenium/4.1.2 (java windows)
Content-Length: 22
Content-Type: application/json; charset=utf-8
host: localhost:63371
accept: */*

Response DefaultHttpResponse(decodeResult: success, version: HTTP/1.1)
HTTP/1.1 200 OK
Content-Type: application/json; charset=utf-8
cache-control: no-cache
content-length: 14

11:09:16.472 [AsyncHttpClient-1-9] DEBUG org.asynchttpclient.netty.channel.ChannelManager - Adding key: http://localhost:63371 for channel [id: 0x49a2ad69, L:/127.0.0.1:60811 - R:localhost/127.0.0.1:63371]
11:09:16.498 [Forwarding getCurrentUrl on session 88af212bf45b3f210d16591a3c19e8c9 to remote] DEBUG org.asynchttpclient.netty.request.NettyRequestSender - Using pooled Channel '[id: 0x49a2ad69, L:/127.0.0.1:60811 - R:localhost/127.0.0.1:63371]' for 'GET' to 'http://localhost:63371/session/88af212bf45b3f210d16591a3c19e8c9/url'
11:09:16.498 [Forwarding getCurrentUrl on session 88af212bf45b3f210d16591a3c19e8c9 to remote] DEBUG org.asynchttpclient.netty.request.NettyRequestSender - Using open Channel [id: 0x49a2ad69, L:/127.0.0.1:60811 - R:localhost/127.0.0.1:63371] for GET '/session/88af212bf45b3f210d16591a3c19e8c9/url'
11:09:16.592 [AsyncHttpClient-1-9] DEBUG org.asynchttpclient.netty.handler.HttpHandler - 

Request DefaultFullHttpRequest(decodeResult: success, version: HTTP/1.1, content: EmptyByteBufBE)
GET /session/88af212bf45b3f210d16591a3c19e8c9/url HTTP/1.1
User-Agent: selenium/4.1.2 (java windows)
Cache-Control: no-cache
Content-Type: application/json; charset=utf-8
host: localhost:63371
accept: */*

Response DefaultHttpResponse(decodeResult: success, version: HTTP/1.1)
HTTP/1.1 200 OK
Content-Type: application/json; charset=utf-8
cache-control: no-cache
content-length: 66

11:09:16.593 [AsyncHttpClient-1-9] DEBUG org.asynchttpclient.netty.channel.ChannelManager - Adding key: http://localhost:63371 for channel [id: 0x49a2ad69, L:/127.0.0.1:60811 - R:localhost/127.0.0.1:63371]
11:09:16.613 [Forwarding screenshot on session 88af212bf45b3f210d16591a3c19e8c9 to remote] DEBUG org.asynchttpclient.netty.request.NettyRequestSender - Using pooled Channel '[id: 0x49a2ad69, L:/127.0.0.1:60811 - R:localhost/127.0.0.1:63371]' for 'GET' to 'http://localhost:63371/session/88af212bf45b3f210d16591a3c19e8c9/screenshot'
11:09:16.613 [Forwarding screenshot on session 88af212bf45b3f210d16591a3c19e8c9 to remote] DEBUG org.asynchttpclient.netty.request.NettyRequestSender - Using open Channel [id: 0x49a2ad69, L:/127.0.0.1:60811 - R:localhost/127.0.0.1:63371] for GET '/session/88af212bf45b3f210d16591a3c19e8c9/screenshot'
11:09:16.923 [AsyncHttpClient-1-1] DEBUG org.asynchttpclient.netty.channel.DefaultChannelPool - Entry count for : http://localhost:60812 : 1
11:09:17.342 [AsyncHttpClient-1-9] DEBUG org.asynchttpclient.netty.handler.HttpHandler - 

Request DefaultFullHttpRequest(decodeResult: success, version: HTTP/1.1, content: EmptyByteBufBE)
GET /session/88af212bf45b3f210d16591a3c19e8c9/screenshot HTTP/1.1
User-Agent: selenium/4.1.2 (java windows)
Cache-Control: no-cache
Content-Type: application/json; charset=utf-8
host: localhost:63371
accept: */*

Response DefaultHttpResponse(decodeResult: success, version: HTTP/1.1)
HTTP/1.1 200 OK
Content-Type: application/json; charset=utf-8
cache-control: no-cache
content-length: 70692

11:09:17.343 [AsyncHttpClient-1-9] DEBUG org.asynchttpclient.netty.channel.ChannelManager - Adding key: http://localhost:63371 for channel [id: 0x49a2ad69, L:/127.0.0.1:60811 - R:localhost/127.0.0.1:63371]
11:09:17.348 [main] DEBUG net.serenitybdd.core.photography.Darkroom - Send negative for processing for target\site\serenity\344687aa7a05d280f92e228cef83000d1d5a83bd68cdb861bcd7eae91481e734.png
11:09:17.348 [main] DEBUG net.thucydides.core.steps.StepInterceptor - STEP DONE: openDataDokter
  &amp#27;[32mGiven &amp#27;[0m&amp#27;[32mOpen page data dokter&amp#27;[0m                                 &amp#27;[90m# starter.stepdefinitios.DokterDataSteps.openPageDataDokter()&amp#27;[0m
11:09:17.350 [Darkroom Processing Line] DEBUG net.serenitybdd.core.photography.DarkroomProcessingLine - Processing screenshot image in /var/screenshots/screenshot-3530171581051040377
11:09:17.351 [Darkroom Processing Line] DEBUG net.serenitybdd.core.photography.DarkroomProcessingLine - Saving screenshot to target\site\serenity\344687aa7a05d280f92e228cef83000d1d5a83bd68cdb861bcd7eae91481e734.png
11:09:17.389 [main] DEBUG net.thucydides.core.steps.StepInterceptor - STARTING STEP: DokterDataSteps.clickDetailDokterData - clickButtonDetail
11:09:17.393 [Forwarding findElement on session 88af212bf45b3f210d16591a3c19e8c9 to remote] DEBUG org.asynchttpclient.netty.request.NettyRequestSender - Using pooled Channel '[id: 0x49a2ad69, L:/127.0.0.1:60811 - R:localhost/127.0.0.1:63371]' for 'POST' to 'http://localhost:63371/session/88af212bf45b3f210d16591a3c19e8c9/element'
11:09:17.393 [Forwarding findElement on session 88af212bf45b3f210d16591a3c19e8c9 to remote] DEBUG org.asynchttpclient.netty.request.NettyRequestSender - Using open Channel [id: 0x49a2ad69, L:/127.0.0.1:60811 - R:localhost/127.0.0.1:63371] for POST '/session/88af212bf45b3f210d16591a3c19e8c9/element'
11:09:17.421 [AsyncHttpClient-1-9] DEBUG org.asynchttpclient.netty.handler.HttpHandler - 

Request DefaultHttpRequest(decodeResult: success, version: HTTP/1.1)
POST /session/88af212bf45b3f210d16591a3c19e8c9/element HTTP/1.1
User-Agent: selenium/4.1.2 (java windows)
Content-Length: 92
Content-Type: application/json; charset=utf-8
host: localhost:63371
accept: */*

Response DefaultHttpResponse(decodeResult: success, version: HTTP/1.1)
HTTP/1.1 200 OK
Content-Type: application/json; charset=utf-8
cache-control: no-cache
content-length: 88

11:09:17.421 [AsyncHttpClient-1-9] DEBUG org.asynchttpclient.netty.channel.ChannelManager - Adding key: http://localhost:63371 for channel [id: 0x49a2ad69, L:/127.0.0.1:60811 - R:localhost/127.0.0.1:63371]
11:09:17.423 [Forwarding getElementTagName on session 88af212bf45b3f210d16591a3c19e8c9 to remote] DEBUG org.asynchttpclient.netty.request.NettyRequestSender - Using pooled Channel '[id: 0x49a2ad69, L:/127.0.0.1:60811 - R:localhost/127.0.0.1:63371]' for 'GET' to 'http://localhost:63371/session/88af212bf45b3f210d16591a3c19e8c9/element/65f7c2a9-453a-48a1-b011-66d6b0d6d993/name'
11:09:17.424 [Forwarding getElementTagName on session 88af212bf45b3f210d16591a3c19e8c9 to remote] DEBUG org.asynchttpclient.netty.request.NettyRequestSender - Using open Channel [id: 0x49a2ad69, L:/127.0.0.1:60811 - R:localhost/127.0.0.1:63371] for GET '/session/88af212bf45b3f210d16591a3c19e8c9/element/65f7c2a9-453a-48a1-b011-66d6b0d6d993/name'
11:09:17.432 [AsyncHttpClient-1-9] DEBUG org.asynchttpclient.netty.handler.HttpHandler - 

Request DefaultFullHttpRequest(decodeResult: success, version: HTTP/1.1, content: EmptyByteBufBE)
GET /session/88af212bf45b3f210d16591a3c19e8c9/element/65f7c2a9-453a-48a1-b011-66d6b0d6d993/name HTTP/1.1
User-Agent: selenium/4.1.2 (java windows)
Cache-Control: no-cache
Content-Type: application/json; charset=utf-8
host: localhost:63371
accept: */*

Response DefaultHttpResponse(decodeResult: success, version: HTTP/1.1)
HTTP/1.1 200 OK
Content-Type: application/json; charset=utf-8
cache-control: no-cache
content-length: 15

11:09:17.432 [AsyncHttpClient-1-9] DEBUG org.asynchttpclient.netty.channel.ChannelManager - Adding key: http://localhost:63371 for channel [id: 0x49a2ad69, L:/127.0.0.1:60811 - R:localhost/127.0.0.1:63371]
11:09:17.437 [Forwarding getElementTagName on session 88af212bf45b3f210d16591a3c19e8c9 to remote] DEBUG org.asynchttpclient.netty.request.NettyRequestSender - Using pooled Channel '[id: 0x49a2ad69, L:/127.0.0.1:60811 - R:localhost/127.0.0.1:63371]' for 'GET' to 'http://localhost:63371/session/88af212bf45b3f210d16591a3c19e8c9/element/65f7c2a9-453a-48a1-b011-66d6b0d6d993/name'
11:09:17.437 [Forwarding getElementTagName on session 88af212bf45b3f210d16591a3c19e8c9 to remote] DEBUG org.asynchttpclient.netty.request.NettyRequestSender - Using open Channel [id: 0x49a2ad69, L:/127.0.0.1:60811 - R:localhost/127.0.0.1:63371] for GET '/session/88af212bf45b3f210d16591a3c19e8c9/element/65f7c2a9-453a-48a1-b011-66d6b0d6d993/name'
11:09:17.445 [AsyncHttpClient-1-9] DEBUG org.asynchttpclient.netty.handler.HttpHandler - 

Request DefaultFullHttpRequest(decodeResult: success, version: HTTP/1.1, content: EmptyByteBufBE)
GET /session/88af212bf45b3f210d16591a3c19e8c9/element/65f7c2a9-453a-48a1-b011-66d6b0d6d993/name HTTP/1.1
User-Agent: selenium/4.1.2 (java windows)
Cache-Control: no-cache
Content-Type: application/json; charset=utf-8
host: localhost:63371
accept: */*

Response DefaultHttpResponse(decodeResult: success, version: HTTP/1.1)
HTTP/1.1 200 OK
Content-Type: application/json; charset=utf-8
cache-control: no-cache
content-length: 15

11:09:17.446 [AsyncHttpClient-1-9] DEBUG org.asynchttpclient.netty.channel.ChannelManager - Adding key: http://localhost:63371 for channel [id: 0x49a2ad69, L:/127.0.0.1:60811 - R:localhost/127.0.0.1:63371]
11:09:17.449 [Forwarding findElement on session 88af212bf45b3f210d16591a3c19e8c9 to remote] DEBUG org.asynchttpclient.netty.request.NettyRequestSender - Using pooled Channel '[id: 0x49a2ad69, L:/127.0.0.1:60811 - R:localhost/127.0.0.1:63371]' for 'POST' to 'http://localhost:63371/session/88af212bf45b3f210d16591a3c19e8c9/element'
11:09:17.449 [Forwarding findElement on session 88af212bf45b3f210d16591a3c19e8c9 to remote] DEBUG org.asynchttpclient.netty.request.NettyRequestSender - Using open Channel [id: 0x49a2ad69, L:/127.0.0.1:60811 - R:localhost/127.0.0.1:63371] for POST '/session/88af212bf45b3f210d16591a3c19e8c9/element'
11:09:17.468 [AsyncHttpClient-1-9] DEBUG org.asynchttpclient.netty.handler.HttpHandler - 

Request DefaultHttpRequest(decodeResult: success, version: HTTP/1.1)
POST /session/88af212bf45b3f210d16591a3c19e8c9/element HTTP/1.1
User-Agent: selenium/4.1.2 (java windows)
Content-Length: 92
Content-Type: application/json; charset=utf-8
host: localhost:63371
accept: */*

Response DefaultHttpResponse(decodeResult: success, version: HTTP/1.1)
HTTP/1.1 200 OK
Content-Type: application/json; charset=utf-8
cache-control: no-cache
content-length: 88

11:09:17.468 [AsyncHttpClient-1-9] DEBUG org.asynchttpclient.netty.channel.ChannelManager - Adding key: http://localhost:63371 for channel [id: 0x49a2ad69, L:/127.0.0.1:60811 - R:localhost/127.0.0.1:63371]
11:09:17.471 [Forwarding clickElement on session 88af212bf45b3f210d16591a3c19e8c9 to remote] DEBUG org.asynchttpclient.netty.request.NettyRequestSender - Using pooled Channel '[id: 0x49a2ad69, L:/127.0.0.1:60811 - R:localhost/127.0.0.1:63371]' for 'POST' to 'http://localhost:63371/session/88af212bf45b3f210d16591a3c19e8c9/element/65f7c2a9-453a-48a1-b011-66d6b0d6d993/click'
11:09:17.471 [Forwarding clickElement on session 88af212bf45b3f210d16591a3c19e8c9 to remote] DEBUG org.asynchttpclient.netty.request.NettyRequestSender - Using open Channel [id: 0x49a2ad69, L:/127.0.0.1:60811 - R:localhost/127.0.0.1:63371] for POST '/session/88af212bf45b3f210d16591a3c19e8c9/element/65f7c2a9-453a-48a1-b011-66d6b0d6d993/click'
11:09:17.741 [AsyncHttpClient-1-9] DEBUG org.asynchttpclient.netty.handler.HttpHandler - 

Request DefaultHttpRequest(decodeResult: success, version: HTTP/1.1)
POST /session/88af212bf45b3f210d16591a3c19e8c9/element/65f7c2a9-453a-48a1-b011-66d6b0d6d993/click HTTP/1.1
User-Agent: selenium/4.1.2 (java windows)
Content-Length: 50
Content-Type: application/json; charset=utf-8
host: localhost:63371
accept: */*

Response DefaultHttpResponse(decodeResult: success, version: HTTP/1.1)
HTTP/1.1 200 OK
Content-Type: application/json; charset=utf-8
cache-control: no-cache
content-length: 14

11:09:17.741 [AsyncHttpClient-1-9] DEBUG org.asynchttpclient.netty.channel.ChannelManager - Adding key: http://localhost:63371 for channel [id: 0x49a2ad69, L:/127.0.0.1:60811 - R:localhost/127.0.0.1:63371]
11:09:17.761 [Forwarding screenshot on session 88af212bf45b3f210d16591a3c19e8c9 to remote] DEBUG org.asynchttpclient.netty.request.NettyRequestSender - Using pooled Channel '[id: 0x49a2ad69, L:/127.0.0.1:60811 - R:localhost/127.0.0.1:63371]' for 'GET' to 'http://localhost:63371/session/88af212bf45b3f210d16591a3c19e8c9/screenshot'
11:09:17.761 [Forwarding screenshot on session 88af212bf45b3f210d16591a3c19e8c9 to remote] DEBUG org.asynchttpclient.netty.request.NettyRequestSender - Using open Channel [id: 0x49a2ad69, L:/127.0.0.1:60811 - R:localhost/127.0.0.1:63371] for GET '/session/88af212bf45b3f210d16591a3c19e8c9/screenshot'
11:09:18.022 [AsyncHttpClient-1-1] DEBUG org.asynchttpclient.netty.channel.DefaultChannelPool - Entry count for : http://localhost:60812 : 1
11:09:18.336 [AsyncHttpClient-1-9] DEBUG org.asynchttpclient.netty.handler.HttpHandler - 

Request DefaultFullHttpRequest(decodeResult: success, version: HTTP/1.1, content: EmptyByteBufBE)
GET /session/88af212bf45b3f210d16591a3c19e8c9/screenshot HTTP/1.1
User-Agent: selenium/4.1.2 (java windows)
Cache-Control: no-cache
Content-Type: application/json; charset=utf-8
host: localhost:63371
accept: */*

Response DefaultHttpResponse(decodeResult: success, version: HTTP/1.1)
HTTP/1.1 200 OK
Content-Type: application/json; charset=utf-8
cache-control: no-cache
content-length: 52084

11:09:18.337 [AsyncHttpClient-1-9] DEBUG org.asynchttpclient.netty.channel.ChannelManager - Adding key: http://localhost:63371 for channel [id: 0x49a2ad69, L:/127.0.0.1:60811 - R:localhost/127.0.0.1:63371]
11:09:18.346 [main] DEBUG net.serenitybdd.core.photography.Darkroom - Send negative for processing for target\site\serenity\6f7535989b75882ede8aaec1bd6fb40074993c6e4a6461d20020c8777f82178d.png
11:09:18.346 [main] DEBUG net.thucydides.core.steps.StepInterceptor - STEP DONE: clickButtonDetail
  &amp#27;[32mAnd &amp#27;[0m&amp#27;[32mClick Detail dokter data&amp#27;[0m                                &amp#27;[90m# starter.stepdefinitios.DokterDataSteps.clickDetailDokterData()&amp#27;[0m
11:09:18.362 [Darkroom Processing Line] DEBUG net.serenitybdd.core.photography.DarkroomProcessingLine - Processing screenshot image in /var/screenshots/screenshot-8994620421259232257
11:09:18.362 [Darkroom Processing Line] DEBUG net.serenitybdd.core.photography.DarkroomProcessingLine - Saving screenshot to target\site\serenity\6f7535989b75882ede8aaec1bd6fb40074993c6e4a6461d20020c8777f82178d.png
11:09:18.897 [Forwarding screenshot on session 88af212bf45b3f210d16591a3c19e8c9 to remote] DEBUG org.asynchttpclient.netty.request.NettyRequestSender - Using pooled Channel '[id: 0x49a2ad69, L:/127.0.0.1:60811 - R:localhost/127.0.0.1:63371]' for 'GET' to 'http://localhost:63371/session/88af212bf45b3f210d16591a3c19e8c9/screenshot'
11:09:18.897 [Forwarding screenshot on session 88af212bf45b3f210d16591a3c19e8c9 to remote] DEBUG org.asynchttpclient.netty.request.NettyRequestSender - Using open Channel [id: 0x49a2ad69, L:/127.0.0.1:60811 - R:localhost/127.0.0.1:63371] for GET '/session/88af212bf45b3f210d16591a3c19e8c9/screenshot'
11:09:19.113 [AsyncHttpClient-1-1] DEBUG org.asynchttpclient.netty.channel.DefaultChannelPool - Entry count for : http://localhost:60812 : 1
11:09:19.205 [AsyncHttpClient-1-9] DEBUG org.asynchttpclient.netty.handler.HttpHandler - 

Request DefaultFullHttpRequest(decodeResult: success, version: HTTP/1.1, content: EmptyByteBufBE)
GET /session/88af212bf45b3f210d16591a3c19e8c9/screenshot HTTP/1.1
User-Agent: selenium/4.1.2 (java windows)
Cache-Control: no-cache
Content-Type: application/json; charset=utf-8
host: localhost:63371
accept: */*

Response DefaultHttpResponse(decodeResult: success, version: HTTP/1.1)
HTTP/1.1 200 OK
Content-Type: application/json; charset=utf-8
cache-control: no-cache
content-length: 361212

11:09:19.207 [AsyncHttpClient-1-9] DEBUG org.asynchttpclient.netty.channel.ChannelManager - Adding key: http://localhost:63371 for channel [id: 0x49a2ad69, L:/127.0.0.1:60811 - R:localhost/127.0.0.1:63371]
11:09:19.236 [main] DEBUG net.serenitybdd.core.photography.Darkroom - Send negative for processing for target\site\serenity\f093ac79edcaf2bc3c360bf0af0d4648b807f940db35d1409f01a3271265f5d9.png
11:09:19.237 [main] DEBUG net.thucydides.core.steps.StepInterceptor - STARTING STEP: DokterDataSteps.validDataDetailDokter - checkValidDataPasien
11:09:19.242 [Forwarding findElement on session 88af212bf45b3f210d16591a3c19e8c9 to remote] DEBUG org.asynchttpclient.netty.request.NettyRequestSender - Using pooled Channel '[id: 0x49a2ad69, L:/127.0.0.1:60811 - R:localhost/127.0.0.1:63371]' for 'POST' to 'http://localhost:63371/session/88af212bf45b3f210d16591a3c19e8c9/element'
11:09:19.242 [Forwarding findElement on session 88af212bf45b3f210d16591a3c19e8c9 to remote] DEBUG org.asynchttpclient.netty.request.NettyRequestSender - Using open Channel [id: 0x49a2ad69, L:/127.0.0.1:60811 - R:localhost/127.0.0.1:63371] for POST '/session/88af212bf45b3f210d16591a3c19e8c9/element'
11:09:19.268 [AsyncHttpClient-1-9] DEBUG org.asynchttpclient.netty.handler.HttpHandler - 

Request DefaultHttpRequest(decodeResult: success, version: HTTP/1.1)
POST /session/88af212bf45b3f210d16591a3c19e8c9/element HTTP/1.1
User-Agent: selenium/4.1.2 (java windows)
Content-Length: 95
Content-Type: application/json; charset=utf-8
host: localhost:63371
accept: */*

Response DefaultHttpResponse(decodeResult: success, version: HTTP/1.1)
HTTP/1.1 200 OK
Content-Type: application/json; charset=utf-8
cache-control: no-cache
content-length: 88

11:09:19.269 [AsyncHttpClient-1-9] DEBUG org.asynchttpclient.netty.channel.ChannelManager - Adding key: http://localhost:63371 for channel [id: 0x49a2ad69, L:/127.0.0.1:60811 - R:localhost/127.0.0.1:63371]
11:09:19.271 [Forwarding isElementEnabled on session 88af212bf45b3f210d16591a3c19e8c9 to remote] DEBUG org.asynchttpclient.netty.request.NettyRequestSender - Using pooled Channel '[id: 0x49a2ad69, L:/127.0.0.1:60811 - R:localhost/127.0.0.1:63371]' for 'GET' to 'http://localhost:63371/session/88af212bf45b3f210d16591a3c19e8c9/element/85aeda79-fe86-4a8f-a042-f2afcde22747/enabled'
11:09:19.271 [Forwarding isElementEnabled on session 88af212bf45b3f210d16591a3c19e8c9 to remote] DEBUG org.asynchttpclient.netty.request.NettyRequestSender - Using open Channel [id: 0x49a2ad69, L:/127.0.0.1:60811 - R:localhost/127.0.0.1:63371] for GET '/session/88af212bf45b3f210d16591a3c19e8c9/element/85aeda79-fe86-4a8f-a042-f2afcde22747/enabled'
11:09:19.288 [AsyncHttpClient-1-9] DEBUG org.asynchttpclient.netty.handler.HttpHandler - 

Request DefaultFullHttpRequest(decodeResult: success, version: HTTP/1.1, content: EmptyByteBufBE)
GET /session/88af212bf45b3f210d16591a3c19e8c9/element/85aeda79-fe86-4a8f-a042-f2afcde22747/enabled HTTP/1.1
User-Agent: selenium/4.1.2 (java windows)
Cache-Control: no-cache
Content-Type: application/json; charset=utf-8
host: localhost:63371
accept: */*

Response DefaultHttpResponse(decodeResult: success, version: HTTP/1.1)
HTTP/1.1 200 OK
Content-Type: application/json; charset=utf-8
cache-control: no-cache
content-length: 14

11:09:19.288 [AsyncHttpClient-1-9] DEBUG org.asynchttpclient.netty.channel.ChannelManager - Adding key: http://localhost:63371 for channel [id: 0x49a2ad69, L:/127.0.0.1:60811 - R:localhost/127.0.0.1:63371]
11:09:19.299 [Forwarding screenshot on session 88af212bf45b3f210d16591a3c19e8c9 to remote] DEBUG org.asynchttpclient.netty.request.NettyRequestSender - Using pooled Channel '[id: 0x49a2ad69, L:/127.0.0.1:60811 - R:localhost/127.0.0.1:63371]' for 'GET' to 'http://localhost:63371/session/88af212bf45b3f210d16591a3c19e8c9/screenshot'
11:09:19.299 [Forwarding screenshot on session 88af212bf45b3f210d16591a3c19e8c9 to remote] DEBUG org.asynchttpclient.netty.request.NettyRequestSender - Using open Channel [id: 0x49a2ad69, L:/127.0.0.1:60811 - R:localhost/127.0.0.1:63371] for GET '/session/88af212bf45b3f210d16591a3c19e8c9/screenshot'
11:09:19.645 [AsyncHttpClient-1-9] DEBUG org.asynchttpclient.netty.handler.HttpHandler - 

Request DefaultFullHttpRequest(decodeResult: success, version: HTTP/1.1, content: EmptyByteBufBE)
GET /session/88af212bf45b3f210d16591a3c19e8c9/screenshot HTTP/1.1
User-Agent: selenium/4.1.2 (java windows)
Cache-Control: no-cache
Content-Type: application/json; charset=utf-8
host: localhost:63371
accept: */*

Response DefaultHttpResponse(decodeResult: success, version: HTTP/1.1)
HTTP/1.1 200 OK
Content-Type: application/json; charset=utf-8
cache-control: no-cache
content-length: 361212

11:09:19.647 [AsyncHttpClient-1-9] DEBUG org.asynchttpclient.netty.channel.ChannelManager - Adding key: http://localhost:63371 for channel [id: 0x49a2ad69, L:/127.0.0.1:60811 - R:localhost/127.0.0.1:63371]
11:09:19.675 [main] DEBUG net.serenitybdd.core.photography.Darkroom - Send negative for processing for target\site\serenity\f093ac79edcaf2bc3c360bf0af0d4648b807f940db35d1409f01a3271265f5d9.png
11:09:19.676 [main] DEBUG net.thucydides.core.steps.StepInterceptor - STEP DONE: checkValidDataPasien
  &amp#27;[32mWhen &amp#27;[0m&amp#27;[32mValid data detail dokter&amp#27;[0m                               &amp#27;[90m# starter.stepdefinitios.DokterDataSteps.validDataDetailDokter()&amp#27;[0m
11:09:19.872 [Forwarding screenshot on session 88af212bf45b3f210d16591a3c19e8c9 to remote] DEBUG org.asynchttpclient.netty.request.NettyRequestSender - Using pooled Channel '[id: 0x49a2ad69, L:/127.0.0.1:60811 - R:localhost/127.0.0.1:63371]' for 'GET' to 'http://localhost:63371/session/88af212bf45b3f210d16591a3c19e8c9/screenshot'
11:09:19.872 [Forwarding screenshot on session 88af212bf45b3f210d16591a3c19e8c9 to remote] DEBUG org.asynchttpclient.netty.request.NettyRequestSender - Using open Channel [id: 0x49a2ad69, L:/127.0.0.1:60811 - R:localhost/127.0.0.1:63371] for GET '/session/88af212bf45b3f210d16591a3c19e8c9/screenshot'
11:09:20.225 [AsyncHttpClient-1-1] DEBUG org.asynchttpclient.netty.channel.DefaultChannelPool - Entry count for : http://localhost:60812 : 1
11:09:20.384 [AsyncHttpClient-1-9] DEBUG org.asynchttpclient.netty.handler.HttpHandler - 

Request DefaultFullHttpRequest(decodeResult: success, version: HTTP/1.1, content: EmptyByteBufBE)
GET /session/88af212bf45b3f210d16591a3c19e8c9/screenshot HTTP/1.1
User-Agent: selenium/4.1.2 (java windows)
Cache-Control: no-cache
Content-Type: application/json; charset=utf-8
host: localhost:63371
accept: */*

Response DefaultHttpResponse(decodeResult: success, version: HTTP/1.1)
HTTP/1.1 200 OK
Content-Type: application/json; charset=utf-8
cache-control: no-cache
content-length: 361212

11:09:20.387 [AsyncHttpClient-1-9] DEBUG org.asynchttpclient.netty.channel.ChannelManager - Adding key: http://localhost:63371 for channel [id: 0x49a2ad69, L:/127.0.0.1:60811 - R:localhost/127.0.0.1:63371]
11:09:20.419 [main] DEBUG net.serenitybdd.core.photography.Darkroom - Send negative for processing for target\site\serenity\f093ac79edcaf2bc3c360bf0af0d4648b807f940db35d1409f01a3271265f5d9.png
11:09:20.420 [main] DEBUG net.thucydides.core.steps.StepInterceptor - STARTING STEP: PatientDataSteps.clickButtonEditProfil - clickButtonEditDataPasien
11:09:20.431 [Forwarding findElement on session 88af212bf45b3f210d16591a3c19e8c9 to remote] DEBUG org.asynchttpclient.netty.request.NettyRequestSender - Using pooled Channel '[id: 0x49a2ad69, L:/127.0.0.1:60811 - R:localhost/127.0.0.1:63371]' for 'POST' to 'http://localhost:63371/session/88af212bf45b3f210d16591a3c19e8c9/element'
11:09:20.431 [Forwarding findElement on session 88af212bf45b3f210d16591a3c19e8c9 to remote] DEBUG org.asynchttpclient.netty.request.NettyRequestSender - Using open Channel [id: 0x49a2ad69, L:/127.0.0.1:60811 - R:localhost/127.0.0.1:63371] for POST '/session/88af212bf45b3f210d16591a3c19e8c9/element'
11:09:20.477 [AsyncHttpClient-1-9] DEBUG org.asynchttpclient.netty.handler.HttpHandler - 

Request DefaultHttpRequest(decodeResult: success, version: HTTP/1.1)
POST /session/88af212bf45b3f210d16591a3c19e8c9/element HTTP/1.1
User-Agent: selenium/4.1.2 (java windows)
Content-Length: 116
Content-Type: application/json; charset=utf-8
host: localhost:63371
accept: */*

Response DefaultHttpResponse(decodeResult: success, version: HTTP/1.1)
HTTP/1.1 200 OK
Content-Type: application/json; charset=utf-8
cache-control: no-cache
content-length: 88

11:09:20.477 [AsyncHttpClient-1-9] DEBUG org.asynchttpclient.netty.channel.ChannelManager - Adding key: http://localhost:63371 for channel [id: 0x49a2ad69, L:/127.0.0.1:60811 - R:localhost/127.0.0.1:63371]
11:09:20.480 [Forwarding getElementTagName on session 88af212bf45b3f210d16591a3c19e8c9 to remote] DEBUG org.asynchttpclient.netty.request.NettyRequestSender - Using pooled Channel '[id: 0x49a2ad69, L:/127.0.0.1:60811 - R:localhost/127.0.0.1:63371]' for 'GET' to 'http://localhost:63371/session/88af212bf45b3f210d16591a3c19e8c9/element/8ebf2b35-d276-46e7-99f5-88148a589942/name'
11:09:20.480 [Forwarding getElementTagName on session 88af212bf45b3f210d16591a3c19e8c9 to remote] DEBUG org.asynchttpclient.netty.request.NettyRequestSender - Using open Channel [id: 0x49a2ad69, L:/127.0.0.1:60811 - R:localhost/127.0.0.1:63371] for GET '/session/88af212bf45b3f210d16591a3c19e8c9/element/8ebf2b35-d276-46e7-99f5-88148a589942/name'
11:09:20.498 [AsyncHttpClient-1-9] DEBUG org.asynchttpclient.netty.handler.HttpHandler - 

Request DefaultFullHttpRequest(decodeResult: success, version: HTTP/1.1, content: EmptyByteBufBE)
GET /session/88af212bf45b3f210d16591a3c19e8c9/element/8ebf2b35-d276-46e7-99f5-88148a589942/name HTTP/1.1
User-Agent: selenium/4.1.2 (java windows)
Cache-Control: no-cache
Content-Type: application/json; charset=utf-8
host: localhost:63371
accept: */*

Response DefaultHttpResponse(decodeResult: success, version: HTTP/1.1)
HTTP/1.1 200 OK
Content-Type: application/json; charset=utf-8
cache-control: no-cache
content-length: 18

11:09:20.498 [AsyncHttpClient-1-9] DEBUG org.asynchttpclient.netty.channel.ChannelManager - Adding key: http://localhost:63371 for channel [id: 0x49a2ad69, L:/127.0.0.1:60811 - R:localhost/127.0.0.1:63371]
11:09:20.504 [Forwarding getElementTagName on session 88af212bf45b3f210d16591a3c19e8c9 to remote] DEBUG org.asynchttpclient.netty.request.NettyRequestSender - Using pooled Channel '[id: 0x49a2ad69, L:/127.0.0.1:60811 - R:localhost/127.0.0.1:63371]' for 'GET' to 'http://localhost:63371/session/88af212bf45b3f210d16591a3c19e8c9/element/8ebf2b35-d276-46e7-99f5-88148a589942/name'
11:09:20.504 [Forwarding getElementTagName on session 88af212bf45b3f210d16591a3c19e8c9 to remote] DEBUG org.asynchttpclient.netty.request.NettyRequestSender - Using open Channel [id: 0x49a2ad69, L:/127.0.0.1:60811 - R:localhost/127.0.0.1:63371] for GET '/session/88af212bf45b3f210d16591a3c19e8c9/element/8ebf2b35-d276-46e7-99f5-88148a589942/name'
11:09:20.511 [AsyncHttpClient-1-9] DEBUG org.asynchttpclient.netty.handler.HttpHandler - 

Request DefaultFullHttpRequest(decodeResult: success, version: HTTP/1.1, content: EmptyByteBufBE)
GET /session/88af212bf45b3f210d16591a3c19e8c9/element/8ebf2b35-d276-46e7-99f5-88148a589942/name HTTP/1.1
User-Agent: selenium/4.1.2 (java windows)
Cache-Control: no-cache
Content-Type: application/json; charset=utf-8
host: localhost:63371
accept: */*

Response DefaultHttpResponse(decodeResult: success, version: HTTP/1.1)
HTTP/1.1 200 OK
Content-Type: application/json; charset=utf-8
cache-control: no-cache
content-length: 18

11:09:20.512 [AsyncHttpClient-1-9] DEBUG org.asynchttpclient.netty.channel.ChannelManager - Adding key: http://localhost:63371 for channel [id: 0x49a2ad69, L:/127.0.0.1:60811 - R:localhost/127.0.0.1:63371]
11:09:20.519 [Forwarding isElementEnabled on session 88af212bf45b3f210d16591a3c19e8c9 to remote] DEBUG org.asynchttpclient.netty.request.NettyRequestSender - Using pooled Channel '[id: 0x49a2ad69, L:/127.0.0.1:60811 - R:localhost/127.0.0.1:63371]' for 'GET' to 'http://localhost:63371/session/88af212bf45b3f210d16591a3c19e8c9/element/8ebf2b35-d276-46e7-99f5-88148a589942/enabled'
11:09:20.519 [Forwarding isElementEnabled on session 88af212bf45b3f210d16591a3c19e8c9 to remote] DEBUG org.asynchttpclient.netty.request.NettyRequestSender - Using open Channel [id: 0x49a2ad69, L:/127.0.0.1:60811 - R:localhost/127.0.0.1:63371] for GET '/session/88af212bf45b3f210d16591a3c19e8c9/element/8ebf2b35-d276-46e7-99f5-88148a589942/enabled'
11:09:20.540 [AsyncHttpClient-1-9] DEBUG org.asynchttpclient.netty.handler.HttpHandler - 

Request DefaultFullHttpRequest(decodeResult: success, version: HTTP/1.1, content: EmptyByteBufBE)
GET /session/88af212bf45b3f210d16591a3c19e8c9/element/8ebf2b35-d276-46e7-99f5-88148a589942/enabled HTTP/1.1
User-Agent: selenium/4.1.2 (java windows)
Cache-Control: no-cache
Content-Type: application/json; charset=utf-8
host: localhost:63371
accept: */*

Response DefaultHttpResponse(decodeResult: success, version: HTTP/1.1)
HTTP/1.1 200 OK
Content-Type: application/json; charset=utf-8
cache-control: no-cache
content-length: 14

11:09:20.540 [AsyncHttpClient-1-9] DEBUG org.asynchttpclient.netty.channel.ChannelManager - Adding key: http://localhost:63371 for channel [id: 0x49a2ad69, L:/127.0.0.1:60811 - R:localhost/127.0.0.1:63371]
11:09:20.566 [Forwarding isElementEnabled on session 88af212bf45b3f210d16591a3c19e8c9 to remote] DEBUG org.asynchttpclient.netty.request.NettyRequestSender - Using pooled Channel '[id: 0x49a2ad69, L:/127.0.0.1:60811 - R:localhost/127.0.0.1:63371]' for 'GET' to 'http://localhost:63371/session/88af212bf45b3f210d16591a3c19e8c9/element/8ebf2b35-d276-46e7-99f5-88148a589942/enabled'
11:09:20.567 [Forwarding isElementEnabled on session 88af212bf45b3f210d16591a3c19e8c9 to remote] DEBUG org.asynchttpclient.netty.request.NettyRequestSender - Using open Channel [id: 0x49a2ad69, L:/127.0.0.1:60811 - R:localhost/127.0.0.1:63371] for GET '/session/88af212bf45b3f210d16591a3c19e8c9/element/8ebf2b35-d276-46e7-99f5-88148a589942/enabled'
11:09:20.591 [AsyncHttpClient-1-9] DEBUG org.asynchttpclient.netty.handler.HttpHandler - 

Request DefaultFullHttpRequest(decodeResult: success, version: HTTP/1.1, content: EmptyByteBufBE)
GET /session/88af212bf45b3f210d16591a3c19e8c9/element/8ebf2b35-d276-46e7-99f5-88148a589942/enabled HTTP/1.1
User-Agent: selenium/4.1.2 (java windows)
Cache-Control: no-cache
Content-Type: application/json; charset=utf-8
host: localhost:63371
accept: */*

Response DefaultHttpResponse(decodeResult: success, version: HTTP/1.1)
HTTP/1.1 200 OK
Content-Type: application/json; charset=utf-8
cache-control: no-cache
content-length: 14

11:09:20.591 [AsyncHttpClient-1-9] DEBUG org.asynchttpclient.netty.channel.ChannelManager - Adding key: http://localhost:63371 for channel [id: 0x49a2ad69, L:/127.0.0.1:60811 - R:localhost/127.0.0.1:63371]
11:09:20.595 [Forwarding findElement on session 88af212bf45b3f210d16591a3c19e8c9 to remote] DEBUG org.asynchttpclient.netty.request.NettyRequestSender - Using pooled Channel '[id: 0x49a2ad69, L:/127.0.0.1:60811 - R:localhost/127.0.0.1:63371]' for 'POST' to 'http://localhost:63371/session/88af212bf45b3f210d16591a3c19e8c9/element'
11:09:20.595 [Forwarding findElement on session 88af212bf45b3f210d16591a3c19e8c9 to remote] DEBUG org.asynchttpclient.netty.request.NettyRequestSender - Using open Channel [id: 0x49a2ad69, L:/127.0.0.1:60811 - R:localhost/127.0.0.1:63371] for POST '/session/88af212bf45b3f210d16591a3c19e8c9/element'
11:09:20.611 [AsyncHttpClient-1-9] DEBUG org.asynchttpclient.netty.handler.HttpHandler - 

Request DefaultHttpRequest(decodeResult: success, version: HTTP/1.1)
POST /session/88af212bf45b3f210d16591a3c19e8c9/element HTTP/1.1
User-Agent: selenium/4.1.2 (java windows)
Content-Length: 116
Content-Type: application/json; charset=utf-8
host: localhost:63371
accept: */*

Response DefaultHttpResponse(decodeResult: success, version: HTTP/1.1)
HTTP/1.1 200 OK
Content-Type: application/json; charset=utf-8
cache-control: no-cache
content-length: 88

11:09:20.611 [AsyncHttpClient-1-9] DEBUG org.asynchttpclient.netty.channel.ChannelManager - Adding key: http://localhost:63371 for channel [id: 0x49a2ad69, L:/127.0.0.1:60811 - R:localhost/127.0.0.1:63371]
11:09:20.613 [Forwarding clickElement on session 88af212bf45b3f210d16591a3c19e8c9 to remote] DEBUG org.asynchttpclient.netty.request.NettyRequestSender - Using pooled Channel '[id: 0x49a2ad69, L:/127.0.0.1:60811 - R:localhost/127.0.0.1:63371]' for 'POST' to 'http://localhost:63371/session/88af212bf45b3f210d16591a3c19e8c9/element/8ebf2b35-d276-46e7-99f5-88148a589942/click'
11:09:20.614 [Forwarding clickElement on session 88af212bf45b3f210d16591a3c19e8c9 to remote] DEBUG org.asynchttpclient.netty.request.NettyRequestSender - Using open Channel [id: 0x49a2ad69, L:/127.0.0.1:60811 - R:localhost/127.0.0.1:63371] for POST '/session/88af212bf45b3f210d16591a3c19e8c9/element/8ebf2b35-d276-46e7-99f5-88148a589942/click'
11:09:20.876 [AsyncHttpClient-1-9] DEBUG org.asynchttpclient.netty.handler.HttpHandler - 

Request DefaultHttpRequest(decodeResult: success, version: HTTP/1.1)
POST /session/88af212bf45b3f210d16591a3c19e8c9/element/8ebf2b35-d276-46e7-99f5-88148a589942/click HTTP/1.1
User-Agent: selenium/4.1.2 (java windows)
Content-Length: 50
Content-Type: application/json; charset=utf-8
host: localhost:63371
accept: */*

Response DefaultHttpResponse(decodeResult: success, version: HTTP/1.1)
HTTP/1.1 200 OK
Content-Type: application/json; charset=utf-8
cache-control: no-cache
content-length: 14

11:09:20.876 [AsyncHttpClient-1-9] DEBUG org.asynchttpclient.netty.channel.ChannelManager - Adding key: http://localhost:63371 for channel [id: 0x49a2ad69, L:/127.0.0.1:60811 - R:localhost/127.0.0.1:63371]
11:09:20.897 [Forwarding screenshot on session 88af212bf45b3f210d16591a3c19e8c9 to remote] DEBUG org.asynchttpclient.netty.request.NettyRequestSender - Using pooled Channel '[id: 0x49a2ad69, L:/127.0.0.1:60811 - R:localhost/127.0.0.1:63371]' for 'GET' to 'http://localhost:63371/session/88af212bf45b3f210d16591a3c19e8c9/screenshot'
11:09:20.897 [Forwarding screenshot on session 88af212bf45b3f210d16591a3c19e8c9 to remote] DEBUG org.asynchttpclient.netty.request.NettyRequestSender - Using open Channel [id: 0x49a2ad69, L:/127.0.0.1:60811 - R:localhost/127.0.0.1:63371] for GET '/session/88af212bf45b3f210d16591a3c19e8c9/screenshot'
11:09:21.333 [AsyncHttpClient-1-9] DEBUG org.asynchttpclient.netty.handler.HttpHandler - 

Request DefaultFullHttpRequest(decodeResult: success, version: HTTP/1.1, content: EmptyByteBufBE)
GET /session/88af212bf45b3f210d16591a3c19e8c9/screenshot HTTP/1.1
User-Agent: selenium/4.1.2 (java windows)
Cache-Control: no-cache
Content-Type: application/json; charset=utf-8
host: localhost:63371
accept: */*

Response DefaultHttpResponse(decodeResult: success, version: HTTP/1.1)
HTTP/1.1 200 OK
Content-Type: application/json; charset=utf-8
cache-control: no-cache
content-length: 362744

11:09:21.336 [AsyncHttpClient-1-9] DEBUG org.asynchttpclient.netty.channel.ChannelManager - Adding key: http://localhost:63371 for channel [id: 0x49a2ad69, L:/127.0.0.1:60811 - R:localhost/127.0.0.1:63371]
11:09:21.353 [AsyncHttpClient-1-1] DEBUG org.asynchttpclient.netty.channel.DefaultChannelPool - Entry count for : http://localhost:63371 : 1
11:09:21.353 [AsyncHttpClient-1-1] DEBUG org.asynchttpclient.netty.channel.DefaultChannelPool - Entry count for : http://localhost:60812 : 1
11:09:21.364 [main] DEBUG net.serenitybdd.core.photography.Darkroom - Send negative for processing for target\site\serenity\5bfe2a84988cddecef04ce31b5ca00f5b4ec784d01d0d7f2a19e4a4602caa79f.png
11:09:21.365 [main] DEBUG net.thucydides.core.steps.StepInterceptor - STEP DONE: clickButtonEditDataPasien
  &amp#27;[32mAnd &amp#27;[0m&amp#27;[32mClick button edit profil&amp#27;[0m                                &amp#27;[90m# starter.stepdefinitios.PatientDataSteps.clickButtonEditProfil()&amp#27;[0m
11:09:21.426 [Forwarding screenshot on session 88af212bf45b3f210d16591a3c19e8c9 to remote] DEBUG org.asynchttpclient.netty.request.NettyRequestSender - Using pooled Channel '[id: 0x49a2ad69, L:/127.0.0.1:60811 - R:localhost/127.0.0.1:63371]' for 'GET' to 'http://localhost:63371/session/88af212bf45b3f210d16591a3c19e8c9/screenshot'
11:09:21.426 [Forwarding screenshot on session 88af212bf45b3f210d16591a3c19e8c9 to remote] DEBUG org.asynchttpclient.netty.request.NettyRequestSender - Using open Channel [id: 0x49a2ad69, L:/127.0.0.1:60811 - R:localhost/127.0.0.1:63371] for GET '/session/88af212bf45b3f210d16591a3c19e8c9/screenshot'
11:09:21.921 [AsyncHttpClient-1-9] DEBUG org.asynchttpclient.netty.handler.HttpHandler - 

Request DefaultFullHttpRequest(decodeResult: success, version: HTTP/1.1, content: EmptyByteBufBE)
GET /session/88af212bf45b3f210d16591a3c19e8c9/screenshot HTTP/1.1
User-Agent: selenium/4.1.2 (java windows)
Cache-Control: no-cache
Content-Type: application/json; charset=utf-8
host: localhost:63371
accept: */*

Response DefaultHttpResponse(decodeResult: success, version: HTTP/1.1)
HTTP/1.1 200 OK
Content-Type: application/json; charset=utf-8
cache-control: no-cache
content-length: 362744

11:09:21.924 [AsyncHttpClient-1-9] DEBUG org.asynchttpclient.netty.channel.ChannelManager - Adding key: http://localhost:63371 for channel [id: 0x49a2ad69, L:/127.0.0.1:60811 - R:localhost/127.0.0.1:63371]
11:09:21.954 [main] DEBUG net.serenitybdd.core.photography.Darkroom - Send negative for processing for target\site\serenity\5bfe2a84988cddecef04ce31b5ca00f5b4ec784d01d0d7f2a19e4a4602caa79f.png
11:09:21.975 [main] DEBUG net.thucydides.core.steps.StepInterceptor - STARTING STEP: DokterDataSteps.cleanAllDataDokter - cleanDataPasien
11:09:21.979 [Forwarding findElement on session 88af212bf45b3f210d16591a3c19e8c9 to remote] DEBUG org.asynchttpclient.netty.request.NettyRequestSender - Using pooled Channel '[id: 0x49a2ad69, L:/127.0.0.1:60811 - R:localhost/127.0.0.1:63371]' for 'POST' to 'http://localhost:63371/session/88af212bf45b3f210d16591a3c19e8c9/element'
11:09:21.980 [Forwarding findElement on session 88af212bf45b3f210d16591a3c19e8c9 to remote] DEBUG org.asynchttpclient.netty.request.NettyRequestSender - Using open Channel [id: 0x49a2ad69, L:/127.0.0.1:60811 - R:localhost/127.0.0.1:63371] for POST '/session/88af212bf45b3f210d16591a3c19e8c9/element'
11:09:22.023 [AsyncHttpClient-1-9] DEBUG org.asynchttpclient.netty.handler.HttpHandler - 

Request DefaultHttpRequest(decodeResult: success, version: HTTP/1.1)
POST /session/88af212bf45b3f210d16591a3c19e8c9/element HTTP/1.1
User-Agent: selenium/4.1.2 (java windows)
Content-Length: 166
Content-Type: application/json; charset=utf-8
host: localhost:63371
accept: */*

Response DefaultHttpResponse(decodeResult: success, version: HTTP/1.1)
HTTP/1.1 200 OK
Content-Type: application/json; charset=utf-8
cache-control: no-cache
content-length: 88

11:09:22.023 [AsyncHttpClient-1-9] DEBUG org.asynchttpclient.netty.channel.ChannelManager - Adding key: http://localhost:63371 for channel [id: 0x49a2ad69, L:/127.0.0.1:60811 - R:localhost/127.0.0.1:63371]
11:09:22.026 [Forwarding clearElement on session 88af212bf45b3f210d16591a3c19e8c9 to remote] DEBUG org.asynchttpclient.netty.request.NettyRequestSender - Using pooled Channel '[id: 0x49a2ad69, L:/127.0.0.1:60811 - R:localhost/127.0.0.1:63371]' for 'POST' to 'http://localhost:63371/session/88af212bf45b3f210d16591a3c19e8c9/element/b250944c-9597-4a1c-ae16-8a1a4c75ba03/clear'
11:09:22.026 [Forwarding clearElement on session 88af212bf45b3f210d16591a3c19e8c9 to remote] DEBUG org.asynchttpclient.netty.request.NettyRequestSender - Using open Channel [id: 0x49a2ad69, L:/127.0.0.1:60811 - R:localhost/127.0.0.1:63371] for POST '/session/88af212bf45b3f210d16591a3c19e8c9/element/b250944c-9597-4a1c-ae16-8a1a4c75ba03/clear'
11:09:22.181 [AsyncHttpClient-1-9] DEBUG org.asynchttpclient.netty.handler.HttpHandler - 

Request DefaultHttpRequest(decodeResult: success, version: HTTP/1.1)
POST /session/88af212bf45b3f210d16591a3c19e8c9/element/b250944c-9597-4a1c-ae16-8a1a4c75ba03/clear HTTP/1.1
User-Agent: selenium/4.1.2 (java windows)
Content-Length: 50
Content-Type: application/json; charset=utf-8
host: localhost:63371
accept: */*

Response DefaultHttpResponse(decodeResult: success, version: HTTP/1.1)
HTTP/1.1 200 OK
Content-Type: application/json; charset=utf-8
cache-control: no-cache
content-length: 14

11:09:22.181 [AsyncHttpClient-1-9] DEBUG org.asynchttpclient.netty.channel.ChannelManager - Adding key: http://localhost:63371 for channel [id: 0x49a2ad69, L:/127.0.0.1:60811 - R:localhost/127.0.0.1:63371]
11:09:22.188 [Forwarding findElement on session 88af212bf45b3f210d16591a3c19e8c9 to remote] DEBUG org.asynchttpclient.netty.request.NettyRequestSender - Using pooled Channel '[id: 0x49a2ad69, L:/127.0.0.1:60811 - R:localhost/127.0.0.1:63371]' for 'POST' to 'http://localhost:63371/session/88af212bf45b3f210d16591a3c19e8c9/element'
11:09:22.188 [Forwarding findElement on session 88af212bf45b3f210d16591a3c19e8c9 to remote] DEBUG org.asynchttpclient.netty.request.NettyRequestSender - Using open Channel [id: 0x49a2ad69, L:/127.0.0.1:60811 - R:localhost/127.0.0.1:63371] for POST '/session/88af212bf45b3f210d16591a3c19e8c9/element'
11:09:22.213 [AsyncHttpClient-1-9] DEBUG org.asynchttpclient.netty.handler.HttpHandler - 

Request DefaultHttpRequest(decodeResult: success, version: HTTP/1.1)
POST /session/88af212bf45b3f210d16591a3c19e8c9/element HTTP/1.1
User-Agent: selenium/4.1.2 (java windows)
Content-Length: 166
Content-Type: application/json; charset=utf-8
host: localhost:63371
accept: */*

Response DefaultHttpResponse(decodeResult: success, version: HTTP/1.1)
HTTP/1.1 200 OK
Content-Type: application/json; charset=utf-8
cache-control: no-cache
content-length: 88

11:09:22.213 [AsyncHttpClient-1-9] DEBUG org.asynchttpclient.netty.channel.ChannelManager - Adding key: http://localhost:63371 for channel [id: 0x49a2ad69, L:/127.0.0.1:60811 - R:localhost/127.0.0.1:63371]
11:09:22.215 [Forwarding clearElement on session 88af212bf45b3f210d16591a3c19e8c9 to remote] DEBUG org.asynchttpclient.netty.request.NettyRequestSender - Using pooled Channel '[id: 0x49a2ad69, L:/127.0.0.1:60811 - R:localhost/127.0.0.1:63371]' for 'POST' to 'http://localhost:63371/session/88af212bf45b3f210d16591a3c19e8c9/element/7d994ca9-cdda-4a00-b96e-b79412a6b574/clear'
11:09:22.215 [Forwarding clearElement on session 88af212bf45b3f210d16591a3c19e8c9 to remote] DEBUG org.asynchttpclient.netty.request.NettyRequestSender - Using open Channel [id: 0x49a2ad69, L:/127.0.0.1:60811 - R:localhost/127.0.0.1:63371] for POST '/session/88af212bf45b3f210d16591a3c19e8c9/element/7d994ca9-cdda-4a00-b96e-b79412a6b574/clear'
11:09:22.309 [AsyncHttpClient-1-9] DEBUG org.asynchttpclient.netty.handler.HttpHandler - 

Request DefaultHttpRequest(decodeResult: success, version: HTTP/1.1)
POST /session/88af212bf45b3f210d16591a3c19e8c9/element/7d994ca9-cdda-4a00-b96e-b79412a6b574/clear HTTP/1.1
User-Agent: selenium/4.1.2 (java windows)
Content-Length: 50
Content-Type: application/json; charset=utf-8
host: localhost:63371
accept: */*

Response DefaultHttpResponse(decodeResult: success, version: HTTP/1.1)
HTTP/1.1 200 OK
Content-Type: application/json; charset=utf-8
cache-control: no-cache
content-length: 14

11:09:22.309 [AsyncHttpClient-1-9] DEBUG org.asynchttpclient.netty.channel.ChannelManager - Adding key: http://localhost:63371 for channel [id: 0x49a2ad69, L:/127.0.0.1:60811 - R:localhost/127.0.0.1:63371]
11:09:22.316 [Forwarding findElement on session 88af212bf45b3f210d16591a3c19e8c9 to remote] DEBUG org.asynchttpclient.netty.request.NettyRequestSender - Using pooled Channel '[id: 0x49a2ad69, L:/127.0.0.1:60811 - R:localhost/127.0.0.1:63371]' for 'POST' to 'http://localhost:63371/session/88af212bf45b3f210d16591a3c19e8c9/element'
11:09:22.316 [Forwarding findElement on session 88af212bf45b3f210d16591a3c19e8c9 to remote] DEBUG org.asynchttpclient.netty.request.NettyRequestSender - Using open Channel [id: 0x49a2ad69, L:/127.0.0.1:60811 - R:localhost/127.0.0.1:63371] for POST '/session/88af212bf45b3f210d16591a3c19e8c9/element'
11:09:22.345 [AsyncHttpClient-1-9] DEBUG org.asynchttpclient.netty.handler.HttpHandler - 

Request DefaultHttpRequest(decodeResult: success, version: HTTP/1.1)
POST /session/88af212bf45b3f210d16591a3c19e8c9/element HTTP/1.1
User-Agent: selenium/4.1.2 (java windows)
Content-Length: 166
Content-Type: application/json; charset=utf-8
host: localhost:63371
accept: */*

Response DefaultHttpResponse(decodeResult: success, version: HTTP/1.1)
HTTP/1.1 200 OK
Content-Type: application/json; charset=utf-8
cache-control: no-cache
content-length: 88

11:09:22.345 [AsyncHttpClient-1-9] DEBUG org.asynchttpclient.netty.channel.ChannelManager - Adding key: http://localhost:63371 for channel [id: 0x49a2ad69, L:/127.0.0.1:60811 - R:localhost/127.0.0.1:63371]
11:09:22.347 [Forwarding clearElement on session 88af212bf45b3f210d16591a3c19e8c9 to remote] DEBUG org.asynchttpclient.netty.request.NettyRequestSender - Using pooled Channel '[id: 0x49a2ad69, L:/127.0.0.1:60811 - R:localhost/127.0.0.1:63371]' for 'POST' to 'http://localhost:63371/session/88af212bf45b3f210d16591a3c19e8c9/element/df1d9cd8-d9fe-45d2-8fa8-ed22db8c1e6e/clear'
11:09:22.347 [Forwarding clearElement on session 88af212bf45b3f210d16591a3c19e8c9 to remote] DEBUG org.asynchttpclient.netty.request.NettyRequestSender - Using open Channel [id: 0x49a2ad69, L:/127.0.0.1:60811 - R:localhost/127.0.0.1:63371] for POST '/session/88af212bf45b3f210d16591a3c19e8c9/element/df1d9cd8-d9fe-45d2-8fa8-ed22db8c1e6e/clear'
11:09:22.426 [AsyncHttpClient-1-1] DEBUG org.asynchttpclient.netty.channel.DefaultChannelPool - Entry count for : http://localhost:60812 : 1
11:09:22.443 [AsyncHttpClient-1-9] DEBUG org.asynchttpclient.netty.handler.HttpHandler - 

Request DefaultHttpRequest(decodeResult: success, version: HTTP/1.1)
POST /session/88af212bf45b3f210d16591a3c19e8c9/element/df1d9cd8-d9fe-45d2-8fa8-ed22db8c1e6e/clear HTTP/1.1
User-Agent: selenium/4.1.2 (java windows)
Content-Length: 50
Content-Type: application/json; charset=utf-8
host: localhost:63371
accept: */*

Response DefaultHttpResponse(decodeResult: success, version: HTTP/1.1)
HTTP/1.1 200 OK
Content-Type: application/json; charset=utf-8
cache-control: no-cache
content-length: 14

11:09:22.443 [AsyncHttpClient-1-9] DEBUG org.asynchttpclient.netty.channel.ChannelManager - Adding key: http://localhost:63371 for channel [id: 0x49a2ad69, L:/127.0.0.1:60811 - R:localhost/127.0.0.1:63371]
11:09:22.454 [Forwarding findElement on session 88af212bf45b3f210d16591a3c19e8c9 to remote] DEBUG org.asynchttpclient.netty.request.NettyRequestSender - Using pooled Channel '[id: 0x49a2ad69, L:/127.0.0.1:60811 - R:localhost/127.0.0.1:63371]' for 'POST' to 'http://localhost:63371/session/88af212bf45b3f210d16591a3c19e8c9/element'
11:09:22.454 [Forwarding findElement on session 88af212bf45b3f210d16591a3c19e8c9 to remote] DEBUG org.asynchttpclient.netty.request.NettyRequestSender - Using open Channel [id: 0x49a2ad69, L:/127.0.0.1:60811 - R:localhost/127.0.0.1:63371] for POST '/session/88af212bf45b3f210d16591a3c19e8c9/element'
11:09:22.497 [AsyncHttpClient-1-9] DEBUG org.asynchttpclient.netty.handler.HttpHandler - 

Request DefaultHttpRequest(decodeResult: success, version: HTTP/1.1)
POST /session/88af212bf45b3f210d16591a3c19e8c9/element HTTP/1.1
User-Agent: selenium/4.1.2 (java windows)
Content-Length: 166
Content-Type: application/json; charset=utf-8
host: localhost:63371
accept: */*

Response DefaultHttpResponse(decodeResult: success, version: HTTP/1.1)
HTTP/1.1 200 OK
Content-Type: application/json; charset=utf-8
cache-control: no-cache
content-length: 88

11:09:22.497 [AsyncHttpClient-1-9] DEBUG org.asynchttpclient.netty.channel.ChannelManager - Adding key: http://localhost:63371 for channel [id: 0x49a2ad69, L:/127.0.0.1:60811 - R:localhost/127.0.0.1:63371]
11:09:22.499 [Forwarding clearElement on session 88af212bf45b3f210d16591a3c19e8c9 to remote] DEBUG org.asynchttpclient.netty.request.NettyRequestSender - Using pooled Channel '[id: 0x49a2ad69, L:/127.0.0.1:60811 - R:localhost/127.0.0.1:63371]' for 'POST' to 'http://localhost:63371/session/88af212bf45b3f210d16591a3c19e8c9/element/ff3ea40d-6935-45f4-b146-3f75acedc836/clear'
11:09:22.499 [Forwarding clearElement on session 88af212bf45b3f210d16591a3c19e8c9 to remote] DEBUG org.asynchttpclient.netty.request.NettyRequestSender - Using open Channel [id: 0x49a2ad69, L:/127.0.0.1:60811 - R:localhost/127.0.0.1:63371] for POST '/session/88af212bf45b3f210d16591a3c19e8c9/element/ff3ea40d-6935-45f4-b146-3f75acedc836/clear'
11:09:22.578 [AsyncHttpClient-1-9] DEBUG org.asynchttpclient.netty.handler.HttpHandler - 

Request DefaultHttpRequest(decodeResult: success, version: HTTP/1.1)
POST /session/88af212bf45b3f210d16591a3c19e8c9/element/ff3ea40d-6935-45f4-b146-3f75acedc836/clear HTTP/1.1
User-Agent: selenium/4.1.2 (java windows)
Content-Length: 50
Content-Type: application/json; charset=utf-8
host: localhost:63371
accept: */*

Response DefaultHttpResponse(decodeResult: success, version: HTTP/1.1)
HTTP/1.1 200 OK
Content-Type: application/json; charset=utf-8
cache-control: no-cache
content-length: 14

11:09:22.578 [AsyncHttpClient-1-9] DEBUG org.asynchttpclient.netty.channel.ChannelManager - Adding key: http://localhost:63371 for channel [id: 0x49a2ad69, L:/127.0.0.1:60811 - R:localhost/127.0.0.1:63371]
11:09:22.584 [Forwarding findElement on session 88af212bf45b3f210d16591a3c19e8c9 to remote] DEBUG org.asynchttpclient.netty.request.NettyRequestSender - Using pooled Channel '[id: 0x49a2ad69, L:/127.0.0.1:60811 - R:localhost/127.0.0.1:63371]' for 'POST' to 'http://localhost:63371/session/88af212bf45b3f210d16591a3c19e8c9/element'
11:09:22.584 [Forwarding findElement on session 88af212bf45b3f210d16591a3c19e8c9 to remote] DEBUG org.asynchttpclient.netty.request.NettyRequestSender - Using open Channel [id: 0x49a2ad69, L:/127.0.0.1:60811 - R:localhost/127.0.0.1:63371] for POST '/session/88af212bf45b3f210d16591a3c19e8c9/element'
11:09:22.613 [AsyncHttpClient-1-9] DEBUG org.asynchttpclient.netty.handler.HttpHandler - 

Request DefaultHttpRequest(decodeResult: success, version: HTTP/1.1)
POST /session/88af212bf45b3f210d16591a3c19e8c9/element HTTP/1.1
User-Agent: selenium/4.1.2 (java windows)
Content-Length: 166
Content-Type: application/json; charset=utf-8
host: localhost:63371
accept: */*

Response DefaultHttpResponse(decodeResult: success, version: HTTP/1.1)
HTTP/1.1 200 OK
Content-Type: application/json; charset=utf-8
cache-control: no-cache
content-length: 88

11:09:22.613 [AsyncHttpClient-1-9] DEBUG org.asynchttpclient.netty.channel.ChannelManager - Adding key: http://localhost:63371 for channel [id: 0x49a2ad69, L:/127.0.0.1:60811 - R:localhost/127.0.0.1:63371]
11:09:22.615 [Forwarding clearElement on session 88af212bf45b3f210d16591a3c19e8c9 to remote] DEBUG org.asynchttpclient.netty.request.NettyRequestSender - Using pooled Channel '[id: 0x49a2ad69, L:/127.0.0.1:60811 - R:localhost/127.0.0.1:63371]' for 'POST' to 'http://localhost:63371/session/88af212bf45b3f210d16591a3c19e8c9/element/efd1c849-1a8c-4c92-8bef-989d557a59c5/clear'
11:09:22.615 [Forwarding clearElement on session 88af212bf45b3f210d16591a3c19e8c9 to remote] DEBUG org.asynchttpclient.netty.request.NettyRequestSender - Using open Channel [id: 0x49a2ad69, L:/127.0.0.1:60811 - R:localhost/127.0.0.1:63371] for POST '/session/88af212bf45b3f210d16591a3c19e8c9/element/efd1c849-1a8c-4c92-8bef-989d557a59c5/clear'
11:09:22.695 [AsyncHttpClient-1-9] DEBUG org.asynchttpclient.netty.handler.HttpHandler - 

Request DefaultHttpRequest(decodeResult: success, version: HTTP/1.1)
POST /session/88af212bf45b3f210d16591a3c19e8c9/element/efd1c849-1a8c-4c92-8bef-989d557a59c5/clear HTTP/1.1
User-Agent: selenium/4.1.2 (java windows)
Content-Length: 50
Content-Type: application/json; charset=utf-8
host: localhost:63371
accept: */*

Response DefaultHttpResponse(decodeResult: success, version: HTTP/1.1)
HTTP/1.1 200 OK
Content-Type: application/json; charset=utf-8
cache-control: no-cache
content-length: 14

11:09:22.696 [AsyncHttpClient-1-9] DEBUG org.asynchttpclient.netty.channel.ChannelManager - Adding key: http://localhost:63371 for channel [id: 0x49a2ad69, L:/127.0.0.1:60811 - R:localhost/127.0.0.1:63371]
11:09:22.709 [Forwarding screenshot on session 88af212bf45b3f210d16591a3c19e8c9 to remote] DEBUG org.asynchttpclient.netty.request.NettyRequestSender - Using pooled Channel '[id: 0x49a2ad69, L:/127.0.0.1:60811 - R:localhost/127.0.0.1:63371]' for 'GET' to 'http://localhost:63371/session/88af212bf45b3f210d16591a3c19e8c9/screenshot'
11:09:22.709 [Forwarding screenshot on session 88af212bf45b3f210d16591a3c19e8c9 to remote] DEBUG org.asynchttpclient.netty.request.NettyRequestSender - Using open Channel [id: 0x49a2ad69, L:/127.0.0.1:60811 - R:localhost/127.0.0.1:63371] for GET '/session/88af212bf45b3f210d16591a3c19e8c9/screenshot'
11:09:23.045 [AsyncHttpClient-1-9] DEBUG org.asynchttpclient.netty.handler.HttpHandler - 

Request DefaultFullHttpRequest(decodeResult: success, version: HTTP/1.1, content: EmptyByteBufBE)
GET /session/88af212bf45b3f210d16591a3c19e8c9/screenshot HTTP/1.1
User-Agent: selenium/4.1.2 (java windows)
Cache-Control: no-cache
Content-Type: application/json; charset=utf-8
host: localhost:63371
accept: */*

Response DefaultHttpResponse(decodeResult: success, version: HTTP/1.1)
HTTP/1.1 200 OK
Content-Type: application/json; charset=utf-8
cache-control: no-cache
content-length: 349740

11:09:23.047 [AsyncHttpClient-1-9] DEBUG org.asynchttpclient.netty.channel.ChannelManager - Adding key: http://localhost:63371 for channel [id: 0x49a2ad69, L:/127.0.0.1:60811 - R:localhost/127.0.0.1:63371]
11:09:23.077 [main] DEBUG net.serenitybdd.core.photography.Darkroom - Send negative for processing for target\site\serenity\88abc64f8415a7e11267491fc5c954f910ec97d832426eafc43255b9c6eb4946.png
11:09:23.077 [main] DEBUG net.thucydides.core.steps.StepInterceptor - STEP DONE: cleanDataPasien
  &amp#27;[32mAnd &amp#27;[0m&amp#27;[32mClean all data dokter&amp#27;[0m                                   &amp#27;[90m# starter.stepdefinitios.DokterDataSteps.cleanAllDataDokter()&amp#27;[0m
11:09:23.127 [Forwarding screenshot on session 88af212bf45b3f210d16591a3c19e8c9 to remote] DEBUG org.asynchttpclient.netty.request.NettyRequestSender - Using pooled Channel '[id: 0x49a2ad69, L:/127.0.0.1:60811 - R:localhost/127.0.0.1:63371]' for 'GET' to 'http://localhost:63371/session/88af212bf45b3f210d16591a3c19e8c9/screenshot'
11:09:23.127 [Forwarding screenshot on session 88af212bf45b3f210d16591a3c19e8c9 to remote] DEBUG org.asynchttpclient.netty.request.NettyRequestSender - Using open Channel [id: 0x49a2ad69, L:/127.0.0.1:60811 - R:localhost/127.0.0.1:63371] for GET '/session/88af212bf45b3f210d16591a3c19e8c9/screenshot'
11:09:23.497 [AsyncHttpClient-1-9] DEBUG org.asynchttpclient.netty.handler.HttpHandler - 

Request DefaultFullHttpRequest(decodeResult: success, version: HTTP/1.1, content: EmptyByteBufBE)
GET /session/88af212bf45b3f210d16591a3c19e8c9/screenshot HTTP/1.1
User-Agent: selenium/4.1.2 (java windows)
Cache-Control: no-cache
Content-Type: application/json; charset=utf-8
host: localhost:63371
accept: */*

Response DefaultHttpResponse(decodeResult: success, version: HTTP/1.1)
HTTP/1.1 200 OK
Content-Type: application/json; charset=utf-8
cache-control: no-cache
content-length: 349740

11:09:23.502 [AsyncHttpClient-1-9] DEBUG org.asynchttpclient.netty.channel.ChannelManager - Adding key: http://localhost:63371 for channel [id: 0x49a2ad69, L:/127.0.0.1:60811 - R:localhost/127.0.0.1:63371]
11:09:23.518 [AsyncHttpClient-1-1] DEBUG org.asynchttpclient.netty.channel.DefaultChannelPool - Entry count for : http://localhost:63371 : 1
11:09:23.518 [AsyncHttpClient-1-1] DEBUG org.asynchttpclient.netty.channel.DefaultChannelPool - Entry count for : http://localhost:60812 : 1
11:09:23.529 [main] DEBUG net.serenitybdd.core.photography.Darkroom - Send negative for processing for target\site\serenity\88abc64f8415a7e11267491fc5c954f910ec97d832426eafc43255b9c6eb4946.png
11:09:23.551 [main] DEBUG net.thucydides.core.steps.StepInterceptor - STARTING STEP: DokterDataSteps.iInputDokter - inputDataPasien
11:09:23.555 [Forwarding findElement on session 88af212bf45b3f210d16591a3c19e8c9 to remote] DEBUG org.asynchttpclient.netty.request.NettyRequestSender - Using pooled Channel '[id: 0x49a2ad69, L:/127.0.0.1:60811 - R:localhost/127.0.0.1:63371]' for 'POST' to 'http://localhost:63371/session/88af212bf45b3f210d16591a3c19e8c9/element'
11:09:23.555 [Forwarding findElement on session 88af212bf45b3f210d16591a3c19e8c9 to remote] DEBUG org.asynchttpclient.netty.request.NettyRequestSender - Using open Channel [id: 0x49a2ad69, L:/127.0.0.1:60811 - R:localhost/127.0.0.1:63371] for POST '/session/88af212bf45b3f210d16591a3c19e8c9/element'
11:09:23.575 [AsyncHttpClient-1-9] DEBUG org.asynchttpclient.netty.handler.HttpHandler - 

Request DefaultHttpRequest(decodeResult: success, version: HTTP/1.1)
POST /session/88af212bf45b3f210d16591a3c19e8c9/element HTTP/1.1
User-Agent: selenium/4.1.2 (java windows)
Content-Length: 166
Content-Type: application/json; charset=utf-8
host: localhost:63371
accept: */*

Response DefaultHttpResponse(decodeResult: success, version: HTTP/1.1)
HTTP/1.1 200 OK
Content-Type: application/json; charset=utf-8
cache-control: no-cache
content-length: 88

11:09:23.576 [AsyncHttpClient-1-9] DEBUG org.asynchttpclient.netty.channel.ChannelManager - Adding key: http://localhost:63371 for channel [id: 0x49a2ad69, L:/127.0.0.1:60811 - R:localhost/127.0.0.1:63371]
11:09:23.578 [Forwarding sendKeysToElement on session 88af212bf45b3f210d16591a3c19e8c9 to remote] DEBUG org.asynchttpclient.netty.request.NettyRequestSender - Using pooled Channel '[id: 0x49a2ad69, L:/127.0.0.1:60811 - R:localhost/127.0.0.1:63371]' for 'POST' to 'http://localhost:63371/session/88af212bf45b3f210d16591a3c19e8c9/element/b250944c-9597-4a1c-ae16-8a1a4c75ba03/value'
11:09:23.579 [Forwarding sendKeysToElement on session 88af212bf45b3f210d16591a3c19e8c9 to remote] DEBUG org.asynchttpclient.netty.request.NettyRequestSender - Using open Channel [id: 0x49a2ad69, L:/127.0.0.1:60811 - R:localhost/127.0.0.1:63371] for POST '/session/88af212bf45b3f210d16591a3c19e8c9/element/b250944c-9597-4a1c-ae16-8a1a4c75ba03/value'
11:09:24.011 [AsyncHttpClient-1-9] DEBUG org.asynchttpclient.netty.handler.HttpHandler - 

Request DefaultHttpRequest(decodeResult: success, version: HTTP/1.1)
POST /session/88af212bf45b3f210d16591a3c19e8c9/element/b250944c-9597-4a1c-ae16-8a1a4c75ba03/value HTTP/1.1
User-Agent: selenium/4.1.2 (java windows)
Content-Length: 131
Content-Type: application/json; charset=utf-8
host: localhost:63371
accept: */*

Response DefaultHttpResponse(decodeResult: success, version: HTTP/1.1)
HTTP/1.1 200 OK
Content-Type: application/json; charset=utf-8
cache-control: no-cache
content-length: 14

11:09:24.011 [AsyncHttpClient-1-9] DEBUG org.asynchttpclient.netty.channel.ChannelManager - Adding key: http://localhost:63371 for channel [id: 0x49a2ad69, L:/127.0.0.1:60811 - R:localhost/127.0.0.1:63371]
11:09:24.014 [Forwarding findElement on session 88af212bf45b3f210d16591a3c19e8c9 to remote] DEBUG org.asynchttpclient.netty.request.NettyRequestSender - Using pooled Channel '[id: 0x49a2ad69, L:/127.0.0.1:60811 - R:localhost/127.0.0.1:63371]' for 'POST' to 'http://localhost:63371/session/88af212bf45b3f210d16591a3c19e8c9/element'
11:09:24.014 [Forwarding findElement on session 88af212bf45b3f210d16591a3c19e8c9 to remote] DEBUG org.asynchttpclient.netty.request.NettyRequestSender - Using open Channel [id: 0x49a2ad69, L:/127.0.0.1:60811 - R:localhost/127.0.0.1:63371] for POST '/session/88af212bf45b3f210d16591a3c19e8c9/element'
11:09:24.031 [AsyncHttpClient-1-9] DEBUG org.asynchttpclient.netty.handler.HttpHandler - 

Request DefaultHttpRequest(decodeResult: success, version: HTTP/1.1)
POST /session/88af212bf45b3f210d16591a3c19e8c9/element HTTP/1.1
User-Agent: selenium/4.1.2 (java windows)
Content-Length: 166
Content-Type: application/json; charset=utf-8
host: localhost:63371
accept: */*

Response DefaultHttpResponse(decodeResult: success, version: HTTP/1.1)
HTTP/1.1 200 OK
Content-Type: application/json; charset=utf-8
cache-control: no-cache
content-length: 88

11:09:24.031 [AsyncHttpClient-1-9] DEBUG org.asynchttpclient.netty.channel.ChannelManager - Adding key: http://localhost:63371 for channel [id: 0x49a2ad69, L:/127.0.0.1:60811 - R:localhost/127.0.0.1:63371]
11:09:24.033 [Forwarding sendKeysToElement on session 88af212bf45b3f210d16591a3c19e8c9 to remote] DEBUG org.asynchttpclient.netty.request.NettyRequestSender - Using pooled Channel '[id: 0x49a2ad69, L:/127.0.0.1:60811 - R:localhost/127.0.0.1:63371]' for 'POST' to 'http://localhost:63371/session/88af212bf45b3f210d16591a3c19e8c9/element/7d994ca9-cdda-4a00-b96e-b79412a6b574/value'
11:09:24.033 [Forwarding sendKeysToElement on session 88af212bf45b3f210d16591a3c19e8c9 to remote] DEBUG org.asynchttpclient.netty.request.NettyRequestSender - Using open Channel [id: 0x49a2ad69, L:/127.0.0.1:60811 - R:localhost/127.0.0.1:63371] for POST '/session/88af212bf45b3f210d16591a3c19e8c9/element/7d994ca9-cdda-4a00-b96e-b79412a6b574/value'
11:09:24.364 [AsyncHttpClient-1-9] DEBUG org.asynchttpclient.netty.handler.HttpHandler - 

Request DefaultHttpRequest(decodeResult: success, version: HTTP/1.1)
POST /session/88af212bf45b3f210d16591a3c19e8c9/element/7d994ca9-cdda-4a00-b96e-b79412a6b574/value HTTP/1.1
User-Agent: selenium/4.1.2 (java windows)
Content-Length: 131
Content-Type: application/json; charset=utf-8
host: localhost:63371
accept: */*

Response DefaultHttpResponse(decodeResult: success, version: HTTP/1.1)
HTTP/1.1 200 OK
Content-Type: application/json; charset=utf-8
cache-control: no-cache
content-length: 14

11:09:24.365 [AsyncHttpClient-1-9] DEBUG org.asynchttpclient.netty.channel.ChannelManager - Adding key: http://localhost:63371 for channel [id: 0x49a2ad69, L:/127.0.0.1:60811 - R:localhost/127.0.0.1:63371]
11:09:24.372 [Forwarding findElement on session 88af212bf45b3f210d16591a3c19e8c9 to remote] DEBUG org.asynchttpclient.netty.request.NettyRequestSender - Using pooled Channel '[id: 0x49a2ad69, L:/127.0.0.1:60811 - R:localhost/127.0.0.1:63371]' for 'POST' to 'http://localhost:63371/session/88af212bf45b3f210d16591a3c19e8c9/element'
11:09:24.372 [Forwarding findElement on session 88af212bf45b3f210d16591a3c19e8c9 to remote] DEBUG org.asynchttpclient.netty.request.NettyRequestSender - Using open Channel [id: 0x49a2ad69, L:/127.0.0.1:60811 - R:localhost/127.0.0.1:63371] for POST '/session/88af212bf45b3f210d16591a3c19e8c9/element'
11:09:24.408 [AsyncHttpClient-1-9] DEBUG org.asynchttpclient.netty.handler.HttpHandler - 

Request DefaultHttpRequest(decodeResult: success, version: HTTP/1.1)
POST /session/88af212bf45b3f210d16591a3c19e8c9/element HTTP/1.1
User-Agent: selenium/4.1.2 (java windows)
Content-Length: 166
Content-Type: application/json; charset=utf-8
host: localhost:63371
accept: */*

Response DefaultHttpResponse(decodeResult: success, version: HTTP/1.1)
HTTP/1.1 200 OK
Content-Type: application/json; charset=utf-8
cache-control: no-cache
content-length: 88

11:09:24.409 [AsyncHttpClient-1-9] DEBUG org.asynchttpclient.netty.channel.ChannelManager - Adding key: http://localhost:63371 for channel [id: 0x49a2ad69, L:/127.0.0.1:60811 - R:localhost/127.0.0.1:63371]
11:09:24.412 [Forwarding sendKeysToElement on session 88af212bf45b3f210d16591a3c19e8c9 to remote] DEBUG org.asynchttpclient.netty.request.NettyRequestSender - Using pooled Channel '[id: 0x49a2ad69, L:/127.0.0.1:60811 - R:localhost/127.0.0.1:63371]' for 'POST' to 'http://localhost:63371/session/88af212bf45b3f210d16591a3c19e8c9/element/df1d9cd8-d9fe-45d2-8fa8-ed22db8c1e6e/value'
11:09:24.412 [Forwarding sendKeysToElement on session 88af212bf45b3f210d16591a3c19e8c9 to remote] DEBUG org.asynchttpclient.netty.request.NettyRequestSender - Using open Channel [id: 0x49a2ad69, L:/127.0.0.1:60811 - R:localhost/127.0.0.1:63371] for POST '/session/88af212bf45b3f210d16591a3c19e8c9/element/df1d9cd8-d9fe-45d2-8fa8-ed22db8c1e6e/value'
11:09:24.622 [AsyncHttpClient-1-1] DEBUG org.asynchttpclient.netty.channel.DefaultChannelPool - Entry count for : http://localhost:60812 : 1
11:09:24.731 [AsyncHttpClient-1-9] DEBUG org.asynchttpclient.netty.handler.HttpHandler - 

Request DefaultHttpRequest(decodeResult: success, version: HTTP/1.1)
POST /session/88af212bf45b3f210d16591a3c19e8c9/element/df1d9cd8-d9fe-45d2-8fa8-ed22db8c1e6e/value HTTP/1.1
User-Agent: selenium/4.1.2 (java windows)
Content-Length: 131
Content-Type: application/json; charset=utf-8
host: localhost:63371
accept: */*

Response DefaultHttpResponse(decodeResult: success, version: HTTP/1.1)
HTTP/1.1 200 OK
Content-Type: application/json; charset=utf-8
cache-control: no-cache
content-length: 14

11:09:24.732 [AsyncHttpClient-1-9] DEBUG org.asynchttpclient.netty.channel.ChannelManager - Adding key: http://localhost:63371 for channel [id: 0x49a2ad69, L:/127.0.0.1:60811 - R:localhost/127.0.0.1:63371]
11:09:24.739 [Forwarding findElement on session 88af212bf45b3f210d16591a3c19e8c9 to remote] DEBUG org.asynchttpclient.netty.request.NettyRequestSender - Using pooled Channel '[id: 0x49a2ad69, L:/127.0.0.1:60811 - R:localhost/127.0.0.1:63371]' for 'POST' to 'http://localhost:63371/session/88af212bf45b3f210d16591a3c19e8c9/element'
11:09:24.739 [Forwarding findElement on session 88af212bf45b3f210d16591a3c19e8c9 to remote] DEBUG org.asynchttpclient.netty.request.NettyRequestSender - Using open Channel [id: 0x49a2ad69, L:/127.0.0.1:60811 - R:localhost/127.0.0.1:63371] for POST '/session/88af212bf45b3f210d16591a3c19e8c9/element'
11:09:24.829 [AsyncHttpClient-1-9] DEBUG org.asynchttpclient.netty.handler.HttpHandler - 

Request DefaultHttpRequest(decodeResult: success, version: HTTP/1.1)
POST /session/88af212bf45b3f210d16591a3c19e8c9/element HTTP/1.1
User-Agent: selenium/4.1.2 (java windows)
Content-Length: 166
Content-Type: application/json; charset=utf-8
host: localhost:63371
accept: */*

Response DefaultHttpResponse(decodeResult: success, version: HTTP/1.1)
HTTP/1.1 200 OK
Content-Type: application/json; charset=utf-8
cache-control: no-cache
content-length: 88

11:09:24.829 [AsyncHttpClient-1-9] DEBUG org.asynchttpclient.netty.channel.ChannelManager - Adding key: http://localhost:63371 for channel [id: 0x49a2ad69, L:/127.0.0.1:60811 - R:localhost/127.0.0.1:63371]
11:09:24.832 [Forwarding sendKeysToElement on session 88af212bf45b3f210d16591a3c19e8c9 to remote] DEBUG org.asynchttpclient.netty.request.NettyRequestSender - Using pooled Channel '[id: 0x49a2ad69, L:/127.0.0.1:60811 - R:localhost/127.0.0.1:63371]' for 'POST' to 'http://localhost:63371/session/88af212bf45b3f210d16591a3c19e8c9/element/ff3ea40d-6935-45f4-b146-3f75acedc836/value'
11:09:24.832 [Forwarding sendKeysToElement on session 88af212bf45b3f210d16591a3c19e8c9 to remote] DEBUG org.asynchttpclient.netty.request.NettyRequestSender - Using open Channel [id: 0x49a2ad69, L:/127.0.0.1:60811 - R:localhost/127.0.0.1:63371] for POST '/session/88af212bf45b3f210d16591a3c19e8c9/element/ff3ea40d-6935-45f4-b146-3f75acedc836/value'
11:09:25.510 [AsyncHttpClient-1-9] DEBUG org.asynchttpclient.netty.handler.HttpHandler - 

Request DefaultHttpRequest(decodeResult: success, version: HTTP/1.1)
POST /session/88af212bf45b3f210d16591a3c19e8c9/element/ff3ea40d-6935-45f4-b146-3f75acedc836/value HTTP/1.1
User-Agent: selenium/4.1.2 (java windows)
Content-Length: 181
Content-Type: application/json; charset=utf-8
host: localhost:63371
accept: */*

Response DefaultHttpResponse(decodeResult: success, version: HTTP/1.1)
HTTP/1.1 200 OK
Content-Type: application/json; charset=utf-8
cache-control: no-cache
content-length: 14

11:09:25.510 [AsyncHttpClient-1-9] DEBUG org.asynchttpclient.netty.channel.ChannelManager - Adding key: http://localhost:63371 for channel [id: 0x49a2ad69, L:/127.0.0.1:60811 - R:localhost/127.0.0.1:63371]
11:09:25.520 [Forwarding findElement on session 88af212bf45b3f210d16591a3c19e8c9 to remote] DEBUG org.asynchttpclient.netty.request.NettyRequestSender - Using pooled Channel '[id: 0x49a2ad69, L:/127.0.0.1:60811 - R:localhost/127.0.0.1:63371]' for 'POST' to 'http://localhost:63371/session/88af212bf45b3f210d16591a3c19e8c9/element'
11:09:25.520 [Forwarding findElement on session 88af212bf45b3f210d16591a3c19e8c9 to remote] DEBUG org.asynchttpclient.netty.request.NettyRequestSender - Using open Channel [id: 0x49a2ad69, L:/127.0.0.1:60811 - R:localhost/127.0.0.1:63371] for POST '/session/88af212bf45b3f210d16591a3c19e8c9/element'
11:09:25.548 [AsyncHttpClient-1-9] DEBUG org.asynchttpclient.netty.handler.HttpHandler - 

Request DefaultHttpRequest(decodeResult: success, version: HTTP/1.1)
POST /session/88af212bf45b3f210d16591a3c19e8c9/element HTTP/1.1
User-Agent: selenium/4.1.2 (java windows)
Content-Length: 166
Content-Type: application/json; charset=utf-8
host: localhost:63371
accept: */*

Response DefaultHttpResponse(decodeResult: success, version: HTTP/1.1)
HTTP/1.1 200 OK
Content-Type: application/json; charset=utf-8
cache-control: no-cache
content-length: 88

11:09:25.549 [AsyncHttpClient-1-9] DEBUG org.asynchttpclient.netty.channel.ChannelManager - Adding key: http://localhost:63371 for channel [id: 0x49a2ad69, L:/127.0.0.1:60811 - R:localhost/127.0.0.1:63371]
11:09:25.554 [Forwarding sendKeysToElement on session 88af212bf45b3f210d16591a3c19e8c9 to remote] DEBUG org.asynchttpclient.netty.request.NettyRequestSender - Using pooled Channel '[id: 0x49a2ad69, L:/127.0.0.1:60811 - R:localhost/127.0.0.1:63371]' for 'POST' to 'http://localhost:63371/session/88af212bf45b3f210d16591a3c19e8c9/element/efd1c849-1a8c-4c92-8bef-989d557a59c5/value'
11:09:25.554 [Forwarding sendKeysToElement on session 88af212bf45b3f210d16591a3c19e8c9 to remote] DEBUG org.asynchttpclient.netty.request.NettyRequestSender - Using open Channel [id: 0x49a2ad69, L:/127.0.0.1:60811 - R:localhost/127.0.0.1:63371] for POST '/session/88af212bf45b3f210d16591a3c19e8c9/element/efd1c849-1a8c-4c92-8bef-989d557a59c5/value'
11:09:25.741 [AsyncHttpClient-1-1] DEBUG org.asynchttpclient.netty.channel.DefaultChannelPool - Entry count for : http://localhost:60812 : 1
11:09:25.847 [AsyncHttpClient-1-9] DEBUG org.asynchttpclient.netty.handler.HttpHandler - 

Request DefaultHttpRequest(decodeResult: success, version: HTTP/1.1)
POST /session/88af212bf45b3f210d16591a3c19e8c9/element/efd1c849-1a8c-4c92-8bef-989d557a59c5/value HTTP/1.1
User-Agent: selenium/4.1.2 (java windows)
Content-Length: 82
Content-Type: application/json; charset=utf-8
host: localhost:63371
accept: */*

Response DefaultHttpResponse(decodeResult: success, version: HTTP/1.1)
HTTP/1.1 200 OK
Content-Type: application/json; charset=utf-8
cache-control: no-cache
content-length: 14

11:09:25.848 [AsyncHttpClient-1-9] DEBUG org.asynchttpclient.netty.channel.ChannelManager - Adding key: http://localhost:63371 for channel [id: 0x49a2ad69, L:/127.0.0.1:60811 - R:localhost/127.0.0.1:63371]
11:09:25.869 [Forwarding screenshot on session 88af212bf45b3f210d16591a3c19e8c9 to remote] DEBUG org.asynchttpclient.netty.request.NettyRequestSender - Using pooled Channel '[id: 0x49a2ad69, L:/127.0.0.1:60811 - R:localhost/127.0.0.1:63371]' for 'GET' to 'http://localhost:63371/session/88af212bf45b3f210d16591a3c19e8c9/screenshot'
11:09:25.869 [Forwarding screenshot on session 88af212bf45b3f210d16591a3c19e8c9 to remote] DEBUG org.asynchttpclient.netty.request.NettyRequestSender - Using open Channel [id: 0x49a2ad69, L:/127.0.0.1:60811 - R:localhost/127.0.0.1:63371] for GET '/session/88af212bf45b3f210d16591a3c19e8c9/screenshot'
11:09:26.321 [AsyncHttpClient-1-9] DEBUG org.asynchttpclient.netty.handler.HttpHandler - 

Request DefaultFullHttpRequest(decodeResult: success, version: HTTP/1.1, content: EmptyByteBufBE)
GET /session/88af212bf45b3f210d16591a3c19e8c9/screenshot HTTP/1.1
User-Agent: selenium/4.1.2 (java windows)
Cache-Control: no-cache
Content-Type: application/json; charset=utf-8
host: localhost:63371
accept: */*

Response DefaultHttpResponse(decodeResult: success, version: HTTP/1.1)
HTTP/1.1 200 OK
Content-Type: application/json; charset=utf-8
cache-control: no-cache
content-length: 364556

11:09:26.324 [AsyncHttpClient-1-9] DEBUG org.asynchttpclient.netty.channel.ChannelManager - Adding key: http://localhost:63371 for channel [id: 0x49a2ad69, L:/127.0.0.1:60811 - R:localhost/127.0.0.1:63371]
11:09:26.355 [main] DEBUG net.serenitybdd.core.photography.Darkroom - Send negative for processing for target\site\serenity\70396a95f5478dbfc962783cb994acc01c478698242327549beadd255389977b.png
11:09:26.356 [main] DEBUG net.thucydides.core.steps.StepInterceptor - STEP DONE: inputDataPasien
  &amp#27;[32mThen &amp#27;[0m&amp#27;[32mI input &amp#27;[0m&amp#27;[32m&amp#27;[1m"Bagas"&amp#27;[0m&amp#27;[32m &amp#27;[0m&amp#27;[32m&amp#27;[1m"12344"&amp#27;[0m&amp#27;[32m &amp#27;[0m&amp#27;[32m&amp#27;[1m"Bedah"&amp#27;[0m&amp#27;[32m &amp#27;[0m&amp#27;[32m&amp#27;[1m"BagasBedah"&amp#27;[0m&amp#27;[32m &amp#27;[0m&amp#27;[32m&amp#27;[1m""&amp#27;[0m&amp#27;[32m dokter&amp#27;[0m &amp#27;[90m# starter.stepdefinitios.DokterDataSteps.iInputDokter(java.lang.String,java.lang.String,java.lang.String,java.lang.String,java.lang.String)&amp#27;[0m
11:09:26.358 [Darkroom Processing Line] DEBUG net.serenitybdd.core.photography.DarkroomProcessingLine - Processing screenshot image in /var/screenshots/screenshot-13475129295499246778
11:09:26.358 [Darkroom Processing Line] DEBUG net.serenitybdd.core.photography.DarkroomProcessingLine - Saving screenshot to target\site\serenity\70396a95f5478dbfc962783cb994acc01c478698242327549beadd255389977b.png
11:09:26.522 [Forwarding screenshot on session 88af212bf45b3f210d16591a3c19e8c9 to remote] DEBUG org.asynchttpclient.netty.request.NettyRequestSender - Using pooled Channel '[id: 0x49a2ad69, L:/127.0.0.1:60811 - R:localhost/127.0.0.1:63371]' for 'GET' to 'http://localhost:63371/session/88af212bf45b3f210d16591a3c19e8c9/screenshot'
11:09:26.523 [Forwarding screenshot on session 88af212bf45b3f210d16591a3c19e8c9 to remote] DEBUG org.asynchttpclient.netty.request.NettyRequestSender - Using open Channel [id: 0x49a2ad69, L:/127.0.0.1:60811 - R:localhost/127.0.0.1:63371] for GET '/session/88af212bf45b3f210d16591a3c19e8c9/screenshot'
11:09:26.814 [AsyncHttpClient-1-1] DEBUG org.asynchttpclient.netty.channel.DefaultChannelPool - Entry count for : http://localhost:60812 : 1
11:09:26.975 [AsyncHttpClient-1-9] DEBUG org.asynchttpclient.netty.handler.HttpHandler - 

Request DefaultFullHttpRequest(decodeResult: success, version: HTTP/1.1, content: EmptyByteBufBE)
GET /session/88af212bf45b3f210d16591a3c19e8c9/screenshot HTTP/1.1
User-Agent: selenium/4.1.2 (java windows)
Cache-Control: no-cache
Content-Type: application/json; charset=utf-8
host: localhost:63371
accept: */*

Response DefaultHttpResponse(decodeResult: success, version: HTTP/1.1)
HTTP/1.1 200 OK
Content-Type: application/json; charset=utf-8
cache-control: no-cache
content-length: 364464

11:09:26.977 [AsyncHttpClient-1-9] DEBUG org.asynchttpclient.netty.channel.ChannelManager - Adding key: http://localhost:63371 for channel [id: 0x49a2ad69, L:/127.0.0.1:60811 - R:localhost/127.0.0.1:63371]
11:09:27.005 [main] DEBUG net.serenitybdd.core.photography.Darkroom - Send negative for processing for target\site\serenity\38dee9f375392a41b37eb4f2eb68b0124970c286a95e1d7cc4d873a6729af69b.png
11:09:27.005 [main] DEBUG net.thucydides.core.steps.StepInterceptor - STARTING STEP: PatientDataSteps.clickButtonSimpan - clickButtonSave
11:09:27.006 [Darkroom Processing Line] DEBUG net.serenitybdd.core.photography.DarkroomProcessingLine - Processing screenshot image in /var/screenshots/screenshot-8347917671543689602
11:09:27.006 [Darkroom Processing Line] DEBUG net.serenitybdd.core.photography.DarkroomProcessingLine - Saving screenshot to target\site\serenity\38dee9f375392a41b37eb4f2eb68b0124970c286a95e1d7cc4d873a6729af69b.png
11:09:27.013 [Forwarding findElement on session 88af212bf45b3f210d16591a3c19e8c9 to remote] DEBUG org.asynchttpclient.netty.request.NettyRequestSender - Using pooled Channel '[id: 0x49a2ad69, L:/127.0.0.1:60811 - R:localhost/127.0.0.1:63371]' for 'POST' to 'http://localhost:63371/session/88af212bf45b3f210d16591a3c19e8c9/element'
11:09:27.013 [Forwarding findElement on session 88af212bf45b3f210d16591a3c19e8c9 to remote] DEBUG org.asynchttpclient.netty.request.NettyRequestSender - Using open Channel [id: 0x49a2ad69, L:/127.0.0.1:60811 - R:localhost/127.0.0.1:63371] for POST '/session/88af212bf45b3f210d16591a3c19e8c9/element'
11:09:27.068 [AsyncHttpClient-1-9] DEBUG org.asynchttpclient.netty.handler.HttpHandler - 

Request DefaultHttpRequest(decodeResult: success, version: HTTP/1.1)
POST /session/88af212bf45b3f210d16591a3c19e8c9/element HTTP/1.1
User-Agent: selenium/4.1.2 (java windows)
Content-Length: 149
Content-Type: application/json; charset=utf-8
host: localhost:63371
accept: */*

Response DefaultHttpResponse(decodeResult: success, version: HTTP/1.1)
HTTP/1.1 200 OK
Content-Type: application/json; charset=utf-8
cache-control: no-cache
content-length: 88

11:09:27.068 [AsyncHttpClient-1-9] DEBUG org.asynchttpclient.netty.channel.ChannelManager - Adding key: http://localhost:63371 for channel [id: 0x49a2ad69, L:/127.0.0.1:60811 - R:localhost/127.0.0.1:63371]
11:09:27.071 [Forwarding getElementTagName on session 88af212bf45b3f210d16591a3c19e8c9 to remote] DEBUG org.asynchttpclient.netty.request.NettyRequestSender - Using pooled Channel '[id: 0x49a2ad69, L:/127.0.0.1:60811 - R:localhost/127.0.0.1:63371]' for 'GET' to 'http://localhost:63371/session/88af212bf45b3f210d16591a3c19e8c9/element/9ee54e4a-521d-4fb7-9816-08dbeee2cc6d/name'
11:09:27.071 [Forwarding getElementTagName on session 88af212bf45b3f210d16591a3c19e8c9 to remote] DEBUG org.asynchttpclient.netty.request.NettyRequestSender - Using open Channel [id: 0x49a2ad69, L:/127.0.0.1:60811 - R:localhost/127.0.0.1:63371] for GET '/session/88af212bf45b3f210d16591a3c19e8c9/element/9ee54e4a-521d-4fb7-9816-08dbeee2cc6d/name'
11:09:27.091 [AsyncHttpClient-1-9] DEBUG org.asynchttpclient.netty.handler.HttpHandler - 

Request DefaultFullHttpRequest(decodeResult: success, version: HTTP/1.1, content: EmptyByteBufBE)
GET /session/88af212bf45b3f210d16591a3c19e8c9/element/9ee54e4a-521d-4fb7-9816-08dbeee2cc6d/name HTTP/1.1
User-Agent: selenium/4.1.2 (java windows)
Cache-Control: no-cache
Content-Type: application/json; charset=utf-8
host: localhost:63371
accept: */*

Response DefaultHttpResponse(decodeResult: success, version: HTTP/1.1)
HTTP/1.1 200 OK
Content-Type: application/json; charset=utf-8
cache-control: no-cache
content-length: 18

11:09:27.091 [AsyncHttpClient-1-9] DEBUG org.asynchttpclient.netty.channel.ChannelManager - Adding key: http://localhost:63371 for channel [id: 0x49a2ad69, L:/127.0.0.1:60811 - R:localhost/127.0.0.1:63371]
11:09:27.093 [Forwarding getElementTagName on session 88af212bf45b3f210d16591a3c19e8c9 to remote] DEBUG org.asynchttpclient.netty.request.NettyRequestSender - Using pooled Channel '[id: 0x49a2ad69, L:/127.0.0.1:60811 - R:localhost/127.0.0.1:63371]' for 'GET' to 'http://localhost:63371/session/88af212bf45b3f210d16591a3c19e8c9/element/9ee54e4a-521d-4fb7-9816-08dbeee2cc6d/name'
11:09:27.093 [Forwarding getElementTagName on session 88af212bf45b3f210d16591a3c19e8c9 to remote] DEBUG org.asynchttpclient.netty.request.NettyRequestSender - Using open Channel [id: 0x49a2ad69, L:/127.0.0.1:60811 - R:localhost/127.0.0.1:63371] for GET '/session/88af212bf45b3f210d16591a3c19e8c9/element/9ee54e4a-521d-4fb7-9816-08dbeee2cc6d/name'
11:09:27.112 [AsyncHttpClient-1-9] DEBUG org.asynchttpclient.netty.handler.HttpHandler - 

Request DefaultFullHttpRequest(decodeResult: success, version: HTTP/1.1, content: EmptyByteBufBE)
GET /session/88af212bf45b3f210d16591a3c19e8c9/element/9ee54e4a-521d-4fb7-9816-08dbeee2cc6d/name HTTP/1.1
User-Agent: selenium/4.1.2 (java windows)
Cache-Control: no-cache
Content-Type: application/json; charset=utf-8
host: localhost:63371
accept: */*

Response DefaultHttpResponse(decodeResult: success, version: HTTP/1.1)
HTTP/1.1 200 OK
Content-Type: application/json; charset=utf-8
cache-control: no-cache
content-length: 18

11:09:27.112 [AsyncHttpClient-1-9] DEBUG org.asynchttpclient.netty.channel.ChannelManager - Adding key: http://localhost:63371 for channel [id: 0x49a2ad69, L:/127.0.0.1:60811 - R:localhost/127.0.0.1:63371]
11:09:27.123 [Forwarding isElementEnabled on session 88af212bf45b3f210d16591a3c19e8c9 to remote] DEBUG org.asynchttpclient.netty.request.NettyRequestSender - Using pooled Channel '[id: 0x49a2ad69, L:/127.0.0.1:60811 - R:localhost/127.0.0.1:63371]' for 'GET' to 'http://localhost:63371/session/88af212bf45b3f210d16591a3c19e8c9/element/9ee54e4a-521d-4fb7-9816-08dbeee2cc6d/enabled'
11:09:27.123 [Forwarding isElementEnabled on session 88af212bf45b3f210d16591a3c19e8c9 to remote] DEBUG org.asynchttpclient.netty.request.NettyRequestSender - Using open Channel [id: 0x49a2ad69, L:/127.0.0.1:60811 - R:localhost/127.0.0.1:63371] for GET '/session/88af212bf45b3f210d16591a3c19e8c9/element/9ee54e4a-521d-4fb7-9816-08dbeee2cc6d/enabled'
11:09:27.198 [AsyncHttpClient-1-9] DEBUG org.asynchttpclient.netty.handler.HttpHandler - 

Request DefaultFullHttpRequest(decodeResult: success, version: HTTP/1.1, content: EmptyByteBufBE)
GET /session/88af212bf45b3f210d16591a3c19e8c9/element/9ee54e4a-521d-4fb7-9816-08dbeee2cc6d/enabled HTTP/1.1
User-Agent: selenium/4.1.2 (java windows)
Cache-Control: no-cache
Content-Type: application/json; charset=utf-8
host: localhost:63371
accept: */*

Response DefaultHttpResponse(decodeResult: success, version: HTTP/1.1)
HTTP/1.1 200 OK
Content-Type: application/json; charset=utf-8
cache-control: no-cache
content-length: 14

11:09:27.199 [AsyncHttpClient-1-9] DEBUG org.asynchttpclient.netty.channel.ChannelManager - Adding key: http://localhost:63371 for channel [id: 0x49a2ad69, L:/127.0.0.1:60811 - R:localhost/127.0.0.1:63371]
11:09:27.202 [Forwarding isElementEnabled on session 88af212bf45b3f210d16591a3c19e8c9 to remote] DEBUG org.asynchttpclient.netty.request.NettyRequestSender - Using pooled Channel '[id: 0x49a2ad69, L:/127.0.0.1:60811 - R:localhost/127.0.0.1:63371]' for 'GET' to 'http://localhost:63371/session/88af212bf45b3f210d16591a3c19e8c9/element/9ee54e4a-521d-4fb7-9816-08dbeee2cc6d/enabled'
11:09:27.202 [Forwarding isElementEnabled on session 88af212bf45b3f210d16591a3c19e8c9 to remote] DEBUG org.asynchttpclient.netty.request.NettyRequestSender - Using open Channel [id: 0x49a2ad69, L:/127.0.0.1:60811 - R:localhost/127.0.0.1:63371] for GET '/session/88af212bf45b3f210d16591a3c19e8c9/element/9ee54e4a-521d-4fb7-9816-08dbeee2cc6d/enabled'
11:09:27.234 [AsyncHttpClient-1-9] DEBUG org.asynchttpclient.netty.handler.HttpHandler - 

Request DefaultFullHttpRequest(decodeResult: success, version: HTTP/1.1, content: EmptyByteBufBE)
GET /session/88af212bf45b3f210d16591a3c19e8c9/element/9ee54e4a-521d-4fb7-9816-08dbeee2cc6d/enabled HTTP/1.1
User-Agent: selenium/4.1.2 (java windows)
Cache-Control: no-cache
Content-Type: application/json; charset=utf-8
host: localhost:63371
accept: */*

Response DefaultHttpResponse(decodeResult: success, version: HTTP/1.1)
HTTP/1.1 200 OK
Content-Type: application/json; charset=utf-8
cache-control: no-cache
content-length: 14

11:09:27.234 [AsyncHttpClient-1-9] DEBUG org.asynchttpclient.netty.channel.ChannelManager - Adding key: http://localhost:63371 for channel [id: 0x49a2ad69, L:/127.0.0.1:60811 - R:localhost/127.0.0.1:63371]
11:09:27.238 [Forwarding findElement on session 88af212bf45b3f210d16591a3c19e8c9 to remote] DEBUG org.asynchttpclient.netty.request.NettyRequestSender - Using pooled Channel '[id: 0x49a2ad69, L:/127.0.0.1:60811 - R:localhost/127.0.0.1:63371]' for 'POST' to 'http://localhost:63371/session/88af212bf45b3f210d16591a3c19e8c9/element'
11:09:27.238 [Forwarding findElement on session 88af212bf45b3f210d16591a3c19e8c9 to remote] DEBUG org.asynchttpclient.netty.request.NettyRequestSender - Using open Channel [id: 0x49a2ad69, L:/127.0.0.1:60811 - R:localhost/127.0.0.1:63371] for POST '/session/88af212bf45b3f210d16591a3c19e8c9/element'
11:09:27.254 [AsyncHttpClient-1-9] DEBUG org.asynchttpclient.netty.handler.HttpHandler - 

Request DefaultHttpRequest(decodeResult: success, version: HTTP/1.1)
POST /session/88af212bf45b3f210d16591a3c19e8c9/element HTTP/1.1
User-Agent: selenium/4.1.2 (java windows)
Content-Length: 149
Content-Type: application/json; charset=utf-8
host: localhost:63371
accept: */*

Response DefaultHttpResponse(decodeResult: success, version: HTTP/1.1)
HTTP/1.1 200 OK
Content-Type: application/json; charset=utf-8
cache-control: no-cache
content-length: 88

11:09:27.254 [AsyncHttpClient-1-9] DEBUG org.asynchttpclient.netty.channel.ChannelManager - Adding key: http://localhost:63371 for channel [id: 0x49a2ad69, L:/127.0.0.1:60811 - R:localhost/127.0.0.1:63371]
11:09:27.256 [Forwarding clickElement on session 88af212bf45b3f210d16591a3c19e8c9 to remote] DEBUG org.asynchttpclient.netty.request.NettyRequestSender - Using pooled Channel '[id: 0x49a2ad69, L:/127.0.0.1:60811 - R:localhost/127.0.0.1:63371]' for 'POST' to 'http://localhost:63371/session/88af212bf45b3f210d16591a3c19e8c9/element/9ee54e4a-521d-4fb7-9816-08dbeee2cc6d/click'
11:09:27.256 [Forwarding clickElement on session 88af212bf45b3f210d16591a3c19e8c9 to remote] DEBUG org.asynchttpclient.netty.request.NettyRequestSender - Using open Channel [id: 0x49a2ad69, L:/127.0.0.1:60811 - R:localhost/127.0.0.1:63371] for POST '/session/88af212bf45b3f210d16591a3c19e8c9/element/9ee54e4a-521d-4fb7-9816-08dbeee2cc6d/click'
11:09:27.373 [AsyncHttpClient-1-9] DEBUG org.asynchttpclient.netty.handler.HttpHandler - 

Request DefaultHttpRequest(decodeResult: success, version: HTTP/1.1)
POST /session/88af212bf45b3f210d16591a3c19e8c9/element/9ee54e4a-521d-4fb7-9816-08dbeee2cc6d/click HTTP/1.1
User-Agent: selenium/4.1.2 (java windows)
Content-Length: 50
Content-Type: application/json; charset=utf-8
host: localhost:63371
accept: */*

Response DefaultHttpResponse(decodeResult: success, version: HTTP/1.1)
HTTP/1.1 200 OK
Content-Type: application/json; charset=utf-8
cache-control: no-cache
content-length: 14

11:09:27.374 [AsyncHttpClient-1-9] DEBUG org.asynchttpclient.netty.channel.ChannelManager - Adding key: http://localhost:63371 for channel [id: 0x49a2ad69, L:/127.0.0.1:60811 - R:localhost/127.0.0.1:63371]
11:09:27.391 [Forwarding screenshot on session 88af212bf45b3f210d16591a3c19e8c9 to remote] DEBUG org.asynchttpclient.netty.request.NettyRequestSender - Using pooled Channel '[id: 0x49a2ad69, L:/127.0.0.1:60811 - R:localhost/127.0.0.1:63371]' for 'GET' to 'http://localhost:63371/session/88af212bf45b3f210d16591a3c19e8c9/screenshot'
11:09:27.391 [Forwarding screenshot on session 88af212bf45b3f210d16591a3c19e8c9 to remote] DEBUG org.asynchttpclient.netty.request.NettyRequestSender - Using open Channel [id: 0x49a2ad69, L:/127.0.0.1:60811 - R:localhost/127.0.0.1:63371] for GET '/session/88af212bf45b3f210d16591a3c19e8c9/screenshot'
11:09:27.931 [AsyncHttpClient-1-1] DEBUG org.asynchttpclient.netty.channel.DefaultChannelPool - Entry count for : http://localhost:60812 : 1
11:09:28.371 [AsyncHttpClient-1-9] DEBUG org.asynchttpclient.netty.handler.HttpHandler - 

Request DefaultFullHttpRequest(decodeResult: success, version: HTTP/1.1, content: EmptyByteBufBE)
GET /session/88af212bf45b3f210d16591a3c19e8c9/screenshot HTTP/1.1
User-Agent: selenium/4.1.2 (java windows)
Cache-Control: no-cache
Content-Type: application/json; charset=utf-8
host: localhost:63371
accept: */*

Response DefaultHttpResponse(decodeResult: success, version: HTTP/1.1)
HTTP/1.1 200 OK
Content-Type: application/json; charset=utf-8
cache-control: no-cache
content-length: 363352

11:09:28.378 [AsyncHttpClient-1-9] DEBUG org.asynchttpclient.netty.channel.ChannelManager - Adding key: http://localhost:63371 for channel [id: 0x49a2ad69, L:/127.0.0.1:60811 - R:localhost/127.0.0.1:63371]
11:09:28.419 [main] DEBUG net.serenitybdd.core.photography.Darkroom - Send negative for processing for target\site\serenity\dcceaf39841a5774274d5eb9a64525b41cd93d8a42b67532fad468c9fed7c9b3.png
11:09:28.420 [main] DEBUG net.thucydides.core.steps.StepInterceptor - STEP DONE: clickButtonSave
  &amp#27;[32mAnd &amp#27;[0m&amp#27;[32mClick button simpan&amp#27;[0m                                     &amp#27;[90m# starter.stepdefinitios.PatientDataSteps.clickButtonSimpan()&amp#27;[0m
11:09:28.477 [Forwarding screenshot on session 88af212bf45b3f210d16591a3c19e8c9 to remote] DEBUG org.asynchttpclient.netty.request.NettyRequestSender - Using pooled Channel '[id: 0x49a2ad69, L:/127.0.0.1:60811 - R:localhost/127.0.0.1:63371]' for 'GET' to 'http://localhost:63371/session/88af212bf45b3f210d16591a3c19e8c9/screenshot'
11:09:28.478 [Forwarding screenshot on session 88af212bf45b3f210d16591a3c19e8c9 to remote] DEBUG org.asynchttpclient.netty.request.NettyRequestSender - Using open Channel [id: 0x49a2ad69, L:/127.0.0.1:60811 - R:localhost/127.0.0.1:63371] for GET '/session/88af212bf45b3f210d16591a3c19e8c9/screenshot'
11:09:28.665 [AsyncHttpClient-1-9] DEBUG org.asynchttpclient.netty.handler.HttpHandler - 

Request DefaultFullHttpRequest(decodeResult: success, version: HTTP/1.1, content: EmptyByteBufBE)
GET /session/88af212bf45b3f210d16591a3c19e8c9/screenshot HTTP/1.1
User-Agent: selenium/4.1.2 (java windows)
Cache-Control: no-cache
Content-Type: application/json; charset=utf-8
host: localhost:63371
accept: */*

Response DefaultHttpResponse(decodeResult: success, version: HTTP/1.1)
HTTP/1.1 500 Internal Server Error
Content-Type: application/json; charset=utf-8
cache-control: no-cache
content-length: 917

11:09:28.666 [AsyncHttpClient-1-9] DEBUG org.asynchttpclient.netty.channel.ChannelManager - Adding key: http://localhost:63371 for channel [id: 0x49a2ad69, L:/127.0.0.1:60811 - R:localhost/127.0.0.1:63371]
11:09:28.673 [main] WARN net.thucydides.core.webdriver.WebDriverFacade - Failed to take screenshot (unexpected alert open: {Alert text : data telah diubah}
  (Session info: chrome=102.0.5005.115): data telah diubah
Build info: version: '4.1.2', revision: '9a5a329c5a'
System info: host: 'MOOK-HON', ip: '192.168.100.6', os.name: 'Windows 10', os.arch: 'amd64', os.version: '10.0', java.version: '11.0.14'
Driver info: org.openqa.selenium.chrome.ChromeDriver
Command: [88af212bf45b3f210d16591a3c19e8c9, screenshot {}]
Capabilities {acceptInsecureCerts: false, browserName: chrome, browserVersion: 102.0.5005.115, chrome: {chromedriverVersion: 102.0.5005.61 (0e59bcc00cc4..., userDataDir: C:\Users\ASUS\AppData\Local...}, goog:chromeOptions: {debuggerAddress: localhost:60812}, javascriptEnabled: true, networkConnectionEnabled: false, pageLoadStrategy: normal, platform: WINDOWS, platformName: WINDOWS, proxy: Proxy(), se:cdp: ws://localhost:60812/devtoo..., se:cdpVersion: 102.0.5005.115, setWindowRect: true, strictFileInteractability: false, timeouts: {implicit: 0, pageLoad: 300000, script: 30000}, unhandledPromptBehavior: dismiss and notify, webauthn:extension:credBlob: true, webauthn:extension:largeBlob: true, webauthn:virtualAuthenticators: true}
Session ID: 88af212bf45b3f210d16591a3c19e8c9)
11:09:28.703 [Forwarding screenshot on session 88af212bf45b3f210d16591a3c19e8c9 to remote] DEBUG org.asynchttpclient.netty.request.NettyRequestSender - Using pooled Channel '[id: 0x49a2ad69, L:/127.0.0.1:60811 - R:localhost/127.0.0.1:63371]' for 'GET' to 'http://localhost:63371/session/88af212bf45b3f210d16591a3c19e8c9/screenshot'
11:09:28.703 [Forwarding screenshot on session 88af212bf45b3f210d16591a3c19e8c9 to remote] DEBUG org.asynchttpclient.netty.request.NettyRequestSender - Using open Channel [id: 0x49a2ad69, L:/127.0.0.1:60811 - R:localhost/127.0.0.1:63371] for GET '/session/88af212bf45b3f210d16591a3c19e8c9/screenshot'
11:09:29.014 [AsyncHttpClient-1-1] DEBUG org.asynchttpclient.netty.channel.DefaultChannelPool - Entry count for : http://localhost:60812 : 1
11:09:29.112 [AsyncHttpClient-1-9] DEBUG org.asynchttpclient.netty.handler.HttpHandler - 

Request DefaultFullHttpRequest(decodeResult: success, version: HTTP/1.1, content: EmptyByteBufBE)
GET /session/88af212bf45b3f210d16591a3c19e8c9/screenshot HTTP/1.1
User-Agent: selenium/4.1.2 (java windows)
Cache-Control: no-cache
Content-Type: application/json; charset=utf-8
host: localhost:63371
accept: */*

Response DefaultHttpResponse(decodeResult: success, version: HTTP/1.1)
HTTP/1.1 200 OK
Content-Type: application/json; charset=utf-8
cache-control: no-cache
content-length: 363352

11:09:29.114 [AsyncHttpClient-1-9] DEBUG org.asynchttpclient.netty.channel.ChannelManager - Adding key: http://localhost:63371 for channel [id: 0x49a2ad69, L:/127.0.0.1:60811 - R:localhost/127.0.0.1:63371]
11:09:29.146 [main] DEBUG net.serenitybdd.core.photography.Darkroom - Send negative for processing for target\site\serenity\dcceaf39841a5774274d5eb9a64525b41cd93d8a42b67532fad468c9fed7c9b3.png
11:09:29.673 [Forwarding screenshot on session 88af212bf45b3f210d16591a3c19e8c9 to remote] DEBUG org.asynchttpclient.netty.request.NettyRequestSender - Using pooled Channel '[id: 0x49a2ad69, L:/127.0.0.1:60811 - R:localhost/127.0.0.1:63371]' for 'GET' to 'http://localhost:63371/session/88af212bf45b3f210d16591a3c19e8c9/screenshot'
11:09:29.673 [Forwarding screenshot on session 88af212bf45b3f210d16591a3c19e8c9 to remote] DEBUG org.asynchttpclient.netty.request.NettyRequestSender - Using open Channel [id: 0x49a2ad69, L:/127.0.0.1:60811 - R:localhost/127.0.0.1:63371] for GET '/session/88af212bf45b3f210d16591a3c19e8c9/screenshot'
11:09:30.013 [AsyncHttpClient-1-9] DEBUG org.asynchttpclient.netty.handler.HttpHandler - 

Request DefaultFullHttpRequest(decodeResult: success, version: HTTP/1.1, content: EmptyByteBufBE)
GET /session/88af212bf45b3f210d16591a3c19e8c9/screenshot HTTP/1.1
User-Agent: selenium/4.1.2 (java windows)
Cache-Control: no-cache
Content-Type: application/json; charset=utf-8
host: localhost:63371
accept: */*

Response DefaultHttpResponse(decodeResult: success, version: HTTP/1.1)
HTTP/1.1 200 OK
Content-Type: application/json; charset=utf-8
cache-control: no-cache
content-length: 363352

11:09:30.015 [AsyncHttpClient-1-9] DEBUG org.asynchttpclient.netty.channel.ChannelManager - Adding key: http://localhost:63371 for channel [id: 0x49a2ad69, L:/127.0.0.1:60811 - R:localhost/127.0.0.1:63371]
11:09:30.043 [main] DEBUG net.serenitybdd.core.photography.Darkroom - Send negative for processing for target\site\serenity\dcceaf39841a5774274d5eb9a64525b41cd93d8a42b67532fad468c9fed7c9b3.png
11:09:30.044 [main] DEBUG net.thucydides.core.steps.StepInterceptor - STARTING STEP: PatientDataSteps.validEditData - clickButtonBack
11:09:30.053 [Forwarding findElement on session 88af212bf45b3f210d16591a3c19e8c9 to remote] DEBUG org.asynchttpclient.netty.request.NettyRequestSender - Using pooled Channel '[id: 0x49a2ad69, L:/127.0.0.1:60811 - R:localhost/127.0.0.1:63371]' for 'POST' to 'http://localhost:63371/session/88af212bf45b3f210d16591a3c19e8c9/element'
11:09:30.053 [Forwarding findElement on session 88af212bf45b3f210d16591a3c19e8c9 to remote] DEBUG org.asynchttpclient.netty.request.NettyRequestSender - Using open Channel [id: 0x49a2ad69, L:/127.0.0.1:60811 - R:localhost/127.0.0.1:63371] for POST '/session/88af212bf45b3f210d16591a3c19e8c9/element'
11:09:30.081 [AsyncHttpClient-1-9] DEBUG org.asynchttpclient.netty.handler.HttpHandler - 

Request DefaultHttpRequest(decodeResult: success, version: HTTP/1.1)
POST /session/88af212bf45b3f210d16591a3c19e8c9/element HTTP/1.1
User-Agent: selenium/4.1.2 (java windows)
Content-Length: 137
Content-Type: application/json; charset=utf-8
host: localhost:63371
accept: */*

Response DefaultHttpResponse(decodeResult: success, version: HTTP/1.1)
HTTP/1.1 200 OK
Content-Type: application/json; charset=utf-8
cache-control: no-cache
content-length: 88

11:09:30.081 [AsyncHttpClient-1-9] DEBUG org.asynchttpclient.netty.channel.ChannelManager - Adding key: http://localhost:63371 for channel [id: 0x49a2ad69, L:/127.0.0.1:60811 - R:localhost/127.0.0.1:63371]
11:09:30.085 [Forwarding getElementTagName on session 88af212bf45b3f210d16591a3c19e8c9 to remote] DEBUG org.asynchttpclient.netty.request.NettyRequestSender - Using pooled Channel '[id: 0x49a2ad69, L:/127.0.0.1:60811 - R:localhost/127.0.0.1:63371]' for 'GET' to 'http://localhost:63371/session/88af212bf45b3f210d16591a3c19e8c9/element/f2badf1d-970e-4c44-b5c9-65095ef18afb/name'
11:09:30.085 [Forwarding getElementTagName on session 88af212bf45b3f210d16591a3c19e8c9 to remote] DEBUG org.asynchttpclient.netty.request.NettyRequestSender - Using open Channel [id: 0x49a2ad69, L:/127.0.0.1:60811 - R:localhost/127.0.0.1:63371] for GET '/session/88af212bf45b3f210d16591a3c19e8c9/element/f2badf1d-970e-4c44-b5c9-65095ef18afb/name'
11:09:30.097 [AsyncHttpClient-1-9] DEBUG org.asynchttpclient.netty.handler.HttpHandler - 

Request DefaultFullHttpRequest(decodeResult: success, version: HTTP/1.1, content: EmptyByteBufBE)
GET /session/88af212bf45b3f210d16591a3c19e8c9/element/f2badf1d-970e-4c44-b5c9-65095ef18afb/name HTTP/1.1
User-Agent: selenium/4.1.2 (java windows)
Cache-Control: no-cache
Content-Type: application/json; charset=utf-8
host: localhost:63371
accept: */*

Response DefaultHttpResponse(decodeResult: success, version: HTTP/1.1)
HTTP/1.1 200 OK
Content-Type: application/json; charset=utf-8
cache-control: no-cache
content-length: 18

11:09:30.098 [AsyncHttpClient-1-9] DEBUG org.asynchttpclient.netty.channel.ChannelManager - Adding key: http://localhost:63371 for channel [id: 0x49a2ad69, L:/127.0.0.1:60811 - R:localhost/127.0.0.1:63371]
11:09:30.102 [Forwarding getElementTagName on session 88af212bf45b3f210d16591a3c19e8c9 to remote] DEBUG org.asynchttpclient.netty.request.NettyRequestSender - Using pooled Channel '[id: 0x49a2ad69, L:/127.0.0.1:60811 - R:localhost/127.0.0.1:63371]' for 'GET' to 'http://localhost:63371/session/88af212bf45b3f210d16591a3c19e8c9/element/f2badf1d-970e-4c44-b5c9-65095ef18afb/name'
11:09:30.102 [Forwarding getElementTagName on session 88af212bf45b3f210d16591a3c19e8c9 to remote] DEBUG org.asynchttpclient.netty.request.NettyRequestSender - Using open Channel [id: 0x49a2ad69, L:/127.0.0.1:60811 - R:localhost/127.0.0.1:63371] for GET '/session/88af212bf45b3f210d16591a3c19e8c9/element/f2badf1d-970e-4c44-b5c9-65095ef18afb/name'
11:09:30.112 [AsyncHttpClient-1-9] DEBUG org.asynchttpclient.netty.handler.HttpHandler - 

Request DefaultFullHttpRequest(decodeResult: success, version: HTTP/1.1, content: EmptyByteBufBE)
GET /session/88af212bf45b3f210d16591a3c19e8c9/element/f2badf1d-970e-4c44-b5c9-65095ef18afb/name HTTP/1.1
User-Agent: selenium/4.1.2 (java windows)
Cache-Control: no-cache
Content-Type: application/json; charset=utf-8
host: localhost:63371
accept: */*

Response DefaultHttpResponse(decodeResult: success, version: HTTP/1.1)
HTTP/1.1 200 OK
Content-Type: application/json; charset=utf-8
cache-control: no-cache
content-length: 18

11:09:30.112 [AsyncHttpClient-1-9] DEBUG org.asynchttpclient.netty.channel.ChannelManager - Adding key: http://localhost:63371 for channel [id: 0x49a2ad69, L:/127.0.0.1:60811 - R:localhost/127.0.0.1:63371]
11:09:30.113 [AsyncHttpClient-1-1] DEBUG org.asynchttpclient.netty.channel.DefaultChannelPool - Entry count for : http://localhost:63371 : 1
11:09:30.113 [AsyncHttpClient-1-1] DEBUG org.asynchttpclient.netty.channel.DefaultChannelPool - Entry count for : http://localhost:60812 : 1
11:09:30.118 [Forwarding isElementEnabled on session 88af212bf45b3f210d16591a3c19e8c9 to remote] DEBUG org.asynchttpclient.netty.request.NettyRequestSender - Using pooled Channel '[id: 0x49a2ad69, L:/127.0.0.1:60811 - R:localhost/127.0.0.1:63371]' for 'GET' to 'http://localhost:63371/session/88af212bf45b3f210d16591a3c19e8c9/element/f2badf1d-970e-4c44-b5c9-65095ef18afb/enabled'
11:09:30.118 [Forwarding isElementEnabled on session 88af212bf45b3f210d16591a3c19e8c9 to remote] DEBUG org.asynchttpclient.netty.request.NettyRequestSender - Using open Channel [id: 0x49a2ad69, L:/127.0.0.1:60811 - R:localhost/127.0.0.1:63371] for GET '/session/88af212bf45b3f210d16591a3c19e8c9/element/f2badf1d-970e-4c44-b5c9-65095ef18afb/enabled'
11:09:30.144 [AsyncHttpClient-1-9] DEBUG org.asynchttpclient.netty.handler.HttpHandler - 

Request DefaultFullHttpRequest(decodeResult: success, version: HTTP/1.1, content: EmptyByteBufBE)
GET /session/88af212bf45b3f210d16591a3c19e8c9/element/f2badf1d-970e-4c44-b5c9-65095ef18afb/enabled HTTP/1.1
User-Agent: selenium/4.1.2 (java windows)
Cache-Control: no-cache
Content-Type: application/json; charset=utf-8
host: localhost:63371
accept: */*

Response DefaultHttpResponse(decodeResult: success, version: HTTP/1.1)
HTTP/1.1 200 OK
Content-Type: application/json; charset=utf-8
cache-control: no-cache
content-length: 14

11:09:30.145 [AsyncHttpClient-1-9] DEBUG org.asynchttpclient.netty.channel.ChannelManager - Adding key: http://localhost:63371 for channel [id: 0x49a2ad69, L:/127.0.0.1:60811 - R:localhost/127.0.0.1:63371]
11:09:30.147 [Forwarding isElementEnabled on session 88af212bf45b3f210d16591a3c19e8c9 to remote] DEBUG org.asynchttpclient.netty.request.NettyRequestSender - Using pooled Channel '[id: 0x49a2ad69, L:/127.0.0.1:60811 - R:localhost/127.0.0.1:63371]' for 'GET' to 'http://localhost:63371/session/88af212bf45b3f210d16591a3c19e8c9/element/f2badf1d-970e-4c44-b5c9-65095ef18afb/enabled'
11:09:30.147 [Forwarding isElementEnabled on session 88af212bf45b3f210d16591a3c19e8c9 to remote] DEBUG org.asynchttpclient.netty.request.NettyRequestSender - Using open Channel [id: 0x49a2ad69, L:/127.0.0.1:60811 - R:localhost/127.0.0.1:63371] for GET '/session/88af212bf45b3f210d16591a3c19e8c9/element/f2badf1d-970e-4c44-b5c9-65095ef18afb/enabled'
11:09:30.165 [AsyncHttpClient-1-9] DEBUG org.asynchttpclient.netty.handler.HttpHandler - 

Request DefaultFullHttpRequest(decodeResult: success, version: HTTP/1.1, content: EmptyByteBufBE)
GET /session/88af212bf45b3f210d16591a3c19e8c9/element/f2badf1d-970e-4c44-b5c9-65095ef18afb/enabled HTTP/1.1
User-Agent: selenium/4.1.2 (java windows)
Cache-Control: no-cache
Content-Type: application/json; charset=utf-8
host: localhost:63371
accept: */*

Response DefaultHttpResponse(decodeResult: success, version: HTTP/1.1)
HTTP/1.1 200 OK
Content-Type: application/json; charset=utf-8
cache-control: no-cache
content-length: 14

11:09:30.165 [AsyncHttpClient-1-9] DEBUG org.asynchttpclient.netty.channel.ChannelManager - Adding key: http://localhost:63371 for channel [id: 0x49a2ad69, L:/127.0.0.1:60811 - R:localhost/127.0.0.1:63371]
11:09:30.206 [Forwarding findElement on session 88af212bf45b3f210d16591a3c19e8c9 to remote] DEBUG org.asynchttpclient.netty.request.NettyRequestSender - Using pooled Channel '[id: 0x49a2ad69, L:/127.0.0.1:60811 - R:localhost/127.0.0.1:63371]' for 'POST' to 'http://localhost:63371/session/88af212bf45b3f210d16591a3c19e8c9/element'
11:09:30.206 [Forwarding findElement on session 88af212bf45b3f210d16591a3c19e8c9 to remote] DEBUG org.asynchttpclient.netty.request.NettyRequestSender - Using open Channel [id: 0x49a2ad69, L:/127.0.0.1:60811 - R:localhost/127.0.0.1:63371] for POST '/session/88af212bf45b3f210d16591a3c19e8c9/element'
11:09:30.265 [AsyncHttpClient-1-9] DEBUG org.asynchttpclient.netty.handler.HttpHandler - 

Request DefaultHttpRequest(decodeResult: success, version: HTTP/1.1)
POST /session/88af212bf45b3f210d16591a3c19e8c9/element HTTP/1.1
User-Agent: selenium/4.1.2 (java windows)
Content-Length: 137
Content-Type: application/json; charset=utf-8
host: localhost:63371
accept: */*

Response DefaultHttpResponse(decodeResult: success, version: HTTP/1.1)
HTTP/1.1 200 OK
Content-Type: application/json; charset=utf-8
cache-control: no-cache
content-length: 88

11:09:30.265 [AsyncHttpClient-1-9] DEBUG org.asynchttpclient.netty.channel.ChannelManager - Adding key: http://localhost:63371 for channel [id: 0x49a2ad69, L:/127.0.0.1:60811 - R:localhost/127.0.0.1:63371]
11:09:30.269 [Forwarding clickElement on session 88af212bf45b3f210d16591a3c19e8c9 to remote] DEBUG org.asynchttpclient.netty.request.NettyRequestSender - Using pooled Channel '[id: 0x49a2ad69, L:/127.0.0.1:60811 - R:localhost/127.0.0.1:63371]' for 'POST' to 'http://localhost:63371/session/88af212bf45b3f210d16591a3c19e8c9/element/f2badf1d-970e-4c44-b5c9-65095ef18afb/click'
11:09:30.269 [Forwarding clickElement on session 88af212bf45b3f210d16591a3c19e8c9 to remote] DEBUG org.asynchttpclient.netty.request.NettyRequestSender - Using open Channel [id: 0x49a2ad69, L:/127.0.0.1:60811 - R:localhost/127.0.0.1:63371] for POST '/session/88af212bf45b3f210d16591a3c19e8c9/element/f2badf1d-970e-4c44-b5c9-65095ef18afb/click'
11:09:30.489 [AsyncHttpClient-1-9] DEBUG org.asynchttpclient.netty.handler.HttpHandler - 

Request DefaultHttpRequest(decodeResult: success, version: HTTP/1.1)
POST /session/88af212bf45b3f210d16591a3c19e8c9/element/f2badf1d-970e-4c44-b5c9-65095ef18afb/click HTTP/1.1
User-Agent: selenium/4.1.2 (java windows)
Content-Length: 50
Content-Type: application/json; charset=utf-8
host: localhost:63371
accept: */*

Response DefaultHttpResponse(decodeResult: success, version: HTTP/1.1)
HTTP/1.1 200 OK
Content-Type: application/json; charset=utf-8
cache-control: no-cache
content-length: 14

11:09:30.490 [AsyncHttpClient-1-9] DEBUG org.asynchttpclient.netty.channel.ChannelManager - Adding key: http://localhost:63371 for channel [id: 0x49a2ad69, L:/127.0.0.1:60811 - R:localhost/127.0.0.1:63371]
11:09:30.526 [Forwarding screenshot on session 88af212bf45b3f210d16591a3c19e8c9 to remote] DEBUG org.asynchttpclient.netty.request.NettyRequestSender - Using pooled Channel '[id: 0x49a2ad69, L:/127.0.0.1:60811 - R:localhost/127.0.0.1:63371]' for 'GET' to 'http://localhost:63371/session/88af212bf45b3f210d16591a3c19e8c9/screenshot'
11:09:30.526 [Forwarding screenshot on session 88af212bf45b3f210d16591a3c19e8c9 to remote] DEBUG org.asynchttpclient.netty.request.NettyRequestSender - Using open Channel [id: 0x49a2ad69, L:/127.0.0.1:60811 - R:localhost/127.0.0.1:63371] for GET '/session/88af212bf45b3f210d16591a3c19e8c9/screenshot'
11:09:31.007 [AsyncHttpClient-1-9] DEBUG org.asynchttpclient.netty.handler.HttpHandler - 

Request DefaultFullHttpRequest(decodeResult: success, version: HTTP/1.1, content: EmptyByteBufBE)
GET /session/88af212bf45b3f210d16591a3c19e8c9/screenshot HTTP/1.1
User-Agent: selenium/4.1.2 (java windows)
Cache-Control: no-cache
Content-Type: application/json; charset=utf-8
host: localhost:63371
accept: */*

Response DefaultHttpResponse(decodeResult: success, version: HTTP/1.1)
HTTP/1.1 200 OK
Content-Type: application/json; charset=utf-8
cache-control: no-cache
content-length: 348704

11:09:31.012 [AsyncHttpClient-1-9] DEBUG org.asynchttpclient.netty.channel.ChannelManager - Adding key: http://localhost:63371 for channel [id: 0x49a2ad69, L:/127.0.0.1:60811 - R:localhost/127.0.0.1:63371]
11:09:31.039 [main] DEBUG net.serenitybdd.core.photography.Darkroom - Send negative for processing for target\site\serenity\257ba893b5ad405218810435bf16a4906b378268b14bde87a8f9e86a86a34518.png
11:09:31.041 [main] DEBUG net.thucydides.core.steps.StepInterceptor - STEP DONE: clickButtonBack
11:09:31.070 [main] DEBUG net.thucydides.core.steps.StepInterceptor - STARTING STEP: PatientDataSteps.validEditData - checkValidDataPasien
11:09:31.074 [Forwarding findElement on session 88af212bf45b3f210d16591a3c19e8c9 to remote] DEBUG org.asynchttpclient.netty.request.NettyRequestSender - Using pooled Channel '[id: 0x49a2ad69, L:/127.0.0.1:60811 - R:localhost/127.0.0.1:63371]' for 'POST' to 'http://localhost:63371/session/88af212bf45b3f210d16591a3c19e8c9/element'
11:09:31.075 [Forwarding findElement on session 88af212bf45b3f210d16591a3c19e8c9 to remote] DEBUG org.asynchttpclient.netty.request.NettyRequestSender - Using open Channel [id: 0x49a2ad69, L:/127.0.0.1:60811 - R:localhost/127.0.0.1:63371] for POST '/session/88af212bf45b3f210d16591a3c19e8c9/element'
11:09:31.098 [AsyncHttpClient-1-9] DEBUG org.asynchttpclient.netty.handler.HttpHandler - 

Request DefaultHttpRequest(decodeResult: success, version: HTTP/1.1)
POST /session/88af212bf45b3f210d16591a3c19e8c9/element HTTP/1.1
User-Agent: selenium/4.1.2 (java windows)
Content-Length: 95
Content-Type: application/json; charset=utf-8
host: localhost:63371
accept: */*

Response DefaultHttpResponse(decodeResult: success, version: HTTP/1.1)
HTTP/1.1 200 OK
Content-Type: application/json; charset=utf-8
cache-control: no-cache
content-length: 88

11:09:31.098 [AsyncHttpClient-1-9] DEBUG org.asynchttpclient.netty.channel.ChannelManager - Adding key: http://localhost:63371 for channel [id: 0x49a2ad69, L:/127.0.0.1:60811 - R:localhost/127.0.0.1:63371]
11:09:31.101 [Forwarding isElementEnabled on session 88af212bf45b3f210d16591a3c19e8c9 to remote] DEBUG org.asynchttpclient.netty.request.NettyRequestSender - Using pooled Channel '[id: 0x49a2ad69, L:/127.0.0.1:60811 - R:localhost/127.0.0.1:63371]' for 'GET' to 'http://localhost:63371/session/88af212bf45b3f210d16591a3c19e8c9/element/aca02c35-c001-4bac-a068-b6fb55ebedac/enabled'
11:09:31.101 [Forwarding isElementEnabled on session 88af212bf45b3f210d16591a3c19e8c9 to remote] DEBUG org.asynchttpclient.netty.request.NettyRequestSender - Using open Channel [id: 0x49a2ad69, L:/127.0.0.1:60811 - R:localhost/127.0.0.1:63371] for GET '/session/88af212bf45b3f210d16591a3c19e8c9/element/aca02c35-c001-4bac-a068-b6fb55ebedac/enabled'
11:09:31.220 [AsyncHttpClient-1-1] DEBUG org.asynchttpclient.netty.channel.DefaultChannelPool - Entry count for : http://localhost:60812 : 1
11:09:31.259 [AsyncHttpClient-1-9] DEBUG org.asynchttpclient.netty.handler.HttpHandler - 

Request DefaultFullHttpRequest(decodeResult: success, version: HTTP/1.1, content: EmptyByteBufBE)
GET /session/88af212bf45b3f210d16591a3c19e8c9/element/aca02c35-c001-4bac-a068-b6fb55ebedac/enabled HTTP/1.1
User-Agent: selenium/4.1.2 (java windows)
Cache-Control: no-cache
Content-Type: application/json; charset=utf-8
host: localhost:63371
accept: */*

Response DefaultHttpResponse(decodeResult: success, version: HTTP/1.1)
HTTP/1.1 200 OK
Content-Type: application/json; charset=utf-8
cache-control: no-cache
content-length: 14

11:09:31.259 [AsyncHttpClient-1-9] DEBUG org.asynchttpclient.netty.channel.ChannelManager - Adding key: http://localhost:63371 for channel [id: 0x49a2ad69, L:/127.0.0.1:60811 - R:localhost/127.0.0.1:63371]
11:09:31.273 [Forwarding screenshot on session 88af212bf45b3f210d16591a3c19e8c9 to remote] DEBUG org.asynchttpclient.netty.request.NettyRequestSender - Using pooled Channel '[id: 0x49a2ad69, L:/127.0.0.1:60811 - R:localhost/127.0.0.1:63371]' for 'GET' to 'http://localhost:63371/session/88af212bf45b3f210d16591a3c19e8c9/screenshot'
11:09:31.273 [Forwarding screenshot on session 88af212bf45b3f210d16591a3c19e8c9 to remote] DEBUG org.asynchttpclient.netty.request.NettyRequestSender - Using open Channel [id: 0x49a2ad69, L:/127.0.0.1:60811 - R:localhost/127.0.0.1:63371] for GET '/session/88af212bf45b3f210d16591a3c19e8c9/screenshot'
11:09:31.680 [AsyncHttpClient-1-9] DEBUG org.asynchttpclient.netty.handler.HttpHandler - 

Request DefaultFullHttpRequest(decodeResult: success, version: HTTP/1.1, content: EmptyByteBufBE)
GET /session/88af212bf45b3f210d16591a3c19e8c9/screenshot HTTP/1.1
User-Agent: selenium/4.1.2 (java windows)
Cache-Control: no-cache
Content-Type: application/json; charset=utf-8
host: localhost:63371
accept: */*

Response DefaultHttpResponse(decodeResult: success, version: HTTP/1.1)
HTTP/1.1 200 OK
Content-Type: application/json; charset=utf-8
cache-control: no-cache
content-length: 362200

11:09:31.682 [AsyncHttpClient-1-9] DEBUG org.asynchttpclient.netty.channel.ChannelManager - Adding key: http://localhost:63371 for channel [id: 0x49a2ad69, L:/127.0.0.1:60811 - R:localhost/127.0.0.1:63371]
11:09:31.713 [main] DEBUG net.serenitybdd.core.photography.Darkroom - Send negative for processing for target\site\serenity\55b76c88ccb34578c346517789147e834a87d654e1550c67d07965c2e0abf3ee.png
11:09:31.713 [main] DEBUG net.thucydides.core.steps.StepInterceptor - STEP DONE: checkValidDataPasien
  &amp#27;[32mAnd &amp#27;[0m&amp#27;[32mValid edit data&amp#27;[0m                                         &amp#27;[90m# starter.stepdefinitios.PatientDataSteps.validEditData()&amp#27;[0m
11:09:31.791 [AsyncHttpClient-1-3] DEBUG org.asynchttpclient.netty.handler.WebSocketHandler - Channel Closed: [id: 0x68ce8e9e, L:/127.0.0.1:60824 ! R:localhost/127.0.0.1:60812] with attribute NettyResponseFuture{currentRetry=5,
	isDone=1,
	isCancelled=0,
	asyncHandler=org.asynchttpclient.ws.WebSocketUpgradeHandler@726a710,
	nettyRequest=org.asynchttpclient.netty.request.NettyRequest@26fe022e,
	future=java.util.concurrent.CompletableFuture@327ae1ee[Completed normally],
	uri=ws://localhost:60812/devtools/browser/5ad897e0-d2eb-4a1b-a214-619b1c7ef87d,
	keepAlive=true,
	redirectCount=0,
	timeoutsHolder=null,
	inAuth=0,
	touch=1655525353746}
11:09:31.792 [AsyncHttpClient-1-3] DEBUG org.asynchttpclient.netty.channel.ChannelManager - Closing Channel [id: 0x68ce8e9e, L:/127.0.0.1:60824 ! R:localhost/127.0.0.1:60812] 
11:09:31.818 [Driver Command Executor] DEBUG org.asynchttpclient.netty.request.NettyRequestSender - Using pooled Channel '[id: 0x49a2ad69, L:/127.0.0.1:60811 - R:localhost/127.0.0.1:63371]' for 'DELETE' to 'http://localhost:63371/session/88af212bf45b3f210d16591a3c19e8c9'
11:09:31.818 [Driver Command Executor] DEBUG org.asynchttpclient.netty.request.NettyRequestSender - Using open Channel [id: 0x49a2ad69, L:/127.0.0.1:60811 - R:localhost/127.0.0.1:63371] for DELETE '/session/88af212bf45b3f210d16591a3c19e8c9'
11:09:32.178 [AsyncHttpClient-1-2] DEBUG org.asynchttpclient.netty.handler.HttpHandler - Unexpected I/O exception on channel [id: 0x694f135a, L:/127.0.0.1:60823 - R:localhost/127.0.0.1:60812]
java.io.IOException: An existing connection was forcibly closed by the remote host
	at java.base/sun.nio.ch.SocketDispatcher.read0(Native Method)
	at java.base/sun.nio.ch.SocketDispatcher.read(SocketDispatcher.java:43)
	at java.base/sun.nio.ch.IOUtil.readIntoNativeBuffer(IOUtil.java:276)
	at java.base/sun.nio.ch.IOUtil.read(IOUtil.java:233)
	at java.base/sun.nio.ch.IOUtil.read(IOUtil.java:223)
	at java.base/sun.nio.ch.SocketChannelImpl.read(SocketChannelImpl.java:358)
	at io.netty.buffer.PooledByteBuf.setBytes(PooledByteBuf.java:258)
	at io.netty.buffer.AbstractByteBuf.writeBytes(AbstractByteBuf.java:1132)
	at io.netty.channel.socket.nio.NioSocketChannel.doReadBytes(NioSocketChannel.java:350)
	at io.netty.channel.nio.AbstractNioByteChannel$NioByteUnsafe.read(AbstractNioByteChannel.java:151)
	at io.netty.channel.nio.NioEventLoop.processSelectedKey(NioEventLoop.java:722)
	at io.netty.channel.nio.NioEventLoop.processSelectedKeysOptimized(NioEventLoop.java:658)
	at io.netty.channel.nio.NioEventLoop.processSelectedKeys(NioEventLoop.java:584)
	at io.netty.channel.nio.NioEventLoop.run(NioEventLoop.java:496)
	at io.netty.util.concurrent.SingleThreadEventExecutor$4.run(SingleThreadEventExecutor.java:986)
	at io.netty.util.internal.ThreadExecutorMap$2.run(ThreadExecutorMap.java:74)
	at io.netty.util.concurrent.FastThreadLocalRunnable.run(FastThreadLocalRunnable.java:30)
	at java.base/java.lang.Thread.run(Thread.java:834)
11:09:32.179 [AsyncHttpClient-1-2] DEBUG org.asynchttpclient.netty.channel.ChannelManager - Closing Channel [id: 0x694f135a, L:/127.0.0.1:60823 - R:localhost/127.0.0.1:60812] 
11:09:32.179 [AsyncHttpClient-1-2] DEBUG org.asynchttpclient.netty.handler.HttpHandler - Channel Closed: [id: 0x694f135a, L:/127.0.0.1:60823 ! R:localhost/127.0.0.1:60812] with attribute DISCARD
11:09:32.267 [AsyncHttpClient-1-9] DEBUG org.asynchttpclient.netty.handler.HttpHandler - 

Request DefaultFullHttpRequest(decodeResult: success, version: HTTP/1.1, content: EmptyByteBufBE)
DELETE /session/88af212bf45b3f210d16591a3c19e8c9 HTTP/1.1
User-Agent: selenium/4.1.2 (java windows)
Content-Type: application/json; charset=utf-8
host: localhost:63371
accept: */*

Response DefaultHttpResponse(decodeResult: success, version: HTTP/1.1)
HTTP/1.1 200 OK
Content-Type: application/json; charset=utf-8
cache-control: no-cache
content-length: 14

11:09:32.268 [AsyncHttpClient-1-9] DEBUG org.asynchttpclient.netty.channel.ChannelManager - Adding key: http://localhost:63371 for channel [id: 0x49a2ad69, L:/127.0.0.1:60811 - R:localhost/127.0.0.1:63371]
11:09:32.317 [AsyncHttpClient-1-1] DEBUG org.asynchttpclient.netty.channel.DefaultChannelPool - Entry count for : http://localhost:63371 : 1
11:09:32.317 [AsyncHttpClient-1-1] DEBUG org.asynchttpclient.netty.channel.DefaultChannelPool - Entry count for : http://localhost:60812 : 1
11:09:32.317 [AsyncHttpClient-1-1] DEBUG org.asynchttpclient.netty.channel.DefaultChannelPool - Adding Candidate expired Channel [id: 0x694f135a, L:/127.0.0.1:60823 ! R:localhost/127.0.0.1:60812] isIdleTimeoutExpired=false isRemotelyClosed=true isTtlExpired=false
11:09:32.317 [AsyncHttpClient-1-1] DEBUG org.asynchttpclient.netty.channel.DefaultChannelPool - Closing Idle Channel [id: 0x694f135a, L:/127.0.0.1:60823 ! R:localhost/127.0.0.1:60812]
11:09:32.317 [AsyncHttpClient-1-1] DEBUG org.asynchttpclient.netty.channel.DefaultChannelPool - Closed 1 connections out of 2 in 0 ms
11:09:33.146 [AsyncHttpClient-1-9] DEBUG org.asynchttpclient.netty.handler.HttpHandler - Channel Closed: [id: 0x49a2ad69, L:/127.0.0.1:60811 ! R:localhost/127.0.0.1:63371] with attribute DISCARD
11:09:33.417 [AsyncHttpClient-1-1] DEBUG org.asynchttpclient.netty.channel.DefaultChannelPool - Entry count for : http://localhost:63371 : 1
11:09:33.417 [AsyncHttpClient-1-1] DEBUG org.asynchttpclient.netty.channel.DefaultChannelPool - Adding Candidate expired Channel [id: 0x49a2ad69, L:/127.0.0.1:60811 ! R:localhost/127.0.0.1:63371] isIdleTimeoutExpired=false isRemotelyClosed=true isTtlExpired=false
11:09:33.417 [AsyncHttpClient-1-1] DEBUG org.asynchttpclient.netty.channel.DefaultChannelPool - Closing Idle Channel [id: 0x49a2ad69, L:/127.0.0.1:60811 ! R:localhost/127.0.0.1:63371]
11:09:33.417 [AsyncHttpClient-1-1] DEBUG org.asynchttpclient.netty.channel.DefaultChannelPool - Closed 1 connections out of 1 in 0 ms
]]></system-out>
    <system-err><![CDATA[Starting ChromeDriver 102.0.5005.61 (0e59bcc00cc4985ce39ad31c150065f159d95ad3-refs/branch-heads/5005@{#819}) on port 63371
Only local connections are allowed.
Please see https://chromedriver.chromium.org/security-considerations for suggestions on keeping ChromeDriver safe.
ChromeDriver was started successfully.
Jun 18, 2022 11:09:13 AM org.openqa.selenium.remote.ProtocolHandshake createSession
INFO: Detected dialect: W3C
Jun 18, 2022 11:09:13 AM org.openqa.selenium.devtools.CdpVersionFinder findNearestMatch
WARNING: Unable to find an exact match for CDP version 102, so returning the closest version found: a no-op implementation
Jun 18, 2022 11:09:13 AM org.openqa.selenium.devtools.CdpVersionFinder findNearestMatch
INFO: Unable to find CDP implementation matching 102.
Jun 18, 2022 11:09:13 AM org.openqa.selenium.chromium.ChromiumDriver lambda$new$3
WARNING: Unable to find version of CDP to use for . You may need to include a dependency on a specific version of the CDP using something similar to `org.seleniumhq.selenium:selenium-devtools-v86:4.1.2` where the version ("v86") matches the version of the chromium-based browser you're using and the version number of the artifact is the same as Selenium's.
]]></system-err>
  </testcase>
  <testcase name="As a admin i want to delete data dokter #1" classname="Data Dokter Admin" time="9.045">
    <system-out><![CDATA[
@DataDokter @YesDeleteDokterData
Scenario: As a admin i want to delete data dokter &amp#27;[90m# src/test/resources/features/2DataDokter.feature:52&amp#27;[0m
11:09:33.706 [main] INFO io.cucumber.core.plugin.SerenityReporter - Running feature from file:///D:/New%20folder%20(2)/Capstone/Testing/src/test/resources/features/2DataDokter.feature
11:09:33.715 [main] INFO  - 
  _____   ___   ___   _____     ___   _____     _     ___   _____   ___   ___  
 |_   _| | __| / __| |_   _|   / __| |_   _|   /_\   | _ \ |_   _| | __| |   \ 
   | |   | _|  \__ \   | |     \__ \   | |    / _ \  |   /   | |   | _|  | |) |
   |_|   |___| |___/   |_|     |___/   |_|   /_/ \_\ |_|_\   |_|   |___| |___/ 

As a admin i want to delete data dokter(data-dokter-admin;as-a-admin-i-want-to-delete-data-dokter)
--------------------------------------------------------------------------------
11:09:33.817 [main] DEBUG net.thucydides.core.steps.StepInterceptor - STARTING STEP: DokterDataSteps.openPageDataDokter - openDataDokter
11:09:33.820 [main] INFO net.serenitybdd.core.webdriver.driverproviders.ChromeDriverProvider - Using automatically driver download
11:09:34.138 [main] DEBUG io.github.bonigarcia.wdm.cache.ResolutionCache - Resolution chrome=102 in cache (valid until 11:10:23 18/06/2022 ICT)
11:09:34.163 [main] DEBUG io.github.bonigarcia.wdm.cache.ResolutionCache - Resolution chrome102=102.0.5005.61 in cache (valid until 19:49:35 18/06/2022 ICT)
11:09:34.176 [main] INFO io.github.bonigarcia.wdm.WebDriverManager - Using chromedriver 102.0.5005.61 (resolved driver for Chrome 102)
11:09:34.234 [main] DEBUG io.github.bonigarcia.wdm.WebDriverManager - Driver chromedriver 102.0.5005.61 found in cache
11:09:34.235 [main] INFO io.github.bonigarcia.wdm.WebDriverManager - Exporting webdriver.chrome.driver as C:\Users\ASUS\.cache\selenium\chromedriver\win32\102.0.5005.61\chromedriver.exe
11:09:34.509 [main] DEBUG net.serenitybdd.core.webdriver.driverproviders.ProvideNewDriver - Instantiating driver
11:09:34.509 [main] DEBUG net.serenitybdd.core.webdriver.driverproviders.ProvideNewDriver - Driver capabilities: Capabilities {acceptInsecureCerts: false, base.url: https://fanciful-trifle-360..., browserName: chrome, chore.driver: src/test/resources/webdrive..., driver: chrome, goog:chromeOptions: {args: [], extensions: []}}
11:09:35.081 [AsyncHttpClient-1-4] DEBUG org.asynchttpclient.netty.channel.NettyConnectListener - Using new Channel '[id: 0x57a9b153, L:/127.0.0.1:60855 - R:localhost/127.0.0.1:64834]' for 'POST' to '/session'
11:09:36.958 [AsyncHttpClient-1-4] DEBUG org.asynchttpclient.netty.handler.HttpHandler - 

Request DefaultHttpRequest(decodeResult: success, version: HTTP/1.1)
POST /session HTTP/1.1
User-Agent: selenium/4.1.2 (java windows)
Content-Length: 628
Content-Type: application/json; charset=utf-8
host: localhost:64834
accept: */*

Response DefaultHttpResponse(decodeResult: success, version: HTTP/1.1)
HTTP/1.1 200 OK
Content-Type: application/json; charset=utf-8
cache-control: no-cache
content-length: 790

11:09:36.958 [AsyncHttpClient-1-4] DEBUG org.asynchttpclient.netty.channel.ChannelManager - Adding key: http://localhost:64834 for channel [id: 0x57a9b153, L:/127.0.0.1:60855 - R:localhost/127.0.0.1:64834]
11:09:36.994 [AsyncHttpClient-1-5] DEBUG org.asynchttpclient.netty.channel.NettyConnectListener - Using new Channel '[id: 0x4fadea8f, L:/127.0.0.1:60867 - R:localhost/127.0.0.1:60858]' for 'GET' to '/json/version'
11:09:37.001 [AsyncHttpClient-1-5] DEBUG org.asynchttpclient.netty.handler.HttpHandler - 

Request DefaultFullHttpRequest(decodeResult: success, version: HTTP/1.1, content: EmptyByteBufBE)
GET /json/version HTTP/1.1
User-Agent: selenium/4.1.2 (java windows)
host: localhost:60858
accept: */*

Response DefaultHttpResponse(decodeResult: success, version: HTTP/1.1)
HTTP/1.1 200 OK
Content-Type: application/json; charset=UTF-8
content-length: 428

11:09:37.002 [AsyncHttpClient-1-5] DEBUG org.asynchttpclient.netty.channel.ChannelManager - Adding key: http://localhost:60858 for channel [id: 0x4fadea8f, L:/127.0.0.1:60867 - R:localhost/127.0.0.1:60858]
11:09:37.010 [AsyncHttpClient-1-6] DEBUG org.asynchttpclient.netty.channel.NettyConnectListener - Using new Channel '[id: 0x26f56ba2, L:/127.0.0.1:60868 - R:localhost/127.0.0.1:60858]' for 'GET' to '/devtools/browser/d1ca4940-6d60-4293-8e86-b7c3656ff485'
11:09:37.031 [AsyncHttpClient-1-6] DEBUG org.asynchttpclient.netty.handler.WebSocketHandler - 

Request DefaultFullHttpRequest(decodeResult: success, version: HTTP/1.1, content: EmptyByteBufBE)
GET /devtools/browser/d1ca4940-6d60-4293-8e86-b7c3656ff485 HTTP/1.1
upgrade: websocket
connection: upgrade
sec-websocket-key: kuY2xyyzqCsRzOgHkIXLHw==
sec-websocket-version: 13
origin: http://localhost:60858
host: localhost:60858
accept: */*
user-agent: AHC/2.1

Response DefaultHttpResponse(decodeResult: success, version: HTTP/1.1)
HTTP/1.1 101 WebSocket Protocol Handshake
Upgrade: WebSocket
Connection: Upgrade
Sec-WebSocket-Accept: ZcJ4mVV8cslKFvbte2UcG+MTUr0=

11:09:37.049 [Forwarding get on session 68d068c6ea8ce80493aae6cf6ed08a95 to remote] DEBUG org.asynchttpclient.netty.request.NettyRequestSender - Using pooled Channel '[id: 0x57a9b153, L:/127.0.0.1:60855 - R:localhost/127.0.0.1:64834]' for 'POST' to 'http://localhost:64834/session/68d068c6ea8ce80493aae6cf6ed08a95/url'
11:09:37.050 [Forwarding get on session 68d068c6ea8ce80493aae6cf6ed08a95 to remote] DEBUG org.asynchttpclient.netty.request.NettyRequestSender - Using open Channel [id: 0x57a9b153, L:/127.0.0.1:60855 - R:localhost/127.0.0.1:64834] for POST '/session/68d068c6ea8ce80493aae6cf6ed08a95/url'
11:09:37.831 [AsyncHttpClient-1-1] DEBUG org.asynchttpclient.netty.channel.DefaultChannelPool - Entry count for : http://localhost:60858 : 1
11:09:38.514 [AsyncHttpClient-1-4] DEBUG org.asynchttpclient.netty.handler.HttpHandler - 

Request DefaultHttpRequest(decodeResult: success, version: HTTP/1.1)
POST /session/68d068c6ea8ce80493aae6cf6ed08a95/url HTTP/1.1
User-Agent: selenium/4.1.2 (java windows)
Content-Length: 84
Content-Type: application/json; charset=utf-8
host: localhost:64834
accept: */*

Response DefaultHttpResponse(decodeResult: success, version: HTTP/1.1)
HTTP/1.1 200 OK
Content-Type: application/json; charset=utf-8
cache-control: no-cache
content-length: 14

11:09:38.515 [AsyncHttpClient-1-4] DEBUG org.asynchttpclient.netty.channel.ChannelManager - Adding key: http://localhost:64834 for channel [id: 0x57a9b153, L:/127.0.0.1:60855 - R:localhost/127.0.0.1:64834]
11:09:38.519 [Forwarding setTimeout on session 68d068c6ea8ce80493aae6cf6ed08a95 to remote] DEBUG org.asynchttpclient.netty.request.NettyRequestSender - Using pooled Channel '[id: 0x57a9b153, L:/127.0.0.1:60855 - R:localhost/127.0.0.1:64834]' for 'POST' to 'http://localhost:64834/session/68d068c6ea8ce80493aae6cf6ed08a95/timeouts'
11:09:38.520 [Forwarding setTimeout on session 68d068c6ea8ce80493aae6cf6ed08a95 to remote] DEBUG org.asynchttpclient.netty.request.NettyRequestSender - Using open Channel [id: 0x57a9b153, L:/127.0.0.1:60855 - R:localhost/127.0.0.1:64834] for POST '/session/68d068c6ea8ce80493aae6cf6ed08a95/timeouts'
11:09:38.521 [AsyncHttpClient-1-4] DEBUG org.asynchttpclient.netty.handler.HttpHandler - 

Request DefaultHttpRequest(decodeResult: success, version: HTTP/1.1)
POST /session/68d068c6ea8ce80493aae6cf6ed08a95/timeouts HTTP/1.1
User-Agent: selenium/4.1.2 (java windows)
Content-Length: 22
Content-Type: application/json; charset=utf-8
host: localhost:64834
accept: */*

Response DefaultHttpResponse(decodeResult: success, version: HTTP/1.1)
HTTP/1.1 200 OK
Content-Type: application/json; charset=utf-8
cache-control: no-cache
content-length: 14

11:09:38.522 [AsyncHttpClient-1-4] DEBUG org.asynchttpclient.netty.channel.ChannelManager - Adding key: http://localhost:64834 for channel [id: 0x57a9b153, L:/127.0.0.1:60855 - R:localhost/127.0.0.1:64834]
11:09:38.529 [Forwarding getCurrentUrl on session 68d068c6ea8ce80493aae6cf6ed08a95 to remote] DEBUG org.asynchttpclient.netty.request.NettyRequestSender - Using pooled Channel '[id: 0x57a9b153, L:/127.0.0.1:60855 - R:localhost/127.0.0.1:64834]' for 'GET' to 'http://localhost:64834/session/68d068c6ea8ce80493aae6cf6ed08a95/url'
11:09:38.529 [Forwarding getCurrentUrl on session 68d068c6ea8ce80493aae6cf6ed08a95 to remote] DEBUG org.asynchttpclient.netty.request.NettyRequestSender - Using open Channel [id: 0x57a9b153, L:/127.0.0.1:60855 - R:localhost/127.0.0.1:64834] for GET '/session/68d068c6ea8ce80493aae6cf6ed08a95/url'
11:09:38.543 [AsyncHttpClient-1-4] DEBUG org.asynchttpclient.netty.handler.HttpHandler - 

Request DefaultFullHttpRequest(decodeResult: success, version: HTTP/1.1, content: EmptyByteBufBE)
GET /session/68d068c6ea8ce80493aae6cf6ed08a95/url HTTP/1.1
User-Agent: selenium/4.1.2 (java windows)
Cache-Control: no-cache
Content-Type: application/json; charset=utf-8
host: localhost:64834
accept: */*

Response DefaultHttpResponse(decodeResult: success, version: HTTP/1.1)
HTTP/1.1 200 OK
Content-Type: application/json; charset=utf-8
cache-control: no-cache
content-length: 66

11:09:38.543 [AsyncHttpClient-1-4] DEBUG org.asynchttpclient.netty.channel.ChannelManager - Adding key: http://localhost:64834 for channel [id: 0x57a9b153, L:/127.0.0.1:60855 - R:localhost/127.0.0.1:64834]
11:09:38.560 [Forwarding screenshot on session 68d068c6ea8ce80493aae6cf6ed08a95 to remote] DEBUG org.asynchttpclient.netty.request.NettyRequestSender - Using pooled Channel '[id: 0x57a9b153, L:/127.0.0.1:60855 - R:localhost/127.0.0.1:64834]' for 'GET' to 'http://localhost:64834/session/68d068c6ea8ce80493aae6cf6ed08a95/screenshot'
11:09:38.560 [Forwarding screenshot on session 68d068c6ea8ce80493aae6cf6ed08a95 to remote] DEBUG org.asynchttpclient.netty.request.NettyRequestSender - Using open Channel [id: 0x57a9b153, L:/127.0.0.1:60855 - R:localhost/127.0.0.1:64834] for GET '/session/68d068c6ea8ce80493aae6cf6ed08a95/screenshot'
11:09:38.924 [AsyncHttpClient-1-1] DEBUG org.asynchttpclient.netty.channel.DefaultChannelPool - Entry count for : http://localhost:60858 : 1
11:09:39.740 [AsyncHttpClient-1-4] DEBUG org.asynchttpclient.netty.handler.HttpHandler - 

Request DefaultFullHttpRequest(decodeResult: success, version: HTTP/1.1, content: EmptyByteBufBE)
GET /session/68d068c6ea8ce80493aae6cf6ed08a95/screenshot HTTP/1.1
User-Agent: selenium/4.1.2 (java windows)
Cache-Control: no-cache
Content-Type: application/json; charset=utf-8
host: localhost:64834
accept: */*

Response DefaultHttpResponse(decodeResult: success, version: HTTP/1.1)
HTTP/1.1 200 OK
Content-Type: application/json; charset=utf-8
cache-control: no-cache
content-length: 71412

11:09:39.744 [AsyncHttpClient-1-4] DEBUG org.asynchttpclient.netty.channel.ChannelManager - Adding key: http://localhost:64834 for channel [id: 0x57a9b153, L:/127.0.0.1:60855 - R:localhost/127.0.0.1:64834]
11:09:39.750 [main] DEBUG net.serenitybdd.core.photography.Darkroom - Send negative for processing for target\site\serenity\641553ea0c7ee1350e9d99c43bd8b22ab0037bbbf11d544d65f62061eb96ca5a.png
11:09:39.751 [main] DEBUG net.thucydides.core.steps.StepInterceptor - STEP DONE: openDataDokter
  &amp#27;[32mGiven &amp#27;[0m&amp#27;[32mOpen page data dokter&amp#27;[0m                     &amp#27;[90m# starter.stepdefinitios.DokterDataSteps.openPageDataDokter()&amp#27;[0m
11:09:39.787 [main] DEBUG net.thucydides.core.steps.StepInterceptor - STARTING STEP: DokterDataSteps.clickDeleteDokterData - clickButtonSampah
11:09:39.792 [Forwarding findElement on session 68d068c6ea8ce80493aae6cf6ed08a95 to remote] DEBUG org.asynchttpclient.netty.request.NettyRequestSender - Using pooled Channel '[id: 0x57a9b153, L:/127.0.0.1:60855 - R:localhost/127.0.0.1:64834]' for 'POST' to 'http://localhost:64834/session/68d068c6ea8ce80493aae6cf6ed08a95/element'
11:09:39.792 [Forwarding findElement on session 68d068c6ea8ce80493aae6cf6ed08a95 to remote] DEBUG org.asynchttpclient.netty.request.NettyRequestSender - Using open Channel [id: 0x57a9b153, L:/127.0.0.1:60855 - R:localhost/127.0.0.1:64834] for POST '/session/68d068c6ea8ce80493aae6cf6ed08a95/element'
11:09:39.829 [AsyncHttpClient-1-4] DEBUG org.asynchttpclient.netty.handler.HttpHandler - 

Request DefaultHttpRequest(decodeResult: success, version: HTTP/1.1)
POST /session/68d068c6ea8ce80493aae6cf6ed08a95/element HTTP/1.1
User-Agent: selenium/4.1.2 (java windows)
Content-Length: 92
Content-Type: application/json; charset=utf-8
host: localhost:64834
accept: */*

Response DefaultHttpResponse(decodeResult: success, version: HTTP/1.1)
HTTP/1.1 200 OK
Content-Type: application/json; charset=utf-8
cache-control: no-cache
content-length: 88

11:09:39.829 [AsyncHttpClient-1-4] DEBUG org.asynchttpclient.netty.channel.ChannelManager - Adding key: http://localhost:64834 for channel [id: 0x57a9b153, L:/127.0.0.1:60855 - R:localhost/127.0.0.1:64834]
11:09:39.836 [Forwarding getElementTagName on session 68d068c6ea8ce80493aae6cf6ed08a95 to remote] DEBUG org.asynchttpclient.netty.request.NettyRequestSender - Using pooled Channel '[id: 0x57a9b153, L:/127.0.0.1:60855 - R:localhost/127.0.0.1:64834]' for 'GET' to 'http://localhost:64834/session/68d068c6ea8ce80493aae6cf6ed08a95/element/a4d276af-4992-4741-b7d4-0430ceabe6e6/name'
11:09:39.836 [Forwarding getElementTagName on session 68d068c6ea8ce80493aae6cf6ed08a95 to remote] DEBUG org.asynchttpclient.netty.request.NettyRequestSender - Using open Channel [id: 0x57a9b153, L:/127.0.0.1:60855 - R:localhost/127.0.0.1:64834] for GET '/session/68d068c6ea8ce80493aae6cf6ed08a95/element/a4d276af-4992-4741-b7d4-0430ceabe6e6/name'
11:09:39.847 [AsyncHttpClient-1-4] DEBUG org.asynchttpclient.netty.handler.HttpHandler - 

Request DefaultFullHttpRequest(decodeResult: success, version: HTTP/1.1, content: EmptyByteBufBE)
GET /session/68d068c6ea8ce80493aae6cf6ed08a95/element/a4d276af-4992-4741-b7d4-0430ceabe6e6/name HTTP/1.1
User-Agent: selenium/4.1.2 (java windows)
Cache-Control: no-cache
Content-Type: application/json; charset=utf-8
host: localhost:64834
accept: */*

Response DefaultHttpResponse(decodeResult: success, version: HTTP/1.1)
HTTP/1.1 200 OK
Content-Type: application/json; charset=utf-8
cache-control: no-cache
content-length: 15

11:09:39.847 [AsyncHttpClient-1-4] DEBUG org.asynchttpclient.netty.channel.ChannelManager - Adding key: http://localhost:64834 for channel [id: 0x57a9b153, L:/127.0.0.1:60855 - R:localhost/127.0.0.1:64834]
11:09:39.852 [Forwarding getElementTagName on session 68d068c6ea8ce80493aae6cf6ed08a95 to remote] DEBUG org.asynchttpclient.netty.request.NettyRequestSender - Using pooled Channel '[id: 0x57a9b153, L:/127.0.0.1:60855 - R:localhost/127.0.0.1:64834]' for 'GET' to 'http://localhost:64834/session/68d068c6ea8ce80493aae6cf6ed08a95/element/a4d276af-4992-4741-b7d4-0430ceabe6e6/name'
11:09:39.852 [Forwarding getElementTagName on session 68d068c6ea8ce80493aae6cf6ed08a95 to remote] DEBUG org.asynchttpclient.netty.request.NettyRequestSender - Using open Channel [id: 0x57a9b153, L:/127.0.0.1:60855 - R:localhost/127.0.0.1:64834] for GET '/session/68d068c6ea8ce80493aae6cf6ed08a95/element/a4d276af-4992-4741-b7d4-0430ceabe6e6/name'
11:09:39.862 [AsyncHttpClient-1-4] DEBUG org.asynchttpclient.netty.handler.HttpHandler - 

Request DefaultFullHttpRequest(decodeResult: success, version: HTTP/1.1, content: EmptyByteBufBE)
GET /session/68d068c6ea8ce80493aae6cf6ed08a95/element/a4d276af-4992-4741-b7d4-0430ceabe6e6/name HTTP/1.1
User-Agent: selenium/4.1.2 (java windows)
Cache-Control: no-cache
Content-Type: application/json; charset=utf-8
host: localhost:64834
accept: */*

Response DefaultHttpResponse(decodeResult: success, version: HTTP/1.1)
HTTP/1.1 200 OK
Content-Type: application/json; charset=utf-8
cache-control: no-cache
content-length: 15

11:09:39.862 [AsyncHttpClient-1-4] DEBUG org.asynchttpclient.netty.channel.ChannelManager - Adding key: http://localhost:64834 for channel [id: 0x57a9b153, L:/127.0.0.1:60855 - R:localhost/127.0.0.1:64834]
11:09:39.866 [Forwarding findElement on session 68d068c6ea8ce80493aae6cf6ed08a95 to remote] DEBUG org.asynchttpclient.netty.request.NettyRequestSender - Using pooled Channel '[id: 0x57a9b153, L:/127.0.0.1:60855 - R:localhost/127.0.0.1:64834]' for 'POST' to 'http://localhost:64834/session/68d068c6ea8ce80493aae6cf6ed08a95/element'
11:09:39.866 [Forwarding findElement on session 68d068c6ea8ce80493aae6cf6ed08a95 to remote] DEBUG org.asynchttpclient.netty.request.NettyRequestSender - Using open Channel [id: 0x57a9b153, L:/127.0.0.1:60855 - R:localhost/127.0.0.1:64834] for POST '/session/68d068c6ea8ce80493aae6cf6ed08a95/element'
11:09:39.881 [AsyncHttpClient-1-4] DEBUG org.asynchttpclient.netty.handler.HttpHandler - 

Request DefaultHttpRequest(decodeResult: success, version: HTTP/1.1)
POST /session/68d068c6ea8ce80493aae6cf6ed08a95/element HTTP/1.1
User-Agent: selenium/4.1.2 (java windows)
Content-Length: 92
Content-Type: application/json; charset=utf-8
host: localhost:64834
accept: */*

Response DefaultHttpResponse(decodeResult: success, version: HTTP/1.1)
HTTP/1.1 200 OK
Content-Type: application/json; charset=utf-8
cache-control: no-cache
content-length: 88

11:09:39.881 [AsyncHttpClient-1-4] DEBUG org.asynchttpclient.netty.channel.ChannelManager - Adding key: http://localhost:64834 for channel [id: 0x57a9b153, L:/127.0.0.1:60855 - R:localhost/127.0.0.1:64834]
11:09:39.885 [Forwarding clickElement on session 68d068c6ea8ce80493aae6cf6ed08a95 to remote] DEBUG org.asynchttpclient.netty.request.NettyRequestSender - Using pooled Channel '[id: 0x57a9b153, L:/127.0.0.1:60855 - R:localhost/127.0.0.1:64834]' for 'POST' to 'http://localhost:64834/session/68d068c6ea8ce80493aae6cf6ed08a95/element/a4d276af-4992-4741-b7d4-0430ceabe6e6/click'
11:09:39.885 [Forwarding clickElement on session 68d068c6ea8ce80493aae6cf6ed08a95 to remote] DEBUG org.asynchttpclient.netty.request.NettyRequestSender - Using open Channel [id: 0x57a9b153, L:/127.0.0.1:60855 - R:localhost/127.0.0.1:64834] for POST '/session/68d068c6ea8ce80493aae6cf6ed08a95/element/a4d276af-4992-4741-b7d4-0430ceabe6e6/click'
11:09:39.987 [AsyncHttpClient-1-4] DEBUG org.asynchttpclient.netty.handler.HttpHandler - 

Request DefaultHttpRequest(decodeResult: success, version: HTTP/1.1)
POST /session/68d068c6ea8ce80493aae6cf6ed08a95/element/a4d276af-4992-4741-b7d4-0430ceabe6e6/click HTTP/1.1
User-Agent: selenium/4.1.2 (java windows)
Content-Length: 50
Content-Type: application/json; charset=utf-8
host: localhost:64834
accept: */*

Response DefaultHttpResponse(decodeResult: success, version: HTTP/1.1)
HTTP/1.1 200 OK
Content-Type: application/json; charset=utf-8
cache-control: no-cache
content-length: 14

11:09:39.988 [AsyncHttpClient-1-4] DEBUG org.asynchttpclient.netty.channel.ChannelManager - Adding key: http://localhost:64834 for channel [id: 0x57a9b153, L:/127.0.0.1:60855 - R:localhost/127.0.0.1:64834]
11:09:40.008 [Forwarding screenshot on session 68d068c6ea8ce80493aae6cf6ed08a95 to remote] DEBUG org.asynchttpclient.netty.request.NettyRequestSender - Using pooled Channel '[id: 0x57a9b153, L:/127.0.0.1:60855 - R:localhost/127.0.0.1:64834]' for 'GET' to 'http://localhost:64834/session/68d068c6ea8ce80493aae6cf6ed08a95/screenshot'
11:09:40.008 [Forwarding screenshot on session 68d068c6ea8ce80493aae6cf6ed08a95 to remote] DEBUG org.asynchttpclient.netty.request.NettyRequestSender - Using open Channel [id: 0x57a9b153, L:/127.0.0.1:60855 - R:localhost/127.0.0.1:64834] for GET '/session/68d068c6ea8ce80493aae6cf6ed08a95/screenshot'
11:09:40.025 [AsyncHttpClient-1-1] DEBUG org.asynchttpclient.netty.channel.DefaultChannelPool - Entry count for : http://localhost:60858 : 1
11:09:40.026 [AsyncHttpClient-1-4] DEBUG org.asynchttpclient.netty.handler.HttpHandler - 

Request DefaultFullHttpRequest(decodeResult: success, version: HTTP/1.1, content: EmptyByteBufBE)
GET /session/68d068c6ea8ce80493aae6cf6ed08a95/screenshot HTTP/1.1
User-Agent: selenium/4.1.2 (java windows)
Cache-Control: no-cache
Content-Type: application/json; charset=utf-8
host: localhost:64834
accept: */*

Response DefaultHttpResponse(decodeResult: success, version: HTTP/1.1)
HTTP/1.1 500 Internal Server Error
Content-Type: application/json; charset=utf-8
cache-control: no-cache
content-length: 947

11:09:40.027 [AsyncHttpClient-1-4] DEBUG org.asynchttpclient.netty.channel.ChannelManager - Adding key: http://localhost:64834 for channel [id: 0x57a9b153, L:/127.0.0.1:60855 - R:localhost/127.0.0.1:64834]
11:09:40.030 [main] WARN net.thucydides.core.webdriver.WebDriverFacade - Failed to take screenshot (unexpected alert open: {Alert text : Anda yakin untuk menghapus data?}
  (Session info: chrome=102.0.5005.115): Anda yakin untuk menghapus data?
Build info: version: '4.1.2', revision: '9a5a329c5a'
System info: host: 'MOOK-HON', ip: '192.168.100.6', os.name: 'Windows 10', os.arch: 'amd64', os.version: '10.0', java.version: '11.0.14'
Driver info: org.openqa.selenium.chrome.ChromeDriver
Command: [68d068c6ea8ce80493aae6cf6ed08a95, screenshot {}]
Capabilities {acceptInsecureCerts: false, browserName: chrome, browserVersion: 102.0.5005.115, chrome: {chromedriverVersion: 102.0.5005.61 (0e59bcc00cc4..., userDataDir: C:\Users\ASUS\AppData\Local...}, goog:chromeOptions: {debuggerAddress: localhost:60858}, javascriptEnabled: true, networkConnectionEnabled: false, pageLoadStrategy: normal, platform: WINDOWS, platformName: WINDOWS, proxy: Proxy(), se:cdp: ws://localhost:60858/devtoo..., se:cdpVersion: 102.0.5005.115, setWindowRect: true, strictFileInteractability: false, timeouts: {implicit: 0, pageLoad: 300000, script: 30000}, unhandledPromptBehavior: dismiss and notify, webauthn:extension:credBlob: true, webauthn:extension:largeBlob: true, webauthn:virtualAuthenticators: true}
Session ID: 68d068c6ea8ce80493aae6cf6ed08a95)
11:09:40.031 [main] DEBUG net.thucydides.core.steps.StepInterceptor - STEP DONE: clickButtonSampah
  &amp#27;[32mWhen &amp#27;[0m&amp#27;[32mClick Delete dokter data&amp#27;[0m                   &amp#27;[90m# starter.stepdefinitios.DokterDataSteps.clickDeleteDokterData()&amp#27;[0m
11:09:40.110 [Forwarding screenshot on session 68d068c6ea8ce80493aae6cf6ed08a95 to remote] DEBUG org.asynchttpclient.netty.request.NettyRequestSender - Using pooled Channel '[id: 0x57a9b153, L:/127.0.0.1:60855 - R:localhost/127.0.0.1:64834]' for 'GET' to 'http://localhost:64834/session/68d068c6ea8ce80493aae6cf6ed08a95/screenshot'
11:09:40.110 [Forwarding screenshot on session 68d068c6ea8ce80493aae6cf6ed08a95 to remote] DEBUG org.asynchttpclient.netty.request.NettyRequestSender - Using open Channel [id: 0x57a9b153, L:/127.0.0.1:60855 - R:localhost/127.0.0.1:64834] for GET '/session/68d068c6ea8ce80493aae6cf6ed08a95/screenshot'
11:09:40.443 [AsyncHttpClient-1-4] DEBUG org.asynchttpclient.netty.handler.HttpHandler - 

Request DefaultFullHttpRequest(decodeResult: success, version: HTTP/1.1, content: EmptyByteBufBE)
GET /session/68d068c6ea8ce80493aae6cf6ed08a95/screenshot HTTP/1.1
User-Agent: selenium/4.1.2 (java windows)
Cache-Control: no-cache
Content-Type: application/json; charset=utf-8
host: localhost:64834
accept: */*

Response DefaultHttpResponse(decodeResult: success, version: HTTP/1.1)
HTTP/1.1 200 OK
Content-Type: application/json; charset=utf-8
cache-control: no-cache
content-length: 57368

11:09:40.443 [AsyncHttpClient-1-4] DEBUG org.asynchttpclient.netty.channel.ChannelManager - Adding key: http://localhost:64834 for channel [id: 0x57a9b153, L:/127.0.0.1:60855 - R:localhost/127.0.0.1:64834]
11:09:40.448 [main] DEBUG net.serenitybdd.core.photography.Darkroom - Send negative for processing for target\site\serenity\1fc740e94fb361868ccb79d936d002359729a6f83044493500141ec13fe20cbd.png
11:09:40.451 [Darkroom Processing Line] DEBUG net.serenitybdd.core.photography.DarkroomProcessingLine - Processing screenshot image in /var/screenshots/screenshot-2246404099319158670
11:09:40.451 [Darkroom Processing Line] DEBUG net.serenitybdd.core.photography.DarkroomProcessingLine - Saving screenshot to target\site\serenity\1fc740e94fb361868ccb79d936d002359729a6f83044493500141ec13fe20cbd.png
11:09:40.985 [Forwarding screenshot on session 68d068c6ea8ce80493aae6cf6ed08a95 to remote] DEBUG org.asynchttpclient.netty.request.NettyRequestSender - Using pooled Channel '[id: 0x57a9b153, L:/127.0.0.1:60855 - R:localhost/127.0.0.1:64834]' for 'GET' to 'http://localhost:64834/session/68d068c6ea8ce80493aae6cf6ed08a95/screenshot'
11:09:40.985 [Forwarding screenshot on session 68d068c6ea8ce80493aae6cf6ed08a95 to remote] DEBUG org.asynchttpclient.netty.request.NettyRequestSender - Using open Channel [id: 0x57a9b153, L:/127.0.0.1:60855 - R:localhost/127.0.0.1:64834] for GET '/session/68d068c6ea8ce80493aae6cf6ed08a95/screenshot'
11:09:41.130 [AsyncHttpClient-1-1] DEBUG org.asynchttpclient.netty.channel.DefaultChannelPool - Entry count for : http://localhost:60858 : 1
11:09:41.156 [AsyncHttpClient-1-4] DEBUG org.asynchttpclient.netty.handler.HttpHandler - 

Request DefaultFullHttpRequest(decodeResult: success, version: HTTP/1.1, content: EmptyByteBufBE)
GET /session/68d068c6ea8ce80493aae6cf6ed08a95/screenshot HTTP/1.1
User-Agent: selenium/4.1.2 (java windows)
Cache-Control: no-cache
Content-Type: application/json; charset=utf-8
host: localhost:64834
accept: */*

Response DefaultHttpResponse(decodeResult: success, version: HTTP/1.1)
HTTP/1.1 200 OK
Content-Type: application/json; charset=utf-8
cache-control: no-cache
content-length: 57396

11:09:41.157 [AsyncHttpClient-1-4] DEBUG org.asynchttpclient.netty.channel.ChannelManager - Adding key: http://localhost:64834 for channel [id: 0x57a9b153, L:/127.0.0.1:60855 - R:localhost/127.0.0.1:64834]
11:09:41.161 [main] DEBUG net.serenitybdd.core.photography.Darkroom - Send negative for processing for target\site\serenity\d096db3b2293bd04a0d226f8416306c8cf79e74f01067f36d2d9dc4fc4ccb9b6.png
11:09:41.161 [main] DEBUG net.thucydides.core.steps.StepInterceptor - STARTING STEP: DokterDataSteps.validDataDeleteDokter - validPagePasien
11:09:41.162 [Darkroom Processing Line] DEBUG net.serenitybdd.core.photography.DarkroomProcessingLine - Processing screenshot image in /var/screenshots/screenshot-6800363108239810885
11:09:41.162 [Darkroom Processing Line] DEBUG net.serenitybdd.core.photography.DarkroomProcessingLine - Saving screenshot to target\site\serenity\d096db3b2293bd04a0d226f8416306c8cf79e74f01067f36d2d9dc4fc4ccb9b6.png
11:09:41.166 [Forwarding findElement on session 68d068c6ea8ce80493aae6cf6ed08a95 to remote] DEBUG org.asynchttpclient.netty.request.NettyRequestSender - Using pooled Channel '[id: 0x57a9b153, L:/127.0.0.1:60855 - R:localhost/127.0.0.1:64834]' for 'POST' to 'http://localhost:64834/session/68d068c6ea8ce80493aae6cf6ed08a95/element'
11:09:41.166 [Forwarding findElement on session 68d068c6ea8ce80493aae6cf6ed08a95 to remote] DEBUG org.asynchttpclient.netty.request.NettyRequestSender - Using open Channel [id: 0x57a9b153, L:/127.0.0.1:60855 - R:localhost/127.0.0.1:64834] for POST '/session/68d068c6ea8ce80493aae6cf6ed08a95/element'
11:09:41.192 [AsyncHttpClient-1-4] DEBUG org.asynchttpclient.netty.handler.HttpHandler - 

Request DefaultHttpRequest(decodeResult: success, version: HTTP/1.1)
POST /session/68d068c6ea8ce80493aae6cf6ed08a95/element HTTP/1.1
User-Agent: selenium/4.1.2 (java windows)
Content-Length: 138
Content-Type: application/json; charset=utf-8
host: localhost:64834
accept: */*

Response DefaultHttpResponse(decodeResult: success, version: HTTP/1.1)
HTTP/1.1 200 OK
Content-Type: application/json; charset=utf-8
cache-control: no-cache
content-length: 88

11:09:41.193 [AsyncHttpClient-1-4] DEBUG org.asynchttpclient.netty.channel.ChannelManager - Adding key: http://localhost:64834 for channel [id: 0x57a9b153, L:/127.0.0.1:60855 - R:localhost/127.0.0.1:64834]
11:09:41.194 [Forwarding isElementEnabled on session 68d068c6ea8ce80493aae6cf6ed08a95 to remote] DEBUG org.asynchttpclient.netty.request.NettyRequestSender - Using pooled Channel '[id: 0x57a9b153, L:/127.0.0.1:60855 - R:localhost/127.0.0.1:64834]' for 'GET' to 'http://localhost:64834/session/68d068c6ea8ce80493aae6cf6ed08a95/element/00b1e0f3-2bce-400b-8134-3d8db2443cbc/enabled'
11:09:41.194 [Forwarding isElementEnabled on session 68d068c6ea8ce80493aae6cf6ed08a95 to remote] DEBUG org.asynchttpclient.netty.request.NettyRequestSender - Using open Channel [id: 0x57a9b153, L:/127.0.0.1:60855 - R:localhost/127.0.0.1:64834] for GET '/session/68d068c6ea8ce80493aae6cf6ed08a95/element/00b1e0f3-2bce-400b-8134-3d8db2443cbc/enabled'
11:09:41.210 [AsyncHttpClient-1-4] DEBUG org.asynchttpclient.netty.handler.HttpHandler - 

Request DefaultFullHttpRequest(decodeResult: success, version: HTTP/1.1, content: EmptyByteBufBE)
GET /session/68d068c6ea8ce80493aae6cf6ed08a95/element/00b1e0f3-2bce-400b-8134-3d8db2443cbc/enabled HTTP/1.1
User-Agent: selenium/4.1.2 (java windows)
Cache-Control: no-cache
Content-Type: application/json; charset=utf-8
host: localhost:64834
accept: */*

Response DefaultHttpResponse(decodeResult: success, version: HTTP/1.1)
HTTP/1.1 200 OK
Content-Type: application/json; charset=utf-8
cache-control: no-cache
content-length: 14

11:09:41.211 [AsyncHttpClient-1-4] DEBUG org.asynchttpclient.netty.channel.ChannelManager - Adding key: http://localhost:64834 for channel [id: 0x57a9b153, L:/127.0.0.1:60855 - R:localhost/127.0.0.1:64834]
11:09:41.222 [Forwarding screenshot on session 68d068c6ea8ce80493aae6cf6ed08a95 to remote] DEBUG org.asynchttpclient.netty.request.NettyRequestSender - Using pooled Channel '[id: 0x57a9b153, L:/127.0.0.1:60855 - R:localhost/127.0.0.1:64834]' for 'GET' to 'http://localhost:64834/session/68d068c6ea8ce80493aae6cf6ed08a95/screenshot'
11:09:41.222 [Forwarding screenshot on session 68d068c6ea8ce80493aae6cf6ed08a95 to remote] DEBUG org.asynchttpclient.netty.request.NettyRequestSender - Using open Channel [id: 0x57a9b153, L:/127.0.0.1:60855 - R:localhost/127.0.0.1:64834] for GET '/session/68d068c6ea8ce80493aae6cf6ed08a95/screenshot'
11:09:41.398 [AsyncHttpClient-1-4] DEBUG org.asynchttpclient.netty.handler.HttpHandler - 

Request DefaultFullHttpRequest(decodeResult: success, version: HTTP/1.1, content: EmptyByteBufBE)
GET /session/68d068c6ea8ce80493aae6cf6ed08a95/screenshot HTTP/1.1
User-Agent: selenium/4.1.2 (java windows)
Cache-Control: no-cache
Content-Type: application/json; charset=utf-8
host: localhost:64834
accept: */*

Response DefaultHttpResponse(decodeResult: success, version: HTTP/1.1)
HTTP/1.1 200 OK
Content-Type: application/json; charset=utf-8
cache-control: no-cache
content-length: 57396

11:09:41.401 [AsyncHttpClient-1-4] DEBUG org.asynchttpclient.netty.channel.ChannelManager - Adding key: http://localhost:64834 for channel [id: 0x57a9b153, L:/127.0.0.1:60855 - R:localhost/127.0.0.1:64834]
11:09:41.407 [main] DEBUG net.serenitybdd.core.photography.Darkroom - Send negative for processing for target\site\serenity\d096db3b2293bd04a0d226f8416306c8cf79e74f01067f36d2d9dc4fc4ccb9b6.png
11:09:41.407 [main] DEBUG net.thucydides.core.steps.StepInterceptor - STEP DONE: validPagePasien
  &amp#27;[32mThen &amp#27;[0m&amp#27;[32mValid data delete dokter&amp#27;[0m                   &amp#27;[90m# starter.stepdefinitios.DokterDataSteps.validDataDeleteDokter()&amp#27;[0m
11:09:41.424 [main] INFO  - 
  _____   ___   ___   _____     ___     _     ___   ___   ___   ___  
 |_   _| | __| / __| |_   _|   | _ \   /_\   / __| / __| | __| |   \ 
   | |   | _|  \__ \   | |     |  _/  / _ \  \__ \ \__ \ | _|  | |) |
   |_|   |___| |___/   |_|     |_|   /_/ \_\ |___/ |___/ |___| |___/ 

As a admin i want to delete data dokter
----------------------------------------------------------------------
11:09:41.429 [AsyncHttpClient-1-6] DEBUG org.asynchttpclient.netty.handler.WebSocketHandler - Channel Closed: [id: 0x26f56ba2, L:/127.0.0.1:60868 ! R:localhost/127.0.0.1:60858] with attribute NettyResponseFuture{currentRetry=5,
	isDone=1,
	isCancelled=0,
	asyncHandler=org.asynchttpclient.ws.WebSocketUpgradeHandler@3a93dfb0,
	nettyRequest=org.asynchttpclient.netty.request.NettyRequest@6b489c06,
	future=java.util.concurrent.CompletableFuture@10f8560f[Completed normally],
	uri=ws://localhost:60858/devtools/browser/d1ca4940-6d60-4293-8e86-b7c3656ff485,
	keepAlive=true,
	redirectCount=0,
	timeoutsHolder=null,
	inAuth=0,
	touch=1655525377031}
11:09:41.429 [AsyncHttpClient-1-6] DEBUG org.asynchttpclient.netty.channel.ChannelManager - Closing Channel [id: 0x26f56ba2, L:/127.0.0.1:60868 ! R:localhost/127.0.0.1:60858] 
11:09:41.430 [Driver Command Executor] DEBUG org.asynchttpclient.netty.request.NettyRequestSender - Using pooled Channel '[id: 0x57a9b153, L:/127.0.0.1:60855 - R:localhost/127.0.0.1:64834]' for 'DELETE' to 'http://localhost:64834/session/68d068c6ea8ce80493aae6cf6ed08a95'
11:09:41.430 [Driver Command Executor] DEBUG org.asynchttpclient.netty.request.NettyRequestSender - Using open Channel [id: 0x57a9b153, L:/127.0.0.1:60855 - R:localhost/127.0.0.1:64834] for DELETE '/session/68d068c6ea8ce80493aae6cf6ed08a95'
11:09:41.747 [AsyncHttpClient-1-5] DEBUG org.asynchttpclient.netty.handler.HttpHandler - Unexpected I/O exception on channel [id: 0x4fadea8f, L:/127.0.0.1:60867 - R:localhost/127.0.0.1:60858]
java.io.IOException: An existing connection was forcibly closed by the remote host
	at java.base/sun.nio.ch.SocketDispatcher.read0(Native Method)
	at java.base/sun.nio.ch.SocketDispatcher.read(SocketDispatcher.java:43)
	at java.base/sun.nio.ch.IOUtil.readIntoNativeBuffer(IOUtil.java:276)
	at java.base/sun.nio.ch.IOUtil.read(IOUtil.java:233)
	at java.base/sun.nio.ch.IOUtil.read(IOUtil.java:223)
	at java.base/sun.nio.ch.SocketChannelImpl.read(SocketChannelImpl.java:358)
	at io.netty.buffer.PooledByteBuf.setBytes(PooledByteBuf.java:258)
	at io.netty.buffer.AbstractByteBuf.writeBytes(AbstractByteBuf.java:1132)
	at io.netty.channel.socket.nio.NioSocketChannel.doReadBytes(NioSocketChannel.java:350)
	at io.netty.channel.nio.AbstractNioByteChannel$NioByteUnsafe.read(AbstractNioByteChannel.java:151)
	at io.netty.channel.nio.NioEventLoop.processSelectedKey(NioEventLoop.java:722)
	at io.netty.channel.nio.NioEventLoop.processSelectedKeysOptimized(NioEventLoop.java:658)
	at io.netty.channel.nio.NioEventLoop.processSelectedKeys(NioEventLoop.java:584)
	at io.netty.channel.nio.NioEventLoop.run(NioEventLoop.java:496)
	at io.netty.util.concurrent.SingleThreadEventExecutor$4.run(SingleThreadEventExecutor.java:986)
	at io.netty.util.internal.ThreadExecutorMap$2.run(ThreadExecutorMap.java:74)
	at io.netty.util.concurrent.FastThreadLocalRunnable.run(FastThreadLocalRunnable.java:30)
	at java.base/java.lang.Thread.run(Thread.java:834)
11:09:41.747 [AsyncHttpClient-1-5] DEBUG org.asynchttpclient.netty.channel.ChannelManager - Closing Channel [id: 0x4fadea8f, L:/127.0.0.1:60867 - R:localhost/127.0.0.1:60858] 
11:09:41.748 [AsyncHttpClient-1-5] DEBUG org.asynchttpclient.netty.handler.HttpHandler - Channel Closed: [id: 0x4fadea8f, L:/127.0.0.1:60867 ! R:localhost/127.0.0.1:60858] with attribute DISCARD
11:09:41.791 [AsyncHttpClient-1-4] DEBUG org.asynchttpclient.netty.handler.HttpHandler - 

Request DefaultFullHttpRequest(decodeResult: success, version: HTTP/1.1, content: EmptyByteBufBE)
DELETE /session/68d068c6ea8ce80493aae6cf6ed08a95 HTTP/1.1
User-Agent: selenium/4.1.2 (java windows)
Content-Type: application/json; charset=utf-8
host: localhost:64834
accept: */*

Response DefaultHttpResponse(decodeResult: success, version: HTTP/1.1)
HTTP/1.1 200 OK
Content-Type: application/json; charset=utf-8
cache-control: no-cache
content-length: 14

11:09:41.791 [AsyncHttpClient-1-4] DEBUG org.asynchttpclient.netty.channel.ChannelManager - Adding key: http://localhost:64834 for channel [id: 0x57a9b153, L:/127.0.0.1:60855 - R:localhost/127.0.0.1:64834]
11:09:42.191 [AsyncHttpClient-1-4] DEBUG org.asynchttpclient.netty.handler.HttpHandler - Channel Closed: [id: 0x57a9b153, L:/127.0.0.1:60855 ! R:localhost/127.0.0.1:64834] with attribute DISCARD
11:09:42.228 [AsyncHttpClient-1-1] DEBUG org.asynchttpclient.netty.channel.DefaultChannelPool - Entry count for : http://localhost:60858 : 1
11:09:42.228 [AsyncHttpClient-1-1] DEBUG org.asynchttpclient.netty.channel.DefaultChannelPool - Entry count for : http://localhost:64834 : 1
11:09:42.228 [AsyncHttpClient-1-1] DEBUG org.asynchttpclient.netty.channel.DefaultChannelPool - Adding Candidate expired Channel [id: 0x4fadea8f, L:/127.0.0.1:60867 ! R:localhost/127.0.0.1:60858] isIdleTimeoutExpired=false isRemotelyClosed=true isTtlExpired=false
11:09:42.228 [AsyncHttpClient-1-1] DEBUG org.asynchttpclient.netty.channel.DefaultChannelPool - Closing Idle Channel [id: 0x4fadea8f, L:/127.0.0.1:60867 ! R:localhost/127.0.0.1:60858]
11:09:42.228 [AsyncHttpClient-1-1] DEBUG org.asynchttpclient.netty.channel.DefaultChannelPool - Adding Candidate expired Channel [id: 0x57a9b153, L:/127.0.0.1:60855 ! R:localhost/127.0.0.1:64834] isIdleTimeoutExpired=false isRemotelyClosed=true isTtlExpired=false
11:09:42.228 [AsyncHttpClient-1-1] DEBUG org.asynchttpclient.netty.channel.DefaultChannelPool - Closing Idle Channel [id: 0x57a9b153, L:/127.0.0.1:60855 ! R:localhost/127.0.0.1:64834]
11:09:42.228 [AsyncHttpClient-1-1] DEBUG org.asynchttpclient.netty.channel.DefaultChannelPool - Closed 2 connections out of 2 in 0 ms
]]></system-out>
    <system-err><![CDATA[Starting ChromeDriver 102.0.5005.61 (0e59bcc00cc4985ce39ad31c150065f159d95ad3-refs/branch-heads/5005@{#819}) on port 64834
Only local connections are allowed.
Please see https://chromedriver.chromium.org/security-considerations for suggestions on keeping ChromeDriver safe.
ChromeDriver was started successfully.
Jun 18, 2022 11:09:36 AM org.openqa.selenium.remote.ProtocolHandshake createSession
INFO: Detected dialect: W3C
Jun 18, 2022 11:09:37 AM org.openqa.selenium.devtools.CdpVersionFinder findNearestMatch
WARNING: Unable to find an exact match for CDP version 102, so returning the closest version found: a no-op implementation
Jun 18, 2022 11:09:37 AM org.openqa.selenium.devtools.CdpVersionFinder findNearestMatch
INFO: Unable to find CDP implementation matching 102.
Jun 18, 2022 11:09:37 AM org.openqa.selenium.chromium.ChromiumDriver lambda$new$3
WARNING: Unable to find version of CDP to use for . You may need to include a dependency on a specific version of the CDP using something similar to `org.seleniumhq.selenium:selenium-devtools-v86:4.1.2` where the version ("v86") matches the version of the chromium-based browser you're using and the version number of the artifact is the same as Selenium's.
]]></system-err>
  </testcase>
  <testcase name="As a admin i want to delete data dokter #2" classname="Data Dokter Admin" time="10.878">
    <system-out><![CDATA[
@DataDokter @SearchDokterData
Scenario Outline: As a admin i want to delete data dokter &amp#27;[90m# src/test/resources/features/2DataDokter.feature:66&amp#27;[0m
11:09:42.759 [main] INFO io.cucumber.core.plugin.SerenityReporter - Running feature from file:///D:/New%20folder%20(2)/Capstone/Testing/src/test/resources/features/2DataDokter.feature
11:09:42.878 [main] DEBUG net.thucydides.core.steps.StepInterceptor - STARTING STEP: DokterDataSteps.openPageDataDokter - openDataDokter
11:09:42.883 [main] INFO net.serenitybdd.core.webdriver.driverproviders.ChromeDriverProvider - Using automatically driver download
11:09:43.189 [main] DEBUG io.github.bonigarcia.wdm.cache.ResolutionCache - Resolution chrome=102 in cache (valid until 11:10:23 18/06/2022 ICT)
11:09:43.209 [main] DEBUG io.github.bonigarcia.wdm.cache.ResolutionCache - Resolution chrome102=102.0.5005.61 in cache (valid until 19:49:35 18/06/2022 ICT)
11:09:43.216 [main] INFO io.github.bonigarcia.wdm.WebDriverManager - Using chromedriver 102.0.5005.61 (resolved driver for Chrome 102)
11:09:43.263 [main] DEBUG io.github.bonigarcia.wdm.WebDriverManager - Driver chromedriver 102.0.5005.61 found in cache
11:09:43.266 [main] INFO io.github.bonigarcia.wdm.WebDriverManager - Exporting webdriver.chrome.driver as C:\Users\ASUS\.cache\selenium\chromedriver\win32\102.0.5005.61\chromedriver.exe
11:09:43.529 [main] DEBUG net.serenitybdd.core.webdriver.driverproviders.ProvideNewDriver - Instantiating driver
11:09:43.529 [main] DEBUG net.serenitybdd.core.webdriver.driverproviders.ProvideNewDriver - Driver capabilities: Capabilities {acceptInsecureCerts: false, base.url: https://fanciful-trifle-360..., browserName: chrome, chore.driver: src/test/resources/webdrive..., driver: chrome, goog:chromeOptions: {args: [], extensions: []}}
11:09:44.095 [AsyncHttpClient-1-7] DEBUG org.asynchttpclient.netty.channel.NettyConnectListener - Using new Channel '[id: 0x30b79232, L:/127.0.0.1:60887 - R:localhost/127.0.0.1:63500]' for 'POST' to '/session'
11:09:45.940 [AsyncHttpClient-1-7] DEBUG org.asynchttpclient.netty.handler.HttpHandler - 

Request DefaultHttpRequest(decodeResult: success, version: HTTP/1.1)
POST /session HTTP/1.1
User-Agent: selenium/4.1.2 (java windows)
Content-Length: 628
Content-Type: application/json; charset=utf-8
host: localhost:63500
accept: */*

Response DefaultHttpResponse(decodeResult: success, version: HTTP/1.1)
HTTP/1.1 200 OK
Content-Type: application/json; charset=utf-8
cache-control: no-cache
content-length: 789

11:09:45.940 [AsyncHttpClient-1-7] DEBUG org.asynchttpclient.netty.channel.ChannelManager - Adding key: http://localhost:63500 for channel [id: 0x30b79232, L:/127.0.0.1:60887 - R:localhost/127.0.0.1:63500]
11:09:45.981 [AsyncHttpClient-1-8] DEBUG org.asynchttpclient.netty.channel.NettyConnectListener - Using new Channel '[id: 0x1659ed39, L:/127.0.0.1:60899 - R:localhost/127.0.0.1:60889]' for 'GET' to '/json/version'
11:09:45.988 [AsyncHttpClient-1-8] DEBUG org.asynchttpclient.netty.handler.HttpHandler - 

Request DefaultFullHttpRequest(decodeResult: success, version: HTTP/1.1, content: EmptyByteBufBE)
GET /json/version HTTP/1.1
User-Agent: selenium/4.1.2 (java windows)
host: localhost:60889
accept: */*

Response DefaultHttpResponse(decodeResult: success, version: HTTP/1.1)
HTTP/1.1 200 OK
Content-Type: application/json; charset=UTF-8
content-length: 428

11:09:45.988 [AsyncHttpClient-1-8] DEBUG org.asynchttpclient.netty.channel.ChannelManager - Adding key: http://localhost:60889 for channel [id: 0x1659ed39, L:/127.0.0.1:60899 - R:localhost/127.0.0.1:60889]
11:09:46.000 [AsyncHttpClient-1-9] DEBUG org.asynchttpclient.netty.channel.NettyConnectListener - Using new Channel '[id: 0x1d679545, L:/127.0.0.1:60900 - R:localhost/127.0.0.1:60889]' for 'GET' to '/devtools/browser/a2e613a1-99d9-4ba8-90f5-aaa0e58b9da8'
11:09:46.012 [AsyncHttpClient-1-9] DEBUG org.asynchttpclient.netty.handler.WebSocketHandler - 

Request DefaultFullHttpRequest(decodeResult: success, version: HTTP/1.1, content: EmptyByteBufBE)
GET /devtools/browser/a2e613a1-99d9-4ba8-90f5-aaa0e58b9da8 HTTP/1.1
upgrade: websocket
connection: upgrade
sec-websocket-key: 8CPWSeqeK7wZsQVJUxfHdA==
sec-websocket-version: 13
origin: http://localhost:60889
host: localhost:60889
accept: */*
user-agent: AHC/2.1

Response DefaultHttpResponse(decodeResult: success, version: HTTP/1.1)
HTTP/1.1 101 WebSocket Protocol Handshake
Upgrade: WebSocket
Connection: Upgrade
Sec-WebSocket-Accept: JOVP8Ye7Be8GdTkMYiyzfGZOxfI=

11:09:46.075 [Forwarding get on session 06a7ee6398e440d2026c6069e603f0eb to remote] DEBUG org.asynchttpclient.netty.request.NettyRequestSender - Using pooled Channel '[id: 0x30b79232, L:/127.0.0.1:60887 - R:localhost/127.0.0.1:63500]' for 'POST' to 'http://localhost:63500/session/06a7ee6398e440d2026c6069e603f0eb/url'
11:09:46.076 [Forwarding get on session 06a7ee6398e440d2026c6069e603f0eb to remote] DEBUG org.asynchttpclient.netty.request.NettyRequestSender - Using open Channel [id: 0x30b79232, L:/127.0.0.1:60887 - R:localhost/127.0.0.1:63500] for POST '/session/06a7ee6398e440d2026c6069e603f0eb/url'
11:09:46.623 [AsyncHttpClient-1-1] DEBUG org.asynchttpclient.netty.channel.DefaultChannelPool - Entry count for : http://localhost:60889 : 1
11:09:47.413 [AsyncHttpClient-1-7] DEBUG org.asynchttpclient.netty.handler.HttpHandler - 

Request DefaultHttpRequest(decodeResult: success, version: HTTP/1.1)
POST /session/06a7ee6398e440d2026c6069e603f0eb/url HTTP/1.1
User-Agent: selenium/4.1.2 (java windows)
Content-Length: 84
Content-Type: application/json; charset=utf-8
host: localhost:63500
accept: */*

Response DefaultHttpResponse(decodeResult: success, version: HTTP/1.1)
HTTP/1.1 200 OK
Content-Type: application/json; charset=utf-8
cache-control: no-cache
content-length: 14

11:09:47.413 [AsyncHttpClient-1-7] DEBUG org.asynchttpclient.netty.channel.ChannelManager - Adding key: http://localhost:63500 for channel [id: 0x30b79232, L:/127.0.0.1:60887 - R:localhost/127.0.0.1:63500]
11:09:47.426 [Forwarding setTimeout on session 06a7ee6398e440d2026c6069e603f0eb to remote] DEBUG org.asynchttpclient.netty.request.NettyRequestSender - Using pooled Channel '[id: 0x30b79232, L:/127.0.0.1:60887 - R:localhost/127.0.0.1:63500]' for 'POST' to 'http://localhost:63500/session/06a7ee6398e440d2026c6069e603f0eb/timeouts'
11:09:47.426 [Forwarding setTimeout on session 06a7ee6398e440d2026c6069e603f0eb to remote] DEBUG org.asynchttpclient.netty.request.NettyRequestSender - Using open Channel [id: 0x30b79232, L:/127.0.0.1:60887 - R:localhost/127.0.0.1:63500] for POST '/session/06a7ee6398e440d2026c6069e603f0eb/timeouts'
11:09:47.438 [AsyncHttpClient-1-7] DEBUG org.asynchttpclient.netty.handler.HttpHandler - 

Request DefaultHttpRequest(decodeResult: success, version: HTTP/1.1)
POST /session/06a7ee6398e440d2026c6069e603f0eb/timeouts HTTP/1.1
User-Agent: selenium/4.1.2 (java windows)
Content-Length: 22
Content-Type: application/json; charset=utf-8
host: localhost:63500
accept: */*

Response DefaultHttpResponse(decodeResult: success, version: HTTP/1.1)
HTTP/1.1 200 OK
Content-Type: application/json; charset=utf-8
cache-control: no-cache
content-length: 14

11:09:47.438 [AsyncHttpClient-1-7] DEBUG org.asynchttpclient.netty.channel.ChannelManager - Adding key: http://localhost:63500 for channel [id: 0x30b79232, L:/127.0.0.1:60887 - R:localhost/127.0.0.1:63500]
11:09:47.449 [Forwarding getCurrentUrl on session 06a7ee6398e440d2026c6069e603f0eb to remote] DEBUG org.asynchttpclient.netty.request.NettyRequestSender - Using pooled Channel '[id: 0x30b79232, L:/127.0.0.1:60887 - R:localhost/127.0.0.1:63500]' for 'GET' to 'http://localhost:63500/session/06a7ee6398e440d2026c6069e603f0eb/url'
11:09:47.450 [Forwarding getCurrentUrl on session 06a7ee6398e440d2026c6069e603f0eb to remote] DEBUG org.asynchttpclient.netty.request.NettyRequestSender - Using open Channel [id: 0x30b79232, L:/127.0.0.1:60887 - R:localhost/127.0.0.1:63500] for GET '/session/06a7ee6398e440d2026c6069e603f0eb/url'
11:09:47.525 [AsyncHttpClient-1-7] DEBUG org.asynchttpclient.netty.handler.HttpHandler - 

Request DefaultFullHttpRequest(decodeResult: success, version: HTTP/1.1, content: EmptyByteBufBE)
GET /session/06a7ee6398e440d2026c6069e603f0eb/url HTTP/1.1
User-Agent: selenium/4.1.2 (java windows)
Cache-Control: no-cache
Content-Type: application/json; charset=utf-8
host: localhost:63500
accept: */*

Response DefaultHttpResponse(decodeResult: success, version: HTTP/1.1)
HTTP/1.1 200 OK
Content-Type: application/json; charset=utf-8
cache-control: no-cache
content-length: 66

11:09:47.526 [AsyncHttpClient-1-7] DEBUG org.asynchttpclient.netty.channel.ChannelManager - Adding key: http://localhost:63500 for channel [id: 0x30b79232, L:/127.0.0.1:60887 - R:localhost/127.0.0.1:63500]
11:09:47.542 [Forwarding screenshot on session 06a7ee6398e440d2026c6069e603f0eb to remote] DEBUG org.asynchttpclient.netty.request.NettyRequestSender - Using pooled Channel '[id: 0x30b79232, L:/127.0.0.1:60887 - R:localhost/127.0.0.1:63500]' for 'GET' to 'http://localhost:63500/session/06a7ee6398e440d2026c6069e603f0eb/screenshot'
11:09:47.542 [Forwarding screenshot on session 06a7ee6398e440d2026c6069e603f0eb to remote] DEBUG org.asynchttpclient.netty.request.NettyRequestSender - Using open Channel [id: 0x30b79232, L:/127.0.0.1:60887 - R:localhost/127.0.0.1:63500] for GET '/session/06a7ee6398e440d2026c6069e603f0eb/screenshot'
11:09:47.773 [AsyncHttpClient-1-1] DEBUG org.asynchttpclient.netty.channel.DefaultChannelPool - Entry count for : http://localhost:60889 : 1
11:09:48.828 [AsyncHttpClient-1-1] DEBUG org.asynchttpclient.netty.channel.DefaultChannelPool - Entry count for : http://localhost:60889 : 1
11:09:48.964 [AsyncHttpClient-1-7] DEBUG org.asynchttpclient.netty.handler.HttpHandler - 

Request DefaultFullHttpRequest(decodeResult: success, version: HTTP/1.1, content: EmptyByteBufBE)
GET /session/06a7ee6398e440d2026c6069e603f0eb/screenshot HTTP/1.1
User-Agent: selenium/4.1.2 (java windows)
Cache-Control: no-cache
Content-Type: application/json; charset=utf-8
host: localhost:63500
accept: */*

Response DefaultHttpResponse(decodeResult: success, version: HTTP/1.1)
HTTP/1.1 200 OK
Content-Type: application/json; charset=utf-8
cache-control: no-cache
content-length: 70512

11:09:48.966 [AsyncHttpClient-1-7] DEBUG org.asynchttpclient.netty.channel.ChannelManager - Adding key: http://localhost:63500 for channel [id: 0x30b79232, L:/127.0.0.1:60887 - R:localhost/127.0.0.1:63500]
11:09:48.973 [main] DEBUG net.serenitybdd.core.photography.Darkroom - Send negative for processing for target\site\serenity\212e927b1864c57dda9388c429842ffb57f0ddcf965b160a8186e056f66d040a.png
11:09:48.973 [main] DEBUG net.thucydides.core.steps.StepInterceptor - STEP DONE: openDataDokter
  &amp#27;[32mGiven &amp#27;[0m&amp#27;[32mOpen page data dokter&amp#27;[0m                             &amp#27;[90m# starter.stepdefinitios.DokterDataSteps.openPageDataDokter()&amp#27;[0m
11:09:48.974 [Darkroom Processing Line] DEBUG net.serenitybdd.core.photography.DarkroomProcessingLine - Processing screenshot image in /var/screenshots/screenshot-612922739701439296
11:09:48.974 [Darkroom Processing Line] DEBUG net.serenitybdd.core.photography.DarkroomProcessingLine - Saving screenshot to target\site\serenity\212e927b1864c57dda9388c429842ffb57f0ddcf965b160a8186e056f66d040a.png
11:09:49.523 [Forwarding screenshot on session 06a7ee6398e440d2026c6069e603f0eb to remote] DEBUG org.asynchttpclient.netty.request.NettyRequestSender - Using pooled Channel '[id: 0x30b79232, L:/127.0.0.1:60887 - R:localhost/127.0.0.1:63500]' for 'GET' to 'http://localhost:63500/session/06a7ee6398e440d2026c6069e603f0eb/screenshot'
11:09:49.523 [Forwarding screenshot on session 06a7ee6398e440d2026c6069e603f0eb to remote] DEBUG org.asynchttpclient.netty.request.NettyRequestSender - Using open Channel [id: 0x30b79232, L:/127.0.0.1:60887 - R:localhost/127.0.0.1:63500] for GET '/session/06a7ee6398e440d2026c6069e603f0eb/screenshot'
11:09:49.689 [AsyncHttpClient-1-7] DEBUG org.asynchttpclient.netty.handler.HttpHandler - 

Request DefaultFullHttpRequest(decodeResult: success, version: HTTP/1.1, content: EmptyByteBufBE)
GET /session/06a7ee6398e440d2026c6069e603f0eb/screenshot HTTP/1.1
User-Agent: selenium/4.1.2 (java windows)
Cache-Control: no-cache
Content-Type: application/json; charset=utf-8
host: localhost:63500
accept: */*

Response DefaultHttpResponse(decodeResult: success, version: HTTP/1.1)
HTTP/1.1 200 OK
Content-Type: application/json; charset=utf-8
cache-control: no-cache
content-length: 70512

11:09:49.689 [AsyncHttpClient-1-7] DEBUG org.asynchttpclient.netty.channel.ChannelManager - Adding key: http://localhost:63500 for channel [id: 0x30b79232, L:/127.0.0.1:60887 - R:localhost/127.0.0.1:63500]
11:09:49.694 [main] DEBUG net.serenitybdd.core.photography.Darkroom - Send negative for processing for target\site\serenity\9f5a2981678063aebcc99b55c6e9b462c42dadd19ae1045cc5d4fce7760671e5.png
11:09:49.695 [main] DEBUG net.thucydides.core.steps.StepInterceptor - STARTING STEP: DokterDataSteps.clickSearchAllCategoryDokterData - validPagePasien
11:09:49.696 [Darkroom Processing Line] DEBUG net.serenitybdd.core.photography.DarkroomProcessingLine - Processing screenshot image in /var/screenshots/screenshot-4714652434866191899
11:09:49.696 [Darkroom Processing Line] DEBUG net.serenitybdd.core.photography.DarkroomProcessingLine - Saving screenshot to target\site\serenity\9f5a2981678063aebcc99b55c6e9b462c42dadd19ae1045cc5d4fce7760671e5.png
11:09:49.705 [Forwarding findElement on session 06a7ee6398e440d2026c6069e603f0eb to remote] DEBUG org.asynchttpclient.netty.request.NettyRequestSender - Using pooled Channel '[id: 0x30b79232, L:/127.0.0.1:60887 - R:localhost/127.0.0.1:63500]' for 'POST' to 'http://localhost:63500/session/06a7ee6398e440d2026c6069e603f0eb/element'
11:09:49.705 [Forwarding findElement on session 06a7ee6398e440d2026c6069e603f0eb to remote] DEBUG org.asynchttpclient.netty.request.NettyRequestSender - Using open Channel [id: 0x30b79232, L:/127.0.0.1:60887 - R:localhost/127.0.0.1:63500] for POST '/session/06a7ee6398e440d2026c6069e603f0eb/element'
11:09:49.736 [AsyncHttpClient-1-7] DEBUG org.asynchttpclient.netty.handler.HttpHandler - 

Request DefaultHttpRequest(decodeResult: success, version: HTTP/1.1)
POST /session/06a7ee6398e440d2026c6069e603f0eb/element HTTP/1.1
User-Agent: selenium/4.1.2 (java windows)
Content-Length: 138
Content-Type: application/json; charset=utf-8
host: localhost:63500
accept: */*

Response DefaultHttpResponse(decodeResult: success, version: HTTP/1.1)
HTTP/1.1 200 OK
Content-Type: application/json; charset=utf-8
cache-control: no-cache
content-length: 88

11:09:49.737 [AsyncHttpClient-1-7] DEBUG org.asynchttpclient.netty.channel.ChannelManager - Adding key: http://localhost:63500 for channel [id: 0x30b79232, L:/127.0.0.1:60887 - R:localhost/127.0.0.1:63500]
11:09:49.738 [Forwarding isElementEnabled on session 06a7ee6398e440d2026c6069e603f0eb to remote] DEBUG org.asynchttpclient.netty.request.NettyRequestSender - Using pooled Channel '[id: 0x30b79232, L:/127.0.0.1:60887 - R:localhost/127.0.0.1:63500]' for 'GET' to 'http://localhost:63500/session/06a7ee6398e440d2026c6069e603f0eb/element/d17ef1b3-f11c-496a-83b9-0e292233f8cf/enabled'
11:09:49.738 [Forwarding isElementEnabled on session 06a7ee6398e440d2026c6069e603f0eb to remote] DEBUG org.asynchttpclient.netty.request.NettyRequestSender - Using open Channel [id: 0x30b79232, L:/127.0.0.1:60887 - R:localhost/127.0.0.1:63500] for GET '/session/06a7ee6398e440d2026c6069e603f0eb/element/d17ef1b3-f11c-496a-83b9-0e292233f8cf/enabled'
11:09:49.756 [AsyncHttpClient-1-7] DEBUG org.asynchttpclient.netty.handler.HttpHandler - 

Request DefaultFullHttpRequest(decodeResult: success, version: HTTP/1.1, content: EmptyByteBufBE)
GET /session/06a7ee6398e440d2026c6069e603f0eb/element/d17ef1b3-f11c-496a-83b9-0e292233f8cf/enabled HTTP/1.1
User-Agent: selenium/4.1.2 (java windows)
Cache-Control: no-cache
Content-Type: application/json; charset=utf-8
host: localhost:63500
accept: */*

Response DefaultHttpResponse(decodeResult: success, version: HTTP/1.1)
HTTP/1.1 200 OK
Content-Type: application/json; charset=utf-8
cache-control: no-cache
content-length: 14

11:09:49.757 [AsyncHttpClient-1-7] DEBUG org.asynchttpclient.netty.channel.ChannelManager - Adding key: http://localhost:63500 for channel [id: 0x30b79232, L:/127.0.0.1:60887 - R:localhost/127.0.0.1:63500]
11:09:49.768 [Forwarding screenshot on session 06a7ee6398e440d2026c6069e603f0eb to remote] DEBUG org.asynchttpclient.netty.request.NettyRequestSender - Using pooled Channel '[id: 0x30b79232, L:/127.0.0.1:60887 - R:localhost/127.0.0.1:63500]' for 'GET' to 'http://localhost:63500/session/06a7ee6398e440d2026c6069e603f0eb/screenshot'
11:09:49.768 [Forwarding screenshot on session 06a7ee6398e440d2026c6069e603f0eb to remote] DEBUG org.asynchttpclient.netty.request.NettyRequestSender - Using open Channel [id: 0x30b79232, L:/127.0.0.1:60887 - R:localhost/127.0.0.1:63500] for GET '/session/06a7ee6398e440d2026c6069e603f0eb/screenshot'
11:09:49.921 [AsyncHttpClient-1-1] DEBUG org.asynchttpclient.netty.channel.DefaultChannelPool - Entry count for : http://localhost:60889 : 1
11:09:49.989 [AsyncHttpClient-1-7] DEBUG org.asynchttpclient.netty.handler.HttpHandler - 

Request DefaultFullHttpRequest(decodeResult: success, version: HTTP/1.1, content: EmptyByteBufBE)
GET /session/06a7ee6398e440d2026c6069e603f0eb/screenshot HTTP/1.1
User-Agent: selenium/4.1.2 (java windows)
Cache-Control: no-cache
Content-Type: application/json; charset=utf-8
host: localhost:63500
accept: */*

Response DefaultHttpResponse(decodeResult: success, version: HTTP/1.1)
HTTP/1.1 200 OK
Content-Type: application/json; charset=utf-8
cache-control: no-cache
content-length: 70512

11:09:49.990 [AsyncHttpClient-1-7] DEBUG org.asynchttpclient.netty.channel.ChannelManager - Adding key: http://localhost:63500 for channel [id: 0x30b79232, L:/127.0.0.1:60887 - R:localhost/127.0.0.1:63500]
11:09:49.995 [main] DEBUG net.serenitybdd.core.photography.Darkroom - Send negative for processing for target\site\serenity\9f5a2981678063aebcc99b55c6e9b462c42dadd19ae1045cc5d4fce7760671e5.png
11:09:49.995 [main] DEBUG net.thucydides.core.steps.StepInterceptor - STEP DONE: validPagePasien
  &amp#27;[32mAnd &amp#27;[0m&amp#27;[32mClick search all category dokter data&amp#27;[0m               &amp#27;[90m# starter.stepdefinitios.DokterDataSteps.clickSearchAllCategoryDokterData()&amp#27;[0m
11:09:50.067 [Forwarding screenshot on session 06a7ee6398e440d2026c6069e603f0eb to remote] DEBUG org.asynchttpclient.netty.request.NettyRequestSender - Using pooled Channel '[id: 0x30b79232, L:/127.0.0.1:60887 - R:localhost/127.0.0.1:63500]' for 'GET' to 'http://localhost:63500/session/06a7ee6398e440d2026c6069e603f0eb/screenshot'
11:09:50.068 [Forwarding screenshot on session 06a7ee6398e440d2026c6069e603f0eb to remote] DEBUG org.asynchttpclient.netty.request.NettyRequestSender - Using open Channel [id: 0x30b79232, L:/127.0.0.1:60887 - R:localhost/127.0.0.1:63500] for GET '/session/06a7ee6398e440d2026c6069e603f0eb/screenshot'
11:09:50.226 [AsyncHttpClient-1-7] DEBUG org.asynchttpclient.netty.handler.HttpHandler - 

Request DefaultFullHttpRequest(decodeResult: success, version: HTTP/1.1, content: EmptyByteBufBE)
GET /session/06a7ee6398e440d2026c6069e603f0eb/screenshot HTTP/1.1
User-Agent: selenium/4.1.2 (java windows)
Cache-Control: no-cache
Content-Type: application/json; charset=utf-8
host: localhost:63500
accept: */*

Response DefaultHttpResponse(decodeResult: success, version: HTTP/1.1)
HTTP/1.1 200 OK
Content-Type: application/json; charset=utf-8
cache-control: no-cache
content-length: 70512

11:09:50.226 [AsyncHttpClient-1-7] DEBUG org.asynchttpclient.netty.channel.ChannelManager - Adding key: http://localhost:63500 for channel [id: 0x30b79232, L:/127.0.0.1:60887 - R:localhost/127.0.0.1:63500]
11:09:50.232 [main] DEBUG net.serenitybdd.core.photography.Darkroom - Send negative for processing for target\site\serenity\9f5a2981678063aebcc99b55c6e9b462c42dadd19ae1045cc5d4fce7760671e5.png
11:09:50.232 [main] DEBUG net.thucydides.core.steps.StepInterceptor - STARTING STEP: PatientDataSteps.clickChoseNama - clickButtonCategoryNama
11:09:50.239 [Forwarding findElement on session 06a7ee6398e440d2026c6069e603f0eb to remote] DEBUG org.asynchttpclient.netty.request.NettyRequestSender - Using pooled Channel '[id: 0x30b79232, L:/127.0.0.1:60887 - R:localhost/127.0.0.1:63500]' for 'POST' to 'http://localhost:63500/session/06a7ee6398e440d2026c6069e603f0eb/element'
11:09:50.239 [Forwarding findElement on session 06a7ee6398e440d2026c6069e603f0eb to remote] DEBUG org.asynchttpclient.netty.request.NettyRequestSender - Using open Channel [id: 0x30b79232, L:/127.0.0.1:60887 - R:localhost/127.0.0.1:63500] for POST '/session/06a7ee6398e440d2026c6069e603f0eb/element'
11:09:50.261 [AsyncHttpClient-1-7] DEBUG org.asynchttpclient.netty.handler.HttpHandler - 

Request DefaultHttpRequest(decodeResult: success, version: HTTP/1.1)
POST /session/06a7ee6398e440d2026c6069e603f0eb/element HTTP/1.1
User-Agent: selenium/4.1.2 (java windows)
Content-Length: 81
Content-Type: application/json; charset=utf-8
host: localhost:63500
accept: */*

Response DefaultHttpResponse(decodeResult: success, version: HTTP/1.1)
HTTP/1.1 200 OK
Content-Type: application/json; charset=utf-8
cache-control: no-cache
content-length: 88

11:09:50.262 [AsyncHttpClient-1-7] DEBUG org.asynchttpclient.netty.channel.ChannelManager - Adding key: http://localhost:63500 for channel [id: 0x30b79232, L:/127.0.0.1:60887 - R:localhost/127.0.0.1:63500]
11:09:50.264 [Forwarding getElementTagName on session 06a7ee6398e440d2026c6069e603f0eb to remote] DEBUG org.asynchttpclient.netty.request.NettyRequestSender - Using pooled Channel '[id: 0x30b79232, L:/127.0.0.1:60887 - R:localhost/127.0.0.1:63500]' for 'GET' to 'http://localhost:63500/session/06a7ee6398e440d2026c6069e603f0eb/element/b4e3c192-60d2-48cf-87c9-d02566095131/name'
11:09:50.264 [Forwarding getElementTagName on session 06a7ee6398e440d2026c6069e603f0eb to remote] DEBUG org.asynchttpclient.netty.request.NettyRequestSender - Using open Channel [id: 0x30b79232, L:/127.0.0.1:60887 - R:localhost/127.0.0.1:63500] for GET '/session/06a7ee6398e440d2026c6069e603f0eb/element/b4e3c192-60d2-48cf-87c9-d02566095131/name'
11:09:50.275 [AsyncHttpClient-1-7] DEBUG org.asynchttpclient.netty.handler.HttpHandler - 

Request DefaultFullHttpRequest(decodeResult: success, version: HTTP/1.1, content: EmptyByteBufBE)
GET /session/06a7ee6398e440d2026c6069e603f0eb/element/b4e3c192-60d2-48cf-87c9-d02566095131/name HTTP/1.1
User-Agent: selenium/4.1.2 (java windows)
Cache-Control: no-cache
Content-Type: application/json; charset=utf-8
host: localhost:63500
accept: */*

Response DefaultHttpResponse(decodeResult: success, version: HTTP/1.1)
HTTP/1.1 200 OK
Content-Type: application/json; charset=utf-8
cache-control: no-cache
content-length: 18

11:09:50.275 [AsyncHttpClient-1-7] DEBUG org.asynchttpclient.netty.channel.ChannelManager - Adding key: http://localhost:63500 for channel [id: 0x30b79232, L:/127.0.0.1:60887 - R:localhost/127.0.0.1:63500]
11:09:50.277 [Forwarding getElementTagName on session 06a7ee6398e440d2026c6069e603f0eb to remote] DEBUG org.asynchttpclient.netty.request.NettyRequestSender - Using pooled Channel '[id: 0x30b79232, L:/127.0.0.1:60887 - R:localhost/127.0.0.1:63500]' for 'GET' to 'http://localhost:63500/session/06a7ee6398e440d2026c6069e603f0eb/element/b4e3c192-60d2-48cf-87c9-d02566095131/name'
11:09:50.277 [Forwarding getElementTagName on session 06a7ee6398e440d2026c6069e603f0eb to remote] DEBUG org.asynchttpclient.netty.request.NettyRequestSender - Using open Channel [id: 0x30b79232, L:/127.0.0.1:60887 - R:localhost/127.0.0.1:63500] for GET '/session/06a7ee6398e440d2026c6069e603f0eb/element/b4e3c192-60d2-48cf-87c9-d02566095131/name'
11:09:50.286 [AsyncHttpClient-1-7] DEBUG org.asynchttpclient.netty.handler.HttpHandler - 

Request DefaultFullHttpRequest(decodeResult: success, version: HTTP/1.1, content: EmptyByteBufBE)
GET /session/06a7ee6398e440d2026c6069e603f0eb/element/b4e3c192-60d2-48cf-87c9-d02566095131/name HTTP/1.1
User-Agent: selenium/4.1.2 (java windows)
Cache-Control: no-cache
Content-Type: application/json; charset=utf-8
host: localhost:63500
accept: */*

Response DefaultHttpResponse(decodeResult: success, version: HTTP/1.1)
HTTP/1.1 200 OK
Content-Type: application/json; charset=utf-8
cache-control: no-cache
content-length: 18

11:09:50.286 [AsyncHttpClient-1-7] DEBUG org.asynchttpclient.netty.channel.ChannelManager - Adding key: http://localhost:63500 for channel [id: 0x30b79232, L:/127.0.0.1:60887 - R:localhost/127.0.0.1:63500]
11:09:50.292 [Forwarding isElementEnabled on session 06a7ee6398e440d2026c6069e603f0eb to remote] DEBUG org.asynchttpclient.netty.request.NettyRequestSender - Using pooled Channel '[id: 0x30b79232, L:/127.0.0.1:60887 - R:localhost/127.0.0.1:63500]' for 'GET' to 'http://localhost:63500/session/06a7ee6398e440d2026c6069e603f0eb/element/b4e3c192-60d2-48cf-87c9-d02566095131/enabled'
11:09:50.292 [Forwarding isElementEnabled on session 06a7ee6398e440d2026c6069e603f0eb to remote] DEBUG org.asynchttpclient.netty.request.NettyRequestSender - Using open Channel [id: 0x30b79232, L:/127.0.0.1:60887 - R:localhost/127.0.0.1:63500] for GET '/session/06a7ee6398e440d2026c6069e603f0eb/element/b4e3c192-60d2-48cf-87c9-d02566095131/enabled'
11:09:50.311 [AsyncHttpClient-1-7] DEBUG org.asynchttpclient.netty.handler.HttpHandler - 

Request DefaultFullHttpRequest(decodeResult: success, version: HTTP/1.1, content: EmptyByteBufBE)
GET /session/06a7ee6398e440d2026c6069e603f0eb/element/b4e3c192-60d2-48cf-87c9-d02566095131/enabled HTTP/1.1
User-Agent: selenium/4.1.2 (java windows)
Cache-Control: no-cache
Content-Type: application/json; charset=utf-8
host: localhost:63500
accept: */*

Response DefaultHttpResponse(decodeResult: success, version: HTTP/1.1)
HTTP/1.1 200 OK
Content-Type: application/json; charset=utf-8
cache-control: no-cache
content-length: 14

11:09:50.312 [AsyncHttpClient-1-7] DEBUG org.asynchttpclient.netty.channel.ChannelManager - Adding key: http://localhost:63500 for channel [id: 0x30b79232, L:/127.0.0.1:60887 - R:localhost/127.0.0.1:63500]
11:09:50.314 [Forwarding isElementEnabled on session 06a7ee6398e440d2026c6069e603f0eb to remote] DEBUG org.asynchttpclient.netty.request.NettyRequestSender - Using pooled Channel '[id: 0x30b79232, L:/127.0.0.1:60887 - R:localhost/127.0.0.1:63500]' for 'GET' to 'http://localhost:63500/session/06a7ee6398e440d2026c6069e603f0eb/element/b4e3c192-60d2-48cf-87c9-d02566095131/enabled'
11:09:50.314 [Forwarding isElementEnabled on session 06a7ee6398e440d2026c6069e603f0eb to remote] DEBUG org.asynchttpclient.netty.request.NettyRequestSender - Using open Channel [id: 0x30b79232, L:/127.0.0.1:60887 - R:localhost/127.0.0.1:63500] for GET '/session/06a7ee6398e440d2026c6069e603f0eb/element/b4e3c192-60d2-48cf-87c9-d02566095131/enabled'
11:09:50.330 [AsyncHttpClient-1-7] DEBUG org.asynchttpclient.netty.handler.HttpHandler - 

Request DefaultFullHttpRequest(decodeResult: success, version: HTTP/1.1, content: EmptyByteBufBE)
GET /session/06a7ee6398e440d2026c6069e603f0eb/element/b4e3c192-60d2-48cf-87c9-d02566095131/enabled HTTP/1.1
User-Agent: selenium/4.1.2 (java windows)
Cache-Control: no-cache
Content-Type: application/json; charset=utf-8
host: localhost:63500
accept: */*

Response DefaultHttpResponse(decodeResult: success, version: HTTP/1.1)
HTTP/1.1 200 OK
Content-Type: application/json; charset=utf-8
cache-control: no-cache
content-length: 14

11:09:50.330 [AsyncHttpClient-1-7] DEBUG org.asynchttpclient.netty.channel.ChannelManager - Adding key: http://localhost:63500 for channel [id: 0x30b79232, L:/127.0.0.1:60887 - R:localhost/127.0.0.1:63500]
11:09:50.335 [Forwarding findElement on session 06a7ee6398e440d2026c6069e603f0eb to remote] DEBUG org.asynchttpclient.netty.request.NettyRequestSender - Using pooled Channel '[id: 0x30b79232, L:/127.0.0.1:60887 - R:localhost/127.0.0.1:63500]' for 'POST' to 'http://localhost:63500/session/06a7ee6398e440d2026c6069e603f0eb/element'
11:09:50.335 [Forwarding findElement on session 06a7ee6398e440d2026c6069e603f0eb to remote] DEBUG org.asynchttpclient.netty.request.NettyRequestSender - Using open Channel [id: 0x30b79232, L:/127.0.0.1:60887 - R:localhost/127.0.0.1:63500] for POST '/session/06a7ee6398e440d2026c6069e603f0eb/element'
11:09:50.355 [AsyncHttpClient-1-7] DEBUG org.asynchttpclient.netty.handler.HttpHandler - 

Request DefaultHttpRequest(decodeResult: success, version: HTTP/1.1)
POST /session/06a7ee6398e440d2026c6069e603f0eb/element HTTP/1.1
User-Agent: selenium/4.1.2 (java windows)
Content-Length: 81
Content-Type: application/json; charset=utf-8
host: localhost:63500
accept: */*

Response DefaultHttpResponse(decodeResult: success, version: HTTP/1.1)
HTTP/1.1 200 OK
Content-Type: application/json; charset=utf-8
cache-control: no-cache
content-length: 88

11:09:50.355 [AsyncHttpClient-1-7] DEBUG org.asynchttpclient.netty.channel.ChannelManager - Adding key: http://localhost:63500 for channel [id: 0x30b79232, L:/127.0.0.1:60887 - R:localhost/127.0.0.1:63500]
11:09:50.357 [Forwarding clickElement on session 06a7ee6398e440d2026c6069e603f0eb to remote] DEBUG org.asynchttpclient.netty.request.NettyRequestSender - Using pooled Channel '[id: 0x30b79232, L:/127.0.0.1:60887 - R:localhost/127.0.0.1:63500]' for 'POST' to 'http://localhost:63500/session/06a7ee6398e440d2026c6069e603f0eb/element/b4e3c192-60d2-48cf-87c9-d02566095131/click'
11:09:50.357 [Forwarding clickElement on session 06a7ee6398e440d2026c6069e603f0eb to remote] DEBUG org.asynchttpclient.netty.request.NettyRequestSender - Using open Channel [id: 0x30b79232, L:/127.0.0.1:60887 - R:localhost/127.0.0.1:63500] for POST '/session/06a7ee6398e440d2026c6069e603f0eb/element/b4e3c192-60d2-48cf-87c9-d02566095131/click'
11:09:50.443 [AsyncHttpClient-1-7] DEBUG org.asynchttpclient.netty.handler.HttpHandler - 

Request DefaultHttpRequest(decodeResult: success, version: HTTP/1.1)
POST /session/06a7ee6398e440d2026c6069e603f0eb/element/b4e3c192-60d2-48cf-87c9-d02566095131/click HTTP/1.1
User-Agent: selenium/4.1.2 (java windows)
Content-Length: 50
Content-Type: application/json; charset=utf-8
host: localhost:63500
accept: */*

Response DefaultHttpResponse(decodeResult: success, version: HTTP/1.1)
HTTP/1.1 200 OK
Content-Type: application/json; charset=utf-8
cache-control: no-cache
content-length: 14

11:09:50.443 [AsyncHttpClient-1-7] DEBUG org.asynchttpclient.netty.channel.ChannelManager - Adding key: http://localhost:63500 for channel [id: 0x30b79232, L:/127.0.0.1:60887 - R:localhost/127.0.0.1:63500]
11:09:50.464 [Forwarding screenshot on session 06a7ee6398e440d2026c6069e603f0eb to remote] DEBUG org.asynchttpclient.netty.request.NettyRequestSender - Using pooled Channel '[id: 0x30b79232, L:/127.0.0.1:60887 - R:localhost/127.0.0.1:63500]' for 'GET' to 'http://localhost:63500/session/06a7ee6398e440d2026c6069e603f0eb/screenshot'
11:09:50.464 [Forwarding screenshot on session 06a7ee6398e440d2026c6069e603f0eb to remote] DEBUG org.asynchttpclient.netty.request.NettyRequestSender - Using open Channel [id: 0x30b79232, L:/127.0.0.1:60887 - R:localhost/127.0.0.1:63500] for GET '/session/06a7ee6398e440d2026c6069e603f0eb/screenshot'
11:09:50.660 [AsyncHttpClient-1-7] DEBUG org.asynchttpclient.netty.handler.HttpHandler - 

Request DefaultFullHttpRequest(decodeResult: success, version: HTTP/1.1, content: EmptyByteBufBE)
GET /session/06a7ee6398e440d2026c6069e603f0eb/screenshot HTTP/1.1
User-Agent: selenium/4.1.2 (java windows)
Cache-Control: no-cache
Content-Type: application/json; charset=utf-8
host: localhost:63500
accept: */*

Response DefaultHttpResponse(decodeResult: success, version: HTTP/1.1)
HTTP/1.1 200 OK
Content-Type: application/json; charset=utf-8
cache-control: no-cache
content-length: 70052

11:09:50.660 [AsyncHttpClient-1-7] DEBUG org.asynchttpclient.netty.channel.ChannelManager - Adding key: http://localhost:63500 for channel [id: 0x30b79232, L:/127.0.0.1:60887 - R:localhost/127.0.0.1:63500]
11:09:50.669 [main] DEBUG net.serenitybdd.core.photography.Darkroom - Send negative for processing for target\site\serenity\22f890c950ec6ed5e561d56544ead8c38e8bdf00bbff3af93ed5e96ff21f9cd9.png
11:09:50.670 [main] DEBUG net.thucydides.core.steps.StepInterceptor - STEP DONE: clickButtonCategoryNama
  &amp#27;[32mWhen &amp#27;[0m&amp#27;[32mClick chose nama&amp#27;[0m                                   &amp#27;[90m# starter.stepdefinitios.PatientDataSteps.clickChoseNama()&amp#27;[0m
11:09:50.672 [Darkroom Processing Line] DEBUG net.serenitybdd.core.photography.DarkroomProcessingLine - Processing screenshot image in /var/screenshots/screenshot-9406757947085153190
11:09:50.672 [Darkroom Processing Line] DEBUG net.serenitybdd.core.photography.DarkroomProcessingLine - Saving screenshot to target\site\serenity\22f890c950ec6ed5e561d56544ead8c38e8bdf00bbff3af93ed5e96ff21f9cd9.png
11:09:50.739 [Forwarding screenshot on session 06a7ee6398e440d2026c6069e603f0eb to remote] DEBUG org.asynchttpclient.netty.request.NettyRequestSender - Using pooled Channel '[id: 0x30b79232, L:/127.0.0.1:60887 - R:localhost/127.0.0.1:63500]' for 'GET' to 'http://localhost:63500/session/06a7ee6398e440d2026c6069e603f0eb/screenshot'
11:09:50.739 [Forwarding screenshot on session 06a7ee6398e440d2026c6069e603f0eb to remote] DEBUG org.asynchttpclient.netty.request.NettyRequestSender - Using open Channel [id: 0x30b79232, L:/127.0.0.1:60887 - R:localhost/127.0.0.1:63500] for GET '/session/06a7ee6398e440d2026c6069e603f0eb/screenshot'
11:09:50.995 [AsyncHttpClient-1-7] DEBUG org.asynchttpclient.netty.handler.HttpHandler - 

Request DefaultFullHttpRequest(decodeResult: success, version: HTTP/1.1, content: EmptyByteBufBE)
GET /session/06a7ee6398e440d2026c6069e603f0eb/screenshot HTTP/1.1
User-Agent: selenium/4.1.2 (java windows)
Cache-Control: no-cache
Content-Type: application/json; charset=utf-8
host: localhost:63500
accept: */*

Response DefaultHttpResponse(decodeResult: success, version: HTTP/1.1)
HTTP/1.1 200 OK
Content-Type: application/json; charset=utf-8
cache-control: no-cache
content-length: 70052

11:09:50.996 [AsyncHttpClient-1-7] DEBUG org.asynchttpclient.netty.channel.ChannelManager - Adding key: http://localhost:63500 for channel [id: 0x30b79232, L:/127.0.0.1:60887 - R:localhost/127.0.0.1:63500]
11:09:51.003 [main] DEBUG net.serenitybdd.core.photography.Darkroom - Send negative for processing for target\site\serenity\22f890c950ec6ed5e561d56544ead8c38e8bdf00bbff3af93ed5e96ff21f9cd9.png
11:09:51.003 [main] DEBUG net.thucydides.core.steps.StepInterceptor - STARTING STEP: PatientDataSteps.inputDataCategory - inputDataCategory
11:09:51.009 [Forwarding findElement on session 06a7ee6398e440d2026c6069e603f0eb to remote] DEBUG org.asynchttpclient.netty.request.NettyRequestSender - Using pooled Channel '[id: 0x30b79232, L:/127.0.0.1:60887 - R:localhost/127.0.0.1:63500]' for 'POST' to 'http://localhost:63500/session/06a7ee6398e440d2026c6069e603f0eb/element'
11:09:51.009 [Forwarding findElement on session 06a7ee6398e440d2026c6069e603f0eb to remote] DEBUG org.asynchttpclient.netty.request.NettyRequestSender - Using open Channel [id: 0x30b79232, L:/127.0.0.1:60887 - R:localhost/127.0.0.1:63500] for POST '/session/06a7ee6398e440d2026c6069e603f0eb/element'
11:09:51.018 [AsyncHttpClient-1-1] DEBUG org.asynchttpclient.netty.channel.DefaultChannelPool - Entry count for : http://localhost:60889 : 1
11:09:51.041 [AsyncHttpClient-1-7] DEBUG org.asynchttpclient.netty.handler.HttpHandler - 

Request DefaultHttpRequest(decodeResult: success, version: HTTP/1.1)
POST /session/06a7ee6398e440d2026c6069e603f0eb/element HTTP/1.1
User-Agent: selenium/4.1.2 (java windows)
Content-Length: 102
Content-Type: application/json; charset=utf-8
host: localhost:63500
accept: */*

Response DefaultHttpResponse(decodeResult: success, version: HTTP/1.1)
HTTP/1.1 200 OK
Content-Type: application/json; charset=utf-8
cache-control: no-cache
content-length: 88

11:09:51.041 [AsyncHttpClient-1-7] DEBUG org.asynchttpclient.netty.channel.ChannelManager - Adding key: http://localhost:63500 for channel [id: 0x30b79232, L:/127.0.0.1:60887 - R:localhost/127.0.0.1:63500]
11:09:51.043 [Forwarding sendKeysToElement on session 06a7ee6398e440d2026c6069e603f0eb to remote] DEBUG org.asynchttpclient.netty.request.NettyRequestSender - Using pooled Channel '[id: 0x30b79232, L:/127.0.0.1:60887 - R:localhost/127.0.0.1:63500]' for 'POST' to 'http://localhost:63500/session/06a7ee6398e440d2026c6069e603f0eb/element/877ff157-9354-4bb3-a772-c19a620c3e1e/value'
11:09:51.043 [Forwarding sendKeysToElement on session 06a7ee6398e440d2026c6069e603f0eb to remote] DEBUG org.asynchttpclient.netty.request.NettyRequestSender - Using open Channel [id: 0x30b79232, L:/127.0.0.1:60887 - R:localhost/127.0.0.1:63500] for POST '/session/06a7ee6398e440d2026c6069e603f0eb/element/877ff157-9354-4bb3-a772-c19a620c3e1e/value'
11:09:51.243 [AsyncHttpClient-1-7] DEBUG org.asynchttpclient.netty.handler.HttpHandler - 

Request DefaultHttpRequest(decodeResult: success, version: HTTP/1.1)
POST /session/06a7ee6398e440d2026c6069e603f0eb/element/877ff157-9354-4bb3-a772-c19a620c3e1e/value HTTP/1.1
User-Agent: selenium/4.1.2 (java windows)
Content-Length: 131
Content-Type: application/json; charset=utf-8
host: localhost:63500
accept: */*

Response DefaultHttpResponse(decodeResult: success, version: HTTP/1.1)
HTTP/1.1 200 OK
Content-Type: application/json; charset=utf-8
cache-control: no-cache
content-length: 14

11:09:51.243 [AsyncHttpClient-1-7] DEBUG org.asynchttpclient.netty.channel.ChannelManager - Adding key: http://localhost:63500 for channel [id: 0x30b79232, L:/127.0.0.1:60887 - R:localhost/127.0.0.1:63500]
11:09:51.257 [Forwarding screenshot on session 06a7ee6398e440d2026c6069e603f0eb to remote] DEBUG org.asynchttpclient.netty.request.NettyRequestSender - Using pooled Channel '[id: 0x30b79232, L:/127.0.0.1:60887 - R:localhost/127.0.0.1:63500]' for 'GET' to 'http://localhost:63500/session/06a7ee6398e440d2026c6069e603f0eb/screenshot'
11:09:51.257 [Forwarding screenshot on session 06a7ee6398e440d2026c6069e603f0eb to remote] DEBUG org.asynchttpclient.netty.request.NettyRequestSender - Using open Channel [id: 0x30b79232, L:/127.0.0.1:60887 - R:localhost/127.0.0.1:63500] for GET '/session/06a7ee6398e440d2026c6069e603f0eb/screenshot'
11:09:51.424 [AsyncHttpClient-1-7] DEBUG org.asynchttpclient.netty.handler.HttpHandler - 

Request DefaultFullHttpRequest(decodeResult: success, version: HTTP/1.1, content: EmptyByteBufBE)
GET /session/06a7ee6398e440d2026c6069e603f0eb/screenshot HTTP/1.1
User-Agent: selenium/4.1.2 (java windows)
Cache-Control: no-cache
Content-Type: application/json; charset=utf-8
host: localhost:63500
accept: */*

Response DefaultHttpResponse(decodeResult: success, version: HTTP/1.1)
HTTP/1.1 200 OK
Content-Type: application/json; charset=utf-8
cache-control: no-cache
content-length: 69476

11:09:51.425 [AsyncHttpClient-1-7] DEBUG org.asynchttpclient.netty.channel.ChannelManager - Adding key: http://localhost:63500 for channel [id: 0x30b79232, L:/127.0.0.1:60887 - R:localhost/127.0.0.1:63500]
11:09:51.430 [main] DEBUG net.serenitybdd.core.photography.Darkroom - Send negative for processing for target\site\serenity\4df730023e2e67fb2aa863b6344f6d656d6091f9d639f4de330748c9b79a190b.png
11:09:51.430 [main] DEBUG net.thucydides.core.steps.StepInterceptor - STEP DONE: inputDataCategory
  &amp#27;[32mAnd &amp#27;[0m&amp#27;[32mInput data &amp#27;[0m&amp#27;[32m&amp#27;[1m"Bagas"&amp#27;[0m&amp#27;[32m category&amp#27;[0m                         &amp#27;[90m# starter.stepdefinitios.PatientDataSteps.inputDataCategory(java.lang.String)&amp#27;[0m
11:09:51.431 [Darkroom Processing Line] DEBUG net.serenitybdd.core.photography.DarkroomProcessingLine - Processing screenshot image in /var/screenshots/screenshot-4173942682845202054
11:09:51.431 [Darkroom Processing Line] DEBUG net.serenitybdd.core.photography.DarkroomProcessingLine - Saving screenshot to target\site\serenity\4df730023e2e67fb2aa863b6344f6d656d6091f9d639f4de330748c9b79a190b.png
11:09:51.995 [Forwarding screenshot on session 06a7ee6398e440d2026c6069e603f0eb to remote] DEBUG org.asynchttpclient.netty.request.NettyRequestSender - Using pooled Channel '[id: 0x30b79232, L:/127.0.0.1:60887 - R:localhost/127.0.0.1:63500]' for 'GET' to 'http://localhost:63500/session/06a7ee6398e440d2026c6069e603f0eb/screenshot'
11:09:51.995 [Forwarding screenshot on session 06a7ee6398e440d2026c6069e603f0eb to remote] DEBUG org.asynchttpclient.netty.request.NettyRequestSender - Using open Channel [id: 0x30b79232, L:/127.0.0.1:60887 - R:localhost/127.0.0.1:63500] for GET '/session/06a7ee6398e440d2026c6069e603f0eb/screenshot'
11:09:52.117 [AsyncHttpClient-1-1] DEBUG org.asynchttpclient.netty.channel.DefaultChannelPool - Entry count for : http://localhost:60889 : 1
11:09:52.157 [AsyncHttpClient-1-7] DEBUG org.asynchttpclient.netty.handler.HttpHandler - 

Request DefaultFullHttpRequest(decodeResult: success, version: HTTP/1.1, content: EmptyByteBufBE)
GET /session/06a7ee6398e440d2026c6069e603f0eb/screenshot HTTP/1.1
User-Agent: selenium/4.1.2 (java windows)
Cache-Control: no-cache
Content-Type: application/json; charset=utf-8
host: localhost:63500
accept: */*

Response DefaultHttpResponse(decodeResult: success, version: HTTP/1.1)
HTTP/1.1 200 OK
Content-Type: application/json; charset=utf-8
cache-control: no-cache
content-length: 69436

11:09:52.157 [AsyncHttpClient-1-7] DEBUG org.asynchttpclient.netty.channel.ChannelManager - Adding key: http://localhost:63500 for channel [id: 0x30b79232, L:/127.0.0.1:60887 - R:localhost/127.0.0.1:63500]
11:09:52.162 [main] DEBUG net.serenitybdd.core.photography.Darkroom - Send negative for processing for target\site\serenity\f49d02435959b52d58c8bbadf217c931f2958a5109ccdcd480be908e7d5321b4.png
11:09:52.163 [main] DEBUG net.thucydides.core.steps.StepInterceptor - STARTING STEP: PatientDataSteps.validDataCategoryPasien - validPagePasien
11:09:52.165 [Darkroom Processing Line] DEBUG net.serenitybdd.core.photography.DarkroomProcessingLine - Processing screenshot image in /var/screenshots/screenshot-13733521677167007181
11:09:52.166 [Darkroom Processing Line] DEBUG net.serenitybdd.core.photography.DarkroomProcessingLine - Saving screenshot to target\site\serenity\f49d02435959b52d58c8bbadf217c931f2958a5109ccdcd480be908e7d5321b4.png
11:09:52.169 [Forwarding findElement on session 06a7ee6398e440d2026c6069e603f0eb to remote] DEBUG org.asynchttpclient.netty.request.NettyRequestSender - Using pooled Channel '[id: 0x30b79232, L:/127.0.0.1:60887 - R:localhost/127.0.0.1:63500]' for 'POST' to 'http://localhost:63500/session/06a7ee6398e440d2026c6069e603f0eb/element'
11:09:52.169 [Forwarding findElement on session 06a7ee6398e440d2026c6069e603f0eb to remote] DEBUG org.asynchttpclient.netty.request.NettyRequestSender - Using open Channel [id: 0x30b79232, L:/127.0.0.1:60887 - R:localhost/127.0.0.1:63500] for POST '/session/06a7ee6398e440d2026c6069e603f0eb/element'
11:09:52.186 [AsyncHttpClient-1-7] DEBUG org.asynchttpclient.netty.handler.HttpHandler - 

Request DefaultHttpRequest(decodeResult: success, version: HTTP/1.1)
POST /session/06a7ee6398e440d2026c6069e603f0eb/element HTTP/1.1
User-Agent: selenium/4.1.2 (java windows)
Content-Length: 138
Content-Type: application/json; charset=utf-8
host: localhost:63500
accept: */*

Response DefaultHttpResponse(decodeResult: success, version: HTTP/1.1)
HTTP/1.1 200 OK
Content-Type: application/json; charset=utf-8
cache-control: no-cache
content-length: 88

11:09:52.186 [AsyncHttpClient-1-7] DEBUG org.asynchttpclient.netty.channel.ChannelManager - Adding key: http://localhost:63500 for channel [id: 0x30b79232, L:/127.0.0.1:60887 - R:localhost/127.0.0.1:63500]
11:09:52.187 [Forwarding isElementEnabled on session 06a7ee6398e440d2026c6069e603f0eb to remote] DEBUG org.asynchttpclient.netty.request.NettyRequestSender - Using pooled Channel '[id: 0x30b79232, L:/127.0.0.1:60887 - R:localhost/127.0.0.1:63500]' for 'GET' to 'http://localhost:63500/session/06a7ee6398e440d2026c6069e603f0eb/element/d17ef1b3-f11c-496a-83b9-0e292233f8cf/enabled'
11:09:52.188 [Forwarding isElementEnabled on session 06a7ee6398e440d2026c6069e603f0eb to remote] DEBUG org.asynchttpclient.netty.request.NettyRequestSender - Using open Channel [id: 0x30b79232, L:/127.0.0.1:60887 - R:localhost/127.0.0.1:63500] for GET '/session/06a7ee6398e440d2026c6069e603f0eb/element/d17ef1b3-f11c-496a-83b9-0e292233f8cf/enabled'
11:09:52.199 [AsyncHttpClient-1-7] DEBUG org.asynchttpclient.netty.handler.HttpHandler - 

Request DefaultFullHttpRequest(decodeResult: success, version: HTTP/1.1, content: EmptyByteBufBE)
GET /session/06a7ee6398e440d2026c6069e603f0eb/element/d17ef1b3-f11c-496a-83b9-0e292233f8cf/enabled HTTP/1.1
User-Agent: selenium/4.1.2 (java windows)
Cache-Control: no-cache
Content-Type: application/json; charset=utf-8
host: localhost:63500
accept: */*

Response DefaultHttpResponse(decodeResult: success, version: HTTP/1.1)
HTTP/1.1 200 OK
Content-Type: application/json; charset=utf-8
cache-control: no-cache
content-length: 14

11:09:52.200 [AsyncHttpClient-1-7] DEBUG org.asynchttpclient.netty.channel.ChannelManager - Adding key: http://localhost:63500 for channel [id: 0x30b79232, L:/127.0.0.1:60887 - R:localhost/127.0.0.1:63500]
11:09:52.211 [main] DEBUG net.thucydides.core.steps.StepInterceptor - STEP DONE: validPagePasien
  &amp#27;[32mThen &amp#27;[0m&amp#27;[32mValid data category pasien&amp#27;[0m                         &amp#27;[90m# starter.stepdefinitios.PatientDataSteps.validDataCategoryPasien()&amp#27;[0m
11:09:52.222 [Forwarding screenshot on session 06a7ee6398e440d2026c6069e603f0eb to remote] DEBUG org.asynchttpclient.netty.request.NettyRequestSender - Using pooled Channel '[id: 0x30b79232, L:/127.0.0.1:60887 - R:localhost/127.0.0.1:63500]' for 'GET' to 'http://localhost:63500/session/06a7ee6398e440d2026c6069e603f0eb/screenshot'
11:09:52.223 [Forwarding screenshot on session 06a7ee6398e440d2026c6069e603f0eb to remote] DEBUG org.asynchttpclient.netty.request.NettyRequestSender - Using open Channel [id: 0x30b79232, L:/127.0.0.1:60887 - R:localhost/127.0.0.1:63500] for GET '/session/06a7ee6398e440d2026c6069e603f0eb/screenshot'
11:09:52.395 [AsyncHttpClient-1-7] DEBUG org.asynchttpclient.netty.handler.HttpHandler - 

Request DefaultFullHttpRequest(decodeResult: success, version: HTTP/1.1, content: EmptyByteBufBE)
GET /session/06a7ee6398e440d2026c6069e603f0eb/screenshot HTTP/1.1
User-Agent: selenium/4.1.2 (java windows)
Cache-Control: no-cache
Content-Type: application/json; charset=utf-8
host: localhost:63500
accept: */*

Response DefaultHttpResponse(decodeResult: success, version: HTTP/1.1)
HTTP/1.1 200 OK
Content-Type: application/json; charset=utf-8
cache-control: no-cache
content-length: 69436

11:09:52.395 [AsyncHttpClient-1-7] DEBUG org.asynchttpclient.netty.channel.ChannelManager - Adding key: http://localhost:63500 for channel [id: 0x30b79232, L:/127.0.0.1:60887 - R:localhost/127.0.0.1:63500]
11:09:52.402 [main] DEBUG net.serenitybdd.core.photography.Darkroom - Send negative for processing for target\site\serenity\f49d02435959b52d58c8bbadf217c931f2958a5109ccdcd480be908e7d5321b4.png
11:09:52.405 [main] INFO  - 
  _____   ___   ___   _____     ___     _     ___   ___   ___   ___  
 |_   _| | __| / __| |_   _|   | _ \   /_\   / __| / __| | __| |   \ 
   | |   | _|  \__ \   | |     |  _/  / _ \  \__ \ \__ \ | _|  | |) |
   |_|   |___| |___/   |_|     |_|   /_/ \_\ |___/ |___/ |___| |___/ 

As a admin i want to delete data dokter
----------------------------------------------------------------------
11:09:52.408 [AsyncHttpClient-1-9] DEBUG org.asynchttpclient.netty.handler.WebSocketHandler - Channel Closed: [id: 0x1d679545, L:/127.0.0.1:60900 ! R:localhost/127.0.0.1:60889] with attribute NettyResponseFuture{currentRetry=5,
	isDone=1,
	isCancelled=0,
	asyncHandler=org.asynchttpclient.ws.WebSocketUpgradeHandler@43ce75a0,
	nettyRequest=org.asynchttpclient.netty.request.NettyRequest@ee11ae0,
	future=java.util.concurrent.CompletableFuture@7dc7e347[Completed normally],
	uri=ws://localhost:60889/devtools/browser/a2e613a1-99d9-4ba8-90f5-aaa0e58b9da8,
	keepAlive=true,
	redirectCount=0,
	timeoutsHolder=null,
	inAuth=0,
	touch=1655525386013}
11:09:52.408 [AsyncHttpClient-1-9] DEBUG org.asynchttpclient.netty.channel.ChannelManager - Closing Channel [id: 0x1d679545, L:/127.0.0.1:60900 ! R:localhost/127.0.0.1:60889] 
11:09:52.408 [Driver Command Executor] DEBUG org.asynchttpclient.netty.request.NettyRequestSender - Using pooled Channel '[id: 0x30b79232, L:/127.0.0.1:60887 - R:localhost/127.0.0.1:63500]' for 'DELETE' to 'http://localhost:63500/session/06a7ee6398e440d2026c6069e603f0eb'
11:09:52.409 [Driver Command Executor] DEBUG org.asynchttpclient.netty.request.NettyRequestSender - Using open Channel [id: 0x30b79232, L:/127.0.0.1:60887 - R:localhost/127.0.0.1:63500] for DELETE '/session/06a7ee6398e440d2026c6069e603f0eb'
11:09:52.631 [AsyncHttpClient-1-8] DEBUG org.asynchttpclient.netty.handler.HttpHandler - Unexpected I/O exception on channel [id: 0x1659ed39, L:/127.0.0.1:60899 - R:localhost/127.0.0.1:60889]
java.io.IOException: An existing connection was forcibly closed by the remote host
	at java.base/sun.nio.ch.SocketDispatcher.read0(Native Method)
	at java.base/sun.nio.ch.SocketDispatcher.read(SocketDispatcher.java:43)
	at java.base/sun.nio.ch.IOUtil.readIntoNativeBuffer(IOUtil.java:276)
	at java.base/sun.nio.ch.IOUtil.read(IOUtil.java:233)
	at java.base/sun.nio.ch.IOUtil.read(IOUtil.java:223)
	at java.base/sun.nio.ch.SocketChannelImpl.read(SocketChannelImpl.java:358)
	at io.netty.buffer.PooledByteBuf.setBytes(PooledByteBuf.java:258)
	at io.netty.buffer.AbstractByteBuf.writeBytes(AbstractByteBuf.java:1132)
	at io.netty.channel.socket.nio.NioSocketChannel.doReadBytes(NioSocketChannel.java:350)
	at io.netty.channel.nio.AbstractNioByteChannel$NioByteUnsafe.read(AbstractNioByteChannel.java:151)
	at io.netty.channel.nio.NioEventLoop.processSelectedKey(NioEventLoop.java:722)
	at io.netty.channel.nio.NioEventLoop.processSelectedKeysOptimized(NioEventLoop.java:658)
	at io.netty.channel.nio.NioEventLoop.processSelectedKeys(NioEventLoop.java:584)
	at io.netty.channel.nio.NioEventLoop.run(NioEventLoop.java:496)
	at io.netty.util.concurrent.SingleThreadEventExecutor$4.run(SingleThreadEventExecutor.java:986)
	at io.netty.util.internal.ThreadExecutorMap$2.run(ThreadExecutorMap.java:74)
	at io.netty.util.concurrent.FastThreadLocalRunnable.run(FastThreadLocalRunnable.java:30)
	at java.base/java.lang.Thread.run(Thread.java:834)
11:09:52.636 [AsyncHttpClient-1-8] DEBUG org.asynchttpclient.netty.channel.ChannelManager - Closing Channel [id: 0x1659ed39, L:/127.0.0.1:60899 - R:localhost/127.0.0.1:60889] 
11:09:52.637 [AsyncHttpClient-1-8] DEBUG org.asynchttpclient.netty.handler.HttpHandler - Channel Closed: [id: 0x1659ed39, L:/127.0.0.1:60899 ! R:localhost/127.0.0.1:60889] with attribute DISCARD
11:09:52.675 [AsyncHttpClient-1-7] DEBUG org.asynchttpclient.netty.handler.HttpHandler - 

Request DefaultFullHttpRequest(decodeResult: success, version: HTTP/1.1, content: EmptyByteBufBE)
DELETE /session/06a7ee6398e440d2026c6069e603f0eb HTTP/1.1
User-Agent: selenium/4.1.2 (java windows)
Content-Type: application/json; charset=utf-8
host: localhost:63500
accept: */*

Response DefaultHttpResponse(decodeResult: success, version: HTTP/1.1)
HTTP/1.1 200 OK
Content-Type: application/json; charset=utf-8
cache-control: no-cache
content-length: 14

11:09:52.676 [AsyncHttpClient-1-7] DEBUG org.asynchttpclient.netty.channel.ChannelManager - Adding key: http://localhost:63500 for channel [id: 0x30b79232, L:/127.0.0.1:60887 - R:localhost/127.0.0.1:63500]
11:09:53.074 [AsyncHttpClient-1-7] DEBUG org.asynchttpclient.netty.handler.HttpHandler - Channel Closed: [id: 0x30b79232, L:/127.0.0.1:60887 ! R:localhost/127.0.0.1:63500] with attribute DISCARD
11:09:53.213 [AsyncHttpClient-1-1] DEBUG org.asynchttpclient.netty.channel.DefaultChannelPool - Entry count for : http://localhost:63500 : 1
11:09:53.213 [AsyncHttpClient-1-1] DEBUG org.asynchttpclient.netty.channel.DefaultChannelPool - Entry count for : http://localhost:60889 : 1
11:09:53.213 [AsyncHttpClient-1-1] DEBUG org.asynchttpclient.netty.channel.DefaultChannelPool - Adding Candidate expired Channel [id: 0x30b79232, L:/127.0.0.1:60887 ! R:localhost/127.0.0.1:63500] isIdleTimeoutExpired=false isRemotelyClosed=true isTtlExpired=false
11:09:53.213 [AsyncHttpClient-1-1] DEBUG org.asynchttpclient.netty.channel.DefaultChannelPool - Closing Idle Channel [id: 0x30b79232, L:/127.0.0.1:60887 ! R:localhost/127.0.0.1:63500]
11:09:53.213 [AsyncHttpClient-1-1] DEBUG org.asynchttpclient.netty.channel.DefaultChannelPool - Adding Candidate expired Channel [id: 0x1659ed39, L:/127.0.0.1:60899 ! R:localhost/127.0.0.1:60889] isIdleTimeoutExpired=false isRemotelyClosed=true isTtlExpired=false
11:09:53.213 [AsyncHttpClient-1-1] DEBUG org.asynchttpclient.netty.channel.DefaultChannelPool - Closing Idle Channel [id: 0x1659ed39, L:/127.0.0.1:60899 ! R:localhost/127.0.0.1:60889]
11:09:53.213 [AsyncHttpClient-1-1] DEBUG org.asynchttpclient.netty.channel.DefaultChannelPool - Closed 2 connections out of 2 in 0 ms
]]></system-out>
    <system-err><![CDATA[Starting ChromeDriver 102.0.5005.61 (0e59bcc00cc4985ce39ad31c150065f159d95ad3-refs/branch-heads/5005@{#819}) on port 63500
Only local connections are allowed.
Please see https://chromedriver.chromium.org/security-considerations for suggestions on keeping ChromeDriver safe.
ChromeDriver was started successfully.
Jun 18, 2022 11:09:45 AM org.openqa.selenium.remote.ProtocolHandshake createSession
INFO: Detected dialect: W3C
Jun 18, 2022 11:09:46 AM org.openqa.selenium.devtools.CdpVersionFinder findNearestMatch
WARNING: Unable to find an exact match for CDP version 102, so returning the closest version found: a no-op implementation
Jun 18, 2022 11:09:46 AM org.openqa.selenium.devtools.CdpVersionFinder findNearestMatch
INFO: Unable to find CDP implementation matching 102.
Jun 18, 2022 11:09:46 AM org.openqa.selenium.chromium.ChromiumDriver lambda$new$3
WARNING: Unable to find version of CDP to use for . You may need to include a dependency on a specific version of the CDP using something similar to `org.seleniumhq.selenium:selenium-devtools-v86:4.1.2` where the version ("v86") matches the version of the chromium-based browser you're using and the version number of the artifact is the same as Selenium's.
]]></system-err>
  </testcase>
  <testcase name="As a admin i want to delete data dokter #3" classname="Data Dokter Admin" time="11.621">
    <system-out><![CDATA[
@DataDokter @SearchDokterData
Scenario Outline: As a admin i want to delete data dokter &amp#27;[90m# src/test/resources/features/2DataDokter.feature:67&amp#27;[0m
11:09:53.635 [main] INFO io.cucumber.core.plugin.SerenityReporter - Running feature from file:///D:/New%20folder%20(2)/Capstone/Testing/src/test/resources/features/2DataDokter.feature
11:09:53.731 [main] DEBUG net.thucydides.core.steps.StepInterceptor - STARTING STEP: DokterDataSteps.openPageDataDokter - openDataDokter
11:09:53.734 [main] INFO net.serenitybdd.core.webdriver.driverproviders.ChromeDriverProvider - Using automatically driver download
11:09:54.044 [main] DEBUG io.github.bonigarcia.wdm.cache.ResolutionCache - Resolution chrome=102 in cache (valid until 11:10:23 18/06/2022 ICT)
11:09:54.056 [main] DEBUG io.github.bonigarcia.wdm.cache.ResolutionCache - Resolution chrome102=102.0.5005.61 in cache (valid until 19:49:35 18/06/2022 ICT)
11:09:54.068 [main] INFO io.github.bonigarcia.wdm.WebDriverManager - Using chromedriver 102.0.5005.61 (resolved driver for Chrome 102)
11:09:54.117 [main] DEBUG io.github.bonigarcia.wdm.WebDriverManager - Driver chromedriver 102.0.5005.61 found in cache
11:09:54.121 [main] INFO io.github.bonigarcia.wdm.WebDriverManager - Exporting webdriver.chrome.driver as C:\Users\ASUS\.cache\selenium\chromedriver\win32\102.0.5005.61\chromedriver.exe
11:09:54.410 [main] DEBUG net.serenitybdd.core.webdriver.driverproviders.ProvideNewDriver - Instantiating driver
11:09:54.410 [main] DEBUG net.serenitybdd.core.webdriver.driverproviders.ProvideNewDriver - Driver capabilities: Capabilities {acceptInsecureCerts: false, base.url: https://fanciful-trifle-360..., browserName: chrome, chore.driver: src/test/resources/webdrive..., driver: chrome, goog:chromeOptions: {args: [], extensions: []}}
11:09:54.969 [AsyncHttpClient-1-2] DEBUG org.asynchttpclient.netty.channel.NettyConnectListener - Using new Channel '[id: 0x35944625, L:/127.0.0.1:60923 - R:localhost/127.0.0.1:51919]' for 'POST' to '/session'
11:09:56.995 [AsyncHttpClient-1-2] DEBUG org.asynchttpclient.netty.handler.HttpHandler - 

Request DefaultHttpRequest(decodeResult: success, version: HTTP/1.1)
POST /session HTTP/1.1
User-Agent: selenium/4.1.2 (java windows)
Content-Length: 628
Content-Type: application/json; charset=utf-8
host: localhost:51919
accept: */*

Response DefaultHttpResponse(decodeResult: success, version: HTTP/1.1)
HTTP/1.1 200 OK
Content-Type: application/json; charset=utf-8
cache-control: no-cache
content-length: 789

11:09:56.995 [AsyncHttpClient-1-2] DEBUG org.asynchttpclient.netty.channel.ChannelManager - Adding key: http://localhost:51919 for channel [id: 0x35944625, L:/127.0.0.1:60923 - R:localhost/127.0.0.1:51919]
11:09:57.021 [AsyncHttpClient-1-3] DEBUG org.asynchttpclient.netty.channel.NettyConnectListener - Using new Channel '[id: 0xbd03733e, L:/127.0.0.1:60935 - R:localhost/127.0.0.1:60925]' for 'GET' to '/json/version'
11:09:57.028 [AsyncHttpClient-1-3] DEBUG org.asynchttpclient.netty.handler.HttpHandler - 

Request DefaultFullHttpRequest(decodeResult: success, version: HTTP/1.1, content: EmptyByteBufBE)
GET /json/version HTTP/1.1
User-Agent: selenium/4.1.2 (java windows)
host: localhost:60925
accept: */*

Response DefaultHttpResponse(decodeResult: success, version: HTTP/1.1)
HTTP/1.1 200 OK
Content-Type: application/json; charset=UTF-8
content-length: 428

11:09:57.028 [AsyncHttpClient-1-3] DEBUG org.asynchttpclient.netty.channel.ChannelManager - Adding key: http://localhost:60925 for channel [id: 0xbd03733e, L:/127.0.0.1:60935 - R:localhost/127.0.0.1:60925]
11:09:57.041 [AsyncHttpClient-1-4] DEBUG org.asynchttpclient.netty.channel.NettyConnectListener - Using new Channel '[id: 0xc57d8efc, L:/127.0.0.1:60936 - R:localhost/127.0.0.1:60925]' for 'GET' to '/devtools/browser/5b3bbffd-fd84-4bc2-91c1-f5dadfc9d4a0'
11:09:57.058 [AsyncHttpClient-1-4] DEBUG org.asynchttpclient.netty.handler.WebSocketHandler - 

Request DefaultFullHttpRequest(decodeResult: success, version: HTTP/1.1, content: EmptyByteBufBE)
GET /devtools/browser/5b3bbffd-fd84-4bc2-91c1-f5dadfc9d4a0 HTTP/1.1
upgrade: websocket
connection: upgrade
sec-websocket-key: q/ycp2aaNDDN8un6R1ZDuA==
sec-websocket-version: 13
origin: http://localhost:60925
host: localhost:60925
accept: */*
user-agent: AHC/2.1

Response DefaultHttpResponse(decodeResult: success, version: HTTP/1.1)
HTTP/1.1 101 WebSocket Protocol Handshake
Upgrade: WebSocket
Connection: Upgrade
Sec-WebSocket-Accept: CFp4j26ZEwG6G+ybJF/GqVWD2Dg=

11:09:57.074 [Forwarding get on session c7443379e3a7502b397f69ab32185320 to remote] DEBUG org.asynchttpclient.netty.request.NettyRequestSender - Using pooled Channel '[id: 0x35944625, L:/127.0.0.1:60923 - R:localhost/127.0.0.1:51919]' for 'POST' to 'http://localhost:51919/session/c7443379e3a7502b397f69ab32185320/url'
11:09:57.074 [Forwarding get on session c7443379e3a7502b397f69ab32185320 to remote] DEBUG org.asynchttpclient.netty.request.NettyRequestSender - Using open Channel [id: 0x35944625, L:/127.0.0.1:60923 - R:localhost/127.0.0.1:51919] for POST '/session/c7443379e3a7502b397f69ab32185320/url'
11:09:57.617 [AsyncHttpClient-1-1] DEBUG org.asynchttpclient.netty.channel.DefaultChannelPool - Entry count for : http://localhost:60925 : 1
11:09:58.726 [AsyncHttpClient-1-1] DEBUG org.asynchttpclient.netty.channel.DefaultChannelPool - Entry count for : http://localhost:60925 : 1
11:09:58.810 [AsyncHttpClient-1-2] DEBUG org.asynchttpclient.netty.handler.HttpHandler - 

Request DefaultHttpRequest(decodeResult: success, version: HTTP/1.1)
POST /session/c7443379e3a7502b397f69ab32185320/url HTTP/1.1
User-Agent: selenium/4.1.2 (java windows)
Content-Length: 84
Content-Type: application/json; charset=utf-8
host: localhost:51919
accept: */*

Response DefaultHttpResponse(decodeResult: success, version: HTTP/1.1)
HTTP/1.1 200 OK
Content-Type: application/json; charset=utf-8
cache-control: no-cache
content-length: 14

11:09:58.810 [AsyncHttpClient-1-2] DEBUG org.asynchttpclient.netty.channel.ChannelManager - Adding key: http://localhost:51919 for channel [id: 0x35944625, L:/127.0.0.1:60923 - R:localhost/127.0.0.1:51919]
11:09:58.812 [Forwarding setTimeout on session c7443379e3a7502b397f69ab32185320 to remote] DEBUG org.asynchttpclient.netty.request.NettyRequestSender - Using pooled Channel '[id: 0x35944625, L:/127.0.0.1:60923 - R:localhost/127.0.0.1:51919]' for 'POST' to 'http://localhost:51919/session/c7443379e3a7502b397f69ab32185320/timeouts'
11:09:58.812 [Forwarding setTimeout on session c7443379e3a7502b397f69ab32185320 to remote] DEBUG org.asynchttpclient.netty.request.NettyRequestSender - Using open Channel [id: 0x35944625, L:/127.0.0.1:60923 - R:localhost/127.0.0.1:51919] for POST '/session/c7443379e3a7502b397f69ab32185320/timeouts'
11:09:58.815 [AsyncHttpClient-1-2] DEBUG org.asynchttpclient.netty.handler.HttpHandler - 

Request DefaultHttpRequest(decodeResult: success, version: HTTP/1.1)
POST /session/c7443379e3a7502b397f69ab32185320/timeouts HTTP/1.1
User-Agent: selenium/4.1.2 (java windows)
Content-Length: 22
Content-Type: application/json; charset=utf-8
host: localhost:51919
accept: */*

Response DefaultHttpResponse(decodeResult: success, version: HTTP/1.1)
HTTP/1.1 200 OK
Content-Type: application/json; charset=utf-8
cache-control: no-cache
content-length: 14

11:09:58.816 [AsyncHttpClient-1-2] DEBUG org.asynchttpclient.netty.channel.ChannelManager - Adding key: http://localhost:51919 for channel [id: 0x35944625, L:/127.0.0.1:60923 - R:localhost/127.0.0.1:51919]
11:09:58.836 [Forwarding getCurrentUrl on session c7443379e3a7502b397f69ab32185320 to remote] DEBUG org.asynchttpclient.netty.request.NettyRequestSender - Using pooled Channel '[id: 0x35944625, L:/127.0.0.1:60923 - R:localhost/127.0.0.1:51919]' for 'GET' to 'http://localhost:51919/session/c7443379e3a7502b397f69ab32185320/url'
11:09:58.836 [Forwarding getCurrentUrl on session c7443379e3a7502b397f69ab32185320 to remote] DEBUG org.asynchttpclient.netty.request.NettyRequestSender - Using open Channel [id: 0x35944625, L:/127.0.0.1:60923 - R:localhost/127.0.0.1:51919] for GET '/session/c7443379e3a7502b397f69ab32185320/url'
11:09:59.371 [AsyncHttpClient-1-2] DEBUG org.asynchttpclient.netty.handler.HttpHandler - 

Request DefaultFullHttpRequest(decodeResult: success, version: HTTP/1.1, content: EmptyByteBufBE)
GET /session/c7443379e3a7502b397f69ab32185320/url HTTP/1.1
User-Agent: selenium/4.1.2 (java windows)
Cache-Control: no-cache
Content-Type: application/json; charset=utf-8
host: localhost:51919
accept: */*

Response DefaultHttpResponse(decodeResult: success, version: HTTP/1.1)
HTTP/1.1 200 OK
Content-Type: application/json; charset=utf-8
cache-control: no-cache
content-length: 66

11:09:59.372 [AsyncHttpClient-1-2] DEBUG org.asynchttpclient.netty.channel.ChannelManager - Adding key: http://localhost:51919 for channel [id: 0x35944625, L:/127.0.0.1:60923 - R:localhost/127.0.0.1:51919]
11:09:59.391 [Forwarding screenshot on session c7443379e3a7502b397f69ab32185320 to remote] DEBUG org.asynchttpclient.netty.request.NettyRequestSender - Using pooled Channel '[id: 0x35944625, L:/127.0.0.1:60923 - R:localhost/127.0.0.1:51919]' for 'GET' to 'http://localhost:51919/session/c7443379e3a7502b397f69ab32185320/screenshot'
11:09:59.391 [Forwarding screenshot on session c7443379e3a7502b397f69ab32185320 to remote] DEBUG org.asynchttpclient.netty.request.NettyRequestSender - Using open Channel [id: 0x35944625, L:/127.0.0.1:60923 - R:localhost/127.0.0.1:51919] for GET '/session/c7443379e3a7502b397f69ab32185320/screenshot'
11:09:59.813 [AsyncHttpClient-1-1] DEBUG org.asynchttpclient.netty.channel.DefaultChannelPool - Entry count for : http://localhost:60925 : 1
11:10:00.099 [AsyncHttpClient-1-2] DEBUG org.asynchttpclient.netty.handler.HttpHandler - 

Request DefaultFullHttpRequest(decodeResult: success, version: HTTP/1.1, content: EmptyByteBufBE)
GET /session/c7443379e3a7502b397f69ab32185320/screenshot HTTP/1.1
User-Agent: selenium/4.1.2 (java windows)
Cache-Control: no-cache
Content-Type: application/json; charset=utf-8
host: localhost:51919
accept: */*

Response DefaultHttpResponse(decodeResult: success, version: HTTP/1.1)
HTTP/1.1 200 OK
Content-Type: application/json; charset=utf-8
cache-control: no-cache
content-length: 71412

11:10:00.100 [AsyncHttpClient-1-2] DEBUG org.asynchttpclient.netty.channel.ChannelManager - Adding key: http://localhost:51919 for channel [id: 0x35944625, L:/127.0.0.1:60923 - R:localhost/127.0.0.1:51919]
11:10:00.111 [main] DEBUG net.serenitybdd.core.photography.Darkroom - Send negative for processing for target\site\serenity\641553ea0c7ee1350e9d99c43bd8b22ab0037bbbf11d544d65f62061eb96ca5a.png
11:10:00.111 [main] DEBUG net.thucydides.core.steps.StepInterceptor - STEP DONE: openDataDokter
  &amp#27;[32mGiven &amp#27;[0m&amp#27;[32mOpen page data dokter&amp#27;[0m                             &amp#27;[90m# starter.stepdefinitios.DokterDataSteps.openPageDataDokter()&amp#27;[0m
11:10:00.657 [Forwarding screenshot on session c7443379e3a7502b397f69ab32185320 to remote] DEBUG org.asynchttpclient.netty.request.NettyRequestSender - Using pooled Channel '[id: 0x35944625, L:/127.0.0.1:60923 - R:localhost/127.0.0.1:51919]' for 'GET' to 'http://localhost:51919/session/c7443379e3a7502b397f69ab32185320/screenshot'
11:10:00.657 [Forwarding screenshot on session c7443379e3a7502b397f69ab32185320 to remote] DEBUG org.asynchttpclient.netty.request.NettyRequestSender - Using open Channel [id: 0x35944625, L:/127.0.0.1:60923 - R:localhost/127.0.0.1:51919] for GET '/session/c7443379e3a7502b397f69ab32185320/screenshot'
11:10:00.855 [AsyncHttpClient-1-2] DEBUG org.asynchttpclient.netty.handler.HttpHandler - 

Request DefaultFullHttpRequest(decodeResult: success, version: HTTP/1.1, content: EmptyByteBufBE)
GET /session/c7443379e3a7502b397f69ab32185320/screenshot HTTP/1.1
User-Agent: selenium/4.1.2 (java windows)
Cache-Control: no-cache
Content-Type: application/json; charset=utf-8
host: localhost:51919
accept: */*

Response DefaultHttpResponse(decodeResult: success, version: HTTP/1.1)
HTTP/1.1 200 OK
Content-Type: application/json; charset=utf-8
cache-control: no-cache
content-length: 70512

11:10:00.856 [AsyncHttpClient-1-2] DEBUG org.asynchttpclient.netty.channel.ChannelManager - Adding key: http://localhost:51919 for channel [id: 0x35944625, L:/127.0.0.1:60923 - R:localhost/127.0.0.1:51919]
11:10:00.862 [main] DEBUG net.serenitybdd.core.photography.Darkroom - Send negative for processing for target\site\serenity\9f5a2981678063aebcc99b55c6e9b462c42dadd19ae1045cc5d4fce7760671e5.png
11:10:00.863 [main] DEBUG net.thucydides.core.steps.StepInterceptor - STARTING STEP: DokterDataSteps.clickSearchAllCategoryDokterData - validPagePasien
11:10:00.872 [Forwarding findElement on session c7443379e3a7502b397f69ab32185320 to remote] DEBUG org.asynchttpclient.netty.request.NettyRequestSender - Using pooled Channel '[id: 0x35944625, L:/127.0.0.1:60923 - R:localhost/127.0.0.1:51919]' for 'POST' to 'http://localhost:51919/session/c7443379e3a7502b397f69ab32185320/element'
11:10:00.872 [Forwarding findElement on session c7443379e3a7502b397f69ab32185320 to remote] DEBUG org.asynchttpclient.netty.request.NettyRequestSender - Using open Channel [id: 0x35944625, L:/127.0.0.1:60923 - R:localhost/127.0.0.1:51919] for POST '/session/c7443379e3a7502b397f69ab32185320/element'
11:10:00.900 [AsyncHttpClient-1-2] DEBUG org.asynchttpclient.netty.handler.HttpHandler - 

Request DefaultHttpRequest(decodeResult: success, version: HTTP/1.1)
POST /session/c7443379e3a7502b397f69ab32185320/element HTTP/1.1
User-Agent: selenium/4.1.2 (java windows)
Content-Length: 138
Content-Type: application/json; charset=utf-8
host: localhost:51919
accept: */*

Response DefaultHttpResponse(decodeResult: success, version: HTTP/1.1)
HTTP/1.1 200 OK
Content-Type: application/json; charset=utf-8
cache-control: no-cache
content-length: 88

11:10:00.901 [AsyncHttpClient-1-2] DEBUG org.asynchttpclient.netty.channel.ChannelManager - Adding key: http://localhost:51919 for channel [id: 0x35944625, L:/127.0.0.1:60923 - R:localhost/127.0.0.1:51919]
11:10:00.902 [Forwarding isElementEnabled on session c7443379e3a7502b397f69ab32185320 to remote] DEBUG org.asynchttpclient.netty.request.NettyRequestSender - Using pooled Channel '[id: 0x35944625, L:/127.0.0.1:60923 - R:localhost/127.0.0.1:51919]' for 'GET' to 'http://localhost:51919/session/c7443379e3a7502b397f69ab32185320/element/ab8190fc-a217-4118-b885-32d93ff17651/enabled'
11:10:00.902 [Forwarding isElementEnabled on session c7443379e3a7502b397f69ab32185320 to remote] DEBUG org.asynchttpclient.netty.request.NettyRequestSender - Using open Channel [id: 0x35944625, L:/127.0.0.1:60923 - R:localhost/127.0.0.1:51919] for GET '/session/c7443379e3a7502b397f69ab32185320/element/ab8190fc-a217-4118-b885-32d93ff17651/enabled'
11:10:00.913 [AsyncHttpClient-1-1] DEBUG org.asynchttpclient.netty.channel.DefaultChannelPool - Entry count for : http://localhost:60925 : 1
11:10:00.922 [AsyncHttpClient-1-2] DEBUG org.asynchttpclient.netty.handler.HttpHandler - 

Request DefaultFullHttpRequest(decodeResult: success, version: HTTP/1.1, content: EmptyByteBufBE)
GET /session/c7443379e3a7502b397f69ab32185320/element/ab8190fc-a217-4118-b885-32d93ff17651/enabled HTTP/1.1
User-Agent: selenium/4.1.2 (java windows)
Cache-Control: no-cache
Content-Type: application/json; charset=utf-8
host: localhost:51919
accept: */*

Response DefaultHttpResponse(decodeResult: success, version: HTTP/1.1)
HTTP/1.1 200 OK
Content-Type: application/json; charset=utf-8
cache-control: no-cache
content-length: 14

11:10:00.923 [AsyncHttpClient-1-2] DEBUG org.asynchttpclient.netty.channel.ChannelManager - Adding key: http://localhost:51919 for channel [id: 0x35944625, L:/127.0.0.1:60923 - R:localhost/127.0.0.1:51919]
11:10:00.932 [Forwarding screenshot on session c7443379e3a7502b397f69ab32185320 to remote] DEBUG org.asynchttpclient.netty.request.NettyRequestSender - Using pooled Channel '[id: 0x35944625, L:/127.0.0.1:60923 - R:localhost/127.0.0.1:51919]' for 'GET' to 'http://localhost:51919/session/c7443379e3a7502b397f69ab32185320/screenshot'
11:10:00.932 [Forwarding screenshot on session c7443379e3a7502b397f69ab32185320 to remote] DEBUG org.asynchttpclient.netty.request.NettyRequestSender - Using open Channel [id: 0x35944625, L:/127.0.0.1:60923 - R:localhost/127.0.0.1:51919] for GET '/session/c7443379e3a7502b397f69ab32185320/screenshot'
11:10:01.091 [AsyncHttpClient-1-2] DEBUG org.asynchttpclient.netty.handler.HttpHandler - 

Request DefaultFullHttpRequest(decodeResult: success, version: HTTP/1.1, content: EmptyByteBufBE)
GET /session/c7443379e3a7502b397f69ab32185320/screenshot HTTP/1.1
User-Agent: selenium/4.1.2 (java windows)
Cache-Control: no-cache
Content-Type: application/json; charset=utf-8
host: localhost:51919
accept: */*

Response DefaultHttpResponse(decodeResult: success, version: HTTP/1.1)
HTTP/1.1 200 OK
Content-Type: application/json; charset=utf-8
cache-control: no-cache
content-length: 70512

11:10:01.092 [AsyncHttpClient-1-2] DEBUG org.asynchttpclient.netty.channel.ChannelManager - Adding key: http://localhost:51919 for channel [id: 0x35944625, L:/127.0.0.1:60923 - R:localhost/127.0.0.1:51919]
11:10:01.097 [main] DEBUG net.serenitybdd.core.photography.Darkroom - Send negative for processing for target\site\serenity\9f5a2981678063aebcc99b55c6e9b462c42dadd19ae1045cc5d4fce7760671e5.png
11:10:01.098 [main] DEBUG net.thucydides.core.steps.StepInterceptor - STEP DONE: validPagePasien
  &amp#27;[32mAnd &amp#27;[0m&amp#27;[32mClick search all category dokter data&amp#27;[0m               &amp#27;[90m# starter.stepdefinitios.DokterDataSteps.clickSearchAllCategoryDokterData()&amp#27;[0m
11:10:01.168 [Forwarding screenshot on session c7443379e3a7502b397f69ab32185320 to remote] DEBUG org.asynchttpclient.netty.request.NettyRequestSender - Using pooled Channel '[id: 0x35944625, L:/127.0.0.1:60923 - R:localhost/127.0.0.1:51919]' for 'GET' to 'http://localhost:51919/session/c7443379e3a7502b397f69ab32185320/screenshot'
11:10:01.168 [Forwarding screenshot on session c7443379e3a7502b397f69ab32185320 to remote] DEBUG org.asynchttpclient.netty.request.NettyRequestSender - Using open Channel [id: 0x35944625, L:/127.0.0.1:60923 - R:localhost/127.0.0.1:51919] for GET '/session/c7443379e3a7502b397f69ab32185320/screenshot'
11:10:01.331 [AsyncHttpClient-1-2] DEBUG org.asynchttpclient.netty.handler.HttpHandler - 

Request DefaultFullHttpRequest(decodeResult: success, version: HTTP/1.1, content: EmptyByteBufBE)
GET /session/c7443379e3a7502b397f69ab32185320/screenshot HTTP/1.1
User-Agent: selenium/4.1.2 (java windows)
Cache-Control: no-cache
Content-Type: application/json; charset=utf-8
host: localhost:51919
accept: */*

Response DefaultHttpResponse(decodeResult: success, version: HTTP/1.1)
HTTP/1.1 200 OK
Content-Type: application/json; charset=utf-8
cache-control: no-cache
content-length: 70512

11:10:01.332 [AsyncHttpClient-1-2] DEBUG org.asynchttpclient.netty.channel.ChannelManager - Adding key: http://localhost:51919 for channel [id: 0x35944625, L:/127.0.0.1:60923 - R:localhost/127.0.0.1:51919]
11:10:01.344 [main] DEBUG net.serenitybdd.core.photography.Darkroom - Send negative for processing for target\site\serenity\9f5a2981678063aebcc99b55c6e9b462c42dadd19ae1045cc5d4fce7760671e5.png
11:10:01.345 [main] DEBUG net.thucydides.core.steps.StepInterceptor - STARTING STEP: PatientDataSteps.clickChoseNama - clickButtonCategoryNama
11:10:01.353 [Forwarding findElement on session c7443379e3a7502b397f69ab32185320 to remote] DEBUG org.asynchttpclient.netty.request.NettyRequestSender - Using pooled Channel '[id: 0x35944625, L:/127.0.0.1:60923 - R:localhost/127.0.0.1:51919]' for 'POST' to 'http://localhost:51919/session/c7443379e3a7502b397f69ab32185320/element'
11:10:01.353 [Forwarding findElement on session c7443379e3a7502b397f69ab32185320 to remote] DEBUG org.asynchttpclient.netty.request.NettyRequestSender - Using open Channel [id: 0x35944625, L:/127.0.0.1:60923 - R:localhost/127.0.0.1:51919] for POST '/session/c7443379e3a7502b397f69ab32185320/element'
11:10:01.389 [AsyncHttpClient-1-2] DEBUG org.asynchttpclient.netty.handler.HttpHandler - 

Request DefaultHttpRequest(decodeResult: success, version: HTTP/1.1)
POST /session/c7443379e3a7502b397f69ab32185320/element HTTP/1.1
User-Agent: selenium/4.1.2 (java windows)
Content-Length: 81
Content-Type: application/json; charset=utf-8
host: localhost:51919
accept: */*

Response DefaultHttpResponse(decodeResult: success, version: HTTP/1.1)
HTTP/1.1 200 OK
Content-Type: application/json; charset=utf-8
cache-control: no-cache
content-length: 88

11:10:01.389 [AsyncHttpClient-1-2] DEBUG org.asynchttpclient.netty.channel.ChannelManager - Adding key: http://localhost:51919 for channel [id: 0x35944625, L:/127.0.0.1:60923 - R:localhost/127.0.0.1:51919]
11:10:01.391 [Forwarding getElementTagName on session c7443379e3a7502b397f69ab32185320 to remote] DEBUG org.asynchttpclient.netty.request.NettyRequestSender - Using pooled Channel '[id: 0x35944625, L:/127.0.0.1:60923 - R:localhost/127.0.0.1:51919]' for 'GET' to 'http://localhost:51919/session/c7443379e3a7502b397f69ab32185320/element/7300ca34-837f-4d3e-8c75-a74117b805e8/name'
11:10:01.391 [Forwarding getElementTagName on session c7443379e3a7502b397f69ab32185320 to remote] DEBUG org.asynchttpclient.netty.request.NettyRequestSender - Using open Channel [id: 0x35944625, L:/127.0.0.1:60923 - R:localhost/127.0.0.1:51919] for GET '/session/c7443379e3a7502b397f69ab32185320/element/7300ca34-837f-4d3e-8c75-a74117b805e8/name'
11:10:01.436 [AsyncHttpClient-1-2] DEBUG org.asynchttpclient.netty.handler.HttpHandler - 

Request DefaultFullHttpRequest(decodeResult: success, version: HTTP/1.1, content: EmptyByteBufBE)
GET /session/c7443379e3a7502b397f69ab32185320/element/7300ca34-837f-4d3e-8c75-a74117b805e8/name HTTP/1.1
User-Agent: selenium/4.1.2 (java windows)
Cache-Control: no-cache
Content-Type: application/json; charset=utf-8
host: localhost:51919
accept: */*

Response DefaultHttpResponse(decodeResult: success, version: HTTP/1.1)
HTTP/1.1 200 OK
Content-Type: application/json; charset=utf-8
cache-control: no-cache
content-length: 18

11:10:01.436 [AsyncHttpClient-1-2] DEBUG org.asynchttpclient.netty.channel.ChannelManager - Adding key: http://localhost:51919 for channel [id: 0x35944625, L:/127.0.0.1:60923 - R:localhost/127.0.0.1:51919]
11:10:01.438 [Forwarding getElementTagName on session c7443379e3a7502b397f69ab32185320 to remote] DEBUG org.asynchttpclient.netty.request.NettyRequestSender - Using pooled Channel '[id: 0x35944625, L:/127.0.0.1:60923 - R:localhost/127.0.0.1:51919]' for 'GET' to 'http://localhost:51919/session/c7443379e3a7502b397f69ab32185320/element/7300ca34-837f-4d3e-8c75-a74117b805e8/name'
11:10:01.438 [Forwarding getElementTagName on session c7443379e3a7502b397f69ab32185320 to remote] DEBUG org.asynchttpclient.netty.request.NettyRequestSender - Using open Channel [id: 0x35944625, L:/127.0.0.1:60923 - R:localhost/127.0.0.1:51919] for GET '/session/c7443379e3a7502b397f69ab32185320/element/7300ca34-837f-4d3e-8c75-a74117b805e8/name'
11:10:01.449 [AsyncHttpClient-1-2] DEBUG org.asynchttpclient.netty.handler.HttpHandler - 

Request DefaultFullHttpRequest(decodeResult: success, version: HTTP/1.1, content: EmptyByteBufBE)
GET /session/c7443379e3a7502b397f69ab32185320/element/7300ca34-837f-4d3e-8c75-a74117b805e8/name HTTP/1.1
User-Agent: selenium/4.1.2 (java windows)
Cache-Control: no-cache
Content-Type: application/json; charset=utf-8
host: localhost:51919
accept: */*

Response DefaultHttpResponse(decodeResult: success, version: HTTP/1.1)
HTTP/1.1 200 OK
Content-Type: application/json; charset=utf-8
cache-control: no-cache
content-length: 18

11:10:01.450 [AsyncHttpClient-1-2] DEBUG org.asynchttpclient.netty.channel.ChannelManager - Adding key: http://localhost:51919 for channel [id: 0x35944625, L:/127.0.0.1:60923 - R:localhost/127.0.0.1:51919]
11:10:01.457 [Forwarding isElementEnabled on session c7443379e3a7502b397f69ab32185320 to remote] DEBUG org.asynchttpclient.netty.request.NettyRequestSender - Using pooled Channel '[id: 0x35944625, L:/127.0.0.1:60923 - R:localhost/127.0.0.1:51919]' for 'GET' to 'http://localhost:51919/session/c7443379e3a7502b397f69ab32185320/element/7300ca34-837f-4d3e-8c75-a74117b805e8/enabled'
11:10:01.458 [Forwarding isElementEnabled on session c7443379e3a7502b397f69ab32185320 to remote] DEBUG org.asynchttpclient.netty.request.NettyRequestSender - Using open Channel [id: 0x35944625, L:/127.0.0.1:60923 - R:localhost/127.0.0.1:51919] for GET '/session/c7443379e3a7502b397f69ab32185320/element/7300ca34-837f-4d3e-8c75-a74117b805e8/enabled'
11:10:01.487 [AsyncHttpClient-1-2] DEBUG org.asynchttpclient.netty.handler.HttpHandler - 

Request DefaultFullHttpRequest(decodeResult: success, version: HTTP/1.1, content: EmptyByteBufBE)
GET /session/c7443379e3a7502b397f69ab32185320/element/7300ca34-837f-4d3e-8c75-a74117b805e8/enabled HTTP/1.1
User-Agent: selenium/4.1.2 (java windows)
Cache-Control: no-cache
Content-Type: application/json; charset=utf-8
host: localhost:51919
accept: */*

Response DefaultHttpResponse(decodeResult: success, version: HTTP/1.1)
HTTP/1.1 200 OK
Content-Type: application/json; charset=utf-8
cache-control: no-cache
content-length: 14

11:10:01.487 [AsyncHttpClient-1-2] DEBUG org.asynchttpclient.netty.channel.ChannelManager - Adding key: http://localhost:51919 for channel [id: 0x35944625, L:/127.0.0.1:60923 - R:localhost/127.0.0.1:51919]
11:10:01.490 [Forwarding isElementEnabled on session c7443379e3a7502b397f69ab32185320 to remote] DEBUG org.asynchttpclient.netty.request.NettyRequestSender - Using pooled Channel '[id: 0x35944625, L:/127.0.0.1:60923 - R:localhost/127.0.0.1:51919]' for 'GET' to 'http://localhost:51919/session/c7443379e3a7502b397f69ab32185320/element/7300ca34-837f-4d3e-8c75-a74117b805e8/enabled'
11:10:01.490 [Forwarding isElementEnabled on session c7443379e3a7502b397f69ab32185320 to remote] DEBUG org.asynchttpclient.netty.request.NettyRequestSender - Using open Channel [id: 0x35944625, L:/127.0.0.1:60923 - R:localhost/127.0.0.1:51919] for GET '/session/c7443379e3a7502b397f69ab32185320/element/7300ca34-837f-4d3e-8c75-a74117b805e8/enabled'
11:10:01.543 [AsyncHttpClient-1-2] DEBUG org.asynchttpclient.netty.handler.HttpHandler - 

Request DefaultFullHttpRequest(decodeResult: success, version: HTTP/1.1, content: EmptyByteBufBE)
GET /session/c7443379e3a7502b397f69ab32185320/element/7300ca34-837f-4d3e-8c75-a74117b805e8/enabled HTTP/1.1
User-Agent: selenium/4.1.2 (java windows)
Cache-Control: no-cache
Content-Type: application/json; charset=utf-8
host: localhost:51919
accept: */*

Response DefaultHttpResponse(decodeResult: success, version: HTTP/1.1)
HTTP/1.1 200 OK
Content-Type: application/json; charset=utf-8
cache-control: no-cache
content-length: 14

11:10:01.543 [AsyncHttpClient-1-2] DEBUG org.asynchttpclient.netty.channel.ChannelManager - Adding key: http://localhost:51919 for channel [id: 0x35944625, L:/127.0.0.1:60923 - R:localhost/127.0.0.1:51919]
11:10:01.548 [Forwarding findElement on session c7443379e3a7502b397f69ab32185320 to remote] DEBUG org.asynchttpclient.netty.request.NettyRequestSender - Using pooled Channel '[id: 0x35944625, L:/127.0.0.1:60923 - R:localhost/127.0.0.1:51919]' for 'POST' to 'http://localhost:51919/session/c7443379e3a7502b397f69ab32185320/element'
11:10:01.549 [Forwarding findElement on session c7443379e3a7502b397f69ab32185320 to remote] DEBUG org.asynchttpclient.netty.request.NettyRequestSender - Using open Channel [id: 0x35944625, L:/127.0.0.1:60923 - R:localhost/127.0.0.1:51919] for POST '/session/c7443379e3a7502b397f69ab32185320/element'
11:10:01.575 [AsyncHttpClient-1-2] DEBUG org.asynchttpclient.netty.handler.HttpHandler - 

Request DefaultHttpRequest(decodeResult: success, version: HTTP/1.1)
POST /session/c7443379e3a7502b397f69ab32185320/element HTTP/1.1
User-Agent: selenium/4.1.2 (java windows)
Content-Length: 81
Content-Type: application/json; charset=utf-8
host: localhost:51919
accept: */*

Response DefaultHttpResponse(decodeResult: success, version: HTTP/1.1)
HTTP/1.1 200 OK
Content-Type: application/json; charset=utf-8
cache-control: no-cache
content-length: 88

11:10:01.576 [AsyncHttpClient-1-2] DEBUG org.asynchttpclient.netty.channel.ChannelManager - Adding key: http://localhost:51919 for channel [id: 0x35944625, L:/127.0.0.1:60923 - R:localhost/127.0.0.1:51919]
11:10:01.578 [Forwarding clickElement on session c7443379e3a7502b397f69ab32185320 to remote] DEBUG org.asynchttpclient.netty.request.NettyRequestSender - Using pooled Channel '[id: 0x35944625, L:/127.0.0.1:60923 - R:localhost/127.0.0.1:51919]' for 'POST' to 'http://localhost:51919/session/c7443379e3a7502b397f69ab32185320/element/7300ca34-837f-4d3e-8c75-a74117b805e8/click'
11:10:01.578 [Forwarding clickElement on session c7443379e3a7502b397f69ab32185320 to remote] DEBUG org.asynchttpclient.netty.request.NettyRequestSender - Using open Channel [id: 0x35944625, L:/127.0.0.1:60923 - R:localhost/127.0.0.1:51919] for POST '/session/c7443379e3a7502b397f69ab32185320/element/7300ca34-837f-4d3e-8c75-a74117b805e8/click'
11:10:01.653 [AsyncHttpClient-1-2] DEBUG org.asynchttpclient.netty.handler.HttpHandler - 

Request DefaultHttpRequest(decodeResult: success, version: HTTP/1.1)
POST /session/c7443379e3a7502b397f69ab32185320/element/7300ca34-837f-4d3e-8c75-a74117b805e8/click HTTP/1.1
User-Agent: selenium/4.1.2 (java windows)
Content-Length: 50
Content-Type: application/json; charset=utf-8
host: localhost:51919
accept: */*

Response DefaultHttpResponse(decodeResult: success, version: HTTP/1.1)
HTTP/1.1 200 OK
Content-Type: application/json; charset=utf-8
cache-control: no-cache
content-length: 14

11:10:01.653 [AsyncHttpClient-1-2] DEBUG org.asynchttpclient.netty.channel.ChannelManager - Adding key: http://localhost:51919 for channel [id: 0x35944625, L:/127.0.0.1:60923 - R:localhost/127.0.0.1:51919]
11:10:01.675 [Forwarding screenshot on session c7443379e3a7502b397f69ab32185320 to remote] DEBUG org.asynchttpclient.netty.request.NettyRequestSender - Using pooled Channel '[id: 0x35944625, L:/127.0.0.1:60923 - R:localhost/127.0.0.1:51919]' for 'GET' to 'http://localhost:51919/session/c7443379e3a7502b397f69ab32185320/screenshot'
11:10:01.676 [Forwarding screenshot on session c7443379e3a7502b397f69ab32185320 to remote] DEBUG org.asynchttpclient.netty.request.NettyRequestSender - Using open Channel [id: 0x35944625, L:/127.0.0.1:60923 - R:localhost/127.0.0.1:51919] for GET '/session/c7443379e3a7502b397f69ab32185320/screenshot'
11:10:01.989 [AsyncHttpClient-1-2] DEBUG org.asynchttpclient.netty.handler.HttpHandler - 

Request DefaultFullHttpRequest(decodeResult: success, version: HTTP/1.1, content: EmptyByteBufBE)
GET /session/c7443379e3a7502b397f69ab32185320/screenshot HTTP/1.1
User-Agent: selenium/4.1.2 (java windows)
Cache-Control: no-cache
Content-Type: application/json; charset=utf-8
host: localhost:51919
accept: */*

Response DefaultHttpResponse(decodeResult: success, version: HTTP/1.1)
HTTP/1.1 200 OK
Content-Type: application/json; charset=utf-8
cache-control: no-cache
content-length: 70052

11:10:01.990 [AsyncHttpClient-1-2] DEBUG org.asynchttpclient.netty.channel.ChannelManager - Adding key: http://localhost:51919 for channel [id: 0x35944625, L:/127.0.0.1:60923 - R:localhost/127.0.0.1:51919]
11:10:01.997 [main] DEBUG net.serenitybdd.core.photography.Darkroom - Send negative for processing for target\site\serenity\22f890c950ec6ed5e561d56544ead8c38e8bdf00bbff3af93ed5e96ff21f9cd9.png
11:10:02.000 [main] DEBUG net.thucydides.core.steps.StepInterceptor - STEP DONE: clickButtonCategoryNama
  &amp#27;[32mWhen &amp#27;[0m&amp#27;[32mClick chose nama&amp#27;[0m                                   &amp#27;[90m# starter.stepdefinitios.PatientDataSteps.clickChoseNama()&amp#27;[0m
11:10:02.022 [AsyncHttpClient-1-1] DEBUG org.asynchttpclient.netty.channel.DefaultChannelPool - Entry count for : http://localhost:60925 : 1
11:10:02.022 [AsyncHttpClient-1-1] DEBUG org.asynchttpclient.netty.channel.DefaultChannelPool - Entry count for : http://localhost:51919 : 1
11:10:02.069 [Forwarding screenshot on session c7443379e3a7502b397f69ab32185320 to remote] DEBUG org.asynchttpclient.netty.request.NettyRequestSender - Using pooled Channel '[id: 0x35944625, L:/127.0.0.1:60923 - R:localhost/127.0.0.1:51919]' for 'GET' to 'http://localhost:51919/session/c7443379e3a7502b397f69ab32185320/screenshot'
11:10:02.070 [Forwarding screenshot on session c7443379e3a7502b397f69ab32185320 to remote] DEBUG org.asynchttpclient.netty.request.NettyRequestSender - Using open Channel [id: 0x35944625, L:/127.0.0.1:60923 - R:localhost/127.0.0.1:51919] for GET '/session/c7443379e3a7502b397f69ab32185320/screenshot'
11:10:02.272 [AsyncHttpClient-1-2] DEBUG org.asynchttpclient.netty.handler.HttpHandler - 

Request DefaultFullHttpRequest(decodeResult: success, version: HTTP/1.1, content: EmptyByteBufBE)
GET /session/c7443379e3a7502b397f69ab32185320/screenshot HTTP/1.1
User-Agent: selenium/4.1.2 (java windows)
Cache-Control: no-cache
Content-Type: application/json; charset=utf-8
host: localhost:51919
accept: */*

Response DefaultHttpResponse(decodeResult: success, version: HTTP/1.1)
HTTP/1.1 200 OK
Content-Type: application/json; charset=utf-8
cache-control: no-cache
content-length: 70052

11:10:02.273 [AsyncHttpClient-1-2] DEBUG org.asynchttpclient.netty.channel.ChannelManager - Adding key: http://localhost:51919 for channel [id: 0x35944625, L:/127.0.0.1:60923 - R:localhost/127.0.0.1:51919]
11:10:02.278 [main] DEBUG net.serenitybdd.core.photography.Darkroom - Send negative for processing for target\site\serenity\22f890c950ec6ed5e561d56544ead8c38e8bdf00bbff3af93ed5e96ff21f9cd9.png
11:10:02.279 [main] DEBUG net.thucydides.core.steps.StepInterceptor - STARTING STEP: PatientDataSteps.inputDataCategory - inputDataCategory
11:10:02.286 [Forwarding findElement on session c7443379e3a7502b397f69ab32185320 to remote] DEBUG org.asynchttpclient.netty.request.NettyRequestSender - Using pooled Channel '[id: 0x35944625, L:/127.0.0.1:60923 - R:localhost/127.0.0.1:51919]' for 'POST' to 'http://localhost:51919/session/c7443379e3a7502b397f69ab32185320/element'
11:10:02.286 [Forwarding findElement on session c7443379e3a7502b397f69ab32185320 to remote] DEBUG org.asynchttpclient.netty.request.NettyRequestSender - Using open Channel [id: 0x35944625, L:/127.0.0.1:60923 - R:localhost/127.0.0.1:51919] for POST '/session/c7443379e3a7502b397f69ab32185320/element'
11:10:02.321 [AsyncHttpClient-1-2] DEBUG org.asynchttpclient.netty.handler.HttpHandler - 

Request DefaultHttpRequest(decodeResult: success, version: HTTP/1.1)
POST /session/c7443379e3a7502b397f69ab32185320/element HTTP/1.1
User-Agent: selenium/4.1.2 (java windows)
Content-Length: 102
Content-Type: application/json; charset=utf-8
host: localhost:51919
accept: */*

Response DefaultHttpResponse(decodeResult: success, version: HTTP/1.1)
HTTP/1.1 200 OK
Content-Type: application/json; charset=utf-8
cache-control: no-cache
content-length: 88

11:10:02.321 [AsyncHttpClient-1-2] DEBUG org.asynchttpclient.netty.channel.ChannelManager - Adding key: http://localhost:51919 for channel [id: 0x35944625, L:/127.0.0.1:60923 - R:localhost/127.0.0.1:51919]
11:10:02.324 [Forwarding sendKeysToElement on session c7443379e3a7502b397f69ab32185320 to remote] DEBUG org.asynchttpclient.netty.request.NettyRequestSender - Using pooled Channel '[id: 0x35944625, L:/127.0.0.1:60923 - R:localhost/127.0.0.1:51919]' for 'POST' to 'http://localhost:51919/session/c7443379e3a7502b397f69ab32185320/element/4df2b77a-6a71-4ca7-92c9-ff23d5c57278/value'
11:10:02.324 [Forwarding sendKeysToElement on session c7443379e3a7502b397f69ab32185320 to remote] DEBUG org.asynchttpclient.netty.request.NettyRequestSender - Using open Channel [id: 0x35944625, L:/127.0.0.1:60923 - R:localhost/127.0.0.1:51919] for POST '/session/c7443379e3a7502b397f69ab32185320/element/4df2b77a-6a71-4ca7-92c9-ff23d5c57278/value'
11:10:02.672 [AsyncHttpClient-1-2] DEBUG org.asynchttpclient.netty.handler.HttpHandler - 

Request DefaultHttpRequest(decodeResult: success, version: HTTP/1.1)
POST /session/c7443379e3a7502b397f69ab32185320/element/4df2b77a-6a71-4ca7-92c9-ff23d5c57278/value HTTP/1.1
User-Agent: selenium/4.1.2 (java windows)
Content-Length: 171
Content-Type: application/json; charset=utf-8
host: localhost:51919
accept: */*

Response DefaultHttpResponse(decodeResult: success, version: HTTP/1.1)
HTTP/1.1 200 OK
Content-Type: application/json; charset=utf-8
cache-control: no-cache
content-length: 14

11:10:02.672 [AsyncHttpClient-1-2] DEBUG org.asynchttpclient.netty.channel.ChannelManager - Adding key: http://localhost:51919 for channel [id: 0x35944625, L:/127.0.0.1:60923 - R:localhost/127.0.0.1:51919]
11:10:02.686 [Forwarding screenshot on session c7443379e3a7502b397f69ab32185320 to remote] DEBUG org.asynchttpclient.netty.request.NettyRequestSender - Using pooled Channel '[id: 0x35944625, L:/127.0.0.1:60923 - R:localhost/127.0.0.1:51919]' for 'GET' to 'http://localhost:51919/session/c7443379e3a7502b397f69ab32185320/screenshot'
11:10:02.686 [Forwarding screenshot on session c7443379e3a7502b397f69ab32185320 to remote] DEBUG org.asynchttpclient.netty.request.NettyRequestSender - Using open Channel [id: 0x35944625, L:/127.0.0.1:60923 - R:localhost/127.0.0.1:51919] for GET '/session/c7443379e3a7502b397f69ab32185320/screenshot'
11:10:02.910 [AsyncHttpClient-1-2] DEBUG org.asynchttpclient.netty.handler.HttpHandler - 

Request DefaultFullHttpRequest(decodeResult: success, version: HTTP/1.1, content: EmptyByteBufBE)
GET /session/c7443379e3a7502b397f69ab32185320/screenshot HTTP/1.1
User-Agent: selenium/4.1.2 (java windows)
Cache-Control: no-cache
Content-Type: application/json; charset=utf-8
host: localhost:51919
accept: */*

Response DefaultHttpResponse(decodeResult: success, version: HTTP/1.1)
HTTP/1.1 200 OK
Content-Type: application/json; charset=utf-8
cache-control: no-cache
content-length: 70724

11:10:02.911 [AsyncHttpClient-1-2] DEBUG org.asynchttpclient.netty.channel.ChannelManager - Adding key: http://localhost:51919 for channel [id: 0x35944625, L:/127.0.0.1:60923 - R:localhost/127.0.0.1:51919]
11:10:02.919 [main] DEBUG net.serenitybdd.core.photography.Darkroom - Send negative for processing for target\site\serenity\7cbc7e931b996e086892d7be8c16df9af1118cfb12d64fe8a556a571131d497d.png
11:10:02.919 [main] DEBUG net.thucydides.core.steps.StepInterceptor - STEP DONE: inputDataCategory
  &amp#27;[32mAnd &amp#27;[0m&amp#27;[32mInput data &amp#27;[0m&amp#27;[32m&amp#27;[1m"&%^%^*)%"&amp#27;[0m&amp#27;[32m category&amp#27;[0m                      &amp#27;[90m# starter.stepdefinitios.PatientDataSteps.inputDataCategory(java.lang.String)&amp#27;[0m
11:10:02.923 [Darkroom Processing Line] DEBUG net.serenitybdd.core.photography.DarkroomProcessingLine - Processing screenshot image in /var/screenshots/screenshot-17934176396221840889
11:10:02.923 [Darkroom Processing Line] DEBUG net.serenitybdd.core.photography.DarkroomProcessingLine - Saving screenshot to target\site\serenity\7cbc7e931b996e086892d7be8c16df9af1118cfb12d64fe8a556a571131d497d.png
11:10:03.140 [AsyncHttpClient-1-1] DEBUG org.asynchttpclient.netty.channel.DefaultChannelPool - Entry count for : http://localhost:60925 : 1
11:10:03.140 [AsyncHttpClient-1-1] DEBUG org.asynchttpclient.netty.channel.DefaultChannelPool - Entry count for : http://localhost:51919 : 1
11:10:03.489 [Forwarding screenshot on session c7443379e3a7502b397f69ab32185320 to remote] DEBUG org.asynchttpclient.netty.request.NettyRequestSender - Using pooled Channel '[id: 0x35944625, L:/127.0.0.1:60923 - R:localhost/127.0.0.1:51919]' for 'GET' to 'http://localhost:51919/session/c7443379e3a7502b397f69ab32185320/screenshot'
11:10:03.489 [Forwarding screenshot on session c7443379e3a7502b397f69ab32185320 to remote] DEBUG org.asynchttpclient.netty.request.NettyRequestSender - Using open Channel [id: 0x35944625, L:/127.0.0.1:60923 - R:localhost/127.0.0.1:51919] for GET '/session/c7443379e3a7502b397f69ab32185320/screenshot'
11:10:03.677 [AsyncHttpClient-1-2] DEBUG org.asynchttpclient.netty.handler.HttpHandler - 

Request DefaultFullHttpRequest(decodeResult: success, version: HTTP/1.1, content: EmptyByteBufBE)
GET /session/c7443379e3a7502b397f69ab32185320/screenshot HTTP/1.1
User-Agent: selenium/4.1.2 (java windows)
Cache-Control: no-cache
Content-Type: application/json; charset=utf-8
host: localhost:51919
accept: */*

Response DefaultHttpResponse(decodeResult: success, version: HTTP/1.1)
HTTP/1.1 200 OK
Content-Type: application/json; charset=utf-8
cache-control: no-cache
content-length: 70652

11:10:03.678 [AsyncHttpClient-1-2] DEBUG org.asynchttpclient.netty.channel.ChannelManager - Adding key: http://localhost:51919 for channel [id: 0x35944625, L:/127.0.0.1:60923 - R:localhost/127.0.0.1:51919]
11:10:03.683 [main] DEBUG net.serenitybdd.core.photography.Darkroom - Send negative for processing for target\site\serenity\64c962a1d63a2954d299c07895d56f88b5f40df65d0a6aea476bb5ce0b36d78c.png
11:10:03.684 [main] DEBUG net.thucydides.core.steps.StepInterceptor - STARTING STEP: PatientDataSteps.validDataCategoryPasien - validPagePasien
11:10:03.684 [Darkroom Processing Line] DEBUG net.serenitybdd.core.photography.DarkroomProcessingLine - Processing screenshot image in /var/screenshots/screenshot-5055687540979490889
11:10:03.685 [Darkroom Processing Line] DEBUG net.serenitybdd.core.photography.DarkroomProcessingLine - Saving screenshot to target\site\serenity\64c962a1d63a2954d299c07895d56f88b5f40df65d0a6aea476bb5ce0b36d78c.png
11:10:03.689 [Forwarding findElement on session c7443379e3a7502b397f69ab32185320 to remote] DEBUG org.asynchttpclient.netty.request.NettyRequestSender - Using pooled Channel '[id: 0x35944625, L:/127.0.0.1:60923 - R:localhost/127.0.0.1:51919]' for 'POST' to 'http://localhost:51919/session/c7443379e3a7502b397f69ab32185320/element'
11:10:03.689 [Forwarding findElement on session c7443379e3a7502b397f69ab32185320 to remote] DEBUG org.asynchttpclient.netty.request.NettyRequestSender - Using open Channel [id: 0x35944625, L:/127.0.0.1:60923 - R:localhost/127.0.0.1:51919] for POST '/session/c7443379e3a7502b397f69ab32185320/element'
11:10:03.707 [AsyncHttpClient-1-2] DEBUG org.asynchttpclient.netty.handler.HttpHandler - 

Request DefaultHttpRequest(decodeResult: success, version: HTTP/1.1)
POST /session/c7443379e3a7502b397f69ab32185320/element HTTP/1.1
User-Agent: selenium/4.1.2 (java windows)
Content-Length: 138
Content-Type: application/json; charset=utf-8
host: localhost:51919
accept: */*

Response DefaultHttpResponse(decodeResult: success, version: HTTP/1.1)
HTTP/1.1 200 OK
Content-Type: application/json; charset=utf-8
cache-control: no-cache
content-length: 88

11:10:03.707 [AsyncHttpClient-1-2] DEBUG org.asynchttpclient.netty.channel.ChannelManager - Adding key: http://localhost:51919 for channel [id: 0x35944625, L:/127.0.0.1:60923 - R:localhost/127.0.0.1:51919]
11:10:03.708 [Forwarding isElementEnabled on session c7443379e3a7502b397f69ab32185320 to remote] DEBUG org.asynchttpclient.netty.request.NettyRequestSender - Using pooled Channel '[id: 0x35944625, L:/127.0.0.1:60923 - R:localhost/127.0.0.1:51919]' for 'GET' to 'http://localhost:51919/session/c7443379e3a7502b397f69ab32185320/element/ab8190fc-a217-4118-b885-32d93ff17651/enabled'
11:10:03.708 [Forwarding isElementEnabled on session c7443379e3a7502b397f69ab32185320 to remote] DEBUG org.asynchttpclient.netty.request.NettyRequestSender - Using open Channel [id: 0x35944625, L:/127.0.0.1:60923 - R:localhost/127.0.0.1:51919] for GET '/session/c7443379e3a7502b397f69ab32185320/element/ab8190fc-a217-4118-b885-32d93ff17651/enabled'
11:10:03.723 [AsyncHttpClient-1-2] DEBUG org.asynchttpclient.netty.handler.HttpHandler - 

Request DefaultFullHttpRequest(decodeResult: success, version: HTTP/1.1, content: EmptyByteBufBE)
GET /session/c7443379e3a7502b397f69ab32185320/element/ab8190fc-a217-4118-b885-32d93ff17651/enabled HTTP/1.1
User-Agent: selenium/4.1.2 (java windows)
Cache-Control: no-cache
Content-Type: application/json; charset=utf-8
host: localhost:51919
accept: */*

Response DefaultHttpResponse(decodeResult: success, version: HTTP/1.1)
HTTP/1.1 200 OK
Content-Type: application/json; charset=utf-8
cache-control: no-cache
content-length: 14

11:10:03.724 [AsyncHttpClient-1-2] DEBUG org.asynchttpclient.netty.channel.ChannelManager - Adding key: http://localhost:51919 for channel [id: 0x35944625, L:/127.0.0.1:60923 - R:localhost/127.0.0.1:51919]
11:10:03.737 [Forwarding screenshot on session c7443379e3a7502b397f69ab32185320 to remote] DEBUG org.asynchttpclient.netty.request.NettyRequestSender - Using pooled Channel '[id: 0x35944625, L:/127.0.0.1:60923 - R:localhost/127.0.0.1:51919]' for 'GET' to 'http://localhost:51919/session/c7443379e3a7502b397f69ab32185320/screenshot'
11:10:03.737 [Forwarding screenshot on session c7443379e3a7502b397f69ab32185320 to remote] DEBUG org.asynchttpclient.netty.request.NettyRequestSender - Using open Channel [id: 0x35944625, L:/127.0.0.1:60923 - R:localhost/127.0.0.1:51919] for GET '/session/c7443379e3a7502b397f69ab32185320/screenshot'
11:10:03.907 [AsyncHttpClient-1-2] DEBUG org.asynchttpclient.netty.handler.HttpHandler - 

Request DefaultFullHttpRequest(decodeResult: success, version: HTTP/1.1, content: EmptyByteBufBE)
GET /session/c7443379e3a7502b397f69ab32185320/screenshot HTTP/1.1
User-Agent: selenium/4.1.2 (java windows)
Cache-Control: no-cache
Content-Type: application/json; charset=utf-8
host: localhost:51919
accept: */*

Response DefaultHttpResponse(decodeResult: success, version: HTTP/1.1)
HTTP/1.1 200 OK
Content-Type: application/json; charset=utf-8
cache-control: no-cache
content-length: 70724

11:10:03.907 [AsyncHttpClient-1-2] DEBUG org.asynchttpclient.netty.channel.ChannelManager - Adding key: http://localhost:51919 for channel [id: 0x35944625, L:/127.0.0.1:60923 - R:localhost/127.0.0.1:51919]
11:10:03.913 [main] DEBUG net.serenitybdd.core.photography.Darkroom - Send negative for processing for target\site\serenity\7cbc7e931b996e086892d7be8c16df9af1118cfb12d64fe8a556a571131d497d.png
11:10:03.913 [main] DEBUG net.thucydides.core.steps.StepInterceptor - STEP DONE: validPagePasien
  &amp#27;[32mThen &amp#27;[0m&amp#27;[32mValid data category pasien&amp#27;[0m                         &amp#27;[90m# starter.stepdefinitios.PatientDataSteps.validDataCategoryPasien()&amp#27;[0m
11:10:03.934 [AsyncHttpClient-1-4] DEBUG org.asynchttpclient.netty.handler.WebSocketHandler - Channel Closed: [id: 0xc57d8efc, L:/127.0.0.1:60936 ! R:localhost/127.0.0.1:60925] with attribute NettyResponseFuture{currentRetry=5,
	isDone=1,
	isCancelled=0,
	asyncHandler=org.asynchttpclient.ws.WebSocketUpgradeHandler@66708fbb,
	nettyRequest=org.asynchttpclient.netty.request.NettyRequest@77174272,
	future=java.util.concurrent.CompletableFuture@7f6b7bf5[Completed normally],
	uri=ws://localhost:60925/devtools/browser/5b3bbffd-fd84-4bc2-91c1-f5dadfc9d4a0,
	keepAlive=true,
	redirectCount=0,
	timeoutsHolder=null,
	inAuth=0,
	touch=1655525397060}
11:10:03.935 [AsyncHttpClient-1-4] DEBUG org.asynchttpclient.netty.channel.ChannelManager - Closing Channel [id: 0xc57d8efc, L:/127.0.0.1:60936 ! R:localhost/127.0.0.1:60925] 
11:10:03.935 [Driver Command Executor] DEBUG org.asynchttpclient.netty.request.NettyRequestSender - Using pooled Channel '[id: 0x35944625, L:/127.0.0.1:60923 - R:localhost/127.0.0.1:51919]' for 'DELETE' to 'http://localhost:51919/session/c7443379e3a7502b397f69ab32185320'
11:10:03.935 [Driver Command Executor] DEBUG org.asynchttpclient.netty.request.NettyRequestSender - Using open Channel [id: 0x35944625, L:/127.0.0.1:60923 - R:localhost/127.0.0.1:51919] for DELETE '/session/c7443379e3a7502b397f69ab32185320'
11:10:04.220 [AsyncHttpClient-1-1] DEBUG org.asynchttpclient.netty.channel.DefaultChannelPool - Entry count for : http://localhost:60925 : 1
11:10:04.311 [AsyncHttpClient-1-3] DEBUG org.asynchttpclient.netty.handler.HttpHandler - Unexpected I/O exception on channel [id: 0xbd03733e, L:/127.0.0.1:60935 - R:localhost/127.0.0.1:60925]
java.io.IOException: An existing connection was forcibly closed by the remote host
	at java.base/sun.nio.ch.SocketDispatcher.read0(Native Method)
	at java.base/sun.nio.ch.SocketDispatcher.read(SocketDispatcher.java:43)
	at java.base/sun.nio.ch.IOUtil.readIntoNativeBuffer(IOUtil.java:276)
	at java.base/sun.nio.ch.IOUtil.read(IOUtil.java:233)
	at java.base/sun.nio.ch.IOUtil.read(IOUtil.java:223)
	at java.base/sun.nio.ch.SocketChannelImpl.read(SocketChannelImpl.java:358)
	at io.netty.buffer.PooledByteBuf.setBytes(PooledByteBuf.java:258)
	at io.netty.buffer.AbstractByteBuf.writeBytes(AbstractByteBuf.java:1132)
	at io.netty.channel.socket.nio.NioSocketChannel.doReadBytes(NioSocketChannel.java:350)
	at io.netty.channel.nio.AbstractNioByteChannel$NioByteUnsafe.read(AbstractNioByteChannel.java:151)
	at io.netty.channel.nio.NioEventLoop.processSelectedKey(NioEventLoop.java:722)
	at io.netty.channel.nio.NioEventLoop.processSelectedKeysOptimized(NioEventLoop.java:658)
	at io.netty.channel.nio.NioEventLoop.processSelectedKeys(NioEventLoop.java:584)
	at io.netty.channel.nio.NioEventLoop.run(NioEventLoop.java:496)
	at io.netty.util.concurrent.SingleThreadEventExecutor$4.run(SingleThreadEventExecutor.java:986)
	at io.netty.util.internal.ThreadExecutorMap$2.run(ThreadExecutorMap.java:74)
	at io.netty.util.concurrent.FastThreadLocalRunnable.run(FastThreadLocalRunnable.java:30)
	at java.base/java.lang.Thread.run(Thread.java:834)
11:10:04.312 [AsyncHttpClient-1-3] DEBUG org.asynchttpclient.netty.channel.ChannelManager - Closing Channel [id: 0xbd03733e, L:/127.0.0.1:60935 - R:localhost/127.0.0.1:60925] 
11:10:04.312 [AsyncHttpClient-1-3] DEBUG org.asynchttpclient.netty.handler.HttpHandler - Channel Closed: [id: 0xbd03733e, L:/127.0.0.1:60935 ! R:localhost/127.0.0.1:60925] with attribute DISCARD
11:10:04.380 [AsyncHttpClient-1-2] DEBUG org.asynchttpclient.netty.handler.HttpHandler - 

Request DefaultFullHttpRequest(decodeResult: success, version: HTTP/1.1, content: EmptyByteBufBE)
DELETE /session/c7443379e3a7502b397f69ab32185320 HTTP/1.1
User-Agent: selenium/4.1.2 (java windows)
Content-Type: application/json; charset=utf-8
host: localhost:51919
accept: */*

Response DefaultHttpResponse(decodeResult: success, version: HTTP/1.1)
HTTP/1.1 200 OK
Content-Type: application/json; charset=utf-8
cache-control: no-cache
content-length: 14

11:10:04.380 [AsyncHttpClient-1-2] DEBUG org.asynchttpclient.netty.channel.ChannelManager - Adding key: http://localhost:51919 for channel [id: 0x35944625, L:/127.0.0.1:60923 - R:localhost/127.0.0.1:51919]
11:10:04.707 [AsyncHttpClient-1-2] DEBUG org.asynchttpclient.netty.handler.HttpHandler - Channel Closed: [id: 0x35944625, L:/127.0.0.1:60923 ! R:localhost/127.0.0.1:51919] with attribute DISCARD
]]></system-out>
    <system-err><![CDATA[Starting ChromeDriver 102.0.5005.61 (0e59bcc00cc4985ce39ad31c150065f159d95ad3-refs/branch-heads/5005@{#819}) on port 51919
Only local connections are allowed.
Please see https://chromedriver.chromium.org/security-considerations for suggestions on keeping ChromeDriver safe.
ChromeDriver was started successfully.
Jun 18, 2022 11:09:56 AM org.openqa.selenium.remote.ProtocolHandshake createSession
INFO: Detected dialect: W3C
Jun 18, 2022 11:09:57 AM org.openqa.selenium.devtools.CdpVersionFinder findNearestMatch
WARNING: Unable to find an exact match for CDP version 102, so returning the closest version found: a no-op implementation
Jun 18, 2022 11:09:57 AM org.openqa.selenium.devtools.CdpVersionFinder findNearestMatch
INFO: Unable to find CDP implementation matching 102.
Jun 18, 2022 11:09:57 AM org.openqa.selenium.chromium.ChromiumDriver lambda$new$3
WARNING: Unable to find version of CDP to use for . You may need to include a dependency on a specific version of the CDP using something similar to `org.seleniumhq.selenium:selenium-devtools-v86:4.1.2` where the version ("v86") matches the version of the chromium-based browser you're using and the version number of the artifact is the same as Selenium's.
]]></system-err>
  </testcase>
  <testcase name="As a admin i want to add data pasien #1" classname="Add Data Pasien - Admin" time="19.759">
    <system-out><![CDATA[11:10:05.238 [main] INFO io.cucumber.core.plugin.SerenityReporter - Running feature from file:///D:/New%20folder%20(2)/Capstone/Testing/src/test/resources/features/AddDataPasien.feature
11:10:05.256 [main] DEBUG net.thucydides.core.steps.StepEventBus - Test suite started for story net.thucydides.core.model.Story@2ed0929a
11:10:05.258 [main] INFO  - Test Suite Started: Add Data Pasien - Admin

@AddDataPasien @AddPatientDataWithJK
Scenario Outline: As a admin i want to add data pasien                     &amp#27;[90m# src/test/resources/features/AddDataPasien.feature:14&amp#27;[0m
11:10:05.291 [main] INFO io.cucumber.core.plugin.SerenityReporter - Running feature from file:///D:/New%20folder%20(2)/Capstone/Testing/src/test/resources/features/AddDataPasien.feature
11:10:05.304 [main] INFO  - 
  _____   ___   ___   _____     ___   _____     _     ___   _____   ___   ___  
 |_   _| | __| / __| |_   _|   / __| |_   _|   /_\   | _ \ |_   _| | __| |   \ 
   | |   | _|  \__ \   | |     \__ \   | |    / _ \  |   /   | |   | _|  | |) |
   |_|   |___| |___/   |_|     |___/   |_|   /_/ \_\ |_|_\   |_|   |___| |___/ 

As a admin i want to add data pasien(add-data-pasien---admin;as-a-admin-i-want-to-add-data-pasien)
--------------------------------------------------------------------------------
11:10:05.317 [AsyncHttpClient-1-1] DEBUG org.asynchttpclient.netty.channel.DefaultChannelPool - Entry count for : http://localhost:60925 : 1
11:10:05.317 [AsyncHttpClient-1-1] DEBUG org.asynchttpclient.netty.channel.DefaultChannelPool - Entry count for : http://localhost:51919 : 1
11:10:05.318 [AsyncHttpClient-1-1] DEBUG org.asynchttpclient.netty.channel.DefaultChannelPool - Adding Candidate expired Channel [id: 0xbd03733e, L:/127.0.0.1:60935 ! R:localhost/127.0.0.1:60925] isIdleTimeoutExpired=false isRemotelyClosed=true isTtlExpired=false
11:10:05.318 [AsyncHttpClient-1-1] DEBUG org.asynchttpclient.netty.channel.DefaultChannelPool - Closing Idle Channel [id: 0xbd03733e, L:/127.0.0.1:60935 ! R:localhost/127.0.0.1:60925]
11:10:05.318 [AsyncHttpClient-1-1] DEBUG org.asynchttpclient.netty.channel.DefaultChannelPool - Adding Candidate expired Channel [id: 0x35944625, L:/127.0.0.1:60923 ! R:localhost/127.0.0.1:51919] isIdleTimeoutExpired=false isRemotelyClosed=true isTtlExpired=false
11:10:05.318 [AsyncHttpClient-1-1] DEBUG org.asynchttpclient.netty.channel.DefaultChannelPool - Closing Idle Channel [id: 0x35944625, L:/127.0.0.1:60923 ! R:localhost/127.0.0.1:51919]
11:10:05.318 [AsyncHttpClient-1-1] DEBUG org.asynchttpclient.netty.channel.DefaultChannelPool - Closed 2 connections out of 2 in 1 ms
11:10:05.401 [main] DEBUG net.thucydides.core.steps.StepInterceptor - STARTING STEP: PatientDataSteps.openPageDataPasien - openDataPasien
11:10:05.404 [main] INFO net.serenitybdd.core.webdriver.driverproviders.ChromeDriverProvider - Using automatically driver download
11:10:05.781 [main] DEBUG io.github.bonigarcia.wdm.cache.ResolutionCache - Resolution chrome=102 in cache (valid until 11:10:23 18/06/2022 ICT)
11:10:05.799 [main] DEBUG io.github.bonigarcia.wdm.cache.ResolutionCache - Resolution chrome102=102.0.5005.61 in cache (valid until 19:49:35 18/06/2022 ICT)
11:10:05.806 [main] INFO io.github.bonigarcia.wdm.WebDriverManager - Using chromedriver 102.0.5005.61 (resolved driver for Chrome 102)
11:10:05.848 [main] DEBUG io.github.bonigarcia.wdm.WebDriverManager - Driver chromedriver 102.0.5005.61 found in cache
11:10:05.851 [main] INFO io.github.bonigarcia.wdm.WebDriverManager - Exporting webdriver.chrome.driver as C:\Users\ASUS\.cache\selenium\chromedriver\win32\102.0.5005.61\chromedriver.exe
11:10:06.133 [main] DEBUG net.serenitybdd.core.webdriver.driverproviders.ProvideNewDriver - Instantiating driver
11:10:06.133 [main] DEBUG net.serenitybdd.core.webdriver.driverproviders.ProvideNewDriver - Driver capabilities: Capabilities {acceptInsecureCerts: false, base.url: https://fanciful-trifle-360..., browserName: chrome, chore.driver: src/test/resources/webdrive..., driver: chrome, goog:chromeOptions: {args: [], extensions: []}}
11:10:06.709 [AsyncHttpClient-1-5] DEBUG org.asynchttpclient.netty.channel.NettyConnectListener - Using new Channel '[id: 0x965f44a9, L:/127.0.0.1:60961 - R:localhost/127.0.0.1:64411]' for 'POST' to '/session'
11:10:08.826 [AsyncHttpClient-1-5] DEBUG org.asynchttpclient.netty.handler.HttpHandler - 

Request DefaultHttpRequest(decodeResult: success, version: HTTP/1.1)
POST /session HTTP/1.1
User-Agent: selenium/4.1.2 (java windows)
Content-Length: 628
Content-Type: application/json; charset=utf-8
host: localhost:64411
accept: */*

Response DefaultHttpResponse(decodeResult: success, version: HTTP/1.1)
HTTP/1.1 200 OK
Content-Type: application/json; charset=utf-8
cache-control: no-cache
content-length: 788

11:10:08.826 [AsyncHttpClient-1-5] DEBUG org.asynchttpclient.netty.channel.ChannelManager - Adding key: http://localhost:64411 for channel [id: 0x965f44a9, L:/127.0.0.1:60961 - R:localhost/127.0.0.1:64411]
11:10:08.854 [AsyncHttpClient-1-6] DEBUG org.asynchttpclient.netty.channel.NettyConnectListener - Using new Channel '[id: 0x97210561, L:/127.0.0.1:60974 - R:localhost/127.0.0.1:60963]' for 'GET' to '/json/version'
11:10:08.857 [AsyncHttpClient-1-6] DEBUG org.asynchttpclient.netty.handler.HttpHandler - 

Request DefaultFullHttpRequest(decodeResult: success, version: HTTP/1.1, content: EmptyByteBufBE)
GET /json/version HTTP/1.1
User-Agent: selenium/4.1.2 (java windows)
host: localhost:60963
accept: */*

Response DefaultHttpResponse(decodeResult: success, version: HTTP/1.1)
HTTP/1.1 200 OK
Content-Type: application/json; charset=UTF-8
content-length: 428

11:10:08.858 [AsyncHttpClient-1-6] DEBUG org.asynchttpclient.netty.channel.ChannelManager - Adding key: http://localhost:60963 for channel [id: 0x97210561, L:/127.0.0.1:60974 - R:localhost/127.0.0.1:60963]
11:10:08.864 [AsyncHttpClient-1-7] DEBUG org.asynchttpclient.netty.channel.NettyConnectListener - Using new Channel '[id: 0x7123ff14, L:/127.0.0.1:60975 - R:localhost/127.0.0.1:60963]' for 'GET' to '/devtools/browser/4de0a9f8-66a7-451e-973c-e1550010e5f3'
11:10:08.876 [AsyncHttpClient-1-7] DEBUG org.asynchttpclient.netty.handler.WebSocketHandler - 

Request DefaultFullHttpRequest(decodeResult: success, version: HTTP/1.1, content: EmptyByteBufBE)
GET /devtools/browser/4de0a9f8-66a7-451e-973c-e1550010e5f3 HTTP/1.1
upgrade: websocket
connection: upgrade
sec-websocket-key: ywNKgKdQUxCsiYy23uu1zQ==
sec-websocket-version: 13
origin: http://localhost:60963
host: localhost:60963
accept: */*
user-agent: AHC/2.1

Response DefaultHttpResponse(decodeResult: success, version: HTTP/1.1)
HTTP/1.1 101 WebSocket Protocol Handshake
Upgrade: WebSocket
Connection: Upgrade
Sec-WebSocket-Accept: Qh0/OIrnoQkfSlwOaL8k4zH2imw=

11:10:08.892 [Forwarding get on session c84d4994e40f942852d17232c1b053ae to remote] DEBUG org.asynchttpclient.netty.request.NettyRequestSender - Using pooled Channel '[id: 0x965f44a9, L:/127.0.0.1:60961 - R:localhost/127.0.0.1:64411]' for 'POST' to 'http://localhost:64411/session/c84d4994e40f942852d17232c1b053ae/url'
11:10:08.892 [Forwarding get on session c84d4994e40f942852d17232c1b053ae to remote] DEBUG org.asynchttpclient.netty.request.NettyRequestSender - Using open Channel [id: 0x965f44a9, L:/127.0.0.1:60961 - R:localhost/127.0.0.1:64411] for POST '/session/c84d4994e40f942852d17232c1b053ae/url'
11:10:09.713 [AsyncHttpClient-1-1] DEBUG org.asynchttpclient.netty.channel.DefaultChannelPool - Entry count for : http://localhost:60963 : 1
11:10:10.238 [AsyncHttpClient-1-5] DEBUG org.asynchttpclient.netty.handler.HttpHandler - 

Request DefaultHttpRequest(decodeResult: success, version: HTTP/1.1)
POST /session/c84d4994e40f942852d17232c1b053ae/url HTTP/1.1
User-Agent: selenium/4.1.2 (java windows)
Content-Length: 84
Content-Type: application/json; charset=utf-8
host: localhost:64411
accept: */*

Response DefaultHttpResponse(decodeResult: success, version: HTTP/1.1)
HTTP/1.1 200 OK
Content-Type: application/json; charset=utf-8
cache-control: no-cache
content-length: 14

11:10:10.238 [AsyncHttpClient-1-5] DEBUG org.asynchttpclient.netty.channel.ChannelManager - Adding key: http://localhost:64411 for channel [id: 0x965f44a9, L:/127.0.0.1:60961 - R:localhost/127.0.0.1:64411]
11:10:10.244 [Forwarding setTimeout on session c84d4994e40f942852d17232c1b053ae to remote] DEBUG org.asynchttpclient.netty.request.NettyRequestSender - Using pooled Channel '[id: 0x965f44a9, L:/127.0.0.1:60961 - R:localhost/127.0.0.1:64411]' for 'POST' to 'http://localhost:64411/session/c84d4994e40f942852d17232c1b053ae/timeouts'
11:10:10.245 [Forwarding setTimeout on session c84d4994e40f942852d17232c1b053ae to remote] DEBUG org.asynchttpclient.netty.request.NettyRequestSender - Using open Channel [id: 0x965f44a9, L:/127.0.0.1:60961 - R:localhost/127.0.0.1:64411] for POST '/session/c84d4994e40f942852d17232c1b053ae/timeouts'
11:10:10.261 [AsyncHttpClient-1-5] DEBUG org.asynchttpclient.netty.handler.HttpHandler - 

Request DefaultHttpRequest(decodeResult: success, version: HTTP/1.1)
POST /session/c84d4994e40f942852d17232c1b053ae/timeouts HTTP/1.1
User-Agent: selenium/4.1.2 (java windows)
Content-Length: 22
Content-Type: application/json; charset=utf-8
host: localhost:64411
accept: */*

Response DefaultHttpResponse(decodeResult: success, version: HTTP/1.1)
HTTP/1.1 200 OK
Content-Type: application/json; charset=utf-8
cache-control: no-cache
content-length: 14

11:10:10.261 [AsyncHttpClient-1-5] DEBUG org.asynchttpclient.netty.channel.ChannelManager - Adding key: http://localhost:64411 for channel [id: 0x965f44a9, L:/127.0.0.1:60961 - R:localhost/127.0.0.1:64411]
11:10:10.271 [Forwarding getCurrentUrl on session c84d4994e40f942852d17232c1b053ae to remote] DEBUG org.asynchttpclient.netty.request.NettyRequestSender - Using pooled Channel '[id: 0x965f44a9, L:/127.0.0.1:60961 - R:localhost/127.0.0.1:64411]' for 'GET' to 'http://localhost:64411/session/c84d4994e40f942852d17232c1b053ae/url'
11:10:10.271 [Forwarding getCurrentUrl on session c84d4994e40f942852d17232c1b053ae to remote] DEBUG org.asynchttpclient.netty.request.NettyRequestSender - Using open Channel [id: 0x965f44a9, L:/127.0.0.1:60961 - R:localhost/127.0.0.1:64411] for GET '/session/c84d4994e40f942852d17232c1b053ae/url'
11:10:10.337 [AsyncHttpClient-1-5] DEBUG org.asynchttpclient.netty.handler.HttpHandler - 

Request DefaultFullHttpRequest(decodeResult: success, version: HTTP/1.1, content: EmptyByteBufBE)
GET /session/c84d4994e40f942852d17232c1b053ae/url HTTP/1.1
User-Agent: selenium/4.1.2 (java windows)
Cache-Control: no-cache
Content-Type: application/json; charset=utf-8
host: localhost:64411
accept: */*

Response DefaultHttpResponse(decodeResult: success, version: HTTP/1.1)
HTTP/1.1 200 OK
Content-Type: application/json; charset=utf-8
cache-control: no-cache
content-length: 66

11:10:10.337 [AsyncHttpClient-1-5] DEBUG org.asynchttpclient.netty.channel.ChannelManager - Adding key: http://localhost:64411 for channel [id: 0x965f44a9, L:/127.0.0.1:60961 - R:localhost/127.0.0.1:64411]
11:10:10.351 [main] DEBUG net.serenitybdd.core.photography.Darkroom - Opening darkroom
11:10:10.352 [Forwarding screenshot on session c84d4994e40f942852d17232c1b053ae to remote] DEBUG org.asynchttpclient.netty.request.NettyRequestSender - Using pooled Channel '[id: 0x965f44a9, L:/127.0.0.1:60961 - R:localhost/127.0.0.1:64411]' for 'GET' to 'http://localhost:64411/session/c84d4994e40f942852d17232c1b053ae/screenshot'
11:10:10.352 [Forwarding screenshot on session c84d4994e40f942852d17232c1b053ae to remote] DEBUG org.asynchttpclient.netty.request.NettyRequestSender - Using open Channel [id: 0x965f44a9, L:/127.0.0.1:60961 - R:localhost/127.0.0.1:64411] for GET '/session/c84d4994e40f942852d17232c1b053ae/screenshot'
11:10:10.354 [Darkroom Processing Line] DEBUG net.serenitybdd.core.photography.DarkroomProcessingLine - Darkroom processing line starting up
11:10:10.814 [AsyncHttpClient-1-1] DEBUG org.asynchttpclient.netty.channel.DefaultChannelPool - Entry count for : http://localhost:60963 : 1
11:10:11.660 [AsyncHttpClient-1-5] DEBUG org.asynchttpclient.netty.handler.HttpHandler - 

Request DefaultFullHttpRequest(decodeResult: success, version: HTTP/1.1, content: EmptyByteBufBE)
GET /session/c84d4994e40f942852d17232c1b053ae/screenshot HTTP/1.1
User-Agent: selenium/4.1.2 (java windows)
Cache-Control: no-cache
Content-Type: application/json; charset=utf-8
host: localhost:64411
accept: */*

Response DefaultHttpResponse(decodeResult: success, version: HTTP/1.1)
HTTP/1.1 200 OK
Content-Type: application/json; charset=utf-8
cache-control: no-cache
content-length: 66608

11:10:11.661 [AsyncHttpClient-1-5] DEBUG org.asynchttpclient.netty.channel.ChannelManager - Adding key: http://localhost:64411 for channel [id: 0x965f44a9, L:/127.0.0.1:60961 - R:localhost/127.0.0.1:64411]
11:10:11.668 [main] DEBUG net.serenitybdd.core.photography.Darkroom - Send negative for processing for target\site\serenity\3b111ae00db26295d7ecbde886ea4451aead6619240013077047abd82e88d678.png
11:10:11.669 [main] DEBUG net.thucydides.core.steps.StepInterceptor - STEP DONE: openDataPasien
  &amp#27;[32mGiven &amp#27;[0m&amp#27;[32mOpen page data pasien&amp#27;[0m                                              &amp#27;[90m# starter.stepdefinitios.PatientDataSteps.openPageDataPasien()&amp#27;[0m
11:10:11.679 [Darkroom Processing Line] DEBUG net.serenitybdd.core.photography.DarkroomProcessingLine - Processing screenshot image in /var/screenshots/screenshot-6701422463454534782
11:10:11.679 [Darkroom Processing Line] DEBUG net.serenitybdd.core.photography.DarkroomProcessingLine - Saving screenshot to target\site\serenity\3b111ae00db26295d7ecbde886ea4451aead6619240013077047abd82e88d678.png
11:10:11.720 [Forwarding screenshot on session c84d4994e40f942852d17232c1b053ae to remote] DEBUG org.asynchttpclient.netty.request.NettyRequestSender - Using pooled Channel '[id: 0x965f44a9, L:/127.0.0.1:60961 - R:localhost/127.0.0.1:64411]' for 'GET' to 'http://localhost:64411/session/c84d4994e40f942852d17232c1b053ae/screenshot'
11:10:11.721 [Forwarding screenshot on session c84d4994e40f942852d17232c1b053ae to remote] DEBUG org.asynchttpclient.netty.request.NettyRequestSender - Using open Channel [id: 0x965f44a9, L:/127.0.0.1:60961 - R:localhost/127.0.0.1:64411] for GET '/session/c84d4994e40f942852d17232c1b053ae/screenshot'
11:10:11.922 [AsyncHttpClient-1-1] DEBUG org.asynchttpclient.netty.channel.DefaultChannelPool - Entry count for : http://localhost:60963 : 1
11:10:11.928 [AsyncHttpClient-1-5] DEBUG org.asynchttpclient.netty.handler.HttpHandler - 

Request DefaultFullHttpRequest(decodeResult: success, version: HTTP/1.1, content: EmptyByteBufBE)
GET /session/c84d4994e40f942852d17232c1b053ae/screenshot HTTP/1.1
User-Agent: selenium/4.1.2 (java windows)
Cache-Control: no-cache
Content-Type: application/json; charset=utf-8
host: localhost:64411
accept: */*

Response DefaultHttpResponse(decodeResult: success, version: HTTP/1.1)
HTTP/1.1 200 OK
Content-Type: application/json; charset=utf-8
cache-control: no-cache
content-length: 80392

11:10:11.929 [AsyncHttpClient-1-5] DEBUG org.asynchttpclient.netty.channel.ChannelManager - Adding key: http://localhost:64411 for channel [id: 0x965f44a9, L:/127.0.0.1:60961 - R:localhost/127.0.0.1:64411]
11:10:11.935 [main] DEBUG net.serenitybdd.core.photography.Darkroom - Send negative for processing for target\site\serenity\dbce523ad95c930192897a6512890d32a9e7c7471db2698a20acba5a54704e22.png
11:10:11.936 [Darkroom Processing Line] DEBUG net.serenitybdd.core.photography.DarkroomProcessingLine - Processing screenshot image in /var/screenshots/screenshot-17581178135962493396
11:10:11.937 [Darkroom Processing Line] DEBUG net.serenitybdd.core.photography.DarkroomProcessingLine - Saving screenshot to target\site\serenity\dbce523ad95c930192897a6512890d32a9e7c7471db2698a20acba5a54704e22.png
11:10:11.950 [main] DEBUG net.thucydides.core.steps.StepInterceptor - STARTING STEP: PatientDataSteps.clickButtonTambahData - clickButtonTambah
11:10:11.961 [Forwarding findElement on session c84d4994e40f942852d17232c1b053ae to remote] DEBUG org.asynchttpclient.netty.request.NettyRequestSender - Using pooled Channel '[id: 0x965f44a9, L:/127.0.0.1:60961 - R:localhost/127.0.0.1:64411]' for 'POST' to 'http://localhost:64411/session/c84d4994e40f942852d17232c1b053ae/element'
11:10:11.961 [Forwarding findElement on session c84d4994e40f942852d17232c1b053ae to remote] DEBUG org.asynchttpclient.netty.request.NettyRequestSender - Using open Channel [id: 0x965f44a9, L:/127.0.0.1:60961 - R:localhost/127.0.0.1:64411] for POST '/session/c84d4994e40f942852d17232c1b053ae/element'
11:10:11.992 [AsyncHttpClient-1-5] DEBUG org.asynchttpclient.netty.handler.HttpHandler - 

Request DefaultHttpRequest(decodeResult: success, version: HTTP/1.1)
POST /session/c84d4994e40f942852d17232c1b053ae/element HTTP/1.1
User-Agent: selenium/4.1.2 (java windows)
Content-Length: 109
Content-Type: application/json; charset=utf-8
host: localhost:64411
accept: */*

Response DefaultHttpResponse(decodeResult: success, version: HTTP/1.1)
HTTP/1.1 200 OK
Content-Type: application/json; charset=utf-8
cache-control: no-cache
content-length: 88

11:10:11.992 [AsyncHttpClient-1-5] DEBUG org.asynchttpclient.netty.channel.ChannelManager - Adding key: http://localhost:64411 for channel [id: 0x965f44a9, L:/127.0.0.1:60961 - R:localhost/127.0.0.1:64411]
11:10:11.994 [Forwarding getElementTagName on session c84d4994e40f942852d17232c1b053ae to remote] DEBUG org.asynchttpclient.netty.request.NettyRequestSender - Using pooled Channel '[id: 0x965f44a9, L:/127.0.0.1:60961 - R:localhost/127.0.0.1:64411]' for 'GET' to 'http://localhost:64411/session/c84d4994e40f942852d17232c1b053ae/element/6eccbfd3-c492-4159-99e2-9088276b8527/name'
11:10:11.994 [Forwarding getElementTagName on session c84d4994e40f942852d17232c1b053ae to remote] DEBUG org.asynchttpclient.netty.request.NettyRequestSender - Using open Channel [id: 0x965f44a9, L:/127.0.0.1:60961 - R:localhost/127.0.0.1:64411] for GET '/session/c84d4994e40f942852d17232c1b053ae/element/6eccbfd3-c492-4159-99e2-9088276b8527/name'
11:10:12.006 [AsyncHttpClient-1-5] DEBUG org.asynchttpclient.netty.handler.HttpHandler - 

Request DefaultFullHttpRequest(decodeResult: success, version: HTTP/1.1, content: EmptyByteBufBE)
GET /session/c84d4994e40f942852d17232c1b053ae/element/6eccbfd3-c492-4159-99e2-9088276b8527/name HTTP/1.1
User-Agent: selenium/4.1.2 (java windows)
Cache-Control: no-cache
Content-Type: application/json; charset=utf-8
host: localhost:64411
accept: */*

Response DefaultHttpResponse(decodeResult: success, version: HTTP/1.1)
HTTP/1.1 200 OK
Content-Type: application/json; charset=utf-8
cache-control: no-cache
content-length: 18

11:10:12.006 [AsyncHttpClient-1-5] DEBUG org.asynchttpclient.netty.channel.ChannelManager - Adding key: http://localhost:64411 for channel [id: 0x965f44a9, L:/127.0.0.1:60961 - R:localhost/127.0.0.1:64411]
11:10:12.008 [Forwarding getElementTagName on session c84d4994e40f942852d17232c1b053ae to remote] DEBUG org.asynchttpclient.netty.request.NettyRequestSender - Using pooled Channel '[id: 0x965f44a9, L:/127.0.0.1:60961 - R:localhost/127.0.0.1:64411]' for 'GET' to 'http://localhost:64411/session/c84d4994e40f942852d17232c1b053ae/element/6eccbfd3-c492-4159-99e2-9088276b8527/name'
11:10:12.008 [Forwarding getElementTagName on session c84d4994e40f942852d17232c1b053ae to remote] DEBUG org.asynchttpclient.netty.request.NettyRequestSender - Using open Channel [id: 0x965f44a9, L:/127.0.0.1:60961 - R:localhost/127.0.0.1:64411] for GET '/session/c84d4994e40f942852d17232c1b053ae/element/6eccbfd3-c492-4159-99e2-9088276b8527/name'
11:10:12.019 [AsyncHttpClient-1-5] DEBUG org.asynchttpclient.netty.handler.HttpHandler - 

Request DefaultFullHttpRequest(decodeResult: success, version: HTTP/1.1, content: EmptyByteBufBE)
GET /session/c84d4994e40f942852d17232c1b053ae/element/6eccbfd3-c492-4159-99e2-9088276b8527/name HTTP/1.1
User-Agent: selenium/4.1.2 (java windows)
Cache-Control: no-cache
Content-Type: application/json; charset=utf-8
host: localhost:64411
accept: */*

Response DefaultHttpResponse(decodeResult: success, version: HTTP/1.1)
HTTP/1.1 200 OK
Content-Type: application/json; charset=utf-8
cache-control: no-cache
content-length: 18

11:10:12.019 [AsyncHttpClient-1-5] DEBUG org.asynchttpclient.netty.channel.ChannelManager - Adding key: http://localhost:64411 for channel [id: 0x965f44a9, L:/127.0.0.1:60961 - R:localhost/127.0.0.1:64411]
11:10:12.023 [Forwarding isElementEnabled on session c84d4994e40f942852d17232c1b053ae to remote] DEBUG org.asynchttpclient.netty.request.NettyRequestSender - Using pooled Channel '[id: 0x965f44a9, L:/127.0.0.1:60961 - R:localhost/127.0.0.1:64411]' for 'GET' to 'http://localhost:64411/session/c84d4994e40f942852d17232c1b053ae/element/6eccbfd3-c492-4159-99e2-9088276b8527/enabled'
11:10:12.024 [Forwarding isElementEnabled on session c84d4994e40f942852d17232c1b053ae to remote] DEBUG org.asynchttpclient.netty.request.NettyRequestSender - Using open Channel [id: 0x965f44a9, L:/127.0.0.1:60961 - R:localhost/127.0.0.1:64411] for GET '/session/c84d4994e40f942852d17232c1b053ae/element/6eccbfd3-c492-4159-99e2-9088276b8527/enabled'
11:10:12.043 [AsyncHttpClient-1-5] DEBUG org.asynchttpclient.netty.handler.HttpHandler - 

Request DefaultFullHttpRequest(decodeResult: success, version: HTTP/1.1, content: EmptyByteBufBE)
GET /session/c84d4994e40f942852d17232c1b053ae/element/6eccbfd3-c492-4159-99e2-9088276b8527/enabled HTTP/1.1
User-Agent: selenium/4.1.2 (java windows)
Cache-Control: no-cache
Content-Type: application/json; charset=utf-8
host: localhost:64411
accept: */*

Response DefaultHttpResponse(decodeResult: success, version: HTTP/1.1)
HTTP/1.1 200 OK
Content-Type: application/json; charset=utf-8
cache-control: no-cache
content-length: 14

11:10:12.043 [AsyncHttpClient-1-5] DEBUG org.asynchttpclient.netty.channel.ChannelManager - Adding key: http://localhost:64411 for channel [id: 0x965f44a9, L:/127.0.0.1:60961 - R:localhost/127.0.0.1:64411]
11:10:12.046 [Forwarding isElementEnabled on session c84d4994e40f942852d17232c1b053ae to remote] DEBUG org.asynchttpclient.netty.request.NettyRequestSender - Using pooled Channel '[id: 0x965f44a9, L:/127.0.0.1:60961 - R:localhost/127.0.0.1:64411]' for 'GET' to 'http://localhost:64411/session/c84d4994e40f942852d17232c1b053ae/element/6eccbfd3-c492-4159-99e2-9088276b8527/enabled'
11:10:12.046 [Forwarding isElementEnabled on session c84d4994e40f942852d17232c1b053ae to remote] DEBUG org.asynchttpclient.netty.request.NettyRequestSender - Using open Channel [id: 0x965f44a9, L:/127.0.0.1:60961 - R:localhost/127.0.0.1:64411] for GET '/session/c84d4994e40f942852d17232c1b053ae/element/6eccbfd3-c492-4159-99e2-9088276b8527/enabled'
11:10:12.061 [AsyncHttpClient-1-5] DEBUG org.asynchttpclient.netty.handler.HttpHandler - 

Request DefaultFullHttpRequest(decodeResult: success, version: HTTP/1.1, content: EmptyByteBufBE)
GET /session/c84d4994e40f942852d17232c1b053ae/element/6eccbfd3-c492-4159-99e2-9088276b8527/enabled HTTP/1.1
User-Agent: selenium/4.1.2 (java windows)
Cache-Control: no-cache
Content-Type: application/json; charset=utf-8
host: localhost:64411
accept: */*

Response DefaultHttpResponse(decodeResult: success, version: HTTP/1.1)
HTTP/1.1 200 OK
Content-Type: application/json; charset=utf-8
cache-control: no-cache
content-length: 14

11:10:12.061 [AsyncHttpClient-1-5] DEBUG org.asynchttpclient.netty.channel.ChannelManager - Adding key: http://localhost:64411 for channel [id: 0x965f44a9, L:/127.0.0.1:60961 - R:localhost/127.0.0.1:64411]
11:10:12.066 [Forwarding findElement on session c84d4994e40f942852d17232c1b053ae to remote] DEBUG org.asynchttpclient.netty.request.NettyRequestSender - Using pooled Channel '[id: 0x965f44a9, L:/127.0.0.1:60961 - R:localhost/127.0.0.1:64411]' for 'POST' to 'http://localhost:64411/session/c84d4994e40f942852d17232c1b053ae/element'
11:10:12.066 [Forwarding findElement on session c84d4994e40f942852d17232c1b053ae to remote] DEBUG org.asynchttpclient.netty.request.NettyRequestSender - Using open Channel [id: 0x965f44a9, L:/127.0.0.1:60961 - R:localhost/127.0.0.1:64411] for POST '/session/c84d4994e40f942852d17232c1b053ae/element'
11:10:12.084 [AsyncHttpClient-1-5] DEBUG org.asynchttpclient.netty.handler.HttpHandler - 

Request DefaultHttpRequest(decodeResult: success, version: HTTP/1.1)
POST /session/c84d4994e40f942852d17232c1b053ae/element HTTP/1.1
User-Agent: selenium/4.1.2 (java windows)
Content-Length: 109
Content-Type: application/json; charset=utf-8
host: localhost:64411
accept: */*

Response DefaultHttpResponse(decodeResult: success, version: HTTP/1.1)
HTTP/1.1 200 OK
Content-Type: application/json; charset=utf-8
cache-control: no-cache
content-length: 88

11:10:12.084 [AsyncHttpClient-1-5] DEBUG org.asynchttpclient.netty.channel.ChannelManager - Adding key: http://localhost:64411 for channel [id: 0x965f44a9, L:/127.0.0.1:60961 - R:localhost/127.0.0.1:64411]
11:10:12.086 [Forwarding clickElement on session c84d4994e40f942852d17232c1b053ae to remote] DEBUG org.asynchttpclient.netty.request.NettyRequestSender - Using pooled Channel '[id: 0x965f44a9, L:/127.0.0.1:60961 - R:localhost/127.0.0.1:64411]' for 'POST' to 'http://localhost:64411/session/c84d4994e40f942852d17232c1b053ae/element/6eccbfd3-c492-4159-99e2-9088276b8527/click'
11:10:12.086 [Forwarding clickElement on session c84d4994e40f942852d17232c1b053ae to remote] DEBUG org.asynchttpclient.netty.request.NettyRequestSender - Using open Channel [id: 0x965f44a9, L:/127.0.0.1:60961 - R:localhost/127.0.0.1:64411] for POST '/session/c84d4994e40f942852d17232c1b053ae/element/6eccbfd3-c492-4159-99e2-9088276b8527/click'
11:10:12.596 [AsyncHttpClient-1-5] DEBUG org.asynchttpclient.netty.handler.HttpHandler - 

Request DefaultHttpRequest(decodeResult: success, version: HTTP/1.1)
POST /session/c84d4994e40f942852d17232c1b053ae/element/6eccbfd3-c492-4159-99e2-9088276b8527/click HTTP/1.1
User-Agent: selenium/4.1.2 (java windows)
Content-Length: 50
Content-Type: application/json; charset=utf-8
host: localhost:64411
accept: */*

Response DefaultHttpResponse(decodeResult: success, version: HTTP/1.1)
HTTP/1.1 200 OK
Content-Type: application/json; charset=utf-8
cache-control: no-cache
content-length: 14

11:10:12.596 [AsyncHttpClient-1-5] DEBUG org.asynchttpclient.netty.channel.ChannelManager - Adding key: http://localhost:64411 for channel [id: 0x965f44a9, L:/127.0.0.1:60961 - R:localhost/127.0.0.1:64411]
11:10:12.619 [Forwarding screenshot on session c84d4994e40f942852d17232c1b053ae to remote] DEBUG org.asynchttpclient.netty.request.NettyRequestSender - Using pooled Channel '[id: 0x965f44a9, L:/127.0.0.1:60961 - R:localhost/127.0.0.1:64411]' for 'GET' to 'http://localhost:64411/session/c84d4994e40f942852d17232c1b053ae/screenshot'
11:10:12.619 [Forwarding screenshot on session c84d4994e40f942852d17232c1b053ae to remote] DEBUG org.asynchttpclient.netty.request.NettyRequestSender - Using open Channel [id: 0x965f44a9, L:/127.0.0.1:60961 - R:localhost/127.0.0.1:64411] for GET '/session/c84d4994e40f942852d17232c1b053ae/screenshot'
11:10:13.019 [AsyncHttpClient-1-1] DEBUG org.asynchttpclient.netty.channel.DefaultChannelPool - Entry count for : http://localhost:60963 : 1
11:10:13.145 [AsyncHttpClient-1-5] DEBUG org.asynchttpclient.netty.handler.HttpHandler - 

Request DefaultFullHttpRequest(decodeResult: success, version: HTTP/1.1, content: EmptyByteBufBE)
GET /session/c84d4994e40f942852d17232c1b053ae/screenshot HTTP/1.1
User-Agent: selenium/4.1.2 (java windows)
Cache-Control: no-cache
Content-Type: application/json; charset=utf-8
host: localhost:64411
accept: */*

Response DefaultHttpResponse(decodeResult: success, version: HTTP/1.1)
HTTP/1.1 200 OK
Content-Type: application/json; charset=utf-8
cache-control: no-cache
content-length: 50504

11:10:13.146 [AsyncHttpClient-1-5] DEBUG org.asynchttpclient.netty.channel.ChannelManager - Adding key: http://localhost:64411 for channel [id: 0x965f44a9, L:/127.0.0.1:60961 - R:localhost/127.0.0.1:64411]
11:10:13.152 [main] DEBUG net.serenitybdd.core.photography.Darkroom - Send negative for processing for target\site\serenity\9b46d6d3c6d50f31c5127c07f12cc8a5aa88b032819cd58a358cc44d09e3495e.png
11:10:13.152 [main] DEBUG net.thucydides.core.steps.StepInterceptor - STEP DONE: clickButtonTambah
  &amp#27;[32mWhen &amp#27;[0m&amp#27;[32mClick button tambah data&amp#27;[0m                                            &amp#27;[90m# starter.stepdefinitios.PatientDataSteps.clickButtonTambahData()&amp#27;[0m
11:10:13.153 [Darkroom Processing Line] DEBUG net.serenitybdd.core.photography.DarkroomProcessingLine - Processing screenshot image in /var/screenshots/screenshot-14251518391079827257
11:10:13.153 [Darkroom Processing Line] DEBUG net.serenitybdd.core.photography.DarkroomProcessingLine - Saving screenshot to target\site\serenity\9b46d6d3c6d50f31c5127c07f12cc8a5aa88b032819cd58a358cc44d09e3495e.png
11:10:13.710 [Forwarding screenshot on session c84d4994e40f942852d17232c1b053ae to remote] DEBUG org.asynchttpclient.netty.request.NettyRequestSender - Using pooled Channel '[id: 0x965f44a9, L:/127.0.0.1:60961 - R:localhost/127.0.0.1:64411]' for 'GET' to 'http://localhost:64411/session/c84d4994e40f942852d17232c1b053ae/screenshot'
11:10:13.710 [Forwarding screenshot on session c84d4994e40f942852d17232c1b053ae to remote] DEBUG org.asynchttpclient.netty.request.NettyRequestSender - Using open Channel [id: 0x965f44a9, L:/127.0.0.1:60961 - R:localhost/127.0.0.1:64411] for GET '/session/c84d4994e40f942852d17232c1b053ae/screenshot'
11:10:14.106 [AsyncHttpClient-1-5] DEBUG org.asynchttpclient.netty.handler.HttpHandler - 

Request DefaultFullHttpRequest(decodeResult: success, version: HTTP/1.1, content: EmptyByteBufBE)
GET /session/c84d4994e40f942852d17232c1b053ae/screenshot HTTP/1.1
User-Agent: selenium/4.1.2 (java windows)
Cache-Control: no-cache
Content-Type: application/json; charset=utf-8
host: localhost:64411
accept: */*

Response DefaultHttpResponse(decodeResult: success, version: HTTP/1.1)
HTTP/1.1 200 OK
Content-Type: application/json; charset=utf-8
cache-control: no-cache
content-length: 397960

11:10:14.112 [AsyncHttpClient-1-5] DEBUG org.asynchttpclient.netty.channel.ChannelManager - Adding key: http://localhost:64411 for channel [id: 0x965f44a9, L:/127.0.0.1:60961 - R:localhost/127.0.0.1:64411]
11:10:14.138 [AsyncHttpClient-1-1] DEBUG org.asynchttpclient.netty.channel.DefaultChannelPool - Entry count for : http://localhost:64411 : 1
11:10:14.138 [AsyncHttpClient-1-1] DEBUG org.asynchttpclient.netty.channel.DefaultChannelPool - Entry count for : http://localhost:60963 : 1
11:10:14.151 [main] DEBUG net.serenitybdd.core.photography.Darkroom - Send negative for processing for target\site\serenity\cbeceb493b3cc14d3791ff263ea0078986a8fbc23e395c454f06e0ce9a24f68d.png
11:10:14.152 [main] DEBUG net.thucydides.core.steps.StepInterceptor - STARTING STEP: PatientDataSteps.iInput - inputDataPasien
11:10:14.156 [Forwarding findElement on session c84d4994e40f942852d17232c1b053ae to remote] DEBUG org.asynchttpclient.netty.request.NettyRequestSender - Using pooled Channel '[id: 0x965f44a9, L:/127.0.0.1:60961 - R:localhost/127.0.0.1:64411]' for 'POST' to 'http://localhost:64411/session/c84d4994e40f942852d17232c1b053ae/element'
11:10:14.156 [Forwarding findElement on session c84d4994e40f942852d17232c1b053ae to remote] DEBUG org.asynchttpclient.netty.request.NettyRequestSender - Using open Channel [id: 0x965f44a9, L:/127.0.0.1:60961 - R:localhost/127.0.0.1:64411] for POST '/session/c84d4994e40f942852d17232c1b053ae/element'
11:10:14.161 [Darkroom Processing Line] DEBUG net.serenitybdd.core.photography.DarkroomProcessingLine - Processing screenshot image in /var/screenshots/screenshot-2129254011587622068
11:10:14.161 [Darkroom Processing Line] DEBUG net.serenitybdd.core.photography.DarkroomProcessingLine - Saving screenshot to target\site\serenity\cbeceb493b3cc14d3791ff263ea0078986a8fbc23e395c454f06e0ce9a24f68d.png
11:10:14.235 [AsyncHttpClient-1-5] DEBUG org.asynchttpclient.netty.handler.HttpHandler - 

Request DefaultHttpRequest(decodeResult: success, version: HTTP/1.1)
POST /session/c84d4994e40f942852d17232c1b053ae/element HTTP/1.1
User-Agent: selenium/4.1.2 (java windows)
Content-Length: 166
Content-Type: application/json; charset=utf-8
host: localhost:64411
accept: */*

Response DefaultHttpResponse(decodeResult: success, version: HTTP/1.1)
HTTP/1.1 200 OK
Content-Type: application/json; charset=utf-8
cache-control: no-cache
content-length: 88

11:10:14.235 [AsyncHttpClient-1-5] DEBUG org.asynchttpclient.netty.channel.ChannelManager - Adding key: http://localhost:64411 for channel [id: 0x965f44a9, L:/127.0.0.1:60961 - R:localhost/127.0.0.1:64411]
11:10:14.238 [Forwarding sendKeysToElement on session c84d4994e40f942852d17232c1b053ae to remote] DEBUG org.asynchttpclient.netty.request.NettyRequestSender - Using pooled Channel '[id: 0x965f44a9, L:/127.0.0.1:60961 - R:localhost/127.0.0.1:64411]' for 'POST' to 'http://localhost:64411/session/c84d4994e40f942852d17232c1b053ae/element/b22124a7-0252-4ff0-8026-7c1697719a31/value'
11:10:14.238 [Forwarding sendKeysToElement on session c84d4994e40f942852d17232c1b053ae to remote] DEBUG org.asynchttpclient.netty.request.NettyRequestSender - Using open Channel [id: 0x965f44a9, L:/127.0.0.1:60961 - R:localhost/127.0.0.1:64411] for POST '/session/c84d4994e40f942852d17232c1b053ae/element/b22124a7-0252-4ff0-8026-7c1697719a31/value'
11:10:14.842 [AsyncHttpClient-1-5] DEBUG org.asynchttpclient.netty.handler.HttpHandler - 

Request DefaultHttpRequest(decodeResult: success, version: HTTP/1.1)
POST /session/c84d4994e40f942852d17232c1b053ae/element/b22124a7-0252-4ff0-8026-7c1697719a31/value HTTP/1.1
User-Agent: selenium/4.1.2 (java windows)
Content-Length: 131
Content-Type: application/json; charset=utf-8
host: localhost:64411
accept: */*

Response DefaultHttpResponse(decodeResult: success, version: HTTP/1.1)
HTTP/1.1 200 OK
Content-Type: application/json; charset=utf-8
cache-control: no-cache
content-length: 14

11:10:14.843 [AsyncHttpClient-1-5] DEBUG org.asynchttpclient.netty.channel.ChannelManager - Adding key: http://localhost:64411 for channel [id: 0x965f44a9, L:/127.0.0.1:60961 - R:localhost/127.0.0.1:64411]
11:10:14.849 [Forwarding findElement on session c84d4994e40f942852d17232c1b053ae to remote] DEBUG org.asynchttpclient.netty.request.NettyRequestSender - Using pooled Channel '[id: 0x965f44a9, L:/127.0.0.1:60961 - R:localhost/127.0.0.1:64411]' for 'POST' to 'http://localhost:64411/session/c84d4994e40f942852d17232c1b053ae/element'
11:10:14.849 [Forwarding findElement on session c84d4994e40f942852d17232c1b053ae to remote] DEBUG org.asynchttpclient.netty.request.NettyRequestSender - Using open Channel [id: 0x965f44a9, L:/127.0.0.1:60961 - R:localhost/127.0.0.1:64411] for POST '/session/c84d4994e40f942852d17232c1b053ae/element'
11:10:14.876 [AsyncHttpClient-1-5] DEBUG org.asynchttpclient.netty.handler.HttpHandler - 

Request DefaultHttpRequest(decodeResult: success, version: HTTP/1.1)
POST /session/c84d4994e40f942852d17232c1b053ae/element HTTP/1.1
User-Agent: selenium/4.1.2 (java windows)
Content-Length: 166
Content-Type: application/json; charset=utf-8
host: localhost:64411
accept: */*

Response DefaultHttpResponse(decodeResult: success, version: HTTP/1.1)
HTTP/1.1 200 OK
Content-Type: application/json; charset=utf-8
cache-control: no-cache
content-length: 88

11:10:14.877 [AsyncHttpClient-1-5] DEBUG org.asynchttpclient.netty.channel.ChannelManager - Adding key: http://localhost:64411 for channel [id: 0x965f44a9, L:/127.0.0.1:60961 - R:localhost/127.0.0.1:64411]
11:10:14.884 [Forwarding sendKeysToElement on session c84d4994e40f942852d17232c1b053ae to remote] DEBUG org.asynchttpclient.netty.request.NettyRequestSender - Using pooled Channel '[id: 0x965f44a9, L:/127.0.0.1:60961 - R:localhost/127.0.0.1:64411]' for 'POST' to 'http://localhost:64411/session/c84d4994e40f942852d17232c1b053ae/element/690966af-f674-400c-acc1-6c87b83ff4d0/value'
11:10:14.884 [Forwarding sendKeysToElement on session c84d4994e40f942852d17232c1b053ae to remote] DEBUG org.asynchttpclient.netty.request.NettyRequestSender - Using open Channel [id: 0x965f44a9, L:/127.0.0.1:60961 - R:localhost/127.0.0.1:64411] for POST '/session/c84d4994e40f942852d17232c1b053ae/element/690966af-f674-400c-acc1-6c87b83ff4d0/value'
11:10:15.219 [AsyncHttpClient-1-1] DEBUG org.asynchttpclient.netty.channel.DefaultChannelPool - Entry count for : http://localhost:60963 : 1
11:10:15.392 [AsyncHttpClient-1-5] DEBUG org.asynchttpclient.netty.handler.HttpHandler - 

Request DefaultHttpRequest(decodeResult: success, version: HTTP/1.1)
POST /session/c84d4994e40f942852d17232c1b053ae/element/690966af-f674-400c-acc1-6c87b83ff4d0/value HTTP/1.1
User-Agent: selenium/4.1.2 (java windows)
Content-Length: 181
Content-Type: application/json; charset=utf-8
host: localhost:64411
accept: */*

Response DefaultHttpResponse(decodeResult: success, version: HTTP/1.1)
HTTP/1.1 200 OK
Content-Type: application/json; charset=utf-8
cache-control: no-cache
content-length: 14

11:10:15.392 [AsyncHttpClient-1-5] DEBUG org.asynchttpclient.netty.channel.ChannelManager - Adding key: http://localhost:64411 for channel [id: 0x965f44a9, L:/127.0.0.1:60961 - R:localhost/127.0.0.1:64411]
11:10:15.397 [Forwarding findElement on session c84d4994e40f942852d17232c1b053ae to remote] DEBUG org.asynchttpclient.netty.request.NettyRequestSender - Using pooled Channel '[id: 0x965f44a9, L:/127.0.0.1:60961 - R:localhost/127.0.0.1:64411]' for 'POST' to 'http://localhost:64411/session/c84d4994e40f942852d17232c1b053ae/element'
11:10:15.397 [Forwarding findElement on session c84d4994e40f942852d17232c1b053ae to remote] DEBUG org.asynchttpclient.netty.request.NettyRequestSender - Using open Channel [id: 0x965f44a9, L:/127.0.0.1:60961 - R:localhost/127.0.0.1:64411] for POST '/session/c84d4994e40f942852d17232c1b053ae/element'
11:10:15.425 [AsyncHttpClient-1-5] DEBUG org.asynchttpclient.netty.handler.HttpHandler - 

Request DefaultHttpRequest(decodeResult: success, version: HTTP/1.1)
POST /session/c84d4994e40f942852d17232c1b053ae/element HTTP/1.1
User-Agent: selenium/4.1.2 (java windows)
Content-Length: 166
Content-Type: application/json; charset=utf-8
host: localhost:64411
accept: */*

Response DefaultHttpResponse(decodeResult: success, version: HTTP/1.1)
HTTP/1.1 200 OK
Content-Type: application/json; charset=utf-8
cache-control: no-cache
content-length: 88

11:10:15.425 [AsyncHttpClient-1-5] DEBUG org.asynchttpclient.netty.channel.ChannelManager - Adding key: http://localhost:64411 for channel [id: 0x965f44a9, L:/127.0.0.1:60961 - R:localhost/127.0.0.1:64411]
11:10:15.427 [Forwarding sendKeysToElement on session c84d4994e40f942852d17232c1b053ae to remote] DEBUG org.asynchttpclient.netty.request.NettyRequestSender - Using pooled Channel '[id: 0x965f44a9, L:/127.0.0.1:60961 - R:localhost/127.0.0.1:64411]' for 'POST' to 'http://localhost:64411/session/c84d4994e40f942852d17232c1b053ae/element/6bbe2bfb-9247-43cc-bc79-6ccd5f992510/value'
11:10:15.428 [Forwarding sendKeysToElement on session c84d4994e40f942852d17232c1b053ae to remote] DEBUG org.asynchttpclient.netty.request.NettyRequestSender - Using open Channel [id: 0x965f44a9, L:/127.0.0.1:60961 - R:localhost/127.0.0.1:64411] for POST '/session/c84d4994e40f942852d17232c1b053ae/element/6bbe2bfb-9247-43cc-bc79-6ccd5f992510/value'
11:10:15.672 [AsyncHttpClient-1-5] DEBUG org.asynchttpclient.netty.handler.HttpHandler - 

Request DefaultHttpRequest(decodeResult: success, version: HTTP/1.1)
POST /session/c84d4994e40f942852d17232c1b053ae/element/6bbe2bfb-9247-43cc-bc79-6ccd5f992510/value HTTP/1.1
User-Agent: selenium/4.1.2 (java windows)
Content-Length: 101
Content-Type: application/json; charset=utf-8
host: localhost:64411
accept: */*

Response DefaultHttpResponse(decodeResult: success, version: HTTP/1.1)
HTTP/1.1 200 OK
Content-Type: application/json; charset=utf-8
cache-control: no-cache
content-length: 14

11:10:15.673 [AsyncHttpClient-1-5] DEBUG org.asynchttpclient.netty.channel.ChannelManager - Adding key: http://localhost:64411 for channel [id: 0x965f44a9, L:/127.0.0.1:60961 - R:localhost/127.0.0.1:64411]
11:10:15.677 [Forwarding findElement on session c84d4994e40f942852d17232c1b053ae to remote] DEBUG org.asynchttpclient.netty.request.NettyRequestSender - Using pooled Channel '[id: 0x965f44a9, L:/127.0.0.1:60961 - R:localhost/127.0.0.1:64411]' for 'POST' to 'http://localhost:64411/session/c84d4994e40f942852d17232c1b053ae/element'
11:10:15.677 [Forwarding findElement on session c84d4994e40f942852d17232c1b053ae to remote] DEBUG org.asynchttpclient.netty.request.NettyRequestSender - Using open Channel [id: 0x965f44a9, L:/127.0.0.1:60961 - R:localhost/127.0.0.1:64411] for POST '/session/c84d4994e40f942852d17232c1b053ae/element'
11:10:15.726 [AsyncHttpClient-1-5] DEBUG org.asynchttpclient.netty.handler.HttpHandler - 

Request DefaultHttpRequest(decodeResult: success, version: HTTP/1.1)
POST /session/c84d4994e40f942852d17232c1b053ae/element HTTP/1.1
User-Agent: selenium/4.1.2 (java windows)
Content-Length: 166
Content-Type: application/json; charset=utf-8
host: localhost:64411
accept: */*

Response DefaultHttpResponse(decodeResult: success, version: HTTP/1.1)
HTTP/1.1 200 OK
Content-Type: application/json; charset=utf-8
cache-control: no-cache
content-length: 88

11:10:15.726 [AsyncHttpClient-1-5] DEBUG org.asynchttpclient.netty.channel.ChannelManager - Adding key: http://localhost:64411 for channel [id: 0x965f44a9, L:/127.0.0.1:60961 - R:localhost/127.0.0.1:64411]
11:10:15.733 [Forwarding sendKeysToElement on session c84d4994e40f942852d17232c1b053ae to remote] DEBUG org.asynchttpclient.netty.request.NettyRequestSender - Using pooled Channel '[id: 0x965f44a9, L:/127.0.0.1:60961 - R:localhost/127.0.0.1:64411]' for 'POST' to 'http://localhost:64411/session/c84d4994e40f942852d17232c1b053ae/element/0d45439f-3eff-4752-bf7a-56dce14d0059/value'
11:10:15.733 [Forwarding sendKeysToElement on session c84d4994e40f942852d17232c1b053ae to remote] DEBUG org.asynchttpclient.netty.request.NettyRequestSender - Using open Channel [id: 0x965f44a9, L:/127.0.0.1:60961 - R:localhost/127.0.0.1:64411] for POST '/session/c84d4994e40f942852d17232c1b053ae/element/0d45439f-3eff-4752-bf7a-56dce14d0059/value'
11:10:16.347 [AsyncHttpClient-1-1] DEBUG org.asynchttpclient.netty.channel.DefaultChannelPool - Entry count for : http://localhost:60963 : 1
11:10:16.357 [AsyncHttpClient-1-5] DEBUG org.asynchttpclient.netty.handler.HttpHandler - 

Request DefaultHttpRequest(decodeResult: success, version: HTTP/1.1)
POST /session/c84d4994e40f942852d17232c1b053ae/element/0d45439f-3eff-4752-bf7a-56dce14d0059/value HTTP/1.1
User-Agent: selenium/4.1.2 (java windows)
Content-Length: 191
Content-Type: application/json; charset=utf-8
host: localhost:64411
accept: */*

Response DefaultHttpResponse(decodeResult: success, version: HTTP/1.1)
HTTP/1.1 200 OK
Content-Type: application/json; charset=utf-8
cache-control: no-cache
content-length: 14

11:10:16.357 [AsyncHttpClient-1-5] DEBUG org.asynchttpclient.netty.channel.ChannelManager - Adding key: http://localhost:64411 for channel [id: 0x965f44a9, L:/127.0.0.1:60961 - R:localhost/127.0.0.1:64411]
11:10:16.363 [Forwarding findElement on session c84d4994e40f942852d17232c1b053ae to remote] DEBUG org.asynchttpclient.netty.request.NettyRequestSender - Using pooled Channel '[id: 0x965f44a9, L:/127.0.0.1:60961 - R:localhost/127.0.0.1:64411]' for 'POST' to 'http://localhost:64411/session/c84d4994e40f942852d17232c1b053ae/element'
11:10:16.363 [Forwarding findElement on session c84d4994e40f942852d17232c1b053ae to remote] DEBUG org.asynchttpclient.netty.request.NettyRequestSender - Using open Channel [id: 0x965f44a9, L:/127.0.0.1:60961 - R:localhost/127.0.0.1:64411] for POST '/session/c84d4994e40f942852d17232c1b053ae/element'
11:10:16.408 [AsyncHttpClient-1-5] DEBUG org.asynchttpclient.netty.handler.HttpHandler - 

Request DefaultHttpRequest(decodeResult: success, version: HTTP/1.1)
POST /session/c84d4994e40f942852d17232c1b053ae/element HTTP/1.1
User-Agent: selenium/4.1.2 (java windows)
Content-Length: 173
Content-Type: application/json; charset=utf-8
host: localhost:64411
accept: */*

Response DefaultHttpResponse(decodeResult: success, version: HTTP/1.1)
HTTP/1.1 200 OK
Content-Type: application/json; charset=utf-8
cache-control: no-cache
content-length: 88

11:10:16.409 [AsyncHttpClient-1-5] DEBUG org.asynchttpclient.netty.channel.ChannelManager - Adding key: http://localhost:64411 for channel [id: 0x965f44a9, L:/127.0.0.1:60961 - R:localhost/127.0.0.1:64411]
11:10:16.412 [Forwarding sendKeysToElement on session c84d4994e40f942852d17232c1b053ae to remote] DEBUG org.asynchttpclient.netty.request.NettyRequestSender - Using pooled Channel '[id: 0x965f44a9, L:/127.0.0.1:60961 - R:localhost/127.0.0.1:64411]' for 'POST' to 'http://localhost:64411/session/c84d4994e40f942852d17232c1b053ae/element/bd03596e-7d5a-40b7-adce-0c9f19869856/value'
11:10:16.412 [Forwarding sendKeysToElement on session c84d4994e40f942852d17232c1b053ae to remote] DEBUG org.asynchttpclient.netty.request.NettyRequestSender - Using open Channel [id: 0x965f44a9, L:/127.0.0.1:60961 - R:localhost/127.0.0.1:64411] for POST '/session/c84d4994e40f942852d17232c1b053ae/element/bd03596e-7d5a-40b7-adce-0c9f19869856/value'
11:10:16.825 [AsyncHttpClient-1-5] DEBUG org.asynchttpclient.netty.handler.HttpHandler - 

Request DefaultHttpRequest(decodeResult: success, version: HTTP/1.1)
POST /session/c84d4994e40f942852d17232c1b053ae/element/bd03596e-7d5a-40b7-adce-0c9f19869856/value HTTP/1.1
User-Agent: selenium/4.1.2 (java windows)
Content-Length: 171
Content-Type: application/json; charset=utf-8
host: localhost:64411
accept: */*

Response DefaultHttpResponse(decodeResult: success, version: HTTP/1.1)
HTTP/1.1 200 OK
Content-Type: application/json; charset=utf-8
cache-control: no-cache
content-length: 14

11:10:16.825 [AsyncHttpClient-1-5] DEBUG org.asynchttpclient.netty.channel.ChannelManager - Adding key: http://localhost:64411 for channel [id: 0x965f44a9, L:/127.0.0.1:60961 - R:localhost/127.0.0.1:64411]
11:10:16.839 [Forwarding screenshot on session c84d4994e40f942852d17232c1b053ae to remote] DEBUG org.asynchttpclient.netty.request.NettyRequestSender - Using pooled Channel '[id: 0x965f44a9, L:/127.0.0.1:60961 - R:localhost/127.0.0.1:64411]' for 'GET' to 'http://localhost:64411/session/c84d4994e40f942852d17232c1b053ae/screenshot'
11:10:16.839 [Forwarding screenshot on session c84d4994e40f942852d17232c1b053ae to remote] DEBUG org.asynchttpclient.netty.request.NettyRequestSender - Using open Channel [id: 0x965f44a9, L:/127.0.0.1:60961 - R:localhost/127.0.0.1:64411] for GET '/session/c84d4994e40f942852d17232c1b053ae/screenshot'
11:10:17.233 [AsyncHttpClient-1-5] DEBUG org.asynchttpclient.netty.handler.HttpHandler - 

Request DefaultFullHttpRequest(decodeResult: success, version: HTTP/1.1, content: EmptyByteBufBE)
GET /session/c84d4994e40f942852d17232c1b053ae/screenshot HTTP/1.1
User-Agent: selenium/4.1.2 (java windows)
Cache-Control: no-cache
Content-Type: application/json; charset=utf-8
host: localhost:64411
accept: */*

Response DefaultHttpResponse(decodeResult: success, version: HTTP/1.1)
HTTP/1.1 200 OK
Content-Type: application/json; charset=utf-8
cache-control: no-cache
content-length: 405208

11:10:17.235 [AsyncHttpClient-1-5] DEBUG org.asynchttpclient.netty.channel.ChannelManager - Adding key: http://localhost:64411 for channel [id: 0x965f44a9, L:/127.0.0.1:60961 - R:localhost/127.0.0.1:64411]
11:10:17.263 [main] DEBUG net.serenitybdd.core.photography.Darkroom - Send negative for processing for target\site\serenity\9dbf1ec1cfe650bb497b4ead095cf115952943e6ca452d24892ce4092e098503.png
11:10:17.264 [main] DEBUG net.thucydides.core.steps.StepInterceptor - STEP DONE: inputDataPasien
  &amp#27;[32mThen &amp#27;[0m&amp#27;[32mI input &amp#27;[0m&amp#27;[32m&amp#27;[1m"Bagas"&amp#27;[0m&amp#27;[32m &amp#27;[0m&amp#27;[32m&amp#27;[1m"1234479680"&amp#27;[0m&amp#27;[32m &amp#27;[0m&amp#27;[32m&amp#27;[1m"20"&amp#27;[0m&amp#27;[32m &amp#27;[0m&amp#27;[32m&amp#27;[1m"01294657612"&amp#27;[0m&amp#27;[32m &amp#27;[0m&amp#27;[32m&amp#27;[1m"perumahan"&amp#27;[0m&amp#27;[32m patient&amp#27;[0m &amp#27;[90m# starter.stepdefinitios.PatientDataSteps.iInput(java.lang.String,java.lang.String,java.lang.String,java.lang.String,java.lang.String)&amp#27;[0m
11:10:17.274 [Darkroom Processing Line] DEBUG net.serenitybdd.core.photography.DarkroomProcessingLine - Processing screenshot image in /var/screenshots/screenshot-15817484401242649055
11:10:17.274 [Darkroom Processing Line] DEBUG net.serenitybdd.core.photography.DarkroomProcessingLine - Saving screenshot to target\site\serenity\9dbf1ec1cfe650bb497b4ead095cf115952943e6ca452d24892ce4092e098503.png
11:10:17.313 [main] DEBUG net.thucydides.core.steps.StepInterceptor - STARTING STEP: PatientDataSteps.iClickButtonJenisKelamin - clickLaki
11:10:17.325 [Forwarding findElement on session c84d4994e40f942852d17232c1b053ae to remote] DEBUG org.asynchttpclient.netty.request.NettyRequestSender - Using pooled Channel '[id: 0x965f44a9, L:/127.0.0.1:60961 - R:localhost/127.0.0.1:64411]' for 'POST' to 'http://localhost:64411/session/c84d4994e40f942852d17232c1b053ae/element'
11:10:17.326 [Forwarding findElement on session c84d4994e40f942852d17232c1b053ae to remote] DEBUG org.asynchttpclient.netty.request.NettyRequestSender - Using open Channel [id: 0x965f44a9, L:/127.0.0.1:60961 - R:localhost/127.0.0.1:64411] for POST '/session/c84d4994e40f942852d17232c1b053ae/element'
11:10:17.374 [AsyncHttpClient-1-5] DEBUG org.asynchttpclient.netty.handler.HttpHandler - 

Request DefaultHttpRequest(decodeResult: success, version: HTTP/1.1)
POST /session/c84d4994e40f942852d17232c1b053ae/element HTTP/1.1
User-Agent: selenium/4.1.2 (java windows)
Content-Length: 179
Content-Type: application/json; charset=utf-8
host: localhost:64411
accept: */*

Response DefaultHttpResponse(decodeResult: success, version: HTTP/1.1)
HTTP/1.1 200 OK
Content-Type: application/json; charset=utf-8
cache-control: no-cache
content-length: 88

11:10:17.374 [AsyncHttpClient-1-5] DEBUG org.asynchttpclient.netty.channel.ChannelManager - Adding key: http://localhost:64411 for channel [id: 0x965f44a9, L:/127.0.0.1:60961 - R:localhost/127.0.0.1:64411]
11:10:17.377 [Forwarding getElementTagName on session c84d4994e40f942852d17232c1b053ae to remote] DEBUG org.asynchttpclient.netty.request.NettyRequestSender - Using pooled Channel '[id: 0x965f44a9, L:/127.0.0.1:60961 - R:localhost/127.0.0.1:64411]' for 'GET' to 'http://localhost:64411/session/c84d4994e40f942852d17232c1b053ae/element/0e3f2f7e-131b-4ccd-8b02-85ae0589d720/name'
11:10:17.377 [Forwarding getElementTagName on session c84d4994e40f942852d17232c1b053ae to remote] DEBUG org.asynchttpclient.netty.request.NettyRequestSender - Using open Channel [id: 0x965f44a9, L:/127.0.0.1:60961 - R:localhost/127.0.0.1:64411] for GET '/session/c84d4994e40f942852d17232c1b053ae/element/0e3f2f7e-131b-4ccd-8b02-85ae0589d720/name'
11:10:17.439 [AsyncHttpClient-1-1] DEBUG org.asynchttpclient.netty.channel.DefaultChannelPool - Entry count for : http://localhost:60963 : 1
11:10:17.441 [AsyncHttpClient-1-5] DEBUG org.asynchttpclient.netty.handler.HttpHandler - 

Request DefaultFullHttpRequest(decodeResult: success, version: HTTP/1.1, content: EmptyByteBufBE)
GET /session/c84d4994e40f942852d17232c1b053ae/element/0e3f2f7e-131b-4ccd-8b02-85ae0589d720/name HTTP/1.1
User-Agent: selenium/4.1.2 (java windows)
Cache-Control: no-cache
Content-Type: application/json; charset=utf-8
host: localhost:64411
accept: */*

Response DefaultHttpResponse(decodeResult: success, version: HTTP/1.1)
HTTP/1.1 200 OK
Content-Type: application/json; charset=utf-8
cache-control: no-cache
content-length: 16

11:10:17.441 [AsyncHttpClient-1-5] DEBUG org.asynchttpclient.netty.channel.ChannelManager - Adding key: http://localhost:64411 for channel [id: 0x965f44a9, L:/127.0.0.1:60961 - R:localhost/127.0.0.1:64411]
11:10:17.444 [Forwarding getElementTagName on session c84d4994e40f942852d17232c1b053ae to remote] DEBUG org.asynchttpclient.netty.request.NettyRequestSender - Using pooled Channel '[id: 0x965f44a9, L:/127.0.0.1:60961 - R:localhost/127.0.0.1:64411]' for 'GET' to 'http://localhost:64411/session/c84d4994e40f942852d17232c1b053ae/element/0e3f2f7e-131b-4ccd-8b02-85ae0589d720/name'
11:10:17.444 [Forwarding getElementTagName on session c84d4994e40f942852d17232c1b053ae to remote] DEBUG org.asynchttpclient.netty.request.NettyRequestSender - Using open Channel [id: 0x965f44a9, L:/127.0.0.1:60961 - R:localhost/127.0.0.1:64411] for GET '/session/c84d4994e40f942852d17232c1b053ae/element/0e3f2f7e-131b-4ccd-8b02-85ae0589d720/name'
11:10:17.458 [AsyncHttpClient-1-5] DEBUG org.asynchttpclient.netty.handler.HttpHandler - 

Request DefaultFullHttpRequest(decodeResult: success, version: HTTP/1.1, content: EmptyByteBufBE)
GET /session/c84d4994e40f942852d17232c1b053ae/element/0e3f2f7e-131b-4ccd-8b02-85ae0589d720/name HTTP/1.1
User-Agent: selenium/4.1.2 (java windows)
Cache-Control: no-cache
Content-Type: application/json; charset=utf-8
host: localhost:64411
accept: */*

Response DefaultHttpResponse(decodeResult: success, version: HTTP/1.1)
HTTP/1.1 200 OK
Content-Type: application/json; charset=utf-8
cache-control: no-cache
content-length: 16

11:10:17.459 [AsyncHttpClient-1-5] DEBUG org.asynchttpclient.netty.channel.ChannelManager - Adding key: http://localhost:64411 for channel [id: 0x965f44a9, L:/127.0.0.1:60961 - R:localhost/127.0.0.1:64411]
11:10:17.464 [Forwarding findElement on session c84d4994e40f942852d17232c1b053ae to remote] DEBUG org.asynchttpclient.netty.request.NettyRequestSender - Using pooled Channel '[id: 0x965f44a9, L:/127.0.0.1:60961 - R:localhost/127.0.0.1:64411]' for 'POST' to 'http://localhost:64411/session/c84d4994e40f942852d17232c1b053ae/element'
11:10:17.464 [Forwarding findElement on session c84d4994e40f942852d17232c1b053ae to remote] DEBUG org.asynchttpclient.netty.request.NettyRequestSender - Using open Channel [id: 0x965f44a9, L:/127.0.0.1:60961 - R:localhost/127.0.0.1:64411] for POST '/session/c84d4994e40f942852d17232c1b053ae/element'
11:10:17.488 [AsyncHttpClient-1-5] DEBUG org.asynchttpclient.netty.handler.HttpHandler - 

Request DefaultHttpRequest(decodeResult: success, version: HTTP/1.1)
POST /session/c84d4994e40f942852d17232c1b053ae/element HTTP/1.1
User-Agent: selenium/4.1.2 (java windows)
Content-Length: 179
Content-Type: application/json; charset=utf-8
host: localhost:64411
accept: */*

Response DefaultHttpResponse(decodeResult: success, version: HTTP/1.1)
HTTP/1.1 200 OK
Content-Type: application/json; charset=utf-8
cache-control: no-cache
content-length: 88

11:10:17.488 [AsyncHttpClient-1-5] DEBUG org.asynchttpclient.netty.channel.ChannelManager - Adding key: http://localhost:64411 for channel [id: 0x965f44a9, L:/127.0.0.1:60961 - R:localhost/127.0.0.1:64411]
11:10:17.491 [Forwarding clickElement on session c84d4994e40f942852d17232c1b053ae to remote] DEBUG org.asynchttpclient.netty.request.NettyRequestSender - Using pooled Channel '[id: 0x965f44a9, L:/127.0.0.1:60961 - R:localhost/127.0.0.1:64411]' for 'POST' to 'http://localhost:64411/session/c84d4994e40f942852d17232c1b053ae/element/0e3f2f7e-131b-4ccd-8b02-85ae0589d720/click'
11:10:17.491 [Forwarding clickElement on session c84d4994e40f942852d17232c1b053ae to remote] DEBUG org.asynchttpclient.netty.request.NettyRequestSender - Using open Channel [id: 0x965f44a9, L:/127.0.0.1:60961 - R:localhost/127.0.0.1:64411] for POST '/session/c84d4994e40f942852d17232c1b053ae/element/0e3f2f7e-131b-4ccd-8b02-85ae0589d720/click'
11:10:17.707 [AsyncHttpClient-1-5] DEBUG org.asynchttpclient.netty.handler.HttpHandler - 

Request DefaultHttpRequest(decodeResult: success, version: HTTP/1.1)
POST /session/c84d4994e40f942852d17232c1b053ae/element/0e3f2f7e-131b-4ccd-8b02-85ae0589d720/click HTTP/1.1
User-Agent: selenium/4.1.2 (java windows)
Content-Length: 50
Content-Type: application/json; charset=utf-8
host: localhost:64411
accept: */*

Response DefaultHttpResponse(decodeResult: success, version: HTTP/1.1)
HTTP/1.1 200 OK
Content-Type: application/json; charset=utf-8
cache-control: no-cache
content-length: 14

11:10:17.707 [AsyncHttpClient-1-5] DEBUG org.asynchttpclient.netty.channel.ChannelManager - Adding key: http://localhost:64411 for channel [id: 0x965f44a9, L:/127.0.0.1:60961 - R:localhost/127.0.0.1:64411]
11:10:17.726 [Forwarding screenshot on session c84d4994e40f942852d17232c1b053ae to remote] DEBUG org.asynchttpclient.netty.request.NettyRequestSender - Using pooled Channel '[id: 0x965f44a9, L:/127.0.0.1:60961 - R:localhost/127.0.0.1:64411]' for 'GET' to 'http://localhost:64411/session/c84d4994e40f942852d17232c1b053ae/screenshot'
11:10:17.726 [Forwarding screenshot on session c84d4994e40f942852d17232c1b053ae to remote] DEBUG org.asynchttpclient.netty.request.NettyRequestSender - Using open Channel [id: 0x965f44a9, L:/127.0.0.1:60961 - R:localhost/127.0.0.1:64411] for GET '/session/c84d4994e40f942852d17232c1b053ae/screenshot'
11:10:18.225 [AsyncHttpClient-1-5] DEBUG org.asynchttpclient.netty.handler.HttpHandler - 

Request DefaultFullHttpRequest(decodeResult: success, version: HTTP/1.1, content: EmptyByteBufBE)
GET /session/c84d4994e40f942852d17232c1b053ae/screenshot HTTP/1.1
User-Agent: selenium/4.1.2 (java windows)
Cache-Control: no-cache
Content-Type: application/json; charset=utf-8
host: localhost:64411
accept: */*

Response DefaultHttpResponse(decodeResult: success, version: HTTP/1.1)
HTTP/1.1 200 OK
Content-Type: application/json; charset=utf-8
cache-control: no-cache
content-length: 406916

11:10:18.227 [AsyncHttpClient-1-5] DEBUG org.asynchttpclient.netty.channel.ChannelManager - Adding key: http://localhost:64411 for channel [id: 0x965f44a9, L:/127.0.0.1:60961 - R:localhost/127.0.0.1:64411]
11:10:18.259 [main] DEBUG net.serenitybdd.core.photography.Darkroom - Send negative for processing for target\site\serenity\ace05ceb460614527f3188c17b0a2d4538182f5d902a0688de3e0c28fd43202b.png
11:10:18.259 [main] DEBUG net.thucydides.core.steps.StepInterceptor - STEP DONE: clickLaki
  &amp#27;[32mAnd &amp#27;[0m&amp#27;[32mI click button jenis kelamin patient&amp#27;[0m                                 &amp#27;[90m# starter.stepdefinitios.PatientDataSteps.iClickButtonJenisKelamin()&amp#27;[0m
11:10:18.261 [Darkroom Processing Line] DEBUG net.serenitybdd.core.photography.DarkroomProcessingLine - Processing screenshot image in /var/screenshots/screenshot-4409727423205146950
11:10:18.261 [Darkroom Processing Line] DEBUG net.serenitybdd.core.photography.DarkroomProcessingLine - Saving screenshot to target\site\serenity\ace05ceb460614527f3188c17b0a2d4538182f5d902a0688de3e0c28fd43202b.png
11:10:18.322 [Forwarding screenshot on session c84d4994e40f942852d17232c1b053ae to remote] DEBUG org.asynchttpclient.netty.request.NettyRequestSender - Using pooled Channel '[id: 0x965f44a9, L:/127.0.0.1:60961 - R:localhost/127.0.0.1:64411]' for 'GET' to 'http://localhost:64411/session/c84d4994e40f942852d17232c1b053ae/screenshot'
11:10:18.322 [Forwarding screenshot on session c84d4994e40f942852d17232c1b053ae to remote] DEBUG org.asynchttpclient.netty.request.NettyRequestSender - Using open Channel [id: 0x965f44a9, L:/127.0.0.1:60961 - R:localhost/127.0.0.1:64411] for GET '/session/c84d4994e40f942852d17232c1b053ae/screenshot'
11:10:18.526 [AsyncHttpClient-1-1] DEBUG org.asynchttpclient.netty.channel.DefaultChannelPool - Entry count for : http://localhost:60963 : 1
11:10:18.727 [AsyncHttpClient-1-5] DEBUG org.asynchttpclient.netty.handler.HttpHandler - 

Request DefaultFullHttpRequest(decodeResult: success, version: HTTP/1.1, content: EmptyByteBufBE)
GET /session/c84d4994e40f942852d17232c1b053ae/screenshot HTTP/1.1
User-Agent: selenium/4.1.2 (java windows)
Cache-Control: no-cache
Content-Type: application/json; charset=utf-8
host: localhost:64411
accept: */*

Response DefaultHttpResponse(decodeResult: success, version: HTTP/1.1)
HTTP/1.1 200 OK
Content-Type: application/json; charset=utf-8
cache-control: no-cache
content-length: 406632

11:10:18.731 [AsyncHttpClient-1-5] DEBUG org.asynchttpclient.netty.channel.ChannelManager - Adding key: http://localhost:64411 for channel [id: 0x965f44a9, L:/127.0.0.1:60961 - R:localhost/127.0.0.1:64411]
11:10:18.767 [main] DEBUG net.serenitybdd.core.photography.Darkroom - Send negative for processing for target\site\serenity\d152fe5ba3ee2f7c11fd96a5679cc565a288278d1bfe43dba1ff8cedbb2cca4b.png
11:10:18.768 [main] DEBUG net.thucydides.core.steps.StepInterceptor - STARTING STEP: PatientDataSteps.clickButtonSimpan - clickButtonSave
11:10:18.774 [Darkroom Processing Line] DEBUG net.serenitybdd.core.photography.DarkroomProcessingLine - Processing screenshot image in /var/screenshots/screenshot-8473465005880175603
11:10:18.774 [Darkroom Processing Line] DEBUG net.serenitybdd.core.photography.DarkroomProcessingLine - Saving screenshot to target\site\serenity\d152fe5ba3ee2f7c11fd96a5679cc565a288278d1bfe43dba1ff8cedbb2cca4b.png
11:10:18.784 [Forwarding findElement on session c84d4994e40f942852d17232c1b053ae to remote] DEBUG org.asynchttpclient.netty.request.NettyRequestSender - Using pooled Channel '[id: 0x965f44a9, L:/127.0.0.1:60961 - R:localhost/127.0.0.1:64411]' for 'POST' to 'http://localhost:64411/session/c84d4994e40f942852d17232c1b053ae/element'
11:10:18.784 [Forwarding findElement on session c84d4994e40f942852d17232c1b053ae to remote] DEBUG org.asynchttpclient.netty.request.NettyRequestSender - Using open Channel [id: 0x965f44a9, L:/127.0.0.1:60961 - R:localhost/127.0.0.1:64411] for POST '/session/c84d4994e40f942852d17232c1b053ae/element'
11:10:18.816 [AsyncHttpClient-1-5] DEBUG org.asynchttpclient.netty.handler.HttpHandler - 

Request DefaultHttpRequest(decodeResult: success, version: HTTP/1.1)
POST /session/c84d4994e40f942852d17232c1b053ae/element HTTP/1.1
User-Agent: selenium/4.1.2 (java windows)
Content-Length: 149
Content-Type: application/json; charset=utf-8
host: localhost:64411
accept: */*

Response DefaultHttpResponse(decodeResult: success, version: HTTP/1.1)
HTTP/1.1 200 OK
Content-Type: application/json; charset=utf-8
cache-control: no-cache
content-length: 88

11:10:18.816 [AsyncHttpClient-1-5] DEBUG org.asynchttpclient.netty.channel.ChannelManager - Adding key: http://localhost:64411 for channel [id: 0x965f44a9, L:/127.0.0.1:60961 - R:localhost/127.0.0.1:64411]
11:10:18.820 [Forwarding getElementTagName on session c84d4994e40f942852d17232c1b053ae to remote] DEBUG org.asynchttpclient.netty.request.NettyRequestSender - Using pooled Channel '[id: 0x965f44a9, L:/127.0.0.1:60961 - R:localhost/127.0.0.1:64411]' for 'GET' to 'http://localhost:64411/session/c84d4994e40f942852d17232c1b053ae/element/9cc7acd0-6711-4b54-8f47-7467e4852156/name'
11:10:18.820 [Forwarding getElementTagName on session c84d4994e40f942852d17232c1b053ae to remote] DEBUG org.asynchttpclient.netty.request.NettyRequestSender - Using open Channel [id: 0x965f44a9, L:/127.0.0.1:60961 - R:localhost/127.0.0.1:64411] for GET '/session/c84d4994e40f942852d17232c1b053ae/element/9cc7acd0-6711-4b54-8f47-7467e4852156/name'
11:10:18.828 [AsyncHttpClient-1-5] DEBUG org.asynchttpclient.netty.handler.HttpHandler - 

Request DefaultFullHttpRequest(decodeResult: success, version: HTTP/1.1, content: EmptyByteBufBE)
GET /session/c84d4994e40f942852d17232c1b053ae/element/9cc7acd0-6711-4b54-8f47-7467e4852156/name HTTP/1.1
User-Agent: selenium/4.1.2 (java windows)
Cache-Control: no-cache
Content-Type: application/json; charset=utf-8
host: localhost:64411
accept: */*

Response DefaultHttpResponse(decodeResult: success, version: HTTP/1.1)
HTTP/1.1 200 OK
Content-Type: application/json; charset=utf-8
cache-control: no-cache
content-length: 18

11:10:18.828 [AsyncHttpClient-1-5] DEBUG org.asynchttpclient.netty.channel.ChannelManager - Adding key: http://localhost:64411 for channel [id: 0x965f44a9, L:/127.0.0.1:60961 - R:localhost/127.0.0.1:64411]
11:10:18.833 [Forwarding getElementTagName on session c84d4994e40f942852d17232c1b053ae to remote] DEBUG org.asynchttpclient.netty.request.NettyRequestSender - Using pooled Channel '[id: 0x965f44a9, L:/127.0.0.1:60961 - R:localhost/127.0.0.1:64411]' for 'GET' to 'http://localhost:64411/session/c84d4994e40f942852d17232c1b053ae/element/9cc7acd0-6711-4b54-8f47-7467e4852156/name'
11:10:18.833 [Forwarding getElementTagName on session c84d4994e40f942852d17232c1b053ae to remote] DEBUG org.asynchttpclient.netty.request.NettyRequestSender - Using open Channel [id: 0x965f44a9, L:/127.0.0.1:60961 - R:localhost/127.0.0.1:64411] for GET '/session/c84d4994e40f942852d17232c1b053ae/element/9cc7acd0-6711-4b54-8f47-7467e4852156/name'
11:10:18.842 [AsyncHttpClient-1-5] DEBUG org.asynchttpclient.netty.handler.HttpHandler - 

Request DefaultFullHttpRequest(decodeResult: success, version: HTTP/1.1, content: EmptyByteBufBE)
GET /session/c84d4994e40f942852d17232c1b053ae/element/9cc7acd0-6711-4b54-8f47-7467e4852156/name HTTP/1.1
User-Agent: selenium/4.1.2 (java windows)
Cache-Control: no-cache
Content-Type: application/json; charset=utf-8
host: localhost:64411
accept: */*

Response DefaultHttpResponse(decodeResult: success, version: HTTP/1.1)
HTTP/1.1 200 OK
Content-Type: application/json; charset=utf-8
cache-control: no-cache
content-length: 18

11:10:18.842 [AsyncHttpClient-1-5] DEBUG org.asynchttpclient.netty.channel.ChannelManager - Adding key: http://localhost:64411 for channel [id: 0x965f44a9, L:/127.0.0.1:60961 - R:localhost/127.0.0.1:64411]
11:10:18.846 [Forwarding isElementEnabled on session c84d4994e40f942852d17232c1b053ae to remote] DEBUG org.asynchttpclient.netty.request.NettyRequestSender - Using pooled Channel '[id: 0x965f44a9, L:/127.0.0.1:60961 - R:localhost/127.0.0.1:64411]' for 'GET' to 'http://localhost:64411/session/c84d4994e40f942852d17232c1b053ae/element/9cc7acd0-6711-4b54-8f47-7467e4852156/enabled'
11:10:18.846 [Forwarding isElementEnabled on session c84d4994e40f942852d17232c1b053ae to remote] DEBUG org.asynchttpclient.netty.request.NettyRequestSender - Using open Channel [id: 0x965f44a9, L:/127.0.0.1:60961 - R:localhost/127.0.0.1:64411] for GET '/session/c84d4994e40f942852d17232c1b053ae/element/9cc7acd0-6711-4b54-8f47-7467e4852156/enabled'
11:10:18.879 [AsyncHttpClient-1-5] DEBUG org.asynchttpclient.netty.handler.HttpHandler - 

Request DefaultFullHttpRequest(decodeResult: success, version: HTTP/1.1, content: EmptyByteBufBE)
GET /session/c84d4994e40f942852d17232c1b053ae/element/9cc7acd0-6711-4b54-8f47-7467e4852156/enabled HTTP/1.1
User-Agent: selenium/4.1.2 (java windows)
Cache-Control: no-cache
Content-Type: application/json; charset=utf-8
host: localhost:64411
accept: */*

Response DefaultHttpResponse(decodeResult: success, version: HTTP/1.1)
HTTP/1.1 200 OK
Content-Type: application/json; charset=utf-8
cache-control: no-cache
content-length: 14

11:10:18.879 [AsyncHttpClient-1-5] DEBUG org.asynchttpclient.netty.channel.ChannelManager - Adding key: http://localhost:64411 for channel [id: 0x965f44a9, L:/127.0.0.1:60961 - R:localhost/127.0.0.1:64411]
11:10:18.885 [Forwarding isElementEnabled on session c84d4994e40f942852d17232c1b053ae to remote] DEBUG org.asynchttpclient.netty.request.NettyRequestSender - Using pooled Channel '[id: 0x965f44a9, L:/127.0.0.1:60961 - R:localhost/127.0.0.1:64411]' for 'GET' to 'http://localhost:64411/session/c84d4994e40f942852d17232c1b053ae/element/9cc7acd0-6711-4b54-8f47-7467e4852156/enabled'
11:10:18.886 [Forwarding isElementEnabled on session c84d4994e40f942852d17232c1b053ae to remote] DEBUG org.asynchttpclient.netty.request.NettyRequestSender - Using open Channel [id: 0x965f44a9, L:/127.0.0.1:60961 - R:localhost/127.0.0.1:64411] for GET '/session/c84d4994e40f942852d17232c1b053ae/element/9cc7acd0-6711-4b54-8f47-7467e4852156/enabled'
11:10:18.949 [AsyncHttpClient-1-5] DEBUG org.asynchttpclient.netty.handler.HttpHandler - 

Request DefaultFullHttpRequest(decodeResult: success, version: HTTP/1.1, content: EmptyByteBufBE)
GET /session/c84d4994e40f942852d17232c1b053ae/element/9cc7acd0-6711-4b54-8f47-7467e4852156/enabled HTTP/1.1
User-Agent: selenium/4.1.2 (java windows)
Cache-Control: no-cache
Content-Type: application/json; charset=utf-8
host: localhost:64411
accept: */*

Response DefaultHttpResponse(decodeResult: success, version: HTTP/1.1)
HTTP/1.1 200 OK
Content-Type: application/json; charset=utf-8
cache-control: no-cache
content-length: 14

11:10:18.949 [AsyncHttpClient-1-5] DEBUG org.asynchttpclient.netty.channel.ChannelManager - Adding key: http://localhost:64411 for channel [id: 0x965f44a9, L:/127.0.0.1:60961 - R:localhost/127.0.0.1:64411]
11:10:18.955 [Forwarding findElement on session c84d4994e40f942852d17232c1b053ae to remote] DEBUG org.asynchttpclient.netty.request.NettyRequestSender - Using pooled Channel '[id: 0x965f44a9, L:/127.0.0.1:60961 - R:localhost/127.0.0.1:64411]' for 'POST' to 'http://localhost:64411/session/c84d4994e40f942852d17232c1b053ae/element'
11:10:18.956 [Forwarding findElement on session c84d4994e40f942852d17232c1b053ae to remote] DEBUG org.asynchttpclient.netty.request.NettyRequestSender - Using open Channel [id: 0x965f44a9, L:/127.0.0.1:60961 - R:localhost/127.0.0.1:64411] for POST '/session/c84d4994e40f942852d17232c1b053ae/element'
11:10:18.976 [AsyncHttpClient-1-5] DEBUG org.asynchttpclient.netty.handler.HttpHandler - 

Request DefaultHttpRequest(decodeResult: success, version: HTTP/1.1)
POST /session/c84d4994e40f942852d17232c1b053ae/element HTTP/1.1
User-Agent: selenium/4.1.2 (java windows)
Content-Length: 149
Content-Type: application/json; charset=utf-8
host: localhost:64411
accept: */*

Response DefaultHttpResponse(decodeResult: success, version: HTTP/1.1)
HTTP/1.1 200 OK
Content-Type: application/json; charset=utf-8
cache-control: no-cache
content-length: 88

11:10:18.976 [AsyncHttpClient-1-5] DEBUG org.asynchttpclient.netty.channel.ChannelManager - Adding key: http://localhost:64411 for channel [id: 0x965f44a9, L:/127.0.0.1:60961 - R:localhost/127.0.0.1:64411]
11:10:18.978 [Forwarding clickElement on session c84d4994e40f942852d17232c1b053ae to remote] DEBUG org.asynchttpclient.netty.request.NettyRequestSender - Using pooled Channel '[id: 0x965f44a9, L:/127.0.0.1:60961 - R:localhost/127.0.0.1:64411]' for 'POST' to 'http://localhost:64411/session/c84d4994e40f942852d17232c1b053ae/element/9cc7acd0-6711-4b54-8f47-7467e4852156/click'
11:10:18.978 [Forwarding clickElement on session c84d4994e40f942852d17232c1b053ae to remote] DEBUG org.asynchttpclient.netty.request.NettyRequestSender - Using open Channel [id: 0x965f44a9, L:/127.0.0.1:60961 - R:localhost/127.0.0.1:64411] for POST '/session/c84d4994e40f942852d17232c1b053ae/element/9cc7acd0-6711-4b54-8f47-7467e4852156/click'
11:10:19.094 [AsyncHttpClient-1-5] DEBUG org.asynchttpclient.netty.handler.HttpHandler - 

Request DefaultHttpRequest(decodeResult: success, version: HTTP/1.1)
POST /session/c84d4994e40f942852d17232c1b053ae/element/9cc7acd0-6711-4b54-8f47-7467e4852156/click HTTP/1.1
User-Agent: selenium/4.1.2 (java windows)
Content-Length: 50
Content-Type: application/json; charset=utf-8
host: localhost:64411
accept: */*

Response DefaultHttpResponse(decodeResult: success, version: HTTP/1.1)
HTTP/1.1 200 OK
Content-Type: application/json; charset=utf-8
cache-control: no-cache
content-length: 14

11:10:19.094 [AsyncHttpClient-1-5] DEBUG org.asynchttpclient.netty.channel.ChannelManager - Adding key: http://localhost:64411 for channel [id: 0x965f44a9, L:/127.0.0.1:60961 - R:localhost/127.0.0.1:64411]
11:10:19.119 [Forwarding screenshot on session c84d4994e40f942852d17232c1b053ae to remote] DEBUG org.asynchttpclient.netty.request.NettyRequestSender - Using pooled Channel '[id: 0x965f44a9, L:/127.0.0.1:60961 - R:localhost/127.0.0.1:64411]' for 'GET' to 'http://localhost:64411/session/c84d4994e40f942852d17232c1b053ae/screenshot'
11:10:19.120 [Forwarding screenshot on session c84d4994e40f942852d17232c1b053ae to remote] DEBUG org.asynchttpclient.netty.request.NettyRequestSender - Using open Channel [id: 0x965f44a9, L:/127.0.0.1:60961 - R:localhost/127.0.0.1:64411] for GET '/session/c84d4994e40f942852d17232c1b053ae/screenshot'
11:10:19.619 [AsyncHttpClient-1-1] DEBUG org.asynchttpclient.netty.channel.DefaultChannelPool - Entry count for : http://localhost:60963 : 1
11:10:19.898 [AsyncHttpClient-1-5] DEBUG org.asynchttpclient.netty.handler.HttpHandler - 

Request DefaultFullHttpRequest(decodeResult: success, version: HTTP/1.1, content: EmptyByteBufBE)
GET /session/c84d4994e40f942852d17232c1b053ae/screenshot HTTP/1.1
User-Agent: selenium/4.1.2 (java windows)
Cache-Control: no-cache
Content-Type: application/json; charset=utf-8
host: localhost:64411
accept: */*

Response DefaultHttpResponse(decodeResult: success, version: HTTP/1.1)
HTTP/1.1 500 Internal Server Error
Content-Type: application/json; charset=utf-8
cache-control: no-cache
content-length: 882

11:10:19.898 [AsyncHttpClient-1-5] DEBUG org.asynchttpclient.netty.channel.ChannelManager - Adding key: http://localhost:64411 for channel [id: 0x965f44a9, L:/127.0.0.1:60961 - R:localhost/127.0.0.1:64411]
11:10:19.901 [main] WARN net.thucydides.core.webdriver.WebDriverFacade - Failed to take screenshot (unexpected alert open: <unknown>
  (Session info: chrome=102.0.5005.115): 
Build info: version: '4.1.2', revision: '9a5a329c5a'
System info: host: 'MOOK-HON', ip: '192.168.100.6', os.name: 'Windows 10', os.arch: 'amd64', os.version: '10.0', java.version: '11.0.14'
Driver info: org.openqa.selenium.chrome.ChromeDriver
Command: [c84d4994e40f942852d17232c1b053ae, screenshot {}]
Capabilities {acceptInsecureCerts: false, browserName: chrome, browserVersion: 102.0.5005.115, chrome: {chromedriverVersion: 102.0.5005.61 (0e59bcc00cc4..., userDataDir: C:\Users\ASUS\AppData\Local...}, goog:chromeOptions: {debuggerAddress: localhost:60963}, javascriptEnabled: true, networkConnectionEnabled: false, pageLoadStrategy: normal, platform: WINDOWS, platformName: WINDOWS, proxy: Proxy(), se:cdp: ws://localhost:60963/devtoo..., se:cdpVersion: 102.0.5005.115, setWindowRect: true, strictFileInteractability: false, timeouts: {implicit: 0, pageLoad: 300000, script: 30000}, unhandledPromptBehavior: dismiss and notify, webauthn:extension:credBlob: true, webauthn:extension:largeBlob: true, webauthn:virtualAuthenticators: true}
Session ID: c84d4994e40f942852d17232c1b053ae)
11:10:19.901 [main] DEBUG net.thucydides.core.steps.StepInterceptor - STEP DONE: clickButtonSave
  &amp#27;[32mAnd &amp#27;[0m&amp#27;[32mClick button simpan&amp#27;[0m                                                  &amp#27;[90m# starter.stepdefinitios.PatientDataSteps.clickButtonSimpan()&amp#27;[0m
11:10:19.919 [Forwarding screenshot on session c84d4994e40f942852d17232c1b053ae to remote] DEBUG org.asynchttpclient.netty.request.NettyRequestSender - Using pooled Channel '[id: 0x965f44a9, L:/127.0.0.1:60961 - R:localhost/127.0.0.1:64411]' for 'GET' to 'http://localhost:64411/session/c84d4994e40f942852d17232c1b053ae/screenshot'
11:10:19.919 [Forwarding screenshot on session c84d4994e40f942852d17232c1b053ae to remote] DEBUG org.asynchttpclient.netty.request.NettyRequestSender - Using open Channel [id: 0x965f44a9, L:/127.0.0.1:60961 - R:localhost/127.0.0.1:64411] for GET '/session/c84d4994e40f942852d17232c1b053ae/screenshot'
11:10:20.362 [AsyncHttpClient-1-5] DEBUG org.asynchttpclient.netty.handler.HttpHandler - 

Request DefaultFullHttpRequest(decodeResult: success, version: HTTP/1.1, content: EmptyByteBufBE)
GET /session/c84d4994e40f942852d17232c1b053ae/screenshot HTTP/1.1
User-Agent: selenium/4.1.2 (java windows)
Cache-Control: no-cache
Content-Type: application/json; charset=utf-8
host: localhost:64411
accept: */*

Response DefaultHttpResponse(decodeResult: success, version: HTTP/1.1)
HTTP/1.1 500 Internal Server Error
Content-Type: application/json; charset=utf-8
cache-control: no-cache
content-length: 921

11:10:20.362 [AsyncHttpClient-1-5] DEBUG org.asynchttpclient.netty.channel.ChannelManager - Adding key: http://localhost:64411 for channel [id: 0x965f44a9, L:/127.0.0.1:60961 - R:localhost/127.0.0.1:64411]
11:10:20.365 [main] WARN net.thucydides.core.webdriver.WebDriverFacade - Failed to take screenshot (unexpected alert open: {Alert text : Data telah ditambah}
  (Session info: chrome=102.0.5005.115): Data telah ditambah
Build info: version: '4.1.2', revision: '9a5a329c5a'
System info: host: 'MOOK-HON', ip: '192.168.100.6', os.name: 'Windows 10', os.arch: 'amd64', os.version: '10.0', java.version: '11.0.14'
Driver info: org.openqa.selenium.chrome.ChromeDriver
Command: [c84d4994e40f942852d17232c1b053ae, screenshot {}]
Capabilities {acceptInsecureCerts: false, browserName: chrome, browserVersion: 102.0.5005.115, chrome: {chromedriverVersion: 102.0.5005.61 (0e59bcc00cc4..., userDataDir: C:\Users\ASUS\AppData\Local...}, goog:chromeOptions: {debuggerAddress: localhost:60963}, javascriptEnabled: true, networkConnectionEnabled: false, pageLoadStrategy: normal, platform: WINDOWS, platformName: WINDOWS, proxy: Proxy(), se:cdp: ws://localhost:60963/devtoo..., se:cdpVersion: 102.0.5005.115, setWindowRect: true, strictFileInteractability: false, timeouts: {implicit: 0, pageLoad: 300000, script: 30000}, unhandledPromptBehavior: dismiss and notify, webauthn:extension:credBlob: true, webauthn:extension:largeBlob: true, webauthn:virtualAuthenticators: true}
Session ID: c84d4994e40f942852d17232c1b053ae)
11:10:20.383 [Forwarding screenshot on session c84d4994e40f942852d17232c1b053ae to remote] DEBUG org.asynchttpclient.netty.request.NettyRequestSender - Using pooled Channel '[id: 0x965f44a9, L:/127.0.0.1:60961 - R:localhost/127.0.0.1:64411]' for 'GET' to 'http://localhost:64411/session/c84d4994e40f942852d17232c1b053ae/screenshot'
11:10:20.384 [Forwarding screenshot on session c84d4994e40f942852d17232c1b053ae to remote] DEBUG org.asynchttpclient.netty.request.NettyRequestSender - Using open Channel [id: 0x965f44a9, L:/127.0.0.1:60961 - R:localhost/127.0.0.1:64411] for GET '/session/c84d4994e40f942852d17232c1b053ae/screenshot'
11:10:20.724 [AsyncHttpClient-1-1] DEBUG org.asynchttpclient.netty.channel.DefaultChannelPool - Entry count for : http://localhost:60963 : 1
11:10:21.539 [AsyncHttpClient-1-5] DEBUG org.asynchttpclient.netty.handler.HttpHandler - 

Request DefaultFullHttpRequest(decodeResult: success, version: HTTP/1.1, content: EmptyByteBufBE)
GET /session/c84d4994e40f942852d17232c1b053ae/screenshot HTTP/1.1
User-Agent: selenium/4.1.2 (java windows)
Cache-Control: no-cache
Content-Type: application/json; charset=utf-8
host: localhost:64411
accept: */*

Response DefaultHttpResponse(decodeResult: success, version: HTTP/1.1)
HTTP/1.1 200 OK
Content-Type: application/json; charset=utf-8
cache-control: no-cache
content-length: 397960

11:10:21.541 [AsyncHttpClient-1-5] DEBUG org.asynchttpclient.netty.channel.ChannelManager - Adding key: http://localhost:64411 for channel [id: 0x965f44a9, L:/127.0.0.1:60961 - R:localhost/127.0.0.1:64411]
11:10:21.581 [main] DEBUG net.serenitybdd.core.photography.Darkroom - Send negative for processing for target\site\serenity\cbeceb493b3cc14d3791ff263ea0078986a8fbc23e395c454f06e0ce9a24f68d.png
11:10:21.813 [AsyncHttpClient-1-1] DEBUG org.asynchttpclient.netty.channel.DefaultChannelPool - Entry count for : http://localhost:64411 : 1
11:10:21.813 [AsyncHttpClient-1-1] DEBUG org.asynchttpclient.netty.channel.DefaultChannelPool - Entry count for : http://localhost:60963 : 1
11:10:22.125 [Forwarding screenshot on session c84d4994e40f942852d17232c1b053ae to remote] DEBUG org.asynchttpclient.netty.request.NettyRequestSender - Using pooled Channel '[id: 0x965f44a9, L:/127.0.0.1:60961 - R:localhost/127.0.0.1:64411]' for 'GET' to 'http://localhost:64411/session/c84d4994e40f942852d17232c1b053ae/screenshot'
11:10:22.125 [Forwarding screenshot on session c84d4994e40f942852d17232c1b053ae to remote] DEBUG org.asynchttpclient.netty.request.NettyRequestSender - Using open Channel [id: 0x965f44a9, L:/127.0.0.1:60961 - R:localhost/127.0.0.1:64411] for GET '/session/c84d4994e40f942852d17232c1b053ae/screenshot'
11:10:22.525 [AsyncHttpClient-1-5] DEBUG org.asynchttpclient.netty.handler.HttpHandler - 

Request DefaultFullHttpRequest(decodeResult: success, version: HTTP/1.1, content: EmptyByteBufBE)
GET /session/c84d4994e40f942852d17232c1b053ae/screenshot HTTP/1.1
User-Agent: selenium/4.1.2 (java windows)
Cache-Control: no-cache
Content-Type: application/json; charset=utf-8
host: localhost:64411
accept: */*

Response DefaultHttpResponse(decodeResult: success, version: HTTP/1.1)
HTTP/1.1 200 OK
Content-Type: application/json; charset=utf-8
cache-control: no-cache
content-length: 397960

11:10:22.527 [AsyncHttpClient-1-5] DEBUG org.asynchttpclient.netty.channel.ChannelManager - Adding key: http://localhost:64411 for channel [id: 0x965f44a9, L:/127.0.0.1:60961 - R:localhost/127.0.0.1:64411]
11:10:22.557 [main] DEBUG net.serenitybdd.core.photography.Darkroom - Send negative for processing for target\site\serenity\cbeceb493b3cc14d3791ff263ea0078986a8fbc23e395c454f06e0ce9a24f68d.png
11:10:22.558 [main] DEBUG net.thucydides.core.steps.StepInterceptor - STARTING STEP: PatientDataSteps.validDataPasien - checkValidDataPasien
11:10:22.564 [Forwarding findElement on session c84d4994e40f942852d17232c1b053ae to remote] DEBUG org.asynchttpclient.netty.request.NettyRequestSender - Using pooled Channel '[id: 0x965f44a9, L:/127.0.0.1:60961 - R:localhost/127.0.0.1:64411]' for 'POST' to 'http://localhost:64411/session/c84d4994e40f942852d17232c1b053ae/element'
11:10:22.565 [Forwarding findElement on session c84d4994e40f942852d17232c1b053ae to remote] DEBUG org.asynchttpclient.netty.request.NettyRequestSender - Using open Channel [id: 0x965f44a9, L:/127.0.0.1:60961 - R:localhost/127.0.0.1:64411] for POST '/session/c84d4994e40f942852d17232c1b053ae/element'
11:10:22.626 [AsyncHttpClient-1-5] DEBUG org.asynchttpclient.netty.handler.HttpHandler - 

Request DefaultHttpRequest(decodeResult: success, version: HTTP/1.1)
POST /session/c84d4994e40f942852d17232c1b053ae/element HTTP/1.1
User-Agent: selenium/4.1.2 (java windows)
Content-Length: 95
Content-Type: application/json; charset=utf-8
host: localhost:64411
accept: */*

Response DefaultHttpResponse(decodeResult: success, version: HTTP/1.1)
HTTP/1.1 200 OK
Content-Type: application/json; charset=utf-8
cache-control: no-cache
content-length: 88

11:10:22.626 [AsyncHttpClient-1-5] DEBUG org.asynchttpclient.netty.channel.ChannelManager - Adding key: http://localhost:64411 for channel [id: 0x965f44a9, L:/127.0.0.1:60961 - R:localhost/127.0.0.1:64411]
11:10:22.627 [Forwarding isElementEnabled on session c84d4994e40f942852d17232c1b053ae to remote] DEBUG org.asynchttpclient.netty.request.NettyRequestSender - Using pooled Channel '[id: 0x965f44a9, L:/127.0.0.1:60961 - R:localhost/127.0.0.1:64411]' for 'GET' to 'http://localhost:64411/session/c84d4994e40f942852d17232c1b053ae/element/d4cce570-53e3-4954-a96f-fea6405e3f94/enabled'
11:10:22.628 [Forwarding isElementEnabled on session c84d4994e40f942852d17232c1b053ae to remote] DEBUG org.asynchttpclient.netty.request.NettyRequestSender - Using open Channel [id: 0x965f44a9, L:/127.0.0.1:60961 - R:localhost/127.0.0.1:64411] for GET '/session/c84d4994e40f942852d17232c1b053ae/element/d4cce570-53e3-4954-a96f-fea6405e3f94/enabled'
11:10:22.655 [AsyncHttpClient-1-5] DEBUG org.asynchttpclient.netty.handler.HttpHandler - 

Request DefaultFullHttpRequest(decodeResult: success, version: HTTP/1.1, content: EmptyByteBufBE)
GET /session/c84d4994e40f942852d17232c1b053ae/element/d4cce570-53e3-4954-a96f-fea6405e3f94/enabled HTTP/1.1
User-Agent: selenium/4.1.2 (java windows)
Cache-Control: no-cache
Content-Type: application/json; charset=utf-8
host: localhost:64411
accept: */*

Response DefaultHttpResponse(decodeResult: success, version: HTTP/1.1)
HTTP/1.1 200 OK
Content-Type: application/json; charset=utf-8
cache-control: no-cache
content-length: 14

11:10:22.655 [AsyncHttpClient-1-5] DEBUG org.asynchttpclient.netty.channel.ChannelManager - Adding key: http://localhost:64411 for channel [id: 0x965f44a9, L:/127.0.0.1:60961 - R:localhost/127.0.0.1:64411]
11:10:22.668 [Forwarding screenshot on session c84d4994e40f942852d17232c1b053ae to remote] DEBUG org.asynchttpclient.netty.request.NettyRequestSender - Using pooled Channel '[id: 0x965f44a9, L:/127.0.0.1:60961 - R:localhost/127.0.0.1:64411]' for 'GET' to 'http://localhost:64411/session/c84d4994e40f942852d17232c1b053ae/screenshot'
11:10:22.668 [Forwarding screenshot on session c84d4994e40f942852d17232c1b053ae to remote] DEBUG org.asynchttpclient.netty.request.NettyRequestSender - Using open Channel [id: 0x965f44a9, L:/127.0.0.1:60961 - R:localhost/127.0.0.1:64411] for GET '/session/c84d4994e40f942852d17232c1b053ae/screenshot'
11:10:22.913 [AsyncHttpClient-1-1] DEBUG org.asynchttpclient.netty.channel.DefaultChannelPool - Entry count for : http://localhost:60963 : 1
11:10:23.101 [AsyncHttpClient-1-5] DEBUG org.asynchttpclient.netty.handler.HttpHandler - 

Request DefaultFullHttpRequest(decodeResult: success, version: HTTP/1.1, content: EmptyByteBufBE)
GET /session/c84d4994e40f942852d17232c1b053ae/screenshot HTTP/1.1
User-Agent: selenium/4.1.2 (java windows)
Cache-Control: no-cache
Content-Type: application/json; charset=utf-8
host: localhost:64411
accept: */*

Response DefaultHttpResponse(decodeResult: success, version: HTTP/1.1)
HTTP/1.1 200 OK
Content-Type: application/json; charset=utf-8
cache-control: no-cache
content-length: 397960

11:10:23.103 [AsyncHttpClient-1-5] DEBUG org.asynchttpclient.netty.channel.ChannelManager - Adding key: http://localhost:64411 for channel [id: 0x965f44a9, L:/127.0.0.1:60961 - R:localhost/127.0.0.1:64411]
11:10:23.136 [main] DEBUG net.serenitybdd.core.photography.Darkroom - Send negative for processing for target\site\serenity\cbeceb493b3cc14d3791ff263ea0078986a8fbc23e395c454f06e0ce9a24f68d.png
11:10:23.136 [main] DEBUG net.thucydides.core.steps.StepInterceptor - STEP DONE: checkValidDataPasien
  &amp#27;[32mAnd &amp#27;[0m&amp#27;[32mValid data pasien&amp#27;[0m                                                    &amp#27;[90m# starter.stepdefinitios.PatientDataSteps.validDataPasien()&amp#27;[0m
11:10:23.172 [AsyncHttpClient-1-7] DEBUG org.asynchttpclient.netty.handler.WebSocketHandler - Channel Closed: [id: 0x7123ff14, L:/127.0.0.1:60975 ! R:localhost/127.0.0.1:60963] with attribute NettyResponseFuture{currentRetry=5,
	isDone=1,
	isCancelled=0,
	asyncHandler=org.asynchttpclient.ws.WebSocketUpgradeHandler@4c58c66c,
	nettyRequest=org.asynchttpclient.netty.request.NettyRequest@60e35c4,
	future=java.util.concurrent.CompletableFuture@2732d6b0[Completed normally],
	uri=ws://localhost:60963/devtools/browser/4de0a9f8-66a7-451e-973c-e1550010e5f3,
	keepAlive=true,
	redirectCount=0,
	timeoutsHolder=null,
	inAuth=0,
	touch=1655525408876}
11:10:23.172 [AsyncHttpClient-1-7] DEBUG org.asynchttpclient.netty.channel.ChannelManager - Closing Channel [id: 0x7123ff14, L:/127.0.0.1:60975 ! R:localhost/127.0.0.1:60963] 
11:10:23.173 [Driver Command Executor] DEBUG org.asynchttpclient.netty.request.NettyRequestSender - Using pooled Channel '[id: 0x965f44a9, L:/127.0.0.1:60961 - R:localhost/127.0.0.1:64411]' for 'DELETE' to 'http://localhost:64411/session/c84d4994e40f942852d17232c1b053ae'
11:10:23.173 [Driver Command Executor] DEBUG org.asynchttpclient.netty.request.NettyRequestSender - Using open Channel [id: 0x965f44a9, L:/127.0.0.1:60961 - R:localhost/127.0.0.1:64411] for DELETE '/session/c84d4994e40f942852d17232c1b053ae'
11:10:23.577 [AsyncHttpClient-1-6] DEBUG org.asynchttpclient.netty.handler.HttpHandler - Unexpected I/O exception on channel [id: 0x97210561, L:/127.0.0.1:60974 - R:localhost/127.0.0.1:60963]
java.io.IOException: An existing connection was forcibly closed by the remote host
	at java.base/sun.nio.ch.SocketDispatcher.read0(Native Method)
	at java.base/sun.nio.ch.SocketDispatcher.read(SocketDispatcher.java:43)
	at java.base/sun.nio.ch.IOUtil.readIntoNativeBuffer(IOUtil.java:276)
	at java.base/sun.nio.ch.IOUtil.read(IOUtil.java:233)
	at java.base/sun.nio.ch.IOUtil.read(IOUtil.java:223)
	at java.base/sun.nio.ch.SocketChannelImpl.read(SocketChannelImpl.java:358)
	at io.netty.buffer.PooledByteBuf.setBytes(PooledByteBuf.java:258)
	at io.netty.buffer.AbstractByteBuf.writeBytes(AbstractByteBuf.java:1132)
	at io.netty.channel.socket.nio.NioSocketChannel.doReadBytes(NioSocketChannel.java:350)
	at io.netty.channel.nio.AbstractNioByteChannel$NioByteUnsafe.read(AbstractNioByteChannel.java:151)
	at io.netty.channel.nio.NioEventLoop.processSelectedKey(NioEventLoop.java:722)
	at io.netty.channel.nio.NioEventLoop.processSelectedKeysOptimized(NioEventLoop.java:658)
	at io.netty.channel.nio.NioEventLoop.processSelectedKeys(NioEventLoop.java:584)
	at io.netty.channel.nio.NioEventLoop.run(NioEventLoop.java:496)
	at io.netty.util.concurrent.SingleThreadEventExecutor$4.run(SingleThreadEventExecutor.java:986)
	at io.netty.util.internal.ThreadExecutorMap$2.run(ThreadExecutorMap.java:74)
	at io.netty.util.concurrent.FastThreadLocalRunnable.run(FastThreadLocalRunnable.java:30)
	at java.base/java.lang.Thread.run(Thread.java:834)
11:10:23.577 [AsyncHttpClient-1-6] DEBUG org.asynchttpclient.netty.channel.ChannelManager - Closing Channel [id: 0x97210561, L:/127.0.0.1:60974 - R:localhost/127.0.0.1:60963] 
11:10:23.578 [AsyncHttpClient-1-6] DEBUG org.asynchttpclient.netty.handler.HttpHandler - Channel Closed: [id: 0x97210561, L:/127.0.0.1:60974 ! R:localhost/127.0.0.1:60963] with attribute DISCARD
11:10:23.642 [AsyncHttpClient-1-5] DEBUG org.asynchttpclient.netty.handler.HttpHandler - 

Request DefaultFullHttpRequest(decodeResult: success, version: HTTP/1.1, content: EmptyByteBufBE)
DELETE /session/c84d4994e40f942852d17232c1b053ae HTTP/1.1
User-Agent: selenium/4.1.2 (java windows)
Content-Type: application/json; charset=utf-8
host: localhost:64411
accept: */*

Response DefaultHttpResponse(decodeResult: success, version: HTTP/1.1)
HTTP/1.1 200 OK
Content-Type: application/json; charset=utf-8
cache-control: no-cache
content-length: 14

11:10:23.642 [AsyncHttpClient-1-5] DEBUG org.asynchttpclient.netty.channel.ChannelManager - Adding key: http://localhost:64411 for channel [id: 0x965f44a9, L:/127.0.0.1:60961 - R:localhost/127.0.0.1:64411]
11:10:24.016 [AsyncHttpClient-1-1] DEBUG org.asynchttpclient.netty.channel.DefaultChannelPool - Entry count for : http://localhost:64411 : 1
11:10:24.016 [AsyncHttpClient-1-1] DEBUG org.asynchttpclient.netty.channel.DefaultChannelPool - Entry count for : http://localhost:60963 : 1
11:10:24.016 [AsyncHttpClient-1-1] DEBUG org.asynchttpclient.netty.channel.DefaultChannelPool - Adding Candidate expired Channel [id: 0x97210561, L:/127.0.0.1:60974 ! R:localhost/127.0.0.1:60963] isIdleTimeoutExpired=false isRemotelyClosed=true isTtlExpired=false
11:10:24.016 [AsyncHttpClient-1-1] DEBUG org.asynchttpclient.netty.channel.DefaultChannelPool - Closing Idle Channel [id: 0x97210561, L:/127.0.0.1:60974 ! R:localhost/127.0.0.1:60963]
11:10:24.016 [AsyncHttpClient-1-1] DEBUG org.asynchttpclient.netty.channel.DefaultChannelPool - Closed 1 connections out of 2 in 0 ms
11:10:24.473 [AsyncHttpClient-1-5] DEBUG org.asynchttpclient.netty.handler.HttpHandler - Channel Closed: [id: 0x965f44a9, L:/127.0.0.1:60961 ! R:localhost/127.0.0.1:64411] with attribute DISCARD
11:10:25.022 [main] INFO  - 
  _____   ___   ___   _____     ___     _     ___   ___   ___   ___  
 |_   _| | __| / __| |_   _|   | _ \   /_\   / __| / __| | __| |   \ 
   | |   | _|  \__ \   | |     |  _/  / _ \  \__ \ \__ \ | _|  | |) |
   |_|   |___| |___/   |_|     |_|   /_/ \_\ |___/ |___/ |___| |___/ 

As a admin i want to add data pasien
----------------------------------------------------------------------
]]></system-out>
    <system-err><![CDATA[Starting ChromeDriver 102.0.5005.61 (0e59bcc00cc4985ce39ad31c150065f159d95ad3-refs/branch-heads/5005@{#819}) on port 64411
Only local connections are allowed.
Please see https://chromedriver.chromium.org/security-considerations for suggestions on keeping ChromeDriver safe.
ChromeDriver was started successfully.
Jun 18, 2022 11:10:08 AM org.openqa.selenium.remote.ProtocolHandshake createSession
INFO: Detected dialect: W3C
Jun 18, 2022 11:10:08 AM org.openqa.selenium.devtools.CdpVersionFinder findNearestMatch
WARNING: Unable to find an exact match for CDP version 102, so returning the closest version found: a no-op implementation
Jun 18, 2022 11:10:08 AM org.openqa.selenium.devtools.CdpVersionFinder findNearestMatch
INFO: Unable to find CDP implementation matching 102.
Jun 18, 2022 11:10:08 AM org.openqa.selenium.chromium.ChromiumDriver lambda$new$3
WARNING: Unable to find version of CDP to use for . You may need to include a dependency on a specific version of the CDP using something similar to `org.seleniumhq.selenium:selenium-devtools-v86:4.1.2` where the version ("v86") matches the version of the chromium-based browser you're using and the version number of the artifact is the same as Selenium's.
[1655525419.844][WARNING]: unexpected alert open: {Alert text : Data telah ditambah}, cancelling screenshot
]]></system-err>
  </testcase>
  <testcase name="As a admin i want to add data pasien #2" classname="Add Data Pasien - Admin" time="22.471">
    <system-out><![CDATA[
@AddDataPasien @AddPatientDataWithJK
Scenario Outline: As a admin i want to add data pasien                &amp#27;[90m# src/test/resources/features/AddDataPasien.feature:15&amp#27;[0m
11:10:25.051 [main] INFO io.cucumber.core.plugin.SerenityReporter - Running feature from file:///D:/New%20folder%20(2)/Capstone/Testing/src/test/resources/features/AddDataPasien.feature
11:10:25.109 [main] DEBUG net.thucydides.core.steps.StepInterceptor - STARTING STEP: PatientDataSteps.openPageDataPasien - openDataPasien
11:10:25.112 [main] INFO net.serenitybdd.core.webdriver.driverproviders.ChromeDriverProvider - Using automatically driver download
11:10:25.125 [AsyncHttpClient-1-1] DEBUG org.asynchttpclient.netty.channel.DefaultChannelPool - Entry count for : http://localhost:64411 : 1
11:10:25.125 [AsyncHttpClient-1-1] DEBUG org.asynchttpclient.netty.channel.DefaultChannelPool - Adding Candidate expired Channel [id: 0x965f44a9, L:/127.0.0.1:60961 ! R:localhost/127.0.0.1:64411] isIdleTimeoutExpired=false isRemotelyClosed=true isTtlExpired=false
11:10:25.125 [AsyncHttpClient-1-1] DEBUG org.asynchttpclient.netty.channel.DefaultChannelPool - Closing Idle Channel [id: 0x965f44a9, L:/127.0.0.1:60961 ! R:localhost/127.0.0.1:64411]
11:10:25.125 [AsyncHttpClient-1-1] DEBUG org.asynchttpclient.netty.channel.DefaultChannelPool - Closed 1 connections out of 1 in 0 ms
11:10:25.488 [main] DEBUG io.github.bonigarcia.wdm.cache.ResolutionCache - Removing resolution chrome=102 from cache (expired on Sat Jun 18 11:10:23 ICT 2022)
11:10:25.612 [main] DEBUG org.apache.hc.client5.http.impl.classic.InternalHttpClient - ex-00000001: preparing request execution
11:10:25.642 [main] DEBUG org.apache.hc.client5.http.protocol.RequestAddCookies - Cookie spec selected: strict
11:10:25.669 [main] DEBUG org.apache.hc.client5.http.protocol.RequestAuthCache - Auth cache not set in the context
11:10:25.669 [main] DEBUG org.apache.hc.client5.http.impl.classic.ProtocolExec - ex-00000001: target auth state: UNCHALLENGED
11:10:25.672 [main] DEBUG org.apache.hc.client5.http.impl.classic.ProtocolExec - ex-00000001: proxy auth state: UNCHALLENGED
11:10:25.672 [main] DEBUG org.apache.hc.client5.http.impl.classic.ConnectExec - ex-00000001: acquiring connection with route {s}->https://raw.githubusercontent.com:443
11:10:25.672 [main] DEBUG org.apache.hc.client5.http.impl.classic.InternalHttpClient - ex-00000001: acquiring endpoint (3 MINUTES)
11:10:25.678 [main] DEBUG org.apache.hc.client5.http.impl.io.PoolingHttpClientConnectionManager - ex-00000001: endpoint lease request (3 MINUTES) [route: {s}->https://raw.githubusercontent.com:443][total available: 0; route allocated: 0 of 5; total allocated: 0 of 25]
11:10:25.706 [main] DEBUG org.apache.hc.client5.http.impl.io.PoolingHttpClientConnectionManager - ex-00000001: endpoint leased [route: {s}->https://raw.githubusercontent.com:443][total available: 0; route allocated: 1 of 5; total allocated: 1 of 25]
11:10:25.756 [main] DEBUG org.apache.hc.client5.http.impl.io.PoolingHttpClientConnectionManager - ex-00000001: acquired ep-00000000
11:10:25.756 [main] DEBUG org.apache.hc.client5.http.impl.classic.InternalHttpClient - ex-00000001: acquired endpoint ep-00000000
11:10:25.756 [main] DEBUG org.apache.hc.client5.http.impl.classic.ConnectExec - ex-00000001: opening connection {s}->https://raw.githubusercontent.com:443
11:10:25.759 [main] DEBUG org.apache.hc.client5.http.impl.classic.InternalHttpClient - ep-00000000: connecting endpoint (30 SECONDS)
11:10:25.759 [main] DEBUG org.apache.hc.client5.http.impl.io.PoolingHttpClientConnectionManager - ep-00000000: connecting endpoint to https://raw.githubusercontent.com:443 (30 SECONDS)
11:10:25.810 [main] DEBUG org.apache.hc.client5.http.impl.io.DefaultHttpClientConnectionOperator - http-outgoing-0: connecting to raw.githubusercontent.com/185.199.108.133:443
11:10:25.810 [main] DEBUG org.apache.hc.client5.http.ssl.SSLConnectionSocketFactory - Connecting socket to raw.githubusercontent.com/185.199.108.133:443 with timeout 30 SECONDS
11:10:25.946 [main] DEBUG org.apache.hc.client5.http.ssl.SSLConnectionSocketFactory - Enabled protocols: [TLSv1.3, TLSv1.2]
11:10:25.946 [main] DEBUG org.apache.hc.client5.http.ssl.SSLConnectionSocketFactory - Enabled cipher suites: [TLS_AES_256_GCM_SHA384, TLS_AES_128_GCM_SHA256, TLS_ECDHE_ECDSA_WITH_AES_256_GCM_SHA384, TLS_ECDHE_ECDSA_WITH_AES_128_GCM_SHA256, TLS_ECDHE_RSA_WITH_AES_256_GCM_SHA384, TLS_ECDHE_RSA_WITH_AES_128_GCM_SHA256, TLS_DHE_RSA_WITH_AES_256_GCM_SHA384, TLS_DHE_DSS_WITH_AES_256_GCM_SHA384, TLS_DHE_RSA_WITH_AES_128_GCM_SHA256, TLS_DHE_DSS_WITH_AES_128_GCM_SHA256, TLS_ECDHE_ECDSA_WITH_AES_256_CBC_SHA384, TLS_ECDHE_RSA_WITH_AES_256_CBC_SHA384, TLS_ECDHE_ECDSA_WITH_AES_128_CBC_SHA256, TLS_ECDHE_RSA_WITH_AES_128_CBC_SHA256, TLS_DHE_RSA_WITH_AES_256_CBC_SHA256, TLS_DHE_DSS_WITH_AES_256_CBC_SHA256, TLS_DHE_RSA_WITH_AES_128_CBC_SHA256, TLS_DHE_DSS_WITH_AES_128_CBC_SHA256, TLS_ECDH_ECDSA_WITH_AES_256_GCM_SHA384, TLS_ECDH_RSA_WITH_AES_256_GCM_SHA384, TLS_ECDH_ECDSA_WITH_AES_128_GCM_SHA256, TLS_ECDH_RSA_WITH_AES_128_GCM_SHA256, TLS_ECDH_ECDSA_WITH_AES_256_CBC_SHA384, TLS_ECDH_RSA_WITH_AES_256_CBC_SHA384, TLS_ECDH_ECDSA_WITH_AES_128_CBC_SHA256, TLS_ECDH_RSA_WITH_AES_128_CBC_SHA256, TLS_ECDHE_ECDSA_WITH_AES_256_CBC_SHA, TLS_ECDHE_RSA_WITH_AES_256_CBC_SHA, TLS_ECDHE_ECDSA_WITH_AES_128_CBC_SHA, TLS_ECDHE_RSA_WITH_AES_128_CBC_SHA, TLS_DHE_RSA_WITH_AES_256_CBC_SHA, TLS_DHE_DSS_WITH_AES_256_CBC_SHA, TLS_DHE_RSA_WITH_AES_128_CBC_SHA, TLS_DHE_DSS_WITH_AES_128_CBC_SHA, TLS_ECDH_ECDSA_WITH_AES_256_CBC_SHA, TLS_ECDH_RSA_WITH_AES_256_CBC_SHA, TLS_ECDH_ECDSA_WITH_AES_128_CBC_SHA, TLS_ECDH_RSA_WITH_AES_128_CBC_SHA, TLS_RSA_WITH_AES_256_GCM_SHA384, TLS_RSA_WITH_AES_128_GCM_SHA256, TLS_RSA_WITH_AES_256_CBC_SHA256, TLS_RSA_WITH_AES_128_CBC_SHA256, TLS_RSA_WITH_AES_256_CBC_SHA, TLS_RSA_WITH_AES_128_CBC_SHA, TLS_EMPTY_RENEGOTIATION_INFO_SCSV]
11:10:25.946 [main] DEBUG org.apache.hc.client5.http.ssl.SSLConnectionSocketFactory - Starting handshake
11:10:26.588 [main] DEBUG org.apache.hc.client5.http.ssl.SSLConnectionSocketFactory - Secure session established
11:10:26.588 [main] DEBUG org.apache.hc.client5.http.ssl.SSLConnectionSocketFactory -  negotiated protocol: TLSv1.3
11:10:26.588 [main] DEBUG org.apache.hc.client5.http.ssl.SSLConnectionSocketFactory -  negotiated cipher suite: TLS_AES_256_GCM_SHA384
11:10:26.588 [main] DEBUG org.apache.hc.client5.http.ssl.SSLConnectionSocketFactory -  peer principal: CN=*.github.io, O="GitHub, Inc.", L=San Francisco, ST=California, C=US
11:10:26.589 [main] DEBUG org.apache.hc.client5.http.ssl.SSLConnectionSocketFactory -  peer alternative names: [*.github.io, github.com, *.github.com, www.github.com, github.io, githubusercontent.com, *.githubusercontent.com]
11:10:26.589 [main] DEBUG org.apache.hc.client5.http.ssl.SSLConnectionSocketFactory -  issuer principal: CN=DigiCert TLS RSA SHA256 2020 CA1, O=DigiCert Inc, C=US
11:10:26.591 [main] DEBUG org.apache.hc.client5.http.impl.io.DefaultHttpClientConnectionOperator - http-outgoing-0: connection established 192.168.100.6:61000<->185.199.108.133:443
11:10:26.594 [main] DEBUG org.apache.hc.client5.http.impl.io.PoolingHttpClientConnectionManager - ep-00000000: connected http-outgoing-0
11:10:26.594 [main] DEBUG org.apache.hc.client5.http.impl.classic.InternalHttpClient - ep-00000000: endpoint connected
11:10:26.597 [main] DEBUG org.apache.hc.client5.http.impl.classic.MainClientExec - ex-00000001: executing GET /bonigarcia/webdrivermanager/master/src/main/resources/commands.properties HTTP/1.1
11:10:26.603 [main] DEBUG org.apache.hc.client5.http.impl.classic.InternalHttpClient - ep-00000000: start execution ex-00000001
11:10:26.604 [main] DEBUG org.apache.hc.client5.http.impl.io.PoolingHttpClientConnectionManager - ep-00000000: executing exchange ex-00000001 over http-outgoing-0
11:10:26.605 [main] DEBUG org.apache.hc.client5.http.headers - http-outgoing-0 >> GET /bonigarcia/webdrivermanager/master/src/main/resources/commands.properties HTTP/1.1
11:10:26.605 [main] DEBUG org.apache.hc.client5.http.headers - http-outgoing-0 >> user-agent: Apache-HttpClient/5.0
11:10:26.605 [main] DEBUG org.apache.hc.client5.http.headers - http-outgoing-0 >> accept-encoding: gzip, deflate, br
11:10:26.605 [main] DEBUG org.apache.hc.client5.http.headers - http-outgoing-0 >> cache-control: max-age=0
11:10:26.605 [main] DEBUG org.apache.hc.client5.http.headers - http-outgoing-0 >> connection: keep-alive
11:10:26.605 [main] DEBUG org.apache.hc.client5.http.headers - http-outgoing-0 >> Host: raw.githubusercontent.com
11:10:26.606 [main] DEBUG org.apache.hc.client5.http.wire - http-outgoing-0 >> "GET /bonigarcia/webdrivermanager/master/src/main/resources/commands.properties HTTP/1.1[\r][\n]"
11:10:26.606 [main] DEBUG org.apache.hc.client5.http.wire - http-outgoing-0 >> "user-agent: Apache-HttpClient/5.0[\r][\n]"
11:10:26.606 [main] DEBUG org.apache.hc.client5.http.wire - http-outgoing-0 >> "accept-encoding: gzip, deflate, br[\r][\n]"
11:10:26.606 [main] DEBUG org.apache.hc.client5.http.wire - http-outgoing-0 >> "cache-control: max-age=0[\r][\n]"
11:10:26.606 [main] DEBUG org.apache.hc.client5.http.wire - http-outgoing-0 >> "connection: keep-alive[\r][\n]"
11:10:26.606 [main] DEBUG org.apache.hc.client5.http.wire - http-outgoing-0 >> "Host: raw.githubusercontent.com[\r][\n]"
11:10:26.606 [main] DEBUG org.apache.hc.client5.http.wire - http-outgoing-0 >> "[\r][\n]"
11:10:26.662 [main] DEBUG org.apache.hc.client5.http.wire - http-outgoing-0 << "HTTP/1.1 200 OK[\r][\n]"
11:10:26.662 [main] DEBUG org.apache.hc.client5.http.wire - http-outgoing-0 << "Connection: keep-alive[\r][\n]"
11:10:26.662 [main] DEBUG org.apache.hc.client5.http.wire - http-outgoing-0 << "Content-Length: 723[\r][\n]"
11:10:26.662 [main] DEBUG org.apache.hc.client5.http.wire - http-outgoing-0 << "Cache-Control: max-age=300[\r][\n]"
11:10:26.662 [main] DEBUG org.apache.hc.client5.http.wire - http-outgoing-0 << "Content-Security-Policy: default-src 'none'; style-src 'unsafe-inline'; sandbox[\r][\n]"
11:10:26.662 [main] DEBUG org.apache.hc.client5.http.wire - http-outgoing-0 << "Content-Type: text/plain; charset=utf-8[\r][\n]"
11:10:26.662 [main] DEBUG org.apache.hc.client5.http.wire - http-outgoing-0 << "ETag: W/"e82b438271e9e8680c688b0b680efd0bdd22faa6d6f0a32fc1fd8accc486b67e"[\r][\n]"
11:10:26.662 [main] DEBUG org.apache.hc.client5.http.wire - http-outgoing-0 << "Strict-Transport-Security: max-age=31536000[\r][\n]"
11:10:26.662 [main] DEBUG org.apache.hc.client5.http.wire - http-outgoing-0 << "X-Content-Type-Options: nosniff[\r][\n]"
11:10:26.662 [main] DEBUG org.apache.hc.client5.http.wire - http-outgoing-0 << "X-Frame-Options: deny[\r][\n]"
11:10:26.662 [main] DEBUG org.apache.hc.client5.http.wire - http-outgoing-0 << "X-XSS-Protection: 1; mode=block[\r][\n]"
11:10:26.662 [main] DEBUG org.apache.hc.client5.http.wire - http-outgoing-0 << "X-GitHub-Request-Id: 689A:0AB7:2A298:3F04A:62968A7A[\r][\n]"
11:10:26.662 [main] DEBUG org.apache.hc.client5.http.wire - http-outgoing-0 << "Content-Encoding: gzip[\r][\n]"
11:10:26.662 [main] DEBUG org.apache.hc.client5.http.wire - http-outgoing-0 << "Accept-Ranges: bytes[\r][\n]"
11:10:26.662 [main] DEBUG org.apache.hc.client5.http.wire - http-outgoing-0 << "Date: Sat, 18 Jun 2022 04:10:27 GMT[\r][\n]"
11:10:26.663 [main] DEBUG org.apache.hc.client5.http.wire - http-outgoing-0 << "Via: 1.1 varnish[\r][\n]"
11:10:26.664 [main] DEBUG org.apache.hc.client5.http.wire - http-outgoing-0 << "X-Served-By: cache-qpg1247-QPG[\r][\n]"
11:10:26.664 [main] DEBUG org.apache.hc.client5.http.wire - http-outgoing-0 << "X-Cache: HIT[\r][\n]"
11:10:26.664 [main] DEBUG org.apache.hc.client5.http.wire - http-outgoing-0 << "X-Cache-Hits: 2[\r][\n]"
11:10:26.664 [main] DEBUG org.apache.hc.client5.http.wire - http-outgoing-0 << "X-Timer: S1655525427.075230,VS0,VE0[\r][\n]"
11:10:26.664 [main] DEBUG org.apache.hc.client5.http.wire - http-outgoing-0 << "Vary: Authorization,Accept-Encoding,Origin[\r][\n]"
11:10:26.664 [main] DEBUG org.apache.hc.client5.http.wire - http-outgoing-0 << "Access-Control-Allow-Origin: *[\r][\n]"
11:10:26.664 [main] DEBUG org.apache.hc.client5.http.wire - http-outgoing-0 << "X-Fastly-Request-ID: edfb3b613f0f3ea349507dc81ef471e1f1c26965[\r][\n]"
11:10:26.664 [main] DEBUG org.apache.hc.client5.http.wire - http-outgoing-0 << "Expires: Sat, 18 Jun 2022 04:15:27 GMT[\r][\n]"
11:10:26.664 [main] DEBUG org.apache.hc.client5.http.wire - http-outgoing-0 << "Source-Age: 283[\r][\n]"
11:10:26.664 [main] DEBUG org.apache.hc.client5.http.wire - http-outgoing-0 << "[\r][\n]"
11:10:26.674 [main] DEBUG org.apache.hc.client5.http.headers - http-outgoing-0 << HTTP/1.1 200 OK
11:10:26.674 [main] DEBUG org.apache.hc.client5.http.headers - http-outgoing-0 << Connection: keep-alive
11:10:26.674 [main] DEBUG org.apache.hc.client5.http.headers - http-outgoing-0 << Content-Length: 723
11:10:26.674 [main] DEBUG org.apache.hc.client5.http.headers - http-outgoing-0 << Cache-Control: max-age=300
11:10:26.674 [main] DEBUG org.apache.hc.client5.http.headers - http-outgoing-0 << Content-Security-Policy: default-src 'none'; style-src 'unsafe-inline'; sandbox
11:10:26.674 [main] DEBUG org.apache.hc.client5.http.headers - http-outgoing-0 << Content-Type: text/plain; charset=utf-8
11:10:26.674 [main] DEBUG org.apache.hc.client5.http.headers - http-outgoing-0 << ETag: W/"e82b438271e9e8680c688b0b680efd0bdd22faa6d6f0a32fc1fd8accc486b67e"
11:10:26.674 [main] DEBUG org.apache.hc.client5.http.headers - http-outgoing-0 << Strict-Transport-Security: max-age=31536000
11:10:26.674 [main] DEBUG org.apache.hc.client5.http.headers - http-outgoing-0 << X-Content-Type-Options: nosniff
11:10:26.674 [main] DEBUG org.apache.hc.client5.http.headers - http-outgoing-0 << X-Frame-Options: deny
11:10:26.674 [main] DEBUG org.apache.hc.client5.http.headers - http-outgoing-0 << X-XSS-Protection: 1; mode=block
11:10:26.674 [main] DEBUG org.apache.hc.client5.http.headers - http-outgoing-0 << X-GitHub-Request-Id: 689A:0AB7:2A298:3F04A:62968A7A
11:10:26.674 [main] DEBUG org.apache.hc.client5.http.headers - http-outgoing-0 << Content-Encoding: gzip
11:10:26.674 [main] DEBUG org.apache.hc.client5.http.headers - http-outgoing-0 << Accept-Ranges: bytes
11:10:26.674 [main] DEBUG org.apache.hc.client5.http.headers - http-outgoing-0 << Date: Sat, 18 Jun 2022 04:10:27 GMT
11:10:26.674 [main] DEBUG org.apache.hc.client5.http.headers - http-outgoing-0 << Via: 1.1 varnish
11:10:26.674 [main] DEBUG org.apache.hc.client5.http.headers - http-outgoing-0 << X-Served-By: cache-qpg1247-QPG
11:10:26.674 [main] DEBUG org.apache.hc.client5.http.headers - http-outgoing-0 << X-Cache: HIT
11:10:26.674 [main] DEBUG org.apache.hc.client5.http.headers - http-outgoing-0 << X-Cache-Hits: 2
11:10:26.674 [main] DEBUG org.apache.hc.client5.http.headers - http-outgoing-0 << X-Timer: S1655525427.075230,VS0,VE0
11:10:26.674 [main] DEBUG org.apache.hc.client5.http.headers - http-outgoing-0 << Vary: Authorization,Accept-Encoding,Origin
11:10:26.674 [main] DEBUG org.apache.hc.client5.http.headers - http-outgoing-0 << Access-Control-Allow-Origin: *
11:10:26.674 [main] DEBUG org.apache.hc.client5.http.headers - http-outgoing-0 << X-Fastly-Request-ID: edfb3b613f0f3ea349507dc81ef471e1f1c26965
11:10:26.674 [main] DEBUG org.apache.hc.client5.http.headers - http-outgoing-0 << Expires: Sat, 18 Jun 2022 04:15:27 GMT
11:10:26.674 [main] DEBUG org.apache.hc.client5.http.headers - http-outgoing-0 << Source-Age: 283
11:10:26.688 [main] DEBUG org.apache.hc.client5.http.impl.classic.MainClientExec - ex-00000001: connection can be kept alive for 3 MINUTES
11:10:26.705 [main] DEBUG org.apache.hc.client5.http.wire - http-outgoing-0 << "[0x1f][0xffffff8b][0x8][0x0][0x0][0x0][0x0][0x0][0x0][0x3][0xffffffb5]V]o[0xffffffda]0[0x14]}[0xffffffe7]W\[0xffffff81]*[0xffffffb5][0x12][0x1f][[M[0xffffffd3]$[0x1e]hF[0xffffffbb]i [0x18][0xffffffb4][0xffffffdd]&[0xfffffff9][0xffffffc5]$7[0xffffffc1]R[0x12]#;[0xffffff94]v[0xffffffbf]~[0xffffffb6][0xfffffff3]1[0xffffff92][0xffffff9a][0xffffffc1][0x1a]x[0xffffffcb][0xffffffb5][0xffffffaf][0xffffffcf]9[0xffffffbe][0xfffffff7]8v[0xb][0x1c][0x1e]E4[0xfffffff6]$x4[0xffffffa1][0xb]*[0xffffffb1][0xffffffd1][0xffffff82][0xfffffffb]%[0xffffff93][0xffffffe0][0xffffffb3][0x10][0xffffffc1][0xffffffe5]qBY,!Y[0xffffffea] KM8,[0x10][0xfffffff0][0x19][0xffffffdd]u[0xffffff82][0x1e][0xffffffb0][0xffffffd8]L[0xffffffcb]%[0xffffff86][0xffffffa1][0xe][0xffffffb8][0xfffffff0]P[0xffffffe8]$[0xf][0x13]t[0x13]3[0xfffffff9][0xffffff84]B2[0xffffffae][0xffffffe6]|@[0xfffffff5][0x1d][0x8][0xffffffc4][0x18][0x16][0xffffff82]o[0xffffffa4][0xffffff9a]P[0xffffff94][0xffffffe7][0xffffffce]R[0xfffffff0][0x8][0xffffffdb]p[0xffffffcb][0x4][0xfffffffa][0xfffffffc][0xffffffb9][\r][0xffffff93][0x15][\n]"
11:10:26.705 [main] DEBUG org.apache.hc.client5.http.wire - http-outgoing-0 << "[0xffffffda][0xffffff86][0xffffffa1][0x17][0xffffffa8]Q3[0xffffffcb][0xffffffd6][0xffffffd1][0xffffff85][0xffffffc6][0xfffffff7][0xffffff98][0xffffffef][0xffffffa3][0xffffffc0]8[0x1][0xffffffae]s[0x12][0x16][0x7] _d[0xffffff82][0xffffff91][0xffffff84][0xfffffff3][0x1f],[0xfffffff6][0x14]j[0x1b]F,^+[0xffffff98]1ua2[0xffffffbf]h([0xffffff8e][0xffffff94][0xffffffa2][0xffffff91]m[0xffffffa3][0xffffffeb][0xffffff9a][0xffffffb0][0xffffffbb]I[0x17]t[0xffffffdf][0xffffffbd][0xffffffef][0xffffffbb][0xffffff91][0xffffffd7]U[0xffffffbb][0xffffff82][0xffffff9e][0x3][0xffffff9b][0xffffff88][0xffffffb9][0xffffffa6]$[0xffffffa6][0xc][0xffffff9b][0xffffffa5][0xffffffe2][0xffffff83][0xffffff98]F[0xffffffd8]o[0xffffff9e]Mg[0xffffff93][0xffffffbb][0xffffffd9]`|[0xfffffffb]u4[0xffffff9c][0x7f]"}B[0xffffffce][0x8][0xffffffb9][0xffffffe3]<[0x8][0xffffff91][0xffffff90][0xffffff94][0xffffff82][0xffffff90][0xffffffc1]j[0x15]2WI[0xffffffe3]1![0x19][0xffffff91]BnB[0xffffff80][0x9]<f[0xffffffb5][0xffffffe8]=[0xffffffd1]p[0xffffffbd][[0xffffffcf][0xffffffe5][0x1b][0xfffffff4][0xffffff9c][0xffffffff][0xfffffffc][0xfffffff8][0xffffffe1][0xffffffe2][0xffffff94][0xffffffa2][0xffffffae][0xe][0x14]5[0xffffff9a]8[0xffffff83][0xffffffd1]`:[0xfffffffd]<[0xffffffb8][0x1f][0xffffff9c]R[0xffffffcf]u[0x7f]6[0xffffffbc][0xffffff83][0xffffffef][0xf][0xffffffc3][0xffffffd9]/[0xfffffff8][0xfffffff2][0xffffffcd]y s[0xffffffee]'[0x1b]*0g[0xffffffcb][0xffffffc8]nF7H][0xffffff83][0xffffff97]{[0xffffffb1]Q[0x5][\r][0xffffffb5]c[0xffffffb4][0xf][0x2][0xffffffb3][0xffffffb4][0xffffff93][0xe]C[0xffffffa7][0xffffffb3]kAD][0xffffff9d][0xffffffde][0xffffffdb][0xffffffda][0xffffff88][0xffffffec][0xffffffa5][0xffffffbc][0xffffff99][0xffffffd9][0xffffffba]t[0xffffffb5][0xffffffea]9[0xffffffea][0x10])[0xffffffb7][0xffffffca][0xffffff9e][0xfffffff2][0xffffffe2]d^N[0xffffffd8]FW[0x16][0xffffffcd][0xffffffdc]_[0x10][0xfffffff9]i|[0x1c][0xffffff93][0xffffff8e][0xfffffff9]o[0x16][0xffffff86]4'!$G[0xffffffdf]W[0xfffffff4]W*j[[0xfffffff3]xR[0xffffffae][0xffffffb6][0xc][0xffffffd0],; #[0xffffffa9][0xffffff92]5[0xffffffb5][0x7][0xffffff9c][0xffffffb5][0xffffffd0][0x7f][0xffffff90][0xffffffc7]jgs[0xfffffffc][0xffffffc2][0xb][0xffffffd9][0x0]t[0xffffff9e]^'Y[0xfffffffb][0xffffff9f][0xffffffb1][0xffffffd8]:[0xffffffbf][0xffffff8d][0xffffffa5][0xffffff9a][0xffffffad][0x7f]m[0x5]&[0xffffffaa][0xffffffa0]^[0xffffff9b][0xffffffcb][0x5]f[0xffffffae][0xffffffe0]RU[0xffffff82][0x10]MS9l[0xffffff91]4t[0xfffffffb][0xffffff8a]][0xffffffd6][0xfffffff4][0xffffff96][0xffffffa6][0xffffff9f]P[0xffffffce][0xffffffd5][0xffffffce][0xffffff93][0xffffffff][0xffffff97][0xffffffcc]p[0xfffffffd][0xfffffff3][0xffffffe8][0x1b][0xffffffcc][0xffffffa2][0xffffffd9]Q[0xffffffbe][0xffffffb2][0xffffffa3][0xffffffc7]m'[0xffffffdf][0xffffffe4][[0xfffffffb]^[0xffffffb0][0xffffff9a][0xffffffbe][0xffffffda][0xffffffda]_[0xffffffce][0xffffff80][0xffffffd2][0xffffffc1]7[0xffffffb7]][0xffffffc1]b[0xffffffee][0xffffffb5][0xffffffff]w[0xffffff83][0xffffffed][0xffffffa7];[0x15]<[0x10]4[0xffffff92][0xffffff84][0x18][\n]"
11:10:26.706 [main] DEBUG org.apache.hc.client5.http.wire - http-outgoing-0 << "BB[0xffffffba][0xffffff8e]][0xffffffb5]jo[0xffffffb9]+"[0xffffffea][0xffffffb4][0xffffffff]h"[0xffffffea]\?5[0xffffffa9][0xffffffaf]k[0xffffffec][0xffffffff]P[0xffffffea][\n]"
11:10:26.706 [main] DEBUG org.apache.hc.client5.http.wire - http-outgoing-0 << "w[0xffffffe1]K[0x13][0xffffffda][0xffffffec][0xffffff98][0xffffffe6]Y[0xfffffffd]h8m6[0xffffff9c]T[0xffffffc1][0xfffffff2][0xffffffa7][0xffffff91]z_[0xffffff95]o85p[0x1c][0x13][0xffffffe6][0xfffffff0]5[0xffffffee][0xfffffffc][0xffffff92][0xffffff96][0xffffffda][0xfffffff7][0xffffffcf][0xffffffb1][0x5][0x1d][0xffffffea]K[0xffffff9b]9[0xffffff8e][0xffffffad]e[0xfffffff7][0xffffff93][0xffffffa8]`[0xffffffda][0xffffffff][0x1a][0xffffffd2][0xffffff88][0xffffff85][0xfffffffd][0xfffffff2][0xffffff91]N[0xfffffff6]`[0xffffffdf]2[0xffffffcf][0xffffffae]E[0xffffff97][0xffffffc5][0xffffffa2][0xffffff9d][0xffffffef]'[0xffffff9d]mun.[0xffffffd3]f^[0xffffffc7][0xffffff82][0xffffffda][0xffffff82]9[0xfffffff5][0xffffffa9]`[0x5][0xffffffbc]4[0xffffffa1][0x1d]<M[0xffffffb5]A[0xffffffa7]3[[0xffffffc0][0x7f][0x0][0xffffffc1][0xffffffd0]$[0xffffff85][0x1d][\r][0x0][0x0]"
11:10:26.708 [main] DEBUG org.apache.hc.client5.http.impl.classic.InternalHttpClient - ep-00000000: releasing valid endpoint
11:10:26.708 [main] DEBUG org.apache.hc.client5.http.impl.io.PoolingHttpClientConnectionManager - ep-00000000: releasing endpoint
11:10:26.708 [main] DEBUG org.apache.hc.client5.http.impl.io.PoolingHttpClientConnectionManager - ep-00000000: connection http-outgoing-0 can be kept alive for 3 MINUTES
11:10:26.710 [main] DEBUG org.apache.hc.client5.http.impl.io.PoolingHttpClientConnectionManager - ep-00000000: connection released [route: {s}->https://raw.githubusercontent.com:443][total available: 1; route allocated: 1 of 5; total allocated: 1 of 25]
11:10:26.710 [main] DEBUG io.github.bonigarcia.wdm.versions.VersionDetector - Detecting chrome version using online commands.properties
11:10:26.719 [main] DEBUG io.github.bonigarcia.wdm.versions.Shell - Running command on the shell: [cmd.exe, /C, wmic, datafile, where, name="%PROGRAMFILES:\=\\%\\Google\\Chrome\\Application\\chrome.exe", get, Version, /value]
11:10:27.326 [main] DEBUG io.github.bonigarcia.wdm.versions.Shell - Result: 
11:10:27.328 [main] DEBUG io.github.bonigarcia.wdm.versions.Shell - Running command on the shell: [cmd.exe, /C, wmic, datafile, where, name="%PROGRAMFILES(X86):\=\\%\\Google\\Chrome\\Application\\chrome.exe", get, Version, /value]
11:10:27.690 [main] DEBUG io.github.bonigarcia.wdm.versions.Shell - Result: Version=102.0.5005.115
11:10:27.704 [main] DEBUG io.github.bonigarcia.wdm.cache.ResolutionCache - Resolution chrome102=102.0.5005.61 in cache (valid until 19:49:35 18/06/2022 ICT)
11:10:27.714 [main] INFO io.github.bonigarcia.wdm.WebDriverManager - Using chromedriver 102.0.5005.61 (resolved driver for Chrome 102)
11:10:27.740 [main] DEBUG io.github.bonigarcia.wdm.cache.ResolutionCache - Storing resolution chrome=102 in cache (valid until 12:10:27 18/06/2022 ICT)
11:10:27.792 [main] DEBUG io.github.bonigarcia.wdm.WebDriverManager - Driver chromedriver 102.0.5005.61 found in cache
11:10:27.795 [main] INFO io.github.bonigarcia.wdm.WebDriverManager - Exporting webdriver.chrome.driver as C:\Users\ASUS\.cache\selenium\chromedriver\win32\102.0.5005.61\chromedriver.exe
11:10:28.103 [main] DEBUG net.serenitybdd.core.webdriver.driverproviders.ProvideNewDriver - Instantiating driver
11:10:28.103 [main] DEBUG net.serenitybdd.core.webdriver.driverproviders.ProvideNewDriver - Driver capabilities: Capabilities {acceptInsecureCerts: false, base.url: https://fanciful-trifle-360..., browserName: chrome, chore.driver: src/test/resources/webdrive..., driver: chrome, goog:chromeOptions: {args: [], extensions: []}}
11:10:29.785 [AsyncHttpClient-1-8] DEBUG org.asynchttpclient.netty.channel.NettyConnectListener - Using new Channel '[id: 0x692ec1b7, L:/127.0.0.1:61010 - R:localhost/127.0.0.1:58510]' for 'POST' to '/session'
11:10:31.790 [AsyncHttpClient-1-8] DEBUG org.asynchttpclient.netty.handler.HttpHandler - 

Request DefaultHttpRequest(decodeResult: success, version: HTTP/1.1)
POST /session HTTP/1.1
User-Agent: selenium/4.1.2 (java windows)
Content-Length: 628
Content-Type: application/json; charset=utf-8
host: localhost:58510
accept: */*

Response DefaultHttpResponse(decodeResult: success, version: HTTP/1.1)
HTTP/1.1 200 OK
Content-Type: application/json; charset=utf-8
cache-control: no-cache
content-length: 789

11:10:31.791 [AsyncHttpClient-1-8] DEBUG org.asynchttpclient.netty.channel.ChannelManager - Adding key: http://localhost:58510 for channel [id: 0x692ec1b7, L:/127.0.0.1:61010 - R:localhost/127.0.0.1:58510]
11:10:31.821 [AsyncHttpClient-1-9] DEBUG org.asynchttpclient.netty.channel.NettyConnectListener - Using new Channel '[id: 0xd09dbef2, L:/127.0.0.1:61021 - R:localhost/127.0.0.1:61011]' for 'GET' to '/json/version'
11:10:31.825 [AsyncHttpClient-1-9] DEBUG org.asynchttpclient.netty.handler.HttpHandler - 

Request DefaultFullHttpRequest(decodeResult: success, version: HTTP/1.1, content: EmptyByteBufBE)
GET /json/version HTTP/1.1
User-Agent: selenium/4.1.2 (java windows)
host: localhost:61011
accept: */*

Response DefaultHttpResponse(decodeResult: success, version: HTTP/1.1)
HTTP/1.1 200 OK
Content-Type: application/json; charset=UTF-8
content-length: 428

11:10:31.825 [AsyncHttpClient-1-9] DEBUG org.asynchttpclient.netty.channel.ChannelManager - Adding key: http://localhost:61011 for channel [id: 0xd09dbef2, L:/127.0.0.1:61021 - R:localhost/127.0.0.1:61011]
11:10:31.832 [AsyncHttpClient-1-2] DEBUG org.asynchttpclient.netty.channel.NettyConnectListener - Using new Channel '[id: 0x2072c4c4, L:/127.0.0.1:61022 - R:localhost/127.0.0.1:61011]' for 'GET' to '/devtools/browser/dd89ea4a-3d53-4104-b35b-99c41aee2b35'
11:10:31.838 [AsyncHttpClient-1-2] DEBUG org.asynchttpclient.netty.handler.WebSocketHandler - 

Request DefaultFullHttpRequest(decodeResult: success, version: HTTP/1.1, content: EmptyByteBufBE)
GET /devtools/browser/dd89ea4a-3d53-4104-b35b-99c41aee2b35 HTTP/1.1
upgrade: websocket
connection: upgrade
sec-websocket-key: gJnMkrMl/LWE+NiRB9ufbQ==
sec-websocket-version: 13
origin: http://localhost:61011
host: localhost:61011
accept: */*
user-agent: AHC/2.1

Response DefaultHttpResponse(decodeResult: success, version: HTTP/1.1)
HTTP/1.1 101 WebSocket Protocol Handshake
Upgrade: WebSocket
Connection: Upgrade
Sec-WebSocket-Accept: 8hit4o3wgMSV/oeLIYHRCJgwZh0=

11:10:31.890 [Forwarding get on session e89113711a4e1e973dbb3f5d7367f809 to remote] DEBUG org.asynchttpclient.netty.request.NettyRequestSender - Using pooled Channel '[id: 0x692ec1b7, L:/127.0.0.1:61010 - R:localhost/127.0.0.1:58510]' for 'POST' to 'http://localhost:58510/session/e89113711a4e1e973dbb3f5d7367f809/url'
11:10:31.890 [Forwarding get on session e89113711a4e1e973dbb3f5d7367f809 to remote] DEBUG org.asynchttpclient.netty.request.NettyRequestSender - Using open Channel [id: 0x692ec1b7, L:/127.0.0.1:61010 - R:localhost/127.0.0.1:58510] for POST '/session/e89113711a4e1e973dbb3f5d7367f809/url'
11:10:32.822 [AsyncHttpClient-1-1] DEBUG org.asynchttpclient.netty.channel.DefaultChannelPool - Entry count for : http://localhost:61011 : 1
11:10:33.393 [AsyncHttpClient-1-8] DEBUG org.asynchttpclient.netty.handler.HttpHandler - 

Request DefaultHttpRequest(decodeResult: success, version: HTTP/1.1)
POST /session/e89113711a4e1e973dbb3f5d7367f809/url HTTP/1.1
User-Agent: selenium/4.1.2 (java windows)
Content-Length: 84
Content-Type: application/json; charset=utf-8
host: localhost:58510
accept: */*

Response DefaultHttpResponse(decodeResult: success, version: HTTP/1.1)
HTTP/1.1 200 OK
Content-Type: application/json; charset=utf-8
cache-control: no-cache
content-length: 14

11:10:33.393 [AsyncHttpClient-1-8] DEBUG org.asynchttpclient.netty.channel.ChannelManager - Adding key: http://localhost:58510 for channel [id: 0x692ec1b7, L:/127.0.0.1:61010 - R:localhost/127.0.0.1:58510]
11:10:33.402 [Forwarding setTimeout on session e89113711a4e1e973dbb3f5d7367f809 to remote] DEBUG org.asynchttpclient.netty.request.NettyRequestSender - Using pooled Channel '[id: 0x692ec1b7, L:/127.0.0.1:61010 - R:localhost/127.0.0.1:58510]' for 'POST' to 'http://localhost:58510/session/e89113711a4e1e973dbb3f5d7367f809/timeouts'
11:10:33.402 [Forwarding setTimeout on session e89113711a4e1e973dbb3f5d7367f809 to remote] DEBUG org.asynchttpclient.netty.request.NettyRequestSender - Using open Channel [id: 0x692ec1b7, L:/127.0.0.1:61010 - R:localhost/127.0.0.1:58510] for POST '/session/e89113711a4e1e973dbb3f5d7367f809/timeouts'
11:10:33.455 [AsyncHttpClient-1-8] DEBUG org.asynchttpclient.netty.handler.HttpHandler - 

Request DefaultHttpRequest(decodeResult: success, version: HTTP/1.1)
POST /session/e89113711a4e1e973dbb3f5d7367f809/timeouts HTTP/1.1
User-Agent: selenium/4.1.2 (java windows)
Content-Length: 22
Content-Type: application/json; charset=utf-8
host: localhost:58510
accept: */*

Response DefaultHttpResponse(decodeResult: success, version: HTTP/1.1)
HTTP/1.1 200 OK
Content-Type: application/json; charset=utf-8
cache-control: no-cache
content-length: 14

11:10:33.455 [AsyncHttpClient-1-8] DEBUG org.asynchttpclient.netty.channel.ChannelManager - Adding key: http://localhost:58510 for channel [id: 0x692ec1b7, L:/127.0.0.1:61010 - R:localhost/127.0.0.1:58510]
11:10:33.467 [Forwarding getCurrentUrl on session e89113711a4e1e973dbb3f5d7367f809 to remote] DEBUG org.asynchttpclient.netty.request.NettyRequestSender - Using pooled Channel '[id: 0x692ec1b7, L:/127.0.0.1:61010 - R:localhost/127.0.0.1:58510]' for 'GET' to 'http://localhost:58510/session/e89113711a4e1e973dbb3f5d7367f809/url'
11:10:33.467 [Forwarding getCurrentUrl on session e89113711a4e1e973dbb3f5d7367f809 to remote] DEBUG org.asynchttpclient.netty.request.NettyRequestSender - Using open Channel [id: 0x692ec1b7, L:/127.0.0.1:61010 - R:localhost/127.0.0.1:58510] for GET '/session/e89113711a4e1e973dbb3f5d7367f809/url'
11:10:33.651 [AsyncHttpClient-1-8] DEBUG org.asynchttpclient.netty.handler.HttpHandler - 

Request DefaultFullHttpRequest(decodeResult: success, version: HTTP/1.1, content: EmptyByteBufBE)
GET /session/e89113711a4e1e973dbb3f5d7367f809/url HTTP/1.1
User-Agent: selenium/4.1.2 (java windows)
Cache-Control: no-cache
Content-Type: application/json; charset=utf-8
host: localhost:58510
accept: */*

Response DefaultHttpResponse(decodeResult: success, version: HTTP/1.1)
HTTP/1.1 200 OK
Content-Type: application/json; charset=utf-8
cache-control: no-cache
content-length: 66

11:10:33.651 [AsyncHttpClient-1-8] DEBUG org.asynchttpclient.netty.channel.ChannelManager - Adding key: http://localhost:58510 for channel [id: 0x692ec1b7, L:/127.0.0.1:61010 - R:localhost/127.0.0.1:58510]
11:10:33.667 [Forwarding screenshot on session e89113711a4e1e973dbb3f5d7367f809 to remote] DEBUG org.asynchttpclient.netty.request.NettyRequestSender - Using pooled Channel '[id: 0x692ec1b7, L:/127.0.0.1:61010 - R:localhost/127.0.0.1:58510]' for 'GET' to 'http://localhost:58510/session/e89113711a4e1e973dbb3f5d7367f809/screenshot'
11:10:33.667 [Forwarding screenshot on session e89113711a4e1e973dbb3f5d7367f809 to remote] DEBUG org.asynchttpclient.netty.request.NettyRequestSender - Using open Channel [id: 0x692ec1b7, L:/127.0.0.1:61010 - R:localhost/127.0.0.1:58510] for GET '/session/e89113711a4e1e973dbb3f5d7367f809/screenshot'
11:10:33.957 [AsyncHttpClient-1-1] DEBUG org.asynchttpclient.netty.channel.DefaultChannelPool - Entry count for : http://localhost:61011 : 1
11:10:34.537 [AsyncHttpClient-1-8] DEBUG org.asynchttpclient.netty.handler.HttpHandler - 

Request DefaultFullHttpRequest(decodeResult: success, version: HTTP/1.1, content: EmptyByteBufBE)
GET /session/e89113711a4e1e973dbb3f5d7367f809/screenshot HTTP/1.1
User-Agent: selenium/4.1.2 (java windows)
Cache-Control: no-cache
Content-Type: application/json; charset=utf-8
host: localhost:58510
accept: */*

Response DefaultHttpResponse(decodeResult: success, version: HTTP/1.1)
HTTP/1.1 200 OK
Content-Type: application/json; charset=utf-8
cache-control: no-cache
content-length: 66608

11:10:34.541 [AsyncHttpClient-1-8] DEBUG org.asynchttpclient.netty.channel.ChannelManager - Adding key: http://localhost:58510 for channel [id: 0x692ec1b7, L:/127.0.0.1:61010 - R:localhost/127.0.0.1:58510]
11:10:34.557 [main] DEBUG net.serenitybdd.core.photography.Darkroom - Send negative for processing for target\site\serenity\3b111ae00db26295d7ecbde886ea4451aead6619240013077047abd82e88d678.png
11:10:34.558 [main] DEBUG net.thucydides.core.steps.StepInterceptor - STEP DONE: openDataPasien
  &amp#27;[32mGiven &amp#27;[0m&amp#27;[32mOpen page data pasien&amp#27;[0m                                         &amp#27;[90m# starter.stepdefinitios.PatientDataSteps.openPageDataPasien()&amp#27;[0m
11:10:34.660 [Forwarding screenshot on session e89113711a4e1e973dbb3f5d7367f809 to remote] DEBUG org.asynchttpclient.netty.request.NettyRequestSender - Using pooled Channel '[id: 0x692ec1b7, L:/127.0.0.1:61010 - R:localhost/127.0.0.1:58510]' for 'GET' to 'http://localhost:58510/session/e89113711a4e1e973dbb3f5d7367f809/screenshot'
11:10:34.660 [Forwarding screenshot on session e89113711a4e1e973dbb3f5d7367f809 to remote] DEBUG org.asynchttpclient.netty.request.NettyRequestSender - Using open Channel [id: 0x692ec1b7, L:/127.0.0.1:61010 - R:localhost/127.0.0.1:58510] for GET '/session/e89113711a4e1e973dbb3f5d7367f809/screenshot'
11:10:34.884 [AsyncHttpClient-1-8] DEBUG org.asynchttpclient.netty.handler.HttpHandler - 

Request DefaultFullHttpRequest(decodeResult: success, version: HTTP/1.1, content: EmptyByteBufBE)
GET /session/e89113711a4e1e973dbb3f5d7367f809/screenshot HTTP/1.1
User-Agent: selenium/4.1.2 (java windows)
Cache-Control: no-cache
Content-Type: application/json; charset=utf-8
host: localhost:58510
accept: */*

Response DefaultHttpResponse(decodeResult: success, version: HTTP/1.1)
HTTP/1.1 200 OK
Content-Type: application/json; charset=utf-8
cache-control: no-cache
content-length: 80400

11:10:34.884 [AsyncHttpClient-1-8] DEBUG org.asynchttpclient.netty.channel.ChannelManager - Adding key: http://localhost:58510 for channel [id: 0x692ec1b7, L:/127.0.0.1:61010 - R:localhost/127.0.0.1:58510]
11:10:34.891 [main] DEBUG net.serenitybdd.core.photography.Darkroom - Send negative for processing for target\site\serenity\eafefcec911386783e1feca8750637f7dcf489f21b853250001104e95aa18db8.png
11:10:34.892 [Darkroom Processing Line] DEBUG net.serenitybdd.core.photography.DarkroomProcessingLine - Processing screenshot image in /var/screenshots/screenshot-16201031387222849988
11:10:34.892 [Darkroom Processing Line] DEBUG net.serenitybdd.core.photography.DarkroomProcessingLine - Saving screenshot to target\site\serenity\eafefcec911386783e1feca8750637f7dcf489f21b853250001104e95aa18db8.png
11:10:34.915 [main] DEBUG net.thucydides.core.steps.StepInterceptor - STARTING STEP: PatientDataSteps.clickButtonTambahData - clickButtonTambah
11:10:34.922 [Forwarding findElement on session e89113711a4e1e973dbb3f5d7367f809 to remote] DEBUG org.asynchttpclient.netty.request.NettyRequestSender - Using pooled Channel '[id: 0x692ec1b7, L:/127.0.0.1:61010 - R:localhost/127.0.0.1:58510]' for 'POST' to 'http://localhost:58510/session/e89113711a4e1e973dbb3f5d7367f809/element'
11:10:34.922 [Forwarding findElement on session e89113711a4e1e973dbb3f5d7367f809 to remote] DEBUG org.asynchttpclient.netty.request.NettyRequestSender - Using open Channel [id: 0x692ec1b7, L:/127.0.0.1:61010 - R:localhost/127.0.0.1:58510] for POST '/session/e89113711a4e1e973dbb3f5d7367f809/element'
11:10:34.953 [AsyncHttpClient-1-8] DEBUG org.asynchttpclient.netty.handler.HttpHandler - 

Request DefaultHttpRequest(decodeResult: success, version: HTTP/1.1)
POST /session/e89113711a4e1e973dbb3f5d7367f809/element HTTP/1.1
User-Agent: selenium/4.1.2 (java windows)
Content-Length: 109
Content-Type: application/json; charset=utf-8
host: localhost:58510
accept: */*

Response DefaultHttpResponse(decodeResult: success, version: HTTP/1.1)
HTTP/1.1 200 OK
Content-Type: application/json; charset=utf-8
cache-control: no-cache
content-length: 88

11:10:34.953 [AsyncHttpClient-1-8] DEBUG org.asynchttpclient.netty.channel.ChannelManager - Adding key: http://localhost:58510 for channel [id: 0x692ec1b7, L:/127.0.0.1:61010 - R:localhost/127.0.0.1:58510]
11:10:34.955 [Forwarding getElementTagName on session e89113711a4e1e973dbb3f5d7367f809 to remote] DEBUG org.asynchttpclient.netty.request.NettyRequestSender - Using pooled Channel '[id: 0x692ec1b7, L:/127.0.0.1:61010 - R:localhost/127.0.0.1:58510]' for 'GET' to 'http://localhost:58510/session/e89113711a4e1e973dbb3f5d7367f809/element/7f5ded7a-40d5-476e-bebf-896281bfdf77/name'
11:10:34.955 [Forwarding getElementTagName on session e89113711a4e1e973dbb3f5d7367f809 to remote] DEBUG org.asynchttpclient.netty.request.NettyRequestSender - Using open Channel [id: 0x692ec1b7, L:/127.0.0.1:61010 - R:localhost/127.0.0.1:58510] for GET '/session/e89113711a4e1e973dbb3f5d7367f809/element/7f5ded7a-40d5-476e-bebf-896281bfdf77/name'
11:10:34.966 [AsyncHttpClient-1-8] DEBUG org.asynchttpclient.netty.handler.HttpHandler - 

Request DefaultFullHttpRequest(decodeResult: success, version: HTTP/1.1, content: EmptyByteBufBE)
GET /session/e89113711a4e1e973dbb3f5d7367f809/element/7f5ded7a-40d5-476e-bebf-896281bfdf77/name HTTP/1.1
User-Agent: selenium/4.1.2 (java windows)
Cache-Control: no-cache
Content-Type: application/json; charset=utf-8
host: localhost:58510
accept: */*

Response DefaultHttpResponse(decodeResult: success, version: HTTP/1.1)
HTTP/1.1 200 OK
Content-Type: application/json; charset=utf-8
cache-control: no-cache
content-length: 18

11:10:34.966 [AsyncHttpClient-1-8] DEBUG org.asynchttpclient.netty.channel.ChannelManager - Adding key: http://localhost:58510 for channel [id: 0x692ec1b7, L:/127.0.0.1:61010 - R:localhost/127.0.0.1:58510]
11:10:34.968 [Forwarding getElementTagName on session e89113711a4e1e973dbb3f5d7367f809 to remote] DEBUG org.asynchttpclient.netty.request.NettyRequestSender - Using pooled Channel '[id: 0x692ec1b7, L:/127.0.0.1:61010 - R:localhost/127.0.0.1:58510]' for 'GET' to 'http://localhost:58510/session/e89113711a4e1e973dbb3f5d7367f809/element/7f5ded7a-40d5-476e-bebf-896281bfdf77/name'
11:10:34.968 [Forwarding getElementTagName on session e89113711a4e1e973dbb3f5d7367f809 to remote] DEBUG org.asynchttpclient.netty.request.NettyRequestSender - Using open Channel [id: 0x692ec1b7, L:/127.0.0.1:61010 - R:localhost/127.0.0.1:58510] for GET '/session/e89113711a4e1e973dbb3f5d7367f809/element/7f5ded7a-40d5-476e-bebf-896281bfdf77/name'
11:10:34.975 [AsyncHttpClient-1-8] DEBUG org.asynchttpclient.netty.handler.HttpHandler - 

Request DefaultFullHttpRequest(decodeResult: success, version: HTTP/1.1, content: EmptyByteBufBE)
GET /session/e89113711a4e1e973dbb3f5d7367f809/element/7f5ded7a-40d5-476e-bebf-896281bfdf77/name HTTP/1.1
User-Agent: selenium/4.1.2 (java windows)
Cache-Control: no-cache
Content-Type: application/json; charset=utf-8
host: localhost:58510
accept: */*

Response DefaultHttpResponse(decodeResult: success, version: HTTP/1.1)
HTTP/1.1 200 OK
Content-Type: application/json; charset=utf-8
cache-control: no-cache
content-length: 18

11:10:34.975 [AsyncHttpClient-1-8] DEBUG org.asynchttpclient.netty.channel.ChannelManager - Adding key: http://localhost:58510 for channel [id: 0x692ec1b7, L:/127.0.0.1:61010 - R:localhost/127.0.0.1:58510]
11:10:34.987 [Forwarding isElementEnabled on session e89113711a4e1e973dbb3f5d7367f809 to remote] DEBUG org.asynchttpclient.netty.request.NettyRequestSender - Using pooled Channel '[id: 0x692ec1b7, L:/127.0.0.1:61010 - R:localhost/127.0.0.1:58510]' for 'GET' to 'http://localhost:58510/session/e89113711a4e1e973dbb3f5d7367f809/element/7f5ded7a-40d5-476e-bebf-896281bfdf77/enabled'
11:10:34.987 [Forwarding isElementEnabled on session e89113711a4e1e973dbb3f5d7367f809 to remote] DEBUG org.asynchttpclient.netty.request.NettyRequestSender - Using open Channel [id: 0x692ec1b7, L:/127.0.0.1:61010 - R:localhost/127.0.0.1:58510] for GET '/session/e89113711a4e1e973dbb3f5d7367f809/element/7f5ded7a-40d5-476e-bebf-896281bfdf77/enabled'
11:10:35.009 [AsyncHttpClient-1-8] DEBUG org.asynchttpclient.netty.handler.HttpHandler - 

Request DefaultFullHttpRequest(decodeResult: success, version: HTTP/1.1, content: EmptyByteBufBE)
GET /session/e89113711a4e1e973dbb3f5d7367f809/element/7f5ded7a-40d5-476e-bebf-896281bfdf77/enabled HTTP/1.1
User-Agent: selenium/4.1.2 (java windows)
Cache-Control: no-cache
Content-Type: application/json; charset=utf-8
host: localhost:58510
accept: */*

Response DefaultHttpResponse(decodeResult: success, version: HTTP/1.1)
HTTP/1.1 200 OK
Content-Type: application/json; charset=utf-8
cache-control: no-cache
content-length: 14

11:10:35.009 [AsyncHttpClient-1-8] DEBUG org.asynchttpclient.netty.channel.ChannelManager - Adding key: http://localhost:58510 for channel [id: 0x692ec1b7, L:/127.0.0.1:61010 - R:localhost/127.0.0.1:58510]
11:10:35.012 [Forwarding isElementEnabled on session e89113711a4e1e973dbb3f5d7367f809 to remote] DEBUG org.asynchttpclient.netty.request.NettyRequestSender - Using pooled Channel '[id: 0x692ec1b7, L:/127.0.0.1:61010 - R:localhost/127.0.0.1:58510]' for 'GET' to 'http://localhost:58510/session/e89113711a4e1e973dbb3f5d7367f809/element/7f5ded7a-40d5-476e-bebf-896281bfdf77/enabled'
11:10:35.012 [Forwarding isElementEnabled on session e89113711a4e1e973dbb3f5d7367f809 to remote] DEBUG org.asynchttpclient.netty.request.NettyRequestSender - Using open Channel [id: 0x692ec1b7, L:/127.0.0.1:61010 - R:localhost/127.0.0.1:58510] for GET '/session/e89113711a4e1e973dbb3f5d7367f809/element/7f5ded7a-40d5-476e-bebf-896281bfdf77/enabled'
11:10:35.024 [AsyncHttpClient-1-1] DEBUG org.asynchttpclient.netty.channel.DefaultChannelPool - Entry count for : http://localhost:61011 : 1
11:10:35.043 [AsyncHttpClient-1-8] DEBUG org.asynchttpclient.netty.handler.HttpHandler - 

Request DefaultFullHttpRequest(decodeResult: success, version: HTTP/1.1, content: EmptyByteBufBE)
GET /session/e89113711a4e1e973dbb3f5d7367f809/element/7f5ded7a-40d5-476e-bebf-896281bfdf77/enabled HTTP/1.1
User-Agent: selenium/4.1.2 (java windows)
Cache-Control: no-cache
Content-Type: application/json; charset=utf-8
host: localhost:58510
accept: */*

Response DefaultHttpResponse(decodeResult: success, version: HTTP/1.1)
HTTP/1.1 200 OK
Content-Type: application/json; charset=utf-8
cache-control: no-cache
content-length: 14

11:10:35.043 [AsyncHttpClient-1-8] DEBUG org.asynchttpclient.netty.channel.ChannelManager - Adding key: http://localhost:58510 for channel [id: 0x692ec1b7, L:/127.0.0.1:61010 - R:localhost/127.0.0.1:58510]
11:10:35.051 [Forwarding findElement on session e89113711a4e1e973dbb3f5d7367f809 to remote] DEBUG org.asynchttpclient.netty.request.NettyRequestSender - Using pooled Channel '[id: 0x692ec1b7, L:/127.0.0.1:61010 - R:localhost/127.0.0.1:58510]' for 'POST' to 'http://localhost:58510/session/e89113711a4e1e973dbb3f5d7367f809/element'
11:10:35.051 [Forwarding findElement on session e89113711a4e1e973dbb3f5d7367f809 to remote] DEBUG org.asynchttpclient.netty.request.NettyRequestSender - Using open Channel [id: 0x692ec1b7, L:/127.0.0.1:61010 - R:localhost/127.0.0.1:58510] for POST '/session/e89113711a4e1e973dbb3f5d7367f809/element'
11:10:35.071 [AsyncHttpClient-1-8] DEBUG org.asynchttpclient.netty.handler.HttpHandler - 

Request DefaultHttpRequest(decodeResult: success, version: HTTP/1.1)
POST /session/e89113711a4e1e973dbb3f5d7367f809/element HTTP/1.1
User-Agent: selenium/4.1.2 (java windows)
Content-Length: 109
Content-Type: application/json; charset=utf-8
host: localhost:58510
accept: */*

Response DefaultHttpResponse(decodeResult: success, version: HTTP/1.1)
HTTP/1.1 200 OK
Content-Type: application/json; charset=utf-8
cache-control: no-cache
content-length: 88

11:10:35.072 [AsyncHttpClient-1-8] DEBUG org.asynchttpclient.netty.channel.ChannelManager - Adding key: http://localhost:58510 for channel [id: 0x692ec1b7, L:/127.0.0.1:61010 - R:localhost/127.0.0.1:58510]
11:10:35.074 [Forwarding clickElement on session e89113711a4e1e973dbb3f5d7367f809 to remote] DEBUG org.asynchttpclient.netty.request.NettyRequestSender - Using pooled Channel '[id: 0x692ec1b7, L:/127.0.0.1:61010 - R:localhost/127.0.0.1:58510]' for 'POST' to 'http://localhost:58510/session/e89113711a4e1e973dbb3f5d7367f809/element/7f5ded7a-40d5-476e-bebf-896281bfdf77/click'
11:10:35.074 [Forwarding clickElement on session e89113711a4e1e973dbb3f5d7367f809 to remote] DEBUG org.asynchttpclient.netty.request.NettyRequestSender - Using open Channel [id: 0x692ec1b7, L:/127.0.0.1:61010 - R:localhost/127.0.0.1:58510] for POST '/session/e89113711a4e1e973dbb3f5d7367f809/element/7f5ded7a-40d5-476e-bebf-896281bfdf77/click'
11:10:35.552 [AsyncHttpClient-1-8] DEBUG org.asynchttpclient.netty.handler.HttpHandler - 

Request DefaultHttpRequest(decodeResult: success, version: HTTP/1.1)
POST /session/e89113711a4e1e973dbb3f5d7367f809/element/7f5ded7a-40d5-476e-bebf-896281bfdf77/click HTTP/1.1
User-Agent: selenium/4.1.2 (java windows)
Content-Length: 50
Content-Type: application/json; charset=utf-8
host: localhost:58510
accept: */*

Response DefaultHttpResponse(decodeResult: success, version: HTTP/1.1)
HTTP/1.1 200 OK
Content-Type: application/json; charset=utf-8
cache-control: no-cache
content-length: 14

11:10:35.552 [AsyncHttpClient-1-8] DEBUG org.asynchttpclient.netty.channel.ChannelManager - Adding key: http://localhost:58510 for channel [id: 0x692ec1b7, L:/127.0.0.1:61010 - R:localhost/127.0.0.1:58510]
11:10:35.568 [Forwarding screenshot on session e89113711a4e1e973dbb3f5d7367f809 to remote] DEBUG org.asynchttpclient.netty.request.NettyRequestSender - Using pooled Channel '[id: 0x692ec1b7, L:/127.0.0.1:61010 - R:localhost/127.0.0.1:58510]' for 'GET' to 'http://localhost:58510/session/e89113711a4e1e973dbb3f5d7367f809/screenshot'
11:10:35.568 [Forwarding screenshot on session e89113711a4e1e973dbb3f5d7367f809 to remote] DEBUG org.asynchttpclient.netty.request.NettyRequestSender - Using open Channel [id: 0x692ec1b7, L:/127.0.0.1:61010 - R:localhost/127.0.0.1:58510] for GET '/session/e89113711a4e1e973dbb3f5d7367f809/screenshot'
11:10:36.045 [AsyncHttpClient-1-8] DEBUG org.asynchttpclient.netty.handler.HttpHandler - 

Request DefaultFullHttpRequest(decodeResult: success, version: HTTP/1.1, content: EmptyByteBufBE)
GET /session/e89113711a4e1e973dbb3f5d7367f809/screenshot HTTP/1.1
User-Agent: selenium/4.1.2 (java windows)
Cache-Control: no-cache
Content-Type: application/json; charset=utf-8
host: localhost:58510
accept: */*

Response DefaultHttpResponse(decodeResult: success, version: HTTP/1.1)
HTTP/1.1 200 OK
Content-Type: application/json; charset=utf-8
cache-control: no-cache
content-length: 50504

11:10:36.046 [AsyncHttpClient-1-8] DEBUG org.asynchttpclient.netty.channel.ChannelManager - Adding key: http://localhost:58510 for channel [id: 0x692ec1b7, L:/127.0.0.1:61010 - R:localhost/127.0.0.1:58510]
11:10:36.050 [main] DEBUG net.serenitybdd.core.photography.Darkroom - Send negative for processing for target\site\serenity\9b46d6d3c6d50f31c5127c07f12cc8a5aa88b032819cd58a358cc44d09e3495e.png
11:10:36.051 [main] DEBUG net.thucydides.core.steps.StepInterceptor - STEP DONE: clickButtonTambah
  &amp#27;[32mWhen &amp#27;[0m&amp#27;[32mClick button tambah data&amp#27;[0m                                       &amp#27;[90m# starter.stepdefinitios.PatientDataSteps.clickButtonTambahData()&amp#27;[0m
11:10:36.112 [AsyncHttpClient-1-1] DEBUG org.asynchttpclient.netty.channel.DefaultChannelPool - Entry count for : http://localhost:61011 : 1
11:10:36.112 [AsyncHttpClient-1-1] DEBUG org.asynchttpclient.netty.channel.DefaultChannelPool - Entry count for : http://localhost:58510 : 1
11:10:36.605 [Forwarding screenshot on session e89113711a4e1e973dbb3f5d7367f809 to remote] DEBUG org.asynchttpclient.netty.request.NettyRequestSender - Using pooled Channel '[id: 0x692ec1b7, L:/127.0.0.1:61010 - R:localhost/127.0.0.1:58510]' for 'GET' to 'http://localhost:58510/session/e89113711a4e1e973dbb3f5d7367f809/screenshot'
11:10:36.605 [Forwarding screenshot on session e89113711a4e1e973dbb3f5d7367f809 to remote] DEBUG org.asynchttpclient.netty.request.NettyRequestSender - Using open Channel [id: 0x692ec1b7, L:/127.0.0.1:61010 - R:localhost/127.0.0.1:58510] for GET '/session/e89113711a4e1e973dbb3f5d7367f809/screenshot'
11:10:36.985 [AsyncHttpClient-1-8] DEBUG org.asynchttpclient.netty.handler.HttpHandler - 

Request DefaultFullHttpRequest(decodeResult: success, version: HTTP/1.1, content: EmptyByteBufBE)
GET /session/e89113711a4e1e973dbb3f5d7367f809/screenshot HTTP/1.1
User-Agent: selenium/4.1.2 (java windows)
Cache-Control: no-cache
Content-Type: application/json; charset=utf-8
host: localhost:58510
accept: */*

Response DefaultHttpResponse(decodeResult: success, version: HTTP/1.1)
HTTP/1.1 200 OK
Content-Type: application/json; charset=utf-8
cache-control: no-cache
content-length: 388876

11:10:36.986 [AsyncHttpClient-1-8] DEBUG org.asynchttpclient.netty.channel.ChannelManager - Adding key: http://localhost:58510 for channel [id: 0x692ec1b7, L:/127.0.0.1:61010 - R:localhost/127.0.0.1:58510]
11:10:37.018 [main] DEBUG net.serenitybdd.core.photography.Darkroom - Send negative for processing for target\site\serenity\cac8b9ceaa3fd96c9fbd95fcf49b69973be8c8fd243d2ca4bbf7d4b9963dea1d.png
11:10:37.019 [main] DEBUG net.thucydides.core.steps.StepInterceptor - STARTING STEP: PatientDataSteps.iInput - inputDataPasien
11:10:37.019 [Darkroom Processing Line] DEBUG net.serenitybdd.core.photography.DarkroomProcessingLine - Processing screenshot image in /var/screenshots/screenshot-11705973415920251430
11:10:37.020 [Darkroom Processing Line] DEBUG net.serenitybdd.core.photography.DarkroomProcessingLine - Saving screenshot to target\site\serenity\cac8b9ceaa3fd96c9fbd95fcf49b69973be8c8fd243d2ca4bbf7d4b9963dea1d.png
11:10:37.023 [Forwarding findElement on session e89113711a4e1e973dbb3f5d7367f809 to remote] DEBUG org.asynchttpclient.netty.request.NettyRequestSender - Using pooled Channel '[id: 0x692ec1b7, L:/127.0.0.1:61010 - R:localhost/127.0.0.1:58510]' for 'POST' to 'http://localhost:58510/session/e89113711a4e1e973dbb3f5d7367f809/element'
11:10:37.024 [Forwarding findElement on session e89113711a4e1e973dbb3f5d7367f809 to remote] DEBUG org.asynchttpclient.netty.request.NettyRequestSender - Using open Channel [id: 0x692ec1b7, L:/127.0.0.1:61010 - R:localhost/127.0.0.1:58510] for POST '/session/e89113711a4e1e973dbb3f5d7367f809/element'
11:10:37.051 [AsyncHttpClient-1-8] DEBUG org.asynchttpclient.netty.handler.HttpHandler - 

Request DefaultHttpRequest(decodeResult: success, version: HTTP/1.1)
POST /session/e89113711a4e1e973dbb3f5d7367f809/element HTTP/1.1
User-Agent: selenium/4.1.2 (java windows)
Content-Length: 166
Content-Type: application/json; charset=utf-8
host: localhost:58510
accept: */*

Response DefaultHttpResponse(decodeResult: success, version: HTTP/1.1)
HTTP/1.1 200 OK
Content-Type: application/json; charset=utf-8
cache-control: no-cache
content-length: 88

11:10:37.051 [AsyncHttpClient-1-8] DEBUG org.asynchttpclient.netty.channel.ChannelManager - Adding key: http://localhost:58510 for channel [id: 0x692ec1b7, L:/127.0.0.1:61010 - R:localhost/127.0.0.1:58510]
11:10:37.054 [Forwarding sendKeysToElement on session e89113711a4e1e973dbb3f5d7367f809 to remote] DEBUG org.asynchttpclient.netty.request.NettyRequestSender - Using pooled Channel '[id: 0x692ec1b7, L:/127.0.0.1:61010 - R:localhost/127.0.0.1:58510]' for 'POST' to 'http://localhost:58510/session/e89113711a4e1e973dbb3f5d7367f809/element/945310c7-6b27-4643-8593-ad035c6c6412/value'
11:10:37.054 [Forwarding sendKeysToElement on session e89113711a4e1e973dbb3f5d7367f809 to remote] DEBUG org.asynchttpclient.netty.request.NettyRequestSender - Using open Channel [id: 0x692ec1b7, L:/127.0.0.1:61010 - R:localhost/127.0.0.1:58510] for POST '/session/e89113711a4e1e973dbb3f5d7367f809/element/945310c7-6b27-4643-8593-ad035c6c6412/value'
11:10:37.204 [AsyncHttpClient-1-8] DEBUG org.asynchttpclient.netty.handler.HttpHandler - 

Request DefaultHttpRequest(decodeResult: success, version: HTTP/1.1)
POST /session/e89113711a4e1e973dbb3f5d7367f809/element/945310c7-6b27-4643-8593-ad035c6c6412/value HTTP/1.1
User-Agent: selenium/4.1.2 (java windows)
Content-Length: 82
Content-Type: application/json; charset=utf-8
host: localhost:58510
accept: */*

Response DefaultHttpResponse(decodeResult: success, version: HTTP/1.1)
HTTP/1.1 200 OK
Content-Type: application/json; charset=utf-8
cache-control: no-cache
content-length: 14

11:10:37.204 [AsyncHttpClient-1-8] DEBUG org.asynchttpclient.netty.channel.ChannelManager - Adding key: http://localhost:58510 for channel [id: 0x692ec1b7, L:/127.0.0.1:61010 - R:localhost/127.0.0.1:58510]
11:10:37.209 [Forwarding findElement on session e89113711a4e1e973dbb3f5d7367f809 to remote] DEBUG org.asynchttpclient.netty.request.NettyRequestSender - Using pooled Channel '[id: 0x692ec1b7, L:/127.0.0.1:61010 - R:localhost/127.0.0.1:58510]' for 'POST' to 'http://localhost:58510/session/e89113711a4e1e973dbb3f5d7367f809/element'
11:10:37.209 [Forwarding findElement on session e89113711a4e1e973dbb3f5d7367f809 to remote] DEBUG org.asynchttpclient.netty.request.NettyRequestSender - Using open Channel [id: 0x692ec1b7, L:/127.0.0.1:61010 - R:localhost/127.0.0.1:58510] for POST '/session/e89113711a4e1e973dbb3f5d7367f809/element'
11:10:37.212 [AsyncHttpClient-1-1] DEBUG org.asynchttpclient.netty.channel.DefaultChannelPool - Entry count for : http://localhost:61011 : 1
11:10:37.235 [AsyncHttpClient-1-8] DEBUG org.asynchttpclient.netty.handler.HttpHandler - 

Request DefaultHttpRequest(decodeResult: success, version: HTTP/1.1)
POST /session/e89113711a4e1e973dbb3f5d7367f809/element HTTP/1.1
User-Agent: selenium/4.1.2 (java windows)
Content-Length: 166
Content-Type: application/json; charset=utf-8
host: localhost:58510
accept: */*

Response DefaultHttpResponse(decodeResult: success, version: HTTP/1.1)
HTTP/1.1 200 OK
Content-Type: application/json; charset=utf-8
cache-control: no-cache
content-length: 88

11:10:37.235 [AsyncHttpClient-1-8] DEBUG org.asynchttpclient.netty.channel.ChannelManager - Adding key: http://localhost:58510 for channel [id: 0x692ec1b7, L:/127.0.0.1:61010 - R:localhost/127.0.0.1:58510]
11:10:37.238 [Forwarding sendKeysToElement on session e89113711a4e1e973dbb3f5d7367f809 to remote] DEBUG org.asynchttpclient.netty.request.NettyRequestSender - Using pooled Channel '[id: 0x692ec1b7, L:/127.0.0.1:61010 - R:localhost/127.0.0.1:58510]' for 'POST' to 'http://localhost:58510/session/e89113711a4e1e973dbb3f5d7367f809/element/100de584-b85b-46a1-a529-737e34238ac4/value'
11:10:37.238 [Forwarding sendKeysToElement on session e89113711a4e1e973dbb3f5d7367f809 to remote] DEBUG org.asynchttpclient.netty.request.NettyRequestSender - Using open Channel [id: 0x692ec1b7, L:/127.0.0.1:61010 - R:localhost/127.0.0.1:58510] for POST '/session/e89113711a4e1e973dbb3f5d7367f809/element/100de584-b85b-46a1-a529-737e34238ac4/value'
11:10:37.807 [AsyncHttpClient-1-8] DEBUG org.asynchttpclient.netty.handler.HttpHandler - 

Request DefaultHttpRequest(decodeResult: success, version: HTTP/1.1)
POST /session/e89113711a4e1e973dbb3f5d7367f809/element/100de584-b85b-46a1-a529-737e34238ac4/value HTTP/1.1
User-Agent: selenium/4.1.2 (java windows)
Content-Length: 181
Content-Type: application/json; charset=utf-8
host: localhost:58510
accept: */*

Response DefaultHttpResponse(decodeResult: success, version: HTTP/1.1)
HTTP/1.1 200 OK
Content-Type: application/json; charset=utf-8
cache-control: no-cache
content-length: 14

11:10:37.808 [AsyncHttpClient-1-8] DEBUG org.asynchttpclient.netty.channel.ChannelManager - Adding key: http://localhost:58510 for channel [id: 0x692ec1b7, L:/127.0.0.1:61010 - R:localhost/127.0.0.1:58510]
11:10:37.815 [Forwarding findElement on session e89113711a4e1e973dbb3f5d7367f809 to remote] DEBUG org.asynchttpclient.netty.request.NettyRequestSender - Using pooled Channel '[id: 0x692ec1b7, L:/127.0.0.1:61010 - R:localhost/127.0.0.1:58510]' for 'POST' to 'http://localhost:58510/session/e89113711a4e1e973dbb3f5d7367f809/element'
11:10:37.815 [Forwarding findElement on session e89113711a4e1e973dbb3f5d7367f809 to remote] DEBUG org.asynchttpclient.netty.request.NettyRequestSender - Using open Channel [id: 0x692ec1b7, L:/127.0.0.1:61010 - R:localhost/127.0.0.1:58510] for POST '/session/e89113711a4e1e973dbb3f5d7367f809/element'
11:10:37.842 [AsyncHttpClient-1-8] DEBUG org.asynchttpclient.netty.handler.HttpHandler - 

Request DefaultHttpRequest(decodeResult: success, version: HTTP/1.1)
POST /session/e89113711a4e1e973dbb3f5d7367f809/element HTTP/1.1
User-Agent: selenium/4.1.2 (java windows)
Content-Length: 166
Content-Type: application/json; charset=utf-8
host: localhost:58510
accept: */*

Response DefaultHttpResponse(decodeResult: success, version: HTTP/1.1)
HTTP/1.1 200 OK
Content-Type: application/json; charset=utf-8
cache-control: no-cache
content-length: 88

11:10:37.842 [AsyncHttpClient-1-8] DEBUG org.asynchttpclient.netty.channel.ChannelManager - Adding key: http://localhost:58510 for channel [id: 0x692ec1b7, L:/127.0.0.1:61010 - R:localhost/127.0.0.1:58510]
11:10:37.846 [Forwarding sendKeysToElement on session e89113711a4e1e973dbb3f5d7367f809 to remote] DEBUG org.asynchttpclient.netty.request.NettyRequestSender - Using pooled Channel '[id: 0x692ec1b7, L:/127.0.0.1:61010 - R:localhost/127.0.0.1:58510]' for 'POST' to 'http://localhost:58510/session/e89113711a4e1e973dbb3f5d7367f809/element/ba859edb-96cf-43cc-8851-39ac22122180/value'
11:10:37.847 [Forwarding sendKeysToElement on session e89113711a4e1e973dbb3f5d7367f809 to remote] DEBUG org.asynchttpclient.netty.request.NettyRequestSender - Using open Channel [id: 0x692ec1b7, L:/127.0.0.1:61010 - R:localhost/127.0.0.1:58510] for POST '/session/e89113711a4e1e973dbb3f5d7367f809/element/ba859edb-96cf-43cc-8851-39ac22122180/value'
11:10:38.053 [AsyncHttpClient-1-8] DEBUG org.asynchttpclient.netty.handler.HttpHandler - 

Request DefaultHttpRequest(decodeResult: success, version: HTTP/1.1)
POST /session/e89113711a4e1e973dbb3f5d7367f809/element/ba859edb-96cf-43cc-8851-39ac22122180/value HTTP/1.1
User-Agent: selenium/4.1.2 (java windows)
Content-Length: 101
Content-Type: application/json; charset=utf-8
host: localhost:58510
accept: */*

Response DefaultHttpResponse(decodeResult: success, version: HTTP/1.1)
HTTP/1.1 200 OK
Content-Type: application/json; charset=utf-8
cache-control: no-cache
content-length: 14

11:10:38.054 [AsyncHttpClient-1-8] DEBUG org.asynchttpclient.netty.channel.ChannelManager - Adding key: http://localhost:58510 for channel [id: 0x692ec1b7, L:/127.0.0.1:61010 - R:localhost/127.0.0.1:58510]
11:10:38.058 [Forwarding findElement on session e89113711a4e1e973dbb3f5d7367f809 to remote] DEBUG org.asynchttpclient.netty.request.NettyRequestSender - Using pooled Channel '[id: 0x692ec1b7, L:/127.0.0.1:61010 - R:localhost/127.0.0.1:58510]' for 'POST' to 'http://localhost:58510/session/e89113711a4e1e973dbb3f5d7367f809/element'
11:10:38.058 [Forwarding findElement on session e89113711a4e1e973dbb3f5d7367f809 to remote] DEBUG org.asynchttpclient.netty.request.NettyRequestSender - Using open Channel [id: 0x692ec1b7, L:/127.0.0.1:61010 - R:localhost/127.0.0.1:58510] for POST '/session/e89113711a4e1e973dbb3f5d7367f809/element'
11:10:38.101 [AsyncHttpClient-1-8] DEBUG org.asynchttpclient.netty.handler.HttpHandler - 

Request DefaultHttpRequest(decodeResult: success, version: HTTP/1.1)
POST /session/e89113711a4e1e973dbb3f5d7367f809/element HTTP/1.1
User-Agent: selenium/4.1.2 (java windows)
Content-Length: 166
Content-Type: application/json; charset=utf-8
host: localhost:58510
accept: */*

Response DefaultHttpResponse(decodeResult: success, version: HTTP/1.1)
HTTP/1.1 200 OK
Content-Type: application/json; charset=utf-8
cache-control: no-cache
content-length: 88

11:10:38.101 [AsyncHttpClient-1-8] DEBUG org.asynchttpclient.netty.channel.ChannelManager - Adding key: http://localhost:58510 for channel [id: 0x692ec1b7, L:/127.0.0.1:61010 - R:localhost/127.0.0.1:58510]
11:10:38.104 [Forwarding sendKeysToElement on session e89113711a4e1e973dbb3f5d7367f809 to remote] DEBUG org.asynchttpclient.netty.request.NettyRequestSender - Using pooled Channel '[id: 0x692ec1b7, L:/127.0.0.1:61010 - R:localhost/127.0.0.1:58510]' for 'POST' to 'http://localhost:58510/session/e89113711a4e1e973dbb3f5d7367f809/element/f225f5cb-dd17-4bc4-a19e-3ecc3fd53462/value'
11:10:38.104 [Forwarding sendKeysToElement on session e89113711a4e1e973dbb3f5d7367f809 to remote] DEBUG org.asynchttpclient.netty.request.NettyRequestSender - Using open Channel [id: 0x692ec1b7, L:/127.0.0.1:61010 - R:localhost/127.0.0.1:58510] for POST '/session/e89113711a4e1e973dbb3f5d7367f809/element/f225f5cb-dd17-4bc4-a19e-3ecc3fd53462/value'
11:10:38.318 [AsyncHttpClient-1-1] DEBUG org.asynchttpclient.netty.channel.DefaultChannelPool - Entry count for : http://localhost:61011 : 1
11:10:38.554 [AsyncHttpClient-1-8] DEBUG org.asynchttpclient.netty.handler.HttpHandler - 

Request DefaultHttpRequest(decodeResult: success, version: HTTP/1.1)
POST /session/e89113711a4e1e973dbb3f5d7367f809/element/f225f5cb-dd17-4bc4-a19e-3ecc3fd53462/value HTTP/1.1
User-Agent: selenium/4.1.2 (java windows)
Content-Length: 191
Content-Type: application/json; charset=utf-8
host: localhost:58510
accept: */*

Response DefaultHttpResponse(decodeResult: success, version: HTTP/1.1)
HTTP/1.1 200 OK
Content-Type: application/json; charset=utf-8
cache-control: no-cache
content-length: 14

11:10:38.554 [AsyncHttpClient-1-8] DEBUG org.asynchttpclient.netty.channel.ChannelManager - Adding key: http://localhost:58510 for channel [id: 0x692ec1b7, L:/127.0.0.1:61010 - R:localhost/127.0.0.1:58510]
11:10:38.563 [Forwarding findElement on session e89113711a4e1e973dbb3f5d7367f809 to remote] DEBUG org.asynchttpclient.netty.request.NettyRequestSender - Using pooled Channel '[id: 0x692ec1b7, L:/127.0.0.1:61010 - R:localhost/127.0.0.1:58510]' for 'POST' to 'http://localhost:58510/session/e89113711a4e1e973dbb3f5d7367f809/element'
11:10:38.563 [Forwarding findElement on session e89113711a4e1e973dbb3f5d7367f809 to remote] DEBUG org.asynchttpclient.netty.request.NettyRequestSender - Using open Channel [id: 0x692ec1b7, L:/127.0.0.1:61010 - R:localhost/127.0.0.1:58510] for POST '/session/e89113711a4e1e973dbb3f5d7367f809/element'
11:10:38.591 [AsyncHttpClient-1-8] DEBUG org.asynchttpclient.netty.handler.HttpHandler - 

Request DefaultHttpRequest(decodeResult: success, version: HTTP/1.1)
POST /session/e89113711a4e1e973dbb3f5d7367f809/element HTTP/1.1
User-Agent: selenium/4.1.2 (java windows)
Content-Length: 173
Content-Type: application/json; charset=utf-8
host: localhost:58510
accept: */*

Response DefaultHttpResponse(decodeResult: success, version: HTTP/1.1)
HTTP/1.1 200 OK
Content-Type: application/json; charset=utf-8
cache-control: no-cache
content-length: 88

11:10:38.591 [AsyncHttpClient-1-8] DEBUG org.asynchttpclient.netty.channel.ChannelManager - Adding key: http://localhost:58510 for channel [id: 0x692ec1b7, L:/127.0.0.1:61010 - R:localhost/127.0.0.1:58510]
11:10:38.593 [Forwarding sendKeysToElement on session e89113711a4e1e973dbb3f5d7367f809 to remote] DEBUG org.asynchttpclient.netty.request.NettyRequestSender - Using pooled Channel '[id: 0x692ec1b7, L:/127.0.0.1:61010 - R:localhost/127.0.0.1:58510]' for 'POST' to 'http://localhost:58510/session/e89113711a4e1e973dbb3f5d7367f809/element/9d0e7b83-42dc-45cf-a880-1b06d466b232/value'
11:10:38.593 [Forwarding sendKeysToElement on session e89113711a4e1e973dbb3f5d7367f809 to remote] DEBUG org.asynchttpclient.netty.request.NettyRequestSender - Using open Channel [id: 0x692ec1b7, L:/127.0.0.1:61010 - R:localhost/127.0.0.1:58510] for POST '/session/e89113711a4e1e973dbb3f5d7367f809/element/9d0e7b83-42dc-45cf-a880-1b06d466b232/value'
11:10:39.009 [AsyncHttpClient-1-8] DEBUG org.asynchttpclient.netty.handler.HttpHandler - 

Request DefaultHttpRequest(decodeResult: success, version: HTTP/1.1)
POST /session/e89113711a4e1e973dbb3f5d7367f809/element/9d0e7b83-42dc-45cf-a880-1b06d466b232/value HTTP/1.1
User-Agent: selenium/4.1.2 (java windows)
Content-Length: 171
Content-Type: application/json; charset=utf-8
host: localhost:58510
accept: */*

Response DefaultHttpResponse(decodeResult: success, version: HTTP/1.1)
HTTP/1.1 200 OK
Content-Type: application/json; charset=utf-8
cache-control: no-cache
content-length: 14

11:10:39.010 [AsyncHttpClient-1-8] DEBUG org.asynchttpclient.netty.channel.ChannelManager - Adding key: http://localhost:58510 for channel [id: 0x692ec1b7, L:/127.0.0.1:61010 - R:localhost/127.0.0.1:58510]
11:10:39.024 [Forwarding screenshot on session e89113711a4e1e973dbb3f5d7367f809 to remote] DEBUG org.asynchttpclient.netty.request.NettyRequestSender - Using pooled Channel '[id: 0x692ec1b7, L:/127.0.0.1:61010 - R:localhost/127.0.0.1:58510]' for 'GET' to 'http://localhost:58510/session/e89113711a4e1e973dbb3f5d7367f809/screenshot'
11:10:39.024 [Forwarding screenshot on session e89113711a4e1e973dbb3f5d7367f809 to remote] DEBUG org.asynchttpclient.netty.request.NettyRequestSender - Using open Channel [id: 0x692ec1b7, L:/127.0.0.1:61010 - R:localhost/127.0.0.1:58510] for GET '/session/e89113711a4e1e973dbb3f5d7367f809/screenshot'
11:10:39.376 [AsyncHttpClient-1-8] DEBUG org.asynchttpclient.netty.handler.HttpHandler - 

Request DefaultFullHttpRequest(decodeResult: success, version: HTTP/1.1, content: EmptyByteBufBE)
GET /session/e89113711a4e1e973dbb3f5d7367f809/screenshot HTTP/1.1
User-Agent: selenium/4.1.2 (java windows)
Cache-Control: no-cache
Content-Type: application/json; charset=utf-8
host: localhost:58510
accept: */*

Response DefaultHttpResponse(decodeResult: success, version: HTTP/1.1)
HTTP/1.1 200 OK
Content-Type: application/json; charset=utf-8
cache-control: no-cache
content-length: 404352

11:10:39.377 [AsyncHttpClient-1-8] DEBUG org.asynchttpclient.netty.channel.ChannelManager - Adding key: http://localhost:58510 for channel [id: 0x692ec1b7, L:/127.0.0.1:61010 - R:localhost/127.0.0.1:58510]
11:10:39.408 [main] DEBUG net.serenitybdd.core.photography.Darkroom - Send negative for processing for target\site\serenity\91883eb4bc4131b1fbffa4d08b97a6b9f9e4ec3f8df50b866aa1b973dabfcd12.png
11:10:39.409 [main] DEBUG net.thucydides.core.steps.StepInterceptor - STEP DONE: inputDataPasien
  &amp#27;[32mThen &amp#27;[0m&amp#27;[32mI input &amp#27;[0m&amp#27;[32m&amp#27;[1m""&amp#27;[0m&amp#27;[32m &amp#27;[0m&amp#27;[32m&amp#27;[1m"1234479680"&amp#27;[0m&amp#27;[32m &amp#27;[0m&amp#27;[32m&amp#27;[1m"20"&amp#27;[0m&amp#27;[32m &amp#27;[0m&amp#27;[32m&amp#27;[1m"01294657612"&amp#27;[0m&amp#27;[32m &amp#27;[0m&amp#27;[32m&amp#27;[1m"perumahan"&amp#27;[0m&amp#27;[32m patient&amp#27;[0m &amp#27;[90m# starter.stepdefinitios.PatientDataSteps.iInput(java.lang.String,java.lang.String,java.lang.String,java.lang.String,java.lang.String)&amp#27;[0m
11:10:39.410 [Darkroom Processing Line] DEBUG net.serenitybdd.core.photography.DarkroomProcessingLine - Processing screenshot image in /var/screenshots/screenshot-12056825802754477519
11:10:39.410 [Darkroom Processing Line] DEBUG net.serenitybdd.core.photography.DarkroomProcessingLine - Saving screenshot to target\site\serenity\91883eb4bc4131b1fbffa4d08b97a6b9f9e4ec3f8df50b866aa1b973dabfcd12.png
11:10:39.425 [AsyncHttpClient-1-1] DEBUG org.asynchttpclient.netty.channel.DefaultChannelPool - Entry count for : http://localhost:61011 : 1
11:10:39.425 [AsyncHttpClient-1-1] DEBUG org.asynchttpclient.netty.channel.DefaultChannelPool - Entry count for : http://localhost:58510 : 1
11:10:39.466 [Forwarding screenshot on session e89113711a4e1e973dbb3f5d7367f809 to remote] DEBUG org.asynchttpclient.netty.request.NettyRequestSender - Using pooled Channel '[id: 0x692ec1b7, L:/127.0.0.1:61010 - R:localhost/127.0.0.1:58510]' for 'GET' to 'http://localhost:58510/session/e89113711a4e1e973dbb3f5d7367f809/screenshot'
11:10:39.467 [Forwarding screenshot on session e89113711a4e1e973dbb3f5d7367f809 to remote] DEBUG org.asynchttpclient.netty.request.NettyRequestSender - Using open Channel [id: 0x692ec1b7, L:/127.0.0.1:61010 - R:localhost/127.0.0.1:58510] for GET '/session/e89113711a4e1e973dbb3f5d7367f809/screenshot'
11:10:39.832 [AsyncHttpClient-1-8] DEBUG org.asynchttpclient.netty.handler.HttpHandler - 

Request DefaultFullHttpRequest(decodeResult: success, version: HTTP/1.1, content: EmptyByteBufBE)
GET /session/e89113711a4e1e973dbb3f5d7367f809/screenshot HTTP/1.1
User-Agent: selenium/4.1.2 (java windows)
Cache-Control: no-cache
Content-Type: application/json; charset=utf-8
host: localhost:58510
accept: */*

Response DefaultHttpResponse(decodeResult: success, version: HTTP/1.1)
HTTP/1.1 200 OK
Content-Type: application/json; charset=utf-8
cache-control: no-cache
content-length: 404352

11:10:39.834 [AsyncHttpClient-1-8] DEBUG org.asynchttpclient.netty.channel.ChannelManager - Adding key: http://localhost:58510 for channel [id: 0x692ec1b7, L:/127.0.0.1:61010 - R:localhost/127.0.0.1:58510]
11:10:39.862 [main] DEBUG net.serenitybdd.core.photography.Darkroom - Send negative for processing for target\site\serenity\91883eb4bc4131b1fbffa4d08b97a6b9f9e4ec3f8df50b866aa1b973dabfcd12.png
11:10:39.891 [main] DEBUG net.thucydides.core.steps.StepInterceptor - STARTING STEP: PatientDataSteps.iClickButtonJenisKelamin - clickLaki
11:10:39.902 [Forwarding findElement on session e89113711a4e1e973dbb3f5d7367f809 to remote] DEBUG org.asynchttpclient.netty.request.NettyRequestSender - Using pooled Channel '[id: 0x692ec1b7, L:/127.0.0.1:61010 - R:localhost/127.0.0.1:58510]' for 'POST' to 'http://localhost:58510/session/e89113711a4e1e973dbb3f5d7367f809/element'
11:10:39.902 [Forwarding findElement on session e89113711a4e1e973dbb3f5d7367f809 to remote] DEBUG org.asynchttpclient.netty.request.NettyRequestSender - Using open Channel [id: 0x692ec1b7, L:/127.0.0.1:61010 - R:localhost/127.0.0.1:58510] for POST '/session/e89113711a4e1e973dbb3f5d7367f809/element'
11:10:39.936 [AsyncHttpClient-1-8] DEBUG org.asynchttpclient.netty.handler.HttpHandler - 

Request DefaultHttpRequest(decodeResult: success, version: HTTP/1.1)
POST /session/e89113711a4e1e973dbb3f5d7367f809/element HTTP/1.1
User-Agent: selenium/4.1.2 (java windows)
Content-Length: 179
Content-Type: application/json; charset=utf-8
host: localhost:58510
accept: */*

Response DefaultHttpResponse(decodeResult: success, version: HTTP/1.1)
HTTP/1.1 200 OK
Content-Type: application/json; charset=utf-8
cache-control: no-cache
content-length: 88

11:10:39.937 [AsyncHttpClient-1-8] DEBUG org.asynchttpclient.netty.channel.ChannelManager - Adding key: http://localhost:58510 for channel [id: 0x692ec1b7, L:/127.0.0.1:61010 - R:localhost/127.0.0.1:58510]
11:10:39.941 [Forwarding getElementTagName on session e89113711a4e1e973dbb3f5d7367f809 to remote] DEBUG org.asynchttpclient.netty.request.NettyRequestSender - Using pooled Channel '[id: 0x692ec1b7, L:/127.0.0.1:61010 - R:localhost/127.0.0.1:58510]' for 'GET' to 'http://localhost:58510/session/e89113711a4e1e973dbb3f5d7367f809/element/ff5f79da-cc05-45d6-a929-fc115a750d2d/name'
11:10:39.941 [Forwarding getElementTagName on session e89113711a4e1e973dbb3f5d7367f809 to remote] DEBUG org.asynchttpclient.netty.request.NettyRequestSender - Using open Channel [id: 0x692ec1b7, L:/127.0.0.1:61010 - R:localhost/127.0.0.1:58510] for GET '/session/e89113711a4e1e973dbb3f5d7367f809/element/ff5f79da-cc05-45d6-a929-fc115a750d2d/name'
11:10:39.987 [AsyncHttpClient-1-8] DEBUG org.asynchttpclient.netty.handler.HttpHandler - 

Request DefaultFullHttpRequest(decodeResult: success, version: HTTP/1.1, content: EmptyByteBufBE)
GET /session/e89113711a4e1e973dbb3f5d7367f809/element/ff5f79da-cc05-45d6-a929-fc115a750d2d/name HTTP/1.1
User-Agent: selenium/4.1.2 (java windows)
Cache-Control: no-cache
Content-Type: application/json; charset=utf-8
host: localhost:58510
accept: */*

Response DefaultHttpResponse(decodeResult: success, version: HTTP/1.1)
HTTP/1.1 200 OK
Content-Type: application/json; charset=utf-8
cache-control: no-cache
content-length: 16

11:10:39.987 [AsyncHttpClient-1-8] DEBUG org.asynchttpclient.netty.channel.ChannelManager - Adding key: http://localhost:58510 for channel [id: 0x692ec1b7, L:/127.0.0.1:61010 - R:localhost/127.0.0.1:58510]
11:10:39.989 [Forwarding getElementTagName on session e89113711a4e1e973dbb3f5d7367f809 to remote] DEBUG org.asynchttpclient.netty.request.NettyRequestSender - Using pooled Channel '[id: 0x692ec1b7, L:/127.0.0.1:61010 - R:localhost/127.0.0.1:58510]' for 'GET' to 'http://localhost:58510/session/e89113711a4e1e973dbb3f5d7367f809/element/ff5f79da-cc05-45d6-a929-fc115a750d2d/name'
11:10:39.990 [Forwarding getElementTagName on session e89113711a4e1e973dbb3f5d7367f809 to remote] DEBUG org.asynchttpclient.netty.request.NettyRequestSender - Using open Channel [id: 0x692ec1b7, L:/127.0.0.1:61010 - R:localhost/127.0.0.1:58510] for GET '/session/e89113711a4e1e973dbb3f5d7367f809/element/ff5f79da-cc05-45d6-a929-fc115a750d2d/name'
11:10:40.041 [AsyncHttpClient-1-8] DEBUG org.asynchttpclient.netty.handler.HttpHandler - 

Request DefaultFullHttpRequest(decodeResult: success, version: HTTP/1.1, content: EmptyByteBufBE)
GET /session/e89113711a4e1e973dbb3f5d7367f809/element/ff5f79da-cc05-45d6-a929-fc115a750d2d/name HTTP/1.1
User-Agent: selenium/4.1.2 (java windows)
Cache-Control: no-cache
Content-Type: application/json; charset=utf-8
host: localhost:58510
accept: */*

Response DefaultHttpResponse(decodeResult: success, version: HTTP/1.1)
HTTP/1.1 200 OK
Content-Type: application/json; charset=utf-8
cache-control: no-cache
content-length: 16

11:10:40.041 [AsyncHttpClient-1-8] DEBUG org.asynchttpclient.netty.channel.ChannelManager - Adding key: http://localhost:58510 for channel [id: 0x692ec1b7, L:/127.0.0.1:61010 - R:localhost/127.0.0.1:58510]
11:10:40.044 [Forwarding findElement on session e89113711a4e1e973dbb3f5d7367f809 to remote] DEBUG org.asynchttpclient.netty.request.NettyRequestSender - Using pooled Channel '[id: 0x692ec1b7, L:/127.0.0.1:61010 - R:localhost/127.0.0.1:58510]' for 'POST' to 'http://localhost:58510/session/e89113711a4e1e973dbb3f5d7367f809/element'
11:10:40.044 [Forwarding findElement on session e89113711a4e1e973dbb3f5d7367f809 to remote] DEBUG org.asynchttpclient.netty.request.NettyRequestSender - Using open Channel [id: 0x692ec1b7, L:/127.0.0.1:61010 - R:localhost/127.0.0.1:58510] for POST '/session/e89113711a4e1e973dbb3f5d7367f809/element'
11:10:40.073 [AsyncHttpClient-1-8] DEBUG org.asynchttpclient.netty.handler.HttpHandler - 

Request DefaultHttpRequest(decodeResult: success, version: HTTP/1.1)
POST /session/e89113711a4e1e973dbb3f5d7367f809/element HTTP/1.1
User-Agent: selenium/4.1.2 (java windows)
Content-Length: 179
Content-Type: application/json; charset=utf-8
host: localhost:58510
accept: */*

Response DefaultHttpResponse(decodeResult: success, version: HTTP/1.1)
HTTP/1.1 200 OK
Content-Type: application/json; charset=utf-8
cache-control: no-cache
content-length: 88

11:10:40.073 [AsyncHttpClient-1-8] DEBUG org.asynchttpclient.netty.channel.ChannelManager - Adding key: http://localhost:58510 for channel [id: 0x692ec1b7, L:/127.0.0.1:61010 - R:localhost/127.0.0.1:58510]
11:10:40.076 [Forwarding clickElement on session e89113711a4e1e973dbb3f5d7367f809 to remote] DEBUG org.asynchttpclient.netty.request.NettyRequestSender - Using pooled Channel '[id: 0x692ec1b7, L:/127.0.0.1:61010 - R:localhost/127.0.0.1:58510]' for 'POST' to 'http://localhost:58510/session/e89113711a4e1e973dbb3f5d7367f809/element/ff5f79da-cc05-45d6-a929-fc115a750d2d/click'
11:10:40.076 [Forwarding clickElement on session e89113711a4e1e973dbb3f5d7367f809 to remote] DEBUG org.asynchttpclient.netty.request.NettyRequestSender - Using open Channel [id: 0x692ec1b7, L:/127.0.0.1:61010 - R:localhost/127.0.0.1:58510] for POST '/session/e89113711a4e1e973dbb3f5d7367f809/element/ff5f79da-cc05-45d6-a929-fc115a750d2d/click'
11:10:40.322 [AsyncHttpClient-1-8] DEBUG org.asynchttpclient.netty.handler.HttpHandler - 

Request DefaultHttpRequest(decodeResult: success, version: HTTP/1.1)
POST /session/e89113711a4e1e973dbb3f5d7367f809/element/ff5f79da-cc05-45d6-a929-fc115a750d2d/click HTTP/1.1
User-Agent: selenium/4.1.2 (java windows)
Content-Length: 50
Content-Type: application/json; charset=utf-8
host: localhost:58510
accept: */*

Response DefaultHttpResponse(decodeResult: success, version: HTTP/1.1)
HTTP/1.1 200 OK
Content-Type: application/json; charset=utf-8
cache-control: no-cache
content-length: 14

11:10:40.323 [AsyncHttpClient-1-8] DEBUG org.asynchttpclient.netty.channel.ChannelManager - Adding key: http://localhost:58510 for channel [id: 0x692ec1b7, L:/127.0.0.1:61010 - R:localhost/127.0.0.1:58510]
11:10:40.341 [Forwarding screenshot on session e89113711a4e1e973dbb3f5d7367f809 to remote] DEBUG org.asynchttpclient.netty.request.NettyRequestSender - Using pooled Channel '[id: 0x692ec1b7, L:/127.0.0.1:61010 - R:localhost/127.0.0.1:58510]' for 'GET' to 'http://localhost:58510/session/e89113711a4e1e973dbb3f5d7367f809/screenshot'
11:10:40.341 [Forwarding screenshot on session e89113711a4e1e973dbb3f5d7367f809 to remote] DEBUG org.asynchttpclient.netty.request.NettyRequestSender - Using open Channel [id: 0x692ec1b7, L:/127.0.0.1:61010 - R:localhost/127.0.0.1:58510] for GET '/session/e89113711a4e1e973dbb3f5d7367f809/screenshot'
11:10:40.538 [AsyncHttpClient-1-1] DEBUG org.asynchttpclient.netty.channel.DefaultChannelPool - Entry count for : http://localhost:61011 : 1
11:10:40.922 [AsyncHttpClient-1-8] DEBUG org.asynchttpclient.netty.handler.HttpHandler - 

Request DefaultFullHttpRequest(decodeResult: success, version: HTTP/1.1, content: EmptyByteBufBE)
GET /session/e89113711a4e1e973dbb3f5d7367f809/screenshot HTTP/1.1
User-Agent: selenium/4.1.2 (java windows)
Cache-Control: no-cache
Content-Type: application/json; charset=utf-8
host: localhost:58510
accept: */*

Response DefaultHttpResponse(decodeResult: success, version: HTTP/1.1)
HTTP/1.1 200 OK
Content-Type: application/json; charset=utf-8
cache-control: no-cache
content-length: 406012

11:10:40.924 [AsyncHttpClient-1-8] DEBUG org.asynchttpclient.netty.channel.ChannelManager - Adding key: http://localhost:58510 for channel [id: 0x692ec1b7, L:/127.0.0.1:61010 - R:localhost/127.0.0.1:58510]
11:10:40.955 [main] DEBUG net.serenitybdd.core.photography.Darkroom - Send negative for processing for target\site\serenity\86fe7007bced2275f5f11cebe222d3c1292bee31bdfae86dac407d397a03e542.png
11:10:40.955 [main] DEBUG net.thucydides.core.steps.StepInterceptor - STEP DONE: clickLaki
  &amp#27;[32mAnd &amp#27;[0m&amp#27;[32mI click button jenis kelamin patient&amp#27;[0m                            &amp#27;[90m# starter.stepdefinitios.PatientDataSteps.iClickButtonJenisKelamin()&amp#27;[0m
11:10:40.956 [Darkroom Processing Line] DEBUG net.serenitybdd.core.photography.DarkroomProcessingLine - Processing screenshot image in /var/screenshots/screenshot-2345906296317141736
11:10:40.956 [Darkroom Processing Line] DEBUG net.serenitybdd.core.photography.DarkroomProcessingLine - Saving screenshot to target\site\serenity\86fe7007bced2275f5f11cebe222d3c1292bee31bdfae86dac407d397a03e542.png
11:10:41.023 [Forwarding screenshot on session e89113711a4e1e973dbb3f5d7367f809 to remote] DEBUG org.asynchttpclient.netty.request.NettyRequestSender - Using pooled Channel '[id: 0x692ec1b7, L:/127.0.0.1:61010 - R:localhost/127.0.0.1:58510]' for 'GET' to 'http://localhost:58510/session/e89113711a4e1e973dbb3f5d7367f809/screenshot'
11:10:41.023 [Forwarding screenshot on session e89113711a4e1e973dbb3f5d7367f809 to remote] DEBUG org.asynchttpclient.netty.request.NettyRequestSender - Using open Channel [id: 0x692ec1b7, L:/127.0.0.1:61010 - R:localhost/127.0.0.1:58510] for GET '/session/e89113711a4e1e973dbb3f5d7367f809/screenshot'
11:10:41.401 [AsyncHttpClient-1-8] DEBUG org.asynchttpclient.netty.handler.HttpHandler - 

Request DefaultFullHttpRequest(decodeResult: success, version: HTTP/1.1, content: EmptyByteBufBE)
GET /session/e89113711a4e1e973dbb3f5d7367f809/screenshot HTTP/1.1
User-Agent: selenium/4.1.2 (java windows)
Cache-Control: no-cache
Content-Type: application/json; charset=utf-8
host: localhost:58510
accept: */*

Response DefaultHttpResponse(decodeResult: success, version: HTTP/1.1)
HTTP/1.1 200 OK
Content-Type: application/json; charset=utf-8
cache-control: no-cache
content-length: 405776

11:10:41.403 [AsyncHttpClient-1-8] DEBUG org.asynchttpclient.netty.channel.ChannelManager - Adding key: http://localhost:58510 for channel [id: 0x692ec1b7, L:/127.0.0.1:61010 - R:localhost/127.0.0.1:58510]
11:10:41.443 [main] DEBUG net.serenitybdd.core.photography.Darkroom - Send negative for processing for target\site\serenity\b22a7940317e0e8bea3099f2b557de6dbc4e6cefcea6d82cb413e23cd693f3d8.png
11:10:41.444 [main] DEBUG net.thucydides.core.steps.StepInterceptor - STARTING STEP: PatientDataSteps.clickButtonSimpan - clickButtonSave
11:10:41.460 [Darkroom Processing Line] DEBUG net.serenitybdd.core.photography.DarkroomProcessingLine - Processing screenshot image in /var/screenshots/screenshot-3991278505787759112
11:10:41.460 [Darkroom Processing Line] DEBUG net.serenitybdd.core.photography.DarkroomProcessingLine - Saving screenshot to target\site\serenity\b22a7940317e0e8bea3099f2b557de6dbc4e6cefcea6d82cb413e23cd693f3d8.png
11:10:41.461 [Forwarding findElement on session e89113711a4e1e973dbb3f5d7367f809 to remote] DEBUG org.asynchttpclient.netty.request.NettyRequestSender - Using pooled Channel '[id: 0x692ec1b7, L:/127.0.0.1:61010 - R:localhost/127.0.0.1:58510]' for 'POST' to 'http://localhost:58510/session/e89113711a4e1e973dbb3f5d7367f809/element'
11:10:41.461 [Forwarding findElement on session e89113711a4e1e973dbb3f5d7367f809 to remote] DEBUG org.asynchttpclient.netty.request.NettyRequestSender - Using open Channel [id: 0x692ec1b7, L:/127.0.0.1:61010 - R:localhost/127.0.0.1:58510] for POST '/session/e89113711a4e1e973dbb3f5d7367f809/element'
11:10:41.504 [AsyncHttpClient-1-8] DEBUG org.asynchttpclient.netty.handler.HttpHandler - 

Request DefaultHttpRequest(decodeResult: success, version: HTTP/1.1)
POST /session/e89113711a4e1e973dbb3f5d7367f809/element HTTP/1.1
User-Agent: selenium/4.1.2 (java windows)
Content-Length: 149
Content-Type: application/json; charset=utf-8
host: localhost:58510
accept: */*

Response DefaultHttpResponse(decodeResult: success, version: HTTP/1.1)
HTTP/1.1 200 OK
Content-Type: application/json; charset=utf-8
cache-control: no-cache
content-length: 88

11:10:41.504 [AsyncHttpClient-1-8] DEBUG org.asynchttpclient.netty.channel.ChannelManager - Adding key: http://localhost:58510 for channel [id: 0x692ec1b7, L:/127.0.0.1:61010 - R:localhost/127.0.0.1:58510]
11:10:41.506 [Forwarding getElementTagName on session e89113711a4e1e973dbb3f5d7367f809 to remote] DEBUG org.asynchttpclient.netty.request.NettyRequestSender - Using pooled Channel '[id: 0x692ec1b7, L:/127.0.0.1:61010 - R:localhost/127.0.0.1:58510]' for 'GET' to 'http://localhost:58510/session/e89113711a4e1e973dbb3f5d7367f809/element/781dfe6b-bbd5-4561-b980-d9a22a8f2482/name'
11:10:41.507 [Forwarding getElementTagName on session e89113711a4e1e973dbb3f5d7367f809 to remote] DEBUG org.asynchttpclient.netty.request.NettyRequestSender - Using open Channel [id: 0x692ec1b7, L:/127.0.0.1:61010 - R:localhost/127.0.0.1:58510] for GET '/session/e89113711a4e1e973dbb3f5d7367f809/element/781dfe6b-bbd5-4561-b980-d9a22a8f2482/name'
11:10:41.520 [AsyncHttpClient-1-8] DEBUG org.asynchttpclient.netty.handler.HttpHandler - 

Request DefaultFullHttpRequest(decodeResult: success, version: HTTP/1.1, content: EmptyByteBufBE)
GET /session/e89113711a4e1e973dbb3f5d7367f809/element/781dfe6b-bbd5-4561-b980-d9a22a8f2482/name HTTP/1.1
User-Agent: selenium/4.1.2 (java windows)
Cache-Control: no-cache
Content-Type: application/json; charset=utf-8
host: localhost:58510
accept: */*

Response DefaultHttpResponse(decodeResult: success, version: HTTP/1.1)
HTTP/1.1 200 OK
Content-Type: application/json; charset=utf-8
cache-control: no-cache
content-length: 18

11:10:41.520 [AsyncHttpClient-1-8] DEBUG org.asynchttpclient.netty.channel.ChannelManager - Adding key: http://localhost:58510 for channel [id: 0x692ec1b7, L:/127.0.0.1:61010 - R:localhost/127.0.0.1:58510]
11:10:41.523 [Forwarding getElementTagName on session e89113711a4e1e973dbb3f5d7367f809 to remote] DEBUG org.asynchttpclient.netty.request.NettyRequestSender - Using pooled Channel '[id: 0x692ec1b7, L:/127.0.0.1:61010 - R:localhost/127.0.0.1:58510]' for 'GET' to 'http://localhost:58510/session/e89113711a4e1e973dbb3f5d7367f809/element/781dfe6b-bbd5-4561-b980-d9a22a8f2482/name'
11:10:41.523 [Forwarding getElementTagName on session e89113711a4e1e973dbb3f5d7367f809 to remote] DEBUG org.asynchttpclient.netty.request.NettyRequestSender - Using open Channel [id: 0x692ec1b7, L:/127.0.0.1:61010 - R:localhost/127.0.0.1:58510] for GET '/session/e89113711a4e1e973dbb3f5d7367f809/element/781dfe6b-bbd5-4561-b980-d9a22a8f2482/name'
11:10:41.536 [AsyncHttpClient-1-8] DEBUG org.asynchttpclient.netty.handler.HttpHandler - 

Request DefaultFullHttpRequest(decodeResult: success, version: HTTP/1.1, content: EmptyByteBufBE)
GET /session/e89113711a4e1e973dbb3f5d7367f809/element/781dfe6b-bbd5-4561-b980-d9a22a8f2482/name HTTP/1.1
User-Agent: selenium/4.1.2 (java windows)
Cache-Control: no-cache
Content-Type: application/json; charset=utf-8
host: localhost:58510
accept: */*

Response DefaultHttpResponse(decodeResult: success, version: HTTP/1.1)
HTTP/1.1 200 OK
Content-Type: application/json; charset=utf-8
cache-control: no-cache
content-length: 18

11:10:41.536 [AsyncHttpClient-1-8] DEBUG org.asynchttpclient.netty.channel.ChannelManager - Adding key: http://localhost:58510 for channel [id: 0x692ec1b7, L:/127.0.0.1:61010 - R:localhost/127.0.0.1:58510]
11:10:41.541 [Forwarding isElementEnabled on session e89113711a4e1e973dbb3f5d7367f809 to remote] DEBUG org.asynchttpclient.netty.request.NettyRequestSender - Using pooled Channel '[id: 0x692ec1b7, L:/127.0.0.1:61010 - R:localhost/127.0.0.1:58510]' for 'GET' to 'http://localhost:58510/session/e89113711a4e1e973dbb3f5d7367f809/element/781dfe6b-bbd5-4561-b980-d9a22a8f2482/enabled'
11:10:41.541 [Forwarding isElementEnabled on session e89113711a4e1e973dbb3f5d7367f809 to remote] DEBUG org.asynchttpclient.netty.request.NettyRequestSender - Using open Channel [id: 0x692ec1b7, L:/127.0.0.1:61010 - R:localhost/127.0.0.1:58510] for GET '/session/e89113711a4e1e973dbb3f5d7367f809/element/781dfe6b-bbd5-4561-b980-d9a22a8f2482/enabled'
11:10:41.591 [AsyncHttpClient-1-8] DEBUG org.asynchttpclient.netty.handler.HttpHandler - 

Request DefaultFullHttpRequest(decodeResult: success, version: HTTP/1.1, content: EmptyByteBufBE)
GET /session/e89113711a4e1e973dbb3f5d7367f809/element/781dfe6b-bbd5-4561-b980-d9a22a8f2482/enabled HTTP/1.1
User-Agent: selenium/4.1.2 (java windows)
Cache-Control: no-cache
Content-Type: application/json; charset=utf-8
host: localhost:58510
accept: */*

Response DefaultHttpResponse(decodeResult: success, version: HTTP/1.1)
HTTP/1.1 200 OK
Content-Type: application/json; charset=utf-8
cache-control: no-cache
content-length: 14

11:10:41.591 [AsyncHttpClient-1-8] DEBUG org.asynchttpclient.netty.channel.ChannelManager - Adding key: http://localhost:58510 for channel [id: 0x692ec1b7, L:/127.0.0.1:61010 - R:localhost/127.0.0.1:58510]
11:10:41.595 [Forwarding isElementEnabled on session e89113711a4e1e973dbb3f5d7367f809 to remote] DEBUG org.asynchttpclient.netty.request.NettyRequestSender - Using pooled Channel '[id: 0x692ec1b7, L:/127.0.0.1:61010 - R:localhost/127.0.0.1:58510]' for 'GET' to 'http://localhost:58510/session/e89113711a4e1e973dbb3f5d7367f809/element/781dfe6b-bbd5-4561-b980-d9a22a8f2482/enabled'
11:10:41.595 [Forwarding isElementEnabled on session e89113711a4e1e973dbb3f5d7367f809 to remote] DEBUG org.asynchttpclient.netty.request.NettyRequestSender - Using open Channel [id: 0x692ec1b7, L:/127.0.0.1:61010 - R:localhost/127.0.0.1:58510] for GET '/session/e89113711a4e1e973dbb3f5d7367f809/element/781dfe6b-bbd5-4561-b980-d9a22a8f2482/enabled'
11:10:41.611 [AsyncHttpClient-1-8] DEBUG org.asynchttpclient.netty.handler.HttpHandler - 

Request DefaultFullHttpRequest(decodeResult: success, version: HTTP/1.1, content: EmptyByteBufBE)
GET /session/e89113711a4e1e973dbb3f5d7367f809/element/781dfe6b-bbd5-4561-b980-d9a22a8f2482/enabled HTTP/1.1
User-Agent: selenium/4.1.2 (java windows)
Cache-Control: no-cache
Content-Type: application/json; charset=utf-8
host: localhost:58510
accept: */*

Response DefaultHttpResponse(decodeResult: success, version: HTTP/1.1)
HTTP/1.1 200 OK
Content-Type: application/json; charset=utf-8
cache-control: no-cache
content-length: 14

11:10:41.612 [AsyncHttpClient-1-8] DEBUG org.asynchttpclient.netty.channel.ChannelManager - Adding key: http://localhost:58510 for channel [id: 0x692ec1b7, L:/127.0.0.1:61010 - R:localhost/127.0.0.1:58510]
11:10:41.619 [AsyncHttpClient-1-1] DEBUG org.asynchttpclient.netty.channel.DefaultChannelPool - Entry count for : http://localhost:61011 : 1
11:10:41.619 [AsyncHttpClient-1-1] DEBUG org.asynchttpclient.netty.channel.DefaultChannelPool - Entry count for : http://localhost:58510 : 1
11:10:41.621 [Forwarding findElement on session e89113711a4e1e973dbb3f5d7367f809 to remote] DEBUG org.asynchttpclient.netty.request.NettyRequestSender - Using pooled Channel '[id: 0x692ec1b7, L:/127.0.0.1:61010 - R:localhost/127.0.0.1:58510]' for 'POST' to 'http://localhost:58510/session/e89113711a4e1e973dbb3f5d7367f809/element'
11:10:41.621 [Forwarding findElement on session e89113711a4e1e973dbb3f5d7367f809 to remote] DEBUG org.asynchttpclient.netty.request.NettyRequestSender - Using open Channel [id: 0x692ec1b7, L:/127.0.0.1:61010 - R:localhost/127.0.0.1:58510] for POST '/session/e89113711a4e1e973dbb3f5d7367f809/element'
11:10:41.643 [AsyncHttpClient-1-8] DEBUG org.asynchttpclient.netty.handler.HttpHandler - 

Request DefaultHttpRequest(decodeResult: success, version: HTTP/1.1)
POST /session/e89113711a4e1e973dbb3f5d7367f809/element HTTP/1.1
User-Agent: selenium/4.1.2 (java windows)
Content-Length: 149
Content-Type: application/json; charset=utf-8
host: localhost:58510
accept: */*

Response DefaultHttpResponse(decodeResult: success, version: HTTP/1.1)
HTTP/1.1 200 OK
Content-Type: application/json; charset=utf-8
cache-control: no-cache
content-length: 88

11:10:41.644 [AsyncHttpClient-1-8] DEBUG org.asynchttpclient.netty.channel.ChannelManager - Adding key: http://localhost:58510 for channel [id: 0x692ec1b7, L:/127.0.0.1:61010 - R:localhost/127.0.0.1:58510]
11:10:41.649 [Forwarding clickElement on session e89113711a4e1e973dbb3f5d7367f809 to remote] DEBUG org.asynchttpclient.netty.request.NettyRequestSender - Using pooled Channel '[id: 0x692ec1b7, L:/127.0.0.1:61010 - R:localhost/127.0.0.1:58510]' for 'POST' to 'http://localhost:58510/session/e89113711a4e1e973dbb3f5d7367f809/element/781dfe6b-bbd5-4561-b980-d9a22a8f2482/click'
11:10:41.649 [Forwarding clickElement on session e89113711a4e1e973dbb3f5d7367f809 to remote] DEBUG org.asynchttpclient.netty.request.NettyRequestSender - Using open Channel [id: 0x692ec1b7, L:/127.0.0.1:61010 - R:localhost/127.0.0.1:58510] for POST '/session/e89113711a4e1e973dbb3f5d7367f809/element/781dfe6b-bbd5-4561-b980-d9a22a8f2482/click'
11:10:41.807 [AsyncHttpClient-1-8] DEBUG org.asynchttpclient.netty.handler.HttpHandler - 

Request DefaultHttpRequest(decodeResult: success, version: HTTP/1.1)
POST /session/e89113711a4e1e973dbb3f5d7367f809/element/781dfe6b-bbd5-4561-b980-d9a22a8f2482/click HTTP/1.1
User-Agent: selenium/4.1.2 (java windows)
Content-Length: 50
Content-Type: application/json; charset=utf-8
host: localhost:58510
accept: */*

Response DefaultHttpResponse(decodeResult: success, version: HTTP/1.1)
HTTP/1.1 200 OK
Content-Type: application/json; charset=utf-8
cache-control: no-cache
content-length: 14

11:10:41.807 [AsyncHttpClient-1-8] DEBUG org.asynchttpclient.netty.channel.ChannelManager - Adding key: http://localhost:58510 for channel [id: 0x692ec1b7, L:/127.0.0.1:61010 - R:localhost/127.0.0.1:58510]
11:10:41.833 [Forwarding screenshot on session e89113711a4e1e973dbb3f5d7367f809 to remote] DEBUG org.asynchttpclient.netty.request.NettyRequestSender - Using pooled Channel '[id: 0x692ec1b7, L:/127.0.0.1:61010 - R:localhost/127.0.0.1:58510]' for 'GET' to 'http://localhost:58510/session/e89113711a4e1e973dbb3f5d7367f809/screenshot'
11:10:41.833 [Forwarding screenshot on session e89113711a4e1e973dbb3f5d7367f809 to remote] DEBUG org.asynchttpclient.netty.request.NettyRequestSender - Using open Channel [id: 0x692ec1b7, L:/127.0.0.1:61010 - R:localhost/127.0.0.1:58510] for GET '/session/e89113711a4e1e973dbb3f5d7367f809/screenshot'
11:10:42.719 [AsyncHttpClient-1-1] DEBUG org.asynchttpclient.netty.channel.DefaultChannelPool - Entry count for : http://localhost:61011 : 1
11:10:42.878 [AsyncHttpClient-1-8] DEBUG org.asynchttpclient.netty.handler.HttpHandler - 

Request DefaultFullHttpRequest(decodeResult: success, version: HTTP/1.1, content: EmptyByteBufBE)
GET /session/e89113711a4e1e973dbb3f5d7367f809/screenshot HTTP/1.1
User-Agent: selenium/4.1.2 (java windows)
Cache-Control: no-cache
Content-Type: application/json; charset=utf-8
host: localhost:58510
accept: */*

Response DefaultHttpResponse(decodeResult: success, version: HTTP/1.1)
HTTP/1.1 200 OK
Content-Type: application/json; charset=utf-8
cache-control: no-cache
content-length: 405460

11:10:42.880 [AsyncHttpClient-1-8] DEBUG org.asynchttpclient.netty.channel.ChannelManager - Adding key: http://localhost:58510 for channel [id: 0x692ec1b7, L:/127.0.0.1:61010 - R:localhost/127.0.0.1:58510]
11:10:42.922 [main] DEBUG net.serenitybdd.core.photography.Darkroom - Send negative for processing for target\site\serenity\ae5fd716d00678cd01620c69bb7c857fc40cb8fd2f7f5a073c72bab0e93365a8.png
11:10:42.924 [main] DEBUG net.thucydides.core.steps.StepInterceptor - STEP DONE: clickButtonSave
  &amp#27;[32mAnd &amp#27;[0m&amp#27;[32mClick button simpan&amp#27;[0m                                             &amp#27;[90m# starter.stepdefinitios.PatientDataSteps.clickButtonSimpan()&amp#27;[0m
11:10:42.926 [Darkroom Processing Line] DEBUG net.serenitybdd.core.photography.DarkroomProcessingLine - Processing screenshot image in /var/screenshots/screenshot-9271744943995440807
11:10:42.926 [Darkroom Processing Line] DEBUG net.serenitybdd.core.photography.DarkroomProcessingLine - Saving screenshot to target\site\serenity\ae5fd716d00678cd01620c69bb7c857fc40cb8fd2f7f5a073c72bab0e93365a8.png
11:10:42.986 [Forwarding screenshot on session e89113711a4e1e973dbb3f5d7367f809 to remote] DEBUG org.asynchttpclient.netty.request.NettyRequestSender - Using pooled Channel '[id: 0x692ec1b7, L:/127.0.0.1:61010 - R:localhost/127.0.0.1:58510]' for 'GET' to 'http://localhost:58510/session/e89113711a4e1e973dbb3f5d7367f809/screenshot'
11:10:42.986 [Forwarding screenshot on session e89113711a4e1e973dbb3f5d7367f809 to remote] DEBUG org.asynchttpclient.netty.request.NettyRequestSender - Using open Channel [id: 0x692ec1b7, L:/127.0.0.1:61010 - R:localhost/127.0.0.1:58510] for GET '/session/e89113711a4e1e973dbb3f5d7367f809/screenshot'
11:10:43.016 [AsyncHttpClient-1-8] DEBUG org.asynchttpclient.netty.handler.HttpHandler - 

Request DefaultFullHttpRequest(decodeResult: success, version: HTTP/1.1, content: EmptyByteBufBE)
GET /session/e89113711a4e1e973dbb3f5d7367f809/screenshot HTTP/1.1
User-Agent: selenium/4.1.2 (java windows)
Cache-Control: no-cache
Content-Type: application/json; charset=utf-8
host: localhost:58510
accept: */*

Response DefaultHttpResponse(decodeResult: success, version: HTTP/1.1)
HTTP/1.1 500 Internal Server Error
Content-Type: application/json; charset=utf-8
cache-control: no-cache
content-length: 921

11:10:43.016 [AsyncHttpClient-1-8] DEBUG org.asynchttpclient.netty.channel.ChannelManager - Adding key: http://localhost:58510 for channel [id: 0x692ec1b7, L:/127.0.0.1:61010 - R:localhost/127.0.0.1:58510]
11:10:43.020 [main] WARN net.thucydides.core.webdriver.WebDriverFacade - Failed to take screenshot (unexpected alert open: {Alert text : Data telah ditambah}
  (Session info: chrome=102.0.5005.115): Data telah ditambah
Build info: version: '4.1.2', revision: '9a5a329c5a'
System info: host: 'MOOK-HON', ip: '192.168.100.6', os.name: 'Windows 10', os.arch: 'amd64', os.version: '10.0', java.version: '11.0.14'
Driver info: org.openqa.selenium.chrome.ChromeDriver
Command: [e89113711a4e1e973dbb3f5d7367f809, screenshot {}]
Capabilities {acceptInsecureCerts: false, browserName: chrome, browserVersion: 102.0.5005.115, chrome: {chromedriverVersion: 102.0.5005.61 (0e59bcc00cc4..., userDataDir: C:\Users\ASUS\AppData\Local...}, goog:chromeOptions: {debuggerAddress: localhost:61011}, javascriptEnabled: true, networkConnectionEnabled: false, pageLoadStrategy: normal, platform: WINDOWS, platformName: WINDOWS, proxy: Proxy(), se:cdp: ws://localhost:61011/devtoo..., se:cdpVersion: 102.0.5005.115, setWindowRect: true, strictFileInteractability: false, timeouts: {implicit: 0, pageLoad: 300000, script: 30000}, unhandledPromptBehavior: dismiss and notify, webauthn:extension:credBlob: true, webauthn:extension:largeBlob: true, webauthn:virtualAuthenticators: true}
Session ID: e89113711a4e1e973dbb3f5d7367f809)
11:10:43.042 [Forwarding screenshot on session e89113711a4e1e973dbb3f5d7367f809 to remote] DEBUG org.asynchttpclient.netty.request.NettyRequestSender - Using pooled Channel '[id: 0x692ec1b7, L:/127.0.0.1:61010 - R:localhost/127.0.0.1:58510]' for 'GET' to 'http://localhost:58510/session/e89113711a4e1e973dbb3f5d7367f809/screenshot'
11:10:43.042 [Forwarding screenshot on session e89113711a4e1e973dbb3f5d7367f809 to remote] DEBUG org.asynchttpclient.netty.request.NettyRequestSender - Using open Channel [id: 0x692ec1b7, L:/127.0.0.1:61010 - R:localhost/127.0.0.1:58510] for GET '/session/e89113711a4e1e973dbb3f5d7367f809/screenshot'
11:10:43.823 [AsyncHttpClient-1-1] DEBUG org.asynchttpclient.netty.channel.DefaultChannelPool - Entry count for : http://localhost:61011 : 1
11:10:44.506 [AsyncHttpClient-1-8] DEBUG org.asynchttpclient.netty.handler.HttpHandler - 

Request DefaultFullHttpRequest(decodeResult: success, version: HTTP/1.1, content: EmptyByteBufBE)
GET /session/e89113711a4e1e973dbb3f5d7367f809/screenshot HTTP/1.1
User-Agent: selenium/4.1.2 (java windows)
Cache-Control: no-cache
Content-Type: application/json; charset=utf-8
host: localhost:58510
accept: */*

Response DefaultHttpResponse(decodeResult: success, version: HTTP/1.1)
HTTP/1.1 200 OK
Content-Type: application/json; charset=utf-8
cache-control: no-cache
content-length: 397960

11:10:44.507 [AsyncHttpClient-1-8] DEBUG org.asynchttpclient.netty.channel.ChannelManager - Adding key: http://localhost:58510 for channel [id: 0x692ec1b7, L:/127.0.0.1:61010 - R:localhost/127.0.0.1:58510]
11:10:44.540 [main] DEBUG net.serenitybdd.core.photography.Darkroom - Send negative for processing for target\site\serenity\cbeceb493b3cc14d3791ff263ea0078986a8fbc23e395c454f06e0ce9a24f68d.png
11:10:44.921 [AsyncHttpClient-1-1] DEBUG org.asynchttpclient.netty.channel.DefaultChannelPool - Entry count for : http://localhost:61011 : 1
11:10:44.921 [AsyncHttpClient-1-1] DEBUG org.asynchttpclient.netty.channel.DefaultChannelPool - Entry count for : http://localhost:58510 : 1
11:10:45.073 [Forwarding screenshot on session e89113711a4e1e973dbb3f5d7367f809 to remote] DEBUG org.asynchttpclient.netty.request.NettyRequestSender - Using pooled Channel '[id: 0x692ec1b7, L:/127.0.0.1:61010 - R:localhost/127.0.0.1:58510]' for 'GET' to 'http://localhost:58510/session/e89113711a4e1e973dbb3f5d7367f809/screenshot'
11:10:45.073 [Forwarding screenshot on session e89113711a4e1e973dbb3f5d7367f809 to remote] DEBUG org.asynchttpclient.netty.request.NettyRequestSender - Using open Channel [id: 0x692ec1b7, L:/127.0.0.1:61010 - R:localhost/127.0.0.1:58510] for GET '/session/e89113711a4e1e973dbb3f5d7367f809/screenshot'
11:10:45.437 [AsyncHttpClient-1-8] DEBUG org.asynchttpclient.netty.handler.HttpHandler - 

Request DefaultFullHttpRequest(decodeResult: success, version: HTTP/1.1, content: EmptyByteBufBE)
GET /session/e89113711a4e1e973dbb3f5d7367f809/screenshot HTTP/1.1
User-Agent: selenium/4.1.2 (java windows)
Cache-Control: no-cache
Content-Type: application/json; charset=utf-8
host: localhost:58510
accept: */*

Response DefaultHttpResponse(decodeResult: success, version: HTTP/1.1)
HTTP/1.1 200 OK
Content-Type: application/json; charset=utf-8
cache-control: no-cache
content-length: 397960

11:10:45.439 [AsyncHttpClient-1-8] DEBUG org.asynchttpclient.netty.channel.ChannelManager - Adding key: http://localhost:58510 for channel [id: 0x692ec1b7, L:/127.0.0.1:61010 - R:localhost/127.0.0.1:58510]
11:10:45.474 [main] DEBUG net.serenitybdd.core.photography.Darkroom - Send negative for processing for target\site\serenity\cbeceb493b3cc14d3791ff263ea0078986a8fbc23e395c454f06e0ce9a24f68d.png
11:10:45.475 [main] DEBUG net.thucydides.core.steps.StepInterceptor - STARTING STEP: PatientDataSteps.validDataPasien - checkValidDataPasien
11:10:45.486 [Forwarding findElement on session e89113711a4e1e973dbb3f5d7367f809 to remote] DEBUG org.asynchttpclient.netty.request.NettyRequestSender - Using pooled Channel '[id: 0x692ec1b7, L:/127.0.0.1:61010 - R:localhost/127.0.0.1:58510]' for 'POST' to 'http://localhost:58510/session/e89113711a4e1e973dbb3f5d7367f809/element'
11:10:45.486 [Forwarding findElement on session e89113711a4e1e973dbb3f5d7367f809 to remote] DEBUG org.asynchttpclient.netty.request.NettyRequestSender - Using open Channel [id: 0x692ec1b7, L:/127.0.0.1:61010 - R:localhost/127.0.0.1:58510] for POST '/session/e89113711a4e1e973dbb3f5d7367f809/element'
11:10:45.521 [AsyncHttpClient-1-8] DEBUG org.asynchttpclient.netty.handler.HttpHandler - 

Request DefaultHttpRequest(decodeResult: success, version: HTTP/1.1)
POST /session/e89113711a4e1e973dbb3f5d7367f809/element HTTP/1.1
User-Agent: selenium/4.1.2 (java windows)
Content-Length: 95
Content-Type: application/json; charset=utf-8
host: localhost:58510
accept: */*

Response DefaultHttpResponse(decodeResult: success, version: HTTP/1.1)
HTTP/1.1 200 OK
Content-Type: application/json; charset=utf-8
cache-control: no-cache
content-length: 88

11:10:45.521 [AsyncHttpClient-1-8] DEBUG org.asynchttpclient.netty.channel.ChannelManager - Adding key: http://localhost:58510 for channel [id: 0x692ec1b7, L:/127.0.0.1:61010 - R:localhost/127.0.0.1:58510]
11:10:45.522 [Forwarding isElementEnabled on session e89113711a4e1e973dbb3f5d7367f809 to remote] DEBUG org.asynchttpclient.netty.request.NettyRequestSender - Using pooled Channel '[id: 0x692ec1b7, L:/127.0.0.1:61010 - R:localhost/127.0.0.1:58510]' for 'GET' to 'http://localhost:58510/session/e89113711a4e1e973dbb3f5d7367f809/element/d0196258-8e3a-414c-bbad-ab94d07a98b7/enabled'
11:10:45.523 [Forwarding isElementEnabled on session e89113711a4e1e973dbb3f5d7367f809 to remote] DEBUG org.asynchttpclient.netty.request.NettyRequestSender - Using open Channel [id: 0x692ec1b7, L:/127.0.0.1:61010 - R:localhost/127.0.0.1:58510] for GET '/session/e89113711a4e1e973dbb3f5d7367f809/element/d0196258-8e3a-414c-bbad-ab94d07a98b7/enabled'
11:10:45.569 [AsyncHttpClient-1-8] DEBUG org.asynchttpclient.netty.handler.HttpHandler - 

Request DefaultFullHttpRequest(decodeResult: success, version: HTTP/1.1, content: EmptyByteBufBE)
GET /session/e89113711a4e1e973dbb3f5d7367f809/element/d0196258-8e3a-414c-bbad-ab94d07a98b7/enabled HTTP/1.1
User-Agent: selenium/4.1.2 (java windows)
Cache-Control: no-cache
Content-Type: application/json; charset=utf-8
host: localhost:58510
accept: */*

Response DefaultHttpResponse(decodeResult: success, version: HTTP/1.1)
HTTP/1.1 200 OK
Content-Type: application/json; charset=utf-8
cache-control: no-cache
content-length: 14

11:10:45.569 [AsyncHttpClient-1-8] DEBUG org.asynchttpclient.netty.channel.ChannelManager - Adding key: http://localhost:58510 for channel [id: 0x692ec1b7, L:/127.0.0.1:61010 - R:localhost/127.0.0.1:58510]
11:10:45.586 [Forwarding screenshot on session e89113711a4e1e973dbb3f5d7367f809 to remote] DEBUG org.asynchttpclient.netty.request.NettyRequestSender - Using pooled Channel '[id: 0x692ec1b7, L:/127.0.0.1:61010 - R:localhost/127.0.0.1:58510]' for 'GET' to 'http://localhost:58510/session/e89113711a4e1e973dbb3f5d7367f809/screenshot'
11:10:45.586 [Forwarding screenshot on session e89113711a4e1e973dbb3f5d7367f809 to remote] DEBUG org.asynchttpclient.netty.request.NettyRequestSender - Using open Channel [id: 0x692ec1b7, L:/127.0.0.1:61010 - R:localhost/127.0.0.1:58510] for GET '/session/e89113711a4e1e973dbb3f5d7367f809/screenshot'
11:10:46.020 [AsyncHttpClient-1-1] DEBUG org.asynchttpclient.netty.channel.DefaultChannelPool - Entry count for : http://localhost:61011 : 1
11:10:46.023 [AsyncHttpClient-1-8] DEBUG org.asynchttpclient.netty.handler.HttpHandler - 

Request DefaultFullHttpRequest(decodeResult: success, version: HTTP/1.1, content: EmptyByteBufBE)
GET /session/e89113711a4e1e973dbb3f5d7367f809/screenshot HTTP/1.1
User-Agent: selenium/4.1.2 (java windows)
Cache-Control: no-cache
Content-Type: application/json; charset=utf-8
host: localhost:58510
accept: */*

Response DefaultHttpResponse(decodeResult: success, version: HTTP/1.1)
HTTP/1.1 200 OK
Content-Type: application/json; charset=utf-8
cache-control: no-cache
content-length: 397960

11:10:46.024 [AsyncHttpClient-1-8] DEBUG org.asynchttpclient.netty.channel.ChannelManager - Adding key: http://localhost:58510 for channel [id: 0x692ec1b7, L:/127.0.0.1:61010 - R:localhost/127.0.0.1:58510]
11:10:46.060 [main] DEBUG net.serenitybdd.core.photography.Darkroom - Send negative for processing for target\site\serenity\cbeceb493b3cc14d3791ff263ea0078986a8fbc23e395c454f06e0ce9a24f68d.png
11:10:46.060 [main] DEBUG net.thucydides.core.steps.StepInterceptor - STEP DONE: checkValidDataPasien
  &amp#27;[32mAnd &amp#27;[0m&amp#27;[32mValid data pasien&amp#27;[0m                                               &amp#27;[90m# starter.stepdefinitios.PatientDataSteps.validDataPasien()&amp#27;[0m
11:10:46.123 [AsyncHttpClient-1-2] DEBUG org.asynchttpclient.netty.handler.WebSocketHandler - Channel Closed: [id: 0x2072c4c4, L:/127.0.0.1:61022 ! R:localhost/127.0.0.1:61011] with attribute NettyResponseFuture{currentRetry=5,
	isDone=1,
	isCancelled=0,
	asyncHandler=org.asynchttpclient.ws.WebSocketUpgradeHandler@4557ed20,
	nettyRequest=org.asynchttpclient.netty.request.NettyRequest@10e0cbe3,
	future=java.util.concurrent.CompletableFuture@7c9a768f[Completed normally],
	uri=ws://localhost:61011/devtools/browser/dd89ea4a-3d53-4104-b35b-99c41aee2b35,
	keepAlive=true,
	redirectCount=0,
	timeoutsHolder=null,
	inAuth=0,
	touch=1655525431839}
11:10:46.123 [AsyncHttpClient-1-2] DEBUG org.asynchttpclient.netty.channel.ChannelManager - Closing Channel [id: 0x2072c4c4, L:/127.0.0.1:61022 ! R:localhost/127.0.0.1:61011] 
11:10:46.124 [Driver Command Executor] DEBUG org.asynchttpclient.netty.request.NettyRequestSender - Using pooled Channel '[id: 0x692ec1b7, L:/127.0.0.1:61010 - R:localhost/127.0.0.1:58510]' for 'DELETE' to 'http://localhost:58510/session/e89113711a4e1e973dbb3f5d7367f809'
11:10:46.124 [Driver Command Executor] DEBUG org.asynchttpclient.netty.request.NettyRequestSender - Using open Channel [id: 0x692ec1b7, L:/127.0.0.1:61010 - R:localhost/127.0.0.1:58510] for DELETE '/session/e89113711a4e1e973dbb3f5d7367f809'
11:10:46.493 [AsyncHttpClient-1-9] DEBUG org.asynchttpclient.netty.handler.HttpHandler - Unexpected I/O exception on channel [id: 0xd09dbef2, L:/127.0.0.1:61021 - R:localhost/127.0.0.1:61011]
java.io.IOException: An existing connection was forcibly closed by the remote host
	at java.base/sun.nio.ch.SocketDispatcher.read0(Native Method)
	at java.base/sun.nio.ch.SocketDispatcher.read(SocketDispatcher.java:43)
	at java.base/sun.nio.ch.IOUtil.readIntoNativeBuffer(IOUtil.java:276)
	at java.base/sun.nio.ch.IOUtil.read(IOUtil.java:233)
	at java.base/sun.nio.ch.IOUtil.read(IOUtil.java:223)
	at java.base/sun.nio.ch.SocketChannelImpl.read(SocketChannelImpl.java:358)
	at io.netty.buffer.PooledByteBuf.setBytes(PooledByteBuf.java:258)
	at io.netty.buffer.AbstractByteBuf.writeBytes(AbstractByteBuf.java:1132)
	at io.netty.channel.socket.nio.NioSocketChannel.doReadBytes(NioSocketChannel.java:350)
	at io.netty.channel.nio.AbstractNioByteChannel$NioByteUnsafe.read(AbstractNioByteChannel.java:151)
	at io.netty.channel.nio.NioEventLoop.processSelectedKey(NioEventLoop.java:722)
	at io.netty.channel.nio.NioEventLoop.processSelectedKeysOptimized(NioEventLoop.java:658)
	at io.netty.channel.nio.NioEventLoop.processSelectedKeys(NioEventLoop.java:584)
	at io.netty.channel.nio.NioEventLoop.run(NioEventLoop.java:496)
	at io.netty.util.concurrent.SingleThreadEventExecutor$4.run(SingleThreadEventExecutor.java:986)
	at io.netty.util.internal.ThreadExecutorMap$2.run(ThreadExecutorMap.java:74)
	at io.netty.util.concurrent.FastThreadLocalRunnable.run(FastThreadLocalRunnable.java:30)
	at java.base/java.lang.Thread.run(Thread.java:834)
11:10:46.493 [AsyncHttpClient-1-9] DEBUG org.asynchttpclient.netty.channel.ChannelManager - Closing Channel [id: 0xd09dbef2, L:/127.0.0.1:61021 - R:localhost/127.0.0.1:61011] 
11:10:46.493 [AsyncHttpClient-1-9] DEBUG org.asynchttpclient.netty.handler.HttpHandler - Channel Closed: [id: 0xd09dbef2, L:/127.0.0.1:61021 ! R:localhost/127.0.0.1:61011] with attribute DISCARD
11:10:46.566 [AsyncHttpClient-1-8] DEBUG org.asynchttpclient.netty.handler.HttpHandler - 

Request DefaultFullHttpRequest(decodeResult: success, version: HTTP/1.1, content: EmptyByteBufBE)
DELETE /session/e89113711a4e1e973dbb3f5d7367f809 HTTP/1.1
User-Agent: selenium/4.1.2 (java windows)
Content-Type: application/json; charset=utf-8
host: localhost:58510
accept: */*

Response DefaultHttpResponse(decodeResult: success, version: HTTP/1.1)
HTTP/1.1 200 OK
Content-Type: application/json; charset=utf-8
cache-control: no-cache
content-length: 14

11:10:46.567 [AsyncHttpClient-1-8] DEBUG org.asynchttpclient.netty.channel.ChannelManager - Adding key: http://localhost:58510 for channel [id: 0x692ec1b7, L:/127.0.0.1:61010 - R:localhost/127.0.0.1:58510]
11:10:46.953 [AsyncHttpClient-1-8] DEBUG org.asynchttpclient.netty.handler.HttpHandler - Channel Closed: [id: 0x692ec1b7, L:/127.0.0.1:61010 ! R:localhost/127.0.0.1:58510] with attribute DISCARD
11:10:47.114 [AsyncHttpClient-1-1] DEBUG org.asynchttpclient.netty.channel.DefaultChannelPool - Entry count for : http://localhost:61011 : 1
11:10:47.114 [AsyncHttpClient-1-1] DEBUG org.asynchttpclient.netty.channel.DefaultChannelPool - Entry count for : http://localhost:58510 : 1
11:10:47.114 [AsyncHttpClient-1-1] DEBUG org.asynchttpclient.netty.channel.DefaultChannelPool - Adding Candidate expired Channel [id: 0xd09dbef2, L:/127.0.0.1:61021 ! R:localhost/127.0.0.1:61011] isIdleTimeoutExpired=false isRemotelyClosed=true isTtlExpired=false
11:10:47.114 [AsyncHttpClient-1-1] DEBUG org.asynchttpclient.netty.channel.DefaultChannelPool - Closing Idle Channel [id: 0xd09dbef2, L:/127.0.0.1:61021 ! R:localhost/127.0.0.1:61011]
11:10:47.114 [AsyncHttpClient-1-1] DEBUG org.asynchttpclient.netty.channel.DefaultChannelPool - Adding Candidate expired Channel [id: 0x692ec1b7, L:/127.0.0.1:61010 ! R:localhost/127.0.0.1:58510] isIdleTimeoutExpired=false isRemotelyClosed=true isTtlExpired=false
11:10:47.114 [AsyncHttpClient-1-1] DEBUG org.asynchttpclient.netty.channel.DefaultChannelPool - Closing Idle Channel [id: 0x692ec1b7, L:/127.0.0.1:61010 ! R:localhost/127.0.0.1:58510]
11:10:47.114 [AsyncHttpClient-1-1] DEBUG org.asynchttpclient.netty.channel.DefaultChannelPool - Closed 2 connections out of 2 in 0 ms
11:10:47.492 [main] INFO  - 
  _____   ___   ___   _____     ___     _     ___   ___   ___   ___  
 |_   _| | __| / __| |_   _|   | _ \   /_\   / __| / __| | __| |   \ 
   | |   | _|  \__ \   | |     |  _/  / _ \  \__ \ \__ \ | _|  | |) |
   |_|   |___| |___/   |_|     |_|   /_/ \_\ |___/ |___/ |___| |___/ 

As a admin i want to add data pasien
----------------------------------------------------------------------
]]></system-out>
    <system-err><![CDATA[Starting ChromeDriver 102.0.5005.61 (0e59bcc00cc4985ce39ad31c150065f159d95ad3-refs/branch-heads/5005@{#819}) on port 58510
Only local connections are allowed.
Please see https://chromedriver.chromium.org/security-considerations for suggestions on keeping ChromeDriver safe.
ChromeDriver was started successfully.
Jun 18, 2022 11:10:31 AM org.openqa.selenium.remote.ProtocolHandshake createSession
INFO: Detected dialect: W3C
Jun 18, 2022 11:10:31 AM org.openqa.selenium.devtools.CdpVersionFinder findNearestMatch
WARNING: Unable to find an exact match for CDP version 102, so returning the closest version found: a no-op implementation
Jun 18, 2022 11:10:31 AM org.openqa.selenium.devtools.CdpVersionFinder findNearestMatch
INFO: Unable to find CDP implementation matching 102.
Jun 18, 2022 11:10:31 AM org.openqa.selenium.chromium.ChromiumDriver lambda$new$3
WARNING: Unable to find version of CDP to use for . You may need to include a dependency on a specific version of the CDP using something similar to `org.seleniumhq.selenium:selenium-devtools-v86:4.1.2` where the version ("v86") matches the version of the chromium-based browser you're using and the version number of the artifact is the same as Selenium's.
]]></system-err>
  </testcase>
  <testcase name="As a admin i want to add data pasien #3" classname="Add Data Pasien - Admin" time="18.941">
    <system-out><![CDATA[
@AddDataPasien @AddPatientDataWithJK
Scenario Outline: As a admin i want to add data pasien           &amp#27;[90m# src/test/resources/features/AddDataPasien.feature:16&amp#27;[0m
11:10:47.520 [main] INFO io.cucumber.core.plugin.SerenityReporter - Running feature from file:///D:/New%20folder%20(2)/Capstone/Testing/src/test/resources/features/AddDataPasien.feature
11:10:47.587 [main] DEBUG net.thucydides.core.steps.StepInterceptor - STARTING STEP: PatientDataSteps.openPageDataPasien - openDataPasien
11:10:47.589 [main] INFO net.serenitybdd.core.webdriver.driverproviders.ChromeDriverProvider - Using automatically driver download
11:10:48.006 [main] DEBUG io.github.bonigarcia.wdm.cache.ResolutionCache - Resolution chrome=102 in cache (valid until 12:10:27 18/06/2022 ICT)
11:10:48.038 [main] DEBUG io.github.bonigarcia.wdm.cache.ResolutionCache - Resolution chrome102=102.0.5005.61 in cache (valid until 19:49:35 18/06/2022 ICT)
11:10:48.049 [main] INFO io.github.bonigarcia.wdm.WebDriverManager - Using chromedriver 102.0.5005.61 (resolved driver for Chrome 102)
11:10:48.116 [main] DEBUG io.github.bonigarcia.wdm.WebDriverManager - Driver chromedriver 102.0.5005.61 found in cache
11:10:48.118 [main] INFO io.github.bonigarcia.wdm.WebDriverManager - Exporting webdriver.chrome.driver as C:\Users\ASUS\.cache\selenium\chromedriver\win32\102.0.5005.61\chromedriver.exe
11:10:48.383 [main] DEBUG net.serenitybdd.core.webdriver.driverproviders.ProvideNewDriver - Instantiating driver
11:10:48.384 [main] DEBUG net.serenitybdd.core.webdriver.driverproviders.ProvideNewDriver - Driver capabilities: Capabilities {acceptInsecureCerts: false, base.url: https://fanciful-trifle-360..., browserName: chrome, chore.driver: src/test/resources/webdrive..., driver: chrome, goog:chromeOptions: {args: [], extensions: []}}
11:10:48.943 [AsyncHttpClient-1-3] DEBUG org.asynchttpclient.netty.channel.NettyConnectListener - Using new Channel '[id: 0x14f46648, L:/127.0.0.1:61053 - R:localhost/127.0.0.1:51185]' for 'POST' to '/session'
11:10:51.458 [AsyncHttpClient-1-3] DEBUG org.asynchttpclient.netty.handler.HttpHandler - 

Request DefaultHttpRequest(decodeResult: success, version: HTTP/1.1)
POST /session HTTP/1.1
User-Agent: selenium/4.1.2 (java windows)
Content-Length: 628
Content-Type: application/json; charset=utf-8
host: localhost:51185
accept: */*

Response DefaultHttpResponse(decodeResult: success, version: HTTP/1.1)
HTTP/1.1 200 OK
Content-Type: application/json; charset=utf-8
cache-control: no-cache
content-length: 790

11:10:51.459 [AsyncHttpClient-1-3] DEBUG org.asynchttpclient.netty.channel.ChannelManager - Adding key: http://localhost:51185 for channel [id: 0x14f46648, L:/127.0.0.1:61053 - R:localhost/127.0.0.1:51185]
11:10:51.496 [AsyncHttpClient-1-4] DEBUG org.asynchttpclient.netty.channel.NettyConnectListener - Using new Channel '[id: 0x4bf4fc21, L:/127.0.0.1:61065 - R:localhost/127.0.0.1:61054]' for 'GET' to '/json/version'
11:10:51.504 [AsyncHttpClient-1-4] DEBUG org.asynchttpclient.netty.handler.HttpHandler - 

Request DefaultFullHttpRequest(decodeResult: success, version: HTTP/1.1, content: EmptyByteBufBE)
GET /json/version HTTP/1.1
User-Agent: selenium/4.1.2 (java windows)
host: localhost:61054
accept: */*

Response DefaultHttpResponse(decodeResult: success, version: HTTP/1.1)
HTTP/1.1 200 OK
Content-Type: application/json; charset=UTF-8
content-length: 428

11:10:51.504 [AsyncHttpClient-1-4] DEBUG org.asynchttpclient.netty.channel.ChannelManager - Adding key: http://localhost:61054 for channel [id: 0x4bf4fc21, L:/127.0.0.1:61065 - R:localhost/127.0.0.1:61054]
11:10:51.524 [AsyncHttpClient-1-5] DEBUG org.asynchttpclient.netty.channel.NettyConnectListener - Using new Channel '[id: 0xb3d76d71, L:/127.0.0.1:61066 - R:localhost/127.0.0.1:61054]' for 'GET' to '/devtools/browser/1efe095d-bc62-466d-b1a1-63895b08eaa2'
11:10:51.526 [AsyncHttpClient-1-1] DEBUG org.asynchttpclient.netty.channel.DefaultChannelPool - Entry count for : http://localhost:61054 : 1
11:10:51.526 [AsyncHttpClient-1-1] DEBUG org.asynchttpclient.netty.channel.DefaultChannelPool - Entry count for : http://localhost:51185 : 1
11:10:51.533 [AsyncHttpClient-1-5] DEBUG org.asynchttpclient.netty.handler.WebSocketHandler - 

Request DefaultFullHttpRequest(decodeResult: success, version: HTTP/1.1, content: EmptyByteBufBE)
GET /devtools/browser/1efe095d-bc62-466d-b1a1-63895b08eaa2 HTTP/1.1
upgrade: websocket
connection: upgrade
sec-websocket-key: RQ0emyb9TbrSCcFeRSxlgA==
sec-websocket-version: 13
origin: http://localhost:61054
host: localhost:61054
accept: */*
user-agent: AHC/2.1

Response DefaultHttpResponse(decodeResult: success, version: HTTP/1.1)
HTTP/1.1 101 WebSocket Protocol Handshake
Upgrade: WebSocket
Connection: Upgrade
Sec-WebSocket-Accept: QVljGkzjpqHeIUH6QLrxvR9BEFQ=

11:10:51.551 [Forwarding get on session 15add8d278b8ce3d9d025e576d0774f2 to remote] DEBUG org.asynchttpclient.netty.request.NettyRequestSender - Using pooled Channel '[id: 0x14f46648, L:/127.0.0.1:61053 - R:localhost/127.0.0.1:51185]' for 'POST' to 'http://localhost:51185/session/15add8d278b8ce3d9d025e576d0774f2/url'
11:10:51.551 [Forwarding get on session 15add8d278b8ce3d9d025e576d0774f2 to remote] DEBUG org.asynchttpclient.netty.request.NettyRequestSender - Using open Channel [id: 0x14f46648, L:/127.0.0.1:61053 - R:localhost/127.0.0.1:51185] for POST '/session/15add8d278b8ce3d9d025e576d0774f2/url'
11:10:52.618 [AsyncHttpClient-1-1] DEBUG org.asynchttpclient.netty.channel.DefaultChannelPool - Entry count for : http://localhost:61054 : 1
11:10:53.105 [AsyncHttpClient-1-3] DEBUG org.asynchttpclient.netty.handler.HttpHandler - 

Request DefaultHttpRequest(decodeResult: success, version: HTTP/1.1)
POST /session/15add8d278b8ce3d9d025e576d0774f2/url HTTP/1.1
User-Agent: selenium/4.1.2 (java windows)
Content-Length: 84
Content-Type: application/json; charset=utf-8
host: localhost:51185
accept: */*

Response DefaultHttpResponse(decodeResult: success, version: HTTP/1.1)
HTTP/1.1 200 OK
Content-Type: application/json; charset=utf-8
cache-control: no-cache
content-length: 14

11:10:53.105 [AsyncHttpClient-1-3] DEBUG org.asynchttpclient.netty.channel.ChannelManager - Adding key: http://localhost:51185 for channel [id: 0x14f46648, L:/127.0.0.1:61053 - R:localhost/127.0.0.1:51185]
11:10:53.108 [Forwarding setTimeout on session 15add8d278b8ce3d9d025e576d0774f2 to remote] DEBUG org.asynchttpclient.netty.request.NettyRequestSender - Using pooled Channel '[id: 0x14f46648, L:/127.0.0.1:61053 - R:localhost/127.0.0.1:51185]' for 'POST' to 'http://localhost:51185/session/15add8d278b8ce3d9d025e576d0774f2/timeouts'
11:10:53.108 [Forwarding setTimeout on session 15add8d278b8ce3d9d025e576d0774f2 to remote] DEBUG org.asynchttpclient.netty.request.NettyRequestSender - Using open Channel [id: 0x14f46648, L:/127.0.0.1:61053 - R:localhost/127.0.0.1:51185] for POST '/session/15add8d278b8ce3d9d025e576d0774f2/timeouts'
11:10:53.109 [AsyncHttpClient-1-3] DEBUG org.asynchttpclient.netty.handler.HttpHandler - 

Request DefaultHttpRequest(decodeResult: success, version: HTTP/1.1)
POST /session/15add8d278b8ce3d9d025e576d0774f2/timeouts HTTP/1.1
User-Agent: selenium/4.1.2 (java windows)
Content-Length: 22
Content-Type: application/json; charset=utf-8
host: localhost:51185
accept: */*

Response DefaultHttpResponse(decodeResult: success, version: HTTP/1.1)
HTTP/1.1 200 OK
Content-Type: application/json; charset=utf-8
cache-control: no-cache
content-length: 14

11:10:53.110 [AsyncHttpClient-1-3] DEBUG org.asynchttpclient.netty.channel.ChannelManager - Adding key: http://localhost:51185 for channel [id: 0x14f46648, L:/127.0.0.1:61053 - R:localhost/127.0.0.1:51185]
11:10:53.125 [Forwarding getCurrentUrl on session 15add8d278b8ce3d9d025e576d0774f2 to remote] DEBUG org.asynchttpclient.netty.request.NettyRequestSender - Using pooled Channel '[id: 0x14f46648, L:/127.0.0.1:61053 - R:localhost/127.0.0.1:51185]' for 'GET' to 'http://localhost:51185/session/15add8d278b8ce3d9d025e576d0774f2/url'
11:10:53.125 [Forwarding getCurrentUrl on session 15add8d278b8ce3d9d025e576d0774f2 to remote] DEBUG org.asynchttpclient.netty.request.NettyRequestSender - Using open Channel [id: 0x14f46648, L:/127.0.0.1:61053 - R:localhost/127.0.0.1:51185] for GET '/session/15add8d278b8ce3d9d025e576d0774f2/url'
11:10:53.252 [AsyncHttpClient-1-3] DEBUG org.asynchttpclient.netty.handler.HttpHandler - 

Request DefaultFullHttpRequest(decodeResult: success, version: HTTP/1.1, content: EmptyByteBufBE)
GET /session/15add8d278b8ce3d9d025e576d0774f2/url HTTP/1.1
User-Agent: selenium/4.1.2 (java windows)
Cache-Control: no-cache
Content-Type: application/json; charset=utf-8
host: localhost:51185
accept: */*

Response DefaultHttpResponse(decodeResult: success, version: HTTP/1.1)
HTTP/1.1 200 OK
Content-Type: application/json; charset=utf-8
cache-control: no-cache
content-length: 66

11:10:53.252 [AsyncHttpClient-1-3] DEBUG org.asynchttpclient.netty.channel.ChannelManager - Adding key: http://localhost:51185 for channel [id: 0x14f46648, L:/127.0.0.1:61053 - R:localhost/127.0.0.1:51185]
11:10:53.268 [Forwarding screenshot on session 15add8d278b8ce3d9d025e576d0774f2 to remote] DEBUG org.asynchttpclient.netty.request.NettyRequestSender - Using pooled Channel '[id: 0x14f46648, L:/127.0.0.1:61053 - R:localhost/127.0.0.1:51185]' for 'GET' to 'http://localhost:51185/session/15add8d278b8ce3d9d025e576d0774f2/screenshot'
11:10:53.268 [Forwarding screenshot on session 15add8d278b8ce3d9d025e576d0774f2 to remote] DEBUG org.asynchttpclient.netty.request.NettyRequestSender - Using open Channel [id: 0x14f46648, L:/127.0.0.1:61053 - R:localhost/127.0.0.1:51185] for GET '/session/15add8d278b8ce3d9d025e576d0774f2/screenshot'
11:10:53.718 [AsyncHttpClient-1-1] DEBUG org.asynchttpclient.netty.channel.DefaultChannelPool - Entry count for : http://localhost:61054 : 1
11:10:54.349 [AsyncHttpClient-1-3] DEBUG org.asynchttpclient.netty.handler.HttpHandler - 

Request DefaultFullHttpRequest(decodeResult: success, version: HTTP/1.1, content: EmptyByteBufBE)
GET /session/15add8d278b8ce3d9d025e576d0774f2/screenshot HTTP/1.1
User-Agent: selenium/4.1.2 (java windows)
Cache-Control: no-cache
Content-Type: application/json; charset=utf-8
host: localhost:51185
accept: */*

Response DefaultHttpResponse(decodeResult: success, version: HTTP/1.1)
HTTP/1.1 200 OK
Content-Type: application/json; charset=utf-8
cache-control: no-cache
content-length: 66608

11:10:54.350 [AsyncHttpClient-1-3] DEBUG org.asynchttpclient.netty.channel.ChannelManager - Adding key: http://localhost:51185 for channel [id: 0x14f46648, L:/127.0.0.1:61053 - R:localhost/127.0.0.1:51185]
11:10:54.363 [main] DEBUG net.serenitybdd.core.photography.Darkroom - Send negative for processing for target\site\serenity\3b111ae00db26295d7ecbde886ea4451aead6619240013077047abd82e88d678.png
11:10:54.363 [main] DEBUG net.thucydides.core.steps.StepInterceptor - STEP DONE: openDataPasien
  &amp#27;[32mGiven &amp#27;[0m&amp#27;[32mOpen page data pasien&amp#27;[0m                                    &amp#27;[90m# starter.stepdefinitios.PatientDataSteps.openPageDataPasien()&amp#27;[0m
11:10:54.447 [Forwarding screenshot on session 15add8d278b8ce3d9d025e576d0774f2 to remote] DEBUG org.asynchttpclient.netty.request.NettyRequestSender - Using pooled Channel '[id: 0x14f46648, L:/127.0.0.1:61053 - R:localhost/127.0.0.1:51185]' for 'GET' to 'http://localhost:51185/session/15add8d278b8ce3d9d025e576d0774f2/screenshot'
11:10:54.448 [Forwarding screenshot on session 15add8d278b8ce3d9d025e576d0774f2 to remote] DEBUG org.asynchttpclient.netty.request.NettyRequestSender - Using open Channel [id: 0x14f46648, L:/127.0.0.1:61053 - R:localhost/127.0.0.1:51185] for GET '/session/15add8d278b8ce3d9d025e576d0774f2/screenshot'
11:10:54.703 [AsyncHttpClient-1-3] DEBUG org.asynchttpclient.netty.handler.HttpHandler - 

Request DefaultFullHttpRequest(decodeResult: success, version: HTTP/1.1, content: EmptyByteBufBE)
GET /session/15add8d278b8ce3d9d025e576d0774f2/screenshot HTTP/1.1
User-Agent: selenium/4.1.2 (java windows)
Cache-Control: no-cache
Content-Type: application/json; charset=utf-8
host: localhost:51185
accept: */*

Response DefaultHttpResponse(decodeResult: success, version: HTTP/1.1)
HTTP/1.1 200 OK
Content-Type: application/json; charset=utf-8
cache-control: no-cache
content-length: 80400

11:10:54.703 [AsyncHttpClient-1-3] DEBUG org.asynchttpclient.netty.channel.ChannelManager - Adding key: http://localhost:51185 for channel [id: 0x14f46648, L:/127.0.0.1:61053 - R:localhost/127.0.0.1:51185]
11:10:54.709 [main] DEBUG net.serenitybdd.core.photography.Darkroom - Send negative for processing for target\site\serenity\eafefcec911386783e1feca8750637f7dcf489f21b853250001104e95aa18db8.png
11:10:54.710 [main] DEBUG net.thucydides.core.steps.StepInterceptor - STARTING STEP: PatientDataSteps.clickButtonTambahData - clickButtonTambah
11:10:54.719 [Forwarding findElement on session 15add8d278b8ce3d9d025e576d0774f2 to remote] DEBUG org.asynchttpclient.netty.request.NettyRequestSender - Using pooled Channel '[id: 0x14f46648, L:/127.0.0.1:61053 - R:localhost/127.0.0.1:51185]' for 'POST' to 'http://localhost:51185/session/15add8d278b8ce3d9d025e576d0774f2/element'
11:10:54.719 [Forwarding findElement on session 15add8d278b8ce3d9d025e576d0774f2 to remote] DEBUG org.asynchttpclient.netty.request.NettyRequestSender - Using open Channel [id: 0x14f46648, L:/127.0.0.1:61053 - R:localhost/127.0.0.1:51185] for POST '/session/15add8d278b8ce3d9d025e576d0774f2/element'
11:10:54.751 [AsyncHttpClient-1-3] DEBUG org.asynchttpclient.netty.handler.HttpHandler - 

Request DefaultHttpRequest(decodeResult: success, version: HTTP/1.1)
POST /session/15add8d278b8ce3d9d025e576d0774f2/element HTTP/1.1
User-Agent: selenium/4.1.2 (java windows)
Content-Length: 109
Content-Type: application/json; charset=utf-8
host: localhost:51185
accept: */*

Response DefaultHttpResponse(decodeResult: success, version: HTTP/1.1)
HTTP/1.1 200 OK
Content-Type: application/json; charset=utf-8
cache-control: no-cache
content-length: 88

11:10:54.751 [AsyncHttpClient-1-3] DEBUG org.asynchttpclient.netty.channel.ChannelManager - Adding key: http://localhost:51185 for channel [id: 0x14f46648, L:/127.0.0.1:61053 - R:localhost/127.0.0.1:51185]
11:10:54.753 [Forwarding getElementTagName on session 15add8d278b8ce3d9d025e576d0774f2 to remote] DEBUG org.asynchttpclient.netty.request.NettyRequestSender - Using pooled Channel '[id: 0x14f46648, L:/127.0.0.1:61053 - R:localhost/127.0.0.1:51185]' for 'GET' to 'http://localhost:51185/session/15add8d278b8ce3d9d025e576d0774f2/element/c7356e7e-15d7-4554-a7af-367f64ab0e87/name'
11:10:54.753 [Forwarding getElementTagName on session 15add8d278b8ce3d9d025e576d0774f2 to remote] DEBUG org.asynchttpclient.netty.request.NettyRequestSender - Using open Channel [id: 0x14f46648, L:/127.0.0.1:61053 - R:localhost/127.0.0.1:51185] for GET '/session/15add8d278b8ce3d9d025e576d0774f2/element/c7356e7e-15d7-4554-a7af-367f64ab0e87/name'
11:10:54.764 [AsyncHttpClient-1-3] DEBUG org.asynchttpclient.netty.handler.HttpHandler - 

Request DefaultFullHttpRequest(decodeResult: success, version: HTTP/1.1, content: EmptyByteBufBE)
GET /session/15add8d278b8ce3d9d025e576d0774f2/element/c7356e7e-15d7-4554-a7af-367f64ab0e87/name HTTP/1.1
User-Agent: selenium/4.1.2 (java windows)
Cache-Control: no-cache
Content-Type: application/json; charset=utf-8
host: localhost:51185
accept: */*

Response DefaultHttpResponse(decodeResult: success, version: HTTP/1.1)
HTTP/1.1 200 OK
Content-Type: application/json; charset=utf-8
cache-control: no-cache
content-length: 18

11:10:54.765 [AsyncHttpClient-1-3] DEBUG org.asynchttpclient.netty.channel.ChannelManager - Adding key: http://localhost:51185 for channel [id: 0x14f46648, L:/127.0.0.1:61053 - R:localhost/127.0.0.1:51185]
11:10:54.767 [Forwarding getElementTagName on session 15add8d278b8ce3d9d025e576d0774f2 to remote] DEBUG org.asynchttpclient.netty.request.NettyRequestSender - Using pooled Channel '[id: 0x14f46648, L:/127.0.0.1:61053 - R:localhost/127.0.0.1:51185]' for 'GET' to 'http://localhost:51185/session/15add8d278b8ce3d9d025e576d0774f2/element/c7356e7e-15d7-4554-a7af-367f64ab0e87/name'
11:10:54.767 [Forwarding getElementTagName on session 15add8d278b8ce3d9d025e576d0774f2 to remote] DEBUG org.asynchttpclient.netty.request.NettyRequestSender - Using open Channel [id: 0x14f46648, L:/127.0.0.1:61053 - R:localhost/127.0.0.1:51185] for GET '/session/15add8d278b8ce3d9d025e576d0774f2/element/c7356e7e-15d7-4554-a7af-367f64ab0e87/name'
11:10:54.775 [AsyncHttpClient-1-3] DEBUG org.asynchttpclient.netty.handler.HttpHandler - 

Request DefaultFullHttpRequest(decodeResult: success, version: HTTP/1.1, content: EmptyByteBufBE)
GET /session/15add8d278b8ce3d9d025e576d0774f2/element/c7356e7e-15d7-4554-a7af-367f64ab0e87/name HTTP/1.1
User-Agent: selenium/4.1.2 (java windows)
Cache-Control: no-cache
Content-Type: application/json; charset=utf-8
host: localhost:51185
accept: */*

Response DefaultHttpResponse(decodeResult: success, version: HTTP/1.1)
HTTP/1.1 200 OK
Content-Type: application/json; charset=utf-8
cache-control: no-cache
content-length: 18

11:10:54.775 [AsyncHttpClient-1-3] DEBUG org.asynchttpclient.netty.channel.ChannelManager - Adding key: http://localhost:51185 for channel [id: 0x14f46648, L:/127.0.0.1:61053 - R:localhost/127.0.0.1:51185]
11:10:54.780 [Forwarding isElementEnabled on session 15add8d278b8ce3d9d025e576d0774f2 to remote] DEBUG org.asynchttpclient.netty.request.NettyRequestSender - Using pooled Channel '[id: 0x14f46648, L:/127.0.0.1:61053 - R:localhost/127.0.0.1:51185]' for 'GET' to 'http://localhost:51185/session/15add8d278b8ce3d9d025e576d0774f2/element/c7356e7e-15d7-4554-a7af-367f64ab0e87/enabled'
11:10:54.780 [Forwarding isElementEnabled on session 15add8d278b8ce3d9d025e576d0774f2 to remote] DEBUG org.asynchttpclient.netty.request.NettyRequestSender - Using open Channel [id: 0x14f46648, L:/127.0.0.1:61053 - R:localhost/127.0.0.1:51185] for GET '/session/15add8d278b8ce3d9d025e576d0774f2/element/c7356e7e-15d7-4554-a7af-367f64ab0e87/enabled'
11:10:54.804 [AsyncHttpClient-1-3] DEBUG org.asynchttpclient.netty.handler.HttpHandler - 

Request DefaultFullHttpRequest(decodeResult: success, version: HTTP/1.1, content: EmptyByteBufBE)
GET /session/15add8d278b8ce3d9d025e576d0774f2/element/c7356e7e-15d7-4554-a7af-367f64ab0e87/enabled HTTP/1.1
User-Agent: selenium/4.1.2 (java windows)
Cache-Control: no-cache
Content-Type: application/json; charset=utf-8
host: localhost:51185
accept: */*

Response DefaultHttpResponse(decodeResult: success, version: HTTP/1.1)
HTTP/1.1 200 OK
Content-Type: application/json; charset=utf-8
cache-control: no-cache
content-length: 14

11:10:54.804 [AsyncHttpClient-1-3] DEBUG org.asynchttpclient.netty.channel.ChannelManager - Adding key: http://localhost:51185 for channel [id: 0x14f46648, L:/127.0.0.1:61053 - R:localhost/127.0.0.1:51185]
11:10:54.807 [Forwarding isElementEnabled on session 15add8d278b8ce3d9d025e576d0774f2 to remote] DEBUG org.asynchttpclient.netty.request.NettyRequestSender - Using pooled Channel '[id: 0x14f46648, L:/127.0.0.1:61053 - R:localhost/127.0.0.1:51185]' for 'GET' to 'http://localhost:51185/session/15add8d278b8ce3d9d025e576d0774f2/element/c7356e7e-15d7-4554-a7af-367f64ab0e87/enabled'
11:10:54.807 [Forwarding isElementEnabled on session 15add8d278b8ce3d9d025e576d0774f2 to remote] DEBUG org.asynchttpclient.netty.request.NettyRequestSender - Using open Channel [id: 0x14f46648, L:/127.0.0.1:61053 - R:localhost/127.0.0.1:51185] for GET '/session/15add8d278b8ce3d9d025e576d0774f2/element/c7356e7e-15d7-4554-a7af-367f64ab0e87/enabled'
11:10:54.821 [AsyncHttpClient-1-1] DEBUG org.asynchttpclient.netty.channel.DefaultChannelPool - Entry count for : http://localhost:61054 : 1
11:10:54.824 [AsyncHttpClient-1-3] DEBUG org.asynchttpclient.netty.handler.HttpHandler - 

Request DefaultFullHttpRequest(decodeResult: success, version: HTTP/1.1, content: EmptyByteBufBE)
GET /session/15add8d278b8ce3d9d025e576d0774f2/element/c7356e7e-15d7-4554-a7af-367f64ab0e87/enabled HTTP/1.1
User-Agent: selenium/4.1.2 (java windows)
Cache-Control: no-cache
Content-Type: application/json; charset=utf-8
host: localhost:51185
accept: */*

Response DefaultHttpResponse(decodeResult: success, version: HTTP/1.1)
HTTP/1.1 200 OK
Content-Type: application/json; charset=utf-8
cache-control: no-cache
content-length: 14

11:10:54.824 [AsyncHttpClient-1-3] DEBUG org.asynchttpclient.netty.channel.ChannelManager - Adding key: http://localhost:51185 for channel [id: 0x14f46648, L:/127.0.0.1:61053 - R:localhost/127.0.0.1:51185]
11:10:54.829 [Forwarding findElement on session 15add8d278b8ce3d9d025e576d0774f2 to remote] DEBUG org.asynchttpclient.netty.request.NettyRequestSender - Using pooled Channel '[id: 0x14f46648, L:/127.0.0.1:61053 - R:localhost/127.0.0.1:51185]' for 'POST' to 'http://localhost:51185/session/15add8d278b8ce3d9d025e576d0774f2/element'
11:10:54.829 [Forwarding findElement on session 15add8d278b8ce3d9d025e576d0774f2 to remote] DEBUG org.asynchttpclient.netty.request.NettyRequestSender - Using open Channel [id: 0x14f46648, L:/127.0.0.1:61053 - R:localhost/127.0.0.1:51185] for POST '/session/15add8d278b8ce3d9d025e576d0774f2/element'
11:10:54.853 [AsyncHttpClient-1-3] DEBUG org.asynchttpclient.netty.handler.HttpHandler - 

Request DefaultHttpRequest(decodeResult: success, version: HTTP/1.1)
POST /session/15add8d278b8ce3d9d025e576d0774f2/element HTTP/1.1
User-Agent: selenium/4.1.2 (java windows)
Content-Length: 109
Content-Type: application/json; charset=utf-8
host: localhost:51185
accept: */*

Response DefaultHttpResponse(decodeResult: success, version: HTTP/1.1)
HTTP/1.1 200 OK
Content-Type: application/json; charset=utf-8
cache-control: no-cache
content-length: 88

11:10:54.853 [AsyncHttpClient-1-3] DEBUG org.asynchttpclient.netty.channel.ChannelManager - Adding key: http://localhost:51185 for channel [id: 0x14f46648, L:/127.0.0.1:61053 - R:localhost/127.0.0.1:51185]
11:10:54.856 [Forwarding clickElement on session 15add8d278b8ce3d9d025e576d0774f2 to remote] DEBUG org.asynchttpclient.netty.request.NettyRequestSender - Using pooled Channel '[id: 0x14f46648, L:/127.0.0.1:61053 - R:localhost/127.0.0.1:51185]' for 'POST' to 'http://localhost:51185/session/15add8d278b8ce3d9d025e576d0774f2/element/c7356e7e-15d7-4554-a7af-367f64ab0e87/click'
11:10:54.856 [Forwarding clickElement on session 15add8d278b8ce3d9d025e576d0774f2 to remote] DEBUG org.asynchttpclient.netty.request.NettyRequestSender - Using open Channel [id: 0x14f46648, L:/127.0.0.1:61053 - R:localhost/127.0.0.1:51185] for POST '/session/15add8d278b8ce3d9d025e576d0774f2/element/c7356e7e-15d7-4554-a7af-367f64ab0e87/click'
11:10:55.357 [AsyncHttpClient-1-3] DEBUG org.asynchttpclient.netty.handler.HttpHandler - 

Request DefaultHttpRequest(decodeResult: success, version: HTTP/1.1)
POST /session/15add8d278b8ce3d9d025e576d0774f2/element/c7356e7e-15d7-4554-a7af-367f64ab0e87/click HTTP/1.1
User-Agent: selenium/4.1.2 (java windows)
Content-Length: 50
Content-Type: application/json; charset=utf-8
host: localhost:51185
accept: */*

Response DefaultHttpResponse(decodeResult: success, version: HTTP/1.1)
HTTP/1.1 200 OK
Content-Type: application/json; charset=utf-8
cache-control: no-cache
content-length: 14

11:10:55.357 [AsyncHttpClient-1-3] DEBUG org.asynchttpclient.netty.channel.ChannelManager - Adding key: http://localhost:51185 for channel [id: 0x14f46648, L:/127.0.0.1:61053 - R:localhost/127.0.0.1:51185]
11:10:55.381 [Forwarding screenshot on session 15add8d278b8ce3d9d025e576d0774f2 to remote] DEBUG org.asynchttpclient.netty.request.NettyRequestSender - Using pooled Channel '[id: 0x14f46648, L:/127.0.0.1:61053 - R:localhost/127.0.0.1:51185]' for 'GET' to 'http://localhost:51185/session/15add8d278b8ce3d9d025e576d0774f2/screenshot'
11:10:55.381 [Forwarding screenshot on session 15add8d278b8ce3d9d025e576d0774f2 to remote] DEBUG org.asynchttpclient.netty.request.NettyRequestSender - Using open Channel [id: 0x14f46648, L:/127.0.0.1:61053 - R:localhost/127.0.0.1:51185] for GET '/session/15add8d278b8ce3d9d025e576d0774f2/screenshot'
11:10:55.905 [AsyncHttpClient-1-3] DEBUG org.asynchttpclient.netty.handler.HttpHandler - 

Request DefaultFullHttpRequest(decodeResult: success, version: HTTP/1.1, content: EmptyByteBufBE)
GET /session/15add8d278b8ce3d9d025e576d0774f2/screenshot HTTP/1.1
User-Agent: selenium/4.1.2 (java windows)
Cache-Control: no-cache
Content-Type: application/json; charset=utf-8
host: localhost:51185
accept: */*

Response DefaultHttpResponse(decodeResult: success, version: HTTP/1.1)
HTTP/1.1 200 OK
Content-Type: application/json; charset=utf-8
cache-control: no-cache
content-length: 50504

11:10:55.905 [AsyncHttpClient-1-3] DEBUG org.asynchttpclient.netty.channel.ChannelManager - Adding key: http://localhost:51185 for channel [id: 0x14f46648, L:/127.0.0.1:61053 - R:localhost/127.0.0.1:51185]
11:10:55.910 [main] DEBUG net.serenitybdd.core.photography.Darkroom - Send negative for processing for target\site\serenity\9b46d6d3c6d50f31c5127c07f12cc8a5aa88b032819cd58a358cc44d09e3495e.png
11:10:55.910 [main] DEBUG net.thucydides.core.steps.StepInterceptor - STEP DONE: clickButtonTambah
  &amp#27;[32mWhen &amp#27;[0m&amp#27;[32mClick button tambah data&amp#27;[0m                                  &amp#27;[90m# starter.stepdefinitios.PatientDataSteps.clickButtonTambahData()&amp#27;[0m
11:10:55.922 [AsyncHttpClient-1-1] DEBUG org.asynchttpclient.netty.channel.DefaultChannelPool - Entry count for : http://localhost:61054 : 1
11:10:55.922 [AsyncHttpClient-1-1] DEBUG org.asynchttpclient.netty.channel.DefaultChannelPool - Entry count for : http://localhost:51185 : 1
11:10:56.477 [Forwarding screenshot on session 15add8d278b8ce3d9d025e576d0774f2 to remote] DEBUG org.asynchttpclient.netty.request.NettyRequestSender - Using pooled Channel '[id: 0x14f46648, L:/127.0.0.1:61053 - R:localhost/127.0.0.1:51185]' for 'GET' to 'http://localhost:51185/session/15add8d278b8ce3d9d025e576d0774f2/screenshot'
11:10:56.477 [Forwarding screenshot on session 15add8d278b8ce3d9d025e576d0774f2 to remote] DEBUG org.asynchttpclient.netty.request.NettyRequestSender - Using open Channel [id: 0x14f46648, L:/127.0.0.1:61053 - R:localhost/127.0.0.1:51185] for GET '/session/15add8d278b8ce3d9d025e576d0774f2/screenshot'
11:10:56.854 [AsyncHttpClient-1-3] DEBUG org.asynchttpclient.netty.handler.HttpHandler - 

Request DefaultFullHttpRequest(decodeResult: success, version: HTTP/1.1, content: EmptyByteBufBE)
GET /session/15add8d278b8ce3d9d025e576d0774f2/screenshot HTTP/1.1
User-Agent: selenium/4.1.2 (java windows)
Cache-Control: no-cache
Content-Type: application/json; charset=utf-8
host: localhost:51185
accept: */*

Response DefaultHttpResponse(decodeResult: success, version: HTTP/1.1)
HTTP/1.1 200 OK
Content-Type: application/json; charset=utf-8
cache-control: no-cache
content-length: 397960

11:10:56.856 [AsyncHttpClient-1-3] DEBUG org.asynchttpclient.netty.channel.ChannelManager - Adding key: http://localhost:51185 for channel [id: 0x14f46648, L:/127.0.0.1:61053 - R:localhost/127.0.0.1:51185]
11:10:56.891 [main] DEBUG net.serenitybdd.core.photography.Darkroom - Send negative for processing for target\site\serenity\cbeceb493b3cc14d3791ff263ea0078986a8fbc23e395c454f06e0ce9a24f68d.png
11:10:56.891 [main] DEBUG net.thucydides.core.steps.StepInterceptor - STARTING STEP: PatientDataSteps.iInput - inputDataPasien
11:10:56.899 [Forwarding findElement on session 15add8d278b8ce3d9d025e576d0774f2 to remote] DEBUG org.asynchttpclient.netty.request.NettyRequestSender - Using pooled Channel '[id: 0x14f46648, L:/127.0.0.1:61053 - R:localhost/127.0.0.1:51185]' for 'POST' to 'http://localhost:51185/session/15add8d278b8ce3d9d025e576d0774f2/element'
11:10:56.899 [Forwarding findElement on session 15add8d278b8ce3d9d025e576d0774f2 to remote] DEBUG org.asynchttpclient.netty.request.NettyRequestSender - Using open Channel [id: 0x14f46648, L:/127.0.0.1:61053 - R:localhost/127.0.0.1:51185] for POST '/session/15add8d278b8ce3d9d025e576d0774f2/element'
11:10:56.954 [AsyncHttpClient-1-3] DEBUG org.asynchttpclient.netty.handler.HttpHandler - 

Request DefaultHttpRequest(decodeResult: success, version: HTTP/1.1)
POST /session/15add8d278b8ce3d9d025e576d0774f2/element HTTP/1.1
User-Agent: selenium/4.1.2 (java windows)
Content-Length: 166
Content-Type: application/json; charset=utf-8
host: localhost:51185
accept: */*

Response DefaultHttpResponse(decodeResult: success, version: HTTP/1.1)
HTTP/1.1 200 OK
Content-Type: application/json; charset=utf-8
cache-control: no-cache
content-length: 88

11:10:56.955 [AsyncHttpClient-1-3] DEBUG org.asynchttpclient.netty.channel.ChannelManager - Adding key: http://localhost:51185 for channel [id: 0x14f46648, L:/127.0.0.1:61053 - R:localhost/127.0.0.1:51185]
11:10:56.957 [Forwarding sendKeysToElement on session 15add8d278b8ce3d9d025e576d0774f2 to remote] DEBUG org.asynchttpclient.netty.request.NettyRequestSender - Using pooled Channel '[id: 0x14f46648, L:/127.0.0.1:61053 - R:localhost/127.0.0.1:51185]' for 'POST' to 'http://localhost:51185/session/15add8d278b8ce3d9d025e576d0774f2/element/7a32c743-e8d8-4dc0-ab6f-8d9edba0b497/value'
11:10:56.958 [Forwarding sendKeysToElement on session 15add8d278b8ce3d9d025e576d0774f2 to remote] DEBUG org.asynchttpclient.netty.request.NettyRequestSender - Using open Channel [id: 0x14f46648, L:/127.0.0.1:61053 - R:localhost/127.0.0.1:51185] for POST '/session/15add8d278b8ce3d9d025e576d0774f2/element/7a32c743-e8d8-4dc0-ab6f-8d9edba0b497/value'
11:10:57.023 [AsyncHttpClient-1-1] DEBUG org.asynchttpclient.netty.channel.DefaultChannelPool - Entry count for : http://localhost:61054 : 1
11:10:57.506 [AsyncHttpClient-1-3] DEBUG org.asynchttpclient.netty.handler.HttpHandler - 

Request DefaultHttpRequest(decodeResult: success, version: HTTP/1.1)
POST /session/15add8d278b8ce3d9d025e576d0774f2/element/7a32c743-e8d8-4dc0-ab6f-8d9edba0b497/value HTTP/1.1
User-Agent: selenium/4.1.2 (java windows)
Content-Length: 131
Content-Type: application/json; charset=utf-8
host: localhost:51185
accept: */*

Response DefaultHttpResponse(decodeResult: success, version: HTTP/1.1)
HTTP/1.1 200 OK
Content-Type: application/json; charset=utf-8
cache-control: no-cache
content-length: 14

11:10:57.506 [AsyncHttpClient-1-3] DEBUG org.asynchttpclient.netty.channel.ChannelManager - Adding key: http://localhost:51185 for channel [id: 0x14f46648, L:/127.0.0.1:61053 - R:localhost/127.0.0.1:51185]
11:10:57.512 [Forwarding findElement on session 15add8d278b8ce3d9d025e576d0774f2 to remote] DEBUG org.asynchttpclient.netty.request.NettyRequestSender - Using pooled Channel '[id: 0x14f46648, L:/127.0.0.1:61053 - R:localhost/127.0.0.1:51185]' for 'POST' to 'http://localhost:51185/session/15add8d278b8ce3d9d025e576d0774f2/element'
11:10:57.512 [Forwarding findElement on session 15add8d278b8ce3d9d025e576d0774f2 to remote] DEBUG org.asynchttpclient.netty.request.NettyRequestSender - Using open Channel [id: 0x14f46648, L:/127.0.0.1:61053 - R:localhost/127.0.0.1:51185] for POST '/session/15add8d278b8ce3d9d025e576d0774f2/element'
11:10:57.546 [AsyncHttpClient-1-3] DEBUG org.asynchttpclient.netty.handler.HttpHandler - 

Request DefaultHttpRequest(decodeResult: success, version: HTTP/1.1)
POST /session/15add8d278b8ce3d9d025e576d0774f2/element HTTP/1.1
User-Agent: selenium/4.1.2 (java windows)
Content-Length: 166
Content-Type: application/json; charset=utf-8
host: localhost:51185
accept: */*

Response DefaultHttpResponse(decodeResult: success, version: HTTP/1.1)
HTTP/1.1 200 OK
Content-Type: application/json; charset=utf-8
cache-control: no-cache
content-length: 88

11:10:57.546 [AsyncHttpClient-1-3] DEBUG org.asynchttpclient.netty.channel.ChannelManager - Adding key: http://localhost:51185 for channel [id: 0x14f46648, L:/127.0.0.1:61053 - R:localhost/127.0.0.1:51185]
11:10:57.550 [Forwarding sendKeysToElement on session 15add8d278b8ce3d9d025e576d0774f2 to remote] DEBUG org.asynchttpclient.netty.request.NettyRequestSender - Using pooled Channel '[id: 0x14f46648, L:/127.0.0.1:61053 - R:localhost/127.0.0.1:51185]' for 'POST' to 'http://localhost:51185/session/15add8d278b8ce3d9d025e576d0774f2/element/ed81e570-cdab-429b-b046-da2bbe988890/value'
11:10:57.550 [Forwarding sendKeysToElement on session 15add8d278b8ce3d9d025e576d0774f2 to remote] DEBUG org.asynchttpclient.netty.request.NettyRequestSender - Using open Channel [id: 0x14f46648, L:/127.0.0.1:61053 - R:localhost/127.0.0.1:51185] for POST '/session/15add8d278b8ce3d9d025e576d0774f2/element/ed81e570-cdab-429b-b046-da2bbe988890/value'
11:10:57.691 [AsyncHttpClient-1-3] DEBUG org.asynchttpclient.netty.handler.HttpHandler - 

Request DefaultHttpRequest(decodeResult: success, version: HTTP/1.1)
POST /session/15add8d278b8ce3d9d025e576d0774f2/element/ed81e570-cdab-429b-b046-da2bbe988890/value HTTP/1.1
User-Agent: selenium/4.1.2 (java windows)
Content-Length: 82
Content-Type: application/json; charset=utf-8
host: localhost:51185
accept: */*

Response DefaultHttpResponse(decodeResult: success, version: HTTP/1.1)
HTTP/1.1 200 OK
Content-Type: application/json; charset=utf-8
cache-control: no-cache
content-length: 14

11:10:57.691 [AsyncHttpClient-1-3] DEBUG org.asynchttpclient.netty.channel.ChannelManager - Adding key: http://localhost:51185 for channel [id: 0x14f46648, L:/127.0.0.1:61053 - R:localhost/127.0.0.1:51185]
11:10:57.695 [Forwarding findElement on session 15add8d278b8ce3d9d025e576d0774f2 to remote] DEBUG org.asynchttpclient.netty.request.NettyRequestSender - Using pooled Channel '[id: 0x14f46648, L:/127.0.0.1:61053 - R:localhost/127.0.0.1:51185]' for 'POST' to 'http://localhost:51185/session/15add8d278b8ce3d9d025e576d0774f2/element'
11:10:57.695 [Forwarding findElement on session 15add8d278b8ce3d9d025e576d0774f2 to remote] DEBUG org.asynchttpclient.netty.request.NettyRequestSender - Using open Channel [id: 0x14f46648, L:/127.0.0.1:61053 - R:localhost/127.0.0.1:51185] for POST '/session/15add8d278b8ce3d9d025e576d0774f2/element'
11:10:57.724 [AsyncHttpClient-1-3] DEBUG org.asynchttpclient.netty.handler.HttpHandler - 

Request DefaultHttpRequest(decodeResult: success, version: HTTP/1.1)
POST /session/15add8d278b8ce3d9d025e576d0774f2/element HTTP/1.1
User-Agent: selenium/4.1.2 (java windows)
Content-Length: 166
Content-Type: application/json; charset=utf-8
host: localhost:51185
accept: */*

Response DefaultHttpResponse(decodeResult: success, version: HTTP/1.1)
HTTP/1.1 200 OK
Content-Type: application/json; charset=utf-8
cache-control: no-cache
content-length: 88

11:10:57.725 [AsyncHttpClient-1-3] DEBUG org.asynchttpclient.netty.channel.ChannelManager - Adding key: http://localhost:51185 for channel [id: 0x14f46648, L:/127.0.0.1:61053 - R:localhost/127.0.0.1:51185]
11:10:57.728 [Forwarding sendKeysToElement on session 15add8d278b8ce3d9d025e576d0774f2 to remote] DEBUG org.asynchttpclient.netty.request.NettyRequestSender - Using pooled Channel '[id: 0x14f46648, L:/127.0.0.1:61053 - R:localhost/127.0.0.1:51185]' for 'POST' to 'http://localhost:51185/session/15add8d278b8ce3d9d025e576d0774f2/element/56448adf-84fc-4220-97ac-55db144be878/value'
11:10:57.728 [Forwarding sendKeysToElement on session 15add8d278b8ce3d9d025e576d0774f2 to remote] DEBUG org.asynchttpclient.netty.request.NettyRequestSender - Using open Channel [id: 0x14f46648, L:/127.0.0.1:61053 - R:localhost/127.0.0.1:51185] for POST '/session/15add8d278b8ce3d9d025e576d0774f2/element/56448adf-84fc-4220-97ac-55db144be878/value'
11:10:58.036 [AsyncHttpClient-1-3] DEBUG org.asynchttpclient.netty.handler.HttpHandler - 

Request DefaultHttpRequest(decodeResult: success, version: HTTP/1.1)
POST /session/15add8d278b8ce3d9d025e576d0774f2/element/56448adf-84fc-4220-97ac-55db144be878/value HTTP/1.1
User-Agent: selenium/4.1.2 (java windows)
Content-Length: 101
Content-Type: application/json; charset=utf-8
host: localhost:51185
accept: */*

Response DefaultHttpResponse(decodeResult: success, version: HTTP/1.1)
HTTP/1.1 200 OK
Content-Type: application/json; charset=utf-8
cache-control: no-cache
content-length: 14

11:10:58.036 [AsyncHttpClient-1-3] DEBUG org.asynchttpclient.netty.channel.ChannelManager - Adding key: http://localhost:51185 for channel [id: 0x14f46648, L:/127.0.0.1:61053 - R:localhost/127.0.0.1:51185]
11:10:58.041 [Forwarding findElement on session 15add8d278b8ce3d9d025e576d0774f2 to remote] DEBUG org.asynchttpclient.netty.request.NettyRequestSender - Using pooled Channel '[id: 0x14f46648, L:/127.0.0.1:61053 - R:localhost/127.0.0.1:51185]' for 'POST' to 'http://localhost:51185/session/15add8d278b8ce3d9d025e576d0774f2/element'
11:10:58.041 [Forwarding findElement on session 15add8d278b8ce3d9d025e576d0774f2 to remote] DEBUG org.asynchttpclient.netty.request.NettyRequestSender - Using open Channel [id: 0x14f46648, L:/127.0.0.1:61053 - R:localhost/127.0.0.1:51185] for POST '/session/15add8d278b8ce3d9d025e576d0774f2/element'
11:10:58.071 [AsyncHttpClient-1-3] DEBUG org.asynchttpclient.netty.handler.HttpHandler - 

Request DefaultHttpRequest(decodeResult: success, version: HTTP/1.1)
POST /session/15add8d278b8ce3d9d025e576d0774f2/element HTTP/1.1
User-Agent: selenium/4.1.2 (java windows)
Content-Length: 166
Content-Type: application/json; charset=utf-8
host: localhost:51185
accept: */*

Response DefaultHttpResponse(decodeResult: success, version: HTTP/1.1)
HTTP/1.1 200 OK
Content-Type: application/json; charset=utf-8
cache-control: no-cache
content-length: 88

11:10:58.071 [AsyncHttpClient-1-3] DEBUG org.asynchttpclient.netty.channel.ChannelManager - Adding key: http://localhost:51185 for channel [id: 0x14f46648, L:/127.0.0.1:61053 - R:localhost/127.0.0.1:51185]
11:10:58.073 [Forwarding sendKeysToElement on session 15add8d278b8ce3d9d025e576d0774f2 to remote] DEBUG org.asynchttpclient.netty.request.NettyRequestSender - Using pooled Channel '[id: 0x14f46648, L:/127.0.0.1:61053 - R:localhost/127.0.0.1:51185]' for 'POST' to 'http://localhost:51185/session/15add8d278b8ce3d9d025e576d0774f2/element/cd5025d8-b717-4649-900d-3ac28a215f94/value'
11:10:58.073 [Forwarding sendKeysToElement on session 15add8d278b8ce3d9d025e576d0774f2 to remote] DEBUG org.asynchttpclient.netty.request.NettyRequestSender - Using open Channel [id: 0x14f46648, L:/127.0.0.1:61053 - R:localhost/127.0.0.1:51185] for POST '/session/15add8d278b8ce3d9d025e576d0774f2/element/cd5025d8-b717-4649-900d-3ac28a215f94/value'
11:10:58.115 [AsyncHttpClient-1-1] DEBUG org.asynchttpclient.netty.channel.DefaultChannelPool - Entry count for : http://localhost:61054 : 1
11:10:58.544 [AsyncHttpClient-1-3] DEBUG org.asynchttpclient.netty.handler.HttpHandler - 

Request DefaultHttpRequest(decodeResult: success, version: HTTP/1.1)
POST /session/15add8d278b8ce3d9d025e576d0774f2/element/cd5025d8-b717-4649-900d-3ac28a215f94/value HTTP/1.1
User-Agent: selenium/4.1.2 (java windows)
Content-Length: 191
Content-Type: application/json; charset=utf-8
host: localhost:51185
accept: */*

Response DefaultHttpResponse(decodeResult: success, version: HTTP/1.1)
HTTP/1.1 200 OK
Content-Type: application/json; charset=utf-8
cache-control: no-cache
content-length: 14

11:10:58.544 [AsyncHttpClient-1-3] DEBUG org.asynchttpclient.netty.channel.ChannelManager - Adding key: http://localhost:51185 for channel [id: 0x14f46648, L:/127.0.0.1:61053 - R:localhost/127.0.0.1:51185]
11:10:58.552 [Forwarding findElement on session 15add8d278b8ce3d9d025e576d0774f2 to remote] DEBUG org.asynchttpclient.netty.request.NettyRequestSender - Using pooled Channel '[id: 0x14f46648, L:/127.0.0.1:61053 - R:localhost/127.0.0.1:51185]' for 'POST' to 'http://localhost:51185/session/15add8d278b8ce3d9d025e576d0774f2/element'
11:10:58.552 [Forwarding findElement on session 15add8d278b8ce3d9d025e576d0774f2 to remote] DEBUG org.asynchttpclient.netty.request.NettyRequestSender - Using open Channel [id: 0x14f46648, L:/127.0.0.1:61053 - R:localhost/127.0.0.1:51185] for POST '/session/15add8d278b8ce3d9d025e576d0774f2/element'
11:10:58.579 [AsyncHttpClient-1-3] DEBUG org.asynchttpclient.netty.handler.HttpHandler - 

Request DefaultHttpRequest(decodeResult: success, version: HTTP/1.1)
POST /session/15add8d278b8ce3d9d025e576d0774f2/element HTTP/1.1
User-Agent: selenium/4.1.2 (java windows)
Content-Length: 173
Content-Type: application/json; charset=utf-8
host: localhost:51185
accept: */*

Response DefaultHttpResponse(decodeResult: success, version: HTTP/1.1)
HTTP/1.1 200 OK
Content-Type: application/json; charset=utf-8
cache-control: no-cache
content-length: 88

11:10:58.580 [AsyncHttpClient-1-3] DEBUG org.asynchttpclient.netty.channel.ChannelManager - Adding key: http://localhost:51185 for channel [id: 0x14f46648, L:/127.0.0.1:61053 - R:localhost/127.0.0.1:51185]
11:10:58.582 [Forwarding sendKeysToElement on session 15add8d278b8ce3d9d025e576d0774f2 to remote] DEBUG org.asynchttpclient.netty.request.NettyRequestSender - Using pooled Channel '[id: 0x14f46648, L:/127.0.0.1:61053 - R:localhost/127.0.0.1:51185]' for 'POST' to 'http://localhost:51185/session/15add8d278b8ce3d9d025e576d0774f2/element/587720e7-ee3e-4acb-96ac-567f16cd63a9/value'
11:10:58.582 [Forwarding sendKeysToElement on session 15add8d278b8ce3d9d025e576d0774f2 to remote] DEBUG org.asynchttpclient.netty.request.NettyRequestSender - Using open Channel [id: 0x14f46648, L:/127.0.0.1:61053 - R:localhost/127.0.0.1:51185] for POST '/session/15add8d278b8ce3d9d025e576d0774f2/element/587720e7-ee3e-4acb-96ac-567f16cd63a9/value'
11:10:58.991 [AsyncHttpClient-1-3] DEBUG org.asynchttpclient.netty.handler.HttpHandler - 

Request DefaultHttpRequest(decodeResult: success, version: HTTP/1.1)
POST /session/15add8d278b8ce3d9d025e576d0774f2/element/587720e7-ee3e-4acb-96ac-567f16cd63a9/value HTTP/1.1
User-Agent: selenium/4.1.2 (java windows)
Content-Length: 171
Content-Type: application/json; charset=utf-8
host: localhost:51185
accept: */*

Response DefaultHttpResponse(decodeResult: success, version: HTTP/1.1)
HTTP/1.1 200 OK
Content-Type: application/json; charset=utf-8
cache-control: no-cache
content-length: 14

11:10:58.991 [AsyncHttpClient-1-3] DEBUG org.asynchttpclient.netty.channel.ChannelManager - Adding key: http://localhost:51185 for channel [id: 0x14f46648, L:/127.0.0.1:61053 - R:localhost/127.0.0.1:51185]
11:10:59.005 [Forwarding screenshot on session 15add8d278b8ce3d9d025e576d0774f2 to remote] DEBUG org.asynchttpclient.netty.request.NettyRequestSender - Using pooled Channel '[id: 0x14f46648, L:/127.0.0.1:61053 - R:localhost/127.0.0.1:51185]' for 'GET' to 'http://localhost:51185/session/15add8d278b8ce3d9d025e576d0774f2/screenshot'
11:10:59.005 [Forwarding screenshot on session 15add8d278b8ce3d9d025e576d0774f2 to remote] DEBUG org.asynchttpclient.netty.request.NettyRequestSender - Using open Channel [id: 0x14f46648, L:/127.0.0.1:61053 - R:localhost/127.0.0.1:51185] for GET '/session/15add8d278b8ce3d9d025e576d0774f2/screenshot'
11:10:59.219 [AsyncHttpClient-1-1] DEBUG org.asynchttpclient.netty.channel.DefaultChannelPool - Entry count for : http://localhost:61054 : 1
11:10:59.354 [AsyncHttpClient-1-3] DEBUG org.asynchttpclient.netty.handler.HttpHandler - 

Request DefaultFullHttpRequest(decodeResult: success, version: HTTP/1.1, content: EmptyByteBufBE)
GET /session/15add8d278b8ce3d9d025e576d0774f2/screenshot HTTP/1.1
User-Agent: selenium/4.1.2 (java windows)
Cache-Control: no-cache
Content-Type: application/json; charset=utf-8
host: localhost:51185
accept: */*

Response DefaultHttpResponse(decodeResult: success, version: HTTP/1.1)
HTTP/1.1 200 OK
Content-Type: application/json; charset=utf-8
cache-control: no-cache
content-length: 403508

11:10:59.356 [AsyncHttpClient-1-3] DEBUG org.asynchttpclient.netty.channel.ChannelManager - Adding key: http://localhost:51185 for channel [id: 0x14f46648, L:/127.0.0.1:61053 - R:localhost/127.0.0.1:51185]
11:10:59.384 [main] DEBUG net.serenitybdd.core.photography.Darkroom - Send negative for processing for target\site\serenity\31878f919acfa99bda5f12e1706f40eda04f8ece31c0339385e6bf8692aac088.png
11:10:59.385 [main] DEBUG net.thucydides.core.steps.StepInterceptor - STEP DONE: inputDataPasien
  &amp#27;[32mThen &amp#27;[0m&amp#27;[32mI input &amp#27;[0m&amp#27;[32m&amp#27;[1m"Bagas"&amp#27;[0m&amp#27;[32m &amp#27;[0m&amp#27;[32m&amp#27;[1m""&amp#27;[0m&amp#27;[32m &amp#27;[0m&amp#27;[32m&amp#27;[1m"20"&amp#27;[0m&amp#27;[32m &amp#27;[0m&amp#27;[32m&amp#27;[1m"01294657612"&amp#27;[0m&amp#27;[32m &amp#27;[0m&amp#27;[32m&amp#27;[1m"perumahan"&amp#27;[0m&amp#27;[32m patient&amp#27;[0m &amp#27;[90m# starter.stepdefinitios.PatientDataSteps.iInput(java.lang.String,java.lang.String,java.lang.String,java.lang.String,java.lang.String)&amp#27;[0m
11:10:59.385 [Darkroom Processing Line] DEBUG net.serenitybdd.core.photography.DarkroomProcessingLine - Processing screenshot image in /var/screenshots/screenshot-14588997665619399273
11:10:59.385 [Darkroom Processing Line] DEBUG net.serenitybdd.core.photography.DarkroomProcessingLine - Saving screenshot to target\site\serenity\31878f919acfa99bda5f12e1706f40eda04f8ece31c0339385e6bf8692aac088.png
11:10:59.431 [main] DEBUG net.thucydides.core.steps.StepInterceptor - STARTING STEP: PatientDataSteps.iClickButtonJenisKelamin - clickLaki
11:10:59.437 [Forwarding findElement on session 15add8d278b8ce3d9d025e576d0774f2 to remote] DEBUG org.asynchttpclient.netty.request.NettyRequestSender - Using pooled Channel '[id: 0x14f46648, L:/127.0.0.1:61053 - R:localhost/127.0.0.1:51185]' for 'POST' to 'http://localhost:51185/session/15add8d278b8ce3d9d025e576d0774f2/element'
11:10:59.437 [Forwarding findElement on session 15add8d278b8ce3d9d025e576d0774f2 to remote] DEBUG org.asynchttpclient.netty.request.NettyRequestSender - Using open Channel [id: 0x14f46648, L:/127.0.0.1:61053 - R:localhost/127.0.0.1:51185] for POST '/session/15add8d278b8ce3d9d025e576d0774f2/element'
11:10:59.471 [AsyncHttpClient-1-3] DEBUG org.asynchttpclient.netty.handler.HttpHandler - 

Request DefaultHttpRequest(decodeResult: success, version: HTTP/1.1)
POST /session/15add8d278b8ce3d9d025e576d0774f2/element HTTP/1.1
User-Agent: selenium/4.1.2 (java windows)
Content-Length: 179
Content-Type: application/json; charset=utf-8
host: localhost:51185
accept: */*

Response DefaultHttpResponse(decodeResult: success, version: HTTP/1.1)
HTTP/1.1 200 OK
Content-Type: application/json; charset=utf-8
cache-control: no-cache
content-length: 88

11:10:59.471 [AsyncHttpClient-1-3] DEBUG org.asynchttpclient.netty.channel.ChannelManager - Adding key: http://localhost:51185 for channel [id: 0x14f46648, L:/127.0.0.1:61053 - R:localhost/127.0.0.1:51185]
11:10:59.473 [Forwarding getElementTagName on session 15add8d278b8ce3d9d025e576d0774f2 to remote] DEBUG org.asynchttpclient.netty.request.NettyRequestSender - Using pooled Channel '[id: 0x14f46648, L:/127.0.0.1:61053 - R:localhost/127.0.0.1:51185]' for 'GET' to 'http://localhost:51185/session/15add8d278b8ce3d9d025e576d0774f2/element/cd39e3f8-4de6-4c44-b32e-d0310e72e58e/name'
11:10:59.473 [Forwarding getElementTagName on session 15add8d278b8ce3d9d025e576d0774f2 to remote] DEBUG org.asynchttpclient.netty.request.NettyRequestSender - Using open Channel [id: 0x14f46648, L:/127.0.0.1:61053 - R:localhost/127.0.0.1:51185] for GET '/session/15add8d278b8ce3d9d025e576d0774f2/element/cd39e3f8-4de6-4c44-b32e-d0310e72e58e/name'
11:10:59.485 [AsyncHttpClient-1-3] DEBUG org.asynchttpclient.netty.handler.HttpHandler - 

Request DefaultFullHttpRequest(decodeResult: success, version: HTTP/1.1, content: EmptyByteBufBE)
GET /session/15add8d278b8ce3d9d025e576d0774f2/element/cd39e3f8-4de6-4c44-b32e-d0310e72e58e/name HTTP/1.1
User-Agent: selenium/4.1.2 (java windows)
Cache-Control: no-cache
Content-Type: application/json; charset=utf-8
host: localhost:51185
accept: */*

Response DefaultHttpResponse(decodeResult: success, version: HTTP/1.1)
HTTP/1.1 200 OK
Content-Type: application/json; charset=utf-8
cache-control: no-cache
content-length: 16

11:10:59.485 [AsyncHttpClient-1-3] DEBUG org.asynchttpclient.netty.channel.ChannelManager - Adding key: http://localhost:51185 for channel [id: 0x14f46648, L:/127.0.0.1:61053 - R:localhost/127.0.0.1:51185]
11:10:59.487 [Forwarding getElementTagName on session 15add8d278b8ce3d9d025e576d0774f2 to remote] DEBUG org.asynchttpclient.netty.request.NettyRequestSender - Using pooled Channel '[id: 0x14f46648, L:/127.0.0.1:61053 - R:localhost/127.0.0.1:51185]' for 'GET' to 'http://localhost:51185/session/15add8d278b8ce3d9d025e576d0774f2/element/cd39e3f8-4de6-4c44-b32e-d0310e72e58e/name'
11:10:59.487 [Forwarding getElementTagName on session 15add8d278b8ce3d9d025e576d0774f2 to remote] DEBUG org.asynchttpclient.netty.request.NettyRequestSender - Using open Channel [id: 0x14f46648, L:/127.0.0.1:61053 - R:localhost/127.0.0.1:51185] for GET '/session/15add8d278b8ce3d9d025e576d0774f2/element/cd39e3f8-4de6-4c44-b32e-d0310e72e58e/name'
11:10:59.494 [AsyncHttpClient-1-3] DEBUG org.asynchttpclient.netty.handler.HttpHandler - 

Request DefaultFullHttpRequest(decodeResult: success, version: HTTP/1.1, content: EmptyByteBufBE)
GET /session/15add8d278b8ce3d9d025e576d0774f2/element/cd39e3f8-4de6-4c44-b32e-d0310e72e58e/name HTTP/1.1
User-Agent: selenium/4.1.2 (java windows)
Cache-Control: no-cache
Content-Type: application/json; charset=utf-8
host: localhost:51185
accept: */*

Response DefaultHttpResponse(decodeResult: success, version: HTTP/1.1)
HTTP/1.1 200 OK
Content-Type: application/json; charset=utf-8
cache-control: no-cache
content-length: 16

11:10:59.495 [AsyncHttpClient-1-3] DEBUG org.asynchttpclient.netty.channel.ChannelManager - Adding key: http://localhost:51185 for channel [id: 0x14f46648, L:/127.0.0.1:61053 - R:localhost/127.0.0.1:51185]
11:10:59.500 [Forwarding findElement on session 15add8d278b8ce3d9d025e576d0774f2 to remote] DEBUG org.asynchttpclient.netty.request.NettyRequestSender - Using pooled Channel '[id: 0x14f46648, L:/127.0.0.1:61053 - R:localhost/127.0.0.1:51185]' for 'POST' to 'http://localhost:51185/session/15add8d278b8ce3d9d025e576d0774f2/element'
11:10:59.500 [Forwarding findElement on session 15add8d278b8ce3d9d025e576d0774f2 to remote] DEBUG org.asynchttpclient.netty.request.NettyRequestSender - Using open Channel [id: 0x14f46648, L:/127.0.0.1:61053 - R:localhost/127.0.0.1:51185] for POST '/session/15add8d278b8ce3d9d025e576d0774f2/element'
11:10:59.555 [AsyncHttpClient-1-3] DEBUG org.asynchttpclient.netty.handler.HttpHandler - 

Request DefaultHttpRequest(decodeResult: success, version: HTTP/1.1)
POST /session/15add8d278b8ce3d9d025e576d0774f2/element HTTP/1.1
User-Agent: selenium/4.1.2 (java windows)
Content-Length: 179
Content-Type: application/json; charset=utf-8
host: localhost:51185
accept: */*

Response DefaultHttpResponse(decodeResult: success, version: HTTP/1.1)
HTTP/1.1 200 OK
Content-Type: application/json; charset=utf-8
cache-control: no-cache
content-length: 88

11:10:59.555 [AsyncHttpClient-1-3] DEBUG org.asynchttpclient.netty.channel.ChannelManager - Adding key: http://localhost:51185 for channel [id: 0x14f46648, L:/127.0.0.1:61053 - R:localhost/127.0.0.1:51185]
11:10:59.558 [Forwarding clickElement on session 15add8d278b8ce3d9d025e576d0774f2 to remote] DEBUG org.asynchttpclient.netty.request.NettyRequestSender - Using pooled Channel '[id: 0x14f46648, L:/127.0.0.1:61053 - R:localhost/127.0.0.1:51185]' for 'POST' to 'http://localhost:51185/session/15add8d278b8ce3d9d025e576d0774f2/element/cd39e3f8-4de6-4c44-b32e-d0310e72e58e/click'
11:10:59.558 [Forwarding clickElement on session 15add8d278b8ce3d9d025e576d0774f2 to remote] DEBUG org.asynchttpclient.netty.request.NettyRequestSender - Using open Channel [id: 0x14f46648, L:/127.0.0.1:61053 - R:localhost/127.0.0.1:51185] for POST '/session/15add8d278b8ce3d9d025e576d0774f2/element/cd39e3f8-4de6-4c44-b32e-d0310e72e58e/click'
11:10:59.990 [AsyncHttpClient-1-3] DEBUG org.asynchttpclient.netty.handler.HttpHandler - 

Request DefaultHttpRequest(decodeResult: success, version: HTTP/1.1)
POST /session/15add8d278b8ce3d9d025e576d0774f2/element/cd39e3f8-4de6-4c44-b32e-d0310e72e58e/click HTTP/1.1
User-Agent: selenium/4.1.2 (java windows)
Content-Length: 50
Content-Type: application/json; charset=utf-8
host: localhost:51185
accept: */*

Response DefaultHttpResponse(decodeResult: success, version: HTTP/1.1)
HTTP/1.1 200 OK
Content-Type: application/json; charset=utf-8
cache-control: no-cache
content-length: 14

11:10:59.991 [AsyncHttpClient-1-3] DEBUG org.asynchttpclient.netty.channel.ChannelManager - Adding key: http://localhost:51185 for channel [id: 0x14f46648, L:/127.0.0.1:61053 - R:localhost/127.0.0.1:51185]
11:11:00.018 [Forwarding screenshot on session 15add8d278b8ce3d9d025e576d0774f2 to remote] DEBUG org.asynchttpclient.netty.request.NettyRequestSender - Using pooled Channel '[id: 0x14f46648, L:/127.0.0.1:61053 - R:localhost/127.0.0.1:51185]' for 'GET' to 'http://localhost:51185/session/15add8d278b8ce3d9d025e576d0774f2/screenshot'
11:11:00.018 [Forwarding screenshot on session 15add8d278b8ce3d9d025e576d0774f2 to remote] DEBUG org.asynchttpclient.netty.request.NettyRequestSender - Using open Channel [id: 0x14f46648, L:/127.0.0.1:61053 - R:localhost/127.0.0.1:51185] for GET '/session/15add8d278b8ce3d9d025e576d0774f2/screenshot'
11:11:00.312 [AsyncHttpClient-1-1] DEBUG org.asynchttpclient.netty.channel.DefaultChannelPool - Entry count for : http://localhost:61054 : 1
11:11:00.543 [AsyncHttpClient-1-3] DEBUG org.asynchttpclient.netty.handler.HttpHandler - 

Request DefaultFullHttpRequest(decodeResult: success, version: HTTP/1.1, content: EmptyByteBufBE)
GET /session/15add8d278b8ce3d9d025e576d0774f2/screenshot HTTP/1.1
User-Agent: selenium/4.1.2 (java windows)
Cache-Control: no-cache
Content-Type: application/json; charset=utf-8
host: localhost:51185
accept: */*

Response DefaultHttpResponse(decodeResult: success, version: HTTP/1.1)
HTTP/1.1 200 OK
Content-Type: application/json; charset=utf-8
cache-control: no-cache
content-length: 405092

11:11:00.544 [AsyncHttpClient-1-3] DEBUG org.asynchttpclient.netty.channel.ChannelManager - Adding key: http://localhost:51185 for channel [id: 0x14f46648, L:/127.0.0.1:61053 - R:localhost/127.0.0.1:51185]
11:11:00.571 [main] DEBUG net.serenitybdd.core.photography.Darkroom - Send negative for processing for target\site\serenity\9d25456f33f596d18d6d13a70105a5fab78b7d68d808f55c7aab9812036ed1dd.png
11:11:00.572 [main] DEBUG net.thucydides.core.steps.StepInterceptor - STEP DONE: clickLaki
  &amp#27;[32mAnd &amp#27;[0m&amp#27;[32mI click button jenis kelamin patient&amp#27;[0m                       &amp#27;[90m# starter.stepdefinitios.PatientDataSteps.iClickButtonJenisKelamin()&amp#27;[0m
11:11:00.573 [Darkroom Processing Line] DEBUG net.serenitybdd.core.photography.DarkroomProcessingLine - Processing screenshot image in /var/screenshots/screenshot-2335684267149369273
11:11:00.573 [Darkroom Processing Line] DEBUG net.serenitybdd.core.photography.DarkroomProcessingLine - Saving screenshot to target\site\serenity\9d25456f33f596d18d6d13a70105a5fab78b7d68d808f55c7aab9812036ed1dd.png
11:11:00.622 [Forwarding screenshot on session 15add8d278b8ce3d9d025e576d0774f2 to remote] DEBUG org.asynchttpclient.netty.request.NettyRequestSender - Using pooled Channel '[id: 0x14f46648, L:/127.0.0.1:61053 - R:localhost/127.0.0.1:51185]' for 'GET' to 'http://localhost:51185/session/15add8d278b8ce3d9d025e576d0774f2/screenshot'
11:11:00.622 [Forwarding screenshot on session 15add8d278b8ce3d9d025e576d0774f2 to remote] DEBUG org.asynchttpclient.netty.request.NettyRequestSender - Using open Channel [id: 0x14f46648, L:/127.0.0.1:61053 - R:localhost/127.0.0.1:51185] for GET '/session/15add8d278b8ce3d9d025e576d0774f2/screenshot'
11:11:01.008 [AsyncHttpClient-1-3] DEBUG org.asynchttpclient.netty.handler.HttpHandler - 

Request DefaultFullHttpRequest(decodeResult: success, version: HTTP/1.1, content: EmptyByteBufBE)
GET /session/15add8d278b8ce3d9d025e576d0774f2/screenshot HTTP/1.1
User-Agent: selenium/4.1.2 (java windows)
Cache-Control: no-cache
Content-Type: application/json; charset=utf-8
host: localhost:51185
accept: */*

Response DefaultHttpResponse(decodeResult: success, version: HTTP/1.1)
HTTP/1.1 200 OK
Content-Type: application/json; charset=utf-8
cache-control: no-cache
content-length: 404972

11:11:01.010 [AsyncHttpClient-1-3] DEBUG org.asynchttpclient.netty.channel.ChannelManager - Adding key: http://localhost:51185 for channel [id: 0x14f46648, L:/127.0.0.1:61053 - R:localhost/127.0.0.1:51185]
11:11:01.036 [main] DEBUG net.serenitybdd.core.photography.Darkroom - Send negative for processing for target\site\serenity\c3c2e53ae795b17d852d7038fba29bbaaa857ec2038aada16db3be7a7e2b9424.png
11:11:01.037 [main] DEBUG net.thucydides.core.steps.StepInterceptor - STARTING STEP: PatientDataSteps.clickButtonSimpan - clickButtonSave
11:11:01.038 [Darkroom Processing Line] DEBUG net.serenitybdd.core.photography.DarkroomProcessingLine - Processing screenshot image in /var/screenshots/screenshot-1259610513712222021
11:11:01.038 [Darkroom Processing Line] DEBUG net.serenitybdd.core.photography.DarkroomProcessingLine - Saving screenshot to target\site\serenity\c3c2e53ae795b17d852d7038fba29bbaaa857ec2038aada16db3be7a7e2b9424.png
11:11:01.047 [Forwarding findElement on session 15add8d278b8ce3d9d025e576d0774f2 to remote] DEBUG org.asynchttpclient.netty.request.NettyRequestSender - Using pooled Channel '[id: 0x14f46648, L:/127.0.0.1:61053 - R:localhost/127.0.0.1:51185]' for 'POST' to 'http://localhost:51185/session/15add8d278b8ce3d9d025e576d0774f2/element'
11:11:01.047 [Forwarding findElement on session 15add8d278b8ce3d9d025e576d0774f2 to remote] DEBUG org.asynchttpclient.netty.request.NettyRequestSender - Using open Channel [id: 0x14f46648, L:/127.0.0.1:61053 - R:localhost/127.0.0.1:51185] for POST '/session/15add8d278b8ce3d9d025e576d0774f2/element'
11:11:01.075 [AsyncHttpClient-1-3] DEBUG org.asynchttpclient.netty.handler.HttpHandler - 

Request DefaultHttpRequest(decodeResult: success, version: HTTP/1.1)
POST /session/15add8d278b8ce3d9d025e576d0774f2/element HTTP/1.1
User-Agent: selenium/4.1.2 (java windows)
Content-Length: 149
Content-Type: application/json; charset=utf-8
host: localhost:51185
accept: */*

Response DefaultHttpResponse(decodeResult: success, version: HTTP/1.1)
HTTP/1.1 200 OK
Content-Type: application/json; charset=utf-8
cache-control: no-cache
content-length: 88

11:11:01.075 [AsyncHttpClient-1-3] DEBUG org.asynchttpclient.netty.channel.ChannelManager - Adding key: http://localhost:51185 for channel [id: 0x14f46648, L:/127.0.0.1:61053 - R:localhost/127.0.0.1:51185]
11:11:01.079 [Forwarding getElementTagName on session 15add8d278b8ce3d9d025e576d0774f2 to remote] DEBUG org.asynchttpclient.netty.request.NettyRequestSender - Using pooled Channel '[id: 0x14f46648, L:/127.0.0.1:61053 - R:localhost/127.0.0.1:51185]' for 'GET' to 'http://localhost:51185/session/15add8d278b8ce3d9d025e576d0774f2/element/b2fe8fe6-87d8-48e8-9303-a6145628f8a2/name'
11:11:01.079 [Forwarding getElementTagName on session 15add8d278b8ce3d9d025e576d0774f2 to remote] DEBUG org.asynchttpclient.netty.request.NettyRequestSender - Using open Channel [id: 0x14f46648, L:/127.0.0.1:61053 - R:localhost/127.0.0.1:51185] for GET '/session/15add8d278b8ce3d9d025e576d0774f2/element/b2fe8fe6-87d8-48e8-9303-a6145628f8a2/name'
11:11:01.089 [AsyncHttpClient-1-3] DEBUG org.asynchttpclient.netty.handler.HttpHandler - 

Request DefaultFullHttpRequest(decodeResult: success, version: HTTP/1.1, content: EmptyByteBufBE)
GET /session/15add8d278b8ce3d9d025e576d0774f2/element/b2fe8fe6-87d8-48e8-9303-a6145628f8a2/name HTTP/1.1
User-Agent: selenium/4.1.2 (java windows)
Cache-Control: no-cache
Content-Type: application/json; charset=utf-8
host: localhost:51185
accept: */*

Response DefaultHttpResponse(decodeResult: success, version: HTTP/1.1)
HTTP/1.1 200 OK
Content-Type: application/json; charset=utf-8
cache-control: no-cache
content-length: 18

11:11:01.089 [AsyncHttpClient-1-3] DEBUG org.asynchttpclient.netty.channel.ChannelManager - Adding key: http://localhost:51185 for channel [id: 0x14f46648, L:/127.0.0.1:61053 - R:localhost/127.0.0.1:51185]
11:11:01.091 [Forwarding getElementTagName on session 15add8d278b8ce3d9d025e576d0774f2 to remote] DEBUG org.asynchttpclient.netty.request.NettyRequestSender - Using pooled Channel '[id: 0x14f46648, L:/127.0.0.1:61053 - R:localhost/127.0.0.1:51185]' for 'GET' to 'http://localhost:51185/session/15add8d278b8ce3d9d025e576d0774f2/element/b2fe8fe6-87d8-48e8-9303-a6145628f8a2/name'
11:11:01.091 [Forwarding getElementTagName on session 15add8d278b8ce3d9d025e576d0774f2 to remote] DEBUG org.asynchttpclient.netty.request.NettyRequestSender - Using open Channel [id: 0x14f46648, L:/127.0.0.1:61053 - R:localhost/127.0.0.1:51185] for GET '/session/15add8d278b8ce3d9d025e576d0774f2/element/b2fe8fe6-87d8-48e8-9303-a6145628f8a2/name'
11:11:01.105 [AsyncHttpClient-1-3] DEBUG org.asynchttpclient.netty.handler.HttpHandler - 

Request DefaultFullHttpRequest(decodeResult: success, version: HTTP/1.1, content: EmptyByteBufBE)
GET /session/15add8d278b8ce3d9d025e576d0774f2/element/b2fe8fe6-87d8-48e8-9303-a6145628f8a2/name HTTP/1.1
User-Agent: selenium/4.1.2 (java windows)
Cache-Control: no-cache
Content-Type: application/json; charset=utf-8
host: localhost:51185
accept: */*

Response DefaultHttpResponse(decodeResult: success, version: HTTP/1.1)
HTTP/1.1 200 OK
Content-Type: application/json; charset=utf-8
cache-control: no-cache
content-length: 18

11:11:01.105 [AsyncHttpClient-1-3] DEBUG org.asynchttpclient.netty.channel.ChannelManager - Adding key: http://localhost:51185 for channel [id: 0x14f46648, L:/127.0.0.1:61053 - R:localhost/127.0.0.1:51185]
11:11:01.110 [Forwarding isElementEnabled on session 15add8d278b8ce3d9d025e576d0774f2 to remote] DEBUG org.asynchttpclient.netty.request.NettyRequestSender - Using pooled Channel '[id: 0x14f46648, L:/127.0.0.1:61053 - R:localhost/127.0.0.1:51185]' for 'GET' to 'http://localhost:51185/session/15add8d278b8ce3d9d025e576d0774f2/element/b2fe8fe6-87d8-48e8-9303-a6145628f8a2/enabled'
11:11:01.110 [Forwarding isElementEnabled on session 15add8d278b8ce3d9d025e576d0774f2 to remote] DEBUG org.asynchttpclient.netty.request.NettyRequestSender - Using open Channel [id: 0x14f46648, L:/127.0.0.1:61053 - R:localhost/127.0.0.1:51185] for GET '/session/15add8d278b8ce3d9d025e576d0774f2/element/b2fe8fe6-87d8-48e8-9303-a6145628f8a2/enabled'
11:11:01.136 [AsyncHttpClient-1-3] DEBUG org.asynchttpclient.netty.handler.HttpHandler - 

Request DefaultFullHttpRequest(decodeResult: success, version: HTTP/1.1, content: EmptyByteBufBE)
GET /session/15add8d278b8ce3d9d025e576d0774f2/element/b2fe8fe6-87d8-48e8-9303-a6145628f8a2/enabled HTTP/1.1
User-Agent: selenium/4.1.2 (java windows)
Cache-Control: no-cache
Content-Type: application/json; charset=utf-8
host: localhost:51185
accept: */*

Response DefaultHttpResponse(decodeResult: success, version: HTTP/1.1)
HTTP/1.1 200 OK
Content-Type: application/json; charset=utf-8
cache-control: no-cache
content-length: 14

11:11:01.136 [AsyncHttpClient-1-3] DEBUG org.asynchttpclient.netty.channel.ChannelManager - Adding key: http://localhost:51185 for channel [id: 0x14f46648, L:/127.0.0.1:61053 - R:localhost/127.0.0.1:51185]
11:11:01.138 [Forwarding isElementEnabled on session 15add8d278b8ce3d9d025e576d0774f2 to remote] DEBUG org.asynchttpclient.netty.request.NettyRequestSender - Using pooled Channel '[id: 0x14f46648, L:/127.0.0.1:61053 - R:localhost/127.0.0.1:51185]' for 'GET' to 'http://localhost:51185/session/15add8d278b8ce3d9d025e576d0774f2/element/b2fe8fe6-87d8-48e8-9303-a6145628f8a2/enabled'
11:11:01.138 [Forwarding isElementEnabled on session 15add8d278b8ce3d9d025e576d0774f2 to remote] DEBUG org.asynchttpclient.netty.request.NettyRequestSender - Using open Channel [id: 0x14f46648, L:/127.0.0.1:61053 - R:localhost/127.0.0.1:51185] for GET '/session/15add8d278b8ce3d9d025e576d0774f2/element/b2fe8fe6-87d8-48e8-9303-a6145628f8a2/enabled'
11:11:01.153 [AsyncHttpClient-1-3] DEBUG org.asynchttpclient.netty.handler.HttpHandler - 

Request DefaultFullHttpRequest(decodeResult: success, version: HTTP/1.1, content: EmptyByteBufBE)
GET /session/15add8d278b8ce3d9d025e576d0774f2/element/b2fe8fe6-87d8-48e8-9303-a6145628f8a2/enabled HTTP/1.1
User-Agent: selenium/4.1.2 (java windows)
Cache-Control: no-cache
Content-Type: application/json; charset=utf-8
host: localhost:51185
accept: */*

Response DefaultHttpResponse(decodeResult: success, version: HTTP/1.1)
HTTP/1.1 200 OK
Content-Type: application/json; charset=utf-8
cache-control: no-cache
content-length: 14

11:11:01.153 [AsyncHttpClient-1-3] DEBUG org.asynchttpclient.netty.channel.ChannelManager - Adding key: http://localhost:51185 for channel [id: 0x14f46648, L:/127.0.0.1:61053 - R:localhost/127.0.0.1:51185]
11:11:01.158 [Forwarding findElement on session 15add8d278b8ce3d9d025e576d0774f2 to remote] DEBUG org.asynchttpclient.netty.request.NettyRequestSender - Using pooled Channel '[id: 0x14f46648, L:/127.0.0.1:61053 - R:localhost/127.0.0.1:51185]' for 'POST' to 'http://localhost:51185/session/15add8d278b8ce3d9d025e576d0774f2/element'
11:11:01.158 [Forwarding findElement on session 15add8d278b8ce3d9d025e576d0774f2 to remote] DEBUG org.asynchttpclient.netty.request.NettyRequestSender - Using open Channel [id: 0x14f46648, L:/127.0.0.1:61053 - R:localhost/127.0.0.1:51185] for POST '/session/15add8d278b8ce3d9d025e576d0774f2/element'
11:11:01.207 [AsyncHttpClient-1-3] DEBUG org.asynchttpclient.netty.handler.HttpHandler - 

Request DefaultHttpRequest(decodeResult: success, version: HTTP/1.1)
POST /session/15add8d278b8ce3d9d025e576d0774f2/element HTTP/1.1
User-Agent: selenium/4.1.2 (java windows)
Content-Length: 149
Content-Type: application/json; charset=utf-8
host: localhost:51185
accept: */*

Response DefaultHttpResponse(decodeResult: success, version: HTTP/1.1)
HTTP/1.1 200 OK
Content-Type: application/json; charset=utf-8
cache-control: no-cache
content-length: 88

11:11:01.207 [AsyncHttpClient-1-3] DEBUG org.asynchttpclient.netty.channel.ChannelManager - Adding key: http://localhost:51185 for channel [id: 0x14f46648, L:/127.0.0.1:61053 - R:localhost/127.0.0.1:51185]
11:11:01.209 [Forwarding clickElement on session 15add8d278b8ce3d9d025e576d0774f2 to remote] DEBUG org.asynchttpclient.netty.request.NettyRequestSender - Using pooled Channel '[id: 0x14f46648, L:/127.0.0.1:61053 - R:localhost/127.0.0.1:51185]' for 'POST' to 'http://localhost:51185/session/15add8d278b8ce3d9d025e576d0774f2/element/b2fe8fe6-87d8-48e8-9303-a6145628f8a2/click'
11:11:01.209 [Forwarding clickElement on session 15add8d278b8ce3d9d025e576d0774f2 to remote] DEBUG org.asynchttpclient.netty.request.NettyRequestSender - Using open Channel [id: 0x14f46648, L:/127.0.0.1:61053 - R:localhost/127.0.0.1:51185] for POST '/session/15add8d278b8ce3d9d025e576d0774f2/element/b2fe8fe6-87d8-48e8-9303-a6145628f8a2/click'
11:11:01.309 [AsyncHttpClient-1-3] DEBUG org.asynchttpclient.netty.handler.HttpHandler - 

Request DefaultHttpRequest(decodeResult: success, version: HTTP/1.1)
POST /session/15add8d278b8ce3d9d025e576d0774f2/element/b2fe8fe6-87d8-48e8-9303-a6145628f8a2/click HTTP/1.1
User-Agent: selenium/4.1.2 (java windows)
Content-Length: 50
Content-Type: application/json; charset=utf-8
host: localhost:51185
accept: */*

Response DefaultHttpResponse(decodeResult: success, version: HTTP/1.1)
HTTP/1.1 200 OK
Content-Type: application/json; charset=utf-8
cache-control: no-cache
content-length: 14

11:11:01.309 [AsyncHttpClient-1-3] DEBUG org.asynchttpclient.netty.channel.ChannelManager - Adding key: http://localhost:51185 for channel [id: 0x14f46648, L:/127.0.0.1:61053 - R:localhost/127.0.0.1:51185]
11:11:01.336 [Forwarding screenshot on session 15add8d278b8ce3d9d025e576d0774f2 to remote] DEBUG org.asynchttpclient.netty.request.NettyRequestSender - Using pooled Channel '[id: 0x14f46648, L:/127.0.0.1:61053 - R:localhost/127.0.0.1:51185]' for 'GET' to 'http://localhost:51185/session/15add8d278b8ce3d9d025e576d0774f2/screenshot'
11:11:01.336 [Forwarding screenshot on session 15add8d278b8ce3d9d025e576d0774f2 to remote] DEBUG org.asynchttpclient.netty.request.NettyRequestSender - Using open Channel [id: 0x14f46648, L:/127.0.0.1:61053 - R:localhost/127.0.0.1:51185] for GET '/session/15add8d278b8ce3d9d025e576d0774f2/screenshot'
11:11:01.421 [AsyncHttpClient-1-1] DEBUG org.asynchttpclient.netty.channel.DefaultChannelPool - Entry count for : http://localhost:61054 : 1
11:11:02.076 [AsyncHttpClient-1-3] DEBUG org.asynchttpclient.netty.handler.HttpHandler - 

Request DefaultFullHttpRequest(decodeResult: success, version: HTTP/1.1, content: EmptyByteBufBE)
GET /session/15add8d278b8ce3d9d025e576d0774f2/screenshot HTTP/1.1
User-Agent: selenium/4.1.2 (java windows)
Cache-Control: no-cache
Content-Type: application/json; charset=utf-8
host: localhost:51185
accept: */*

Response DefaultHttpResponse(decodeResult: success, version: HTTP/1.1)
HTTP/1.1 500 Internal Server Error
Content-Type: application/json; charset=utf-8
cache-control: no-cache
content-length: 882

11:11:02.078 [AsyncHttpClient-1-3] DEBUG org.asynchttpclient.netty.channel.ChannelManager - Adding key: http://localhost:51185 for channel [id: 0x14f46648, L:/127.0.0.1:61053 - R:localhost/127.0.0.1:51185]
11:11:02.088 [main] WARN net.thucydides.core.webdriver.WebDriverFacade - Failed to take screenshot (unexpected alert open: <unknown>
  (Session info: chrome=102.0.5005.115): 
Build info: version: '4.1.2', revision: '9a5a329c5a'
System info: host: 'MOOK-HON', ip: '192.168.100.6', os.name: 'Windows 10', os.arch: 'amd64', os.version: '10.0', java.version: '11.0.14'
Driver info: org.openqa.selenium.chrome.ChromeDriver
Command: [15add8d278b8ce3d9d025e576d0774f2, screenshot {}]
Capabilities {acceptInsecureCerts: false, browserName: chrome, browserVersion: 102.0.5005.115, chrome: {chromedriverVersion: 102.0.5005.61 (0e59bcc00cc4..., userDataDir: C:\Users\ASUS\AppData\Local...}, goog:chromeOptions: {debuggerAddress: localhost:61054}, javascriptEnabled: true, networkConnectionEnabled: false, pageLoadStrategy: normal, platform: WINDOWS, platformName: WINDOWS, proxy: Proxy(), se:cdp: ws://localhost:61054/devtoo..., se:cdpVersion: 102.0.5005.115, setWindowRect: true, strictFileInteractability: false, timeouts: {implicit: 0, pageLoad: 300000, script: 30000}, unhandledPromptBehavior: dismiss and notify, webauthn:extension:credBlob: true, webauthn:extension:largeBlob: true, webauthn:virtualAuthenticators: true}
Session ID: 15add8d278b8ce3d9d025e576d0774f2)
11:11:02.089 [main] DEBUG net.thucydides.core.steps.StepInterceptor - STEP DONE: clickButtonSave
  &amp#27;[32mAnd &amp#27;[0m&amp#27;[32mClick button simpan&amp#27;[0m                                        &amp#27;[90m# starter.stepdefinitios.PatientDataSteps.clickButtonSimpan()&amp#27;[0m
11:11:02.113 [Forwarding screenshot on session 15add8d278b8ce3d9d025e576d0774f2 to remote] DEBUG org.asynchttpclient.netty.request.NettyRequestSender - Using pooled Channel '[id: 0x14f46648, L:/127.0.0.1:61053 - R:localhost/127.0.0.1:51185]' for 'GET' to 'http://localhost:51185/session/15add8d278b8ce3d9d025e576d0774f2/screenshot'
11:11:02.113 [Forwarding screenshot on session 15add8d278b8ce3d9d025e576d0774f2 to remote] DEBUG org.asynchttpclient.netty.request.NettyRequestSender - Using open Channel [id: 0x14f46648, L:/127.0.0.1:61053 - R:localhost/127.0.0.1:51185] for GET '/session/15add8d278b8ce3d9d025e576d0774f2/screenshot'
11:11:02.505 [AsyncHttpClient-1-3] DEBUG org.asynchttpclient.netty.handler.HttpHandler - 

Request DefaultFullHttpRequest(decodeResult: success, version: HTTP/1.1, content: EmptyByteBufBE)
GET /session/15add8d278b8ce3d9d025e576d0774f2/screenshot HTTP/1.1
User-Agent: selenium/4.1.2 (java windows)
Cache-Control: no-cache
Content-Type: application/json; charset=utf-8
host: localhost:51185
accept: */*

Response DefaultHttpResponse(decodeResult: success, version: HTTP/1.1)
HTTP/1.1 500 Internal Server Error
Content-Type: application/json; charset=utf-8
cache-control: no-cache
content-length: 921

11:11:02.506 [AsyncHttpClient-1-3] DEBUG org.asynchttpclient.netty.channel.ChannelManager - Adding key: http://localhost:51185 for channel [id: 0x14f46648, L:/127.0.0.1:61053 - R:localhost/127.0.0.1:51185]
11:11:02.507 [main] WARN net.thucydides.core.webdriver.WebDriverFacade - Failed to take screenshot (unexpected alert open: {Alert text : Data telah ditambah}
  (Session info: chrome=102.0.5005.115): Data telah ditambah
Build info: version: '4.1.2', revision: '9a5a329c5a'
System info: host: 'MOOK-HON', ip: '192.168.100.6', os.name: 'Windows 10', os.arch: 'amd64', os.version: '10.0', java.version: '11.0.14'
Driver info: org.openqa.selenium.chrome.ChromeDriver
Command: [15add8d278b8ce3d9d025e576d0774f2, screenshot {}]
Capabilities {acceptInsecureCerts: false, browserName: chrome, browserVersion: 102.0.5005.115, chrome: {chromedriverVersion: 102.0.5005.61 (0e59bcc00cc4..., userDataDir: C:\Users\ASUS\AppData\Local...}, goog:chromeOptions: {debuggerAddress: localhost:61054}, javascriptEnabled: true, networkConnectionEnabled: false, pageLoadStrategy: normal, platform: WINDOWS, platformName: WINDOWS, proxy: Proxy(), se:cdp: ws://localhost:61054/devtoo..., se:cdpVersion: 102.0.5005.115, setWindowRect: true, strictFileInteractability: false, timeouts: {implicit: 0, pageLoad: 300000, script: 30000}, unhandledPromptBehavior: dismiss and notify, webauthn:extension:credBlob: true, webauthn:extension:largeBlob: true, webauthn:virtualAuthenticators: true}
Session ID: 15add8d278b8ce3d9d025e576d0774f2)
11:11:02.517 [AsyncHttpClient-1-1] DEBUG org.asynchttpclient.netty.channel.DefaultChannelPool - Entry count for : http://localhost:61054 : 1
11:11:02.517 [AsyncHttpClient-1-1] DEBUG org.asynchttpclient.netty.channel.DefaultChannelPool - Entry count for : http://localhost:51185 : 1
11:11:02.529 [Forwarding screenshot on session 15add8d278b8ce3d9d025e576d0774f2 to remote] DEBUG org.asynchttpclient.netty.request.NettyRequestSender - Using pooled Channel '[id: 0x14f46648, L:/127.0.0.1:61053 - R:localhost/127.0.0.1:51185]' for 'GET' to 'http://localhost:51185/session/15add8d278b8ce3d9d025e576d0774f2/screenshot'
11:11:02.530 [Forwarding screenshot on session 15add8d278b8ce3d9d025e576d0774f2 to remote] DEBUG org.asynchttpclient.netty.request.NettyRequestSender - Using open Channel [id: 0x14f46648, L:/127.0.0.1:61053 - R:localhost/127.0.0.1:51185] for GET '/session/15add8d278b8ce3d9d025e576d0774f2/screenshot'
11:11:03.457 [AsyncHttpClient-1-3] DEBUG org.asynchttpclient.netty.handler.HttpHandler - 

Request DefaultFullHttpRequest(decodeResult: success, version: HTTP/1.1, content: EmptyByteBufBE)
GET /session/15add8d278b8ce3d9d025e576d0774f2/screenshot HTTP/1.1
User-Agent: selenium/4.1.2 (java windows)
Cache-Control: no-cache
Content-Type: application/json; charset=utf-8
host: localhost:51185
accept: */*

Response DefaultHttpResponse(decodeResult: success, version: HTTP/1.1)
HTTP/1.1 200 OK
Content-Type: application/json; charset=utf-8
cache-control: no-cache
content-length: 397960

11:11:03.459 [AsyncHttpClient-1-3] DEBUG org.asynchttpclient.netty.channel.ChannelManager - Adding key: http://localhost:51185 for channel [id: 0x14f46648, L:/127.0.0.1:61053 - R:localhost/127.0.0.1:51185]
11:11:03.490 [main] DEBUG net.serenitybdd.core.photography.Darkroom - Send negative for processing for target\site\serenity\cbeceb493b3cc14d3791ff263ea0078986a8fbc23e395c454f06e0ce9a24f68d.png
11:11:03.638 [AsyncHttpClient-1-1] DEBUG org.asynchttpclient.netty.channel.DefaultChannelPool - Entry count for : http://localhost:61054 : 1
11:11:03.638 [AsyncHttpClient-1-1] DEBUG org.asynchttpclient.netty.channel.DefaultChannelPool - Entry count for : http://localhost:51185 : 1
11:11:04.012 [Forwarding screenshot on session 15add8d278b8ce3d9d025e576d0774f2 to remote] DEBUG org.asynchttpclient.netty.request.NettyRequestSender - Using pooled Channel '[id: 0x14f46648, L:/127.0.0.1:61053 - R:localhost/127.0.0.1:51185]' for 'GET' to 'http://localhost:51185/session/15add8d278b8ce3d9d025e576d0774f2/screenshot'
11:11:04.012 [Forwarding screenshot on session 15add8d278b8ce3d9d025e576d0774f2 to remote] DEBUG org.asynchttpclient.netty.request.NettyRequestSender - Using open Channel [id: 0x14f46648, L:/127.0.0.1:61053 - R:localhost/127.0.0.1:51185] for GET '/session/15add8d278b8ce3d9d025e576d0774f2/screenshot'
11:11:04.338 [AsyncHttpClient-1-3] DEBUG org.asynchttpclient.netty.handler.HttpHandler - 

Request DefaultFullHttpRequest(decodeResult: success, version: HTTP/1.1, content: EmptyByteBufBE)
GET /session/15add8d278b8ce3d9d025e576d0774f2/screenshot HTTP/1.1
User-Agent: selenium/4.1.2 (java windows)
Cache-Control: no-cache
Content-Type: application/json; charset=utf-8
host: localhost:51185
accept: */*

Response DefaultHttpResponse(decodeResult: success, version: HTTP/1.1)
HTTP/1.1 200 OK
Content-Type: application/json; charset=utf-8
cache-control: no-cache
content-length: 397960

11:11:04.340 [AsyncHttpClient-1-3] DEBUG org.asynchttpclient.netty.channel.ChannelManager - Adding key: http://localhost:51185 for channel [id: 0x14f46648, L:/127.0.0.1:61053 - R:localhost/127.0.0.1:51185]
11:11:04.366 [main] DEBUG net.serenitybdd.core.photography.Darkroom - Send negative for processing for target\site\serenity\cbeceb493b3cc14d3791ff263ea0078986a8fbc23e395c454f06e0ce9a24f68d.png
11:11:04.367 [main] DEBUG net.thucydides.core.steps.StepInterceptor - STARTING STEP: PatientDataSteps.validDataPasien - checkValidDataPasien
11:11:04.372 [Forwarding findElement on session 15add8d278b8ce3d9d025e576d0774f2 to remote] DEBUG org.asynchttpclient.netty.request.NettyRequestSender - Using pooled Channel '[id: 0x14f46648, L:/127.0.0.1:61053 - R:localhost/127.0.0.1:51185]' for 'POST' to 'http://localhost:51185/session/15add8d278b8ce3d9d025e576d0774f2/element'
11:11:04.372 [Forwarding findElement on session 15add8d278b8ce3d9d025e576d0774f2 to remote] DEBUG org.asynchttpclient.netty.request.NettyRequestSender - Using open Channel [id: 0x14f46648, L:/127.0.0.1:61053 - R:localhost/127.0.0.1:51185] for POST '/session/15add8d278b8ce3d9d025e576d0774f2/element'
11:11:04.401 [AsyncHttpClient-1-3] DEBUG org.asynchttpclient.netty.handler.HttpHandler - 

Request DefaultHttpRequest(decodeResult: success, version: HTTP/1.1)
POST /session/15add8d278b8ce3d9d025e576d0774f2/element HTTP/1.1
User-Agent: selenium/4.1.2 (java windows)
Content-Length: 95
Content-Type: application/json; charset=utf-8
host: localhost:51185
accept: */*

Response DefaultHttpResponse(decodeResult: success, version: HTTP/1.1)
HTTP/1.1 200 OK
Content-Type: application/json; charset=utf-8
cache-control: no-cache
content-length: 88

11:11:04.401 [AsyncHttpClient-1-3] DEBUG org.asynchttpclient.netty.channel.ChannelManager - Adding key: http://localhost:51185 for channel [id: 0x14f46648, L:/127.0.0.1:61053 - R:localhost/127.0.0.1:51185]
11:11:04.402 [Forwarding isElementEnabled on session 15add8d278b8ce3d9d025e576d0774f2 to remote] DEBUG org.asynchttpclient.netty.request.NettyRequestSender - Using pooled Channel '[id: 0x14f46648, L:/127.0.0.1:61053 - R:localhost/127.0.0.1:51185]' for 'GET' to 'http://localhost:51185/session/15add8d278b8ce3d9d025e576d0774f2/element/bf6e695b-648a-4fec-b9ca-31fabd16450a/enabled'
11:11:04.402 [Forwarding isElementEnabled on session 15add8d278b8ce3d9d025e576d0774f2 to remote] DEBUG org.asynchttpclient.netty.request.NettyRequestSender - Using open Channel [id: 0x14f46648, L:/127.0.0.1:61053 - R:localhost/127.0.0.1:51185] for GET '/session/15add8d278b8ce3d9d025e576d0774f2/element/bf6e695b-648a-4fec-b9ca-31fabd16450a/enabled'
11:11:04.421 [AsyncHttpClient-1-3] DEBUG org.asynchttpclient.netty.handler.HttpHandler - 

Request DefaultFullHttpRequest(decodeResult: success, version: HTTP/1.1, content: EmptyByteBufBE)
GET /session/15add8d278b8ce3d9d025e576d0774f2/element/bf6e695b-648a-4fec-b9ca-31fabd16450a/enabled HTTP/1.1
User-Agent: selenium/4.1.2 (java windows)
Cache-Control: no-cache
Content-Type: application/json; charset=utf-8
host: localhost:51185
accept: */*

Response DefaultHttpResponse(decodeResult: success, version: HTTP/1.1)
HTTP/1.1 200 OK
Content-Type: application/json; charset=utf-8
cache-control: no-cache
content-length: 14

11:11:04.421 [AsyncHttpClient-1-3] DEBUG org.asynchttpclient.netty.channel.ChannelManager - Adding key: http://localhost:51185 for channel [id: 0x14f46648, L:/127.0.0.1:61053 - R:localhost/127.0.0.1:51185]
11:11:04.432 [Forwarding screenshot on session 15add8d278b8ce3d9d025e576d0774f2 to remote] DEBUG org.asynchttpclient.netty.request.NettyRequestSender - Using pooled Channel '[id: 0x14f46648, L:/127.0.0.1:61053 - R:localhost/127.0.0.1:51185]' for 'GET' to 'http://localhost:51185/session/15add8d278b8ce3d9d025e576d0774f2/screenshot'
11:11:04.433 [Forwarding screenshot on session 15add8d278b8ce3d9d025e576d0774f2 to remote] DEBUG org.asynchttpclient.netty.request.NettyRequestSender - Using open Channel [id: 0x14f46648, L:/127.0.0.1:61053 - R:localhost/127.0.0.1:51185] for GET '/session/15add8d278b8ce3d9d025e576d0774f2/screenshot'
11:11:04.716 [AsyncHttpClient-1-1] DEBUG org.asynchttpclient.netty.channel.DefaultChannelPool - Entry count for : http://localhost:61054 : 1
11:11:04.782 [AsyncHttpClient-1-3] DEBUG org.asynchttpclient.netty.handler.HttpHandler - 

Request DefaultFullHttpRequest(decodeResult: success, version: HTTP/1.1, content: EmptyByteBufBE)
GET /session/15add8d278b8ce3d9d025e576d0774f2/screenshot HTTP/1.1
User-Agent: selenium/4.1.2 (java windows)
Cache-Control: no-cache
Content-Type: application/json; charset=utf-8
host: localhost:51185
accept: */*

Response DefaultHttpResponse(decodeResult: success, version: HTTP/1.1)
HTTP/1.1 200 OK
Content-Type: application/json; charset=utf-8
cache-control: no-cache
content-length: 397960

11:11:04.784 [AsyncHttpClient-1-3] DEBUG org.asynchttpclient.netty.channel.ChannelManager - Adding key: http://localhost:51185 for channel [id: 0x14f46648, L:/127.0.0.1:61053 - R:localhost/127.0.0.1:51185]
11:11:04.820 [main] DEBUG net.serenitybdd.core.photography.Darkroom - Send negative for processing for target\site\serenity\cbeceb493b3cc14d3791ff263ea0078986a8fbc23e395c454f06e0ce9a24f68d.png
11:11:04.820 [main] DEBUG net.thucydides.core.steps.StepInterceptor - STEP DONE: checkValidDataPasien
  &amp#27;[32mAnd &amp#27;[0m&amp#27;[32mValid data pasien&amp#27;[0m                                          &amp#27;[90m# starter.stepdefinitios.PatientDataSteps.validDataPasien()&amp#27;[0m
11:11:04.856 [AsyncHttpClient-1-5] DEBUG org.asynchttpclient.netty.handler.WebSocketHandler - Channel Closed: [id: 0xb3d76d71, L:/127.0.0.1:61066 ! R:localhost/127.0.0.1:61054] with attribute NettyResponseFuture{currentRetry=5,
	isDone=1,
	isCancelled=0,
	asyncHandler=org.asynchttpclient.ws.WebSocketUpgradeHandler@1521d9,
	nettyRequest=org.asynchttpclient.netty.request.NettyRequest@2d2d9d5e,
	future=java.util.concurrent.CompletableFuture@4ff054d7[Completed normally],
	uri=ws://localhost:61054/devtools/browser/1efe095d-bc62-466d-b1a1-63895b08eaa2,
	keepAlive=true,
	redirectCount=0,
	timeoutsHolder=null,
	inAuth=0,
	touch=1655525451534}
11:11:04.856 [AsyncHttpClient-1-5] DEBUG org.asynchttpclient.netty.channel.ChannelManager - Closing Channel [id: 0xb3d76d71, L:/127.0.0.1:61066 ! R:localhost/127.0.0.1:61054] 
11:11:04.858 [Driver Command Executor] DEBUG org.asynchttpclient.netty.request.NettyRequestSender - Using pooled Channel '[id: 0x14f46648, L:/127.0.0.1:61053 - R:localhost/127.0.0.1:51185]' for 'DELETE' to 'http://localhost:51185/session/15add8d278b8ce3d9d025e576d0774f2'
11:11:04.859 [Driver Command Executor] DEBUG org.asynchttpclient.netty.request.NettyRequestSender - Using open Channel [id: 0x14f46648, L:/127.0.0.1:61053 - R:localhost/127.0.0.1:51185] for DELETE '/session/15add8d278b8ce3d9d025e576d0774f2'
11:11:05.361 [AsyncHttpClient-1-4] DEBUG org.asynchttpclient.netty.handler.HttpHandler - Unexpected I/O exception on channel [id: 0x4bf4fc21, L:/127.0.0.1:61065 - R:localhost/127.0.0.1:61054]
java.io.IOException: An existing connection was forcibly closed by the remote host
	at java.base/sun.nio.ch.SocketDispatcher.read0(Native Method)
	at java.base/sun.nio.ch.SocketDispatcher.read(SocketDispatcher.java:43)
	at java.base/sun.nio.ch.IOUtil.readIntoNativeBuffer(IOUtil.java:276)
	at java.base/sun.nio.ch.IOUtil.read(IOUtil.java:233)
	at java.base/sun.nio.ch.IOUtil.read(IOUtil.java:223)
	at java.base/sun.nio.ch.SocketChannelImpl.read(SocketChannelImpl.java:358)
	at io.netty.buffer.PooledByteBuf.setBytes(PooledByteBuf.java:258)
	at io.netty.buffer.AbstractByteBuf.writeBytes(AbstractByteBuf.java:1132)
	at io.netty.channel.socket.nio.NioSocketChannel.doReadBytes(NioSocketChannel.java:350)
	at io.netty.channel.nio.AbstractNioByteChannel$NioByteUnsafe.read(AbstractNioByteChannel.java:151)
	at io.netty.channel.nio.NioEventLoop.processSelectedKey(NioEventLoop.java:722)
	at io.netty.channel.nio.NioEventLoop.processSelectedKeysOptimized(NioEventLoop.java:658)
	at io.netty.channel.nio.NioEventLoop.processSelectedKeys(NioEventLoop.java:584)
	at io.netty.channel.nio.NioEventLoop.run(NioEventLoop.java:496)
	at io.netty.util.concurrent.SingleThreadEventExecutor$4.run(SingleThreadEventExecutor.java:986)
	at io.netty.util.internal.ThreadExecutorMap$2.run(ThreadExecutorMap.java:74)
	at io.netty.util.concurrent.FastThreadLocalRunnable.run(FastThreadLocalRunnable.java:30)
	at java.base/java.lang.Thread.run(Thread.java:834)
11:11:05.361 [AsyncHttpClient-1-4] DEBUG org.asynchttpclient.netty.channel.ChannelManager - Closing Channel [id: 0x4bf4fc21, L:/127.0.0.1:61065 - R:localhost/127.0.0.1:61054] 
11:11:05.362 [AsyncHttpClient-1-4] DEBUG org.asynchttpclient.netty.handler.HttpHandler - Channel Closed: [id: 0x4bf4fc21, L:/127.0.0.1:61065 ! R:localhost/127.0.0.1:61054] with attribute DISCARD
11:11:05.415 [AsyncHttpClient-1-3] DEBUG org.asynchttpclient.netty.handler.HttpHandler - 

Request DefaultFullHttpRequest(decodeResult: success, version: HTTP/1.1, content: EmptyByteBufBE)
DELETE /session/15add8d278b8ce3d9d025e576d0774f2 HTTP/1.1
User-Agent: selenium/4.1.2 (java windows)
Content-Type: application/json; charset=utf-8
host: localhost:51185
accept: */*

Response DefaultHttpResponse(decodeResult: success, version: HTTP/1.1)
HTTP/1.1 200 OK
Content-Type: application/json; charset=utf-8
cache-control: no-cache
content-length: 14

11:11:05.416 [AsyncHttpClient-1-3] DEBUG org.asynchttpclient.netty.channel.ChannelManager - Adding key: http://localhost:51185 for channel [id: 0x14f46648, L:/127.0.0.1:61053 - R:localhost/127.0.0.1:51185]
11:11:05.813 [AsyncHttpClient-1-1] DEBUG org.asynchttpclient.netty.channel.DefaultChannelPool - Entry count for : http://localhost:61054 : 1
11:11:05.813 [AsyncHttpClient-1-1] DEBUG org.asynchttpclient.netty.channel.DefaultChannelPool - Entry count for : http://localhost:51185 : 1
11:11:05.813 [AsyncHttpClient-1-1] DEBUG org.asynchttpclient.netty.channel.DefaultChannelPool - Adding Candidate expired Channel [id: 0x4bf4fc21, L:/127.0.0.1:61065 ! R:localhost/127.0.0.1:61054] isIdleTimeoutExpired=false isRemotelyClosed=true isTtlExpired=false
11:11:05.813 [AsyncHttpClient-1-1] DEBUG org.asynchttpclient.netty.channel.DefaultChannelPool - Closing Idle Channel [id: 0x4bf4fc21, L:/127.0.0.1:61065 ! R:localhost/127.0.0.1:61054]
11:11:05.813 [AsyncHttpClient-1-1] DEBUG org.asynchttpclient.netty.channel.DefaultChannelPool - Closed 1 connections out of 2 in 0 ms
11:11:05.907 [AsyncHttpClient-1-3] DEBUG org.asynchttpclient.netty.handler.HttpHandler - Channel Closed: [id: 0x14f46648, L:/127.0.0.1:61053 ! R:localhost/127.0.0.1:51185] with attribute DISCARD
]]></system-out>
    <system-err><![CDATA[Starting ChromeDriver 102.0.5005.61 (0e59bcc00cc4985ce39ad31c150065f159d95ad3-refs/branch-heads/5005@{#819}) on port 51185
Only local connections are allowed.
Please see https://chromedriver.chromium.org/security-considerations for suggestions on keeping ChromeDriver safe.
ChromeDriver was started successfully.
Jun 18, 2022 11:10:51 AM org.openqa.selenium.remote.ProtocolHandshake createSession
INFO: Detected dialect: W3C
Jun 18, 2022 11:10:51 AM org.openqa.selenium.devtools.CdpVersionFinder findNearestMatch
WARNING: Unable to find an exact match for CDP version 102, so returning the closest version found: a no-op implementation
Jun 18, 2022 11:10:51 AM org.openqa.selenium.devtools.CdpVersionFinder findNearestMatch
INFO: Unable to find CDP implementation matching 102.
Jun 18, 2022 11:10:51 AM org.openqa.selenium.chromium.ChromiumDriver lambda$new$3
WARNING: Unable to find version of CDP to use for . You may need to include a dependency on a specific version of the CDP using something similar to `org.seleniumhq.selenium:selenium-devtools-v86:4.1.2` where the version ("v86") matches the version of the chromium-based browser you're using and the version number of the artifact is the same as Selenium's.
[1655525462.075][WARNING]: unexpected alert open: {Alert text : Data telah ditambah}, cancelling screenshot
]]></system-err>
  </testcase>
  <testcase name="As a admin i want to add data pasien #4" classname="Add Data Pasien - Admin" time="17.61">
    <system-out><![CDATA[
@AddDataPasien @AddPatientDataWithJK
Scenario Outline: As a admin i want to add data pasien                   &amp#27;[90m# src/test/resources/features/AddDataPasien.feature:17&amp#27;[0m
11:11:06.467 [main] INFO io.cucumber.core.plugin.SerenityReporter - Running feature from file:///D:/New%20folder%20(2)/Capstone/Testing/src/test/resources/features/AddDataPasien.feature
11:11:06.551 [main] DEBUG net.thucydides.core.steps.StepInterceptor - STARTING STEP: PatientDataSteps.openPageDataPasien - openDataPasien
11:11:06.555 [main] INFO net.serenitybdd.core.webdriver.driverproviders.ChromeDriverProvider - Using automatically driver download
11:11:06.921 [AsyncHttpClient-1-1] DEBUG org.asynchttpclient.netty.channel.DefaultChannelPool - Entry count for : http://localhost:51185 : 1
11:11:06.921 [AsyncHttpClient-1-1] DEBUG org.asynchttpclient.netty.channel.DefaultChannelPool - Adding Candidate expired Channel [id: 0x14f46648, L:/127.0.0.1:61053 ! R:localhost/127.0.0.1:51185] isIdleTimeoutExpired=false isRemotelyClosed=true isTtlExpired=false
11:11:06.921 [AsyncHttpClient-1-1] DEBUG org.asynchttpclient.netty.channel.DefaultChannelPool - Closing Idle Channel [id: 0x14f46648, L:/127.0.0.1:61053 ! R:localhost/127.0.0.1:51185]
11:11:06.921 [AsyncHttpClient-1-1] DEBUG org.asynchttpclient.netty.channel.DefaultChannelPool - Closed 1 connections out of 1 in 0 ms
11:11:06.952 [main] DEBUG io.github.bonigarcia.wdm.cache.ResolutionCache - Resolution chrome=102 in cache (valid until 12:10:27 18/06/2022 ICT)
11:11:07.011 [main] DEBUG io.github.bonigarcia.wdm.cache.ResolutionCache - Resolution chrome102=102.0.5005.61 in cache (valid until 19:49:35 18/06/2022 ICT)
11:11:07.019 [main] INFO io.github.bonigarcia.wdm.WebDriverManager - Using chromedriver 102.0.5005.61 (resolved driver for Chrome 102)
11:11:07.073 [main] DEBUG io.github.bonigarcia.wdm.WebDriverManager - Driver chromedriver 102.0.5005.61 found in cache
11:11:07.074 [main] INFO io.github.bonigarcia.wdm.WebDriverManager - Exporting webdriver.chrome.driver as C:\Users\ASUS\.cache\selenium\chromedriver\win32\102.0.5005.61\chromedriver.exe
11:11:07.327 [main] DEBUG net.serenitybdd.core.webdriver.driverproviders.ProvideNewDriver - Instantiating driver
11:11:07.327 [main] DEBUG net.serenitybdd.core.webdriver.driverproviders.ProvideNewDriver - Driver capabilities: Capabilities {acceptInsecureCerts: false, base.url: https://fanciful-trifle-360..., browserName: chrome, chore.driver: src/test/resources/webdrive..., driver: chrome, goog:chromeOptions: {args: [], extensions: []}}
11:11:07.907 [AsyncHttpClient-1-6] DEBUG org.asynchttpclient.netty.channel.NettyConnectListener - Using new Channel '[id: 0x478077ef, L:/127.0.0.1:61096 - R:localhost/127.0.0.1:52296]' for 'POST' to '/session'
11:11:09.943 [AsyncHttpClient-1-6] DEBUG org.asynchttpclient.netty.handler.HttpHandler - 

Request DefaultHttpRequest(decodeResult: success, version: HTTP/1.1)
POST /session HTTP/1.1
User-Agent: selenium/4.1.2 (java windows)
Content-Length: 628
Content-Type: application/json; charset=utf-8
host: localhost:52296
accept: */*

Response DefaultHttpResponse(decodeResult: success, version: HTTP/1.1)
HTTP/1.1 200 OK
Content-Type: application/json; charset=utf-8
cache-control: no-cache
content-length: 789

11:11:09.943 [AsyncHttpClient-1-6] DEBUG org.asynchttpclient.netty.channel.ChannelManager - Adding key: http://localhost:52296 for channel [id: 0x478077ef, L:/127.0.0.1:61096 - R:localhost/127.0.0.1:52296]
11:11:09.977 [AsyncHttpClient-1-7] DEBUG org.asynchttpclient.netty.channel.NettyConnectListener - Using new Channel '[id: 0x12fb3b08, L:/127.0.0.1:61112 - R:localhost/127.0.0.1:61100]' for 'GET' to '/json/version'
11:11:09.984 [AsyncHttpClient-1-7] DEBUG org.asynchttpclient.netty.handler.HttpHandler - 

Request DefaultFullHttpRequest(decodeResult: success, version: HTTP/1.1, content: EmptyByteBufBE)
GET /json/version HTTP/1.1
User-Agent: selenium/4.1.2 (java windows)
host: localhost:61100
accept: */*

Response DefaultHttpResponse(decodeResult: success, version: HTTP/1.1)
HTTP/1.1 200 OK
Content-Type: application/json; charset=UTF-8
content-length: 428

11:11:09.984 [AsyncHttpClient-1-7] DEBUG org.asynchttpclient.netty.channel.ChannelManager - Adding key: http://localhost:61100 for channel [id: 0x12fb3b08, L:/127.0.0.1:61112 - R:localhost/127.0.0.1:61100]
11:11:09.990 [AsyncHttpClient-1-8] DEBUG org.asynchttpclient.netty.channel.NettyConnectListener - Using new Channel '[id: 0xb0b79245, L:/127.0.0.1:61113 - R:localhost/127.0.0.1:61100]' for 'GET' to '/devtools/browser/71fb1ce2-9964-4c0e-a90c-1220bd648f19'
11:11:10.021 [AsyncHttpClient-1-8] DEBUG org.asynchttpclient.netty.handler.WebSocketHandler - 

Request DefaultFullHttpRequest(decodeResult: success, version: HTTP/1.1, content: EmptyByteBufBE)
GET /devtools/browser/71fb1ce2-9964-4c0e-a90c-1220bd648f19 HTTP/1.1
upgrade: websocket
connection: upgrade
sec-websocket-key: QGbuBj+XsrunJ9IUgG/8tg==
sec-websocket-version: 13
origin: http://localhost:61100
host: localhost:61100
accept: */*
user-agent: AHC/2.1

Response DefaultHttpResponse(decodeResult: success, version: HTTP/1.1)
HTTP/1.1 101 WebSocket Protocol Handshake
Upgrade: WebSocket
Connection: Upgrade
Sec-WebSocket-Accept: qST0Z/qLpTz3VSAIcHMKO+qk1Ag=

11:11:10.036 [Forwarding get on session 0096195de075bda74ad17cbe45154cbd to remote] DEBUG org.asynchttpclient.netty.request.NettyRequestSender - Using pooled Channel '[id: 0x478077ef, L:/127.0.0.1:61096 - R:localhost/127.0.0.1:52296]' for 'POST' to 'http://localhost:52296/session/0096195de075bda74ad17cbe45154cbd/url'
11:11:10.036 [Forwarding get on session 0096195de075bda74ad17cbe45154cbd to remote] DEBUG org.asynchttpclient.netty.request.NettyRequestSender - Using open Channel [id: 0x478077ef, L:/127.0.0.1:61096 - R:localhost/127.0.0.1:52296] for POST '/session/0096195de075bda74ad17cbe45154cbd/url'
11:11:10.222 [AsyncHttpClient-1-1] DEBUG org.asynchttpclient.netty.channel.DefaultChannelPool - Entry count for : http://localhost:61100 : 1
11:11:11.322 [AsyncHttpClient-1-1] DEBUG org.asynchttpclient.netty.channel.DefaultChannelPool - Entry count for : http://localhost:61100 : 1
11:11:11.644 [AsyncHttpClient-1-6] DEBUG org.asynchttpclient.netty.handler.HttpHandler - 

Request DefaultHttpRequest(decodeResult: success, version: HTTP/1.1)
POST /session/0096195de075bda74ad17cbe45154cbd/url HTTP/1.1
User-Agent: selenium/4.1.2 (java windows)
Content-Length: 84
Content-Type: application/json; charset=utf-8
host: localhost:52296
accept: */*

Response DefaultHttpResponse(decodeResult: success, version: HTTP/1.1)
HTTP/1.1 200 OK
Content-Type: application/json; charset=utf-8
cache-control: no-cache
content-length: 14

11:11:11.645 [AsyncHttpClient-1-6] DEBUG org.asynchttpclient.netty.channel.ChannelManager - Adding key: http://localhost:52296 for channel [id: 0x478077ef, L:/127.0.0.1:61096 - R:localhost/127.0.0.1:52296]
11:11:11.651 [Forwarding setTimeout on session 0096195de075bda74ad17cbe45154cbd to remote] DEBUG org.asynchttpclient.netty.request.NettyRequestSender - Using pooled Channel '[id: 0x478077ef, L:/127.0.0.1:61096 - R:localhost/127.0.0.1:52296]' for 'POST' to 'http://localhost:52296/session/0096195de075bda74ad17cbe45154cbd/timeouts'
11:11:11.652 [Forwarding setTimeout on session 0096195de075bda74ad17cbe45154cbd to remote] DEBUG org.asynchttpclient.netty.request.NettyRequestSender - Using open Channel [id: 0x478077ef, L:/127.0.0.1:61096 - R:localhost/127.0.0.1:52296] for POST '/session/0096195de075bda74ad17cbe45154cbd/timeouts'
11:11:11.655 [AsyncHttpClient-1-6] DEBUG org.asynchttpclient.netty.handler.HttpHandler - 

Request DefaultHttpRequest(decodeResult: success, version: HTTP/1.1)
POST /session/0096195de075bda74ad17cbe45154cbd/timeouts HTTP/1.1
User-Agent: selenium/4.1.2 (java windows)
Content-Length: 22
Content-Type: application/json; charset=utf-8
host: localhost:52296
accept: */*

Response DefaultHttpResponse(decodeResult: success, version: HTTP/1.1)
HTTP/1.1 200 OK
Content-Type: application/json; charset=utf-8
cache-control: no-cache
content-length: 14

11:11:11.655 [AsyncHttpClient-1-6] DEBUG org.asynchttpclient.netty.channel.ChannelManager - Adding key: http://localhost:52296 for channel [id: 0x478077ef, L:/127.0.0.1:61096 - R:localhost/127.0.0.1:52296]
11:11:11.663 [Forwarding getCurrentUrl on session 0096195de075bda74ad17cbe45154cbd to remote] DEBUG org.asynchttpclient.netty.request.NettyRequestSender - Using pooled Channel '[id: 0x478077ef, L:/127.0.0.1:61096 - R:localhost/127.0.0.1:52296]' for 'GET' to 'http://localhost:52296/session/0096195de075bda74ad17cbe45154cbd/url'
11:11:11.663 [Forwarding getCurrentUrl on session 0096195de075bda74ad17cbe45154cbd to remote] DEBUG org.asynchttpclient.netty.request.NettyRequestSender - Using open Channel [id: 0x478077ef, L:/127.0.0.1:61096 - R:localhost/127.0.0.1:52296] for GET '/session/0096195de075bda74ad17cbe45154cbd/url'
11:11:11.701 [AsyncHttpClient-1-6] DEBUG org.asynchttpclient.netty.handler.HttpHandler - 

Request DefaultFullHttpRequest(decodeResult: success, version: HTTP/1.1, content: EmptyByteBufBE)
GET /session/0096195de075bda74ad17cbe45154cbd/url HTTP/1.1
User-Agent: selenium/4.1.2 (java windows)
Cache-Control: no-cache
Content-Type: application/json; charset=utf-8
host: localhost:52296
accept: */*

Response DefaultHttpResponse(decodeResult: success, version: HTTP/1.1)
HTTP/1.1 200 OK
Content-Type: application/json; charset=utf-8
cache-control: no-cache
content-length: 66

11:11:11.701 [AsyncHttpClient-1-6] DEBUG org.asynchttpclient.netty.channel.ChannelManager - Adding key: http://localhost:52296 for channel [id: 0x478077ef, L:/127.0.0.1:61096 - R:localhost/127.0.0.1:52296]
11:11:11.717 [Forwarding screenshot on session 0096195de075bda74ad17cbe45154cbd to remote] DEBUG org.asynchttpclient.netty.request.NettyRequestSender - Using pooled Channel '[id: 0x478077ef, L:/127.0.0.1:61096 - R:localhost/127.0.0.1:52296]' for 'GET' to 'http://localhost:52296/session/0096195de075bda74ad17cbe45154cbd/screenshot'
11:11:11.717 [Forwarding screenshot on session 0096195de075bda74ad17cbe45154cbd to remote] DEBUG org.asynchttpclient.netty.request.NettyRequestSender - Using open Channel [id: 0x478077ef, L:/127.0.0.1:61096 - R:localhost/127.0.0.1:52296] for GET '/session/0096195de075bda74ad17cbe45154cbd/screenshot'
11:11:12.414 [AsyncHttpClient-1-1] DEBUG org.asynchttpclient.netty.channel.DefaultChannelPool - Entry count for : http://localhost:61100 : 1
11:11:12.808 [AsyncHttpClient-1-6] DEBUG org.asynchttpclient.netty.handler.HttpHandler - 

Request DefaultFullHttpRequest(decodeResult: success, version: HTTP/1.1, content: EmptyByteBufBE)
GET /session/0096195de075bda74ad17cbe45154cbd/screenshot HTTP/1.1
User-Agent: selenium/4.1.2 (java windows)
Cache-Control: no-cache
Content-Type: application/json; charset=utf-8
host: localhost:52296
accept: */*

Response DefaultHttpResponse(decodeResult: success, version: HTTP/1.1)
HTTP/1.1 200 OK
Content-Type: application/json; charset=utf-8
cache-control: no-cache
content-length: 66608

11:11:12.811 [AsyncHttpClient-1-6] DEBUG org.asynchttpclient.netty.channel.ChannelManager - Adding key: http://localhost:52296 for channel [id: 0x478077ef, L:/127.0.0.1:61096 - R:localhost/127.0.0.1:52296]
11:11:12.822 [main] DEBUG net.serenitybdd.core.photography.Darkroom - Send negative for processing for target\site\serenity\3b111ae00db26295d7ecbde886ea4451aead6619240013077047abd82e88d678.png
11:11:12.822 [main] DEBUG net.thucydides.core.steps.StepInterceptor - STEP DONE: openDataPasien
  &amp#27;[32mGiven &amp#27;[0m&amp#27;[32mOpen page data pasien&amp#27;[0m                                            &amp#27;[90m# starter.stepdefinitios.PatientDataSteps.openPageDataPasien()&amp#27;[0m
11:11:12.868 [main] DEBUG net.thucydides.core.steps.StepInterceptor - STARTING STEP: PatientDataSteps.clickButtonTambahData - clickButtonTambah
11:11:12.874 [Forwarding findElement on session 0096195de075bda74ad17cbe45154cbd to remote] DEBUG org.asynchttpclient.netty.request.NettyRequestSender - Using pooled Channel '[id: 0x478077ef, L:/127.0.0.1:61096 - R:localhost/127.0.0.1:52296]' for 'POST' to 'http://localhost:52296/session/0096195de075bda74ad17cbe45154cbd/element'
11:11:12.874 [Forwarding findElement on session 0096195de075bda74ad17cbe45154cbd to remote] DEBUG org.asynchttpclient.netty.request.NettyRequestSender - Using open Channel [id: 0x478077ef, L:/127.0.0.1:61096 - R:localhost/127.0.0.1:52296] for POST '/session/0096195de075bda74ad17cbe45154cbd/element'
11:11:12.904 [AsyncHttpClient-1-6] DEBUG org.asynchttpclient.netty.handler.HttpHandler - 

Request DefaultHttpRequest(decodeResult: success, version: HTTP/1.1)
POST /session/0096195de075bda74ad17cbe45154cbd/element HTTP/1.1
User-Agent: selenium/4.1.2 (java windows)
Content-Length: 109
Content-Type: application/json; charset=utf-8
host: localhost:52296
accept: */*

Response DefaultHttpResponse(decodeResult: success, version: HTTP/1.1)
HTTP/1.1 200 OK
Content-Type: application/json; charset=utf-8
cache-control: no-cache
content-length: 88

11:11:12.905 [AsyncHttpClient-1-6] DEBUG org.asynchttpclient.netty.channel.ChannelManager - Adding key: http://localhost:52296 for channel [id: 0x478077ef, L:/127.0.0.1:61096 - R:localhost/127.0.0.1:52296]
11:11:12.907 [Forwarding getElementTagName on session 0096195de075bda74ad17cbe45154cbd to remote] DEBUG org.asynchttpclient.netty.request.NettyRequestSender - Using pooled Channel '[id: 0x478077ef, L:/127.0.0.1:61096 - R:localhost/127.0.0.1:52296]' for 'GET' to 'http://localhost:52296/session/0096195de075bda74ad17cbe45154cbd/element/ee3d4630-7e65-4b9d-babb-313bd7bf220e/name'
11:11:12.907 [Forwarding getElementTagName on session 0096195de075bda74ad17cbe45154cbd to remote] DEBUG org.asynchttpclient.netty.request.NettyRequestSender - Using open Channel [id: 0x478077ef, L:/127.0.0.1:61096 - R:localhost/127.0.0.1:52296] for GET '/session/0096195de075bda74ad17cbe45154cbd/element/ee3d4630-7e65-4b9d-babb-313bd7bf220e/name'
11:11:12.919 [AsyncHttpClient-1-6] DEBUG org.asynchttpclient.netty.handler.HttpHandler - 

Request DefaultFullHttpRequest(decodeResult: success, version: HTTP/1.1, content: EmptyByteBufBE)
GET /session/0096195de075bda74ad17cbe45154cbd/element/ee3d4630-7e65-4b9d-babb-313bd7bf220e/name HTTP/1.1
User-Agent: selenium/4.1.2 (java windows)
Cache-Control: no-cache
Content-Type: application/json; charset=utf-8
host: localhost:52296
accept: */*

Response DefaultHttpResponse(decodeResult: success, version: HTTP/1.1)
HTTP/1.1 200 OK
Content-Type: application/json; charset=utf-8
cache-control: no-cache
content-length: 18

11:11:12.919 [AsyncHttpClient-1-6] DEBUG org.asynchttpclient.netty.channel.ChannelManager - Adding key: http://localhost:52296 for channel [id: 0x478077ef, L:/127.0.0.1:61096 - R:localhost/127.0.0.1:52296]
11:11:12.921 [Forwarding getElementTagName on session 0096195de075bda74ad17cbe45154cbd to remote] DEBUG org.asynchttpclient.netty.request.NettyRequestSender - Using pooled Channel '[id: 0x478077ef, L:/127.0.0.1:61096 - R:localhost/127.0.0.1:52296]' for 'GET' to 'http://localhost:52296/session/0096195de075bda74ad17cbe45154cbd/element/ee3d4630-7e65-4b9d-babb-313bd7bf220e/name'
11:11:12.922 [Forwarding getElementTagName on session 0096195de075bda74ad17cbe45154cbd to remote] DEBUG org.asynchttpclient.netty.request.NettyRequestSender - Using open Channel [id: 0x478077ef, L:/127.0.0.1:61096 - R:localhost/127.0.0.1:52296] for GET '/session/0096195de075bda74ad17cbe45154cbd/element/ee3d4630-7e65-4b9d-babb-313bd7bf220e/name'
11:11:12.929 [AsyncHttpClient-1-6] DEBUG org.asynchttpclient.netty.handler.HttpHandler - 

Request DefaultFullHttpRequest(decodeResult: success, version: HTTP/1.1, content: EmptyByteBufBE)
GET /session/0096195de075bda74ad17cbe45154cbd/element/ee3d4630-7e65-4b9d-babb-313bd7bf220e/name HTTP/1.1
User-Agent: selenium/4.1.2 (java windows)
Cache-Control: no-cache
Content-Type: application/json; charset=utf-8
host: localhost:52296
accept: */*

Response DefaultHttpResponse(decodeResult: success, version: HTTP/1.1)
HTTP/1.1 200 OK
Content-Type: application/json; charset=utf-8
cache-control: no-cache
content-length: 18

11:11:12.929 [AsyncHttpClient-1-6] DEBUG org.asynchttpclient.netty.channel.ChannelManager - Adding key: http://localhost:52296 for channel [id: 0x478077ef, L:/127.0.0.1:61096 - R:localhost/127.0.0.1:52296]
11:11:12.933 [Forwarding isElementEnabled on session 0096195de075bda74ad17cbe45154cbd to remote] DEBUG org.asynchttpclient.netty.request.NettyRequestSender - Using pooled Channel '[id: 0x478077ef, L:/127.0.0.1:61096 - R:localhost/127.0.0.1:52296]' for 'GET' to 'http://localhost:52296/session/0096195de075bda74ad17cbe45154cbd/element/ee3d4630-7e65-4b9d-babb-313bd7bf220e/enabled'
11:11:12.933 [Forwarding isElementEnabled on session 0096195de075bda74ad17cbe45154cbd to remote] DEBUG org.asynchttpclient.netty.request.NettyRequestSender - Using open Channel [id: 0x478077ef, L:/127.0.0.1:61096 - R:localhost/127.0.0.1:52296] for GET '/session/0096195de075bda74ad17cbe45154cbd/element/ee3d4630-7e65-4b9d-babb-313bd7bf220e/enabled'
11:11:12.963 [AsyncHttpClient-1-6] DEBUG org.asynchttpclient.netty.handler.HttpHandler - 

Request DefaultFullHttpRequest(decodeResult: success, version: HTTP/1.1, content: EmptyByteBufBE)
GET /session/0096195de075bda74ad17cbe45154cbd/element/ee3d4630-7e65-4b9d-babb-313bd7bf220e/enabled HTTP/1.1
User-Agent: selenium/4.1.2 (java windows)
Cache-Control: no-cache
Content-Type: application/json; charset=utf-8
host: localhost:52296
accept: */*

Response DefaultHttpResponse(decodeResult: success, version: HTTP/1.1)
HTTP/1.1 200 OK
Content-Type: application/json; charset=utf-8
cache-control: no-cache
content-length: 14

11:11:12.963 [AsyncHttpClient-1-6] DEBUG org.asynchttpclient.netty.channel.ChannelManager - Adding key: http://localhost:52296 for channel [id: 0x478077ef, L:/127.0.0.1:61096 - R:localhost/127.0.0.1:52296]
11:11:12.965 [Forwarding isElementEnabled on session 0096195de075bda74ad17cbe45154cbd to remote] DEBUG org.asynchttpclient.netty.request.NettyRequestSender - Using pooled Channel '[id: 0x478077ef, L:/127.0.0.1:61096 - R:localhost/127.0.0.1:52296]' for 'GET' to 'http://localhost:52296/session/0096195de075bda74ad17cbe45154cbd/element/ee3d4630-7e65-4b9d-babb-313bd7bf220e/enabled'
11:11:12.965 [Forwarding isElementEnabled on session 0096195de075bda74ad17cbe45154cbd to remote] DEBUG org.asynchttpclient.netty.request.NettyRequestSender - Using open Channel [id: 0x478077ef, L:/127.0.0.1:61096 - R:localhost/127.0.0.1:52296] for GET '/session/0096195de075bda74ad17cbe45154cbd/element/ee3d4630-7e65-4b9d-babb-313bd7bf220e/enabled'
11:11:12.984 [AsyncHttpClient-1-6] DEBUG org.asynchttpclient.netty.handler.HttpHandler - 

Request DefaultFullHttpRequest(decodeResult: success, version: HTTP/1.1, content: EmptyByteBufBE)
GET /session/0096195de075bda74ad17cbe45154cbd/element/ee3d4630-7e65-4b9d-babb-313bd7bf220e/enabled HTTP/1.1
User-Agent: selenium/4.1.2 (java windows)
Cache-Control: no-cache
Content-Type: application/json; charset=utf-8
host: localhost:52296
accept: */*

Response DefaultHttpResponse(decodeResult: success, version: HTTP/1.1)
HTTP/1.1 200 OK
Content-Type: application/json; charset=utf-8
cache-control: no-cache
content-length: 14

11:11:12.984 [AsyncHttpClient-1-6] DEBUG org.asynchttpclient.netty.channel.ChannelManager - Adding key: http://localhost:52296 for channel [id: 0x478077ef, L:/127.0.0.1:61096 - R:localhost/127.0.0.1:52296]
11:11:12.987 [Forwarding findElement on session 0096195de075bda74ad17cbe45154cbd to remote] DEBUG org.asynchttpclient.netty.request.NettyRequestSender - Using pooled Channel '[id: 0x478077ef, L:/127.0.0.1:61096 - R:localhost/127.0.0.1:52296]' for 'POST' to 'http://localhost:52296/session/0096195de075bda74ad17cbe45154cbd/element'
11:11:12.987 [Forwarding findElement on session 0096195de075bda74ad17cbe45154cbd to remote] DEBUG org.asynchttpclient.netty.request.NettyRequestSender - Using open Channel [id: 0x478077ef, L:/127.0.0.1:61096 - R:localhost/127.0.0.1:52296] for POST '/session/0096195de075bda74ad17cbe45154cbd/element'
11:11:13.007 [AsyncHttpClient-1-6] DEBUG org.asynchttpclient.netty.handler.HttpHandler - 

Request DefaultHttpRequest(decodeResult: success, version: HTTP/1.1)
POST /session/0096195de075bda74ad17cbe45154cbd/element HTTP/1.1
User-Agent: selenium/4.1.2 (java windows)
Content-Length: 109
Content-Type: application/json; charset=utf-8
host: localhost:52296
accept: */*

Response DefaultHttpResponse(decodeResult: success, version: HTTP/1.1)
HTTP/1.1 200 OK
Content-Type: application/json; charset=utf-8
cache-control: no-cache
content-length: 88

11:11:13.007 [AsyncHttpClient-1-6] DEBUG org.asynchttpclient.netty.channel.ChannelManager - Adding key: http://localhost:52296 for channel [id: 0x478077ef, L:/127.0.0.1:61096 - R:localhost/127.0.0.1:52296]
11:11:13.009 [Forwarding clickElement on session 0096195de075bda74ad17cbe45154cbd to remote] DEBUG org.asynchttpclient.netty.request.NettyRequestSender - Using pooled Channel '[id: 0x478077ef, L:/127.0.0.1:61096 - R:localhost/127.0.0.1:52296]' for 'POST' to 'http://localhost:52296/session/0096195de075bda74ad17cbe45154cbd/element/ee3d4630-7e65-4b9d-babb-313bd7bf220e/click'
11:11:13.009 [Forwarding clickElement on session 0096195de075bda74ad17cbe45154cbd to remote] DEBUG org.asynchttpclient.netty.request.NettyRequestSender - Using open Channel [id: 0x478077ef, L:/127.0.0.1:61096 - R:localhost/127.0.0.1:52296] for POST '/session/0096195de075bda74ad17cbe45154cbd/element/ee3d4630-7e65-4b9d-babb-313bd7bf220e/click'
11:11:13.355 [AsyncHttpClient-1-6] DEBUG org.asynchttpclient.netty.handler.HttpHandler - 

Request DefaultHttpRequest(decodeResult: success, version: HTTP/1.1)
POST /session/0096195de075bda74ad17cbe45154cbd/element/ee3d4630-7e65-4b9d-babb-313bd7bf220e/click HTTP/1.1
User-Agent: selenium/4.1.2 (java windows)
Content-Length: 50
Content-Type: application/json; charset=utf-8
host: localhost:52296
accept: */*

Response DefaultHttpResponse(decodeResult: success, version: HTTP/1.1)
HTTP/1.1 200 OK
Content-Type: application/json; charset=utf-8
cache-control: no-cache
content-length: 14

11:11:13.355 [AsyncHttpClient-1-6] DEBUG org.asynchttpclient.netty.channel.ChannelManager - Adding key: http://localhost:52296 for channel [id: 0x478077ef, L:/127.0.0.1:61096 - R:localhost/127.0.0.1:52296]
11:11:13.383 [Forwarding screenshot on session 0096195de075bda74ad17cbe45154cbd to remote] DEBUG org.asynchttpclient.netty.request.NettyRequestSender - Using pooled Channel '[id: 0x478077ef, L:/127.0.0.1:61096 - R:localhost/127.0.0.1:52296]' for 'GET' to 'http://localhost:52296/session/0096195de075bda74ad17cbe45154cbd/screenshot'
11:11:13.384 [Forwarding screenshot on session 0096195de075bda74ad17cbe45154cbd to remote] DEBUG org.asynchttpclient.netty.request.NettyRequestSender - Using open Channel [id: 0x478077ef, L:/127.0.0.1:61096 - R:localhost/127.0.0.1:52296] for GET '/session/0096195de075bda74ad17cbe45154cbd/screenshot'
11:11:13.517 [AsyncHttpClient-1-1] DEBUG org.asynchttpclient.netty.channel.DefaultChannelPool - Entry count for : http://localhost:61100 : 1
11:11:13.913 [AsyncHttpClient-1-6] DEBUG org.asynchttpclient.netty.handler.HttpHandler - 

Request DefaultFullHttpRequest(decodeResult: success, version: HTTP/1.1, content: EmptyByteBufBE)
GET /session/0096195de075bda74ad17cbe45154cbd/screenshot HTTP/1.1
User-Agent: selenium/4.1.2 (java windows)
Cache-Control: no-cache
Content-Type: application/json; charset=utf-8
host: localhost:52296
accept: */*

Response DefaultHttpResponse(decodeResult: success, version: HTTP/1.1)
HTTP/1.1 200 OK
Content-Type: application/json; charset=utf-8
cache-control: no-cache
content-length: 65512

11:11:13.913 [AsyncHttpClient-1-6] DEBUG org.asynchttpclient.netty.channel.ChannelManager - Adding key: http://localhost:52296 for channel [id: 0x478077ef, L:/127.0.0.1:61096 - R:localhost/127.0.0.1:52296]
11:11:13.918 [main] DEBUG net.serenitybdd.core.photography.Darkroom - Send negative for processing for target\site\serenity\ec40dcb3956ed215bc6d6fc4f45da232b5548583d74be849d912810fa640f498.png
11:11:13.919 [main] DEBUG net.thucydides.core.steps.StepInterceptor - STEP DONE: clickButtonTambah
  &amp#27;[32mWhen &amp#27;[0m&amp#27;[32mClick button tambah data&amp#27;[0m                                          &amp#27;[90m# starter.stepdefinitios.PatientDataSteps.clickButtonTambahData()&amp#27;[0m
11:11:13.920 [Darkroom Processing Line] DEBUG net.serenitybdd.core.photography.DarkroomProcessingLine - Processing screenshot image in /var/screenshots/screenshot-3765402396972658323
11:11:13.920 [Darkroom Processing Line] DEBUG net.serenitybdd.core.photography.DarkroomProcessingLine - Saving screenshot to target\site\serenity\ec40dcb3956ed215bc6d6fc4f45da232b5548583d74be849d912810fa640f498.png
11:11:14.471 [Forwarding screenshot on session 0096195de075bda74ad17cbe45154cbd to remote] DEBUG org.asynchttpclient.netty.request.NettyRequestSender - Using pooled Channel '[id: 0x478077ef, L:/127.0.0.1:61096 - R:localhost/127.0.0.1:52296]' for 'GET' to 'http://localhost:52296/session/0096195de075bda74ad17cbe45154cbd/screenshot'
11:11:14.471 [Forwarding screenshot on session 0096195de075bda74ad17cbe45154cbd to remote] DEBUG org.asynchttpclient.netty.request.NettyRequestSender - Using open Channel [id: 0x478077ef, L:/127.0.0.1:61096 - R:localhost/127.0.0.1:52296] for GET '/session/0096195de075bda74ad17cbe45154cbd/screenshot'
11:11:14.613 [AsyncHttpClient-1-1] DEBUG org.asynchttpclient.netty.channel.DefaultChannelPool - Entry count for : http://localhost:61100 : 1
11:11:14.801 [AsyncHttpClient-1-6] DEBUG org.asynchttpclient.netty.handler.HttpHandler - 

Request DefaultFullHttpRequest(decodeResult: success, version: HTTP/1.1, content: EmptyByteBufBE)
GET /session/0096195de075bda74ad17cbe45154cbd/screenshot HTTP/1.1
User-Agent: selenium/4.1.2 (java windows)
Cache-Control: no-cache
Content-Type: application/json; charset=utf-8
host: localhost:52296
accept: */*

Response DefaultHttpResponse(decodeResult: success, version: HTTP/1.1)
HTTP/1.1 200 OK
Content-Type: application/json; charset=utf-8
cache-control: no-cache
content-length: 397960

11:11:14.802 [AsyncHttpClient-1-6] DEBUG org.asynchttpclient.netty.channel.ChannelManager - Adding key: http://localhost:52296 for channel [id: 0x478077ef, L:/127.0.0.1:61096 - R:localhost/127.0.0.1:52296]
11:11:14.831 [main] DEBUG net.serenitybdd.core.photography.Darkroom - Send negative for processing for target\site\serenity\cbeceb493b3cc14d3791ff263ea0078986a8fbc23e395c454f06e0ce9a24f68d.png
11:11:14.831 [main] DEBUG net.thucydides.core.steps.StepInterceptor - STARTING STEP: PatientDataSteps.iInput - inputDataPasien
11:11:14.836 [Forwarding findElement on session 0096195de075bda74ad17cbe45154cbd to remote] DEBUG org.asynchttpclient.netty.request.NettyRequestSender - Using pooled Channel '[id: 0x478077ef, L:/127.0.0.1:61096 - R:localhost/127.0.0.1:52296]' for 'POST' to 'http://localhost:52296/session/0096195de075bda74ad17cbe45154cbd/element'
11:11:14.837 [Forwarding findElement on session 0096195de075bda74ad17cbe45154cbd to remote] DEBUG org.asynchttpclient.netty.request.NettyRequestSender - Using open Channel [id: 0x478077ef, L:/127.0.0.1:61096 - R:localhost/127.0.0.1:52296] for POST '/session/0096195de075bda74ad17cbe45154cbd/element'
11:11:14.875 [AsyncHttpClient-1-6] DEBUG org.asynchttpclient.netty.handler.HttpHandler - 

Request DefaultHttpRequest(decodeResult: success, version: HTTP/1.1)
POST /session/0096195de075bda74ad17cbe45154cbd/element HTTP/1.1
User-Agent: selenium/4.1.2 (java windows)
Content-Length: 166
Content-Type: application/json; charset=utf-8
host: localhost:52296
accept: */*

Response DefaultHttpResponse(decodeResult: success, version: HTTP/1.1)
HTTP/1.1 200 OK
Content-Type: application/json; charset=utf-8
cache-control: no-cache
content-length: 88

11:11:14.875 [AsyncHttpClient-1-6] DEBUG org.asynchttpclient.netty.channel.ChannelManager - Adding key: http://localhost:52296 for channel [id: 0x478077ef, L:/127.0.0.1:61096 - R:localhost/127.0.0.1:52296]
11:11:14.880 [Forwarding sendKeysToElement on session 0096195de075bda74ad17cbe45154cbd to remote] DEBUG org.asynchttpclient.netty.request.NettyRequestSender - Using pooled Channel '[id: 0x478077ef, L:/127.0.0.1:61096 - R:localhost/127.0.0.1:52296]' for 'POST' to 'http://localhost:52296/session/0096195de075bda74ad17cbe45154cbd/element/e6160e9b-fa88-43eb-85b3-2db65a3cf61c/value'
11:11:14.880 [Forwarding sendKeysToElement on session 0096195de075bda74ad17cbe45154cbd to remote] DEBUG org.asynchttpclient.netty.request.NettyRequestSender - Using open Channel [id: 0x478077ef, L:/127.0.0.1:61096 - R:localhost/127.0.0.1:52296] for POST '/session/0096195de075bda74ad17cbe45154cbd/element/e6160e9b-fa88-43eb-85b3-2db65a3cf61c/value'
11:11:15.334 [AsyncHttpClient-1-6] DEBUG org.asynchttpclient.netty.handler.HttpHandler - 

Request DefaultHttpRequest(decodeResult: success, version: HTTP/1.1)
POST /session/0096195de075bda74ad17cbe45154cbd/element/e6160e9b-fa88-43eb-85b3-2db65a3cf61c/value HTTP/1.1
User-Agent: selenium/4.1.2 (java windows)
Content-Length: 131
Content-Type: application/json; charset=utf-8
host: localhost:52296
accept: */*

Response DefaultHttpResponse(decodeResult: success, version: HTTP/1.1)
HTTP/1.1 200 OK
Content-Type: application/json; charset=utf-8
cache-control: no-cache
content-length: 14

11:11:15.334 [AsyncHttpClient-1-6] DEBUG org.asynchttpclient.netty.channel.ChannelManager - Adding key: http://localhost:52296 for channel [id: 0x478077ef, L:/127.0.0.1:61096 - R:localhost/127.0.0.1:52296]
11:11:15.341 [Forwarding findElement on session 0096195de075bda74ad17cbe45154cbd to remote] DEBUG org.asynchttpclient.netty.request.NettyRequestSender - Using pooled Channel '[id: 0x478077ef, L:/127.0.0.1:61096 - R:localhost/127.0.0.1:52296]' for 'POST' to 'http://localhost:52296/session/0096195de075bda74ad17cbe45154cbd/element'
11:11:15.341 [Forwarding findElement on session 0096195de075bda74ad17cbe45154cbd to remote] DEBUG org.asynchttpclient.netty.request.NettyRequestSender - Using open Channel [id: 0x478077ef, L:/127.0.0.1:61096 - R:localhost/127.0.0.1:52296] for POST '/session/0096195de075bda74ad17cbe45154cbd/element'
11:11:15.371 [AsyncHttpClient-1-6] DEBUG org.asynchttpclient.netty.handler.HttpHandler - 

Request DefaultHttpRequest(decodeResult: success, version: HTTP/1.1)
POST /session/0096195de075bda74ad17cbe45154cbd/element HTTP/1.1
User-Agent: selenium/4.1.2 (java windows)
Content-Length: 166
Content-Type: application/json; charset=utf-8
host: localhost:52296
accept: */*

Response DefaultHttpResponse(decodeResult: success, version: HTTP/1.1)
HTTP/1.1 200 OK
Content-Type: application/json; charset=utf-8
cache-control: no-cache
content-length: 88

11:11:15.371 [AsyncHttpClient-1-6] DEBUG org.asynchttpclient.netty.channel.ChannelManager - Adding key: http://localhost:52296 for channel [id: 0x478077ef, L:/127.0.0.1:61096 - R:localhost/127.0.0.1:52296]
11:11:15.373 [Forwarding sendKeysToElement on session 0096195de075bda74ad17cbe45154cbd to remote] DEBUG org.asynchttpclient.netty.request.NettyRequestSender - Using pooled Channel '[id: 0x478077ef, L:/127.0.0.1:61096 - R:localhost/127.0.0.1:52296]' for 'POST' to 'http://localhost:52296/session/0096195de075bda74ad17cbe45154cbd/element/a4b995ea-a8e4-4f78-b677-e4f23c7bb5c3/value'
11:11:15.373 [Forwarding sendKeysToElement on session 0096195de075bda74ad17cbe45154cbd to remote] DEBUG org.asynchttpclient.netty.request.NettyRequestSender - Using open Channel [id: 0x478077ef, L:/127.0.0.1:61096 - R:localhost/127.0.0.1:52296] for POST '/session/0096195de075bda74ad17cbe45154cbd/element/a4b995ea-a8e4-4f78-b677-e4f23c7bb5c3/value'
11:11:15.714 [AsyncHttpClient-1-1] DEBUG org.asynchttpclient.netty.channel.DefaultChannelPool - Entry count for : http://localhost:61100 : 1
11:11:16.048 [AsyncHttpClient-1-6] DEBUG org.asynchttpclient.netty.handler.HttpHandler - 

Request DefaultHttpRequest(decodeResult: success, version: HTTP/1.1)
POST /session/0096195de075bda74ad17cbe45154cbd/element/a4b995ea-a8e4-4f78-b677-e4f23c7bb5c3/value HTTP/1.1
User-Agent: selenium/4.1.2 (java windows)
Content-Length: 181
Content-Type: application/json; charset=utf-8
host: localhost:52296
accept: */*

Response DefaultHttpResponse(decodeResult: success, version: HTTP/1.1)
HTTP/1.1 200 OK
Content-Type: application/json; charset=utf-8
cache-control: no-cache
content-length: 14

11:11:16.048 [AsyncHttpClient-1-6] DEBUG org.asynchttpclient.netty.channel.ChannelManager - Adding key: http://localhost:52296 for channel [id: 0x478077ef, L:/127.0.0.1:61096 - R:localhost/127.0.0.1:52296]
11:11:16.054 [Forwarding findElement on session 0096195de075bda74ad17cbe45154cbd to remote] DEBUG org.asynchttpclient.netty.request.NettyRequestSender - Using pooled Channel '[id: 0x478077ef, L:/127.0.0.1:61096 - R:localhost/127.0.0.1:52296]' for 'POST' to 'http://localhost:52296/session/0096195de075bda74ad17cbe45154cbd/element'
11:11:16.054 [Forwarding findElement on session 0096195de075bda74ad17cbe45154cbd to remote] DEBUG org.asynchttpclient.netty.request.NettyRequestSender - Using open Channel [id: 0x478077ef, L:/127.0.0.1:61096 - R:localhost/127.0.0.1:52296] for POST '/session/0096195de075bda74ad17cbe45154cbd/element'
11:11:16.085 [AsyncHttpClient-1-6] DEBUG org.asynchttpclient.netty.handler.HttpHandler - 

Request DefaultHttpRequest(decodeResult: success, version: HTTP/1.1)
POST /session/0096195de075bda74ad17cbe45154cbd/element HTTP/1.1
User-Agent: selenium/4.1.2 (java windows)
Content-Length: 166
Content-Type: application/json; charset=utf-8
host: localhost:52296
accept: */*

Response DefaultHttpResponse(decodeResult: success, version: HTTP/1.1)
HTTP/1.1 200 OK
Content-Type: application/json; charset=utf-8
cache-control: no-cache
content-length: 88

11:11:16.086 [AsyncHttpClient-1-6] DEBUG org.asynchttpclient.netty.channel.ChannelManager - Adding key: http://localhost:52296 for channel [id: 0x478077ef, L:/127.0.0.1:61096 - R:localhost/127.0.0.1:52296]
11:11:16.088 [Forwarding sendKeysToElement on session 0096195de075bda74ad17cbe45154cbd to remote] DEBUG org.asynchttpclient.netty.request.NettyRequestSender - Using pooled Channel '[id: 0x478077ef, L:/127.0.0.1:61096 - R:localhost/127.0.0.1:52296]' for 'POST' to 'http://localhost:52296/session/0096195de075bda74ad17cbe45154cbd/element/cf85379b-d121-4441-95df-870187540f5c/value'
11:11:16.088 [Forwarding sendKeysToElement on session 0096195de075bda74ad17cbe45154cbd to remote] DEBUG org.asynchttpclient.netty.request.NettyRequestSender - Using open Channel [id: 0x478077ef, L:/127.0.0.1:61096 - R:localhost/127.0.0.1:52296] for POST '/session/0096195de075bda74ad17cbe45154cbd/element/cf85379b-d121-4441-95df-870187540f5c/value'
11:11:16.208 [AsyncHttpClient-1-6] DEBUG org.asynchttpclient.netty.handler.HttpHandler - 

Request DefaultHttpRequest(decodeResult: success, version: HTTP/1.1)
POST /session/0096195de075bda74ad17cbe45154cbd/element/cf85379b-d121-4441-95df-870187540f5c/value HTTP/1.1
User-Agent: selenium/4.1.2 (java windows)
Content-Length: 82
Content-Type: application/json; charset=utf-8
host: localhost:52296
accept: */*

Response DefaultHttpResponse(decodeResult: success, version: HTTP/1.1)
HTTP/1.1 200 OK
Content-Type: application/json; charset=utf-8
cache-control: no-cache
content-length: 14

11:11:16.209 [AsyncHttpClient-1-6] DEBUG org.asynchttpclient.netty.channel.ChannelManager - Adding key: http://localhost:52296 for channel [id: 0x478077ef, L:/127.0.0.1:61096 - R:localhost/127.0.0.1:52296]
11:11:16.215 [Forwarding findElement on session 0096195de075bda74ad17cbe45154cbd to remote] DEBUG org.asynchttpclient.netty.request.NettyRequestSender - Using pooled Channel '[id: 0x478077ef, L:/127.0.0.1:61096 - R:localhost/127.0.0.1:52296]' for 'POST' to 'http://localhost:52296/session/0096195de075bda74ad17cbe45154cbd/element'
11:11:16.215 [Forwarding findElement on session 0096195de075bda74ad17cbe45154cbd to remote] DEBUG org.asynchttpclient.netty.request.NettyRequestSender - Using open Channel [id: 0x478077ef, L:/127.0.0.1:61096 - R:localhost/127.0.0.1:52296] for POST '/session/0096195de075bda74ad17cbe45154cbd/element'
11:11:16.283 [AsyncHttpClient-1-6] DEBUG org.asynchttpclient.netty.handler.HttpHandler - 

Request DefaultHttpRequest(decodeResult: success, version: HTTP/1.1)
POST /session/0096195de075bda74ad17cbe45154cbd/element HTTP/1.1
User-Agent: selenium/4.1.2 (java windows)
Content-Length: 166
Content-Type: application/json; charset=utf-8
host: localhost:52296
accept: */*

Response DefaultHttpResponse(decodeResult: success, version: HTTP/1.1)
HTTP/1.1 200 OK
Content-Type: application/json; charset=utf-8
cache-control: no-cache
content-length: 88

11:11:16.283 [AsyncHttpClient-1-6] DEBUG org.asynchttpclient.netty.channel.ChannelManager - Adding key: http://localhost:52296 for channel [id: 0x478077ef, L:/127.0.0.1:61096 - R:localhost/127.0.0.1:52296]
11:11:16.286 [Forwarding sendKeysToElement on session 0096195de075bda74ad17cbe45154cbd to remote] DEBUG org.asynchttpclient.netty.request.NettyRequestSender - Using pooled Channel '[id: 0x478077ef, L:/127.0.0.1:61096 - R:localhost/127.0.0.1:52296]' for 'POST' to 'http://localhost:52296/session/0096195de075bda74ad17cbe45154cbd/element/9015e43a-86b1-43cd-8471-df34b6818b0b/value'
11:11:16.286 [Forwarding sendKeysToElement on session 0096195de075bda74ad17cbe45154cbd to remote] DEBUG org.asynchttpclient.netty.request.NettyRequestSender - Using open Channel [id: 0x478077ef, L:/127.0.0.1:61096 - R:localhost/127.0.0.1:52296] for POST '/session/0096195de075bda74ad17cbe45154cbd/element/9015e43a-86b1-43cd-8471-df34b6818b0b/value'
11:11:16.801 [AsyncHttpClient-1-6] DEBUG org.asynchttpclient.netty.handler.HttpHandler - 

Request DefaultHttpRequest(decodeResult: success, version: HTTP/1.1)
POST /session/0096195de075bda74ad17cbe45154cbd/element/9015e43a-86b1-43cd-8471-df34b6818b0b/value HTTP/1.1
User-Agent: selenium/4.1.2 (java windows)
Content-Length: 191
Content-Type: application/json; charset=utf-8
host: localhost:52296
accept: */*

Response DefaultHttpResponse(decodeResult: success, version: HTTP/1.1)
HTTP/1.1 200 OK
Content-Type: application/json; charset=utf-8
cache-control: no-cache
content-length: 14

11:11:16.801 [AsyncHttpClient-1-6] DEBUG org.asynchttpclient.netty.channel.ChannelManager - Adding key: http://localhost:52296 for channel [id: 0x478077ef, L:/127.0.0.1:61096 - R:localhost/127.0.0.1:52296]
11:11:16.805 [Forwarding findElement on session 0096195de075bda74ad17cbe45154cbd to remote] DEBUG org.asynchttpclient.netty.request.NettyRequestSender - Using pooled Channel '[id: 0x478077ef, L:/127.0.0.1:61096 - R:localhost/127.0.0.1:52296]' for 'POST' to 'http://localhost:52296/session/0096195de075bda74ad17cbe45154cbd/element'
11:11:16.805 [Forwarding findElement on session 0096195de075bda74ad17cbe45154cbd to remote] DEBUG org.asynchttpclient.netty.request.NettyRequestSender - Using open Channel [id: 0x478077ef, L:/127.0.0.1:61096 - R:localhost/127.0.0.1:52296] for POST '/session/0096195de075bda74ad17cbe45154cbd/element'
11:11:16.813 [AsyncHttpClient-1-1] DEBUG org.asynchttpclient.netty.channel.DefaultChannelPool - Entry count for : http://localhost:61100 : 1
11:11:16.834 [AsyncHttpClient-1-6] DEBUG org.asynchttpclient.netty.handler.HttpHandler - 

Request DefaultHttpRequest(decodeResult: success, version: HTTP/1.1)
POST /session/0096195de075bda74ad17cbe45154cbd/element HTTP/1.1
User-Agent: selenium/4.1.2 (java windows)
Content-Length: 173
Content-Type: application/json; charset=utf-8
host: localhost:52296
accept: */*

Response DefaultHttpResponse(decodeResult: success, version: HTTP/1.1)
HTTP/1.1 200 OK
Content-Type: application/json; charset=utf-8
cache-control: no-cache
content-length: 88

11:11:16.834 [AsyncHttpClient-1-6] DEBUG org.asynchttpclient.netty.channel.ChannelManager - Adding key: http://localhost:52296 for channel [id: 0x478077ef, L:/127.0.0.1:61096 - R:localhost/127.0.0.1:52296]
11:11:16.836 [Forwarding sendKeysToElement on session 0096195de075bda74ad17cbe45154cbd to remote] DEBUG org.asynchttpclient.netty.request.NettyRequestSender - Using pooled Channel '[id: 0x478077ef, L:/127.0.0.1:61096 - R:localhost/127.0.0.1:52296]' for 'POST' to 'http://localhost:52296/session/0096195de075bda74ad17cbe45154cbd/element/b52e0386-ab8c-4295-bcda-124cbe2bd45e/value'
11:11:16.836 [Forwarding sendKeysToElement on session 0096195de075bda74ad17cbe45154cbd to remote] DEBUG org.asynchttpclient.netty.request.NettyRequestSender - Using open Channel [id: 0x478077ef, L:/127.0.0.1:61096 - R:localhost/127.0.0.1:52296] for POST '/session/0096195de075bda74ad17cbe45154cbd/element/b52e0386-ab8c-4295-bcda-124cbe2bd45e/value'
11:11:17.237 [AsyncHttpClient-1-6] DEBUG org.asynchttpclient.netty.handler.HttpHandler - 

Request DefaultHttpRequest(decodeResult: success, version: HTTP/1.1)
POST /session/0096195de075bda74ad17cbe45154cbd/element/b52e0386-ab8c-4295-bcda-124cbe2bd45e/value HTTP/1.1
User-Agent: selenium/4.1.2 (java windows)
Content-Length: 171
Content-Type: application/json; charset=utf-8
host: localhost:52296
accept: */*

Response DefaultHttpResponse(decodeResult: success, version: HTTP/1.1)
HTTP/1.1 200 OK
Content-Type: application/json; charset=utf-8
cache-control: no-cache
content-length: 14

11:11:17.238 [AsyncHttpClient-1-6] DEBUG org.asynchttpclient.netty.channel.ChannelManager - Adding key: http://localhost:52296 for channel [id: 0x478077ef, L:/127.0.0.1:61096 - R:localhost/127.0.0.1:52296]
11:11:17.256 [Forwarding screenshot on session 0096195de075bda74ad17cbe45154cbd to remote] DEBUG org.asynchttpclient.netty.request.NettyRequestSender - Using pooled Channel '[id: 0x478077ef, L:/127.0.0.1:61096 - R:localhost/127.0.0.1:52296]' for 'GET' to 'http://localhost:52296/session/0096195de075bda74ad17cbe45154cbd/screenshot'
11:11:17.256 [Forwarding screenshot on session 0096195de075bda74ad17cbe45154cbd to remote] DEBUG org.asynchttpclient.netty.request.NettyRequestSender - Using open Channel [id: 0x478077ef, L:/127.0.0.1:61096 - R:localhost/127.0.0.1:52296] for GET '/session/0096195de075bda74ad17cbe45154cbd/screenshot'
11:11:17.600 [AsyncHttpClient-1-6] DEBUG org.asynchttpclient.netty.handler.HttpHandler - 

Request DefaultFullHttpRequest(decodeResult: success, version: HTTP/1.1, content: EmptyByteBufBE)
GET /session/0096195de075bda74ad17cbe45154cbd/screenshot HTTP/1.1
User-Agent: selenium/4.1.2 (java windows)
Cache-Control: no-cache
Content-Type: application/json; charset=utf-8
host: localhost:52296
accept: */*

Response DefaultHttpResponse(decodeResult: success, version: HTTP/1.1)
HTTP/1.1 200 OK
Content-Type: application/json; charset=utf-8
cache-control: no-cache
content-length: 405124

11:11:17.601 [AsyncHttpClient-1-6] DEBUG org.asynchttpclient.netty.channel.ChannelManager - Adding key: http://localhost:52296 for channel [id: 0x478077ef, L:/127.0.0.1:61096 - R:localhost/127.0.0.1:52296]
11:11:17.629 [main] DEBUG net.serenitybdd.core.photography.Darkroom - Send negative for processing for target\site\serenity\2488809b06ea196d5c69707a7d4f8dccd2593f9c275a9ff06684828d14e35f9a.png
11:11:17.631 [Darkroom Processing Line] DEBUG net.serenitybdd.core.photography.DarkroomProcessingLine - Processing screenshot image in /var/screenshots/screenshot-1875174956573953389
11:11:17.631 [main] DEBUG net.thucydides.core.steps.StepInterceptor - STEP DONE: inputDataPasien
  &amp#27;[32mThen &amp#27;[0m&amp#27;[32mI input &amp#27;[0m&amp#27;[32m&amp#27;[1m"Bagas"&amp#27;[0m&amp#27;[32m &amp#27;[0m&amp#27;[32m&amp#27;[1m"1234479680"&amp#27;[0m&amp#27;[32m &amp#27;[0m&amp#27;[32m&amp#27;[1m""&amp#27;[0m&amp#27;[32m &amp#27;[0m&amp#27;[32m&amp#27;[1m"01294657612"&amp#27;[0m&amp#27;[32m &amp#27;[0m&amp#27;[32m&amp#27;[1m"perumahan"&amp#27;[0m&amp#27;[32m patient&amp#27;[0m &amp#27;[90m# starter.stepdefinitios.PatientDataSteps.iInput(java.lang.String,java.lang.String,java.lang.String,java.lang.String,java.lang.String)&amp#27;[0m
11:11:17.632 [Darkroom Processing Line] DEBUG net.serenitybdd.core.photography.DarkroomProcessingLine - Saving screenshot to target\site\serenity\2488809b06ea196d5c69707a7d4f8dccd2593f9c275a9ff06684828d14e35f9a.png
11:11:17.678 [main] DEBUG net.thucydides.core.steps.StepInterceptor - STARTING STEP: PatientDataSteps.iClickButtonJenisKelamin - clickLaki
11:11:17.684 [Forwarding findElement on session 0096195de075bda74ad17cbe45154cbd to remote] DEBUG org.asynchttpclient.netty.request.NettyRequestSender - Using pooled Channel '[id: 0x478077ef, L:/127.0.0.1:61096 - R:localhost/127.0.0.1:52296]' for 'POST' to 'http://localhost:52296/session/0096195de075bda74ad17cbe45154cbd/element'
11:11:17.684 [Forwarding findElement on session 0096195de075bda74ad17cbe45154cbd to remote] DEBUG org.asynchttpclient.netty.request.NettyRequestSender - Using open Channel [id: 0x478077ef, L:/127.0.0.1:61096 - R:localhost/127.0.0.1:52296] for POST '/session/0096195de075bda74ad17cbe45154cbd/element'
11:11:17.709 [AsyncHttpClient-1-6] DEBUG org.asynchttpclient.netty.handler.HttpHandler - 

Request DefaultHttpRequest(decodeResult: success, version: HTTP/1.1)
POST /session/0096195de075bda74ad17cbe45154cbd/element HTTP/1.1
User-Agent: selenium/4.1.2 (java windows)
Content-Length: 179
Content-Type: application/json; charset=utf-8
host: localhost:52296
accept: */*

Response DefaultHttpResponse(decodeResult: success, version: HTTP/1.1)
HTTP/1.1 200 OK
Content-Type: application/json; charset=utf-8
cache-control: no-cache
content-length: 88

11:11:17.710 [AsyncHttpClient-1-6] DEBUG org.asynchttpclient.netty.channel.ChannelManager - Adding key: http://localhost:52296 for channel [id: 0x478077ef, L:/127.0.0.1:61096 - R:localhost/127.0.0.1:52296]
11:11:17.713 [Forwarding getElementTagName on session 0096195de075bda74ad17cbe45154cbd to remote] DEBUG org.asynchttpclient.netty.request.NettyRequestSender - Using pooled Channel '[id: 0x478077ef, L:/127.0.0.1:61096 - R:localhost/127.0.0.1:52296]' for 'GET' to 'http://localhost:52296/session/0096195de075bda74ad17cbe45154cbd/element/75e23bcc-cf8f-4d82-af60-fdee03a71121/name'
11:11:17.713 [Forwarding getElementTagName on session 0096195de075bda74ad17cbe45154cbd to remote] DEBUG org.asynchttpclient.netty.request.NettyRequestSender - Using open Channel [id: 0x478077ef, L:/127.0.0.1:61096 - R:localhost/127.0.0.1:52296] for GET '/session/0096195de075bda74ad17cbe45154cbd/element/75e23bcc-cf8f-4d82-af60-fdee03a71121/name'
11:11:17.722 [AsyncHttpClient-1-6] DEBUG org.asynchttpclient.netty.handler.HttpHandler - 

Request DefaultFullHttpRequest(decodeResult: success, version: HTTP/1.1, content: EmptyByteBufBE)
GET /session/0096195de075bda74ad17cbe45154cbd/element/75e23bcc-cf8f-4d82-af60-fdee03a71121/name HTTP/1.1
User-Agent: selenium/4.1.2 (java windows)
Cache-Control: no-cache
Content-Type: application/json; charset=utf-8
host: localhost:52296
accept: */*

Response DefaultHttpResponse(decodeResult: success, version: HTTP/1.1)
HTTP/1.1 200 OK
Content-Type: application/json; charset=utf-8
cache-control: no-cache
content-length: 16

11:11:17.722 [AsyncHttpClient-1-6] DEBUG org.asynchttpclient.netty.channel.ChannelManager - Adding key: http://localhost:52296 for channel [id: 0x478077ef, L:/127.0.0.1:61096 - R:localhost/127.0.0.1:52296]
11:11:17.724 [Forwarding getElementTagName on session 0096195de075bda74ad17cbe45154cbd to remote] DEBUG org.asynchttpclient.netty.request.NettyRequestSender - Using pooled Channel '[id: 0x478077ef, L:/127.0.0.1:61096 - R:localhost/127.0.0.1:52296]' for 'GET' to 'http://localhost:52296/session/0096195de075bda74ad17cbe45154cbd/element/75e23bcc-cf8f-4d82-af60-fdee03a71121/name'
11:11:17.724 [Forwarding getElementTagName on session 0096195de075bda74ad17cbe45154cbd to remote] DEBUG org.asynchttpclient.netty.request.NettyRequestSender - Using open Channel [id: 0x478077ef, L:/127.0.0.1:61096 - R:localhost/127.0.0.1:52296] for GET '/session/0096195de075bda74ad17cbe45154cbd/element/75e23bcc-cf8f-4d82-af60-fdee03a71121/name'
11:11:17.734 [AsyncHttpClient-1-6] DEBUG org.asynchttpclient.netty.handler.HttpHandler - 

Request DefaultFullHttpRequest(decodeResult: success, version: HTTP/1.1, content: EmptyByteBufBE)
GET /session/0096195de075bda74ad17cbe45154cbd/element/75e23bcc-cf8f-4d82-af60-fdee03a71121/name HTTP/1.1
User-Agent: selenium/4.1.2 (java windows)
Cache-Control: no-cache
Content-Type: application/json; charset=utf-8
host: localhost:52296
accept: */*

Response DefaultHttpResponse(decodeResult: success, version: HTTP/1.1)
HTTP/1.1 200 OK
Content-Type: application/json; charset=utf-8
cache-control: no-cache
content-length: 16

11:11:17.734 [AsyncHttpClient-1-6] DEBUG org.asynchttpclient.netty.channel.ChannelManager - Adding key: http://localhost:52296 for channel [id: 0x478077ef, L:/127.0.0.1:61096 - R:localhost/127.0.0.1:52296]
11:11:17.737 [Forwarding findElement on session 0096195de075bda74ad17cbe45154cbd to remote] DEBUG org.asynchttpclient.netty.request.NettyRequestSender - Using pooled Channel '[id: 0x478077ef, L:/127.0.0.1:61096 - R:localhost/127.0.0.1:52296]' for 'POST' to 'http://localhost:52296/session/0096195de075bda74ad17cbe45154cbd/element'
11:11:17.737 [Forwarding findElement on session 0096195de075bda74ad17cbe45154cbd to remote] DEBUG org.asynchttpclient.netty.request.NettyRequestSender - Using open Channel [id: 0x478077ef, L:/127.0.0.1:61096 - R:localhost/127.0.0.1:52296] for POST '/session/0096195de075bda74ad17cbe45154cbd/element'
11:11:17.776 [AsyncHttpClient-1-6] DEBUG org.asynchttpclient.netty.handler.HttpHandler - 

Request DefaultHttpRequest(decodeResult: success, version: HTTP/1.1)
POST /session/0096195de075bda74ad17cbe45154cbd/element HTTP/1.1
User-Agent: selenium/4.1.2 (java windows)
Content-Length: 179
Content-Type: application/json; charset=utf-8
host: localhost:52296
accept: */*

Response DefaultHttpResponse(decodeResult: success, version: HTTP/1.1)
HTTP/1.1 200 OK
Content-Type: application/json; charset=utf-8
cache-control: no-cache
content-length: 88

11:11:17.777 [AsyncHttpClient-1-6] DEBUG org.asynchttpclient.netty.channel.ChannelManager - Adding key: http://localhost:52296 for channel [id: 0x478077ef, L:/127.0.0.1:61096 - R:localhost/127.0.0.1:52296]
11:11:17.782 [Forwarding clickElement on session 0096195de075bda74ad17cbe45154cbd to remote] DEBUG org.asynchttpclient.netty.request.NettyRequestSender - Using pooled Channel '[id: 0x478077ef, L:/127.0.0.1:61096 - R:localhost/127.0.0.1:52296]' for 'POST' to 'http://localhost:52296/session/0096195de075bda74ad17cbe45154cbd/element/75e23bcc-cf8f-4d82-af60-fdee03a71121/click'
11:11:17.782 [Forwarding clickElement on session 0096195de075bda74ad17cbe45154cbd to remote] DEBUG org.asynchttpclient.netty.request.NettyRequestSender - Using open Channel [id: 0x478077ef, L:/127.0.0.1:61096 - R:localhost/127.0.0.1:52296] for POST '/session/0096195de075bda74ad17cbe45154cbd/element/75e23bcc-cf8f-4d82-af60-fdee03a71121/click'
11:11:17.916 [AsyncHttpClient-1-1] DEBUG org.asynchttpclient.netty.channel.DefaultChannelPool - Entry count for : http://localhost:61100 : 1
11:11:18.001 [AsyncHttpClient-1-6] DEBUG org.asynchttpclient.netty.handler.HttpHandler - 

Request DefaultHttpRequest(decodeResult: success, version: HTTP/1.1)
POST /session/0096195de075bda74ad17cbe45154cbd/element/75e23bcc-cf8f-4d82-af60-fdee03a71121/click HTTP/1.1
User-Agent: selenium/4.1.2 (java windows)
Content-Length: 50
Content-Type: application/json; charset=utf-8
host: localhost:52296
accept: */*

Response DefaultHttpResponse(decodeResult: success, version: HTTP/1.1)
HTTP/1.1 200 OK
Content-Type: application/json; charset=utf-8
cache-control: no-cache
content-length: 14

11:11:18.001 [AsyncHttpClient-1-6] DEBUG org.asynchttpclient.netty.channel.ChannelManager - Adding key: http://localhost:52296 for channel [id: 0x478077ef, L:/127.0.0.1:61096 - R:localhost/127.0.0.1:52296]
11:11:18.021 [Forwarding screenshot on session 0096195de075bda74ad17cbe45154cbd to remote] DEBUG org.asynchttpclient.netty.request.NettyRequestSender - Using pooled Channel '[id: 0x478077ef, L:/127.0.0.1:61096 - R:localhost/127.0.0.1:52296]' for 'GET' to 'http://localhost:52296/session/0096195de075bda74ad17cbe45154cbd/screenshot'
11:11:18.022 [Forwarding screenshot on session 0096195de075bda74ad17cbe45154cbd to remote] DEBUG org.asynchttpclient.netty.request.NettyRequestSender - Using open Channel [id: 0x478077ef, L:/127.0.0.1:61096 - R:localhost/127.0.0.1:52296] for GET '/session/0096195de075bda74ad17cbe45154cbd/screenshot'
11:11:18.501 [AsyncHttpClient-1-6] DEBUG org.asynchttpclient.netty.handler.HttpHandler - 

Request DefaultFullHttpRequest(decodeResult: success, version: HTTP/1.1, content: EmptyByteBufBE)
GET /session/0096195de075bda74ad17cbe45154cbd/screenshot HTTP/1.1
User-Agent: selenium/4.1.2 (java windows)
Cache-Control: no-cache
Content-Type: application/json; charset=utf-8
host: localhost:52296
accept: */*

Response DefaultHttpResponse(decodeResult: success, version: HTTP/1.1)
HTTP/1.1 200 OK
Content-Type: application/json; charset=utf-8
cache-control: no-cache
content-length: 406908

11:11:18.502 [AsyncHttpClient-1-6] DEBUG org.asynchttpclient.netty.channel.ChannelManager - Adding key: http://localhost:52296 for channel [id: 0x478077ef, L:/127.0.0.1:61096 - R:localhost/127.0.0.1:52296]
11:11:18.529 [main] DEBUG net.serenitybdd.core.photography.Darkroom - Send negative for processing for target\site\serenity\f2d941ecd5ef9b44fa54718561b47f13edddcfbfb2920f75712f4b1fdf2e0f5b.png
11:11:18.530 [main] DEBUG net.thucydides.core.steps.StepInterceptor - STEP DONE: clickLaki
  &amp#27;[32mAnd &amp#27;[0m&amp#27;[32mI click button jenis kelamin patient&amp#27;[0m                               &amp#27;[90m# starter.stepdefinitios.PatientDataSteps.iClickButtonJenisKelamin()&amp#27;[0m
11:11:18.531 [Darkroom Processing Line] DEBUG net.serenitybdd.core.photography.DarkroomProcessingLine - Processing screenshot image in /var/screenshots/screenshot-13059174371580126244
11:11:18.531 [Darkroom Processing Line] DEBUG net.serenitybdd.core.photography.DarkroomProcessingLine - Saving screenshot to target\site\serenity\f2d941ecd5ef9b44fa54718561b47f13edddcfbfb2920f75712f4b1fdf2e0f5b.png
11:11:18.575 [main] DEBUG net.thucydides.core.steps.StepInterceptor - STARTING STEP: PatientDataSteps.clickButtonSimpan - clickButtonSave
11:11:18.587 [Forwarding findElement on session 0096195de075bda74ad17cbe45154cbd to remote] DEBUG org.asynchttpclient.netty.request.NettyRequestSender - Using pooled Channel '[id: 0x478077ef, L:/127.0.0.1:61096 - R:localhost/127.0.0.1:52296]' for 'POST' to 'http://localhost:52296/session/0096195de075bda74ad17cbe45154cbd/element'
11:11:18.587 [Forwarding findElement on session 0096195de075bda74ad17cbe45154cbd to remote] DEBUG org.asynchttpclient.netty.request.NettyRequestSender - Using open Channel [id: 0x478077ef, L:/127.0.0.1:61096 - R:localhost/127.0.0.1:52296] for POST '/session/0096195de075bda74ad17cbe45154cbd/element'
11:11:18.615 [AsyncHttpClient-1-6] DEBUG org.asynchttpclient.netty.handler.HttpHandler - 

Request DefaultHttpRequest(decodeResult: success, version: HTTP/1.1)
POST /session/0096195de075bda74ad17cbe45154cbd/element HTTP/1.1
User-Agent: selenium/4.1.2 (java windows)
Content-Length: 149
Content-Type: application/json; charset=utf-8
host: localhost:52296
accept: */*

Response DefaultHttpResponse(decodeResult: success, version: HTTP/1.1)
HTTP/1.1 200 OK
Content-Type: application/json; charset=utf-8
cache-control: no-cache
content-length: 88

11:11:18.615 [AsyncHttpClient-1-6] DEBUG org.asynchttpclient.netty.channel.ChannelManager - Adding key: http://localhost:52296 for channel [id: 0x478077ef, L:/127.0.0.1:61096 - R:localhost/127.0.0.1:52296]
11:11:18.617 [Forwarding getElementTagName on session 0096195de075bda74ad17cbe45154cbd to remote] DEBUG org.asynchttpclient.netty.request.NettyRequestSender - Using pooled Channel '[id: 0x478077ef, L:/127.0.0.1:61096 - R:localhost/127.0.0.1:52296]' for 'GET' to 'http://localhost:52296/session/0096195de075bda74ad17cbe45154cbd/element/19aa204b-0167-4027-b443-80073ecd8426/name'
11:11:18.617 [Forwarding getElementTagName on session 0096195de075bda74ad17cbe45154cbd to remote] DEBUG org.asynchttpclient.netty.request.NettyRequestSender - Using open Channel [id: 0x478077ef, L:/127.0.0.1:61096 - R:localhost/127.0.0.1:52296] for GET '/session/0096195de075bda74ad17cbe45154cbd/element/19aa204b-0167-4027-b443-80073ecd8426/name'
11:11:18.625 [AsyncHttpClient-1-6] DEBUG org.asynchttpclient.netty.handler.HttpHandler - 

Request DefaultFullHttpRequest(decodeResult: success, version: HTTP/1.1, content: EmptyByteBufBE)
GET /session/0096195de075bda74ad17cbe45154cbd/element/19aa204b-0167-4027-b443-80073ecd8426/name HTTP/1.1
User-Agent: selenium/4.1.2 (java windows)
Cache-Control: no-cache
Content-Type: application/json; charset=utf-8
host: localhost:52296
accept: */*

Response DefaultHttpResponse(decodeResult: success, version: HTTP/1.1)
HTTP/1.1 200 OK
Content-Type: application/json; charset=utf-8
cache-control: no-cache
content-length: 18

11:11:18.625 [AsyncHttpClient-1-6] DEBUG org.asynchttpclient.netty.channel.ChannelManager - Adding key: http://localhost:52296 for channel [id: 0x478077ef, L:/127.0.0.1:61096 - R:localhost/127.0.0.1:52296]
11:11:18.628 [Forwarding getElementTagName on session 0096195de075bda74ad17cbe45154cbd to remote] DEBUG org.asynchttpclient.netty.request.NettyRequestSender - Using pooled Channel '[id: 0x478077ef, L:/127.0.0.1:61096 - R:localhost/127.0.0.1:52296]' for 'GET' to 'http://localhost:52296/session/0096195de075bda74ad17cbe45154cbd/element/19aa204b-0167-4027-b443-80073ecd8426/name'
11:11:18.628 [Forwarding getElementTagName on session 0096195de075bda74ad17cbe45154cbd to remote] DEBUG org.asynchttpclient.netty.request.NettyRequestSender - Using open Channel [id: 0x478077ef, L:/127.0.0.1:61096 - R:localhost/127.0.0.1:52296] for GET '/session/0096195de075bda74ad17cbe45154cbd/element/19aa204b-0167-4027-b443-80073ecd8426/name'
11:11:18.636 [AsyncHttpClient-1-6] DEBUG org.asynchttpclient.netty.handler.HttpHandler - 

Request DefaultFullHttpRequest(decodeResult: success, version: HTTP/1.1, content: EmptyByteBufBE)
GET /session/0096195de075bda74ad17cbe45154cbd/element/19aa204b-0167-4027-b443-80073ecd8426/name HTTP/1.1
User-Agent: selenium/4.1.2 (java windows)
Cache-Control: no-cache
Content-Type: application/json; charset=utf-8
host: localhost:52296
accept: */*

Response DefaultHttpResponse(decodeResult: success, version: HTTP/1.1)
HTTP/1.1 200 OK
Content-Type: application/json; charset=utf-8
cache-control: no-cache
content-length: 18

11:11:18.637 [AsyncHttpClient-1-6] DEBUG org.asynchttpclient.netty.channel.ChannelManager - Adding key: http://localhost:52296 for channel [id: 0x478077ef, L:/127.0.0.1:61096 - R:localhost/127.0.0.1:52296]
11:11:18.640 [Forwarding isElementEnabled on session 0096195de075bda74ad17cbe45154cbd to remote] DEBUG org.asynchttpclient.netty.request.NettyRequestSender - Using pooled Channel '[id: 0x478077ef, L:/127.0.0.1:61096 - R:localhost/127.0.0.1:52296]' for 'GET' to 'http://localhost:52296/session/0096195de075bda74ad17cbe45154cbd/element/19aa204b-0167-4027-b443-80073ecd8426/enabled'
11:11:18.641 [Forwarding isElementEnabled on session 0096195de075bda74ad17cbe45154cbd to remote] DEBUG org.asynchttpclient.netty.request.NettyRequestSender - Using open Channel [id: 0x478077ef, L:/127.0.0.1:61096 - R:localhost/127.0.0.1:52296] for GET '/session/0096195de075bda74ad17cbe45154cbd/element/19aa204b-0167-4027-b443-80073ecd8426/enabled'
11:11:18.687 [AsyncHttpClient-1-6] DEBUG org.asynchttpclient.netty.handler.HttpHandler - 

Request DefaultFullHttpRequest(decodeResult: success, version: HTTP/1.1, content: EmptyByteBufBE)
GET /session/0096195de075bda74ad17cbe45154cbd/element/19aa204b-0167-4027-b443-80073ecd8426/enabled HTTP/1.1
User-Agent: selenium/4.1.2 (java windows)
Cache-Control: no-cache
Content-Type: application/json; charset=utf-8
host: localhost:52296
accept: */*

Response DefaultHttpResponse(decodeResult: success, version: HTTP/1.1)
HTTP/1.1 200 OK
Content-Type: application/json; charset=utf-8
cache-control: no-cache
content-length: 14

11:11:18.688 [AsyncHttpClient-1-6] DEBUG org.asynchttpclient.netty.channel.ChannelManager - Adding key: http://localhost:52296 for channel [id: 0x478077ef, L:/127.0.0.1:61096 - R:localhost/127.0.0.1:52296]
11:11:18.690 [Forwarding isElementEnabled on session 0096195de075bda74ad17cbe45154cbd to remote] DEBUG org.asynchttpclient.netty.request.NettyRequestSender - Using pooled Channel '[id: 0x478077ef, L:/127.0.0.1:61096 - R:localhost/127.0.0.1:52296]' for 'GET' to 'http://localhost:52296/session/0096195de075bda74ad17cbe45154cbd/element/19aa204b-0167-4027-b443-80073ecd8426/enabled'
11:11:18.690 [Forwarding isElementEnabled on session 0096195de075bda74ad17cbe45154cbd to remote] DEBUG org.asynchttpclient.netty.request.NettyRequestSender - Using open Channel [id: 0x478077ef, L:/127.0.0.1:61096 - R:localhost/127.0.0.1:52296] for GET '/session/0096195de075bda74ad17cbe45154cbd/element/19aa204b-0167-4027-b443-80073ecd8426/enabled'
11:11:18.714 [AsyncHttpClient-1-6] DEBUG org.asynchttpclient.netty.handler.HttpHandler - 

Request DefaultFullHttpRequest(decodeResult: success, version: HTTP/1.1, content: EmptyByteBufBE)
GET /session/0096195de075bda74ad17cbe45154cbd/element/19aa204b-0167-4027-b443-80073ecd8426/enabled HTTP/1.1
User-Agent: selenium/4.1.2 (java windows)
Cache-Control: no-cache
Content-Type: application/json; charset=utf-8
host: localhost:52296
accept: */*

Response DefaultHttpResponse(decodeResult: success, version: HTTP/1.1)
HTTP/1.1 200 OK
Content-Type: application/json; charset=utf-8
cache-control: no-cache
content-length: 14

11:11:18.714 [AsyncHttpClient-1-6] DEBUG org.asynchttpclient.netty.channel.ChannelManager - Adding key: http://localhost:52296 for channel [id: 0x478077ef, L:/127.0.0.1:61096 - R:localhost/127.0.0.1:52296]
11:11:18.719 [Forwarding findElement on session 0096195de075bda74ad17cbe45154cbd to remote] DEBUG org.asynchttpclient.netty.request.NettyRequestSender - Using pooled Channel '[id: 0x478077ef, L:/127.0.0.1:61096 - R:localhost/127.0.0.1:52296]' for 'POST' to 'http://localhost:52296/session/0096195de075bda74ad17cbe45154cbd/element'
11:11:18.719 [Forwarding findElement on session 0096195de075bda74ad17cbe45154cbd to remote] DEBUG org.asynchttpclient.netty.request.NettyRequestSender - Using open Channel [id: 0x478077ef, L:/127.0.0.1:61096 - R:localhost/127.0.0.1:52296] for POST '/session/0096195de075bda74ad17cbe45154cbd/element'
11:11:18.735 [AsyncHttpClient-1-6] DEBUG org.asynchttpclient.netty.handler.HttpHandler - 

Request DefaultHttpRequest(decodeResult: success, version: HTTP/1.1)
POST /session/0096195de075bda74ad17cbe45154cbd/element HTTP/1.1
User-Agent: selenium/4.1.2 (java windows)
Content-Length: 149
Content-Type: application/json; charset=utf-8
host: localhost:52296
accept: */*

Response DefaultHttpResponse(decodeResult: success, version: HTTP/1.1)
HTTP/1.1 200 OK
Content-Type: application/json; charset=utf-8
cache-control: no-cache
content-length: 88

11:11:18.735 [AsyncHttpClient-1-6] DEBUG org.asynchttpclient.netty.channel.ChannelManager - Adding key: http://localhost:52296 for channel [id: 0x478077ef, L:/127.0.0.1:61096 - R:localhost/127.0.0.1:52296]
11:11:18.737 [Forwarding clickElement on session 0096195de075bda74ad17cbe45154cbd to remote] DEBUG org.asynchttpclient.netty.request.NettyRequestSender - Using pooled Channel '[id: 0x478077ef, L:/127.0.0.1:61096 - R:localhost/127.0.0.1:52296]' for 'POST' to 'http://localhost:52296/session/0096195de075bda74ad17cbe45154cbd/element/19aa204b-0167-4027-b443-80073ecd8426/click'
11:11:18.737 [Forwarding clickElement on session 0096195de075bda74ad17cbe45154cbd to remote] DEBUG org.asynchttpclient.netty.request.NettyRequestSender - Using open Channel [id: 0x478077ef, L:/127.0.0.1:61096 - R:localhost/127.0.0.1:52296] for POST '/session/0096195de075bda74ad17cbe45154cbd/element/19aa204b-0167-4027-b443-80073ecd8426/click'
11:11:18.851 [AsyncHttpClient-1-6] DEBUG org.asynchttpclient.netty.handler.HttpHandler - 

Request DefaultHttpRequest(decodeResult: success, version: HTTP/1.1)
POST /session/0096195de075bda74ad17cbe45154cbd/element/19aa204b-0167-4027-b443-80073ecd8426/click HTTP/1.1
User-Agent: selenium/4.1.2 (java windows)
Content-Length: 50
Content-Type: application/json; charset=utf-8
host: localhost:52296
accept: */*

Response DefaultHttpResponse(decodeResult: success, version: HTTP/1.1)
HTTP/1.1 200 OK
Content-Type: application/json; charset=utf-8
cache-control: no-cache
content-length: 14

11:11:18.851 [AsyncHttpClient-1-6] DEBUG org.asynchttpclient.netty.channel.ChannelManager - Adding key: http://localhost:52296 for channel [id: 0x478077ef, L:/127.0.0.1:61096 - R:localhost/127.0.0.1:52296]
11:11:18.873 [Forwarding screenshot on session 0096195de075bda74ad17cbe45154cbd to remote] DEBUG org.asynchttpclient.netty.request.NettyRequestSender - Using pooled Channel '[id: 0x478077ef, L:/127.0.0.1:61096 - R:localhost/127.0.0.1:52296]' for 'GET' to 'http://localhost:52296/session/0096195de075bda74ad17cbe45154cbd/screenshot'
11:11:18.873 [Forwarding screenshot on session 0096195de075bda74ad17cbe45154cbd to remote] DEBUG org.asynchttpclient.netty.request.NettyRequestSender - Using open Channel [id: 0x478077ef, L:/127.0.0.1:61096 - R:localhost/127.0.0.1:52296] for GET '/session/0096195de075bda74ad17cbe45154cbd/screenshot'
11:11:19.031 [AsyncHttpClient-1-1] DEBUG org.asynchttpclient.netty.channel.DefaultChannelPool - Entry count for : http://localhost:61100 : 1
11:11:19.568 [AsyncHttpClient-1-6] DEBUG org.asynchttpclient.netty.handler.HttpHandler - 

Request DefaultFullHttpRequest(decodeResult: success, version: HTTP/1.1, content: EmptyByteBufBE)
GET /session/0096195de075bda74ad17cbe45154cbd/screenshot HTTP/1.1
User-Agent: selenium/4.1.2 (java windows)
Cache-Control: no-cache
Content-Type: application/json; charset=utf-8
host: localhost:52296
accept: */*

Response DefaultHttpResponse(decodeResult: success, version: HTTP/1.1)
HTTP/1.1 500 Internal Server Error
Content-Type: application/json; charset=utf-8
cache-control: no-cache
content-length: 882

11:11:19.569 [AsyncHttpClient-1-6] DEBUG org.asynchttpclient.netty.channel.ChannelManager - Adding key: http://localhost:52296 for channel [id: 0x478077ef, L:/127.0.0.1:61096 - R:localhost/127.0.0.1:52296]
11:11:19.570 [main] WARN net.thucydides.core.webdriver.WebDriverFacade - Failed to take screenshot (unexpected alert open: <unknown>
  (Session info: chrome=102.0.5005.115): 
Build info: version: '4.1.2', revision: '9a5a329c5a'
System info: host: 'MOOK-HON', ip: '192.168.100.6', os.name: 'Windows 10', os.arch: 'amd64', os.version: '10.0', java.version: '11.0.14'
Driver info: org.openqa.selenium.chrome.ChromeDriver
Command: [0096195de075bda74ad17cbe45154cbd, screenshot {}]
Capabilities {acceptInsecureCerts: false, browserName: chrome, browserVersion: 102.0.5005.115, chrome: {chromedriverVersion: 102.0.5005.61 (0e59bcc00cc4..., userDataDir: C:\Users\ASUS\AppData\Local...}, goog:chromeOptions: {debuggerAddress: localhost:61100}, javascriptEnabled: true, networkConnectionEnabled: false, pageLoadStrategy: normal, platform: WINDOWS, platformName: WINDOWS, proxy: Proxy(), se:cdp: ws://localhost:61100/devtoo..., se:cdpVersion: 102.0.5005.115, setWindowRect: true, strictFileInteractability: false, timeouts: {implicit: 0, pageLoad: 300000, script: 30000}, unhandledPromptBehavior: dismiss and notify, webauthn:extension:credBlob: true, webauthn:extension:largeBlob: true, webauthn:virtualAuthenticators: true}
Session ID: 0096195de075bda74ad17cbe45154cbd)
11:11:19.571 [main] DEBUG net.thucydides.core.steps.StepInterceptor - STEP DONE: clickButtonSave
  &amp#27;[32mAnd &amp#27;[0m&amp#27;[32mClick button simpan&amp#27;[0m                                                &amp#27;[90m# starter.stepdefinitios.PatientDataSteps.clickButtonSimpan()&amp#27;[0m
11:11:19.588 [Forwarding screenshot on session 0096195de075bda74ad17cbe45154cbd to remote] DEBUG org.asynchttpclient.netty.request.NettyRequestSender - Using pooled Channel '[id: 0x478077ef, L:/127.0.0.1:61096 - R:localhost/127.0.0.1:52296]' for 'GET' to 'http://localhost:52296/session/0096195de075bda74ad17cbe45154cbd/screenshot'
11:11:19.590 [Forwarding screenshot on session 0096195de075bda74ad17cbe45154cbd to remote] DEBUG org.asynchttpclient.netty.request.NettyRequestSender - Using open Channel [id: 0x478077ef, L:/127.0.0.1:61096 - R:localhost/127.0.0.1:52296] for GET '/session/0096195de075bda74ad17cbe45154cbd/screenshot'
11:11:19.702 [AsyncHttpClient-1-6] DEBUG org.asynchttpclient.netty.handler.HttpHandler - 

Request DefaultFullHttpRequest(decodeResult: success, version: HTTP/1.1, content: EmptyByteBufBE)
GET /session/0096195de075bda74ad17cbe45154cbd/screenshot HTTP/1.1
User-Agent: selenium/4.1.2 (java windows)
Cache-Control: no-cache
Content-Type: application/json; charset=utf-8
host: localhost:52296
accept: */*

Response DefaultHttpResponse(decodeResult: success, version: HTTP/1.1)
HTTP/1.1 500 Internal Server Error
Content-Type: application/json; charset=utf-8
cache-control: no-cache
content-length: 921

11:11:19.704 [AsyncHttpClient-1-6] DEBUG org.asynchttpclient.netty.channel.ChannelManager - Adding key: http://localhost:52296 for channel [id: 0x478077ef, L:/127.0.0.1:61096 - R:localhost/127.0.0.1:52296]
11:11:19.705 [main] WARN net.thucydides.core.webdriver.WebDriverFacade - Failed to take screenshot (unexpected alert open: {Alert text : Data telah ditambah}
  (Session info: chrome=102.0.5005.115): Data telah ditambah
Build info: version: '4.1.2', revision: '9a5a329c5a'
System info: host: 'MOOK-HON', ip: '192.168.100.6', os.name: 'Windows 10', os.arch: 'amd64', os.version: '10.0', java.version: '11.0.14'
Driver info: org.openqa.selenium.chrome.ChromeDriver
Command: [0096195de075bda74ad17cbe45154cbd, screenshot {}]
Capabilities {acceptInsecureCerts: false, browserName: chrome, browserVersion: 102.0.5005.115, chrome: {chromedriverVersion: 102.0.5005.61 (0e59bcc00cc4..., userDataDir: C:\Users\ASUS\AppData\Local...}, goog:chromeOptions: {debuggerAddress: localhost:61100}, javascriptEnabled: true, networkConnectionEnabled: false, pageLoadStrategy: normal, platform: WINDOWS, platformName: WINDOWS, proxy: Proxy(), se:cdp: ws://localhost:61100/devtoo..., se:cdpVersion: 102.0.5005.115, setWindowRect: true, strictFileInteractability: false, timeouts: {implicit: 0, pageLoad: 300000, script: 30000}, unhandledPromptBehavior: dismiss and notify, webauthn:extension:credBlob: true, webauthn:extension:largeBlob: true, webauthn:virtualAuthenticators: true}
Session ID: 0096195de075bda74ad17cbe45154cbd)
11:11:19.734 [Forwarding screenshot on session 0096195de075bda74ad17cbe45154cbd to remote] DEBUG org.asynchttpclient.netty.request.NettyRequestSender - Using pooled Channel '[id: 0x478077ef, L:/127.0.0.1:61096 - R:localhost/127.0.0.1:52296]' for 'GET' to 'http://localhost:52296/session/0096195de075bda74ad17cbe45154cbd/screenshot'
11:11:19.734 [Forwarding screenshot on session 0096195de075bda74ad17cbe45154cbd to remote] DEBUG org.asynchttpclient.netty.request.NettyRequestSender - Using open Channel [id: 0x478077ef, L:/127.0.0.1:61096 - R:localhost/127.0.0.1:52296] for GET '/session/0096195de075bda74ad17cbe45154cbd/screenshot'
11:11:20.124 [AsyncHttpClient-1-1] DEBUG org.asynchttpclient.netty.channel.DefaultChannelPool - Entry count for : http://localhost:61100 : 1
11:11:21.221 [AsyncHttpClient-1-1] DEBUG org.asynchttpclient.netty.channel.DefaultChannelPool - Entry count for : http://localhost:61100 : 1
11:11:21.251 [AsyncHttpClient-1-6] DEBUG org.asynchttpclient.netty.handler.HttpHandler - 

Request DefaultFullHttpRequest(decodeResult: success, version: HTTP/1.1, content: EmptyByteBufBE)
GET /session/0096195de075bda74ad17cbe45154cbd/screenshot HTTP/1.1
User-Agent: selenium/4.1.2 (java windows)
Cache-Control: no-cache
Content-Type: application/json; charset=utf-8
host: localhost:52296
accept: */*

Response DefaultHttpResponse(decodeResult: success, version: HTTP/1.1)
HTTP/1.1 200 OK
Content-Type: application/json; charset=utf-8
cache-control: no-cache
content-length: 397960

11:11:21.253 [AsyncHttpClient-1-6] DEBUG org.asynchttpclient.netty.channel.ChannelManager - Adding key: http://localhost:52296 for channel [id: 0x478077ef, L:/127.0.0.1:61096 - R:localhost/127.0.0.1:52296]
11:11:21.288 [main] DEBUG net.serenitybdd.core.photography.Darkroom - Send negative for processing for target\site\serenity\cbeceb493b3cc14d3791ff263ea0078986a8fbc23e395c454f06e0ce9a24f68d.png
11:11:21.807 [Forwarding screenshot on session 0096195de075bda74ad17cbe45154cbd to remote] DEBUG org.asynchttpclient.netty.request.NettyRequestSender - Using pooled Channel '[id: 0x478077ef, L:/127.0.0.1:61096 - R:localhost/127.0.0.1:52296]' for 'GET' to 'http://localhost:52296/session/0096195de075bda74ad17cbe45154cbd/screenshot'
11:11:21.808 [Forwarding screenshot on session 0096195de075bda74ad17cbe45154cbd to remote] DEBUG org.asynchttpclient.netty.request.NettyRequestSender - Using open Channel [id: 0x478077ef, L:/127.0.0.1:61096 - R:localhost/127.0.0.1:52296] for GET '/session/0096195de075bda74ad17cbe45154cbd/screenshot'
11:11:22.182 [AsyncHttpClient-1-6] DEBUG org.asynchttpclient.netty.handler.HttpHandler - 

Request DefaultFullHttpRequest(decodeResult: success, version: HTTP/1.1, content: EmptyByteBufBE)
GET /session/0096195de075bda74ad17cbe45154cbd/screenshot HTTP/1.1
User-Agent: selenium/4.1.2 (java windows)
Cache-Control: no-cache
Content-Type: application/json; charset=utf-8
host: localhost:52296
accept: */*

Response DefaultHttpResponse(decodeResult: success, version: HTTP/1.1)
HTTP/1.1 200 OK
Content-Type: application/json; charset=utf-8
cache-control: no-cache
content-length: 397960

11:11:22.183 [AsyncHttpClient-1-6] DEBUG org.asynchttpclient.netty.channel.ChannelManager - Adding key: http://localhost:52296 for channel [id: 0x478077ef, L:/127.0.0.1:61096 - R:localhost/127.0.0.1:52296]
11:11:22.210 [main] DEBUG net.serenitybdd.core.photography.Darkroom - Send negative for processing for target\site\serenity\cbeceb493b3cc14d3791ff263ea0078986a8fbc23e395c454f06e0ce9a24f68d.png
11:11:22.211 [main] DEBUG net.thucydides.core.steps.StepInterceptor - STARTING STEP: PatientDataSteps.validDataPasien - checkValidDataPasien
11:11:22.218 [Forwarding findElement on session 0096195de075bda74ad17cbe45154cbd to remote] DEBUG org.asynchttpclient.netty.request.NettyRequestSender - Using pooled Channel '[id: 0x478077ef, L:/127.0.0.1:61096 - R:localhost/127.0.0.1:52296]' for 'POST' to 'http://localhost:52296/session/0096195de075bda74ad17cbe45154cbd/element'
11:11:22.218 [Forwarding findElement on session 0096195de075bda74ad17cbe45154cbd to remote] DEBUG org.asynchttpclient.netty.request.NettyRequestSender - Using open Channel [id: 0x478077ef, L:/127.0.0.1:61096 - R:localhost/127.0.0.1:52296] for POST '/session/0096195de075bda74ad17cbe45154cbd/element'
11:11:22.253 [AsyncHttpClient-1-6] DEBUG org.asynchttpclient.netty.handler.HttpHandler - 

Request DefaultHttpRequest(decodeResult: success, version: HTTP/1.1)
POST /session/0096195de075bda74ad17cbe45154cbd/element HTTP/1.1
User-Agent: selenium/4.1.2 (java windows)
Content-Length: 95
Content-Type: application/json; charset=utf-8
host: localhost:52296
accept: */*

Response DefaultHttpResponse(decodeResult: success, version: HTTP/1.1)
HTTP/1.1 200 OK
Content-Type: application/json; charset=utf-8
cache-control: no-cache
content-length: 88

11:11:22.253 [AsyncHttpClient-1-6] DEBUG org.asynchttpclient.netty.channel.ChannelManager - Adding key: http://localhost:52296 for channel [id: 0x478077ef, L:/127.0.0.1:61096 - R:localhost/127.0.0.1:52296]
11:11:22.254 [Forwarding isElementEnabled on session 0096195de075bda74ad17cbe45154cbd to remote] DEBUG org.asynchttpclient.netty.request.NettyRequestSender - Using pooled Channel '[id: 0x478077ef, L:/127.0.0.1:61096 - R:localhost/127.0.0.1:52296]' for 'GET' to 'http://localhost:52296/session/0096195de075bda74ad17cbe45154cbd/element/d0bf0a75-a013-4e0a-9440-59f01c999c77/enabled'
11:11:22.254 [Forwarding isElementEnabled on session 0096195de075bda74ad17cbe45154cbd to remote] DEBUG org.asynchttpclient.netty.request.NettyRequestSender - Using open Channel [id: 0x478077ef, L:/127.0.0.1:61096 - R:localhost/127.0.0.1:52296] for GET '/session/0096195de075bda74ad17cbe45154cbd/element/d0bf0a75-a013-4e0a-9440-59f01c999c77/enabled'
11:11:22.273 [AsyncHttpClient-1-6] DEBUG org.asynchttpclient.netty.handler.HttpHandler - 

Request DefaultFullHttpRequest(decodeResult: success, version: HTTP/1.1, content: EmptyByteBufBE)
GET /session/0096195de075bda74ad17cbe45154cbd/element/d0bf0a75-a013-4e0a-9440-59f01c999c77/enabled HTTP/1.1
User-Agent: selenium/4.1.2 (java windows)
Cache-Control: no-cache
Content-Type: application/json; charset=utf-8
host: localhost:52296
accept: */*

Response DefaultHttpResponse(decodeResult: success, version: HTTP/1.1)
HTTP/1.1 200 OK
Content-Type: application/json; charset=utf-8
cache-control: no-cache
content-length: 14

11:11:22.273 [AsyncHttpClient-1-6] DEBUG org.asynchttpclient.netty.channel.ChannelManager - Adding key: http://localhost:52296 for channel [id: 0x478077ef, L:/127.0.0.1:61096 - R:localhost/127.0.0.1:52296]
11:11:22.286 [Forwarding screenshot on session 0096195de075bda74ad17cbe45154cbd to remote] DEBUG org.asynchttpclient.netty.request.NettyRequestSender - Using pooled Channel '[id: 0x478077ef, L:/127.0.0.1:61096 - R:localhost/127.0.0.1:52296]' for 'GET' to 'http://localhost:52296/session/0096195de075bda74ad17cbe45154cbd/screenshot'
11:11:22.286 [Forwarding screenshot on session 0096195de075bda74ad17cbe45154cbd to remote] DEBUG org.asynchttpclient.netty.request.NettyRequestSender - Using open Channel [id: 0x478077ef, L:/127.0.0.1:61096 - R:localhost/127.0.0.1:52296] for GET '/session/0096195de075bda74ad17cbe45154cbd/screenshot'
11:11:22.318 [AsyncHttpClient-1-1] DEBUG org.asynchttpclient.netty.channel.DefaultChannelPool - Entry count for : http://localhost:61100 : 1
11:11:22.690 [AsyncHttpClient-1-6] DEBUG org.asynchttpclient.netty.handler.HttpHandler - 

Request DefaultFullHttpRequest(decodeResult: success, version: HTTP/1.1, content: EmptyByteBufBE)
GET /session/0096195de075bda74ad17cbe45154cbd/screenshot HTTP/1.1
User-Agent: selenium/4.1.2 (java windows)
Cache-Control: no-cache
Content-Type: application/json; charset=utf-8
host: localhost:52296
accept: */*

Response DefaultHttpResponse(decodeResult: success, version: HTTP/1.1)
HTTP/1.1 200 OK
Content-Type: application/json; charset=utf-8
cache-control: no-cache
content-length: 397960

11:11:22.692 [AsyncHttpClient-1-6] DEBUG org.asynchttpclient.netty.channel.ChannelManager - Adding key: http://localhost:52296 for channel [id: 0x478077ef, L:/127.0.0.1:61096 - R:localhost/127.0.0.1:52296]
11:11:22.730 [main] DEBUG net.serenitybdd.core.photography.Darkroom - Send negative for processing for target\site\serenity\cbeceb493b3cc14d3791ff263ea0078986a8fbc23e395c454f06e0ce9a24f68d.png
11:11:22.730 [main] DEBUG net.thucydides.core.steps.StepInterceptor - STEP DONE: checkValidDataPasien
  &amp#27;[32mAnd &amp#27;[0m&amp#27;[32mValid data pasien&amp#27;[0m                                                  &amp#27;[90m# starter.stepdefinitios.PatientDataSteps.validDataPasien()&amp#27;[0m
11:11:22.764 [AsyncHttpClient-1-8] DEBUG org.asynchttpclient.netty.handler.WebSocketHandler - Channel Closed: [id: 0xb0b79245, L:/127.0.0.1:61113 ! R:localhost/127.0.0.1:61100] with attribute NettyResponseFuture{currentRetry=5,
	isDone=1,
	isCancelled=0,
	asyncHandler=org.asynchttpclient.ws.WebSocketUpgradeHandler@1b2689cf,
	nettyRequest=org.asynchttpclient.netty.request.NettyRequest@3c207418,
	future=java.util.concurrent.CompletableFuture@51c2077b[Completed normally],
	uri=ws://localhost:61100/devtools/browser/71fb1ce2-9964-4c0e-a90c-1220bd648f19,
	keepAlive=true,
	redirectCount=0,
	timeoutsHolder=null,
	inAuth=0,
	touch=1655525470022}
11:11:22.764 [AsyncHttpClient-1-8] DEBUG org.asynchttpclient.netty.channel.ChannelManager - Closing Channel [id: 0xb0b79245, L:/127.0.0.1:61113 ! R:localhost/127.0.0.1:61100] 
11:11:22.765 [Driver Command Executor] DEBUG org.asynchttpclient.netty.request.NettyRequestSender - Using pooled Channel '[id: 0x478077ef, L:/127.0.0.1:61096 - R:localhost/127.0.0.1:52296]' for 'DELETE' to 'http://localhost:52296/session/0096195de075bda74ad17cbe45154cbd'
11:11:22.765 [Driver Command Executor] DEBUG org.asynchttpclient.netty.request.NettyRequestSender - Using open Channel [id: 0x478077ef, L:/127.0.0.1:61096 - R:localhost/127.0.0.1:52296] for DELETE '/session/0096195de075bda74ad17cbe45154cbd'
11:11:22.866 [AsyncHttpClient-1-7] DEBUG org.asynchttpclient.netty.handler.HttpHandler - Unexpected I/O exception on channel [id: 0x12fb3b08, L:/127.0.0.1:61112 - R:localhost/127.0.0.1:61100]
java.io.IOException: An existing connection was forcibly closed by the remote host
	at java.base/sun.nio.ch.SocketDispatcher.read0(Native Method)
	at java.base/sun.nio.ch.SocketDispatcher.read(SocketDispatcher.java:43)
	at java.base/sun.nio.ch.IOUtil.readIntoNativeBuffer(IOUtil.java:276)
	at java.base/sun.nio.ch.IOUtil.read(IOUtil.java:233)
	at java.base/sun.nio.ch.IOUtil.read(IOUtil.java:223)
	at java.base/sun.nio.ch.SocketChannelImpl.read(SocketChannelImpl.java:358)
	at io.netty.buffer.PooledByteBuf.setBytes(PooledByteBuf.java:258)
	at io.netty.buffer.AbstractByteBuf.writeBytes(AbstractByteBuf.java:1132)
	at io.netty.channel.socket.nio.NioSocketChannel.doReadBytes(NioSocketChannel.java:350)
	at io.netty.channel.nio.AbstractNioByteChannel$NioByteUnsafe.read(AbstractNioByteChannel.java:151)
	at io.netty.channel.nio.NioEventLoop.processSelectedKey(NioEventLoop.java:722)
	at io.netty.channel.nio.NioEventLoop.processSelectedKeysOptimized(NioEventLoop.java:658)
	at io.netty.channel.nio.NioEventLoop.processSelectedKeys(NioEventLoop.java:584)
	at io.netty.channel.nio.NioEventLoop.run(NioEventLoop.java:496)
	at io.netty.util.concurrent.SingleThreadEventExecutor$4.run(SingleThreadEventExecutor.java:986)
	at io.netty.util.internal.ThreadExecutorMap$2.run(ThreadExecutorMap.java:74)
	at io.netty.util.concurrent.FastThreadLocalRunnable.run(FastThreadLocalRunnable.java:30)
	at java.base/java.lang.Thread.run(Thread.java:834)
11:11:22.867 [AsyncHttpClient-1-7] DEBUG org.asynchttpclient.netty.channel.ChannelManager - Closing Channel [id: 0x12fb3b08, L:/127.0.0.1:61112 - R:localhost/127.0.0.1:61100] 
11:11:22.868 [AsyncHttpClient-1-7] DEBUG org.asynchttpclient.netty.handler.HttpHandler - Channel Closed: [id: 0x12fb3b08, L:/127.0.0.1:61112 ! R:localhost/127.0.0.1:61100] with attribute DISCARD
11:11:23.054 [AsyncHttpClient-1-6] DEBUG org.asynchttpclient.netty.handler.HttpHandler - 

Request DefaultFullHttpRequest(decodeResult: success, version: HTTP/1.1, content: EmptyByteBufBE)
DELETE /session/0096195de075bda74ad17cbe45154cbd HTTP/1.1
User-Agent: selenium/4.1.2 (java windows)
Content-Type: application/json; charset=utf-8
host: localhost:52296
accept: */*

Response DefaultHttpResponse(decodeResult: success, version: HTTP/1.1)
HTTP/1.1 200 OK
Content-Type: application/json; charset=utf-8
cache-control: no-cache
content-length: 14

11:11:23.055 [AsyncHttpClient-1-6] DEBUG org.asynchttpclient.netty.channel.ChannelManager - Adding key: http://localhost:52296 for channel [id: 0x478077ef, L:/127.0.0.1:61096 - R:localhost/127.0.0.1:52296]
11:11:23.419 [AsyncHttpClient-1-1] DEBUG org.asynchttpclient.netty.channel.DefaultChannelPool - Entry count for : http://localhost:61100 : 1
11:11:23.419 [AsyncHttpClient-1-1] DEBUG org.asynchttpclient.netty.channel.DefaultChannelPool - Entry count for : http://localhost:52296 : 1
11:11:23.419 [AsyncHttpClient-1-1] DEBUG org.asynchttpclient.netty.channel.DefaultChannelPool - Adding Candidate expired Channel [id: 0x12fb3b08, L:/127.0.0.1:61112 ! R:localhost/127.0.0.1:61100] isIdleTimeoutExpired=false isRemotelyClosed=true isTtlExpired=false
11:11:23.419 [AsyncHttpClient-1-1] DEBUG org.asynchttpclient.netty.channel.DefaultChannelPool - Closing Idle Channel [id: 0x12fb3b08, L:/127.0.0.1:61112 ! R:localhost/127.0.0.1:61100]
11:11:23.419 [AsyncHttpClient-1-1] DEBUG org.asynchttpclient.netty.channel.DefaultChannelPool - Closed 1 connections out of 2 in 0 ms
11:11:23.518 [AsyncHttpClient-1-6] DEBUG org.asynchttpclient.netty.handler.HttpHandler - Channel Closed: [id: 0x478077ef, L:/127.0.0.1:61096 ! R:localhost/127.0.0.1:52296] with attribute DISCARD
]]></system-out>
    <system-err><![CDATA[Starting ChromeDriver 102.0.5005.61 (0e59bcc00cc4985ce39ad31c150065f159d95ad3-refs/branch-heads/5005@{#819}) on port 52296
Only local connections are allowed.
Please see https://chromedriver.chromium.org/security-considerations for suggestions on keeping ChromeDriver safe.
ChromeDriver was started successfully.
Jun 18, 2022 11:11:09 AM org.openqa.selenium.remote.ProtocolHandshake createSession
INFO: Detected dialect: W3C
Jun 18, 2022 11:11:10 AM org.openqa.selenium.devtools.CdpVersionFinder findNearestMatch
WARNING: Unable to find an exact match for CDP version 102, so returning the closest version found: a no-op implementation
Jun 18, 2022 11:11:10 AM org.openqa.selenium.devtools.CdpVersionFinder findNearestMatch
INFO: Unable to find CDP implementation matching 102.
Jun 18, 2022 11:11:10 AM org.openqa.selenium.chromium.ChromiumDriver lambda$new$3
WARNING: Unable to find version of CDP to use for . You may need to include a dependency on a specific version of the CDP using something similar to `org.seleniumhq.selenium:selenium-devtools-v86:4.1.2` where the version ("v86") matches the version of the chromium-based browser you're using and the version number of the artifact is the same as Selenium's.
[1655525479.561][WARNING]: unexpected alert open: {Alert text : Data telah ditambah}, cancelling screenshot
]]></system-err>
  </testcase>
  <testcase name="As a admin i want to add data pasien #5" classname="Add Data Pasien - Admin" time="19.25">
    <system-out><![CDATA[
@AddDataPasien @AddPatientDataWithJK
Scenario Outline: As a admin i want to add data pasien          &amp#27;[90m# src/test/resources/features/AddDataPasien.feature:18&amp#27;[0m
11:11:24.072 [main] INFO io.cucumber.core.plugin.SerenityReporter - Running feature from file:///D:/New%20folder%20(2)/Capstone/Testing/src/test/resources/features/AddDataPasien.feature
11:11:24.160 [main] DEBUG net.thucydides.core.steps.StepInterceptor - STARTING STEP: PatientDataSteps.openPageDataPasien - openDataPasien
11:11:24.164 [main] INFO net.serenitybdd.core.webdriver.driverproviders.ChromeDriverProvider - Using automatically driver download
11:11:24.443 [main] DEBUG io.github.bonigarcia.wdm.cache.ResolutionCache - Resolution chrome=102 in cache (valid until 12:10:27 18/06/2022 ICT)
11:11:24.490 [main] DEBUG io.github.bonigarcia.wdm.cache.ResolutionCache - Resolution chrome102=102.0.5005.61 in cache (valid until 19:49:35 18/06/2022 ICT)
11:11:24.498 [main] INFO io.github.bonigarcia.wdm.WebDriverManager - Using chromedriver 102.0.5005.61 (resolved driver for Chrome 102)
11:11:24.514 [AsyncHttpClient-1-1] DEBUG org.asynchttpclient.netty.channel.DefaultChannelPool - Entry count for : http://localhost:52296 : 1
11:11:24.514 [AsyncHttpClient-1-1] DEBUG org.asynchttpclient.netty.channel.DefaultChannelPool - Adding Candidate expired Channel [id: 0x478077ef, L:/127.0.0.1:61096 ! R:localhost/127.0.0.1:52296] isIdleTimeoutExpired=false isRemotelyClosed=true isTtlExpired=false
11:11:24.514 [AsyncHttpClient-1-1] DEBUG org.asynchttpclient.netty.channel.DefaultChannelPool - Closing Idle Channel [id: 0x478077ef, L:/127.0.0.1:61096 ! R:localhost/127.0.0.1:52296]
11:11:24.514 [AsyncHttpClient-1-1] DEBUG org.asynchttpclient.netty.channel.DefaultChannelPool - Closed 1 connections out of 1 in 0 ms
11:11:24.553 [main] DEBUG io.github.bonigarcia.wdm.WebDriverManager - Driver chromedriver 102.0.5005.61 found in cache
11:11:24.555 [main] INFO io.github.bonigarcia.wdm.WebDriverManager - Exporting webdriver.chrome.driver as C:\Users\ASUS\.cache\selenium\chromedriver\win32\102.0.5005.61\chromedriver.exe
11:11:24.833 [main] DEBUG net.serenitybdd.core.webdriver.driverproviders.ProvideNewDriver - Instantiating driver
11:11:24.833 [main] DEBUG net.serenitybdd.core.webdriver.driverproviders.ProvideNewDriver - Driver capabilities: Capabilities {acceptInsecureCerts: false, base.url: https://fanciful-trifle-360..., browserName: chrome, chore.driver: src/test/resources/webdrive..., driver: chrome, goog:chromeOptions: {args: [], extensions: []}}
11:11:25.399 [AsyncHttpClient-1-9] DEBUG org.asynchttpclient.netty.channel.NettyConnectListener - Using new Channel '[id: 0xf687a5f2, L:/127.0.0.1:61140 - R:localhost/127.0.0.1:53757]' for 'POST' to '/session'
11:11:27.418 [AsyncHttpClient-1-9] DEBUG org.asynchttpclient.netty.handler.HttpHandler - 

Request DefaultHttpRequest(decodeResult: success, version: HTTP/1.1)
POST /session HTTP/1.1
User-Agent: selenium/4.1.2 (java windows)
Content-Length: 628
Content-Type: application/json; charset=utf-8
host: localhost:53757
accept: */*

Response DefaultHttpResponse(decodeResult: success, version: HTTP/1.1)
HTTP/1.1 200 OK
Content-Type: application/json; charset=utf-8
cache-control: no-cache
content-length: 789

11:11:27.418 [AsyncHttpClient-1-9] DEBUG org.asynchttpclient.netty.channel.ChannelManager - Adding key: http://localhost:53757 for channel [id: 0xf687a5f2, L:/127.0.0.1:61140 - R:localhost/127.0.0.1:53757]
11:11:27.445 [AsyncHttpClient-1-2] DEBUG org.asynchttpclient.netty.channel.NettyConnectListener - Using new Channel '[id: 0x57c699a3, L:/127.0.0.1:61152 - R:localhost/127.0.0.1:61142]' for 'GET' to '/json/version'
11:11:27.449 [AsyncHttpClient-1-2] DEBUG org.asynchttpclient.netty.handler.HttpHandler - 

Request DefaultFullHttpRequest(decodeResult: success, version: HTTP/1.1, content: EmptyByteBufBE)
GET /json/version HTTP/1.1
User-Agent: selenium/4.1.2 (java windows)
host: localhost:61142
accept: */*

Response DefaultHttpResponse(decodeResult: success, version: HTTP/1.1)
HTTP/1.1 200 OK
Content-Type: application/json; charset=UTF-8
content-length: 428

11:11:27.449 [AsyncHttpClient-1-2] DEBUG org.asynchttpclient.netty.channel.ChannelManager - Adding key: http://localhost:61142 for channel [id: 0x57c699a3, L:/127.0.0.1:61152 - R:localhost/127.0.0.1:61142]
11:11:27.458 [AsyncHttpClient-1-3] DEBUG org.asynchttpclient.netty.channel.NettyConnectListener - Using new Channel '[id: 0x4dcde5d5, L:/127.0.0.1:61153 - R:localhost/127.0.0.1:61142]' for 'GET' to '/devtools/browser/69e9abaf-8264-4333-a6d5-9279e0eb11ab'
11:11:27.462 [AsyncHttpClient-1-3] DEBUG org.asynchttpclient.netty.handler.WebSocketHandler - 

Request DefaultFullHttpRequest(decodeResult: success, version: HTTP/1.1, content: EmptyByteBufBE)
GET /devtools/browser/69e9abaf-8264-4333-a6d5-9279e0eb11ab HTTP/1.1
upgrade: websocket
connection: upgrade
sec-websocket-key: Aul9tZZZbRFg6dol9JqpmA==
sec-websocket-version: 13
origin: http://localhost:61142
host: localhost:61142
accept: */*
user-agent: AHC/2.1

Response DefaultHttpResponse(decodeResult: success, version: HTTP/1.1)
HTTP/1.1 101 WebSocket Protocol Handshake
Upgrade: WebSocket
Connection: Upgrade
Sec-WebSocket-Accept: jj/xqaH1wQ5aiKCsEh+p4zEQpmo=

11:11:27.474 [Forwarding get on session a6fb63fda2a463b012c83f92405f5105 to remote] DEBUG org.asynchttpclient.netty.request.NettyRequestSender - Using pooled Channel '[id: 0xf687a5f2, L:/127.0.0.1:61140 - R:localhost/127.0.0.1:53757]' for 'POST' to 'http://localhost:53757/session/a6fb63fda2a463b012c83f92405f5105/url'
11:11:27.474 [Forwarding get on session a6fb63fda2a463b012c83f92405f5105 to remote] DEBUG org.asynchttpclient.netty.request.NettyRequestSender - Using open Channel [id: 0xf687a5f2, L:/127.0.0.1:61140 - R:localhost/127.0.0.1:53757] for POST '/session/a6fb63fda2a463b012c83f92405f5105/url'
11:11:27.817 [AsyncHttpClient-1-1] DEBUG org.asynchttpclient.netty.channel.DefaultChannelPool - Entry count for : http://localhost:61142 : 1
11:11:28.917 [AsyncHttpClient-1-1] DEBUG org.asynchttpclient.netty.channel.DefaultChannelPool - Entry count for : http://localhost:61142 : 1
11:11:29.105 [AsyncHttpClient-1-9] DEBUG org.asynchttpclient.netty.handler.HttpHandler - 

Request DefaultHttpRequest(decodeResult: success, version: HTTP/1.1)
POST /session/a6fb63fda2a463b012c83f92405f5105/url HTTP/1.1
User-Agent: selenium/4.1.2 (java windows)
Content-Length: 84
Content-Type: application/json; charset=utf-8
host: localhost:53757
accept: */*

Response DefaultHttpResponse(decodeResult: success, version: HTTP/1.1)
HTTP/1.1 200 OK
Content-Type: application/json; charset=utf-8
cache-control: no-cache
content-length: 14

11:11:29.105 [AsyncHttpClient-1-9] DEBUG org.asynchttpclient.netty.channel.ChannelManager - Adding key: http://localhost:53757 for channel [id: 0xf687a5f2, L:/127.0.0.1:61140 - R:localhost/127.0.0.1:53757]
11:11:29.112 [Forwarding setTimeout on session a6fb63fda2a463b012c83f92405f5105 to remote] DEBUG org.asynchttpclient.netty.request.NettyRequestSender - Using pooled Channel '[id: 0xf687a5f2, L:/127.0.0.1:61140 - R:localhost/127.0.0.1:53757]' for 'POST' to 'http://localhost:53757/session/a6fb63fda2a463b012c83f92405f5105/timeouts'
11:11:29.112 [Forwarding setTimeout on session a6fb63fda2a463b012c83f92405f5105 to remote] DEBUG org.asynchttpclient.netty.request.NettyRequestSender - Using open Channel [id: 0xf687a5f2, L:/127.0.0.1:61140 - R:localhost/127.0.0.1:53757] for POST '/session/a6fb63fda2a463b012c83f92405f5105/timeouts'
11:11:29.121 [AsyncHttpClient-1-9] DEBUG org.asynchttpclient.netty.handler.HttpHandler - 

Request DefaultHttpRequest(decodeResult: success, version: HTTP/1.1)
POST /session/a6fb63fda2a463b012c83f92405f5105/timeouts HTTP/1.1
User-Agent: selenium/4.1.2 (java windows)
Content-Length: 22
Content-Type: application/json; charset=utf-8
host: localhost:53757
accept: */*

Response DefaultHttpResponse(decodeResult: success, version: HTTP/1.1)
HTTP/1.1 200 OK
Content-Type: application/json; charset=utf-8
cache-control: no-cache
content-length: 14

11:11:29.121 [AsyncHttpClient-1-9] DEBUG org.asynchttpclient.netty.channel.ChannelManager - Adding key: http://localhost:53757 for channel [id: 0xf687a5f2, L:/127.0.0.1:61140 - R:localhost/127.0.0.1:53757]
11:11:29.132 [Forwarding getCurrentUrl on session a6fb63fda2a463b012c83f92405f5105 to remote] DEBUG org.asynchttpclient.netty.request.NettyRequestSender - Using pooled Channel '[id: 0xf687a5f2, L:/127.0.0.1:61140 - R:localhost/127.0.0.1:53757]' for 'GET' to 'http://localhost:53757/session/a6fb63fda2a463b012c83f92405f5105/url'
11:11:29.132 [Forwarding getCurrentUrl on session a6fb63fda2a463b012c83f92405f5105 to remote] DEBUG org.asynchttpclient.netty.request.NettyRequestSender - Using open Channel [id: 0xf687a5f2, L:/127.0.0.1:61140 - R:localhost/127.0.0.1:53757] for GET '/session/a6fb63fda2a463b012c83f92405f5105/url'
11:11:29.141 [AsyncHttpClient-1-9] DEBUG org.asynchttpclient.netty.handler.HttpHandler - 

Request DefaultFullHttpRequest(decodeResult: success, version: HTTP/1.1, content: EmptyByteBufBE)
GET /session/a6fb63fda2a463b012c83f92405f5105/url HTTP/1.1
User-Agent: selenium/4.1.2 (java windows)
Cache-Control: no-cache
Content-Type: application/json; charset=utf-8
host: localhost:53757
accept: */*

Response DefaultHttpResponse(decodeResult: success, version: HTTP/1.1)
HTTP/1.1 200 OK
Content-Type: application/json; charset=utf-8
cache-control: no-cache
content-length: 66

11:11:29.141 [AsyncHttpClient-1-9] DEBUG org.asynchttpclient.netty.channel.ChannelManager - Adding key: http://localhost:53757 for channel [id: 0xf687a5f2, L:/127.0.0.1:61140 - R:localhost/127.0.0.1:53757]
11:11:29.155 [Forwarding screenshot on session a6fb63fda2a463b012c83f92405f5105 to remote] DEBUG org.asynchttpclient.netty.request.NettyRequestSender - Using pooled Channel '[id: 0xf687a5f2, L:/127.0.0.1:61140 - R:localhost/127.0.0.1:53757]' for 'GET' to 'http://localhost:53757/session/a6fb63fda2a463b012c83f92405f5105/screenshot'
11:11:29.155 [Forwarding screenshot on session a6fb63fda2a463b012c83f92405f5105 to remote] DEBUG org.asynchttpclient.netty.request.NettyRequestSender - Using open Channel [id: 0xf687a5f2, L:/127.0.0.1:61140 - R:localhost/127.0.0.1:53757] for GET '/session/a6fb63fda2a463b012c83f92405f5105/screenshot'
11:11:30.015 [AsyncHttpClient-1-1] DEBUG org.asynchttpclient.netty.channel.DefaultChannelPool - Entry count for : http://localhost:61142 : 1
11:11:30.350 [AsyncHttpClient-1-9] DEBUG org.asynchttpclient.netty.handler.HttpHandler - 

Request DefaultFullHttpRequest(decodeResult: success, version: HTTP/1.1, content: EmptyByteBufBE)
GET /session/a6fb63fda2a463b012c83f92405f5105/screenshot HTTP/1.1
User-Agent: selenium/4.1.2 (java windows)
Cache-Control: no-cache
Content-Type: application/json; charset=utf-8
host: localhost:53757
accept: */*

Response DefaultHttpResponse(decodeResult: success, version: HTTP/1.1)
HTTP/1.1 200 OK
Content-Type: application/json; charset=utf-8
cache-control: no-cache
content-length: 80400

11:11:30.354 [AsyncHttpClient-1-9] DEBUG org.asynchttpclient.netty.channel.ChannelManager - Adding key: http://localhost:53757 for channel [id: 0xf687a5f2, L:/127.0.0.1:61140 - R:localhost/127.0.0.1:53757]
11:11:30.361 [main] DEBUG net.serenitybdd.core.photography.Darkroom - Send negative for processing for target\site\serenity\a3231f9a66cebc1d95e328ca1f176ee80278db645b621ee7253d4b5ca2ddb446.png
11:11:30.361 [main] DEBUG net.thucydides.core.steps.StepInterceptor - STEP DONE: openDataPasien
  &amp#27;[32mGiven &amp#27;[0m&amp#27;[32mOpen page data pasien&amp#27;[0m                                   &amp#27;[90m# starter.stepdefinitios.PatientDataSteps.openPageDataPasien()&amp#27;[0m
11:11:30.363 [Darkroom Processing Line] DEBUG net.serenitybdd.core.photography.DarkroomProcessingLine - Processing screenshot image in /var/screenshots/screenshot-7565728249749253188
11:11:30.363 [Darkroom Processing Line] DEBUG net.serenitybdd.core.photography.DarkroomProcessingLine - Saving screenshot to target\site\serenity\a3231f9a66cebc1d95e328ca1f176ee80278db645b621ee7253d4b5ca2ddb446.png
11:11:30.414 [main] DEBUG net.thucydides.core.steps.StepInterceptor - STARTING STEP: PatientDataSteps.clickButtonTambahData - clickButtonTambah
11:11:30.421 [Forwarding findElement on session a6fb63fda2a463b012c83f92405f5105 to remote] DEBUG org.asynchttpclient.netty.request.NettyRequestSender - Using pooled Channel '[id: 0xf687a5f2, L:/127.0.0.1:61140 - R:localhost/127.0.0.1:53757]' for 'POST' to 'http://localhost:53757/session/a6fb63fda2a463b012c83f92405f5105/element'
11:11:30.421 [Forwarding findElement on session a6fb63fda2a463b012c83f92405f5105 to remote] DEBUG org.asynchttpclient.netty.request.NettyRequestSender - Using open Channel [id: 0xf687a5f2, L:/127.0.0.1:61140 - R:localhost/127.0.0.1:53757] for POST '/session/a6fb63fda2a463b012c83f92405f5105/element'
11:11:30.454 [AsyncHttpClient-1-9] DEBUG org.asynchttpclient.netty.handler.HttpHandler - 

Request DefaultHttpRequest(decodeResult: success, version: HTTP/1.1)
POST /session/a6fb63fda2a463b012c83f92405f5105/element HTTP/1.1
User-Agent: selenium/4.1.2 (java windows)
Content-Length: 109
Content-Type: application/json; charset=utf-8
host: localhost:53757
accept: */*

Response DefaultHttpResponse(decodeResult: success, version: HTTP/1.1)
HTTP/1.1 200 OK
Content-Type: application/json; charset=utf-8
cache-control: no-cache
content-length: 88

11:11:30.454 [AsyncHttpClient-1-9] DEBUG org.asynchttpclient.netty.channel.ChannelManager - Adding key: http://localhost:53757 for channel [id: 0xf687a5f2, L:/127.0.0.1:61140 - R:localhost/127.0.0.1:53757]
11:11:30.456 [Forwarding getElementTagName on session a6fb63fda2a463b012c83f92405f5105 to remote] DEBUG org.asynchttpclient.netty.request.NettyRequestSender - Using pooled Channel '[id: 0xf687a5f2, L:/127.0.0.1:61140 - R:localhost/127.0.0.1:53757]' for 'GET' to 'http://localhost:53757/session/a6fb63fda2a463b012c83f92405f5105/element/a547f0a0-3685-4f6d-bdc8-e32763555300/name'
11:11:30.457 [Forwarding getElementTagName on session a6fb63fda2a463b012c83f92405f5105 to remote] DEBUG org.asynchttpclient.netty.request.NettyRequestSender - Using open Channel [id: 0xf687a5f2, L:/127.0.0.1:61140 - R:localhost/127.0.0.1:53757] for GET '/session/a6fb63fda2a463b012c83f92405f5105/element/a547f0a0-3685-4f6d-bdc8-e32763555300/name'
11:11:30.468 [AsyncHttpClient-1-9] DEBUG org.asynchttpclient.netty.handler.HttpHandler - 

Request DefaultFullHttpRequest(decodeResult: success, version: HTTP/1.1, content: EmptyByteBufBE)
GET /session/a6fb63fda2a463b012c83f92405f5105/element/a547f0a0-3685-4f6d-bdc8-e32763555300/name HTTP/1.1
User-Agent: selenium/4.1.2 (java windows)
Cache-Control: no-cache
Content-Type: application/json; charset=utf-8
host: localhost:53757
accept: */*

Response DefaultHttpResponse(decodeResult: success, version: HTTP/1.1)
HTTP/1.1 200 OK
Content-Type: application/json; charset=utf-8
cache-control: no-cache
content-length: 18

11:11:30.468 [AsyncHttpClient-1-9] DEBUG org.asynchttpclient.netty.channel.ChannelManager - Adding key: http://localhost:53757 for channel [id: 0xf687a5f2, L:/127.0.0.1:61140 - R:localhost/127.0.0.1:53757]
11:11:30.471 [Forwarding getElementTagName on session a6fb63fda2a463b012c83f92405f5105 to remote] DEBUG org.asynchttpclient.netty.request.NettyRequestSender - Using pooled Channel '[id: 0xf687a5f2, L:/127.0.0.1:61140 - R:localhost/127.0.0.1:53757]' for 'GET' to 'http://localhost:53757/session/a6fb63fda2a463b012c83f92405f5105/element/a547f0a0-3685-4f6d-bdc8-e32763555300/name'
11:11:30.471 [Forwarding getElementTagName on session a6fb63fda2a463b012c83f92405f5105 to remote] DEBUG org.asynchttpclient.netty.request.NettyRequestSender - Using open Channel [id: 0xf687a5f2, L:/127.0.0.1:61140 - R:localhost/127.0.0.1:53757] for GET '/session/a6fb63fda2a463b012c83f92405f5105/element/a547f0a0-3685-4f6d-bdc8-e32763555300/name'
11:11:30.480 [AsyncHttpClient-1-9] DEBUG org.asynchttpclient.netty.handler.HttpHandler - 

Request DefaultFullHttpRequest(decodeResult: success, version: HTTP/1.1, content: EmptyByteBufBE)
GET /session/a6fb63fda2a463b012c83f92405f5105/element/a547f0a0-3685-4f6d-bdc8-e32763555300/name HTTP/1.1
User-Agent: selenium/4.1.2 (java windows)
Cache-Control: no-cache
Content-Type: application/json; charset=utf-8
host: localhost:53757
accept: */*

Response DefaultHttpResponse(decodeResult: success, version: HTTP/1.1)
HTTP/1.1 200 OK
Content-Type: application/json; charset=utf-8
cache-control: no-cache
content-length: 18

11:11:30.480 [AsyncHttpClient-1-9] DEBUG org.asynchttpclient.netty.channel.ChannelManager - Adding key: http://localhost:53757 for channel [id: 0xf687a5f2, L:/127.0.0.1:61140 - R:localhost/127.0.0.1:53757]
11:11:30.483 [Forwarding isElementEnabled on session a6fb63fda2a463b012c83f92405f5105 to remote] DEBUG org.asynchttpclient.netty.request.NettyRequestSender - Using pooled Channel '[id: 0xf687a5f2, L:/127.0.0.1:61140 - R:localhost/127.0.0.1:53757]' for 'GET' to 'http://localhost:53757/session/a6fb63fda2a463b012c83f92405f5105/element/a547f0a0-3685-4f6d-bdc8-e32763555300/enabled'
11:11:30.483 [Forwarding isElementEnabled on session a6fb63fda2a463b012c83f92405f5105 to remote] DEBUG org.asynchttpclient.netty.request.NettyRequestSender - Using open Channel [id: 0xf687a5f2, L:/127.0.0.1:61140 - R:localhost/127.0.0.1:53757] for GET '/session/a6fb63fda2a463b012c83f92405f5105/element/a547f0a0-3685-4f6d-bdc8-e32763555300/enabled'
11:11:30.501 [AsyncHttpClient-1-9] DEBUG org.asynchttpclient.netty.handler.HttpHandler - 

Request DefaultFullHttpRequest(decodeResult: success, version: HTTP/1.1, content: EmptyByteBufBE)
GET /session/a6fb63fda2a463b012c83f92405f5105/element/a547f0a0-3685-4f6d-bdc8-e32763555300/enabled HTTP/1.1
User-Agent: selenium/4.1.2 (java windows)
Cache-Control: no-cache
Content-Type: application/json; charset=utf-8
host: localhost:53757
accept: */*

Response DefaultHttpResponse(decodeResult: success, version: HTTP/1.1)
HTTP/1.1 200 OK
Content-Type: application/json; charset=utf-8
cache-control: no-cache
content-length: 14

11:11:30.501 [AsyncHttpClient-1-9] DEBUG org.asynchttpclient.netty.channel.ChannelManager - Adding key: http://localhost:53757 for channel [id: 0xf687a5f2, L:/127.0.0.1:61140 - R:localhost/127.0.0.1:53757]
11:11:30.528 [Forwarding isElementEnabled on session a6fb63fda2a463b012c83f92405f5105 to remote] DEBUG org.asynchttpclient.netty.request.NettyRequestSender - Using pooled Channel '[id: 0xf687a5f2, L:/127.0.0.1:61140 - R:localhost/127.0.0.1:53757]' for 'GET' to 'http://localhost:53757/session/a6fb63fda2a463b012c83f92405f5105/element/a547f0a0-3685-4f6d-bdc8-e32763555300/enabled'
11:11:30.528 [Forwarding isElementEnabled on session a6fb63fda2a463b012c83f92405f5105 to remote] DEBUG org.asynchttpclient.netty.request.NettyRequestSender - Using open Channel [id: 0xf687a5f2, L:/127.0.0.1:61140 - R:localhost/127.0.0.1:53757] for GET '/session/a6fb63fda2a463b012c83f92405f5105/element/a547f0a0-3685-4f6d-bdc8-e32763555300/enabled'
11:11:30.546 [AsyncHttpClient-1-9] DEBUG org.asynchttpclient.netty.handler.HttpHandler - 

Request DefaultFullHttpRequest(decodeResult: success, version: HTTP/1.1, content: EmptyByteBufBE)
GET /session/a6fb63fda2a463b012c83f92405f5105/element/a547f0a0-3685-4f6d-bdc8-e32763555300/enabled HTTP/1.1
User-Agent: selenium/4.1.2 (java windows)
Cache-Control: no-cache
Content-Type: application/json; charset=utf-8
host: localhost:53757
accept: */*

Response DefaultHttpResponse(decodeResult: success, version: HTTP/1.1)
HTTP/1.1 200 OK
Content-Type: application/json; charset=utf-8
cache-control: no-cache
content-length: 14

11:11:30.546 [AsyncHttpClient-1-9] DEBUG org.asynchttpclient.netty.channel.ChannelManager - Adding key: http://localhost:53757 for channel [id: 0xf687a5f2, L:/127.0.0.1:61140 - R:localhost/127.0.0.1:53757]
11:11:30.550 [Forwarding findElement on session a6fb63fda2a463b012c83f92405f5105 to remote] DEBUG org.asynchttpclient.netty.request.NettyRequestSender - Using pooled Channel '[id: 0xf687a5f2, L:/127.0.0.1:61140 - R:localhost/127.0.0.1:53757]' for 'POST' to 'http://localhost:53757/session/a6fb63fda2a463b012c83f92405f5105/element'
11:11:30.550 [Forwarding findElement on session a6fb63fda2a463b012c83f92405f5105 to remote] DEBUG org.asynchttpclient.netty.request.NettyRequestSender - Using open Channel [id: 0xf687a5f2, L:/127.0.0.1:61140 - R:localhost/127.0.0.1:53757] for POST '/session/a6fb63fda2a463b012c83f92405f5105/element'
11:11:30.568 [AsyncHttpClient-1-9] DEBUG org.asynchttpclient.netty.handler.HttpHandler - 

Request DefaultHttpRequest(decodeResult: success, version: HTTP/1.1)
POST /session/a6fb63fda2a463b012c83f92405f5105/element HTTP/1.1
User-Agent: selenium/4.1.2 (java windows)
Content-Length: 109
Content-Type: application/json; charset=utf-8
host: localhost:53757
accept: */*

Response DefaultHttpResponse(decodeResult: success, version: HTTP/1.1)
HTTP/1.1 200 OK
Content-Type: application/json; charset=utf-8
cache-control: no-cache
content-length: 88

11:11:30.568 [AsyncHttpClient-1-9] DEBUG org.asynchttpclient.netty.channel.ChannelManager - Adding key: http://localhost:53757 for channel [id: 0xf687a5f2, L:/127.0.0.1:61140 - R:localhost/127.0.0.1:53757]
11:11:30.571 [Forwarding clickElement on session a6fb63fda2a463b012c83f92405f5105 to remote] DEBUG org.asynchttpclient.netty.request.NettyRequestSender - Using pooled Channel '[id: 0xf687a5f2, L:/127.0.0.1:61140 - R:localhost/127.0.0.1:53757]' for 'POST' to 'http://localhost:53757/session/a6fb63fda2a463b012c83f92405f5105/element/a547f0a0-3685-4f6d-bdc8-e32763555300/click'
11:11:30.571 [Forwarding clickElement on session a6fb63fda2a463b012c83f92405f5105 to remote] DEBUG org.asynchttpclient.netty.request.NettyRequestSender - Using open Channel [id: 0xf687a5f2, L:/127.0.0.1:61140 - R:localhost/127.0.0.1:53757] for POST '/session/a6fb63fda2a463b012c83f92405f5105/element/a547f0a0-3685-4f6d-bdc8-e32763555300/click'
11:11:31.039 [AsyncHttpClient-1-9] DEBUG org.asynchttpclient.netty.handler.HttpHandler - 

Request DefaultHttpRequest(decodeResult: success, version: HTTP/1.1)
POST /session/a6fb63fda2a463b012c83f92405f5105/element/a547f0a0-3685-4f6d-bdc8-e32763555300/click HTTP/1.1
User-Agent: selenium/4.1.2 (java windows)
Content-Length: 50
Content-Type: application/json; charset=utf-8
host: localhost:53757
accept: */*

Response DefaultHttpResponse(decodeResult: success, version: HTTP/1.1)
HTTP/1.1 200 OK
Content-Type: application/json; charset=utf-8
cache-control: no-cache
content-length: 14

11:11:31.039 [AsyncHttpClient-1-9] DEBUG org.asynchttpclient.netty.channel.ChannelManager - Adding key: http://localhost:53757 for channel [id: 0xf687a5f2, L:/127.0.0.1:61140 - R:localhost/127.0.0.1:53757]
11:11:31.065 [Forwarding screenshot on session a6fb63fda2a463b012c83f92405f5105 to remote] DEBUG org.asynchttpclient.netty.request.NettyRequestSender - Using pooled Channel '[id: 0xf687a5f2, L:/127.0.0.1:61140 - R:localhost/127.0.0.1:53757]' for 'GET' to 'http://localhost:53757/session/a6fb63fda2a463b012c83f92405f5105/screenshot'
11:11:31.066 [Forwarding screenshot on session a6fb63fda2a463b012c83f92405f5105 to remote] DEBUG org.asynchttpclient.netty.request.NettyRequestSender - Using open Channel [id: 0xf687a5f2, L:/127.0.0.1:61140 - R:localhost/127.0.0.1:53757] for GET '/session/a6fb63fda2a463b012c83f92405f5105/screenshot'
11:11:31.115 [AsyncHttpClient-1-1] DEBUG org.asynchttpclient.netty.channel.DefaultChannelPool - Entry count for : http://localhost:61142 : 1
11:11:31.568 [AsyncHttpClient-1-9] DEBUG org.asynchttpclient.netty.handler.HttpHandler - 

Request DefaultFullHttpRequest(decodeResult: success, version: HTTP/1.1, content: EmptyByteBufBE)
GET /session/a6fb63fda2a463b012c83f92405f5105/screenshot HTTP/1.1
User-Agent: selenium/4.1.2 (java windows)
Cache-Control: no-cache
Content-Type: application/json; charset=utf-8
host: localhost:53757
accept: */*

Response DefaultHttpResponse(decodeResult: success, version: HTTP/1.1)
HTTP/1.1 200 OK
Content-Type: application/json; charset=utf-8
cache-control: no-cache
content-length: 65512

11:11:31.569 [AsyncHttpClient-1-9] DEBUG org.asynchttpclient.netty.channel.ChannelManager - Adding key: http://localhost:53757 for channel [id: 0xf687a5f2, L:/127.0.0.1:61140 - R:localhost/127.0.0.1:53757]
11:11:31.576 [main] DEBUG net.serenitybdd.core.photography.Darkroom - Send negative for processing for target\site\serenity\ec40dcb3956ed215bc6d6fc4f45da232b5548583d74be849d912810fa640f498.png
11:11:31.577 [main] DEBUG net.thucydides.core.steps.StepInterceptor - STEP DONE: clickButtonTambah
  &amp#27;[32mWhen &amp#27;[0m&amp#27;[32mClick button tambah data&amp#27;[0m                                 &amp#27;[90m# starter.stepdefinitios.PatientDataSteps.clickButtonTambahData()&amp#27;[0m
11:11:32.129 [Forwarding screenshot on session a6fb63fda2a463b012c83f92405f5105 to remote] DEBUG org.asynchttpclient.netty.request.NettyRequestSender - Using pooled Channel '[id: 0xf687a5f2, L:/127.0.0.1:61140 - R:localhost/127.0.0.1:53757]' for 'GET' to 'http://localhost:53757/session/a6fb63fda2a463b012c83f92405f5105/screenshot'
11:11:32.130 [Forwarding screenshot on session a6fb63fda2a463b012c83f92405f5105 to remote] DEBUG org.asynchttpclient.netty.request.NettyRequestSender - Using open Channel [id: 0xf687a5f2, L:/127.0.0.1:61140 - R:localhost/127.0.0.1:53757] for GET '/session/a6fb63fda2a463b012c83f92405f5105/screenshot'
11:11:32.213 [AsyncHttpClient-1-1] DEBUG org.asynchttpclient.netty.channel.DefaultChannelPool - Entry count for : http://localhost:61142 : 1
11:11:32.492 [AsyncHttpClient-1-9] DEBUG org.asynchttpclient.netty.handler.HttpHandler - 

Request DefaultFullHttpRequest(decodeResult: success, version: HTTP/1.1, content: EmptyByteBufBE)
GET /session/a6fb63fda2a463b012c83f92405f5105/screenshot HTTP/1.1
User-Agent: selenium/4.1.2 (java windows)
Cache-Control: no-cache
Content-Type: application/json; charset=utf-8
host: localhost:53757
accept: */*

Response DefaultHttpResponse(decodeResult: success, version: HTTP/1.1)
HTTP/1.1 200 OK
Content-Type: application/json; charset=utf-8
cache-control: no-cache
content-length: 397960

11:11:32.495 [AsyncHttpClient-1-9] DEBUG org.asynchttpclient.netty.channel.ChannelManager - Adding key: http://localhost:53757 for channel [id: 0xf687a5f2, L:/127.0.0.1:61140 - R:localhost/127.0.0.1:53757]
11:11:32.523 [main] DEBUG net.serenitybdd.core.photography.Darkroom - Send negative for processing for target\site\serenity\cbeceb493b3cc14d3791ff263ea0078986a8fbc23e395c454f06e0ce9a24f68d.png
11:11:32.524 [main] DEBUG net.thucydides.core.steps.StepInterceptor - STARTING STEP: PatientDataSteps.iInput - inputDataPasien
11:11:32.532 [Forwarding findElement on session a6fb63fda2a463b012c83f92405f5105 to remote] DEBUG org.asynchttpclient.netty.request.NettyRequestSender - Using pooled Channel '[id: 0xf687a5f2, L:/127.0.0.1:61140 - R:localhost/127.0.0.1:53757]' for 'POST' to 'http://localhost:53757/session/a6fb63fda2a463b012c83f92405f5105/element'
11:11:32.532 [Forwarding findElement on session a6fb63fda2a463b012c83f92405f5105 to remote] DEBUG org.asynchttpclient.netty.request.NettyRequestSender - Using open Channel [id: 0xf687a5f2, L:/127.0.0.1:61140 - R:localhost/127.0.0.1:53757] for POST '/session/a6fb63fda2a463b012c83f92405f5105/element'
11:11:32.562 [AsyncHttpClient-1-9] DEBUG org.asynchttpclient.netty.handler.HttpHandler - 

Request DefaultHttpRequest(decodeResult: success, version: HTTP/1.1)
POST /session/a6fb63fda2a463b012c83f92405f5105/element HTTP/1.1
User-Agent: selenium/4.1.2 (java windows)
Content-Length: 166
Content-Type: application/json; charset=utf-8
host: localhost:53757
accept: */*

Response DefaultHttpResponse(decodeResult: success, version: HTTP/1.1)
HTTP/1.1 200 OK
Content-Type: application/json; charset=utf-8
cache-control: no-cache
content-length: 88

11:11:32.562 [AsyncHttpClient-1-9] DEBUG org.asynchttpclient.netty.channel.ChannelManager - Adding key: http://localhost:53757 for channel [id: 0xf687a5f2, L:/127.0.0.1:61140 - R:localhost/127.0.0.1:53757]
11:11:32.564 [Forwarding sendKeysToElement on session a6fb63fda2a463b012c83f92405f5105 to remote] DEBUG org.asynchttpclient.netty.request.NettyRequestSender - Using pooled Channel '[id: 0xf687a5f2, L:/127.0.0.1:61140 - R:localhost/127.0.0.1:53757]' for 'POST' to 'http://localhost:53757/session/a6fb63fda2a463b012c83f92405f5105/element/29c5872a-a125-411c-9623-04af431f11b7/value'
11:11:32.564 [Forwarding sendKeysToElement on session a6fb63fda2a463b012c83f92405f5105 to remote] DEBUG org.asynchttpclient.netty.request.NettyRequestSender - Using open Channel [id: 0xf687a5f2, L:/127.0.0.1:61140 - R:localhost/127.0.0.1:53757] for POST '/session/a6fb63fda2a463b012c83f92405f5105/element/29c5872a-a125-411c-9623-04af431f11b7/value'
11:11:33.051 [AsyncHttpClient-1-9] DEBUG org.asynchttpclient.netty.handler.HttpHandler - 

Request DefaultHttpRequest(decodeResult: success, version: HTTP/1.1)
POST /session/a6fb63fda2a463b012c83f92405f5105/element/29c5872a-a125-411c-9623-04af431f11b7/value HTTP/1.1
User-Agent: selenium/4.1.2 (java windows)
Content-Length: 131
Content-Type: application/json; charset=utf-8
host: localhost:53757
accept: */*

Response DefaultHttpResponse(decodeResult: success, version: HTTP/1.1)
HTTP/1.1 200 OK
Content-Type: application/json; charset=utf-8
cache-control: no-cache
content-length: 14

11:11:33.051 [AsyncHttpClient-1-9] DEBUG org.asynchttpclient.netty.channel.ChannelManager - Adding key: http://localhost:53757 for channel [id: 0xf687a5f2, L:/127.0.0.1:61140 - R:localhost/127.0.0.1:53757]
11:11:33.057 [Forwarding findElement on session a6fb63fda2a463b012c83f92405f5105 to remote] DEBUG org.asynchttpclient.netty.request.NettyRequestSender - Using pooled Channel '[id: 0xf687a5f2, L:/127.0.0.1:61140 - R:localhost/127.0.0.1:53757]' for 'POST' to 'http://localhost:53757/session/a6fb63fda2a463b012c83f92405f5105/element'
11:11:33.058 [Forwarding findElement on session a6fb63fda2a463b012c83f92405f5105 to remote] DEBUG org.asynchttpclient.netty.request.NettyRequestSender - Using open Channel [id: 0xf687a5f2, L:/127.0.0.1:61140 - R:localhost/127.0.0.1:53757] for POST '/session/a6fb63fda2a463b012c83f92405f5105/element'
11:11:33.102 [AsyncHttpClient-1-9] DEBUG org.asynchttpclient.netty.handler.HttpHandler - 

Request DefaultHttpRequest(decodeResult: success, version: HTTP/1.1)
POST /session/a6fb63fda2a463b012c83f92405f5105/element HTTP/1.1
User-Agent: selenium/4.1.2 (java windows)
Content-Length: 166
Content-Type: application/json; charset=utf-8
host: localhost:53757
accept: */*

Response DefaultHttpResponse(decodeResult: success, version: HTTP/1.1)
HTTP/1.1 200 OK
Content-Type: application/json; charset=utf-8
cache-control: no-cache
content-length: 88

11:11:33.102 [AsyncHttpClient-1-9] DEBUG org.asynchttpclient.netty.channel.ChannelManager - Adding key: http://localhost:53757 for channel [id: 0xf687a5f2, L:/127.0.0.1:61140 - R:localhost/127.0.0.1:53757]
11:11:33.106 [Forwarding sendKeysToElement on session a6fb63fda2a463b012c83f92405f5105 to remote] DEBUG org.asynchttpclient.netty.request.NettyRequestSender - Using pooled Channel '[id: 0xf687a5f2, L:/127.0.0.1:61140 - R:localhost/127.0.0.1:53757]' for 'POST' to 'http://localhost:53757/session/a6fb63fda2a463b012c83f92405f5105/element/3eaf39c4-952f-46c5-a6ef-330a0307bf06/value'
11:11:33.107 [Forwarding sendKeysToElement on session a6fb63fda2a463b012c83f92405f5105 to remote] DEBUG org.asynchttpclient.netty.request.NettyRequestSender - Using open Channel [id: 0xf687a5f2, L:/127.0.0.1:61140 - R:localhost/127.0.0.1:53757] for POST '/session/a6fb63fda2a463b012c83f92405f5105/element/3eaf39c4-952f-46c5-a6ef-330a0307bf06/value'
11:11:33.316 [AsyncHttpClient-1-1] DEBUG org.asynchttpclient.netty.channel.DefaultChannelPool - Entry count for : http://localhost:61142 : 1
11:11:33.778 [AsyncHttpClient-1-9] DEBUG org.asynchttpclient.netty.handler.HttpHandler - 

Request DefaultHttpRequest(decodeResult: success, version: HTTP/1.1)
POST /session/a6fb63fda2a463b012c83f92405f5105/element/3eaf39c4-952f-46c5-a6ef-330a0307bf06/value HTTP/1.1
User-Agent: selenium/4.1.2 (java windows)
Content-Length: 181
Content-Type: application/json; charset=utf-8
host: localhost:53757
accept: */*

Response DefaultHttpResponse(decodeResult: success, version: HTTP/1.1)
HTTP/1.1 200 OK
Content-Type: application/json; charset=utf-8
cache-control: no-cache
content-length: 14

11:11:33.779 [AsyncHttpClient-1-9] DEBUG org.asynchttpclient.netty.channel.ChannelManager - Adding key: http://localhost:53757 for channel [id: 0xf687a5f2, L:/127.0.0.1:61140 - R:localhost/127.0.0.1:53757]
11:11:33.783 [Forwarding findElement on session a6fb63fda2a463b012c83f92405f5105 to remote] DEBUG org.asynchttpclient.netty.request.NettyRequestSender - Using pooled Channel '[id: 0xf687a5f2, L:/127.0.0.1:61140 - R:localhost/127.0.0.1:53757]' for 'POST' to 'http://localhost:53757/session/a6fb63fda2a463b012c83f92405f5105/element'
11:11:33.783 [Forwarding findElement on session a6fb63fda2a463b012c83f92405f5105 to remote] DEBUG org.asynchttpclient.netty.request.NettyRequestSender - Using open Channel [id: 0xf687a5f2, L:/127.0.0.1:61140 - R:localhost/127.0.0.1:53757] for POST '/session/a6fb63fda2a463b012c83f92405f5105/element'
11:11:33.807 [AsyncHttpClient-1-9] DEBUG org.asynchttpclient.netty.handler.HttpHandler - 

Request DefaultHttpRequest(decodeResult: success, version: HTTP/1.1)
POST /session/a6fb63fda2a463b012c83f92405f5105/element HTTP/1.1
User-Agent: selenium/4.1.2 (java windows)
Content-Length: 166
Content-Type: application/json; charset=utf-8
host: localhost:53757
accept: */*

Response DefaultHttpResponse(decodeResult: success, version: HTTP/1.1)
HTTP/1.1 200 OK
Content-Type: application/json; charset=utf-8
cache-control: no-cache
content-length: 88

11:11:33.807 [AsyncHttpClient-1-9] DEBUG org.asynchttpclient.netty.channel.ChannelManager - Adding key: http://localhost:53757 for channel [id: 0xf687a5f2, L:/127.0.0.1:61140 - R:localhost/127.0.0.1:53757]
11:11:33.813 [Forwarding sendKeysToElement on session a6fb63fda2a463b012c83f92405f5105 to remote] DEBUG org.asynchttpclient.netty.request.NettyRequestSender - Using pooled Channel '[id: 0xf687a5f2, L:/127.0.0.1:61140 - R:localhost/127.0.0.1:53757]' for 'POST' to 'http://localhost:53757/session/a6fb63fda2a463b012c83f92405f5105/element/f7deb436-0605-4262-a614-36aa52e61097/value'
11:11:33.813 [Forwarding sendKeysToElement on session a6fb63fda2a463b012c83f92405f5105 to remote] DEBUG org.asynchttpclient.netty.request.NettyRequestSender - Using open Channel [id: 0xf687a5f2, L:/127.0.0.1:61140 - R:localhost/127.0.0.1:53757] for POST '/session/a6fb63fda2a463b012c83f92405f5105/element/f7deb436-0605-4262-a614-36aa52e61097/value'
11:11:34.085 [AsyncHttpClient-1-9] DEBUG org.asynchttpclient.netty.handler.HttpHandler - 

Request DefaultHttpRequest(decodeResult: success, version: HTTP/1.1)
POST /session/a6fb63fda2a463b012c83f92405f5105/element/f7deb436-0605-4262-a614-36aa52e61097/value HTTP/1.1
User-Agent: selenium/4.1.2 (java windows)
Content-Length: 101
Content-Type: application/json; charset=utf-8
host: localhost:53757
accept: */*

Response DefaultHttpResponse(decodeResult: success, version: HTTP/1.1)
HTTP/1.1 200 OK
Content-Type: application/json; charset=utf-8
cache-control: no-cache
content-length: 14

11:11:34.085 [AsyncHttpClient-1-9] DEBUG org.asynchttpclient.netty.channel.ChannelManager - Adding key: http://localhost:53757 for channel [id: 0xf687a5f2, L:/127.0.0.1:61140 - R:localhost/127.0.0.1:53757]
11:11:34.091 [Forwarding findElement on session a6fb63fda2a463b012c83f92405f5105 to remote] DEBUG org.asynchttpclient.netty.request.NettyRequestSender - Using pooled Channel '[id: 0xf687a5f2, L:/127.0.0.1:61140 - R:localhost/127.0.0.1:53757]' for 'POST' to 'http://localhost:53757/session/a6fb63fda2a463b012c83f92405f5105/element'
11:11:34.091 [Forwarding findElement on session a6fb63fda2a463b012c83f92405f5105 to remote] DEBUG org.asynchttpclient.netty.request.NettyRequestSender - Using open Channel [id: 0xf687a5f2, L:/127.0.0.1:61140 - R:localhost/127.0.0.1:53757] for POST '/session/a6fb63fda2a463b012c83f92405f5105/element'
11:11:34.123 [AsyncHttpClient-1-9] DEBUG org.asynchttpclient.netty.handler.HttpHandler - 

Request DefaultHttpRequest(decodeResult: success, version: HTTP/1.1)
POST /session/a6fb63fda2a463b012c83f92405f5105/element HTTP/1.1
User-Agent: selenium/4.1.2 (java windows)
Content-Length: 166
Content-Type: application/json; charset=utf-8
host: localhost:53757
accept: */*

Response DefaultHttpResponse(decodeResult: success, version: HTTP/1.1)
HTTP/1.1 200 OK
Content-Type: application/json; charset=utf-8
cache-control: no-cache
content-length: 88

11:11:34.123 [AsyncHttpClient-1-9] DEBUG org.asynchttpclient.netty.channel.ChannelManager - Adding key: http://localhost:53757 for channel [id: 0xf687a5f2, L:/127.0.0.1:61140 - R:localhost/127.0.0.1:53757]
11:11:34.127 [Forwarding sendKeysToElement on session a6fb63fda2a463b012c83f92405f5105 to remote] DEBUG org.asynchttpclient.netty.request.NettyRequestSender - Using pooled Channel '[id: 0xf687a5f2, L:/127.0.0.1:61140 - R:localhost/127.0.0.1:53757]' for 'POST' to 'http://localhost:53757/session/a6fb63fda2a463b012c83f92405f5105/element/be2a8e9d-5c79-4e5e-808d-bcf5f9a00fce/value'
11:11:34.128 [Forwarding sendKeysToElement on session a6fb63fda2a463b012c83f92405f5105 to remote] DEBUG org.asynchttpclient.netty.request.NettyRequestSender - Using open Channel [id: 0xf687a5f2, L:/127.0.0.1:61140 - R:localhost/127.0.0.1:53757] for POST '/session/a6fb63fda2a463b012c83f92405f5105/element/be2a8e9d-5c79-4e5e-808d-bcf5f9a00fce/value'
11:11:34.266 [AsyncHttpClient-1-9] DEBUG org.asynchttpclient.netty.handler.HttpHandler - 

Request DefaultHttpRequest(decodeResult: success, version: HTTP/1.1)
POST /session/a6fb63fda2a463b012c83f92405f5105/element/be2a8e9d-5c79-4e5e-808d-bcf5f9a00fce/value HTTP/1.1
User-Agent: selenium/4.1.2 (java windows)
Content-Length: 82
Content-Type: application/json; charset=utf-8
host: localhost:53757
accept: */*

Response DefaultHttpResponse(decodeResult: success, version: HTTP/1.1)
HTTP/1.1 200 OK
Content-Type: application/json; charset=utf-8
cache-control: no-cache
content-length: 14

11:11:34.267 [AsyncHttpClient-1-9] DEBUG org.asynchttpclient.netty.channel.ChannelManager - Adding key: http://localhost:53757 for channel [id: 0xf687a5f2, L:/127.0.0.1:61140 - R:localhost/127.0.0.1:53757]
11:11:34.276 [Forwarding findElement on session a6fb63fda2a463b012c83f92405f5105 to remote] DEBUG org.asynchttpclient.netty.request.NettyRequestSender - Using pooled Channel '[id: 0xf687a5f2, L:/127.0.0.1:61140 - R:localhost/127.0.0.1:53757]' for 'POST' to 'http://localhost:53757/session/a6fb63fda2a463b012c83f92405f5105/element'
11:11:34.276 [Forwarding findElement on session a6fb63fda2a463b012c83f92405f5105 to remote] DEBUG org.asynchttpclient.netty.request.NettyRequestSender - Using open Channel [id: 0xf687a5f2, L:/127.0.0.1:61140 - R:localhost/127.0.0.1:53757] for POST '/session/a6fb63fda2a463b012c83f92405f5105/element'
11:11:34.303 [AsyncHttpClient-1-9] DEBUG org.asynchttpclient.netty.handler.HttpHandler - 

Request DefaultHttpRequest(decodeResult: success, version: HTTP/1.1)
POST /session/a6fb63fda2a463b012c83f92405f5105/element HTTP/1.1
User-Agent: selenium/4.1.2 (java windows)
Content-Length: 173
Content-Type: application/json; charset=utf-8
host: localhost:53757
accept: */*

Response DefaultHttpResponse(decodeResult: success, version: HTTP/1.1)
HTTP/1.1 200 OK
Content-Type: application/json; charset=utf-8
cache-control: no-cache
content-length: 88

11:11:34.303 [AsyncHttpClient-1-9] DEBUG org.asynchttpclient.netty.channel.ChannelManager - Adding key: http://localhost:53757 for channel [id: 0xf687a5f2, L:/127.0.0.1:61140 - R:localhost/127.0.0.1:53757]
11:11:34.306 [Forwarding sendKeysToElement on session a6fb63fda2a463b012c83f92405f5105 to remote] DEBUG org.asynchttpclient.netty.request.NettyRequestSender - Using pooled Channel '[id: 0xf687a5f2, L:/127.0.0.1:61140 - R:localhost/127.0.0.1:53757]' for 'POST' to 'http://localhost:53757/session/a6fb63fda2a463b012c83f92405f5105/element/d38f5d68-a03e-4889-a30a-818dddd585f0/value'
11:11:34.306 [Forwarding sendKeysToElement on session a6fb63fda2a463b012c83f92405f5105 to remote] DEBUG org.asynchttpclient.netty.request.NettyRequestSender - Using open Channel [id: 0xf687a5f2, L:/127.0.0.1:61140 - R:localhost/127.0.0.1:53757] for POST '/session/a6fb63fda2a463b012c83f92405f5105/element/d38f5d68-a03e-4889-a30a-818dddd585f0/value'
11:11:34.413 [AsyncHttpClient-1-1] DEBUG org.asynchttpclient.netty.channel.DefaultChannelPool - Entry count for : http://localhost:61142 : 1
11:11:34.718 [AsyncHttpClient-1-9] DEBUG org.asynchttpclient.netty.handler.HttpHandler - 

Request DefaultHttpRequest(decodeResult: success, version: HTTP/1.1)
POST /session/a6fb63fda2a463b012c83f92405f5105/element/d38f5d68-a03e-4889-a30a-818dddd585f0/value HTTP/1.1
User-Agent: selenium/4.1.2 (java windows)
Content-Length: 171
Content-Type: application/json; charset=utf-8
host: localhost:53757
accept: */*

Response DefaultHttpResponse(decodeResult: success, version: HTTP/1.1)
HTTP/1.1 200 OK
Content-Type: application/json; charset=utf-8
cache-control: no-cache
content-length: 14

11:11:34.718 [AsyncHttpClient-1-9] DEBUG org.asynchttpclient.netty.channel.ChannelManager - Adding key: http://localhost:53757 for channel [id: 0xf687a5f2, L:/127.0.0.1:61140 - R:localhost/127.0.0.1:53757]
11:11:34.731 [Forwarding screenshot on session a6fb63fda2a463b012c83f92405f5105 to remote] DEBUG org.asynchttpclient.netty.request.NettyRequestSender - Using pooled Channel '[id: 0xf687a5f2, L:/127.0.0.1:61140 - R:localhost/127.0.0.1:53757]' for 'GET' to 'http://localhost:53757/session/a6fb63fda2a463b012c83f92405f5105/screenshot'
11:11:34.731 [Forwarding screenshot on session a6fb63fda2a463b012c83f92405f5105 to remote] DEBUG org.asynchttpclient.netty.request.NettyRequestSender - Using open Channel [id: 0xf687a5f2, L:/127.0.0.1:61140 - R:localhost/127.0.0.1:53757] for GET '/session/a6fb63fda2a463b012c83f92405f5105/screenshot'
11:11:35.120 [AsyncHttpClient-1-9] DEBUG org.asynchttpclient.netty.handler.HttpHandler - 

Request DefaultFullHttpRequest(decodeResult: success, version: HTTP/1.1, content: EmptyByteBufBE)
GET /session/a6fb63fda2a463b012c83f92405f5105/screenshot HTTP/1.1
User-Agent: selenium/4.1.2 (java windows)
Cache-Control: no-cache
Content-Type: application/json; charset=utf-8
host: localhost:53757
accept: */*

Response DefaultHttpResponse(decodeResult: success, version: HTTP/1.1)
HTTP/1.1 200 OK
Content-Type: application/json; charset=utf-8
cache-control: no-cache
content-length: 403644

11:11:35.122 [AsyncHttpClient-1-9] DEBUG org.asynchttpclient.netty.channel.ChannelManager - Adding key: http://localhost:53757 for channel [id: 0xf687a5f2, L:/127.0.0.1:61140 - R:localhost/127.0.0.1:53757]
11:11:35.154 [main] DEBUG net.serenitybdd.core.photography.Darkroom - Send negative for processing for target\site\serenity\a6f090db11c1395a088e75b3a16612692893240c6e32b3c7ff77c36989d1aa3d.png
11:11:35.154 [main] DEBUG net.thucydides.core.steps.StepInterceptor - STEP DONE: inputDataPasien
  &amp#27;[32mThen &amp#27;[0m&amp#27;[32mI input &amp#27;[0m&amp#27;[32m&amp#27;[1m"Bagas"&amp#27;[0m&amp#27;[32m &amp#27;[0m&amp#27;[32m&amp#27;[1m"1234479680"&amp#27;[0m&amp#27;[32m &amp#27;[0m&amp#27;[32m&amp#27;[1m"20"&amp#27;[0m&amp#27;[32m &amp#27;[0m&amp#27;[32m&amp#27;[1m""&amp#27;[0m&amp#27;[32m &amp#27;[0m&amp#27;[32m&amp#27;[1m"perumahan"&amp#27;[0m&amp#27;[32m patient&amp#27;[0m &amp#27;[90m# starter.stepdefinitios.PatientDataSteps.iInput(java.lang.String,java.lang.String,java.lang.String,java.lang.String,java.lang.String)&amp#27;[0m
11:11:35.155 [Darkroom Processing Line] DEBUG net.serenitybdd.core.photography.DarkroomProcessingLine - Processing screenshot image in /var/screenshots/screenshot-4761541274700767873
11:11:35.155 [Darkroom Processing Line] DEBUG net.serenitybdd.core.photography.DarkroomProcessingLine - Saving screenshot to target\site\serenity\a6f090db11c1395a088e75b3a16612692893240c6e32b3c7ff77c36989d1aa3d.png
11:11:35.212 [Forwarding screenshot on session a6fb63fda2a463b012c83f92405f5105 to remote] DEBUG org.asynchttpclient.netty.request.NettyRequestSender - Using pooled Channel '[id: 0xf687a5f2, L:/127.0.0.1:61140 - R:localhost/127.0.0.1:53757]' for 'GET' to 'http://localhost:53757/session/a6fb63fda2a463b012c83f92405f5105/screenshot'
11:11:35.212 [Forwarding screenshot on session a6fb63fda2a463b012c83f92405f5105 to remote] DEBUG org.asynchttpclient.netty.request.NettyRequestSender - Using open Channel [id: 0xf687a5f2, L:/127.0.0.1:61140 - R:localhost/127.0.0.1:53757] for GET '/session/a6fb63fda2a463b012c83f92405f5105/screenshot'
11:11:35.516 [AsyncHttpClient-1-1] DEBUG org.asynchttpclient.netty.channel.DefaultChannelPool - Entry count for : http://localhost:61142 : 1
11:11:35.619 [AsyncHttpClient-1-9] DEBUG org.asynchttpclient.netty.handler.HttpHandler - 

Request DefaultFullHttpRequest(decodeResult: success, version: HTTP/1.1, content: EmptyByteBufBE)
GET /session/a6fb63fda2a463b012c83f92405f5105/screenshot HTTP/1.1
User-Agent: selenium/4.1.2 (java windows)
Cache-Control: no-cache
Content-Type: application/json; charset=utf-8
host: localhost:53757
accept: */*

Response DefaultHttpResponse(decodeResult: success, version: HTTP/1.1)
HTTP/1.1 200 OK
Content-Type: application/json; charset=utf-8
cache-control: no-cache
content-length: 403616

11:11:35.620 [AsyncHttpClient-1-9] DEBUG org.asynchttpclient.netty.channel.ChannelManager - Adding key: http://localhost:53757 for channel [id: 0xf687a5f2, L:/127.0.0.1:61140 - R:localhost/127.0.0.1:53757]
11:11:35.654 [main] DEBUG net.serenitybdd.core.photography.Darkroom - Send negative for processing for target\site\serenity\152c682b69b4c3f448d75537e9e448e0f1664e48af78603911023c8430d14bfa.png
11:11:35.654 [main] DEBUG net.thucydides.core.steps.StepInterceptor - STARTING STEP: PatientDataSteps.iClickButtonJenisKelamin - clickLaki
11:11:35.673 [Darkroom Processing Line] DEBUG net.serenitybdd.core.photography.DarkroomProcessingLine - Processing screenshot image in /var/screenshots/screenshot-16593890186083873420
11:11:35.673 [Darkroom Processing Line] DEBUG net.serenitybdd.core.photography.DarkroomProcessingLine - Saving screenshot to target\site\serenity\152c682b69b4c3f448d75537e9e448e0f1664e48af78603911023c8430d14bfa.png
11:11:35.679 [Forwarding findElement on session a6fb63fda2a463b012c83f92405f5105 to remote] DEBUG org.asynchttpclient.netty.request.NettyRequestSender - Using pooled Channel '[id: 0xf687a5f2, L:/127.0.0.1:61140 - R:localhost/127.0.0.1:53757]' for 'POST' to 'http://localhost:53757/session/a6fb63fda2a463b012c83f92405f5105/element'
11:11:35.680 [Forwarding findElement on session a6fb63fda2a463b012c83f92405f5105 to remote] DEBUG org.asynchttpclient.netty.request.NettyRequestSender - Using open Channel [id: 0xf687a5f2, L:/127.0.0.1:61140 - R:localhost/127.0.0.1:53757] for POST '/session/a6fb63fda2a463b012c83f92405f5105/element'
11:11:35.728 [AsyncHttpClient-1-9] DEBUG org.asynchttpclient.netty.handler.HttpHandler - 

Request DefaultHttpRequest(decodeResult: success, version: HTTP/1.1)
POST /session/a6fb63fda2a463b012c83f92405f5105/element HTTP/1.1
User-Agent: selenium/4.1.2 (java windows)
Content-Length: 179
Content-Type: application/json; charset=utf-8
host: localhost:53757
accept: */*

Response DefaultHttpResponse(decodeResult: success, version: HTTP/1.1)
HTTP/1.1 200 OK
Content-Type: application/json; charset=utf-8
cache-control: no-cache
content-length: 88

11:11:35.729 [AsyncHttpClient-1-9] DEBUG org.asynchttpclient.netty.channel.ChannelManager - Adding key: http://localhost:53757 for channel [id: 0xf687a5f2, L:/127.0.0.1:61140 - R:localhost/127.0.0.1:53757]
11:11:35.732 [Forwarding getElementTagName on session a6fb63fda2a463b012c83f92405f5105 to remote] DEBUG org.asynchttpclient.netty.request.NettyRequestSender - Using pooled Channel '[id: 0xf687a5f2, L:/127.0.0.1:61140 - R:localhost/127.0.0.1:53757]' for 'GET' to 'http://localhost:53757/session/a6fb63fda2a463b012c83f92405f5105/element/c5ce0e2c-014d-452c-893d-7015ee4cf096/name'
11:11:35.732 [Forwarding getElementTagName on session a6fb63fda2a463b012c83f92405f5105 to remote] DEBUG org.asynchttpclient.netty.request.NettyRequestSender - Using open Channel [id: 0xf687a5f2, L:/127.0.0.1:61140 - R:localhost/127.0.0.1:53757] for GET '/session/a6fb63fda2a463b012c83f92405f5105/element/c5ce0e2c-014d-452c-893d-7015ee4cf096/name'
11:11:35.753 [AsyncHttpClient-1-9] DEBUG org.asynchttpclient.netty.handler.HttpHandler - 

Request DefaultFullHttpRequest(decodeResult: success, version: HTTP/1.1, content: EmptyByteBufBE)
GET /session/a6fb63fda2a463b012c83f92405f5105/element/c5ce0e2c-014d-452c-893d-7015ee4cf096/name HTTP/1.1
User-Agent: selenium/4.1.2 (java windows)
Cache-Control: no-cache
Content-Type: application/json; charset=utf-8
host: localhost:53757
accept: */*

Response DefaultHttpResponse(decodeResult: success, version: HTTP/1.1)
HTTP/1.1 200 OK
Content-Type: application/json; charset=utf-8
cache-control: no-cache
content-length: 16

11:11:35.753 [AsyncHttpClient-1-9] DEBUG org.asynchttpclient.netty.channel.ChannelManager - Adding key: http://localhost:53757 for channel [id: 0xf687a5f2, L:/127.0.0.1:61140 - R:localhost/127.0.0.1:53757]
11:11:35.755 [Forwarding getElementTagName on session a6fb63fda2a463b012c83f92405f5105 to remote] DEBUG org.asynchttpclient.netty.request.NettyRequestSender - Using pooled Channel '[id: 0xf687a5f2, L:/127.0.0.1:61140 - R:localhost/127.0.0.1:53757]' for 'GET' to 'http://localhost:53757/session/a6fb63fda2a463b012c83f92405f5105/element/c5ce0e2c-014d-452c-893d-7015ee4cf096/name'
11:11:35.755 [Forwarding getElementTagName on session a6fb63fda2a463b012c83f92405f5105 to remote] DEBUG org.asynchttpclient.netty.request.NettyRequestSender - Using open Channel [id: 0xf687a5f2, L:/127.0.0.1:61140 - R:localhost/127.0.0.1:53757] for GET '/session/a6fb63fda2a463b012c83f92405f5105/element/c5ce0e2c-014d-452c-893d-7015ee4cf096/name'
11:11:35.780 [AsyncHttpClient-1-9] DEBUG org.asynchttpclient.netty.handler.HttpHandler - 

Request DefaultFullHttpRequest(decodeResult: success, version: HTTP/1.1, content: EmptyByteBufBE)
GET /session/a6fb63fda2a463b012c83f92405f5105/element/c5ce0e2c-014d-452c-893d-7015ee4cf096/name HTTP/1.1
User-Agent: selenium/4.1.2 (java windows)
Cache-Control: no-cache
Content-Type: application/json; charset=utf-8
host: localhost:53757
accept: */*

Response DefaultHttpResponse(decodeResult: success, version: HTTP/1.1)
HTTP/1.1 200 OK
Content-Type: application/json; charset=utf-8
cache-control: no-cache
content-length: 16

11:11:35.780 [AsyncHttpClient-1-9] DEBUG org.asynchttpclient.netty.channel.ChannelManager - Adding key: http://localhost:53757 for channel [id: 0xf687a5f2, L:/127.0.0.1:61140 - R:localhost/127.0.0.1:53757]
11:11:35.817 [Forwarding findElement on session a6fb63fda2a463b012c83f92405f5105 to remote] DEBUG org.asynchttpclient.netty.request.NettyRequestSender - Using pooled Channel '[id: 0xf687a5f2, L:/127.0.0.1:61140 - R:localhost/127.0.0.1:53757]' for 'POST' to 'http://localhost:53757/session/a6fb63fda2a463b012c83f92405f5105/element'
11:11:35.817 [Forwarding findElement on session a6fb63fda2a463b012c83f92405f5105 to remote] DEBUG org.asynchttpclient.netty.request.NettyRequestSender - Using open Channel [id: 0xf687a5f2, L:/127.0.0.1:61140 - R:localhost/127.0.0.1:53757] for POST '/session/a6fb63fda2a463b012c83f92405f5105/element'
11:11:35.851 [AsyncHttpClient-1-9] DEBUG org.asynchttpclient.netty.handler.HttpHandler - 

Request DefaultHttpRequest(decodeResult: success, version: HTTP/1.1)
POST /session/a6fb63fda2a463b012c83f92405f5105/element HTTP/1.1
User-Agent: selenium/4.1.2 (java windows)
Content-Length: 179
Content-Type: application/json; charset=utf-8
host: localhost:53757
accept: */*

Response DefaultHttpResponse(decodeResult: success, version: HTTP/1.1)
HTTP/1.1 200 OK
Content-Type: application/json; charset=utf-8
cache-control: no-cache
content-length: 88

11:11:35.852 [AsyncHttpClient-1-9] DEBUG org.asynchttpclient.netty.channel.ChannelManager - Adding key: http://localhost:53757 for channel [id: 0xf687a5f2, L:/127.0.0.1:61140 - R:localhost/127.0.0.1:53757]
11:11:35.854 [Forwarding clickElement on session a6fb63fda2a463b012c83f92405f5105 to remote] DEBUG org.asynchttpclient.netty.request.NettyRequestSender - Using pooled Channel '[id: 0xf687a5f2, L:/127.0.0.1:61140 - R:localhost/127.0.0.1:53757]' for 'POST' to 'http://localhost:53757/session/a6fb63fda2a463b012c83f92405f5105/element/c5ce0e2c-014d-452c-893d-7015ee4cf096/click'
11:11:35.854 [Forwarding clickElement on session a6fb63fda2a463b012c83f92405f5105 to remote] DEBUG org.asynchttpclient.netty.request.NettyRequestSender - Using open Channel [id: 0xf687a5f2, L:/127.0.0.1:61140 - R:localhost/127.0.0.1:53757] for POST '/session/a6fb63fda2a463b012c83f92405f5105/element/c5ce0e2c-014d-452c-893d-7015ee4cf096/click'
11:11:36.150 [AsyncHttpClient-1-9] DEBUG org.asynchttpclient.netty.handler.HttpHandler - 

Request DefaultHttpRequest(decodeResult: success, version: HTTP/1.1)
POST /session/a6fb63fda2a463b012c83f92405f5105/element/c5ce0e2c-014d-452c-893d-7015ee4cf096/click HTTP/1.1
User-Agent: selenium/4.1.2 (java windows)
Content-Length: 50
Content-Type: application/json; charset=utf-8
host: localhost:53757
accept: */*

Response DefaultHttpResponse(decodeResult: success, version: HTTP/1.1)
HTTP/1.1 200 OK
Content-Type: application/json; charset=utf-8
cache-control: no-cache
content-length: 14

11:11:36.151 [AsyncHttpClient-1-9] DEBUG org.asynchttpclient.netty.channel.ChannelManager - Adding key: http://localhost:53757 for channel [id: 0xf687a5f2, L:/127.0.0.1:61140 - R:localhost/127.0.0.1:53757]
11:11:36.173 [Forwarding screenshot on session a6fb63fda2a463b012c83f92405f5105 to remote] DEBUG org.asynchttpclient.netty.request.NettyRequestSender - Using pooled Channel '[id: 0xf687a5f2, L:/127.0.0.1:61140 - R:localhost/127.0.0.1:53757]' for 'GET' to 'http://localhost:53757/session/a6fb63fda2a463b012c83f92405f5105/screenshot'
11:11:36.173 [Forwarding screenshot on session a6fb63fda2a463b012c83f92405f5105 to remote] DEBUG org.asynchttpclient.netty.request.NettyRequestSender - Using open Channel [id: 0xf687a5f2, L:/127.0.0.1:61140 - R:localhost/127.0.0.1:53757] for GET '/session/a6fb63fda2a463b012c83f92405f5105/screenshot'
11:11:36.619 [AsyncHttpClient-1-1] DEBUG org.asynchttpclient.netty.channel.DefaultChannelPool - Entry count for : http://localhost:61142 : 1
11:11:36.725 [AsyncHttpClient-1-9] DEBUG org.asynchttpclient.netty.handler.HttpHandler - 

Request DefaultFullHttpRequest(decodeResult: success, version: HTTP/1.1, content: EmptyByteBufBE)
GET /session/a6fb63fda2a463b012c83f92405f5105/screenshot HTTP/1.1
User-Agent: selenium/4.1.2 (java windows)
Cache-Control: no-cache
Content-Type: application/json; charset=utf-8
host: localhost:53757
accept: */*

Response DefaultHttpResponse(decodeResult: success, version: HTTP/1.1)
HTTP/1.1 200 OK
Content-Type: application/json; charset=utf-8
cache-control: no-cache
content-length: 405572

11:11:36.730 [AsyncHttpClient-1-9] DEBUG org.asynchttpclient.netty.channel.ChannelManager - Adding key: http://localhost:53757 for channel [id: 0xf687a5f2, L:/127.0.0.1:61140 - R:localhost/127.0.0.1:53757]
11:11:36.762 [main] DEBUG net.serenitybdd.core.photography.Darkroom - Send negative for processing for target\site\serenity\39b2b75f76c7135f95771a57d6b7571869fbe1ec2e8f7eb50baa341c8d81b46b.png
11:11:36.763 [main] DEBUG net.thucydides.core.steps.StepInterceptor - STEP DONE: clickLaki
  &amp#27;[32mAnd &amp#27;[0m&amp#27;[32mI click button jenis kelamin patient&amp#27;[0m                      &amp#27;[90m# starter.stepdefinitios.PatientDataSteps.iClickButtonJenisKelamin()&amp#27;[0m
11:11:36.798 [Darkroom Processing Line] DEBUG net.serenitybdd.core.photography.DarkroomProcessingLine - Processing screenshot image in /var/screenshots/screenshot-18262455379748516025
11:11:36.799 [Darkroom Processing Line] DEBUG net.serenitybdd.core.photography.DarkroomProcessingLine - Saving screenshot to target\site\serenity\39b2b75f76c7135f95771a57d6b7571869fbe1ec2e8f7eb50baa341c8d81b46b.png
11:11:36.819 [Forwarding screenshot on session a6fb63fda2a463b012c83f92405f5105 to remote] DEBUG org.asynchttpclient.netty.request.NettyRequestSender - Using pooled Channel '[id: 0xf687a5f2, L:/127.0.0.1:61140 - R:localhost/127.0.0.1:53757]' for 'GET' to 'http://localhost:53757/session/a6fb63fda2a463b012c83f92405f5105/screenshot'
11:11:36.819 [Forwarding screenshot on session a6fb63fda2a463b012c83f92405f5105 to remote] DEBUG org.asynchttpclient.netty.request.NettyRequestSender - Using open Channel [id: 0xf687a5f2, L:/127.0.0.1:61140 - R:localhost/127.0.0.1:53757] for GET '/session/a6fb63fda2a463b012c83f92405f5105/screenshot'
11:11:37.287 [AsyncHttpClient-1-9] DEBUG org.asynchttpclient.netty.handler.HttpHandler - 

Request DefaultFullHttpRequest(decodeResult: success, version: HTTP/1.1, content: EmptyByteBufBE)
GET /session/a6fb63fda2a463b012c83f92405f5105/screenshot HTTP/1.1
User-Agent: selenium/4.1.2 (java windows)
Cache-Control: no-cache
Content-Type: application/json; charset=utf-8
host: localhost:53757
accept: */*

Response DefaultHttpResponse(decodeResult: success, version: HTTP/1.1)
HTTP/1.1 200 OK
Content-Type: application/json; charset=utf-8
cache-control: no-cache
content-length: 405084

11:11:37.288 [AsyncHttpClient-1-9] DEBUG org.asynchttpclient.netty.channel.ChannelManager - Adding key: http://localhost:53757 for channel [id: 0xf687a5f2, L:/127.0.0.1:61140 - R:localhost/127.0.0.1:53757]
11:11:37.320 [main] DEBUG net.serenitybdd.core.photography.Darkroom - Send negative for processing for target\site\serenity\e6fb4c21c761fbdb0561cafd13d54423eeb4e1a6f2ae45953bd1ee111fa36964.png
11:11:37.322 [Darkroom Processing Line] DEBUG net.serenitybdd.core.photography.DarkroomProcessingLine - Processing screenshot image in /var/screenshots/screenshot-12977243031488580378
11:11:37.322 [Darkroom Processing Line] DEBUG net.serenitybdd.core.photography.DarkroomProcessingLine - Saving screenshot to target\site\serenity\e6fb4c21c761fbdb0561cafd13d54423eeb4e1a6f2ae45953bd1ee111fa36964.png
11:11:37.350 [main] DEBUG net.thucydides.core.steps.StepInterceptor - STARTING STEP: PatientDataSteps.clickButtonSimpan - clickButtonSave
11:11:37.372 [Forwarding findElement on session a6fb63fda2a463b012c83f92405f5105 to remote] DEBUG org.asynchttpclient.netty.request.NettyRequestSender - Using pooled Channel '[id: 0xf687a5f2, L:/127.0.0.1:61140 - R:localhost/127.0.0.1:53757]' for 'POST' to 'http://localhost:53757/session/a6fb63fda2a463b012c83f92405f5105/element'
11:11:37.372 [Forwarding findElement on session a6fb63fda2a463b012c83f92405f5105 to remote] DEBUG org.asynchttpclient.netty.request.NettyRequestSender - Using open Channel [id: 0xf687a5f2, L:/127.0.0.1:61140 - R:localhost/127.0.0.1:53757] for POST '/session/a6fb63fda2a463b012c83f92405f5105/element'
11:11:37.401 [AsyncHttpClient-1-9] DEBUG org.asynchttpclient.netty.handler.HttpHandler - 

Request DefaultHttpRequest(decodeResult: success, version: HTTP/1.1)
POST /session/a6fb63fda2a463b012c83f92405f5105/element HTTP/1.1
User-Agent: selenium/4.1.2 (java windows)
Content-Length: 149
Content-Type: application/json; charset=utf-8
host: localhost:53757
accept: */*

Response DefaultHttpResponse(decodeResult: success, version: HTTP/1.1)
HTTP/1.1 200 OK
Content-Type: application/json; charset=utf-8
cache-control: no-cache
content-length: 88

11:11:37.401 [AsyncHttpClient-1-9] DEBUG org.asynchttpclient.netty.channel.ChannelManager - Adding key: http://localhost:53757 for channel [id: 0xf687a5f2, L:/127.0.0.1:61140 - R:localhost/127.0.0.1:53757]
11:11:37.404 [Forwarding getElementTagName on session a6fb63fda2a463b012c83f92405f5105 to remote] DEBUG org.asynchttpclient.netty.request.NettyRequestSender - Using pooled Channel '[id: 0xf687a5f2, L:/127.0.0.1:61140 - R:localhost/127.0.0.1:53757]' for 'GET' to 'http://localhost:53757/session/a6fb63fda2a463b012c83f92405f5105/element/7c8d71d4-7354-48da-ae06-ea51b48437f9/name'
11:11:37.404 [Forwarding getElementTagName on session a6fb63fda2a463b012c83f92405f5105 to remote] DEBUG org.asynchttpclient.netty.request.NettyRequestSender - Using open Channel [id: 0xf687a5f2, L:/127.0.0.1:61140 - R:localhost/127.0.0.1:53757] for GET '/session/a6fb63fda2a463b012c83f92405f5105/element/7c8d71d4-7354-48da-ae06-ea51b48437f9/name'
11:11:37.414 [AsyncHttpClient-1-9] DEBUG org.asynchttpclient.netty.handler.HttpHandler - 

Request DefaultFullHttpRequest(decodeResult: success, version: HTTP/1.1, content: EmptyByteBufBE)
GET /session/a6fb63fda2a463b012c83f92405f5105/element/7c8d71d4-7354-48da-ae06-ea51b48437f9/name HTTP/1.1
User-Agent: selenium/4.1.2 (java windows)
Cache-Control: no-cache
Content-Type: application/json; charset=utf-8
host: localhost:53757
accept: */*

Response DefaultHttpResponse(decodeResult: success, version: HTTP/1.1)
HTTP/1.1 200 OK
Content-Type: application/json; charset=utf-8
cache-control: no-cache
content-length: 18

11:11:37.414 [AsyncHttpClient-1-9] DEBUG org.asynchttpclient.netty.channel.ChannelManager - Adding key: http://localhost:53757 for channel [id: 0xf687a5f2, L:/127.0.0.1:61140 - R:localhost/127.0.0.1:53757]
11:11:37.417 [Forwarding getElementTagName on session a6fb63fda2a463b012c83f92405f5105 to remote] DEBUG org.asynchttpclient.netty.request.NettyRequestSender - Using pooled Channel '[id: 0xf687a5f2, L:/127.0.0.1:61140 - R:localhost/127.0.0.1:53757]' for 'GET' to 'http://localhost:53757/session/a6fb63fda2a463b012c83f92405f5105/element/7c8d71d4-7354-48da-ae06-ea51b48437f9/name'
11:11:37.417 [Forwarding getElementTagName on session a6fb63fda2a463b012c83f92405f5105 to remote] DEBUG org.asynchttpclient.netty.request.NettyRequestSender - Using open Channel [id: 0xf687a5f2, L:/127.0.0.1:61140 - R:localhost/127.0.0.1:53757] for GET '/session/a6fb63fda2a463b012c83f92405f5105/element/7c8d71d4-7354-48da-ae06-ea51b48437f9/name'
11:11:37.424 [AsyncHttpClient-1-9] DEBUG org.asynchttpclient.netty.handler.HttpHandler - 

Request DefaultFullHttpRequest(decodeResult: success, version: HTTP/1.1, content: EmptyByteBufBE)
GET /session/a6fb63fda2a463b012c83f92405f5105/element/7c8d71d4-7354-48da-ae06-ea51b48437f9/name HTTP/1.1
User-Agent: selenium/4.1.2 (java windows)
Cache-Control: no-cache
Content-Type: application/json; charset=utf-8
host: localhost:53757
accept: */*

Response DefaultHttpResponse(decodeResult: success, version: HTTP/1.1)
HTTP/1.1 200 OK
Content-Type: application/json; charset=utf-8
cache-control: no-cache
content-length: 18

11:11:37.424 [AsyncHttpClient-1-9] DEBUG org.asynchttpclient.netty.channel.ChannelManager - Adding key: http://localhost:53757 for channel [id: 0xf687a5f2, L:/127.0.0.1:61140 - R:localhost/127.0.0.1:53757]
11:11:37.434 [Forwarding isElementEnabled on session a6fb63fda2a463b012c83f92405f5105 to remote] DEBUG org.asynchttpclient.netty.request.NettyRequestSender - Using pooled Channel '[id: 0xf687a5f2, L:/127.0.0.1:61140 - R:localhost/127.0.0.1:53757]' for 'GET' to 'http://localhost:53757/session/a6fb63fda2a463b012c83f92405f5105/element/7c8d71d4-7354-48da-ae06-ea51b48437f9/enabled'
11:11:37.434 [Forwarding isElementEnabled on session a6fb63fda2a463b012c83f92405f5105 to remote] DEBUG org.asynchttpclient.netty.request.NettyRequestSender - Using open Channel [id: 0xf687a5f2, L:/127.0.0.1:61140 - R:localhost/127.0.0.1:53757] for GET '/session/a6fb63fda2a463b012c83f92405f5105/element/7c8d71d4-7354-48da-ae06-ea51b48437f9/enabled'
11:11:37.489 [AsyncHttpClient-1-9] DEBUG org.asynchttpclient.netty.handler.HttpHandler - 

Request DefaultFullHttpRequest(decodeResult: success, version: HTTP/1.1, content: EmptyByteBufBE)
GET /session/a6fb63fda2a463b012c83f92405f5105/element/7c8d71d4-7354-48da-ae06-ea51b48437f9/enabled HTTP/1.1
User-Agent: selenium/4.1.2 (java windows)
Cache-Control: no-cache
Content-Type: application/json; charset=utf-8
host: localhost:53757
accept: */*

Response DefaultHttpResponse(decodeResult: success, version: HTTP/1.1)
HTTP/1.1 200 OK
Content-Type: application/json; charset=utf-8
cache-control: no-cache
content-length: 14

11:11:37.490 [AsyncHttpClient-1-9] DEBUG org.asynchttpclient.netty.channel.ChannelManager - Adding key: http://localhost:53757 for channel [id: 0xf687a5f2, L:/127.0.0.1:61140 - R:localhost/127.0.0.1:53757]
11:11:37.492 [Forwarding isElementEnabled on session a6fb63fda2a463b012c83f92405f5105 to remote] DEBUG org.asynchttpclient.netty.request.NettyRequestSender - Using pooled Channel '[id: 0xf687a5f2, L:/127.0.0.1:61140 - R:localhost/127.0.0.1:53757]' for 'GET' to 'http://localhost:53757/session/a6fb63fda2a463b012c83f92405f5105/element/7c8d71d4-7354-48da-ae06-ea51b48437f9/enabled'
11:11:37.493 [Forwarding isElementEnabled on session a6fb63fda2a463b012c83f92405f5105 to remote] DEBUG org.asynchttpclient.netty.request.NettyRequestSender - Using open Channel [id: 0xf687a5f2, L:/127.0.0.1:61140 - R:localhost/127.0.0.1:53757] for GET '/session/a6fb63fda2a463b012c83f92405f5105/element/7c8d71d4-7354-48da-ae06-ea51b48437f9/enabled'
11:11:37.516 [AsyncHttpClient-1-9] DEBUG org.asynchttpclient.netty.handler.HttpHandler - 

Request DefaultFullHttpRequest(decodeResult: success, version: HTTP/1.1, content: EmptyByteBufBE)
GET /session/a6fb63fda2a463b012c83f92405f5105/element/7c8d71d4-7354-48da-ae06-ea51b48437f9/enabled HTTP/1.1
User-Agent: selenium/4.1.2 (java windows)
Cache-Control: no-cache
Content-Type: application/json; charset=utf-8
host: localhost:53757
accept: */*

Response DefaultHttpResponse(decodeResult: success, version: HTTP/1.1)
HTTP/1.1 200 OK
Content-Type: application/json; charset=utf-8
cache-control: no-cache
content-length: 14

11:11:37.516 [AsyncHttpClient-1-9] DEBUG org.asynchttpclient.netty.channel.ChannelManager - Adding key: http://localhost:53757 for channel [id: 0xf687a5f2, L:/127.0.0.1:61140 - R:localhost/127.0.0.1:53757]
11:11:37.520 [Forwarding findElement on session a6fb63fda2a463b012c83f92405f5105 to remote] DEBUG org.asynchttpclient.netty.request.NettyRequestSender - Using pooled Channel '[id: 0xf687a5f2, L:/127.0.0.1:61140 - R:localhost/127.0.0.1:53757]' for 'POST' to 'http://localhost:53757/session/a6fb63fda2a463b012c83f92405f5105/element'
11:11:37.520 [Forwarding findElement on session a6fb63fda2a463b012c83f92405f5105 to remote] DEBUG org.asynchttpclient.netty.request.NettyRequestSender - Using open Channel [id: 0xf687a5f2, L:/127.0.0.1:61140 - R:localhost/127.0.0.1:53757] for POST '/session/a6fb63fda2a463b012c83f92405f5105/element'
11:11:37.543 [AsyncHttpClient-1-9] DEBUG org.asynchttpclient.netty.handler.HttpHandler - 

Request DefaultHttpRequest(decodeResult: success, version: HTTP/1.1)
POST /session/a6fb63fda2a463b012c83f92405f5105/element HTTP/1.1
User-Agent: selenium/4.1.2 (java windows)
Content-Length: 149
Content-Type: application/json; charset=utf-8
host: localhost:53757
accept: */*

Response DefaultHttpResponse(decodeResult: success, version: HTTP/1.1)
HTTP/1.1 200 OK
Content-Type: application/json; charset=utf-8
cache-control: no-cache
content-length: 88

11:11:37.544 [AsyncHttpClient-1-9] DEBUG org.asynchttpclient.netty.channel.ChannelManager - Adding key: http://localhost:53757 for channel [id: 0xf687a5f2, L:/127.0.0.1:61140 - R:localhost/127.0.0.1:53757]
11:11:37.545 [Forwarding clickElement on session a6fb63fda2a463b012c83f92405f5105 to remote] DEBUG org.asynchttpclient.netty.request.NettyRequestSender - Using pooled Channel '[id: 0xf687a5f2, L:/127.0.0.1:61140 - R:localhost/127.0.0.1:53757]' for 'POST' to 'http://localhost:53757/session/a6fb63fda2a463b012c83f92405f5105/element/7c8d71d4-7354-48da-ae06-ea51b48437f9/click'
11:11:37.545 [Forwarding clickElement on session a6fb63fda2a463b012c83f92405f5105 to remote] DEBUG org.asynchttpclient.netty.request.NettyRequestSender - Using open Channel [id: 0xf687a5f2, L:/127.0.0.1:61140 - R:localhost/127.0.0.1:53757] for POST '/session/a6fb63fda2a463b012c83f92405f5105/element/7c8d71d4-7354-48da-ae06-ea51b48437f9/click'
11:11:37.654 [AsyncHttpClient-1-9] DEBUG org.asynchttpclient.netty.handler.HttpHandler - 

Request DefaultHttpRequest(decodeResult: success, version: HTTP/1.1)
POST /session/a6fb63fda2a463b012c83f92405f5105/element/7c8d71d4-7354-48da-ae06-ea51b48437f9/click HTTP/1.1
User-Agent: selenium/4.1.2 (java windows)
Content-Length: 50
Content-Type: application/json; charset=utf-8
host: localhost:53757
accept: */*

Response DefaultHttpResponse(decodeResult: success, version: HTTP/1.1)
HTTP/1.1 200 OK
Content-Type: application/json; charset=utf-8
cache-control: no-cache
content-length: 14

11:11:37.655 [AsyncHttpClient-1-9] DEBUG org.asynchttpclient.netty.channel.ChannelManager - Adding key: http://localhost:53757 for channel [id: 0xf687a5f2, L:/127.0.0.1:61140 - R:localhost/127.0.0.1:53757]
11:11:37.676 [Forwarding screenshot on session a6fb63fda2a463b012c83f92405f5105 to remote] DEBUG org.asynchttpclient.netty.request.NettyRequestSender - Using pooled Channel '[id: 0xf687a5f2, L:/127.0.0.1:61140 - R:localhost/127.0.0.1:53757]' for 'GET' to 'http://localhost:53757/session/a6fb63fda2a463b012c83f92405f5105/screenshot'
11:11:37.677 [Forwarding screenshot on session a6fb63fda2a463b012c83f92405f5105 to remote] DEBUG org.asynchttpclient.netty.request.NettyRequestSender - Using open Channel [id: 0xf687a5f2, L:/127.0.0.1:61140 - R:localhost/127.0.0.1:53757] for GET '/session/a6fb63fda2a463b012c83f92405f5105/screenshot'
11:11:37.723 [AsyncHttpClient-1-1] DEBUG org.asynchttpclient.netty.channel.DefaultChannelPool - Entry count for : http://localhost:61142 : 1
11:11:38.316 [AsyncHttpClient-1-9] DEBUG org.asynchttpclient.netty.handler.HttpHandler - 

Request DefaultFullHttpRequest(decodeResult: success, version: HTTP/1.1, content: EmptyByteBufBE)
GET /session/a6fb63fda2a463b012c83f92405f5105/screenshot HTTP/1.1
User-Agent: selenium/4.1.2 (java windows)
Cache-Control: no-cache
Content-Type: application/json; charset=utf-8
host: localhost:53757
accept: */*

Response DefaultHttpResponse(decodeResult: success, version: HTTP/1.1)
HTTP/1.1 500 Internal Server Error
Content-Type: application/json; charset=utf-8
cache-control: no-cache
content-length: 882

11:11:38.317 [AsyncHttpClient-1-9] DEBUG org.asynchttpclient.netty.channel.ChannelManager - Adding key: http://localhost:53757 for channel [id: 0xf687a5f2, L:/127.0.0.1:61140 - R:localhost/127.0.0.1:53757]
11:11:38.318 [main] WARN net.thucydides.core.webdriver.WebDriverFacade - Failed to take screenshot (unexpected alert open: <unknown>
  (Session info: chrome=102.0.5005.115): 
Build info: version: '4.1.2', revision: '9a5a329c5a'
System info: host: 'MOOK-HON', ip: '192.168.100.6', os.name: 'Windows 10', os.arch: 'amd64', os.version: '10.0', java.version: '11.0.14'
Driver info: org.openqa.selenium.chrome.ChromeDriver
Command: [a6fb63fda2a463b012c83f92405f5105, screenshot {}]
Capabilities {acceptInsecureCerts: false, browserName: chrome, browserVersion: 102.0.5005.115, chrome: {chromedriverVersion: 102.0.5005.61 (0e59bcc00cc4..., userDataDir: C:\Users\ASUS\AppData\Local...}, goog:chromeOptions: {debuggerAddress: localhost:61142}, javascriptEnabled: true, networkConnectionEnabled: false, pageLoadStrategy: normal, platform: WINDOWS, platformName: WINDOWS, proxy: Proxy(), se:cdp: ws://localhost:61142/devtoo..., se:cdpVersion: 102.0.5005.115, setWindowRect: true, strictFileInteractability: false, timeouts: {implicit: 0, pageLoad: 300000, script: 30000}, unhandledPromptBehavior: dismiss and notify, webauthn:extension:credBlob: true, webauthn:extension:largeBlob: true, webauthn:virtualAuthenticators: true}
Session ID: a6fb63fda2a463b012c83f92405f5105)
11:11:38.318 [main] DEBUG net.thucydides.core.steps.StepInterceptor - STEP DONE: clickButtonSave
  &amp#27;[32mAnd &amp#27;[0m&amp#27;[32mClick button simpan&amp#27;[0m                                       &amp#27;[90m# starter.stepdefinitios.PatientDataSteps.clickButtonSimpan()&amp#27;[0m
11:11:38.337 [Forwarding screenshot on session a6fb63fda2a463b012c83f92405f5105 to remote] DEBUG org.asynchttpclient.netty.request.NettyRequestSender - Using pooled Channel '[id: 0xf687a5f2, L:/127.0.0.1:61140 - R:localhost/127.0.0.1:53757]' for 'GET' to 'http://localhost:53757/session/a6fb63fda2a463b012c83f92405f5105/screenshot'
11:11:38.337 [Forwarding screenshot on session a6fb63fda2a463b012c83f92405f5105 to remote] DEBUG org.asynchttpclient.netty.request.NettyRequestSender - Using open Channel [id: 0xf687a5f2, L:/127.0.0.1:61140 - R:localhost/127.0.0.1:53757] for GET '/session/a6fb63fda2a463b012c83f92405f5105/screenshot'
11:11:38.429 [AsyncHttpClient-1-9] DEBUG org.asynchttpclient.netty.handler.HttpHandler - 

Request DefaultFullHttpRequest(decodeResult: success, version: HTTP/1.1, content: EmptyByteBufBE)
GET /session/a6fb63fda2a463b012c83f92405f5105/screenshot HTTP/1.1
User-Agent: selenium/4.1.2 (java windows)
Cache-Control: no-cache
Content-Type: application/json; charset=utf-8
host: localhost:53757
accept: */*

Response DefaultHttpResponse(decodeResult: success, version: HTTP/1.1)
HTTP/1.1 500 Internal Server Error
Content-Type: application/json; charset=utf-8
cache-control: no-cache
content-length: 921

11:11:38.429 [AsyncHttpClient-1-9] DEBUG org.asynchttpclient.netty.channel.ChannelManager - Adding key: http://localhost:53757 for channel [id: 0xf687a5f2, L:/127.0.0.1:61140 - R:localhost/127.0.0.1:53757]
11:11:38.432 [main] WARN net.thucydides.core.webdriver.WebDriverFacade - Failed to take screenshot (unexpected alert open: {Alert text : Data telah ditambah}
  (Session info: chrome=102.0.5005.115): Data telah ditambah
Build info: version: '4.1.2', revision: '9a5a329c5a'
System info: host: 'MOOK-HON', ip: '192.168.100.6', os.name: 'Windows 10', os.arch: 'amd64', os.version: '10.0', java.version: '11.0.14'
Driver info: org.openqa.selenium.chrome.ChromeDriver
Command: [a6fb63fda2a463b012c83f92405f5105, screenshot {}]
Capabilities {acceptInsecureCerts: false, browserName: chrome, browserVersion: 102.0.5005.115, chrome: {chromedriverVersion: 102.0.5005.61 (0e59bcc00cc4..., userDataDir: C:\Users\ASUS\AppData\Local...}, goog:chromeOptions: {debuggerAddress: localhost:61142}, javascriptEnabled: true, networkConnectionEnabled: false, pageLoadStrategy: normal, platform: WINDOWS, platformName: WINDOWS, proxy: Proxy(), se:cdp: ws://localhost:61142/devtoo..., se:cdpVersion: 102.0.5005.115, setWindowRect: true, strictFileInteractability: false, timeouts: {implicit: 0, pageLoad: 300000, script: 30000}, unhandledPromptBehavior: dismiss and notify, webauthn:extension:credBlob: true, webauthn:extension:largeBlob: true, webauthn:virtualAuthenticators: true}
Session ID: a6fb63fda2a463b012c83f92405f5105)
11:11:38.449 [Forwarding screenshot on session a6fb63fda2a463b012c83f92405f5105 to remote] DEBUG org.asynchttpclient.netty.request.NettyRequestSender - Using pooled Channel '[id: 0xf687a5f2, L:/127.0.0.1:61140 - R:localhost/127.0.0.1:53757]' for 'GET' to 'http://localhost:53757/session/a6fb63fda2a463b012c83f92405f5105/screenshot'
11:11:38.449 [Forwarding screenshot on session a6fb63fda2a463b012c83f92405f5105 to remote] DEBUG org.asynchttpclient.netty.request.NettyRequestSender - Using open Channel [id: 0xf687a5f2, L:/127.0.0.1:61140 - R:localhost/127.0.0.1:53757] for GET '/session/a6fb63fda2a463b012c83f92405f5105/screenshot'
11:11:38.814 [AsyncHttpClient-1-1] DEBUG org.asynchttpclient.netty.channel.DefaultChannelPool - Entry count for : http://localhost:61142 : 1
11:11:39.913 [AsyncHttpClient-1-1] DEBUG org.asynchttpclient.netty.channel.DefaultChannelPool - Entry count for : http://localhost:61142 : 1
11:11:40.004 [AsyncHttpClient-1-9] DEBUG org.asynchttpclient.netty.handler.HttpHandler - 

Request DefaultFullHttpRequest(decodeResult: success, version: HTTP/1.1, content: EmptyByteBufBE)
GET /session/a6fb63fda2a463b012c83f92405f5105/screenshot HTTP/1.1
User-Agent: selenium/4.1.2 (java windows)
Cache-Control: no-cache
Content-Type: application/json; charset=utf-8
host: localhost:53757
accept: */*

Response DefaultHttpResponse(decodeResult: success, version: HTTP/1.1)
HTTP/1.1 200 OK
Content-Type: application/json; charset=utf-8
cache-control: no-cache
content-length: 397960

11:11:40.007 [AsyncHttpClient-1-9] DEBUG org.asynchttpclient.netty.channel.ChannelManager - Adding key: http://localhost:53757 for channel [id: 0xf687a5f2, L:/127.0.0.1:61140 - R:localhost/127.0.0.1:53757]
11:11:40.048 [main] DEBUG net.serenitybdd.core.photography.Darkroom - Send negative for processing for target\site\serenity\cbeceb493b3cc14d3791ff263ea0078986a8fbc23e395c454f06e0ce9a24f68d.png
11:11:40.577 [Forwarding screenshot on session a6fb63fda2a463b012c83f92405f5105 to remote] DEBUG org.asynchttpclient.netty.request.NettyRequestSender - Using pooled Channel '[id: 0xf687a5f2, L:/127.0.0.1:61140 - R:localhost/127.0.0.1:53757]' for 'GET' to 'http://localhost:53757/session/a6fb63fda2a463b012c83f92405f5105/screenshot'
11:11:40.577 [Forwarding screenshot on session a6fb63fda2a463b012c83f92405f5105 to remote] DEBUG org.asynchttpclient.netty.request.NettyRequestSender - Using open Channel [id: 0xf687a5f2, L:/127.0.0.1:61140 - R:localhost/127.0.0.1:53757] for GET '/session/a6fb63fda2a463b012c83f92405f5105/screenshot'
11:11:40.964 [AsyncHttpClient-1-9] DEBUG org.asynchttpclient.netty.handler.HttpHandler - 

Request DefaultFullHttpRequest(decodeResult: success, version: HTTP/1.1, content: EmptyByteBufBE)
GET /session/a6fb63fda2a463b012c83f92405f5105/screenshot HTTP/1.1
User-Agent: selenium/4.1.2 (java windows)
Cache-Control: no-cache
Content-Type: application/json; charset=utf-8
host: localhost:53757
accept: */*

Response DefaultHttpResponse(decodeResult: success, version: HTTP/1.1)
HTTP/1.1 200 OK
Content-Type: application/json; charset=utf-8
cache-control: no-cache
content-length: 397960

11:11:40.966 [AsyncHttpClient-1-9] DEBUG org.asynchttpclient.netty.channel.ChannelManager - Adding key: http://localhost:53757 for channel [id: 0xf687a5f2, L:/127.0.0.1:61140 - R:localhost/127.0.0.1:53757]
11:11:40.994 [main] DEBUG net.serenitybdd.core.photography.Darkroom - Send negative for processing for target\site\serenity\cbeceb493b3cc14d3791ff263ea0078986a8fbc23e395c454f06e0ce9a24f68d.png
11:11:40.995 [main] DEBUG net.thucydides.core.steps.StepInterceptor - STARTING STEP: PatientDataSteps.validDataPasien - checkValidDataPasien
11:11:41.002 [Forwarding findElement on session a6fb63fda2a463b012c83f92405f5105 to remote] DEBUG org.asynchttpclient.netty.request.NettyRequestSender - Using pooled Channel '[id: 0xf687a5f2, L:/127.0.0.1:61140 - R:localhost/127.0.0.1:53757]' for 'POST' to 'http://localhost:53757/session/a6fb63fda2a463b012c83f92405f5105/element'
11:11:41.002 [Forwarding findElement on session a6fb63fda2a463b012c83f92405f5105 to remote] DEBUG org.asynchttpclient.netty.request.NettyRequestSender - Using open Channel [id: 0xf687a5f2, L:/127.0.0.1:61140 - R:localhost/127.0.0.1:53757] for POST '/session/a6fb63fda2a463b012c83f92405f5105/element'
11:11:41.017 [AsyncHttpClient-1-1] DEBUG org.asynchttpclient.netty.channel.DefaultChannelPool - Entry count for : http://localhost:61142 : 1
11:11:41.080 [AsyncHttpClient-1-9] DEBUG org.asynchttpclient.netty.handler.HttpHandler - 

Request DefaultHttpRequest(decodeResult: success, version: HTTP/1.1)
POST /session/a6fb63fda2a463b012c83f92405f5105/element HTTP/1.1
User-Agent: selenium/4.1.2 (java windows)
Content-Length: 95
Content-Type: application/json; charset=utf-8
host: localhost:53757
accept: */*

Response DefaultHttpResponse(decodeResult: success, version: HTTP/1.1)
HTTP/1.1 200 OK
Content-Type: application/json; charset=utf-8
cache-control: no-cache
content-length: 88

11:11:41.081 [AsyncHttpClient-1-9] DEBUG org.asynchttpclient.netty.channel.ChannelManager - Adding key: http://localhost:53757 for channel [id: 0xf687a5f2, L:/127.0.0.1:61140 - R:localhost/127.0.0.1:53757]
11:11:41.082 [Forwarding isElementEnabled on session a6fb63fda2a463b012c83f92405f5105 to remote] DEBUG org.asynchttpclient.netty.request.NettyRequestSender - Using pooled Channel '[id: 0xf687a5f2, L:/127.0.0.1:61140 - R:localhost/127.0.0.1:53757]' for 'GET' to 'http://localhost:53757/session/a6fb63fda2a463b012c83f92405f5105/element/60e7975a-6e40-4fa7-9481-42a44248711b/enabled'
11:11:41.082 [Forwarding isElementEnabled on session a6fb63fda2a463b012c83f92405f5105 to remote] DEBUG org.asynchttpclient.netty.request.NettyRequestSender - Using open Channel [id: 0xf687a5f2, L:/127.0.0.1:61140 - R:localhost/127.0.0.1:53757] for GET '/session/a6fb63fda2a463b012c83f92405f5105/element/60e7975a-6e40-4fa7-9481-42a44248711b/enabled'
11:11:41.101 [AsyncHttpClient-1-9] DEBUG org.asynchttpclient.netty.handler.HttpHandler - 

Request DefaultFullHttpRequest(decodeResult: success, version: HTTP/1.1, content: EmptyByteBufBE)
GET /session/a6fb63fda2a463b012c83f92405f5105/element/60e7975a-6e40-4fa7-9481-42a44248711b/enabled HTTP/1.1
User-Agent: selenium/4.1.2 (java windows)
Cache-Control: no-cache
Content-Type: application/json; charset=utf-8
host: localhost:53757
accept: */*

Response DefaultHttpResponse(decodeResult: success, version: HTTP/1.1)
HTTP/1.1 200 OK
Content-Type: application/json; charset=utf-8
cache-control: no-cache
content-length: 14

11:11:41.101 [AsyncHttpClient-1-9] DEBUG org.asynchttpclient.netty.channel.ChannelManager - Adding key: http://localhost:53757 for channel [id: 0xf687a5f2, L:/127.0.0.1:61140 - R:localhost/127.0.0.1:53757]
11:11:41.116 [Forwarding screenshot on session a6fb63fda2a463b012c83f92405f5105 to remote] DEBUG org.asynchttpclient.netty.request.NettyRequestSender - Using pooled Channel '[id: 0xf687a5f2, L:/127.0.0.1:61140 - R:localhost/127.0.0.1:53757]' for 'GET' to 'http://localhost:53757/session/a6fb63fda2a463b012c83f92405f5105/screenshot'
11:11:41.116 [Forwarding screenshot on session a6fb63fda2a463b012c83f92405f5105 to remote] DEBUG org.asynchttpclient.netty.request.NettyRequestSender - Using open Channel [id: 0xf687a5f2, L:/127.0.0.1:61140 - R:localhost/127.0.0.1:53757] for GET '/session/a6fb63fda2a463b012c83f92405f5105/screenshot'
11:11:41.515 [AsyncHttpClient-1-9] DEBUG org.asynchttpclient.netty.handler.HttpHandler - 

Request DefaultFullHttpRequest(decodeResult: success, version: HTTP/1.1, content: EmptyByteBufBE)
GET /session/a6fb63fda2a463b012c83f92405f5105/screenshot HTTP/1.1
User-Agent: selenium/4.1.2 (java windows)
Cache-Control: no-cache
Content-Type: application/json; charset=utf-8
host: localhost:53757
accept: */*

Response DefaultHttpResponse(decodeResult: success, version: HTTP/1.1)
HTTP/1.1 200 OK
Content-Type: application/json; charset=utf-8
cache-control: no-cache
content-length: 397960

11:11:41.517 [AsyncHttpClient-1-9] DEBUG org.asynchttpclient.netty.channel.ChannelManager - Adding key: http://localhost:53757 for channel [id: 0xf687a5f2, L:/127.0.0.1:61140 - R:localhost/127.0.0.1:53757]
11:11:41.549 [main] DEBUG net.serenitybdd.core.photography.Darkroom - Send negative for processing for target\site\serenity\cbeceb493b3cc14d3791ff263ea0078986a8fbc23e395c454f06e0ce9a24f68d.png
11:11:41.549 [main] DEBUG net.thucydides.core.steps.StepInterceptor - STEP DONE: checkValidDataPasien
  &amp#27;[32mAnd &amp#27;[0m&amp#27;[32mValid data pasien&amp#27;[0m                                         &amp#27;[90m# starter.stepdefinitios.PatientDataSteps.validDataPasien()&amp#27;[0m
11:11:41.585 [AsyncHttpClient-1-3] DEBUG org.asynchttpclient.netty.handler.WebSocketHandler - Channel Closed: [id: 0x4dcde5d5, L:/127.0.0.1:61153 ! R:localhost/127.0.0.1:61142] with attribute NettyResponseFuture{currentRetry=5,
	isDone=1,
	isCancelled=0,
	asyncHandler=org.asynchttpclient.ws.WebSocketUpgradeHandler@4aaa2cfe,
	nettyRequest=org.asynchttpclient.netty.request.NettyRequest@b2dd71,
	future=java.util.concurrent.CompletableFuture@5341aee[Completed normally],
	uri=ws://localhost:61142/devtools/browser/69e9abaf-8264-4333-a6d5-9279e0eb11ab,
	keepAlive=true,
	redirectCount=0,
	timeoutsHolder=null,
	inAuth=0,
	touch=1655525487463}
11:11:41.585 [AsyncHttpClient-1-3] DEBUG org.asynchttpclient.netty.channel.ChannelManager - Closing Channel [id: 0x4dcde5d5, L:/127.0.0.1:61153 ! R:localhost/127.0.0.1:61142] 
11:11:41.587 [Driver Command Executor] DEBUG org.asynchttpclient.netty.request.NettyRequestSender - Using pooled Channel '[id: 0xf687a5f2, L:/127.0.0.1:61140 - R:localhost/127.0.0.1:53757]' for 'DELETE' to 'http://localhost:53757/session/a6fb63fda2a463b012c83f92405f5105'
11:11:41.587 [Driver Command Executor] DEBUG org.asynchttpclient.netty.request.NettyRequestSender - Using open Channel [id: 0xf687a5f2, L:/127.0.0.1:61140 - R:localhost/127.0.0.1:53757] for DELETE '/session/a6fb63fda2a463b012c83f92405f5105'
11:11:42.045 [AsyncHttpClient-1-2] DEBUG org.asynchttpclient.netty.handler.HttpHandler - Unexpected I/O exception on channel [id: 0x57c699a3, L:/127.0.0.1:61152 - R:localhost/127.0.0.1:61142]
java.io.IOException: An existing connection was forcibly closed by the remote host
	at java.base/sun.nio.ch.SocketDispatcher.read0(Native Method)
	at java.base/sun.nio.ch.SocketDispatcher.read(SocketDispatcher.java:43)
	at java.base/sun.nio.ch.IOUtil.readIntoNativeBuffer(IOUtil.java:276)
	at java.base/sun.nio.ch.IOUtil.read(IOUtil.java:233)
	at java.base/sun.nio.ch.IOUtil.read(IOUtil.java:223)
	at java.base/sun.nio.ch.SocketChannelImpl.read(SocketChannelImpl.java:358)
	at io.netty.buffer.PooledByteBuf.setBytes(PooledByteBuf.java:258)
	at io.netty.buffer.AbstractByteBuf.writeBytes(AbstractByteBuf.java:1132)
	at io.netty.channel.socket.nio.NioSocketChannel.doReadBytes(NioSocketChannel.java:350)
	at io.netty.channel.nio.AbstractNioByteChannel$NioByteUnsafe.read(AbstractNioByteChannel.java:151)
	at io.netty.channel.nio.NioEventLoop.processSelectedKey(NioEventLoop.java:722)
	at io.netty.channel.nio.NioEventLoop.processSelectedKeysOptimized(NioEventLoop.java:658)
	at io.netty.channel.nio.NioEventLoop.processSelectedKeys(NioEventLoop.java:584)
	at io.netty.channel.nio.NioEventLoop.run(NioEventLoop.java:496)
	at io.netty.util.concurrent.SingleThreadEventExecutor$4.run(SingleThreadEventExecutor.java:986)
	at io.netty.util.internal.ThreadExecutorMap$2.run(ThreadExecutorMap.java:74)
	at io.netty.util.concurrent.FastThreadLocalRunnable.run(FastThreadLocalRunnable.java:30)
	at java.base/java.lang.Thread.run(Thread.java:834)
11:11:42.045 [AsyncHttpClient-1-2] DEBUG org.asynchttpclient.netty.channel.ChannelManager - Closing Channel [id: 0x57c699a3, L:/127.0.0.1:61152 - R:localhost/127.0.0.1:61142] 
11:11:42.045 [AsyncHttpClient-1-2] DEBUG org.asynchttpclient.netty.handler.HttpHandler - Channel Closed: [id: 0x57c699a3, L:/127.0.0.1:61152 ! R:localhost/127.0.0.1:61142] with attribute DISCARD
11:11:42.096 [AsyncHttpClient-1-9] DEBUG org.asynchttpclient.netty.handler.HttpHandler - 

Request DefaultFullHttpRequest(decodeResult: success, version: HTTP/1.1, content: EmptyByteBufBE)
DELETE /session/a6fb63fda2a463b012c83f92405f5105 HTTP/1.1
User-Agent: selenium/4.1.2 (java windows)
Content-Type: application/json; charset=utf-8
host: localhost:53757
accept: */*

Response DefaultHttpResponse(decodeResult: success, version: HTTP/1.1)
HTTP/1.1 200 OK
Content-Type: application/json; charset=utf-8
cache-control: no-cache
content-length: 14

11:11:42.096 [AsyncHttpClient-1-9] DEBUG org.asynchttpclient.netty.channel.ChannelManager - Adding key: http://localhost:53757 for channel [id: 0xf687a5f2, L:/127.0.0.1:61140 - R:localhost/127.0.0.1:53757]
11:11:42.116 [AsyncHttpClient-1-1] DEBUG org.asynchttpclient.netty.channel.DefaultChannelPool - Entry count for : http://localhost:61142 : 1
11:11:42.117 [AsyncHttpClient-1-1] DEBUG org.asynchttpclient.netty.channel.DefaultChannelPool - Entry count for : http://localhost:53757 : 1
11:11:42.117 [AsyncHttpClient-1-1] DEBUG org.asynchttpclient.netty.channel.DefaultChannelPool - Adding Candidate expired Channel [id: 0x57c699a3, L:/127.0.0.1:61152 ! R:localhost/127.0.0.1:61142] isIdleTimeoutExpired=false isRemotelyClosed=true isTtlExpired=false
11:11:42.117 [AsyncHttpClient-1-1] DEBUG org.asynchttpclient.netty.channel.DefaultChannelPool - Closing Idle Channel [id: 0x57c699a3, L:/127.0.0.1:61152 ! R:localhost/127.0.0.1:61142]
11:11:42.117 [AsyncHttpClient-1-1] DEBUG org.asynchttpclient.netty.channel.DefaultChannelPool - Closed 1 connections out of 2 in 0 ms
11:11:42.775 [AsyncHttpClient-1-9] DEBUG org.asynchttpclient.netty.handler.HttpHandler - Channel Closed: [id: 0xf687a5f2, L:/127.0.0.1:61140 ! R:localhost/127.0.0.1:53757] with attribute DISCARD
11:11:43.216 [AsyncHttpClient-1-1] DEBUG org.asynchttpclient.netty.channel.DefaultChannelPool - Entry count for : http://localhost:53757 : 1
11:11:43.216 [AsyncHttpClient-1-1] DEBUG org.asynchttpclient.netty.channel.DefaultChannelPool - Adding Candidate expired Channel [id: 0xf687a5f2, L:/127.0.0.1:61140 ! R:localhost/127.0.0.1:53757] isIdleTimeoutExpired=false isRemotelyClosed=true isTtlExpired=false
11:11:43.216 [AsyncHttpClient-1-1] DEBUG org.asynchttpclient.netty.channel.DefaultChannelPool - Closing Idle Channel [id: 0xf687a5f2, L:/127.0.0.1:61140 ! R:localhost/127.0.0.1:53757]
11:11:43.216 [AsyncHttpClient-1-1] DEBUG org.asynchttpclient.netty.channel.DefaultChannelPool - Closed 1 connections out of 1 in 0 ms
]]></system-out>
    <system-err><![CDATA[Starting ChromeDriver 102.0.5005.61 (0e59bcc00cc4985ce39ad31c150065f159d95ad3-refs/branch-heads/5005@{#819}) on port 53757
Only local connections are allowed.
Please see https://chromedriver.chromium.org/security-considerations for suggestions on keeping ChromeDriver safe.
ChromeDriver was started successfully.
Jun 18, 2022 11:11:27 AM org.openqa.selenium.remote.ProtocolHandshake createSession
INFO: Detected dialect: W3C
Jun 18, 2022 11:11:27 AM org.openqa.selenium.devtools.CdpVersionFinder findNearestMatch
WARNING: Unable to find an exact match for CDP version 102, so returning the closest version found: a no-op implementation
Jun 18, 2022 11:11:27 AM org.openqa.selenium.devtools.CdpVersionFinder findNearestMatch
INFO: Unable to find CDP implementation matching 102.
Jun 18, 2022 11:11:27 AM org.openqa.selenium.chromium.ChromiumDriver lambda$new$3
WARNING: Unable to find version of CDP to use for . You may need to include a dependency on a specific version of the CDP using something similar to `org.seleniumhq.selenium:selenium-devtools-v86:4.1.2` where the version ("v86") matches the version of the chromium-based browser you're using and the version number of the artifact is the same as Selenium's.
[1655525498.306][WARNING]: unexpected alert open: {Alert text : Data telah ditambah}, cancelling screenshot
]]></system-err>
  </testcase>
  <testcase name="As a admin i want to add data pasien #6" classname="Add Data Pasien - Admin" time="19.198">
    <system-out><![CDATA[
@AddDataPasien @AddPatientDataWithJK
Scenario Outline: As a admin i want to add data pasien            &amp#27;[90m# src/test/resources/features/AddDataPasien.feature:19&amp#27;[0m
11:11:43.324 [main] INFO io.cucumber.core.plugin.SerenityReporter - Running feature from file:///D:/New%20folder%20(2)/Capstone/Testing/src/test/resources/features/AddDataPasien.feature
11:11:43.387 [main] DEBUG net.thucydides.core.steps.StepInterceptor - STARTING STEP: PatientDataSteps.openPageDataPasien - openDataPasien
11:11:43.389 [main] INFO net.serenitybdd.core.webdriver.driverproviders.ChromeDriverProvider - Using automatically driver download
11:11:43.754 [main] DEBUG io.github.bonigarcia.wdm.cache.ResolutionCache - Resolution chrome=102 in cache (valid until 12:10:27 18/06/2022 ICT)
11:11:43.781 [main] DEBUG io.github.bonigarcia.wdm.cache.ResolutionCache - Resolution chrome102=102.0.5005.61 in cache (valid until 19:49:35 18/06/2022 ICT)
11:11:43.796 [main] INFO io.github.bonigarcia.wdm.WebDriverManager - Using chromedriver 102.0.5005.61 (resolved driver for Chrome 102)
11:11:43.841 [main] DEBUG io.github.bonigarcia.wdm.WebDriverManager - Driver chromedriver 102.0.5005.61 found in cache
11:11:43.844 [main] INFO io.github.bonigarcia.wdm.WebDriverManager - Exporting webdriver.chrome.driver as C:\Users\ASUS\.cache\selenium\chromedriver\win32\102.0.5005.61\chromedriver.exe
11:11:44.106 [main] DEBUG net.serenitybdd.core.webdriver.driverproviders.ProvideNewDriver - Instantiating driver
11:11:44.106 [main] DEBUG net.serenitybdd.core.webdriver.driverproviders.ProvideNewDriver - Driver capabilities: Capabilities {acceptInsecureCerts: false, base.url: https://fanciful-trifle-360..., browserName: chrome, chore.driver: src/test/resources/webdrive..., driver: chrome, goog:chromeOptions: {args: [], extensions: []}}
11:11:44.681 [AsyncHttpClient-1-4] DEBUG org.asynchttpclient.netty.channel.NettyConnectListener - Using new Channel '[id: 0x11c33036, L:/127.0.0.1:61182 - R:localhost/127.0.0.1:53958]' for 'POST' to '/session'
11:11:46.502 [AsyncHttpClient-1-4] DEBUG org.asynchttpclient.netty.handler.HttpHandler - 

Request DefaultHttpRequest(decodeResult: success, version: HTTP/1.1)
POST /session HTTP/1.1
User-Agent: selenium/4.1.2 (java windows)
Content-Length: 628
Content-Type: application/json; charset=utf-8
host: localhost:53958
accept: */*

Response DefaultHttpResponse(decodeResult: success, version: HTTP/1.1)
HTTP/1.1 200 OK
Content-Type: application/json; charset=utf-8
cache-control: no-cache
content-length: 789

11:11:46.502 [AsyncHttpClient-1-4] DEBUG org.asynchttpclient.netty.channel.ChannelManager - Adding key: http://localhost:53958 for channel [id: 0x11c33036, L:/127.0.0.1:61182 - R:localhost/127.0.0.1:53958]
11:11:46.521 [AsyncHttpClient-1-1] DEBUG org.asynchttpclient.netty.channel.DefaultChannelPool - Entry count for : http://localhost:53958 : 1
11:11:46.526 [AsyncHttpClient-1-5] DEBUG org.asynchttpclient.netty.channel.NettyConnectListener - Using new Channel '[id: 0xd42c1bd5, L:/127.0.0.1:61193 - R:localhost/127.0.0.1:61184]' for 'GET' to '/json/version'
11:11:46.528 [AsyncHttpClient-1-5] DEBUG org.asynchttpclient.netty.handler.HttpHandler - 

Request DefaultFullHttpRequest(decodeResult: success, version: HTTP/1.1, content: EmptyByteBufBE)
GET /json/version HTTP/1.1
User-Agent: selenium/4.1.2 (java windows)
host: localhost:61184
accept: */*

Response DefaultHttpResponse(decodeResult: success, version: HTTP/1.1)
HTTP/1.1 200 OK
Content-Type: application/json; charset=UTF-8
content-length: 428

11:11:46.529 [AsyncHttpClient-1-5] DEBUG org.asynchttpclient.netty.channel.ChannelManager - Adding key: http://localhost:61184 for channel [id: 0xd42c1bd5, L:/127.0.0.1:61193 - R:localhost/127.0.0.1:61184]
11:11:46.536 [AsyncHttpClient-1-6] DEBUG org.asynchttpclient.netty.channel.NettyConnectListener - Using new Channel '[id: 0x77d48a62, L:/127.0.0.1:61194 - R:localhost/127.0.0.1:61184]' for 'GET' to '/devtools/browser/19b10fd2-7d27-4eaf-901e-9df5cc4d9016'
11:11:46.538 [AsyncHttpClient-1-6] DEBUG org.asynchttpclient.netty.handler.WebSocketHandler - 

Request DefaultFullHttpRequest(decodeResult: success, version: HTTP/1.1, content: EmptyByteBufBE)
GET /devtools/browser/19b10fd2-7d27-4eaf-901e-9df5cc4d9016 HTTP/1.1
upgrade: websocket
connection: upgrade
sec-websocket-key: EayLhd+rc2amzJkivvZWrQ==
sec-websocket-version: 13
origin: http://localhost:61184
host: localhost:61184
accept: */*
user-agent: AHC/2.1

Response DefaultHttpResponse(decodeResult: success, version: HTTP/1.1)
HTTP/1.1 101 WebSocket Protocol Handshake
Upgrade: WebSocket
Connection: Upgrade
Sec-WebSocket-Accept: e3WTBX12tjYb1GdVR8TNjLbfhi8=

11:11:46.555 [Forwarding get on session 2666b04e90736837d491784d2bfa7e72 to remote] DEBUG org.asynchttpclient.netty.request.NettyRequestSender - Using pooled Channel '[id: 0x11c33036, L:/127.0.0.1:61182 - R:localhost/127.0.0.1:53958]' for 'POST' to 'http://localhost:53958/session/2666b04e90736837d491784d2bfa7e72/url'
11:11:46.555 [Forwarding get on session 2666b04e90736837d491784d2bfa7e72 to remote] DEBUG org.asynchttpclient.netty.request.NettyRequestSender - Using open Channel [id: 0x11c33036, L:/127.0.0.1:61182 - R:localhost/127.0.0.1:53958] for POST '/session/2666b04e90736837d491784d2bfa7e72/url'
11:11:47.617 [AsyncHttpClient-1-1] DEBUG org.asynchttpclient.netty.channel.DefaultChannelPool - Entry count for : http://localhost:61184 : 1
11:11:47.987 [AsyncHttpClient-1-4] DEBUG org.asynchttpclient.netty.handler.HttpHandler - 

Request DefaultHttpRequest(decodeResult: success, version: HTTP/1.1)
POST /session/2666b04e90736837d491784d2bfa7e72/url HTTP/1.1
User-Agent: selenium/4.1.2 (java windows)
Content-Length: 84
Content-Type: application/json; charset=utf-8
host: localhost:53958
accept: */*

Response DefaultHttpResponse(decodeResult: success, version: HTTP/1.1)
HTTP/1.1 200 OK
Content-Type: application/json; charset=utf-8
cache-control: no-cache
content-length: 14

11:11:47.988 [AsyncHttpClient-1-4] DEBUG org.asynchttpclient.netty.channel.ChannelManager - Adding key: http://localhost:53958 for channel [id: 0x11c33036, L:/127.0.0.1:61182 - R:localhost/127.0.0.1:53958]
11:11:47.990 [Forwarding setTimeout on session 2666b04e90736837d491784d2bfa7e72 to remote] DEBUG org.asynchttpclient.netty.request.NettyRequestSender - Using pooled Channel '[id: 0x11c33036, L:/127.0.0.1:61182 - R:localhost/127.0.0.1:53958]' for 'POST' to 'http://localhost:53958/session/2666b04e90736837d491784d2bfa7e72/timeouts'
11:11:47.990 [Forwarding setTimeout on session 2666b04e90736837d491784d2bfa7e72 to remote] DEBUG org.asynchttpclient.netty.request.NettyRequestSender - Using open Channel [id: 0x11c33036, L:/127.0.0.1:61182 - R:localhost/127.0.0.1:53958] for POST '/session/2666b04e90736837d491784d2bfa7e72/timeouts'
11:11:47.994 [AsyncHttpClient-1-4] DEBUG org.asynchttpclient.netty.handler.HttpHandler - 

Request DefaultHttpRequest(decodeResult: success, version: HTTP/1.1)
POST /session/2666b04e90736837d491784d2bfa7e72/timeouts HTTP/1.1
User-Agent: selenium/4.1.2 (java windows)
Content-Length: 22
Content-Type: application/json; charset=utf-8
host: localhost:53958
accept: */*

Response DefaultHttpResponse(decodeResult: success, version: HTTP/1.1)
HTTP/1.1 200 OK
Content-Type: application/json; charset=utf-8
cache-control: no-cache
content-length: 14

11:11:47.994 [AsyncHttpClient-1-4] DEBUG org.asynchttpclient.netty.channel.ChannelManager - Adding key: http://localhost:53958 for channel [id: 0x11c33036, L:/127.0.0.1:61182 - R:localhost/127.0.0.1:53958]
11:11:48.001 [Forwarding getCurrentUrl on session 2666b04e90736837d491784d2bfa7e72 to remote] DEBUG org.asynchttpclient.netty.request.NettyRequestSender - Using pooled Channel '[id: 0x11c33036, L:/127.0.0.1:61182 - R:localhost/127.0.0.1:53958]' for 'GET' to 'http://localhost:53958/session/2666b04e90736837d491784d2bfa7e72/url'
11:11:48.001 [Forwarding getCurrentUrl on session 2666b04e90736837d491784d2bfa7e72 to remote] DEBUG org.asynchttpclient.netty.request.NettyRequestSender - Using open Channel [id: 0x11c33036, L:/127.0.0.1:61182 - R:localhost/127.0.0.1:53958] for GET '/session/2666b04e90736837d491784d2bfa7e72/url'
11:11:48.064 [AsyncHttpClient-1-4] DEBUG org.asynchttpclient.netty.handler.HttpHandler - 

Request DefaultFullHttpRequest(decodeResult: success, version: HTTP/1.1, content: EmptyByteBufBE)
GET /session/2666b04e90736837d491784d2bfa7e72/url HTTP/1.1
User-Agent: selenium/4.1.2 (java windows)
Cache-Control: no-cache
Content-Type: application/json; charset=utf-8
host: localhost:53958
accept: */*

Response DefaultHttpResponse(decodeResult: success, version: HTTP/1.1)
HTTP/1.1 200 OK
Content-Type: application/json; charset=utf-8
cache-control: no-cache
content-length: 66

11:11:48.064 [AsyncHttpClient-1-4] DEBUG org.asynchttpclient.netty.channel.ChannelManager - Adding key: http://localhost:53958 for channel [id: 0x11c33036, L:/127.0.0.1:61182 - R:localhost/127.0.0.1:53958]
11:11:48.095 [Forwarding screenshot on session 2666b04e90736837d491784d2bfa7e72 to remote] DEBUG org.asynchttpclient.netty.request.NettyRequestSender - Using pooled Channel '[id: 0x11c33036, L:/127.0.0.1:61182 - R:localhost/127.0.0.1:53958]' for 'GET' to 'http://localhost:53958/session/2666b04e90736837d491784d2bfa7e72/screenshot'
11:11:48.096 [Forwarding screenshot on session 2666b04e90736837d491784d2bfa7e72 to remote] DEBUG org.asynchttpclient.netty.request.NettyRequestSender - Using open Channel [id: 0x11c33036, L:/127.0.0.1:61182 - R:localhost/127.0.0.1:53958] for GET '/session/2666b04e90736837d491784d2bfa7e72/screenshot'
11:11:48.785 [AsyncHttpClient-1-1] DEBUG org.asynchttpclient.netty.channel.DefaultChannelPool - Entry count for : http://localhost:61184 : 1
11:11:49.406 [AsyncHttpClient-1-4] DEBUG org.asynchttpclient.netty.handler.HttpHandler - 

Request DefaultFullHttpRequest(decodeResult: success, version: HTTP/1.1, content: EmptyByteBufBE)
GET /session/2666b04e90736837d491784d2bfa7e72/screenshot HTTP/1.1
User-Agent: selenium/4.1.2 (java windows)
Cache-Control: no-cache
Content-Type: application/json; charset=utf-8
host: localhost:53958
accept: */*

Response DefaultHttpResponse(decodeResult: success, version: HTTP/1.1)
HTTP/1.1 200 OK
Content-Type: application/json; charset=utf-8
cache-control: no-cache
content-length: 80400

11:11:49.406 [AsyncHttpClient-1-4] DEBUG org.asynchttpclient.netty.channel.ChannelManager - Adding key: http://localhost:53958 for channel [id: 0x11c33036, L:/127.0.0.1:61182 - R:localhost/127.0.0.1:53958]
11:11:49.416 [main] DEBUG net.serenitybdd.core.photography.Darkroom - Send negative for processing for target\site\serenity\58c2da6a3dc1cef559f06fa5e42c751c82c835dd5008c395eda7cc58522a65cb.png
11:11:49.416 [main] DEBUG net.thucydides.core.steps.StepInterceptor - STEP DONE: openDataPasien
  &amp#27;[32mGiven &amp#27;[0m&amp#27;[32mOpen page data pasien&amp#27;[0m                                     &amp#27;[90m# starter.stepdefinitios.PatientDataSteps.openPageDataPasien()&amp#27;[0m
11:11:49.417 [Darkroom Processing Line] DEBUG net.serenitybdd.core.photography.DarkroomProcessingLine - Processing screenshot image in /var/screenshots/screenshot-10732744628881203938
11:11:49.417 [Darkroom Processing Line] DEBUG net.serenitybdd.core.photography.DarkroomProcessingLine - Saving screenshot to target\site\serenity\58c2da6a3dc1cef559f06fa5e42c751c82c835dd5008c395eda7cc58522a65cb.png
11:11:49.455 [main] DEBUG net.thucydides.core.steps.StepInterceptor - STARTING STEP: PatientDataSteps.clickButtonTambahData - clickButtonTambah
11:11:49.461 [Forwarding findElement on session 2666b04e90736837d491784d2bfa7e72 to remote] DEBUG org.asynchttpclient.netty.request.NettyRequestSender - Using pooled Channel '[id: 0x11c33036, L:/127.0.0.1:61182 - R:localhost/127.0.0.1:53958]' for 'POST' to 'http://localhost:53958/session/2666b04e90736837d491784d2bfa7e72/element'
11:11:49.461 [Forwarding findElement on session 2666b04e90736837d491784d2bfa7e72 to remote] DEBUG org.asynchttpclient.netty.request.NettyRequestSender - Using open Channel [id: 0x11c33036, L:/127.0.0.1:61182 - R:localhost/127.0.0.1:53958] for POST '/session/2666b04e90736837d491784d2bfa7e72/element'
11:11:49.486 [AsyncHttpClient-1-4] DEBUG org.asynchttpclient.netty.handler.HttpHandler - 

Request DefaultHttpRequest(decodeResult: success, version: HTTP/1.1)
POST /session/2666b04e90736837d491784d2bfa7e72/element HTTP/1.1
User-Agent: selenium/4.1.2 (java windows)
Content-Length: 109
Content-Type: application/json; charset=utf-8
host: localhost:53958
accept: */*

Response DefaultHttpResponse(decodeResult: success, version: HTTP/1.1)
HTTP/1.1 200 OK
Content-Type: application/json; charset=utf-8
cache-control: no-cache
content-length: 88

11:11:49.486 [AsyncHttpClient-1-4] DEBUG org.asynchttpclient.netty.channel.ChannelManager - Adding key: http://localhost:53958 for channel [id: 0x11c33036, L:/127.0.0.1:61182 - R:localhost/127.0.0.1:53958]
11:11:49.488 [Forwarding getElementTagName on session 2666b04e90736837d491784d2bfa7e72 to remote] DEBUG org.asynchttpclient.netty.request.NettyRequestSender - Using pooled Channel '[id: 0x11c33036, L:/127.0.0.1:61182 - R:localhost/127.0.0.1:53958]' for 'GET' to 'http://localhost:53958/session/2666b04e90736837d491784d2bfa7e72/element/40a1652c-b4b7-4f9c-96eb-4cd599d8c374/name'
11:11:49.488 [Forwarding getElementTagName on session 2666b04e90736837d491784d2bfa7e72 to remote] DEBUG org.asynchttpclient.netty.request.NettyRequestSender - Using open Channel [id: 0x11c33036, L:/127.0.0.1:61182 - R:localhost/127.0.0.1:53958] for GET '/session/2666b04e90736837d491784d2bfa7e72/element/40a1652c-b4b7-4f9c-96eb-4cd599d8c374/name'
11:11:49.497 [AsyncHttpClient-1-4] DEBUG org.asynchttpclient.netty.handler.HttpHandler - 

Request DefaultFullHttpRequest(decodeResult: success, version: HTTP/1.1, content: EmptyByteBufBE)
GET /session/2666b04e90736837d491784d2bfa7e72/element/40a1652c-b4b7-4f9c-96eb-4cd599d8c374/name HTTP/1.1
User-Agent: selenium/4.1.2 (java windows)
Cache-Control: no-cache
Content-Type: application/json; charset=utf-8
host: localhost:53958
accept: */*

Response DefaultHttpResponse(decodeResult: success, version: HTTP/1.1)
HTTP/1.1 200 OK
Content-Type: application/json; charset=utf-8
cache-control: no-cache
content-length: 18

11:11:49.498 [AsyncHttpClient-1-4] DEBUG org.asynchttpclient.netty.channel.ChannelManager - Adding key: http://localhost:53958 for channel [id: 0x11c33036, L:/127.0.0.1:61182 - R:localhost/127.0.0.1:53958]
11:11:49.499 [Forwarding getElementTagName on session 2666b04e90736837d491784d2bfa7e72 to remote] DEBUG org.asynchttpclient.netty.request.NettyRequestSender - Using pooled Channel '[id: 0x11c33036, L:/127.0.0.1:61182 - R:localhost/127.0.0.1:53958]' for 'GET' to 'http://localhost:53958/session/2666b04e90736837d491784d2bfa7e72/element/40a1652c-b4b7-4f9c-96eb-4cd599d8c374/name'
11:11:49.500 [Forwarding getElementTagName on session 2666b04e90736837d491784d2bfa7e72 to remote] DEBUG org.asynchttpclient.netty.request.NettyRequestSender - Using open Channel [id: 0x11c33036, L:/127.0.0.1:61182 - R:localhost/127.0.0.1:53958] for GET '/session/2666b04e90736837d491784d2bfa7e72/element/40a1652c-b4b7-4f9c-96eb-4cd599d8c374/name'
11:11:49.505 [AsyncHttpClient-1-4] DEBUG org.asynchttpclient.netty.handler.HttpHandler - 

Request DefaultFullHttpRequest(decodeResult: success, version: HTTP/1.1, content: EmptyByteBufBE)
GET /session/2666b04e90736837d491784d2bfa7e72/element/40a1652c-b4b7-4f9c-96eb-4cd599d8c374/name HTTP/1.1
User-Agent: selenium/4.1.2 (java windows)
Cache-Control: no-cache
Content-Type: application/json; charset=utf-8
host: localhost:53958
accept: */*

Response DefaultHttpResponse(decodeResult: success, version: HTTP/1.1)
HTTP/1.1 200 OK
Content-Type: application/json; charset=utf-8
cache-control: no-cache
content-length: 18

11:11:49.505 [AsyncHttpClient-1-4] DEBUG org.asynchttpclient.netty.channel.ChannelManager - Adding key: http://localhost:53958 for channel [id: 0x11c33036, L:/127.0.0.1:61182 - R:localhost/127.0.0.1:53958]
11:11:49.515 [Forwarding isElementEnabled on session 2666b04e90736837d491784d2bfa7e72 to remote] DEBUG org.asynchttpclient.netty.request.NettyRequestSender - Using pooled Channel '[id: 0x11c33036, L:/127.0.0.1:61182 - R:localhost/127.0.0.1:53958]' for 'GET' to 'http://localhost:53958/session/2666b04e90736837d491784d2bfa7e72/element/40a1652c-b4b7-4f9c-96eb-4cd599d8c374/enabled'
11:11:49.515 [Forwarding isElementEnabled on session 2666b04e90736837d491784d2bfa7e72 to remote] DEBUG org.asynchttpclient.netty.request.NettyRequestSender - Using open Channel [id: 0x11c33036, L:/127.0.0.1:61182 - R:localhost/127.0.0.1:53958] for GET '/session/2666b04e90736837d491784d2bfa7e72/element/40a1652c-b4b7-4f9c-96eb-4cd599d8c374/enabled'
11:11:49.536 [AsyncHttpClient-1-4] DEBUG org.asynchttpclient.netty.handler.HttpHandler - 

Request DefaultFullHttpRequest(decodeResult: success, version: HTTP/1.1, content: EmptyByteBufBE)
GET /session/2666b04e90736837d491784d2bfa7e72/element/40a1652c-b4b7-4f9c-96eb-4cd599d8c374/enabled HTTP/1.1
User-Agent: selenium/4.1.2 (java windows)
Cache-Control: no-cache
Content-Type: application/json; charset=utf-8
host: localhost:53958
accept: */*

Response DefaultHttpResponse(decodeResult: success, version: HTTP/1.1)
HTTP/1.1 200 OK
Content-Type: application/json; charset=utf-8
cache-control: no-cache
content-length: 14

11:11:49.536 [AsyncHttpClient-1-4] DEBUG org.asynchttpclient.netty.channel.ChannelManager - Adding key: http://localhost:53958 for channel [id: 0x11c33036, L:/127.0.0.1:61182 - R:localhost/127.0.0.1:53958]
11:11:49.538 [Forwarding isElementEnabled on session 2666b04e90736837d491784d2bfa7e72 to remote] DEBUG org.asynchttpclient.netty.request.NettyRequestSender - Using pooled Channel '[id: 0x11c33036, L:/127.0.0.1:61182 - R:localhost/127.0.0.1:53958]' for 'GET' to 'http://localhost:53958/session/2666b04e90736837d491784d2bfa7e72/element/40a1652c-b4b7-4f9c-96eb-4cd599d8c374/enabled'
11:11:49.538 [Forwarding isElementEnabled on session 2666b04e90736837d491784d2bfa7e72 to remote] DEBUG org.asynchttpclient.netty.request.NettyRequestSender - Using open Channel [id: 0x11c33036, L:/127.0.0.1:61182 - R:localhost/127.0.0.1:53958] for GET '/session/2666b04e90736837d491784d2bfa7e72/element/40a1652c-b4b7-4f9c-96eb-4cd599d8c374/enabled'
11:11:49.555 [AsyncHttpClient-1-4] DEBUG org.asynchttpclient.netty.handler.HttpHandler - 

Request DefaultFullHttpRequest(decodeResult: success, version: HTTP/1.1, content: EmptyByteBufBE)
GET /session/2666b04e90736837d491784d2bfa7e72/element/40a1652c-b4b7-4f9c-96eb-4cd599d8c374/enabled HTTP/1.1
User-Agent: selenium/4.1.2 (java windows)
Cache-Control: no-cache
Content-Type: application/json; charset=utf-8
host: localhost:53958
accept: */*

Response DefaultHttpResponse(decodeResult: success, version: HTTP/1.1)
HTTP/1.1 200 OK
Content-Type: application/json; charset=utf-8
cache-control: no-cache
content-length: 14

11:11:49.555 [AsyncHttpClient-1-4] DEBUG org.asynchttpclient.netty.channel.ChannelManager - Adding key: http://localhost:53958 for channel [id: 0x11c33036, L:/127.0.0.1:61182 - R:localhost/127.0.0.1:53958]
11:11:49.561 [Forwarding findElement on session 2666b04e90736837d491784d2bfa7e72 to remote] DEBUG org.asynchttpclient.netty.request.NettyRequestSender - Using pooled Channel '[id: 0x11c33036, L:/127.0.0.1:61182 - R:localhost/127.0.0.1:53958]' for 'POST' to 'http://localhost:53958/session/2666b04e90736837d491784d2bfa7e72/element'
11:11:49.561 [Forwarding findElement on session 2666b04e90736837d491784d2bfa7e72 to remote] DEBUG org.asynchttpclient.netty.request.NettyRequestSender - Using open Channel [id: 0x11c33036, L:/127.0.0.1:61182 - R:localhost/127.0.0.1:53958] for POST '/session/2666b04e90736837d491784d2bfa7e72/element'
11:11:49.584 [AsyncHttpClient-1-4] DEBUG org.asynchttpclient.netty.handler.HttpHandler - 

Request DefaultHttpRequest(decodeResult: success, version: HTTP/1.1)
POST /session/2666b04e90736837d491784d2bfa7e72/element HTTP/1.1
User-Agent: selenium/4.1.2 (java windows)
Content-Length: 109
Content-Type: application/json; charset=utf-8
host: localhost:53958
accept: */*

Response DefaultHttpResponse(decodeResult: success, version: HTTP/1.1)
HTTP/1.1 200 OK
Content-Type: application/json; charset=utf-8
cache-control: no-cache
content-length: 88

11:11:49.584 [AsyncHttpClient-1-4] DEBUG org.asynchttpclient.netty.channel.ChannelManager - Adding key: http://localhost:53958 for channel [id: 0x11c33036, L:/127.0.0.1:61182 - R:localhost/127.0.0.1:53958]
11:11:49.586 [Forwarding clickElement on session 2666b04e90736837d491784d2bfa7e72 to remote] DEBUG org.asynchttpclient.netty.request.NettyRequestSender - Using pooled Channel '[id: 0x11c33036, L:/127.0.0.1:61182 - R:localhost/127.0.0.1:53958]' for 'POST' to 'http://localhost:53958/session/2666b04e90736837d491784d2bfa7e72/element/40a1652c-b4b7-4f9c-96eb-4cd599d8c374/click'
11:11:49.586 [Forwarding clickElement on session 2666b04e90736837d491784d2bfa7e72 to remote] DEBUG org.asynchttpclient.netty.request.NettyRequestSender - Using open Channel [id: 0x11c33036, L:/127.0.0.1:61182 - R:localhost/127.0.0.1:53958] for POST '/session/2666b04e90736837d491784d2bfa7e72/element/40a1652c-b4b7-4f9c-96eb-4cd599d8c374/click'
11:11:49.820 [AsyncHttpClient-1-1] DEBUG org.asynchttpclient.netty.channel.DefaultChannelPool - Entry count for : http://localhost:61184 : 1
11:11:49.988 [AsyncHttpClient-1-4] DEBUG org.asynchttpclient.netty.handler.HttpHandler - 

Request DefaultHttpRequest(decodeResult: success, version: HTTP/1.1)
POST /session/2666b04e90736837d491784d2bfa7e72/element/40a1652c-b4b7-4f9c-96eb-4cd599d8c374/click HTTP/1.1
User-Agent: selenium/4.1.2 (java windows)
Content-Length: 50
Content-Type: application/json; charset=utf-8
host: localhost:53958
accept: */*

Response DefaultHttpResponse(decodeResult: success, version: HTTP/1.1)
HTTP/1.1 200 OK
Content-Type: application/json; charset=utf-8
cache-control: no-cache
content-length: 14

11:11:49.988 [AsyncHttpClient-1-4] DEBUG org.asynchttpclient.netty.channel.ChannelManager - Adding key: http://localhost:53958 for channel [id: 0x11c33036, L:/127.0.0.1:61182 - R:localhost/127.0.0.1:53958]
11:11:50.031 [Forwarding screenshot on session 2666b04e90736837d491784d2bfa7e72 to remote] DEBUG org.asynchttpclient.netty.request.NettyRequestSender - Using pooled Channel '[id: 0x11c33036, L:/127.0.0.1:61182 - R:localhost/127.0.0.1:53958]' for 'GET' to 'http://localhost:53958/session/2666b04e90736837d491784d2bfa7e72/screenshot'
11:11:50.031 [Forwarding screenshot on session 2666b04e90736837d491784d2bfa7e72 to remote] DEBUG org.asynchttpclient.netty.request.NettyRequestSender - Using open Channel [id: 0x11c33036, L:/127.0.0.1:61182 - R:localhost/127.0.0.1:53958] for GET '/session/2666b04e90736837d491784d2bfa7e72/screenshot'
11:11:50.578 [AsyncHttpClient-1-4] DEBUG org.asynchttpclient.netty.handler.HttpHandler - 

Request DefaultFullHttpRequest(decodeResult: success, version: HTTP/1.1, content: EmptyByteBufBE)
GET /session/2666b04e90736837d491784d2bfa7e72/screenshot HTTP/1.1
User-Agent: selenium/4.1.2 (java windows)
Cache-Control: no-cache
Content-Type: application/json; charset=utf-8
host: localhost:53958
accept: */*

Response DefaultHttpResponse(decodeResult: success, version: HTTP/1.1)
HTTP/1.1 200 OK
Content-Type: application/json; charset=utf-8
cache-control: no-cache
content-length: 65512

11:11:50.581 [AsyncHttpClient-1-4] DEBUG org.asynchttpclient.netty.channel.ChannelManager - Adding key: http://localhost:53958 for channel [id: 0x11c33036, L:/127.0.0.1:61182 - R:localhost/127.0.0.1:53958]
11:11:50.587 [main] DEBUG net.serenitybdd.core.photography.Darkroom - Send negative for processing for target\site\serenity\ec40dcb3956ed215bc6d6fc4f45da232b5548583d74be849d912810fa640f498.png
11:11:50.587 [main] DEBUG net.thucydides.core.steps.StepInterceptor - STEP DONE: clickButtonTambah
  &amp#27;[32mWhen &amp#27;[0m&amp#27;[32mClick button tambah data&amp#27;[0m                                   &amp#27;[90m# starter.stepdefinitios.PatientDataSteps.clickButtonTambahData()&amp#27;[0m
11:11:50.923 [AsyncHttpClient-1-1] DEBUG org.asynchttpclient.netty.channel.DefaultChannelPool - Entry count for : http://localhost:61184 : 1
11:11:50.923 [AsyncHttpClient-1-1] DEBUG org.asynchttpclient.netty.channel.DefaultChannelPool - Entry count for : http://localhost:53958 : 1
11:11:51.151 [Forwarding screenshot on session 2666b04e90736837d491784d2bfa7e72 to remote] DEBUG org.asynchttpclient.netty.request.NettyRequestSender - Using pooled Channel '[id: 0x11c33036, L:/127.0.0.1:61182 - R:localhost/127.0.0.1:53958]' for 'GET' to 'http://localhost:53958/session/2666b04e90736837d491784d2bfa7e72/screenshot'
11:11:51.151 [Forwarding screenshot on session 2666b04e90736837d491784d2bfa7e72 to remote] DEBUG org.asynchttpclient.netty.request.NettyRequestSender - Using open Channel [id: 0x11c33036, L:/127.0.0.1:61182 - R:localhost/127.0.0.1:53958] for GET '/session/2666b04e90736837d491784d2bfa7e72/screenshot'
11:11:51.514 [AsyncHttpClient-1-4] DEBUG org.asynchttpclient.netty.handler.HttpHandler - 

Request DefaultFullHttpRequest(decodeResult: success, version: HTTP/1.1, content: EmptyByteBufBE)
GET /session/2666b04e90736837d491784d2bfa7e72/screenshot HTTP/1.1
User-Agent: selenium/4.1.2 (java windows)
Cache-Control: no-cache
Content-Type: application/json; charset=utf-8
host: localhost:53958
accept: */*

Response DefaultHttpResponse(decodeResult: success, version: HTTP/1.1)
HTTP/1.1 200 OK
Content-Type: application/json; charset=utf-8
cache-control: no-cache
content-length: 397960

11:11:51.515 [AsyncHttpClient-1-4] DEBUG org.asynchttpclient.netty.channel.ChannelManager - Adding key: http://localhost:53958 for channel [id: 0x11c33036, L:/127.0.0.1:61182 - R:localhost/127.0.0.1:53958]
11:11:51.544 [main] DEBUG net.serenitybdd.core.photography.Darkroom - Send negative for processing for target\site\serenity\cbeceb493b3cc14d3791ff263ea0078986a8fbc23e395c454f06e0ce9a24f68d.png
11:11:51.545 [main] DEBUG net.thucydides.core.steps.StepInterceptor - STARTING STEP: PatientDataSteps.iInput - inputDataPasien
11:11:51.549 [Forwarding findElement on session 2666b04e90736837d491784d2bfa7e72 to remote] DEBUG org.asynchttpclient.netty.request.NettyRequestSender - Using pooled Channel '[id: 0x11c33036, L:/127.0.0.1:61182 - R:localhost/127.0.0.1:53958]' for 'POST' to 'http://localhost:53958/session/2666b04e90736837d491784d2bfa7e72/element'
11:11:51.549 [Forwarding findElement on session 2666b04e90736837d491784d2bfa7e72 to remote] DEBUG org.asynchttpclient.netty.request.NettyRequestSender - Using open Channel [id: 0x11c33036, L:/127.0.0.1:61182 - R:localhost/127.0.0.1:53958] for POST '/session/2666b04e90736837d491784d2bfa7e72/element'
11:11:51.585 [AsyncHttpClient-1-4] DEBUG org.asynchttpclient.netty.handler.HttpHandler - 

Request DefaultHttpRequest(decodeResult: success, version: HTTP/1.1)
POST /session/2666b04e90736837d491784d2bfa7e72/element HTTP/1.1
User-Agent: selenium/4.1.2 (java windows)
Content-Length: 166
Content-Type: application/json; charset=utf-8
host: localhost:53958
accept: */*

Response DefaultHttpResponse(decodeResult: success, version: HTTP/1.1)
HTTP/1.1 200 OK
Content-Type: application/json; charset=utf-8
cache-control: no-cache
content-length: 88

11:11:51.585 [AsyncHttpClient-1-4] DEBUG org.asynchttpclient.netty.channel.ChannelManager - Adding key: http://localhost:53958 for channel [id: 0x11c33036, L:/127.0.0.1:61182 - R:localhost/127.0.0.1:53958]
11:11:51.587 [Forwarding sendKeysToElement on session 2666b04e90736837d491784d2bfa7e72 to remote] DEBUG org.asynchttpclient.netty.request.NettyRequestSender - Using pooled Channel '[id: 0x11c33036, L:/127.0.0.1:61182 - R:localhost/127.0.0.1:53958]' for 'POST' to 'http://localhost:53958/session/2666b04e90736837d491784d2bfa7e72/element/74ea7bf2-eec5-4dbd-b661-b03445034b9f/value'
11:11:51.587 [Forwarding sendKeysToElement on session 2666b04e90736837d491784d2bfa7e72 to remote] DEBUG org.asynchttpclient.netty.request.NettyRequestSender - Using open Channel [id: 0x11c33036, L:/127.0.0.1:61182 - R:localhost/127.0.0.1:53958] for POST '/session/2666b04e90736837d491784d2bfa7e72/element/74ea7bf2-eec5-4dbd-b661-b03445034b9f/value'
11:11:52.015 [AsyncHttpClient-1-1] DEBUG org.asynchttpclient.netty.channel.DefaultChannelPool - Entry count for : http://localhost:61184 : 1
11:11:52.089 [AsyncHttpClient-1-4] DEBUG org.asynchttpclient.netty.handler.HttpHandler - 

Request DefaultHttpRequest(decodeResult: success, version: HTTP/1.1)
POST /session/2666b04e90736837d491784d2bfa7e72/element/74ea7bf2-eec5-4dbd-b661-b03445034b9f/value HTTP/1.1
User-Agent: selenium/4.1.2 (java windows)
Content-Length: 131
Content-Type: application/json; charset=utf-8
host: localhost:53958
accept: */*

Response DefaultHttpResponse(decodeResult: success, version: HTTP/1.1)
HTTP/1.1 200 OK
Content-Type: application/json; charset=utf-8
cache-control: no-cache
content-length: 14

11:11:52.089 [AsyncHttpClient-1-4] DEBUG org.asynchttpclient.netty.channel.ChannelManager - Adding key: http://localhost:53958 for channel [id: 0x11c33036, L:/127.0.0.1:61182 - R:localhost/127.0.0.1:53958]
11:11:52.095 [Forwarding findElement on session 2666b04e90736837d491784d2bfa7e72 to remote] DEBUG org.asynchttpclient.netty.request.NettyRequestSender - Using pooled Channel '[id: 0x11c33036, L:/127.0.0.1:61182 - R:localhost/127.0.0.1:53958]' for 'POST' to 'http://localhost:53958/session/2666b04e90736837d491784d2bfa7e72/element'
11:11:52.095 [Forwarding findElement on session 2666b04e90736837d491784d2bfa7e72 to remote] DEBUG org.asynchttpclient.netty.request.NettyRequestSender - Using open Channel [id: 0x11c33036, L:/127.0.0.1:61182 - R:localhost/127.0.0.1:53958] for POST '/session/2666b04e90736837d491784d2bfa7e72/element'
11:11:52.160 [AsyncHttpClient-1-4] DEBUG org.asynchttpclient.netty.handler.HttpHandler - 

Request DefaultHttpRequest(decodeResult: success, version: HTTP/1.1)
POST /session/2666b04e90736837d491784d2bfa7e72/element HTTP/1.1
User-Agent: selenium/4.1.2 (java windows)
Content-Length: 166
Content-Type: application/json; charset=utf-8
host: localhost:53958
accept: */*

Response DefaultHttpResponse(decodeResult: success, version: HTTP/1.1)
HTTP/1.1 200 OK
Content-Type: application/json; charset=utf-8
cache-control: no-cache
content-length: 88

11:11:52.161 [AsyncHttpClient-1-4] DEBUG org.asynchttpclient.netty.channel.ChannelManager - Adding key: http://localhost:53958 for channel [id: 0x11c33036, L:/127.0.0.1:61182 - R:localhost/127.0.0.1:53958]
11:11:52.163 [Forwarding sendKeysToElement on session 2666b04e90736837d491784d2bfa7e72 to remote] DEBUG org.asynchttpclient.netty.request.NettyRequestSender - Using pooled Channel '[id: 0x11c33036, L:/127.0.0.1:61182 - R:localhost/127.0.0.1:53958]' for 'POST' to 'http://localhost:53958/session/2666b04e90736837d491784d2bfa7e72/element/aaaa85ae-80cf-4644-abb1-d1a755eb485a/value'
11:11:52.163 [Forwarding sendKeysToElement on session 2666b04e90736837d491784d2bfa7e72 to remote] DEBUG org.asynchttpclient.netty.request.NettyRequestSender - Using open Channel [id: 0x11c33036, L:/127.0.0.1:61182 - R:localhost/127.0.0.1:53958] for POST '/session/2666b04e90736837d491784d2bfa7e72/element/aaaa85ae-80cf-4644-abb1-d1a755eb485a/value'
11:11:52.803 [AsyncHttpClient-1-4] DEBUG org.asynchttpclient.netty.handler.HttpHandler - 

Request DefaultHttpRequest(decodeResult: success, version: HTTP/1.1)
POST /session/2666b04e90736837d491784d2bfa7e72/element/aaaa85ae-80cf-4644-abb1-d1a755eb485a/value HTTP/1.1
User-Agent: selenium/4.1.2 (java windows)
Content-Length: 181
Content-Type: application/json; charset=utf-8
host: localhost:53958
accept: */*

Response DefaultHttpResponse(decodeResult: success, version: HTTP/1.1)
HTTP/1.1 200 OK
Content-Type: application/json; charset=utf-8
cache-control: no-cache
content-length: 14

11:11:52.803 [AsyncHttpClient-1-4] DEBUG org.asynchttpclient.netty.channel.ChannelManager - Adding key: http://localhost:53958 for channel [id: 0x11c33036, L:/127.0.0.1:61182 - R:localhost/127.0.0.1:53958]
11:11:52.807 [Forwarding findElement on session 2666b04e90736837d491784d2bfa7e72 to remote] DEBUG org.asynchttpclient.netty.request.NettyRequestSender - Using pooled Channel '[id: 0x11c33036, L:/127.0.0.1:61182 - R:localhost/127.0.0.1:53958]' for 'POST' to 'http://localhost:53958/session/2666b04e90736837d491784d2bfa7e72/element'
11:11:52.808 [Forwarding findElement on session 2666b04e90736837d491784d2bfa7e72 to remote] DEBUG org.asynchttpclient.netty.request.NettyRequestSender - Using open Channel [id: 0x11c33036, L:/127.0.0.1:61182 - R:localhost/127.0.0.1:53958] for POST '/session/2666b04e90736837d491784d2bfa7e72/element'
11:11:52.837 [AsyncHttpClient-1-4] DEBUG org.asynchttpclient.netty.handler.HttpHandler - 

Request DefaultHttpRequest(decodeResult: success, version: HTTP/1.1)
POST /session/2666b04e90736837d491784d2bfa7e72/element HTTP/1.1
User-Agent: selenium/4.1.2 (java windows)
Content-Length: 166
Content-Type: application/json; charset=utf-8
host: localhost:53958
accept: */*

Response DefaultHttpResponse(decodeResult: success, version: HTTP/1.1)
HTTP/1.1 200 OK
Content-Type: application/json; charset=utf-8
cache-control: no-cache
content-length: 88

11:11:52.837 [AsyncHttpClient-1-4] DEBUG org.asynchttpclient.netty.channel.ChannelManager - Adding key: http://localhost:53958 for channel [id: 0x11c33036, L:/127.0.0.1:61182 - R:localhost/127.0.0.1:53958]
11:11:52.840 [Forwarding sendKeysToElement on session 2666b04e90736837d491784d2bfa7e72 to remote] DEBUG org.asynchttpclient.netty.request.NettyRequestSender - Using pooled Channel '[id: 0x11c33036, L:/127.0.0.1:61182 - R:localhost/127.0.0.1:53958]' for 'POST' to 'http://localhost:53958/session/2666b04e90736837d491784d2bfa7e72/element/acc75c35-9b20-4e01-8b0b-77db3b572609/value'
11:11:52.840 [Forwarding sendKeysToElement on session 2666b04e90736837d491784d2bfa7e72 to remote] DEBUG org.asynchttpclient.netty.request.NettyRequestSender - Using open Channel [id: 0x11c33036, L:/127.0.0.1:61182 - R:localhost/127.0.0.1:53958] for POST '/session/2666b04e90736837d491784d2bfa7e72/element/acc75c35-9b20-4e01-8b0b-77db3b572609/value'
11:11:53.102 [AsyncHttpClient-1-4] DEBUG org.asynchttpclient.netty.handler.HttpHandler - 

Request DefaultHttpRequest(decodeResult: success, version: HTTP/1.1)
POST /session/2666b04e90736837d491784d2bfa7e72/element/acc75c35-9b20-4e01-8b0b-77db3b572609/value HTTP/1.1
User-Agent: selenium/4.1.2 (java windows)
Content-Length: 101
Content-Type: application/json; charset=utf-8
host: localhost:53958
accept: */*

Response DefaultHttpResponse(decodeResult: success, version: HTTP/1.1)
HTTP/1.1 200 OK
Content-Type: application/json; charset=utf-8
cache-control: no-cache
content-length: 14

11:11:53.102 [AsyncHttpClient-1-4] DEBUG org.asynchttpclient.netty.channel.ChannelManager - Adding key: http://localhost:53958 for channel [id: 0x11c33036, L:/127.0.0.1:61182 - R:localhost/127.0.0.1:53958]
11:11:53.107 [Forwarding findElement on session 2666b04e90736837d491784d2bfa7e72 to remote] DEBUG org.asynchttpclient.netty.request.NettyRequestSender - Using pooled Channel '[id: 0x11c33036, L:/127.0.0.1:61182 - R:localhost/127.0.0.1:53958]' for 'POST' to 'http://localhost:53958/session/2666b04e90736837d491784d2bfa7e72/element'
11:11:53.107 [Forwarding findElement on session 2666b04e90736837d491784d2bfa7e72 to remote] DEBUG org.asynchttpclient.netty.request.NettyRequestSender - Using open Channel [id: 0x11c33036, L:/127.0.0.1:61182 - R:localhost/127.0.0.1:53958] for POST '/session/2666b04e90736837d491784d2bfa7e72/element'
11:11:53.113 [AsyncHttpClient-1-1] DEBUG org.asynchttpclient.netty.channel.DefaultChannelPool - Entry count for : http://localhost:61184 : 1
11:11:53.150 [AsyncHttpClient-1-4] DEBUG org.asynchttpclient.netty.handler.HttpHandler - 

Request DefaultHttpRequest(decodeResult: success, version: HTTP/1.1)
POST /session/2666b04e90736837d491784d2bfa7e72/element HTTP/1.1
User-Agent: selenium/4.1.2 (java windows)
Content-Length: 166
Content-Type: application/json; charset=utf-8
host: localhost:53958
accept: */*

Response DefaultHttpResponse(decodeResult: success, version: HTTP/1.1)
HTTP/1.1 200 OK
Content-Type: application/json; charset=utf-8
cache-control: no-cache
content-length: 88

11:11:53.151 [AsyncHttpClient-1-4] DEBUG org.asynchttpclient.netty.channel.ChannelManager - Adding key: http://localhost:53958 for channel [id: 0x11c33036, L:/127.0.0.1:61182 - R:localhost/127.0.0.1:53958]
11:11:53.153 [Forwarding sendKeysToElement on session 2666b04e90736837d491784d2bfa7e72 to remote] DEBUG org.asynchttpclient.netty.request.NettyRequestSender - Using pooled Channel '[id: 0x11c33036, L:/127.0.0.1:61182 - R:localhost/127.0.0.1:53958]' for 'POST' to 'http://localhost:53958/session/2666b04e90736837d491784d2bfa7e72/element/32ce7fa5-b9fa-4b52-829c-82ce4bf629bd/value'
11:11:53.153 [Forwarding sendKeysToElement on session 2666b04e90736837d491784d2bfa7e72 to remote] DEBUG org.asynchttpclient.netty.request.NettyRequestSender - Using open Channel [id: 0x11c33036, L:/127.0.0.1:61182 - R:localhost/127.0.0.1:53958] for POST '/session/2666b04e90736837d491784d2bfa7e72/element/32ce7fa5-b9fa-4b52-829c-82ce4bf629bd/value'
11:11:53.675 [AsyncHttpClient-1-4] DEBUG org.asynchttpclient.netty.handler.HttpHandler - 

Request DefaultHttpRequest(decodeResult: success, version: HTTP/1.1)
POST /session/2666b04e90736837d491784d2bfa7e72/element/32ce7fa5-b9fa-4b52-829c-82ce4bf629bd/value HTTP/1.1
User-Agent: selenium/4.1.2 (java windows)
Content-Length: 191
Content-Type: application/json; charset=utf-8
host: localhost:53958
accept: */*

Response DefaultHttpResponse(decodeResult: success, version: HTTP/1.1)
HTTP/1.1 200 OK
Content-Type: application/json; charset=utf-8
cache-control: no-cache
content-length: 14

11:11:53.676 [AsyncHttpClient-1-4] DEBUG org.asynchttpclient.netty.channel.ChannelManager - Adding key: http://localhost:53958 for channel [id: 0x11c33036, L:/127.0.0.1:61182 - R:localhost/127.0.0.1:53958]
11:11:53.682 [Forwarding findElement on session 2666b04e90736837d491784d2bfa7e72 to remote] DEBUG org.asynchttpclient.netty.request.NettyRequestSender - Using pooled Channel '[id: 0x11c33036, L:/127.0.0.1:61182 - R:localhost/127.0.0.1:53958]' for 'POST' to 'http://localhost:53958/session/2666b04e90736837d491784d2bfa7e72/element'
11:11:53.682 [Forwarding findElement on session 2666b04e90736837d491784d2bfa7e72 to remote] DEBUG org.asynchttpclient.netty.request.NettyRequestSender - Using open Channel [id: 0x11c33036, L:/127.0.0.1:61182 - R:localhost/127.0.0.1:53958] for POST '/session/2666b04e90736837d491784d2bfa7e72/element'
11:11:53.711 [AsyncHttpClient-1-4] DEBUG org.asynchttpclient.netty.handler.HttpHandler - 

Request DefaultHttpRequest(decodeResult: success, version: HTTP/1.1)
POST /session/2666b04e90736837d491784d2bfa7e72/element HTTP/1.1
User-Agent: selenium/4.1.2 (java windows)
Content-Length: 173
Content-Type: application/json; charset=utf-8
host: localhost:53958
accept: */*

Response DefaultHttpResponse(decodeResult: success, version: HTTP/1.1)
HTTP/1.1 200 OK
Content-Type: application/json; charset=utf-8
cache-control: no-cache
content-length: 88

11:11:53.711 [AsyncHttpClient-1-4] DEBUG org.asynchttpclient.netty.channel.ChannelManager - Adding key: http://localhost:53958 for channel [id: 0x11c33036, L:/127.0.0.1:61182 - R:localhost/127.0.0.1:53958]
11:11:53.713 [Forwarding sendKeysToElement on session 2666b04e90736837d491784d2bfa7e72 to remote] DEBUG org.asynchttpclient.netty.request.NettyRequestSender - Using pooled Channel '[id: 0x11c33036, L:/127.0.0.1:61182 - R:localhost/127.0.0.1:53958]' for 'POST' to 'http://localhost:53958/session/2666b04e90736837d491784d2bfa7e72/element/3ed0f26e-2bce-456d-9065-4398db4feca2/value'
11:11:53.713 [Forwarding sendKeysToElement on session 2666b04e90736837d491784d2bfa7e72 to remote] DEBUG org.asynchttpclient.netty.request.NettyRequestSender - Using open Channel [id: 0x11c33036, L:/127.0.0.1:61182 - R:localhost/127.0.0.1:53958] for POST '/session/2666b04e90736837d491784d2bfa7e72/element/3ed0f26e-2bce-456d-9065-4398db4feca2/value'
11:11:53.834 [AsyncHttpClient-1-4] DEBUG org.asynchttpclient.netty.handler.HttpHandler - 

Request DefaultHttpRequest(decodeResult: success, version: HTTP/1.1)
POST /session/2666b04e90736837d491784d2bfa7e72/element/3ed0f26e-2bce-456d-9065-4398db4feca2/value HTTP/1.1
User-Agent: selenium/4.1.2 (java windows)
Content-Length: 82
Content-Type: application/json; charset=utf-8
host: localhost:53958
accept: */*

Response DefaultHttpResponse(decodeResult: success, version: HTTP/1.1)
HTTP/1.1 200 OK
Content-Type: application/json; charset=utf-8
cache-control: no-cache
content-length: 14

11:11:53.834 [AsyncHttpClient-1-4] DEBUG org.asynchttpclient.netty.channel.ChannelManager - Adding key: http://localhost:53958 for channel [id: 0x11c33036, L:/127.0.0.1:61182 - R:localhost/127.0.0.1:53958]
11:11:53.846 [Forwarding screenshot on session 2666b04e90736837d491784d2bfa7e72 to remote] DEBUG org.asynchttpclient.netty.request.NettyRequestSender - Using pooled Channel '[id: 0x11c33036, L:/127.0.0.1:61182 - R:localhost/127.0.0.1:53958]' for 'GET' to 'http://localhost:53958/session/2666b04e90736837d491784d2bfa7e72/screenshot'
11:11:53.846 [Forwarding screenshot on session 2666b04e90736837d491784d2bfa7e72 to remote] DEBUG org.asynchttpclient.netty.request.NettyRequestSender - Using open Channel [id: 0x11c33036, L:/127.0.0.1:61182 - R:localhost/127.0.0.1:53958] for GET '/session/2666b04e90736837d491784d2bfa7e72/screenshot'
11:11:54.221 [AsyncHttpClient-1-1] DEBUG org.asynchttpclient.netty.channel.DefaultChannelPool - Entry count for : http://localhost:61184 : 1
11:11:54.248 [AsyncHttpClient-1-4] DEBUG org.asynchttpclient.netty.handler.HttpHandler - 

Request DefaultFullHttpRequest(decodeResult: success, version: HTTP/1.1, content: EmptyByteBufBE)
GET /session/2666b04e90736837d491784d2bfa7e72/screenshot HTTP/1.1
User-Agent: selenium/4.1.2 (java windows)
Cache-Control: no-cache
Content-Type: application/json; charset=utf-8
host: localhost:53958
accept: */*

Response DefaultHttpResponse(decodeResult: success, version: HTTP/1.1)
HTTP/1.1 200 OK
Content-Type: application/json; charset=utf-8
cache-control: no-cache
content-length: 403488

11:11:54.250 [AsyncHttpClient-1-4] DEBUG org.asynchttpclient.netty.channel.ChannelManager - Adding key: http://localhost:53958 for channel [id: 0x11c33036, L:/127.0.0.1:61182 - R:localhost/127.0.0.1:53958]
11:11:54.281 [main] DEBUG net.serenitybdd.core.photography.Darkroom - Send negative for processing for target\site\serenity\f95f886d4ac9196334342adfadb791624d15c35e85a5bdf54aea94191cf8dba3.png
11:11:54.281 [main] DEBUG net.thucydides.core.steps.StepInterceptor - STEP DONE: inputDataPasien
  &amp#27;[32mThen &amp#27;[0m&amp#27;[32mI input &amp#27;[0m&amp#27;[32m&amp#27;[1m"Bagas"&amp#27;[0m&amp#27;[32m &amp#27;[0m&amp#27;[32m&amp#27;[1m"1234479680"&amp#27;[0m&amp#27;[32m &amp#27;[0m&amp#27;[32m&amp#27;[1m"20"&amp#27;[0m&amp#27;[32m &amp#27;[0m&amp#27;[32m&amp#27;[1m"01294657612"&amp#27;[0m&amp#27;[32m &amp#27;[0m&amp#27;[32m&amp#27;[1m""&amp#27;[0m&amp#27;[32m patient&amp#27;[0m &amp#27;[90m# starter.stepdefinitios.PatientDataSteps.iInput(java.lang.String,java.lang.String,java.lang.String,java.lang.String,java.lang.String)&amp#27;[0m
11:11:54.284 [Darkroom Processing Line] DEBUG net.serenitybdd.core.photography.DarkroomProcessingLine - Processing screenshot image in /var/screenshots/screenshot-2793106093948815507
11:11:54.285 [Darkroom Processing Line] DEBUG net.serenitybdd.core.photography.DarkroomProcessingLine - Saving screenshot to target\site\serenity\f95f886d4ac9196334342adfadb791624d15c35e85a5bdf54aea94191cf8dba3.png
11:11:54.337 [Forwarding screenshot on session 2666b04e90736837d491784d2bfa7e72 to remote] DEBUG org.asynchttpclient.netty.request.NettyRequestSender - Using pooled Channel '[id: 0x11c33036, L:/127.0.0.1:61182 - R:localhost/127.0.0.1:53958]' for 'GET' to 'http://localhost:53958/session/2666b04e90736837d491784d2bfa7e72/screenshot'
11:11:54.337 [Forwarding screenshot on session 2666b04e90736837d491784d2bfa7e72 to remote] DEBUG org.asynchttpclient.netty.request.NettyRequestSender - Using open Channel [id: 0x11c33036, L:/127.0.0.1:61182 - R:localhost/127.0.0.1:53958] for GET '/session/2666b04e90736837d491784d2bfa7e72/screenshot'
11:11:54.860 [AsyncHttpClient-1-4] DEBUG org.asynchttpclient.netty.handler.HttpHandler - 

Request DefaultFullHttpRequest(decodeResult: success, version: HTTP/1.1, content: EmptyByteBufBE)
GET /session/2666b04e90736837d491784d2bfa7e72/screenshot HTTP/1.1
User-Agent: selenium/4.1.2 (java windows)
Cache-Control: no-cache
Content-Type: application/json; charset=utf-8
host: localhost:53958
accept: */*

Response DefaultHttpResponse(decodeResult: success, version: HTTP/1.1)
HTTP/1.1 200 OK
Content-Type: application/json; charset=utf-8
cache-control: no-cache
content-length: 403452

11:11:54.863 [AsyncHttpClient-1-4] DEBUG org.asynchttpclient.netty.channel.ChannelManager - Adding key: http://localhost:53958 for channel [id: 0x11c33036, L:/127.0.0.1:61182 - R:localhost/127.0.0.1:53958]
11:11:54.901 [main] DEBUG net.serenitybdd.core.photography.Darkroom - Send negative for processing for target\site\serenity\8341543a7cc7b7bb4fca98b7ee3194d931308770e79946941e1063b20fbb714c.png
11:11:54.905 [Darkroom Processing Line] DEBUG net.serenitybdd.core.photography.DarkroomProcessingLine - Processing screenshot image in /var/screenshots/screenshot-15064476381024071028
11:11:54.905 [Darkroom Processing Line] DEBUG net.serenitybdd.core.photography.DarkroomProcessingLine - Saving screenshot to target\site\serenity\8341543a7cc7b7bb4fca98b7ee3194d931308770e79946941e1063b20fbb714c.png
11:11:54.932 [main] DEBUG net.thucydides.core.steps.StepInterceptor - STARTING STEP: PatientDataSteps.iClickButtonJenisKelamin - clickLaki
11:11:54.938 [Forwarding findElement on session 2666b04e90736837d491784d2bfa7e72 to remote] DEBUG org.asynchttpclient.netty.request.NettyRequestSender - Using pooled Channel '[id: 0x11c33036, L:/127.0.0.1:61182 - R:localhost/127.0.0.1:53958]' for 'POST' to 'http://localhost:53958/session/2666b04e90736837d491784d2bfa7e72/element'
11:11:54.938 [Forwarding findElement on session 2666b04e90736837d491784d2bfa7e72 to remote] DEBUG org.asynchttpclient.netty.request.NettyRequestSender - Using open Channel [id: 0x11c33036, L:/127.0.0.1:61182 - R:localhost/127.0.0.1:53958] for POST '/session/2666b04e90736837d491784d2bfa7e72/element'
11:11:54.989 [AsyncHttpClient-1-4] DEBUG org.asynchttpclient.netty.handler.HttpHandler - 

Request DefaultHttpRequest(decodeResult: success, version: HTTP/1.1)
POST /session/2666b04e90736837d491784d2bfa7e72/element HTTP/1.1
User-Agent: selenium/4.1.2 (java windows)
Content-Length: 179
Content-Type: application/json; charset=utf-8
host: localhost:53958
accept: */*

Response DefaultHttpResponse(decodeResult: success, version: HTTP/1.1)
HTTP/1.1 200 OK
Content-Type: application/json; charset=utf-8
cache-control: no-cache
content-length: 88

11:11:54.989 [AsyncHttpClient-1-4] DEBUG org.asynchttpclient.netty.channel.ChannelManager - Adding key: http://localhost:53958 for channel [id: 0x11c33036, L:/127.0.0.1:61182 - R:localhost/127.0.0.1:53958]
11:11:54.992 [Forwarding getElementTagName on session 2666b04e90736837d491784d2bfa7e72 to remote] DEBUG org.asynchttpclient.netty.request.NettyRequestSender - Using pooled Channel '[id: 0x11c33036, L:/127.0.0.1:61182 - R:localhost/127.0.0.1:53958]' for 'GET' to 'http://localhost:53958/session/2666b04e90736837d491784d2bfa7e72/element/808a8f80-2790-429e-a6f7-eaf53145b75e/name'
11:11:54.992 [Forwarding getElementTagName on session 2666b04e90736837d491784d2bfa7e72 to remote] DEBUG org.asynchttpclient.netty.request.NettyRequestSender - Using open Channel [id: 0x11c33036, L:/127.0.0.1:61182 - R:localhost/127.0.0.1:53958] for GET '/session/2666b04e90736837d491784d2bfa7e72/element/808a8f80-2790-429e-a6f7-eaf53145b75e/name'
11:11:55.006 [AsyncHttpClient-1-4] DEBUG org.asynchttpclient.netty.handler.HttpHandler - 

Request DefaultFullHttpRequest(decodeResult: success, version: HTTP/1.1, content: EmptyByteBufBE)
GET /session/2666b04e90736837d491784d2bfa7e72/element/808a8f80-2790-429e-a6f7-eaf53145b75e/name HTTP/1.1
User-Agent: selenium/4.1.2 (java windows)
Cache-Control: no-cache
Content-Type: application/json; charset=utf-8
host: localhost:53958
accept: */*

Response DefaultHttpResponse(decodeResult: success, version: HTTP/1.1)
HTTP/1.1 200 OK
Content-Type: application/json; charset=utf-8
cache-control: no-cache
content-length: 16

11:11:55.006 [AsyncHttpClient-1-4] DEBUG org.asynchttpclient.netty.channel.ChannelManager - Adding key: http://localhost:53958 for channel [id: 0x11c33036, L:/127.0.0.1:61182 - R:localhost/127.0.0.1:53958]
11:11:55.017 [Forwarding getElementTagName on session 2666b04e90736837d491784d2bfa7e72 to remote] DEBUG org.asynchttpclient.netty.request.NettyRequestSender - Using pooled Channel '[id: 0x11c33036, L:/127.0.0.1:61182 - R:localhost/127.0.0.1:53958]' for 'GET' to 'http://localhost:53958/session/2666b04e90736837d491784d2bfa7e72/element/808a8f80-2790-429e-a6f7-eaf53145b75e/name'
11:11:55.017 [Forwarding getElementTagName on session 2666b04e90736837d491784d2bfa7e72 to remote] DEBUG org.asynchttpclient.netty.request.NettyRequestSender - Using open Channel [id: 0x11c33036, L:/127.0.0.1:61182 - R:localhost/127.0.0.1:53958] for GET '/session/2666b04e90736837d491784d2bfa7e72/element/808a8f80-2790-429e-a6f7-eaf53145b75e/name'
11:11:55.091 [AsyncHttpClient-1-4] DEBUG org.asynchttpclient.netty.handler.HttpHandler - 

Request DefaultFullHttpRequest(decodeResult: success, version: HTTP/1.1, content: EmptyByteBufBE)
GET /session/2666b04e90736837d491784d2bfa7e72/element/808a8f80-2790-429e-a6f7-eaf53145b75e/name HTTP/1.1
User-Agent: selenium/4.1.2 (java windows)
Cache-Control: no-cache
Content-Type: application/json; charset=utf-8
host: localhost:53958
accept: */*

Response DefaultHttpResponse(decodeResult: success, version: HTTP/1.1)
HTTP/1.1 200 OK
Content-Type: application/json; charset=utf-8
cache-control: no-cache
content-length: 16

11:11:55.092 [AsyncHttpClient-1-4] DEBUG org.asynchttpclient.netty.channel.ChannelManager - Adding key: http://localhost:53958 for channel [id: 0x11c33036, L:/127.0.0.1:61182 - R:localhost/127.0.0.1:53958]
11:11:55.105 [Forwarding findElement on session 2666b04e90736837d491784d2bfa7e72 to remote] DEBUG org.asynchttpclient.netty.request.NettyRequestSender - Using pooled Channel '[id: 0x11c33036, L:/127.0.0.1:61182 - R:localhost/127.0.0.1:53958]' for 'POST' to 'http://localhost:53958/session/2666b04e90736837d491784d2bfa7e72/element'
11:11:55.105 [Forwarding findElement on session 2666b04e90736837d491784d2bfa7e72 to remote] DEBUG org.asynchttpclient.netty.request.NettyRequestSender - Using open Channel [id: 0x11c33036, L:/127.0.0.1:61182 - R:localhost/127.0.0.1:53958] for POST '/session/2666b04e90736837d491784d2bfa7e72/element'
11:11:55.136 [AsyncHttpClient-1-4] DEBUG org.asynchttpclient.netty.handler.HttpHandler - 

Request DefaultHttpRequest(decodeResult: success, version: HTTP/1.1)
POST /session/2666b04e90736837d491784d2bfa7e72/element HTTP/1.1
User-Agent: selenium/4.1.2 (java windows)
Content-Length: 179
Content-Type: application/json; charset=utf-8
host: localhost:53958
accept: */*

Response DefaultHttpResponse(decodeResult: success, version: HTTP/1.1)
HTTP/1.1 200 OK
Content-Type: application/json; charset=utf-8
cache-control: no-cache
content-length: 88

11:11:55.136 [AsyncHttpClient-1-4] DEBUG org.asynchttpclient.netty.channel.ChannelManager - Adding key: http://localhost:53958 for channel [id: 0x11c33036, L:/127.0.0.1:61182 - R:localhost/127.0.0.1:53958]
11:11:55.140 [Forwarding clickElement on session 2666b04e90736837d491784d2bfa7e72 to remote] DEBUG org.asynchttpclient.netty.request.NettyRequestSender - Using pooled Channel '[id: 0x11c33036, L:/127.0.0.1:61182 - R:localhost/127.0.0.1:53958]' for 'POST' to 'http://localhost:53958/session/2666b04e90736837d491784d2bfa7e72/element/808a8f80-2790-429e-a6f7-eaf53145b75e/click'
11:11:55.141 [Forwarding clickElement on session 2666b04e90736837d491784d2bfa7e72 to remote] DEBUG org.asynchttpclient.netty.request.NettyRequestSender - Using open Channel [id: 0x11c33036, L:/127.0.0.1:61182 - R:localhost/127.0.0.1:53958] for POST '/session/2666b04e90736837d491784d2bfa7e72/element/808a8f80-2790-429e-a6f7-eaf53145b75e/click'
11:11:55.314 [AsyncHttpClient-1-1] DEBUG org.asynchttpclient.netty.channel.DefaultChannelPool - Entry count for : http://localhost:61184 : 1
11:11:55.386 [AsyncHttpClient-1-4] DEBUG org.asynchttpclient.netty.handler.HttpHandler - 

Request DefaultHttpRequest(decodeResult: success, version: HTTP/1.1)
POST /session/2666b04e90736837d491784d2bfa7e72/element/808a8f80-2790-429e-a6f7-eaf53145b75e/click HTTP/1.1
User-Agent: selenium/4.1.2 (java windows)
Content-Length: 50
Content-Type: application/json; charset=utf-8
host: localhost:53958
accept: */*

Response DefaultHttpResponse(decodeResult: success, version: HTTP/1.1)
HTTP/1.1 200 OK
Content-Type: application/json; charset=utf-8
cache-control: no-cache
content-length: 14

11:11:55.386 [AsyncHttpClient-1-4] DEBUG org.asynchttpclient.netty.channel.ChannelManager - Adding key: http://localhost:53958 for channel [id: 0x11c33036, L:/127.0.0.1:61182 - R:localhost/127.0.0.1:53958]
11:11:55.410 [Forwarding screenshot on session 2666b04e90736837d491784d2bfa7e72 to remote] DEBUG org.asynchttpclient.netty.request.NettyRequestSender - Using pooled Channel '[id: 0x11c33036, L:/127.0.0.1:61182 - R:localhost/127.0.0.1:53958]' for 'GET' to 'http://localhost:53958/session/2666b04e90736837d491784d2bfa7e72/screenshot'
11:11:55.410 [Forwarding screenshot on session 2666b04e90736837d491784d2bfa7e72 to remote] DEBUG org.asynchttpclient.netty.request.NettyRequestSender - Using open Channel [id: 0x11c33036, L:/127.0.0.1:61182 - R:localhost/127.0.0.1:53958] for GET '/session/2666b04e90736837d491784d2bfa7e72/screenshot'
11:11:55.899 [AsyncHttpClient-1-4] DEBUG org.asynchttpclient.netty.handler.HttpHandler - 

Request DefaultFullHttpRequest(decodeResult: success, version: HTTP/1.1, content: EmptyByteBufBE)
GET /session/2666b04e90736837d491784d2bfa7e72/screenshot HTTP/1.1
User-Agent: selenium/4.1.2 (java windows)
Cache-Control: no-cache
Content-Type: application/json; charset=utf-8
host: localhost:53958
accept: */*

Response DefaultHttpResponse(decodeResult: success, version: HTTP/1.1)
HTTP/1.1 200 OK
Content-Type: application/json; charset=utf-8
cache-control: no-cache
content-length: 405164

11:11:55.902 [AsyncHttpClient-1-4] DEBUG org.asynchttpclient.netty.channel.ChannelManager - Adding key: http://localhost:53958 for channel [id: 0x11c33036, L:/127.0.0.1:61182 - R:localhost/127.0.0.1:53958]
11:11:55.932 [main] DEBUG net.serenitybdd.core.photography.Darkroom - Send negative for processing for target\site\serenity\d22cf0e83b565c1926708e038fdc4e66cd57f2389c7fa95588b5b2f3c196ad37.png
11:11:55.932 [main] DEBUG net.thucydides.core.steps.StepInterceptor - STEP DONE: clickLaki
  &amp#27;[32mAnd &amp#27;[0m&amp#27;[32mI click button jenis kelamin patient&amp#27;[0m                        &amp#27;[90m# starter.stepdefinitios.PatientDataSteps.iClickButtonJenisKelamin()&amp#27;[0m
11:11:55.933 [Darkroom Processing Line] DEBUG net.serenitybdd.core.photography.DarkroomProcessingLine - Processing screenshot image in /var/screenshots/screenshot-13342613984447780275
11:11:55.933 [Darkroom Processing Line] DEBUG net.serenitybdd.core.photography.DarkroomProcessingLine - Saving screenshot to target\site\serenity\d22cf0e83b565c1926708e038fdc4e66cd57f2389c7fa95588b5b2f3c196ad37.png
11:11:56.031 [Forwarding screenshot on session 2666b04e90736837d491784d2bfa7e72 to remote] DEBUG org.asynchttpclient.netty.request.NettyRequestSender - Using pooled Channel '[id: 0x11c33036, L:/127.0.0.1:61182 - R:localhost/127.0.0.1:53958]' for 'GET' to 'http://localhost:53958/session/2666b04e90736837d491784d2bfa7e72/screenshot'
11:11:56.031 [Forwarding screenshot on session 2666b04e90736837d491784d2bfa7e72 to remote] DEBUG org.asynchttpclient.netty.request.NettyRequestSender - Using open Channel [id: 0x11c33036, L:/127.0.0.1:61182 - R:localhost/127.0.0.1:53958] for GET '/session/2666b04e90736837d491784d2bfa7e72/screenshot'
11:11:56.413 [AsyncHttpClient-1-1] DEBUG org.asynchttpclient.netty.channel.DefaultChannelPool - Entry count for : http://localhost:61184 : 1
11:11:56.571 [AsyncHttpClient-1-4] DEBUG org.asynchttpclient.netty.handler.HttpHandler - 

Request DefaultFullHttpRequest(decodeResult: success, version: HTTP/1.1, content: EmptyByteBufBE)
GET /session/2666b04e90736837d491784d2bfa7e72/screenshot HTTP/1.1
User-Agent: selenium/4.1.2 (java windows)
Cache-Control: no-cache
Content-Type: application/json; charset=utf-8
host: localhost:53958
accept: */*

Response DefaultHttpResponse(decodeResult: success, version: HTTP/1.1)
HTTP/1.1 200 OK
Content-Type: application/json; charset=utf-8
cache-control: no-cache
content-length: 404948

11:11:56.573 [AsyncHttpClient-1-4] DEBUG org.asynchttpclient.netty.channel.ChannelManager - Adding key: http://localhost:53958 for channel [id: 0x11c33036, L:/127.0.0.1:61182 - R:localhost/127.0.0.1:53958]
11:11:56.607 [main] DEBUG net.serenitybdd.core.photography.Darkroom - Send negative for processing for target\site\serenity\e959d7a43b5771f57ada6cc643df45af6e3d41f5f53dd926f1ae8398fe1afbd0.png
11:11:56.608 [main] DEBUG net.thucydides.core.steps.StepInterceptor - STARTING STEP: PatientDataSteps.clickButtonSimpan - clickButtonSave
11:11:56.638 [Forwarding findElement on session 2666b04e90736837d491784d2bfa7e72 to remote] DEBUG org.asynchttpclient.netty.request.NettyRequestSender - Using pooled Channel '[id: 0x11c33036, L:/127.0.0.1:61182 - R:localhost/127.0.0.1:53958]' for 'POST' to 'http://localhost:53958/session/2666b04e90736837d491784d2bfa7e72/element'
11:11:56.639 [Forwarding findElement on session 2666b04e90736837d491784d2bfa7e72 to remote] DEBUG org.asynchttpclient.netty.request.NettyRequestSender - Using open Channel [id: 0x11c33036, L:/127.0.0.1:61182 - R:localhost/127.0.0.1:53958] for POST '/session/2666b04e90736837d491784d2bfa7e72/element'
11:11:56.642 [Darkroom Processing Line] DEBUG net.serenitybdd.core.photography.DarkroomProcessingLine - Processing screenshot image in /var/screenshots/screenshot-12991259677888871416
11:11:56.643 [Darkroom Processing Line] DEBUG net.serenitybdd.core.photography.DarkroomProcessingLine - Saving screenshot to target\site\serenity\e959d7a43b5771f57ada6cc643df45af6e3d41f5f53dd926f1ae8398fe1afbd0.png
11:11:56.780 [AsyncHttpClient-1-4] DEBUG org.asynchttpclient.netty.handler.HttpHandler - 

Request DefaultHttpRequest(decodeResult: success, version: HTTP/1.1)
POST /session/2666b04e90736837d491784d2bfa7e72/element HTTP/1.1
User-Agent: selenium/4.1.2 (java windows)
Content-Length: 149
Content-Type: application/json; charset=utf-8
host: localhost:53958
accept: */*

Response DefaultHttpResponse(decodeResult: success, version: HTTP/1.1)
HTTP/1.1 200 OK
Content-Type: application/json; charset=utf-8
cache-control: no-cache
content-length: 88

11:11:56.780 [AsyncHttpClient-1-4] DEBUG org.asynchttpclient.netty.channel.ChannelManager - Adding key: http://localhost:53958 for channel [id: 0x11c33036, L:/127.0.0.1:61182 - R:localhost/127.0.0.1:53958]
11:11:56.783 [Forwarding getElementTagName on session 2666b04e90736837d491784d2bfa7e72 to remote] DEBUG org.asynchttpclient.netty.request.NettyRequestSender - Using pooled Channel '[id: 0x11c33036, L:/127.0.0.1:61182 - R:localhost/127.0.0.1:53958]' for 'GET' to 'http://localhost:53958/session/2666b04e90736837d491784d2bfa7e72/element/0c11ec91-6d7b-43ba-9de5-3ed78098d249/name'
11:11:56.783 [Forwarding getElementTagName on session 2666b04e90736837d491784d2bfa7e72 to remote] DEBUG org.asynchttpclient.netty.request.NettyRequestSender - Using open Channel [id: 0x11c33036, L:/127.0.0.1:61182 - R:localhost/127.0.0.1:53958] for GET '/session/2666b04e90736837d491784d2bfa7e72/element/0c11ec91-6d7b-43ba-9de5-3ed78098d249/name'
11:11:56.812 [AsyncHttpClient-1-4] DEBUG org.asynchttpclient.netty.handler.HttpHandler - 

Request DefaultFullHttpRequest(decodeResult: success, version: HTTP/1.1, content: EmptyByteBufBE)
GET /session/2666b04e90736837d491784d2bfa7e72/element/0c11ec91-6d7b-43ba-9de5-3ed78098d249/name HTTP/1.1
User-Agent: selenium/4.1.2 (java windows)
Cache-Control: no-cache
Content-Type: application/json; charset=utf-8
host: localhost:53958
accept: */*

Response DefaultHttpResponse(decodeResult: success, version: HTTP/1.1)
HTTP/1.1 200 OK
Content-Type: application/json; charset=utf-8
cache-control: no-cache
content-length: 18

11:11:56.813 [AsyncHttpClient-1-4] DEBUG org.asynchttpclient.netty.channel.ChannelManager - Adding key: http://localhost:53958 for channel [id: 0x11c33036, L:/127.0.0.1:61182 - R:localhost/127.0.0.1:53958]
11:11:56.815 [Forwarding getElementTagName on session 2666b04e90736837d491784d2bfa7e72 to remote] DEBUG org.asynchttpclient.netty.request.NettyRequestSender - Using pooled Channel '[id: 0x11c33036, L:/127.0.0.1:61182 - R:localhost/127.0.0.1:53958]' for 'GET' to 'http://localhost:53958/session/2666b04e90736837d491784d2bfa7e72/element/0c11ec91-6d7b-43ba-9de5-3ed78098d249/name'
11:11:56.815 [Forwarding getElementTagName on session 2666b04e90736837d491784d2bfa7e72 to remote] DEBUG org.asynchttpclient.netty.request.NettyRequestSender - Using open Channel [id: 0x11c33036, L:/127.0.0.1:61182 - R:localhost/127.0.0.1:53958] for GET '/session/2666b04e90736837d491784d2bfa7e72/element/0c11ec91-6d7b-43ba-9de5-3ed78098d249/name'
11:11:56.850 [AsyncHttpClient-1-4] DEBUG org.asynchttpclient.netty.handler.HttpHandler - 

Request DefaultFullHttpRequest(decodeResult: success, version: HTTP/1.1, content: EmptyByteBufBE)
GET /session/2666b04e90736837d491784d2bfa7e72/element/0c11ec91-6d7b-43ba-9de5-3ed78098d249/name HTTP/1.1
User-Agent: selenium/4.1.2 (java windows)
Cache-Control: no-cache
Content-Type: application/json; charset=utf-8
host: localhost:53958
accept: */*

Response DefaultHttpResponse(decodeResult: success, version: HTTP/1.1)
HTTP/1.1 200 OK
Content-Type: application/json; charset=utf-8
cache-control: no-cache
content-length: 18

11:11:56.851 [AsyncHttpClient-1-4] DEBUG org.asynchttpclient.netty.channel.ChannelManager - Adding key: http://localhost:53958 for channel [id: 0x11c33036, L:/127.0.0.1:61182 - R:localhost/127.0.0.1:53958]
11:11:56.856 [Forwarding isElementEnabled on session 2666b04e90736837d491784d2bfa7e72 to remote] DEBUG org.asynchttpclient.netty.request.NettyRequestSender - Using pooled Channel '[id: 0x11c33036, L:/127.0.0.1:61182 - R:localhost/127.0.0.1:53958]' for 'GET' to 'http://localhost:53958/session/2666b04e90736837d491784d2bfa7e72/element/0c11ec91-6d7b-43ba-9de5-3ed78098d249/enabled'
11:11:56.856 [Forwarding isElementEnabled on session 2666b04e90736837d491784d2bfa7e72 to remote] DEBUG org.asynchttpclient.netty.request.NettyRequestSender - Using open Channel [id: 0x11c33036, L:/127.0.0.1:61182 - R:localhost/127.0.0.1:53958] for GET '/session/2666b04e90736837d491784d2bfa7e72/element/0c11ec91-6d7b-43ba-9de5-3ed78098d249/enabled'
11:11:56.883 [AsyncHttpClient-1-4] DEBUG org.asynchttpclient.netty.handler.HttpHandler - 

Request DefaultFullHttpRequest(decodeResult: success, version: HTTP/1.1, content: EmptyByteBufBE)
GET /session/2666b04e90736837d491784d2bfa7e72/element/0c11ec91-6d7b-43ba-9de5-3ed78098d249/enabled HTTP/1.1
User-Agent: selenium/4.1.2 (java windows)
Cache-Control: no-cache
Content-Type: application/json; charset=utf-8
host: localhost:53958
accept: */*

Response DefaultHttpResponse(decodeResult: success, version: HTTP/1.1)
HTTP/1.1 200 OK
Content-Type: application/json; charset=utf-8
cache-control: no-cache
content-length: 14

11:11:56.883 [AsyncHttpClient-1-4] DEBUG org.asynchttpclient.netty.channel.ChannelManager - Adding key: http://localhost:53958 for channel [id: 0x11c33036, L:/127.0.0.1:61182 - R:localhost/127.0.0.1:53958]
11:11:56.886 [Forwarding isElementEnabled on session 2666b04e90736837d491784d2bfa7e72 to remote] DEBUG org.asynchttpclient.netty.request.NettyRequestSender - Using pooled Channel '[id: 0x11c33036, L:/127.0.0.1:61182 - R:localhost/127.0.0.1:53958]' for 'GET' to 'http://localhost:53958/session/2666b04e90736837d491784d2bfa7e72/element/0c11ec91-6d7b-43ba-9de5-3ed78098d249/enabled'
11:11:56.886 [Forwarding isElementEnabled on session 2666b04e90736837d491784d2bfa7e72 to remote] DEBUG org.asynchttpclient.netty.request.NettyRequestSender - Using open Channel [id: 0x11c33036, L:/127.0.0.1:61182 - R:localhost/127.0.0.1:53958] for GET '/session/2666b04e90736837d491784d2bfa7e72/element/0c11ec91-6d7b-43ba-9de5-3ed78098d249/enabled'
11:11:56.906 [AsyncHttpClient-1-4] DEBUG org.asynchttpclient.netty.handler.HttpHandler - 

Request DefaultFullHttpRequest(decodeResult: success, version: HTTP/1.1, content: EmptyByteBufBE)
GET /session/2666b04e90736837d491784d2bfa7e72/element/0c11ec91-6d7b-43ba-9de5-3ed78098d249/enabled HTTP/1.1
User-Agent: selenium/4.1.2 (java windows)
Cache-Control: no-cache
Content-Type: application/json; charset=utf-8
host: localhost:53958
accept: */*

Response DefaultHttpResponse(decodeResult: success, version: HTTP/1.1)
HTTP/1.1 200 OK
Content-Type: application/json; charset=utf-8
cache-control: no-cache
content-length: 14

11:11:56.907 [AsyncHttpClient-1-4] DEBUG org.asynchttpclient.netty.channel.ChannelManager - Adding key: http://localhost:53958 for channel [id: 0x11c33036, L:/127.0.0.1:61182 - R:localhost/127.0.0.1:53958]
11:11:56.916 [Forwarding findElement on session 2666b04e90736837d491784d2bfa7e72 to remote] DEBUG org.asynchttpclient.netty.request.NettyRequestSender - Using pooled Channel '[id: 0x11c33036, L:/127.0.0.1:61182 - R:localhost/127.0.0.1:53958]' for 'POST' to 'http://localhost:53958/session/2666b04e90736837d491784d2bfa7e72/element'
11:11:56.916 [Forwarding findElement on session 2666b04e90736837d491784d2bfa7e72 to remote] DEBUG org.asynchttpclient.netty.request.NettyRequestSender - Using open Channel [id: 0x11c33036, L:/127.0.0.1:61182 - R:localhost/127.0.0.1:53958] for POST '/session/2666b04e90736837d491784d2bfa7e72/element'
11:11:56.935 [AsyncHttpClient-1-4] DEBUG org.asynchttpclient.netty.handler.HttpHandler - 

Request DefaultHttpRequest(decodeResult: success, version: HTTP/1.1)
POST /session/2666b04e90736837d491784d2bfa7e72/element HTTP/1.1
User-Agent: selenium/4.1.2 (java windows)
Content-Length: 149
Content-Type: application/json; charset=utf-8
host: localhost:53958
accept: */*

Response DefaultHttpResponse(decodeResult: success, version: HTTP/1.1)
HTTP/1.1 200 OK
Content-Type: application/json; charset=utf-8
cache-control: no-cache
content-length: 88

11:11:56.935 [AsyncHttpClient-1-4] DEBUG org.asynchttpclient.netty.channel.ChannelManager - Adding key: http://localhost:53958 for channel [id: 0x11c33036, L:/127.0.0.1:61182 - R:localhost/127.0.0.1:53958]
11:11:56.937 [Forwarding clickElement on session 2666b04e90736837d491784d2bfa7e72 to remote] DEBUG org.asynchttpclient.netty.request.NettyRequestSender - Using pooled Channel '[id: 0x11c33036, L:/127.0.0.1:61182 - R:localhost/127.0.0.1:53958]' for 'POST' to 'http://localhost:53958/session/2666b04e90736837d491784d2bfa7e72/element/0c11ec91-6d7b-43ba-9de5-3ed78098d249/click'
11:11:56.937 [Forwarding clickElement on session 2666b04e90736837d491784d2bfa7e72 to remote] DEBUG org.asynchttpclient.netty.request.NettyRequestSender - Using open Channel [id: 0x11c33036, L:/127.0.0.1:61182 - R:localhost/127.0.0.1:53958] for POST '/session/2666b04e90736837d491784d2bfa7e72/element/0c11ec91-6d7b-43ba-9de5-3ed78098d249/click'
11:11:57.124 [AsyncHttpClient-1-4] DEBUG org.asynchttpclient.netty.handler.HttpHandler - 

Request DefaultHttpRequest(decodeResult: success, version: HTTP/1.1)
POST /session/2666b04e90736837d491784d2bfa7e72/element/0c11ec91-6d7b-43ba-9de5-3ed78098d249/click HTTP/1.1
User-Agent: selenium/4.1.2 (java windows)
Content-Length: 50
Content-Type: application/json; charset=utf-8
host: localhost:53958
accept: */*

Response DefaultHttpResponse(decodeResult: success, version: HTTP/1.1)
HTTP/1.1 200 OK
Content-Type: application/json; charset=utf-8
cache-control: no-cache
content-length: 14

11:11:57.125 [AsyncHttpClient-1-4] DEBUG org.asynchttpclient.netty.channel.ChannelManager - Adding key: http://localhost:53958 for channel [id: 0x11c33036, L:/127.0.0.1:61182 - R:localhost/127.0.0.1:53958]
11:11:57.155 [Forwarding screenshot on session 2666b04e90736837d491784d2bfa7e72 to remote] DEBUG org.asynchttpclient.netty.request.NettyRequestSender - Using pooled Channel '[id: 0x11c33036, L:/127.0.0.1:61182 - R:localhost/127.0.0.1:53958]' for 'GET' to 'http://localhost:53958/session/2666b04e90736837d491784d2bfa7e72/screenshot'
11:11:57.156 [Forwarding screenshot on session 2666b04e90736837d491784d2bfa7e72 to remote] DEBUG org.asynchttpclient.netty.request.NettyRequestSender - Using open Channel [id: 0x11c33036, L:/127.0.0.1:61182 - R:localhost/127.0.0.1:53958] for GET '/session/2666b04e90736837d491784d2bfa7e72/screenshot'
11:11:57.518 [AsyncHttpClient-1-1] DEBUG org.asynchttpclient.netty.channel.DefaultChannelPool - Entry count for : http://localhost:61184 : 1
11:11:57.857 [AsyncHttpClient-1-4] DEBUG org.asynchttpclient.netty.handler.HttpHandler - 

Request DefaultFullHttpRequest(decodeResult: success, version: HTTP/1.1, content: EmptyByteBufBE)
GET /session/2666b04e90736837d491784d2bfa7e72/screenshot HTTP/1.1
User-Agent: selenium/4.1.2 (java windows)
Cache-Control: no-cache
Content-Type: application/json; charset=utf-8
host: localhost:53958
accept: */*

Response DefaultHttpResponse(decodeResult: success, version: HTTP/1.1)
HTTP/1.1 500 Internal Server Error
Content-Type: application/json; charset=utf-8
cache-control: no-cache
content-length: 882

11:11:57.858 [AsyncHttpClient-1-4] DEBUG org.asynchttpclient.netty.channel.ChannelManager - Adding key: http://localhost:53958 for channel [id: 0x11c33036, L:/127.0.0.1:61182 - R:localhost/127.0.0.1:53958]
11:11:57.862 [main] WARN net.thucydides.core.webdriver.WebDriverFacade - Failed to take screenshot (unexpected alert open: <unknown>
  (Session info: chrome=102.0.5005.115): 
Build info: version: '4.1.2', revision: '9a5a329c5a'
System info: host: 'MOOK-HON', ip: '192.168.100.6', os.name: 'Windows 10', os.arch: 'amd64', os.version: '10.0', java.version: '11.0.14'
Driver info: org.openqa.selenium.chrome.ChromeDriver
Command: [2666b04e90736837d491784d2bfa7e72, screenshot {}]
Capabilities {acceptInsecureCerts: false, browserName: chrome, browserVersion: 102.0.5005.115, chrome: {chromedriverVersion: 102.0.5005.61 (0e59bcc00cc4..., userDataDir: C:\Users\ASUS\AppData\Local...}, goog:chromeOptions: {debuggerAddress: localhost:61184}, javascriptEnabled: true, networkConnectionEnabled: false, pageLoadStrategy: normal, platform: WINDOWS, platformName: WINDOWS, proxy: Proxy(), se:cdp: ws://localhost:61184/devtoo..., se:cdpVersion: 102.0.5005.115, setWindowRect: true, strictFileInteractability: false, timeouts: {implicit: 0, pageLoad: 300000, script: 30000}, unhandledPromptBehavior: dismiss and notify, webauthn:extension:credBlob: true, webauthn:extension:largeBlob: true, webauthn:virtualAuthenticators: true}
Session ID: 2666b04e90736837d491784d2bfa7e72)
11:11:57.863 [main] DEBUG net.thucydides.core.steps.StepInterceptor - STEP DONE: clickButtonSave
  &amp#27;[32mAnd &amp#27;[0m&amp#27;[32mClick button simpan&amp#27;[0m                                         &amp#27;[90m# starter.stepdefinitios.PatientDataSteps.clickButtonSimpan()&amp#27;[0m
11:11:57.895 [Forwarding screenshot on session 2666b04e90736837d491784d2bfa7e72 to remote] DEBUG org.asynchttpclient.netty.request.NettyRequestSender - Using pooled Channel '[id: 0x11c33036, L:/127.0.0.1:61182 - R:localhost/127.0.0.1:53958]' for 'GET' to 'http://localhost:53958/session/2666b04e90736837d491784d2bfa7e72/screenshot'
11:11:57.895 [Forwarding screenshot on session 2666b04e90736837d491784d2bfa7e72 to remote] DEBUG org.asynchttpclient.netty.request.NettyRequestSender - Using open Channel [id: 0x11c33036, L:/127.0.0.1:61182 - R:localhost/127.0.0.1:53958] for GET '/session/2666b04e90736837d491784d2bfa7e72/screenshot'
11:11:58.044 [AsyncHttpClient-1-4] DEBUG org.asynchttpclient.netty.handler.HttpHandler - 

Request DefaultFullHttpRequest(decodeResult: success, version: HTTP/1.1, content: EmptyByteBufBE)
GET /session/2666b04e90736837d491784d2bfa7e72/screenshot HTTP/1.1
User-Agent: selenium/4.1.2 (java windows)
Cache-Control: no-cache
Content-Type: application/json; charset=utf-8
host: localhost:53958
accept: */*

Response DefaultHttpResponse(decodeResult: success, version: HTTP/1.1)
HTTP/1.1 500 Internal Server Error
Content-Type: application/json; charset=utf-8
cache-control: no-cache
content-length: 921

11:11:58.044 [AsyncHttpClient-1-4] DEBUG org.asynchttpclient.netty.channel.ChannelManager - Adding key: http://localhost:53958 for channel [id: 0x11c33036, L:/127.0.0.1:61182 - R:localhost/127.0.0.1:53958]
11:11:58.046 [main] WARN net.thucydides.core.webdriver.WebDriverFacade - Failed to take screenshot (unexpected alert open: {Alert text : Data telah ditambah}
  (Session info: chrome=102.0.5005.115): Data telah ditambah
Build info: version: '4.1.2', revision: '9a5a329c5a'
System info: host: 'MOOK-HON', ip: '192.168.100.6', os.name: 'Windows 10', os.arch: 'amd64', os.version: '10.0', java.version: '11.0.14'
Driver info: org.openqa.selenium.chrome.ChromeDriver
Command: [2666b04e90736837d491784d2bfa7e72, screenshot {}]
Capabilities {acceptInsecureCerts: false, browserName: chrome, browserVersion: 102.0.5005.115, chrome: {chromedriverVersion: 102.0.5005.61 (0e59bcc00cc4..., userDataDir: C:\Users\ASUS\AppData\Local...}, goog:chromeOptions: {debuggerAddress: localhost:61184}, javascriptEnabled: true, networkConnectionEnabled: false, pageLoadStrategy: normal, platform: WINDOWS, platformName: WINDOWS, proxy: Proxy(), se:cdp: ws://localhost:61184/devtoo..., se:cdpVersion: 102.0.5005.115, setWindowRect: true, strictFileInteractability: false, timeouts: {implicit: 0, pageLoad: 300000, script: 30000}, unhandledPromptBehavior: dismiss and notify, webauthn:extension:credBlob: true, webauthn:extension:largeBlob: true, webauthn:virtualAuthenticators: true}
Session ID: 2666b04e90736837d491784d2bfa7e72)
11:11:58.064 [Forwarding screenshot on session 2666b04e90736837d491784d2bfa7e72 to remote] DEBUG org.asynchttpclient.netty.request.NettyRequestSender - Using pooled Channel '[id: 0x11c33036, L:/127.0.0.1:61182 - R:localhost/127.0.0.1:53958]' for 'GET' to 'http://localhost:53958/session/2666b04e90736837d491784d2bfa7e72/screenshot'
11:11:58.064 [Forwarding screenshot on session 2666b04e90736837d491784d2bfa7e72 to remote] DEBUG org.asynchttpclient.netty.request.NettyRequestSender - Using open Channel [id: 0x11c33036, L:/127.0.0.1:61182 - R:localhost/127.0.0.1:53958] for GET '/session/2666b04e90736837d491784d2bfa7e72/screenshot'
11:11:58.616 [AsyncHttpClient-1-1] DEBUG org.asynchttpclient.netty.channel.DefaultChannelPool - Entry count for : http://localhost:61184 : 1
11:11:59.358 [AsyncHttpClient-1-4] DEBUG org.asynchttpclient.netty.handler.HttpHandler - 

Request DefaultFullHttpRequest(decodeResult: success, version: HTTP/1.1, content: EmptyByteBufBE)
GET /session/2666b04e90736837d491784d2bfa7e72/screenshot HTTP/1.1
User-Agent: selenium/4.1.2 (java windows)
Cache-Control: no-cache
Content-Type: application/json; charset=utf-8
host: localhost:53958
accept: */*

Response DefaultHttpResponse(decodeResult: success, version: HTTP/1.1)
HTTP/1.1 200 OK
Content-Type: application/json; charset=utf-8
cache-control: no-cache
content-length: 397960

11:11:59.361 [AsyncHttpClient-1-4] DEBUG org.asynchttpclient.netty.channel.ChannelManager - Adding key: http://localhost:53958 for channel [id: 0x11c33036, L:/127.0.0.1:61182 - R:localhost/127.0.0.1:53958]
11:11:59.392 [main] DEBUG net.serenitybdd.core.photography.Darkroom - Send negative for processing for target\site\serenity\cbeceb493b3cc14d3791ff263ea0078986a8fbc23e395c454f06e0ce9a24f68d.png
11:11:59.720 [AsyncHttpClient-1-1] DEBUG org.asynchttpclient.netty.channel.DefaultChannelPool - Entry count for : http://localhost:61184 : 1
11:11:59.720 [AsyncHttpClient-1-1] DEBUG org.asynchttpclient.netty.channel.DefaultChannelPool - Entry count for : http://localhost:53958 : 1
11:11:59.921 [Forwarding screenshot on session 2666b04e90736837d491784d2bfa7e72 to remote] DEBUG org.asynchttpclient.netty.request.NettyRequestSender - Using pooled Channel '[id: 0x11c33036, L:/127.0.0.1:61182 - R:localhost/127.0.0.1:53958]' for 'GET' to 'http://localhost:53958/session/2666b04e90736837d491784d2bfa7e72/screenshot'
11:11:59.921 [Forwarding screenshot on session 2666b04e90736837d491784d2bfa7e72 to remote] DEBUG org.asynchttpclient.netty.request.NettyRequestSender - Using open Channel [id: 0x11c33036, L:/127.0.0.1:61182 - R:localhost/127.0.0.1:53958] for GET '/session/2666b04e90736837d491784d2bfa7e72/screenshot'
11:12:00.301 [AsyncHttpClient-1-4] DEBUG org.asynchttpclient.netty.handler.HttpHandler - 

Request DefaultFullHttpRequest(decodeResult: success, version: HTTP/1.1, content: EmptyByteBufBE)
GET /session/2666b04e90736837d491784d2bfa7e72/screenshot HTTP/1.1
User-Agent: selenium/4.1.2 (java windows)
Cache-Control: no-cache
Content-Type: application/json; charset=utf-8
host: localhost:53958
accept: */*

Response DefaultHttpResponse(decodeResult: success, version: HTTP/1.1)
HTTP/1.1 200 OK
Content-Type: application/json; charset=utf-8
cache-control: no-cache
content-length: 397960

11:12:00.303 [AsyncHttpClient-1-4] DEBUG org.asynchttpclient.netty.channel.ChannelManager - Adding key: http://localhost:53958 for channel [id: 0x11c33036, L:/127.0.0.1:61182 - R:localhost/127.0.0.1:53958]
11:12:00.331 [main] DEBUG net.serenitybdd.core.photography.Darkroom - Send negative for processing for target\site\serenity\cbeceb493b3cc14d3791ff263ea0078986a8fbc23e395c454f06e0ce9a24f68d.png
11:12:00.332 [main] DEBUG net.thucydides.core.steps.StepInterceptor - STARTING STEP: PatientDataSteps.validDataPasien - checkValidDataPasien
11:12:00.338 [Forwarding findElement on session 2666b04e90736837d491784d2bfa7e72 to remote] DEBUG org.asynchttpclient.netty.request.NettyRequestSender - Using pooled Channel '[id: 0x11c33036, L:/127.0.0.1:61182 - R:localhost/127.0.0.1:53958]' for 'POST' to 'http://localhost:53958/session/2666b04e90736837d491784d2bfa7e72/element'
11:12:00.338 [Forwarding findElement on session 2666b04e90736837d491784d2bfa7e72 to remote] DEBUG org.asynchttpclient.netty.request.NettyRequestSender - Using open Channel [id: 0x11c33036, L:/127.0.0.1:61182 - R:localhost/127.0.0.1:53958] for POST '/session/2666b04e90736837d491784d2bfa7e72/element'
11:12:00.371 [AsyncHttpClient-1-4] DEBUG org.asynchttpclient.netty.handler.HttpHandler - 

Request DefaultHttpRequest(decodeResult: success, version: HTTP/1.1)
POST /session/2666b04e90736837d491784d2bfa7e72/element HTTP/1.1
User-Agent: selenium/4.1.2 (java windows)
Content-Length: 95
Content-Type: application/json; charset=utf-8
host: localhost:53958
accept: */*

Response DefaultHttpResponse(decodeResult: success, version: HTTP/1.1)
HTTP/1.1 200 OK
Content-Type: application/json; charset=utf-8
cache-control: no-cache
content-length: 88

11:12:00.371 [AsyncHttpClient-1-4] DEBUG org.asynchttpclient.netty.channel.ChannelManager - Adding key: http://localhost:53958 for channel [id: 0x11c33036, L:/127.0.0.1:61182 - R:localhost/127.0.0.1:53958]
11:12:00.372 [Forwarding isElementEnabled on session 2666b04e90736837d491784d2bfa7e72 to remote] DEBUG org.asynchttpclient.netty.request.NettyRequestSender - Using pooled Channel '[id: 0x11c33036, L:/127.0.0.1:61182 - R:localhost/127.0.0.1:53958]' for 'GET' to 'http://localhost:53958/session/2666b04e90736837d491784d2bfa7e72/element/f4eeeb4e-9057-430c-9121-fc960abe408b/enabled'
11:12:00.373 [Forwarding isElementEnabled on session 2666b04e90736837d491784d2bfa7e72 to remote] DEBUG org.asynchttpclient.netty.request.NettyRequestSender - Using open Channel [id: 0x11c33036, L:/127.0.0.1:61182 - R:localhost/127.0.0.1:53958] for GET '/session/2666b04e90736837d491784d2bfa7e72/element/f4eeeb4e-9057-430c-9121-fc960abe408b/enabled'
11:12:00.397 [AsyncHttpClient-1-4] DEBUG org.asynchttpclient.netty.handler.HttpHandler - 

Request DefaultFullHttpRequest(decodeResult: success, version: HTTP/1.1, content: EmptyByteBufBE)
GET /session/2666b04e90736837d491784d2bfa7e72/element/f4eeeb4e-9057-430c-9121-fc960abe408b/enabled HTTP/1.1
User-Agent: selenium/4.1.2 (java windows)
Cache-Control: no-cache
Content-Type: application/json; charset=utf-8
host: localhost:53958
accept: */*

Response DefaultHttpResponse(decodeResult: success, version: HTTP/1.1)
HTTP/1.1 200 OK
Content-Type: application/json; charset=utf-8
cache-control: no-cache
content-length: 14

11:12:00.397 [AsyncHttpClient-1-4] DEBUG org.asynchttpclient.netty.channel.ChannelManager - Adding key: http://localhost:53958 for channel [id: 0x11c33036, L:/127.0.0.1:61182 - R:localhost/127.0.0.1:53958]
11:12:00.411 [Forwarding screenshot on session 2666b04e90736837d491784d2bfa7e72 to remote] DEBUG org.asynchttpclient.netty.request.NettyRequestSender - Using pooled Channel '[id: 0x11c33036, L:/127.0.0.1:61182 - R:localhost/127.0.0.1:53958]' for 'GET' to 'http://localhost:53958/session/2666b04e90736837d491784d2bfa7e72/screenshot'
11:12:00.411 [Forwarding screenshot on session 2666b04e90736837d491784d2bfa7e72 to remote] DEBUG org.asynchttpclient.netty.request.NettyRequestSender - Using open Channel [id: 0x11c33036, L:/127.0.0.1:61182 - R:localhost/127.0.0.1:53958] for GET '/session/2666b04e90736837d491784d2bfa7e72/screenshot'
11:12:00.796 [AsyncHttpClient-1-4] DEBUG org.asynchttpclient.netty.handler.HttpHandler - 

Request DefaultFullHttpRequest(decodeResult: success, version: HTTP/1.1, content: EmptyByteBufBE)
GET /session/2666b04e90736837d491784d2bfa7e72/screenshot HTTP/1.1
User-Agent: selenium/4.1.2 (java windows)
Cache-Control: no-cache
Content-Type: application/json; charset=utf-8
host: localhost:53958
accept: */*

Response DefaultHttpResponse(decodeResult: success, version: HTTP/1.1)
HTTP/1.1 200 OK
Content-Type: application/json; charset=utf-8
cache-control: no-cache
content-length: 397960

11:12:00.799 [AsyncHttpClient-1-4] DEBUG org.asynchttpclient.netty.channel.ChannelManager - Adding key: http://localhost:53958 for channel [id: 0x11c33036, L:/127.0.0.1:61182 - R:localhost/127.0.0.1:53958]
11:12:00.813 [AsyncHttpClient-1-1] DEBUG org.asynchttpclient.netty.channel.DefaultChannelPool - Entry count for : http://localhost:61184 : 1
11:12:00.813 [AsyncHttpClient-1-1] DEBUG org.asynchttpclient.netty.channel.DefaultChannelPool - Entry count for : http://localhost:53958 : 1
11:12:00.829 [main] DEBUG net.serenitybdd.core.photography.Darkroom - Send negative for processing for target\site\serenity\cbeceb493b3cc14d3791ff263ea0078986a8fbc23e395c454f06e0ce9a24f68d.png
11:12:00.829 [main] DEBUG net.thucydides.core.steps.StepInterceptor - STEP DONE: checkValidDataPasien
  &amp#27;[32mAnd &amp#27;[0m&amp#27;[32mValid data pasien&amp#27;[0m                                           &amp#27;[90m# starter.stepdefinitios.PatientDataSteps.validDataPasien()&amp#27;[0m
11:12:00.863 [AsyncHttpClient-1-6] DEBUG org.asynchttpclient.netty.handler.WebSocketHandler - Channel Closed: [id: 0x77d48a62, L:/127.0.0.1:61194 ! R:localhost/127.0.0.1:61184] with attribute NettyResponseFuture{currentRetry=5,
	isDone=1,
	isCancelled=0,
	asyncHandler=org.asynchttpclient.ws.WebSocketUpgradeHandler@441fecd7,
	nettyRequest=org.asynchttpclient.netty.request.NettyRequest@4315ed2b,
	future=java.util.concurrent.CompletableFuture@25ef8915[Completed normally],
	uri=ws://localhost:61184/devtools/browser/19b10fd2-7d27-4eaf-901e-9df5cc4d9016,
	keepAlive=true,
	redirectCount=0,
	timeoutsHolder=null,
	inAuth=0,
	touch=1655525506539}
11:12:00.863 [AsyncHttpClient-1-6] DEBUG org.asynchttpclient.netty.channel.ChannelManager - Closing Channel [id: 0x77d48a62, L:/127.0.0.1:61194 ! R:localhost/127.0.0.1:61184] 
11:12:00.864 [Driver Command Executor] DEBUG org.asynchttpclient.netty.request.NettyRequestSender - Using pooled Channel '[id: 0x11c33036, L:/127.0.0.1:61182 - R:localhost/127.0.0.1:53958]' for 'DELETE' to 'http://localhost:53958/session/2666b04e90736837d491784d2bfa7e72'
11:12:00.864 [Driver Command Executor] DEBUG org.asynchttpclient.netty.request.NettyRequestSender - Using open Channel [id: 0x11c33036, L:/127.0.0.1:61182 - R:localhost/127.0.0.1:53958] for DELETE '/session/2666b04e90736837d491784d2bfa7e72'
11:12:01.281 [AsyncHttpClient-1-5] DEBUG org.asynchttpclient.netty.handler.HttpHandler - Unexpected I/O exception on channel [id: 0xd42c1bd5, L:/127.0.0.1:61193 - R:localhost/127.0.0.1:61184]
java.io.IOException: An existing connection was forcibly closed by the remote host
	at java.base/sun.nio.ch.SocketDispatcher.read0(Native Method)
	at java.base/sun.nio.ch.SocketDispatcher.read(SocketDispatcher.java:43)
	at java.base/sun.nio.ch.IOUtil.readIntoNativeBuffer(IOUtil.java:276)
	at java.base/sun.nio.ch.IOUtil.read(IOUtil.java:233)
	at java.base/sun.nio.ch.IOUtil.read(IOUtil.java:223)
	at java.base/sun.nio.ch.SocketChannelImpl.read(SocketChannelImpl.java:358)
	at io.netty.buffer.PooledByteBuf.setBytes(PooledByteBuf.java:258)
	at io.netty.buffer.AbstractByteBuf.writeBytes(AbstractByteBuf.java:1132)
	at io.netty.channel.socket.nio.NioSocketChannel.doReadBytes(NioSocketChannel.java:350)
	at io.netty.channel.nio.AbstractNioByteChannel$NioByteUnsafe.read(AbstractNioByteChannel.java:151)
	at io.netty.channel.nio.NioEventLoop.processSelectedKey(NioEventLoop.java:722)
	at io.netty.channel.nio.NioEventLoop.processSelectedKeysOptimized(NioEventLoop.java:658)
	at io.netty.channel.nio.NioEventLoop.processSelectedKeys(NioEventLoop.java:584)
	at io.netty.channel.nio.NioEventLoop.run(NioEventLoop.java:496)
	at io.netty.util.concurrent.SingleThreadEventExecutor$4.run(SingleThreadEventExecutor.java:986)
	at io.netty.util.internal.ThreadExecutorMap$2.run(ThreadExecutorMap.java:74)
	at io.netty.util.concurrent.FastThreadLocalRunnable.run(FastThreadLocalRunnable.java:30)
	at java.base/java.lang.Thread.run(Thread.java:834)
11:12:01.281 [AsyncHttpClient-1-5] DEBUG org.asynchttpclient.netty.channel.ChannelManager - Closing Channel [id: 0xd42c1bd5, L:/127.0.0.1:61193 - R:localhost/127.0.0.1:61184] 
11:12:01.282 [AsyncHttpClient-1-5] DEBUG org.asynchttpclient.netty.handler.HttpHandler - Channel Closed: [id: 0xd42c1bd5, L:/127.0.0.1:61193 ! R:localhost/127.0.0.1:61184] with attribute DISCARD
11:12:01.343 [AsyncHttpClient-1-4] DEBUG org.asynchttpclient.netty.handler.HttpHandler - 

Request DefaultFullHttpRequest(decodeResult: success, version: HTTP/1.1, content: EmptyByteBufBE)
DELETE /session/2666b04e90736837d491784d2bfa7e72 HTTP/1.1
User-Agent: selenium/4.1.2 (java windows)
Content-Type: application/json; charset=utf-8
host: localhost:53958
accept: */*

Response DefaultHttpResponse(decodeResult: success, version: HTTP/1.1)
HTTP/1.1 200 OK
Content-Type: application/json; charset=utf-8
cache-control: no-cache
content-length: 14

11:12:01.343 [AsyncHttpClient-1-4] DEBUG org.asynchttpclient.netty.channel.ChannelManager - Adding key: http://localhost:53958 for channel [id: 0x11c33036, L:/127.0.0.1:61182 - R:localhost/127.0.0.1:53958]
11:12:01.921 [AsyncHttpClient-1-1] DEBUG org.asynchttpclient.netty.channel.DefaultChannelPool - Entry count for : http://localhost:61184 : 1
11:12:01.921 [AsyncHttpClient-1-1] DEBUG org.asynchttpclient.netty.channel.DefaultChannelPool - Entry count for : http://localhost:53958 : 1
11:12:01.921 [AsyncHttpClient-1-1] DEBUG org.asynchttpclient.netty.channel.DefaultChannelPool - Adding Candidate expired Channel [id: 0xd42c1bd5, L:/127.0.0.1:61193 ! R:localhost/127.0.0.1:61184] isIdleTimeoutExpired=false isRemotelyClosed=true isTtlExpired=false
11:12:01.921 [AsyncHttpClient-1-1] DEBUG org.asynchttpclient.netty.channel.DefaultChannelPool - Closing Idle Channel [id: 0xd42c1bd5, L:/127.0.0.1:61193 ! R:localhost/127.0.0.1:61184]
11:12:01.921 [AsyncHttpClient-1-1] DEBUG org.asynchttpclient.netty.channel.DefaultChannelPool - Closed 1 connections out of 2 in 0 ms
11:12:01.971 [AsyncHttpClient-1-4] DEBUG org.asynchttpclient.netty.handler.HttpHandler - Channel Closed: [id: 0x11c33036, L:/127.0.0.1:61182 ! R:localhost/127.0.0.1:53958] with attribute DISCARD
]]></system-out>
    <system-err><![CDATA[Starting ChromeDriver 102.0.5005.61 (0e59bcc00cc4985ce39ad31c150065f159d95ad3-refs/branch-heads/5005@{#819}) on port 53958
Only local connections are allowed.
Please see https://chromedriver.chromium.org/security-considerations for suggestions on keeping ChromeDriver safe.
ChromeDriver was started successfully.
Jun 18, 2022 11:11:46 AM org.openqa.selenium.remote.ProtocolHandshake createSession
INFO: Detected dialect: W3C
Jun 18, 2022 11:11:46 AM org.openqa.selenium.devtools.CdpVersionFinder findNearestMatch
WARNING: Unable to find an exact match for CDP version 102, so returning the closest version found: a no-op implementation
Jun 18, 2022 11:11:46 AM org.openqa.selenium.devtools.CdpVersionFinder findNearestMatch
INFO: Unable to find CDP implementation matching 102.
Jun 18, 2022 11:11:46 AM org.openqa.selenium.chromium.ChromiumDriver lambda$new$3
WARNING: Unable to find version of CDP to use for . You may need to include a dependency on a specific version of the CDP using something similar to `org.seleniumhq.selenium:selenium-devtools-v86:4.1.2` where the version ("v86") matches the version of the chromium-based browser you're using and the version number of the artifact is the same as Selenium's.
[1655525517.852][WARNING]: unexpected alert open: {Alert text : Data telah ditambah}, cancelling screenshot
]]></system-err>
  </testcase>
  <testcase name="As a admin i want to add data pasien but not gander" classname="Add Data Pasien - Admin" time="19.066">
    <system-out><![CDATA[
@AddDataPasien @AddPatientDataNoJK
Scenario Outline: As a admin i want to add data pasien but not gander      &amp#27;[90m# src/test/resources/features/AddDataPasien.feature:30&amp#27;[0m
11:12:02.524 [main] INFO io.cucumber.core.plugin.SerenityReporter - Running feature from file:///D:/New%20folder%20(2)/Capstone/Testing/src/test/resources/features/AddDataPasien.feature
11:12:02.536 [main] INFO  - 
  _____   ___   ___   _____     ___   _____     _     ___   _____   ___   ___  
 |_   _| | __| / __| |_   _|   / __| |_   _|   /_\   | _ \ |_   _| | __| |   \ 
   | |   | _|  \__ \   | |     \__ \   | |    / _ \  |   /   | |   | _|  | |) |
   |_|   |___| |___/   |_|     |___/   |_|   /_/ \_\ |_|_\   |_|   |___| |___/ 

As a admin i want to add data pasien but not gander(add-data-pasien---admin;as-a-admin-i-want-to-add-data-pasien-but-not-gander)
--------------------------------------------------------------------------------
11:12:02.610 [main] DEBUG net.thucydides.core.steps.StepInterceptor - STARTING STEP: PatientDataSteps.openPageDataPasien - openDataPasien
11:12:02.612 [main] INFO net.serenitybdd.core.webdriver.driverproviders.ChromeDriverProvider - Using automatically driver download
11:12:02.997 [main] DEBUG io.github.bonigarcia.wdm.cache.ResolutionCache - Resolution chrome=102 in cache (valid until 12:10:27 18/06/2022 ICT)
11:12:03.017 [AsyncHttpClient-1-1] DEBUG org.asynchttpclient.netty.channel.DefaultChannelPool - Entry count for : http://localhost:53958 : 1
11:12:03.017 [AsyncHttpClient-1-1] DEBUG org.asynchttpclient.netty.channel.DefaultChannelPool - Adding Candidate expired Channel [id: 0x11c33036, L:/127.0.0.1:61182 ! R:localhost/127.0.0.1:53958] isIdleTimeoutExpired=false isRemotelyClosed=true isTtlExpired=false
11:12:03.017 [AsyncHttpClient-1-1] DEBUG org.asynchttpclient.netty.channel.DefaultChannelPool - Closing Idle Channel [id: 0x11c33036, L:/127.0.0.1:61182 ! R:localhost/127.0.0.1:53958]
11:12:03.017 [AsyncHttpClient-1-1] DEBUG org.asynchttpclient.netty.channel.DefaultChannelPool - Closed 1 connections out of 1 in 0 ms
11:12:03.020 [main] DEBUG io.github.bonigarcia.wdm.cache.ResolutionCache - Resolution chrome102=102.0.5005.61 in cache (valid until 19:49:35 18/06/2022 ICT)
11:12:03.028 [main] INFO io.github.bonigarcia.wdm.WebDriverManager - Using chromedriver 102.0.5005.61 (resolved driver for Chrome 102)
11:12:03.111 [main] DEBUG io.github.bonigarcia.wdm.WebDriverManager - Driver chromedriver 102.0.5005.61 found in cache
11:12:03.114 [main] INFO io.github.bonigarcia.wdm.WebDriverManager - Exporting webdriver.chrome.driver as C:\Users\ASUS\.cache\selenium\chromedriver\win32\102.0.5005.61\chromedriver.exe
11:12:03.398 [main] DEBUG net.serenitybdd.core.webdriver.driverproviders.ProvideNewDriver - Instantiating driver
11:12:03.398 [main] DEBUG net.serenitybdd.core.webdriver.driverproviders.ProvideNewDriver - Driver capabilities: Capabilities {acceptInsecureCerts: false, base.url: https://fanciful-trifle-360..., browserName: chrome, chore.driver: src/test/resources/webdrive..., driver: chrome, goog:chromeOptions: {args: [], extensions: []}}
11:12:03.966 [AsyncHttpClient-1-7] DEBUG org.asynchttpclient.netty.channel.NettyConnectListener - Using new Channel '[id: 0x8f8323b4, L:/127.0.0.1:61228 - R:localhost/127.0.0.1:64255]' for 'POST' to '/session'
11:12:05.902 [AsyncHttpClient-1-7] DEBUG org.asynchttpclient.netty.handler.HttpHandler - 

Request DefaultHttpRequest(decodeResult: success, version: HTTP/1.1)
POST /session HTTP/1.1
User-Agent: selenium/4.1.2 (java windows)
Content-Length: 628
Content-Type: application/json; charset=utf-8
host: localhost:64255
accept: */*

Response DefaultHttpResponse(decodeResult: success, version: HTTP/1.1)
HTTP/1.1 200 OK
Content-Type: application/json; charset=utf-8
cache-control: no-cache
content-length: 788

11:12:05.902 [AsyncHttpClient-1-7] DEBUG org.asynchttpclient.netty.channel.ChannelManager - Adding key: http://localhost:64255 for channel [id: 0x8f8323b4, L:/127.0.0.1:61228 - R:localhost/127.0.0.1:64255]
11:12:05.928 [AsyncHttpClient-1-8] DEBUG org.asynchttpclient.netty.channel.NettyConnectListener - Using new Channel '[id: 0x46cc5032, L:/127.0.0.1:61240 - R:localhost/127.0.0.1:61231]' for 'GET' to '/json/version'
11:12:05.949 [AsyncHttpClient-1-8] DEBUG org.asynchttpclient.netty.handler.HttpHandler - 

Request DefaultFullHttpRequest(decodeResult: success, version: HTTP/1.1, content: EmptyByteBufBE)
GET /json/version HTTP/1.1
User-Agent: selenium/4.1.2 (java windows)
host: localhost:61231
accept: */*

Response DefaultHttpResponse(decodeResult: success, version: HTTP/1.1)
HTTP/1.1 200 OK
Content-Type: application/json; charset=UTF-8
content-length: 428

11:12:05.949 [AsyncHttpClient-1-8] DEBUG org.asynchttpclient.netty.channel.ChannelManager - Adding key: http://localhost:61231 for channel [id: 0x46cc5032, L:/127.0.0.1:61240 - R:localhost/127.0.0.1:61231]
11:12:05.959 [AsyncHttpClient-1-9] DEBUG org.asynchttpclient.netty.channel.NettyConnectListener - Using new Channel '[id: 0xfff87b50, L:/127.0.0.1:61241 - R:localhost/127.0.0.1:61231]' for 'GET' to '/devtools/browser/337e4351-32f9-4e52-93a6-1120ca56e33a'
11:12:05.996 [AsyncHttpClient-1-9] DEBUG org.asynchttpclient.netty.handler.WebSocketHandler - 

Request DefaultFullHttpRequest(decodeResult: success, version: HTTP/1.1, content: EmptyByteBufBE)
GET /devtools/browser/337e4351-32f9-4e52-93a6-1120ca56e33a HTTP/1.1
upgrade: websocket
connection: upgrade
sec-websocket-key: 0MFfVns+HUt6Pq715ykoXA==
sec-websocket-version: 13
origin: http://localhost:61231
host: localhost:61231
accept: */*
user-agent: AHC/2.1

Response DefaultHttpResponse(decodeResult: success, version: HTTP/1.1)
HTTP/1.1 101 WebSocket Protocol Handshake
Upgrade: WebSocket
Connection: Upgrade
Sec-WebSocket-Accept: St8LpGocw8auouYoyKRSPgHZL9Y=

11:12:06.007 [Forwarding get on session 24849b22330a43fbe9c974fb421c6905 to remote] DEBUG org.asynchttpclient.netty.request.NettyRequestSender - Using pooled Channel '[id: 0x8f8323b4, L:/127.0.0.1:61228 - R:localhost/127.0.0.1:64255]' for 'POST' to 'http://localhost:64255/session/24849b22330a43fbe9c974fb421c6905/url'
11:12:06.007 [Forwarding get on session 24849b22330a43fbe9c974fb421c6905 to remote] DEBUG org.asynchttpclient.netty.request.NettyRequestSender - Using open Channel [id: 0x8f8323b4, L:/127.0.0.1:61228 - R:localhost/127.0.0.1:64255] for POST '/session/24849b22330a43fbe9c974fb421c6905/url'
11:12:06.313 [AsyncHttpClient-1-1] DEBUG org.asynchttpclient.netty.channel.DefaultChannelPool - Entry count for : http://localhost:61231 : 1
11:12:07.412 [AsyncHttpClient-1-7] DEBUG org.asynchttpclient.netty.handler.HttpHandler - 

Request DefaultHttpRequest(decodeResult: success, version: HTTP/1.1)
POST /session/24849b22330a43fbe9c974fb421c6905/url HTTP/1.1
User-Agent: selenium/4.1.2 (java windows)
Content-Length: 84
Content-Type: application/json; charset=utf-8
host: localhost:64255
accept: */*

Response DefaultHttpResponse(decodeResult: success, version: HTTP/1.1)
HTTP/1.1 200 OK
Content-Type: application/json; charset=utf-8
cache-control: no-cache
content-length: 14

11:12:07.412 [AsyncHttpClient-1-7] DEBUG org.asynchttpclient.netty.channel.ChannelManager - Adding key: http://localhost:64255 for channel [id: 0x8f8323b4, L:/127.0.0.1:61228 - R:localhost/127.0.0.1:64255]
11:12:07.413 [AsyncHttpClient-1-1] DEBUG org.asynchttpclient.netty.channel.DefaultChannelPool - Entry count for : http://localhost:64255 : 1
11:12:07.413 [AsyncHttpClient-1-1] DEBUG org.asynchttpclient.netty.channel.DefaultChannelPool - Entry count for : http://localhost:61231 : 1
11:12:07.414 [Forwarding setTimeout on session 24849b22330a43fbe9c974fb421c6905 to remote] DEBUG org.asynchttpclient.netty.request.NettyRequestSender - Using pooled Channel '[id: 0x8f8323b4, L:/127.0.0.1:61228 - R:localhost/127.0.0.1:64255]' for 'POST' to 'http://localhost:64255/session/24849b22330a43fbe9c974fb421c6905/timeouts'
11:12:07.414 [Forwarding setTimeout on session 24849b22330a43fbe9c974fb421c6905 to remote] DEBUG org.asynchttpclient.netty.request.NettyRequestSender - Using open Channel [id: 0x8f8323b4, L:/127.0.0.1:61228 - R:localhost/127.0.0.1:64255] for POST '/session/24849b22330a43fbe9c974fb421c6905/timeouts'
11:12:07.415 [AsyncHttpClient-1-7] DEBUG org.asynchttpclient.netty.handler.HttpHandler - 

Request DefaultHttpRequest(decodeResult: success, version: HTTP/1.1)
POST /session/24849b22330a43fbe9c974fb421c6905/timeouts HTTP/1.1
User-Agent: selenium/4.1.2 (java windows)
Content-Length: 22
Content-Type: application/json; charset=utf-8
host: localhost:64255
accept: */*

Response DefaultHttpResponse(decodeResult: success, version: HTTP/1.1)
HTTP/1.1 200 OK
Content-Type: application/json; charset=utf-8
cache-control: no-cache
content-length: 14

11:12:07.416 [AsyncHttpClient-1-7] DEBUG org.asynchttpclient.netty.channel.ChannelManager - Adding key: http://localhost:64255 for channel [id: 0x8f8323b4, L:/127.0.0.1:61228 - R:localhost/127.0.0.1:64255]
11:12:07.421 [Forwarding getCurrentUrl on session 24849b22330a43fbe9c974fb421c6905 to remote] DEBUG org.asynchttpclient.netty.request.NettyRequestSender - Using pooled Channel '[id: 0x8f8323b4, L:/127.0.0.1:61228 - R:localhost/127.0.0.1:64255]' for 'GET' to 'http://localhost:64255/session/24849b22330a43fbe9c974fb421c6905/url'
11:12:07.421 [Forwarding getCurrentUrl on session 24849b22330a43fbe9c974fb421c6905 to remote] DEBUG org.asynchttpclient.netty.request.NettyRequestSender - Using open Channel [id: 0x8f8323b4, L:/127.0.0.1:61228 - R:localhost/127.0.0.1:64255] for GET '/session/24849b22330a43fbe9c974fb421c6905/url'
11:12:07.452 [AsyncHttpClient-1-7] DEBUG org.asynchttpclient.netty.handler.HttpHandler - 

Request DefaultFullHttpRequest(decodeResult: success, version: HTTP/1.1, content: EmptyByteBufBE)
GET /session/24849b22330a43fbe9c974fb421c6905/url HTTP/1.1
User-Agent: selenium/4.1.2 (java windows)
Cache-Control: no-cache
Content-Type: application/json; charset=utf-8
host: localhost:64255
accept: */*

Response DefaultHttpResponse(decodeResult: success, version: HTTP/1.1)
HTTP/1.1 200 OK
Content-Type: application/json; charset=utf-8
cache-control: no-cache
content-length: 66

11:12:07.456 [AsyncHttpClient-1-7] DEBUG org.asynchttpclient.netty.channel.ChannelManager - Adding key: http://localhost:64255 for channel [id: 0x8f8323b4, L:/127.0.0.1:61228 - R:localhost/127.0.0.1:64255]
11:12:07.476 [Forwarding screenshot on session 24849b22330a43fbe9c974fb421c6905 to remote] DEBUG org.asynchttpclient.netty.request.NettyRequestSender - Using pooled Channel '[id: 0x8f8323b4, L:/127.0.0.1:61228 - R:localhost/127.0.0.1:64255]' for 'GET' to 'http://localhost:64255/session/24849b22330a43fbe9c974fb421c6905/screenshot'
11:12:07.476 [Forwarding screenshot on session 24849b22330a43fbe9c974fb421c6905 to remote] DEBUG org.asynchttpclient.netty.request.NettyRequestSender - Using open Channel [id: 0x8f8323b4, L:/127.0.0.1:61228 - R:localhost/127.0.0.1:64255] for GET '/session/24849b22330a43fbe9c974fb421c6905/screenshot'
11:12:08.517 [AsyncHttpClient-1-1] DEBUG org.asynchttpclient.netty.channel.DefaultChannelPool - Entry count for : http://localhost:61231 : 1
11:12:08.528 [AsyncHttpClient-1-7] DEBUG org.asynchttpclient.netty.handler.HttpHandler - 

Request DefaultFullHttpRequest(decodeResult: success, version: HTTP/1.1, content: EmptyByteBufBE)
GET /session/24849b22330a43fbe9c974fb421c6905/screenshot HTTP/1.1
User-Agent: selenium/4.1.2 (java windows)
Cache-Control: no-cache
Content-Type: application/json; charset=utf-8
host: localhost:64255
accept: */*

Response DefaultHttpResponse(decodeResult: success, version: HTTP/1.1)
HTTP/1.1 200 OK
Content-Type: application/json; charset=utf-8
cache-control: no-cache
content-length: 66608

11:12:08.529 [AsyncHttpClient-1-7] DEBUG org.asynchttpclient.netty.channel.ChannelManager - Adding key: http://localhost:64255 for channel [id: 0x8f8323b4, L:/127.0.0.1:61228 - R:localhost/127.0.0.1:64255]
11:12:08.543 [main] DEBUG net.serenitybdd.core.photography.Darkroom - Send negative for processing for target\site\serenity\3b111ae00db26295d7ecbde886ea4451aead6619240013077047abd82e88d678.png
11:12:08.544 [main] DEBUG net.thucydides.core.steps.StepInterceptor - STEP DONE: openDataPasien
  &amp#27;[32mGiven &amp#27;[0m&amp#27;[32mOpen page data pasien&amp#27;[0m                                              &amp#27;[90m# starter.stepdefinitios.PatientDataSteps.openPageDataPasien()&amp#27;[0m
11:12:08.601 [Forwarding screenshot on session 24849b22330a43fbe9c974fb421c6905 to remote] DEBUG org.asynchttpclient.netty.request.NettyRequestSender - Using pooled Channel '[id: 0x8f8323b4, L:/127.0.0.1:61228 - R:localhost/127.0.0.1:64255]' for 'GET' to 'http://localhost:64255/session/24849b22330a43fbe9c974fb421c6905/screenshot'
11:12:08.601 [Forwarding screenshot on session 24849b22330a43fbe9c974fb421c6905 to remote] DEBUG org.asynchttpclient.netty.request.NettyRequestSender - Using open Channel [id: 0x8f8323b4, L:/127.0.0.1:61228 - R:localhost/127.0.0.1:64255] for GET '/session/24849b22330a43fbe9c974fb421c6905/screenshot'
11:12:08.847 [AsyncHttpClient-1-7] DEBUG org.asynchttpclient.netty.handler.HttpHandler - 

Request DefaultFullHttpRequest(decodeResult: success, version: HTTP/1.1, content: EmptyByteBufBE)
GET /session/24849b22330a43fbe9c974fb421c6905/screenshot HTTP/1.1
User-Agent: selenium/4.1.2 (java windows)
Cache-Control: no-cache
Content-Type: application/json; charset=utf-8
host: localhost:64255
accept: */*

Response DefaultHttpResponse(decodeResult: success, version: HTTP/1.1)
HTTP/1.1 200 OK
Content-Type: application/json; charset=utf-8
cache-control: no-cache
content-length: 80400

11:12:08.848 [AsyncHttpClient-1-7] DEBUG org.asynchttpclient.netty.channel.ChannelManager - Adding key: http://localhost:64255 for channel [id: 0x8f8323b4, L:/127.0.0.1:61228 - R:localhost/127.0.0.1:64255]
11:12:08.853 [main] DEBUG net.serenitybdd.core.photography.Darkroom - Send negative for processing for target\site\serenity\58c2da6a3dc1cef559f06fa5e42c751c82c835dd5008c395eda7cc58522a65cb.png
11:12:08.871 [main] DEBUG net.thucydides.core.steps.StepInterceptor - STARTING STEP: PatientDataSteps.clickButtonTambahData - clickButtonTambah
11:12:08.878 [Forwarding findElement on session 24849b22330a43fbe9c974fb421c6905 to remote] DEBUG org.asynchttpclient.netty.request.NettyRequestSender - Using pooled Channel '[id: 0x8f8323b4, L:/127.0.0.1:61228 - R:localhost/127.0.0.1:64255]' for 'POST' to 'http://localhost:64255/session/24849b22330a43fbe9c974fb421c6905/element'
11:12:08.878 [Forwarding findElement on session 24849b22330a43fbe9c974fb421c6905 to remote] DEBUG org.asynchttpclient.netty.request.NettyRequestSender - Using open Channel [id: 0x8f8323b4, L:/127.0.0.1:61228 - R:localhost/127.0.0.1:64255] for POST '/session/24849b22330a43fbe9c974fb421c6905/element'
11:12:08.902 [AsyncHttpClient-1-7] DEBUG org.asynchttpclient.netty.handler.HttpHandler - 

Request DefaultHttpRequest(decodeResult: success, version: HTTP/1.1)
POST /session/24849b22330a43fbe9c974fb421c6905/element HTTP/1.1
User-Agent: selenium/4.1.2 (java windows)
Content-Length: 109
Content-Type: application/json; charset=utf-8
host: localhost:64255
accept: */*

Response DefaultHttpResponse(decodeResult: success, version: HTTP/1.1)
HTTP/1.1 200 OK
Content-Type: application/json; charset=utf-8
cache-control: no-cache
content-length: 88

11:12:08.902 [AsyncHttpClient-1-7] DEBUG org.asynchttpclient.netty.channel.ChannelManager - Adding key: http://localhost:64255 for channel [id: 0x8f8323b4, L:/127.0.0.1:61228 - R:localhost/127.0.0.1:64255]
11:12:08.910 [Forwarding getElementTagName on session 24849b22330a43fbe9c974fb421c6905 to remote] DEBUG org.asynchttpclient.netty.request.NettyRequestSender - Using pooled Channel '[id: 0x8f8323b4, L:/127.0.0.1:61228 - R:localhost/127.0.0.1:64255]' for 'GET' to 'http://localhost:64255/session/24849b22330a43fbe9c974fb421c6905/element/f7b18850-aacd-41db-a50c-3cbdd675186f/name'
11:12:08.910 [Forwarding getElementTagName on session 24849b22330a43fbe9c974fb421c6905 to remote] DEBUG org.asynchttpclient.netty.request.NettyRequestSender - Using open Channel [id: 0x8f8323b4, L:/127.0.0.1:61228 - R:localhost/127.0.0.1:64255] for GET '/session/24849b22330a43fbe9c974fb421c6905/element/f7b18850-aacd-41db-a50c-3cbdd675186f/name'
11:12:08.920 [AsyncHttpClient-1-7] DEBUG org.asynchttpclient.netty.handler.HttpHandler - 

Request DefaultFullHttpRequest(decodeResult: success, version: HTTP/1.1, content: EmptyByteBufBE)
GET /session/24849b22330a43fbe9c974fb421c6905/element/f7b18850-aacd-41db-a50c-3cbdd675186f/name HTTP/1.1
User-Agent: selenium/4.1.2 (java windows)
Cache-Control: no-cache
Content-Type: application/json; charset=utf-8
host: localhost:64255
accept: */*

Response DefaultHttpResponse(decodeResult: success, version: HTTP/1.1)
HTTP/1.1 200 OK
Content-Type: application/json; charset=utf-8
cache-control: no-cache
content-length: 18

11:12:08.920 [AsyncHttpClient-1-7] DEBUG org.asynchttpclient.netty.channel.ChannelManager - Adding key: http://localhost:64255 for channel [id: 0x8f8323b4, L:/127.0.0.1:61228 - R:localhost/127.0.0.1:64255]
11:12:08.922 [Forwarding getElementTagName on session 24849b22330a43fbe9c974fb421c6905 to remote] DEBUG org.asynchttpclient.netty.request.NettyRequestSender - Using pooled Channel '[id: 0x8f8323b4, L:/127.0.0.1:61228 - R:localhost/127.0.0.1:64255]' for 'GET' to 'http://localhost:64255/session/24849b22330a43fbe9c974fb421c6905/element/f7b18850-aacd-41db-a50c-3cbdd675186f/name'
11:12:08.922 [Forwarding getElementTagName on session 24849b22330a43fbe9c974fb421c6905 to remote] DEBUG org.asynchttpclient.netty.request.NettyRequestSender - Using open Channel [id: 0x8f8323b4, L:/127.0.0.1:61228 - R:localhost/127.0.0.1:64255] for GET '/session/24849b22330a43fbe9c974fb421c6905/element/f7b18850-aacd-41db-a50c-3cbdd675186f/name'
11:12:08.933 [AsyncHttpClient-1-7] DEBUG org.asynchttpclient.netty.handler.HttpHandler - 

Request DefaultFullHttpRequest(decodeResult: success, version: HTTP/1.1, content: EmptyByteBufBE)
GET /session/24849b22330a43fbe9c974fb421c6905/element/f7b18850-aacd-41db-a50c-3cbdd675186f/name HTTP/1.1
User-Agent: selenium/4.1.2 (java windows)
Cache-Control: no-cache
Content-Type: application/json; charset=utf-8
host: localhost:64255
accept: */*

Response DefaultHttpResponse(decodeResult: success, version: HTTP/1.1)
HTTP/1.1 200 OK
Content-Type: application/json; charset=utf-8
cache-control: no-cache
content-length: 18

11:12:08.933 [AsyncHttpClient-1-7] DEBUG org.asynchttpclient.netty.channel.ChannelManager - Adding key: http://localhost:64255 for channel [id: 0x8f8323b4, L:/127.0.0.1:61228 - R:localhost/127.0.0.1:64255]
11:12:08.936 [Forwarding isElementEnabled on session 24849b22330a43fbe9c974fb421c6905 to remote] DEBUG org.asynchttpclient.netty.request.NettyRequestSender - Using pooled Channel '[id: 0x8f8323b4, L:/127.0.0.1:61228 - R:localhost/127.0.0.1:64255]' for 'GET' to 'http://localhost:64255/session/24849b22330a43fbe9c974fb421c6905/element/f7b18850-aacd-41db-a50c-3cbdd675186f/enabled'
11:12:08.936 [Forwarding isElementEnabled on session 24849b22330a43fbe9c974fb421c6905 to remote] DEBUG org.asynchttpclient.netty.request.NettyRequestSender - Using open Channel [id: 0x8f8323b4, L:/127.0.0.1:61228 - R:localhost/127.0.0.1:64255] for GET '/session/24849b22330a43fbe9c974fb421c6905/element/f7b18850-aacd-41db-a50c-3cbdd675186f/enabled'
11:12:08.960 [AsyncHttpClient-1-7] DEBUG org.asynchttpclient.netty.handler.HttpHandler - 

Request DefaultFullHttpRequest(decodeResult: success, version: HTTP/1.1, content: EmptyByteBufBE)
GET /session/24849b22330a43fbe9c974fb421c6905/element/f7b18850-aacd-41db-a50c-3cbdd675186f/enabled HTTP/1.1
User-Agent: selenium/4.1.2 (java windows)
Cache-Control: no-cache
Content-Type: application/json; charset=utf-8
host: localhost:64255
accept: */*

Response DefaultHttpResponse(decodeResult: success, version: HTTP/1.1)
HTTP/1.1 200 OK
Content-Type: application/json; charset=utf-8
cache-control: no-cache
content-length: 14

11:12:08.961 [AsyncHttpClient-1-7] DEBUG org.asynchttpclient.netty.channel.ChannelManager - Adding key: http://localhost:64255 for channel [id: 0x8f8323b4, L:/127.0.0.1:61228 - R:localhost/127.0.0.1:64255]
11:12:08.963 [Forwarding isElementEnabled on session 24849b22330a43fbe9c974fb421c6905 to remote] DEBUG org.asynchttpclient.netty.request.NettyRequestSender - Using pooled Channel '[id: 0x8f8323b4, L:/127.0.0.1:61228 - R:localhost/127.0.0.1:64255]' for 'GET' to 'http://localhost:64255/session/24849b22330a43fbe9c974fb421c6905/element/f7b18850-aacd-41db-a50c-3cbdd675186f/enabled'
11:12:08.963 [Forwarding isElementEnabled on session 24849b22330a43fbe9c974fb421c6905 to remote] DEBUG org.asynchttpclient.netty.request.NettyRequestSender - Using open Channel [id: 0x8f8323b4, L:/127.0.0.1:61228 - R:localhost/127.0.0.1:64255] for GET '/session/24849b22330a43fbe9c974fb421c6905/element/f7b18850-aacd-41db-a50c-3cbdd675186f/enabled'
11:12:08.978 [AsyncHttpClient-1-7] DEBUG org.asynchttpclient.netty.handler.HttpHandler - 

Request DefaultFullHttpRequest(decodeResult: success, version: HTTP/1.1, content: EmptyByteBufBE)
GET /session/24849b22330a43fbe9c974fb421c6905/element/f7b18850-aacd-41db-a50c-3cbdd675186f/enabled HTTP/1.1
User-Agent: selenium/4.1.2 (java windows)
Cache-Control: no-cache
Content-Type: application/json; charset=utf-8
host: localhost:64255
accept: */*

Response DefaultHttpResponse(decodeResult: success, version: HTTP/1.1)
HTTP/1.1 200 OK
Content-Type: application/json; charset=utf-8
cache-control: no-cache
content-length: 14

11:12:08.978 [AsyncHttpClient-1-7] DEBUG org.asynchttpclient.netty.channel.ChannelManager - Adding key: http://localhost:64255 for channel [id: 0x8f8323b4, L:/127.0.0.1:61228 - R:localhost/127.0.0.1:64255]
11:12:08.982 [Forwarding findElement on session 24849b22330a43fbe9c974fb421c6905 to remote] DEBUG org.asynchttpclient.netty.request.NettyRequestSender - Using pooled Channel '[id: 0x8f8323b4, L:/127.0.0.1:61228 - R:localhost/127.0.0.1:64255]' for 'POST' to 'http://localhost:64255/session/24849b22330a43fbe9c974fb421c6905/element'
11:12:08.982 [Forwarding findElement on session 24849b22330a43fbe9c974fb421c6905 to remote] DEBUG org.asynchttpclient.netty.request.NettyRequestSender - Using open Channel [id: 0x8f8323b4, L:/127.0.0.1:61228 - R:localhost/127.0.0.1:64255] for POST '/session/24849b22330a43fbe9c974fb421c6905/element'
11:12:09.001 [AsyncHttpClient-1-7] DEBUG org.asynchttpclient.netty.handler.HttpHandler - 

Request DefaultHttpRequest(decodeResult: success, version: HTTP/1.1)
POST /session/24849b22330a43fbe9c974fb421c6905/element HTTP/1.1
User-Agent: selenium/4.1.2 (java windows)
Content-Length: 109
Content-Type: application/json; charset=utf-8
host: localhost:64255
accept: */*

Response DefaultHttpResponse(decodeResult: success, version: HTTP/1.1)
HTTP/1.1 200 OK
Content-Type: application/json; charset=utf-8
cache-control: no-cache
content-length: 88

11:12:09.001 [AsyncHttpClient-1-7] DEBUG org.asynchttpclient.netty.channel.ChannelManager - Adding key: http://localhost:64255 for channel [id: 0x8f8323b4, L:/127.0.0.1:61228 - R:localhost/127.0.0.1:64255]
11:12:09.003 [Forwarding clickElement on session 24849b22330a43fbe9c974fb421c6905 to remote] DEBUG org.asynchttpclient.netty.request.NettyRequestSender - Using pooled Channel '[id: 0x8f8323b4, L:/127.0.0.1:61228 - R:localhost/127.0.0.1:64255]' for 'POST' to 'http://localhost:64255/session/24849b22330a43fbe9c974fb421c6905/element/f7b18850-aacd-41db-a50c-3cbdd675186f/click'
11:12:09.003 [Forwarding clickElement on session 24849b22330a43fbe9c974fb421c6905 to remote] DEBUG org.asynchttpclient.netty.request.NettyRequestSender - Using open Channel [id: 0x8f8323b4, L:/127.0.0.1:61228 - R:localhost/127.0.0.1:64255] for POST '/session/24849b22330a43fbe9c974fb421c6905/element/f7b18850-aacd-41db-a50c-3cbdd675186f/click'
11:12:09.471 [AsyncHttpClient-1-7] DEBUG org.asynchttpclient.netty.handler.HttpHandler - 

Request DefaultHttpRequest(decodeResult: success, version: HTTP/1.1)
POST /session/24849b22330a43fbe9c974fb421c6905/element/f7b18850-aacd-41db-a50c-3cbdd675186f/click HTTP/1.1
User-Agent: selenium/4.1.2 (java windows)
Content-Length: 50
Content-Type: application/json; charset=utf-8
host: localhost:64255
accept: */*

Response DefaultHttpResponse(decodeResult: success, version: HTTP/1.1)
HTTP/1.1 200 OK
Content-Type: application/json; charset=utf-8
cache-control: no-cache
content-length: 14

11:12:09.471 [AsyncHttpClient-1-7] DEBUG org.asynchttpclient.netty.channel.ChannelManager - Adding key: http://localhost:64255 for channel [id: 0x8f8323b4, L:/127.0.0.1:61228 - R:localhost/127.0.0.1:64255]
11:12:09.494 [Forwarding screenshot on session 24849b22330a43fbe9c974fb421c6905 to remote] DEBUG org.asynchttpclient.netty.request.NettyRequestSender - Using pooled Channel '[id: 0x8f8323b4, L:/127.0.0.1:61228 - R:localhost/127.0.0.1:64255]' for 'GET' to 'http://localhost:64255/session/24849b22330a43fbe9c974fb421c6905/screenshot'
11:12:09.494 [Forwarding screenshot on session 24849b22330a43fbe9c974fb421c6905 to remote] DEBUG org.asynchttpclient.netty.request.NettyRequestSender - Using open Channel [id: 0x8f8323b4, L:/127.0.0.1:61228 - R:localhost/127.0.0.1:64255] for GET '/session/24849b22330a43fbe9c974fb421c6905/screenshot'
11:12:09.628 [AsyncHttpClient-1-1] DEBUG org.asynchttpclient.netty.channel.DefaultChannelPool - Entry count for : http://localhost:61231 : 1
11:12:10.083 [AsyncHttpClient-1-7] DEBUG org.asynchttpclient.netty.handler.HttpHandler - 

Request DefaultFullHttpRequest(decodeResult: success, version: HTTP/1.1, content: EmptyByteBufBE)
GET /session/24849b22330a43fbe9c974fb421c6905/screenshot HTTP/1.1
User-Agent: selenium/4.1.2 (java windows)
Cache-Control: no-cache
Content-Type: application/json; charset=utf-8
host: localhost:64255
accept: */*

Response DefaultHttpResponse(decodeResult: success, version: HTTP/1.1)
HTTP/1.1 200 OK
Content-Type: application/json; charset=utf-8
cache-control: no-cache
content-length: 66520

11:12:10.084 [AsyncHttpClient-1-7] DEBUG org.asynchttpclient.netty.channel.ChannelManager - Adding key: http://localhost:64255 for channel [id: 0x8f8323b4, L:/127.0.0.1:61228 - R:localhost/127.0.0.1:64255]
11:12:10.091 [main] DEBUG net.serenitybdd.core.photography.Darkroom - Send negative for processing for target\site\serenity\1fdd69d06a60ff3c89e341135cfee2c520d03d557efc27102bfd68931a8c9c11.png
11:12:10.092 [main] DEBUG net.thucydides.core.steps.StepInterceptor - STEP DONE: clickButtonTambah
  &amp#27;[32mWhen &amp#27;[0m&amp#27;[32mClick button tambah data&amp#27;[0m                                            &amp#27;[90m# starter.stepdefinitios.PatientDataSteps.clickButtonTambahData()&amp#27;[0m
11:12:10.098 [Darkroom Processing Line] DEBUG net.serenitybdd.core.photography.DarkroomProcessingLine - Processing screenshot image in /var/screenshots/screenshot-6374329421018154413
11:12:10.098 [Darkroom Processing Line] DEBUG net.serenitybdd.core.photography.DarkroomProcessingLine - Saving screenshot to target\site\serenity\1fdd69d06a60ff3c89e341135cfee2c520d03d557efc27102bfd68931a8c9c11.png
11:12:10.651 [Forwarding screenshot on session 24849b22330a43fbe9c974fb421c6905 to remote] DEBUG org.asynchttpclient.netty.request.NettyRequestSender - Using pooled Channel '[id: 0x8f8323b4, L:/127.0.0.1:61228 - R:localhost/127.0.0.1:64255]' for 'GET' to 'http://localhost:64255/session/24849b22330a43fbe9c974fb421c6905/screenshot'
11:12:10.651 [Forwarding screenshot on session 24849b22330a43fbe9c974fb421c6905 to remote] DEBUG org.asynchttpclient.netty.request.NettyRequestSender - Using open Channel [id: 0x8f8323b4, L:/127.0.0.1:61228 - R:localhost/127.0.0.1:64255] for GET '/session/24849b22330a43fbe9c974fb421c6905/screenshot'
11:12:10.715 [AsyncHttpClient-1-1] DEBUG org.asynchttpclient.netty.channel.DefaultChannelPool - Entry count for : http://localhost:61231 : 1
11:12:11.014 [AsyncHttpClient-1-7] DEBUG org.asynchttpclient.netty.handler.HttpHandler - 

Request DefaultFullHttpRequest(decodeResult: success, version: HTTP/1.1, content: EmptyByteBufBE)
GET /session/24849b22330a43fbe9c974fb421c6905/screenshot HTTP/1.1
User-Agent: selenium/4.1.2 (java windows)
Cache-Control: no-cache
Content-Type: application/json; charset=utf-8
host: localhost:64255
accept: */*

Response DefaultHttpResponse(decodeResult: success, version: HTTP/1.1)
HTTP/1.1 200 OK
Content-Type: application/json; charset=utf-8
cache-control: no-cache
content-length: 397960

11:12:11.016 [AsyncHttpClient-1-7] DEBUG org.asynchttpclient.netty.channel.ChannelManager - Adding key: http://localhost:64255 for channel [id: 0x8f8323b4, L:/127.0.0.1:61228 - R:localhost/127.0.0.1:64255]
11:12:11.051 [main] DEBUG net.serenitybdd.core.photography.Darkroom - Send negative for processing for target\site\serenity\cbeceb493b3cc14d3791ff263ea0078986a8fbc23e395c454f06e0ce9a24f68d.png
11:12:11.051 [main] DEBUG net.thucydides.core.steps.StepInterceptor - STARTING STEP: PatientDataSteps.iInput - inputDataPasien
11:12:11.056 [Forwarding findElement on session 24849b22330a43fbe9c974fb421c6905 to remote] DEBUG org.asynchttpclient.netty.request.NettyRequestSender - Using pooled Channel '[id: 0x8f8323b4, L:/127.0.0.1:61228 - R:localhost/127.0.0.1:64255]' for 'POST' to 'http://localhost:64255/session/24849b22330a43fbe9c974fb421c6905/element'
11:12:11.059 [Forwarding findElement on session 24849b22330a43fbe9c974fb421c6905 to remote] DEBUG org.asynchttpclient.netty.request.NettyRequestSender - Using open Channel [id: 0x8f8323b4, L:/127.0.0.1:61228 - R:localhost/127.0.0.1:64255] for POST '/session/24849b22330a43fbe9c974fb421c6905/element'
11:12:11.235 [AsyncHttpClient-1-7] DEBUG org.asynchttpclient.netty.handler.HttpHandler - 

Request DefaultHttpRequest(decodeResult: success, version: HTTP/1.1)
POST /session/24849b22330a43fbe9c974fb421c6905/element HTTP/1.1
User-Agent: selenium/4.1.2 (java windows)
Content-Length: 166
Content-Type: application/json; charset=utf-8
host: localhost:64255
accept: */*

Response DefaultHttpResponse(decodeResult: success, version: HTTP/1.1)
HTTP/1.1 200 OK
Content-Type: application/json; charset=utf-8
cache-control: no-cache
content-length: 88

11:12:11.235 [AsyncHttpClient-1-7] DEBUG org.asynchttpclient.netty.channel.ChannelManager - Adding key: http://localhost:64255 for channel [id: 0x8f8323b4, L:/127.0.0.1:61228 - R:localhost/127.0.0.1:64255]
11:12:11.237 [Forwarding sendKeysToElement on session 24849b22330a43fbe9c974fb421c6905 to remote] DEBUG org.asynchttpclient.netty.request.NettyRequestSender - Using pooled Channel '[id: 0x8f8323b4, L:/127.0.0.1:61228 - R:localhost/127.0.0.1:64255]' for 'POST' to 'http://localhost:64255/session/24849b22330a43fbe9c974fb421c6905/element/d95f79be-5ff4-4dab-8217-d001ffd7afc5/value'
11:12:11.237 [Forwarding sendKeysToElement on session 24849b22330a43fbe9c974fb421c6905 to remote] DEBUG org.asynchttpclient.netty.request.NettyRequestSender - Using open Channel [id: 0x8f8323b4, L:/127.0.0.1:61228 - R:localhost/127.0.0.1:64255] for POST '/session/24849b22330a43fbe9c974fb421c6905/element/d95f79be-5ff4-4dab-8217-d001ffd7afc5/value'
11:12:11.772 [AsyncHttpClient-1-7] DEBUG org.asynchttpclient.netty.handler.HttpHandler - 

Request DefaultHttpRequest(decodeResult: success, version: HTTP/1.1)
POST /session/24849b22330a43fbe9c974fb421c6905/element/d95f79be-5ff4-4dab-8217-d001ffd7afc5/value HTTP/1.1
User-Agent: selenium/4.1.2 (java windows)
Content-Length: 131
Content-Type: application/json; charset=utf-8
host: localhost:64255
accept: */*

Response DefaultHttpResponse(decodeResult: success, version: HTTP/1.1)
HTTP/1.1 200 OK
Content-Type: application/json; charset=utf-8
cache-control: no-cache
content-length: 14

11:12:11.772 [AsyncHttpClient-1-7] DEBUG org.asynchttpclient.netty.channel.ChannelManager - Adding key: http://localhost:64255 for channel [id: 0x8f8323b4, L:/127.0.0.1:61228 - R:localhost/127.0.0.1:64255]
11:12:11.779 [Forwarding findElement on session 24849b22330a43fbe9c974fb421c6905 to remote] DEBUG org.asynchttpclient.netty.request.NettyRequestSender - Using pooled Channel '[id: 0x8f8323b4, L:/127.0.0.1:61228 - R:localhost/127.0.0.1:64255]' for 'POST' to 'http://localhost:64255/session/24849b22330a43fbe9c974fb421c6905/element'
11:12:11.779 [Forwarding findElement on session 24849b22330a43fbe9c974fb421c6905 to remote] DEBUG org.asynchttpclient.netty.request.NettyRequestSender - Using open Channel [id: 0x8f8323b4, L:/127.0.0.1:61228 - R:localhost/127.0.0.1:64255] for POST '/session/24849b22330a43fbe9c974fb421c6905/element'
11:12:11.804 [AsyncHttpClient-1-7] DEBUG org.asynchttpclient.netty.handler.HttpHandler - 

Request DefaultHttpRequest(decodeResult: success, version: HTTP/1.1)
POST /session/24849b22330a43fbe9c974fb421c6905/element HTTP/1.1
User-Agent: selenium/4.1.2 (java windows)
Content-Length: 166
Content-Type: application/json; charset=utf-8
host: localhost:64255
accept: */*

Response DefaultHttpResponse(decodeResult: success, version: HTTP/1.1)
HTTP/1.1 200 OK
Content-Type: application/json; charset=utf-8
cache-control: no-cache
content-length: 88

11:12:11.804 [AsyncHttpClient-1-7] DEBUG org.asynchttpclient.netty.channel.ChannelManager - Adding key: http://localhost:64255 for channel [id: 0x8f8323b4, L:/127.0.0.1:61228 - R:localhost/127.0.0.1:64255]
11:12:11.807 [Forwarding sendKeysToElement on session 24849b22330a43fbe9c974fb421c6905 to remote] DEBUG org.asynchttpclient.netty.request.NettyRequestSender - Using pooled Channel '[id: 0x8f8323b4, L:/127.0.0.1:61228 - R:localhost/127.0.0.1:64255]' for 'POST' to 'http://localhost:64255/session/24849b22330a43fbe9c974fb421c6905/element/3552e254-1929-4899-8966-8eb53e3dedce/value'
11:12:11.807 [Forwarding sendKeysToElement on session 24849b22330a43fbe9c974fb421c6905 to remote] DEBUG org.asynchttpclient.netty.request.NettyRequestSender - Using open Channel [id: 0x8f8323b4, L:/127.0.0.1:61228 - R:localhost/127.0.0.1:64255] for POST '/session/24849b22330a43fbe9c974fb421c6905/element/3552e254-1929-4899-8966-8eb53e3dedce/value'
11:12:11.827 [AsyncHttpClient-1-1] DEBUG org.asynchttpclient.netty.channel.DefaultChannelPool - Entry count for : http://localhost:61231 : 1
11:12:12.358 [AsyncHttpClient-1-7] DEBUG org.asynchttpclient.netty.handler.HttpHandler - 

Request DefaultHttpRequest(decodeResult: success, version: HTTP/1.1)
POST /session/24849b22330a43fbe9c974fb421c6905/element/3552e254-1929-4899-8966-8eb53e3dedce/value HTTP/1.1
User-Agent: selenium/4.1.2 (java windows)
Content-Length: 181
Content-Type: application/json; charset=utf-8
host: localhost:64255
accept: */*

Response DefaultHttpResponse(decodeResult: success, version: HTTP/1.1)
HTTP/1.1 200 OK
Content-Type: application/json; charset=utf-8
cache-control: no-cache
content-length: 14

11:12:12.358 [AsyncHttpClient-1-7] DEBUG org.asynchttpclient.netty.channel.ChannelManager - Adding key: http://localhost:64255 for channel [id: 0x8f8323b4, L:/127.0.0.1:61228 - R:localhost/127.0.0.1:64255]
11:12:12.363 [Forwarding findElement on session 24849b22330a43fbe9c974fb421c6905 to remote] DEBUG org.asynchttpclient.netty.request.NettyRequestSender - Using pooled Channel '[id: 0x8f8323b4, L:/127.0.0.1:61228 - R:localhost/127.0.0.1:64255]' for 'POST' to 'http://localhost:64255/session/24849b22330a43fbe9c974fb421c6905/element'
11:12:12.363 [Forwarding findElement on session 24849b22330a43fbe9c974fb421c6905 to remote] DEBUG org.asynchttpclient.netty.request.NettyRequestSender - Using open Channel [id: 0x8f8323b4, L:/127.0.0.1:61228 - R:localhost/127.0.0.1:64255] for POST '/session/24849b22330a43fbe9c974fb421c6905/element'
11:12:12.387 [AsyncHttpClient-1-7] DEBUG org.asynchttpclient.netty.handler.HttpHandler - 

Request DefaultHttpRequest(decodeResult: success, version: HTTP/1.1)
POST /session/24849b22330a43fbe9c974fb421c6905/element HTTP/1.1
User-Agent: selenium/4.1.2 (java windows)
Content-Length: 166
Content-Type: application/json; charset=utf-8
host: localhost:64255
accept: */*

Response DefaultHttpResponse(decodeResult: success, version: HTTP/1.1)
HTTP/1.1 200 OK
Content-Type: application/json; charset=utf-8
cache-control: no-cache
content-length: 88

11:12:12.387 [AsyncHttpClient-1-7] DEBUG org.asynchttpclient.netty.channel.ChannelManager - Adding key: http://localhost:64255 for channel [id: 0x8f8323b4, L:/127.0.0.1:61228 - R:localhost/127.0.0.1:64255]
11:12:12.389 [Forwarding sendKeysToElement on session 24849b22330a43fbe9c974fb421c6905 to remote] DEBUG org.asynchttpclient.netty.request.NettyRequestSender - Using pooled Channel '[id: 0x8f8323b4, L:/127.0.0.1:61228 - R:localhost/127.0.0.1:64255]' for 'POST' to 'http://localhost:64255/session/24849b22330a43fbe9c974fb421c6905/element/cd382877-dd7c-47f5-a7bc-378f2c5faac1/value'
11:12:12.390 [Forwarding sendKeysToElement on session 24849b22330a43fbe9c974fb421c6905 to remote] DEBUG org.asynchttpclient.netty.request.NettyRequestSender - Using open Channel [id: 0x8f8323b4, L:/127.0.0.1:61228 - R:localhost/127.0.0.1:64255] for POST '/session/24849b22330a43fbe9c974fb421c6905/element/cd382877-dd7c-47f5-a7bc-378f2c5faac1/value'
11:12:12.586 [AsyncHttpClient-1-7] DEBUG org.asynchttpclient.netty.handler.HttpHandler - 

Request DefaultHttpRequest(decodeResult: success, version: HTTP/1.1)
POST /session/24849b22330a43fbe9c974fb421c6905/element/cd382877-dd7c-47f5-a7bc-378f2c5faac1/value HTTP/1.1
User-Agent: selenium/4.1.2 (java windows)
Content-Length: 101
Content-Type: application/json; charset=utf-8
host: localhost:64255
accept: */*

Response DefaultHttpResponse(decodeResult: success, version: HTTP/1.1)
HTTP/1.1 200 OK
Content-Type: application/json; charset=utf-8
cache-control: no-cache
content-length: 14

11:12:12.586 [AsyncHttpClient-1-7] DEBUG org.asynchttpclient.netty.channel.ChannelManager - Adding key: http://localhost:64255 for channel [id: 0x8f8323b4, L:/127.0.0.1:61228 - R:localhost/127.0.0.1:64255]
11:12:12.593 [Forwarding findElement on session 24849b22330a43fbe9c974fb421c6905 to remote] DEBUG org.asynchttpclient.netty.request.NettyRequestSender - Using pooled Channel '[id: 0x8f8323b4, L:/127.0.0.1:61228 - R:localhost/127.0.0.1:64255]' for 'POST' to 'http://localhost:64255/session/24849b22330a43fbe9c974fb421c6905/element'
11:12:12.594 [Forwarding findElement on session 24849b22330a43fbe9c974fb421c6905 to remote] DEBUG org.asynchttpclient.netty.request.NettyRequestSender - Using open Channel [id: 0x8f8323b4, L:/127.0.0.1:61228 - R:localhost/127.0.0.1:64255] for POST '/session/24849b22330a43fbe9c974fb421c6905/element'
11:12:12.669 [AsyncHttpClient-1-7] DEBUG org.asynchttpclient.netty.handler.HttpHandler - 

Request DefaultHttpRequest(decodeResult: success, version: HTTP/1.1)
POST /session/24849b22330a43fbe9c974fb421c6905/element HTTP/1.1
User-Agent: selenium/4.1.2 (java windows)
Content-Length: 166
Content-Type: application/json; charset=utf-8
host: localhost:64255
accept: */*

Response DefaultHttpResponse(decodeResult: success, version: HTTP/1.1)
HTTP/1.1 200 OK
Content-Type: application/json; charset=utf-8
cache-control: no-cache
content-length: 88

11:12:12.669 [AsyncHttpClient-1-7] DEBUG org.asynchttpclient.netty.channel.ChannelManager - Adding key: http://localhost:64255 for channel [id: 0x8f8323b4, L:/127.0.0.1:61228 - R:localhost/127.0.0.1:64255]
11:12:12.672 [Forwarding sendKeysToElement on session 24849b22330a43fbe9c974fb421c6905 to remote] DEBUG org.asynchttpclient.netty.request.NettyRequestSender - Using pooled Channel '[id: 0x8f8323b4, L:/127.0.0.1:61228 - R:localhost/127.0.0.1:64255]' for 'POST' to 'http://localhost:64255/session/24849b22330a43fbe9c974fb421c6905/element/04a66d54-0184-437f-acc4-d207fcf7d447/value'
11:12:12.672 [Forwarding sendKeysToElement on session 24849b22330a43fbe9c974fb421c6905 to remote] DEBUG org.asynchttpclient.netty.request.NettyRequestSender - Using open Channel [id: 0x8f8323b4, L:/127.0.0.1:61228 - R:localhost/127.0.0.1:64255] for POST '/session/24849b22330a43fbe9c974fb421c6905/element/04a66d54-0184-437f-acc4-d207fcf7d447/value'
11:12:12.942 [AsyncHttpClient-1-1] DEBUG org.asynchttpclient.netty.channel.DefaultChannelPool - Entry count for : http://localhost:61231 : 1
11:12:13.276 [AsyncHttpClient-1-7] DEBUG org.asynchttpclient.netty.handler.HttpHandler - 

Request DefaultHttpRequest(decodeResult: success, version: HTTP/1.1)
POST /session/24849b22330a43fbe9c974fb421c6905/element/04a66d54-0184-437f-acc4-d207fcf7d447/value HTTP/1.1
User-Agent: selenium/4.1.2 (java windows)
Content-Length: 191
Content-Type: application/json; charset=utf-8
host: localhost:64255
accept: */*

Response DefaultHttpResponse(decodeResult: success, version: HTTP/1.1)
HTTP/1.1 200 OK
Content-Type: application/json; charset=utf-8
cache-control: no-cache
content-length: 14

11:12:13.277 [AsyncHttpClient-1-7] DEBUG org.asynchttpclient.netty.channel.ChannelManager - Adding key: http://localhost:64255 for channel [id: 0x8f8323b4, L:/127.0.0.1:61228 - R:localhost/127.0.0.1:64255]
11:12:13.282 [Forwarding findElement on session 24849b22330a43fbe9c974fb421c6905 to remote] DEBUG org.asynchttpclient.netty.request.NettyRequestSender - Using pooled Channel '[id: 0x8f8323b4, L:/127.0.0.1:61228 - R:localhost/127.0.0.1:64255]' for 'POST' to 'http://localhost:64255/session/24849b22330a43fbe9c974fb421c6905/element'
11:12:13.282 [Forwarding findElement on session 24849b22330a43fbe9c974fb421c6905 to remote] DEBUG org.asynchttpclient.netty.request.NettyRequestSender - Using open Channel [id: 0x8f8323b4, L:/127.0.0.1:61228 - R:localhost/127.0.0.1:64255] for POST '/session/24849b22330a43fbe9c974fb421c6905/element'
11:12:13.344 [AsyncHttpClient-1-7] DEBUG org.asynchttpclient.netty.handler.HttpHandler - 

Request DefaultHttpRequest(decodeResult: success, version: HTTP/1.1)
POST /session/24849b22330a43fbe9c974fb421c6905/element HTTP/1.1
User-Agent: selenium/4.1.2 (java windows)
Content-Length: 173
Content-Type: application/json; charset=utf-8
host: localhost:64255
accept: */*

Response DefaultHttpResponse(decodeResult: success, version: HTTP/1.1)
HTTP/1.1 200 OK
Content-Type: application/json; charset=utf-8
cache-control: no-cache
content-length: 88

11:12:13.345 [AsyncHttpClient-1-7] DEBUG org.asynchttpclient.netty.channel.ChannelManager - Adding key: http://localhost:64255 for channel [id: 0x8f8323b4, L:/127.0.0.1:61228 - R:localhost/127.0.0.1:64255]
11:12:13.347 [Forwarding sendKeysToElement on session 24849b22330a43fbe9c974fb421c6905 to remote] DEBUG org.asynchttpclient.netty.request.NettyRequestSender - Using pooled Channel '[id: 0x8f8323b4, L:/127.0.0.1:61228 - R:localhost/127.0.0.1:64255]' for 'POST' to 'http://localhost:64255/session/24849b22330a43fbe9c974fb421c6905/element/b6361e79-7a3b-4985-a171-7ce8d7c50cfd/value'
11:12:13.347 [Forwarding sendKeysToElement on session 24849b22330a43fbe9c974fb421c6905 to remote] DEBUG org.asynchttpclient.netty.request.NettyRequestSender - Using open Channel [id: 0x8f8323b4, L:/127.0.0.1:61228 - R:localhost/127.0.0.1:64255] for POST '/session/24849b22330a43fbe9c974fb421c6905/element/b6361e79-7a3b-4985-a171-7ce8d7c50cfd/value'
11:12:13.883 [AsyncHttpClient-1-7] DEBUG org.asynchttpclient.netty.handler.HttpHandler - 

Request DefaultHttpRequest(decodeResult: success, version: HTTP/1.1)
POST /session/24849b22330a43fbe9c974fb421c6905/element/b6361e79-7a3b-4985-a171-7ce8d7c50cfd/value HTTP/1.1
User-Agent: selenium/4.1.2 (java windows)
Content-Length: 171
Content-Type: application/json; charset=utf-8
host: localhost:64255
accept: */*

Response DefaultHttpResponse(decodeResult: success, version: HTTP/1.1)
HTTP/1.1 200 OK
Content-Type: application/json; charset=utf-8
cache-control: no-cache
content-length: 14

11:12:13.883 [AsyncHttpClient-1-7] DEBUG org.asynchttpclient.netty.channel.ChannelManager - Adding key: http://localhost:64255 for channel [id: 0x8f8323b4, L:/127.0.0.1:61228 - R:localhost/127.0.0.1:64255]
11:12:13.899 [Forwarding screenshot on session 24849b22330a43fbe9c974fb421c6905 to remote] DEBUG org.asynchttpclient.netty.request.NettyRequestSender - Using pooled Channel '[id: 0x8f8323b4, L:/127.0.0.1:61228 - R:localhost/127.0.0.1:64255]' for 'GET' to 'http://localhost:64255/session/24849b22330a43fbe9c974fb421c6905/screenshot'
11:12:13.899 [Forwarding screenshot on session 24849b22330a43fbe9c974fb421c6905 to remote] DEBUG org.asynchttpclient.netty.request.NettyRequestSender - Using open Channel [id: 0x8f8323b4, L:/127.0.0.1:61228 - R:localhost/127.0.0.1:64255] for GET '/session/24849b22330a43fbe9c974fb421c6905/screenshot'
11:12:14.018 [AsyncHttpClient-1-1] DEBUG org.asynchttpclient.netty.channel.DefaultChannelPool - Entry count for : http://localhost:61231 : 1
11:12:14.286 [AsyncHttpClient-1-7] DEBUG org.asynchttpclient.netty.handler.HttpHandler - 

Request DefaultFullHttpRequest(decodeResult: success, version: HTTP/1.1, content: EmptyByteBufBE)
GET /session/24849b22330a43fbe9c974fb421c6905/screenshot HTTP/1.1
User-Agent: selenium/4.1.2 (java windows)
Cache-Control: no-cache
Content-Type: application/json; charset=utf-8
host: localhost:64255
accept: */*

Response DefaultHttpResponse(decodeResult: success, version: HTTP/1.1)
HTTP/1.1 200 OK
Content-Type: application/json; charset=utf-8
cache-control: no-cache
content-length: 405208

11:12:14.289 [AsyncHttpClient-1-7] DEBUG org.asynchttpclient.netty.channel.ChannelManager - Adding key: http://localhost:64255 for channel [id: 0x8f8323b4, L:/127.0.0.1:61228 - R:localhost/127.0.0.1:64255]
11:12:14.317 [main] DEBUG net.serenitybdd.core.photography.Darkroom - Send negative for processing for target\site\serenity\9dbf1ec1cfe650bb497b4ead095cf115952943e6ca452d24892ce4092e098503.png
11:12:14.318 [main] DEBUG net.thucydides.core.steps.StepInterceptor - STEP DONE: inputDataPasien
  &amp#27;[32mThen &amp#27;[0m&amp#27;[32mI input &amp#27;[0m&amp#27;[32m&amp#27;[1m"Bagas"&amp#27;[0m&amp#27;[32m &amp#27;[0m&amp#27;[32m&amp#27;[1m"1234479680"&amp#27;[0m&amp#27;[32m &amp#27;[0m&amp#27;[32m&amp#27;[1m"20"&amp#27;[0m&amp#27;[32m &amp#27;[0m&amp#27;[32m&amp#27;[1m"01294657612"&amp#27;[0m&amp#27;[32m &amp#27;[0m&amp#27;[32m&amp#27;[1m"perumahan"&amp#27;[0m&amp#27;[32m patient&amp#27;[0m &amp#27;[90m# starter.stepdefinitios.PatientDataSteps.iInput(java.lang.String,java.lang.String,java.lang.String,java.lang.String,java.lang.String)&amp#27;[0m
11:12:14.364 [main] DEBUG net.thucydides.core.steps.StepInterceptor - STARTING STEP: PatientDataSteps.clickButtonSimpan - clickButtonSave
11:12:14.374 [Forwarding findElement on session 24849b22330a43fbe9c974fb421c6905 to remote] DEBUG org.asynchttpclient.netty.request.NettyRequestSender - Using pooled Channel '[id: 0x8f8323b4, L:/127.0.0.1:61228 - R:localhost/127.0.0.1:64255]' for 'POST' to 'http://localhost:64255/session/24849b22330a43fbe9c974fb421c6905/element'
11:12:14.374 [Forwarding findElement on session 24849b22330a43fbe9c974fb421c6905 to remote] DEBUG org.asynchttpclient.netty.request.NettyRequestSender - Using open Channel [id: 0x8f8323b4, L:/127.0.0.1:61228 - R:localhost/127.0.0.1:64255] for POST '/session/24849b22330a43fbe9c974fb421c6905/element'
11:12:14.413 [AsyncHttpClient-1-7] DEBUG org.asynchttpclient.netty.handler.HttpHandler - 

Request DefaultHttpRequest(decodeResult: success, version: HTTP/1.1)
POST /session/24849b22330a43fbe9c974fb421c6905/element HTTP/1.1
User-Agent: selenium/4.1.2 (java windows)
Content-Length: 149
Content-Type: application/json; charset=utf-8
host: localhost:64255
accept: */*

Response DefaultHttpResponse(decodeResult: success, version: HTTP/1.1)
HTTP/1.1 200 OK
Content-Type: application/json; charset=utf-8
cache-control: no-cache
content-length: 88

11:12:14.414 [AsyncHttpClient-1-7] DEBUG org.asynchttpclient.netty.channel.ChannelManager - Adding key: http://localhost:64255 for channel [id: 0x8f8323b4, L:/127.0.0.1:61228 - R:localhost/127.0.0.1:64255]
11:12:14.417 [Forwarding getElementTagName on session 24849b22330a43fbe9c974fb421c6905 to remote] DEBUG org.asynchttpclient.netty.request.NettyRequestSender - Using pooled Channel '[id: 0x8f8323b4, L:/127.0.0.1:61228 - R:localhost/127.0.0.1:64255]' for 'GET' to 'http://localhost:64255/session/24849b22330a43fbe9c974fb421c6905/element/71c3d7d8-219a-41f2-833f-4eed04e9be01/name'
11:12:14.417 [Forwarding getElementTagName on session 24849b22330a43fbe9c974fb421c6905 to remote] DEBUG org.asynchttpclient.netty.request.NettyRequestSender - Using open Channel [id: 0x8f8323b4, L:/127.0.0.1:61228 - R:localhost/127.0.0.1:64255] for GET '/session/24849b22330a43fbe9c974fb421c6905/element/71c3d7d8-219a-41f2-833f-4eed04e9be01/name'
11:12:14.475 [AsyncHttpClient-1-7] DEBUG org.asynchttpclient.netty.handler.HttpHandler - 

Request DefaultFullHttpRequest(decodeResult: success, version: HTTP/1.1, content: EmptyByteBufBE)
GET /session/24849b22330a43fbe9c974fb421c6905/element/71c3d7d8-219a-41f2-833f-4eed04e9be01/name HTTP/1.1
User-Agent: selenium/4.1.2 (java windows)
Cache-Control: no-cache
Content-Type: application/json; charset=utf-8
host: localhost:64255
accept: */*

Response DefaultHttpResponse(decodeResult: success, version: HTTP/1.1)
HTTP/1.1 200 OK
Content-Type: application/json; charset=utf-8
cache-control: no-cache
content-length: 18

11:12:14.475 [AsyncHttpClient-1-7] DEBUG org.asynchttpclient.netty.channel.ChannelManager - Adding key: http://localhost:64255 for channel [id: 0x8f8323b4, L:/127.0.0.1:61228 - R:localhost/127.0.0.1:64255]
11:12:14.477 [Forwarding getElementTagName on session 24849b22330a43fbe9c974fb421c6905 to remote] DEBUG org.asynchttpclient.netty.request.NettyRequestSender - Using pooled Channel '[id: 0x8f8323b4, L:/127.0.0.1:61228 - R:localhost/127.0.0.1:64255]' for 'GET' to 'http://localhost:64255/session/24849b22330a43fbe9c974fb421c6905/element/71c3d7d8-219a-41f2-833f-4eed04e9be01/name'
11:12:14.477 [Forwarding getElementTagName on session 24849b22330a43fbe9c974fb421c6905 to remote] DEBUG org.asynchttpclient.netty.request.NettyRequestSender - Using open Channel [id: 0x8f8323b4, L:/127.0.0.1:61228 - R:localhost/127.0.0.1:64255] for GET '/session/24849b22330a43fbe9c974fb421c6905/element/71c3d7d8-219a-41f2-833f-4eed04e9be01/name'
11:12:14.486 [AsyncHttpClient-1-7] DEBUG org.asynchttpclient.netty.handler.HttpHandler - 

Request DefaultFullHttpRequest(decodeResult: success, version: HTTP/1.1, content: EmptyByteBufBE)
GET /session/24849b22330a43fbe9c974fb421c6905/element/71c3d7d8-219a-41f2-833f-4eed04e9be01/name HTTP/1.1
User-Agent: selenium/4.1.2 (java windows)
Cache-Control: no-cache
Content-Type: application/json; charset=utf-8
host: localhost:64255
accept: */*

Response DefaultHttpResponse(decodeResult: success, version: HTTP/1.1)
HTTP/1.1 200 OK
Content-Type: application/json; charset=utf-8
cache-control: no-cache
content-length: 18

11:12:14.486 [AsyncHttpClient-1-7] DEBUG org.asynchttpclient.netty.channel.ChannelManager - Adding key: http://localhost:64255 for channel [id: 0x8f8323b4, L:/127.0.0.1:61228 - R:localhost/127.0.0.1:64255]
11:12:14.492 [Forwarding isElementEnabled on session 24849b22330a43fbe9c974fb421c6905 to remote] DEBUG org.asynchttpclient.netty.request.NettyRequestSender - Using pooled Channel '[id: 0x8f8323b4, L:/127.0.0.1:61228 - R:localhost/127.0.0.1:64255]' for 'GET' to 'http://localhost:64255/session/24849b22330a43fbe9c974fb421c6905/element/71c3d7d8-219a-41f2-833f-4eed04e9be01/enabled'
11:12:14.492 [Forwarding isElementEnabled on session 24849b22330a43fbe9c974fb421c6905 to remote] DEBUG org.asynchttpclient.netty.request.NettyRequestSender - Using open Channel [id: 0x8f8323b4, L:/127.0.0.1:61228 - R:localhost/127.0.0.1:64255] for GET '/session/24849b22330a43fbe9c974fb421c6905/element/71c3d7d8-219a-41f2-833f-4eed04e9be01/enabled'
11:12:14.550 [AsyncHttpClient-1-7] DEBUG org.asynchttpclient.netty.handler.HttpHandler - 

Request DefaultFullHttpRequest(decodeResult: success, version: HTTP/1.1, content: EmptyByteBufBE)
GET /session/24849b22330a43fbe9c974fb421c6905/element/71c3d7d8-219a-41f2-833f-4eed04e9be01/enabled HTTP/1.1
User-Agent: selenium/4.1.2 (java windows)
Cache-Control: no-cache
Content-Type: application/json; charset=utf-8
host: localhost:64255
accept: */*

Response DefaultHttpResponse(decodeResult: success, version: HTTP/1.1)
HTTP/1.1 200 OK
Content-Type: application/json; charset=utf-8
cache-control: no-cache
content-length: 14

11:12:14.550 [AsyncHttpClient-1-7] DEBUG org.asynchttpclient.netty.channel.ChannelManager - Adding key: http://localhost:64255 for channel [id: 0x8f8323b4, L:/127.0.0.1:61228 - R:localhost/127.0.0.1:64255]
11:12:14.553 [Forwarding isElementEnabled on session 24849b22330a43fbe9c974fb421c6905 to remote] DEBUG org.asynchttpclient.netty.request.NettyRequestSender - Using pooled Channel '[id: 0x8f8323b4, L:/127.0.0.1:61228 - R:localhost/127.0.0.1:64255]' for 'GET' to 'http://localhost:64255/session/24849b22330a43fbe9c974fb421c6905/element/71c3d7d8-219a-41f2-833f-4eed04e9be01/enabled'
11:12:14.553 [Forwarding isElementEnabled on session 24849b22330a43fbe9c974fb421c6905 to remote] DEBUG org.asynchttpclient.netty.request.NettyRequestSender - Using open Channel [id: 0x8f8323b4, L:/127.0.0.1:61228 - R:localhost/127.0.0.1:64255] for GET '/session/24849b22330a43fbe9c974fb421c6905/element/71c3d7d8-219a-41f2-833f-4eed04e9be01/enabled'
11:12:14.576 [AsyncHttpClient-1-7] DEBUG org.asynchttpclient.netty.handler.HttpHandler - 

Request DefaultFullHttpRequest(decodeResult: success, version: HTTP/1.1, content: EmptyByteBufBE)
GET /session/24849b22330a43fbe9c974fb421c6905/element/71c3d7d8-219a-41f2-833f-4eed04e9be01/enabled HTTP/1.1
User-Agent: selenium/4.1.2 (java windows)
Cache-Control: no-cache
Content-Type: application/json; charset=utf-8
host: localhost:64255
accept: */*

Response DefaultHttpResponse(decodeResult: success, version: HTTP/1.1)
HTTP/1.1 200 OK
Content-Type: application/json; charset=utf-8
cache-control: no-cache
content-length: 14

11:12:14.577 [AsyncHttpClient-1-7] DEBUG org.asynchttpclient.netty.channel.ChannelManager - Adding key: http://localhost:64255 for channel [id: 0x8f8323b4, L:/127.0.0.1:61228 - R:localhost/127.0.0.1:64255]
11:12:14.580 [Forwarding findElement on session 24849b22330a43fbe9c974fb421c6905 to remote] DEBUG org.asynchttpclient.netty.request.NettyRequestSender - Using pooled Channel '[id: 0x8f8323b4, L:/127.0.0.1:61228 - R:localhost/127.0.0.1:64255]' for 'POST' to 'http://localhost:64255/session/24849b22330a43fbe9c974fb421c6905/element'
11:12:14.581 [Forwarding findElement on session 24849b22330a43fbe9c974fb421c6905 to remote] DEBUG org.asynchttpclient.netty.request.NettyRequestSender - Using open Channel [id: 0x8f8323b4, L:/127.0.0.1:61228 - R:localhost/127.0.0.1:64255] for POST '/session/24849b22330a43fbe9c974fb421c6905/element'
11:12:14.598 [AsyncHttpClient-1-7] DEBUG org.asynchttpclient.netty.handler.HttpHandler - 

Request DefaultHttpRequest(decodeResult: success, version: HTTP/1.1)
POST /session/24849b22330a43fbe9c974fb421c6905/element HTTP/1.1
User-Agent: selenium/4.1.2 (java windows)
Content-Length: 149
Content-Type: application/json; charset=utf-8
host: localhost:64255
accept: */*

Response DefaultHttpResponse(decodeResult: success, version: HTTP/1.1)
HTTP/1.1 200 OK
Content-Type: application/json; charset=utf-8
cache-control: no-cache
content-length: 88

11:12:14.599 [AsyncHttpClient-1-7] DEBUG org.asynchttpclient.netty.channel.ChannelManager - Adding key: http://localhost:64255 for channel [id: 0x8f8323b4, L:/127.0.0.1:61228 - R:localhost/127.0.0.1:64255]
11:12:14.600 [Forwarding clickElement on session 24849b22330a43fbe9c974fb421c6905 to remote] DEBUG org.asynchttpclient.netty.request.NettyRequestSender - Using pooled Channel '[id: 0x8f8323b4, L:/127.0.0.1:61228 - R:localhost/127.0.0.1:64255]' for 'POST' to 'http://localhost:64255/session/24849b22330a43fbe9c974fb421c6905/element/71c3d7d8-219a-41f2-833f-4eed04e9be01/click'
11:12:14.601 [Forwarding clickElement on session 24849b22330a43fbe9c974fb421c6905 to remote] DEBUG org.asynchttpclient.netty.request.NettyRequestSender - Using open Channel [id: 0x8f8323b4, L:/127.0.0.1:61228 - R:localhost/127.0.0.1:64255] for POST '/session/24849b22330a43fbe9c974fb421c6905/element/71c3d7d8-219a-41f2-833f-4eed04e9be01/click'
11:12:14.881 [AsyncHttpClient-1-7] DEBUG org.asynchttpclient.netty.handler.HttpHandler - 

Request DefaultHttpRequest(decodeResult: success, version: HTTP/1.1)
POST /session/24849b22330a43fbe9c974fb421c6905/element/71c3d7d8-219a-41f2-833f-4eed04e9be01/click HTTP/1.1
User-Agent: selenium/4.1.2 (java windows)
Content-Length: 50
Content-Type: application/json; charset=utf-8
host: localhost:64255
accept: */*

Response DefaultHttpResponse(decodeResult: success, version: HTTP/1.1)
HTTP/1.1 200 OK
Content-Type: application/json; charset=utf-8
cache-control: no-cache
content-length: 14

11:12:14.881 [AsyncHttpClient-1-7] DEBUG org.asynchttpclient.netty.channel.ChannelManager - Adding key: http://localhost:64255 for channel [id: 0x8f8323b4, L:/127.0.0.1:61228 - R:localhost/127.0.0.1:64255]
11:12:14.895 [Forwarding screenshot on session 24849b22330a43fbe9c974fb421c6905 to remote] DEBUG org.asynchttpclient.netty.request.NettyRequestSender - Using pooled Channel '[id: 0x8f8323b4, L:/127.0.0.1:61228 - R:localhost/127.0.0.1:64255]' for 'GET' to 'http://localhost:64255/session/24849b22330a43fbe9c974fb421c6905/screenshot'
11:12:14.895 [Forwarding screenshot on session 24849b22330a43fbe9c974fb421c6905 to remote] DEBUG org.asynchttpclient.netty.request.NettyRequestSender - Using open Channel [id: 0x8f8323b4, L:/127.0.0.1:61228 - R:localhost/127.0.0.1:64255] for GET '/session/24849b22330a43fbe9c974fb421c6905/screenshot'
11:12:15.169 [AsyncHttpClient-1-1] DEBUG org.asynchttpclient.netty.channel.DefaultChannelPool - Entry count for : http://localhost:61231 : 1
11:12:15.968 [AsyncHttpClient-1-7] DEBUG org.asynchttpclient.netty.handler.HttpHandler - 

Request DefaultFullHttpRequest(decodeResult: success, version: HTTP/1.1, content: EmptyByteBufBE)
GET /session/24849b22330a43fbe9c974fb421c6905/screenshot HTTP/1.1
User-Agent: selenium/4.1.2 (java windows)
Cache-Control: no-cache
Content-Type: application/json; charset=utf-8
host: localhost:64255
accept: */*

Response DefaultHttpResponse(decodeResult: success, version: HTTP/1.1)
HTTP/1.1 200 OK
Content-Type: application/json; charset=utf-8
cache-control: no-cache
content-length: 405336

11:12:15.971 [AsyncHttpClient-1-7] DEBUG org.asynchttpclient.netty.channel.ChannelManager - Adding key: http://localhost:64255 for channel [id: 0x8f8323b4, L:/127.0.0.1:61228 - R:localhost/127.0.0.1:64255]
11:12:16.100 [main] DEBUG net.serenitybdd.core.photography.Darkroom - Send negative for processing for target\site\serenity\ddabced5bcb81c44afbf757ba93ffde7e93b1b975b211ff592c251f632cd1d78.png
11:12:16.100 [main] DEBUG net.thucydides.core.steps.StepInterceptor - STEP DONE: clickButtonSave
  &amp#27;[32mAnd &amp#27;[0m&amp#27;[32mClick button simpan&amp#27;[0m                                                  &amp#27;[90m# starter.stepdefinitios.PatientDataSteps.clickButtonSimpan()&amp#27;[0m
11:12:16.118 [Darkroom Processing Line] DEBUG net.serenitybdd.core.photography.DarkroomProcessingLine - Processing screenshot image in /var/screenshots/screenshot-4516062764195667379
11:12:16.119 [Darkroom Processing Line] DEBUG net.serenitybdd.core.photography.DarkroomProcessingLine - Saving screenshot to target\site\serenity\ddabced5bcb81c44afbf757ba93ffde7e93b1b975b211ff592c251f632cd1d78.png
11:12:16.199 [Forwarding screenshot on session 24849b22330a43fbe9c974fb421c6905 to remote] DEBUG org.asynchttpclient.netty.request.NettyRequestSender - Using pooled Channel '[id: 0x8f8323b4, L:/127.0.0.1:61228 - R:localhost/127.0.0.1:64255]' for 'GET' to 'http://localhost:64255/session/24849b22330a43fbe9c974fb421c6905/screenshot'
11:12:16.199 [Forwarding screenshot on session 24849b22330a43fbe9c974fb421c6905 to remote] DEBUG org.asynchttpclient.netty.request.NettyRequestSender - Using open Channel [id: 0x8f8323b4, L:/127.0.0.1:61228 - R:localhost/127.0.0.1:64255] for GET '/session/24849b22330a43fbe9c974fb421c6905/screenshot'
11:12:16.331 [AsyncHttpClient-1-1] DEBUG org.asynchttpclient.netty.channel.DefaultChannelPool - Entry count for : http://localhost:61231 : 1
11:12:16.502 [AsyncHttpClient-1-7] DEBUG org.asynchttpclient.netty.handler.HttpHandler - 

Request DefaultFullHttpRequest(decodeResult: success, version: HTTP/1.1, content: EmptyByteBufBE)
GET /session/24849b22330a43fbe9c974fb421c6905/screenshot HTTP/1.1
User-Agent: selenium/4.1.2 (java windows)
Cache-Control: no-cache
Content-Type: application/json; charset=utf-8
host: localhost:64255
accept: */*

Response DefaultHttpResponse(decodeResult: success, version: HTTP/1.1)
HTTP/1.1 500 Internal Server Error
Content-Type: application/json; charset=utf-8
cache-control: no-cache
content-length: 921

11:12:16.502 [AsyncHttpClient-1-7] DEBUG org.asynchttpclient.netty.channel.ChannelManager - Adding key: http://localhost:64255 for channel [id: 0x8f8323b4, L:/127.0.0.1:61228 - R:localhost/127.0.0.1:64255]
11:12:16.504 [main] WARN net.thucydides.core.webdriver.WebDriverFacade - Failed to take screenshot (unexpected alert open: {Alert text : Data telah ditambah}
  (Session info: chrome=102.0.5005.115): Data telah ditambah
Build info: version: '4.1.2', revision: '9a5a329c5a'
System info: host: 'MOOK-HON', ip: '192.168.100.6', os.name: 'Windows 10', os.arch: 'amd64', os.version: '10.0', java.version: '11.0.14'
Driver info: org.openqa.selenium.chrome.ChromeDriver
Command: [24849b22330a43fbe9c974fb421c6905, screenshot {}]
Capabilities {acceptInsecureCerts: false, browserName: chrome, browserVersion: 102.0.5005.115, chrome: {chromedriverVersion: 102.0.5005.61 (0e59bcc00cc4..., userDataDir: C:\Users\ASUS\AppData\Local...}, goog:chromeOptions: {debuggerAddress: localhost:61231}, javascriptEnabled: true, networkConnectionEnabled: false, pageLoadStrategy: normal, platform: WINDOWS, platformName: WINDOWS, proxy: Proxy(), se:cdp: ws://localhost:61231/devtoo..., se:cdpVersion: 102.0.5005.115, setWindowRect: true, strictFileInteractability: false, timeouts: {implicit: 0, pageLoad: 300000, script: 30000}, unhandledPromptBehavior: dismiss and notify, webauthn:extension:credBlob: true, webauthn:extension:largeBlob: true, webauthn:virtualAuthenticators: true}
Session ID: 24849b22330a43fbe9c974fb421c6905)
11:12:16.535 [Forwarding screenshot on session 24849b22330a43fbe9c974fb421c6905 to remote] DEBUG org.asynchttpclient.netty.request.NettyRequestSender - Using pooled Channel '[id: 0x8f8323b4, L:/127.0.0.1:61228 - R:localhost/127.0.0.1:64255]' for 'GET' to 'http://localhost:64255/session/24849b22330a43fbe9c974fb421c6905/screenshot'
11:12:16.536 [Forwarding screenshot on session 24849b22330a43fbe9c974fb421c6905 to remote] DEBUG org.asynchttpclient.netty.request.NettyRequestSender - Using open Channel [id: 0x8f8323b4, L:/127.0.0.1:61228 - R:localhost/127.0.0.1:64255] for GET '/session/24849b22330a43fbe9c974fb421c6905/screenshot'
11:12:17.436 [AsyncHttpClient-1-1] DEBUG org.asynchttpclient.netty.channel.DefaultChannelPool - Entry count for : http://localhost:61231 : 1
11:12:17.980 [AsyncHttpClient-1-7] DEBUG org.asynchttpclient.netty.handler.HttpHandler - 

Request DefaultFullHttpRequest(decodeResult: success, version: HTTP/1.1, content: EmptyByteBufBE)
GET /session/24849b22330a43fbe9c974fb421c6905/screenshot HTTP/1.1
User-Agent: selenium/4.1.2 (java windows)
Cache-Control: no-cache
Content-Type: application/json; charset=utf-8
host: localhost:64255
accept: */*

Response DefaultHttpResponse(decodeResult: success, version: HTTP/1.1)
HTTP/1.1 200 OK
Content-Type: application/json; charset=utf-8
cache-control: no-cache
content-length: 397960

11:12:17.983 [AsyncHttpClient-1-7] DEBUG org.asynchttpclient.netty.channel.ChannelManager - Adding key: http://localhost:64255 for channel [id: 0x8f8323b4, L:/127.0.0.1:61228 - R:localhost/127.0.0.1:64255]
11:12:18.024 [main] DEBUG net.serenitybdd.core.photography.Darkroom - Send negative for processing for target\site\serenity\cbeceb493b3cc14d3791ff263ea0078986a8fbc23e395c454f06e0ce9a24f68d.png
11:12:18.518 [AsyncHttpClient-1-1] DEBUG org.asynchttpclient.netty.channel.DefaultChannelPool - Entry count for : http://localhost:64255 : 1
11:12:18.518 [AsyncHttpClient-1-1] DEBUG org.asynchttpclient.netty.channel.DefaultChannelPool - Entry count for : http://localhost:61231 : 1
11:12:18.552 [Forwarding screenshot on session 24849b22330a43fbe9c974fb421c6905 to remote] DEBUG org.asynchttpclient.netty.request.NettyRequestSender - Using pooled Channel '[id: 0x8f8323b4, L:/127.0.0.1:61228 - R:localhost/127.0.0.1:64255]' for 'GET' to 'http://localhost:64255/session/24849b22330a43fbe9c974fb421c6905/screenshot'
11:12:18.552 [Forwarding screenshot on session 24849b22330a43fbe9c974fb421c6905 to remote] DEBUG org.asynchttpclient.netty.request.NettyRequestSender - Using open Channel [id: 0x8f8323b4, L:/127.0.0.1:61228 - R:localhost/127.0.0.1:64255] for GET '/session/24849b22330a43fbe9c974fb421c6905/screenshot'
11:12:18.929 [AsyncHttpClient-1-7] DEBUG org.asynchttpclient.netty.handler.HttpHandler - 

Request DefaultFullHttpRequest(decodeResult: success, version: HTTP/1.1, content: EmptyByteBufBE)
GET /session/24849b22330a43fbe9c974fb421c6905/screenshot HTTP/1.1
User-Agent: selenium/4.1.2 (java windows)
Cache-Control: no-cache
Content-Type: application/json; charset=utf-8
host: localhost:64255
accept: */*

Response DefaultHttpResponse(decodeResult: success, version: HTTP/1.1)
HTTP/1.1 200 OK
Content-Type: application/json; charset=utf-8
cache-control: no-cache
content-length: 397960

11:12:18.931 [AsyncHttpClient-1-7] DEBUG org.asynchttpclient.netty.channel.ChannelManager - Adding key: http://localhost:64255 for channel [id: 0x8f8323b4, L:/127.0.0.1:61228 - R:localhost/127.0.0.1:64255]
11:12:18.971 [main] DEBUG net.serenitybdd.core.photography.Darkroom - Send negative for processing for target\site\serenity\cbeceb493b3cc14d3791ff263ea0078986a8fbc23e395c454f06e0ce9a24f68d.png
11:12:18.972 [main] DEBUG net.thucydides.core.steps.StepInterceptor - STARTING STEP: PatientDataSteps.validDataPasien - checkValidDataPasien
11:12:19.019 [Forwarding findElement on session 24849b22330a43fbe9c974fb421c6905 to remote] DEBUG org.asynchttpclient.netty.request.NettyRequestSender - Using pooled Channel '[id: 0x8f8323b4, L:/127.0.0.1:61228 - R:localhost/127.0.0.1:64255]' for 'POST' to 'http://localhost:64255/session/24849b22330a43fbe9c974fb421c6905/element'
11:12:19.019 [Forwarding findElement on session 24849b22330a43fbe9c974fb421c6905 to remote] DEBUG org.asynchttpclient.netty.request.NettyRequestSender - Using open Channel [id: 0x8f8323b4, L:/127.0.0.1:61228 - R:localhost/127.0.0.1:64255] for POST '/session/24849b22330a43fbe9c974fb421c6905/element'
11:12:19.273 [AsyncHttpClient-1-7] DEBUG org.asynchttpclient.netty.handler.HttpHandler - 

Request DefaultHttpRequest(decodeResult: success, version: HTTP/1.1)
POST /session/24849b22330a43fbe9c974fb421c6905/element HTTP/1.1
User-Agent: selenium/4.1.2 (java windows)
Content-Length: 95
Content-Type: application/json; charset=utf-8
host: localhost:64255
accept: */*

Response DefaultHttpResponse(decodeResult: success, version: HTTP/1.1)
HTTP/1.1 200 OK
Content-Type: application/json; charset=utf-8
cache-control: no-cache
content-length: 88

11:12:19.274 [AsyncHttpClient-1-7] DEBUG org.asynchttpclient.netty.channel.ChannelManager - Adding key: http://localhost:64255 for channel [id: 0x8f8323b4, L:/127.0.0.1:61228 - R:localhost/127.0.0.1:64255]
11:12:19.276 [Forwarding isElementEnabled on session 24849b22330a43fbe9c974fb421c6905 to remote] DEBUG org.asynchttpclient.netty.request.NettyRequestSender - Using pooled Channel '[id: 0x8f8323b4, L:/127.0.0.1:61228 - R:localhost/127.0.0.1:64255]' for 'GET' to 'http://localhost:64255/session/24849b22330a43fbe9c974fb421c6905/element/078302dc-af6f-4201-ae99-d3eb29f1609a/enabled'
11:12:19.276 [Forwarding isElementEnabled on session 24849b22330a43fbe9c974fb421c6905 to remote] DEBUG org.asynchttpclient.netty.request.NettyRequestSender - Using open Channel [id: 0x8f8323b4, L:/127.0.0.1:61228 - R:localhost/127.0.0.1:64255] for GET '/session/24849b22330a43fbe9c974fb421c6905/element/078302dc-af6f-4201-ae99-d3eb29f1609a/enabled'
11:12:19.316 [AsyncHttpClient-1-7] DEBUG org.asynchttpclient.netty.handler.HttpHandler - 

Request DefaultFullHttpRequest(decodeResult: success, version: HTTP/1.1, content: EmptyByteBufBE)
GET /session/24849b22330a43fbe9c974fb421c6905/element/078302dc-af6f-4201-ae99-d3eb29f1609a/enabled HTTP/1.1
User-Agent: selenium/4.1.2 (java windows)
Cache-Control: no-cache
Content-Type: application/json; charset=utf-8
host: localhost:64255
accept: */*

Response DefaultHttpResponse(decodeResult: success, version: HTTP/1.1)
HTTP/1.1 200 OK
Content-Type: application/json; charset=utf-8
cache-control: no-cache
content-length: 14

11:12:19.317 [AsyncHttpClient-1-7] DEBUG org.asynchttpclient.netty.channel.ChannelManager - Adding key: http://localhost:64255 for channel [id: 0x8f8323b4, L:/127.0.0.1:61228 - R:localhost/127.0.0.1:64255]
11:12:19.329 [Forwarding screenshot on session 24849b22330a43fbe9c974fb421c6905 to remote] DEBUG org.asynchttpclient.netty.request.NettyRequestSender - Using pooled Channel '[id: 0x8f8323b4, L:/127.0.0.1:61228 - R:localhost/127.0.0.1:64255]' for 'GET' to 'http://localhost:64255/session/24849b22330a43fbe9c974fb421c6905/screenshot'
11:12:19.329 [Forwarding screenshot on session 24849b22330a43fbe9c974fb421c6905 to remote] DEBUG org.asynchttpclient.netty.request.NettyRequestSender - Using open Channel [id: 0x8f8323b4, L:/127.0.0.1:61228 - R:localhost/127.0.0.1:64255] for GET '/session/24849b22330a43fbe9c974fb421c6905/screenshot'
11:12:19.616 [AsyncHttpClient-1-1] DEBUG org.asynchttpclient.netty.channel.DefaultChannelPool - Entry count for : http://localhost:61231 : 1
11:12:19.722 [AsyncHttpClient-1-7] DEBUG org.asynchttpclient.netty.handler.HttpHandler - 

Request DefaultFullHttpRequest(decodeResult: success, version: HTTP/1.1, content: EmptyByteBufBE)
GET /session/24849b22330a43fbe9c974fb421c6905/screenshot HTTP/1.1
User-Agent: selenium/4.1.2 (java windows)
Cache-Control: no-cache
Content-Type: application/json; charset=utf-8
host: localhost:64255
accept: */*

Response DefaultHttpResponse(decodeResult: success, version: HTTP/1.1)
HTTP/1.1 200 OK
Content-Type: application/json; charset=utf-8
cache-control: no-cache
content-length: 397960

11:12:19.726 [AsyncHttpClient-1-7] DEBUG org.asynchttpclient.netty.channel.ChannelManager - Adding key: http://localhost:64255 for channel [id: 0x8f8323b4, L:/127.0.0.1:61228 - R:localhost/127.0.0.1:64255]
11:12:19.759 [main] DEBUG net.serenitybdd.core.photography.Darkroom - Send negative for processing for target\site\serenity\cbeceb493b3cc14d3791ff263ea0078986a8fbc23e395c454f06e0ce9a24f68d.png
11:12:19.759 [main] DEBUG net.thucydides.core.steps.StepInterceptor - STEP DONE: checkValidDataPasien
  &amp#27;[32mAnd &amp#27;[0m&amp#27;[32mValid data pasien&amp#27;[0m                                                    &amp#27;[90m# starter.stepdefinitios.PatientDataSteps.validDataPasien()&amp#27;[0m
11:12:19.837 [AsyncHttpClient-1-9] DEBUG org.asynchttpclient.netty.handler.WebSocketHandler - Channel Closed: [id: 0xfff87b50, L:/127.0.0.1:61241 ! R:localhost/127.0.0.1:61231] with attribute NettyResponseFuture{currentRetry=5,
	isDone=1,
	isCancelled=0,
	asyncHandler=org.asynchttpclient.ws.WebSocketUpgradeHandler@5e3a6b8f,
	nettyRequest=org.asynchttpclient.netty.request.NettyRequest@ccf988d,
	future=java.util.concurrent.CompletableFuture@49855d22[Completed normally],
	uri=ws://localhost:61231/devtools/browser/337e4351-32f9-4e52-93a6-1120ca56e33a,
	keepAlive=true,
	redirectCount=0,
	timeoutsHolder=null,
	inAuth=0,
	touch=1655525525996}
11:12:19.837 [AsyncHttpClient-1-9] DEBUG org.asynchttpclient.netty.channel.ChannelManager - Closing Channel [id: 0xfff87b50, L:/127.0.0.1:61241 ! R:localhost/127.0.0.1:61231] 
11:12:19.850 [Driver Command Executor] DEBUG org.asynchttpclient.netty.request.NettyRequestSender - Using pooled Channel '[id: 0x8f8323b4, L:/127.0.0.1:61228 - R:localhost/127.0.0.1:64255]' for 'DELETE' to 'http://localhost:64255/session/24849b22330a43fbe9c974fb421c6905'
11:12:19.850 [Driver Command Executor] DEBUG org.asynchttpclient.netty.request.NettyRequestSender - Using open Channel [id: 0x8f8323b4, L:/127.0.0.1:61228 - R:localhost/127.0.0.1:64255] for DELETE '/session/24849b22330a43fbe9c974fb421c6905'
11:12:20.350 [AsyncHttpClient-1-8] DEBUG org.asynchttpclient.netty.handler.HttpHandler - Unexpected I/O exception on channel [id: 0x46cc5032, L:/127.0.0.1:61240 - R:localhost/127.0.0.1:61231]
java.io.IOException: An existing connection was forcibly closed by the remote host
	at java.base/sun.nio.ch.SocketDispatcher.read0(Native Method)
	at java.base/sun.nio.ch.SocketDispatcher.read(SocketDispatcher.java:43)
	at java.base/sun.nio.ch.IOUtil.readIntoNativeBuffer(IOUtil.java:276)
	at java.base/sun.nio.ch.IOUtil.read(IOUtil.java:233)
	at java.base/sun.nio.ch.IOUtil.read(IOUtil.java:223)
	at java.base/sun.nio.ch.SocketChannelImpl.read(SocketChannelImpl.java:358)
	at io.netty.buffer.PooledByteBuf.setBytes(PooledByteBuf.java:258)
	at io.netty.buffer.AbstractByteBuf.writeBytes(AbstractByteBuf.java:1132)
	at io.netty.channel.socket.nio.NioSocketChannel.doReadBytes(NioSocketChannel.java:350)
	at io.netty.channel.nio.AbstractNioByteChannel$NioByteUnsafe.read(AbstractNioByteChannel.java:151)
	at io.netty.channel.nio.NioEventLoop.processSelectedKey(NioEventLoop.java:722)
	at io.netty.channel.nio.NioEventLoop.processSelectedKeysOptimized(NioEventLoop.java:658)
	at io.netty.channel.nio.NioEventLoop.processSelectedKeys(NioEventLoop.java:584)
	at io.netty.channel.nio.NioEventLoop.run(NioEventLoop.java:496)
	at io.netty.util.concurrent.SingleThreadEventExecutor$4.run(SingleThreadEventExecutor.java:986)
	at io.netty.util.internal.ThreadExecutorMap$2.run(ThreadExecutorMap.java:74)
	at io.netty.util.concurrent.FastThreadLocalRunnable.run(FastThreadLocalRunnable.java:30)
	at java.base/java.lang.Thread.run(Thread.java:834)
11:12:20.351 [AsyncHttpClient-1-8] DEBUG org.asynchttpclient.netty.channel.ChannelManager - Closing Channel [id: 0x46cc5032, L:/127.0.0.1:61240 - R:localhost/127.0.0.1:61231] 
11:12:20.351 [AsyncHttpClient-1-8] DEBUG org.asynchttpclient.netty.handler.HttpHandler - Channel Closed: [id: 0x46cc5032, L:/127.0.0.1:61240 ! R:localhost/127.0.0.1:61231] with attribute DISCARD
11:12:20.483 [AsyncHttpClient-1-7] DEBUG org.asynchttpclient.netty.handler.HttpHandler - 

Request DefaultFullHttpRequest(decodeResult: success, version: HTTP/1.1, content: EmptyByteBufBE)
DELETE /session/24849b22330a43fbe9c974fb421c6905 HTTP/1.1
User-Agent: selenium/4.1.2 (java windows)
Content-Type: application/json; charset=utf-8
host: localhost:64255
accept: */*

Response DefaultHttpResponse(decodeResult: success, version: HTTP/1.1)
HTTP/1.1 200 OK
Content-Type: application/json; charset=utf-8
cache-control: no-cache
content-length: 14

11:12:20.484 [AsyncHttpClient-1-7] DEBUG org.asynchttpclient.netty.channel.ChannelManager - Adding key: http://localhost:64255 for channel [id: 0x8f8323b4, L:/127.0.0.1:61228 - R:localhost/127.0.0.1:64255]
11:12:20.721 [AsyncHttpClient-1-1] DEBUG org.asynchttpclient.netty.channel.DefaultChannelPool - Entry count for : http://localhost:64255 : 1
11:12:20.721 [AsyncHttpClient-1-1] DEBUG org.asynchttpclient.netty.channel.DefaultChannelPool - Entry count for : http://localhost:61231 : 1
11:12:20.721 [AsyncHttpClient-1-1] DEBUG org.asynchttpclient.netty.channel.DefaultChannelPool - Adding Candidate expired Channel [id: 0x46cc5032, L:/127.0.0.1:61240 ! R:localhost/127.0.0.1:61231] isIdleTimeoutExpired=false isRemotelyClosed=true isTtlExpired=false
11:12:20.721 [AsyncHttpClient-1-1] DEBUG org.asynchttpclient.netty.channel.DefaultChannelPool - Closing Idle Channel [id: 0x46cc5032, L:/127.0.0.1:61240 ! R:localhost/127.0.0.1:61231]
11:12:20.722 [AsyncHttpClient-1-1] DEBUG org.asynchttpclient.netty.channel.DefaultChannelPool - Closed 1 connections out of 2 in 0 ms
11:12:21.505 [AsyncHttpClient-1-7] DEBUG org.asynchttpclient.netty.handler.HttpHandler - Unexpected I/O exception on channel [id: 0x8f8323b4, L:/127.0.0.1:61228 - R:localhost/127.0.0.1:64255]
java.io.IOException: An existing connection was forcibly closed by the remote host
	at java.base/sun.nio.ch.SocketDispatcher.read0(Native Method)
	at java.base/sun.nio.ch.SocketDispatcher.read(SocketDispatcher.java:43)
	at java.base/sun.nio.ch.IOUtil.readIntoNativeBuffer(IOUtil.java:276)
	at java.base/sun.nio.ch.IOUtil.read(IOUtil.java:233)
	at java.base/sun.nio.ch.IOUtil.read(IOUtil.java:223)
	at java.base/sun.nio.ch.SocketChannelImpl.read(SocketChannelImpl.java:358)
	at io.netty.buffer.PooledByteBuf.setBytes(PooledByteBuf.java:258)
	at io.netty.buffer.AbstractByteBuf.writeBytes(AbstractByteBuf.java:1132)
	at io.netty.channel.socket.nio.NioSocketChannel.doReadBytes(NioSocketChannel.java:350)
	at io.netty.channel.nio.AbstractNioByteChannel$NioByteUnsafe.read(AbstractNioByteChannel.java:151)
	at io.netty.channel.nio.NioEventLoop.processSelectedKey(NioEventLoop.java:722)
	at io.netty.channel.nio.NioEventLoop.processSelectedKeysOptimized(NioEventLoop.java:658)
	at io.netty.channel.nio.NioEventLoop.processSelectedKeys(NioEventLoop.java:584)
	at io.netty.channel.nio.NioEventLoop.run(NioEventLoop.java:496)
	at io.netty.util.concurrent.SingleThreadEventExecutor$4.run(SingleThreadEventExecutor.java:986)
	at io.netty.util.internal.ThreadExecutorMap$2.run(ThreadExecutorMap.java:74)
	at io.netty.util.concurrent.FastThreadLocalRunnable.run(FastThreadLocalRunnable.java:30)
	at java.base/java.lang.Thread.run(Thread.java:834)
11:12:21.506 [AsyncHttpClient-1-7] DEBUG org.asynchttpclient.netty.channel.ChannelManager - Closing Channel [id: 0x8f8323b4, L:/127.0.0.1:61228 - R:localhost/127.0.0.1:64255] 
11:12:21.506 [AsyncHttpClient-1-7] DEBUG org.asynchttpclient.netty.handler.HttpHandler - Channel Closed: [id: 0x8f8323b4, L:/127.0.0.1:61228 ! R:localhost/127.0.0.1:64255] with attribute DISCARD
11:12:21.564 [main] INFO  - 
  _____   ___   ___   _____     ___     _     ___   ___   ___   ___  
 |_   _| | __| / __| |_   _|   | _ \   /_\   / __| / __| | __| |   \ 
   | |   | _|  \__ \   | |     |  _/  / _ \  \__ \ \__ \ | _|  | |) |
   |_|   |___| |___/   |_|     |_|   /_/ \_\ |___/ |___/ |___| |___/ 

As a admin i want to add data pasien but not gander
----------------------------------------------------------------------
]]></system-out>
    <system-err><![CDATA[Starting ChromeDriver 102.0.5005.61 (0e59bcc00cc4985ce39ad31c150065f159d95ad3-refs/branch-heads/5005@{#819}) on port 64255
Only local connections are allowed.
Please see https://chromedriver.chromium.org/security-considerations for suggestions on keeping ChromeDriver safe.
ChromeDriver was started successfully.
Jun 18, 2022 11:12:05 AM org.openqa.selenium.remote.ProtocolHandshake createSession
INFO: Detected dialect: W3C
Jun 18, 2022 11:12:06 AM org.openqa.selenium.devtools.CdpVersionFinder findNearestMatch
WARNING: Unable to find an exact match for CDP version 102, so returning the closest version found: a no-op implementation
Jun 18, 2022 11:12:06 AM org.openqa.selenium.devtools.CdpVersionFinder findNearestMatch
INFO: Unable to find CDP implementation matching 102.
Jun 18, 2022 11:12:06 AM org.openqa.selenium.chromium.ChromiumDriver lambda$new$3
WARNING: Unable to find version of CDP to use for . You may need to include a dependency on a specific version of the CDP using something similar to `org.seleniumhq.selenium:selenium-devtools-v86:4.1.2` where the version ("v86") matches the version of the chromium-based browser you're using and the version number of the artifact is the same as Selenium's.
]]></system-err>
  </testcase>
  <testcase name="As a admin i want to delete data pasien" classname="Delete Data Pasien - Admin" time="9.532">
    <system-out><![CDATA[11:12:21.568 [main] INFO io.cucumber.core.plugin.SerenityReporter - Running feature from file:///D:/New%20folder%20(2)/Capstone/Testing/src/test/resources/features/DeleteDataPasien.feature
11:12:21.580 [main] DEBUG net.thucydides.core.steps.StepEventBus - Test suite started for story net.thucydides.core.model.Story@2eef629a
11:12:21.581 [main] INFO  - Test Suite Started: Delete Data Pasien - Admin

@DeleteDataPasien @YesDeletePatientData
Scenario: As a admin i want to delete data pasien &amp#27;[90m# src/test/resources/features/DeleteDataPasien.feature:5&amp#27;[0m
11:12:21.597 [main] INFO io.cucumber.core.plugin.SerenityReporter - Running feature from file:///D:/New%20folder%20(2)/Capstone/Testing/src/test/resources/features/DeleteDataPasien.feature
11:12:21.618 [main] INFO  - 
  _____   ___   ___   _____     ___   _____     _     ___   _____   ___   ___  
 |_   _| | __| / __| |_   _|   / __| |_   _|   /_\   | _ \ |_   _| | __| |   \ 
   | |   | _|  \__ \   | |     \__ \   | |    / _ \  |   /   | |   | _|  | |) |
   |_|   |___| |___/   |_|     |___/   |_|   /_/ \_\ |_|_\   |_|   |___| |___/ 

As a admin i want to delete data pasien(delete-data-pasien---admin;as-a-admin-i-want-to-delete-data-pasien)
--------------------------------------------------------------------------------
11:12:21.734 [main] DEBUG net.thucydides.core.steps.StepInterceptor - STARTING STEP: PatientDataSteps.openPageDataPasien - openDataPasien
11:12:21.766 [main] INFO net.serenitybdd.core.webdriver.driverproviders.ChromeDriverProvider - Using automatically driver download
11:12:21.821 [AsyncHttpClient-1-1] DEBUG org.asynchttpclient.netty.channel.DefaultChannelPool - Entry count for : http://localhost:64255 : 1
11:12:21.821 [AsyncHttpClient-1-1] DEBUG org.asynchttpclient.netty.channel.DefaultChannelPool - Adding Candidate expired Channel [id: 0x8f8323b4, L:/127.0.0.1:61228 ! R:localhost/127.0.0.1:64255] isIdleTimeoutExpired=false isRemotelyClosed=true isTtlExpired=false
11:12:21.821 [AsyncHttpClient-1-1] DEBUG org.asynchttpclient.netty.channel.DefaultChannelPool - Closing Idle Channel [id: 0x8f8323b4, L:/127.0.0.1:61228 ! R:localhost/127.0.0.1:64255]
11:12:21.822 [AsyncHttpClient-1-1] DEBUG org.asynchttpclient.netty.channel.DefaultChannelPool - Closed 1 connections out of 1 in 1 ms
11:12:22.154 [main] DEBUG io.github.bonigarcia.wdm.cache.ResolutionCache - Resolution chrome=102 in cache (valid until 12:10:27 18/06/2022 ICT)
11:12:22.172 [main] DEBUG io.github.bonigarcia.wdm.cache.ResolutionCache - Resolution chrome102=102.0.5005.61 in cache (valid until 19:49:35 18/06/2022 ICT)
11:12:22.183 [main] INFO io.github.bonigarcia.wdm.WebDriverManager - Using chromedriver 102.0.5005.61 (resolved driver for Chrome 102)
11:12:22.237 [main] DEBUG io.github.bonigarcia.wdm.WebDriverManager - Driver chromedriver 102.0.5005.61 found in cache
11:12:22.240 [main] INFO io.github.bonigarcia.wdm.WebDriverManager - Exporting webdriver.chrome.driver as C:\Users\ASUS\.cache\selenium\chromedriver\win32\102.0.5005.61\chromedriver.exe
11:12:22.521 [main] DEBUG net.serenitybdd.core.webdriver.driverproviders.ProvideNewDriver - Instantiating driver
11:12:22.521 [main] DEBUG net.serenitybdd.core.webdriver.driverproviders.ProvideNewDriver - Driver capabilities: Capabilities {acceptInsecureCerts: false, base.url: https://fanciful-trifle-360..., browserName: chrome, chore.driver: src/test/resources/webdrive..., driver: chrome, goog:chromeOptions: {args: [], extensions: []}}
11:12:23.113 [AsyncHttpClient-1-2] DEBUG org.asynchttpclient.netty.channel.NettyConnectListener - Using new Channel '[id: 0x6175f4ca, L:/127.0.0.1:61271 - R:localhost/127.0.0.1:56281]' for 'POST' to '/session'
11:12:25.202 [AsyncHttpClient-1-2] DEBUG org.asynchttpclient.netty.handler.HttpHandler - 

Request DefaultHttpRequest(decodeResult: success, version: HTTP/1.1)
POST /session HTTP/1.1
User-Agent: selenium/4.1.2 (java windows)
Content-Length: 628
Content-Type: application/json; charset=utf-8
host: localhost:56281
accept: */*

Response DefaultHttpResponse(decodeResult: success, version: HTTP/1.1)
HTTP/1.1 200 OK
Content-Type: application/json; charset=utf-8
cache-control: no-cache
content-length: 789

11:12:25.203 [AsyncHttpClient-1-2] DEBUG org.asynchttpclient.netty.channel.ChannelManager - Adding key: http://localhost:56281 for channel [id: 0x6175f4ca, L:/127.0.0.1:61271 - R:localhost/127.0.0.1:56281]
11:12:25.225 [AsyncHttpClient-1-3] DEBUG org.asynchttpclient.netty.channel.NettyConnectListener - Using new Channel '[id: 0xe690bd68, L:/127.0.0.1:61283 - R:localhost/127.0.0.1:61272]' for 'GET' to '/json/version'
11:12:25.231 [AsyncHttpClient-1-3] DEBUG org.asynchttpclient.netty.handler.HttpHandler - 

Request DefaultFullHttpRequest(decodeResult: success, version: HTTP/1.1, content: EmptyByteBufBE)
GET /json/version HTTP/1.1
User-Agent: selenium/4.1.2 (java windows)
host: localhost:61272
accept: */*

Response DefaultHttpResponse(decodeResult: success, version: HTTP/1.1)
HTTP/1.1 200 OK
Content-Type: application/json; charset=UTF-8
content-length: 428

11:12:25.231 [AsyncHttpClient-1-3] DEBUG org.asynchttpclient.netty.channel.ChannelManager - Adding key: http://localhost:61272 for channel [id: 0xe690bd68, L:/127.0.0.1:61283 - R:localhost/127.0.0.1:61272]
11:12:25.247 [AsyncHttpClient-1-4] DEBUG org.asynchttpclient.netty.channel.NettyConnectListener - Using new Channel '[id: 0xe4f32c40, L:/127.0.0.1:61284 - R:localhost/127.0.0.1:61272]' for 'GET' to '/devtools/browser/39b4d4d5-1b9f-439e-94f4-0db66218c04b'
11:12:25.255 [AsyncHttpClient-1-4] DEBUG org.asynchttpclient.netty.handler.WebSocketHandler - 

Request DefaultFullHttpRequest(decodeResult: success, version: HTTP/1.1, content: EmptyByteBufBE)
GET /devtools/browser/39b4d4d5-1b9f-439e-94f4-0db66218c04b HTTP/1.1
upgrade: websocket
connection: upgrade
sec-websocket-key: sLwowLzfojxRbRGS9YZQsw==
sec-websocket-version: 13
origin: http://localhost:61272
host: localhost:61272
accept: */*
user-agent: AHC/2.1

Response DefaultHttpResponse(decodeResult: success, version: HTTP/1.1)
HTTP/1.1 101 WebSocket Protocol Handshake
Upgrade: WebSocket
Connection: Upgrade
Sec-WebSocket-Accept: 7gwA2mZ8xZ+laccekHrvRQvDIW4=

11:12:25.270 [Forwarding get on session 32819e3f4dca27eadb8155d88ef43ebe to remote] DEBUG org.asynchttpclient.netty.request.NettyRequestSender - Using pooled Channel '[id: 0x6175f4ca, L:/127.0.0.1:61271 - R:localhost/127.0.0.1:56281]' for 'POST' to 'http://localhost:56281/session/32819e3f4dca27eadb8155d88ef43ebe/url'
11:12:25.270 [Forwarding get on session 32819e3f4dca27eadb8155d88ef43ebe to remote] DEBUG org.asynchttpclient.netty.request.NettyRequestSender - Using open Channel [id: 0x6175f4ca, L:/127.0.0.1:61271 - R:localhost/127.0.0.1:56281] for POST '/session/32819e3f4dca27eadb8155d88ef43ebe/url'
11:12:26.214 [AsyncHttpClient-1-1] DEBUG org.asynchttpclient.netty.channel.DefaultChannelPool - Entry count for : http://localhost:61272 : 1
11:12:26.886 [AsyncHttpClient-1-2] DEBUG org.asynchttpclient.netty.handler.HttpHandler - 

Request DefaultHttpRequest(decodeResult: success, version: HTTP/1.1)
POST /session/32819e3f4dca27eadb8155d88ef43ebe/url HTTP/1.1
User-Agent: selenium/4.1.2 (java windows)
Content-Length: 84
Content-Type: application/json; charset=utf-8
host: localhost:56281
accept: */*

Response DefaultHttpResponse(decodeResult: success, version: HTTP/1.1)
HTTP/1.1 200 OK
Content-Type: application/json; charset=utf-8
cache-control: no-cache
content-length: 14

11:12:26.886 [AsyncHttpClient-1-2] DEBUG org.asynchttpclient.netty.channel.ChannelManager - Adding key: http://localhost:56281 for channel [id: 0x6175f4ca, L:/127.0.0.1:61271 - R:localhost/127.0.0.1:56281]
11:12:26.888 [Forwarding setTimeout on session 32819e3f4dca27eadb8155d88ef43ebe to remote] DEBUG org.asynchttpclient.netty.request.NettyRequestSender - Using pooled Channel '[id: 0x6175f4ca, L:/127.0.0.1:61271 - R:localhost/127.0.0.1:56281]' for 'POST' to 'http://localhost:56281/session/32819e3f4dca27eadb8155d88ef43ebe/timeouts'
11:12:26.888 [Forwarding setTimeout on session 32819e3f4dca27eadb8155d88ef43ebe to remote] DEBUG org.asynchttpclient.netty.request.NettyRequestSender - Using open Channel [id: 0x6175f4ca, L:/127.0.0.1:61271 - R:localhost/127.0.0.1:56281] for POST '/session/32819e3f4dca27eadb8155d88ef43ebe/timeouts'
11:12:26.889 [AsyncHttpClient-1-2] DEBUG org.asynchttpclient.netty.handler.HttpHandler - 

Request DefaultHttpRequest(decodeResult: success, version: HTTP/1.1)
POST /session/32819e3f4dca27eadb8155d88ef43ebe/timeouts HTTP/1.1
User-Agent: selenium/4.1.2 (java windows)
Content-Length: 22
Content-Type: application/json; charset=utf-8
host: localhost:56281
accept: */*

Response DefaultHttpResponse(decodeResult: success, version: HTTP/1.1)
HTTP/1.1 200 OK
Content-Type: application/json; charset=utf-8
cache-control: no-cache
content-length: 14

11:12:26.890 [AsyncHttpClient-1-2] DEBUG org.asynchttpclient.netty.channel.ChannelManager - Adding key: http://localhost:56281 for channel [id: 0x6175f4ca, L:/127.0.0.1:61271 - R:localhost/127.0.0.1:56281]
11:12:26.897 [Forwarding getCurrentUrl on session 32819e3f4dca27eadb8155d88ef43ebe to remote] DEBUG org.asynchttpclient.netty.request.NettyRequestSender - Using pooled Channel '[id: 0x6175f4ca, L:/127.0.0.1:61271 - R:localhost/127.0.0.1:56281]' for 'GET' to 'http://localhost:56281/session/32819e3f4dca27eadb8155d88ef43ebe/url'
11:12:26.897 [Forwarding getCurrentUrl on session 32819e3f4dca27eadb8155d88ef43ebe to remote] DEBUG org.asynchttpclient.netty.request.NettyRequestSender - Using open Channel [id: 0x6175f4ca, L:/127.0.0.1:61271 - R:localhost/127.0.0.1:56281] for GET '/session/32819e3f4dca27eadb8155d88ef43ebe/url'
11:12:26.914 [AsyncHttpClient-1-2] DEBUG org.asynchttpclient.netty.handler.HttpHandler - 

Request DefaultFullHttpRequest(decodeResult: success, version: HTTP/1.1, content: EmptyByteBufBE)
GET /session/32819e3f4dca27eadb8155d88ef43ebe/url HTTP/1.1
User-Agent: selenium/4.1.2 (java windows)
Cache-Control: no-cache
Content-Type: application/json; charset=utf-8
host: localhost:56281
accept: */*

Response DefaultHttpResponse(decodeResult: success, version: HTTP/1.1)
HTTP/1.1 200 OK
Content-Type: application/json; charset=utf-8
cache-control: no-cache
content-length: 66

11:12:26.914 [AsyncHttpClient-1-2] DEBUG org.asynchttpclient.netty.channel.ChannelManager - Adding key: http://localhost:56281 for channel [id: 0x6175f4ca, L:/127.0.0.1:61271 - R:localhost/127.0.0.1:56281]
11:12:26.934 [main] DEBUG net.serenitybdd.core.photography.Darkroom - Opening darkroom
11:12:26.941 [Forwarding screenshot on session 32819e3f4dca27eadb8155d88ef43ebe to remote] DEBUG org.asynchttpclient.netty.request.NettyRequestSender - Using pooled Channel '[id: 0x6175f4ca, L:/127.0.0.1:61271 - R:localhost/127.0.0.1:56281]' for 'GET' to 'http://localhost:56281/session/32819e3f4dca27eadb8155d88ef43ebe/screenshot'
11:12:26.941 [Forwarding screenshot on session 32819e3f4dca27eadb8155d88ef43ebe to remote] DEBUG org.asynchttpclient.netty.request.NettyRequestSender - Using open Channel [id: 0x6175f4ca, L:/127.0.0.1:61271 - R:localhost/127.0.0.1:56281] for GET '/session/32819e3f4dca27eadb8155d88ef43ebe/screenshot'
11:12:26.966 [Darkroom Processing Line] DEBUG net.serenitybdd.core.photography.DarkroomProcessingLine - Darkroom processing line starting up
11:12:27.367 [AsyncHttpClient-1-1] DEBUG org.asynchttpclient.netty.channel.DefaultChannelPool - Entry count for : http://localhost:61272 : 1
11:12:28.230 [AsyncHttpClient-1-2] DEBUG org.asynchttpclient.netty.handler.HttpHandler - 

Request DefaultFullHttpRequest(decodeResult: success, version: HTTP/1.1, content: EmptyByteBufBE)
GET /session/32819e3f4dca27eadb8155d88ef43ebe/screenshot HTTP/1.1
User-Agent: selenium/4.1.2 (java windows)
Cache-Control: no-cache
Content-Type: application/json; charset=utf-8
host: localhost:56281
accept: */*

Response DefaultHttpResponse(decodeResult: success, version: HTTP/1.1)
HTTP/1.1 200 OK
Content-Type: application/json; charset=utf-8
cache-control: no-cache
content-length: 80400

11:12:28.231 [AsyncHttpClient-1-2] DEBUG org.asynchttpclient.netty.channel.ChannelManager - Adding key: http://localhost:56281 for channel [id: 0x6175f4ca, L:/127.0.0.1:61271 - R:localhost/127.0.0.1:56281]
11:12:28.236 [main] DEBUG net.serenitybdd.core.photography.Darkroom - Send negative for processing for target\site\serenity\3d35c08ad4f11e6ea64db7c02a30f245e27981a426ecc0b9c8bb2d729abc7be1.png
11:12:28.236 [main] DEBUG net.thucydides.core.steps.StepInterceptor - STEP DONE: openDataPasien
  &amp#27;[32mGiven &amp#27;[0m&amp#27;[32mOpen page data pasien&amp#27;[0m                     &amp#27;[90m# starter.stepdefinitios.PatientDataSteps.openPageDataPasien()&amp#27;[0m
11:12:28.237 [Darkroom Processing Line] DEBUG net.serenitybdd.core.photography.DarkroomProcessingLine - Processing screenshot image in /var/screenshots/screenshot-11445216339737321234
11:12:28.237 [Darkroom Processing Line] DEBUG net.serenitybdd.core.photography.DarkroomProcessingLine - Saving screenshot to target\site\serenity\3d35c08ad4f11e6ea64db7c02a30f245e27981a426ecc0b9c8bb2d729abc7be1.png
11:12:28.274 [main] DEBUG net.thucydides.core.steps.StepInterceptor - STARTING STEP: PatientDataSteps.clickDeletePatientData - clickButtonSampah
11:12:28.281 [Forwarding findElement on session 32819e3f4dca27eadb8155d88ef43ebe to remote] DEBUG org.asynchttpclient.netty.request.NettyRequestSender - Using pooled Channel '[id: 0x6175f4ca, L:/127.0.0.1:61271 - R:localhost/127.0.0.1:56281]' for 'POST' to 'http://localhost:56281/session/32819e3f4dca27eadb8155d88ef43ebe/element'
11:12:28.281 [Forwarding findElement on session 32819e3f4dca27eadb8155d88ef43ebe to remote] DEBUG org.asynchttpclient.netty.request.NettyRequestSender - Using open Channel [id: 0x6175f4ca, L:/127.0.0.1:61271 - R:localhost/127.0.0.1:56281] for POST '/session/32819e3f4dca27eadb8155d88ef43ebe/element'
11:12:28.309 [AsyncHttpClient-1-2] DEBUG org.asynchttpclient.netty.handler.HttpHandler - 

Request DefaultHttpRequest(decodeResult: success, version: HTTP/1.1)
POST /session/32819e3f4dca27eadb8155d88ef43ebe/element HTTP/1.1
User-Agent: selenium/4.1.2 (java windows)
Content-Length: 92
Content-Type: application/json; charset=utf-8
host: localhost:56281
accept: */*

Response DefaultHttpResponse(decodeResult: success, version: HTTP/1.1)
HTTP/1.1 200 OK
Content-Type: application/json; charset=utf-8
cache-control: no-cache
content-length: 88

11:12:28.309 [AsyncHttpClient-1-2] DEBUG org.asynchttpclient.netty.channel.ChannelManager - Adding key: http://localhost:56281 for channel [id: 0x6175f4ca, L:/127.0.0.1:61271 - R:localhost/127.0.0.1:56281]
11:12:28.312 [Forwarding getElementTagName on session 32819e3f4dca27eadb8155d88ef43ebe to remote] DEBUG org.asynchttpclient.netty.request.NettyRequestSender - Using pooled Channel '[id: 0x6175f4ca, L:/127.0.0.1:61271 - R:localhost/127.0.0.1:56281]' for 'GET' to 'http://localhost:56281/session/32819e3f4dca27eadb8155d88ef43ebe/element/23853274-cc2a-4346-81ca-afa857436672/name'
11:12:28.312 [Forwarding getElementTagName on session 32819e3f4dca27eadb8155d88ef43ebe to remote] DEBUG org.asynchttpclient.netty.request.NettyRequestSender - Using open Channel [id: 0x6175f4ca, L:/127.0.0.1:61271 - R:localhost/127.0.0.1:56281] for GET '/session/32819e3f4dca27eadb8155d88ef43ebe/element/23853274-cc2a-4346-81ca-afa857436672/name'
11:12:28.320 [AsyncHttpClient-1-2] DEBUG org.asynchttpclient.netty.handler.HttpHandler - 

Request DefaultFullHttpRequest(decodeResult: success, version: HTTP/1.1, content: EmptyByteBufBE)
GET /session/32819e3f4dca27eadb8155d88ef43ebe/element/23853274-cc2a-4346-81ca-afa857436672/name HTTP/1.1
User-Agent: selenium/4.1.2 (java windows)
Cache-Control: no-cache
Content-Type: application/json; charset=utf-8
host: localhost:56281
accept: */*

Response DefaultHttpResponse(decodeResult: success, version: HTTP/1.1)
HTTP/1.1 200 OK
Content-Type: application/json; charset=utf-8
cache-control: no-cache
content-length: 15

11:12:28.321 [AsyncHttpClient-1-2] DEBUG org.asynchttpclient.netty.channel.ChannelManager - Adding key: http://localhost:56281 for channel [id: 0x6175f4ca, L:/127.0.0.1:61271 - R:localhost/127.0.0.1:56281]
11:12:28.323 [Forwarding getElementTagName on session 32819e3f4dca27eadb8155d88ef43ebe to remote] DEBUG org.asynchttpclient.netty.request.NettyRequestSender - Using pooled Channel '[id: 0x6175f4ca, L:/127.0.0.1:61271 - R:localhost/127.0.0.1:56281]' for 'GET' to 'http://localhost:56281/session/32819e3f4dca27eadb8155d88ef43ebe/element/23853274-cc2a-4346-81ca-afa857436672/name'
11:12:28.323 [Forwarding getElementTagName on session 32819e3f4dca27eadb8155d88ef43ebe to remote] DEBUG org.asynchttpclient.netty.request.NettyRequestSender - Using open Channel [id: 0x6175f4ca, L:/127.0.0.1:61271 - R:localhost/127.0.0.1:56281] for GET '/session/32819e3f4dca27eadb8155d88ef43ebe/element/23853274-cc2a-4346-81ca-afa857436672/name'
11:12:28.331 [AsyncHttpClient-1-2] DEBUG org.asynchttpclient.netty.handler.HttpHandler - 

Request DefaultFullHttpRequest(decodeResult: success, version: HTTP/1.1, content: EmptyByteBufBE)
GET /session/32819e3f4dca27eadb8155d88ef43ebe/element/23853274-cc2a-4346-81ca-afa857436672/name HTTP/1.1
User-Agent: selenium/4.1.2 (java windows)
Cache-Control: no-cache
Content-Type: application/json; charset=utf-8
host: localhost:56281
accept: */*

Response DefaultHttpResponse(decodeResult: success, version: HTTP/1.1)
HTTP/1.1 200 OK
Content-Type: application/json; charset=utf-8
cache-control: no-cache
content-length: 15

11:12:28.331 [AsyncHttpClient-1-2] DEBUG org.asynchttpclient.netty.channel.ChannelManager - Adding key: http://localhost:56281 for channel [id: 0x6175f4ca, L:/127.0.0.1:61271 - R:localhost/127.0.0.1:56281]
11:12:28.334 [Forwarding findElement on session 32819e3f4dca27eadb8155d88ef43ebe to remote] DEBUG org.asynchttpclient.netty.request.NettyRequestSender - Using pooled Channel '[id: 0x6175f4ca, L:/127.0.0.1:61271 - R:localhost/127.0.0.1:56281]' for 'POST' to 'http://localhost:56281/session/32819e3f4dca27eadb8155d88ef43ebe/element'
11:12:28.334 [Forwarding findElement on session 32819e3f4dca27eadb8155d88ef43ebe to remote] DEBUG org.asynchttpclient.netty.request.NettyRequestSender - Using open Channel [id: 0x6175f4ca, L:/127.0.0.1:61271 - R:localhost/127.0.0.1:56281] for POST '/session/32819e3f4dca27eadb8155d88ef43ebe/element'
11:12:28.350 [AsyncHttpClient-1-2] DEBUG org.asynchttpclient.netty.handler.HttpHandler - 

Request DefaultHttpRequest(decodeResult: success, version: HTTP/1.1)
POST /session/32819e3f4dca27eadb8155d88ef43ebe/element HTTP/1.1
User-Agent: selenium/4.1.2 (java windows)
Content-Length: 92
Content-Type: application/json; charset=utf-8
host: localhost:56281
accept: */*

Response DefaultHttpResponse(decodeResult: success, version: HTTP/1.1)
HTTP/1.1 200 OK
Content-Type: application/json; charset=utf-8
cache-control: no-cache
content-length: 88

11:12:28.350 [AsyncHttpClient-1-2] DEBUG org.asynchttpclient.netty.channel.ChannelManager - Adding key: http://localhost:56281 for channel [id: 0x6175f4ca, L:/127.0.0.1:61271 - R:localhost/127.0.0.1:56281]
11:12:28.352 [Forwarding clickElement on session 32819e3f4dca27eadb8155d88ef43ebe to remote] DEBUG org.asynchttpclient.netty.request.NettyRequestSender - Using pooled Channel '[id: 0x6175f4ca, L:/127.0.0.1:61271 - R:localhost/127.0.0.1:56281]' for 'POST' to 'http://localhost:56281/session/32819e3f4dca27eadb8155d88ef43ebe/element/23853274-cc2a-4346-81ca-afa857436672/click'
11:12:28.352 [Forwarding clickElement on session 32819e3f4dca27eadb8155d88ef43ebe to remote] DEBUG org.asynchttpclient.netty.request.NettyRequestSender - Using open Channel [id: 0x6175f4ca, L:/127.0.0.1:61271 - R:localhost/127.0.0.1:56281] for POST '/session/32819e3f4dca27eadb8155d88ef43ebe/element/23853274-cc2a-4346-81ca-afa857436672/click'
11:12:28.414 [AsyncHttpClient-1-1] DEBUG org.asynchttpclient.netty.channel.DefaultChannelPool - Entry count for : http://localhost:61272 : 1
11:12:28.451 [AsyncHttpClient-1-2] DEBUG org.asynchttpclient.netty.handler.HttpHandler - 

Request DefaultHttpRequest(decodeResult: success, version: HTTP/1.1)
POST /session/32819e3f4dca27eadb8155d88ef43ebe/element/23853274-cc2a-4346-81ca-afa857436672/click HTTP/1.1
User-Agent: selenium/4.1.2 (java windows)
Content-Length: 50
Content-Type: application/json; charset=utf-8
host: localhost:56281
accept: */*

Response DefaultHttpResponse(decodeResult: success, version: HTTP/1.1)
HTTP/1.1 200 OK
Content-Type: application/json; charset=utf-8
cache-control: no-cache
content-length: 14

11:12:28.451 [AsyncHttpClient-1-2] DEBUG org.asynchttpclient.netty.channel.ChannelManager - Adding key: http://localhost:56281 for channel [id: 0x6175f4ca, L:/127.0.0.1:61271 - R:localhost/127.0.0.1:56281]
11:12:28.483 [Forwarding screenshot on session 32819e3f4dca27eadb8155d88ef43ebe to remote] DEBUG org.asynchttpclient.netty.request.NettyRequestSender - Using pooled Channel '[id: 0x6175f4ca, L:/127.0.0.1:61271 - R:localhost/127.0.0.1:56281]' for 'GET' to 'http://localhost:56281/session/32819e3f4dca27eadb8155d88ef43ebe/screenshot'
11:12:28.483 [Forwarding screenshot on session 32819e3f4dca27eadb8155d88ef43ebe to remote] DEBUG org.asynchttpclient.netty.request.NettyRequestSender - Using open Channel [id: 0x6175f4ca, L:/127.0.0.1:61271 - R:localhost/127.0.0.1:56281] for GET '/session/32819e3f4dca27eadb8155d88ef43ebe/screenshot'
11:12:28.536 [AsyncHttpClient-1-2] DEBUG org.asynchttpclient.netty.handler.HttpHandler - 

Request DefaultFullHttpRequest(decodeResult: success, version: HTTP/1.1, content: EmptyByteBufBE)
GET /session/32819e3f4dca27eadb8155d88ef43ebe/screenshot HTTP/1.1
User-Agent: selenium/4.1.2 (java windows)
Cache-Control: no-cache
Content-Type: application/json; charset=utf-8
host: localhost:56281
accept: */*

Response DefaultHttpResponse(decodeResult: success, version: HTTP/1.1)
HTTP/1.1 500 Internal Server Error
Content-Type: application/json; charset=utf-8
cache-control: no-cache
content-length: 947

11:12:28.536 [AsyncHttpClient-1-2] DEBUG org.asynchttpclient.netty.channel.ChannelManager - Adding key: http://localhost:56281 for channel [id: 0x6175f4ca, L:/127.0.0.1:61271 - R:localhost/127.0.0.1:56281]
11:12:28.544 [main] WARN net.thucydides.core.webdriver.WebDriverFacade - Failed to take screenshot (unexpected alert open: {Alert text : Anda yakin untuk menghapus data?}
  (Session info: chrome=102.0.5005.115): Anda yakin untuk menghapus data?
Build info: version: '4.1.2', revision: '9a5a329c5a'
System info: host: 'MOOK-HON', ip: '192.168.100.6', os.name: 'Windows 10', os.arch: 'amd64', os.version: '10.0', java.version: '11.0.14'
Driver info: org.openqa.selenium.chrome.ChromeDriver
Command: [32819e3f4dca27eadb8155d88ef43ebe, screenshot {}]
Capabilities {acceptInsecureCerts: false, browserName: chrome, browserVersion: 102.0.5005.115, chrome: {chromedriverVersion: 102.0.5005.61 (0e59bcc00cc4..., userDataDir: C:\Users\ASUS\AppData\Local...}, goog:chromeOptions: {debuggerAddress: localhost:61272}, javascriptEnabled: true, networkConnectionEnabled: false, pageLoadStrategy: normal, platform: WINDOWS, platformName: WINDOWS, proxy: Proxy(), se:cdp: ws://localhost:61272/devtoo..., se:cdpVersion: 102.0.5005.115, setWindowRect: true, strictFileInteractability: false, timeouts: {implicit: 0, pageLoad: 300000, script: 30000}, unhandledPromptBehavior: dismiss and notify, webauthn:extension:credBlob: true, webauthn:extension:largeBlob: true, webauthn:virtualAuthenticators: true}
Session ID: 32819e3f4dca27eadb8155d88ef43ebe)
11:12:28.544 [main] DEBUG net.thucydides.core.steps.StepInterceptor - STEP DONE: clickButtonSampah
  &amp#27;[32mWhen &amp#27;[0m&amp#27;[32mClick Delete Patient data&amp#27;[0m                  &amp#27;[90m# starter.stepdefinitios.PatientDataSteps.clickDeletePatientData()&amp#27;[0m
11:12:28.598 [Forwarding screenshot on session 32819e3f4dca27eadb8155d88ef43ebe to remote] DEBUG org.asynchttpclient.netty.request.NettyRequestSender - Using pooled Channel '[id: 0x6175f4ca, L:/127.0.0.1:61271 - R:localhost/127.0.0.1:56281]' for 'GET' to 'http://localhost:56281/session/32819e3f4dca27eadb8155d88ef43ebe/screenshot'
11:12:28.598 [Forwarding screenshot on session 32819e3f4dca27eadb8155d88ef43ebe to remote] DEBUG org.asynchttpclient.netty.request.NettyRequestSender - Using open Channel [id: 0x6175f4ca, L:/127.0.0.1:61271 - R:localhost/127.0.0.1:56281] for GET '/session/32819e3f4dca27eadb8155d88ef43ebe/screenshot'
11:12:28.883 [AsyncHttpClient-1-2] DEBUG org.asynchttpclient.netty.handler.HttpHandler - 

Request DefaultFullHttpRequest(decodeResult: success, version: HTTP/1.1, content: EmptyByteBufBE)
GET /session/32819e3f4dca27eadb8155d88ef43ebe/screenshot HTTP/1.1
User-Agent: selenium/4.1.2 (java windows)
Cache-Control: no-cache
Content-Type: application/json; charset=utf-8
host: localhost:56281
accept: */*

Response DefaultHttpResponse(decodeResult: success, version: HTTP/1.1)
HTTP/1.1 200 OK
Content-Type: application/json; charset=utf-8
cache-control: no-cache
content-length: 61844

11:12:28.883 [AsyncHttpClient-1-2] DEBUG org.asynchttpclient.netty.channel.ChannelManager - Adding key: http://localhost:56281 for channel [id: 0x6175f4ca, L:/127.0.0.1:61271 - R:localhost/127.0.0.1:56281]
11:12:28.888 [main] DEBUG net.serenitybdd.core.photography.Darkroom - Send negative for processing for target\site\serenity\8e97a23095166cad968433d1d7f073c412d664bb89ae23ed22eb45acaf599599.png
11:12:28.894 [Darkroom Processing Line] DEBUG net.serenitybdd.core.photography.DarkroomProcessingLine - Processing screenshot image in /var/screenshots/screenshot-6828752781740094938
11:12:28.894 [Darkroom Processing Line] DEBUG net.serenitybdd.core.photography.DarkroomProcessingLine - Saving screenshot to target\site\serenity\8e97a23095166cad968433d1d7f073c412d664bb89ae23ed22eb45acaf599599.png
11:12:29.422 [Forwarding screenshot on session 32819e3f4dca27eadb8155d88ef43ebe to remote] DEBUG org.asynchttpclient.netty.request.NettyRequestSender - Using pooled Channel '[id: 0x6175f4ca, L:/127.0.0.1:61271 - R:localhost/127.0.0.1:56281]' for 'GET' to 'http://localhost:56281/session/32819e3f4dca27eadb8155d88ef43ebe/screenshot'
11:12:29.422 [Forwarding screenshot on session 32819e3f4dca27eadb8155d88ef43ebe to remote] DEBUG org.asynchttpclient.netty.request.NettyRequestSender - Using open Channel [id: 0x6175f4ca, L:/127.0.0.1:61271 - R:localhost/127.0.0.1:56281] for GET '/session/32819e3f4dca27eadb8155d88ef43ebe/screenshot'
11:12:29.520 [AsyncHttpClient-1-1] DEBUG org.asynchttpclient.netty.channel.DefaultChannelPool - Entry count for : http://localhost:61272 : 1
11:12:29.574 [AsyncHttpClient-1-2] DEBUG org.asynchttpclient.netty.handler.HttpHandler - 

Request DefaultFullHttpRequest(decodeResult: success, version: HTTP/1.1, content: EmptyByteBufBE)
GET /session/32819e3f4dca27eadb8155d88ef43ebe/screenshot HTTP/1.1
User-Agent: selenium/4.1.2 (java windows)
Cache-Control: no-cache
Content-Type: application/json; charset=utf-8
host: localhost:56281
accept: */*

Response DefaultHttpResponse(decodeResult: success, version: HTTP/1.1)
HTTP/1.1 200 OK
Content-Type: application/json; charset=utf-8
cache-control: no-cache
content-length: 61872

11:12:29.574 [AsyncHttpClient-1-2] DEBUG org.asynchttpclient.netty.channel.ChannelManager - Adding key: http://localhost:56281 for channel [id: 0x6175f4ca, L:/127.0.0.1:61271 - R:localhost/127.0.0.1:56281]
11:12:29.579 [main] DEBUG net.serenitybdd.core.photography.Darkroom - Send negative for processing for target\site\serenity\f8894b2b3d6ab92268ff665693918d5008d9fbf6463e8857f12389d40104484c.png
11:12:29.579 [main] DEBUG net.thucydides.core.steps.StepInterceptor - STARTING STEP: PatientDataSteps.validDataDeletePasien - validPagePasien
11:12:29.580 [Darkroom Processing Line] DEBUG net.serenitybdd.core.photography.DarkroomProcessingLine - Processing screenshot image in /var/screenshots/screenshot-4471749052300020636
11:12:29.580 [Darkroom Processing Line] DEBUG net.serenitybdd.core.photography.DarkroomProcessingLine - Saving screenshot to target\site\serenity\f8894b2b3d6ab92268ff665693918d5008d9fbf6463e8857f12389d40104484c.png
11:12:29.584 [Forwarding findElement on session 32819e3f4dca27eadb8155d88ef43ebe to remote] DEBUG org.asynchttpclient.netty.request.NettyRequestSender - Using pooled Channel '[id: 0x6175f4ca, L:/127.0.0.1:61271 - R:localhost/127.0.0.1:56281]' for 'POST' to 'http://localhost:56281/session/32819e3f4dca27eadb8155d88ef43ebe/element'
11:12:29.584 [Forwarding findElement on session 32819e3f4dca27eadb8155d88ef43ebe to remote] DEBUG org.asynchttpclient.netty.request.NettyRequestSender - Using open Channel [id: 0x6175f4ca, L:/127.0.0.1:61271 - R:localhost/127.0.0.1:56281] for POST '/session/32819e3f4dca27eadb8155d88ef43ebe/element'
11:12:29.610 [AsyncHttpClient-1-2] DEBUG org.asynchttpclient.netty.handler.HttpHandler - 

Request DefaultHttpRequest(decodeResult: success, version: HTTP/1.1)
POST /session/32819e3f4dca27eadb8155d88ef43ebe/element HTTP/1.1
User-Agent: selenium/4.1.2 (java windows)
Content-Length: 138
Content-Type: application/json; charset=utf-8
host: localhost:56281
accept: */*

Response DefaultHttpResponse(decodeResult: success, version: HTTP/1.1)
HTTP/1.1 200 OK
Content-Type: application/json; charset=utf-8
cache-control: no-cache
content-length: 88

11:12:29.610 [AsyncHttpClient-1-2] DEBUG org.asynchttpclient.netty.channel.ChannelManager - Adding key: http://localhost:56281 for channel [id: 0x6175f4ca, L:/127.0.0.1:61271 - R:localhost/127.0.0.1:56281]
11:12:29.611 [Forwarding isElementEnabled on session 32819e3f4dca27eadb8155d88ef43ebe to remote] DEBUG org.asynchttpclient.netty.request.NettyRequestSender - Using pooled Channel '[id: 0x6175f4ca, L:/127.0.0.1:61271 - R:localhost/127.0.0.1:56281]' for 'GET' to 'http://localhost:56281/session/32819e3f4dca27eadb8155d88ef43ebe/element/5902374f-4bf1-4683-9c69-cddb4644ab15/enabled'
11:12:29.611 [Forwarding isElementEnabled on session 32819e3f4dca27eadb8155d88ef43ebe to remote] DEBUG org.asynchttpclient.netty.request.NettyRequestSender - Using open Channel [id: 0x6175f4ca, L:/127.0.0.1:61271 - R:localhost/127.0.0.1:56281] for GET '/session/32819e3f4dca27eadb8155d88ef43ebe/element/5902374f-4bf1-4683-9c69-cddb4644ab15/enabled'
11:12:29.637 [AsyncHttpClient-1-2] DEBUG org.asynchttpclient.netty.handler.HttpHandler - 

Request DefaultFullHttpRequest(decodeResult: success, version: HTTP/1.1, content: EmptyByteBufBE)
GET /session/32819e3f4dca27eadb8155d88ef43ebe/element/5902374f-4bf1-4683-9c69-cddb4644ab15/enabled HTTP/1.1
User-Agent: selenium/4.1.2 (java windows)
Cache-Control: no-cache
Content-Type: application/json; charset=utf-8
host: localhost:56281
accept: */*

Response DefaultHttpResponse(decodeResult: success, version: HTTP/1.1)
HTTP/1.1 200 OK
Content-Type: application/json; charset=utf-8
cache-control: no-cache
content-length: 14

11:12:29.637 [AsyncHttpClient-1-2] DEBUG org.asynchttpclient.netty.channel.ChannelManager - Adding key: http://localhost:56281 for channel [id: 0x6175f4ca, L:/127.0.0.1:61271 - R:localhost/127.0.0.1:56281]
11:12:29.649 [Forwarding screenshot on session 32819e3f4dca27eadb8155d88ef43ebe to remote] DEBUG org.asynchttpclient.netty.request.NettyRequestSender - Using pooled Channel '[id: 0x6175f4ca, L:/127.0.0.1:61271 - R:localhost/127.0.0.1:56281]' for 'GET' to 'http://localhost:56281/session/32819e3f4dca27eadb8155d88ef43ebe/screenshot'
11:12:29.649 [Forwarding screenshot on session 32819e3f4dca27eadb8155d88ef43ebe to remote] DEBUG org.asynchttpclient.netty.request.NettyRequestSender - Using open Channel [id: 0x6175f4ca, L:/127.0.0.1:61271 - R:localhost/127.0.0.1:56281] for GET '/session/32819e3f4dca27eadb8155d88ef43ebe/screenshot'
11:12:29.832 [AsyncHttpClient-1-2] DEBUG org.asynchttpclient.netty.handler.HttpHandler - 

Request DefaultFullHttpRequest(decodeResult: success, version: HTTP/1.1, content: EmptyByteBufBE)
GET /session/32819e3f4dca27eadb8155d88ef43ebe/screenshot HTTP/1.1
User-Agent: selenium/4.1.2 (java windows)
Cache-Control: no-cache
Content-Type: application/json; charset=utf-8
host: localhost:56281
accept: */*

Response DefaultHttpResponse(decodeResult: success, version: HTTP/1.1)
HTTP/1.1 200 OK
Content-Type: application/json; charset=utf-8
cache-control: no-cache
content-length: 61872

11:12:29.832 [AsyncHttpClient-1-2] DEBUG org.asynchttpclient.netty.channel.ChannelManager - Adding key: http://localhost:56281 for channel [id: 0x6175f4ca, L:/127.0.0.1:61271 - R:localhost/127.0.0.1:56281]
11:12:29.841 [main] DEBUG net.serenitybdd.core.photography.Darkroom - Send negative for processing for target\site\serenity\f8894b2b3d6ab92268ff665693918d5008d9fbf6463e8857f12389d40104484c.png
11:12:29.842 [main] DEBUG net.thucydides.core.steps.StepInterceptor - STEP DONE: validPagePasien
  &amp#27;[32mThen &amp#27;[0m&amp#27;[32mValid data delete pasien&amp#27;[0m                   &amp#27;[90m# starter.stepdefinitios.PatientDataSteps.validDataDeletePasien()&amp#27;[0m
11:12:29.861 [main] INFO  - 
  _____   ___   ___   _____     ___     _     ___   ___   ___   ___  
 |_   _| | __| / __| |_   _|   | _ \   /_\   / __| / __| | __| |   \ 
   | |   | _|  \__ \   | |     |  _/  / _ \  \__ \ \__ \ | _|  | |) |
   |_|   |___| |___/   |_|     |_|   /_/ \_\ |___/ |___/ |___| |___/ 

As a admin i want to delete data pasien
----------------------------------------------------------------------
11:12:29.863 [AsyncHttpClient-1-4] DEBUG org.asynchttpclient.netty.handler.WebSocketHandler - Channel Closed: [id: 0xe4f32c40, L:/127.0.0.1:61284 ! R:localhost/127.0.0.1:61272] with attribute NettyResponseFuture{currentRetry=5,
	isDone=1,
	isCancelled=0,
	asyncHandler=org.asynchttpclient.ws.WebSocketUpgradeHandler@46bf5036,
	nettyRequest=org.asynchttpclient.netty.request.NettyRequest@584ae8d1,
	future=java.util.concurrent.CompletableFuture@6eda70b3[Completed normally],
	uri=ws://localhost:61272/devtools/browser/39b4d4d5-1b9f-439e-94f4-0db66218c04b,
	keepAlive=true,
	redirectCount=0,
	timeoutsHolder=null,
	inAuth=0,
	touch=1655525545256}
11:12:29.864 [AsyncHttpClient-1-4] DEBUG org.asynchttpclient.netty.channel.ChannelManager - Closing Channel [id: 0xe4f32c40, L:/127.0.0.1:61284 ! R:localhost/127.0.0.1:61272] 
11:12:29.864 [Driver Command Executor] DEBUG org.asynchttpclient.netty.request.NettyRequestSender - Using pooled Channel '[id: 0x6175f4ca, L:/127.0.0.1:61271 - R:localhost/127.0.0.1:56281]' for 'DELETE' to 'http://localhost:56281/session/32819e3f4dca27eadb8155d88ef43ebe'
11:12:29.864 [Driver Command Executor] DEBUG org.asynchttpclient.netty.request.NettyRequestSender - Using open Channel [id: 0x6175f4ca, L:/127.0.0.1:61271 - R:localhost/127.0.0.1:56281] for DELETE '/session/32819e3f4dca27eadb8155d88ef43ebe'
11:12:30.220 [AsyncHttpClient-1-3] DEBUG org.asynchttpclient.netty.handler.HttpHandler - Unexpected I/O exception on channel [id: 0xe690bd68, L:/127.0.0.1:61283 - R:localhost/127.0.0.1:61272]
java.io.IOException: An existing connection was forcibly closed by the remote host
	at java.base/sun.nio.ch.SocketDispatcher.read0(Native Method)
	at java.base/sun.nio.ch.SocketDispatcher.read(SocketDispatcher.java:43)
	at java.base/sun.nio.ch.IOUtil.readIntoNativeBuffer(IOUtil.java:276)
	at java.base/sun.nio.ch.IOUtil.read(IOUtil.java:233)
	at java.base/sun.nio.ch.IOUtil.read(IOUtil.java:223)
	at java.base/sun.nio.ch.SocketChannelImpl.read(SocketChannelImpl.java:358)
	at io.netty.buffer.PooledByteBuf.setBytes(PooledByteBuf.java:258)
	at io.netty.buffer.AbstractByteBuf.writeBytes(AbstractByteBuf.java:1132)
	at io.netty.channel.socket.nio.NioSocketChannel.doReadBytes(NioSocketChannel.java:350)
	at io.netty.channel.nio.AbstractNioByteChannel$NioByteUnsafe.read(AbstractNioByteChannel.java:151)
	at io.netty.channel.nio.NioEventLoop.processSelectedKey(NioEventLoop.java:722)
	at io.netty.channel.nio.NioEventLoop.processSelectedKeysOptimized(NioEventLoop.java:658)
	at io.netty.channel.nio.NioEventLoop.processSelectedKeys(NioEventLoop.java:584)
	at io.netty.channel.nio.NioEventLoop.run(NioEventLoop.java:496)
	at io.netty.util.concurrent.SingleThreadEventExecutor$4.run(SingleThreadEventExecutor.java:986)
	at io.netty.util.internal.ThreadExecutorMap$2.run(ThreadExecutorMap.java:74)
	at io.netty.util.concurrent.FastThreadLocalRunnable.run(FastThreadLocalRunnable.java:30)
	at java.base/java.lang.Thread.run(Thread.java:834)
11:12:30.220 [AsyncHttpClient-1-3] DEBUG org.asynchttpclient.netty.channel.ChannelManager - Closing Channel [id: 0xe690bd68, L:/127.0.0.1:61283 - R:localhost/127.0.0.1:61272] 
11:12:30.220 [AsyncHttpClient-1-3] DEBUG org.asynchttpclient.netty.handler.HttpHandler - Channel Closed: [id: 0xe690bd68, L:/127.0.0.1:61283 ! R:localhost/127.0.0.1:61272] with attribute DISCARD
11:12:30.286 [AsyncHttpClient-1-2] DEBUG org.asynchttpclient.netty.handler.HttpHandler - 

Request DefaultFullHttpRequest(decodeResult: success, version: HTTP/1.1, content: EmptyByteBufBE)
DELETE /session/32819e3f4dca27eadb8155d88ef43ebe HTTP/1.1
User-Agent: selenium/4.1.2 (java windows)
Content-Type: application/json; charset=utf-8
host: localhost:56281
accept: */*

Response DefaultHttpResponse(decodeResult: success, version: HTTP/1.1)
HTTP/1.1 200 OK
Content-Type: application/json; charset=utf-8
cache-control: no-cache
content-length: 14

11:12:30.286 [AsyncHttpClient-1-2] DEBUG org.asynchttpclient.netty.channel.ChannelManager - Adding key: http://localhost:56281 for channel [id: 0x6175f4ca, L:/127.0.0.1:61271 - R:localhost/127.0.0.1:56281]
11:12:30.574 [AsyncHttpClient-1-2] DEBUG org.asynchttpclient.netty.handler.HttpHandler - Channel Closed: [id: 0x6175f4ca, L:/127.0.0.1:61271 ! R:localhost/127.0.0.1:56281] with attribute DISCARD
11:12:30.615 [AsyncHttpClient-1-1] DEBUG org.asynchttpclient.netty.channel.DefaultChannelPool - Entry count for : http://localhost:56281 : 1
11:12:30.615 [AsyncHttpClient-1-1] DEBUG org.asynchttpclient.netty.channel.DefaultChannelPool - Entry count for : http://localhost:61272 : 1
11:12:30.615 [AsyncHttpClient-1-1] DEBUG org.asynchttpclient.netty.channel.DefaultChannelPool - Adding Candidate expired Channel [id: 0x6175f4ca, L:/127.0.0.1:61271 ! R:localhost/127.0.0.1:56281] isIdleTimeoutExpired=false isRemotelyClosed=true isTtlExpired=false
11:12:30.615 [AsyncHttpClient-1-1] DEBUG org.asynchttpclient.netty.channel.DefaultChannelPool - Closing Idle Channel [id: 0x6175f4ca, L:/127.0.0.1:61271 ! R:localhost/127.0.0.1:56281]
11:12:30.615 [AsyncHttpClient-1-1] DEBUG org.asynchttpclient.netty.channel.DefaultChannelPool - Adding Candidate expired Channel [id: 0xe690bd68, L:/127.0.0.1:61283 ! R:localhost/127.0.0.1:61272] isIdleTimeoutExpired=false isRemotelyClosed=true isTtlExpired=false
11:12:30.615 [AsyncHttpClient-1-1] DEBUG org.asynchttpclient.netty.channel.DefaultChannelPool - Closing Idle Channel [id: 0xe690bd68, L:/127.0.0.1:61283 ! R:localhost/127.0.0.1:61272]
11:12:30.615 [AsyncHttpClient-1-1] DEBUG org.asynchttpclient.netty.channel.DefaultChannelPool - Closed 2 connections out of 2 in 0 ms
]]></system-out>
    <system-err><![CDATA[Starting ChromeDriver 102.0.5005.61 (0e59bcc00cc4985ce39ad31c150065f159d95ad3-refs/branch-heads/5005@{#819}) on port 56281
Only local connections are allowed.
Please see https://chromedriver.chromium.org/security-considerations for suggestions on keeping ChromeDriver safe.
ChromeDriver was started successfully.
Jun 18, 2022 11:12:25 AM org.openqa.selenium.remote.ProtocolHandshake createSession
INFO: Detected dialect: W3C
Jun 18, 2022 11:12:25 AM org.openqa.selenium.devtools.CdpVersionFinder findNearestMatch
WARNING: Unable to find an exact match for CDP version 102, so returning the closest version found: a no-op implementation
Jun 18, 2022 11:12:25 AM org.openqa.selenium.devtools.CdpVersionFinder findNearestMatch
INFO: Unable to find CDP implementation matching 102.
Jun 18, 2022 11:12:25 AM org.openqa.selenium.chromium.ChromiumDriver lambda$new$3
WARNING: Unable to find version of CDP to use for . You may need to include a dependency on a specific version of the CDP using something similar to `org.seleniumhq.selenium:selenium-devtools-v86:4.1.2` where the version ("v86") matches the version of the chromium-based browser you're using and the version number of the artifact is the same as Selenium's.
]]></system-err>
  </testcase>
  <testcase name="As a admin i want to detail data pasien" classname="Detail Data Pasien - Admin" time="11.075">
    <system-out><![CDATA[11:12:31.115 [main] INFO io.cucumber.core.plugin.SerenityReporter - Running feature from file:///D:/New%20folder%20(2)/Capstone/Testing/src/test/resources/features/DetailDataPasien.feature
11:12:31.129 [main] DEBUG net.thucydides.core.steps.StepEventBus - Test suite started for story net.thucydides.core.model.Story@8b7088da
11:12:31.130 [main] INFO  - Test Suite Started: Detail Data Pasien - Admin

@DetailDataPasien
Scenario: As a admin i want to detail data pasien &amp#27;[90m# src/test/resources/features/DetailDataPasien.feature:4&amp#27;[0m
11:12:31.149 [main] INFO io.cucumber.core.plugin.SerenityReporter - Running feature from file:///D:/New%20folder%20(2)/Capstone/Testing/src/test/resources/features/DetailDataPasien.feature
11:12:31.168 [main] INFO  - 
  _____   ___   ___   _____     ___   _____     _     ___   _____   ___   ___  
 |_   _| | __| / __| |_   _|   / __| |_   _|   /_\   | _ \ |_   _| | __| |   \ 
   | |   | _|  \__ \   | |     \__ \   | |    / _ \  |   /   | |   | _|  | |) |
   |_|   |___| |___/   |_|     |___/   |_|   /_/ \_\ |_|_\   |_|   |___| |___/ 

As a admin i want to detail data pasien(detail-data-pasien---admin;as-a-admin-i-want-to-detail-data-pasien)
--------------------------------------------------------------------------------
11:12:31.251 [main] DEBUG net.thucydides.core.steps.StepInterceptor - STARTING STEP: PatientDataSteps.openPageDataPasien - openDataPasien
11:12:31.259 [main] INFO net.serenitybdd.core.webdriver.driverproviders.ChromeDriverProvider - Using automatically driver download
11:12:31.559 [main] DEBUG io.github.bonigarcia.wdm.cache.ResolutionCache - Resolution chrome=102 in cache (valid until 12:10:27 18/06/2022 ICT)
11:12:31.570 [main] DEBUG io.github.bonigarcia.wdm.cache.ResolutionCache - Resolution chrome102=102.0.5005.61 in cache (valid until 19:49:35 18/06/2022 ICT)
11:12:31.580 [main] INFO io.github.bonigarcia.wdm.WebDriverManager - Using chromedriver 102.0.5005.61 (resolved driver for Chrome 102)
11:12:31.618 [main] DEBUG io.github.bonigarcia.wdm.WebDriverManager - Driver chromedriver 102.0.5005.61 found in cache
11:12:31.621 [main] INFO io.github.bonigarcia.wdm.WebDriverManager - Exporting webdriver.chrome.driver as C:\Users\ASUS\.cache\selenium\chromedriver\win32\102.0.5005.61\chromedriver.exe
11:12:31.896 [main] DEBUG net.serenitybdd.core.webdriver.driverproviders.ProvideNewDriver - Instantiating driver
11:12:31.896 [main] DEBUG net.serenitybdd.core.webdriver.driverproviders.ProvideNewDriver - Driver capabilities: Capabilities {acceptInsecureCerts: false, base.url: https://fanciful-trifle-360..., browserName: chrome, chore.driver: src/test/resources/webdrive..., driver: chrome, goog:chromeOptions: {args: [], extensions: []}}
11:12:32.497 [AsyncHttpClient-1-5] DEBUG org.asynchttpclient.netty.channel.NettyConnectListener - Using new Channel '[id: 0x6b12208a, L:/127.0.0.1:61303 - R:localhost/127.0.0.1:59049]' for 'POST' to '/session'
11:12:34.445 [AsyncHttpClient-1-5] DEBUG org.asynchttpclient.netty.handler.HttpHandler - 

Request DefaultHttpRequest(decodeResult: success, version: HTTP/1.1)
POST /session HTTP/1.1
User-Agent: selenium/4.1.2 (java windows)
Content-Length: 628
Content-Type: application/json; charset=utf-8
host: localhost:59049
accept: */*

Response DefaultHttpResponse(decodeResult: success, version: HTTP/1.1)
HTTP/1.1 200 OK
Content-Type: application/json; charset=utf-8
cache-control: no-cache
content-length: 790

11:12:34.445 [AsyncHttpClient-1-5] DEBUG org.asynchttpclient.netty.channel.ChannelManager - Adding key: http://localhost:59049 for channel [id: 0x6b12208a, L:/127.0.0.1:61303 - R:localhost/127.0.0.1:59049]
11:12:34.469 [AsyncHttpClient-1-6] DEBUG org.asynchttpclient.netty.channel.NettyConnectListener - Using new Channel '[id: 0xc7b77269, L:/127.0.0.1:61313 - R:localhost/127.0.0.1:61305]' for 'GET' to '/json/version'
11:12:34.480 [AsyncHttpClient-1-6] DEBUG org.asynchttpclient.netty.handler.HttpHandler - 

Request DefaultFullHttpRequest(decodeResult: success, version: HTTP/1.1, content: EmptyByteBufBE)
GET /json/version HTTP/1.1
User-Agent: selenium/4.1.2 (java windows)
host: localhost:61305
accept: */*

Response DefaultHttpResponse(decodeResult: success, version: HTTP/1.1)
HTTP/1.1 200 OK
Content-Type: application/json; charset=UTF-8
content-length: 428

11:12:34.480 [AsyncHttpClient-1-6] DEBUG org.asynchttpclient.netty.channel.ChannelManager - Adding key: http://localhost:61305 for channel [id: 0xc7b77269, L:/127.0.0.1:61313 - R:localhost/127.0.0.1:61305]
11:12:34.488 [AsyncHttpClient-1-7] DEBUG org.asynchttpclient.netty.channel.NettyConnectListener - Using new Channel '[id: 0xbd0739b8, L:/127.0.0.1:61314 - R:localhost/127.0.0.1:61305]' for 'GET' to '/devtools/browser/83ad54d0-5dfc-46af-bda4-ada84bfc2371'
11:12:34.495 [AsyncHttpClient-1-7] DEBUG org.asynchttpclient.netty.handler.WebSocketHandler - 

Request DefaultFullHttpRequest(decodeResult: success, version: HTTP/1.1, content: EmptyByteBufBE)
GET /devtools/browser/83ad54d0-5dfc-46af-bda4-ada84bfc2371 HTTP/1.1
upgrade: websocket
connection: upgrade
sec-websocket-key: x7NDqRqpUqh/g9r0Ti9YMQ==
sec-websocket-version: 13
origin: http://localhost:61305
host: localhost:61305
accept: */*
user-agent: AHC/2.1

Response DefaultHttpResponse(decodeResult: success, version: HTTP/1.1)
HTTP/1.1 101 WebSocket Protocol Handshake
Upgrade: WebSocket
Connection: Upgrade
Sec-WebSocket-Accept: Y7fgQwbTC097B6EXG6hYYEx7LZ0=

11:12:34.508 [Forwarding get on session 5019b82931808d434dd8ede639b6d954 to remote] DEBUG org.asynchttpclient.netty.request.NettyRequestSender - Using pooled Channel '[id: 0x6b12208a, L:/127.0.0.1:61303 - R:localhost/127.0.0.1:59049]' for 'POST' to 'http://localhost:59049/session/5019b82931808d434dd8ede639b6d954/url'
11:12:34.508 [Forwarding get on session 5019b82931808d434dd8ede639b6d954 to remote] DEBUG org.asynchttpclient.netty.request.NettyRequestSender - Using open Channel [id: 0x6b12208a, L:/127.0.0.1:61303 - R:localhost/127.0.0.1:59049] for POST '/session/5019b82931808d434dd8ede639b6d954/url'
11:12:35.014 [AsyncHttpClient-1-1] DEBUG org.asynchttpclient.netty.channel.DefaultChannelPool - Entry count for : http://localhost:61305 : 1
11:12:36.113 [AsyncHttpClient-1-1] DEBUG org.asynchttpclient.netty.channel.DefaultChannelPool - Entry count for : http://localhost:61305 : 1
11:12:36.505 [AsyncHttpClient-1-5] DEBUG org.asynchttpclient.netty.handler.HttpHandler - 

Request DefaultHttpRequest(decodeResult: success, version: HTTP/1.1)
POST /session/5019b82931808d434dd8ede639b6d954/url HTTP/1.1
User-Agent: selenium/4.1.2 (java windows)
Content-Length: 84
Content-Type: application/json; charset=utf-8
host: localhost:59049
accept: */*

Response DefaultHttpResponse(decodeResult: success, version: HTTP/1.1)
HTTP/1.1 200 OK
Content-Type: application/json; charset=utf-8
cache-control: no-cache
content-length: 14

11:12:36.506 [AsyncHttpClient-1-5] DEBUG org.asynchttpclient.netty.channel.ChannelManager - Adding key: http://localhost:59049 for channel [id: 0x6b12208a, L:/127.0.0.1:61303 - R:localhost/127.0.0.1:59049]
11:12:36.508 [Forwarding setTimeout on session 5019b82931808d434dd8ede639b6d954 to remote] DEBUG org.asynchttpclient.netty.request.NettyRequestSender - Using pooled Channel '[id: 0x6b12208a, L:/127.0.0.1:61303 - R:localhost/127.0.0.1:59049]' for 'POST' to 'http://localhost:59049/session/5019b82931808d434dd8ede639b6d954/timeouts'
11:12:36.508 [Forwarding setTimeout on session 5019b82931808d434dd8ede639b6d954 to remote] DEBUG org.asynchttpclient.netty.request.NettyRequestSender - Using open Channel [id: 0x6b12208a, L:/127.0.0.1:61303 - R:localhost/127.0.0.1:59049] for POST '/session/5019b82931808d434dd8ede639b6d954/timeouts'
11:12:36.511 [AsyncHttpClient-1-5] DEBUG org.asynchttpclient.netty.handler.HttpHandler - 

Request DefaultHttpRequest(decodeResult: success, version: HTTP/1.1)
POST /session/5019b82931808d434dd8ede639b6d954/timeouts HTTP/1.1
User-Agent: selenium/4.1.2 (java windows)
Content-Length: 22
Content-Type: application/json; charset=utf-8
host: localhost:59049
accept: */*

Response DefaultHttpResponse(decodeResult: success, version: HTTP/1.1)
HTTP/1.1 200 OK
Content-Type: application/json; charset=utf-8
cache-control: no-cache
content-length: 14

11:12:36.511 [AsyncHttpClient-1-5] DEBUG org.asynchttpclient.netty.channel.ChannelManager - Adding key: http://localhost:59049 for channel [id: 0x6b12208a, L:/127.0.0.1:61303 - R:localhost/127.0.0.1:59049]
11:12:36.517 [Forwarding getCurrentUrl on session 5019b82931808d434dd8ede639b6d954 to remote] DEBUG org.asynchttpclient.netty.request.NettyRequestSender - Using pooled Channel '[id: 0x6b12208a, L:/127.0.0.1:61303 - R:localhost/127.0.0.1:59049]' for 'GET' to 'http://localhost:59049/session/5019b82931808d434dd8ede639b6d954/url'
11:12:36.517 [Forwarding getCurrentUrl on session 5019b82931808d434dd8ede639b6d954 to remote] DEBUG org.asynchttpclient.netty.request.NettyRequestSender - Using open Channel [id: 0x6b12208a, L:/127.0.0.1:61303 - R:localhost/127.0.0.1:59049] for GET '/session/5019b82931808d434dd8ede639b6d954/url'
11:12:36.602 [AsyncHttpClient-1-5] DEBUG org.asynchttpclient.netty.handler.HttpHandler - 

Request DefaultFullHttpRequest(decodeResult: success, version: HTTP/1.1, content: EmptyByteBufBE)
GET /session/5019b82931808d434dd8ede639b6d954/url HTTP/1.1
User-Agent: selenium/4.1.2 (java windows)
Cache-Control: no-cache
Content-Type: application/json; charset=utf-8
host: localhost:59049
accept: */*

Response DefaultHttpResponse(decodeResult: success, version: HTTP/1.1)
HTTP/1.1 200 OK
Content-Type: application/json; charset=utf-8
cache-control: no-cache
content-length: 66

11:12:36.602 [AsyncHttpClient-1-5] DEBUG org.asynchttpclient.netty.channel.ChannelManager - Adding key: http://localhost:59049 for channel [id: 0x6b12208a, L:/127.0.0.1:61303 - R:localhost/127.0.0.1:59049]
11:12:36.615 [main] DEBUG net.serenitybdd.core.photography.Darkroom - Opening darkroom
11:12:36.616 [Darkroom Processing Line] DEBUG net.serenitybdd.core.photography.DarkroomProcessingLine - Darkroom processing line starting up
11:12:36.616 [Forwarding screenshot on session 5019b82931808d434dd8ede639b6d954 to remote] DEBUG org.asynchttpclient.netty.request.NettyRequestSender - Using pooled Channel '[id: 0x6b12208a, L:/127.0.0.1:61303 - R:localhost/127.0.0.1:59049]' for 'GET' to 'http://localhost:59049/session/5019b82931808d434dd8ede639b6d954/screenshot'
11:12:36.616 [Forwarding screenshot on session 5019b82931808d434dd8ede639b6d954 to remote] DEBUG org.asynchttpclient.netty.request.NettyRequestSender - Using open Channel [id: 0x6b12208a, L:/127.0.0.1:61303 - R:localhost/127.0.0.1:59049] for GET '/session/5019b82931808d434dd8ede639b6d954/screenshot'
11:12:37.213 [AsyncHttpClient-1-1] DEBUG org.asynchttpclient.netty.channel.DefaultChannelPool - Entry count for : http://localhost:61305 : 1
11:12:37.686 [AsyncHttpClient-1-5] DEBUG org.asynchttpclient.netty.handler.HttpHandler - 

Request DefaultFullHttpRequest(decodeResult: success, version: HTTP/1.1, content: EmptyByteBufBE)
GET /session/5019b82931808d434dd8ede639b6d954/screenshot HTTP/1.1
User-Agent: selenium/4.1.2 (java windows)
Cache-Control: no-cache
Content-Type: application/json; charset=utf-8
host: localhost:59049
accept: */*

Response DefaultHttpResponse(decodeResult: success, version: HTTP/1.1)
HTTP/1.1 200 OK
Content-Type: application/json; charset=utf-8
cache-control: no-cache
content-length: 66608

11:12:37.687 [AsyncHttpClient-1-5] DEBUG org.asynchttpclient.netty.channel.ChannelManager - Adding key: http://localhost:59049 for channel [id: 0x6b12208a, L:/127.0.0.1:61303 - R:localhost/127.0.0.1:59049]
11:12:37.695 [main] DEBUG net.serenitybdd.core.photography.Darkroom - Send negative for processing for target\site\serenity\3b111ae00db26295d7ecbde886ea4451aead6619240013077047abd82e88d678.png
11:12:37.696 [main] DEBUG net.thucydides.core.steps.StepInterceptor - STEP DONE: openDataPasien
  &amp#27;[32mGiven &amp#27;[0m&amp#27;[32mOpen page data pasien&amp#27;[0m                     &amp#27;[90m# starter.stepdefinitios.PatientDataSteps.openPageDataPasien()&amp#27;[0m
11:12:37.751 [Forwarding screenshot on session 5019b82931808d434dd8ede639b6d954 to remote] DEBUG org.asynchttpclient.netty.request.NettyRequestSender - Using pooled Channel '[id: 0x6b12208a, L:/127.0.0.1:61303 - R:localhost/127.0.0.1:59049]' for 'GET' to 'http://localhost:59049/session/5019b82931808d434dd8ede639b6d954/screenshot'
11:12:37.751 [Forwarding screenshot on session 5019b82931808d434dd8ede639b6d954 to remote] DEBUG org.asynchttpclient.netty.request.NettyRequestSender - Using open Channel [id: 0x6b12208a, L:/127.0.0.1:61303 - R:localhost/127.0.0.1:59049] for GET '/session/5019b82931808d434dd8ede639b6d954/screenshot'
11:12:37.993 [AsyncHttpClient-1-5] DEBUG org.asynchttpclient.netty.handler.HttpHandler - 

Request DefaultFullHttpRequest(decodeResult: success, version: HTTP/1.1, content: EmptyByteBufBE)
GET /session/5019b82931808d434dd8ede639b6d954/screenshot HTTP/1.1
User-Agent: selenium/4.1.2 (java windows)
Cache-Control: no-cache
Content-Type: application/json; charset=utf-8
host: localhost:59049
accept: */*

Response DefaultHttpResponse(decodeResult: success, version: HTTP/1.1)
HTTP/1.1 200 OK
Content-Type: application/json; charset=utf-8
cache-control: no-cache
content-length: 80400

11:12:37.993 [AsyncHttpClient-1-5] DEBUG org.asynchttpclient.netty.channel.ChannelManager - Adding key: http://localhost:59049 for channel [id: 0x6b12208a, L:/127.0.0.1:61303 - R:localhost/127.0.0.1:59049]
11:12:38.003 [main] DEBUG net.serenitybdd.core.photography.Darkroom - Send negative for processing for target\site\serenity\3d35c08ad4f11e6ea64db7c02a30f245e27981a426ecc0b9c8bb2d729abc7be1.png
11:12:38.004 [main] DEBUG net.thucydides.core.steps.StepInterceptor - STARTING STEP: PatientDataSteps.clickDetailPatientData - clickButtonDetail
11:12:38.012 [Forwarding findElement on session 5019b82931808d434dd8ede639b6d954 to remote] DEBUG org.asynchttpclient.netty.request.NettyRequestSender - Using pooled Channel '[id: 0x6b12208a, L:/127.0.0.1:61303 - R:localhost/127.0.0.1:59049]' for 'POST' to 'http://localhost:59049/session/5019b82931808d434dd8ede639b6d954/element'
11:12:38.012 [Forwarding findElement on session 5019b82931808d434dd8ede639b6d954 to remote] DEBUG org.asynchttpclient.netty.request.NettyRequestSender - Using open Channel [id: 0x6b12208a, L:/127.0.0.1:61303 - R:localhost/127.0.0.1:59049] for POST '/session/5019b82931808d434dd8ede639b6d954/element'
11:12:38.039 [AsyncHttpClient-1-5] DEBUG org.asynchttpclient.netty.handler.HttpHandler - 

Request DefaultHttpRequest(decodeResult: success, version: HTTP/1.1)
POST /session/5019b82931808d434dd8ede639b6d954/element HTTP/1.1
User-Agent: selenium/4.1.2 (java windows)
Content-Length: 92
Content-Type: application/json; charset=utf-8
host: localhost:59049
accept: */*

Response DefaultHttpResponse(decodeResult: success, version: HTTP/1.1)
HTTP/1.1 200 OK
Content-Type: application/json; charset=utf-8
cache-control: no-cache
content-length: 88

11:12:38.039 [AsyncHttpClient-1-5] DEBUG org.asynchttpclient.netty.channel.ChannelManager - Adding key: http://localhost:59049 for channel [id: 0x6b12208a, L:/127.0.0.1:61303 - R:localhost/127.0.0.1:59049]
11:12:38.043 [Forwarding getElementTagName on session 5019b82931808d434dd8ede639b6d954 to remote] DEBUG org.asynchttpclient.netty.request.NettyRequestSender - Using pooled Channel '[id: 0x6b12208a, L:/127.0.0.1:61303 - R:localhost/127.0.0.1:59049]' for 'GET' to 'http://localhost:59049/session/5019b82931808d434dd8ede639b6d954/element/bdc17a4c-d8a6-4881-8d19-f94e5df7800e/name'
11:12:38.043 [Forwarding getElementTagName on session 5019b82931808d434dd8ede639b6d954 to remote] DEBUG org.asynchttpclient.netty.request.NettyRequestSender - Using open Channel [id: 0x6b12208a, L:/127.0.0.1:61303 - R:localhost/127.0.0.1:59049] for GET '/session/5019b82931808d434dd8ede639b6d954/element/bdc17a4c-d8a6-4881-8d19-f94e5df7800e/name'
11:12:38.052 [AsyncHttpClient-1-5] DEBUG org.asynchttpclient.netty.handler.HttpHandler - 

Request DefaultFullHttpRequest(decodeResult: success, version: HTTP/1.1, content: EmptyByteBufBE)
GET /session/5019b82931808d434dd8ede639b6d954/element/bdc17a4c-d8a6-4881-8d19-f94e5df7800e/name HTTP/1.1
User-Agent: selenium/4.1.2 (java windows)
Cache-Control: no-cache
Content-Type: application/json; charset=utf-8
host: localhost:59049
accept: */*

Response DefaultHttpResponse(decodeResult: success, version: HTTP/1.1)
HTTP/1.1 200 OK
Content-Type: application/json; charset=utf-8
cache-control: no-cache
content-length: 15

11:12:38.052 [AsyncHttpClient-1-5] DEBUG org.asynchttpclient.netty.channel.ChannelManager - Adding key: http://localhost:59049 for channel [id: 0x6b12208a, L:/127.0.0.1:61303 - R:localhost/127.0.0.1:59049]
11:12:38.054 [Forwarding getElementTagName on session 5019b82931808d434dd8ede639b6d954 to remote] DEBUG org.asynchttpclient.netty.request.NettyRequestSender - Using pooled Channel '[id: 0x6b12208a, L:/127.0.0.1:61303 - R:localhost/127.0.0.1:59049]' for 'GET' to 'http://localhost:59049/session/5019b82931808d434dd8ede639b6d954/element/bdc17a4c-d8a6-4881-8d19-f94e5df7800e/name'
11:12:38.054 [Forwarding getElementTagName on session 5019b82931808d434dd8ede639b6d954 to remote] DEBUG org.asynchttpclient.netty.request.NettyRequestSender - Using open Channel [id: 0x6b12208a, L:/127.0.0.1:61303 - R:localhost/127.0.0.1:59049] for GET '/session/5019b82931808d434dd8ede639b6d954/element/bdc17a4c-d8a6-4881-8d19-f94e5df7800e/name'
11:12:38.063 [AsyncHttpClient-1-5] DEBUG org.asynchttpclient.netty.handler.HttpHandler - 

Request DefaultFullHttpRequest(decodeResult: success, version: HTTP/1.1, content: EmptyByteBufBE)
GET /session/5019b82931808d434dd8ede639b6d954/element/bdc17a4c-d8a6-4881-8d19-f94e5df7800e/name HTTP/1.1
User-Agent: selenium/4.1.2 (java windows)
Cache-Control: no-cache
Content-Type: application/json; charset=utf-8
host: localhost:59049
accept: */*

Response DefaultHttpResponse(decodeResult: success, version: HTTP/1.1)
HTTP/1.1 200 OK
Content-Type: application/json; charset=utf-8
cache-control: no-cache
content-length: 15

11:12:38.063 [AsyncHttpClient-1-5] DEBUG org.asynchttpclient.netty.channel.ChannelManager - Adding key: http://localhost:59049 for channel [id: 0x6b12208a, L:/127.0.0.1:61303 - R:localhost/127.0.0.1:59049]
11:12:38.066 [Forwarding findElement on session 5019b82931808d434dd8ede639b6d954 to remote] DEBUG org.asynchttpclient.netty.request.NettyRequestSender - Using pooled Channel '[id: 0x6b12208a, L:/127.0.0.1:61303 - R:localhost/127.0.0.1:59049]' for 'POST' to 'http://localhost:59049/session/5019b82931808d434dd8ede639b6d954/element'
11:12:38.066 [Forwarding findElement on session 5019b82931808d434dd8ede639b6d954 to remote] DEBUG org.asynchttpclient.netty.request.NettyRequestSender - Using open Channel [id: 0x6b12208a, L:/127.0.0.1:61303 - R:localhost/127.0.0.1:59049] for POST '/session/5019b82931808d434dd8ede639b6d954/element'
11:12:38.085 [AsyncHttpClient-1-5] DEBUG org.asynchttpclient.netty.handler.HttpHandler - 

Request DefaultHttpRequest(decodeResult: success, version: HTTP/1.1)
POST /session/5019b82931808d434dd8ede639b6d954/element HTTP/1.1
User-Agent: selenium/4.1.2 (java windows)
Content-Length: 92
Content-Type: application/json; charset=utf-8
host: localhost:59049
accept: */*

Response DefaultHttpResponse(decodeResult: success, version: HTTP/1.1)
HTTP/1.1 200 OK
Content-Type: application/json; charset=utf-8
cache-control: no-cache
content-length: 88

11:12:38.085 [AsyncHttpClient-1-5] DEBUG org.asynchttpclient.netty.channel.ChannelManager - Adding key: http://localhost:59049 for channel [id: 0x6b12208a, L:/127.0.0.1:61303 - R:localhost/127.0.0.1:59049]
11:12:38.087 [Forwarding clickElement on session 5019b82931808d434dd8ede639b6d954 to remote] DEBUG org.asynchttpclient.netty.request.NettyRequestSender - Using pooled Channel '[id: 0x6b12208a, L:/127.0.0.1:61303 - R:localhost/127.0.0.1:59049]' for 'POST' to 'http://localhost:59049/session/5019b82931808d434dd8ede639b6d954/element/bdc17a4c-d8a6-4881-8d19-f94e5df7800e/click'
11:12:38.088 [Forwarding clickElement on session 5019b82931808d434dd8ede639b6d954 to remote] DEBUG org.asynchttpclient.netty.request.NettyRequestSender - Using open Channel [id: 0x6b12208a, L:/127.0.0.1:61303 - R:localhost/127.0.0.1:59049] for POST '/session/5019b82931808d434dd8ede639b6d954/element/bdc17a4c-d8a6-4881-8d19-f94e5df7800e/click'
11:12:38.314 [AsyncHttpClient-1-1] DEBUG org.asynchttpclient.netty.channel.DefaultChannelPool - Entry count for : http://localhost:61305 : 1
11:12:38.529 [AsyncHttpClient-1-5] DEBUG org.asynchttpclient.netty.handler.HttpHandler - 

Request DefaultHttpRequest(decodeResult: success, version: HTTP/1.1)
POST /session/5019b82931808d434dd8ede639b6d954/element/bdc17a4c-d8a6-4881-8d19-f94e5df7800e/click HTTP/1.1
User-Agent: selenium/4.1.2 (java windows)
Content-Length: 50
Content-Type: application/json; charset=utf-8
host: localhost:59049
accept: */*

Response DefaultHttpResponse(decodeResult: success, version: HTTP/1.1)
HTTP/1.1 200 OK
Content-Type: application/json; charset=utf-8
cache-control: no-cache
content-length: 14

11:12:38.529 [AsyncHttpClient-1-5] DEBUG org.asynchttpclient.netty.channel.ChannelManager - Adding key: http://localhost:59049 for channel [id: 0x6b12208a, L:/127.0.0.1:61303 - R:localhost/127.0.0.1:59049]
11:12:38.549 [Forwarding screenshot on session 5019b82931808d434dd8ede639b6d954 to remote] DEBUG org.asynchttpclient.netty.request.NettyRequestSender - Using pooled Channel '[id: 0x6b12208a, L:/127.0.0.1:61303 - R:localhost/127.0.0.1:59049]' for 'GET' to 'http://localhost:59049/session/5019b82931808d434dd8ede639b6d954/screenshot'
11:12:38.549 [Forwarding screenshot on session 5019b82931808d434dd8ede639b6d954 to remote] DEBUG org.asynchttpclient.netty.request.NettyRequestSender - Using open Channel [id: 0x6b12208a, L:/127.0.0.1:61303 - R:localhost/127.0.0.1:59049] for GET '/session/5019b82931808d434dd8ede639b6d954/screenshot'
11:12:39.247 [AsyncHttpClient-1-5] DEBUG org.asynchttpclient.netty.handler.HttpHandler - 

Request DefaultFullHttpRequest(decodeResult: success, version: HTTP/1.1, content: EmptyByteBufBE)
GET /session/5019b82931808d434dd8ede639b6d954/screenshot HTTP/1.1
User-Agent: selenium/4.1.2 (java windows)
Cache-Control: no-cache
Content-Type: application/json; charset=utf-8
host: localhost:59049
accept: */*

Response DefaultHttpResponse(decodeResult: success, version: HTTP/1.1)
HTTP/1.1 200 OK
Content-Type: application/json; charset=utf-8
cache-control: no-cache
content-length: 54172

11:12:39.247 [AsyncHttpClient-1-5] DEBUG org.asynchttpclient.netty.channel.ChannelManager - Adding key: http://localhost:59049 for channel [id: 0x6b12208a, L:/127.0.0.1:61303 - R:localhost/127.0.0.1:59049]
11:12:39.252 [main] DEBUG net.serenitybdd.core.photography.Darkroom - Send negative for processing for target\site\serenity\6b082b9b60cbac907f06ee58e9e75bd90e7bdeb85c836fde47b49e58304fdfd1.png
11:12:39.252 [main] DEBUG net.thucydides.core.steps.StepInterceptor - STEP DONE: clickButtonDetail
  &amp#27;[32mWhen &amp#27;[0m&amp#27;[32mClick Detail Patient data&amp#27;[0m                  &amp#27;[90m# starter.stepdefinitios.PatientDataSteps.clickDetailPatientData()&amp#27;[0m
11:12:39.253 [Darkroom Processing Line] DEBUG net.serenitybdd.core.photography.DarkroomProcessingLine - Processing screenshot image in /var/screenshots/screenshot-3829636683880254470
11:12:39.253 [Darkroom Processing Line] DEBUG net.serenitybdd.core.photography.DarkroomProcessingLine - Saving screenshot to target\site\serenity\6b082b9b60cbac907f06ee58e9e75bd90e7bdeb85c836fde47b49e58304fdfd1.png
11:12:39.413 [AsyncHttpClient-1-1] DEBUG org.asynchttpclient.netty.channel.DefaultChannelPool - Entry count for : http://localhost:59049 : 1
11:12:39.413 [AsyncHttpClient-1-1] DEBUG org.asynchttpclient.netty.channel.DefaultChannelPool - Entry count for : http://localhost:61305 : 1
11:12:39.800 [Forwarding screenshot on session 5019b82931808d434dd8ede639b6d954 to remote] DEBUG org.asynchttpclient.netty.request.NettyRequestSender - Using pooled Channel '[id: 0x6b12208a, L:/127.0.0.1:61303 - R:localhost/127.0.0.1:59049]' for 'GET' to 'http://localhost:59049/session/5019b82931808d434dd8ede639b6d954/screenshot'
11:12:39.800 [Forwarding screenshot on session 5019b82931808d434dd8ede639b6d954 to remote] DEBUG org.asynchttpclient.netty.request.NettyRequestSender - Using open Channel [id: 0x6b12208a, L:/127.0.0.1:61303 - R:localhost/127.0.0.1:59049] for GET '/session/5019b82931808d434dd8ede639b6d954/screenshot'
11:12:40.170 [AsyncHttpClient-1-5] DEBUG org.asynchttpclient.netty.handler.HttpHandler - 

Request DefaultFullHttpRequest(decodeResult: success, version: HTTP/1.1, content: EmptyByteBufBE)
GET /session/5019b82931808d434dd8ede639b6d954/screenshot HTTP/1.1
User-Agent: selenium/4.1.2 (java windows)
Cache-Control: no-cache
Content-Type: application/json; charset=utf-8
host: localhost:59049
accept: */*

Response DefaultHttpResponse(decodeResult: success, version: HTTP/1.1)
HTTP/1.1 200 OK
Content-Type: application/json; charset=utf-8
cache-control: no-cache
content-length: 407648

11:12:40.174 [AsyncHttpClient-1-5] DEBUG org.asynchttpclient.netty.channel.ChannelManager - Adding key: http://localhost:59049 for channel [id: 0x6b12208a, L:/127.0.0.1:61303 - R:localhost/127.0.0.1:59049]
11:12:40.207 [main] DEBUG net.serenitybdd.core.photography.Darkroom - Send negative for processing for target\site\serenity\3104e03b342f2ccd11d1c289b6bfc4b9c2e589a0aad0fdf25ac56e20740c761c.png
11:12:40.208 [main] DEBUG net.thucydides.core.steps.StepInterceptor - STARTING STEP: PatientDataSteps.validData - checkValidDataPasien
11:12:40.214 [Darkroom Processing Line] DEBUG net.serenitybdd.core.photography.DarkroomProcessingLine - Processing screenshot image in /var/screenshots/screenshot-5823478986615277714
11:12:40.214 [Darkroom Processing Line] DEBUG net.serenitybdd.core.photography.DarkroomProcessingLine - Saving screenshot to target\site\serenity\3104e03b342f2ccd11d1c289b6bfc4b9c2e589a0aad0fdf25ac56e20740c761c.png
11:12:40.215 [Forwarding findElement on session 5019b82931808d434dd8ede639b6d954 to remote] DEBUG org.asynchttpclient.netty.request.NettyRequestSender - Using pooled Channel '[id: 0x6b12208a, L:/127.0.0.1:61303 - R:localhost/127.0.0.1:59049]' for 'POST' to 'http://localhost:59049/session/5019b82931808d434dd8ede639b6d954/element'
11:12:40.215 [Forwarding findElement on session 5019b82931808d434dd8ede639b6d954 to remote] DEBUG org.asynchttpclient.netty.request.NettyRequestSender - Using open Channel [id: 0x6b12208a, L:/127.0.0.1:61303 - R:localhost/127.0.0.1:59049] for POST '/session/5019b82931808d434dd8ede639b6d954/element'
11:12:40.268 [AsyncHttpClient-1-5] DEBUG org.asynchttpclient.netty.handler.HttpHandler - 

Request DefaultHttpRequest(decodeResult: success, version: HTTP/1.1)
POST /session/5019b82931808d434dd8ede639b6d954/element HTTP/1.1
User-Agent: selenium/4.1.2 (java windows)
Content-Length: 95
Content-Type: application/json; charset=utf-8
host: localhost:59049
accept: */*

Response DefaultHttpResponse(decodeResult: success, version: HTTP/1.1)
HTTP/1.1 200 OK
Content-Type: application/json; charset=utf-8
cache-control: no-cache
content-length: 88

11:12:40.268 [AsyncHttpClient-1-5] DEBUG org.asynchttpclient.netty.channel.ChannelManager - Adding key: http://localhost:59049 for channel [id: 0x6b12208a, L:/127.0.0.1:61303 - R:localhost/127.0.0.1:59049]
11:12:40.269 [Forwarding isElementEnabled on session 5019b82931808d434dd8ede639b6d954 to remote] DEBUG org.asynchttpclient.netty.request.NettyRequestSender - Using pooled Channel '[id: 0x6b12208a, L:/127.0.0.1:61303 - R:localhost/127.0.0.1:59049]' for 'GET' to 'http://localhost:59049/session/5019b82931808d434dd8ede639b6d954/element/919325cd-ab2a-4863-ae0c-badc9eb28307/enabled'
11:12:40.269 [Forwarding isElementEnabled on session 5019b82931808d434dd8ede639b6d954 to remote] DEBUG org.asynchttpclient.netty.request.NettyRequestSender - Using open Channel [id: 0x6b12208a, L:/127.0.0.1:61303 - R:localhost/127.0.0.1:59049] for GET '/session/5019b82931808d434dd8ede639b6d954/element/919325cd-ab2a-4863-ae0c-badc9eb28307/enabled'
11:12:40.299 [AsyncHttpClient-1-5] DEBUG org.asynchttpclient.netty.handler.HttpHandler - 

Request DefaultFullHttpRequest(decodeResult: success, version: HTTP/1.1, content: EmptyByteBufBE)
GET /session/5019b82931808d434dd8ede639b6d954/element/919325cd-ab2a-4863-ae0c-badc9eb28307/enabled HTTP/1.1
User-Agent: selenium/4.1.2 (java windows)
Cache-Control: no-cache
Content-Type: application/json; charset=utf-8
host: localhost:59049
accept: */*

Response DefaultHttpResponse(decodeResult: success, version: HTTP/1.1)
HTTP/1.1 200 OK
Content-Type: application/json; charset=utf-8
cache-control: no-cache
content-length: 14

11:12:40.300 [AsyncHttpClient-1-5] DEBUG org.asynchttpclient.netty.channel.ChannelManager - Adding key: http://localhost:59049 for channel [id: 0x6b12208a, L:/127.0.0.1:61303 - R:localhost/127.0.0.1:59049]
11:12:40.318 [Forwarding screenshot on session 5019b82931808d434dd8ede639b6d954 to remote] DEBUG org.asynchttpclient.netty.request.NettyRequestSender - Using pooled Channel '[id: 0x6b12208a, L:/127.0.0.1:61303 - R:localhost/127.0.0.1:59049]' for 'GET' to 'http://localhost:59049/session/5019b82931808d434dd8ede639b6d954/screenshot'
11:12:40.318 [Forwarding screenshot on session 5019b82931808d434dd8ede639b6d954 to remote] DEBUG org.asynchttpclient.netty.request.NettyRequestSender - Using open Channel [id: 0x6b12208a, L:/127.0.0.1:61303 - R:localhost/127.0.0.1:59049] for GET '/session/5019b82931808d434dd8ede639b6d954/screenshot'
11:12:40.516 [AsyncHttpClient-1-1] DEBUG org.asynchttpclient.netty.channel.DefaultChannelPool - Entry count for : http://localhost:61305 : 1
11:12:40.848 [AsyncHttpClient-1-5] DEBUG org.asynchttpclient.netty.handler.HttpHandler - 

Request DefaultFullHttpRequest(decodeResult: success, version: HTTP/1.1, content: EmptyByteBufBE)
GET /session/5019b82931808d434dd8ede639b6d954/screenshot HTTP/1.1
User-Agent: selenium/4.1.2 (java windows)
Cache-Control: no-cache
Content-Type: application/json; charset=utf-8
host: localhost:59049
accept: */*

Response DefaultHttpResponse(decodeResult: success, version: HTTP/1.1)
HTTP/1.1 200 OK
Content-Type: application/json; charset=utf-8
cache-control: no-cache
content-length: 407648

11:12:40.849 [AsyncHttpClient-1-5] DEBUG org.asynchttpclient.netty.channel.ChannelManager - Adding key: http://localhost:59049 for channel [id: 0x6b12208a, L:/127.0.0.1:61303 - R:localhost/127.0.0.1:59049]
11:12:40.885 [main] DEBUG net.serenitybdd.core.photography.Darkroom - Send negative for processing for target\site\serenity\3104e03b342f2ccd11d1c289b6bfc4b9c2e589a0aad0fdf25ac56e20740c761c.png
11:12:40.885 [main] DEBUG net.thucydides.core.steps.StepInterceptor - STEP DONE: checkValidDataPasien
  &amp#27;[32mThen &amp#27;[0m&amp#27;[32mValid data detail pasien&amp#27;[0m                   &amp#27;[90m# starter.stepdefinitios.PatientDataSteps.validData()&amp#27;[0m
11:12:40.902 [main] INFO  - 
  _____   ___   ___   _____     ___     _     ___   ___   ___   ___  
 |_   _| | __| / __| |_   _|   | _ \   /_\   / __| / __| | __| |   \ 
   | |   | _|  \__ \   | |     |  _/  / _ \  \__ \ \__ \ | _|  | |) |
   |_|   |___| |___/   |_|     |_|   /_/ \_\ |___/ |___/ |___| |___/ 

As a admin i want to detail data pasien
----------------------------------------------------------------------
11:12:40.905 [AsyncHttpClient-1-7] DEBUG org.asynchttpclient.netty.handler.WebSocketHandler - Channel Closed: [id: 0xbd0739b8, L:/127.0.0.1:61314 ! R:localhost/127.0.0.1:61305] with attribute NettyResponseFuture{currentRetry=5,
	isDone=1,
	isCancelled=0,
	asyncHandler=org.asynchttpclient.ws.WebSocketUpgradeHandler@15ed4172,
	nettyRequest=org.asynchttpclient.netty.request.NettyRequest@ba3a2b0,
	future=java.util.concurrent.CompletableFuture@703f6fc9[Completed normally],
	uri=ws://localhost:61305/devtools/browser/83ad54d0-5dfc-46af-bda4-ada84bfc2371,
	keepAlive=true,
	redirectCount=0,
	timeoutsHolder=null,
	inAuth=0,
	touch=1655525554495}
11:12:40.906 [AsyncHttpClient-1-7] DEBUG org.asynchttpclient.netty.channel.ChannelManager - Closing Channel [id: 0xbd0739b8, L:/127.0.0.1:61314 ! R:localhost/127.0.0.1:61305] 
11:12:40.909 [Driver Command Executor] DEBUG org.asynchttpclient.netty.request.NettyRequestSender - Using pooled Channel '[id: 0x6b12208a, L:/127.0.0.1:61303 - R:localhost/127.0.0.1:59049]' for 'DELETE' to 'http://localhost:59049/session/5019b82931808d434dd8ede639b6d954'
11:12:40.912 [Driver Command Executor] DEBUG org.asynchttpclient.netty.request.NettyRequestSender - Using open Channel [id: 0x6b12208a, L:/127.0.0.1:61303 - R:localhost/127.0.0.1:59049] for DELETE '/session/5019b82931808d434dd8ede639b6d954'
11:12:41.281 [AsyncHttpClient-1-6] DEBUG org.asynchttpclient.netty.handler.HttpHandler - Unexpected I/O exception on channel [id: 0xc7b77269, L:/127.0.0.1:61313 - R:localhost/127.0.0.1:61305]
java.io.IOException: An existing connection was forcibly closed by the remote host
	at java.base/sun.nio.ch.SocketDispatcher.read0(Native Method)
	at java.base/sun.nio.ch.SocketDispatcher.read(SocketDispatcher.java:43)
	at java.base/sun.nio.ch.IOUtil.readIntoNativeBuffer(IOUtil.java:276)
	at java.base/sun.nio.ch.IOUtil.read(IOUtil.java:233)
	at java.base/sun.nio.ch.IOUtil.read(IOUtil.java:223)
	at java.base/sun.nio.ch.SocketChannelImpl.read(SocketChannelImpl.java:358)
	at io.netty.buffer.PooledByteBuf.setBytes(PooledByteBuf.java:258)
	at io.netty.buffer.AbstractByteBuf.writeBytes(AbstractByteBuf.java:1132)
	at io.netty.channel.socket.nio.NioSocketChannel.doReadBytes(NioSocketChannel.java:350)
	at io.netty.channel.nio.AbstractNioByteChannel$NioByteUnsafe.read(AbstractNioByteChannel.java:151)
	at io.netty.channel.nio.NioEventLoop.processSelectedKey(NioEventLoop.java:722)
	at io.netty.channel.nio.NioEventLoop.processSelectedKeysOptimized(NioEventLoop.java:658)
	at io.netty.channel.nio.NioEventLoop.processSelectedKeys(NioEventLoop.java:584)
	at io.netty.channel.nio.NioEventLoop.run(NioEventLoop.java:496)
	at io.netty.util.concurrent.SingleThreadEventExecutor$4.run(SingleThreadEventExecutor.java:986)
	at io.netty.util.internal.ThreadExecutorMap$2.run(ThreadExecutorMap.java:74)
	at io.netty.util.concurrent.FastThreadLocalRunnable.run(FastThreadLocalRunnable.java:30)
	at java.base/java.lang.Thread.run(Thread.java:834)
11:12:41.281 [AsyncHttpClient-1-6] DEBUG org.asynchttpclient.netty.channel.ChannelManager - Closing Channel [id: 0xc7b77269, L:/127.0.0.1:61313 - R:localhost/127.0.0.1:61305] 
11:12:41.282 [AsyncHttpClient-1-6] DEBUG org.asynchttpclient.netty.handler.HttpHandler - Channel Closed: [id: 0xc7b77269, L:/127.0.0.1:61313 ! R:localhost/127.0.0.1:61305] with attribute DISCARD
11:12:41.334 [AsyncHttpClient-1-5] DEBUG org.asynchttpclient.netty.handler.HttpHandler - 

Request DefaultFullHttpRequest(decodeResult: success, version: HTTP/1.1, content: EmptyByteBufBE)
DELETE /session/5019b82931808d434dd8ede639b6d954 HTTP/1.1
User-Agent: selenium/4.1.2 (java windows)
Content-Type: application/json; charset=utf-8
host: localhost:59049
accept: */*

Response DefaultHttpResponse(decodeResult: success, version: HTTP/1.1)
HTTP/1.1 200 OK
Content-Type: application/json; charset=utf-8
cache-control: no-cache
content-length: 14

11:12:41.334 [AsyncHttpClient-1-5] DEBUG org.asynchttpclient.netty.channel.ChannelManager - Adding key: http://localhost:59049 for channel [id: 0x6b12208a, L:/127.0.0.1:61303 - R:localhost/127.0.0.1:59049]
11:12:41.613 [AsyncHttpClient-1-1] DEBUG org.asynchttpclient.netty.channel.DefaultChannelPool - Entry count for : http://localhost:59049 : 1
11:12:41.613 [AsyncHttpClient-1-1] DEBUG org.asynchttpclient.netty.channel.DefaultChannelPool - Entry count for : http://localhost:61305 : 1
11:12:41.613 [AsyncHttpClient-1-1] DEBUG org.asynchttpclient.netty.channel.DefaultChannelPool - Adding Candidate expired Channel [id: 0xc7b77269, L:/127.0.0.1:61313 ! R:localhost/127.0.0.1:61305] isIdleTimeoutExpired=false isRemotelyClosed=true isTtlExpired=false
11:12:41.613 [AsyncHttpClient-1-1] DEBUG org.asynchttpclient.netty.channel.DefaultChannelPool - Closing Idle Channel [id: 0xc7b77269, L:/127.0.0.1:61313 ! R:localhost/127.0.0.1:61305]
11:12:41.613 [AsyncHttpClient-1-1] DEBUG org.asynchttpclient.netty.channel.DefaultChannelPool - Closed 1 connections out of 2 in 0 ms
11:12:41.676 [AsyncHttpClient-1-5] DEBUG org.asynchttpclient.netty.handler.HttpHandler - Channel Closed: [id: 0x6b12208a, L:/127.0.0.1:61303 ! R:localhost/127.0.0.1:59049] with attribute DISCARD
]]></system-out>
    <system-err><![CDATA[Starting ChromeDriver 102.0.5005.61 (0e59bcc00cc4985ce39ad31c150065f159d95ad3-refs/branch-heads/5005@{#819}) on port 59049
Only local connections are allowed.
Please see https://chromedriver.chromium.org/security-considerations for suggestions on keeping ChromeDriver safe.
ChromeDriver was started successfully.
Jun 18, 2022 11:12:34 AM org.openqa.selenium.remote.ProtocolHandshake createSession
INFO: Detected dialect: W3C
Jun 18, 2022 11:12:34 AM org.openqa.selenium.devtools.CdpVersionFinder findNearestMatch
WARNING: Unable to find an exact match for CDP version 102, so returning the closest version found: a no-op implementation
Jun 18, 2022 11:12:34 AM org.openqa.selenium.devtools.CdpVersionFinder findNearestMatch
INFO: Unable to find CDP implementation matching 102.
Jun 18, 2022 11:12:34 AM org.openqa.selenium.chromium.ChromiumDriver lambda$new$3
WARNING: Unable to find version of CDP to use for . You may need to include a dependency on a specific version of the CDP using something similar to `org.seleniumhq.selenium:selenium-devtools-v86:4.1.2` where the version ("v86") matches the version of the chromium-based browser you're using and the version number of the artifact is the same as Selenium's.
]]></system-err>
  </testcase>
  <testcase name="As a admin i want to edit data pasien #1" classname="Edit Data Pasien - Admin" time="26.504">
    <system-out><![CDATA[11:12:42.208 [main] INFO io.cucumber.core.plugin.SerenityReporter - Running feature from file:///D:/New%20folder%20(2)/Capstone/Testing/src/test/resources/features/EditDataPasien.feature
11:12:42.218 [main] DEBUG net.thucydides.core.steps.StepEventBus - Test suite started for story net.thucydides.core.model.Story@80fb723a
11:12:42.220 [main] INFO  - Test Suite Started: Edit Data Pasien - Admin

@EditPatientData
Scenario Outline: As a admin i want to edit data pasien                    &amp#27;[90m# src/test/resources/features/EditDataPasien.feature:16&amp#27;[0m
11:12:42.253 [main] INFO io.cucumber.core.plugin.SerenityReporter - Running feature from file:///D:/New%20folder%20(2)/Capstone/Testing/src/test/resources/features/EditDataPasien.feature
11:12:42.261 [main] INFO  - 
  _____   ___   ___   _____     ___   _____     _     ___   _____   ___   ___  
 |_   _| | __| / __| |_   _|   / __| |_   _|   /_\   | _ \ |_   _| | __| |   \ 
   | |   | _|  \__ \   | |     \__ \   | |    / _ \  |   /   | |   | _|  | |) |
   |_|   |___| |___/   |_|     |___/   |_|   /_/ \_\ |_|_\   |_|   |___| |___/ 

As a admin i want to edit data pasien(edit-data-pasien---admin;as-a-admin-i-want-to-edit-data-pasien)
--------------------------------------------------------------------------------
11:12:42.331 [main] DEBUG net.thucydides.core.steps.StepInterceptor - STARTING STEP: PatientDataSteps.openPageDataPasien - openDataPasien
11:12:42.333 [main] INFO net.serenitybdd.core.webdriver.driverproviders.ChromeDriverProvider - Using automatically driver download
11:12:42.649 [main] DEBUG io.github.bonigarcia.wdm.cache.ResolutionCache - Resolution chrome=102 in cache (valid until 12:10:27 18/06/2022 ICT)
11:12:42.671 [main] DEBUG io.github.bonigarcia.wdm.cache.ResolutionCache - Resolution chrome102=102.0.5005.61 in cache (valid until 19:49:35 18/06/2022 ICT)
11:12:42.679 [main] INFO io.github.bonigarcia.wdm.WebDriverManager - Using chromedriver 102.0.5005.61 (resolved driver for Chrome 102)
11:12:42.713 [AsyncHttpClient-1-1] DEBUG org.asynchttpclient.netty.channel.DefaultChannelPool - Entry count for : http://localhost:59049 : 1
11:12:42.713 [AsyncHttpClient-1-1] DEBUG org.asynchttpclient.netty.channel.DefaultChannelPool - Adding Candidate expired Channel [id: 0x6b12208a, L:/127.0.0.1:61303 ! R:localhost/127.0.0.1:59049] isIdleTimeoutExpired=false isRemotelyClosed=true isTtlExpired=false
11:12:42.713 [AsyncHttpClient-1-1] DEBUG org.asynchttpclient.netty.channel.DefaultChannelPool - Closing Idle Channel [id: 0x6b12208a, L:/127.0.0.1:61303 ! R:localhost/127.0.0.1:59049]
11:12:42.713 [AsyncHttpClient-1-1] DEBUG org.asynchttpclient.netty.channel.DefaultChannelPool - Closed 1 connections out of 1 in 0 ms
11:12:42.721 [main] DEBUG io.github.bonigarcia.wdm.WebDriverManager - Driver chromedriver 102.0.5005.61 found in cache
11:12:42.724 [main] INFO io.github.bonigarcia.wdm.WebDriverManager - Exporting webdriver.chrome.driver as C:\Users\ASUS\.cache\selenium\chromedriver\win32\102.0.5005.61\chromedriver.exe
11:12:42.976 [main] DEBUG net.serenitybdd.core.webdriver.driverproviders.ProvideNewDriver - Instantiating driver
11:12:42.976 [main] DEBUG net.serenitybdd.core.webdriver.driverproviders.ProvideNewDriver - Driver capabilities: Capabilities {acceptInsecureCerts: false, base.url: https://fanciful-trifle-360..., browserName: chrome, chore.driver: src/test/resources/webdrive..., driver: chrome, goog:chromeOptions: {args: [], extensions: []}}
11:12:43.539 [AsyncHttpClient-1-8] DEBUG org.asynchttpclient.netty.channel.NettyConnectListener - Using new Channel '[id: 0x3b15c008, L:/127.0.0.1:61340 - R:localhost/127.0.0.1:63557]' for 'POST' to '/session'
11:12:45.847 [AsyncHttpClient-1-8] DEBUG org.asynchttpclient.netty.handler.HttpHandler - 

Request DefaultHttpRequest(decodeResult: success, version: HTTP/1.1)
POST /session HTTP/1.1
User-Agent: selenium/4.1.2 (java windows)
Content-Length: 628
Content-Type: application/json; charset=utf-8
host: localhost:63557
accept: */*

Response DefaultHttpResponse(decodeResult: success, version: HTTP/1.1)
HTTP/1.1 200 OK
Content-Type: application/json; charset=utf-8
cache-control: no-cache
content-length: 790

11:12:45.847 [AsyncHttpClient-1-8] DEBUG org.asynchttpclient.netty.channel.ChannelManager - Adding key: http://localhost:63557 for channel [id: 0x3b15c008, L:/127.0.0.1:61340 - R:localhost/127.0.0.1:63557]
11:12:45.872 [AsyncHttpClient-1-9] DEBUG org.asynchttpclient.netty.channel.NettyConnectListener - Using new Channel '[id: 0xd38d7ddd, L:/127.0.0.1:61352 - R:localhost/127.0.0.1:61341]' for 'GET' to '/json/version'
11:12:45.876 [AsyncHttpClient-1-9] DEBUG org.asynchttpclient.netty.handler.HttpHandler - 

Request DefaultFullHttpRequest(decodeResult: success, version: HTTP/1.1, content: EmptyByteBufBE)
GET /json/version HTTP/1.1
User-Agent: selenium/4.1.2 (java windows)
host: localhost:61341
accept: */*

Response DefaultHttpResponse(decodeResult: success, version: HTTP/1.1)
HTTP/1.1 200 OK
Content-Type: application/json; charset=UTF-8
content-length: 428

11:12:45.876 [AsyncHttpClient-1-9] DEBUG org.asynchttpclient.netty.channel.ChannelManager - Adding key: http://localhost:61341 for channel [id: 0xd38d7ddd, L:/127.0.0.1:61352 - R:localhost/127.0.0.1:61341]
11:12:45.886 [AsyncHttpClient-1-2] DEBUG org.asynchttpclient.netty.channel.NettyConnectListener - Using new Channel '[id: 0x9e0608df, L:/127.0.0.1:61353 - R:localhost/127.0.0.1:61341]' for 'GET' to '/devtools/browser/c40c016e-7441-4dcd-94f0-1442b4a6faa2'
11:12:45.891 [AsyncHttpClient-1-2] DEBUG org.asynchttpclient.netty.handler.WebSocketHandler - 

Request DefaultFullHttpRequest(decodeResult: success, version: HTTP/1.1, content: EmptyByteBufBE)
GET /devtools/browser/c40c016e-7441-4dcd-94f0-1442b4a6faa2 HTTP/1.1
upgrade: websocket
connection: upgrade
sec-websocket-key: LfYzerHAE+xuQi+kFrljOQ==
sec-websocket-version: 13
origin: http://localhost:61341
host: localhost:61341
accept: */*
user-agent: AHC/2.1

Response DefaultHttpResponse(decodeResult: success, version: HTTP/1.1)
HTTP/1.1 101 WebSocket Protocol Handshake
Upgrade: WebSocket
Connection: Upgrade
Sec-WebSocket-Accept: HdnXXMsRuw+Ykl5u8zrelCi1JU8=

11:12:45.901 [Forwarding get on session 7cacfb719609d119f8ca35a84759f039 to remote] DEBUG org.asynchttpclient.netty.request.NettyRequestSender - Using pooled Channel '[id: 0x3b15c008, L:/127.0.0.1:61340 - R:localhost/127.0.0.1:63557]' for 'POST' to 'http://localhost:63557/session/7cacfb719609d119f8ca35a84759f039/url'
11:12:45.901 [Forwarding get on session 7cacfb719609d119f8ca35a84759f039 to remote] DEBUG org.asynchttpclient.netty.request.NettyRequestSender - Using open Channel [id: 0x3b15c008, L:/127.0.0.1:61340 - R:localhost/127.0.0.1:63557] for POST '/session/7cacfb719609d119f8ca35a84759f039/url'
11:12:46.062 [AsyncHttpClient-1-1] DEBUG org.asynchttpclient.netty.channel.DefaultChannelPool - Entry count for : http://localhost:61341 : 1
11:12:47.113 [AsyncHttpClient-1-1] DEBUG org.asynchttpclient.netty.channel.DefaultChannelPool - Entry count for : http://localhost:61341 : 1
11:12:47.676 [AsyncHttpClient-1-8] DEBUG org.asynchttpclient.netty.handler.HttpHandler - 

Request DefaultHttpRequest(decodeResult: success, version: HTTP/1.1)
POST /session/7cacfb719609d119f8ca35a84759f039/url HTTP/1.1
User-Agent: selenium/4.1.2 (java windows)
Content-Length: 84
Content-Type: application/json; charset=utf-8
host: localhost:63557
accept: */*

Response DefaultHttpResponse(decodeResult: success, version: HTTP/1.1)
HTTP/1.1 200 OK
Content-Type: application/json; charset=utf-8
cache-control: no-cache
content-length: 14

11:12:47.676 [AsyncHttpClient-1-8] DEBUG org.asynchttpclient.netty.channel.ChannelManager - Adding key: http://localhost:63557 for channel [id: 0x3b15c008, L:/127.0.0.1:61340 - R:localhost/127.0.0.1:63557]
11:12:47.679 [Forwarding setTimeout on session 7cacfb719609d119f8ca35a84759f039 to remote] DEBUG org.asynchttpclient.netty.request.NettyRequestSender - Using pooled Channel '[id: 0x3b15c008, L:/127.0.0.1:61340 - R:localhost/127.0.0.1:63557]' for 'POST' to 'http://localhost:63557/session/7cacfb719609d119f8ca35a84759f039/timeouts'
11:12:47.679 [Forwarding setTimeout on session 7cacfb719609d119f8ca35a84759f039 to remote] DEBUG org.asynchttpclient.netty.request.NettyRequestSender - Using open Channel [id: 0x3b15c008, L:/127.0.0.1:61340 - R:localhost/127.0.0.1:63557] for POST '/session/7cacfb719609d119f8ca35a84759f039/timeouts'
11:12:47.683 [AsyncHttpClient-1-8] DEBUG org.asynchttpclient.netty.handler.HttpHandler - 

Request DefaultHttpRequest(decodeResult: success, version: HTTP/1.1)
POST /session/7cacfb719609d119f8ca35a84759f039/timeouts HTTP/1.1
User-Agent: selenium/4.1.2 (java windows)
Content-Length: 22
Content-Type: application/json; charset=utf-8
host: localhost:63557
accept: */*

Response DefaultHttpResponse(decodeResult: success, version: HTTP/1.1)
HTTP/1.1 200 OK
Content-Type: application/json; charset=utf-8
cache-control: no-cache
content-length: 14

11:12:47.683 [AsyncHttpClient-1-8] DEBUG org.asynchttpclient.netty.channel.ChannelManager - Adding key: http://localhost:63557 for channel [id: 0x3b15c008, L:/127.0.0.1:61340 - R:localhost/127.0.0.1:63557]
11:12:47.692 [Forwarding getCurrentUrl on session 7cacfb719609d119f8ca35a84759f039 to remote] DEBUG org.asynchttpclient.netty.request.NettyRequestSender - Using pooled Channel '[id: 0x3b15c008, L:/127.0.0.1:61340 - R:localhost/127.0.0.1:63557]' for 'GET' to 'http://localhost:63557/session/7cacfb719609d119f8ca35a84759f039/url'
11:12:47.692 [Forwarding getCurrentUrl on session 7cacfb719609d119f8ca35a84759f039 to remote] DEBUG org.asynchttpclient.netty.request.NettyRequestSender - Using open Channel [id: 0x3b15c008, L:/127.0.0.1:61340 - R:localhost/127.0.0.1:63557] for GET '/session/7cacfb719609d119f8ca35a84759f039/url'
11:12:47.728 [AsyncHttpClient-1-8] DEBUG org.asynchttpclient.netty.handler.HttpHandler - 

Request DefaultFullHttpRequest(decodeResult: success, version: HTTP/1.1, content: EmptyByteBufBE)
GET /session/7cacfb719609d119f8ca35a84759f039/url HTTP/1.1
User-Agent: selenium/4.1.2 (java windows)
Cache-Control: no-cache
Content-Type: application/json; charset=utf-8
host: localhost:63557
accept: */*

Response DefaultHttpResponse(decodeResult: success, version: HTTP/1.1)
HTTP/1.1 200 OK
Content-Type: application/json; charset=utf-8
cache-control: no-cache
content-length: 66

11:12:47.728 [AsyncHttpClient-1-8] DEBUG org.asynchttpclient.netty.channel.ChannelManager - Adding key: http://localhost:63557 for channel [id: 0x3b15c008, L:/127.0.0.1:61340 - R:localhost/127.0.0.1:63557]
11:12:47.738 [main] DEBUG net.serenitybdd.core.photography.Darkroom - Opening darkroom
11:12:47.741 [Forwarding screenshot on session 7cacfb719609d119f8ca35a84759f039 to remote] DEBUG org.asynchttpclient.netty.request.NettyRequestSender - Using pooled Channel '[id: 0x3b15c008, L:/127.0.0.1:61340 - R:localhost/127.0.0.1:63557]' for 'GET' to 'http://localhost:63557/session/7cacfb719609d119f8ca35a84759f039/screenshot'
11:12:47.741 [Forwarding screenshot on session 7cacfb719609d119f8ca35a84759f039 to remote] DEBUG org.asynchttpclient.netty.request.NettyRequestSender - Using open Channel [id: 0x3b15c008, L:/127.0.0.1:61340 - R:localhost/127.0.0.1:63557] for GET '/session/7cacfb719609d119f8ca35a84759f039/screenshot'
11:12:47.744 [Darkroom Processing Line] DEBUG net.serenitybdd.core.photography.DarkroomProcessingLine - Darkroom processing line starting up
11:12:48.249 [AsyncHttpClient-1-1] DEBUG org.asynchttpclient.netty.channel.DefaultChannelPool - Entry count for : http://localhost:61341 : 1
11:12:48.814 [AsyncHttpClient-1-8] DEBUG org.asynchttpclient.netty.handler.HttpHandler - 

Request DefaultFullHttpRequest(decodeResult: success, version: HTTP/1.1, content: EmptyByteBufBE)
GET /session/7cacfb719609d119f8ca35a84759f039/screenshot HTTP/1.1
User-Agent: selenium/4.1.2 (java windows)
Cache-Control: no-cache
Content-Type: application/json; charset=utf-8
host: localhost:63557
accept: */*

Response DefaultHttpResponse(decodeResult: success, version: HTTP/1.1)
HTTP/1.1 200 OK
Content-Type: application/json; charset=utf-8
cache-control: no-cache
content-length: 66608

11:12:48.815 [AsyncHttpClient-1-8] DEBUG org.asynchttpclient.netty.channel.ChannelManager - Adding key: http://localhost:63557 for channel [id: 0x3b15c008, L:/127.0.0.1:61340 - R:localhost/127.0.0.1:63557]
11:12:48.831 [main] DEBUG net.serenitybdd.core.photography.Darkroom - Send negative for processing for target\site\serenity\3b111ae00db26295d7ecbde886ea4451aead6619240013077047abd82e88d678.png
11:12:48.831 [main] DEBUG net.thucydides.core.steps.StepInterceptor - STEP DONE: openDataPasien
  &amp#27;[32mGiven &amp#27;[0m&amp#27;[32mOpen page data pasien&amp#27;[0m                                              &amp#27;[90m# starter.stepdefinitios.PatientDataSteps.openPageDataPasien()&amp#27;[0m
11:12:48.884 [Forwarding screenshot on session 7cacfb719609d119f8ca35a84759f039 to remote] DEBUG org.asynchttpclient.netty.request.NettyRequestSender - Using pooled Channel '[id: 0x3b15c008, L:/127.0.0.1:61340 - R:localhost/127.0.0.1:63557]' for 'GET' to 'http://localhost:63557/session/7cacfb719609d119f8ca35a84759f039/screenshot'
11:12:48.884 [Forwarding screenshot on session 7cacfb719609d119f8ca35a84759f039 to remote] DEBUG org.asynchttpclient.netty.request.NettyRequestSender - Using open Channel [id: 0x3b15c008, L:/127.0.0.1:61340 - R:localhost/127.0.0.1:63557] for GET '/session/7cacfb719609d119f8ca35a84759f039/screenshot'
11:12:49.080 [AsyncHttpClient-1-8] DEBUG org.asynchttpclient.netty.handler.HttpHandler - 

Request DefaultFullHttpRequest(decodeResult: success, version: HTTP/1.1, content: EmptyByteBufBE)
GET /session/7cacfb719609d119f8ca35a84759f039/screenshot HTTP/1.1
User-Agent: selenium/4.1.2 (java windows)
Cache-Control: no-cache
Content-Type: application/json; charset=utf-8
host: localhost:63557
accept: */*

Response DefaultHttpResponse(decodeResult: success, version: HTTP/1.1)
HTTP/1.1 200 OK
Content-Type: application/json; charset=utf-8
cache-control: no-cache
content-length: 80400

11:12:49.080 [AsyncHttpClient-1-8] DEBUG org.asynchttpclient.netty.channel.ChannelManager - Adding key: http://localhost:63557 for channel [id: 0x3b15c008, L:/127.0.0.1:61340 - R:localhost/127.0.0.1:63557]
11:12:49.086 [main] DEBUG net.serenitybdd.core.photography.Darkroom - Send negative for processing for target\site\serenity\3d35c08ad4f11e6ea64db7c02a30f245e27981a426ecc0b9c8bb2d729abc7be1.png
11:12:49.086 [main] DEBUG net.thucydides.core.steps.StepInterceptor - STARTING STEP: PatientDataSteps.clickDetailPatientData - clickButtonDetail
11:12:49.093 [Forwarding findElement on session 7cacfb719609d119f8ca35a84759f039 to remote] DEBUG org.asynchttpclient.netty.request.NettyRequestSender - Using pooled Channel '[id: 0x3b15c008, L:/127.0.0.1:61340 - R:localhost/127.0.0.1:63557]' for 'POST' to 'http://localhost:63557/session/7cacfb719609d119f8ca35a84759f039/element'
11:12:49.093 [Forwarding findElement on session 7cacfb719609d119f8ca35a84759f039 to remote] DEBUG org.asynchttpclient.netty.request.NettyRequestSender - Using open Channel [id: 0x3b15c008, L:/127.0.0.1:61340 - R:localhost/127.0.0.1:63557] for POST '/session/7cacfb719609d119f8ca35a84759f039/element'
11:12:49.120 [AsyncHttpClient-1-8] DEBUG org.asynchttpclient.netty.handler.HttpHandler - 

Request DefaultHttpRequest(decodeResult: success, version: HTTP/1.1)
POST /session/7cacfb719609d119f8ca35a84759f039/element HTTP/1.1
User-Agent: selenium/4.1.2 (java windows)
Content-Length: 92
Content-Type: application/json; charset=utf-8
host: localhost:63557
accept: */*

Response DefaultHttpResponse(decodeResult: success, version: HTTP/1.1)
HTTP/1.1 200 OK
Content-Type: application/json; charset=utf-8
cache-control: no-cache
content-length: 88

11:12:49.121 [AsyncHttpClient-1-8] DEBUG org.asynchttpclient.netty.channel.ChannelManager - Adding key: http://localhost:63557 for channel [id: 0x3b15c008, L:/127.0.0.1:61340 - R:localhost/127.0.0.1:63557]
11:12:49.130 [Forwarding getElementTagName on session 7cacfb719609d119f8ca35a84759f039 to remote] DEBUG org.asynchttpclient.netty.request.NettyRequestSender - Using pooled Channel '[id: 0x3b15c008, L:/127.0.0.1:61340 - R:localhost/127.0.0.1:63557]' for 'GET' to 'http://localhost:63557/session/7cacfb719609d119f8ca35a84759f039/element/71addb9b-e567-4168-843d-073dcbd58c48/name'
11:12:49.130 [Forwarding getElementTagName on session 7cacfb719609d119f8ca35a84759f039 to remote] DEBUG org.asynchttpclient.netty.request.NettyRequestSender - Using open Channel [id: 0x3b15c008, L:/127.0.0.1:61340 - R:localhost/127.0.0.1:63557] for GET '/session/7cacfb719609d119f8ca35a84759f039/element/71addb9b-e567-4168-843d-073dcbd58c48/name'
11:12:49.144 [AsyncHttpClient-1-8] DEBUG org.asynchttpclient.netty.handler.HttpHandler - 

Request DefaultFullHttpRequest(decodeResult: success, version: HTTP/1.1, content: EmptyByteBufBE)
GET /session/7cacfb719609d119f8ca35a84759f039/element/71addb9b-e567-4168-843d-073dcbd58c48/name HTTP/1.1
User-Agent: selenium/4.1.2 (java windows)
Cache-Control: no-cache
Content-Type: application/json; charset=utf-8
host: localhost:63557
accept: */*

Response DefaultHttpResponse(decodeResult: success, version: HTTP/1.1)
HTTP/1.1 200 OK
Content-Type: application/json; charset=utf-8
cache-control: no-cache
content-length: 15

11:12:49.144 [AsyncHttpClient-1-8] DEBUG org.asynchttpclient.netty.channel.ChannelManager - Adding key: http://localhost:63557 for channel [id: 0x3b15c008, L:/127.0.0.1:61340 - R:localhost/127.0.0.1:63557]
11:12:49.146 [Forwarding getElementTagName on session 7cacfb719609d119f8ca35a84759f039 to remote] DEBUG org.asynchttpclient.netty.request.NettyRequestSender - Using pooled Channel '[id: 0x3b15c008, L:/127.0.0.1:61340 - R:localhost/127.0.0.1:63557]' for 'GET' to 'http://localhost:63557/session/7cacfb719609d119f8ca35a84759f039/element/71addb9b-e567-4168-843d-073dcbd58c48/name'
11:12:49.146 [Forwarding getElementTagName on session 7cacfb719609d119f8ca35a84759f039 to remote] DEBUG org.asynchttpclient.netty.request.NettyRequestSender - Using open Channel [id: 0x3b15c008, L:/127.0.0.1:61340 - R:localhost/127.0.0.1:63557] for GET '/session/7cacfb719609d119f8ca35a84759f039/element/71addb9b-e567-4168-843d-073dcbd58c48/name'
11:12:49.153 [AsyncHttpClient-1-8] DEBUG org.asynchttpclient.netty.handler.HttpHandler - 

Request DefaultFullHttpRequest(decodeResult: success, version: HTTP/1.1, content: EmptyByteBufBE)
GET /session/7cacfb719609d119f8ca35a84759f039/element/71addb9b-e567-4168-843d-073dcbd58c48/name HTTP/1.1
User-Agent: selenium/4.1.2 (java windows)
Cache-Control: no-cache
Content-Type: application/json; charset=utf-8
host: localhost:63557
accept: */*

Response DefaultHttpResponse(decodeResult: success, version: HTTP/1.1)
HTTP/1.1 200 OK
Content-Type: application/json; charset=utf-8
cache-control: no-cache
content-length: 15

11:12:49.153 [AsyncHttpClient-1-8] DEBUG org.asynchttpclient.netty.channel.ChannelManager - Adding key: http://localhost:63557 for channel [id: 0x3b15c008, L:/127.0.0.1:61340 - R:localhost/127.0.0.1:63557]
11:12:49.160 [Forwarding findElement on session 7cacfb719609d119f8ca35a84759f039 to remote] DEBUG org.asynchttpclient.netty.request.NettyRequestSender - Using pooled Channel '[id: 0x3b15c008, L:/127.0.0.1:61340 - R:localhost/127.0.0.1:63557]' for 'POST' to 'http://localhost:63557/session/7cacfb719609d119f8ca35a84759f039/element'
11:12:49.160 [Forwarding findElement on session 7cacfb719609d119f8ca35a84759f039 to remote] DEBUG org.asynchttpclient.netty.request.NettyRequestSender - Using open Channel [id: 0x3b15c008, L:/127.0.0.1:61340 - R:localhost/127.0.0.1:63557] for POST '/session/7cacfb719609d119f8ca35a84759f039/element'
11:12:49.182 [AsyncHttpClient-1-8] DEBUG org.asynchttpclient.netty.handler.HttpHandler - 

Request DefaultHttpRequest(decodeResult: success, version: HTTP/1.1)
POST /session/7cacfb719609d119f8ca35a84759f039/element HTTP/1.1
User-Agent: selenium/4.1.2 (java windows)
Content-Length: 92
Content-Type: application/json; charset=utf-8
host: localhost:63557
accept: */*

Response DefaultHttpResponse(decodeResult: success, version: HTTP/1.1)
HTTP/1.1 200 OK
Content-Type: application/json; charset=utf-8
cache-control: no-cache
content-length: 88

11:12:49.182 [AsyncHttpClient-1-8] DEBUG org.asynchttpclient.netty.channel.ChannelManager - Adding key: http://localhost:63557 for channel [id: 0x3b15c008, L:/127.0.0.1:61340 - R:localhost/127.0.0.1:63557]
11:12:49.184 [Forwarding clickElement on session 7cacfb719609d119f8ca35a84759f039 to remote] DEBUG org.asynchttpclient.netty.request.NettyRequestSender - Using pooled Channel '[id: 0x3b15c008, L:/127.0.0.1:61340 - R:localhost/127.0.0.1:63557]' for 'POST' to 'http://localhost:63557/session/7cacfb719609d119f8ca35a84759f039/element/71addb9b-e567-4168-843d-073dcbd58c48/click'
11:12:49.184 [Forwarding clickElement on session 7cacfb719609d119f8ca35a84759f039 to remote] DEBUG org.asynchttpclient.netty.request.NettyRequestSender - Using open Channel [id: 0x3b15c008, L:/127.0.0.1:61340 - R:localhost/127.0.0.1:63557] for POST '/session/7cacfb719609d119f8ca35a84759f039/element/71addb9b-e567-4168-843d-073dcbd58c48/click'
11:12:49.328 [AsyncHttpClient-1-1] DEBUG org.asynchttpclient.netty.channel.DefaultChannelPool - Entry count for : http://localhost:61341 : 1
11:12:49.670 [AsyncHttpClient-1-8] DEBUG org.asynchttpclient.netty.handler.HttpHandler - 

Request DefaultHttpRequest(decodeResult: success, version: HTTP/1.1)
POST /session/7cacfb719609d119f8ca35a84759f039/element/71addb9b-e567-4168-843d-073dcbd58c48/click HTTP/1.1
User-Agent: selenium/4.1.2 (java windows)
Content-Length: 50
Content-Type: application/json; charset=utf-8
host: localhost:63557
accept: */*

Response DefaultHttpResponse(decodeResult: success, version: HTTP/1.1)
HTTP/1.1 200 OK
Content-Type: application/json; charset=utf-8
cache-control: no-cache
content-length: 14

11:12:49.671 [AsyncHttpClient-1-8] DEBUG org.asynchttpclient.netty.channel.ChannelManager - Adding key: http://localhost:63557 for channel [id: 0x3b15c008, L:/127.0.0.1:61340 - R:localhost/127.0.0.1:63557]
11:12:49.695 [Forwarding screenshot on session 7cacfb719609d119f8ca35a84759f039 to remote] DEBUG org.asynchttpclient.netty.request.NettyRequestSender - Using pooled Channel '[id: 0x3b15c008, L:/127.0.0.1:61340 - R:localhost/127.0.0.1:63557]' for 'GET' to 'http://localhost:63557/session/7cacfb719609d119f8ca35a84759f039/screenshot'
11:12:49.695 [Forwarding screenshot on session 7cacfb719609d119f8ca35a84759f039 to remote] DEBUG org.asynchttpclient.netty.request.NettyRequestSender - Using open Channel [id: 0x3b15c008, L:/127.0.0.1:61340 - R:localhost/127.0.0.1:63557] for GET '/session/7cacfb719609d119f8ca35a84759f039/screenshot'
11:12:50.404 [AsyncHttpClient-1-8] DEBUG org.asynchttpclient.netty.handler.HttpHandler - 

Request DefaultFullHttpRequest(decodeResult: success, version: HTTP/1.1, content: EmptyByteBufBE)
GET /session/7cacfb719609d119f8ca35a84759f039/screenshot HTTP/1.1
User-Agent: selenium/4.1.2 (java windows)
Cache-Control: no-cache
Content-Type: application/json; charset=utf-8
host: localhost:63557
accept: */*

Response DefaultHttpResponse(decodeResult: success, version: HTTP/1.1)
HTTP/1.1 200 OK
Content-Type: application/json; charset=utf-8
cache-control: no-cache
content-length: 54148

11:12:50.405 [AsyncHttpClient-1-8] DEBUG org.asynchttpclient.netty.channel.ChannelManager - Adding key: http://localhost:63557 for channel [id: 0x3b15c008, L:/127.0.0.1:61340 - R:localhost/127.0.0.1:63557]
11:12:50.415 [main] DEBUG net.serenitybdd.core.photography.Darkroom - Send negative for processing for target\site\serenity\5750cda11a60e688a957b05786a37a6ab4d3001f56ac7a848e9bc6f7f198e01a.png
11:12:50.415 [main] DEBUG net.thucydides.core.steps.StepInterceptor - STEP DONE: clickButtonDetail
  &amp#27;[32mAnd &amp#27;[0m&amp#27;[32mClick Detail Patient data&amp#27;[0m                                            &amp#27;[90m# starter.stepdefinitios.PatientDataSteps.clickDetailPatientData()&amp#27;[0m
11:12:50.417 [Darkroom Processing Line] DEBUG net.serenitybdd.core.photography.DarkroomProcessingLine - Processing screenshot image in /var/screenshots/screenshot-15720840656297459777
11:12:50.418 [Darkroom Processing Line] DEBUG net.serenitybdd.core.photography.DarkroomProcessingLine - Saving screenshot to target\site\serenity\5750cda11a60e688a957b05786a37a6ab4d3001f56ac7a848e9bc6f7f198e01a.png
11:12:50.418 [AsyncHttpClient-1-1] DEBUG org.asynchttpclient.netty.channel.DefaultChannelPool - Entry count for : http://localhost:61341 : 1
11:12:50.419 [AsyncHttpClient-1-1] DEBUG org.asynchttpclient.netty.channel.DefaultChannelPool - Entry count for : http://localhost:63557 : 1
11:12:50.963 [Forwarding screenshot on session 7cacfb719609d119f8ca35a84759f039 to remote] DEBUG org.asynchttpclient.netty.request.NettyRequestSender - Using pooled Channel '[id: 0x3b15c008, L:/127.0.0.1:61340 - R:localhost/127.0.0.1:63557]' for 'GET' to 'http://localhost:63557/session/7cacfb719609d119f8ca35a84759f039/screenshot'
11:12:50.963 [Forwarding screenshot on session 7cacfb719609d119f8ca35a84759f039 to remote] DEBUG org.asynchttpclient.netty.request.NettyRequestSender - Using open Channel [id: 0x3b15c008, L:/127.0.0.1:61340 - R:localhost/127.0.0.1:63557] for GET '/session/7cacfb719609d119f8ca35a84759f039/screenshot'
11:12:51.174 [AsyncHttpClient-1-8] DEBUG org.asynchttpclient.netty.handler.HttpHandler - 

Request DefaultFullHttpRequest(decodeResult: success, version: HTTP/1.1, content: EmptyByteBufBE)
GET /session/7cacfb719609d119f8ca35a84759f039/screenshot HTTP/1.1
User-Agent: selenium/4.1.2 (java windows)
Cache-Control: no-cache
Content-Type: application/json; charset=utf-8
host: localhost:63557
accept: */*

Response DefaultHttpResponse(decodeResult: success, version: HTTP/1.1)
HTTP/1.1 200 OK
Content-Type: application/json; charset=utf-8
cache-control: no-cache
content-length: 52784

11:12:51.174 [AsyncHttpClient-1-8] DEBUG org.asynchttpclient.netty.channel.ChannelManager - Adding key: http://localhost:63557 for channel [id: 0x3b15c008, L:/127.0.0.1:61340 - R:localhost/127.0.0.1:63557]
11:12:51.179 [main] DEBUG net.serenitybdd.core.photography.Darkroom - Send negative for processing for target\site\serenity\ccb8b3ebd498751de78648173c70dd9205b46b03b8c609e1bdef64b06e268607.png
11:12:51.179 [main] DEBUG net.thucydides.core.steps.StepInterceptor - STARTING STEP: PatientDataSteps.validData - checkValidDataPasien
11:12:51.180 [Darkroom Processing Line] DEBUG net.serenitybdd.core.photography.DarkroomProcessingLine - Processing screenshot image in /var/screenshots/screenshot-16612619031754222386
11:12:51.180 [Darkroom Processing Line] DEBUG net.serenitybdd.core.photography.DarkroomProcessingLine - Saving screenshot to target\site\serenity\ccb8b3ebd498751de78648173c70dd9205b46b03b8c609e1bdef64b06e268607.png
11:12:51.186 [Forwarding findElement on session 7cacfb719609d119f8ca35a84759f039 to remote] DEBUG org.asynchttpclient.netty.request.NettyRequestSender - Using pooled Channel '[id: 0x3b15c008, L:/127.0.0.1:61340 - R:localhost/127.0.0.1:63557]' for 'POST' to 'http://localhost:63557/session/7cacfb719609d119f8ca35a84759f039/element'
11:12:51.186 [Forwarding findElement on session 7cacfb719609d119f8ca35a84759f039 to remote] DEBUG org.asynchttpclient.netty.request.NettyRequestSender - Using open Channel [id: 0x3b15c008, L:/127.0.0.1:61340 - R:localhost/127.0.0.1:63557] for POST '/session/7cacfb719609d119f8ca35a84759f039/element'
11:12:51.225 [AsyncHttpClient-1-8] DEBUG org.asynchttpclient.netty.handler.HttpHandler - 

Request DefaultHttpRequest(decodeResult: success, version: HTTP/1.1)
POST /session/7cacfb719609d119f8ca35a84759f039/element HTTP/1.1
User-Agent: selenium/4.1.2 (java windows)
Content-Length: 95
Content-Type: application/json; charset=utf-8
host: localhost:63557
accept: */*

Response DefaultHttpResponse(decodeResult: success, version: HTTP/1.1)
HTTP/1.1 200 OK
Content-Type: application/json; charset=utf-8
cache-control: no-cache
content-length: 88

11:12:51.225 [AsyncHttpClient-1-8] DEBUG org.asynchttpclient.netty.channel.ChannelManager - Adding key: http://localhost:63557 for channel [id: 0x3b15c008, L:/127.0.0.1:61340 - R:localhost/127.0.0.1:63557]
11:12:51.226 [Forwarding isElementEnabled on session 7cacfb719609d119f8ca35a84759f039 to remote] DEBUG org.asynchttpclient.netty.request.NettyRequestSender - Using pooled Channel '[id: 0x3b15c008, L:/127.0.0.1:61340 - R:localhost/127.0.0.1:63557]' for 'GET' to 'http://localhost:63557/session/7cacfb719609d119f8ca35a84759f039/element/a2f43176-34d8-49da-bddc-3522196d134b/enabled'
11:12:51.226 [Forwarding isElementEnabled on session 7cacfb719609d119f8ca35a84759f039 to remote] DEBUG org.asynchttpclient.netty.request.NettyRequestSender - Using open Channel [id: 0x3b15c008, L:/127.0.0.1:61340 - R:localhost/127.0.0.1:63557] for GET '/session/7cacfb719609d119f8ca35a84759f039/element/a2f43176-34d8-49da-bddc-3522196d134b/enabled'
11:12:51.247 [AsyncHttpClient-1-8] DEBUG org.asynchttpclient.netty.handler.HttpHandler - 

Request DefaultFullHttpRequest(decodeResult: success, version: HTTP/1.1, content: EmptyByteBufBE)
GET /session/7cacfb719609d119f8ca35a84759f039/element/a2f43176-34d8-49da-bddc-3522196d134b/enabled HTTP/1.1
User-Agent: selenium/4.1.2 (java windows)
Cache-Control: no-cache
Content-Type: application/json; charset=utf-8
host: localhost:63557
accept: */*

Response DefaultHttpResponse(decodeResult: success, version: HTTP/1.1)
HTTP/1.1 200 OK
Content-Type: application/json; charset=utf-8
cache-control: no-cache
content-length: 14

11:12:51.247 [AsyncHttpClient-1-8] DEBUG org.asynchttpclient.netty.channel.ChannelManager - Adding key: http://localhost:63557 for channel [id: 0x3b15c008, L:/127.0.0.1:61340 - R:localhost/127.0.0.1:63557]
11:12:51.263 [Forwarding screenshot on session 7cacfb719609d119f8ca35a84759f039 to remote] DEBUG org.asynchttpclient.netty.request.NettyRequestSender - Using pooled Channel '[id: 0x3b15c008, L:/127.0.0.1:61340 - R:localhost/127.0.0.1:63557]' for 'GET' to 'http://localhost:63557/session/7cacfb719609d119f8ca35a84759f039/screenshot'
11:12:51.263 [Forwarding screenshot on session 7cacfb719609d119f8ca35a84759f039 to remote] DEBUG org.asynchttpclient.netty.request.NettyRequestSender - Using open Channel [id: 0x3b15c008, L:/127.0.0.1:61340 - R:localhost/127.0.0.1:63557] for GET '/session/7cacfb719609d119f8ca35a84759f039/screenshot'
11:12:51.521 [AsyncHttpClient-1-1] DEBUG org.asynchttpclient.netty.channel.DefaultChannelPool - Entry count for : http://localhost:61341 : 1
11:12:51.734 [AsyncHttpClient-1-8] DEBUG org.asynchttpclient.netty.handler.HttpHandler - 

Request DefaultFullHttpRequest(decodeResult: success, version: HTTP/1.1, content: EmptyByteBufBE)
GET /session/7cacfb719609d119f8ca35a84759f039/screenshot HTTP/1.1
User-Agent: selenium/4.1.2 (java windows)
Cache-Control: no-cache
Content-Type: application/json; charset=utf-8
host: localhost:63557
accept: */*

Response DefaultHttpResponse(decodeResult: success, version: HTTP/1.1)
HTTP/1.1 200 OK
Content-Type: application/json; charset=utf-8
cache-control: no-cache
content-length: 407648

11:12:51.736 [AsyncHttpClient-1-8] DEBUG org.asynchttpclient.netty.channel.ChannelManager - Adding key: http://localhost:63557 for channel [id: 0x3b15c008, L:/127.0.0.1:61340 - R:localhost/127.0.0.1:63557]
11:12:51.767 [main] DEBUG net.serenitybdd.core.photography.Darkroom - Send negative for processing for target\site\serenity\3104e03b342f2ccd11d1c289b6bfc4b9c2e589a0aad0fdf25ac56e20740c761c.png
11:12:51.768 [main] DEBUG net.thucydides.core.steps.StepInterceptor - STEP DONE: checkValidDataPasien
  &amp#27;[32mWhen &amp#27;[0m&amp#27;[32mValid data detail pasien&amp#27;[0m                                            &amp#27;[90m# starter.stepdefinitios.PatientDataSteps.validData()&amp#27;[0m
11:12:51.833 [Forwarding screenshot on session 7cacfb719609d119f8ca35a84759f039 to remote] DEBUG org.asynchttpclient.netty.request.NettyRequestSender - Using pooled Channel '[id: 0x3b15c008, L:/127.0.0.1:61340 - R:localhost/127.0.0.1:63557]' for 'GET' to 'http://localhost:63557/session/7cacfb719609d119f8ca35a84759f039/screenshot'
11:12:51.833 [Forwarding screenshot on session 7cacfb719609d119f8ca35a84759f039 to remote] DEBUG org.asynchttpclient.netty.request.NettyRequestSender - Using open Channel [id: 0x3b15c008, L:/127.0.0.1:61340 - R:localhost/127.0.0.1:63557] for GET '/session/7cacfb719609d119f8ca35a84759f039/screenshot'
11:12:52.234 [AsyncHttpClient-1-8] DEBUG org.asynchttpclient.netty.handler.HttpHandler - 

Request DefaultFullHttpRequest(decodeResult: success, version: HTTP/1.1, content: EmptyByteBufBE)
GET /session/7cacfb719609d119f8ca35a84759f039/screenshot HTTP/1.1
User-Agent: selenium/4.1.2 (java windows)
Cache-Control: no-cache
Content-Type: application/json; charset=utf-8
host: localhost:63557
accept: */*

Response DefaultHttpResponse(decodeResult: success, version: HTTP/1.1)
HTTP/1.1 200 OK
Content-Type: application/json; charset=utf-8
cache-control: no-cache
content-length: 407648

11:12:52.235 [AsyncHttpClient-1-8] DEBUG org.asynchttpclient.netty.channel.ChannelManager - Adding key: http://localhost:63557 for channel [id: 0x3b15c008, L:/127.0.0.1:61340 - R:localhost/127.0.0.1:63557]
11:12:52.274 [main] DEBUG net.serenitybdd.core.photography.Darkroom - Send negative for processing for target\site\serenity\3104e03b342f2ccd11d1c289b6bfc4b9c2e589a0aad0fdf25ac56e20740c761c.png
11:12:52.274 [main] DEBUG net.thucydides.core.steps.StepInterceptor - STARTING STEP: PatientDataSteps.clickButtonEditProfil - clickButtonEditDataPasien
11:12:52.301 [Forwarding findElement on session 7cacfb719609d119f8ca35a84759f039 to remote] DEBUG org.asynchttpclient.netty.request.NettyRequestSender - Using pooled Channel '[id: 0x3b15c008, L:/127.0.0.1:61340 - R:localhost/127.0.0.1:63557]' for 'POST' to 'http://localhost:63557/session/7cacfb719609d119f8ca35a84759f039/element'
11:12:52.301 [Forwarding findElement on session 7cacfb719609d119f8ca35a84759f039 to remote] DEBUG org.asynchttpclient.netty.request.NettyRequestSender - Using open Channel [id: 0x3b15c008, L:/127.0.0.1:61340 - R:localhost/127.0.0.1:63557] for POST '/session/7cacfb719609d119f8ca35a84759f039/element'
11:12:52.343 [AsyncHttpClient-1-8] DEBUG org.asynchttpclient.netty.handler.HttpHandler - 

Request DefaultHttpRequest(decodeResult: success, version: HTTP/1.1)
POST /session/7cacfb719609d119f8ca35a84759f039/element HTTP/1.1
User-Agent: selenium/4.1.2 (java windows)
Content-Length: 116
Content-Type: application/json; charset=utf-8
host: localhost:63557
accept: */*

Response DefaultHttpResponse(decodeResult: success, version: HTTP/1.1)
HTTP/1.1 200 OK
Content-Type: application/json; charset=utf-8
cache-control: no-cache
content-length: 88

11:12:52.344 [AsyncHttpClient-1-8] DEBUG org.asynchttpclient.netty.channel.ChannelManager - Adding key: http://localhost:63557 for channel [id: 0x3b15c008, L:/127.0.0.1:61340 - R:localhost/127.0.0.1:63557]
11:12:52.346 [Forwarding getElementTagName on session 7cacfb719609d119f8ca35a84759f039 to remote] DEBUG org.asynchttpclient.netty.request.NettyRequestSender - Using pooled Channel '[id: 0x3b15c008, L:/127.0.0.1:61340 - R:localhost/127.0.0.1:63557]' for 'GET' to 'http://localhost:63557/session/7cacfb719609d119f8ca35a84759f039/element/794a9c37-5a46-4f06-8ce5-826a8d7316e1/name'
11:12:52.346 [Forwarding getElementTagName on session 7cacfb719609d119f8ca35a84759f039 to remote] DEBUG org.asynchttpclient.netty.request.NettyRequestSender - Using open Channel [id: 0x3b15c008, L:/127.0.0.1:61340 - R:localhost/127.0.0.1:63557] for GET '/session/7cacfb719609d119f8ca35a84759f039/element/794a9c37-5a46-4f06-8ce5-826a8d7316e1/name'
11:12:52.367 [AsyncHttpClient-1-8] DEBUG org.asynchttpclient.netty.handler.HttpHandler - 

Request DefaultFullHttpRequest(decodeResult: success, version: HTTP/1.1, content: EmptyByteBufBE)
GET /session/7cacfb719609d119f8ca35a84759f039/element/794a9c37-5a46-4f06-8ce5-826a8d7316e1/name HTTP/1.1
User-Agent: selenium/4.1.2 (java windows)
Cache-Control: no-cache
Content-Type: application/json; charset=utf-8
host: localhost:63557
accept: */*

Response DefaultHttpResponse(decodeResult: success, version: HTTP/1.1)
HTTP/1.1 200 OK
Content-Type: application/json; charset=utf-8
cache-control: no-cache
content-length: 18

11:12:52.367 [AsyncHttpClient-1-8] DEBUG org.asynchttpclient.netty.channel.ChannelManager - Adding key: http://localhost:63557 for channel [id: 0x3b15c008, L:/127.0.0.1:61340 - R:localhost/127.0.0.1:63557]
11:12:52.369 [Forwarding getElementTagName on session 7cacfb719609d119f8ca35a84759f039 to remote] DEBUG org.asynchttpclient.netty.request.NettyRequestSender - Using pooled Channel '[id: 0x3b15c008, L:/127.0.0.1:61340 - R:localhost/127.0.0.1:63557]' for 'GET' to 'http://localhost:63557/session/7cacfb719609d119f8ca35a84759f039/element/794a9c37-5a46-4f06-8ce5-826a8d7316e1/name'
11:12:52.369 [Forwarding getElementTagName on session 7cacfb719609d119f8ca35a84759f039 to remote] DEBUG org.asynchttpclient.netty.request.NettyRequestSender - Using open Channel [id: 0x3b15c008, L:/127.0.0.1:61340 - R:localhost/127.0.0.1:63557] for GET '/session/7cacfb719609d119f8ca35a84759f039/element/794a9c37-5a46-4f06-8ce5-826a8d7316e1/name'
11:12:52.388 [AsyncHttpClient-1-8] DEBUG org.asynchttpclient.netty.handler.HttpHandler - 

Request DefaultFullHttpRequest(decodeResult: success, version: HTTP/1.1, content: EmptyByteBufBE)
GET /session/7cacfb719609d119f8ca35a84759f039/element/794a9c37-5a46-4f06-8ce5-826a8d7316e1/name HTTP/1.1
User-Agent: selenium/4.1.2 (java windows)
Cache-Control: no-cache
Content-Type: application/json; charset=utf-8
host: localhost:63557
accept: */*

Response DefaultHttpResponse(decodeResult: success, version: HTTP/1.1)
HTTP/1.1 200 OK
Content-Type: application/json; charset=utf-8
cache-control: no-cache
content-length: 18

11:12:52.389 [AsyncHttpClient-1-8] DEBUG org.asynchttpclient.netty.channel.ChannelManager - Adding key: http://localhost:63557 for channel [id: 0x3b15c008, L:/127.0.0.1:61340 - R:localhost/127.0.0.1:63557]
11:12:52.396 [Forwarding isElementEnabled on session 7cacfb719609d119f8ca35a84759f039 to remote] DEBUG org.asynchttpclient.netty.request.NettyRequestSender - Using pooled Channel '[id: 0x3b15c008, L:/127.0.0.1:61340 - R:localhost/127.0.0.1:63557]' for 'GET' to 'http://localhost:63557/session/7cacfb719609d119f8ca35a84759f039/element/794a9c37-5a46-4f06-8ce5-826a8d7316e1/enabled'
11:12:52.396 [Forwarding isElementEnabled on session 7cacfb719609d119f8ca35a84759f039 to remote] DEBUG org.asynchttpclient.netty.request.NettyRequestSender - Using open Channel [id: 0x3b15c008, L:/127.0.0.1:61340 - R:localhost/127.0.0.1:63557] for GET '/session/7cacfb719609d119f8ca35a84759f039/element/794a9c37-5a46-4f06-8ce5-826a8d7316e1/enabled'
11:12:52.452 [AsyncHttpClient-1-8] DEBUG org.asynchttpclient.netty.handler.HttpHandler - 

Request DefaultFullHttpRequest(decodeResult: success, version: HTTP/1.1, content: EmptyByteBufBE)
GET /session/7cacfb719609d119f8ca35a84759f039/element/794a9c37-5a46-4f06-8ce5-826a8d7316e1/enabled HTTP/1.1
User-Agent: selenium/4.1.2 (java windows)
Cache-Control: no-cache
Content-Type: application/json; charset=utf-8
host: localhost:63557
accept: */*

Response DefaultHttpResponse(decodeResult: success, version: HTTP/1.1)
HTTP/1.1 200 OK
Content-Type: application/json; charset=utf-8
cache-control: no-cache
content-length: 14

11:12:52.452 [AsyncHttpClient-1-8] DEBUG org.asynchttpclient.netty.channel.ChannelManager - Adding key: http://localhost:63557 for channel [id: 0x3b15c008, L:/127.0.0.1:61340 - R:localhost/127.0.0.1:63557]
11:12:52.454 [Forwarding isElementEnabled on session 7cacfb719609d119f8ca35a84759f039 to remote] DEBUG org.asynchttpclient.netty.request.NettyRequestSender - Using pooled Channel '[id: 0x3b15c008, L:/127.0.0.1:61340 - R:localhost/127.0.0.1:63557]' for 'GET' to 'http://localhost:63557/session/7cacfb719609d119f8ca35a84759f039/element/794a9c37-5a46-4f06-8ce5-826a8d7316e1/enabled'
11:12:52.455 [Forwarding isElementEnabled on session 7cacfb719609d119f8ca35a84759f039 to remote] DEBUG org.asynchttpclient.netty.request.NettyRequestSender - Using open Channel [id: 0x3b15c008, L:/127.0.0.1:61340 - R:localhost/127.0.0.1:63557] for GET '/session/7cacfb719609d119f8ca35a84759f039/element/794a9c37-5a46-4f06-8ce5-826a8d7316e1/enabled'
11:12:52.478 [AsyncHttpClient-1-8] DEBUG org.asynchttpclient.netty.handler.HttpHandler - 

Request DefaultFullHttpRequest(decodeResult: success, version: HTTP/1.1, content: EmptyByteBufBE)
GET /session/7cacfb719609d119f8ca35a84759f039/element/794a9c37-5a46-4f06-8ce5-826a8d7316e1/enabled HTTP/1.1
User-Agent: selenium/4.1.2 (java windows)
Cache-Control: no-cache
Content-Type: application/json; charset=utf-8
host: localhost:63557
accept: */*

Response DefaultHttpResponse(decodeResult: success, version: HTTP/1.1)
HTTP/1.1 200 OK
Content-Type: application/json; charset=utf-8
cache-control: no-cache
content-length: 14

11:12:52.478 [AsyncHttpClient-1-8] DEBUG org.asynchttpclient.netty.channel.ChannelManager - Adding key: http://localhost:63557 for channel [id: 0x3b15c008, L:/127.0.0.1:61340 - R:localhost/127.0.0.1:63557]
11:12:52.485 [Forwarding findElement on session 7cacfb719609d119f8ca35a84759f039 to remote] DEBUG org.asynchttpclient.netty.request.NettyRequestSender - Using pooled Channel '[id: 0x3b15c008, L:/127.0.0.1:61340 - R:localhost/127.0.0.1:63557]' for 'POST' to 'http://localhost:63557/session/7cacfb719609d119f8ca35a84759f039/element'
11:12:52.485 [Forwarding findElement on session 7cacfb719609d119f8ca35a84759f039 to remote] DEBUG org.asynchttpclient.netty.request.NettyRequestSender - Using open Channel [id: 0x3b15c008, L:/127.0.0.1:61340 - R:localhost/127.0.0.1:63557] for POST '/session/7cacfb719609d119f8ca35a84759f039/element'
11:12:52.505 [AsyncHttpClient-1-8] DEBUG org.asynchttpclient.netty.handler.HttpHandler - 

Request DefaultHttpRequest(decodeResult: success, version: HTTP/1.1)
POST /session/7cacfb719609d119f8ca35a84759f039/element HTTP/1.1
User-Agent: selenium/4.1.2 (java windows)
Content-Length: 116
Content-Type: application/json; charset=utf-8
host: localhost:63557
accept: */*

Response DefaultHttpResponse(decodeResult: success, version: HTTP/1.1)
HTTP/1.1 200 OK
Content-Type: application/json; charset=utf-8
cache-control: no-cache
content-length: 88

11:12:52.505 [AsyncHttpClient-1-8] DEBUG org.asynchttpclient.netty.channel.ChannelManager - Adding key: http://localhost:63557 for channel [id: 0x3b15c008, L:/127.0.0.1:61340 - R:localhost/127.0.0.1:63557]
11:12:52.509 [Forwarding clickElement on session 7cacfb719609d119f8ca35a84759f039 to remote] DEBUG org.asynchttpclient.netty.request.NettyRequestSender - Using pooled Channel '[id: 0x3b15c008, L:/127.0.0.1:61340 - R:localhost/127.0.0.1:63557]' for 'POST' to 'http://localhost:63557/session/7cacfb719609d119f8ca35a84759f039/element/794a9c37-5a46-4f06-8ce5-826a8d7316e1/click'
11:12:52.509 [Forwarding clickElement on session 7cacfb719609d119f8ca35a84759f039 to remote] DEBUG org.asynchttpclient.netty.request.NettyRequestSender - Using open Channel [id: 0x3b15c008, L:/127.0.0.1:61340 - R:localhost/127.0.0.1:63557] for POST '/session/7cacfb719609d119f8ca35a84759f039/element/794a9c37-5a46-4f06-8ce5-826a8d7316e1/click'
11:12:52.617 [AsyncHttpClient-1-1] DEBUG org.asynchttpclient.netty.channel.DefaultChannelPool - Entry count for : http://localhost:61341 : 1
11:12:52.781 [AsyncHttpClient-1-8] DEBUG org.asynchttpclient.netty.handler.HttpHandler - 

Request DefaultHttpRequest(decodeResult: success, version: HTTP/1.1)
POST /session/7cacfb719609d119f8ca35a84759f039/element/794a9c37-5a46-4f06-8ce5-826a8d7316e1/click HTTP/1.1
User-Agent: selenium/4.1.2 (java windows)
Content-Length: 50
Content-Type: application/json; charset=utf-8
host: localhost:63557
accept: */*

Response DefaultHttpResponse(decodeResult: success, version: HTTP/1.1)
HTTP/1.1 200 OK
Content-Type: application/json; charset=utf-8
cache-control: no-cache
content-length: 14

11:12:52.781 [AsyncHttpClient-1-8] DEBUG org.asynchttpclient.netty.channel.ChannelManager - Adding key: http://localhost:63557 for channel [id: 0x3b15c008, L:/127.0.0.1:61340 - R:localhost/127.0.0.1:63557]
11:12:52.799 [Forwarding screenshot on session 7cacfb719609d119f8ca35a84759f039 to remote] DEBUG org.asynchttpclient.netty.request.NettyRequestSender - Using pooled Channel '[id: 0x3b15c008, L:/127.0.0.1:61340 - R:localhost/127.0.0.1:63557]' for 'GET' to 'http://localhost:63557/session/7cacfb719609d119f8ca35a84759f039/screenshot'
11:12:52.799 [Forwarding screenshot on session 7cacfb719609d119f8ca35a84759f039 to remote] DEBUG org.asynchttpclient.netty.request.NettyRequestSender - Using open Channel [id: 0x3b15c008, L:/127.0.0.1:61340 - R:localhost/127.0.0.1:63557] for GET '/session/7cacfb719609d119f8ca35a84759f039/screenshot'
11:12:53.230 [AsyncHttpClient-1-8] DEBUG org.asynchttpclient.netty.handler.HttpHandler - 

Request DefaultFullHttpRequest(decodeResult: success, version: HTTP/1.1, content: EmptyByteBufBE)
GET /session/7cacfb719609d119f8ca35a84759f039/screenshot HTTP/1.1
User-Agent: selenium/4.1.2 (java windows)
Cache-Control: no-cache
Content-Type: application/json; charset=utf-8
host: localhost:63557
accept: */*

Response DefaultHttpResponse(decodeResult: success, version: HTTP/1.1)
HTTP/1.1 200 OK
Content-Type: application/json; charset=utf-8
cache-control: no-cache
content-length: 411224

11:12:53.231 [AsyncHttpClient-1-8] DEBUG org.asynchttpclient.netty.channel.ChannelManager - Adding key: http://localhost:63557 for channel [id: 0x3b15c008, L:/127.0.0.1:61340 - R:localhost/127.0.0.1:63557]
11:12:53.264 [main] DEBUG net.serenitybdd.core.photography.Darkroom - Send negative for processing for target\site\serenity\df75a95969af1c793cf4fba65827f0b20e6940eaa0986408415aa23bce00af8a.png
11:12:53.264 [main] DEBUG net.thucydides.core.steps.StepInterceptor - STEP DONE: clickButtonEditDataPasien
  &amp#27;[32mAnd &amp#27;[0m&amp#27;[32mClick button edit profil&amp#27;[0m                                             &amp#27;[90m# starter.stepdefinitios.PatientDataSteps.clickButtonEditProfil()&amp#27;[0m
11:12:53.265 [Darkroom Processing Line] DEBUG net.serenitybdd.core.photography.DarkroomProcessingLine - Processing screenshot image in /var/screenshots/screenshot-4180283756782883181
11:12:53.265 [Darkroom Processing Line] DEBUG net.serenitybdd.core.photography.DarkroomProcessingLine - Saving screenshot to target\site\serenity\df75a95969af1c793cf4fba65827f0b20e6940eaa0986408415aa23bce00af8a.png
11:12:53.330 [Forwarding screenshot on session 7cacfb719609d119f8ca35a84759f039 to remote] DEBUG org.asynchttpclient.netty.request.NettyRequestSender - Using pooled Channel '[id: 0x3b15c008, L:/127.0.0.1:61340 - R:localhost/127.0.0.1:63557]' for 'GET' to 'http://localhost:63557/session/7cacfb719609d119f8ca35a84759f039/screenshot'
11:12:53.331 [Forwarding screenshot on session 7cacfb719609d119f8ca35a84759f039 to remote] DEBUG org.asynchttpclient.netty.request.NettyRequestSender - Using open Channel [id: 0x3b15c008, L:/127.0.0.1:61340 - R:localhost/127.0.0.1:63557] for GET '/session/7cacfb719609d119f8ca35a84759f039/screenshot'
11:12:53.725 [AsyncHttpClient-1-1] DEBUG org.asynchttpclient.netty.channel.DefaultChannelPool - Entry count for : http://localhost:61341 : 1
11:12:53.781 [AsyncHttpClient-1-8] DEBUG org.asynchttpclient.netty.handler.HttpHandler - 

Request DefaultFullHttpRequest(decodeResult: success, version: HTTP/1.1, content: EmptyByteBufBE)
GET /session/7cacfb719609d119f8ca35a84759f039/screenshot HTTP/1.1
User-Agent: selenium/4.1.2 (java windows)
Cache-Control: no-cache
Content-Type: application/json; charset=utf-8
host: localhost:63557
accept: */*

Response DefaultHttpResponse(decodeResult: success, version: HTTP/1.1)
HTTP/1.1 200 OK
Content-Type: application/json; charset=utf-8
cache-control: no-cache
content-length: 411224

11:12:53.782 [AsyncHttpClient-1-8] DEBUG org.asynchttpclient.netty.channel.ChannelManager - Adding key: http://localhost:63557 for channel [id: 0x3b15c008, L:/127.0.0.1:61340 - R:localhost/127.0.0.1:63557]
11:12:53.824 [main] DEBUG net.serenitybdd.core.photography.Darkroom - Send negative for processing for target\site\serenity\df75a95969af1c793cf4fba65827f0b20e6940eaa0986408415aa23bce00af8a.png
11:12:53.824 [main] DEBUG net.thucydides.core.steps.StepInterceptor - STARTING STEP: PatientDataSteps.cleanAllDataPasien - cleanDataPasien
11:12:53.835 [Forwarding findElement on session 7cacfb719609d119f8ca35a84759f039 to remote] DEBUG org.asynchttpclient.netty.request.NettyRequestSender - Using pooled Channel '[id: 0x3b15c008, L:/127.0.0.1:61340 - R:localhost/127.0.0.1:63557]' for 'POST' to 'http://localhost:63557/session/7cacfb719609d119f8ca35a84759f039/element'
11:12:53.835 [Forwarding findElement on session 7cacfb719609d119f8ca35a84759f039 to remote] DEBUG org.asynchttpclient.netty.request.NettyRequestSender - Using open Channel [id: 0x3b15c008, L:/127.0.0.1:61340 - R:localhost/127.0.0.1:63557] for POST '/session/7cacfb719609d119f8ca35a84759f039/element'
11:12:54.049 [AsyncHttpClient-1-8] DEBUG org.asynchttpclient.netty.handler.HttpHandler - 

Request DefaultHttpRequest(decodeResult: success, version: HTTP/1.1)
POST /session/7cacfb719609d119f8ca35a84759f039/element HTTP/1.1
User-Agent: selenium/4.1.2 (java windows)
Content-Length: 166
Content-Type: application/json; charset=utf-8
host: localhost:63557
accept: */*

Response DefaultHttpResponse(decodeResult: success, version: HTTP/1.1)
HTTP/1.1 200 OK
Content-Type: application/json; charset=utf-8
cache-control: no-cache
content-length: 88

11:12:54.049 [AsyncHttpClient-1-8] DEBUG org.asynchttpclient.netty.channel.ChannelManager - Adding key: http://localhost:63557 for channel [id: 0x3b15c008, L:/127.0.0.1:61340 - R:localhost/127.0.0.1:63557]
11:12:54.051 [Forwarding clearElement on session 7cacfb719609d119f8ca35a84759f039 to remote] DEBUG org.asynchttpclient.netty.request.NettyRequestSender - Using pooled Channel '[id: 0x3b15c008, L:/127.0.0.1:61340 - R:localhost/127.0.0.1:63557]' for 'POST' to 'http://localhost:63557/session/7cacfb719609d119f8ca35a84759f039/element/4a89645b-d531-4509-8262-e0e8dca65423/clear'
11:12:54.051 [Forwarding clearElement on session 7cacfb719609d119f8ca35a84759f039 to remote] DEBUG org.asynchttpclient.netty.request.NettyRequestSender - Using open Channel [id: 0x3b15c008, L:/127.0.0.1:61340 - R:localhost/127.0.0.1:63557] for POST '/session/7cacfb719609d119f8ca35a84759f039/element/4a89645b-d531-4509-8262-e0e8dca65423/clear'
11:12:54.226 [AsyncHttpClient-1-8] DEBUG org.asynchttpclient.netty.handler.HttpHandler - 

Request DefaultHttpRequest(decodeResult: success, version: HTTP/1.1)
POST /session/7cacfb719609d119f8ca35a84759f039/element/4a89645b-d531-4509-8262-e0e8dca65423/clear HTTP/1.1
User-Agent: selenium/4.1.2 (java windows)
Content-Length: 50
Content-Type: application/json; charset=utf-8
host: localhost:63557
accept: */*

Response DefaultHttpResponse(decodeResult: success, version: HTTP/1.1)
HTTP/1.1 200 OK
Content-Type: application/json; charset=utf-8
cache-control: no-cache
content-length: 14

11:12:54.226 [AsyncHttpClient-1-8] DEBUG org.asynchttpclient.netty.channel.ChannelManager - Adding key: http://localhost:63557 for channel [id: 0x3b15c008, L:/127.0.0.1:61340 - R:localhost/127.0.0.1:63557]
11:12:54.232 [Forwarding findElement on session 7cacfb719609d119f8ca35a84759f039 to remote] DEBUG org.asynchttpclient.netty.request.NettyRequestSender - Using pooled Channel '[id: 0x3b15c008, L:/127.0.0.1:61340 - R:localhost/127.0.0.1:63557]' for 'POST' to 'http://localhost:63557/session/7cacfb719609d119f8ca35a84759f039/element'
11:12:54.232 [Forwarding findElement on session 7cacfb719609d119f8ca35a84759f039 to remote] DEBUG org.asynchttpclient.netty.request.NettyRequestSender - Using open Channel [id: 0x3b15c008, L:/127.0.0.1:61340 - R:localhost/127.0.0.1:63557] for POST '/session/7cacfb719609d119f8ca35a84759f039/element'
11:12:54.274 [AsyncHttpClient-1-8] DEBUG org.asynchttpclient.netty.handler.HttpHandler - 

Request DefaultHttpRequest(decodeResult: success, version: HTTP/1.1)
POST /session/7cacfb719609d119f8ca35a84759f039/element HTTP/1.1
User-Agent: selenium/4.1.2 (java windows)
Content-Length: 166
Content-Type: application/json; charset=utf-8
host: localhost:63557
accept: */*

Response DefaultHttpResponse(decodeResult: success, version: HTTP/1.1)
HTTP/1.1 200 OK
Content-Type: application/json; charset=utf-8
cache-control: no-cache
content-length: 88

11:12:54.275 [AsyncHttpClient-1-8] DEBUG org.asynchttpclient.netty.channel.ChannelManager - Adding key: http://localhost:63557 for channel [id: 0x3b15c008, L:/127.0.0.1:61340 - R:localhost/127.0.0.1:63557]
11:12:54.277 [Forwarding clearElement on session 7cacfb719609d119f8ca35a84759f039 to remote] DEBUG org.asynchttpclient.netty.request.NettyRequestSender - Using pooled Channel '[id: 0x3b15c008, L:/127.0.0.1:61340 - R:localhost/127.0.0.1:63557]' for 'POST' to 'http://localhost:63557/session/7cacfb719609d119f8ca35a84759f039/element/452254b6-23a8-4126-8c25-d25e9957e842/clear'
11:12:54.277 [Forwarding clearElement on session 7cacfb719609d119f8ca35a84759f039 to remote] DEBUG org.asynchttpclient.netty.request.NettyRequestSender - Using open Channel [id: 0x3b15c008, L:/127.0.0.1:61340 - R:localhost/127.0.0.1:63557] for POST '/session/7cacfb719609d119f8ca35a84759f039/element/452254b6-23a8-4126-8c25-d25e9957e842/clear'
11:12:54.364 [AsyncHttpClient-1-8] DEBUG org.asynchttpclient.netty.handler.HttpHandler - 

Request DefaultHttpRequest(decodeResult: success, version: HTTP/1.1)
POST /session/7cacfb719609d119f8ca35a84759f039/element/452254b6-23a8-4126-8c25-d25e9957e842/clear HTTP/1.1
User-Agent: selenium/4.1.2 (java windows)
Content-Length: 50
Content-Type: application/json; charset=utf-8
host: localhost:63557
accept: */*

Response DefaultHttpResponse(decodeResult: success, version: HTTP/1.1)
HTTP/1.1 200 OK
Content-Type: application/json; charset=utf-8
cache-control: no-cache
content-length: 14

11:12:54.365 [AsyncHttpClient-1-8] DEBUG org.asynchttpclient.netty.channel.ChannelManager - Adding key: http://localhost:63557 for channel [id: 0x3b15c008, L:/127.0.0.1:61340 - R:localhost/127.0.0.1:63557]
11:12:54.371 [Forwarding findElement on session 7cacfb719609d119f8ca35a84759f039 to remote] DEBUG org.asynchttpclient.netty.request.NettyRequestSender - Using pooled Channel '[id: 0x3b15c008, L:/127.0.0.1:61340 - R:localhost/127.0.0.1:63557]' for 'POST' to 'http://localhost:63557/session/7cacfb719609d119f8ca35a84759f039/element'
11:12:54.371 [Forwarding findElement on session 7cacfb719609d119f8ca35a84759f039 to remote] DEBUG org.asynchttpclient.netty.request.NettyRequestSender - Using open Channel [id: 0x3b15c008, L:/127.0.0.1:61340 - R:localhost/127.0.0.1:63557] for POST '/session/7cacfb719609d119f8ca35a84759f039/element'
11:12:54.402 [AsyncHttpClient-1-8] DEBUG org.asynchttpclient.netty.handler.HttpHandler - 

Request DefaultHttpRequest(decodeResult: success, version: HTTP/1.1)
POST /session/7cacfb719609d119f8ca35a84759f039/element HTTP/1.1
User-Agent: selenium/4.1.2 (java windows)
Content-Length: 166
Content-Type: application/json; charset=utf-8
host: localhost:63557
accept: */*

Response DefaultHttpResponse(decodeResult: success, version: HTTP/1.1)
HTTP/1.1 200 OK
Content-Type: application/json; charset=utf-8
cache-control: no-cache
content-length: 88

11:12:54.403 [AsyncHttpClient-1-8] DEBUG org.asynchttpclient.netty.channel.ChannelManager - Adding key: http://localhost:63557 for channel [id: 0x3b15c008, L:/127.0.0.1:61340 - R:localhost/127.0.0.1:63557]
11:12:54.407 [Forwarding clearElement on session 7cacfb719609d119f8ca35a84759f039 to remote] DEBUG org.asynchttpclient.netty.request.NettyRequestSender - Using pooled Channel '[id: 0x3b15c008, L:/127.0.0.1:61340 - R:localhost/127.0.0.1:63557]' for 'POST' to 'http://localhost:63557/session/7cacfb719609d119f8ca35a84759f039/element/8f9567b2-b182-4482-b5ce-52f01e330c66/clear'
11:12:54.408 [Forwarding clearElement on session 7cacfb719609d119f8ca35a84759f039 to remote] DEBUG org.asynchttpclient.netty.request.NettyRequestSender - Using open Channel [id: 0x3b15c008, L:/127.0.0.1:61340 - R:localhost/127.0.0.1:63557] for POST '/session/7cacfb719609d119f8ca35a84759f039/element/8f9567b2-b182-4482-b5ce-52f01e330c66/clear'
11:12:54.497 [AsyncHttpClient-1-8] DEBUG org.asynchttpclient.netty.handler.HttpHandler - 

Request DefaultHttpRequest(decodeResult: success, version: HTTP/1.1)
POST /session/7cacfb719609d119f8ca35a84759f039/element/8f9567b2-b182-4482-b5ce-52f01e330c66/clear HTTP/1.1
User-Agent: selenium/4.1.2 (java windows)
Content-Length: 50
Content-Type: application/json; charset=utf-8
host: localhost:63557
accept: */*

Response DefaultHttpResponse(decodeResult: success, version: HTTP/1.1)
HTTP/1.1 200 OK
Content-Type: application/json; charset=utf-8
cache-control: no-cache
content-length: 14

11:12:54.497 [AsyncHttpClient-1-8] DEBUG org.asynchttpclient.netty.channel.ChannelManager - Adding key: http://localhost:63557 for channel [id: 0x3b15c008, L:/127.0.0.1:61340 - R:localhost/127.0.0.1:63557]
11:12:54.506 [Forwarding findElement on session 7cacfb719609d119f8ca35a84759f039 to remote] DEBUG org.asynchttpclient.netty.request.NettyRequestSender - Using pooled Channel '[id: 0x3b15c008, L:/127.0.0.1:61340 - R:localhost/127.0.0.1:63557]' for 'POST' to 'http://localhost:63557/session/7cacfb719609d119f8ca35a84759f039/element'
11:12:54.506 [Forwarding findElement on session 7cacfb719609d119f8ca35a84759f039 to remote] DEBUG org.asynchttpclient.netty.request.NettyRequestSender - Using open Channel [id: 0x3b15c008, L:/127.0.0.1:61340 - R:localhost/127.0.0.1:63557] for POST '/session/7cacfb719609d119f8ca35a84759f039/element'
11:12:54.585 [AsyncHttpClient-1-8] DEBUG org.asynchttpclient.netty.handler.HttpHandler - 

Request DefaultHttpRequest(decodeResult: success, version: HTTP/1.1)
POST /session/7cacfb719609d119f8ca35a84759f039/element HTTP/1.1
User-Agent: selenium/4.1.2 (java windows)
Content-Length: 166
Content-Type: application/json; charset=utf-8
host: localhost:63557
accept: */*

Response DefaultHttpResponse(decodeResult: success, version: HTTP/1.1)
HTTP/1.1 200 OK
Content-Type: application/json; charset=utf-8
cache-control: no-cache
content-length: 88

11:12:54.585 [AsyncHttpClient-1-8] DEBUG org.asynchttpclient.netty.channel.ChannelManager - Adding key: http://localhost:63557 for channel [id: 0x3b15c008, L:/127.0.0.1:61340 - R:localhost/127.0.0.1:63557]
11:12:54.587 [Forwarding clearElement on session 7cacfb719609d119f8ca35a84759f039 to remote] DEBUG org.asynchttpclient.netty.request.NettyRequestSender - Using pooled Channel '[id: 0x3b15c008, L:/127.0.0.1:61340 - R:localhost/127.0.0.1:63557]' for 'POST' to 'http://localhost:63557/session/7cacfb719609d119f8ca35a84759f039/element/a70408cc-6a3c-4a04-a73a-d0429b8ecf17/clear'
11:12:54.587 [Forwarding clearElement on session 7cacfb719609d119f8ca35a84759f039 to remote] DEBUG org.asynchttpclient.netty.request.NettyRequestSender - Using open Channel [id: 0x3b15c008, L:/127.0.0.1:61340 - R:localhost/127.0.0.1:63557] for POST '/session/7cacfb719609d119f8ca35a84759f039/element/a70408cc-6a3c-4a04-a73a-d0429b8ecf17/clear'
11:12:54.686 [AsyncHttpClient-1-8] DEBUG org.asynchttpclient.netty.handler.HttpHandler - 

Request DefaultHttpRequest(decodeResult: success, version: HTTP/1.1)
POST /session/7cacfb719609d119f8ca35a84759f039/element/a70408cc-6a3c-4a04-a73a-d0429b8ecf17/clear HTTP/1.1
User-Agent: selenium/4.1.2 (java windows)
Content-Length: 50
Content-Type: application/json; charset=utf-8
host: localhost:63557
accept: */*

Response DefaultHttpResponse(decodeResult: success, version: HTTP/1.1)
HTTP/1.1 200 OK
Content-Type: application/json; charset=utf-8
cache-control: no-cache
content-length: 14

11:12:54.689 [AsyncHttpClient-1-8] DEBUG org.asynchttpclient.netty.channel.ChannelManager - Adding key: http://localhost:63557 for channel [id: 0x3b15c008, L:/127.0.0.1:61340 - R:localhost/127.0.0.1:63557]
11:12:54.698 [Forwarding findElement on session 7cacfb719609d119f8ca35a84759f039 to remote] DEBUG org.asynchttpclient.netty.request.NettyRequestSender - Using pooled Channel '[id: 0x3b15c008, L:/127.0.0.1:61340 - R:localhost/127.0.0.1:63557]' for 'POST' to 'http://localhost:63557/session/7cacfb719609d119f8ca35a84759f039/element'
11:12:54.698 [Forwarding findElement on session 7cacfb719609d119f8ca35a84759f039 to remote] DEBUG org.asynchttpclient.netty.request.NettyRequestSender - Using open Channel [id: 0x3b15c008, L:/127.0.0.1:61340 - R:localhost/127.0.0.1:63557] for POST '/session/7cacfb719609d119f8ca35a84759f039/element'
11:12:54.725 [AsyncHttpClient-1-8] DEBUG org.asynchttpclient.netty.handler.HttpHandler - 

Request DefaultHttpRequest(decodeResult: success, version: HTTP/1.1)
POST /session/7cacfb719609d119f8ca35a84759f039/element HTTP/1.1
User-Agent: selenium/4.1.2 (java windows)
Content-Length: 173
Content-Type: application/json; charset=utf-8
host: localhost:63557
accept: */*

Response DefaultHttpResponse(decodeResult: success, version: HTTP/1.1)
HTTP/1.1 200 OK
Content-Type: application/json; charset=utf-8
cache-control: no-cache
content-length: 88

11:12:54.725 [AsyncHttpClient-1-8] DEBUG org.asynchttpclient.netty.channel.ChannelManager - Adding key: http://localhost:63557 for channel [id: 0x3b15c008, L:/127.0.0.1:61340 - R:localhost/127.0.0.1:63557]
11:12:54.727 [Forwarding clearElement on session 7cacfb719609d119f8ca35a84759f039 to remote] DEBUG org.asynchttpclient.netty.request.NettyRequestSender - Using pooled Channel '[id: 0x3b15c008, L:/127.0.0.1:61340 - R:localhost/127.0.0.1:63557]' for 'POST' to 'http://localhost:63557/session/7cacfb719609d119f8ca35a84759f039/element/1bc752ca-d77b-4411-b351-a6517de30453/clear'
11:12:54.727 [Forwarding clearElement on session 7cacfb719609d119f8ca35a84759f039 to remote] DEBUG org.asynchttpclient.netty.request.NettyRequestSender - Using open Channel [id: 0x3b15c008, L:/127.0.0.1:61340 - R:localhost/127.0.0.1:63557] for POST '/session/7cacfb719609d119f8ca35a84759f039/element/1bc752ca-d77b-4411-b351-a6517de30453/clear'
11:12:54.799 [AsyncHttpClient-1-8] DEBUG org.asynchttpclient.netty.handler.HttpHandler - 

Request DefaultHttpRequest(decodeResult: success, version: HTTP/1.1)
POST /session/7cacfb719609d119f8ca35a84759f039/element/1bc752ca-d77b-4411-b351-a6517de30453/clear HTTP/1.1
User-Agent: selenium/4.1.2 (java windows)
Content-Length: 50
Content-Type: application/json; charset=utf-8
host: localhost:63557
accept: */*

Response DefaultHttpResponse(decodeResult: success, version: HTTP/1.1)
HTTP/1.1 200 OK
Content-Type: application/json; charset=utf-8
cache-control: no-cache
content-length: 14

11:12:54.799 [AsyncHttpClient-1-8] DEBUG org.asynchttpclient.netty.channel.ChannelManager - Adding key: http://localhost:63557 for channel [id: 0x3b15c008, L:/127.0.0.1:61340 - R:localhost/127.0.0.1:63557]
11:12:54.813 [Forwarding screenshot on session 7cacfb719609d119f8ca35a84759f039 to remote] DEBUG org.asynchttpclient.netty.request.NettyRequestSender - Using pooled Channel '[id: 0x3b15c008, L:/127.0.0.1:61340 - R:localhost/127.0.0.1:63557]' for 'GET' to 'http://localhost:63557/session/7cacfb719609d119f8ca35a84759f039/screenshot'
11:12:54.813 [Forwarding screenshot on session 7cacfb719609d119f8ca35a84759f039 to remote] DEBUG org.asynchttpclient.netty.request.NettyRequestSender - Using open Channel [id: 0x3b15c008, L:/127.0.0.1:61340 - R:localhost/127.0.0.1:63557] for GET '/session/7cacfb719609d119f8ca35a84759f039/screenshot'
11:12:54.814 [AsyncHttpClient-1-1] DEBUG org.asynchttpclient.netty.channel.DefaultChannelPool - Entry count for : http://localhost:61341 : 1
11:12:55.257 [AsyncHttpClient-1-8] DEBUG org.asynchttpclient.netty.handler.HttpHandler - 

Request DefaultFullHttpRequest(decodeResult: success, version: HTTP/1.1, content: EmptyByteBufBE)
GET /session/7cacfb719609d119f8ca35a84759f039/screenshot HTTP/1.1
User-Agent: selenium/4.1.2 (java windows)
Cache-Control: no-cache
Content-Type: application/json; charset=utf-8
host: localhost:63557
accept: */*

Response DefaultHttpResponse(decodeResult: success, version: HTTP/1.1)
HTTP/1.1 200 OK
Content-Type: application/json; charset=utf-8
cache-control: no-cache
content-length: 395000

11:12:55.259 [AsyncHttpClient-1-8] DEBUG org.asynchttpclient.netty.channel.ChannelManager - Adding key: http://localhost:63557 for channel [id: 0x3b15c008, L:/127.0.0.1:61340 - R:localhost/127.0.0.1:63557]
11:12:55.291 [main] DEBUG net.serenitybdd.core.photography.Darkroom - Send negative for processing for target\site\serenity\fae27c5654b7b9687edf1031ede37a2e2b80b89e17d32a252868be3b9e18e388.png
11:12:55.291 [main] DEBUG net.thucydides.core.steps.StepInterceptor - STEP DONE: cleanDataPasien
  &amp#27;[32mAnd &amp#27;[0m&amp#27;[32mClean all data pasien&amp#27;[0m                                                &amp#27;[90m# starter.stepdefinitios.PatientDataSteps.cleanAllDataPasien()&amp#27;[0m
11:12:55.298 [Darkroom Processing Line] DEBUG net.serenitybdd.core.photography.DarkroomProcessingLine - Processing screenshot image in /var/screenshots/screenshot-16619699857470709716
11:12:55.298 [Darkroom Processing Line] DEBUG net.serenitybdd.core.photography.DarkroomProcessingLine - Saving screenshot to target\site\serenity\fae27c5654b7b9687edf1031ede37a2e2b80b89e17d32a252868be3b9e18e388.png
11:12:55.348 [Forwarding screenshot on session 7cacfb719609d119f8ca35a84759f039 to remote] DEBUG org.asynchttpclient.netty.request.NettyRequestSender - Using pooled Channel '[id: 0x3b15c008, L:/127.0.0.1:61340 - R:localhost/127.0.0.1:63557]' for 'GET' to 'http://localhost:63557/session/7cacfb719609d119f8ca35a84759f039/screenshot'
11:12:55.348 [Forwarding screenshot on session 7cacfb719609d119f8ca35a84759f039 to remote] DEBUG org.asynchttpclient.netty.request.NettyRequestSender - Using open Channel [id: 0x3b15c008, L:/127.0.0.1:61340 - R:localhost/127.0.0.1:63557] for GET '/session/7cacfb719609d119f8ca35a84759f039/screenshot'
11:12:55.836 [AsyncHttpClient-1-8] DEBUG org.asynchttpclient.netty.handler.HttpHandler - 

Request DefaultFullHttpRequest(decodeResult: success, version: HTTP/1.1, content: EmptyByteBufBE)
GET /session/7cacfb719609d119f8ca35a84759f039/screenshot HTTP/1.1
User-Agent: selenium/4.1.2 (java windows)
Cache-Control: no-cache
Content-Type: application/json; charset=utf-8
host: localhost:63557
accept: */*

Response DefaultHttpResponse(decodeResult: success, version: HTTP/1.1)
HTTP/1.1 200 OK
Content-Type: application/json; charset=utf-8
cache-control: no-cache
content-length: 395000

11:12:55.838 [AsyncHttpClient-1-8] DEBUG org.asynchttpclient.netty.channel.ChannelManager - Adding key: http://localhost:63557 for channel [id: 0x3b15c008, L:/127.0.0.1:61340 - R:localhost/127.0.0.1:63557]
11:12:55.869 [main] DEBUG net.serenitybdd.core.photography.Darkroom - Send negative for processing for target\site\serenity\fae27c5654b7b9687edf1031ede37a2e2b80b89e17d32a252868be3b9e18e388.png
11:12:55.926 [AsyncHttpClient-1-1] DEBUG org.asynchttpclient.netty.channel.DefaultChannelPool - Entry count for : http://localhost:61341 : 1
11:12:55.926 [AsyncHttpClient-1-1] DEBUG org.asynchttpclient.netty.channel.DefaultChannelPool - Entry count for : http://localhost:63557 : 1
11:12:56.396 [Forwarding screenshot on session 7cacfb719609d119f8ca35a84759f039 to remote] DEBUG org.asynchttpclient.netty.request.NettyRequestSender - Using pooled Channel '[id: 0x3b15c008, L:/127.0.0.1:61340 - R:localhost/127.0.0.1:63557]' for 'GET' to 'http://localhost:63557/session/7cacfb719609d119f8ca35a84759f039/screenshot'
11:12:56.396 [Forwarding screenshot on session 7cacfb719609d119f8ca35a84759f039 to remote] DEBUG org.asynchttpclient.netty.request.NettyRequestSender - Using open Channel [id: 0x3b15c008, L:/127.0.0.1:61340 - R:localhost/127.0.0.1:63557] for GET '/session/7cacfb719609d119f8ca35a84759f039/screenshot'
11:12:56.838 [AsyncHttpClient-1-8] DEBUG org.asynchttpclient.netty.handler.HttpHandler - 

Request DefaultFullHttpRequest(decodeResult: success, version: HTTP/1.1, content: EmptyByteBufBE)
GET /session/7cacfb719609d119f8ca35a84759f039/screenshot HTTP/1.1
User-Agent: selenium/4.1.2 (java windows)
Cache-Control: no-cache
Content-Type: application/json; charset=utf-8
host: localhost:63557
accept: */*

Response DefaultHttpResponse(decodeResult: success, version: HTTP/1.1)
HTTP/1.1 200 OK
Content-Type: application/json; charset=utf-8
cache-control: no-cache
content-length: 395000

11:12:56.840 [AsyncHttpClient-1-8] DEBUG org.asynchttpclient.netty.channel.ChannelManager - Adding key: http://localhost:63557 for channel [id: 0x3b15c008, L:/127.0.0.1:61340 - R:localhost/127.0.0.1:63557]
11:12:56.874 [main] DEBUG net.serenitybdd.core.photography.Darkroom - Send negative for processing for target\site\serenity\fae27c5654b7b9687edf1031ede37a2e2b80b89e17d32a252868be3b9e18e388.png
11:12:56.875 [main] DEBUG net.thucydides.core.steps.StepInterceptor - STARTING STEP: PatientDataSteps.iInput - inputDataPasien
11:12:56.883 [Forwarding findElement on session 7cacfb719609d119f8ca35a84759f039 to remote] DEBUG org.asynchttpclient.netty.request.NettyRequestSender - Using pooled Channel '[id: 0x3b15c008, L:/127.0.0.1:61340 - R:localhost/127.0.0.1:63557]' for 'POST' to 'http://localhost:63557/session/7cacfb719609d119f8ca35a84759f039/element'
11:12:56.884 [Forwarding findElement on session 7cacfb719609d119f8ca35a84759f039 to remote] DEBUG org.asynchttpclient.netty.request.NettyRequestSender - Using open Channel [id: 0x3b15c008, L:/127.0.0.1:61340 - R:localhost/127.0.0.1:63557] for POST '/session/7cacfb719609d119f8ca35a84759f039/element'
11:12:56.969 [AsyncHttpClient-1-8] DEBUG org.asynchttpclient.netty.handler.HttpHandler - 

Request DefaultHttpRequest(decodeResult: success, version: HTTP/1.1)
POST /session/7cacfb719609d119f8ca35a84759f039/element HTTP/1.1
User-Agent: selenium/4.1.2 (java windows)
Content-Length: 166
Content-Type: application/json; charset=utf-8
host: localhost:63557
accept: */*

Response DefaultHttpResponse(decodeResult: success, version: HTTP/1.1)
HTTP/1.1 200 OK
Content-Type: application/json; charset=utf-8
cache-control: no-cache
content-length: 88

11:12:56.969 [AsyncHttpClient-1-8] DEBUG org.asynchttpclient.netty.channel.ChannelManager - Adding key: http://localhost:63557 for channel [id: 0x3b15c008, L:/127.0.0.1:61340 - R:localhost/127.0.0.1:63557]
11:12:56.971 [Forwarding sendKeysToElement on session 7cacfb719609d119f8ca35a84759f039 to remote] DEBUG org.asynchttpclient.netty.request.NettyRequestSender - Using pooled Channel '[id: 0x3b15c008, L:/127.0.0.1:61340 - R:localhost/127.0.0.1:63557]' for 'POST' to 'http://localhost:63557/session/7cacfb719609d119f8ca35a84759f039/element/4a89645b-d531-4509-8262-e0e8dca65423/value'
11:12:56.971 [Forwarding sendKeysToElement on session 7cacfb719609d119f8ca35a84759f039 to remote] DEBUG org.asynchttpclient.netty.request.NettyRequestSender - Using open Channel [id: 0x3b15c008, L:/127.0.0.1:61340 - R:localhost/127.0.0.1:63557] for POST '/session/7cacfb719609d119f8ca35a84759f039/element/4a89645b-d531-4509-8262-e0e8dca65423/value'
11:12:57.103 [AsyncHttpClient-1-1] DEBUG org.asynchttpclient.netty.channel.DefaultChannelPool - Entry count for : http://localhost:61341 : 1
11:12:57.743 [AsyncHttpClient-1-8] DEBUG org.asynchttpclient.netty.handler.HttpHandler - 

Request DefaultHttpRequest(decodeResult: success, version: HTTP/1.1)
POST /session/7cacfb719609d119f8ca35a84759f039/element/4a89645b-d531-4509-8262-e0e8dca65423/value HTTP/1.1
User-Agent: selenium/4.1.2 (java windows)
Content-Length: 131
Content-Type: application/json; charset=utf-8
host: localhost:63557
accept: */*

Response DefaultHttpResponse(decodeResult: success, version: HTTP/1.1)
HTTP/1.1 200 OK
Content-Type: application/json; charset=utf-8
cache-control: no-cache
content-length: 14

11:12:57.744 [AsyncHttpClient-1-8] DEBUG org.asynchttpclient.netty.channel.ChannelManager - Adding key: http://localhost:63557 for channel [id: 0x3b15c008, L:/127.0.0.1:61340 - R:localhost/127.0.0.1:63557]
11:12:57.750 [Forwarding findElement on session 7cacfb719609d119f8ca35a84759f039 to remote] DEBUG org.asynchttpclient.netty.request.NettyRequestSender - Using pooled Channel '[id: 0x3b15c008, L:/127.0.0.1:61340 - R:localhost/127.0.0.1:63557]' for 'POST' to 'http://localhost:63557/session/7cacfb719609d119f8ca35a84759f039/element'
11:12:57.750 [Forwarding findElement on session 7cacfb719609d119f8ca35a84759f039 to remote] DEBUG org.asynchttpclient.netty.request.NettyRequestSender - Using open Channel [id: 0x3b15c008, L:/127.0.0.1:61340 - R:localhost/127.0.0.1:63557] for POST '/session/7cacfb719609d119f8ca35a84759f039/element'
11:12:57.789 [AsyncHttpClient-1-8] DEBUG org.asynchttpclient.netty.handler.HttpHandler - 

Request DefaultHttpRequest(decodeResult: success, version: HTTP/1.1)
POST /session/7cacfb719609d119f8ca35a84759f039/element HTTP/1.1
User-Agent: selenium/4.1.2 (java windows)
Content-Length: 166
Content-Type: application/json; charset=utf-8
host: localhost:63557
accept: */*

Response DefaultHttpResponse(decodeResult: success, version: HTTP/1.1)
HTTP/1.1 200 OK
Content-Type: application/json; charset=utf-8
cache-control: no-cache
content-length: 88

11:12:57.790 [AsyncHttpClient-1-8] DEBUG org.asynchttpclient.netty.channel.ChannelManager - Adding key: http://localhost:63557 for channel [id: 0x3b15c008, L:/127.0.0.1:61340 - R:localhost/127.0.0.1:63557]
11:12:57.793 [Forwarding sendKeysToElement on session 7cacfb719609d119f8ca35a84759f039 to remote] DEBUG org.asynchttpclient.netty.request.NettyRequestSender - Using pooled Channel '[id: 0x3b15c008, L:/127.0.0.1:61340 - R:localhost/127.0.0.1:63557]' for 'POST' to 'http://localhost:63557/session/7cacfb719609d119f8ca35a84759f039/element/8f9567b2-b182-4482-b5ce-52f01e330c66/value'
11:12:57.793 [Forwarding sendKeysToElement on session 7cacfb719609d119f8ca35a84759f039 to remote] DEBUG org.asynchttpclient.netty.request.NettyRequestSender - Using open Channel [id: 0x3b15c008, L:/127.0.0.1:61340 - R:localhost/127.0.0.1:63557] for POST '/session/7cacfb719609d119f8ca35a84759f039/element/8f9567b2-b182-4482-b5ce-52f01e330c66/value'
11:12:58.118 [AsyncHttpClient-1-1] DEBUG org.asynchttpclient.netty.channel.DefaultChannelPool - Entry count for : http://localhost:61341 : 1
11:12:58.445 [AsyncHttpClient-1-8] DEBUG org.asynchttpclient.netty.handler.HttpHandler - 

Request DefaultHttpRequest(decodeResult: success, version: HTTP/1.1)
POST /session/7cacfb719609d119f8ca35a84759f039/element/8f9567b2-b182-4482-b5ce-52f01e330c66/value HTTP/1.1
User-Agent: selenium/4.1.2 (java windows)
Content-Length: 181
Content-Type: application/json; charset=utf-8
host: localhost:63557
accept: */*

Response DefaultHttpResponse(decodeResult: success, version: HTTP/1.1)
HTTP/1.1 200 OK
Content-Type: application/json; charset=utf-8
cache-control: no-cache
content-length: 14

11:12:58.445 [AsyncHttpClient-1-8] DEBUG org.asynchttpclient.netty.channel.ChannelManager - Adding key: http://localhost:63557 for channel [id: 0x3b15c008, L:/127.0.0.1:61340 - R:localhost/127.0.0.1:63557]
11:12:58.450 [Forwarding findElement on session 7cacfb719609d119f8ca35a84759f039 to remote] DEBUG org.asynchttpclient.netty.request.NettyRequestSender - Using pooled Channel '[id: 0x3b15c008, L:/127.0.0.1:61340 - R:localhost/127.0.0.1:63557]' for 'POST' to 'http://localhost:63557/session/7cacfb719609d119f8ca35a84759f039/element'
11:12:58.450 [Forwarding findElement on session 7cacfb719609d119f8ca35a84759f039 to remote] DEBUG org.asynchttpclient.netty.request.NettyRequestSender - Using open Channel [id: 0x3b15c008, L:/127.0.0.1:61340 - R:localhost/127.0.0.1:63557] for POST '/session/7cacfb719609d119f8ca35a84759f039/element'
11:12:58.473 [AsyncHttpClient-1-8] DEBUG org.asynchttpclient.netty.handler.HttpHandler - 

Request DefaultHttpRequest(decodeResult: success, version: HTTP/1.1)
POST /session/7cacfb719609d119f8ca35a84759f039/element HTTP/1.1
User-Agent: selenium/4.1.2 (java windows)
Content-Length: 166
Content-Type: application/json; charset=utf-8
host: localhost:63557
accept: */*

Response DefaultHttpResponse(decodeResult: success, version: HTTP/1.1)
HTTP/1.1 200 OK
Content-Type: application/json; charset=utf-8
cache-control: no-cache
content-length: 88

11:12:58.473 [AsyncHttpClient-1-8] DEBUG org.asynchttpclient.netty.channel.ChannelManager - Adding key: http://localhost:63557 for channel [id: 0x3b15c008, L:/127.0.0.1:61340 - R:localhost/127.0.0.1:63557]
11:12:58.475 [Forwarding sendKeysToElement on session 7cacfb719609d119f8ca35a84759f039 to remote] DEBUG org.asynchttpclient.netty.request.NettyRequestSender - Using pooled Channel '[id: 0x3b15c008, L:/127.0.0.1:61340 - R:localhost/127.0.0.1:63557]' for 'POST' to 'http://localhost:63557/session/7cacfb719609d119f8ca35a84759f039/element/a70408cc-6a3c-4a04-a73a-d0429b8ecf17/value'
11:12:58.475 [Forwarding sendKeysToElement on session 7cacfb719609d119f8ca35a84759f039 to remote] DEBUG org.asynchttpclient.netty.request.NettyRequestSender - Using open Channel [id: 0x3b15c008, L:/127.0.0.1:61340 - R:localhost/127.0.0.1:63557] for POST '/session/7cacfb719609d119f8ca35a84759f039/element/a70408cc-6a3c-4a04-a73a-d0429b8ecf17/value'
11:12:58.732 [AsyncHttpClient-1-8] DEBUG org.asynchttpclient.netty.handler.HttpHandler - 

Request DefaultHttpRequest(decodeResult: success, version: HTTP/1.1)
POST /session/7cacfb719609d119f8ca35a84759f039/element/a70408cc-6a3c-4a04-a73a-d0429b8ecf17/value HTTP/1.1
User-Agent: selenium/4.1.2 (java windows)
Content-Length: 101
Content-Type: application/json; charset=utf-8
host: localhost:63557
accept: */*

Response DefaultHttpResponse(decodeResult: success, version: HTTP/1.1)
HTTP/1.1 200 OK
Content-Type: application/json; charset=utf-8
cache-control: no-cache
content-length: 14

11:12:58.732 [AsyncHttpClient-1-8] DEBUG org.asynchttpclient.netty.channel.ChannelManager - Adding key: http://localhost:63557 for channel [id: 0x3b15c008, L:/127.0.0.1:61340 - R:localhost/127.0.0.1:63557]
11:12:58.742 [Forwarding findElement on session 7cacfb719609d119f8ca35a84759f039 to remote] DEBUG org.asynchttpclient.netty.request.NettyRequestSender - Using pooled Channel '[id: 0x3b15c008, L:/127.0.0.1:61340 - R:localhost/127.0.0.1:63557]' for 'POST' to 'http://localhost:63557/session/7cacfb719609d119f8ca35a84759f039/element'
11:12:58.742 [Forwarding findElement on session 7cacfb719609d119f8ca35a84759f039 to remote] DEBUG org.asynchttpclient.netty.request.NettyRequestSender - Using open Channel [id: 0x3b15c008, L:/127.0.0.1:61340 - R:localhost/127.0.0.1:63557] for POST '/session/7cacfb719609d119f8ca35a84759f039/element'
11:12:58.779 [AsyncHttpClient-1-8] DEBUG org.asynchttpclient.netty.handler.HttpHandler - 

Request DefaultHttpRequest(decodeResult: success, version: HTTP/1.1)
POST /session/7cacfb719609d119f8ca35a84759f039/element HTTP/1.1
User-Agent: selenium/4.1.2 (java windows)
Content-Length: 166
Content-Type: application/json; charset=utf-8
host: localhost:63557
accept: */*

Response DefaultHttpResponse(decodeResult: success, version: HTTP/1.1)
HTTP/1.1 200 OK
Content-Type: application/json; charset=utf-8
cache-control: no-cache
content-length: 88

11:12:58.779 [AsyncHttpClient-1-8] DEBUG org.asynchttpclient.netty.channel.ChannelManager - Adding key: http://localhost:63557 for channel [id: 0x3b15c008, L:/127.0.0.1:61340 - R:localhost/127.0.0.1:63557]
11:12:58.781 [Forwarding sendKeysToElement on session 7cacfb719609d119f8ca35a84759f039 to remote] DEBUG org.asynchttpclient.netty.request.NettyRequestSender - Using pooled Channel '[id: 0x3b15c008, L:/127.0.0.1:61340 - R:localhost/127.0.0.1:63557]' for 'POST' to 'http://localhost:63557/session/7cacfb719609d119f8ca35a84759f039/element/452254b6-23a8-4126-8c25-d25e9957e842/value'
11:12:58.782 [Forwarding sendKeysToElement on session 7cacfb719609d119f8ca35a84759f039 to remote] DEBUG org.asynchttpclient.netty.request.NettyRequestSender - Using open Channel [id: 0x3b15c008, L:/127.0.0.1:61340 - R:localhost/127.0.0.1:63557] for POST '/session/7cacfb719609d119f8ca35a84759f039/element/452254b6-23a8-4126-8c25-d25e9957e842/value'
11:12:59.223 [AsyncHttpClient-1-1] DEBUG org.asynchttpclient.netty.channel.DefaultChannelPool - Entry count for : http://localhost:61341 : 1
11:12:59.314 [AsyncHttpClient-1-8] DEBUG org.asynchttpclient.netty.handler.HttpHandler - 

Request DefaultHttpRequest(decodeResult: success, version: HTTP/1.1)
POST /session/7cacfb719609d119f8ca35a84759f039/element/452254b6-23a8-4126-8c25-d25e9957e842/value HTTP/1.1
User-Agent: selenium/4.1.2 (java windows)
Content-Length: 191
Content-Type: application/json; charset=utf-8
host: localhost:63557
accept: */*

Response DefaultHttpResponse(decodeResult: success, version: HTTP/1.1)
HTTP/1.1 200 OK
Content-Type: application/json; charset=utf-8
cache-control: no-cache
content-length: 14

11:12:59.314 [AsyncHttpClient-1-8] DEBUG org.asynchttpclient.netty.channel.ChannelManager - Adding key: http://localhost:63557 for channel [id: 0x3b15c008, L:/127.0.0.1:61340 - R:localhost/127.0.0.1:63557]
11:12:59.318 [Forwarding findElement on session 7cacfb719609d119f8ca35a84759f039 to remote] DEBUG org.asynchttpclient.netty.request.NettyRequestSender - Using pooled Channel '[id: 0x3b15c008, L:/127.0.0.1:61340 - R:localhost/127.0.0.1:63557]' for 'POST' to 'http://localhost:63557/session/7cacfb719609d119f8ca35a84759f039/element'
11:12:59.318 [Forwarding findElement on session 7cacfb719609d119f8ca35a84759f039 to remote] DEBUG org.asynchttpclient.netty.request.NettyRequestSender - Using open Channel [id: 0x3b15c008, L:/127.0.0.1:61340 - R:localhost/127.0.0.1:63557] for POST '/session/7cacfb719609d119f8ca35a84759f039/element'
11:12:59.349 [AsyncHttpClient-1-8] DEBUG org.asynchttpclient.netty.handler.HttpHandler - 

Request DefaultHttpRequest(decodeResult: success, version: HTTP/1.1)
POST /session/7cacfb719609d119f8ca35a84759f039/element HTTP/1.1
User-Agent: selenium/4.1.2 (java windows)
Content-Length: 173
Content-Type: application/json; charset=utf-8
host: localhost:63557
accept: */*

Response DefaultHttpResponse(decodeResult: success, version: HTTP/1.1)
HTTP/1.1 200 OK
Content-Type: application/json; charset=utf-8
cache-control: no-cache
content-length: 88

11:12:59.349 [AsyncHttpClient-1-8] DEBUG org.asynchttpclient.netty.channel.ChannelManager - Adding key: http://localhost:63557 for channel [id: 0x3b15c008, L:/127.0.0.1:61340 - R:localhost/127.0.0.1:63557]
11:12:59.351 [Forwarding sendKeysToElement on session 7cacfb719609d119f8ca35a84759f039 to remote] DEBUG org.asynchttpclient.netty.request.NettyRequestSender - Using pooled Channel '[id: 0x3b15c008, L:/127.0.0.1:61340 - R:localhost/127.0.0.1:63557]' for 'POST' to 'http://localhost:63557/session/7cacfb719609d119f8ca35a84759f039/element/1bc752ca-d77b-4411-b351-a6517de30453/value'
11:12:59.352 [Forwarding sendKeysToElement on session 7cacfb719609d119f8ca35a84759f039 to remote] DEBUG org.asynchttpclient.netty.request.NettyRequestSender - Using open Channel [id: 0x3b15c008, L:/127.0.0.1:61340 - R:localhost/127.0.0.1:63557] for POST '/session/7cacfb719609d119f8ca35a84759f039/element/1bc752ca-d77b-4411-b351-a6517de30453/value'
11:12:59.765 [AsyncHttpClient-1-8] DEBUG org.asynchttpclient.netty.handler.HttpHandler - 

Request DefaultHttpRequest(decodeResult: success, version: HTTP/1.1)
POST /session/7cacfb719609d119f8ca35a84759f039/element/1bc752ca-d77b-4411-b351-a6517de30453/value HTTP/1.1
User-Agent: selenium/4.1.2 (java windows)
Content-Length: 171
Content-Type: application/json; charset=utf-8
host: localhost:63557
accept: */*

Response DefaultHttpResponse(decodeResult: success, version: HTTP/1.1)
HTTP/1.1 200 OK
Content-Type: application/json; charset=utf-8
cache-control: no-cache
content-length: 14

11:12:59.765 [AsyncHttpClient-1-8] DEBUG org.asynchttpclient.netty.channel.ChannelManager - Adding key: http://localhost:63557 for channel [id: 0x3b15c008, L:/127.0.0.1:61340 - R:localhost/127.0.0.1:63557]
11:12:59.781 [Forwarding screenshot on session 7cacfb719609d119f8ca35a84759f039 to remote] DEBUG org.asynchttpclient.netty.request.NettyRequestSender - Using pooled Channel '[id: 0x3b15c008, L:/127.0.0.1:61340 - R:localhost/127.0.0.1:63557]' for 'GET' to 'http://localhost:63557/session/7cacfb719609d119f8ca35a84759f039/screenshot'
11:12:59.781 [Forwarding screenshot on session 7cacfb719609d119f8ca35a84759f039 to remote] DEBUG org.asynchttpclient.netty.request.NettyRequestSender - Using open Channel [id: 0x3b15c008, L:/127.0.0.1:61340 - R:localhost/127.0.0.1:63557] for GET '/session/7cacfb719609d119f8ca35a84759f039/screenshot'
11:13:00.179 [AsyncHttpClient-1-8] DEBUG org.asynchttpclient.netty.handler.HttpHandler - 

Request DefaultFullHttpRequest(decodeResult: success, version: HTTP/1.1, content: EmptyByteBufBE)
GET /session/7cacfb719609d119f8ca35a84759f039/screenshot HTTP/1.1
User-Agent: selenium/4.1.2 (java windows)
Cache-Control: no-cache
Content-Type: application/json; charset=utf-8
host: localhost:63557
accept: */*

Response DefaultHttpResponse(decodeResult: success, version: HTTP/1.1)
HTTP/1.1 200 OK
Content-Type: application/json; charset=utf-8
cache-control: no-cache
content-length: 413156

11:13:00.181 [AsyncHttpClient-1-8] DEBUG org.asynchttpclient.netty.channel.ChannelManager - Adding key: http://localhost:63557 for channel [id: 0x3b15c008, L:/127.0.0.1:61340 - R:localhost/127.0.0.1:63557]
11:13:00.224 [main] DEBUG net.serenitybdd.core.photography.Darkroom - Send negative for processing for target\site\serenity\6678e00f17b1d70017686891b4a133edb21407899884ce6795e49de5d4afc34d.png
11:13:00.224 [main] DEBUG net.thucydides.core.steps.StepInterceptor - STEP DONE: inputDataPasien
  &amp#27;[32mThen &amp#27;[0m&amp#27;[32mI input &amp#27;[0m&amp#27;[32m&amp#27;[1m"Bagas"&amp#27;[0m&amp#27;[32m &amp#27;[0m&amp#27;[32m&amp#27;[1m"1234479680"&amp#27;[0m&amp#27;[32m &amp#27;[0m&amp#27;[32m&amp#27;[1m"20"&amp#27;[0m&amp#27;[32m &amp#27;[0m&amp#27;[32m&amp#27;[1m"01294657612"&amp#27;[0m&amp#27;[32m &amp#27;[0m&amp#27;[32m&amp#27;[1m"perumahan"&amp#27;[0m&amp#27;[32m patient&amp#27;[0m &amp#27;[90m# starter.stepdefinitios.PatientDataSteps.iInput(java.lang.String,java.lang.String,java.lang.String,java.lang.String,java.lang.String)&amp#27;[0m
11:13:00.230 [Darkroom Processing Line] DEBUG net.serenitybdd.core.photography.DarkroomProcessingLine - Processing screenshot image in /var/screenshots/screenshot-14845550424543694861
11:13:00.230 [Darkroom Processing Line] DEBUG net.serenitybdd.core.photography.DarkroomProcessingLine - Saving screenshot to target\site\serenity\6678e00f17b1d70017686891b4a133edb21407899884ce6795e49de5d4afc34d.png
11:13:00.276 [Forwarding screenshot on session 7cacfb719609d119f8ca35a84759f039 to remote] DEBUG org.asynchttpclient.netty.request.NettyRequestSender - Using pooled Channel '[id: 0x3b15c008, L:/127.0.0.1:61340 - R:localhost/127.0.0.1:63557]' for 'GET' to 'http://localhost:63557/session/7cacfb719609d119f8ca35a84759f039/screenshot'
11:13:00.276 [Forwarding screenshot on session 7cacfb719609d119f8ca35a84759f039 to remote] DEBUG org.asynchttpclient.netty.request.NettyRequestSender - Using open Channel [id: 0x3b15c008, L:/127.0.0.1:61340 - R:localhost/127.0.0.1:63557] for GET '/session/7cacfb719609d119f8ca35a84759f039/screenshot'
11:13:00.340 [AsyncHttpClient-1-1] DEBUG org.asynchttpclient.netty.channel.DefaultChannelPool - Entry count for : http://localhost:61341 : 1
11:13:00.697 [AsyncHttpClient-1-8] DEBUG org.asynchttpclient.netty.handler.HttpHandler - 

Request DefaultFullHttpRequest(decodeResult: success, version: HTTP/1.1, content: EmptyByteBufBE)
GET /session/7cacfb719609d119f8ca35a84759f039/screenshot HTTP/1.1
User-Agent: selenium/4.1.2 (java windows)
Cache-Control: no-cache
Content-Type: application/json; charset=utf-8
host: localhost:63557
accept: */*

Response DefaultHttpResponse(decodeResult: success, version: HTTP/1.1)
HTTP/1.1 200 OK
Content-Type: application/json; charset=utf-8
cache-control: no-cache
content-length: 413144

11:13:00.699 [AsyncHttpClient-1-8] DEBUG org.asynchttpclient.netty.channel.ChannelManager - Adding key: http://localhost:63557 for channel [id: 0x3b15c008, L:/127.0.0.1:61340 - R:localhost/127.0.0.1:63557]
11:13:00.733 [main] DEBUG net.serenitybdd.core.photography.Darkroom - Send negative for processing for target\site\serenity\2bab6f9bb6615d7f18a1eeeb5931a09ed11bc512d593e85cb3287c6dd01bacbb.png
11:13:00.734 [main] DEBUG net.thucydides.core.steps.StepInterceptor - STARTING STEP: PatientDataSteps.iClickButtonJenisKelamin - clickLaki
11:13:00.735 [Darkroom Processing Line] DEBUG net.serenitybdd.core.photography.DarkroomProcessingLine - Processing screenshot image in /var/screenshots/screenshot-14286286965064244970
11:13:00.735 [Darkroom Processing Line] DEBUG net.serenitybdd.core.photography.DarkroomProcessingLine - Saving screenshot to target\site\serenity\2bab6f9bb6615d7f18a1eeeb5931a09ed11bc512d593e85cb3287c6dd01bacbb.png
11:13:00.745 [Forwarding findElement on session 7cacfb719609d119f8ca35a84759f039 to remote] DEBUG org.asynchttpclient.netty.request.NettyRequestSender - Using pooled Channel '[id: 0x3b15c008, L:/127.0.0.1:61340 - R:localhost/127.0.0.1:63557]' for 'POST' to 'http://localhost:63557/session/7cacfb719609d119f8ca35a84759f039/element'
11:13:00.745 [Forwarding findElement on session 7cacfb719609d119f8ca35a84759f039 to remote] DEBUG org.asynchttpclient.netty.request.NettyRequestSender - Using open Channel [id: 0x3b15c008, L:/127.0.0.1:61340 - R:localhost/127.0.0.1:63557] for POST '/session/7cacfb719609d119f8ca35a84759f039/element'
11:13:00.779 [AsyncHttpClient-1-8] DEBUG org.asynchttpclient.netty.handler.HttpHandler - 

Request DefaultHttpRequest(decodeResult: success, version: HTTP/1.1)
POST /session/7cacfb719609d119f8ca35a84759f039/element HTTP/1.1
User-Agent: selenium/4.1.2 (java windows)
Content-Length: 179
Content-Type: application/json; charset=utf-8
host: localhost:63557
accept: */*

Response DefaultHttpResponse(decodeResult: success, version: HTTP/1.1)
HTTP/1.1 200 OK
Content-Type: application/json; charset=utf-8
cache-control: no-cache
content-length: 88

11:13:00.779 [AsyncHttpClient-1-8] DEBUG org.asynchttpclient.netty.channel.ChannelManager - Adding key: http://localhost:63557 for channel [id: 0x3b15c008, L:/127.0.0.1:61340 - R:localhost/127.0.0.1:63557]
11:13:00.781 [Forwarding getElementTagName on session 7cacfb719609d119f8ca35a84759f039 to remote] DEBUG org.asynchttpclient.netty.request.NettyRequestSender - Using pooled Channel '[id: 0x3b15c008, L:/127.0.0.1:61340 - R:localhost/127.0.0.1:63557]' for 'GET' to 'http://localhost:63557/session/7cacfb719609d119f8ca35a84759f039/element/6a65c1e3-47c2-48b9-b610-a79d17fe8adf/name'
11:13:00.781 [Forwarding getElementTagName on session 7cacfb719609d119f8ca35a84759f039 to remote] DEBUG org.asynchttpclient.netty.request.NettyRequestSender - Using open Channel [id: 0x3b15c008, L:/127.0.0.1:61340 - R:localhost/127.0.0.1:63557] for GET '/session/7cacfb719609d119f8ca35a84759f039/element/6a65c1e3-47c2-48b9-b610-a79d17fe8adf/name'
11:13:00.793 [AsyncHttpClient-1-8] DEBUG org.asynchttpclient.netty.handler.HttpHandler - 

Request DefaultFullHttpRequest(decodeResult: success, version: HTTP/1.1, content: EmptyByteBufBE)
GET /session/7cacfb719609d119f8ca35a84759f039/element/6a65c1e3-47c2-48b9-b610-a79d17fe8adf/name HTTP/1.1
User-Agent: selenium/4.1.2 (java windows)
Cache-Control: no-cache
Content-Type: application/json; charset=utf-8
host: localhost:63557
accept: */*

Response DefaultHttpResponse(decodeResult: success, version: HTTP/1.1)
HTTP/1.1 200 OK
Content-Type: application/json; charset=utf-8
cache-control: no-cache
content-length: 16

11:13:00.794 [AsyncHttpClient-1-8] DEBUG org.asynchttpclient.netty.channel.ChannelManager - Adding key: http://localhost:63557 for channel [id: 0x3b15c008, L:/127.0.0.1:61340 - R:localhost/127.0.0.1:63557]
11:13:00.796 [Forwarding getElementTagName on session 7cacfb719609d119f8ca35a84759f039 to remote] DEBUG org.asynchttpclient.netty.request.NettyRequestSender - Using pooled Channel '[id: 0x3b15c008, L:/127.0.0.1:61340 - R:localhost/127.0.0.1:63557]' for 'GET' to 'http://localhost:63557/session/7cacfb719609d119f8ca35a84759f039/element/6a65c1e3-47c2-48b9-b610-a79d17fe8adf/name'
11:13:00.796 [Forwarding getElementTagName on session 7cacfb719609d119f8ca35a84759f039 to remote] DEBUG org.asynchttpclient.netty.request.NettyRequestSender - Using open Channel [id: 0x3b15c008, L:/127.0.0.1:61340 - R:localhost/127.0.0.1:63557] for GET '/session/7cacfb719609d119f8ca35a84759f039/element/6a65c1e3-47c2-48b9-b610-a79d17fe8adf/name'
11:13:00.803 [AsyncHttpClient-1-8] DEBUG org.asynchttpclient.netty.handler.HttpHandler - 

Request DefaultFullHttpRequest(decodeResult: success, version: HTTP/1.1, content: EmptyByteBufBE)
GET /session/7cacfb719609d119f8ca35a84759f039/element/6a65c1e3-47c2-48b9-b610-a79d17fe8adf/name HTTP/1.1
User-Agent: selenium/4.1.2 (java windows)
Cache-Control: no-cache
Content-Type: application/json; charset=utf-8
host: localhost:63557
accept: */*

Response DefaultHttpResponse(decodeResult: success, version: HTTP/1.1)
HTTP/1.1 200 OK
Content-Type: application/json; charset=utf-8
cache-control: no-cache
content-length: 16

11:13:00.803 [AsyncHttpClient-1-8] DEBUG org.asynchttpclient.netty.channel.ChannelManager - Adding key: http://localhost:63557 for channel [id: 0x3b15c008, L:/127.0.0.1:61340 - R:localhost/127.0.0.1:63557]
11:13:00.809 [Forwarding findElement on session 7cacfb719609d119f8ca35a84759f039 to remote] DEBUG org.asynchttpclient.netty.request.NettyRequestSender - Using pooled Channel '[id: 0x3b15c008, L:/127.0.0.1:61340 - R:localhost/127.0.0.1:63557]' for 'POST' to 'http://localhost:63557/session/7cacfb719609d119f8ca35a84759f039/element'
11:13:00.809 [Forwarding findElement on session 7cacfb719609d119f8ca35a84759f039 to remote] DEBUG org.asynchttpclient.netty.request.NettyRequestSender - Using open Channel [id: 0x3b15c008, L:/127.0.0.1:61340 - R:localhost/127.0.0.1:63557] for POST '/session/7cacfb719609d119f8ca35a84759f039/element'
11:13:00.849 [AsyncHttpClient-1-8] DEBUG org.asynchttpclient.netty.handler.HttpHandler - 

Request DefaultHttpRequest(decodeResult: success, version: HTTP/1.1)
POST /session/7cacfb719609d119f8ca35a84759f039/element HTTP/1.1
User-Agent: selenium/4.1.2 (java windows)
Content-Length: 179
Content-Type: application/json; charset=utf-8
host: localhost:63557
accept: */*

Response DefaultHttpResponse(decodeResult: success, version: HTTP/1.1)
HTTP/1.1 200 OK
Content-Type: application/json; charset=utf-8
cache-control: no-cache
content-length: 88

11:13:00.849 [AsyncHttpClient-1-8] DEBUG org.asynchttpclient.netty.channel.ChannelManager - Adding key: http://localhost:63557 for channel [id: 0x3b15c008, L:/127.0.0.1:61340 - R:localhost/127.0.0.1:63557]
11:13:00.851 [Forwarding clickElement on session 7cacfb719609d119f8ca35a84759f039 to remote] DEBUG org.asynchttpclient.netty.request.NettyRequestSender - Using pooled Channel '[id: 0x3b15c008, L:/127.0.0.1:61340 - R:localhost/127.0.0.1:63557]' for 'POST' to 'http://localhost:63557/session/7cacfb719609d119f8ca35a84759f039/element/6a65c1e3-47c2-48b9-b610-a79d17fe8adf/click'
11:13:00.851 [Forwarding clickElement on session 7cacfb719609d119f8ca35a84759f039 to remote] DEBUG org.asynchttpclient.netty.request.NettyRequestSender - Using open Channel [id: 0x3b15c008, L:/127.0.0.1:61340 - R:localhost/127.0.0.1:63557] for POST '/session/7cacfb719609d119f8ca35a84759f039/element/6a65c1e3-47c2-48b9-b610-a79d17fe8adf/click'
11:13:01.058 [AsyncHttpClient-1-8] DEBUG org.asynchttpclient.netty.handler.HttpHandler - 

Request DefaultHttpRequest(decodeResult: success, version: HTTP/1.1)
POST /session/7cacfb719609d119f8ca35a84759f039/element/6a65c1e3-47c2-48b9-b610-a79d17fe8adf/click HTTP/1.1
User-Agent: selenium/4.1.2 (java windows)
Content-Length: 50
Content-Type: application/json; charset=utf-8
host: localhost:63557
accept: */*

Response DefaultHttpResponse(decodeResult: success, version: HTTP/1.1)
HTTP/1.1 200 OK
Content-Type: application/json; charset=utf-8
cache-control: no-cache
content-length: 14

11:13:01.058 [AsyncHttpClient-1-8] DEBUG org.asynchttpclient.netty.channel.ChannelManager - Adding key: http://localhost:63557 for channel [id: 0x3b15c008, L:/127.0.0.1:61340 - R:localhost/127.0.0.1:63557]
11:13:01.078 [Forwarding screenshot on session 7cacfb719609d119f8ca35a84759f039 to remote] DEBUG org.asynchttpclient.netty.request.NettyRequestSender - Using pooled Channel '[id: 0x3b15c008, L:/127.0.0.1:61340 - R:localhost/127.0.0.1:63557]' for 'GET' to 'http://localhost:63557/session/7cacfb719609d119f8ca35a84759f039/screenshot'
11:13:01.079 [Forwarding screenshot on session 7cacfb719609d119f8ca35a84759f039 to remote] DEBUG org.asynchttpclient.netty.request.NettyRequestSender - Using open Channel [id: 0x3b15c008, L:/127.0.0.1:61340 - R:localhost/127.0.0.1:63557] for GET '/session/7cacfb719609d119f8ca35a84759f039/screenshot'
11:13:01.418 [AsyncHttpClient-1-1] DEBUG org.asynchttpclient.netty.channel.DefaultChannelPool - Entry count for : http://localhost:61341 : 1
11:13:01.587 [AsyncHttpClient-1-8] DEBUG org.asynchttpclient.netty.handler.HttpHandler - 

Request DefaultFullHttpRequest(decodeResult: success, version: HTTP/1.1, content: EmptyByteBufBE)
GET /session/7cacfb719609d119f8ca35a84759f039/screenshot HTTP/1.1
User-Agent: selenium/4.1.2 (java windows)
Cache-Control: no-cache
Content-Type: application/json; charset=utf-8
host: localhost:63557
accept: */*

Response DefaultHttpResponse(decodeResult: success, version: HTTP/1.1)
HTTP/1.1 200 OK
Content-Type: application/json; charset=utf-8
cache-control: no-cache
content-length: 413644

11:13:01.591 [AsyncHttpClient-1-8] DEBUG org.asynchttpclient.netty.channel.ChannelManager - Adding key: http://localhost:63557 for channel [id: 0x3b15c008, L:/127.0.0.1:61340 - R:localhost/127.0.0.1:63557]
11:13:01.624 [main] DEBUG net.serenitybdd.core.photography.Darkroom - Send negative for processing for target\site\serenity\bf886dd497d57683dd3740823105cb57743388e9c534eaa97610e039dc536726.png
11:13:01.624 [main] DEBUG net.thucydides.core.steps.StepInterceptor - STEP DONE: clickLaki
  &amp#27;[32mAnd &amp#27;[0m&amp#27;[32mI click button jenis kelamin patient&amp#27;[0m                                 &amp#27;[90m# starter.stepdefinitios.PatientDataSteps.iClickButtonJenisKelamin()&amp#27;[0m
11:13:01.630 [Darkroom Processing Line] DEBUG net.serenitybdd.core.photography.DarkroomProcessingLine - Processing screenshot image in /var/screenshots/screenshot-727252804038278823
11:13:01.630 [Darkroom Processing Line] DEBUG net.serenitybdd.core.photography.DarkroomProcessingLine - Saving screenshot to target\site\serenity\bf886dd497d57683dd3740823105cb57743388e9c534eaa97610e039dc536726.png
11:13:01.695 [Forwarding screenshot on session 7cacfb719609d119f8ca35a84759f039 to remote] DEBUG org.asynchttpclient.netty.request.NettyRequestSender - Using pooled Channel '[id: 0x3b15c008, L:/127.0.0.1:61340 - R:localhost/127.0.0.1:63557]' for 'GET' to 'http://localhost:63557/session/7cacfb719609d119f8ca35a84759f039/screenshot'
11:13:01.695 [Forwarding screenshot on session 7cacfb719609d119f8ca35a84759f039 to remote] DEBUG org.asynchttpclient.netty.request.NettyRequestSender - Using open Channel [id: 0x3b15c008, L:/127.0.0.1:61340 - R:localhost/127.0.0.1:63557] for GET '/session/7cacfb719609d119f8ca35a84759f039/screenshot'
11:13:02.118 [AsyncHttpClient-1-8] DEBUG org.asynchttpclient.netty.handler.HttpHandler - 

Request DefaultFullHttpRequest(decodeResult: success, version: HTTP/1.1, content: EmptyByteBufBE)
GET /session/7cacfb719609d119f8ca35a84759f039/screenshot HTTP/1.1
User-Agent: selenium/4.1.2 (java windows)
Cache-Control: no-cache
Content-Type: application/json; charset=utf-8
host: localhost:63557
accept: */*

Response DefaultHttpResponse(decodeResult: success, version: HTTP/1.1)
HTTP/1.1 200 OK
Content-Type: application/json; charset=utf-8
cache-control: no-cache
content-length: 413472

11:13:02.119 [AsyncHttpClient-1-8] DEBUG org.asynchttpclient.netty.channel.ChannelManager - Adding key: http://localhost:63557 for channel [id: 0x3b15c008, L:/127.0.0.1:61340 - R:localhost/127.0.0.1:63557]
11:13:02.152 [main] DEBUG net.serenitybdd.core.photography.Darkroom - Send negative for processing for target\site\serenity\97a6d42d726d8653ef29a06033107b1f1ff7e73446de9c9dcacfe05f44beeac0.png
11:13:02.153 [main] DEBUG net.thucydides.core.steps.StepInterceptor - STARTING STEP: PatientDataSteps.clickButtonSimpan - clickButtonSave
11:13:02.165 [Darkroom Processing Line] DEBUG net.serenitybdd.core.photography.DarkroomProcessingLine - Processing screenshot image in /var/screenshots/screenshot-11371954375863342985
11:13:02.165 [Darkroom Processing Line] DEBUG net.serenitybdd.core.photography.DarkroomProcessingLine - Saving screenshot to target\site\serenity\97a6d42d726d8653ef29a06033107b1f1ff7e73446de9c9dcacfe05f44beeac0.png
11:13:02.173 [Forwarding findElement on session 7cacfb719609d119f8ca35a84759f039 to remote] DEBUG org.asynchttpclient.netty.request.NettyRequestSender - Using pooled Channel '[id: 0x3b15c008, L:/127.0.0.1:61340 - R:localhost/127.0.0.1:63557]' for 'POST' to 'http://localhost:63557/session/7cacfb719609d119f8ca35a84759f039/element'
11:13:02.173 [Forwarding findElement on session 7cacfb719609d119f8ca35a84759f039 to remote] DEBUG org.asynchttpclient.netty.request.NettyRequestSender - Using open Channel [id: 0x3b15c008, L:/127.0.0.1:61340 - R:localhost/127.0.0.1:63557] for POST '/session/7cacfb719609d119f8ca35a84759f039/element'
11:13:02.261 [AsyncHttpClient-1-8] DEBUG org.asynchttpclient.netty.handler.HttpHandler - 

Request DefaultHttpRequest(decodeResult: success, version: HTTP/1.1)
POST /session/7cacfb719609d119f8ca35a84759f039/element HTTP/1.1
User-Agent: selenium/4.1.2 (java windows)
Content-Length: 149
Content-Type: application/json; charset=utf-8
host: localhost:63557
accept: */*

Response DefaultHttpResponse(decodeResult: success, version: HTTP/1.1)
HTTP/1.1 200 OK
Content-Type: application/json; charset=utf-8
cache-control: no-cache
content-length: 88

11:13:02.262 [AsyncHttpClient-1-8] DEBUG org.asynchttpclient.netty.channel.ChannelManager - Adding key: http://localhost:63557 for channel [id: 0x3b15c008, L:/127.0.0.1:61340 - R:localhost/127.0.0.1:63557]
11:13:02.264 [Forwarding getElementTagName on session 7cacfb719609d119f8ca35a84759f039 to remote] DEBUG org.asynchttpclient.netty.request.NettyRequestSender - Using pooled Channel '[id: 0x3b15c008, L:/127.0.0.1:61340 - R:localhost/127.0.0.1:63557]' for 'GET' to 'http://localhost:63557/session/7cacfb719609d119f8ca35a84759f039/element/036fe470-0675-47f0-ac1c-992b8248ae9a/name'
11:13:02.264 [Forwarding getElementTagName on session 7cacfb719609d119f8ca35a84759f039 to remote] DEBUG org.asynchttpclient.netty.request.NettyRequestSender - Using open Channel [id: 0x3b15c008, L:/127.0.0.1:61340 - R:localhost/127.0.0.1:63557] for GET '/session/7cacfb719609d119f8ca35a84759f039/element/036fe470-0675-47f0-ac1c-992b8248ae9a/name'
11:13:02.273 [AsyncHttpClient-1-8] DEBUG org.asynchttpclient.netty.handler.HttpHandler - 

Request DefaultFullHttpRequest(decodeResult: success, version: HTTP/1.1, content: EmptyByteBufBE)
GET /session/7cacfb719609d119f8ca35a84759f039/element/036fe470-0675-47f0-ac1c-992b8248ae9a/name HTTP/1.1
User-Agent: selenium/4.1.2 (java windows)
Cache-Control: no-cache
Content-Type: application/json; charset=utf-8
host: localhost:63557
accept: */*

Response DefaultHttpResponse(decodeResult: success, version: HTTP/1.1)
HTTP/1.1 200 OK
Content-Type: application/json; charset=utf-8
cache-control: no-cache
content-length: 18

11:13:02.273 [AsyncHttpClient-1-8] DEBUG org.asynchttpclient.netty.channel.ChannelManager - Adding key: http://localhost:63557 for channel [id: 0x3b15c008, L:/127.0.0.1:61340 - R:localhost/127.0.0.1:63557]
11:13:02.276 [Forwarding getElementTagName on session 7cacfb719609d119f8ca35a84759f039 to remote] DEBUG org.asynchttpclient.netty.request.NettyRequestSender - Using pooled Channel '[id: 0x3b15c008, L:/127.0.0.1:61340 - R:localhost/127.0.0.1:63557]' for 'GET' to 'http://localhost:63557/session/7cacfb719609d119f8ca35a84759f039/element/036fe470-0675-47f0-ac1c-992b8248ae9a/name'
11:13:02.276 [Forwarding getElementTagName on session 7cacfb719609d119f8ca35a84759f039 to remote] DEBUG org.asynchttpclient.netty.request.NettyRequestSender - Using open Channel [id: 0x3b15c008, L:/127.0.0.1:61340 - R:localhost/127.0.0.1:63557] for GET '/session/7cacfb719609d119f8ca35a84759f039/element/036fe470-0675-47f0-ac1c-992b8248ae9a/name'
11:13:02.293 [AsyncHttpClient-1-8] DEBUG org.asynchttpclient.netty.handler.HttpHandler - 

Request DefaultFullHttpRequest(decodeResult: success, version: HTTP/1.1, content: EmptyByteBufBE)
GET /session/7cacfb719609d119f8ca35a84759f039/element/036fe470-0675-47f0-ac1c-992b8248ae9a/name HTTP/1.1
User-Agent: selenium/4.1.2 (java windows)
Cache-Control: no-cache
Content-Type: application/json; charset=utf-8
host: localhost:63557
accept: */*

Response DefaultHttpResponse(decodeResult: success, version: HTTP/1.1)
HTTP/1.1 200 OK
Content-Type: application/json; charset=utf-8
cache-control: no-cache
content-length: 18

11:13:02.293 [AsyncHttpClient-1-8] DEBUG org.asynchttpclient.netty.channel.ChannelManager - Adding key: http://localhost:63557 for channel [id: 0x3b15c008, L:/127.0.0.1:61340 - R:localhost/127.0.0.1:63557]
11:13:02.331 [Forwarding isElementEnabled on session 7cacfb719609d119f8ca35a84759f039 to remote] DEBUG org.asynchttpclient.netty.request.NettyRequestSender - Using pooled Channel '[id: 0x3b15c008, L:/127.0.0.1:61340 - R:localhost/127.0.0.1:63557]' for 'GET' to 'http://localhost:63557/session/7cacfb719609d119f8ca35a84759f039/element/036fe470-0675-47f0-ac1c-992b8248ae9a/enabled'
11:13:02.331 [Forwarding isElementEnabled on session 7cacfb719609d119f8ca35a84759f039 to remote] DEBUG org.asynchttpclient.netty.request.NettyRequestSender - Using open Channel [id: 0x3b15c008, L:/127.0.0.1:61340 - R:localhost/127.0.0.1:63557] for GET '/session/7cacfb719609d119f8ca35a84759f039/element/036fe470-0675-47f0-ac1c-992b8248ae9a/enabled'
11:13:02.359 [AsyncHttpClient-1-8] DEBUG org.asynchttpclient.netty.handler.HttpHandler - 

Request DefaultFullHttpRequest(decodeResult: success, version: HTTP/1.1, content: EmptyByteBufBE)
GET /session/7cacfb719609d119f8ca35a84759f039/element/036fe470-0675-47f0-ac1c-992b8248ae9a/enabled HTTP/1.1
User-Agent: selenium/4.1.2 (java windows)
Cache-Control: no-cache
Content-Type: application/json; charset=utf-8
host: localhost:63557
accept: */*

Response DefaultHttpResponse(decodeResult: success, version: HTTP/1.1)
HTTP/1.1 200 OK
Content-Type: application/json; charset=utf-8
cache-control: no-cache
content-length: 14

11:13:02.359 [AsyncHttpClient-1-8] DEBUG org.asynchttpclient.netty.channel.ChannelManager - Adding key: http://localhost:63557 for channel [id: 0x3b15c008, L:/127.0.0.1:61340 - R:localhost/127.0.0.1:63557]
11:13:02.361 [Forwarding isElementEnabled on session 7cacfb719609d119f8ca35a84759f039 to remote] DEBUG org.asynchttpclient.netty.request.NettyRequestSender - Using pooled Channel '[id: 0x3b15c008, L:/127.0.0.1:61340 - R:localhost/127.0.0.1:63557]' for 'GET' to 'http://localhost:63557/session/7cacfb719609d119f8ca35a84759f039/element/036fe470-0675-47f0-ac1c-992b8248ae9a/enabled'
11:13:02.361 [Forwarding isElementEnabled on session 7cacfb719609d119f8ca35a84759f039 to remote] DEBUG org.asynchttpclient.netty.request.NettyRequestSender - Using open Channel [id: 0x3b15c008, L:/127.0.0.1:61340 - R:localhost/127.0.0.1:63557] for GET '/session/7cacfb719609d119f8ca35a84759f039/element/036fe470-0675-47f0-ac1c-992b8248ae9a/enabled'
11:13:02.380 [AsyncHttpClient-1-8] DEBUG org.asynchttpclient.netty.handler.HttpHandler - 

Request DefaultFullHttpRequest(decodeResult: success, version: HTTP/1.1, content: EmptyByteBufBE)
GET /session/7cacfb719609d119f8ca35a84759f039/element/036fe470-0675-47f0-ac1c-992b8248ae9a/enabled HTTP/1.1
User-Agent: selenium/4.1.2 (java windows)
Cache-Control: no-cache
Content-Type: application/json; charset=utf-8
host: localhost:63557
accept: */*

Response DefaultHttpResponse(decodeResult: success, version: HTTP/1.1)
HTTP/1.1 200 OK
Content-Type: application/json; charset=utf-8
cache-control: no-cache
content-length: 14

11:13:02.380 [AsyncHttpClient-1-8] DEBUG org.asynchttpclient.netty.channel.ChannelManager - Adding key: http://localhost:63557 for channel [id: 0x3b15c008, L:/127.0.0.1:61340 - R:localhost/127.0.0.1:63557]
11:13:02.384 [Forwarding findElement on session 7cacfb719609d119f8ca35a84759f039 to remote] DEBUG org.asynchttpclient.netty.request.NettyRequestSender - Using pooled Channel '[id: 0x3b15c008, L:/127.0.0.1:61340 - R:localhost/127.0.0.1:63557]' for 'POST' to 'http://localhost:63557/session/7cacfb719609d119f8ca35a84759f039/element'
11:13:02.384 [Forwarding findElement on session 7cacfb719609d119f8ca35a84759f039 to remote] DEBUG org.asynchttpclient.netty.request.NettyRequestSender - Using open Channel [id: 0x3b15c008, L:/127.0.0.1:61340 - R:localhost/127.0.0.1:63557] for POST '/session/7cacfb719609d119f8ca35a84759f039/element'
11:13:02.406 [AsyncHttpClient-1-8] DEBUG org.asynchttpclient.netty.handler.HttpHandler - 

Request DefaultHttpRequest(decodeResult: success, version: HTTP/1.1)
POST /session/7cacfb719609d119f8ca35a84759f039/element HTTP/1.1
User-Agent: selenium/4.1.2 (java windows)
Content-Length: 149
Content-Type: application/json; charset=utf-8
host: localhost:63557
accept: */*

Response DefaultHttpResponse(decodeResult: success, version: HTTP/1.1)
HTTP/1.1 200 OK
Content-Type: application/json; charset=utf-8
cache-control: no-cache
content-length: 88

11:13:02.407 [AsyncHttpClient-1-8] DEBUG org.asynchttpclient.netty.channel.ChannelManager - Adding key: http://localhost:63557 for channel [id: 0x3b15c008, L:/127.0.0.1:61340 - R:localhost/127.0.0.1:63557]
11:13:02.409 [Forwarding clickElement on session 7cacfb719609d119f8ca35a84759f039 to remote] DEBUG org.asynchttpclient.netty.request.NettyRequestSender - Using pooled Channel '[id: 0x3b15c008, L:/127.0.0.1:61340 - R:localhost/127.0.0.1:63557]' for 'POST' to 'http://localhost:63557/session/7cacfb719609d119f8ca35a84759f039/element/036fe470-0675-47f0-ac1c-992b8248ae9a/click'
11:13:02.409 [Forwarding clickElement on session 7cacfb719609d119f8ca35a84759f039 to remote] DEBUG org.asynchttpclient.netty.request.NettyRequestSender - Using open Channel [id: 0x3b15c008, L:/127.0.0.1:61340 - R:localhost/127.0.0.1:63557] for POST '/session/7cacfb719609d119f8ca35a84759f039/element/036fe470-0675-47f0-ac1c-992b8248ae9a/click'
11:13:02.531 [AsyncHttpClient-1-1] DEBUG org.asynchttpclient.netty.channel.DefaultChannelPool - Entry count for : http://localhost:61341 : 1
11:13:02.553 [AsyncHttpClient-1-8] DEBUG org.asynchttpclient.netty.handler.HttpHandler - 

Request DefaultHttpRequest(decodeResult: success, version: HTTP/1.1)
POST /session/7cacfb719609d119f8ca35a84759f039/element/036fe470-0675-47f0-ac1c-992b8248ae9a/click HTTP/1.1
User-Agent: selenium/4.1.2 (java windows)
Content-Length: 50
Content-Type: application/json; charset=utf-8
host: localhost:63557
accept: */*

Response DefaultHttpResponse(decodeResult: success, version: HTTP/1.1)
HTTP/1.1 200 OK
Content-Type: application/json; charset=utf-8
cache-control: no-cache
content-length: 14

11:13:02.553 [AsyncHttpClient-1-8] DEBUG org.asynchttpclient.netty.channel.ChannelManager - Adding key: http://localhost:63557 for channel [id: 0x3b15c008, L:/127.0.0.1:61340 - R:localhost/127.0.0.1:63557]
11:13:02.581 [Forwarding screenshot on session 7cacfb719609d119f8ca35a84759f039 to remote] DEBUG org.asynchttpclient.netty.request.NettyRequestSender - Using pooled Channel '[id: 0x3b15c008, L:/127.0.0.1:61340 - R:localhost/127.0.0.1:63557]' for 'GET' to 'http://localhost:63557/session/7cacfb719609d119f8ca35a84759f039/screenshot'
11:13:02.581 [Forwarding screenshot on session 7cacfb719609d119f8ca35a84759f039 to remote] DEBUG org.asynchttpclient.netty.request.NettyRequestSender - Using open Channel [id: 0x3b15c008, L:/127.0.0.1:61340 - R:localhost/127.0.0.1:63557] for GET '/session/7cacfb719609d119f8ca35a84759f039/screenshot'
11:13:03.565 [AsyncHttpClient-1-8] DEBUG org.asynchttpclient.netty.handler.HttpHandler - 

Request DefaultFullHttpRequest(decodeResult: success, version: HTTP/1.1, content: EmptyByteBufBE)
GET /session/7cacfb719609d119f8ca35a84759f039/screenshot HTTP/1.1
User-Agent: selenium/4.1.2 (java windows)
Cache-Control: no-cache
Content-Type: application/json; charset=utf-8
host: localhost:63557
accept: */*

Response DefaultHttpResponse(decodeResult: success, version: HTTP/1.1)
HTTP/1.1 200 OK
Content-Type: application/json; charset=utf-8
cache-control: no-cache
content-length: 413116

11:13:03.568 [AsyncHttpClient-1-8] DEBUG org.asynchttpclient.netty.channel.ChannelManager - Adding key: http://localhost:63557 for channel [id: 0x3b15c008, L:/127.0.0.1:61340 - R:localhost/127.0.0.1:63557]
11:13:03.617 [main] DEBUG net.serenitybdd.core.photography.Darkroom - Send negative for processing for target\site\serenity\77d9132097fe5c08ec2bdcea0a2492b71b418d7db21f974a8368514b0de24fbc.png
11:13:03.617 [main] DEBUG net.thucydides.core.steps.StepInterceptor - STEP DONE: clickButtonSave
  &amp#27;[32mAnd &amp#27;[0m&amp#27;[32mClick button simpan&amp#27;[0m                                                  &amp#27;[90m# starter.stepdefinitios.PatientDataSteps.clickButtonSimpan()&amp#27;[0m
11:13:03.618 [Darkroom Processing Line] DEBUG net.serenitybdd.core.photography.DarkroomProcessingLine - Processing screenshot image in /var/screenshots/screenshot-10047280093981602835
11:13:03.619 [Darkroom Processing Line] DEBUG net.serenitybdd.core.photography.DarkroomProcessingLine - Saving screenshot to target\site\serenity\77d9132097fe5c08ec2bdcea0a2492b71b418d7db21f974a8368514b0de24fbc.png
11:13:03.669 [AsyncHttpClient-1-1] DEBUG org.asynchttpclient.netty.channel.DefaultChannelPool - Entry count for : http://localhost:61341 : 1
11:13:03.669 [AsyncHttpClient-1-1] DEBUG org.asynchttpclient.netty.channel.DefaultChannelPool - Entry count for : http://localhost:63557 : 1
11:13:03.692 [Forwarding screenshot on session 7cacfb719609d119f8ca35a84759f039 to remote] DEBUG org.asynchttpclient.netty.request.NettyRequestSender - Using pooled Channel '[id: 0x3b15c008, L:/127.0.0.1:61340 - R:localhost/127.0.0.1:63557]' for 'GET' to 'http://localhost:63557/session/7cacfb719609d119f8ca35a84759f039/screenshot'
11:13:03.692 [Forwarding screenshot on session 7cacfb719609d119f8ca35a84759f039 to remote] DEBUG org.asynchttpclient.netty.request.NettyRequestSender - Using open Channel [id: 0x3b15c008, L:/127.0.0.1:61340 - R:localhost/127.0.0.1:63557] for GET '/session/7cacfb719609d119f8ca35a84759f039/screenshot'
11:13:03.735 [AsyncHttpClient-1-8] DEBUG org.asynchttpclient.netty.handler.HttpHandler - 

Request DefaultFullHttpRequest(decodeResult: success, version: HTTP/1.1, content: EmptyByteBufBE)
GET /session/7cacfb719609d119f8ca35a84759f039/screenshot HTTP/1.1
User-Agent: selenium/4.1.2 (java windows)
Cache-Control: no-cache
Content-Type: application/json; charset=utf-8
host: localhost:63557
accept: */*

Response DefaultHttpResponse(decodeResult: success, version: HTTP/1.1)
HTTP/1.1 500 Internal Server Error
Content-Type: application/json; charset=utf-8
cache-control: no-cache
content-length: 917

11:13:03.735 [AsyncHttpClient-1-8] DEBUG org.asynchttpclient.netty.channel.ChannelManager - Adding key: http://localhost:63557 for channel [id: 0x3b15c008, L:/127.0.0.1:61340 - R:localhost/127.0.0.1:63557]
11:13:03.742 [main] WARN net.thucydides.core.webdriver.WebDriverFacade - Failed to take screenshot (unexpected alert open: {Alert text : data telah diubah}
  (Session info: chrome=102.0.5005.115): data telah diubah
Build info: version: '4.1.2', revision: '9a5a329c5a'
System info: host: 'MOOK-HON', ip: '192.168.100.6', os.name: 'Windows 10', os.arch: 'amd64', os.version: '10.0', java.version: '11.0.14'
Driver info: org.openqa.selenium.chrome.ChromeDriver
Command: [7cacfb719609d119f8ca35a84759f039, screenshot {}]
Capabilities {acceptInsecureCerts: false, browserName: chrome, browserVersion: 102.0.5005.115, chrome: {chromedriverVersion: 102.0.5005.61 (0e59bcc00cc4..., userDataDir: C:\Users\ASUS\AppData\Local...}, goog:chromeOptions: {debuggerAddress: localhost:61341}, javascriptEnabled: true, networkConnectionEnabled: false, pageLoadStrategy: normal, platform: WINDOWS, platformName: WINDOWS, proxy: Proxy(), se:cdp: ws://localhost:61341/devtoo..., se:cdpVersion: 102.0.5005.115, setWindowRect: true, strictFileInteractability: false, timeouts: {implicit: 0, pageLoad: 300000, script: 30000}, unhandledPromptBehavior: dismiss and notify, webauthn:extension:credBlob: true, webauthn:extension:largeBlob: true, webauthn:virtualAuthenticators: true}
Session ID: 7cacfb719609d119f8ca35a84759f039)
11:13:03.763 [Forwarding screenshot on session 7cacfb719609d119f8ca35a84759f039 to remote] DEBUG org.asynchttpclient.netty.request.NettyRequestSender - Using pooled Channel '[id: 0x3b15c008, L:/127.0.0.1:61340 - R:localhost/127.0.0.1:63557]' for 'GET' to 'http://localhost:63557/session/7cacfb719609d119f8ca35a84759f039/screenshot'
11:13:03.763 [Forwarding screenshot on session 7cacfb719609d119f8ca35a84759f039 to remote] DEBUG org.asynchttpclient.netty.request.NettyRequestSender - Using open Channel [id: 0x3b15c008, L:/127.0.0.1:61340 - R:localhost/127.0.0.1:63557] for GET '/session/7cacfb719609d119f8ca35a84759f039/screenshot'
11:13:04.391 [AsyncHttpClient-1-8] DEBUG org.asynchttpclient.netty.handler.HttpHandler - 

Request DefaultFullHttpRequest(decodeResult: success, version: HTTP/1.1, content: EmptyByteBufBE)
GET /session/7cacfb719609d119f8ca35a84759f039/screenshot HTTP/1.1
User-Agent: selenium/4.1.2 (java windows)
Cache-Control: no-cache
Content-Type: application/json; charset=utf-8
host: localhost:63557
accept: */*

Response DefaultHttpResponse(decodeResult: success, version: HTTP/1.1)
HTTP/1.1 200 OK
Content-Type: application/json; charset=utf-8
cache-control: no-cache
content-length: 413116

11:13:04.394 [AsyncHttpClient-1-8] DEBUG org.asynchttpclient.netty.channel.ChannelManager - Adding key: http://localhost:63557 for channel [id: 0x3b15c008, L:/127.0.0.1:61340 - R:localhost/127.0.0.1:63557]
11:13:04.430 [main] DEBUG net.serenitybdd.core.photography.Darkroom - Send negative for processing for target\site\serenity\77d9132097fe5c08ec2bdcea0a2492b71b418d7db21f974a8368514b0de24fbc.png
11:13:04.718 [AsyncHttpClient-1-1] DEBUG org.asynchttpclient.netty.channel.DefaultChannelPool - Entry count for : http://localhost:61341 : 1
11:13:04.718 [AsyncHttpClient-1-1] DEBUG org.asynchttpclient.netty.channel.DefaultChannelPool - Entry count for : http://localhost:63557 : 1
11:13:04.949 [Forwarding screenshot on session 7cacfb719609d119f8ca35a84759f039 to remote] DEBUG org.asynchttpclient.netty.request.NettyRequestSender - Using pooled Channel '[id: 0x3b15c008, L:/127.0.0.1:61340 - R:localhost/127.0.0.1:63557]' for 'GET' to 'http://localhost:63557/session/7cacfb719609d119f8ca35a84759f039/screenshot'
11:13:04.949 [Forwarding screenshot on session 7cacfb719609d119f8ca35a84759f039 to remote] DEBUG org.asynchttpclient.netty.request.NettyRequestSender - Using open Channel [id: 0x3b15c008, L:/127.0.0.1:61340 - R:localhost/127.0.0.1:63557] for GET '/session/7cacfb719609d119f8ca35a84759f039/screenshot'
11:13:05.359 [AsyncHttpClient-1-8] DEBUG org.asynchttpclient.netty.handler.HttpHandler - 

Request DefaultFullHttpRequest(decodeResult: success, version: HTTP/1.1, content: EmptyByteBufBE)
GET /session/7cacfb719609d119f8ca35a84759f039/screenshot HTTP/1.1
User-Agent: selenium/4.1.2 (java windows)
Cache-Control: no-cache
Content-Type: application/json; charset=utf-8
host: localhost:63557
accept: */*

Response DefaultHttpResponse(decodeResult: success, version: HTTP/1.1)
HTTP/1.1 200 OK
Content-Type: application/json; charset=utf-8
cache-control: no-cache
content-length: 413116

11:13:05.360 [AsyncHttpClient-1-8] DEBUG org.asynchttpclient.netty.channel.ChannelManager - Adding key: http://localhost:63557 for channel [id: 0x3b15c008, L:/127.0.0.1:61340 - R:localhost/127.0.0.1:63557]
11:13:05.390 [main] DEBUG net.serenitybdd.core.photography.Darkroom - Send negative for processing for target\site\serenity\77d9132097fe5c08ec2bdcea0a2492b71b418d7db21f974a8368514b0de24fbc.png
11:13:05.391 [main] DEBUG net.thucydides.core.steps.StepInterceptor - STARTING STEP: PatientDataSteps.validEditData - clickButtonBack
11:13:05.399 [Forwarding findElement on session 7cacfb719609d119f8ca35a84759f039 to remote] DEBUG org.asynchttpclient.netty.request.NettyRequestSender - Using pooled Channel '[id: 0x3b15c008, L:/127.0.0.1:61340 - R:localhost/127.0.0.1:63557]' for 'POST' to 'http://localhost:63557/session/7cacfb719609d119f8ca35a84759f039/element'
11:13:05.399 [Forwarding findElement on session 7cacfb719609d119f8ca35a84759f039 to remote] DEBUG org.asynchttpclient.netty.request.NettyRequestSender - Using open Channel [id: 0x3b15c008, L:/127.0.0.1:61340 - R:localhost/127.0.0.1:63557] for POST '/session/7cacfb719609d119f8ca35a84759f039/element'
11:13:05.430 [AsyncHttpClient-1-8] DEBUG org.asynchttpclient.netty.handler.HttpHandler - 

Request DefaultHttpRequest(decodeResult: success, version: HTTP/1.1)
POST /session/7cacfb719609d119f8ca35a84759f039/element HTTP/1.1
User-Agent: selenium/4.1.2 (java windows)
Content-Length: 137
Content-Type: application/json; charset=utf-8
host: localhost:63557
accept: */*

Response DefaultHttpResponse(decodeResult: success, version: HTTP/1.1)
HTTP/1.1 200 OK
Content-Type: application/json; charset=utf-8
cache-control: no-cache
content-length: 88

11:13:05.431 [AsyncHttpClient-1-8] DEBUG org.asynchttpclient.netty.channel.ChannelManager - Adding key: http://localhost:63557 for channel [id: 0x3b15c008, L:/127.0.0.1:61340 - R:localhost/127.0.0.1:63557]
11:13:05.433 [Forwarding getElementTagName on session 7cacfb719609d119f8ca35a84759f039 to remote] DEBUG org.asynchttpclient.netty.request.NettyRequestSender - Using pooled Channel '[id: 0x3b15c008, L:/127.0.0.1:61340 - R:localhost/127.0.0.1:63557]' for 'GET' to 'http://localhost:63557/session/7cacfb719609d119f8ca35a84759f039/element/67db288e-36cb-425d-9ed5-72a7c2fe2ebb/name'
11:13:05.433 [Forwarding getElementTagName on session 7cacfb719609d119f8ca35a84759f039 to remote] DEBUG org.asynchttpclient.netty.request.NettyRequestSender - Using open Channel [id: 0x3b15c008, L:/127.0.0.1:61340 - R:localhost/127.0.0.1:63557] for GET '/session/7cacfb719609d119f8ca35a84759f039/element/67db288e-36cb-425d-9ed5-72a7c2fe2ebb/name'
11:13:05.444 [AsyncHttpClient-1-8] DEBUG org.asynchttpclient.netty.handler.HttpHandler - 

Request DefaultFullHttpRequest(decodeResult: success, version: HTTP/1.1, content: EmptyByteBufBE)
GET /session/7cacfb719609d119f8ca35a84759f039/element/67db288e-36cb-425d-9ed5-72a7c2fe2ebb/name HTTP/1.1
User-Agent: selenium/4.1.2 (java windows)
Cache-Control: no-cache
Content-Type: application/json; charset=utf-8
host: localhost:63557
accept: */*

Response DefaultHttpResponse(decodeResult: success, version: HTTP/1.1)
HTTP/1.1 200 OK
Content-Type: application/json; charset=utf-8
cache-control: no-cache
content-length: 18

11:13:05.444 [AsyncHttpClient-1-8] DEBUG org.asynchttpclient.netty.channel.ChannelManager - Adding key: http://localhost:63557 for channel [id: 0x3b15c008, L:/127.0.0.1:61340 - R:localhost/127.0.0.1:63557]
11:13:05.447 [Forwarding getElementTagName on session 7cacfb719609d119f8ca35a84759f039 to remote] DEBUG org.asynchttpclient.netty.request.NettyRequestSender - Using pooled Channel '[id: 0x3b15c008, L:/127.0.0.1:61340 - R:localhost/127.0.0.1:63557]' for 'GET' to 'http://localhost:63557/session/7cacfb719609d119f8ca35a84759f039/element/67db288e-36cb-425d-9ed5-72a7c2fe2ebb/name'
11:13:05.447 [Forwarding getElementTagName on session 7cacfb719609d119f8ca35a84759f039 to remote] DEBUG org.asynchttpclient.netty.request.NettyRequestSender - Using open Channel [id: 0x3b15c008, L:/127.0.0.1:61340 - R:localhost/127.0.0.1:63557] for GET '/session/7cacfb719609d119f8ca35a84759f039/element/67db288e-36cb-425d-9ed5-72a7c2fe2ebb/name'
11:13:05.461 [AsyncHttpClient-1-8] DEBUG org.asynchttpclient.netty.handler.HttpHandler - 

Request DefaultFullHttpRequest(decodeResult: success, version: HTTP/1.1, content: EmptyByteBufBE)
GET /session/7cacfb719609d119f8ca35a84759f039/element/67db288e-36cb-425d-9ed5-72a7c2fe2ebb/name HTTP/1.1
User-Agent: selenium/4.1.2 (java windows)
Cache-Control: no-cache
Content-Type: application/json; charset=utf-8
host: localhost:63557
accept: */*

Response DefaultHttpResponse(decodeResult: success, version: HTTP/1.1)
HTTP/1.1 200 OK
Content-Type: application/json; charset=utf-8
cache-control: no-cache
content-length: 18

11:13:05.462 [AsyncHttpClient-1-8] DEBUG org.asynchttpclient.netty.channel.ChannelManager - Adding key: http://localhost:63557 for channel [id: 0x3b15c008, L:/127.0.0.1:61340 - R:localhost/127.0.0.1:63557]
11:13:05.466 [Forwarding isElementEnabled on session 7cacfb719609d119f8ca35a84759f039 to remote] DEBUG org.asynchttpclient.netty.request.NettyRequestSender - Using pooled Channel '[id: 0x3b15c008, L:/127.0.0.1:61340 - R:localhost/127.0.0.1:63557]' for 'GET' to 'http://localhost:63557/session/7cacfb719609d119f8ca35a84759f039/element/67db288e-36cb-425d-9ed5-72a7c2fe2ebb/enabled'
11:13:05.466 [Forwarding isElementEnabled on session 7cacfb719609d119f8ca35a84759f039 to remote] DEBUG org.asynchttpclient.netty.request.NettyRequestSender - Using open Channel [id: 0x3b15c008, L:/127.0.0.1:61340 - R:localhost/127.0.0.1:63557] for GET '/session/7cacfb719609d119f8ca35a84759f039/element/67db288e-36cb-425d-9ed5-72a7c2fe2ebb/enabled'
11:13:05.510 [AsyncHttpClient-1-8] DEBUG org.asynchttpclient.netty.handler.HttpHandler - 

Request DefaultFullHttpRequest(decodeResult: success, version: HTTP/1.1, content: EmptyByteBufBE)
GET /session/7cacfb719609d119f8ca35a84759f039/element/67db288e-36cb-425d-9ed5-72a7c2fe2ebb/enabled HTTP/1.1
User-Agent: selenium/4.1.2 (java windows)
Cache-Control: no-cache
Content-Type: application/json; charset=utf-8
host: localhost:63557
accept: */*

Response DefaultHttpResponse(decodeResult: success, version: HTTP/1.1)
HTTP/1.1 200 OK
Content-Type: application/json; charset=utf-8
cache-control: no-cache
content-length: 14

11:13:05.510 [AsyncHttpClient-1-8] DEBUG org.asynchttpclient.netty.channel.ChannelManager - Adding key: http://localhost:63557 for channel [id: 0x3b15c008, L:/127.0.0.1:61340 - R:localhost/127.0.0.1:63557]
11:13:05.513 [Forwarding isElementEnabled on session 7cacfb719609d119f8ca35a84759f039 to remote] DEBUG org.asynchttpclient.netty.request.NettyRequestSender - Using pooled Channel '[id: 0x3b15c008, L:/127.0.0.1:61340 - R:localhost/127.0.0.1:63557]' for 'GET' to 'http://localhost:63557/session/7cacfb719609d119f8ca35a84759f039/element/67db288e-36cb-425d-9ed5-72a7c2fe2ebb/enabled'
11:13:05.513 [Forwarding isElementEnabled on session 7cacfb719609d119f8ca35a84759f039 to remote] DEBUG org.asynchttpclient.netty.request.NettyRequestSender - Using open Channel [id: 0x3b15c008, L:/127.0.0.1:61340 - R:localhost/127.0.0.1:63557] for GET '/session/7cacfb719609d119f8ca35a84759f039/element/67db288e-36cb-425d-9ed5-72a7c2fe2ebb/enabled'
11:13:05.561 [AsyncHttpClient-1-8] DEBUG org.asynchttpclient.netty.handler.HttpHandler - 

Request DefaultFullHttpRequest(decodeResult: success, version: HTTP/1.1, content: EmptyByteBufBE)
GET /session/7cacfb719609d119f8ca35a84759f039/element/67db288e-36cb-425d-9ed5-72a7c2fe2ebb/enabled HTTP/1.1
User-Agent: selenium/4.1.2 (java windows)
Cache-Control: no-cache
Content-Type: application/json; charset=utf-8
host: localhost:63557
accept: */*

Response DefaultHttpResponse(decodeResult: success, version: HTTP/1.1)
HTTP/1.1 200 OK
Content-Type: application/json; charset=utf-8
cache-control: no-cache
content-length: 14

11:13:05.561 [AsyncHttpClient-1-8] DEBUG org.asynchttpclient.netty.channel.ChannelManager - Adding key: http://localhost:63557 for channel [id: 0x3b15c008, L:/127.0.0.1:61340 - R:localhost/127.0.0.1:63557]
11:13:05.564 [Forwarding findElement on session 7cacfb719609d119f8ca35a84759f039 to remote] DEBUG org.asynchttpclient.netty.request.NettyRequestSender - Using pooled Channel '[id: 0x3b15c008, L:/127.0.0.1:61340 - R:localhost/127.0.0.1:63557]' for 'POST' to 'http://localhost:63557/session/7cacfb719609d119f8ca35a84759f039/element'
11:13:05.564 [Forwarding findElement on session 7cacfb719609d119f8ca35a84759f039 to remote] DEBUG org.asynchttpclient.netty.request.NettyRequestSender - Using open Channel [id: 0x3b15c008, L:/127.0.0.1:61340 - R:localhost/127.0.0.1:63557] for POST '/session/7cacfb719609d119f8ca35a84759f039/element'
11:13:05.590 [AsyncHttpClient-1-8] DEBUG org.asynchttpclient.netty.handler.HttpHandler - 

Request DefaultHttpRequest(decodeResult: success, version: HTTP/1.1)
POST /session/7cacfb719609d119f8ca35a84759f039/element HTTP/1.1
User-Agent: selenium/4.1.2 (java windows)
Content-Length: 137
Content-Type: application/json; charset=utf-8
host: localhost:63557
accept: */*

Response DefaultHttpResponse(decodeResult: success, version: HTTP/1.1)
HTTP/1.1 200 OK
Content-Type: application/json; charset=utf-8
cache-control: no-cache
content-length: 88

11:13:05.591 [AsyncHttpClient-1-8] DEBUG org.asynchttpclient.netty.channel.ChannelManager - Adding key: http://localhost:63557 for channel [id: 0x3b15c008, L:/127.0.0.1:61340 - R:localhost/127.0.0.1:63557]
11:13:05.593 [Forwarding clickElement on session 7cacfb719609d119f8ca35a84759f039 to remote] DEBUG org.asynchttpclient.netty.request.NettyRequestSender - Using pooled Channel '[id: 0x3b15c008, L:/127.0.0.1:61340 - R:localhost/127.0.0.1:63557]' for 'POST' to 'http://localhost:63557/session/7cacfb719609d119f8ca35a84759f039/element/67db288e-36cb-425d-9ed5-72a7c2fe2ebb/click'
11:13:05.593 [Forwarding clickElement on session 7cacfb719609d119f8ca35a84759f039 to remote] DEBUG org.asynchttpclient.netty.request.NettyRequestSender - Using open Channel [id: 0x3b15c008, L:/127.0.0.1:61340 - R:localhost/127.0.0.1:63557] for POST '/session/7cacfb719609d119f8ca35a84759f039/element/67db288e-36cb-425d-9ed5-72a7c2fe2ebb/click'
11:13:05.828 [AsyncHttpClient-1-1] DEBUG org.asynchttpclient.netty.channel.DefaultChannelPool - Entry count for : http://localhost:61341 : 1
11:13:05.862 [AsyncHttpClient-1-8] DEBUG org.asynchttpclient.netty.handler.HttpHandler - 

Request DefaultHttpRequest(decodeResult: success, version: HTTP/1.1)
POST /session/7cacfb719609d119f8ca35a84759f039/element/67db288e-36cb-425d-9ed5-72a7c2fe2ebb/click HTTP/1.1
User-Agent: selenium/4.1.2 (java windows)
Content-Length: 50
Content-Type: application/json; charset=utf-8
host: localhost:63557
accept: */*

Response DefaultHttpResponse(decodeResult: success, version: HTTP/1.1)
HTTP/1.1 200 OK
Content-Type: application/json; charset=utf-8
cache-control: no-cache
content-length: 14

11:13:05.862 [AsyncHttpClient-1-8] DEBUG org.asynchttpclient.netty.channel.ChannelManager - Adding key: http://localhost:63557 for channel [id: 0x3b15c008, L:/127.0.0.1:61340 - R:localhost/127.0.0.1:63557]
11:13:05.897 [Forwarding screenshot on session 7cacfb719609d119f8ca35a84759f039 to remote] DEBUG org.asynchttpclient.netty.request.NettyRequestSender - Using pooled Channel '[id: 0x3b15c008, L:/127.0.0.1:61340 - R:localhost/127.0.0.1:63557]' for 'GET' to 'http://localhost:63557/session/7cacfb719609d119f8ca35a84759f039/screenshot'
11:13:05.897 [Forwarding screenshot on session 7cacfb719609d119f8ca35a84759f039 to remote] DEBUG org.asynchttpclient.netty.request.NettyRequestSender - Using open Channel [id: 0x3b15c008, L:/127.0.0.1:61340 - R:localhost/127.0.0.1:63557] for GET '/session/7cacfb719609d119f8ca35a84759f039/screenshot'
11:13:06.500 [AsyncHttpClient-1-8] DEBUG org.asynchttpclient.netty.handler.HttpHandler - 

Request DefaultFullHttpRequest(decodeResult: success, version: HTTP/1.1, content: EmptyByteBufBE)
GET /session/7cacfb719609d119f8ca35a84759f039/screenshot HTTP/1.1
User-Agent: selenium/4.1.2 (java windows)
Cache-Control: no-cache
Content-Type: application/json; charset=utf-8
host: localhost:63557
accept: */*

Response DefaultHttpResponse(decodeResult: success, version: HTTP/1.1)
HTTP/1.1 200 OK
Content-Type: application/json; charset=utf-8
cache-control: no-cache
content-length: 392816

11:13:06.501 [AsyncHttpClient-1-8] DEBUG org.asynchttpclient.netty.channel.ChannelManager - Adding key: http://localhost:63557 for channel [id: 0x3b15c008, L:/127.0.0.1:61340 - R:localhost/127.0.0.1:63557]
11:13:06.534 [main] DEBUG net.serenitybdd.core.photography.Darkroom - Send negative for processing for target\site\serenity\825fb35c1720409216e693686f6918cc565ee5cab7ad29779d51bb15e724cddb.png
11:13:06.534 [main] DEBUG net.thucydides.core.steps.StepInterceptor - STEP DONE: clickButtonBack
11:13:06.535 [Darkroom Processing Line] DEBUG net.serenitybdd.core.photography.DarkroomProcessingLine - Processing screenshot image in /var/screenshots/screenshot-10449564337517896534
11:13:06.535 [Darkroom Processing Line] DEBUG net.serenitybdd.core.photography.DarkroomProcessingLine - Saving screenshot to target\site\serenity\825fb35c1720409216e693686f6918cc565ee5cab7ad29779d51bb15e724cddb.png
11:13:06.563 [main] DEBUG net.thucydides.core.steps.StepInterceptor - STARTING STEP: PatientDataSteps.validEditData - checkValidDataPasien
11:13:06.569 [Forwarding findElement on session 7cacfb719609d119f8ca35a84759f039 to remote] DEBUG org.asynchttpclient.netty.request.NettyRequestSender - Using pooled Channel '[id: 0x3b15c008, L:/127.0.0.1:61340 - R:localhost/127.0.0.1:63557]' for 'POST' to 'http://localhost:63557/session/7cacfb719609d119f8ca35a84759f039/element'
11:13:06.569 [Forwarding findElement on session 7cacfb719609d119f8ca35a84759f039 to remote] DEBUG org.asynchttpclient.netty.request.NettyRequestSender - Using open Channel [id: 0x3b15c008, L:/127.0.0.1:61340 - R:localhost/127.0.0.1:63557] for POST '/session/7cacfb719609d119f8ca35a84759f039/element'
11:13:06.627 [AsyncHttpClient-1-8] DEBUG org.asynchttpclient.netty.handler.HttpHandler - 

Request DefaultHttpRequest(decodeResult: success, version: HTTP/1.1)
POST /session/7cacfb719609d119f8ca35a84759f039/element HTTP/1.1
User-Agent: selenium/4.1.2 (java windows)
Content-Length: 95
Content-Type: application/json; charset=utf-8
host: localhost:63557
accept: */*

Response DefaultHttpResponse(decodeResult: success, version: HTTP/1.1)
HTTP/1.1 200 OK
Content-Type: application/json; charset=utf-8
cache-control: no-cache
content-length: 88

11:13:06.627 [AsyncHttpClient-1-8] DEBUG org.asynchttpclient.netty.channel.ChannelManager - Adding key: http://localhost:63557 for channel [id: 0x3b15c008, L:/127.0.0.1:61340 - R:localhost/127.0.0.1:63557]
11:13:06.629 [Forwarding isElementEnabled on session 7cacfb719609d119f8ca35a84759f039 to remote] DEBUG org.asynchttpclient.netty.request.NettyRequestSender - Using pooled Channel '[id: 0x3b15c008, L:/127.0.0.1:61340 - R:localhost/127.0.0.1:63557]' for 'GET' to 'http://localhost:63557/session/7cacfb719609d119f8ca35a84759f039/element/b30b8c41-3ee3-43ff-adff-aa80185bd3b0/enabled'
11:13:06.629 [Forwarding isElementEnabled on session 7cacfb719609d119f8ca35a84759f039 to remote] DEBUG org.asynchttpclient.netty.request.NettyRequestSender - Using open Channel [id: 0x3b15c008, L:/127.0.0.1:61340 - R:localhost/127.0.0.1:63557] for GET '/session/7cacfb719609d119f8ca35a84759f039/element/b30b8c41-3ee3-43ff-adff-aa80185bd3b0/enabled'
11:13:06.650 [AsyncHttpClient-1-8] DEBUG org.asynchttpclient.netty.handler.HttpHandler - 

Request DefaultFullHttpRequest(decodeResult: success, version: HTTP/1.1, content: EmptyByteBufBE)
GET /session/7cacfb719609d119f8ca35a84759f039/element/b30b8c41-3ee3-43ff-adff-aa80185bd3b0/enabled HTTP/1.1
User-Agent: selenium/4.1.2 (java windows)
Cache-Control: no-cache
Content-Type: application/json; charset=utf-8
host: localhost:63557
accept: */*

Response DefaultHttpResponse(decodeResult: success, version: HTTP/1.1)
HTTP/1.1 200 OK
Content-Type: application/json; charset=utf-8
cache-control: no-cache
content-length: 14

11:13:06.650 [AsyncHttpClient-1-8] DEBUG org.asynchttpclient.netty.channel.ChannelManager - Adding key: http://localhost:63557 for channel [id: 0x3b15c008, L:/127.0.0.1:61340 - R:localhost/127.0.0.1:63557]
11:13:06.667 [Forwarding screenshot on session 7cacfb719609d119f8ca35a84759f039 to remote] DEBUG org.asynchttpclient.netty.request.NettyRequestSender - Using pooled Channel '[id: 0x3b15c008, L:/127.0.0.1:61340 - R:localhost/127.0.0.1:63557]' for 'GET' to 'http://localhost:63557/session/7cacfb719609d119f8ca35a84759f039/screenshot'
11:13:06.667 [Forwarding screenshot on session 7cacfb719609d119f8ca35a84759f039 to remote] DEBUG org.asynchttpclient.netty.request.NettyRequestSender - Using open Channel [id: 0x3b15c008, L:/127.0.0.1:61340 - R:localhost/127.0.0.1:63557] for GET '/session/7cacfb719609d119f8ca35a84759f039/screenshot'
11:13:06.913 [AsyncHttpClient-1-1] DEBUG org.asynchttpclient.netty.channel.DefaultChannelPool - Entry count for : http://localhost:61341 : 1
11:13:07.118 [AsyncHttpClient-1-8] DEBUG org.asynchttpclient.netty.handler.HttpHandler - 

Request DefaultFullHttpRequest(decodeResult: success, version: HTTP/1.1, content: EmptyByteBufBE)
GET /session/7cacfb719609d119f8ca35a84759f039/screenshot HTTP/1.1
User-Agent: selenium/4.1.2 (java windows)
Cache-Control: no-cache
Content-Type: application/json; charset=utf-8
host: localhost:63557
accept: */*

Response DefaultHttpResponse(decodeResult: success, version: HTTP/1.1)
HTTP/1.1 200 OK
Content-Type: application/json; charset=utf-8
cache-control: no-cache
content-length: 409128

11:13:07.119 [AsyncHttpClient-1-8] DEBUG org.asynchttpclient.netty.channel.ChannelManager - Adding key: http://localhost:63557 for channel [id: 0x3b15c008, L:/127.0.0.1:61340 - R:localhost/127.0.0.1:63557]
11:13:07.150 [main] DEBUG net.serenitybdd.core.photography.Darkroom - Send negative for processing for target\site\serenity\0070c62e282102cb1558e8408004efeaac2bcd5d6a10d0f613a6823a78b75a72.png
11:13:07.151 [main] DEBUG net.thucydides.core.steps.StepInterceptor - STEP DONE: checkValidDataPasien
  &amp#27;[32mAnd &amp#27;[0m&amp#27;[32mValid edit data&amp#27;[0m                                                      &amp#27;[90m# starter.stepdefinitios.PatientDataSteps.validEditData()&amp#27;[0m
11:13:07.151 [Darkroom Processing Line] DEBUG net.serenitybdd.core.photography.DarkroomProcessingLine - Processing screenshot image in /var/screenshots/screenshot-4150835900649037903
11:13:07.152 [Darkroom Processing Line] DEBUG net.serenitybdd.core.photography.DarkroomProcessingLine - Saving screenshot to target\site\serenity\0070c62e282102cb1558e8408004efeaac2bcd5d6a10d0f613a6823a78b75a72.png
11:13:07.200 [AsyncHttpClient-1-2] DEBUG org.asynchttpclient.netty.handler.WebSocketHandler - Channel Closed: [id: 0x9e0608df, L:/127.0.0.1:61353 ! R:localhost/127.0.0.1:61341] with attribute NettyResponseFuture{currentRetry=5,
	isDone=1,
	isCancelled=0,
	asyncHandler=org.asynchttpclient.ws.WebSocketUpgradeHandler@50faf318,
	nettyRequest=org.asynchttpclient.netty.request.NettyRequest@99c281b,
	future=java.util.concurrent.CompletableFuture@181df8ec[Completed normally],
	uri=ws://localhost:61341/devtools/browser/c40c016e-7441-4dcd-94f0-1442b4a6faa2,
	keepAlive=true,
	redirectCount=0,
	timeoutsHolder=null,
	inAuth=0,
	touch=1655525565891}
11:13:07.201 [AsyncHttpClient-1-2] DEBUG org.asynchttpclient.netty.channel.ChannelManager - Closing Channel [id: 0x9e0608df, L:/127.0.0.1:61353 ! R:localhost/127.0.0.1:61341] 
11:13:07.233 [Driver Command Executor] DEBUG org.asynchttpclient.netty.request.NettyRequestSender - Using pooled Channel '[id: 0x3b15c008, L:/127.0.0.1:61340 - R:localhost/127.0.0.1:63557]' for 'DELETE' to 'http://localhost:63557/session/7cacfb719609d119f8ca35a84759f039'
11:13:07.233 [Driver Command Executor] DEBUG org.asynchttpclient.netty.request.NettyRequestSender - Using open Channel [id: 0x3b15c008, L:/127.0.0.1:61340 - R:localhost/127.0.0.1:63557] for DELETE '/session/7cacfb719609d119f8ca35a84759f039'
11:13:07.696 [AsyncHttpClient-1-9] DEBUG org.asynchttpclient.netty.handler.HttpHandler - Unexpected I/O exception on channel [id: 0xd38d7ddd, L:/127.0.0.1:61352 - R:localhost/127.0.0.1:61341]
java.io.IOException: An existing connection was forcibly closed by the remote host
	at java.base/sun.nio.ch.SocketDispatcher.read0(Native Method)
	at java.base/sun.nio.ch.SocketDispatcher.read(SocketDispatcher.java:43)
	at java.base/sun.nio.ch.IOUtil.readIntoNativeBuffer(IOUtil.java:276)
	at java.base/sun.nio.ch.IOUtil.read(IOUtil.java:233)
	at java.base/sun.nio.ch.IOUtil.read(IOUtil.java:223)
	at java.base/sun.nio.ch.SocketChannelImpl.read(SocketChannelImpl.java:358)
	at io.netty.buffer.PooledByteBuf.setBytes(PooledByteBuf.java:258)
	at io.netty.buffer.AbstractByteBuf.writeBytes(AbstractByteBuf.java:1132)
	at io.netty.channel.socket.nio.NioSocketChannel.doReadBytes(NioSocketChannel.java:350)
	at io.netty.channel.nio.AbstractNioByteChannel$NioByteUnsafe.read(AbstractNioByteChannel.java:151)
	at io.netty.channel.nio.NioEventLoop.processSelectedKey(NioEventLoop.java:722)
	at io.netty.channel.nio.NioEventLoop.processSelectedKeysOptimized(NioEventLoop.java:658)
	at io.netty.channel.nio.NioEventLoop.processSelectedKeys(NioEventLoop.java:584)
	at io.netty.channel.nio.NioEventLoop.run(NioEventLoop.java:496)
	at io.netty.util.concurrent.SingleThreadEventExecutor$4.run(SingleThreadEventExecutor.java:986)
	at io.netty.util.internal.ThreadExecutorMap$2.run(ThreadExecutorMap.java:74)
	at io.netty.util.concurrent.FastThreadLocalRunnable.run(FastThreadLocalRunnable.java:30)
	at java.base/java.lang.Thread.run(Thread.java:834)
11:13:07.696 [AsyncHttpClient-1-9] DEBUG org.asynchttpclient.netty.channel.ChannelManager - Closing Channel [id: 0xd38d7ddd, L:/127.0.0.1:61352 - R:localhost/127.0.0.1:61341] 
11:13:07.696 [AsyncHttpClient-1-9] DEBUG org.asynchttpclient.netty.handler.HttpHandler - Channel Closed: [id: 0xd38d7ddd, L:/127.0.0.1:61352 ! R:localhost/127.0.0.1:61341] with attribute DISCARD
11:13:07.747 [AsyncHttpClient-1-8] DEBUG org.asynchttpclient.netty.handler.HttpHandler - 

Request DefaultFullHttpRequest(decodeResult: success, version: HTTP/1.1, content: EmptyByteBufBE)
DELETE /session/7cacfb719609d119f8ca35a84759f039 HTTP/1.1
User-Agent: selenium/4.1.2 (java windows)
Content-Type: application/json; charset=utf-8
host: localhost:63557
accept: */*

Response DefaultHttpResponse(decodeResult: success, version: HTTP/1.1)
HTTP/1.1 200 OK
Content-Type: application/json; charset=utf-8
cache-control: no-cache
content-length: 14

11:13:07.747 [AsyncHttpClient-1-8] DEBUG org.asynchttpclient.netty.channel.ChannelManager - Adding key: http://localhost:63557 for channel [id: 0x3b15c008, L:/127.0.0.1:61340 - R:localhost/127.0.0.1:63557]
11:13:08.019 [AsyncHttpClient-1-1] DEBUG org.asynchttpclient.netty.channel.DefaultChannelPool - Entry count for : http://localhost:61341 : 1
11:13:08.019 [AsyncHttpClient-1-1] DEBUG org.asynchttpclient.netty.channel.DefaultChannelPool - Entry count for : http://localhost:63557 : 1
11:13:08.019 [AsyncHttpClient-1-1] DEBUG org.asynchttpclient.netty.channel.DefaultChannelPool - Adding Candidate expired Channel [id: 0xd38d7ddd, L:/127.0.0.1:61352 ! R:localhost/127.0.0.1:61341] isIdleTimeoutExpired=false isRemotelyClosed=true isTtlExpired=false
11:13:08.019 [AsyncHttpClient-1-1] DEBUG org.asynchttpclient.netty.channel.DefaultChannelPool - Closing Idle Channel [id: 0xd38d7ddd, L:/127.0.0.1:61352 ! R:localhost/127.0.0.1:61341]
11:13:08.019 [AsyncHttpClient-1-1] DEBUG org.asynchttpclient.netty.channel.DefaultChannelPool - Closed 1 connections out of 2 in 0 ms
11:13:08.200 [AsyncHttpClient-1-8] DEBUG org.asynchttpclient.netty.handler.HttpHandler - Channel Closed: [id: 0x3b15c008, L:/127.0.0.1:61340 ! R:localhost/127.0.0.1:63557] with attribute DISCARD
11:13:08.725 [main] INFO  - 
  _____   ___   ___   _____     ___     _     ___   ___   ___   ___  
 |_   _| | __| / __| |_   _|   | _ \   /_\   / __| / __| | __| |   \ 
   | |   | _|  \__ \   | |     |  _/  / _ \  \__ \ \__ \ | _|  | |) |
   |_|   |___| |___/   |_|     |_|   /_/ \_\ |___/ |___/ |___| |___/ 

As a admin i want to edit data pasien
----------------------------------------------------------------------
]]></system-out>
    <system-err><![CDATA[Starting ChromeDriver 102.0.5005.61 (0e59bcc00cc4985ce39ad31c150065f159d95ad3-refs/branch-heads/5005@{#819}) on port 63557
Only local connections are allowed.
Please see https://chromedriver.chromium.org/security-considerations for suggestions on keeping ChromeDriver safe.
ChromeDriver was started successfully.
Jun 18, 2022 11:12:45 AM org.openqa.selenium.remote.ProtocolHandshake createSession
INFO: Detected dialect: W3C
Jun 18, 2022 11:12:45 AM org.openqa.selenium.devtools.CdpVersionFinder findNearestMatch
WARNING: Unable to find an exact match for CDP version 102, so returning the closest version found: a no-op implementation
Jun 18, 2022 11:12:45 AM org.openqa.selenium.devtools.CdpVersionFinder findNearestMatch
INFO: Unable to find CDP implementation matching 102.
Jun 18, 2022 11:12:45 AM org.openqa.selenium.chromium.ChromiumDriver lambda$new$3
WARNING: Unable to find version of CDP to use for . You may need to include a dependency on a specific version of the CDP using something similar to `org.seleniumhq.selenium:selenium-devtools-v86:4.1.2` where the version ("v86") matches the version of the chromium-based browser you're using and the version number of the artifact is the same as Selenium's.
]]></system-err>
  </testcase>
  <testcase name="As a admin i want to edit data pasien #2" classname="Edit Data Pasien - Admin" time="24.637">
    <system-out><![CDATA[
@EditPatientData
Scenario Outline: As a admin i want to edit data pasien               &amp#27;[90m# src/test/resources/features/EditDataPasien.feature:17&amp#27;[0m
11:13:08.753 [main] INFO io.cucumber.core.plugin.SerenityReporter - Running feature from file:///D:/New%20folder%20(2)/Capstone/Testing/src/test/resources/features/EditDataPasien.feature
11:13:08.815 [main] DEBUG net.thucydides.core.steps.StepInterceptor - STARTING STEP: PatientDataSteps.openPageDataPasien - openDataPasien
11:13:08.820 [main] INFO net.serenitybdd.core.webdriver.driverproviders.ChromeDriverProvider - Using automatically driver download
11:13:09.113 [AsyncHttpClient-1-1] DEBUG org.asynchttpclient.netty.channel.DefaultChannelPool - Entry count for : http://localhost:63557 : 1
11:13:09.113 [AsyncHttpClient-1-1] DEBUG org.asynchttpclient.netty.channel.DefaultChannelPool - Adding Candidate expired Channel [id: 0x3b15c008, L:/127.0.0.1:61340 ! R:localhost/127.0.0.1:63557] isIdleTimeoutExpired=false isRemotelyClosed=true isTtlExpired=false
11:13:09.113 [AsyncHttpClient-1-1] DEBUG org.asynchttpclient.netty.channel.DefaultChannelPool - Closing Idle Channel [id: 0x3b15c008, L:/127.0.0.1:61340 ! R:localhost/127.0.0.1:63557]
11:13:09.113 [AsyncHttpClient-1-1] DEBUG org.asynchttpclient.netty.channel.DefaultChannelPool - Closed 1 connections out of 1 in 0 ms
11:13:09.328 [main] DEBUG io.github.bonigarcia.wdm.cache.ResolutionCache - Resolution chrome=102 in cache (valid until 12:10:27 18/06/2022 ICT)
11:13:09.353 [main] DEBUG io.github.bonigarcia.wdm.cache.ResolutionCache - Resolution chrome102=102.0.5005.61 in cache (valid until 19:49:35 18/06/2022 ICT)
11:13:09.364 [main] INFO io.github.bonigarcia.wdm.WebDriverManager - Using chromedriver 102.0.5005.61 (resolved driver for Chrome 102)
11:13:09.440 [main] DEBUG io.github.bonigarcia.wdm.WebDriverManager - Driver chromedriver 102.0.5005.61 found in cache
11:13:09.443 [main] INFO io.github.bonigarcia.wdm.WebDriverManager - Exporting webdriver.chrome.driver as C:\Users\ASUS\.cache\selenium\chromedriver\win32\102.0.5005.61\chromedriver.exe
11:13:09.728 [main] DEBUG net.serenitybdd.core.webdriver.driverproviders.ProvideNewDriver - Instantiating driver
11:13:09.728 [main] DEBUG net.serenitybdd.core.webdriver.driverproviders.ProvideNewDriver - Driver capabilities: Capabilities {acceptInsecureCerts: false, base.url: https://fanciful-trifle-360..., browserName: chrome, chore.driver: src/test/resources/webdrive..., driver: chrome, goog:chromeOptions: {args: [], extensions: []}}
11:13:10.293 [AsyncHttpClient-1-3] DEBUG org.asynchttpclient.netty.channel.NettyConnectListener - Using new Channel '[id: 0x3ac390b2, L:/127.0.0.1:61387 - R:localhost/127.0.0.1:54476]' for 'POST' to '/session'
11:13:12.297 [AsyncHttpClient-1-3] DEBUG org.asynchttpclient.netty.handler.HttpHandler - 

Request DefaultHttpRequest(decodeResult: success, version: HTTP/1.1)
POST /session HTTP/1.1
User-Agent: selenium/4.1.2 (java windows)
Content-Length: 628
Content-Type: application/json; charset=utf-8
host: localhost:54476
accept: */*

Response DefaultHttpResponse(decodeResult: success, version: HTTP/1.1)
HTTP/1.1 200 OK
Content-Type: application/json; charset=utf-8
cache-control: no-cache
content-length: 789

11:13:12.298 [AsyncHttpClient-1-3] DEBUG org.asynchttpclient.netty.channel.ChannelManager - Adding key: http://localhost:54476 for channel [id: 0x3ac390b2, L:/127.0.0.1:61387 - R:localhost/127.0.0.1:54476]
11:13:12.328 [AsyncHttpClient-1-4] DEBUG org.asynchttpclient.netty.channel.NettyConnectListener - Using new Channel '[id: 0x0f280b77, L:/127.0.0.1:61398 - R:localhost/127.0.0.1:61389]' for 'GET' to '/json/version'
11:13:12.331 [AsyncHttpClient-1-4] DEBUG org.asynchttpclient.netty.handler.HttpHandler - 

Request DefaultFullHttpRequest(decodeResult: success, version: HTTP/1.1, content: EmptyByteBufBE)
GET /json/version HTTP/1.1
User-Agent: selenium/4.1.2 (java windows)
host: localhost:61389
accept: */*

Response DefaultHttpResponse(decodeResult: success, version: HTTP/1.1)
HTTP/1.1 200 OK
Content-Type: application/json; charset=UTF-8
content-length: 428

11:13:12.331 [AsyncHttpClient-1-4] DEBUG org.asynchttpclient.netty.channel.ChannelManager - Adding key: http://localhost:61389 for channel [id: 0x0f280b77, L:/127.0.0.1:61398 - R:localhost/127.0.0.1:61389]
11:13:12.340 [AsyncHttpClient-1-5] DEBUG org.asynchttpclient.netty.channel.NettyConnectListener - Using new Channel '[id: 0x55ed0a50, L:/127.0.0.1:61400 - R:localhost/127.0.0.1:61389]' for 'GET' to '/devtools/browser/38a9601e-3899-4a87-b4a1-11334c190b17'
11:13:12.345 [AsyncHttpClient-1-5] DEBUG org.asynchttpclient.netty.handler.WebSocketHandler - 

Request DefaultFullHttpRequest(decodeResult: success, version: HTTP/1.1, content: EmptyByteBufBE)
GET /devtools/browser/38a9601e-3899-4a87-b4a1-11334c190b17 HTTP/1.1
upgrade: websocket
connection: upgrade
sec-websocket-key: whZaot7ojmdsI4pNM2ER3w==
sec-websocket-version: 13
origin: http://localhost:61389
host: localhost:61389
accept: */*
user-agent: AHC/2.1

Response DefaultHttpResponse(decodeResult: success, version: HTTP/1.1)
HTTP/1.1 101 WebSocket Protocol Handshake
Upgrade: WebSocket
Connection: Upgrade
Sec-WebSocket-Accept: 8e1iWuNrGW6jZongQdiolJc/otE=

11:13:12.356 [Forwarding get on session e33b173dd8bb0a0001e91ee0827f7119 to remote] DEBUG org.asynchttpclient.netty.request.NettyRequestSender - Using pooled Channel '[id: 0x3ac390b2, L:/127.0.0.1:61387 - R:localhost/127.0.0.1:54476]' for 'POST' to 'http://localhost:54476/session/e33b173dd8bb0a0001e91ee0827f7119/url'
11:13:12.356 [Forwarding get on session e33b173dd8bb0a0001e91ee0827f7119 to remote] DEBUG org.asynchttpclient.netty.request.NettyRequestSender - Using open Channel [id: 0x3ac390b2, L:/127.0.0.1:61387 - R:localhost/127.0.0.1:54476] for POST '/session/e33b173dd8bb0a0001e91ee0827f7119/url'
11:13:12.415 [AsyncHttpClient-1-1] DEBUG org.asynchttpclient.netty.channel.DefaultChannelPool - Entry count for : http://localhost:61389 : 1
11:13:13.516 [AsyncHttpClient-1-1] DEBUG org.asynchttpclient.netty.channel.DefaultChannelPool - Entry count for : http://localhost:61389 : 1
11:13:13.892 [AsyncHttpClient-1-3] DEBUG org.asynchttpclient.netty.handler.HttpHandler - 

Request DefaultHttpRequest(decodeResult: success, version: HTTP/1.1)
POST /session/e33b173dd8bb0a0001e91ee0827f7119/url HTTP/1.1
User-Agent: selenium/4.1.2 (java windows)
Content-Length: 84
Content-Type: application/json; charset=utf-8
host: localhost:54476
accept: */*

Response DefaultHttpResponse(decodeResult: success, version: HTTP/1.1)
HTTP/1.1 200 OK
Content-Type: application/json; charset=utf-8
cache-control: no-cache
content-length: 14

11:13:13.893 [AsyncHttpClient-1-3] DEBUG org.asynchttpclient.netty.channel.ChannelManager - Adding key: http://localhost:54476 for channel [id: 0x3ac390b2, L:/127.0.0.1:61387 - R:localhost/127.0.0.1:54476]
11:13:13.895 [Forwarding setTimeout on session e33b173dd8bb0a0001e91ee0827f7119 to remote] DEBUG org.asynchttpclient.netty.request.NettyRequestSender - Using pooled Channel '[id: 0x3ac390b2, L:/127.0.0.1:61387 - R:localhost/127.0.0.1:54476]' for 'POST' to 'http://localhost:54476/session/e33b173dd8bb0a0001e91ee0827f7119/timeouts'
11:13:13.896 [Forwarding setTimeout on session e33b173dd8bb0a0001e91ee0827f7119 to remote] DEBUG org.asynchttpclient.netty.request.NettyRequestSender - Using open Channel [id: 0x3ac390b2, L:/127.0.0.1:61387 - R:localhost/127.0.0.1:54476] for POST '/session/e33b173dd8bb0a0001e91ee0827f7119/timeouts'
11:13:13.898 [AsyncHttpClient-1-3] DEBUG org.asynchttpclient.netty.handler.HttpHandler - 

Request DefaultHttpRequest(decodeResult: success, version: HTTP/1.1)
POST /session/e33b173dd8bb0a0001e91ee0827f7119/timeouts HTTP/1.1
User-Agent: selenium/4.1.2 (java windows)
Content-Length: 22
Content-Type: application/json; charset=utf-8
host: localhost:54476
accept: */*

Response DefaultHttpResponse(decodeResult: success, version: HTTP/1.1)
HTTP/1.1 200 OK
Content-Type: application/json; charset=utf-8
cache-control: no-cache
content-length: 14

11:13:13.899 [AsyncHttpClient-1-3] DEBUG org.asynchttpclient.netty.channel.ChannelManager - Adding key: http://localhost:54476 for channel [id: 0x3ac390b2, L:/127.0.0.1:61387 - R:localhost/127.0.0.1:54476]
11:13:13.910 [Forwarding getCurrentUrl on session e33b173dd8bb0a0001e91ee0827f7119 to remote] DEBUG org.asynchttpclient.netty.request.NettyRequestSender - Using pooled Channel '[id: 0x3ac390b2, L:/127.0.0.1:61387 - R:localhost/127.0.0.1:54476]' for 'GET' to 'http://localhost:54476/session/e33b173dd8bb0a0001e91ee0827f7119/url'
11:13:13.910 [Forwarding getCurrentUrl on session e33b173dd8bb0a0001e91ee0827f7119 to remote] DEBUG org.asynchttpclient.netty.request.NettyRequestSender - Using open Channel [id: 0x3ac390b2, L:/127.0.0.1:61387 - R:localhost/127.0.0.1:54476] for GET '/session/e33b173dd8bb0a0001e91ee0827f7119/url'
11:13:13.928 [AsyncHttpClient-1-3] DEBUG org.asynchttpclient.netty.handler.HttpHandler - 

Request DefaultFullHttpRequest(decodeResult: success, version: HTTP/1.1, content: EmptyByteBufBE)
GET /session/e33b173dd8bb0a0001e91ee0827f7119/url HTTP/1.1
User-Agent: selenium/4.1.2 (java windows)
Cache-Control: no-cache
Content-Type: application/json; charset=utf-8
host: localhost:54476
accept: */*

Response DefaultHttpResponse(decodeResult: success, version: HTTP/1.1)
HTTP/1.1 200 OK
Content-Type: application/json; charset=utf-8
cache-control: no-cache
content-length: 66

11:13:13.928 [AsyncHttpClient-1-3] DEBUG org.asynchttpclient.netty.channel.ChannelManager - Adding key: http://localhost:54476 for channel [id: 0x3ac390b2, L:/127.0.0.1:61387 - R:localhost/127.0.0.1:54476]
11:13:13.944 [Forwarding screenshot on session e33b173dd8bb0a0001e91ee0827f7119 to remote] DEBUG org.asynchttpclient.netty.request.NettyRequestSender - Using pooled Channel '[id: 0x3ac390b2, L:/127.0.0.1:61387 - R:localhost/127.0.0.1:54476]' for 'GET' to 'http://localhost:54476/session/e33b173dd8bb0a0001e91ee0827f7119/screenshot'
11:13:13.944 [Forwarding screenshot on session e33b173dd8bb0a0001e91ee0827f7119 to remote] DEBUG org.asynchttpclient.netty.request.NettyRequestSender - Using open Channel [id: 0x3ac390b2, L:/127.0.0.1:61387 - R:localhost/127.0.0.1:54476] for GET '/session/e33b173dd8bb0a0001e91ee0827f7119/screenshot'
11:13:14.613 [AsyncHttpClient-1-1] DEBUG org.asynchttpclient.netty.channel.DefaultChannelPool - Entry count for : http://localhost:61389 : 1
11:13:15.050 [AsyncHttpClient-1-3] DEBUG org.asynchttpclient.netty.handler.HttpHandler - 

Request DefaultFullHttpRequest(decodeResult: success, version: HTTP/1.1, content: EmptyByteBufBE)
GET /session/e33b173dd8bb0a0001e91ee0827f7119/screenshot HTTP/1.1
User-Agent: selenium/4.1.2 (java windows)
Cache-Control: no-cache
Content-Type: application/json; charset=utf-8
host: localhost:54476
accept: */*

Response DefaultHttpResponse(decodeResult: success, version: HTTP/1.1)
HTTP/1.1 200 OK
Content-Type: application/json; charset=utf-8
cache-control: no-cache
content-length: 66608

11:13:15.051 [AsyncHttpClient-1-3] DEBUG org.asynchttpclient.netty.channel.ChannelManager - Adding key: http://localhost:54476 for channel [id: 0x3ac390b2, L:/127.0.0.1:61387 - R:localhost/127.0.0.1:54476]
11:13:15.060 [main] DEBUG net.serenitybdd.core.photography.Darkroom - Send negative for processing for target\site\serenity\3b111ae00db26295d7ecbde886ea4451aead6619240013077047abd82e88d678.png
11:13:15.061 [main] DEBUG net.thucydides.core.steps.StepInterceptor - STEP DONE: openDataPasien
  &amp#27;[32mGiven &amp#27;[0m&amp#27;[32mOpen page data pasien&amp#27;[0m                                         &amp#27;[90m# starter.stepdefinitios.PatientDataSteps.openPageDataPasien()&amp#27;[0m
11:13:15.168 [Forwarding screenshot on session e33b173dd8bb0a0001e91ee0827f7119 to remote] DEBUG org.asynchttpclient.netty.request.NettyRequestSender - Using pooled Channel '[id: 0x3ac390b2, L:/127.0.0.1:61387 - R:localhost/127.0.0.1:54476]' for 'GET' to 'http://localhost:54476/session/e33b173dd8bb0a0001e91ee0827f7119/screenshot'
11:13:15.168 [Forwarding screenshot on session e33b173dd8bb0a0001e91ee0827f7119 to remote] DEBUG org.asynchttpclient.netty.request.NettyRequestSender - Using open Channel [id: 0x3ac390b2, L:/127.0.0.1:61387 - R:localhost/127.0.0.1:54476] for GET '/session/e33b173dd8bb0a0001e91ee0827f7119/screenshot'
11:13:15.402 [AsyncHttpClient-1-3] DEBUG org.asynchttpclient.netty.handler.HttpHandler - 

Request DefaultFullHttpRequest(decodeResult: success, version: HTTP/1.1, content: EmptyByteBufBE)
GET /session/e33b173dd8bb0a0001e91ee0827f7119/screenshot HTTP/1.1
User-Agent: selenium/4.1.2 (java windows)
Cache-Control: no-cache
Content-Type: application/json; charset=utf-8
host: localhost:54476
accept: */*

Response DefaultHttpResponse(decodeResult: success, version: HTTP/1.1)
HTTP/1.1 200 OK
Content-Type: application/json; charset=utf-8
cache-control: no-cache
content-length: 80012

11:13:15.403 [AsyncHttpClient-1-3] DEBUG org.asynchttpclient.netty.channel.ChannelManager - Adding key: http://localhost:54476 for channel [id: 0x3ac390b2, L:/127.0.0.1:61387 - R:localhost/127.0.0.1:54476]
11:13:15.411 [main] DEBUG net.serenitybdd.core.photography.Darkroom - Send negative for processing for target\site\serenity\459cbfc3de3abddbd8256b9a932226c8979135afd8dd37cec002eec212aa7e69.png
11:13:15.411 [main] DEBUG net.thucydides.core.steps.StepInterceptor - STARTING STEP: PatientDataSteps.clickDetailPatientData - clickButtonDetail
11:13:15.412 [Darkroom Processing Line] DEBUG net.serenitybdd.core.photography.DarkroomProcessingLine - Processing screenshot image in /var/screenshots/screenshot-2491169262720780156
11:13:15.412 [Darkroom Processing Line] DEBUG net.serenitybdd.core.photography.DarkroomProcessingLine - Saving screenshot to target\site\serenity\459cbfc3de3abddbd8256b9a932226c8979135afd8dd37cec002eec212aa7e69.png
11:13:15.418 [Forwarding findElement on session e33b173dd8bb0a0001e91ee0827f7119 to remote] DEBUG org.asynchttpclient.netty.request.NettyRequestSender - Using pooled Channel '[id: 0x3ac390b2, L:/127.0.0.1:61387 - R:localhost/127.0.0.1:54476]' for 'POST' to 'http://localhost:54476/session/e33b173dd8bb0a0001e91ee0827f7119/element'
11:13:15.418 [Forwarding findElement on session e33b173dd8bb0a0001e91ee0827f7119 to remote] DEBUG org.asynchttpclient.netty.request.NettyRequestSender - Using open Channel [id: 0x3ac390b2, L:/127.0.0.1:61387 - R:localhost/127.0.0.1:54476] for POST '/session/e33b173dd8bb0a0001e91ee0827f7119/element'
11:13:15.447 [AsyncHttpClient-1-3] DEBUG org.asynchttpclient.netty.handler.HttpHandler - 

Request DefaultHttpRequest(decodeResult: success, version: HTTP/1.1)
POST /session/e33b173dd8bb0a0001e91ee0827f7119/element HTTP/1.1
User-Agent: selenium/4.1.2 (java windows)
Content-Length: 92
Content-Type: application/json; charset=utf-8
host: localhost:54476
accept: */*

Response DefaultHttpResponse(decodeResult: success, version: HTTP/1.1)
HTTP/1.1 200 OK
Content-Type: application/json; charset=utf-8
cache-control: no-cache
content-length: 88

11:13:15.447 [AsyncHttpClient-1-3] DEBUG org.asynchttpclient.netty.channel.ChannelManager - Adding key: http://localhost:54476 for channel [id: 0x3ac390b2, L:/127.0.0.1:61387 - R:localhost/127.0.0.1:54476]
11:13:15.449 [Forwarding getElementTagName on session e33b173dd8bb0a0001e91ee0827f7119 to remote] DEBUG org.asynchttpclient.netty.request.NettyRequestSender - Using pooled Channel '[id: 0x3ac390b2, L:/127.0.0.1:61387 - R:localhost/127.0.0.1:54476]' for 'GET' to 'http://localhost:54476/session/e33b173dd8bb0a0001e91ee0827f7119/element/0b0da927-815e-4d2a-8146-a3b2d0e5b40b/name'
11:13:15.449 [Forwarding getElementTagName on session e33b173dd8bb0a0001e91ee0827f7119 to remote] DEBUG org.asynchttpclient.netty.request.NettyRequestSender - Using open Channel [id: 0x3ac390b2, L:/127.0.0.1:61387 - R:localhost/127.0.0.1:54476] for GET '/session/e33b173dd8bb0a0001e91ee0827f7119/element/0b0da927-815e-4d2a-8146-a3b2d0e5b40b/name'
11:13:15.458 [AsyncHttpClient-1-3] DEBUG org.asynchttpclient.netty.handler.HttpHandler - 

Request DefaultFullHttpRequest(decodeResult: success, version: HTTP/1.1, content: EmptyByteBufBE)
GET /session/e33b173dd8bb0a0001e91ee0827f7119/element/0b0da927-815e-4d2a-8146-a3b2d0e5b40b/name HTTP/1.1
User-Agent: selenium/4.1.2 (java windows)
Cache-Control: no-cache
Content-Type: application/json; charset=utf-8
host: localhost:54476
accept: */*

Response DefaultHttpResponse(decodeResult: success, version: HTTP/1.1)
HTTP/1.1 200 OK
Content-Type: application/json; charset=utf-8
cache-control: no-cache
content-length: 15

11:13:15.458 [AsyncHttpClient-1-3] DEBUG org.asynchttpclient.netty.channel.ChannelManager - Adding key: http://localhost:54476 for channel [id: 0x3ac390b2, L:/127.0.0.1:61387 - R:localhost/127.0.0.1:54476]
11:13:15.460 [Forwarding getElementTagName on session e33b173dd8bb0a0001e91ee0827f7119 to remote] DEBUG org.asynchttpclient.netty.request.NettyRequestSender - Using pooled Channel '[id: 0x3ac390b2, L:/127.0.0.1:61387 - R:localhost/127.0.0.1:54476]' for 'GET' to 'http://localhost:54476/session/e33b173dd8bb0a0001e91ee0827f7119/element/0b0da927-815e-4d2a-8146-a3b2d0e5b40b/name'
11:13:15.460 [Forwarding getElementTagName on session e33b173dd8bb0a0001e91ee0827f7119 to remote] DEBUG org.asynchttpclient.netty.request.NettyRequestSender - Using open Channel [id: 0x3ac390b2, L:/127.0.0.1:61387 - R:localhost/127.0.0.1:54476] for GET '/session/e33b173dd8bb0a0001e91ee0827f7119/element/0b0da927-815e-4d2a-8146-a3b2d0e5b40b/name'
11:13:15.467 [AsyncHttpClient-1-3] DEBUG org.asynchttpclient.netty.handler.HttpHandler - 

Request DefaultFullHttpRequest(decodeResult: success, version: HTTP/1.1, content: EmptyByteBufBE)
GET /session/e33b173dd8bb0a0001e91ee0827f7119/element/0b0da927-815e-4d2a-8146-a3b2d0e5b40b/name HTTP/1.1
User-Agent: selenium/4.1.2 (java windows)
Cache-Control: no-cache
Content-Type: application/json; charset=utf-8
host: localhost:54476
accept: */*

Response DefaultHttpResponse(decodeResult: success, version: HTTP/1.1)
HTTP/1.1 200 OK
Content-Type: application/json; charset=utf-8
cache-control: no-cache
content-length: 15

11:13:15.467 [AsyncHttpClient-1-3] DEBUG org.asynchttpclient.netty.channel.ChannelManager - Adding key: http://localhost:54476 for channel [id: 0x3ac390b2, L:/127.0.0.1:61387 - R:localhost/127.0.0.1:54476]
11:13:15.473 [Forwarding findElement on session e33b173dd8bb0a0001e91ee0827f7119 to remote] DEBUG org.asynchttpclient.netty.request.NettyRequestSender - Using pooled Channel '[id: 0x3ac390b2, L:/127.0.0.1:61387 - R:localhost/127.0.0.1:54476]' for 'POST' to 'http://localhost:54476/session/e33b173dd8bb0a0001e91ee0827f7119/element'
11:13:15.473 [Forwarding findElement on session e33b173dd8bb0a0001e91ee0827f7119 to remote] DEBUG org.asynchttpclient.netty.request.NettyRequestSender - Using open Channel [id: 0x3ac390b2, L:/127.0.0.1:61387 - R:localhost/127.0.0.1:54476] for POST '/session/e33b173dd8bb0a0001e91ee0827f7119/element'
11:13:15.494 [AsyncHttpClient-1-3] DEBUG org.asynchttpclient.netty.handler.HttpHandler - 

Request DefaultHttpRequest(decodeResult: success, version: HTTP/1.1)
POST /session/e33b173dd8bb0a0001e91ee0827f7119/element HTTP/1.1
User-Agent: selenium/4.1.2 (java windows)
Content-Length: 92
Content-Type: application/json; charset=utf-8
host: localhost:54476
accept: */*

Response DefaultHttpResponse(decodeResult: success, version: HTTP/1.1)
HTTP/1.1 200 OK
Content-Type: application/json; charset=utf-8
cache-control: no-cache
content-length: 88

11:13:15.494 [AsyncHttpClient-1-3] DEBUG org.asynchttpclient.netty.channel.ChannelManager - Adding key: http://localhost:54476 for channel [id: 0x3ac390b2, L:/127.0.0.1:61387 - R:localhost/127.0.0.1:54476]
11:13:15.496 [Forwarding clickElement on session e33b173dd8bb0a0001e91ee0827f7119 to remote] DEBUG org.asynchttpclient.netty.request.NettyRequestSender - Using pooled Channel '[id: 0x3ac390b2, L:/127.0.0.1:61387 - R:localhost/127.0.0.1:54476]' for 'POST' to 'http://localhost:54476/session/e33b173dd8bb0a0001e91ee0827f7119/element/0b0da927-815e-4d2a-8146-a3b2d0e5b40b/click'
11:13:15.496 [Forwarding clickElement on session e33b173dd8bb0a0001e91ee0827f7119 to remote] DEBUG org.asynchttpclient.netty.request.NettyRequestSender - Using open Channel [id: 0x3ac390b2, L:/127.0.0.1:61387 - R:localhost/127.0.0.1:54476] for POST '/session/e33b173dd8bb0a0001e91ee0827f7119/element/0b0da927-815e-4d2a-8146-a3b2d0e5b40b/click'
11:13:15.714 [AsyncHttpClient-1-1] DEBUG org.asynchttpclient.netty.channel.DefaultChannelPool - Entry count for : http://localhost:61389 : 1
11:13:15.904 [AsyncHttpClient-1-3] DEBUG org.asynchttpclient.netty.handler.HttpHandler - 

Request DefaultHttpRequest(decodeResult: success, version: HTTP/1.1)
POST /session/e33b173dd8bb0a0001e91ee0827f7119/element/0b0da927-815e-4d2a-8146-a3b2d0e5b40b/click HTTP/1.1
User-Agent: selenium/4.1.2 (java windows)
Content-Length: 50
Content-Type: application/json; charset=utf-8
host: localhost:54476
accept: */*

Response DefaultHttpResponse(decodeResult: success, version: HTTP/1.1)
HTTP/1.1 200 OK
Content-Type: application/json; charset=utf-8
cache-control: no-cache
content-length: 14

11:13:15.904 [AsyncHttpClient-1-3] DEBUG org.asynchttpclient.netty.channel.ChannelManager - Adding key: http://localhost:54476 for channel [id: 0x3ac390b2, L:/127.0.0.1:61387 - R:localhost/127.0.0.1:54476]
11:13:15.924 [Forwarding screenshot on session e33b173dd8bb0a0001e91ee0827f7119 to remote] DEBUG org.asynchttpclient.netty.request.NettyRequestSender - Using pooled Channel '[id: 0x3ac390b2, L:/127.0.0.1:61387 - R:localhost/127.0.0.1:54476]' for 'GET' to 'http://localhost:54476/session/e33b173dd8bb0a0001e91ee0827f7119/screenshot'
11:13:15.924 [Forwarding screenshot on session e33b173dd8bb0a0001e91ee0827f7119 to remote] DEBUG org.asynchttpclient.netty.request.NettyRequestSender - Using open Channel [id: 0x3ac390b2, L:/127.0.0.1:61387 - R:localhost/127.0.0.1:54476] for GET '/session/e33b173dd8bb0a0001e91ee0827f7119/screenshot'
11:13:16.547 [AsyncHttpClient-1-3] DEBUG org.asynchttpclient.netty.handler.HttpHandler - 

Request DefaultFullHttpRequest(decodeResult: success, version: HTTP/1.1, content: EmptyByteBufBE)
GET /session/e33b173dd8bb0a0001e91ee0827f7119/screenshot HTTP/1.1
User-Agent: selenium/4.1.2 (java windows)
Cache-Control: no-cache
Content-Type: application/json; charset=utf-8
host: localhost:54476
accept: */*

Response DefaultHttpResponse(decodeResult: success, version: HTTP/1.1)
HTTP/1.1 200 OK
Content-Type: application/json; charset=utf-8
cache-control: no-cache
content-length: 55168

11:13:16.548 [AsyncHttpClient-1-3] DEBUG org.asynchttpclient.netty.channel.ChannelManager - Adding key: http://localhost:54476 for channel [id: 0x3ac390b2, L:/127.0.0.1:61387 - R:localhost/127.0.0.1:54476]
11:13:16.551 [main] DEBUG net.serenitybdd.core.photography.Darkroom - Send negative for processing for target\site\serenity\a945955410a8f421ee58f18bd207035b779de34739b0628385b78d4c2df66766.png
11:13:16.552 [main] DEBUG net.thucydides.core.steps.StepInterceptor - STEP DONE: clickButtonDetail
  &amp#27;[32mAnd &amp#27;[0m&amp#27;[32mClick Detail Patient data&amp#27;[0m                                       &amp#27;[90m# starter.stepdefinitios.PatientDataSteps.clickDetailPatientData()&amp#27;[0m
11:13:16.554 [Darkroom Processing Line] DEBUG net.serenitybdd.core.photography.DarkroomProcessingLine - Processing screenshot image in /var/screenshots/screenshot-13167729782261483636
11:13:16.554 [Darkroom Processing Line] DEBUG net.serenitybdd.core.photography.DarkroomProcessingLine - Saving screenshot to target\site\serenity\a945955410a8f421ee58f18bd207035b779de34739b0628385b78d4c2df66766.png
11:13:16.820 [AsyncHttpClient-1-1] DEBUG org.asynchttpclient.netty.channel.DefaultChannelPool - Entry count for : http://localhost:54476 : 1
11:13:16.820 [AsyncHttpClient-1-1] DEBUG org.asynchttpclient.netty.channel.DefaultChannelPool - Entry count for : http://localhost:61389 : 1
11:13:17.099 [Forwarding screenshot on session e33b173dd8bb0a0001e91ee0827f7119 to remote] DEBUG org.asynchttpclient.netty.request.NettyRequestSender - Using pooled Channel '[id: 0x3ac390b2, L:/127.0.0.1:61387 - R:localhost/127.0.0.1:54476]' for 'GET' to 'http://localhost:54476/session/e33b173dd8bb0a0001e91ee0827f7119/screenshot'
11:13:17.099 [Forwarding screenshot on session e33b173dd8bb0a0001e91ee0827f7119 to remote] DEBUG org.asynchttpclient.netty.request.NettyRequestSender - Using open Channel [id: 0x3ac390b2, L:/127.0.0.1:61387 - R:localhost/127.0.0.1:54476] for GET '/session/e33b173dd8bb0a0001e91ee0827f7119/screenshot'
11:13:17.446 [AsyncHttpClient-1-3] DEBUG org.asynchttpclient.netty.handler.HttpHandler - 

Request DefaultFullHttpRequest(decodeResult: success, version: HTTP/1.1, content: EmptyByteBufBE)
GET /session/e33b173dd8bb0a0001e91ee0827f7119/screenshot HTTP/1.1
User-Agent: selenium/4.1.2 (java windows)
Cache-Control: no-cache
Content-Type: application/json; charset=utf-8
host: localhost:54476
accept: */*

Response DefaultHttpResponse(decodeResult: success, version: HTTP/1.1)
HTTP/1.1 200 OK
Content-Type: application/json; charset=utf-8
cache-control: no-cache
content-length: 408652

11:13:17.451 [AsyncHttpClient-1-3] DEBUG org.asynchttpclient.netty.channel.ChannelManager - Adding key: http://localhost:54476 for channel [id: 0x3ac390b2, L:/127.0.0.1:61387 - R:localhost/127.0.0.1:54476]
11:13:17.479 [main] DEBUG net.serenitybdd.core.photography.Darkroom - Send negative for processing for target\site\serenity\dd30b2ea5ac7d72f25e7a599535a484f0babbd9823bdf996eb98dcde9c67fbdd.png
11:13:17.480 [main] DEBUG net.thucydides.core.steps.StepInterceptor - STARTING STEP: PatientDataSteps.validData - checkValidDataPasien
11:13:17.480 [Darkroom Processing Line] DEBUG net.serenitybdd.core.photography.DarkroomProcessingLine - Processing screenshot image in /var/screenshots/screenshot-15799205789759848863
11:13:17.481 [Darkroom Processing Line] DEBUG net.serenitybdd.core.photography.DarkroomProcessingLine - Saving screenshot to target\site\serenity\dd30b2ea5ac7d72f25e7a599535a484f0babbd9823bdf996eb98dcde9c67fbdd.png
11:13:17.485 [Forwarding findElement on session e33b173dd8bb0a0001e91ee0827f7119 to remote] DEBUG org.asynchttpclient.netty.request.NettyRequestSender - Using pooled Channel '[id: 0x3ac390b2, L:/127.0.0.1:61387 - R:localhost/127.0.0.1:54476]' for 'POST' to 'http://localhost:54476/session/e33b173dd8bb0a0001e91ee0827f7119/element'
11:13:17.485 [Forwarding findElement on session e33b173dd8bb0a0001e91ee0827f7119 to remote] DEBUG org.asynchttpclient.netty.request.NettyRequestSender - Using open Channel [id: 0x3ac390b2, L:/127.0.0.1:61387 - R:localhost/127.0.0.1:54476] for POST '/session/e33b173dd8bb0a0001e91ee0827f7119/element'
11:13:17.517 [AsyncHttpClient-1-3] DEBUG org.asynchttpclient.netty.handler.HttpHandler - 

Request DefaultHttpRequest(decodeResult: success, version: HTTP/1.1)
POST /session/e33b173dd8bb0a0001e91ee0827f7119/element HTTP/1.1
User-Agent: selenium/4.1.2 (java windows)
Content-Length: 95
Content-Type: application/json; charset=utf-8
host: localhost:54476
accept: */*

Response DefaultHttpResponse(decodeResult: success, version: HTTP/1.1)
HTTP/1.1 200 OK
Content-Type: application/json; charset=utf-8
cache-control: no-cache
content-length: 88

11:13:17.517 [AsyncHttpClient-1-3] DEBUG org.asynchttpclient.netty.channel.ChannelManager - Adding key: http://localhost:54476 for channel [id: 0x3ac390b2, L:/127.0.0.1:61387 - R:localhost/127.0.0.1:54476]
11:13:17.518 [Forwarding isElementEnabled on session e33b173dd8bb0a0001e91ee0827f7119 to remote] DEBUG org.asynchttpclient.netty.request.NettyRequestSender - Using pooled Channel '[id: 0x3ac390b2, L:/127.0.0.1:61387 - R:localhost/127.0.0.1:54476]' for 'GET' to 'http://localhost:54476/session/e33b173dd8bb0a0001e91ee0827f7119/element/374e4b38-eb3d-4e31-bbca-5cf89b9ff533/enabled'
11:13:17.518 [Forwarding isElementEnabled on session e33b173dd8bb0a0001e91ee0827f7119 to remote] DEBUG org.asynchttpclient.netty.request.NettyRequestSender - Using open Channel [id: 0x3ac390b2, L:/127.0.0.1:61387 - R:localhost/127.0.0.1:54476] for GET '/session/e33b173dd8bb0a0001e91ee0827f7119/element/374e4b38-eb3d-4e31-bbca-5cf89b9ff533/enabled'
11:13:17.539 [AsyncHttpClient-1-3] DEBUG org.asynchttpclient.netty.handler.HttpHandler - 

Request DefaultFullHttpRequest(decodeResult: success, version: HTTP/1.1, content: EmptyByteBufBE)
GET /session/e33b173dd8bb0a0001e91ee0827f7119/element/374e4b38-eb3d-4e31-bbca-5cf89b9ff533/enabled HTTP/1.1
User-Agent: selenium/4.1.2 (java windows)
Cache-Control: no-cache
Content-Type: application/json; charset=utf-8
host: localhost:54476
accept: */*

Response DefaultHttpResponse(decodeResult: success, version: HTTP/1.1)
HTTP/1.1 200 OK
Content-Type: application/json; charset=utf-8
cache-control: no-cache
content-length: 14

11:13:17.539 [AsyncHttpClient-1-3] DEBUG org.asynchttpclient.netty.channel.ChannelManager - Adding key: http://localhost:54476 for channel [id: 0x3ac390b2, L:/127.0.0.1:61387 - R:localhost/127.0.0.1:54476]
11:13:17.549 [Forwarding screenshot on session e33b173dd8bb0a0001e91ee0827f7119 to remote] DEBUG org.asynchttpclient.netty.request.NettyRequestSender - Using pooled Channel '[id: 0x3ac390b2, L:/127.0.0.1:61387 - R:localhost/127.0.0.1:54476]' for 'GET' to 'http://localhost:54476/session/e33b173dd8bb0a0001e91ee0827f7119/screenshot'
11:13:17.549 [Forwarding screenshot on session e33b173dd8bb0a0001e91ee0827f7119 to remote] DEBUG org.asynchttpclient.netty.request.NettyRequestSender - Using open Channel [id: 0x3ac390b2, L:/127.0.0.1:61387 - R:localhost/127.0.0.1:54476] for GET '/session/e33b173dd8bb0a0001e91ee0827f7119/screenshot'
11:13:17.924 [AsyncHttpClient-1-1] DEBUG org.asynchttpclient.netty.channel.DefaultChannelPool - Entry count for : http://localhost:61389 : 1
11:13:17.984 [AsyncHttpClient-1-3] DEBUG org.asynchttpclient.netty.handler.HttpHandler - 

Request DefaultFullHttpRequest(decodeResult: success, version: HTTP/1.1, content: EmptyByteBufBE)
GET /session/e33b173dd8bb0a0001e91ee0827f7119/screenshot HTTP/1.1
User-Agent: selenium/4.1.2 (java windows)
Cache-Control: no-cache
Content-Type: application/json; charset=utf-8
host: localhost:54476
accept: */*

Response DefaultHttpResponse(decodeResult: success, version: HTTP/1.1)
HTTP/1.1 200 OK
Content-Type: application/json; charset=utf-8
cache-control: no-cache
content-length: 408652

11:13:17.986 [AsyncHttpClient-1-3] DEBUG org.asynchttpclient.netty.channel.ChannelManager - Adding key: http://localhost:54476 for channel [id: 0x3ac390b2, L:/127.0.0.1:61387 - R:localhost/127.0.0.1:54476]
11:13:18.024 [main] DEBUG net.serenitybdd.core.photography.Darkroom - Send negative for processing for target\site\serenity\dd30b2ea5ac7d72f25e7a599535a484f0babbd9823bdf996eb98dcde9c67fbdd.png
11:13:18.024 [main] DEBUG net.thucydides.core.steps.StepInterceptor - STEP DONE: checkValidDataPasien
  &amp#27;[32mWhen &amp#27;[0m&amp#27;[32mValid data detail pasien&amp#27;[0m                                       &amp#27;[90m# starter.stepdefinitios.PatientDataSteps.validData()&amp#27;[0m
11:13:18.094 [Forwarding screenshot on session e33b173dd8bb0a0001e91ee0827f7119 to remote] DEBUG org.asynchttpclient.netty.request.NettyRequestSender - Using pooled Channel '[id: 0x3ac390b2, L:/127.0.0.1:61387 - R:localhost/127.0.0.1:54476]' for 'GET' to 'http://localhost:54476/session/e33b173dd8bb0a0001e91ee0827f7119/screenshot'
11:13:18.094 [Forwarding screenshot on session e33b173dd8bb0a0001e91ee0827f7119 to remote] DEBUG org.asynchttpclient.netty.request.NettyRequestSender - Using open Channel [id: 0x3ac390b2, L:/127.0.0.1:61387 - R:localhost/127.0.0.1:54476] for GET '/session/e33b173dd8bb0a0001e91ee0827f7119/screenshot'
11:13:18.499 [AsyncHttpClient-1-3] DEBUG org.asynchttpclient.netty.handler.HttpHandler - 

Request DefaultFullHttpRequest(decodeResult: success, version: HTTP/1.1, content: EmptyByteBufBE)
GET /session/e33b173dd8bb0a0001e91ee0827f7119/screenshot HTTP/1.1
User-Agent: selenium/4.1.2 (java windows)
Cache-Control: no-cache
Content-Type: application/json; charset=utf-8
host: localhost:54476
accept: */*

Response DefaultHttpResponse(decodeResult: success, version: HTTP/1.1)
HTTP/1.1 200 OK
Content-Type: application/json; charset=utf-8
cache-control: no-cache
content-length: 408652

11:13:18.500 [AsyncHttpClient-1-3] DEBUG org.asynchttpclient.netty.channel.ChannelManager - Adding key: http://localhost:54476 for channel [id: 0x3ac390b2, L:/127.0.0.1:61387 - R:localhost/127.0.0.1:54476]
11:13:18.532 [main] DEBUG net.serenitybdd.core.photography.Darkroom - Send negative for processing for target\site\serenity\dd30b2ea5ac7d72f25e7a599535a484f0babbd9823bdf996eb98dcde9c67fbdd.png
11:13:18.533 [main] DEBUG net.thucydides.core.steps.StepInterceptor - STARTING STEP: PatientDataSteps.clickButtonEditProfil - clickButtonEditDataPasien
11:13:18.541 [Forwarding findElement on session e33b173dd8bb0a0001e91ee0827f7119 to remote] DEBUG org.asynchttpclient.netty.request.NettyRequestSender - Using pooled Channel '[id: 0x3ac390b2, L:/127.0.0.1:61387 - R:localhost/127.0.0.1:54476]' for 'POST' to 'http://localhost:54476/session/e33b173dd8bb0a0001e91ee0827f7119/element'
11:13:18.542 [Forwarding findElement on session e33b173dd8bb0a0001e91ee0827f7119 to remote] DEBUG org.asynchttpclient.netty.request.NettyRequestSender - Using open Channel [id: 0x3ac390b2, L:/127.0.0.1:61387 - R:localhost/127.0.0.1:54476] for POST '/session/e33b173dd8bb0a0001e91ee0827f7119/element'
11:13:18.566 [AsyncHttpClient-1-3] DEBUG org.asynchttpclient.netty.handler.HttpHandler - 

Request DefaultHttpRequest(decodeResult: success, version: HTTP/1.1)
POST /session/e33b173dd8bb0a0001e91ee0827f7119/element HTTP/1.1
User-Agent: selenium/4.1.2 (java windows)
Content-Length: 116
Content-Type: application/json; charset=utf-8
host: localhost:54476
accept: */*

Response DefaultHttpResponse(decodeResult: success, version: HTTP/1.1)
HTTP/1.1 200 OK
Content-Type: application/json; charset=utf-8
cache-control: no-cache
content-length: 88

11:13:18.566 [AsyncHttpClient-1-3] DEBUG org.asynchttpclient.netty.channel.ChannelManager - Adding key: http://localhost:54476 for channel [id: 0x3ac390b2, L:/127.0.0.1:61387 - R:localhost/127.0.0.1:54476]
11:13:18.568 [Forwarding getElementTagName on session e33b173dd8bb0a0001e91ee0827f7119 to remote] DEBUG org.asynchttpclient.netty.request.NettyRequestSender - Using pooled Channel '[id: 0x3ac390b2, L:/127.0.0.1:61387 - R:localhost/127.0.0.1:54476]' for 'GET' to 'http://localhost:54476/session/e33b173dd8bb0a0001e91ee0827f7119/element/96b2d472-61bf-45cc-9157-a7dcaafaad47/name'
11:13:18.568 [Forwarding getElementTagName on session e33b173dd8bb0a0001e91ee0827f7119 to remote] DEBUG org.asynchttpclient.netty.request.NettyRequestSender - Using open Channel [id: 0x3ac390b2, L:/127.0.0.1:61387 - R:localhost/127.0.0.1:54476] for GET '/session/e33b173dd8bb0a0001e91ee0827f7119/element/96b2d472-61bf-45cc-9157-a7dcaafaad47/name'
11:13:18.580 [AsyncHttpClient-1-3] DEBUG org.asynchttpclient.netty.handler.HttpHandler - 

Request DefaultFullHttpRequest(decodeResult: success, version: HTTP/1.1, content: EmptyByteBufBE)
GET /session/e33b173dd8bb0a0001e91ee0827f7119/element/96b2d472-61bf-45cc-9157-a7dcaafaad47/name HTTP/1.1
User-Agent: selenium/4.1.2 (java windows)
Cache-Control: no-cache
Content-Type: application/json; charset=utf-8
host: localhost:54476
accept: */*

Response DefaultHttpResponse(decodeResult: success, version: HTTP/1.1)
HTTP/1.1 200 OK
Content-Type: application/json; charset=utf-8
cache-control: no-cache
content-length: 18

11:13:18.580 [AsyncHttpClient-1-3] DEBUG org.asynchttpclient.netty.channel.ChannelManager - Adding key: http://localhost:54476 for channel [id: 0x3ac390b2, L:/127.0.0.1:61387 - R:localhost/127.0.0.1:54476]
11:13:18.582 [Forwarding getElementTagName on session e33b173dd8bb0a0001e91ee0827f7119 to remote] DEBUG org.asynchttpclient.netty.request.NettyRequestSender - Using pooled Channel '[id: 0x3ac390b2, L:/127.0.0.1:61387 - R:localhost/127.0.0.1:54476]' for 'GET' to 'http://localhost:54476/session/e33b173dd8bb0a0001e91ee0827f7119/element/96b2d472-61bf-45cc-9157-a7dcaafaad47/name'
11:13:18.582 [Forwarding getElementTagName on session e33b173dd8bb0a0001e91ee0827f7119 to remote] DEBUG org.asynchttpclient.netty.request.NettyRequestSender - Using open Channel [id: 0x3ac390b2, L:/127.0.0.1:61387 - R:localhost/127.0.0.1:54476] for GET '/session/e33b173dd8bb0a0001e91ee0827f7119/element/96b2d472-61bf-45cc-9157-a7dcaafaad47/name'
11:13:18.591 [AsyncHttpClient-1-3] DEBUG org.asynchttpclient.netty.handler.HttpHandler - 

Request DefaultFullHttpRequest(decodeResult: success, version: HTTP/1.1, content: EmptyByteBufBE)
GET /session/e33b173dd8bb0a0001e91ee0827f7119/element/96b2d472-61bf-45cc-9157-a7dcaafaad47/name HTTP/1.1
User-Agent: selenium/4.1.2 (java windows)
Cache-Control: no-cache
Content-Type: application/json; charset=utf-8
host: localhost:54476
accept: */*

Response DefaultHttpResponse(decodeResult: success, version: HTTP/1.1)
HTTP/1.1 200 OK
Content-Type: application/json; charset=utf-8
cache-control: no-cache
content-length: 18

11:13:18.591 [AsyncHttpClient-1-3] DEBUG org.asynchttpclient.netty.channel.ChannelManager - Adding key: http://localhost:54476 for channel [id: 0x3ac390b2, L:/127.0.0.1:61387 - R:localhost/127.0.0.1:54476]
11:13:18.595 [Forwarding isElementEnabled on session e33b173dd8bb0a0001e91ee0827f7119 to remote] DEBUG org.asynchttpclient.netty.request.NettyRequestSender - Using pooled Channel '[id: 0x3ac390b2, L:/127.0.0.1:61387 - R:localhost/127.0.0.1:54476]' for 'GET' to 'http://localhost:54476/session/e33b173dd8bb0a0001e91ee0827f7119/element/96b2d472-61bf-45cc-9157-a7dcaafaad47/enabled'
11:13:18.595 [Forwarding isElementEnabled on session e33b173dd8bb0a0001e91ee0827f7119 to remote] DEBUG org.asynchttpclient.netty.request.NettyRequestSender - Using open Channel [id: 0x3ac390b2, L:/127.0.0.1:61387 - R:localhost/127.0.0.1:54476] for GET '/session/e33b173dd8bb0a0001e91ee0827f7119/element/96b2d472-61bf-45cc-9157-a7dcaafaad47/enabled'
11:13:18.613 [AsyncHttpClient-1-3] DEBUG org.asynchttpclient.netty.handler.HttpHandler - 

Request DefaultFullHttpRequest(decodeResult: success, version: HTTP/1.1, content: EmptyByteBufBE)
GET /session/e33b173dd8bb0a0001e91ee0827f7119/element/96b2d472-61bf-45cc-9157-a7dcaafaad47/enabled HTTP/1.1
User-Agent: selenium/4.1.2 (java windows)
Cache-Control: no-cache
Content-Type: application/json; charset=utf-8
host: localhost:54476
accept: */*

Response DefaultHttpResponse(decodeResult: success, version: HTTP/1.1)
HTTP/1.1 200 OK
Content-Type: application/json; charset=utf-8
cache-control: no-cache
content-length: 14

11:13:18.613 [AsyncHttpClient-1-3] DEBUG org.asynchttpclient.netty.channel.ChannelManager - Adding key: http://localhost:54476 for channel [id: 0x3ac390b2, L:/127.0.0.1:61387 - R:localhost/127.0.0.1:54476]
11:13:18.615 [Forwarding isElementEnabled on session e33b173dd8bb0a0001e91ee0827f7119 to remote] DEBUG org.asynchttpclient.netty.request.NettyRequestSender - Using pooled Channel '[id: 0x3ac390b2, L:/127.0.0.1:61387 - R:localhost/127.0.0.1:54476]' for 'GET' to 'http://localhost:54476/session/e33b173dd8bb0a0001e91ee0827f7119/element/96b2d472-61bf-45cc-9157-a7dcaafaad47/enabled'
11:13:18.615 [Forwarding isElementEnabled on session e33b173dd8bb0a0001e91ee0827f7119 to remote] DEBUG org.asynchttpclient.netty.request.NettyRequestSender - Using open Channel [id: 0x3ac390b2, L:/127.0.0.1:61387 - R:localhost/127.0.0.1:54476] for GET '/session/e33b173dd8bb0a0001e91ee0827f7119/element/96b2d472-61bf-45cc-9157-a7dcaafaad47/enabled'
11:13:18.644 [AsyncHttpClient-1-3] DEBUG org.asynchttpclient.netty.handler.HttpHandler - 

Request DefaultFullHttpRequest(decodeResult: success, version: HTTP/1.1, content: EmptyByteBufBE)
GET /session/e33b173dd8bb0a0001e91ee0827f7119/element/96b2d472-61bf-45cc-9157-a7dcaafaad47/enabled HTTP/1.1
User-Agent: selenium/4.1.2 (java windows)
Cache-Control: no-cache
Content-Type: application/json; charset=utf-8
host: localhost:54476
accept: */*

Response DefaultHttpResponse(decodeResult: success, version: HTTP/1.1)
HTTP/1.1 200 OK
Content-Type: application/json; charset=utf-8
cache-control: no-cache
content-length: 14

11:13:18.644 [AsyncHttpClient-1-3] DEBUG org.asynchttpclient.netty.channel.ChannelManager - Adding key: http://localhost:54476 for channel [id: 0x3ac390b2, L:/127.0.0.1:61387 - R:localhost/127.0.0.1:54476]
11:13:18.648 [Forwarding findElement on session e33b173dd8bb0a0001e91ee0827f7119 to remote] DEBUG org.asynchttpclient.netty.request.NettyRequestSender - Using pooled Channel '[id: 0x3ac390b2, L:/127.0.0.1:61387 - R:localhost/127.0.0.1:54476]' for 'POST' to 'http://localhost:54476/session/e33b173dd8bb0a0001e91ee0827f7119/element'
11:13:18.648 [Forwarding findElement on session e33b173dd8bb0a0001e91ee0827f7119 to remote] DEBUG org.asynchttpclient.netty.request.NettyRequestSender - Using open Channel [id: 0x3ac390b2, L:/127.0.0.1:61387 - R:localhost/127.0.0.1:54476] for POST '/session/e33b173dd8bb0a0001e91ee0827f7119/element'
11:13:18.695 [AsyncHttpClient-1-3] DEBUG org.asynchttpclient.netty.handler.HttpHandler - 

Request DefaultHttpRequest(decodeResult: success, version: HTTP/1.1)
POST /session/e33b173dd8bb0a0001e91ee0827f7119/element HTTP/1.1
User-Agent: selenium/4.1.2 (java windows)
Content-Length: 116
Content-Type: application/json; charset=utf-8
host: localhost:54476
accept: */*

Response DefaultHttpResponse(decodeResult: success, version: HTTP/1.1)
HTTP/1.1 200 OK
Content-Type: application/json; charset=utf-8
cache-control: no-cache
content-length: 88

11:13:18.695 [AsyncHttpClient-1-3] DEBUG org.asynchttpclient.netty.channel.ChannelManager - Adding key: http://localhost:54476 for channel [id: 0x3ac390b2, L:/127.0.0.1:61387 - R:localhost/127.0.0.1:54476]
11:13:18.698 [Forwarding clickElement on session e33b173dd8bb0a0001e91ee0827f7119 to remote] DEBUG org.asynchttpclient.netty.request.NettyRequestSender - Using pooled Channel '[id: 0x3ac390b2, L:/127.0.0.1:61387 - R:localhost/127.0.0.1:54476]' for 'POST' to 'http://localhost:54476/session/e33b173dd8bb0a0001e91ee0827f7119/element/96b2d472-61bf-45cc-9157-a7dcaafaad47/click'
11:13:18.698 [Forwarding clickElement on session e33b173dd8bb0a0001e91ee0827f7119 to remote] DEBUG org.asynchttpclient.netty.request.NettyRequestSender - Using open Channel [id: 0x3ac390b2, L:/127.0.0.1:61387 - R:localhost/127.0.0.1:54476] for POST '/session/e33b173dd8bb0a0001e91ee0827f7119/element/96b2d472-61bf-45cc-9157-a7dcaafaad47/click'
11:13:18.995 [AsyncHttpClient-1-3] DEBUG org.asynchttpclient.netty.handler.HttpHandler - 

Request DefaultHttpRequest(decodeResult: success, version: HTTP/1.1)
POST /session/e33b173dd8bb0a0001e91ee0827f7119/element/96b2d472-61bf-45cc-9157-a7dcaafaad47/click HTTP/1.1
User-Agent: selenium/4.1.2 (java windows)
Content-Length: 50
Content-Type: application/json; charset=utf-8
host: localhost:54476
accept: */*

Response DefaultHttpResponse(decodeResult: success, version: HTTP/1.1)
HTTP/1.1 200 OK
Content-Type: application/json; charset=utf-8
cache-control: no-cache
content-length: 14

11:13:18.995 [AsyncHttpClient-1-3] DEBUG org.asynchttpclient.netty.channel.ChannelManager - Adding key: http://localhost:54476 for channel [id: 0x3ac390b2, L:/127.0.0.1:61387 - R:localhost/127.0.0.1:54476]
11:13:19.014 [AsyncHttpClient-1-1] DEBUG org.asynchttpclient.netty.channel.DefaultChannelPool - Entry count for : http://localhost:54476 : 1
11:13:19.014 [AsyncHttpClient-1-1] DEBUG org.asynchttpclient.netty.channel.DefaultChannelPool - Entry count for : http://localhost:61389 : 1
11:13:19.015 [Forwarding screenshot on session e33b173dd8bb0a0001e91ee0827f7119 to remote] DEBUG org.asynchttpclient.netty.request.NettyRequestSender - Using pooled Channel '[id: 0x3ac390b2, L:/127.0.0.1:61387 - R:localhost/127.0.0.1:54476]' for 'GET' to 'http://localhost:54476/session/e33b173dd8bb0a0001e91ee0827f7119/screenshot'
11:13:19.015 [Forwarding screenshot on session e33b173dd8bb0a0001e91ee0827f7119 to remote] DEBUG org.asynchttpclient.netty.request.NettyRequestSender - Using open Channel [id: 0x3ac390b2, L:/127.0.0.1:61387 - R:localhost/127.0.0.1:54476] for GET '/session/e33b173dd8bb0a0001e91ee0827f7119/screenshot'
11:13:19.473 [AsyncHttpClient-1-3] DEBUG org.asynchttpclient.netty.handler.HttpHandler - 

Request DefaultFullHttpRequest(decodeResult: success, version: HTTP/1.1, content: EmptyByteBufBE)
GET /session/e33b173dd8bb0a0001e91ee0827f7119/screenshot HTTP/1.1
User-Agent: selenium/4.1.2 (java windows)
Cache-Control: no-cache
Content-Type: application/json; charset=utf-8
host: localhost:54476
accept: */*

Response DefaultHttpResponse(decodeResult: success, version: HTTP/1.1)
HTTP/1.1 200 OK
Content-Type: application/json; charset=utf-8
cache-control: no-cache
content-length: 412516

11:13:19.475 [AsyncHttpClient-1-3] DEBUG org.asynchttpclient.netty.channel.ChannelManager - Adding key: http://localhost:54476 for channel [id: 0x3ac390b2, L:/127.0.0.1:61387 - R:localhost/127.0.0.1:54476]
11:13:19.510 [main] DEBUG net.serenitybdd.core.photography.Darkroom - Send negative for processing for target\site\serenity\38000881f4bc24b37b9c606093e0d9d00c3e8338f239fcb19d8720bd5f457def.png
11:13:19.510 [main] DEBUG net.thucydides.core.steps.StepInterceptor - STEP DONE: clickButtonEditDataPasien
  &amp#27;[32mAnd &amp#27;[0m&amp#27;[32mClick button edit profil&amp#27;[0m                                        &amp#27;[90m# starter.stepdefinitios.PatientDataSteps.clickButtonEditProfil()&amp#27;[0m
11:13:19.512 [Darkroom Processing Line] DEBUG net.serenitybdd.core.photography.DarkroomProcessingLine - Processing screenshot image in /var/screenshots/screenshot-7110315984144513171
11:13:19.512 [Darkroom Processing Line] DEBUG net.serenitybdd.core.photography.DarkroomProcessingLine - Saving screenshot to target\site\serenity\38000881f4bc24b37b9c606093e0d9d00c3e8338f239fcb19d8720bd5f457def.png
11:13:19.568 [Forwarding screenshot on session e33b173dd8bb0a0001e91ee0827f7119 to remote] DEBUG org.asynchttpclient.netty.request.NettyRequestSender - Using pooled Channel '[id: 0x3ac390b2, L:/127.0.0.1:61387 - R:localhost/127.0.0.1:54476]' for 'GET' to 'http://localhost:54476/session/e33b173dd8bb0a0001e91ee0827f7119/screenshot'
11:13:19.568 [Forwarding screenshot on session e33b173dd8bb0a0001e91ee0827f7119 to remote] DEBUG org.asynchttpclient.netty.request.NettyRequestSender - Using open Channel [id: 0x3ac390b2, L:/127.0.0.1:61387 - R:localhost/127.0.0.1:54476] for GET '/session/e33b173dd8bb0a0001e91ee0827f7119/screenshot'
11:13:20.026 [AsyncHttpClient-1-3] DEBUG org.asynchttpclient.netty.handler.HttpHandler - 

Request DefaultFullHttpRequest(decodeResult: success, version: HTTP/1.1, content: EmptyByteBufBE)
GET /session/e33b173dd8bb0a0001e91ee0827f7119/screenshot HTTP/1.1
User-Agent: selenium/4.1.2 (java windows)
Cache-Control: no-cache
Content-Type: application/json; charset=utf-8
host: localhost:54476
accept: */*

Response DefaultHttpResponse(decodeResult: success, version: HTTP/1.1)
HTTP/1.1 200 OK
Content-Type: application/json; charset=utf-8
cache-control: no-cache
content-length: 412516

11:13:20.028 [AsyncHttpClient-1-3] DEBUG org.asynchttpclient.netty.channel.ChannelManager - Adding key: http://localhost:54476 for channel [id: 0x3ac390b2, L:/127.0.0.1:61387 - R:localhost/127.0.0.1:54476]
11:13:20.062 [main] DEBUG net.serenitybdd.core.photography.Darkroom - Send negative for processing for target\site\serenity\38000881f4bc24b37b9c606093e0d9d00c3e8338f239fcb19d8720bd5f457def.png
11:13:20.062 [main] DEBUG net.thucydides.core.steps.StepInterceptor - STARTING STEP: PatientDataSteps.cleanAllDataPasien - cleanDataPasien
11:13:20.072 [Forwarding findElement on session e33b173dd8bb0a0001e91ee0827f7119 to remote] DEBUG org.asynchttpclient.netty.request.NettyRequestSender - Using pooled Channel '[id: 0x3ac390b2, L:/127.0.0.1:61387 - R:localhost/127.0.0.1:54476]' for 'POST' to 'http://localhost:54476/session/e33b173dd8bb0a0001e91ee0827f7119/element'
11:13:20.072 [Forwarding findElement on session e33b173dd8bb0a0001e91ee0827f7119 to remote] DEBUG org.asynchttpclient.netty.request.NettyRequestSender - Using open Channel [id: 0x3ac390b2, L:/127.0.0.1:61387 - R:localhost/127.0.0.1:54476] for POST '/session/e33b173dd8bb0a0001e91ee0827f7119/element'
11:13:20.114 [AsyncHttpClient-1-3] DEBUG org.asynchttpclient.netty.handler.HttpHandler - 

Request DefaultHttpRequest(decodeResult: success, version: HTTP/1.1)
POST /session/e33b173dd8bb0a0001e91ee0827f7119/element HTTP/1.1
User-Agent: selenium/4.1.2 (java windows)
Content-Length: 166
Content-Type: application/json; charset=utf-8
host: localhost:54476
accept: */*

Response DefaultHttpResponse(decodeResult: success, version: HTTP/1.1)
HTTP/1.1 200 OK
Content-Type: application/json; charset=utf-8
cache-control: no-cache
content-length: 88

11:13:20.114 [AsyncHttpClient-1-3] DEBUG org.asynchttpclient.netty.channel.ChannelManager - Adding key: http://localhost:54476 for channel [id: 0x3ac390b2, L:/127.0.0.1:61387 - R:localhost/127.0.0.1:54476]
11:13:20.116 [Forwarding clearElement on session e33b173dd8bb0a0001e91ee0827f7119 to remote] DEBUG org.asynchttpclient.netty.request.NettyRequestSender - Using pooled Channel '[id: 0x3ac390b2, L:/127.0.0.1:61387 - R:localhost/127.0.0.1:54476]' for 'POST' to 'http://localhost:54476/session/e33b173dd8bb0a0001e91ee0827f7119/element/1b61e1f8-a672-4ff6-bb9c-ad0427269eda/clear'
11:13:20.116 [Forwarding clearElement on session e33b173dd8bb0a0001e91ee0827f7119 to remote] DEBUG org.asynchttpclient.netty.request.NettyRequestSender - Using open Channel [id: 0x3ac390b2, L:/127.0.0.1:61387 - R:localhost/127.0.0.1:54476] for POST '/session/e33b173dd8bb0a0001e91ee0827f7119/element/1b61e1f8-a672-4ff6-bb9c-ad0427269eda/clear'
11:13:20.122 [AsyncHttpClient-1-1] DEBUG org.asynchttpclient.netty.channel.DefaultChannelPool - Entry count for : http://localhost:61389 : 1
11:13:20.302 [AsyncHttpClient-1-3] DEBUG org.asynchttpclient.netty.handler.HttpHandler - 

Request DefaultHttpRequest(decodeResult: success, version: HTTP/1.1)
POST /session/e33b173dd8bb0a0001e91ee0827f7119/element/1b61e1f8-a672-4ff6-bb9c-ad0427269eda/clear HTTP/1.1
User-Agent: selenium/4.1.2 (java windows)
Content-Length: 50
Content-Type: application/json; charset=utf-8
host: localhost:54476
accept: */*

Response DefaultHttpResponse(decodeResult: success, version: HTTP/1.1)
HTTP/1.1 200 OK
Content-Type: application/json; charset=utf-8
cache-control: no-cache
content-length: 14

11:13:20.302 [AsyncHttpClient-1-3] DEBUG org.asynchttpclient.netty.channel.ChannelManager - Adding key: http://localhost:54476 for channel [id: 0x3ac390b2, L:/127.0.0.1:61387 - R:localhost/127.0.0.1:54476]
11:13:20.310 [Forwarding findElement on session e33b173dd8bb0a0001e91ee0827f7119 to remote] DEBUG org.asynchttpclient.netty.request.NettyRequestSender - Using pooled Channel '[id: 0x3ac390b2, L:/127.0.0.1:61387 - R:localhost/127.0.0.1:54476]' for 'POST' to 'http://localhost:54476/session/e33b173dd8bb0a0001e91ee0827f7119/element'
11:13:20.310 [Forwarding findElement on session e33b173dd8bb0a0001e91ee0827f7119 to remote] DEBUG org.asynchttpclient.netty.request.NettyRequestSender - Using open Channel [id: 0x3ac390b2, L:/127.0.0.1:61387 - R:localhost/127.0.0.1:54476] for POST '/session/e33b173dd8bb0a0001e91ee0827f7119/element'
11:13:20.333 [AsyncHttpClient-1-3] DEBUG org.asynchttpclient.netty.handler.HttpHandler - 

Request DefaultHttpRequest(decodeResult: success, version: HTTP/1.1)
POST /session/e33b173dd8bb0a0001e91ee0827f7119/element HTTP/1.1
User-Agent: selenium/4.1.2 (java windows)
Content-Length: 166
Content-Type: application/json; charset=utf-8
host: localhost:54476
accept: */*

Response DefaultHttpResponse(decodeResult: success, version: HTTP/1.1)
HTTP/1.1 200 OK
Content-Type: application/json; charset=utf-8
cache-control: no-cache
content-length: 88

11:13:20.334 [AsyncHttpClient-1-3] DEBUG org.asynchttpclient.netty.channel.ChannelManager - Adding key: http://localhost:54476 for channel [id: 0x3ac390b2, L:/127.0.0.1:61387 - R:localhost/127.0.0.1:54476]
11:13:20.335 [Forwarding clearElement on session e33b173dd8bb0a0001e91ee0827f7119 to remote] DEBUG org.asynchttpclient.netty.request.NettyRequestSender - Using pooled Channel '[id: 0x3ac390b2, L:/127.0.0.1:61387 - R:localhost/127.0.0.1:54476]' for 'POST' to 'http://localhost:54476/session/e33b173dd8bb0a0001e91ee0827f7119/element/fb599427-a182-494d-bb8d-b893f6ea1d1e/clear'
11:13:20.336 [Forwarding clearElement on session e33b173dd8bb0a0001e91ee0827f7119 to remote] DEBUG org.asynchttpclient.netty.request.NettyRequestSender - Using open Channel [id: 0x3ac390b2, L:/127.0.0.1:61387 - R:localhost/127.0.0.1:54476] for POST '/session/e33b173dd8bb0a0001e91ee0827f7119/element/fb599427-a182-494d-bb8d-b893f6ea1d1e/clear'
11:13:20.412 [AsyncHttpClient-1-3] DEBUG org.asynchttpclient.netty.handler.HttpHandler - 

Request DefaultHttpRequest(decodeResult: success, version: HTTP/1.1)
POST /session/e33b173dd8bb0a0001e91ee0827f7119/element/fb599427-a182-494d-bb8d-b893f6ea1d1e/clear HTTP/1.1
User-Agent: selenium/4.1.2 (java windows)
Content-Length: 50
Content-Type: application/json; charset=utf-8
host: localhost:54476
accept: */*

Response DefaultHttpResponse(decodeResult: success, version: HTTP/1.1)
HTTP/1.1 200 OK
Content-Type: application/json; charset=utf-8
cache-control: no-cache
content-length: 14

11:13:20.412 [AsyncHttpClient-1-3] DEBUG org.asynchttpclient.netty.channel.ChannelManager - Adding key: http://localhost:54476 for channel [id: 0x3ac390b2, L:/127.0.0.1:61387 - R:localhost/127.0.0.1:54476]
11:13:20.417 [Forwarding findElement on session e33b173dd8bb0a0001e91ee0827f7119 to remote] DEBUG org.asynchttpclient.netty.request.NettyRequestSender - Using pooled Channel '[id: 0x3ac390b2, L:/127.0.0.1:61387 - R:localhost/127.0.0.1:54476]' for 'POST' to 'http://localhost:54476/session/e33b173dd8bb0a0001e91ee0827f7119/element'
11:13:20.418 [Forwarding findElement on session e33b173dd8bb0a0001e91ee0827f7119 to remote] DEBUG org.asynchttpclient.netty.request.NettyRequestSender - Using open Channel [id: 0x3ac390b2, L:/127.0.0.1:61387 - R:localhost/127.0.0.1:54476] for POST '/session/e33b173dd8bb0a0001e91ee0827f7119/element'
11:13:20.448 [AsyncHttpClient-1-3] DEBUG org.asynchttpclient.netty.handler.HttpHandler - 

Request DefaultHttpRequest(decodeResult: success, version: HTTP/1.1)
POST /session/e33b173dd8bb0a0001e91ee0827f7119/element HTTP/1.1
User-Agent: selenium/4.1.2 (java windows)
Content-Length: 166
Content-Type: application/json; charset=utf-8
host: localhost:54476
accept: */*

Response DefaultHttpResponse(decodeResult: success, version: HTTP/1.1)
HTTP/1.1 200 OK
Content-Type: application/json; charset=utf-8
cache-control: no-cache
content-length: 88

11:13:20.448 [AsyncHttpClient-1-3] DEBUG org.asynchttpclient.netty.channel.ChannelManager - Adding key: http://localhost:54476 for channel [id: 0x3ac390b2, L:/127.0.0.1:61387 - R:localhost/127.0.0.1:54476]
11:13:20.450 [Forwarding clearElement on session e33b173dd8bb0a0001e91ee0827f7119 to remote] DEBUG org.asynchttpclient.netty.request.NettyRequestSender - Using pooled Channel '[id: 0x3ac390b2, L:/127.0.0.1:61387 - R:localhost/127.0.0.1:54476]' for 'POST' to 'http://localhost:54476/session/e33b173dd8bb0a0001e91ee0827f7119/element/f488a801-c380-4c0b-99c1-d65f95e27836/clear'
11:13:20.450 [Forwarding clearElement on session e33b173dd8bb0a0001e91ee0827f7119 to remote] DEBUG org.asynchttpclient.netty.request.NettyRequestSender - Using open Channel [id: 0x3ac390b2, L:/127.0.0.1:61387 - R:localhost/127.0.0.1:54476] for POST '/session/e33b173dd8bb0a0001e91ee0827f7119/element/f488a801-c380-4c0b-99c1-d65f95e27836/clear'
11:13:20.533 [AsyncHttpClient-1-3] DEBUG org.asynchttpclient.netty.handler.HttpHandler - 

Request DefaultHttpRequest(decodeResult: success, version: HTTP/1.1)
POST /session/e33b173dd8bb0a0001e91ee0827f7119/element/f488a801-c380-4c0b-99c1-d65f95e27836/clear HTTP/1.1
User-Agent: selenium/4.1.2 (java windows)
Content-Length: 50
Content-Type: application/json; charset=utf-8
host: localhost:54476
accept: */*

Response DefaultHttpResponse(decodeResult: success, version: HTTP/1.1)
HTTP/1.1 200 OK
Content-Type: application/json; charset=utf-8
cache-control: no-cache
content-length: 14

11:13:20.533 [AsyncHttpClient-1-3] DEBUG org.asynchttpclient.netty.channel.ChannelManager - Adding key: http://localhost:54476 for channel [id: 0x3ac390b2, L:/127.0.0.1:61387 - R:localhost/127.0.0.1:54476]
11:13:20.544 [Forwarding findElement on session e33b173dd8bb0a0001e91ee0827f7119 to remote] DEBUG org.asynchttpclient.netty.request.NettyRequestSender - Using pooled Channel '[id: 0x3ac390b2, L:/127.0.0.1:61387 - R:localhost/127.0.0.1:54476]' for 'POST' to 'http://localhost:54476/session/e33b173dd8bb0a0001e91ee0827f7119/element'
11:13:20.544 [Forwarding findElement on session e33b173dd8bb0a0001e91ee0827f7119 to remote] DEBUG org.asynchttpclient.netty.request.NettyRequestSender - Using open Channel [id: 0x3ac390b2, L:/127.0.0.1:61387 - R:localhost/127.0.0.1:54476] for POST '/session/e33b173dd8bb0a0001e91ee0827f7119/element'
11:13:20.575 [AsyncHttpClient-1-3] DEBUG org.asynchttpclient.netty.handler.HttpHandler - 

Request DefaultHttpRequest(decodeResult: success, version: HTTP/1.1)
POST /session/e33b173dd8bb0a0001e91ee0827f7119/element HTTP/1.1
User-Agent: selenium/4.1.2 (java windows)
Content-Length: 166
Content-Type: application/json; charset=utf-8
host: localhost:54476
accept: */*

Response DefaultHttpResponse(decodeResult: success, version: HTTP/1.1)
HTTP/1.1 200 OK
Content-Type: application/json; charset=utf-8
cache-control: no-cache
content-length: 88

11:13:20.575 [AsyncHttpClient-1-3] DEBUG org.asynchttpclient.netty.channel.ChannelManager - Adding key: http://localhost:54476 for channel [id: 0x3ac390b2, L:/127.0.0.1:61387 - R:localhost/127.0.0.1:54476]
11:13:20.577 [Forwarding clearElement on session e33b173dd8bb0a0001e91ee0827f7119 to remote] DEBUG org.asynchttpclient.netty.request.NettyRequestSender - Using pooled Channel '[id: 0x3ac390b2, L:/127.0.0.1:61387 - R:localhost/127.0.0.1:54476]' for 'POST' to 'http://localhost:54476/session/e33b173dd8bb0a0001e91ee0827f7119/element/303c55a2-1d3b-433a-82fc-dfb819519813/clear'
11:13:20.577 [Forwarding clearElement on session e33b173dd8bb0a0001e91ee0827f7119 to remote] DEBUG org.asynchttpclient.netty.request.NettyRequestSender - Using open Channel [id: 0x3ac390b2, L:/127.0.0.1:61387 - R:localhost/127.0.0.1:54476] for POST '/session/e33b173dd8bb0a0001e91ee0827f7119/element/303c55a2-1d3b-433a-82fc-dfb819519813/clear'
11:13:20.692 [AsyncHttpClient-1-3] DEBUG org.asynchttpclient.netty.handler.HttpHandler - 

Request DefaultHttpRequest(decodeResult: success, version: HTTP/1.1)
POST /session/e33b173dd8bb0a0001e91ee0827f7119/element/303c55a2-1d3b-433a-82fc-dfb819519813/clear HTTP/1.1
User-Agent: selenium/4.1.2 (java windows)
Content-Length: 50
Content-Type: application/json; charset=utf-8
host: localhost:54476
accept: */*

Response DefaultHttpResponse(decodeResult: success, version: HTTP/1.1)
HTTP/1.1 200 OK
Content-Type: application/json; charset=utf-8
cache-control: no-cache
content-length: 14

11:13:20.692 [AsyncHttpClient-1-3] DEBUG org.asynchttpclient.netty.channel.ChannelManager - Adding key: http://localhost:54476 for channel [id: 0x3ac390b2, L:/127.0.0.1:61387 - R:localhost/127.0.0.1:54476]
11:13:20.699 [Forwarding findElement on session e33b173dd8bb0a0001e91ee0827f7119 to remote] DEBUG org.asynchttpclient.netty.request.NettyRequestSender - Using pooled Channel '[id: 0x3ac390b2, L:/127.0.0.1:61387 - R:localhost/127.0.0.1:54476]' for 'POST' to 'http://localhost:54476/session/e33b173dd8bb0a0001e91ee0827f7119/element'
11:13:20.699 [Forwarding findElement on session e33b173dd8bb0a0001e91ee0827f7119 to remote] DEBUG org.asynchttpclient.netty.request.NettyRequestSender - Using open Channel [id: 0x3ac390b2, L:/127.0.0.1:61387 - R:localhost/127.0.0.1:54476] for POST '/session/e33b173dd8bb0a0001e91ee0827f7119/element'
11:13:20.728 [AsyncHttpClient-1-3] DEBUG org.asynchttpclient.netty.handler.HttpHandler - 

Request DefaultHttpRequest(decodeResult: success, version: HTTP/1.1)
POST /session/e33b173dd8bb0a0001e91ee0827f7119/element HTTP/1.1
User-Agent: selenium/4.1.2 (java windows)
Content-Length: 173
Content-Type: application/json; charset=utf-8
host: localhost:54476
accept: */*

Response DefaultHttpResponse(decodeResult: success, version: HTTP/1.1)
HTTP/1.1 200 OK
Content-Type: application/json; charset=utf-8
cache-control: no-cache
content-length: 88

11:13:20.728 [AsyncHttpClient-1-3] DEBUG org.asynchttpclient.netty.channel.ChannelManager - Adding key: http://localhost:54476 for channel [id: 0x3ac390b2, L:/127.0.0.1:61387 - R:localhost/127.0.0.1:54476]
11:13:20.730 [Forwarding clearElement on session e33b173dd8bb0a0001e91ee0827f7119 to remote] DEBUG org.asynchttpclient.netty.request.NettyRequestSender - Using pooled Channel '[id: 0x3ac390b2, L:/127.0.0.1:61387 - R:localhost/127.0.0.1:54476]' for 'POST' to 'http://localhost:54476/session/e33b173dd8bb0a0001e91ee0827f7119/element/7c28a165-d79f-416d-bd77-4e1c021977e6/clear'
11:13:20.730 [Forwarding clearElement on session e33b173dd8bb0a0001e91ee0827f7119 to remote] DEBUG org.asynchttpclient.netty.request.NettyRequestSender - Using open Channel [id: 0x3ac390b2, L:/127.0.0.1:61387 - R:localhost/127.0.0.1:54476] for POST '/session/e33b173dd8bb0a0001e91ee0827f7119/element/7c28a165-d79f-416d-bd77-4e1c021977e6/clear'
11:13:20.808 [AsyncHttpClient-1-3] DEBUG org.asynchttpclient.netty.handler.HttpHandler - 

Request DefaultHttpRequest(decodeResult: success, version: HTTP/1.1)
POST /session/e33b173dd8bb0a0001e91ee0827f7119/element/7c28a165-d79f-416d-bd77-4e1c021977e6/clear HTTP/1.1
User-Agent: selenium/4.1.2 (java windows)
Content-Length: 50
Content-Type: application/json; charset=utf-8
host: localhost:54476
accept: */*

Response DefaultHttpResponse(decodeResult: success, version: HTTP/1.1)
HTTP/1.1 200 OK
Content-Type: application/json; charset=utf-8
cache-control: no-cache
content-length: 14

11:13:20.809 [AsyncHttpClient-1-3] DEBUG org.asynchttpclient.netty.channel.ChannelManager - Adding key: http://localhost:54476 for channel [id: 0x3ac390b2, L:/127.0.0.1:61387 - R:localhost/127.0.0.1:54476]
11:13:20.823 [Forwarding screenshot on session e33b173dd8bb0a0001e91ee0827f7119 to remote] DEBUG org.asynchttpclient.netty.request.NettyRequestSender - Using pooled Channel '[id: 0x3ac390b2, L:/127.0.0.1:61387 - R:localhost/127.0.0.1:54476]' for 'GET' to 'http://localhost:54476/session/e33b173dd8bb0a0001e91ee0827f7119/screenshot'
11:13:20.824 [Forwarding screenshot on session e33b173dd8bb0a0001e91ee0827f7119 to remote] DEBUG org.asynchttpclient.netty.request.NettyRequestSender - Using open Channel [id: 0x3ac390b2, L:/127.0.0.1:61387 - R:localhost/127.0.0.1:54476] for GET '/session/e33b173dd8bb0a0001e91ee0827f7119/screenshot'
11:13:21.214 [AsyncHttpClient-1-3] DEBUG org.asynchttpclient.netty.handler.HttpHandler - 

Request DefaultFullHttpRequest(decodeResult: success, version: HTTP/1.1, content: EmptyByteBufBE)
GET /session/e33b173dd8bb0a0001e91ee0827f7119/screenshot HTTP/1.1
User-Agent: selenium/4.1.2 (java windows)
Cache-Control: no-cache
Content-Type: application/json; charset=utf-8
host: localhost:54476
accept: */*

Response DefaultHttpResponse(decodeResult: success, version: HTTP/1.1)
HTTP/1.1 200 OK
Content-Type: application/json; charset=utf-8
cache-control: no-cache
content-length: 395000

11:13:21.216 [AsyncHttpClient-1-3] DEBUG org.asynchttpclient.netty.channel.ChannelManager - Adding key: http://localhost:54476 for channel [id: 0x3ac390b2, L:/127.0.0.1:61387 - R:localhost/127.0.0.1:54476]
11:13:21.223 [AsyncHttpClient-1-1] DEBUG org.asynchttpclient.netty.channel.DefaultChannelPool - Entry count for : http://localhost:54476 : 1
11:13:21.224 [AsyncHttpClient-1-1] DEBUG org.asynchttpclient.netty.channel.DefaultChannelPool - Entry count for : http://localhost:61389 : 1
11:13:21.257 [main] DEBUG net.serenitybdd.core.photography.Darkroom - Send negative for processing for target\site\serenity\fae27c5654b7b9687edf1031ede37a2e2b80b89e17d32a252868be3b9e18e388.png
11:13:21.261 [main] DEBUG net.thucydides.core.steps.StepInterceptor - STEP DONE: cleanDataPasien
  &amp#27;[32mAnd &amp#27;[0m&amp#27;[32mClean all data pasien&amp#27;[0m                                           &amp#27;[90m# starter.stepdefinitios.PatientDataSteps.cleanAllDataPasien()&amp#27;[0m
11:13:21.845 [Forwarding screenshot on session e33b173dd8bb0a0001e91ee0827f7119 to remote] DEBUG org.asynchttpclient.netty.request.NettyRequestSender - Using pooled Channel '[id: 0x3ac390b2, L:/127.0.0.1:61387 - R:localhost/127.0.0.1:54476]' for 'GET' to 'http://localhost:54476/session/e33b173dd8bb0a0001e91ee0827f7119/screenshot'
11:13:21.845 [Forwarding screenshot on session e33b173dd8bb0a0001e91ee0827f7119 to remote] DEBUG org.asynchttpclient.netty.request.NettyRequestSender - Using open Channel [id: 0x3ac390b2, L:/127.0.0.1:61387 - R:localhost/127.0.0.1:54476] for GET '/session/e33b173dd8bb0a0001e91ee0827f7119/screenshot'
11:13:22.297 [AsyncHttpClient-1-3] DEBUG org.asynchttpclient.netty.handler.HttpHandler - 

Request DefaultFullHttpRequest(decodeResult: success, version: HTTP/1.1, content: EmptyByteBufBE)
GET /session/e33b173dd8bb0a0001e91ee0827f7119/screenshot HTTP/1.1
User-Agent: selenium/4.1.2 (java windows)
Cache-Control: no-cache
Content-Type: application/json; charset=utf-8
host: localhost:54476
accept: */*

Response DefaultHttpResponse(decodeResult: success, version: HTTP/1.1)
HTTP/1.1 200 OK
Content-Type: application/json; charset=utf-8
cache-control: no-cache
content-length: 395000

11:13:22.298 [AsyncHttpClient-1-3] DEBUG org.asynchttpclient.netty.channel.ChannelManager - Adding key: http://localhost:54476 for channel [id: 0x3ac390b2, L:/127.0.0.1:61387 - R:localhost/127.0.0.1:54476]
11:13:22.314 [AsyncHttpClient-1-1] DEBUG org.asynchttpclient.netty.channel.DefaultChannelPool - Entry count for : http://localhost:54476 : 1
11:13:22.314 [AsyncHttpClient-1-1] DEBUG org.asynchttpclient.netty.channel.DefaultChannelPool - Entry count for : http://localhost:61389 : 1
11:13:22.330 [main] DEBUG net.serenitybdd.core.photography.Darkroom - Send negative for processing for target\site\serenity\fae27c5654b7b9687edf1031ede37a2e2b80b89e17d32a252868be3b9e18e388.png
11:13:22.331 [main] DEBUG net.thucydides.core.steps.StepInterceptor - STARTING STEP: PatientDataSteps.iInput - inputDataPasien
11:13:22.335 [Forwarding findElement on session e33b173dd8bb0a0001e91ee0827f7119 to remote] DEBUG org.asynchttpclient.netty.request.NettyRequestSender - Using pooled Channel '[id: 0x3ac390b2, L:/127.0.0.1:61387 - R:localhost/127.0.0.1:54476]' for 'POST' to 'http://localhost:54476/session/e33b173dd8bb0a0001e91ee0827f7119/element'
11:13:22.335 [Forwarding findElement on session e33b173dd8bb0a0001e91ee0827f7119 to remote] DEBUG org.asynchttpclient.netty.request.NettyRequestSender - Using open Channel [id: 0x3ac390b2, L:/127.0.0.1:61387 - R:localhost/127.0.0.1:54476] for POST '/session/e33b173dd8bb0a0001e91ee0827f7119/element'
11:13:22.365 [AsyncHttpClient-1-3] DEBUG org.asynchttpclient.netty.handler.HttpHandler - 

Request DefaultHttpRequest(decodeResult: success, version: HTTP/1.1)
POST /session/e33b173dd8bb0a0001e91ee0827f7119/element HTTP/1.1
User-Agent: selenium/4.1.2 (java windows)
Content-Length: 166
Content-Type: application/json; charset=utf-8
host: localhost:54476
accept: */*

Response DefaultHttpResponse(decodeResult: success, version: HTTP/1.1)
HTTP/1.1 200 OK
Content-Type: application/json; charset=utf-8
cache-control: no-cache
content-length: 88

11:13:22.366 [AsyncHttpClient-1-3] DEBUG org.asynchttpclient.netty.channel.ChannelManager - Adding key: http://localhost:54476 for channel [id: 0x3ac390b2, L:/127.0.0.1:61387 - R:localhost/127.0.0.1:54476]
11:13:22.368 [Forwarding sendKeysToElement on session e33b173dd8bb0a0001e91ee0827f7119 to remote] DEBUG org.asynchttpclient.netty.request.NettyRequestSender - Using pooled Channel '[id: 0x3ac390b2, L:/127.0.0.1:61387 - R:localhost/127.0.0.1:54476]' for 'POST' to 'http://localhost:54476/session/e33b173dd8bb0a0001e91ee0827f7119/element/1b61e1f8-a672-4ff6-bb9c-ad0427269eda/value'
11:13:22.368 [Forwarding sendKeysToElement on session e33b173dd8bb0a0001e91ee0827f7119 to remote] DEBUG org.asynchttpclient.netty.request.NettyRequestSender - Using open Channel [id: 0x3ac390b2, L:/127.0.0.1:61387 - R:localhost/127.0.0.1:54476] for POST '/session/e33b173dd8bb0a0001e91ee0827f7119/element/1b61e1f8-a672-4ff6-bb9c-ad0427269eda/value'
11:13:22.563 [AsyncHttpClient-1-3] DEBUG org.asynchttpclient.netty.handler.HttpHandler - 

Request DefaultHttpRequest(decodeResult: success, version: HTTP/1.1)
POST /session/e33b173dd8bb0a0001e91ee0827f7119/element/1b61e1f8-a672-4ff6-bb9c-ad0427269eda/value HTTP/1.1
User-Agent: selenium/4.1.2 (java windows)
Content-Length: 82
Content-Type: application/json; charset=utf-8
host: localhost:54476
accept: */*

Response DefaultHttpResponse(decodeResult: success, version: HTTP/1.1)
HTTP/1.1 200 OK
Content-Type: application/json; charset=utf-8
cache-control: no-cache
content-length: 14

11:13:22.563 [AsyncHttpClient-1-3] DEBUG org.asynchttpclient.netty.channel.ChannelManager - Adding key: http://localhost:54476 for channel [id: 0x3ac390b2, L:/127.0.0.1:61387 - R:localhost/127.0.0.1:54476]
11:13:22.568 [Forwarding findElement on session e33b173dd8bb0a0001e91ee0827f7119 to remote] DEBUG org.asynchttpclient.netty.request.NettyRequestSender - Using pooled Channel '[id: 0x3ac390b2, L:/127.0.0.1:61387 - R:localhost/127.0.0.1:54476]' for 'POST' to 'http://localhost:54476/session/e33b173dd8bb0a0001e91ee0827f7119/element'
11:13:22.568 [Forwarding findElement on session e33b173dd8bb0a0001e91ee0827f7119 to remote] DEBUG org.asynchttpclient.netty.request.NettyRequestSender - Using open Channel [id: 0x3ac390b2, L:/127.0.0.1:61387 - R:localhost/127.0.0.1:54476] for POST '/session/e33b173dd8bb0a0001e91ee0827f7119/element'
11:13:22.606 [AsyncHttpClient-1-3] DEBUG org.asynchttpclient.netty.handler.HttpHandler - 

Request DefaultHttpRequest(decodeResult: success, version: HTTP/1.1)
POST /session/e33b173dd8bb0a0001e91ee0827f7119/element HTTP/1.1
User-Agent: selenium/4.1.2 (java windows)
Content-Length: 166
Content-Type: application/json; charset=utf-8
host: localhost:54476
accept: */*

Response DefaultHttpResponse(decodeResult: success, version: HTTP/1.1)
HTTP/1.1 200 OK
Content-Type: application/json; charset=utf-8
cache-control: no-cache
content-length: 88

11:13:22.606 [AsyncHttpClient-1-3] DEBUG org.asynchttpclient.netty.channel.ChannelManager - Adding key: http://localhost:54476 for channel [id: 0x3ac390b2, L:/127.0.0.1:61387 - R:localhost/127.0.0.1:54476]
11:13:22.609 [Forwarding sendKeysToElement on session e33b173dd8bb0a0001e91ee0827f7119 to remote] DEBUG org.asynchttpclient.netty.request.NettyRequestSender - Using pooled Channel '[id: 0x3ac390b2, L:/127.0.0.1:61387 - R:localhost/127.0.0.1:54476]' for 'POST' to 'http://localhost:54476/session/e33b173dd8bb0a0001e91ee0827f7119/element/f488a801-c380-4c0b-99c1-d65f95e27836/value'
11:13:22.609 [Forwarding sendKeysToElement on session e33b173dd8bb0a0001e91ee0827f7119 to remote] DEBUG org.asynchttpclient.netty.request.NettyRequestSender - Using open Channel [id: 0x3ac390b2, L:/127.0.0.1:61387 - R:localhost/127.0.0.1:54476] for POST '/session/e33b173dd8bb0a0001e91ee0827f7119/element/f488a801-c380-4c0b-99c1-d65f95e27836/value'
11:13:23.424 [AsyncHttpClient-1-1] DEBUG org.asynchttpclient.netty.channel.DefaultChannelPool - Entry count for : http://localhost:61389 : 1
11:13:23.513 [AsyncHttpClient-1-3] DEBUG org.asynchttpclient.netty.handler.HttpHandler - 

Request DefaultHttpRequest(decodeResult: success, version: HTTP/1.1)
POST /session/e33b173dd8bb0a0001e91ee0827f7119/element/f488a801-c380-4c0b-99c1-d65f95e27836/value HTTP/1.1
User-Agent: selenium/4.1.2 (java windows)
Content-Length: 181
Content-Type: application/json; charset=utf-8
host: localhost:54476
accept: */*

Response DefaultHttpResponse(decodeResult: success, version: HTTP/1.1)
HTTP/1.1 200 OK
Content-Type: application/json; charset=utf-8
cache-control: no-cache
content-length: 14

11:13:23.514 [AsyncHttpClient-1-3] DEBUG org.asynchttpclient.netty.channel.ChannelManager - Adding key: http://localhost:54476 for channel [id: 0x3ac390b2, L:/127.0.0.1:61387 - R:localhost/127.0.0.1:54476]
11:13:23.521 [Forwarding findElement on session e33b173dd8bb0a0001e91ee0827f7119 to remote] DEBUG org.asynchttpclient.netty.request.NettyRequestSender - Using pooled Channel '[id: 0x3ac390b2, L:/127.0.0.1:61387 - R:localhost/127.0.0.1:54476]' for 'POST' to 'http://localhost:54476/session/e33b173dd8bb0a0001e91ee0827f7119/element'
11:13:23.521 [Forwarding findElement on session e33b173dd8bb0a0001e91ee0827f7119 to remote] DEBUG org.asynchttpclient.netty.request.NettyRequestSender - Using open Channel [id: 0x3ac390b2, L:/127.0.0.1:61387 - R:localhost/127.0.0.1:54476] for POST '/session/e33b173dd8bb0a0001e91ee0827f7119/element'
11:13:23.696 [AsyncHttpClient-1-3] DEBUG org.asynchttpclient.netty.handler.HttpHandler - 

Request DefaultHttpRequest(decodeResult: success, version: HTTP/1.1)
POST /session/e33b173dd8bb0a0001e91ee0827f7119/element HTTP/1.1
User-Agent: selenium/4.1.2 (java windows)
Content-Length: 166
Content-Type: application/json; charset=utf-8
host: localhost:54476
accept: */*

Response DefaultHttpResponse(decodeResult: success, version: HTTP/1.1)
HTTP/1.1 200 OK
Content-Type: application/json; charset=utf-8
cache-control: no-cache
content-length: 88

11:13:23.696 [AsyncHttpClient-1-3] DEBUG org.asynchttpclient.netty.channel.ChannelManager - Adding key: http://localhost:54476 for channel [id: 0x3ac390b2, L:/127.0.0.1:61387 - R:localhost/127.0.0.1:54476]
11:13:23.699 [Forwarding sendKeysToElement on session e33b173dd8bb0a0001e91ee0827f7119 to remote] DEBUG org.asynchttpclient.netty.request.NettyRequestSender - Using pooled Channel '[id: 0x3ac390b2, L:/127.0.0.1:61387 - R:localhost/127.0.0.1:54476]' for 'POST' to 'http://localhost:54476/session/e33b173dd8bb0a0001e91ee0827f7119/element/303c55a2-1d3b-433a-82fc-dfb819519813/value'
11:13:23.699 [Forwarding sendKeysToElement on session e33b173dd8bb0a0001e91ee0827f7119 to remote] DEBUG org.asynchttpclient.netty.request.NettyRequestSender - Using open Channel [id: 0x3ac390b2, L:/127.0.0.1:61387 - R:localhost/127.0.0.1:54476] for POST '/session/e33b173dd8bb0a0001e91ee0827f7119/element/303c55a2-1d3b-433a-82fc-dfb819519813/value'
11:13:24.146 [AsyncHttpClient-1-3] DEBUG org.asynchttpclient.netty.handler.HttpHandler - 

Request DefaultHttpRequest(decodeResult: success, version: HTTP/1.1)
POST /session/e33b173dd8bb0a0001e91ee0827f7119/element/303c55a2-1d3b-433a-82fc-dfb819519813/value HTTP/1.1
User-Agent: selenium/4.1.2 (java windows)
Content-Length: 101
Content-Type: application/json; charset=utf-8
host: localhost:54476
accept: */*

Response DefaultHttpResponse(decodeResult: success, version: HTTP/1.1)
HTTP/1.1 200 OK
Content-Type: application/json; charset=utf-8
cache-control: no-cache
content-length: 14

11:13:24.146 [AsyncHttpClient-1-3] DEBUG org.asynchttpclient.netty.channel.ChannelManager - Adding key: http://localhost:54476 for channel [id: 0x3ac390b2, L:/127.0.0.1:61387 - R:localhost/127.0.0.1:54476]
11:13:24.150 [Forwarding findElement on session e33b173dd8bb0a0001e91ee0827f7119 to remote] DEBUG org.asynchttpclient.netty.request.NettyRequestSender - Using pooled Channel '[id: 0x3ac390b2, L:/127.0.0.1:61387 - R:localhost/127.0.0.1:54476]' for 'POST' to 'http://localhost:54476/session/e33b173dd8bb0a0001e91ee0827f7119/element'
11:13:24.150 [Forwarding findElement on session e33b173dd8bb0a0001e91ee0827f7119 to remote] DEBUG org.asynchttpclient.netty.request.NettyRequestSender - Using open Channel [id: 0x3ac390b2, L:/127.0.0.1:61387 - R:localhost/127.0.0.1:54476] for POST '/session/e33b173dd8bb0a0001e91ee0827f7119/element'
11:13:24.181 [AsyncHttpClient-1-3] DEBUG org.asynchttpclient.netty.handler.HttpHandler - 

Request DefaultHttpRequest(decodeResult: success, version: HTTP/1.1)
POST /session/e33b173dd8bb0a0001e91ee0827f7119/element HTTP/1.1
User-Agent: selenium/4.1.2 (java windows)
Content-Length: 166
Content-Type: application/json; charset=utf-8
host: localhost:54476
accept: */*

Response DefaultHttpResponse(decodeResult: success, version: HTTP/1.1)
HTTP/1.1 200 OK
Content-Type: application/json; charset=utf-8
cache-control: no-cache
content-length: 88

11:13:24.181 [AsyncHttpClient-1-3] DEBUG org.asynchttpclient.netty.channel.ChannelManager - Adding key: http://localhost:54476 for channel [id: 0x3ac390b2, L:/127.0.0.1:61387 - R:localhost/127.0.0.1:54476]
11:13:24.184 [Forwarding sendKeysToElement on session e33b173dd8bb0a0001e91ee0827f7119 to remote] DEBUG org.asynchttpclient.netty.request.NettyRequestSender - Using pooled Channel '[id: 0x3ac390b2, L:/127.0.0.1:61387 - R:localhost/127.0.0.1:54476]' for 'POST' to 'http://localhost:54476/session/e33b173dd8bb0a0001e91ee0827f7119/element/fb599427-a182-494d-bb8d-b893f6ea1d1e/value'
11:13:24.184 [Forwarding sendKeysToElement on session e33b173dd8bb0a0001e91ee0827f7119 to remote] DEBUG org.asynchttpclient.netty.request.NettyRequestSender - Using open Channel [id: 0x3ac390b2, L:/127.0.0.1:61387 - R:localhost/127.0.0.1:54476] for POST '/session/e33b173dd8bb0a0001e91ee0827f7119/element/fb599427-a182-494d-bb8d-b893f6ea1d1e/value'
11:13:24.512 [AsyncHttpClient-1-1] DEBUG org.asynchttpclient.netty.channel.DefaultChannelPool - Entry count for : http://localhost:61389 : 1
11:13:24.827 [AsyncHttpClient-1-3] DEBUG org.asynchttpclient.netty.handler.HttpHandler - 

Request DefaultHttpRequest(decodeResult: success, version: HTTP/1.1)
POST /session/e33b173dd8bb0a0001e91ee0827f7119/element/fb599427-a182-494d-bb8d-b893f6ea1d1e/value HTTP/1.1
User-Agent: selenium/4.1.2 (java windows)
Content-Length: 191
Content-Type: application/json; charset=utf-8
host: localhost:54476
accept: */*

Response DefaultHttpResponse(decodeResult: success, version: HTTP/1.1)
HTTP/1.1 200 OK
Content-Type: application/json; charset=utf-8
cache-control: no-cache
content-length: 14

11:13:24.827 [AsyncHttpClient-1-3] DEBUG org.asynchttpclient.netty.channel.ChannelManager - Adding key: http://localhost:54476 for channel [id: 0x3ac390b2, L:/127.0.0.1:61387 - R:localhost/127.0.0.1:54476]
11:13:24.832 [Forwarding findElement on session e33b173dd8bb0a0001e91ee0827f7119 to remote] DEBUG org.asynchttpclient.netty.request.NettyRequestSender - Using pooled Channel '[id: 0x3ac390b2, L:/127.0.0.1:61387 - R:localhost/127.0.0.1:54476]' for 'POST' to 'http://localhost:54476/session/e33b173dd8bb0a0001e91ee0827f7119/element'
11:13:24.832 [Forwarding findElement on session e33b173dd8bb0a0001e91ee0827f7119 to remote] DEBUG org.asynchttpclient.netty.request.NettyRequestSender - Using open Channel [id: 0x3ac390b2, L:/127.0.0.1:61387 - R:localhost/127.0.0.1:54476] for POST '/session/e33b173dd8bb0a0001e91ee0827f7119/element'
11:13:24.878 [AsyncHttpClient-1-3] DEBUG org.asynchttpclient.netty.handler.HttpHandler - 

Request DefaultHttpRequest(decodeResult: success, version: HTTP/1.1)
POST /session/e33b173dd8bb0a0001e91ee0827f7119/element HTTP/1.1
User-Agent: selenium/4.1.2 (java windows)
Content-Length: 173
Content-Type: application/json; charset=utf-8
host: localhost:54476
accept: */*

Response DefaultHttpResponse(decodeResult: success, version: HTTP/1.1)
HTTP/1.1 200 OK
Content-Type: application/json; charset=utf-8
cache-control: no-cache
content-length: 88

11:13:24.878 [AsyncHttpClient-1-3] DEBUG org.asynchttpclient.netty.channel.ChannelManager - Adding key: http://localhost:54476 for channel [id: 0x3ac390b2, L:/127.0.0.1:61387 - R:localhost/127.0.0.1:54476]
11:13:24.880 [Forwarding sendKeysToElement on session e33b173dd8bb0a0001e91ee0827f7119 to remote] DEBUG org.asynchttpclient.netty.request.NettyRequestSender - Using pooled Channel '[id: 0x3ac390b2, L:/127.0.0.1:61387 - R:localhost/127.0.0.1:54476]' for 'POST' to 'http://localhost:54476/session/e33b173dd8bb0a0001e91ee0827f7119/element/7c28a165-d79f-416d-bd77-4e1c021977e6/value'
11:13:24.880 [Forwarding sendKeysToElement on session e33b173dd8bb0a0001e91ee0827f7119 to remote] DEBUG org.asynchttpclient.netty.request.NettyRequestSender - Using open Channel [id: 0x3ac390b2, L:/127.0.0.1:61387 - R:localhost/127.0.0.1:54476] for POST '/session/e33b173dd8bb0a0001e91ee0827f7119/element/7c28a165-d79f-416d-bd77-4e1c021977e6/value'
11:13:25.499 [AsyncHttpClient-1-3] DEBUG org.asynchttpclient.netty.handler.HttpHandler - 

Request DefaultHttpRequest(decodeResult: success, version: HTTP/1.1)
POST /session/e33b173dd8bb0a0001e91ee0827f7119/element/7c28a165-d79f-416d-bd77-4e1c021977e6/value HTTP/1.1
User-Agent: selenium/4.1.2 (java windows)
Content-Length: 171
Content-Type: application/json; charset=utf-8
host: localhost:54476
accept: */*

Response DefaultHttpResponse(decodeResult: success, version: HTTP/1.1)
HTTP/1.1 200 OK
Content-Type: application/json; charset=utf-8
cache-control: no-cache
content-length: 14

11:13:25.499 [AsyncHttpClient-1-3] DEBUG org.asynchttpclient.netty.channel.ChannelManager - Adding key: http://localhost:54476 for channel [id: 0x3ac390b2, L:/127.0.0.1:61387 - R:localhost/127.0.0.1:54476]
11:13:25.514 [Forwarding screenshot on session e33b173dd8bb0a0001e91ee0827f7119 to remote] DEBUG org.asynchttpclient.netty.request.NettyRequestSender - Using pooled Channel '[id: 0x3ac390b2, L:/127.0.0.1:61387 - R:localhost/127.0.0.1:54476]' for 'GET' to 'http://localhost:54476/session/e33b173dd8bb0a0001e91ee0827f7119/screenshot'
11:13:25.514 [Forwarding screenshot on session e33b173dd8bb0a0001e91ee0827f7119 to remote] DEBUG org.asynchttpclient.netty.request.NettyRequestSender - Using open Channel [id: 0x3ac390b2, L:/127.0.0.1:61387 - R:localhost/127.0.0.1:54476] for GET '/session/e33b173dd8bb0a0001e91ee0827f7119/screenshot'
11:13:25.615 [AsyncHttpClient-1-1] DEBUG org.asynchttpclient.netty.channel.DefaultChannelPool - Entry count for : http://localhost:61389 : 1
11:13:25.929 [AsyncHttpClient-1-3] DEBUG org.asynchttpclient.netty.handler.HttpHandler - 

Request DefaultFullHttpRequest(decodeResult: success, version: HTTP/1.1, content: EmptyByteBufBE)
GET /session/e33b173dd8bb0a0001e91ee0827f7119/screenshot HTTP/1.1
User-Agent: selenium/4.1.2 (java windows)
Cache-Control: no-cache
Content-Type: application/json; charset=utf-8
host: localhost:54476
accept: */*

Response DefaultHttpResponse(decodeResult: success, version: HTTP/1.1)
HTTP/1.1 200 OK
Content-Type: application/json; charset=utf-8
cache-control: no-cache
content-length: 414072

11:13:25.930 [AsyncHttpClient-1-3] DEBUG org.asynchttpclient.netty.channel.ChannelManager - Adding key: http://localhost:54476 for channel [id: 0x3ac390b2, L:/127.0.0.1:61387 - R:localhost/127.0.0.1:54476]
11:13:25.962 [main] DEBUG net.serenitybdd.core.photography.Darkroom - Send negative for processing for target\site\serenity\b99f9ca7b2a57e6563637c2d3bc0ac324e896c68cc12b577b78c7709b78089e2.png
11:13:25.962 [main] DEBUG net.thucydides.core.steps.StepInterceptor - STEP DONE: inputDataPasien
  &amp#27;[32mThen &amp#27;[0m&amp#27;[32mI input &amp#27;[0m&amp#27;[32m&amp#27;[1m""&amp#27;[0m&amp#27;[32m &amp#27;[0m&amp#27;[32m&amp#27;[1m"1234479680"&amp#27;[0m&amp#27;[32m &amp#27;[0m&amp#27;[32m&amp#27;[1m"20"&amp#27;[0m&amp#27;[32m &amp#27;[0m&amp#27;[32m&amp#27;[1m"01294657612"&amp#27;[0m&amp#27;[32m &amp#27;[0m&amp#27;[32m&amp#27;[1m"perumahan"&amp#27;[0m&amp#27;[32m patient&amp#27;[0m &amp#27;[90m# starter.stepdefinitios.PatientDataSteps.iInput(java.lang.String,java.lang.String,java.lang.String,java.lang.String,java.lang.String)&amp#27;[0m
11:13:25.963 [Darkroom Processing Line] DEBUG net.serenitybdd.core.photography.DarkroomProcessingLine - Processing screenshot image in /var/screenshots/screenshot-16994532965984683290
11:13:25.963 [Darkroom Processing Line] DEBUG net.serenitybdd.core.photography.DarkroomProcessingLine - Saving screenshot to target\site\serenity\b99f9ca7b2a57e6563637c2d3bc0ac324e896c68cc12b577b78c7709b78089e2.png
11:13:26.027 [Forwarding screenshot on session e33b173dd8bb0a0001e91ee0827f7119 to remote] DEBUG org.asynchttpclient.netty.request.NettyRequestSender - Using pooled Channel '[id: 0x3ac390b2, L:/127.0.0.1:61387 - R:localhost/127.0.0.1:54476]' for 'GET' to 'http://localhost:54476/session/e33b173dd8bb0a0001e91ee0827f7119/screenshot'
11:13:26.027 [Forwarding screenshot on session e33b173dd8bb0a0001e91ee0827f7119 to remote] DEBUG org.asynchttpclient.netty.request.NettyRequestSender - Using open Channel [id: 0x3ac390b2, L:/127.0.0.1:61387 - R:localhost/127.0.0.1:54476] for GET '/session/e33b173dd8bb0a0001e91ee0827f7119/screenshot'
11:13:26.469 [AsyncHttpClient-1-3] DEBUG org.asynchttpclient.netty.handler.HttpHandler - 

Request DefaultFullHttpRequest(decodeResult: success, version: HTTP/1.1, content: EmptyByteBufBE)
GET /session/e33b173dd8bb0a0001e91ee0827f7119/screenshot HTTP/1.1
User-Agent: selenium/4.1.2 (java windows)
Cache-Control: no-cache
Content-Type: application/json; charset=utf-8
host: localhost:54476
accept: */*

Response DefaultHttpResponse(decodeResult: success, version: HTTP/1.1)
HTTP/1.1 200 OK
Content-Type: application/json; charset=utf-8
cache-control: no-cache
content-length: 414044

11:13:26.471 [AsyncHttpClient-1-3] DEBUG org.asynchttpclient.netty.channel.ChannelManager - Adding key: http://localhost:54476 for channel [id: 0x3ac390b2, L:/127.0.0.1:61387 - R:localhost/127.0.0.1:54476]
11:13:26.501 [main] DEBUG net.serenitybdd.core.photography.Darkroom - Send negative for processing for target\site\serenity\e5ee239076213aabf13cc1975f05b4b846d4992836518c83576b4706b5a9d63b.png
11:13:26.502 [main] DEBUG net.thucydides.core.steps.StepInterceptor - STARTING STEP: PatientDataSteps.iClickButtonJenisKelamin - clickLaki
11:13:26.503 [Darkroom Processing Line] DEBUG net.serenitybdd.core.photography.DarkroomProcessingLine - Processing screenshot image in /var/screenshots/screenshot-13393145965601770820
11:13:26.503 [Darkroom Processing Line] DEBUG net.serenitybdd.core.photography.DarkroomProcessingLine - Saving screenshot to target\site\serenity\e5ee239076213aabf13cc1975f05b4b846d4992836518c83576b4706b5a9d63b.png
11:13:26.515 [Forwarding findElement on session e33b173dd8bb0a0001e91ee0827f7119 to remote] DEBUG org.asynchttpclient.netty.request.NettyRequestSender - Using pooled Channel '[id: 0x3ac390b2, L:/127.0.0.1:61387 - R:localhost/127.0.0.1:54476]' for 'POST' to 'http://localhost:54476/session/e33b173dd8bb0a0001e91ee0827f7119/element'
11:13:26.515 [Forwarding findElement on session e33b173dd8bb0a0001e91ee0827f7119 to remote] DEBUG org.asynchttpclient.netty.request.NettyRequestSender - Using open Channel [id: 0x3ac390b2, L:/127.0.0.1:61387 - R:localhost/127.0.0.1:54476] for POST '/session/e33b173dd8bb0a0001e91ee0827f7119/element'
11:13:26.596 [AsyncHttpClient-1-3] DEBUG org.asynchttpclient.netty.handler.HttpHandler - 

Request DefaultHttpRequest(decodeResult: success, version: HTTP/1.1)
POST /session/e33b173dd8bb0a0001e91ee0827f7119/element HTTP/1.1
User-Agent: selenium/4.1.2 (java windows)
Content-Length: 179
Content-Type: application/json; charset=utf-8
host: localhost:54476
accept: */*

Response DefaultHttpResponse(decodeResult: success, version: HTTP/1.1)
HTTP/1.1 200 OK
Content-Type: application/json; charset=utf-8
cache-control: no-cache
content-length: 88

11:13:26.596 [AsyncHttpClient-1-3] DEBUG org.asynchttpclient.netty.channel.ChannelManager - Adding key: http://localhost:54476 for channel [id: 0x3ac390b2, L:/127.0.0.1:61387 - R:localhost/127.0.0.1:54476]
11:13:26.598 [Forwarding getElementTagName on session e33b173dd8bb0a0001e91ee0827f7119 to remote] DEBUG org.asynchttpclient.netty.request.NettyRequestSender - Using pooled Channel '[id: 0x3ac390b2, L:/127.0.0.1:61387 - R:localhost/127.0.0.1:54476]' for 'GET' to 'http://localhost:54476/session/e33b173dd8bb0a0001e91ee0827f7119/element/bd4f4bc2-4a27-4525-b415-61ed98ec787b/name'
11:13:26.598 [Forwarding getElementTagName on session e33b173dd8bb0a0001e91ee0827f7119 to remote] DEBUG org.asynchttpclient.netty.request.NettyRequestSender - Using open Channel [id: 0x3ac390b2, L:/127.0.0.1:61387 - R:localhost/127.0.0.1:54476] for GET '/session/e33b173dd8bb0a0001e91ee0827f7119/element/bd4f4bc2-4a27-4525-b415-61ed98ec787b/name'
11:13:26.614 [AsyncHttpClient-1-3] DEBUG org.asynchttpclient.netty.handler.HttpHandler - 

Request DefaultFullHttpRequest(decodeResult: success, version: HTTP/1.1, content: EmptyByteBufBE)
GET /session/e33b173dd8bb0a0001e91ee0827f7119/element/bd4f4bc2-4a27-4525-b415-61ed98ec787b/name HTTP/1.1
User-Agent: selenium/4.1.2 (java windows)
Cache-Control: no-cache
Content-Type: application/json; charset=utf-8
host: localhost:54476
accept: */*

Response DefaultHttpResponse(decodeResult: success, version: HTTP/1.1)
HTTP/1.1 200 OK
Content-Type: application/json; charset=utf-8
cache-control: no-cache
content-length: 16

11:13:26.614 [AsyncHttpClient-1-3] DEBUG org.asynchttpclient.netty.channel.ChannelManager - Adding key: http://localhost:54476 for channel [id: 0x3ac390b2, L:/127.0.0.1:61387 - R:localhost/127.0.0.1:54476]
11:13:26.616 [Forwarding getElementTagName on session e33b173dd8bb0a0001e91ee0827f7119 to remote] DEBUG org.asynchttpclient.netty.request.NettyRequestSender - Using pooled Channel '[id: 0x3ac390b2, L:/127.0.0.1:61387 - R:localhost/127.0.0.1:54476]' for 'GET' to 'http://localhost:54476/session/e33b173dd8bb0a0001e91ee0827f7119/element/bd4f4bc2-4a27-4525-b415-61ed98ec787b/name'
11:13:26.616 [Forwarding getElementTagName on session e33b173dd8bb0a0001e91ee0827f7119 to remote] DEBUG org.asynchttpclient.netty.request.NettyRequestSender - Using open Channel [id: 0x3ac390b2, L:/127.0.0.1:61387 - R:localhost/127.0.0.1:54476] for GET '/session/e33b173dd8bb0a0001e91ee0827f7119/element/bd4f4bc2-4a27-4525-b415-61ed98ec787b/name'
11:13:26.627 [AsyncHttpClient-1-3] DEBUG org.asynchttpclient.netty.handler.HttpHandler - 

Request DefaultFullHttpRequest(decodeResult: success, version: HTTP/1.1, content: EmptyByteBufBE)
GET /session/e33b173dd8bb0a0001e91ee0827f7119/element/bd4f4bc2-4a27-4525-b415-61ed98ec787b/name HTTP/1.1
User-Agent: selenium/4.1.2 (java windows)
Cache-Control: no-cache
Content-Type: application/json; charset=utf-8
host: localhost:54476
accept: */*

Response DefaultHttpResponse(decodeResult: success, version: HTTP/1.1)
HTTP/1.1 200 OK
Content-Type: application/json; charset=utf-8
cache-control: no-cache
content-length: 16

11:13:26.627 [AsyncHttpClient-1-3] DEBUG org.asynchttpclient.netty.channel.ChannelManager - Adding key: http://localhost:54476 for channel [id: 0x3ac390b2, L:/127.0.0.1:61387 - R:localhost/127.0.0.1:54476]
11:13:26.630 [Forwarding findElement on session e33b173dd8bb0a0001e91ee0827f7119 to remote] DEBUG org.asynchttpclient.netty.request.NettyRequestSender - Using pooled Channel '[id: 0x3ac390b2, L:/127.0.0.1:61387 - R:localhost/127.0.0.1:54476]' for 'POST' to 'http://localhost:54476/session/e33b173dd8bb0a0001e91ee0827f7119/element'
11:13:26.630 [Forwarding findElement on session e33b173dd8bb0a0001e91ee0827f7119 to remote] DEBUG org.asynchttpclient.netty.request.NettyRequestSender - Using open Channel [id: 0x3ac390b2, L:/127.0.0.1:61387 - R:localhost/127.0.0.1:54476] for POST '/session/e33b173dd8bb0a0001e91ee0827f7119/element'
11:13:26.681 [AsyncHttpClient-1-3] DEBUG org.asynchttpclient.netty.handler.HttpHandler - 

Request DefaultHttpRequest(decodeResult: success, version: HTTP/1.1)
POST /session/e33b173dd8bb0a0001e91ee0827f7119/element HTTP/1.1
User-Agent: selenium/4.1.2 (java windows)
Content-Length: 179
Content-Type: application/json; charset=utf-8
host: localhost:54476
accept: */*

Response DefaultHttpResponse(decodeResult: success, version: HTTP/1.1)
HTTP/1.1 200 OK
Content-Type: application/json; charset=utf-8
cache-control: no-cache
content-length: 88

11:13:26.681 [AsyncHttpClient-1-3] DEBUG org.asynchttpclient.netty.channel.ChannelManager - Adding key: http://localhost:54476 for channel [id: 0x3ac390b2, L:/127.0.0.1:61387 - R:localhost/127.0.0.1:54476]
11:13:26.683 [Forwarding clickElement on session e33b173dd8bb0a0001e91ee0827f7119 to remote] DEBUG org.asynchttpclient.netty.request.NettyRequestSender - Using pooled Channel '[id: 0x3ac390b2, L:/127.0.0.1:61387 - R:localhost/127.0.0.1:54476]' for 'POST' to 'http://localhost:54476/session/e33b173dd8bb0a0001e91ee0827f7119/element/bd4f4bc2-4a27-4525-b415-61ed98ec787b/click'
11:13:26.683 [Forwarding clickElement on session e33b173dd8bb0a0001e91ee0827f7119 to remote] DEBUG org.asynchttpclient.netty.request.NettyRequestSender - Using open Channel [id: 0x3ac390b2, L:/127.0.0.1:61387 - R:localhost/127.0.0.1:54476] for POST '/session/e33b173dd8bb0a0001e91ee0827f7119/element/bd4f4bc2-4a27-4525-b415-61ed98ec787b/click'
11:13:26.714 [AsyncHttpClient-1-1] DEBUG org.asynchttpclient.netty.channel.DefaultChannelPool - Entry count for : http://localhost:61389 : 1
11:13:26.815 [AsyncHttpClient-1-3] DEBUG org.asynchttpclient.netty.handler.HttpHandler - 

Request DefaultHttpRequest(decodeResult: success, version: HTTP/1.1)
POST /session/e33b173dd8bb0a0001e91ee0827f7119/element/bd4f4bc2-4a27-4525-b415-61ed98ec787b/click HTTP/1.1
User-Agent: selenium/4.1.2 (java windows)
Content-Length: 50
Content-Type: application/json; charset=utf-8
host: localhost:54476
accept: */*

Response DefaultHttpResponse(decodeResult: success, version: HTTP/1.1)
HTTP/1.1 200 OK
Content-Type: application/json; charset=utf-8
cache-control: no-cache
content-length: 14

11:13:26.815 [AsyncHttpClient-1-3] DEBUG org.asynchttpclient.netty.channel.ChannelManager - Adding key: http://localhost:54476 for channel [id: 0x3ac390b2, L:/127.0.0.1:61387 - R:localhost/127.0.0.1:54476]
11:13:26.835 [Forwarding screenshot on session e33b173dd8bb0a0001e91ee0827f7119 to remote] DEBUG org.asynchttpclient.netty.request.NettyRequestSender - Using pooled Channel '[id: 0x3ac390b2, L:/127.0.0.1:61387 - R:localhost/127.0.0.1:54476]' for 'GET' to 'http://localhost:54476/session/e33b173dd8bb0a0001e91ee0827f7119/screenshot'
11:13:26.835 [Forwarding screenshot on session e33b173dd8bb0a0001e91ee0827f7119 to remote] DEBUG org.asynchttpclient.netty.request.NettyRequestSender - Using open Channel [id: 0x3ac390b2, L:/127.0.0.1:61387 - R:localhost/127.0.0.1:54476] for GET '/session/e33b173dd8bb0a0001e91ee0827f7119/screenshot'
11:13:27.361 [AsyncHttpClient-1-3] DEBUG org.asynchttpclient.netty.handler.HttpHandler - 

Request DefaultFullHttpRequest(decodeResult: success, version: HTTP/1.1, content: EmptyByteBufBE)
GET /session/e33b173dd8bb0a0001e91ee0827f7119/screenshot HTTP/1.1
User-Agent: selenium/4.1.2 (java windows)
Cache-Control: no-cache
Content-Type: application/json; charset=utf-8
host: localhost:54476
accept: */*

Response DefaultHttpResponse(decodeResult: success, version: HTTP/1.1)
HTTP/1.1 200 OK
Content-Type: application/json; charset=utf-8
cache-control: no-cache
content-length: 414404

11:13:27.363 [AsyncHttpClient-1-3] DEBUG org.asynchttpclient.netty.channel.ChannelManager - Adding key: http://localhost:54476 for channel [id: 0x3ac390b2, L:/127.0.0.1:61387 - R:localhost/127.0.0.1:54476]
11:13:27.415 [main] DEBUG net.serenitybdd.core.photography.Darkroom - Send negative for processing for target\site\serenity\c889c1a8c4325dc0ff29691e01f84537ad0e824d5deccfaa1ef7cbf612073550.png
11:13:27.415 [main] DEBUG net.thucydides.core.steps.StepInterceptor - STEP DONE: clickLaki
  &amp#27;[32mAnd &amp#27;[0m&amp#27;[32mI click button jenis kelamin patient&amp#27;[0m                            &amp#27;[90m# starter.stepdefinitios.PatientDataSteps.iClickButtonJenisKelamin()&amp#27;[0m
11:13:27.416 [Darkroom Processing Line] DEBUG net.serenitybdd.core.photography.DarkroomProcessingLine - Processing screenshot image in /var/screenshots/screenshot-9461169683638054171
11:13:27.416 [Darkroom Processing Line] DEBUG net.serenitybdd.core.photography.DarkroomProcessingLine - Saving screenshot to target\site\serenity\c889c1a8c4325dc0ff29691e01f84537ad0e824d5deccfaa1ef7cbf612073550.png
11:13:27.465 [Forwarding screenshot on session e33b173dd8bb0a0001e91ee0827f7119 to remote] DEBUG org.asynchttpclient.netty.request.NettyRequestSender - Using pooled Channel '[id: 0x3ac390b2, L:/127.0.0.1:61387 - R:localhost/127.0.0.1:54476]' for 'GET' to 'http://localhost:54476/session/e33b173dd8bb0a0001e91ee0827f7119/screenshot'
11:13:27.465 [Forwarding screenshot on session e33b173dd8bb0a0001e91ee0827f7119 to remote] DEBUG org.asynchttpclient.netty.request.NettyRequestSender - Using open Channel [id: 0x3ac390b2, L:/127.0.0.1:61387 - R:localhost/127.0.0.1:54476] for GET '/session/e33b173dd8bb0a0001e91ee0827f7119/screenshot'
11:13:27.813 [AsyncHttpClient-1-1] DEBUG org.asynchttpclient.netty.channel.DefaultChannelPool - Entry count for : http://localhost:61389 : 1
11:13:27.865 [AsyncHttpClient-1-3] DEBUG org.asynchttpclient.netty.handler.HttpHandler - 

Request DefaultFullHttpRequest(decodeResult: success, version: HTTP/1.1, content: EmptyByteBufBE)
GET /session/e33b173dd8bb0a0001e91ee0827f7119/screenshot HTTP/1.1
User-Agent: selenium/4.1.2 (java windows)
Cache-Control: no-cache
Content-Type: application/json; charset=utf-8
host: localhost:54476
accept: */*

Response DefaultHttpResponse(decodeResult: success, version: HTTP/1.1)
HTTP/1.1 200 OK
Content-Type: application/json; charset=utf-8
cache-control: no-cache
content-length: 414404

11:13:27.867 [AsyncHttpClient-1-3] DEBUG org.asynchttpclient.netty.channel.ChannelManager - Adding key: http://localhost:54476 for channel [id: 0x3ac390b2, L:/127.0.0.1:61387 - R:localhost/127.0.0.1:54476]
11:13:27.897 [main] DEBUG net.serenitybdd.core.photography.Darkroom - Send negative for processing for target\site\serenity\c889c1a8c4325dc0ff29691e01f84537ad0e824d5deccfaa1ef7cbf612073550.png
11:13:27.940 [main] DEBUG net.thucydides.core.steps.StepInterceptor - STARTING STEP: PatientDataSteps.clickButtonSimpan - clickButtonSave
11:13:27.947 [Forwarding findElement on session e33b173dd8bb0a0001e91ee0827f7119 to remote] DEBUG org.asynchttpclient.netty.request.NettyRequestSender - Using pooled Channel '[id: 0x3ac390b2, L:/127.0.0.1:61387 - R:localhost/127.0.0.1:54476]' for 'POST' to 'http://localhost:54476/session/e33b173dd8bb0a0001e91ee0827f7119/element'
11:13:27.948 [Forwarding findElement on session e33b173dd8bb0a0001e91ee0827f7119 to remote] DEBUG org.asynchttpclient.netty.request.NettyRequestSender - Using open Channel [id: 0x3ac390b2, L:/127.0.0.1:61387 - R:localhost/127.0.0.1:54476] for POST '/session/e33b173dd8bb0a0001e91ee0827f7119/element'
11:13:27.977 [AsyncHttpClient-1-3] DEBUG org.asynchttpclient.netty.handler.HttpHandler - 

Request DefaultHttpRequest(decodeResult: success, version: HTTP/1.1)
POST /session/e33b173dd8bb0a0001e91ee0827f7119/element HTTP/1.1
User-Agent: selenium/4.1.2 (java windows)
Content-Length: 149
Content-Type: application/json; charset=utf-8
host: localhost:54476
accept: */*

Response DefaultHttpResponse(decodeResult: success, version: HTTP/1.1)
HTTP/1.1 200 OK
Content-Type: application/json; charset=utf-8
cache-control: no-cache
content-length: 88

11:13:27.977 [AsyncHttpClient-1-3] DEBUG org.asynchttpclient.netty.channel.ChannelManager - Adding key: http://localhost:54476 for channel [id: 0x3ac390b2, L:/127.0.0.1:61387 - R:localhost/127.0.0.1:54476]
11:13:27.979 [Forwarding getElementTagName on session e33b173dd8bb0a0001e91ee0827f7119 to remote] DEBUG org.asynchttpclient.netty.request.NettyRequestSender - Using pooled Channel '[id: 0x3ac390b2, L:/127.0.0.1:61387 - R:localhost/127.0.0.1:54476]' for 'GET' to 'http://localhost:54476/session/e33b173dd8bb0a0001e91ee0827f7119/element/67768020-f493-4a32-8282-ce6d88a3933f/name'
11:13:27.980 [Forwarding getElementTagName on session e33b173dd8bb0a0001e91ee0827f7119 to remote] DEBUG org.asynchttpclient.netty.request.NettyRequestSender - Using open Channel [id: 0x3ac390b2, L:/127.0.0.1:61387 - R:localhost/127.0.0.1:54476] for GET '/session/e33b173dd8bb0a0001e91ee0827f7119/element/67768020-f493-4a32-8282-ce6d88a3933f/name'
11:13:27.993 [AsyncHttpClient-1-3] DEBUG org.asynchttpclient.netty.handler.HttpHandler - 

Request DefaultFullHttpRequest(decodeResult: success, version: HTTP/1.1, content: EmptyByteBufBE)
GET /session/e33b173dd8bb0a0001e91ee0827f7119/element/67768020-f493-4a32-8282-ce6d88a3933f/name HTTP/1.1
User-Agent: selenium/4.1.2 (java windows)
Cache-Control: no-cache
Content-Type: application/json; charset=utf-8
host: localhost:54476
accept: */*

Response DefaultHttpResponse(decodeResult: success, version: HTTP/1.1)
HTTP/1.1 200 OK
Content-Type: application/json; charset=utf-8
cache-control: no-cache
content-length: 18

11:13:27.993 [AsyncHttpClient-1-3] DEBUG org.asynchttpclient.netty.channel.ChannelManager - Adding key: http://localhost:54476 for channel [id: 0x3ac390b2, L:/127.0.0.1:61387 - R:localhost/127.0.0.1:54476]
11:13:27.995 [Forwarding getElementTagName on session e33b173dd8bb0a0001e91ee0827f7119 to remote] DEBUG org.asynchttpclient.netty.request.NettyRequestSender - Using pooled Channel '[id: 0x3ac390b2, L:/127.0.0.1:61387 - R:localhost/127.0.0.1:54476]' for 'GET' to 'http://localhost:54476/session/e33b173dd8bb0a0001e91ee0827f7119/element/67768020-f493-4a32-8282-ce6d88a3933f/name'
11:13:27.995 [Forwarding getElementTagName on session e33b173dd8bb0a0001e91ee0827f7119 to remote] DEBUG org.asynchttpclient.netty.request.NettyRequestSender - Using open Channel [id: 0x3ac390b2, L:/127.0.0.1:61387 - R:localhost/127.0.0.1:54476] for GET '/session/e33b173dd8bb0a0001e91ee0827f7119/element/67768020-f493-4a32-8282-ce6d88a3933f/name'
11:13:28.011 [AsyncHttpClient-1-3] DEBUG org.asynchttpclient.netty.handler.HttpHandler - 

Request DefaultFullHttpRequest(decodeResult: success, version: HTTP/1.1, content: EmptyByteBufBE)
GET /session/e33b173dd8bb0a0001e91ee0827f7119/element/67768020-f493-4a32-8282-ce6d88a3933f/name HTTP/1.1
User-Agent: selenium/4.1.2 (java windows)
Cache-Control: no-cache
Content-Type: application/json; charset=utf-8
host: localhost:54476
accept: */*

Response DefaultHttpResponse(decodeResult: success, version: HTTP/1.1)
HTTP/1.1 200 OK
Content-Type: application/json; charset=utf-8
cache-control: no-cache
content-length: 18

11:13:28.011 [AsyncHttpClient-1-3] DEBUG org.asynchttpclient.netty.channel.ChannelManager - Adding key: http://localhost:54476 for channel [id: 0x3ac390b2, L:/127.0.0.1:61387 - R:localhost/127.0.0.1:54476]
11:13:28.025 [Forwarding isElementEnabled on session e33b173dd8bb0a0001e91ee0827f7119 to remote] DEBUG org.asynchttpclient.netty.request.NettyRequestSender - Using pooled Channel '[id: 0x3ac390b2, L:/127.0.0.1:61387 - R:localhost/127.0.0.1:54476]' for 'GET' to 'http://localhost:54476/session/e33b173dd8bb0a0001e91ee0827f7119/element/67768020-f493-4a32-8282-ce6d88a3933f/enabled'
11:13:28.025 [Forwarding isElementEnabled on session e33b173dd8bb0a0001e91ee0827f7119 to remote] DEBUG org.asynchttpclient.netty.request.NettyRequestSender - Using open Channel [id: 0x3ac390b2, L:/127.0.0.1:61387 - R:localhost/127.0.0.1:54476] for GET '/session/e33b173dd8bb0a0001e91ee0827f7119/element/67768020-f493-4a32-8282-ce6d88a3933f/enabled'
11:13:28.097 [AsyncHttpClient-1-3] DEBUG org.asynchttpclient.netty.handler.HttpHandler - 

Request DefaultFullHttpRequest(decodeResult: success, version: HTTP/1.1, content: EmptyByteBufBE)
GET /session/e33b173dd8bb0a0001e91ee0827f7119/element/67768020-f493-4a32-8282-ce6d88a3933f/enabled HTTP/1.1
User-Agent: selenium/4.1.2 (java windows)
Cache-Control: no-cache
Content-Type: application/json; charset=utf-8
host: localhost:54476
accept: */*

Response DefaultHttpResponse(decodeResult: success, version: HTTP/1.1)
HTTP/1.1 200 OK
Content-Type: application/json; charset=utf-8
cache-control: no-cache
content-length: 14

11:13:28.097 [AsyncHttpClient-1-3] DEBUG org.asynchttpclient.netty.channel.ChannelManager - Adding key: http://localhost:54476 for channel [id: 0x3ac390b2, L:/127.0.0.1:61387 - R:localhost/127.0.0.1:54476]
11:13:28.099 [Forwarding isElementEnabled on session e33b173dd8bb0a0001e91ee0827f7119 to remote] DEBUG org.asynchttpclient.netty.request.NettyRequestSender - Using pooled Channel '[id: 0x3ac390b2, L:/127.0.0.1:61387 - R:localhost/127.0.0.1:54476]' for 'GET' to 'http://localhost:54476/session/e33b173dd8bb0a0001e91ee0827f7119/element/67768020-f493-4a32-8282-ce6d88a3933f/enabled'
11:13:28.099 [Forwarding isElementEnabled on session e33b173dd8bb0a0001e91ee0827f7119 to remote] DEBUG org.asynchttpclient.netty.request.NettyRequestSender - Using open Channel [id: 0x3ac390b2, L:/127.0.0.1:61387 - R:localhost/127.0.0.1:54476] for GET '/session/e33b173dd8bb0a0001e91ee0827f7119/element/67768020-f493-4a32-8282-ce6d88a3933f/enabled'
11:13:28.116 [AsyncHttpClient-1-3] DEBUG org.asynchttpclient.netty.handler.HttpHandler - 

Request DefaultFullHttpRequest(decodeResult: success, version: HTTP/1.1, content: EmptyByteBufBE)
GET /session/e33b173dd8bb0a0001e91ee0827f7119/element/67768020-f493-4a32-8282-ce6d88a3933f/enabled HTTP/1.1
User-Agent: selenium/4.1.2 (java windows)
Cache-Control: no-cache
Content-Type: application/json; charset=utf-8
host: localhost:54476
accept: */*

Response DefaultHttpResponse(decodeResult: success, version: HTTP/1.1)
HTTP/1.1 200 OK
Content-Type: application/json; charset=utf-8
cache-control: no-cache
content-length: 14

11:13:28.116 [AsyncHttpClient-1-3] DEBUG org.asynchttpclient.netty.channel.ChannelManager - Adding key: http://localhost:54476 for channel [id: 0x3ac390b2, L:/127.0.0.1:61387 - R:localhost/127.0.0.1:54476]
11:13:28.122 [Forwarding findElement on session e33b173dd8bb0a0001e91ee0827f7119 to remote] DEBUG org.asynchttpclient.netty.request.NettyRequestSender - Using pooled Channel '[id: 0x3ac390b2, L:/127.0.0.1:61387 - R:localhost/127.0.0.1:54476]' for 'POST' to 'http://localhost:54476/session/e33b173dd8bb0a0001e91ee0827f7119/element'
11:13:28.123 [Forwarding findElement on session e33b173dd8bb0a0001e91ee0827f7119 to remote] DEBUG org.asynchttpclient.netty.request.NettyRequestSender - Using open Channel [id: 0x3ac390b2, L:/127.0.0.1:61387 - R:localhost/127.0.0.1:54476] for POST '/session/e33b173dd8bb0a0001e91ee0827f7119/element'
11:13:28.140 [AsyncHttpClient-1-3] DEBUG org.asynchttpclient.netty.handler.HttpHandler - 

Request DefaultHttpRequest(decodeResult: success, version: HTTP/1.1)
POST /session/e33b173dd8bb0a0001e91ee0827f7119/element HTTP/1.1
User-Agent: selenium/4.1.2 (java windows)
Content-Length: 149
Content-Type: application/json; charset=utf-8
host: localhost:54476
accept: */*

Response DefaultHttpResponse(decodeResult: success, version: HTTP/1.1)
HTTP/1.1 200 OK
Content-Type: application/json; charset=utf-8
cache-control: no-cache
content-length: 88

11:13:28.141 [AsyncHttpClient-1-3] DEBUG org.asynchttpclient.netty.channel.ChannelManager - Adding key: http://localhost:54476 for channel [id: 0x3ac390b2, L:/127.0.0.1:61387 - R:localhost/127.0.0.1:54476]
11:13:28.142 [Forwarding clickElement on session e33b173dd8bb0a0001e91ee0827f7119 to remote] DEBUG org.asynchttpclient.netty.request.NettyRequestSender - Using pooled Channel '[id: 0x3ac390b2, L:/127.0.0.1:61387 - R:localhost/127.0.0.1:54476]' for 'POST' to 'http://localhost:54476/session/e33b173dd8bb0a0001e91ee0827f7119/element/67768020-f493-4a32-8282-ce6d88a3933f/click'
11:13:28.142 [Forwarding clickElement on session e33b173dd8bb0a0001e91ee0827f7119 to remote] DEBUG org.asynchttpclient.netty.request.NettyRequestSender - Using open Channel [id: 0x3ac390b2, L:/127.0.0.1:61387 - R:localhost/127.0.0.1:54476] for POST '/session/e33b173dd8bb0a0001e91ee0827f7119/element/67768020-f493-4a32-8282-ce6d88a3933f/click'
11:13:28.310 [AsyncHttpClient-1-3] DEBUG org.asynchttpclient.netty.handler.HttpHandler - 

Request DefaultHttpRequest(decodeResult: success, version: HTTP/1.1)
POST /session/e33b173dd8bb0a0001e91ee0827f7119/element/67768020-f493-4a32-8282-ce6d88a3933f/click HTTP/1.1
User-Agent: selenium/4.1.2 (java windows)
Content-Length: 50
Content-Type: application/json; charset=utf-8
host: localhost:54476
accept: */*

Response DefaultHttpResponse(decodeResult: success, version: HTTP/1.1)
HTTP/1.1 200 OK
Content-Type: application/json; charset=utf-8
cache-control: no-cache
content-length: 14

11:13:28.310 [AsyncHttpClient-1-3] DEBUG org.asynchttpclient.netty.channel.ChannelManager - Adding key: http://localhost:54476 for channel [id: 0x3ac390b2, L:/127.0.0.1:61387 - R:localhost/127.0.0.1:54476]
11:13:28.330 [Forwarding screenshot on session e33b173dd8bb0a0001e91ee0827f7119 to remote] DEBUG org.asynchttpclient.netty.request.NettyRequestSender - Using pooled Channel '[id: 0x3ac390b2, L:/127.0.0.1:61387 - R:localhost/127.0.0.1:54476]' for 'GET' to 'http://localhost:54476/session/e33b173dd8bb0a0001e91ee0827f7119/screenshot'
11:13:28.330 [Forwarding screenshot on session e33b173dd8bb0a0001e91ee0827f7119 to remote] DEBUG org.asynchttpclient.netty.request.NettyRequestSender - Using open Channel [id: 0x3ac390b2, L:/127.0.0.1:61387 - R:localhost/127.0.0.1:54476] for GET '/session/e33b173dd8bb0a0001e91ee0827f7119/screenshot'
11:13:28.912 [AsyncHttpClient-1-1] DEBUG org.asynchttpclient.netty.channel.DefaultChannelPool - Entry count for : http://localhost:61389 : 1
11:13:29.362 [AsyncHttpClient-1-3] DEBUG org.asynchttpclient.netty.handler.HttpHandler - 

Request DefaultFullHttpRequest(decodeResult: success, version: HTTP/1.1, content: EmptyByteBufBE)
GET /session/e33b173dd8bb0a0001e91ee0827f7119/screenshot HTTP/1.1
User-Agent: selenium/4.1.2 (java windows)
Cache-Control: no-cache
Content-Type: application/json; charset=utf-8
host: localhost:54476
accept: */*

Response DefaultHttpResponse(decodeResult: success, version: HTTP/1.1)
HTTP/1.1 200 OK
Content-Type: application/json; charset=utf-8
cache-control: no-cache
content-length: 414008

11:13:29.364 [AsyncHttpClient-1-3] DEBUG org.asynchttpclient.netty.channel.ChannelManager - Adding key: http://localhost:54476 for channel [id: 0x3ac390b2, L:/127.0.0.1:61387 - R:localhost/127.0.0.1:54476]
11:13:29.410 [main] DEBUG net.serenitybdd.core.photography.Darkroom - Send negative for processing for target\site\serenity\c3fa1f8c9ec5ea06aca3addcd19d0ad64922cd8d70a20203958a5502bde065b2.png
11:13:29.410 [main] DEBUG net.thucydides.core.steps.StepInterceptor - STEP DONE: clickButtonSave
  &amp#27;[32mAnd &amp#27;[0m&amp#27;[32mClick button simpan&amp#27;[0m                                             &amp#27;[90m# starter.stepdefinitios.PatientDataSteps.clickButtonSimpan()&amp#27;[0m
11:13:29.414 [Darkroom Processing Line] DEBUG net.serenitybdd.core.photography.DarkroomProcessingLine - Processing screenshot image in /var/screenshots/screenshot-2313720389097191091
11:13:29.414 [Darkroom Processing Line] DEBUG net.serenitybdd.core.photography.DarkroomProcessingLine - Saving screenshot to target\site\serenity\c3fa1f8c9ec5ea06aca3addcd19d0ad64922cd8d70a20203958a5502bde065b2.png
11:13:29.993 [Forwarding screenshot on session e33b173dd8bb0a0001e91ee0827f7119 to remote] DEBUG org.asynchttpclient.netty.request.NettyRequestSender - Using pooled Channel '[id: 0x3ac390b2, L:/127.0.0.1:61387 - R:localhost/127.0.0.1:54476]' for 'GET' to 'http://localhost:54476/session/e33b173dd8bb0a0001e91ee0827f7119/screenshot'
11:13:29.993 [Forwarding screenshot on session e33b173dd8bb0a0001e91ee0827f7119 to remote] DEBUG org.asynchttpclient.netty.request.NettyRequestSender - Using open Channel [id: 0x3ac390b2, L:/127.0.0.1:61387 - R:localhost/127.0.0.1:54476] for GET '/session/e33b173dd8bb0a0001e91ee0827f7119/screenshot'
11:13:30.011 [AsyncHttpClient-1-3] DEBUG org.asynchttpclient.netty.handler.HttpHandler - 

Request DefaultFullHttpRequest(decodeResult: success, version: HTTP/1.1, content: EmptyByteBufBE)
GET /session/e33b173dd8bb0a0001e91ee0827f7119/screenshot HTTP/1.1
User-Agent: selenium/4.1.2 (java windows)
Cache-Control: no-cache
Content-Type: application/json; charset=utf-8
host: localhost:54476
accept: */*

Response DefaultHttpResponse(decodeResult: success, version: HTTP/1.1)
HTTP/1.1 500 Internal Server Error
Content-Type: application/json; charset=utf-8
cache-control: no-cache
content-length: 917

11:13:30.011 [AsyncHttpClient-1-3] DEBUG org.asynchttpclient.netty.channel.ChannelManager - Adding key: http://localhost:54476 for channel [id: 0x3ac390b2, L:/127.0.0.1:61387 - R:localhost/127.0.0.1:54476]
11:13:30.013 [main] WARN net.thucydides.core.webdriver.WebDriverFacade - Failed to take screenshot (unexpected alert open: {Alert text : data telah diubah}
  (Session info: chrome=102.0.5005.115): data telah diubah
Build info: version: '4.1.2', revision: '9a5a329c5a'
System info: host: 'MOOK-HON', ip: '192.168.100.6', os.name: 'Windows 10', os.arch: 'amd64', os.version: '10.0', java.version: '11.0.14'
Driver info: org.openqa.selenium.chrome.ChromeDriver
Command: [e33b173dd8bb0a0001e91ee0827f7119, screenshot {}]
Capabilities {acceptInsecureCerts: false, browserName: chrome, browserVersion: 102.0.5005.115, chrome: {chromedriverVersion: 102.0.5005.61 (0e59bcc00cc4..., userDataDir: C:\Users\ASUS\AppData\Local...}, goog:chromeOptions: {debuggerAddress: localhost:61389}, javascriptEnabled: true, networkConnectionEnabled: false, pageLoadStrategy: normal, platform: WINDOWS, platformName: WINDOWS, proxy: Proxy(), se:cdp: ws://localhost:61389/devtoo..., se:cdpVersion: 102.0.5005.115, setWindowRect: true, strictFileInteractability: false, timeouts: {implicit: 0, pageLoad: 300000, script: 30000}, unhandledPromptBehavior: dismiss and notify, webauthn:extension:credBlob: true, webauthn:extension:largeBlob: true, webauthn:virtualAuthenticators: true}
Session ID: e33b173dd8bb0a0001e91ee0827f7119)
11:13:30.015 [main] DEBUG net.thucydides.core.steps.StepInterceptor - STARTING STEP: PatientDataSteps.validEditData - clickButtonBack
11:13:30.032 [Forwarding findElement on session e33b173dd8bb0a0001e91ee0827f7119 to remote] DEBUG org.asynchttpclient.netty.request.NettyRequestSender - Using pooled Channel '[id: 0x3ac390b2, L:/127.0.0.1:61387 - R:localhost/127.0.0.1:54476]' for 'POST' to 'http://localhost:54476/session/e33b173dd8bb0a0001e91ee0827f7119/element'
11:13:30.032 [Forwarding findElement on session e33b173dd8bb0a0001e91ee0827f7119 to remote] DEBUG org.asynchttpclient.netty.request.NettyRequestSender - Using open Channel [id: 0x3ac390b2, L:/127.0.0.1:61387 - R:localhost/127.0.0.1:54476] for POST '/session/e33b173dd8bb0a0001e91ee0827f7119/element'
11:13:30.043 [AsyncHttpClient-1-1] DEBUG org.asynchttpclient.netty.channel.DefaultChannelPool - Entry count for : http://localhost:61389 : 1
11:13:30.100 [AsyncHttpClient-1-3] DEBUG org.asynchttpclient.netty.handler.HttpHandler - 

Request DefaultHttpRequest(decodeResult: success, version: HTTP/1.1)
POST /session/e33b173dd8bb0a0001e91ee0827f7119/element HTTP/1.1
User-Agent: selenium/4.1.2 (java windows)
Content-Length: 137
Content-Type: application/json; charset=utf-8
host: localhost:54476
accept: */*

Response DefaultHttpResponse(decodeResult: success, version: HTTP/1.1)
HTTP/1.1 200 OK
Content-Type: application/json; charset=utf-8
cache-control: no-cache
content-length: 88

11:13:30.100 [AsyncHttpClient-1-3] DEBUG org.asynchttpclient.netty.channel.ChannelManager - Adding key: http://localhost:54476 for channel [id: 0x3ac390b2, L:/127.0.0.1:61387 - R:localhost/127.0.0.1:54476]
11:13:30.108 [Forwarding getElementTagName on session e33b173dd8bb0a0001e91ee0827f7119 to remote] DEBUG org.asynchttpclient.netty.request.NettyRequestSender - Using pooled Channel '[id: 0x3ac390b2, L:/127.0.0.1:61387 - R:localhost/127.0.0.1:54476]' for 'GET' to 'http://localhost:54476/session/e33b173dd8bb0a0001e91ee0827f7119/element/7543a634-e298-4d8e-bfeb-6bf9c7970351/name'
11:13:30.108 [Forwarding getElementTagName on session e33b173dd8bb0a0001e91ee0827f7119 to remote] DEBUG org.asynchttpclient.netty.request.NettyRequestSender - Using open Channel [id: 0x3ac390b2, L:/127.0.0.1:61387 - R:localhost/127.0.0.1:54476] for GET '/session/e33b173dd8bb0a0001e91ee0827f7119/element/7543a634-e298-4d8e-bfeb-6bf9c7970351/name'
11:13:30.267 [AsyncHttpClient-1-3] DEBUG org.asynchttpclient.netty.handler.HttpHandler - 

Request DefaultFullHttpRequest(decodeResult: success, version: HTTP/1.1, content: EmptyByteBufBE)
GET /session/e33b173dd8bb0a0001e91ee0827f7119/element/7543a634-e298-4d8e-bfeb-6bf9c7970351/name HTTP/1.1
User-Agent: selenium/4.1.2 (java windows)
Cache-Control: no-cache
Content-Type: application/json; charset=utf-8
host: localhost:54476
accept: */*

Response DefaultHttpResponse(decodeResult: success, version: HTTP/1.1)
HTTP/1.1 200 OK
Content-Type: application/json; charset=utf-8
cache-control: no-cache
content-length: 18

11:13:30.267 [AsyncHttpClient-1-3] DEBUG org.asynchttpclient.netty.channel.ChannelManager - Adding key: http://localhost:54476 for channel [id: 0x3ac390b2, L:/127.0.0.1:61387 - R:localhost/127.0.0.1:54476]
11:13:30.270 [Forwarding getElementTagName on session e33b173dd8bb0a0001e91ee0827f7119 to remote] DEBUG org.asynchttpclient.netty.request.NettyRequestSender - Using pooled Channel '[id: 0x3ac390b2, L:/127.0.0.1:61387 - R:localhost/127.0.0.1:54476]' for 'GET' to 'http://localhost:54476/session/e33b173dd8bb0a0001e91ee0827f7119/element/7543a634-e298-4d8e-bfeb-6bf9c7970351/name'
11:13:30.271 [Forwarding getElementTagName on session e33b173dd8bb0a0001e91ee0827f7119 to remote] DEBUG org.asynchttpclient.netty.request.NettyRequestSender - Using open Channel [id: 0x3ac390b2, L:/127.0.0.1:61387 - R:localhost/127.0.0.1:54476] for GET '/session/e33b173dd8bb0a0001e91ee0827f7119/element/7543a634-e298-4d8e-bfeb-6bf9c7970351/name'
11:13:30.299 [AsyncHttpClient-1-3] DEBUG org.asynchttpclient.netty.handler.HttpHandler - 

Request DefaultFullHttpRequest(decodeResult: success, version: HTTP/1.1, content: EmptyByteBufBE)
GET /session/e33b173dd8bb0a0001e91ee0827f7119/element/7543a634-e298-4d8e-bfeb-6bf9c7970351/name HTTP/1.1
User-Agent: selenium/4.1.2 (java windows)
Cache-Control: no-cache
Content-Type: application/json; charset=utf-8
host: localhost:54476
accept: */*

Response DefaultHttpResponse(decodeResult: success, version: HTTP/1.1)
HTTP/1.1 200 OK
Content-Type: application/json; charset=utf-8
cache-control: no-cache
content-length: 18

11:13:30.299 [AsyncHttpClient-1-3] DEBUG org.asynchttpclient.netty.channel.ChannelManager - Adding key: http://localhost:54476 for channel [id: 0x3ac390b2, L:/127.0.0.1:61387 - R:localhost/127.0.0.1:54476]
11:13:30.304 [Forwarding isElementEnabled on session e33b173dd8bb0a0001e91ee0827f7119 to remote] DEBUG org.asynchttpclient.netty.request.NettyRequestSender - Using pooled Channel '[id: 0x3ac390b2, L:/127.0.0.1:61387 - R:localhost/127.0.0.1:54476]' for 'GET' to 'http://localhost:54476/session/e33b173dd8bb0a0001e91ee0827f7119/element/7543a634-e298-4d8e-bfeb-6bf9c7970351/enabled'
11:13:30.304 [Forwarding isElementEnabled on session e33b173dd8bb0a0001e91ee0827f7119 to remote] DEBUG org.asynchttpclient.netty.request.NettyRequestSender - Using open Channel [id: 0x3ac390b2, L:/127.0.0.1:61387 - R:localhost/127.0.0.1:54476] for GET '/session/e33b173dd8bb0a0001e91ee0827f7119/element/7543a634-e298-4d8e-bfeb-6bf9c7970351/enabled'
11:13:30.327 [AsyncHttpClient-1-3] DEBUG org.asynchttpclient.netty.handler.HttpHandler - 

Request DefaultFullHttpRequest(decodeResult: success, version: HTTP/1.1, content: EmptyByteBufBE)
GET /session/e33b173dd8bb0a0001e91ee0827f7119/element/7543a634-e298-4d8e-bfeb-6bf9c7970351/enabled HTTP/1.1
User-Agent: selenium/4.1.2 (java windows)
Cache-Control: no-cache
Content-Type: application/json; charset=utf-8
host: localhost:54476
accept: */*

Response DefaultHttpResponse(decodeResult: success, version: HTTP/1.1)
HTTP/1.1 200 OK
Content-Type: application/json; charset=utf-8
cache-control: no-cache
content-length: 14

11:13:30.327 [AsyncHttpClient-1-3] DEBUG org.asynchttpclient.netty.channel.ChannelManager - Adding key: http://localhost:54476 for channel [id: 0x3ac390b2, L:/127.0.0.1:61387 - R:localhost/127.0.0.1:54476]
11:13:30.329 [Forwarding isElementEnabled on session e33b173dd8bb0a0001e91ee0827f7119 to remote] DEBUG org.asynchttpclient.netty.request.NettyRequestSender - Using pooled Channel '[id: 0x3ac390b2, L:/127.0.0.1:61387 - R:localhost/127.0.0.1:54476]' for 'GET' to 'http://localhost:54476/session/e33b173dd8bb0a0001e91ee0827f7119/element/7543a634-e298-4d8e-bfeb-6bf9c7970351/enabled'
11:13:30.329 [Forwarding isElementEnabled on session e33b173dd8bb0a0001e91ee0827f7119 to remote] DEBUG org.asynchttpclient.netty.request.NettyRequestSender - Using open Channel [id: 0x3ac390b2, L:/127.0.0.1:61387 - R:localhost/127.0.0.1:54476] for GET '/session/e33b173dd8bb0a0001e91ee0827f7119/element/7543a634-e298-4d8e-bfeb-6bf9c7970351/enabled'
11:13:30.349 [AsyncHttpClient-1-3] DEBUG org.asynchttpclient.netty.handler.HttpHandler - 

Request DefaultFullHttpRequest(decodeResult: success, version: HTTP/1.1, content: EmptyByteBufBE)
GET /session/e33b173dd8bb0a0001e91ee0827f7119/element/7543a634-e298-4d8e-bfeb-6bf9c7970351/enabled HTTP/1.1
User-Agent: selenium/4.1.2 (java windows)
Cache-Control: no-cache
Content-Type: application/json; charset=utf-8
host: localhost:54476
accept: */*

Response DefaultHttpResponse(decodeResult: success, version: HTTP/1.1)
HTTP/1.1 200 OK
Content-Type: application/json; charset=utf-8
cache-control: no-cache
content-length: 14

11:13:30.349 [AsyncHttpClient-1-3] DEBUG org.asynchttpclient.netty.channel.ChannelManager - Adding key: http://localhost:54476 for channel [id: 0x3ac390b2, L:/127.0.0.1:61387 - R:localhost/127.0.0.1:54476]
11:13:30.353 [Forwarding findElement on session e33b173dd8bb0a0001e91ee0827f7119 to remote] DEBUG org.asynchttpclient.netty.request.NettyRequestSender - Using pooled Channel '[id: 0x3ac390b2, L:/127.0.0.1:61387 - R:localhost/127.0.0.1:54476]' for 'POST' to 'http://localhost:54476/session/e33b173dd8bb0a0001e91ee0827f7119/element'
11:13:30.353 [Forwarding findElement on session e33b173dd8bb0a0001e91ee0827f7119 to remote] DEBUG org.asynchttpclient.netty.request.NettyRequestSender - Using open Channel [id: 0x3ac390b2, L:/127.0.0.1:61387 - R:localhost/127.0.0.1:54476] for POST '/session/e33b173dd8bb0a0001e91ee0827f7119/element'
11:13:30.387 [AsyncHttpClient-1-3] DEBUG org.asynchttpclient.netty.handler.HttpHandler - 

Request DefaultHttpRequest(decodeResult: success, version: HTTP/1.1)
POST /session/e33b173dd8bb0a0001e91ee0827f7119/element HTTP/1.1
User-Agent: selenium/4.1.2 (java windows)
Content-Length: 137
Content-Type: application/json; charset=utf-8
host: localhost:54476
accept: */*

Response DefaultHttpResponse(decodeResult: success, version: HTTP/1.1)
HTTP/1.1 200 OK
Content-Type: application/json; charset=utf-8
cache-control: no-cache
content-length: 88

11:13:30.387 [AsyncHttpClient-1-3] DEBUG org.asynchttpclient.netty.channel.ChannelManager - Adding key: http://localhost:54476 for channel [id: 0x3ac390b2, L:/127.0.0.1:61387 - R:localhost/127.0.0.1:54476]
11:13:30.390 [Forwarding clickElement on session e33b173dd8bb0a0001e91ee0827f7119 to remote] DEBUG org.asynchttpclient.netty.request.NettyRequestSender - Using pooled Channel '[id: 0x3ac390b2, L:/127.0.0.1:61387 - R:localhost/127.0.0.1:54476]' for 'POST' to 'http://localhost:54476/session/e33b173dd8bb0a0001e91ee0827f7119/element/7543a634-e298-4d8e-bfeb-6bf9c7970351/click'
11:13:30.391 [Forwarding clickElement on session e33b173dd8bb0a0001e91ee0827f7119 to remote] DEBUG org.asynchttpclient.netty.request.NettyRequestSender - Using open Channel [id: 0x3ac390b2, L:/127.0.0.1:61387 - R:localhost/127.0.0.1:54476] for POST '/session/e33b173dd8bb0a0001e91ee0827f7119/element/7543a634-e298-4d8e-bfeb-6bf9c7970351/click'
11:13:30.763 [AsyncHttpClient-1-3] DEBUG org.asynchttpclient.netty.handler.HttpHandler - 

Request DefaultHttpRequest(decodeResult: success, version: HTTP/1.1)
POST /session/e33b173dd8bb0a0001e91ee0827f7119/element/7543a634-e298-4d8e-bfeb-6bf9c7970351/click HTTP/1.1
User-Agent: selenium/4.1.2 (java windows)
Content-Length: 50
Content-Type: application/json; charset=utf-8
host: localhost:54476
accept: */*

Response DefaultHttpResponse(decodeResult: success, version: HTTP/1.1)
HTTP/1.1 200 OK
Content-Type: application/json; charset=utf-8
cache-control: no-cache
content-length: 14

11:13:30.764 [AsyncHttpClient-1-3] DEBUG org.asynchttpclient.netty.channel.ChannelManager - Adding key: http://localhost:54476 for channel [id: 0x3ac390b2, L:/127.0.0.1:61387 - R:localhost/127.0.0.1:54476]
11:13:30.784 [Forwarding screenshot on session e33b173dd8bb0a0001e91ee0827f7119 to remote] DEBUG org.asynchttpclient.netty.request.NettyRequestSender - Using pooled Channel '[id: 0x3ac390b2, L:/127.0.0.1:61387 - R:localhost/127.0.0.1:54476]' for 'GET' to 'http://localhost:54476/session/e33b173dd8bb0a0001e91ee0827f7119/screenshot'
11:13:30.784 [Forwarding screenshot on session e33b173dd8bb0a0001e91ee0827f7119 to remote] DEBUG org.asynchttpclient.netty.request.NettyRequestSender - Using open Channel [id: 0x3ac390b2, L:/127.0.0.1:61387 - R:localhost/127.0.0.1:54476] for GET '/session/e33b173dd8bb0a0001e91ee0827f7119/screenshot'
11:13:31.112 [AsyncHttpClient-1-1] DEBUG org.asynchttpclient.netty.channel.DefaultChannelPool - Entry count for : http://localhost:61389 : 1
11:13:31.382 [AsyncHttpClient-1-3] DEBUG org.asynchttpclient.netty.handler.HttpHandler - 

Request DefaultFullHttpRequest(decodeResult: success, version: HTTP/1.1, content: EmptyByteBufBE)
GET /session/e33b173dd8bb0a0001e91ee0827f7119/screenshot HTTP/1.1
User-Agent: selenium/4.1.2 (java windows)
Cache-Control: no-cache
Content-Type: application/json; charset=utf-8
host: localhost:54476
accept: */*

Response DefaultHttpResponse(decodeResult: success, version: HTTP/1.1)
HTTP/1.1 200 OK
Content-Type: application/json; charset=utf-8
cache-control: no-cache
content-length: 392896

11:13:31.383 [AsyncHttpClient-1-3] DEBUG org.asynchttpclient.netty.channel.ChannelManager - Adding key: http://localhost:54476 for channel [id: 0x3ac390b2, L:/127.0.0.1:61387 - R:localhost/127.0.0.1:54476]
11:13:31.413 [main] DEBUG net.serenitybdd.core.photography.Darkroom - Send negative for processing for target\site\serenity\fad13328368af20ecb51dc9e724c222e6162a22b6297cd0bf65bcd723177d0f5.png
11:13:31.414 [main] DEBUG net.thucydides.core.steps.StepInterceptor - STEP DONE: clickButtonBack
11:13:31.415 [Darkroom Processing Line] DEBUG net.serenitybdd.core.photography.DarkroomProcessingLine - Processing screenshot image in /var/screenshots/screenshot-10453347912344035165
11:13:31.415 [Darkroom Processing Line] DEBUG net.serenitybdd.core.photography.DarkroomProcessingLine - Saving screenshot to target\site\serenity\fad13328368af20ecb51dc9e724c222e6162a22b6297cd0bf65bcd723177d0f5.png
11:13:31.433 [main] DEBUG net.thucydides.core.steps.StepInterceptor - STARTING STEP: PatientDataSteps.validEditData - checkValidDataPasien
11:13:31.444 [Forwarding findElement on session e33b173dd8bb0a0001e91ee0827f7119 to remote] DEBUG org.asynchttpclient.netty.request.NettyRequestSender - Using pooled Channel '[id: 0x3ac390b2, L:/127.0.0.1:61387 - R:localhost/127.0.0.1:54476]' for 'POST' to 'http://localhost:54476/session/e33b173dd8bb0a0001e91ee0827f7119/element'
11:13:31.444 [Forwarding findElement on session e33b173dd8bb0a0001e91ee0827f7119 to remote] DEBUG org.asynchttpclient.netty.request.NettyRequestSender - Using open Channel [id: 0x3ac390b2, L:/127.0.0.1:61387 - R:localhost/127.0.0.1:54476] for POST '/session/e33b173dd8bb0a0001e91ee0827f7119/element'
11:13:31.474 [AsyncHttpClient-1-3] DEBUG org.asynchttpclient.netty.handler.HttpHandler - 

Request DefaultHttpRequest(decodeResult: success, version: HTTP/1.1)
POST /session/e33b173dd8bb0a0001e91ee0827f7119/element HTTP/1.1
User-Agent: selenium/4.1.2 (java windows)
Content-Length: 95
Content-Type: application/json; charset=utf-8
host: localhost:54476
accept: */*

Response DefaultHttpResponse(decodeResult: success, version: HTTP/1.1)
HTTP/1.1 200 OK
Content-Type: application/json; charset=utf-8
cache-control: no-cache
content-length: 88

11:13:31.474 [AsyncHttpClient-1-3] DEBUG org.asynchttpclient.netty.channel.ChannelManager - Adding key: http://localhost:54476 for channel [id: 0x3ac390b2, L:/127.0.0.1:61387 - R:localhost/127.0.0.1:54476]
11:13:31.476 [Forwarding isElementEnabled on session e33b173dd8bb0a0001e91ee0827f7119 to remote] DEBUG org.asynchttpclient.netty.request.NettyRequestSender - Using pooled Channel '[id: 0x3ac390b2, L:/127.0.0.1:61387 - R:localhost/127.0.0.1:54476]' for 'GET' to 'http://localhost:54476/session/e33b173dd8bb0a0001e91ee0827f7119/element/e40fd3f9-be2f-4af9-bd9e-4555766d1dd7/enabled'
11:13:31.476 [Forwarding isElementEnabled on session e33b173dd8bb0a0001e91ee0827f7119 to remote] DEBUG org.asynchttpclient.netty.request.NettyRequestSender - Using open Channel [id: 0x3ac390b2, L:/127.0.0.1:61387 - R:localhost/127.0.0.1:54476] for GET '/session/e33b173dd8bb0a0001e91ee0827f7119/element/e40fd3f9-be2f-4af9-bd9e-4555766d1dd7/enabled'
11:13:31.498 [AsyncHttpClient-1-3] DEBUG org.asynchttpclient.netty.handler.HttpHandler - 

Request DefaultFullHttpRequest(decodeResult: success, version: HTTP/1.1, content: EmptyByteBufBE)
GET /session/e33b173dd8bb0a0001e91ee0827f7119/element/e40fd3f9-be2f-4af9-bd9e-4555766d1dd7/enabled HTTP/1.1
User-Agent: selenium/4.1.2 (java windows)
Cache-Control: no-cache
Content-Type: application/json; charset=utf-8
host: localhost:54476
accept: */*

Response DefaultHttpResponse(decodeResult: success, version: HTTP/1.1)
HTTP/1.1 200 OK
Content-Type: application/json; charset=utf-8
cache-control: no-cache
content-length: 14

11:13:31.499 [AsyncHttpClient-1-3] DEBUG org.asynchttpclient.netty.channel.ChannelManager - Adding key: http://localhost:54476 for channel [id: 0x3ac390b2, L:/127.0.0.1:61387 - R:localhost/127.0.0.1:54476]
11:13:31.513 [Forwarding screenshot on session e33b173dd8bb0a0001e91ee0827f7119 to remote] DEBUG org.asynchttpclient.netty.request.NettyRequestSender - Using pooled Channel '[id: 0x3ac390b2, L:/127.0.0.1:61387 - R:localhost/127.0.0.1:54476]' for 'GET' to 'http://localhost:54476/session/e33b173dd8bb0a0001e91ee0827f7119/screenshot'
11:13:31.514 [Forwarding screenshot on session e33b173dd8bb0a0001e91ee0827f7119 to remote] DEBUG org.asynchttpclient.netty.request.NettyRequestSender - Using open Channel [id: 0x3ac390b2, L:/127.0.0.1:61387 - R:localhost/127.0.0.1:54476] for GET '/session/e33b173dd8bb0a0001e91ee0827f7119/screenshot'
11:13:31.917 [AsyncHttpClient-1-3] DEBUG org.asynchttpclient.netty.handler.HttpHandler - 

Request DefaultFullHttpRequest(decodeResult: success, version: HTTP/1.1, content: EmptyByteBufBE)
GET /session/e33b173dd8bb0a0001e91ee0827f7119/screenshot HTTP/1.1
User-Agent: selenium/4.1.2 (java windows)
Cache-Control: no-cache
Content-Type: application/json; charset=utf-8
host: localhost:54476
accept: */*

Response DefaultHttpResponse(decodeResult: success, version: HTTP/1.1)
HTTP/1.1 200 OK
Content-Type: application/json; charset=utf-8
cache-control: no-cache
content-length: 409844

11:13:31.921 [AsyncHttpClient-1-3] DEBUG org.asynchttpclient.netty.channel.ChannelManager - Adding key: http://localhost:54476 for channel [id: 0x3ac390b2, L:/127.0.0.1:61387 - R:localhost/127.0.0.1:54476]
11:13:31.954 [main] DEBUG net.serenitybdd.core.photography.Darkroom - Send negative for processing for target\site\serenity\7959b821b97b5ba7edde63add55289c4dcca1c7a289de22260e9e71cbee23b04.png
11:13:31.955 [main] DEBUG net.thucydides.core.steps.StepInterceptor - STEP DONE: checkValidDataPasien
  &amp#27;[32mAnd &amp#27;[0m&amp#27;[32mValid edit data&amp#27;[0m                                                 &amp#27;[90m# starter.stepdefinitios.PatientDataSteps.validEditData()&amp#27;[0m
11:13:31.960 [Darkroom Processing Line] DEBUG net.serenitybdd.core.photography.DarkroomProcessingLine - Processing screenshot image in /var/screenshots/screenshot-11047356127677842812
11:13:31.960 [Darkroom Processing Line] DEBUG net.serenitybdd.core.photography.DarkroomProcessingLine - Saving screenshot to target\site\serenity\7959b821b97b5ba7edde63add55289c4dcca1c7a289de22260e9e71cbee23b04.png
11:13:31.993 [AsyncHttpClient-1-5] DEBUG org.asynchttpclient.netty.handler.WebSocketHandler - Channel Closed: [id: 0x55ed0a50, L:/127.0.0.1:61400 ! R:localhost/127.0.0.1:61389] with attribute NettyResponseFuture{currentRetry=5,
	isDone=1,
	isCancelled=0,
	asyncHandler=org.asynchttpclient.ws.WebSocketUpgradeHandler@6bda12e6,
	nettyRequest=org.asynchttpclient.netty.request.NettyRequest@34b698ed,
	future=java.util.concurrent.CompletableFuture@9215852[Completed normally],
	uri=ws://localhost:61389/devtools/browser/38a9601e-3899-4a87-b4a1-11334c190b17,
	keepAlive=true,
	redirectCount=0,
	timeoutsHolder=null,
	inAuth=0,
	touch=1655525592346}
11:13:31.993 [AsyncHttpClient-1-5] DEBUG org.asynchttpclient.netty.channel.ChannelManager - Closing Channel [id: 0x55ed0a50, L:/127.0.0.1:61400 ! R:localhost/127.0.0.1:61389] 
11:13:31.999 [Driver Command Executor] DEBUG org.asynchttpclient.netty.request.NettyRequestSender - Using pooled Channel '[id: 0x3ac390b2, L:/127.0.0.1:61387 - R:localhost/127.0.0.1:54476]' for 'DELETE' to 'http://localhost:54476/session/e33b173dd8bb0a0001e91ee0827f7119'
11:13:32.000 [Driver Command Executor] DEBUG org.asynchttpclient.netty.request.NettyRequestSender - Using open Channel [id: 0x3ac390b2, L:/127.0.0.1:61387 - R:localhost/127.0.0.1:54476] for DELETE '/session/e33b173dd8bb0a0001e91ee0827f7119'
11:13:32.215 [AsyncHttpClient-1-1] DEBUG org.asynchttpclient.netty.channel.DefaultChannelPool - Entry count for : http://localhost:61389 : 1
11:13:32.409 [AsyncHttpClient-1-4] DEBUG org.asynchttpclient.netty.handler.HttpHandler - Unexpected I/O exception on channel [id: 0x0f280b77, L:/127.0.0.1:61398 - R:localhost/127.0.0.1:61389]
java.io.IOException: An existing connection was forcibly closed by the remote host
	at java.base/sun.nio.ch.SocketDispatcher.read0(Native Method)
	at java.base/sun.nio.ch.SocketDispatcher.read(SocketDispatcher.java:43)
	at java.base/sun.nio.ch.IOUtil.readIntoNativeBuffer(IOUtil.java:276)
	at java.base/sun.nio.ch.IOUtil.read(IOUtil.java:233)
	at java.base/sun.nio.ch.IOUtil.read(IOUtil.java:223)
	at java.base/sun.nio.ch.SocketChannelImpl.read(SocketChannelImpl.java:358)
	at io.netty.buffer.PooledByteBuf.setBytes(PooledByteBuf.java:258)
	at io.netty.buffer.AbstractByteBuf.writeBytes(AbstractByteBuf.java:1132)
	at io.netty.channel.socket.nio.NioSocketChannel.doReadBytes(NioSocketChannel.java:350)
	at io.netty.channel.nio.AbstractNioByteChannel$NioByteUnsafe.read(AbstractNioByteChannel.java:151)
	at io.netty.channel.nio.NioEventLoop.processSelectedKey(NioEventLoop.java:722)
	at io.netty.channel.nio.NioEventLoop.processSelectedKeysOptimized(NioEventLoop.java:658)
	at io.netty.channel.nio.NioEventLoop.processSelectedKeys(NioEventLoop.java:584)
	at io.netty.channel.nio.NioEventLoop.run(NioEventLoop.java:496)
	at io.netty.util.concurrent.SingleThreadEventExecutor$4.run(SingleThreadEventExecutor.java:986)
	at io.netty.util.internal.ThreadExecutorMap$2.run(ThreadExecutorMap.java:74)
	at io.netty.util.concurrent.FastThreadLocalRunnable.run(FastThreadLocalRunnable.java:30)
	at java.base/java.lang.Thread.run(Thread.java:834)
11:13:32.409 [AsyncHttpClient-1-4] DEBUG org.asynchttpclient.netty.channel.ChannelManager - Closing Channel [id: 0x0f280b77, L:/127.0.0.1:61398 - R:localhost/127.0.0.1:61389] 
11:13:32.410 [AsyncHttpClient-1-4] DEBUG org.asynchttpclient.netty.handler.HttpHandler - Channel Closed: [id: 0x0f280b77, L:/127.0.0.1:61398 ! R:localhost/127.0.0.1:61389] with attribute DISCARD
11:13:32.476 [AsyncHttpClient-1-3] DEBUG org.asynchttpclient.netty.handler.HttpHandler - 

Request DefaultFullHttpRequest(decodeResult: success, version: HTTP/1.1, content: EmptyByteBufBE)
DELETE /session/e33b173dd8bb0a0001e91ee0827f7119 HTTP/1.1
User-Agent: selenium/4.1.2 (java windows)
Content-Type: application/json; charset=utf-8
host: localhost:54476
accept: */*

Response DefaultHttpResponse(decodeResult: success, version: HTTP/1.1)
HTTP/1.1 200 OK
Content-Type: application/json; charset=utf-8
cache-control: no-cache
content-length: 14

11:13:32.476 [AsyncHttpClient-1-3] DEBUG org.asynchttpclient.netty.channel.ChannelManager - Adding key: http://localhost:54476 for channel [id: 0x3ac390b2, L:/127.0.0.1:61387 - R:localhost/127.0.0.1:54476]
11:13:32.820 [AsyncHttpClient-1-3] DEBUG org.asynchttpclient.netty.handler.HttpHandler - Channel Closed: [id: 0x3ac390b2, L:/127.0.0.1:61387 ! R:localhost/127.0.0.1:54476] with attribute DISCARD
11:13:33.314 [AsyncHttpClient-1-1] DEBUG org.asynchttpclient.netty.channel.DefaultChannelPool - Entry count for : http://localhost:54476 : 1
11:13:33.314 [AsyncHttpClient-1-1] DEBUG org.asynchttpclient.netty.channel.DefaultChannelPool - Entry count for : http://localhost:61389 : 1
11:13:33.314 [AsyncHttpClient-1-1] DEBUG org.asynchttpclient.netty.channel.DefaultChannelPool - Adding Candidate expired Channel [id: 0x3ac390b2, L:/127.0.0.1:61387 ! R:localhost/127.0.0.1:54476] isIdleTimeoutExpired=false isRemotelyClosed=true isTtlExpired=false
11:13:33.314 [AsyncHttpClient-1-1] DEBUG org.asynchttpclient.netty.channel.DefaultChannelPool - Closing Idle Channel [id: 0x3ac390b2, L:/127.0.0.1:61387 ! R:localhost/127.0.0.1:54476]
11:13:33.314 [AsyncHttpClient-1-1] DEBUG org.asynchttpclient.netty.channel.DefaultChannelPool - Adding Candidate expired Channel [id: 0x0f280b77, L:/127.0.0.1:61398 ! R:localhost/127.0.0.1:61389] isIdleTimeoutExpired=false isRemotelyClosed=true isTtlExpired=false
11:13:33.314 [AsyncHttpClient-1-1] DEBUG org.asynchttpclient.netty.channel.DefaultChannelPool - Closing Idle Channel [id: 0x0f280b77, L:/127.0.0.1:61398 ! R:localhost/127.0.0.1:61389]
11:13:33.314 [AsyncHttpClient-1-1] DEBUG org.asynchttpclient.netty.channel.DefaultChannelPool - Closed 2 connections out of 2 in 0 ms
11:13:33.362 [main] INFO  - 
  _____   ___   ___   _____     ___     _     ___   ___   ___   ___  
 |_   _| | __| / __| |_   _|   | _ \   /_\   / __| / __| | __| |   \ 
   | |   | _|  \__ \   | |     |  _/  / _ \  \__ \ \__ \ | _|  | |) |
   |_|   |___| |___/   |_|     |_|   /_/ \_\ |___/ |___/ |___| |___/ 

As a admin i want to edit data pasien
----------------------------------------------------------------------
]]></system-out>
    <system-err><![CDATA[Starting ChromeDriver 102.0.5005.61 (0e59bcc00cc4985ce39ad31c150065f159d95ad3-refs/branch-heads/5005@{#819}) on port 54476
Only local connections are allowed.
Please see https://chromedriver.chromium.org/security-considerations for suggestions on keeping ChromeDriver safe.
ChromeDriver was started successfully.
Jun 18, 2022 11:13:12 AM org.openqa.selenium.remote.ProtocolHandshake createSession
INFO: Detected dialect: W3C
Jun 18, 2022 11:13:12 AM org.openqa.selenium.devtools.CdpVersionFinder findNearestMatch
WARNING: Unable to find an exact match for CDP version 102, so returning the closest version found: a no-op implementation
Jun 18, 2022 11:13:12 AM org.openqa.selenium.devtools.CdpVersionFinder findNearestMatch
INFO: Unable to find CDP implementation matching 102.
Jun 18, 2022 11:13:12 AM org.openqa.selenium.chromium.ChromiumDriver lambda$new$3
WARNING: Unable to find version of CDP to use for . You may need to include a dependency on a specific version of the CDP using something similar to `org.seleniumhq.selenium:selenium-devtools-v86:4.1.2` where the version ("v86") matches the version of the chromium-based browser you're using and the version number of the artifact is the same as Selenium's.
]]></system-err>
  </testcase>
  <testcase name="As a admin i want to edit data pasien #3" classname="Edit Data Pasien - Admin" time="23.146">
    <system-out><![CDATA[
@EditPatientData
Scenario Outline: As a admin i want to edit data pasien          &amp#27;[90m# src/test/resources/features/EditDataPasien.feature:18&amp#27;[0m
11:13:33.395 [main] INFO io.cucumber.core.plugin.SerenityReporter - Running feature from file:///D:/New%20folder%20(2)/Capstone/Testing/src/test/resources/features/EditDataPasien.feature
11:13:33.473 [main] DEBUG net.thucydides.core.steps.StepInterceptor - STARTING STEP: PatientDataSteps.openPageDataPasien - openDataPasien
11:13:33.476 [main] INFO net.serenitybdd.core.webdriver.driverproviders.ChromeDriverProvider - Using automatically driver download
11:13:33.799 [main] DEBUG io.github.bonigarcia.wdm.cache.ResolutionCache - Resolution chrome=102 in cache (valid until 12:10:27 18/06/2022 ICT)
11:13:33.814 [main] DEBUG io.github.bonigarcia.wdm.cache.ResolutionCache - Resolution chrome102=102.0.5005.61 in cache (valid until 19:49:35 18/06/2022 ICT)
11:13:33.823 [main] INFO io.github.bonigarcia.wdm.WebDriverManager - Using chromedriver 102.0.5005.61 (resolved driver for Chrome 102)
11:13:33.905 [main] DEBUG io.github.bonigarcia.wdm.WebDriverManager - Driver chromedriver 102.0.5005.61 found in cache
11:13:33.908 [main] INFO io.github.bonigarcia.wdm.WebDriverManager - Exporting webdriver.chrome.driver as C:\Users\ASUS\.cache\selenium\chromedriver\win32\102.0.5005.61\chromedriver.exe
11:13:34.162 [main] DEBUG net.serenitybdd.core.webdriver.driverproviders.ProvideNewDriver - Instantiating driver
11:13:34.162 [main] DEBUG net.serenitybdd.core.webdriver.driverproviders.ProvideNewDriver - Driver capabilities: Capabilities {acceptInsecureCerts: false, base.url: https://fanciful-trifle-360..., browserName: chrome, chore.driver: src/test/resources/webdrive..., driver: chrome, goog:chromeOptions: {args: [], extensions: []}}
11:13:34.730 [AsyncHttpClient-1-6] DEBUG org.asynchttpclient.netty.channel.NettyConnectListener - Using new Channel '[id: 0x2ee482fd, L:/127.0.0.1:61434 - R:localhost/127.0.0.1:64932]' for 'POST' to '/session'
11:13:36.768 [AsyncHttpClient-1-6] DEBUG org.asynchttpclient.netty.handler.HttpHandler - 

Request DefaultHttpRequest(decodeResult: success, version: HTTP/1.1)
POST /session HTTP/1.1
User-Agent: selenium/4.1.2 (java windows)
Content-Length: 628
Content-Type: application/json; charset=utf-8
host: localhost:64932
accept: */*

Response DefaultHttpResponse(decodeResult: success, version: HTTP/1.1)
HTTP/1.1 200 OK
Content-Type: application/json; charset=utf-8
cache-control: no-cache
content-length: 790

11:13:36.770 [AsyncHttpClient-1-6] DEBUG org.asynchttpclient.netty.channel.ChannelManager - Adding key: http://localhost:64932 for channel [id: 0x2ee482fd, L:/127.0.0.1:61434 - R:localhost/127.0.0.1:64932]
11:13:36.811 [AsyncHttpClient-1-7] DEBUG org.asynchttpclient.netty.channel.NettyConnectListener - Using new Channel '[id: 0x129100aa, L:/127.0.0.1:61447 - R:localhost/127.0.0.1:61436]' for 'GET' to '/json/version'
11:13:36.844 [AsyncHttpClient-1-7] DEBUG org.asynchttpclient.netty.handler.HttpHandler - 

Request DefaultFullHttpRequest(decodeResult: success, version: HTTP/1.1, content: EmptyByteBufBE)
GET /json/version HTTP/1.1
User-Agent: selenium/4.1.2 (java windows)
host: localhost:61436
accept: */*

Response DefaultHttpResponse(decodeResult: success, version: HTTP/1.1)
HTTP/1.1 200 OK
Content-Type: application/json; charset=UTF-8
content-length: 428

11:13:36.844 [AsyncHttpClient-1-7] DEBUG org.asynchttpclient.netty.channel.ChannelManager - Adding key: http://localhost:61436 for channel [id: 0x129100aa, L:/127.0.0.1:61447 - R:localhost/127.0.0.1:61436]
11:13:36.851 [AsyncHttpClient-1-8] DEBUG org.asynchttpclient.netty.channel.NettyConnectListener - Using new Channel '[id: 0xf9ea252a, L:/127.0.0.1:61448 - R:localhost/127.0.0.1:61436]' for 'GET' to '/devtools/browser/8890dcce-8a59-41eb-b953-bf0cb79d3f52'
11:13:36.872 [AsyncHttpClient-1-8] DEBUG org.asynchttpclient.netty.handler.WebSocketHandler - 

Request DefaultFullHttpRequest(decodeResult: success, version: HTTP/1.1, content: EmptyByteBufBE)
GET /devtools/browser/8890dcce-8a59-41eb-b953-bf0cb79d3f52 HTTP/1.1
upgrade: websocket
connection: upgrade
sec-websocket-key: QP+ilcadCwcGcb74sP0KHA==
sec-websocket-version: 13
origin: http://localhost:61436
host: localhost:61436
accept: */*
user-agent: AHC/2.1

Response DefaultHttpResponse(decodeResult: success, version: HTTP/1.1)
HTTP/1.1 101 WebSocket Protocol Handshake
Upgrade: WebSocket
Connection: Upgrade
Sec-WebSocket-Accept: LxrzuCZ07gzFJZAhjP6uH53FNE8=

11:13:36.897 [Forwarding get on session e7ae466e513374b63cac5f5c40319e39 to remote] DEBUG org.asynchttpclient.netty.request.NettyRequestSender - Using pooled Channel '[id: 0x2ee482fd, L:/127.0.0.1:61434 - R:localhost/127.0.0.1:64932]' for 'POST' to 'http://localhost:64932/session/e7ae466e513374b63cac5f5c40319e39/url'
11:13:36.897 [Forwarding get on session e7ae466e513374b63cac5f5c40319e39 to remote] DEBUG org.asynchttpclient.netty.request.NettyRequestSender - Using open Channel [id: 0x2ee482fd, L:/127.0.0.1:61434 - R:localhost/127.0.0.1:64932] for POST '/session/e7ae466e513374b63cac5f5c40319e39/url'
11:13:37.712 [AsyncHttpClient-1-1] DEBUG org.asynchttpclient.netty.channel.DefaultChannelPool - Entry count for : http://localhost:61436 : 1
11:13:38.416 [AsyncHttpClient-1-6] DEBUG org.asynchttpclient.netty.handler.HttpHandler - 

Request DefaultHttpRequest(decodeResult: success, version: HTTP/1.1)
POST /session/e7ae466e513374b63cac5f5c40319e39/url HTTP/1.1
User-Agent: selenium/4.1.2 (java windows)
Content-Length: 84
Content-Type: application/json; charset=utf-8
host: localhost:64932
accept: */*

Response DefaultHttpResponse(decodeResult: success, version: HTTP/1.1)
HTTP/1.1 200 OK
Content-Type: application/json; charset=utf-8
cache-control: no-cache
content-length: 14

11:13:38.417 [AsyncHttpClient-1-6] DEBUG org.asynchttpclient.netty.channel.ChannelManager - Adding key: http://localhost:64932 for channel [id: 0x2ee482fd, L:/127.0.0.1:61434 - R:localhost/127.0.0.1:64932]
11:13:38.421 [Forwarding setTimeout on session e7ae466e513374b63cac5f5c40319e39 to remote] DEBUG org.asynchttpclient.netty.request.NettyRequestSender - Using pooled Channel '[id: 0x2ee482fd, L:/127.0.0.1:61434 - R:localhost/127.0.0.1:64932]' for 'POST' to 'http://localhost:64932/session/e7ae466e513374b63cac5f5c40319e39/timeouts'
11:13:38.421 [Forwarding setTimeout on session e7ae466e513374b63cac5f5c40319e39 to remote] DEBUG org.asynchttpclient.netty.request.NettyRequestSender - Using open Channel [id: 0x2ee482fd, L:/127.0.0.1:61434 - R:localhost/127.0.0.1:64932] for POST '/session/e7ae466e513374b63cac5f5c40319e39/timeouts'
11:13:38.423 [AsyncHttpClient-1-6] DEBUG org.asynchttpclient.netty.handler.HttpHandler - 

Request DefaultHttpRequest(decodeResult: success, version: HTTP/1.1)
POST /session/e7ae466e513374b63cac5f5c40319e39/timeouts HTTP/1.1
User-Agent: selenium/4.1.2 (java windows)
Content-Length: 22
Content-Type: application/json; charset=utf-8
host: localhost:64932
accept: */*

Response DefaultHttpResponse(decodeResult: success, version: HTTP/1.1)
HTTP/1.1 200 OK
Content-Type: application/json; charset=utf-8
cache-control: no-cache
content-length: 14

11:13:38.423 [AsyncHttpClient-1-6] DEBUG org.asynchttpclient.netty.channel.ChannelManager - Adding key: http://localhost:64932 for channel [id: 0x2ee482fd, L:/127.0.0.1:61434 - R:localhost/127.0.0.1:64932]
11:13:38.428 [Forwarding getCurrentUrl on session e7ae466e513374b63cac5f5c40319e39 to remote] DEBUG org.asynchttpclient.netty.request.NettyRequestSender - Using pooled Channel '[id: 0x2ee482fd, L:/127.0.0.1:61434 - R:localhost/127.0.0.1:64932]' for 'GET' to 'http://localhost:64932/session/e7ae466e513374b63cac5f5c40319e39/url'
11:13:38.428 [Forwarding getCurrentUrl on session e7ae466e513374b63cac5f5c40319e39 to remote] DEBUG org.asynchttpclient.netty.request.NettyRequestSender - Using open Channel [id: 0x2ee482fd, L:/127.0.0.1:61434 - R:localhost/127.0.0.1:64932] for GET '/session/e7ae466e513374b63cac5f5c40319e39/url'
11:13:38.441 [AsyncHttpClient-1-6] DEBUG org.asynchttpclient.netty.handler.HttpHandler - 

Request DefaultFullHttpRequest(decodeResult: success, version: HTTP/1.1, content: EmptyByteBufBE)
GET /session/e7ae466e513374b63cac5f5c40319e39/url HTTP/1.1
User-Agent: selenium/4.1.2 (java windows)
Cache-Control: no-cache
Content-Type: application/json; charset=utf-8
host: localhost:64932
accept: */*

Response DefaultHttpResponse(decodeResult: success, version: HTTP/1.1)
HTTP/1.1 200 OK
Content-Type: application/json; charset=utf-8
cache-control: no-cache
content-length: 66

11:13:38.442 [AsyncHttpClient-1-6] DEBUG org.asynchttpclient.netty.channel.ChannelManager - Adding key: http://localhost:64932 for channel [id: 0x2ee482fd, L:/127.0.0.1:61434 - R:localhost/127.0.0.1:64932]
11:13:38.458 [Forwarding screenshot on session e7ae466e513374b63cac5f5c40319e39 to remote] DEBUG org.asynchttpclient.netty.request.NettyRequestSender - Using pooled Channel '[id: 0x2ee482fd, L:/127.0.0.1:61434 - R:localhost/127.0.0.1:64932]' for 'GET' to 'http://localhost:64932/session/e7ae466e513374b63cac5f5c40319e39/screenshot'
11:13:38.458 [Forwarding screenshot on session e7ae466e513374b63cac5f5c40319e39 to remote] DEBUG org.asynchttpclient.netty.request.NettyRequestSender - Using open Channel [id: 0x2ee482fd, L:/127.0.0.1:61434 - R:localhost/127.0.0.1:64932] for GET '/session/e7ae466e513374b63cac5f5c40319e39/screenshot'
11:13:38.826 [AsyncHttpClient-1-1] DEBUG org.asynchttpclient.netty.channel.DefaultChannelPool - Entry count for : http://localhost:61436 : 1
11:13:39.514 [AsyncHttpClient-1-6] DEBUG org.asynchttpclient.netty.handler.HttpHandler - 

Request DefaultFullHttpRequest(decodeResult: success, version: HTTP/1.1, content: EmptyByteBufBE)
GET /session/e7ae466e513374b63cac5f5c40319e39/screenshot HTTP/1.1
User-Agent: selenium/4.1.2 (java windows)
Cache-Control: no-cache
Content-Type: application/json; charset=utf-8
host: localhost:64932
accept: */*

Response DefaultHttpResponse(decodeResult: success, version: HTTP/1.1)
HTTP/1.1 200 OK
Content-Type: application/json; charset=utf-8
cache-control: no-cache
content-length: 66608

11:13:39.515 [AsyncHttpClient-1-6] DEBUG org.asynchttpclient.netty.channel.ChannelManager - Adding key: http://localhost:64932 for channel [id: 0x2ee482fd, L:/127.0.0.1:61434 - R:localhost/127.0.0.1:64932]
11:13:39.527 [main] DEBUG net.serenitybdd.core.photography.Darkroom - Send negative for processing for target\site\serenity\3b111ae00db26295d7ecbde886ea4451aead6619240013077047abd82e88d678.png
11:13:39.528 [main] DEBUG net.thucydides.core.steps.StepInterceptor - STEP DONE: openDataPasien
  &amp#27;[32mGiven &amp#27;[0m&amp#27;[32mOpen page data pasien&amp#27;[0m                                    &amp#27;[90m# starter.stepdefinitios.PatientDataSteps.openPageDataPasien()&amp#27;[0m
11:13:39.600 [Forwarding screenshot on session e7ae466e513374b63cac5f5c40319e39 to remote] DEBUG org.asynchttpclient.netty.request.NettyRequestSender - Using pooled Channel '[id: 0x2ee482fd, L:/127.0.0.1:61434 - R:localhost/127.0.0.1:64932]' for 'GET' to 'http://localhost:64932/session/e7ae466e513374b63cac5f5c40319e39/screenshot'
11:13:39.600 [Forwarding screenshot on session e7ae466e513374b63cac5f5c40319e39 to remote] DEBUG org.asynchttpclient.netty.request.NettyRequestSender - Using open Channel [id: 0x2ee482fd, L:/127.0.0.1:61434 - R:localhost/127.0.0.1:64932] for GET '/session/e7ae466e513374b63cac5f5c40319e39/screenshot'
11:13:39.827 [AsyncHttpClient-1-6] DEBUG org.asynchttpclient.netty.handler.HttpHandler - 

Request DefaultFullHttpRequest(decodeResult: success, version: HTTP/1.1, content: EmptyByteBufBE)
GET /session/e7ae466e513374b63cac5f5c40319e39/screenshot HTTP/1.1
User-Agent: selenium/4.1.2 (java windows)
Cache-Control: no-cache
Content-Type: application/json; charset=utf-8
host: localhost:64932
accept: */*

Response DefaultHttpResponse(decodeResult: success, version: HTTP/1.1)
HTTP/1.1 200 OK
Content-Type: application/json; charset=utf-8
cache-control: no-cache
content-length: 80012

11:13:39.827 [AsyncHttpClient-1-6] DEBUG org.asynchttpclient.netty.channel.ChannelManager - Adding key: http://localhost:64932 for channel [id: 0x2ee482fd, L:/127.0.0.1:61434 - R:localhost/127.0.0.1:64932]
11:13:39.838 [main] DEBUG net.serenitybdd.core.photography.Darkroom - Send negative for processing for target\site\serenity\4ca230a09c30c10082a8104e80465ce24be08e4e9bb23af8d7f686b90b28f4b8.png
11:13:39.839 [main] DEBUG net.thucydides.core.steps.StepInterceptor - STARTING STEP: PatientDataSteps.clickDetailPatientData - clickButtonDetail
11:13:39.842 [Darkroom Processing Line] DEBUG net.serenitybdd.core.photography.DarkroomProcessingLine - Processing screenshot image in /var/screenshots/screenshot-4203905045574517165
11:13:39.842 [Darkroom Processing Line] DEBUG net.serenitybdd.core.photography.DarkroomProcessingLine - Saving screenshot to target\site\serenity\4ca230a09c30c10082a8104e80465ce24be08e4e9bb23af8d7f686b90b28f4b8.png
11:13:39.846 [Forwarding findElement on session e7ae466e513374b63cac5f5c40319e39 to remote] DEBUG org.asynchttpclient.netty.request.NettyRequestSender - Using pooled Channel '[id: 0x2ee482fd, L:/127.0.0.1:61434 - R:localhost/127.0.0.1:64932]' for 'POST' to 'http://localhost:64932/session/e7ae466e513374b63cac5f5c40319e39/element'
11:13:39.846 [Forwarding findElement on session e7ae466e513374b63cac5f5c40319e39 to remote] DEBUG org.asynchttpclient.netty.request.NettyRequestSender - Using open Channel [id: 0x2ee482fd, L:/127.0.0.1:61434 - R:localhost/127.0.0.1:64932] for POST '/session/e7ae466e513374b63cac5f5c40319e39/element'
11:13:39.876 [AsyncHttpClient-1-6] DEBUG org.asynchttpclient.netty.handler.HttpHandler - 

Request DefaultHttpRequest(decodeResult: success, version: HTTP/1.1)
POST /session/e7ae466e513374b63cac5f5c40319e39/element HTTP/1.1
User-Agent: selenium/4.1.2 (java windows)
Content-Length: 92
Content-Type: application/json; charset=utf-8
host: localhost:64932
accept: */*

Response DefaultHttpResponse(decodeResult: success, version: HTTP/1.1)
HTTP/1.1 200 OK
Content-Type: application/json; charset=utf-8
cache-control: no-cache
content-length: 88

11:13:39.876 [AsyncHttpClient-1-6] DEBUG org.asynchttpclient.netty.channel.ChannelManager - Adding key: http://localhost:64932 for channel [id: 0x2ee482fd, L:/127.0.0.1:61434 - R:localhost/127.0.0.1:64932]
11:13:39.879 [Forwarding getElementTagName on session e7ae466e513374b63cac5f5c40319e39 to remote] DEBUG org.asynchttpclient.netty.request.NettyRequestSender - Using pooled Channel '[id: 0x2ee482fd, L:/127.0.0.1:61434 - R:localhost/127.0.0.1:64932]' for 'GET' to 'http://localhost:64932/session/e7ae466e513374b63cac5f5c40319e39/element/2142422e-4781-4aba-8cba-d63a1fb1a605/name'
11:13:39.879 [Forwarding getElementTagName on session e7ae466e513374b63cac5f5c40319e39 to remote] DEBUG org.asynchttpclient.netty.request.NettyRequestSender - Using open Channel [id: 0x2ee482fd, L:/127.0.0.1:61434 - R:localhost/127.0.0.1:64932] for GET '/session/e7ae466e513374b63cac5f5c40319e39/element/2142422e-4781-4aba-8cba-d63a1fb1a605/name'
11:13:39.890 [AsyncHttpClient-1-6] DEBUG org.asynchttpclient.netty.handler.HttpHandler - 

Request DefaultFullHttpRequest(decodeResult: success, version: HTTP/1.1, content: EmptyByteBufBE)
GET /session/e7ae466e513374b63cac5f5c40319e39/element/2142422e-4781-4aba-8cba-d63a1fb1a605/name HTTP/1.1
User-Agent: selenium/4.1.2 (java windows)
Cache-Control: no-cache
Content-Type: application/json; charset=utf-8
host: localhost:64932
accept: */*

Response DefaultHttpResponse(decodeResult: success, version: HTTP/1.1)
HTTP/1.1 200 OK
Content-Type: application/json; charset=utf-8
cache-control: no-cache
content-length: 15

11:13:39.890 [AsyncHttpClient-1-6] DEBUG org.asynchttpclient.netty.channel.ChannelManager - Adding key: http://localhost:64932 for channel [id: 0x2ee482fd, L:/127.0.0.1:61434 - R:localhost/127.0.0.1:64932]
11:13:39.892 [Forwarding getElementTagName on session e7ae466e513374b63cac5f5c40319e39 to remote] DEBUG org.asynchttpclient.netty.request.NettyRequestSender - Using pooled Channel '[id: 0x2ee482fd, L:/127.0.0.1:61434 - R:localhost/127.0.0.1:64932]' for 'GET' to 'http://localhost:64932/session/e7ae466e513374b63cac5f5c40319e39/element/2142422e-4781-4aba-8cba-d63a1fb1a605/name'
11:13:39.893 [Forwarding getElementTagName on session e7ae466e513374b63cac5f5c40319e39 to remote] DEBUG org.asynchttpclient.netty.request.NettyRequestSender - Using open Channel [id: 0x2ee482fd, L:/127.0.0.1:61434 - R:localhost/127.0.0.1:64932] for GET '/session/e7ae466e513374b63cac5f5c40319e39/element/2142422e-4781-4aba-8cba-d63a1fb1a605/name'
11:13:39.899 [AsyncHttpClient-1-6] DEBUG org.asynchttpclient.netty.handler.HttpHandler - 

Request DefaultFullHttpRequest(decodeResult: success, version: HTTP/1.1, content: EmptyByteBufBE)
GET /session/e7ae466e513374b63cac5f5c40319e39/element/2142422e-4781-4aba-8cba-d63a1fb1a605/name HTTP/1.1
User-Agent: selenium/4.1.2 (java windows)
Cache-Control: no-cache
Content-Type: application/json; charset=utf-8
host: localhost:64932
accept: */*

Response DefaultHttpResponse(decodeResult: success, version: HTTP/1.1)
HTTP/1.1 200 OK
Content-Type: application/json; charset=utf-8
cache-control: no-cache
content-length: 15

11:13:39.899 [AsyncHttpClient-1-6] DEBUG org.asynchttpclient.netty.channel.ChannelManager - Adding key: http://localhost:64932 for channel [id: 0x2ee482fd, L:/127.0.0.1:61434 - R:localhost/127.0.0.1:64932]
11:13:39.904 [Forwarding findElement on session e7ae466e513374b63cac5f5c40319e39 to remote] DEBUG org.asynchttpclient.netty.request.NettyRequestSender - Using pooled Channel '[id: 0x2ee482fd, L:/127.0.0.1:61434 - R:localhost/127.0.0.1:64932]' for 'POST' to 'http://localhost:64932/session/e7ae466e513374b63cac5f5c40319e39/element'
11:13:39.904 [Forwarding findElement on session e7ae466e513374b63cac5f5c40319e39 to remote] DEBUG org.asynchttpclient.netty.request.NettyRequestSender - Using open Channel [id: 0x2ee482fd, L:/127.0.0.1:61434 - R:localhost/127.0.0.1:64932] for POST '/session/e7ae466e513374b63cac5f5c40319e39/element'
11:13:39.913 [AsyncHttpClient-1-1] DEBUG org.asynchttpclient.netty.channel.DefaultChannelPool - Entry count for : http://localhost:61436 : 1
11:13:39.926 [AsyncHttpClient-1-6] DEBUG org.asynchttpclient.netty.handler.HttpHandler - 

Request DefaultHttpRequest(decodeResult: success, version: HTTP/1.1)
POST /session/e7ae466e513374b63cac5f5c40319e39/element HTTP/1.1
User-Agent: selenium/4.1.2 (java windows)
Content-Length: 92
Content-Type: application/json; charset=utf-8
host: localhost:64932
accept: */*

Response DefaultHttpResponse(decodeResult: success, version: HTTP/1.1)
HTTP/1.1 200 OK
Content-Type: application/json; charset=utf-8
cache-control: no-cache
content-length: 88

11:13:39.926 [AsyncHttpClient-1-6] DEBUG org.asynchttpclient.netty.channel.ChannelManager - Adding key: http://localhost:64932 for channel [id: 0x2ee482fd, L:/127.0.0.1:61434 - R:localhost/127.0.0.1:64932]
11:13:39.928 [Forwarding clickElement on session e7ae466e513374b63cac5f5c40319e39 to remote] DEBUG org.asynchttpclient.netty.request.NettyRequestSender - Using pooled Channel '[id: 0x2ee482fd, L:/127.0.0.1:61434 - R:localhost/127.0.0.1:64932]' for 'POST' to 'http://localhost:64932/session/e7ae466e513374b63cac5f5c40319e39/element/2142422e-4781-4aba-8cba-d63a1fb1a605/click'
11:13:39.928 [Forwarding clickElement on session e7ae466e513374b63cac5f5c40319e39 to remote] DEBUG org.asynchttpclient.netty.request.NettyRequestSender - Using open Channel [id: 0x2ee482fd, L:/127.0.0.1:61434 - R:localhost/127.0.0.1:64932] for POST '/session/e7ae466e513374b63cac5f5c40319e39/element/2142422e-4781-4aba-8cba-d63a1fb1a605/click'
11:13:40.385 [AsyncHttpClient-1-6] DEBUG org.asynchttpclient.netty.handler.HttpHandler - 

Request DefaultHttpRequest(decodeResult: success, version: HTTP/1.1)
POST /session/e7ae466e513374b63cac5f5c40319e39/element/2142422e-4781-4aba-8cba-d63a1fb1a605/click HTTP/1.1
User-Agent: selenium/4.1.2 (java windows)
Content-Length: 50
Content-Type: application/json; charset=utf-8
host: localhost:64932
accept: */*

Response DefaultHttpResponse(decodeResult: success, version: HTTP/1.1)
HTTP/1.1 200 OK
Content-Type: application/json; charset=utf-8
cache-control: no-cache
content-length: 14

11:13:40.386 [AsyncHttpClient-1-6] DEBUG org.asynchttpclient.netty.channel.ChannelManager - Adding key: http://localhost:64932 for channel [id: 0x2ee482fd, L:/127.0.0.1:61434 - R:localhost/127.0.0.1:64932]
11:13:40.406 [Forwarding screenshot on session e7ae466e513374b63cac5f5c40319e39 to remote] DEBUG org.asynchttpclient.netty.request.NettyRequestSender - Using pooled Channel '[id: 0x2ee482fd, L:/127.0.0.1:61434 - R:localhost/127.0.0.1:64932]' for 'GET' to 'http://localhost:64932/session/e7ae466e513374b63cac5f5c40319e39/screenshot'
11:13:40.407 [Forwarding screenshot on session e7ae466e513374b63cac5f5c40319e39 to remote] DEBUG org.asynchttpclient.netty.request.NettyRequestSender - Using open Channel [id: 0x2ee482fd, L:/127.0.0.1:61434 - R:localhost/127.0.0.1:64932] for GET '/session/e7ae466e513374b63cac5f5c40319e39/screenshot'
11:13:41.013 [AsyncHttpClient-1-1] DEBUG org.asynchttpclient.netty.channel.DefaultChannelPool - Entry count for : http://localhost:61436 : 1
11:13:41.049 [AsyncHttpClient-1-6] DEBUG org.asynchttpclient.netty.handler.HttpHandler - 

Request DefaultFullHttpRequest(decodeResult: success, version: HTTP/1.1, content: EmptyByteBufBE)
GET /session/e7ae466e513374b63cac5f5c40319e39/screenshot HTTP/1.1
User-Agent: selenium/4.1.2 (java windows)
Cache-Control: no-cache
Content-Type: application/json; charset=utf-8
host: localhost:64932
accept: */*

Response DefaultHttpResponse(decodeResult: success, version: HTTP/1.1)
HTTP/1.1 200 OK
Content-Type: application/json; charset=utf-8
cache-control: no-cache
content-length: 55840

11:13:41.050 [AsyncHttpClient-1-6] DEBUG org.asynchttpclient.netty.channel.ChannelManager - Adding key: http://localhost:64932 for channel [id: 0x2ee482fd, L:/127.0.0.1:61434 - R:localhost/127.0.0.1:64932]
11:13:41.056 [main] DEBUG net.serenitybdd.core.photography.Darkroom - Send negative for processing for target\site\serenity\ecb1cf4707b4b6384a4169ba428a2e802f0c37f551699e269a7a3dd35576c802.png
11:13:41.056 [main] DEBUG net.thucydides.core.steps.StepInterceptor - STEP DONE: clickButtonDetail
  &amp#27;[32mAnd &amp#27;[0m&amp#27;[32mClick Detail Patient data&amp#27;[0m                                  &amp#27;[90m# starter.stepdefinitios.PatientDataSteps.clickDetailPatientData()&amp#27;[0m
11:13:41.063 [Darkroom Processing Line] DEBUG net.serenitybdd.core.photography.DarkroomProcessingLine - Processing screenshot image in /var/screenshots/screenshot-13608384250812651303
11:13:41.063 [Darkroom Processing Line] DEBUG net.serenitybdd.core.photography.DarkroomProcessingLine - Saving screenshot to target\site\serenity\ecb1cf4707b4b6384a4169ba428a2e802f0c37f551699e269a7a3dd35576c802.png
11:13:41.606 [Forwarding screenshot on session e7ae466e513374b63cac5f5c40319e39 to remote] DEBUG org.asynchttpclient.netty.request.NettyRequestSender - Using pooled Channel '[id: 0x2ee482fd, L:/127.0.0.1:61434 - R:localhost/127.0.0.1:64932]' for 'GET' to 'http://localhost:64932/session/e7ae466e513374b63cac5f5c40319e39/screenshot'
11:13:41.606 [Forwarding screenshot on session e7ae466e513374b63cac5f5c40319e39 to remote] DEBUG org.asynchttpclient.netty.request.NettyRequestSender - Using open Channel [id: 0x2ee482fd, L:/127.0.0.1:61434 - R:localhost/127.0.0.1:64932] for GET '/session/e7ae466e513374b63cac5f5c40319e39/screenshot'
11:13:41.945 [AsyncHttpClient-1-6] DEBUG org.asynchttpclient.netty.handler.HttpHandler - 

Request DefaultFullHttpRequest(decodeResult: success, version: HTTP/1.1, content: EmptyByteBufBE)
GET /session/e7ae466e513374b63cac5f5c40319e39/screenshot HTTP/1.1
User-Agent: selenium/4.1.2 (java windows)
Cache-Control: no-cache
Content-Type: application/json; charset=utf-8
host: localhost:64932
accept: */*

Response DefaultHttpResponse(decodeResult: success, version: HTTP/1.1)
HTTP/1.1 200 OK
Content-Type: application/json; charset=utf-8
cache-control: no-cache
content-length: 409356

11:13:41.950 [AsyncHttpClient-1-6] DEBUG org.asynchttpclient.netty.channel.ChannelManager - Adding key: http://localhost:64932 for channel [id: 0x2ee482fd, L:/127.0.0.1:61434 - R:localhost/127.0.0.1:64932]
11:13:41.980 [main] DEBUG net.serenitybdd.core.photography.Darkroom - Send negative for processing for target\site\serenity\9d7ea7d6200e289c1bf136baeb3b587ca310a1c9eae638e562ba8cfd3510d081.png
11:13:41.980 [main] DEBUG net.thucydides.core.steps.StepInterceptor - STARTING STEP: PatientDataSteps.validData - checkValidDataPasien
11:13:41.989 [Forwarding findElement on session e7ae466e513374b63cac5f5c40319e39 to remote] DEBUG org.asynchttpclient.netty.request.NettyRequestSender - Using pooled Channel '[id: 0x2ee482fd, L:/127.0.0.1:61434 - R:localhost/127.0.0.1:64932]' for 'POST' to 'http://localhost:64932/session/e7ae466e513374b63cac5f5c40319e39/element'
11:13:41.989 [Forwarding findElement on session e7ae466e513374b63cac5f5c40319e39 to remote] DEBUG org.asynchttpclient.netty.request.NettyRequestSender - Using open Channel [id: 0x2ee482fd, L:/127.0.0.1:61434 - R:localhost/127.0.0.1:64932] for POST '/session/e7ae466e513374b63cac5f5c40319e39/element'
11:13:42.014 [Darkroom Processing Line] DEBUG net.serenitybdd.core.photography.DarkroomProcessingLine - Processing screenshot image in /var/screenshots/screenshot-15827275508477951531
11:13:42.015 [Darkroom Processing Line] DEBUG net.serenitybdd.core.photography.DarkroomProcessingLine - Saving screenshot to target\site\serenity\9d7ea7d6200e289c1bf136baeb3b587ca310a1c9eae638e562ba8cfd3510d081.png
11:13:42.061 [AsyncHttpClient-1-6] DEBUG org.asynchttpclient.netty.handler.HttpHandler - 

Request DefaultHttpRequest(decodeResult: success, version: HTTP/1.1)
POST /session/e7ae466e513374b63cac5f5c40319e39/element HTTP/1.1
User-Agent: selenium/4.1.2 (java windows)
Content-Length: 95
Content-Type: application/json; charset=utf-8
host: localhost:64932
accept: */*

Response DefaultHttpResponse(decodeResult: success, version: HTTP/1.1)
HTTP/1.1 200 OK
Content-Type: application/json; charset=utf-8
cache-control: no-cache
content-length: 88

11:13:42.061 [AsyncHttpClient-1-6] DEBUG org.asynchttpclient.netty.channel.ChannelManager - Adding key: http://localhost:64932 for channel [id: 0x2ee482fd, L:/127.0.0.1:61434 - R:localhost/127.0.0.1:64932]
11:13:42.063 [Forwarding isElementEnabled on session e7ae466e513374b63cac5f5c40319e39 to remote] DEBUG org.asynchttpclient.netty.request.NettyRequestSender - Using pooled Channel '[id: 0x2ee482fd, L:/127.0.0.1:61434 - R:localhost/127.0.0.1:64932]' for 'GET' to 'http://localhost:64932/session/e7ae466e513374b63cac5f5c40319e39/element/48872556-0e04-43bf-89ad-3f322f38c55b/enabled'
11:13:42.063 [Forwarding isElementEnabled on session e7ae466e513374b63cac5f5c40319e39 to remote] DEBUG org.asynchttpclient.netty.request.NettyRequestSender - Using open Channel [id: 0x2ee482fd, L:/127.0.0.1:61434 - R:localhost/127.0.0.1:64932] for GET '/session/e7ae466e513374b63cac5f5c40319e39/element/48872556-0e04-43bf-89ad-3f322f38c55b/enabled'
11:13:42.091 [AsyncHttpClient-1-6] DEBUG org.asynchttpclient.netty.handler.HttpHandler - 

Request DefaultFullHttpRequest(decodeResult: success, version: HTTP/1.1, content: EmptyByteBufBE)
GET /session/e7ae466e513374b63cac5f5c40319e39/element/48872556-0e04-43bf-89ad-3f322f38c55b/enabled HTTP/1.1
User-Agent: selenium/4.1.2 (java windows)
Cache-Control: no-cache
Content-Type: application/json; charset=utf-8
host: localhost:64932
accept: */*

Response DefaultHttpResponse(decodeResult: success, version: HTTP/1.1)
HTTP/1.1 200 OK
Content-Type: application/json; charset=utf-8
cache-control: no-cache
content-length: 14

11:13:42.091 [AsyncHttpClient-1-6] DEBUG org.asynchttpclient.netty.channel.ChannelManager - Adding key: http://localhost:64932 for channel [id: 0x2ee482fd, L:/127.0.0.1:61434 - R:localhost/127.0.0.1:64932]
11:13:42.105 [Forwarding screenshot on session e7ae466e513374b63cac5f5c40319e39 to remote] DEBUG org.asynchttpclient.netty.request.NettyRequestSender - Using pooled Channel '[id: 0x2ee482fd, L:/127.0.0.1:61434 - R:localhost/127.0.0.1:64932]' for 'GET' to 'http://localhost:64932/session/e7ae466e513374b63cac5f5c40319e39/screenshot'
11:13:42.105 [Forwarding screenshot on session e7ae466e513374b63cac5f5c40319e39 to remote] DEBUG org.asynchttpclient.netty.request.NettyRequestSender - Using open Channel [id: 0x2ee482fd, L:/127.0.0.1:61434 - R:localhost/127.0.0.1:64932] for GET '/session/e7ae466e513374b63cac5f5c40319e39/screenshot'
11:13:42.149 [AsyncHttpClient-1-1] DEBUG org.asynchttpclient.netty.channel.DefaultChannelPool - Entry count for : http://localhost:61436 : 1
11:13:42.493 [AsyncHttpClient-1-6] DEBUG org.asynchttpclient.netty.handler.HttpHandler - 

Request DefaultFullHttpRequest(decodeResult: success, version: HTTP/1.1, content: EmptyByteBufBE)
GET /session/e7ae466e513374b63cac5f5c40319e39/screenshot HTTP/1.1
User-Agent: selenium/4.1.2 (java windows)
Cache-Control: no-cache
Content-Type: application/json; charset=utf-8
host: localhost:64932
accept: */*

Response DefaultHttpResponse(decodeResult: success, version: HTTP/1.1)
HTTP/1.1 200 OK
Content-Type: application/json; charset=utf-8
cache-control: no-cache
content-length: 409356

11:13:42.496 [AsyncHttpClient-1-6] DEBUG org.asynchttpclient.netty.channel.ChannelManager - Adding key: http://localhost:64932 for channel [id: 0x2ee482fd, L:/127.0.0.1:61434 - R:localhost/127.0.0.1:64932]
11:13:42.531 [main] DEBUG net.serenitybdd.core.photography.Darkroom - Send negative for processing for target\site\serenity\9d7ea7d6200e289c1bf136baeb3b587ca310a1c9eae638e562ba8cfd3510d081.png
11:13:42.531 [main] DEBUG net.thucydides.core.steps.StepInterceptor - STEP DONE: checkValidDataPasien
  &amp#27;[32mWhen &amp#27;[0m&amp#27;[32mValid data detail pasien&amp#27;[0m                                  &amp#27;[90m# starter.stepdefinitios.PatientDataSteps.validData()&amp#27;[0m
11:13:42.600 [Forwarding screenshot on session e7ae466e513374b63cac5f5c40319e39 to remote] DEBUG org.asynchttpclient.netty.request.NettyRequestSender - Using pooled Channel '[id: 0x2ee482fd, L:/127.0.0.1:61434 - R:localhost/127.0.0.1:64932]' for 'GET' to 'http://localhost:64932/session/e7ae466e513374b63cac5f5c40319e39/screenshot'
11:13:42.600 [Forwarding screenshot on session e7ae466e513374b63cac5f5c40319e39 to remote] DEBUG org.asynchttpclient.netty.request.NettyRequestSender - Using open Channel [id: 0x2ee482fd, L:/127.0.0.1:61434 - R:localhost/127.0.0.1:64932] for GET '/session/e7ae466e513374b63cac5f5c40319e39/screenshot'
11:13:43.083 [AsyncHttpClient-1-6] DEBUG org.asynchttpclient.netty.handler.HttpHandler - 

Request DefaultFullHttpRequest(decodeResult: success, version: HTTP/1.1, content: EmptyByteBufBE)
GET /session/e7ae466e513374b63cac5f5c40319e39/screenshot HTTP/1.1
User-Agent: selenium/4.1.2 (java windows)
Cache-Control: no-cache
Content-Type: application/json; charset=utf-8
host: localhost:64932
accept: */*

Response DefaultHttpResponse(decodeResult: success, version: HTTP/1.1)
HTTP/1.1 200 OK
Content-Type: application/json; charset=utf-8
cache-control: no-cache
content-length: 409356

11:13:43.085 [AsyncHttpClient-1-6] DEBUG org.asynchttpclient.netty.channel.ChannelManager - Adding key: http://localhost:64932 for channel [id: 0x2ee482fd, L:/127.0.0.1:61434 - R:localhost/127.0.0.1:64932]
11:13:43.121 [main] DEBUG net.serenitybdd.core.photography.Darkroom - Send negative for processing for target\site\serenity\9d7ea7d6200e289c1bf136baeb3b587ca310a1c9eae638e562ba8cfd3510d081.png
11:13:43.141 [main] DEBUG net.thucydides.core.steps.StepInterceptor - STARTING STEP: PatientDataSteps.clickButtonEditProfil - clickButtonEditDataPasien
11:13:43.148 [Forwarding findElement on session e7ae466e513374b63cac5f5c40319e39 to remote] DEBUG org.asynchttpclient.netty.request.NettyRequestSender - Using pooled Channel '[id: 0x2ee482fd, L:/127.0.0.1:61434 - R:localhost/127.0.0.1:64932]' for 'POST' to 'http://localhost:64932/session/e7ae466e513374b63cac5f5c40319e39/element'
11:13:43.148 [Forwarding findElement on session e7ae466e513374b63cac5f5c40319e39 to remote] DEBUG org.asynchttpclient.netty.request.NettyRequestSender - Using open Channel [id: 0x2ee482fd, L:/127.0.0.1:61434 - R:localhost/127.0.0.1:64932] for POST '/session/e7ae466e513374b63cac5f5c40319e39/element'
11:13:43.187 [AsyncHttpClient-1-6] DEBUG org.asynchttpclient.netty.handler.HttpHandler - 

Request DefaultHttpRequest(decodeResult: success, version: HTTP/1.1)
POST /session/e7ae466e513374b63cac5f5c40319e39/element HTTP/1.1
User-Agent: selenium/4.1.2 (java windows)
Content-Length: 116
Content-Type: application/json; charset=utf-8
host: localhost:64932
accept: */*

Response DefaultHttpResponse(decodeResult: success, version: HTTP/1.1)
HTTP/1.1 200 OK
Content-Type: application/json; charset=utf-8
cache-control: no-cache
content-length: 88

11:13:43.187 [AsyncHttpClient-1-6] DEBUG org.asynchttpclient.netty.channel.ChannelManager - Adding key: http://localhost:64932 for channel [id: 0x2ee482fd, L:/127.0.0.1:61434 - R:localhost/127.0.0.1:64932]
11:13:43.189 [Forwarding getElementTagName on session e7ae466e513374b63cac5f5c40319e39 to remote] DEBUG org.asynchttpclient.netty.request.NettyRequestSender - Using pooled Channel '[id: 0x2ee482fd, L:/127.0.0.1:61434 - R:localhost/127.0.0.1:64932]' for 'GET' to 'http://localhost:64932/session/e7ae466e513374b63cac5f5c40319e39/element/c5fd35e3-f635-4eef-80d6-7d58e7bc584b/name'
11:13:43.190 [Forwarding getElementTagName on session e7ae466e513374b63cac5f5c40319e39 to remote] DEBUG org.asynchttpclient.netty.request.NettyRequestSender - Using open Channel [id: 0x2ee482fd, L:/127.0.0.1:61434 - R:localhost/127.0.0.1:64932] for GET '/session/e7ae466e513374b63cac5f5c40319e39/element/c5fd35e3-f635-4eef-80d6-7d58e7bc584b/name'
11:13:43.199 [AsyncHttpClient-1-6] DEBUG org.asynchttpclient.netty.handler.HttpHandler - 

Request DefaultFullHttpRequest(decodeResult: success, version: HTTP/1.1, content: EmptyByteBufBE)
GET /session/e7ae466e513374b63cac5f5c40319e39/element/c5fd35e3-f635-4eef-80d6-7d58e7bc584b/name HTTP/1.1
User-Agent: selenium/4.1.2 (java windows)
Cache-Control: no-cache
Content-Type: application/json; charset=utf-8
host: localhost:64932
accept: */*

Response DefaultHttpResponse(decodeResult: success, version: HTTP/1.1)
HTTP/1.1 200 OK
Content-Type: application/json; charset=utf-8
cache-control: no-cache
content-length: 18

11:13:43.199 [AsyncHttpClient-1-6] DEBUG org.asynchttpclient.netty.channel.ChannelManager - Adding key: http://localhost:64932 for channel [id: 0x2ee482fd, L:/127.0.0.1:61434 - R:localhost/127.0.0.1:64932]
11:13:43.203 [Forwarding getElementTagName on session e7ae466e513374b63cac5f5c40319e39 to remote] DEBUG org.asynchttpclient.netty.request.NettyRequestSender - Using pooled Channel '[id: 0x2ee482fd, L:/127.0.0.1:61434 - R:localhost/127.0.0.1:64932]' for 'GET' to 'http://localhost:64932/session/e7ae466e513374b63cac5f5c40319e39/element/c5fd35e3-f635-4eef-80d6-7d58e7bc584b/name'
11:13:43.204 [Forwarding getElementTagName on session e7ae466e513374b63cac5f5c40319e39 to remote] DEBUG org.asynchttpclient.netty.request.NettyRequestSender - Using open Channel [id: 0x2ee482fd, L:/127.0.0.1:61434 - R:localhost/127.0.0.1:64932] for GET '/session/e7ae466e513374b63cac5f5c40319e39/element/c5fd35e3-f635-4eef-80d6-7d58e7bc584b/name'
11:13:43.213 [AsyncHttpClient-1-6] DEBUG org.asynchttpclient.netty.handler.HttpHandler - 

Request DefaultFullHttpRequest(decodeResult: success, version: HTTP/1.1, content: EmptyByteBufBE)
GET /session/e7ae466e513374b63cac5f5c40319e39/element/c5fd35e3-f635-4eef-80d6-7d58e7bc584b/name HTTP/1.1
User-Agent: selenium/4.1.2 (java windows)
Cache-Control: no-cache
Content-Type: application/json; charset=utf-8
host: localhost:64932
accept: */*

Response DefaultHttpResponse(decodeResult: success, version: HTTP/1.1)
HTTP/1.1 200 OK
Content-Type: application/json; charset=utf-8
cache-control: no-cache
content-length: 18

11:13:43.214 [AsyncHttpClient-1-6] DEBUG org.asynchttpclient.netty.channel.ChannelManager - Adding key: http://localhost:64932 for channel [id: 0x2ee482fd, L:/127.0.0.1:61434 - R:localhost/127.0.0.1:64932]
11:13:43.220 [Forwarding isElementEnabled on session e7ae466e513374b63cac5f5c40319e39 to remote] DEBUG org.asynchttpclient.netty.request.NettyRequestSender - Using pooled Channel '[id: 0x2ee482fd, L:/127.0.0.1:61434 - R:localhost/127.0.0.1:64932]' for 'GET' to 'http://localhost:64932/session/e7ae466e513374b63cac5f5c40319e39/element/c5fd35e3-f635-4eef-80d6-7d58e7bc584b/enabled'
11:13:43.220 [Forwarding isElementEnabled on session e7ae466e513374b63cac5f5c40319e39 to remote] DEBUG org.asynchttpclient.netty.request.NettyRequestSender - Using open Channel [id: 0x2ee482fd, L:/127.0.0.1:61434 - R:localhost/127.0.0.1:64932] for GET '/session/e7ae466e513374b63cac5f5c40319e39/element/c5fd35e3-f635-4eef-80d6-7d58e7bc584b/enabled'
11:13:43.222 [AsyncHttpClient-1-1] DEBUG org.asynchttpclient.netty.channel.DefaultChannelPool - Entry count for : http://localhost:61436 : 1
11:13:43.311 [AsyncHttpClient-1-6] DEBUG org.asynchttpclient.netty.handler.HttpHandler - 

Request DefaultFullHttpRequest(decodeResult: success, version: HTTP/1.1, content: EmptyByteBufBE)
GET /session/e7ae466e513374b63cac5f5c40319e39/element/c5fd35e3-f635-4eef-80d6-7d58e7bc584b/enabled HTTP/1.1
User-Agent: selenium/4.1.2 (java windows)
Cache-Control: no-cache
Content-Type: application/json; charset=utf-8
host: localhost:64932
accept: */*

Response DefaultHttpResponse(decodeResult: success, version: HTTP/1.1)
HTTP/1.1 200 OK
Content-Type: application/json; charset=utf-8
cache-control: no-cache
content-length: 14

11:13:43.311 [AsyncHttpClient-1-6] DEBUG org.asynchttpclient.netty.channel.ChannelManager - Adding key: http://localhost:64932 for channel [id: 0x2ee482fd, L:/127.0.0.1:61434 - R:localhost/127.0.0.1:64932]
11:13:43.313 [Forwarding isElementEnabled on session e7ae466e513374b63cac5f5c40319e39 to remote] DEBUG org.asynchttpclient.netty.request.NettyRequestSender - Using pooled Channel '[id: 0x2ee482fd, L:/127.0.0.1:61434 - R:localhost/127.0.0.1:64932]' for 'GET' to 'http://localhost:64932/session/e7ae466e513374b63cac5f5c40319e39/element/c5fd35e3-f635-4eef-80d6-7d58e7bc584b/enabled'
11:13:43.313 [Forwarding isElementEnabled on session e7ae466e513374b63cac5f5c40319e39 to remote] DEBUG org.asynchttpclient.netty.request.NettyRequestSender - Using open Channel [id: 0x2ee482fd, L:/127.0.0.1:61434 - R:localhost/127.0.0.1:64932] for GET '/session/e7ae466e513374b63cac5f5c40319e39/element/c5fd35e3-f635-4eef-80d6-7d58e7bc584b/enabled'
11:13:43.337 [AsyncHttpClient-1-6] DEBUG org.asynchttpclient.netty.handler.HttpHandler - 

Request DefaultFullHttpRequest(decodeResult: success, version: HTTP/1.1, content: EmptyByteBufBE)
GET /session/e7ae466e513374b63cac5f5c40319e39/element/c5fd35e3-f635-4eef-80d6-7d58e7bc584b/enabled HTTP/1.1
User-Agent: selenium/4.1.2 (java windows)
Cache-Control: no-cache
Content-Type: application/json; charset=utf-8
host: localhost:64932
accept: */*

Response DefaultHttpResponse(decodeResult: success, version: HTTP/1.1)
HTTP/1.1 200 OK
Content-Type: application/json; charset=utf-8
cache-control: no-cache
content-length: 14

11:13:43.340 [AsyncHttpClient-1-6] DEBUG org.asynchttpclient.netty.channel.ChannelManager - Adding key: http://localhost:64932 for channel [id: 0x2ee482fd, L:/127.0.0.1:61434 - R:localhost/127.0.0.1:64932]
11:13:43.344 [Forwarding findElement on session e7ae466e513374b63cac5f5c40319e39 to remote] DEBUG org.asynchttpclient.netty.request.NettyRequestSender - Using pooled Channel '[id: 0x2ee482fd, L:/127.0.0.1:61434 - R:localhost/127.0.0.1:64932]' for 'POST' to 'http://localhost:64932/session/e7ae466e513374b63cac5f5c40319e39/element'
11:13:43.344 [Forwarding findElement on session e7ae466e513374b63cac5f5c40319e39 to remote] DEBUG org.asynchttpclient.netty.request.NettyRequestSender - Using open Channel [id: 0x2ee482fd, L:/127.0.0.1:61434 - R:localhost/127.0.0.1:64932] for POST '/session/e7ae466e513374b63cac5f5c40319e39/element'
11:13:43.360 [AsyncHttpClient-1-6] DEBUG org.asynchttpclient.netty.handler.HttpHandler - 

Request DefaultHttpRequest(decodeResult: success, version: HTTP/1.1)
POST /session/e7ae466e513374b63cac5f5c40319e39/element HTTP/1.1
User-Agent: selenium/4.1.2 (java windows)
Content-Length: 116
Content-Type: application/json; charset=utf-8
host: localhost:64932
accept: */*

Response DefaultHttpResponse(decodeResult: success, version: HTTP/1.1)
HTTP/1.1 200 OK
Content-Type: application/json; charset=utf-8
cache-control: no-cache
content-length: 88

11:13:43.360 [AsyncHttpClient-1-6] DEBUG org.asynchttpclient.netty.channel.ChannelManager - Adding key: http://localhost:64932 for channel [id: 0x2ee482fd, L:/127.0.0.1:61434 - R:localhost/127.0.0.1:64932]
11:13:43.362 [Forwarding clickElement on session e7ae466e513374b63cac5f5c40319e39 to remote] DEBUG org.asynchttpclient.netty.request.NettyRequestSender - Using pooled Channel '[id: 0x2ee482fd, L:/127.0.0.1:61434 - R:localhost/127.0.0.1:64932]' for 'POST' to 'http://localhost:64932/session/e7ae466e513374b63cac5f5c40319e39/element/c5fd35e3-f635-4eef-80d6-7d58e7bc584b/click'
11:13:43.362 [Forwarding clickElement on session e7ae466e513374b63cac5f5c40319e39 to remote] DEBUG org.asynchttpclient.netty.request.NettyRequestSender - Using open Channel [id: 0x2ee482fd, L:/127.0.0.1:61434 - R:localhost/127.0.0.1:64932] for POST '/session/e7ae466e513374b63cac5f5c40319e39/element/c5fd35e3-f635-4eef-80d6-7d58e7bc584b/click'
11:13:43.748 [AsyncHttpClient-1-6] DEBUG org.asynchttpclient.netty.handler.HttpHandler - 

Request DefaultHttpRequest(decodeResult: success, version: HTTP/1.1)
POST /session/e7ae466e513374b63cac5f5c40319e39/element/c5fd35e3-f635-4eef-80d6-7d58e7bc584b/click HTTP/1.1
User-Agent: selenium/4.1.2 (java windows)
Content-Length: 50
Content-Type: application/json; charset=utf-8
host: localhost:64932
accept: */*

Response DefaultHttpResponse(decodeResult: success, version: HTTP/1.1)
HTTP/1.1 200 OK
Content-Type: application/json; charset=utf-8
cache-control: no-cache
content-length: 14

11:13:43.748 [AsyncHttpClient-1-6] DEBUG org.asynchttpclient.netty.channel.ChannelManager - Adding key: http://localhost:64932 for channel [id: 0x2ee482fd, L:/127.0.0.1:61434 - R:localhost/127.0.0.1:64932]
11:13:43.765 [Forwarding screenshot on session e7ae466e513374b63cac5f5c40319e39 to remote] DEBUG org.asynchttpclient.netty.request.NettyRequestSender - Using pooled Channel '[id: 0x2ee482fd, L:/127.0.0.1:61434 - R:localhost/127.0.0.1:64932]' for 'GET' to 'http://localhost:64932/session/e7ae466e513374b63cac5f5c40319e39/screenshot'
11:13:43.765 [Forwarding screenshot on session e7ae466e513374b63cac5f5c40319e39 to remote] DEBUG org.asynchttpclient.netty.request.NettyRequestSender - Using open Channel [id: 0x2ee482fd, L:/127.0.0.1:61434 - R:localhost/127.0.0.1:64932] for GET '/session/e7ae466e513374b63cac5f5c40319e39/screenshot'
11:13:44.144 [AsyncHttpClient-1-6] DEBUG org.asynchttpclient.netty.handler.HttpHandler - 

Request DefaultFullHttpRequest(decodeResult: success, version: HTTP/1.1, content: EmptyByteBufBE)
GET /session/e7ae466e513374b63cac5f5c40319e39/screenshot HTTP/1.1
User-Agent: selenium/4.1.2 (java windows)
Cache-Control: no-cache
Content-Type: application/json; charset=utf-8
host: localhost:64932
accept: */*

Response DefaultHttpResponse(decodeResult: success, version: HTTP/1.1)
HTTP/1.1 200 OK
Content-Type: application/json; charset=utf-8
cache-control: no-cache
content-length: 413408

11:13:44.146 [AsyncHttpClient-1-6] DEBUG org.asynchttpclient.netty.channel.ChannelManager - Adding key: http://localhost:64932 for channel [id: 0x2ee482fd, L:/127.0.0.1:61434 - R:localhost/127.0.0.1:64932]
11:13:44.182 [main] DEBUG net.serenitybdd.core.photography.Darkroom - Send negative for processing for target\site\serenity\82833d5e7e2b10feaab955daa0f64d949efc53504cf4e86b213e6b7b34b7a13a.png
11:13:44.182 [main] DEBUG net.thucydides.core.steps.StepInterceptor - STEP DONE: clickButtonEditDataPasien
  &amp#27;[32mAnd &amp#27;[0m&amp#27;[32mClick button edit profil&amp#27;[0m                                   &amp#27;[90m# starter.stepdefinitios.PatientDataSteps.clickButtonEditProfil()&amp#27;[0m
11:13:44.183 [Darkroom Processing Line] DEBUG net.serenitybdd.core.photography.DarkroomProcessingLine - Processing screenshot image in /var/screenshots/screenshot-11702393625138700284
11:13:44.183 [Darkroom Processing Line] DEBUG net.serenitybdd.core.photography.DarkroomProcessingLine - Saving screenshot to target\site\serenity\82833d5e7e2b10feaab955daa0f64d949efc53504cf4e86b213e6b7b34b7a13a.png
11:13:44.229 [main] DEBUG net.thucydides.core.steps.StepInterceptor - STARTING STEP: PatientDataSteps.cleanAllDataPasien - cleanDataPasien
11:13:44.234 [Forwarding findElement on session e7ae466e513374b63cac5f5c40319e39 to remote] DEBUG org.asynchttpclient.netty.request.NettyRequestSender - Using pooled Channel '[id: 0x2ee482fd, L:/127.0.0.1:61434 - R:localhost/127.0.0.1:64932]' for 'POST' to 'http://localhost:64932/session/e7ae466e513374b63cac5f5c40319e39/element'
11:13:44.241 [Forwarding findElement on session e7ae466e513374b63cac5f5c40319e39 to remote] DEBUG org.asynchttpclient.netty.request.NettyRequestSender - Using open Channel [id: 0x2ee482fd, L:/127.0.0.1:61434 - R:localhost/127.0.0.1:64932] for POST '/session/e7ae466e513374b63cac5f5c40319e39/element'
11:13:44.294 [AsyncHttpClient-1-6] DEBUG org.asynchttpclient.netty.handler.HttpHandler - 

Request DefaultHttpRequest(decodeResult: success, version: HTTP/1.1)
POST /session/e7ae466e513374b63cac5f5c40319e39/element HTTP/1.1
User-Agent: selenium/4.1.2 (java windows)
Content-Length: 166
Content-Type: application/json; charset=utf-8
host: localhost:64932
accept: */*

Response DefaultHttpResponse(decodeResult: success, version: HTTP/1.1)
HTTP/1.1 200 OK
Content-Type: application/json; charset=utf-8
cache-control: no-cache
content-length: 88

11:13:44.294 [AsyncHttpClient-1-6] DEBUG org.asynchttpclient.netty.channel.ChannelManager - Adding key: http://localhost:64932 for channel [id: 0x2ee482fd, L:/127.0.0.1:61434 - R:localhost/127.0.0.1:64932]
11:13:44.296 [Forwarding clearElement on session e7ae466e513374b63cac5f5c40319e39 to remote] DEBUG org.asynchttpclient.netty.request.NettyRequestSender - Using pooled Channel '[id: 0x2ee482fd, L:/127.0.0.1:61434 - R:localhost/127.0.0.1:64932]' for 'POST' to 'http://localhost:64932/session/e7ae466e513374b63cac5f5c40319e39/element/b24fd15f-261a-45bc-b925-e29400297e4a/clear'
11:13:44.296 [Forwarding clearElement on session e7ae466e513374b63cac5f5c40319e39 to remote] DEBUG org.asynchttpclient.netty.request.NettyRequestSender - Using open Channel [id: 0x2ee482fd, L:/127.0.0.1:61434 - R:localhost/127.0.0.1:64932] for POST '/session/e7ae466e513374b63cac5f5c40319e39/element/b24fd15f-261a-45bc-b925-e29400297e4a/clear'
11:13:44.346 [AsyncHttpClient-1-1] DEBUG org.asynchttpclient.netty.channel.DefaultChannelPool - Entry count for : http://localhost:61436 : 1
11:13:44.443 [AsyncHttpClient-1-6] DEBUG org.asynchttpclient.netty.handler.HttpHandler - 

Request DefaultHttpRequest(decodeResult: success, version: HTTP/1.1)
POST /session/e7ae466e513374b63cac5f5c40319e39/element/b24fd15f-261a-45bc-b925-e29400297e4a/clear HTTP/1.1
User-Agent: selenium/4.1.2 (java windows)
Content-Length: 50
Content-Type: application/json; charset=utf-8
host: localhost:64932
accept: */*

Response DefaultHttpResponse(decodeResult: success, version: HTTP/1.1)
HTTP/1.1 200 OK
Content-Type: application/json; charset=utf-8
cache-control: no-cache
content-length: 14

11:13:44.447 [AsyncHttpClient-1-6] DEBUG org.asynchttpclient.netty.channel.ChannelManager - Adding key: http://localhost:64932 for channel [id: 0x2ee482fd, L:/127.0.0.1:61434 - R:localhost/127.0.0.1:64932]
11:13:44.453 [Forwarding findElement on session e7ae466e513374b63cac5f5c40319e39 to remote] DEBUG org.asynchttpclient.netty.request.NettyRequestSender - Using pooled Channel '[id: 0x2ee482fd, L:/127.0.0.1:61434 - R:localhost/127.0.0.1:64932]' for 'POST' to 'http://localhost:64932/session/e7ae466e513374b63cac5f5c40319e39/element'
11:13:44.453 [Forwarding findElement on session e7ae466e513374b63cac5f5c40319e39 to remote] DEBUG org.asynchttpclient.netty.request.NettyRequestSender - Using open Channel [id: 0x2ee482fd, L:/127.0.0.1:61434 - R:localhost/127.0.0.1:64932] for POST '/session/e7ae466e513374b63cac5f5c40319e39/element'
11:13:44.480 [AsyncHttpClient-1-6] DEBUG org.asynchttpclient.netty.handler.HttpHandler - 

Request DefaultHttpRequest(decodeResult: success, version: HTTP/1.1)
POST /session/e7ae466e513374b63cac5f5c40319e39/element HTTP/1.1
User-Agent: selenium/4.1.2 (java windows)
Content-Length: 166
Content-Type: application/json; charset=utf-8
host: localhost:64932
accept: */*

Response DefaultHttpResponse(decodeResult: success, version: HTTP/1.1)
HTTP/1.1 200 OK
Content-Type: application/json; charset=utf-8
cache-control: no-cache
content-length: 88

11:13:44.480 [AsyncHttpClient-1-6] DEBUG org.asynchttpclient.netty.channel.ChannelManager - Adding key: http://localhost:64932 for channel [id: 0x2ee482fd, L:/127.0.0.1:61434 - R:localhost/127.0.0.1:64932]
11:13:44.482 [Forwarding clearElement on session e7ae466e513374b63cac5f5c40319e39 to remote] DEBUG org.asynchttpclient.netty.request.NettyRequestSender - Using pooled Channel '[id: 0x2ee482fd, L:/127.0.0.1:61434 - R:localhost/127.0.0.1:64932]' for 'POST' to 'http://localhost:64932/session/e7ae466e513374b63cac5f5c40319e39/element/c3b361ec-1364-4074-bf2f-ff82b67df67f/clear'
11:13:44.482 [Forwarding clearElement on session e7ae466e513374b63cac5f5c40319e39 to remote] DEBUG org.asynchttpclient.netty.request.NettyRequestSender - Using open Channel [id: 0x2ee482fd, L:/127.0.0.1:61434 - R:localhost/127.0.0.1:64932] for POST '/session/e7ae466e513374b63cac5f5c40319e39/element/c3b361ec-1364-4074-bf2f-ff82b67df67f/clear'
11:13:44.573 [AsyncHttpClient-1-6] DEBUG org.asynchttpclient.netty.handler.HttpHandler - 

Request DefaultHttpRequest(decodeResult: success, version: HTTP/1.1)
POST /session/e7ae466e513374b63cac5f5c40319e39/element/c3b361ec-1364-4074-bf2f-ff82b67df67f/clear HTTP/1.1
User-Agent: selenium/4.1.2 (java windows)
Content-Length: 50
Content-Type: application/json; charset=utf-8
host: localhost:64932
accept: */*

Response DefaultHttpResponse(decodeResult: success, version: HTTP/1.1)
HTTP/1.1 200 OK
Content-Type: application/json; charset=utf-8
cache-control: no-cache
content-length: 14

11:13:44.573 [AsyncHttpClient-1-6] DEBUG org.asynchttpclient.netty.channel.ChannelManager - Adding key: http://localhost:64932 for channel [id: 0x2ee482fd, L:/127.0.0.1:61434 - R:localhost/127.0.0.1:64932]
11:13:44.577 [Forwarding findElement on session e7ae466e513374b63cac5f5c40319e39 to remote] DEBUG org.asynchttpclient.netty.request.NettyRequestSender - Using pooled Channel '[id: 0x2ee482fd, L:/127.0.0.1:61434 - R:localhost/127.0.0.1:64932]' for 'POST' to 'http://localhost:64932/session/e7ae466e513374b63cac5f5c40319e39/element'
11:13:44.577 [Forwarding findElement on session e7ae466e513374b63cac5f5c40319e39 to remote] DEBUG org.asynchttpclient.netty.request.NettyRequestSender - Using open Channel [id: 0x2ee482fd, L:/127.0.0.1:61434 - R:localhost/127.0.0.1:64932] for POST '/session/e7ae466e513374b63cac5f5c40319e39/element'
11:13:44.601 [AsyncHttpClient-1-6] DEBUG org.asynchttpclient.netty.handler.HttpHandler - 

Request DefaultHttpRequest(decodeResult: success, version: HTTP/1.1)
POST /session/e7ae466e513374b63cac5f5c40319e39/element HTTP/1.1
User-Agent: selenium/4.1.2 (java windows)
Content-Length: 166
Content-Type: application/json; charset=utf-8
host: localhost:64932
accept: */*

Response DefaultHttpResponse(decodeResult: success, version: HTTP/1.1)
HTTP/1.1 200 OK
Content-Type: application/json; charset=utf-8
cache-control: no-cache
content-length: 88

11:13:44.601 [AsyncHttpClient-1-6] DEBUG org.asynchttpclient.netty.channel.ChannelManager - Adding key: http://localhost:64932 for channel [id: 0x2ee482fd, L:/127.0.0.1:61434 - R:localhost/127.0.0.1:64932]
11:13:44.604 [Forwarding clearElement on session e7ae466e513374b63cac5f5c40319e39 to remote] DEBUG org.asynchttpclient.netty.request.NettyRequestSender - Using pooled Channel '[id: 0x2ee482fd, L:/127.0.0.1:61434 - R:localhost/127.0.0.1:64932]' for 'POST' to 'http://localhost:64932/session/e7ae466e513374b63cac5f5c40319e39/element/0395336c-d2d9-4b84-99b1-d1a6464e8e56/clear'
11:13:44.604 [Forwarding clearElement on session e7ae466e513374b63cac5f5c40319e39 to remote] DEBUG org.asynchttpclient.netty.request.NettyRequestSender - Using open Channel [id: 0x2ee482fd, L:/127.0.0.1:61434 - R:localhost/127.0.0.1:64932] for POST '/session/e7ae466e513374b63cac5f5c40319e39/element/0395336c-d2d9-4b84-99b1-d1a6464e8e56/clear'
11:13:44.691 [AsyncHttpClient-1-6] DEBUG org.asynchttpclient.netty.handler.HttpHandler - 

Request DefaultHttpRequest(decodeResult: success, version: HTTP/1.1)
POST /session/e7ae466e513374b63cac5f5c40319e39/element/0395336c-d2d9-4b84-99b1-d1a6464e8e56/clear HTTP/1.1
User-Agent: selenium/4.1.2 (java windows)
Content-Length: 50
Content-Type: application/json; charset=utf-8
host: localhost:64932
accept: */*

Response DefaultHttpResponse(decodeResult: success, version: HTTP/1.1)
HTTP/1.1 200 OK
Content-Type: application/json; charset=utf-8
cache-control: no-cache
content-length: 14

11:13:44.691 [AsyncHttpClient-1-6] DEBUG org.asynchttpclient.netty.channel.ChannelManager - Adding key: http://localhost:64932 for channel [id: 0x2ee482fd, L:/127.0.0.1:61434 - R:localhost/127.0.0.1:64932]
11:13:44.696 [Forwarding findElement on session e7ae466e513374b63cac5f5c40319e39 to remote] DEBUG org.asynchttpclient.netty.request.NettyRequestSender - Using pooled Channel '[id: 0x2ee482fd, L:/127.0.0.1:61434 - R:localhost/127.0.0.1:64932]' for 'POST' to 'http://localhost:64932/session/e7ae466e513374b63cac5f5c40319e39/element'
11:13:44.696 [Forwarding findElement on session e7ae466e513374b63cac5f5c40319e39 to remote] DEBUG org.asynchttpclient.netty.request.NettyRequestSender - Using open Channel [id: 0x2ee482fd, L:/127.0.0.1:61434 - R:localhost/127.0.0.1:64932] for POST '/session/e7ae466e513374b63cac5f5c40319e39/element'
11:13:44.722 [AsyncHttpClient-1-6] DEBUG org.asynchttpclient.netty.handler.HttpHandler - 

Request DefaultHttpRequest(decodeResult: success, version: HTTP/1.1)
POST /session/e7ae466e513374b63cac5f5c40319e39/element HTTP/1.1
User-Agent: selenium/4.1.2 (java windows)
Content-Length: 166
Content-Type: application/json; charset=utf-8
host: localhost:64932
accept: */*

Response DefaultHttpResponse(decodeResult: success, version: HTTP/1.1)
HTTP/1.1 200 OK
Content-Type: application/json; charset=utf-8
cache-control: no-cache
content-length: 88

11:13:44.722 [AsyncHttpClient-1-6] DEBUG org.asynchttpclient.netty.channel.ChannelManager - Adding key: http://localhost:64932 for channel [id: 0x2ee482fd, L:/127.0.0.1:61434 - R:localhost/127.0.0.1:64932]
11:13:44.724 [Forwarding clearElement on session e7ae466e513374b63cac5f5c40319e39 to remote] DEBUG org.asynchttpclient.netty.request.NettyRequestSender - Using pooled Channel '[id: 0x2ee482fd, L:/127.0.0.1:61434 - R:localhost/127.0.0.1:64932]' for 'POST' to 'http://localhost:64932/session/e7ae466e513374b63cac5f5c40319e39/element/aa2a9568-a8f2-4e77-9b6d-fb052a585ead/clear'
11:13:44.724 [Forwarding clearElement on session e7ae466e513374b63cac5f5c40319e39 to remote] DEBUG org.asynchttpclient.netty.request.NettyRequestSender - Using open Channel [id: 0x2ee482fd, L:/127.0.0.1:61434 - R:localhost/127.0.0.1:64932] for POST '/session/e7ae466e513374b63cac5f5c40319e39/element/aa2a9568-a8f2-4e77-9b6d-fb052a585ead/clear'
11:13:44.812 [AsyncHttpClient-1-6] DEBUG org.asynchttpclient.netty.handler.HttpHandler - 

Request DefaultHttpRequest(decodeResult: success, version: HTTP/1.1)
POST /session/e7ae466e513374b63cac5f5c40319e39/element/aa2a9568-a8f2-4e77-9b6d-fb052a585ead/clear HTTP/1.1
User-Agent: selenium/4.1.2 (java windows)
Content-Length: 50
Content-Type: application/json; charset=utf-8
host: localhost:64932
accept: */*

Response DefaultHttpResponse(decodeResult: success, version: HTTP/1.1)
HTTP/1.1 200 OK
Content-Type: application/json; charset=utf-8
cache-control: no-cache
content-length: 14

11:13:44.813 [AsyncHttpClient-1-6] DEBUG org.asynchttpclient.netty.channel.ChannelManager - Adding key: http://localhost:64932 for channel [id: 0x2ee482fd, L:/127.0.0.1:61434 - R:localhost/127.0.0.1:64932]
11:13:44.820 [Forwarding findElement on session e7ae466e513374b63cac5f5c40319e39 to remote] DEBUG org.asynchttpclient.netty.request.NettyRequestSender - Using pooled Channel '[id: 0x2ee482fd, L:/127.0.0.1:61434 - R:localhost/127.0.0.1:64932]' for 'POST' to 'http://localhost:64932/session/e7ae466e513374b63cac5f5c40319e39/element'
11:13:44.820 [Forwarding findElement on session e7ae466e513374b63cac5f5c40319e39 to remote] DEBUG org.asynchttpclient.netty.request.NettyRequestSender - Using open Channel [id: 0x2ee482fd, L:/127.0.0.1:61434 - R:localhost/127.0.0.1:64932] for POST '/session/e7ae466e513374b63cac5f5c40319e39/element'
11:13:44.847 [AsyncHttpClient-1-6] DEBUG org.asynchttpclient.netty.handler.HttpHandler - 

Request DefaultHttpRequest(decodeResult: success, version: HTTP/1.1)
POST /session/e7ae466e513374b63cac5f5c40319e39/element HTTP/1.1
User-Agent: selenium/4.1.2 (java windows)
Content-Length: 173
Content-Type: application/json; charset=utf-8
host: localhost:64932
accept: */*

Response DefaultHttpResponse(decodeResult: success, version: HTTP/1.1)
HTTP/1.1 200 OK
Content-Type: application/json; charset=utf-8
cache-control: no-cache
content-length: 88

11:13:44.847 [AsyncHttpClient-1-6] DEBUG org.asynchttpclient.netty.channel.ChannelManager - Adding key: http://localhost:64932 for channel [id: 0x2ee482fd, L:/127.0.0.1:61434 - R:localhost/127.0.0.1:64932]
11:13:44.849 [Forwarding clearElement on session e7ae466e513374b63cac5f5c40319e39 to remote] DEBUG org.asynchttpclient.netty.request.NettyRequestSender - Using pooled Channel '[id: 0x2ee482fd, L:/127.0.0.1:61434 - R:localhost/127.0.0.1:64932]' for 'POST' to 'http://localhost:64932/session/e7ae466e513374b63cac5f5c40319e39/element/321fbb9b-0efe-4c0b-97ae-b37f44fe8a75/clear'
11:13:44.849 [Forwarding clearElement on session e7ae466e513374b63cac5f5c40319e39 to remote] DEBUG org.asynchttpclient.netty.request.NettyRequestSender - Using open Channel [id: 0x2ee482fd, L:/127.0.0.1:61434 - R:localhost/127.0.0.1:64932] for POST '/session/e7ae466e513374b63cac5f5c40319e39/element/321fbb9b-0efe-4c0b-97ae-b37f44fe8a75/clear'
11:13:44.926 [AsyncHttpClient-1-6] DEBUG org.asynchttpclient.netty.handler.HttpHandler - 

Request DefaultHttpRequest(decodeResult: success, version: HTTP/1.1)
POST /session/e7ae466e513374b63cac5f5c40319e39/element/321fbb9b-0efe-4c0b-97ae-b37f44fe8a75/clear HTTP/1.1
User-Agent: selenium/4.1.2 (java windows)
Content-Length: 50
Content-Type: application/json; charset=utf-8
host: localhost:64932
accept: */*

Response DefaultHttpResponse(decodeResult: success, version: HTTP/1.1)
HTTP/1.1 200 OK
Content-Type: application/json; charset=utf-8
cache-control: no-cache
content-length: 14

11:13:44.926 [AsyncHttpClient-1-6] DEBUG org.asynchttpclient.netty.channel.ChannelManager - Adding key: http://localhost:64932 for channel [id: 0x2ee482fd, L:/127.0.0.1:61434 - R:localhost/127.0.0.1:64932]
11:13:44.937 [Forwarding screenshot on session e7ae466e513374b63cac5f5c40319e39 to remote] DEBUG org.asynchttpclient.netty.request.NettyRequestSender - Using pooled Channel '[id: 0x2ee482fd, L:/127.0.0.1:61434 - R:localhost/127.0.0.1:64932]' for 'GET' to 'http://localhost:64932/session/e7ae466e513374b63cac5f5c40319e39/screenshot'
11:13:44.937 [Forwarding screenshot on session e7ae466e513374b63cac5f5c40319e39 to remote] DEBUG org.asynchttpclient.netty.request.NettyRequestSender - Using open Channel [id: 0x2ee482fd, L:/127.0.0.1:61434 - R:localhost/127.0.0.1:64932] for GET '/session/e7ae466e513374b63cac5f5c40319e39/screenshot'
11:13:45.330 [AsyncHttpClient-1-6] DEBUG org.asynchttpclient.netty.handler.HttpHandler - 

Request DefaultFullHttpRequest(decodeResult: success, version: HTTP/1.1, content: EmptyByteBufBE)
GET /session/e7ae466e513374b63cac5f5c40319e39/screenshot HTTP/1.1
User-Agent: selenium/4.1.2 (java windows)
Cache-Control: no-cache
Content-Type: application/json; charset=utf-8
host: localhost:64932
accept: */*

Response DefaultHttpResponse(decodeResult: success, version: HTTP/1.1)
HTTP/1.1 200 OK
Content-Type: application/json; charset=utf-8
cache-control: no-cache
content-length: 395000

11:13:45.332 [AsyncHttpClient-1-6] DEBUG org.asynchttpclient.netty.channel.ChannelManager - Adding key: http://localhost:64932 for channel [id: 0x2ee482fd, L:/127.0.0.1:61434 - R:localhost/127.0.0.1:64932]
11:13:45.372 [main] DEBUG net.serenitybdd.core.photography.Darkroom - Send negative for processing for target\site\serenity\fae27c5654b7b9687edf1031ede37a2e2b80b89e17d32a252868be3b9e18e388.png
11:13:45.372 [main] DEBUG net.thucydides.core.steps.StepInterceptor - STEP DONE: cleanDataPasien
  &amp#27;[32mAnd &amp#27;[0m&amp#27;[32mClean all data pasien&amp#27;[0m                                      &amp#27;[90m# starter.stepdefinitios.PatientDataSteps.cleanAllDataPasien()&amp#27;[0m
11:13:45.413 [AsyncHttpClient-1-1] DEBUG org.asynchttpclient.netty.channel.DefaultChannelPool - Entry count for : http://localhost:64932 : 1
11:13:45.413 [AsyncHttpClient-1-1] DEBUG org.asynchttpclient.netty.channel.DefaultChannelPool - Entry count for : http://localhost:61436 : 1
11:13:45.921 [Forwarding screenshot on session e7ae466e513374b63cac5f5c40319e39 to remote] DEBUG org.asynchttpclient.netty.request.NettyRequestSender - Using pooled Channel '[id: 0x2ee482fd, L:/127.0.0.1:61434 - R:localhost/127.0.0.1:64932]' for 'GET' to 'http://localhost:64932/session/e7ae466e513374b63cac5f5c40319e39/screenshot'
11:13:45.921 [Forwarding screenshot on session e7ae466e513374b63cac5f5c40319e39 to remote] DEBUG org.asynchttpclient.netty.request.NettyRequestSender - Using open Channel [id: 0x2ee482fd, L:/127.0.0.1:61434 - R:localhost/127.0.0.1:64932] for GET '/session/e7ae466e513374b63cac5f5c40319e39/screenshot'
11:13:46.295 [AsyncHttpClient-1-6] DEBUG org.asynchttpclient.netty.handler.HttpHandler - 

Request DefaultFullHttpRequest(decodeResult: success, version: HTTP/1.1, content: EmptyByteBufBE)
GET /session/e7ae466e513374b63cac5f5c40319e39/screenshot HTTP/1.1
User-Agent: selenium/4.1.2 (java windows)
Cache-Control: no-cache
Content-Type: application/json; charset=utf-8
host: localhost:64932
accept: */*

Response DefaultHttpResponse(decodeResult: success, version: HTTP/1.1)
HTTP/1.1 200 OK
Content-Type: application/json; charset=utf-8
cache-control: no-cache
content-length: 395000

11:13:46.296 [AsyncHttpClient-1-6] DEBUG org.asynchttpclient.netty.channel.ChannelManager - Adding key: http://localhost:64932 for channel [id: 0x2ee482fd, L:/127.0.0.1:61434 - R:localhost/127.0.0.1:64932]
11:13:46.329 [main] DEBUG net.serenitybdd.core.photography.Darkroom - Send negative for processing for target\site\serenity\fae27c5654b7b9687edf1031ede37a2e2b80b89e17d32a252868be3b9e18e388.png
11:13:46.330 [main] DEBUG net.thucydides.core.steps.StepInterceptor - STARTING STEP: PatientDataSteps.iInput - inputDataPasien
11:13:46.334 [Forwarding findElement on session e7ae466e513374b63cac5f5c40319e39 to remote] DEBUG org.asynchttpclient.netty.request.NettyRequestSender - Using pooled Channel '[id: 0x2ee482fd, L:/127.0.0.1:61434 - R:localhost/127.0.0.1:64932]' for 'POST' to 'http://localhost:64932/session/e7ae466e513374b63cac5f5c40319e39/element'
11:13:46.334 [Forwarding findElement on session e7ae466e513374b63cac5f5c40319e39 to remote] DEBUG org.asynchttpclient.netty.request.NettyRequestSender - Using open Channel [id: 0x2ee482fd, L:/127.0.0.1:61434 - R:localhost/127.0.0.1:64932] for POST '/session/e7ae466e513374b63cac5f5c40319e39/element'
11:13:46.359 [AsyncHttpClient-1-6] DEBUG org.asynchttpclient.netty.handler.HttpHandler - 

Request DefaultHttpRequest(decodeResult: success, version: HTTP/1.1)
POST /session/e7ae466e513374b63cac5f5c40319e39/element HTTP/1.1
User-Agent: selenium/4.1.2 (java windows)
Content-Length: 166
Content-Type: application/json; charset=utf-8
host: localhost:64932
accept: */*

Response DefaultHttpResponse(decodeResult: success, version: HTTP/1.1)
HTTP/1.1 200 OK
Content-Type: application/json; charset=utf-8
cache-control: no-cache
content-length: 88

11:13:46.359 [AsyncHttpClient-1-6] DEBUG org.asynchttpclient.netty.channel.ChannelManager - Adding key: http://localhost:64932 for channel [id: 0x2ee482fd, L:/127.0.0.1:61434 - R:localhost/127.0.0.1:64932]
11:13:46.361 [Forwarding sendKeysToElement on session e7ae466e513374b63cac5f5c40319e39 to remote] DEBUG org.asynchttpclient.netty.request.NettyRequestSender - Using pooled Channel '[id: 0x2ee482fd, L:/127.0.0.1:61434 - R:localhost/127.0.0.1:64932]' for 'POST' to 'http://localhost:64932/session/e7ae466e513374b63cac5f5c40319e39/element/b24fd15f-261a-45bc-b925-e29400297e4a/value'
11:13:46.361 [Forwarding sendKeysToElement on session e7ae466e513374b63cac5f5c40319e39 to remote] DEBUG org.asynchttpclient.netty.request.NettyRequestSender - Using open Channel [id: 0x2ee482fd, L:/127.0.0.1:61434 - R:localhost/127.0.0.1:64932] for POST '/session/e7ae466e513374b63cac5f5c40319e39/element/b24fd15f-261a-45bc-b925-e29400297e4a/value'
11:13:46.520 [AsyncHttpClient-1-1] DEBUG org.asynchttpclient.netty.channel.DefaultChannelPool - Entry count for : http://localhost:61436 : 1
11:13:46.821 [AsyncHttpClient-1-6] DEBUG org.asynchttpclient.netty.handler.HttpHandler - 

Request DefaultHttpRequest(decodeResult: success, version: HTTP/1.1)
POST /session/e7ae466e513374b63cac5f5c40319e39/element/b24fd15f-261a-45bc-b925-e29400297e4a/value HTTP/1.1
User-Agent: selenium/4.1.2 (java windows)
Content-Length: 131
Content-Type: application/json; charset=utf-8
host: localhost:64932
accept: */*

Response DefaultHttpResponse(decodeResult: success, version: HTTP/1.1)
HTTP/1.1 200 OK
Content-Type: application/json; charset=utf-8
cache-control: no-cache
content-length: 14

11:13:46.821 [AsyncHttpClient-1-6] DEBUG org.asynchttpclient.netty.channel.ChannelManager - Adding key: http://localhost:64932 for channel [id: 0x2ee482fd, L:/127.0.0.1:61434 - R:localhost/127.0.0.1:64932]
11:13:46.825 [Forwarding findElement on session e7ae466e513374b63cac5f5c40319e39 to remote] DEBUG org.asynchttpclient.netty.request.NettyRequestSender - Using pooled Channel '[id: 0x2ee482fd, L:/127.0.0.1:61434 - R:localhost/127.0.0.1:64932]' for 'POST' to 'http://localhost:64932/session/e7ae466e513374b63cac5f5c40319e39/element'
11:13:46.825 [Forwarding findElement on session e7ae466e513374b63cac5f5c40319e39 to remote] DEBUG org.asynchttpclient.netty.request.NettyRequestSender - Using open Channel [id: 0x2ee482fd, L:/127.0.0.1:61434 - R:localhost/127.0.0.1:64932] for POST '/session/e7ae466e513374b63cac5f5c40319e39/element'
11:13:46.843 [AsyncHttpClient-1-6] DEBUG org.asynchttpclient.netty.handler.HttpHandler - 

Request DefaultHttpRequest(decodeResult: success, version: HTTP/1.1)
POST /session/e7ae466e513374b63cac5f5c40319e39/element HTTP/1.1
User-Agent: selenium/4.1.2 (java windows)
Content-Length: 166
Content-Type: application/json; charset=utf-8
host: localhost:64932
accept: */*

Response DefaultHttpResponse(decodeResult: success, version: HTTP/1.1)
HTTP/1.1 200 OK
Content-Type: application/json; charset=utf-8
cache-control: no-cache
content-length: 88

11:13:46.843 [AsyncHttpClient-1-6] DEBUG org.asynchttpclient.netty.channel.ChannelManager - Adding key: http://localhost:64932 for channel [id: 0x2ee482fd, L:/127.0.0.1:61434 - R:localhost/127.0.0.1:64932]
11:13:46.845 [Forwarding sendKeysToElement on session e7ae466e513374b63cac5f5c40319e39 to remote] DEBUG org.asynchttpclient.netty.request.NettyRequestSender - Using pooled Channel '[id: 0x2ee482fd, L:/127.0.0.1:61434 - R:localhost/127.0.0.1:64932]' for 'POST' to 'http://localhost:64932/session/e7ae466e513374b63cac5f5c40319e39/element/0395336c-d2d9-4b84-99b1-d1a6464e8e56/value'
11:13:46.845 [Forwarding sendKeysToElement on session e7ae466e513374b63cac5f5c40319e39 to remote] DEBUG org.asynchttpclient.netty.request.NettyRequestSender - Using open Channel [id: 0x2ee482fd, L:/127.0.0.1:61434 - R:localhost/127.0.0.1:64932] for POST '/session/e7ae466e513374b63cac5f5c40319e39/element/0395336c-d2d9-4b84-99b1-d1a6464e8e56/value'
11:13:46.950 [AsyncHttpClient-1-6] DEBUG org.asynchttpclient.netty.handler.HttpHandler - 

Request DefaultHttpRequest(decodeResult: success, version: HTTP/1.1)
POST /session/e7ae466e513374b63cac5f5c40319e39/element/0395336c-d2d9-4b84-99b1-d1a6464e8e56/value HTTP/1.1
User-Agent: selenium/4.1.2 (java windows)
Content-Length: 82
Content-Type: application/json; charset=utf-8
host: localhost:64932
accept: */*

Response DefaultHttpResponse(decodeResult: success, version: HTTP/1.1)
HTTP/1.1 200 OK
Content-Type: application/json; charset=utf-8
cache-control: no-cache
content-length: 14

11:13:46.951 [AsyncHttpClient-1-6] DEBUG org.asynchttpclient.netty.channel.ChannelManager - Adding key: http://localhost:64932 for channel [id: 0x2ee482fd, L:/127.0.0.1:61434 - R:localhost/127.0.0.1:64932]
11:13:46.956 [Forwarding findElement on session e7ae466e513374b63cac5f5c40319e39 to remote] DEBUG org.asynchttpclient.netty.request.NettyRequestSender - Using pooled Channel '[id: 0x2ee482fd, L:/127.0.0.1:61434 - R:localhost/127.0.0.1:64932]' for 'POST' to 'http://localhost:64932/session/e7ae466e513374b63cac5f5c40319e39/element'
11:13:46.957 [Forwarding findElement on session e7ae466e513374b63cac5f5c40319e39 to remote] DEBUG org.asynchttpclient.netty.request.NettyRequestSender - Using open Channel [id: 0x2ee482fd, L:/127.0.0.1:61434 - R:localhost/127.0.0.1:64932] for POST '/session/e7ae466e513374b63cac5f5c40319e39/element'
11:13:47.011 [AsyncHttpClient-1-6] DEBUG org.asynchttpclient.netty.handler.HttpHandler - 

Request DefaultHttpRequest(decodeResult: success, version: HTTP/1.1)
POST /session/e7ae466e513374b63cac5f5c40319e39/element HTTP/1.1
User-Agent: selenium/4.1.2 (java windows)
Content-Length: 166
Content-Type: application/json; charset=utf-8
host: localhost:64932
accept: */*

Response DefaultHttpResponse(decodeResult: success, version: HTTP/1.1)
HTTP/1.1 200 OK
Content-Type: application/json; charset=utf-8
cache-control: no-cache
content-length: 88

11:13:47.012 [AsyncHttpClient-1-6] DEBUG org.asynchttpclient.netty.channel.ChannelManager - Adding key: http://localhost:64932 for channel [id: 0x2ee482fd, L:/127.0.0.1:61434 - R:localhost/127.0.0.1:64932]
11:13:47.014 [Forwarding sendKeysToElement on session e7ae466e513374b63cac5f5c40319e39 to remote] DEBUG org.asynchttpclient.netty.request.NettyRequestSender - Using pooled Channel '[id: 0x2ee482fd, L:/127.0.0.1:61434 - R:localhost/127.0.0.1:64932]' for 'POST' to 'http://localhost:64932/session/e7ae466e513374b63cac5f5c40319e39/element/aa2a9568-a8f2-4e77-9b6d-fb052a585ead/value'
11:13:47.014 [Forwarding sendKeysToElement on session e7ae466e513374b63cac5f5c40319e39 to remote] DEBUG org.asynchttpclient.netty.request.NettyRequestSender - Using open Channel [id: 0x2ee482fd, L:/127.0.0.1:61434 - R:localhost/127.0.0.1:64932] for POST '/session/e7ae466e513374b63cac5f5c40319e39/element/aa2a9568-a8f2-4e77-9b6d-fb052a585ead/value'
11:13:47.323 [AsyncHttpClient-1-6] DEBUG org.asynchttpclient.netty.handler.HttpHandler - 

Request DefaultHttpRequest(decodeResult: success, version: HTTP/1.1)
POST /session/e7ae466e513374b63cac5f5c40319e39/element/aa2a9568-a8f2-4e77-9b6d-fb052a585ead/value HTTP/1.1
User-Agent: selenium/4.1.2 (java windows)
Content-Length: 101
Content-Type: application/json; charset=utf-8
host: localhost:64932
accept: */*

Response DefaultHttpResponse(decodeResult: success, version: HTTP/1.1)
HTTP/1.1 200 OK
Content-Type: application/json; charset=utf-8
cache-control: no-cache
content-length: 14

11:13:47.323 [AsyncHttpClient-1-6] DEBUG org.asynchttpclient.netty.channel.ChannelManager - Adding key: http://localhost:64932 for channel [id: 0x2ee482fd, L:/127.0.0.1:61434 - R:localhost/127.0.0.1:64932]
11:13:47.331 [Forwarding findElement on session e7ae466e513374b63cac5f5c40319e39 to remote] DEBUG org.asynchttpclient.netty.request.NettyRequestSender - Using pooled Channel '[id: 0x2ee482fd, L:/127.0.0.1:61434 - R:localhost/127.0.0.1:64932]' for 'POST' to 'http://localhost:64932/session/e7ae466e513374b63cac5f5c40319e39/element'
11:13:47.331 [Forwarding findElement on session e7ae466e513374b63cac5f5c40319e39 to remote] DEBUG org.asynchttpclient.netty.request.NettyRequestSender - Using open Channel [id: 0x2ee482fd, L:/127.0.0.1:61434 - R:localhost/127.0.0.1:64932] for POST '/session/e7ae466e513374b63cac5f5c40319e39/element'
11:13:47.464 [AsyncHttpClient-1-6] DEBUG org.asynchttpclient.netty.handler.HttpHandler - 

Request DefaultHttpRequest(decodeResult: success, version: HTTP/1.1)
POST /session/e7ae466e513374b63cac5f5c40319e39/element HTTP/1.1
User-Agent: selenium/4.1.2 (java windows)
Content-Length: 166
Content-Type: application/json; charset=utf-8
host: localhost:64932
accept: */*

Response DefaultHttpResponse(decodeResult: success, version: HTTP/1.1)
HTTP/1.1 200 OK
Content-Type: application/json; charset=utf-8
cache-control: no-cache
content-length: 88

11:13:47.464 [AsyncHttpClient-1-6] DEBUG org.asynchttpclient.netty.channel.ChannelManager - Adding key: http://localhost:64932 for channel [id: 0x2ee482fd, L:/127.0.0.1:61434 - R:localhost/127.0.0.1:64932]
11:13:47.466 [Forwarding sendKeysToElement on session e7ae466e513374b63cac5f5c40319e39 to remote] DEBUG org.asynchttpclient.netty.request.NettyRequestSender - Using pooled Channel '[id: 0x2ee482fd, L:/127.0.0.1:61434 - R:localhost/127.0.0.1:64932]' for 'POST' to 'http://localhost:64932/session/e7ae466e513374b63cac5f5c40319e39/element/c3b361ec-1364-4074-bf2f-ff82b67df67f/value'
11:13:47.466 [Forwarding sendKeysToElement on session e7ae466e513374b63cac5f5c40319e39 to remote] DEBUG org.asynchttpclient.netty.request.NettyRequestSender - Using open Channel [id: 0x2ee482fd, L:/127.0.0.1:61434 - R:localhost/127.0.0.1:64932] for POST '/session/e7ae466e513374b63cac5f5c40319e39/element/c3b361ec-1364-4074-bf2f-ff82b67df67f/value'
11:13:47.624 [AsyncHttpClient-1-1] DEBUG org.asynchttpclient.netty.channel.DefaultChannelPool - Entry count for : http://localhost:61436 : 1
11:13:48.377 [AsyncHttpClient-1-6] DEBUG org.asynchttpclient.netty.handler.HttpHandler - 

Request DefaultHttpRequest(decodeResult: success, version: HTTP/1.1)
POST /session/e7ae466e513374b63cac5f5c40319e39/element/c3b361ec-1364-4074-bf2f-ff82b67df67f/value HTTP/1.1
User-Agent: selenium/4.1.2 (java windows)
Content-Length: 191
Content-Type: application/json; charset=utf-8
host: localhost:64932
accept: */*

Response DefaultHttpResponse(decodeResult: success, version: HTTP/1.1)
HTTP/1.1 200 OK
Content-Type: application/json; charset=utf-8
cache-control: no-cache
content-length: 14

11:13:48.377 [AsyncHttpClient-1-6] DEBUG org.asynchttpclient.netty.channel.ChannelManager - Adding key: http://localhost:64932 for channel [id: 0x2ee482fd, L:/127.0.0.1:61434 - R:localhost/127.0.0.1:64932]
11:13:48.382 [Forwarding findElement on session e7ae466e513374b63cac5f5c40319e39 to remote] DEBUG org.asynchttpclient.netty.request.NettyRequestSender - Using pooled Channel '[id: 0x2ee482fd, L:/127.0.0.1:61434 - R:localhost/127.0.0.1:64932]' for 'POST' to 'http://localhost:64932/session/e7ae466e513374b63cac5f5c40319e39/element'
11:13:48.382 [Forwarding findElement on session e7ae466e513374b63cac5f5c40319e39 to remote] DEBUG org.asynchttpclient.netty.request.NettyRequestSender - Using open Channel [id: 0x2ee482fd, L:/127.0.0.1:61434 - R:localhost/127.0.0.1:64932] for POST '/session/e7ae466e513374b63cac5f5c40319e39/element'
11:13:48.429 [AsyncHttpClient-1-6] DEBUG org.asynchttpclient.netty.handler.HttpHandler - 

Request DefaultHttpRequest(decodeResult: success, version: HTTP/1.1)
POST /session/e7ae466e513374b63cac5f5c40319e39/element HTTP/1.1
User-Agent: selenium/4.1.2 (java windows)
Content-Length: 173
Content-Type: application/json; charset=utf-8
host: localhost:64932
accept: */*

Response DefaultHttpResponse(decodeResult: success, version: HTTP/1.1)
HTTP/1.1 200 OK
Content-Type: application/json; charset=utf-8
cache-control: no-cache
content-length: 88

11:13:48.429 [AsyncHttpClient-1-6] DEBUG org.asynchttpclient.netty.channel.ChannelManager - Adding key: http://localhost:64932 for channel [id: 0x2ee482fd, L:/127.0.0.1:61434 - R:localhost/127.0.0.1:64932]
11:13:48.432 [Forwarding sendKeysToElement on session e7ae466e513374b63cac5f5c40319e39 to remote] DEBUG org.asynchttpclient.netty.request.NettyRequestSender - Using pooled Channel '[id: 0x2ee482fd, L:/127.0.0.1:61434 - R:localhost/127.0.0.1:64932]' for 'POST' to 'http://localhost:64932/session/e7ae466e513374b63cac5f5c40319e39/element/321fbb9b-0efe-4c0b-97ae-b37f44fe8a75/value'
11:13:48.432 [Forwarding sendKeysToElement on session e7ae466e513374b63cac5f5c40319e39 to remote] DEBUG org.asynchttpclient.netty.request.NettyRequestSender - Using open Channel [id: 0x2ee482fd, L:/127.0.0.1:61434 - R:localhost/127.0.0.1:64932] for POST '/session/e7ae466e513374b63cac5f5c40319e39/element/321fbb9b-0efe-4c0b-97ae-b37f44fe8a75/value'
11:13:48.716 [AsyncHttpClient-1-1] DEBUG org.asynchttpclient.netty.channel.DefaultChannelPool - Entry count for : http://localhost:61436 : 1
11:13:48.931 [AsyncHttpClient-1-6] DEBUG org.asynchttpclient.netty.handler.HttpHandler - 

Request DefaultHttpRequest(decodeResult: success, version: HTTP/1.1)
POST /session/e7ae466e513374b63cac5f5c40319e39/element/321fbb9b-0efe-4c0b-97ae-b37f44fe8a75/value HTTP/1.1
User-Agent: selenium/4.1.2 (java windows)
Content-Length: 171
Content-Type: application/json; charset=utf-8
host: localhost:64932
accept: */*

Response DefaultHttpResponse(decodeResult: success, version: HTTP/1.1)
HTTP/1.1 200 OK
Content-Type: application/json; charset=utf-8
cache-control: no-cache
content-length: 14

11:13:48.931 [AsyncHttpClient-1-6] DEBUG org.asynchttpclient.netty.channel.ChannelManager - Adding key: http://localhost:64932 for channel [id: 0x2ee482fd, L:/127.0.0.1:61434 - R:localhost/127.0.0.1:64932]
11:13:48.946 [Forwarding screenshot on session e7ae466e513374b63cac5f5c40319e39 to remote] DEBUG org.asynchttpclient.netty.request.NettyRequestSender - Using pooled Channel '[id: 0x2ee482fd, L:/127.0.0.1:61434 - R:localhost/127.0.0.1:64932]' for 'GET' to 'http://localhost:64932/session/e7ae466e513374b63cac5f5c40319e39/screenshot'
11:13:48.946 [Forwarding screenshot on session e7ae466e513374b63cac5f5c40319e39 to remote] DEBUG org.asynchttpclient.netty.request.NettyRequestSender - Using open Channel [id: 0x2ee482fd, L:/127.0.0.1:61434 - R:localhost/127.0.0.1:64932] for GET '/session/e7ae466e513374b63cac5f5c40319e39/screenshot'
11:13:49.333 [AsyncHttpClient-1-6] DEBUG org.asynchttpclient.netty.handler.HttpHandler - 

Request DefaultFullHttpRequest(decodeResult: success, version: HTTP/1.1, content: EmptyByteBufBE)
GET /session/e7ae466e513374b63cac5f5c40319e39/screenshot HTTP/1.1
User-Agent: selenium/4.1.2 (java windows)
Cache-Control: no-cache
Content-Type: application/json; charset=utf-8
host: localhost:64932
accept: */*

Response DefaultHttpResponse(decodeResult: success, version: HTTP/1.1)
HTTP/1.1 200 OK
Content-Type: application/json; charset=utf-8
cache-control: no-cache
content-length: 414560

11:13:49.338 [AsyncHttpClient-1-6] DEBUG org.asynchttpclient.netty.channel.ChannelManager - Adding key: http://localhost:64932 for channel [id: 0x2ee482fd, L:/127.0.0.1:61434 - R:localhost/127.0.0.1:64932]
11:13:49.368 [main] DEBUG net.serenitybdd.core.photography.Darkroom - Send negative for processing for target\site\serenity\f6bbc07d3bcd4fbb58da474be10237704fa217e8434c6df6d3f90c5709c92808.png
11:13:49.371 [Darkroom Processing Line] DEBUG net.serenitybdd.core.photography.DarkroomProcessingLine - Processing screenshot image in /var/screenshots/screenshot-12883998028936355957
11:13:49.371 [Darkroom Processing Line] DEBUG net.serenitybdd.core.photography.DarkroomProcessingLine - Saving screenshot to target\site\serenity\f6bbc07d3bcd4fbb58da474be10237704fa217e8434c6df6d3f90c5709c92808.png
11:13:49.369 [main] DEBUG net.thucydides.core.steps.StepInterceptor - STEP DONE: inputDataPasien
  &amp#27;[32mThen &amp#27;[0m&amp#27;[32mI input &amp#27;[0m&amp#27;[32m&amp#27;[1m"Bagas"&amp#27;[0m&amp#27;[32m &amp#27;[0m&amp#27;[32m&amp#27;[1m""&amp#27;[0m&amp#27;[32m &amp#27;[0m&amp#27;[32m&amp#27;[1m"20"&amp#27;[0m&amp#27;[32m &amp#27;[0m&amp#27;[32m&amp#27;[1m"01294657612"&amp#27;[0m&amp#27;[32m &amp#27;[0m&amp#27;[32m&amp#27;[1m"perumahan"&amp#27;[0m&amp#27;[32m patient&amp#27;[0m &amp#27;[90m# starter.stepdefinitios.PatientDataSteps.iInput(java.lang.String,java.lang.String,java.lang.String,java.lang.String,java.lang.String)&amp#27;[0m
11:13:49.419 [Forwarding screenshot on session e7ae466e513374b63cac5f5c40319e39 to remote] DEBUG org.asynchttpclient.netty.request.NettyRequestSender - Using pooled Channel '[id: 0x2ee482fd, L:/127.0.0.1:61434 - R:localhost/127.0.0.1:64932]' for 'GET' to 'http://localhost:64932/session/e7ae466e513374b63cac5f5c40319e39/screenshot'
11:13:49.419 [Forwarding screenshot on session e7ae466e513374b63cac5f5c40319e39 to remote] DEBUG org.asynchttpclient.netty.request.NettyRequestSender - Using open Channel [id: 0x2ee482fd, L:/127.0.0.1:61434 - R:localhost/127.0.0.1:64932] for GET '/session/e7ae466e513374b63cac5f5c40319e39/screenshot'
11:13:49.820 [AsyncHttpClient-1-1] DEBUG org.asynchttpclient.netty.channel.DefaultChannelPool - Entry count for : http://localhost:61436 : 1
11:13:49.862 [AsyncHttpClient-1-6] DEBUG org.asynchttpclient.netty.handler.HttpHandler - 

Request DefaultFullHttpRequest(decodeResult: success, version: HTTP/1.1, content: EmptyByteBufBE)
GET /session/e7ae466e513374b63cac5f5c40319e39/screenshot HTTP/1.1
User-Agent: selenium/4.1.2 (java windows)
Cache-Control: no-cache
Content-Type: application/json; charset=utf-8
host: localhost:64932
accept: */*

Response DefaultHttpResponse(decodeResult: success, version: HTTP/1.1)
HTTP/1.1 200 OK
Content-Type: application/json; charset=utf-8
cache-control: no-cache
content-length: 414556

11:13:49.863 [AsyncHttpClient-1-6] DEBUG org.asynchttpclient.netty.channel.ChannelManager - Adding key: http://localhost:64932 for channel [id: 0x2ee482fd, L:/127.0.0.1:61434 - R:localhost/127.0.0.1:64932]
11:13:49.896 [main] DEBUG net.serenitybdd.core.photography.Darkroom - Send negative for processing for target\site\serenity\e86295b3608f2681c5d98f0a788262f375c0473f1a63fce70bb9c36dc7b0cd2e.png
11:13:49.897 [main] DEBUG net.thucydides.core.steps.StepInterceptor - STARTING STEP: PatientDataSteps.iClickButtonJenisKelamin - clickLaki
11:13:49.899 [Darkroom Processing Line] DEBUG net.serenitybdd.core.photography.DarkroomProcessingLine - Processing screenshot image in /var/screenshots/screenshot-4761716540587986
11:13:49.899 [Darkroom Processing Line] DEBUG net.serenitybdd.core.photography.DarkroomProcessingLine - Saving screenshot to target\site\serenity\e86295b3608f2681c5d98f0a788262f375c0473f1a63fce70bb9c36dc7b0cd2e.png
11:13:49.904 [Forwarding findElement on session e7ae466e513374b63cac5f5c40319e39 to remote] DEBUG org.asynchttpclient.netty.request.NettyRequestSender - Using pooled Channel '[id: 0x2ee482fd, L:/127.0.0.1:61434 - R:localhost/127.0.0.1:64932]' for 'POST' to 'http://localhost:64932/session/e7ae466e513374b63cac5f5c40319e39/element'
11:13:49.909 [Forwarding findElement on session e7ae466e513374b63cac5f5c40319e39 to remote] DEBUG org.asynchttpclient.netty.request.NettyRequestSender - Using open Channel [id: 0x2ee482fd, L:/127.0.0.1:61434 - R:localhost/127.0.0.1:64932] for POST '/session/e7ae466e513374b63cac5f5c40319e39/element'
11:13:49.960 [AsyncHttpClient-1-6] DEBUG org.asynchttpclient.netty.handler.HttpHandler - 

Request DefaultHttpRequest(decodeResult: success, version: HTTP/1.1)
POST /session/e7ae466e513374b63cac5f5c40319e39/element HTTP/1.1
User-Agent: selenium/4.1.2 (java windows)
Content-Length: 179
Content-Type: application/json; charset=utf-8
host: localhost:64932
accept: */*

Response DefaultHttpResponse(decodeResult: success, version: HTTP/1.1)
HTTP/1.1 200 OK
Content-Type: application/json; charset=utf-8
cache-control: no-cache
content-length: 88

11:13:49.960 [AsyncHttpClient-1-6] DEBUG org.asynchttpclient.netty.channel.ChannelManager - Adding key: http://localhost:64932 for channel [id: 0x2ee482fd, L:/127.0.0.1:61434 - R:localhost/127.0.0.1:64932]
11:13:49.962 [Forwarding getElementTagName on session e7ae466e513374b63cac5f5c40319e39 to remote] DEBUG org.asynchttpclient.netty.request.NettyRequestSender - Using pooled Channel '[id: 0x2ee482fd, L:/127.0.0.1:61434 - R:localhost/127.0.0.1:64932]' for 'GET' to 'http://localhost:64932/session/e7ae466e513374b63cac5f5c40319e39/element/9438e7a0-6420-47eb-bb81-2799279148f7/name'
11:13:49.963 [Forwarding getElementTagName on session e7ae466e513374b63cac5f5c40319e39 to remote] DEBUG org.asynchttpclient.netty.request.NettyRequestSender - Using open Channel [id: 0x2ee482fd, L:/127.0.0.1:61434 - R:localhost/127.0.0.1:64932] for GET '/session/e7ae466e513374b63cac5f5c40319e39/element/9438e7a0-6420-47eb-bb81-2799279148f7/name'
11:13:49.978 [AsyncHttpClient-1-6] DEBUG org.asynchttpclient.netty.handler.HttpHandler - 

Request DefaultFullHttpRequest(decodeResult: success, version: HTTP/1.1, content: EmptyByteBufBE)
GET /session/e7ae466e513374b63cac5f5c40319e39/element/9438e7a0-6420-47eb-bb81-2799279148f7/name HTTP/1.1
User-Agent: selenium/4.1.2 (java windows)
Cache-Control: no-cache
Content-Type: application/json; charset=utf-8
host: localhost:64932
accept: */*

Response DefaultHttpResponse(decodeResult: success, version: HTTP/1.1)
HTTP/1.1 200 OK
Content-Type: application/json; charset=utf-8
cache-control: no-cache
content-length: 16

11:13:49.978 [AsyncHttpClient-1-6] DEBUG org.asynchttpclient.netty.channel.ChannelManager - Adding key: http://localhost:64932 for channel [id: 0x2ee482fd, L:/127.0.0.1:61434 - R:localhost/127.0.0.1:64932]
11:13:49.980 [Forwarding getElementTagName on session e7ae466e513374b63cac5f5c40319e39 to remote] DEBUG org.asynchttpclient.netty.request.NettyRequestSender - Using pooled Channel '[id: 0x2ee482fd, L:/127.0.0.1:61434 - R:localhost/127.0.0.1:64932]' for 'GET' to 'http://localhost:64932/session/e7ae466e513374b63cac5f5c40319e39/element/9438e7a0-6420-47eb-bb81-2799279148f7/name'
11:13:49.980 [Forwarding getElementTagName on session e7ae466e513374b63cac5f5c40319e39 to remote] DEBUG org.asynchttpclient.netty.request.NettyRequestSender - Using open Channel [id: 0x2ee482fd, L:/127.0.0.1:61434 - R:localhost/127.0.0.1:64932] for GET '/session/e7ae466e513374b63cac5f5c40319e39/element/9438e7a0-6420-47eb-bb81-2799279148f7/name'
11:13:50.009 [AsyncHttpClient-1-6] DEBUG org.asynchttpclient.netty.handler.HttpHandler - 

Request DefaultFullHttpRequest(decodeResult: success, version: HTTP/1.1, content: EmptyByteBufBE)
GET /session/e7ae466e513374b63cac5f5c40319e39/element/9438e7a0-6420-47eb-bb81-2799279148f7/name HTTP/1.1
User-Agent: selenium/4.1.2 (java windows)
Cache-Control: no-cache
Content-Type: application/json; charset=utf-8
host: localhost:64932
accept: */*

Response DefaultHttpResponse(decodeResult: success, version: HTTP/1.1)
HTTP/1.1 200 OK
Content-Type: application/json; charset=utf-8
cache-control: no-cache
content-length: 16

11:13:50.009 [AsyncHttpClient-1-6] DEBUG org.asynchttpclient.netty.channel.ChannelManager - Adding key: http://localhost:64932 for channel [id: 0x2ee482fd, L:/127.0.0.1:61434 - R:localhost/127.0.0.1:64932]
11:13:50.012 [Forwarding findElement on session e7ae466e513374b63cac5f5c40319e39 to remote] DEBUG org.asynchttpclient.netty.request.NettyRequestSender - Using pooled Channel '[id: 0x2ee482fd, L:/127.0.0.1:61434 - R:localhost/127.0.0.1:64932]' for 'POST' to 'http://localhost:64932/session/e7ae466e513374b63cac5f5c40319e39/element'
11:13:50.012 [Forwarding findElement on session e7ae466e513374b63cac5f5c40319e39 to remote] DEBUG org.asynchttpclient.netty.request.NettyRequestSender - Using open Channel [id: 0x2ee482fd, L:/127.0.0.1:61434 - R:localhost/127.0.0.1:64932] for POST '/session/e7ae466e513374b63cac5f5c40319e39/element'
11:13:50.079 [AsyncHttpClient-1-6] DEBUG org.asynchttpclient.netty.handler.HttpHandler - 

Request DefaultHttpRequest(decodeResult: success, version: HTTP/1.1)
POST /session/e7ae466e513374b63cac5f5c40319e39/element HTTP/1.1
User-Agent: selenium/4.1.2 (java windows)
Content-Length: 179
Content-Type: application/json; charset=utf-8
host: localhost:64932
accept: */*

Response DefaultHttpResponse(decodeResult: success, version: HTTP/1.1)
HTTP/1.1 200 OK
Content-Type: application/json; charset=utf-8
cache-control: no-cache
content-length: 88

11:13:50.079 [AsyncHttpClient-1-6] DEBUG org.asynchttpclient.netty.channel.ChannelManager - Adding key: http://localhost:64932 for channel [id: 0x2ee482fd, L:/127.0.0.1:61434 - R:localhost/127.0.0.1:64932]
11:13:50.081 [Forwarding clickElement on session e7ae466e513374b63cac5f5c40319e39 to remote] DEBUG org.asynchttpclient.netty.request.NettyRequestSender - Using pooled Channel '[id: 0x2ee482fd, L:/127.0.0.1:61434 - R:localhost/127.0.0.1:64932]' for 'POST' to 'http://localhost:64932/session/e7ae466e513374b63cac5f5c40319e39/element/9438e7a0-6420-47eb-bb81-2799279148f7/click'
11:13:50.081 [Forwarding clickElement on session e7ae466e513374b63cac5f5c40319e39 to remote] DEBUG org.asynchttpclient.netty.request.NettyRequestSender - Using open Channel [id: 0x2ee482fd, L:/127.0.0.1:61434 - R:localhost/127.0.0.1:64932] for POST '/session/e7ae466e513374b63cac5f5c40319e39/element/9438e7a0-6420-47eb-bb81-2799279148f7/click'
11:13:50.296 [AsyncHttpClient-1-6] DEBUG org.asynchttpclient.netty.handler.HttpHandler - 

Request DefaultHttpRequest(decodeResult: success, version: HTTP/1.1)
POST /session/e7ae466e513374b63cac5f5c40319e39/element/9438e7a0-6420-47eb-bb81-2799279148f7/click HTTP/1.1
User-Agent: selenium/4.1.2 (java windows)
Content-Length: 50
Content-Type: application/json; charset=utf-8
host: localhost:64932
accept: */*

Response DefaultHttpResponse(decodeResult: success, version: HTTP/1.1)
HTTP/1.1 200 OK
Content-Type: application/json; charset=utf-8
cache-control: no-cache
content-length: 14

11:13:50.296 [AsyncHttpClient-1-6] DEBUG org.asynchttpclient.netty.channel.ChannelManager - Adding key: http://localhost:64932 for channel [id: 0x2ee482fd, L:/127.0.0.1:61434 - R:localhost/127.0.0.1:64932]
11:13:50.329 [Forwarding screenshot on session e7ae466e513374b63cac5f5c40319e39 to remote] DEBUG org.asynchttpclient.netty.request.NettyRequestSender - Using pooled Channel '[id: 0x2ee482fd, L:/127.0.0.1:61434 - R:localhost/127.0.0.1:64932]' for 'GET' to 'http://localhost:64932/session/e7ae466e513374b63cac5f5c40319e39/screenshot'
11:13:50.329 [Forwarding screenshot on session e7ae466e513374b63cac5f5c40319e39 to remote] DEBUG org.asynchttpclient.netty.request.NettyRequestSender - Using open Channel [id: 0x2ee482fd, L:/127.0.0.1:61434 - R:localhost/127.0.0.1:64932] for GET '/session/e7ae466e513374b63cac5f5c40319e39/screenshot'
11:13:50.830 [AsyncHttpClient-1-6] DEBUG org.asynchttpclient.netty.handler.HttpHandler - 

Request DefaultFullHttpRequest(decodeResult: success, version: HTTP/1.1, content: EmptyByteBufBE)
GET /session/e7ae466e513374b63cac5f5c40319e39/screenshot HTTP/1.1
User-Agent: selenium/4.1.2 (java windows)
Cache-Control: no-cache
Content-Type: application/json; charset=utf-8
host: localhost:64932
accept: */*

Response DefaultHttpResponse(decodeResult: success, version: HTTP/1.1)
HTTP/1.1 200 OK
Content-Type: application/json; charset=utf-8
cache-control: no-cache
content-length: 415160

11:13:50.832 [AsyncHttpClient-1-6] DEBUG org.asynchttpclient.netty.channel.ChannelManager - Adding key: http://localhost:64932 for channel [id: 0x2ee482fd, L:/127.0.0.1:61434 - R:localhost/127.0.0.1:64932]
11:13:50.871 [main] DEBUG net.serenitybdd.core.photography.Darkroom - Send negative for processing for target\site\serenity\655076b06e4c4545a9660e5d37dcc429af68adec0ca22e7e13e4b4e1c0e1a3bd.png
11:13:50.871 [main] DEBUG net.thucydides.core.steps.StepInterceptor - STEP DONE: clickLaki
  &amp#27;[32mAnd &amp#27;[0m&amp#27;[32mI click button jenis kelamin patient&amp#27;[0m                       &amp#27;[90m# starter.stepdefinitios.PatientDataSteps.iClickButtonJenisKelamin()&amp#27;[0m
11:13:50.875 [Darkroom Processing Line] DEBUG net.serenitybdd.core.photography.DarkroomProcessingLine - Processing screenshot image in /var/screenshots/screenshot-13480527066480060362
11:13:50.875 [Darkroom Processing Line] DEBUG net.serenitybdd.core.photography.DarkroomProcessingLine - Saving screenshot to target\site\serenity\655076b06e4c4545a9660e5d37dcc429af68adec0ca22e7e13e4b4e1c0e1a3bd.png
11:13:50.914 [AsyncHttpClient-1-1] DEBUG org.asynchttpclient.netty.channel.DefaultChannelPool - Entry count for : http://localhost:64932 : 1
11:13:50.914 [AsyncHttpClient-1-1] DEBUG org.asynchttpclient.netty.channel.DefaultChannelPool - Entry count for : http://localhost:61436 : 1
11:13:50.915 [main] DEBUG net.thucydides.core.steps.StepInterceptor - STARTING STEP: PatientDataSteps.clickButtonSimpan - clickButtonSave
11:13:50.931 [Forwarding findElement on session e7ae466e513374b63cac5f5c40319e39 to remote] DEBUG org.asynchttpclient.netty.request.NettyRequestSender - Using pooled Channel '[id: 0x2ee482fd, L:/127.0.0.1:61434 - R:localhost/127.0.0.1:64932]' for 'POST' to 'http://localhost:64932/session/e7ae466e513374b63cac5f5c40319e39/element'
11:13:50.931 [Forwarding findElement on session e7ae466e513374b63cac5f5c40319e39 to remote] DEBUG org.asynchttpclient.netty.request.NettyRequestSender - Using open Channel [id: 0x2ee482fd, L:/127.0.0.1:61434 - R:localhost/127.0.0.1:64932] for POST '/session/e7ae466e513374b63cac5f5c40319e39/element'
11:13:50.963 [AsyncHttpClient-1-6] DEBUG org.asynchttpclient.netty.handler.HttpHandler - 

Request DefaultHttpRequest(decodeResult: success, version: HTTP/1.1)
POST /session/e7ae466e513374b63cac5f5c40319e39/element HTTP/1.1
User-Agent: selenium/4.1.2 (java windows)
Content-Length: 149
Content-Type: application/json; charset=utf-8
host: localhost:64932
accept: */*

Response DefaultHttpResponse(decodeResult: success, version: HTTP/1.1)
HTTP/1.1 200 OK
Content-Type: application/json; charset=utf-8
cache-control: no-cache
content-length: 88

11:13:50.963 [AsyncHttpClient-1-6] DEBUG org.asynchttpclient.netty.channel.ChannelManager - Adding key: http://localhost:64932 for channel [id: 0x2ee482fd, L:/127.0.0.1:61434 - R:localhost/127.0.0.1:64932]
11:13:50.966 [Forwarding getElementTagName on session e7ae466e513374b63cac5f5c40319e39 to remote] DEBUG org.asynchttpclient.netty.request.NettyRequestSender - Using pooled Channel '[id: 0x2ee482fd, L:/127.0.0.1:61434 - R:localhost/127.0.0.1:64932]' for 'GET' to 'http://localhost:64932/session/e7ae466e513374b63cac5f5c40319e39/element/b35da77e-60f1-40a8-bf71-d9ad33e7ff7e/name'
11:13:50.966 [Forwarding getElementTagName on session e7ae466e513374b63cac5f5c40319e39 to remote] DEBUG org.asynchttpclient.netty.request.NettyRequestSender - Using open Channel [id: 0x2ee482fd, L:/127.0.0.1:61434 - R:localhost/127.0.0.1:64932] for GET '/session/e7ae466e513374b63cac5f5c40319e39/element/b35da77e-60f1-40a8-bf71-d9ad33e7ff7e/name'
11:13:50.977 [AsyncHttpClient-1-6] DEBUG org.asynchttpclient.netty.handler.HttpHandler - 

Request DefaultFullHttpRequest(decodeResult: success, version: HTTP/1.1, content: EmptyByteBufBE)
GET /session/e7ae466e513374b63cac5f5c40319e39/element/b35da77e-60f1-40a8-bf71-d9ad33e7ff7e/name HTTP/1.1
User-Agent: selenium/4.1.2 (java windows)
Cache-Control: no-cache
Content-Type: application/json; charset=utf-8
host: localhost:64932
accept: */*

Response DefaultHttpResponse(decodeResult: success, version: HTTP/1.1)
HTTP/1.1 200 OK
Content-Type: application/json; charset=utf-8
cache-control: no-cache
content-length: 18

11:13:50.977 [AsyncHttpClient-1-6] DEBUG org.asynchttpclient.netty.channel.ChannelManager - Adding key: http://localhost:64932 for channel [id: 0x2ee482fd, L:/127.0.0.1:61434 - R:localhost/127.0.0.1:64932]
11:13:50.979 [Forwarding getElementTagName on session e7ae466e513374b63cac5f5c40319e39 to remote] DEBUG org.asynchttpclient.netty.request.NettyRequestSender - Using pooled Channel '[id: 0x2ee482fd, L:/127.0.0.1:61434 - R:localhost/127.0.0.1:64932]' for 'GET' to 'http://localhost:64932/session/e7ae466e513374b63cac5f5c40319e39/element/b35da77e-60f1-40a8-bf71-d9ad33e7ff7e/name'
11:13:50.979 [Forwarding getElementTagName on session e7ae466e513374b63cac5f5c40319e39 to remote] DEBUG org.asynchttpclient.netty.request.NettyRequestSender - Using open Channel [id: 0x2ee482fd, L:/127.0.0.1:61434 - R:localhost/127.0.0.1:64932] for GET '/session/e7ae466e513374b63cac5f5c40319e39/element/b35da77e-60f1-40a8-bf71-d9ad33e7ff7e/name'
11:13:50.989 [AsyncHttpClient-1-6] DEBUG org.asynchttpclient.netty.handler.HttpHandler - 

Request DefaultFullHttpRequest(decodeResult: success, version: HTTP/1.1, content: EmptyByteBufBE)
GET /session/e7ae466e513374b63cac5f5c40319e39/element/b35da77e-60f1-40a8-bf71-d9ad33e7ff7e/name HTTP/1.1
User-Agent: selenium/4.1.2 (java windows)
Cache-Control: no-cache
Content-Type: application/json; charset=utf-8
host: localhost:64932
accept: */*

Response DefaultHttpResponse(decodeResult: success, version: HTTP/1.1)
HTTP/1.1 200 OK
Content-Type: application/json; charset=utf-8
cache-control: no-cache
content-length: 18

11:13:50.989 [AsyncHttpClient-1-6] DEBUG org.asynchttpclient.netty.channel.ChannelManager - Adding key: http://localhost:64932 for channel [id: 0x2ee482fd, L:/127.0.0.1:61434 - R:localhost/127.0.0.1:64932]
11:13:50.995 [Forwarding isElementEnabled on session e7ae466e513374b63cac5f5c40319e39 to remote] DEBUG org.asynchttpclient.netty.request.NettyRequestSender - Using pooled Channel '[id: 0x2ee482fd, L:/127.0.0.1:61434 - R:localhost/127.0.0.1:64932]' for 'GET' to 'http://localhost:64932/session/e7ae466e513374b63cac5f5c40319e39/element/b35da77e-60f1-40a8-bf71-d9ad33e7ff7e/enabled'
11:13:50.995 [Forwarding isElementEnabled on session e7ae466e513374b63cac5f5c40319e39 to remote] DEBUG org.asynchttpclient.netty.request.NettyRequestSender - Using open Channel [id: 0x2ee482fd, L:/127.0.0.1:61434 - R:localhost/127.0.0.1:64932] for GET '/session/e7ae466e513374b63cac5f5c40319e39/element/b35da77e-60f1-40a8-bf71-d9ad33e7ff7e/enabled'
11:13:51.072 [AsyncHttpClient-1-6] DEBUG org.asynchttpclient.netty.handler.HttpHandler - 

Request DefaultFullHttpRequest(decodeResult: success, version: HTTP/1.1, content: EmptyByteBufBE)
GET /session/e7ae466e513374b63cac5f5c40319e39/element/b35da77e-60f1-40a8-bf71-d9ad33e7ff7e/enabled HTTP/1.1
User-Agent: selenium/4.1.2 (java windows)
Cache-Control: no-cache
Content-Type: application/json; charset=utf-8
host: localhost:64932
accept: */*

Response DefaultHttpResponse(decodeResult: success, version: HTTP/1.1)
HTTP/1.1 200 OK
Content-Type: application/json; charset=utf-8
cache-control: no-cache
content-length: 14

11:13:51.073 [AsyncHttpClient-1-6] DEBUG org.asynchttpclient.netty.channel.ChannelManager - Adding key: http://localhost:64932 for channel [id: 0x2ee482fd, L:/127.0.0.1:61434 - R:localhost/127.0.0.1:64932]
11:13:51.075 [Forwarding isElementEnabled on session e7ae466e513374b63cac5f5c40319e39 to remote] DEBUG org.asynchttpclient.netty.request.NettyRequestSender - Using pooled Channel '[id: 0x2ee482fd, L:/127.0.0.1:61434 - R:localhost/127.0.0.1:64932]' for 'GET' to 'http://localhost:64932/session/e7ae466e513374b63cac5f5c40319e39/element/b35da77e-60f1-40a8-bf71-d9ad33e7ff7e/enabled'
11:13:51.075 [Forwarding isElementEnabled on session e7ae466e513374b63cac5f5c40319e39 to remote] DEBUG org.asynchttpclient.netty.request.NettyRequestSender - Using open Channel [id: 0x2ee482fd, L:/127.0.0.1:61434 - R:localhost/127.0.0.1:64932] for GET '/session/e7ae466e513374b63cac5f5c40319e39/element/b35da77e-60f1-40a8-bf71-d9ad33e7ff7e/enabled'
11:13:51.091 [AsyncHttpClient-1-6] DEBUG org.asynchttpclient.netty.handler.HttpHandler - 

Request DefaultFullHttpRequest(decodeResult: success, version: HTTP/1.1, content: EmptyByteBufBE)
GET /session/e7ae466e513374b63cac5f5c40319e39/element/b35da77e-60f1-40a8-bf71-d9ad33e7ff7e/enabled HTTP/1.1
User-Agent: selenium/4.1.2 (java windows)
Cache-Control: no-cache
Content-Type: application/json; charset=utf-8
host: localhost:64932
accept: */*

Response DefaultHttpResponse(decodeResult: success, version: HTTP/1.1)
HTTP/1.1 200 OK
Content-Type: application/json; charset=utf-8
cache-control: no-cache
content-length: 14

11:13:51.091 [AsyncHttpClient-1-6] DEBUG org.asynchttpclient.netty.channel.ChannelManager - Adding key: http://localhost:64932 for channel [id: 0x2ee482fd, L:/127.0.0.1:61434 - R:localhost/127.0.0.1:64932]
11:13:51.094 [Forwarding findElement on session e7ae466e513374b63cac5f5c40319e39 to remote] DEBUG org.asynchttpclient.netty.request.NettyRequestSender - Using pooled Channel '[id: 0x2ee482fd, L:/127.0.0.1:61434 - R:localhost/127.0.0.1:64932]' for 'POST' to 'http://localhost:64932/session/e7ae466e513374b63cac5f5c40319e39/element'
11:13:51.094 [Forwarding findElement on session e7ae466e513374b63cac5f5c40319e39 to remote] DEBUG org.asynchttpclient.netty.request.NettyRequestSender - Using open Channel [id: 0x2ee482fd, L:/127.0.0.1:61434 - R:localhost/127.0.0.1:64932] for POST '/session/e7ae466e513374b63cac5f5c40319e39/element'
11:13:51.110 [AsyncHttpClient-1-6] DEBUG org.asynchttpclient.netty.handler.HttpHandler - 

Request DefaultHttpRequest(decodeResult: success, version: HTTP/1.1)
POST /session/e7ae466e513374b63cac5f5c40319e39/element HTTP/1.1
User-Agent: selenium/4.1.2 (java windows)
Content-Length: 149
Content-Type: application/json; charset=utf-8
host: localhost:64932
accept: */*

Response DefaultHttpResponse(decodeResult: success, version: HTTP/1.1)
HTTP/1.1 200 OK
Content-Type: application/json; charset=utf-8
cache-control: no-cache
content-length: 88

11:13:51.111 [AsyncHttpClient-1-6] DEBUG org.asynchttpclient.netty.channel.ChannelManager - Adding key: http://localhost:64932 for channel [id: 0x2ee482fd, L:/127.0.0.1:61434 - R:localhost/127.0.0.1:64932]
11:13:51.112 [Forwarding clickElement on session e7ae466e513374b63cac5f5c40319e39 to remote] DEBUG org.asynchttpclient.netty.request.NettyRequestSender - Using pooled Channel '[id: 0x2ee482fd, L:/127.0.0.1:61434 - R:localhost/127.0.0.1:64932]' for 'POST' to 'http://localhost:64932/session/e7ae466e513374b63cac5f5c40319e39/element/b35da77e-60f1-40a8-bf71-d9ad33e7ff7e/click'
11:13:51.112 [Forwarding clickElement on session e7ae466e513374b63cac5f5c40319e39 to remote] DEBUG org.asynchttpclient.netty.request.NettyRequestSender - Using open Channel [id: 0x2ee482fd, L:/127.0.0.1:61434 - R:localhost/127.0.0.1:64932] for POST '/session/e7ae466e513374b63cac5f5c40319e39/element/b35da77e-60f1-40a8-bf71-d9ad33e7ff7e/click'
11:13:51.219 [AsyncHttpClient-1-6] DEBUG org.asynchttpclient.netty.handler.HttpHandler - 

Request DefaultHttpRequest(decodeResult: success, version: HTTP/1.1)
POST /session/e7ae466e513374b63cac5f5c40319e39/element/b35da77e-60f1-40a8-bf71-d9ad33e7ff7e/click HTTP/1.1
User-Agent: selenium/4.1.2 (java windows)
Content-Length: 50
Content-Type: application/json; charset=utf-8
host: localhost:64932
accept: */*

Response DefaultHttpResponse(decodeResult: success, version: HTTP/1.1)
HTTP/1.1 200 OK
Content-Type: application/json; charset=utf-8
cache-control: no-cache
content-length: 14

11:13:51.220 [AsyncHttpClient-1-6] DEBUG org.asynchttpclient.netty.channel.ChannelManager - Adding key: http://localhost:64932 for channel [id: 0x2ee482fd, L:/127.0.0.1:61434 - R:localhost/127.0.0.1:64932]
11:13:51.243 [Forwarding screenshot on session e7ae466e513374b63cac5f5c40319e39 to remote] DEBUG org.asynchttpclient.netty.request.NettyRequestSender - Using pooled Channel '[id: 0x2ee482fd, L:/127.0.0.1:61434 - R:localhost/127.0.0.1:64932]' for 'GET' to 'http://localhost:64932/session/e7ae466e513374b63cac5f5c40319e39/screenshot'
11:13:51.243 [Forwarding screenshot on session e7ae466e513374b63cac5f5c40319e39 to remote] DEBUG org.asynchttpclient.netty.request.NettyRequestSender - Using open Channel [id: 0x2ee482fd, L:/127.0.0.1:61434 - R:localhost/127.0.0.1:64932] for GET '/session/e7ae466e513374b63cac5f5c40319e39/screenshot'
11:13:52.013 [AsyncHttpClient-1-1] DEBUG org.asynchttpclient.netty.channel.DefaultChannelPool - Entry count for : http://localhost:61436 : 1
11:13:52.238 [AsyncHttpClient-1-6] DEBUG org.asynchttpclient.netty.handler.HttpHandler - 

Request DefaultFullHttpRequest(decodeResult: success, version: HTTP/1.1, content: EmptyByteBufBE)
GET /session/e7ae466e513374b63cac5f5c40319e39/screenshot HTTP/1.1
User-Agent: selenium/4.1.2 (java windows)
Cache-Control: no-cache
Content-Type: application/json; charset=utf-8
host: localhost:64932
accept: */*

Response DefaultHttpResponse(decodeResult: success, version: HTTP/1.1)
HTTP/1.1 200 OK
Content-Type: application/json; charset=utf-8
cache-control: no-cache
content-length: 414496

11:13:52.241 [AsyncHttpClient-1-6] DEBUG org.asynchttpclient.netty.channel.ChannelManager - Adding key: http://localhost:64932 for channel [id: 0x2ee482fd, L:/127.0.0.1:61434 - R:localhost/127.0.0.1:64932]
11:13:52.307 [main] DEBUG net.serenitybdd.core.photography.Darkroom - Send negative for processing for target\site\serenity\9bbdb4ef8a04d1cf7dd758815427992dd109c512e27e4330c9171f0f1fd86dde.png
11:13:52.308 [main] DEBUG net.thucydides.core.steps.StepInterceptor - STEP DONE: clickButtonSave
  &amp#27;[32mAnd &amp#27;[0m&amp#27;[32mClick button simpan&amp#27;[0m                                        &amp#27;[90m# starter.stepdefinitios.PatientDataSteps.clickButtonSimpan()&amp#27;[0m
11:13:52.326 [Darkroom Processing Line] DEBUG net.serenitybdd.core.photography.DarkroomProcessingLine - Processing screenshot image in /var/screenshots/screenshot-631276648717371190
11:13:52.327 [Darkroom Processing Line] DEBUG net.serenitybdd.core.photography.DarkroomProcessingLine - Saving screenshot to target\site\serenity\9bbdb4ef8a04d1cf7dd758815427992dd109c512e27e4330c9171f0f1fd86dde.png
11:13:52.382 [Forwarding screenshot on session e7ae466e513374b63cac5f5c40319e39 to remote] DEBUG org.asynchttpclient.netty.request.NettyRequestSender - Using pooled Channel '[id: 0x2ee482fd, L:/127.0.0.1:61434 - R:localhost/127.0.0.1:64932]' for 'GET' to 'http://localhost:64932/session/e7ae466e513374b63cac5f5c40319e39/screenshot'
11:13:52.382 [Forwarding screenshot on session e7ae466e513374b63cac5f5c40319e39 to remote] DEBUG org.asynchttpclient.netty.request.NettyRequestSender - Using open Channel [id: 0x2ee482fd, L:/127.0.0.1:61434 - R:localhost/127.0.0.1:64932] for GET '/session/e7ae466e513374b63cac5f5c40319e39/screenshot'
11:13:52.410 [AsyncHttpClient-1-6] DEBUG org.asynchttpclient.netty.handler.HttpHandler - 

Request DefaultFullHttpRequest(decodeResult: success, version: HTTP/1.1, content: EmptyByteBufBE)
GET /session/e7ae466e513374b63cac5f5c40319e39/screenshot HTTP/1.1
User-Agent: selenium/4.1.2 (java windows)
Cache-Control: no-cache
Content-Type: application/json; charset=utf-8
host: localhost:64932
accept: */*

Response DefaultHttpResponse(decodeResult: success, version: HTTP/1.1)
HTTP/1.1 500 Internal Server Error
Content-Type: application/json; charset=utf-8
cache-control: no-cache
content-length: 917

11:13:52.411 [AsyncHttpClient-1-6] DEBUG org.asynchttpclient.netty.channel.ChannelManager - Adding key: http://localhost:64932 for channel [id: 0x2ee482fd, L:/127.0.0.1:61434 - R:localhost/127.0.0.1:64932]
11:13:52.412 [main] WARN net.thucydides.core.webdriver.WebDriverFacade - Failed to take screenshot (unexpected alert open: {Alert text : data telah diubah}
  (Session info: chrome=102.0.5005.115): data telah diubah
Build info: version: '4.1.2', revision: '9a5a329c5a'
System info: host: 'MOOK-HON', ip: '192.168.100.6', os.name: 'Windows 10', os.arch: 'amd64', os.version: '10.0', java.version: '11.0.14'
Driver info: org.openqa.selenium.chrome.ChromeDriver
Command: [e7ae466e513374b63cac5f5c40319e39, screenshot {}]
Capabilities {acceptInsecureCerts: false, browserName: chrome, browserVersion: 102.0.5005.115, chrome: {chromedriverVersion: 102.0.5005.61 (0e59bcc00cc4..., userDataDir: C:\Users\ASUS\AppData\Local...}, goog:chromeOptions: {debuggerAddress: localhost:61436}, javascriptEnabled: true, networkConnectionEnabled: false, pageLoadStrategy: normal, platform: WINDOWS, platformName: WINDOWS, proxy: Proxy(), se:cdp: ws://localhost:61436/devtoo..., se:cdpVersion: 102.0.5005.115, setWindowRect: true, strictFileInteractability: false, timeouts: {implicit: 0, pageLoad: 300000, script: 30000}, unhandledPromptBehavior: dismiss and notify, webauthn:extension:credBlob: true, webauthn:extension:largeBlob: true, webauthn:virtualAuthenticators: true}
Session ID: e7ae466e513374b63cac5f5c40319e39)
11:13:52.930 [Forwarding screenshot on session e7ae466e513374b63cac5f5c40319e39 to remote] DEBUG org.asynchttpclient.netty.request.NettyRequestSender - Using pooled Channel '[id: 0x2ee482fd, L:/127.0.0.1:61434 - R:localhost/127.0.0.1:64932]' for 'GET' to 'http://localhost:64932/session/e7ae466e513374b63cac5f5c40319e39/screenshot'
11:13:52.931 [Forwarding screenshot on session e7ae466e513374b63cac5f5c40319e39 to remote] DEBUG org.asynchttpclient.netty.request.NettyRequestSender - Using open Channel [id: 0x2ee482fd, L:/127.0.0.1:61434 - R:localhost/127.0.0.1:64932] for GET '/session/e7ae466e513374b63cac5f5c40319e39/screenshot'
11:13:53.115 [AsyncHttpClient-1-1] DEBUG org.asynchttpclient.netty.channel.DefaultChannelPool - Entry count for : http://localhost:61436 : 1
11:13:53.319 [AsyncHttpClient-1-6] DEBUG org.asynchttpclient.netty.handler.HttpHandler - 

Request DefaultFullHttpRequest(decodeResult: success, version: HTTP/1.1, content: EmptyByteBufBE)
GET /session/e7ae466e513374b63cac5f5c40319e39/screenshot HTTP/1.1
User-Agent: selenium/4.1.2 (java windows)
Cache-Control: no-cache
Content-Type: application/json; charset=utf-8
host: localhost:64932
accept: */*

Response DefaultHttpResponse(decodeResult: success, version: HTTP/1.1)
HTTP/1.1 200 OK
Content-Type: application/json; charset=utf-8
cache-control: no-cache
content-length: 414496

11:13:53.322 [AsyncHttpClient-1-6] DEBUG org.asynchttpclient.netty.channel.ChannelManager - Adding key: http://localhost:64932 for channel [id: 0x2ee482fd, L:/127.0.0.1:61434 - R:localhost/127.0.0.1:64932]
11:13:53.359 [main] DEBUG net.serenitybdd.core.photography.Darkroom - Send negative for processing for target\site\serenity\9bbdb4ef8a04d1cf7dd758815427992dd109c512e27e4330c9171f0f1fd86dde.png
11:13:53.360 [main] DEBUG net.thucydides.core.steps.StepInterceptor - STARTING STEP: PatientDataSteps.validEditData - clickButtonBack
11:13:53.367 [Forwarding findElement on session e7ae466e513374b63cac5f5c40319e39 to remote] DEBUG org.asynchttpclient.netty.request.NettyRequestSender - Using pooled Channel '[id: 0x2ee482fd, L:/127.0.0.1:61434 - R:localhost/127.0.0.1:64932]' for 'POST' to 'http://localhost:64932/session/e7ae466e513374b63cac5f5c40319e39/element'
11:13:53.367 [Forwarding findElement on session e7ae466e513374b63cac5f5c40319e39 to remote] DEBUG org.asynchttpclient.netty.request.NettyRequestSender - Using open Channel [id: 0x2ee482fd, L:/127.0.0.1:61434 - R:localhost/127.0.0.1:64932] for POST '/session/e7ae466e513374b63cac5f5c40319e39/element'
11:13:53.400 [AsyncHttpClient-1-6] DEBUG org.asynchttpclient.netty.handler.HttpHandler - 

Request DefaultHttpRequest(decodeResult: success, version: HTTP/1.1)
POST /session/e7ae466e513374b63cac5f5c40319e39/element HTTP/1.1
User-Agent: selenium/4.1.2 (java windows)
Content-Length: 137
Content-Type: application/json; charset=utf-8
host: localhost:64932
accept: */*

Response DefaultHttpResponse(decodeResult: success, version: HTTP/1.1)
HTTP/1.1 200 OK
Content-Type: application/json; charset=utf-8
cache-control: no-cache
content-length: 88

11:13:53.400 [AsyncHttpClient-1-6] DEBUG org.asynchttpclient.netty.channel.ChannelManager - Adding key: http://localhost:64932 for channel [id: 0x2ee482fd, L:/127.0.0.1:61434 - R:localhost/127.0.0.1:64932]
11:13:53.403 [Forwarding getElementTagName on session e7ae466e513374b63cac5f5c40319e39 to remote] DEBUG org.asynchttpclient.netty.request.NettyRequestSender - Using pooled Channel '[id: 0x2ee482fd, L:/127.0.0.1:61434 - R:localhost/127.0.0.1:64932]' for 'GET' to 'http://localhost:64932/session/e7ae466e513374b63cac5f5c40319e39/element/f24bb0ce-0a40-4bb2-9155-64cea7425486/name'
11:13:53.403 [Forwarding getElementTagName on session e7ae466e513374b63cac5f5c40319e39 to remote] DEBUG org.asynchttpclient.netty.request.NettyRequestSender - Using open Channel [id: 0x2ee482fd, L:/127.0.0.1:61434 - R:localhost/127.0.0.1:64932] for GET '/session/e7ae466e513374b63cac5f5c40319e39/element/f24bb0ce-0a40-4bb2-9155-64cea7425486/name'
11:13:53.413 [AsyncHttpClient-1-6] DEBUG org.asynchttpclient.netty.handler.HttpHandler - 

Request DefaultFullHttpRequest(decodeResult: success, version: HTTP/1.1, content: EmptyByteBufBE)
GET /session/e7ae466e513374b63cac5f5c40319e39/element/f24bb0ce-0a40-4bb2-9155-64cea7425486/name HTTP/1.1
User-Agent: selenium/4.1.2 (java windows)
Cache-Control: no-cache
Content-Type: application/json; charset=utf-8
host: localhost:64932
accept: */*

Response DefaultHttpResponse(decodeResult: success, version: HTTP/1.1)
HTTP/1.1 200 OK
Content-Type: application/json; charset=utf-8
cache-control: no-cache
content-length: 18

11:13:53.413 [AsyncHttpClient-1-6] DEBUG org.asynchttpclient.netty.channel.ChannelManager - Adding key: http://localhost:64932 for channel [id: 0x2ee482fd, L:/127.0.0.1:61434 - R:localhost/127.0.0.1:64932]
11:13:53.415 [Forwarding getElementTagName on session e7ae466e513374b63cac5f5c40319e39 to remote] DEBUG org.asynchttpclient.netty.request.NettyRequestSender - Using pooled Channel '[id: 0x2ee482fd, L:/127.0.0.1:61434 - R:localhost/127.0.0.1:64932]' for 'GET' to 'http://localhost:64932/session/e7ae466e513374b63cac5f5c40319e39/element/f24bb0ce-0a40-4bb2-9155-64cea7425486/name'
11:13:53.415 [Forwarding getElementTagName on session e7ae466e513374b63cac5f5c40319e39 to remote] DEBUG org.asynchttpclient.netty.request.NettyRequestSender - Using open Channel [id: 0x2ee482fd, L:/127.0.0.1:61434 - R:localhost/127.0.0.1:64932] for GET '/session/e7ae466e513374b63cac5f5c40319e39/element/f24bb0ce-0a40-4bb2-9155-64cea7425486/name'
11:13:53.427 [AsyncHttpClient-1-6] DEBUG org.asynchttpclient.netty.handler.HttpHandler - 

Request DefaultFullHttpRequest(decodeResult: success, version: HTTP/1.1, content: EmptyByteBufBE)
GET /session/e7ae466e513374b63cac5f5c40319e39/element/f24bb0ce-0a40-4bb2-9155-64cea7425486/name HTTP/1.1
User-Agent: selenium/4.1.2 (java windows)
Cache-Control: no-cache
Content-Type: application/json; charset=utf-8
host: localhost:64932
accept: */*

Response DefaultHttpResponse(decodeResult: success, version: HTTP/1.1)
HTTP/1.1 200 OK
Content-Type: application/json; charset=utf-8
cache-control: no-cache
content-length: 18

11:13:53.427 [AsyncHttpClient-1-6] DEBUG org.asynchttpclient.netty.channel.ChannelManager - Adding key: http://localhost:64932 for channel [id: 0x2ee482fd, L:/127.0.0.1:61434 - R:localhost/127.0.0.1:64932]
11:13:53.431 [Forwarding isElementEnabled on session e7ae466e513374b63cac5f5c40319e39 to remote] DEBUG org.asynchttpclient.netty.request.NettyRequestSender - Using pooled Channel '[id: 0x2ee482fd, L:/127.0.0.1:61434 - R:localhost/127.0.0.1:64932]' for 'GET' to 'http://localhost:64932/session/e7ae466e513374b63cac5f5c40319e39/element/f24bb0ce-0a40-4bb2-9155-64cea7425486/enabled'
11:13:53.431 [Forwarding isElementEnabled on session e7ae466e513374b63cac5f5c40319e39 to remote] DEBUG org.asynchttpclient.netty.request.NettyRequestSender - Using open Channel [id: 0x2ee482fd, L:/127.0.0.1:61434 - R:localhost/127.0.0.1:64932] for GET '/session/e7ae466e513374b63cac5f5c40319e39/element/f24bb0ce-0a40-4bb2-9155-64cea7425486/enabled'
11:13:53.545 [AsyncHttpClient-1-6] DEBUG org.asynchttpclient.netty.handler.HttpHandler - 

Request DefaultFullHttpRequest(decodeResult: success, version: HTTP/1.1, content: EmptyByteBufBE)
GET /session/e7ae466e513374b63cac5f5c40319e39/element/f24bb0ce-0a40-4bb2-9155-64cea7425486/enabled HTTP/1.1
User-Agent: selenium/4.1.2 (java windows)
Cache-Control: no-cache
Content-Type: application/json; charset=utf-8
host: localhost:64932
accept: */*

Response DefaultHttpResponse(decodeResult: success, version: HTTP/1.1)
HTTP/1.1 200 OK
Content-Type: application/json; charset=utf-8
cache-control: no-cache
content-length: 14

11:13:53.546 [AsyncHttpClient-1-6] DEBUG org.asynchttpclient.netty.channel.ChannelManager - Adding key: http://localhost:64932 for channel [id: 0x2ee482fd, L:/127.0.0.1:61434 - R:localhost/127.0.0.1:64932]
11:13:53.548 [Forwarding isElementEnabled on session e7ae466e513374b63cac5f5c40319e39 to remote] DEBUG org.asynchttpclient.netty.request.NettyRequestSender - Using pooled Channel '[id: 0x2ee482fd, L:/127.0.0.1:61434 - R:localhost/127.0.0.1:64932]' for 'GET' to 'http://localhost:64932/session/e7ae466e513374b63cac5f5c40319e39/element/f24bb0ce-0a40-4bb2-9155-64cea7425486/enabled'
11:13:53.548 [Forwarding isElementEnabled on session e7ae466e513374b63cac5f5c40319e39 to remote] DEBUG org.asynchttpclient.netty.request.NettyRequestSender - Using open Channel [id: 0x2ee482fd, L:/127.0.0.1:61434 - R:localhost/127.0.0.1:64932] for GET '/session/e7ae466e513374b63cac5f5c40319e39/element/f24bb0ce-0a40-4bb2-9155-64cea7425486/enabled'
11:13:53.612 [AsyncHttpClient-1-6] DEBUG org.asynchttpclient.netty.handler.HttpHandler - 

Request DefaultFullHttpRequest(decodeResult: success, version: HTTP/1.1, content: EmptyByteBufBE)
GET /session/e7ae466e513374b63cac5f5c40319e39/element/f24bb0ce-0a40-4bb2-9155-64cea7425486/enabled HTTP/1.1
User-Agent: selenium/4.1.2 (java windows)
Cache-Control: no-cache
Content-Type: application/json; charset=utf-8
host: localhost:64932
accept: */*

Response DefaultHttpResponse(decodeResult: success, version: HTTP/1.1)
HTTP/1.1 200 OK
Content-Type: application/json; charset=utf-8
cache-control: no-cache
content-length: 14

11:13:53.612 [AsyncHttpClient-1-6] DEBUG org.asynchttpclient.netty.channel.ChannelManager - Adding key: http://localhost:64932 for channel [id: 0x2ee482fd, L:/127.0.0.1:61434 - R:localhost/127.0.0.1:64932]
11:13:53.616 [Forwarding findElement on session e7ae466e513374b63cac5f5c40319e39 to remote] DEBUG org.asynchttpclient.netty.request.NettyRequestSender - Using pooled Channel '[id: 0x2ee482fd, L:/127.0.0.1:61434 - R:localhost/127.0.0.1:64932]' for 'POST' to 'http://localhost:64932/session/e7ae466e513374b63cac5f5c40319e39/element'
11:13:53.616 [Forwarding findElement on session e7ae466e513374b63cac5f5c40319e39 to remote] DEBUG org.asynchttpclient.netty.request.NettyRequestSender - Using open Channel [id: 0x2ee482fd, L:/127.0.0.1:61434 - R:localhost/127.0.0.1:64932] for POST '/session/e7ae466e513374b63cac5f5c40319e39/element'
11:13:53.646 [AsyncHttpClient-1-6] DEBUG org.asynchttpclient.netty.handler.HttpHandler - 

Request DefaultHttpRequest(decodeResult: success, version: HTTP/1.1)
POST /session/e7ae466e513374b63cac5f5c40319e39/element HTTP/1.1
User-Agent: selenium/4.1.2 (java windows)
Content-Length: 137
Content-Type: application/json; charset=utf-8
host: localhost:64932
accept: */*

Response DefaultHttpResponse(decodeResult: success, version: HTTP/1.1)
HTTP/1.1 200 OK
Content-Type: application/json; charset=utf-8
cache-control: no-cache
content-length: 88

11:13:53.646 [AsyncHttpClient-1-6] DEBUG org.asynchttpclient.netty.channel.ChannelManager - Adding key: http://localhost:64932 for channel [id: 0x2ee482fd, L:/127.0.0.1:61434 - R:localhost/127.0.0.1:64932]
11:13:53.649 [Forwarding clickElement on session e7ae466e513374b63cac5f5c40319e39 to remote] DEBUG org.asynchttpclient.netty.request.NettyRequestSender - Using pooled Channel '[id: 0x2ee482fd, L:/127.0.0.1:61434 - R:localhost/127.0.0.1:64932]' for 'POST' to 'http://localhost:64932/session/e7ae466e513374b63cac5f5c40319e39/element/f24bb0ce-0a40-4bb2-9155-64cea7425486/click'
11:13:53.649 [Forwarding clickElement on session e7ae466e513374b63cac5f5c40319e39 to remote] DEBUG org.asynchttpclient.netty.request.NettyRequestSender - Using open Channel [id: 0x2ee482fd, L:/127.0.0.1:61434 - R:localhost/127.0.0.1:64932] for POST '/session/e7ae466e513374b63cac5f5c40319e39/element/f24bb0ce-0a40-4bb2-9155-64cea7425486/click'
11:13:53.990 [AsyncHttpClient-1-6] DEBUG org.asynchttpclient.netty.handler.HttpHandler - 

Request DefaultHttpRequest(decodeResult: success, version: HTTP/1.1)
POST /session/e7ae466e513374b63cac5f5c40319e39/element/f24bb0ce-0a40-4bb2-9155-64cea7425486/click HTTP/1.1
User-Agent: selenium/4.1.2 (java windows)
Content-Length: 50
Content-Type: application/json; charset=utf-8
host: localhost:64932
accept: */*

Response DefaultHttpResponse(decodeResult: success, version: HTTP/1.1)
HTTP/1.1 200 OK
Content-Type: application/json; charset=utf-8
cache-control: no-cache
content-length: 14

11:13:53.991 [AsyncHttpClient-1-6] DEBUG org.asynchttpclient.netty.channel.ChannelManager - Adding key: http://localhost:64932 for channel [id: 0x2ee482fd, L:/127.0.0.1:61434 - R:localhost/127.0.0.1:64932]
11:13:54.025 [Forwarding screenshot on session e7ae466e513374b63cac5f5c40319e39 to remote] DEBUG org.asynchttpclient.netty.request.NettyRequestSender - Using pooled Channel '[id: 0x2ee482fd, L:/127.0.0.1:61434 - R:localhost/127.0.0.1:64932]' for 'GET' to 'http://localhost:64932/session/e7ae466e513374b63cac5f5c40319e39/screenshot'
11:13:54.025 [Forwarding screenshot on session e7ae466e513374b63cac5f5c40319e39 to remote] DEBUG org.asynchttpclient.netty.request.NettyRequestSender - Using open Channel [id: 0x2ee482fd, L:/127.0.0.1:61434 - R:localhost/127.0.0.1:64932] for GET '/session/e7ae466e513374b63cac5f5c40319e39/screenshot'
11:13:54.214 [AsyncHttpClient-1-1] DEBUG org.asynchttpclient.netty.channel.DefaultChannelPool - Entry count for : http://localhost:61436 : 1
11:13:54.561 [AsyncHttpClient-1-6] DEBUG org.asynchttpclient.netty.handler.HttpHandler - 

Request DefaultFullHttpRequest(decodeResult: success, version: HTTP/1.1, content: EmptyByteBufBE)
GET /session/e7ae466e513374b63cac5f5c40319e39/screenshot HTTP/1.1
User-Agent: selenium/4.1.2 (java windows)
Cache-Control: no-cache
Content-Type: application/json; charset=utf-8
host: localhost:64932
accept: */*

Response DefaultHttpResponse(decodeResult: success, version: HTTP/1.1)
HTTP/1.1 200 OK
Content-Type: application/json; charset=utf-8
cache-control: no-cache
content-length: 392816

11:13:54.562 [AsyncHttpClient-1-6] DEBUG org.asynchttpclient.netty.channel.ChannelManager - Adding key: http://localhost:64932 for channel [id: 0x2ee482fd, L:/127.0.0.1:61434 - R:localhost/127.0.0.1:64932]
11:13:54.595 [main] DEBUG net.serenitybdd.core.photography.Darkroom - Send negative for processing for target\site\serenity\825fb35c1720409216e693686f6918cc565ee5cab7ad29779d51bb15e724cddb.png
11:13:54.595 [main] DEBUG net.thucydides.core.steps.StepInterceptor - STEP DONE: clickButtonBack
11:13:54.610 [main] DEBUG net.thucydides.core.steps.StepInterceptor - STARTING STEP: PatientDataSteps.validEditData - checkValidDataPasien
11:13:54.616 [Forwarding findElement on session e7ae466e513374b63cac5f5c40319e39 to remote] DEBUG org.asynchttpclient.netty.request.NettyRequestSender - Using pooled Channel '[id: 0x2ee482fd, L:/127.0.0.1:61434 - R:localhost/127.0.0.1:64932]' for 'POST' to 'http://localhost:64932/session/e7ae466e513374b63cac5f5c40319e39/element'
11:13:54.616 [Forwarding findElement on session e7ae466e513374b63cac5f5c40319e39 to remote] DEBUG org.asynchttpclient.netty.request.NettyRequestSender - Using open Channel [id: 0x2ee482fd, L:/127.0.0.1:61434 - R:localhost/127.0.0.1:64932] for POST '/session/e7ae466e513374b63cac5f5c40319e39/element'
11:13:54.642 [AsyncHttpClient-1-6] DEBUG org.asynchttpclient.netty.handler.HttpHandler - 

Request DefaultHttpRequest(decodeResult: success, version: HTTP/1.1)
POST /session/e7ae466e513374b63cac5f5c40319e39/element HTTP/1.1
User-Agent: selenium/4.1.2 (java windows)
Content-Length: 95
Content-Type: application/json; charset=utf-8
host: localhost:64932
accept: */*

Response DefaultHttpResponse(decodeResult: success, version: HTTP/1.1)
HTTP/1.1 200 OK
Content-Type: application/json; charset=utf-8
cache-control: no-cache
content-length: 88

11:13:54.642 [AsyncHttpClient-1-6] DEBUG org.asynchttpclient.netty.channel.ChannelManager - Adding key: http://localhost:64932 for channel [id: 0x2ee482fd, L:/127.0.0.1:61434 - R:localhost/127.0.0.1:64932]
11:13:54.644 [Forwarding isElementEnabled on session e7ae466e513374b63cac5f5c40319e39 to remote] DEBUG org.asynchttpclient.netty.request.NettyRequestSender - Using pooled Channel '[id: 0x2ee482fd, L:/127.0.0.1:61434 - R:localhost/127.0.0.1:64932]' for 'GET' to 'http://localhost:64932/session/e7ae466e513374b63cac5f5c40319e39/element/cba6c2c8-0b05-4122-87be-11164791664b/enabled'
11:13:54.644 [Forwarding isElementEnabled on session e7ae466e513374b63cac5f5c40319e39 to remote] DEBUG org.asynchttpclient.netty.request.NettyRequestSender - Using open Channel [id: 0x2ee482fd, L:/127.0.0.1:61434 - R:localhost/127.0.0.1:64932] for GET '/session/e7ae466e513374b63cac5f5c40319e39/element/cba6c2c8-0b05-4122-87be-11164791664b/enabled'
11:13:54.664 [AsyncHttpClient-1-6] DEBUG org.asynchttpclient.netty.handler.HttpHandler - 

Request DefaultFullHttpRequest(decodeResult: success, version: HTTP/1.1, content: EmptyByteBufBE)
GET /session/e7ae466e513374b63cac5f5c40319e39/element/cba6c2c8-0b05-4122-87be-11164791664b/enabled HTTP/1.1
User-Agent: selenium/4.1.2 (java windows)
Cache-Control: no-cache
Content-Type: application/json; charset=utf-8
host: localhost:64932
accept: */*

Response DefaultHttpResponse(decodeResult: success, version: HTTP/1.1)
HTTP/1.1 200 OK
Content-Type: application/json; charset=utf-8
cache-control: no-cache
content-length: 14

11:13:54.665 [AsyncHttpClient-1-6] DEBUG org.asynchttpclient.netty.channel.ChannelManager - Adding key: http://localhost:64932 for channel [id: 0x2ee482fd, L:/127.0.0.1:61434 - R:localhost/127.0.0.1:64932]
11:13:54.677 [Forwarding screenshot on session e7ae466e513374b63cac5f5c40319e39 to remote] DEBUG org.asynchttpclient.netty.request.NettyRequestSender - Using pooled Channel '[id: 0x2ee482fd, L:/127.0.0.1:61434 - R:localhost/127.0.0.1:64932]' for 'GET' to 'http://localhost:64932/session/e7ae466e513374b63cac5f5c40319e39/screenshot'
11:13:54.677 [Forwarding screenshot on session e7ae466e513374b63cac5f5c40319e39 to remote] DEBUG org.asynchttpclient.netty.request.NettyRequestSender - Using open Channel [id: 0x2ee482fd, L:/127.0.0.1:61434 - R:localhost/127.0.0.1:64932] for GET '/session/e7ae466e513374b63cac5f5c40319e39/screenshot'
11:13:55.083 [AsyncHttpClient-1-6] DEBUG org.asynchttpclient.netty.handler.HttpHandler - 

Request DefaultFullHttpRequest(decodeResult: success, version: HTTP/1.1, content: EmptyByteBufBE)
GET /session/e7ae466e513374b63cac5f5c40319e39/screenshot HTTP/1.1
User-Agent: selenium/4.1.2 (java windows)
Cache-Control: no-cache
Content-Type: application/json; charset=utf-8
host: localhost:64932
accept: */*

Response DefaultHttpResponse(decodeResult: success, version: HTTP/1.1)
HTTP/1.1 200 OK
Content-Type: application/json; charset=utf-8
cache-control: no-cache
content-length: 410200

11:13:55.085 [AsyncHttpClient-1-6] DEBUG org.asynchttpclient.netty.channel.ChannelManager - Adding key: http://localhost:64932 for channel [id: 0x2ee482fd, L:/127.0.0.1:61434 - R:localhost/127.0.0.1:64932]
11:13:55.122 [main] DEBUG net.serenitybdd.core.photography.Darkroom - Send negative for processing for target\site\serenity\75e967cea3882c3013b151dc1aaa9d0c05ef94dba9a3d9dc71ab445550b60158.png
11:13:55.122 [main] DEBUG net.thucydides.core.steps.StepInterceptor - STEP DONE: checkValidDataPasien
  &amp#27;[32mAnd &amp#27;[0m&amp#27;[32mValid edit data&amp#27;[0m                                            &amp#27;[90m# starter.stepdefinitios.PatientDataSteps.validEditData()&amp#27;[0m
11:13:55.123 [Darkroom Processing Line] DEBUG net.serenitybdd.core.photography.DarkroomProcessingLine - Processing screenshot image in /var/screenshots/screenshot-15286370327734060195
11:13:55.123 [Darkroom Processing Line] DEBUG net.serenitybdd.core.photography.DarkroomProcessingLine - Saving screenshot to target\site\serenity\75e967cea3882c3013b151dc1aaa9d0c05ef94dba9a3d9dc71ab445550b60158.png
11:13:55.162 [Driver Command Executor] DEBUG org.asynchttpclient.netty.request.NettyRequestSender - Using pooled Channel '[id: 0x2ee482fd, L:/127.0.0.1:61434 - R:localhost/127.0.0.1:64932]' for 'DELETE' to 'http://localhost:64932/session/e7ae466e513374b63cac5f5c40319e39'
11:13:55.162 [Driver Command Executor] DEBUG org.asynchttpclient.netty.request.NettyRequestSender - Using open Channel [id: 0x2ee482fd, L:/127.0.0.1:61434 - R:localhost/127.0.0.1:64932] for DELETE '/session/e7ae466e513374b63cac5f5c40319e39'
11:13:55.162 [AsyncHttpClient-1-8] DEBUG org.asynchttpclient.netty.handler.WebSocketHandler - Channel Closed: [id: 0xf9ea252a, L:/127.0.0.1:61448 ! R:localhost/127.0.0.1:61436] with attribute NettyResponseFuture{currentRetry=5,
	isDone=1,
	isCancelled=0,
	asyncHandler=org.asynchttpclient.ws.WebSocketUpgradeHandler@2cec7dde,
	nettyRequest=org.asynchttpclient.netty.request.NettyRequest@4e4d22eb,
	future=java.util.concurrent.CompletableFuture@1ce78f0e[Completed normally],
	uri=ws://localhost:61436/devtools/browser/8890dcce-8a59-41eb-b953-bf0cb79d3f52,
	keepAlive=true,
	redirectCount=0,
	timeoutsHolder=null,
	inAuth=0,
	touch=1655525616872}
11:13:55.162 [AsyncHttpClient-1-8] DEBUG org.asynchttpclient.netty.channel.ChannelManager - Closing Channel [id: 0xf9ea252a, L:/127.0.0.1:61448 ! R:localhost/127.0.0.1:61436] 
11:13:55.340 [AsyncHttpClient-1-1] DEBUG org.asynchttpclient.netty.channel.DefaultChannelPool - Entry count for : http://localhost:61436 : 1
11:13:55.542 [AsyncHttpClient-1-7] DEBUG org.asynchttpclient.netty.handler.HttpHandler - Unexpected I/O exception on channel [id: 0x129100aa, L:/127.0.0.1:61447 - R:localhost/127.0.0.1:61436]
java.io.IOException: An existing connection was forcibly closed by the remote host
	at java.base/sun.nio.ch.SocketDispatcher.read0(Native Method)
	at java.base/sun.nio.ch.SocketDispatcher.read(SocketDispatcher.java:43)
	at java.base/sun.nio.ch.IOUtil.readIntoNativeBuffer(IOUtil.java:276)
	at java.base/sun.nio.ch.IOUtil.read(IOUtil.java:233)
	at java.base/sun.nio.ch.IOUtil.read(IOUtil.java:223)
	at java.base/sun.nio.ch.SocketChannelImpl.read(SocketChannelImpl.java:358)
	at io.netty.buffer.PooledByteBuf.setBytes(PooledByteBuf.java:258)
	at io.netty.buffer.AbstractByteBuf.writeBytes(AbstractByteBuf.java:1132)
	at io.netty.channel.socket.nio.NioSocketChannel.doReadBytes(NioSocketChannel.java:350)
	at io.netty.channel.nio.AbstractNioByteChannel$NioByteUnsafe.read(AbstractNioByteChannel.java:151)
	at io.netty.channel.nio.NioEventLoop.processSelectedKey(NioEventLoop.java:722)
	at io.netty.channel.nio.NioEventLoop.processSelectedKeysOptimized(NioEventLoop.java:658)
	at io.netty.channel.nio.NioEventLoop.processSelectedKeys(NioEventLoop.java:584)
	at io.netty.channel.nio.NioEventLoop.run(NioEventLoop.java:496)
	at io.netty.util.concurrent.SingleThreadEventExecutor$4.run(SingleThreadEventExecutor.java:986)
	at io.netty.util.internal.ThreadExecutorMap$2.run(ThreadExecutorMap.java:74)
	at io.netty.util.concurrent.FastThreadLocalRunnable.run(FastThreadLocalRunnable.java:30)
	at java.base/java.lang.Thread.run(Thread.java:834)
11:13:55.542 [AsyncHttpClient-1-7] DEBUG org.asynchttpclient.netty.channel.ChannelManager - Closing Channel [id: 0x129100aa, L:/127.0.0.1:61447 - R:localhost/127.0.0.1:61436] 
11:13:55.542 [AsyncHttpClient-1-7] DEBUG org.asynchttpclient.netty.handler.HttpHandler - Channel Closed: [id: 0x129100aa, L:/127.0.0.1:61447 ! R:localhost/127.0.0.1:61436] with attribute DISCARD
11:13:55.616 [AsyncHttpClient-1-6] DEBUG org.asynchttpclient.netty.handler.HttpHandler - 

Request DefaultFullHttpRequest(decodeResult: success, version: HTTP/1.1, content: EmptyByteBufBE)
DELETE /session/e7ae466e513374b63cac5f5c40319e39 HTTP/1.1
User-Agent: selenium/4.1.2 (java windows)
Content-Type: application/json; charset=utf-8
host: localhost:64932
accept: */*

Response DefaultHttpResponse(decodeResult: success, version: HTTP/1.1)
HTTP/1.1 200 OK
Content-Type: application/json; charset=utf-8
cache-control: no-cache
content-length: 14

11:13:55.616 [AsyncHttpClient-1-6] DEBUG org.asynchttpclient.netty.channel.ChannelManager - Adding key: http://localhost:64932 for channel [id: 0x2ee482fd, L:/127.0.0.1:61434 - R:localhost/127.0.0.1:64932]
11:13:55.980 [AsyncHttpClient-1-6] DEBUG org.asynchttpclient.netty.handler.HttpHandler - Channel Closed: [id: 0x2ee482fd, L:/127.0.0.1:61434 ! R:localhost/127.0.0.1:64932] with attribute DISCARD
11:13:56.414 [AsyncHttpClient-1-1] DEBUG org.asynchttpclient.netty.channel.DefaultChannelPool - Entry count for : http://localhost:64932 : 1
11:13:56.414 [AsyncHttpClient-1-1] DEBUG org.asynchttpclient.netty.channel.DefaultChannelPool - Entry count for : http://localhost:61436 : 1
11:13:56.414 [AsyncHttpClient-1-1] DEBUG org.asynchttpclient.netty.channel.DefaultChannelPool - Adding Candidate expired Channel [id: 0x2ee482fd, L:/127.0.0.1:61434 ! R:localhost/127.0.0.1:64932] isIdleTimeoutExpired=false isRemotelyClosed=true isTtlExpired=false
11:13:56.414 [AsyncHttpClient-1-1] DEBUG org.asynchttpclient.netty.channel.DefaultChannelPool - Closing Idle Channel [id: 0x2ee482fd, L:/127.0.0.1:61434 ! R:localhost/127.0.0.1:64932]
11:13:56.414 [AsyncHttpClient-1-1] DEBUG org.asynchttpclient.netty.channel.DefaultChannelPool - Adding Candidate expired Channel [id: 0x129100aa, L:/127.0.0.1:61447 ! R:localhost/127.0.0.1:61436] isIdleTimeoutExpired=false isRemotelyClosed=true isTtlExpired=false
11:13:56.414 [AsyncHttpClient-1-1] DEBUG org.asynchttpclient.netty.channel.DefaultChannelPool - Closing Idle Channel [id: 0x129100aa, L:/127.0.0.1:61447 ! R:localhost/127.0.0.1:61436]
11:13:56.414 [AsyncHttpClient-1-1] DEBUG org.asynchttpclient.netty.channel.DefaultChannelPool - Closed 2 connections out of 2 in 0 ms
]]></system-out>
    <system-err><![CDATA[Starting ChromeDriver 102.0.5005.61 (0e59bcc00cc4985ce39ad31c150065f159d95ad3-refs/branch-heads/5005@{#819}) on port 64932
Only local connections are allowed.
Please see https://chromedriver.chromium.org/security-considerations for suggestions on keeping ChromeDriver safe.
ChromeDriver was started successfully.
Jun 18, 2022 11:13:36 AM org.openqa.selenium.remote.ProtocolHandshake createSession
INFO: Detected dialect: W3C
Jun 18, 2022 11:13:36 AM org.openqa.selenium.devtools.CdpVersionFinder findNearestMatch
WARNING: Unable to find an exact match for CDP version 102, so returning the closest version found: a no-op implementation
Jun 18, 2022 11:13:36 AM org.openqa.selenium.devtools.CdpVersionFinder findNearestMatch
INFO: Unable to find CDP implementation matching 102.
Jun 18, 2022 11:13:36 AM org.openqa.selenium.chromium.ChromiumDriver lambda$new$3
WARNING: Unable to find version of CDP to use for . You may need to include a dependency on a specific version of the CDP using something similar to `org.seleniumhq.selenium:selenium-devtools-v86:4.1.2` where the version ("v86") matches the version of the chromium-based browser you're using and the version number of the artifact is the same as Selenium's.
]]></system-err>
  </testcase>
  <testcase name="As a admin i want to edit data pasien #4" classname="Edit Data Pasien - Admin" time="24.224">
    <system-out><![CDATA[
@EditPatientData
Scenario Outline: As a admin i want to edit data pasien                  &amp#27;[90m# src/test/resources/features/EditDataPasien.feature:19&amp#27;[0m
11:13:56.537 [main] INFO io.cucumber.core.plugin.SerenityReporter - Running feature from file:///D:/New%20folder%20(2)/Capstone/Testing/src/test/resources/features/EditDataPasien.feature
11:13:56.600 [main] DEBUG net.thucydides.core.steps.StepInterceptor - STARTING STEP: PatientDataSteps.openPageDataPasien - openDataPasien
11:13:56.614 [main] INFO net.serenitybdd.core.webdriver.driverproviders.ChromeDriverProvider - Using automatically driver download
11:13:56.898 [main] DEBUG io.github.bonigarcia.wdm.cache.ResolutionCache - Resolution chrome=102 in cache (valid until 12:10:27 18/06/2022 ICT)
11:13:56.915 [main] DEBUG io.github.bonigarcia.wdm.cache.ResolutionCache - Resolution chrome102=102.0.5005.61 in cache (valid until 19:49:35 18/06/2022 ICT)
11:13:56.923 [main] INFO io.github.bonigarcia.wdm.WebDriverManager - Using chromedriver 102.0.5005.61 (resolved driver for Chrome 102)
11:13:56.998 [main] DEBUG io.github.bonigarcia.wdm.WebDriverManager - Driver chromedriver 102.0.5005.61 found in cache
11:13:57.001 [main] INFO io.github.bonigarcia.wdm.WebDriverManager - Exporting webdriver.chrome.driver as C:\Users\ASUS\.cache\selenium\chromedriver\win32\102.0.5005.61\chromedriver.exe
11:13:57.276 [main] DEBUG net.serenitybdd.core.webdriver.driverproviders.ProvideNewDriver - Instantiating driver
11:13:57.276 [main] DEBUG net.serenitybdd.core.webdriver.driverproviders.ProvideNewDriver - Driver capabilities: Capabilities {acceptInsecureCerts: false, base.url: https://fanciful-trifle-360..., browserName: chrome, chore.driver: src/test/resources/webdrive..., driver: chrome, goog:chromeOptions: {args: [], extensions: []}}
11:13:57.851 [AsyncHttpClient-1-9] DEBUG org.asynchttpclient.netty.channel.NettyConnectListener - Using new Channel '[id: 0xfd4471e3, L:/127.0.0.1:61482 - R:localhost/127.0.0.1:60005]' for 'POST' to '/session'
11:13:59.899 [AsyncHttpClient-1-9] DEBUG org.asynchttpclient.netty.handler.HttpHandler - 

Request DefaultHttpRequest(decodeResult: success, version: HTTP/1.1)
POST /session HTTP/1.1
User-Agent: selenium/4.1.2 (java windows)
Content-Length: 628
Content-Type: application/json; charset=utf-8
host: localhost:60005
accept: */*

Response DefaultHttpResponse(decodeResult: success, version: HTTP/1.1)
HTTP/1.1 200 OK
Content-Type: application/json; charset=utf-8
cache-control: no-cache
content-length: 788

11:13:59.899 [AsyncHttpClient-1-9] DEBUG org.asynchttpclient.netty.channel.ChannelManager - Adding key: http://localhost:60005 for channel [id: 0xfd4471e3, L:/127.0.0.1:61482 - R:localhost/127.0.0.1:60005]
11:13:59.928 [AsyncHttpClient-1-2] DEBUG org.asynchttpclient.netty.channel.NettyConnectListener - Using new Channel '[id: 0xf93a80c0, L:/127.0.0.1:61496 - R:localhost/127.0.0.1:61484]' for 'GET' to '/json/version'
11:13:59.942 [AsyncHttpClient-1-2] DEBUG org.asynchttpclient.netty.handler.HttpHandler - 

Request DefaultFullHttpRequest(decodeResult: success, version: HTTP/1.1, content: EmptyByteBufBE)
GET /json/version HTTP/1.1
User-Agent: selenium/4.1.2 (java windows)
host: localhost:61484
accept: */*

Response DefaultHttpResponse(decodeResult: success, version: HTTP/1.1)
HTTP/1.1 200 OK
Content-Type: application/json; charset=UTF-8
content-length: 428

11:13:59.943 [AsyncHttpClient-1-2] DEBUG org.asynchttpclient.netty.channel.ChannelManager - Adding key: http://localhost:61484 for channel [id: 0xf93a80c0, L:/127.0.0.1:61496 - R:localhost/127.0.0.1:61484]
11:13:59.957 [AsyncHttpClient-1-3] DEBUG org.asynchttpclient.netty.channel.NettyConnectListener - Using new Channel '[id: 0x4a4302be, L:/127.0.0.1:61497 - R:localhost/127.0.0.1:61484]' for 'GET' to '/devtools/browser/eedbf499-d982-400a-9d47-b4f28aef8c3c'
11:13:59.970 [AsyncHttpClient-1-3] DEBUG org.asynchttpclient.netty.handler.WebSocketHandler - 

Request DefaultFullHttpRequest(decodeResult: success, version: HTTP/1.1, content: EmptyByteBufBE)
GET /devtools/browser/eedbf499-d982-400a-9d47-b4f28aef8c3c HTTP/1.1
upgrade: websocket
connection: upgrade
sec-websocket-key: sTbEkRd/+fQ5BmL+sSxhrw==
sec-websocket-version: 13
origin: http://localhost:61484
host: localhost:61484
accept: */*
user-agent: AHC/2.1

Response DefaultHttpResponse(decodeResult: success, version: HTTP/1.1)
HTTP/1.1 101 WebSocket Protocol Handshake
Upgrade: WebSocket
Connection: Upgrade
Sec-WebSocket-Accept: ITSiBdqDk7IC95Ad5T2yBR21xYQ=

11:13:59.980 [Forwarding get on session affd2ee01e56b6af77b554e278dd7af9 to remote] DEBUG org.asynchttpclient.netty.request.NettyRequestSender - Using pooled Channel '[id: 0xfd4471e3, L:/127.0.0.1:61482 - R:localhost/127.0.0.1:60005]' for 'POST' to 'http://localhost:60005/session/affd2ee01e56b6af77b554e278dd7af9/url'
11:13:59.980 [Forwarding get on session affd2ee01e56b6af77b554e278dd7af9 to remote] DEBUG org.asynchttpclient.netty.request.NettyRequestSender - Using open Channel [id: 0xfd4471e3, L:/127.0.0.1:61482 - R:localhost/127.0.0.1:60005] for POST '/session/affd2ee01e56b6af77b554e278dd7af9/url'
11:14:00.826 [AsyncHttpClient-1-1] DEBUG org.asynchttpclient.netty.channel.DefaultChannelPool - Entry count for : http://localhost:61484 : 1
11:14:01.609 [AsyncHttpClient-1-9] DEBUG org.asynchttpclient.netty.handler.HttpHandler - 

Request DefaultHttpRequest(decodeResult: success, version: HTTP/1.1)
POST /session/affd2ee01e56b6af77b554e278dd7af9/url HTTP/1.1
User-Agent: selenium/4.1.2 (java windows)
Content-Length: 84
Content-Type: application/json; charset=utf-8
host: localhost:60005
accept: */*

Response DefaultHttpResponse(decodeResult: success, version: HTTP/1.1)
HTTP/1.1 200 OK
Content-Type: application/json; charset=utf-8
cache-control: no-cache
content-length: 14

11:14:01.609 [AsyncHttpClient-1-9] DEBUG org.asynchttpclient.netty.channel.ChannelManager - Adding key: http://localhost:60005 for channel [id: 0xfd4471e3, L:/127.0.0.1:61482 - R:localhost/127.0.0.1:60005]
11:14:01.611 [Forwarding setTimeout on session affd2ee01e56b6af77b554e278dd7af9 to remote] DEBUG org.asynchttpclient.netty.request.NettyRequestSender - Using pooled Channel '[id: 0xfd4471e3, L:/127.0.0.1:61482 - R:localhost/127.0.0.1:60005]' for 'POST' to 'http://localhost:60005/session/affd2ee01e56b6af77b554e278dd7af9/timeouts'
11:14:01.611 [Forwarding setTimeout on session affd2ee01e56b6af77b554e278dd7af9 to remote] DEBUG org.asynchttpclient.netty.request.NettyRequestSender - Using open Channel [id: 0xfd4471e3, L:/127.0.0.1:61482 - R:localhost/127.0.0.1:60005] for POST '/session/affd2ee01e56b6af77b554e278dd7af9/timeouts'
11:14:01.612 [AsyncHttpClient-1-9] DEBUG org.asynchttpclient.netty.handler.HttpHandler - 

Request DefaultHttpRequest(decodeResult: success, version: HTTP/1.1)
POST /session/affd2ee01e56b6af77b554e278dd7af9/timeouts HTTP/1.1
User-Agent: selenium/4.1.2 (java windows)
Content-Length: 22
Content-Type: application/json; charset=utf-8
host: localhost:60005
accept: */*

Response DefaultHttpResponse(decodeResult: success, version: HTTP/1.1)
HTTP/1.1 200 OK
Content-Type: application/json; charset=utf-8
cache-control: no-cache
content-length: 14

11:14:01.612 [AsyncHttpClient-1-9] DEBUG org.asynchttpclient.netty.channel.ChannelManager - Adding key: http://localhost:60005 for channel [id: 0xfd4471e3, L:/127.0.0.1:61482 - R:localhost/127.0.0.1:60005]
11:14:01.618 [Forwarding getCurrentUrl on session affd2ee01e56b6af77b554e278dd7af9 to remote] DEBUG org.asynchttpclient.netty.request.NettyRequestSender - Using pooled Channel '[id: 0xfd4471e3, L:/127.0.0.1:61482 - R:localhost/127.0.0.1:60005]' for 'GET' to 'http://localhost:60005/session/affd2ee01e56b6af77b554e278dd7af9/url'
11:14:01.618 [Forwarding getCurrentUrl on session affd2ee01e56b6af77b554e278dd7af9 to remote] DEBUG org.asynchttpclient.netty.request.NettyRequestSender - Using open Channel [id: 0xfd4471e3, L:/127.0.0.1:61482 - R:localhost/127.0.0.1:60005] for GET '/session/affd2ee01e56b6af77b554e278dd7af9/url'
11:14:01.630 [AsyncHttpClient-1-9] DEBUG org.asynchttpclient.netty.handler.HttpHandler - 

Request DefaultFullHttpRequest(decodeResult: success, version: HTTP/1.1, content: EmptyByteBufBE)
GET /session/affd2ee01e56b6af77b554e278dd7af9/url HTTP/1.1
User-Agent: selenium/4.1.2 (java windows)
Cache-Control: no-cache
Content-Type: application/json; charset=utf-8
host: localhost:60005
accept: */*

Response DefaultHttpResponse(decodeResult: success, version: HTTP/1.1)
HTTP/1.1 200 OK
Content-Type: application/json; charset=utf-8
cache-control: no-cache
content-length: 66

11:14:01.630 [AsyncHttpClient-1-9] DEBUG org.asynchttpclient.netty.channel.ChannelManager - Adding key: http://localhost:60005 for channel [id: 0xfd4471e3, L:/127.0.0.1:61482 - R:localhost/127.0.0.1:60005]
11:14:01.647 [Forwarding screenshot on session affd2ee01e56b6af77b554e278dd7af9 to remote] DEBUG org.asynchttpclient.netty.request.NettyRequestSender - Using pooled Channel '[id: 0xfd4471e3, L:/127.0.0.1:61482 - R:localhost/127.0.0.1:60005]' for 'GET' to 'http://localhost:60005/session/affd2ee01e56b6af77b554e278dd7af9/screenshot'
11:14:01.647 [Forwarding screenshot on session affd2ee01e56b6af77b554e278dd7af9 to remote] DEBUG org.asynchttpclient.netty.request.NettyRequestSender - Using open Channel [id: 0xfd4471e3, L:/127.0.0.1:61482 - R:localhost/127.0.0.1:60005] for GET '/session/affd2ee01e56b6af77b554e278dd7af9/screenshot'
11:14:01.920 [AsyncHttpClient-1-1] DEBUG org.asynchttpclient.netty.channel.DefaultChannelPool - Entry count for : http://localhost:61484 : 1
11:14:02.759 [AsyncHttpClient-1-9] DEBUG org.asynchttpclient.netty.handler.HttpHandler - 

Request DefaultFullHttpRequest(decodeResult: success, version: HTTP/1.1, content: EmptyByteBufBE)
GET /session/affd2ee01e56b6af77b554e278dd7af9/screenshot HTTP/1.1
User-Agent: selenium/4.1.2 (java windows)
Cache-Control: no-cache
Content-Type: application/json; charset=utf-8
host: localhost:60005
accept: */*

Response DefaultHttpResponse(decodeResult: success, version: HTTP/1.1)
HTTP/1.1 200 OK
Content-Type: application/json; charset=utf-8
cache-control: no-cache
content-length: 66608

11:14:02.759 [AsyncHttpClient-1-9] DEBUG org.asynchttpclient.netty.channel.ChannelManager - Adding key: http://localhost:60005 for channel [id: 0xfd4471e3, L:/127.0.0.1:61482 - R:localhost/127.0.0.1:60005]
11:14:02.770 [main] DEBUG net.serenitybdd.core.photography.Darkroom - Send negative for processing for target\site\serenity\3b111ae00db26295d7ecbde886ea4451aead6619240013077047abd82e88d678.png
11:14:02.771 [main] DEBUG net.thucydides.core.steps.StepInterceptor - STEP DONE: openDataPasien
  &amp#27;[32mGiven &amp#27;[0m&amp#27;[32mOpen page data pasien&amp#27;[0m                                            &amp#27;[90m# starter.stepdefinitios.PatientDataSteps.openPageDataPasien()&amp#27;[0m
11:14:02.817 [main] DEBUG net.thucydides.core.steps.StepInterceptor - STARTING STEP: PatientDataSteps.clickDetailPatientData - clickButtonDetail
11:14:02.828 [Forwarding findElement on session affd2ee01e56b6af77b554e278dd7af9 to remote] DEBUG org.asynchttpclient.netty.request.NettyRequestSender - Using pooled Channel '[id: 0xfd4471e3, L:/127.0.0.1:61482 - R:localhost/127.0.0.1:60005]' for 'POST' to 'http://localhost:60005/session/affd2ee01e56b6af77b554e278dd7af9/element'
11:14:02.828 [Forwarding findElement on session affd2ee01e56b6af77b554e278dd7af9 to remote] DEBUG org.asynchttpclient.netty.request.NettyRequestSender - Using open Channel [id: 0xfd4471e3, L:/127.0.0.1:61482 - R:localhost/127.0.0.1:60005] for POST '/session/affd2ee01e56b6af77b554e278dd7af9/element'
11:14:02.854 [AsyncHttpClient-1-9] DEBUG org.asynchttpclient.netty.handler.HttpHandler - 

Request DefaultHttpRequest(decodeResult: success, version: HTTP/1.1)
POST /session/affd2ee01e56b6af77b554e278dd7af9/element HTTP/1.1
User-Agent: selenium/4.1.2 (java windows)
Content-Length: 92
Content-Type: application/json; charset=utf-8
host: localhost:60005
accept: */*

Response DefaultHttpResponse(decodeResult: success, version: HTTP/1.1)
HTTP/1.1 200 OK
Content-Type: application/json; charset=utf-8
cache-control: no-cache
content-length: 88

11:14:02.855 [AsyncHttpClient-1-9] DEBUG org.asynchttpclient.netty.channel.ChannelManager - Adding key: http://localhost:60005 for channel [id: 0xfd4471e3, L:/127.0.0.1:61482 - R:localhost/127.0.0.1:60005]
11:14:02.857 [Forwarding getElementTagName on session affd2ee01e56b6af77b554e278dd7af9 to remote] DEBUG org.asynchttpclient.netty.request.NettyRequestSender - Using pooled Channel '[id: 0xfd4471e3, L:/127.0.0.1:61482 - R:localhost/127.0.0.1:60005]' for 'GET' to 'http://localhost:60005/session/affd2ee01e56b6af77b554e278dd7af9/element/fe2f87fc-b956-4ebd-a6c8-6a353c3d9b76/name'
11:14:02.857 [Forwarding getElementTagName on session affd2ee01e56b6af77b554e278dd7af9 to remote] DEBUG org.asynchttpclient.netty.request.NettyRequestSender - Using open Channel [id: 0xfd4471e3, L:/127.0.0.1:61482 - R:localhost/127.0.0.1:60005] for GET '/session/affd2ee01e56b6af77b554e278dd7af9/element/fe2f87fc-b956-4ebd-a6c8-6a353c3d9b76/name'
11:14:02.864 [AsyncHttpClient-1-9] DEBUG org.asynchttpclient.netty.handler.HttpHandler - 

Request DefaultFullHttpRequest(decodeResult: success, version: HTTP/1.1, content: EmptyByteBufBE)
GET /session/affd2ee01e56b6af77b554e278dd7af9/element/fe2f87fc-b956-4ebd-a6c8-6a353c3d9b76/name HTTP/1.1
User-Agent: selenium/4.1.2 (java windows)
Cache-Control: no-cache
Content-Type: application/json; charset=utf-8
host: localhost:60005
accept: */*

Response DefaultHttpResponse(decodeResult: success, version: HTTP/1.1)
HTTP/1.1 200 OK
Content-Type: application/json; charset=utf-8
cache-control: no-cache
content-length: 15

11:14:02.864 [AsyncHttpClient-1-9] DEBUG org.asynchttpclient.netty.channel.ChannelManager - Adding key: http://localhost:60005 for channel [id: 0xfd4471e3, L:/127.0.0.1:61482 - R:localhost/127.0.0.1:60005]
11:14:02.866 [Forwarding getElementTagName on session affd2ee01e56b6af77b554e278dd7af9 to remote] DEBUG org.asynchttpclient.netty.request.NettyRequestSender - Using pooled Channel '[id: 0xfd4471e3, L:/127.0.0.1:61482 - R:localhost/127.0.0.1:60005]' for 'GET' to 'http://localhost:60005/session/affd2ee01e56b6af77b554e278dd7af9/element/fe2f87fc-b956-4ebd-a6c8-6a353c3d9b76/name'
11:14:02.866 [Forwarding getElementTagName on session affd2ee01e56b6af77b554e278dd7af9 to remote] DEBUG org.asynchttpclient.netty.request.NettyRequestSender - Using open Channel [id: 0xfd4471e3, L:/127.0.0.1:61482 - R:localhost/127.0.0.1:60005] for GET '/session/affd2ee01e56b6af77b554e278dd7af9/element/fe2f87fc-b956-4ebd-a6c8-6a353c3d9b76/name'
11:14:02.874 [AsyncHttpClient-1-9] DEBUG org.asynchttpclient.netty.handler.HttpHandler - 

Request DefaultFullHttpRequest(decodeResult: success, version: HTTP/1.1, content: EmptyByteBufBE)
GET /session/affd2ee01e56b6af77b554e278dd7af9/element/fe2f87fc-b956-4ebd-a6c8-6a353c3d9b76/name HTTP/1.1
User-Agent: selenium/4.1.2 (java windows)
Cache-Control: no-cache
Content-Type: application/json; charset=utf-8
host: localhost:60005
accept: */*

Response DefaultHttpResponse(decodeResult: success, version: HTTP/1.1)
HTTP/1.1 200 OK
Content-Type: application/json; charset=utf-8
cache-control: no-cache
content-length: 15

11:14:02.874 [AsyncHttpClient-1-9] DEBUG org.asynchttpclient.netty.channel.ChannelManager - Adding key: http://localhost:60005 for channel [id: 0xfd4471e3, L:/127.0.0.1:61482 - R:localhost/127.0.0.1:60005]
11:14:02.877 [Forwarding findElement on session affd2ee01e56b6af77b554e278dd7af9 to remote] DEBUG org.asynchttpclient.netty.request.NettyRequestSender - Using pooled Channel '[id: 0xfd4471e3, L:/127.0.0.1:61482 - R:localhost/127.0.0.1:60005]' for 'POST' to 'http://localhost:60005/session/affd2ee01e56b6af77b554e278dd7af9/element'
11:14:02.877 [Forwarding findElement on session affd2ee01e56b6af77b554e278dd7af9 to remote] DEBUG org.asynchttpclient.netty.request.NettyRequestSender - Using open Channel [id: 0xfd4471e3, L:/127.0.0.1:61482 - R:localhost/127.0.0.1:60005] for POST '/session/affd2ee01e56b6af77b554e278dd7af9/element'
11:14:02.892 [AsyncHttpClient-1-9] DEBUG org.asynchttpclient.netty.handler.HttpHandler - 

Request DefaultHttpRequest(decodeResult: success, version: HTTP/1.1)
POST /session/affd2ee01e56b6af77b554e278dd7af9/element HTTP/1.1
User-Agent: selenium/4.1.2 (java windows)
Content-Length: 92
Content-Type: application/json; charset=utf-8
host: localhost:60005
accept: */*

Response DefaultHttpResponse(decodeResult: success, version: HTTP/1.1)
HTTP/1.1 200 OK
Content-Type: application/json; charset=utf-8
cache-control: no-cache
content-length: 88

11:14:02.892 [AsyncHttpClient-1-9] DEBUG org.asynchttpclient.netty.channel.ChannelManager - Adding key: http://localhost:60005 for channel [id: 0xfd4471e3, L:/127.0.0.1:61482 - R:localhost/127.0.0.1:60005]
11:14:02.894 [Forwarding clickElement on session affd2ee01e56b6af77b554e278dd7af9 to remote] DEBUG org.asynchttpclient.netty.request.NettyRequestSender - Using pooled Channel '[id: 0xfd4471e3, L:/127.0.0.1:61482 - R:localhost/127.0.0.1:60005]' for 'POST' to 'http://localhost:60005/session/affd2ee01e56b6af77b554e278dd7af9/element/fe2f87fc-b956-4ebd-a6c8-6a353c3d9b76/click'
11:14:02.894 [Forwarding clickElement on session affd2ee01e56b6af77b554e278dd7af9 to remote] DEBUG org.asynchttpclient.netty.request.NettyRequestSender - Using open Channel [id: 0xfd4471e3, L:/127.0.0.1:61482 - R:localhost/127.0.0.1:60005] for POST '/session/affd2ee01e56b6af77b554e278dd7af9/element/fe2f87fc-b956-4ebd-a6c8-6a353c3d9b76/click'
11:14:03.024 [AsyncHttpClient-1-1] DEBUG org.asynchttpclient.netty.channel.DefaultChannelPool - Entry count for : http://localhost:61484 : 1
11:14:03.248 [AsyncHttpClient-1-9] DEBUG org.asynchttpclient.netty.handler.HttpHandler - 

Request DefaultHttpRequest(decodeResult: success, version: HTTP/1.1)
POST /session/affd2ee01e56b6af77b554e278dd7af9/element/fe2f87fc-b956-4ebd-a6c8-6a353c3d9b76/click HTTP/1.1
User-Agent: selenium/4.1.2 (java windows)
Content-Length: 50
Content-Type: application/json; charset=utf-8
host: localhost:60005
accept: */*

Response DefaultHttpResponse(decodeResult: success, version: HTTP/1.1)
HTTP/1.1 200 OK
Content-Type: application/json; charset=utf-8
cache-control: no-cache
content-length: 14

11:14:03.248 [AsyncHttpClient-1-9] DEBUG org.asynchttpclient.netty.channel.ChannelManager - Adding key: http://localhost:60005 for channel [id: 0xfd4471e3, L:/127.0.0.1:61482 - R:localhost/127.0.0.1:60005]
11:14:03.271 [Forwarding screenshot on session affd2ee01e56b6af77b554e278dd7af9 to remote] DEBUG org.asynchttpclient.netty.request.NettyRequestSender - Using pooled Channel '[id: 0xfd4471e3, L:/127.0.0.1:61482 - R:localhost/127.0.0.1:60005]' for 'GET' to 'http://localhost:60005/session/affd2ee01e56b6af77b554e278dd7af9/screenshot'
11:14:03.271 [Forwarding screenshot on session affd2ee01e56b6af77b554e278dd7af9 to remote] DEBUG org.asynchttpclient.netty.request.NettyRequestSender - Using open Channel [id: 0xfd4471e3, L:/127.0.0.1:61482 - R:localhost/127.0.0.1:60005] for GET '/session/affd2ee01e56b6af77b554e278dd7af9/screenshot'
11:14:03.862 [AsyncHttpClient-1-9] DEBUG org.asynchttpclient.netty.handler.HttpHandler - 

Request DefaultFullHttpRequest(decodeResult: success, version: HTTP/1.1, content: EmptyByteBufBE)
GET /session/affd2ee01e56b6af77b554e278dd7af9/screenshot HTTP/1.1
User-Agent: selenium/4.1.2 (java windows)
Cache-Control: no-cache
Content-Type: application/json; charset=utf-8
host: localhost:60005
accept: */*

Response DefaultHttpResponse(decodeResult: success, version: HTTP/1.1)
HTTP/1.1 200 OK
Content-Type: application/json; charset=utf-8
cache-control: no-cache
content-length: 53232

11:14:03.863 [AsyncHttpClient-1-9] DEBUG org.asynchttpclient.netty.channel.ChannelManager - Adding key: http://localhost:60005 for channel [id: 0xfd4471e3, L:/127.0.0.1:61482 - R:localhost/127.0.0.1:60005]
11:14:03.871 [main] DEBUG net.serenitybdd.core.photography.Darkroom - Send negative for processing for target\site\serenity\6806466c631457cbd779b2dd7cd5dcbf6ef856f0e5b05688bc3fdacef89811f7.png
11:14:03.872 [main] DEBUG net.thucydides.core.steps.StepInterceptor - STEP DONE: clickButtonDetail
  &amp#27;[32mAnd &amp#27;[0m&amp#27;[32mClick Detail Patient data&amp#27;[0m                                          &amp#27;[90m# starter.stepdefinitios.PatientDataSteps.clickDetailPatientData()&amp#27;[0m
11:14:03.873 [Darkroom Processing Line] DEBUG net.serenitybdd.core.photography.DarkroomProcessingLine - Processing screenshot image in /var/screenshots/screenshot-11216867381335324443
11:14:03.873 [Darkroom Processing Line] DEBUG net.serenitybdd.core.photography.DarkroomProcessingLine - Saving screenshot to target\site\serenity\6806466c631457cbd779b2dd7cd5dcbf6ef856f0e5b05688bc3fdacef89811f7.png
11:14:04.114 [AsyncHttpClient-1-1] DEBUG org.asynchttpclient.netty.channel.DefaultChannelPool - Entry count for : http://localhost:61484 : 1
11:14:04.114 [AsyncHttpClient-1-1] DEBUG org.asynchttpclient.netty.channel.DefaultChannelPool - Entry count for : http://localhost:60005 : 1
11:14:04.414 [Forwarding screenshot on session affd2ee01e56b6af77b554e278dd7af9 to remote] DEBUG org.asynchttpclient.netty.request.NettyRequestSender - Using pooled Channel '[id: 0xfd4471e3, L:/127.0.0.1:61482 - R:localhost/127.0.0.1:60005]' for 'GET' to 'http://localhost:60005/session/affd2ee01e56b6af77b554e278dd7af9/screenshot'
11:14:04.414 [Forwarding screenshot on session affd2ee01e56b6af77b554e278dd7af9 to remote] DEBUG org.asynchttpclient.netty.request.NettyRequestSender - Using open Channel [id: 0xfd4471e3, L:/127.0.0.1:61482 - R:localhost/127.0.0.1:60005] for GET '/session/affd2ee01e56b6af77b554e278dd7af9/screenshot'
11:14:04.749 [AsyncHttpClient-1-9] DEBUG org.asynchttpclient.netty.handler.HttpHandler - 

Request DefaultFullHttpRequest(decodeResult: success, version: HTTP/1.1, content: EmptyByteBufBE)
GET /session/affd2ee01e56b6af77b554e278dd7af9/screenshot HTTP/1.1
User-Agent: selenium/4.1.2 (java windows)
Cache-Control: no-cache
Content-Type: application/json; charset=utf-8
host: localhost:60005
accept: */*

Response DefaultHttpResponse(decodeResult: success, version: HTTP/1.1)
HTTP/1.1 200 OK
Content-Type: application/json; charset=utf-8
cache-control: no-cache
content-length: 409708

11:14:04.751 [AsyncHttpClient-1-9] DEBUG org.asynchttpclient.netty.channel.ChannelManager - Adding key: http://localhost:60005 for channel [id: 0xfd4471e3, L:/127.0.0.1:61482 - R:localhost/127.0.0.1:60005]
11:14:04.778 [main] DEBUG net.serenitybdd.core.photography.Darkroom - Send negative for processing for target\site\serenity\74d1a82ed0ed97b591de508450f48d32d3bd37b8fa20b4b866c662582bc44723.png
11:14:04.779 [main] DEBUG net.thucydides.core.steps.StepInterceptor - STARTING STEP: PatientDataSteps.validData - checkValidDataPasien
11:14:04.779 [Darkroom Processing Line] DEBUG net.serenitybdd.core.photography.DarkroomProcessingLine - Processing screenshot image in /var/screenshots/screenshot-11594765772389703499
11:14:04.779 [Darkroom Processing Line] DEBUG net.serenitybdd.core.photography.DarkroomProcessingLine - Saving screenshot to target\site\serenity\74d1a82ed0ed97b591de508450f48d32d3bd37b8fa20b4b866c662582bc44723.png
11:14:04.785 [Forwarding findElement on session affd2ee01e56b6af77b554e278dd7af9 to remote] DEBUG org.asynchttpclient.netty.request.NettyRequestSender - Using pooled Channel '[id: 0xfd4471e3, L:/127.0.0.1:61482 - R:localhost/127.0.0.1:60005]' for 'POST' to 'http://localhost:60005/session/affd2ee01e56b6af77b554e278dd7af9/element'
11:14:04.786 [Forwarding findElement on session affd2ee01e56b6af77b554e278dd7af9 to remote] DEBUG org.asynchttpclient.netty.request.NettyRequestSender - Using open Channel [id: 0xfd4471e3, L:/127.0.0.1:61482 - R:localhost/127.0.0.1:60005] for POST '/session/affd2ee01e56b6af77b554e278dd7af9/element'
11:14:04.813 [AsyncHttpClient-1-9] DEBUG org.asynchttpclient.netty.handler.HttpHandler - 

Request DefaultHttpRequest(decodeResult: success, version: HTTP/1.1)
POST /session/affd2ee01e56b6af77b554e278dd7af9/element HTTP/1.1
User-Agent: selenium/4.1.2 (java windows)
Content-Length: 95
Content-Type: application/json; charset=utf-8
host: localhost:60005
accept: */*

Response DefaultHttpResponse(decodeResult: success, version: HTTP/1.1)
HTTP/1.1 200 OK
Content-Type: application/json; charset=utf-8
cache-control: no-cache
content-length: 88

11:14:04.813 [AsyncHttpClient-1-9] DEBUG org.asynchttpclient.netty.channel.ChannelManager - Adding key: http://localhost:60005 for channel [id: 0xfd4471e3, L:/127.0.0.1:61482 - R:localhost/127.0.0.1:60005]
11:14:04.814 [Forwarding isElementEnabled on session affd2ee01e56b6af77b554e278dd7af9 to remote] DEBUG org.asynchttpclient.netty.request.NettyRequestSender - Using pooled Channel '[id: 0xfd4471e3, L:/127.0.0.1:61482 - R:localhost/127.0.0.1:60005]' for 'GET' to 'http://localhost:60005/session/affd2ee01e56b6af77b554e278dd7af9/element/d8e0491a-a185-481a-8039-00dd9869f289/enabled'
11:14:04.814 [Forwarding isElementEnabled on session affd2ee01e56b6af77b554e278dd7af9 to remote] DEBUG org.asynchttpclient.netty.request.NettyRequestSender - Using open Channel [id: 0xfd4471e3, L:/127.0.0.1:61482 - R:localhost/127.0.0.1:60005] for GET '/session/affd2ee01e56b6af77b554e278dd7af9/element/d8e0491a-a185-481a-8039-00dd9869f289/enabled'
11:14:04.836 [AsyncHttpClient-1-9] DEBUG org.asynchttpclient.netty.handler.HttpHandler - 

Request DefaultFullHttpRequest(decodeResult: success, version: HTTP/1.1, content: EmptyByteBufBE)
GET /session/affd2ee01e56b6af77b554e278dd7af9/element/d8e0491a-a185-481a-8039-00dd9869f289/enabled HTTP/1.1
User-Agent: selenium/4.1.2 (java windows)
Cache-Control: no-cache
Content-Type: application/json; charset=utf-8
host: localhost:60005
accept: */*

Response DefaultHttpResponse(decodeResult: success, version: HTTP/1.1)
HTTP/1.1 200 OK
Content-Type: application/json; charset=utf-8
cache-control: no-cache
content-length: 14

11:14:04.836 [AsyncHttpClient-1-9] DEBUG org.asynchttpclient.netty.channel.ChannelManager - Adding key: http://localhost:60005 for channel [id: 0xfd4471e3, L:/127.0.0.1:61482 - R:localhost/127.0.0.1:60005]
11:14:04.846 [Forwarding screenshot on session affd2ee01e56b6af77b554e278dd7af9 to remote] DEBUG org.asynchttpclient.netty.request.NettyRequestSender - Using pooled Channel '[id: 0xfd4471e3, L:/127.0.0.1:61482 - R:localhost/127.0.0.1:60005]' for 'GET' to 'http://localhost:60005/session/affd2ee01e56b6af77b554e278dd7af9/screenshot'
11:14:04.846 [Forwarding screenshot on session affd2ee01e56b6af77b554e278dd7af9 to remote] DEBUG org.asynchttpclient.netty.request.NettyRequestSender - Using open Channel [id: 0xfd4471e3, L:/127.0.0.1:61482 - R:localhost/127.0.0.1:60005] for GET '/session/affd2ee01e56b6af77b554e278dd7af9/screenshot'
11:14:05.214 [AsyncHttpClient-1-1] DEBUG org.asynchttpclient.netty.channel.DefaultChannelPool - Entry count for : http://localhost:61484 : 1
11:14:05.217 [AsyncHttpClient-1-9] DEBUG org.asynchttpclient.netty.handler.HttpHandler - 

Request DefaultFullHttpRequest(decodeResult: success, version: HTTP/1.1, content: EmptyByteBufBE)
GET /session/affd2ee01e56b6af77b554e278dd7af9/screenshot HTTP/1.1
User-Agent: selenium/4.1.2 (java windows)
Cache-Control: no-cache
Content-Type: application/json; charset=utf-8
host: localhost:60005
accept: */*

Response DefaultHttpResponse(decodeResult: success, version: HTTP/1.1)
HTTP/1.1 200 OK
Content-Type: application/json; charset=utf-8
cache-control: no-cache
content-length: 409708

11:14:05.219 [AsyncHttpClient-1-9] DEBUG org.asynchttpclient.netty.channel.ChannelManager - Adding key: http://localhost:60005 for channel [id: 0xfd4471e3, L:/127.0.0.1:61482 - R:localhost/127.0.0.1:60005]
11:14:05.249 [main] DEBUG net.serenitybdd.core.photography.Darkroom - Send negative for processing for target\site\serenity\74d1a82ed0ed97b591de508450f48d32d3bd37b8fa20b4b866c662582bc44723.png
11:14:05.249 [main] DEBUG net.thucydides.core.steps.StepInterceptor - STEP DONE: checkValidDataPasien
  &amp#27;[32mWhen &amp#27;[0m&amp#27;[32mValid data detail pasien&amp#27;[0m                                          &amp#27;[90m# starter.stepdefinitios.PatientDataSteps.validData()&amp#27;[0m
11:14:05.329 [Forwarding screenshot on session affd2ee01e56b6af77b554e278dd7af9 to remote] DEBUG org.asynchttpclient.netty.request.NettyRequestSender - Using pooled Channel '[id: 0xfd4471e3, L:/127.0.0.1:61482 - R:localhost/127.0.0.1:60005]' for 'GET' to 'http://localhost:60005/session/affd2ee01e56b6af77b554e278dd7af9/screenshot'
11:14:05.329 [Forwarding screenshot on session affd2ee01e56b6af77b554e278dd7af9 to remote] DEBUG org.asynchttpclient.netty.request.NettyRequestSender - Using open Channel [id: 0xfd4471e3, L:/127.0.0.1:61482 - R:localhost/127.0.0.1:60005] for GET '/session/affd2ee01e56b6af77b554e278dd7af9/screenshot'
11:14:05.711 [AsyncHttpClient-1-9] DEBUG org.asynchttpclient.netty.handler.HttpHandler - 

Request DefaultFullHttpRequest(decodeResult: success, version: HTTP/1.1, content: EmptyByteBufBE)
GET /session/affd2ee01e56b6af77b554e278dd7af9/screenshot HTTP/1.1
User-Agent: selenium/4.1.2 (java windows)
Cache-Control: no-cache
Content-Type: application/json; charset=utf-8
host: localhost:60005
accept: */*

Response DefaultHttpResponse(decodeResult: success, version: HTTP/1.1)
HTTP/1.1 200 OK
Content-Type: application/json; charset=utf-8
cache-control: no-cache
content-length: 409708

11:14:05.713 [AsyncHttpClient-1-9] DEBUG org.asynchttpclient.netty.channel.ChannelManager - Adding key: http://localhost:60005 for channel [id: 0xfd4471e3, L:/127.0.0.1:61482 - R:localhost/127.0.0.1:60005]
11:14:05.752 [main] DEBUG net.serenitybdd.core.photography.Darkroom - Send negative for processing for target\site\serenity\74d1a82ed0ed97b591de508450f48d32d3bd37b8fa20b4b866c662582bc44723.png
11:14:05.753 [main] DEBUG net.thucydides.core.steps.StepInterceptor - STARTING STEP: PatientDataSteps.clickButtonEditProfil - clickButtonEditDataPasien
11:14:05.765 [Forwarding findElement on session affd2ee01e56b6af77b554e278dd7af9 to remote] DEBUG org.asynchttpclient.netty.request.NettyRequestSender - Using pooled Channel '[id: 0xfd4471e3, L:/127.0.0.1:61482 - R:localhost/127.0.0.1:60005]' for 'POST' to 'http://localhost:60005/session/affd2ee01e56b6af77b554e278dd7af9/element'
11:14:05.765 [Forwarding findElement on session affd2ee01e56b6af77b554e278dd7af9 to remote] DEBUG org.asynchttpclient.netty.request.NettyRequestSender - Using open Channel [id: 0xfd4471e3, L:/127.0.0.1:61482 - R:localhost/127.0.0.1:60005] for POST '/session/affd2ee01e56b6af77b554e278dd7af9/element'
11:14:05.857 [AsyncHttpClient-1-9] DEBUG org.asynchttpclient.netty.handler.HttpHandler - 

Request DefaultHttpRequest(decodeResult: success, version: HTTP/1.1)
POST /session/affd2ee01e56b6af77b554e278dd7af9/element HTTP/1.1
User-Agent: selenium/4.1.2 (java windows)
Content-Length: 116
Content-Type: application/json; charset=utf-8
host: localhost:60005
accept: */*

Response DefaultHttpResponse(decodeResult: success, version: HTTP/1.1)
HTTP/1.1 200 OK
Content-Type: application/json; charset=utf-8
cache-control: no-cache
content-length: 88

11:14:05.857 [AsyncHttpClient-1-9] DEBUG org.asynchttpclient.netty.channel.ChannelManager - Adding key: http://localhost:60005 for channel [id: 0xfd4471e3, L:/127.0.0.1:61482 - R:localhost/127.0.0.1:60005]
11:14:05.860 [Forwarding getElementTagName on session affd2ee01e56b6af77b554e278dd7af9 to remote] DEBUG org.asynchttpclient.netty.request.NettyRequestSender - Using pooled Channel '[id: 0xfd4471e3, L:/127.0.0.1:61482 - R:localhost/127.0.0.1:60005]' for 'GET' to 'http://localhost:60005/session/affd2ee01e56b6af77b554e278dd7af9/element/5ab3598d-a837-45ec-8efc-9af981925f04/name'
11:14:05.860 [Forwarding getElementTagName on session affd2ee01e56b6af77b554e278dd7af9 to remote] DEBUG org.asynchttpclient.netty.request.NettyRequestSender - Using open Channel [id: 0xfd4471e3, L:/127.0.0.1:61482 - R:localhost/127.0.0.1:60005] for GET '/session/affd2ee01e56b6af77b554e278dd7af9/element/5ab3598d-a837-45ec-8efc-9af981925f04/name'
11:14:05.940 [AsyncHttpClient-1-9] DEBUG org.asynchttpclient.netty.handler.HttpHandler - 

Request DefaultFullHttpRequest(decodeResult: success, version: HTTP/1.1, content: EmptyByteBufBE)
GET /session/affd2ee01e56b6af77b554e278dd7af9/element/5ab3598d-a837-45ec-8efc-9af981925f04/name HTTP/1.1
User-Agent: selenium/4.1.2 (java windows)
Cache-Control: no-cache
Content-Type: application/json; charset=utf-8
host: localhost:60005
accept: */*

Response DefaultHttpResponse(decodeResult: success, version: HTTP/1.1)
HTTP/1.1 200 OK
Content-Type: application/json; charset=utf-8
cache-control: no-cache
content-length: 18

11:14:05.940 [AsyncHttpClient-1-9] DEBUG org.asynchttpclient.netty.channel.ChannelManager - Adding key: http://localhost:60005 for channel [id: 0xfd4471e3, L:/127.0.0.1:61482 - R:localhost/127.0.0.1:60005]
11:14:05.943 [Forwarding getElementTagName on session affd2ee01e56b6af77b554e278dd7af9 to remote] DEBUG org.asynchttpclient.netty.request.NettyRequestSender - Using pooled Channel '[id: 0xfd4471e3, L:/127.0.0.1:61482 - R:localhost/127.0.0.1:60005]' for 'GET' to 'http://localhost:60005/session/affd2ee01e56b6af77b554e278dd7af9/element/5ab3598d-a837-45ec-8efc-9af981925f04/name'
11:14:05.943 [Forwarding getElementTagName on session affd2ee01e56b6af77b554e278dd7af9 to remote] DEBUG org.asynchttpclient.netty.request.NettyRequestSender - Using open Channel [id: 0xfd4471e3, L:/127.0.0.1:61482 - R:localhost/127.0.0.1:60005] for GET '/session/affd2ee01e56b6af77b554e278dd7af9/element/5ab3598d-a837-45ec-8efc-9af981925f04/name'
11:14:05.957 [AsyncHttpClient-1-9] DEBUG org.asynchttpclient.netty.handler.HttpHandler - 

Request DefaultFullHttpRequest(decodeResult: success, version: HTTP/1.1, content: EmptyByteBufBE)
GET /session/affd2ee01e56b6af77b554e278dd7af9/element/5ab3598d-a837-45ec-8efc-9af981925f04/name HTTP/1.1
User-Agent: selenium/4.1.2 (java windows)
Cache-Control: no-cache
Content-Type: application/json; charset=utf-8
host: localhost:60005
accept: */*

Response DefaultHttpResponse(decodeResult: success, version: HTTP/1.1)
HTTP/1.1 200 OK
Content-Type: application/json; charset=utf-8
cache-control: no-cache
content-length: 18

11:14:05.957 [AsyncHttpClient-1-9] DEBUG org.asynchttpclient.netty.channel.ChannelManager - Adding key: http://localhost:60005 for channel [id: 0xfd4471e3, L:/127.0.0.1:61482 - R:localhost/127.0.0.1:60005]
11:14:05.963 [Forwarding isElementEnabled on session affd2ee01e56b6af77b554e278dd7af9 to remote] DEBUG org.asynchttpclient.netty.request.NettyRequestSender - Using pooled Channel '[id: 0xfd4471e3, L:/127.0.0.1:61482 - R:localhost/127.0.0.1:60005]' for 'GET' to 'http://localhost:60005/session/affd2ee01e56b6af77b554e278dd7af9/element/5ab3598d-a837-45ec-8efc-9af981925f04/enabled'
11:14:05.963 [Forwarding isElementEnabled on session affd2ee01e56b6af77b554e278dd7af9 to remote] DEBUG org.asynchttpclient.netty.request.NettyRequestSender - Using open Channel [id: 0xfd4471e3, L:/127.0.0.1:61482 - R:localhost/127.0.0.1:60005] for GET '/session/affd2ee01e56b6af77b554e278dd7af9/element/5ab3598d-a837-45ec-8efc-9af981925f04/enabled'
11:14:05.993 [AsyncHttpClient-1-9] DEBUG org.asynchttpclient.netty.handler.HttpHandler - 

Request DefaultFullHttpRequest(decodeResult: success, version: HTTP/1.1, content: EmptyByteBufBE)
GET /session/affd2ee01e56b6af77b554e278dd7af9/element/5ab3598d-a837-45ec-8efc-9af981925f04/enabled HTTP/1.1
User-Agent: selenium/4.1.2 (java windows)
Cache-Control: no-cache
Content-Type: application/json; charset=utf-8
host: localhost:60005
accept: */*

Response DefaultHttpResponse(decodeResult: success, version: HTTP/1.1)
HTTP/1.1 200 OK
Content-Type: application/json; charset=utf-8
cache-control: no-cache
content-length: 14

11:14:05.993 [AsyncHttpClient-1-9] DEBUG org.asynchttpclient.netty.channel.ChannelManager - Adding key: http://localhost:60005 for channel [id: 0xfd4471e3, L:/127.0.0.1:61482 - R:localhost/127.0.0.1:60005]
11:14:05.995 [Forwarding isElementEnabled on session affd2ee01e56b6af77b554e278dd7af9 to remote] DEBUG org.asynchttpclient.netty.request.NettyRequestSender - Using pooled Channel '[id: 0xfd4471e3, L:/127.0.0.1:61482 - R:localhost/127.0.0.1:60005]' for 'GET' to 'http://localhost:60005/session/affd2ee01e56b6af77b554e278dd7af9/element/5ab3598d-a837-45ec-8efc-9af981925f04/enabled'
11:14:05.995 [Forwarding isElementEnabled on session affd2ee01e56b6af77b554e278dd7af9 to remote] DEBUG org.asynchttpclient.netty.request.NettyRequestSender - Using open Channel [id: 0xfd4471e3, L:/127.0.0.1:61482 - R:localhost/127.0.0.1:60005] for GET '/session/affd2ee01e56b6af77b554e278dd7af9/element/5ab3598d-a837-45ec-8efc-9af981925f04/enabled'
11:14:06.016 [AsyncHttpClient-1-9] DEBUG org.asynchttpclient.netty.handler.HttpHandler - 

Request DefaultFullHttpRequest(decodeResult: success, version: HTTP/1.1, content: EmptyByteBufBE)
GET /session/affd2ee01e56b6af77b554e278dd7af9/element/5ab3598d-a837-45ec-8efc-9af981925f04/enabled HTTP/1.1
User-Agent: selenium/4.1.2 (java windows)
Cache-Control: no-cache
Content-Type: application/json; charset=utf-8
host: localhost:60005
accept: */*

Response DefaultHttpResponse(decodeResult: success, version: HTTP/1.1)
HTTP/1.1 200 OK
Content-Type: application/json; charset=utf-8
cache-control: no-cache
content-length: 14

11:14:06.017 [AsyncHttpClient-1-9] DEBUG org.asynchttpclient.netty.channel.ChannelManager - Adding key: http://localhost:60005 for channel [id: 0xfd4471e3, L:/127.0.0.1:61482 - R:localhost/127.0.0.1:60005]
11:14:06.023 [Forwarding findElement on session affd2ee01e56b6af77b554e278dd7af9 to remote] DEBUG org.asynchttpclient.netty.request.NettyRequestSender - Using pooled Channel '[id: 0xfd4471e3, L:/127.0.0.1:61482 - R:localhost/127.0.0.1:60005]' for 'POST' to 'http://localhost:60005/session/affd2ee01e56b6af77b554e278dd7af9/element'
11:14:06.023 [Forwarding findElement on session affd2ee01e56b6af77b554e278dd7af9 to remote] DEBUG org.asynchttpclient.netty.request.NettyRequestSender - Using open Channel [id: 0xfd4471e3, L:/127.0.0.1:61482 - R:localhost/127.0.0.1:60005] for POST '/session/affd2ee01e56b6af77b554e278dd7af9/element'
11:14:06.039 [AsyncHttpClient-1-9] DEBUG org.asynchttpclient.netty.handler.HttpHandler - 

Request DefaultHttpRequest(decodeResult: success, version: HTTP/1.1)
POST /session/affd2ee01e56b6af77b554e278dd7af9/element HTTP/1.1
User-Agent: selenium/4.1.2 (java windows)
Content-Length: 116
Content-Type: application/json; charset=utf-8
host: localhost:60005
accept: */*

Response DefaultHttpResponse(decodeResult: success, version: HTTP/1.1)
HTTP/1.1 200 OK
Content-Type: application/json; charset=utf-8
cache-control: no-cache
content-length: 88

11:14:06.040 [AsyncHttpClient-1-9] DEBUG org.asynchttpclient.netty.channel.ChannelManager - Adding key: http://localhost:60005 for channel [id: 0xfd4471e3, L:/127.0.0.1:61482 - R:localhost/127.0.0.1:60005]
11:14:06.042 [Forwarding clickElement on session affd2ee01e56b6af77b554e278dd7af9 to remote] DEBUG org.asynchttpclient.netty.request.NettyRequestSender - Using pooled Channel '[id: 0xfd4471e3, L:/127.0.0.1:61482 - R:localhost/127.0.0.1:60005]' for 'POST' to 'http://localhost:60005/session/affd2ee01e56b6af77b554e278dd7af9/element/5ab3598d-a837-45ec-8efc-9af981925f04/click'
11:14:06.042 [Forwarding clickElement on session affd2ee01e56b6af77b554e278dd7af9 to remote] DEBUG org.asynchttpclient.netty.request.NettyRequestSender - Using open Channel [id: 0xfd4471e3, L:/127.0.0.1:61482 - R:localhost/127.0.0.1:60005] for POST '/session/affd2ee01e56b6af77b554e278dd7af9/element/5ab3598d-a837-45ec-8efc-9af981925f04/click'
11:14:06.332 [AsyncHttpClient-1-1] DEBUG org.asynchttpclient.netty.channel.DefaultChannelPool - Entry count for : http://localhost:61484 : 1
11:14:06.405 [AsyncHttpClient-1-9] DEBUG org.asynchttpclient.netty.handler.HttpHandler - 

Request DefaultHttpRequest(decodeResult: success, version: HTTP/1.1)
POST /session/affd2ee01e56b6af77b554e278dd7af9/element/5ab3598d-a837-45ec-8efc-9af981925f04/click HTTP/1.1
User-Agent: selenium/4.1.2 (java windows)
Content-Length: 50
Content-Type: application/json; charset=utf-8
host: localhost:60005
accept: */*

Response DefaultHttpResponse(decodeResult: success, version: HTTP/1.1)
HTTP/1.1 200 OK
Content-Type: application/json; charset=utf-8
cache-control: no-cache
content-length: 14

11:14:06.405 [AsyncHttpClient-1-9] DEBUG org.asynchttpclient.netty.channel.ChannelManager - Adding key: http://localhost:60005 for channel [id: 0xfd4471e3, L:/127.0.0.1:61482 - R:localhost/127.0.0.1:60005]
11:14:06.426 [Forwarding screenshot on session affd2ee01e56b6af77b554e278dd7af9 to remote] DEBUG org.asynchttpclient.netty.request.NettyRequestSender - Using pooled Channel '[id: 0xfd4471e3, L:/127.0.0.1:61482 - R:localhost/127.0.0.1:60005]' for 'GET' to 'http://localhost:60005/session/affd2ee01e56b6af77b554e278dd7af9/screenshot'
11:14:06.426 [Forwarding screenshot on session affd2ee01e56b6af77b554e278dd7af9 to remote] DEBUG org.asynchttpclient.netty.request.NettyRequestSender - Using open Channel [id: 0xfd4471e3, L:/127.0.0.1:61482 - R:localhost/127.0.0.1:60005] for GET '/session/affd2ee01e56b6af77b554e278dd7af9/screenshot'
11:14:06.892 [AsyncHttpClient-1-9] DEBUG org.asynchttpclient.netty.handler.HttpHandler - 

Request DefaultFullHttpRequest(decodeResult: success, version: HTTP/1.1, content: EmptyByteBufBE)
GET /session/affd2ee01e56b6af77b554e278dd7af9/screenshot HTTP/1.1
User-Agent: selenium/4.1.2 (java windows)
Cache-Control: no-cache
Content-Type: application/json; charset=utf-8
host: localhost:60005
accept: */*

Response DefaultHttpResponse(decodeResult: success, version: HTTP/1.1)
HTTP/1.1 200 OK
Content-Type: application/json; charset=utf-8
cache-control: no-cache
content-length: 413892

11:14:06.894 [AsyncHttpClient-1-9] DEBUG org.asynchttpclient.netty.channel.ChannelManager - Adding key: http://localhost:60005 for channel [id: 0xfd4471e3, L:/127.0.0.1:61482 - R:localhost/127.0.0.1:60005]
11:14:06.930 [main] DEBUG net.serenitybdd.core.photography.Darkroom - Send negative for processing for target\site\serenity\a9170a23c137d85fc8bcaa44a5e1659d421183641a72518f14918ab920434c69.png
11:14:06.931 [main] DEBUG net.thucydides.core.steps.StepInterceptor - STEP DONE: clickButtonEditDataPasien
  &amp#27;[32mAnd &amp#27;[0m&amp#27;[32mClick button edit profil&amp#27;[0m                                           &amp#27;[90m# starter.stepdefinitios.PatientDataSteps.clickButtonEditProfil()&amp#27;[0m
11:14:06.938 [Darkroom Processing Line] DEBUG net.serenitybdd.core.photography.DarkroomProcessingLine - Processing screenshot image in /var/screenshots/screenshot-12457207431354528184
11:14:06.939 [Darkroom Processing Line] DEBUG net.serenitybdd.core.photography.DarkroomProcessingLine - Saving screenshot to target\site\serenity\a9170a23c137d85fc8bcaa44a5e1659d421183641a72518f14918ab920434c69.png
11:14:07.010 [Forwarding screenshot on session affd2ee01e56b6af77b554e278dd7af9 to remote] DEBUG org.asynchttpclient.netty.request.NettyRequestSender - Using pooled Channel '[id: 0xfd4471e3, L:/127.0.0.1:61482 - R:localhost/127.0.0.1:60005]' for 'GET' to 'http://localhost:60005/session/affd2ee01e56b6af77b554e278dd7af9/screenshot'
11:14:07.010 [Forwarding screenshot on session affd2ee01e56b6af77b554e278dd7af9 to remote] DEBUG org.asynchttpclient.netty.request.NettyRequestSender - Using open Channel [id: 0xfd4471e3, L:/127.0.0.1:61482 - R:localhost/127.0.0.1:60005] for GET '/session/affd2ee01e56b6af77b554e278dd7af9/screenshot'
11:14:07.413 [AsyncHttpClient-1-1] DEBUG org.asynchttpclient.netty.channel.DefaultChannelPool - Entry count for : http://localhost:61484 : 1
11:14:07.533 [AsyncHttpClient-1-9] DEBUG org.asynchttpclient.netty.handler.HttpHandler - 

Request DefaultFullHttpRequest(decodeResult: success, version: HTTP/1.1, content: EmptyByteBufBE)
GET /session/affd2ee01e56b6af77b554e278dd7af9/screenshot HTTP/1.1
User-Agent: selenium/4.1.2 (java windows)
Cache-Control: no-cache
Content-Type: application/json; charset=utf-8
host: localhost:60005
accept: */*

Response DefaultHttpResponse(decodeResult: success, version: HTTP/1.1)
HTTP/1.1 200 OK
Content-Type: application/json; charset=utf-8
cache-control: no-cache
content-length: 413892

11:14:07.536 [AsyncHttpClient-1-9] DEBUG org.asynchttpclient.netty.channel.ChannelManager - Adding key: http://localhost:60005 for channel [id: 0xfd4471e3, L:/127.0.0.1:61482 - R:localhost/127.0.0.1:60005]
11:14:07.570 [main] DEBUG net.serenitybdd.core.photography.Darkroom - Send negative for processing for target\site\serenity\a9170a23c137d85fc8bcaa44a5e1659d421183641a72518f14918ab920434c69.png
11:14:07.570 [main] DEBUG net.thucydides.core.steps.StepInterceptor - STARTING STEP: PatientDataSteps.cleanAllDataPasien - cleanDataPasien
11:14:07.577 [Forwarding findElement on session affd2ee01e56b6af77b554e278dd7af9 to remote] DEBUG org.asynchttpclient.netty.request.NettyRequestSender - Using pooled Channel '[id: 0xfd4471e3, L:/127.0.0.1:61482 - R:localhost/127.0.0.1:60005]' for 'POST' to 'http://localhost:60005/session/affd2ee01e56b6af77b554e278dd7af9/element'
11:14:07.577 [Forwarding findElement on session affd2ee01e56b6af77b554e278dd7af9 to remote] DEBUG org.asynchttpclient.netty.request.NettyRequestSender - Using open Channel [id: 0xfd4471e3, L:/127.0.0.1:61482 - R:localhost/127.0.0.1:60005] for POST '/session/affd2ee01e56b6af77b554e278dd7af9/element'
11:14:07.608 [AsyncHttpClient-1-9] DEBUG org.asynchttpclient.netty.handler.HttpHandler - 

Request DefaultHttpRequest(decodeResult: success, version: HTTP/1.1)
POST /session/affd2ee01e56b6af77b554e278dd7af9/element HTTP/1.1
User-Agent: selenium/4.1.2 (java windows)
Content-Length: 166
Content-Type: application/json; charset=utf-8
host: localhost:60005
accept: */*

Response DefaultHttpResponse(decodeResult: success, version: HTTP/1.1)
HTTP/1.1 200 OK
Content-Type: application/json; charset=utf-8
cache-control: no-cache
content-length: 88

11:14:07.609 [AsyncHttpClient-1-9] DEBUG org.asynchttpclient.netty.channel.ChannelManager - Adding key: http://localhost:60005 for channel [id: 0xfd4471e3, L:/127.0.0.1:61482 - R:localhost/127.0.0.1:60005]
11:14:07.610 [Forwarding clearElement on session affd2ee01e56b6af77b554e278dd7af9 to remote] DEBUG org.asynchttpclient.netty.request.NettyRequestSender - Using pooled Channel '[id: 0xfd4471e3, L:/127.0.0.1:61482 - R:localhost/127.0.0.1:60005]' for 'POST' to 'http://localhost:60005/session/affd2ee01e56b6af77b554e278dd7af9/element/19948657-68e7-48bb-a51a-8821be886350/clear'
11:14:07.610 [Forwarding clearElement on session affd2ee01e56b6af77b554e278dd7af9 to remote] DEBUG org.asynchttpclient.netty.request.NettyRequestSender - Using open Channel [id: 0xfd4471e3, L:/127.0.0.1:61482 - R:localhost/127.0.0.1:60005] for POST '/session/affd2ee01e56b6af77b554e278dd7af9/element/19948657-68e7-48bb-a51a-8821be886350/clear'
11:14:07.757 [AsyncHttpClient-1-9] DEBUG org.asynchttpclient.netty.handler.HttpHandler - 

Request DefaultHttpRequest(decodeResult: success, version: HTTP/1.1)
POST /session/affd2ee01e56b6af77b554e278dd7af9/element/19948657-68e7-48bb-a51a-8821be886350/clear HTTP/1.1
User-Agent: selenium/4.1.2 (java windows)
Content-Length: 50
Content-Type: application/json; charset=utf-8
host: localhost:60005
accept: */*

Response DefaultHttpResponse(decodeResult: success, version: HTTP/1.1)
HTTP/1.1 200 OK
Content-Type: application/json; charset=utf-8
cache-control: no-cache
content-length: 14

11:14:07.757 [AsyncHttpClient-1-9] DEBUG org.asynchttpclient.netty.channel.ChannelManager - Adding key: http://localhost:60005 for channel [id: 0xfd4471e3, L:/127.0.0.1:61482 - R:localhost/127.0.0.1:60005]
11:14:07.765 [Forwarding findElement on session affd2ee01e56b6af77b554e278dd7af9 to remote] DEBUG org.asynchttpclient.netty.request.NettyRequestSender - Using pooled Channel '[id: 0xfd4471e3, L:/127.0.0.1:61482 - R:localhost/127.0.0.1:60005]' for 'POST' to 'http://localhost:60005/session/affd2ee01e56b6af77b554e278dd7af9/element'
11:14:07.765 [Forwarding findElement on session affd2ee01e56b6af77b554e278dd7af9 to remote] DEBUG org.asynchttpclient.netty.request.NettyRequestSender - Using open Channel [id: 0xfd4471e3, L:/127.0.0.1:61482 - R:localhost/127.0.0.1:60005] for POST '/session/affd2ee01e56b6af77b554e278dd7af9/element'
11:14:07.797 [AsyncHttpClient-1-9] DEBUG org.asynchttpclient.netty.handler.HttpHandler - 

Request DefaultHttpRequest(decodeResult: success, version: HTTP/1.1)
POST /session/affd2ee01e56b6af77b554e278dd7af9/element HTTP/1.1
User-Agent: selenium/4.1.2 (java windows)
Content-Length: 166
Content-Type: application/json; charset=utf-8
host: localhost:60005
accept: */*

Response DefaultHttpResponse(decodeResult: success, version: HTTP/1.1)
HTTP/1.1 200 OK
Content-Type: application/json; charset=utf-8
cache-control: no-cache
content-length: 88

11:14:07.797 [AsyncHttpClient-1-9] DEBUG org.asynchttpclient.netty.channel.ChannelManager - Adding key: http://localhost:60005 for channel [id: 0xfd4471e3, L:/127.0.0.1:61482 - R:localhost/127.0.0.1:60005]
11:14:07.800 [Forwarding clearElement on session affd2ee01e56b6af77b554e278dd7af9 to remote] DEBUG org.asynchttpclient.netty.request.NettyRequestSender - Using pooled Channel '[id: 0xfd4471e3, L:/127.0.0.1:61482 - R:localhost/127.0.0.1:60005]' for 'POST' to 'http://localhost:60005/session/affd2ee01e56b6af77b554e278dd7af9/element/1e180958-c586-4498-b61c-f625652b1608/clear'
11:14:07.800 [Forwarding clearElement on session affd2ee01e56b6af77b554e278dd7af9 to remote] DEBUG org.asynchttpclient.netty.request.NettyRequestSender - Using open Channel [id: 0xfd4471e3, L:/127.0.0.1:61482 - R:localhost/127.0.0.1:60005] for POST '/session/affd2ee01e56b6af77b554e278dd7af9/element/1e180958-c586-4498-b61c-f625652b1608/clear'
11:14:07.893 [AsyncHttpClient-1-9] DEBUG org.asynchttpclient.netty.handler.HttpHandler - 

Request DefaultHttpRequest(decodeResult: success, version: HTTP/1.1)
POST /session/affd2ee01e56b6af77b554e278dd7af9/element/1e180958-c586-4498-b61c-f625652b1608/clear HTTP/1.1
User-Agent: selenium/4.1.2 (java windows)
Content-Length: 50
Content-Type: application/json; charset=utf-8
host: localhost:60005
accept: */*

Response DefaultHttpResponse(decodeResult: success, version: HTTP/1.1)
HTTP/1.1 200 OK
Content-Type: application/json; charset=utf-8
cache-control: no-cache
content-length: 14

11:14:07.894 [AsyncHttpClient-1-9] DEBUG org.asynchttpclient.netty.channel.ChannelManager - Adding key: http://localhost:60005 for channel [id: 0xfd4471e3, L:/127.0.0.1:61482 - R:localhost/127.0.0.1:60005]
11:14:07.898 [Forwarding findElement on session affd2ee01e56b6af77b554e278dd7af9 to remote] DEBUG org.asynchttpclient.netty.request.NettyRequestSender - Using pooled Channel '[id: 0xfd4471e3, L:/127.0.0.1:61482 - R:localhost/127.0.0.1:60005]' for 'POST' to 'http://localhost:60005/session/affd2ee01e56b6af77b554e278dd7af9/element'
11:14:07.898 [Forwarding findElement on session affd2ee01e56b6af77b554e278dd7af9 to remote] DEBUG org.asynchttpclient.netty.request.NettyRequestSender - Using open Channel [id: 0xfd4471e3, L:/127.0.0.1:61482 - R:localhost/127.0.0.1:60005] for POST '/session/affd2ee01e56b6af77b554e278dd7af9/element'
11:14:07.927 [AsyncHttpClient-1-9] DEBUG org.asynchttpclient.netty.handler.HttpHandler - 

Request DefaultHttpRequest(decodeResult: success, version: HTTP/1.1)
POST /session/affd2ee01e56b6af77b554e278dd7af9/element HTTP/1.1
User-Agent: selenium/4.1.2 (java windows)
Content-Length: 166
Content-Type: application/json; charset=utf-8
host: localhost:60005
accept: */*

Response DefaultHttpResponse(decodeResult: success, version: HTTP/1.1)
HTTP/1.1 200 OK
Content-Type: application/json; charset=utf-8
cache-control: no-cache
content-length: 88

11:14:07.927 [AsyncHttpClient-1-9] DEBUG org.asynchttpclient.netty.channel.ChannelManager - Adding key: http://localhost:60005 for channel [id: 0xfd4471e3, L:/127.0.0.1:61482 - R:localhost/127.0.0.1:60005]
11:14:07.929 [Forwarding clearElement on session affd2ee01e56b6af77b554e278dd7af9 to remote] DEBUG org.asynchttpclient.netty.request.NettyRequestSender - Using pooled Channel '[id: 0xfd4471e3, L:/127.0.0.1:61482 - R:localhost/127.0.0.1:60005]' for 'POST' to 'http://localhost:60005/session/affd2ee01e56b6af77b554e278dd7af9/element/14f028be-0ac9-4641-97ce-b1584b4d09fa/clear'
11:14:07.929 [Forwarding clearElement on session affd2ee01e56b6af77b554e278dd7af9 to remote] DEBUG org.asynchttpclient.netty.request.NettyRequestSender - Using open Channel [id: 0xfd4471e3, L:/127.0.0.1:61482 - R:localhost/127.0.0.1:60005] for POST '/session/affd2ee01e56b6af77b554e278dd7af9/element/14f028be-0ac9-4641-97ce-b1584b4d09fa/clear'
11:14:08.015 [AsyncHttpClient-1-9] DEBUG org.asynchttpclient.netty.handler.HttpHandler - 

Request DefaultHttpRequest(decodeResult: success, version: HTTP/1.1)
POST /session/affd2ee01e56b6af77b554e278dd7af9/element/14f028be-0ac9-4641-97ce-b1584b4d09fa/clear HTTP/1.1
User-Agent: selenium/4.1.2 (java windows)
Content-Length: 50
Content-Type: application/json; charset=utf-8
host: localhost:60005
accept: */*

Response DefaultHttpResponse(decodeResult: success, version: HTTP/1.1)
HTTP/1.1 200 OK
Content-Type: application/json; charset=utf-8
cache-control: no-cache
content-length: 14

11:14:08.015 [AsyncHttpClient-1-9] DEBUG org.asynchttpclient.netty.channel.ChannelManager - Adding key: http://localhost:60005 for channel [id: 0xfd4471e3, L:/127.0.0.1:61482 - R:localhost/127.0.0.1:60005]
11:14:08.026 [Forwarding findElement on session affd2ee01e56b6af77b554e278dd7af9 to remote] DEBUG org.asynchttpclient.netty.request.NettyRequestSender - Using pooled Channel '[id: 0xfd4471e3, L:/127.0.0.1:61482 - R:localhost/127.0.0.1:60005]' for 'POST' to 'http://localhost:60005/session/affd2ee01e56b6af77b554e278dd7af9/element'
11:14:08.026 [Forwarding findElement on session affd2ee01e56b6af77b554e278dd7af9 to remote] DEBUG org.asynchttpclient.netty.request.NettyRequestSender - Using open Channel [id: 0xfd4471e3, L:/127.0.0.1:61482 - R:localhost/127.0.0.1:60005] for POST '/session/affd2ee01e56b6af77b554e278dd7af9/element'
11:14:08.074 [AsyncHttpClient-1-9] DEBUG org.asynchttpclient.netty.handler.HttpHandler - 

Request DefaultHttpRequest(decodeResult: success, version: HTTP/1.1)
POST /session/affd2ee01e56b6af77b554e278dd7af9/element HTTP/1.1
User-Agent: selenium/4.1.2 (java windows)
Content-Length: 166
Content-Type: application/json; charset=utf-8
host: localhost:60005
accept: */*

Response DefaultHttpResponse(decodeResult: success, version: HTTP/1.1)
HTTP/1.1 200 OK
Content-Type: application/json; charset=utf-8
cache-control: no-cache
content-length: 88

11:14:08.074 [AsyncHttpClient-1-9] DEBUG org.asynchttpclient.netty.channel.ChannelManager - Adding key: http://localhost:60005 for channel [id: 0xfd4471e3, L:/127.0.0.1:61482 - R:localhost/127.0.0.1:60005]
11:14:08.076 [Forwarding clearElement on session affd2ee01e56b6af77b554e278dd7af9 to remote] DEBUG org.asynchttpclient.netty.request.NettyRequestSender - Using pooled Channel '[id: 0xfd4471e3, L:/127.0.0.1:61482 - R:localhost/127.0.0.1:60005]' for 'POST' to 'http://localhost:60005/session/affd2ee01e56b6af77b554e278dd7af9/element/2f0e719a-c574-4990-8053-3b0e8e7a01cc/clear'
11:14:08.076 [Forwarding clearElement on session affd2ee01e56b6af77b554e278dd7af9 to remote] DEBUG org.asynchttpclient.netty.request.NettyRequestSender - Using open Channel [id: 0xfd4471e3, L:/127.0.0.1:61482 - R:localhost/127.0.0.1:60005] for POST '/session/affd2ee01e56b6af77b554e278dd7af9/element/2f0e719a-c574-4990-8053-3b0e8e7a01cc/clear'
11:14:08.174 [AsyncHttpClient-1-9] DEBUG org.asynchttpclient.netty.handler.HttpHandler - 

Request DefaultHttpRequest(decodeResult: success, version: HTTP/1.1)
POST /session/affd2ee01e56b6af77b554e278dd7af9/element/2f0e719a-c574-4990-8053-3b0e8e7a01cc/clear HTTP/1.1
User-Agent: selenium/4.1.2 (java windows)
Content-Length: 50
Content-Type: application/json; charset=utf-8
host: localhost:60005
accept: */*

Response DefaultHttpResponse(decodeResult: success, version: HTTP/1.1)
HTTP/1.1 200 OK
Content-Type: application/json; charset=utf-8
cache-control: no-cache
content-length: 14

11:14:08.175 [AsyncHttpClient-1-9] DEBUG org.asynchttpclient.netty.channel.ChannelManager - Adding key: http://localhost:60005 for channel [id: 0xfd4471e3, L:/127.0.0.1:61482 - R:localhost/127.0.0.1:60005]
11:14:08.182 [Forwarding findElement on session affd2ee01e56b6af77b554e278dd7af9 to remote] DEBUG org.asynchttpclient.netty.request.NettyRequestSender - Using pooled Channel '[id: 0xfd4471e3, L:/127.0.0.1:61482 - R:localhost/127.0.0.1:60005]' for 'POST' to 'http://localhost:60005/session/affd2ee01e56b6af77b554e278dd7af9/element'
11:14:08.182 [Forwarding findElement on session affd2ee01e56b6af77b554e278dd7af9 to remote] DEBUG org.asynchttpclient.netty.request.NettyRequestSender - Using open Channel [id: 0xfd4471e3, L:/127.0.0.1:61482 - R:localhost/127.0.0.1:60005] for POST '/session/affd2ee01e56b6af77b554e278dd7af9/element'
11:14:08.210 [AsyncHttpClient-1-9] DEBUG org.asynchttpclient.netty.handler.HttpHandler - 

Request DefaultHttpRequest(decodeResult: success, version: HTTP/1.1)
POST /session/affd2ee01e56b6af77b554e278dd7af9/element HTTP/1.1
User-Agent: selenium/4.1.2 (java windows)
Content-Length: 173
Content-Type: application/json; charset=utf-8
host: localhost:60005
accept: */*

Response DefaultHttpResponse(decodeResult: success, version: HTTP/1.1)
HTTP/1.1 200 OK
Content-Type: application/json; charset=utf-8
cache-control: no-cache
content-length: 88

11:14:08.211 [AsyncHttpClient-1-9] DEBUG org.asynchttpclient.netty.channel.ChannelManager - Adding key: http://localhost:60005 for channel [id: 0xfd4471e3, L:/127.0.0.1:61482 - R:localhost/127.0.0.1:60005]
11:14:08.213 [Forwarding clearElement on session affd2ee01e56b6af77b554e278dd7af9 to remote] DEBUG org.asynchttpclient.netty.request.NettyRequestSender - Using pooled Channel '[id: 0xfd4471e3, L:/127.0.0.1:61482 - R:localhost/127.0.0.1:60005]' for 'POST' to 'http://localhost:60005/session/affd2ee01e56b6af77b554e278dd7af9/element/cdbb2249-09ff-4df6-9e21-7a6b7b12c7de/clear'
11:14:08.213 [Forwarding clearElement on session affd2ee01e56b6af77b554e278dd7af9 to remote] DEBUG org.asynchttpclient.netty.request.NettyRequestSender - Using open Channel [id: 0xfd4471e3, L:/127.0.0.1:61482 - R:localhost/127.0.0.1:60005] for POST '/session/affd2ee01e56b6af77b554e278dd7af9/element/cdbb2249-09ff-4df6-9e21-7a6b7b12c7de/clear'
11:14:08.281 [AsyncHttpClient-1-9] DEBUG org.asynchttpclient.netty.handler.HttpHandler - 

Request DefaultHttpRequest(decodeResult: success, version: HTTP/1.1)
POST /session/affd2ee01e56b6af77b554e278dd7af9/element/cdbb2249-09ff-4df6-9e21-7a6b7b12c7de/clear HTTP/1.1
User-Agent: selenium/4.1.2 (java windows)
Content-Length: 50
Content-Type: application/json; charset=utf-8
host: localhost:60005
accept: */*

Response DefaultHttpResponse(decodeResult: success, version: HTTP/1.1)
HTTP/1.1 200 OK
Content-Type: application/json; charset=utf-8
cache-control: no-cache
content-length: 14

11:14:08.281 [AsyncHttpClient-1-9] DEBUG org.asynchttpclient.netty.channel.ChannelManager - Adding key: http://localhost:60005 for channel [id: 0xfd4471e3, L:/127.0.0.1:61482 - R:localhost/127.0.0.1:60005]
11:14:08.294 [Forwarding screenshot on session affd2ee01e56b6af77b554e278dd7af9 to remote] DEBUG org.asynchttpclient.netty.request.NettyRequestSender - Using pooled Channel '[id: 0xfd4471e3, L:/127.0.0.1:61482 - R:localhost/127.0.0.1:60005]' for 'GET' to 'http://localhost:60005/session/affd2ee01e56b6af77b554e278dd7af9/screenshot'
11:14:08.294 [Forwarding screenshot on session affd2ee01e56b6af77b554e278dd7af9 to remote] DEBUG org.asynchttpclient.netty.request.NettyRequestSender - Using open Channel [id: 0xfd4471e3, L:/127.0.0.1:61482 - R:localhost/127.0.0.1:60005] for GET '/session/affd2ee01e56b6af77b554e278dd7af9/screenshot'
11:14:08.514 [AsyncHttpClient-1-1] DEBUG org.asynchttpclient.netty.channel.DefaultChannelPool - Entry count for : http://localhost:61484 : 1
11:14:08.689 [AsyncHttpClient-1-9] DEBUG org.asynchttpclient.netty.handler.HttpHandler - 

Request DefaultFullHttpRequest(decodeResult: success, version: HTTP/1.1, content: EmptyByteBufBE)
GET /session/affd2ee01e56b6af77b554e278dd7af9/screenshot HTTP/1.1
User-Agent: selenium/4.1.2 (java windows)
Cache-Control: no-cache
Content-Type: application/json; charset=utf-8
host: localhost:60005
accept: */*

Response DefaultHttpResponse(decodeResult: success, version: HTTP/1.1)
HTTP/1.1 200 OK
Content-Type: application/json; charset=utf-8
cache-control: no-cache
content-length: 395000

11:14:08.691 [AsyncHttpClient-1-9] DEBUG org.asynchttpclient.netty.channel.ChannelManager - Adding key: http://localhost:60005 for channel [id: 0xfd4471e3, L:/127.0.0.1:61482 - R:localhost/127.0.0.1:60005]
11:14:08.723 [main] DEBUG net.serenitybdd.core.photography.Darkroom - Send negative for processing for target\site\serenity\fae27c5654b7b9687edf1031ede37a2e2b80b89e17d32a252868be3b9e18e388.png
11:14:08.723 [main] DEBUG net.thucydides.core.steps.StepInterceptor - STEP DONE: cleanDataPasien
  &amp#27;[32mAnd &amp#27;[0m&amp#27;[32mClean all data pasien&amp#27;[0m                                              &amp#27;[90m# starter.stepdefinitios.PatientDataSteps.cleanAllDataPasien()&amp#27;[0m
11:14:09.284 [Forwarding screenshot on session affd2ee01e56b6af77b554e278dd7af9 to remote] DEBUG org.asynchttpclient.netty.request.NettyRequestSender - Using pooled Channel '[id: 0xfd4471e3, L:/127.0.0.1:61482 - R:localhost/127.0.0.1:60005]' for 'GET' to 'http://localhost:60005/session/affd2ee01e56b6af77b554e278dd7af9/screenshot'
11:14:09.284 [Forwarding screenshot on session affd2ee01e56b6af77b554e278dd7af9 to remote] DEBUG org.asynchttpclient.netty.request.NettyRequestSender - Using open Channel [id: 0xfd4471e3, L:/127.0.0.1:61482 - R:localhost/127.0.0.1:60005] for GET '/session/affd2ee01e56b6af77b554e278dd7af9/screenshot'
11:14:09.619 [AsyncHttpClient-1-1] DEBUG org.asynchttpclient.netty.channel.DefaultChannelPool - Entry count for : http://localhost:61484 : 1
11:14:09.684 [AsyncHttpClient-1-9] DEBUG org.asynchttpclient.netty.handler.HttpHandler - 

Request DefaultFullHttpRequest(decodeResult: success, version: HTTP/1.1, content: EmptyByteBufBE)
GET /session/affd2ee01e56b6af77b554e278dd7af9/screenshot HTTP/1.1
User-Agent: selenium/4.1.2 (java windows)
Cache-Control: no-cache
Content-Type: application/json; charset=utf-8
host: localhost:60005
accept: */*

Response DefaultHttpResponse(decodeResult: success, version: HTTP/1.1)
HTTP/1.1 200 OK
Content-Type: application/json; charset=utf-8
cache-control: no-cache
content-length: 395000

11:14:09.685 [AsyncHttpClient-1-9] DEBUG org.asynchttpclient.netty.channel.ChannelManager - Adding key: http://localhost:60005 for channel [id: 0xfd4471e3, L:/127.0.0.1:61482 - R:localhost/127.0.0.1:60005]
11:14:09.718 [main] DEBUG net.serenitybdd.core.photography.Darkroom - Send negative for processing for target\site\serenity\fae27c5654b7b9687edf1031ede37a2e2b80b89e17d32a252868be3b9e18e388.png
11:14:09.719 [main] DEBUG net.thucydides.core.steps.StepInterceptor - STARTING STEP: PatientDataSteps.iInput - inputDataPasien
11:14:09.724 [Forwarding findElement on session affd2ee01e56b6af77b554e278dd7af9 to remote] DEBUG org.asynchttpclient.netty.request.NettyRequestSender - Using pooled Channel '[id: 0xfd4471e3, L:/127.0.0.1:61482 - R:localhost/127.0.0.1:60005]' for 'POST' to 'http://localhost:60005/session/affd2ee01e56b6af77b554e278dd7af9/element'
11:14:09.724 [Forwarding findElement on session affd2ee01e56b6af77b554e278dd7af9 to remote] DEBUG org.asynchttpclient.netty.request.NettyRequestSender - Using open Channel [id: 0xfd4471e3, L:/127.0.0.1:61482 - R:localhost/127.0.0.1:60005] for POST '/session/affd2ee01e56b6af77b554e278dd7af9/element'
11:14:09.762 [AsyncHttpClient-1-9] DEBUG org.asynchttpclient.netty.handler.HttpHandler - 

Request DefaultHttpRequest(decodeResult: success, version: HTTP/1.1)
POST /session/affd2ee01e56b6af77b554e278dd7af9/element HTTP/1.1
User-Agent: selenium/4.1.2 (java windows)
Content-Length: 166
Content-Type: application/json; charset=utf-8
host: localhost:60005
accept: */*

Response DefaultHttpResponse(decodeResult: success, version: HTTP/1.1)
HTTP/1.1 200 OK
Content-Type: application/json; charset=utf-8
cache-control: no-cache
content-length: 88

11:14:09.762 [AsyncHttpClient-1-9] DEBUG org.asynchttpclient.netty.channel.ChannelManager - Adding key: http://localhost:60005 for channel [id: 0xfd4471e3, L:/127.0.0.1:61482 - R:localhost/127.0.0.1:60005]
11:14:09.764 [Forwarding sendKeysToElement on session affd2ee01e56b6af77b554e278dd7af9 to remote] DEBUG org.asynchttpclient.netty.request.NettyRequestSender - Using pooled Channel '[id: 0xfd4471e3, L:/127.0.0.1:61482 - R:localhost/127.0.0.1:60005]' for 'POST' to 'http://localhost:60005/session/affd2ee01e56b6af77b554e278dd7af9/element/19948657-68e7-48bb-a51a-8821be886350/value'
11:14:09.764 [Forwarding sendKeysToElement on session affd2ee01e56b6af77b554e278dd7af9 to remote] DEBUG org.asynchttpclient.netty.request.NettyRequestSender - Using open Channel [id: 0xfd4471e3, L:/127.0.0.1:61482 - R:localhost/127.0.0.1:60005] for POST '/session/affd2ee01e56b6af77b554e278dd7af9/element/19948657-68e7-48bb-a51a-8821be886350/value'
11:14:10.402 [AsyncHttpClient-1-9] DEBUG org.asynchttpclient.netty.handler.HttpHandler - 

Request DefaultHttpRequest(decodeResult: success, version: HTTP/1.1)
POST /session/affd2ee01e56b6af77b554e278dd7af9/element/19948657-68e7-48bb-a51a-8821be886350/value HTTP/1.1
User-Agent: selenium/4.1.2 (java windows)
Content-Length: 131
Content-Type: application/json; charset=utf-8
host: localhost:60005
accept: */*

Response DefaultHttpResponse(decodeResult: success, version: HTTP/1.1)
HTTP/1.1 200 OK
Content-Type: application/json; charset=utf-8
cache-control: no-cache
content-length: 14

11:14:10.402 [AsyncHttpClient-1-9] DEBUG org.asynchttpclient.netty.channel.ChannelManager - Adding key: http://localhost:60005 for channel [id: 0xfd4471e3, L:/127.0.0.1:61482 - R:localhost/127.0.0.1:60005]
11:14:10.406 [Forwarding findElement on session affd2ee01e56b6af77b554e278dd7af9 to remote] DEBUG org.asynchttpclient.netty.request.NettyRequestSender - Using pooled Channel '[id: 0xfd4471e3, L:/127.0.0.1:61482 - R:localhost/127.0.0.1:60005]' for 'POST' to 'http://localhost:60005/session/affd2ee01e56b6af77b554e278dd7af9/element'
11:14:10.406 [Forwarding findElement on session affd2ee01e56b6af77b554e278dd7af9 to remote] DEBUG org.asynchttpclient.netty.request.NettyRequestSender - Using open Channel [id: 0xfd4471e3, L:/127.0.0.1:61482 - R:localhost/127.0.0.1:60005] for POST '/session/affd2ee01e56b6af77b554e278dd7af9/element'
11:14:10.423 [AsyncHttpClient-1-9] DEBUG org.asynchttpclient.netty.handler.HttpHandler - 

Request DefaultHttpRequest(decodeResult: success, version: HTTP/1.1)
POST /session/affd2ee01e56b6af77b554e278dd7af9/element HTTP/1.1
User-Agent: selenium/4.1.2 (java windows)
Content-Length: 166
Content-Type: application/json; charset=utf-8
host: localhost:60005
accept: */*

Response DefaultHttpResponse(decodeResult: success, version: HTTP/1.1)
HTTP/1.1 200 OK
Content-Type: application/json; charset=utf-8
cache-control: no-cache
content-length: 88

11:14:10.423 [AsyncHttpClient-1-9] DEBUG org.asynchttpclient.netty.channel.ChannelManager - Adding key: http://localhost:60005 for channel [id: 0xfd4471e3, L:/127.0.0.1:61482 - R:localhost/127.0.0.1:60005]
11:14:10.426 [Forwarding sendKeysToElement on session affd2ee01e56b6af77b554e278dd7af9 to remote] DEBUG org.asynchttpclient.netty.request.NettyRequestSender - Using pooled Channel '[id: 0xfd4471e3, L:/127.0.0.1:61482 - R:localhost/127.0.0.1:60005]' for 'POST' to 'http://localhost:60005/session/affd2ee01e56b6af77b554e278dd7af9/element/14f028be-0ac9-4641-97ce-b1584b4d09fa/value'
11:14:10.426 [Forwarding sendKeysToElement on session affd2ee01e56b6af77b554e278dd7af9 to remote] DEBUG org.asynchttpclient.netty.request.NettyRequestSender - Using open Channel [id: 0xfd4471e3, L:/127.0.0.1:61482 - R:localhost/127.0.0.1:60005] for POST '/session/affd2ee01e56b6af77b554e278dd7af9/element/14f028be-0ac9-4641-97ce-b1584b4d09fa/value'
11:14:10.716 [AsyncHttpClient-1-1] DEBUG org.asynchttpclient.netty.channel.DefaultChannelPool - Entry count for : http://localhost:61484 : 1
11:14:10.914 [AsyncHttpClient-1-9] DEBUG org.asynchttpclient.netty.handler.HttpHandler - 

Request DefaultHttpRequest(decodeResult: success, version: HTTP/1.1)
POST /session/affd2ee01e56b6af77b554e278dd7af9/element/14f028be-0ac9-4641-97ce-b1584b4d09fa/value HTTP/1.1
User-Agent: selenium/4.1.2 (java windows)
Content-Length: 181
Content-Type: application/json; charset=utf-8
host: localhost:60005
accept: */*

Response DefaultHttpResponse(decodeResult: success, version: HTTP/1.1)
HTTP/1.1 200 OK
Content-Type: application/json; charset=utf-8
cache-control: no-cache
content-length: 14

11:14:10.915 [AsyncHttpClient-1-9] DEBUG org.asynchttpclient.netty.channel.ChannelManager - Adding key: http://localhost:60005 for channel [id: 0xfd4471e3, L:/127.0.0.1:61482 - R:localhost/127.0.0.1:60005]
11:14:10.922 [Forwarding findElement on session affd2ee01e56b6af77b554e278dd7af9 to remote] DEBUG org.asynchttpclient.netty.request.NettyRequestSender - Using pooled Channel '[id: 0xfd4471e3, L:/127.0.0.1:61482 - R:localhost/127.0.0.1:60005]' for 'POST' to 'http://localhost:60005/session/affd2ee01e56b6af77b554e278dd7af9/element'
11:14:10.922 [Forwarding findElement on session affd2ee01e56b6af77b554e278dd7af9 to remote] DEBUG org.asynchttpclient.netty.request.NettyRequestSender - Using open Channel [id: 0xfd4471e3, L:/127.0.0.1:61482 - R:localhost/127.0.0.1:60005] for POST '/session/affd2ee01e56b6af77b554e278dd7af9/element'
11:14:10.940 [AsyncHttpClient-1-9] DEBUG org.asynchttpclient.netty.handler.HttpHandler - 

Request DefaultHttpRequest(decodeResult: success, version: HTTP/1.1)
POST /session/affd2ee01e56b6af77b554e278dd7af9/element HTTP/1.1
User-Agent: selenium/4.1.2 (java windows)
Content-Length: 166
Content-Type: application/json; charset=utf-8
host: localhost:60005
accept: */*

Response DefaultHttpResponse(decodeResult: success, version: HTTP/1.1)
HTTP/1.1 200 OK
Content-Type: application/json; charset=utf-8
cache-control: no-cache
content-length: 88

11:14:10.940 [AsyncHttpClient-1-9] DEBUG org.asynchttpclient.netty.channel.ChannelManager - Adding key: http://localhost:60005 for channel [id: 0xfd4471e3, L:/127.0.0.1:61482 - R:localhost/127.0.0.1:60005]
11:14:10.942 [Forwarding sendKeysToElement on session affd2ee01e56b6af77b554e278dd7af9 to remote] DEBUG org.asynchttpclient.netty.request.NettyRequestSender - Using pooled Channel '[id: 0xfd4471e3, L:/127.0.0.1:61482 - R:localhost/127.0.0.1:60005]' for 'POST' to 'http://localhost:60005/session/affd2ee01e56b6af77b554e278dd7af9/element/2f0e719a-c574-4990-8053-3b0e8e7a01cc/value'
11:14:10.942 [Forwarding sendKeysToElement on session affd2ee01e56b6af77b554e278dd7af9 to remote] DEBUG org.asynchttpclient.netty.request.NettyRequestSender - Using open Channel [id: 0xfd4471e3, L:/127.0.0.1:61482 - R:localhost/127.0.0.1:60005] for POST '/session/affd2ee01e56b6af77b554e278dd7af9/element/2f0e719a-c574-4990-8053-3b0e8e7a01cc/value'
11:14:11.048 [AsyncHttpClient-1-9] DEBUG org.asynchttpclient.netty.handler.HttpHandler - 

Request DefaultHttpRequest(decodeResult: success, version: HTTP/1.1)
POST /session/affd2ee01e56b6af77b554e278dd7af9/element/2f0e719a-c574-4990-8053-3b0e8e7a01cc/value HTTP/1.1
User-Agent: selenium/4.1.2 (java windows)
Content-Length: 82
Content-Type: application/json; charset=utf-8
host: localhost:60005
accept: */*

Response DefaultHttpResponse(decodeResult: success, version: HTTP/1.1)
HTTP/1.1 200 OK
Content-Type: application/json; charset=utf-8
cache-control: no-cache
content-length: 14

11:14:11.049 [AsyncHttpClient-1-9] DEBUG org.asynchttpclient.netty.channel.ChannelManager - Adding key: http://localhost:60005 for channel [id: 0xfd4471e3, L:/127.0.0.1:61482 - R:localhost/127.0.0.1:60005]
11:14:11.055 [Forwarding findElement on session affd2ee01e56b6af77b554e278dd7af9 to remote] DEBUG org.asynchttpclient.netty.request.NettyRequestSender - Using pooled Channel '[id: 0xfd4471e3, L:/127.0.0.1:61482 - R:localhost/127.0.0.1:60005]' for 'POST' to 'http://localhost:60005/session/affd2ee01e56b6af77b554e278dd7af9/element'
11:14:11.058 [Forwarding findElement on session affd2ee01e56b6af77b554e278dd7af9 to remote] DEBUG org.asynchttpclient.netty.request.NettyRequestSender - Using open Channel [id: 0xfd4471e3, L:/127.0.0.1:61482 - R:localhost/127.0.0.1:60005] for POST '/session/affd2ee01e56b6af77b554e278dd7af9/element'
11:14:11.206 [AsyncHttpClient-1-9] DEBUG org.asynchttpclient.netty.handler.HttpHandler - 

Request DefaultHttpRequest(decodeResult: success, version: HTTP/1.1)
POST /session/affd2ee01e56b6af77b554e278dd7af9/element HTTP/1.1
User-Agent: selenium/4.1.2 (java windows)
Content-Length: 166
Content-Type: application/json; charset=utf-8
host: localhost:60005
accept: */*

Response DefaultHttpResponse(decodeResult: success, version: HTTP/1.1)
HTTP/1.1 200 OK
Content-Type: application/json; charset=utf-8
cache-control: no-cache
content-length: 88

11:14:11.207 [AsyncHttpClient-1-9] DEBUG org.asynchttpclient.netty.channel.ChannelManager - Adding key: http://localhost:60005 for channel [id: 0xfd4471e3, L:/127.0.0.1:61482 - R:localhost/127.0.0.1:60005]
11:14:11.210 [Forwarding sendKeysToElement on session affd2ee01e56b6af77b554e278dd7af9 to remote] DEBUG org.asynchttpclient.netty.request.NettyRequestSender - Using pooled Channel '[id: 0xfd4471e3, L:/127.0.0.1:61482 - R:localhost/127.0.0.1:60005]' for 'POST' to 'http://localhost:60005/session/affd2ee01e56b6af77b554e278dd7af9/element/1e180958-c586-4498-b61c-f625652b1608/value'
11:14:11.210 [Forwarding sendKeysToElement on session affd2ee01e56b6af77b554e278dd7af9 to remote] DEBUG org.asynchttpclient.netty.request.NettyRequestSender - Using open Channel [id: 0xfd4471e3, L:/127.0.0.1:61482 - R:localhost/127.0.0.1:60005] for POST '/session/affd2ee01e56b6af77b554e278dd7af9/element/1e180958-c586-4498-b61c-f625652b1608/value'
11:14:11.827 [AsyncHttpClient-1-1] DEBUG org.asynchttpclient.netty.channel.DefaultChannelPool - Entry count for : http://localhost:61484 : 1
11:14:11.831 [AsyncHttpClient-1-9] DEBUG org.asynchttpclient.netty.handler.HttpHandler - 

Request DefaultHttpRequest(decodeResult: success, version: HTTP/1.1)
POST /session/affd2ee01e56b6af77b554e278dd7af9/element/1e180958-c586-4498-b61c-f625652b1608/value HTTP/1.1
User-Agent: selenium/4.1.2 (java windows)
Content-Length: 191
Content-Type: application/json; charset=utf-8
host: localhost:60005
accept: */*

Response DefaultHttpResponse(decodeResult: success, version: HTTP/1.1)
HTTP/1.1 200 OK
Content-Type: application/json; charset=utf-8
cache-control: no-cache
content-length: 14

11:14:11.832 [AsyncHttpClient-1-9] DEBUG org.asynchttpclient.netty.channel.ChannelManager - Adding key: http://localhost:60005 for channel [id: 0xfd4471e3, L:/127.0.0.1:61482 - R:localhost/127.0.0.1:60005]
11:14:11.839 [Forwarding findElement on session affd2ee01e56b6af77b554e278dd7af9 to remote] DEBUG org.asynchttpclient.netty.request.NettyRequestSender - Using pooled Channel '[id: 0xfd4471e3, L:/127.0.0.1:61482 - R:localhost/127.0.0.1:60005]' for 'POST' to 'http://localhost:60005/session/affd2ee01e56b6af77b554e278dd7af9/element'
11:14:11.839 [Forwarding findElement on session affd2ee01e56b6af77b554e278dd7af9 to remote] DEBUG org.asynchttpclient.netty.request.NettyRequestSender - Using open Channel [id: 0xfd4471e3, L:/127.0.0.1:61482 - R:localhost/127.0.0.1:60005] for POST '/session/affd2ee01e56b6af77b554e278dd7af9/element'
11:14:11.854 [AsyncHttpClient-1-9] DEBUG org.asynchttpclient.netty.handler.HttpHandler - 

Request DefaultHttpRequest(decodeResult: success, version: HTTP/1.1)
POST /session/affd2ee01e56b6af77b554e278dd7af9/element HTTP/1.1
User-Agent: selenium/4.1.2 (java windows)
Content-Length: 173
Content-Type: application/json; charset=utf-8
host: localhost:60005
accept: */*

Response DefaultHttpResponse(decodeResult: success, version: HTTP/1.1)
HTTP/1.1 200 OK
Content-Type: application/json; charset=utf-8
cache-control: no-cache
content-length: 88

11:14:11.854 [AsyncHttpClient-1-9] DEBUG org.asynchttpclient.netty.channel.ChannelManager - Adding key: http://localhost:60005 for channel [id: 0xfd4471e3, L:/127.0.0.1:61482 - R:localhost/127.0.0.1:60005]
11:14:11.857 [Forwarding sendKeysToElement on session affd2ee01e56b6af77b554e278dd7af9 to remote] DEBUG org.asynchttpclient.netty.request.NettyRequestSender - Using pooled Channel '[id: 0xfd4471e3, L:/127.0.0.1:61482 - R:localhost/127.0.0.1:60005]' for 'POST' to 'http://localhost:60005/session/affd2ee01e56b6af77b554e278dd7af9/element/cdbb2249-09ff-4df6-9e21-7a6b7b12c7de/value'
11:14:11.857 [Forwarding sendKeysToElement on session affd2ee01e56b6af77b554e278dd7af9 to remote] DEBUG org.asynchttpclient.netty.request.NettyRequestSender - Using open Channel [id: 0xfd4471e3, L:/127.0.0.1:61482 - R:localhost/127.0.0.1:60005] for POST '/session/affd2ee01e56b6af77b554e278dd7af9/element/cdbb2249-09ff-4df6-9e21-7a6b7b12c7de/value'
11:14:12.264 [AsyncHttpClient-1-9] DEBUG org.asynchttpclient.netty.handler.HttpHandler - 

Request DefaultHttpRequest(decodeResult: success, version: HTTP/1.1)
POST /session/affd2ee01e56b6af77b554e278dd7af9/element/cdbb2249-09ff-4df6-9e21-7a6b7b12c7de/value HTTP/1.1
User-Agent: selenium/4.1.2 (java windows)
Content-Length: 171
Content-Type: application/json; charset=utf-8
host: localhost:60005
accept: */*

Response DefaultHttpResponse(decodeResult: success, version: HTTP/1.1)
HTTP/1.1 200 OK
Content-Type: application/json; charset=utf-8
cache-control: no-cache
content-length: 14

11:14:12.264 [AsyncHttpClient-1-9] DEBUG org.asynchttpclient.netty.channel.ChannelManager - Adding key: http://localhost:60005 for channel [id: 0xfd4471e3, L:/127.0.0.1:61482 - R:localhost/127.0.0.1:60005]
11:14:12.280 [Forwarding screenshot on session affd2ee01e56b6af77b554e278dd7af9 to remote] DEBUG org.asynchttpclient.netty.request.NettyRequestSender - Using pooled Channel '[id: 0xfd4471e3, L:/127.0.0.1:61482 - R:localhost/127.0.0.1:60005]' for 'GET' to 'http://localhost:60005/session/affd2ee01e56b6af77b554e278dd7af9/screenshot'
11:14:12.280 [Forwarding screenshot on session affd2ee01e56b6af77b554e278dd7af9 to remote] DEBUG org.asynchttpclient.netty.request.NettyRequestSender - Using open Channel [id: 0xfd4471e3, L:/127.0.0.1:61482 - R:localhost/127.0.0.1:60005] for GET '/session/affd2ee01e56b6af77b554e278dd7af9/screenshot'
11:14:12.659 [AsyncHttpClient-1-9] DEBUG org.asynchttpclient.netty.handler.HttpHandler - 

Request DefaultFullHttpRequest(decodeResult: success, version: HTTP/1.1, content: EmptyByteBufBE)
GET /session/affd2ee01e56b6af77b554e278dd7af9/screenshot HTTP/1.1
User-Agent: selenium/4.1.2 (java windows)
Cache-Control: no-cache
Content-Type: application/json; charset=utf-8
host: localhost:60005
accept: */*

Response DefaultHttpResponse(decodeResult: success, version: HTTP/1.1)
HTTP/1.1 200 OK
Content-Type: application/json; charset=utf-8
cache-control: no-cache
content-length: 414732

11:14:12.661 [AsyncHttpClient-1-9] DEBUG org.asynchttpclient.netty.channel.ChannelManager - Adding key: http://localhost:60005 for channel [id: 0xfd4471e3, L:/127.0.0.1:61482 - R:localhost/127.0.0.1:60005]
11:14:12.689 [main] DEBUG net.serenitybdd.core.photography.Darkroom - Send negative for processing for target\site\serenity\2b8fc282be9ce43107a7ee3d485ae8f06dfdbbe4fb9d2bc89b049e53df8eee74.png
11:14:12.690 [main] DEBUG net.thucydides.core.steps.StepInterceptor - STEP DONE: inputDataPasien
  &amp#27;[32mThen &amp#27;[0m&amp#27;[32mI input &amp#27;[0m&amp#27;[32m&amp#27;[1m"Bagas"&amp#27;[0m&amp#27;[32m &amp#27;[0m&amp#27;[32m&amp#27;[1m"1234479680"&amp#27;[0m&amp#27;[32m &amp#27;[0m&amp#27;[32m&amp#27;[1m""&amp#27;[0m&amp#27;[32m &amp#27;[0m&amp#27;[32m&amp#27;[1m"01294657612"&amp#27;[0m&amp#27;[32m &amp#27;[0m&amp#27;[32m&amp#27;[1m"perumahan"&amp#27;[0m&amp#27;[32m patient&amp#27;[0m &amp#27;[90m# starter.stepdefinitios.PatientDataSteps.iInput(java.lang.String,java.lang.String,java.lang.String,java.lang.String,java.lang.String)&amp#27;[0m
11:14:12.690 [Darkroom Processing Line] DEBUG net.serenitybdd.core.photography.DarkroomProcessingLine - Processing screenshot image in /var/screenshots/screenshot-9269443458324588984
11:14:12.691 [Darkroom Processing Line] DEBUG net.serenitybdd.core.photography.DarkroomProcessingLine - Saving screenshot to target\site\serenity\2b8fc282be9ce43107a7ee3d485ae8f06dfdbbe4fb9d2bc89b049e53df8eee74.png
11:14:12.744 [Forwarding screenshot on session affd2ee01e56b6af77b554e278dd7af9 to remote] DEBUG org.asynchttpclient.netty.request.NettyRequestSender - Using pooled Channel '[id: 0xfd4471e3, L:/127.0.0.1:61482 - R:localhost/127.0.0.1:60005]' for 'GET' to 'http://localhost:60005/session/affd2ee01e56b6af77b554e278dd7af9/screenshot'
11:14:12.744 [Forwarding screenshot on session affd2ee01e56b6af77b554e278dd7af9 to remote] DEBUG org.asynchttpclient.netty.request.NettyRequestSender - Using open Channel [id: 0xfd4471e3, L:/127.0.0.1:61482 - R:localhost/127.0.0.1:60005] for GET '/session/affd2ee01e56b6af77b554e278dd7af9/screenshot'
11:14:12.915 [AsyncHttpClient-1-1] DEBUG org.asynchttpclient.netty.channel.DefaultChannelPool - Entry count for : http://localhost:61484 : 1
11:14:13.183 [AsyncHttpClient-1-9] DEBUG org.asynchttpclient.netty.handler.HttpHandler - 

Request DefaultFullHttpRequest(decodeResult: success, version: HTTP/1.1, content: EmptyByteBufBE)
GET /session/affd2ee01e56b6af77b554e278dd7af9/screenshot HTTP/1.1
User-Agent: selenium/4.1.2 (java windows)
Cache-Control: no-cache
Content-Type: application/json; charset=utf-8
host: localhost:60005
accept: */*

Response DefaultHttpResponse(decodeResult: success, version: HTTP/1.1)
HTTP/1.1 200 OK
Content-Type: application/json; charset=utf-8
cache-control: no-cache
content-length: 414712

11:14:13.185 [AsyncHttpClient-1-9] DEBUG org.asynchttpclient.netty.channel.ChannelManager - Adding key: http://localhost:60005 for channel [id: 0xfd4471e3, L:/127.0.0.1:61482 - R:localhost/127.0.0.1:60005]
11:14:13.221 [main] DEBUG net.serenitybdd.core.photography.Darkroom - Send negative for processing for target\site\serenity\84aaa3dc1640fc578a3116d062a5f0523286090bcc2145f02857ce220be8553d.png
11:14:13.222 [main] DEBUG net.thucydides.core.steps.StepInterceptor - STARTING STEP: PatientDataSteps.iClickButtonJenisKelamin - clickLaki
11:14:13.226 [Darkroom Processing Line] DEBUG net.serenitybdd.core.photography.DarkroomProcessingLine - Processing screenshot image in /var/screenshots/screenshot-11502014204642529702
11:14:13.226 [Darkroom Processing Line] DEBUG net.serenitybdd.core.photography.DarkroomProcessingLine - Saving screenshot to target\site\serenity\84aaa3dc1640fc578a3116d062a5f0523286090bcc2145f02857ce220be8553d.png
11:14:13.241 [Forwarding findElement on session affd2ee01e56b6af77b554e278dd7af9 to remote] DEBUG org.asynchttpclient.netty.request.NettyRequestSender - Using pooled Channel '[id: 0xfd4471e3, L:/127.0.0.1:61482 - R:localhost/127.0.0.1:60005]' for 'POST' to 'http://localhost:60005/session/affd2ee01e56b6af77b554e278dd7af9/element'
11:14:13.241 [Forwarding findElement on session affd2ee01e56b6af77b554e278dd7af9 to remote] DEBUG org.asynchttpclient.netty.request.NettyRequestSender - Using open Channel [id: 0xfd4471e3, L:/127.0.0.1:61482 - R:localhost/127.0.0.1:60005] for POST '/session/affd2ee01e56b6af77b554e278dd7af9/element'
11:14:13.395 [AsyncHttpClient-1-9] DEBUG org.asynchttpclient.netty.handler.HttpHandler - 

Request DefaultHttpRequest(decodeResult: success, version: HTTP/1.1)
POST /session/affd2ee01e56b6af77b554e278dd7af9/element HTTP/1.1
User-Agent: selenium/4.1.2 (java windows)
Content-Length: 179
Content-Type: application/json; charset=utf-8
host: localhost:60005
accept: */*

Response DefaultHttpResponse(decodeResult: success, version: HTTP/1.1)
HTTP/1.1 200 OK
Content-Type: application/json; charset=utf-8
cache-control: no-cache
content-length: 88

11:14:13.395 [AsyncHttpClient-1-9] DEBUG org.asynchttpclient.netty.channel.ChannelManager - Adding key: http://localhost:60005 for channel [id: 0xfd4471e3, L:/127.0.0.1:61482 - R:localhost/127.0.0.1:60005]
11:14:13.401 [Forwarding getElementTagName on session affd2ee01e56b6af77b554e278dd7af9 to remote] DEBUG org.asynchttpclient.netty.request.NettyRequestSender - Using pooled Channel '[id: 0xfd4471e3, L:/127.0.0.1:61482 - R:localhost/127.0.0.1:60005]' for 'GET' to 'http://localhost:60005/session/affd2ee01e56b6af77b554e278dd7af9/element/88303801-714c-4450-b84c-2d04b351f1bc/name'
11:14:13.401 [Forwarding getElementTagName on session affd2ee01e56b6af77b554e278dd7af9 to remote] DEBUG org.asynchttpclient.netty.request.NettyRequestSender - Using open Channel [id: 0xfd4471e3, L:/127.0.0.1:61482 - R:localhost/127.0.0.1:60005] for GET '/session/affd2ee01e56b6af77b554e278dd7af9/element/88303801-714c-4450-b84c-2d04b351f1bc/name'
11:14:13.439 [AsyncHttpClient-1-9] DEBUG org.asynchttpclient.netty.handler.HttpHandler - 

Request DefaultFullHttpRequest(decodeResult: success, version: HTTP/1.1, content: EmptyByteBufBE)
GET /session/affd2ee01e56b6af77b554e278dd7af9/element/88303801-714c-4450-b84c-2d04b351f1bc/name HTTP/1.1
User-Agent: selenium/4.1.2 (java windows)
Cache-Control: no-cache
Content-Type: application/json; charset=utf-8
host: localhost:60005
accept: */*

Response DefaultHttpResponse(decodeResult: success, version: HTTP/1.1)
HTTP/1.1 200 OK
Content-Type: application/json; charset=utf-8
cache-control: no-cache
content-length: 16

11:14:13.439 [AsyncHttpClient-1-9] DEBUG org.asynchttpclient.netty.channel.ChannelManager - Adding key: http://localhost:60005 for channel [id: 0xfd4471e3, L:/127.0.0.1:61482 - R:localhost/127.0.0.1:60005]
11:14:13.441 [Forwarding getElementTagName on session affd2ee01e56b6af77b554e278dd7af9 to remote] DEBUG org.asynchttpclient.netty.request.NettyRequestSender - Using pooled Channel '[id: 0xfd4471e3, L:/127.0.0.1:61482 - R:localhost/127.0.0.1:60005]' for 'GET' to 'http://localhost:60005/session/affd2ee01e56b6af77b554e278dd7af9/element/88303801-714c-4450-b84c-2d04b351f1bc/name'
11:14:13.441 [Forwarding getElementTagName on session affd2ee01e56b6af77b554e278dd7af9 to remote] DEBUG org.asynchttpclient.netty.request.NettyRequestSender - Using open Channel [id: 0xfd4471e3, L:/127.0.0.1:61482 - R:localhost/127.0.0.1:60005] for GET '/session/affd2ee01e56b6af77b554e278dd7af9/element/88303801-714c-4450-b84c-2d04b351f1bc/name'
11:14:13.466 [AsyncHttpClient-1-9] DEBUG org.asynchttpclient.netty.handler.HttpHandler - 

Request DefaultFullHttpRequest(decodeResult: success, version: HTTP/1.1, content: EmptyByteBufBE)
GET /session/affd2ee01e56b6af77b554e278dd7af9/element/88303801-714c-4450-b84c-2d04b351f1bc/name HTTP/1.1
User-Agent: selenium/4.1.2 (java windows)
Cache-Control: no-cache
Content-Type: application/json; charset=utf-8
host: localhost:60005
accept: */*

Response DefaultHttpResponse(decodeResult: success, version: HTTP/1.1)
HTTP/1.1 200 OK
Content-Type: application/json; charset=utf-8
cache-control: no-cache
content-length: 16

11:14:13.467 [AsyncHttpClient-1-9] DEBUG org.asynchttpclient.netty.channel.ChannelManager - Adding key: http://localhost:60005 for channel [id: 0xfd4471e3, L:/127.0.0.1:61482 - R:localhost/127.0.0.1:60005]
11:14:13.472 [Forwarding findElement on session affd2ee01e56b6af77b554e278dd7af9 to remote] DEBUG org.asynchttpclient.netty.request.NettyRequestSender - Using pooled Channel '[id: 0xfd4471e3, L:/127.0.0.1:61482 - R:localhost/127.0.0.1:60005]' for 'POST' to 'http://localhost:60005/session/affd2ee01e56b6af77b554e278dd7af9/element'
11:14:13.473 [Forwarding findElement on session affd2ee01e56b6af77b554e278dd7af9 to remote] DEBUG org.asynchttpclient.netty.request.NettyRequestSender - Using open Channel [id: 0xfd4471e3, L:/127.0.0.1:61482 - R:localhost/127.0.0.1:60005] for POST '/session/affd2ee01e56b6af77b554e278dd7af9/element'
11:14:13.499 [AsyncHttpClient-1-9] DEBUG org.asynchttpclient.netty.handler.HttpHandler - 

Request DefaultHttpRequest(decodeResult: success, version: HTTP/1.1)
POST /session/affd2ee01e56b6af77b554e278dd7af9/element HTTP/1.1
User-Agent: selenium/4.1.2 (java windows)
Content-Length: 179
Content-Type: application/json; charset=utf-8
host: localhost:60005
accept: */*

Response DefaultHttpResponse(decodeResult: success, version: HTTP/1.1)
HTTP/1.1 200 OK
Content-Type: application/json; charset=utf-8
cache-control: no-cache
content-length: 88

11:14:13.499 [AsyncHttpClient-1-9] DEBUG org.asynchttpclient.netty.channel.ChannelManager - Adding key: http://localhost:60005 for channel [id: 0xfd4471e3, L:/127.0.0.1:61482 - R:localhost/127.0.0.1:60005]
11:14:13.502 [Forwarding clickElement on session affd2ee01e56b6af77b554e278dd7af9 to remote] DEBUG org.asynchttpclient.netty.request.NettyRequestSender - Using pooled Channel '[id: 0xfd4471e3, L:/127.0.0.1:61482 - R:localhost/127.0.0.1:60005]' for 'POST' to 'http://localhost:60005/session/affd2ee01e56b6af77b554e278dd7af9/element/88303801-714c-4450-b84c-2d04b351f1bc/click'
11:14:13.502 [Forwarding clickElement on session affd2ee01e56b6af77b554e278dd7af9 to remote] DEBUG org.asynchttpclient.netty.request.NettyRequestSender - Using open Channel [id: 0xfd4471e3, L:/127.0.0.1:61482 - R:localhost/127.0.0.1:60005] for POST '/session/affd2ee01e56b6af77b554e278dd7af9/element/88303801-714c-4450-b84c-2d04b351f1bc/click'
11:14:13.729 [AsyncHttpClient-1-9] DEBUG org.asynchttpclient.netty.handler.HttpHandler - 

Request DefaultHttpRequest(decodeResult: success, version: HTTP/1.1)
POST /session/affd2ee01e56b6af77b554e278dd7af9/element/88303801-714c-4450-b84c-2d04b351f1bc/click HTTP/1.1
User-Agent: selenium/4.1.2 (java windows)
Content-Length: 50
Content-Type: application/json; charset=utf-8
host: localhost:60005
accept: */*

Response DefaultHttpResponse(decodeResult: success, version: HTTP/1.1)
HTTP/1.1 200 OK
Content-Type: application/json; charset=utf-8
cache-control: no-cache
content-length: 14

11:14:13.729 [AsyncHttpClient-1-9] DEBUG org.asynchttpclient.netty.channel.ChannelManager - Adding key: http://localhost:60005 for channel [id: 0xfd4471e3, L:/127.0.0.1:61482 - R:localhost/127.0.0.1:60005]
11:14:13.746 [Forwarding screenshot on session affd2ee01e56b6af77b554e278dd7af9 to remote] DEBUG org.asynchttpclient.netty.request.NettyRequestSender - Using pooled Channel '[id: 0xfd4471e3, L:/127.0.0.1:61482 - R:localhost/127.0.0.1:60005]' for 'GET' to 'http://localhost:60005/session/affd2ee01e56b6af77b554e278dd7af9/screenshot'
11:14:13.746 [Forwarding screenshot on session affd2ee01e56b6af77b554e278dd7af9 to remote] DEBUG org.asynchttpclient.netty.request.NettyRequestSender - Using open Channel [id: 0xfd4471e3, L:/127.0.0.1:61482 - R:localhost/127.0.0.1:60005] for GET '/session/affd2ee01e56b6af77b554e278dd7af9/screenshot'
11:14:14.025 [AsyncHttpClient-1-1] DEBUG org.asynchttpclient.netty.channel.DefaultChannelPool - Entry count for : http://localhost:61484 : 1
11:14:14.324 [AsyncHttpClient-1-9] DEBUG org.asynchttpclient.netty.handler.HttpHandler - 

Request DefaultFullHttpRequest(decodeResult: success, version: HTTP/1.1, content: EmptyByteBufBE)
GET /session/affd2ee01e56b6af77b554e278dd7af9/screenshot HTTP/1.1
User-Agent: selenium/4.1.2 (java windows)
Cache-Control: no-cache
Content-Type: application/json; charset=utf-8
host: localhost:60005
accept: */*

Response DefaultHttpResponse(decodeResult: success, version: HTTP/1.1)
HTTP/1.1 200 OK
Content-Type: application/json; charset=utf-8
cache-control: no-cache
content-length: 415464

11:14:14.328 [AsyncHttpClient-1-9] DEBUG org.asynchttpclient.netty.channel.ChannelManager - Adding key: http://localhost:60005 for channel [id: 0xfd4471e3, L:/127.0.0.1:61482 - R:localhost/127.0.0.1:60005]
11:14:14.364 [main] DEBUG net.serenitybdd.core.photography.Darkroom - Send negative for processing for target\site\serenity\9afe960682a136fc1387af4bdd3cb5fd02ac112041f41557a600b68b0cfe0bab.png
11:14:14.365 [main] DEBUG net.thucydides.core.steps.StepInterceptor - STEP DONE: clickLaki
  &amp#27;[32mAnd &amp#27;[0m&amp#27;[32mI click button jenis kelamin patient&amp#27;[0m                               &amp#27;[90m# starter.stepdefinitios.PatientDataSteps.iClickButtonJenisKelamin()&amp#27;[0m
11:14:14.366 [Darkroom Processing Line] DEBUG net.serenitybdd.core.photography.DarkroomProcessingLine - Processing screenshot image in /var/screenshots/screenshot-3747811227125287742
11:14:14.366 [Darkroom Processing Line] DEBUG net.serenitybdd.core.photography.DarkroomProcessingLine - Saving screenshot to target\site\serenity\9afe960682a136fc1387af4bdd3cb5fd02ac112041f41557a600b68b0cfe0bab.png
11:14:14.435 [Forwarding screenshot on session affd2ee01e56b6af77b554e278dd7af9 to remote] DEBUG org.asynchttpclient.netty.request.NettyRequestSender - Using pooled Channel '[id: 0xfd4471e3, L:/127.0.0.1:61482 - R:localhost/127.0.0.1:60005]' for 'GET' to 'http://localhost:60005/session/affd2ee01e56b6af77b554e278dd7af9/screenshot'
11:14:14.436 [Forwarding screenshot on session affd2ee01e56b6af77b554e278dd7af9 to remote] DEBUG org.asynchttpclient.netty.request.NettyRequestSender - Using open Channel [id: 0xfd4471e3, L:/127.0.0.1:61482 - R:localhost/127.0.0.1:60005] for GET '/session/affd2ee01e56b6af77b554e278dd7af9/screenshot'
11:14:14.845 [AsyncHttpClient-1-9] DEBUG org.asynchttpclient.netty.handler.HttpHandler - 

Request DefaultFullHttpRequest(decodeResult: success, version: HTTP/1.1, content: EmptyByteBufBE)
GET /session/affd2ee01e56b6af77b554e278dd7af9/screenshot HTTP/1.1
User-Agent: selenium/4.1.2 (java windows)
Cache-Control: no-cache
Content-Type: application/json; charset=utf-8
host: localhost:60005
accept: */*

Response DefaultHttpResponse(decodeResult: success, version: HTTP/1.1)
HTTP/1.1 200 OK
Content-Type: application/json; charset=utf-8
cache-control: no-cache
content-length: 415092

11:14:14.847 [AsyncHttpClient-1-9] DEBUG org.asynchttpclient.netty.channel.ChannelManager - Adding key: http://localhost:60005 for channel [id: 0xfd4471e3, L:/127.0.0.1:61482 - R:localhost/127.0.0.1:60005]
11:14:14.877 [main] DEBUG net.serenitybdd.core.photography.Darkroom - Send negative for processing for target\site\serenity\cd8ae3cbf4cae20ed44abdedaf9d227ee4ec5688bf7ecbb8709687e869423c35.png
11:14:14.877 [main] DEBUG net.thucydides.core.steps.StepInterceptor - STARTING STEP: PatientDataSteps.clickButtonSimpan - clickButtonSave
11:14:14.879 [Darkroom Processing Line] DEBUG net.serenitybdd.core.photography.DarkroomProcessingLine - Processing screenshot image in /var/screenshots/screenshot-9305382419849043626
11:14:14.879 [Darkroom Processing Line] DEBUG net.serenitybdd.core.photography.DarkroomProcessingLine - Saving screenshot to target\site\serenity\cd8ae3cbf4cae20ed44abdedaf9d227ee4ec5688bf7ecbb8709687e869423c35.png
11:14:14.886 [Forwarding findElement on session affd2ee01e56b6af77b554e278dd7af9 to remote] DEBUG org.asynchttpclient.netty.request.NettyRequestSender - Using pooled Channel '[id: 0xfd4471e3, L:/127.0.0.1:61482 - R:localhost/127.0.0.1:60005]' for 'POST' to 'http://localhost:60005/session/affd2ee01e56b6af77b554e278dd7af9/element'
11:14:14.886 [Forwarding findElement on session affd2ee01e56b6af77b554e278dd7af9 to remote] DEBUG org.asynchttpclient.netty.request.NettyRequestSender - Using open Channel [id: 0xfd4471e3, L:/127.0.0.1:61482 - R:localhost/127.0.0.1:60005] for POST '/session/affd2ee01e56b6af77b554e278dd7af9/element'
11:14:14.922 [AsyncHttpClient-1-9] DEBUG org.asynchttpclient.netty.handler.HttpHandler - 

Request DefaultHttpRequest(decodeResult: success, version: HTTP/1.1)
POST /session/affd2ee01e56b6af77b554e278dd7af9/element HTTP/1.1
User-Agent: selenium/4.1.2 (java windows)
Content-Length: 149
Content-Type: application/json; charset=utf-8
host: localhost:60005
accept: */*

Response DefaultHttpResponse(decodeResult: success, version: HTTP/1.1)
HTTP/1.1 200 OK
Content-Type: application/json; charset=utf-8
cache-control: no-cache
content-length: 88

11:14:14.922 [AsyncHttpClient-1-9] DEBUG org.asynchttpclient.netty.channel.ChannelManager - Adding key: http://localhost:60005 for channel [id: 0xfd4471e3, L:/127.0.0.1:61482 - R:localhost/127.0.0.1:60005]
11:14:14.927 [Forwarding getElementTagName on session affd2ee01e56b6af77b554e278dd7af9 to remote] DEBUG org.asynchttpclient.netty.request.NettyRequestSender - Using pooled Channel '[id: 0xfd4471e3, L:/127.0.0.1:61482 - R:localhost/127.0.0.1:60005]' for 'GET' to 'http://localhost:60005/session/affd2ee01e56b6af77b554e278dd7af9/element/ba5d89f8-428a-4621-bc6e-243e993971ce/name'
11:14:14.928 [Forwarding getElementTagName on session affd2ee01e56b6af77b554e278dd7af9 to remote] DEBUG org.asynchttpclient.netty.request.NettyRequestSender - Using open Channel [id: 0xfd4471e3, L:/127.0.0.1:61482 - R:localhost/127.0.0.1:60005] for GET '/session/affd2ee01e56b6af77b554e278dd7af9/element/ba5d89f8-428a-4621-bc6e-243e993971ce/name'
11:14:14.937 [AsyncHttpClient-1-9] DEBUG org.asynchttpclient.netty.handler.HttpHandler - 

Request DefaultFullHttpRequest(decodeResult: success, version: HTTP/1.1, content: EmptyByteBufBE)
GET /session/affd2ee01e56b6af77b554e278dd7af9/element/ba5d89f8-428a-4621-bc6e-243e993971ce/name HTTP/1.1
User-Agent: selenium/4.1.2 (java windows)
Cache-Control: no-cache
Content-Type: application/json; charset=utf-8
host: localhost:60005
accept: */*

Response DefaultHttpResponse(decodeResult: success, version: HTTP/1.1)
HTTP/1.1 200 OK
Content-Type: application/json; charset=utf-8
cache-control: no-cache
content-length: 18

11:14:14.937 [AsyncHttpClient-1-9] DEBUG org.asynchttpclient.netty.channel.ChannelManager - Adding key: http://localhost:60005 for channel [id: 0xfd4471e3, L:/127.0.0.1:61482 - R:localhost/127.0.0.1:60005]
11:14:14.939 [Forwarding getElementTagName on session affd2ee01e56b6af77b554e278dd7af9 to remote] DEBUG org.asynchttpclient.netty.request.NettyRequestSender - Using pooled Channel '[id: 0xfd4471e3, L:/127.0.0.1:61482 - R:localhost/127.0.0.1:60005]' for 'GET' to 'http://localhost:60005/session/affd2ee01e56b6af77b554e278dd7af9/element/ba5d89f8-428a-4621-bc6e-243e993971ce/name'
11:14:14.940 [Forwarding getElementTagName on session affd2ee01e56b6af77b554e278dd7af9 to remote] DEBUG org.asynchttpclient.netty.request.NettyRequestSender - Using open Channel [id: 0xfd4471e3, L:/127.0.0.1:61482 - R:localhost/127.0.0.1:60005] for GET '/session/affd2ee01e56b6af77b554e278dd7af9/element/ba5d89f8-428a-4621-bc6e-243e993971ce/name'
11:14:14.946 [AsyncHttpClient-1-9] DEBUG org.asynchttpclient.netty.handler.HttpHandler - 

Request DefaultFullHttpRequest(decodeResult: success, version: HTTP/1.1, content: EmptyByteBufBE)
GET /session/affd2ee01e56b6af77b554e278dd7af9/element/ba5d89f8-428a-4621-bc6e-243e993971ce/name HTTP/1.1
User-Agent: selenium/4.1.2 (java windows)
Cache-Control: no-cache
Content-Type: application/json; charset=utf-8
host: localhost:60005
accept: */*

Response DefaultHttpResponse(decodeResult: success, version: HTTP/1.1)
HTTP/1.1 200 OK
Content-Type: application/json; charset=utf-8
cache-control: no-cache
content-length: 18

11:14:14.946 [AsyncHttpClient-1-9] DEBUG org.asynchttpclient.netty.channel.ChannelManager - Adding key: http://localhost:60005 for channel [id: 0xfd4471e3, L:/127.0.0.1:61482 - R:localhost/127.0.0.1:60005]
11:14:14.953 [Forwarding isElementEnabled on session affd2ee01e56b6af77b554e278dd7af9 to remote] DEBUG org.asynchttpclient.netty.request.NettyRequestSender - Using pooled Channel '[id: 0xfd4471e3, L:/127.0.0.1:61482 - R:localhost/127.0.0.1:60005]' for 'GET' to 'http://localhost:60005/session/affd2ee01e56b6af77b554e278dd7af9/element/ba5d89f8-428a-4621-bc6e-243e993971ce/enabled'
11:14:14.953 [Forwarding isElementEnabled on session affd2ee01e56b6af77b554e278dd7af9 to remote] DEBUG org.asynchttpclient.netty.request.NettyRequestSender - Using open Channel [id: 0xfd4471e3, L:/127.0.0.1:61482 - R:localhost/127.0.0.1:60005] for GET '/session/affd2ee01e56b6af77b554e278dd7af9/element/ba5d89f8-428a-4621-bc6e-243e993971ce/enabled'
11:14:14.975 [AsyncHttpClient-1-9] DEBUG org.asynchttpclient.netty.handler.HttpHandler - 

Request DefaultFullHttpRequest(decodeResult: success, version: HTTP/1.1, content: EmptyByteBufBE)
GET /session/affd2ee01e56b6af77b554e278dd7af9/element/ba5d89f8-428a-4621-bc6e-243e993971ce/enabled HTTP/1.1
User-Agent: selenium/4.1.2 (java windows)
Cache-Control: no-cache
Content-Type: application/json; charset=utf-8
host: localhost:60005
accept: */*

Response DefaultHttpResponse(decodeResult: success, version: HTTP/1.1)
HTTP/1.1 200 OK
Content-Type: application/json; charset=utf-8
cache-control: no-cache
content-length: 14

11:14:14.975 [AsyncHttpClient-1-9] DEBUG org.asynchttpclient.netty.channel.ChannelManager - Adding key: http://localhost:60005 for channel [id: 0xfd4471e3, L:/127.0.0.1:61482 - R:localhost/127.0.0.1:60005]
11:14:14.979 [Forwarding isElementEnabled on session affd2ee01e56b6af77b554e278dd7af9 to remote] DEBUG org.asynchttpclient.netty.request.NettyRequestSender - Using pooled Channel '[id: 0xfd4471e3, L:/127.0.0.1:61482 - R:localhost/127.0.0.1:60005]' for 'GET' to 'http://localhost:60005/session/affd2ee01e56b6af77b554e278dd7af9/element/ba5d89f8-428a-4621-bc6e-243e993971ce/enabled'
11:14:14.979 [Forwarding isElementEnabled on session affd2ee01e56b6af77b554e278dd7af9 to remote] DEBUG org.asynchttpclient.netty.request.NettyRequestSender - Using open Channel [id: 0xfd4471e3, L:/127.0.0.1:61482 - R:localhost/127.0.0.1:60005] for GET '/session/affd2ee01e56b6af77b554e278dd7af9/element/ba5d89f8-428a-4621-bc6e-243e993971ce/enabled'
11:14:14.994 [AsyncHttpClient-1-9] DEBUG org.asynchttpclient.netty.handler.HttpHandler - 

Request DefaultFullHttpRequest(decodeResult: success, version: HTTP/1.1, content: EmptyByteBufBE)
GET /session/affd2ee01e56b6af77b554e278dd7af9/element/ba5d89f8-428a-4621-bc6e-243e993971ce/enabled HTTP/1.1
User-Agent: selenium/4.1.2 (java windows)
Cache-Control: no-cache
Content-Type: application/json; charset=utf-8
host: localhost:60005
accept: */*

Response DefaultHttpResponse(decodeResult: success, version: HTTP/1.1)
HTTP/1.1 200 OK
Content-Type: application/json; charset=utf-8
cache-control: no-cache
content-length: 14

11:14:14.994 [AsyncHttpClient-1-9] DEBUG org.asynchttpclient.netty.channel.ChannelManager - Adding key: http://localhost:60005 for channel [id: 0xfd4471e3, L:/127.0.0.1:61482 - R:localhost/127.0.0.1:60005]
11:14:14.998 [Forwarding findElement on session affd2ee01e56b6af77b554e278dd7af9 to remote] DEBUG org.asynchttpclient.netty.request.NettyRequestSender - Using pooled Channel '[id: 0xfd4471e3, L:/127.0.0.1:61482 - R:localhost/127.0.0.1:60005]' for 'POST' to 'http://localhost:60005/session/affd2ee01e56b6af77b554e278dd7af9/element'
11:14:14.998 [Forwarding findElement on session affd2ee01e56b6af77b554e278dd7af9 to remote] DEBUG org.asynchttpclient.netty.request.NettyRequestSender - Using open Channel [id: 0xfd4471e3, L:/127.0.0.1:61482 - R:localhost/127.0.0.1:60005] for POST '/session/affd2ee01e56b6af77b554e278dd7af9/element'
11:14:15.046 [AsyncHttpClient-1-9] DEBUG org.asynchttpclient.netty.handler.HttpHandler - 

Request DefaultHttpRequest(decodeResult: success, version: HTTP/1.1)
POST /session/affd2ee01e56b6af77b554e278dd7af9/element HTTP/1.1
User-Agent: selenium/4.1.2 (java windows)
Content-Length: 149
Content-Type: application/json; charset=utf-8
host: localhost:60005
accept: */*

Response DefaultHttpResponse(decodeResult: success, version: HTTP/1.1)
HTTP/1.1 200 OK
Content-Type: application/json; charset=utf-8
cache-control: no-cache
content-length: 88

11:14:15.046 [AsyncHttpClient-1-9] DEBUG org.asynchttpclient.netty.channel.ChannelManager - Adding key: http://localhost:60005 for channel [id: 0xfd4471e3, L:/127.0.0.1:61482 - R:localhost/127.0.0.1:60005]
11:14:15.048 [Forwarding clickElement on session affd2ee01e56b6af77b554e278dd7af9 to remote] DEBUG org.asynchttpclient.netty.request.NettyRequestSender - Using pooled Channel '[id: 0xfd4471e3, L:/127.0.0.1:61482 - R:localhost/127.0.0.1:60005]' for 'POST' to 'http://localhost:60005/session/affd2ee01e56b6af77b554e278dd7af9/element/ba5d89f8-428a-4621-bc6e-243e993971ce/click'
11:14:15.048 [Forwarding clickElement on session affd2ee01e56b6af77b554e278dd7af9 to remote] DEBUG org.asynchttpclient.netty.request.NettyRequestSender - Using open Channel [id: 0xfd4471e3, L:/127.0.0.1:61482 - R:localhost/127.0.0.1:60005] for POST '/session/affd2ee01e56b6af77b554e278dd7af9/element/ba5d89f8-428a-4621-bc6e-243e993971ce/click'
11:14:15.122 [AsyncHttpClient-1-1] DEBUG org.asynchttpclient.netty.channel.DefaultChannelPool - Entry count for : http://localhost:61484 : 1
11:14:15.178 [AsyncHttpClient-1-9] DEBUG org.asynchttpclient.netty.handler.HttpHandler - 

Request DefaultHttpRequest(decodeResult: success, version: HTTP/1.1)
POST /session/affd2ee01e56b6af77b554e278dd7af9/element/ba5d89f8-428a-4621-bc6e-243e993971ce/click HTTP/1.1
User-Agent: selenium/4.1.2 (java windows)
Content-Length: 50
Content-Type: application/json; charset=utf-8
host: localhost:60005
accept: */*

Response DefaultHttpResponse(decodeResult: success, version: HTTP/1.1)
HTTP/1.1 200 OK
Content-Type: application/json; charset=utf-8
cache-control: no-cache
content-length: 14

11:14:15.179 [AsyncHttpClient-1-9] DEBUG org.asynchttpclient.netty.channel.ChannelManager - Adding key: http://localhost:60005 for channel [id: 0xfd4471e3, L:/127.0.0.1:61482 - R:localhost/127.0.0.1:60005]
11:14:15.205 [Forwarding screenshot on session affd2ee01e56b6af77b554e278dd7af9 to remote] DEBUG org.asynchttpclient.netty.request.NettyRequestSender - Using pooled Channel '[id: 0xfd4471e3, L:/127.0.0.1:61482 - R:localhost/127.0.0.1:60005]' for 'GET' to 'http://localhost:60005/session/affd2ee01e56b6af77b554e278dd7af9/screenshot'
11:14:15.205 [Forwarding screenshot on session affd2ee01e56b6af77b554e278dd7af9 to remote] DEBUG org.asynchttpclient.netty.request.NettyRequestSender - Using open Channel [id: 0xfd4471e3, L:/127.0.0.1:61482 - R:localhost/127.0.0.1:60005] for GET '/session/affd2ee01e56b6af77b554e278dd7af9/screenshot'
11:14:16.176 [AsyncHttpClient-1-9] DEBUG org.asynchttpclient.netty.handler.HttpHandler - 

Request DefaultFullHttpRequest(decodeResult: success, version: HTTP/1.1, content: EmptyByteBufBE)
GET /session/affd2ee01e56b6af77b554e278dd7af9/screenshot HTTP/1.1
User-Agent: selenium/4.1.2 (java windows)
Cache-Control: no-cache
Content-Type: application/json; charset=utf-8
host: localhost:60005
accept: */*

Response DefaultHttpResponse(decodeResult: success, version: HTTP/1.1)
HTTP/1.1 200 OK
Content-Type: application/json; charset=utf-8
cache-control: no-cache
content-length: 414688

11:14:16.179 [AsyncHttpClient-1-9] DEBUG org.asynchttpclient.netty.channel.ChannelManager - Adding key: http://localhost:60005 for channel [id: 0xfd4471e3, L:/127.0.0.1:61482 - R:localhost/127.0.0.1:60005]
11:14:16.224 [main] DEBUG net.serenitybdd.core.photography.Darkroom - Send negative for processing for target\site\serenity\70a6e380de858d1d8d1d3d66be49d0932837e1c601aa37abd8b211feeca6d3f7.png
11:14:16.224 [main] DEBUG net.thucydides.core.steps.StepInterceptor - STEP DONE: clickButtonSave
  &amp#27;[32mAnd &amp#27;[0m&amp#27;[32mClick button simpan&amp#27;[0m                                                &amp#27;[90m# starter.stepdefinitios.PatientDataSteps.clickButtonSimpan()&amp#27;[0m
11:14:16.229 [AsyncHttpClient-1-1] DEBUG org.asynchttpclient.netty.channel.DefaultChannelPool - Entry count for : http://localhost:61484 : 1
11:14:16.229 [AsyncHttpClient-1-1] DEBUG org.asynchttpclient.netty.channel.DefaultChannelPool - Entry count for : http://localhost:60005 : 1
11:14:16.230 [Darkroom Processing Line] DEBUG net.serenitybdd.core.photography.DarkroomProcessingLine - Processing screenshot image in /var/screenshots/screenshot-6920564849658453530
11:14:16.230 [Darkroom Processing Line] DEBUG net.serenitybdd.core.photography.DarkroomProcessingLine - Saving screenshot to target\site\serenity\70a6e380de858d1d8d1d3d66be49d0932837e1c601aa37abd8b211feeca6d3f7.png
11:14:16.277 [Forwarding screenshot on session affd2ee01e56b6af77b554e278dd7af9 to remote] DEBUG org.asynchttpclient.netty.request.NettyRequestSender - Using pooled Channel '[id: 0xfd4471e3, L:/127.0.0.1:61482 - R:localhost/127.0.0.1:60005]' for 'GET' to 'http://localhost:60005/session/affd2ee01e56b6af77b554e278dd7af9/screenshot'
11:14:16.277 [Forwarding screenshot on session affd2ee01e56b6af77b554e278dd7af9 to remote] DEBUG org.asynchttpclient.netty.request.NettyRequestSender - Using open Channel [id: 0xfd4471e3, L:/127.0.0.1:61482 - R:localhost/127.0.0.1:60005] for GET '/session/affd2ee01e56b6af77b554e278dd7af9/screenshot'
11:14:16.281 [AsyncHttpClient-1-9] DEBUG org.asynchttpclient.netty.handler.HttpHandler - 

Request DefaultFullHttpRequest(decodeResult: success, version: HTTP/1.1, content: EmptyByteBufBE)
GET /session/affd2ee01e56b6af77b554e278dd7af9/screenshot HTTP/1.1
User-Agent: selenium/4.1.2 (java windows)
Cache-Control: no-cache
Content-Type: application/json; charset=utf-8
host: localhost:60005
accept: */*

Response DefaultHttpResponse(decodeResult: success, version: HTTP/1.1)
HTTP/1.1 500 Internal Server Error
Content-Type: application/json; charset=utf-8
cache-control: no-cache
content-length: 917

11:14:16.281 [AsyncHttpClient-1-9] DEBUG org.asynchttpclient.netty.channel.ChannelManager - Adding key: http://localhost:60005 for channel [id: 0xfd4471e3, L:/127.0.0.1:61482 - R:localhost/127.0.0.1:60005]
11:14:16.287 [main] WARN net.thucydides.core.webdriver.WebDriverFacade - Failed to take screenshot (unexpected alert open: {Alert text : data telah diubah}
  (Session info: chrome=102.0.5005.115): data telah diubah
Build info: version: '4.1.2', revision: '9a5a329c5a'
System info: host: 'MOOK-HON', ip: '192.168.100.6', os.name: 'Windows 10', os.arch: 'amd64', os.version: '10.0', java.version: '11.0.14'
Driver info: org.openqa.selenium.chrome.ChromeDriver
Command: [affd2ee01e56b6af77b554e278dd7af9, screenshot {}]
Capabilities {acceptInsecureCerts: false, browserName: chrome, browserVersion: 102.0.5005.115, chrome: {chromedriverVersion: 102.0.5005.61 (0e59bcc00cc4..., userDataDir: C:\Users\ASUS\AppData\Local...}, goog:chromeOptions: {debuggerAddress: localhost:61484}, javascriptEnabled: true, networkConnectionEnabled: false, pageLoadStrategy: normal, platform: WINDOWS, platformName: WINDOWS, proxy: Proxy(), se:cdp: ws://localhost:61484/devtoo..., se:cdpVersion: 102.0.5005.115, setWindowRect: true, strictFileInteractability: false, timeouts: {implicit: 0, pageLoad: 300000, script: 30000}, unhandledPromptBehavior: dismiss and notify, webauthn:extension:credBlob: true, webauthn:extension:largeBlob: true, webauthn:virtualAuthenticators: true}
Session ID: affd2ee01e56b6af77b554e278dd7af9)
11:14:16.819 [Forwarding screenshot on session affd2ee01e56b6af77b554e278dd7af9 to remote] DEBUG org.asynchttpclient.netty.request.NettyRequestSender - Using pooled Channel '[id: 0xfd4471e3, L:/127.0.0.1:61482 - R:localhost/127.0.0.1:60005]' for 'GET' to 'http://localhost:60005/session/affd2ee01e56b6af77b554e278dd7af9/screenshot'
11:14:16.820 [Forwarding screenshot on session affd2ee01e56b6af77b554e278dd7af9 to remote] DEBUG org.asynchttpclient.netty.request.NettyRequestSender - Using open Channel [id: 0xfd4471e3, L:/127.0.0.1:61482 - R:localhost/127.0.0.1:60005] for GET '/session/affd2ee01e56b6af77b554e278dd7af9/screenshot'
11:14:17.241 [AsyncHttpClient-1-9] DEBUG org.asynchttpclient.netty.handler.HttpHandler - 

Request DefaultFullHttpRequest(decodeResult: success, version: HTTP/1.1, content: EmptyByteBufBE)
GET /session/affd2ee01e56b6af77b554e278dd7af9/screenshot HTTP/1.1
User-Agent: selenium/4.1.2 (java windows)
Cache-Control: no-cache
Content-Type: application/json; charset=utf-8
host: localhost:60005
accept: */*

Response DefaultHttpResponse(decodeResult: success, version: HTTP/1.1)
HTTP/1.1 200 OK
Content-Type: application/json; charset=utf-8
cache-control: no-cache
content-length: 414688

11:14:17.243 [AsyncHttpClient-1-9] DEBUG org.asynchttpclient.netty.channel.ChannelManager - Adding key: http://localhost:60005 for channel [id: 0xfd4471e3, L:/127.0.0.1:61482 - R:localhost/127.0.0.1:60005]
11:14:17.281 [main] DEBUG net.serenitybdd.core.photography.Darkroom - Send negative for processing for target\site\serenity\70a6e380de858d1d8d1d3d66be49d0932837e1c601aa37abd8b211feeca6d3f7.png
11:14:17.282 [main] DEBUG net.thucydides.core.steps.StepInterceptor - STARTING STEP: PatientDataSteps.validEditData - clickButtonBack
11:14:17.308 [Forwarding findElement on session affd2ee01e56b6af77b554e278dd7af9 to remote] DEBUG org.asynchttpclient.netty.request.NettyRequestSender - Using pooled Channel '[id: 0xfd4471e3, L:/127.0.0.1:61482 - R:localhost/127.0.0.1:60005]' for 'POST' to 'http://localhost:60005/session/affd2ee01e56b6af77b554e278dd7af9/element'
11:14:17.308 [Forwarding findElement on session affd2ee01e56b6af77b554e278dd7af9 to remote] DEBUG org.asynchttpclient.netty.request.NettyRequestSender - Using open Channel [id: 0xfd4471e3, L:/127.0.0.1:61482 - R:localhost/127.0.0.1:60005] for POST '/session/affd2ee01e56b6af77b554e278dd7af9/element'
11:14:17.339 [AsyncHttpClient-1-1] DEBUG org.asynchttpclient.netty.channel.DefaultChannelPool - Entry count for : http://localhost:61484 : 1
11:14:17.376 [AsyncHttpClient-1-9] DEBUG org.asynchttpclient.netty.handler.HttpHandler - 

Request DefaultHttpRequest(decodeResult: success, version: HTTP/1.1)
POST /session/affd2ee01e56b6af77b554e278dd7af9/element HTTP/1.1
User-Agent: selenium/4.1.2 (java windows)
Content-Length: 137
Content-Type: application/json; charset=utf-8
host: localhost:60005
accept: */*

Response DefaultHttpResponse(decodeResult: success, version: HTTP/1.1)
HTTP/1.1 200 OK
Content-Type: application/json; charset=utf-8
cache-control: no-cache
content-length: 88

11:14:17.376 [AsyncHttpClient-1-9] DEBUG org.asynchttpclient.netty.channel.ChannelManager - Adding key: http://localhost:60005 for channel [id: 0xfd4471e3, L:/127.0.0.1:61482 - R:localhost/127.0.0.1:60005]
11:14:17.379 [Forwarding getElementTagName on session affd2ee01e56b6af77b554e278dd7af9 to remote] DEBUG org.asynchttpclient.netty.request.NettyRequestSender - Using pooled Channel '[id: 0xfd4471e3, L:/127.0.0.1:61482 - R:localhost/127.0.0.1:60005]' for 'GET' to 'http://localhost:60005/session/affd2ee01e56b6af77b554e278dd7af9/element/57a0fabd-f2a6-4d3e-b81b-707fede9bb48/name'
11:14:17.379 [Forwarding getElementTagName on session affd2ee01e56b6af77b554e278dd7af9 to remote] DEBUG org.asynchttpclient.netty.request.NettyRequestSender - Using open Channel [id: 0xfd4471e3, L:/127.0.0.1:61482 - R:localhost/127.0.0.1:60005] for GET '/session/affd2ee01e56b6af77b554e278dd7af9/element/57a0fabd-f2a6-4d3e-b81b-707fede9bb48/name'
11:14:17.398 [AsyncHttpClient-1-9] DEBUG org.asynchttpclient.netty.handler.HttpHandler - 

Request DefaultFullHttpRequest(decodeResult: success, version: HTTP/1.1, content: EmptyByteBufBE)
GET /session/affd2ee01e56b6af77b554e278dd7af9/element/57a0fabd-f2a6-4d3e-b81b-707fede9bb48/name HTTP/1.1
User-Agent: selenium/4.1.2 (java windows)
Cache-Control: no-cache
Content-Type: application/json; charset=utf-8
host: localhost:60005
accept: */*

Response DefaultHttpResponse(decodeResult: success, version: HTTP/1.1)
HTTP/1.1 200 OK
Content-Type: application/json; charset=utf-8
cache-control: no-cache
content-length: 18

11:14:17.400 [AsyncHttpClient-1-9] DEBUG org.asynchttpclient.netty.channel.ChannelManager - Adding key: http://localhost:60005 for channel [id: 0xfd4471e3, L:/127.0.0.1:61482 - R:localhost/127.0.0.1:60005]
11:14:17.406 [Forwarding getElementTagName on session affd2ee01e56b6af77b554e278dd7af9 to remote] DEBUG org.asynchttpclient.netty.request.NettyRequestSender - Using pooled Channel '[id: 0xfd4471e3, L:/127.0.0.1:61482 - R:localhost/127.0.0.1:60005]' for 'GET' to 'http://localhost:60005/session/affd2ee01e56b6af77b554e278dd7af9/element/57a0fabd-f2a6-4d3e-b81b-707fede9bb48/name'
11:14:17.406 [Forwarding getElementTagName on session affd2ee01e56b6af77b554e278dd7af9 to remote] DEBUG org.asynchttpclient.netty.request.NettyRequestSender - Using open Channel [id: 0xfd4471e3, L:/127.0.0.1:61482 - R:localhost/127.0.0.1:60005] for GET '/session/affd2ee01e56b6af77b554e278dd7af9/element/57a0fabd-f2a6-4d3e-b81b-707fede9bb48/name'
11:14:17.524 [AsyncHttpClient-1-9] DEBUG org.asynchttpclient.netty.handler.HttpHandler - 

Request DefaultFullHttpRequest(decodeResult: success, version: HTTP/1.1, content: EmptyByteBufBE)
GET /session/affd2ee01e56b6af77b554e278dd7af9/element/57a0fabd-f2a6-4d3e-b81b-707fede9bb48/name HTTP/1.1
User-Agent: selenium/4.1.2 (java windows)
Cache-Control: no-cache
Content-Type: application/json; charset=utf-8
host: localhost:60005
accept: */*

Response DefaultHttpResponse(decodeResult: success, version: HTTP/1.1)
HTTP/1.1 200 OK
Content-Type: application/json; charset=utf-8
cache-control: no-cache
content-length: 18

11:14:17.525 [AsyncHttpClient-1-9] DEBUG org.asynchttpclient.netty.channel.ChannelManager - Adding key: http://localhost:60005 for channel [id: 0xfd4471e3, L:/127.0.0.1:61482 - R:localhost/127.0.0.1:60005]
11:14:17.529 [Forwarding isElementEnabled on session affd2ee01e56b6af77b554e278dd7af9 to remote] DEBUG org.asynchttpclient.netty.request.NettyRequestSender - Using pooled Channel '[id: 0xfd4471e3, L:/127.0.0.1:61482 - R:localhost/127.0.0.1:60005]' for 'GET' to 'http://localhost:60005/session/affd2ee01e56b6af77b554e278dd7af9/element/57a0fabd-f2a6-4d3e-b81b-707fede9bb48/enabled'
11:14:17.529 [Forwarding isElementEnabled on session affd2ee01e56b6af77b554e278dd7af9 to remote] DEBUG org.asynchttpclient.netty.request.NettyRequestSender - Using open Channel [id: 0xfd4471e3, L:/127.0.0.1:61482 - R:localhost/127.0.0.1:60005] for GET '/session/affd2ee01e56b6af77b554e278dd7af9/element/57a0fabd-f2a6-4d3e-b81b-707fede9bb48/enabled'
11:14:17.595 [AsyncHttpClient-1-9] DEBUG org.asynchttpclient.netty.handler.HttpHandler - 

Request DefaultFullHttpRequest(decodeResult: success, version: HTTP/1.1, content: EmptyByteBufBE)
GET /session/affd2ee01e56b6af77b554e278dd7af9/element/57a0fabd-f2a6-4d3e-b81b-707fede9bb48/enabled HTTP/1.1
User-Agent: selenium/4.1.2 (java windows)
Cache-Control: no-cache
Content-Type: application/json; charset=utf-8
host: localhost:60005
accept: */*

Response DefaultHttpResponse(decodeResult: success, version: HTTP/1.1)
HTTP/1.1 200 OK
Content-Type: application/json; charset=utf-8
cache-control: no-cache
content-length: 14

11:14:17.595 [AsyncHttpClient-1-9] DEBUG org.asynchttpclient.netty.channel.ChannelManager - Adding key: http://localhost:60005 for channel [id: 0xfd4471e3, L:/127.0.0.1:61482 - R:localhost/127.0.0.1:60005]
11:14:17.599 [Forwarding isElementEnabled on session affd2ee01e56b6af77b554e278dd7af9 to remote] DEBUG org.asynchttpclient.netty.request.NettyRequestSender - Using pooled Channel '[id: 0xfd4471e3, L:/127.0.0.1:61482 - R:localhost/127.0.0.1:60005]' for 'GET' to 'http://localhost:60005/session/affd2ee01e56b6af77b554e278dd7af9/element/57a0fabd-f2a6-4d3e-b81b-707fede9bb48/enabled'
11:14:17.599 [Forwarding isElementEnabled on session affd2ee01e56b6af77b554e278dd7af9 to remote] DEBUG org.asynchttpclient.netty.request.NettyRequestSender - Using open Channel [id: 0xfd4471e3, L:/127.0.0.1:61482 - R:localhost/127.0.0.1:60005] for GET '/session/affd2ee01e56b6af77b554e278dd7af9/element/57a0fabd-f2a6-4d3e-b81b-707fede9bb48/enabled'
11:14:17.644 [AsyncHttpClient-1-9] DEBUG org.asynchttpclient.netty.handler.HttpHandler - 

Request DefaultFullHttpRequest(decodeResult: success, version: HTTP/1.1, content: EmptyByteBufBE)
GET /session/affd2ee01e56b6af77b554e278dd7af9/element/57a0fabd-f2a6-4d3e-b81b-707fede9bb48/enabled HTTP/1.1
User-Agent: selenium/4.1.2 (java windows)
Cache-Control: no-cache
Content-Type: application/json; charset=utf-8
host: localhost:60005
accept: */*

Response DefaultHttpResponse(decodeResult: success, version: HTTP/1.1)
HTTP/1.1 200 OK
Content-Type: application/json; charset=utf-8
cache-control: no-cache
content-length: 14

11:14:17.644 [AsyncHttpClient-1-9] DEBUG org.asynchttpclient.netty.channel.ChannelManager - Adding key: http://localhost:60005 for channel [id: 0xfd4471e3, L:/127.0.0.1:61482 - R:localhost/127.0.0.1:60005]
11:14:17.647 [Forwarding findElement on session affd2ee01e56b6af77b554e278dd7af9 to remote] DEBUG org.asynchttpclient.netty.request.NettyRequestSender - Using pooled Channel '[id: 0xfd4471e3, L:/127.0.0.1:61482 - R:localhost/127.0.0.1:60005]' for 'POST' to 'http://localhost:60005/session/affd2ee01e56b6af77b554e278dd7af9/element'
11:14:17.647 [Forwarding findElement on session affd2ee01e56b6af77b554e278dd7af9 to remote] DEBUG org.asynchttpclient.netty.request.NettyRequestSender - Using open Channel [id: 0xfd4471e3, L:/127.0.0.1:61482 - R:localhost/127.0.0.1:60005] for POST '/session/affd2ee01e56b6af77b554e278dd7af9/element'
11:14:17.677 [AsyncHttpClient-1-9] DEBUG org.asynchttpclient.netty.handler.HttpHandler - 

Request DefaultHttpRequest(decodeResult: success, version: HTTP/1.1)
POST /session/affd2ee01e56b6af77b554e278dd7af9/element HTTP/1.1
User-Agent: selenium/4.1.2 (java windows)
Content-Length: 137
Content-Type: application/json; charset=utf-8
host: localhost:60005
accept: */*

Response DefaultHttpResponse(decodeResult: success, version: HTTP/1.1)
HTTP/1.1 200 OK
Content-Type: application/json; charset=utf-8
cache-control: no-cache
content-length: 88

11:14:17.677 [AsyncHttpClient-1-9] DEBUG org.asynchttpclient.netty.channel.ChannelManager - Adding key: http://localhost:60005 for channel [id: 0xfd4471e3, L:/127.0.0.1:61482 - R:localhost/127.0.0.1:60005]
11:14:17.680 [Forwarding clickElement on session affd2ee01e56b6af77b554e278dd7af9 to remote] DEBUG org.asynchttpclient.netty.request.NettyRequestSender - Using pooled Channel '[id: 0xfd4471e3, L:/127.0.0.1:61482 - R:localhost/127.0.0.1:60005]' for 'POST' to 'http://localhost:60005/session/affd2ee01e56b6af77b554e278dd7af9/element/57a0fabd-f2a6-4d3e-b81b-707fede9bb48/click'
11:14:17.680 [Forwarding clickElement on session affd2ee01e56b6af77b554e278dd7af9 to remote] DEBUG org.asynchttpclient.netty.request.NettyRequestSender - Using open Channel [id: 0xfd4471e3, L:/127.0.0.1:61482 - R:localhost/127.0.0.1:60005] for POST '/session/affd2ee01e56b6af77b554e278dd7af9/element/57a0fabd-f2a6-4d3e-b81b-707fede9bb48/click'
11:14:18.043 [AsyncHttpClient-1-9] DEBUG org.asynchttpclient.netty.handler.HttpHandler - 

Request DefaultHttpRequest(decodeResult: success, version: HTTP/1.1)
POST /session/affd2ee01e56b6af77b554e278dd7af9/element/57a0fabd-f2a6-4d3e-b81b-707fede9bb48/click HTTP/1.1
User-Agent: selenium/4.1.2 (java windows)
Content-Length: 50
Content-Type: application/json; charset=utf-8
host: localhost:60005
accept: */*

Response DefaultHttpResponse(decodeResult: success, version: HTTP/1.1)
HTTP/1.1 200 OK
Content-Type: application/json; charset=utf-8
cache-control: no-cache
content-length: 14

11:14:18.043 [AsyncHttpClient-1-9] DEBUG org.asynchttpclient.netty.channel.ChannelManager - Adding key: http://localhost:60005 for channel [id: 0xfd4471e3, L:/127.0.0.1:61482 - R:localhost/127.0.0.1:60005]
11:14:18.078 [Forwarding screenshot on session affd2ee01e56b6af77b554e278dd7af9 to remote] DEBUG org.asynchttpclient.netty.request.NettyRequestSender - Using pooled Channel '[id: 0xfd4471e3, L:/127.0.0.1:61482 - R:localhost/127.0.0.1:60005]' for 'GET' to 'http://localhost:60005/session/affd2ee01e56b6af77b554e278dd7af9/screenshot'
11:14:18.078 [Forwarding screenshot on session affd2ee01e56b6af77b554e278dd7af9 to remote] DEBUG org.asynchttpclient.netty.request.NettyRequestSender - Using open Channel [id: 0xfd4471e3, L:/127.0.0.1:61482 - R:localhost/127.0.0.1:60005] for GET '/session/affd2ee01e56b6af77b554e278dd7af9/screenshot'
11:14:18.441 [AsyncHttpClient-1-1] DEBUG org.asynchttpclient.netty.channel.DefaultChannelPool - Entry count for : http://localhost:61484 : 1
11:14:18.790 [AsyncHttpClient-1-9] DEBUG org.asynchttpclient.netty.handler.HttpHandler - 

Request DefaultFullHttpRequest(decodeResult: success, version: HTTP/1.1, content: EmptyByteBufBE)
GET /session/affd2ee01e56b6af77b554e278dd7af9/screenshot HTTP/1.1
User-Agent: selenium/4.1.2 (java windows)
Cache-Control: no-cache
Content-Type: application/json; charset=utf-8
host: localhost:60005
accept: */*

Response DefaultHttpResponse(decodeResult: success, version: HTTP/1.1)
HTTP/1.1 200 OK
Content-Type: application/json; charset=utf-8
cache-control: no-cache
content-length: 393412

11:14:18.792 [AsyncHttpClient-1-9] DEBUG org.asynchttpclient.netty.channel.ChannelManager - Adding key: http://localhost:60005 for channel [id: 0xfd4471e3, L:/127.0.0.1:61482 - R:localhost/127.0.0.1:60005]
11:14:18.820 [main] DEBUG net.serenitybdd.core.photography.Darkroom - Send negative for processing for target\site\serenity\5e9d7afcc850ecce88225285a9e1b279ffae8633f1605147ac4311ad991dd04f.png
11:14:18.820 [main] DEBUG net.thucydides.core.steps.StepInterceptor - STEP DONE: clickButtonBack
11:14:18.821 [Darkroom Processing Line] DEBUG net.serenitybdd.core.photography.DarkroomProcessingLine - Processing screenshot image in /var/screenshots/screenshot-3206856386263843119
11:14:18.821 [Darkroom Processing Line] DEBUG net.serenitybdd.core.photography.DarkroomProcessingLine - Saving screenshot to target\site\serenity\5e9d7afcc850ecce88225285a9e1b279ffae8633f1605147ac4311ad991dd04f.png
11:14:18.843 [main] DEBUG net.thucydides.core.steps.StepInterceptor - STARTING STEP: PatientDataSteps.validEditData - checkValidDataPasien
11:14:18.849 [Forwarding findElement on session affd2ee01e56b6af77b554e278dd7af9 to remote] DEBUG org.asynchttpclient.netty.request.NettyRequestSender - Using pooled Channel '[id: 0xfd4471e3, L:/127.0.0.1:61482 - R:localhost/127.0.0.1:60005]' for 'POST' to 'http://localhost:60005/session/affd2ee01e56b6af77b554e278dd7af9/element'
11:14:18.849 [Forwarding findElement on session affd2ee01e56b6af77b554e278dd7af9 to remote] DEBUG org.asynchttpclient.netty.request.NettyRequestSender - Using open Channel [id: 0xfd4471e3, L:/127.0.0.1:61482 - R:localhost/127.0.0.1:60005] for POST '/session/affd2ee01e56b6af77b554e278dd7af9/element'
11:14:18.874 [AsyncHttpClient-1-9] DEBUG org.asynchttpclient.netty.handler.HttpHandler - 

Request DefaultHttpRequest(decodeResult: success, version: HTTP/1.1)
POST /session/affd2ee01e56b6af77b554e278dd7af9/element HTTP/1.1
User-Agent: selenium/4.1.2 (java windows)
Content-Length: 95
Content-Type: application/json; charset=utf-8
host: localhost:60005
accept: */*

Response DefaultHttpResponse(decodeResult: success, version: HTTP/1.1)
HTTP/1.1 200 OK
Content-Type: application/json; charset=utf-8
cache-control: no-cache
content-length: 88

11:14:18.875 [AsyncHttpClient-1-9] DEBUG org.asynchttpclient.netty.channel.ChannelManager - Adding key: http://localhost:60005 for channel [id: 0xfd4471e3, L:/127.0.0.1:61482 - R:localhost/127.0.0.1:60005]
11:14:18.876 [Forwarding isElementEnabled on session affd2ee01e56b6af77b554e278dd7af9 to remote] DEBUG org.asynchttpclient.netty.request.NettyRequestSender - Using pooled Channel '[id: 0xfd4471e3, L:/127.0.0.1:61482 - R:localhost/127.0.0.1:60005]' for 'GET' to 'http://localhost:60005/session/affd2ee01e56b6af77b554e278dd7af9/element/f6892dba-37ce-43d5-8d06-a346f48c748c/enabled'
11:14:18.876 [Forwarding isElementEnabled on session affd2ee01e56b6af77b554e278dd7af9 to remote] DEBUG org.asynchttpclient.netty.request.NettyRequestSender - Using open Channel [id: 0xfd4471e3, L:/127.0.0.1:61482 - R:localhost/127.0.0.1:60005] for GET '/session/affd2ee01e56b6af77b554e278dd7af9/element/f6892dba-37ce-43d5-8d06-a346f48c748c/enabled'
11:14:18.895 [AsyncHttpClient-1-9] DEBUG org.asynchttpclient.netty.handler.HttpHandler - 

Request DefaultFullHttpRequest(decodeResult: success, version: HTTP/1.1, content: EmptyByteBufBE)
GET /session/affd2ee01e56b6af77b554e278dd7af9/element/f6892dba-37ce-43d5-8d06-a346f48c748c/enabled HTTP/1.1
User-Agent: selenium/4.1.2 (java windows)
Cache-Control: no-cache
Content-Type: application/json; charset=utf-8
host: localhost:60005
accept: */*

Response DefaultHttpResponse(decodeResult: success, version: HTTP/1.1)
HTTP/1.1 200 OK
Content-Type: application/json; charset=utf-8
cache-control: no-cache
content-length: 14

11:14:18.895 [AsyncHttpClient-1-9] DEBUG org.asynchttpclient.netty.channel.ChannelManager - Adding key: http://localhost:60005 for channel [id: 0xfd4471e3, L:/127.0.0.1:61482 - R:localhost/127.0.0.1:60005]
11:14:18.908 [Forwarding screenshot on session affd2ee01e56b6af77b554e278dd7af9 to remote] DEBUG org.asynchttpclient.netty.request.NettyRequestSender - Using pooled Channel '[id: 0xfd4471e3, L:/127.0.0.1:61482 - R:localhost/127.0.0.1:60005]' for 'GET' to 'http://localhost:60005/session/affd2ee01e56b6af77b554e278dd7af9/screenshot'
11:14:18.908 [Forwarding screenshot on session affd2ee01e56b6af77b554e278dd7af9 to remote] DEBUG org.asynchttpclient.netty.request.NettyRequestSender - Using open Channel [id: 0xfd4471e3, L:/127.0.0.1:61482 - R:localhost/127.0.0.1:60005] for GET '/session/affd2ee01e56b6af77b554e278dd7af9/screenshot'
11:14:19.340 [AsyncHttpClient-1-9] DEBUG org.asynchttpclient.netty.handler.HttpHandler - 

Request DefaultFullHttpRequest(decodeResult: success, version: HTTP/1.1, content: EmptyByteBufBE)
GET /session/affd2ee01e56b6af77b554e278dd7af9/screenshot HTTP/1.1
User-Agent: selenium/4.1.2 (java windows)
Cache-Control: no-cache
Content-Type: application/json; charset=utf-8
host: localhost:60005
accept: */*

Response DefaultHttpResponse(decodeResult: success, version: HTTP/1.1)
HTTP/1.1 200 OK
Content-Type: application/json; charset=utf-8
cache-control: no-cache
content-length: 410372

11:14:19.342 [AsyncHttpClient-1-9] DEBUG org.asynchttpclient.netty.channel.ChannelManager - Adding key: http://localhost:60005 for channel [id: 0xfd4471e3, L:/127.0.0.1:61482 - R:localhost/127.0.0.1:60005]
11:14:19.378 [main] DEBUG net.serenitybdd.core.photography.Darkroom - Send negative for processing for target\site\serenity\5bdeb841d6c531bb04c8fd9aa21bac5d53127227d101a4d5cb3eac7d5b05dbe1.png
11:14:19.379 [main] DEBUG net.thucydides.core.steps.StepInterceptor - STEP DONE: checkValidDataPasien
  &amp#27;[32mAnd &amp#27;[0m&amp#27;[32mValid edit data&amp#27;[0m                                                    &amp#27;[90m# starter.stepdefinitios.PatientDataSteps.validEditData()&amp#27;[0m
11:14:19.380 [Darkroom Processing Line] DEBUG net.serenitybdd.core.photography.DarkroomProcessingLine - Processing screenshot image in /var/screenshots/screenshot-1727358655517388663
11:14:19.380 [Darkroom Processing Line] DEBUG net.serenitybdd.core.photography.DarkroomProcessingLine - Saving screenshot to target\site\serenity\5bdeb841d6c531bb04c8fd9aa21bac5d53127227d101a4d5cb3eac7d5b05dbe1.png
11:14:19.425 [AsyncHttpClient-1-3] DEBUG org.asynchttpclient.netty.handler.WebSocketHandler - Channel Closed: [id: 0x4a4302be, L:/127.0.0.1:61497 ! R:localhost/127.0.0.1:61484] with attribute NettyResponseFuture{currentRetry=5,
	isDone=1,
	isCancelled=0,
	asyncHandler=org.asynchttpclient.ws.WebSocketUpgradeHandler@7d5f713f,
	nettyRequest=org.asynchttpclient.netty.request.NettyRequest@2b5104b0,
	future=java.util.concurrent.CompletableFuture@586de966[Completed normally],
	uri=ws://localhost:61484/devtools/browser/eedbf499-d982-400a-9d47-b4f28aef8c3c,
	keepAlive=true,
	redirectCount=0,
	timeoutsHolder=null,
	inAuth=0,
	touch=1655525639970}
11:14:19.426 [AsyncHttpClient-1-3] DEBUG org.asynchttpclient.netty.channel.ChannelManager - Closing Channel [id: 0x4a4302be, L:/127.0.0.1:61497 ! R:localhost/127.0.0.1:61484] 
11:14:19.426 [Driver Command Executor] DEBUG org.asynchttpclient.netty.request.NettyRequestSender - Using pooled Channel '[id: 0xfd4471e3, L:/127.0.0.1:61482 - R:localhost/127.0.0.1:60005]' for 'DELETE' to 'http://localhost:60005/session/affd2ee01e56b6af77b554e278dd7af9'
11:14:19.426 [Driver Command Executor] DEBUG org.asynchttpclient.netty.request.NettyRequestSender - Using open Channel [id: 0xfd4471e3, L:/127.0.0.1:61482 - R:localhost/127.0.0.1:60005] for DELETE '/session/affd2ee01e56b6af77b554e278dd7af9'
11:14:19.513 [AsyncHttpClient-1-1] DEBUG org.asynchttpclient.netty.channel.DefaultChannelPool - Entry count for : http://localhost:61484 : 1
11:14:19.736 [AsyncHttpClient-1-2] DEBUG org.asynchttpclient.netty.handler.HttpHandler - Unexpected I/O exception on channel [id: 0xf93a80c0, L:/127.0.0.1:61496 - R:localhost/127.0.0.1:61484]
java.io.IOException: An existing connection was forcibly closed by the remote host
	at java.base/sun.nio.ch.SocketDispatcher.read0(Native Method)
	at java.base/sun.nio.ch.SocketDispatcher.read(SocketDispatcher.java:43)
	at java.base/sun.nio.ch.IOUtil.readIntoNativeBuffer(IOUtil.java:276)
	at java.base/sun.nio.ch.IOUtil.read(IOUtil.java:233)
	at java.base/sun.nio.ch.IOUtil.read(IOUtil.java:223)
	at java.base/sun.nio.ch.SocketChannelImpl.read(SocketChannelImpl.java:358)
	at io.netty.buffer.PooledByteBuf.setBytes(PooledByteBuf.java:258)
	at io.netty.buffer.AbstractByteBuf.writeBytes(AbstractByteBuf.java:1132)
	at io.netty.channel.socket.nio.NioSocketChannel.doReadBytes(NioSocketChannel.java:350)
	at io.netty.channel.nio.AbstractNioByteChannel$NioByteUnsafe.read(AbstractNioByteChannel.java:151)
	at io.netty.channel.nio.NioEventLoop.processSelectedKey(NioEventLoop.java:722)
	at io.netty.channel.nio.NioEventLoop.processSelectedKeysOptimized(NioEventLoop.java:658)
	at io.netty.channel.nio.NioEventLoop.processSelectedKeys(NioEventLoop.java:584)
	at io.netty.channel.nio.NioEventLoop.run(NioEventLoop.java:496)
	at io.netty.util.concurrent.SingleThreadEventExecutor$4.run(SingleThreadEventExecutor.java:986)
	at io.netty.util.internal.ThreadExecutorMap$2.run(ThreadExecutorMap.java:74)
	at io.netty.util.concurrent.FastThreadLocalRunnable.run(FastThreadLocalRunnable.java:30)
	at java.base/java.lang.Thread.run(Thread.java:834)
11:14:19.737 [AsyncHttpClient-1-2] DEBUG org.asynchttpclient.netty.channel.ChannelManager - Closing Channel [id: 0xf93a80c0, L:/127.0.0.1:61496 - R:localhost/127.0.0.1:61484] 
11:14:19.737 [AsyncHttpClient-1-2] DEBUG org.asynchttpclient.netty.handler.HttpHandler - Channel Closed: [id: 0xf93a80c0, L:/127.0.0.1:61496 ! R:localhost/127.0.0.1:61484] with attribute DISCARD
11:14:19.819 [AsyncHttpClient-1-9] DEBUG org.asynchttpclient.netty.handler.HttpHandler - 

Request DefaultFullHttpRequest(decodeResult: success, version: HTTP/1.1, content: EmptyByteBufBE)
DELETE /session/affd2ee01e56b6af77b554e278dd7af9 HTTP/1.1
User-Agent: selenium/4.1.2 (java windows)
Content-Type: application/json; charset=utf-8
host: localhost:60005
accept: */*

Response DefaultHttpResponse(decodeResult: success, version: HTTP/1.1)
HTTP/1.1 200 OK
Content-Type: application/json; charset=utf-8
cache-control: no-cache
content-length: 14

11:14:19.820 [AsyncHttpClient-1-9] DEBUG org.asynchttpclient.netty.channel.ChannelManager - Adding key: http://localhost:60005 for channel [id: 0xfd4471e3, L:/127.0.0.1:61482 - R:localhost/127.0.0.1:60005]
11:14:20.210 [AsyncHttpClient-1-9] DEBUG org.asynchttpclient.netty.handler.HttpHandler - Channel Closed: [id: 0xfd4471e3, L:/127.0.0.1:61482 ! R:localhost/127.0.0.1:60005] with attribute DISCARD
11:14:20.619 [AsyncHttpClient-1-1] DEBUG org.asynchttpclient.netty.channel.DefaultChannelPool - Entry count for : http://localhost:61484 : 1
11:14:20.619 [AsyncHttpClient-1-1] DEBUG org.asynchttpclient.netty.channel.DefaultChannelPool - Entry count for : http://localhost:60005 : 1
11:14:20.620 [AsyncHttpClient-1-1] DEBUG org.asynchttpclient.netty.channel.DefaultChannelPool - Adding Candidate expired Channel [id: 0xf93a80c0, L:/127.0.0.1:61496 ! R:localhost/127.0.0.1:61484] isIdleTimeoutExpired=false isRemotelyClosed=true isTtlExpired=false
11:14:20.620 [AsyncHttpClient-1-1] DEBUG org.asynchttpclient.netty.channel.DefaultChannelPool - Closing Idle Channel [id: 0xf93a80c0, L:/127.0.0.1:61496 ! R:localhost/127.0.0.1:61484]
11:14:20.620 [AsyncHttpClient-1-1] DEBUG org.asynchttpclient.netty.channel.DefaultChannelPool - Adding Candidate expired Channel [id: 0xfd4471e3, L:/127.0.0.1:61482 ! R:localhost/127.0.0.1:60005] isIdleTimeoutExpired=false isRemotelyClosed=true isTtlExpired=false
11:14:20.620 [AsyncHttpClient-1-1] DEBUG org.asynchttpclient.netty.channel.DefaultChannelPool - Closing Idle Channel [id: 0xfd4471e3, L:/127.0.0.1:61482 ! R:localhost/127.0.0.1:60005]
11:14:20.620 [AsyncHttpClient-1-1] DEBUG org.asynchttpclient.netty.channel.DefaultChannelPool - Closed 2 connections out of 2 in 0 ms
]]></system-out>
    <system-err><![CDATA[Starting ChromeDriver 102.0.5005.61 (0e59bcc00cc4985ce39ad31c150065f159d95ad3-refs/branch-heads/5005@{#819}) on port 60005
Only local connections are allowed.
Please see https://chromedriver.chromium.org/security-considerations for suggestions on keeping ChromeDriver safe.
ChromeDriver was started successfully.
Jun 18, 2022 11:13:59 AM org.openqa.selenium.remote.ProtocolHandshake createSession
INFO: Detected dialect: W3C
Jun 18, 2022 11:13:59 AM org.openqa.selenium.devtools.CdpVersionFinder findNearestMatch
WARNING: Unable to find an exact match for CDP version 102, so returning the closest version found: a no-op implementation
Jun 18, 2022 11:13:59 AM org.openqa.selenium.devtools.CdpVersionFinder findNearestMatch
INFO: Unable to find CDP implementation matching 102.
Jun 18, 2022 11:13:59 AM org.openqa.selenium.chromium.ChromiumDriver lambda$new$3
WARNING: Unable to find version of CDP to use for . You may need to include a dependency on a specific version of the CDP using something similar to `org.seleniumhq.selenium:selenium-devtools-v86:4.1.2` where the version ("v86") matches the version of the chromium-based browser you're using and the version number of the artifact is the same as Selenium's.
]]></system-err>
  </testcase>
  <testcase name="As a admin i want to edit data pasien #5" classname="Edit Data Pasien - Admin" time="25.035">
    <system-out><![CDATA[
@EditPatientData
Scenario Outline: As a admin i want to edit data pasien         &amp#27;[90m# src/test/resources/features/EditDataPasien.feature:20&amp#27;[0m
11:14:20.770 [main] INFO io.cucumber.core.plugin.SerenityReporter - Running feature from file:///D:/New%20folder%20(2)/Capstone/Testing/src/test/resources/features/EditDataPasien.feature
11:14:20.834 [main] DEBUG net.thucydides.core.steps.StepInterceptor - STARTING STEP: PatientDataSteps.openPageDataPasien - openDataPasien
11:14:20.839 [main] INFO net.serenitybdd.core.webdriver.driverproviders.ChromeDriverProvider - Using automatically driver download
11:14:21.187 [main] DEBUG io.github.bonigarcia.wdm.cache.ResolutionCache - Resolution chrome=102 in cache (valid until 12:10:27 18/06/2022 ICT)
11:14:21.220 [main] DEBUG io.github.bonigarcia.wdm.cache.ResolutionCache - Resolution chrome102=102.0.5005.61 in cache (valid until 19:49:35 18/06/2022 ICT)
11:14:21.229 [main] INFO io.github.bonigarcia.wdm.WebDriverManager - Using chromedriver 102.0.5005.61 (resolved driver for Chrome 102)
11:14:21.358 [main] DEBUG io.github.bonigarcia.wdm.WebDriverManager - Driver chromedriver 102.0.5005.61 found in cache
11:14:21.360 [main] INFO io.github.bonigarcia.wdm.WebDriverManager - Exporting webdriver.chrome.driver as C:\Users\ASUS\.cache\selenium\chromedriver\win32\102.0.5005.61\chromedriver.exe
11:14:21.609 [main] DEBUG net.serenitybdd.core.webdriver.driverproviders.ProvideNewDriver - Instantiating driver
11:14:21.610 [main] DEBUG net.serenitybdd.core.webdriver.driverproviders.ProvideNewDriver - Driver capabilities: Capabilities {acceptInsecureCerts: false, base.url: https://fanciful-trifle-360..., browserName: chrome, chore.driver: src/test/resources/webdrive..., driver: chrome, goog:chromeOptions: {args: [], extensions: []}}
11:14:22.179 [AsyncHttpClient-1-4] DEBUG org.asynchttpclient.netty.channel.NettyConnectListener - Using new Channel '[id: 0xa0d7ff4c, L:/127.0.0.1:61531 - R:localhost/127.0.0.1:49555]' for 'POST' to '/session'
11:14:24.159 [AsyncHttpClient-1-4] DEBUG org.asynchttpclient.netty.handler.HttpHandler - 

Request DefaultHttpRequest(decodeResult: success, version: HTTP/1.1)
POST /session HTTP/1.1
User-Agent: selenium/4.1.2 (java windows)
Content-Length: 628
Content-Type: application/json; charset=utf-8
host: localhost:49555
accept: */*

Response DefaultHttpResponse(decodeResult: success, version: HTTP/1.1)
HTTP/1.1 200 OK
Content-Type: application/json; charset=utf-8
cache-control: no-cache
content-length: 789

11:14:24.159 [AsyncHttpClient-1-4] DEBUG org.asynchttpclient.netty.channel.ChannelManager - Adding key: http://localhost:49555 for channel [id: 0xa0d7ff4c, L:/127.0.0.1:61531 - R:localhost/127.0.0.1:49555]
11:14:24.192 [AsyncHttpClient-1-5] DEBUG org.asynchttpclient.netty.channel.NettyConnectListener - Using new Channel '[id: 0xfd58961f, L:/127.0.0.1:61543 - R:localhost/127.0.0.1:61533]' for 'GET' to '/json/version'
11:14:24.194 [AsyncHttpClient-1-5] DEBUG org.asynchttpclient.netty.handler.HttpHandler - 

Request DefaultFullHttpRequest(decodeResult: success, version: HTTP/1.1, content: EmptyByteBufBE)
GET /json/version HTTP/1.1
User-Agent: selenium/4.1.2 (java windows)
host: localhost:61533
accept: */*

Response DefaultHttpResponse(decodeResult: success, version: HTTP/1.1)
HTTP/1.1 200 OK
Content-Type: application/json; charset=UTF-8
content-length: 428

11:14:24.194 [AsyncHttpClient-1-5] DEBUG org.asynchttpclient.netty.channel.ChannelManager - Adding key: http://localhost:61533 for channel [id: 0xfd58961f, L:/127.0.0.1:61543 - R:localhost/127.0.0.1:61533]
11:14:24.201 [AsyncHttpClient-1-6] DEBUG org.asynchttpclient.netty.channel.NettyConnectListener - Using new Channel '[id: 0xc344cda0, L:/127.0.0.1:61544 - R:localhost/127.0.0.1:61533]' for 'GET' to '/devtools/browser/555effe8-5be2-4c64-b731-06444d95a021'
11:14:24.205 [AsyncHttpClient-1-6] DEBUG org.asynchttpclient.netty.handler.WebSocketHandler - 

Request DefaultFullHttpRequest(decodeResult: success, version: HTTP/1.1, content: EmptyByteBufBE)
GET /devtools/browser/555effe8-5be2-4c64-b731-06444d95a021 HTTP/1.1
upgrade: websocket
connection: upgrade
sec-websocket-key: uJHYxF47jkLyk4zXmopTKA==
sec-websocket-version: 13
origin: http://localhost:61533
host: localhost:61533
accept: */*
user-agent: AHC/2.1

Response DefaultHttpResponse(decodeResult: success, version: HTTP/1.1)
HTTP/1.1 101 WebSocket Protocol Handshake
Upgrade: WebSocket
Connection: Upgrade
Sec-WebSocket-Accept: 83D0Aqim5aZBGkHJmuPehsla7ZU=

11:14:24.214 [Forwarding get on session 203fac459231084d1f902d19e6dc599e to remote] DEBUG org.asynchttpclient.netty.request.NettyRequestSender - Using pooled Channel '[id: 0xa0d7ff4c, L:/127.0.0.1:61531 - R:localhost/127.0.0.1:49555]' for 'POST' to 'http://localhost:49555/session/203fac459231084d1f902d19e6dc599e/url'
11:14:24.214 [Forwarding get on session 203fac459231084d1f902d19e6dc599e to remote] DEBUG org.asynchttpclient.netty.request.NettyRequestSender - Using open Channel [id: 0xa0d7ff4c, L:/127.0.0.1:61531 - R:localhost/127.0.0.1:49555] for POST '/session/203fac459231084d1f902d19e6dc599e/url'
11:14:25.021 [AsyncHttpClient-1-1] DEBUG org.asynchttpclient.netty.channel.DefaultChannelPool - Entry count for : http://localhost:61533 : 1
11:14:25.791 [AsyncHttpClient-1-4] DEBUG org.asynchttpclient.netty.handler.HttpHandler - 

Request DefaultHttpRequest(decodeResult: success, version: HTTP/1.1)
POST /session/203fac459231084d1f902d19e6dc599e/url HTTP/1.1
User-Agent: selenium/4.1.2 (java windows)
Content-Length: 84
Content-Type: application/json; charset=utf-8
host: localhost:49555
accept: */*

Response DefaultHttpResponse(decodeResult: success, version: HTTP/1.1)
HTTP/1.1 200 OK
Content-Type: application/json; charset=utf-8
cache-control: no-cache
content-length: 14

11:14:25.791 [AsyncHttpClient-1-4] DEBUG org.asynchttpclient.netty.channel.ChannelManager - Adding key: http://localhost:49555 for channel [id: 0xa0d7ff4c, L:/127.0.0.1:61531 - R:localhost/127.0.0.1:49555]
11:14:25.793 [Forwarding setTimeout on session 203fac459231084d1f902d19e6dc599e to remote] DEBUG org.asynchttpclient.netty.request.NettyRequestSender - Using pooled Channel '[id: 0xa0d7ff4c, L:/127.0.0.1:61531 - R:localhost/127.0.0.1:49555]' for 'POST' to 'http://localhost:49555/session/203fac459231084d1f902d19e6dc599e/timeouts'
11:14:25.793 [Forwarding setTimeout on session 203fac459231084d1f902d19e6dc599e to remote] DEBUG org.asynchttpclient.netty.request.NettyRequestSender - Using open Channel [id: 0xa0d7ff4c, L:/127.0.0.1:61531 - R:localhost/127.0.0.1:49555] for POST '/session/203fac459231084d1f902d19e6dc599e/timeouts'
11:14:25.796 [AsyncHttpClient-1-4] DEBUG org.asynchttpclient.netty.handler.HttpHandler - 

Request DefaultHttpRequest(decodeResult: success, version: HTTP/1.1)
POST /session/203fac459231084d1f902d19e6dc599e/timeouts HTTP/1.1
User-Agent: selenium/4.1.2 (java windows)
Content-Length: 22
Content-Type: application/json; charset=utf-8
host: localhost:49555
accept: */*

Response DefaultHttpResponse(decodeResult: success, version: HTTP/1.1)
HTTP/1.1 200 OK
Content-Type: application/json; charset=utf-8
cache-control: no-cache
content-length: 14

11:14:25.796 [AsyncHttpClient-1-4] DEBUG org.asynchttpclient.netty.channel.ChannelManager - Adding key: http://localhost:49555 for channel [id: 0xa0d7ff4c, L:/127.0.0.1:61531 - R:localhost/127.0.0.1:49555]
11:14:25.806 [Forwarding getCurrentUrl on session 203fac459231084d1f902d19e6dc599e to remote] DEBUG org.asynchttpclient.netty.request.NettyRequestSender - Using pooled Channel '[id: 0xa0d7ff4c, L:/127.0.0.1:61531 - R:localhost/127.0.0.1:49555]' for 'GET' to 'http://localhost:49555/session/203fac459231084d1f902d19e6dc599e/url'
11:14:25.806 [Forwarding getCurrentUrl on session 203fac459231084d1f902d19e6dc599e to remote] DEBUG org.asynchttpclient.netty.request.NettyRequestSender - Using open Channel [id: 0xa0d7ff4c, L:/127.0.0.1:61531 - R:localhost/127.0.0.1:49555] for GET '/session/203fac459231084d1f902d19e6dc599e/url'
11:14:25.822 [AsyncHttpClient-1-4] DEBUG org.asynchttpclient.netty.handler.HttpHandler - 

Request DefaultFullHttpRequest(decodeResult: success, version: HTTP/1.1, content: EmptyByteBufBE)
GET /session/203fac459231084d1f902d19e6dc599e/url HTTP/1.1
User-Agent: selenium/4.1.2 (java windows)
Cache-Control: no-cache
Content-Type: application/json; charset=utf-8
host: localhost:49555
accept: */*

Response DefaultHttpResponse(decodeResult: success, version: HTTP/1.1)
HTTP/1.1 200 OK
Content-Type: application/json; charset=utf-8
cache-control: no-cache
content-length: 66

11:14:25.822 [AsyncHttpClient-1-4] DEBUG org.asynchttpclient.netty.channel.ChannelManager - Adding key: http://localhost:49555 for channel [id: 0xa0d7ff4c, L:/127.0.0.1:61531 - R:localhost/127.0.0.1:49555]
11:14:25.840 [Forwarding screenshot on session 203fac459231084d1f902d19e6dc599e to remote] DEBUG org.asynchttpclient.netty.request.NettyRequestSender - Using pooled Channel '[id: 0xa0d7ff4c, L:/127.0.0.1:61531 - R:localhost/127.0.0.1:49555]' for 'GET' to 'http://localhost:49555/session/203fac459231084d1f902d19e6dc599e/screenshot'
11:14:25.840 [Forwarding screenshot on session 203fac459231084d1f902d19e6dc599e to remote] DEBUG org.asynchttpclient.netty.request.NettyRequestSender - Using open Channel [id: 0xa0d7ff4c, L:/127.0.0.1:61531 - R:localhost/127.0.0.1:49555] for GET '/session/203fac459231084d1f902d19e6dc599e/screenshot'
11:14:26.113 [AsyncHttpClient-1-1] DEBUG org.asynchttpclient.netty.channel.DefaultChannelPool - Entry count for : http://localhost:61533 : 1
11:14:27.147 [AsyncHttpClient-1-4] DEBUG org.asynchttpclient.netty.handler.HttpHandler - 

Request DefaultFullHttpRequest(decodeResult: success, version: HTTP/1.1, content: EmptyByteBufBE)
GET /session/203fac459231084d1f902d19e6dc599e/screenshot HTTP/1.1
User-Agent: selenium/4.1.2 (java windows)
Cache-Control: no-cache
Content-Type: application/json; charset=utf-8
host: localhost:49555
accept: */*

Response DefaultHttpResponse(decodeResult: success, version: HTTP/1.1)
HTTP/1.1 200 OK
Content-Type: application/json; charset=utf-8
cache-control: no-cache
content-length: 76172

11:14:27.150 [AsyncHttpClient-1-4] DEBUG org.asynchttpclient.netty.channel.ChannelManager - Adding key: http://localhost:49555 for channel [id: 0xa0d7ff4c, L:/127.0.0.1:61531 - R:localhost/127.0.0.1:49555]
11:14:27.156 [main] DEBUG net.serenitybdd.core.photography.Darkroom - Send negative for processing for target\site\serenity\9e899fecd47e809d791c9b0100169948cc2a499e39a03448d6ef91ac7af2a9e4.png
11:14:27.157 [main] DEBUG net.thucydides.core.steps.StepInterceptor - STEP DONE: openDataPasien
  &amp#27;[32mGiven &amp#27;[0m&amp#27;[32mOpen page data pasien&amp#27;[0m                                   &amp#27;[90m# starter.stepdefinitios.PatientDataSteps.openPageDataPasien()&amp#27;[0m
11:14:27.158 [Darkroom Processing Line] DEBUG net.serenitybdd.core.photography.DarkroomProcessingLine - Processing screenshot image in /var/screenshots/screenshot-16490906903687128858
11:14:27.158 [Darkroom Processing Line] DEBUG net.serenitybdd.core.photography.DarkroomProcessingLine - Saving screenshot to target\site\serenity\9e899fecd47e809d791c9b0100169948cc2a499e39a03448d6ef91ac7af2a9e4.png
11:14:27.196 [main] DEBUG net.thucydides.core.steps.StepInterceptor - STARTING STEP: PatientDataSteps.clickDetailPatientData - clickButtonDetail
11:14:27.206 [Forwarding findElement on session 203fac459231084d1f902d19e6dc599e to remote] DEBUG org.asynchttpclient.netty.request.NettyRequestSender - Using pooled Channel '[id: 0xa0d7ff4c, L:/127.0.0.1:61531 - R:localhost/127.0.0.1:49555]' for 'POST' to 'http://localhost:49555/session/203fac459231084d1f902d19e6dc599e/element'
11:14:27.206 [Forwarding findElement on session 203fac459231084d1f902d19e6dc599e to remote] DEBUG org.asynchttpclient.netty.request.NettyRequestSender - Using open Channel [id: 0xa0d7ff4c, L:/127.0.0.1:61531 - R:localhost/127.0.0.1:49555] for POST '/session/203fac459231084d1f902d19e6dc599e/element'
11:14:27.214 [AsyncHttpClient-1-1] DEBUG org.asynchttpclient.netty.channel.DefaultChannelPool - Entry count for : http://localhost:61533 : 1
11:14:27.232 [AsyncHttpClient-1-4] DEBUG org.asynchttpclient.netty.handler.HttpHandler - 

Request DefaultHttpRequest(decodeResult: success, version: HTTP/1.1)
POST /session/203fac459231084d1f902d19e6dc599e/element HTTP/1.1
User-Agent: selenium/4.1.2 (java windows)
Content-Length: 92
Content-Type: application/json; charset=utf-8
host: localhost:49555
accept: */*

Response DefaultHttpResponse(decodeResult: success, version: HTTP/1.1)
HTTP/1.1 200 OK
Content-Type: application/json; charset=utf-8
cache-control: no-cache
content-length: 88

11:14:27.232 [AsyncHttpClient-1-4] DEBUG org.asynchttpclient.netty.channel.ChannelManager - Adding key: http://localhost:49555 for channel [id: 0xa0d7ff4c, L:/127.0.0.1:61531 - R:localhost/127.0.0.1:49555]
11:14:27.235 [Forwarding getElementTagName on session 203fac459231084d1f902d19e6dc599e to remote] DEBUG org.asynchttpclient.netty.request.NettyRequestSender - Using pooled Channel '[id: 0xa0d7ff4c, L:/127.0.0.1:61531 - R:localhost/127.0.0.1:49555]' for 'GET' to 'http://localhost:49555/session/203fac459231084d1f902d19e6dc599e/element/bb7a1c06-5c44-46c8-9494-bb70438ae093/name'
11:14:27.235 [Forwarding getElementTagName on session 203fac459231084d1f902d19e6dc599e to remote] DEBUG org.asynchttpclient.netty.request.NettyRequestSender - Using open Channel [id: 0xa0d7ff4c, L:/127.0.0.1:61531 - R:localhost/127.0.0.1:49555] for GET '/session/203fac459231084d1f902d19e6dc599e/element/bb7a1c06-5c44-46c8-9494-bb70438ae093/name'
11:14:27.243 [AsyncHttpClient-1-4] DEBUG org.asynchttpclient.netty.handler.HttpHandler - 

Request DefaultFullHttpRequest(decodeResult: success, version: HTTP/1.1, content: EmptyByteBufBE)
GET /session/203fac459231084d1f902d19e6dc599e/element/bb7a1c06-5c44-46c8-9494-bb70438ae093/name HTTP/1.1
User-Agent: selenium/4.1.2 (java windows)
Cache-Control: no-cache
Content-Type: application/json; charset=utf-8
host: localhost:49555
accept: */*

Response DefaultHttpResponse(decodeResult: success, version: HTTP/1.1)
HTTP/1.1 200 OK
Content-Type: application/json; charset=utf-8
cache-control: no-cache
content-length: 15

11:14:27.243 [AsyncHttpClient-1-4] DEBUG org.asynchttpclient.netty.channel.ChannelManager - Adding key: http://localhost:49555 for channel [id: 0xa0d7ff4c, L:/127.0.0.1:61531 - R:localhost/127.0.0.1:49555]
11:14:27.245 [Forwarding getElementTagName on session 203fac459231084d1f902d19e6dc599e to remote] DEBUG org.asynchttpclient.netty.request.NettyRequestSender - Using pooled Channel '[id: 0xa0d7ff4c, L:/127.0.0.1:61531 - R:localhost/127.0.0.1:49555]' for 'GET' to 'http://localhost:49555/session/203fac459231084d1f902d19e6dc599e/element/bb7a1c06-5c44-46c8-9494-bb70438ae093/name'
11:14:27.245 [Forwarding getElementTagName on session 203fac459231084d1f902d19e6dc599e to remote] DEBUG org.asynchttpclient.netty.request.NettyRequestSender - Using open Channel [id: 0xa0d7ff4c, L:/127.0.0.1:61531 - R:localhost/127.0.0.1:49555] for GET '/session/203fac459231084d1f902d19e6dc599e/element/bb7a1c06-5c44-46c8-9494-bb70438ae093/name'
11:14:27.254 [AsyncHttpClient-1-4] DEBUG org.asynchttpclient.netty.handler.HttpHandler - 

Request DefaultFullHttpRequest(decodeResult: success, version: HTTP/1.1, content: EmptyByteBufBE)
GET /session/203fac459231084d1f902d19e6dc599e/element/bb7a1c06-5c44-46c8-9494-bb70438ae093/name HTTP/1.1
User-Agent: selenium/4.1.2 (java windows)
Cache-Control: no-cache
Content-Type: application/json; charset=utf-8
host: localhost:49555
accept: */*

Response DefaultHttpResponse(decodeResult: success, version: HTTP/1.1)
HTTP/1.1 200 OK
Content-Type: application/json; charset=utf-8
cache-control: no-cache
content-length: 15

11:14:27.254 [AsyncHttpClient-1-4] DEBUG org.asynchttpclient.netty.channel.ChannelManager - Adding key: http://localhost:49555 for channel [id: 0xa0d7ff4c, L:/127.0.0.1:61531 - R:localhost/127.0.0.1:49555]
11:14:27.257 [Forwarding findElement on session 203fac459231084d1f902d19e6dc599e to remote] DEBUG org.asynchttpclient.netty.request.NettyRequestSender - Using pooled Channel '[id: 0xa0d7ff4c, L:/127.0.0.1:61531 - R:localhost/127.0.0.1:49555]' for 'POST' to 'http://localhost:49555/session/203fac459231084d1f902d19e6dc599e/element'
11:14:27.258 [Forwarding findElement on session 203fac459231084d1f902d19e6dc599e to remote] DEBUG org.asynchttpclient.netty.request.NettyRequestSender - Using open Channel [id: 0xa0d7ff4c, L:/127.0.0.1:61531 - R:localhost/127.0.0.1:49555] for POST '/session/203fac459231084d1f902d19e6dc599e/element'
11:14:27.273 [AsyncHttpClient-1-4] DEBUG org.asynchttpclient.netty.handler.HttpHandler - 

Request DefaultHttpRequest(decodeResult: success, version: HTTP/1.1)
POST /session/203fac459231084d1f902d19e6dc599e/element HTTP/1.1
User-Agent: selenium/4.1.2 (java windows)
Content-Length: 92
Content-Type: application/json; charset=utf-8
host: localhost:49555
accept: */*

Response DefaultHttpResponse(decodeResult: success, version: HTTP/1.1)
HTTP/1.1 200 OK
Content-Type: application/json; charset=utf-8
cache-control: no-cache
content-length: 88

11:14:27.273 [AsyncHttpClient-1-4] DEBUG org.asynchttpclient.netty.channel.ChannelManager - Adding key: http://localhost:49555 for channel [id: 0xa0d7ff4c, L:/127.0.0.1:61531 - R:localhost/127.0.0.1:49555]
11:14:27.275 [Forwarding clickElement on session 203fac459231084d1f902d19e6dc599e to remote] DEBUG org.asynchttpclient.netty.request.NettyRequestSender - Using pooled Channel '[id: 0xa0d7ff4c, L:/127.0.0.1:61531 - R:localhost/127.0.0.1:49555]' for 'POST' to 'http://localhost:49555/session/203fac459231084d1f902d19e6dc599e/element/bb7a1c06-5c44-46c8-9494-bb70438ae093/click'
11:14:27.275 [Forwarding clickElement on session 203fac459231084d1f902d19e6dc599e to remote] DEBUG org.asynchttpclient.netty.request.NettyRequestSender - Using open Channel [id: 0xa0d7ff4c, L:/127.0.0.1:61531 - R:localhost/127.0.0.1:49555] for POST '/session/203fac459231084d1f902d19e6dc599e/element/bb7a1c06-5c44-46c8-9494-bb70438ae093/click'
11:14:27.691 [AsyncHttpClient-1-4] DEBUG org.asynchttpclient.netty.handler.HttpHandler - 

Request DefaultHttpRequest(decodeResult: success, version: HTTP/1.1)
POST /session/203fac459231084d1f902d19e6dc599e/element/bb7a1c06-5c44-46c8-9494-bb70438ae093/click HTTP/1.1
User-Agent: selenium/4.1.2 (java windows)
Content-Length: 50
Content-Type: application/json; charset=utf-8
host: localhost:49555
accept: */*

Response DefaultHttpResponse(decodeResult: success, version: HTTP/1.1)
HTTP/1.1 200 OK
Content-Type: application/json; charset=utf-8
cache-control: no-cache
content-length: 14

11:14:27.691 [AsyncHttpClient-1-4] DEBUG org.asynchttpclient.netty.channel.ChannelManager - Adding key: http://localhost:49555 for channel [id: 0xa0d7ff4c, L:/127.0.0.1:61531 - R:localhost/127.0.0.1:49555]
11:14:27.711 [Forwarding screenshot on session 203fac459231084d1f902d19e6dc599e to remote] DEBUG org.asynchttpclient.netty.request.NettyRequestSender - Using pooled Channel '[id: 0xa0d7ff4c, L:/127.0.0.1:61531 - R:localhost/127.0.0.1:49555]' for 'GET' to 'http://localhost:49555/session/203fac459231084d1f902d19e6dc599e/screenshot'
11:14:27.711 [Forwarding screenshot on session 203fac459231084d1f902d19e6dc599e to remote] DEBUG org.asynchttpclient.netty.request.NettyRequestSender - Using open Channel [id: 0xa0d7ff4c, L:/127.0.0.1:61531 - R:localhost/127.0.0.1:49555] for GET '/session/203fac459231084d1f902d19e6dc599e/screenshot'
11:14:28.327 [AsyncHttpClient-1-1] DEBUG org.asynchttpclient.netty.channel.DefaultChannelPool - Entry count for : http://localhost:61533 : 1
11:14:28.406 [AsyncHttpClient-1-4] DEBUG org.asynchttpclient.netty.handler.HttpHandler - 

Request DefaultFullHttpRequest(decodeResult: success, version: HTTP/1.1, content: EmptyByteBufBE)
GET /session/203fac459231084d1f902d19e6dc599e/screenshot HTTP/1.1
User-Agent: selenium/4.1.2 (java windows)
Cache-Control: no-cache
Content-Type: application/json; charset=utf-8
host: localhost:49555
accept: */*

Response DefaultHttpResponse(decodeResult: success, version: HTTP/1.1)
HTTP/1.1 200 OK
Content-Type: application/json; charset=utf-8
cache-control: no-cache
content-length: 56804

11:14:28.406 [AsyncHttpClient-1-4] DEBUG org.asynchttpclient.netty.channel.ChannelManager - Adding key: http://localhost:49555 for channel [id: 0xa0d7ff4c, L:/127.0.0.1:61531 - R:localhost/127.0.0.1:49555]
11:14:28.411 [main] DEBUG net.serenitybdd.core.photography.Darkroom - Send negative for processing for target\site\serenity\9907fa632af6c7d75e8da9b9c1afba7a442156c14dbf5022e054555ff936fb10.png
11:14:28.411 [main] DEBUG net.thucydides.core.steps.StepInterceptor - STEP DONE: clickButtonDetail
  &amp#27;[32mAnd &amp#27;[0m&amp#27;[32mClick Detail Patient data&amp#27;[0m                                 &amp#27;[90m# starter.stepdefinitios.PatientDataSteps.clickDetailPatientData()&amp#27;[0m
11:14:28.412 [Darkroom Processing Line] DEBUG net.serenitybdd.core.photography.DarkroomProcessingLine - Processing screenshot image in /var/screenshots/screenshot-1384083006941770703
11:14:28.412 [Darkroom Processing Line] DEBUG net.serenitybdd.core.photography.DarkroomProcessingLine - Saving screenshot to target\site\serenity\9907fa632af6c7d75e8da9b9c1afba7a442156c14dbf5022e054555ff936fb10.png
11:14:28.961 [Forwarding screenshot on session 203fac459231084d1f902d19e6dc599e to remote] DEBUG org.asynchttpclient.netty.request.NettyRequestSender - Using pooled Channel '[id: 0xa0d7ff4c, L:/127.0.0.1:61531 - R:localhost/127.0.0.1:49555]' for 'GET' to 'http://localhost:49555/session/203fac459231084d1f902d19e6dc599e/screenshot'
11:14:28.961 [Forwarding screenshot on session 203fac459231084d1f902d19e6dc599e to remote] DEBUG org.asynchttpclient.netty.request.NettyRequestSender - Using open Channel [id: 0xa0d7ff4c, L:/127.0.0.1:61531 - R:localhost/127.0.0.1:49555] for GET '/session/203fac459231084d1f902d19e6dc599e/screenshot'
11:14:29.320 [AsyncHttpClient-1-4] DEBUG org.asynchttpclient.netty.handler.HttpHandler - 

Request DefaultFullHttpRequest(decodeResult: success, version: HTTP/1.1, content: EmptyByteBufBE)
GET /session/203fac459231084d1f902d19e6dc599e/screenshot HTTP/1.1
User-Agent: selenium/4.1.2 (java windows)
Cache-Control: no-cache
Content-Type: application/json; charset=utf-8
host: localhost:49555
accept: */*

Response DefaultHttpResponse(decodeResult: success, version: HTTP/1.1)
HTTP/1.1 200 OK
Content-Type: application/json; charset=utf-8
cache-control: no-cache
content-length: 409892

11:14:29.322 [AsyncHttpClient-1-4] DEBUG org.asynchttpclient.netty.channel.ChannelManager - Adding key: http://localhost:49555 for channel [id: 0xa0d7ff4c, L:/127.0.0.1:61531 - R:localhost/127.0.0.1:49555]
11:14:29.354 [main] DEBUG net.serenitybdd.core.photography.Darkroom - Send negative for processing for target\site\serenity\69ba7eafba60be9e222a21544dcba4143f1a59aae11eaeb58d715969322802fe.png
11:14:29.355 [main] DEBUG net.thucydides.core.steps.StepInterceptor - STARTING STEP: PatientDataSteps.validData - checkValidDataPasien
11:14:29.362 [Forwarding findElement on session 203fac459231084d1f902d19e6dc599e to remote] DEBUG org.asynchttpclient.netty.request.NettyRequestSender - Using pooled Channel '[id: 0xa0d7ff4c, L:/127.0.0.1:61531 - R:localhost/127.0.0.1:49555]' for 'POST' to 'http://localhost:49555/session/203fac459231084d1f902d19e6dc599e/element'
11:14:29.362 [Forwarding findElement on session 203fac459231084d1f902d19e6dc599e to remote] DEBUG org.asynchttpclient.netty.request.NettyRequestSender - Using open Channel [id: 0xa0d7ff4c, L:/127.0.0.1:61531 - R:localhost/127.0.0.1:49555] for POST '/session/203fac459231084d1f902d19e6dc599e/element'
11:14:29.374 [Darkroom Processing Line] DEBUG net.serenitybdd.core.photography.DarkroomProcessingLine - Processing screenshot image in /var/screenshots/screenshot-4755689174088036446
11:14:29.375 [Darkroom Processing Line] DEBUG net.serenitybdd.core.photography.DarkroomProcessingLine - Saving screenshot to target\site\serenity\69ba7eafba60be9e222a21544dcba4143f1a59aae11eaeb58d715969322802fe.png
11:14:29.412 [AsyncHttpClient-1-1] DEBUG org.asynchttpclient.netty.channel.DefaultChannelPool - Entry count for : http://localhost:61533 : 1
11:14:29.413 [AsyncHttpClient-1-4] DEBUG org.asynchttpclient.netty.handler.HttpHandler - 

Request DefaultHttpRequest(decodeResult: success, version: HTTP/1.1)
POST /session/203fac459231084d1f902d19e6dc599e/element HTTP/1.1
User-Agent: selenium/4.1.2 (java windows)
Content-Length: 95
Content-Type: application/json; charset=utf-8
host: localhost:49555
accept: */*

Response DefaultHttpResponse(decodeResult: success, version: HTTP/1.1)
HTTP/1.1 200 OK
Content-Type: application/json; charset=utf-8
cache-control: no-cache
content-length: 88

11:14:29.413 [AsyncHttpClient-1-4] DEBUG org.asynchttpclient.netty.channel.ChannelManager - Adding key: http://localhost:49555 for channel [id: 0xa0d7ff4c, L:/127.0.0.1:61531 - R:localhost/127.0.0.1:49555]
11:14:29.414 [Forwarding isElementEnabled on session 203fac459231084d1f902d19e6dc599e to remote] DEBUG org.asynchttpclient.netty.request.NettyRequestSender - Using pooled Channel '[id: 0xa0d7ff4c, L:/127.0.0.1:61531 - R:localhost/127.0.0.1:49555]' for 'GET' to 'http://localhost:49555/session/203fac459231084d1f902d19e6dc599e/element/46355b03-b722-4fb9-a190-82df670ec959/enabled'
11:14:29.415 [Forwarding isElementEnabled on session 203fac459231084d1f902d19e6dc599e to remote] DEBUG org.asynchttpclient.netty.request.NettyRequestSender - Using open Channel [id: 0xa0d7ff4c, L:/127.0.0.1:61531 - R:localhost/127.0.0.1:49555] for GET '/session/203fac459231084d1f902d19e6dc599e/element/46355b03-b722-4fb9-a190-82df670ec959/enabled'
11:14:29.441 [AsyncHttpClient-1-4] DEBUG org.asynchttpclient.netty.handler.HttpHandler - 

Request DefaultFullHttpRequest(decodeResult: success, version: HTTP/1.1, content: EmptyByteBufBE)
GET /session/203fac459231084d1f902d19e6dc599e/element/46355b03-b722-4fb9-a190-82df670ec959/enabled HTTP/1.1
User-Agent: selenium/4.1.2 (java windows)
Cache-Control: no-cache
Content-Type: application/json; charset=utf-8
host: localhost:49555
accept: */*

Response DefaultHttpResponse(decodeResult: success, version: HTTP/1.1)
HTTP/1.1 200 OK
Content-Type: application/json; charset=utf-8
cache-control: no-cache
content-length: 14

11:14:29.442 [AsyncHttpClient-1-4] DEBUG org.asynchttpclient.netty.channel.ChannelManager - Adding key: http://localhost:49555 for channel [id: 0xa0d7ff4c, L:/127.0.0.1:61531 - R:localhost/127.0.0.1:49555]
11:14:29.454 [Forwarding screenshot on session 203fac459231084d1f902d19e6dc599e to remote] DEBUG org.asynchttpclient.netty.request.NettyRequestSender - Using pooled Channel '[id: 0xa0d7ff4c, L:/127.0.0.1:61531 - R:localhost/127.0.0.1:49555]' for 'GET' to 'http://localhost:49555/session/203fac459231084d1f902d19e6dc599e/screenshot'
11:14:29.454 [Forwarding screenshot on session 203fac459231084d1f902d19e6dc599e to remote] DEBUG org.asynchttpclient.netty.request.NettyRequestSender - Using open Channel [id: 0xa0d7ff4c, L:/127.0.0.1:61531 - R:localhost/127.0.0.1:49555] for GET '/session/203fac459231084d1f902d19e6dc599e/screenshot'
11:14:29.850 [AsyncHttpClient-1-4] DEBUG org.asynchttpclient.netty.handler.HttpHandler - 

Request DefaultFullHttpRequest(decodeResult: success, version: HTTP/1.1, content: EmptyByteBufBE)
GET /session/203fac459231084d1f902d19e6dc599e/screenshot HTTP/1.1
User-Agent: selenium/4.1.2 (java windows)
Cache-Control: no-cache
Content-Type: application/json; charset=utf-8
host: localhost:49555
accept: */*

Response DefaultHttpResponse(decodeResult: success, version: HTTP/1.1)
HTTP/1.1 200 OK
Content-Type: application/json; charset=utf-8
cache-control: no-cache
content-length: 409892

11:14:29.852 [AsyncHttpClient-1-4] DEBUG org.asynchttpclient.netty.channel.ChannelManager - Adding key: http://localhost:49555 for channel [id: 0xa0d7ff4c, L:/127.0.0.1:61531 - R:localhost/127.0.0.1:49555]
11:14:29.886 [main] DEBUG net.serenitybdd.core.photography.Darkroom - Send negative for processing for target\site\serenity\69ba7eafba60be9e222a21544dcba4143f1a59aae11eaeb58d715969322802fe.png
11:14:29.886 [main] DEBUG net.thucydides.core.steps.StepInterceptor - STEP DONE: checkValidDataPasien
  &amp#27;[32mWhen &amp#27;[0m&amp#27;[32mValid data detail pasien&amp#27;[0m                                 &amp#27;[90m# starter.stepdefinitios.PatientDataSteps.validData()&amp#27;[0m
11:14:29.934 [main] DEBUG net.thucydides.core.steps.StepInterceptor - STARTING STEP: PatientDataSteps.clickButtonEditProfil - clickButtonEditDataPasien
11:14:29.942 [Forwarding findElement on session 203fac459231084d1f902d19e6dc599e to remote] DEBUG org.asynchttpclient.netty.request.NettyRequestSender - Using pooled Channel '[id: 0xa0d7ff4c, L:/127.0.0.1:61531 - R:localhost/127.0.0.1:49555]' for 'POST' to 'http://localhost:49555/session/203fac459231084d1f902d19e6dc599e/element'
11:14:29.942 [Forwarding findElement on session 203fac459231084d1f902d19e6dc599e to remote] DEBUG org.asynchttpclient.netty.request.NettyRequestSender - Using open Channel [id: 0xa0d7ff4c, L:/127.0.0.1:61531 - R:localhost/127.0.0.1:49555] for POST '/session/203fac459231084d1f902d19e6dc599e/element'
11:14:29.977 [AsyncHttpClient-1-4] DEBUG org.asynchttpclient.netty.handler.HttpHandler - 

Request DefaultHttpRequest(decodeResult: success, version: HTTP/1.1)
POST /session/203fac459231084d1f902d19e6dc599e/element HTTP/1.1
User-Agent: selenium/4.1.2 (java windows)
Content-Length: 116
Content-Type: application/json; charset=utf-8
host: localhost:49555
accept: */*

Response DefaultHttpResponse(decodeResult: success, version: HTTP/1.1)
HTTP/1.1 200 OK
Content-Type: application/json; charset=utf-8
cache-control: no-cache
content-length: 88

11:14:29.977 [AsyncHttpClient-1-4] DEBUG org.asynchttpclient.netty.channel.ChannelManager - Adding key: http://localhost:49555 for channel [id: 0xa0d7ff4c, L:/127.0.0.1:61531 - R:localhost/127.0.0.1:49555]
11:14:29.986 [Forwarding getElementTagName on session 203fac459231084d1f902d19e6dc599e to remote] DEBUG org.asynchttpclient.netty.request.NettyRequestSender - Using pooled Channel '[id: 0xa0d7ff4c, L:/127.0.0.1:61531 - R:localhost/127.0.0.1:49555]' for 'GET' to 'http://localhost:49555/session/203fac459231084d1f902d19e6dc599e/element/ccd438ec-2912-440b-9576-333d3baa7e32/name'
11:14:29.986 [Forwarding getElementTagName on session 203fac459231084d1f902d19e6dc599e to remote] DEBUG org.asynchttpclient.netty.request.NettyRequestSender - Using open Channel [id: 0xa0d7ff4c, L:/127.0.0.1:61531 - R:localhost/127.0.0.1:49555] for GET '/session/203fac459231084d1f902d19e6dc599e/element/ccd438ec-2912-440b-9576-333d3baa7e32/name'
11:14:30.079 [AsyncHttpClient-1-4] DEBUG org.asynchttpclient.netty.handler.HttpHandler - 

Request DefaultFullHttpRequest(decodeResult: success, version: HTTP/1.1, content: EmptyByteBufBE)
GET /session/203fac459231084d1f902d19e6dc599e/element/ccd438ec-2912-440b-9576-333d3baa7e32/name HTTP/1.1
User-Agent: selenium/4.1.2 (java windows)
Cache-Control: no-cache
Content-Type: application/json; charset=utf-8
host: localhost:49555
accept: */*

Response DefaultHttpResponse(decodeResult: success, version: HTTP/1.1)
HTTP/1.1 200 OK
Content-Type: application/json; charset=utf-8
cache-control: no-cache
content-length: 18

11:14:30.079 [AsyncHttpClient-1-4] DEBUG org.asynchttpclient.netty.channel.ChannelManager - Adding key: http://localhost:49555 for channel [id: 0xa0d7ff4c, L:/127.0.0.1:61531 - R:localhost/127.0.0.1:49555]
11:14:30.081 [Forwarding getElementTagName on session 203fac459231084d1f902d19e6dc599e to remote] DEBUG org.asynchttpclient.netty.request.NettyRequestSender - Using pooled Channel '[id: 0xa0d7ff4c, L:/127.0.0.1:61531 - R:localhost/127.0.0.1:49555]' for 'GET' to 'http://localhost:49555/session/203fac459231084d1f902d19e6dc599e/element/ccd438ec-2912-440b-9576-333d3baa7e32/name'
11:14:30.081 [Forwarding getElementTagName on session 203fac459231084d1f902d19e6dc599e to remote] DEBUG org.asynchttpclient.netty.request.NettyRequestSender - Using open Channel [id: 0xa0d7ff4c, L:/127.0.0.1:61531 - R:localhost/127.0.0.1:49555] for GET '/session/203fac459231084d1f902d19e6dc599e/element/ccd438ec-2912-440b-9576-333d3baa7e32/name'
11:14:30.101 [AsyncHttpClient-1-4] DEBUG org.asynchttpclient.netty.handler.HttpHandler - 

Request DefaultFullHttpRequest(decodeResult: success, version: HTTP/1.1, content: EmptyByteBufBE)
GET /session/203fac459231084d1f902d19e6dc599e/element/ccd438ec-2912-440b-9576-333d3baa7e32/name HTTP/1.1
User-Agent: selenium/4.1.2 (java windows)
Cache-Control: no-cache
Content-Type: application/json; charset=utf-8
host: localhost:49555
accept: */*

Response DefaultHttpResponse(decodeResult: success, version: HTTP/1.1)
HTTP/1.1 200 OK
Content-Type: application/json; charset=utf-8
cache-control: no-cache
content-length: 18

11:14:30.101 [AsyncHttpClient-1-4] DEBUG org.asynchttpclient.netty.channel.ChannelManager - Adding key: http://localhost:49555 for channel [id: 0xa0d7ff4c, L:/127.0.0.1:61531 - R:localhost/127.0.0.1:49555]
11:14:30.107 [Forwarding isElementEnabled on session 203fac459231084d1f902d19e6dc599e to remote] DEBUG org.asynchttpclient.netty.request.NettyRequestSender - Using pooled Channel '[id: 0xa0d7ff4c, L:/127.0.0.1:61531 - R:localhost/127.0.0.1:49555]' for 'GET' to 'http://localhost:49555/session/203fac459231084d1f902d19e6dc599e/element/ccd438ec-2912-440b-9576-333d3baa7e32/enabled'
11:14:30.107 [Forwarding isElementEnabled on session 203fac459231084d1f902d19e6dc599e to remote] DEBUG org.asynchttpclient.netty.request.NettyRequestSender - Using open Channel [id: 0xa0d7ff4c, L:/127.0.0.1:61531 - R:localhost/127.0.0.1:49555] for GET '/session/203fac459231084d1f902d19e6dc599e/element/ccd438ec-2912-440b-9576-333d3baa7e32/enabled'
11:14:30.145 [AsyncHttpClient-1-4] DEBUG org.asynchttpclient.netty.handler.HttpHandler - 

Request DefaultFullHttpRequest(decodeResult: success, version: HTTP/1.1, content: EmptyByteBufBE)
GET /session/203fac459231084d1f902d19e6dc599e/element/ccd438ec-2912-440b-9576-333d3baa7e32/enabled HTTP/1.1
User-Agent: selenium/4.1.2 (java windows)
Cache-Control: no-cache
Content-Type: application/json; charset=utf-8
host: localhost:49555
accept: */*

Response DefaultHttpResponse(decodeResult: success, version: HTTP/1.1)
HTTP/1.1 200 OK
Content-Type: application/json; charset=utf-8
cache-control: no-cache
content-length: 14

11:14:30.146 [AsyncHttpClient-1-4] DEBUG org.asynchttpclient.netty.channel.ChannelManager - Adding key: http://localhost:49555 for channel [id: 0xa0d7ff4c, L:/127.0.0.1:61531 - R:localhost/127.0.0.1:49555]
11:14:30.149 [Forwarding isElementEnabled on session 203fac459231084d1f902d19e6dc599e to remote] DEBUG org.asynchttpclient.netty.request.NettyRequestSender - Using pooled Channel '[id: 0xa0d7ff4c, L:/127.0.0.1:61531 - R:localhost/127.0.0.1:49555]' for 'GET' to 'http://localhost:49555/session/203fac459231084d1f902d19e6dc599e/element/ccd438ec-2912-440b-9576-333d3baa7e32/enabled'
11:14:30.149 [Forwarding isElementEnabled on session 203fac459231084d1f902d19e6dc599e to remote] DEBUG org.asynchttpclient.netty.request.NettyRequestSender - Using open Channel [id: 0xa0d7ff4c, L:/127.0.0.1:61531 - R:localhost/127.0.0.1:49555] for GET '/session/203fac459231084d1f902d19e6dc599e/element/ccd438ec-2912-440b-9576-333d3baa7e32/enabled'
11:14:30.170 [AsyncHttpClient-1-4] DEBUG org.asynchttpclient.netty.handler.HttpHandler - 

Request DefaultFullHttpRequest(decodeResult: success, version: HTTP/1.1, content: EmptyByteBufBE)
GET /session/203fac459231084d1f902d19e6dc599e/element/ccd438ec-2912-440b-9576-333d3baa7e32/enabled HTTP/1.1
User-Agent: selenium/4.1.2 (java windows)
Cache-Control: no-cache
Content-Type: application/json; charset=utf-8
host: localhost:49555
accept: */*

Response DefaultHttpResponse(decodeResult: success, version: HTTP/1.1)
HTTP/1.1 200 OK
Content-Type: application/json; charset=utf-8
cache-control: no-cache
content-length: 14

11:14:30.170 [AsyncHttpClient-1-4] DEBUG org.asynchttpclient.netty.channel.ChannelManager - Adding key: http://localhost:49555 for channel [id: 0xa0d7ff4c, L:/127.0.0.1:61531 - R:localhost/127.0.0.1:49555]
11:14:30.173 [Forwarding findElement on session 203fac459231084d1f902d19e6dc599e to remote] DEBUG org.asynchttpclient.netty.request.NettyRequestSender - Using pooled Channel '[id: 0xa0d7ff4c, L:/127.0.0.1:61531 - R:localhost/127.0.0.1:49555]' for 'POST' to 'http://localhost:49555/session/203fac459231084d1f902d19e6dc599e/element'
11:14:30.173 [Forwarding findElement on session 203fac459231084d1f902d19e6dc599e to remote] DEBUG org.asynchttpclient.netty.request.NettyRequestSender - Using open Channel [id: 0xa0d7ff4c, L:/127.0.0.1:61531 - R:localhost/127.0.0.1:49555] for POST '/session/203fac459231084d1f902d19e6dc599e/element'
11:14:30.189 [AsyncHttpClient-1-4] DEBUG org.asynchttpclient.netty.handler.HttpHandler - 

Request DefaultHttpRequest(decodeResult: success, version: HTTP/1.1)
POST /session/203fac459231084d1f902d19e6dc599e/element HTTP/1.1
User-Agent: selenium/4.1.2 (java windows)
Content-Length: 116
Content-Type: application/json; charset=utf-8
host: localhost:49555
accept: */*

Response DefaultHttpResponse(decodeResult: success, version: HTTP/1.1)
HTTP/1.1 200 OK
Content-Type: application/json; charset=utf-8
cache-control: no-cache
content-length: 88

11:14:30.189 [AsyncHttpClient-1-4] DEBUG org.asynchttpclient.netty.channel.ChannelManager - Adding key: http://localhost:49555 for channel [id: 0xa0d7ff4c, L:/127.0.0.1:61531 - R:localhost/127.0.0.1:49555]
11:14:30.191 [Forwarding clickElement on session 203fac459231084d1f902d19e6dc599e to remote] DEBUG org.asynchttpclient.netty.request.NettyRequestSender - Using pooled Channel '[id: 0xa0d7ff4c, L:/127.0.0.1:61531 - R:localhost/127.0.0.1:49555]' for 'POST' to 'http://localhost:49555/session/203fac459231084d1f902d19e6dc599e/element/ccd438ec-2912-440b-9576-333d3baa7e32/click'
11:14:30.191 [Forwarding clickElement on session 203fac459231084d1f902d19e6dc599e to remote] DEBUG org.asynchttpclient.netty.request.NettyRequestSender - Using open Channel [id: 0xa0d7ff4c, L:/127.0.0.1:61531 - R:localhost/127.0.0.1:49555] for POST '/session/203fac459231084d1f902d19e6dc599e/element/ccd438ec-2912-440b-9576-333d3baa7e32/click'
11:14:30.525 [AsyncHttpClient-1-1] DEBUG org.asynchttpclient.netty.channel.DefaultChannelPool - Entry count for : http://localhost:61533 : 1
11:14:30.599 [AsyncHttpClient-1-4] DEBUG org.asynchttpclient.netty.handler.HttpHandler - 

Request DefaultHttpRequest(decodeResult: success, version: HTTP/1.1)
POST /session/203fac459231084d1f902d19e6dc599e/element/ccd438ec-2912-440b-9576-333d3baa7e32/click HTTP/1.1
User-Agent: selenium/4.1.2 (java windows)
Content-Length: 50
Content-Type: application/json; charset=utf-8
host: localhost:49555
accept: */*

Response DefaultHttpResponse(decodeResult: success, version: HTTP/1.1)
HTTP/1.1 200 OK
Content-Type: application/json; charset=utf-8
cache-control: no-cache
content-length: 14

11:14:30.600 [AsyncHttpClient-1-4] DEBUG org.asynchttpclient.netty.channel.ChannelManager - Adding key: http://localhost:49555 for channel [id: 0xa0d7ff4c, L:/127.0.0.1:61531 - R:localhost/127.0.0.1:49555]
11:14:30.625 [Forwarding screenshot on session 203fac459231084d1f902d19e6dc599e to remote] DEBUG org.asynchttpclient.netty.request.NettyRequestSender - Using pooled Channel '[id: 0xa0d7ff4c, L:/127.0.0.1:61531 - R:localhost/127.0.0.1:49555]' for 'GET' to 'http://localhost:49555/session/203fac459231084d1f902d19e6dc599e/screenshot'
11:14:30.625 [Forwarding screenshot on session 203fac459231084d1f902d19e6dc599e to remote] DEBUG org.asynchttpclient.netty.request.NettyRequestSender - Using open Channel [id: 0xa0d7ff4c, L:/127.0.0.1:61531 - R:localhost/127.0.0.1:49555] for GET '/session/203fac459231084d1f902d19e6dc599e/screenshot'
11:14:30.991 [AsyncHttpClient-1-4] DEBUG org.asynchttpclient.netty.handler.HttpHandler - 

Request DefaultFullHttpRequest(decodeResult: success, version: HTTP/1.1, content: EmptyByteBufBE)
GET /session/203fac459231084d1f902d19e6dc599e/screenshot HTTP/1.1
User-Agent: selenium/4.1.2 (java windows)
Cache-Control: no-cache
Content-Type: application/json; charset=utf-8
host: localhost:49555
accept: */*

Response DefaultHttpResponse(decodeResult: success, version: HTTP/1.1)
HTTP/1.1 200 OK
Content-Type: application/json; charset=utf-8
cache-control: no-cache
content-length: 414068

11:14:30.992 [AsyncHttpClient-1-4] DEBUG org.asynchttpclient.netty.channel.ChannelManager - Adding key: http://localhost:49555 for channel [id: 0xa0d7ff4c, L:/127.0.0.1:61531 - R:localhost/127.0.0.1:49555]
11:14:31.021 [main] DEBUG net.serenitybdd.core.photography.Darkroom - Send negative for processing for target\site\serenity\227b2fe3fee20c5a2997da1dcda67b41d57a0f1cb78df21a94b2e9ae9167d913.png
11:14:31.021 [main] DEBUG net.thucydides.core.steps.StepInterceptor - STEP DONE: clickButtonEditDataPasien
  &amp#27;[32mAnd &amp#27;[0m&amp#27;[32mClick button edit profil&amp#27;[0m                                  &amp#27;[90m# starter.stepdefinitios.PatientDataSteps.clickButtonEditProfil()&amp#27;[0m
11:14:31.022 [Darkroom Processing Line] DEBUG net.serenitybdd.core.photography.DarkroomProcessingLine - Processing screenshot image in /var/screenshots/screenshot-9823805218260969191
11:14:31.022 [Darkroom Processing Line] DEBUG net.serenitybdd.core.photography.DarkroomProcessingLine - Saving screenshot to target\site\serenity\227b2fe3fee20c5a2997da1dcda67b41d57a0f1cb78df21a94b2e9ae9167d913.png
11:14:31.082 [Forwarding screenshot on session 203fac459231084d1f902d19e6dc599e to remote] DEBUG org.asynchttpclient.netty.request.NettyRequestSender - Using pooled Channel '[id: 0xa0d7ff4c, L:/127.0.0.1:61531 - R:localhost/127.0.0.1:49555]' for 'GET' to 'http://localhost:49555/session/203fac459231084d1f902d19e6dc599e/screenshot'
11:14:31.082 [Forwarding screenshot on session 203fac459231084d1f902d19e6dc599e to remote] DEBUG org.asynchttpclient.netty.request.NettyRequestSender - Using open Channel [id: 0xa0d7ff4c, L:/127.0.0.1:61531 - R:localhost/127.0.0.1:49555] for GET '/session/203fac459231084d1f902d19e6dc599e/screenshot'
11:14:31.509 [AsyncHttpClient-1-4] DEBUG org.asynchttpclient.netty.handler.HttpHandler - 

Request DefaultFullHttpRequest(decodeResult: success, version: HTTP/1.1, content: EmptyByteBufBE)
GET /session/203fac459231084d1f902d19e6dc599e/screenshot HTTP/1.1
User-Agent: selenium/4.1.2 (java windows)
Cache-Control: no-cache
Content-Type: application/json; charset=utf-8
host: localhost:49555
accept: */*

Response DefaultHttpResponse(decodeResult: success, version: HTTP/1.1)
HTTP/1.1 200 OK
Content-Type: application/json; charset=utf-8
cache-control: no-cache
content-length: 414068

11:14:31.510 [AsyncHttpClient-1-4] DEBUG org.asynchttpclient.netty.channel.ChannelManager - Adding key: http://localhost:49555 for channel [id: 0xa0d7ff4c, L:/127.0.0.1:61531 - R:localhost/127.0.0.1:49555]
11:14:31.545 [main] DEBUG net.serenitybdd.core.photography.Darkroom - Send negative for processing for target\site\serenity\227b2fe3fee20c5a2997da1dcda67b41d57a0f1cb78df21a94b2e9ae9167d913.png
11:14:31.546 [main] DEBUG net.thucydides.core.steps.StepInterceptor - STARTING STEP: PatientDataSteps.cleanAllDataPasien - cleanDataPasien
11:14:31.553 [Forwarding findElement on session 203fac459231084d1f902d19e6dc599e to remote] DEBUG org.asynchttpclient.netty.request.NettyRequestSender - Using pooled Channel '[id: 0xa0d7ff4c, L:/127.0.0.1:61531 - R:localhost/127.0.0.1:49555]' for 'POST' to 'http://localhost:49555/session/203fac459231084d1f902d19e6dc599e/element'
11:14:31.553 [Forwarding findElement on session 203fac459231084d1f902d19e6dc599e to remote] DEBUG org.asynchttpclient.netty.request.NettyRequestSender - Using open Channel [id: 0xa0d7ff4c, L:/127.0.0.1:61531 - R:localhost/127.0.0.1:49555] for POST '/session/203fac459231084d1f902d19e6dc599e/element'
11:14:31.580 [AsyncHttpClient-1-4] DEBUG org.asynchttpclient.netty.handler.HttpHandler - 

Request DefaultHttpRequest(decodeResult: success, version: HTTP/1.1)
POST /session/203fac459231084d1f902d19e6dc599e/element HTTP/1.1
User-Agent: selenium/4.1.2 (java windows)
Content-Length: 166
Content-Type: application/json; charset=utf-8
host: localhost:49555
accept: */*

Response DefaultHttpResponse(decodeResult: success, version: HTTP/1.1)
HTTP/1.1 200 OK
Content-Type: application/json; charset=utf-8
cache-control: no-cache
content-length: 88

11:14:31.580 [AsyncHttpClient-1-4] DEBUG org.asynchttpclient.netty.channel.ChannelManager - Adding key: http://localhost:49555 for channel [id: 0xa0d7ff4c, L:/127.0.0.1:61531 - R:localhost/127.0.0.1:49555]
11:14:31.584 [Forwarding clearElement on session 203fac459231084d1f902d19e6dc599e to remote] DEBUG org.asynchttpclient.netty.request.NettyRequestSender - Using pooled Channel '[id: 0xa0d7ff4c, L:/127.0.0.1:61531 - R:localhost/127.0.0.1:49555]' for 'POST' to 'http://localhost:49555/session/203fac459231084d1f902d19e6dc599e/element/fced6c3d-2b7f-4172-88cd-3f8ed009c63c/clear'
11:14:31.584 [Forwarding clearElement on session 203fac459231084d1f902d19e6dc599e to remote] DEBUG org.asynchttpclient.netty.request.NettyRequestSender - Using open Channel [id: 0xa0d7ff4c, L:/127.0.0.1:61531 - R:localhost/127.0.0.1:49555] for POST '/session/203fac459231084d1f902d19e6dc599e/element/fced6c3d-2b7f-4172-88cd-3f8ed009c63c/clear'
11:14:31.613 [AsyncHttpClient-1-1] DEBUG org.asynchttpclient.netty.channel.DefaultChannelPool - Entry count for : http://localhost:61533 : 1
11:14:31.729 [AsyncHttpClient-1-4] DEBUG org.asynchttpclient.netty.handler.HttpHandler - 

Request DefaultHttpRequest(decodeResult: success, version: HTTP/1.1)
POST /session/203fac459231084d1f902d19e6dc599e/element/fced6c3d-2b7f-4172-88cd-3f8ed009c63c/clear HTTP/1.1
User-Agent: selenium/4.1.2 (java windows)
Content-Length: 50
Content-Type: application/json; charset=utf-8
host: localhost:49555
accept: */*

Response DefaultHttpResponse(decodeResult: success, version: HTTP/1.1)
HTTP/1.1 200 OK
Content-Type: application/json; charset=utf-8
cache-control: no-cache
content-length: 14

11:14:31.729 [AsyncHttpClient-1-4] DEBUG org.asynchttpclient.netty.channel.ChannelManager - Adding key: http://localhost:49555 for channel [id: 0xa0d7ff4c, L:/127.0.0.1:61531 - R:localhost/127.0.0.1:49555]
11:14:31.738 [Forwarding findElement on session 203fac459231084d1f902d19e6dc599e to remote] DEBUG org.asynchttpclient.netty.request.NettyRequestSender - Using pooled Channel '[id: 0xa0d7ff4c, L:/127.0.0.1:61531 - R:localhost/127.0.0.1:49555]' for 'POST' to 'http://localhost:49555/session/203fac459231084d1f902d19e6dc599e/element'
11:14:31.738 [Forwarding findElement on session 203fac459231084d1f902d19e6dc599e to remote] DEBUG org.asynchttpclient.netty.request.NettyRequestSender - Using open Channel [id: 0xa0d7ff4c, L:/127.0.0.1:61531 - R:localhost/127.0.0.1:49555] for POST '/session/203fac459231084d1f902d19e6dc599e/element'
11:14:31.772 [AsyncHttpClient-1-4] DEBUG org.asynchttpclient.netty.handler.HttpHandler - 

Request DefaultHttpRequest(decodeResult: success, version: HTTP/1.1)
POST /session/203fac459231084d1f902d19e6dc599e/element HTTP/1.1
User-Agent: selenium/4.1.2 (java windows)
Content-Length: 166
Content-Type: application/json; charset=utf-8
host: localhost:49555
accept: */*

Response DefaultHttpResponse(decodeResult: success, version: HTTP/1.1)
HTTP/1.1 200 OK
Content-Type: application/json; charset=utf-8
cache-control: no-cache
content-length: 88

11:14:31.772 [AsyncHttpClient-1-4] DEBUG org.asynchttpclient.netty.channel.ChannelManager - Adding key: http://localhost:49555 for channel [id: 0xa0d7ff4c, L:/127.0.0.1:61531 - R:localhost/127.0.0.1:49555]
11:14:31.775 [Forwarding clearElement on session 203fac459231084d1f902d19e6dc599e to remote] DEBUG org.asynchttpclient.netty.request.NettyRequestSender - Using pooled Channel '[id: 0xa0d7ff4c, L:/127.0.0.1:61531 - R:localhost/127.0.0.1:49555]' for 'POST' to 'http://localhost:49555/session/203fac459231084d1f902d19e6dc599e/element/eee37b58-d08d-436e-ac45-2f07e43b21bb/clear'
11:14:31.775 [Forwarding clearElement on session 203fac459231084d1f902d19e6dc599e to remote] DEBUG org.asynchttpclient.netty.request.NettyRequestSender - Using open Channel [id: 0xa0d7ff4c, L:/127.0.0.1:61531 - R:localhost/127.0.0.1:49555] for POST '/session/203fac459231084d1f902d19e6dc599e/element/eee37b58-d08d-436e-ac45-2f07e43b21bb/clear'
11:14:31.867 [AsyncHttpClient-1-4] DEBUG org.asynchttpclient.netty.handler.HttpHandler - 

Request DefaultHttpRequest(decodeResult: success, version: HTTP/1.1)
POST /session/203fac459231084d1f902d19e6dc599e/element/eee37b58-d08d-436e-ac45-2f07e43b21bb/clear HTTP/1.1
User-Agent: selenium/4.1.2 (java windows)
Content-Length: 50
Content-Type: application/json; charset=utf-8
host: localhost:49555
accept: */*

Response DefaultHttpResponse(decodeResult: success, version: HTTP/1.1)
HTTP/1.1 200 OK
Content-Type: application/json; charset=utf-8
cache-control: no-cache
content-length: 14

11:14:31.868 [AsyncHttpClient-1-4] DEBUG org.asynchttpclient.netty.channel.ChannelManager - Adding key: http://localhost:49555 for channel [id: 0xa0d7ff4c, L:/127.0.0.1:61531 - R:localhost/127.0.0.1:49555]
11:14:31.872 [Forwarding findElement on session 203fac459231084d1f902d19e6dc599e to remote] DEBUG org.asynchttpclient.netty.request.NettyRequestSender - Using pooled Channel '[id: 0xa0d7ff4c, L:/127.0.0.1:61531 - R:localhost/127.0.0.1:49555]' for 'POST' to 'http://localhost:49555/session/203fac459231084d1f902d19e6dc599e/element'
11:14:31.872 [Forwarding findElement on session 203fac459231084d1f902d19e6dc599e to remote] DEBUG org.asynchttpclient.netty.request.NettyRequestSender - Using open Channel [id: 0xa0d7ff4c, L:/127.0.0.1:61531 - R:localhost/127.0.0.1:49555] for POST '/session/203fac459231084d1f902d19e6dc599e/element'
11:14:31.895 [AsyncHttpClient-1-4] DEBUG org.asynchttpclient.netty.handler.HttpHandler - 

Request DefaultHttpRequest(decodeResult: success, version: HTTP/1.1)
POST /session/203fac459231084d1f902d19e6dc599e/element HTTP/1.1
User-Agent: selenium/4.1.2 (java windows)
Content-Length: 166
Content-Type: application/json; charset=utf-8
host: localhost:49555
accept: */*

Response DefaultHttpResponse(decodeResult: success, version: HTTP/1.1)
HTTP/1.1 200 OK
Content-Type: application/json; charset=utf-8
cache-control: no-cache
content-length: 88

11:14:31.895 [AsyncHttpClient-1-4] DEBUG org.asynchttpclient.netty.channel.ChannelManager - Adding key: http://localhost:49555 for channel [id: 0xa0d7ff4c, L:/127.0.0.1:61531 - R:localhost/127.0.0.1:49555]
11:14:31.897 [Forwarding clearElement on session 203fac459231084d1f902d19e6dc599e to remote] DEBUG org.asynchttpclient.netty.request.NettyRequestSender - Using pooled Channel '[id: 0xa0d7ff4c, L:/127.0.0.1:61531 - R:localhost/127.0.0.1:49555]' for 'POST' to 'http://localhost:49555/session/203fac459231084d1f902d19e6dc599e/element/ca2ce98e-c1f6-4bf2-8af0-56aca4f94b94/clear'
11:14:31.897 [Forwarding clearElement on session 203fac459231084d1f902d19e6dc599e to remote] DEBUG org.asynchttpclient.netty.request.NettyRequestSender - Using open Channel [id: 0xa0d7ff4c, L:/127.0.0.1:61531 - R:localhost/127.0.0.1:49555] for POST '/session/203fac459231084d1f902d19e6dc599e/element/ca2ce98e-c1f6-4bf2-8af0-56aca4f94b94/clear'
11:14:31.990 [AsyncHttpClient-1-4] DEBUG org.asynchttpclient.netty.handler.HttpHandler - 

Request DefaultHttpRequest(decodeResult: success, version: HTTP/1.1)
POST /session/203fac459231084d1f902d19e6dc599e/element/ca2ce98e-c1f6-4bf2-8af0-56aca4f94b94/clear HTTP/1.1
User-Agent: selenium/4.1.2 (java windows)
Content-Length: 50
Content-Type: application/json; charset=utf-8
host: localhost:49555
accept: */*

Response DefaultHttpResponse(decodeResult: success, version: HTTP/1.1)
HTTP/1.1 200 OK
Content-Type: application/json; charset=utf-8
cache-control: no-cache
content-length: 14

11:14:31.990 [AsyncHttpClient-1-4] DEBUG org.asynchttpclient.netty.channel.ChannelManager - Adding key: http://localhost:49555 for channel [id: 0xa0d7ff4c, L:/127.0.0.1:61531 - R:localhost/127.0.0.1:49555]
11:14:31.996 [Forwarding findElement on session 203fac459231084d1f902d19e6dc599e to remote] DEBUG org.asynchttpclient.netty.request.NettyRequestSender - Using pooled Channel '[id: 0xa0d7ff4c, L:/127.0.0.1:61531 - R:localhost/127.0.0.1:49555]' for 'POST' to 'http://localhost:49555/session/203fac459231084d1f902d19e6dc599e/element'
11:14:31.996 [Forwarding findElement on session 203fac459231084d1f902d19e6dc599e to remote] DEBUG org.asynchttpclient.netty.request.NettyRequestSender - Using open Channel [id: 0xa0d7ff4c, L:/127.0.0.1:61531 - R:localhost/127.0.0.1:49555] for POST '/session/203fac459231084d1f902d19e6dc599e/element'
11:14:32.032 [AsyncHttpClient-1-4] DEBUG org.asynchttpclient.netty.handler.HttpHandler - 

Request DefaultHttpRequest(decodeResult: success, version: HTTP/1.1)
POST /session/203fac459231084d1f902d19e6dc599e/element HTTP/1.1
User-Agent: selenium/4.1.2 (java windows)
Content-Length: 166
Content-Type: application/json; charset=utf-8
host: localhost:49555
accept: */*

Response DefaultHttpResponse(decodeResult: success, version: HTTP/1.1)
HTTP/1.1 200 OK
Content-Type: application/json; charset=utf-8
cache-control: no-cache
content-length: 88

11:14:32.033 [AsyncHttpClient-1-4] DEBUG org.asynchttpclient.netty.channel.ChannelManager - Adding key: http://localhost:49555 for channel [id: 0xa0d7ff4c, L:/127.0.0.1:61531 - R:localhost/127.0.0.1:49555]
11:14:32.034 [Forwarding clearElement on session 203fac459231084d1f902d19e6dc599e to remote] DEBUG org.asynchttpclient.netty.request.NettyRequestSender - Using pooled Channel '[id: 0xa0d7ff4c, L:/127.0.0.1:61531 - R:localhost/127.0.0.1:49555]' for 'POST' to 'http://localhost:49555/session/203fac459231084d1f902d19e6dc599e/element/91d6fc95-e50b-4e43-9e15-e798304911c0/clear'
11:14:32.035 [Forwarding clearElement on session 203fac459231084d1f902d19e6dc599e to remote] DEBUG org.asynchttpclient.netty.request.NettyRequestSender - Using open Channel [id: 0xa0d7ff4c, L:/127.0.0.1:61531 - R:localhost/127.0.0.1:49555] for POST '/session/203fac459231084d1f902d19e6dc599e/element/91d6fc95-e50b-4e43-9e15-e798304911c0/clear'
11:14:32.119 [AsyncHttpClient-1-4] DEBUG org.asynchttpclient.netty.handler.HttpHandler - 

Request DefaultHttpRequest(decodeResult: success, version: HTTP/1.1)
POST /session/203fac459231084d1f902d19e6dc599e/element/91d6fc95-e50b-4e43-9e15-e798304911c0/clear HTTP/1.1
User-Agent: selenium/4.1.2 (java windows)
Content-Length: 50
Content-Type: application/json; charset=utf-8
host: localhost:49555
accept: */*

Response DefaultHttpResponse(decodeResult: success, version: HTTP/1.1)
HTTP/1.1 200 OK
Content-Type: application/json; charset=utf-8
cache-control: no-cache
content-length: 14

11:14:32.119 [AsyncHttpClient-1-4] DEBUG org.asynchttpclient.netty.channel.ChannelManager - Adding key: http://localhost:49555 for channel [id: 0xa0d7ff4c, L:/127.0.0.1:61531 - R:localhost/127.0.0.1:49555]
11:14:32.126 [Forwarding findElement on session 203fac459231084d1f902d19e6dc599e to remote] DEBUG org.asynchttpclient.netty.request.NettyRequestSender - Using pooled Channel '[id: 0xa0d7ff4c, L:/127.0.0.1:61531 - R:localhost/127.0.0.1:49555]' for 'POST' to 'http://localhost:49555/session/203fac459231084d1f902d19e6dc599e/element'
11:14:32.126 [Forwarding findElement on session 203fac459231084d1f902d19e6dc599e to remote] DEBUG org.asynchttpclient.netty.request.NettyRequestSender - Using open Channel [id: 0xa0d7ff4c, L:/127.0.0.1:61531 - R:localhost/127.0.0.1:49555] for POST '/session/203fac459231084d1f902d19e6dc599e/element'
11:14:32.153 [AsyncHttpClient-1-4] DEBUG org.asynchttpclient.netty.handler.HttpHandler - 

Request DefaultHttpRequest(decodeResult: success, version: HTTP/1.1)
POST /session/203fac459231084d1f902d19e6dc599e/element HTTP/1.1
User-Agent: selenium/4.1.2 (java windows)
Content-Length: 173
Content-Type: application/json; charset=utf-8
host: localhost:49555
accept: */*

Response DefaultHttpResponse(decodeResult: success, version: HTTP/1.1)
HTTP/1.1 200 OK
Content-Type: application/json; charset=utf-8
cache-control: no-cache
content-length: 88

11:14:32.154 [AsyncHttpClient-1-4] DEBUG org.asynchttpclient.netty.channel.ChannelManager - Adding key: http://localhost:49555 for channel [id: 0xa0d7ff4c, L:/127.0.0.1:61531 - R:localhost/127.0.0.1:49555]
11:14:32.156 [Forwarding clearElement on session 203fac459231084d1f902d19e6dc599e to remote] DEBUG org.asynchttpclient.netty.request.NettyRequestSender - Using pooled Channel '[id: 0xa0d7ff4c, L:/127.0.0.1:61531 - R:localhost/127.0.0.1:49555]' for 'POST' to 'http://localhost:49555/session/203fac459231084d1f902d19e6dc599e/element/71ef4df5-fe12-4c68-b226-2ad1563999b2/clear'
11:14:32.156 [Forwarding clearElement on session 203fac459231084d1f902d19e6dc599e to remote] DEBUG org.asynchttpclient.netty.request.NettyRequestSender - Using open Channel [id: 0xa0d7ff4c, L:/127.0.0.1:61531 - R:localhost/127.0.0.1:49555] for POST '/session/203fac459231084d1f902d19e6dc599e/element/71ef4df5-fe12-4c68-b226-2ad1563999b2/clear'
11:14:32.245 [AsyncHttpClient-1-4] DEBUG org.asynchttpclient.netty.handler.HttpHandler - 

Request DefaultHttpRequest(decodeResult: success, version: HTTP/1.1)
POST /session/203fac459231084d1f902d19e6dc599e/element/71ef4df5-fe12-4c68-b226-2ad1563999b2/clear HTTP/1.1
User-Agent: selenium/4.1.2 (java windows)
Content-Length: 50
Content-Type: application/json; charset=utf-8
host: localhost:49555
accept: */*

Response DefaultHttpResponse(decodeResult: success, version: HTTP/1.1)
HTTP/1.1 200 OK
Content-Type: application/json; charset=utf-8
cache-control: no-cache
content-length: 14

11:14:32.245 [AsyncHttpClient-1-4] DEBUG org.asynchttpclient.netty.channel.ChannelManager - Adding key: http://localhost:49555 for channel [id: 0xa0d7ff4c, L:/127.0.0.1:61531 - R:localhost/127.0.0.1:49555]
11:14:32.258 [Forwarding screenshot on session 203fac459231084d1f902d19e6dc599e to remote] DEBUG org.asynchttpclient.netty.request.NettyRequestSender - Using pooled Channel '[id: 0xa0d7ff4c, L:/127.0.0.1:61531 - R:localhost/127.0.0.1:49555]' for 'GET' to 'http://localhost:49555/session/203fac459231084d1f902d19e6dc599e/screenshot'
11:14:32.259 [Forwarding screenshot on session 203fac459231084d1f902d19e6dc599e to remote] DEBUG org.asynchttpclient.netty.request.NettyRequestSender - Using open Channel [id: 0xa0d7ff4c, L:/127.0.0.1:61531 - R:localhost/127.0.0.1:49555] for GET '/session/203fac459231084d1f902d19e6dc599e/screenshot'
11:14:32.660 [AsyncHttpClient-1-4] DEBUG org.asynchttpclient.netty.handler.HttpHandler - 

Request DefaultFullHttpRequest(decodeResult: success, version: HTTP/1.1, content: EmptyByteBufBE)
GET /session/203fac459231084d1f902d19e6dc599e/screenshot HTTP/1.1
User-Agent: selenium/4.1.2 (java windows)
Cache-Control: no-cache
Content-Type: application/json; charset=utf-8
host: localhost:49555
accept: */*

Response DefaultHttpResponse(decodeResult: success, version: HTTP/1.1)
HTTP/1.1 200 OK
Content-Type: application/json; charset=utf-8
cache-control: no-cache
content-length: 395000

11:14:32.662 [AsyncHttpClient-1-4] DEBUG org.asynchttpclient.netty.channel.ChannelManager - Adding key: http://localhost:49555 for channel [id: 0xa0d7ff4c, L:/127.0.0.1:61531 - R:localhost/127.0.0.1:49555]
11:14:32.695 [main] DEBUG net.serenitybdd.core.photography.Darkroom - Send negative for processing for target\site\serenity\fae27c5654b7b9687edf1031ede37a2e2b80b89e17d32a252868be3b9e18e388.png
11:14:32.696 [main] DEBUG net.thucydides.core.steps.StepInterceptor - STEP DONE: cleanDataPasien
  &amp#27;[32mAnd &amp#27;[0m&amp#27;[32mClean all data pasien&amp#27;[0m                                     &amp#27;[90m# starter.stepdefinitios.PatientDataSteps.cleanAllDataPasien()&amp#27;[0m
11:14:32.755 [AsyncHttpClient-1-1] DEBUG org.asynchttpclient.netty.channel.DefaultChannelPool - Entry count for : http://localhost:49555 : 1
11:14:32.756 [AsyncHttpClient-1-1] DEBUG org.asynchttpclient.netty.channel.DefaultChannelPool - Entry count for : http://localhost:61533 : 1
11:14:32.762 [Forwarding screenshot on session 203fac459231084d1f902d19e6dc599e to remote] DEBUG org.asynchttpclient.netty.request.NettyRequestSender - Using pooled Channel '[id: 0xa0d7ff4c, L:/127.0.0.1:61531 - R:localhost/127.0.0.1:49555]' for 'GET' to 'http://localhost:49555/session/203fac459231084d1f902d19e6dc599e/screenshot'
11:14:32.762 [Forwarding screenshot on session 203fac459231084d1f902d19e6dc599e to remote] DEBUG org.asynchttpclient.netty.request.NettyRequestSender - Using open Channel [id: 0xa0d7ff4c, L:/127.0.0.1:61531 - R:localhost/127.0.0.1:49555] for GET '/session/203fac459231084d1f902d19e6dc599e/screenshot'
11:14:33.243 [AsyncHttpClient-1-4] DEBUG org.asynchttpclient.netty.handler.HttpHandler - 

Request DefaultFullHttpRequest(decodeResult: success, version: HTTP/1.1, content: EmptyByteBufBE)
GET /session/203fac459231084d1f902d19e6dc599e/screenshot HTTP/1.1
User-Agent: selenium/4.1.2 (java windows)
Cache-Control: no-cache
Content-Type: application/json; charset=utf-8
host: localhost:49555
accept: */*

Response DefaultHttpResponse(decodeResult: success, version: HTTP/1.1)
HTTP/1.1 200 OK
Content-Type: application/json; charset=utf-8
cache-control: no-cache
content-length: 395000

11:14:33.245 [AsyncHttpClient-1-4] DEBUG org.asynchttpclient.netty.channel.ChannelManager - Adding key: http://localhost:49555 for channel [id: 0xa0d7ff4c, L:/127.0.0.1:61531 - R:localhost/127.0.0.1:49555]
11:14:33.275 [main] DEBUG net.serenitybdd.core.photography.Darkroom - Send negative for processing for target\site\serenity\fae27c5654b7b9687edf1031ede37a2e2b80b89e17d32a252868be3b9e18e388.png
11:14:33.809 [Forwarding screenshot on session 203fac459231084d1f902d19e6dc599e to remote] DEBUG org.asynchttpclient.netty.request.NettyRequestSender - Using pooled Channel '[id: 0xa0d7ff4c, L:/127.0.0.1:61531 - R:localhost/127.0.0.1:49555]' for 'GET' to 'http://localhost:49555/session/203fac459231084d1f902d19e6dc599e/screenshot'
11:14:33.809 [Forwarding screenshot on session 203fac459231084d1f902d19e6dc599e to remote] DEBUG org.asynchttpclient.netty.request.NettyRequestSender - Using open Channel [id: 0xa0d7ff4c, L:/127.0.0.1:61531 - R:localhost/127.0.0.1:49555] for GET '/session/203fac459231084d1f902d19e6dc599e/screenshot'
11:14:33.827 [AsyncHttpClient-1-1] DEBUG org.asynchttpclient.netty.channel.DefaultChannelPool - Entry count for : http://localhost:61533 : 1
11:14:34.195 [AsyncHttpClient-1-4] DEBUG org.asynchttpclient.netty.handler.HttpHandler - 

Request DefaultFullHttpRequest(decodeResult: success, version: HTTP/1.1, content: EmptyByteBufBE)
GET /session/203fac459231084d1f902d19e6dc599e/screenshot HTTP/1.1
User-Agent: selenium/4.1.2 (java windows)
Cache-Control: no-cache
Content-Type: application/json; charset=utf-8
host: localhost:49555
accept: */*

Response DefaultHttpResponse(decodeResult: success, version: HTTP/1.1)
HTTP/1.1 200 OK
Content-Type: application/json; charset=utf-8
cache-control: no-cache
content-length: 395000

11:14:34.197 [AsyncHttpClient-1-4] DEBUG org.asynchttpclient.netty.channel.ChannelManager - Adding key: http://localhost:49555 for channel [id: 0xa0d7ff4c, L:/127.0.0.1:61531 - R:localhost/127.0.0.1:49555]
11:14:34.225 [main] DEBUG net.serenitybdd.core.photography.Darkroom - Send negative for processing for target\site\serenity\fae27c5654b7b9687edf1031ede37a2e2b80b89e17d32a252868be3b9e18e388.png
11:14:34.226 [main] DEBUG net.thucydides.core.steps.StepInterceptor - STARTING STEP: PatientDataSteps.iInput - inputDataPasien
11:14:34.232 [Forwarding findElement on session 203fac459231084d1f902d19e6dc599e to remote] DEBUG org.asynchttpclient.netty.request.NettyRequestSender - Using pooled Channel '[id: 0xa0d7ff4c, L:/127.0.0.1:61531 - R:localhost/127.0.0.1:49555]' for 'POST' to 'http://localhost:49555/session/203fac459231084d1f902d19e6dc599e/element'
11:14:34.232 [Forwarding findElement on session 203fac459231084d1f902d19e6dc599e to remote] DEBUG org.asynchttpclient.netty.request.NettyRequestSender - Using open Channel [id: 0xa0d7ff4c, L:/127.0.0.1:61531 - R:localhost/127.0.0.1:49555] for POST '/session/203fac459231084d1f902d19e6dc599e/element'
11:14:34.254 [AsyncHttpClient-1-4] DEBUG org.asynchttpclient.netty.handler.HttpHandler - 

Request DefaultHttpRequest(decodeResult: success, version: HTTP/1.1)
POST /session/203fac459231084d1f902d19e6dc599e/element HTTP/1.1
User-Agent: selenium/4.1.2 (java windows)
Content-Length: 166
Content-Type: application/json; charset=utf-8
host: localhost:49555
accept: */*

Response DefaultHttpResponse(decodeResult: success, version: HTTP/1.1)
HTTP/1.1 200 OK
Content-Type: application/json; charset=utf-8
cache-control: no-cache
content-length: 88

11:14:34.254 [AsyncHttpClient-1-4] DEBUG org.asynchttpclient.netty.channel.ChannelManager - Adding key: http://localhost:49555 for channel [id: 0xa0d7ff4c, L:/127.0.0.1:61531 - R:localhost/127.0.0.1:49555]
11:14:34.256 [Forwarding sendKeysToElement on session 203fac459231084d1f902d19e6dc599e to remote] DEBUG org.asynchttpclient.netty.request.NettyRequestSender - Using pooled Channel '[id: 0xa0d7ff4c, L:/127.0.0.1:61531 - R:localhost/127.0.0.1:49555]' for 'POST' to 'http://localhost:49555/session/203fac459231084d1f902d19e6dc599e/element/fced6c3d-2b7f-4172-88cd-3f8ed009c63c/value'
11:14:34.256 [Forwarding sendKeysToElement on session 203fac459231084d1f902d19e6dc599e to remote] DEBUG org.asynchttpclient.netty.request.NettyRequestSender - Using open Channel [id: 0xa0d7ff4c, L:/127.0.0.1:61531 - R:localhost/127.0.0.1:49555] for POST '/session/203fac459231084d1f902d19e6dc599e/element/fced6c3d-2b7f-4172-88cd-3f8ed009c63c/value'
11:14:34.778 [AsyncHttpClient-1-4] DEBUG org.asynchttpclient.netty.handler.HttpHandler - 

Request DefaultHttpRequest(decodeResult: success, version: HTTP/1.1)
POST /session/203fac459231084d1f902d19e6dc599e/element/fced6c3d-2b7f-4172-88cd-3f8ed009c63c/value HTTP/1.1
User-Agent: selenium/4.1.2 (java windows)
Content-Length: 131
Content-Type: application/json; charset=utf-8
host: localhost:49555
accept: */*

Response DefaultHttpResponse(decodeResult: success, version: HTTP/1.1)
HTTP/1.1 200 OK
Content-Type: application/json; charset=utf-8
cache-control: no-cache
content-length: 14

11:14:34.778 [AsyncHttpClient-1-4] DEBUG org.asynchttpclient.netty.channel.ChannelManager - Adding key: http://localhost:49555 for channel [id: 0xa0d7ff4c, L:/127.0.0.1:61531 - R:localhost/127.0.0.1:49555]
11:14:34.783 [Forwarding findElement on session 203fac459231084d1f902d19e6dc599e to remote] DEBUG org.asynchttpclient.netty.request.NettyRequestSender - Using pooled Channel '[id: 0xa0d7ff4c, L:/127.0.0.1:61531 - R:localhost/127.0.0.1:49555]' for 'POST' to 'http://localhost:49555/session/203fac459231084d1f902d19e6dc599e/element'
11:14:34.783 [Forwarding findElement on session 203fac459231084d1f902d19e6dc599e to remote] DEBUG org.asynchttpclient.netty.request.NettyRequestSender - Using open Channel [id: 0xa0d7ff4c, L:/127.0.0.1:61531 - R:localhost/127.0.0.1:49555] for POST '/session/203fac459231084d1f902d19e6dc599e/element'
11:14:34.797 [AsyncHttpClient-1-4] DEBUG org.asynchttpclient.netty.handler.HttpHandler - 

Request DefaultHttpRequest(decodeResult: success, version: HTTP/1.1)
POST /session/203fac459231084d1f902d19e6dc599e/element HTTP/1.1
User-Agent: selenium/4.1.2 (java windows)
Content-Length: 166
Content-Type: application/json; charset=utf-8
host: localhost:49555
accept: */*

Response DefaultHttpResponse(decodeResult: success, version: HTTP/1.1)
HTTP/1.1 200 OK
Content-Type: application/json; charset=utf-8
cache-control: no-cache
content-length: 88

11:14:34.798 [AsyncHttpClient-1-4] DEBUG org.asynchttpclient.netty.channel.ChannelManager - Adding key: http://localhost:49555 for channel [id: 0xa0d7ff4c, L:/127.0.0.1:61531 - R:localhost/127.0.0.1:49555]
11:14:34.802 [Forwarding sendKeysToElement on session 203fac459231084d1f902d19e6dc599e to remote] DEBUG org.asynchttpclient.netty.request.NettyRequestSender - Using pooled Channel '[id: 0xa0d7ff4c, L:/127.0.0.1:61531 - R:localhost/127.0.0.1:49555]' for 'POST' to 'http://localhost:49555/session/203fac459231084d1f902d19e6dc599e/element/ca2ce98e-c1f6-4bf2-8af0-56aca4f94b94/value'
11:14:34.802 [Forwarding sendKeysToElement on session 203fac459231084d1f902d19e6dc599e to remote] DEBUG org.asynchttpclient.netty.request.NettyRequestSender - Using open Channel [id: 0xa0d7ff4c, L:/127.0.0.1:61531 - R:localhost/127.0.0.1:49555] for POST '/session/203fac459231084d1f902d19e6dc599e/element/ca2ce98e-c1f6-4bf2-8af0-56aca4f94b94/value'
11:14:34.919 [AsyncHttpClient-1-1] DEBUG org.asynchttpclient.netty.channel.DefaultChannelPool - Entry count for : http://localhost:61533 : 1
11:14:35.373 [AsyncHttpClient-1-4] DEBUG org.asynchttpclient.netty.handler.HttpHandler - 

Request DefaultHttpRequest(decodeResult: success, version: HTTP/1.1)
POST /session/203fac459231084d1f902d19e6dc599e/element/ca2ce98e-c1f6-4bf2-8af0-56aca4f94b94/value HTTP/1.1
User-Agent: selenium/4.1.2 (java windows)
Content-Length: 181
Content-Type: application/json; charset=utf-8
host: localhost:49555
accept: */*

Response DefaultHttpResponse(decodeResult: success, version: HTTP/1.1)
HTTP/1.1 200 OK
Content-Type: application/json; charset=utf-8
cache-control: no-cache
content-length: 14

11:14:35.373 [AsyncHttpClient-1-4] DEBUG org.asynchttpclient.netty.channel.ChannelManager - Adding key: http://localhost:49555 for channel [id: 0xa0d7ff4c, L:/127.0.0.1:61531 - R:localhost/127.0.0.1:49555]
11:14:35.377 [Forwarding findElement on session 203fac459231084d1f902d19e6dc599e to remote] DEBUG org.asynchttpclient.netty.request.NettyRequestSender - Using pooled Channel '[id: 0xa0d7ff4c, L:/127.0.0.1:61531 - R:localhost/127.0.0.1:49555]' for 'POST' to 'http://localhost:49555/session/203fac459231084d1f902d19e6dc599e/element'
11:14:35.377 [Forwarding findElement on session 203fac459231084d1f902d19e6dc599e to remote] DEBUG org.asynchttpclient.netty.request.NettyRequestSender - Using open Channel [id: 0xa0d7ff4c, L:/127.0.0.1:61531 - R:localhost/127.0.0.1:49555] for POST '/session/203fac459231084d1f902d19e6dc599e/element'
11:14:35.396 [AsyncHttpClient-1-4] DEBUG org.asynchttpclient.netty.handler.HttpHandler - 

Request DefaultHttpRequest(decodeResult: success, version: HTTP/1.1)
POST /session/203fac459231084d1f902d19e6dc599e/element HTTP/1.1
User-Agent: selenium/4.1.2 (java windows)
Content-Length: 166
Content-Type: application/json; charset=utf-8
host: localhost:49555
accept: */*

Response DefaultHttpResponse(decodeResult: success, version: HTTP/1.1)
HTTP/1.1 200 OK
Content-Type: application/json; charset=utf-8
cache-control: no-cache
content-length: 88

11:14:35.396 [AsyncHttpClient-1-4] DEBUG org.asynchttpclient.netty.channel.ChannelManager - Adding key: http://localhost:49555 for channel [id: 0xa0d7ff4c, L:/127.0.0.1:61531 - R:localhost/127.0.0.1:49555]
11:14:35.398 [Forwarding sendKeysToElement on session 203fac459231084d1f902d19e6dc599e to remote] DEBUG org.asynchttpclient.netty.request.NettyRequestSender - Using pooled Channel '[id: 0xa0d7ff4c, L:/127.0.0.1:61531 - R:localhost/127.0.0.1:49555]' for 'POST' to 'http://localhost:49555/session/203fac459231084d1f902d19e6dc599e/element/91d6fc95-e50b-4e43-9e15-e798304911c0/value'
11:14:35.399 [Forwarding sendKeysToElement on session 203fac459231084d1f902d19e6dc599e to remote] DEBUG org.asynchttpclient.netty.request.NettyRequestSender - Using open Channel [id: 0xa0d7ff4c, L:/127.0.0.1:61531 - R:localhost/127.0.0.1:49555] for POST '/session/203fac459231084d1f902d19e6dc599e/element/91d6fc95-e50b-4e43-9e15-e798304911c0/value'
11:14:35.701 [AsyncHttpClient-1-4] DEBUG org.asynchttpclient.netty.handler.HttpHandler - 

Request DefaultHttpRequest(decodeResult: success, version: HTTP/1.1)
POST /session/203fac459231084d1f902d19e6dc599e/element/91d6fc95-e50b-4e43-9e15-e798304911c0/value HTTP/1.1
User-Agent: selenium/4.1.2 (java windows)
Content-Length: 101
Content-Type: application/json; charset=utf-8
host: localhost:49555
accept: */*

Response DefaultHttpResponse(decodeResult: success, version: HTTP/1.1)
HTTP/1.1 200 OK
Content-Type: application/json; charset=utf-8
cache-control: no-cache
content-length: 14

11:14:35.702 [AsyncHttpClient-1-4] DEBUG org.asynchttpclient.netty.channel.ChannelManager - Adding key: http://localhost:49555 for channel [id: 0xa0d7ff4c, L:/127.0.0.1:61531 - R:localhost/127.0.0.1:49555]
11:14:35.706 [Forwarding findElement on session 203fac459231084d1f902d19e6dc599e to remote] DEBUG org.asynchttpclient.netty.request.NettyRequestSender - Using pooled Channel '[id: 0xa0d7ff4c, L:/127.0.0.1:61531 - R:localhost/127.0.0.1:49555]' for 'POST' to 'http://localhost:49555/session/203fac459231084d1f902d19e6dc599e/element'
11:14:35.706 [Forwarding findElement on session 203fac459231084d1f902d19e6dc599e to remote] DEBUG org.asynchttpclient.netty.request.NettyRequestSender - Using open Channel [id: 0xa0d7ff4c, L:/127.0.0.1:61531 - R:localhost/127.0.0.1:49555] for POST '/session/203fac459231084d1f902d19e6dc599e/element'
11:14:35.793 [AsyncHttpClient-1-4] DEBUG org.asynchttpclient.netty.handler.HttpHandler - 

Request DefaultHttpRequest(decodeResult: success, version: HTTP/1.1)
POST /session/203fac459231084d1f902d19e6dc599e/element HTTP/1.1
User-Agent: selenium/4.1.2 (java windows)
Content-Length: 166
Content-Type: application/json; charset=utf-8
host: localhost:49555
accept: */*

Response DefaultHttpResponse(decodeResult: success, version: HTTP/1.1)
HTTP/1.1 200 OK
Content-Type: application/json; charset=utf-8
cache-control: no-cache
content-length: 88

11:14:35.793 [AsyncHttpClient-1-4] DEBUG org.asynchttpclient.netty.channel.ChannelManager - Adding key: http://localhost:49555 for channel [id: 0xa0d7ff4c, L:/127.0.0.1:61531 - R:localhost/127.0.0.1:49555]
11:14:35.795 [Forwarding sendKeysToElement on session 203fac459231084d1f902d19e6dc599e to remote] DEBUG org.asynchttpclient.netty.request.NettyRequestSender - Using pooled Channel '[id: 0xa0d7ff4c, L:/127.0.0.1:61531 - R:localhost/127.0.0.1:49555]' for 'POST' to 'http://localhost:49555/session/203fac459231084d1f902d19e6dc599e/element/eee37b58-d08d-436e-ac45-2f07e43b21bb/value'
11:14:35.795 [Forwarding sendKeysToElement on session 203fac459231084d1f902d19e6dc599e to remote] DEBUG org.asynchttpclient.netty.request.NettyRequestSender - Using open Channel [id: 0xa0d7ff4c, L:/127.0.0.1:61531 - R:localhost/127.0.0.1:49555] for POST '/session/203fac459231084d1f902d19e6dc599e/element/eee37b58-d08d-436e-ac45-2f07e43b21bb/value'
11:14:35.953 [AsyncHttpClient-1-4] DEBUG org.asynchttpclient.netty.handler.HttpHandler - 

Request DefaultHttpRequest(decodeResult: success, version: HTTP/1.1)
POST /session/203fac459231084d1f902d19e6dc599e/element/eee37b58-d08d-436e-ac45-2f07e43b21bb/value HTTP/1.1
User-Agent: selenium/4.1.2 (java windows)
Content-Length: 82
Content-Type: application/json; charset=utf-8
host: localhost:49555
accept: */*

Response DefaultHttpResponse(decodeResult: success, version: HTTP/1.1)
HTTP/1.1 200 OK
Content-Type: application/json; charset=utf-8
cache-control: no-cache
content-length: 14

11:14:35.953 [AsyncHttpClient-1-4] DEBUG org.asynchttpclient.netty.channel.ChannelManager - Adding key: http://localhost:49555 for channel [id: 0xa0d7ff4c, L:/127.0.0.1:61531 - R:localhost/127.0.0.1:49555]
11:14:35.957 [Forwarding findElement on session 203fac459231084d1f902d19e6dc599e to remote] DEBUG org.asynchttpclient.netty.request.NettyRequestSender - Using pooled Channel '[id: 0xa0d7ff4c, L:/127.0.0.1:61531 - R:localhost/127.0.0.1:49555]' for 'POST' to 'http://localhost:49555/session/203fac459231084d1f902d19e6dc599e/element'
11:14:35.957 [Forwarding findElement on session 203fac459231084d1f902d19e6dc599e to remote] DEBUG org.asynchttpclient.netty.request.NettyRequestSender - Using open Channel [id: 0xa0d7ff4c, L:/127.0.0.1:61531 - R:localhost/127.0.0.1:49555] for POST '/session/203fac459231084d1f902d19e6dc599e/element'
11:14:35.975 [AsyncHttpClient-1-4] DEBUG org.asynchttpclient.netty.handler.HttpHandler - 

Request DefaultHttpRequest(decodeResult: success, version: HTTP/1.1)
POST /session/203fac459231084d1f902d19e6dc599e/element HTTP/1.1
User-Agent: selenium/4.1.2 (java windows)
Content-Length: 173
Content-Type: application/json; charset=utf-8
host: localhost:49555
accept: */*

Response DefaultHttpResponse(decodeResult: success, version: HTTP/1.1)
HTTP/1.1 200 OK
Content-Type: application/json; charset=utf-8
cache-control: no-cache
content-length: 88

11:14:35.975 [AsyncHttpClient-1-4] DEBUG org.asynchttpclient.netty.channel.ChannelManager - Adding key: http://localhost:49555 for channel [id: 0xa0d7ff4c, L:/127.0.0.1:61531 - R:localhost/127.0.0.1:49555]
11:14:35.977 [Forwarding sendKeysToElement on session 203fac459231084d1f902d19e6dc599e to remote] DEBUG org.asynchttpclient.netty.request.NettyRequestSender - Using pooled Channel '[id: 0xa0d7ff4c, L:/127.0.0.1:61531 - R:localhost/127.0.0.1:49555]' for 'POST' to 'http://localhost:49555/session/203fac459231084d1f902d19e6dc599e/element/71ef4df5-fe12-4c68-b226-2ad1563999b2/value'
11:14:35.977 [Forwarding sendKeysToElement on session 203fac459231084d1f902d19e6dc599e to remote] DEBUG org.asynchttpclient.netty.request.NettyRequestSender - Using open Channel [id: 0xa0d7ff4c, L:/127.0.0.1:61531 - R:localhost/127.0.0.1:49555] for POST '/session/203fac459231084d1f902d19e6dc599e/element/71ef4df5-fe12-4c68-b226-2ad1563999b2/value'
11:14:36.020 [AsyncHttpClient-1-1] DEBUG org.asynchttpclient.netty.channel.DefaultChannelPool - Entry count for : http://localhost:61533 : 1
11:14:36.609 [AsyncHttpClient-1-4] DEBUG org.asynchttpclient.netty.handler.HttpHandler - 

Request DefaultHttpRequest(decodeResult: success, version: HTTP/1.1)
POST /session/203fac459231084d1f902d19e6dc599e/element/71ef4df5-fe12-4c68-b226-2ad1563999b2/value HTTP/1.1
User-Agent: selenium/4.1.2 (java windows)
Content-Length: 171
Content-Type: application/json; charset=utf-8
host: localhost:49555
accept: */*

Response DefaultHttpResponse(decodeResult: success, version: HTTP/1.1)
HTTP/1.1 200 OK
Content-Type: application/json; charset=utf-8
cache-control: no-cache
content-length: 14

11:14:36.610 [AsyncHttpClient-1-4] DEBUG org.asynchttpclient.netty.channel.ChannelManager - Adding key: http://localhost:49555 for channel [id: 0xa0d7ff4c, L:/127.0.0.1:61531 - R:localhost/127.0.0.1:49555]
11:14:36.624 [Forwarding screenshot on session 203fac459231084d1f902d19e6dc599e to remote] DEBUG org.asynchttpclient.netty.request.NettyRequestSender - Using pooled Channel '[id: 0xa0d7ff4c, L:/127.0.0.1:61531 - R:localhost/127.0.0.1:49555]' for 'GET' to 'http://localhost:49555/session/203fac459231084d1f902d19e6dc599e/screenshot'
11:14:36.625 [Forwarding screenshot on session 203fac459231084d1f902d19e6dc599e to remote] DEBUG org.asynchttpclient.netty.request.NettyRequestSender - Using open Channel [id: 0xa0d7ff4c, L:/127.0.0.1:61531 - R:localhost/127.0.0.1:49555] for GET '/session/203fac459231084d1f902d19e6dc599e/screenshot'
11:14:36.993 [AsyncHttpClient-1-4] DEBUG org.asynchttpclient.netty.handler.HttpHandler - 

Request DefaultFullHttpRequest(decodeResult: success, version: HTTP/1.1, content: EmptyByteBufBE)
GET /session/203fac459231084d1f902d19e6dc599e/screenshot HTTP/1.1
User-Agent: selenium/4.1.2 (java windows)
Cache-Control: no-cache
Content-Type: application/json; charset=utf-8
host: localhost:49555
accept: */*

Response DefaultHttpResponse(decodeResult: success, version: HTTP/1.1)
HTTP/1.1 200 OK
Content-Type: application/json; charset=utf-8
cache-control: no-cache
content-length: 414384

11:14:36.995 [AsyncHttpClient-1-4] DEBUG org.asynchttpclient.netty.channel.ChannelManager - Adding key: http://localhost:49555 for channel [id: 0xa0d7ff4c, L:/127.0.0.1:61531 - R:localhost/127.0.0.1:49555]
11:14:37.030 [main] DEBUG net.serenitybdd.core.photography.Darkroom - Send negative for processing for target\site\serenity\d5d5b40fddca7ff99a2ac41c303e34d2de7d7ab61fe66785ec2701c13112fc44.png
11:14:37.030 [main] DEBUG net.thucydides.core.steps.StepInterceptor - STEP DONE: inputDataPasien
  &amp#27;[32mThen &amp#27;[0m&amp#27;[32mI input &amp#27;[0m&amp#27;[32m&amp#27;[1m"Bagas"&amp#27;[0m&amp#27;[32m &amp#27;[0m&amp#27;[32m&amp#27;[1m"1234479680"&amp#27;[0m&amp#27;[32m &amp#27;[0m&amp#27;[32m&amp#27;[1m"20"&amp#27;[0m&amp#27;[32m &amp#27;[0m&amp#27;[32m&amp#27;[1m""&amp#27;[0m&amp#27;[32m &amp#27;[0m&amp#27;[32m&amp#27;[1m"perumahan"&amp#27;[0m&amp#27;[32m patient&amp#27;[0m &amp#27;[90m# starter.stepdefinitios.PatientDataSteps.iInput(java.lang.String,java.lang.String,java.lang.String,java.lang.String,java.lang.String)&amp#27;[0m
11:14:37.033 [Darkroom Processing Line] DEBUG net.serenitybdd.core.photography.DarkroomProcessingLine - Processing screenshot image in /var/screenshots/screenshot-4221393131219821511
11:14:37.033 [Darkroom Processing Line] DEBUG net.serenitybdd.core.photography.DarkroomProcessingLine - Saving screenshot to target\site\serenity\d5d5b40fddca7ff99a2ac41c303e34d2de7d7ab61fe66785ec2701c13112fc44.png
11:14:37.096 [Forwarding screenshot on session 203fac459231084d1f902d19e6dc599e to remote] DEBUG org.asynchttpclient.netty.request.NettyRequestSender - Using pooled Channel '[id: 0xa0d7ff4c, L:/127.0.0.1:61531 - R:localhost/127.0.0.1:49555]' for 'GET' to 'http://localhost:49555/session/203fac459231084d1f902d19e6dc599e/screenshot'
11:14:37.096 [Forwarding screenshot on session 203fac459231084d1f902d19e6dc599e to remote] DEBUG org.asynchttpclient.netty.request.NettyRequestSender - Using open Channel [id: 0xa0d7ff4c, L:/127.0.0.1:61531 - R:localhost/127.0.0.1:49555] for GET '/session/203fac459231084d1f902d19e6dc599e/screenshot'
11:14:37.117 [AsyncHttpClient-1-1] DEBUG org.asynchttpclient.netty.channel.DefaultChannelPool - Entry count for : http://localhost:61533 : 1
11:14:37.578 [AsyncHttpClient-1-4] DEBUG org.asynchttpclient.netty.handler.HttpHandler - 

Request DefaultFullHttpRequest(decodeResult: success, version: HTTP/1.1, content: EmptyByteBufBE)
GET /session/203fac459231084d1f902d19e6dc599e/screenshot HTTP/1.1
User-Agent: selenium/4.1.2 (java windows)
Cache-Control: no-cache
Content-Type: application/json; charset=utf-8
host: localhost:49555
accept: */*

Response DefaultHttpResponse(decodeResult: success, version: HTTP/1.1)
HTTP/1.1 200 OK
Content-Type: application/json; charset=utf-8
cache-control: no-cache
content-length: 414356

11:14:37.579 [AsyncHttpClient-1-4] DEBUG org.asynchttpclient.netty.channel.ChannelManager - Adding key: http://localhost:49555 for channel [id: 0xa0d7ff4c, L:/127.0.0.1:61531 - R:localhost/127.0.0.1:49555]
11:14:37.611 [main] DEBUG net.serenitybdd.core.photography.Darkroom - Send negative for processing for target\site\serenity\74cc4979d0cdf3918be5d921e599b9d13306d4e0c8d292809cdaaab9cae6d166.png
11:14:37.612 [main] DEBUG net.thucydides.core.steps.StepInterceptor - STARTING STEP: PatientDataSteps.iClickButtonJenisKelamin - clickLaki
11:14:37.613 [Darkroom Processing Line] DEBUG net.serenitybdd.core.photography.DarkroomProcessingLine - Processing screenshot image in /var/screenshots/screenshot-123435518991882092
11:14:37.613 [Darkroom Processing Line] DEBUG net.serenitybdd.core.photography.DarkroomProcessingLine - Saving screenshot to target\site\serenity\74cc4979d0cdf3918be5d921e599b9d13306d4e0c8d292809cdaaab9cae6d166.png
11:14:37.628 [Forwarding findElement on session 203fac459231084d1f902d19e6dc599e to remote] DEBUG org.asynchttpclient.netty.request.NettyRequestSender - Using pooled Channel '[id: 0xa0d7ff4c, L:/127.0.0.1:61531 - R:localhost/127.0.0.1:49555]' for 'POST' to 'http://localhost:49555/session/203fac459231084d1f902d19e6dc599e/element'
11:14:37.628 [Forwarding findElement on session 203fac459231084d1f902d19e6dc599e to remote] DEBUG org.asynchttpclient.netty.request.NettyRequestSender - Using open Channel [id: 0xa0d7ff4c, L:/127.0.0.1:61531 - R:localhost/127.0.0.1:49555] for POST '/session/203fac459231084d1f902d19e6dc599e/element'
11:14:37.674 [AsyncHttpClient-1-4] DEBUG org.asynchttpclient.netty.handler.HttpHandler - 

Request DefaultHttpRequest(decodeResult: success, version: HTTP/1.1)
POST /session/203fac459231084d1f902d19e6dc599e/element HTTP/1.1
User-Agent: selenium/4.1.2 (java windows)
Content-Length: 179
Content-Type: application/json; charset=utf-8
host: localhost:49555
accept: */*

Response DefaultHttpResponse(decodeResult: success, version: HTTP/1.1)
HTTP/1.1 200 OK
Content-Type: application/json; charset=utf-8
cache-control: no-cache
content-length: 88

11:14:37.674 [AsyncHttpClient-1-4] DEBUG org.asynchttpclient.netty.channel.ChannelManager - Adding key: http://localhost:49555 for channel [id: 0xa0d7ff4c, L:/127.0.0.1:61531 - R:localhost/127.0.0.1:49555]
11:14:37.677 [Forwarding getElementTagName on session 203fac459231084d1f902d19e6dc599e to remote] DEBUG org.asynchttpclient.netty.request.NettyRequestSender - Using pooled Channel '[id: 0xa0d7ff4c, L:/127.0.0.1:61531 - R:localhost/127.0.0.1:49555]' for 'GET' to 'http://localhost:49555/session/203fac459231084d1f902d19e6dc599e/element/dbabee5d-f827-4c42-ba18-311b9930e49f/name'
11:14:37.677 [Forwarding getElementTagName on session 203fac459231084d1f902d19e6dc599e to remote] DEBUG org.asynchttpclient.netty.request.NettyRequestSender - Using open Channel [id: 0xa0d7ff4c, L:/127.0.0.1:61531 - R:localhost/127.0.0.1:49555] for GET '/session/203fac459231084d1f902d19e6dc599e/element/dbabee5d-f827-4c42-ba18-311b9930e49f/name'
11:14:37.694 [AsyncHttpClient-1-4] DEBUG org.asynchttpclient.netty.handler.HttpHandler - 

Request DefaultFullHttpRequest(decodeResult: success, version: HTTP/1.1, content: EmptyByteBufBE)
GET /session/203fac459231084d1f902d19e6dc599e/element/dbabee5d-f827-4c42-ba18-311b9930e49f/name HTTP/1.1
User-Agent: selenium/4.1.2 (java windows)
Cache-Control: no-cache
Content-Type: application/json; charset=utf-8
host: localhost:49555
accept: */*

Response DefaultHttpResponse(decodeResult: success, version: HTTP/1.1)
HTTP/1.1 200 OK
Content-Type: application/json; charset=utf-8
cache-control: no-cache
content-length: 16

11:14:37.694 [AsyncHttpClient-1-4] DEBUG org.asynchttpclient.netty.channel.ChannelManager - Adding key: http://localhost:49555 for channel [id: 0xa0d7ff4c, L:/127.0.0.1:61531 - R:localhost/127.0.0.1:49555]
11:14:37.696 [Forwarding getElementTagName on session 203fac459231084d1f902d19e6dc599e to remote] DEBUG org.asynchttpclient.netty.request.NettyRequestSender - Using pooled Channel '[id: 0xa0d7ff4c, L:/127.0.0.1:61531 - R:localhost/127.0.0.1:49555]' for 'GET' to 'http://localhost:49555/session/203fac459231084d1f902d19e6dc599e/element/dbabee5d-f827-4c42-ba18-311b9930e49f/name'
11:14:37.696 [Forwarding getElementTagName on session 203fac459231084d1f902d19e6dc599e to remote] DEBUG org.asynchttpclient.netty.request.NettyRequestSender - Using open Channel [id: 0xa0d7ff4c, L:/127.0.0.1:61531 - R:localhost/127.0.0.1:49555] for GET '/session/203fac459231084d1f902d19e6dc599e/element/dbabee5d-f827-4c42-ba18-311b9930e49f/name'
11:14:37.705 [AsyncHttpClient-1-4] DEBUG org.asynchttpclient.netty.handler.HttpHandler - 

Request DefaultFullHttpRequest(decodeResult: success, version: HTTP/1.1, content: EmptyByteBufBE)
GET /session/203fac459231084d1f902d19e6dc599e/element/dbabee5d-f827-4c42-ba18-311b9930e49f/name HTTP/1.1
User-Agent: selenium/4.1.2 (java windows)
Cache-Control: no-cache
Content-Type: application/json; charset=utf-8
host: localhost:49555
accept: */*

Response DefaultHttpResponse(decodeResult: success, version: HTTP/1.1)
HTTP/1.1 200 OK
Content-Type: application/json; charset=utf-8
cache-control: no-cache
content-length: 16

11:14:37.705 [AsyncHttpClient-1-4] DEBUG org.asynchttpclient.netty.channel.ChannelManager - Adding key: http://localhost:49555 for channel [id: 0xa0d7ff4c, L:/127.0.0.1:61531 - R:localhost/127.0.0.1:49555]
11:14:37.708 [Forwarding findElement on session 203fac459231084d1f902d19e6dc599e to remote] DEBUG org.asynchttpclient.netty.request.NettyRequestSender - Using pooled Channel '[id: 0xa0d7ff4c, L:/127.0.0.1:61531 - R:localhost/127.0.0.1:49555]' for 'POST' to 'http://localhost:49555/session/203fac459231084d1f902d19e6dc599e/element'
11:14:37.708 [Forwarding findElement on session 203fac459231084d1f902d19e6dc599e to remote] DEBUG org.asynchttpclient.netty.request.NettyRequestSender - Using open Channel [id: 0xa0d7ff4c, L:/127.0.0.1:61531 - R:localhost/127.0.0.1:49555] for POST '/session/203fac459231084d1f902d19e6dc599e/element'
11:14:37.724 [AsyncHttpClient-1-4] DEBUG org.asynchttpclient.netty.handler.HttpHandler - 

Request DefaultHttpRequest(decodeResult: success, version: HTTP/1.1)
POST /session/203fac459231084d1f902d19e6dc599e/element HTTP/1.1
User-Agent: selenium/4.1.2 (java windows)
Content-Length: 179
Content-Type: application/json; charset=utf-8
host: localhost:49555
accept: */*

Response DefaultHttpResponse(decodeResult: success, version: HTTP/1.1)
HTTP/1.1 200 OK
Content-Type: application/json; charset=utf-8
cache-control: no-cache
content-length: 88

11:14:37.724 [AsyncHttpClient-1-4] DEBUG org.asynchttpclient.netty.channel.ChannelManager - Adding key: http://localhost:49555 for channel [id: 0xa0d7ff4c, L:/127.0.0.1:61531 - R:localhost/127.0.0.1:49555]
11:14:37.726 [Forwarding clickElement on session 203fac459231084d1f902d19e6dc599e to remote] DEBUG org.asynchttpclient.netty.request.NettyRequestSender - Using pooled Channel '[id: 0xa0d7ff4c, L:/127.0.0.1:61531 - R:localhost/127.0.0.1:49555]' for 'POST' to 'http://localhost:49555/session/203fac459231084d1f902d19e6dc599e/element/dbabee5d-f827-4c42-ba18-311b9930e49f/click'
11:14:37.726 [Forwarding clickElement on session 203fac459231084d1f902d19e6dc599e to remote] DEBUG org.asynchttpclient.netty.request.NettyRequestSender - Using open Channel [id: 0xa0d7ff4c, L:/127.0.0.1:61531 - R:localhost/127.0.0.1:49555] for POST '/session/203fac459231084d1f902d19e6dc599e/element/dbabee5d-f827-4c42-ba18-311b9930e49f/click'
11:14:37.954 [AsyncHttpClient-1-4] DEBUG org.asynchttpclient.netty.handler.HttpHandler - 

Request DefaultHttpRequest(decodeResult: success, version: HTTP/1.1)
POST /session/203fac459231084d1f902d19e6dc599e/element/dbabee5d-f827-4c42-ba18-311b9930e49f/click HTTP/1.1
User-Agent: selenium/4.1.2 (java windows)
Content-Length: 50
Content-Type: application/json; charset=utf-8
host: localhost:49555
accept: */*

Response DefaultHttpResponse(decodeResult: success, version: HTTP/1.1)
HTTP/1.1 200 OK
Content-Type: application/json; charset=utf-8
cache-control: no-cache
content-length: 14

11:14:37.954 [AsyncHttpClient-1-4] DEBUG org.asynchttpclient.netty.channel.ChannelManager - Adding key: http://localhost:49555 for channel [id: 0xa0d7ff4c, L:/127.0.0.1:61531 - R:localhost/127.0.0.1:49555]
11:14:37.970 [Forwarding screenshot on session 203fac459231084d1f902d19e6dc599e to remote] DEBUG org.asynchttpclient.netty.request.NettyRequestSender - Using pooled Channel '[id: 0xa0d7ff4c, L:/127.0.0.1:61531 - R:localhost/127.0.0.1:49555]' for 'GET' to 'http://localhost:49555/session/203fac459231084d1f902d19e6dc599e/screenshot'
11:14:37.970 [Forwarding screenshot on session 203fac459231084d1f902d19e6dc599e to remote] DEBUG org.asynchttpclient.netty.request.NettyRequestSender - Using open Channel [id: 0xa0d7ff4c, L:/127.0.0.1:61531 - R:localhost/127.0.0.1:49555] for GET '/session/203fac459231084d1f902d19e6dc599e/screenshot'
11:14:38.214 [AsyncHttpClient-1-1] DEBUG org.asynchttpclient.netty.channel.DefaultChannelPool - Entry count for : http://localhost:61533 : 1
11:14:38.549 [AsyncHttpClient-1-4] DEBUG org.asynchttpclient.netty.handler.HttpHandler - 

Request DefaultFullHttpRequest(decodeResult: success, version: HTTP/1.1, content: EmptyByteBufBE)
GET /session/203fac459231084d1f902d19e6dc599e/screenshot HTTP/1.1
User-Agent: selenium/4.1.2 (java windows)
Cache-Control: no-cache
Content-Type: application/json; charset=utf-8
host: localhost:49555
accept: */*

Response DefaultHttpResponse(decodeResult: success, version: HTTP/1.1)
HTTP/1.1 200 OK
Content-Type: application/json; charset=utf-8
cache-control: no-cache
content-length: 414900

11:14:38.552 [AsyncHttpClient-1-4] DEBUG org.asynchttpclient.netty.channel.ChannelManager - Adding key: http://localhost:49555 for channel [id: 0xa0d7ff4c, L:/127.0.0.1:61531 - R:localhost/127.0.0.1:49555]
11:14:38.582 [main] DEBUG net.serenitybdd.core.photography.Darkroom - Send negative for processing for target\site\serenity\d221d57faa00a54863ec0e40cfd2b8a548693e3545e7bb55bd6197d90a16ca35.png
11:14:38.583 [main] DEBUG net.thucydides.core.steps.StepInterceptor - STEP DONE: clickLaki
  &amp#27;[32mAnd &amp#27;[0m&amp#27;[32mI click button jenis kelamin patient&amp#27;[0m                      &amp#27;[90m# starter.stepdefinitios.PatientDataSteps.iClickButtonJenisKelamin()&amp#27;[0m
11:14:38.585 [Darkroom Processing Line] DEBUG net.serenitybdd.core.photography.DarkroomProcessingLine - Processing screenshot image in /var/screenshots/screenshot-8263697046851196380
11:14:38.585 [Darkroom Processing Line] DEBUG net.serenitybdd.core.photography.DarkroomProcessingLine - Saving screenshot to target\site\serenity\d221d57faa00a54863ec0e40cfd2b8a548693e3545e7bb55bd6197d90a16ca35.png
11:14:38.646 [Forwarding screenshot on session 203fac459231084d1f902d19e6dc599e to remote] DEBUG org.asynchttpclient.netty.request.NettyRequestSender - Using pooled Channel '[id: 0xa0d7ff4c, L:/127.0.0.1:61531 - R:localhost/127.0.0.1:49555]' for 'GET' to 'http://localhost:49555/session/203fac459231084d1f902d19e6dc599e/screenshot'
11:14:38.646 [Forwarding screenshot on session 203fac459231084d1f902d19e6dc599e to remote] DEBUG org.asynchttpclient.netty.request.NettyRequestSender - Using open Channel [id: 0xa0d7ff4c, L:/127.0.0.1:61531 - R:localhost/127.0.0.1:49555] for GET '/session/203fac459231084d1f902d19e6dc599e/screenshot'
11:14:39.093 [AsyncHttpClient-1-4] DEBUG org.asynchttpclient.netty.handler.HttpHandler - 

Request DefaultFullHttpRequest(decodeResult: success, version: HTTP/1.1, content: EmptyByteBufBE)
GET /session/203fac459231084d1f902d19e6dc599e/screenshot HTTP/1.1
User-Agent: selenium/4.1.2 (java windows)
Cache-Control: no-cache
Content-Type: application/json; charset=utf-8
host: localhost:49555
accept: */*

Response DefaultHttpResponse(decodeResult: success, version: HTTP/1.1)
HTTP/1.1 200 OK
Content-Type: application/json; charset=utf-8
cache-control: no-cache
content-length: 414696

11:14:39.095 [AsyncHttpClient-1-4] DEBUG org.asynchttpclient.netty.channel.ChannelManager - Adding key: http://localhost:49555 for channel [id: 0xa0d7ff4c, L:/127.0.0.1:61531 - R:localhost/127.0.0.1:49555]
11:14:39.136 [main] DEBUG net.serenitybdd.core.photography.Darkroom - Send negative for processing for target\site\serenity\251c55f860d0ac865bf7ff30a1b5bc21566f6be063002f422ad9e00b66fc3e29.png
11:14:39.138 [main] DEBUG net.thucydides.core.steps.StepInterceptor - STARTING STEP: PatientDataSteps.clickButtonSimpan - clickButtonSave
11:14:39.150 [Darkroom Processing Line] DEBUG net.serenitybdd.core.photography.DarkroomProcessingLine - Processing screenshot image in /var/screenshots/screenshot-4643533832316844586
11:14:39.150 [Darkroom Processing Line] DEBUG net.serenitybdd.core.photography.DarkroomProcessingLine - Saving screenshot to target\site\serenity\251c55f860d0ac865bf7ff30a1b5bc21566f6be063002f422ad9e00b66fc3e29.png
11:14:39.160 [Forwarding findElement on session 203fac459231084d1f902d19e6dc599e to remote] DEBUG org.asynchttpclient.netty.request.NettyRequestSender - Using pooled Channel '[id: 0xa0d7ff4c, L:/127.0.0.1:61531 - R:localhost/127.0.0.1:49555]' for 'POST' to 'http://localhost:49555/session/203fac459231084d1f902d19e6dc599e/element'
11:14:39.160 [Forwarding findElement on session 203fac459231084d1f902d19e6dc599e to remote] DEBUG org.asynchttpclient.netty.request.NettyRequestSender - Using open Channel [id: 0xa0d7ff4c, L:/127.0.0.1:61531 - R:localhost/127.0.0.1:49555] for POST '/session/203fac459231084d1f902d19e6dc599e/element'
11:14:39.206 [AsyncHttpClient-1-4] DEBUG org.asynchttpclient.netty.handler.HttpHandler - 

Request DefaultHttpRequest(decodeResult: success, version: HTTP/1.1)
POST /session/203fac459231084d1f902d19e6dc599e/element HTTP/1.1
User-Agent: selenium/4.1.2 (java windows)
Content-Length: 149
Content-Type: application/json; charset=utf-8
host: localhost:49555
accept: */*

Response DefaultHttpResponse(decodeResult: success, version: HTTP/1.1)
HTTP/1.1 200 OK
Content-Type: application/json; charset=utf-8
cache-control: no-cache
content-length: 88

11:14:39.206 [AsyncHttpClient-1-4] DEBUG org.asynchttpclient.netty.channel.ChannelManager - Adding key: http://localhost:49555 for channel [id: 0xa0d7ff4c, L:/127.0.0.1:61531 - R:localhost/127.0.0.1:49555]
11:14:39.209 [Forwarding getElementTagName on session 203fac459231084d1f902d19e6dc599e to remote] DEBUG org.asynchttpclient.netty.request.NettyRequestSender - Using pooled Channel '[id: 0xa0d7ff4c, L:/127.0.0.1:61531 - R:localhost/127.0.0.1:49555]' for 'GET' to 'http://localhost:49555/session/203fac459231084d1f902d19e6dc599e/element/0181739f-8825-4688-89a8-a83da9e1c2ab/name'
11:14:39.209 [Forwarding getElementTagName on session 203fac459231084d1f902d19e6dc599e to remote] DEBUG org.asynchttpclient.netty.request.NettyRequestSender - Using open Channel [id: 0xa0d7ff4c, L:/127.0.0.1:61531 - R:localhost/127.0.0.1:49555] for GET '/session/203fac459231084d1f902d19e6dc599e/element/0181739f-8825-4688-89a8-a83da9e1c2ab/name'
11:14:39.230 [AsyncHttpClient-1-4] DEBUG org.asynchttpclient.netty.handler.HttpHandler - 

Request DefaultFullHttpRequest(decodeResult: success, version: HTTP/1.1, content: EmptyByteBufBE)
GET /session/203fac459231084d1f902d19e6dc599e/element/0181739f-8825-4688-89a8-a83da9e1c2ab/name HTTP/1.1
User-Agent: selenium/4.1.2 (java windows)
Cache-Control: no-cache
Content-Type: application/json; charset=utf-8
host: localhost:49555
accept: */*

Response DefaultHttpResponse(decodeResult: success, version: HTTP/1.1)
HTTP/1.1 200 OK
Content-Type: application/json; charset=utf-8
cache-control: no-cache
content-length: 18

11:14:39.230 [AsyncHttpClient-1-4] DEBUG org.asynchttpclient.netty.channel.ChannelManager - Adding key: http://localhost:49555 for channel [id: 0xa0d7ff4c, L:/127.0.0.1:61531 - R:localhost/127.0.0.1:49555]
11:14:39.234 [Forwarding getElementTagName on session 203fac459231084d1f902d19e6dc599e to remote] DEBUG org.asynchttpclient.netty.request.NettyRequestSender - Using pooled Channel '[id: 0xa0d7ff4c, L:/127.0.0.1:61531 - R:localhost/127.0.0.1:49555]' for 'GET' to 'http://localhost:49555/session/203fac459231084d1f902d19e6dc599e/element/0181739f-8825-4688-89a8-a83da9e1c2ab/name'
11:14:39.234 [Forwarding getElementTagName on session 203fac459231084d1f902d19e6dc599e to remote] DEBUG org.asynchttpclient.netty.request.NettyRequestSender - Using open Channel [id: 0xa0d7ff4c, L:/127.0.0.1:61531 - R:localhost/127.0.0.1:49555] for GET '/session/203fac459231084d1f902d19e6dc599e/element/0181739f-8825-4688-89a8-a83da9e1c2ab/name'
11:14:39.246 [AsyncHttpClient-1-4] DEBUG org.asynchttpclient.netty.handler.HttpHandler - 

Request DefaultFullHttpRequest(decodeResult: success, version: HTTP/1.1, content: EmptyByteBufBE)
GET /session/203fac459231084d1f902d19e6dc599e/element/0181739f-8825-4688-89a8-a83da9e1c2ab/name HTTP/1.1
User-Agent: selenium/4.1.2 (java windows)
Cache-Control: no-cache
Content-Type: application/json; charset=utf-8
host: localhost:49555
accept: */*

Response DefaultHttpResponse(decodeResult: success, version: HTTP/1.1)
HTTP/1.1 200 OK
Content-Type: application/json; charset=utf-8
cache-control: no-cache
content-length: 18

11:14:39.246 [AsyncHttpClient-1-4] DEBUG org.asynchttpclient.netty.channel.ChannelManager - Adding key: http://localhost:49555 for channel [id: 0xa0d7ff4c, L:/127.0.0.1:61531 - R:localhost/127.0.0.1:49555]
11:14:39.254 [Forwarding isElementEnabled on session 203fac459231084d1f902d19e6dc599e to remote] DEBUG org.asynchttpclient.netty.request.NettyRequestSender - Using pooled Channel '[id: 0xa0d7ff4c, L:/127.0.0.1:61531 - R:localhost/127.0.0.1:49555]' for 'GET' to 'http://localhost:49555/session/203fac459231084d1f902d19e6dc599e/element/0181739f-8825-4688-89a8-a83da9e1c2ab/enabled'
11:14:39.254 [Forwarding isElementEnabled on session 203fac459231084d1f902d19e6dc599e to remote] DEBUG org.asynchttpclient.netty.request.NettyRequestSender - Using open Channel [id: 0xa0d7ff4c, L:/127.0.0.1:61531 - R:localhost/127.0.0.1:49555] for GET '/session/203fac459231084d1f902d19e6dc599e/element/0181739f-8825-4688-89a8-a83da9e1c2ab/enabled'
11:14:39.326 [AsyncHttpClient-1-1] DEBUG org.asynchttpclient.netty.channel.DefaultChannelPool - Entry count for : http://localhost:61533 : 1
11:14:39.344 [AsyncHttpClient-1-4] DEBUG org.asynchttpclient.netty.handler.HttpHandler - 

Request DefaultFullHttpRequest(decodeResult: success, version: HTTP/1.1, content: EmptyByteBufBE)
GET /session/203fac459231084d1f902d19e6dc599e/element/0181739f-8825-4688-89a8-a83da9e1c2ab/enabled HTTP/1.1
User-Agent: selenium/4.1.2 (java windows)
Cache-Control: no-cache
Content-Type: application/json; charset=utf-8
host: localhost:49555
accept: */*

Response DefaultHttpResponse(decodeResult: success, version: HTTP/1.1)
HTTP/1.1 200 OK
Content-Type: application/json; charset=utf-8
cache-control: no-cache
content-length: 14

11:14:39.344 [AsyncHttpClient-1-4] DEBUG org.asynchttpclient.netty.channel.ChannelManager - Adding key: http://localhost:49555 for channel [id: 0xa0d7ff4c, L:/127.0.0.1:61531 - R:localhost/127.0.0.1:49555]
11:14:39.347 [Forwarding isElementEnabled on session 203fac459231084d1f902d19e6dc599e to remote] DEBUG org.asynchttpclient.netty.request.NettyRequestSender - Using pooled Channel '[id: 0xa0d7ff4c, L:/127.0.0.1:61531 - R:localhost/127.0.0.1:49555]' for 'GET' to 'http://localhost:49555/session/203fac459231084d1f902d19e6dc599e/element/0181739f-8825-4688-89a8-a83da9e1c2ab/enabled'
11:14:39.347 [Forwarding isElementEnabled on session 203fac459231084d1f902d19e6dc599e to remote] DEBUG org.asynchttpclient.netty.request.NettyRequestSender - Using open Channel [id: 0xa0d7ff4c, L:/127.0.0.1:61531 - R:localhost/127.0.0.1:49555] for GET '/session/203fac459231084d1f902d19e6dc599e/element/0181739f-8825-4688-89a8-a83da9e1c2ab/enabled'
11:14:39.396 [AsyncHttpClient-1-4] DEBUG org.asynchttpclient.netty.handler.HttpHandler - 

Request DefaultFullHttpRequest(decodeResult: success, version: HTTP/1.1, content: EmptyByteBufBE)
GET /session/203fac459231084d1f902d19e6dc599e/element/0181739f-8825-4688-89a8-a83da9e1c2ab/enabled HTTP/1.1
User-Agent: selenium/4.1.2 (java windows)
Cache-Control: no-cache
Content-Type: application/json; charset=utf-8
host: localhost:49555
accept: */*

Response DefaultHttpResponse(decodeResult: success, version: HTTP/1.1)
HTTP/1.1 200 OK
Content-Type: application/json; charset=utf-8
cache-control: no-cache
content-length: 14

11:14:39.396 [AsyncHttpClient-1-4] DEBUG org.asynchttpclient.netty.channel.ChannelManager - Adding key: http://localhost:49555 for channel [id: 0xa0d7ff4c, L:/127.0.0.1:61531 - R:localhost/127.0.0.1:49555]
11:14:39.402 [Forwarding findElement on session 203fac459231084d1f902d19e6dc599e to remote] DEBUG org.asynchttpclient.netty.request.NettyRequestSender - Using pooled Channel '[id: 0xa0d7ff4c, L:/127.0.0.1:61531 - R:localhost/127.0.0.1:49555]' for 'POST' to 'http://localhost:49555/session/203fac459231084d1f902d19e6dc599e/element'
11:14:39.402 [Forwarding findElement on session 203fac459231084d1f902d19e6dc599e to remote] DEBUG org.asynchttpclient.netty.request.NettyRequestSender - Using open Channel [id: 0xa0d7ff4c, L:/127.0.0.1:61531 - R:localhost/127.0.0.1:49555] for POST '/session/203fac459231084d1f902d19e6dc599e/element'
11:14:39.419 [AsyncHttpClient-1-4] DEBUG org.asynchttpclient.netty.handler.HttpHandler - 

Request DefaultHttpRequest(decodeResult: success, version: HTTP/1.1)
POST /session/203fac459231084d1f902d19e6dc599e/element HTTP/1.1
User-Agent: selenium/4.1.2 (java windows)
Content-Length: 149
Content-Type: application/json; charset=utf-8
host: localhost:49555
accept: */*

Response DefaultHttpResponse(decodeResult: success, version: HTTP/1.1)
HTTP/1.1 200 OK
Content-Type: application/json; charset=utf-8
cache-control: no-cache
content-length: 88

11:14:39.420 [AsyncHttpClient-1-4] DEBUG org.asynchttpclient.netty.channel.ChannelManager - Adding key: http://localhost:49555 for channel [id: 0xa0d7ff4c, L:/127.0.0.1:61531 - R:localhost/127.0.0.1:49555]
11:14:39.421 [Forwarding clickElement on session 203fac459231084d1f902d19e6dc599e to remote] DEBUG org.asynchttpclient.netty.request.NettyRequestSender - Using pooled Channel '[id: 0xa0d7ff4c, L:/127.0.0.1:61531 - R:localhost/127.0.0.1:49555]' for 'POST' to 'http://localhost:49555/session/203fac459231084d1f902d19e6dc599e/element/0181739f-8825-4688-89a8-a83da9e1c2ab/click'
11:14:39.421 [Forwarding clickElement on session 203fac459231084d1f902d19e6dc599e to remote] DEBUG org.asynchttpclient.netty.request.NettyRequestSender - Using open Channel [id: 0xa0d7ff4c, L:/127.0.0.1:61531 - R:localhost/127.0.0.1:49555] for POST '/session/203fac459231084d1f902d19e6dc599e/element/0181739f-8825-4688-89a8-a83da9e1c2ab/click'
11:14:39.529 [AsyncHttpClient-1-4] DEBUG org.asynchttpclient.netty.handler.HttpHandler - 

Request DefaultHttpRequest(decodeResult: success, version: HTTP/1.1)
POST /session/203fac459231084d1f902d19e6dc599e/element/0181739f-8825-4688-89a8-a83da9e1c2ab/click HTTP/1.1
User-Agent: selenium/4.1.2 (java windows)
Content-Length: 50
Content-Type: application/json; charset=utf-8
host: localhost:49555
accept: */*

Response DefaultHttpResponse(decodeResult: success, version: HTTP/1.1)
HTTP/1.1 200 OK
Content-Type: application/json; charset=utf-8
cache-control: no-cache
content-length: 14

11:14:39.529 [AsyncHttpClient-1-4] DEBUG org.asynchttpclient.netty.channel.ChannelManager - Adding key: http://localhost:49555 for channel [id: 0xa0d7ff4c, L:/127.0.0.1:61531 - R:localhost/127.0.0.1:49555]
11:14:39.555 [Forwarding screenshot on session 203fac459231084d1f902d19e6dc599e to remote] DEBUG org.asynchttpclient.netty.request.NettyRequestSender - Using pooled Channel '[id: 0xa0d7ff4c, L:/127.0.0.1:61531 - R:localhost/127.0.0.1:49555]' for 'GET' to 'http://localhost:49555/session/203fac459231084d1f902d19e6dc599e/screenshot'
11:14:39.555 [Forwarding screenshot on session 203fac459231084d1f902d19e6dc599e to remote] DEBUG org.asynchttpclient.netty.request.NettyRequestSender - Using open Channel [id: 0xa0d7ff4c, L:/127.0.0.1:61531 - R:localhost/127.0.0.1:49555] for GET '/session/203fac459231084d1f902d19e6dc599e/screenshot'
11:14:40.413 [AsyncHttpClient-1-1] DEBUG org.asynchttpclient.netty.channel.DefaultChannelPool - Entry count for : http://localhost:61533 : 1
11:14:40.631 [AsyncHttpClient-1-4] DEBUG org.asynchttpclient.netty.handler.HttpHandler - 

Request DefaultFullHttpRequest(decodeResult: success, version: HTTP/1.1, content: EmptyByteBufBE)
GET /session/203fac459231084d1f902d19e6dc599e/screenshot HTTP/1.1
User-Agent: selenium/4.1.2 (java windows)
Cache-Control: no-cache
Content-Type: application/json; charset=utf-8
host: localhost:49555
accept: */*

Response DefaultHttpResponse(decodeResult: success, version: HTTP/1.1)
HTTP/1.1 200 OK
Content-Type: application/json; charset=utf-8
cache-control: no-cache
content-length: 414316

11:14:40.635 [AsyncHttpClient-1-4] DEBUG org.asynchttpclient.netty.channel.ChannelManager - Adding key: http://localhost:49555 for channel [id: 0xa0d7ff4c, L:/127.0.0.1:61531 - R:localhost/127.0.0.1:49555]
11:14:40.677 [main] DEBUG net.serenitybdd.core.photography.Darkroom - Send negative for processing for target\site\serenity\962b39e367b08b68ce045f9b6b68c9323f526d202d264b0666f0dcac3636a491.png
11:14:40.678 [main] DEBUG net.thucydides.core.steps.StepInterceptor - STEP DONE: clickButtonSave
  &amp#27;[32mAnd &amp#27;[0m&amp#27;[32mClick button simpan&amp#27;[0m                                       &amp#27;[90m# starter.stepdefinitios.PatientDataSteps.clickButtonSimpan()&amp#27;[0m
11:14:40.678 [Darkroom Processing Line] DEBUG net.serenitybdd.core.photography.DarkroomProcessingLine - Processing screenshot image in /var/screenshots/screenshot-12647836584082198729
11:14:40.679 [Darkroom Processing Line] DEBUG net.serenitybdd.core.photography.DarkroomProcessingLine - Saving screenshot to target\site\serenity\962b39e367b08b68ce045f9b6b68c9323f526d202d264b0666f0dcac3636a491.png
11:14:40.745 [Forwarding screenshot on session 203fac459231084d1f902d19e6dc599e to remote] DEBUG org.asynchttpclient.netty.request.NettyRequestSender - Using pooled Channel '[id: 0xa0d7ff4c, L:/127.0.0.1:61531 - R:localhost/127.0.0.1:49555]' for 'GET' to 'http://localhost:49555/session/203fac459231084d1f902d19e6dc599e/screenshot'
11:14:40.745 [Forwarding screenshot on session 203fac459231084d1f902d19e6dc599e to remote] DEBUG org.asynchttpclient.netty.request.NettyRequestSender - Using open Channel [id: 0xa0d7ff4c, L:/127.0.0.1:61531 - R:localhost/127.0.0.1:49555] for GET '/session/203fac459231084d1f902d19e6dc599e/screenshot'
11:14:40.774 [AsyncHttpClient-1-4] DEBUG org.asynchttpclient.netty.handler.HttpHandler - 

Request DefaultFullHttpRequest(decodeResult: success, version: HTTP/1.1, content: EmptyByteBufBE)
GET /session/203fac459231084d1f902d19e6dc599e/screenshot HTTP/1.1
User-Agent: selenium/4.1.2 (java windows)
Cache-Control: no-cache
Content-Type: application/json; charset=utf-8
host: localhost:49555
accept: */*

Response DefaultHttpResponse(decodeResult: success, version: HTTP/1.1)
HTTP/1.1 500 Internal Server Error
Content-Type: application/json; charset=utf-8
cache-control: no-cache
content-length: 917

11:14:40.774 [AsyncHttpClient-1-4] DEBUG org.asynchttpclient.netty.channel.ChannelManager - Adding key: http://localhost:49555 for channel [id: 0xa0d7ff4c, L:/127.0.0.1:61531 - R:localhost/127.0.0.1:49555]
11:14:40.776 [main] WARN net.thucydides.core.webdriver.WebDriverFacade - Failed to take screenshot (unexpected alert open: {Alert text : data telah diubah}
  (Session info: chrome=102.0.5005.115): data telah diubah
Build info: version: '4.1.2', revision: '9a5a329c5a'
System info: host: 'MOOK-HON', ip: '192.168.100.6', os.name: 'Windows 10', os.arch: 'amd64', os.version: '10.0', java.version: '11.0.14'
Driver info: org.openqa.selenium.chrome.ChromeDriver
Command: [203fac459231084d1f902d19e6dc599e, screenshot {}]
Capabilities {acceptInsecureCerts: false, browserName: chrome, browserVersion: 102.0.5005.115, chrome: {chromedriverVersion: 102.0.5005.61 (0e59bcc00cc4..., userDataDir: C:\Users\ASUS\AppData\Local...}, goog:chromeOptions: {debuggerAddress: localhost:61533}, javascriptEnabled: true, networkConnectionEnabled: false, pageLoadStrategy: normal, platform: WINDOWS, platformName: WINDOWS, proxy: Proxy(), se:cdp: ws://localhost:61533/devtoo..., se:cdpVersion: 102.0.5005.115, setWindowRect: true, strictFileInteractability: false, timeouts: {implicit: 0, pageLoad: 300000, script: 30000}, unhandledPromptBehavior: dismiss and notify, webauthn:extension:credBlob: true, webauthn:extension:largeBlob: true, webauthn:virtualAuthenticators: true}
Session ID: 203fac459231084d1f902d19e6dc599e)
11:14:40.796 [Forwarding screenshot on session 203fac459231084d1f902d19e6dc599e to remote] DEBUG org.asynchttpclient.netty.request.NettyRequestSender - Using pooled Channel '[id: 0xa0d7ff4c, L:/127.0.0.1:61531 - R:localhost/127.0.0.1:49555]' for 'GET' to 'http://localhost:49555/session/203fac459231084d1f902d19e6dc599e/screenshot'
11:14:40.797 [Forwarding screenshot on session 203fac459231084d1f902d19e6dc599e to remote] DEBUG org.asynchttpclient.netty.request.NettyRequestSender - Using open Channel [id: 0xa0d7ff4c, L:/127.0.0.1:61531 - R:localhost/127.0.0.1:49555] for GET '/session/203fac459231084d1f902d19e6dc599e/screenshot'
11:14:41.362 [AsyncHttpClient-1-4] DEBUG org.asynchttpclient.netty.handler.HttpHandler - 

Request DefaultFullHttpRequest(decodeResult: success, version: HTTP/1.1, content: EmptyByteBufBE)
GET /session/203fac459231084d1f902d19e6dc599e/screenshot HTTP/1.1
User-Agent: selenium/4.1.2 (java windows)
Cache-Control: no-cache
Content-Type: application/json; charset=utf-8
host: localhost:49555
accept: */*

Response DefaultHttpResponse(decodeResult: success, version: HTTP/1.1)
HTTP/1.1 200 OK
Content-Type: application/json; charset=utf-8
cache-control: no-cache
content-length: 414316

11:14:41.365 [AsyncHttpClient-1-4] DEBUG org.asynchttpclient.netty.channel.ChannelManager - Adding key: http://localhost:49555 for channel [id: 0xa0d7ff4c, L:/127.0.0.1:61531 - R:localhost/127.0.0.1:49555]
11:14:41.399 [main] DEBUG net.serenitybdd.core.photography.Darkroom - Send negative for processing for target\site\serenity\962b39e367b08b68ce045f9b6b68c9323f526d202d264b0666f0dcac3636a491.png
11:14:41.522 [AsyncHttpClient-1-1] DEBUG org.asynchttpclient.netty.channel.DefaultChannelPool - Entry count for : http://localhost:49555 : 1
11:14:41.522 [AsyncHttpClient-1-1] DEBUG org.asynchttpclient.netty.channel.DefaultChannelPool - Entry count for : http://localhost:61533 : 1
11:14:41.922 [Forwarding screenshot on session 203fac459231084d1f902d19e6dc599e to remote] DEBUG org.asynchttpclient.netty.request.NettyRequestSender - Using pooled Channel '[id: 0xa0d7ff4c, L:/127.0.0.1:61531 - R:localhost/127.0.0.1:49555]' for 'GET' to 'http://localhost:49555/session/203fac459231084d1f902d19e6dc599e/screenshot'
11:14:41.922 [Forwarding screenshot on session 203fac459231084d1f902d19e6dc599e to remote] DEBUG org.asynchttpclient.netty.request.NettyRequestSender - Using open Channel [id: 0xa0d7ff4c, L:/127.0.0.1:61531 - R:localhost/127.0.0.1:49555] for GET '/session/203fac459231084d1f902d19e6dc599e/screenshot'
11:14:42.309 [AsyncHttpClient-1-4] DEBUG org.asynchttpclient.netty.handler.HttpHandler - 

Request DefaultFullHttpRequest(decodeResult: success, version: HTTP/1.1, content: EmptyByteBufBE)
GET /session/203fac459231084d1f902d19e6dc599e/screenshot HTTP/1.1
User-Agent: selenium/4.1.2 (java windows)
Cache-Control: no-cache
Content-Type: application/json; charset=utf-8
host: localhost:49555
accept: */*

Response DefaultHttpResponse(decodeResult: success, version: HTTP/1.1)
HTTP/1.1 200 OK
Content-Type: application/json; charset=utf-8
cache-control: no-cache
content-length: 414316

11:14:42.310 [AsyncHttpClient-1-4] DEBUG org.asynchttpclient.netty.channel.ChannelManager - Adding key: http://localhost:49555 for channel [id: 0xa0d7ff4c, L:/127.0.0.1:61531 - R:localhost/127.0.0.1:49555]
11:14:42.363 [main] DEBUG net.serenitybdd.core.photography.Darkroom - Send negative for processing for target\site\serenity\962b39e367b08b68ce045f9b6b68c9323f526d202d264b0666f0dcac3636a491.png
11:14:42.365 [main] DEBUG net.thucydides.core.steps.StepInterceptor - STARTING STEP: PatientDataSteps.validEditData - clickButtonBack
11:14:42.394 [Forwarding findElement on session 203fac459231084d1f902d19e6dc599e to remote] DEBUG org.asynchttpclient.netty.request.NettyRequestSender - Using pooled Channel '[id: 0xa0d7ff4c, L:/127.0.0.1:61531 - R:localhost/127.0.0.1:49555]' for 'POST' to 'http://localhost:49555/session/203fac459231084d1f902d19e6dc599e/element'
11:14:42.395 [Forwarding findElement on session 203fac459231084d1f902d19e6dc599e to remote] DEBUG org.asynchttpclient.netty.request.NettyRequestSender - Using open Channel [id: 0xa0d7ff4c, L:/127.0.0.1:61531 - R:localhost/127.0.0.1:49555] for POST '/session/203fac459231084d1f902d19e6dc599e/element'
11:14:42.426 [AsyncHttpClient-1-4] DEBUG org.asynchttpclient.netty.handler.HttpHandler - 

Request DefaultHttpRequest(decodeResult: success, version: HTTP/1.1)
POST /session/203fac459231084d1f902d19e6dc599e/element HTTP/1.1
User-Agent: selenium/4.1.2 (java windows)
Content-Length: 137
Content-Type: application/json; charset=utf-8
host: localhost:49555
accept: */*

Response DefaultHttpResponse(decodeResult: success, version: HTTP/1.1)
HTTP/1.1 200 OK
Content-Type: application/json; charset=utf-8
cache-control: no-cache
content-length: 88

11:14:42.427 [AsyncHttpClient-1-4] DEBUG org.asynchttpclient.netty.channel.ChannelManager - Adding key: http://localhost:49555 for channel [id: 0xa0d7ff4c, L:/127.0.0.1:61531 - R:localhost/127.0.0.1:49555]
11:14:42.430 [Forwarding getElementTagName on session 203fac459231084d1f902d19e6dc599e to remote] DEBUG org.asynchttpclient.netty.request.NettyRequestSender - Using pooled Channel '[id: 0xa0d7ff4c, L:/127.0.0.1:61531 - R:localhost/127.0.0.1:49555]' for 'GET' to 'http://localhost:49555/session/203fac459231084d1f902d19e6dc599e/element/3a06cee8-6e6f-4513-9341-f95280576fc4/name'
11:14:42.430 [Forwarding getElementTagName on session 203fac459231084d1f902d19e6dc599e to remote] DEBUG org.asynchttpclient.netty.request.NettyRequestSender - Using open Channel [id: 0xa0d7ff4c, L:/127.0.0.1:61531 - R:localhost/127.0.0.1:49555] for GET '/session/203fac459231084d1f902d19e6dc599e/element/3a06cee8-6e6f-4513-9341-f95280576fc4/name'
11:14:42.593 [AsyncHttpClient-1-4] DEBUG org.asynchttpclient.netty.handler.HttpHandler - 

Request DefaultFullHttpRequest(decodeResult: success, version: HTTP/1.1, content: EmptyByteBufBE)
GET /session/203fac459231084d1f902d19e6dc599e/element/3a06cee8-6e6f-4513-9341-f95280576fc4/name HTTP/1.1
User-Agent: selenium/4.1.2 (java windows)
Cache-Control: no-cache
Content-Type: application/json; charset=utf-8
host: localhost:49555
accept: */*

Response DefaultHttpResponse(decodeResult: success, version: HTTP/1.1)
HTTP/1.1 200 OK
Content-Type: application/json; charset=utf-8
cache-control: no-cache
content-length: 18

11:14:42.593 [AsyncHttpClient-1-4] DEBUG org.asynchttpclient.netty.channel.ChannelManager - Adding key: http://localhost:49555 for channel [id: 0xa0d7ff4c, L:/127.0.0.1:61531 - R:localhost/127.0.0.1:49555]
11:14:42.595 [Forwarding getElementTagName on session 203fac459231084d1f902d19e6dc599e to remote] DEBUG org.asynchttpclient.netty.request.NettyRequestSender - Using pooled Channel '[id: 0xa0d7ff4c, L:/127.0.0.1:61531 - R:localhost/127.0.0.1:49555]' for 'GET' to 'http://localhost:49555/session/203fac459231084d1f902d19e6dc599e/element/3a06cee8-6e6f-4513-9341-f95280576fc4/name'
11:14:42.595 [Forwarding getElementTagName on session 203fac459231084d1f902d19e6dc599e to remote] DEBUG org.asynchttpclient.netty.request.NettyRequestSender - Using open Channel [id: 0xa0d7ff4c, L:/127.0.0.1:61531 - R:localhost/127.0.0.1:49555] for GET '/session/203fac459231084d1f902d19e6dc599e/element/3a06cee8-6e6f-4513-9341-f95280576fc4/name'
11:14:42.613 [AsyncHttpClient-1-1] DEBUG org.asynchttpclient.netty.channel.DefaultChannelPool - Entry count for : http://localhost:61533 : 1
11:14:42.622 [AsyncHttpClient-1-4] DEBUG org.asynchttpclient.netty.handler.HttpHandler - 

Request DefaultFullHttpRequest(decodeResult: success, version: HTTP/1.1, content: EmptyByteBufBE)
GET /session/203fac459231084d1f902d19e6dc599e/element/3a06cee8-6e6f-4513-9341-f95280576fc4/name HTTP/1.1
User-Agent: selenium/4.1.2 (java windows)
Cache-Control: no-cache
Content-Type: application/json; charset=utf-8
host: localhost:49555
accept: */*

Response DefaultHttpResponse(decodeResult: success, version: HTTP/1.1)
HTTP/1.1 200 OK
Content-Type: application/json; charset=utf-8
cache-control: no-cache
content-length: 18

11:14:42.622 [AsyncHttpClient-1-4] DEBUG org.asynchttpclient.netty.channel.ChannelManager - Adding key: http://localhost:49555 for channel [id: 0xa0d7ff4c, L:/127.0.0.1:61531 - R:localhost/127.0.0.1:49555]
11:14:42.627 [Forwarding isElementEnabled on session 203fac459231084d1f902d19e6dc599e to remote] DEBUG org.asynchttpclient.netty.request.NettyRequestSender - Using pooled Channel '[id: 0xa0d7ff4c, L:/127.0.0.1:61531 - R:localhost/127.0.0.1:49555]' for 'GET' to 'http://localhost:49555/session/203fac459231084d1f902d19e6dc599e/element/3a06cee8-6e6f-4513-9341-f95280576fc4/enabled'
11:14:42.627 [Forwarding isElementEnabled on session 203fac459231084d1f902d19e6dc599e to remote] DEBUG org.asynchttpclient.netty.request.NettyRequestSender - Using open Channel [id: 0xa0d7ff4c, L:/127.0.0.1:61531 - R:localhost/127.0.0.1:49555] for GET '/session/203fac459231084d1f902d19e6dc599e/element/3a06cee8-6e6f-4513-9341-f95280576fc4/enabled'
11:14:42.673 [AsyncHttpClient-1-4] DEBUG org.asynchttpclient.netty.handler.HttpHandler - 

Request DefaultFullHttpRequest(decodeResult: success, version: HTTP/1.1, content: EmptyByteBufBE)
GET /session/203fac459231084d1f902d19e6dc599e/element/3a06cee8-6e6f-4513-9341-f95280576fc4/enabled HTTP/1.1
User-Agent: selenium/4.1.2 (java windows)
Cache-Control: no-cache
Content-Type: application/json; charset=utf-8
host: localhost:49555
accept: */*

Response DefaultHttpResponse(decodeResult: success, version: HTTP/1.1)
HTTP/1.1 200 OK
Content-Type: application/json; charset=utf-8
cache-control: no-cache
content-length: 14

11:14:42.673 [AsyncHttpClient-1-4] DEBUG org.asynchttpclient.netty.channel.ChannelManager - Adding key: http://localhost:49555 for channel [id: 0xa0d7ff4c, L:/127.0.0.1:61531 - R:localhost/127.0.0.1:49555]
11:14:42.676 [Forwarding isElementEnabled on session 203fac459231084d1f902d19e6dc599e to remote] DEBUG org.asynchttpclient.netty.request.NettyRequestSender - Using pooled Channel '[id: 0xa0d7ff4c, L:/127.0.0.1:61531 - R:localhost/127.0.0.1:49555]' for 'GET' to 'http://localhost:49555/session/203fac459231084d1f902d19e6dc599e/element/3a06cee8-6e6f-4513-9341-f95280576fc4/enabled'
11:14:42.676 [Forwarding isElementEnabled on session 203fac459231084d1f902d19e6dc599e to remote] DEBUG org.asynchttpclient.netty.request.NettyRequestSender - Using open Channel [id: 0xa0d7ff4c, L:/127.0.0.1:61531 - R:localhost/127.0.0.1:49555] for GET '/session/203fac459231084d1f902d19e6dc599e/element/3a06cee8-6e6f-4513-9341-f95280576fc4/enabled'
11:14:42.706 [AsyncHttpClient-1-4] DEBUG org.asynchttpclient.netty.handler.HttpHandler - 

Request DefaultFullHttpRequest(decodeResult: success, version: HTTP/1.1, content: EmptyByteBufBE)
GET /session/203fac459231084d1f902d19e6dc599e/element/3a06cee8-6e6f-4513-9341-f95280576fc4/enabled HTTP/1.1
User-Agent: selenium/4.1.2 (java windows)
Cache-Control: no-cache
Content-Type: application/json; charset=utf-8
host: localhost:49555
accept: */*

Response DefaultHttpResponse(decodeResult: success, version: HTTP/1.1)
HTTP/1.1 200 OK
Content-Type: application/json; charset=utf-8
cache-control: no-cache
content-length: 14

11:14:42.706 [AsyncHttpClient-1-4] DEBUG org.asynchttpclient.netty.channel.ChannelManager - Adding key: http://localhost:49555 for channel [id: 0xa0d7ff4c, L:/127.0.0.1:61531 - R:localhost/127.0.0.1:49555]
11:14:42.709 [Forwarding findElement on session 203fac459231084d1f902d19e6dc599e to remote] DEBUG org.asynchttpclient.netty.request.NettyRequestSender - Using pooled Channel '[id: 0xa0d7ff4c, L:/127.0.0.1:61531 - R:localhost/127.0.0.1:49555]' for 'POST' to 'http://localhost:49555/session/203fac459231084d1f902d19e6dc599e/element'
11:14:42.709 [Forwarding findElement on session 203fac459231084d1f902d19e6dc599e to remote] DEBUG org.asynchttpclient.netty.request.NettyRequestSender - Using open Channel [id: 0xa0d7ff4c, L:/127.0.0.1:61531 - R:localhost/127.0.0.1:49555] for POST '/session/203fac459231084d1f902d19e6dc599e/element'
11:14:42.730 [AsyncHttpClient-1-4] DEBUG org.asynchttpclient.netty.handler.HttpHandler - 

Request DefaultHttpRequest(decodeResult: success, version: HTTP/1.1)
POST /session/203fac459231084d1f902d19e6dc599e/element HTTP/1.1
User-Agent: selenium/4.1.2 (java windows)
Content-Length: 137
Content-Type: application/json; charset=utf-8
host: localhost:49555
accept: */*

Response DefaultHttpResponse(decodeResult: success, version: HTTP/1.1)
HTTP/1.1 200 OK
Content-Type: application/json; charset=utf-8
cache-control: no-cache
content-length: 88

11:14:42.730 [AsyncHttpClient-1-4] DEBUG org.asynchttpclient.netty.channel.ChannelManager - Adding key: http://localhost:49555 for channel [id: 0xa0d7ff4c, L:/127.0.0.1:61531 - R:localhost/127.0.0.1:49555]
11:14:42.732 [Forwarding clickElement on session 203fac459231084d1f902d19e6dc599e to remote] DEBUG org.asynchttpclient.netty.request.NettyRequestSender - Using pooled Channel '[id: 0xa0d7ff4c, L:/127.0.0.1:61531 - R:localhost/127.0.0.1:49555]' for 'POST' to 'http://localhost:49555/session/203fac459231084d1f902d19e6dc599e/element/3a06cee8-6e6f-4513-9341-f95280576fc4/click'
11:14:42.732 [Forwarding clickElement on session 203fac459231084d1f902d19e6dc599e to remote] DEBUG org.asynchttpclient.netty.request.NettyRequestSender - Using open Channel [id: 0xa0d7ff4c, L:/127.0.0.1:61531 - R:localhost/127.0.0.1:49555] for POST '/session/203fac459231084d1f902d19e6dc599e/element/3a06cee8-6e6f-4513-9341-f95280576fc4/click'
11:14:43.076 [AsyncHttpClient-1-4] DEBUG org.asynchttpclient.netty.handler.HttpHandler - 

Request DefaultHttpRequest(decodeResult: success, version: HTTP/1.1)
POST /session/203fac459231084d1f902d19e6dc599e/element/3a06cee8-6e6f-4513-9341-f95280576fc4/click HTTP/1.1
User-Agent: selenium/4.1.2 (java windows)
Content-Length: 50
Content-Type: application/json; charset=utf-8
host: localhost:49555
accept: */*

Response DefaultHttpResponse(decodeResult: success, version: HTTP/1.1)
HTTP/1.1 200 OK
Content-Type: application/json; charset=utf-8
cache-control: no-cache
content-length: 14

11:14:43.076 [AsyncHttpClient-1-4] DEBUG org.asynchttpclient.netty.channel.ChannelManager - Adding key: http://localhost:49555 for channel [id: 0xa0d7ff4c, L:/127.0.0.1:61531 - R:localhost/127.0.0.1:49555]
11:14:43.107 [Forwarding screenshot on session 203fac459231084d1f902d19e6dc599e to remote] DEBUG org.asynchttpclient.netty.request.NettyRequestSender - Using pooled Channel '[id: 0xa0d7ff4c, L:/127.0.0.1:61531 - R:localhost/127.0.0.1:49555]' for 'GET' to 'http://localhost:49555/session/203fac459231084d1f902d19e6dc599e/screenshot'
11:14:43.108 [Forwarding screenshot on session 203fac459231084d1f902d19e6dc599e to remote] DEBUG org.asynchttpclient.netty.request.NettyRequestSender - Using open Channel [id: 0xa0d7ff4c, L:/127.0.0.1:61531 - R:localhost/127.0.0.1:49555] for GET '/session/203fac459231084d1f902d19e6dc599e/screenshot'
11:14:43.645 [AsyncHttpClient-1-4] DEBUG org.asynchttpclient.netty.handler.HttpHandler - 

Request DefaultFullHttpRequest(decodeResult: success, version: HTTP/1.1, content: EmptyByteBufBE)
GET /session/203fac459231084d1f902d19e6dc599e/screenshot HTTP/1.1
User-Agent: selenium/4.1.2 (java windows)
Cache-Control: no-cache
Content-Type: application/json; charset=utf-8
host: localhost:49555
accept: */*

Response DefaultHttpResponse(decodeResult: success, version: HTTP/1.1)
HTTP/1.1 200 OK
Content-Type: application/json; charset=utf-8
cache-control: no-cache
content-length: 392816

11:14:43.648 [AsyncHttpClient-1-4] DEBUG org.asynchttpclient.netty.channel.ChannelManager - Adding key: http://localhost:49555 for channel [id: 0xa0d7ff4c, L:/127.0.0.1:61531 - R:localhost/127.0.0.1:49555]
11:14:43.693 [main] DEBUG net.serenitybdd.core.photography.Darkroom - Send negative for processing for target\site\serenity\825fb35c1720409216e693686f6918cc565ee5cab7ad29779d51bb15e724cddb.png
11:14:43.693 [main] DEBUG net.thucydides.core.steps.StepInterceptor - STEP DONE: clickButtonBack
11:14:43.720 [main] DEBUG net.thucydides.core.steps.StepInterceptor - STARTING STEP: PatientDataSteps.validEditData - checkValidDataPasien
11:14:43.724 [Forwarding findElement on session 203fac459231084d1f902d19e6dc599e to remote] DEBUG org.asynchttpclient.netty.request.NettyRequestSender - Using pooled Channel '[id: 0xa0d7ff4c, L:/127.0.0.1:61531 - R:localhost/127.0.0.1:49555]' for 'POST' to 'http://localhost:49555/session/203fac459231084d1f902d19e6dc599e/element'
11:14:43.724 [Forwarding findElement on session 203fac459231084d1f902d19e6dc599e to remote] DEBUG org.asynchttpclient.netty.request.NettyRequestSender - Using open Channel [id: 0xa0d7ff4c, L:/127.0.0.1:61531 - R:localhost/127.0.0.1:49555] for POST '/session/203fac459231084d1f902d19e6dc599e/element'
11:14:43.734 [AsyncHttpClient-1-1] DEBUG org.asynchttpclient.netty.channel.DefaultChannelPool - Entry count for : http://localhost:61533 : 1
11:14:43.880 [AsyncHttpClient-1-4] DEBUG org.asynchttpclient.netty.handler.HttpHandler - 

Request DefaultHttpRequest(decodeResult: success, version: HTTP/1.1)
POST /session/203fac459231084d1f902d19e6dc599e/element HTTP/1.1
User-Agent: selenium/4.1.2 (java windows)
Content-Length: 95
Content-Type: application/json; charset=utf-8
host: localhost:49555
accept: */*

Response DefaultHttpResponse(decodeResult: success, version: HTTP/1.1)
HTTP/1.1 200 OK
Content-Type: application/json; charset=utf-8
cache-control: no-cache
content-length: 88

11:14:43.880 [AsyncHttpClient-1-4] DEBUG org.asynchttpclient.netty.channel.ChannelManager - Adding key: http://localhost:49555 for channel [id: 0xa0d7ff4c, L:/127.0.0.1:61531 - R:localhost/127.0.0.1:49555]
11:14:43.884 [Forwarding isElementEnabled on session 203fac459231084d1f902d19e6dc599e to remote] DEBUG org.asynchttpclient.netty.request.NettyRequestSender - Using pooled Channel '[id: 0xa0d7ff4c, L:/127.0.0.1:61531 - R:localhost/127.0.0.1:49555]' for 'GET' to 'http://localhost:49555/session/203fac459231084d1f902d19e6dc599e/element/127e56fd-0f19-4aba-a079-d6d6f74662cd/enabled'
11:14:43.884 [Forwarding isElementEnabled on session 203fac459231084d1f902d19e6dc599e to remote] DEBUG org.asynchttpclient.netty.request.NettyRequestSender - Using open Channel [id: 0xa0d7ff4c, L:/127.0.0.1:61531 - R:localhost/127.0.0.1:49555] for GET '/session/203fac459231084d1f902d19e6dc599e/element/127e56fd-0f19-4aba-a079-d6d6f74662cd/enabled'
11:14:43.942 [AsyncHttpClient-1-4] DEBUG org.asynchttpclient.netty.handler.HttpHandler - 

Request DefaultFullHttpRequest(decodeResult: success, version: HTTP/1.1, content: EmptyByteBufBE)
GET /session/203fac459231084d1f902d19e6dc599e/element/127e56fd-0f19-4aba-a079-d6d6f74662cd/enabled HTTP/1.1
User-Agent: selenium/4.1.2 (java windows)
Cache-Control: no-cache
Content-Type: application/json; charset=utf-8
host: localhost:49555
accept: */*

Response DefaultHttpResponse(decodeResult: success, version: HTTP/1.1)
HTTP/1.1 200 OK
Content-Type: application/json; charset=utf-8
cache-control: no-cache
content-length: 14

11:14:43.942 [AsyncHttpClient-1-4] DEBUG org.asynchttpclient.netty.channel.ChannelManager - Adding key: http://localhost:49555 for channel [id: 0xa0d7ff4c, L:/127.0.0.1:61531 - R:localhost/127.0.0.1:49555]
11:14:43.954 [Forwarding screenshot on session 203fac459231084d1f902d19e6dc599e to remote] DEBUG org.asynchttpclient.netty.request.NettyRequestSender - Using pooled Channel '[id: 0xa0d7ff4c, L:/127.0.0.1:61531 - R:localhost/127.0.0.1:49555]' for 'GET' to 'http://localhost:49555/session/203fac459231084d1f902d19e6dc599e/screenshot'
11:14:43.954 [Forwarding screenshot on session 203fac459231084d1f902d19e6dc599e to remote] DEBUG org.asynchttpclient.netty.request.NettyRequestSender - Using open Channel [id: 0xa0d7ff4c, L:/127.0.0.1:61531 - R:localhost/127.0.0.1:49555] for GET '/session/203fac459231084d1f902d19e6dc599e/screenshot'
11:14:44.362 [AsyncHttpClient-1-4] DEBUG org.asynchttpclient.netty.handler.HttpHandler - 

Request DefaultFullHttpRequest(decodeResult: success, version: HTTP/1.1, content: EmptyByteBufBE)
GET /session/203fac459231084d1f902d19e6dc599e/screenshot HTTP/1.1
User-Agent: selenium/4.1.2 (java windows)
Cache-Control: no-cache
Content-Type: application/json; charset=utf-8
host: localhost:49555
accept: */*

Response DefaultHttpResponse(decodeResult: success, version: HTTP/1.1)
HTTP/1.1 200 OK
Content-Type: application/json; charset=utf-8
cache-control: no-cache
content-length: 410600

11:14:44.364 [AsyncHttpClient-1-4] DEBUG org.asynchttpclient.netty.channel.ChannelManager - Adding key: http://localhost:49555 for channel [id: 0xa0d7ff4c, L:/127.0.0.1:61531 - R:localhost/127.0.0.1:49555]
11:14:44.415 [main] DEBUG net.serenitybdd.core.photography.Darkroom - Send negative for processing for target\site\serenity\f4b03b47e65600d3d7b2d162629a5d791e2cfbb57900d9461bcf29ba9a8232ea.png
11:14:44.416 [main] DEBUG net.thucydides.core.steps.StepInterceptor - STEP DONE: checkValidDataPasien
  &amp#27;[32mAnd &amp#27;[0m&amp#27;[32mValid edit data&amp#27;[0m                                           &amp#27;[90m# starter.stepdefinitios.PatientDataSteps.validEditData()&amp#27;[0m
11:14:44.418 [Darkroom Processing Line] DEBUG net.serenitybdd.core.photography.DarkroomProcessingLine - Processing screenshot image in /var/screenshots/screenshot-3929218427157908107
11:14:44.418 [Darkroom Processing Line] DEBUG net.serenitybdd.core.photography.DarkroomProcessingLine - Saving screenshot to target\site\serenity\f4b03b47e65600d3d7b2d162629a5d791e2cfbb57900d9461bcf29ba9a8232ea.png
11:14:44.451 [AsyncHttpClient-1-6] DEBUG org.asynchttpclient.netty.handler.WebSocketHandler - Channel Closed: [id: 0xc344cda0, L:/127.0.0.1:61544 ! R:localhost/127.0.0.1:61533] with attribute NettyResponseFuture{currentRetry=5,
	isDone=1,
	isCancelled=0,
	asyncHandler=org.asynchttpclient.ws.WebSocketUpgradeHandler@1b56fc88,
	nettyRequest=org.asynchttpclient.netty.request.NettyRequest@25ecd9bb,
	future=java.util.concurrent.CompletableFuture@6cee108a[Completed normally],
	uri=ws://localhost:61533/devtools/browser/555effe8-5be2-4c64-b731-06444d95a021,
	keepAlive=true,
	redirectCount=0,
	timeoutsHolder=null,
	inAuth=0,
	touch=1655525664205}
11:14:44.451 [AsyncHttpClient-1-6] DEBUG org.asynchttpclient.netty.channel.ChannelManager - Closing Channel [id: 0xc344cda0, L:/127.0.0.1:61544 ! R:localhost/127.0.0.1:61533] 
11:14:44.454 [Driver Command Executor] DEBUG org.asynchttpclient.netty.request.NettyRequestSender - Using pooled Channel '[id: 0xa0d7ff4c, L:/127.0.0.1:61531 - R:localhost/127.0.0.1:49555]' for 'DELETE' to 'http://localhost:49555/session/203fac459231084d1f902d19e6dc599e'
11:14:44.454 [Driver Command Executor] DEBUG org.asynchttpclient.netty.request.NettyRequestSender - Using open Channel [id: 0xa0d7ff4c, L:/127.0.0.1:61531 - R:localhost/127.0.0.1:49555] for DELETE '/session/203fac459231084d1f902d19e6dc599e'
11:14:44.799 [AsyncHttpClient-1-5] DEBUG org.asynchttpclient.netty.handler.HttpHandler - Unexpected I/O exception on channel [id: 0xfd58961f, L:/127.0.0.1:61543 - R:localhost/127.0.0.1:61533]
java.io.IOException: An existing connection was forcibly closed by the remote host
	at java.base/sun.nio.ch.SocketDispatcher.read0(Native Method)
	at java.base/sun.nio.ch.SocketDispatcher.read(SocketDispatcher.java:43)
	at java.base/sun.nio.ch.IOUtil.readIntoNativeBuffer(IOUtil.java:276)
	at java.base/sun.nio.ch.IOUtil.read(IOUtil.java:233)
	at java.base/sun.nio.ch.IOUtil.read(IOUtil.java:223)
	at java.base/sun.nio.ch.SocketChannelImpl.read(SocketChannelImpl.java:358)
	at io.netty.buffer.PooledByteBuf.setBytes(PooledByteBuf.java:258)
	at io.netty.buffer.AbstractByteBuf.writeBytes(AbstractByteBuf.java:1132)
	at io.netty.channel.socket.nio.NioSocketChannel.doReadBytes(NioSocketChannel.java:350)
	at io.netty.channel.nio.AbstractNioByteChannel$NioByteUnsafe.read(AbstractNioByteChannel.java:151)
	at io.netty.channel.nio.NioEventLoop.processSelectedKey(NioEventLoop.java:722)
	at io.netty.channel.nio.NioEventLoop.processSelectedKeysOptimized(NioEventLoop.java:658)
	at io.netty.channel.nio.NioEventLoop.processSelectedKeys(NioEventLoop.java:584)
	at io.netty.channel.nio.NioEventLoop.run(NioEventLoop.java:496)
	at io.netty.util.concurrent.SingleThreadEventExecutor$4.run(SingleThreadEventExecutor.java:986)
	at io.netty.util.internal.ThreadExecutorMap$2.run(ThreadExecutorMap.java:74)
	at io.netty.util.concurrent.FastThreadLocalRunnable.run(FastThreadLocalRunnable.java:30)
	at java.base/java.lang.Thread.run(Thread.java:834)
11:14:44.800 [AsyncHttpClient-1-5] DEBUG org.asynchttpclient.netty.channel.ChannelManager - Closing Channel [id: 0xfd58961f, L:/127.0.0.1:61543 - R:localhost/127.0.0.1:61533] 
11:14:44.801 [AsyncHttpClient-1-5] DEBUG org.asynchttpclient.netty.handler.HttpHandler - Channel Closed: [id: 0xfd58961f, L:/127.0.0.1:61543 ! R:localhost/127.0.0.1:61533] with attribute DISCARD
11:14:44.819 [AsyncHttpClient-1-1] DEBUG org.asynchttpclient.netty.channel.DefaultChannelPool - Entry count for : http://localhost:61533 : 1
11:14:44.819 [AsyncHttpClient-1-1] DEBUG org.asynchttpclient.netty.channel.DefaultChannelPool - Adding Candidate expired Channel [id: 0xfd58961f, L:/127.0.0.1:61543 ! R:localhost/127.0.0.1:61533] isIdleTimeoutExpired=false isRemotelyClosed=true isTtlExpired=false
11:14:44.819 [AsyncHttpClient-1-1] DEBUG org.asynchttpclient.netty.channel.DefaultChannelPool - Closing Idle Channel [id: 0xfd58961f, L:/127.0.0.1:61543 ! R:localhost/127.0.0.1:61533]
11:14:44.820 [AsyncHttpClient-1-1] DEBUG org.asynchttpclient.netty.channel.DefaultChannelPool - Closed 1 connections out of 1 in 1 ms
11:14:44.860 [AsyncHttpClient-1-4] DEBUG org.asynchttpclient.netty.handler.HttpHandler - 

Request DefaultFullHttpRequest(decodeResult: success, version: HTTP/1.1, content: EmptyByteBufBE)
DELETE /session/203fac459231084d1f902d19e6dc599e HTTP/1.1
User-Agent: selenium/4.1.2 (java windows)
Content-Type: application/json; charset=utf-8
host: localhost:49555
accept: */*

Response DefaultHttpResponse(decodeResult: success, version: HTTP/1.1)
HTTP/1.1 200 OK
Content-Type: application/json; charset=utf-8
cache-control: no-cache
content-length: 14

11:14:44.860 [AsyncHttpClient-1-4] DEBUG org.asynchttpclient.netty.channel.ChannelManager - Adding key: http://localhost:49555 for channel [id: 0xa0d7ff4c, L:/127.0.0.1:61531 - R:localhost/127.0.0.1:49555]
11:14:45.243 [AsyncHttpClient-1-4] DEBUG org.asynchttpclient.netty.handler.HttpHandler - Channel Closed: [id: 0xa0d7ff4c, L:/127.0.0.1:61531 ! R:localhost/127.0.0.1:49555] with attribute DISCARD
]]></system-out>
    <system-err><![CDATA[Starting ChromeDriver 102.0.5005.61 (0e59bcc00cc4985ce39ad31c150065f159d95ad3-refs/branch-heads/5005@{#819}) on port 49555
Only local connections are allowed.
Please see https://chromedriver.chromium.org/security-considerations for suggestions on keeping ChromeDriver safe.
ChromeDriver was started successfully.
Jun 18, 2022 11:14:24 AM org.openqa.selenium.remote.ProtocolHandshake createSession
INFO: Detected dialect: W3C
Jun 18, 2022 11:14:24 AM org.openqa.selenium.devtools.CdpVersionFinder findNearestMatch
WARNING: Unable to find an exact match for CDP version 102, so returning the closest version found: a no-op implementation
Jun 18, 2022 11:14:24 AM org.openqa.selenium.devtools.CdpVersionFinder findNearestMatch
INFO: Unable to find CDP implementation matching 102.
Jun 18, 2022 11:14:24 AM org.openqa.selenium.chromium.ChromiumDriver lambda$new$3
WARNING: Unable to find version of CDP to use for . You may need to include a dependency on a specific version of the CDP using something similar to `org.seleniumhq.selenium:selenium-devtools-v86:4.1.2` where the version ("v86") matches the version of the chromium-based browser you're using and the version number of the artifact is the same as Selenium's.
]]></system-err>
  </testcase>
  <testcase name="As a admin i want to edit data pasien #6" classname="Edit Data Pasien - Admin" time="24.501">
    <system-out><![CDATA[
@EditPatientData
Scenario Outline: As a admin i want to edit data pasien           &amp#27;[90m# src/test/resources/features/EditDataPasien.feature:21&amp#27;[0m
11:14:45.800 [main] INFO io.cucumber.core.plugin.SerenityReporter - Running feature from file:///D:/New%20folder%20(2)/Capstone/Testing/src/test/resources/features/EditDataPasien.feature
11:14:45.853 [main] DEBUG net.thucydides.core.steps.StepInterceptor - STARTING STEP: PatientDataSteps.openPageDataPasien - openDataPasien
11:14:45.855 [main] INFO net.serenitybdd.core.webdriver.driverproviders.ChromeDriverProvider - Using automatically driver download
11:14:45.918 [AsyncHttpClient-1-1] DEBUG org.asynchttpclient.netty.channel.DefaultChannelPool - Entry count for : http://localhost:49555 : 1
11:14:45.918 [AsyncHttpClient-1-1] DEBUG org.asynchttpclient.netty.channel.DefaultChannelPool - Adding Candidate expired Channel [id: 0xa0d7ff4c, L:/127.0.0.1:61531 ! R:localhost/127.0.0.1:49555] isIdleTimeoutExpired=false isRemotelyClosed=true isTtlExpired=false
11:14:45.919 [AsyncHttpClient-1-1] DEBUG org.asynchttpclient.netty.channel.DefaultChannelPool - Closing Idle Channel [id: 0xa0d7ff4c, L:/127.0.0.1:61531 ! R:localhost/127.0.0.1:49555]
11:14:45.919 [AsyncHttpClient-1-1] DEBUG org.asynchttpclient.netty.channel.DefaultChannelPool - Closed 1 connections out of 1 in 1 ms
11:14:46.178 [main] DEBUG io.github.bonigarcia.wdm.cache.ResolutionCache - Resolution chrome=102 in cache (valid until 12:10:27 18/06/2022 ICT)
11:14:46.209 [main] DEBUG io.github.bonigarcia.wdm.cache.ResolutionCache - Resolution chrome102=102.0.5005.61 in cache (valid until 19:49:35 18/06/2022 ICT)
11:14:46.222 [main] INFO io.github.bonigarcia.wdm.WebDriverManager - Using chromedriver 102.0.5005.61 (resolved driver for Chrome 102)
11:14:46.312 [main] DEBUG io.github.bonigarcia.wdm.WebDriverManager - Driver chromedriver 102.0.5005.61 found in cache
11:14:46.320 [main] INFO io.github.bonigarcia.wdm.WebDriverManager - Exporting webdriver.chrome.driver as C:\Users\ASUS\.cache\selenium\chromedriver\win32\102.0.5005.61\chromedriver.exe
11:14:46.578 [main] DEBUG net.serenitybdd.core.webdriver.driverproviders.ProvideNewDriver - Instantiating driver
11:14:46.579 [main] DEBUG net.serenitybdd.core.webdriver.driverproviders.ProvideNewDriver - Driver capabilities: Capabilities {acceptInsecureCerts: false, base.url: https://fanciful-trifle-360..., browserName: chrome, chore.driver: src/test/resources/webdrive..., driver: chrome, goog:chromeOptions: {args: [], extensions: []}}
11:14:47.142 [AsyncHttpClient-1-7] DEBUG org.asynchttpclient.netty.channel.NettyConnectListener - Using new Channel '[id: 0x1d4e049a, L:/127.0.0.1:61579 - R:localhost/127.0.0.1:51390]' for 'POST' to '/session'
11:14:49.470 [AsyncHttpClient-1-7] DEBUG org.asynchttpclient.netty.handler.HttpHandler - 

Request DefaultHttpRequest(decodeResult: success, version: HTTP/1.1)
POST /session HTTP/1.1
User-Agent: selenium/4.1.2 (java windows)
Content-Length: 628
Content-Type: application/json; charset=utf-8
host: localhost:51390
accept: */*

Response DefaultHttpResponse(decodeResult: success, version: HTTP/1.1)
HTTP/1.1 200 OK
Content-Type: application/json; charset=utf-8
cache-control: no-cache
content-length: 790

11:14:49.470 [AsyncHttpClient-1-7] DEBUG org.asynchttpclient.netty.channel.ChannelManager - Adding key: http://localhost:51390 for channel [id: 0x1d4e049a, L:/127.0.0.1:61579 - R:localhost/127.0.0.1:51390]
11:14:49.502 [AsyncHttpClient-1-8] DEBUG org.asynchttpclient.netty.channel.NettyConnectListener - Using new Channel '[id: 0xc26307ef, L:/127.0.0.1:61591 - R:localhost/127.0.0.1:61580]' for 'GET' to '/json/version'
11:14:49.508 [AsyncHttpClient-1-8] DEBUG org.asynchttpclient.netty.handler.HttpHandler - 

Request DefaultFullHttpRequest(decodeResult: success, version: HTTP/1.1, content: EmptyByteBufBE)
GET /json/version HTTP/1.1
User-Agent: selenium/4.1.2 (java windows)
host: localhost:61580
accept: */*

Response DefaultHttpResponse(decodeResult: success, version: HTTP/1.1)
HTTP/1.1 200 OK
Content-Type: application/json; charset=UTF-8
content-length: 428

11:14:49.508 [AsyncHttpClient-1-8] DEBUG org.asynchttpclient.netty.channel.ChannelManager - Adding key: http://localhost:61580 for channel [id: 0xc26307ef, L:/127.0.0.1:61591 - R:localhost/127.0.0.1:61580]
11:14:49.521 [AsyncHttpClient-1-9] DEBUG org.asynchttpclient.netty.channel.NettyConnectListener - Using new Channel '[id: 0x238b9614, L:/127.0.0.1:61592 - R:localhost/127.0.0.1:61580]' for 'GET' to '/devtools/browser/d1299b3f-cea9-4be1-a7c4-7f17f4b942ee'
11:14:49.523 [AsyncHttpClient-1-9] DEBUG org.asynchttpclient.netty.handler.WebSocketHandler - 

Request DefaultFullHttpRequest(decodeResult: success, version: HTTP/1.1, content: EmptyByteBufBE)
GET /devtools/browser/d1299b3f-cea9-4be1-a7c4-7f17f4b942ee HTTP/1.1
upgrade: websocket
connection: upgrade
sec-websocket-key: QuNDoa5BCc2rqwk5MtsL7A==
sec-websocket-version: 13
origin: http://localhost:61580
host: localhost:61580
accept: */*
user-agent: AHC/2.1

Response DefaultHttpResponse(decodeResult: success, version: HTTP/1.1)
HTTP/1.1 101 WebSocket Protocol Handshake
Upgrade: WebSocket
Connection: Upgrade
Sec-WebSocket-Accept: on38y/JFNu/fOdeiFI81QNRlTHo=

11:14:49.536 [Forwarding get on session 50e7d4686d37321868f7c71f99d431fc to remote] DEBUG org.asynchttpclient.netty.request.NettyRequestSender - Using pooled Channel '[id: 0x1d4e049a, L:/127.0.0.1:61579 - R:localhost/127.0.0.1:51390]' for 'POST' to 'http://localhost:51390/session/50e7d4686d37321868f7c71f99d431fc/url'
11:14:49.536 [Forwarding get on session 50e7d4686d37321868f7c71f99d431fc to remote] DEBUG org.asynchttpclient.netty.request.NettyRequestSender - Using open Channel [id: 0x1d4e049a, L:/127.0.0.1:61579 - R:localhost/127.0.0.1:51390] for POST '/session/50e7d4686d37321868f7c71f99d431fc/url'
11:14:50.325 [AsyncHttpClient-1-1] DEBUG org.asynchttpclient.netty.channel.DefaultChannelPool - Entry count for : http://localhost:61580 : 1
11:14:51.020 [AsyncHttpClient-1-7] DEBUG org.asynchttpclient.netty.handler.HttpHandler - 

Request DefaultHttpRequest(decodeResult: success, version: HTTP/1.1)
POST /session/50e7d4686d37321868f7c71f99d431fc/url HTTP/1.1
User-Agent: selenium/4.1.2 (java windows)
Content-Length: 84
Content-Type: application/json; charset=utf-8
host: localhost:51390
accept: */*

Response DefaultHttpResponse(decodeResult: success, version: HTTP/1.1)
HTTP/1.1 200 OK
Content-Type: application/json; charset=utf-8
cache-control: no-cache
content-length: 14

11:14:51.020 [AsyncHttpClient-1-7] DEBUG org.asynchttpclient.netty.channel.ChannelManager - Adding key: http://localhost:51390 for channel [id: 0x1d4e049a, L:/127.0.0.1:61579 - R:localhost/127.0.0.1:51390]
11:14:51.025 [Forwarding setTimeout on session 50e7d4686d37321868f7c71f99d431fc to remote] DEBUG org.asynchttpclient.netty.request.NettyRequestSender - Using pooled Channel '[id: 0x1d4e049a, L:/127.0.0.1:61579 - R:localhost/127.0.0.1:51390]' for 'POST' to 'http://localhost:51390/session/50e7d4686d37321868f7c71f99d431fc/timeouts'
11:14:51.025 [Forwarding setTimeout on session 50e7d4686d37321868f7c71f99d431fc to remote] DEBUG org.asynchttpclient.netty.request.NettyRequestSender - Using open Channel [id: 0x1d4e049a, L:/127.0.0.1:61579 - R:localhost/127.0.0.1:51390] for POST '/session/50e7d4686d37321868f7c71f99d431fc/timeouts'
11:14:51.028 [AsyncHttpClient-1-7] DEBUG org.asynchttpclient.netty.handler.HttpHandler - 

Request DefaultHttpRequest(decodeResult: success, version: HTTP/1.1)
POST /session/50e7d4686d37321868f7c71f99d431fc/timeouts HTTP/1.1
User-Agent: selenium/4.1.2 (java windows)
Content-Length: 22
Content-Type: application/json; charset=utf-8
host: localhost:51390
accept: */*

Response DefaultHttpResponse(decodeResult: success, version: HTTP/1.1)
HTTP/1.1 200 OK
Content-Type: application/json; charset=utf-8
cache-control: no-cache
content-length: 14

11:14:51.028 [AsyncHttpClient-1-7] DEBUG org.asynchttpclient.netty.channel.ChannelManager - Adding key: http://localhost:51390 for channel [id: 0x1d4e049a, L:/127.0.0.1:61579 - R:localhost/127.0.0.1:51390]
11:14:51.036 [Forwarding getCurrentUrl on session 50e7d4686d37321868f7c71f99d431fc to remote] DEBUG org.asynchttpclient.netty.request.NettyRequestSender - Using pooled Channel '[id: 0x1d4e049a, L:/127.0.0.1:61579 - R:localhost/127.0.0.1:51390]' for 'GET' to 'http://localhost:51390/session/50e7d4686d37321868f7c71f99d431fc/url'
11:14:51.036 [Forwarding getCurrentUrl on session 50e7d4686d37321868f7c71f99d431fc to remote] DEBUG org.asynchttpclient.netty.request.NettyRequestSender - Using open Channel [id: 0x1d4e049a, L:/127.0.0.1:61579 - R:localhost/127.0.0.1:51390] for GET '/session/50e7d4686d37321868f7c71f99d431fc/url'
11:14:51.069 [AsyncHttpClient-1-7] DEBUG org.asynchttpclient.netty.handler.HttpHandler - 

Request DefaultFullHttpRequest(decodeResult: success, version: HTTP/1.1, content: EmptyByteBufBE)
GET /session/50e7d4686d37321868f7c71f99d431fc/url HTTP/1.1
User-Agent: selenium/4.1.2 (java windows)
Cache-Control: no-cache
Content-Type: application/json; charset=utf-8
host: localhost:51390
accept: */*

Response DefaultHttpResponse(decodeResult: success, version: HTTP/1.1)
HTTP/1.1 200 OK
Content-Type: application/json; charset=utf-8
cache-control: no-cache
content-length: 66

11:14:51.070 [AsyncHttpClient-1-7] DEBUG org.asynchttpclient.netty.channel.ChannelManager - Adding key: http://localhost:51390 for channel [id: 0x1d4e049a, L:/127.0.0.1:61579 - R:localhost/127.0.0.1:51390]
11:14:51.083 [Forwarding screenshot on session 50e7d4686d37321868f7c71f99d431fc to remote] DEBUG org.asynchttpclient.netty.request.NettyRequestSender - Using pooled Channel '[id: 0x1d4e049a, L:/127.0.0.1:61579 - R:localhost/127.0.0.1:51390]' for 'GET' to 'http://localhost:51390/session/50e7d4686d37321868f7c71f99d431fc/screenshot'
11:14:51.083 [Forwarding screenshot on session 50e7d4686d37321868f7c71f99d431fc to remote] DEBUG org.asynchttpclient.netty.request.NettyRequestSender - Using open Channel [id: 0x1d4e049a, L:/127.0.0.1:61579 - R:localhost/127.0.0.1:51390] for GET '/session/50e7d4686d37321868f7c71f99d431fc/screenshot'
11:14:51.432 [AsyncHttpClient-1-1] DEBUG org.asynchttpclient.netty.channel.DefaultChannelPool - Entry count for : http://localhost:61580 : 1
11:14:52.208 [AsyncHttpClient-1-7] DEBUG org.asynchttpclient.netty.handler.HttpHandler - 

Request DefaultFullHttpRequest(decodeResult: success, version: HTTP/1.1, content: EmptyByteBufBE)
GET /session/50e7d4686d37321868f7c71f99d431fc/screenshot HTTP/1.1
User-Agent: selenium/4.1.2 (java windows)
Cache-Control: no-cache
Content-Type: application/json; charset=utf-8
host: localhost:51390
accept: */*

Response DefaultHttpResponse(decodeResult: success, version: HTTP/1.1)
HTTP/1.1 200 OK
Content-Type: application/json; charset=utf-8
cache-control: no-cache
content-length: 66608

11:14:52.208 [AsyncHttpClient-1-7] DEBUG org.asynchttpclient.netty.channel.ChannelManager - Adding key: http://localhost:51390 for channel [id: 0x1d4e049a, L:/127.0.0.1:61579 - R:localhost/127.0.0.1:51390]
11:14:52.216 [main] DEBUG net.serenitybdd.core.photography.Darkroom - Send negative for processing for target\site\serenity\3b111ae00db26295d7ecbde886ea4451aead6619240013077047abd82e88d678.png
11:14:52.216 [main] DEBUG net.thucydides.core.steps.StepInterceptor - STEP DONE: openDataPasien
  &amp#27;[32mGiven &amp#27;[0m&amp#27;[32mOpen page data pasien&amp#27;[0m                                     &amp#27;[90m# starter.stepdefinitios.PatientDataSteps.openPageDataPasien()&amp#27;[0m
11:14:52.284 [Forwarding screenshot on session 50e7d4686d37321868f7c71f99d431fc to remote] DEBUG org.asynchttpclient.netty.request.NettyRequestSender - Using pooled Channel '[id: 0x1d4e049a, L:/127.0.0.1:61579 - R:localhost/127.0.0.1:51390]' for 'GET' to 'http://localhost:51390/session/50e7d4686d37321868f7c71f99d431fc/screenshot'
11:14:52.284 [Forwarding screenshot on session 50e7d4686d37321868f7c71f99d431fc to remote] DEBUG org.asynchttpclient.netty.request.NettyRequestSender - Using open Channel [id: 0x1d4e049a, L:/127.0.0.1:61579 - R:localhost/127.0.0.1:51390] for GET '/session/50e7d4686d37321868f7c71f99d431fc/screenshot'
11:14:52.518 [AsyncHttpClient-1-1] DEBUG org.asynchttpclient.netty.channel.DefaultChannelPool - Entry count for : http://localhost:61580 : 1
11:14:52.539 [AsyncHttpClient-1-7] DEBUG org.asynchttpclient.netty.handler.HttpHandler - 

Request DefaultFullHttpRequest(decodeResult: success, version: HTTP/1.1, content: EmptyByteBufBE)
GET /session/50e7d4686d37321868f7c71f99d431fc/screenshot HTTP/1.1
User-Agent: selenium/4.1.2 (java windows)
Cache-Control: no-cache
Content-Type: application/json; charset=utf-8
host: localhost:51390
accept: */*

Response DefaultHttpResponse(decodeResult: success, version: HTTP/1.1)
HTTP/1.1 200 OK
Content-Type: application/json; charset=utf-8
cache-control: no-cache
content-length: 76112

11:14:52.540 [AsyncHttpClient-1-7] DEBUG org.asynchttpclient.netty.channel.ChannelManager - Adding key: http://localhost:51390 for channel [id: 0x1d4e049a, L:/127.0.0.1:61579 - R:localhost/127.0.0.1:51390]
11:14:52.549 [main] DEBUG net.serenitybdd.core.photography.Darkroom - Send negative for processing for target\site\serenity\8b21b35e830018912f486c2eb7ca47455b0ee30da052911712b231ce07c2f331.png
11:14:52.550 [main] DEBUG net.thucydides.core.steps.StepInterceptor - STARTING STEP: PatientDataSteps.clickDetailPatientData - clickButtonDetail
11:14:52.551 [Darkroom Processing Line] DEBUG net.serenitybdd.core.photography.DarkroomProcessingLine - Processing screenshot image in /var/screenshots/screenshot-8741395817954013413
11:14:52.551 [Darkroom Processing Line] DEBUG net.serenitybdd.core.photography.DarkroomProcessingLine - Saving screenshot to target\site\serenity\8b21b35e830018912f486c2eb7ca47455b0ee30da052911712b231ce07c2f331.png
11:14:52.556 [Forwarding findElement on session 50e7d4686d37321868f7c71f99d431fc to remote] DEBUG org.asynchttpclient.netty.request.NettyRequestSender - Using pooled Channel '[id: 0x1d4e049a, L:/127.0.0.1:61579 - R:localhost/127.0.0.1:51390]' for 'POST' to 'http://localhost:51390/session/50e7d4686d37321868f7c71f99d431fc/element'
11:14:52.556 [Forwarding findElement on session 50e7d4686d37321868f7c71f99d431fc to remote] DEBUG org.asynchttpclient.netty.request.NettyRequestSender - Using open Channel [id: 0x1d4e049a, L:/127.0.0.1:61579 - R:localhost/127.0.0.1:51390] for POST '/session/50e7d4686d37321868f7c71f99d431fc/element'
11:14:52.581 [AsyncHttpClient-1-7] DEBUG org.asynchttpclient.netty.handler.HttpHandler - 

Request DefaultHttpRequest(decodeResult: success, version: HTTP/1.1)
POST /session/50e7d4686d37321868f7c71f99d431fc/element HTTP/1.1
User-Agent: selenium/4.1.2 (java windows)
Content-Length: 92
Content-Type: application/json; charset=utf-8
host: localhost:51390
accept: */*

Response DefaultHttpResponse(decodeResult: success, version: HTTP/1.1)
HTTP/1.1 200 OK
Content-Type: application/json; charset=utf-8
cache-control: no-cache
content-length: 88

11:14:52.582 [AsyncHttpClient-1-7] DEBUG org.asynchttpclient.netty.channel.ChannelManager - Adding key: http://localhost:51390 for channel [id: 0x1d4e049a, L:/127.0.0.1:61579 - R:localhost/127.0.0.1:51390]
11:14:52.585 [Forwarding getElementTagName on session 50e7d4686d37321868f7c71f99d431fc to remote] DEBUG org.asynchttpclient.netty.request.NettyRequestSender - Using pooled Channel '[id: 0x1d4e049a, L:/127.0.0.1:61579 - R:localhost/127.0.0.1:51390]' for 'GET' to 'http://localhost:51390/session/50e7d4686d37321868f7c71f99d431fc/element/c5c16186-4062-4fcc-9b99-36f707938138/name'
11:14:52.585 [Forwarding getElementTagName on session 50e7d4686d37321868f7c71f99d431fc to remote] DEBUG org.asynchttpclient.netty.request.NettyRequestSender - Using open Channel [id: 0x1d4e049a, L:/127.0.0.1:61579 - R:localhost/127.0.0.1:51390] for GET '/session/50e7d4686d37321868f7c71f99d431fc/element/c5c16186-4062-4fcc-9b99-36f707938138/name'
11:14:52.595 [AsyncHttpClient-1-7] DEBUG org.asynchttpclient.netty.handler.HttpHandler - 

Request DefaultFullHttpRequest(decodeResult: success, version: HTTP/1.1, content: EmptyByteBufBE)
GET /session/50e7d4686d37321868f7c71f99d431fc/element/c5c16186-4062-4fcc-9b99-36f707938138/name HTTP/1.1
User-Agent: selenium/4.1.2 (java windows)
Cache-Control: no-cache
Content-Type: application/json; charset=utf-8
host: localhost:51390
accept: */*

Response DefaultHttpResponse(decodeResult: success, version: HTTP/1.1)
HTTP/1.1 200 OK
Content-Type: application/json; charset=utf-8
cache-control: no-cache
content-length: 15

11:14:52.595 [AsyncHttpClient-1-7] DEBUG org.asynchttpclient.netty.channel.ChannelManager - Adding key: http://localhost:51390 for channel [id: 0x1d4e049a, L:/127.0.0.1:61579 - R:localhost/127.0.0.1:51390]
11:14:52.597 [Forwarding getElementTagName on session 50e7d4686d37321868f7c71f99d431fc to remote] DEBUG org.asynchttpclient.netty.request.NettyRequestSender - Using pooled Channel '[id: 0x1d4e049a, L:/127.0.0.1:61579 - R:localhost/127.0.0.1:51390]' for 'GET' to 'http://localhost:51390/session/50e7d4686d37321868f7c71f99d431fc/element/c5c16186-4062-4fcc-9b99-36f707938138/name'
11:14:52.597 [Forwarding getElementTagName on session 50e7d4686d37321868f7c71f99d431fc to remote] DEBUG org.asynchttpclient.netty.request.NettyRequestSender - Using open Channel [id: 0x1d4e049a, L:/127.0.0.1:61579 - R:localhost/127.0.0.1:51390] for GET '/session/50e7d4686d37321868f7c71f99d431fc/element/c5c16186-4062-4fcc-9b99-36f707938138/name'
11:14:52.606 [AsyncHttpClient-1-7] DEBUG org.asynchttpclient.netty.handler.HttpHandler - 

Request DefaultFullHttpRequest(decodeResult: success, version: HTTP/1.1, content: EmptyByteBufBE)
GET /session/50e7d4686d37321868f7c71f99d431fc/element/c5c16186-4062-4fcc-9b99-36f707938138/name HTTP/1.1
User-Agent: selenium/4.1.2 (java windows)
Cache-Control: no-cache
Content-Type: application/json; charset=utf-8
host: localhost:51390
accept: */*

Response DefaultHttpResponse(decodeResult: success, version: HTTP/1.1)
HTTP/1.1 200 OK
Content-Type: application/json; charset=utf-8
cache-control: no-cache
content-length: 15

11:14:52.606 [AsyncHttpClient-1-7] DEBUG org.asynchttpclient.netty.channel.ChannelManager - Adding key: http://localhost:51390 for channel [id: 0x1d4e049a, L:/127.0.0.1:61579 - R:localhost/127.0.0.1:51390]
11:14:52.609 [Forwarding findElement on session 50e7d4686d37321868f7c71f99d431fc to remote] DEBUG org.asynchttpclient.netty.request.NettyRequestSender - Using pooled Channel '[id: 0x1d4e049a, L:/127.0.0.1:61579 - R:localhost/127.0.0.1:51390]' for 'POST' to 'http://localhost:51390/session/50e7d4686d37321868f7c71f99d431fc/element'
11:14:52.609 [Forwarding findElement on session 50e7d4686d37321868f7c71f99d431fc to remote] DEBUG org.asynchttpclient.netty.request.NettyRequestSender - Using open Channel [id: 0x1d4e049a, L:/127.0.0.1:61579 - R:localhost/127.0.0.1:51390] for POST '/session/50e7d4686d37321868f7c71f99d431fc/element'
11:14:52.624 [AsyncHttpClient-1-7] DEBUG org.asynchttpclient.netty.handler.HttpHandler - 

Request DefaultHttpRequest(decodeResult: success, version: HTTP/1.1)
POST /session/50e7d4686d37321868f7c71f99d431fc/element HTTP/1.1
User-Agent: selenium/4.1.2 (java windows)
Content-Length: 92
Content-Type: application/json; charset=utf-8
host: localhost:51390
accept: */*

Response DefaultHttpResponse(decodeResult: success, version: HTTP/1.1)
HTTP/1.1 200 OK
Content-Type: application/json; charset=utf-8
cache-control: no-cache
content-length: 88

11:14:52.625 [AsyncHttpClient-1-7] DEBUG org.asynchttpclient.netty.channel.ChannelManager - Adding key: http://localhost:51390 for channel [id: 0x1d4e049a, L:/127.0.0.1:61579 - R:localhost/127.0.0.1:51390]
11:14:52.626 [Forwarding clickElement on session 50e7d4686d37321868f7c71f99d431fc to remote] DEBUG org.asynchttpclient.netty.request.NettyRequestSender - Using pooled Channel '[id: 0x1d4e049a, L:/127.0.0.1:61579 - R:localhost/127.0.0.1:51390]' for 'POST' to 'http://localhost:51390/session/50e7d4686d37321868f7c71f99d431fc/element/c5c16186-4062-4fcc-9b99-36f707938138/click'
11:14:52.626 [Forwarding clickElement on session 50e7d4686d37321868f7c71f99d431fc to remote] DEBUG org.asynchttpclient.netty.request.NettyRequestSender - Using open Channel [id: 0x1d4e049a, L:/127.0.0.1:61579 - R:localhost/127.0.0.1:51390] for POST '/session/50e7d4686d37321868f7c71f99d431fc/element/c5c16186-4062-4fcc-9b99-36f707938138/click'
11:14:52.969 [AsyncHttpClient-1-7] DEBUG org.asynchttpclient.netty.handler.HttpHandler - 

Request DefaultHttpRequest(decodeResult: success, version: HTTP/1.1)
POST /session/50e7d4686d37321868f7c71f99d431fc/element/c5c16186-4062-4fcc-9b99-36f707938138/click HTTP/1.1
User-Agent: selenium/4.1.2 (java windows)
Content-Length: 50
Content-Type: application/json; charset=utf-8
host: localhost:51390
accept: */*

Response DefaultHttpResponse(decodeResult: success, version: HTTP/1.1)
HTTP/1.1 200 OK
Content-Type: application/json; charset=utf-8
cache-control: no-cache
content-length: 14

11:14:52.969 [AsyncHttpClient-1-7] DEBUG org.asynchttpclient.netty.channel.ChannelManager - Adding key: http://localhost:51390 for channel [id: 0x1d4e049a, L:/127.0.0.1:61579 - R:localhost/127.0.0.1:51390]
11:14:52.989 [Forwarding screenshot on session 50e7d4686d37321868f7c71f99d431fc to remote] DEBUG org.asynchttpclient.netty.request.NettyRequestSender - Using pooled Channel '[id: 0x1d4e049a, L:/127.0.0.1:61579 - R:localhost/127.0.0.1:51390]' for 'GET' to 'http://localhost:51390/session/50e7d4686d37321868f7c71f99d431fc/screenshot'
11:14:52.989 [Forwarding screenshot on session 50e7d4686d37321868f7c71f99d431fc to remote] DEBUG org.asynchttpclient.netty.request.NettyRequestSender - Using open Channel [id: 0x1d4e049a, L:/127.0.0.1:61579 - R:localhost/127.0.0.1:51390] for GET '/session/50e7d4686d37321868f7c71f99d431fc/screenshot'
11:14:53.613 [AsyncHttpClient-1-1] DEBUG org.asynchttpclient.netty.channel.DefaultChannelPool - Entry count for : http://localhost:61580 : 1
11:14:53.831 [AsyncHttpClient-1-7] DEBUG org.asynchttpclient.netty.handler.HttpHandler - 

Request DefaultFullHttpRequest(decodeResult: success, version: HTTP/1.1, content: EmptyByteBufBE)
GET /session/50e7d4686d37321868f7c71f99d431fc/screenshot HTTP/1.1
User-Agent: selenium/4.1.2 (java windows)
Cache-Control: no-cache
Content-Type: application/json; charset=utf-8
host: localhost:51390
accept: */*

Response DefaultHttpResponse(decodeResult: success, version: HTTP/1.1)
HTTP/1.1 200 OK
Content-Type: application/json; charset=utf-8
cache-control: no-cache
content-length: 55324

11:14:53.831 [AsyncHttpClient-1-7] DEBUG org.asynchttpclient.netty.channel.ChannelManager - Adding key: http://localhost:51390 for channel [id: 0x1d4e049a, L:/127.0.0.1:61579 - R:localhost/127.0.0.1:51390]
11:14:53.836 [main] DEBUG net.serenitybdd.core.photography.Darkroom - Send negative for processing for target\site\serenity\d49ddab3b2ee36845ad8ea569207765b1426420f81885e52a293d4cf87260df4.png
11:14:53.837 [main] DEBUG net.thucydides.core.steps.StepInterceptor - STEP DONE: clickButtonDetail
  &amp#27;[32mAnd &amp#27;[0m&amp#27;[32mClick Detail Patient data&amp#27;[0m                                   &amp#27;[90m# starter.stepdefinitios.PatientDataSteps.clickDetailPatientData()&amp#27;[0m
11:14:53.840 [Darkroom Processing Line] DEBUG net.serenitybdd.core.photography.DarkroomProcessingLine - Processing screenshot image in /var/screenshots/screenshot-11737740048050834407
11:14:53.840 [Darkroom Processing Line] DEBUG net.serenitybdd.core.photography.DarkroomProcessingLine - Saving screenshot to target\site\serenity\d49ddab3b2ee36845ad8ea569207765b1426420f81885e52a293d4cf87260df4.png
11:14:54.389 [Forwarding screenshot on session 50e7d4686d37321868f7c71f99d431fc to remote] DEBUG org.asynchttpclient.netty.request.NettyRequestSender - Using pooled Channel '[id: 0x1d4e049a, L:/127.0.0.1:61579 - R:localhost/127.0.0.1:51390]' for 'GET' to 'http://localhost:51390/session/50e7d4686d37321868f7c71f99d431fc/screenshot'
11:14:54.389 [Forwarding screenshot on session 50e7d4686d37321868f7c71f99d431fc to remote] DEBUG org.asynchttpclient.netty.request.NettyRequestSender - Using open Channel [id: 0x1d4e049a, L:/127.0.0.1:61579 - R:localhost/127.0.0.1:51390] for GET '/session/50e7d4686d37321868f7c71f99d431fc/screenshot'
11:14:54.713 [AsyncHttpClient-1-1] DEBUG org.asynchttpclient.netty.channel.DefaultChannelPool - Entry count for : http://localhost:61580 : 1
11:14:54.729 [AsyncHttpClient-1-7] DEBUG org.asynchttpclient.netty.handler.HttpHandler - 

Request DefaultFullHttpRequest(decodeResult: success, version: HTTP/1.1, content: EmptyByteBufBE)
GET /session/50e7d4686d37321868f7c71f99d431fc/screenshot HTTP/1.1
User-Agent: selenium/4.1.2 (java windows)
Cache-Control: no-cache
Content-Type: application/json; charset=utf-8
host: localhost:51390
accept: */*

Response DefaultHttpResponse(decodeResult: success, version: HTTP/1.1)
HTTP/1.1 200 OK
Content-Type: application/json; charset=utf-8
cache-control: no-cache
content-length: 410128

11:14:54.730 [AsyncHttpClient-1-7] DEBUG org.asynchttpclient.netty.channel.ChannelManager - Adding key: http://localhost:51390 for channel [id: 0x1d4e049a, L:/127.0.0.1:61579 - R:localhost/127.0.0.1:51390]
11:14:54.757 [main] DEBUG net.serenitybdd.core.photography.Darkroom - Send negative for processing for target\site\serenity\bbbb5cbe2deda65e11258dc7c58dbb75a56b695aa0be4e02e0052fc90535965f.png
11:14:54.757 [main] DEBUG net.thucydides.core.steps.StepInterceptor - STARTING STEP: PatientDataSteps.validData - checkValidDataPasien
11:14:54.759 [Darkroom Processing Line] DEBUG net.serenitybdd.core.photography.DarkroomProcessingLine - Processing screenshot image in /var/screenshots/screenshot-1679794385955963527
11:14:54.759 [Darkroom Processing Line] DEBUG net.serenitybdd.core.photography.DarkroomProcessingLine - Saving screenshot to target\site\serenity\bbbb5cbe2deda65e11258dc7c58dbb75a56b695aa0be4e02e0052fc90535965f.png
11:14:54.763 [Forwarding findElement on session 50e7d4686d37321868f7c71f99d431fc to remote] DEBUG org.asynchttpclient.netty.request.NettyRequestSender - Using pooled Channel '[id: 0x1d4e049a, L:/127.0.0.1:61579 - R:localhost/127.0.0.1:51390]' for 'POST' to 'http://localhost:51390/session/50e7d4686d37321868f7c71f99d431fc/element'
11:14:54.763 [Forwarding findElement on session 50e7d4686d37321868f7c71f99d431fc to remote] DEBUG org.asynchttpclient.netty.request.NettyRequestSender - Using open Channel [id: 0x1d4e049a, L:/127.0.0.1:61579 - R:localhost/127.0.0.1:51390] for POST '/session/50e7d4686d37321868f7c71f99d431fc/element'
11:14:54.799 [AsyncHttpClient-1-7] DEBUG org.asynchttpclient.netty.handler.HttpHandler - 

Request DefaultHttpRequest(decodeResult: success, version: HTTP/1.1)
POST /session/50e7d4686d37321868f7c71f99d431fc/element HTTP/1.1
User-Agent: selenium/4.1.2 (java windows)
Content-Length: 95
Content-Type: application/json; charset=utf-8
host: localhost:51390
accept: */*

Response DefaultHttpResponse(decodeResult: success, version: HTTP/1.1)
HTTP/1.1 200 OK
Content-Type: application/json; charset=utf-8
cache-control: no-cache
content-length: 88

11:14:54.799 [AsyncHttpClient-1-7] DEBUG org.asynchttpclient.netty.channel.ChannelManager - Adding key: http://localhost:51390 for channel [id: 0x1d4e049a, L:/127.0.0.1:61579 - R:localhost/127.0.0.1:51390]
11:14:54.800 [Forwarding isElementEnabled on session 50e7d4686d37321868f7c71f99d431fc to remote] DEBUG org.asynchttpclient.netty.request.NettyRequestSender - Using pooled Channel '[id: 0x1d4e049a, L:/127.0.0.1:61579 - R:localhost/127.0.0.1:51390]' for 'GET' to 'http://localhost:51390/session/50e7d4686d37321868f7c71f99d431fc/element/239a24b5-d58d-4a8b-9a22-0cd1d645585e/enabled'
11:14:54.801 [Forwarding isElementEnabled on session 50e7d4686d37321868f7c71f99d431fc to remote] DEBUG org.asynchttpclient.netty.request.NettyRequestSender - Using open Channel [id: 0x1d4e049a, L:/127.0.0.1:61579 - R:localhost/127.0.0.1:51390] for GET '/session/50e7d4686d37321868f7c71f99d431fc/element/239a24b5-d58d-4a8b-9a22-0cd1d645585e/enabled'
11:14:54.819 [AsyncHttpClient-1-7] DEBUG org.asynchttpclient.netty.handler.HttpHandler - 

Request DefaultFullHttpRequest(decodeResult: success, version: HTTP/1.1, content: EmptyByteBufBE)
GET /session/50e7d4686d37321868f7c71f99d431fc/element/239a24b5-d58d-4a8b-9a22-0cd1d645585e/enabled HTTP/1.1
User-Agent: selenium/4.1.2 (java windows)
Cache-Control: no-cache
Content-Type: application/json; charset=utf-8
host: localhost:51390
accept: */*

Response DefaultHttpResponse(decodeResult: success, version: HTTP/1.1)
HTTP/1.1 200 OK
Content-Type: application/json; charset=utf-8
cache-control: no-cache
content-length: 14

11:14:54.819 [AsyncHttpClient-1-7] DEBUG org.asynchttpclient.netty.channel.ChannelManager - Adding key: http://localhost:51390 for channel [id: 0x1d4e049a, L:/127.0.0.1:61579 - R:localhost/127.0.0.1:51390]
11:14:54.828 [Forwarding screenshot on session 50e7d4686d37321868f7c71f99d431fc to remote] DEBUG org.asynchttpclient.netty.request.NettyRequestSender - Using pooled Channel '[id: 0x1d4e049a, L:/127.0.0.1:61579 - R:localhost/127.0.0.1:51390]' for 'GET' to 'http://localhost:51390/session/50e7d4686d37321868f7c71f99d431fc/screenshot'
11:14:54.829 [Forwarding screenshot on session 50e7d4686d37321868f7c71f99d431fc to remote] DEBUG org.asynchttpclient.netty.request.NettyRequestSender - Using open Channel [id: 0x1d4e049a, L:/127.0.0.1:61579 - R:localhost/127.0.0.1:51390] for GET '/session/50e7d4686d37321868f7c71f99d431fc/screenshot'
11:14:55.296 [AsyncHttpClient-1-7] DEBUG org.asynchttpclient.netty.handler.HttpHandler - 

Request DefaultFullHttpRequest(decodeResult: success, version: HTTP/1.1, content: EmptyByteBufBE)
GET /session/50e7d4686d37321868f7c71f99d431fc/screenshot HTTP/1.1
User-Agent: selenium/4.1.2 (java windows)
Cache-Control: no-cache
Content-Type: application/json; charset=utf-8
host: localhost:51390
accept: */*

Response DefaultHttpResponse(decodeResult: success, version: HTTP/1.1)
HTTP/1.1 200 OK
Content-Type: application/json; charset=utf-8
cache-control: no-cache
content-length: 410128

11:14:55.297 [AsyncHttpClient-1-7] DEBUG org.asynchttpclient.netty.channel.ChannelManager - Adding key: http://localhost:51390 for channel [id: 0x1d4e049a, L:/127.0.0.1:61579 - R:localhost/127.0.0.1:51390]
11:14:55.326 [main] DEBUG net.serenitybdd.core.photography.Darkroom - Send negative for processing for target\site\serenity\bbbb5cbe2deda65e11258dc7c58dbb75a56b695aa0be4e02e0052fc90535965f.png
11:14:55.326 [main] DEBUG net.thucydides.core.steps.StepInterceptor - STEP DONE: checkValidDataPasien
  &amp#27;[32mWhen &amp#27;[0m&amp#27;[32mValid data detail pasien&amp#27;[0m                                   &amp#27;[90m# starter.stepdefinitios.PatientDataSteps.validData()&amp#27;[0m
11:14:55.393 [Forwarding screenshot on session 50e7d4686d37321868f7c71f99d431fc to remote] DEBUG org.asynchttpclient.netty.request.NettyRequestSender - Using pooled Channel '[id: 0x1d4e049a, L:/127.0.0.1:61579 - R:localhost/127.0.0.1:51390]' for 'GET' to 'http://localhost:51390/session/50e7d4686d37321868f7c71f99d431fc/screenshot'
11:14:55.394 [Forwarding screenshot on session 50e7d4686d37321868f7c71f99d431fc to remote] DEBUG org.asynchttpclient.netty.request.NettyRequestSender - Using open Channel [id: 0x1d4e049a, L:/127.0.0.1:61579 - R:localhost/127.0.0.1:51390] for GET '/session/50e7d4686d37321868f7c71f99d431fc/screenshot'
11:14:55.820 [AsyncHttpClient-1-1] DEBUG org.asynchttpclient.netty.channel.DefaultChannelPool - Entry count for : http://localhost:61580 : 1
11:14:55.824 [AsyncHttpClient-1-7] DEBUG org.asynchttpclient.netty.handler.HttpHandler - 

Request DefaultFullHttpRequest(decodeResult: success, version: HTTP/1.1, content: EmptyByteBufBE)
GET /session/50e7d4686d37321868f7c71f99d431fc/screenshot HTTP/1.1
User-Agent: selenium/4.1.2 (java windows)
Cache-Control: no-cache
Content-Type: application/json; charset=utf-8
host: localhost:51390
accept: */*

Response DefaultHttpResponse(decodeResult: success, version: HTTP/1.1)
HTTP/1.1 200 OK
Content-Type: application/json; charset=utf-8
cache-control: no-cache
content-length: 410128

11:14:55.826 [AsyncHttpClient-1-7] DEBUG org.asynchttpclient.netty.channel.ChannelManager - Adding key: http://localhost:51390 for channel [id: 0x1d4e049a, L:/127.0.0.1:61579 - R:localhost/127.0.0.1:51390]
11:14:55.862 [main] DEBUG net.serenitybdd.core.photography.Darkroom - Send negative for processing for target\site\serenity\bbbb5cbe2deda65e11258dc7c58dbb75a56b695aa0be4e02e0052fc90535965f.png
11:14:55.864 [main] DEBUG net.thucydides.core.steps.StepInterceptor - STARTING STEP: PatientDataSteps.clickButtonEditProfil - clickButtonEditDataPasien
11:14:55.874 [Forwarding findElement on session 50e7d4686d37321868f7c71f99d431fc to remote] DEBUG org.asynchttpclient.netty.request.NettyRequestSender - Using pooled Channel '[id: 0x1d4e049a, L:/127.0.0.1:61579 - R:localhost/127.0.0.1:51390]' for 'POST' to 'http://localhost:51390/session/50e7d4686d37321868f7c71f99d431fc/element'
11:14:55.874 [Forwarding findElement on session 50e7d4686d37321868f7c71f99d431fc to remote] DEBUG org.asynchttpclient.netty.request.NettyRequestSender - Using open Channel [id: 0x1d4e049a, L:/127.0.0.1:61579 - R:localhost/127.0.0.1:51390] for POST '/session/50e7d4686d37321868f7c71f99d431fc/element'
11:14:55.909 [AsyncHttpClient-1-7] DEBUG org.asynchttpclient.netty.handler.HttpHandler - 

Request DefaultHttpRequest(decodeResult: success, version: HTTP/1.1)
POST /session/50e7d4686d37321868f7c71f99d431fc/element HTTP/1.1
User-Agent: selenium/4.1.2 (java windows)
Content-Length: 116
Content-Type: application/json; charset=utf-8
host: localhost:51390
accept: */*

Response DefaultHttpResponse(decodeResult: success, version: HTTP/1.1)
HTTP/1.1 200 OK
Content-Type: application/json; charset=utf-8
cache-control: no-cache
content-length: 88

11:14:55.909 [AsyncHttpClient-1-7] DEBUG org.asynchttpclient.netty.channel.ChannelManager - Adding key: http://localhost:51390 for channel [id: 0x1d4e049a, L:/127.0.0.1:61579 - R:localhost/127.0.0.1:51390]
11:14:55.911 [Forwarding getElementTagName on session 50e7d4686d37321868f7c71f99d431fc to remote] DEBUG org.asynchttpclient.netty.request.NettyRequestSender - Using pooled Channel '[id: 0x1d4e049a, L:/127.0.0.1:61579 - R:localhost/127.0.0.1:51390]' for 'GET' to 'http://localhost:51390/session/50e7d4686d37321868f7c71f99d431fc/element/24253d1c-ed0a-4e9f-995d-7cfc8c01690e/name'
11:14:55.911 [Forwarding getElementTagName on session 50e7d4686d37321868f7c71f99d431fc to remote] DEBUG org.asynchttpclient.netty.request.NettyRequestSender - Using open Channel [id: 0x1d4e049a, L:/127.0.0.1:61579 - R:localhost/127.0.0.1:51390] for GET '/session/50e7d4686d37321868f7c71f99d431fc/element/24253d1c-ed0a-4e9f-995d-7cfc8c01690e/name'
11:14:55.923 [AsyncHttpClient-1-7] DEBUG org.asynchttpclient.netty.handler.HttpHandler - 

Request DefaultFullHttpRequest(decodeResult: success, version: HTTP/1.1, content: EmptyByteBufBE)
GET /session/50e7d4686d37321868f7c71f99d431fc/element/24253d1c-ed0a-4e9f-995d-7cfc8c01690e/name HTTP/1.1
User-Agent: selenium/4.1.2 (java windows)
Cache-Control: no-cache
Content-Type: application/json; charset=utf-8
host: localhost:51390
accept: */*

Response DefaultHttpResponse(decodeResult: success, version: HTTP/1.1)
HTTP/1.1 200 OK
Content-Type: application/json; charset=utf-8
cache-control: no-cache
content-length: 18

11:14:55.923 [AsyncHttpClient-1-7] DEBUG org.asynchttpclient.netty.channel.ChannelManager - Adding key: http://localhost:51390 for channel [id: 0x1d4e049a, L:/127.0.0.1:61579 - R:localhost/127.0.0.1:51390]
11:14:55.925 [Forwarding getElementTagName on session 50e7d4686d37321868f7c71f99d431fc to remote] DEBUG org.asynchttpclient.netty.request.NettyRequestSender - Using pooled Channel '[id: 0x1d4e049a, L:/127.0.0.1:61579 - R:localhost/127.0.0.1:51390]' for 'GET' to 'http://localhost:51390/session/50e7d4686d37321868f7c71f99d431fc/element/24253d1c-ed0a-4e9f-995d-7cfc8c01690e/name'
11:14:55.926 [Forwarding getElementTagName on session 50e7d4686d37321868f7c71f99d431fc to remote] DEBUG org.asynchttpclient.netty.request.NettyRequestSender - Using open Channel [id: 0x1d4e049a, L:/127.0.0.1:61579 - R:localhost/127.0.0.1:51390] for GET '/session/50e7d4686d37321868f7c71f99d431fc/element/24253d1c-ed0a-4e9f-995d-7cfc8c01690e/name'
11:14:55.936 [AsyncHttpClient-1-7] DEBUG org.asynchttpclient.netty.handler.HttpHandler - 

Request DefaultFullHttpRequest(decodeResult: success, version: HTTP/1.1, content: EmptyByteBufBE)
GET /session/50e7d4686d37321868f7c71f99d431fc/element/24253d1c-ed0a-4e9f-995d-7cfc8c01690e/name HTTP/1.1
User-Agent: selenium/4.1.2 (java windows)
Cache-Control: no-cache
Content-Type: application/json; charset=utf-8
host: localhost:51390
accept: */*

Response DefaultHttpResponse(decodeResult: success, version: HTTP/1.1)
HTTP/1.1 200 OK
Content-Type: application/json; charset=utf-8
cache-control: no-cache
content-length: 18

11:14:55.936 [AsyncHttpClient-1-7] DEBUG org.asynchttpclient.netty.channel.ChannelManager - Adding key: http://localhost:51390 for channel [id: 0x1d4e049a, L:/127.0.0.1:61579 - R:localhost/127.0.0.1:51390]
11:14:55.940 [Forwarding isElementEnabled on session 50e7d4686d37321868f7c71f99d431fc to remote] DEBUG org.asynchttpclient.netty.request.NettyRequestSender - Using pooled Channel '[id: 0x1d4e049a, L:/127.0.0.1:61579 - R:localhost/127.0.0.1:51390]' for 'GET' to 'http://localhost:51390/session/50e7d4686d37321868f7c71f99d431fc/element/24253d1c-ed0a-4e9f-995d-7cfc8c01690e/enabled'
11:14:55.941 [Forwarding isElementEnabled on session 50e7d4686d37321868f7c71f99d431fc to remote] DEBUG org.asynchttpclient.netty.request.NettyRequestSender - Using open Channel [id: 0x1d4e049a, L:/127.0.0.1:61579 - R:localhost/127.0.0.1:51390] for GET '/session/50e7d4686d37321868f7c71f99d431fc/element/24253d1c-ed0a-4e9f-995d-7cfc8c01690e/enabled'
11:14:55.961 [AsyncHttpClient-1-7] DEBUG org.asynchttpclient.netty.handler.HttpHandler - 

Request DefaultFullHttpRequest(decodeResult: success, version: HTTP/1.1, content: EmptyByteBufBE)
GET /session/50e7d4686d37321868f7c71f99d431fc/element/24253d1c-ed0a-4e9f-995d-7cfc8c01690e/enabled HTTP/1.1
User-Agent: selenium/4.1.2 (java windows)
Cache-Control: no-cache
Content-Type: application/json; charset=utf-8
host: localhost:51390
accept: */*

Response DefaultHttpResponse(decodeResult: success, version: HTTP/1.1)
HTTP/1.1 200 OK
Content-Type: application/json; charset=utf-8
cache-control: no-cache
content-length: 14

11:14:55.961 [AsyncHttpClient-1-7] DEBUG org.asynchttpclient.netty.channel.ChannelManager - Adding key: http://localhost:51390 for channel [id: 0x1d4e049a, L:/127.0.0.1:61579 - R:localhost/127.0.0.1:51390]
11:14:55.964 [Forwarding isElementEnabled on session 50e7d4686d37321868f7c71f99d431fc to remote] DEBUG org.asynchttpclient.netty.request.NettyRequestSender - Using pooled Channel '[id: 0x1d4e049a, L:/127.0.0.1:61579 - R:localhost/127.0.0.1:51390]' for 'GET' to 'http://localhost:51390/session/50e7d4686d37321868f7c71f99d431fc/element/24253d1c-ed0a-4e9f-995d-7cfc8c01690e/enabled'
11:14:55.964 [Forwarding isElementEnabled on session 50e7d4686d37321868f7c71f99d431fc to remote] DEBUG org.asynchttpclient.netty.request.NettyRequestSender - Using open Channel [id: 0x1d4e049a, L:/127.0.0.1:61579 - R:localhost/127.0.0.1:51390] for GET '/session/50e7d4686d37321868f7c71f99d431fc/element/24253d1c-ed0a-4e9f-995d-7cfc8c01690e/enabled'
11:14:55.976 [AsyncHttpClient-1-7] DEBUG org.asynchttpclient.netty.handler.HttpHandler - 

Request DefaultFullHttpRequest(decodeResult: success, version: HTTP/1.1, content: EmptyByteBufBE)
GET /session/50e7d4686d37321868f7c71f99d431fc/element/24253d1c-ed0a-4e9f-995d-7cfc8c01690e/enabled HTTP/1.1
User-Agent: selenium/4.1.2 (java windows)
Cache-Control: no-cache
Content-Type: application/json; charset=utf-8
host: localhost:51390
accept: */*

Response DefaultHttpResponse(decodeResult: success, version: HTTP/1.1)
HTTP/1.1 200 OK
Content-Type: application/json; charset=utf-8
cache-control: no-cache
content-length: 14

11:14:55.977 [AsyncHttpClient-1-7] DEBUG org.asynchttpclient.netty.channel.ChannelManager - Adding key: http://localhost:51390 for channel [id: 0x1d4e049a, L:/127.0.0.1:61579 - R:localhost/127.0.0.1:51390]
11:14:55.980 [Forwarding findElement on session 50e7d4686d37321868f7c71f99d431fc to remote] DEBUG org.asynchttpclient.netty.request.NettyRequestSender - Using pooled Channel '[id: 0x1d4e049a, L:/127.0.0.1:61579 - R:localhost/127.0.0.1:51390]' for 'POST' to 'http://localhost:51390/session/50e7d4686d37321868f7c71f99d431fc/element'
11:14:55.980 [Forwarding findElement on session 50e7d4686d37321868f7c71f99d431fc to remote] DEBUG org.asynchttpclient.netty.request.NettyRequestSender - Using open Channel [id: 0x1d4e049a, L:/127.0.0.1:61579 - R:localhost/127.0.0.1:51390] for POST '/session/50e7d4686d37321868f7c71f99d431fc/element'
11:14:56.031 [AsyncHttpClient-1-7] DEBUG org.asynchttpclient.netty.handler.HttpHandler - 

Request DefaultHttpRequest(decodeResult: success, version: HTTP/1.1)
POST /session/50e7d4686d37321868f7c71f99d431fc/element HTTP/1.1
User-Agent: selenium/4.1.2 (java windows)
Content-Length: 116
Content-Type: application/json; charset=utf-8
host: localhost:51390
accept: */*

Response DefaultHttpResponse(decodeResult: success, version: HTTP/1.1)
HTTP/1.1 200 OK
Content-Type: application/json; charset=utf-8
cache-control: no-cache
content-length: 88

11:14:56.032 [AsyncHttpClient-1-7] DEBUG org.asynchttpclient.netty.channel.ChannelManager - Adding key: http://localhost:51390 for channel [id: 0x1d4e049a, L:/127.0.0.1:61579 - R:localhost/127.0.0.1:51390]
11:14:56.035 [Forwarding clickElement on session 50e7d4686d37321868f7c71f99d431fc to remote] DEBUG org.asynchttpclient.netty.request.NettyRequestSender - Using pooled Channel '[id: 0x1d4e049a, L:/127.0.0.1:61579 - R:localhost/127.0.0.1:51390]' for 'POST' to 'http://localhost:51390/session/50e7d4686d37321868f7c71f99d431fc/element/24253d1c-ed0a-4e9f-995d-7cfc8c01690e/click'
11:14:56.035 [Forwarding clickElement on session 50e7d4686d37321868f7c71f99d431fc to remote] DEBUG org.asynchttpclient.netty.request.NettyRequestSender - Using open Channel [id: 0x1d4e049a, L:/127.0.0.1:61579 - R:localhost/127.0.0.1:51390] for POST '/session/50e7d4686d37321868f7c71f99d431fc/element/24253d1c-ed0a-4e9f-995d-7cfc8c01690e/click'
11:14:56.340 [AsyncHttpClient-1-7] DEBUG org.asynchttpclient.netty.handler.HttpHandler - 

Request DefaultHttpRequest(decodeResult: success, version: HTTP/1.1)
POST /session/50e7d4686d37321868f7c71f99d431fc/element/24253d1c-ed0a-4e9f-995d-7cfc8c01690e/click HTTP/1.1
User-Agent: selenium/4.1.2 (java windows)
Content-Length: 50
Content-Type: application/json; charset=utf-8
host: localhost:51390
accept: */*

Response DefaultHttpResponse(decodeResult: success, version: HTTP/1.1)
HTTP/1.1 200 OK
Content-Type: application/json; charset=utf-8
cache-control: no-cache
content-length: 14

11:14:56.340 [AsyncHttpClient-1-7] DEBUG org.asynchttpclient.netty.channel.ChannelManager - Adding key: http://localhost:51390 for channel [id: 0x1d4e049a, L:/127.0.0.1:61579 - R:localhost/127.0.0.1:51390]
11:14:56.367 [Forwarding screenshot on session 50e7d4686d37321868f7c71f99d431fc to remote] DEBUG org.asynchttpclient.netty.request.NettyRequestSender - Using pooled Channel '[id: 0x1d4e049a, L:/127.0.0.1:61579 - R:localhost/127.0.0.1:51390]' for 'GET' to 'http://localhost:51390/session/50e7d4686d37321868f7c71f99d431fc/screenshot'
11:14:56.367 [Forwarding screenshot on session 50e7d4686d37321868f7c71f99d431fc to remote] DEBUG org.asynchttpclient.netty.request.NettyRequestSender - Using open Channel [id: 0x1d4e049a, L:/127.0.0.1:61579 - R:localhost/127.0.0.1:51390] for GET '/session/50e7d4686d37321868f7c71f99d431fc/screenshot'
11:14:56.806 [AsyncHttpClient-1-7] DEBUG org.asynchttpclient.netty.handler.HttpHandler - 

Request DefaultFullHttpRequest(decodeResult: success, version: HTTP/1.1, content: EmptyByteBufBE)
GET /session/50e7d4686d37321868f7c71f99d431fc/screenshot HTTP/1.1
User-Agent: selenium/4.1.2 (java windows)
Cache-Control: no-cache
Content-Type: application/json; charset=utf-8
host: localhost:51390
accept: */*

Response DefaultHttpResponse(decodeResult: success, version: HTTP/1.1)
HTTP/1.1 200 OK
Content-Type: application/json; charset=utf-8
cache-control: no-cache
content-length: 414436

11:14:56.808 [AsyncHttpClient-1-7] DEBUG org.asynchttpclient.netty.channel.ChannelManager - Adding key: http://localhost:51390 for channel [id: 0x1d4e049a, L:/127.0.0.1:61579 - R:localhost/127.0.0.1:51390]
11:14:56.845 [main] DEBUG net.serenitybdd.core.photography.Darkroom - Send negative for processing for target\site\serenity\b2846889a5dbce7e0f409161f4f79bd9dd46aefa888ea5ce617f520ad5bc6eeb.png
11:14:56.846 [main] DEBUG net.thucydides.core.steps.StepInterceptor - STEP DONE: clickButtonEditDataPasien
  &amp#27;[32mAnd &amp#27;[0m&amp#27;[32mClick button edit profil&amp#27;[0m                                    &amp#27;[90m# starter.stepdefinitios.PatientDataSteps.clickButtonEditProfil()&amp#27;[0m
11:14:56.848 [Darkroom Processing Line] DEBUG net.serenitybdd.core.photography.DarkroomProcessingLine - Processing screenshot image in /var/screenshots/screenshot-8100043977402881128
11:14:56.848 [Darkroom Processing Line] DEBUG net.serenitybdd.core.photography.DarkroomProcessingLine - Saving screenshot to target\site\serenity\b2846889a5dbce7e0f409161f4f79bd9dd46aefa888ea5ce617f520ad5bc6eeb.png
11:14:56.926 [AsyncHttpClient-1-1] DEBUG org.asynchttpclient.netty.channel.DefaultChannelPool - Entry count for : http://localhost:51390 : 1
11:14:56.926 [AsyncHttpClient-1-1] DEBUG org.asynchttpclient.netty.channel.DefaultChannelPool - Entry count for : http://localhost:61580 : 1
11:14:56.936 [Forwarding screenshot on session 50e7d4686d37321868f7c71f99d431fc to remote] DEBUG org.asynchttpclient.netty.request.NettyRequestSender - Using pooled Channel '[id: 0x1d4e049a, L:/127.0.0.1:61579 - R:localhost/127.0.0.1:51390]' for 'GET' to 'http://localhost:51390/session/50e7d4686d37321868f7c71f99d431fc/screenshot'
11:14:56.936 [Forwarding screenshot on session 50e7d4686d37321868f7c71f99d431fc to remote] DEBUG org.asynchttpclient.netty.request.NettyRequestSender - Using open Channel [id: 0x1d4e049a, L:/127.0.0.1:61579 - R:localhost/127.0.0.1:51390] for GET '/session/50e7d4686d37321868f7c71f99d431fc/screenshot'
11:14:57.362 [AsyncHttpClient-1-7] DEBUG org.asynchttpclient.netty.handler.HttpHandler - 

Request DefaultFullHttpRequest(decodeResult: success, version: HTTP/1.1, content: EmptyByteBufBE)
GET /session/50e7d4686d37321868f7c71f99d431fc/screenshot HTTP/1.1
User-Agent: selenium/4.1.2 (java windows)
Cache-Control: no-cache
Content-Type: application/json; charset=utf-8
host: localhost:51390
accept: */*

Response DefaultHttpResponse(decodeResult: success, version: HTTP/1.1)
HTTP/1.1 200 OK
Content-Type: application/json; charset=utf-8
cache-control: no-cache
content-length: 414436

11:14:57.363 [AsyncHttpClient-1-7] DEBUG org.asynchttpclient.netty.channel.ChannelManager - Adding key: http://localhost:51390 for channel [id: 0x1d4e049a, L:/127.0.0.1:61579 - R:localhost/127.0.0.1:51390]
11:14:57.408 [main] DEBUG net.serenitybdd.core.photography.Darkroom - Send negative for processing for target\site\serenity\b2846889a5dbce7e0f409161f4f79bd9dd46aefa888ea5ce617f520ad5bc6eeb.png
11:14:57.409 [main] DEBUG net.thucydides.core.steps.StepInterceptor - STARTING STEP: PatientDataSteps.cleanAllDataPasien - cleanDataPasien
11:14:57.418 [Forwarding findElement on session 50e7d4686d37321868f7c71f99d431fc to remote] DEBUG org.asynchttpclient.netty.request.NettyRequestSender - Using pooled Channel '[id: 0x1d4e049a, L:/127.0.0.1:61579 - R:localhost/127.0.0.1:51390]' for 'POST' to 'http://localhost:51390/session/50e7d4686d37321868f7c71f99d431fc/element'
11:14:57.418 [Forwarding findElement on session 50e7d4686d37321868f7c71f99d431fc to remote] DEBUG org.asynchttpclient.netty.request.NettyRequestSender - Using open Channel [id: 0x1d4e049a, L:/127.0.0.1:61579 - R:localhost/127.0.0.1:51390] for POST '/session/50e7d4686d37321868f7c71f99d431fc/element'
11:14:57.461 [AsyncHttpClient-1-7] DEBUG org.asynchttpclient.netty.handler.HttpHandler - 

Request DefaultHttpRequest(decodeResult: success, version: HTTP/1.1)
POST /session/50e7d4686d37321868f7c71f99d431fc/element HTTP/1.1
User-Agent: selenium/4.1.2 (java windows)
Content-Length: 166
Content-Type: application/json; charset=utf-8
host: localhost:51390
accept: */*

Response DefaultHttpResponse(decodeResult: success, version: HTTP/1.1)
HTTP/1.1 200 OK
Content-Type: application/json; charset=utf-8
cache-control: no-cache
content-length: 88

11:14:57.462 [AsyncHttpClient-1-7] DEBUG org.asynchttpclient.netty.channel.ChannelManager - Adding key: http://localhost:51390 for channel [id: 0x1d4e049a, L:/127.0.0.1:61579 - R:localhost/127.0.0.1:51390]
11:14:57.464 [Forwarding clearElement on session 50e7d4686d37321868f7c71f99d431fc to remote] DEBUG org.asynchttpclient.netty.request.NettyRequestSender - Using pooled Channel '[id: 0x1d4e049a, L:/127.0.0.1:61579 - R:localhost/127.0.0.1:51390]' for 'POST' to 'http://localhost:51390/session/50e7d4686d37321868f7c71f99d431fc/element/00947f39-cd70-437e-8caf-a881ef34cfd7/clear'
11:14:57.464 [Forwarding clearElement on session 50e7d4686d37321868f7c71f99d431fc to remote] DEBUG org.asynchttpclient.netty.request.NettyRequestSender - Using open Channel [id: 0x1d4e049a, L:/127.0.0.1:61579 - R:localhost/127.0.0.1:51390] for POST '/session/50e7d4686d37321868f7c71f99d431fc/element/00947f39-cd70-437e-8caf-a881ef34cfd7/clear'
11:14:57.613 [AsyncHttpClient-1-7] DEBUG org.asynchttpclient.netty.handler.HttpHandler - 

Request DefaultHttpRequest(decodeResult: success, version: HTTP/1.1)
POST /session/50e7d4686d37321868f7c71f99d431fc/element/00947f39-cd70-437e-8caf-a881ef34cfd7/clear HTTP/1.1
User-Agent: selenium/4.1.2 (java windows)
Content-Length: 50
Content-Type: application/json; charset=utf-8
host: localhost:51390
accept: */*

Response DefaultHttpResponse(decodeResult: success, version: HTTP/1.1)
HTTP/1.1 200 OK
Content-Type: application/json; charset=utf-8
cache-control: no-cache
content-length: 14

11:14:57.613 [AsyncHttpClient-1-7] DEBUG org.asynchttpclient.netty.channel.ChannelManager - Adding key: http://localhost:51390 for channel [id: 0x1d4e049a, L:/127.0.0.1:61579 - R:localhost/127.0.0.1:51390]
11:14:57.621 [Forwarding findElement on session 50e7d4686d37321868f7c71f99d431fc to remote] DEBUG org.asynchttpclient.netty.request.NettyRequestSender - Using pooled Channel '[id: 0x1d4e049a, L:/127.0.0.1:61579 - R:localhost/127.0.0.1:51390]' for 'POST' to 'http://localhost:51390/session/50e7d4686d37321868f7c71f99d431fc/element'
11:14:57.621 [Forwarding findElement on session 50e7d4686d37321868f7c71f99d431fc to remote] DEBUG org.asynchttpclient.netty.request.NettyRequestSender - Using open Channel [id: 0x1d4e049a, L:/127.0.0.1:61579 - R:localhost/127.0.0.1:51390] for POST '/session/50e7d4686d37321868f7c71f99d431fc/element'
11:14:57.654 [AsyncHttpClient-1-7] DEBUG org.asynchttpclient.netty.handler.HttpHandler - 

Request DefaultHttpRequest(decodeResult: success, version: HTTP/1.1)
POST /session/50e7d4686d37321868f7c71f99d431fc/element HTTP/1.1
User-Agent: selenium/4.1.2 (java windows)
Content-Length: 166
Content-Type: application/json; charset=utf-8
host: localhost:51390
accept: */*

Response DefaultHttpResponse(decodeResult: success, version: HTTP/1.1)
HTTP/1.1 200 OK
Content-Type: application/json; charset=utf-8
cache-control: no-cache
content-length: 88

11:14:57.655 [AsyncHttpClient-1-7] DEBUG org.asynchttpclient.netty.channel.ChannelManager - Adding key: http://localhost:51390 for channel [id: 0x1d4e049a, L:/127.0.0.1:61579 - R:localhost/127.0.0.1:51390]
11:14:57.657 [Forwarding clearElement on session 50e7d4686d37321868f7c71f99d431fc to remote] DEBUG org.asynchttpclient.netty.request.NettyRequestSender - Using pooled Channel '[id: 0x1d4e049a, L:/127.0.0.1:61579 - R:localhost/127.0.0.1:51390]' for 'POST' to 'http://localhost:51390/session/50e7d4686d37321868f7c71f99d431fc/element/e0cf62d4-ed75-4386-9473-c872784d4006/clear'
11:14:57.657 [Forwarding clearElement on session 50e7d4686d37321868f7c71f99d431fc to remote] DEBUG org.asynchttpclient.netty.request.NettyRequestSender - Using open Channel [id: 0x1d4e049a, L:/127.0.0.1:61579 - R:localhost/127.0.0.1:51390] for POST '/session/50e7d4686d37321868f7c71f99d431fc/element/e0cf62d4-ed75-4386-9473-c872784d4006/clear'
11:14:57.741 [AsyncHttpClient-1-7] DEBUG org.asynchttpclient.netty.handler.HttpHandler - 

Request DefaultHttpRequest(decodeResult: success, version: HTTP/1.1)
POST /session/50e7d4686d37321868f7c71f99d431fc/element/e0cf62d4-ed75-4386-9473-c872784d4006/clear HTTP/1.1
User-Agent: selenium/4.1.2 (java windows)
Content-Length: 50
Content-Type: application/json; charset=utf-8
host: localhost:51390
accept: */*

Response DefaultHttpResponse(decodeResult: success, version: HTTP/1.1)
HTTP/1.1 200 OK
Content-Type: application/json; charset=utf-8
cache-control: no-cache
content-length: 14

11:14:57.741 [AsyncHttpClient-1-7] DEBUG org.asynchttpclient.netty.channel.ChannelManager - Adding key: http://localhost:51390 for channel [id: 0x1d4e049a, L:/127.0.0.1:61579 - R:localhost/127.0.0.1:51390]
11:14:57.746 [Forwarding findElement on session 50e7d4686d37321868f7c71f99d431fc to remote] DEBUG org.asynchttpclient.netty.request.NettyRequestSender - Using pooled Channel '[id: 0x1d4e049a, L:/127.0.0.1:61579 - R:localhost/127.0.0.1:51390]' for 'POST' to 'http://localhost:51390/session/50e7d4686d37321868f7c71f99d431fc/element'
11:14:57.746 [Forwarding findElement on session 50e7d4686d37321868f7c71f99d431fc to remote] DEBUG org.asynchttpclient.netty.request.NettyRequestSender - Using open Channel [id: 0x1d4e049a, L:/127.0.0.1:61579 - R:localhost/127.0.0.1:51390] for POST '/session/50e7d4686d37321868f7c71f99d431fc/element'
11:14:57.773 [AsyncHttpClient-1-7] DEBUG org.asynchttpclient.netty.handler.HttpHandler - 

Request DefaultHttpRequest(decodeResult: success, version: HTTP/1.1)
POST /session/50e7d4686d37321868f7c71f99d431fc/element HTTP/1.1
User-Agent: selenium/4.1.2 (java windows)
Content-Length: 166
Content-Type: application/json; charset=utf-8
host: localhost:51390
accept: */*

Response DefaultHttpResponse(decodeResult: success, version: HTTP/1.1)
HTTP/1.1 200 OK
Content-Type: application/json; charset=utf-8
cache-control: no-cache
content-length: 88

11:14:57.773 [AsyncHttpClient-1-7] DEBUG org.asynchttpclient.netty.channel.ChannelManager - Adding key: http://localhost:51390 for channel [id: 0x1d4e049a, L:/127.0.0.1:61579 - R:localhost/127.0.0.1:51390]
11:14:57.775 [Forwarding clearElement on session 50e7d4686d37321868f7c71f99d431fc to remote] DEBUG org.asynchttpclient.netty.request.NettyRequestSender - Using pooled Channel '[id: 0x1d4e049a, L:/127.0.0.1:61579 - R:localhost/127.0.0.1:51390]' for 'POST' to 'http://localhost:51390/session/50e7d4686d37321868f7c71f99d431fc/element/cc1584ec-b7ce-4698-baf8-12648badc07d/clear'
11:14:57.775 [Forwarding clearElement on session 50e7d4686d37321868f7c71f99d431fc to remote] DEBUG org.asynchttpclient.netty.request.NettyRequestSender - Using open Channel [id: 0x1d4e049a, L:/127.0.0.1:61579 - R:localhost/127.0.0.1:51390] for POST '/session/50e7d4686d37321868f7c71f99d431fc/element/cc1584ec-b7ce-4698-baf8-12648badc07d/clear'
11:14:57.856 [AsyncHttpClient-1-7] DEBUG org.asynchttpclient.netty.handler.HttpHandler - 

Request DefaultHttpRequest(decodeResult: success, version: HTTP/1.1)
POST /session/50e7d4686d37321868f7c71f99d431fc/element/cc1584ec-b7ce-4698-baf8-12648badc07d/clear HTTP/1.1
User-Agent: selenium/4.1.2 (java windows)
Content-Length: 50
Content-Type: application/json; charset=utf-8
host: localhost:51390
accept: */*

Response DefaultHttpResponse(decodeResult: success, version: HTTP/1.1)
HTTP/1.1 200 OK
Content-Type: application/json; charset=utf-8
cache-control: no-cache
content-length: 14

11:14:57.857 [AsyncHttpClient-1-7] DEBUG org.asynchttpclient.netty.channel.ChannelManager - Adding key: http://localhost:51390 for channel [id: 0x1d4e049a, L:/127.0.0.1:61579 - R:localhost/127.0.0.1:51390]
11:14:57.862 [Forwarding findElement on session 50e7d4686d37321868f7c71f99d431fc to remote] DEBUG org.asynchttpclient.netty.request.NettyRequestSender - Using pooled Channel '[id: 0x1d4e049a, L:/127.0.0.1:61579 - R:localhost/127.0.0.1:51390]' for 'POST' to 'http://localhost:51390/session/50e7d4686d37321868f7c71f99d431fc/element'
11:14:57.862 [Forwarding findElement on session 50e7d4686d37321868f7c71f99d431fc to remote] DEBUG org.asynchttpclient.netty.request.NettyRequestSender - Using open Channel [id: 0x1d4e049a, L:/127.0.0.1:61579 - R:localhost/127.0.0.1:51390] for POST '/session/50e7d4686d37321868f7c71f99d431fc/element'
11:14:57.924 [AsyncHttpClient-1-7] DEBUG org.asynchttpclient.netty.handler.HttpHandler - 

Request DefaultHttpRequest(decodeResult: success, version: HTTP/1.1)
POST /session/50e7d4686d37321868f7c71f99d431fc/element HTTP/1.1
User-Agent: selenium/4.1.2 (java windows)
Content-Length: 166
Content-Type: application/json; charset=utf-8
host: localhost:51390
accept: */*

Response DefaultHttpResponse(decodeResult: success, version: HTTP/1.1)
HTTP/1.1 200 OK
Content-Type: application/json; charset=utf-8
cache-control: no-cache
content-length: 88

11:14:57.924 [AsyncHttpClient-1-7] DEBUG org.asynchttpclient.netty.channel.ChannelManager - Adding key: http://localhost:51390 for channel [id: 0x1d4e049a, L:/127.0.0.1:61579 - R:localhost/127.0.0.1:51390]
11:14:57.926 [Forwarding clearElement on session 50e7d4686d37321868f7c71f99d431fc to remote] DEBUG org.asynchttpclient.netty.request.NettyRequestSender - Using pooled Channel '[id: 0x1d4e049a, L:/127.0.0.1:61579 - R:localhost/127.0.0.1:51390]' for 'POST' to 'http://localhost:51390/session/50e7d4686d37321868f7c71f99d431fc/element/11c780ba-9009-40e8-a245-3bc7ea378681/clear'
11:14:57.926 [Forwarding clearElement on session 50e7d4686d37321868f7c71f99d431fc to remote] DEBUG org.asynchttpclient.netty.request.NettyRequestSender - Using open Channel [id: 0x1d4e049a, L:/127.0.0.1:61579 - R:localhost/127.0.0.1:51390] for POST '/session/50e7d4686d37321868f7c71f99d431fc/element/11c780ba-9009-40e8-a245-3bc7ea378681/clear'
11:14:58.025 [AsyncHttpClient-1-7] DEBUG org.asynchttpclient.netty.handler.HttpHandler - 

Request DefaultHttpRequest(decodeResult: success, version: HTTP/1.1)
POST /session/50e7d4686d37321868f7c71f99d431fc/element/11c780ba-9009-40e8-a245-3bc7ea378681/clear HTTP/1.1
User-Agent: selenium/4.1.2 (java windows)
Content-Length: 50
Content-Type: application/json; charset=utf-8
host: localhost:51390
accept: */*

Response DefaultHttpResponse(decodeResult: success, version: HTTP/1.1)
HTTP/1.1 200 OK
Content-Type: application/json; charset=utf-8
cache-control: no-cache
content-length: 14

11:14:58.025 [AsyncHttpClient-1-7] DEBUG org.asynchttpclient.netty.channel.ChannelManager - Adding key: http://localhost:51390 for channel [id: 0x1d4e049a, L:/127.0.0.1:61579 - R:localhost/127.0.0.1:51390]
11:14:58.032 [AsyncHttpClient-1-1] DEBUG org.asynchttpclient.netty.channel.DefaultChannelPool - Entry count for : http://localhost:51390 : 1
11:14:58.033 [AsyncHttpClient-1-1] DEBUG org.asynchttpclient.netty.channel.DefaultChannelPool - Entry count for : http://localhost:61580 : 1
11:14:58.035 [Forwarding findElement on session 50e7d4686d37321868f7c71f99d431fc to remote] DEBUG org.asynchttpclient.netty.request.NettyRequestSender - Using pooled Channel '[id: 0x1d4e049a, L:/127.0.0.1:61579 - R:localhost/127.0.0.1:51390]' for 'POST' to 'http://localhost:51390/session/50e7d4686d37321868f7c71f99d431fc/element'
11:14:58.035 [Forwarding findElement on session 50e7d4686d37321868f7c71f99d431fc to remote] DEBUG org.asynchttpclient.netty.request.NettyRequestSender - Using open Channel [id: 0x1d4e049a, L:/127.0.0.1:61579 - R:localhost/127.0.0.1:51390] for POST '/session/50e7d4686d37321868f7c71f99d431fc/element'
11:14:58.060 [AsyncHttpClient-1-7] DEBUG org.asynchttpclient.netty.handler.HttpHandler - 

Request DefaultHttpRequest(decodeResult: success, version: HTTP/1.1)
POST /session/50e7d4686d37321868f7c71f99d431fc/element HTTP/1.1
User-Agent: selenium/4.1.2 (java windows)
Content-Length: 173
Content-Type: application/json; charset=utf-8
host: localhost:51390
accept: */*

Response DefaultHttpResponse(decodeResult: success, version: HTTP/1.1)
HTTP/1.1 200 OK
Content-Type: application/json; charset=utf-8
cache-control: no-cache
content-length: 88

11:14:58.060 [AsyncHttpClient-1-7] DEBUG org.asynchttpclient.netty.channel.ChannelManager - Adding key: http://localhost:51390 for channel [id: 0x1d4e049a, L:/127.0.0.1:61579 - R:localhost/127.0.0.1:51390]
11:14:58.062 [Forwarding clearElement on session 50e7d4686d37321868f7c71f99d431fc to remote] DEBUG org.asynchttpclient.netty.request.NettyRequestSender - Using pooled Channel '[id: 0x1d4e049a, L:/127.0.0.1:61579 - R:localhost/127.0.0.1:51390]' for 'POST' to 'http://localhost:51390/session/50e7d4686d37321868f7c71f99d431fc/element/6d8d083a-6326-4497-a879-491e891c9fb5/clear'
11:14:58.062 [Forwarding clearElement on session 50e7d4686d37321868f7c71f99d431fc to remote] DEBUG org.asynchttpclient.netty.request.NettyRequestSender - Using open Channel [id: 0x1d4e049a, L:/127.0.0.1:61579 - R:localhost/127.0.0.1:51390] for POST '/session/50e7d4686d37321868f7c71f99d431fc/element/6d8d083a-6326-4497-a879-491e891c9fb5/clear'
11:14:58.132 [AsyncHttpClient-1-7] DEBUG org.asynchttpclient.netty.handler.HttpHandler - 

Request DefaultHttpRequest(decodeResult: success, version: HTTP/1.1)
POST /session/50e7d4686d37321868f7c71f99d431fc/element/6d8d083a-6326-4497-a879-491e891c9fb5/clear HTTP/1.1
User-Agent: selenium/4.1.2 (java windows)
Content-Length: 50
Content-Type: application/json; charset=utf-8
host: localhost:51390
accept: */*

Response DefaultHttpResponse(decodeResult: success, version: HTTP/1.1)
HTTP/1.1 200 OK
Content-Type: application/json; charset=utf-8
cache-control: no-cache
content-length: 14

11:14:58.134 [AsyncHttpClient-1-7] DEBUG org.asynchttpclient.netty.channel.ChannelManager - Adding key: http://localhost:51390 for channel [id: 0x1d4e049a, L:/127.0.0.1:61579 - R:localhost/127.0.0.1:51390]
11:14:58.145 [Forwarding screenshot on session 50e7d4686d37321868f7c71f99d431fc to remote] DEBUG org.asynchttpclient.netty.request.NettyRequestSender - Using pooled Channel '[id: 0x1d4e049a, L:/127.0.0.1:61579 - R:localhost/127.0.0.1:51390]' for 'GET' to 'http://localhost:51390/session/50e7d4686d37321868f7c71f99d431fc/screenshot'
11:14:58.145 [Forwarding screenshot on session 50e7d4686d37321868f7c71f99d431fc to remote] DEBUG org.asynchttpclient.netty.request.NettyRequestSender - Using open Channel [id: 0x1d4e049a, L:/127.0.0.1:61579 - R:localhost/127.0.0.1:51390] for GET '/session/50e7d4686d37321868f7c71f99d431fc/screenshot'
11:14:58.562 [AsyncHttpClient-1-7] DEBUG org.asynchttpclient.netty.handler.HttpHandler - 

Request DefaultFullHttpRequest(decodeResult: success, version: HTTP/1.1, content: EmptyByteBufBE)
GET /session/50e7d4686d37321868f7c71f99d431fc/screenshot HTTP/1.1
User-Agent: selenium/4.1.2 (java windows)
Cache-Control: no-cache
Content-Type: application/json; charset=utf-8
host: localhost:51390
accept: */*

Response DefaultHttpResponse(decodeResult: success, version: HTTP/1.1)
HTTP/1.1 200 OK
Content-Type: application/json; charset=utf-8
cache-control: no-cache
content-length: 395000

11:14:58.564 [AsyncHttpClient-1-7] DEBUG org.asynchttpclient.netty.channel.ChannelManager - Adding key: http://localhost:51390 for channel [id: 0x1d4e049a, L:/127.0.0.1:61579 - R:localhost/127.0.0.1:51390]
11:14:58.603 [main] DEBUG net.serenitybdd.core.photography.Darkroom - Send negative for processing for target\site\serenity\fae27c5654b7b9687edf1031ede37a2e2b80b89e17d32a252868be3b9e18e388.png
11:14:58.603 [main] DEBUG net.thucydides.core.steps.StepInterceptor - STEP DONE: cleanDataPasien
  &amp#27;[32mAnd &amp#27;[0m&amp#27;[32mClean all data pasien&amp#27;[0m                                       &amp#27;[90m# starter.stepdefinitios.PatientDataSteps.cleanAllDataPasien()&amp#27;[0m
11:14:59.114 [AsyncHttpClient-1-1] DEBUG org.asynchttpclient.netty.channel.DefaultChannelPool - Entry count for : http://localhost:51390 : 1
11:14:59.114 [AsyncHttpClient-1-1] DEBUG org.asynchttpclient.netty.channel.DefaultChannelPool - Entry count for : http://localhost:61580 : 1
11:14:59.170 [Forwarding screenshot on session 50e7d4686d37321868f7c71f99d431fc to remote] DEBUG org.asynchttpclient.netty.request.NettyRequestSender - Using pooled Channel '[id: 0x1d4e049a, L:/127.0.0.1:61579 - R:localhost/127.0.0.1:51390]' for 'GET' to 'http://localhost:51390/session/50e7d4686d37321868f7c71f99d431fc/screenshot'
11:14:59.170 [Forwarding screenshot on session 50e7d4686d37321868f7c71f99d431fc to remote] DEBUG org.asynchttpclient.netty.request.NettyRequestSender - Using open Channel [id: 0x1d4e049a, L:/127.0.0.1:61579 - R:localhost/127.0.0.1:51390] for GET '/session/50e7d4686d37321868f7c71f99d431fc/screenshot'
11:14:59.543 [AsyncHttpClient-1-7] DEBUG org.asynchttpclient.netty.handler.HttpHandler - 

Request DefaultFullHttpRequest(decodeResult: success, version: HTTP/1.1, content: EmptyByteBufBE)
GET /session/50e7d4686d37321868f7c71f99d431fc/screenshot HTTP/1.1
User-Agent: selenium/4.1.2 (java windows)
Cache-Control: no-cache
Content-Type: application/json; charset=utf-8
host: localhost:51390
accept: */*

Response DefaultHttpResponse(decodeResult: success, version: HTTP/1.1)
HTTP/1.1 200 OK
Content-Type: application/json; charset=utf-8
cache-control: no-cache
content-length: 395000

11:14:59.545 [AsyncHttpClient-1-7] DEBUG org.asynchttpclient.netty.channel.ChannelManager - Adding key: http://localhost:51390 for channel [id: 0x1d4e049a, L:/127.0.0.1:61579 - R:localhost/127.0.0.1:51390]
11:14:59.578 [main] DEBUG net.serenitybdd.core.photography.Darkroom - Send negative for processing for target\site\serenity\fae27c5654b7b9687edf1031ede37a2e2b80b89e17d32a252868be3b9e18e388.png
11:14:59.579 [main] DEBUG net.thucydides.core.steps.StepInterceptor - STARTING STEP: PatientDataSteps.iInput - inputDataPasien
11:14:59.587 [Forwarding findElement on session 50e7d4686d37321868f7c71f99d431fc to remote] DEBUG org.asynchttpclient.netty.request.NettyRequestSender - Using pooled Channel '[id: 0x1d4e049a, L:/127.0.0.1:61579 - R:localhost/127.0.0.1:51390]' for 'POST' to 'http://localhost:51390/session/50e7d4686d37321868f7c71f99d431fc/element'
11:14:59.587 [Forwarding findElement on session 50e7d4686d37321868f7c71f99d431fc to remote] DEBUG org.asynchttpclient.netty.request.NettyRequestSender - Using open Channel [id: 0x1d4e049a, L:/127.0.0.1:61579 - R:localhost/127.0.0.1:51390] for POST '/session/50e7d4686d37321868f7c71f99d431fc/element'
11:14:59.604 [AsyncHttpClient-1-7] DEBUG org.asynchttpclient.netty.handler.HttpHandler - 

Request DefaultHttpRequest(decodeResult: success, version: HTTP/1.1)
POST /session/50e7d4686d37321868f7c71f99d431fc/element HTTP/1.1
User-Agent: selenium/4.1.2 (java windows)
Content-Length: 166
Content-Type: application/json; charset=utf-8
host: localhost:51390
accept: */*

Response DefaultHttpResponse(decodeResult: success, version: HTTP/1.1)
HTTP/1.1 200 OK
Content-Type: application/json; charset=utf-8
cache-control: no-cache
content-length: 88

11:14:59.604 [AsyncHttpClient-1-7] DEBUG org.asynchttpclient.netty.channel.ChannelManager - Adding key: http://localhost:51390 for channel [id: 0x1d4e049a, L:/127.0.0.1:61579 - R:localhost/127.0.0.1:51390]
11:14:59.606 [Forwarding sendKeysToElement on session 50e7d4686d37321868f7c71f99d431fc to remote] DEBUG org.asynchttpclient.netty.request.NettyRequestSender - Using pooled Channel '[id: 0x1d4e049a, L:/127.0.0.1:61579 - R:localhost/127.0.0.1:51390]' for 'POST' to 'http://localhost:51390/session/50e7d4686d37321868f7c71f99d431fc/element/00947f39-cd70-437e-8caf-a881ef34cfd7/value'
11:14:59.607 [Forwarding sendKeysToElement on session 50e7d4686d37321868f7c71f99d431fc to remote] DEBUG org.asynchttpclient.netty.request.NettyRequestSender - Using open Channel [id: 0x1d4e049a, L:/127.0.0.1:61579 - R:localhost/127.0.0.1:51390] for POST '/session/50e7d4686d37321868f7c71f99d431fc/element/00947f39-cd70-437e-8caf-a881ef34cfd7/value'
11:15:00.138 [AsyncHttpClient-1-7] DEBUG org.asynchttpclient.netty.handler.HttpHandler - 

Request DefaultHttpRequest(decodeResult: success, version: HTTP/1.1)
POST /session/50e7d4686d37321868f7c71f99d431fc/element/00947f39-cd70-437e-8caf-a881ef34cfd7/value HTTP/1.1
User-Agent: selenium/4.1.2 (java windows)
Content-Length: 131
Content-Type: application/json; charset=utf-8
host: localhost:51390
accept: */*

Response DefaultHttpResponse(decodeResult: success, version: HTTP/1.1)
HTTP/1.1 200 OK
Content-Type: application/json; charset=utf-8
cache-control: no-cache
content-length: 14

11:15:00.138 [AsyncHttpClient-1-7] DEBUG org.asynchttpclient.netty.channel.ChannelManager - Adding key: http://localhost:51390 for channel [id: 0x1d4e049a, L:/127.0.0.1:61579 - R:localhost/127.0.0.1:51390]
11:15:00.142 [Forwarding findElement on session 50e7d4686d37321868f7c71f99d431fc to remote] DEBUG org.asynchttpclient.netty.request.NettyRequestSender - Using pooled Channel '[id: 0x1d4e049a, L:/127.0.0.1:61579 - R:localhost/127.0.0.1:51390]' for 'POST' to 'http://localhost:51390/session/50e7d4686d37321868f7c71f99d431fc/element'
11:15:00.142 [Forwarding findElement on session 50e7d4686d37321868f7c71f99d431fc to remote] DEBUG org.asynchttpclient.netty.request.NettyRequestSender - Using open Channel [id: 0x1d4e049a, L:/127.0.0.1:61579 - R:localhost/127.0.0.1:51390] for POST '/session/50e7d4686d37321868f7c71f99d431fc/element'
11:15:00.157 [AsyncHttpClient-1-7] DEBUG org.asynchttpclient.netty.handler.HttpHandler - 

Request DefaultHttpRequest(decodeResult: success, version: HTTP/1.1)
POST /session/50e7d4686d37321868f7c71f99d431fc/element HTTP/1.1
User-Agent: selenium/4.1.2 (java windows)
Content-Length: 166
Content-Type: application/json; charset=utf-8
host: localhost:51390
accept: */*

Response DefaultHttpResponse(decodeResult: success, version: HTTP/1.1)
HTTP/1.1 200 OK
Content-Type: application/json; charset=utf-8
cache-control: no-cache
content-length: 88

11:15:00.157 [AsyncHttpClient-1-7] DEBUG org.asynchttpclient.netty.channel.ChannelManager - Adding key: http://localhost:51390 for channel [id: 0x1d4e049a, L:/127.0.0.1:61579 - R:localhost/127.0.0.1:51390]
11:15:00.160 [Forwarding sendKeysToElement on session 50e7d4686d37321868f7c71f99d431fc to remote] DEBUG org.asynchttpclient.netty.request.NettyRequestSender - Using pooled Channel '[id: 0x1d4e049a, L:/127.0.0.1:61579 - R:localhost/127.0.0.1:51390]' for 'POST' to 'http://localhost:51390/session/50e7d4686d37321868f7c71f99d431fc/element/cc1584ec-b7ce-4698-baf8-12648badc07d/value'
11:15:00.160 [Forwarding sendKeysToElement on session 50e7d4686d37321868f7c71f99d431fc to remote] DEBUG org.asynchttpclient.netty.request.NettyRequestSender - Using open Channel [id: 0x1d4e049a, L:/127.0.0.1:61579 - R:localhost/127.0.0.1:51390] for POST '/session/50e7d4686d37321868f7c71f99d431fc/element/cc1584ec-b7ce-4698-baf8-12648badc07d/value'
11:15:00.222 [AsyncHttpClient-1-1] DEBUG org.asynchttpclient.netty.channel.DefaultChannelPool - Entry count for : http://localhost:61580 : 1
11:15:00.685 [AsyncHttpClient-1-7] DEBUG org.asynchttpclient.netty.handler.HttpHandler - 

Request DefaultHttpRequest(decodeResult: success, version: HTTP/1.1)
POST /session/50e7d4686d37321868f7c71f99d431fc/element/cc1584ec-b7ce-4698-baf8-12648badc07d/value HTTP/1.1
User-Agent: selenium/4.1.2 (java windows)
Content-Length: 181
Content-Type: application/json; charset=utf-8
host: localhost:51390
accept: */*

Response DefaultHttpResponse(decodeResult: success, version: HTTP/1.1)
HTTP/1.1 200 OK
Content-Type: application/json; charset=utf-8
cache-control: no-cache
content-length: 14

11:15:00.685 [AsyncHttpClient-1-7] DEBUG org.asynchttpclient.netty.channel.ChannelManager - Adding key: http://localhost:51390 for channel [id: 0x1d4e049a, L:/127.0.0.1:61579 - R:localhost/127.0.0.1:51390]
11:15:00.690 [Forwarding findElement on session 50e7d4686d37321868f7c71f99d431fc to remote] DEBUG org.asynchttpclient.netty.request.NettyRequestSender - Using pooled Channel '[id: 0x1d4e049a, L:/127.0.0.1:61579 - R:localhost/127.0.0.1:51390]' for 'POST' to 'http://localhost:51390/session/50e7d4686d37321868f7c71f99d431fc/element'
11:15:00.690 [Forwarding findElement on session 50e7d4686d37321868f7c71f99d431fc to remote] DEBUG org.asynchttpclient.netty.request.NettyRequestSender - Using open Channel [id: 0x1d4e049a, L:/127.0.0.1:61579 - R:localhost/127.0.0.1:51390] for POST '/session/50e7d4686d37321868f7c71f99d431fc/element'
11:15:00.728 [AsyncHttpClient-1-7] DEBUG org.asynchttpclient.netty.handler.HttpHandler - 

Request DefaultHttpRequest(decodeResult: success, version: HTTP/1.1)
POST /session/50e7d4686d37321868f7c71f99d431fc/element HTTP/1.1
User-Agent: selenium/4.1.2 (java windows)
Content-Length: 166
Content-Type: application/json; charset=utf-8
host: localhost:51390
accept: */*

Response DefaultHttpResponse(decodeResult: success, version: HTTP/1.1)
HTTP/1.1 200 OK
Content-Type: application/json; charset=utf-8
cache-control: no-cache
content-length: 88

11:15:00.729 [AsyncHttpClient-1-7] DEBUG org.asynchttpclient.netty.channel.ChannelManager - Adding key: http://localhost:51390 for channel [id: 0x1d4e049a, L:/127.0.0.1:61579 - R:localhost/127.0.0.1:51390]
11:15:00.732 [Forwarding sendKeysToElement on session 50e7d4686d37321868f7c71f99d431fc to remote] DEBUG org.asynchttpclient.netty.request.NettyRequestSender - Using pooled Channel '[id: 0x1d4e049a, L:/127.0.0.1:61579 - R:localhost/127.0.0.1:51390]' for 'POST' to 'http://localhost:51390/session/50e7d4686d37321868f7c71f99d431fc/element/11c780ba-9009-40e8-a245-3bc7ea378681/value'
11:15:00.732 [Forwarding sendKeysToElement on session 50e7d4686d37321868f7c71f99d431fc to remote] DEBUG org.asynchttpclient.netty.request.NettyRequestSender - Using open Channel [id: 0x1d4e049a, L:/127.0.0.1:61579 - R:localhost/127.0.0.1:51390] for POST '/session/50e7d4686d37321868f7c71f99d431fc/element/11c780ba-9009-40e8-a245-3bc7ea378681/value'
11:15:00.976 [AsyncHttpClient-1-7] DEBUG org.asynchttpclient.netty.handler.HttpHandler - 

Request DefaultHttpRequest(decodeResult: success, version: HTTP/1.1)
POST /session/50e7d4686d37321868f7c71f99d431fc/element/11c780ba-9009-40e8-a245-3bc7ea378681/value HTTP/1.1
User-Agent: selenium/4.1.2 (java windows)
Content-Length: 101
Content-Type: application/json; charset=utf-8
host: localhost:51390
accept: */*

Response DefaultHttpResponse(decodeResult: success, version: HTTP/1.1)
HTTP/1.1 200 OK
Content-Type: application/json; charset=utf-8
cache-control: no-cache
content-length: 14

11:15:00.976 [AsyncHttpClient-1-7] DEBUG org.asynchttpclient.netty.channel.ChannelManager - Adding key: http://localhost:51390 for channel [id: 0x1d4e049a, L:/127.0.0.1:61579 - R:localhost/127.0.0.1:51390]
11:15:00.983 [Forwarding findElement on session 50e7d4686d37321868f7c71f99d431fc to remote] DEBUG org.asynchttpclient.netty.request.NettyRequestSender - Using pooled Channel '[id: 0x1d4e049a, L:/127.0.0.1:61579 - R:localhost/127.0.0.1:51390]' for 'POST' to 'http://localhost:51390/session/50e7d4686d37321868f7c71f99d431fc/element'
11:15:00.983 [Forwarding findElement on session 50e7d4686d37321868f7c71f99d431fc to remote] DEBUG org.asynchttpclient.netty.request.NettyRequestSender - Using open Channel [id: 0x1d4e049a, L:/127.0.0.1:61579 - R:localhost/127.0.0.1:51390] for POST '/session/50e7d4686d37321868f7c71f99d431fc/element'
11:15:01.024 [AsyncHttpClient-1-7] DEBUG org.asynchttpclient.netty.handler.HttpHandler - 

Request DefaultHttpRequest(decodeResult: success, version: HTTP/1.1)
POST /session/50e7d4686d37321868f7c71f99d431fc/element HTTP/1.1
User-Agent: selenium/4.1.2 (java windows)
Content-Length: 166
Content-Type: application/json; charset=utf-8
host: localhost:51390
accept: */*

Response DefaultHttpResponse(decodeResult: success, version: HTTP/1.1)
HTTP/1.1 200 OK
Content-Type: application/json; charset=utf-8
cache-control: no-cache
content-length: 88

11:15:01.024 [AsyncHttpClient-1-7] DEBUG org.asynchttpclient.netty.channel.ChannelManager - Adding key: http://localhost:51390 for channel [id: 0x1d4e049a, L:/127.0.0.1:61579 - R:localhost/127.0.0.1:51390]
11:15:01.026 [Forwarding sendKeysToElement on session 50e7d4686d37321868f7c71f99d431fc to remote] DEBUG org.asynchttpclient.netty.request.NettyRequestSender - Using pooled Channel '[id: 0x1d4e049a, L:/127.0.0.1:61579 - R:localhost/127.0.0.1:51390]' for 'POST' to 'http://localhost:51390/session/50e7d4686d37321868f7c71f99d431fc/element/e0cf62d4-ed75-4386-9473-c872784d4006/value'
11:15:01.026 [Forwarding sendKeysToElement on session 50e7d4686d37321868f7c71f99d431fc to remote] DEBUG org.asynchttpclient.netty.request.NettyRequestSender - Using open Channel [id: 0x1d4e049a, L:/127.0.0.1:61579 - R:localhost/127.0.0.1:51390] for POST '/session/50e7d4686d37321868f7c71f99d431fc/element/e0cf62d4-ed75-4386-9473-c872784d4006/value'
11:15:01.325 [AsyncHttpClient-1-1] DEBUG org.asynchttpclient.netty.channel.DefaultChannelPool - Entry count for : http://localhost:61580 : 1
11:15:01.673 [AsyncHttpClient-1-7] DEBUG org.asynchttpclient.netty.handler.HttpHandler - 

Request DefaultHttpRequest(decodeResult: success, version: HTTP/1.1)
POST /session/50e7d4686d37321868f7c71f99d431fc/element/e0cf62d4-ed75-4386-9473-c872784d4006/value HTTP/1.1
User-Agent: selenium/4.1.2 (java windows)
Content-Length: 191
Content-Type: application/json; charset=utf-8
host: localhost:51390
accept: */*

Response DefaultHttpResponse(decodeResult: success, version: HTTP/1.1)
HTTP/1.1 200 OK
Content-Type: application/json; charset=utf-8
cache-control: no-cache
content-length: 14

11:15:01.673 [AsyncHttpClient-1-7] DEBUG org.asynchttpclient.netty.channel.ChannelManager - Adding key: http://localhost:51390 for channel [id: 0x1d4e049a, L:/127.0.0.1:61579 - R:localhost/127.0.0.1:51390]
11:15:01.677 [Forwarding findElement on session 50e7d4686d37321868f7c71f99d431fc to remote] DEBUG org.asynchttpclient.netty.request.NettyRequestSender - Using pooled Channel '[id: 0x1d4e049a, L:/127.0.0.1:61579 - R:localhost/127.0.0.1:51390]' for 'POST' to 'http://localhost:51390/session/50e7d4686d37321868f7c71f99d431fc/element'
11:15:01.677 [Forwarding findElement on session 50e7d4686d37321868f7c71f99d431fc to remote] DEBUG org.asynchttpclient.netty.request.NettyRequestSender - Using open Channel [id: 0x1d4e049a, L:/127.0.0.1:61579 - R:localhost/127.0.0.1:51390] for POST '/session/50e7d4686d37321868f7c71f99d431fc/element'
11:15:01.694 [AsyncHttpClient-1-7] DEBUG org.asynchttpclient.netty.handler.HttpHandler - 

Request DefaultHttpRequest(decodeResult: success, version: HTTP/1.1)
POST /session/50e7d4686d37321868f7c71f99d431fc/element HTTP/1.1
User-Agent: selenium/4.1.2 (java windows)
Content-Length: 173
Content-Type: application/json; charset=utf-8
host: localhost:51390
accept: */*

Response DefaultHttpResponse(decodeResult: success, version: HTTP/1.1)
HTTP/1.1 200 OK
Content-Type: application/json; charset=utf-8
cache-control: no-cache
content-length: 88

11:15:01.694 [AsyncHttpClient-1-7] DEBUG org.asynchttpclient.netty.channel.ChannelManager - Adding key: http://localhost:51390 for channel [id: 0x1d4e049a, L:/127.0.0.1:61579 - R:localhost/127.0.0.1:51390]
11:15:01.696 [Forwarding sendKeysToElement on session 50e7d4686d37321868f7c71f99d431fc to remote] DEBUG org.asynchttpclient.netty.request.NettyRequestSender - Using pooled Channel '[id: 0x1d4e049a, L:/127.0.0.1:61579 - R:localhost/127.0.0.1:51390]' for 'POST' to 'http://localhost:51390/session/50e7d4686d37321868f7c71f99d431fc/element/6d8d083a-6326-4497-a879-491e891c9fb5/value'
11:15:01.696 [Forwarding sendKeysToElement on session 50e7d4686d37321868f7c71f99d431fc to remote] DEBUG org.asynchttpclient.netty.request.NettyRequestSender - Using open Channel [id: 0x1d4e049a, L:/127.0.0.1:61579 - R:localhost/127.0.0.1:51390] for POST '/session/50e7d4686d37321868f7c71f99d431fc/element/6d8d083a-6326-4497-a879-491e891c9fb5/value'
11:15:01.803 [AsyncHttpClient-1-7] DEBUG org.asynchttpclient.netty.handler.HttpHandler - 

Request DefaultHttpRequest(decodeResult: success, version: HTTP/1.1)
POST /session/50e7d4686d37321868f7c71f99d431fc/element/6d8d083a-6326-4497-a879-491e891c9fb5/value HTTP/1.1
User-Agent: selenium/4.1.2 (java windows)
Content-Length: 82
Content-Type: application/json; charset=utf-8
host: localhost:51390
accept: */*

Response DefaultHttpResponse(decodeResult: success, version: HTTP/1.1)
HTTP/1.1 200 OK
Content-Type: application/json; charset=utf-8
cache-control: no-cache
content-length: 14

11:15:01.804 [AsyncHttpClient-1-7] DEBUG org.asynchttpclient.netty.channel.ChannelManager - Adding key: http://localhost:51390 for channel [id: 0x1d4e049a, L:/127.0.0.1:61579 - R:localhost/127.0.0.1:51390]
11:15:01.820 [Forwarding screenshot on session 50e7d4686d37321868f7c71f99d431fc to remote] DEBUG org.asynchttpclient.netty.request.NettyRequestSender - Using pooled Channel '[id: 0x1d4e049a, L:/127.0.0.1:61579 - R:localhost/127.0.0.1:51390]' for 'GET' to 'http://localhost:51390/session/50e7d4686d37321868f7c71f99d431fc/screenshot'
11:15:01.820 [Forwarding screenshot on session 50e7d4686d37321868f7c71f99d431fc to remote] DEBUG org.asynchttpclient.netty.request.NettyRequestSender - Using open Channel [id: 0x1d4e049a, L:/127.0.0.1:61579 - R:localhost/127.0.0.1:51390] for GET '/session/50e7d4686d37321868f7c71f99d431fc/screenshot'
11:15:02.206 [AsyncHttpClient-1-7] DEBUG org.asynchttpclient.netty.handler.HttpHandler - 

Request DefaultFullHttpRequest(decodeResult: success, version: HTTP/1.1, content: EmptyByteBufBE)
GET /session/50e7d4686d37321868f7c71f99d431fc/screenshot HTTP/1.1
User-Agent: selenium/4.1.2 (java windows)
Cache-Control: no-cache
Content-Type: application/json; charset=utf-8
host: localhost:51390
accept: */*

Response DefaultHttpResponse(decodeResult: success, version: HTTP/1.1)
HTTP/1.1 200 OK
Content-Type: application/json; charset=utf-8
cache-control: no-cache
content-length: 414400

11:15:02.208 [AsyncHttpClient-1-7] DEBUG org.asynchttpclient.netty.channel.ChannelManager - Adding key: http://localhost:51390 for channel [id: 0x1d4e049a, L:/127.0.0.1:61579 - R:localhost/127.0.0.1:51390]
11:15:02.242 [main] DEBUG net.serenitybdd.core.photography.Darkroom - Send negative for processing for target\site\serenity\782d51496c770f3023d542c7904b5b617762a29922b8e33637dd2b5dd5aad686.png
11:15:02.242 [main] DEBUG net.thucydides.core.steps.StepInterceptor - STEP DONE: inputDataPasien
  &amp#27;[32mThen &amp#27;[0m&amp#27;[32mI input &amp#27;[0m&amp#27;[32m&amp#27;[1m"Bagas"&amp#27;[0m&amp#27;[32m &amp#27;[0m&amp#27;[32m&amp#27;[1m"1234479680"&amp#27;[0m&amp#27;[32m &amp#27;[0m&amp#27;[32m&amp#27;[1m"20"&amp#27;[0m&amp#27;[32m &amp#27;[0m&amp#27;[32m&amp#27;[1m"01294657612"&amp#27;[0m&amp#27;[32m &amp#27;[0m&amp#27;[32m&amp#27;[1m""&amp#27;[0m&amp#27;[32m patient&amp#27;[0m &amp#27;[90m# starter.stepdefinitios.PatientDataSteps.iInput(java.lang.String,java.lang.String,java.lang.String,java.lang.String,java.lang.String)&amp#27;[0m
11:15:02.243 [Darkroom Processing Line] DEBUG net.serenitybdd.core.photography.DarkroomProcessingLine - Processing screenshot image in /var/screenshots/screenshot-6644129809873152958
11:15:02.243 [Darkroom Processing Line] DEBUG net.serenitybdd.core.photography.DarkroomProcessingLine - Saving screenshot to target\site\serenity\782d51496c770f3023d542c7904b5b617762a29922b8e33637dd2b5dd5aad686.png
11:15:02.294 [Forwarding screenshot on session 50e7d4686d37321868f7c71f99d431fc to remote] DEBUG org.asynchttpclient.netty.request.NettyRequestSender - Using pooled Channel '[id: 0x1d4e049a, L:/127.0.0.1:61579 - R:localhost/127.0.0.1:51390]' for 'GET' to 'http://localhost:51390/session/50e7d4686d37321868f7c71f99d431fc/screenshot'
11:15:02.294 [Forwarding screenshot on session 50e7d4686d37321868f7c71f99d431fc to remote] DEBUG org.asynchttpclient.netty.request.NettyRequestSender - Using open Channel [id: 0x1d4e049a, L:/127.0.0.1:61579 - R:localhost/127.0.0.1:51390] for GET '/session/50e7d4686d37321868f7c71f99d431fc/screenshot'
11:15:02.471 [AsyncHttpClient-1-1] DEBUG org.asynchttpclient.netty.channel.DefaultChannelPool - Entry count for : http://localhost:61580 : 1
11:15:02.758 [AsyncHttpClient-1-7] DEBUG org.asynchttpclient.netty.handler.HttpHandler - 

Request DefaultFullHttpRequest(decodeResult: success, version: HTTP/1.1, content: EmptyByteBufBE)
GET /session/50e7d4686d37321868f7c71f99d431fc/screenshot HTTP/1.1
User-Agent: selenium/4.1.2 (java windows)
Cache-Control: no-cache
Content-Type: application/json; charset=utf-8
host: localhost:51390
accept: */*

Response DefaultHttpResponse(decodeResult: success, version: HTTP/1.1)
HTTP/1.1 200 OK
Content-Type: application/json; charset=utf-8
cache-control: no-cache
content-length: 414536

11:15:02.760 [AsyncHttpClient-1-7] DEBUG org.asynchttpclient.netty.channel.ChannelManager - Adding key: http://localhost:51390 for channel [id: 0x1d4e049a, L:/127.0.0.1:61579 - R:localhost/127.0.0.1:51390]
11:15:02.792 [main] DEBUG net.serenitybdd.core.photography.Darkroom - Send negative for processing for target\site\serenity\51b929901fd20bf1d2a83fee9aef0b8f0ab742c8b6293c21056dcdce1f4cb0fb.png
11:15:02.803 [Darkroom Processing Line] DEBUG net.serenitybdd.core.photography.DarkroomProcessingLine - Processing screenshot image in /var/screenshots/screenshot-10065988241698774427
11:15:02.804 [Darkroom Processing Line] DEBUG net.serenitybdd.core.photography.DarkroomProcessingLine - Saving screenshot to target\site\serenity\51b929901fd20bf1d2a83fee9aef0b8f0ab742c8b6293c21056dcdce1f4cb0fb.png
11:15:02.819 [main] DEBUG net.thucydides.core.steps.StepInterceptor - STARTING STEP: PatientDataSteps.iClickButtonJenisKelamin - clickLaki
11:15:02.826 [Forwarding findElement on session 50e7d4686d37321868f7c71f99d431fc to remote] DEBUG org.asynchttpclient.netty.request.NettyRequestSender - Using pooled Channel '[id: 0x1d4e049a, L:/127.0.0.1:61579 - R:localhost/127.0.0.1:51390]' for 'POST' to 'http://localhost:51390/session/50e7d4686d37321868f7c71f99d431fc/element'
11:15:02.826 [Forwarding findElement on session 50e7d4686d37321868f7c71f99d431fc to remote] DEBUG org.asynchttpclient.netty.request.NettyRequestSender - Using open Channel [id: 0x1d4e049a, L:/127.0.0.1:61579 - R:localhost/127.0.0.1:51390] for POST '/session/50e7d4686d37321868f7c71f99d431fc/element'
11:15:02.912 [AsyncHttpClient-1-7] DEBUG org.asynchttpclient.netty.handler.HttpHandler - 

Request DefaultHttpRequest(decodeResult: success, version: HTTP/1.1)
POST /session/50e7d4686d37321868f7c71f99d431fc/element HTTP/1.1
User-Agent: selenium/4.1.2 (java windows)
Content-Length: 179
Content-Type: application/json; charset=utf-8
host: localhost:51390
accept: */*

Response DefaultHttpResponse(decodeResult: success, version: HTTP/1.1)
HTTP/1.1 200 OK
Content-Type: application/json; charset=utf-8
cache-control: no-cache
content-length: 88

11:15:02.913 [AsyncHttpClient-1-7] DEBUG org.asynchttpclient.netty.channel.ChannelManager - Adding key: http://localhost:51390 for channel [id: 0x1d4e049a, L:/127.0.0.1:61579 - R:localhost/127.0.0.1:51390]
11:15:02.916 [Forwarding getElementTagName on session 50e7d4686d37321868f7c71f99d431fc to remote] DEBUG org.asynchttpclient.netty.request.NettyRequestSender - Using pooled Channel '[id: 0x1d4e049a, L:/127.0.0.1:61579 - R:localhost/127.0.0.1:51390]' for 'GET' to 'http://localhost:51390/session/50e7d4686d37321868f7c71f99d431fc/element/38298b98-939a-497b-9c75-c67b28bac832/name'
11:15:02.917 [Forwarding getElementTagName on session 50e7d4686d37321868f7c71f99d431fc to remote] DEBUG org.asynchttpclient.netty.request.NettyRequestSender - Using open Channel [id: 0x1d4e049a, L:/127.0.0.1:61579 - R:localhost/127.0.0.1:51390] for GET '/session/50e7d4686d37321868f7c71f99d431fc/element/38298b98-939a-497b-9c75-c67b28bac832/name'
11:15:02.963 [AsyncHttpClient-1-7] DEBUG org.asynchttpclient.netty.handler.HttpHandler - 

Request DefaultFullHttpRequest(decodeResult: success, version: HTTP/1.1, content: EmptyByteBufBE)
GET /session/50e7d4686d37321868f7c71f99d431fc/element/38298b98-939a-497b-9c75-c67b28bac832/name HTTP/1.1
User-Agent: selenium/4.1.2 (java windows)
Cache-Control: no-cache
Content-Type: application/json; charset=utf-8
host: localhost:51390
accept: */*

Response DefaultHttpResponse(decodeResult: success, version: HTTP/1.1)
HTTP/1.1 200 OK
Content-Type: application/json; charset=utf-8
cache-control: no-cache
content-length: 16

11:15:02.963 [AsyncHttpClient-1-7] DEBUG org.asynchttpclient.netty.channel.ChannelManager - Adding key: http://localhost:51390 for channel [id: 0x1d4e049a, L:/127.0.0.1:61579 - R:localhost/127.0.0.1:51390]
11:15:02.966 [Forwarding getElementTagName on session 50e7d4686d37321868f7c71f99d431fc to remote] DEBUG org.asynchttpclient.netty.request.NettyRequestSender - Using pooled Channel '[id: 0x1d4e049a, L:/127.0.0.1:61579 - R:localhost/127.0.0.1:51390]' for 'GET' to 'http://localhost:51390/session/50e7d4686d37321868f7c71f99d431fc/element/38298b98-939a-497b-9c75-c67b28bac832/name'
11:15:02.966 [Forwarding getElementTagName on session 50e7d4686d37321868f7c71f99d431fc to remote] DEBUG org.asynchttpclient.netty.request.NettyRequestSender - Using open Channel [id: 0x1d4e049a, L:/127.0.0.1:61579 - R:localhost/127.0.0.1:51390] for GET '/session/50e7d4686d37321868f7c71f99d431fc/element/38298b98-939a-497b-9c75-c67b28bac832/name'
11:15:03.009 [AsyncHttpClient-1-7] DEBUG org.asynchttpclient.netty.handler.HttpHandler - 

Request DefaultFullHttpRequest(decodeResult: success, version: HTTP/1.1, content: EmptyByteBufBE)
GET /session/50e7d4686d37321868f7c71f99d431fc/element/38298b98-939a-497b-9c75-c67b28bac832/name HTTP/1.1
User-Agent: selenium/4.1.2 (java windows)
Cache-Control: no-cache
Content-Type: application/json; charset=utf-8
host: localhost:51390
accept: */*

Response DefaultHttpResponse(decodeResult: success, version: HTTP/1.1)
HTTP/1.1 200 OK
Content-Type: application/json; charset=utf-8
cache-control: no-cache
content-length: 16

11:15:03.009 [AsyncHttpClient-1-7] DEBUG org.asynchttpclient.netty.channel.ChannelManager - Adding key: http://localhost:51390 for channel [id: 0x1d4e049a, L:/127.0.0.1:61579 - R:localhost/127.0.0.1:51390]
11:15:03.012 [Forwarding findElement on session 50e7d4686d37321868f7c71f99d431fc to remote] DEBUG org.asynchttpclient.netty.request.NettyRequestSender - Using pooled Channel '[id: 0x1d4e049a, L:/127.0.0.1:61579 - R:localhost/127.0.0.1:51390]' for 'POST' to 'http://localhost:51390/session/50e7d4686d37321868f7c71f99d431fc/element'
11:15:03.012 [Forwarding findElement on session 50e7d4686d37321868f7c71f99d431fc to remote] DEBUG org.asynchttpclient.netty.request.NettyRequestSender - Using open Channel [id: 0x1d4e049a, L:/127.0.0.1:61579 - R:localhost/127.0.0.1:51390] for POST '/session/50e7d4686d37321868f7c71f99d431fc/element'
11:15:03.054 [AsyncHttpClient-1-7] DEBUG org.asynchttpclient.netty.handler.HttpHandler - 

Request DefaultHttpRequest(decodeResult: success, version: HTTP/1.1)
POST /session/50e7d4686d37321868f7c71f99d431fc/element HTTP/1.1
User-Agent: selenium/4.1.2 (java windows)
Content-Length: 179
Content-Type: application/json; charset=utf-8
host: localhost:51390
accept: */*

Response DefaultHttpResponse(decodeResult: success, version: HTTP/1.1)
HTTP/1.1 200 OK
Content-Type: application/json; charset=utf-8
cache-control: no-cache
content-length: 88

11:15:03.054 [AsyncHttpClient-1-7] DEBUG org.asynchttpclient.netty.channel.ChannelManager - Adding key: http://localhost:51390 for channel [id: 0x1d4e049a, L:/127.0.0.1:61579 - R:localhost/127.0.0.1:51390]
11:15:03.056 [Forwarding clickElement on session 50e7d4686d37321868f7c71f99d431fc to remote] DEBUG org.asynchttpclient.netty.request.NettyRequestSender - Using pooled Channel '[id: 0x1d4e049a, L:/127.0.0.1:61579 - R:localhost/127.0.0.1:51390]' for 'POST' to 'http://localhost:51390/session/50e7d4686d37321868f7c71f99d431fc/element/38298b98-939a-497b-9c75-c67b28bac832/click'
11:15:03.056 [Forwarding clickElement on session 50e7d4686d37321868f7c71f99d431fc to remote] DEBUG org.asynchttpclient.netty.request.NettyRequestSender - Using open Channel [id: 0x1d4e049a, L:/127.0.0.1:61579 - R:localhost/127.0.0.1:51390] for POST '/session/50e7d4686d37321868f7c71f99d431fc/element/38298b98-939a-497b-9c75-c67b28bac832/click'
11:15:03.173 [AsyncHttpClient-1-7] DEBUG org.asynchttpclient.netty.handler.HttpHandler - 

Request DefaultHttpRequest(decodeResult: success, version: HTTP/1.1)
POST /session/50e7d4686d37321868f7c71f99d431fc/element/38298b98-939a-497b-9c75-c67b28bac832/click HTTP/1.1
User-Agent: selenium/4.1.2 (java windows)
Content-Length: 50
Content-Type: application/json; charset=utf-8
host: localhost:51390
accept: */*

Response DefaultHttpResponse(decodeResult: success, version: HTTP/1.1)
HTTP/1.1 200 OK
Content-Type: application/json; charset=utf-8
cache-control: no-cache
content-length: 14

11:15:03.174 [AsyncHttpClient-1-7] DEBUG org.asynchttpclient.netty.channel.ChannelManager - Adding key: http://localhost:51390 for channel [id: 0x1d4e049a, L:/127.0.0.1:61579 - R:localhost/127.0.0.1:51390]
11:15:03.201 [Forwarding screenshot on session 50e7d4686d37321868f7c71f99d431fc to remote] DEBUG org.asynchttpclient.netty.request.NettyRequestSender - Using pooled Channel '[id: 0x1d4e049a, L:/127.0.0.1:61579 - R:localhost/127.0.0.1:51390]' for 'GET' to 'http://localhost:51390/session/50e7d4686d37321868f7c71f99d431fc/screenshot'
11:15:03.201 [Forwarding screenshot on session 50e7d4686d37321868f7c71f99d431fc to remote] DEBUG org.asynchttpclient.netty.request.NettyRequestSender - Using open Channel [id: 0x1d4e049a, L:/127.0.0.1:61579 - R:localhost/127.0.0.1:51390] for GET '/session/50e7d4686d37321868f7c71f99d431fc/screenshot'
11:15:03.519 [AsyncHttpClient-1-1] DEBUG org.asynchttpclient.netty.channel.DefaultChannelPool - Entry count for : http://localhost:61580 : 1
11:15:03.710 [AsyncHttpClient-1-7] DEBUG org.asynchttpclient.netty.handler.HttpHandler - 

Request DefaultFullHttpRequest(decodeResult: success, version: HTTP/1.1, content: EmptyByteBufBE)
GET /session/50e7d4686d37321868f7c71f99d431fc/screenshot HTTP/1.1
User-Agent: selenium/4.1.2 (java windows)
Cache-Control: no-cache
Content-Type: application/json; charset=utf-8
host: localhost:51390
accept: */*

Response DefaultHttpResponse(decodeResult: success, version: HTTP/1.1)
HTTP/1.1 200 OK
Content-Type: application/json; charset=utf-8
cache-control: no-cache
content-length: 414948

11:15:03.711 [AsyncHttpClient-1-7] DEBUG org.asynchttpclient.netty.channel.ChannelManager - Adding key: http://localhost:51390 for channel [id: 0x1d4e049a, L:/127.0.0.1:61579 - R:localhost/127.0.0.1:51390]
11:15:03.753 [main] DEBUG net.serenitybdd.core.photography.Darkroom - Send negative for processing for target\site\serenity\73eb4486f69ddd2cb087642d7fc01024ad94d2c75b08673e850b1694e006a502.png
11:15:03.753 [main] DEBUG net.thucydides.core.steps.StepInterceptor - STEP DONE: clickLaki
  &amp#27;[32mAnd &amp#27;[0m&amp#27;[32mI click button jenis kelamin patient&amp#27;[0m                        &amp#27;[90m# starter.stepdefinitios.PatientDataSteps.iClickButtonJenisKelamin()&amp#27;[0m
11:15:03.756 [Darkroom Processing Line] DEBUG net.serenitybdd.core.photography.DarkroomProcessingLine - Processing screenshot image in /var/screenshots/screenshot-14908029495565751400
11:15:03.756 [Darkroom Processing Line] DEBUG net.serenitybdd.core.photography.DarkroomProcessingLine - Saving screenshot to target\site\serenity\73eb4486f69ddd2cb087642d7fc01024ad94d2c75b08673e850b1694e006a502.png
11:15:03.803 [Forwarding screenshot on session 50e7d4686d37321868f7c71f99d431fc to remote] DEBUG org.asynchttpclient.netty.request.NettyRequestSender - Using pooled Channel '[id: 0x1d4e049a, L:/127.0.0.1:61579 - R:localhost/127.0.0.1:51390]' for 'GET' to 'http://localhost:51390/session/50e7d4686d37321868f7c71f99d431fc/screenshot'
11:15:03.804 [Forwarding screenshot on session 50e7d4686d37321868f7c71f99d431fc to remote] DEBUG org.asynchttpclient.netty.request.NettyRequestSender - Using open Channel [id: 0x1d4e049a, L:/127.0.0.1:61579 - R:localhost/127.0.0.1:51390] for GET '/session/50e7d4686d37321868f7c71f99d431fc/screenshot'
11:15:04.190 [AsyncHttpClient-1-7] DEBUG org.asynchttpclient.netty.handler.HttpHandler - 

Request DefaultFullHttpRequest(decodeResult: success, version: HTTP/1.1, content: EmptyByteBufBE)
GET /session/50e7d4686d37321868f7c71f99d431fc/screenshot HTTP/1.1
User-Agent: selenium/4.1.2 (java windows)
Cache-Control: no-cache
Content-Type: application/json; charset=utf-8
host: localhost:51390
accept: */*

Response DefaultHttpResponse(decodeResult: success, version: HTTP/1.1)
HTTP/1.1 200 OK
Content-Type: application/json; charset=utf-8
cache-control: no-cache
content-length: 414864

11:15:04.192 [AsyncHttpClient-1-7] DEBUG org.asynchttpclient.netty.channel.ChannelManager - Adding key: http://localhost:51390 for channel [id: 0x1d4e049a, L:/127.0.0.1:61579 - R:localhost/127.0.0.1:51390]
11:15:04.223 [main] DEBUG net.serenitybdd.core.photography.Darkroom - Send negative for processing for target\site\serenity\3dfadba510e1b021d85132c6a604bbc772f82493b6a3fba40c7779f747a0e6c0.png
11:15:04.224 [main] DEBUG net.thucydides.core.steps.StepInterceptor - STARTING STEP: PatientDataSteps.clickButtonSimpan - clickButtonSave
11:15:04.225 [Darkroom Processing Line] DEBUG net.serenitybdd.core.photography.DarkroomProcessingLine - Processing screenshot image in /var/screenshots/screenshot-3820415385779507170
11:15:04.225 [Darkroom Processing Line] DEBUG net.serenitybdd.core.photography.DarkroomProcessingLine - Saving screenshot to target\site\serenity\3dfadba510e1b021d85132c6a604bbc772f82493b6a3fba40c7779f747a0e6c0.png
11:15:04.234 [Forwarding findElement on session 50e7d4686d37321868f7c71f99d431fc to remote] DEBUG org.asynchttpclient.netty.request.NettyRequestSender - Using pooled Channel '[id: 0x1d4e049a, L:/127.0.0.1:61579 - R:localhost/127.0.0.1:51390]' for 'POST' to 'http://localhost:51390/session/50e7d4686d37321868f7c71f99d431fc/element'
11:15:04.234 [Forwarding findElement on session 50e7d4686d37321868f7c71f99d431fc to remote] DEBUG org.asynchttpclient.netty.request.NettyRequestSender - Using open Channel [id: 0x1d4e049a, L:/127.0.0.1:61579 - R:localhost/127.0.0.1:51390] for POST '/session/50e7d4686d37321868f7c71f99d431fc/element'
11:15:04.265 [AsyncHttpClient-1-7] DEBUG org.asynchttpclient.netty.handler.HttpHandler - 

Request DefaultHttpRequest(decodeResult: success, version: HTTP/1.1)
POST /session/50e7d4686d37321868f7c71f99d431fc/element HTTP/1.1
User-Agent: selenium/4.1.2 (java windows)
Content-Length: 149
Content-Type: application/json; charset=utf-8
host: localhost:51390
accept: */*

Response DefaultHttpResponse(decodeResult: success, version: HTTP/1.1)
HTTP/1.1 200 OK
Content-Type: application/json; charset=utf-8
cache-control: no-cache
content-length: 88

11:15:04.265 [AsyncHttpClient-1-7] DEBUG org.asynchttpclient.netty.channel.ChannelManager - Adding key: http://localhost:51390 for channel [id: 0x1d4e049a, L:/127.0.0.1:61579 - R:localhost/127.0.0.1:51390]
11:15:04.268 [Forwarding getElementTagName on session 50e7d4686d37321868f7c71f99d431fc to remote] DEBUG org.asynchttpclient.netty.request.NettyRequestSender - Using pooled Channel '[id: 0x1d4e049a, L:/127.0.0.1:61579 - R:localhost/127.0.0.1:51390]' for 'GET' to 'http://localhost:51390/session/50e7d4686d37321868f7c71f99d431fc/element/18aca560-a152-49ff-89cf-b7202238cc19/name'
11:15:04.268 [Forwarding getElementTagName on session 50e7d4686d37321868f7c71f99d431fc to remote] DEBUG org.asynchttpclient.netty.request.NettyRequestSender - Using open Channel [id: 0x1d4e049a, L:/127.0.0.1:61579 - R:localhost/127.0.0.1:51390] for GET '/session/50e7d4686d37321868f7c71f99d431fc/element/18aca560-a152-49ff-89cf-b7202238cc19/name'
11:15:04.276 [AsyncHttpClient-1-7] DEBUG org.asynchttpclient.netty.handler.HttpHandler - 

Request DefaultFullHttpRequest(decodeResult: success, version: HTTP/1.1, content: EmptyByteBufBE)
GET /session/50e7d4686d37321868f7c71f99d431fc/element/18aca560-a152-49ff-89cf-b7202238cc19/name HTTP/1.1
User-Agent: selenium/4.1.2 (java windows)
Cache-Control: no-cache
Content-Type: application/json; charset=utf-8
host: localhost:51390
accept: */*

Response DefaultHttpResponse(decodeResult: success, version: HTTP/1.1)
HTTP/1.1 200 OK
Content-Type: application/json; charset=utf-8
cache-control: no-cache
content-length: 18

11:15:04.276 [AsyncHttpClient-1-7] DEBUG org.asynchttpclient.netty.channel.ChannelManager - Adding key: http://localhost:51390 for channel [id: 0x1d4e049a, L:/127.0.0.1:61579 - R:localhost/127.0.0.1:51390]
11:15:04.279 [Forwarding getElementTagName on session 50e7d4686d37321868f7c71f99d431fc to remote] DEBUG org.asynchttpclient.netty.request.NettyRequestSender - Using pooled Channel '[id: 0x1d4e049a, L:/127.0.0.1:61579 - R:localhost/127.0.0.1:51390]' for 'GET' to 'http://localhost:51390/session/50e7d4686d37321868f7c71f99d431fc/element/18aca560-a152-49ff-89cf-b7202238cc19/name'
11:15:04.279 [Forwarding getElementTagName on session 50e7d4686d37321868f7c71f99d431fc to remote] DEBUG org.asynchttpclient.netty.request.NettyRequestSender - Using open Channel [id: 0x1d4e049a, L:/127.0.0.1:61579 - R:localhost/127.0.0.1:51390] for GET '/session/50e7d4686d37321868f7c71f99d431fc/element/18aca560-a152-49ff-89cf-b7202238cc19/name'
11:15:04.292 [AsyncHttpClient-1-7] DEBUG org.asynchttpclient.netty.handler.HttpHandler - 

Request DefaultFullHttpRequest(decodeResult: success, version: HTTP/1.1, content: EmptyByteBufBE)
GET /session/50e7d4686d37321868f7c71f99d431fc/element/18aca560-a152-49ff-89cf-b7202238cc19/name HTTP/1.1
User-Agent: selenium/4.1.2 (java windows)
Cache-Control: no-cache
Content-Type: application/json; charset=utf-8
host: localhost:51390
accept: */*

Response DefaultHttpResponse(decodeResult: success, version: HTTP/1.1)
HTTP/1.1 200 OK
Content-Type: application/json; charset=utf-8
cache-control: no-cache
content-length: 18

11:15:04.293 [AsyncHttpClient-1-7] DEBUG org.asynchttpclient.netty.channel.ChannelManager - Adding key: http://localhost:51390 for channel [id: 0x1d4e049a, L:/127.0.0.1:61579 - R:localhost/127.0.0.1:51390]
11:15:04.300 [Forwarding isElementEnabled on session 50e7d4686d37321868f7c71f99d431fc to remote] DEBUG org.asynchttpclient.netty.request.NettyRequestSender - Using pooled Channel '[id: 0x1d4e049a, L:/127.0.0.1:61579 - R:localhost/127.0.0.1:51390]' for 'GET' to 'http://localhost:51390/session/50e7d4686d37321868f7c71f99d431fc/element/18aca560-a152-49ff-89cf-b7202238cc19/enabled'
11:15:04.300 [Forwarding isElementEnabled on session 50e7d4686d37321868f7c71f99d431fc to remote] DEBUG org.asynchttpclient.netty.request.NettyRequestSender - Using open Channel [id: 0x1d4e049a, L:/127.0.0.1:61579 - R:localhost/127.0.0.1:51390] for GET '/session/50e7d4686d37321868f7c71f99d431fc/element/18aca560-a152-49ff-89cf-b7202238cc19/enabled'
11:15:04.324 [AsyncHttpClient-1-7] DEBUG org.asynchttpclient.netty.handler.HttpHandler - 

Request DefaultFullHttpRequest(decodeResult: success, version: HTTP/1.1, content: EmptyByteBufBE)
GET /session/50e7d4686d37321868f7c71f99d431fc/element/18aca560-a152-49ff-89cf-b7202238cc19/enabled HTTP/1.1
User-Agent: selenium/4.1.2 (java windows)
Cache-Control: no-cache
Content-Type: application/json; charset=utf-8
host: localhost:51390
accept: */*

Response DefaultHttpResponse(decodeResult: success, version: HTTP/1.1)
HTTP/1.1 200 OK
Content-Type: application/json; charset=utf-8
cache-control: no-cache
content-length: 14

11:15:04.324 [AsyncHttpClient-1-7] DEBUG org.asynchttpclient.netty.channel.ChannelManager - Adding key: http://localhost:51390 for channel [id: 0x1d4e049a, L:/127.0.0.1:61579 - R:localhost/127.0.0.1:51390]
11:15:04.326 [Forwarding isElementEnabled on session 50e7d4686d37321868f7c71f99d431fc to remote] DEBUG org.asynchttpclient.netty.request.NettyRequestSender - Using pooled Channel '[id: 0x1d4e049a, L:/127.0.0.1:61579 - R:localhost/127.0.0.1:51390]' for 'GET' to 'http://localhost:51390/session/50e7d4686d37321868f7c71f99d431fc/element/18aca560-a152-49ff-89cf-b7202238cc19/enabled'
11:15:04.326 [Forwarding isElementEnabled on session 50e7d4686d37321868f7c71f99d431fc to remote] DEBUG org.asynchttpclient.netty.request.NettyRequestSender - Using open Channel [id: 0x1d4e049a, L:/127.0.0.1:61579 - R:localhost/127.0.0.1:51390] for GET '/session/50e7d4686d37321868f7c71f99d431fc/element/18aca560-a152-49ff-89cf-b7202238cc19/enabled'
11:15:04.441 [AsyncHttpClient-1-7] DEBUG org.asynchttpclient.netty.handler.HttpHandler - 

Request DefaultFullHttpRequest(decodeResult: success, version: HTTP/1.1, content: EmptyByteBufBE)
GET /session/50e7d4686d37321868f7c71f99d431fc/element/18aca560-a152-49ff-89cf-b7202238cc19/enabled HTTP/1.1
User-Agent: selenium/4.1.2 (java windows)
Cache-Control: no-cache
Content-Type: application/json; charset=utf-8
host: localhost:51390
accept: */*

Response DefaultHttpResponse(decodeResult: success, version: HTTP/1.1)
HTTP/1.1 200 OK
Content-Type: application/json; charset=utf-8
cache-control: no-cache
content-length: 14

11:15:04.442 [AsyncHttpClient-1-7] DEBUG org.asynchttpclient.netty.channel.ChannelManager - Adding key: http://localhost:51390 for channel [id: 0x1d4e049a, L:/127.0.0.1:61579 - R:localhost/127.0.0.1:51390]
11:15:04.451 [Forwarding findElement on session 50e7d4686d37321868f7c71f99d431fc to remote] DEBUG org.asynchttpclient.netty.request.NettyRequestSender - Using pooled Channel '[id: 0x1d4e049a, L:/127.0.0.1:61579 - R:localhost/127.0.0.1:51390]' for 'POST' to 'http://localhost:51390/session/50e7d4686d37321868f7c71f99d431fc/element'
11:15:04.451 [Forwarding findElement on session 50e7d4686d37321868f7c71f99d431fc to remote] DEBUG org.asynchttpclient.netty.request.NettyRequestSender - Using open Channel [id: 0x1d4e049a, L:/127.0.0.1:61579 - R:localhost/127.0.0.1:51390] for POST '/session/50e7d4686d37321868f7c71f99d431fc/element'
11:15:04.475 [AsyncHttpClient-1-7] DEBUG org.asynchttpclient.netty.handler.HttpHandler - 

Request DefaultHttpRequest(decodeResult: success, version: HTTP/1.1)
POST /session/50e7d4686d37321868f7c71f99d431fc/element HTTP/1.1
User-Agent: selenium/4.1.2 (java windows)
Content-Length: 149
Content-Type: application/json; charset=utf-8
host: localhost:51390
accept: */*

Response DefaultHttpResponse(decodeResult: success, version: HTTP/1.1)
HTTP/1.1 200 OK
Content-Type: application/json; charset=utf-8
cache-control: no-cache
content-length: 88

11:15:04.475 [AsyncHttpClient-1-7] DEBUG org.asynchttpclient.netty.channel.ChannelManager - Adding key: http://localhost:51390 for channel [id: 0x1d4e049a, L:/127.0.0.1:61579 - R:localhost/127.0.0.1:51390]
11:15:04.477 [Forwarding clickElement on session 50e7d4686d37321868f7c71f99d431fc to remote] DEBUG org.asynchttpclient.netty.request.NettyRequestSender - Using pooled Channel '[id: 0x1d4e049a, L:/127.0.0.1:61579 - R:localhost/127.0.0.1:51390]' for 'POST' to 'http://localhost:51390/session/50e7d4686d37321868f7c71f99d431fc/element/18aca560-a152-49ff-89cf-b7202238cc19/click'
11:15:04.477 [Forwarding clickElement on session 50e7d4686d37321868f7c71f99d431fc to remote] DEBUG org.asynchttpclient.netty.request.NettyRequestSender - Using open Channel [id: 0x1d4e049a, L:/127.0.0.1:61579 - R:localhost/127.0.0.1:51390] for POST '/session/50e7d4686d37321868f7c71f99d431fc/element/18aca560-a152-49ff-89cf-b7202238cc19/click'
11:15:04.590 [AsyncHttpClient-1-7] DEBUG org.asynchttpclient.netty.handler.HttpHandler - 

Request DefaultHttpRequest(decodeResult: success, version: HTTP/1.1)
POST /session/50e7d4686d37321868f7c71f99d431fc/element/18aca560-a152-49ff-89cf-b7202238cc19/click HTTP/1.1
User-Agent: selenium/4.1.2 (java windows)
Content-Length: 50
Content-Type: application/json; charset=utf-8
host: localhost:51390
accept: */*

Response DefaultHttpResponse(decodeResult: success, version: HTTP/1.1)
HTTP/1.1 200 OK
Content-Type: application/json; charset=utf-8
cache-control: no-cache
content-length: 14

11:15:04.591 [AsyncHttpClient-1-7] DEBUG org.asynchttpclient.netty.channel.ChannelManager - Adding key: http://localhost:51390 for channel [id: 0x1d4e049a, L:/127.0.0.1:61579 - R:localhost/127.0.0.1:51390]
11:15:04.620 [Forwarding screenshot on session 50e7d4686d37321868f7c71f99d431fc to remote] DEBUG org.asynchttpclient.netty.request.NettyRequestSender - Using pooled Channel '[id: 0x1d4e049a, L:/127.0.0.1:61579 - R:localhost/127.0.0.1:51390]' for 'GET' to 'http://localhost:51390/session/50e7d4686d37321868f7c71f99d431fc/screenshot'
11:15:04.620 [Forwarding screenshot on session 50e7d4686d37321868f7c71f99d431fc to remote] DEBUG org.asynchttpclient.netty.request.NettyRequestSender - Using open Channel [id: 0x1d4e049a, L:/127.0.0.1:61579 - R:localhost/127.0.0.1:51390] for GET '/session/50e7d4686d37321868f7c71f99d431fc/screenshot'
11:15:04.636 [AsyncHttpClient-1-1] DEBUG org.asynchttpclient.netty.channel.DefaultChannelPool - Entry count for : http://localhost:61580 : 1
11:15:05.728 [AsyncHttpClient-1-1] DEBUG org.asynchttpclient.netty.channel.DefaultChannelPool - Entry count for : http://localhost:61580 : 1
11:15:05.764 [AsyncHttpClient-1-7] DEBUG org.asynchttpclient.netty.handler.HttpHandler - 

Request DefaultFullHttpRequest(decodeResult: success, version: HTTP/1.1, content: EmptyByteBufBE)
GET /session/50e7d4686d37321868f7c71f99d431fc/screenshot HTTP/1.1
User-Agent: selenium/4.1.2 (java windows)
Cache-Control: no-cache
Content-Type: application/json; charset=utf-8
host: localhost:51390
accept: */*

Response DefaultHttpResponse(decodeResult: success, version: HTTP/1.1)
HTTP/1.1 200 OK
Content-Type: application/json; charset=utf-8
cache-control: no-cache
content-length: 414488

11:15:05.769 [AsyncHttpClient-1-7] DEBUG org.asynchttpclient.netty.channel.ChannelManager - Adding key: http://localhost:51390 for channel [id: 0x1d4e049a, L:/127.0.0.1:61579 - R:localhost/127.0.0.1:51390]
11:15:05.811 [main] DEBUG net.serenitybdd.core.photography.Darkroom - Send negative for processing for target\site\serenity\6513bf4e1e9fd5cbeea93d7e145e300c9e5b0ef6cdcc558458494d5b5deedbe5.png
11:15:05.811 [main] DEBUG net.thucydides.core.steps.StepInterceptor - STEP DONE: clickButtonSave
  &amp#27;[32mAnd &amp#27;[0m&amp#27;[32mClick button simpan&amp#27;[0m                                         &amp#27;[90m# starter.stepdefinitios.PatientDataSteps.clickButtonSimpan()&amp#27;[0m
11:15:05.811 [Darkroom Processing Line] DEBUG net.serenitybdd.core.photography.DarkroomProcessingLine - Processing screenshot image in /var/screenshots/screenshot-6503758437424490390
11:15:05.811 [Darkroom Processing Line] DEBUG net.serenitybdd.core.photography.DarkroomProcessingLine - Saving screenshot to target\site\serenity\6513bf4e1e9fd5cbeea93d7e145e300c9e5b0ef6cdcc558458494d5b5deedbe5.png
11:15:05.873 [Forwarding screenshot on session 50e7d4686d37321868f7c71f99d431fc to remote] DEBUG org.asynchttpclient.netty.request.NettyRequestSender - Using pooled Channel '[id: 0x1d4e049a, L:/127.0.0.1:61579 - R:localhost/127.0.0.1:51390]' for 'GET' to 'http://localhost:51390/session/50e7d4686d37321868f7c71f99d431fc/screenshot'
11:15:05.873 [Forwarding screenshot on session 50e7d4686d37321868f7c71f99d431fc to remote] DEBUG org.asynchttpclient.netty.request.NettyRequestSender - Using open Channel [id: 0x1d4e049a, L:/127.0.0.1:61579 - R:localhost/127.0.0.1:51390] for GET '/session/50e7d4686d37321868f7c71f99d431fc/screenshot'
11:15:06.025 [AsyncHttpClient-1-7] DEBUG org.asynchttpclient.netty.handler.HttpHandler - 

Request DefaultFullHttpRequest(decodeResult: success, version: HTTP/1.1, content: EmptyByteBufBE)
GET /session/50e7d4686d37321868f7c71f99d431fc/screenshot HTTP/1.1
User-Agent: selenium/4.1.2 (java windows)
Cache-Control: no-cache
Content-Type: application/json; charset=utf-8
host: localhost:51390
accept: */*

Response DefaultHttpResponse(decodeResult: success, version: HTTP/1.1)
HTTP/1.1 500 Internal Server Error
Content-Type: application/json; charset=utf-8
cache-control: no-cache
content-length: 917

11:15:06.025 [AsyncHttpClient-1-7] DEBUG org.asynchttpclient.netty.channel.ChannelManager - Adding key: http://localhost:51390 for channel [id: 0x1d4e049a, L:/127.0.0.1:61579 - R:localhost/127.0.0.1:51390]
11:15:06.026 [main] WARN net.thucydides.core.webdriver.WebDriverFacade - Failed to take screenshot (unexpected alert open: {Alert text : data telah diubah}
  (Session info: chrome=102.0.5005.115): data telah diubah
Build info: version: '4.1.2', revision: '9a5a329c5a'
System info: host: 'MOOK-HON', ip: '192.168.100.6', os.name: 'Windows 10', os.arch: 'amd64', os.version: '10.0', java.version: '11.0.14'
Driver info: org.openqa.selenium.chrome.ChromeDriver
Command: [50e7d4686d37321868f7c71f99d431fc, screenshot {}]
Capabilities {acceptInsecureCerts: false, browserName: chrome, browserVersion: 102.0.5005.115, chrome: {chromedriverVersion: 102.0.5005.61 (0e59bcc00cc4..., userDataDir: C:\Users\ASUS\AppData\Local...}, goog:chromeOptions: {debuggerAddress: localhost:61580}, javascriptEnabled: true, networkConnectionEnabled: false, pageLoadStrategy: normal, platform: WINDOWS, platformName: WINDOWS, proxy: Proxy(), se:cdp: ws://localhost:61580/devtoo..., se:cdpVersion: 102.0.5005.115, setWindowRect: true, strictFileInteractability: false, timeouts: {implicit: 0, pageLoad: 300000, script: 30000}, unhandledPromptBehavior: dismiss and notify, webauthn:extension:credBlob: true, webauthn:extension:largeBlob: true, webauthn:virtualAuthenticators: true}
Session ID: 50e7d4686d37321868f7c71f99d431fc)
11:15:06.551 [Forwarding screenshot on session 50e7d4686d37321868f7c71f99d431fc to remote] DEBUG org.asynchttpclient.netty.request.NettyRequestSender - Using pooled Channel '[id: 0x1d4e049a, L:/127.0.0.1:61579 - R:localhost/127.0.0.1:51390]' for 'GET' to 'http://localhost:51390/session/50e7d4686d37321868f7c71f99d431fc/screenshot'
11:15:06.552 [Forwarding screenshot on session 50e7d4686d37321868f7c71f99d431fc to remote] DEBUG org.asynchttpclient.netty.request.NettyRequestSender - Using open Channel [id: 0x1d4e049a, L:/127.0.0.1:61579 - R:localhost/127.0.0.1:51390] for GET '/session/50e7d4686d37321868f7c71f99d431fc/screenshot'
11:15:06.818 [AsyncHttpClient-1-1] DEBUG org.asynchttpclient.netty.channel.DefaultChannelPool - Entry count for : http://localhost:61580 : 1
11:15:06.920 [AsyncHttpClient-1-7] DEBUG org.asynchttpclient.netty.handler.HttpHandler - 

Request DefaultFullHttpRequest(decodeResult: success, version: HTTP/1.1, content: EmptyByteBufBE)
GET /session/50e7d4686d37321868f7c71f99d431fc/screenshot HTTP/1.1
User-Agent: selenium/4.1.2 (java windows)
Cache-Control: no-cache
Content-Type: application/json; charset=utf-8
host: localhost:51390
accept: */*

Response DefaultHttpResponse(decodeResult: success, version: HTTP/1.1)
HTTP/1.1 200 OK
Content-Type: application/json; charset=utf-8
cache-control: no-cache
content-length: 414488

11:15:06.922 [AsyncHttpClient-1-7] DEBUG org.asynchttpclient.netty.channel.ChannelManager - Adding key: http://localhost:51390 for channel [id: 0x1d4e049a, L:/127.0.0.1:61579 - R:localhost/127.0.0.1:51390]
11:15:06.955 [main] DEBUG net.serenitybdd.core.photography.Darkroom - Send negative for processing for target\site\serenity\6513bf4e1e9fd5cbeea93d7e145e300c9e5b0ef6cdcc558458494d5b5deedbe5.png
11:15:06.956 [main] DEBUG net.thucydides.core.steps.StepInterceptor - STARTING STEP: PatientDataSteps.validEditData - clickButtonBack
11:15:06.979 [Forwarding findElement on session 50e7d4686d37321868f7c71f99d431fc to remote] DEBUG org.asynchttpclient.netty.request.NettyRequestSender - Using pooled Channel '[id: 0x1d4e049a, L:/127.0.0.1:61579 - R:localhost/127.0.0.1:51390]' for 'POST' to 'http://localhost:51390/session/50e7d4686d37321868f7c71f99d431fc/element'
11:15:06.979 [Forwarding findElement on session 50e7d4686d37321868f7c71f99d431fc to remote] DEBUG org.asynchttpclient.netty.request.NettyRequestSender - Using open Channel [id: 0x1d4e049a, L:/127.0.0.1:61579 - R:localhost/127.0.0.1:51390] for POST '/session/50e7d4686d37321868f7c71f99d431fc/element'
11:15:07.040 [AsyncHttpClient-1-7] DEBUG org.asynchttpclient.netty.handler.HttpHandler - 

Request DefaultHttpRequest(decodeResult: success, version: HTTP/1.1)
POST /session/50e7d4686d37321868f7c71f99d431fc/element HTTP/1.1
User-Agent: selenium/4.1.2 (java windows)
Content-Length: 137
Content-Type: application/json; charset=utf-8
host: localhost:51390
accept: */*

Response DefaultHttpResponse(decodeResult: success, version: HTTP/1.1)
HTTP/1.1 200 OK
Content-Type: application/json; charset=utf-8
cache-control: no-cache
content-length: 88

11:15:07.040 [AsyncHttpClient-1-7] DEBUG org.asynchttpclient.netty.channel.ChannelManager - Adding key: http://localhost:51390 for channel [id: 0x1d4e049a, L:/127.0.0.1:61579 - R:localhost/127.0.0.1:51390]
11:15:07.043 [Forwarding getElementTagName on session 50e7d4686d37321868f7c71f99d431fc to remote] DEBUG org.asynchttpclient.netty.request.NettyRequestSender - Using pooled Channel '[id: 0x1d4e049a, L:/127.0.0.1:61579 - R:localhost/127.0.0.1:51390]' for 'GET' to 'http://localhost:51390/session/50e7d4686d37321868f7c71f99d431fc/element/c8524e73-52bd-42e7-a664-e7f83032a362/name'
11:15:07.043 [Forwarding getElementTagName on session 50e7d4686d37321868f7c71f99d431fc to remote] DEBUG org.asynchttpclient.netty.request.NettyRequestSender - Using open Channel [id: 0x1d4e049a, L:/127.0.0.1:61579 - R:localhost/127.0.0.1:51390] for GET '/session/50e7d4686d37321868f7c71f99d431fc/element/c8524e73-52bd-42e7-a664-e7f83032a362/name'
11:15:07.143 [AsyncHttpClient-1-7] DEBUG org.asynchttpclient.netty.handler.HttpHandler - 

Request DefaultFullHttpRequest(decodeResult: success, version: HTTP/1.1, content: EmptyByteBufBE)
GET /session/50e7d4686d37321868f7c71f99d431fc/element/c8524e73-52bd-42e7-a664-e7f83032a362/name HTTP/1.1
User-Agent: selenium/4.1.2 (java windows)
Cache-Control: no-cache
Content-Type: application/json; charset=utf-8
host: localhost:51390
accept: */*

Response DefaultHttpResponse(decodeResult: success, version: HTTP/1.1)
HTTP/1.1 200 OK
Content-Type: application/json; charset=utf-8
cache-control: no-cache
content-length: 18

11:15:07.143 [AsyncHttpClient-1-7] DEBUG org.asynchttpclient.netty.channel.ChannelManager - Adding key: http://localhost:51390 for channel [id: 0x1d4e049a, L:/127.0.0.1:61579 - R:localhost/127.0.0.1:51390]
11:15:07.146 [Forwarding getElementTagName on session 50e7d4686d37321868f7c71f99d431fc to remote] DEBUG org.asynchttpclient.netty.request.NettyRequestSender - Using pooled Channel '[id: 0x1d4e049a, L:/127.0.0.1:61579 - R:localhost/127.0.0.1:51390]' for 'GET' to 'http://localhost:51390/session/50e7d4686d37321868f7c71f99d431fc/element/c8524e73-52bd-42e7-a664-e7f83032a362/name'
11:15:07.147 [Forwarding getElementTagName on session 50e7d4686d37321868f7c71f99d431fc to remote] DEBUG org.asynchttpclient.netty.request.NettyRequestSender - Using open Channel [id: 0x1d4e049a, L:/127.0.0.1:61579 - R:localhost/127.0.0.1:51390] for GET '/session/50e7d4686d37321868f7c71f99d431fc/element/c8524e73-52bd-42e7-a664-e7f83032a362/name'
11:15:07.189 [AsyncHttpClient-1-7] DEBUG org.asynchttpclient.netty.handler.HttpHandler - 

Request DefaultFullHttpRequest(decodeResult: success, version: HTTP/1.1, content: EmptyByteBufBE)
GET /session/50e7d4686d37321868f7c71f99d431fc/element/c8524e73-52bd-42e7-a664-e7f83032a362/name HTTP/1.1
User-Agent: selenium/4.1.2 (java windows)
Cache-Control: no-cache
Content-Type: application/json; charset=utf-8
host: localhost:51390
accept: */*

Response DefaultHttpResponse(decodeResult: success, version: HTTP/1.1)
HTTP/1.1 200 OK
Content-Type: application/json; charset=utf-8
cache-control: no-cache
content-length: 18

11:15:07.190 [AsyncHttpClient-1-7] DEBUG org.asynchttpclient.netty.channel.ChannelManager - Adding key: http://localhost:51390 for channel [id: 0x1d4e049a, L:/127.0.0.1:61579 - R:localhost/127.0.0.1:51390]
11:15:07.193 [Forwarding isElementEnabled on session 50e7d4686d37321868f7c71f99d431fc to remote] DEBUG org.asynchttpclient.netty.request.NettyRequestSender - Using pooled Channel '[id: 0x1d4e049a, L:/127.0.0.1:61579 - R:localhost/127.0.0.1:51390]' for 'GET' to 'http://localhost:51390/session/50e7d4686d37321868f7c71f99d431fc/element/c8524e73-52bd-42e7-a664-e7f83032a362/enabled'
11:15:07.193 [Forwarding isElementEnabled on session 50e7d4686d37321868f7c71f99d431fc to remote] DEBUG org.asynchttpclient.netty.request.NettyRequestSender - Using open Channel [id: 0x1d4e049a, L:/127.0.0.1:61579 - R:localhost/127.0.0.1:51390] for GET '/session/50e7d4686d37321868f7c71f99d431fc/element/c8524e73-52bd-42e7-a664-e7f83032a362/enabled'
11:15:07.262 [AsyncHttpClient-1-7] DEBUG org.asynchttpclient.netty.handler.HttpHandler - 

Request DefaultFullHttpRequest(decodeResult: success, version: HTTP/1.1, content: EmptyByteBufBE)
GET /session/50e7d4686d37321868f7c71f99d431fc/element/c8524e73-52bd-42e7-a664-e7f83032a362/enabled HTTP/1.1
User-Agent: selenium/4.1.2 (java windows)
Cache-Control: no-cache
Content-Type: application/json; charset=utf-8
host: localhost:51390
accept: */*

Response DefaultHttpResponse(decodeResult: success, version: HTTP/1.1)
HTTP/1.1 200 OK
Content-Type: application/json; charset=utf-8
cache-control: no-cache
content-length: 14

11:15:07.262 [AsyncHttpClient-1-7] DEBUG org.asynchttpclient.netty.channel.ChannelManager - Adding key: http://localhost:51390 for channel [id: 0x1d4e049a, L:/127.0.0.1:61579 - R:localhost/127.0.0.1:51390]
11:15:07.265 [Forwarding isElementEnabled on session 50e7d4686d37321868f7c71f99d431fc to remote] DEBUG org.asynchttpclient.netty.request.NettyRequestSender - Using pooled Channel '[id: 0x1d4e049a, L:/127.0.0.1:61579 - R:localhost/127.0.0.1:51390]' for 'GET' to 'http://localhost:51390/session/50e7d4686d37321868f7c71f99d431fc/element/c8524e73-52bd-42e7-a664-e7f83032a362/enabled'
11:15:07.265 [Forwarding isElementEnabled on session 50e7d4686d37321868f7c71f99d431fc to remote] DEBUG org.asynchttpclient.netty.request.NettyRequestSender - Using open Channel [id: 0x1d4e049a, L:/127.0.0.1:61579 - R:localhost/127.0.0.1:51390] for GET '/session/50e7d4686d37321868f7c71f99d431fc/element/c8524e73-52bd-42e7-a664-e7f83032a362/enabled'
11:15:07.280 [AsyncHttpClient-1-7] DEBUG org.asynchttpclient.netty.handler.HttpHandler - 

Request DefaultFullHttpRequest(decodeResult: success, version: HTTP/1.1, content: EmptyByteBufBE)
GET /session/50e7d4686d37321868f7c71f99d431fc/element/c8524e73-52bd-42e7-a664-e7f83032a362/enabled HTTP/1.1
User-Agent: selenium/4.1.2 (java windows)
Cache-Control: no-cache
Content-Type: application/json; charset=utf-8
host: localhost:51390
accept: */*

Response DefaultHttpResponse(decodeResult: success, version: HTTP/1.1)
HTTP/1.1 200 OK
Content-Type: application/json; charset=utf-8
cache-control: no-cache
content-length: 14

11:15:07.281 [AsyncHttpClient-1-7] DEBUG org.asynchttpclient.netty.channel.ChannelManager - Adding key: http://localhost:51390 for channel [id: 0x1d4e049a, L:/127.0.0.1:61579 - R:localhost/127.0.0.1:51390]
11:15:07.286 [Forwarding findElement on session 50e7d4686d37321868f7c71f99d431fc to remote] DEBUG org.asynchttpclient.netty.request.NettyRequestSender - Using pooled Channel '[id: 0x1d4e049a, L:/127.0.0.1:61579 - R:localhost/127.0.0.1:51390]' for 'POST' to 'http://localhost:51390/session/50e7d4686d37321868f7c71f99d431fc/element'
11:15:07.286 [Forwarding findElement on session 50e7d4686d37321868f7c71f99d431fc to remote] DEBUG org.asynchttpclient.netty.request.NettyRequestSender - Using open Channel [id: 0x1d4e049a, L:/127.0.0.1:61579 - R:localhost/127.0.0.1:51390] for POST '/session/50e7d4686d37321868f7c71f99d431fc/element'
11:15:07.310 [AsyncHttpClient-1-7] DEBUG org.asynchttpclient.netty.handler.HttpHandler - 

Request DefaultHttpRequest(decodeResult: success, version: HTTP/1.1)
POST /session/50e7d4686d37321868f7c71f99d431fc/element HTTP/1.1
User-Agent: selenium/4.1.2 (java windows)
Content-Length: 137
Content-Type: application/json; charset=utf-8
host: localhost:51390
accept: */*

Response DefaultHttpResponse(decodeResult: success, version: HTTP/1.1)
HTTP/1.1 200 OK
Content-Type: application/json; charset=utf-8
cache-control: no-cache
content-length: 88

11:15:07.310 [AsyncHttpClient-1-7] DEBUG org.asynchttpclient.netty.channel.ChannelManager - Adding key: http://localhost:51390 for channel [id: 0x1d4e049a, L:/127.0.0.1:61579 - R:localhost/127.0.0.1:51390]
11:15:07.316 [Forwarding clickElement on session 50e7d4686d37321868f7c71f99d431fc to remote] DEBUG org.asynchttpclient.netty.request.NettyRequestSender - Using pooled Channel '[id: 0x1d4e049a, L:/127.0.0.1:61579 - R:localhost/127.0.0.1:51390]' for 'POST' to 'http://localhost:51390/session/50e7d4686d37321868f7c71f99d431fc/element/c8524e73-52bd-42e7-a664-e7f83032a362/click'
11:15:07.316 [Forwarding clickElement on session 50e7d4686d37321868f7c71f99d431fc to remote] DEBUG org.asynchttpclient.netty.request.NettyRequestSender - Using open Channel [id: 0x1d4e049a, L:/127.0.0.1:61579 - R:localhost/127.0.0.1:51390] for POST '/session/50e7d4686d37321868f7c71f99d431fc/element/c8524e73-52bd-42e7-a664-e7f83032a362/click'
11:15:07.678 [AsyncHttpClient-1-7] DEBUG org.asynchttpclient.netty.handler.HttpHandler - 

Request DefaultHttpRequest(decodeResult: success, version: HTTP/1.1)
POST /session/50e7d4686d37321868f7c71f99d431fc/element/c8524e73-52bd-42e7-a664-e7f83032a362/click HTTP/1.1
User-Agent: selenium/4.1.2 (java windows)
Content-Length: 50
Content-Type: application/json; charset=utf-8
host: localhost:51390
accept: */*

Response DefaultHttpResponse(decodeResult: success, version: HTTP/1.1)
HTTP/1.1 200 OK
Content-Type: application/json; charset=utf-8
cache-control: no-cache
content-length: 14

11:15:07.678 [AsyncHttpClient-1-7] DEBUG org.asynchttpclient.netty.channel.ChannelManager - Adding key: http://localhost:51390 for channel [id: 0x1d4e049a, L:/127.0.0.1:61579 - R:localhost/127.0.0.1:51390]
11:15:07.708 [Forwarding screenshot on session 50e7d4686d37321868f7c71f99d431fc to remote] DEBUG org.asynchttpclient.netty.request.NettyRequestSender - Using pooled Channel '[id: 0x1d4e049a, L:/127.0.0.1:61579 - R:localhost/127.0.0.1:51390]' for 'GET' to 'http://localhost:51390/session/50e7d4686d37321868f7c71f99d431fc/screenshot'
11:15:07.708 [Forwarding screenshot on session 50e7d4686d37321868f7c71f99d431fc to remote] DEBUG org.asynchttpclient.netty.request.NettyRequestSender - Using open Channel [id: 0x1d4e049a, L:/127.0.0.1:61579 - R:localhost/127.0.0.1:51390] for GET '/session/50e7d4686d37321868f7c71f99d431fc/screenshot'
11:15:07.923 [AsyncHttpClient-1-1] DEBUG org.asynchttpclient.netty.channel.DefaultChannelPool - Entry count for : http://localhost:61580 : 1
11:15:08.245 [AsyncHttpClient-1-7] DEBUG org.asynchttpclient.netty.handler.HttpHandler - 

Request DefaultFullHttpRequest(decodeResult: success, version: HTTP/1.1, content: EmptyByteBufBE)
GET /session/50e7d4686d37321868f7c71f99d431fc/screenshot HTTP/1.1
User-Agent: selenium/4.1.2 (java windows)
Cache-Control: no-cache
Content-Type: application/json; charset=utf-8
host: localhost:51390
accept: */*

Response DefaultHttpResponse(decodeResult: success, version: HTTP/1.1)
HTTP/1.1 200 OK
Content-Type: application/json; charset=utf-8
cache-control: no-cache
content-length: 392816

11:15:08.247 [AsyncHttpClient-1-7] DEBUG org.asynchttpclient.netty.channel.ChannelManager - Adding key: http://localhost:51390 for channel [id: 0x1d4e049a, L:/127.0.0.1:61579 - R:localhost/127.0.0.1:51390]
11:15:08.279 [main] DEBUG net.serenitybdd.core.photography.Darkroom - Send negative for processing for target\site\serenity\825fb35c1720409216e693686f6918cc565ee5cab7ad29779d51bb15e724cddb.png
11:15:08.280 [main] DEBUG net.thucydides.core.steps.StepInterceptor - STEP DONE: clickButtonBack
11:15:08.303 [main] DEBUG net.thucydides.core.steps.StepInterceptor - STARTING STEP: PatientDataSteps.validEditData - checkValidDataPasien
11:15:08.316 [Forwarding findElement on session 50e7d4686d37321868f7c71f99d431fc to remote] DEBUG org.asynchttpclient.netty.request.NettyRequestSender - Using pooled Channel '[id: 0x1d4e049a, L:/127.0.0.1:61579 - R:localhost/127.0.0.1:51390]' for 'POST' to 'http://localhost:51390/session/50e7d4686d37321868f7c71f99d431fc/element'
11:15:08.316 [Forwarding findElement on session 50e7d4686d37321868f7c71f99d431fc to remote] DEBUG org.asynchttpclient.netty.request.NettyRequestSender - Using open Channel [id: 0x1d4e049a, L:/127.0.0.1:61579 - R:localhost/127.0.0.1:51390] for POST '/session/50e7d4686d37321868f7c71f99d431fc/element'
11:15:08.356 [AsyncHttpClient-1-7] DEBUG org.asynchttpclient.netty.handler.HttpHandler - 

Request DefaultHttpRequest(decodeResult: success, version: HTTP/1.1)
POST /session/50e7d4686d37321868f7c71f99d431fc/element HTTP/1.1
User-Agent: selenium/4.1.2 (java windows)
Content-Length: 95
Content-Type: application/json; charset=utf-8
host: localhost:51390
accept: */*

Response DefaultHttpResponse(decodeResult: success, version: HTTP/1.1)
HTTP/1.1 200 OK
Content-Type: application/json; charset=utf-8
cache-control: no-cache
content-length: 88

11:15:08.356 [AsyncHttpClient-1-7] DEBUG org.asynchttpclient.netty.channel.ChannelManager - Adding key: http://localhost:51390 for channel [id: 0x1d4e049a, L:/127.0.0.1:61579 - R:localhost/127.0.0.1:51390]
11:15:08.358 [Forwarding isElementEnabled on session 50e7d4686d37321868f7c71f99d431fc to remote] DEBUG org.asynchttpclient.netty.request.NettyRequestSender - Using pooled Channel '[id: 0x1d4e049a, L:/127.0.0.1:61579 - R:localhost/127.0.0.1:51390]' for 'GET' to 'http://localhost:51390/session/50e7d4686d37321868f7c71f99d431fc/element/db9cd2ff-4cae-48a6-8d39-24ccfd358421/enabled'
11:15:08.358 [Forwarding isElementEnabled on session 50e7d4686d37321868f7c71f99d431fc to remote] DEBUG org.asynchttpclient.netty.request.NettyRequestSender - Using open Channel [id: 0x1d4e049a, L:/127.0.0.1:61579 - R:localhost/127.0.0.1:51390] for GET '/session/50e7d4686d37321868f7c71f99d431fc/element/db9cd2ff-4cae-48a6-8d39-24ccfd358421/enabled'
11:15:08.393 [AsyncHttpClient-1-7] DEBUG org.asynchttpclient.netty.handler.HttpHandler - 

Request DefaultFullHttpRequest(decodeResult: success, version: HTTP/1.1, content: EmptyByteBufBE)
GET /session/50e7d4686d37321868f7c71f99d431fc/element/db9cd2ff-4cae-48a6-8d39-24ccfd358421/enabled HTTP/1.1
User-Agent: selenium/4.1.2 (java windows)
Cache-Control: no-cache
Content-Type: application/json; charset=utf-8
host: localhost:51390
accept: */*

Response DefaultHttpResponse(decodeResult: success, version: HTTP/1.1)
HTTP/1.1 200 OK
Content-Type: application/json; charset=utf-8
cache-control: no-cache
content-length: 14

11:15:08.393 [AsyncHttpClient-1-7] DEBUG org.asynchttpclient.netty.channel.ChannelManager - Adding key: http://localhost:51390 for channel [id: 0x1d4e049a, L:/127.0.0.1:61579 - R:localhost/127.0.0.1:51390]
11:15:08.408 [Forwarding screenshot on session 50e7d4686d37321868f7c71f99d431fc to remote] DEBUG org.asynchttpclient.netty.request.NettyRequestSender - Using pooled Channel '[id: 0x1d4e049a, L:/127.0.0.1:61579 - R:localhost/127.0.0.1:51390]' for 'GET' to 'http://localhost:51390/session/50e7d4686d37321868f7c71f99d431fc/screenshot'
11:15:08.408 [Forwarding screenshot on session 50e7d4686d37321868f7c71f99d431fc to remote] DEBUG org.asynchttpclient.netty.request.NettyRequestSender - Using open Channel [id: 0x1d4e049a, L:/127.0.0.1:61579 - R:localhost/127.0.0.1:51390] for GET '/session/50e7d4686d37321868f7c71f99d431fc/screenshot'
11:15:08.865 [AsyncHttpClient-1-7] DEBUG org.asynchttpclient.netty.handler.HttpHandler - 

Request DefaultFullHttpRequest(decodeResult: success, version: HTTP/1.1, content: EmptyByteBufBE)
GET /session/50e7d4686d37321868f7c71f99d431fc/screenshot HTTP/1.1
User-Agent: selenium/4.1.2 (java windows)
Cache-Control: no-cache
Content-Type: application/json; charset=utf-8
host: localhost:51390
accept: */*

Response DefaultHttpResponse(decodeResult: success, version: HTTP/1.1)
HTTP/1.1 200 OK
Content-Type: application/json; charset=utf-8
cache-control: no-cache
content-length: 410600

11:15:08.868 [AsyncHttpClient-1-7] DEBUG org.asynchttpclient.netty.channel.ChannelManager - Adding key: http://localhost:51390 for channel [id: 0x1d4e049a, L:/127.0.0.1:61579 - R:localhost/127.0.0.1:51390]
11:15:08.899 [main] DEBUG net.serenitybdd.core.photography.Darkroom - Send negative for processing for target\site\serenity\f4b03b47e65600d3d7b2d162629a5d791e2cfbb57900d9461bcf29ba9a8232ea.png
11:15:08.899 [main] DEBUG net.thucydides.core.steps.StepInterceptor - STEP DONE: checkValidDataPasien
  &amp#27;[32mAnd &amp#27;[0m&amp#27;[32mValid edit data&amp#27;[0m                                             &amp#27;[90m# starter.stepdefinitios.PatientDataSteps.validEditData()&amp#27;[0m
11:15:08.941 [AsyncHttpClient-1-9] DEBUG org.asynchttpclient.netty.handler.WebSocketHandler - Channel Closed: [id: 0x238b9614, L:/127.0.0.1:61592 ! R:localhost/127.0.0.1:61580] with attribute NettyResponseFuture{currentRetry=5,
	isDone=1,
	isCancelled=0,
	asyncHandler=org.asynchttpclient.ws.WebSocketUpgradeHandler@43e9609c,
	nettyRequest=org.asynchttpclient.netty.request.NettyRequest@50ce61c4,
	future=java.util.concurrent.CompletableFuture@25fe2a8[Completed normally],
	uri=ws://localhost:61580/devtools/browser/d1299b3f-cea9-4be1-a7c4-7f17f4b942ee,
	keepAlive=true,
	redirectCount=0,
	timeoutsHolder=null,
	inAuth=0,
	touch=1655525689524}
11:15:08.941 [AsyncHttpClient-1-9] DEBUG org.asynchttpclient.netty.channel.ChannelManager - Closing Channel [id: 0x238b9614, L:/127.0.0.1:61592 ! R:localhost/127.0.0.1:61580] 
11:15:08.942 [Driver Command Executor] DEBUG org.asynchttpclient.netty.request.NettyRequestSender - Using pooled Channel '[id: 0x1d4e049a, L:/127.0.0.1:61579 - R:localhost/127.0.0.1:51390]' for 'DELETE' to 'http://localhost:51390/session/50e7d4686d37321868f7c71f99d431fc'
11:15:08.942 [Driver Command Executor] DEBUG org.asynchttpclient.netty.request.NettyRequestSender - Using open Channel [id: 0x1d4e049a, L:/127.0.0.1:61579 - R:localhost/127.0.0.1:51390] for DELETE '/session/50e7d4686d37321868f7c71f99d431fc'
11:15:09.023 [AsyncHttpClient-1-1] DEBUG org.asynchttpclient.netty.channel.DefaultChannelPool - Entry count for : http://localhost:61580 : 1
11:15:09.276 [AsyncHttpClient-1-8] DEBUG org.asynchttpclient.netty.handler.HttpHandler - Unexpected I/O exception on channel [id: 0xc26307ef, L:/127.0.0.1:61591 - R:localhost/127.0.0.1:61580]
java.io.IOException: An existing connection was forcibly closed by the remote host
	at java.base/sun.nio.ch.SocketDispatcher.read0(Native Method)
	at java.base/sun.nio.ch.SocketDispatcher.read(SocketDispatcher.java:43)
	at java.base/sun.nio.ch.IOUtil.readIntoNativeBuffer(IOUtil.java:276)
	at java.base/sun.nio.ch.IOUtil.read(IOUtil.java:233)
	at java.base/sun.nio.ch.IOUtil.read(IOUtil.java:223)
	at java.base/sun.nio.ch.SocketChannelImpl.read(SocketChannelImpl.java:358)
	at io.netty.buffer.PooledByteBuf.setBytes(PooledByteBuf.java:258)
	at io.netty.buffer.AbstractByteBuf.writeBytes(AbstractByteBuf.java:1132)
	at io.netty.channel.socket.nio.NioSocketChannel.doReadBytes(NioSocketChannel.java:350)
	at io.netty.channel.nio.AbstractNioByteChannel$NioByteUnsafe.read(AbstractNioByteChannel.java:151)
	at io.netty.channel.nio.NioEventLoop.processSelectedKey(NioEventLoop.java:722)
	at io.netty.channel.nio.NioEventLoop.processSelectedKeysOptimized(NioEventLoop.java:658)
	at io.netty.channel.nio.NioEventLoop.processSelectedKeys(NioEventLoop.java:584)
	at io.netty.channel.nio.NioEventLoop.run(NioEventLoop.java:496)
	at io.netty.util.concurrent.SingleThreadEventExecutor$4.run(SingleThreadEventExecutor.java:986)
	at io.netty.util.internal.ThreadExecutorMap$2.run(ThreadExecutorMap.java:74)
	at io.netty.util.concurrent.FastThreadLocalRunnable.run(FastThreadLocalRunnable.java:30)
	at java.base/java.lang.Thread.run(Thread.java:834)
11:15:09.276 [AsyncHttpClient-1-8] DEBUG org.asynchttpclient.netty.channel.ChannelManager - Closing Channel [id: 0xc26307ef, L:/127.0.0.1:61591 - R:localhost/127.0.0.1:61580] 
11:15:09.276 [AsyncHttpClient-1-8] DEBUG org.asynchttpclient.netty.handler.HttpHandler - Channel Closed: [id: 0xc26307ef, L:/127.0.0.1:61591 ! R:localhost/127.0.0.1:61580] with attribute DISCARD
11:15:09.343 [AsyncHttpClient-1-7] DEBUG org.asynchttpclient.netty.handler.HttpHandler - 

Request DefaultFullHttpRequest(decodeResult: success, version: HTTP/1.1, content: EmptyByteBufBE)
DELETE /session/50e7d4686d37321868f7c71f99d431fc HTTP/1.1
User-Agent: selenium/4.1.2 (java windows)
Content-Type: application/json; charset=utf-8
host: localhost:51390
accept: */*

Response DefaultHttpResponse(decodeResult: success, version: HTTP/1.1)
HTTP/1.1 200 OK
Content-Type: application/json; charset=utf-8
cache-control: no-cache
content-length: 14

11:15:09.343 [AsyncHttpClient-1-7] DEBUG org.asynchttpclient.netty.channel.ChannelManager - Adding key: http://localhost:51390 for channel [id: 0x1d4e049a, L:/127.0.0.1:61579 - R:localhost/127.0.0.1:51390]
11:15:09.740 [AsyncHttpClient-1-7] DEBUG org.asynchttpclient.netty.handler.HttpHandler - Channel Closed: [id: 0x1d4e049a, L:/127.0.0.1:61579 ! R:localhost/127.0.0.1:51390] with attribute DISCARD
11:15:10.113 [AsyncHttpClient-1-1] DEBUG org.asynchttpclient.netty.channel.DefaultChannelPool - Entry count for : http://localhost:51390 : 1
11:15:10.113 [AsyncHttpClient-1-1] DEBUG org.asynchttpclient.netty.channel.DefaultChannelPool - Entry count for : http://localhost:61580 : 1
11:15:10.113 [AsyncHttpClient-1-1] DEBUG org.asynchttpclient.netty.channel.DefaultChannelPool - Adding Candidate expired Channel [id: 0x1d4e049a, L:/127.0.0.1:61579 ! R:localhost/127.0.0.1:51390] isIdleTimeoutExpired=false isRemotelyClosed=true isTtlExpired=false
11:15:10.113 [AsyncHttpClient-1-1] DEBUG org.asynchttpclient.netty.channel.DefaultChannelPool - Closing Idle Channel [id: 0x1d4e049a, L:/127.0.0.1:61579 ! R:localhost/127.0.0.1:51390]
11:15:10.113 [AsyncHttpClient-1-1] DEBUG org.asynchttpclient.netty.channel.DefaultChannelPool - Adding Candidate expired Channel [id: 0xc26307ef, L:/127.0.0.1:61591 ! R:localhost/127.0.0.1:61580] isIdleTimeoutExpired=false isRemotelyClosed=true isTtlExpired=false
11:15:10.113 [AsyncHttpClient-1-1] DEBUG org.asynchttpclient.netty.channel.DefaultChannelPool - Closing Idle Channel [id: 0xc26307ef, L:/127.0.0.1:61591 ! R:localhost/127.0.0.1:61580]
11:15:10.113 [AsyncHttpClient-1-1] DEBUG org.asynchttpclient.netty.channel.DefaultChannelPool - Closed 2 connections out of 2 in 0 ms
]]></system-out>
    <system-err><![CDATA[Starting ChromeDriver 102.0.5005.61 (0e59bcc00cc4985ce39ad31c150065f159d95ad3-refs/branch-heads/5005@{#819}) on port 51390
Only local connections are allowed.
Please see https://chromedriver.chromium.org/security-considerations for suggestions on keeping ChromeDriver safe.
ChromeDriver was started successfully.
Jun 18, 2022 11:14:49 AM org.openqa.selenium.remote.ProtocolHandshake createSession
INFO: Detected dialect: W3C
Jun 18, 2022 11:14:49 AM org.openqa.selenium.devtools.CdpVersionFinder findNearestMatch
WARNING: Unable to find an exact match for CDP version 102, so returning the closest version found: a no-op implementation
Jun 18, 2022 11:14:49 AM org.openqa.selenium.devtools.CdpVersionFinder findNearestMatch
INFO: Unable to find CDP implementation matching 102.
Jun 18, 2022 11:14:49 AM org.openqa.selenium.chromium.ChromiumDriver lambda$new$3
WARNING: Unable to find version of CDP to use for . You may need to include a dependency on a specific version of the CDP using something similar to `org.seleniumhq.selenium:selenium-devtools-v86:4.1.2` where the version ("v86") matches the version of the chromium-based browser you're using and the version number of the artifact is the same as Selenium's.
]]></system-err>
  </testcase>
  <testcase name="As a admin i want to delete data pasien #1" classname="Search Data Pasien - Admin" time="10.156">
    <system-out><![CDATA[11:15:10.274 [main] INFO io.cucumber.core.plugin.SerenityReporter - Running feature from file:///D:/New%20folder%20(2)/Capstone/Testing/src/test/resources/features/SearchDataPasien.feature
11:15:10.285 [main] DEBUG net.thucydides.core.steps.StepEventBus - Test suite started for story net.thucydides.core.model.Story@f6530d7a
11:15:10.286 [main] INFO  - Test Suite Started: Search Data Pasien - Admin

@SearchDataPasien @SearchPatientData
Scenario Outline: As a admin i want to delete data pasien &amp#27;[90m# src/test/resources/features/SearchDataPasien.feature:13&amp#27;[0m
11:15:10.305 [main] INFO io.cucumber.core.plugin.SerenityReporter - Running feature from file:///D:/New%20folder%20(2)/Capstone/Testing/src/test/resources/features/SearchDataPasien.feature
11:15:10.316 [main] INFO  - 
  _____   ___   ___   _____     ___   _____     _     ___   _____   ___   ___  
 |_   _| | __| / __| |_   _|   / __| |_   _|   /_\   | _ \ |_   _| | __| |   \ 
   | |   | _|  \__ \   | |     \__ \   | |    / _ \  |   /   | |   | _|  | |) |
   |_|   |___| |___/   |_|     |___/   |_|   /_/ \_\ |_|_\   |_|   |___| |___/ 

As a admin i want to delete data pasien(search-data-pasien---admin;as-a-admin-i-want-to-delete-data-pasien)
--------------------------------------------------------------------------------
11:15:10.391 [main] DEBUG net.thucydides.core.steps.StepInterceptor - STARTING STEP: PatientDataSteps.openPageDataPasien - openDataPasien
11:15:10.395 [main] INFO net.serenitybdd.core.webdriver.driverproviders.ChromeDriverProvider - Using automatically driver download
11:15:10.759 [main] DEBUG io.github.bonigarcia.wdm.cache.ResolutionCache - Resolution chrome=102 in cache (valid until 12:10:27 18/06/2022 ICT)
11:15:10.790 [main] DEBUG io.github.bonigarcia.wdm.cache.ResolutionCache - Resolution chrome102=102.0.5005.61 in cache (valid until 19:49:35 18/06/2022 ICT)
11:15:10.802 [main] INFO io.github.bonigarcia.wdm.WebDriverManager - Using chromedriver 102.0.5005.61 (resolved driver for Chrome 102)
11:15:10.859 [main] DEBUG io.github.bonigarcia.wdm.WebDriverManager - Driver chromedriver 102.0.5005.61 found in cache
11:15:10.861 [main] INFO io.github.bonigarcia.wdm.WebDriverManager - Exporting webdriver.chrome.driver as C:\Users\ASUS\.cache\selenium\chromedriver\win32\102.0.5005.61\chromedriver.exe
11:15:11.119 [main] DEBUG net.serenitybdd.core.webdriver.driverproviders.ProvideNewDriver - Instantiating driver
11:15:11.119 [main] DEBUG net.serenitybdd.core.webdriver.driverproviders.ProvideNewDriver - Driver capabilities: Capabilities {acceptInsecureCerts: false, base.url: https://fanciful-trifle-360..., browserName: chrome, chore.driver: src/test/resources/webdrive..., driver: chrome, goog:chromeOptions: {args: [], extensions: []}}
11:15:11.679 [AsyncHttpClient-1-2] DEBUG org.asynchttpclient.netty.channel.NettyConnectListener - Using new Channel '[id: 0x597b1087, L:/127.0.0.1:61628 - R:localhost/127.0.0.1:60290]' for 'POST' to '/session'
11:15:13.661 [AsyncHttpClient-1-2] DEBUG org.asynchttpclient.netty.handler.HttpHandler - 

Request DefaultHttpRequest(decodeResult: success, version: HTTP/1.1)
POST /session HTTP/1.1
User-Agent: selenium/4.1.2 (java windows)
Content-Length: 628
Content-Type: application/json; charset=utf-8
host: localhost:60290
accept: */*

Response DefaultHttpResponse(decodeResult: success, version: HTTP/1.1)
HTTP/1.1 200 OK
Content-Type: application/json; charset=utf-8
cache-control: no-cache
content-length: 790

11:15:13.661 [AsyncHttpClient-1-2] DEBUG org.asynchttpclient.netty.channel.ChannelManager - Adding key: http://localhost:60290 for channel [id: 0x597b1087, L:/127.0.0.1:61628 - R:localhost/127.0.0.1:60290]
11:15:13.697 [AsyncHttpClient-1-3] DEBUG org.asynchttpclient.netty.channel.NettyConnectListener - Using new Channel '[id: 0x0d7eb8ad, L:/127.0.0.1:61640 - R:localhost/127.0.0.1:61629]' for 'GET' to '/json/version'
11:15:13.706 [AsyncHttpClient-1-3] DEBUG org.asynchttpclient.netty.handler.HttpHandler - 

Request DefaultFullHttpRequest(decodeResult: success, version: HTTP/1.1, content: EmptyByteBufBE)
GET /json/version HTTP/1.1
User-Agent: selenium/4.1.2 (java windows)
host: localhost:61629
accept: */*

Response DefaultHttpResponse(decodeResult: success, version: HTTP/1.1)
HTTP/1.1 200 OK
Content-Type: application/json; charset=UTF-8
content-length: 428

11:15:13.706 [AsyncHttpClient-1-3] DEBUG org.asynchttpclient.netty.channel.ChannelManager - Adding key: http://localhost:61629 for channel [id: 0x0d7eb8ad, L:/127.0.0.1:61640 - R:localhost/127.0.0.1:61629]
11:15:13.724 [AsyncHttpClient-1-4] DEBUG org.asynchttpclient.netty.channel.NettyConnectListener - Using new Channel '[id: 0x103c8a18, L:/127.0.0.1:61641 - R:localhost/127.0.0.1:61629]' for 'GET' to '/devtools/browser/37707ec0-a981-4c33-9ca8-a892db9e7252'
11:15:13.733 [AsyncHttpClient-1-4] DEBUG org.asynchttpclient.netty.handler.WebSocketHandler - 

Request DefaultFullHttpRequest(decodeResult: success, version: HTTP/1.1, content: EmptyByteBufBE)
GET /devtools/browser/37707ec0-a981-4c33-9ca8-a892db9e7252 HTTP/1.1
upgrade: websocket
connection: upgrade
sec-websocket-key: g3pPeon1f6cW93JK3WhvMQ==
sec-websocket-version: 13
origin: http://localhost:61629
host: localhost:61629
accept: */*
user-agent: AHC/2.1

Response DefaultHttpResponse(decodeResult: success, version: HTTP/1.1)
HTTP/1.1 101 WebSocket Protocol Handshake
Upgrade: WebSocket
Connection: Upgrade
Sec-WebSocket-Accept: IlvDgwa7ZX5bN7xfncNyWvCpX6A=

11:15:13.749 [Forwarding get on session 9d8feac7523dd04c3466de99d00142ed to remote] DEBUG org.asynchttpclient.netty.request.NettyRequestSender - Using pooled Channel '[id: 0x597b1087, L:/127.0.0.1:61628 - R:localhost/127.0.0.1:60290]' for 'POST' to 'http://localhost:60290/session/9d8feac7523dd04c3466de99d00142ed/url'
11:15:13.750 [Forwarding get on session 9d8feac7523dd04c3466de99d00142ed to remote] DEBUG org.asynchttpclient.netty.request.NettyRequestSender - Using open Channel [id: 0x597b1087, L:/127.0.0.1:61628 - R:localhost/127.0.0.1:60290] for POST '/session/9d8feac7523dd04c3466de99d00142ed/url'
11:15:14.514 [AsyncHttpClient-1-1] DEBUG org.asynchttpclient.netty.channel.DefaultChannelPool - Entry count for : http://localhost:61629 : 1
11:15:15.180 [AsyncHttpClient-1-2] DEBUG org.asynchttpclient.netty.handler.HttpHandler - 

Request DefaultHttpRequest(decodeResult: success, version: HTTP/1.1)
POST /session/9d8feac7523dd04c3466de99d00142ed/url HTTP/1.1
User-Agent: selenium/4.1.2 (java windows)
Content-Length: 84
Content-Type: application/json; charset=utf-8
host: localhost:60290
accept: */*

Response DefaultHttpResponse(decodeResult: success, version: HTTP/1.1)
HTTP/1.1 200 OK
Content-Type: application/json; charset=utf-8
cache-control: no-cache
content-length: 14

11:15:15.180 [AsyncHttpClient-1-2] DEBUG org.asynchttpclient.netty.channel.ChannelManager - Adding key: http://localhost:60290 for channel [id: 0x597b1087, L:/127.0.0.1:61628 - R:localhost/127.0.0.1:60290]
11:15:15.184 [Forwarding setTimeout on session 9d8feac7523dd04c3466de99d00142ed to remote] DEBUG org.asynchttpclient.netty.request.NettyRequestSender - Using pooled Channel '[id: 0x597b1087, L:/127.0.0.1:61628 - R:localhost/127.0.0.1:60290]' for 'POST' to 'http://localhost:60290/session/9d8feac7523dd04c3466de99d00142ed/timeouts'
11:15:15.184 [Forwarding setTimeout on session 9d8feac7523dd04c3466de99d00142ed to remote] DEBUG org.asynchttpclient.netty.request.NettyRequestSender - Using open Channel [id: 0x597b1087, L:/127.0.0.1:61628 - R:localhost/127.0.0.1:60290] for POST '/session/9d8feac7523dd04c3466de99d00142ed/timeouts'
11:15:15.186 [AsyncHttpClient-1-2] DEBUG org.asynchttpclient.netty.handler.HttpHandler - 

Request DefaultHttpRequest(decodeResult: success, version: HTTP/1.1)
POST /session/9d8feac7523dd04c3466de99d00142ed/timeouts HTTP/1.1
User-Agent: selenium/4.1.2 (java windows)
Content-Length: 22
Content-Type: application/json; charset=utf-8
host: localhost:60290
accept: */*

Response DefaultHttpResponse(decodeResult: success, version: HTTP/1.1)
HTTP/1.1 200 OK
Content-Type: application/json; charset=utf-8
cache-control: no-cache
content-length: 14

11:15:15.187 [AsyncHttpClient-1-2] DEBUG org.asynchttpclient.netty.channel.ChannelManager - Adding key: http://localhost:60290 for channel [id: 0x597b1087, L:/127.0.0.1:61628 - R:localhost/127.0.0.1:60290]
11:15:15.193 [Forwarding getCurrentUrl on session 9d8feac7523dd04c3466de99d00142ed to remote] DEBUG org.asynchttpclient.netty.request.NettyRequestSender - Using pooled Channel '[id: 0x597b1087, L:/127.0.0.1:61628 - R:localhost/127.0.0.1:60290]' for 'GET' to 'http://localhost:60290/session/9d8feac7523dd04c3466de99d00142ed/url'
11:15:15.193 [Forwarding getCurrentUrl on session 9d8feac7523dd04c3466de99d00142ed to remote] DEBUG org.asynchttpclient.netty.request.NettyRequestSender - Using open Channel [id: 0x597b1087, L:/127.0.0.1:61628 - R:localhost/127.0.0.1:60290] for GET '/session/9d8feac7523dd04c3466de99d00142ed/url'
11:15:15.207 [AsyncHttpClient-1-2] DEBUG org.asynchttpclient.netty.handler.HttpHandler - 

Request DefaultFullHttpRequest(decodeResult: success, version: HTTP/1.1, content: EmptyByteBufBE)
GET /session/9d8feac7523dd04c3466de99d00142ed/url HTTP/1.1
User-Agent: selenium/4.1.2 (java windows)
Cache-Control: no-cache
Content-Type: application/json; charset=utf-8
host: localhost:60290
accept: */*

Response DefaultHttpResponse(decodeResult: success, version: HTTP/1.1)
HTTP/1.1 200 OK
Content-Type: application/json; charset=utf-8
cache-control: no-cache
content-length: 66

11:15:15.207 [AsyncHttpClient-1-2] DEBUG org.asynchttpclient.netty.channel.ChannelManager - Adding key: http://localhost:60290 for channel [id: 0x597b1087, L:/127.0.0.1:61628 - R:localhost/127.0.0.1:60290]
11:15:15.224 [main] DEBUG net.serenitybdd.core.photography.Darkroom - Opening darkroom
11:15:15.227 [Forwarding screenshot on session 9d8feac7523dd04c3466de99d00142ed to remote] DEBUG org.asynchttpclient.netty.request.NettyRequestSender - Using pooled Channel '[id: 0x597b1087, L:/127.0.0.1:61628 - R:localhost/127.0.0.1:60290]' for 'GET' to 'http://localhost:60290/session/9d8feac7523dd04c3466de99d00142ed/screenshot'
11:15:15.227 [Forwarding screenshot on session 9d8feac7523dd04c3466de99d00142ed to remote] DEBUG org.asynchttpclient.netty.request.NettyRequestSender - Using open Channel [id: 0x597b1087, L:/127.0.0.1:61628 - R:localhost/127.0.0.1:60290] for GET '/session/9d8feac7523dd04c3466de99d00142ed/screenshot'
11:15:15.270 [Darkroom Processing Line] DEBUG net.serenitybdd.core.photography.DarkroomProcessingLine - Darkroom processing line starting up
11:15:15.616 [AsyncHttpClient-1-1] DEBUG org.asynchttpclient.netty.channel.DefaultChannelPool - Entry count for : http://localhost:61629 : 1
11:15:16.509 [AsyncHttpClient-1-2] DEBUG org.asynchttpclient.netty.handler.HttpHandler - 

Request DefaultFullHttpRequest(decodeResult: success, version: HTTP/1.1, content: EmptyByteBufBE)
GET /session/9d8feac7523dd04c3466de99d00142ed/screenshot HTTP/1.1
User-Agent: selenium/4.1.2 (java windows)
Cache-Control: no-cache
Content-Type: application/json; charset=utf-8
host: localhost:60290
accept: */*

Response DefaultHttpResponse(decodeResult: success, version: HTTP/1.1)
HTTP/1.1 200 OK
Content-Type: application/json; charset=utf-8
cache-control: no-cache
content-length: 66608

11:15:16.510 [AsyncHttpClient-1-2] DEBUG org.asynchttpclient.netty.channel.ChannelManager - Adding key: http://localhost:60290 for channel [id: 0x597b1087, L:/127.0.0.1:61628 - R:localhost/127.0.0.1:60290]
11:15:16.516 [main] DEBUG net.serenitybdd.core.photography.Darkroom - Send negative for processing for target\site\serenity\3b111ae00db26295d7ecbde886ea4451aead6619240013077047abd82e88d678.png
11:15:16.516 [main] DEBUG net.thucydides.core.steps.StepInterceptor - STEP DONE: openDataPasien
  &amp#27;[32mGiven &amp#27;[0m&amp#27;[32mOpen page data pasien&amp#27;[0m                             &amp#27;[90m# starter.stepdefinitios.PatientDataSteps.openPageDataPasien()&amp#27;[0m
11:15:16.558 [main] DEBUG net.thucydides.core.steps.StepInterceptor - STARTING STEP: PatientDataSteps.clickSearchAllCategoryPatientData - clickButtonAllCategory
11:15:16.562 [Forwarding findElement on session 9d8feac7523dd04c3466de99d00142ed to remote] DEBUG org.asynchttpclient.netty.request.NettyRequestSender - Using pooled Channel '[id: 0x597b1087, L:/127.0.0.1:61628 - R:localhost/127.0.0.1:60290]' for 'POST' to 'http://localhost:60290/session/9d8feac7523dd04c3466de99d00142ed/element'
11:15:16.563 [Forwarding findElement on session 9d8feac7523dd04c3466de99d00142ed to remote] DEBUG org.asynchttpclient.netty.request.NettyRequestSender - Using open Channel [id: 0x597b1087, L:/127.0.0.1:61628 - R:localhost/127.0.0.1:60290] for POST '/session/9d8feac7523dd04c3466de99d00142ed/element'
11:15:16.589 [AsyncHttpClient-1-2] DEBUG org.asynchttpclient.netty.handler.HttpHandler - 

Request DefaultHttpRequest(decodeResult: success, version: HTTP/1.1)
POST /session/9d8feac7523dd04c3466de99d00142ed/element HTTP/1.1
User-Agent: selenium/4.1.2 (java windows)
Content-Length: 81
Content-Type: application/json; charset=utf-8
host: localhost:60290
accept: */*

Response DefaultHttpResponse(decodeResult: success, version: HTTP/1.1)
HTTP/1.1 200 OK
Content-Type: application/json; charset=utf-8
cache-control: no-cache
content-length: 88

11:15:16.589 [AsyncHttpClient-1-2] DEBUG org.asynchttpclient.netty.channel.ChannelManager - Adding key: http://localhost:60290 for channel [id: 0x597b1087, L:/127.0.0.1:61628 - R:localhost/127.0.0.1:60290]
11:15:16.591 [Forwarding getElementTagName on session 9d8feac7523dd04c3466de99d00142ed to remote] DEBUG org.asynchttpclient.netty.request.NettyRequestSender - Using pooled Channel '[id: 0x597b1087, L:/127.0.0.1:61628 - R:localhost/127.0.0.1:60290]' for 'GET' to 'http://localhost:60290/session/9d8feac7523dd04c3466de99d00142ed/element/cd3ea0e8-da12-488b-bc4d-ba43221feb03/name'
11:15:16.591 [Forwarding getElementTagName on session 9d8feac7523dd04c3466de99d00142ed to remote] DEBUG org.asynchttpclient.netty.request.NettyRequestSender - Using open Channel [id: 0x597b1087, L:/127.0.0.1:61628 - R:localhost/127.0.0.1:60290] for GET '/session/9d8feac7523dd04c3466de99d00142ed/element/cd3ea0e8-da12-488b-bc4d-ba43221feb03/name'
11:15:16.601 [AsyncHttpClient-1-2] DEBUG org.asynchttpclient.netty.handler.HttpHandler - 

Request DefaultFullHttpRequest(decodeResult: success, version: HTTP/1.1, content: EmptyByteBufBE)
GET /session/9d8feac7523dd04c3466de99d00142ed/element/cd3ea0e8-da12-488b-bc4d-ba43221feb03/name HTTP/1.1
User-Agent: selenium/4.1.2 (java windows)
Cache-Control: no-cache
Content-Type: application/json; charset=utf-8
host: localhost:60290
accept: */*

Response DefaultHttpResponse(decodeResult: success, version: HTTP/1.1)
HTTP/1.1 200 OK
Content-Type: application/json; charset=utf-8
cache-control: no-cache
content-length: 18

11:15:16.602 [AsyncHttpClient-1-2] DEBUG org.asynchttpclient.netty.channel.ChannelManager - Adding key: http://localhost:60290 for channel [id: 0x597b1087, L:/127.0.0.1:61628 - R:localhost/127.0.0.1:60290]
11:15:16.604 [Forwarding getElementTagName on session 9d8feac7523dd04c3466de99d00142ed to remote] DEBUG org.asynchttpclient.netty.request.NettyRequestSender - Using pooled Channel '[id: 0x597b1087, L:/127.0.0.1:61628 - R:localhost/127.0.0.1:60290]' for 'GET' to 'http://localhost:60290/session/9d8feac7523dd04c3466de99d00142ed/element/cd3ea0e8-da12-488b-bc4d-ba43221feb03/name'
11:15:16.604 [Forwarding getElementTagName on session 9d8feac7523dd04c3466de99d00142ed to remote] DEBUG org.asynchttpclient.netty.request.NettyRequestSender - Using open Channel [id: 0x597b1087, L:/127.0.0.1:61628 - R:localhost/127.0.0.1:60290] for GET '/session/9d8feac7523dd04c3466de99d00142ed/element/cd3ea0e8-da12-488b-bc4d-ba43221feb03/name'
11:15:16.610 [AsyncHttpClient-1-2] DEBUG org.asynchttpclient.netty.handler.HttpHandler - 

Request DefaultFullHttpRequest(decodeResult: success, version: HTTP/1.1, content: EmptyByteBufBE)
GET /session/9d8feac7523dd04c3466de99d00142ed/element/cd3ea0e8-da12-488b-bc4d-ba43221feb03/name HTTP/1.1
User-Agent: selenium/4.1.2 (java windows)
Cache-Control: no-cache
Content-Type: application/json; charset=utf-8
host: localhost:60290
accept: */*

Response DefaultHttpResponse(decodeResult: success, version: HTTP/1.1)
HTTP/1.1 200 OK
Content-Type: application/json; charset=utf-8
cache-control: no-cache
content-length: 18

11:15:16.610 [AsyncHttpClient-1-2] DEBUG org.asynchttpclient.netty.channel.ChannelManager - Adding key: http://localhost:60290 for channel [id: 0x597b1087, L:/127.0.0.1:61628 - R:localhost/127.0.0.1:60290]
11:15:16.614 [Forwarding isElementEnabled on session 9d8feac7523dd04c3466de99d00142ed to remote] DEBUG org.asynchttpclient.netty.request.NettyRequestSender - Using pooled Channel '[id: 0x597b1087, L:/127.0.0.1:61628 - R:localhost/127.0.0.1:60290]' for 'GET' to 'http://localhost:60290/session/9d8feac7523dd04c3466de99d00142ed/element/cd3ea0e8-da12-488b-bc4d-ba43221feb03/enabled'
11:15:16.614 [Forwarding isElementEnabled on session 9d8feac7523dd04c3466de99d00142ed to remote] DEBUG org.asynchttpclient.netty.request.NettyRequestSender - Using open Channel [id: 0x597b1087, L:/127.0.0.1:61628 - R:localhost/127.0.0.1:60290] for GET '/session/9d8feac7523dd04c3466de99d00142ed/element/cd3ea0e8-da12-488b-bc4d-ba43221feb03/enabled'
11:15:16.629 [AsyncHttpClient-1-2] DEBUG org.asynchttpclient.netty.handler.HttpHandler - 

Request DefaultFullHttpRequest(decodeResult: success, version: HTTP/1.1, content: EmptyByteBufBE)
GET /session/9d8feac7523dd04c3466de99d00142ed/element/cd3ea0e8-da12-488b-bc4d-ba43221feb03/enabled HTTP/1.1
User-Agent: selenium/4.1.2 (java windows)
Cache-Control: no-cache
Content-Type: application/json; charset=utf-8
host: localhost:60290
accept: */*

Response DefaultHttpResponse(decodeResult: success, version: HTTP/1.1)
HTTP/1.1 200 OK
Content-Type: application/json; charset=utf-8
cache-control: no-cache
content-length: 14

11:15:16.629 [AsyncHttpClient-1-2] DEBUG org.asynchttpclient.netty.channel.ChannelManager - Adding key: http://localhost:60290 for channel [id: 0x597b1087, L:/127.0.0.1:61628 - R:localhost/127.0.0.1:60290]
11:15:16.632 [Forwarding isElementEnabled on session 9d8feac7523dd04c3466de99d00142ed to remote] DEBUG org.asynchttpclient.netty.request.NettyRequestSender - Using pooled Channel '[id: 0x597b1087, L:/127.0.0.1:61628 - R:localhost/127.0.0.1:60290]' for 'GET' to 'http://localhost:60290/session/9d8feac7523dd04c3466de99d00142ed/element/cd3ea0e8-da12-488b-bc4d-ba43221feb03/enabled'
11:15:16.632 [Forwarding isElementEnabled on session 9d8feac7523dd04c3466de99d00142ed to remote] DEBUG org.asynchttpclient.netty.request.NettyRequestSender - Using open Channel [id: 0x597b1087, L:/127.0.0.1:61628 - R:localhost/127.0.0.1:60290] for GET '/session/9d8feac7523dd04c3466de99d00142ed/element/cd3ea0e8-da12-488b-bc4d-ba43221feb03/enabled'
11:15:16.643 [AsyncHttpClient-1-2] DEBUG org.asynchttpclient.netty.handler.HttpHandler - 

Request DefaultFullHttpRequest(decodeResult: success, version: HTTP/1.1, content: EmptyByteBufBE)
GET /session/9d8feac7523dd04c3466de99d00142ed/element/cd3ea0e8-da12-488b-bc4d-ba43221feb03/enabled HTTP/1.1
User-Agent: selenium/4.1.2 (java windows)
Cache-Control: no-cache
Content-Type: application/json; charset=utf-8
host: localhost:60290
accept: */*

Response DefaultHttpResponse(decodeResult: success, version: HTTP/1.1)
HTTP/1.1 200 OK
Content-Type: application/json; charset=utf-8
cache-control: no-cache
content-length: 14

11:15:16.643 [AsyncHttpClient-1-2] DEBUG org.asynchttpclient.netty.channel.ChannelManager - Adding key: http://localhost:60290 for channel [id: 0x597b1087, L:/127.0.0.1:61628 - R:localhost/127.0.0.1:60290]
11:15:16.645 [Forwarding findElement on session 9d8feac7523dd04c3466de99d00142ed to remote] DEBUG org.asynchttpclient.netty.request.NettyRequestSender - Using pooled Channel '[id: 0x597b1087, L:/127.0.0.1:61628 - R:localhost/127.0.0.1:60290]' for 'POST' to 'http://localhost:60290/session/9d8feac7523dd04c3466de99d00142ed/element'
11:15:16.645 [Forwarding findElement on session 9d8feac7523dd04c3466de99d00142ed to remote] DEBUG org.asynchttpclient.netty.request.NettyRequestSender - Using open Channel [id: 0x597b1087, L:/127.0.0.1:61628 - R:localhost/127.0.0.1:60290] for POST '/session/9d8feac7523dd04c3466de99d00142ed/element'
11:15:16.666 [AsyncHttpClient-1-2] DEBUG org.asynchttpclient.netty.handler.HttpHandler - 

Request DefaultHttpRequest(decodeResult: success, version: HTTP/1.1)
POST /session/9d8feac7523dd04c3466de99d00142ed/element HTTP/1.1
User-Agent: selenium/4.1.2 (java windows)
Content-Length: 81
Content-Type: application/json; charset=utf-8
host: localhost:60290
accept: */*

Response DefaultHttpResponse(decodeResult: success, version: HTTP/1.1)
HTTP/1.1 200 OK
Content-Type: application/json; charset=utf-8
cache-control: no-cache
content-length: 88

11:15:16.666 [AsyncHttpClient-1-2] DEBUG org.asynchttpclient.netty.channel.ChannelManager - Adding key: http://localhost:60290 for channel [id: 0x597b1087, L:/127.0.0.1:61628 - R:localhost/127.0.0.1:60290]
11:15:16.668 [Forwarding clickElement on session 9d8feac7523dd04c3466de99d00142ed to remote] DEBUG org.asynchttpclient.netty.request.NettyRequestSender - Using pooled Channel '[id: 0x597b1087, L:/127.0.0.1:61628 - R:localhost/127.0.0.1:60290]' for 'POST' to 'http://localhost:60290/session/9d8feac7523dd04c3466de99d00142ed/element/cd3ea0e8-da12-488b-bc4d-ba43221feb03/click'
11:15:16.668 [Forwarding clickElement on session 9d8feac7523dd04c3466de99d00142ed to remote] DEBUG org.asynchttpclient.netty.request.NettyRequestSender - Using open Channel [id: 0x597b1087, L:/127.0.0.1:61628 - R:localhost/127.0.0.1:60290] for POST '/session/9d8feac7523dd04c3466de99d00142ed/element/cd3ea0e8-da12-488b-bc4d-ba43221feb03/click'
11:15:16.718 [AsyncHttpClient-1-1] DEBUG org.asynchttpclient.netty.channel.DefaultChannelPool - Entry count for : http://localhost:61629 : 1
11:15:16.721 [AsyncHttpClient-1-2] DEBUG org.asynchttpclient.netty.handler.HttpHandler - 

Request DefaultHttpRequest(decodeResult: success, version: HTTP/1.1)
POST /session/9d8feac7523dd04c3466de99d00142ed/element/cd3ea0e8-da12-488b-bc4d-ba43221feb03/click HTTP/1.1
User-Agent: selenium/4.1.2 (java windows)
Content-Length: 50
Content-Type: application/json; charset=utf-8
host: localhost:60290
accept: */*

Response DefaultHttpResponse(decodeResult: success, version: HTTP/1.1)
HTTP/1.1 200 OK
Content-Type: application/json; charset=utf-8
cache-control: no-cache
content-length: 14

11:15:16.721 [AsyncHttpClient-1-2] DEBUG org.asynchttpclient.netty.channel.ChannelManager - Adding key: http://localhost:60290 for channel [id: 0x597b1087, L:/127.0.0.1:61628 - R:localhost/127.0.0.1:60290]
11:15:16.736 [Forwarding screenshot on session 9d8feac7523dd04c3466de99d00142ed to remote] DEBUG org.asynchttpclient.netty.request.NettyRequestSender - Using pooled Channel '[id: 0x597b1087, L:/127.0.0.1:61628 - R:localhost/127.0.0.1:60290]' for 'GET' to 'http://localhost:60290/session/9d8feac7523dd04c3466de99d00142ed/screenshot'
11:15:16.736 [Forwarding screenshot on session 9d8feac7523dd04c3466de99d00142ed to remote] DEBUG org.asynchttpclient.netty.request.NettyRequestSender - Using open Channel [id: 0x597b1087, L:/127.0.0.1:61628 - R:localhost/127.0.0.1:60290] for GET '/session/9d8feac7523dd04c3466de99d00142ed/screenshot'
11:15:16.935 [AsyncHttpClient-1-2] DEBUG org.asynchttpclient.netty.handler.HttpHandler - 

Request DefaultFullHttpRequest(decodeResult: success, version: HTTP/1.1, content: EmptyByteBufBE)
GET /session/9d8feac7523dd04c3466de99d00142ed/screenshot HTTP/1.1
User-Agent: selenium/4.1.2 (java windows)
Cache-Control: no-cache
Content-Type: application/json; charset=utf-8
host: localhost:60290
accept: */*

Response DefaultHttpResponse(decodeResult: success, version: HTTP/1.1)
HTTP/1.1 200 OK
Content-Type: application/json; charset=utf-8
cache-control: no-cache
content-length: 76112

11:15:16.935 [AsyncHttpClient-1-2] DEBUG org.asynchttpclient.netty.channel.ChannelManager - Adding key: http://localhost:60290 for channel [id: 0x597b1087, L:/127.0.0.1:61628 - R:localhost/127.0.0.1:60290]
11:15:16.940 [main] DEBUG net.serenitybdd.core.photography.Darkroom - Send negative for processing for target\site\serenity\b787d446d5646e0086284b5ecaa0c3c705b934ad73d4e222fdb5e79f70f0a36b.png
11:15:16.940 [main] DEBUG net.thucydides.core.steps.StepInterceptor - STEP DONE: clickButtonAllCategory
  &amp#27;[32mAnd &amp#27;[0m&amp#27;[32mClick search all category Patient data&amp#27;[0m              &amp#27;[90m# starter.stepdefinitios.PatientDataSteps.clickSearchAllCategoryPatientData()&amp#27;[0m
11:15:16.941 [Darkroom Processing Line] DEBUG net.serenitybdd.core.photography.DarkroomProcessingLine - Processing screenshot image in /var/screenshots/screenshot-11056033762731636093
11:15:16.941 [Darkroom Processing Line] DEBUG net.serenitybdd.core.photography.DarkroomProcessingLine - Saving screenshot to target\site\serenity\b787d446d5646e0086284b5ecaa0c3c705b934ad73d4e222fdb5e79f70f0a36b.png
11:15:16.981 [main] DEBUG net.thucydides.core.steps.StepInterceptor - STARTING STEP: PatientDataSteps.clickChoseNama - clickButtonCategoryNama
11:15:16.987 [Forwarding findElement on session 9d8feac7523dd04c3466de99d00142ed to remote] DEBUG org.asynchttpclient.netty.request.NettyRequestSender - Using pooled Channel '[id: 0x597b1087, L:/127.0.0.1:61628 - R:localhost/127.0.0.1:60290]' for 'POST' to 'http://localhost:60290/session/9d8feac7523dd04c3466de99d00142ed/element'
11:15:16.987 [Forwarding findElement on session 9d8feac7523dd04c3466de99d00142ed to remote] DEBUG org.asynchttpclient.netty.request.NettyRequestSender - Using open Channel [id: 0x597b1087, L:/127.0.0.1:61628 - R:localhost/127.0.0.1:60290] for POST '/session/9d8feac7523dd04c3466de99d00142ed/element'
11:15:17.017 [AsyncHttpClient-1-2] DEBUG org.asynchttpclient.netty.handler.HttpHandler - 

Request DefaultHttpRequest(decodeResult: success, version: HTTP/1.1)
POST /session/9d8feac7523dd04c3466de99d00142ed/element HTTP/1.1
User-Agent: selenium/4.1.2 (java windows)
Content-Length: 81
Content-Type: application/json; charset=utf-8
host: localhost:60290
accept: */*

Response DefaultHttpResponse(decodeResult: success, version: HTTP/1.1)
HTTP/1.1 200 OK
Content-Type: application/json; charset=utf-8
cache-control: no-cache
content-length: 88

11:15:17.017 [AsyncHttpClient-1-2] DEBUG org.asynchttpclient.netty.channel.ChannelManager - Adding key: http://localhost:60290 for channel [id: 0x597b1087, L:/127.0.0.1:61628 - R:localhost/127.0.0.1:60290]
11:15:17.020 [Forwarding getElementTagName on session 9d8feac7523dd04c3466de99d00142ed to remote] DEBUG org.asynchttpclient.netty.request.NettyRequestSender - Using pooled Channel '[id: 0x597b1087, L:/127.0.0.1:61628 - R:localhost/127.0.0.1:60290]' for 'GET' to 'http://localhost:60290/session/9d8feac7523dd04c3466de99d00142ed/element/974c195e-8ce5-41e9-b730-319bf0118045/name'
11:15:17.020 [Forwarding getElementTagName on session 9d8feac7523dd04c3466de99d00142ed to remote] DEBUG org.asynchttpclient.netty.request.NettyRequestSender - Using open Channel [id: 0x597b1087, L:/127.0.0.1:61628 - R:localhost/127.0.0.1:60290] for GET '/session/9d8feac7523dd04c3466de99d00142ed/element/974c195e-8ce5-41e9-b730-319bf0118045/name'
11:15:17.029 [AsyncHttpClient-1-2] DEBUG org.asynchttpclient.netty.handler.HttpHandler - 

Request DefaultFullHttpRequest(decodeResult: success, version: HTTP/1.1, content: EmptyByteBufBE)
GET /session/9d8feac7523dd04c3466de99d00142ed/element/974c195e-8ce5-41e9-b730-319bf0118045/name HTTP/1.1
User-Agent: selenium/4.1.2 (java windows)
Cache-Control: no-cache
Content-Type: application/json; charset=utf-8
host: localhost:60290
accept: */*

Response DefaultHttpResponse(decodeResult: success, version: HTTP/1.1)
HTTP/1.1 200 OK
Content-Type: application/json; charset=utf-8
cache-control: no-cache
content-length: 18

11:15:17.029 [AsyncHttpClient-1-2] DEBUG org.asynchttpclient.netty.channel.ChannelManager - Adding key: http://localhost:60290 for channel [id: 0x597b1087, L:/127.0.0.1:61628 - R:localhost/127.0.0.1:60290]
11:15:17.032 [Forwarding getElementTagName on session 9d8feac7523dd04c3466de99d00142ed to remote] DEBUG org.asynchttpclient.netty.request.NettyRequestSender - Using pooled Channel '[id: 0x597b1087, L:/127.0.0.1:61628 - R:localhost/127.0.0.1:60290]' for 'GET' to 'http://localhost:60290/session/9d8feac7523dd04c3466de99d00142ed/element/974c195e-8ce5-41e9-b730-319bf0118045/name'
11:15:17.032 [Forwarding getElementTagName on session 9d8feac7523dd04c3466de99d00142ed to remote] DEBUG org.asynchttpclient.netty.request.NettyRequestSender - Using open Channel [id: 0x597b1087, L:/127.0.0.1:61628 - R:localhost/127.0.0.1:60290] for GET '/session/9d8feac7523dd04c3466de99d00142ed/element/974c195e-8ce5-41e9-b730-319bf0118045/name'
11:15:17.039 [AsyncHttpClient-1-2] DEBUG org.asynchttpclient.netty.handler.HttpHandler - 

Request DefaultFullHttpRequest(decodeResult: success, version: HTTP/1.1, content: EmptyByteBufBE)
GET /session/9d8feac7523dd04c3466de99d00142ed/element/974c195e-8ce5-41e9-b730-319bf0118045/name HTTP/1.1
User-Agent: selenium/4.1.2 (java windows)
Cache-Control: no-cache
Content-Type: application/json; charset=utf-8
host: localhost:60290
accept: */*

Response DefaultHttpResponse(decodeResult: success, version: HTTP/1.1)
HTTP/1.1 200 OK
Content-Type: application/json; charset=utf-8
cache-control: no-cache
content-length: 18

11:15:17.039 [AsyncHttpClient-1-2] DEBUG org.asynchttpclient.netty.channel.ChannelManager - Adding key: http://localhost:60290 for channel [id: 0x597b1087, L:/127.0.0.1:61628 - R:localhost/127.0.0.1:60290]
11:15:17.043 [Forwarding isElementEnabled on session 9d8feac7523dd04c3466de99d00142ed to remote] DEBUG org.asynchttpclient.netty.request.NettyRequestSender - Using pooled Channel '[id: 0x597b1087, L:/127.0.0.1:61628 - R:localhost/127.0.0.1:60290]' for 'GET' to 'http://localhost:60290/session/9d8feac7523dd04c3466de99d00142ed/element/974c195e-8ce5-41e9-b730-319bf0118045/enabled'
11:15:17.043 [Forwarding isElementEnabled on session 9d8feac7523dd04c3466de99d00142ed to remote] DEBUG org.asynchttpclient.netty.request.NettyRequestSender - Using open Channel [id: 0x597b1087, L:/127.0.0.1:61628 - R:localhost/127.0.0.1:60290] for GET '/session/9d8feac7523dd04c3466de99d00142ed/element/974c195e-8ce5-41e9-b730-319bf0118045/enabled'
11:15:17.074 [AsyncHttpClient-1-2] DEBUG org.asynchttpclient.netty.handler.HttpHandler - 

Request DefaultFullHttpRequest(decodeResult: success, version: HTTP/1.1, content: EmptyByteBufBE)
GET /session/9d8feac7523dd04c3466de99d00142ed/element/974c195e-8ce5-41e9-b730-319bf0118045/enabled HTTP/1.1
User-Agent: selenium/4.1.2 (java windows)
Cache-Control: no-cache
Content-Type: application/json; charset=utf-8
host: localhost:60290
accept: */*

Response DefaultHttpResponse(decodeResult: success, version: HTTP/1.1)
HTTP/1.1 200 OK
Content-Type: application/json; charset=utf-8
cache-control: no-cache
content-length: 14

11:15:17.075 [AsyncHttpClient-1-2] DEBUG org.asynchttpclient.netty.channel.ChannelManager - Adding key: http://localhost:60290 for channel [id: 0x597b1087, L:/127.0.0.1:61628 - R:localhost/127.0.0.1:60290]
11:15:17.077 [Forwarding isElementEnabled on session 9d8feac7523dd04c3466de99d00142ed to remote] DEBUG org.asynchttpclient.netty.request.NettyRequestSender - Using pooled Channel '[id: 0x597b1087, L:/127.0.0.1:61628 - R:localhost/127.0.0.1:60290]' for 'GET' to 'http://localhost:60290/session/9d8feac7523dd04c3466de99d00142ed/element/974c195e-8ce5-41e9-b730-319bf0118045/enabled'
11:15:17.077 [Forwarding isElementEnabled on session 9d8feac7523dd04c3466de99d00142ed to remote] DEBUG org.asynchttpclient.netty.request.NettyRequestSender - Using open Channel [id: 0x597b1087, L:/127.0.0.1:61628 - R:localhost/127.0.0.1:60290] for GET '/session/9d8feac7523dd04c3466de99d00142ed/element/974c195e-8ce5-41e9-b730-319bf0118045/enabled'
11:15:17.100 [AsyncHttpClient-1-2] DEBUG org.asynchttpclient.netty.handler.HttpHandler - 

Request DefaultFullHttpRequest(decodeResult: success, version: HTTP/1.1, content: EmptyByteBufBE)
GET /session/9d8feac7523dd04c3466de99d00142ed/element/974c195e-8ce5-41e9-b730-319bf0118045/enabled HTTP/1.1
User-Agent: selenium/4.1.2 (java windows)
Cache-Control: no-cache
Content-Type: application/json; charset=utf-8
host: localhost:60290
accept: */*

Response DefaultHttpResponse(decodeResult: success, version: HTTP/1.1)
HTTP/1.1 200 OK
Content-Type: application/json; charset=utf-8
cache-control: no-cache
content-length: 14

11:15:17.100 [AsyncHttpClient-1-2] DEBUG org.asynchttpclient.netty.channel.ChannelManager - Adding key: http://localhost:60290 for channel [id: 0x597b1087, L:/127.0.0.1:61628 - R:localhost/127.0.0.1:60290]
11:15:17.105 [Forwarding findElement on session 9d8feac7523dd04c3466de99d00142ed to remote] DEBUG org.asynchttpclient.netty.request.NettyRequestSender - Using pooled Channel '[id: 0x597b1087, L:/127.0.0.1:61628 - R:localhost/127.0.0.1:60290]' for 'POST' to 'http://localhost:60290/session/9d8feac7523dd04c3466de99d00142ed/element'
11:15:17.105 [Forwarding findElement on session 9d8feac7523dd04c3466de99d00142ed to remote] DEBUG org.asynchttpclient.netty.request.NettyRequestSender - Using open Channel [id: 0x597b1087, L:/127.0.0.1:61628 - R:localhost/127.0.0.1:60290] for POST '/session/9d8feac7523dd04c3466de99d00142ed/element'
11:15:17.191 [AsyncHttpClient-1-2] DEBUG org.asynchttpclient.netty.handler.HttpHandler - 

Request DefaultHttpRequest(decodeResult: success, version: HTTP/1.1)
POST /session/9d8feac7523dd04c3466de99d00142ed/element HTTP/1.1
User-Agent: selenium/4.1.2 (java windows)
Content-Length: 81
Content-Type: application/json; charset=utf-8
host: localhost:60290
accept: */*

Response DefaultHttpResponse(decodeResult: success, version: HTTP/1.1)
HTTP/1.1 200 OK
Content-Type: application/json; charset=utf-8
cache-control: no-cache
content-length: 88

11:15:17.191 [AsyncHttpClient-1-2] DEBUG org.asynchttpclient.netty.channel.ChannelManager - Adding key: http://localhost:60290 for channel [id: 0x597b1087, L:/127.0.0.1:61628 - R:localhost/127.0.0.1:60290]
11:15:17.193 [Forwarding clickElement on session 9d8feac7523dd04c3466de99d00142ed to remote] DEBUG org.asynchttpclient.netty.request.NettyRequestSender - Using pooled Channel '[id: 0x597b1087, L:/127.0.0.1:61628 - R:localhost/127.0.0.1:60290]' for 'POST' to 'http://localhost:60290/session/9d8feac7523dd04c3466de99d00142ed/element/974c195e-8ce5-41e9-b730-319bf0118045/click'
11:15:17.193 [Forwarding clickElement on session 9d8feac7523dd04c3466de99d00142ed to remote] DEBUG org.asynchttpclient.netty.request.NettyRequestSender - Using open Channel [id: 0x597b1087, L:/127.0.0.1:61628 - R:localhost/127.0.0.1:60290] for POST '/session/9d8feac7523dd04c3466de99d00142ed/element/974c195e-8ce5-41e9-b730-319bf0118045/click'
11:15:17.281 [AsyncHttpClient-1-2] DEBUG org.asynchttpclient.netty.handler.HttpHandler - 

Request DefaultHttpRequest(decodeResult: success, version: HTTP/1.1)
POST /session/9d8feac7523dd04c3466de99d00142ed/element/974c195e-8ce5-41e9-b730-319bf0118045/click HTTP/1.1
User-Agent: selenium/4.1.2 (java windows)
Content-Length: 50
Content-Type: application/json; charset=utf-8
host: localhost:60290
accept: */*

Response DefaultHttpResponse(decodeResult: success, version: HTTP/1.1)
HTTP/1.1 200 OK
Content-Type: application/json; charset=utf-8
cache-control: no-cache
content-length: 14

11:15:17.281 [AsyncHttpClient-1-2] DEBUG org.asynchttpclient.netty.channel.ChannelManager - Adding key: http://localhost:60290 for channel [id: 0x597b1087, L:/127.0.0.1:61628 - R:localhost/127.0.0.1:60290]
11:15:17.296 [Forwarding screenshot on session 9d8feac7523dd04c3466de99d00142ed to remote] DEBUG org.asynchttpclient.netty.request.NettyRequestSender - Using pooled Channel '[id: 0x597b1087, L:/127.0.0.1:61628 - R:localhost/127.0.0.1:60290]' for 'GET' to 'http://localhost:60290/session/9d8feac7523dd04c3466de99d00142ed/screenshot'
11:15:17.296 [Forwarding screenshot on session 9d8feac7523dd04c3466de99d00142ed to remote] DEBUG org.asynchttpclient.netty.request.NettyRequestSender - Using open Channel [id: 0x597b1087, L:/127.0.0.1:61628 - R:localhost/127.0.0.1:60290] for GET '/session/9d8feac7523dd04c3466de99d00142ed/screenshot'
11:15:17.503 [AsyncHttpClient-1-2] DEBUG org.asynchttpclient.netty.handler.HttpHandler - 

Request DefaultFullHttpRequest(decodeResult: success, version: HTTP/1.1, content: EmptyByteBufBE)
GET /session/9d8feac7523dd04c3466de99d00142ed/screenshot HTTP/1.1
User-Agent: selenium/4.1.2 (java windows)
Cache-Control: no-cache
Content-Type: application/json; charset=utf-8
host: localhost:60290
accept: */*

Response DefaultHttpResponse(decodeResult: success, version: HTTP/1.1)
HTTP/1.1 200 OK
Content-Type: application/json; charset=utf-8
cache-control: no-cache
content-length: 75600

11:15:17.504 [AsyncHttpClient-1-2] DEBUG org.asynchttpclient.netty.channel.ChannelManager - Adding key: http://localhost:60290 for channel [id: 0x597b1087, L:/127.0.0.1:61628 - R:localhost/127.0.0.1:60290]
11:15:17.509 [main] DEBUG net.serenitybdd.core.photography.Darkroom - Send negative for processing for target\site\serenity\9d50bd61d099734001eff0b110da1fa31952c88c4cfeecdddd733f714b49015d.png
11:15:17.509 [main] DEBUG net.thucydides.core.steps.StepInterceptor - STEP DONE: clickButtonCategoryNama
  &amp#27;[32mWhen &amp#27;[0m&amp#27;[32mClick chose nama&amp#27;[0m                                   &amp#27;[90m# starter.stepdefinitios.PatientDataSteps.clickChoseNama()&amp#27;[0m
11:15:17.510 [Darkroom Processing Line] DEBUG net.serenitybdd.core.photography.DarkroomProcessingLine - Processing screenshot image in /var/screenshots/screenshot-3932337985165540351
11:15:17.510 [Darkroom Processing Line] DEBUG net.serenitybdd.core.photography.DarkroomProcessingLine - Saving screenshot to target\site\serenity\9d50bd61d099734001eff0b110da1fa31952c88c4cfeecdddd733f714b49015d.png
11:15:17.556 [main] DEBUG net.thucydides.core.steps.StepInterceptor - STARTING STEP: PatientDataSteps.inputDataCategory - inputDataCategory
11:15:17.559 [Forwarding findElement on session 9d8feac7523dd04c3466de99d00142ed to remote] DEBUG org.asynchttpclient.netty.request.NettyRequestSender - Using pooled Channel '[id: 0x597b1087, L:/127.0.0.1:61628 - R:localhost/127.0.0.1:60290]' for 'POST' to 'http://localhost:60290/session/9d8feac7523dd04c3466de99d00142ed/element'
11:15:17.559 [Forwarding findElement on session 9d8feac7523dd04c3466de99d00142ed to remote] DEBUG org.asynchttpclient.netty.request.NettyRequestSender - Using open Channel [id: 0x597b1087, L:/127.0.0.1:61628 - R:localhost/127.0.0.1:60290] for POST '/session/9d8feac7523dd04c3466de99d00142ed/element'
11:15:17.586 [AsyncHttpClient-1-2] DEBUG org.asynchttpclient.netty.handler.HttpHandler - 

Request DefaultHttpRequest(decodeResult: success, version: HTTP/1.1)
POST /session/9d8feac7523dd04c3466de99d00142ed/element HTTP/1.1
User-Agent: selenium/4.1.2 (java windows)
Content-Length: 102
Content-Type: application/json; charset=utf-8
host: localhost:60290
accept: */*

Response DefaultHttpResponse(decodeResult: success, version: HTTP/1.1)
HTTP/1.1 200 OK
Content-Type: application/json; charset=utf-8
cache-control: no-cache
content-length: 88

11:15:17.586 [AsyncHttpClient-1-2] DEBUG org.asynchttpclient.netty.channel.ChannelManager - Adding key: http://localhost:60290 for channel [id: 0x597b1087, L:/127.0.0.1:61628 - R:localhost/127.0.0.1:60290]
11:15:17.588 [Forwarding sendKeysToElement on session 9d8feac7523dd04c3466de99d00142ed to remote] DEBUG org.asynchttpclient.netty.request.NettyRequestSender - Using pooled Channel '[id: 0x597b1087, L:/127.0.0.1:61628 - R:localhost/127.0.0.1:60290]' for 'POST' to 'http://localhost:60290/session/9d8feac7523dd04c3466de99d00142ed/element/2093e763-eb90-4383-85a1-c7535bac5700/value'
11:15:17.588 [Forwarding sendKeysToElement on session 9d8feac7523dd04c3466de99d00142ed to remote] DEBUG org.asynchttpclient.netty.request.NettyRequestSender - Using open Channel [id: 0x597b1087, L:/127.0.0.1:61628 - R:localhost/127.0.0.1:60290] for POST '/session/9d8feac7523dd04c3466de99d00142ed/element/2093e763-eb90-4383-85a1-c7535bac5700/value'
11:15:17.819 [AsyncHttpClient-1-2] DEBUG org.asynchttpclient.netty.handler.HttpHandler - 

Request DefaultHttpRequest(decodeResult: success, version: HTTP/1.1)
POST /session/9d8feac7523dd04c3466de99d00142ed/element/2093e763-eb90-4383-85a1-c7535bac5700/value HTTP/1.1
User-Agent: selenium/4.1.2 (java windows)
Content-Length: 131
Content-Type: application/json; charset=utf-8
host: localhost:60290
accept: */*

Response DefaultHttpResponse(decodeResult: success, version: HTTP/1.1)
HTTP/1.1 200 OK
Content-Type: application/json; charset=utf-8
cache-control: no-cache
content-length: 14

11:15:17.820 [AsyncHttpClient-1-2] DEBUG org.asynchttpclient.netty.channel.ChannelManager - Adding key: http://localhost:60290 for channel [id: 0x597b1087, L:/127.0.0.1:61628 - R:localhost/127.0.0.1:60290]
11:15:17.820 [AsyncHttpClient-1-1] DEBUG org.asynchttpclient.netty.channel.DefaultChannelPool - Entry count for : http://localhost:61629 : 1
11:15:17.820 [AsyncHttpClient-1-1] DEBUG org.asynchttpclient.netty.channel.DefaultChannelPool - Entry count for : http://localhost:60290 : 1
11:15:17.833 [Forwarding screenshot on session 9d8feac7523dd04c3466de99d00142ed to remote] DEBUG org.asynchttpclient.netty.request.NettyRequestSender - Using pooled Channel '[id: 0x597b1087, L:/127.0.0.1:61628 - R:localhost/127.0.0.1:60290]' for 'GET' to 'http://localhost:60290/session/9d8feac7523dd04c3466de99d00142ed/screenshot'
11:15:17.833 [Forwarding screenshot on session 9d8feac7523dd04c3466de99d00142ed to remote] DEBUG org.asynchttpclient.netty.request.NettyRequestSender - Using open Channel [id: 0x597b1087, L:/127.0.0.1:61628 - R:localhost/127.0.0.1:60290] for GET '/session/9d8feac7523dd04c3466de99d00142ed/screenshot'
11:15:18.005 [AsyncHttpClient-1-2] DEBUG org.asynchttpclient.netty.handler.HttpHandler - 

Request DefaultFullHttpRequest(decodeResult: success, version: HTTP/1.1, content: EmptyByteBufBE)
GET /session/9d8feac7523dd04c3466de99d00142ed/screenshot HTTP/1.1
User-Agent: selenium/4.1.2 (java windows)
Cache-Control: no-cache
Content-Type: application/json; charset=utf-8
host: localhost:60290
accept: */*

Response DefaultHttpResponse(decodeResult: success, version: HTTP/1.1)
HTTP/1.1 200 OK
Content-Type: application/json; charset=utf-8
cache-control: no-cache
content-length: 74712

11:15:18.006 [AsyncHttpClient-1-2] DEBUG org.asynchttpclient.netty.channel.ChannelManager - Adding key: http://localhost:60290 for channel [id: 0x597b1087, L:/127.0.0.1:61628 - R:localhost/127.0.0.1:60290]
11:15:18.011 [main] DEBUG net.serenitybdd.core.photography.Darkroom - Send negative for processing for target\site\serenity\b7084758de95d312f2c640e33b0531f97ad71d242420b7f977860ab42b3a05c0.png
11:15:18.011 [main] DEBUG net.thucydides.core.steps.StepInterceptor - STEP DONE: inputDataCategory
  &amp#27;[32mAnd &amp#27;[0m&amp#27;[32mInput data &amp#27;[0m&amp#27;[32m&amp#27;[1m"bagas"&amp#27;[0m&amp#27;[32m category&amp#27;[0m                         &amp#27;[90m# starter.stepdefinitios.PatientDataSteps.inputDataCategory(java.lang.String)&amp#27;[0m
11:15:18.013 [Darkroom Processing Line] DEBUG net.serenitybdd.core.photography.DarkroomProcessingLine - Processing screenshot image in /var/screenshots/screenshot-1744642990884385940
11:15:18.013 [Darkroom Processing Line] DEBUG net.serenitybdd.core.photography.DarkroomProcessingLine - Saving screenshot to target\site\serenity\b7084758de95d312f2c640e33b0531f97ad71d242420b7f977860ab42b3a05c0.png
11:15:18.567 [Forwarding screenshot on session 9d8feac7523dd04c3466de99d00142ed to remote] DEBUG org.asynchttpclient.netty.request.NettyRequestSender - Using pooled Channel '[id: 0x597b1087, L:/127.0.0.1:61628 - R:localhost/127.0.0.1:60290]' for 'GET' to 'http://localhost:60290/session/9d8feac7523dd04c3466de99d00142ed/screenshot'
11:15:18.567 [Forwarding screenshot on session 9d8feac7523dd04c3466de99d00142ed to remote] DEBUG org.asynchttpclient.netty.request.NettyRequestSender - Using open Channel [id: 0x597b1087, L:/127.0.0.1:61628 - R:localhost/127.0.0.1:60290] for GET '/session/9d8feac7523dd04c3466de99d00142ed/screenshot'
11:15:18.722 [AsyncHttpClient-1-2] DEBUG org.asynchttpclient.netty.handler.HttpHandler - 

Request DefaultFullHttpRequest(decodeResult: success, version: HTTP/1.1, content: EmptyByteBufBE)
GET /session/9d8feac7523dd04c3466de99d00142ed/screenshot HTTP/1.1
User-Agent: selenium/4.1.2 (java windows)
Cache-Control: no-cache
Content-Type: application/json; charset=utf-8
host: localhost:60290
accept: */*

Response DefaultHttpResponse(decodeResult: success, version: HTTP/1.1)
HTTP/1.1 200 OK
Content-Type: application/json; charset=utf-8
cache-control: no-cache
content-length: 74656

11:15:18.722 [AsyncHttpClient-1-2] DEBUG org.asynchttpclient.netty.channel.ChannelManager - Adding key: http://localhost:60290 for channel [id: 0x597b1087, L:/127.0.0.1:61628 - R:localhost/127.0.0.1:60290]
11:15:18.727 [main] DEBUG net.serenitybdd.core.photography.Darkroom - Send negative for processing for target\site\serenity\e8b97310bcf02b6c98fe564bfb0d9ee18ecb0df1663a8742b820d6ec1fc38338.png
11:15:18.728 [main] DEBUG net.thucydides.core.steps.StepInterceptor - STARTING STEP: PatientDataSteps.validDataCategoryPasien - validPagePasien
11:15:18.728 [Darkroom Processing Line] DEBUG net.serenitybdd.core.photography.DarkroomProcessingLine - Processing screenshot image in /var/screenshots/screenshot-2636306537159599800
11:15:18.728 [Darkroom Processing Line] DEBUG net.serenitybdd.core.photography.DarkroomProcessingLine - Saving screenshot to target\site\serenity\e8b97310bcf02b6c98fe564bfb0d9ee18ecb0df1663a8742b820d6ec1fc38338.png
11:15:18.733 [Forwarding findElement on session 9d8feac7523dd04c3466de99d00142ed to remote] DEBUG org.asynchttpclient.netty.request.NettyRequestSender - Using pooled Channel '[id: 0x597b1087, L:/127.0.0.1:61628 - R:localhost/127.0.0.1:60290]' for 'POST' to 'http://localhost:60290/session/9d8feac7523dd04c3466de99d00142ed/element'
11:15:18.733 [Forwarding findElement on session 9d8feac7523dd04c3466de99d00142ed to remote] DEBUG org.asynchttpclient.netty.request.NettyRequestSender - Using open Channel [id: 0x597b1087, L:/127.0.0.1:61628 - R:localhost/127.0.0.1:60290] for POST '/session/9d8feac7523dd04c3466de99d00142ed/element'
11:15:18.757 [AsyncHttpClient-1-2] DEBUG org.asynchttpclient.netty.handler.HttpHandler - 

Request DefaultHttpRequest(decodeResult: success, version: HTTP/1.1)
POST /session/9d8feac7523dd04c3466de99d00142ed/element HTTP/1.1
User-Agent: selenium/4.1.2 (java windows)
Content-Length: 138
Content-Type: application/json; charset=utf-8
host: localhost:60290
accept: */*

Response DefaultHttpResponse(decodeResult: success, version: HTTP/1.1)
HTTP/1.1 200 OK
Content-Type: application/json; charset=utf-8
cache-control: no-cache
content-length: 88

11:15:18.757 [AsyncHttpClient-1-2] DEBUG org.asynchttpclient.netty.channel.ChannelManager - Adding key: http://localhost:60290 for channel [id: 0x597b1087, L:/127.0.0.1:61628 - R:localhost/127.0.0.1:60290]
11:15:18.758 [Forwarding isElementEnabled on session 9d8feac7523dd04c3466de99d00142ed to remote] DEBUG org.asynchttpclient.netty.request.NettyRequestSender - Using pooled Channel '[id: 0x597b1087, L:/127.0.0.1:61628 - R:localhost/127.0.0.1:60290]' for 'GET' to 'http://localhost:60290/session/9d8feac7523dd04c3466de99d00142ed/element/d26655af-f647-493c-9e75-38908998f8e4/enabled'
11:15:18.758 [Forwarding isElementEnabled on session 9d8feac7523dd04c3466de99d00142ed to remote] DEBUG org.asynchttpclient.netty.request.NettyRequestSender - Using open Channel [id: 0x597b1087, L:/127.0.0.1:61628 - R:localhost/127.0.0.1:60290] for GET '/session/9d8feac7523dd04c3466de99d00142ed/element/d26655af-f647-493c-9e75-38908998f8e4/enabled'
11:15:18.776 [AsyncHttpClient-1-2] DEBUG org.asynchttpclient.netty.handler.HttpHandler - 

Request DefaultFullHttpRequest(decodeResult: success, version: HTTP/1.1, content: EmptyByteBufBE)
GET /session/9d8feac7523dd04c3466de99d00142ed/element/d26655af-f647-493c-9e75-38908998f8e4/enabled HTTP/1.1
User-Agent: selenium/4.1.2 (java windows)
Cache-Control: no-cache
Content-Type: application/json; charset=utf-8
host: localhost:60290
accept: */*

Response DefaultHttpResponse(decodeResult: success, version: HTTP/1.1)
HTTP/1.1 200 OK
Content-Type: application/json; charset=utf-8
cache-control: no-cache
content-length: 14

11:15:18.776 [AsyncHttpClient-1-2] DEBUG org.asynchttpclient.netty.channel.ChannelManager - Adding key: http://localhost:60290 for channel [id: 0x597b1087, L:/127.0.0.1:61628 - R:localhost/127.0.0.1:60290]
11:15:18.791 [Forwarding screenshot on session 9d8feac7523dd04c3466de99d00142ed to remote] DEBUG org.asynchttpclient.netty.request.NettyRequestSender - Using pooled Channel '[id: 0x597b1087, L:/127.0.0.1:61628 - R:localhost/127.0.0.1:60290]' for 'GET' to 'http://localhost:60290/session/9d8feac7523dd04c3466de99d00142ed/screenshot'
11:15:18.791 [Forwarding screenshot on session 9d8feac7523dd04c3466de99d00142ed to remote] DEBUG org.asynchttpclient.netty.request.NettyRequestSender - Using open Channel [id: 0x597b1087, L:/127.0.0.1:61628 - R:localhost/127.0.0.1:60290] for GET '/session/9d8feac7523dd04c3466de99d00142ed/screenshot'
11:15:18.912 [AsyncHttpClient-1-1] DEBUG org.asynchttpclient.netty.channel.DefaultChannelPool - Entry count for : http://localhost:61629 : 1
11:15:18.990 [AsyncHttpClient-1-2] DEBUG org.asynchttpclient.netty.handler.HttpHandler - 

Request DefaultFullHttpRequest(decodeResult: success, version: HTTP/1.1, content: EmptyByteBufBE)
GET /session/9d8feac7523dd04c3466de99d00142ed/screenshot HTTP/1.1
User-Agent: selenium/4.1.2 (java windows)
Cache-Control: no-cache
Content-Type: application/json; charset=utf-8
host: localhost:60290
accept: */*

Response DefaultHttpResponse(decodeResult: success, version: HTTP/1.1)
HTTP/1.1 200 OK
Content-Type: application/json; charset=utf-8
cache-control: no-cache
content-length: 74656

11:15:18.991 [AsyncHttpClient-1-2] DEBUG org.asynchttpclient.netty.channel.ChannelManager - Adding key: http://localhost:60290 for channel [id: 0x597b1087, L:/127.0.0.1:61628 - R:localhost/127.0.0.1:60290]
11:15:18.996 [main] DEBUG net.serenitybdd.core.photography.Darkroom - Send negative for processing for target\site\serenity\e8b97310bcf02b6c98fe564bfb0d9ee18ecb0df1663a8742b820d6ec1fc38338.png
11:15:18.997 [main] DEBUG net.thucydides.core.steps.StepInterceptor - STEP DONE: validPagePasien
  &amp#27;[32mThen &amp#27;[0m&amp#27;[32mValid data category pasien&amp#27;[0m                         &amp#27;[90m# starter.stepdefinitios.PatientDataSteps.validDataCategoryPasien()&amp#27;[0m
11:15:19.043 [AsyncHttpClient-1-4] DEBUG org.asynchttpclient.netty.handler.WebSocketHandler - Channel Closed: [id: 0x103c8a18, L:/127.0.0.1:61641 ! R:localhost/127.0.0.1:61629] with attribute NettyResponseFuture{currentRetry=5,
	isDone=1,
	isCancelled=0,
	asyncHandler=org.asynchttpclient.ws.WebSocketUpgradeHandler@cfa605c,
	nettyRequest=org.asynchttpclient.netty.request.NettyRequest@58b2e623,
	future=java.util.concurrent.CompletableFuture@7a68d6d9[Completed normally],
	uri=ws://localhost:61629/devtools/browser/37707ec0-a981-4c33-9ca8-a892db9e7252,
	keepAlive=true,
	redirectCount=0,
	timeoutsHolder=null,
	inAuth=0,
	touch=1655525713734}
11:15:19.043 [AsyncHttpClient-1-4] DEBUG org.asynchttpclient.netty.channel.ChannelManager - Closing Channel [id: 0x103c8a18, L:/127.0.0.1:61641 ! R:localhost/127.0.0.1:61629] 
11:15:19.044 [Driver Command Executor] DEBUG org.asynchttpclient.netty.request.NettyRequestSender - Using pooled Channel '[id: 0x597b1087, L:/127.0.0.1:61628 - R:localhost/127.0.0.1:60290]' for 'DELETE' to 'http://localhost:60290/session/9d8feac7523dd04c3466de99d00142ed'
11:15:19.044 [Driver Command Executor] DEBUG org.asynchttpclient.netty.request.NettyRequestSender - Using open Channel [id: 0x597b1087, L:/127.0.0.1:61628 - R:localhost/127.0.0.1:60290] for DELETE '/session/9d8feac7523dd04c3466de99d00142ed'
11:15:19.509 [AsyncHttpClient-1-3] DEBUG org.asynchttpclient.netty.handler.HttpHandler - Unexpected I/O exception on channel [id: 0x0d7eb8ad, L:/127.0.0.1:61640 - R:localhost/127.0.0.1:61629]
java.io.IOException: An existing connection was forcibly closed by the remote host
	at java.base/sun.nio.ch.SocketDispatcher.read0(Native Method)
	at java.base/sun.nio.ch.SocketDispatcher.read(SocketDispatcher.java:43)
	at java.base/sun.nio.ch.IOUtil.readIntoNativeBuffer(IOUtil.java:276)
	at java.base/sun.nio.ch.IOUtil.read(IOUtil.java:233)
	at java.base/sun.nio.ch.IOUtil.read(IOUtil.java:223)
	at java.base/sun.nio.ch.SocketChannelImpl.read(SocketChannelImpl.java:358)
	at io.netty.buffer.PooledByteBuf.setBytes(PooledByteBuf.java:258)
	at io.netty.buffer.AbstractByteBuf.writeBytes(AbstractByteBuf.java:1132)
	at io.netty.channel.socket.nio.NioSocketChannel.doReadBytes(NioSocketChannel.java:350)
	at io.netty.channel.nio.AbstractNioByteChannel$NioByteUnsafe.read(AbstractNioByteChannel.java:151)
	at io.netty.channel.nio.NioEventLoop.processSelectedKey(NioEventLoop.java:722)
	at io.netty.channel.nio.NioEventLoop.processSelectedKeysOptimized(NioEventLoop.java:658)
	at io.netty.channel.nio.NioEventLoop.processSelectedKeys(NioEventLoop.java:584)
	at io.netty.channel.nio.NioEventLoop.run(NioEventLoop.java:496)
	at io.netty.util.concurrent.SingleThreadEventExecutor$4.run(SingleThreadEventExecutor.java:986)
	at io.netty.util.internal.ThreadExecutorMap$2.run(ThreadExecutorMap.java:74)
	at io.netty.util.concurrent.FastThreadLocalRunnable.run(FastThreadLocalRunnable.java:30)
	at java.base/java.lang.Thread.run(Thread.java:834)
11:15:19.509 [AsyncHttpClient-1-3] DEBUG org.asynchttpclient.netty.channel.ChannelManager - Closing Channel [id: 0x0d7eb8ad, L:/127.0.0.1:61640 - R:localhost/127.0.0.1:61629] 
11:15:19.509 [AsyncHttpClient-1-3] DEBUG org.asynchttpclient.netty.handler.HttpHandler - Channel Closed: [id: 0x0d7eb8ad, L:/127.0.0.1:61640 ! R:localhost/127.0.0.1:61629] with attribute DISCARD
11:15:19.550 [AsyncHttpClient-1-2] DEBUG org.asynchttpclient.netty.handler.HttpHandler - 

Request DefaultFullHttpRequest(decodeResult: success, version: HTTP/1.1, content: EmptyByteBufBE)
DELETE /session/9d8feac7523dd04c3466de99d00142ed HTTP/1.1
User-Agent: selenium/4.1.2 (java windows)
Content-Type: application/json; charset=utf-8
host: localhost:60290
accept: */*

Response DefaultHttpResponse(decodeResult: success, version: HTTP/1.1)
HTTP/1.1 200 OK
Content-Type: application/json; charset=utf-8
cache-control: no-cache
content-length: 14

11:15:19.550 [AsyncHttpClient-1-2] DEBUG org.asynchttpclient.netty.channel.ChannelManager - Adding key: http://localhost:60290 for channel [id: 0x597b1087, L:/127.0.0.1:61628 - R:localhost/127.0.0.1:60290]
11:15:19.912 [AsyncHttpClient-1-2] DEBUG org.asynchttpclient.netty.handler.HttpHandler - Channel Closed: [id: 0x597b1087, L:/127.0.0.1:61628 ! R:localhost/127.0.0.1:60290] with attribute DISCARD
11:15:20.015 [AsyncHttpClient-1-1] DEBUG org.asynchttpclient.netty.channel.DefaultChannelPool - Entry count for : http://localhost:61629 : 1
11:15:20.015 [AsyncHttpClient-1-1] DEBUG org.asynchttpclient.netty.channel.DefaultChannelPool - Entry count for : http://localhost:60290 : 1
11:15:20.015 [AsyncHttpClient-1-1] DEBUG org.asynchttpclient.netty.channel.DefaultChannelPool - Adding Candidate expired Channel [id: 0x0d7eb8ad, L:/127.0.0.1:61640 ! R:localhost/127.0.0.1:61629] isIdleTimeoutExpired=false isRemotelyClosed=true isTtlExpired=false
11:15:20.015 [AsyncHttpClient-1-1] DEBUG org.asynchttpclient.netty.channel.DefaultChannelPool - Closing Idle Channel [id: 0x0d7eb8ad, L:/127.0.0.1:61640 ! R:localhost/127.0.0.1:61629]
11:15:20.015 [AsyncHttpClient-1-1] DEBUG org.asynchttpclient.netty.channel.DefaultChannelPool - Adding Candidate expired Channel [id: 0x597b1087, L:/127.0.0.1:61628 ! R:localhost/127.0.0.1:60290] isIdleTimeoutExpired=false isRemotelyClosed=true isTtlExpired=false
11:15:20.015 [AsyncHttpClient-1-1] DEBUG org.asynchttpclient.netty.channel.DefaultChannelPool - Closing Idle Channel [id: 0x597b1087, L:/127.0.0.1:61628 ! R:localhost/127.0.0.1:60290]
11:15:20.015 [AsyncHttpClient-1-1] DEBUG org.asynchttpclient.netty.channel.DefaultChannelPool - Closed 2 connections out of 2 in 0 ms
11:15:20.440 [main] INFO  - 
  _____   ___   ___   _____     ___     _     ___   ___   ___   ___  
 |_   _| | __| / __| |_   _|   | _ \   /_\   / __| / __| | __| |   \ 
   | |   | _|  \__ \   | |     |  _/  / _ \  \__ \ \__ \ | _|  | |) |
   |_|   |___| |___/   |_|     |_|   /_/ \_\ |___/ |___/ |___| |___/ 

As a admin i want to delete data pasien
----------------------------------------------------------------------
]]></system-out>
    <system-err><![CDATA[Starting ChromeDriver 102.0.5005.61 (0e59bcc00cc4985ce39ad31c150065f159d95ad3-refs/branch-heads/5005@{#819}) on port 60290
Only local connections are allowed.
Please see https://chromedriver.chromium.org/security-considerations for suggestions on keeping ChromeDriver safe.
ChromeDriver was started successfully.
Jun 18, 2022 11:15:13 AM org.openqa.selenium.remote.ProtocolHandshake createSession
INFO: Detected dialect: W3C
Jun 18, 2022 11:15:13 AM org.openqa.selenium.devtools.CdpVersionFinder findNearestMatch
WARNING: Unable to find an exact match for CDP version 102, so returning the closest version found: a no-op implementation
Jun 18, 2022 11:15:13 AM org.openqa.selenium.devtools.CdpVersionFinder findNearestMatch
INFO: Unable to find CDP implementation matching 102.
Jun 18, 2022 11:15:13 AM org.openqa.selenium.chromium.ChromiumDriver lambda$new$3
WARNING: Unable to find version of CDP to use for . You may need to include a dependency on a specific version of the CDP using something similar to `org.seleniumhq.selenium:selenium-devtools-v86:4.1.2` where the version ("v86") matches the version of the chromium-based browser you're using and the version number of the artifact is the same as Selenium's.
]]></system-err>
  </testcase>
  <testcase name="As a admin i want to delete data pasien #2" classname="Search Data Pasien - Admin" time="11.405">
    <system-out><![CDATA[
@SearchDataPasien @SearchPatientData
Scenario Outline: As a admin i want to delete data pasien &amp#27;[90m# src/test/resources/features/SearchDataPasien.feature:14&amp#27;[0m
11:15:20.466 [main] INFO io.cucumber.core.plugin.SerenityReporter - Running feature from file:///D:/New%20folder%20(2)/Capstone/Testing/src/test/resources/features/SearchDataPasien.feature
11:15:20.522 [main] DEBUG net.thucydides.core.steps.StepInterceptor - STARTING STEP: PatientDataSteps.openPageDataPasien - openDataPasien
11:15:20.526 [main] INFO net.serenitybdd.core.webdriver.driverproviders.ChromeDriverProvider - Using automatically driver download
11:15:20.904 [main] DEBUG io.github.bonigarcia.wdm.cache.ResolutionCache - Resolution chrome=102 in cache (valid until 12:10:27 18/06/2022 ICT)
11:15:20.926 [main] DEBUG io.github.bonigarcia.wdm.cache.ResolutionCache - Resolution chrome102=102.0.5005.61 in cache (valid until 19:49:35 18/06/2022 ICT)
11:15:20.940 [main] INFO io.github.bonigarcia.wdm.WebDriverManager - Using chromedriver 102.0.5005.61 (resolved driver for Chrome 102)
11:15:21.019 [main] DEBUG io.github.bonigarcia.wdm.WebDriverManager - Driver chromedriver 102.0.5005.61 found in cache
11:15:21.021 [main] INFO io.github.bonigarcia.wdm.WebDriverManager - Exporting webdriver.chrome.driver as C:\Users\ASUS\.cache\selenium\chromedriver\win32\102.0.5005.61\chromedriver.exe
11:15:21.314 [main] DEBUG net.serenitybdd.core.webdriver.driverproviders.ProvideNewDriver - Instantiating driver
11:15:21.314 [main] DEBUG net.serenitybdd.core.webdriver.driverproviders.ProvideNewDriver - Driver capabilities: Capabilities {acceptInsecureCerts: false, base.url: https://fanciful-trifle-360..., browserName: chrome, chore.driver: src/test/resources/webdrive..., driver: chrome, goog:chromeOptions: {args: [], extensions: []}}
11:15:21.874 [AsyncHttpClient-1-5] DEBUG org.asynchttpclient.netty.channel.NettyConnectListener - Using new Channel '[id: 0xdc73b5b4, L:/127.0.0.1:61661 - R:localhost/127.0.0.1:65507]' for 'POST' to '/session'
11:15:23.939 [AsyncHttpClient-1-5] DEBUG org.asynchttpclient.netty.handler.HttpHandler - 

Request DefaultHttpRequest(decodeResult: success, version: HTTP/1.1)
POST /session HTTP/1.1
User-Agent: selenium/4.1.2 (java windows)
Content-Length: 628
Content-Type: application/json; charset=utf-8
host: localhost:65507
accept: */*

Response DefaultHttpResponse(decodeResult: success, version: HTTP/1.1)
HTTP/1.1 200 OK
Content-Type: application/json; charset=utf-8
cache-control: no-cache
content-length: 789

11:15:23.940 [AsyncHttpClient-1-5] DEBUG org.asynchttpclient.netty.channel.ChannelManager - Adding key: http://localhost:65507 for channel [id: 0xdc73b5b4, L:/127.0.0.1:61661 - R:localhost/127.0.0.1:65507]
11:15:23.977 [AsyncHttpClient-1-6] DEBUG org.asynchttpclient.netty.channel.NettyConnectListener - Using new Channel '[id: 0x346574bb, L:/127.0.0.1:61673 - R:localhost/127.0.0.1:61664]' for 'GET' to '/json/version'
11:15:23.991 [AsyncHttpClient-1-6] DEBUG org.asynchttpclient.netty.handler.HttpHandler - 

Request DefaultFullHttpRequest(decodeResult: success, version: HTTP/1.1, content: EmptyByteBufBE)
GET /json/version HTTP/1.1
User-Agent: selenium/4.1.2 (java windows)
host: localhost:61664
accept: */*

Response DefaultHttpResponse(decodeResult: success, version: HTTP/1.1)
HTTP/1.1 200 OK
Content-Type: application/json; charset=UTF-8
content-length: 428

11:15:23.992 [AsyncHttpClient-1-6] DEBUG org.asynchttpclient.netty.channel.ChannelManager - Adding key: http://localhost:61664 for channel [id: 0x346574bb, L:/127.0.0.1:61673 - R:localhost/127.0.0.1:61664]
11:15:23.999 [AsyncHttpClient-1-7] DEBUG org.asynchttpclient.netty.channel.NettyConnectListener - Using new Channel '[id: 0xad98d55d, L:/127.0.0.1:61674 - R:localhost/127.0.0.1:61664]' for 'GET' to '/devtools/browser/52f9b86b-6d27-48fe-9396-570bee884019'
11:15:24.007 [AsyncHttpClient-1-7] DEBUG org.asynchttpclient.netty.handler.WebSocketHandler - 

Request DefaultFullHttpRequest(decodeResult: success, version: HTTP/1.1, content: EmptyByteBufBE)
GET /devtools/browser/52f9b86b-6d27-48fe-9396-570bee884019 HTTP/1.1
upgrade: websocket
connection: upgrade
sec-websocket-key: Z3LvwzcgOa4kP9PMMBw1OQ==
sec-websocket-version: 13
origin: http://localhost:61664
host: localhost:61664
accept: */*
user-agent: AHC/2.1

Response DefaultHttpResponse(decodeResult: success, version: HTTP/1.1)
HTTP/1.1 101 WebSocket Protocol Handshake
Upgrade: WebSocket
Connection: Upgrade
Sec-WebSocket-Accept: kSy4QgxO2f/jJ0Wp0u+eNRpapjM=

11:15:24.024 [Forwarding get on session a44ab96d658db9e64ab4c94afaa5b99f to remote] DEBUG org.asynchttpclient.netty.request.NettyRequestSender - Using pooled Channel '[id: 0xdc73b5b4, L:/127.0.0.1:61661 - R:localhost/127.0.0.1:65507]' for 'POST' to 'http://localhost:65507/session/a44ab96d658db9e64ab4c94afaa5b99f/url'
11:15:24.024 [Forwarding get on session a44ab96d658db9e64ab4c94afaa5b99f to remote] DEBUG org.asynchttpclient.netty.request.NettyRequestSender - Using open Channel [id: 0xdc73b5b4, L:/127.0.0.1:61661 - R:localhost/127.0.0.1:65507] for POST '/session/a44ab96d658db9e64ab4c94afaa5b99f/url'
11:15:24.435 [AsyncHttpClient-1-1] DEBUG org.asynchttpclient.netty.channel.DefaultChannelPool - Entry count for : http://localhost:61664 : 1
11:15:25.525 [AsyncHttpClient-1-1] DEBUG org.asynchttpclient.netty.channel.DefaultChannelPool - Entry count for : http://localhost:61664 : 1
11:15:25.641 [AsyncHttpClient-1-5] DEBUG org.asynchttpclient.netty.handler.HttpHandler - 

Request DefaultHttpRequest(decodeResult: success, version: HTTP/1.1)
POST /session/a44ab96d658db9e64ab4c94afaa5b99f/url HTTP/1.1
User-Agent: selenium/4.1.2 (java windows)
Content-Length: 84
Content-Type: application/json; charset=utf-8
host: localhost:65507
accept: */*

Response DefaultHttpResponse(decodeResult: success, version: HTTP/1.1)
HTTP/1.1 200 OK
Content-Type: application/json; charset=utf-8
cache-control: no-cache
content-length: 14

11:15:25.641 [AsyncHttpClient-1-5] DEBUG org.asynchttpclient.netty.channel.ChannelManager - Adding key: http://localhost:65507 for channel [id: 0xdc73b5b4, L:/127.0.0.1:61661 - R:localhost/127.0.0.1:65507]
11:15:25.644 [Forwarding setTimeout on session a44ab96d658db9e64ab4c94afaa5b99f to remote] DEBUG org.asynchttpclient.netty.request.NettyRequestSender - Using pooled Channel '[id: 0xdc73b5b4, L:/127.0.0.1:61661 - R:localhost/127.0.0.1:65507]' for 'POST' to 'http://localhost:65507/session/a44ab96d658db9e64ab4c94afaa5b99f/timeouts'
11:15:25.644 [Forwarding setTimeout on session a44ab96d658db9e64ab4c94afaa5b99f to remote] DEBUG org.asynchttpclient.netty.request.NettyRequestSender - Using open Channel [id: 0xdc73b5b4, L:/127.0.0.1:61661 - R:localhost/127.0.0.1:65507] for POST '/session/a44ab96d658db9e64ab4c94afaa5b99f/timeouts'
11:15:25.650 [AsyncHttpClient-1-5] DEBUG org.asynchttpclient.netty.handler.HttpHandler - 

Request DefaultHttpRequest(decodeResult: success, version: HTTP/1.1)
POST /session/a44ab96d658db9e64ab4c94afaa5b99f/timeouts HTTP/1.1
User-Agent: selenium/4.1.2 (java windows)
Content-Length: 22
Content-Type: application/json; charset=utf-8
host: localhost:65507
accept: */*

Response DefaultHttpResponse(decodeResult: success, version: HTTP/1.1)
HTTP/1.1 200 OK
Content-Type: application/json; charset=utf-8
cache-control: no-cache
content-length: 14

11:15:25.650 [AsyncHttpClient-1-5] DEBUG org.asynchttpclient.netty.channel.ChannelManager - Adding key: http://localhost:65507 for channel [id: 0xdc73b5b4, L:/127.0.0.1:61661 - R:localhost/127.0.0.1:65507]
11:15:25.655 [Forwarding getCurrentUrl on session a44ab96d658db9e64ab4c94afaa5b99f to remote] DEBUG org.asynchttpclient.netty.request.NettyRequestSender - Using pooled Channel '[id: 0xdc73b5b4, L:/127.0.0.1:61661 - R:localhost/127.0.0.1:65507]' for 'GET' to 'http://localhost:65507/session/a44ab96d658db9e64ab4c94afaa5b99f/url'
11:15:25.655 [Forwarding getCurrentUrl on session a44ab96d658db9e64ab4c94afaa5b99f to remote] DEBUG org.asynchttpclient.netty.request.NettyRequestSender - Using open Channel [id: 0xdc73b5b4, L:/127.0.0.1:61661 - R:localhost/127.0.0.1:65507] for GET '/session/a44ab96d658db9e64ab4c94afaa5b99f/url'
11:15:25.726 [AsyncHttpClient-1-5] DEBUG org.asynchttpclient.netty.handler.HttpHandler - 

Request DefaultFullHttpRequest(decodeResult: success, version: HTTP/1.1, content: EmptyByteBufBE)
GET /session/a44ab96d658db9e64ab4c94afaa5b99f/url HTTP/1.1
User-Agent: selenium/4.1.2 (java windows)
Cache-Control: no-cache
Content-Type: application/json; charset=utf-8
host: localhost:65507
accept: */*

Response DefaultHttpResponse(decodeResult: success, version: HTTP/1.1)
HTTP/1.1 200 OK
Content-Type: application/json; charset=utf-8
cache-control: no-cache
content-length: 66

11:15:25.726 [AsyncHttpClient-1-5] DEBUG org.asynchttpclient.netty.channel.ChannelManager - Adding key: http://localhost:65507 for channel [id: 0xdc73b5b4, L:/127.0.0.1:61661 - R:localhost/127.0.0.1:65507]
11:15:25.743 [Forwarding screenshot on session a44ab96d658db9e64ab4c94afaa5b99f to remote] DEBUG org.asynchttpclient.netty.request.NettyRequestSender - Using pooled Channel '[id: 0xdc73b5b4, L:/127.0.0.1:61661 - R:localhost/127.0.0.1:65507]' for 'GET' to 'http://localhost:65507/session/a44ab96d658db9e64ab4c94afaa5b99f/screenshot'
11:15:25.744 [Forwarding screenshot on session a44ab96d658db9e64ab4c94afaa5b99f to remote] DEBUG org.asynchttpclient.netty.request.NettyRequestSender - Using open Channel [id: 0xdc73b5b4, L:/127.0.0.1:61661 - R:localhost/127.0.0.1:65507] for GET '/session/a44ab96d658db9e64ab4c94afaa5b99f/screenshot'
11:15:26.621 [AsyncHttpClient-1-1] DEBUG org.asynchttpclient.netty.channel.DefaultChannelPool - Entry count for : http://localhost:61664 : 1
11:15:26.845 [AsyncHttpClient-1-5] DEBUG org.asynchttpclient.netty.handler.HttpHandler - 

Request DefaultFullHttpRequest(decodeResult: success, version: HTTP/1.1, content: EmptyByteBufBE)
GET /session/a44ab96d658db9e64ab4c94afaa5b99f/screenshot HTTP/1.1
User-Agent: selenium/4.1.2 (java windows)
Cache-Control: no-cache
Content-Type: application/json; charset=utf-8
host: localhost:65507
accept: */*

Response DefaultHttpResponse(decodeResult: success, version: HTTP/1.1)
HTTP/1.1 200 OK
Content-Type: application/json; charset=utf-8
cache-control: no-cache
content-length: 66608

11:15:26.848 [AsyncHttpClient-1-5] DEBUG org.asynchttpclient.netty.channel.ChannelManager - Adding key: http://localhost:65507 for channel [id: 0xdc73b5b4, L:/127.0.0.1:61661 - R:localhost/127.0.0.1:65507]
11:15:26.857 [main] DEBUG net.serenitybdd.core.photography.Darkroom - Send negative for processing for target\site\serenity\3b111ae00db26295d7ecbde886ea4451aead6619240013077047abd82e88d678.png
11:15:26.857 [main] DEBUG net.thucydides.core.steps.StepInterceptor - STEP DONE: openDataPasien
  &amp#27;[32mGiven &amp#27;[0m&amp#27;[32mOpen page data pasien&amp#27;[0m                             &amp#27;[90m# starter.stepdefinitios.PatientDataSteps.openPageDataPasien()&amp#27;[0m
11:15:26.911 [Forwarding screenshot on session a44ab96d658db9e64ab4c94afaa5b99f to remote] DEBUG org.asynchttpclient.netty.request.NettyRequestSender - Using pooled Channel '[id: 0xdc73b5b4, L:/127.0.0.1:61661 - R:localhost/127.0.0.1:65507]' for 'GET' to 'http://localhost:65507/session/a44ab96d658db9e64ab4c94afaa5b99f/screenshot'
11:15:26.911 [Forwarding screenshot on session a44ab96d658db9e64ab4c94afaa5b99f to remote] DEBUG org.asynchttpclient.netty.request.NettyRequestSender - Using open Channel [id: 0xdc73b5b4, L:/127.0.0.1:61661 - R:localhost/127.0.0.1:65507] for GET '/session/a44ab96d658db9e64ab4c94afaa5b99f/screenshot'
11:15:27.115 [AsyncHttpClient-1-5] DEBUG org.asynchttpclient.netty.handler.HttpHandler - 

Request DefaultFullHttpRequest(decodeResult: success, version: HTTP/1.1, content: EmptyByteBufBE)
GET /session/a44ab96d658db9e64ab4c94afaa5b99f/screenshot HTTP/1.1
User-Agent: selenium/4.1.2 (java windows)
Cache-Control: no-cache
Content-Type: application/json; charset=utf-8
host: localhost:65507
accept: */*

Response DefaultHttpResponse(decodeResult: success, version: HTTP/1.1)
HTTP/1.1 200 OK
Content-Type: application/json; charset=utf-8
cache-control: no-cache
content-length: 76112

11:15:27.116 [AsyncHttpClient-1-5] DEBUG org.asynchttpclient.netty.channel.ChannelManager - Adding key: http://localhost:65507 for channel [id: 0xdc73b5b4, L:/127.0.0.1:61661 - R:localhost/127.0.0.1:65507]
11:15:27.122 [main] DEBUG net.serenitybdd.core.photography.Darkroom - Send negative for processing for target\site\serenity\b787d446d5646e0086284b5ecaa0c3c705b934ad73d4e222fdb5e79f70f0a36b.png
11:15:27.122 [main] DEBUG net.thucydides.core.steps.StepInterceptor - STARTING STEP: PatientDataSteps.clickSearchAllCategoryPatientData - clickButtonAllCategory
11:15:27.128 [Forwarding findElement on session a44ab96d658db9e64ab4c94afaa5b99f to remote] DEBUG org.asynchttpclient.netty.request.NettyRequestSender - Using pooled Channel '[id: 0xdc73b5b4, L:/127.0.0.1:61661 - R:localhost/127.0.0.1:65507]' for 'POST' to 'http://localhost:65507/session/a44ab96d658db9e64ab4c94afaa5b99f/element'
11:15:27.128 [Forwarding findElement on session a44ab96d658db9e64ab4c94afaa5b99f to remote] DEBUG org.asynchttpclient.netty.request.NettyRequestSender - Using open Channel [id: 0xdc73b5b4, L:/127.0.0.1:61661 - R:localhost/127.0.0.1:65507] for POST '/session/a44ab96d658db9e64ab4c94afaa5b99f/element'
11:15:27.155 [AsyncHttpClient-1-5] DEBUG org.asynchttpclient.netty.handler.HttpHandler - 

Request DefaultHttpRequest(decodeResult: success, version: HTTP/1.1)
POST /session/a44ab96d658db9e64ab4c94afaa5b99f/element HTTP/1.1
User-Agent: selenium/4.1.2 (java windows)
Content-Length: 81
Content-Type: application/json; charset=utf-8
host: localhost:65507
accept: */*

Response DefaultHttpResponse(decodeResult: success, version: HTTP/1.1)
HTTP/1.1 200 OK
Content-Type: application/json; charset=utf-8
cache-control: no-cache
content-length: 88

11:15:27.155 [AsyncHttpClient-1-5] DEBUG org.asynchttpclient.netty.channel.ChannelManager - Adding key: http://localhost:65507 for channel [id: 0xdc73b5b4, L:/127.0.0.1:61661 - R:localhost/127.0.0.1:65507]
11:15:27.157 [Forwarding getElementTagName on session a44ab96d658db9e64ab4c94afaa5b99f to remote] DEBUG org.asynchttpclient.netty.request.NettyRequestSender - Using pooled Channel '[id: 0xdc73b5b4, L:/127.0.0.1:61661 - R:localhost/127.0.0.1:65507]' for 'GET' to 'http://localhost:65507/session/a44ab96d658db9e64ab4c94afaa5b99f/element/f431a436-1b53-4d74-9b94-439af97c34ce/name'
11:15:27.158 [Forwarding getElementTagName on session a44ab96d658db9e64ab4c94afaa5b99f to remote] DEBUG org.asynchttpclient.netty.request.NettyRequestSender - Using open Channel [id: 0xdc73b5b4, L:/127.0.0.1:61661 - R:localhost/127.0.0.1:65507] for GET '/session/a44ab96d658db9e64ab4c94afaa5b99f/element/f431a436-1b53-4d74-9b94-439af97c34ce/name'
11:15:27.167 [AsyncHttpClient-1-5] DEBUG org.asynchttpclient.netty.handler.HttpHandler - 

Request DefaultFullHttpRequest(decodeResult: success, version: HTTP/1.1, content: EmptyByteBufBE)
GET /session/a44ab96d658db9e64ab4c94afaa5b99f/element/f431a436-1b53-4d74-9b94-439af97c34ce/name HTTP/1.1
User-Agent: selenium/4.1.2 (java windows)
Cache-Control: no-cache
Content-Type: application/json; charset=utf-8
host: localhost:65507
accept: */*

Response DefaultHttpResponse(decodeResult: success, version: HTTP/1.1)
HTTP/1.1 200 OK
Content-Type: application/json; charset=utf-8
cache-control: no-cache
content-length: 18

11:15:27.167 [AsyncHttpClient-1-5] DEBUG org.asynchttpclient.netty.channel.ChannelManager - Adding key: http://localhost:65507 for channel [id: 0xdc73b5b4, L:/127.0.0.1:61661 - R:localhost/127.0.0.1:65507]
11:15:27.169 [Forwarding getElementTagName on session a44ab96d658db9e64ab4c94afaa5b99f to remote] DEBUG org.asynchttpclient.netty.request.NettyRequestSender - Using pooled Channel '[id: 0xdc73b5b4, L:/127.0.0.1:61661 - R:localhost/127.0.0.1:65507]' for 'GET' to 'http://localhost:65507/session/a44ab96d658db9e64ab4c94afaa5b99f/element/f431a436-1b53-4d74-9b94-439af97c34ce/name'
11:15:27.169 [Forwarding getElementTagName on session a44ab96d658db9e64ab4c94afaa5b99f to remote] DEBUG org.asynchttpclient.netty.request.NettyRequestSender - Using open Channel [id: 0xdc73b5b4, L:/127.0.0.1:61661 - R:localhost/127.0.0.1:65507] for GET '/session/a44ab96d658db9e64ab4c94afaa5b99f/element/f431a436-1b53-4d74-9b94-439af97c34ce/name'
11:15:27.175 [AsyncHttpClient-1-5] DEBUG org.asynchttpclient.netty.handler.HttpHandler - 

Request DefaultFullHttpRequest(decodeResult: success, version: HTTP/1.1, content: EmptyByteBufBE)
GET /session/a44ab96d658db9e64ab4c94afaa5b99f/element/f431a436-1b53-4d74-9b94-439af97c34ce/name HTTP/1.1
User-Agent: selenium/4.1.2 (java windows)
Cache-Control: no-cache
Content-Type: application/json; charset=utf-8
host: localhost:65507
accept: */*

Response DefaultHttpResponse(decodeResult: success, version: HTTP/1.1)
HTTP/1.1 200 OK
Content-Type: application/json; charset=utf-8
cache-control: no-cache
content-length: 18

11:15:27.175 [AsyncHttpClient-1-5] DEBUG org.asynchttpclient.netty.channel.ChannelManager - Adding key: http://localhost:65507 for channel [id: 0xdc73b5b4, L:/127.0.0.1:61661 - R:localhost/127.0.0.1:65507]
11:15:27.181 [Forwarding isElementEnabled on session a44ab96d658db9e64ab4c94afaa5b99f to remote] DEBUG org.asynchttpclient.netty.request.NettyRequestSender - Using pooled Channel '[id: 0xdc73b5b4, L:/127.0.0.1:61661 - R:localhost/127.0.0.1:65507]' for 'GET' to 'http://localhost:65507/session/a44ab96d658db9e64ab4c94afaa5b99f/element/f431a436-1b53-4d74-9b94-439af97c34ce/enabled'
11:15:27.181 [Forwarding isElementEnabled on session a44ab96d658db9e64ab4c94afaa5b99f to remote] DEBUG org.asynchttpclient.netty.request.NettyRequestSender - Using open Channel [id: 0xdc73b5b4, L:/127.0.0.1:61661 - R:localhost/127.0.0.1:65507] for GET '/session/a44ab96d658db9e64ab4c94afaa5b99f/element/f431a436-1b53-4d74-9b94-439af97c34ce/enabled'
11:15:27.199 [AsyncHttpClient-1-5] DEBUG org.asynchttpclient.netty.handler.HttpHandler - 

Request DefaultFullHttpRequest(decodeResult: success, version: HTTP/1.1, content: EmptyByteBufBE)
GET /session/a44ab96d658db9e64ab4c94afaa5b99f/element/f431a436-1b53-4d74-9b94-439af97c34ce/enabled HTTP/1.1
User-Agent: selenium/4.1.2 (java windows)
Cache-Control: no-cache
Content-Type: application/json; charset=utf-8
host: localhost:65507
accept: */*

Response DefaultHttpResponse(decodeResult: success, version: HTTP/1.1)
HTTP/1.1 200 OK
Content-Type: application/json; charset=utf-8
cache-control: no-cache
content-length: 14

11:15:27.202 [AsyncHttpClient-1-5] DEBUG org.asynchttpclient.netty.channel.ChannelManager - Adding key: http://localhost:65507 for channel [id: 0xdc73b5b4, L:/127.0.0.1:61661 - R:localhost/127.0.0.1:65507]
11:15:27.204 [Forwarding isElementEnabled on session a44ab96d658db9e64ab4c94afaa5b99f to remote] DEBUG org.asynchttpclient.netty.request.NettyRequestSender - Using pooled Channel '[id: 0xdc73b5b4, L:/127.0.0.1:61661 - R:localhost/127.0.0.1:65507]' for 'GET' to 'http://localhost:65507/session/a44ab96d658db9e64ab4c94afaa5b99f/element/f431a436-1b53-4d74-9b94-439af97c34ce/enabled'
11:15:27.204 [Forwarding isElementEnabled on session a44ab96d658db9e64ab4c94afaa5b99f to remote] DEBUG org.asynchttpclient.netty.request.NettyRequestSender - Using open Channel [id: 0xdc73b5b4, L:/127.0.0.1:61661 - R:localhost/127.0.0.1:65507] for GET '/session/a44ab96d658db9e64ab4c94afaa5b99f/element/f431a436-1b53-4d74-9b94-439af97c34ce/enabled'
11:15:27.218 [AsyncHttpClient-1-5] DEBUG org.asynchttpclient.netty.handler.HttpHandler - 

Request DefaultFullHttpRequest(decodeResult: success, version: HTTP/1.1, content: EmptyByteBufBE)
GET /session/a44ab96d658db9e64ab4c94afaa5b99f/element/f431a436-1b53-4d74-9b94-439af97c34ce/enabled HTTP/1.1
User-Agent: selenium/4.1.2 (java windows)
Cache-Control: no-cache
Content-Type: application/json; charset=utf-8
host: localhost:65507
accept: */*

Response DefaultHttpResponse(decodeResult: success, version: HTTP/1.1)
HTTP/1.1 200 OK
Content-Type: application/json; charset=utf-8
cache-control: no-cache
content-length: 14

11:15:27.218 [AsyncHttpClient-1-5] DEBUG org.asynchttpclient.netty.channel.ChannelManager - Adding key: http://localhost:65507 for channel [id: 0xdc73b5b4, L:/127.0.0.1:61661 - R:localhost/127.0.0.1:65507]
11:15:27.222 [Forwarding findElement on session a44ab96d658db9e64ab4c94afaa5b99f to remote] DEBUG org.asynchttpclient.netty.request.NettyRequestSender - Using pooled Channel '[id: 0xdc73b5b4, L:/127.0.0.1:61661 - R:localhost/127.0.0.1:65507]' for 'POST' to 'http://localhost:65507/session/a44ab96d658db9e64ab4c94afaa5b99f/element'
11:15:27.222 [Forwarding findElement on session a44ab96d658db9e64ab4c94afaa5b99f to remote] DEBUG org.asynchttpclient.netty.request.NettyRequestSender - Using open Channel [id: 0xdc73b5b4, L:/127.0.0.1:61661 - R:localhost/127.0.0.1:65507] for POST '/session/a44ab96d658db9e64ab4c94afaa5b99f/element'
11:15:27.242 [AsyncHttpClient-1-5] DEBUG org.asynchttpclient.netty.handler.HttpHandler - 

Request DefaultHttpRequest(decodeResult: success, version: HTTP/1.1)
POST /session/a44ab96d658db9e64ab4c94afaa5b99f/element HTTP/1.1
User-Agent: selenium/4.1.2 (java windows)
Content-Length: 81
Content-Type: application/json; charset=utf-8
host: localhost:65507
accept: */*

Response DefaultHttpResponse(decodeResult: success, version: HTTP/1.1)
HTTP/1.1 200 OK
Content-Type: application/json; charset=utf-8
cache-control: no-cache
content-length: 88

11:15:27.242 [AsyncHttpClient-1-5] DEBUG org.asynchttpclient.netty.channel.ChannelManager - Adding key: http://localhost:65507 for channel [id: 0xdc73b5b4, L:/127.0.0.1:61661 - R:localhost/127.0.0.1:65507]
11:15:27.245 [Forwarding clickElement on session a44ab96d658db9e64ab4c94afaa5b99f to remote] DEBUG org.asynchttpclient.netty.request.NettyRequestSender - Using pooled Channel '[id: 0xdc73b5b4, L:/127.0.0.1:61661 - R:localhost/127.0.0.1:65507]' for 'POST' to 'http://localhost:65507/session/a44ab96d658db9e64ab4c94afaa5b99f/element/f431a436-1b53-4d74-9b94-439af97c34ce/click'
11:15:27.245 [Forwarding clickElement on session a44ab96d658db9e64ab4c94afaa5b99f to remote] DEBUG org.asynchttpclient.netty.request.NettyRequestSender - Using open Channel [id: 0xdc73b5b4, L:/127.0.0.1:61661 - R:localhost/127.0.0.1:65507] for POST '/session/a44ab96d658db9e64ab4c94afaa5b99f/element/f431a436-1b53-4d74-9b94-439af97c34ce/click'
11:15:27.367 [AsyncHttpClient-1-5] DEBUG org.asynchttpclient.netty.handler.HttpHandler - 

Request DefaultHttpRequest(decodeResult: success, version: HTTP/1.1)
POST /session/a44ab96d658db9e64ab4c94afaa5b99f/element/f431a436-1b53-4d74-9b94-439af97c34ce/click HTTP/1.1
User-Agent: selenium/4.1.2 (java windows)
Content-Length: 50
Content-Type: application/json; charset=utf-8
host: localhost:65507
accept: */*

Response DefaultHttpResponse(decodeResult: success, version: HTTP/1.1)
HTTP/1.1 200 OK
Content-Type: application/json; charset=utf-8
cache-control: no-cache
content-length: 14

11:15:27.367 [AsyncHttpClient-1-5] DEBUG org.asynchttpclient.netty.channel.ChannelManager - Adding key: http://localhost:65507 for channel [id: 0xdc73b5b4, L:/127.0.0.1:61661 - R:localhost/127.0.0.1:65507]
11:15:27.386 [Forwarding screenshot on session a44ab96d658db9e64ab4c94afaa5b99f to remote] DEBUG org.asynchttpclient.netty.request.NettyRequestSender - Using pooled Channel '[id: 0xdc73b5b4, L:/127.0.0.1:61661 - R:localhost/127.0.0.1:65507]' for 'GET' to 'http://localhost:65507/session/a44ab96d658db9e64ab4c94afaa5b99f/screenshot'
11:15:27.386 [Forwarding screenshot on session a44ab96d658db9e64ab4c94afaa5b99f to remote] DEBUG org.asynchttpclient.netty.request.NettyRequestSender - Using open Channel [id: 0xdc73b5b4, L:/127.0.0.1:61661 - R:localhost/127.0.0.1:65507] for GET '/session/a44ab96d658db9e64ab4c94afaa5b99f/screenshot'
11:15:27.625 [AsyncHttpClient-1-5] DEBUG org.asynchttpclient.netty.handler.HttpHandler - 

Request DefaultFullHttpRequest(decodeResult: success, version: HTTP/1.1, content: EmptyByteBufBE)
GET /session/a44ab96d658db9e64ab4c94afaa5b99f/screenshot HTTP/1.1
User-Agent: selenium/4.1.2 (java windows)
Cache-Control: no-cache
Content-Type: application/json; charset=utf-8
host: localhost:65507
accept: */*

Response DefaultHttpResponse(decodeResult: success, version: HTTP/1.1)
HTTP/1.1 200 OK
Content-Type: application/json; charset=utf-8
cache-control: no-cache
content-length: 76112

11:15:27.626 [AsyncHttpClient-1-5] DEBUG org.asynchttpclient.netty.channel.ChannelManager - Adding key: http://localhost:65507 for channel [id: 0xdc73b5b4, L:/127.0.0.1:61661 - R:localhost/127.0.0.1:65507]
11:15:27.632 [main] DEBUG net.serenitybdd.core.photography.Darkroom - Send negative for processing for target\site\serenity\b787d446d5646e0086284b5ecaa0c3c705b934ad73d4e222fdb5e79f70f0a36b.png
11:15:27.633 [main] DEBUG net.thucydides.core.steps.StepInterceptor - STEP DONE: clickButtonAllCategory
  &amp#27;[32mAnd &amp#27;[0m&amp#27;[32mClick search all category Patient data&amp#27;[0m              &amp#27;[90m# starter.stepdefinitios.PatientDataSteps.clickSearchAllCategoryPatientData()&amp#27;[0m
11:15:27.676 [main] DEBUG net.thucydides.core.steps.StepInterceptor - STARTING STEP: PatientDataSteps.clickChoseNama - clickButtonCategoryNama
11:15:27.685 [Forwarding findElement on session a44ab96d658db9e64ab4c94afaa5b99f to remote] DEBUG org.asynchttpclient.netty.request.NettyRequestSender - Using pooled Channel '[id: 0xdc73b5b4, L:/127.0.0.1:61661 - R:localhost/127.0.0.1:65507]' for 'POST' to 'http://localhost:65507/session/a44ab96d658db9e64ab4c94afaa5b99f/element'
11:15:27.685 [Forwarding findElement on session a44ab96d658db9e64ab4c94afaa5b99f to remote] DEBUG org.asynchttpclient.netty.request.NettyRequestSender - Using open Channel [id: 0xdc73b5b4, L:/127.0.0.1:61661 - R:localhost/127.0.0.1:65507] for POST '/session/a44ab96d658db9e64ab4c94afaa5b99f/element'
11:15:27.714 [AsyncHttpClient-1-5] DEBUG org.asynchttpclient.netty.handler.HttpHandler - 

Request DefaultHttpRequest(decodeResult: success, version: HTTP/1.1)
POST /session/a44ab96d658db9e64ab4c94afaa5b99f/element HTTP/1.1
User-Agent: selenium/4.1.2 (java windows)
Content-Length: 81
Content-Type: application/json; charset=utf-8
host: localhost:65507
accept: */*

Response DefaultHttpResponse(decodeResult: success, version: HTTP/1.1)
HTTP/1.1 200 OK
Content-Type: application/json; charset=utf-8
cache-control: no-cache
content-length: 88

11:15:27.714 [AsyncHttpClient-1-5] DEBUG org.asynchttpclient.netty.channel.ChannelManager - Adding key: http://localhost:65507 for channel [id: 0xdc73b5b4, L:/127.0.0.1:61661 - R:localhost/127.0.0.1:65507]
11:15:27.717 [Forwarding getElementTagName on session a44ab96d658db9e64ab4c94afaa5b99f to remote] DEBUG org.asynchttpclient.netty.request.NettyRequestSender - Using pooled Channel '[id: 0xdc73b5b4, L:/127.0.0.1:61661 - R:localhost/127.0.0.1:65507]' for 'GET' to 'http://localhost:65507/session/a44ab96d658db9e64ab4c94afaa5b99f/element/c2f9e86c-9c9d-40a2-a7be-7b6e6ed83d85/name'
11:15:27.717 [Forwarding getElementTagName on session a44ab96d658db9e64ab4c94afaa5b99f to remote] DEBUG org.asynchttpclient.netty.request.NettyRequestSender - Using open Channel [id: 0xdc73b5b4, L:/127.0.0.1:61661 - R:localhost/127.0.0.1:65507] for GET '/session/a44ab96d658db9e64ab4c94afaa5b99f/element/c2f9e86c-9c9d-40a2-a7be-7b6e6ed83d85/name'
11:15:27.723 [AsyncHttpClient-1-1] DEBUG org.asynchttpclient.netty.channel.DefaultChannelPool - Entry count for : http://localhost:61664 : 1
11:15:27.726 [AsyncHttpClient-1-5] DEBUG org.asynchttpclient.netty.handler.HttpHandler - 

Request DefaultFullHttpRequest(decodeResult: success, version: HTTP/1.1, content: EmptyByteBufBE)
GET /session/a44ab96d658db9e64ab4c94afaa5b99f/element/c2f9e86c-9c9d-40a2-a7be-7b6e6ed83d85/name HTTP/1.1
User-Agent: selenium/4.1.2 (java windows)
Cache-Control: no-cache
Content-Type: application/json; charset=utf-8
host: localhost:65507
accept: */*

Response DefaultHttpResponse(decodeResult: success, version: HTTP/1.1)
HTTP/1.1 200 OK
Content-Type: application/json; charset=utf-8
cache-control: no-cache
content-length: 18

11:15:27.727 [AsyncHttpClient-1-5] DEBUG org.asynchttpclient.netty.channel.ChannelManager - Adding key: http://localhost:65507 for channel [id: 0xdc73b5b4, L:/127.0.0.1:61661 - R:localhost/127.0.0.1:65507]
11:15:27.729 [Forwarding getElementTagName on session a44ab96d658db9e64ab4c94afaa5b99f to remote] DEBUG org.asynchttpclient.netty.request.NettyRequestSender - Using pooled Channel '[id: 0xdc73b5b4, L:/127.0.0.1:61661 - R:localhost/127.0.0.1:65507]' for 'GET' to 'http://localhost:65507/session/a44ab96d658db9e64ab4c94afaa5b99f/element/c2f9e86c-9c9d-40a2-a7be-7b6e6ed83d85/name'
11:15:27.729 [Forwarding getElementTagName on session a44ab96d658db9e64ab4c94afaa5b99f to remote] DEBUG org.asynchttpclient.netty.request.NettyRequestSender - Using open Channel [id: 0xdc73b5b4, L:/127.0.0.1:61661 - R:localhost/127.0.0.1:65507] for GET '/session/a44ab96d658db9e64ab4c94afaa5b99f/element/c2f9e86c-9c9d-40a2-a7be-7b6e6ed83d85/name'
11:15:27.738 [AsyncHttpClient-1-5] DEBUG org.asynchttpclient.netty.handler.HttpHandler - 

Request DefaultFullHttpRequest(decodeResult: success, version: HTTP/1.1, content: EmptyByteBufBE)
GET /session/a44ab96d658db9e64ab4c94afaa5b99f/element/c2f9e86c-9c9d-40a2-a7be-7b6e6ed83d85/name HTTP/1.1
User-Agent: selenium/4.1.2 (java windows)
Cache-Control: no-cache
Content-Type: application/json; charset=utf-8
host: localhost:65507
accept: */*

Response DefaultHttpResponse(decodeResult: success, version: HTTP/1.1)
HTTP/1.1 200 OK
Content-Type: application/json; charset=utf-8
cache-control: no-cache
content-length: 18

11:15:27.738 [AsyncHttpClient-1-5] DEBUG org.asynchttpclient.netty.channel.ChannelManager - Adding key: http://localhost:65507 for channel [id: 0xdc73b5b4, L:/127.0.0.1:61661 - R:localhost/127.0.0.1:65507]
11:15:27.743 [Forwarding isElementEnabled on session a44ab96d658db9e64ab4c94afaa5b99f to remote] DEBUG org.asynchttpclient.netty.request.NettyRequestSender - Using pooled Channel '[id: 0xdc73b5b4, L:/127.0.0.1:61661 - R:localhost/127.0.0.1:65507]' for 'GET' to 'http://localhost:65507/session/a44ab96d658db9e64ab4c94afaa5b99f/element/c2f9e86c-9c9d-40a2-a7be-7b6e6ed83d85/enabled'
11:15:27.743 [Forwarding isElementEnabled on session a44ab96d658db9e64ab4c94afaa5b99f to remote] DEBUG org.asynchttpclient.netty.request.NettyRequestSender - Using open Channel [id: 0xdc73b5b4, L:/127.0.0.1:61661 - R:localhost/127.0.0.1:65507] for GET '/session/a44ab96d658db9e64ab4c94afaa5b99f/element/c2f9e86c-9c9d-40a2-a7be-7b6e6ed83d85/enabled'
11:15:27.815 [AsyncHttpClient-1-5] DEBUG org.asynchttpclient.netty.handler.HttpHandler - 

Request DefaultFullHttpRequest(decodeResult: success, version: HTTP/1.1, content: EmptyByteBufBE)
GET /session/a44ab96d658db9e64ab4c94afaa5b99f/element/c2f9e86c-9c9d-40a2-a7be-7b6e6ed83d85/enabled HTTP/1.1
User-Agent: selenium/4.1.2 (java windows)
Cache-Control: no-cache
Content-Type: application/json; charset=utf-8
host: localhost:65507
accept: */*

Response DefaultHttpResponse(decodeResult: success, version: HTTP/1.1)
HTTP/1.1 200 OK
Content-Type: application/json; charset=utf-8
cache-control: no-cache
content-length: 14

11:15:27.815 [AsyncHttpClient-1-5] DEBUG org.asynchttpclient.netty.channel.ChannelManager - Adding key: http://localhost:65507 for channel [id: 0xdc73b5b4, L:/127.0.0.1:61661 - R:localhost/127.0.0.1:65507]
11:15:27.817 [Forwarding isElementEnabled on session a44ab96d658db9e64ab4c94afaa5b99f to remote] DEBUG org.asynchttpclient.netty.request.NettyRequestSender - Using pooled Channel '[id: 0xdc73b5b4, L:/127.0.0.1:61661 - R:localhost/127.0.0.1:65507]' for 'GET' to 'http://localhost:65507/session/a44ab96d658db9e64ab4c94afaa5b99f/element/c2f9e86c-9c9d-40a2-a7be-7b6e6ed83d85/enabled'
11:15:27.817 [Forwarding isElementEnabled on session a44ab96d658db9e64ab4c94afaa5b99f to remote] DEBUG org.asynchttpclient.netty.request.NettyRequestSender - Using open Channel [id: 0xdc73b5b4, L:/127.0.0.1:61661 - R:localhost/127.0.0.1:65507] for GET '/session/a44ab96d658db9e64ab4c94afaa5b99f/element/c2f9e86c-9c9d-40a2-a7be-7b6e6ed83d85/enabled'
11:15:27.842 [AsyncHttpClient-1-5] DEBUG org.asynchttpclient.netty.handler.HttpHandler - 

Request DefaultFullHttpRequest(decodeResult: success, version: HTTP/1.1, content: EmptyByteBufBE)
GET /session/a44ab96d658db9e64ab4c94afaa5b99f/element/c2f9e86c-9c9d-40a2-a7be-7b6e6ed83d85/enabled HTTP/1.1
User-Agent: selenium/4.1.2 (java windows)
Cache-Control: no-cache
Content-Type: application/json; charset=utf-8
host: localhost:65507
accept: */*

Response DefaultHttpResponse(decodeResult: success, version: HTTP/1.1)
HTTP/1.1 200 OK
Content-Type: application/json; charset=utf-8
cache-control: no-cache
content-length: 14

11:15:27.842 [AsyncHttpClient-1-5] DEBUG org.asynchttpclient.netty.channel.ChannelManager - Adding key: http://localhost:65507 for channel [id: 0xdc73b5b4, L:/127.0.0.1:61661 - R:localhost/127.0.0.1:65507]
11:15:27.849 [Forwarding findElement on session a44ab96d658db9e64ab4c94afaa5b99f to remote] DEBUG org.asynchttpclient.netty.request.NettyRequestSender - Using pooled Channel '[id: 0xdc73b5b4, L:/127.0.0.1:61661 - R:localhost/127.0.0.1:65507]' for 'POST' to 'http://localhost:65507/session/a44ab96d658db9e64ab4c94afaa5b99f/element'
11:15:27.849 [Forwarding findElement on session a44ab96d658db9e64ab4c94afaa5b99f to remote] DEBUG org.asynchttpclient.netty.request.NettyRequestSender - Using open Channel [id: 0xdc73b5b4, L:/127.0.0.1:61661 - R:localhost/127.0.0.1:65507] for POST '/session/a44ab96d658db9e64ab4c94afaa5b99f/element'
11:15:27.872 [AsyncHttpClient-1-5] DEBUG org.asynchttpclient.netty.handler.HttpHandler - 

Request DefaultHttpRequest(decodeResult: success, version: HTTP/1.1)
POST /session/a44ab96d658db9e64ab4c94afaa5b99f/element HTTP/1.1
User-Agent: selenium/4.1.2 (java windows)
Content-Length: 81
Content-Type: application/json; charset=utf-8
host: localhost:65507
accept: */*

Response DefaultHttpResponse(decodeResult: success, version: HTTP/1.1)
HTTP/1.1 200 OK
Content-Type: application/json; charset=utf-8
cache-control: no-cache
content-length: 88

11:15:27.873 [AsyncHttpClient-1-5] DEBUG org.asynchttpclient.netty.channel.ChannelManager - Adding key: http://localhost:65507 for channel [id: 0xdc73b5b4, L:/127.0.0.1:61661 - R:localhost/127.0.0.1:65507]
11:15:27.875 [Forwarding clickElement on session a44ab96d658db9e64ab4c94afaa5b99f to remote] DEBUG org.asynchttpclient.netty.request.NettyRequestSender - Using pooled Channel '[id: 0xdc73b5b4, L:/127.0.0.1:61661 - R:localhost/127.0.0.1:65507]' for 'POST' to 'http://localhost:65507/session/a44ab96d658db9e64ab4c94afaa5b99f/element/c2f9e86c-9c9d-40a2-a7be-7b6e6ed83d85/click'
11:15:27.875 [Forwarding clickElement on session a44ab96d658db9e64ab4c94afaa5b99f to remote] DEBUG org.asynchttpclient.netty.request.NettyRequestSender - Using open Channel [id: 0xdc73b5b4, L:/127.0.0.1:61661 - R:localhost/127.0.0.1:65507] for POST '/session/a44ab96d658db9e64ab4c94afaa5b99f/element/c2f9e86c-9c9d-40a2-a7be-7b6e6ed83d85/click'
11:15:27.970 [AsyncHttpClient-1-5] DEBUG org.asynchttpclient.netty.handler.HttpHandler - 

Request DefaultHttpRequest(decodeResult: success, version: HTTP/1.1)
POST /session/a44ab96d658db9e64ab4c94afaa5b99f/element/c2f9e86c-9c9d-40a2-a7be-7b6e6ed83d85/click HTTP/1.1
User-Agent: selenium/4.1.2 (java windows)
Content-Length: 50
Content-Type: application/json; charset=utf-8
host: localhost:65507
accept: */*

Response DefaultHttpResponse(decodeResult: success, version: HTTP/1.1)
HTTP/1.1 200 OK
Content-Type: application/json; charset=utf-8
cache-control: no-cache
content-length: 14

11:15:27.970 [AsyncHttpClient-1-5] DEBUG org.asynchttpclient.netty.channel.ChannelManager - Adding key: http://localhost:65507 for channel [id: 0xdc73b5b4, L:/127.0.0.1:61661 - R:localhost/127.0.0.1:65507]
11:15:27.987 [Forwarding screenshot on session a44ab96d658db9e64ab4c94afaa5b99f to remote] DEBUG org.asynchttpclient.netty.request.NettyRequestSender - Using pooled Channel '[id: 0xdc73b5b4, L:/127.0.0.1:61661 - R:localhost/127.0.0.1:65507]' for 'GET' to 'http://localhost:65507/session/a44ab96d658db9e64ab4c94afaa5b99f/screenshot'
11:15:27.987 [Forwarding screenshot on session a44ab96d658db9e64ab4c94afaa5b99f to remote] DEBUG org.asynchttpclient.netty.request.NettyRequestSender - Using open Channel [id: 0xdc73b5b4, L:/127.0.0.1:61661 - R:localhost/127.0.0.1:65507] for GET '/session/a44ab96d658db9e64ab4c94afaa5b99f/screenshot'
11:15:28.225 [AsyncHttpClient-1-5] DEBUG org.asynchttpclient.netty.handler.HttpHandler - 

Request DefaultFullHttpRequest(decodeResult: success, version: HTTP/1.1, content: EmptyByteBufBE)
GET /session/a44ab96d658db9e64ab4c94afaa5b99f/screenshot HTTP/1.1
User-Agent: selenium/4.1.2 (java windows)
Cache-Control: no-cache
Content-Type: application/json; charset=utf-8
host: localhost:65507
accept: */*

Response DefaultHttpResponse(decodeResult: success, version: HTTP/1.1)
HTTP/1.1 200 OK
Content-Type: application/json; charset=utf-8
cache-control: no-cache
content-length: 75600

11:15:28.226 [AsyncHttpClient-1-5] DEBUG org.asynchttpclient.netty.channel.ChannelManager - Adding key: http://localhost:65507 for channel [id: 0xdc73b5b4, L:/127.0.0.1:61661 - R:localhost/127.0.0.1:65507]
11:15:28.232 [main] DEBUG net.serenitybdd.core.photography.Darkroom - Send negative for processing for target\site\serenity\9d50bd61d099734001eff0b110da1fa31952c88c4cfeecdddd733f714b49015d.png
11:15:28.233 [main] DEBUG net.thucydides.core.steps.StepInterceptor - STEP DONE: clickButtonCategoryNama
  &amp#27;[32mWhen &amp#27;[0m&amp#27;[32mClick chose nama&amp#27;[0m                                   &amp#27;[90m# starter.stepdefinitios.PatientDataSteps.clickChoseNama()&amp#27;[0m
11:15:28.276 [main] DEBUG net.thucydides.core.steps.StepInterceptor - STARTING STEP: PatientDataSteps.inputDataCategory - inputDataCategory
11:15:28.281 [Forwarding findElement on session a44ab96d658db9e64ab4c94afaa5b99f to remote] DEBUG org.asynchttpclient.netty.request.NettyRequestSender - Using pooled Channel '[id: 0xdc73b5b4, L:/127.0.0.1:61661 - R:localhost/127.0.0.1:65507]' for 'POST' to 'http://localhost:65507/session/a44ab96d658db9e64ab4c94afaa5b99f/element'
11:15:28.281 [Forwarding findElement on session a44ab96d658db9e64ab4c94afaa5b99f to remote] DEBUG org.asynchttpclient.netty.request.NettyRequestSender - Using open Channel [id: 0xdc73b5b4, L:/127.0.0.1:61661 - R:localhost/127.0.0.1:65507] for POST '/session/a44ab96d658db9e64ab4c94afaa5b99f/element'
11:15:28.305 [AsyncHttpClient-1-5] DEBUG org.asynchttpclient.netty.handler.HttpHandler - 

Request DefaultHttpRequest(decodeResult: success, version: HTTP/1.1)
POST /session/a44ab96d658db9e64ab4c94afaa5b99f/element HTTP/1.1
User-Agent: selenium/4.1.2 (java windows)
Content-Length: 102
Content-Type: application/json; charset=utf-8
host: localhost:65507
accept: */*

Response DefaultHttpResponse(decodeResult: success, version: HTTP/1.1)
HTTP/1.1 200 OK
Content-Type: application/json; charset=utf-8
cache-control: no-cache
content-length: 88

11:15:28.305 [AsyncHttpClient-1-5] DEBUG org.asynchttpclient.netty.channel.ChannelManager - Adding key: http://localhost:65507 for channel [id: 0xdc73b5b4, L:/127.0.0.1:61661 - R:localhost/127.0.0.1:65507]
11:15:28.307 [Forwarding sendKeysToElement on session a44ab96d658db9e64ab4c94afaa5b99f to remote] DEBUG org.asynchttpclient.netty.request.NettyRequestSender - Using pooled Channel '[id: 0xdc73b5b4, L:/127.0.0.1:61661 - R:localhost/127.0.0.1:65507]' for 'POST' to 'http://localhost:65507/session/a44ab96d658db9e64ab4c94afaa5b99f/element/84ca3a2d-6c9c-43fc-82b6-444871c2ddfb/value'
11:15:28.307 [Forwarding sendKeysToElement on session a44ab96d658db9e64ab4c94afaa5b99f to remote] DEBUG org.asynchttpclient.netty.request.NettyRequestSender - Using open Channel [id: 0xdc73b5b4, L:/127.0.0.1:61661 - R:localhost/127.0.0.1:65507] for POST '/session/a44ab96d658db9e64ab4c94afaa5b99f/element/84ca3a2d-6c9c-43fc-82b6-444871c2ddfb/value'
11:15:28.711 [AsyncHttpClient-1-5] DEBUG org.asynchttpclient.netty.handler.HttpHandler - 

Request DefaultHttpRequest(decodeResult: success, version: HTTP/1.1)
POST /session/a44ab96d658db9e64ab4c94afaa5b99f/element/84ca3a2d-6c9c-43fc-82b6-444871c2ddfb/value HTTP/1.1
User-Agent: selenium/4.1.2 (java windows)
Content-Length: 171
Content-Type: application/json; charset=utf-8
host: localhost:65507
accept: */*

Response DefaultHttpResponse(decodeResult: success, version: HTTP/1.1)
HTTP/1.1 200 OK
Content-Type: application/json; charset=utf-8
cache-control: no-cache
content-length: 14

11:15:28.711 [AsyncHttpClient-1-5] DEBUG org.asynchttpclient.netty.channel.ChannelManager - Adding key: http://localhost:65507 for channel [id: 0xdc73b5b4, L:/127.0.0.1:61661 - R:localhost/127.0.0.1:65507]
11:15:28.723 [Forwarding screenshot on session a44ab96d658db9e64ab4c94afaa5b99f to remote] DEBUG org.asynchttpclient.netty.request.NettyRequestSender - Using pooled Channel '[id: 0xdc73b5b4, L:/127.0.0.1:61661 - R:localhost/127.0.0.1:65507]' for 'GET' to 'http://localhost:65507/session/a44ab96d658db9e64ab4c94afaa5b99f/screenshot'
11:15:28.723 [Forwarding screenshot on session a44ab96d658db9e64ab4c94afaa5b99f to remote] DEBUG org.asynchttpclient.netty.request.NettyRequestSender - Using open Channel [id: 0xdc73b5b4, L:/127.0.0.1:61661 - R:localhost/127.0.0.1:65507] for GET '/session/a44ab96d658db9e64ab4c94afaa5b99f/screenshot'
11:15:28.813 [AsyncHttpClient-1-1] DEBUG org.asynchttpclient.netty.channel.DefaultChannelPool - Entry count for : http://localhost:61664 : 1
11:15:28.909 [AsyncHttpClient-1-5] DEBUG org.asynchttpclient.netty.handler.HttpHandler - 

Request DefaultFullHttpRequest(decodeResult: success, version: HTTP/1.1, content: EmptyByteBufBE)
GET /session/a44ab96d658db9e64ab4c94afaa5b99f/screenshot HTTP/1.1
User-Agent: selenium/4.1.2 (java windows)
Cache-Control: no-cache
Content-Type: application/json; charset=utf-8
host: localhost:65507
accept: */*

Response DefaultHttpResponse(decodeResult: success, version: HTTP/1.1)
HTTP/1.1 200 OK
Content-Type: application/json; charset=utf-8
cache-control: no-cache
content-length: 65708

11:15:28.909 [AsyncHttpClient-1-5] DEBUG org.asynchttpclient.netty.channel.ChannelManager - Adding key: http://localhost:65507 for channel [id: 0xdc73b5b4, L:/127.0.0.1:61661 - R:localhost/127.0.0.1:65507]
11:15:28.914 [main] DEBUG net.serenitybdd.core.photography.Darkroom - Send negative for processing for target\site\serenity\9d21f47a9a65a36f380d69291984f25e2ad362e7af99c913295a094fa84941ef.png
11:15:28.914 [main] DEBUG net.thucydides.core.steps.StepInterceptor - STEP DONE: inputDataCategory
  &amp#27;[32mAnd &amp#27;[0m&amp#27;[32mInput data &amp#27;[0m&amp#27;[32m&amp#27;[1m"&%^%^*)%"&amp#27;[0m&amp#27;[32m category&amp#27;[0m                      &amp#27;[90m# starter.stepdefinitios.PatientDataSteps.inputDataCategory(java.lang.String)&amp#27;[0m
11:15:28.919 [Darkroom Processing Line] DEBUG net.serenitybdd.core.photography.DarkroomProcessingLine - Processing screenshot image in /var/screenshots/screenshot-15758453328916535055
11:15:28.919 [Darkroom Processing Line] DEBUG net.serenitybdd.core.photography.DarkroomProcessingLine - Saving screenshot to target\site\serenity\9d21f47a9a65a36f380d69291984f25e2ad362e7af99c913295a094fa84941ef.png
11:15:29.486 [Forwarding screenshot on session a44ab96d658db9e64ab4c94afaa5b99f to remote] DEBUG org.asynchttpclient.netty.request.NettyRequestSender - Using pooled Channel '[id: 0xdc73b5b4, L:/127.0.0.1:61661 - R:localhost/127.0.0.1:65507]' for 'GET' to 'http://localhost:65507/session/a44ab96d658db9e64ab4c94afaa5b99f/screenshot'
11:15:29.486 [Forwarding screenshot on session a44ab96d658db9e64ab4c94afaa5b99f to remote] DEBUG org.asynchttpclient.netty.request.NettyRequestSender - Using open Channel [id: 0xdc73b5b4, L:/127.0.0.1:61661 - R:localhost/127.0.0.1:65507] for GET '/session/a44ab96d658db9e64ab4c94afaa5b99f/screenshot'
11:15:29.805 [AsyncHttpClient-1-5] DEBUG org.asynchttpclient.netty.handler.HttpHandler - 

Request DefaultFullHttpRequest(decodeResult: success, version: HTTP/1.1, content: EmptyByteBufBE)
GET /session/a44ab96d658db9e64ab4c94afaa5b99f/screenshot HTTP/1.1
User-Agent: selenium/4.1.2 (java windows)
Cache-Control: no-cache
Content-Type: application/json; charset=utf-8
host: localhost:65507
accept: */*

Response DefaultHttpResponse(decodeResult: success, version: HTTP/1.1)
HTTP/1.1 200 OK
Content-Type: application/json; charset=utf-8
cache-control: no-cache
content-length: 65628

11:15:29.805 [AsyncHttpClient-1-5] DEBUG org.asynchttpclient.netty.channel.ChannelManager - Adding key: http://localhost:65507 for channel [id: 0xdc73b5b4, L:/127.0.0.1:61661 - R:localhost/127.0.0.1:65507]
11:15:29.813 [main] DEBUG net.serenitybdd.core.photography.Darkroom - Send negative for processing for target\site\serenity\e91c015a097bcaea36edae9f2b46398b6330d20fe345339d4a21ba731c2d7c3e.png
11:15:29.814 [main] DEBUG net.thucydides.core.steps.StepInterceptor - STARTING STEP: PatientDataSteps.validDataCategoryPasien - validPagePasien
11:15:29.816 [Darkroom Processing Line] DEBUG net.serenitybdd.core.photography.DarkroomProcessingLine - Processing screenshot image in /var/screenshots/screenshot-10106874891249558353
11:15:29.816 [Darkroom Processing Line] DEBUG net.serenitybdd.core.photography.DarkroomProcessingLine - Saving screenshot to target\site\serenity\e91c015a097bcaea36edae9f2b46398b6330d20fe345339d4a21ba731c2d7c3e.png
11:15:29.821 [Forwarding findElement on session a44ab96d658db9e64ab4c94afaa5b99f to remote] DEBUG org.asynchttpclient.netty.request.NettyRequestSender - Using pooled Channel '[id: 0xdc73b5b4, L:/127.0.0.1:61661 - R:localhost/127.0.0.1:65507]' for 'POST' to 'http://localhost:65507/session/a44ab96d658db9e64ab4c94afaa5b99f/element'
11:15:29.821 [Forwarding findElement on session a44ab96d658db9e64ab4c94afaa5b99f to remote] DEBUG org.asynchttpclient.netty.request.NettyRequestSender - Using open Channel [id: 0xdc73b5b4, L:/127.0.0.1:61661 - R:localhost/127.0.0.1:65507] for POST '/session/a44ab96d658db9e64ab4c94afaa5b99f/element'
11:15:29.860 [AsyncHttpClient-1-5] DEBUG org.asynchttpclient.netty.handler.HttpHandler - 

Request DefaultHttpRequest(decodeResult: success, version: HTTP/1.1)
POST /session/a44ab96d658db9e64ab4c94afaa5b99f/element HTTP/1.1
User-Agent: selenium/4.1.2 (java windows)
Content-Length: 138
Content-Type: application/json; charset=utf-8
host: localhost:65507
accept: */*

Response DefaultHttpResponse(decodeResult: success, version: HTTP/1.1)
HTTP/1.1 200 OK
Content-Type: application/json; charset=utf-8
cache-control: no-cache
content-length: 88

11:15:29.861 [AsyncHttpClient-1-5] DEBUG org.asynchttpclient.netty.channel.ChannelManager - Adding key: http://localhost:65507 for channel [id: 0xdc73b5b4, L:/127.0.0.1:61661 - R:localhost/127.0.0.1:65507]
11:15:29.863 [Forwarding isElementEnabled on session a44ab96d658db9e64ab4c94afaa5b99f to remote] DEBUG org.asynchttpclient.netty.request.NettyRequestSender - Using pooled Channel '[id: 0xdc73b5b4, L:/127.0.0.1:61661 - R:localhost/127.0.0.1:65507]' for 'GET' to 'http://localhost:65507/session/a44ab96d658db9e64ab4c94afaa5b99f/element/1b2ae835-9b88-4ad2-af5f-547fbeaa3d0c/enabled'
11:15:29.863 [Forwarding isElementEnabled on session a44ab96d658db9e64ab4c94afaa5b99f to remote] DEBUG org.asynchttpclient.netty.request.NettyRequestSender - Using open Channel [id: 0xdc73b5b4, L:/127.0.0.1:61661 - R:localhost/127.0.0.1:65507] for GET '/session/a44ab96d658db9e64ab4c94afaa5b99f/element/1b2ae835-9b88-4ad2-af5f-547fbeaa3d0c/enabled'
11:15:29.890 [AsyncHttpClient-1-5] DEBUG org.asynchttpclient.netty.handler.HttpHandler - 

Request DefaultFullHttpRequest(decodeResult: success, version: HTTP/1.1, content: EmptyByteBufBE)
GET /session/a44ab96d658db9e64ab4c94afaa5b99f/element/1b2ae835-9b88-4ad2-af5f-547fbeaa3d0c/enabled HTTP/1.1
User-Agent: selenium/4.1.2 (java windows)
Cache-Control: no-cache
Content-Type: application/json; charset=utf-8
host: localhost:65507
accept: */*

Response DefaultHttpResponse(decodeResult: success, version: HTTP/1.1)
HTTP/1.1 200 OK
Content-Type: application/json; charset=utf-8
cache-control: no-cache
content-length: 14

11:15:29.891 [AsyncHttpClient-1-5] DEBUG org.asynchttpclient.netty.channel.ChannelManager - Adding key: http://localhost:65507 for channel [id: 0xdc73b5b4, L:/127.0.0.1:61661 - R:localhost/127.0.0.1:65507]
11:15:29.907 [Forwarding screenshot on session a44ab96d658db9e64ab4c94afaa5b99f to remote] DEBUG org.asynchttpclient.netty.request.NettyRequestSender - Using pooled Channel '[id: 0xdc73b5b4, L:/127.0.0.1:61661 - R:localhost/127.0.0.1:65507]' for 'GET' to 'http://localhost:65507/session/a44ab96d658db9e64ab4c94afaa5b99f/screenshot'
11:15:29.907 [Forwarding screenshot on session a44ab96d658db9e64ab4c94afaa5b99f to remote] DEBUG org.asynchttpclient.netty.request.NettyRequestSender - Using open Channel [id: 0xdc73b5b4, L:/127.0.0.1:61661 - R:localhost/127.0.0.1:65507] for GET '/session/a44ab96d658db9e64ab4c94afaa5b99f/screenshot'
11:15:29.936 [AsyncHttpClient-1-1] DEBUG org.asynchttpclient.netty.channel.DefaultChannelPool - Entry count for : http://localhost:61664 : 1
11:15:30.125 [AsyncHttpClient-1-5] DEBUG org.asynchttpclient.netty.handler.HttpHandler - 

Request DefaultFullHttpRequest(decodeResult: success, version: HTTP/1.1, content: EmptyByteBufBE)
GET /session/a44ab96d658db9e64ab4c94afaa5b99f/screenshot HTTP/1.1
User-Agent: selenium/4.1.2 (java windows)
Cache-Control: no-cache
Content-Type: application/json; charset=utf-8
host: localhost:65507
accept: */*

Response DefaultHttpResponse(decodeResult: success, version: HTTP/1.1)
HTTP/1.1 200 OK
Content-Type: application/json; charset=utf-8
cache-control: no-cache
content-length: 65708

11:15:30.125 [AsyncHttpClient-1-5] DEBUG org.asynchttpclient.netty.channel.ChannelManager - Adding key: http://localhost:65507 for channel [id: 0xdc73b5b4, L:/127.0.0.1:61661 - R:localhost/127.0.0.1:65507]
11:15:30.136 [main] DEBUG net.serenitybdd.core.photography.Darkroom - Send negative for processing for target\site\serenity\9d21f47a9a65a36f380d69291984f25e2ad362e7af99c913295a094fa84941ef.png
11:15:30.136 [main] DEBUG net.thucydides.core.steps.StepInterceptor - STEP DONE: validPagePasien
  &amp#27;[32mThen &amp#27;[0m&amp#27;[32mValid data category pasien&amp#27;[0m                         &amp#27;[90m# starter.stepdefinitios.PatientDataSteps.validDataCategoryPasien()&amp#27;[0m
11:15:30.205 [AsyncHttpClient-1-7] DEBUG org.asynchttpclient.netty.handler.WebSocketHandler - Channel Closed: [id: 0xad98d55d, L:/127.0.0.1:61674 ! R:localhost/127.0.0.1:61664] with attribute NettyResponseFuture{currentRetry=5,
	isDone=1,
	isCancelled=0,
	asyncHandler=org.asynchttpclient.ws.WebSocketUpgradeHandler@30ee932d,
	nettyRequest=org.asynchttpclient.netty.request.NettyRequest@1f427458,
	future=java.util.concurrent.CompletableFuture@6e2c4be4[Completed normally],
	uri=ws://localhost:61664/devtools/browser/52f9b86b-6d27-48fe-9396-570bee884019,
	keepAlive=true,
	redirectCount=0,
	timeoutsHolder=null,
	inAuth=0,
	touch=1655525724007}
11:15:30.206 [AsyncHttpClient-1-7] DEBUG org.asynchttpclient.netty.channel.ChannelManager - Closing Channel [id: 0xad98d55d, L:/127.0.0.1:61674 ! R:localhost/127.0.0.1:61664] 
11:15:30.220 [Driver Command Executor] DEBUG org.asynchttpclient.netty.request.NettyRequestSender - Using pooled Channel '[id: 0xdc73b5b4, L:/127.0.0.1:61661 - R:localhost/127.0.0.1:65507]' for 'DELETE' to 'http://localhost:65507/session/a44ab96d658db9e64ab4c94afaa5b99f'
11:15:30.220 [Driver Command Executor] DEBUG org.asynchttpclient.netty.request.NettyRequestSender - Using open Channel [id: 0xdc73b5b4, L:/127.0.0.1:61661 - R:localhost/127.0.0.1:65507] for DELETE '/session/a44ab96d658db9e64ab4c94afaa5b99f'
11:15:30.924 [AsyncHttpClient-1-6] DEBUG org.asynchttpclient.netty.handler.HttpHandler - Unexpected I/O exception on channel [id: 0x346574bb, L:/127.0.0.1:61673 - R:localhost/127.0.0.1:61664]
java.io.IOException: An existing connection was forcibly closed by the remote host
	at java.base/sun.nio.ch.SocketDispatcher.read0(Native Method)
	at java.base/sun.nio.ch.SocketDispatcher.read(SocketDispatcher.java:43)
	at java.base/sun.nio.ch.IOUtil.readIntoNativeBuffer(IOUtil.java:276)
	at java.base/sun.nio.ch.IOUtil.read(IOUtil.java:233)
	at java.base/sun.nio.ch.IOUtil.read(IOUtil.java:223)
	at java.base/sun.nio.ch.SocketChannelImpl.read(SocketChannelImpl.java:358)
	at io.netty.buffer.PooledByteBuf.setBytes(PooledByteBuf.java:258)
	at io.netty.buffer.AbstractByteBuf.writeBytes(AbstractByteBuf.java:1132)
	at io.netty.channel.socket.nio.NioSocketChannel.doReadBytes(NioSocketChannel.java:350)
	at io.netty.channel.nio.AbstractNioByteChannel$NioByteUnsafe.read(AbstractNioByteChannel.java:151)
	at io.netty.channel.nio.NioEventLoop.processSelectedKey(NioEventLoop.java:722)
	at io.netty.channel.nio.NioEventLoop.processSelectedKeysOptimized(NioEventLoop.java:658)
	at io.netty.channel.nio.NioEventLoop.processSelectedKeys(NioEventLoop.java:584)
	at io.netty.channel.nio.NioEventLoop.run(NioEventLoop.java:496)
	at io.netty.util.concurrent.SingleThreadEventExecutor$4.run(SingleThreadEventExecutor.java:986)
	at io.netty.util.internal.ThreadExecutorMap$2.run(ThreadExecutorMap.java:74)
	at io.netty.util.concurrent.FastThreadLocalRunnable.run(FastThreadLocalRunnable.java:30)
	at java.base/java.lang.Thread.run(Thread.java:834)
11:15:30.924 [AsyncHttpClient-1-6] DEBUG org.asynchttpclient.netty.channel.ChannelManager - Closing Channel [id: 0x346574bb, L:/127.0.0.1:61673 - R:localhost/127.0.0.1:61664] 
11:15:30.925 [AsyncHttpClient-1-6] DEBUG org.asynchttpclient.netty.handler.HttpHandler - Channel Closed: [id: 0x346574bb, L:/127.0.0.1:61673 ! R:localhost/127.0.0.1:61664] with attribute DISCARD
11:15:30.971 [AsyncHttpClient-1-5] DEBUG org.asynchttpclient.netty.handler.HttpHandler - 

Request DefaultFullHttpRequest(decodeResult: success, version: HTTP/1.1, content: EmptyByteBufBE)
DELETE /session/a44ab96d658db9e64ab4c94afaa5b99f HTTP/1.1
User-Agent: selenium/4.1.2 (java windows)
Content-Type: application/json; charset=utf-8
host: localhost:65507
accept: */*

Response DefaultHttpResponse(decodeResult: success, version: HTTP/1.1)
HTTP/1.1 200 OK
Content-Type: application/json; charset=utf-8
cache-control: no-cache
content-length: 14

11:15:30.971 [AsyncHttpClient-1-5] DEBUG org.asynchttpclient.netty.channel.ChannelManager - Adding key: http://localhost:65507 for channel [id: 0xdc73b5b4, L:/127.0.0.1:61661 - R:localhost/127.0.0.1:65507]
11:15:31.014 [AsyncHttpClient-1-1] DEBUG org.asynchttpclient.netty.channel.DefaultChannelPool - Entry count for : http://localhost:65507 : 1
11:15:31.014 [AsyncHttpClient-1-1] DEBUG org.asynchttpclient.netty.channel.DefaultChannelPool - Entry count for : http://localhost:61664 : 1
11:15:31.014 [AsyncHttpClient-1-1] DEBUG org.asynchttpclient.netty.channel.DefaultChannelPool - Adding Candidate expired Channel [id: 0x346574bb, L:/127.0.0.1:61673 ! R:localhost/127.0.0.1:61664] isIdleTimeoutExpired=false isRemotelyClosed=true isTtlExpired=false
11:15:31.014 [AsyncHttpClient-1-1] DEBUG org.asynchttpclient.netty.channel.DefaultChannelPool - Closing Idle Channel [id: 0x346574bb, L:/127.0.0.1:61673 ! R:localhost/127.0.0.1:61664]
11:15:31.014 [AsyncHttpClient-1-1] DEBUG org.asynchttpclient.netty.channel.DefaultChannelPool - Closed 1 connections out of 2 in 0 ms
11:15:31.300 [AsyncHttpClient-1-5] DEBUG org.asynchttpclient.netty.handler.HttpHandler - Channel Closed: [id: 0xdc73b5b4, L:/127.0.0.1:61661 ! R:localhost/127.0.0.1:65507] with attribute DISCARD
11:15:31.843 [main] INFO  - 
  _____   ___   ___   _____     ___     _     ___   ___   ___   ___  
 |_   _| | __| / __| |_   _|   | _ \   /_\   / __| / __| | __| |   \ 
   | |   | _|  \__ \   | |     |  _/  / _ \  \__ \ \__ \ | _|  | |) |
   |_|   |___| |___/   |_|     |_|   /_/ \_\ |___/ |___/ |___| |___/ 

As a admin i want to delete data pasien
----------------------------------------------------------------------
]]></system-out>
    <system-err><![CDATA[Starting ChromeDriver 102.0.5005.61 (0e59bcc00cc4985ce39ad31c150065f159d95ad3-refs/branch-heads/5005@{#819}) on port 65507
Only local connections are allowed.
Please see https://chromedriver.chromium.org/security-considerations for suggestions on keeping ChromeDriver safe.
ChromeDriver was started successfully.
Jun 18, 2022 11:15:23 AM org.openqa.selenium.remote.ProtocolHandshake createSession
INFO: Detected dialect: W3C
Jun 18, 2022 11:15:24 AM org.openqa.selenium.devtools.CdpVersionFinder findNearestMatch
WARNING: Unable to find an exact match for CDP version 102, so returning the closest version found: a no-op implementation
Jun 18, 2022 11:15:24 AM org.openqa.selenium.devtools.CdpVersionFinder findNearestMatch
INFO: Unable to find CDP implementation matching 102.
Jun 18, 2022 11:15:24 AM org.openqa.selenium.chromium.ChromiumDriver lambda$new$3
WARNING: Unable to find version of CDP to use for . You may need to include a dependency on a specific version of the CDP using something similar to `org.seleniumhq.selenium:selenium-devtools-v86:4.1.2` where the version ("v86") matches the version of the chromium-based browser you're using and the version number of the artifact is the same as Selenium's.
]]></system-err>
  </testcase>
  <testcase name="As a admin i want to view data pasien" classname="View Data Pasien - Admin" time="11.493">
    <system-out><![CDATA[11:15:31.848 [main] INFO io.cucumber.core.plugin.SerenityReporter - Running feature from file:///D:/New%20folder%20(2)/Capstone/Testing/src/test/resources/features/ViewDataPasien.feature
11:15:31.857 [main] DEBUG net.thucydides.core.steps.StepEventBus - Test suite started for story net.thucydides.core.model.Story@9759205a
11:15:31.858 [main] INFO  - Test Suite Started: View Data Pasien - Admin

@ViewDataPasien
Scenario: As a admin i want to view data pasien &amp#27;[90m# src/test/resources/features/ViewDataPasien.feature:4&amp#27;[0m
11:15:31.876 [main] INFO io.cucumber.core.plugin.SerenityReporter - Running feature from file:///D:/New%20folder%20(2)/Capstone/Testing/src/test/resources/features/ViewDataPasien.feature
11:15:31.890 [main] INFO  - 
  _____   ___   ___   _____     ___   _____     _     ___   _____   ___   ___  
 |_   _| | __| / __| |_   _|   / __| |_   _|   /_\   | _ \ |_   _| | __| |   \ 
   | |   | _|  \__ \   | |     \__ \   | |    / _ \  |   /   | |   | _|  | |) |
   |_|   |___| |___/   |_|     |___/   |_|   /_/ \_\ |_|_\   |_|   |___| |___/ 

As a admin i want to view data pasien(view-data-pasien---admin;as-a-admin-i-want-to-view-data-pasien)
--------------------------------------------------------------------------------
11:15:31.969 [main] DEBUG net.thucydides.core.steps.StepInterceptor - STARTING STEP: PatientDataSteps.openPageDasbord - openDashbord
11:15:31.972 [main] INFO net.serenitybdd.core.webdriver.driverproviders.ChromeDriverProvider - Using automatically driver download
11:15:32.120 [AsyncHttpClient-1-1] DEBUG org.asynchttpclient.netty.channel.DefaultChannelPool - Entry count for : http://localhost:65507 : 1
11:15:32.121 [AsyncHttpClient-1-1] DEBUG org.asynchttpclient.netty.channel.DefaultChannelPool - Adding Candidate expired Channel [id: 0xdc73b5b4, L:/127.0.0.1:61661 ! R:localhost/127.0.0.1:65507] isIdleTimeoutExpired=false isRemotelyClosed=true isTtlExpired=false
11:15:32.121 [AsyncHttpClient-1-1] DEBUG org.asynchttpclient.netty.channel.DefaultChannelPool - Closing Idle Channel [id: 0xdc73b5b4, L:/127.0.0.1:61661 ! R:localhost/127.0.0.1:65507]
11:15:32.121 [AsyncHttpClient-1-1] DEBUG org.asynchttpclient.netty.channel.DefaultChannelPool - Closed 1 connections out of 1 in 0 ms
11:15:32.294 [main] DEBUG io.github.bonigarcia.wdm.cache.ResolutionCache - Resolution chrome=102 in cache (valid until 12:10:27 18/06/2022 ICT)
11:15:32.317 [main] DEBUG io.github.bonigarcia.wdm.cache.ResolutionCache - Resolution chrome102=102.0.5005.61 in cache (valid until 19:49:35 18/06/2022 ICT)
11:15:32.324 [main] INFO io.github.bonigarcia.wdm.WebDriverManager - Using chromedriver 102.0.5005.61 (resolved driver for Chrome 102)
11:15:32.394 [main] DEBUG io.github.bonigarcia.wdm.WebDriverManager - Driver chromedriver 102.0.5005.61 found in cache
11:15:32.399 [main] INFO io.github.bonigarcia.wdm.WebDriverManager - Exporting webdriver.chrome.driver as C:\Users\ASUS\.cache\selenium\chromedriver\win32\102.0.5005.61\chromedriver.exe
11:15:32.734 [main] DEBUG net.serenitybdd.core.webdriver.driverproviders.ProvideNewDriver - Instantiating driver
11:15:32.734 [main] DEBUG net.serenitybdd.core.webdriver.driverproviders.ProvideNewDriver - Driver capabilities: Capabilities {acceptInsecureCerts: false, base.url: https://fanciful-trifle-360..., browserName: chrome, chore.driver: src/test/resources/webdrive..., driver: chrome, goog:chromeOptions: {args: [], extensions: []}}
11:15:33.302 [AsyncHttpClient-1-8] DEBUG org.asynchttpclient.netty.channel.NettyConnectListener - Using new Channel '[id: 0xd9ac8856, L:/127.0.0.1:61695 - R:localhost/127.0.0.1:64275]' for 'POST' to '/session'
11:15:35.387 [AsyncHttpClient-1-8] DEBUG org.asynchttpclient.netty.handler.HttpHandler - 

Request DefaultHttpRequest(decodeResult: success, version: HTTP/1.1)
POST /session HTTP/1.1
User-Agent: selenium/4.1.2 (java windows)
Content-Length: 628
Content-Type: application/json; charset=utf-8
host: localhost:64275
accept: */*

Response DefaultHttpResponse(decodeResult: success, version: HTTP/1.1)
HTTP/1.1 200 OK
Content-Type: application/json; charset=utf-8
cache-control: no-cache
content-length: 790

11:15:35.387 [AsyncHttpClient-1-8] DEBUG org.asynchttpclient.netty.channel.ChannelManager - Adding key: http://localhost:64275 for channel [id: 0xd9ac8856, L:/127.0.0.1:61695 - R:localhost/127.0.0.1:64275]
11:15:35.410 [AsyncHttpClient-1-9] DEBUG org.asynchttpclient.netty.channel.NettyConnectListener - Using new Channel '[id: 0x841a6f88, L:/127.0.0.1:61707 - R:localhost/127.0.0.1:61696]' for 'GET' to '/json/version'
11:15:35.424 [AsyncHttpClient-1-1] DEBUG org.asynchttpclient.netty.channel.DefaultChannelPool - Entry count for : http://localhost:64275 : 1
11:15:35.424 [AsyncHttpClient-1-9] DEBUG org.asynchttpclient.netty.handler.HttpHandler - 

Request DefaultFullHttpRequest(decodeResult: success, version: HTTP/1.1, content: EmptyByteBufBE)
GET /json/version HTTP/1.1
User-Agent: selenium/4.1.2 (java windows)
host: localhost:61696
accept: */*

Response DefaultHttpResponse(decodeResult: success, version: HTTP/1.1)
HTTP/1.1 200 OK
Content-Type: application/json; charset=UTF-8
content-length: 428

11:15:35.424 [AsyncHttpClient-1-9] DEBUG org.asynchttpclient.netty.channel.ChannelManager - Adding key: http://localhost:61696 for channel [id: 0x841a6f88, L:/127.0.0.1:61707 - R:localhost/127.0.0.1:61696]
11:15:35.431 [AsyncHttpClient-1-2] DEBUG org.asynchttpclient.netty.channel.NettyConnectListener - Using new Channel '[id: 0x93beb9aa, L:/127.0.0.1:61708 - R:localhost/127.0.0.1:61696]' for 'GET' to '/devtools/browser/d836b0f0-20f3-479d-9ad0-7bf752cdf69d'
11:15:35.451 [AsyncHttpClient-1-2] DEBUG org.asynchttpclient.netty.handler.WebSocketHandler - 

Request DefaultFullHttpRequest(decodeResult: success, version: HTTP/1.1, content: EmptyByteBufBE)
GET /devtools/browser/d836b0f0-20f3-479d-9ad0-7bf752cdf69d HTTP/1.1
upgrade: websocket
connection: upgrade
sec-websocket-key: yjV+df/YEE/fNcJ8eAajTw==
sec-websocket-version: 13
origin: http://localhost:61696
host: localhost:61696
accept: */*
user-agent: AHC/2.1

Response DefaultHttpResponse(decodeResult: success, version: HTTP/1.1)
HTTP/1.1 101 WebSocket Protocol Handshake
Upgrade: WebSocket
Connection: Upgrade
Sec-WebSocket-Accept: CQJnR6oI7phRNL7Kn2f6x7hssIs=

11:15:35.462 [Forwarding get on session d6c54ae5e05d1947dda0b6ecb02559a6 to remote] DEBUG org.asynchttpclient.netty.request.NettyRequestSender - Using pooled Channel '[id: 0xd9ac8856, L:/127.0.0.1:61695 - R:localhost/127.0.0.1:64275]' for 'POST' to 'http://localhost:64275/session/d6c54ae5e05d1947dda0b6ecb02559a6/url'
11:15:35.462 [Forwarding get on session d6c54ae5e05d1947dda0b6ecb02559a6 to remote] DEBUG org.asynchttpclient.netty.request.NettyRequestSender - Using open Channel [id: 0xd9ac8856, L:/127.0.0.1:61695 - R:localhost/127.0.0.1:64275] for POST '/session/d6c54ae5e05d1947dda0b6ecb02559a6/url'
11:15:36.513 [AsyncHttpClient-1-1] DEBUG org.asynchttpclient.netty.channel.DefaultChannelPool - Entry count for : http://localhost:61696 : 1
11:15:37.618 [AsyncHttpClient-1-1] DEBUG org.asynchttpclient.netty.channel.DefaultChannelPool - Entry count for : http://localhost:61696 : 1
11:15:38.475 [AsyncHttpClient-1-8] DEBUG org.asynchttpclient.netty.handler.HttpHandler - 

Request DefaultHttpRequest(decodeResult: success, version: HTTP/1.1)
POST /session/d6c54ae5e05d1947dda0b6ecb02559a6/url HTTP/1.1
User-Agent: selenium/4.1.2 (java windows)
Content-Length: 73
Content-Type: application/json; charset=utf-8
host: localhost:64275
accept: */*

Response DefaultHttpResponse(decodeResult: success, version: HTTP/1.1)
HTTP/1.1 200 OK
Content-Type: application/json; charset=utf-8
cache-control: no-cache
content-length: 14

11:15:38.475 [AsyncHttpClient-1-8] DEBUG org.asynchttpclient.netty.channel.ChannelManager - Adding key: http://localhost:64275 for channel [id: 0xd9ac8856, L:/127.0.0.1:61695 - R:localhost/127.0.0.1:64275]
11:15:38.482 [Forwarding setTimeout on session d6c54ae5e05d1947dda0b6ecb02559a6 to remote] DEBUG org.asynchttpclient.netty.request.NettyRequestSender - Using pooled Channel '[id: 0xd9ac8856, L:/127.0.0.1:61695 - R:localhost/127.0.0.1:64275]' for 'POST' to 'http://localhost:64275/session/d6c54ae5e05d1947dda0b6ecb02559a6/timeouts'
11:15:38.482 [Forwarding setTimeout on session d6c54ae5e05d1947dda0b6ecb02559a6 to remote] DEBUG org.asynchttpclient.netty.request.NettyRequestSender - Using open Channel [id: 0xd9ac8856, L:/127.0.0.1:61695 - R:localhost/127.0.0.1:64275] for POST '/session/d6c54ae5e05d1947dda0b6ecb02559a6/timeouts'
11:15:38.493 [AsyncHttpClient-1-8] DEBUG org.asynchttpclient.netty.handler.HttpHandler - 

Request DefaultHttpRequest(decodeResult: success, version: HTTP/1.1)
POST /session/d6c54ae5e05d1947dda0b6ecb02559a6/timeouts HTTP/1.1
User-Agent: selenium/4.1.2 (java windows)
Content-Length: 22
Content-Type: application/json; charset=utf-8
host: localhost:64275
accept: */*

Response DefaultHttpResponse(decodeResult: success, version: HTTP/1.1)
HTTP/1.1 200 OK
Content-Type: application/json; charset=utf-8
cache-control: no-cache
content-length: 14

11:15:38.493 [AsyncHttpClient-1-8] DEBUG org.asynchttpclient.netty.channel.ChannelManager - Adding key: http://localhost:64275 for channel [id: 0xd9ac8856, L:/127.0.0.1:61695 - R:localhost/127.0.0.1:64275]
11:15:38.503 [Forwarding getCurrentUrl on session d6c54ae5e05d1947dda0b6ecb02559a6 to remote] DEBUG org.asynchttpclient.netty.request.NettyRequestSender - Using pooled Channel '[id: 0xd9ac8856, L:/127.0.0.1:61695 - R:localhost/127.0.0.1:64275]' for 'GET' to 'http://localhost:64275/session/d6c54ae5e05d1947dda0b6ecb02559a6/url'
11:15:38.503 [Forwarding getCurrentUrl on session d6c54ae5e05d1947dda0b6ecb02559a6 to remote] DEBUG org.asynchttpclient.netty.request.NettyRequestSender - Using open Channel [id: 0xd9ac8856, L:/127.0.0.1:61695 - R:localhost/127.0.0.1:64275] for GET '/session/d6c54ae5e05d1947dda0b6ecb02559a6/url'
11:15:38.675 [AsyncHttpClient-1-8] DEBUG org.asynchttpclient.netty.handler.HttpHandler - 

Request DefaultFullHttpRequest(decodeResult: success, version: HTTP/1.1, content: EmptyByteBufBE)
GET /session/d6c54ae5e05d1947dda0b6ecb02559a6/url HTTP/1.1
User-Agent: selenium/4.1.2 (java windows)
Cache-Control: no-cache
Content-Type: application/json; charset=utf-8
host: localhost:64275
accept: */*

Response DefaultHttpResponse(decodeResult: success, version: HTTP/1.1)
HTTP/1.1 200 OK
Content-Type: application/json; charset=utf-8
cache-control: no-cache
content-length: 55

11:15:38.675 [AsyncHttpClient-1-8] DEBUG org.asynchttpclient.netty.channel.ChannelManager - Adding key: http://localhost:64275 for channel [id: 0xd9ac8856, L:/127.0.0.1:61695 - R:localhost/127.0.0.1:64275]
11:15:38.683 [Forwarding getCurrentUrl on session d6c54ae5e05d1947dda0b6ecb02559a6 to remote] DEBUG org.asynchttpclient.netty.request.NettyRequestSender - Using pooled Channel '[id: 0xd9ac8856, L:/127.0.0.1:61695 - R:localhost/127.0.0.1:64275]' for 'GET' to 'http://localhost:64275/session/d6c54ae5e05d1947dda0b6ecb02559a6/url'
11:15:38.683 [Forwarding getCurrentUrl on session d6c54ae5e05d1947dda0b6ecb02559a6 to remote] DEBUG org.asynchttpclient.netty.request.NettyRequestSender - Using open Channel [id: 0xd9ac8856, L:/127.0.0.1:61695 - R:localhost/127.0.0.1:64275] for GET '/session/d6c54ae5e05d1947dda0b6ecb02559a6/url'
11:15:38.691 [AsyncHttpClient-1-8] DEBUG org.asynchttpclient.netty.handler.HttpHandler - 

Request DefaultFullHttpRequest(decodeResult: success, version: HTTP/1.1, content: EmptyByteBufBE)
GET /session/d6c54ae5e05d1947dda0b6ecb02559a6/url HTTP/1.1
User-Agent: selenium/4.1.2 (java windows)
Cache-Control: no-cache
Content-Type: application/json; charset=utf-8
host: localhost:64275
accept: */*

Response DefaultHttpResponse(decodeResult: success, version: HTTP/1.1)
HTTP/1.1 200 OK
Content-Type: application/json; charset=utf-8
cache-control: no-cache
content-length: 55

11:15:38.692 [AsyncHttpClient-1-8] DEBUG org.asynchttpclient.netty.channel.ChannelManager - Adding key: http://localhost:64275 for channel [id: 0xd9ac8856, L:/127.0.0.1:61695 - R:localhost/127.0.0.1:64275]
11:15:38.706 [main] DEBUG net.serenitybdd.core.photography.Darkroom - Opening darkroom
11:15:38.708 [Forwarding screenshot on session d6c54ae5e05d1947dda0b6ecb02559a6 to remote] DEBUG org.asynchttpclient.netty.request.NettyRequestSender - Using pooled Channel '[id: 0xd9ac8856, L:/127.0.0.1:61695 - R:localhost/127.0.0.1:64275]' for 'GET' to 'http://localhost:64275/session/d6c54ae5e05d1947dda0b6ecb02559a6/screenshot'
11:15:38.708 [Forwarding screenshot on session d6c54ae5e05d1947dda0b6ecb02559a6 to remote] DEBUG org.asynchttpclient.netty.request.NettyRequestSender - Using open Channel [id: 0xd9ac8856, L:/127.0.0.1:61695 - R:localhost/127.0.0.1:64275] for GET '/session/d6c54ae5e05d1947dda0b6ecb02559a6/screenshot'
11:15:38.708 [Darkroom Processing Line] DEBUG net.serenitybdd.core.photography.DarkroomProcessingLine - Darkroom processing line starting up
11:15:38.722 [AsyncHttpClient-1-1] DEBUG org.asynchttpclient.netty.channel.DefaultChannelPool - Entry count for : http://localhost:61696 : 1
11:15:39.281 [AsyncHttpClient-1-8] DEBUG org.asynchttpclient.netty.handler.HttpHandler - 

Request DefaultFullHttpRequest(decodeResult: success, version: HTTP/1.1, content: EmptyByteBufBE)
GET /session/d6c54ae5e05d1947dda0b6ecb02559a6/screenshot HTTP/1.1
User-Agent: selenium/4.1.2 (java windows)
Cache-Control: no-cache
Content-Type: application/json; charset=utf-8
host: localhost:64275
accept: */*

Response DefaultHttpResponse(decodeResult: success, version: HTTP/1.1)
HTTP/1.1 200 OK
Content-Type: application/json; charset=utf-8
cache-control: no-cache
content-length: 76456

11:15:39.282 [AsyncHttpClient-1-8] DEBUG org.asynchttpclient.netty.channel.ChannelManager - Adding key: http://localhost:64275 for channel [id: 0xd9ac8856, L:/127.0.0.1:61695 - R:localhost/127.0.0.1:64275]
11:15:39.292 [main] DEBUG net.serenitybdd.core.photography.Darkroom - Send negative for processing for target\site\serenity\13b1346fe2e5596b34957265c35d5eb17202c68ed812efb6ea9784d098f63f87.png
11:15:39.292 [main] DEBUG net.thucydides.core.steps.StepInterceptor - STEP DONE: openDashbord
  &amp#27;[32mGiven &amp#27;[0m&amp#27;[32mOpen page dasbord&amp#27;[0m                       &amp#27;[90m# starter.stepdefinitios.PatientDataSteps.openPageDasbord()&amp#27;[0m
11:15:39.332 [main] DEBUG net.thucydides.core.steps.StepInterceptor - STARTING STEP: PatientDataSteps.clickButtonDataPasien - clickButtonDataPasien
11:15:39.339 [Forwarding findElement on session d6c54ae5e05d1947dda0b6ecb02559a6 to remote] DEBUG org.asynchttpclient.netty.request.NettyRequestSender - Using pooled Channel '[id: 0xd9ac8856, L:/127.0.0.1:61695 - R:localhost/127.0.0.1:64275]' for 'POST' to 'http://localhost:64275/session/d6c54ae5e05d1947dda0b6ecb02559a6/element'
11:15:39.339 [Forwarding findElement on session d6c54ae5e05d1947dda0b6ecb02559a6 to remote] DEBUG org.asynchttpclient.netty.request.NettyRequestSender - Using open Channel [id: 0xd9ac8856, L:/127.0.0.1:61695 - R:localhost/127.0.0.1:64275] for POST '/session/d6c54ae5e05d1947dda0b6ecb02559a6/element'
11:15:39.370 [AsyncHttpClient-1-8] DEBUG org.asynchttpclient.netty.handler.HttpHandler - 

Request DefaultHttpRequest(decodeResult: success, version: HTTP/1.1)
POST /session/d6c54ae5e05d1947dda0b6ecb02559a6/element HTTP/1.1
User-Agent: selenium/4.1.2 (java windows)
Content-Length: 123
Content-Type: application/json; charset=utf-8
host: localhost:64275
accept: */*

Response DefaultHttpResponse(decodeResult: success, version: HTTP/1.1)
HTTP/1.1 200 OK
Content-Type: application/json; charset=utf-8
cache-control: no-cache
content-length: 88

11:15:39.370 [AsyncHttpClient-1-8] DEBUG org.asynchttpclient.netty.channel.ChannelManager - Adding key: http://localhost:64275 for channel [id: 0xd9ac8856, L:/127.0.0.1:61695 - R:localhost/127.0.0.1:64275]
11:15:39.374 [Forwarding getElementTagName on session d6c54ae5e05d1947dda0b6ecb02559a6 to remote] DEBUG org.asynchttpclient.netty.request.NettyRequestSender - Using pooled Channel '[id: 0xd9ac8856, L:/127.0.0.1:61695 - R:localhost/127.0.0.1:64275]' for 'GET' to 'http://localhost:64275/session/d6c54ae5e05d1947dda0b6ecb02559a6/element/1be622b3-9fbf-4961-95dc-3e5973b7fe41/name'
11:15:39.374 [Forwarding getElementTagName on session d6c54ae5e05d1947dda0b6ecb02559a6 to remote] DEBUG org.asynchttpclient.netty.request.NettyRequestSender - Using open Channel [id: 0xd9ac8856, L:/127.0.0.1:61695 - R:localhost/127.0.0.1:64275] for GET '/session/d6c54ae5e05d1947dda0b6ecb02559a6/element/1be622b3-9fbf-4961-95dc-3e5973b7fe41/name'
11:15:39.385 [AsyncHttpClient-1-8] DEBUG org.asynchttpclient.netty.handler.HttpHandler - 

Request DefaultFullHttpRequest(decodeResult: success, version: HTTP/1.1, content: EmptyByteBufBE)
GET /session/d6c54ae5e05d1947dda0b6ecb02559a6/element/1be622b3-9fbf-4961-95dc-3e5973b7fe41/name HTTP/1.1
User-Agent: selenium/4.1.2 (java windows)
Cache-Control: no-cache
Content-Type: application/json; charset=utf-8
host: localhost:64275
accept: */*

Response DefaultHttpResponse(decodeResult: success, version: HTTP/1.1)
HTTP/1.1 200 OK
Content-Type: application/json; charset=utf-8
cache-control: no-cache
content-length: 15

11:15:39.386 [AsyncHttpClient-1-8] DEBUG org.asynchttpclient.netty.channel.ChannelManager - Adding key: http://localhost:64275 for channel [id: 0xd9ac8856, L:/127.0.0.1:61695 - R:localhost/127.0.0.1:64275]
11:15:39.388 [Forwarding getElementTagName on session d6c54ae5e05d1947dda0b6ecb02559a6 to remote] DEBUG org.asynchttpclient.netty.request.NettyRequestSender - Using pooled Channel '[id: 0xd9ac8856, L:/127.0.0.1:61695 - R:localhost/127.0.0.1:64275]' for 'GET' to 'http://localhost:64275/session/d6c54ae5e05d1947dda0b6ecb02559a6/element/1be622b3-9fbf-4961-95dc-3e5973b7fe41/name'
11:15:39.388 [Forwarding getElementTagName on session d6c54ae5e05d1947dda0b6ecb02559a6 to remote] DEBUG org.asynchttpclient.netty.request.NettyRequestSender - Using open Channel [id: 0xd9ac8856, L:/127.0.0.1:61695 - R:localhost/127.0.0.1:64275] for GET '/session/d6c54ae5e05d1947dda0b6ecb02559a6/element/1be622b3-9fbf-4961-95dc-3e5973b7fe41/name'
11:15:39.395 [AsyncHttpClient-1-8] DEBUG org.asynchttpclient.netty.handler.HttpHandler - 

Request DefaultFullHttpRequest(decodeResult: success, version: HTTP/1.1, content: EmptyByteBufBE)
GET /session/d6c54ae5e05d1947dda0b6ecb02559a6/element/1be622b3-9fbf-4961-95dc-3e5973b7fe41/name HTTP/1.1
User-Agent: selenium/4.1.2 (java windows)
Cache-Control: no-cache
Content-Type: application/json; charset=utf-8
host: localhost:64275
accept: */*

Response DefaultHttpResponse(decodeResult: success, version: HTTP/1.1)
HTTP/1.1 200 OK
Content-Type: application/json; charset=utf-8
cache-control: no-cache
content-length: 15

11:15:39.396 [AsyncHttpClient-1-8] DEBUG org.asynchttpclient.netty.channel.ChannelManager - Adding key: http://localhost:64275 for channel [id: 0xd9ac8856, L:/127.0.0.1:61695 - R:localhost/127.0.0.1:64275]
11:15:39.401 [Forwarding findElement on session d6c54ae5e05d1947dda0b6ecb02559a6 to remote] DEBUG org.asynchttpclient.netty.request.NettyRequestSender - Using pooled Channel '[id: 0xd9ac8856, L:/127.0.0.1:61695 - R:localhost/127.0.0.1:64275]' for 'POST' to 'http://localhost:64275/session/d6c54ae5e05d1947dda0b6ecb02559a6/element'
11:15:39.401 [Forwarding findElement on session d6c54ae5e05d1947dda0b6ecb02559a6 to remote] DEBUG org.asynchttpclient.netty.request.NettyRequestSender - Using open Channel [id: 0xd9ac8856, L:/127.0.0.1:61695 - R:localhost/127.0.0.1:64275] for POST '/session/d6c54ae5e05d1947dda0b6ecb02559a6/element'
11:15:39.422 [AsyncHttpClient-1-8] DEBUG org.asynchttpclient.netty.handler.HttpHandler - 

Request DefaultHttpRequest(decodeResult: success, version: HTTP/1.1)
POST /session/d6c54ae5e05d1947dda0b6ecb02559a6/element HTTP/1.1
User-Agent: selenium/4.1.2 (java windows)
Content-Length: 123
Content-Type: application/json; charset=utf-8
host: localhost:64275
accept: */*

Response DefaultHttpResponse(decodeResult: success, version: HTTP/1.1)
HTTP/1.1 200 OK
Content-Type: application/json; charset=utf-8
cache-control: no-cache
content-length: 88

11:15:39.422 [AsyncHttpClient-1-8] DEBUG org.asynchttpclient.netty.channel.ChannelManager - Adding key: http://localhost:64275 for channel [id: 0xd9ac8856, L:/127.0.0.1:61695 - R:localhost/127.0.0.1:64275]
11:15:39.424 [Forwarding clickElement on session d6c54ae5e05d1947dda0b6ecb02559a6 to remote] DEBUG org.asynchttpclient.netty.request.NettyRequestSender - Using pooled Channel '[id: 0xd9ac8856, L:/127.0.0.1:61695 - R:localhost/127.0.0.1:64275]' for 'POST' to 'http://localhost:64275/session/d6c54ae5e05d1947dda0b6ecb02559a6/element/1be622b3-9fbf-4961-95dc-3e5973b7fe41/click'
11:15:39.424 [Forwarding clickElement on session d6c54ae5e05d1947dda0b6ecb02559a6 to remote] DEBUG org.asynchttpclient.netty.request.NettyRequestSender - Using open Channel [id: 0xd9ac8856, L:/127.0.0.1:61695 - R:localhost/127.0.0.1:64275] for POST '/session/d6c54ae5e05d1947dda0b6ecb02559a6/element/1be622b3-9fbf-4961-95dc-3e5973b7fe41/click'
11:15:39.794 [AsyncHttpClient-1-8] DEBUG org.asynchttpclient.netty.handler.HttpHandler - 

Request DefaultHttpRequest(decodeResult: success, version: HTTP/1.1)
POST /session/d6c54ae5e05d1947dda0b6ecb02559a6/element/1be622b3-9fbf-4961-95dc-3e5973b7fe41/click HTTP/1.1
User-Agent: selenium/4.1.2 (java windows)
Content-Length: 50
Content-Type: application/json; charset=utf-8
host: localhost:64275
accept: */*

Response DefaultHttpResponse(decodeResult: success, version: HTTP/1.1)
HTTP/1.1 200 OK
Content-Type: application/json; charset=utf-8
cache-control: no-cache
content-length: 14

11:15:39.794 [AsyncHttpClient-1-8] DEBUG org.asynchttpclient.netty.channel.ChannelManager - Adding key: http://localhost:64275 for channel [id: 0xd9ac8856, L:/127.0.0.1:61695 - R:localhost/127.0.0.1:64275]
11:15:39.813 [Forwarding screenshot on session d6c54ae5e05d1947dda0b6ecb02559a6 to remote] DEBUG org.asynchttpclient.netty.request.NettyRequestSender - Using pooled Channel '[id: 0xd9ac8856, L:/127.0.0.1:61695 - R:localhost/127.0.0.1:64275]' for 'GET' to 'http://localhost:64275/session/d6c54ae5e05d1947dda0b6ecb02559a6/screenshot'
11:15:39.813 [Forwarding screenshot on session d6c54ae5e05d1947dda0b6ecb02559a6 to remote] DEBUG org.asynchttpclient.netty.request.NettyRequestSender - Using open Channel [id: 0xd9ac8856, L:/127.0.0.1:61695 - R:localhost/127.0.0.1:64275] for GET '/session/d6c54ae5e05d1947dda0b6ecb02559a6/screenshot'
11:15:39.821 [AsyncHttpClient-1-1] DEBUG org.asynchttpclient.netty.channel.DefaultChannelPool - Entry count for : http://localhost:61696 : 1
11:15:40.598 [AsyncHttpClient-1-8] DEBUG org.asynchttpclient.netty.handler.HttpHandler - 

Request DefaultFullHttpRequest(decodeResult: success, version: HTTP/1.1, content: EmptyByteBufBE)
GET /session/d6c54ae5e05d1947dda0b6ecb02559a6/screenshot HTTP/1.1
User-Agent: selenium/4.1.2 (java windows)
Cache-Control: no-cache
Content-Type: application/json; charset=utf-8
host: localhost:64275
accept: */*

Response DefaultHttpResponse(decodeResult: success, version: HTTP/1.1)
HTTP/1.1 200 OK
Content-Type: application/json; charset=utf-8
cache-control: no-cache
content-length: 76112

11:15:40.599 [AsyncHttpClient-1-8] DEBUG org.asynchttpclient.netty.channel.ChannelManager - Adding key: http://localhost:64275 for channel [id: 0xd9ac8856, L:/127.0.0.1:61695 - R:localhost/127.0.0.1:64275]
11:15:40.603 [main] DEBUG net.serenitybdd.core.photography.Darkroom - Send negative for processing for target\site\serenity\b787d446d5646e0086284b5ecaa0c3c705b934ad73d4e222fdb5e79f70f0a36b.png
11:15:40.604 [main] DEBUG net.thucydides.core.steps.StepInterceptor - STEP DONE: clickButtonDataPasien
  &amp#27;[32mWhen &amp#27;[0m&amp#27;[32mClick button data pasien&amp#27;[0m                 &amp#27;[90m# starter.stepdefinitios.PatientDataSteps.clickButtonDataPasien()&amp#27;[0m
11:15:40.916 [AsyncHttpClient-1-1] DEBUG org.asynchttpclient.netty.channel.DefaultChannelPool - Entry count for : http://localhost:61696 : 1
11:15:40.916 [AsyncHttpClient-1-1] DEBUG org.asynchttpclient.netty.channel.DefaultChannelPool - Entry count for : http://localhost:64275 : 1
11:15:41.145 [Forwarding screenshot on session d6c54ae5e05d1947dda0b6ecb02559a6 to remote] DEBUG org.asynchttpclient.netty.request.NettyRequestSender - Using pooled Channel '[id: 0xd9ac8856, L:/127.0.0.1:61695 - R:localhost/127.0.0.1:64275]' for 'GET' to 'http://localhost:64275/session/d6c54ae5e05d1947dda0b6ecb02559a6/screenshot'
11:15:41.146 [Forwarding screenshot on session d6c54ae5e05d1947dda0b6ecb02559a6 to remote] DEBUG org.asynchttpclient.netty.request.NettyRequestSender - Using open Channel [id: 0xd9ac8856, L:/127.0.0.1:61695 - R:localhost/127.0.0.1:64275] for GET '/session/d6c54ae5e05d1947dda0b6ecb02559a6/screenshot'
11:15:41.324 [AsyncHttpClient-1-8] DEBUG org.asynchttpclient.netty.handler.HttpHandler - 

Request DefaultFullHttpRequest(decodeResult: success, version: HTTP/1.1, content: EmptyByteBufBE)
GET /session/d6c54ae5e05d1947dda0b6ecb02559a6/screenshot HTTP/1.1
User-Agent: selenium/4.1.2 (java windows)
Cache-Control: no-cache
Content-Type: application/json; charset=utf-8
host: localhost:64275
accept: */*

Response DefaultHttpResponse(decodeResult: success, version: HTTP/1.1)
HTTP/1.1 200 OK
Content-Type: application/json; charset=utf-8
cache-control: no-cache
content-length: 76112

11:15:41.324 [AsyncHttpClient-1-8] DEBUG org.asynchttpclient.netty.channel.ChannelManager - Adding key: http://localhost:64275 for channel [id: 0xd9ac8856, L:/127.0.0.1:61695 - R:localhost/127.0.0.1:64275]
11:15:41.331 [main] DEBUG net.serenitybdd.core.photography.Darkroom - Send negative for processing for target\site\serenity\b787d446d5646e0086284b5ecaa0c3c705b934ad73d4e222fdb5e79f70f0a36b.png
11:15:41.331 [main] DEBUG net.thucydides.core.steps.StepInterceptor - STARTING STEP: PatientDataSteps.viewPatientData - validPagePasien
11:15:41.338 [Forwarding findElement on session d6c54ae5e05d1947dda0b6ecb02559a6 to remote] DEBUG org.asynchttpclient.netty.request.NettyRequestSender - Using pooled Channel '[id: 0xd9ac8856, L:/127.0.0.1:61695 - R:localhost/127.0.0.1:64275]' for 'POST' to 'http://localhost:64275/session/d6c54ae5e05d1947dda0b6ecb02559a6/element'
11:15:41.338 [Forwarding findElement on session d6c54ae5e05d1947dda0b6ecb02559a6 to remote] DEBUG org.asynchttpclient.netty.request.NettyRequestSender - Using open Channel [id: 0xd9ac8856, L:/127.0.0.1:61695 - R:localhost/127.0.0.1:64275] for POST '/session/d6c54ae5e05d1947dda0b6ecb02559a6/element'
11:15:41.368 [AsyncHttpClient-1-8] DEBUG org.asynchttpclient.netty.handler.HttpHandler - 

Request DefaultHttpRequest(decodeResult: success, version: HTTP/1.1)
POST /session/d6c54ae5e05d1947dda0b6ecb02559a6/element HTTP/1.1
User-Agent: selenium/4.1.2 (java windows)
Content-Length: 138
Content-Type: application/json; charset=utf-8
host: localhost:64275
accept: */*

Response DefaultHttpResponse(decodeResult: success, version: HTTP/1.1)
HTTP/1.1 200 OK
Content-Type: application/json; charset=utf-8
cache-control: no-cache
content-length: 88

11:15:41.368 [AsyncHttpClient-1-8] DEBUG org.asynchttpclient.netty.channel.ChannelManager - Adding key: http://localhost:64275 for channel [id: 0xd9ac8856, L:/127.0.0.1:61695 - R:localhost/127.0.0.1:64275]
11:15:41.370 [Forwarding isElementEnabled on session d6c54ae5e05d1947dda0b6ecb02559a6 to remote] DEBUG org.asynchttpclient.netty.request.NettyRequestSender - Using pooled Channel '[id: 0xd9ac8856, L:/127.0.0.1:61695 - R:localhost/127.0.0.1:64275]' for 'GET' to 'http://localhost:64275/session/d6c54ae5e05d1947dda0b6ecb02559a6/element/795d5b79-2d1d-42f1-886c-cdf60c6c9685/enabled'
11:15:41.370 [Forwarding isElementEnabled on session d6c54ae5e05d1947dda0b6ecb02559a6 to remote] DEBUG org.asynchttpclient.netty.request.NettyRequestSender - Using open Channel [id: 0xd9ac8856, L:/127.0.0.1:61695 - R:localhost/127.0.0.1:64275] for GET '/session/d6c54ae5e05d1947dda0b6ecb02559a6/element/795d5b79-2d1d-42f1-886c-cdf60c6c9685/enabled'
11:15:41.386 [AsyncHttpClient-1-8] DEBUG org.asynchttpclient.netty.handler.HttpHandler - 

Request DefaultFullHttpRequest(decodeResult: success, version: HTTP/1.1, content: EmptyByteBufBE)
GET /session/d6c54ae5e05d1947dda0b6ecb02559a6/element/795d5b79-2d1d-42f1-886c-cdf60c6c9685/enabled HTTP/1.1
User-Agent: selenium/4.1.2 (java windows)
Cache-Control: no-cache
Content-Type: application/json; charset=utf-8
host: localhost:64275
accept: */*

Response DefaultHttpResponse(decodeResult: success, version: HTTP/1.1)
HTTP/1.1 200 OK
Content-Type: application/json; charset=utf-8
cache-control: no-cache
content-length: 14

11:15:41.386 [AsyncHttpClient-1-8] DEBUG org.asynchttpclient.netty.channel.ChannelManager - Adding key: http://localhost:64275 for channel [id: 0xd9ac8856, L:/127.0.0.1:61695 - R:localhost/127.0.0.1:64275]
11:15:41.394 [Forwarding screenshot on session d6c54ae5e05d1947dda0b6ecb02559a6 to remote] DEBUG org.asynchttpclient.netty.request.NettyRequestSender - Using pooled Channel '[id: 0xd9ac8856, L:/127.0.0.1:61695 - R:localhost/127.0.0.1:64275]' for 'GET' to 'http://localhost:64275/session/d6c54ae5e05d1947dda0b6ecb02559a6/screenshot'
11:15:41.395 [Forwarding screenshot on session d6c54ae5e05d1947dda0b6ecb02559a6 to remote] DEBUG org.asynchttpclient.netty.request.NettyRequestSender - Using open Channel [id: 0xd9ac8856, L:/127.0.0.1:61695 - R:localhost/127.0.0.1:64275] for GET '/session/d6c54ae5e05d1947dda0b6ecb02559a6/screenshot'
11:15:41.567 [AsyncHttpClient-1-8] DEBUG org.asynchttpclient.netty.handler.HttpHandler - 

Request DefaultFullHttpRequest(decodeResult: success, version: HTTP/1.1, content: EmptyByteBufBE)
GET /session/d6c54ae5e05d1947dda0b6ecb02559a6/screenshot HTTP/1.1
User-Agent: selenium/4.1.2 (java windows)
Cache-Control: no-cache
Content-Type: application/json; charset=utf-8
host: localhost:64275
accept: */*

Response DefaultHttpResponse(decodeResult: success, version: HTTP/1.1)
HTTP/1.1 200 OK
Content-Type: application/json; charset=utf-8
cache-control: no-cache
content-length: 76112

11:15:41.568 [AsyncHttpClient-1-8] DEBUG org.asynchttpclient.netty.channel.ChannelManager - Adding key: http://localhost:64275 for channel [id: 0xd9ac8856, L:/127.0.0.1:61695 - R:localhost/127.0.0.1:64275]
11:15:41.578 [main] DEBUG net.serenitybdd.core.photography.Darkroom - Send negative for processing for target\site\serenity\b787d446d5646e0086284b5ecaa0c3c705b934ad73d4e222fdb5e79f70f0a36b.png
11:15:41.579 [main] DEBUG net.thucydides.core.steps.StepInterceptor - STEP DONE: validPagePasien
  &amp#27;[32mThen &amp#27;[0m&amp#27;[32mView Patient data&amp#27;[0m                        &amp#27;[90m# starter.stepdefinitios.PatientDataSteps.viewPatientData()&amp#27;[0m
11:15:41.597 [main] INFO  - 
  _____   ___   ___   _____     ___     _     ___   ___   ___   ___  
 |_   _| | __| / __| |_   _|   | _ \   /_\   / __| / __| | __| |   \ 
   | |   | _|  \__ \   | |     |  _/  / _ \  \__ \ \__ \ | _|  | |) |
   |_|   |___| |___/   |_|     |_|   /_/ \_\ |___/ |___/ |___| |___/ 

As a admin i want to view data pasien
----------------------------------------------------------------------
11:15:41.601 [AsyncHttpClient-1-2] DEBUG org.asynchttpclient.netty.handler.WebSocketHandler - Channel Closed: [id: 0x93beb9aa, L:/127.0.0.1:61708 ! R:localhost/127.0.0.1:61696] with attribute NettyResponseFuture{currentRetry=5,
	isDone=1,
	isCancelled=0,
	asyncHandler=org.asynchttpclient.ws.WebSocketUpgradeHandler@5c13154,
	nettyRequest=org.asynchttpclient.netty.request.NettyRequest@4727aabf,
	future=java.util.concurrent.CompletableFuture@5debd232[Completed normally],
	uri=ws://localhost:61696/devtools/browser/d836b0f0-20f3-479d-9ad0-7bf752cdf69d,
	keepAlive=true,
	redirectCount=0,
	timeoutsHolder=null,
	inAuth=0,
	touch=1655525735451}
11:15:41.601 [AsyncHttpClient-1-2] DEBUG org.asynchttpclient.netty.channel.ChannelManager - Closing Channel [id: 0x93beb9aa, L:/127.0.0.1:61708 ! R:localhost/127.0.0.1:61696] 
11:15:41.603 [Driver Command Executor] DEBUG org.asynchttpclient.netty.request.NettyRequestSender - Using pooled Channel '[id: 0xd9ac8856, L:/127.0.0.1:61695 - R:localhost/127.0.0.1:64275]' for 'DELETE' to 'http://localhost:64275/session/d6c54ae5e05d1947dda0b6ecb02559a6'
11:15:41.603 [Driver Command Executor] DEBUG org.asynchttpclient.netty.request.NettyRequestSender - Using open Channel [id: 0xd9ac8856, L:/127.0.0.1:61695 - R:localhost/127.0.0.1:64275] for DELETE '/session/d6c54ae5e05d1947dda0b6ecb02559a6'
11:15:41.961 [AsyncHttpClient-1-9] DEBUG org.asynchttpclient.netty.handler.HttpHandler - Unexpected I/O exception on channel [id: 0x841a6f88, L:/127.0.0.1:61707 - R:localhost/127.0.0.1:61696]
java.io.IOException: An existing connection was forcibly closed by the remote host
	at java.base/sun.nio.ch.SocketDispatcher.read0(Native Method)
	at java.base/sun.nio.ch.SocketDispatcher.read(SocketDispatcher.java:43)
	at java.base/sun.nio.ch.IOUtil.readIntoNativeBuffer(IOUtil.java:276)
	at java.base/sun.nio.ch.IOUtil.read(IOUtil.java:233)
	at java.base/sun.nio.ch.IOUtil.read(IOUtil.java:223)
	at java.base/sun.nio.ch.SocketChannelImpl.read(SocketChannelImpl.java:358)
	at io.netty.buffer.PooledByteBuf.setBytes(PooledByteBuf.java:258)
	at io.netty.buffer.AbstractByteBuf.writeBytes(AbstractByteBuf.java:1132)
	at io.netty.channel.socket.nio.NioSocketChannel.doReadBytes(NioSocketChannel.java:350)
	at io.netty.channel.nio.AbstractNioByteChannel$NioByteUnsafe.read(AbstractNioByteChannel.java:151)
	at io.netty.channel.nio.NioEventLoop.processSelectedKey(NioEventLoop.java:722)
	at io.netty.channel.nio.NioEventLoop.processSelectedKeysOptimized(NioEventLoop.java:658)
	at io.netty.channel.nio.NioEventLoop.processSelectedKeys(NioEventLoop.java:584)
	at io.netty.channel.nio.NioEventLoop.run(NioEventLoop.java:496)
	at io.netty.util.concurrent.SingleThreadEventExecutor$4.run(SingleThreadEventExecutor.java:986)
	at io.netty.util.internal.ThreadExecutorMap$2.run(ThreadExecutorMap.java:74)
	at io.netty.util.concurrent.FastThreadLocalRunnable.run(FastThreadLocalRunnable.java:30)
	at java.base/java.lang.Thread.run(Thread.java:834)
11:15:41.961 [AsyncHttpClient-1-9] DEBUG org.asynchttpclient.netty.channel.ChannelManager - Closing Channel [id: 0x841a6f88, L:/127.0.0.1:61707 - R:localhost/127.0.0.1:61696] 
11:15:41.961 [AsyncHttpClient-1-9] DEBUG org.asynchttpclient.netty.handler.HttpHandler - Channel Closed: [id: 0x841a6f88, L:/127.0.0.1:61707 ! R:localhost/127.0.0.1:61696] with attribute DISCARD
11:15:42.018 [AsyncHttpClient-1-1] DEBUG org.asynchttpclient.netty.channel.DefaultChannelPool - Entry count for : http://localhost:61696 : 1
11:15:42.018 [AsyncHttpClient-1-1] DEBUG org.asynchttpclient.netty.channel.DefaultChannelPool - Adding Candidate expired Channel [id: 0x841a6f88, L:/127.0.0.1:61707 ! R:localhost/127.0.0.1:61696] isIdleTimeoutExpired=false isRemotelyClosed=true isTtlExpired=false
11:15:42.019 [AsyncHttpClient-1-1] DEBUG org.asynchttpclient.netty.channel.DefaultChannelPool - Closing Idle Channel [id: 0x841a6f88, L:/127.0.0.1:61707 ! R:localhost/127.0.0.1:61696]
11:15:42.019 [AsyncHttpClient-1-1] DEBUG org.asynchttpclient.netty.channel.DefaultChannelPool - Closed 1 connections out of 1 in 1 ms
11:15:42.050 [AsyncHttpClient-1-8] DEBUG org.asynchttpclient.netty.handler.HttpHandler - 

Request DefaultFullHttpRequest(decodeResult: success, version: HTTP/1.1, content: EmptyByteBufBE)
DELETE /session/d6c54ae5e05d1947dda0b6ecb02559a6 HTTP/1.1
User-Agent: selenium/4.1.2 (java windows)
Content-Type: application/json; charset=utf-8
host: localhost:64275
accept: */*

Response DefaultHttpResponse(decodeResult: success, version: HTTP/1.1)
HTTP/1.1 200 OK
Content-Type: application/json; charset=utf-8
cache-control: no-cache
content-length: 14

11:15:42.050 [AsyncHttpClient-1-8] DEBUG org.asynchttpclient.netty.channel.ChannelManager - Adding key: http://localhost:64275 for channel [id: 0xd9ac8856, L:/127.0.0.1:61695 - R:localhost/127.0.0.1:64275]
11:15:42.814 [AsyncHttpClient-1-8] DEBUG org.asynchttpclient.netty.handler.HttpHandler - Channel Closed: [id: 0xd9ac8856, L:/127.0.0.1:61695 ! R:localhost/127.0.0.1:64275] with attribute DISCARD
11:15:43.116 [AsyncHttpClient-1-1] DEBUG org.asynchttpclient.netty.channel.DefaultChannelPool - Entry count for : http://localhost:64275 : 1
11:15:43.116 [AsyncHttpClient-1-1] DEBUG org.asynchttpclient.netty.channel.DefaultChannelPool - Adding Candidate expired Channel [id: 0xd9ac8856, L:/127.0.0.1:61695 ! R:localhost/127.0.0.1:64275] isIdleTimeoutExpired=false isRemotelyClosed=true isTtlExpired=false
11:15:43.116 [AsyncHttpClient-1-1] DEBUG org.asynchttpclient.netty.channel.DefaultChannelPool - Closing Idle Channel [id: 0xd9ac8856, L:/127.0.0.1:61695 ! R:localhost/127.0.0.1:64275]
11:15:43.116 [AsyncHttpClient-1-1] DEBUG org.asynchttpclient.netty.channel.DefaultChannelPool - Closed 1 connections out of 1 in 0 ms
]]></system-out>
    <system-err><![CDATA[Starting ChromeDriver 102.0.5005.61 (0e59bcc00cc4985ce39ad31c150065f159d95ad3-refs/branch-heads/5005@{#819}) on port 64275
Only local connections are allowed.
Please see https://chromedriver.chromium.org/security-considerations for suggestions on keeping ChromeDriver safe.
ChromeDriver was started successfully.
Jun 18, 2022 11:15:35 AM org.openqa.selenium.remote.ProtocolHandshake createSession
INFO: Detected dialect: W3C
Jun 18, 2022 11:15:35 AM org.openqa.selenium.devtools.CdpVersionFinder findNearestMatch
WARNING: Unable to find an exact match for CDP version 102, so returning the closest version found: a no-op implementation
Jun 18, 2022 11:15:35 AM org.openqa.selenium.devtools.CdpVersionFinder findNearestMatch
INFO: Unable to find CDP implementation matching 102.
Jun 18, 2022 11:15:35 AM org.openqa.selenium.chromium.ChromiumDriver lambda$new$3
WARNING: Unable to find version of CDP to use for . You may need to include a dependency on a specific version of the CDP using something similar to `org.seleniumhq.selenium:selenium-devtools-v86:4.1.2` where the version ("v86") matches the version of the chromium-based browser you're using and the version number of the artifact is the same as Selenium's.
]]></system-err>
  </testcase>
</testsuite>