<?xml version="1.0" encoding="UTF-8"?>
<testsuite xmlns:xsi="http://www.w3.org/2001/XMLSchema-instance" xsi:noNamespaceSchemaLocation="https://maven.apache.org/surefire/maven-failsafe-plugin/xsd/failsafe-test-report-3.0.xsd" version="3.0" name="CucumberTestSuite" time="895.89" tests="25" errors="0" skipped="0" failures="0">
  <properties>
    <property name="sun.desktop" value="windows"/>
    <property name="awt.toolkit" value="sun.awt.windows.WToolkit"/>
    <property name="java.specification.version" value="11"/>
    <property name="webdriver.chrome.driver" value="C:\Users\Bagas Dwi Saputra\.cache\selenium\chromedriver\win32\103.0.5060.53\chromedriver.exe"/>
    <property name="sun.cpu.isalist" value="amd64"/>
    <property name="sun.jnu.encoding" value="Cp1252"/>
    <property name="java.class.path" value="C:\Alterra\CapstoneBaru\QE\TestingWebUpdate\target\test-classes;C:\Users\Bagas Dwi Saputra\.m2\repository\net\serenity-bdd\serenity-cucumber\3.2.1\serenity-cucumber-3.2.1.jar;C:\Users\Bagas Dwi Saputra\.m2\repository\net\serenity-bdd\serenity-model\3.2.1\serenity-model-3.2.1.jar;C:\Users\Bagas Dwi Saputra\.m2\repository\org\apache\commons\commons-text\1.9\commons-text-1.9.jar;C:\Users\Bagas Dwi Saputra\.m2\repository\commons-net\commons-net\3.8.0\commons-net-3.8.0.jar;C:\Users\Bagas Dwi Saputra\.m2\repository\com\google\guava\guava\31.1-jre\guava-31.1-jre.jar;C:\Users\Bagas Dwi Saputra\.m2\repository\com\google\guava\failureaccess\1.0.1\failureaccess-1.0.1.jar;C:\Users\Bagas Dwi Saputra\.m2\repository\com\google\guava\listenablefuture\9999.0-empty-to-avoid-conflict-with-guava\listenablefuture-9999.0-empty-to-avoid-conflict-with-guava.jar;C:\Users\Bagas Dwi Saputra\.m2\repository\com\google\code\findbugs\jsr305\3.0.2\jsr305-3.0.2.jar;C:\Users\Bagas Dwi Saputra\.m2\repository\org\checkerframework\checker-qual\3.12.0\checker-qual-3.12.0.jar;C:\Users\Bagas Dwi Saputra\.m2\repository\com\google\errorprone\error_prone_annotations\2.11.0\error_prone_annotations-2.11.0.jar;C:\Users\Bagas Dwi Saputra\.m2\repository\com\google\j2objc\j2objc-annotations\1.3\j2objc-annotations-1.3.jar;C:\Users\Bagas Dwi Saputra\.m2\repository\com\google\inject\guice\5.1.0\guice-5.1.0.jar;C:\Users\Bagas Dwi Saputra\.m2\repository\javax\inject\javax.inject\1\javax.inject-1.jar;C:\Users\Bagas Dwi Saputra\.m2\repository\aopalliance\aopalliance\1.0\aopalliance-1.0.jar;C:\Users\Bagas Dwi Saputra\.m2\repository\org\jsoup\jsoup\1.14.3\jsoup-1.14.3.jar;C:\Users\Bagas Dwi Saputra\.m2\repository\com\thoughtworks\xstream\xstream\1.4.19\xstream-1.4.19.jar;C:\Users\Bagas Dwi Saputra\.m2\repository\io\github\x-stream\mxparser\1.2.2\mxparser-1.2.2.jar;C:\Users\Bagas Dwi Saputra\.m2\repository\xmlpull\xmlpull\1.1.3.1\xmlpull-1.1.3.1.jar;C:\Users\Bagas Dwi Saputra\.m2\repository\com\typesafe\config\1.4.2\config-1.4.2.jar;C:\Users\Bagas Dwi Saputra\.m2\repository\org\imgscalr\imgscalr-lib\4.2\imgscalr-lib-4.2.jar;C:\Users\Bagas Dwi Saputra\.m2\repository\org\awaitility\awaitility\4.2.0\awaitility-4.2.0.jar;C:\Users\Bagas Dwi Saputra\.m2\repository\org\freemarker\freemarker\2.3.31\freemarker-2.3.31.jar;C:\Users\Bagas Dwi Saputra\.m2\repository\io\github\classgraph\classgraph\4.8.138\classgraph-4.8.138.jar;C:\Users\Bagas Dwi Saputra\.m2\repository\net\sourceforge\jexcelapi\jxl\2.6.12\jxl-2.6.12.jar;C:\Users\Bagas Dwi Saputra\.m2\repository\net\bytebuddy\byte-buddy\1.12.8\byte-buddy-1.12.8.jar;C:\Users\Bagas Dwi Saputra\.m2\repository\net\bytebuddy\byte-buddy-agent\1.12.8\byte-buddy-agent-1.12.8.jar;C:\Users\Bagas Dwi Saputra\.m2\repository\org\objenesis\objenesis\3.1\objenesis-3.1.jar;C:\Users\Bagas Dwi Saputra\.m2\repository\io\cucumber\cucumber-core\7.2.3\cucumber-core-7.2.3.jar;C:\Users\Bagas Dwi Saputra\.m2\repository\io\cucumber\cucumber-gherkin\7.2.3\cucumber-gherkin-7.2.3.jar;C:\Users\Bagas Dwi Saputra\.m2\repository\io\cucumber\cucumber-gherkin-messages\7.2.3\cucumber-gherkin-messages-7.2.3.jar;C:\Users\Bagas Dwi Saputra\.m2\repository\io\cucumber\messages\17.1.1\messages-17.1.1.jar;C:\Users\Bagas Dwi Saputra\.m2\repository\io\cucumber\tag-expressions\4.1.0\tag-expressions-4.1.0.jar;C:\Users\Bagas Dwi Saputra\.m2\repository\io\cucumber\cucumber-expressions\15.0.1\cucumber-expressions-15.0.1.jar;C:\Users\Bagas Dwi Saputra\.m2\repository\io\cucumber\datatable\7.2.3\datatable-7.2.3.jar;C:\Users\Bagas Dwi Saputra\.m2\repository\io\cucumber\cucumber-plugin\7.2.3\cucumber-plugin-7.2.3.jar;C:\Users\Bagas Dwi Saputra\.m2\repository\io\cucumber\docstring\7.2.3\docstring-7.2.3.jar;C:\Users\Bagas Dwi Saputra\.m2\repository\io\cucumber\html-formatter\17.0.0\html-formatter-17.0.0.jar;C:\Users\Bagas Dwi Saputra\.m2\repository\io\cucumber\ci-environment\8.1.0\ci-environment-8.1.0.jar;C:\Users\Bagas Dwi Saputra\.m2\repository\io\cucumber\cucumber-junit\7.2.3\cucumber-junit-7.2.3.jar;C:\Users\Bagas Dwi Saputra\.m2\repository\org\apache\commons\commons-csv\1.5\commons-csv-1.5.jar;C:\Users\Bagas Dwi Saputra\.m2\repository\net\serenity-bdd\serenity-screenplay\3.2.1\serenity-screenplay-3.2.1.jar;C:\Users\Bagas Dwi Saputra\.m2\repository\net\serenity-bdd\serenity-screenplay-webdriver\3.2.1\serenity-screenplay-webdriver-3.2.1.jar;C:\Users\Bagas Dwi Saputra\.m2\repository\net\serenity-bdd\serenity-ensure\3.2.1\serenity-ensure-3.2.1.jar;C:\Users\Bagas Dwi Saputra\.m2\repository\net\serenity-bdd\serenity-junit\3.2.1\serenity-junit-3.2.1.jar;C:\Users\Bagas Dwi Saputra\.m2\repository\org\jetbrains\kotlin\kotlin-stdlib\1.6.0\kotlin-stdlib-1.6.0.jar;C:\Users\Bagas Dwi Saputra\.m2\repository\org\jetbrains\annotations\13.0\annotations-13.0.jar;C:\Users\Bagas Dwi Saputra\.m2\repository\org\jetbrains\kotlin\kotlin-stdlib-common\1.6.0\kotlin-stdlib-common-1.6.0.jar;C:\Users\Bagas Dwi Saputra\.m2\repository\org\junit\platform\junit-platform-launcher\1.8.2\junit-platform-launcher-1.8.2.jar;C:\Users\Bagas Dwi Saputra\.m2\repository\org\junit\platform\junit-platform-engine\1.8.2\junit-platform-engine-1.8.2.jar;C:\Users\Bagas Dwi Saputra\.m2\repository\org\junit\platform\junit-platform-commons\1.8.2\junit-platform-commons-1.8.2.jar;C:\Users\Bagas Dwi Saputra\.m2\repository\org\apiguardian\apiguardian-api\1.1.2\apiguardian-api-1.1.2.jar;C:\Users\Bagas Dwi Saputra\.m2\repository\org\junit\jupiter\junit-jupiter-engine\5.8.2\junit-jupiter-engine-5.8.2.jar;C:\Users\Bagas Dwi Saputra\.m2\repository\org\junit\jupiter\junit-jupiter-api\5.8.2\junit-jupiter-api-5.8.2.jar;C:\Users\Bagas Dwi Saputra\.m2\repository\org\junit\vintage\junit-vintage-engine\5.8.2\junit-vintage-engine-5.8.2.jar;C:\Users\Bagas Dwi Saputra\.m2\repository\junit\junit\4.13.2\junit-4.13.2.jar;C:\Users\Bagas Dwi Saputra\.m2\repository\org\hamcrest\hamcrest-core\1.3\hamcrest-core-1.3.jar;C:\Users\Bagas Dwi Saputra\.m2\repository\ch\qos\logback\logback-classic\1.2.11\logback-classic-1.2.11.jar;C:\Users\Bagas Dwi Saputra\.m2\repository\ch\qos\logback\logback-core\1.2.11\logback-core-1.2.11.jar;C:\Users\Bagas Dwi Saputra\.m2\repository\org\slf4j\slf4j-api\1.7.32\slf4j-api-1.7.32.jar;C:\Users\Bagas Dwi Saputra\.m2\repository\org\assertj\assertj-core\3.22.0\assertj-core-3.22.0.jar;C:\Users\Bagas Dwi Saputra\.m2\repository\net\serenity-bdd\serenity-rest-assured\3.2.1\serenity-rest-assured-3.2.1.jar;C:\Users\Bagas Dwi Saputra\.m2\repository\org\apache\httpcomponents\httpclient\4.5.13\httpclient-4.5.13.jar;C:\Users\Bagas Dwi Saputra\.m2\repository\org\apache\httpcomponents\httpcore\4.4.13\httpcore-4.4.13.jar;C:\Users\Bagas Dwi Saputra\.m2\repository\commons-logging\commons-logging\1.2\commons-logging-1.2.jar;C:\Users\Bagas Dwi Saputra\.m2\repository\org\codehaus\groovy\groovy-json\3.0.10\groovy-json-3.0.10.jar;C:\Users\Bagas Dwi Saputra\.m2\repository\org\opentest4j\opentest4j\1.2.0\opentest4j-1.2.0.jar;C:\Users\Bagas Dwi Saputra\.m2\repository\org\apache\maven\plugins\maven-surefire-plugin\3.0.0-M5\maven-surefire-plugin-3.0.0-M5.jar;C:\Users\Bagas Dwi Saputra\.m2\repository\org\apache\maven\surefire\maven-surefire-common\3.0.0-M5\maven-surefire-common-3.0.0-M5.jar;C:\Users\Bagas Dwi Saputra\.m2\repository\org\apache\maven\surefire\surefire-api\3.0.0-M5\surefire-api-3.0.0-M5.jar;C:\Users\Bagas Dwi Saputra\.m2\repository\org\apache\maven\surefire\surefire-logger-api\3.0.0-M5\surefire-logger-api-3.0.0-M5.jar;C:\Users\Bagas Dwi Saputra\.m2\repository\org\apache\maven\surefire\surefire-extensions-api\3.0.0-M5\surefire-extensions-api-3.0.0-M5.jar;C:\Users\Bagas Dwi Saputra\.m2\repository\org\apache\maven\surefire\surefire-booter\3.0.0-M5\surefire-booter-3.0.0-M5.jar;C:\Users\Bagas Dwi Saputra\.m2\repository\org\apache\maven\surefire\surefire-extensions-spi\3.0.0-M5\surefire-extensions-spi-3.0.0-M5.jar;C:\Users\Bagas Dwi Saputra\.m2\repository\org\apache\maven\maven-toolchain\3.0-alpha-2\maven-toolchain-3.0-alpha-2.jar;C:\Users\Bagas Dwi Saputra\.m2\repository\org\apache\maven\shared\maven-artifact-transfer\0.11.0\maven-artifact-transfer-0.11.0.jar;C:\Users\Bagas Dwi Saputra\.m2\repository\org\apache\maven\shared\maven-common-artifact-filters\3.0.1\maven-common-artifact-filters-3.0.1.jar;C:\Users\Bagas Dwi Saputra\.m2\repository\org\apache\maven\maven-model\3.0\maven-model-3.0.jar;C:\Users\Bagas Dwi Saputra\.m2\repository\org\apache\maven\maven-plugin-api\3.0\maven-plugin-api-3.0.jar;C:\Users\Bagas Dwi Saputra\.m2\repository\org\sonatype\sisu\sisu-inject-plexus\1.4.2\sisu-inject-plexus-1.4.2.jar;C:\Users\Bagas Dwi Saputra\.m2\repository\org\codehaus\plexus\plexus-classworlds\2.2.3\plexus-classworlds-2.2.3.jar;C:\Users\Bagas Dwi Saputra\.m2\repository\org\sonatype\sisu\sisu-inject-bean\1.4.2\sisu-inject-bean-1.4.2.jar;C:\Users\Bagas Dwi Saputra\.m2\repository\org\sonatype\sisu\sisu-guice\2.1.7\sisu-guice-2.1.7-noaop.jar;C:\Users\Bagas Dwi Saputra\.m2\repository\org\apache\maven\shared\maven-shared-utils\3.1.0\maven-shared-utils-3.1.0.jar;C:\Users\Bagas Dwi Saputra\.m2\repository\org\codehaus\plexus\plexus-java\1.0.5\plexus-java-1.0.5.jar;C:\Users\Bagas Dwi Saputra\.m2\repository\org\ow2\asm\asm\7.2\asm-7.2.jar;C:\Users\Bagas Dwi Saputra\.m2\repository\com\thoughtworks\qdox\qdox\2.0-M9\qdox-2.0-M9.jar;C:\Users\Bagas Dwi Saputra\.m2\repository\org\apache\maven\surefire\surefire-shared-utils\3.0.0-M4\surefire-shared-utils-3.0.0-M4.jar;C:\Users\Bagas Dwi Saputra\.m2\repository\io\rest-assured\rest-assured\4.5.1\rest-assured-4.5.1.jar;C:\Users\Bagas Dwi Saputra\.m2\repository\org\apache\httpcomponents\httpmime\4.5.13\httpmime-4.5.13.jar;C:\Users\Bagas Dwi Saputra\.m2\repository\org\hamcrest\hamcrest\2.1\hamcrest-2.1.jar;C:\Users\Bagas Dwi Saputra\.m2\repository\org\ccil\cowan\tagsoup\tagsoup\1.2.1\tagsoup-1.2.1.jar;C:\Users\Bagas Dwi Saputra\.m2\repository\io\rest-assured\json-path\4.5.1\json-path-4.5.1.jar;C:\Users\Bagas Dwi Saputra\.m2\repository\io\rest-assured\rest-assured-common\4.5.1\rest-assured-common-4.5.1.jar;C:\Users\Bagas Dwi Saputra\.m2\repository\io\rest-assured\xml-path\4.5.1\xml-path-4.5.1.jar;C:\Users\Bagas Dwi Saputra\.m2\repository\org\apache\commons\commons-lang3\3.11\commons-lang3-3.11.jar;C:\Users\Bagas Dwi Saputra\.m2\repository\org\codehaus\groovy\groovy\3.0.10\groovy-3.0.10.jar;C:\Users\Bagas Dwi Saputra\.m2\repository\org\codehaus\groovy\groovy-xml\3.0.10\groovy-xml-3.0.10.jar;C:\Users\Bagas Dwi Saputra\.m2\repository\com\googlecode\json-simple\json-simple\1.1.1\json-simple-1.1.1.jar;C:\Users\Bagas Dwi Saputra\.m2\repository\com\github\javafaker\javafaker\1.0.2\javafaker-1.0.2.jar;C:\Users\Bagas Dwi Saputra\.m2\repository\org\yaml\snakeyaml\1.23\snakeyaml-1.23-android.jar;C:\Users\Bagas Dwi Saputra\.m2\repository\com\github\mifmif\generex\1.0.2\generex-1.0.2.jar;C:\Users\Bagas Dwi Saputra\.m2\repository\dk\brics\automaton\automaton\1.11-8\automaton-1.11-8.jar;C:\Users\Bagas Dwi Saputra\.m2\repository\io\cucumber\cucumber-java\7.2.3\cucumber-java-7.2.3.jar;C:\Users\Bagas Dwi Saputra\.m2\repository\net\serenity-bdd\serenity-core\3.2.5\serenity-core-3.2.5.jar;C:\Users\Bagas Dwi Saputra\.m2\repository\net\serenity-bdd\serenity-reports\3.2.5\serenity-reports-3.2.5.jar;C:\Users\Bagas Dwi Saputra\.m2\repository\net\serenity-bdd\serenity-stats\3.2.5\serenity-stats-3.2.5.jar;C:\Users\Bagas Dwi Saputra\.m2\repository\net\serenity-bdd\serenity-reports-configuration\3.2.5\serenity-reports-configuration-3.2.5.jar;C:\Users\Bagas Dwi Saputra\.m2\repository\com\vladsch\flexmark\flexmark-all\0.34.30\flexmark-all-0.34.30.jar;C:\Users\Bagas Dwi Saputra\.m2\repository\com\vladsch\flexmark\flexmark\0.34.30\flexmark-0.34.30.jar;C:\Users\Bagas Dwi Saputra\.m2\repository\com\vladsch\flexmark\flexmark-ext-abbreviation\0.34.30\flexmark-ext-abbreviation-0.34.30.jar;C:\Users\Bagas Dwi Saputra\.m2\repository\com\vladsch\flexmark\flexmark-ext-admonition\0.34.30\flexmark-ext-admonition-0.34.30.jar;C:\Users\Bagas Dwi Saputra\.m2\repository\com\vladsch\flexmark\flexmark-ext-anchorlink\0.34.30\flexmark-ext-anchorlink-0.34.30.jar;C:\Users\Bagas Dwi Saputra\.m2\repository\com\vladsch\flexmark\flexmark-ext-aside\0.34.30\flexmark-ext-aside-0.34.30.jar;C:\Users\Bagas Dwi Saputra\.m2\repository\com\vladsch\flexmark\flexmark-ext-attributes\0.34.30\flexmark-ext-attributes-0.34.30.jar;C:\Users\Bagas Dwi Saputra\.m2\repository\com\vladsch\flexmark\flexmark-ext-autolink\0.34.30\flexmark-ext-autolink-0.34.30.jar;C:\Users\Bagas Dwi Saputra\.m2\repository\org\nibor\autolink\autolink\0.6.0\autolink-0.6.0.jar;C:\Users\Bagas Dwi Saputra\.m2\repository\com\vladsch\flexmark\flexmark-ext-definition\0.34.30\flexmark-ext-definition-0.34.30.jar;C:\Users\Bagas Dwi Saputra\.m2\repository\com\vladsch\flexmark\flexmark-ext-emoji\0.34.30\flexmark-ext-emoji-0.34.30.jar;C:\Users\Bagas Dwi Saputra\.m2\repository\com\vladsch\flexmark\flexmark-ext-enumerated-reference\0.34.30\flexmark-ext-enumerated-reference-0.34.30.jar;C:\Users\Bagas Dwi Saputra\.m2\repository\com\vladsch\flexmark\flexmark-ext-escaped-character\0.34.30\flexmark-ext-escaped-character-0.34.30.jar;C:\Users\Bagas Dwi Saputra\.m2\repository\com\vladsch\flexmark\flexmark-ext-footnotes\0.34.30\flexmark-ext-footnotes-0.34.30.jar;C:\Users\Bagas Dwi Saputra\.m2\repository\com\vladsch\flexmark\flexmark-ext-gfm-issues\0.34.30\flexmark-ext-gfm-issues-0.34.30.jar;C:\Users\Bagas Dwi Saputra\.m2\repository\com\vladsch\flexmark\flexmark-ext-gfm-strikethrough\0.34.30\flexmark-ext-gfm-strikethrough-0.34.30.jar;C:\Users\Bagas Dwi Saputra\.m2\repository\com\vladsch\flexmark\flexmark-ext-gfm-tables\0.34.30\flexmark-ext-gfm-tables-0.34.30.jar;C:\Users\Bagas Dwi Saputra\.m2\repository\com\vladsch\flexmark\flexmark-ext-gfm-tasklist\0.34.30\flexmark-ext-gfm-tasklist-0.34.30.jar;C:\Users\Bagas Dwi Saputra\.m2\repository\com\vladsch\flexmark\flexmark-ext-gfm-users\0.34.30\flexmark-ext-gfm-users-0.34.30.jar;C:\Users\Bagas Dwi Saputra\.m2\repository\com\vladsch\flexmark\flexmark-ext-gitlab\0.34.30\flexmark-ext-gitlab-0.34.30.jar;C:\Users\Bagas Dwi Saputra\.m2\repository\com\vladsch\flexmark\flexmark-ext-jekyll-front-matter\0.34.30\flexmark-ext-jekyll-front-matter-0.34.30.jar;C:\Users\Bagas Dwi Saputra\.m2\repository\com\vladsch\flexmark\flexmark-ext-jekyll-tag\0.34.30\flexmark-ext-jekyll-tag-0.34.30.jar;C:\Users\Bagas Dwi Saputra\.m2\repository\com\vladsch\flexmark\flexmark-ext-media-tags\0.34.30\flexmark-ext-media-tags-0.34.30.jar;C:\Users\Bagas Dwi Saputra\.m2\repository\com\vladsch\flexmark\flexmark-test-util\0.34.30\flexmark-test-util-0.34.30.jar;C:\Users\Bagas Dwi Saputra\.m2\repository\com\vladsch\flexmark\flexmark-ext-ins\0.34.30\flexmark-ext-ins-0.34.30.jar;C:\Users\Bagas Dwi Saputra\.m2\repository\com\vladsch\flexmark\flexmark-ext-xwiki-macros\0.34.30\flexmark-ext-xwiki-macros-0.34.30.jar;C:\Users\Bagas Dwi Saputra\.m2\repository\com\vladsch\flexmark\flexmark-ext-superscript\0.34.30\flexmark-ext-superscript-0.34.30.jar;C:\Users\Bagas Dwi Saputra\.m2\repository\com\vladsch\flexmark\flexmark-ext-tables\0.34.30\flexmark-ext-tables-0.34.30.jar;C:\Users\Bagas Dwi Saputra\.m2\repository\com\vladsch\flexmark\flexmark-ext-toc\0.34.30\flexmark-ext-toc-0.34.30.jar;C:\Users\Bagas Dwi Saputra\.m2\repository\com\vladsch\flexmark\flexmark-ext-typographic\0.34.30\flexmark-ext-typographic-0.34.30.jar;C:\Users\Bagas Dwi Saputra\.m2\repository\com\vladsch\flexmark\flexmark-ext-wikilink\0.34.30\flexmark-ext-wikilink-0.34.30.jar;C:\Users\Bagas Dwi Saputra\.m2\repository\com\vladsch\flexmark\flexmark-ext-yaml-front-matter\0.34.30\flexmark-ext-yaml-front-matter-0.34.30.jar;C:\Users\Bagas Dwi Saputra\.m2\repository\com\vladsch\flexmark\flexmark-ext-youtube-embedded\0.34.30\flexmark-ext-youtube-embedded-0.34.30.jar;C:\Users\Bagas Dwi Saputra\.m2\repository\com\vladsch\flexmark\flexmark-formatter\0.34.30\flexmark-formatter-0.34.30.jar;C:\Users\Bagas Dwi Saputra\.m2\repository\com\vladsch\flexmark\flexmark-html-parser\0.34.30\flexmark-html-parser-0.34.30.jar;C:\Users\Bagas Dwi Saputra\.m2\repository\com\vladsch\flexmark\flexmark-jira-converter\0.34.30\flexmark-jira-converter-0.34.30.jar;C:\Users\Bagas Dwi Saputra\.m2\repository\com\vladsch\flexmark\flexmark-pdf-converter\0.34.30\flexmark-pdf-converter-0.34.30.jar;C:\Users\Bagas Dwi Saputra\.m2\repository\com\openhtmltopdf\openhtmltopdf-core\0.0.1-RC13\openhtmltopdf-core-0.0.1-RC13.jar;C:\Users\Bagas Dwi Saputra\.m2\repository\com\openhtmltopdf\openhtmltopdf-pdfbox\0.0.1-RC13\openhtmltopdf-pdfbox-0.0.1-RC13.jar;C:\Users\Bagas Dwi Saputra\.m2\repository\org\apache\pdfbox\pdfbox\2.0.8\pdfbox-2.0.8.jar;C:\Users\Bagas Dwi Saputra\.m2\repository\org\apache\pdfbox\fontbox\2.0.8\fontbox-2.0.8.jar;C:\Users\Bagas Dwi Saputra\.m2\repository\org\apache\pdfbox\xmpbox\2.0.8\xmpbox-2.0.8.jar;C:\Users\Bagas Dwi Saputra\.m2\repository\de\rototor\pdfbox\graphics2d\0.12\graphics2d-0.12.jar;C:\Users\Bagas Dwi Saputra\.m2\repository\com\openhtmltopdf\openhtmltopdf-rtl-support\0.0.1-RC13\openhtmltopdf-rtl-support-0.0.1-RC13.jar;C:\Users\Bagas Dwi Saputra\.m2\repository\com\ibm\icu\icu4j\59.1\icu4j-59.1.jar;C:\Users\Bagas Dwi Saputra\.m2\repository\com\openhtmltopdf\openhtmltopdf-jsoup-dom-converter\0.0.1-RC13\openhtmltopdf-jsoup-dom-converter-0.0.1-RC13.jar;C:\Users\Bagas Dwi Saputra\.m2\repository\com\vladsch\flexmark\flexmark-profile-pegdown\0.34.30\flexmark-profile-pegdown-0.34.30.jar;C:\Users\Bagas Dwi Saputra\.m2\repository\com\vladsch\flexmark\flexmark-util\0.34.30\flexmark-util-0.34.30.jar;C:\Users\Bagas Dwi Saputra\.m2\repository\com\vladsch\flexmark\flexmark-youtrack-converter\0.34.30\flexmark-youtrack-converter-0.34.30.jar;C:\Users\Bagas Dwi Saputra\.m2\repository\es\nitaur\markdown\txtmark\0.16\txtmark-0.16.jar;C:\Users\Bagas Dwi Saputra\.m2\repository\net\serenity-bdd\serenity-report-resources\3.2.5\serenity-report-resources-3.2.5.jar;C:\Users\Bagas Dwi Saputra\.m2\repository\com\google\code\gson\gson\2.9.0\gson-2.9.0.jar;C:\Users\Bagas Dwi Saputra\.m2\repository\com\fasterxml\jackson\core\jackson-core\2.13.2\jackson-core-2.13.2.jar;C:\Users\Bagas Dwi Saputra\.m2\repository\com\fasterxml\jackson\core\jackson-databind\2.13.2\jackson-databind-2.13.2.jar;C:\Users\Bagas Dwi Saputra\.m2\repository\com\fasterxml\jackson\core\jackson-annotations\2.13.2\jackson-annotations-2.13.2.jar;C:\Users\Bagas Dwi Saputra\.m2\repository\commons-codec\commons-codec\1.15\commons-codec-1.15.jar;C:\Users\Bagas Dwi Saputra\.m2\repository\commons-io\commons-io\2.11.0\commons-io-2.11.0.jar;C:\Users\Bagas Dwi Saputra\.m2\repository\org\seleniumhq\selenium\selenium-java\4.1.4\selenium-java-4.1.4.jar;C:\Users\Bagas Dwi Saputra\.m2\repository\org\seleniumhq\selenium\selenium-devtools-v100\4.1.4\selenium-devtools-v100-4.1.4.jar;C:\Users\Bagas Dwi Saputra\.m2\repository\org\seleniumhq\selenium\selenium-devtools-v101\4.1.4\selenium-devtools-v101-4.1.4.jar;C:\Users\Bagas Dwi Saputra\.m2\repository\org\seleniumhq\selenium\selenium-devtools-v85\4.1.4\selenium-devtools-v85-4.1.4.jar;C:\Users\Bagas Dwi Saputra\.m2\repository\org\seleniumhq\selenium\selenium-devtools-v99\4.1.4\selenium-devtools-v99-4.1.4.jar;C:\Users\Bagas Dwi Saputra\.m2\repository\org\seleniumhq\selenium\selenium-opera-driver\4.1.4\selenium-opera-driver-4.1.4.jar;C:\Users\Bagas Dwi Saputra\.m2\repository\org\seleniumhq\selenium\selenium-remote-driver\4.1.4\selenium-remote-driver-4.1.4.jar;C:\Users\Bagas Dwi Saputra\.m2\repository\com\beust\jcommander\1.82\jcommander-1.82.jar;C:\Users\Bagas Dwi Saputra\.m2\repository\io\netty\netty-buffer\4.1.76.Final\netty-buffer-4.1.76.Final.jar;C:\Users\Bagas Dwi Saputra\.m2\repository\io\netty\netty-codec-http\4.1.76.Final\netty-codec-http-4.1.76.Final.jar;C:\Users\Bagas Dwi Saputra\.m2\repository\io\netty\netty-codec\4.1.76.Final\netty-codec-4.1.76.Final.jar;C:\Users\Bagas Dwi Saputra\.m2\repository\io\netty\netty-handler\4.1.76.Final\netty-handler-4.1.76.Final.jar;C:\Users\Bagas Dwi Saputra\.m2\repository\io\netty\netty-common\4.1.76.Final\netty-common-4.1.76.Final.jar;C:\Users\Bagas Dwi Saputra\.m2\repository\io\netty\netty-transport-classes-epoll\4.1.76.Final\netty-transport-classes-epoll-4.1.76.Final.jar;C:\Users\Bagas Dwi Saputra\.m2\repository\io\netty\netty-transport-classes-kqueue\4.1.76.Final\netty-transport-classes-kqueue-4.1.76.Final.jar;C:\Users\Bagas Dwi Saputra\.m2\repository\io\netty\netty-transport-native-epoll\4.1.76.Final\netty-transport-native-epoll-4.1.76.Final.jar;C:\Users\Bagas Dwi Saputra\.m2\repository\io\netty\netty-transport-native-kqueue\4.1.76.Final\netty-transport-native-kqueue-4.1.76.Final.jar;C:\Users\Bagas Dwi Saputra\.m2\repository\io\netty\netty-transport-native-unix-common\4.1.76.Final\netty-transport-native-unix-common-4.1.76.Final.jar;C:\Users\Bagas Dwi Saputra\.m2\repository\io\netty\netty-transport\4.1.76.Final\netty-transport-4.1.76.Final.jar;C:\Users\Bagas Dwi Saputra\.m2\repository\io\netty\netty-resolver\4.1.76.Final\netty-resolver-4.1.76.Final.jar;C:\Users\Bagas Dwi Saputra\.m2\repository\io\opentelemetry\opentelemetry-api\1.13.0\opentelemetry-api-1.13.0.jar;C:\Users\Bagas Dwi Saputra\.m2\repository\io\opentelemetry\opentelemetry-context\1.13.0\opentelemetry-context-1.13.0.jar;C:\Users\Bagas Dwi Saputra\.m2\repository\io\opentelemetry\opentelemetry-exporter-logging\1.13.0\opentelemetry-exporter-logging-1.13.0.jar;C:\Users\Bagas Dwi Saputra\.m2\repository\io\opentelemetry\opentelemetry-sdk-metrics\1.13.0-alpha\opentelemetry-sdk-metrics-1.13.0-alpha.jar;C:\Users\Bagas Dwi Saputra\.m2\repository\io\opentelemetry\opentelemetry-sdk-logs\1.13.0-alpha\opentelemetry-sdk-logs-1.13.0-alpha.jar;C:\Users\Bagas Dwi Saputra\.m2\repository\io\opentelemetry\opentelemetry-sdk-common\1.13.0\opentelemetry-sdk-common-1.13.0.jar;C:\Users\Bagas Dwi Saputra\.m2\repository\io\opentelemetry\opentelemetry-sdk-extension-autoconfigure-spi\1.13.0\opentelemetry-sdk-extension-autoconfigure-spi-1.13.0.jar;C:\Users\Bagas Dwi Saputra\.m2\repository\io\opentelemetry\opentelemetry-sdk-extension-autoconfigure\1.13.0-alpha\opentelemetry-sdk-extension-autoconfigure-1.13.0-alpha.jar;C:\Users\Bagas Dwi Saputra\.m2\repository\io\opentelemetry\opentelemetry-sdk-trace\1.13.0\opentelemetry-sdk-trace-1.13.0.jar;C:\Users\Bagas Dwi Saputra\.m2\repository\io\opentelemetry\opentelemetry-sdk\1.13.0\opentelemetry-sdk-1.13.0.jar;C:\Users\Bagas Dwi Saputra\.m2\repository\io\opentelemetry\opentelemetry-semconv\1.13.0-alpha\opentelemetry-semconv-1.13.0-alpha.jar;C:\Users\Bagas Dwi Saputra\.m2\repository\io\ous\jtoml\2.0.0\jtoml-2.0.0.jar;C:\Users\Bagas Dwi Saputra\.m2\repository\org\apache\commons\commons-exec\1.3\commons-exec-1.3.jar;C:\Users\Bagas Dwi Saputra\.m2\repository\org\asynchttpclient\async-http-client\2.12.3\async-http-client-2.12.3.jar;C:\Users\Bagas Dwi Saputra\.m2\repository\org\asynchttpclient\async-http-client-netty-utils\2.12.3\async-http-client-netty-utils-2.12.3.jar;C:\Users\Bagas Dwi Saputra\.m2\repository\io\netty\netty-codec-socks\4.1.60.Final\netty-codec-socks-4.1.60.Final.jar;C:\Users\Bagas Dwi Saputra\.m2\repository\io\netty\netty-handler-proxy\4.1.60.Final\netty-handler-proxy-4.1.60.Final.jar;C:\Users\Bagas Dwi Saputra\.m2\repository\io\netty\netty-transport-native-epoll\4.1.60.Final\netty-transport-native-epoll-4.1.60.Final-linux-x86_64.jar;C:\Users\Bagas Dwi Saputra\.m2\repository\io\netty\netty-transport-native-kqueue\4.1.60.Final\netty-transport-native-kqueue-4.1.60.Final-osx-x86_64.jar;C:\Users\Bagas Dwi Saputra\.m2\repository\org\reactivestreams\reactive-streams\1.0.3\reactive-streams-1.0.3.jar;C:\Users\Bagas Dwi Saputra\.m2\repository\com\typesafe\netty\netty-reactive-streams\2.0.4\netty-reactive-streams-2.0.4.jar;C:\Users\Bagas Dwi Saputra\.m2\repository\org\seleniumhq\selenium\selenium-http\4.1.4\selenium-http-4.1.4.jar;C:\Users\Bagas Dwi Saputra\.m2\repository\dev\failsafe\failsafe\3.2.3\failsafe-3.2.3.jar;C:\Users\Bagas Dwi Saputra\.m2\repository\org\seleniumhq\selenium\selenium-safari-driver\4.1.4\selenium-safari-driver-4.1.4.jar;C:\Users\Bagas Dwi Saputra\.m2\repository\org\seleniumhq\selenium\selenium-api\4.1.4\selenium-api-4.1.4.jar;C:\Users\Bagas Dwi Saputra\.m2\repository\org\seleniumhq\selenium\selenium-support\4.1.4\selenium-support-4.1.4.jar;C:\Users\Bagas Dwi Saputra\.m2\repository\com\google\auto\service\auto-service-annotations\1.0.1\auto-service-annotations-1.0.1.jar;C:\Users\Bagas Dwi Saputra\.m2\repository\com\google\auto\service\auto-service\1.0.1\auto-service-1.0.1.jar;C:\Users\Bagas Dwi Saputra\.m2\repository\com\google\auto\auto-common\1.2\auto-common-1.2.jar;C:\Users\Bagas Dwi Saputra\.m2\repository\org\seleniumhq\selenium\selenium-json\4.1.4\selenium-json-4.1.4.jar;C:\Users\Bagas Dwi Saputra\.m2\repository\org\seleniumhq\selenium\selenium-chrome-driver\4.1.4\selenium-chrome-driver-4.1.4.jar;C:\Users\Bagas Dwi Saputra\.m2\repository\org\seleniumhq\selenium\selenium-chromium-driver\4.1.4\selenium-chromium-driver-4.1.4.jar;C:\Users\Bagas Dwi Saputra\.m2\repository\org\seleniumhq\selenium\selenium-firefox-driver\4.1.4\selenium-firefox-driver-4.1.4.jar;C:\Users\Bagas Dwi Saputra\.m2\repository\org\seleniumhq\selenium\selenium-edge-driver\4.1.4\selenium-edge-driver-4.1.4.jar;C:\Users\Bagas Dwi Saputra\.m2\repository\org\seleniumhq\selenium\selenium-ie-driver\4.1.4\selenium-ie-driver-4.1.4.jar;C:\Users\Bagas Dwi Saputra\.m2\repository\org\projectlombok\lombok\1.18.20\lombok-1.18.20.jar;C:\Users\Bagas Dwi Saputra\.m2\repository\io\appium\java-client\8.0.0\java-client-8.0.0.jar;C:\Users\Bagas Dwi Saputra\.m2\repository\commons-validator\commons-validator\1.7\commons-validator-1.7.jar;C:\Users\Bagas Dwi Saputra\.m2\repository\commons-digester\commons-digester\2.1\commons-digester-2.1.jar;C:\Users\Bagas Dwi Saputra\.m2\repository\org\aspectj\aspectjweaver\1.9.8\aspectjweaver-1.9.8.jar;C:\Users\Bagas Dwi Saputra\.m2\repository\org\apache\groovy\groovy\4.0.1\groovy-4.0.1.jar;C:\Users\Bagas Dwi Saputra\.m2\repository\net\sf\opencsv\opencsv\2.0\opencsv-2.0.jar;C:\Users\Bagas Dwi Saputra\.m2\repository\commons-beanutils\commons-beanutils\1.9.4\commons-beanutils-1.9.4.jar;C:\Users\Bagas Dwi Saputra\.m2\repository\commons-collections\commons-collections\3.2.2\commons-collections-3.2.2.jar;C:\Users\Bagas Dwi Saputra\.m2\repository\org\fluentlenium\fluentlenium-core\0.10.2\fluentlenium-core-0.10.2.jar;C:\Users\Bagas Dwi Saputra\.m2\repository\io\github\bonigarcia\webdrivermanager\5.1.0\webdrivermanager-5.1.0.jar;C:\Users\Bagas Dwi Saputra\.m2\repository\com\github\docker-java\docker-java\3.2.13\docker-java-3.2.13.jar;C:\Users\Bagas Dwi Saputra\.m2\repository\com\github\docker-java\docker-java-core\3.2.13\docker-java-core-3.2.13.jar;C:\Users\Bagas Dwi Saputra\.m2\repository\com\github\docker-java\docker-java-api\3.2.13\docker-java-api-3.2.13.jar;C:\Users\Bagas Dwi Saputra\.m2\repository\org\apache\commons\commons-compress\1.21\commons-compress-1.21.jar;C:\Users\Bagas Dwi Saputra\.m2\repository\org\bouncycastle\bcpkix-jdk15on\1.64\bcpkix-jdk15on-1.64.jar;C:\Users\Bagas Dwi Saputra\.m2\repository\org\bouncycastle\bcprov-jdk15on\1.64\bcprov-jdk15on-1.64.jar;C:\Users\Bagas Dwi Saputra\.m2\repository\org\slf4j\jcl-over-slf4j\1.7.30\jcl-over-slf4j-1.7.30.jar;C:\Users\Bagas Dwi Saputra\.m2\repository\com\github\docker-java\docker-java-transport-httpclient5\3.2.13\docker-java-transport-httpclient5-3.2.13.jar;C:\Users\Bagas Dwi Saputra\.m2\repository\com\github\docker-java\docker-java-transport\3.2.13\docker-java-transport-3.2.13.jar;C:\Users\Bagas Dwi Saputra\.m2\repository\org\apache\httpcomponents\client5\httpclient5\5.0.3\httpclient5-5.0.3.jar;C:\Users\Bagas Dwi Saputra\.m2\repository\org\apache\httpcomponents\core5\httpcore5\5.0.2\httpcore5-5.0.2.jar;C:\Users\Bagas Dwi Saputra\.m2\repository\net\java\dev\jna\jna\5.8.0\jna-5.8.0.jar;C:\Users\Bagas Dwi Saputra\.m2\repository\org\brotli\dec\0.1.2\dec-0.1.2.jar;C:\Users\Bagas Dwi Saputra\.m2\repository\com\jhlabs\filters\2.0.235\filters-2.0.235.jar;C:\Users\Bagas Dwi Saputra\.m2\repository\com\paulhammant\ngwebdriver\1.1.6\ngwebdriver-1.1.6.jar;C:\Users\Bagas Dwi Saputra\.m2\repository\joda-time\joda-time\2.8.2\joda-time-2.8.2.jar;C:\Users\Bagas Dwi Saputra\.m2\repository\com\google\jimfs\jimfs\1.2\jimfs-1.2.jar;C:\Users\Bagas Dwi Saputra\.m2\repository\org\mockito\mockito-core\3.3.3\mockito-core-3.3.3.jar;C:\Users\Bagas Dwi Saputra\.m2\repository\javax\xml\bind\jaxb-api\2.3.1\jaxb-api-2.3.1.jar;C:\Users\Bagas Dwi Saputra\.m2\repository\javax\activation\javax.activation-api\1.2.0\javax.activation-api-1.2.0.jar;C:\Users\Bagas Dwi Saputra\.m2\repository\com\sun\xml\bind\jaxb-core\2.3.0.1\jaxb-core-2.3.0.1.jar;C:\Users\Bagas Dwi Saputra\.m2\repository\com\sun\xml\bind\jaxb-impl\2.3.3\jaxb-impl-2.3.3.jar;C:\Users\Bagas Dwi Saputra\.m2\repository\jakarta\xml\bind\jakarta.xml.bind-api\2.3.3\jakarta.xml.bind-api-2.3.3.jar;C:\Users\Bagas Dwi Saputra\.m2\repository\com\sun\activation\jakarta.activation\1.2.2\jakarta.activation-1.2.2.jar;C:\Users\Bagas Dwi Saputra\.m2\repository\javax\activation\activation\1.1.1\activation-1.1.1.jar;"/>
    <property name="java.vm.vendor" value="OpenLogic"/>
    <property name="sun.arch.data.model" value="64"/>
    <property name="user.variant" value=""/>
    <property name="java.vendor.url" value="https://openlogic.com/"/>
    <property name="user.timezone" value="Asia/Bangkok"/>
    <property name="log4j2.formatMsgNoLookups" value="true"/>
    <property name="java.vm.specification.version" value="11"/>
    <property name="os.name" value="Windows 11"/>
    <property name="sun.java.launcher" value="SUN_STANDARD"/>
    <property name="user.country" value="ID"/>
    <property name="sun.boot.library.path" value="C:\Program Files\jdk\jdk-11.0.15\bin"/>
    <property name="sun.java.command" value="org.apache.maven.surefire.booter.ForkedBooter C:\Users\Bagas Dwi Saputra\AppData\Local\Temp\surefire2690593262385252282 2022-07-17T18-23-59_656-jvmRun1 surefire17843882830830732011tmp surefire_04009641253487128677tmp"/>
    <property name="jdk.debug" value="release"/>
    <property name="surefire.test.class.path" value="C:\Alterra\CapstoneBaru\QE\TestingWebUpdate\target\test-classes;C:\Users\Bagas Dwi Saputra\.m2\repository\net\serenity-bdd\serenity-cucumber\3.2.1\serenity-cucumber-3.2.1.jar;C:\Users\Bagas Dwi Saputra\.m2\repository\net\serenity-bdd\serenity-model\3.2.1\serenity-model-3.2.1.jar;C:\Users\Bagas Dwi Saputra\.m2\repository\org\apache\commons\commons-text\1.9\commons-text-1.9.jar;C:\Users\Bagas Dwi Saputra\.m2\repository\commons-net\commons-net\3.8.0\commons-net-3.8.0.jar;C:\Users\Bagas Dwi Saputra\.m2\repository\com\google\guava\guava\31.1-jre\guava-31.1-jre.jar;C:\Users\Bagas Dwi Saputra\.m2\repository\com\google\guava\failureaccess\1.0.1\failureaccess-1.0.1.jar;C:\Users\Bagas Dwi Saputra\.m2\repository\com\google\guava\listenablefuture\9999.0-empty-to-avoid-conflict-with-guava\listenablefuture-9999.0-empty-to-avoid-conflict-with-guava.jar;C:\Users\Bagas Dwi Saputra\.m2\repository\com\google\code\findbugs\jsr305\3.0.2\jsr305-3.0.2.jar;C:\Users\Bagas Dwi Saputra\.m2\repository\org\checkerframework\checker-qual\3.12.0\checker-qual-3.12.0.jar;C:\Users\Bagas Dwi Saputra\.m2\repository\com\google\errorprone\error_prone_annotations\2.11.0\error_prone_annotations-2.11.0.jar;C:\Users\Bagas Dwi Saputra\.m2\repository\com\google\j2objc\j2objc-annotations\1.3\j2objc-annotations-1.3.jar;C:\Users\Bagas Dwi Saputra\.m2\repository\com\google\inject\guice\5.1.0\guice-5.1.0.jar;C:\Users\Bagas Dwi Saputra\.m2\repository\javax\inject\javax.inject\1\javax.inject-1.jar;C:\Users\Bagas Dwi Saputra\.m2\repository\aopalliance\aopalliance\1.0\aopalliance-1.0.jar;C:\Users\Bagas Dwi Saputra\.m2\repository\org\jsoup\jsoup\1.14.3\jsoup-1.14.3.jar;C:\Users\Bagas Dwi Saputra\.m2\repository\com\thoughtworks\xstream\xstream\1.4.19\xstream-1.4.19.jar;C:\Users\Bagas Dwi Saputra\.m2\repository\io\github\x-stream\mxparser\1.2.2\mxparser-1.2.2.jar;C:\Users\Bagas Dwi Saputra\.m2\repository\xmlpull\xmlpull\1.1.3.1\xmlpull-1.1.3.1.jar;C:\Users\Bagas Dwi Saputra\.m2\repository\com\typesafe\config\1.4.2\config-1.4.2.jar;C:\Users\Bagas Dwi Saputra\.m2\repository\org\imgscalr\imgscalr-lib\4.2\imgscalr-lib-4.2.jar;C:\Users\Bagas Dwi Saputra\.m2\repository\org\awaitility\awaitility\4.2.0\awaitility-4.2.0.jar;C:\Users\Bagas Dwi Saputra\.m2\repository\org\freemarker\freemarker\2.3.31\freemarker-2.3.31.jar;C:\Users\Bagas Dwi Saputra\.m2\repository\io\github\classgraph\classgraph\4.8.138\classgraph-4.8.138.jar;C:\Users\Bagas Dwi Saputra\.m2\repository\net\sourceforge\jexcelapi\jxl\2.6.12\jxl-2.6.12.jar;C:\Users\Bagas Dwi Saputra\.m2\repository\net\bytebuddy\byte-buddy\1.12.8\byte-buddy-1.12.8.jar;C:\Users\Bagas Dwi Saputra\.m2\repository\net\bytebuddy\byte-buddy-agent\1.12.8\byte-buddy-agent-1.12.8.jar;C:\Users\Bagas Dwi Saputra\.m2\repository\org\objenesis\objenesis\3.1\objenesis-3.1.jar;C:\Users\Bagas Dwi Saputra\.m2\repository\io\cucumber\cucumber-core\7.2.3\cucumber-core-7.2.3.jar;C:\Users\Bagas Dwi Saputra\.m2\repository\io\cucumber\cucumber-gherkin\7.2.3\cucumber-gherkin-7.2.3.jar;C:\Users\Bagas Dwi Saputra\.m2\repository\io\cucumber\cucumber-gherkin-messages\7.2.3\cucumber-gherkin-messages-7.2.3.jar;C:\Users\Bagas Dwi Saputra\.m2\repository\io\cucumber\messages\17.1.1\messages-17.1.1.jar;C:\Users\Bagas Dwi Saputra\.m2\repository\io\cucumber\tag-expressions\4.1.0\tag-expressions-4.1.0.jar;C:\Users\Bagas Dwi Saputra\.m2\repository\io\cucumber\cucumber-expressions\15.0.1\cucumber-expressions-15.0.1.jar;C:\Users\Bagas Dwi Saputra\.m2\repository\io\cucumber\datatable\7.2.3\datatable-7.2.3.jar;C:\Users\Bagas Dwi Saputra\.m2\repository\io\cucumber\cucumber-plugin\7.2.3\cucumber-plugin-7.2.3.jar;C:\Users\Bagas Dwi Saputra\.m2\repository\io\cucumber\docstring\7.2.3\docstring-7.2.3.jar;C:\Users\Bagas Dwi Saputra\.m2\repository\io\cucumber\html-formatter\17.0.0\html-formatter-17.0.0.jar;C:\Users\Bagas Dwi Saputra\.m2\repository\io\cucumber\ci-environment\8.1.0\ci-environment-8.1.0.jar;C:\Users\Bagas Dwi Saputra\.m2\repository\io\cucumber\cucumber-junit\7.2.3\cucumber-junit-7.2.3.jar;C:\Users\Bagas Dwi Saputra\.m2\repository\org\apache\commons\commons-csv\1.5\commons-csv-1.5.jar;C:\Users\Bagas Dwi Saputra\.m2\repository\net\serenity-bdd\serenity-screenplay\3.2.1\serenity-screenplay-3.2.1.jar;C:\Users\Bagas Dwi Saputra\.m2\repository\net\serenity-bdd\serenity-screenplay-webdriver\3.2.1\serenity-screenplay-webdriver-3.2.1.jar;C:\Users\Bagas Dwi Saputra\.m2\repository\net\serenity-bdd\serenity-ensure\3.2.1\serenity-ensure-3.2.1.jar;C:\Users\Bagas Dwi Saputra\.m2\repository\net\serenity-bdd\serenity-junit\3.2.1\serenity-junit-3.2.1.jar;C:\Users\Bagas Dwi Saputra\.m2\repository\org\jetbrains\kotlin\kotlin-stdlib\1.6.0\kotlin-stdlib-1.6.0.jar;C:\Users\Bagas Dwi Saputra\.m2\repository\org\jetbrains\annotations\13.0\annotations-13.0.jar;C:\Users\Bagas Dwi Saputra\.m2\repository\org\jetbrains\kotlin\kotlin-stdlib-common\1.6.0\kotlin-stdlib-common-1.6.0.jar;C:\Users\Bagas Dwi Saputra\.m2\repository\org\junit\platform\junit-platform-launcher\1.8.2\junit-platform-launcher-1.8.2.jar;C:\Users\Bagas Dwi Saputra\.m2\repository\org\junit\platform\junit-platform-engine\1.8.2\junit-platform-engine-1.8.2.jar;C:\Users\Bagas Dwi Saputra\.m2\repository\org\junit\platform\junit-platform-commons\1.8.2\junit-platform-commons-1.8.2.jar;C:\Users\Bagas Dwi Saputra\.m2\repository\org\apiguardian\apiguardian-api\1.1.2\apiguardian-api-1.1.2.jar;C:\Users\Bagas Dwi Saputra\.m2\repository\org\junit\jupiter\junit-jupiter-engine\5.8.2\junit-jupiter-engine-5.8.2.jar;C:\Users\Bagas Dwi Saputra\.m2\repository\org\junit\jupiter\junit-jupiter-api\5.8.2\junit-jupiter-api-5.8.2.jar;C:\Users\Bagas Dwi Saputra\.m2\repository\org\junit\vintage\junit-vintage-engine\5.8.2\junit-vintage-engine-5.8.2.jar;C:\Users\Bagas Dwi Saputra\.m2\repository\junit\junit\4.13.2\junit-4.13.2.jar;C:\Users\Bagas Dwi Saputra\.m2\repository\org\hamcrest\hamcrest-core\1.3\hamcrest-core-1.3.jar;C:\Users\Bagas Dwi Saputra\.m2\repository\ch\qos\logback\logback-classic\1.2.11\logback-classic-1.2.11.jar;C:\Users\Bagas Dwi Saputra\.m2\repository\ch\qos\logback\logback-core\1.2.11\logback-core-1.2.11.jar;C:\Users\Bagas Dwi Saputra\.m2\repository\org\slf4j\slf4j-api\1.7.32\slf4j-api-1.7.32.jar;C:\Users\Bagas Dwi Saputra\.m2\repository\org\assertj\assertj-core\3.22.0\assertj-core-3.22.0.jar;C:\Users\Bagas Dwi Saputra\.m2\repository\net\serenity-bdd\serenity-rest-assured\3.2.1\serenity-rest-assured-3.2.1.jar;C:\Users\Bagas Dwi Saputra\.m2\repository\org\apache\httpcomponents\httpclient\4.5.13\httpclient-4.5.13.jar;C:\Users\Bagas Dwi Saputra\.m2\repository\org\apache\httpcomponents\httpcore\4.4.13\httpcore-4.4.13.jar;C:\Users\Bagas Dwi Saputra\.m2\repository\commons-logging\commons-logging\1.2\commons-logging-1.2.jar;C:\Users\Bagas Dwi Saputra\.m2\repository\org\codehaus\groovy\groovy-json\3.0.10\groovy-json-3.0.10.jar;C:\Users\Bagas Dwi Saputra\.m2\repository\org\opentest4j\opentest4j\1.2.0\opentest4j-1.2.0.jar;C:\Users\Bagas Dwi Saputra\.m2\repository\org\apache\maven\plugins\maven-surefire-plugin\3.0.0-M5\maven-surefire-plugin-3.0.0-M5.jar;C:\Users\Bagas Dwi Saputra\.m2\repository\org\apache\maven\surefire\maven-surefire-common\3.0.0-M5\maven-surefire-common-3.0.0-M5.jar;C:\Users\Bagas Dwi Saputra\.m2\repository\org\apache\maven\surefire\surefire-api\3.0.0-M5\surefire-api-3.0.0-M5.jar;C:\Users\Bagas Dwi Saputra\.m2\repository\org\apache\maven\surefire\surefire-logger-api\3.0.0-M5\surefire-logger-api-3.0.0-M5.jar;C:\Users\Bagas Dwi Saputra\.m2\repository\org\apache\maven\surefire\surefire-extensions-api\3.0.0-M5\surefire-extensions-api-3.0.0-M5.jar;C:\Users\Bagas Dwi Saputra\.m2\repository\org\apache\maven\surefire\surefire-booter\3.0.0-M5\surefire-booter-3.0.0-M5.jar;C:\Users\Bagas Dwi Saputra\.m2\repository\org\apache\maven\surefire\surefire-extensions-spi\3.0.0-M5\surefire-extensions-spi-3.0.0-M5.jar;C:\Users\Bagas Dwi Saputra\.m2\repository\org\apache\maven\maven-toolchain\3.0-alpha-2\maven-toolchain-3.0-alpha-2.jar;C:\Users\Bagas Dwi Saputra\.m2\repository\org\apache\maven\shared\maven-artifact-transfer\0.11.0\maven-artifact-transfer-0.11.0.jar;C:\Users\Bagas Dwi Saputra\.m2\repository\org\apache\maven\shared\maven-common-artifact-filters\3.0.1\maven-common-artifact-filters-3.0.1.jar;C:\Users\Bagas Dwi Saputra\.m2\repository\org\apache\maven\maven-model\3.0\maven-model-3.0.jar;C:\Users\Bagas Dwi Saputra\.m2\repository\org\apache\maven\maven-plugin-api\3.0\maven-plugin-api-3.0.jar;C:\Users\Bagas Dwi Saputra\.m2\repository\org\sonatype\sisu\sisu-inject-plexus\1.4.2\sisu-inject-plexus-1.4.2.jar;C:\Users\Bagas Dwi Saputra\.m2\repository\org\codehaus\plexus\plexus-classworlds\2.2.3\plexus-classworlds-2.2.3.jar;C:\Users\Bagas Dwi Saputra\.m2\repository\org\sonatype\sisu\sisu-inject-bean\1.4.2\sisu-inject-bean-1.4.2.jar;C:\Users\Bagas Dwi Saputra\.m2\repository\org\sonatype\sisu\sisu-guice\2.1.7\sisu-guice-2.1.7-noaop.jar;C:\Users\Bagas Dwi Saputra\.m2\repository\org\apache\maven\shared\maven-shared-utils\3.1.0\maven-shared-utils-3.1.0.jar;C:\Users\Bagas Dwi Saputra\.m2\repository\org\codehaus\plexus\plexus-java\1.0.5\plexus-java-1.0.5.jar;C:\Users\Bagas Dwi Saputra\.m2\repository\org\ow2\asm\asm\7.2\asm-7.2.jar;C:\Users\Bagas Dwi Saputra\.m2\repository\com\thoughtworks\qdox\qdox\2.0-M9\qdox-2.0-M9.jar;C:\Users\Bagas Dwi Saputra\.m2\repository\org\apache\maven\surefire\surefire-shared-utils\3.0.0-M4\surefire-shared-utils-3.0.0-M4.jar;C:\Users\Bagas Dwi Saputra\.m2\repository\io\rest-assured\rest-assured\4.5.1\rest-assured-4.5.1.jar;C:\Users\Bagas Dwi Saputra\.m2\repository\org\apache\httpcomponents\httpmime\4.5.13\httpmime-4.5.13.jar;C:\Users\Bagas Dwi Saputra\.m2\repository\org\hamcrest\hamcrest\2.1\hamcrest-2.1.jar;C:\Users\Bagas Dwi Saputra\.m2\repository\org\ccil\cowan\tagsoup\tagsoup\1.2.1\tagsoup-1.2.1.jar;C:\Users\Bagas Dwi Saputra\.m2\repository\io\rest-assured\json-path\4.5.1\json-path-4.5.1.jar;C:\Users\Bagas Dwi Saputra\.m2\repository\io\rest-assured\rest-assured-common\4.5.1\rest-assured-common-4.5.1.jar;C:\Users\Bagas Dwi Saputra\.m2\repository\io\rest-assured\xml-path\4.5.1\xml-path-4.5.1.jar;C:\Users\Bagas Dwi Saputra\.m2\repository\org\apache\commons\commons-lang3\3.11\commons-lang3-3.11.jar;C:\Users\Bagas Dwi Saputra\.m2\repository\org\codehaus\groovy\groovy\3.0.10\groovy-3.0.10.jar;C:\Users\Bagas Dwi Saputra\.m2\repository\org\codehaus\groovy\groovy-xml\3.0.10\groovy-xml-3.0.10.jar;C:\Users\Bagas Dwi Saputra\.m2\repository\com\googlecode\json-simple\json-simple\1.1.1\json-simple-1.1.1.jar;C:\Users\Bagas Dwi Saputra\.m2\repository\com\github\javafaker\javafaker\1.0.2\javafaker-1.0.2.jar;C:\Users\Bagas Dwi Saputra\.m2\repository\org\yaml\snakeyaml\1.23\snakeyaml-1.23-android.jar;C:\Users\Bagas Dwi Saputra\.m2\repository\com\github\mifmif\generex\1.0.2\generex-1.0.2.jar;C:\Users\Bagas Dwi Saputra\.m2\repository\dk\brics\automaton\automaton\1.11-8\automaton-1.11-8.jar;C:\Users\Bagas Dwi Saputra\.m2\repository\io\cucumber\cucumber-java\7.2.3\cucumber-java-7.2.3.jar;C:\Users\Bagas Dwi Saputra\.m2\repository\net\serenity-bdd\serenity-core\3.2.5\serenity-core-3.2.5.jar;C:\Users\Bagas Dwi Saputra\.m2\repository\net\serenity-bdd\serenity-reports\3.2.5\serenity-reports-3.2.5.jar;C:\Users\Bagas Dwi Saputra\.m2\repository\net\serenity-bdd\serenity-stats\3.2.5\serenity-stats-3.2.5.jar;C:\Users\Bagas Dwi Saputra\.m2\repository\net\serenity-bdd\serenity-reports-configuration\3.2.5\serenity-reports-configuration-3.2.5.jar;C:\Users\Bagas Dwi Saputra\.m2\repository\com\vladsch\flexmark\flexmark-all\0.34.30\flexmark-all-0.34.30.jar;C:\Users\Bagas Dwi Saputra\.m2\repository\com\vladsch\flexmark\flexmark\0.34.30\flexmark-0.34.30.jar;C:\Users\Bagas Dwi Saputra\.m2\repository\com\vladsch\flexmark\flexmark-ext-abbreviation\0.34.30\flexmark-ext-abbreviation-0.34.30.jar;C:\Users\Bagas Dwi Saputra\.m2\repository\com\vladsch\flexmark\flexmark-ext-admonition\0.34.30\flexmark-ext-admonition-0.34.30.jar;C:\Users\Bagas Dwi Saputra\.m2\repository\com\vladsch\flexmark\flexmark-ext-anchorlink\0.34.30\flexmark-ext-anchorlink-0.34.30.jar;C:\Users\Bagas Dwi Saputra\.m2\repository\com\vladsch\flexmark\flexmark-ext-aside\0.34.30\flexmark-ext-aside-0.34.30.jar;C:\Users\Bagas Dwi Saputra\.m2\repository\com\vladsch\flexmark\flexmark-ext-attributes\0.34.30\flexmark-ext-attributes-0.34.30.jar;C:\Users\Bagas Dwi Saputra\.m2\repository\com\vladsch\flexmark\flexmark-ext-autolink\0.34.30\flexmark-ext-autolink-0.34.30.jar;C:\Users\Bagas Dwi Saputra\.m2\repository\org\nibor\autolink\autolink\0.6.0\autolink-0.6.0.jar;C:\Users\Bagas Dwi Saputra\.m2\repository\com\vladsch\flexmark\flexmark-ext-definition\0.34.30\flexmark-ext-definition-0.34.30.jar;C:\Users\Bagas Dwi Saputra\.m2\repository\com\vladsch\flexmark\flexmark-ext-emoji\0.34.30\flexmark-ext-emoji-0.34.30.jar;C:\Users\Bagas Dwi Saputra\.m2\repository\com\vladsch\flexmark\flexmark-ext-enumerated-reference\0.34.30\flexmark-ext-enumerated-reference-0.34.30.jar;C:\Users\Bagas Dwi Saputra\.m2\repository\com\vladsch\flexmark\flexmark-ext-escaped-character\0.34.30\flexmark-ext-escaped-character-0.34.30.jar;C:\Users\Bagas Dwi Saputra\.m2\repository\com\vladsch\flexmark\flexmark-ext-footnotes\0.34.30\flexmark-ext-footnotes-0.34.30.jar;C:\Users\Bagas Dwi Saputra\.m2\repository\com\vladsch\flexmark\flexmark-ext-gfm-issues\0.34.30\flexmark-ext-gfm-issues-0.34.30.jar;C:\Users\Bagas Dwi Saputra\.m2\repository\com\vladsch\flexmark\flexmark-ext-gfm-strikethrough\0.34.30\flexmark-ext-gfm-strikethrough-0.34.30.jar;C:\Users\Bagas Dwi Saputra\.m2\repository\com\vladsch\flexmark\flexmark-ext-gfm-tables\0.34.30\flexmark-ext-gfm-tables-0.34.30.jar;C:\Users\Bagas Dwi Saputra\.m2\repository\com\vladsch\flexmark\flexmark-ext-gfm-tasklist\0.34.30\flexmark-ext-gfm-tasklist-0.34.30.jar;C:\Users\Bagas Dwi Saputra\.m2\repository\com\vladsch\flexmark\flexmark-ext-gfm-users\0.34.30\flexmark-ext-gfm-users-0.34.30.jar;C:\Users\Bagas Dwi Saputra\.m2\repository\com\vladsch\flexmark\flexmark-ext-gitlab\0.34.30\flexmark-ext-gitlab-0.34.30.jar;C:\Users\Bagas Dwi Saputra\.m2\repository\com\vladsch\flexmark\flexmark-ext-jekyll-front-matter\0.34.30\flexmark-ext-jekyll-front-matter-0.34.30.jar;C:\Users\Bagas Dwi Saputra\.m2\repository\com\vladsch\flexmark\flexmark-ext-jekyll-tag\0.34.30\flexmark-ext-jekyll-tag-0.34.30.jar;C:\Users\Bagas Dwi Saputra\.m2\repository\com\vladsch\flexmark\flexmark-ext-media-tags\0.34.30\flexmark-ext-media-tags-0.34.30.jar;C:\Users\Bagas Dwi Saputra\.m2\repository\com\vladsch\flexmark\flexmark-test-util\0.34.30\flexmark-test-util-0.34.30.jar;C:\Users\Bagas Dwi Saputra\.m2\repository\com\vladsch\flexmark\flexmark-ext-ins\0.34.30\flexmark-ext-ins-0.34.30.jar;C:\Users\Bagas Dwi Saputra\.m2\repository\com\vladsch\flexmark\flexmark-ext-xwiki-macros\0.34.30\flexmark-ext-xwiki-macros-0.34.30.jar;C:\Users\Bagas Dwi Saputra\.m2\repository\com\vladsch\flexmark\flexmark-ext-superscript\0.34.30\flexmark-ext-superscript-0.34.30.jar;C:\Users\Bagas Dwi Saputra\.m2\repository\com\vladsch\flexmark\flexmark-ext-tables\0.34.30\flexmark-ext-tables-0.34.30.jar;C:\Users\Bagas Dwi Saputra\.m2\repository\com\vladsch\flexmark\flexmark-ext-toc\0.34.30\flexmark-ext-toc-0.34.30.jar;C:\Users\Bagas Dwi Saputra\.m2\repository\com\vladsch\flexmark\flexmark-ext-typographic\0.34.30\flexmark-ext-typographic-0.34.30.jar;C:\Users\Bagas Dwi Saputra\.m2\repository\com\vladsch\flexmark\flexmark-ext-wikilink\0.34.30\flexmark-ext-wikilink-0.34.30.jar;C:\Users\Bagas Dwi Saputra\.m2\repository\com\vladsch\flexmark\flexmark-ext-yaml-front-matter\0.34.30\flexmark-ext-yaml-front-matter-0.34.30.jar;C:\Users\Bagas Dwi Saputra\.m2\repository\com\vladsch\flexmark\flexmark-ext-youtube-embedded\0.34.30\flexmark-ext-youtube-embedded-0.34.30.jar;C:\Users\Bagas Dwi Saputra\.m2\repository\com\vladsch\flexmark\flexmark-formatter\0.34.30\flexmark-formatter-0.34.30.jar;C:\Users\Bagas Dwi Saputra\.m2\repository\com\vladsch\flexmark\flexmark-html-parser\0.34.30\flexmark-html-parser-0.34.30.jar;C:\Users\Bagas Dwi Saputra\.m2\repository\com\vladsch\flexmark\flexmark-jira-converter\0.34.30\flexmark-jira-converter-0.34.30.jar;C:\Users\Bagas Dwi Saputra\.m2\repository\com\vladsch\flexmark\flexmark-pdf-converter\0.34.30\flexmark-pdf-converter-0.34.30.jar;C:\Users\Bagas Dwi Saputra\.m2\repository\com\openhtmltopdf\openhtmltopdf-core\0.0.1-RC13\openhtmltopdf-core-0.0.1-RC13.jar;C:\Users\Bagas Dwi Saputra\.m2\repository\com\openhtmltopdf\openhtmltopdf-pdfbox\0.0.1-RC13\openhtmltopdf-pdfbox-0.0.1-RC13.jar;C:\Users\Bagas Dwi Saputra\.m2\repository\org\apache\pdfbox\pdfbox\2.0.8\pdfbox-2.0.8.jar;C:\Users\Bagas Dwi Saputra\.m2\repository\org\apache\pdfbox\fontbox\2.0.8\fontbox-2.0.8.jar;C:\Users\Bagas Dwi Saputra\.m2\repository\org\apache\pdfbox\xmpbox\2.0.8\xmpbox-2.0.8.jar;C:\Users\Bagas Dwi Saputra\.m2\repository\de\rototor\pdfbox\graphics2d\0.12\graphics2d-0.12.jar;C:\Users\Bagas Dwi Saputra\.m2\repository\com\openhtmltopdf\openhtmltopdf-rtl-support\0.0.1-RC13\openhtmltopdf-rtl-support-0.0.1-RC13.jar;C:\Users\Bagas Dwi Saputra\.m2\repository\com\ibm\icu\icu4j\59.1\icu4j-59.1.jar;C:\Users\Bagas Dwi Saputra\.m2\repository\com\openhtmltopdf\openhtmltopdf-jsoup-dom-converter\0.0.1-RC13\openhtmltopdf-jsoup-dom-converter-0.0.1-RC13.jar;C:\Users\Bagas Dwi Saputra\.m2\repository\com\vladsch\flexmark\flexmark-profile-pegdown\0.34.30\flexmark-profile-pegdown-0.34.30.jar;C:\Users\Bagas Dwi Saputra\.m2\repository\com\vladsch\flexmark\flexmark-util\0.34.30\flexmark-util-0.34.30.jar;C:\Users\Bagas Dwi Saputra\.m2\repository\com\vladsch\flexmark\flexmark-youtrack-converter\0.34.30\flexmark-youtrack-converter-0.34.30.jar;C:\Users\Bagas Dwi Saputra\.m2\repository\es\nitaur\markdown\txtmark\0.16\txtmark-0.16.jar;C:\Users\Bagas Dwi Saputra\.m2\repository\net\serenity-bdd\serenity-report-resources\3.2.5\serenity-report-resources-3.2.5.jar;C:\Users\Bagas Dwi Saputra\.m2\repository\com\google\code\gson\gson\2.9.0\gson-2.9.0.jar;C:\Users\Bagas Dwi Saputra\.m2\repository\com\fasterxml\jackson\core\jackson-core\2.13.2\jackson-core-2.13.2.jar;C:\Users\Bagas Dwi Saputra\.m2\repository\com\fasterxml\jackson\core\jackson-databind\2.13.2\jackson-databind-2.13.2.jar;C:\Users\Bagas Dwi Saputra\.m2\repository\com\fasterxml\jackson\core\jackson-annotations\2.13.2\jackson-annotations-2.13.2.jar;C:\Users\Bagas Dwi Saputra\.m2\repository\commons-codec\commons-codec\1.15\commons-codec-1.15.jar;C:\Users\Bagas Dwi Saputra\.m2\repository\commons-io\commons-io\2.11.0\commons-io-2.11.0.jar;C:\Users\Bagas Dwi Saputra\.m2\repository\org\seleniumhq\selenium\selenium-java\4.1.4\selenium-java-4.1.4.jar;C:\Users\Bagas Dwi Saputra\.m2\repository\org\seleniumhq\selenium\selenium-devtools-v100\4.1.4\selenium-devtools-v100-4.1.4.jar;C:\Users\Bagas Dwi Saputra\.m2\repository\org\seleniumhq\selenium\selenium-devtools-v101\4.1.4\selenium-devtools-v101-4.1.4.jar;C:\Users\Bagas Dwi Saputra\.m2\repository\org\seleniumhq\selenium\selenium-devtools-v85\4.1.4\selenium-devtools-v85-4.1.4.jar;C:\Users\Bagas Dwi Saputra\.m2\repository\org\seleniumhq\selenium\selenium-devtools-v99\4.1.4\selenium-devtools-v99-4.1.4.jar;C:\Users\Bagas Dwi Saputra\.m2\repository\org\seleniumhq\selenium\selenium-opera-driver\4.1.4\selenium-opera-driver-4.1.4.jar;C:\Users\Bagas Dwi Saputra\.m2\repository\org\seleniumhq\selenium\selenium-remote-driver\4.1.4\selenium-remote-driver-4.1.4.jar;C:\Users\Bagas Dwi Saputra\.m2\repository\com\beust\jcommander\1.82\jcommander-1.82.jar;C:\Users\Bagas Dwi Saputra\.m2\repository\io\netty\netty-buffer\4.1.76.Final\netty-buffer-4.1.76.Final.jar;C:\Users\Bagas Dwi Saputra\.m2\repository\io\netty\netty-codec-http\4.1.76.Final\netty-codec-http-4.1.76.Final.jar;C:\Users\Bagas Dwi Saputra\.m2\repository\io\netty\netty-codec\4.1.76.Final\netty-codec-4.1.76.Final.jar;C:\Users\Bagas Dwi Saputra\.m2\repository\io\netty\netty-handler\4.1.76.Final\netty-handler-4.1.76.Final.jar;C:\Users\Bagas Dwi Saputra\.m2\repository\io\netty\netty-common\4.1.76.Final\netty-common-4.1.76.Final.jar;C:\Users\Bagas Dwi Saputra\.m2\repository\io\netty\netty-transport-classes-epoll\4.1.76.Final\netty-transport-classes-epoll-4.1.76.Final.jar;C:\Users\Bagas Dwi Saputra\.m2\repository\io\netty\netty-transport-classes-kqueue\4.1.76.Final\netty-transport-classes-kqueue-4.1.76.Final.jar;C:\Users\Bagas Dwi Saputra\.m2\repository\io\netty\netty-transport-native-epoll\4.1.76.Final\netty-transport-native-epoll-4.1.76.Final.jar;C:\Users\Bagas Dwi Saputra\.m2\repository\io\netty\netty-transport-native-kqueue\4.1.76.Final\netty-transport-native-kqueue-4.1.76.Final.jar;C:\Users\Bagas Dwi Saputra\.m2\repository\io\netty\netty-transport-native-unix-common\4.1.76.Final\netty-transport-native-unix-common-4.1.76.Final.jar;C:\Users\Bagas Dwi Saputra\.m2\repository\io\netty\netty-transport\4.1.76.Final\netty-transport-4.1.76.Final.jar;C:\Users\Bagas Dwi Saputra\.m2\repository\io\netty\netty-resolver\4.1.76.Final\netty-resolver-4.1.76.Final.jar;C:\Users\Bagas Dwi Saputra\.m2\repository\io\opentelemetry\opentelemetry-api\1.13.0\opentelemetry-api-1.13.0.jar;C:\Users\Bagas Dwi Saputra\.m2\repository\io\opentelemetry\opentelemetry-context\1.13.0\opentelemetry-context-1.13.0.jar;C:\Users\Bagas Dwi Saputra\.m2\repository\io\opentelemetry\opentelemetry-exporter-logging\1.13.0\opentelemetry-exporter-logging-1.13.0.jar;C:\Users\Bagas Dwi Saputra\.m2\repository\io\opentelemetry\opentelemetry-sdk-metrics\1.13.0-alpha\opentelemetry-sdk-metrics-1.13.0-alpha.jar;C:\Users\Bagas Dwi Saputra\.m2\repository\io\opentelemetry\opentelemetry-sdk-logs\1.13.0-alpha\opentelemetry-sdk-logs-1.13.0-alpha.jar;C:\Users\Bagas Dwi Saputra\.m2\repository\io\opentelemetry\opentelemetry-sdk-common\1.13.0\opentelemetry-sdk-common-1.13.0.jar;C:\Users\Bagas Dwi Saputra\.m2\repository\io\opentelemetry\opentelemetry-sdk-extension-autoconfigure-spi\1.13.0\opentelemetry-sdk-extension-autoconfigure-spi-1.13.0.jar;C:\Users\Bagas Dwi Saputra\.m2\repository\io\opentelemetry\opentelemetry-sdk-extension-autoconfigure\1.13.0-alpha\opentelemetry-sdk-extension-autoconfigure-1.13.0-alpha.jar;C:\Users\Bagas Dwi Saputra\.m2\repository\io\opentelemetry\opentelemetry-sdk-trace\1.13.0\opentelemetry-sdk-trace-1.13.0.jar;C:\Users\Bagas Dwi Saputra\.m2\repository\io\opentelemetry\opentelemetry-sdk\1.13.0\opentelemetry-sdk-1.13.0.jar;C:\Users\Bagas Dwi Saputra\.m2\repository\io\opentelemetry\opentelemetry-semconv\1.13.0-alpha\opentelemetry-semconv-1.13.0-alpha.jar;C:\Users\Bagas Dwi Saputra\.m2\repository\io\ous\jtoml\2.0.0\jtoml-2.0.0.jar;C:\Users\Bagas Dwi Saputra\.m2\repository\org\apache\commons\commons-exec\1.3\commons-exec-1.3.jar;C:\Users\Bagas Dwi Saputra\.m2\repository\org\asynchttpclient\async-http-client\2.12.3\async-http-client-2.12.3.jar;C:\Users\Bagas Dwi Saputra\.m2\repository\org\asynchttpclient\async-http-client-netty-utils\2.12.3\async-http-client-netty-utils-2.12.3.jar;C:\Users\Bagas Dwi Saputra\.m2\repository\io\netty\netty-codec-socks\4.1.60.Final\netty-codec-socks-4.1.60.Final.jar;C:\Users\Bagas Dwi Saputra\.m2\repository\io\netty\netty-handler-proxy\4.1.60.Final\netty-handler-proxy-4.1.60.Final.jar;C:\Users\Bagas Dwi Saputra\.m2\repository\io\netty\netty-transport-native-epoll\4.1.60.Final\netty-transport-native-epoll-4.1.60.Final-linux-x86_64.jar;C:\Users\Bagas Dwi Saputra\.m2\repository\io\netty\netty-transport-native-kqueue\4.1.60.Final\netty-transport-native-kqueue-4.1.60.Final-osx-x86_64.jar;C:\Users\Bagas Dwi Saputra\.m2\repository\org\reactivestreams\reactive-streams\1.0.3\reactive-streams-1.0.3.jar;C:\Users\Bagas Dwi Saputra\.m2\repository\com\typesafe\netty\netty-reactive-streams\2.0.4\netty-reactive-streams-2.0.4.jar;C:\Users\Bagas Dwi Saputra\.m2\repository\org\seleniumhq\selenium\selenium-http\4.1.4\selenium-http-4.1.4.jar;C:\Users\Bagas Dwi Saputra\.m2\repository\dev\failsafe\failsafe\3.2.3\failsafe-3.2.3.jar;C:\Users\Bagas Dwi Saputra\.m2\repository\org\seleniumhq\selenium\selenium-safari-driver\4.1.4\selenium-safari-driver-4.1.4.jar;C:\Users\Bagas Dwi Saputra\.m2\repository\org\seleniumhq\selenium\selenium-api\4.1.4\selenium-api-4.1.4.jar;C:\Users\Bagas Dwi Saputra\.m2\repository\org\seleniumhq\selenium\selenium-support\4.1.4\selenium-support-4.1.4.jar;C:\Users\Bagas Dwi Saputra\.m2\repository\com\google\auto\service\auto-service-annotations\1.0.1\auto-service-annotations-1.0.1.jar;C:\Users\Bagas Dwi Saputra\.m2\repository\com\google\auto\service\auto-service\1.0.1\auto-service-1.0.1.jar;C:\Users\Bagas Dwi Saputra\.m2\repository\com\google\auto\auto-common\1.2\auto-common-1.2.jar;C:\Users\Bagas Dwi Saputra\.m2\repository\org\seleniumhq\selenium\selenium-json\4.1.4\selenium-json-4.1.4.jar;C:\Users\Bagas Dwi Saputra\.m2\repository\org\seleniumhq\selenium\selenium-chrome-driver\4.1.4\selenium-chrome-driver-4.1.4.jar;C:\Users\Bagas Dwi Saputra\.m2\repository\org\seleniumhq\selenium\selenium-chromium-driver\4.1.4\selenium-chromium-driver-4.1.4.jar;C:\Users\Bagas Dwi Saputra\.m2\repository\org\seleniumhq\selenium\selenium-firefox-driver\4.1.4\selenium-firefox-driver-4.1.4.jar;C:\Users\Bagas Dwi Saputra\.m2\repository\org\seleniumhq\selenium\selenium-edge-driver\4.1.4\selenium-edge-driver-4.1.4.jar;C:\Users\Bagas Dwi Saputra\.m2\repository\org\seleniumhq\selenium\selenium-ie-driver\4.1.4\selenium-ie-driver-4.1.4.jar;C:\Users\Bagas Dwi Saputra\.m2\repository\org\projectlombok\lombok\1.18.20\lombok-1.18.20.jar;C:\Users\Bagas Dwi Saputra\.m2\repository\io\appium\java-client\8.0.0\java-client-8.0.0.jar;C:\Users\Bagas Dwi Saputra\.m2\repository\commons-validator\commons-validator\1.7\commons-validator-1.7.jar;C:\Users\Bagas Dwi Saputra\.m2\repository\commons-digester\commons-digester\2.1\commons-digester-2.1.jar;C:\Users\Bagas Dwi Saputra\.m2\repository\org\aspectj\aspectjweaver\1.9.8\aspectjweaver-1.9.8.jar;C:\Users\Bagas Dwi Saputra\.m2\repository\org\apache\groovy\groovy\4.0.1\groovy-4.0.1.jar;C:\Users\Bagas Dwi Saputra\.m2\repository\net\sf\opencsv\opencsv\2.0\opencsv-2.0.jar;C:\Users\Bagas Dwi Saputra\.m2\repository\commons-beanutils\commons-beanutils\1.9.4\commons-beanutils-1.9.4.jar;C:\Users\Bagas Dwi Saputra\.m2\repository\commons-collections\commons-collections\3.2.2\commons-collections-3.2.2.jar;C:\Users\Bagas Dwi Saputra\.m2\repository\org\fluentlenium\fluentlenium-core\0.10.2\fluentlenium-core-0.10.2.jar;C:\Users\Bagas Dwi Saputra\.m2\repository\io\github\bonigarcia\webdrivermanager\5.1.0\webdrivermanager-5.1.0.jar;C:\Users\Bagas Dwi Saputra\.m2\repository\com\github\docker-java\docker-java\3.2.13\docker-java-3.2.13.jar;C:\Users\Bagas Dwi Saputra\.m2\repository\com\github\docker-java\docker-java-core\3.2.13\docker-java-core-3.2.13.jar;C:\Users\Bagas Dwi Saputra\.m2\repository\com\github\docker-java\docker-java-api\3.2.13\docker-java-api-3.2.13.jar;C:\Users\Bagas Dwi Saputra\.m2\repository\org\apache\commons\commons-compress\1.21\commons-compress-1.21.jar;C:\Users\Bagas Dwi Saputra\.m2\repository\org\bouncycastle\bcpkix-jdk15on\1.64\bcpkix-jdk15on-1.64.jar;C:\Users\Bagas Dwi Saputra\.m2\repository\org\bouncycastle\bcprov-jdk15on\1.64\bcprov-jdk15on-1.64.jar;C:\Users\Bagas Dwi Saputra\.m2\repository\org\slf4j\jcl-over-slf4j\1.7.30\jcl-over-slf4j-1.7.30.jar;C:\Users\Bagas Dwi Saputra\.m2\repository\com\github\docker-java\docker-java-transport-httpclient5\3.2.13\docker-java-transport-httpclient5-3.2.13.jar;C:\Users\Bagas Dwi Saputra\.m2\repository\com\github\docker-java\docker-java-transport\3.2.13\docker-java-transport-3.2.13.jar;C:\Users\Bagas Dwi Saputra\.m2\repository\org\apache\httpcomponents\client5\httpclient5\5.0.3\httpclient5-5.0.3.jar;C:\Users\Bagas Dwi Saputra\.m2\repository\org\apache\httpcomponents\core5\httpcore5\5.0.2\httpcore5-5.0.2.jar;C:\Users\Bagas Dwi Saputra\.m2\repository\net\java\dev\jna\jna\5.8.0\jna-5.8.0.jar;C:\Users\Bagas Dwi Saputra\.m2\repository\org\brotli\dec\0.1.2\dec-0.1.2.jar;C:\Users\Bagas Dwi Saputra\.m2\repository\com\jhlabs\filters\2.0.235\filters-2.0.235.jar;C:\Users\Bagas Dwi Saputra\.m2\repository\com\paulhammant\ngwebdriver\1.1.6\ngwebdriver-1.1.6.jar;C:\Users\Bagas Dwi Saputra\.m2\repository\joda-time\joda-time\2.8.2\joda-time-2.8.2.jar;C:\Users\Bagas Dwi Saputra\.m2\repository\com\google\jimfs\jimfs\1.2\jimfs-1.2.jar;C:\Users\Bagas Dwi Saputra\.m2\repository\org\mockito\mockito-core\3.3.3\mockito-core-3.3.3.jar;C:\Users\Bagas Dwi Saputra\.m2\repository\javax\xml\bind\jaxb-api\2.3.1\jaxb-api-2.3.1.jar;C:\Users\Bagas Dwi Saputra\.m2\repository\javax\activation\javax.activation-api\1.2.0\javax.activation-api-1.2.0.jar;C:\Users\Bagas Dwi Saputra\.m2\repository\com\sun\xml\bind\jaxb-core\2.3.0.1\jaxb-core-2.3.0.1.jar;C:\Users\Bagas Dwi Saputra\.m2\repository\com\sun\xml\bind\jaxb-impl\2.3.3\jaxb-impl-2.3.3.jar;C:\Users\Bagas Dwi Saputra\.m2\repository\jakarta\xml\bind\jakarta.xml.bind-api\2.3.3\jakarta.xml.bind-api-2.3.3.jar;C:\Users\Bagas Dwi Saputra\.m2\repository\com\sun\activation\jakarta.activation\1.2.2\jakarta.activation-1.2.2.jar;C:\Users\Bagas Dwi Saputra\.m2\repository\javax\activation\activation\1.1.1\activation-1.1.1.jar;"/>
    <property name="sun.cpu.endian" value="little"/>
    <property name="user.home" value="C:\Users\Bagas Dwi Saputra"/>
    <property name="user.language" value="en"/>
    <property name="java.specification.vendor" value="Oracle Corporation"/>
    <property name="jdk.module.path" value="C:\Alterra\CapstoneBaru\QE\TestingWebUpdate\target\TestingWeb-1.0-SNAPSHOT.jar"/>
    <property name="java.version.date" value="2022-04-19"/>
    <property name="java.home" value="C:\Program Files\jdk\jdk-11.0.15"/>
    <property name="tags" value="@DataPasien111"/>
    <property name="file.separator" value="\"/>
    <property name="basedir" value="C:\Alterra\CapstoneBaru\QE\TestingWebUpdate"/>
    <property name="java.vm.compressedOopsMode" value="Zero based"/>
    <property name="line.separator" value="&#10;"/>
    <property name="java.specification.name" value="Java Platform API Specification"/>
    <property name="java.vm.specification.vendor" value="Oracle Corporation"/>
    <property name="java.awt.graphicsenv" value="sun.awt.Win32GraphicsEnvironment"/>
    <property name="surefire.real.class.path" value="C:\Users\Bagas Dwi Saputra\.m2\repository\org\apache\maven\surefire\surefire-booter\3.0.0-M5\surefire-booter-3.0.0-M5.jar;C:\Users\Bagas Dwi Saputra\.m2\repository\org\apache\maven\surefire\surefire-api\3.0.0-M5\surefire-api-3.0.0-M5.jar;C:\Users\Bagas Dwi Saputra\.m2\repository\org\apache\maven\surefire\surefire-logger-api\3.0.0-M5\surefire-logger-api-3.0.0-M5.jar;C:\Users\Bagas Dwi Saputra\.m2\repository\org\apache\maven\surefire\surefire-shared-utils\3.0.0-M4\surefire-shared-utils-3.0.0-M4.jar;C:\Users\Bagas Dwi Saputra\.m2\repository\org\apache\maven\surefire\surefire-extensions-spi\3.0.0-M5\surefire-extensions-spi-3.0.0-M5.jar;C:\Alterra\CapstoneBaru\QE\TestingWebUpdate\target\test-classes;C:\Users\Bagas Dwi Saputra\.m2\repository\net\serenity-bdd\serenity-cucumber\3.2.1\serenity-cucumber-3.2.1.jar;C:\Users\Bagas Dwi Saputra\.m2\repository\net\serenity-bdd\serenity-model\3.2.1\serenity-model-3.2.1.jar;C:\Users\Bagas Dwi Saputra\.m2\repository\org\apache\commons\commons-text\1.9\commons-text-1.9.jar;C:\Users\Bagas Dwi Saputra\.m2\repository\commons-net\commons-net\3.8.0\commons-net-3.8.0.jar;C:\Users\Bagas Dwi Saputra\.m2\repository\com\google\guava\guava\31.1-jre\guava-31.1-jre.jar;C:\Users\Bagas Dwi Saputra\.m2\repository\com\google\guava\failureaccess\1.0.1\failureaccess-1.0.1.jar;C:\Users\Bagas Dwi Saputra\.m2\repository\com\google\guava\listenablefuture\9999.0-empty-to-avoid-conflict-with-guava\listenablefuture-9999.0-empty-to-avoid-conflict-with-guava.jar;C:\Users\Bagas Dwi Saputra\.m2\repository\com\google\code\findbugs\jsr305\3.0.2\jsr305-3.0.2.jar;C:\Users\Bagas Dwi Saputra\.m2\repository\org\checkerframework\checker-qual\3.12.0\checker-qual-3.12.0.jar;C:\Users\Bagas Dwi Saputra\.m2\repository\com\google\errorprone\error_prone_annotations\2.11.0\error_prone_annotations-2.11.0.jar;C:\Users\Bagas Dwi Saputra\.m2\repository\com\google\j2objc\j2objc-annotations\1.3\j2objc-annotations-1.3.jar;C:\Users\Bagas Dwi Saputra\.m2\repository\com\google\inject\guice\5.1.0\guice-5.1.0.jar;C:\Users\Bagas Dwi Saputra\.m2\repository\javax\inject\javax.inject\1\javax.inject-1.jar;C:\Users\Bagas Dwi Saputra\.m2\repository\aopalliance\aopalliance\1.0\aopalliance-1.0.jar;C:\Users\Bagas Dwi Saputra\.m2\repository\org\jsoup\jsoup\1.14.3\jsoup-1.14.3.jar;C:\Users\Bagas Dwi Saputra\.m2\repository\com\thoughtworks\xstream\xstream\1.4.19\xstream-1.4.19.jar;C:\Users\Bagas Dwi Saputra\.m2\repository\io\github\x-stream\mxparser\1.2.2\mxparser-1.2.2.jar;C:\Users\Bagas Dwi Saputra\.m2\repository\xmlpull\xmlpull\1.1.3.1\xmlpull-1.1.3.1.jar;C:\Users\Bagas Dwi Saputra\.m2\repository\com\typesafe\config\1.4.2\config-1.4.2.jar;C:\Users\Bagas Dwi Saputra\.m2\repository\org\imgscalr\imgscalr-lib\4.2\imgscalr-lib-4.2.jar;C:\Users\Bagas Dwi Saputra\.m2\repository\org\awaitility\awaitility\4.2.0\awaitility-4.2.0.jar;C:\Users\Bagas Dwi Saputra\.m2\repository\org\freemarker\freemarker\2.3.31\freemarker-2.3.31.jar;C:\Users\Bagas Dwi Saputra\.m2\repository\io\github\classgraph\classgraph\4.8.138\classgraph-4.8.138.jar;C:\Users\Bagas Dwi Saputra\.m2\repository\net\sourceforge\jexcelapi\jxl\2.6.12\jxl-2.6.12.jar;C:\Users\Bagas Dwi Saputra\.m2\repository\net\bytebuddy\byte-buddy\1.12.8\byte-buddy-1.12.8.jar;C:\Users\Bagas Dwi Saputra\.m2\repository\net\bytebuddy\byte-buddy-agent\1.12.8\byte-buddy-agent-1.12.8.jar;C:\Users\Bagas Dwi Saputra\.m2\repository\org\objenesis\objenesis\3.1\objenesis-3.1.jar;C:\Users\Bagas Dwi Saputra\.m2\repository\io\cucumber\cucumber-core\7.2.3\cucumber-core-7.2.3.jar;C:\Users\Bagas Dwi Saputra\.m2\repository\io\cucumber\cucumber-gherkin\7.2.3\cucumber-gherkin-7.2.3.jar;C:\Users\Bagas Dwi Saputra\.m2\repository\io\cucumber\cucumber-gherkin-messages\7.2.3\cucumber-gherkin-messages-7.2.3.jar;C:\Users\Bagas Dwi Saputra\.m2\repository\io\cucumber\messages\17.1.1\messages-17.1.1.jar;C:\Users\Bagas Dwi Saputra\.m2\repository\io\cucumber\tag-expressions\4.1.0\tag-expressions-4.1.0.jar;C:\Users\Bagas Dwi Saputra\.m2\repository\io\cucumber\cucumber-expressions\15.0.1\cucumber-expressions-15.0.1.jar;C:\Users\Bagas Dwi Saputra\.m2\repository\io\cucumber\datatable\7.2.3\datatable-7.2.3.jar;C:\Users\Bagas Dwi Saputra\.m2\repository\io\cucumber\cucumber-plugin\7.2.3\cucumber-plugin-7.2.3.jar;C:\Users\Bagas Dwi Saputra\.m2\repository\io\cucumber\docstring\7.2.3\docstring-7.2.3.jar;C:\Users\Bagas Dwi Saputra\.m2\repository\io\cucumber\html-formatter\17.0.0\html-formatter-17.0.0.jar;C:\Users\Bagas Dwi Saputra\.m2\repository\io\cucumber\ci-environment\8.1.0\ci-environment-8.1.0.jar;C:\Users\Bagas Dwi Saputra\.m2\repository\io\cucumber\cucumber-junit\7.2.3\cucumber-junit-7.2.3.jar;C:\Users\Bagas Dwi Saputra\.m2\repository\org\apache\commons\commons-csv\1.5\commons-csv-1.5.jar;C:\Users\Bagas Dwi Saputra\.m2\repository\net\serenity-bdd\serenity-screenplay\3.2.1\serenity-screenplay-3.2.1.jar;C:\Users\Bagas Dwi Saputra\.m2\repository\net\serenity-bdd\serenity-screenplay-webdriver\3.2.1\serenity-screenplay-webdriver-3.2.1.jar;C:\Users\Bagas Dwi Saputra\.m2\repository\net\serenity-bdd\serenity-ensure\3.2.1\serenity-ensure-3.2.1.jar;C:\Users\Bagas Dwi Saputra\.m2\repository\net\serenity-bdd\serenity-junit\3.2.1\serenity-junit-3.2.1.jar;C:\Users\Bagas Dwi Saputra\.m2\repository\org\jetbrains\kotlin\kotlin-stdlib\1.6.0\kotlin-stdlib-1.6.0.jar;C:\Users\Bagas Dwi Saputra\.m2\repository\org\jetbrains\annotations\13.0\annotations-13.0.jar;C:\Users\Bagas Dwi Saputra\.m2\repository\org\jetbrains\kotlin\kotlin-stdlib-common\1.6.0\kotlin-stdlib-common-1.6.0.jar;C:\Users\Bagas Dwi Saputra\.m2\repository\org\junit\platform\junit-platform-launcher\1.8.2\junit-platform-launcher-1.8.2.jar;C:\Users\Bagas Dwi Saputra\.m2\repository\org\junit\platform\junit-platform-engine\1.8.2\junit-platform-engine-1.8.2.jar;C:\Users\Bagas Dwi Saputra\.m2\repository\org\junit\platform\junit-platform-commons\1.8.2\junit-platform-commons-1.8.2.jar;C:\Users\Bagas Dwi Saputra\.m2\repository\org\apiguardian\apiguardian-api\1.1.2\apiguardian-api-1.1.2.jar;C:\Users\Bagas Dwi Saputra\.m2\repository\org\junit\jupiter\junit-jupiter-engine\5.8.2\junit-jupiter-engine-5.8.2.jar;C:\Users\Bagas Dwi Saputra\.m2\repository\org\junit\jupiter\junit-jupiter-api\5.8.2\junit-jupiter-api-5.8.2.jar;C:\Users\Bagas Dwi Saputra\.m2\repository\org\junit\vintage\junit-vintage-engine\5.8.2\junit-vintage-engine-5.8.2.jar;C:\Users\Bagas Dwi Saputra\.m2\repository\junit\junit\4.13.2\junit-4.13.2.jar;C:\Users\Bagas Dwi Saputra\.m2\repository\org\hamcrest\hamcrest-core\1.3\hamcrest-core-1.3.jar;C:\Users\Bagas Dwi Saputra\.m2\repository\ch\qos\logback\logback-classic\1.2.11\logback-classic-1.2.11.jar;C:\Users\Bagas Dwi Saputra\.m2\repository\ch\qos\logback\logback-core\1.2.11\logback-core-1.2.11.jar;C:\Users\Bagas Dwi Saputra\.m2\repository\org\slf4j\slf4j-api\1.7.32\slf4j-api-1.7.32.jar;C:\Users\Bagas Dwi Saputra\.m2\repository\org\assertj\assertj-core\3.22.0\assertj-core-3.22.0.jar;C:\Users\Bagas Dwi Saputra\.m2\repository\net\serenity-bdd\serenity-rest-assured\3.2.1\serenity-rest-assured-3.2.1.jar;C:\Users\Bagas Dwi Saputra\.m2\repository\org\apache\httpcomponents\httpclient\4.5.13\httpclient-4.5.13.jar;C:\Users\Bagas Dwi Saputra\.m2\repository\org\apache\httpcomponents\httpcore\4.4.13\httpcore-4.4.13.jar;C:\Users\Bagas Dwi Saputra\.m2\repository\commons-logging\commons-logging\1.2\commons-logging-1.2.jar;C:\Users\Bagas Dwi Saputra\.m2\repository\org\codehaus\groovy\groovy-json\3.0.10\groovy-json-3.0.10.jar;C:\Users\Bagas Dwi Saputra\.m2\repository\org\opentest4j\opentest4j\1.2.0\opentest4j-1.2.0.jar;C:\Users\Bagas Dwi Saputra\.m2\repository\org\apache\maven\plugins\maven-surefire-plugin\3.0.0-M5\maven-surefire-plugin-3.0.0-M5.jar;C:\Users\Bagas Dwi Saputra\.m2\repository\org\apache\maven\surefire\maven-surefire-common\3.0.0-M5\maven-surefire-common-3.0.0-M5.jar;C:\Users\Bagas Dwi Saputra\.m2\repository\org\apache\maven\surefire\surefire-extensions-api\3.0.0-M5\surefire-extensions-api-3.0.0-M5.jar;C:\Users\Bagas Dwi Saputra\.m2\repository\org\apache\maven\maven-toolchain\3.0-alpha-2\maven-toolchain-3.0-alpha-2.jar;C:\Users\Bagas Dwi Saputra\.m2\repository\org\apache\maven\shared\maven-artifact-transfer\0.11.0\maven-artifact-transfer-0.11.0.jar;C:\Users\Bagas Dwi Saputra\.m2\repository\org\apache\maven\shared\maven-common-artifact-filters\3.0.1\maven-common-artifact-filters-3.0.1.jar;C:\Users\Bagas Dwi Saputra\.m2\repository\org\apache\maven\maven-model\3.0\maven-model-3.0.jar;C:\Users\Bagas Dwi Saputra\.m2\repository\org\apache\maven\maven-plugin-api\3.0\maven-plugin-api-3.0.jar;C:\Users\Bagas Dwi Saputra\.m2\repository\org\sonatype\sisu\sisu-inject-plexus\1.4.2\sisu-inject-plexus-1.4.2.jar;C:\Users\Bagas Dwi Saputra\.m2\repository\org\codehaus\plexus\plexus-classworlds\2.2.3\plexus-classworlds-2.2.3.jar;C:\Users\Bagas Dwi Saputra\.m2\repository\org\sonatype\sisu\sisu-inject-bean\1.4.2\sisu-inject-bean-1.4.2.jar;C:\Users\Bagas Dwi Saputra\.m2\repository\org\sonatype\sisu\sisu-guice\2.1.7\sisu-guice-2.1.7-noaop.jar;C:\Users\Bagas Dwi Saputra\.m2\repository\org\apache\maven\shared\maven-shared-utils\3.1.0\maven-shared-utils-3.1.0.jar;C:\Users\Bagas Dwi Saputra\.m2\repository\org\codehaus\plexus\plexus-java\1.0.5\plexus-java-1.0.5.jar;C:\Users\Bagas Dwi Saputra\.m2\repository\org\ow2\asm\asm\7.2\asm-7.2.jar;C:\Users\Bagas Dwi Saputra\.m2\repository\com\thoughtworks\qdox\qdox\2.0-M9\qdox-2.0-M9.jar;C:\Users\Bagas Dwi Saputra\.m2\repository\io\rest-assured\rest-assured\4.5.1\rest-assured-4.5.1.jar;C:\Users\Bagas Dwi Saputra\.m2\repository\org\apache\httpcomponents\httpmime\4.5.13\httpmime-4.5.13.jar;C:\Users\Bagas Dwi Saputra\.m2\repository\org\hamcrest\hamcrest\2.1\hamcrest-2.1.jar;C:\Users\Bagas Dwi Saputra\.m2\repository\org\ccil\cowan\tagsoup\tagsoup\1.2.1\tagsoup-1.2.1.jar;C:\Users\Bagas Dwi Saputra\.m2\repository\io\rest-assured\json-path\4.5.1\json-path-4.5.1.jar;C:\Users\Bagas Dwi Saputra\.m2\repository\io\rest-assured\rest-assured-common\4.5.1\rest-assured-common-4.5.1.jar;C:\Users\Bagas Dwi Saputra\.m2\repository\io\rest-assured\xml-path\4.5.1\xml-path-4.5.1.jar;C:\Users\Bagas Dwi Saputra\.m2\repository\org\apache\commons\commons-lang3\3.11\commons-lang3-3.11.jar;C:\Users\Bagas Dwi Saputra\.m2\repository\org\codehaus\groovy\groovy\3.0.10\groovy-3.0.10.jar;C:\Users\Bagas Dwi Saputra\.m2\repository\org\codehaus\groovy\groovy-xml\3.0.10\groovy-xml-3.0.10.jar;C:\Users\Bagas Dwi Saputra\.m2\repository\com\googlecode\json-simple\json-simple\1.1.1\json-simple-1.1.1.jar;C:\Users\Bagas Dwi Saputra\.m2\repository\com\github\javafaker\javafaker\1.0.2\javafaker-1.0.2.jar;C:\Users\Bagas Dwi Saputra\.m2\repository\org\yaml\snakeyaml\1.23\snakeyaml-1.23-android.jar;C:\Users\Bagas Dwi Saputra\.m2\repository\com\github\mifmif\generex\1.0.2\generex-1.0.2.jar;C:\Users\Bagas Dwi Saputra\.m2\repository\dk\brics\automaton\automaton\1.11-8\automaton-1.11-8.jar;C:\Users\Bagas Dwi Saputra\.m2\repository\io\cucumber\cucumber-java\7.2.3\cucumber-java-7.2.3.jar;C:\Users\Bagas Dwi Saputra\.m2\repository\net\serenity-bdd\serenity-core\3.2.5\serenity-core-3.2.5.jar;C:\Users\Bagas Dwi Saputra\.m2\repository\net\serenity-bdd\serenity-reports\3.2.5\serenity-reports-3.2.5.jar;C:\Users\Bagas Dwi Saputra\.m2\repository\net\serenity-bdd\serenity-stats\3.2.5\serenity-stats-3.2.5.jar;C:\Users\Bagas Dwi Saputra\.m2\repository\net\serenity-bdd\serenity-reports-configuration\3.2.5\serenity-reports-configuration-3.2.5.jar;C:\Users\Bagas Dwi Saputra\.m2\repository\com\vladsch\flexmark\flexmark-all\0.34.30\flexmark-all-0.34.30.jar;C:\Users\Bagas Dwi Saputra\.m2\repository\com\vladsch\flexmark\flexmark\0.34.30\flexmark-0.34.30.jar;C:\Users\Bagas Dwi Saputra\.m2\repository\com\vladsch\flexmark\flexmark-ext-abbreviation\0.34.30\flexmark-ext-abbreviation-0.34.30.jar;C:\Users\Bagas Dwi Saputra\.m2\repository\com\vladsch\flexmark\flexmark-ext-admonition\0.34.30\flexmark-ext-admonition-0.34.30.jar;C:\Users\Bagas Dwi Saputra\.m2\repository\com\vladsch\flexmark\flexmark-ext-anchorlink\0.34.30\flexmark-ext-anchorlink-0.34.30.jar;C:\Users\Bagas Dwi Saputra\.m2\repository\com\vladsch\flexmark\flexmark-ext-aside\0.34.30\flexmark-ext-aside-0.34.30.jar;C:\Users\Bagas Dwi Saputra\.m2\repository\com\vladsch\flexmark\flexmark-ext-attributes\0.34.30\flexmark-ext-attributes-0.34.30.jar;C:\Users\Bagas Dwi Saputra\.m2\repository\com\vladsch\flexmark\flexmark-ext-autolink\0.34.30\flexmark-ext-autolink-0.34.30.jar;C:\Users\Bagas Dwi Saputra\.m2\repository\org\nibor\autolink\autolink\0.6.0\autolink-0.6.0.jar;C:\Users\Bagas Dwi Saputra\.m2\repository\com\vladsch\flexmark\flexmark-ext-definition\0.34.30\flexmark-ext-definition-0.34.30.jar;C:\Users\Bagas Dwi Saputra\.m2\repository\com\vladsch\flexmark\flexmark-ext-emoji\0.34.30\flexmark-ext-emoji-0.34.30.jar;C:\Users\Bagas Dwi Saputra\.m2\repository\com\vladsch\flexmark\flexmark-ext-enumerated-reference\0.34.30\flexmark-ext-enumerated-reference-0.34.30.jar;C:\Users\Bagas Dwi Saputra\.m2\repository\com\vladsch\flexmark\flexmark-ext-escaped-character\0.34.30\flexmark-ext-escaped-character-0.34.30.jar;C:\Users\Bagas Dwi Saputra\.m2\repository\com\vladsch\flexmark\flexmark-ext-footnotes\0.34.30\flexmark-ext-footnotes-0.34.30.jar;C:\Users\Bagas Dwi Saputra\.m2\repository\com\vladsch\flexmark\flexmark-ext-gfm-issues\0.34.30\flexmark-ext-gfm-issues-0.34.30.jar;C:\Users\Bagas Dwi Saputra\.m2\repository\com\vladsch\flexmark\flexmark-ext-gfm-strikethrough\0.34.30\flexmark-ext-gfm-strikethrough-0.34.30.jar;C:\Users\Bagas Dwi Saputra\.m2\repository\com\vladsch\flexmark\flexmark-ext-gfm-tables\0.34.30\flexmark-ext-gfm-tables-0.34.30.jar;C:\Users\Bagas Dwi Saputra\.m2\repository\com\vladsch\flexmark\flexmark-ext-gfm-tasklist\0.34.30\flexmark-ext-gfm-tasklist-0.34.30.jar;C:\Users\Bagas Dwi Saputra\.m2\repository\com\vladsch\flexmark\flexmark-ext-gfm-users\0.34.30\flexmark-ext-gfm-users-0.34.30.jar;C:\Users\Bagas Dwi Saputra\.m2\repository\com\vladsch\flexmark\flexmark-ext-gitlab\0.34.30\flexmark-ext-gitlab-0.34.30.jar;C:\Users\Bagas Dwi Saputra\.m2\repository\com\vladsch\flexmark\flexmark-ext-jekyll-front-matter\0.34.30\flexmark-ext-jekyll-front-matter-0.34.30.jar;C:\Users\Bagas Dwi Saputra\.m2\repository\com\vladsch\flexmark\flexmark-ext-jekyll-tag\0.34.30\flexmark-ext-jekyll-tag-0.34.30.jar;C:\Users\Bagas Dwi Saputra\.m2\repository\com\vladsch\flexmark\flexmark-ext-media-tags\0.34.30\flexmark-ext-media-tags-0.34.30.jar;C:\Users\Bagas Dwi Saputra\.m2\repository\com\vladsch\flexmark\flexmark-test-util\0.34.30\flexmark-test-util-0.34.30.jar;C:\Users\Bagas Dwi Saputra\.m2\repository\com\vladsch\flexmark\flexmark-ext-ins\0.34.30\flexmark-ext-ins-0.34.30.jar;C:\Users\Bagas Dwi Saputra\.m2\repository\com\vladsch\flexmark\flexmark-ext-xwiki-macros\0.34.30\flexmark-ext-xwiki-macros-0.34.30.jar;C:\Users\Bagas Dwi Saputra\.m2\repository\com\vladsch\flexmark\flexmark-ext-superscript\0.34.30\flexmark-ext-superscript-0.34.30.jar;C:\Users\Bagas Dwi Saputra\.m2\repository\com\vladsch\flexmark\flexmark-ext-tables\0.34.30\flexmark-ext-tables-0.34.30.jar;C:\Users\Bagas Dwi Saputra\.m2\repository\com\vladsch\flexmark\flexmark-ext-toc\0.34.30\flexmark-ext-toc-0.34.30.jar;C:\Users\Bagas Dwi Saputra\.m2\repository\com\vladsch\flexmark\flexmark-ext-typographic\0.34.30\flexmark-ext-typographic-0.34.30.jar;C:\Users\Bagas Dwi Saputra\.m2\repository\com\vladsch\flexmark\flexmark-ext-wikilink\0.34.30\flexmark-ext-wikilink-0.34.30.jar;C:\Users\Bagas Dwi Saputra\.m2\repository\com\vladsch\flexmark\flexmark-ext-yaml-front-matter\0.34.30\flexmark-ext-yaml-front-matter-0.34.30.jar;C:\Users\Bagas Dwi Saputra\.m2\repository\com\vladsch\flexmark\flexmark-ext-youtube-embedded\0.34.30\flexmark-ext-youtube-embedded-0.34.30.jar;C:\Users\Bagas Dwi Saputra\.m2\repository\com\vladsch\flexmark\flexmark-formatter\0.34.30\flexmark-formatter-0.34.30.jar;C:\Users\Bagas Dwi Saputra\.m2\repository\com\vladsch\flexmark\flexmark-html-parser\0.34.30\flexmark-html-parser-0.34.30.jar;C:\Users\Bagas Dwi Saputra\.m2\repository\com\vladsch\flexmark\flexmark-jira-converter\0.34.30\flexmark-jira-converter-0.34.30.jar;C:\Users\Bagas Dwi Saputra\.m2\repository\com\vladsch\flexmark\flexmark-pdf-converter\0.34.30\flexmark-pdf-converter-0.34.30.jar;C:\Users\Bagas Dwi Saputra\.m2\repository\com\openhtmltopdf\openhtmltopdf-core\0.0.1-RC13\openhtmltopdf-core-0.0.1-RC13.jar;C:\Users\Bagas Dwi Saputra\.m2\repository\com\openhtmltopdf\openhtmltopdf-pdfbox\0.0.1-RC13\openhtmltopdf-pdfbox-0.0.1-RC13.jar;C:\Users\Bagas Dwi Saputra\.m2\repository\org\apache\pdfbox\pdfbox\2.0.8\pdfbox-2.0.8.jar;C:\Users\Bagas Dwi Saputra\.m2\repository\org\apache\pdfbox\fontbox\2.0.8\fontbox-2.0.8.jar;C:\Users\Bagas Dwi Saputra\.m2\repository\org\apache\pdfbox\xmpbox\2.0.8\xmpbox-2.0.8.jar;C:\Users\Bagas Dwi Saputra\.m2\repository\de\rototor\pdfbox\graphics2d\0.12\graphics2d-0.12.jar;C:\Users\Bagas Dwi Saputra\.m2\repository\com\openhtmltopdf\openhtmltopdf-rtl-support\0.0.1-RC13\openhtmltopdf-rtl-support-0.0.1-RC13.jar;C:\Users\Bagas Dwi Saputra\.m2\repository\com\ibm\icu\icu4j\59.1\icu4j-59.1.jar;C:\Users\Bagas Dwi Saputra\.m2\repository\com\openhtmltopdf\openhtmltopdf-jsoup-dom-converter\0.0.1-RC13\openhtmltopdf-jsoup-dom-converter-0.0.1-RC13.jar;C:\Users\Bagas Dwi Saputra\.m2\repository\com\vladsch\flexmark\flexmark-profile-pegdown\0.34.30\flexmark-profile-pegdown-0.34.30.jar;C:\Users\Bagas Dwi Saputra\.m2\repository\com\vladsch\flexmark\flexmark-util\0.34.30\flexmark-util-0.34.30.jar;C:\Users\Bagas Dwi Saputra\.m2\repository\com\vladsch\flexmark\flexmark-youtrack-converter\0.34.30\flexmark-youtrack-converter-0.34.30.jar;C:\Users\Bagas Dwi Saputra\.m2\repository\es\nitaur\markdown\txtmark\0.16\txtmark-0.16.jar;C:\Users\Bagas Dwi Saputra\.m2\repository\net\serenity-bdd\serenity-report-resources\3.2.5\serenity-report-resources-3.2.5.jar;C:\Users\Bagas Dwi Saputra\.m2\repository\com\google\code\gson\gson\2.9.0\gson-2.9.0.jar;C:\Users\Bagas Dwi Saputra\.m2\repository\com\fasterxml\jackson\core\jackson-core\2.13.2\jackson-core-2.13.2.jar;C:\Users\Bagas Dwi Saputra\.m2\repository\com\fasterxml\jackson\core\jackson-databind\2.13.2\jackson-databind-2.13.2.jar;C:\Users\Bagas Dwi Saputra\.m2\repository\com\fasterxml\jackson\core\jackson-annotations\2.13.2\jackson-annotations-2.13.2.jar;C:\Users\Bagas Dwi Saputra\.m2\repository\commons-codec\commons-codec\1.15\commons-codec-1.15.jar;C:\Users\Bagas Dwi Saputra\.m2\repository\commons-io\commons-io\2.11.0\commons-io-2.11.0.jar;C:\Users\Bagas Dwi Saputra\.m2\repository\org\seleniumhq\selenium\selenium-java\4.1.4\selenium-java-4.1.4.jar;C:\Users\Bagas Dwi Saputra\.m2\repository\org\seleniumhq\selenium\selenium-devtools-v100\4.1.4\selenium-devtools-v100-4.1.4.jar;C:\Users\Bagas Dwi Saputra\.m2\repository\org\seleniumhq\selenium\selenium-devtools-v101\4.1.4\selenium-devtools-v101-4.1.4.jar;C:\Users\Bagas Dwi Saputra\.m2\repository\org\seleniumhq\selenium\selenium-devtools-v85\4.1.4\selenium-devtools-v85-4.1.4.jar;C:\Users\Bagas Dwi Saputra\.m2\repository\org\seleniumhq\selenium\selenium-devtools-v99\4.1.4\selenium-devtools-v99-4.1.4.jar;C:\Users\Bagas Dwi Saputra\.m2\repository\org\seleniumhq\selenium\selenium-opera-driver\4.1.4\selenium-opera-driver-4.1.4.jar;C:\Users\Bagas Dwi Saputra\.m2\repository\org\seleniumhq\selenium\selenium-remote-driver\4.1.4\selenium-remote-driver-4.1.4.jar;C:\Users\Bagas Dwi Saputra\.m2\repository\com\beust\jcommander\1.82\jcommander-1.82.jar;C:\Users\Bagas Dwi Saputra\.m2\repository\io\netty\netty-buffer\4.1.76.Final\netty-buffer-4.1.76.Final.jar;C:\Users\Bagas Dwi Saputra\.m2\repository\io\netty\netty-codec-http\4.1.76.Final\netty-codec-http-4.1.76.Final.jar;C:\Users\Bagas Dwi Saputra\.m2\repository\io\netty\netty-codec\4.1.76.Final\netty-codec-4.1.76.Final.jar;C:\Users\Bagas Dwi Saputra\.m2\repository\io\netty\netty-handler\4.1.76.Final\netty-handler-4.1.76.Final.jar;C:\Users\Bagas Dwi Saputra\.m2\repository\io\netty\netty-common\4.1.76.Final\netty-common-4.1.76.Final.jar;C:\Users\Bagas Dwi Saputra\.m2\repository\io\netty\netty-transport-classes-epoll\4.1.76.Final\netty-transport-classes-epoll-4.1.76.Final.jar;C:\Users\Bagas Dwi Saputra\.m2\repository\io\netty\netty-transport-classes-kqueue\4.1.76.Final\netty-transport-classes-kqueue-4.1.76.Final.jar;C:\Users\Bagas Dwi Saputra\.m2\repository\io\netty\netty-transport-native-epoll\4.1.76.Final\netty-transport-native-epoll-4.1.76.Final.jar;C:\Users\Bagas Dwi Saputra\.m2\repository\io\netty\netty-transport-native-kqueue\4.1.76.Final\netty-transport-native-kqueue-4.1.76.Final.jar;C:\Users\Bagas Dwi Saputra\.m2\repository\io\netty\netty-transport-native-unix-common\4.1.76.Final\netty-transport-native-unix-common-4.1.76.Final.jar;C:\Users\Bagas Dwi Saputra\.m2\repository\io\netty\netty-transport\4.1.76.Final\netty-transport-4.1.76.Final.jar;C:\Users\Bagas Dwi Saputra\.m2\repository\io\netty\netty-resolver\4.1.76.Final\netty-resolver-4.1.76.Final.jar;C:\Users\Bagas Dwi Saputra\.m2\repository\io\opentelemetry\opentelemetry-api\1.13.0\opentelemetry-api-1.13.0.jar;C:\Users\Bagas Dwi Saputra\.m2\repository\io\opentelemetry\opentelemetry-context\1.13.0\opentelemetry-context-1.13.0.jar;C:\Users\Bagas Dwi Saputra\.m2\repository\io\opentelemetry\opentelemetry-exporter-logging\1.13.0\opentelemetry-exporter-logging-1.13.0.jar;C:\Users\Bagas Dwi Saputra\.m2\repository\io\opentelemetry\opentelemetry-sdk-metrics\1.13.0-alpha\opentelemetry-sdk-metrics-1.13.0-alpha.jar;C:\Users\Bagas Dwi Saputra\.m2\repository\io\opentelemetry\opentelemetry-sdk-logs\1.13.0-alpha\opentelemetry-sdk-logs-1.13.0-alpha.jar;C:\Users\Bagas Dwi Saputra\.m2\repository\io\opentelemetry\opentelemetry-sdk-common\1.13.0\opentelemetry-sdk-common-1.13.0.jar;C:\Users\Bagas Dwi Saputra\.m2\repository\io\opentelemetry\opentelemetry-sdk-extension-autoconfigure-spi\1.13.0\opentelemetry-sdk-extension-autoconfigure-spi-1.13.0.jar;C:\Users\Bagas Dwi Saputra\.m2\repository\io\opentelemetry\opentelemetry-sdk-extension-autoconfigure\1.13.0-alpha\opentelemetry-sdk-extension-autoconfigure-1.13.0-alpha.jar;C:\Users\Bagas Dwi Saputra\.m2\repository\io\opentelemetry\opentelemetry-sdk-trace\1.13.0\opentelemetry-sdk-trace-1.13.0.jar;C:\Users\Bagas Dwi Saputra\.m2\repository\io\opentelemetry\opentelemetry-sdk\1.13.0\opentelemetry-sdk-1.13.0.jar;C:\Users\Bagas Dwi Saputra\.m2\repository\io\opentelemetry\opentelemetry-semconv\1.13.0-alpha\opentelemetry-semconv-1.13.0-alpha.jar;C:\Users\Bagas Dwi Saputra\.m2\repository\io\ous\jtoml\2.0.0\jtoml-2.0.0.jar;C:\Users\Bagas Dwi Saputra\.m2\repository\org\apache\commons\commons-exec\1.3\commons-exec-1.3.jar;C:\Users\Bagas Dwi Saputra\.m2\repository\org\asynchttpclient\async-http-client\2.12.3\async-http-client-2.12.3.jar;C:\Users\Bagas Dwi Saputra\.m2\repository\org\asynchttpclient\async-http-client-netty-utils\2.12.3\async-http-client-netty-utils-2.12.3.jar;C:\Users\Bagas Dwi Saputra\.m2\repository\io\netty\netty-codec-socks\4.1.60.Final\netty-codec-socks-4.1.60.Final.jar;C:\Users\Bagas Dwi Saputra\.m2\repository\io\netty\netty-handler-proxy\4.1.60.Final\netty-handler-proxy-4.1.60.Final.jar;C:\Users\Bagas Dwi Saputra\.m2\repository\io\netty\netty-transport-native-epoll\4.1.60.Final\netty-transport-native-epoll-4.1.60.Final-linux-x86_64.jar;C:\Users\Bagas Dwi Saputra\.m2\repository\io\netty\netty-transport-native-kqueue\4.1.60.Final\netty-transport-native-kqueue-4.1.60.Final-osx-x86_64.jar;C:\Users\Bagas Dwi Saputra\.m2\repository\org\reactivestreams\reactive-streams\1.0.3\reactive-streams-1.0.3.jar;C:\Users\Bagas Dwi Saputra\.m2\repository\com\typesafe\netty\netty-reactive-streams\2.0.4\netty-reactive-streams-2.0.4.jar;C:\Users\Bagas Dwi Saputra\.m2\repository\org\seleniumhq\selenium\selenium-http\4.1.4\selenium-http-4.1.4.jar;C:\Users\Bagas Dwi Saputra\.m2\repository\dev\failsafe\failsafe\3.2.3\failsafe-3.2.3.jar;C:\Users\Bagas Dwi Saputra\.m2\repository\org\seleniumhq\selenium\selenium-safari-driver\4.1.4\selenium-safari-driver-4.1.4.jar;C:\Users\Bagas Dwi Saputra\.m2\repository\org\seleniumhq\selenium\selenium-api\4.1.4\selenium-api-4.1.4.jar;C:\Users\Bagas Dwi Saputra\.m2\repository\org\seleniumhq\selenium\selenium-support\4.1.4\selenium-support-4.1.4.jar;C:\Users\Bagas Dwi Saputra\.m2\repository\com\google\auto\service\auto-service-annotations\1.0.1\auto-service-annotations-1.0.1.jar;C:\Users\Bagas Dwi Saputra\.m2\repository\com\google\auto\service\auto-service\1.0.1\auto-service-1.0.1.jar;C:\Users\Bagas Dwi Saputra\.m2\repository\com\google\auto\auto-common\1.2\auto-common-1.2.jar;C:\Users\Bagas Dwi Saputra\.m2\repository\org\seleniumhq\selenium\selenium-json\4.1.4\selenium-json-4.1.4.jar;C:\Users\Bagas Dwi Saputra\.m2\repository\org\seleniumhq\selenium\selenium-chrome-driver\4.1.4\selenium-chrome-driver-4.1.4.jar;C:\Users\Bagas Dwi Saputra\.m2\repository\org\seleniumhq\selenium\selenium-chromium-driver\4.1.4\selenium-chromium-driver-4.1.4.jar;C:\Users\Bagas Dwi Saputra\.m2\repository\org\seleniumhq\selenium\selenium-firefox-driver\4.1.4\selenium-firefox-driver-4.1.4.jar;C:\Users\Bagas Dwi Saputra\.m2\repository\org\seleniumhq\selenium\selenium-edge-driver\4.1.4\selenium-edge-driver-4.1.4.jar;C:\Users\Bagas Dwi Saputra\.m2\repository\org\seleniumhq\selenium\selenium-ie-driver\4.1.4\selenium-ie-driver-4.1.4.jar;C:\Users\Bagas Dwi Saputra\.m2\repository\org\projectlombok\lombok\1.18.20\lombok-1.18.20.jar;C:\Users\Bagas Dwi Saputra\.m2\repository\io\appium\java-client\8.0.0\java-client-8.0.0.jar;C:\Users\Bagas Dwi Saputra\.m2\repository\commons-validator\commons-validator\1.7\commons-validator-1.7.jar;C:\Users\Bagas Dwi Saputra\.m2\repository\commons-digester\commons-digester\2.1\commons-digester-2.1.jar;C:\Users\Bagas Dwi Saputra\.m2\repository\org\aspectj\aspectjweaver\1.9.8\aspectjweaver-1.9.8.jar;C:\Users\Bagas Dwi Saputra\.m2\repository\org\apache\groovy\groovy\4.0.1\groovy-4.0.1.jar;C:\Users\Bagas Dwi Saputra\.m2\repository\net\sf\opencsv\opencsv\2.0\opencsv-2.0.jar;C:\Users\Bagas Dwi Saputra\.m2\repository\commons-beanutils\commons-beanutils\1.9.4\commons-beanutils-1.9.4.jar;C:\Users\Bagas Dwi Saputra\.m2\repository\commons-collections\commons-collections\3.2.2\commons-collections-3.2.2.jar;C:\Users\Bagas Dwi Saputra\.m2\repository\org\fluentlenium\fluentlenium-core\0.10.2\fluentlenium-core-0.10.2.jar;C:\Users\Bagas Dwi Saputra\.m2\repository\io\github\bonigarcia\webdrivermanager\5.1.0\webdrivermanager-5.1.0.jar;C:\Users\Bagas Dwi Saputra\.m2\repository\com\github\docker-java\docker-java\3.2.13\docker-java-3.2.13.jar;C:\Users\Bagas Dwi Saputra\.m2\repository\com\github\docker-java\docker-java-core\3.2.13\docker-java-core-3.2.13.jar;C:\Users\Bagas Dwi Saputra\.m2\repository\com\github\docker-java\docker-java-api\3.2.13\docker-java-api-3.2.13.jar;C:\Users\Bagas Dwi Saputra\.m2\repository\org\apache\commons\commons-compress\1.21\commons-compress-1.21.jar;C:\Users\Bagas Dwi Saputra\.m2\repository\org\bouncycastle\bcpkix-jdk15on\1.64\bcpkix-jdk15on-1.64.jar;C:\Users\Bagas Dwi Saputra\.m2\repository\org\bouncycastle\bcprov-jdk15on\1.64\bcprov-jdk15on-1.64.jar;C:\Users\Bagas Dwi Saputra\.m2\repository\org\slf4j\jcl-over-slf4j\1.7.30\jcl-over-slf4j-1.7.30.jar;C:\Users\Bagas Dwi Saputra\.m2\repository\com\github\docker-java\docker-java-transport-httpclient5\3.2.13\docker-java-transport-httpclient5-3.2.13.jar;C:\Users\Bagas Dwi Saputra\.m2\repository\com\github\docker-java\docker-java-transport\3.2.13\docker-java-transport-3.2.13.jar;C:\Users\Bagas Dwi Saputra\.m2\repository\org\apache\httpcomponents\client5\httpclient5\5.0.3\httpclient5-5.0.3.jar;C:\Users\Bagas Dwi Saputra\.m2\repository\org\apache\httpcomponents\core5\httpcore5\5.0.2\httpcore5-5.0.2.jar;C:\Users\Bagas Dwi Saputra\.m2\repository\net\java\dev\jna\jna\5.8.0\jna-5.8.0.jar;C:\Users\Bagas Dwi Saputra\.m2\repository\org\brotli\dec\0.1.2\dec-0.1.2.jar;C:\Users\Bagas Dwi Saputra\.m2\repository\com\jhlabs\filters\2.0.235\filters-2.0.235.jar;C:\Users\Bagas Dwi Saputra\.m2\repository\com\paulhammant\ngwebdriver\1.1.6\ngwebdriver-1.1.6.jar;C:\Users\Bagas Dwi Saputra\.m2\repository\joda-time\joda-time\2.8.2\joda-time-2.8.2.jar;C:\Users\Bagas Dwi Saputra\.m2\repository\com\google\jimfs\jimfs\1.2\jimfs-1.2.jar;C:\Users\Bagas Dwi Saputra\.m2\repository\org\mockito\mockito-core\3.3.3\mockito-core-3.3.3.jar;C:\Users\Bagas Dwi Saputra\.m2\repository\javax\xml\bind\jaxb-api\2.3.1\jaxb-api-2.3.1.jar;C:\Users\Bagas Dwi Saputra\.m2\repository\javax\activation\javax.activation-api\1.2.0\javax.activation-api-1.2.0.jar;C:\Users\Bagas Dwi Saputra\.m2\repository\com\sun\xml\bind\jaxb-core\2.3.0.1\jaxb-core-2.3.0.1.jar;C:\Users\Bagas Dwi Saputra\.m2\repository\com\sun\xml\bind\jaxb-impl\2.3.3\jaxb-impl-2.3.3.jar;C:\Users\Bagas Dwi Saputra\.m2\repository\jakarta\xml\bind\jakarta.xml.bind-api\2.3.3\jakarta.xml.bind-api-2.3.3.jar;C:\Users\Bagas Dwi Saputra\.m2\repository\com\sun\activation\jakarta.activation\1.2.2\jakarta.activation-1.2.2.jar;C:\Users\Bagas Dwi Saputra\.m2\repository\javax\activation\activation\1.1.1\activation-1.1.1.jar;C:\Users\Bagas Dwi Saputra\.m2\repository\org\apache\maven\surefire\surefire-junit-platform\3.0.0-M5\surefire-junit-platform-3.0.0-M5.jar;C:\Users\Bagas Dwi Saputra\.m2\repository\org\apache\maven\surefire\common-java5\3.0.0-M5\common-java5-3.0.0-M5.jar"/>
    <property name="user.script" value=""/>
    <property name="java.protocol.handler.pkgs" value="com.google.common"/>
    <property name="sun.management.compiler" value="HotSpot 64-Bit Tiered Compilers"/>
    <property name="java.runtime.version" value="11.0.15+10-adhoc..jdk11u"/>
    <property name="user.name" value="Bagas Dwi Saputra"/>
    <property name="path.separator" value=";"/>
    <property name="os.version" value="10.0"/>
    <property name="java.runtime.name" value="OpenJDK Runtime Environment"/>
    <property name="file.encoding" value="Cp1252"/>
    <property name="java.vm.name" value="OpenJDK 64-Bit Server VM"/>
    <property name="java.vendor.version" value="OpenLogic-OpenJDK"/>
    <property name="localRepository" value="C:\Users\Bagas Dwi Saputra\.m2\repository"/>
    <property name="java.vendor.url.bug" value="https://techsupport.roguewave.com/"/>
    <property name="java.io.tmpdir" value="C:\Users\BAGASD~1\AppData\Local\Temp\"/>
    <property name="java.version" value="11.0.15"/>
    <property name="user.dir" value="C:\Alterra\CapstoneBaru\QE\TestingWebUpdate"/>
    <property name="os.arch" value="amd64"/>
    <property name="java.vm.specification.name" value="Java Virtual Machine Specification"/>
    <property name="java.awt.printerjob" value="sun.awt.windows.WPrinterJob"/>
    <property name="sun.os.patch.level" value=""/>
    <property name="java.library.path" value="C:\Program Files\jdk\jdk-11.0.15\bin;C:\Windows\Sun\Java\bin;C:\Windows\system32;C:\Windows;C:\Windows\system32;C:\Windows;C:\Windows\system32\Wbem;C:\Windows\system32\OpenSSH\;C:\Windows\System32\WindowsPowerShell\v1.0;C:\Windows\System32\WindowsPowerShell\v1.0;C:\Users\Bagas Dwi Saputra\AppData\Local\Microsoft\WindowsApps;C:\Program Files\jdk\apache-maven-3.8.5\bin;C:\Program Files\jdk\apache-maven-3.8.5\bin;;."/>
    <property name="java.vm.info" value="mixed mode"/>
    <property name="java.vendor" value="OpenLogic"/>
    <property name="java.vm.version" value="11.0.15+10-adhoc..jdk11u"/>
    <property name="sun.io.unicode.encoding" value="UnicodeLittle"/>
    <property name="java.class.version" value="55.0"/>
  </properties>
  <testcase name="As a admin i want to view data pasien" classname="Data Pasien - Admin" time="36.232">
    <system-out><![CDATA[18:24:04.723 [main] INFO io.cucumber.core.plugin.SerenityReporter - Running feature from file:///C:/Alterra/CapstoneBaru/QE/TestingWebUpdate/src/test/resources/features/1Login.feature
18:24:04.974 [main] INFO  - 

-------------------------------------------------------------------------------------
     _______. _______ .______       _______ .__   __.  __  .___________.____    ____ 
    /       ||   ____||   _  \     |   ____||  \ |  | |  | |           |\   \  /   / 
   |   (----`|  |__   |  |_)  |    |  |__   |   \|  | |  | `---|  |----` \   \/   /  
    \   \    |   __|  |      /     |   __|  |  . `  | |  |     |  |       \_    _/   
.----)   |   |  |____ |  |\  \----.|  |____ |  |\   | |  |     |  |         |  |     
|_______/    |_______|| _| `._____||_______||__| \__| |__|     |__|         |__|    
                                                                                     
 News and tutorials at http://www.serenity-bdd.info                                  
 Documentation at https://wakaleo.gitbooks.io/the-serenity-book/content/             
 Join the Serenity Community on Gitter: https://gitter.im/serenity-bdd/serenity-core 
 Serenity BDD Support and Training at http://serenity-bdd.info/#/trainingandsupport  
-------------------------------------------------------------------------------------

18:24:04.978 [main] DEBUG net.thucydides.core.steps.StepEventBus - Test suite started for story net.thucydides.core.model.Story@c08956d5
18:24:04.980 [main] INFO  - Test Suite Started: Login - Admin
18:24:04.999 [main] INFO io.cucumber.core.plugin.SerenityReporter - Running feature from file:///C:/Alterra/CapstoneBaru/QE/TestingWebUpdate/src/test/resources/features/2LogOut.feature
18:24:05.003 [main] DEBUG net.thucydides.core.steps.StepEventBus - Test suite started for story net.thucydides.core.model.Story@3f0256d1
18:24:05.003 [main] INFO  - Test Suite Started: LogOut Acount - Admin
18:24:05.003 [main] INFO io.cucumber.core.plugin.SerenityReporter - Running feature from file:///C:/Alterra/CapstoneBaru/QE/TestingWebUpdate/src/test/resources/features/3DataDokter.feature
18:24:05.032 [main] DEBUG net.thucydides.core.steps.StepEventBus - Test suite started for story net.thucydides.core.model.Story@690e0ae0
18:24:05.032 [main] INFO  - Test Suite Started: Data Dokter Admin
18:24:05.032 [main] INFO io.cucumber.core.plugin.SerenityReporter - Running feature from file:///C:/Alterra/CapstoneBaru/QE/TestingWebUpdate/src/test/resources/features/4DataPasien.feature
18:24:05.049 [main] DEBUG net.thucydides.core.steps.StepEventBus - Test suite started for story net.thucydides.core.model.Story@b5b91de1
18:24:05.049 [main] INFO  - Test Suite Started: Data Pasien - Admin
18:24:05.049 [main] INFO io.cucumber.core.plugin.SerenityReporter - Running feature from file:///C:/Alterra/CapstoneBaru/QE/TestingWebUpdate/src/test/resources/features/6ArsipJadwal.feature
18:24:05.062 [main] DEBUG net.thucydides.core.steps.StepEventBus - Test suite started for story net.thucydides.core.model.Story@49b25d95
18:24:05.063 [main] INFO  - Test Suite Started: Arsip jadwal - admin
18:24:05.063 [main] INFO io.cucumber.core.plugin.SerenityReporter - Running feature from file:///C:/Alterra/CapstoneBaru/QE/TestingWebUpdate/src/test/resources/features/AddDataDokter.feature
18:24:05.071 [main] DEBUG net.thucydides.core.steps.StepEventBus - Test suite started for story net.thucydides.core.model.Story@f27570ba
18:24:05.073 [main] INFO  - Test Suite Started: Add Data Dokter - Admin
18:24:05.073 [main] INFO io.cucumber.core.plugin.SerenityReporter - Running feature from file:///C:/Alterra/CapstoneBaru/QE/TestingWebUpdate/src/test/resources/features/AddDataPasien.feature
18:24:05.094 [main] DEBUG net.thucydides.core.steps.StepEventBus - Test suite started for story net.thucydides.core.model.Story@2ed0929a
18:24:05.095 [main] INFO  - Test Suite Started: Add Data Pasien - Admin
18:24:05.095 [main] INFO io.cucumber.core.plugin.SerenityReporter - Running feature from file:///C:/Alterra/CapstoneBaru/QE/TestingWebUpdate/src/test/resources/features/AddKelolaJadwal.feature
18:24:05.104 [main] DEBUG net.thucydides.core.steps.StepEventBus - Test suite started for story net.thucydides.core.model.Story@346b43ca
18:24:05.104 [main] INFO  - Test Suite Started: Add Kelola Jadwal - Admin
18:24:05.104 [main] INFO io.cucumber.core.plugin.SerenityReporter - Running feature from file:///C:/Alterra/CapstoneBaru/QE/TestingWebUpdate/src/test/resources/features/DeleteDataDokter.feature
18:24:05.109 [main] DEBUG net.thucydides.core.steps.StepEventBus - Test suite started for story net.thucydides.core.model.Story@f29440ba
18:24:05.109 [main] INFO  - Test Suite Started: Delete Data Dokter - Admin
18:24:05.109 [main] INFO io.cucumber.core.plugin.SerenityReporter - Running feature from file:///C:/Alterra/CapstoneBaru/QE/TestingWebUpdate/src/test/resources/features/DeleteDataPasien.feature
18:24:05.117 [main] DEBUG net.thucydides.core.steps.StepEventBus - Test suite started for story net.thucydides.core.model.Story@2eef629a
18:24:05.120 [main] INFO  - Test Suite Started: Delete Data Pasien - Admin
18:24:05.120 [main] INFO io.cucumber.core.plugin.SerenityReporter - Running feature from file:///C:/Alterra/CapstoneBaru/QE/TestingWebUpdate/src/test/resources/features/DetailDataDokter.feature
18:24:05.128 [main] DEBUG net.thucydides.core.steps.StepEventBus - Test suite started for story net.thucydides.core.model.Story@4f1566fa
18:24:05.128 [main] INFO  - Test Suite Started: Detail Data Dokter - Admin
18:24:05.129 [main] INFO io.cucumber.core.plugin.SerenityReporter - Running feature from file:///C:/Alterra/CapstoneBaru/QE/TestingWebUpdate/src/test/resources/features/DetailDataPasien.feature
18:24:05.130 [main] DEBUG net.thucydides.core.steps.StepEventBus - Test suite started for story net.thucydides.core.model.Story@8b7088da
18:24:05.130 [main] INFO  - Test Suite Started: Detail Data Pasien - Admin
18:24:05.130 [main] INFO io.cucumber.core.plugin.SerenityReporter - Running feature from file:///C:/Alterra/CapstoneBaru/QE/TestingWebUpdate/src/test/resources/features/DetailDataReviewArsipJadwal.feature
18:24:05.143 [main] DEBUG net.thucydides.core.steps.StepEventBus - Test suite started for story net.thucydides.core.model.Story@8abb42ff
18:24:05.145 [main] INFO  - Test Suite Started: Detail Review Arsip Jadwal - Admin
18:24:05.145 [main] INFO io.cucumber.core.plugin.SerenityReporter - Running feature from file:///C:/Alterra/CapstoneBaru/QE/TestingWebUpdate/src/test/resources/features/EditDataDokter.feature
18:24:05.150 [main] DEBUG net.thucydides.core.steps.StepEventBus - Test suite started for story net.thucydides.core.model.Story@44a0505a
18:24:05.150 [main] INFO  - Test Suite Started: Edit Data Dokter - Admin
18:24:05.150 [main] INFO io.cucumber.core.plugin.SerenityReporter - Running feature from file:///C:/Alterra/CapstoneBaru/QE/TestingWebUpdate/src/test/resources/features/EditDataPasien.feature
18:24:05.162 [main] DEBUG net.thucydides.core.steps.StepEventBus - Test suite started for story net.thucydides.core.model.Story@80fb723a
18:24:05.163 [main] INFO  - Test Suite Started: Edit Data Pasien - Admin
18:24:05.163 [main] INFO io.cucumber.core.plugin.SerenityReporter - Running feature from file:///C:/Alterra/CapstoneBaru/QE/TestingWebUpdate/src/test/resources/features/SearchArsipJadwal.feature
18:24:05.169 [main] DEBUG net.thucydides.core.steps.StepEventBus - Test suite started for story net.thucydides.core.model.Story@4d12b45e
18:24:05.169 [main] INFO  - Test Suite Started: Search Arsip Jadwal - Admin
18:24:05.169 [main] INFO io.cucumber.core.plugin.SerenityReporter - Running feature from file:///C:/Alterra/CapstoneBaru/QE/TestingWebUpdate/src/test/resources/features/SearchDataDokter.feature
18:24:05.173 [main] DEBUG net.thucydides.core.steps.StepEventBus - Test suite started for story net.thucydides.core.model.Story@b9f7eb9a
18:24:05.174 [main] INFO  - Test Suite Started: Search Data Dokter - Admin
18:24:05.174 [main] INFO io.cucumber.core.plugin.SerenityReporter - Running feature from file:///C:/Alterra/CapstoneBaru/QE/TestingWebUpdate/src/test/resources/features/SearchDataPasien.feature
18:24:05.180 [main] DEBUG net.thucydides.core.steps.StepEventBus - Test suite started for story net.thucydides.core.model.Story@f6530d7a
18:24:05.180 [main] INFO  - Test Suite Started: Search Data Pasien - Admin
18:24:05.180 [main] INFO io.cucumber.core.plugin.SerenityReporter - Running feature from file:///C:/Alterra/CapstoneBaru/QE/TestingWebUpdate/src/test/resources/features/SearchKelolaJadwal.feature
18:24:05.185 [main] DEBUG net.thucydides.core.steps.StepEventBus - Test suite started for story net.thucydides.core.model.Story@253a86aa
18:24:05.186 [main] INFO  - Test Suite Started: Search Kelola Jadwal - Admin
18:24:05.186 [main] INFO io.cucumber.core.plugin.SerenityReporter - Running feature from file:///C:/Alterra/CapstoneBaru/QE/TestingWebUpdate/src/test/resources/features/ViewArsipJadwal.feature
18:24:05.190 [main] DEBUG net.thucydides.core.steps.StepEventBus - Test suite started for story net.thucydides.core.model.Story@cccefd7e
18:24:05.190 [main] INFO  - Test Suite Started: View Arsip Jadwal - Admin
18:24:05.190 [main] INFO io.cucumber.core.plugin.SerenityReporter - Running feature from file:///C:/Alterra/CapstoneBaru/QE/TestingWebUpdate/src/test/resources/features/ViewDataDokter.feature
18:24:05.195 [main] DEBUG net.thucydides.core.steps.StepEventBus - Test suite started for story net.thucydides.core.model.Story@5afdfe7a
18:24:05.196 [main] INFO  - Test Suite Started: View Data Dokter - Admin
18:24:05.196 [main] INFO io.cucumber.core.plugin.SerenityReporter - Running feature from file:///C:/Alterra/CapstoneBaru/QE/TestingWebUpdate/src/test/resources/features/ViewDataPasien.feature
18:24:05.197 [main] DEBUG net.thucydides.core.steps.StepEventBus - Test suite started for story net.thucydides.core.model.Story@9759205a
18:24:05.197 [main] INFO  - Test Suite Started: View Data Pasien - Admin
18:24:05.197 [main] INFO io.cucumber.core.plugin.SerenityReporter - Running feature from file:///C:/Alterra/CapstoneBaru/QE/TestingWebUpdate/src/test/resources/features/ViewKelolaJadwal.feature
18:24:05.197 [main] DEBUG net.thucydides.core.steps.StepEventBus - Test suite started for story net.thucydides.core.model.Story@9d07618a
18:24:05.197 [main] INFO  - Test Suite Started: View Kelola Jadwal - Admin
18:24:05.206 [main] INFO io.cucumber.core.plugin.SerenityReporter - Running feature from file:///C:/Alterra/CapstoneBaru/QE/TestingWebUpdate/src/test/resources/features/4DataPasien.feature
18:24:05.211 [main] DEBUG net.thucydides.core.steps.StepEventBus - Test suite started for story net.thucydides.core.model.Story@b5b91de1
18:24:05.211 [main] INFO  - Test Suite Started: Data Pasien - Admin

@DataPasien111 @ViewPatientData
Scenario Outline: As a admin i want to view data pasien &amp#27;[90m# src/test/resources/features/4DataPasien.feature:15&amp#27;[0m
18:24:05.325 [main] INFO io.cucumber.core.plugin.SerenityReporter - Running feature from file:///C:/Alterra/CapstoneBaru/QE/TestingWebUpdate/src/test/resources/features/4DataPasien.feature
18:24:05.465 [main] INFO  - 
  _____   ___   ___   _____     ___   _____     _     ___   _____   ___   ___  
 |_   _| | __| / __| |_   _|   / __| |_   _|   /_\   | _ \ |_   _| | __| |   \ 
   | |   | _|  \__ \   | |     \__ \   | |    / _ \  |   /   | |   | _|  | |) |
   |_|   |___| |___/   |_|     |___/   |_|   /_/ \_\ |_|_\   |_|   |___| |___/ 

As a admin i want to view data pasien(data-pasien---admin;as-a-admin-i-want-to-view-data-pasien)
--------------------------------------------------------------------------------
18:24:06.771 [main] DEBUG net.thucydides.core.steps.StepInterceptor - STARTING STEP: LoginSteps.openLoginPage - openLogin
18:24:06.811 [main] INFO net.serenitybdd.core.webdriver.driverproviders.ChromeDriverProvider - Using automatically driver download
18:24:08.638 [main] DEBUG io.github.bonigarcia.wdm.cache.ResolutionCache - Resolution chrome=103 in cache (valid until 18:54:33 17/07/2022 ICT)
18:24:08.651 [main] DEBUG io.github.bonigarcia.wdm.cache.ResolutionCache - Resolution chrome103=103.0.5060.53 in cache (valid until 17:54:33 18/07/2022 ICT)
18:24:08.656 [main] INFO io.github.bonigarcia.wdm.WebDriverManager - Using chromedriver 103.0.5060.53 (resolved driver for Chrome 103)
18:24:08.679 [main] DEBUG io.github.bonigarcia.wdm.WebDriverManager - Driver chromedriver 103.0.5060.53 found in cache
18:24:08.679 [main] INFO io.github.bonigarcia.wdm.WebDriverManager - Exporting webdriver.chrome.driver as C:\Users\Bagas Dwi Saputra\.cache\selenium\chromedriver\win32\103.0.5060.53\chromedriver.exe
18:24:09.994 [main] DEBUG net.thucydides.core.reflection.ClassFinder - Could not load class .CucumberTestSuite
18:24:09.994 [main] DEBUG net.thucydides.core.reflection.ClassFinder - Could not load class .starter.pages.ArsipJadwalPage
18:24:09.994 [main] DEBUG net.thucydides.core.reflection.ClassFinder - Could not load class .starter.pages.DashboardPage
18:24:09.994 [main] DEBUG net.thucydides.core.reflection.ClassFinder - Could not load class .starter.pages.DokterDataPage
18:24:09.994 [main] DEBUG net.thucydides.core.reflection.ClassFinder - Could not load class .starter.pages.KelolaJadwalPage
18:24:09.994 [main] DEBUG net.thucydides.core.reflection.ClassFinder - Could not load class .starter.pages.LoginPage
18:24:09.994 [main] DEBUG net.thucydides.core.reflection.ClassFinder - Could not load class .starter.pages.PatientDataPage
18:24:09.994 [main] DEBUG net.thucydides.core.reflection.ClassFinder - Could not load class .starter.stepdefinitios.ArsipJadwalSteps
18:24:09.994 [main] DEBUG net.thucydides.core.reflection.ClassFinder - Could not load class .starter.stepdefinitios.DokterDataSteps
18:24:09.994 [main] DEBUG net.thucydides.core.reflection.ClassFinder - Could not load class .starter.stepdefinitios.KelolaJadwalSteps
18:24:09.994 [main] DEBUG net.thucydides.core.reflection.ClassFinder - Could not load class .starter.stepdefinitios.LoginSteps
18:24:09.994 [main] DEBUG net.thucydides.core.reflection.ClassFinder - Could not load class .starter.stepdefinitios.PatientDataSteps
18:24:09.994 [main] DEBUG net.thucydides.core.reflection.ClassFinder - Could not load class META-INF.versions.9.com.sun.istack.logging.StackHelper
18:24:09.994 [main] DEBUG net.thucydides.core.reflection.ClassFinder - Could not load class META-INF.versions.9.com.sun.xml.bind.v2.runtime.reflect.opt.AccessorInjector
18:24:09.994 [main] DEBUG net.thucydides.core.reflection.ClassFinder - Could not load class META-INF.versions.9.com.sun.xml.bind.v2.runtime.reflect.opt.Injector
18:24:09.994 [main] DEBUG net.thucydides.core.reflection.ClassFinder - Could not load class META-INF.versions.9.com.sun.xml.bind.v2.runtime.reflect.opt.OptimizedAccessorFactory
18:24:09.994 [main] DEBUG net.thucydides.core.reflection.ClassFinder - Could not load class META-INF.versions.9.com.sun.xml.bind.v2.runtime.reflect.opt.OptimizedTransducedAccessorFactory
18:24:09.994 [main] DEBUG net.thucydides.core.reflection.ClassFinder - Could not load class META-INF.versions.9.io.opentelemetry.sdk.internal.CurrentJavaVersionSpecific
18:24:09.994 [main] DEBUG net.thucydides.core.reflection.ClassFinder - Could not load class META-INF.versions.9.io.opentelemetry.sdk.internal.Java9VersionSpecific
18:24:09.994 [main] DEBUG net.thucydides.core.reflection.ClassFinder - Could not load class META-INF.versions.9.javax.xml.bind.ModuleUtil
18:24:09.994 [main] DEBUG net.thucydides.core.reflection.ClassFinder - Could not load class META-INF.versions.9.module-info
18:24:10.002 [main] DEBUG net.thucydides.core.reflection.ClassFinder - Could not load class META-INF.versions.9.org.codehaus.plexus.languages.java.jpms.BinaryModuleInfoParser
18:24:10.003 [main] DEBUG net.thucydides.core.reflection.ClassFinder - Could not load class META-INF.versions.9.org.codehaus.plexus.languages.java.jpms.CmdModuleNameExtractor
18:24:10.003 [main] DEBUG net.thucydides.core.reflection.ClassFinder - Could not load class META-INF.versions.9.org.junit.platform.commons.util.ModuleUtils
18:24:10.579 [main] DEBUG net.thucydides.core.reflection.ClassFinder - Could not load class com.google.gson.internal.
18:24:10.802 [main] DEBUG net.thucydides.core.reflection.ClassFinder - Could not load class com.sun.xml.bind.v2.runtime.output.FastInfosetStreamWriterOutput
18:24:11.390 [main] DEBUG net.thucydides.core.reflection.ClassFinder - Could not load class module-info
18:24:15.874 [main] DEBUG io.netty.util.internal.logging.InternalLoggerFactory - Using SLF4J as the default logging framework
18:24:15.874 [main] DEBUG io.netty.util.ResourceLeakDetector - -Dio.netty.leakDetection.level: simple
18:24:15.874 [main] DEBUG io.netty.util.ResourceLeakDetector - -Dio.netty.leakDetection.targetRecords: 4
18:24:15.884 [main] DEBUG io.netty.util.ResourceLeakDetectorFactory - Loaded default ResourceLeakDetector: io.netty.util.ResourceLeakDetector@4193b8a5
18:24:15.904 [main] DEBUG io.netty.util.internal.PlatformDependent0 - -Dio.netty.noUnsafe: false
18:24:15.904 [main] DEBUG io.netty.util.internal.PlatformDependent0 - Java version: 11
18:24:15.904 [main] DEBUG io.netty.util.internal.PlatformDependent0 - sun.misc.Unsafe.theUnsafe: available
18:24:15.904 [main] DEBUG io.netty.util.internal.PlatformDependent0 - sun.misc.Unsafe.copyMemory: available
18:24:15.904 [main] DEBUG io.netty.util.internal.PlatformDependent0 - java.nio.Buffer.address: available
18:24:15.904 [main] DEBUG io.netty.util.internal.PlatformDependent0 - direct buffer constructor: unavailable: Reflective setAccessible(true) disabled
18:24:15.904 [main] DEBUG io.netty.util.internal.PlatformDependent0 - java.nio.Bits.unaligned: available, true
18:24:15.904 [main] DEBUG io.netty.util.internal.PlatformDependent0 - jdk.internal.misc.Unsafe.allocateUninitializedArray(int): unavailable: class io.netty.util.internal.PlatformDependent0$6 cannot access class jdk.internal.misc.Unsafe (in module java.base) because module java.base does not export jdk.internal.misc to unnamed module @29d2d081
18:24:15.904 [main] DEBUG io.netty.util.internal.PlatformDependent0 - java.nio.DirectByteBuffer.<init>(long, int): unavailable
18:24:15.904 [main] DEBUG io.netty.util.internal.PlatformDependent - sun.misc.Unsafe: available
18:24:15.918 [main] DEBUG io.netty.util.internal.PlatformDependent - maxDirectMemory: 3179282432 bytes (maybe)
18:24:15.918 [main] DEBUG io.netty.util.internal.PlatformDependent - -Dio.netty.tmpdir: C:\Users\BAGASD~1\AppData\Local\Temp (java.io.tmpdir)
18:24:15.918 [main] DEBUG io.netty.util.internal.PlatformDependent - -Dio.netty.bitMode: 64 (sun.arch.data.model)
18:24:15.918 [main] DEBUG io.netty.util.internal.PlatformDependent - Platform: Windows
18:24:15.919 [main] DEBUG io.netty.util.internal.PlatformDependent - -Dio.netty.maxDirectMemory: -1 bytes
18:24:15.920 [main] DEBUG io.netty.util.internal.PlatformDependent - -Dio.netty.uninitializedArrayAllocationThreshold: -1
18:24:15.921 [main] DEBUG io.netty.util.internal.CleanerJava9 - java.nio.ByteBuffer.cleaner(): available
18:24:15.921 [main] DEBUG io.netty.util.internal.PlatformDependent - -Dio.netty.noPreferDirect: false
18:24:15.922 [main] DEBUG io.netty.util.internal.PlatformDependent - org.jctools-core.MpscChunkedArrayQueue: available
18:24:15.954 [main] DEBUG io.netty.util.internal.InternalThreadLocalMap - -Dio.netty.threadLocalMap.stringBuilder.initialSize: 1024
18:24:15.954 [main] DEBUG io.netty.util.internal.InternalThreadLocalMap - -Dio.netty.threadLocalMap.stringBuilder.maxSize: 4096
18:24:15.984 [main] DEBUG io.netty.handler.ssl.JdkSslContext - Default protocols (JDK): [TLSv1.3, TLSv1.2] 
18:24:15.984 [main] DEBUG io.netty.handler.ssl.JdkSslContext - Default cipher suites (JDK): [TLS_ECDHE_ECDSA_WITH_AES_256_GCM_SHA384, TLS_ECDHE_ECDSA_WITH_AES_128_GCM_SHA256, TLS_ECDHE_RSA_WITH_AES_128_GCM_SHA256, TLS_ECDHE_RSA_WITH_AES_256_GCM_SHA384, TLS_ECDHE_RSA_WITH_AES_128_CBC_SHA, TLS_ECDHE_RSA_WITH_AES_256_CBC_SHA, TLS_RSA_WITH_AES_128_GCM_SHA256, TLS_RSA_WITH_AES_128_CBC_SHA, TLS_RSA_WITH_AES_256_CBC_SHA, TLS_AES_128_GCM_SHA256, TLS_AES_256_GCM_SHA384]
18:24:16.023 [main] DEBUG io.netty.channel.MultithreadEventLoopGroup - -Dio.netty.eventLoopThreads: 8
18:24:16.037 [main] DEBUG io.netty.channel.nio.NioEventLoop - -Dio.netty.noKeySetOptimization: false
18:24:16.037 [main] DEBUG io.netty.channel.nio.NioEventLoop - -Dio.netty.selectorAutoRebuildThreshold: 512
18:24:16.084 [main] DEBUG io.netty.buffer.PooledByteBufAllocator - -Dio.netty.allocator.numHeapArenas: 8
18:24:16.084 [main] DEBUG io.netty.buffer.PooledByteBufAllocator - -Dio.netty.allocator.numDirectArenas: 8
18:24:16.084 [main] DEBUG io.netty.buffer.PooledByteBufAllocator - -Dio.netty.allocator.pageSize: 8192
18:24:16.084 [main] DEBUG io.netty.buffer.PooledByteBufAllocator - -Dio.netty.allocator.maxOrder: 9
18:24:16.084 [main] DEBUG io.netty.buffer.PooledByteBufAllocator - -Dio.netty.allocator.chunkSize: 4194304
18:24:16.084 [main] DEBUG io.netty.buffer.PooledByteBufAllocator - -Dio.netty.allocator.smallCacheSize: 256
18:24:16.084 [main] DEBUG io.netty.buffer.PooledByteBufAllocator - -Dio.netty.allocator.normalCacheSize: 64
18:24:16.084 [main] DEBUG io.netty.buffer.PooledByteBufAllocator - -Dio.netty.allocator.maxCachedBufferCapacity: 32768
18:24:16.084 [main] DEBUG io.netty.buffer.PooledByteBufAllocator - -Dio.netty.allocator.cacheTrimInterval: 8192
18:24:16.084 [main] DEBUG io.netty.buffer.PooledByteBufAllocator - -Dio.netty.allocator.cacheTrimIntervalMillis: 0
18:24:16.084 [main] DEBUG io.netty.buffer.PooledByteBufAllocator - -Dio.netty.allocator.useCacheForAllThreads: false
18:24:16.084 [main] DEBUG io.netty.buffer.PooledByteBufAllocator - -Dio.netty.allocator.maxCachedByteBuffersPerChunk: 1023
18:24:16.096 [main] DEBUG io.netty.buffer.ByteBufUtil - -Dio.netty.allocator.type: pooled
18:24:16.096 [main] DEBUG io.netty.buffer.ByteBufUtil - -Dio.netty.threadLocalDirectBufferSize: 0
18:24:16.096 [main] DEBUG io.netty.buffer.ByteBufUtil - -Dio.netty.maxThreadLocalCharBufferSize: 16384
18:24:16.335 [main] DEBUG net.serenitybdd.core.webdriver.driverproviders.ProvideNewDriver - Instantiating driver
18:24:16.335 [main] DEBUG net.serenitybdd.core.webdriver.driverproviders.ProvideNewDriver - Driver capabilities: Capabilities {acceptInsecureCerts: false, base.url: https://fanciful-trifle-360..., browserName: chrome, chorme.driver: src/test/resources/webdrive..., driver: chrome, goog:chromeOptions: {args: [], extensions: []}}
18:24:16.732 [Forwarding newSession on session null to remote] DEBUG io.netty.channel.DefaultChannelId - -Dio.netty.processId: 19996 (auto-detected)
18:24:16.732 [Forwarding newSession on session null to remote] DEBUG io.netty.util.NetUtil - -Djava.net.preferIPv4Stack: false
18:24:16.732 [Forwarding newSession on session null to remote] DEBUG io.netty.util.NetUtil - -Djava.net.preferIPv6Addresses: false
18:24:16.842 [Forwarding newSession on session null to remote] DEBUG io.netty.util.NetUtilInitializations - Loopback interface: lo (Software Loopback Interface 1, 127.0.0.1)
18:24:16.844 [Forwarding newSession on session null to remote] DEBUG io.netty.util.NetUtil - Failed to get SOMAXCONN from sysctl and file \proc\sys\net\core\somaxconn. Default: 200
18:24:16.939 [Forwarding newSession on session null to remote] DEBUG io.netty.channel.DefaultChannelId - -Dio.netty.machineId: 80:38:fb:ff:fe:ac:4a:4a (auto-detected)
18:24:17.008 [AsyncHttpClient-1-2] DEBUG io.netty.buffer.AbstractByteBuf - -Dio.netty.buffer.checkAccessible: true
18:24:17.009 [AsyncHttpClient-1-2] DEBUG io.netty.buffer.AbstractByteBuf - -Dio.netty.buffer.checkBounds: true
18:24:17.009 [AsyncHttpClient-1-2] DEBUG io.netty.util.ResourceLeakDetectorFactory - Loaded default ResourceLeakDetector: io.netty.util.ResourceLeakDetector@35e28278
18:24:17.027 [AsyncHttpClient-1-2] DEBUG org.asynchttpclient.netty.channel.NettyConnectListener - Using new Channel '[id: 0x4198539a, L:/127.0.0.1:49569 - R:localhost/127.0.0.1:57913]' for 'POST' to '/session'
18:24:17.045 [AsyncHttpClient-1-2] DEBUG io.netty.util.Recycler - -Dio.netty.recycler.maxCapacityPerThread: 4096
18:24:17.045 [AsyncHttpClient-1-2] DEBUG io.netty.util.Recycler - -Dio.netty.recycler.ratio: 8
18:24:17.045 [AsyncHttpClient-1-2] DEBUG io.netty.util.Recycler - -Dio.netty.recycler.chunkSize: 32
18:24:17.045 [AsyncHttpClient-1-2] DEBUG io.netty.util.Recycler - -Dio.netty.recycler.blocking: false
18:24:17.865 [AsyncHttpClient-1-2] DEBUG io.netty.handler.codec.compression.Brotli - brotli4j not in the classpath; Brotli support will be unavailable.
18:24:17.865 [AsyncHttpClient-1-2] DEBUG org.asynchttpclient.netty.handler.HttpHandler - 

Request DefaultHttpRequest(decodeResult: success, version: HTTP/1.1)
POST /session HTTP/1.1
User-Agent: selenium/4.1.4 (java windows)
Content-Length: 629
Content-Type: application/json; charset=utf-8
host: localhost:57913
accept: */*

Response DefaultHttpResponse(decodeResult: success, version: HTTP/1.1)
HTTP/1.1 200 OK
Content-Type: application/json; charset=utf-8
cache-control: no-cache
content-length: 793

18:24:17.879 [AsyncHttpClient-1-2] DEBUG org.asynchttpclient.netty.channel.ChannelManager - Adding key: http://localhost:57913 for channel [id: 0x4198539a, L:/127.0.0.1:49569 - R:localhost/127.0.0.1:57913]
18:24:18.033 [AsyncHttpClient-1-3] DEBUG org.asynchttpclient.netty.channel.NettyConnectListener - Using new Channel '[id: 0xd71f912b, L:/127.0.0.1:49576 - R:localhost/127.0.0.1:49570]' for 'GET' to '/json/version'
18:24:18.038 [AsyncHttpClient-1-3] DEBUG org.asynchttpclient.netty.handler.HttpHandler - 

Request DefaultFullHttpRequest(decodeResult: success, version: HTTP/1.1, content: EmptyByteBufBE)
GET /json/version HTTP/1.1
User-Agent: selenium/4.1.4 (java windows)
host: localhost:49570
accept: */*

Response DefaultHttpResponse(decodeResult: success, version: HTTP/1.1)
HTTP/1.1 200 OK
Content-Type: application/json; charset=UTF-8
content-length: 429

18:24:18.038 [AsyncHttpClient-1-3] DEBUG org.asynchttpclient.netty.channel.ChannelManager - Adding key: http://localhost:49570 for channel [id: 0xd71f912b, L:/127.0.0.1:49576 - R:localhost/127.0.0.1:49570]
18:24:18.047 [main] DEBUG io.netty.util.internal.ThreadLocalRandom - -Dio.netty.initialSeedUniquifier: 0x6a0443de6907549c
18:24:18.055 [AsyncHttpClient-1-4] DEBUG org.asynchttpclient.netty.channel.NettyConnectListener - Using new Channel '[id: 0x57d43339, L:/127.0.0.1:49577 - R:localhost/127.0.0.1:49570]' for 'GET' to '/devtools/browser/f75e5f94-c76f-4759-ab16-ef0c1b6ca4ff'
18:24:18.059 [AsyncHttpClient-1-4] DEBUG org.asynchttpclient.netty.handler.WebSocketHandler - 

Request DefaultFullHttpRequest(decodeResult: success, version: HTTP/1.1, content: EmptyByteBufBE)
GET /devtools/browser/f75e5f94-c76f-4759-ab16-ef0c1b6ca4ff HTTP/1.1
upgrade: websocket
connection: upgrade
sec-websocket-key: iNSHfBuKGQjCjGE5imzEuA==
sec-websocket-version: 13
origin: http://localhost:49570
host: localhost:49570
accept: */*
user-agent: AHC/2.1

Response DefaultHttpResponse(decodeResult: success, version: HTTP/1.1)
HTTP/1.1 101 WebSocket Protocol Handshake
Upgrade: WebSocket
Connection: Upgrade
Sec-WebSocket-Accept: B0Jhln/0aKU8F/MVo63OljV/Nw4=

18:24:18.165 [AsyncHttpClient-1-1] DEBUG org.asynchttpclient.netty.channel.DefaultChannelPool - Entry count for : http://localhost:57913 : 1
18:24:18.165 [AsyncHttpClient-1-1] DEBUG org.asynchttpclient.netty.channel.DefaultChannelPool - Entry count for : http://localhost:49570 : 1
18:24:19.235 [AsyncHttpClient-1-1] DEBUG org.asynchttpclient.netty.channel.DefaultChannelPool - Entry count for : http://localhost:57913 : 1
18:24:19.251 [AsyncHttpClient-1-1] DEBUG org.asynchttpclient.netty.channel.DefaultChannelPool - Entry count for : http://localhost:49570 : 1
18:24:19.444 [main] DEBUG net.thucydides.core.reflection.ClassFinder - Could not load class .CucumberTestSuite
18:24:19.444 [main] DEBUG net.thucydides.core.reflection.ClassFinder - Could not load class .starter.pages.ArsipJadwalPage
18:24:19.444 [main] DEBUG net.thucydides.core.reflection.ClassFinder - Could not load class .starter.pages.DashboardPage
18:24:19.444 [main] DEBUG net.thucydides.core.reflection.ClassFinder - Could not load class .starter.pages.DokterDataPage
18:24:19.444 [main] DEBUG net.thucydides.core.reflection.ClassFinder - Could not load class .starter.pages.KelolaJadwalPage
18:24:19.444 [main] DEBUG net.thucydides.core.reflection.ClassFinder - Could not load class .starter.pages.LoginPage
18:24:19.444 [main] DEBUG net.thucydides.core.reflection.ClassFinder - Could not load class .starter.pages.PatientDataPage
18:24:19.444 [main] DEBUG net.thucydides.core.reflection.ClassFinder - Could not load class .starter.stepdefinitios.ArsipJadwalSteps
18:24:19.444 [main] DEBUG net.thucydides.core.reflection.ClassFinder - Could not load class .starter.stepdefinitios.DokterDataSteps
18:24:19.444 [main] DEBUG net.thucydides.core.reflection.ClassFinder - Could not load class .starter.stepdefinitios.KelolaJadwalSteps
18:24:19.444 [main] DEBUG net.thucydides.core.reflection.ClassFinder - Could not load class .starter.stepdefinitios.LoginSteps
18:24:19.444 [main] DEBUG net.thucydides.core.reflection.ClassFinder - Could not load class .starter.stepdefinitios.PatientDataSteps
18:24:19.444 [main] DEBUG net.thucydides.core.reflection.ClassFinder - Could not load class META-INF.versions.9.com.sun.istack.logging.StackHelper
18:24:19.444 [main] DEBUG net.thucydides.core.reflection.ClassFinder - Could not load class META-INF.versions.9.com.sun.xml.bind.v2.runtime.reflect.opt.AccessorInjector
18:24:19.444 [main] DEBUG net.thucydides.core.reflection.ClassFinder - Could not load class META-INF.versions.9.com.sun.xml.bind.v2.runtime.reflect.opt.Injector
18:24:19.444 [main] DEBUG net.thucydides.core.reflection.ClassFinder - Could not load class META-INF.versions.9.com.sun.xml.bind.v2.runtime.reflect.opt.OptimizedAccessorFactory
18:24:19.444 [main] DEBUG net.thucydides.core.reflection.ClassFinder - Could not load class META-INF.versions.9.com.sun.xml.bind.v2.runtime.reflect.opt.OptimizedTransducedAccessorFactory
18:24:19.444 [main] DEBUG net.thucydides.core.reflection.ClassFinder - Could not load class META-INF.versions.9.io.opentelemetry.sdk.internal.CurrentJavaVersionSpecific
18:24:19.444 [main] DEBUG net.thucydides.core.reflection.ClassFinder - Could not load class META-INF.versions.9.io.opentelemetry.sdk.internal.Java9VersionSpecific
18:24:19.444 [main] DEBUG net.thucydides.core.reflection.ClassFinder - Could not load class META-INF.versions.9.javax.xml.bind.ModuleUtil
18:24:19.444 [main] DEBUG net.thucydides.core.reflection.ClassFinder - Could not load class META-INF.versions.9.module-info
18:24:19.444 [main] DEBUG net.thucydides.core.reflection.ClassFinder - Could not load class META-INF.versions.9.org.codehaus.plexus.languages.java.jpms.BinaryModuleInfoParser
18:24:19.444 [main] DEBUG net.thucydides.core.reflection.ClassFinder - Could not load class META-INF.versions.9.org.codehaus.plexus.languages.java.jpms.CmdModuleNameExtractor
18:24:19.444 [main] DEBUG net.thucydides.core.reflection.ClassFinder - Could not load class META-INF.versions.9.org.junit.platform.commons.util.ModuleUtils
18:24:19.444 [main] DEBUG net.thucydides.core.reflection.ClassFinder - Could not load class com.google.gson.internal.
18:24:19.444 [main] DEBUG net.thucydides.core.reflection.ClassFinder - Could not load class com.sun.xml.bind.v2.runtime.output.FastInfosetStreamWriterOutput
18:24:19.461 [main] DEBUG net.thucydides.core.reflection.ClassFinder - Could not load class module-info
18:24:19.488 [Forwarding get on session 1fae4b3b130f3039ef4f7763c3a76f4c to remote] DEBUG org.asynchttpclient.netty.request.NettyRequestSender - Using pooled Channel '[id: 0x4198539a, L:/127.0.0.1:49569 - R:localhost/127.0.0.1:57913]' for 'POST' to 'http://localhost:57913/session/1fae4b3b130f3039ef4f7763c3a76f4c/url'
18:24:19.488 [Forwarding get on session 1fae4b3b130f3039ef4f7763c3a76f4c to remote] DEBUG org.asynchttpclient.netty.request.NettyRequestSender - Using open Channel [id: 0x4198539a, L:/127.0.0.1:49569 - R:localhost/127.0.0.1:57913] for POST '/session/1fae4b3b130f3039ef4f7763c3a76f4c/url'
18:24:20.339 [AsyncHttpClient-1-2] DEBUG org.asynchttpclient.netty.handler.HttpHandler - 

Request DefaultHttpRequest(decodeResult: success, version: HTTP/1.1)
POST /session/1fae4b3b130f3039ef4f7763c3a76f4c/url HTTP/1.1
User-Agent: selenium/4.1.4 (java windows)
Content-Length: 78
Content-Type: application/json; charset=utf-8
host: localhost:57913
accept: */*

Response DefaultHttpResponse(decodeResult: success, version: HTTP/1.1)
HTTP/1.1 200 OK
Content-Type: application/json; charset=utf-8
cache-control: no-cache
content-length: 14

18:24:20.339 [AsyncHttpClient-1-2] DEBUG org.asynchttpclient.netty.channel.ChannelManager - Adding key: http://localhost:57913 for channel [id: 0x4198539a, L:/127.0.0.1:49569 - R:localhost/127.0.0.1:57913]
18:24:20.340 [Forwarding setTimeout on session 1fae4b3b130f3039ef4f7763c3a76f4c to remote] DEBUG org.asynchttpclient.netty.request.NettyRequestSender - Using pooled Channel '[id: 0x4198539a, L:/127.0.0.1:49569 - R:localhost/127.0.0.1:57913]' for 'POST' to 'http://localhost:57913/session/1fae4b3b130f3039ef4f7763c3a76f4c/timeouts'
18:24:20.340 [Forwarding setTimeout on session 1fae4b3b130f3039ef4f7763c3a76f4c to remote] DEBUG org.asynchttpclient.netty.request.NettyRequestSender - Using open Channel [id: 0x4198539a, L:/127.0.0.1:49569 - R:localhost/127.0.0.1:57913] for POST '/session/1fae4b3b130f3039ef4f7763c3a76f4c/timeouts'
18:24:20.340 [AsyncHttpClient-1-2] DEBUG org.asynchttpclient.netty.handler.HttpHandler - 

Request DefaultHttpRequest(decodeResult: success, version: HTTP/1.1)
POST /session/1fae4b3b130f3039ef4f7763c3a76f4c/timeouts HTTP/1.1
User-Agent: selenium/4.1.4 (java windows)
Content-Length: 22
Content-Type: application/json; charset=utf-8
host: localhost:57913
accept: */*

Response DefaultHttpResponse(decodeResult: success, version: HTTP/1.1)
HTTP/1.1 200 OK
Content-Type: application/json; charset=utf-8
cache-control: no-cache
content-length: 14

18:24:20.340 [AsyncHttpClient-1-2] DEBUG org.asynchttpclient.netty.channel.ChannelManager - Adding key: http://localhost:57913 for channel [id: 0x4198539a, L:/127.0.0.1:49569 - R:localhost/127.0.0.1:57913]
18:24:20.357 [Forwarding getCurrentUrl on session 1fae4b3b130f3039ef4f7763c3a76f4c to remote] DEBUG org.asynchttpclient.netty.request.NettyRequestSender - Using pooled Channel '[id: 0x4198539a, L:/127.0.0.1:49569 - R:localhost/127.0.0.1:57913]' for 'GET' to 'http://localhost:57913/session/1fae4b3b130f3039ef4f7763c3a76f4c/url'
18:24:20.357 [Forwarding getCurrentUrl on session 1fae4b3b130f3039ef4f7763c3a76f4c to remote] DEBUG org.asynchttpclient.netty.request.NettyRequestSender - Using open Channel [id: 0x4198539a, L:/127.0.0.1:49569 - R:localhost/127.0.0.1:57913] for GET '/session/1fae4b3b130f3039ef4f7763c3a76f4c/url'
18:24:20.364 [AsyncHttpClient-1-1] DEBUG org.asynchttpclient.netty.channel.DefaultChannelPool - Entry count for : http://localhost:49570 : 1
18:24:20.366 [AsyncHttpClient-1-2] DEBUG org.asynchttpclient.netty.handler.HttpHandler - 

Request DefaultFullHttpRequest(decodeResult: success, version: HTTP/1.1, content: EmptyByteBufBE)
GET /session/1fae4b3b130f3039ef4f7763c3a76f4c/url HTTP/1.1
User-Agent: selenium/4.1.4 (java windows)
Cache-Control: no-cache
Content-Type: application/json; charset=utf-8
host: localhost:57913
accept: */*

Response DefaultHttpResponse(decodeResult: success, version: HTTP/1.1)
HTTP/1.1 200 OK
Content-Type: application/json; charset=utf-8
cache-control: no-cache
content-length: 60

18:24:20.366 [AsyncHttpClient-1-2] DEBUG org.asynchttpclient.netty.channel.ChannelManager - Adding key: http://localhost:57913 for channel [id: 0x4198539a, L:/127.0.0.1:49569 - R:localhost/127.0.0.1:57913]
18:24:20.404 [main] DEBUG net.serenitybdd.core.photography.Darkroom - Opening darkroom
18:24:20.405 [Darkroom Processing Line] DEBUG net.serenitybdd.core.photography.DarkroomProcessingLine - Darkroom processing line starting up
18:24:20.405 [Forwarding screenshot on session 1fae4b3b130f3039ef4f7763c3a76f4c to remote] DEBUG org.asynchttpclient.netty.request.NettyRequestSender - Using pooled Channel '[id: 0x4198539a, L:/127.0.0.1:49569 - R:localhost/127.0.0.1:57913]' for 'GET' to 'http://localhost:57913/session/1fae4b3b130f3039ef4f7763c3a76f4c/screenshot'
18:24:20.405 [Forwarding screenshot on session 1fae4b3b130f3039ef4f7763c3a76f4c to remote] DEBUG org.asynchttpclient.netty.request.NettyRequestSender - Using open Channel [id: 0x4198539a, L:/127.0.0.1:49569 - R:localhost/127.0.0.1:57913] for GET '/session/1fae4b3b130f3039ef4f7763c3a76f4c/screenshot'
18:24:20.768 [AsyncHttpClient-1-2] DEBUG org.asynchttpclient.netty.handler.HttpHandler - 

Request DefaultFullHttpRequest(decodeResult: success, version: HTTP/1.1, content: EmptyByteBufBE)
GET /session/1fae4b3b130f3039ef4f7763c3a76f4c/screenshot HTTP/1.1
User-Agent: selenium/4.1.4 (java windows)
Cache-Control: no-cache
Content-Type: application/json; charset=utf-8
host: localhost:57913
accept: */*

Response DefaultHttpResponse(decodeResult: success, version: HTTP/1.1)
HTTP/1.1 200 OK
Content-Type: application/json; charset=utf-8
cache-control: no-cache
content-length: 380436

18:24:20.773 [AsyncHttpClient-1-2] DEBUG org.asynchttpclient.netty.channel.ChannelManager - Adding key: http://localhost:57913 for channel [id: 0x4198539a, L:/127.0.0.1:49569 - R:localhost/127.0.0.1:57913]
18:24:20.861 [main] DEBUG net.serenitybdd.core.photography.Darkroom - Send negative for processing for target\site\serenity\d122c364c40ece9db0ad32cd97c3fcf63e95ba606118dda8d3e5a1d2b8235ce2.png
18:24:20.861 [Darkroom Processing Line] DEBUG net.serenitybdd.core.photography.DarkroomProcessingLine - Processing screenshot image in /var/screenshots/screenshot-77235805687299902
18:24:20.861 [Darkroom Processing Line] DEBUG net.serenitybdd.core.photography.DarkroomProcessingLine - Saving screenshot to target\site\serenity\d122c364c40ece9db0ad32cd97c3fcf63e95ba606118dda8d3e5a1d2b8235ce2.png
18:24:20.866 [main] DEBUG net.thucydides.core.steps.StepInterceptor - STEP DONE: openLogin
  &amp#27;[32mGiven &amp#27;[0m&amp#27;[32mOpen login page&amp#27;[0m                                 &amp#27;[90m# starter.stepdefinitios.LoginSteps.openLoginPage()&amp#27;[0m
18:24:21.439 [AsyncHttpClient-1-1] DEBUG org.asynchttpclient.netty.channel.DefaultChannelPool - Entry count for : http://localhost:57913 : 1
18:24:21.439 [AsyncHttpClient-1-1] DEBUG org.asynchttpclient.netty.channel.DefaultChannelPool - Entry count for : http://localhost:49570 : 1
18:24:21.457 [Forwarding findElement on session 1fae4b3b130f3039ef4f7763c3a76f4c to remote] DEBUG org.asynchttpclient.netty.request.NettyRequestSender - Using pooled Channel '[id: 0x4198539a, L:/127.0.0.1:49569 - R:localhost/127.0.0.1:57913]' for 'POST' to 'http://localhost:57913/session/1fae4b3b130f3039ef4f7763c3a76f4c/element'
18:24:21.473 [Forwarding findElement on session 1fae4b3b130f3039ef4f7763c3a76f4c to remote] DEBUG org.asynchttpclient.netty.request.NettyRequestSender - Using open Channel [id: 0x4198539a, L:/127.0.0.1:49569 - R:localhost/127.0.0.1:57913] for POST '/session/1fae4b3b130f3039ef4f7763c3a76f4c/element'
18:24:21.624 [AsyncHttpClient-1-2] DEBUG org.asynchttpclient.netty.handler.HttpHandler - 

Request DefaultHttpRequest(decodeResult: success, version: HTTP/1.1)
POST /session/1fae4b3b130f3039ef4f7763c3a76f4c/element HTTP/1.1
User-Agent: selenium/4.1.4 (java windows)
Content-Length: 70
Content-Type: application/json; charset=utf-8
host: localhost:57913
accept: */*

Response DefaultHttpResponse(decodeResult: success, version: HTTP/1.1)
HTTP/1.1 200 OK
Content-Type: application/json; charset=utf-8
cache-control: no-cache
content-length: 88

18:24:21.625 [AsyncHttpClient-1-2] DEBUG org.asynchttpclient.netty.channel.ChannelManager - Adding key: http://localhost:57913 for channel [id: 0x4198539a, L:/127.0.0.1:49569 - R:localhost/127.0.0.1:57913]
18:24:21.629 [Forwarding sendKeysToElement on session 1fae4b3b130f3039ef4f7763c3a76f4c to remote] DEBUG org.asynchttpclient.netty.request.NettyRequestSender - Using pooled Channel '[id: 0x4198539a, L:/127.0.0.1:49569 - R:localhost/127.0.0.1:57913]' for 'POST' to 'http://localhost:57913/session/1fae4b3b130f3039ef4f7763c3a76f4c/element/6786fad2-d157-4bc5-8a7a-c56cffe50fa3/value'
18:24:21.629 [Forwarding sendKeysToElement on session 1fae4b3b130f3039ef4f7763c3a76f4c to remote] DEBUG org.asynchttpclient.netty.request.NettyRequestSender - Using open Channel [id: 0x4198539a, L:/127.0.0.1:49569 - R:localhost/127.0.0.1:57913] for POST '/session/1fae4b3b130f3039ef4f7763c3a76f4c/element/6786fad2-d157-4bc5-8a7a-c56cffe50fa3/value'
18:24:21.709 [AsyncHttpClient-1-2] DEBUG org.asynchttpclient.netty.handler.HttpHandler - 

Request DefaultHttpRequest(decodeResult: success, version: HTTP/1.1)
POST /session/1fae4b3b130f3039ef4f7763c3a76f4c/element/6786fad2-d157-4bc5-8a7a-c56cffe50fa3/value HTTP/1.1
User-Agent: selenium/4.1.4 (java windows)
Content-Length: 131
Content-Type: application/json; charset=utf-8
host: localhost:57913
accept: */*

Response DefaultHttpResponse(decodeResult: success, version: HTTP/1.1)
HTTP/1.1 200 OK
Content-Type: application/json; charset=utf-8
cache-control: no-cache
content-length: 14

18:24:21.709 [AsyncHttpClient-1-2] DEBUG org.asynchttpclient.netty.channel.ChannelManager - Adding key: http://localhost:57913 for channel [id: 0x4198539a, L:/127.0.0.1:49569 - R:localhost/127.0.0.1:57913]
  &amp#27;[32mAnd &amp#27;[0m&amp#27;[32mI input &amp#27;[0m&amp#27;[32m&amp#27;[1m"admin"&amp#27;[0m&amp#27;[32m login email valid&amp#27;[0m                 &amp#27;[90m# starter.stepdefinitios.LoginSteps.iInputLoginEmailValid(java.lang.String)&amp#27;[0m
18:24:21.725 [Forwarding screenshot on session 1fae4b3b130f3039ef4f7763c3a76f4c to remote] DEBUG org.asynchttpclient.netty.request.NettyRequestSender - Using pooled Channel '[id: 0x4198539a, L:/127.0.0.1:49569 - R:localhost/127.0.0.1:57913]' for 'GET' to 'http://localhost:57913/session/1fae4b3b130f3039ef4f7763c3a76f4c/screenshot'
18:24:21.725 [Forwarding screenshot on session 1fae4b3b130f3039ef4f7763c3a76f4c to remote] DEBUG org.asynchttpclient.netty.request.NettyRequestSender - Using open Channel [id: 0x4198539a, L:/127.0.0.1:49569 - R:localhost/127.0.0.1:57913] for GET '/session/1fae4b3b130f3039ef4f7763c3a76f4c/screenshot'
18:24:21.954 [AsyncHttpClient-1-2] DEBUG org.asynchttpclient.netty.handler.HttpHandler - 

Request DefaultFullHttpRequest(decodeResult: success, version: HTTP/1.1, content: EmptyByteBufBE)
GET /session/1fae4b3b130f3039ef4f7763c3a76f4c/screenshot HTTP/1.1
User-Agent: selenium/4.1.4 (java windows)
Cache-Control: no-cache
Content-Type: application/json; charset=utf-8
host: localhost:57913
accept: */*

Response DefaultHttpResponse(decodeResult: success, version: HTTP/1.1)
HTTP/1.1 200 OK
Content-Type: application/json; charset=utf-8
cache-control: no-cache
content-length: 379420

18:24:21.954 [AsyncHttpClient-1-2] DEBUG org.asynchttpclient.netty.channel.ChannelManager - Adding key: http://localhost:57913 for channel [id: 0x4198539a, L:/127.0.0.1:49569 - R:localhost/127.0.0.1:57913]
18:24:21.987 [main] DEBUG net.serenitybdd.core.photography.Darkroom - Send negative for processing for target\site\serenity\93df20195d3751dea78ac30a105f84d37c410e0341f58ded6fb231b5b47402e6.png
18:24:21.987 [Darkroom Processing Line] DEBUG net.serenitybdd.core.photography.DarkroomProcessingLine - Processing screenshot image in /var/screenshots/screenshot-11992484087774541436
18:24:21.987 [Darkroom Processing Line] DEBUG net.serenitybdd.core.photography.DarkroomProcessingLine - Saving screenshot to target\site\serenity\93df20195d3751dea78ac30a105f84d37c410e0341f58ded6fb231b5b47402e6.png
18:24:22.512 [Forwarding screenshot on session 1fae4b3b130f3039ef4f7763c3a76f4c to remote] DEBUG org.asynchttpclient.netty.request.NettyRequestSender - Using pooled Channel '[id: 0x4198539a, L:/127.0.0.1:49569 - R:localhost/127.0.0.1:57913]' for 'GET' to 'http://localhost:57913/session/1fae4b3b130f3039ef4f7763c3a76f4c/screenshot'
18:24:22.512 [Forwarding screenshot on session 1fae4b3b130f3039ef4f7763c3a76f4c to remote] DEBUG org.asynchttpclient.netty.request.NettyRequestSender - Using open Channel [id: 0x4198539a, L:/127.0.0.1:49569 - R:localhost/127.0.0.1:57913] for GET '/session/1fae4b3b130f3039ef4f7763c3a76f4c/screenshot'
18:24:22.538 [AsyncHttpClient-1-1] DEBUG org.asynchttpclient.netty.channel.DefaultChannelPool - Entry count for : http://localhost:49570 : 1
18:24:22.751 [AsyncHttpClient-1-2] DEBUG org.asynchttpclient.netty.handler.HttpHandler - 

Request DefaultFullHttpRequest(decodeResult: success, version: HTTP/1.1, content: EmptyByteBufBE)
GET /session/1fae4b3b130f3039ef4f7763c3a76f4c/screenshot HTTP/1.1
User-Agent: selenium/4.1.4 (java windows)
Cache-Control: no-cache
Content-Type: application/json; charset=utf-8
host: localhost:57913
accept: */*

Response DefaultHttpResponse(decodeResult: success, version: HTTP/1.1)
HTTP/1.1 200 OK
Content-Type: application/json; charset=utf-8
cache-control: no-cache
content-length: 379404

18:24:22.759 [AsyncHttpClient-1-2] DEBUG org.asynchttpclient.netty.channel.ChannelManager - Adding key: http://localhost:57913 for channel [id: 0x4198539a, L:/127.0.0.1:49569 - R:localhost/127.0.0.1:57913]
18:24:22.778 [main] DEBUG net.serenitybdd.core.photography.Darkroom - Send negative for processing for target\site\serenity\f684e1524ced0278b0b6c6b37709a7cbfb8281aeb576b04a4743fda17448b798.png
18:24:22.797 [main] DEBUG net.thucydides.core.steps.StepInterceptor - STARTING STEP: LoginSteps.iInputLoginPasswordValid - inputPasswordLogin
18:24:22.797 [Darkroom Processing Line] DEBUG net.serenitybdd.core.photography.DarkroomProcessingLine - Processing screenshot image in /var/screenshots/screenshot-17235162381369700258
18:24:22.797 [Darkroom Processing Line] DEBUG net.serenitybdd.core.photography.DarkroomProcessingLine - Saving screenshot to target\site\serenity\f684e1524ced0278b0b6c6b37709a7cbfb8281aeb576b04a4743fda17448b798.png
18:24:22.801 [Forwarding findElement on session 1fae4b3b130f3039ef4f7763c3a76f4c to remote] DEBUG org.asynchttpclient.netty.request.NettyRequestSender - Using pooled Channel '[id: 0x4198539a, L:/127.0.0.1:49569 - R:localhost/127.0.0.1:57913]' for 'POST' to 'http://localhost:57913/session/1fae4b3b130f3039ef4f7763c3a76f4c/element'
18:24:22.801 [Forwarding findElement on session 1fae4b3b130f3039ef4f7763c3a76f4c to remote] DEBUG org.asynchttpclient.netty.request.NettyRequestSender - Using open Channel [id: 0x4198539a, L:/127.0.0.1:49569 - R:localhost/127.0.0.1:57913] for POST '/session/1fae4b3b130f3039ef4f7763c3a76f4c/element'
18:24:22.880 [AsyncHttpClient-1-2] DEBUG org.asynchttpclient.netty.handler.HttpHandler - 

Request DefaultHttpRequest(decodeResult: success, version: HTTP/1.1)
POST /session/1fae4b3b130f3039ef4f7763c3a76f4c/element HTTP/1.1
User-Agent: selenium/4.1.4 (java windows)
Content-Length: 70
Content-Type: application/json; charset=utf-8
host: localhost:57913
accept: */*

Response DefaultHttpResponse(decodeResult: success, version: HTTP/1.1)
HTTP/1.1 200 OK
Content-Type: application/json; charset=utf-8
cache-control: no-cache
content-length: 88

18:24:22.880 [AsyncHttpClient-1-2] DEBUG org.asynchttpclient.netty.channel.ChannelManager - Adding key: http://localhost:57913 for channel [id: 0x4198539a, L:/127.0.0.1:49569 - R:localhost/127.0.0.1:57913]
18:24:22.883 [Forwarding sendKeysToElement on session 1fae4b3b130f3039ef4f7763c3a76f4c to remote] DEBUG org.asynchttpclient.netty.request.NettyRequestSender - Using pooled Channel '[id: 0x4198539a, L:/127.0.0.1:49569 - R:localhost/127.0.0.1:57913]' for 'POST' to 'http://localhost:57913/session/1fae4b3b130f3039ef4f7763c3a76f4c/element/82a9edbc-30df-445e-a8dd-872315abc223/value'
18:24:22.883 [Forwarding sendKeysToElement on session 1fae4b3b130f3039ef4f7763c3a76f4c to remote] DEBUG org.asynchttpclient.netty.request.NettyRequestSender - Using open Channel [id: 0x4198539a, L:/127.0.0.1:49569 - R:localhost/127.0.0.1:57913] for POST '/session/1fae4b3b130f3039ef4f7763c3a76f4c/element/82a9edbc-30df-445e-a8dd-872315abc223/value'
18:24:22.996 [AsyncHttpClient-1-2] DEBUG org.asynchttpclient.netty.handler.HttpHandler - 

Request DefaultHttpRequest(decodeResult: success, version: HTTP/1.1)
POST /session/1fae4b3b130f3039ef4f7763c3a76f4c/element/82a9edbc-30df-445e-a8dd-872315abc223/value HTTP/1.1
User-Agent: selenium/4.1.4 (java windows)
Content-Length: 161
Content-Type: application/json; charset=utf-8
host: localhost:57913
accept: */*

Response DefaultHttpResponse(decodeResult: success, version: HTTP/1.1)
HTTP/1.1 200 OK
Content-Type: application/json; charset=utf-8
cache-control: no-cache
content-length: 14

18:24:22.996 [AsyncHttpClient-1-2] DEBUG org.asynchttpclient.netty.channel.ChannelManager - Adding key: http://localhost:57913 for channel [id: 0x4198539a, L:/127.0.0.1:49569 - R:localhost/127.0.0.1:57913]
18:24:22.999 [Forwarding screenshot on session 1fae4b3b130f3039ef4f7763c3a76f4c to remote] DEBUG org.asynchttpclient.netty.request.NettyRequestSender - Using pooled Channel '[id: 0x4198539a, L:/127.0.0.1:49569 - R:localhost/127.0.0.1:57913]' for 'GET' to 'http://localhost:57913/session/1fae4b3b130f3039ef4f7763c3a76f4c/screenshot'
18:24:22.999 [Forwarding screenshot on session 1fae4b3b130f3039ef4f7763c3a76f4c to remote] DEBUG org.asynchttpclient.netty.request.NettyRequestSender - Using open Channel [id: 0x4198539a, L:/127.0.0.1:49569 - R:localhost/127.0.0.1:57913] for GET '/session/1fae4b3b130f3039ef4f7763c3a76f4c/screenshot'
18:24:23.254 [AsyncHttpClient-1-2] DEBUG org.asynchttpclient.netty.handler.HttpHandler - 

Request DefaultFullHttpRequest(decodeResult: success, version: HTTP/1.1, content: EmptyByteBufBE)
GET /session/1fae4b3b130f3039ef4f7763c3a76f4c/screenshot HTTP/1.1
User-Agent: selenium/4.1.4 (java windows)
Cache-Control: no-cache
Content-Type: application/json; charset=utf-8
host: localhost:57913
accept: */*

Response DefaultHttpResponse(decodeResult: success, version: HTTP/1.1)
HTTP/1.1 200 OK
Content-Type: application/json; charset=utf-8
cache-control: no-cache
content-length: 377580

18:24:23.257 [AsyncHttpClient-1-2] DEBUG org.asynchttpclient.netty.channel.ChannelManager - Adding key: http://localhost:57913 for channel [id: 0x4198539a, L:/127.0.0.1:49569 - R:localhost/127.0.0.1:57913]
18:24:23.270 [main] DEBUG net.serenitybdd.core.photography.Darkroom - Send negative for processing for target\site\serenity\44fa0aa493cf3a3837a7fab79c30bded8f584eda85d2cfd055a7ef5b4e3f0a4a.png
18:24:23.270 [main] DEBUG net.thucydides.core.steps.StepInterceptor - STEP DONE: inputPasswordLogin
  &amp#27;[32mAnd &amp#27;[0m&amp#27;[32mI input &amp#27;[0m&amp#27;[32m&amp#27;[1m"admin123"&amp#27;[0m&amp#27;[32m login password valid&amp#27;[0m           &amp#27;[90m# starter.stepdefinitios.LoginSteps.iInputLoginPasswordValid(java.lang.String)&amp#27;[0m
18:24:23.271 [Darkroom Processing Line] DEBUG net.serenitybdd.core.photography.DarkroomProcessingLine - Processing screenshot image in /var/screenshots/screenshot-1859422490943692943
18:24:23.271 [Darkroom Processing Line] DEBUG net.serenitybdd.core.photography.DarkroomProcessingLine - Saving screenshot to target\site\serenity\44fa0aa493cf3a3837a7fab79c30bded8f584eda85d2cfd055a7ef5b4e3f0a4a.png
18:24:23.293 [main] DEBUG net.thucydides.core.steps.StepInterceptor - STARTING STEP: LoginSteps.iClickButtonLogin - clickButtonLogin
18:24:23.300 [Forwarding findElement on session 1fae4b3b130f3039ef4f7763c3a76f4c to remote] DEBUG org.asynchttpclient.netty.request.NettyRequestSender - Using pooled Channel '[id: 0x4198539a, L:/127.0.0.1:49569 - R:localhost/127.0.0.1:57913]' for 'POST' to 'http://localhost:57913/session/1fae4b3b130f3039ef4f7763c3a76f4c/element'
18:24:23.300 [Forwarding findElement on session 1fae4b3b130f3039ef4f7763c3a76f4c to remote] DEBUG org.asynchttpclient.netty.request.NettyRequestSender - Using open Channel [id: 0x4198539a, L:/127.0.0.1:49569 - R:localhost/127.0.0.1:57913] for POST '/session/1fae4b3b130f3039ef4f7763c3a76f4c/element'
18:24:23.373 [AsyncHttpClient-1-2] DEBUG org.asynchttpclient.netty.handler.HttpHandler - 

Request DefaultHttpRequest(decodeResult: success, version: HTTP/1.1)
POST /session/1fae4b3b130f3039ef4f7763c3a76f4c/element HTTP/1.1
User-Agent: selenium/4.1.4 (java windows)
Content-Length: 68
Content-Type: application/json; charset=utf-8
host: localhost:57913
accept: */*

Response DefaultHttpResponse(decodeResult: success, version: HTTP/1.1)
HTTP/1.1 200 OK
Content-Type: application/json; charset=utf-8
cache-control: no-cache
content-length: 88

18:24:23.373 [AsyncHttpClient-1-2] DEBUG org.asynchttpclient.netty.channel.ChannelManager - Adding key: http://localhost:57913 for channel [id: 0x4198539a, L:/127.0.0.1:49569 - R:localhost/127.0.0.1:57913]
18:24:23.375 [Forwarding getElementTagName on session 1fae4b3b130f3039ef4f7763c3a76f4c to remote] DEBUG org.asynchttpclient.netty.request.NettyRequestSender - Using pooled Channel '[id: 0x4198539a, L:/127.0.0.1:49569 - R:localhost/127.0.0.1:57913]' for 'GET' to 'http://localhost:57913/session/1fae4b3b130f3039ef4f7763c3a76f4c/element/d31f2c81-4795-4f33-9521-e81f778a26bd/name'
18:24:23.375 [Forwarding getElementTagName on session 1fae4b3b130f3039ef4f7763c3a76f4c to remote] DEBUG org.asynchttpclient.netty.request.NettyRequestSender - Using open Channel [id: 0x4198539a, L:/127.0.0.1:49569 - R:localhost/127.0.0.1:57913] for GET '/session/1fae4b3b130f3039ef4f7763c3a76f4c/element/d31f2c81-4795-4f33-9521-e81f778a26bd/name'
18:24:23.404 [AsyncHttpClient-1-2] DEBUG org.asynchttpclient.netty.handler.HttpHandler - 

Request DefaultFullHttpRequest(decodeResult: success, version: HTTP/1.1, content: EmptyByteBufBE)
GET /session/1fae4b3b130f3039ef4f7763c3a76f4c/element/d31f2c81-4795-4f33-9521-e81f778a26bd/name HTTP/1.1
User-Agent: selenium/4.1.4 (java windows)
Cache-Control: no-cache
Content-Type: application/json; charset=utf-8
host: localhost:57913
accept: */*

Response DefaultHttpResponse(decodeResult: success, version: HTTP/1.1)
HTTP/1.1 200 OK
Content-Type: application/json; charset=utf-8
cache-control: no-cache
content-length: 18

18:24:23.405 [AsyncHttpClient-1-2] DEBUG org.asynchttpclient.netty.channel.ChannelManager - Adding key: http://localhost:57913 for channel [id: 0x4198539a, L:/127.0.0.1:49569 - R:localhost/127.0.0.1:57913]
18:24:23.405 [Forwarding getElementTagName on session 1fae4b3b130f3039ef4f7763c3a76f4c to remote] DEBUG org.asynchttpclient.netty.request.NettyRequestSender - Using pooled Channel '[id: 0x4198539a, L:/127.0.0.1:49569 - R:localhost/127.0.0.1:57913]' for 'GET' to 'http://localhost:57913/session/1fae4b3b130f3039ef4f7763c3a76f4c/element/d31f2c81-4795-4f33-9521-e81f778a26bd/name'
18:24:23.405 [Forwarding getElementTagName on session 1fae4b3b130f3039ef4f7763c3a76f4c to remote] DEBUG org.asynchttpclient.netty.request.NettyRequestSender - Using open Channel [id: 0x4198539a, L:/127.0.0.1:49569 - R:localhost/127.0.0.1:57913] for GET '/session/1fae4b3b130f3039ef4f7763c3a76f4c/element/d31f2c81-4795-4f33-9521-e81f778a26bd/name'
18:24:23.427 [AsyncHttpClient-1-2] DEBUG org.asynchttpclient.netty.handler.HttpHandler - 

Request DefaultFullHttpRequest(decodeResult: success, version: HTTP/1.1, content: EmptyByteBufBE)
GET /session/1fae4b3b130f3039ef4f7763c3a76f4c/element/d31f2c81-4795-4f33-9521-e81f778a26bd/name HTTP/1.1
User-Agent: selenium/4.1.4 (java windows)
Cache-Control: no-cache
Content-Type: application/json; charset=utf-8
host: localhost:57913
accept: */*

Response DefaultHttpResponse(decodeResult: success, version: HTTP/1.1)
HTTP/1.1 200 OK
Content-Type: application/json; charset=utf-8
cache-control: no-cache
content-length: 18

18:24:23.427 [AsyncHttpClient-1-2] DEBUG org.asynchttpclient.netty.channel.ChannelManager - Adding key: http://localhost:57913 for channel [id: 0x4198539a, L:/127.0.0.1:49569 - R:localhost/127.0.0.1:57913]
18:24:23.430 [Forwarding isElementEnabled on session 1fae4b3b130f3039ef4f7763c3a76f4c to remote] DEBUG org.asynchttpclient.netty.request.NettyRequestSender - Using pooled Channel '[id: 0x4198539a, L:/127.0.0.1:49569 - R:localhost/127.0.0.1:57913]' for 'GET' to 'http://localhost:57913/session/1fae4b3b130f3039ef4f7763c3a76f4c/element/d31f2c81-4795-4f33-9521-e81f778a26bd/enabled'
18:24:23.430 [Forwarding isElementEnabled on session 1fae4b3b130f3039ef4f7763c3a76f4c to remote] DEBUG org.asynchttpclient.netty.request.NettyRequestSender - Using open Channel [id: 0x4198539a, L:/127.0.0.1:49569 - R:localhost/127.0.0.1:57913] for GET '/session/1fae4b3b130f3039ef4f7763c3a76f4c/element/d31f2c81-4795-4f33-9521-e81f778a26bd/enabled'
18:24:23.444 [AsyncHttpClient-1-2] DEBUG org.asynchttpclient.netty.handler.HttpHandler - 

Request DefaultFullHttpRequest(decodeResult: success, version: HTTP/1.1, content: EmptyByteBufBE)
GET /session/1fae4b3b130f3039ef4f7763c3a76f4c/element/d31f2c81-4795-4f33-9521-e81f778a26bd/enabled HTTP/1.1
User-Agent: selenium/4.1.4 (java windows)
Cache-Control: no-cache
Content-Type: application/json; charset=utf-8
host: localhost:57913
accept: */*

Response DefaultHttpResponse(decodeResult: success, version: HTTP/1.1)
HTTP/1.1 200 OK
Content-Type: application/json; charset=utf-8
cache-control: no-cache
content-length: 14

18:24:23.444 [AsyncHttpClient-1-2] DEBUG org.asynchttpclient.netty.channel.ChannelManager - Adding key: http://localhost:57913 for channel [id: 0x4198539a, L:/127.0.0.1:49569 - R:localhost/127.0.0.1:57913]
18:24:23.446 [Forwarding isElementEnabled on session 1fae4b3b130f3039ef4f7763c3a76f4c to remote] DEBUG org.asynchttpclient.netty.request.NettyRequestSender - Using pooled Channel '[id: 0x4198539a, L:/127.0.0.1:49569 - R:localhost/127.0.0.1:57913]' for 'GET' to 'http://localhost:57913/session/1fae4b3b130f3039ef4f7763c3a76f4c/element/d31f2c81-4795-4f33-9521-e81f778a26bd/enabled'
18:24:23.446 [Forwarding isElementEnabled on session 1fae4b3b130f3039ef4f7763c3a76f4c to remote] DEBUG org.asynchttpclient.netty.request.NettyRequestSender - Using open Channel [id: 0x4198539a, L:/127.0.0.1:49569 - R:localhost/127.0.0.1:57913] for GET '/session/1fae4b3b130f3039ef4f7763c3a76f4c/element/d31f2c81-4795-4f33-9521-e81f778a26bd/enabled'
18:24:23.453 [AsyncHttpClient-1-2] DEBUG org.asynchttpclient.netty.handler.HttpHandler - 

Request DefaultFullHttpRequest(decodeResult: success, version: HTTP/1.1, content: EmptyByteBufBE)
GET /session/1fae4b3b130f3039ef4f7763c3a76f4c/element/d31f2c81-4795-4f33-9521-e81f778a26bd/enabled HTTP/1.1
User-Agent: selenium/4.1.4 (java windows)
Cache-Control: no-cache
Content-Type: application/json; charset=utf-8
host: localhost:57913
accept: */*

Response DefaultHttpResponse(decodeResult: success, version: HTTP/1.1)
HTTP/1.1 200 OK
Content-Type: application/json; charset=utf-8
cache-control: no-cache
content-length: 14

18:24:23.453 [AsyncHttpClient-1-2] DEBUG org.asynchttpclient.netty.channel.ChannelManager - Adding key: http://localhost:57913 for channel [id: 0x4198539a, L:/127.0.0.1:49569 - R:localhost/127.0.0.1:57913]
18:24:23.453 [Forwarding findElement on session 1fae4b3b130f3039ef4f7763c3a76f4c to remote] DEBUG org.asynchttpclient.netty.request.NettyRequestSender - Using pooled Channel '[id: 0x4198539a, L:/127.0.0.1:49569 - R:localhost/127.0.0.1:57913]' for 'POST' to 'http://localhost:57913/session/1fae4b3b130f3039ef4f7763c3a76f4c/element'
18:24:23.453 [Forwarding findElement on session 1fae4b3b130f3039ef4f7763c3a76f4c to remote] DEBUG org.asynchttpclient.netty.request.NettyRequestSender - Using open Channel [id: 0x4198539a, L:/127.0.0.1:49569 - R:localhost/127.0.0.1:57913] for POST '/session/1fae4b3b130f3039ef4f7763c3a76f4c/element'
18:24:23.470 [AsyncHttpClient-1-2] DEBUG org.asynchttpclient.netty.handler.HttpHandler - 

Request DefaultHttpRequest(decodeResult: success, version: HTTP/1.1)
POST /session/1fae4b3b130f3039ef4f7763c3a76f4c/element HTTP/1.1
User-Agent: selenium/4.1.4 (java windows)
Content-Length: 68
Content-Type: application/json; charset=utf-8
host: localhost:57913
accept: */*

Response DefaultHttpResponse(decodeResult: success, version: HTTP/1.1)
HTTP/1.1 200 OK
Content-Type: application/json; charset=utf-8
cache-control: no-cache
content-length: 88

18:24:23.470 [AsyncHttpClient-1-2] DEBUG org.asynchttpclient.netty.channel.ChannelManager - Adding key: http://localhost:57913 for channel [id: 0x4198539a, L:/127.0.0.1:49569 - R:localhost/127.0.0.1:57913]
18:24:23.470 [Forwarding clickElement on session 1fae4b3b130f3039ef4f7763c3a76f4c to remote] DEBUG org.asynchttpclient.netty.request.NettyRequestSender - Using pooled Channel '[id: 0x4198539a, L:/127.0.0.1:49569 - R:localhost/127.0.0.1:57913]' for 'POST' to 'http://localhost:57913/session/1fae4b3b130f3039ef4f7763c3a76f4c/element/d31f2c81-4795-4f33-9521-e81f778a26bd/click'
18:24:23.470 [Forwarding clickElement on session 1fae4b3b130f3039ef4f7763c3a76f4c to remote] DEBUG org.asynchttpclient.netty.request.NettyRequestSender - Using open Channel [id: 0x4198539a, L:/127.0.0.1:49569 - R:localhost/127.0.0.1:57913] for POST '/session/1fae4b3b130f3039ef4f7763c3a76f4c/element/d31f2c81-4795-4f33-9521-e81f778a26bd/click'
18:24:23.538 [AsyncHttpClient-1-2] DEBUG org.asynchttpclient.netty.handler.HttpHandler - 

Request DefaultHttpRequest(decodeResult: success, version: HTTP/1.1)
POST /session/1fae4b3b130f3039ef4f7763c3a76f4c/element/d31f2c81-4795-4f33-9521-e81f778a26bd/click HTTP/1.1
User-Agent: selenium/4.1.4 (java windows)
Content-Length: 50
Content-Type: application/json; charset=utf-8
host: localhost:57913
accept: */*

Response DefaultHttpResponse(decodeResult: success, version: HTTP/1.1)
HTTP/1.1 200 OK
Content-Type: application/json; charset=utf-8
cache-control: no-cache
content-length: 14

18:24:23.538 [AsyncHttpClient-1-2] DEBUG org.asynchttpclient.netty.channel.ChannelManager - Adding key: http://localhost:57913 for channel [id: 0x4198539a, L:/127.0.0.1:49569 - R:localhost/127.0.0.1:57913]
18:24:23.549 [Forwarding screenshot on session 1fae4b3b130f3039ef4f7763c3a76f4c to remote] DEBUG org.asynchttpclient.netty.request.NettyRequestSender - Using pooled Channel '[id: 0x4198539a, L:/127.0.0.1:49569 - R:localhost/127.0.0.1:57913]' for 'GET' to 'http://localhost:57913/session/1fae4b3b130f3039ef4f7763c3a76f4c/screenshot'
18:24:23.549 [Forwarding screenshot on session 1fae4b3b130f3039ef4f7763c3a76f4c to remote] DEBUG org.asynchttpclient.netty.request.NettyRequestSender - Using open Channel [id: 0x4198539a, L:/127.0.0.1:49569 - R:localhost/127.0.0.1:57913] for GET '/session/1fae4b3b130f3039ef4f7763c3a76f4c/screenshot'
18:24:23.637 [AsyncHttpClient-1-1] DEBUG org.asynchttpclient.netty.channel.DefaultChannelPool - Entry count for : http://localhost:49570 : 1
18:24:23.852 [AsyncHttpClient-1-2] DEBUG org.asynchttpclient.netty.handler.HttpHandler - 

Request DefaultFullHttpRequest(decodeResult: success, version: HTTP/1.1, content: EmptyByteBufBE)
GET /session/1fae4b3b130f3039ef4f7763c3a76f4c/screenshot HTTP/1.1
User-Agent: selenium/4.1.4 (java windows)
Cache-Control: no-cache
Content-Type: application/json; charset=utf-8
host: localhost:57913
accept: */*

Response DefaultHttpResponse(decodeResult: success, version: HTTP/1.1)
HTTP/1.1 200 OK
Content-Type: application/json; charset=utf-8
cache-control: no-cache
content-length: 342712

18:24:23.854 [AsyncHttpClient-1-2] DEBUG org.asynchttpclient.netty.channel.ChannelManager - Adding key: http://localhost:57913 for channel [id: 0x4198539a, L:/127.0.0.1:49569 - R:localhost/127.0.0.1:57913]
18:24:23.862 [main] DEBUG net.serenitybdd.core.photography.Darkroom - Send negative for processing for target\site\serenity\b3cad8c5c56fb72a70cf69a0210d0028ef1ca857e6dcd321f96fcbfecd0798df.png
18:24:23.862 [main] DEBUG net.thucydides.core.steps.StepInterceptor - STEP DONE: clickButtonLogin
18:24:23.862 [Darkroom Processing Line] DEBUG net.serenitybdd.core.photography.DarkroomProcessingLine - Processing screenshot image in /var/screenshots/screenshot-16592040002818839843
18:24:23.862 [Darkroom Processing Line] DEBUG net.serenitybdd.core.photography.DarkroomProcessingLine - Saving screenshot to target\site\serenity\b3cad8c5c56fb72a70cf69a0210d0028ef1ca857e6dcd321f96fcbfecd0798df.png
18:24:24.745 [AsyncHttpClient-1-1] DEBUG org.asynchttpclient.netty.channel.DefaultChannelPool - Entry count for : http://localhost:57913 : 1
18:24:24.745 [AsyncHttpClient-1-1] DEBUG org.asynchttpclient.netty.channel.DefaultChannelPool - Entry count for : http://localhost:49570 : 1
  &amp#27;[32mWhen &amp#27;[0m&amp#27;[32mI click button login&amp#27;[0m                             &amp#27;[90m# starter.stepdefinitios.LoginSteps.iClickButtonLogin()&amp#27;[0m
18:24:24.879 [Forwarding screenshot on session 1fae4b3b130f3039ef4f7763c3a76f4c to remote] DEBUG org.asynchttpclient.netty.request.NettyRequestSender - Using pooled Channel '[id: 0x4198539a, L:/127.0.0.1:49569 - R:localhost/127.0.0.1:57913]' for 'GET' to 'http://localhost:57913/session/1fae4b3b130f3039ef4f7763c3a76f4c/screenshot'
18:24:24.879 [Forwarding screenshot on session 1fae4b3b130f3039ef4f7763c3a76f4c to remote] DEBUG org.asynchttpclient.netty.request.NettyRequestSender - Using open Channel [id: 0x4198539a, L:/127.0.0.1:49569 - R:localhost/127.0.0.1:57913] for GET '/session/1fae4b3b130f3039ef4f7763c3a76f4c/screenshot'
18:24:25.164 [AsyncHttpClient-1-2] DEBUG org.asynchttpclient.netty.handler.HttpHandler - 

Request DefaultFullHttpRequest(decodeResult: success, version: HTTP/1.1, content: EmptyByteBufBE)
GET /session/1fae4b3b130f3039ef4f7763c3a76f4c/screenshot HTTP/1.1
User-Agent: selenium/4.1.4 (java windows)
Cache-Control: no-cache
Content-Type: application/json; charset=utf-8
host: localhost:57913
accept: */*

Response DefaultHttpResponse(decodeResult: success, version: HTTP/1.1)
HTTP/1.1 200 OK
Content-Type: application/json; charset=utf-8
cache-control: no-cache
content-length: 313128

18:24:25.166 [AsyncHttpClient-1-2] DEBUG org.asynchttpclient.netty.channel.ChannelManager - Adding key: http://localhost:57913 for channel [id: 0x4198539a, L:/127.0.0.1:49569 - R:localhost/127.0.0.1:57913]
18:24:25.182 [main] DEBUG net.serenitybdd.core.photography.Darkroom - Send negative for processing for target\site\serenity\15fdf367d22d3d7260b709ab0eb9c8317ac78a7d8caead64b93777202f10be90.png
18:24:25.183 [Darkroom Processing Line] DEBUG net.serenitybdd.core.photography.DarkroomProcessingLine - Processing screenshot image in /var/screenshots/screenshot-10074248574644799224
18:24:25.183 [Darkroom Processing Line] DEBUG net.serenitybdd.core.photography.DarkroomProcessingLine - Saving screenshot to target\site\serenity\15fdf367d22d3d7260b709ab0eb9c8317ac78a7d8caead64b93777202f10be90.png
18:24:25.843 [AsyncHttpClient-1-1] DEBUG org.asynchttpclient.netty.channel.DefaultChannelPool - Entry count for : http://localhost:57913 : 1
18:24:25.843 [AsyncHttpClient-1-1] DEBUG org.asynchttpclient.netty.channel.DefaultChannelPool - Entry count for : http://localhost:49570 : 1
18:24:26.942 [AsyncHttpClient-1-1] DEBUG org.asynchttpclient.netty.channel.DefaultChannelPool - Entry count for : http://localhost:57913 : 1
18:24:26.942 [AsyncHttpClient-1-1] DEBUG org.asynchttpclient.netty.channel.DefaultChannelPool - Entry count for : http://localhost:49570 : 1
18:24:28.041 [AsyncHttpClient-1-1] DEBUG org.asynchttpclient.netty.channel.DefaultChannelPool - Entry count for : http://localhost:57913 : 1
18:24:28.041 [AsyncHttpClient-1-1] DEBUG org.asynchttpclient.netty.channel.DefaultChannelPool - Entry count for : http://localhost:49570 : 1
18:24:29.141 [AsyncHttpClient-1-1] DEBUG org.asynchttpclient.netty.channel.DefaultChannelPool - Entry count for : http://localhost:57913 : 1
18:24:29.141 [AsyncHttpClient-1-1] DEBUG org.asynchttpclient.netty.channel.DefaultChannelPool - Entry count for : http://localhost:49570 : 1
18:24:30.197 [Forwarding findElement on session 1fae4b3b130f3039ef4f7763c3a76f4c to remote] DEBUG org.asynchttpclient.netty.request.NettyRequestSender - Using pooled Channel '[id: 0x4198539a, L:/127.0.0.1:49569 - R:localhost/127.0.0.1:57913]' for 'POST' to 'http://localhost:57913/session/1fae4b3b130f3039ef4f7763c3a76f4c/element'
18:24:30.197 [Forwarding findElement on session 1fae4b3b130f3039ef4f7763c3a76f4c to remote] DEBUG org.asynchttpclient.netty.request.NettyRequestSender - Using open Channel [id: 0x4198539a, L:/127.0.0.1:49569 - R:localhost/127.0.0.1:57913] for POST '/session/1fae4b3b130f3039ef4f7763c3a76f4c/element'
18:24:30.209 [AsyncHttpClient-1-2] DEBUG org.asynchttpclient.netty.handler.HttpHandler - 

Request DefaultHttpRequest(decodeResult: success, version: HTTP/1.1)
POST /session/1fae4b3b130f3039ef4f7763c3a76f4c/element HTTP/1.1
User-Agent: selenium/4.1.4 (java windows)
Content-Length: 68
Content-Type: application/json; charset=utf-8
host: localhost:57913
accept: */*

Response DefaultHttpResponse(decodeResult: success, version: HTTP/1.1)
HTTP/1.1 200 OK
Content-Type: application/json; charset=utf-8
cache-control: no-cache
content-length: 88

18:24:30.209 [AsyncHttpClient-1-2] DEBUG org.asynchttpclient.netty.channel.ChannelManager - Adding key: http://localhost:57913 for channel [id: 0x4198539a, L:/127.0.0.1:49569 - R:localhost/127.0.0.1:57913]
18:24:30.211 [Forwarding isElementEnabled on session 1fae4b3b130f3039ef4f7763c3a76f4c to remote] DEBUG org.asynchttpclient.netty.request.NettyRequestSender - Using pooled Channel '[id: 0x4198539a, L:/127.0.0.1:49569 - R:localhost/127.0.0.1:57913]' for 'GET' to 'http://localhost:57913/session/1fae4b3b130f3039ef4f7763c3a76f4c/element/6b78d011-f454-40f7-89b8-e8d95d07ae62/enabled'
18:24:30.211 [Forwarding isElementEnabled on session 1fae4b3b130f3039ef4f7763c3a76f4c to remote] DEBUG org.asynchttpclient.netty.request.NettyRequestSender - Using open Channel [id: 0x4198539a, L:/127.0.0.1:49569 - R:localhost/127.0.0.1:57913] for GET '/session/1fae4b3b130f3039ef4f7763c3a76f4c/element/6b78d011-f454-40f7-89b8-e8d95d07ae62/enabled'
18:24:30.219 [AsyncHttpClient-1-2] DEBUG org.asynchttpclient.netty.handler.HttpHandler - 

Request DefaultFullHttpRequest(decodeResult: success, version: HTTP/1.1, content: EmptyByteBufBE)
GET /session/1fae4b3b130f3039ef4f7763c3a76f4c/element/6b78d011-f454-40f7-89b8-e8d95d07ae62/enabled HTTP/1.1
User-Agent: selenium/4.1.4 (java windows)
Cache-Control: no-cache
Content-Type: application/json; charset=utf-8
host: localhost:57913
accept: */*

Response DefaultHttpResponse(decodeResult: success, version: HTTP/1.1)
HTTP/1.1 200 OK
Content-Type: application/json; charset=utf-8
cache-control: no-cache
content-length: 14

18:24:30.219 [AsyncHttpClient-1-2] DEBUG org.asynchttpclient.netty.channel.ChannelManager - Adding key: http://localhost:57913 for channel [id: 0x4198539a, L:/127.0.0.1:49569 - R:localhost/127.0.0.1:57913]
18:24:30.236 [AsyncHttpClient-1-1] DEBUG org.asynchttpclient.netty.channel.DefaultChannelPool - Entry count for : http://localhost:57913 : 1
18:24:30.236 [AsyncHttpClient-1-1] DEBUG org.asynchttpclient.netty.channel.DefaultChannelPool - Entry count for : http://localhost:49570 : 1
18:24:30.735 [Forwarding screenshot on session 1fae4b3b130f3039ef4f7763c3a76f4c to remote] DEBUG org.asynchttpclient.netty.request.NettyRequestSender - Using pooled Channel '[id: 0x4198539a, L:/127.0.0.1:49569 - R:localhost/127.0.0.1:57913]' for 'GET' to 'http://localhost:57913/session/1fae4b3b130f3039ef4f7763c3a76f4c/screenshot'
18:24:30.735 [Forwarding screenshot on session 1fae4b3b130f3039ef4f7763c3a76f4c to remote] DEBUG org.asynchttpclient.netty.request.NettyRequestSender - Using open Channel [id: 0x4198539a, L:/127.0.0.1:49569 - R:localhost/127.0.0.1:57913] for GET '/session/1fae4b3b130f3039ef4f7763c3a76f4c/screenshot'
18:24:30.969 [AsyncHttpClient-1-2] DEBUG org.asynchttpclient.netty.handler.HttpHandler - 

Request DefaultFullHttpRequest(decodeResult: success, version: HTTP/1.1, content: EmptyByteBufBE)
GET /session/1fae4b3b130f3039ef4f7763c3a76f4c/screenshot HTTP/1.1
User-Agent: selenium/4.1.4 (java windows)
Cache-Control: no-cache
Content-Type: application/json; charset=utf-8
host: localhost:57913
accept: */*

Response DefaultHttpResponse(decodeResult: success, version: HTTP/1.1)
HTTP/1.1 200 OK
Content-Type: application/json; charset=utf-8
cache-control: no-cache
content-length: 301044

18:24:30.986 [AsyncHttpClient-1-2] DEBUG org.asynchttpclient.netty.channel.ChannelManager - Adding key: http://localhost:57913 for channel [id: 0x4198539a, L:/127.0.0.1:49569 - R:localhost/127.0.0.1:57913]
18:24:30.986 [main] DEBUG net.serenitybdd.core.photography.Darkroom - Send negative for processing for target\site\serenity\163e386af0b12517552a74a3d5043b94e8c0f9215c0f21d464e3b04d27a0859d.png
18:24:31.001 [Darkroom Processing Line] DEBUG net.serenitybdd.core.photography.DarkroomProcessingLine - Processing screenshot image in /var/screenshots/screenshot-6414105867643634461
18:24:31.001 [main] DEBUG net.thucydides.core.steps.StepInterceptor - STARTING STEP: LoginSteps.loginValidationInvalid - clickButtonErrorOK
18:24:31.001 [Darkroom Processing Line] DEBUG net.serenitybdd.core.photography.DarkroomProcessingLine - Saving screenshot to target\site\serenity\163e386af0b12517552a74a3d5043b94e8c0f9215c0f21d464e3b04d27a0859d.png
18:24:31.008 [Forwarding findElement on session 1fae4b3b130f3039ef4f7763c3a76f4c to remote] DEBUG org.asynchttpclient.netty.request.NettyRequestSender - Using pooled Channel '[id: 0x4198539a, L:/127.0.0.1:49569 - R:localhost/127.0.0.1:57913]' for 'POST' to 'http://localhost:57913/session/1fae4b3b130f3039ef4f7763c3a76f4c/element'
18:24:31.008 [Forwarding findElement on session 1fae4b3b130f3039ef4f7763c3a76f4c to remote] DEBUG org.asynchttpclient.netty.request.NettyRequestSender - Using open Channel [id: 0x4198539a, L:/127.0.0.1:49569 - R:localhost/127.0.0.1:57913] for POST '/session/1fae4b3b130f3039ef4f7763c3a76f4c/element'
18:24:31.028 [AsyncHttpClient-1-2] DEBUG org.asynchttpclient.netty.handler.HttpHandler - 

Request DefaultHttpRequest(decodeResult: success, version: HTTP/1.1)
POST /session/1fae4b3b130f3039ef4f7763c3a76f4c/element HTTP/1.1
User-Agent: selenium/4.1.4 (java windows)
Content-Length: 88
Content-Type: application/json; charset=utf-8
host: localhost:57913
accept: */*

Response DefaultHttpResponse(decodeResult: success, version: HTTP/1.1)
HTTP/1.1 200 OK
Content-Type: application/json; charset=utf-8
cache-control: no-cache
content-length: 88

18:24:31.028 [AsyncHttpClient-1-2] DEBUG org.asynchttpclient.netty.channel.ChannelManager - Adding key: http://localhost:57913 for channel [id: 0x4198539a, L:/127.0.0.1:49569 - R:localhost/127.0.0.1:57913]
18:24:31.028 [Forwarding getElementTagName on session 1fae4b3b130f3039ef4f7763c3a76f4c to remote] DEBUG org.asynchttpclient.netty.request.NettyRequestSender - Using pooled Channel '[id: 0x4198539a, L:/127.0.0.1:49569 - R:localhost/127.0.0.1:57913]' for 'GET' to 'http://localhost:57913/session/1fae4b3b130f3039ef4f7763c3a76f4c/element/90a9c7c6-e6f0-4b82-b209-c1d94b9118bb/name'
18:24:31.028 [Forwarding getElementTagName on session 1fae4b3b130f3039ef4f7763c3a76f4c to remote] DEBUG org.asynchttpclient.netty.request.NettyRequestSender - Using open Channel [id: 0x4198539a, L:/127.0.0.1:49569 - R:localhost/127.0.0.1:57913] for GET '/session/1fae4b3b130f3039ef4f7763c3a76f4c/element/90a9c7c6-e6f0-4b82-b209-c1d94b9118bb/name'
18:24:31.038 [AsyncHttpClient-1-2] DEBUG org.asynchttpclient.netty.handler.HttpHandler - 

Request DefaultFullHttpRequest(decodeResult: success, version: HTTP/1.1, content: EmptyByteBufBE)
GET /session/1fae4b3b130f3039ef4f7763c3a76f4c/element/90a9c7c6-e6f0-4b82-b209-c1d94b9118bb/name HTTP/1.1
User-Agent: selenium/4.1.4 (java windows)
Cache-Control: no-cache
Content-Type: application/json; charset=utf-8
host: localhost:57913
accept: */*

Response DefaultHttpResponse(decodeResult: success, version: HTTP/1.1)
HTTP/1.1 200 OK
Content-Type: application/json; charset=utf-8
cache-control: no-cache
content-length: 18

18:24:31.038 [AsyncHttpClient-1-2] DEBUG org.asynchttpclient.netty.channel.ChannelManager - Adding key: http://localhost:57913 for channel [id: 0x4198539a, L:/127.0.0.1:49569 - R:localhost/127.0.0.1:57913]
18:24:31.039 [Forwarding getElementTagName on session 1fae4b3b130f3039ef4f7763c3a76f4c to remote] DEBUG org.asynchttpclient.netty.request.NettyRequestSender - Using pooled Channel '[id: 0x4198539a, L:/127.0.0.1:49569 - R:localhost/127.0.0.1:57913]' for 'GET' to 'http://localhost:57913/session/1fae4b3b130f3039ef4f7763c3a76f4c/element/90a9c7c6-e6f0-4b82-b209-c1d94b9118bb/name'
18:24:31.039 [Forwarding getElementTagName on session 1fae4b3b130f3039ef4f7763c3a76f4c to remote] DEBUG org.asynchttpclient.netty.request.NettyRequestSender - Using open Channel [id: 0x4198539a, L:/127.0.0.1:49569 - R:localhost/127.0.0.1:57913] for GET '/session/1fae4b3b130f3039ef4f7763c3a76f4c/element/90a9c7c6-e6f0-4b82-b209-c1d94b9118bb/name'
18:24:31.048 [AsyncHttpClient-1-2] DEBUG org.asynchttpclient.netty.handler.HttpHandler - 

Request DefaultFullHttpRequest(decodeResult: success, version: HTTP/1.1, content: EmptyByteBufBE)
GET /session/1fae4b3b130f3039ef4f7763c3a76f4c/element/90a9c7c6-e6f0-4b82-b209-c1d94b9118bb/name HTTP/1.1
User-Agent: selenium/4.1.4 (java windows)
Cache-Control: no-cache
Content-Type: application/json; charset=utf-8
host: localhost:57913
accept: */*

Response DefaultHttpResponse(decodeResult: success, version: HTTP/1.1)
HTTP/1.1 200 OK
Content-Type: application/json; charset=utf-8
cache-control: no-cache
content-length: 18

18:24:31.048 [AsyncHttpClient-1-2] DEBUG org.asynchttpclient.netty.channel.ChannelManager - Adding key: http://localhost:57913 for channel [id: 0x4198539a, L:/127.0.0.1:49569 - R:localhost/127.0.0.1:57913]
18:24:31.049 [Forwarding isElementEnabled on session 1fae4b3b130f3039ef4f7763c3a76f4c to remote] DEBUG org.asynchttpclient.netty.request.NettyRequestSender - Using pooled Channel '[id: 0x4198539a, L:/127.0.0.1:49569 - R:localhost/127.0.0.1:57913]' for 'GET' to 'http://localhost:57913/session/1fae4b3b130f3039ef4f7763c3a76f4c/element/90a9c7c6-e6f0-4b82-b209-c1d94b9118bb/enabled'
18:24:31.049 [Forwarding isElementEnabled on session 1fae4b3b130f3039ef4f7763c3a76f4c to remote] DEBUG org.asynchttpclient.netty.request.NettyRequestSender - Using open Channel [id: 0x4198539a, L:/127.0.0.1:49569 - R:localhost/127.0.0.1:57913] for GET '/session/1fae4b3b130f3039ef4f7763c3a76f4c/element/90a9c7c6-e6f0-4b82-b209-c1d94b9118bb/enabled'
18:24:31.067 [AsyncHttpClient-1-2] DEBUG org.asynchttpclient.netty.handler.HttpHandler - 

Request DefaultFullHttpRequest(decodeResult: success, version: HTTP/1.1, content: EmptyByteBufBE)
GET /session/1fae4b3b130f3039ef4f7763c3a76f4c/element/90a9c7c6-e6f0-4b82-b209-c1d94b9118bb/enabled HTTP/1.1
User-Agent: selenium/4.1.4 (java windows)
Cache-Control: no-cache
Content-Type: application/json; charset=utf-8
host: localhost:57913
accept: */*

Response DefaultHttpResponse(decodeResult: success, version: HTTP/1.1)
HTTP/1.1 200 OK
Content-Type: application/json; charset=utf-8
cache-control: no-cache
content-length: 14

18:24:31.067 [AsyncHttpClient-1-2] DEBUG org.asynchttpclient.netty.channel.ChannelManager - Adding key: http://localhost:57913 for channel [id: 0x4198539a, L:/127.0.0.1:49569 - R:localhost/127.0.0.1:57913]
18:24:31.067 [Forwarding isElementEnabled on session 1fae4b3b130f3039ef4f7763c3a76f4c to remote] DEBUG org.asynchttpclient.netty.request.NettyRequestSender - Using pooled Channel '[id: 0x4198539a, L:/127.0.0.1:49569 - R:localhost/127.0.0.1:57913]' for 'GET' to 'http://localhost:57913/session/1fae4b3b130f3039ef4f7763c3a76f4c/element/90a9c7c6-e6f0-4b82-b209-c1d94b9118bb/enabled'
18:24:31.067 [Forwarding isElementEnabled on session 1fae4b3b130f3039ef4f7763c3a76f4c to remote] DEBUG org.asynchttpclient.netty.request.NettyRequestSender - Using open Channel [id: 0x4198539a, L:/127.0.0.1:49569 - R:localhost/127.0.0.1:57913] for GET '/session/1fae4b3b130f3039ef4f7763c3a76f4c/element/90a9c7c6-e6f0-4b82-b209-c1d94b9118bb/enabled'
18:24:31.080 [AsyncHttpClient-1-2] DEBUG org.asynchttpclient.netty.handler.HttpHandler - 

Request DefaultFullHttpRequest(decodeResult: success, version: HTTP/1.1, content: EmptyByteBufBE)
GET /session/1fae4b3b130f3039ef4f7763c3a76f4c/element/90a9c7c6-e6f0-4b82-b209-c1d94b9118bb/enabled HTTP/1.1
User-Agent: selenium/4.1.4 (java windows)
Cache-Control: no-cache
Content-Type: application/json; charset=utf-8
host: localhost:57913
accept: */*

Response DefaultHttpResponse(decodeResult: success, version: HTTP/1.1)
HTTP/1.1 200 OK
Content-Type: application/json; charset=utf-8
cache-control: no-cache
content-length: 14

18:24:31.081 [AsyncHttpClient-1-2] DEBUG org.asynchttpclient.netty.channel.ChannelManager - Adding key: http://localhost:57913 for channel [id: 0x4198539a, L:/127.0.0.1:49569 - R:localhost/127.0.0.1:57913]
18:24:31.081 [Forwarding findElement on session 1fae4b3b130f3039ef4f7763c3a76f4c to remote] DEBUG org.asynchttpclient.netty.request.NettyRequestSender - Using pooled Channel '[id: 0x4198539a, L:/127.0.0.1:49569 - R:localhost/127.0.0.1:57913]' for 'POST' to 'http://localhost:57913/session/1fae4b3b130f3039ef4f7763c3a76f4c/element'
18:24:31.081 [Forwarding findElement on session 1fae4b3b130f3039ef4f7763c3a76f4c to remote] DEBUG org.asynchttpclient.netty.request.NettyRequestSender - Using open Channel [id: 0x4198539a, L:/127.0.0.1:49569 - R:localhost/127.0.0.1:57913] for POST '/session/1fae4b3b130f3039ef4f7763c3a76f4c/element'
18:24:31.107 [AsyncHttpClient-1-2] DEBUG org.asynchttpclient.netty.handler.HttpHandler - 

Request DefaultHttpRequest(decodeResult: success, version: HTTP/1.1)
POST /session/1fae4b3b130f3039ef4f7763c3a76f4c/element HTTP/1.1
User-Agent: selenium/4.1.4 (java windows)
Content-Length: 88
Content-Type: application/json; charset=utf-8
host: localhost:57913
accept: */*

Response DefaultHttpResponse(decodeResult: success, version: HTTP/1.1)
HTTP/1.1 200 OK
Content-Type: application/json; charset=utf-8
cache-control: no-cache
content-length: 88

18:24:31.108 [AsyncHttpClient-1-2] DEBUG org.asynchttpclient.netty.channel.ChannelManager - Adding key: http://localhost:57913 for channel [id: 0x4198539a, L:/127.0.0.1:49569 - R:localhost/127.0.0.1:57913]
18:24:31.113 [Forwarding clickElement on session 1fae4b3b130f3039ef4f7763c3a76f4c to remote] DEBUG org.asynchttpclient.netty.request.NettyRequestSender - Using pooled Channel '[id: 0x4198539a, L:/127.0.0.1:49569 - R:localhost/127.0.0.1:57913]' for 'POST' to 'http://localhost:57913/session/1fae4b3b130f3039ef4f7763c3a76f4c/element/90a9c7c6-e6f0-4b82-b209-c1d94b9118bb/click'
18:24:31.113 [Forwarding clickElement on session 1fae4b3b130f3039ef4f7763c3a76f4c to remote] DEBUG org.asynchttpclient.netty.request.NettyRequestSender - Using open Channel [id: 0x4198539a, L:/127.0.0.1:49569 - R:localhost/127.0.0.1:57913] for POST '/session/1fae4b3b130f3039ef4f7763c3a76f4c/element/90a9c7c6-e6f0-4b82-b209-c1d94b9118bb/click'
18:24:31.365 [AsyncHttpClient-1-2] DEBUG org.asynchttpclient.netty.handler.HttpHandler - 

Request DefaultHttpRequest(decodeResult: success, version: HTTP/1.1)
POST /session/1fae4b3b130f3039ef4f7763c3a76f4c/element/90a9c7c6-e6f0-4b82-b209-c1d94b9118bb/click HTTP/1.1
User-Agent: selenium/4.1.4 (java windows)
Content-Length: 50
Content-Type: application/json; charset=utf-8
host: localhost:57913
accept: */*

Response DefaultHttpResponse(decodeResult: success, version: HTTP/1.1)
HTTP/1.1 200 OK
Content-Type: application/json; charset=utf-8
cache-control: no-cache
content-length: 14

18:24:31.365 [AsyncHttpClient-1-2] DEBUG org.asynchttpclient.netty.channel.ChannelManager - Adding key: http://localhost:57913 for channel [id: 0x4198539a, L:/127.0.0.1:49569 - R:localhost/127.0.0.1:57913]
18:24:31.374 [Forwarding screenshot on session 1fae4b3b130f3039ef4f7763c3a76f4c to remote] DEBUG org.asynchttpclient.netty.request.NettyRequestSender - Using pooled Channel '[id: 0x4198539a, L:/127.0.0.1:49569 - R:localhost/127.0.0.1:57913]' for 'GET' to 'http://localhost:57913/session/1fae4b3b130f3039ef4f7763c3a76f4c/screenshot'
18:24:31.374 [Forwarding screenshot on session 1fae4b3b130f3039ef4f7763c3a76f4c to remote] DEBUG org.asynchttpclient.netty.request.NettyRequestSender - Using open Channel [id: 0x4198539a, L:/127.0.0.1:49569 - R:localhost/127.0.0.1:57913] for GET '/session/1fae4b3b130f3039ef4f7763c3a76f4c/screenshot'
18:24:31.393 [AsyncHttpClient-1-1] DEBUG org.asynchttpclient.netty.channel.DefaultChannelPool - Entry count for : http://localhost:49570 : 1
18:24:31.681 [AsyncHttpClient-1-2] DEBUG org.asynchttpclient.netty.handler.HttpHandler - 

Request DefaultFullHttpRequest(decodeResult: success, version: HTTP/1.1, content: EmptyByteBufBE)
GET /session/1fae4b3b130f3039ef4f7763c3a76f4c/screenshot HTTP/1.1
User-Agent: selenium/4.1.4 (java windows)
Cache-Control: no-cache
Content-Type: application/json; charset=utf-8
host: localhost:57913
accept: */*

Response DefaultHttpResponse(decodeResult: success, version: HTTP/1.1)
HTTP/1.1 200 OK
Content-Type: application/json; charset=utf-8
cache-control: no-cache
content-length: 76948

18:24:31.681 [AsyncHttpClient-1-2] DEBUG org.asynchttpclient.netty.channel.ChannelManager - Adding key: http://localhost:57913 for channel [id: 0x4198539a, L:/127.0.0.1:49569 - R:localhost/127.0.0.1:57913]
18:24:31.681 [main] DEBUG net.serenitybdd.core.photography.Darkroom - Send negative for processing for target\site\serenity\9a1745f6556d432eff85c343197fe7f6479c46ff293231af6b6b3550aeeadf31.png
18:24:31.681 [main] DEBUG net.thucydides.core.steps.StepInterceptor - STEP DONE: clickButtonErrorOK
  &amp#27;[32mAnd &amp#27;[0m&amp#27;[32mLogin validation invalid&amp#27;[0m                          &amp#27;[90m# starter.stepdefinitios.LoginSteps.loginValidationInvalid()&amp#27;[0m
18:24:31.681 [Darkroom Processing Line] DEBUG net.serenitybdd.core.photography.DarkroomProcessingLine - Processing screenshot image in /var/screenshots/screenshot-4771958456535914520
18:24:31.681 [Darkroom Processing Line] DEBUG net.serenitybdd.core.photography.DarkroomProcessingLine - Saving screenshot to target\site\serenity\9a1745f6556d432eff85c343197fe7f6479c46ff293231af6b6b3550aeeadf31.png
18:24:32.447 [AsyncHttpClient-1-1] DEBUG org.asynchttpclient.netty.channel.DefaultChannelPool - Entry count for : http://localhost:57913 : 1
18:24:32.447 [AsyncHttpClient-1-1] DEBUG org.asynchttpclient.netty.channel.DefaultChannelPool - Entry count for : http://localhost:49570 : 1
18:24:33.535 [AsyncHttpClient-1-1] DEBUG org.asynchttpclient.netty.channel.DefaultChannelPool - Entry count for : http://localhost:57913 : 1
18:24:33.535 [AsyncHttpClient-1-1] DEBUG org.asynchttpclient.netty.channel.DefaultChannelPool - Entry count for : http://localhost:49570 : 1
18:24:34.649 [AsyncHttpClient-1-1] DEBUG org.asynchttpclient.netty.channel.DefaultChannelPool - Entry count for : http://localhost:57913 : 1
18:24:34.649 [AsyncHttpClient-1-1] DEBUG org.asynchttpclient.netty.channel.DefaultChannelPool - Entry count for : http://localhost:49570 : 1
18:24:35.737 [AsyncHttpClient-1-1] DEBUG org.asynchttpclient.netty.channel.DefaultChannelPool - Entry count for : http://localhost:57913 : 1
18:24:35.737 [AsyncHttpClient-1-1] DEBUG org.asynchttpclient.netty.channel.DefaultChannelPool - Entry count for : http://localhost:49570 : 1
18:24:36.837 [AsyncHttpClient-1-1] DEBUG org.asynchttpclient.netty.channel.DefaultChannelPool - Entry count for : http://localhost:57913 : 1
18:24:36.837 [AsyncHttpClient-1-1] DEBUG org.asynchttpclient.netty.channel.DefaultChannelPool - Entry count for : http://localhost:49570 : 1
18:24:36.979 [Forwarding screenshot on session 1fae4b3b130f3039ef4f7763c3a76f4c to remote] DEBUG org.asynchttpclient.netty.request.NettyRequestSender - Using pooled Channel '[id: 0x4198539a, L:/127.0.0.1:49569 - R:localhost/127.0.0.1:57913]' for 'GET' to 'http://localhost:57913/session/1fae4b3b130f3039ef4f7763c3a76f4c/screenshot'
18:24:36.979 [Forwarding screenshot on session 1fae4b3b130f3039ef4f7763c3a76f4c to remote] DEBUG org.asynchttpclient.netty.request.NettyRequestSender - Using open Channel [id: 0x4198539a, L:/127.0.0.1:49569 - R:localhost/127.0.0.1:57913] for GET '/session/1fae4b3b130f3039ef4f7763c3a76f4c/screenshot'
18:24:37.122 [AsyncHttpClient-1-2] DEBUG org.asynchttpclient.netty.handler.HttpHandler - 

Request DefaultFullHttpRequest(decodeResult: success, version: HTTP/1.1, content: EmptyByteBufBE)
GET /session/1fae4b3b130f3039ef4f7763c3a76f4c/screenshot HTTP/1.1
User-Agent: selenium/4.1.4 (java windows)
Cache-Control: no-cache
Content-Type: application/json; charset=utf-8
host: localhost:57913
accept: */*

Response DefaultHttpResponse(decodeResult: success, version: HTTP/1.1)
HTTP/1.1 200 OK
Content-Type: application/json; charset=utf-8
cache-control: no-cache
content-length: 78860

18:24:37.122 [AsyncHttpClient-1-2] DEBUG org.asynchttpclient.netty.channel.ChannelManager - Adding key: http://localhost:57913 for channel [id: 0x4198539a, L:/127.0.0.1:49569 - R:localhost/127.0.0.1:57913]
18:24:37.124 [main] DEBUG net.serenitybdd.core.photography.Darkroom - Send negative for processing for target\site\serenity\e3902e4e6d497170d59aa0c0c2930d955492166dca27ad580f2b08c08bf103aa.png
18:24:37.124 [Darkroom Processing Line] DEBUG net.serenitybdd.core.photography.DarkroomProcessingLine - Processing screenshot image in /var/screenshots/screenshot-4946664997608842182
18:24:37.124 [Darkroom Processing Line] DEBUG net.serenitybdd.core.photography.DarkroomProcessingLine - Saving screenshot to target\site\serenity\e3902e4e6d497170d59aa0c0c2930d955492166dca27ad580f2b08c08bf103aa.png
18:24:37.124 [main] DEBUG net.thucydides.core.steps.StepInterceptor - STARTING STEP: PatientDataSteps.clickButtonDataPasien - clickButtonDataPasien
18:24:37.174 [Forwarding findElement on session 1fae4b3b130f3039ef4f7763c3a76f4c to remote] DEBUG org.asynchttpclient.netty.request.NettyRequestSender - Using pooled Channel '[id: 0x4198539a, L:/127.0.0.1:49569 - R:localhost/127.0.0.1:57913]' for 'POST' to 'http://localhost:57913/session/1fae4b3b130f3039ef4f7763c3a76f4c/element'
18:24:37.174 [Forwarding findElement on session 1fae4b3b130f3039ef4f7763c3a76f4c to remote] DEBUG org.asynchttpclient.netty.request.NettyRequestSender - Using open Channel [id: 0x4198539a, L:/127.0.0.1:49569 - R:localhost/127.0.0.1:57913] for POST '/session/1fae4b3b130f3039ef4f7763c3a76f4c/element'
18:24:37.194 [AsyncHttpClient-1-2] DEBUG org.asynchttpclient.netty.handler.HttpHandler - 

Request DefaultHttpRequest(decodeResult: success, version: HTTP/1.1)
POST /session/1fae4b3b130f3039ef4f7763c3a76f4c/element HTTP/1.1
User-Agent: selenium/4.1.4 (java windows)
Content-Length: 114
Content-Type: application/json; charset=utf-8
host: localhost:57913
accept: */*

Response DefaultHttpResponse(decodeResult: success, version: HTTP/1.1)
HTTP/1.1 200 OK
Content-Type: application/json; charset=utf-8
cache-control: no-cache
content-length: 88

18:24:37.194 [AsyncHttpClient-1-2] DEBUG org.asynchttpclient.netty.channel.ChannelManager - Adding key: http://localhost:57913 for channel [id: 0x4198539a, L:/127.0.0.1:49569 - R:localhost/127.0.0.1:57913]
18:24:37.198 [Forwarding getElementTagName on session 1fae4b3b130f3039ef4f7763c3a76f4c to remote] DEBUG org.asynchttpclient.netty.request.NettyRequestSender - Using pooled Channel '[id: 0x4198539a, L:/127.0.0.1:49569 - R:localhost/127.0.0.1:57913]' for 'GET' to 'http://localhost:57913/session/1fae4b3b130f3039ef4f7763c3a76f4c/element/11205daa-412f-401d-974e-74459b61e870/name'
18:24:37.198 [Forwarding getElementTagName on session 1fae4b3b130f3039ef4f7763c3a76f4c to remote] DEBUG org.asynchttpclient.netty.request.NettyRequestSender - Using open Channel [id: 0x4198539a, L:/127.0.0.1:49569 - R:localhost/127.0.0.1:57913] for GET '/session/1fae4b3b130f3039ef4f7763c3a76f4c/element/11205daa-412f-401d-974e-74459b61e870/name'
18:24:37.203 [AsyncHttpClient-1-2] DEBUG org.asynchttpclient.netty.handler.HttpHandler - 

Request DefaultFullHttpRequest(decodeResult: success, version: HTTP/1.1, content: EmptyByteBufBE)
GET /session/1fae4b3b130f3039ef4f7763c3a76f4c/element/11205daa-412f-401d-974e-74459b61e870/name HTTP/1.1
User-Agent: selenium/4.1.4 (java windows)
Cache-Control: no-cache
Content-Type: application/json; charset=utf-8
host: localhost:57913
accept: */*

Response DefaultHttpResponse(decodeResult: success, version: HTTP/1.1)
HTTP/1.1 200 OK
Content-Type: application/json; charset=utf-8
cache-control: no-cache
content-length: 13

18:24:37.203 [AsyncHttpClient-1-2] DEBUG org.asynchttpclient.netty.channel.ChannelManager - Adding key: http://localhost:57913 for channel [id: 0x4198539a, L:/127.0.0.1:49569 - R:localhost/127.0.0.1:57913]
18:24:37.203 [Forwarding getElementTagName on session 1fae4b3b130f3039ef4f7763c3a76f4c to remote] DEBUG org.asynchttpclient.netty.request.NettyRequestSender - Using pooled Channel '[id: 0x4198539a, L:/127.0.0.1:49569 - R:localhost/127.0.0.1:57913]' for 'GET' to 'http://localhost:57913/session/1fae4b3b130f3039ef4f7763c3a76f4c/element/11205daa-412f-401d-974e-74459b61e870/name'
18:24:37.203 [Forwarding getElementTagName on session 1fae4b3b130f3039ef4f7763c3a76f4c to remote] DEBUG org.asynchttpclient.netty.request.NettyRequestSender - Using open Channel [id: 0x4198539a, L:/127.0.0.1:49569 - R:localhost/127.0.0.1:57913] for GET '/session/1fae4b3b130f3039ef4f7763c3a76f4c/element/11205daa-412f-401d-974e-74459b61e870/name'
18:24:37.211 [AsyncHttpClient-1-2] DEBUG org.asynchttpclient.netty.handler.HttpHandler - 

Request DefaultFullHttpRequest(decodeResult: success, version: HTTP/1.1, content: EmptyByteBufBE)
GET /session/1fae4b3b130f3039ef4f7763c3a76f4c/element/11205daa-412f-401d-974e-74459b61e870/name HTTP/1.1
User-Agent: selenium/4.1.4 (java windows)
Cache-Control: no-cache
Content-Type: application/json; charset=utf-8
host: localhost:57913
accept: */*

Response DefaultHttpResponse(decodeResult: success, version: HTTP/1.1)
HTTP/1.1 200 OK
Content-Type: application/json; charset=utf-8
cache-control: no-cache
content-length: 13

18:24:37.211 [AsyncHttpClient-1-2] DEBUG org.asynchttpclient.netty.channel.ChannelManager - Adding key: http://localhost:57913 for channel [id: 0x4198539a, L:/127.0.0.1:49569 - R:localhost/127.0.0.1:57913]
18:24:37.214 [Forwarding findElement on session 1fae4b3b130f3039ef4f7763c3a76f4c to remote] DEBUG org.asynchttpclient.netty.request.NettyRequestSender - Using pooled Channel '[id: 0x4198539a, L:/127.0.0.1:49569 - R:localhost/127.0.0.1:57913]' for 'POST' to 'http://localhost:57913/session/1fae4b3b130f3039ef4f7763c3a76f4c/element'
18:24:37.214 [Forwarding findElement on session 1fae4b3b130f3039ef4f7763c3a76f4c to remote] DEBUG org.asynchttpclient.netty.request.NettyRequestSender - Using open Channel [id: 0x4198539a, L:/127.0.0.1:49569 - R:localhost/127.0.0.1:57913] for POST '/session/1fae4b3b130f3039ef4f7763c3a76f4c/element'
18:24:37.224 [AsyncHttpClient-1-2] DEBUG org.asynchttpclient.netty.handler.HttpHandler - 

Request DefaultHttpRequest(decodeResult: success, version: HTTP/1.1)
POST /session/1fae4b3b130f3039ef4f7763c3a76f4c/element HTTP/1.1
User-Agent: selenium/4.1.4 (java windows)
Content-Length: 114
Content-Type: application/json; charset=utf-8
host: localhost:57913
accept: */*

Response DefaultHttpResponse(decodeResult: success, version: HTTP/1.1)
HTTP/1.1 200 OK
Content-Type: application/json; charset=utf-8
cache-control: no-cache
content-length: 88

18:24:37.224 [AsyncHttpClient-1-2] DEBUG org.asynchttpclient.netty.channel.ChannelManager - Adding key: http://localhost:57913 for channel [id: 0x4198539a, L:/127.0.0.1:49569 - R:localhost/127.0.0.1:57913]
18:24:37.226 [Forwarding clickElement on session 1fae4b3b130f3039ef4f7763c3a76f4c to remote] DEBUG org.asynchttpclient.netty.request.NettyRequestSender - Using pooled Channel '[id: 0x4198539a, L:/127.0.0.1:49569 - R:localhost/127.0.0.1:57913]' for 'POST' to 'http://localhost:57913/session/1fae4b3b130f3039ef4f7763c3a76f4c/element/11205daa-412f-401d-974e-74459b61e870/click'
18:24:37.226 [Forwarding clickElement on session 1fae4b3b130f3039ef4f7763c3a76f4c to remote] DEBUG org.asynchttpclient.netty.request.NettyRequestSender - Using open Channel [id: 0x4198539a, L:/127.0.0.1:49569 - R:localhost/127.0.0.1:57913] for POST '/session/1fae4b3b130f3039ef4f7763c3a76f4c/element/11205daa-412f-401d-974e-74459b61e870/click'
18:24:37.310 [AsyncHttpClient-1-2] DEBUG org.asynchttpclient.netty.handler.HttpHandler - 

Request DefaultHttpRequest(decodeResult: success, version: HTTP/1.1)
POST /session/1fae4b3b130f3039ef4f7763c3a76f4c/element/11205daa-412f-401d-974e-74459b61e870/click HTTP/1.1
User-Agent: selenium/4.1.4 (java windows)
Content-Length: 50
Content-Type: application/json; charset=utf-8
host: localhost:57913
accept: */*

Response DefaultHttpResponse(decodeResult: success, version: HTTP/1.1)
HTTP/1.1 200 OK
Content-Type: application/json; charset=utf-8
cache-control: no-cache
content-length: 14

18:24:37.310 [AsyncHttpClient-1-2] DEBUG org.asynchttpclient.netty.channel.ChannelManager - Adding key: http://localhost:57913 for channel [id: 0x4198539a, L:/127.0.0.1:49569 - R:localhost/127.0.0.1:57913]
18:24:37.317 [Forwarding screenshot on session 1fae4b3b130f3039ef4f7763c3a76f4c to remote] DEBUG org.asynchttpclient.netty.request.NettyRequestSender - Using pooled Channel '[id: 0x4198539a, L:/127.0.0.1:49569 - R:localhost/127.0.0.1:57913]' for 'GET' to 'http://localhost:57913/session/1fae4b3b130f3039ef4f7763c3a76f4c/screenshot'
18:24:37.317 [Forwarding screenshot on session 1fae4b3b130f3039ef4f7763c3a76f4c to remote] DEBUG org.asynchttpclient.netty.request.NettyRequestSender - Using open Channel [id: 0x4198539a, L:/127.0.0.1:49569 - R:localhost/127.0.0.1:57913] for GET '/session/1fae4b3b130f3039ef4f7763c3a76f4c/screenshot'
18:24:37.467 [AsyncHttpClient-1-2] DEBUG org.asynchttpclient.netty.handler.HttpHandler - 

Request DefaultFullHttpRequest(decodeResult: success, version: HTTP/1.1, content: EmptyByteBufBE)
GET /session/1fae4b3b130f3039ef4f7763c3a76f4c/screenshot HTTP/1.1
User-Agent: selenium/4.1.4 (java windows)
Cache-Control: no-cache
Content-Type: application/json; charset=utf-8
host: localhost:57913
accept: */*

Response DefaultHttpResponse(decodeResult: success, version: HTTP/1.1)
HTTP/1.1 200 OK
Content-Type: application/json; charset=utf-8
cache-control: no-cache
content-length: 115656

18:24:37.468 [AsyncHttpClient-1-2] DEBUG org.asynchttpclient.netty.channel.ChannelManager - Adding key: http://localhost:57913 for channel [id: 0x4198539a, L:/127.0.0.1:49569 - R:localhost/127.0.0.1:57913]
18:24:37.472 [main] DEBUG net.serenitybdd.core.photography.Darkroom - Send negative for processing for target\site\serenity\99c513d126029394b6711e3710fd6311aad85406bad0eecc078239842f974b81.png
18:24:37.472 [main] DEBUG net.thucydides.core.steps.StepInterceptor - STEP DONE: clickButtonDataPasien
  &amp#27;[32mThen &amp#27;[0m&amp#27;[32mClick button data pasien&amp#27;[0m                         &amp#27;[90m# starter.stepdefinitios.PatientDataSteps.clickButtonDataPasien()&amp#27;[0m
18:24:37.472 [Darkroom Processing Line] DEBUG net.serenitybdd.core.photography.DarkroomProcessingLine - Processing screenshot image in /var/screenshots/screenshot-3565144880543742835
18:24:37.472 [Darkroom Processing Line] DEBUG net.serenitybdd.core.photography.DarkroomProcessingLine - Saving screenshot to target\site\serenity\99c513d126029394b6711e3710fd6311aad85406bad0eecc078239842f974b81.png
18:24:37.936 [AsyncHttpClient-1-1] DEBUG org.asynchttpclient.netty.channel.DefaultChannelPool - Entry count for : http://localhost:57913 : 1
18:24:37.936 [AsyncHttpClient-1-1] DEBUG org.asynchttpclient.netty.channel.DefaultChannelPool - Entry count for : http://localhost:49570 : 1
18:24:39.039 [AsyncHttpClient-1-1] DEBUG org.asynchttpclient.netty.channel.DefaultChannelPool - Entry count for : http://localhost:57913 : 1
18:24:39.039 [AsyncHttpClient-1-1] DEBUG org.asynchttpclient.netty.channel.DefaultChannelPool - Entry count for : http://localhost:49570 : 1
18:24:40.139 [AsyncHttpClient-1-1] DEBUG org.asynchttpclient.netty.channel.DefaultChannelPool - Entry count for : http://localhost:57913 : 1
18:24:40.139 [AsyncHttpClient-1-1] DEBUG org.asynchttpclient.netty.channel.DefaultChannelPool - Entry count for : http://localhost:49570 : 1
18:24:40.518 [Forwarding screenshot on session 1fae4b3b130f3039ef4f7763c3a76f4c to remote] DEBUG org.asynchttpclient.netty.request.NettyRequestSender - Using pooled Channel '[id: 0x4198539a, L:/127.0.0.1:49569 - R:localhost/127.0.0.1:57913]' for 'GET' to 'http://localhost:57913/session/1fae4b3b130f3039ef4f7763c3a76f4c/screenshot'
18:24:40.518 [Forwarding screenshot on session 1fae4b3b130f3039ef4f7763c3a76f4c to remote] DEBUG org.asynchttpclient.netty.request.NettyRequestSender - Using open Channel [id: 0x4198539a, L:/127.0.0.1:49569 - R:localhost/127.0.0.1:57913] for GET '/session/1fae4b3b130f3039ef4f7763c3a76f4c/screenshot'
18:24:40.708 [AsyncHttpClient-1-2] DEBUG org.asynchttpclient.netty.handler.HttpHandler - 

Request DefaultFullHttpRequest(decodeResult: success, version: HTTP/1.1, content: EmptyByteBufBE)
GET /session/1fae4b3b130f3039ef4f7763c3a76f4c/screenshot HTTP/1.1
User-Agent: selenium/4.1.4 (java windows)
Cache-Control: no-cache
Content-Type: application/json; charset=utf-8
host: localhost:57913
accept: */*

Response DefaultHttpResponse(decodeResult: success, version: HTTP/1.1)
HTTP/1.1 200 OK
Content-Type: application/json; charset=utf-8
cache-control: no-cache
content-length: 77120

18:24:40.709 [AsyncHttpClient-1-2] DEBUG org.asynchttpclient.netty.channel.ChannelManager - Adding key: http://localhost:57913 for channel [id: 0x4198539a, L:/127.0.0.1:49569 - R:localhost/127.0.0.1:57913]
18:24:40.712 [main] DEBUG net.serenitybdd.core.photography.Darkroom - Send negative for processing for target\site\serenity\35c02247dd420339573d4e9dd44695f1ffa836eba39af3cd8cabf13eeb4c679e.png
18:24:40.712 [Darkroom Processing Line] DEBUG net.serenitybdd.core.photography.DarkroomProcessingLine - Processing screenshot image in /var/screenshots/screenshot-11020229654110392295
18:24:40.712 [Darkroom Processing Line] DEBUG net.serenitybdd.core.photography.DarkroomProcessingLine - Saving screenshot to target\site\serenity\35c02247dd420339573d4e9dd44695f1ffa836eba39af3cd8cabf13eeb4c679e.png
18:24:40.712 [main] DEBUG net.thucydides.core.steps.StepInterceptor - STARTING STEP: PatientDataSteps.viewPatientData - validPagePasien
18:24:40.718 [Forwarding findElement on session 1fae4b3b130f3039ef4f7763c3a76f4c to remote] DEBUG org.asynchttpclient.netty.request.NettyRequestSender - Using pooled Channel '[id: 0x4198539a, L:/127.0.0.1:49569 - R:localhost/127.0.0.1:57913]' for 'POST' to 'http://localhost:57913/session/1fae4b3b130f3039ef4f7763c3a76f4c/element'
18:24:40.718 [Forwarding findElement on session 1fae4b3b130f3039ef4f7763c3a76f4c to remote] DEBUG org.asynchttpclient.netty.request.NettyRequestSender - Using open Channel [id: 0x4198539a, L:/127.0.0.1:49569 - R:localhost/127.0.0.1:57913] for POST '/session/1fae4b3b130f3039ef4f7763c3a76f4c/element'
18:24:40.744 [AsyncHttpClient-1-2] DEBUG org.asynchttpclient.netty.handler.HttpHandler - 

Request DefaultHttpRequest(decodeResult: success, version: HTTP/1.1)
POST /session/1fae4b3b130f3039ef4f7763c3a76f4c/element HTTP/1.1
User-Agent: selenium/4.1.4 (java windows)
Content-Length: 126
Content-Type: application/json; charset=utf-8
host: localhost:57913
accept: */*

Response DefaultHttpResponse(decodeResult: success, version: HTTP/1.1)
HTTP/1.1 200 OK
Content-Type: application/json; charset=utf-8
cache-control: no-cache
content-length: 88

18:24:40.744 [AsyncHttpClient-1-2] DEBUG org.asynchttpclient.netty.channel.ChannelManager - Adding key: http://localhost:57913 for channel [id: 0x4198539a, L:/127.0.0.1:49569 - R:localhost/127.0.0.1:57913]
18:24:40.747 [Forwarding isElementEnabled on session 1fae4b3b130f3039ef4f7763c3a76f4c to remote] DEBUG org.asynchttpclient.netty.request.NettyRequestSender - Using pooled Channel '[id: 0x4198539a, L:/127.0.0.1:49569 - R:localhost/127.0.0.1:57913]' for 'GET' to 'http://localhost:57913/session/1fae4b3b130f3039ef4f7763c3a76f4c/element/9ea2b427-fbed-48b8-bce2-eb556406595a/enabled'
18:24:40.747 [Forwarding isElementEnabled on session 1fae4b3b130f3039ef4f7763c3a76f4c to remote] DEBUG org.asynchttpclient.netty.request.NettyRequestSender - Using open Channel [id: 0x4198539a, L:/127.0.0.1:49569 - R:localhost/127.0.0.1:57913] for GET '/session/1fae4b3b130f3039ef4f7763c3a76f4c/element/9ea2b427-fbed-48b8-bce2-eb556406595a/enabled'
18:24:40.761 [AsyncHttpClient-1-2] DEBUG org.asynchttpclient.netty.handler.HttpHandler - 

Request DefaultFullHttpRequest(decodeResult: success, version: HTTP/1.1, content: EmptyByteBufBE)
GET /session/1fae4b3b130f3039ef4f7763c3a76f4c/element/9ea2b427-fbed-48b8-bce2-eb556406595a/enabled HTTP/1.1
User-Agent: selenium/4.1.4 (java windows)
Cache-Control: no-cache
Content-Type: application/json; charset=utf-8
host: localhost:57913
accept: */*

Response DefaultHttpResponse(decodeResult: success, version: HTTP/1.1)
HTTP/1.1 200 OK
Content-Type: application/json; charset=utf-8
cache-control: no-cache
content-length: 14

18:24:40.761 [AsyncHttpClient-1-2] DEBUG org.asynchttpclient.netty.channel.ChannelManager - Adding key: http://localhost:57913 for channel [id: 0x4198539a, L:/127.0.0.1:49569 - R:localhost/127.0.0.1:57913]
18:24:40.769 [Forwarding screenshot on session 1fae4b3b130f3039ef4f7763c3a76f4c to remote] DEBUG org.asynchttpclient.netty.request.NettyRequestSender - Using pooled Channel '[id: 0x4198539a, L:/127.0.0.1:49569 - R:localhost/127.0.0.1:57913]' for 'GET' to 'http://localhost:57913/session/1fae4b3b130f3039ef4f7763c3a76f4c/screenshot'
18:24:40.769 [Forwarding screenshot on session 1fae4b3b130f3039ef4f7763c3a76f4c to remote] DEBUG org.asynchttpclient.netty.request.NettyRequestSender - Using open Channel [id: 0x4198539a, L:/127.0.0.1:49569 - R:localhost/127.0.0.1:57913] for GET '/session/1fae4b3b130f3039ef4f7763c3a76f4c/screenshot'
18:24:40.920 [AsyncHttpClient-1-2] DEBUG org.asynchttpclient.netty.handler.HttpHandler - 

Request DefaultFullHttpRequest(decodeResult: success, version: HTTP/1.1, content: EmptyByteBufBE)
GET /session/1fae4b3b130f3039ef4f7763c3a76f4c/screenshot HTTP/1.1
User-Agent: selenium/4.1.4 (java windows)
Cache-Control: no-cache
Content-Type: application/json; charset=utf-8
host: localhost:57913
accept: */*

Response DefaultHttpResponse(decodeResult: success, version: HTTP/1.1)
HTTP/1.1 200 OK
Content-Type: application/json; charset=utf-8
cache-control: no-cache
content-length: 77120

18:24:40.921 [AsyncHttpClient-1-2] DEBUG org.asynchttpclient.netty.channel.ChannelManager - Adding key: http://localhost:57913 for channel [id: 0x4198539a, L:/127.0.0.1:49569 - R:localhost/127.0.0.1:57913]
18:24:40.924 [main] DEBUG net.serenitybdd.core.photography.Darkroom - Send negative for processing for target\site\serenity\35c02247dd420339573d4e9dd44695f1ffa836eba39af3cd8cabf13eeb4c679e.png
18:24:40.928 [main] DEBUG net.thucydides.core.steps.StepInterceptor - STEP DONE: validPagePasien
  &amp#27;[32mAnd &amp#27;[0m&amp#27;[32mView Patient data&amp#27;[0m                                 &amp#27;[90m# starter.stepdefinitios.PatientDataSteps.viewPatientData()&amp#27;[0m
18:24:41.198 [Driver Command Executor] DEBUG org.asynchttpclient.netty.request.NettyRequestSender - Using pooled Channel '[id: 0x4198539a, L:/127.0.0.1:49569 - R:localhost/127.0.0.1:57913]' for 'DELETE' to 'http://localhost:57913/session/1fae4b3b130f3039ef4f7763c3a76f4c'
18:24:41.198 [Driver Command Executor] DEBUG org.asynchttpclient.netty.request.NettyRequestSender - Using open Channel [id: 0x4198539a, L:/127.0.0.1:49569 - R:localhost/127.0.0.1:57913] for DELETE '/session/1fae4b3b130f3039ef4f7763c3a76f4c'
18:24:41.201 [AsyncHttpClient-1-4] DEBUG org.asynchttpclient.netty.handler.WebSocketHandler - Channel Closed: [id: 0x57d43339, L:/127.0.0.1:49577 ! R:localhost/127.0.0.1:49570] with attribute NettyResponseFuture{currentRetry=5,
	isDone=1,
	isCancelled=0,
	asyncHandler=org.asynchttpclient.ws.WebSocketUpgradeHandler@456cb6d8,
	nettyRequest=org.asynchttpclient.netty.request.NettyRequest@6ec89c9,
	future=java.util.concurrent.CompletableFuture@2431e244[Completed normally],
	uri=ws://localhost:49570/devtools/browser/f75e5f94-c76f-4759-ab16-ef0c1b6ca4ff,
	keepAlive=true,
	redirectCount=0,
	timeoutsHolder=null,
	inAuth=0,
	touch=1658057058076}
18:24:41.216 [AsyncHttpClient-1-4] DEBUG org.asynchttpclient.netty.channel.ChannelManager - Closing Channel [id: 0x57d43339, L:/127.0.0.1:49577 ! R:localhost/127.0.0.1:49570] 
18:24:41.270 [AsyncHttpClient-1-1] DEBUG org.asynchttpclient.netty.channel.DefaultChannelPool - Entry count for : http://localhost:49570 : 1
18:24:41.321 [AsyncHttpClient-1-3] DEBUG org.asynchttpclient.netty.handler.HttpHandler - Unexpected I/O exception on channel [id: 0xd71f912b, L:/127.0.0.1:49576 - R:localhost/127.0.0.1:49570]
java.io.IOException: An existing connection was forcibly closed by the remote host
	at java.base/sun.nio.ch.SocketDispatcher.read0(Native Method)
	at java.base/sun.nio.ch.SocketDispatcher.read(SocketDispatcher.java:43)
	at java.base/sun.nio.ch.IOUtil.readIntoNativeBuffer(IOUtil.java:276)
	at java.base/sun.nio.ch.IOUtil.read(IOUtil.java:233)
	at java.base/sun.nio.ch.IOUtil.read(IOUtil.java:223)
	at java.base/sun.nio.ch.SocketChannelImpl.read(SocketChannelImpl.java:356)
	at io.netty.buffer.PooledByteBuf.setBytes(PooledByteBuf.java:258)
	at io.netty.buffer.AbstractByteBuf.writeBytes(AbstractByteBuf.java:1132)
	at io.netty.channel.socket.nio.NioSocketChannel.doReadBytes(NioSocketChannel.java:357)
	at io.netty.channel.nio.AbstractNioByteChannel$NioByteUnsafe.read(AbstractNioByteChannel.java:151)
	at io.netty.channel.nio.NioEventLoop.processSelectedKey(NioEventLoop.java:722)
	at io.netty.channel.nio.NioEventLoop.processSelectedKeysOptimized(NioEventLoop.java:658)
	at io.netty.channel.nio.NioEventLoop.processSelectedKeys(NioEventLoop.java:584)
	at io.netty.channel.nio.NioEventLoop.run(NioEventLoop.java:496)
	at io.netty.util.concurrent.SingleThreadEventExecutor$4.run(SingleThreadEventExecutor.java:986)
	at io.netty.util.internal.ThreadExecutorMap$2.run(ThreadExecutorMap.java:74)
	at io.netty.util.concurrent.FastThreadLocalRunnable.run(FastThreadLocalRunnable.java:30)
	at java.base/java.lang.Thread.run(Thread.java:829)
18:24:41.321 [AsyncHttpClient-1-3] DEBUG org.asynchttpclient.netty.channel.ChannelManager - Closing Channel [id: 0xd71f912b, L:/127.0.0.1:49576 - R:localhost/127.0.0.1:49570] 
18:24:41.321 [AsyncHttpClient-1-3] DEBUG org.asynchttpclient.netty.handler.HttpHandler - Channel Closed: [id: 0xd71f912b, L:/127.0.0.1:49576 ! R:localhost/127.0.0.1:49570] with attribute DISCARD
18:24:41.349 [AsyncHttpClient-1-2] DEBUG org.asynchttpclient.netty.handler.HttpHandler - 

Request DefaultFullHttpRequest(decodeResult: success, version: HTTP/1.1, content: EmptyByteBufBE)
DELETE /session/1fae4b3b130f3039ef4f7763c3a76f4c HTTP/1.1
User-Agent: selenium/4.1.4 (java windows)
Content-Type: application/json; charset=utf-8
host: localhost:57913
accept: */*

Response DefaultHttpResponse(decodeResult: success, version: HTTP/1.1)
HTTP/1.1 200 OK
Content-Type: application/json; charset=utf-8
cache-control: no-cache
content-length: 14

18:24:41.349 [AsyncHttpClient-1-2] DEBUG org.asynchttpclient.netty.channel.ChannelManager - Adding key: http://localhost:57913 for channel [id: 0x4198539a, L:/127.0.0.1:49569 - R:localhost/127.0.0.1:57913]
18:24:41.405 [AsyncHttpClient-1-2] DEBUG org.asynchttpclient.netty.handler.HttpHandler - Channel Closed: [id: 0x4198539a, L:/127.0.0.1:49569 ! R:localhost/127.0.0.1:57913] with attribute DISCARD
18:24:41.447 [main] INFO  - 
  _____   ___   ___   _____     ___     _     ___   ___   ___   ___  
 |_   _| | __| / __| |_   _|   | _ \   /_\   / __| / __| | __| |   \ 
   | |   | _|  \__ \   | |     |  _/  / _ \  \__ \ \__ \ | _|  | |) |
   |_|   |___| |___/   |_|     |_|   /_/ \_\ |___/ |___/ |___| |___/ 

As a admin i want to view data pasien
----------------------------------------------------------------------
]]></system-out>
    <system-err><![CDATA[Starting ChromeDriver 103.0.5060.53 (a1711811edd74ff1cf2150f36ffa3b0dae40b17f-refs/branch-heads/5060@{#853}) on port 57913
Only local connections are allowed.
Please see https://chromedriver.chromium.org/security-considerations for suggestions on keeping ChromeDriver safe.
ChromeDriver was started successfully.
Jul 17, 2022 6:24:17 PM org.openqa.selenium.remote.ProtocolHandshake createSession
INFO: Detected dialect: W3C
Jul 17, 2022 6:24:18 PM org.openqa.selenium.devtools.CdpVersionFinder findNearestMatch
WARNING: Unable to find an exact match for CDP version 103, so returning the closest version found: 101
Jul 17, 2022 6:24:18 PM org.openqa.selenium.devtools.CdpVersionFinder findNearestMatch
INFO: Found CDP implementation for version 103 of 101
]]></system-err>
  </testcase>
  <testcase name="As a admin i want to detail data pasien" classname="Data Pasien - Admin" time="28.243">
    <system-out><![CDATA[
@DataPasien111 @DetailPatientData
Scenario Outline: As a admin i want to detail data pasien &amp#27;[90m# src/test/resources/features/4DataPasien.feature:29&amp#27;[0m
18:24:41.514 [main] INFO io.cucumber.core.plugin.SerenityReporter - Running feature from file:///C:/Alterra/CapstoneBaru/QE/TestingWebUpdate/src/test/resources/features/4DataPasien.feature
18:24:41.514 [main] INFO  - 
  _____   ___   ___   _____     ___   _____     _     ___   _____   ___   ___  
 |_   _| | __| / __| |_   _|   / __| |_   _|   /_\   | _ \ |_   _| | __| |   \ 
   | |   | _|  \__ \   | |     \__ \   | |    / _ \  |   /   | |   | _|  | |) |
   |_|   |___| |___/   |_|     |___/   |_|   /_/ \_\ |_|_\   |_|   |___| |___/ 

As a admin i want to detail data pasien(data-pasien---admin;as-a-admin-i-want-to-detail-data-pasien)
--------------------------------------------------------------------------------
18:24:41.650 [main] DEBUG net.thucydides.core.steps.StepInterceptor - STARTING STEP: LoginSteps.openLoginPage - openLogin
18:24:41.780 [main] INFO net.serenitybdd.core.webdriver.driverproviders.ChromeDriverProvider - Using automatically driver download
18:24:42.345 [AsyncHttpClient-1-1] DEBUG org.asynchttpclient.netty.channel.DefaultChannelPool - Entry count for : http://localhost:57913 : 1
18:24:42.345 [AsyncHttpClient-1-1] DEBUG org.asynchttpclient.netty.channel.DefaultChannelPool - Entry count for : http://localhost:49570 : 1
18:24:42.345 [AsyncHttpClient-1-1] DEBUG org.asynchttpclient.netty.channel.DefaultChannelPool - Adding Candidate expired Channel [id: 0x4198539a, L:/127.0.0.1:49569 ! R:localhost/127.0.0.1:57913] isIdleTimeoutExpired=false isRemotelyClosed=true isTtlExpired=false
18:24:42.345 [AsyncHttpClient-1-1] DEBUG org.asynchttpclient.netty.channel.DefaultChannelPool - Closing Idle Channel [id: 0x4198539a, L:/127.0.0.1:49569 ! R:localhost/127.0.0.1:57913]
18:24:42.345 [AsyncHttpClient-1-1] DEBUG org.asynchttpclient.netty.channel.DefaultChannelPool - Adding Candidate expired Channel [id: 0xd71f912b, L:/127.0.0.1:49576 ! R:localhost/127.0.0.1:49570] isIdleTimeoutExpired=false isRemotelyClosed=true isTtlExpired=false
18:24:42.345 [AsyncHttpClient-1-1] DEBUG org.asynchttpclient.netty.channel.DefaultChannelPool - Closing Idle Channel [id: 0xd71f912b, L:/127.0.0.1:49576 ! R:localhost/127.0.0.1:49570]
18:24:42.345 [AsyncHttpClient-1-1] DEBUG org.asynchttpclient.netty.channel.DefaultChannelPool - Closed 2 connections out of 2 in 0 ms
18:24:42.752 [main] DEBUG io.github.bonigarcia.wdm.cache.ResolutionCache - Resolution chrome=103 in cache (valid until 18:54:33 17/07/2022 ICT)
18:24:42.801 [main] DEBUG io.github.bonigarcia.wdm.cache.ResolutionCache - Resolution chrome103=103.0.5060.53 in cache (valid until 17:54:33 18/07/2022 ICT)
18:24:42.816 [main] INFO io.github.bonigarcia.wdm.WebDriverManager - Using chromedriver 103.0.5060.53 (resolved driver for Chrome 103)
18:24:42.879 [main] DEBUG io.github.bonigarcia.wdm.WebDriverManager - Driver chromedriver 103.0.5060.53 found in cache
18:24:42.881 [main] INFO io.github.bonigarcia.wdm.WebDriverManager - Exporting webdriver.chrome.driver as C:\Users\Bagas Dwi Saputra\.cache\selenium\chromedriver\win32\103.0.5060.53\chromedriver.exe
18:24:43.599 [main] DEBUG net.serenitybdd.core.webdriver.driverproviders.ProvideNewDriver - Instantiating driver
18:24:43.599 [main] DEBUG net.serenitybdd.core.webdriver.driverproviders.ProvideNewDriver - Driver capabilities: Capabilities {acceptInsecureCerts: false, base.url: https://fanciful-trifle-360..., browserName: chrome, chorme.driver: src/test/resources/webdrive..., driver: chrome, goog:chromeOptions: {args: [], extensions: []}}
18:24:43.897 [AsyncHttpClient-1-5] DEBUG org.asynchttpclient.netty.channel.NettyConnectListener - Using new Channel '[id: 0xa57a1b7b, L:/127.0.0.1:49596 - R:localhost/127.0.0.1:50370]' for 'POST' to '/session'
18:24:44.697 [AsyncHttpClient-1-5] DEBUG org.asynchttpclient.netty.handler.HttpHandler - 

Request DefaultHttpRequest(decodeResult: success, version: HTTP/1.1)
POST /session HTTP/1.1
User-Agent: selenium/4.1.4 (java windows)
Content-Length: 629
Content-Type: application/json; charset=utf-8
host: localhost:50370
accept: */*

Response DefaultHttpResponse(decodeResult: success, version: HTTP/1.1)
HTTP/1.1 200 OK
Content-Type: application/json; charset=utf-8
cache-control: no-cache
content-length: 793

18:24:44.698 [AsyncHttpClient-1-5] DEBUG org.asynchttpclient.netty.channel.ChannelManager - Adding key: http://localhost:50370 for channel [id: 0xa57a1b7b, L:/127.0.0.1:49596 - R:localhost/127.0.0.1:50370]
18:24:44.709 [AsyncHttpClient-1-6] DEBUG org.asynchttpclient.netty.channel.NettyConnectListener - Using new Channel '[id: 0x518bee51, L:/127.0.0.1:49603 - R:localhost/127.0.0.1:49597]' for 'GET' to '/json/version'
18:24:44.714 [AsyncHttpClient-1-6] DEBUG org.asynchttpclient.netty.handler.HttpHandler - 

Request DefaultFullHttpRequest(decodeResult: success, version: HTTP/1.1, content: EmptyByteBufBE)
GET /json/version HTTP/1.1
User-Agent: selenium/4.1.4 (java windows)
host: localhost:49597
accept: */*

Response DefaultHttpResponse(decodeResult: success, version: HTTP/1.1)
HTTP/1.1 200 OK
Content-Type: application/json; charset=UTF-8
content-length: 429

18:24:44.714 [AsyncHttpClient-1-6] DEBUG org.asynchttpclient.netty.channel.ChannelManager - Adding key: http://localhost:49597 for channel [id: 0x518bee51, L:/127.0.0.1:49603 - R:localhost/127.0.0.1:49597]
18:24:44.720 [AsyncHttpClient-1-7] DEBUG org.asynchttpclient.netty.channel.NettyConnectListener - Using new Channel '[id: 0x9230556e, L:/127.0.0.1:49604 - R:localhost/127.0.0.1:49597]' for 'GET' to '/devtools/browser/3a0f3801-2932-4c05-b26b-7d80c1eb1d51'
18:24:44.723 [AsyncHttpClient-1-7] DEBUG org.asynchttpclient.netty.handler.WebSocketHandler - 

Request DefaultFullHttpRequest(decodeResult: success, version: HTTP/1.1, content: EmptyByteBufBE)
GET /devtools/browser/3a0f3801-2932-4c05-b26b-7d80c1eb1d51 HTTP/1.1
upgrade: websocket
connection: upgrade
sec-websocket-key: NBxQe9BHdwueJ12aT6p/kw==
sec-websocket-version: 13
origin: http://localhost:49597
host: localhost:49597
accept: */*
user-agent: AHC/2.1

Response DefaultHttpResponse(decodeResult: success, version: HTTP/1.1)
HTTP/1.1 101 WebSocket Protocol Handshake
Upgrade: WebSocket
Connection: Upgrade
Sec-WebSocket-Accept: lL7wxZ0Kf4pZsrdG/uqVxasFVgo=

18:24:44.731 [Forwarding get on session b509e97c800041d1036aedd7f35076d7 to remote] DEBUG org.asynchttpclient.netty.request.NettyRequestSender - Using pooled Channel '[id: 0xa57a1b7b, L:/127.0.0.1:49596 - R:localhost/127.0.0.1:50370]' for 'POST' to 'http://localhost:50370/session/b509e97c800041d1036aedd7f35076d7/url'
18:24:44.731 [Forwarding get on session b509e97c800041d1036aedd7f35076d7 to remote] DEBUG org.asynchttpclient.netty.request.NettyRequestSender - Using open Channel [id: 0xa57a1b7b, L:/127.0.0.1:49596 - R:localhost/127.0.0.1:50370] for POST '/session/b509e97c800041d1036aedd7f35076d7/url'
18:24:45.398 [AsyncHttpClient-1-5] DEBUG org.asynchttpclient.netty.handler.HttpHandler - 

Request DefaultHttpRequest(decodeResult: success, version: HTTP/1.1)
POST /session/b509e97c800041d1036aedd7f35076d7/url HTTP/1.1
User-Agent: selenium/4.1.4 (java windows)
Content-Length: 78
Content-Type: application/json; charset=utf-8
host: localhost:50370
accept: */*

Response DefaultHttpResponse(decodeResult: success, version: HTTP/1.1)
HTTP/1.1 200 OK
Content-Type: application/json; charset=utf-8
cache-control: no-cache
content-length: 14

18:24:45.398 [AsyncHttpClient-1-5] DEBUG org.asynchttpclient.netty.channel.ChannelManager - Adding key: http://localhost:50370 for channel [id: 0xa57a1b7b, L:/127.0.0.1:49596 - R:localhost/127.0.0.1:50370]
18:24:45.402 [Forwarding setTimeout on session b509e97c800041d1036aedd7f35076d7 to remote] DEBUG org.asynchttpclient.netty.request.NettyRequestSender - Using pooled Channel '[id: 0xa57a1b7b, L:/127.0.0.1:49596 - R:localhost/127.0.0.1:50370]' for 'POST' to 'http://localhost:50370/session/b509e97c800041d1036aedd7f35076d7/timeouts'
18:24:45.402 [Forwarding setTimeout on session b509e97c800041d1036aedd7f35076d7 to remote] DEBUG org.asynchttpclient.netty.request.NettyRequestSender - Using open Channel [id: 0xa57a1b7b, L:/127.0.0.1:49596 - R:localhost/127.0.0.1:50370] for POST '/session/b509e97c800041d1036aedd7f35076d7/timeouts'
18:24:45.406 [AsyncHttpClient-1-5] DEBUG org.asynchttpclient.netty.handler.HttpHandler - 

Request DefaultHttpRequest(decodeResult: success, version: HTTP/1.1)
POST /session/b509e97c800041d1036aedd7f35076d7/timeouts HTTP/1.1
User-Agent: selenium/4.1.4 (java windows)
Content-Length: 22
Content-Type: application/json; charset=utf-8
host: localhost:50370
accept: */*

Response DefaultHttpResponse(decodeResult: success, version: HTTP/1.1)
HTTP/1.1 200 OK
Content-Type: application/json; charset=utf-8
cache-control: no-cache
content-length: 14

18:24:45.407 [AsyncHttpClient-1-5] DEBUG org.asynchttpclient.netty.channel.ChannelManager - Adding key: http://localhost:50370 for channel [id: 0xa57a1b7b, L:/127.0.0.1:49596 - R:localhost/127.0.0.1:50370]
18:24:45.415 [Forwarding getCurrentUrl on session b509e97c800041d1036aedd7f35076d7 to remote] DEBUG org.asynchttpclient.netty.request.NettyRequestSender - Using pooled Channel '[id: 0xa57a1b7b, L:/127.0.0.1:49596 - R:localhost/127.0.0.1:50370]' for 'GET' to 'http://localhost:50370/session/b509e97c800041d1036aedd7f35076d7/url'
18:24:45.415 [Forwarding getCurrentUrl on session b509e97c800041d1036aedd7f35076d7 to remote] DEBUG org.asynchttpclient.netty.request.NettyRequestSender - Using open Channel [id: 0xa57a1b7b, L:/127.0.0.1:49596 - R:localhost/127.0.0.1:50370] for GET '/session/b509e97c800041d1036aedd7f35076d7/url'
18:24:45.480 [AsyncHttpClient-1-5] DEBUG org.asynchttpclient.netty.handler.HttpHandler - 

Request DefaultFullHttpRequest(decodeResult: success, version: HTTP/1.1, content: EmptyByteBufBE)
GET /session/b509e97c800041d1036aedd7f35076d7/url HTTP/1.1
User-Agent: selenium/4.1.4 (java windows)
Cache-Control: no-cache
Content-Type: application/json; charset=utf-8
host: localhost:50370
accept: */*

Response DefaultHttpResponse(decodeResult: success, version: HTTP/1.1)
HTTP/1.1 200 OK
Content-Type: application/json; charset=utf-8
cache-control: no-cache
content-length: 60

18:24:45.480 [AsyncHttpClient-1-5] DEBUG org.asynchttpclient.netty.channel.ChannelManager - Adding key: http://localhost:50370 for channel [id: 0xa57a1b7b, L:/127.0.0.1:49596 - R:localhost/127.0.0.1:50370]
18:24:45.487 [Forwarding screenshot on session b509e97c800041d1036aedd7f35076d7 to remote] DEBUG org.asynchttpclient.netty.request.NettyRequestSender - Using pooled Channel '[id: 0xa57a1b7b, L:/127.0.0.1:49596 - R:localhost/127.0.0.1:50370]' for 'GET' to 'http://localhost:50370/session/b509e97c800041d1036aedd7f35076d7/screenshot'
18:24:45.488 [Forwarding screenshot on session b509e97c800041d1036aedd7f35076d7 to remote] DEBUG org.asynchttpclient.netty.request.NettyRequestSender - Using open Channel [id: 0xa57a1b7b, L:/127.0.0.1:49596 - R:localhost/127.0.0.1:50370] for GET '/session/b509e97c800041d1036aedd7f35076d7/screenshot'
18:24:45.709 [AsyncHttpClient-1-1] DEBUG org.asynchttpclient.netty.channel.DefaultChannelPool - Entry count for : http://localhost:49597 : 1
18:24:45.795 [AsyncHttpClient-1-5] DEBUG org.asynchttpclient.netty.handler.HttpHandler - 

Request DefaultFullHttpRequest(decodeResult: success, version: HTTP/1.1, content: EmptyByteBufBE)
GET /session/b509e97c800041d1036aedd7f35076d7/screenshot HTTP/1.1
User-Agent: selenium/4.1.4 (java windows)
Cache-Control: no-cache
Content-Type: application/json; charset=utf-8
host: localhost:50370
accept: */*

Response DefaultHttpResponse(decodeResult: success, version: HTTP/1.1)
HTTP/1.1 200 OK
Content-Type: application/json; charset=utf-8
cache-control: no-cache
content-length: 380436

18:24:45.807 [AsyncHttpClient-1-5] DEBUG org.asynchttpclient.netty.channel.ChannelManager - Adding key: http://localhost:50370 for channel [id: 0xa57a1b7b, L:/127.0.0.1:49596 - R:localhost/127.0.0.1:50370]
18:24:45.824 [main] DEBUG net.serenitybdd.core.photography.Darkroom - Send negative for processing for target\site\serenity\d122c364c40ece9db0ad32cd97c3fcf63e95ba606118dda8d3e5a1d2b8235ce2.png
18:24:45.832 [main] DEBUG net.thucydides.core.steps.StepInterceptor - STEP DONE: openLogin
  &amp#27;[32mGiven &amp#27;[0m&amp#27;[32mOpen login page&amp#27;[0m                                   &amp#27;[90m# starter.stepdefinitios.LoginSteps.openLoginPage()&amp#27;[0m
18:24:46.353 [Forwarding findElement on session b509e97c800041d1036aedd7f35076d7 to remote] DEBUG org.asynchttpclient.netty.request.NettyRequestSender - Using pooled Channel '[id: 0xa57a1b7b, L:/127.0.0.1:49596 - R:localhost/127.0.0.1:50370]' for 'POST' to 'http://localhost:50370/session/b509e97c800041d1036aedd7f35076d7/element'
18:24:46.353 [Forwarding findElement on session b509e97c800041d1036aedd7f35076d7 to remote] DEBUG org.asynchttpclient.netty.request.NettyRequestSender - Using open Channel [id: 0xa57a1b7b, L:/127.0.0.1:49596 - R:localhost/127.0.0.1:50370] for POST '/session/b509e97c800041d1036aedd7f35076d7/element'
18:24:46.364 [AsyncHttpClient-1-5] DEBUG org.asynchttpclient.netty.handler.HttpHandler - 

Request DefaultHttpRequest(decodeResult: success, version: HTTP/1.1)
POST /session/b509e97c800041d1036aedd7f35076d7/element HTTP/1.1
User-Agent: selenium/4.1.4 (java windows)
Content-Length: 70
Content-Type: application/json; charset=utf-8
host: localhost:50370
accept: */*

Response DefaultHttpResponse(decodeResult: success, version: HTTP/1.1)
HTTP/1.1 200 OK
Content-Type: application/json; charset=utf-8
cache-control: no-cache
content-length: 88

18:24:46.364 [AsyncHttpClient-1-5] DEBUG org.asynchttpclient.netty.channel.ChannelManager - Adding key: http://localhost:50370 for channel [id: 0xa57a1b7b, L:/127.0.0.1:49596 - R:localhost/127.0.0.1:50370]
18:24:46.364 [Forwarding sendKeysToElement on session b509e97c800041d1036aedd7f35076d7 to remote] DEBUG org.asynchttpclient.netty.request.NettyRequestSender - Using pooled Channel '[id: 0xa57a1b7b, L:/127.0.0.1:49596 - R:localhost/127.0.0.1:50370]' for 'POST' to 'http://localhost:50370/session/b509e97c800041d1036aedd7f35076d7/element/7073c8b9-ef5d-4457-9038-ae459f24bf4f/value'
18:24:46.364 [Forwarding sendKeysToElement on session b509e97c800041d1036aedd7f35076d7 to remote] DEBUG org.asynchttpclient.netty.request.NettyRequestSender - Using open Channel [id: 0xa57a1b7b, L:/127.0.0.1:49596 - R:localhost/127.0.0.1:50370] for POST '/session/b509e97c800041d1036aedd7f35076d7/element/7073c8b9-ef5d-4457-9038-ae459f24bf4f/value'
18:24:46.444 [AsyncHttpClient-1-5] DEBUG org.asynchttpclient.netty.handler.HttpHandler - 

Request DefaultHttpRequest(decodeResult: success, version: HTTP/1.1)
POST /session/b509e97c800041d1036aedd7f35076d7/element/7073c8b9-ef5d-4457-9038-ae459f24bf4f/value HTTP/1.1
User-Agent: selenium/4.1.4 (java windows)
Content-Length: 131
Content-Type: application/json; charset=utf-8
host: localhost:50370
accept: */*

Response DefaultHttpResponse(decodeResult: success, version: HTTP/1.1)
HTTP/1.1 200 OK
Content-Type: application/json; charset=utf-8
cache-control: no-cache
content-length: 14

18:24:46.444 [AsyncHttpClient-1-5] DEBUG org.asynchttpclient.netty.channel.ChannelManager - Adding key: http://localhost:50370 for channel [id: 0xa57a1b7b, L:/127.0.0.1:49596 - R:localhost/127.0.0.1:50370]
  &amp#27;[32mAnd &amp#27;[0m&amp#27;[32mI input &amp#27;[0m&amp#27;[32m&amp#27;[1m"admin"&amp#27;[0m&amp#27;[32m login email valid&amp#27;[0m                   &amp#27;[90m# starter.stepdefinitios.LoginSteps.iInputLoginEmailValid(java.lang.String)&amp#27;[0m
18:24:46.449 [Forwarding screenshot on session b509e97c800041d1036aedd7f35076d7 to remote] DEBUG org.asynchttpclient.netty.request.NettyRequestSender - Using pooled Channel '[id: 0xa57a1b7b, L:/127.0.0.1:49596 - R:localhost/127.0.0.1:50370]' for 'GET' to 'http://localhost:50370/session/b509e97c800041d1036aedd7f35076d7/screenshot'
18:24:46.449 [Forwarding screenshot on session b509e97c800041d1036aedd7f35076d7 to remote] DEBUG org.asynchttpclient.netty.request.NettyRequestSender - Using open Channel [id: 0xa57a1b7b, L:/127.0.0.1:49596 - R:localhost/127.0.0.1:50370] for GET '/session/b509e97c800041d1036aedd7f35076d7/screenshot'
18:24:46.655 [AsyncHttpClient-1-5] DEBUG org.asynchttpclient.netty.handler.HttpHandler - 

Request DefaultFullHttpRequest(decodeResult: success, version: HTTP/1.1, content: EmptyByteBufBE)
GET /session/b509e97c800041d1036aedd7f35076d7/screenshot HTTP/1.1
User-Agent: selenium/4.1.4 (java windows)
Cache-Control: no-cache
Content-Type: application/json; charset=utf-8
host: localhost:50370
accept: */*

Response DefaultHttpResponse(decodeResult: success, version: HTTP/1.1)
HTTP/1.1 200 OK
Content-Type: application/json; charset=utf-8
cache-control: no-cache
content-length: 379420

18:24:46.685 [AsyncHttpClient-1-5] DEBUG org.asynchttpclient.netty.channel.ChannelManager - Adding key: http://localhost:50370 for channel [id: 0xa57a1b7b, L:/127.0.0.1:49596 - R:localhost/127.0.0.1:50370]
18:24:46.700 [main] DEBUG net.serenitybdd.core.photography.Darkroom - Send negative for processing for target\site\serenity\93df20195d3751dea78ac30a105f84d37c410e0341f58ded6fb231b5b47402e6.png
18:24:46.744 [AsyncHttpClient-1-1] DEBUG org.asynchttpclient.netty.channel.DefaultChannelPool - Entry count for : http://localhost:49597 : 1
18:24:46.744 [AsyncHttpClient-1-1] DEBUG org.asynchttpclient.netty.channel.DefaultChannelPool - Entry count for : http://localhost:50370 : 1
18:24:47.224 [Forwarding screenshot on session b509e97c800041d1036aedd7f35076d7 to remote] DEBUG org.asynchttpclient.netty.request.NettyRequestSender - Using pooled Channel '[id: 0xa57a1b7b, L:/127.0.0.1:49596 - R:localhost/127.0.0.1:50370]' for 'GET' to 'http://localhost:50370/session/b509e97c800041d1036aedd7f35076d7/screenshot'
18:24:47.224 [Forwarding screenshot on session b509e97c800041d1036aedd7f35076d7 to remote] DEBUG org.asynchttpclient.netty.request.NettyRequestSender - Using open Channel [id: 0xa57a1b7b, L:/127.0.0.1:49596 - R:localhost/127.0.0.1:50370] for GET '/session/b509e97c800041d1036aedd7f35076d7/screenshot'
18:24:47.405 [AsyncHttpClient-1-5] DEBUG org.asynchttpclient.netty.handler.HttpHandler - 

Request DefaultFullHttpRequest(decodeResult: success, version: HTTP/1.1, content: EmptyByteBufBE)
GET /session/b509e97c800041d1036aedd7f35076d7/screenshot HTTP/1.1
User-Agent: selenium/4.1.4 (java windows)
Cache-Control: no-cache
Content-Type: application/json; charset=utf-8
host: localhost:50370
accept: */*

Response DefaultHttpResponse(decodeResult: success, version: HTTP/1.1)
HTTP/1.1 200 OK
Content-Type: application/json; charset=utf-8
cache-control: no-cache
content-length: 379404

18:24:47.405 [AsyncHttpClient-1-5] DEBUG org.asynchttpclient.netty.channel.ChannelManager - Adding key: http://localhost:50370 for channel [id: 0xa57a1b7b, L:/127.0.0.1:49596 - R:localhost/127.0.0.1:50370]
18:24:47.439 [main] DEBUG net.serenitybdd.core.photography.Darkroom - Send negative for processing for target\site\serenity\f684e1524ced0278b0b6c6b37709a7cbfb8281aeb576b04a4743fda17448b798.png
18:24:47.440 [main] DEBUG net.thucydides.core.steps.StepInterceptor - STARTING STEP: LoginSteps.iInputLoginPasswordValid - inputPasswordLogin
18:24:47.441 [Forwarding findElement on session b509e97c800041d1036aedd7f35076d7 to remote] DEBUG org.asynchttpclient.netty.request.NettyRequestSender - Using pooled Channel '[id: 0xa57a1b7b, L:/127.0.0.1:49596 - R:localhost/127.0.0.1:50370]' for 'POST' to 'http://localhost:50370/session/b509e97c800041d1036aedd7f35076d7/element'
18:24:47.441 [Forwarding findElement on session b509e97c800041d1036aedd7f35076d7 to remote] DEBUG org.asynchttpclient.netty.request.NettyRequestSender - Using open Channel [id: 0xa57a1b7b, L:/127.0.0.1:49596 - R:localhost/127.0.0.1:50370] for POST '/session/b509e97c800041d1036aedd7f35076d7/element'
18:24:47.462 [AsyncHttpClient-1-5] DEBUG org.asynchttpclient.netty.handler.HttpHandler - 

Request DefaultHttpRequest(decodeResult: success, version: HTTP/1.1)
POST /session/b509e97c800041d1036aedd7f35076d7/element HTTP/1.1
User-Agent: selenium/4.1.4 (java windows)
Content-Length: 70
Content-Type: application/json; charset=utf-8
host: localhost:50370
accept: */*

Response DefaultHttpResponse(decodeResult: success, version: HTTP/1.1)
HTTP/1.1 200 OK
Content-Type: application/json; charset=utf-8
cache-control: no-cache
content-length: 88

18:24:47.462 [AsyncHttpClient-1-5] DEBUG org.asynchttpclient.netty.channel.ChannelManager - Adding key: http://localhost:50370 for channel [id: 0xa57a1b7b, L:/127.0.0.1:49596 - R:localhost/127.0.0.1:50370]
18:24:47.464 [Forwarding sendKeysToElement on session b509e97c800041d1036aedd7f35076d7 to remote] DEBUG org.asynchttpclient.netty.request.NettyRequestSender - Using pooled Channel '[id: 0xa57a1b7b, L:/127.0.0.1:49596 - R:localhost/127.0.0.1:50370]' for 'POST' to 'http://localhost:50370/session/b509e97c800041d1036aedd7f35076d7/element/a1ca0296-337d-410b-9d27-947ce8e00cb0/value'
18:24:47.464 [Forwarding sendKeysToElement on session b509e97c800041d1036aedd7f35076d7 to remote] DEBUG org.asynchttpclient.netty.request.NettyRequestSender - Using open Channel [id: 0xa57a1b7b, L:/127.0.0.1:49596 - R:localhost/127.0.0.1:50370] for POST '/session/b509e97c800041d1036aedd7f35076d7/element/a1ca0296-337d-410b-9d27-947ce8e00cb0/value'
18:24:47.549 [AsyncHttpClient-1-5] DEBUG org.asynchttpclient.netty.handler.HttpHandler - 

Request DefaultHttpRequest(decodeResult: success, version: HTTP/1.1)
POST /session/b509e97c800041d1036aedd7f35076d7/element/a1ca0296-337d-410b-9d27-947ce8e00cb0/value HTTP/1.1
User-Agent: selenium/4.1.4 (java windows)
Content-Length: 161
Content-Type: application/json; charset=utf-8
host: localhost:50370
accept: */*

Response DefaultHttpResponse(decodeResult: success, version: HTTP/1.1)
HTTP/1.1 200 OK
Content-Type: application/json; charset=utf-8
cache-control: no-cache
content-length: 14

18:24:47.549 [AsyncHttpClient-1-5] DEBUG org.asynchttpclient.netty.channel.ChannelManager - Adding key: http://localhost:50370 for channel [id: 0xa57a1b7b, L:/127.0.0.1:49596 - R:localhost/127.0.0.1:50370]
18:24:47.557 [Forwarding screenshot on session b509e97c800041d1036aedd7f35076d7 to remote] DEBUG org.asynchttpclient.netty.request.NettyRequestSender - Using pooled Channel '[id: 0xa57a1b7b, L:/127.0.0.1:49596 - R:localhost/127.0.0.1:50370]' for 'GET' to 'http://localhost:50370/session/b509e97c800041d1036aedd7f35076d7/screenshot'
18:24:47.557 [Forwarding screenshot on session b509e97c800041d1036aedd7f35076d7 to remote] DEBUG org.asynchttpclient.netty.request.NettyRequestSender - Using open Channel [id: 0xa57a1b7b, L:/127.0.0.1:49596 - R:localhost/127.0.0.1:50370] for GET '/session/b509e97c800041d1036aedd7f35076d7/screenshot'
18:24:47.766 [AsyncHttpClient-1-5] DEBUG org.asynchttpclient.netty.handler.HttpHandler - 

Request DefaultFullHttpRequest(decodeResult: success, version: HTTP/1.1, content: EmptyByteBufBE)
GET /session/b509e97c800041d1036aedd7f35076d7/screenshot HTTP/1.1
User-Agent: selenium/4.1.4 (java windows)
Cache-Control: no-cache
Content-Type: application/json; charset=utf-8
host: localhost:50370
accept: */*

Response DefaultHttpResponse(decodeResult: success, version: HTTP/1.1)
HTTP/1.1 200 OK
Content-Type: application/json; charset=utf-8
cache-control: no-cache
content-length: 377580

18:24:47.768 [AsyncHttpClient-1-5] DEBUG org.asynchttpclient.netty.channel.ChannelManager - Adding key: http://localhost:50370 for channel [id: 0xa57a1b7b, L:/127.0.0.1:49596 - R:localhost/127.0.0.1:50370]
18:24:47.769 [main] DEBUG net.serenitybdd.core.photography.Darkroom - Send negative for processing for target\site\serenity\44fa0aa493cf3a3837a7fab79c30bded8f584eda85d2cfd055a7ef5b4e3f0a4a.png
18:24:47.769 [main] DEBUG net.thucydides.core.steps.StepInterceptor - STEP DONE: inputPasswordLogin
  &amp#27;[32mAnd &amp#27;[0m&amp#27;[32mI input &amp#27;[0m&amp#27;[32m&amp#27;[1m"admin123"&amp#27;[0m&amp#27;[32m login password valid&amp#27;[0m             &amp#27;[90m# starter.stepdefinitios.LoginSteps.iInputLoginPasswordValid(java.lang.String)&amp#27;[0m
18:24:47.795 [main] DEBUG net.thucydides.core.steps.StepInterceptor - STARTING STEP: LoginSteps.iClickButtonLogin - clickButtonLogin
18:24:47.806 [Forwarding findElement on session b509e97c800041d1036aedd7f35076d7 to remote] DEBUG org.asynchttpclient.netty.request.NettyRequestSender - Using pooled Channel '[id: 0xa57a1b7b, L:/127.0.0.1:49596 - R:localhost/127.0.0.1:50370]' for 'POST' to 'http://localhost:50370/session/b509e97c800041d1036aedd7f35076d7/element'
18:24:47.806 [Forwarding findElement on session b509e97c800041d1036aedd7f35076d7 to remote] DEBUG org.asynchttpclient.netty.request.NettyRequestSender - Using open Channel [id: 0xa57a1b7b, L:/127.0.0.1:49596 - R:localhost/127.0.0.1:50370] for POST '/session/b509e97c800041d1036aedd7f35076d7/element'
18:24:47.822 [AsyncHttpClient-1-5] DEBUG org.asynchttpclient.netty.handler.HttpHandler - 

Request DefaultHttpRequest(decodeResult: success, version: HTTP/1.1)
POST /session/b509e97c800041d1036aedd7f35076d7/element HTTP/1.1
User-Agent: selenium/4.1.4 (java windows)
Content-Length: 68
Content-Type: application/json; charset=utf-8
host: localhost:50370
accept: */*

Response DefaultHttpResponse(decodeResult: success, version: HTTP/1.1)
HTTP/1.1 200 OK
Content-Type: application/json; charset=utf-8
cache-control: no-cache
content-length: 88

18:24:47.822 [AsyncHttpClient-1-5] DEBUG org.asynchttpclient.netty.channel.ChannelManager - Adding key: http://localhost:50370 for channel [id: 0xa57a1b7b, L:/127.0.0.1:49596 - R:localhost/127.0.0.1:50370]
18:24:47.824 [Forwarding getElementTagName on session b509e97c800041d1036aedd7f35076d7 to remote] DEBUG org.asynchttpclient.netty.request.NettyRequestSender - Using pooled Channel '[id: 0xa57a1b7b, L:/127.0.0.1:49596 - R:localhost/127.0.0.1:50370]' for 'GET' to 'http://localhost:50370/session/b509e97c800041d1036aedd7f35076d7/element/53f6b686-224e-4bd0-827f-13dcfa2b401f/name'
18:24:47.825 [Forwarding getElementTagName on session b509e97c800041d1036aedd7f35076d7 to remote] DEBUG org.asynchttpclient.netty.request.NettyRequestSender - Using open Channel [id: 0xa57a1b7b, L:/127.0.0.1:49596 - R:localhost/127.0.0.1:50370] for GET '/session/b509e97c800041d1036aedd7f35076d7/element/53f6b686-224e-4bd0-827f-13dcfa2b401f/name'
18:24:47.831 [AsyncHttpClient-1-5] DEBUG org.asynchttpclient.netty.handler.HttpHandler - 

Request DefaultFullHttpRequest(decodeResult: success, version: HTTP/1.1, content: EmptyByteBufBE)
GET /session/b509e97c800041d1036aedd7f35076d7/element/53f6b686-224e-4bd0-827f-13dcfa2b401f/name HTTP/1.1
User-Agent: selenium/4.1.4 (java windows)
Cache-Control: no-cache
Content-Type: application/json; charset=utf-8
host: localhost:50370
accept: */*

Response DefaultHttpResponse(decodeResult: success, version: HTTP/1.1)
HTTP/1.1 200 OK
Content-Type: application/json; charset=utf-8
cache-control: no-cache
content-length: 18

18:24:47.831 [AsyncHttpClient-1-5] DEBUG org.asynchttpclient.netty.channel.ChannelManager - Adding key: http://localhost:50370 for channel [id: 0xa57a1b7b, L:/127.0.0.1:49596 - R:localhost/127.0.0.1:50370]
18:24:47.834 [Forwarding getElementTagName on session b509e97c800041d1036aedd7f35076d7 to remote] DEBUG org.asynchttpclient.netty.request.NettyRequestSender - Using pooled Channel '[id: 0xa57a1b7b, L:/127.0.0.1:49596 - R:localhost/127.0.0.1:50370]' for 'GET' to 'http://localhost:50370/session/b509e97c800041d1036aedd7f35076d7/element/53f6b686-224e-4bd0-827f-13dcfa2b401f/name'
18:24:47.834 [Forwarding getElementTagName on session b509e97c800041d1036aedd7f35076d7 to remote] DEBUG org.asynchttpclient.netty.request.NettyRequestSender - Using open Channel [id: 0xa57a1b7b, L:/127.0.0.1:49596 - R:localhost/127.0.0.1:50370] for GET '/session/b509e97c800041d1036aedd7f35076d7/element/53f6b686-224e-4bd0-827f-13dcfa2b401f/name'
18:24:47.836 [AsyncHttpClient-1-1] DEBUG org.asynchttpclient.netty.channel.DefaultChannelPool - Entry count for : http://localhost:49597 : 1
18:24:47.840 [AsyncHttpClient-1-5] DEBUG org.asynchttpclient.netty.handler.HttpHandler - 

Request DefaultFullHttpRequest(decodeResult: success, version: HTTP/1.1, content: EmptyByteBufBE)
GET /session/b509e97c800041d1036aedd7f35076d7/element/53f6b686-224e-4bd0-827f-13dcfa2b401f/name HTTP/1.1
User-Agent: selenium/4.1.4 (java windows)
Cache-Control: no-cache
Content-Type: application/json; charset=utf-8
host: localhost:50370
accept: */*

Response DefaultHttpResponse(decodeResult: success, version: HTTP/1.1)
HTTP/1.1 200 OK
Content-Type: application/json; charset=utf-8
cache-control: no-cache
content-length: 18

18:24:47.840 [AsyncHttpClient-1-5] DEBUG org.asynchttpclient.netty.channel.ChannelManager - Adding key: http://localhost:50370 for channel [id: 0xa57a1b7b, L:/127.0.0.1:49596 - R:localhost/127.0.0.1:50370]
18:24:47.842 [Forwarding isElementEnabled on session b509e97c800041d1036aedd7f35076d7 to remote] DEBUG org.asynchttpclient.netty.request.NettyRequestSender - Using pooled Channel '[id: 0xa57a1b7b, L:/127.0.0.1:49596 - R:localhost/127.0.0.1:50370]' for 'GET' to 'http://localhost:50370/session/b509e97c800041d1036aedd7f35076d7/element/53f6b686-224e-4bd0-827f-13dcfa2b401f/enabled'
18:24:47.842 [Forwarding isElementEnabled on session b509e97c800041d1036aedd7f35076d7 to remote] DEBUG org.asynchttpclient.netty.request.NettyRequestSender - Using open Channel [id: 0xa57a1b7b, L:/127.0.0.1:49596 - R:localhost/127.0.0.1:50370] for GET '/session/b509e97c800041d1036aedd7f35076d7/element/53f6b686-224e-4bd0-827f-13dcfa2b401f/enabled'
18:24:47.855 [AsyncHttpClient-1-5] DEBUG org.asynchttpclient.netty.handler.HttpHandler - 

Request DefaultFullHttpRequest(decodeResult: success, version: HTTP/1.1, content: EmptyByteBufBE)
GET /session/b509e97c800041d1036aedd7f35076d7/element/53f6b686-224e-4bd0-827f-13dcfa2b401f/enabled HTTP/1.1
User-Agent: selenium/4.1.4 (java windows)
Cache-Control: no-cache
Content-Type: application/json; charset=utf-8
host: localhost:50370
accept: */*

Response DefaultHttpResponse(decodeResult: success, version: HTTP/1.1)
HTTP/1.1 200 OK
Content-Type: application/json; charset=utf-8
cache-control: no-cache
content-length: 14

18:24:47.856 [AsyncHttpClient-1-5] DEBUG org.asynchttpclient.netty.channel.ChannelManager - Adding key: http://localhost:50370 for channel [id: 0xa57a1b7b, L:/127.0.0.1:49596 - R:localhost/127.0.0.1:50370]
18:24:47.872 [Forwarding isElementEnabled on session b509e97c800041d1036aedd7f35076d7 to remote] DEBUG org.asynchttpclient.netty.request.NettyRequestSender - Using pooled Channel '[id: 0xa57a1b7b, L:/127.0.0.1:49596 - R:localhost/127.0.0.1:50370]' for 'GET' to 'http://localhost:50370/session/b509e97c800041d1036aedd7f35076d7/element/53f6b686-224e-4bd0-827f-13dcfa2b401f/enabled'
18:24:47.872 [Forwarding isElementEnabled on session b509e97c800041d1036aedd7f35076d7 to remote] DEBUG org.asynchttpclient.netty.request.NettyRequestSender - Using open Channel [id: 0xa57a1b7b, L:/127.0.0.1:49596 - R:localhost/127.0.0.1:50370] for GET '/session/b509e97c800041d1036aedd7f35076d7/element/53f6b686-224e-4bd0-827f-13dcfa2b401f/enabled'
18:24:47.892 [AsyncHttpClient-1-5] DEBUG org.asynchttpclient.netty.handler.HttpHandler - 

Request DefaultFullHttpRequest(decodeResult: success, version: HTTP/1.1, content: EmptyByteBufBE)
GET /session/b509e97c800041d1036aedd7f35076d7/element/53f6b686-224e-4bd0-827f-13dcfa2b401f/enabled HTTP/1.1
User-Agent: selenium/4.1.4 (java windows)
Cache-Control: no-cache
Content-Type: application/json; charset=utf-8
host: localhost:50370
accept: */*

Response DefaultHttpResponse(decodeResult: success, version: HTTP/1.1)
HTTP/1.1 200 OK
Content-Type: application/json; charset=utf-8
cache-control: no-cache
content-length: 14

18:24:47.892 [AsyncHttpClient-1-5] DEBUG org.asynchttpclient.netty.channel.ChannelManager - Adding key: http://localhost:50370 for channel [id: 0xa57a1b7b, L:/127.0.0.1:49596 - R:localhost/127.0.0.1:50370]
18:24:47.908 [Forwarding findElement on session b509e97c800041d1036aedd7f35076d7 to remote] DEBUG org.asynchttpclient.netty.request.NettyRequestSender - Using pooled Channel '[id: 0xa57a1b7b, L:/127.0.0.1:49596 - R:localhost/127.0.0.1:50370]' for 'POST' to 'http://localhost:50370/session/b509e97c800041d1036aedd7f35076d7/element'
18:24:47.908 [Forwarding findElement on session b509e97c800041d1036aedd7f35076d7 to remote] DEBUG org.asynchttpclient.netty.request.NettyRequestSender - Using open Channel [id: 0xa57a1b7b, L:/127.0.0.1:49596 - R:localhost/127.0.0.1:50370] for POST '/session/b509e97c800041d1036aedd7f35076d7/element'
18:24:48.020 [AsyncHttpClient-1-5] DEBUG org.asynchttpclient.netty.handler.HttpHandler - 

Request DefaultHttpRequest(decodeResult: success, version: HTTP/1.1)
POST /session/b509e97c800041d1036aedd7f35076d7/element HTTP/1.1
User-Agent: selenium/4.1.4 (java windows)
Content-Length: 68
Content-Type: application/json; charset=utf-8
host: localhost:50370
accept: */*

Response DefaultHttpResponse(decodeResult: success, version: HTTP/1.1)
HTTP/1.1 200 OK
Content-Type: application/json; charset=utf-8
cache-control: no-cache
content-length: 88

18:24:48.020 [AsyncHttpClient-1-5] DEBUG org.asynchttpclient.netty.channel.ChannelManager - Adding key: http://localhost:50370 for channel [id: 0xa57a1b7b, L:/127.0.0.1:49596 - R:localhost/127.0.0.1:50370]
18:24:48.022 [Forwarding clickElement on session b509e97c800041d1036aedd7f35076d7 to remote] DEBUG org.asynchttpclient.netty.request.NettyRequestSender - Using pooled Channel '[id: 0xa57a1b7b, L:/127.0.0.1:49596 - R:localhost/127.0.0.1:50370]' for 'POST' to 'http://localhost:50370/session/b509e97c800041d1036aedd7f35076d7/element/53f6b686-224e-4bd0-827f-13dcfa2b401f/click'
18:24:48.022 [Forwarding clickElement on session b509e97c800041d1036aedd7f35076d7 to remote] DEBUG org.asynchttpclient.netty.request.NettyRequestSender - Using open Channel [id: 0xa57a1b7b, L:/127.0.0.1:49596 - R:localhost/127.0.0.1:50370] for POST '/session/b509e97c800041d1036aedd7f35076d7/element/53f6b686-224e-4bd0-827f-13dcfa2b401f/click'
18:24:48.094 [AsyncHttpClient-1-5] DEBUG org.asynchttpclient.netty.handler.HttpHandler - 

Request DefaultHttpRequest(decodeResult: success, version: HTTP/1.1)
POST /session/b509e97c800041d1036aedd7f35076d7/element/53f6b686-224e-4bd0-827f-13dcfa2b401f/click HTTP/1.1
User-Agent: selenium/4.1.4 (java windows)
Content-Length: 50
Content-Type: application/json; charset=utf-8
host: localhost:50370
accept: */*

Response DefaultHttpResponse(decodeResult: success, version: HTTP/1.1)
HTTP/1.1 200 OK
Content-Type: application/json; charset=utf-8
cache-control: no-cache
content-length: 14

18:24:48.094 [AsyncHttpClient-1-5] DEBUG org.asynchttpclient.netty.channel.ChannelManager - Adding key: http://localhost:50370 for channel [id: 0xa57a1b7b, L:/127.0.0.1:49596 - R:localhost/127.0.0.1:50370]
18:24:48.117 [Forwarding screenshot on session b509e97c800041d1036aedd7f35076d7 to remote] DEBUG org.asynchttpclient.netty.request.NettyRequestSender - Using pooled Channel '[id: 0xa57a1b7b, L:/127.0.0.1:49596 - R:localhost/127.0.0.1:50370]' for 'GET' to 'http://localhost:50370/session/b509e97c800041d1036aedd7f35076d7/screenshot'
18:24:48.117 [Forwarding screenshot on session b509e97c800041d1036aedd7f35076d7 to remote] DEBUG org.asynchttpclient.netty.request.NettyRequestSender - Using open Channel [id: 0xa57a1b7b, L:/127.0.0.1:49596 - R:localhost/127.0.0.1:50370] for GET '/session/b509e97c800041d1036aedd7f35076d7/screenshot'
18:24:48.416 [AsyncHttpClient-1-5] DEBUG org.asynchttpclient.netty.handler.HttpHandler - 

Request DefaultFullHttpRequest(decodeResult: success, version: HTTP/1.1, content: EmptyByteBufBE)
GET /session/b509e97c800041d1036aedd7f35076d7/screenshot HTTP/1.1
User-Agent: selenium/4.1.4 (java windows)
Cache-Control: no-cache
Content-Type: application/json; charset=utf-8
host: localhost:50370
accept: */*

Response DefaultHttpResponse(decodeResult: success, version: HTTP/1.1)
HTTP/1.1 200 OK
Content-Type: application/json; charset=utf-8
cache-control: no-cache
content-length: 324128

18:24:48.418 [AsyncHttpClient-1-5] DEBUG org.asynchttpclient.netty.channel.ChannelManager - Adding key: http://localhost:50370 for channel [id: 0xa57a1b7b, L:/127.0.0.1:49596 - R:localhost/127.0.0.1:50370]
18:24:48.442 [main] DEBUG net.serenitybdd.core.photography.Darkroom - Send negative for processing for target\site\serenity\95166bd3d0643936b2c90bcdcd7d218552b389fe47ad199728383a8291533784.png
18:24:48.443 [main] DEBUG net.thucydides.core.steps.StepInterceptor - STEP DONE: clickButtonLogin
18:24:48.443 [Darkroom Processing Line] DEBUG net.serenitybdd.core.photography.DarkroomProcessingLine - Processing screenshot image in /var/screenshots/screenshot-14852440353988189223
18:24:48.443 [Darkroom Processing Line] DEBUG net.serenitybdd.core.photography.DarkroomProcessingLine - Saving screenshot to target\site\serenity\95166bd3d0643936b2c90bcdcd7d218552b389fe47ad199728383a8291533784.png
18:24:48.936 [AsyncHttpClient-1-1] DEBUG org.asynchttpclient.netty.channel.DefaultChannelPool - Entry count for : http://localhost:49597 : 1
18:24:48.936 [AsyncHttpClient-1-1] DEBUG org.asynchttpclient.netty.channel.DefaultChannelPool - Entry count for : http://localhost:50370 : 1
  &amp#27;[32mWhen &amp#27;[0m&amp#27;[32mI click button login&amp#27;[0m                               &amp#27;[90m# starter.stepdefinitios.LoginSteps.iClickButtonLogin()&amp#27;[0m
18:24:49.457 [Forwarding screenshot on session b509e97c800041d1036aedd7f35076d7 to remote] DEBUG org.asynchttpclient.netty.request.NettyRequestSender - Using pooled Channel '[id: 0xa57a1b7b, L:/127.0.0.1:49596 - R:localhost/127.0.0.1:50370]' for 'GET' to 'http://localhost:50370/session/b509e97c800041d1036aedd7f35076d7/screenshot'
18:24:49.457 [Forwarding screenshot on session b509e97c800041d1036aedd7f35076d7 to remote] DEBUG org.asynchttpclient.netty.request.NettyRequestSender - Using open Channel [id: 0xa57a1b7b, L:/127.0.0.1:49596 - R:localhost/127.0.0.1:50370] for GET '/session/b509e97c800041d1036aedd7f35076d7/screenshot'
18:24:49.746 [AsyncHttpClient-1-5] DEBUG org.asynchttpclient.netty.handler.HttpHandler - 

Request DefaultFullHttpRequest(decodeResult: success, version: HTTP/1.1, content: EmptyByteBufBE)
GET /session/b509e97c800041d1036aedd7f35076d7/screenshot HTTP/1.1
User-Agent: selenium/4.1.4 (java windows)
Cache-Control: no-cache
Content-Type: application/json; charset=utf-8
host: localhost:50370
accept: */*

Response DefaultHttpResponse(decodeResult: success, version: HTTP/1.1)
HTTP/1.1 200 OK
Content-Type: application/json; charset=utf-8
cache-control: no-cache
content-length: 313192

18:24:49.747 [AsyncHttpClient-1-5] DEBUG org.asynchttpclient.netty.channel.ChannelManager - Adding key: http://localhost:50370 for channel [id: 0xa57a1b7b, L:/127.0.0.1:49596 - R:localhost/127.0.0.1:50370]
18:24:49.759 [main] DEBUG net.serenitybdd.core.photography.Darkroom - Send negative for processing for target\site\serenity\fd3cb8c9b8b41bb74533453b421164b94be5ff2ded93ab8c17e171eabc38121b.png
18:24:49.760 [Darkroom Processing Line] DEBUG net.serenitybdd.core.photography.DarkroomProcessingLine - Processing screenshot image in /var/screenshots/screenshot-17381768202152736427
18:24:49.760 [Darkroom Processing Line] DEBUG net.serenitybdd.core.photography.DarkroomProcessingLine - Saving screenshot to target\site\serenity\fd3cb8c9b8b41bb74533453b421164b94be5ff2ded93ab8c17e171eabc38121b.png
18:24:50.037 [AsyncHttpClient-1-1] DEBUG org.asynchttpclient.netty.channel.DefaultChannelPool - Entry count for : http://localhost:49597 : 1
18:24:50.037 [AsyncHttpClient-1-1] DEBUG org.asynchttpclient.netty.channel.DefaultChannelPool - Entry count for : http://localhost:50370 : 1
18:24:51.140 [AsyncHttpClient-1-1] DEBUG org.asynchttpclient.netty.channel.DefaultChannelPool - Entry count for : http://localhost:49597 : 1
18:24:51.140 [AsyncHttpClient-1-1] DEBUG org.asynchttpclient.netty.channel.DefaultChannelPool - Entry count for : http://localhost:50370 : 1
18:24:52.240 [AsyncHttpClient-1-1] DEBUG org.asynchttpclient.netty.channel.DefaultChannelPool - Entry count for : http://localhost:49597 : 1
18:24:52.240 [AsyncHttpClient-1-1] DEBUG org.asynchttpclient.netty.channel.DefaultChannelPool - Entry count for : http://localhost:50370 : 1
18:24:53.339 [AsyncHttpClient-1-1] DEBUG org.asynchttpclient.netty.channel.DefaultChannelPool - Entry count for : http://localhost:49597 : 1
18:24:53.339 [AsyncHttpClient-1-1] DEBUG org.asynchttpclient.netty.channel.DefaultChannelPool - Entry count for : http://localhost:50370 : 1
18:24:54.436 [AsyncHttpClient-1-1] DEBUG org.asynchttpclient.netty.channel.DefaultChannelPool - Entry count for : http://localhost:49597 : 1
18:24:54.436 [AsyncHttpClient-1-1] DEBUG org.asynchttpclient.netty.channel.DefaultChannelPool - Entry count for : http://localhost:50370 : 1
18:24:54.774 [Forwarding findElement on session b509e97c800041d1036aedd7f35076d7 to remote] DEBUG org.asynchttpclient.netty.request.NettyRequestSender - Using pooled Channel '[id: 0xa57a1b7b, L:/127.0.0.1:49596 - R:localhost/127.0.0.1:50370]' for 'POST' to 'http://localhost:50370/session/b509e97c800041d1036aedd7f35076d7/element'
18:24:54.774 [Forwarding findElement on session b509e97c800041d1036aedd7f35076d7 to remote] DEBUG org.asynchttpclient.netty.request.NettyRequestSender - Using open Channel [id: 0xa57a1b7b, L:/127.0.0.1:49596 - R:localhost/127.0.0.1:50370] for POST '/session/b509e97c800041d1036aedd7f35076d7/element'
18:24:54.792 [AsyncHttpClient-1-5] DEBUG org.asynchttpclient.netty.handler.HttpHandler - 

Request DefaultHttpRequest(decodeResult: success, version: HTTP/1.1)
POST /session/b509e97c800041d1036aedd7f35076d7/element HTTP/1.1
User-Agent: selenium/4.1.4 (java windows)
Content-Length: 68
Content-Type: application/json; charset=utf-8
host: localhost:50370
accept: */*

Response DefaultHttpResponse(decodeResult: success, version: HTTP/1.1)
HTTP/1.1 200 OK
Content-Type: application/json; charset=utf-8
cache-control: no-cache
content-length: 88

18:24:54.793 [AsyncHttpClient-1-5] DEBUG org.asynchttpclient.netty.channel.ChannelManager - Adding key: http://localhost:50370 for channel [id: 0xa57a1b7b, L:/127.0.0.1:49596 - R:localhost/127.0.0.1:50370]
18:24:54.793 [Forwarding isElementEnabled on session b509e97c800041d1036aedd7f35076d7 to remote] DEBUG org.asynchttpclient.netty.request.NettyRequestSender - Using pooled Channel '[id: 0xa57a1b7b, L:/127.0.0.1:49596 - R:localhost/127.0.0.1:50370]' for 'GET' to 'http://localhost:50370/session/b509e97c800041d1036aedd7f35076d7/element/99c819ea-638d-4574-b573-ac6e477a07c9/enabled'
18:24:54.793 [Forwarding isElementEnabled on session b509e97c800041d1036aedd7f35076d7 to remote] DEBUG org.asynchttpclient.netty.request.NettyRequestSender - Using open Channel [id: 0xa57a1b7b, L:/127.0.0.1:49596 - R:localhost/127.0.0.1:50370] for GET '/session/b509e97c800041d1036aedd7f35076d7/element/99c819ea-638d-4574-b573-ac6e477a07c9/enabled'
18:24:54.806 [AsyncHttpClient-1-5] DEBUG org.asynchttpclient.netty.handler.HttpHandler - 

Request DefaultFullHttpRequest(decodeResult: success, version: HTTP/1.1, content: EmptyByteBufBE)
GET /session/b509e97c800041d1036aedd7f35076d7/element/99c819ea-638d-4574-b573-ac6e477a07c9/enabled HTTP/1.1
User-Agent: selenium/4.1.4 (java windows)
Cache-Control: no-cache
Content-Type: application/json; charset=utf-8
host: localhost:50370
accept: */*

Response DefaultHttpResponse(decodeResult: success, version: HTTP/1.1)
HTTP/1.1 200 OK
Content-Type: application/json; charset=utf-8
cache-control: no-cache
content-length: 14

18:24:54.806 [AsyncHttpClient-1-5] DEBUG org.asynchttpclient.netty.channel.ChannelManager - Adding key: http://localhost:50370 for channel [id: 0xa57a1b7b, L:/127.0.0.1:49596 - R:localhost/127.0.0.1:50370]
18:24:55.315 [Forwarding screenshot on session b509e97c800041d1036aedd7f35076d7 to remote] DEBUG org.asynchttpclient.netty.request.NettyRequestSender - Using pooled Channel '[id: 0xa57a1b7b, L:/127.0.0.1:49596 - R:localhost/127.0.0.1:50370]' for 'GET' to 'http://localhost:50370/session/b509e97c800041d1036aedd7f35076d7/screenshot'
18:24:55.315 [Forwarding screenshot on session b509e97c800041d1036aedd7f35076d7 to remote] DEBUG org.asynchttpclient.netty.request.NettyRequestSender - Using open Channel [id: 0xa57a1b7b, L:/127.0.0.1:49596 - R:localhost/127.0.0.1:50370] for GET '/session/b509e97c800041d1036aedd7f35076d7/screenshot'
18:24:55.487 [AsyncHttpClient-1-5] DEBUG org.asynchttpclient.netty.handler.HttpHandler - 

Request DefaultFullHttpRequest(decodeResult: success, version: HTTP/1.1, content: EmptyByteBufBE)
GET /session/b509e97c800041d1036aedd7f35076d7/screenshot HTTP/1.1
User-Agent: selenium/4.1.4 (java windows)
Cache-Control: no-cache
Content-Type: application/json; charset=utf-8
host: localhost:50370
accept: */*

Response DefaultHttpResponse(decodeResult: success, version: HTTP/1.1)
HTTP/1.1 200 OK
Content-Type: application/json; charset=utf-8
cache-control: no-cache
content-length: 301044

18:24:55.487 [AsyncHttpClient-1-5] DEBUG org.asynchttpclient.netty.channel.ChannelManager - Adding key: http://localhost:50370 for channel [id: 0xa57a1b7b, L:/127.0.0.1:49596 - R:localhost/127.0.0.1:50370]
18:24:55.487 [main] DEBUG net.serenitybdd.core.photography.Darkroom - Send negative for processing for target\site\serenity\163e386af0b12517552a74a3d5043b94e8c0f9215c0f21d464e3b04d27a0859d.png
18:24:55.487 [main] DEBUG net.thucydides.core.steps.StepInterceptor - STARTING STEP: LoginSteps.loginValidationInvalid - clickButtonErrorOK
18:24:55.501 [Forwarding findElement on session b509e97c800041d1036aedd7f35076d7 to remote] DEBUG org.asynchttpclient.netty.request.NettyRequestSender - Using pooled Channel '[id: 0xa57a1b7b, L:/127.0.0.1:49596 - R:localhost/127.0.0.1:50370]' for 'POST' to 'http://localhost:50370/session/b509e97c800041d1036aedd7f35076d7/element'
18:24:55.501 [Forwarding findElement on session b509e97c800041d1036aedd7f35076d7 to remote] DEBUG org.asynchttpclient.netty.request.NettyRequestSender - Using open Channel [id: 0xa57a1b7b, L:/127.0.0.1:49596 - R:localhost/127.0.0.1:50370] for POST '/session/b509e97c800041d1036aedd7f35076d7/element'
18:24:55.512 [AsyncHttpClient-1-5] DEBUG org.asynchttpclient.netty.handler.HttpHandler - 

Request DefaultHttpRequest(decodeResult: success, version: HTTP/1.1)
POST /session/b509e97c800041d1036aedd7f35076d7/element HTTP/1.1
User-Agent: selenium/4.1.4 (java windows)
Content-Length: 88
Content-Type: application/json; charset=utf-8
host: localhost:50370
accept: */*

Response DefaultHttpResponse(decodeResult: success, version: HTTP/1.1)
HTTP/1.1 200 OK
Content-Type: application/json; charset=utf-8
cache-control: no-cache
content-length: 88

18:24:55.512 [AsyncHttpClient-1-5] DEBUG org.asynchttpclient.netty.channel.ChannelManager - Adding key: http://localhost:50370 for channel [id: 0xa57a1b7b, L:/127.0.0.1:49596 - R:localhost/127.0.0.1:50370]
18:24:55.513 [Forwarding getElementTagName on session b509e97c800041d1036aedd7f35076d7 to remote] DEBUG org.asynchttpclient.netty.request.NettyRequestSender - Using pooled Channel '[id: 0xa57a1b7b, L:/127.0.0.1:49596 - R:localhost/127.0.0.1:50370]' for 'GET' to 'http://localhost:50370/session/b509e97c800041d1036aedd7f35076d7/element/73b9ced3-6887-495d-ba5a-9de032746577/name'
18:24:55.513 [Forwarding getElementTagName on session b509e97c800041d1036aedd7f35076d7 to remote] DEBUG org.asynchttpclient.netty.request.NettyRequestSender - Using open Channel [id: 0xa57a1b7b, L:/127.0.0.1:49596 - R:localhost/127.0.0.1:50370] for GET '/session/b509e97c800041d1036aedd7f35076d7/element/73b9ced3-6887-495d-ba5a-9de032746577/name'
18:24:55.517 [AsyncHttpClient-1-5] DEBUG org.asynchttpclient.netty.handler.HttpHandler - 

Request DefaultFullHttpRequest(decodeResult: success, version: HTTP/1.1, content: EmptyByteBufBE)
GET /session/b509e97c800041d1036aedd7f35076d7/element/73b9ced3-6887-495d-ba5a-9de032746577/name HTTP/1.1
User-Agent: selenium/4.1.4 (java windows)
Cache-Control: no-cache
Content-Type: application/json; charset=utf-8
host: localhost:50370
accept: */*

Response DefaultHttpResponse(decodeResult: success, version: HTTP/1.1)
HTTP/1.1 200 OK
Content-Type: application/json; charset=utf-8
cache-control: no-cache
content-length: 18

18:24:55.517 [AsyncHttpClient-1-5] DEBUG org.asynchttpclient.netty.channel.ChannelManager - Adding key: http://localhost:50370 for channel [id: 0xa57a1b7b, L:/127.0.0.1:49596 - R:localhost/127.0.0.1:50370]
18:24:55.519 [Forwarding getElementTagName on session b509e97c800041d1036aedd7f35076d7 to remote] DEBUG org.asynchttpclient.netty.request.NettyRequestSender - Using pooled Channel '[id: 0xa57a1b7b, L:/127.0.0.1:49596 - R:localhost/127.0.0.1:50370]' for 'GET' to 'http://localhost:50370/session/b509e97c800041d1036aedd7f35076d7/element/73b9ced3-6887-495d-ba5a-9de032746577/name'
18:24:55.519 [Forwarding getElementTagName on session b509e97c800041d1036aedd7f35076d7 to remote] DEBUG org.asynchttpclient.netty.request.NettyRequestSender - Using open Channel [id: 0xa57a1b7b, L:/127.0.0.1:49596 - R:localhost/127.0.0.1:50370] for GET '/session/b509e97c800041d1036aedd7f35076d7/element/73b9ced3-6887-495d-ba5a-9de032746577/name'
18:24:55.523 [AsyncHttpClient-1-5] DEBUG org.asynchttpclient.netty.handler.HttpHandler - 

Request DefaultFullHttpRequest(decodeResult: success, version: HTTP/1.1, content: EmptyByteBufBE)
GET /session/b509e97c800041d1036aedd7f35076d7/element/73b9ced3-6887-495d-ba5a-9de032746577/name HTTP/1.1
User-Agent: selenium/4.1.4 (java windows)
Cache-Control: no-cache
Content-Type: application/json; charset=utf-8
host: localhost:50370
accept: */*

Response DefaultHttpResponse(decodeResult: success, version: HTTP/1.1)
HTTP/1.1 200 OK
Content-Type: application/json; charset=utf-8
cache-control: no-cache
content-length: 18

18:24:55.523 [AsyncHttpClient-1-5] DEBUG org.asynchttpclient.netty.channel.ChannelManager - Adding key: http://localhost:50370 for channel [id: 0xa57a1b7b, L:/127.0.0.1:49596 - R:localhost/127.0.0.1:50370]
18:24:55.524 [Forwarding isElementEnabled on session b509e97c800041d1036aedd7f35076d7 to remote] DEBUG org.asynchttpclient.netty.request.NettyRequestSender - Using pooled Channel '[id: 0xa57a1b7b, L:/127.0.0.1:49596 - R:localhost/127.0.0.1:50370]' for 'GET' to 'http://localhost:50370/session/b509e97c800041d1036aedd7f35076d7/element/73b9ced3-6887-495d-ba5a-9de032746577/enabled'
18:24:55.524 [Forwarding isElementEnabled on session b509e97c800041d1036aedd7f35076d7 to remote] DEBUG org.asynchttpclient.netty.request.NettyRequestSender - Using open Channel [id: 0xa57a1b7b, L:/127.0.0.1:49596 - R:localhost/127.0.0.1:50370] for GET '/session/b509e97c800041d1036aedd7f35076d7/element/73b9ced3-6887-495d-ba5a-9de032746577/enabled'
18:24:55.532 [AsyncHttpClient-1-5] DEBUG org.asynchttpclient.netty.handler.HttpHandler - 

Request DefaultFullHttpRequest(decodeResult: success, version: HTTP/1.1, content: EmptyByteBufBE)
GET /session/b509e97c800041d1036aedd7f35076d7/element/73b9ced3-6887-495d-ba5a-9de032746577/enabled HTTP/1.1
User-Agent: selenium/4.1.4 (java windows)
Cache-Control: no-cache
Content-Type: application/json; charset=utf-8
host: localhost:50370
accept: */*

Response DefaultHttpResponse(decodeResult: success, version: HTTP/1.1)
HTTP/1.1 200 OK
Content-Type: application/json; charset=utf-8
cache-control: no-cache
content-length: 14

18:24:55.532 [AsyncHttpClient-1-5] DEBUG org.asynchttpclient.netty.channel.ChannelManager - Adding key: http://localhost:50370 for channel [id: 0xa57a1b7b, L:/127.0.0.1:49596 - R:localhost/127.0.0.1:50370]
18:24:55.534 [Forwarding isElementEnabled on session b509e97c800041d1036aedd7f35076d7 to remote] DEBUG org.asynchttpclient.netty.request.NettyRequestSender - Using pooled Channel '[id: 0xa57a1b7b, L:/127.0.0.1:49596 - R:localhost/127.0.0.1:50370]' for 'GET' to 'http://localhost:50370/session/b509e97c800041d1036aedd7f35076d7/element/73b9ced3-6887-495d-ba5a-9de032746577/enabled'
18:24:55.534 [Forwarding isElementEnabled on session b509e97c800041d1036aedd7f35076d7 to remote] DEBUG org.asynchttpclient.netty.request.NettyRequestSender - Using open Channel [id: 0xa57a1b7b, L:/127.0.0.1:49596 - R:localhost/127.0.0.1:50370] for GET '/session/b509e97c800041d1036aedd7f35076d7/element/73b9ced3-6887-495d-ba5a-9de032746577/enabled'
18:24:55.535 [AsyncHttpClient-1-1] DEBUG org.asynchttpclient.netty.channel.DefaultChannelPool - Entry count for : http://localhost:49597 : 1
18:24:55.538 [AsyncHttpClient-1-5] DEBUG org.asynchttpclient.netty.handler.HttpHandler - 

Request DefaultFullHttpRequest(decodeResult: success, version: HTTP/1.1, content: EmptyByteBufBE)
GET /session/b509e97c800041d1036aedd7f35076d7/element/73b9ced3-6887-495d-ba5a-9de032746577/enabled HTTP/1.1
User-Agent: selenium/4.1.4 (java windows)
Cache-Control: no-cache
Content-Type: application/json; charset=utf-8
host: localhost:50370
accept: */*

Response DefaultHttpResponse(decodeResult: success, version: HTTP/1.1)
HTTP/1.1 200 OK
Content-Type: application/json; charset=utf-8
cache-control: no-cache
content-length: 14

18:24:55.538 [AsyncHttpClient-1-5] DEBUG org.asynchttpclient.netty.channel.ChannelManager - Adding key: http://localhost:50370 for channel [id: 0xa57a1b7b, L:/127.0.0.1:49596 - R:localhost/127.0.0.1:50370]
18:24:55.539 [Forwarding findElement on session b509e97c800041d1036aedd7f35076d7 to remote] DEBUG org.asynchttpclient.netty.request.NettyRequestSender - Using pooled Channel '[id: 0xa57a1b7b, L:/127.0.0.1:49596 - R:localhost/127.0.0.1:50370]' for 'POST' to 'http://localhost:50370/session/b509e97c800041d1036aedd7f35076d7/element'
18:24:55.539 [Forwarding findElement on session b509e97c800041d1036aedd7f35076d7 to remote] DEBUG org.asynchttpclient.netty.request.NettyRequestSender - Using open Channel [id: 0xa57a1b7b, L:/127.0.0.1:49596 - R:localhost/127.0.0.1:50370] for POST '/session/b509e97c800041d1036aedd7f35076d7/element'
18:24:55.547 [AsyncHttpClient-1-5] DEBUG org.asynchttpclient.netty.handler.HttpHandler - 

Request DefaultHttpRequest(decodeResult: success, version: HTTP/1.1)
POST /session/b509e97c800041d1036aedd7f35076d7/element HTTP/1.1
User-Agent: selenium/4.1.4 (java windows)
Content-Length: 88
Content-Type: application/json; charset=utf-8
host: localhost:50370
accept: */*

Response DefaultHttpResponse(decodeResult: success, version: HTTP/1.1)
HTTP/1.1 200 OK
Content-Type: application/json; charset=utf-8
cache-control: no-cache
content-length: 88

18:24:55.547 [AsyncHttpClient-1-5] DEBUG org.asynchttpclient.netty.channel.ChannelManager - Adding key: http://localhost:50370 for channel [id: 0xa57a1b7b, L:/127.0.0.1:49596 - R:localhost/127.0.0.1:50370]
18:24:55.547 [Forwarding clickElement on session b509e97c800041d1036aedd7f35076d7 to remote] DEBUG org.asynchttpclient.netty.request.NettyRequestSender - Using pooled Channel '[id: 0xa57a1b7b, L:/127.0.0.1:49596 - R:localhost/127.0.0.1:50370]' for 'POST' to 'http://localhost:50370/session/b509e97c800041d1036aedd7f35076d7/element/73b9ced3-6887-495d-ba5a-9de032746577/click'
18:24:55.547 [Forwarding clickElement on session b509e97c800041d1036aedd7f35076d7 to remote] DEBUG org.asynchttpclient.netty.request.NettyRequestSender - Using open Channel [id: 0xa57a1b7b, L:/127.0.0.1:49596 - R:localhost/127.0.0.1:50370] for POST '/session/b509e97c800041d1036aedd7f35076d7/element/73b9ced3-6887-495d-ba5a-9de032746577/click'
18:24:55.611 [AsyncHttpClient-1-5] DEBUG org.asynchttpclient.netty.handler.HttpHandler - 

Request DefaultHttpRequest(decodeResult: success, version: HTTP/1.1)
POST /session/b509e97c800041d1036aedd7f35076d7/element/73b9ced3-6887-495d-ba5a-9de032746577/click HTTP/1.1
User-Agent: selenium/4.1.4 (java windows)
Content-Length: 50
Content-Type: application/json; charset=utf-8
host: localhost:50370
accept: */*

Response DefaultHttpResponse(decodeResult: success, version: HTTP/1.1)
HTTP/1.1 200 OK
Content-Type: application/json; charset=utf-8
cache-control: no-cache
content-length: 14

18:24:55.611 [AsyncHttpClient-1-5] DEBUG org.asynchttpclient.netty.channel.ChannelManager - Adding key: http://localhost:50370 for channel [id: 0xa57a1b7b, L:/127.0.0.1:49596 - R:localhost/127.0.0.1:50370]
18:24:55.619 [Forwarding screenshot on session b509e97c800041d1036aedd7f35076d7 to remote] DEBUG org.asynchttpclient.netty.request.NettyRequestSender - Using pooled Channel '[id: 0xa57a1b7b, L:/127.0.0.1:49596 - R:localhost/127.0.0.1:50370]' for 'GET' to 'http://localhost:50370/session/b509e97c800041d1036aedd7f35076d7/screenshot'
18:24:55.619 [Forwarding screenshot on session b509e97c800041d1036aedd7f35076d7 to remote] DEBUG org.asynchttpclient.netty.request.NettyRequestSender - Using open Channel [id: 0xa57a1b7b, L:/127.0.0.1:49596 - R:localhost/127.0.0.1:50370] for GET '/session/b509e97c800041d1036aedd7f35076d7/screenshot'
18:24:55.962 [AsyncHttpClient-1-5] DEBUG org.asynchttpclient.netty.handler.HttpHandler - 

Request DefaultFullHttpRequest(decodeResult: success, version: HTTP/1.1, content: EmptyByteBufBE)
GET /session/b509e97c800041d1036aedd7f35076d7/screenshot HTTP/1.1
User-Agent: selenium/4.1.4 (java windows)
Cache-Control: no-cache
Content-Type: application/json; charset=utf-8
host: localhost:50370
accept: */*

Response DefaultHttpResponse(decodeResult: success, version: HTTP/1.1)
HTTP/1.1 200 OK
Content-Type: application/json; charset=utf-8
cache-control: no-cache
content-length: 73816

18:24:55.962 [AsyncHttpClient-1-5] DEBUG org.asynchttpclient.netty.channel.ChannelManager - Adding key: http://localhost:50370 for channel [id: 0xa57a1b7b, L:/127.0.0.1:49596 - R:localhost/127.0.0.1:50370]
18:24:55.970 [main] DEBUG net.serenitybdd.core.photography.Darkroom - Send negative for processing for target\site\serenity\074d4df9ab336e549123f2fa0463f0856dabe7f300944fe9984da2ced6472463.png
18:24:55.970 [main] DEBUG net.thucydides.core.steps.StepInterceptor - STEP DONE: clickButtonErrorOK
  &amp#27;[32mAnd &amp#27;[0m&amp#27;[32mLogin validation invalid&amp#27;[0m                            &amp#27;[90m# starter.stepdefinitios.LoginSteps.loginValidationInvalid()&amp#27;[0m
18:24:55.970 [Darkroom Processing Line] DEBUG net.serenitybdd.core.photography.DarkroomProcessingLine - Processing screenshot image in /var/screenshots/screenshot-2084110249719054087
18:24:55.970 [Darkroom Processing Line] DEBUG net.serenitybdd.core.photography.DarkroomProcessingLine - Saving screenshot to target\site\serenity\074d4df9ab336e549123f2fa0463f0856dabe7f300944fe9984da2ced6472463.png
18:24:56.636 [AsyncHttpClient-1-1] DEBUG org.asynchttpclient.netty.channel.DefaultChannelPool - Entry count for : http://localhost:49597 : 1
18:24:56.636 [AsyncHttpClient-1-1] DEBUG org.asynchttpclient.netty.channel.DefaultChannelPool - Entry count for : http://localhost:50370 : 1
18:24:57.741 [AsyncHttpClient-1-1] DEBUG org.asynchttpclient.netty.channel.DefaultChannelPool - Entry count for : http://localhost:49597 : 1
18:24:57.741 [AsyncHttpClient-1-1] DEBUG org.asynchttpclient.netty.channel.DefaultChannelPool - Entry count for : http://localhost:50370 : 1
18:24:58.836 [AsyncHttpClient-1-1] DEBUG org.asynchttpclient.netty.channel.DefaultChannelPool - Entry count for : http://localhost:49597 : 1
18:24:58.836 [AsyncHttpClient-1-1] DEBUG org.asynchttpclient.netty.channel.DefaultChannelPool - Entry count for : http://localhost:50370 : 1
18:24:59.937 [AsyncHttpClient-1-1] DEBUG org.asynchttpclient.netty.channel.DefaultChannelPool - Entry count for : http://localhost:49597 : 1
18:24:59.937 [AsyncHttpClient-1-1] DEBUG org.asynchttpclient.netty.channel.DefaultChannelPool - Entry count for : http://localhost:50370 : 1
18:25:01.035 [AsyncHttpClient-1-1] DEBUG org.asynchttpclient.netty.channel.DefaultChannelPool - Entry count for : http://localhost:49597 : 1
18:25:01.035 [AsyncHttpClient-1-1] DEBUG org.asynchttpclient.netty.channel.DefaultChannelPool - Entry count for : http://localhost:50370 : 1
18:25:01.049 [Forwarding screenshot on session b509e97c800041d1036aedd7f35076d7 to remote] DEBUG org.asynchttpclient.netty.request.NettyRequestSender - Using pooled Channel '[id: 0xa57a1b7b, L:/127.0.0.1:49596 - R:localhost/127.0.0.1:50370]' for 'GET' to 'http://localhost:50370/session/b509e97c800041d1036aedd7f35076d7/screenshot'
18:25:01.049 [Forwarding screenshot on session b509e97c800041d1036aedd7f35076d7 to remote] DEBUG org.asynchttpclient.netty.request.NettyRequestSender - Using open Channel [id: 0xa57a1b7b, L:/127.0.0.1:49596 - R:localhost/127.0.0.1:50370] for GET '/session/b509e97c800041d1036aedd7f35076d7/screenshot'
18:25:01.215 [AsyncHttpClient-1-5] DEBUG org.asynchttpclient.netty.handler.HttpHandler - 

Request DefaultFullHttpRequest(decodeResult: success, version: HTTP/1.1, content: EmptyByteBufBE)
GET /session/b509e97c800041d1036aedd7f35076d7/screenshot HTTP/1.1
User-Agent: selenium/4.1.4 (java windows)
Cache-Control: no-cache
Content-Type: application/json; charset=utf-8
host: localhost:50370
accept: */*

Response DefaultHttpResponse(decodeResult: success, version: HTTP/1.1)
HTTP/1.1 200 OK
Content-Type: application/json; charset=utf-8
cache-control: no-cache
content-length: 78860

18:25:01.215 [AsyncHttpClient-1-5] DEBUG org.asynchttpclient.netty.channel.ChannelManager - Adding key: http://localhost:50370 for channel [id: 0xa57a1b7b, L:/127.0.0.1:49596 - R:localhost/127.0.0.1:50370]
18:25:01.217 [main] DEBUG net.serenitybdd.core.photography.Darkroom - Send negative for processing for target\site\serenity\e3902e4e6d497170d59aa0c0c2930d955492166dca27ad580f2b08c08bf103aa.png
18:25:01.217 [main] DEBUG net.thucydides.core.steps.StepInterceptor - STARTING STEP: PatientDataSteps.clickButtonDataPasien - clickButtonDataPasien
18:25:01.222 [Forwarding findElement on session b509e97c800041d1036aedd7f35076d7 to remote] DEBUG org.asynchttpclient.netty.request.NettyRequestSender - Using pooled Channel '[id: 0xa57a1b7b, L:/127.0.0.1:49596 - R:localhost/127.0.0.1:50370]' for 'POST' to 'http://localhost:50370/session/b509e97c800041d1036aedd7f35076d7/element'
18:25:01.222 [Forwarding findElement on session b509e97c800041d1036aedd7f35076d7 to remote] DEBUG org.asynchttpclient.netty.request.NettyRequestSender - Using open Channel [id: 0xa57a1b7b, L:/127.0.0.1:49596 - R:localhost/127.0.0.1:50370] for POST '/session/b509e97c800041d1036aedd7f35076d7/element'
18:25:01.234 [AsyncHttpClient-1-5] DEBUG org.asynchttpclient.netty.handler.HttpHandler - 

Request DefaultHttpRequest(decodeResult: success, version: HTTP/1.1)
POST /session/b509e97c800041d1036aedd7f35076d7/element HTTP/1.1
User-Agent: selenium/4.1.4 (java windows)
Content-Length: 114
Content-Type: application/json; charset=utf-8
host: localhost:50370
accept: */*

Response DefaultHttpResponse(decodeResult: success, version: HTTP/1.1)
HTTP/1.1 200 OK
Content-Type: application/json; charset=utf-8
cache-control: no-cache
content-length: 88

18:25:01.234 [AsyncHttpClient-1-5] DEBUG org.asynchttpclient.netty.channel.ChannelManager - Adding key: http://localhost:50370 for channel [id: 0xa57a1b7b, L:/127.0.0.1:49596 - R:localhost/127.0.0.1:50370]
18:25:01.236 [Forwarding getElementTagName on session b509e97c800041d1036aedd7f35076d7 to remote] DEBUG org.asynchttpclient.netty.request.NettyRequestSender - Using pooled Channel '[id: 0xa57a1b7b, L:/127.0.0.1:49596 - R:localhost/127.0.0.1:50370]' for 'GET' to 'http://localhost:50370/session/b509e97c800041d1036aedd7f35076d7/element/c3be85a7-e216-430a-8728-a540ce21b9e2/name'
18:25:01.236 [Forwarding getElementTagName on session b509e97c800041d1036aedd7f35076d7 to remote] DEBUG org.asynchttpclient.netty.request.NettyRequestSender - Using open Channel [id: 0xa57a1b7b, L:/127.0.0.1:49596 - R:localhost/127.0.0.1:50370] for GET '/session/b509e97c800041d1036aedd7f35076d7/element/c3be85a7-e216-430a-8728-a540ce21b9e2/name'
18:25:01.241 [AsyncHttpClient-1-5] DEBUG org.asynchttpclient.netty.handler.HttpHandler - 

Request DefaultFullHttpRequest(decodeResult: success, version: HTTP/1.1, content: EmptyByteBufBE)
GET /session/b509e97c800041d1036aedd7f35076d7/element/c3be85a7-e216-430a-8728-a540ce21b9e2/name HTTP/1.1
User-Agent: selenium/4.1.4 (java windows)
Cache-Control: no-cache
Content-Type: application/json; charset=utf-8
host: localhost:50370
accept: */*

Response DefaultHttpResponse(decodeResult: success, version: HTTP/1.1)
HTTP/1.1 200 OK
Content-Type: application/json; charset=utf-8
cache-control: no-cache
content-length: 13

18:25:01.241 [AsyncHttpClient-1-5] DEBUG org.asynchttpclient.netty.channel.ChannelManager - Adding key: http://localhost:50370 for channel [id: 0xa57a1b7b, L:/127.0.0.1:49596 - R:localhost/127.0.0.1:50370]
18:25:01.242 [Forwarding getElementTagName on session b509e97c800041d1036aedd7f35076d7 to remote] DEBUG org.asynchttpclient.netty.request.NettyRequestSender - Using pooled Channel '[id: 0xa57a1b7b, L:/127.0.0.1:49596 - R:localhost/127.0.0.1:50370]' for 'GET' to 'http://localhost:50370/session/b509e97c800041d1036aedd7f35076d7/element/c3be85a7-e216-430a-8728-a540ce21b9e2/name'
18:25:01.243 [Forwarding getElementTagName on session b509e97c800041d1036aedd7f35076d7 to remote] DEBUG org.asynchttpclient.netty.request.NettyRequestSender - Using open Channel [id: 0xa57a1b7b, L:/127.0.0.1:49596 - R:localhost/127.0.0.1:50370] for GET '/session/b509e97c800041d1036aedd7f35076d7/element/c3be85a7-e216-430a-8728-a540ce21b9e2/name'
18:25:01.251 [AsyncHttpClient-1-5] DEBUG org.asynchttpclient.netty.handler.HttpHandler - 

Request DefaultFullHttpRequest(decodeResult: success, version: HTTP/1.1, content: EmptyByteBufBE)
GET /session/b509e97c800041d1036aedd7f35076d7/element/c3be85a7-e216-430a-8728-a540ce21b9e2/name HTTP/1.1
User-Agent: selenium/4.1.4 (java windows)
Cache-Control: no-cache
Content-Type: application/json; charset=utf-8
host: localhost:50370
accept: */*

Response DefaultHttpResponse(decodeResult: success, version: HTTP/1.1)
HTTP/1.1 200 OK
Content-Type: application/json; charset=utf-8
cache-control: no-cache
content-length: 13

18:25:01.251 [AsyncHttpClient-1-5] DEBUG org.asynchttpclient.netty.channel.ChannelManager - Adding key: http://localhost:50370 for channel [id: 0xa57a1b7b, L:/127.0.0.1:49596 - R:localhost/127.0.0.1:50370]
18:25:01.255 [Forwarding findElement on session b509e97c800041d1036aedd7f35076d7 to remote] DEBUG org.asynchttpclient.netty.request.NettyRequestSender - Using pooled Channel '[id: 0xa57a1b7b, L:/127.0.0.1:49596 - R:localhost/127.0.0.1:50370]' for 'POST' to 'http://localhost:50370/session/b509e97c800041d1036aedd7f35076d7/element'
18:25:01.255 [Forwarding findElement on session b509e97c800041d1036aedd7f35076d7 to remote] DEBUG org.asynchttpclient.netty.request.NettyRequestSender - Using open Channel [id: 0xa57a1b7b, L:/127.0.0.1:49596 - R:localhost/127.0.0.1:50370] for POST '/session/b509e97c800041d1036aedd7f35076d7/element'
18:25:01.269 [AsyncHttpClient-1-5] DEBUG org.asynchttpclient.netty.handler.HttpHandler - 

Request DefaultHttpRequest(decodeResult: success, version: HTTP/1.1)
POST /session/b509e97c800041d1036aedd7f35076d7/element HTTP/1.1
User-Agent: selenium/4.1.4 (java windows)
Content-Length: 114
Content-Type: application/json; charset=utf-8
host: localhost:50370
accept: */*

Response DefaultHttpResponse(decodeResult: success, version: HTTP/1.1)
HTTP/1.1 200 OK
Content-Type: application/json; charset=utf-8
cache-control: no-cache
content-length: 88

18:25:01.269 [AsyncHttpClient-1-5] DEBUG org.asynchttpclient.netty.channel.ChannelManager - Adding key: http://localhost:50370 for channel [id: 0xa57a1b7b, L:/127.0.0.1:49596 - R:localhost/127.0.0.1:50370]
18:25:01.271 [Forwarding clickElement on session b509e97c800041d1036aedd7f35076d7 to remote] DEBUG org.asynchttpclient.netty.request.NettyRequestSender - Using pooled Channel '[id: 0xa57a1b7b, L:/127.0.0.1:49596 - R:localhost/127.0.0.1:50370]' for 'POST' to 'http://localhost:50370/session/b509e97c800041d1036aedd7f35076d7/element/c3be85a7-e216-430a-8728-a540ce21b9e2/click'
18:25:01.271 [Forwarding clickElement on session b509e97c800041d1036aedd7f35076d7 to remote] DEBUG org.asynchttpclient.netty.request.NettyRequestSender - Using open Channel [id: 0xa57a1b7b, L:/127.0.0.1:49596 - R:localhost/127.0.0.1:50370] for POST '/session/b509e97c800041d1036aedd7f35076d7/element/c3be85a7-e216-430a-8728-a540ce21b9e2/click'
18:25:01.390 [AsyncHttpClient-1-5] DEBUG org.asynchttpclient.netty.handler.HttpHandler - 

Request DefaultHttpRequest(decodeResult: success, version: HTTP/1.1)
POST /session/b509e97c800041d1036aedd7f35076d7/element/c3be85a7-e216-430a-8728-a540ce21b9e2/click HTTP/1.1
User-Agent: selenium/4.1.4 (java windows)
Content-Length: 50
Content-Type: application/json; charset=utf-8
host: localhost:50370
accept: */*

Response DefaultHttpResponse(decodeResult: success, version: HTTP/1.1)
HTTP/1.1 200 OK
Content-Type: application/json; charset=utf-8
cache-control: no-cache
content-length: 14

18:25:01.390 [AsyncHttpClient-1-5] DEBUG org.asynchttpclient.netty.channel.ChannelManager - Adding key: http://localhost:50370 for channel [id: 0xa57a1b7b, L:/127.0.0.1:49596 - R:localhost/127.0.0.1:50370]
18:25:01.399 [Forwarding screenshot on session b509e97c800041d1036aedd7f35076d7 to remote] DEBUG org.asynchttpclient.netty.request.NettyRequestSender - Using pooled Channel '[id: 0xa57a1b7b, L:/127.0.0.1:49596 - R:localhost/127.0.0.1:50370]' for 'GET' to 'http://localhost:50370/session/b509e97c800041d1036aedd7f35076d7/screenshot'
18:25:01.399 [Forwarding screenshot on session b509e97c800041d1036aedd7f35076d7 to remote] DEBUG org.asynchttpclient.netty.request.NettyRequestSender - Using open Channel [id: 0xa57a1b7b, L:/127.0.0.1:49596 - R:localhost/127.0.0.1:50370] for GET '/session/b509e97c800041d1036aedd7f35076d7/screenshot'
18:25:01.586 [AsyncHttpClient-1-5] DEBUG org.asynchttpclient.netty.handler.HttpHandler - 

Request DefaultFullHttpRequest(decodeResult: success, version: HTTP/1.1, content: EmptyByteBufBE)
GET /session/b509e97c800041d1036aedd7f35076d7/screenshot HTTP/1.1
User-Agent: selenium/4.1.4 (java windows)
Cache-Control: no-cache
Content-Type: application/json; charset=utf-8
host: localhost:50370
accept: */*

Response DefaultHttpResponse(decodeResult: success, version: HTTP/1.1)
HTTP/1.1 200 OK
Content-Type: application/json; charset=utf-8
cache-control: no-cache
content-length: 114480

18:25:01.587 [AsyncHttpClient-1-5] DEBUG org.asynchttpclient.netty.channel.ChannelManager - Adding key: http://localhost:50370 for channel [id: 0xa57a1b7b, L:/127.0.0.1:49596 - R:localhost/127.0.0.1:50370]
18:25:01.594 [main] DEBUG net.serenitybdd.core.photography.Darkroom - Send negative for processing for target\site\serenity\ba0a1d32cf1c6a34efadf08879ca57c2936f48fe83451257ca2b6c2bbda96a67.png
18:25:01.594 [main] DEBUG net.thucydides.core.steps.StepInterceptor - STEP DONE: clickButtonDataPasien
  &amp#27;[32mThen &amp#27;[0m&amp#27;[32mClick button data pasien&amp#27;[0m                           &amp#27;[90m# starter.stepdefinitios.PatientDataSteps.clickButtonDataPasien()&amp#27;[0m
18:25:01.594 [Darkroom Processing Line] DEBUG net.serenitybdd.core.photography.DarkroomProcessingLine - Processing screenshot image in /var/screenshots/screenshot-2673001634998139609
18:25:01.594 [Darkroom Processing Line] DEBUG net.serenitybdd.core.photography.DarkroomProcessingLine - Saving screenshot to target\site\serenity\ba0a1d32cf1c6a34efadf08879ca57c2936f48fe83451257ca2b6c2bbda96a67.png
18:25:02.139 [AsyncHttpClient-1-1] DEBUG org.asynchttpclient.netty.channel.DefaultChannelPool - Entry count for : http://localhost:49597 : 1
18:25:02.140 [AsyncHttpClient-1-1] DEBUG org.asynchttpclient.netty.channel.DefaultChannelPool - Entry count for : http://localhost:50370 : 1
18:25:03.236 [AsyncHttpClient-1-1] DEBUG org.asynchttpclient.netty.channel.DefaultChannelPool - Entry count for : http://localhost:49597 : 1
18:25:03.236 [AsyncHttpClient-1-1] DEBUG org.asynchttpclient.netty.channel.DefaultChannelPool - Entry count for : http://localhost:50370 : 1
18:25:04.341 [AsyncHttpClient-1-1] DEBUG org.asynchttpclient.netty.channel.DefaultChannelPool - Entry count for : http://localhost:49597 : 1
18:25:04.341 [AsyncHttpClient-1-1] DEBUG org.asynchttpclient.netty.channel.DefaultChannelPool - Entry count for : http://localhost:50370 : 1
18:25:05.439 [AsyncHttpClient-1-1] DEBUG org.asynchttpclient.netty.channel.DefaultChannelPool - Entry count for : http://localhost:49597 : 1
18:25:05.439 [AsyncHttpClient-1-1] DEBUG org.asynchttpclient.netty.channel.DefaultChannelPool - Entry count for : http://localhost:50370 : 1
18:25:06.546 [AsyncHttpClient-1-1] DEBUG org.asynchttpclient.netty.channel.DefaultChannelPool - Entry count for : http://localhost:49597 : 1
18:25:06.547 [AsyncHttpClient-1-1] DEBUG org.asynchttpclient.netty.channel.DefaultChannelPool - Entry count for : http://localhost:50370 : 1
18:25:06.614 [Forwarding screenshot on session b509e97c800041d1036aedd7f35076d7 to remote] DEBUG org.asynchttpclient.netty.request.NettyRequestSender - Using pooled Channel '[id: 0xa57a1b7b, L:/127.0.0.1:49596 - R:localhost/127.0.0.1:50370]' for 'GET' to 'http://localhost:50370/session/b509e97c800041d1036aedd7f35076d7/screenshot'
18:25:06.614 [Forwarding screenshot on session b509e97c800041d1036aedd7f35076d7 to remote] DEBUG org.asynchttpclient.netty.request.NettyRequestSender - Using open Channel [id: 0xa57a1b7b, L:/127.0.0.1:49596 - R:localhost/127.0.0.1:50370] for GET '/session/b509e97c800041d1036aedd7f35076d7/screenshot'
18:25:06.760 [AsyncHttpClient-1-5] DEBUG org.asynchttpclient.netty.handler.HttpHandler - 

Request DefaultFullHttpRequest(decodeResult: success, version: HTTP/1.1, content: EmptyByteBufBE)
GET /session/b509e97c800041d1036aedd7f35076d7/screenshot HTTP/1.1
User-Agent: selenium/4.1.4 (java windows)
Cache-Control: no-cache
Content-Type: application/json; charset=utf-8
host: localhost:50370
accept: */*

Response DefaultHttpResponse(decodeResult: success, version: HTTP/1.1)
HTTP/1.1 200 OK
Content-Type: application/json; charset=utf-8
cache-control: no-cache
content-length: 77116

18:25:06.761 [AsyncHttpClient-1-5] DEBUG org.asynchttpclient.netty.channel.ChannelManager - Adding key: http://localhost:50370 for channel [id: 0xa57a1b7b, L:/127.0.0.1:49596 - R:localhost/127.0.0.1:50370]
18:25:06.764 [main] DEBUG net.serenitybdd.core.photography.Darkroom - Send negative for processing for target\site\serenity\7b91d8fec278ff4d2a2ea93107cf746ee6b7afed8cbdcdef19c6e7622a3ae4f0.png
18:25:06.764 [main] DEBUG net.thucydides.core.steps.StepInterceptor - STARTING STEP: PatientDataSteps.clickDetailPatientData - clickButtonDetail
18:25:06.770 [Darkroom Processing Line] DEBUG net.serenitybdd.core.photography.DarkroomProcessingLine - Processing screenshot image in /var/screenshots/screenshot-1493514374380387387
18:25:06.770 [Darkroom Processing Line] DEBUG net.serenitybdd.core.photography.DarkroomProcessingLine - Saving screenshot to target\site\serenity\7b91d8fec278ff4d2a2ea93107cf746ee6b7afed8cbdcdef19c6e7622a3ae4f0.png
18:25:06.775 [Forwarding findElement on session b509e97c800041d1036aedd7f35076d7 to remote] DEBUG org.asynchttpclient.netty.request.NettyRequestSender - Using pooled Channel '[id: 0xa57a1b7b, L:/127.0.0.1:49596 - R:localhost/127.0.0.1:50370]' for 'POST' to 'http://localhost:50370/session/b509e97c800041d1036aedd7f35076d7/element'
18:25:06.776 [Forwarding findElement on session b509e97c800041d1036aedd7f35076d7 to remote] DEBUG org.asynchttpclient.netty.request.NettyRequestSender - Using open Channel [id: 0xa57a1b7b, L:/127.0.0.1:49596 - R:localhost/127.0.0.1:50370] for POST '/session/b509e97c800041d1036aedd7f35076d7/element'
18:25:06.788 [AsyncHttpClient-1-5] DEBUG org.asynchttpclient.netty.handler.HttpHandler - 

Request DefaultHttpRequest(decodeResult: success, version: HTTP/1.1)
POST /session/b509e97c800041d1036aedd7f35076d7/element HTTP/1.1
User-Agent: selenium/4.1.4 (java windows)
Content-Length: 92
Content-Type: application/json; charset=utf-8
host: localhost:50370
accept: */*

Response DefaultHttpResponse(decodeResult: success, version: HTTP/1.1)
HTTP/1.1 200 OK
Content-Type: application/json; charset=utf-8
cache-control: no-cache
content-length: 88

18:25:06.788 [AsyncHttpClient-1-5] DEBUG org.asynchttpclient.netty.channel.ChannelManager - Adding key: http://localhost:50370 for channel [id: 0xa57a1b7b, L:/127.0.0.1:49596 - R:localhost/127.0.0.1:50370]
18:25:06.790 [Forwarding getElementTagName on session b509e97c800041d1036aedd7f35076d7 to remote] DEBUG org.asynchttpclient.netty.request.NettyRequestSender - Using pooled Channel '[id: 0xa57a1b7b, L:/127.0.0.1:49596 - R:localhost/127.0.0.1:50370]' for 'GET' to 'http://localhost:50370/session/b509e97c800041d1036aedd7f35076d7/element/09bf22d3-2c9e-487f-93f3-3408abe24c67/name'
18:25:06.791 [Forwarding getElementTagName on session b509e97c800041d1036aedd7f35076d7 to remote] DEBUG org.asynchttpclient.netty.request.NettyRequestSender - Using open Channel [id: 0xa57a1b7b, L:/127.0.0.1:49596 - R:localhost/127.0.0.1:50370] for GET '/session/b509e97c800041d1036aedd7f35076d7/element/09bf22d3-2c9e-487f-93f3-3408abe24c67/name'
18:25:06.793 [AsyncHttpClient-1-5] DEBUG org.asynchttpclient.netty.handler.HttpHandler - 

Request DefaultFullHttpRequest(decodeResult: success, version: HTTP/1.1, content: EmptyByteBufBE)
GET /session/b509e97c800041d1036aedd7f35076d7/element/09bf22d3-2c9e-487f-93f3-3408abe24c67/name HTTP/1.1
User-Agent: selenium/4.1.4 (java windows)
Cache-Control: no-cache
Content-Type: application/json; charset=utf-8
host: localhost:50370
accept: */*

Response DefaultHttpResponse(decodeResult: success, version: HTTP/1.1)
HTTP/1.1 200 OK
Content-Type: application/json; charset=utf-8
cache-control: no-cache
content-length: 15

18:25:06.793 [AsyncHttpClient-1-5] DEBUG org.asynchttpclient.netty.channel.ChannelManager - Adding key: http://localhost:50370 for channel [id: 0xa57a1b7b, L:/127.0.0.1:49596 - R:localhost/127.0.0.1:50370]
18:25:06.794 [Forwarding getElementTagName on session b509e97c800041d1036aedd7f35076d7 to remote] DEBUG org.asynchttpclient.netty.request.NettyRequestSender - Using pooled Channel '[id: 0xa57a1b7b, L:/127.0.0.1:49596 - R:localhost/127.0.0.1:50370]' for 'GET' to 'http://localhost:50370/session/b509e97c800041d1036aedd7f35076d7/element/09bf22d3-2c9e-487f-93f3-3408abe24c67/name'
18:25:06.794 [Forwarding getElementTagName on session b509e97c800041d1036aedd7f35076d7 to remote] DEBUG org.asynchttpclient.netty.request.NettyRequestSender - Using open Channel [id: 0xa57a1b7b, L:/127.0.0.1:49596 - R:localhost/127.0.0.1:50370] for GET '/session/b509e97c800041d1036aedd7f35076d7/element/09bf22d3-2c9e-487f-93f3-3408abe24c67/name'
18:25:06.797 [AsyncHttpClient-1-5] DEBUG org.asynchttpclient.netty.handler.HttpHandler - 

Request DefaultFullHttpRequest(decodeResult: success, version: HTTP/1.1, content: EmptyByteBufBE)
GET /session/b509e97c800041d1036aedd7f35076d7/element/09bf22d3-2c9e-487f-93f3-3408abe24c67/name HTTP/1.1
User-Agent: selenium/4.1.4 (java windows)
Cache-Control: no-cache
Content-Type: application/json; charset=utf-8
host: localhost:50370
accept: */*

Response DefaultHttpResponse(decodeResult: success, version: HTTP/1.1)
HTTP/1.1 200 OK
Content-Type: application/json; charset=utf-8
cache-control: no-cache
content-length: 15

18:25:06.797 [AsyncHttpClient-1-5] DEBUG org.asynchttpclient.netty.channel.ChannelManager - Adding key: http://localhost:50370 for channel [id: 0xa57a1b7b, L:/127.0.0.1:49596 - R:localhost/127.0.0.1:50370]
18:25:06.799 [Forwarding findElement on session b509e97c800041d1036aedd7f35076d7 to remote] DEBUG org.asynchttpclient.netty.request.NettyRequestSender - Using pooled Channel '[id: 0xa57a1b7b, L:/127.0.0.1:49596 - R:localhost/127.0.0.1:50370]' for 'POST' to 'http://localhost:50370/session/b509e97c800041d1036aedd7f35076d7/element'
18:25:06.799 [Forwarding findElement on session b509e97c800041d1036aedd7f35076d7 to remote] DEBUG org.asynchttpclient.netty.request.NettyRequestSender - Using open Channel [id: 0xa57a1b7b, L:/127.0.0.1:49596 - R:localhost/127.0.0.1:50370] for POST '/session/b509e97c800041d1036aedd7f35076d7/element'
18:25:06.807 [AsyncHttpClient-1-5] DEBUG org.asynchttpclient.netty.handler.HttpHandler - 

Request DefaultHttpRequest(decodeResult: success, version: HTTP/1.1)
POST /session/b509e97c800041d1036aedd7f35076d7/element HTTP/1.1
User-Agent: selenium/4.1.4 (java windows)
Content-Length: 92
Content-Type: application/json; charset=utf-8
host: localhost:50370
accept: */*

Response DefaultHttpResponse(decodeResult: success, version: HTTP/1.1)
HTTP/1.1 200 OK
Content-Type: application/json; charset=utf-8
cache-control: no-cache
content-length: 88

18:25:06.807 [AsyncHttpClient-1-5] DEBUG org.asynchttpclient.netty.channel.ChannelManager - Adding key: http://localhost:50370 for channel [id: 0xa57a1b7b, L:/127.0.0.1:49596 - R:localhost/127.0.0.1:50370]
18:25:06.808 [Forwarding clickElement on session b509e97c800041d1036aedd7f35076d7 to remote] DEBUG org.asynchttpclient.netty.request.NettyRequestSender - Using pooled Channel '[id: 0xa57a1b7b, L:/127.0.0.1:49596 - R:localhost/127.0.0.1:50370]' for 'POST' to 'http://localhost:50370/session/b509e97c800041d1036aedd7f35076d7/element/09bf22d3-2c9e-487f-93f3-3408abe24c67/click'
18:25:06.808 [Forwarding clickElement on session b509e97c800041d1036aedd7f35076d7 to remote] DEBUG org.asynchttpclient.netty.request.NettyRequestSender - Using open Channel [id: 0xa57a1b7b, L:/127.0.0.1:49596 - R:localhost/127.0.0.1:50370] for POST '/session/b509e97c800041d1036aedd7f35076d7/element/09bf22d3-2c9e-487f-93f3-3408abe24c67/click'
18:25:06.973 [AsyncHttpClient-1-5] DEBUG org.asynchttpclient.netty.handler.HttpHandler - 

Request DefaultHttpRequest(decodeResult: success, version: HTTP/1.1)
POST /session/b509e97c800041d1036aedd7f35076d7/element/09bf22d3-2c9e-487f-93f3-3408abe24c67/click HTTP/1.1
User-Agent: selenium/4.1.4 (java windows)
Content-Length: 50
Content-Type: application/json; charset=utf-8
host: localhost:50370
accept: */*

Response DefaultHttpResponse(decodeResult: success, version: HTTP/1.1)
HTTP/1.1 200 OK
Content-Type: application/json; charset=utf-8
cache-control: no-cache
content-length: 14

18:25:06.973 [AsyncHttpClient-1-5] DEBUG org.asynchttpclient.netty.channel.ChannelManager - Adding key: http://localhost:50370 for channel [id: 0xa57a1b7b, L:/127.0.0.1:49596 - R:localhost/127.0.0.1:50370]
18:25:06.982 [Forwarding screenshot on session b509e97c800041d1036aedd7f35076d7 to remote] DEBUG org.asynchttpclient.netty.request.NettyRequestSender - Using pooled Channel '[id: 0xa57a1b7b, L:/127.0.0.1:49596 - R:localhost/127.0.0.1:50370]' for 'GET' to 'http://localhost:50370/session/b509e97c800041d1036aedd7f35076d7/screenshot'
18:25:06.982 [Forwarding screenshot on session b509e97c800041d1036aedd7f35076d7 to remote] DEBUG org.asynchttpclient.netty.request.NettyRequestSender - Using open Channel [id: 0xa57a1b7b, L:/127.0.0.1:49596 - R:localhost/127.0.0.1:50370] for GET '/session/b509e97c800041d1036aedd7f35076d7/screenshot'
18:25:07.170 [AsyncHttpClient-1-5] DEBUG org.asynchttpclient.netty.handler.HttpHandler - 

Request DefaultFullHttpRequest(decodeResult: success, version: HTTP/1.1, content: EmptyByteBufBE)
GET /session/b509e97c800041d1036aedd7f35076d7/screenshot HTTP/1.1
User-Agent: selenium/4.1.4 (java windows)
Cache-Control: no-cache
Content-Type: application/json; charset=utf-8
host: localhost:50370
accept: */*

Response DefaultHttpResponse(decodeResult: success, version: HTTP/1.1)
HTTP/1.1 200 OK
Content-Type: application/json; charset=utf-8
cache-control: no-cache
content-length: 31312

18:25:07.171 [AsyncHttpClient-1-5] DEBUG org.asynchttpclient.netty.channel.ChannelManager - Adding key: http://localhost:50370 for channel [id: 0xa57a1b7b, L:/127.0.0.1:49596 - R:localhost/127.0.0.1:50370]
18:25:07.177 [main] DEBUG net.serenitybdd.core.photography.Darkroom - Send negative for processing for target\site\serenity\f242c352d70e3961d59cb4cdc6d4b8684e614dedeea49e84cac4a15dcb08c9a3.png
18:25:07.178 [main] DEBUG net.thucydides.core.steps.StepInterceptor - STEP DONE: clickButtonDetail
  &amp#27;[32mAnd &amp#27;[0m&amp#27;[32mClick Detail Patient data&amp#27;[0m                           &amp#27;[90m# starter.stepdefinitios.PatientDataSteps.clickDetailPatientData()&amp#27;[0m
18:25:07.178 [Darkroom Processing Line] DEBUG net.serenitybdd.core.photography.DarkroomProcessingLine - Processing screenshot image in /var/screenshots/screenshot-4925090960333631674
18:25:07.178 [Darkroom Processing Line] DEBUG net.serenitybdd.core.photography.DarkroomProcessingLine - Saving screenshot to target\site\serenity\f242c352d70e3961d59cb4cdc6d4b8684e614dedeea49e84cac4a15dcb08c9a3.png
18:25:07.636 [AsyncHttpClient-1-1] DEBUG org.asynchttpclient.netty.channel.DefaultChannelPool - Entry count for : http://localhost:49597 : 1
18:25:07.636 [AsyncHttpClient-1-1] DEBUG org.asynchttpclient.netty.channel.DefaultChannelPool - Entry count for : http://localhost:50370 : 1
18:25:08.717 [Forwarding screenshot on session b509e97c800041d1036aedd7f35076d7 to remote] DEBUG org.asynchttpclient.netty.request.NettyRequestSender - Using pooled Channel '[id: 0xa57a1b7b, L:/127.0.0.1:49596 - R:localhost/127.0.0.1:50370]' for 'GET' to 'http://localhost:50370/session/b509e97c800041d1036aedd7f35076d7/screenshot'
18:25:08.717 [Forwarding screenshot on session b509e97c800041d1036aedd7f35076d7 to remote] DEBUG org.asynchttpclient.netty.request.NettyRequestSender - Using open Channel [id: 0xa57a1b7b, L:/127.0.0.1:49596 - R:localhost/127.0.0.1:50370] for GET '/session/b509e97c800041d1036aedd7f35076d7/screenshot'
18:25:08.736 [AsyncHttpClient-1-1] DEBUG org.asynchttpclient.netty.channel.DefaultChannelPool - Entry count for : http://localhost:49597 : 1
18:25:08.929 [AsyncHttpClient-1-5] DEBUG org.asynchttpclient.netty.handler.HttpHandler - 

Request DefaultFullHttpRequest(decodeResult: success, version: HTTP/1.1, content: EmptyByteBufBE)
GET /session/b509e97c800041d1036aedd7f35076d7/screenshot HTTP/1.1
User-Agent: selenium/4.1.4 (java windows)
Cache-Control: no-cache
Content-Type: application/json; charset=utf-8
host: localhost:50370
accept: */*

Response DefaultHttpResponse(decodeResult: success, version: HTTP/1.1)
HTTP/1.1 200 OK
Content-Type: application/json; charset=utf-8
cache-control: no-cache
content-length: 75860

18:25:08.929 [AsyncHttpClient-1-5] DEBUG org.asynchttpclient.netty.channel.ChannelManager - Adding key: http://localhost:50370 for channel [id: 0xa57a1b7b, L:/127.0.0.1:49596 - R:localhost/127.0.0.1:50370]
18:25:08.933 [main] DEBUG net.serenitybdd.core.photography.Darkroom - Send negative for processing for target\site\serenity\7703f115f2db9bb3542e51ec290d173e58a4413352b5ef7258a37aa9cfe0e2d1.png
18:25:08.933 [Darkroom Processing Line] DEBUG net.serenitybdd.core.photography.DarkroomProcessingLine - Processing screenshot image in /var/screenshots/screenshot-17265527304407950324
18:25:08.933 [Darkroom Processing Line] DEBUG net.serenitybdd.core.photography.DarkroomProcessingLine - Saving screenshot to target\site\serenity\7703f115f2db9bb3542e51ec290d173e58a4413352b5ef7258a37aa9cfe0e2d1.png
18:25:08.933 [main] DEBUG net.thucydides.core.steps.StepInterceptor - STARTING STEP: PatientDataSteps.validData - checkValidDataPasien
18:25:08.936 [Forwarding findElement on session b509e97c800041d1036aedd7f35076d7 to remote] DEBUG org.asynchttpclient.netty.request.NettyRequestSender - Using pooled Channel '[id: 0xa57a1b7b, L:/127.0.0.1:49596 - R:localhost/127.0.0.1:50370]' for 'POST' to 'http://localhost:50370/session/b509e97c800041d1036aedd7f35076d7/element'
18:25:08.936 [Forwarding findElement on session b509e97c800041d1036aedd7f35076d7 to remote] DEBUG org.asynchttpclient.netty.request.NettyRequestSender - Using open Channel [id: 0xa57a1b7b, L:/127.0.0.1:49596 - R:localhost/127.0.0.1:50370] for POST '/session/b509e97c800041d1036aedd7f35076d7/element'
18:25:08.950 [AsyncHttpClient-1-5] DEBUG org.asynchttpclient.netty.handler.HttpHandler - 

Request DefaultHttpRequest(decodeResult: success, version: HTTP/1.1)
POST /session/b509e97c800041d1036aedd7f35076d7/element HTTP/1.1
User-Agent: selenium/4.1.4 (java windows)
Content-Length: 95
Content-Type: application/json; charset=utf-8
host: localhost:50370
accept: */*

Response DefaultHttpResponse(decodeResult: success, version: HTTP/1.1)
HTTP/1.1 200 OK
Content-Type: application/json; charset=utf-8
cache-control: no-cache
content-length: 88

18:25:08.950 [AsyncHttpClient-1-5] DEBUG org.asynchttpclient.netty.channel.ChannelManager - Adding key: http://localhost:50370 for channel [id: 0xa57a1b7b, L:/127.0.0.1:49596 - R:localhost/127.0.0.1:50370]
18:25:08.951 [Forwarding isElementEnabled on session b509e97c800041d1036aedd7f35076d7 to remote] DEBUG org.asynchttpclient.netty.request.NettyRequestSender - Using pooled Channel '[id: 0xa57a1b7b, L:/127.0.0.1:49596 - R:localhost/127.0.0.1:50370]' for 'GET' to 'http://localhost:50370/session/b509e97c800041d1036aedd7f35076d7/element/5cd3c80f-cc38-4415-8e97-248ffb221bb0/enabled'
18:25:08.951 [Forwarding isElementEnabled on session b509e97c800041d1036aedd7f35076d7 to remote] DEBUG org.asynchttpclient.netty.request.NettyRequestSender - Using open Channel [id: 0xa57a1b7b, L:/127.0.0.1:49596 - R:localhost/127.0.0.1:50370] for GET '/session/b509e97c800041d1036aedd7f35076d7/element/5cd3c80f-cc38-4415-8e97-248ffb221bb0/enabled'
18:25:08.960 [AsyncHttpClient-1-5] DEBUG org.asynchttpclient.netty.handler.HttpHandler - 

Request DefaultFullHttpRequest(decodeResult: success, version: HTTP/1.1, content: EmptyByteBufBE)
GET /session/b509e97c800041d1036aedd7f35076d7/element/5cd3c80f-cc38-4415-8e97-248ffb221bb0/enabled HTTP/1.1
User-Agent: selenium/4.1.4 (java windows)
Cache-Control: no-cache
Content-Type: application/json; charset=utf-8
host: localhost:50370
accept: */*

Response DefaultHttpResponse(decodeResult: success, version: HTTP/1.1)
HTTP/1.1 200 OK
Content-Type: application/json; charset=utf-8
cache-control: no-cache
content-length: 14

18:25:08.960 [AsyncHttpClient-1-5] DEBUG org.asynchttpclient.netty.channel.ChannelManager - Adding key: http://localhost:50370 for channel [id: 0xa57a1b7b, L:/127.0.0.1:49596 - R:localhost/127.0.0.1:50370]
18:25:08.967 [main] DEBUG net.thucydides.core.steps.StepInterceptor - STEP DONE: checkValidDataPasien
  &amp#27;[32mAnd &amp#27;[0m&amp#27;[32mValid data detail pasien&amp#27;[0m                            &amp#27;[90m# starter.stepdefinitios.PatientDataSteps.validData()&amp#27;[0m
18:25:08.980 [AsyncHttpClient-1-7] DEBUG org.asynchttpclient.netty.handler.WebSocketHandler - Channel Closed: [id: 0x9230556e, L:/127.0.0.1:49604 ! R:localhost/127.0.0.1:49597] with attribute NettyResponseFuture{currentRetry=5,
	isDone=1,
	isCancelled=0,
	asyncHandler=org.asynchttpclient.ws.WebSocketUpgradeHandler@67b7f37f,
	nettyRequest=org.asynchttpclient.netty.request.NettyRequest@22b561ed,
	future=java.util.concurrent.CompletableFuture@332b1a54[Completed normally],
	uri=ws://localhost:49597/devtools/browser/3a0f3801-2932-4c05-b26b-7d80c1eb1d51,
	keepAlive=true,
	redirectCount=0,
	timeoutsHolder=null,
	inAuth=0,
	touch=1658057084724}
18:25:08.980 [AsyncHttpClient-1-7] DEBUG org.asynchttpclient.netty.channel.ChannelManager - Closing Channel [id: 0x9230556e, L:/127.0.0.1:49604 ! R:localhost/127.0.0.1:49597] 
18:25:08.980 [Driver Command Executor] DEBUG org.asynchttpclient.netty.request.NettyRequestSender - Using pooled Channel '[id: 0xa57a1b7b, L:/127.0.0.1:49596 - R:localhost/127.0.0.1:50370]' for 'DELETE' to 'http://localhost:50370/session/b509e97c800041d1036aedd7f35076d7'
18:25:08.981 [Driver Command Executor] DEBUG org.asynchttpclient.netty.request.NettyRequestSender - Using open Channel [id: 0xa57a1b7b, L:/127.0.0.1:49596 - R:localhost/127.0.0.1:50370] for DELETE '/session/b509e97c800041d1036aedd7f35076d7'
18:25:09.524 [AsyncHttpClient-1-6] DEBUG org.asynchttpclient.netty.handler.HttpHandler - Unexpected I/O exception on channel [id: 0x518bee51, L:/127.0.0.1:49603 - R:localhost/127.0.0.1:49597]
java.io.IOException: An existing connection was forcibly closed by the remote host
	at java.base/sun.nio.ch.SocketDispatcher.read0(Native Method)
	at java.base/sun.nio.ch.SocketDispatcher.read(SocketDispatcher.java:43)
	at java.base/sun.nio.ch.IOUtil.readIntoNativeBuffer(IOUtil.java:276)
	at java.base/sun.nio.ch.IOUtil.read(IOUtil.java:233)
	at java.base/sun.nio.ch.IOUtil.read(IOUtil.java:223)
	at java.base/sun.nio.ch.SocketChannelImpl.read(SocketChannelImpl.java:356)
	at io.netty.buffer.PooledByteBuf.setBytes(PooledByteBuf.java:258)
	at io.netty.buffer.AbstractByteBuf.writeBytes(AbstractByteBuf.java:1132)
	at io.netty.channel.socket.nio.NioSocketChannel.doReadBytes(NioSocketChannel.java:357)
	at io.netty.channel.nio.AbstractNioByteChannel$NioByteUnsafe.read(AbstractNioByteChannel.java:151)
	at io.netty.channel.nio.NioEventLoop.processSelectedKey(NioEventLoop.java:722)
	at io.netty.channel.nio.NioEventLoop.processSelectedKeysOptimized(NioEventLoop.java:658)
	at io.netty.channel.nio.NioEventLoop.processSelectedKeys(NioEventLoop.java:584)
	at io.netty.channel.nio.NioEventLoop.run(NioEventLoop.java:496)
	at io.netty.util.concurrent.SingleThreadEventExecutor$4.run(SingleThreadEventExecutor.java:986)
	at io.netty.util.internal.ThreadExecutorMap$2.run(ThreadExecutorMap.java:74)
	at io.netty.util.concurrent.FastThreadLocalRunnable.run(FastThreadLocalRunnable.java:30)
	at java.base/java.lang.Thread.run(Thread.java:829)
18:25:09.524 [AsyncHttpClient-1-6] DEBUG org.asynchttpclient.netty.channel.ChannelManager - Closing Channel [id: 0x518bee51, L:/127.0.0.1:49603 - R:localhost/127.0.0.1:49597] 
18:25:09.524 [AsyncHttpClient-1-6] DEBUG org.asynchttpclient.netty.handler.HttpHandler - Channel Closed: [id: 0x518bee51, L:/127.0.0.1:49603 ! R:localhost/127.0.0.1:49597] with attribute DISCARD
18:25:09.587 [AsyncHttpClient-1-5] DEBUG org.asynchttpclient.netty.handler.HttpHandler - 

Request DefaultFullHttpRequest(decodeResult: success, version: HTTP/1.1, content: EmptyByteBufBE)
DELETE /session/b509e97c800041d1036aedd7f35076d7 HTTP/1.1
User-Agent: selenium/4.1.4 (java windows)
Content-Type: application/json; charset=utf-8
host: localhost:50370
accept: */*

Response DefaultHttpResponse(decodeResult: success, version: HTTP/1.1)
HTTP/1.1 200 OK
Content-Type: application/json; charset=utf-8
cache-control: no-cache
content-length: 14

18:25:09.587 [AsyncHttpClient-1-5] DEBUG org.asynchttpclient.netty.channel.ChannelManager - Adding key: http://localhost:50370 for channel [id: 0xa57a1b7b, L:/127.0.0.1:49596 - R:localhost/127.0.0.1:50370]
18:25:09.652 [AsyncHttpClient-1-5] DEBUG org.asynchttpclient.netty.handler.HttpHandler - Channel Closed: [id: 0xa57a1b7b, L:/127.0.0.1:49596 ! R:localhost/127.0.0.1:50370] with attribute DISCARD
18:25:09.706 [main] INFO  - 
  _____   ___   ___   _____     ___     _     ___   ___   ___   ___  
 |_   _| | __| / __| |_   _|   | _ \   /_\   / __| / __| | __| |   \ 
   | |   | _|  \__ \   | |     |  _/  / _ \  \__ \ \__ \ | _|  | |) |
   |_|   |___| |___/   |_|     |_|   /_/ \_\ |___/ |___/ |___| |___/ 

As a admin i want to detail data pasien
----------------------------------------------------------------------
]]></system-out>
    <system-err><![CDATA[Starting ChromeDriver 103.0.5060.53 (a1711811edd74ff1cf2150f36ffa3b0dae40b17f-refs/branch-heads/5060@{#853}) on port 50370
Only local connections are allowed.
Please see https://chromedriver.chromium.org/security-considerations for suggestions on keeping ChromeDriver safe.
ChromeDriver was started successfully.
Jul 17, 2022 6:24:44 PM org.openqa.selenium.remote.ProtocolHandshake createSession
INFO: Detected dialect: W3C
Jul 17, 2022 6:24:44 PM org.openqa.selenium.devtools.CdpVersionFinder findNearestMatch
WARNING: Unable to find an exact match for CDP version 103, so returning the closest version found: 101
Jul 17, 2022 6:24:44 PM org.openqa.selenium.devtools.CdpVersionFinder findNearestMatch
INFO: Found CDP implementation for version 103 of 101
]]></system-err>
  </testcase>
  <testcase name="As a admin i want to add data pasien (JK Laki-Laki) - Valid" classname="Data Pasien - Admin" time="40.623">
    <system-out><![CDATA[
@DataPasien111 @AddPatientDataValid
Scenario Outline: As a admin i want to add data pasien (JK Laki-Laki) - Valid         &amp#27;[90m# src/test/resources/features/4DataPasien.feature:46&amp#27;[0m
18:25:09.735 [main] INFO io.cucumber.core.plugin.SerenityReporter - Running feature from file:///C:/Alterra/CapstoneBaru/QE/TestingWebUpdate/src/test/resources/features/4DataPasien.feature
18:25:09.738 [main] INFO  - 
  _____   ___   ___   _____     ___   _____     _     ___   _____   ___   ___  
 |_   _| | __| / __| |_   _|   / __| |_   _|   /_\   | _ \ |_   _| | __| |   \ 
   | |   | _|  \__ \   | |     \__ \   | |    / _ \  |   /   | |   | _|  | |) |
   |_|   |___| |___/   |_|     |___/   |_|   /_/ \_\ |_|_\   |_|   |___| |___/ 

As a admin i want to add data pasien (JK Laki-Laki) - Valid(data-pasien---admin;as-a-admin-i-want-to-add-data-pasien-(jk-laki-laki)---valid)
--------------------------------------------------------------------------------
18:25:09.873 [AsyncHttpClient-1-1] DEBUG org.asynchttpclient.netty.channel.DefaultChannelPool - Entry count for : http://localhost:49597 : 1
18:25:09.873 [AsyncHttpClient-1-1] DEBUG org.asynchttpclient.netty.channel.DefaultChannelPool - Entry count for : http://localhost:50370 : 1
18:25:09.873 [AsyncHttpClient-1-1] DEBUG org.asynchttpclient.netty.channel.DefaultChannelPool - Adding Candidate expired Channel [id: 0x518bee51, L:/127.0.0.1:49603 ! R:localhost/127.0.0.1:49597] isIdleTimeoutExpired=false isRemotelyClosed=true isTtlExpired=false
18:25:09.873 [AsyncHttpClient-1-1] DEBUG org.asynchttpclient.netty.channel.DefaultChannelPool - Closing Idle Channel [id: 0x518bee51, L:/127.0.0.1:49603 ! R:localhost/127.0.0.1:49597]
18:25:09.873 [AsyncHttpClient-1-1] DEBUG org.asynchttpclient.netty.channel.DefaultChannelPool - Adding Candidate expired Channel [id: 0xa57a1b7b, L:/127.0.0.1:49596 ! R:localhost/127.0.0.1:50370] isIdleTimeoutExpired=false isRemotelyClosed=true isTtlExpired=false
18:25:09.873 [AsyncHttpClient-1-1] DEBUG org.asynchttpclient.netty.channel.DefaultChannelPool - Closing Idle Channel [id: 0xa57a1b7b, L:/127.0.0.1:49596 ! R:localhost/127.0.0.1:50370]
18:25:09.873 [AsyncHttpClient-1-1] DEBUG org.asynchttpclient.netty.channel.DefaultChannelPool - Closed 2 connections out of 2 in 0 ms
18:25:09.902 [main] DEBUG net.thucydides.core.steps.StepInterceptor - STARTING STEP: LoginSteps.openLoginPage - openLogin
18:25:09.907 [main] INFO net.serenitybdd.core.webdriver.driverproviders.ChromeDriverProvider - Using automatically driver download
18:25:10.187 [main] DEBUG io.github.bonigarcia.wdm.cache.ResolutionCache - Resolution chrome=103 in cache (valid until 18:54:33 17/07/2022 ICT)
18:25:10.198 [main] DEBUG io.github.bonigarcia.wdm.cache.ResolutionCache - Resolution chrome103=103.0.5060.53 in cache (valid until 17:54:33 18/07/2022 ICT)
18:25:10.203 [main] INFO io.github.bonigarcia.wdm.WebDriverManager - Using chromedriver 103.0.5060.53 (resolved driver for Chrome 103)
18:25:10.228 [main] DEBUG io.github.bonigarcia.wdm.WebDriverManager - Driver chromedriver 103.0.5060.53 found in cache
18:25:10.232 [main] INFO io.github.bonigarcia.wdm.WebDriverManager - Exporting webdriver.chrome.driver as C:\Users\Bagas Dwi Saputra\.cache\selenium\chromedriver\win32\103.0.5060.53\chromedriver.exe
18:25:10.792 [main] DEBUG net.serenitybdd.core.webdriver.driverproviders.ProvideNewDriver - Instantiating driver
18:25:10.792 [main] DEBUG net.serenitybdd.core.webdriver.driverproviders.ProvideNewDriver - Driver capabilities: Capabilities {acceptInsecureCerts: false, base.url: https://fanciful-trifle-360..., browserName: chrome, chorme.driver: src/test/resources/webdrive..., driver: chrome, goog:chromeOptions: {args: [], extensions: []}}
18:25:10.997 [AsyncHttpClient-1-8] DEBUG org.asynchttpclient.netty.channel.NettyConnectListener - Using new Channel '[id: 0x79d9b8b6, L:/127.0.0.1:49623 - R:localhost/127.0.0.1:56189]' for 'POST' to '/session'
18:25:11.715 [AsyncHttpClient-1-8] DEBUG org.asynchttpclient.netty.handler.HttpHandler - 

Request DefaultHttpRequest(decodeResult: success, version: HTTP/1.1)
POST /session HTTP/1.1
User-Agent: selenium/4.1.4 (java windows)
Content-Length: 629
Content-Type: application/json; charset=utf-8
host: localhost:56189
accept: */*

Response DefaultHttpResponse(decodeResult: success, version: HTTP/1.1)
HTTP/1.1 200 OK
Content-Type: application/json; charset=utf-8
cache-control: no-cache
content-length: 793

18:25:11.715 [AsyncHttpClient-1-8] DEBUG org.asynchttpclient.netty.channel.ChannelManager - Adding key: http://localhost:56189 for channel [id: 0x79d9b8b6, L:/127.0.0.1:49623 - R:localhost/127.0.0.1:56189]
18:25:11.726 [AsyncHttpClient-1-9] DEBUG org.asynchttpclient.netty.channel.NettyConnectListener - Using new Channel '[id: 0x1af36c21, L:/127.0.0.1:49630 - R:localhost/127.0.0.1:49624]' for 'GET' to '/json/version'
18:25:11.730 [AsyncHttpClient-1-9] DEBUG org.asynchttpclient.netty.handler.HttpHandler - 

Request DefaultFullHttpRequest(decodeResult: success, version: HTTP/1.1, content: EmptyByteBufBE)
GET /json/version HTTP/1.1
User-Agent: selenium/4.1.4 (java windows)
host: localhost:49624
accept: */*

Response DefaultHttpResponse(decodeResult: success, version: HTTP/1.1)
HTTP/1.1 200 OK
Content-Type: application/json; charset=UTF-8
content-length: 429

18:25:11.730 [AsyncHttpClient-1-9] DEBUG org.asynchttpclient.netty.channel.ChannelManager - Adding key: http://localhost:49624 for channel [id: 0x1af36c21, L:/127.0.0.1:49630 - R:localhost/127.0.0.1:49624]
18:25:11.734 [AsyncHttpClient-1-2] DEBUG org.asynchttpclient.netty.channel.NettyConnectListener - Using new Channel '[id: 0x6b388865, L:/127.0.0.1:49631 - R:localhost/127.0.0.1:49624]' for 'GET' to '/devtools/browser/4a91118e-efd4-4404-b127-7f0c8f4d411c'
18:25:11.735 [AsyncHttpClient-1-2] DEBUG org.asynchttpclient.netty.handler.WebSocketHandler - 

Request DefaultFullHttpRequest(decodeResult: success, version: HTTP/1.1, content: EmptyByteBufBE)
GET /devtools/browser/4a91118e-efd4-4404-b127-7f0c8f4d411c HTTP/1.1
upgrade: websocket
connection: upgrade
sec-websocket-key: Q7D79fOm467xB4j1VqPXPA==
sec-websocket-version: 13
origin: http://localhost:49624
host: localhost:49624
accept: */*
user-agent: AHC/2.1

Response DefaultHttpResponse(decodeResult: success, version: HTTP/1.1)
HTTP/1.1 101 WebSocket Protocol Handshake
Upgrade: WebSocket
Connection: Upgrade
Sec-WebSocket-Accept: ab8m8Tfmh/z+EWrYGfOJhq3sqzo=

18:25:11.741 [Forwarding get on session 5b2d8da05437bf47e84b6601027b22e0 to remote] DEBUG org.asynchttpclient.netty.request.NettyRequestSender - Using pooled Channel '[id: 0x79d9b8b6, L:/127.0.0.1:49623 - R:localhost/127.0.0.1:56189]' for 'POST' to 'http://localhost:56189/session/5b2d8da05437bf47e84b6601027b22e0/url'
18:25:11.741 [Forwarding get on session 5b2d8da05437bf47e84b6601027b22e0 to remote] DEBUG org.asynchttpclient.netty.request.NettyRequestSender - Using open Channel [id: 0x79d9b8b6, L:/127.0.0.1:49623 - R:localhost/127.0.0.1:56189] for POST '/session/5b2d8da05437bf47e84b6601027b22e0/url'
18:25:12.040 [AsyncHttpClient-1-1] DEBUG org.asynchttpclient.netty.channel.DefaultChannelPool - Entry count for : http://localhost:49624 : 1
18:25:13.201 [AsyncHttpClient-1-1] DEBUG org.asynchttpclient.netty.channel.DefaultChannelPool - Entry count for : http://localhost:49624 : 1
18:25:13.268 [AsyncHttpClient-1-8] DEBUG org.asynchttpclient.netty.handler.HttpHandler - 

Request DefaultHttpRequest(decodeResult: success, version: HTTP/1.1)
POST /session/5b2d8da05437bf47e84b6601027b22e0/url HTTP/1.1
User-Agent: selenium/4.1.4 (java windows)
Content-Length: 78
Content-Type: application/json; charset=utf-8
host: localhost:56189
accept: */*

Response DefaultHttpResponse(decodeResult: success, version: HTTP/1.1)
HTTP/1.1 200 OK
Content-Type: application/json; charset=utf-8
cache-control: no-cache
content-length: 14

18:25:13.268 [AsyncHttpClient-1-8] DEBUG org.asynchttpclient.netty.channel.ChannelManager - Adding key: http://localhost:56189 for channel [id: 0x79d9b8b6, L:/127.0.0.1:49623 - R:localhost/127.0.0.1:56189]
18:25:13.270 [Forwarding setTimeout on session 5b2d8da05437bf47e84b6601027b22e0 to remote] DEBUG org.asynchttpclient.netty.request.NettyRequestSender - Using pooled Channel '[id: 0x79d9b8b6, L:/127.0.0.1:49623 - R:localhost/127.0.0.1:56189]' for 'POST' to 'http://localhost:56189/session/5b2d8da05437bf47e84b6601027b22e0/timeouts'
18:25:13.270 [Forwarding setTimeout on session 5b2d8da05437bf47e84b6601027b22e0 to remote] DEBUG org.asynchttpclient.netty.request.NettyRequestSender - Using open Channel [id: 0x79d9b8b6, L:/127.0.0.1:49623 - R:localhost/127.0.0.1:56189] for POST '/session/5b2d8da05437bf47e84b6601027b22e0/timeouts'
18:25:13.271 [AsyncHttpClient-1-8] DEBUG org.asynchttpclient.netty.handler.HttpHandler - 

Request DefaultHttpRequest(decodeResult: success, version: HTTP/1.1)
POST /session/5b2d8da05437bf47e84b6601027b22e0/timeouts HTTP/1.1
User-Agent: selenium/4.1.4 (java windows)
Content-Length: 22
Content-Type: application/json; charset=utf-8
host: localhost:56189
accept: */*

Response DefaultHttpResponse(decodeResult: success, version: HTTP/1.1)
HTTP/1.1 200 OK
Content-Type: application/json; charset=utf-8
cache-control: no-cache
content-length: 14

18:25:13.271 [AsyncHttpClient-1-8] DEBUG org.asynchttpclient.netty.channel.ChannelManager - Adding key: http://localhost:56189 for channel [id: 0x79d9b8b6, L:/127.0.0.1:49623 - R:localhost/127.0.0.1:56189]
18:25:13.282 [Forwarding getCurrentUrl on session 5b2d8da05437bf47e84b6601027b22e0 to remote] DEBUG org.asynchttpclient.netty.request.NettyRequestSender - Using pooled Channel '[id: 0x79d9b8b6, L:/127.0.0.1:49623 - R:localhost/127.0.0.1:56189]' for 'GET' to 'http://localhost:56189/session/5b2d8da05437bf47e84b6601027b22e0/url'
18:25:13.282 [Forwarding getCurrentUrl on session 5b2d8da05437bf47e84b6601027b22e0 to remote] DEBUG org.asynchttpclient.netty.request.NettyRequestSender - Using open Channel [id: 0x79d9b8b6, L:/127.0.0.1:49623 - R:localhost/127.0.0.1:56189] for GET '/session/5b2d8da05437bf47e84b6601027b22e0/url'
18:25:13.292 [AsyncHttpClient-1-8] DEBUG org.asynchttpclient.netty.handler.HttpHandler - 

Request DefaultFullHttpRequest(decodeResult: success, version: HTTP/1.1, content: EmptyByteBufBE)
GET /session/5b2d8da05437bf47e84b6601027b22e0/url HTTP/1.1
User-Agent: selenium/4.1.4 (java windows)
Cache-Control: no-cache
Content-Type: application/json; charset=utf-8
host: localhost:56189
accept: */*

Response DefaultHttpResponse(decodeResult: success, version: HTTP/1.1)
HTTP/1.1 200 OK
Content-Type: application/json; charset=utf-8
cache-control: no-cache
content-length: 60

18:25:13.292 [AsyncHttpClient-1-8] DEBUG org.asynchttpclient.netty.channel.ChannelManager - Adding key: http://localhost:56189 for channel [id: 0x79d9b8b6, L:/127.0.0.1:49623 - R:localhost/127.0.0.1:56189]
18:25:13.297 [Forwarding screenshot on session 5b2d8da05437bf47e84b6601027b22e0 to remote] DEBUG org.asynchttpclient.netty.request.NettyRequestSender - Using pooled Channel '[id: 0x79d9b8b6, L:/127.0.0.1:49623 - R:localhost/127.0.0.1:56189]' for 'GET' to 'http://localhost:56189/session/5b2d8da05437bf47e84b6601027b22e0/screenshot'
18:25:13.297 [Forwarding screenshot on session 5b2d8da05437bf47e84b6601027b22e0 to remote] DEBUG org.asynchttpclient.netty.request.NettyRequestSender - Using open Channel [id: 0x79d9b8b6, L:/127.0.0.1:49623 - R:localhost/127.0.0.1:56189] for GET '/session/5b2d8da05437bf47e84b6601027b22e0/screenshot'
18:25:13.748 [AsyncHttpClient-1-8] DEBUG org.asynchttpclient.netty.handler.HttpHandler - 

Request DefaultFullHttpRequest(decodeResult: success, version: HTTP/1.1, content: EmptyByteBufBE)
GET /session/5b2d8da05437bf47e84b6601027b22e0/screenshot HTTP/1.1
User-Agent: selenium/4.1.4 (java windows)
Cache-Control: no-cache
Content-Type: application/json; charset=utf-8
host: localhost:56189
accept: */*

Response DefaultHttpResponse(decodeResult: success, version: HTTP/1.1)
HTTP/1.1 200 OK
Content-Type: application/json; charset=utf-8
cache-control: no-cache
content-length: 380436

18:25:13.748 [AsyncHttpClient-1-8] DEBUG org.asynchttpclient.netty.channel.ChannelManager - Adding key: http://localhost:56189 for channel [id: 0x79d9b8b6, L:/127.0.0.1:49623 - R:localhost/127.0.0.1:56189]
18:25:13.761 [main] DEBUG net.serenitybdd.core.photography.Darkroom - Send negative for processing for target\site\serenity\d122c364c40ece9db0ad32cd97c3fcf63e95ba606118dda8d3e5a1d2b8235ce2.png
18:25:13.761 [main] DEBUG net.thucydides.core.steps.StepInterceptor - STEP DONE: openLogin
  &amp#27;[32mGiven &amp#27;[0m&amp#27;[32mOpen login page&amp#27;[0m                                                               &amp#27;[90m# starter.stepdefinitios.LoginSteps.openLoginPage()&amp#27;[0m
18:25:14.254 [AsyncHttpClient-1-1] DEBUG org.asynchttpclient.netty.channel.DefaultChannelPool - Entry count for : http://localhost:56189 : 1
18:25:14.254 [AsyncHttpClient-1-1] DEBUG org.asynchttpclient.netty.channel.DefaultChannelPool - Entry count for : http://localhost:49624 : 1
18:25:14.293 [Forwarding findElement on session 5b2d8da05437bf47e84b6601027b22e0 to remote] DEBUG org.asynchttpclient.netty.request.NettyRequestSender - Using pooled Channel '[id: 0x79d9b8b6, L:/127.0.0.1:49623 - R:localhost/127.0.0.1:56189]' for 'POST' to 'http://localhost:56189/session/5b2d8da05437bf47e84b6601027b22e0/element'
18:25:14.293 [Forwarding findElement on session 5b2d8da05437bf47e84b6601027b22e0 to remote] DEBUG org.asynchttpclient.netty.request.NettyRequestSender - Using open Channel [id: 0x79d9b8b6, L:/127.0.0.1:49623 - R:localhost/127.0.0.1:56189] for POST '/session/5b2d8da05437bf47e84b6601027b22e0/element'
18:25:14.307 [AsyncHttpClient-1-8] DEBUG org.asynchttpclient.netty.handler.HttpHandler - 

Request DefaultHttpRequest(decodeResult: success, version: HTTP/1.1)
POST /session/5b2d8da05437bf47e84b6601027b22e0/element HTTP/1.1
User-Agent: selenium/4.1.4 (java windows)
Content-Length: 70
Content-Type: application/json; charset=utf-8
host: localhost:56189
accept: */*

Response DefaultHttpResponse(decodeResult: success, version: HTTP/1.1)
HTTP/1.1 200 OK
Content-Type: application/json; charset=utf-8
cache-control: no-cache
content-length: 88

18:25:14.307 [AsyncHttpClient-1-8] DEBUG org.asynchttpclient.netty.channel.ChannelManager - Adding key: http://localhost:56189 for channel [id: 0x79d9b8b6, L:/127.0.0.1:49623 - R:localhost/127.0.0.1:56189]
18:25:14.309 [Forwarding sendKeysToElement on session 5b2d8da05437bf47e84b6601027b22e0 to remote] DEBUG org.asynchttpclient.netty.request.NettyRequestSender - Using pooled Channel '[id: 0x79d9b8b6, L:/127.0.0.1:49623 - R:localhost/127.0.0.1:56189]' for 'POST' to 'http://localhost:56189/session/5b2d8da05437bf47e84b6601027b22e0/element/0a11c3c8-95b9-4a45-99a1-62e99f4dce38/value'
18:25:14.309 [Forwarding sendKeysToElement on session 5b2d8da05437bf47e84b6601027b22e0 to remote] DEBUG org.asynchttpclient.netty.request.NettyRequestSender - Using open Channel [id: 0x79d9b8b6, L:/127.0.0.1:49623 - R:localhost/127.0.0.1:56189] for POST '/session/5b2d8da05437bf47e84b6601027b22e0/element/0a11c3c8-95b9-4a45-99a1-62e99f4dce38/value'
18:25:14.385 [AsyncHttpClient-1-8] DEBUG org.asynchttpclient.netty.handler.HttpHandler - 

Request DefaultHttpRequest(decodeResult: success, version: HTTP/1.1)
POST /session/5b2d8da05437bf47e84b6601027b22e0/element/0a11c3c8-95b9-4a45-99a1-62e99f4dce38/value HTTP/1.1
User-Agent: selenium/4.1.4 (java windows)
Content-Length: 131
Content-Type: application/json; charset=utf-8
host: localhost:56189
accept: */*

Response DefaultHttpResponse(decodeResult: success, version: HTTP/1.1)
HTTP/1.1 200 OK
Content-Type: application/json; charset=utf-8
cache-control: no-cache
content-length: 14

18:25:14.385 [AsyncHttpClient-1-8] DEBUG org.asynchttpclient.netty.channel.ChannelManager - Adding key: http://localhost:56189 for channel [id: 0x79d9b8b6, L:/127.0.0.1:49623 - R:localhost/127.0.0.1:56189]
  &amp#27;[32mAnd &amp#27;[0m&amp#27;[32mI input &amp#27;[0m&amp#27;[32m&amp#27;[1m"admin"&amp#27;[0m&amp#27;[32m login email valid&amp#27;[0m                                               &amp#27;[90m# starter.stepdefinitios.LoginSteps.iInputLoginEmailValid(java.lang.String)&amp#27;[0m
18:25:14.392 [Forwarding screenshot on session 5b2d8da05437bf47e84b6601027b22e0 to remote] DEBUG org.asynchttpclient.netty.request.NettyRequestSender - Using pooled Channel '[id: 0x79d9b8b6, L:/127.0.0.1:49623 - R:localhost/127.0.0.1:56189]' for 'GET' to 'http://localhost:56189/session/5b2d8da05437bf47e84b6601027b22e0/screenshot'
18:25:14.392 [Forwarding screenshot on session 5b2d8da05437bf47e84b6601027b22e0 to remote] DEBUG org.asynchttpclient.netty.request.NettyRequestSender - Using open Channel [id: 0x79d9b8b6, L:/127.0.0.1:49623 - R:localhost/127.0.0.1:56189] for GET '/session/5b2d8da05437bf47e84b6601027b22e0/screenshot'
18:25:14.774 [AsyncHttpClient-1-8] DEBUG org.asynchttpclient.netty.handler.HttpHandler - 

Request DefaultFullHttpRequest(decodeResult: success, version: HTTP/1.1, content: EmptyByteBufBE)
GET /session/5b2d8da05437bf47e84b6601027b22e0/screenshot HTTP/1.1
User-Agent: selenium/4.1.4 (java windows)
Cache-Control: no-cache
Content-Type: application/json; charset=utf-8
host: localhost:56189
accept: */*

Response DefaultHttpResponse(decodeResult: success, version: HTTP/1.1)
HTTP/1.1 200 OK
Content-Type: application/json; charset=utf-8
cache-control: no-cache
content-length: 379420

18:25:14.777 [AsyncHttpClient-1-8] DEBUG org.asynchttpclient.netty.channel.ChannelManager - Adding key: http://localhost:56189 for channel [id: 0x79d9b8b6, L:/127.0.0.1:49623 - R:localhost/127.0.0.1:56189]
18:25:14.797 [main] DEBUG net.serenitybdd.core.photography.Darkroom - Send negative for processing for target\site\serenity\93df20195d3751dea78ac30a105f84d37c410e0341f58ded6fb231b5b47402e6.png
18:25:15.324 [Forwarding screenshot on session 5b2d8da05437bf47e84b6601027b22e0 to remote] DEBUG org.asynchttpclient.netty.request.NettyRequestSender - Using pooled Channel '[id: 0x79d9b8b6, L:/127.0.0.1:49623 - R:localhost/127.0.0.1:56189]' for 'GET' to 'http://localhost:56189/session/5b2d8da05437bf47e84b6601027b22e0/screenshot'
18:25:15.324 [Forwarding screenshot on session 5b2d8da05437bf47e84b6601027b22e0 to remote] DEBUG org.asynchttpclient.netty.request.NettyRequestSender - Using open Channel [id: 0x79d9b8b6, L:/127.0.0.1:49623 - R:localhost/127.0.0.1:56189] for GET '/session/5b2d8da05437bf47e84b6601027b22e0/screenshot'
18:25:15.345 [AsyncHttpClient-1-1] DEBUG org.asynchttpclient.netty.channel.DefaultChannelPool - Entry count for : http://localhost:49624 : 1
18:25:15.569 [AsyncHttpClient-1-8] DEBUG org.asynchttpclient.netty.handler.HttpHandler - 

Request DefaultFullHttpRequest(decodeResult: success, version: HTTP/1.1, content: EmptyByteBufBE)
GET /session/5b2d8da05437bf47e84b6601027b22e0/screenshot HTTP/1.1
User-Agent: selenium/4.1.4 (java windows)
Cache-Control: no-cache
Content-Type: application/json; charset=utf-8
host: localhost:56189
accept: */*

Response DefaultHttpResponse(decodeResult: success, version: HTTP/1.1)
HTTP/1.1 200 OK
Content-Type: application/json; charset=utf-8
cache-control: no-cache
content-length: 379404

18:25:15.630 [AsyncHttpClient-1-8] DEBUG org.asynchttpclient.netty.channel.ChannelManager - Adding key: http://localhost:56189 for channel [id: 0x79d9b8b6, L:/127.0.0.1:49623 - R:localhost/127.0.0.1:56189]
18:25:15.631 [main] DEBUG net.serenitybdd.core.photography.Darkroom - Send negative for processing for target\site\serenity\f684e1524ced0278b0b6c6b37709a7cbfb8281aeb576b04a4743fda17448b798.png
18:25:15.631 [main] DEBUG net.thucydides.core.steps.StepInterceptor - STARTING STEP: LoginSteps.iInputLoginPasswordValid - inputPasswordLogin
18:25:15.640 [Forwarding findElement on session 5b2d8da05437bf47e84b6601027b22e0 to remote] DEBUG org.asynchttpclient.netty.request.NettyRequestSender - Using pooled Channel '[id: 0x79d9b8b6, L:/127.0.0.1:49623 - R:localhost/127.0.0.1:56189]' for 'POST' to 'http://localhost:56189/session/5b2d8da05437bf47e84b6601027b22e0/element'
18:25:15.640 [Forwarding findElement on session 5b2d8da05437bf47e84b6601027b22e0 to remote] DEBUG org.asynchttpclient.netty.request.NettyRequestSender - Using open Channel [id: 0x79d9b8b6, L:/127.0.0.1:49623 - R:localhost/127.0.0.1:56189] for POST '/session/5b2d8da05437bf47e84b6601027b22e0/element'
18:25:15.649 [AsyncHttpClient-1-8] DEBUG org.asynchttpclient.netty.handler.HttpHandler - 

Request DefaultHttpRequest(decodeResult: success, version: HTTP/1.1)
POST /session/5b2d8da05437bf47e84b6601027b22e0/element HTTP/1.1
User-Agent: selenium/4.1.4 (java windows)
Content-Length: 70
Content-Type: application/json; charset=utf-8
host: localhost:56189
accept: */*

Response DefaultHttpResponse(decodeResult: success, version: HTTP/1.1)
HTTP/1.1 200 OK
Content-Type: application/json; charset=utf-8
cache-control: no-cache
content-length: 88

18:25:15.649 [AsyncHttpClient-1-8] DEBUG org.asynchttpclient.netty.channel.ChannelManager - Adding key: http://localhost:56189 for channel [id: 0x79d9b8b6, L:/127.0.0.1:49623 - R:localhost/127.0.0.1:56189]
18:25:15.650 [Forwarding sendKeysToElement on session 5b2d8da05437bf47e84b6601027b22e0 to remote] DEBUG org.asynchttpclient.netty.request.NettyRequestSender - Using pooled Channel '[id: 0x79d9b8b6, L:/127.0.0.1:49623 - R:localhost/127.0.0.1:56189]' for 'POST' to 'http://localhost:56189/session/5b2d8da05437bf47e84b6601027b22e0/element/f575adb3-4d08-4a92-b204-6532ded56dc8/value'
18:25:15.650 [Forwarding sendKeysToElement on session 5b2d8da05437bf47e84b6601027b22e0 to remote] DEBUG org.asynchttpclient.netty.request.NettyRequestSender - Using open Channel [id: 0x79d9b8b6, L:/127.0.0.1:49623 - R:localhost/127.0.0.1:56189] for POST '/session/5b2d8da05437bf47e84b6601027b22e0/element/f575adb3-4d08-4a92-b204-6532ded56dc8/value'
18:25:15.714 [AsyncHttpClient-1-8] DEBUG org.asynchttpclient.netty.handler.HttpHandler - 

Request DefaultHttpRequest(decodeResult: success, version: HTTP/1.1)
POST /session/5b2d8da05437bf47e84b6601027b22e0/element/f575adb3-4d08-4a92-b204-6532ded56dc8/value HTTP/1.1
User-Agent: selenium/4.1.4 (java windows)
Content-Length: 161
Content-Type: application/json; charset=utf-8
host: localhost:56189
accept: */*

Response DefaultHttpResponse(decodeResult: success, version: HTTP/1.1)
HTTP/1.1 200 OK
Content-Type: application/json; charset=utf-8
cache-control: no-cache
content-length: 14

18:25:15.714 [AsyncHttpClient-1-8] DEBUG org.asynchttpclient.netty.channel.ChannelManager - Adding key: http://localhost:56189 for channel [id: 0x79d9b8b6, L:/127.0.0.1:49623 - R:localhost/127.0.0.1:56189]
18:25:15.720 [Forwarding screenshot on session 5b2d8da05437bf47e84b6601027b22e0 to remote] DEBUG org.asynchttpclient.netty.request.NettyRequestSender - Using pooled Channel '[id: 0x79d9b8b6, L:/127.0.0.1:49623 - R:localhost/127.0.0.1:56189]' for 'GET' to 'http://localhost:56189/session/5b2d8da05437bf47e84b6601027b22e0/screenshot'
18:25:15.720 [Forwarding screenshot on session 5b2d8da05437bf47e84b6601027b22e0 to remote] DEBUG org.asynchttpclient.netty.request.NettyRequestSender - Using open Channel [id: 0x79d9b8b6, L:/127.0.0.1:49623 - R:localhost/127.0.0.1:56189] for GET '/session/5b2d8da05437bf47e84b6601027b22e0/screenshot'
18:25:15.934 [AsyncHttpClient-1-8] DEBUG org.asynchttpclient.netty.handler.HttpHandler - 

Request DefaultFullHttpRequest(decodeResult: success, version: HTTP/1.1, content: EmptyByteBufBE)
GET /session/5b2d8da05437bf47e84b6601027b22e0/screenshot HTTP/1.1
User-Agent: selenium/4.1.4 (java windows)
Cache-Control: no-cache
Content-Type: application/json; charset=utf-8
host: localhost:56189
accept: */*

Response DefaultHttpResponse(decodeResult: success, version: HTTP/1.1)
HTTP/1.1 200 OK
Content-Type: application/json; charset=utf-8
cache-control: no-cache
content-length: 377580

18:25:15.935 [AsyncHttpClient-1-8] DEBUG org.asynchttpclient.netty.channel.ChannelManager - Adding key: http://localhost:56189 for channel [id: 0x79d9b8b6, L:/127.0.0.1:49623 - R:localhost/127.0.0.1:56189]
18:25:15.946 [main] DEBUG net.serenitybdd.core.photography.Darkroom - Send negative for processing for target\site\serenity\44fa0aa493cf3a3837a7fab79c30bded8f584eda85d2cfd055a7ef5b4e3f0a4a.png
18:25:15.946 [main] DEBUG net.thucydides.core.steps.StepInterceptor - STEP DONE: inputPasswordLogin
  &amp#27;[32mAnd &amp#27;[0m&amp#27;[32mI input &amp#27;[0m&amp#27;[32m&amp#27;[1m"admin123"&amp#27;[0m&amp#27;[32m login password valid&amp#27;[0m                                         &amp#27;[90m# starter.stepdefinitios.LoginSteps.iInputLoginPasswordValid(java.lang.String)&amp#27;[0m
18:25:15.961 [main] DEBUG net.thucydides.core.steps.StepInterceptor - STARTING STEP: LoginSteps.iClickButtonLogin - clickButtonLogin
18:25:15.963 [Forwarding findElement on session 5b2d8da05437bf47e84b6601027b22e0 to remote] DEBUG org.asynchttpclient.netty.request.NettyRequestSender - Using pooled Channel '[id: 0x79d9b8b6, L:/127.0.0.1:49623 - R:localhost/127.0.0.1:56189]' for 'POST' to 'http://localhost:56189/session/5b2d8da05437bf47e84b6601027b22e0/element'
18:25:15.963 [Forwarding findElement on session 5b2d8da05437bf47e84b6601027b22e0 to remote] DEBUG org.asynchttpclient.netty.request.NettyRequestSender - Using open Channel [id: 0x79d9b8b6, L:/127.0.0.1:49623 - R:localhost/127.0.0.1:56189] for POST '/session/5b2d8da05437bf47e84b6601027b22e0/element'
18:25:15.977 [AsyncHttpClient-1-8] DEBUG org.asynchttpclient.netty.handler.HttpHandler - 

Request DefaultHttpRequest(decodeResult: success, version: HTTP/1.1)
POST /session/5b2d8da05437bf47e84b6601027b22e0/element HTTP/1.1
User-Agent: selenium/4.1.4 (java windows)
Content-Length: 68
Content-Type: application/json; charset=utf-8
host: localhost:56189
accept: */*

Response DefaultHttpResponse(decodeResult: success, version: HTTP/1.1)
HTTP/1.1 200 OK
Content-Type: application/json; charset=utf-8
cache-control: no-cache
content-length: 88

18:25:15.977 [AsyncHttpClient-1-8] DEBUG org.asynchttpclient.netty.channel.ChannelManager - Adding key: http://localhost:56189 for channel [id: 0x79d9b8b6, L:/127.0.0.1:49623 - R:localhost/127.0.0.1:56189]
18:25:15.979 [Forwarding getElementTagName on session 5b2d8da05437bf47e84b6601027b22e0 to remote] DEBUG org.asynchttpclient.netty.request.NettyRequestSender - Using pooled Channel '[id: 0x79d9b8b6, L:/127.0.0.1:49623 - R:localhost/127.0.0.1:56189]' for 'GET' to 'http://localhost:56189/session/5b2d8da05437bf47e84b6601027b22e0/element/d0383b9d-c9a0-4c67-91df-7951be386c0f/name'
18:25:15.979 [Forwarding getElementTagName on session 5b2d8da05437bf47e84b6601027b22e0 to remote] DEBUG org.asynchttpclient.netty.request.NettyRequestSender - Using open Channel [id: 0x79d9b8b6, L:/127.0.0.1:49623 - R:localhost/127.0.0.1:56189] for GET '/session/5b2d8da05437bf47e84b6601027b22e0/element/d0383b9d-c9a0-4c67-91df-7951be386c0f/name'
18:25:15.984 [AsyncHttpClient-1-8] DEBUG org.asynchttpclient.netty.handler.HttpHandler - 

Request DefaultFullHttpRequest(decodeResult: success, version: HTTP/1.1, content: EmptyByteBufBE)
GET /session/5b2d8da05437bf47e84b6601027b22e0/element/d0383b9d-c9a0-4c67-91df-7951be386c0f/name HTTP/1.1
User-Agent: selenium/4.1.4 (java windows)
Cache-Control: no-cache
Content-Type: application/json; charset=utf-8
host: localhost:56189
accept: */*

Response DefaultHttpResponse(decodeResult: success, version: HTTP/1.1)
HTTP/1.1 200 OK
Content-Type: application/json; charset=utf-8
cache-control: no-cache
content-length: 18

18:25:15.984 [AsyncHttpClient-1-8] DEBUG org.asynchttpclient.netty.channel.ChannelManager - Adding key: http://localhost:56189 for channel [id: 0x79d9b8b6, L:/127.0.0.1:49623 - R:localhost/127.0.0.1:56189]
18:25:15.984 [Forwarding getElementTagName on session 5b2d8da05437bf47e84b6601027b22e0 to remote] DEBUG org.asynchttpclient.netty.request.NettyRequestSender - Using pooled Channel '[id: 0x79d9b8b6, L:/127.0.0.1:49623 - R:localhost/127.0.0.1:56189]' for 'GET' to 'http://localhost:56189/session/5b2d8da05437bf47e84b6601027b22e0/element/d0383b9d-c9a0-4c67-91df-7951be386c0f/name'
18:25:15.984 [Forwarding getElementTagName on session 5b2d8da05437bf47e84b6601027b22e0 to remote] DEBUG org.asynchttpclient.netty.request.NettyRequestSender - Using open Channel [id: 0x79d9b8b6, L:/127.0.0.1:49623 - R:localhost/127.0.0.1:56189] for GET '/session/5b2d8da05437bf47e84b6601027b22e0/element/d0383b9d-c9a0-4c67-91df-7951be386c0f/name'
18:25:15.987 [AsyncHttpClient-1-8] DEBUG org.asynchttpclient.netty.handler.HttpHandler - 

Request DefaultFullHttpRequest(decodeResult: success, version: HTTP/1.1, content: EmptyByteBufBE)
GET /session/5b2d8da05437bf47e84b6601027b22e0/element/d0383b9d-c9a0-4c67-91df-7951be386c0f/name HTTP/1.1
User-Agent: selenium/4.1.4 (java windows)
Cache-Control: no-cache
Content-Type: application/json; charset=utf-8
host: localhost:56189
accept: */*

Response DefaultHttpResponse(decodeResult: success, version: HTTP/1.1)
HTTP/1.1 200 OK
Content-Type: application/json; charset=utf-8
cache-control: no-cache
content-length: 18

18:25:15.988 [AsyncHttpClient-1-8] DEBUG org.asynchttpclient.netty.channel.ChannelManager - Adding key: http://localhost:56189 for channel [id: 0x79d9b8b6, L:/127.0.0.1:49623 - R:localhost/127.0.0.1:56189]
18:25:15.991 [Forwarding isElementEnabled on session 5b2d8da05437bf47e84b6601027b22e0 to remote] DEBUG org.asynchttpclient.netty.request.NettyRequestSender - Using pooled Channel '[id: 0x79d9b8b6, L:/127.0.0.1:49623 - R:localhost/127.0.0.1:56189]' for 'GET' to 'http://localhost:56189/session/5b2d8da05437bf47e84b6601027b22e0/element/d0383b9d-c9a0-4c67-91df-7951be386c0f/enabled'
18:25:15.991 [Forwarding isElementEnabled on session 5b2d8da05437bf47e84b6601027b22e0 to remote] DEBUG org.asynchttpclient.netty.request.NettyRequestSender - Using open Channel [id: 0x79d9b8b6, L:/127.0.0.1:49623 - R:localhost/127.0.0.1:56189] for GET '/session/5b2d8da05437bf47e84b6601027b22e0/element/d0383b9d-c9a0-4c67-91df-7951be386c0f/enabled'
18:25:16.003 [AsyncHttpClient-1-8] DEBUG org.asynchttpclient.netty.handler.HttpHandler - 

Request DefaultFullHttpRequest(decodeResult: success, version: HTTP/1.1, content: EmptyByteBufBE)
GET /session/5b2d8da05437bf47e84b6601027b22e0/element/d0383b9d-c9a0-4c67-91df-7951be386c0f/enabled HTTP/1.1
User-Agent: selenium/4.1.4 (java windows)
Cache-Control: no-cache
Content-Type: application/json; charset=utf-8
host: localhost:56189
accept: */*

Response DefaultHttpResponse(decodeResult: success, version: HTTP/1.1)
HTTP/1.1 200 OK
Content-Type: application/json; charset=utf-8
cache-control: no-cache
content-length: 14

18:25:16.004 [AsyncHttpClient-1-8] DEBUG org.asynchttpclient.netty.channel.ChannelManager - Adding key: http://localhost:56189 for channel [id: 0x79d9b8b6, L:/127.0.0.1:49623 - R:localhost/127.0.0.1:56189]
18:25:16.005 [Forwarding isElementEnabled on session 5b2d8da05437bf47e84b6601027b22e0 to remote] DEBUG org.asynchttpclient.netty.request.NettyRequestSender - Using pooled Channel '[id: 0x79d9b8b6, L:/127.0.0.1:49623 - R:localhost/127.0.0.1:56189]' for 'GET' to 'http://localhost:56189/session/5b2d8da05437bf47e84b6601027b22e0/element/d0383b9d-c9a0-4c67-91df-7951be386c0f/enabled'
18:25:16.005 [Forwarding isElementEnabled on session 5b2d8da05437bf47e84b6601027b22e0 to remote] DEBUG org.asynchttpclient.netty.request.NettyRequestSender - Using open Channel [id: 0x79d9b8b6, L:/127.0.0.1:49623 - R:localhost/127.0.0.1:56189] for GET '/session/5b2d8da05437bf47e84b6601027b22e0/element/d0383b9d-c9a0-4c67-91df-7951be386c0f/enabled'
18:25:16.056 [AsyncHttpClient-1-8] DEBUG org.asynchttpclient.netty.handler.HttpHandler - 

Request DefaultFullHttpRequest(decodeResult: success, version: HTTP/1.1, content: EmptyByteBufBE)
GET /session/5b2d8da05437bf47e84b6601027b22e0/element/d0383b9d-c9a0-4c67-91df-7951be386c0f/enabled HTTP/1.1
User-Agent: selenium/4.1.4 (java windows)
Cache-Control: no-cache
Content-Type: application/json; charset=utf-8
host: localhost:56189
accept: */*

Response DefaultHttpResponse(decodeResult: success, version: HTTP/1.1)
HTTP/1.1 200 OK
Content-Type: application/json; charset=utf-8
cache-control: no-cache
content-length: 14

18:25:16.056 [AsyncHttpClient-1-8] DEBUG org.asynchttpclient.netty.channel.ChannelManager - Adding key: http://localhost:56189 for channel [id: 0x79d9b8b6, L:/127.0.0.1:49623 - R:localhost/127.0.0.1:56189]
18:25:16.059 [Forwarding findElement on session 5b2d8da05437bf47e84b6601027b22e0 to remote] DEBUG org.asynchttpclient.netty.request.NettyRequestSender - Using pooled Channel '[id: 0x79d9b8b6, L:/127.0.0.1:49623 - R:localhost/127.0.0.1:56189]' for 'POST' to 'http://localhost:56189/session/5b2d8da05437bf47e84b6601027b22e0/element'
18:25:16.059 [Forwarding findElement on session 5b2d8da05437bf47e84b6601027b22e0 to remote] DEBUG org.asynchttpclient.netty.request.NettyRequestSender - Using open Channel [id: 0x79d9b8b6, L:/127.0.0.1:49623 - R:localhost/127.0.0.1:56189] for POST '/session/5b2d8da05437bf47e84b6601027b22e0/element'
18:25:16.079 [AsyncHttpClient-1-8] DEBUG org.asynchttpclient.netty.handler.HttpHandler - 

Request DefaultHttpRequest(decodeResult: success, version: HTTP/1.1)
POST /session/5b2d8da05437bf47e84b6601027b22e0/element HTTP/1.1
User-Agent: selenium/4.1.4 (java windows)
Content-Length: 68
Content-Type: application/json; charset=utf-8
host: localhost:56189
accept: */*

Response DefaultHttpResponse(decodeResult: success, version: HTTP/1.1)
HTTP/1.1 200 OK
Content-Type: application/json; charset=utf-8
cache-control: no-cache
content-length: 88

18:25:16.079 [AsyncHttpClient-1-8] DEBUG org.asynchttpclient.netty.channel.ChannelManager - Adding key: http://localhost:56189 for channel [id: 0x79d9b8b6, L:/127.0.0.1:49623 - R:localhost/127.0.0.1:56189]
18:25:16.080 [Forwarding clickElement on session 5b2d8da05437bf47e84b6601027b22e0 to remote] DEBUG org.asynchttpclient.netty.request.NettyRequestSender - Using pooled Channel '[id: 0x79d9b8b6, L:/127.0.0.1:49623 - R:localhost/127.0.0.1:56189]' for 'POST' to 'http://localhost:56189/session/5b2d8da05437bf47e84b6601027b22e0/element/d0383b9d-c9a0-4c67-91df-7951be386c0f/click'
18:25:16.081 [Forwarding clickElement on session 5b2d8da05437bf47e84b6601027b22e0 to remote] DEBUG org.asynchttpclient.netty.request.NettyRequestSender - Using open Channel [id: 0x79d9b8b6, L:/127.0.0.1:49623 - R:localhost/127.0.0.1:56189] for POST '/session/5b2d8da05437bf47e84b6601027b22e0/element/d0383b9d-c9a0-4c67-91df-7951be386c0f/click'
18:25:16.131 [AsyncHttpClient-1-8] DEBUG org.asynchttpclient.netty.handler.HttpHandler - 

Request DefaultHttpRequest(decodeResult: success, version: HTTP/1.1)
POST /session/5b2d8da05437bf47e84b6601027b22e0/element/d0383b9d-c9a0-4c67-91df-7951be386c0f/click HTTP/1.1
User-Agent: selenium/4.1.4 (java windows)
Content-Length: 50
Content-Type: application/json; charset=utf-8
host: localhost:56189
accept: */*

Response DefaultHttpResponse(decodeResult: success, version: HTTP/1.1)
HTTP/1.1 200 OK
Content-Type: application/json; charset=utf-8
cache-control: no-cache
content-length: 14

18:25:16.132 [AsyncHttpClient-1-8] DEBUG org.asynchttpclient.netty.channel.ChannelManager - Adding key: http://localhost:56189 for channel [id: 0x79d9b8b6, L:/127.0.0.1:49623 - R:localhost/127.0.0.1:56189]
18:25:16.141 [Forwarding screenshot on session 5b2d8da05437bf47e84b6601027b22e0 to remote] DEBUG org.asynchttpclient.netty.request.NettyRequestSender - Using pooled Channel '[id: 0x79d9b8b6, L:/127.0.0.1:49623 - R:localhost/127.0.0.1:56189]' for 'GET' to 'http://localhost:56189/session/5b2d8da05437bf47e84b6601027b22e0/screenshot'
18:25:16.141 [Forwarding screenshot on session 5b2d8da05437bf47e84b6601027b22e0 to remote] DEBUG org.asynchttpclient.netty.request.NettyRequestSender - Using open Channel [id: 0x79d9b8b6, L:/127.0.0.1:49623 - R:localhost/127.0.0.1:56189] for GET '/session/5b2d8da05437bf47e84b6601027b22e0/screenshot'
18:25:16.427 [AsyncHttpClient-1-8] DEBUG org.asynchttpclient.netty.handler.HttpHandler - 

Request DefaultFullHttpRequest(decodeResult: success, version: HTTP/1.1, content: EmptyByteBufBE)
GET /session/5b2d8da05437bf47e84b6601027b22e0/screenshot HTTP/1.1
User-Agent: selenium/4.1.4 (java windows)
Cache-Control: no-cache
Content-Type: application/json; charset=utf-8
host: localhost:56189
accept: */*

Response DefaultHttpResponse(decodeResult: success, version: HTTP/1.1)
HTTP/1.1 200 OK
Content-Type: application/json; charset=utf-8
cache-control: no-cache
content-length: 342716

18:25:16.429 [AsyncHttpClient-1-8] DEBUG org.asynchttpclient.netty.channel.ChannelManager - Adding key: http://localhost:56189 for channel [id: 0x79d9b8b6, L:/127.0.0.1:49623 - R:localhost/127.0.0.1:56189]
18:25:16.437 [main] DEBUG net.serenitybdd.core.photography.Darkroom - Send negative for processing for target\site\serenity\15e2ff6e2ee234a81cb212b7d1809561bf79370e0eecbf5db28faed9380f2b14.png
18:25:16.437 [main] DEBUG net.thucydides.core.steps.StepInterceptor - STEP DONE: clickButtonLogin
18:25:16.437 [Darkroom Processing Line] DEBUG net.serenitybdd.core.photography.DarkroomProcessingLine - Processing screenshot image in /var/screenshots/screenshot-24834974810747540
18:25:16.437 [Darkroom Processing Line] DEBUG net.serenitybdd.core.photography.DarkroomProcessingLine - Saving screenshot to target\site\serenity\15e2ff6e2ee234a81cb212b7d1809561bf79370e0eecbf5db28faed9380f2b14.png
18:25:16.442 [AsyncHttpClient-1-1] DEBUG org.asynchttpclient.netty.channel.DefaultChannelPool - Entry count for : http://localhost:56189 : 1
18:25:16.442 [AsyncHttpClient-1-1] DEBUG org.asynchttpclient.netty.channel.DefaultChannelPool - Entry count for : http://localhost:49624 : 1
  &amp#27;[32mAnd &amp#27;[0m&amp#27;[32mI click button login&amp#27;[0m                                                            &amp#27;[90m# starter.stepdefinitios.LoginSteps.iClickButtonLogin()&amp#27;[0m
18:25:17.444 [Forwarding screenshot on session 5b2d8da05437bf47e84b6601027b22e0 to remote] DEBUG org.asynchttpclient.netty.request.NettyRequestSender - Using pooled Channel '[id: 0x79d9b8b6, L:/127.0.0.1:49623 - R:localhost/127.0.0.1:56189]' for 'GET' to 'http://localhost:56189/session/5b2d8da05437bf47e84b6601027b22e0/screenshot'
18:25:17.444 [Forwarding screenshot on session 5b2d8da05437bf47e84b6601027b22e0 to remote] DEBUG org.asynchttpclient.netty.request.NettyRequestSender - Using open Channel [id: 0x79d9b8b6, L:/127.0.0.1:49623 - R:localhost/127.0.0.1:56189] for GET '/session/5b2d8da05437bf47e84b6601027b22e0/screenshot'
18:25:17.541 [AsyncHttpClient-1-1] DEBUG org.asynchttpclient.netty.channel.DefaultChannelPool - Entry count for : http://localhost:49624 : 1
18:25:17.744 [AsyncHttpClient-1-8] DEBUG org.asynchttpclient.netty.handler.HttpHandler - 

Request DefaultFullHttpRequest(decodeResult: success, version: HTTP/1.1, content: EmptyByteBufBE)
GET /session/5b2d8da05437bf47e84b6601027b22e0/screenshot HTTP/1.1
User-Agent: selenium/4.1.4 (java windows)
Cache-Control: no-cache
Content-Type: application/json; charset=utf-8
host: localhost:56189
accept: */*

Response DefaultHttpResponse(decodeResult: success, version: HTTP/1.1)
HTTP/1.1 200 OK
Content-Type: application/json; charset=utf-8
cache-control: no-cache
content-length: 313100

18:25:17.746 [AsyncHttpClient-1-8] DEBUG org.asynchttpclient.netty.channel.ChannelManager - Adding key: http://localhost:56189 for channel [id: 0x79d9b8b6, L:/127.0.0.1:49623 - R:localhost/127.0.0.1:56189]
18:25:17.756 [main] DEBUG net.serenitybdd.core.photography.Darkroom - Send negative for processing for target\site\serenity\fb27388dce750d16ca4a14f365e7a7ae67d36a206ffb8462bc8f2082a7e7a534.png
18:25:17.758 [Darkroom Processing Line] DEBUG net.serenitybdd.core.photography.DarkroomProcessingLine - Processing screenshot image in /var/screenshots/screenshot-2965488084605221911
18:25:17.758 [Darkroom Processing Line] DEBUG net.serenitybdd.core.photography.DarkroomProcessingLine - Saving screenshot to target\site\serenity\fb27388dce750d16ca4a14f365e7a7ae67d36a206ffb8462bc8f2082a7e7a534.png
18:25:18.639 [AsyncHttpClient-1-1] DEBUG org.asynchttpclient.netty.channel.DefaultChannelPool - Entry count for : http://localhost:56189 : 1
18:25:18.639 [AsyncHttpClient-1-1] DEBUG org.asynchttpclient.netty.channel.DefaultChannelPool - Entry count for : http://localhost:49624 : 1
18:25:19.745 [AsyncHttpClient-1-1] DEBUG org.asynchttpclient.netty.channel.DefaultChannelPool - Entry count for : http://localhost:56189 : 1
18:25:19.745 [AsyncHttpClient-1-1] DEBUG org.asynchttpclient.netty.channel.DefaultChannelPool - Entry count for : http://localhost:49624 : 1
18:25:20.836 [AsyncHttpClient-1-1] DEBUG org.asynchttpclient.netty.channel.DefaultChannelPool - Entry count for : http://localhost:56189 : 1
18:25:20.836 [AsyncHttpClient-1-1] DEBUG org.asynchttpclient.netty.channel.DefaultChannelPool - Entry count for : http://localhost:49624 : 1
18:25:21.939 [AsyncHttpClient-1-1] DEBUG org.asynchttpclient.netty.channel.DefaultChannelPool - Entry count for : http://localhost:56189 : 1
18:25:21.939 [AsyncHttpClient-1-1] DEBUG org.asynchttpclient.netty.channel.DefaultChannelPool - Entry count for : http://localhost:49624 : 1
18:25:22.777 [Forwarding findElement on session 5b2d8da05437bf47e84b6601027b22e0 to remote] DEBUG org.asynchttpclient.netty.request.NettyRequestSender - Using pooled Channel '[id: 0x79d9b8b6, L:/127.0.0.1:49623 - R:localhost/127.0.0.1:56189]' for 'POST' to 'http://localhost:56189/session/5b2d8da05437bf47e84b6601027b22e0/element'
18:25:22.778 [Forwarding findElement on session 5b2d8da05437bf47e84b6601027b22e0 to remote] DEBUG org.asynchttpclient.netty.request.NettyRequestSender - Using open Channel [id: 0x79d9b8b6, L:/127.0.0.1:49623 - R:localhost/127.0.0.1:56189] for POST '/session/5b2d8da05437bf47e84b6601027b22e0/element'
18:25:22.821 [AsyncHttpClient-1-8] DEBUG org.asynchttpclient.netty.handler.HttpHandler - 

Request DefaultHttpRequest(decodeResult: success, version: HTTP/1.1)
POST /session/5b2d8da05437bf47e84b6601027b22e0/element HTTP/1.1
User-Agent: selenium/4.1.4 (java windows)
Content-Length: 68
Content-Type: application/json; charset=utf-8
host: localhost:56189
accept: */*

Response DefaultHttpResponse(decodeResult: success, version: HTTP/1.1)
HTTP/1.1 200 OK
Content-Type: application/json; charset=utf-8
cache-control: no-cache
content-length: 88

18:25:22.821 [AsyncHttpClient-1-8] DEBUG org.asynchttpclient.netty.channel.ChannelManager - Adding key: http://localhost:56189 for channel [id: 0x79d9b8b6, L:/127.0.0.1:49623 - R:localhost/127.0.0.1:56189]
18:25:22.821 [Forwarding isElementEnabled on session 5b2d8da05437bf47e84b6601027b22e0 to remote] DEBUG org.asynchttpclient.netty.request.NettyRequestSender - Using pooled Channel '[id: 0x79d9b8b6, L:/127.0.0.1:49623 - R:localhost/127.0.0.1:56189]' for 'GET' to 'http://localhost:56189/session/5b2d8da05437bf47e84b6601027b22e0/element/276b9320-da2d-479d-8162-8615a70a5fff/enabled'
18:25:22.821 [Forwarding isElementEnabled on session 5b2d8da05437bf47e84b6601027b22e0 to remote] DEBUG org.asynchttpclient.netty.request.NettyRequestSender - Using open Channel [id: 0x79d9b8b6, L:/127.0.0.1:49623 - R:localhost/127.0.0.1:56189] for GET '/session/5b2d8da05437bf47e84b6601027b22e0/element/276b9320-da2d-479d-8162-8615a70a5fff/enabled'
18:25:22.848 [AsyncHttpClient-1-8] DEBUG org.asynchttpclient.netty.handler.HttpHandler - 

Request DefaultFullHttpRequest(decodeResult: success, version: HTTP/1.1, content: EmptyByteBufBE)
GET /session/5b2d8da05437bf47e84b6601027b22e0/element/276b9320-da2d-479d-8162-8615a70a5fff/enabled HTTP/1.1
User-Agent: selenium/4.1.4 (java windows)
Cache-Control: no-cache
Content-Type: application/json; charset=utf-8
host: localhost:56189
accept: */*

Response DefaultHttpResponse(decodeResult: success, version: HTTP/1.1)
HTTP/1.1 200 OK
Content-Type: application/json; charset=utf-8
cache-control: no-cache
content-length: 14

18:25:22.848 [AsyncHttpClient-1-8] DEBUG org.asynchttpclient.netty.channel.ChannelManager - Adding key: http://localhost:56189 for channel [id: 0x79d9b8b6, L:/127.0.0.1:49623 - R:localhost/127.0.0.1:56189]
18:25:23.038 [AsyncHttpClient-1-1] DEBUG org.asynchttpclient.netty.channel.DefaultChannelPool - Entry count for : http://localhost:56189 : 1
18:25:23.038 [AsyncHttpClient-1-1] DEBUG org.asynchttpclient.netty.channel.DefaultChannelPool - Entry count for : http://localhost:49624 : 1
18:25:23.378 [Forwarding screenshot on session 5b2d8da05437bf47e84b6601027b22e0 to remote] DEBUG org.asynchttpclient.netty.request.NettyRequestSender - Using pooled Channel '[id: 0x79d9b8b6, L:/127.0.0.1:49623 - R:localhost/127.0.0.1:56189]' for 'GET' to 'http://localhost:56189/session/5b2d8da05437bf47e84b6601027b22e0/screenshot'
18:25:23.378 [Forwarding screenshot on session 5b2d8da05437bf47e84b6601027b22e0 to remote] DEBUG org.asynchttpclient.netty.request.NettyRequestSender - Using open Channel [id: 0x79d9b8b6, L:/127.0.0.1:49623 - R:localhost/127.0.0.1:56189] for GET '/session/5b2d8da05437bf47e84b6601027b22e0/screenshot'
18:25:23.791 [AsyncHttpClient-1-8] DEBUG org.asynchttpclient.netty.handler.HttpHandler - 

Request DefaultFullHttpRequest(decodeResult: success, version: HTTP/1.1, content: EmptyByteBufBE)
GET /session/5b2d8da05437bf47e84b6601027b22e0/screenshot HTTP/1.1
User-Agent: selenium/4.1.4 (java windows)
Cache-Control: no-cache
Content-Type: application/json; charset=utf-8
host: localhost:56189
accept: */*

Response DefaultHttpResponse(decodeResult: success, version: HTTP/1.1)
HTTP/1.1 200 OK
Content-Type: application/json; charset=utf-8
cache-control: no-cache
content-length: 301044

18:25:23.791 [AsyncHttpClient-1-8] DEBUG org.asynchttpclient.netty.channel.ChannelManager - Adding key: http://localhost:56189 for channel [id: 0x79d9b8b6, L:/127.0.0.1:49623 - R:localhost/127.0.0.1:56189]
18:25:23.807 [main] DEBUG net.serenitybdd.core.photography.Darkroom - Send negative for processing for target\site\serenity\163e386af0b12517552a74a3d5043b94e8c0f9215c0f21d464e3b04d27a0859d.png
18:25:23.809 [main] DEBUG net.thucydides.core.steps.StepInterceptor - STARTING STEP: LoginSteps.loginValidationInvalid - clickButtonErrorOK
18:25:23.810 [Forwarding findElement on session 5b2d8da05437bf47e84b6601027b22e0 to remote] DEBUG org.asynchttpclient.netty.request.NettyRequestSender - Using pooled Channel '[id: 0x79d9b8b6, L:/127.0.0.1:49623 - R:localhost/127.0.0.1:56189]' for 'POST' to 'http://localhost:56189/session/5b2d8da05437bf47e84b6601027b22e0/element'
18:25:23.810 [Forwarding findElement on session 5b2d8da05437bf47e84b6601027b22e0 to remote] DEBUG org.asynchttpclient.netty.request.NettyRequestSender - Using open Channel [id: 0x79d9b8b6, L:/127.0.0.1:49623 - R:localhost/127.0.0.1:56189] for POST '/session/5b2d8da05437bf47e84b6601027b22e0/element'
18:25:23.834 [AsyncHttpClient-1-8] DEBUG org.asynchttpclient.netty.handler.HttpHandler - 

Request DefaultHttpRequest(decodeResult: success, version: HTTP/1.1)
POST /session/5b2d8da05437bf47e84b6601027b22e0/element HTTP/1.1
User-Agent: selenium/4.1.4 (java windows)
Content-Length: 88
Content-Type: application/json; charset=utf-8
host: localhost:56189
accept: */*

Response DefaultHttpResponse(decodeResult: success, version: HTTP/1.1)
HTTP/1.1 200 OK
Content-Type: application/json; charset=utf-8
cache-control: no-cache
content-length: 88

18:25:23.835 [AsyncHttpClient-1-8] DEBUG org.asynchttpclient.netty.channel.ChannelManager - Adding key: http://localhost:56189 for channel [id: 0x79d9b8b6, L:/127.0.0.1:49623 - R:localhost/127.0.0.1:56189]
18:25:23.835 [Forwarding getElementTagName on session 5b2d8da05437bf47e84b6601027b22e0 to remote] DEBUG org.asynchttpclient.netty.request.NettyRequestSender - Using pooled Channel '[id: 0x79d9b8b6, L:/127.0.0.1:49623 - R:localhost/127.0.0.1:56189]' for 'GET' to 'http://localhost:56189/session/5b2d8da05437bf47e84b6601027b22e0/element/4c285386-ad40-4871-9d01-277ed404755f/name'
18:25:23.835 [Forwarding getElementTagName on session 5b2d8da05437bf47e84b6601027b22e0 to remote] DEBUG org.asynchttpclient.netty.request.NettyRequestSender - Using open Channel [id: 0x79d9b8b6, L:/127.0.0.1:49623 - R:localhost/127.0.0.1:56189] for GET '/session/5b2d8da05437bf47e84b6601027b22e0/element/4c285386-ad40-4871-9d01-277ed404755f/name'
18:25:23.846 [AsyncHttpClient-1-8] DEBUG org.asynchttpclient.netty.handler.HttpHandler - 

Request DefaultFullHttpRequest(decodeResult: success, version: HTTP/1.1, content: EmptyByteBufBE)
GET /session/5b2d8da05437bf47e84b6601027b22e0/element/4c285386-ad40-4871-9d01-277ed404755f/name HTTP/1.1
User-Agent: selenium/4.1.4 (java windows)
Cache-Control: no-cache
Content-Type: application/json; charset=utf-8
host: localhost:56189
accept: */*

Response DefaultHttpResponse(decodeResult: success, version: HTTP/1.1)
HTTP/1.1 200 OK
Content-Type: application/json; charset=utf-8
cache-control: no-cache
content-length: 18

18:25:23.847 [AsyncHttpClient-1-8] DEBUG org.asynchttpclient.netty.channel.ChannelManager - Adding key: http://localhost:56189 for channel [id: 0x79d9b8b6, L:/127.0.0.1:49623 - R:localhost/127.0.0.1:56189]
18:25:23.847 [Forwarding getElementTagName on session 5b2d8da05437bf47e84b6601027b22e0 to remote] DEBUG org.asynchttpclient.netty.request.NettyRequestSender - Using pooled Channel '[id: 0x79d9b8b6, L:/127.0.0.1:49623 - R:localhost/127.0.0.1:56189]' for 'GET' to 'http://localhost:56189/session/5b2d8da05437bf47e84b6601027b22e0/element/4c285386-ad40-4871-9d01-277ed404755f/name'
18:25:23.847 [Forwarding getElementTagName on session 5b2d8da05437bf47e84b6601027b22e0 to remote] DEBUG org.asynchttpclient.netty.request.NettyRequestSender - Using open Channel [id: 0x79d9b8b6, L:/127.0.0.1:49623 - R:localhost/127.0.0.1:56189] for GET '/session/5b2d8da05437bf47e84b6601027b22e0/element/4c285386-ad40-4871-9d01-277ed404755f/name'
18:25:23.855 [AsyncHttpClient-1-8] DEBUG org.asynchttpclient.netty.handler.HttpHandler - 

Request DefaultFullHttpRequest(decodeResult: success, version: HTTP/1.1, content: EmptyByteBufBE)
GET /session/5b2d8da05437bf47e84b6601027b22e0/element/4c285386-ad40-4871-9d01-277ed404755f/name HTTP/1.1
User-Agent: selenium/4.1.4 (java windows)
Cache-Control: no-cache
Content-Type: application/json; charset=utf-8
host: localhost:56189
accept: */*

Response DefaultHttpResponse(decodeResult: success, version: HTTP/1.1)
HTTP/1.1 200 OK
Content-Type: application/json; charset=utf-8
cache-control: no-cache
content-length: 18

18:25:23.856 [AsyncHttpClient-1-8] DEBUG org.asynchttpclient.netty.channel.ChannelManager - Adding key: http://localhost:56189 for channel [id: 0x79d9b8b6, L:/127.0.0.1:49623 - R:localhost/127.0.0.1:56189]
18:25:23.861 [Forwarding isElementEnabled on session 5b2d8da05437bf47e84b6601027b22e0 to remote] DEBUG org.asynchttpclient.netty.request.NettyRequestSender - Using pooled Channel '[id: 0x79d9b8b6, L:/127.0.0.1:49623 - R:localhost/127.0.0.1:56189]' for 'GET' to 'http://localhost:56189/session/5b2d8da05437bf47e84b6601027b22e0/element/4c285386-ad40-4871-9d01-277ed404755f/enabled'
18:25:23.862 [Forwarding isElementEnabled on session 5b2d8da05437bf47e84b6601027b22e0 to remote] DEBUG org.asynchttpclient.netty.request.NettyRequestSender - Using open Channel [id: 0x79d9b8b6, L:/127.0.0.1:49623 - R:localhost/127.0.0.1:56189] for GET '/session/5b2d8da05437bf47e84b6601027b22e0/element/4c285386-ad40-4871-9d01-277ed404755f/enabled'
18:25:23.878 [AsyncHttpClient-1-8] DEBUG org.asynchttpclient.netty.handler.HttpHandler - 

Request DefaultFullHttpRequest(decodeResult: success, version: HTTP/1.1, content: EmptyByteBufBE)
GET /session/5b2d8da05437bf47e84b6601027b22e0/element/4c285386-ad40-4871-9d01-277ed404755f/enabled HTTP/1.1
User-Agent: selenium/4.1.4 (java windows)
Cache-Control: no-cache
Content-Type: application/json; charset=utf-8
host: localhost:56189
accept: */*

Response DefaultHttpResponse(decodeResult: success, version: HTTP/1.1)
HTTP/1.1 200 OK
Content-Type: application/json; charset=utf-8
cache-control: no-cache
content-length: 14

18:25:23.878 [AsyncHttpClient-1-8] DEBUG org.asynchttpclient.netty.channel.ChannelManager - Adding key: http://localhost:56189 for channel [id: 0x79d9b8b6, L:/127.0.0.1:49623 - R:localhost/127.0.0.1:56189]
18:25:23.878 [Forwarding isElementEnabled on session 5b2d8da05437bf47e84b6601027b22e0 to remote] DEBUG org.asynchttpclient.netty.request.NettyRequestSender - Using pooled Channel '[id: 0x79d9b8b6, L:/127.0.0.1:49623 - R:localhost/127.0.0.1:56189]' for 'GET' to 'http://localhost:56189/session/5b2d8da05437bf47e84b6601027b22e0/element/4c285386-ad40-4871-9d01-277ed404755f/enabled'
18:25:23.878 [Forwarding isElementEnabled on session 5b2d8da05437bf47e84b6601027b22e0 to remote] DEBUG org.asynchttpclient.netty.request.NettyRequestSender - Using open Channel [id: 0x79d9b8b6, L:/127.0.0.1:49623 - R:localhost/127.0.0.1:56189] for GET '/session/5b2d8da05437bf47e84b6601027b22e0/element/4c285386-ad40-4871-9d01-277ed404755f/enabled'
18:25:23.888 [AsyncHttpClient-1-8] DEBUG org.asynchttpclient.netty.handler.HttpHandler - 

Request DefaultFullHttpRequest(decodeResult: success, version: HTTP/1.1, content: EmptyByteBufBE)
GET /session/5b2d8da05437bf47e84b6601027b22e0/element/4c285386-ad40-4871-9d01-277ed404755f/enabled HTTP/1.1
User-Agent: selenium/4.1.4 (java windows)
Cache-Control: no-cache
Content-Type: application/json; charset=utf-8
host: localhost:56189
accept: */*

Response DefaultHttpResponse(decodeResult: success, version: HTTP/1.1)
HTTP/1.1 200 OK
Content-Type: application/json; charset=utf-8
cache-control: no-cache
content-length: 14

18:25:23.888 [AsyncHttpClient-1-8] DEBUG org.asynchttpclient.netty.channel.ChannelManager - Adding key: http://localhost:56189 for channel [id: 0x79d9b8b6, L:/127.0.0.1:49623 - R:localhost/127.0.0.1:56189]
18:25:23.889 [Forwarding findElement on session 5b2d8da05437bf47e84b6601027b22e0 to remote] DEBUG org.asynchttpclient.netty.request.NettyRequestSender - Using pooled Channel '[id: 0x79d9b8b6, L:/127.0.0.1:49623 - R:localhost/127.0.0.1:56189]' for 'POST' to 'http://localhost:56189/session/5b2d8da05437bf47e84b6601027b22e0/element'
18:25:23.889 [Forwarding findElement on session 5b2d8da05437bf47e84b6601027b22e0 to remote] DEBUG org.asynchttpclient.netty.request.NettyRequestSender - Using open Channel [id: 0x79d9b8b6, L:/127.0.0.1:49623 - R:localhost/127.0.0.1:56189] for POST '/session/5b2d8da05437bf47e84b6601027b22e0/element'
18:25:23.903 [AsyncHttpClient-1-8] DEBUG org.asynchttpclient.netty.handler.HttpHandler - 

Request DefaultHttpRequest(decodeResult: success, version: HTTP/1.1)
POST /session/5b2d8da05437bf47e84b6601027b22e0/element HTTP/1.1
User-Agent: selenium/4.1.4 (java windows)
Content-Length: 88
Content-Type: application/json; charset=utf-8
host: localhost:56189
accept: */*

Response DefaultHttpResponse(decodeResult: success, version: HTTP/1.1)
HTTP/1.1 200 OK
Content-Type: application/json; charset=utf-8
cache-control: no-cache
content-length: 88

18:25:23.903 [AsyncHttpClient-1-8] DEBUG org.asynchttpclient.netty.channel.ChannelManager - Adding key: http://localhost:56189 for channel [id: 0x79d9b8b6, L:/127.0.0.1:49623 - R:localhost/127.0.0.1:56189]
18:25:23.904 [Forwarding clickElement on session 5b2d8da05437bf47e84b6601027b22e0 to remote] DEBUG org.asynchttpclient.netty.request.NettyRequestSender - Using pooled Channel '[id: 0x79d9b8b6, L:/127.0.0.1:49623 - R:localhost/127.0.0.1:56189]' for 'POST' to 'http://localhost:56189/session/5b2d8da05437bf47e84b6601027b22e0/element/4c285386-ad40-4871-9d01-277ed404755f/click'
18:25:23.904 [Forwarding clickElement on session 5b2d8da05437bf47e84b6601027b22e0 to remote] DEBUG org.asynchttpclient.netty.request.NettyRequestSender - Using open Channel [id: 0x79d9b8b6, L:/127.0.0.1:49623 - R:localhost/127.0.0.1:56189] for POST '/session/5b2d8da05437bf47e84b6601027b22e0/element/4c285386-ad40-4871-9d01-277ed404755f/click'
18:25:24.019 [AsyncHttpClient-1-8] DEBUG org.asynchttpclient.netty.handler.HttpHandler - 

Request DefaultHttpRequest(decodeResult: success, version: HTTP/1.1)
POST /session/5b2d8da05437bf47e84b6601027b22e0/element/4c285386-ad40-4871-9d01-277ed404755f/click HTTP/1.1
User-Agent: selenium/4.1.4 (java windows)
Content-Length: 50
Content-Type: application/json; charset=utf-8
host: localhost:56189
accept: */*

Response DefaultHttpResponse(decodeResult: success, version: HTTP/1.1)
HTTP/1.1 200 OK
Content-Type: application/json; charset=utf-8
cache-control: no-cache
content-length: 14

18:25:24.019 [AsyncHttpClient-1-8] DEBUG org.asynchttpclient.netty.channel.ChannelManager - Adding key: http://localhost:56189 for channel [id: 0x79d9b8b6, L:/127.0.0.1:49623 - R:localhost/127.0.0.1:56189]
18:25:24.039 [Forwarding screenshot on session 5b2d8da05437bf47e84b6601027b22e0 to remote] DEBUG org.asynchttpclient.netty.request.NettyRequestSender - Using pooled Channel '[id: 0x79d9b8b6, L:/127.0.0.1:49623 - R:localhost/127.0.0.1:56189]' for 'GET' to 'http://localhost:56189/session/5b2d8da05437bf47e84b6601027b22e0/screenshot'
18:25:24.039 [Forwarding screenshot on session 5b2d8da05437bf47e84b6601027b22e0 to remote] DEBUG org.asynchttpclient.netty.request.NettyRequestSender - Using open Channel [id: 0x79d9b8b6, L:/127.0.0.1:49623 - R:localhost/127.0.0.1:56189] for GET '/session/5b2d8da05437bf47e84b6601027b22e0/screenshot'
18:25:24.146 [AsyncHttpClient-1-1] DEBUG org.asynchttpclient.netty.channel.DefaultChannelPool - Entry count for : http://localhost:49624 : 1
18:25:24.496 [AsyncHttpClient-1-8] DEBUG org.asynchttpclient.netty.handler.HttpHandler - 

Request DefaultFullHttpRequest(decodeResult: success, version: HTTP/1.1, content: EmptyByteBufBE)
GET /session/5b2d8da05437bf47e84b6601027b22e0/screenshot HTTP/1.1
User-Agent: selenium/4.1.4 (java windows)
Cache-Control: no-cache
Content-Type: application/json; charset=utf-8
host: localhost:56189
accept: */*

Response DefaultHttpResponse(decodeResult: success, version: HTTP/1.1)
HTTP/1.1 200 OK
Content-Type: application/json; charset=utf-8
cache-control: no-cache
content-length: 73720

18:25:24.496 [AsyncHttpClient-1-8] DEBUG org.asynchttpclient.netty.channel.ChannelManager - Adding key: http://localhost:56189 for channel [id: 0x79d9b8b6, L:/127.0.0.1:49623 - R:localhost/127.0.0.1:56189]
18:25:24.507 [main] DEBUG net.serenitybdd.core.photography.Darkroom - Send negative for processing for target\site\serenity\25434932786f7d1b946bea4ed89cde6e632a0a5d01e00a60043ddd10768cae57.png
18:25:24.507 [main] DEBUG net.thucydides.core.steps.StepInterceptor - STEP DONE: clickButtonErrorOK
  &amp#27;[32mAnd &amp#27;[0m&amp#27;[32mLogin validation invalid&amp#27;[0m                                                        &amp#27;[90m# starter.stepdefinitios.LoginSteps.loginValidationInvalid()&amp#27;[0m
18:25:24.508 [Darkroom Processing Line] DEBUG net.serenitybdd.core.photography.DarkroomProcessingLine - Processing screenshot image in /var/screenshots/screenshot-16467483362181449183
18:25:24.508 [Darkroom Processing Line] DEBUG net.serenitybdd.core.photography.DarkroomProcessingLine - Saving screenshot to target\site\serenity\25434932786f7d1b946bea4ed89cde6e632a0a5d01e00a60043ddd10768cae57.png
18:25:25.240 [AsyncHttpClient-1-1] DEBUG org.asynchttpclient.netty.channel.DefaultChannelPool - Entry count for : http://localhost:56189 : 1
18:25:25.240 [AsyncHttpClient-1-1] DEBUG org.asynchttpclient.netty.channel.DefaultChannelPool - Entry count for : http://localhost:49624 : 1
18:25:26.344 [AsyncHttpClient-1-1] DEBUG org.asynchttpclient.netty.channel.DefaultChannelPool - Entry count for : http://localhost:56189 : 1
18:25:26.344 [AsyncHttpClient-1-1] DEBUG org.asynchttpclient.netty.channel.DefaultChannelPool - Entry count for : http://localhost:49624 : 1
18:25:27.440 [AsyncHttpClient-1-1] DEBUG org.asynchttpclient.netty.channel.DefaultChannelPool - Entry count for : http://localhost:56189 : 1
18:25:27.440 [AsyncHttpClient-1-1] DEBUG org.asynchttpclient.netty.channel.DefaultChannelPool - Entry count for : http://localhost:49624 : 1
18:25:28.538 [AsyncHttpClient-1-1] DEBUG org.asynchttpclient.netty.channel.DefaultChannelPool - Entry count for : http://localhost:56189 : 1
18:25:28.538 [AsyncHttpClient-1-1] DEBUG org.asynchttpclient.netty.channel.DefaultChannelPool - Entry count for : http://localhost:49624 : 1
18:25:29.565 [Forwarding screenshot on session 5b2d8da05437bf47e84b6601027b22e0 to remote] DEBUG org.asynchttpclient.netty.request.NettyRequestSender - Using pooled Channel '[id: 0x79d9b8b6, L:/127.0.0.1:49623 - R:localhost/127.0.0.1:56189]' for 'GET' to 'http://localhost:56189/session/5b2d8da05437bf47e84b6601027b22e0/screenshot'
18:25:29.566 [Forwarding screenshot on session 5b2d8da05437bf47e84b6601027b22e0 to remote] DEBUG org.asynchttpclient.netty.request.NettyRequestSender - Using open Channel [id: 0x79d9b8b6, L:/127.0.0.1:49623 - R:localhost/127.0.0.1:56189] for GET '/session/5b2d8da05437bf47e84b6601027b22e0/screenshot'
18:25:29.643 [AsyncHttpClient-1-1] DEBUG org.asynchttpclient.netty.channel.DefaultChannelPool - Entry count for : http://localhost:49624 : 1
18:25:29.757 [AsyncHttpClient-1-8] DEBUG org.asynchttpclient.netty.handler.HttpHandler - 

Request DefaultFullHttpRequest(decodeResult: success, version: HTTP/1.1, content: EmptyByteBufBE)
GET /session/5b2d8da05437bf47e84b6601027b22e0/screenshot HTTP/1.1
User-Agent: selenium/4.1.4 (java windows)
Cache-Control: no-cache
Content-Type: application/json; charset=utf-8
host: localhost:56189
accept: */*

Response DefaultHttpResponse(decodeResult: success, version: HTTP/1.1)
HTTP/1.1 200 OK
Content-Type: application/json; charset=utf-8
cache-control: no-cache
content-length: 78860

18:25:29.758 [AsyncHttpClient-1-8] DEBUG org.asynchttpclient.netty.channel.ChannelManager - Adding key: http://localhost:56189 for channel [id: 0x79d9b8b6, L:/127.0.0.1:49623 - R:localhost/127.0.0.1:56189]
18:25:29.765 [main] DEBUG net.serenitybdd.core.photography.Darkroom - Send negative for processing for target\site\serenity\e3902e4e6d497170d59aa0c0c2930d955492166dca27ad580f2b08c08bf103aa.png
18:25:29.766 [main] DEBUG net.thucydides.core.steps.StepInterceptor - STARTING STEP: PatientDataSteps.clickButtonDataPasien - clickButtonDataPasien
18:25:29.777 [Forwarding findElement on session 5b2d8da05437bf47e84b6601027b22e0 to remote] DEBUG org.asynchttpclient.netty.request.NettyRequestSender - Using pooled Channel '[id: 0x79d9b8b6, L:/127.0.0.1:49623 - R:localhost/127.0.0.1:56189]' for 'POST' to 'http://localhost:56189/session/5b2d8da05437bf47e84b6601027b22e0/element'
18:25:29.777 [Forwarding findElement on session 5b2d8da05437bf47e84b6601027b22e0 to remote] DEBUG org.asynchttpclient.netty.request.NettyRequestSender - Using open Channel [id: 0x79d9b8b6, L:/127.0.0.1:49623 - R:localhost/127.0.0.1:56189] for POST '/session/5b2d8da05437bf47e84b6601027b22e0/element'
18:25:29.809 [AsyncHttpClient-1-8] DEBUG org.asynchttpclient.netty.handler.HttpHandler - 

Request DefaultHttpRequest(decodeResult: success, version: HTTP/1.1)
POST /session/5b2d8da05437bf47e84b6601027b22e0/element HTTP/1.1
User-Agent: selenium/4.1.4 (java windows)
Content-Length: 114
Content-Type: application/json; charset=utf-8
host: localhost:56189
accept: */*

Response DefaultHttpResponse(decodeResult: success, version: HTTP/1.1)
HTTP/1.1 200 OK
Content-Type: application/json; charset=utf-8
cache-control: no-cache
content-length: 88

18:25:29.809 [AsyncHttpClient-1-8] DEBUG org.asynchttpclient.netty.channel.ChannelManager - Adding key: http://localhost:56189 for channel [id: 0x79d9b8b6, L:/127.0.0.1:49623 - R:localhost/127.0.0.1:56189]
18:25:29.812 [Forwarding getElementTagName on session 5b2d8da05437bf47e84b6601027b22e0 to remote] DEBUG org.asynchttpclient.netty.request.NettyRequestSender - Using pooled Channel '[id: 0x79d9b8b6, L:/127.0.0.1:49623 - R:localhost/127.0.0.1:56189]' for 'GET' to 'http://localhost:56189/session/5b2d8da05437bf47e84b6601027b22e0/element/f2129569-eb69-4a26-a726-17cd97bb8df0/name'
18:25:29.812 [Forwarding getElementTagName on session 5b2d8da05437bf47e84b6601027b22e0 to remote] DEBUG org.asynchttpclient.netty.request.NettyRequestSender - Using open Channel [id: 0x79d9b8b6, L:/127.0.0.1:49623 - R:localhost/127.0.0.1:56189] for GET '/session/5b2d8da05437bf47e84b6601027b22e0/element/f2129569-eb69-4a26-a726-17cd97bb8df0/name'
18:25:29.824 [AsyncHttpClient-1-8] DEBUG org.asynchttpclient.netty.handler.HttpHandler - 

Request DefaultFullHttpRequest(decodeResult: success, version: HTTP/1.1, content: EmptyByteBufBE)
GET /session/5b2d8da05437bf47e84b6601027b22e0/element/f2129569-eb69-4a26-a726-17cd97bb8df0/name HTTP/1.1
User-Agent: selenium/4.1.4 (java windows)
Cache-Control: no-cache
Content-Type: application/json; charset=utf-8
host: localhost:56189
accept: */*

Response DefaultHttpResponse(decodeResult: success, version: HTTP/1.1)
HTTP/1.1 200 OK
Content-Type: application/json; charset=utf-8
cache-control: no-cache
content-length: 13

18:25:29.824 [AsyncHttpClient-1-8] DEBUG org.asynchttpclient.netty.channel.ChannelManager - Adding key: http://localhost:56189 for channel [id: 0x79d9b8b6, L:/127.0.0.1:49623 - R:localhost/127.0.0.1:56189]
18:25:29.827 [Forwarding getElementTagName on session 5b2d8da05437bf47e84b6601027b22e0 to remote] DEBUG org.asynchttpclient.netty.request.NettyRequestSender - Using pooled Channel '[id: 0x79d9b8b6, L:/127.0.0.1:49623 - R:localhost/127.0.0.1:56189]' for 'GET' to 'http://localhost:56189/session/5b2d8da05437bf47e84b6601027b22e0/element/f2129569-eb69-4a26-a726-17cd97bb8df0/name'
18:25:29.827 [Forwarding getElementTagName on session 5b2d8da05437bf47e84b6601027b22e0 to remote] DEBUG org.asynchttpclient.netty.request.NettyRequestSender - Using open Channel [id: 0x79d9b8b6, L:/127.0.0.1:49623 - R:localhost/127.0.0.1:56189] for GET '/session/5b2d8da05437bf47e84b6601027b22e0/element/f2129569-eb69-4a26-a726-17cd97bb8df0/name'
18:25:29.834 [AsyncHttpClient-1-8] DEBUG org.asynchttpclient.netty.handler.HttpHandler - 

Request DefaultFullHttpRequest(decodeResult: success, version: HTTP/1.1, content: EmptyByteBufBE)
GET /session/5b2d8da05437bf47e84b6601027b22e0/element/f2129569-eb69-4a26-a726-17cd97bb8df0/name HTTP/1.1
User-Agent: selenium/4.1.4 (java windows)
Cache-Control: no-cache
Content-Type: application/json; charset=utf-8
host: localhost:56189
accept: */*

Response DefaultHttpResponse(decodeResult: success, version: HTTP/1.1)
HTTP/1.1 200 OK
Content-Type: application/json; charset=utf-8
cache-control: no-cache
content-length: 13

18:25:29.834 [AsyncHttpClient-1-8] DEBUG org.asynchttpclient.netty.channel.ChannelManager - Adding key: http://localhost:56189 for channel [id: 0x79d9b8b6, L:/127.0.0.1:49623 - R:localhost/127.0.0.1:56189]
18:25:29.841 [Forwarding findElement on session 5b2d8da05437bf47e84b6601027b22e0 to remote] DEBUG org.asynchttpclient.netty.request.NettyRequestSender - Using pooled Channel '[id: 0x79d9b8b6, L:/127.0.0.1:49623 - R:localhost/127.0.0.1:56189]' for 'POST' to 'http://localhost:56189/session/5b2d8da05437bf47e84b6601027b22e0/element'
18:25:29.842 [Forwarding findElement on session 5b2d8da05437bf47e84b6601027b22e0 to remote] DEBUG org.asynchttpclient.netty.request.NettyRequestSender - Using open Channel [id: 0x79d9b8b6, L:/127.0.0.1:49623 - R:localhost/127.0.0.1:56189] for POST '/session/5b2d8da05437bf47e84b6601027b22e0/element'
18:25:29.864 [AsyncHttpClient-1-8] DEBUG org.asynchttpclient.netty.handler.HttpHandler - 

Request DefaultHttpRequest(decodeResult: success, version: HTTP/1.1)
POST /session/5b2d8da05437bf47e84b6601027b22e0/element HTTP/1.1
User-Agent: selenium/4.1.4 (java windows)
Content-Length: 114
Content-Type: application/json; charset=utf-8
host: localhost:56189
accept: */*

Response DefaultHttpResponse(decodeResult: success, version: HTTP/1.1)
HTTP/1.1 200 OK
Content-Type: application/json; charset=utf-8
cache-control: no-cache
content-length: 88

18:25:29.865 [AsyncHttpClient-1-8] DEBUG org.asynchttpclient.netty.channel.ChannelManager - Adding key: http://localhost:56189 for channel [id: 0x79d9b8b6, L:/127.0.0.1:49623 - R:localhost/127.0.0.1:56189]
18:25:29.870 [Forwarding clickElement on session 5b2d8da05437bf47e84b6601027b22e0 to remote] DEBUG org.asynchttpclient.netty.request.NettyRequestSender - Using pooled Channel '[id: 0x79d9b8b6, L:/127.0.0.1:49623 - R:localhost/127.0.0.1:56189]' for 'POST' to 'http://localhost:56189/session/5b2d8da05437bf47e84b6601027b22e0/element/f2129569-eb69-4a26-a726-17cd97bb8df0/click'
18:25:29.870 [Forwarding clickElement on session 5b2d8da05437bf47e84b6601027b22e0 to remote] DEBUG org.asynchttpclient.netty.request.NettyRequestSender - Using open Channel [id: 0x79d9b8b6, L:/127.0.0.1:49623 - R:localhost/127.0.0.1:56189] for POST '/session/5b2d8da05437bf47e84b6601027b22e0/element/f2129569-eb69-4a26-a726-17cd97bb8df0/click'
18:25:30.008 [AsyncHttpClient-1-8] DEBUG org.asynchttpclient.netty.handler.HttpHandler - 

Request DefaultHttpRequest(decodeResult: success, version: HTTP/1.1)
POST /session/5b2d8da05437bf47e84b6601027b22e0/element/f2129569-eb69-4a26-a726-17cd97bb8df0/click HTTP/1.1
User-Agent: selenium/4.1.4 (java windows)
Content-Length: 50
Content-Type: application/json; charset=utf-8
host: localhost:56189
accept: */*

Response DefaultHttpResponse(decodeResult: success, version: HTTP/1.1)
HTTP/1.1 200 OK
Content-Type: application/json; charset=utf-8
cache-control: no-cache
content-length: 14

18:25:30.009 [AsyncHttpClient-1-8] DEBUG org.asynchttpclient.netty.channel.ChannelManager - Adding key: http://localhost:56189 for channel [id: 0x79d9b8b6, L:/127.0.0.1:49623 - R:localhost/127.0.0.1:56189]
18:25:30.013 [Forwarding screenshot on session 5b2d8da05437bf47e84b6601027b22e0 to remote] DEBUG org.asynchttpclient.netty.request.NettyRequestSender - Using pooled Channel '[id: 0x79d9b8b6, L:/127.0.0.1:49623 - R:localhost/127.0.0.1:56189]' for 'GET' to 'http://localhost:56189/session/5b2d8da05437bf47e84b6601027b22e0/screenshot'
18:25:30.013 [Forwarding screenshot on session 5b2d8da05437bf47e84b6601027b22e0 to remote] DEBUG org.asynchttpclient.netty.request.NettyRequestSender - Using open Channel [id: 0x79d9b8b6, L:/127.0.0.1:49623 - R:localhost/127.0.0.1:56189] for GET '/session/5b2d8da05437bf47e84b6601027b22e0/screenshot'
18:25:30.382 [AsyncHttpClient-1-8] DEBUG org.asynchttpclient.netty.handler.HttpHandler - 

Request DefaultFullHttpRequest(decodeResult: success, version: HTTP/1.1, content: EmptyByteBufBE)
GET /session/5b2d8da05437bf47e84b6601027b22e0/screenshot HTTP/1.1
User-Agent: selenium/4.1.4 (java windows)
Cache-Control: no-cache
Content-Type: application/json; charset=utf-8
host: localhost:56189
accept: */*

Response DefaultHttpResponse(decodeResult: success, version: HTTP/1.1)
HTTP/1.1 200 OK
Content-Type: application/json; charset=utf-8
cache-control: no-cache
content-length: 111344

18:25:30.383 [AsyncHttpClient-1-8] DEBUG org.asynchttpclient.netty.channel.ChannelManager - Adding key: http://localhost:56189 for channel [id: 0x79d9b8b6, L:/127.0.0.1:49623 - R:localhost/127.0.0.1:56189]
18:25:30.398 [main] DEBUG net.serenitybdd.core.photography.Darkroom - Send negative for processing for target\site\serenity\c815c98f0d7bd8aadc880e12edeb0702096ed46a51f5aad029396bdebd5b69e6.png
18:25:30.398 [main] DEBUG net.thucydides.core.steps.StepInterceptor - STEP DONE: clickButtonDataPasien
  &amp#27;[32mWhen &amp#27;[0m&amp#27;[32mClick button data pasien&amp#27;[0m                                                       &amp#27;[90m# starter.stepdefinitios.PatientDataSteps.clickButtonDataPasien()&amp#27;[0m
18:25:30.399 [Darkroom Processing Line] DEBUG net.serenitybdd.core.photography.DarkroomProcessingLine - Processing screenshot image in /var/screenshots/screenshot-2084622166022564818
18:25:30.399 [Darkroom Processing Line] DEBUG net.serenitybdd.core.photography.DarkroomProcessingLine - Saving screenshot to target\site\serenity\c815c98f0d7bd8aadc880e12edeb0702096ed46a51f5aad029396bdebd5b69e6.png
18:25:30.741 [AsyncHttpClient-1-1] DEBUG org.asynchttpclient.netty.channel.DefaultChannelPool - Entry count for : http://localhost:56189 : 1
18:25:30.741 [AsyncHttpClient-1-1] DEBUG org.asynchttpclient.netty.channel.DefaultChannelPool - Entry count for : http://localhost:49624 : 1
18:25:31.836 [AsyncHttpClient-1-1] DEBUG org.asynchttpclient.netty.channel.DefaultChannelPool - Entry count for : http://localhost:56189 : 1
18:25:31.836 [AsyncHttpClient-1-1] DEBUG org.asynchttpclient.netty.channel.DefaultChannelPool - Entry count for : http://localhost:49624 : 1
18:25:32.937 [AsyncHttpClient-1-1] DEBUG org.asynchttpclient.netty.channel.DefaultChannelPool - Entry count for : http://localhost:56189 : 1
18:25:32.938 [AsyncHttpClient-1-1] DEBUG org.asynchttpclient.netty.channel.DefaultChannelPool - Entry count for : http://localhost:49624 : 1
18:25:34.035 [AsyncHttpClient-1-1] DEBUG org.asynchttpclient.netty.channel.DefaultChannelPool - Entry count for : http://localhost:56189 : 1
18:25:34.035 [AsyncHttpClient-1-1] DEBUG org.asynchttpclient.netty.channel.DefaultChannelPool - Entry count for : http://localhost:49624 : 1
18:25:35.138 [AsyncHttpClient-1-1] DEBUG org.asynchttpclient.netty.channel.DefaultChannelPool - Entry count for : http://localhost:56189 : 1
18:25:35.138 [AsyncHttpClient-1-1] DEBUG org.asynchttpclient.netty.channel.DefaultChannelPool - Entry count for : http://localhost:49624 : 1
18:25:36.240 [AsyncHttpClient-1-1] DEBUG org.asynchttpclient.netty.channel.DefaultChannelPool - Entry count for : http://localhost:56189 : 1
18:25:36.240 [AsyncHttpClient-1-1] DEBUG org.asynchttpclient.netty.channel.DefaultChannelPool - Entry count for : http://localhost:49624 : 1
18:25:36.471 [Forwarding screenshot on session 5b2d8da05437bf47e84b6601027b22e0 to remote] DEBUG org.asynchttpclient.netty.request.NettyRequestSender - Using pooled Channel '[id: 0x79d9b8b6, L:/127.0.0.1:49623 - R:localhost/127.0.0.1:56189]' for 'GET' to 'http://localhost:56189/session/5b2d8da05437bf47e84b6601027b22e0/screenshot'
18:25:36.471 [Forwarding screenshot on session 5b2d8da05437bf47e84b6601027b22e0 to remote] DEBUG org.asynchttpclient.netty.request.NettyRequestSender - Using open Channel [id: 0x79d9b8b6, L:/127.0.0.1:49623 - R:localhost/127.0.0.1:56189] for GET '/session/5b2d8da05437bf47e84b6601027b22e0/screenshot'
18:25:36.674 [AsyncHttpClient-1-8] DEBUG org.asynchttpclient.netty.handler.HttpHandler - 

Request DefaultFullHttpRequest(decodeResult: success, version: HTTP/1.1, content: EmptyByteBufBE)
GET /session/5b2d8da05437bf47e84b6601027b22e0/screenshot HTTP/1.1
User-Agent: selenium/4.1.4 (java windows)
Cache-Control: no-cache
Content-Type: application/json; charset=utf-8
host: localhost:56189
accept: */*

Response DefaultHttpResponse(decodeResult: success, version: HTTP/1.1)
HTTP/1.1 200 OK
Content-Type: application/json; charset=utf-8
cache-control: no-cache
content-length: 77120

18:25:36.675 [AsyncHttpClient-1-8] DEBUG org.asynchttpclient.netty.channel.ChannelManager - Adding key: http://localhost:56189 for channel [id: 0x79d9b8b6, L:/127.0.0.1:49623 - R:localhost/127.0.0.1:56189]
18:25:36.677 [main] DEBUG net.serenitybdd.core.photography.Darkroom - Send negative for processing for target\site\serenity\35c02247dd420339573d4e9dd44695f1ffa836eba39af3cd8cabf13eeb4c679e.png
18:25:36.677 [main] DEBUG net.thucydides.core.steps.StepInterceptor - STARTING STEP: PatientDataSteps.clickButtonTambahData - clickButtonTambah
18:25:36.692 [Forwarding findElement on session 5b2d8da05437bf47e84b6601027b22e0 to remote] DEBUG org.asynchttpclient.netty.request.NettyRequestSender - Using pooled Channel '[id: 0x79d9b8b6, L:/127.0.0.1:49623 - R:localhost/127.0.0.1:56189]' for 'POST' to 'http://localhost:56189/session/5b2d8da05437bf47e84b6601027b22e0/element'
18:25:36.692 [Forwarding findElement on session 5b2d8da05437bf47e84b6601027b22e0 to remote] DEBUG org.asynchttpclient.netty.request.NettyRequestSender - Using open Channel [id: 0x79d9b8b6, L:/127.0.0.1:49623 - R:localhost/127.0.0.1:56189] for POST '/session/5b2d8da05437bf47e84b6601027b22e0/element'
18:25:36.714 [AsyncHttpClient-1-8] DEBUG org.asynchttpclient.netty.handler.HttpHandler - 

Request DefaultHttpRequest(decodeResult: success, version: HTTP/1.1)
POST /session/5b2d8da05437bf47e84b6601027b22e0/element HTTP/1.1
User-Agent: selenium/4.1.4 (java windows)
Content-Length: 68
Content-Type: application/json; charset=utf-8
host: localhost:56189
accept: */*

Response DefaultHttpResponse(decodeResult: success, version: HTTP/1.1)
HTTP/1.1 200 OK
Content-Type: application/json; charset=utf-8
cache-control: no-cache
content-length: 88

18:25:36.714 [AsyncHttpClient-1-8] DEBUG org.asynchttpclient.netty.channel.ChannelManager - Adding key: http://localhost:56189 for channel [id: 0x79d9b8b6, L:/127.0.0.1:49623 - R:localhost/127.0.0.1:56189]
18:25:36.718 [Forwarding getElementTagName on session 5b2d8da05437bf47e84b6601027b22e0 to remote] DEBUG org.asynchttpclient.netty.request.NettyRequestSender - Using pooled Channel '[id: 0x79d9b8b6, L:/127.0.0.1:49623 - R:localhost/127.0.0.1:56189]' for 'GET' to 'http://localhost:56189/session/5b2d8da05437bf47e84b6601027b22e0/element/017ea49e-7c12-4668-bfc1-896781d9183e/name'
18:25:36.718 [Forwarding getElementTagName on session 5b2d8da05437bf47e84b6601027b22e0 to remote] DEBUG org.asynchttpclient.netty.request.NettyRequestSender - Using open Channel [id: 0x79d9b8b6, L:/127.0.0.1:49623 - R:localhost/127.0.0.1:56189] for GET '/session/5b2d8da05437bf47e84b6601027b22e0/element/017ea49e-7c12-4668-bfc1-896781d9183e/name'
18:25:36.729 [AsyncHttpClient-1-8] DEBUG org.asynchttpclient.netty.handler.HttpHandler - 

Request DefaultFullHttpRequest(decodeResult: success, version: HTTP/1.1, content: EmptyByteBufBE)
GET /session/5b2d8da05437bf47e84b6601027b22e0/element/017ea49e-7c12-4668-bfc1-896781d9183e/name HTTP/1.1
User-Agent: selenium/4.1.4 (java windows)
Cache-Control: no-cache
Content-Type: application/json; charset=utf-8
host: localhost:56189
accept: */*

Response DefaultHttpResponse(decodeResult: success, version: HTTP/1.1)
HTTP/1.1 200 OK
Content-Type: application/json; charset=utf-8
cache-control: no-cache
content-length: 18

18:25:36.729 [AsyncHttpClient-1-8] DEBUG org.asynchttpclient.netty.channel.ChannelManager - Adding key: http://localhost:56189 for channel [id: 0x79d9b8b6, L:/127.0.0.1:49623 - R:localhost/127.0.0.1:56189]
18:25:36.733 [Forwarding getElementTagName on session 5b2d8da05437bf47e84b6601027b22e0 to remote] DEBUG org.asynchttpclient.netty.request.NettyRequestSender - Using pooled Channel '[id: 0x79d9b8b6, L:/127.0.0.1:49623 - R:localhost/127.0.0.1:56189]' for 'GET' to 'http://localhost:56189/session/5b2d8da05437bf47e84b6601027b22e0/element/017ea49e-7c12-4668-bfc1-896781d9183e/name'
18:25:36.733 [Forwarding getElementTagName on session 5b2d8da05437bf47e84b6601027b22e0 to remote] DEBUG org.asynchttpclient.netty.request.NettyRequestSender - Using open Channel [id: 0x79d9b8b6, L:/127.0.0.1:49623 - R:localhost/127.0.0.1:56189] for GET '/session/5b2d8da05437bf47e84b6601027b22e0/element/017ea49e-7c12-4668-bfc1-896781d9183e/name'
18:25:36.742 [AsyncHttpClient-1-8] DEBUG org.asynchttpclient.netty.handler.HttpHandler - 

Request DefaultFullHttpRequest(decodeResult: success, version: HTTP/1.1, content: EmptyByteBufBE)
GET /session/5b2d8da05437bf47e84b6601027b22e0/element/017ea49e-7c12-4668-bfc1-896781d9183e/name HTTP/1.1
User-Agent: selenium/4.1.4 (java windows)
Cache-Control: no-cache
Content-Type: application/json; charset=utf-8
host: localhost:56189
accept: */*

Response DefaultHttpResponse(decodeResult: success, version: HTTP/1.1)
HTTP/1.1 200 OK
Content-Type: application/json; charset=utf-8
cache-control: no-cache
content-length: 18

18:25:36.742 [AsyncHttpClient-1-8] DEBUG org.asynchttpclient.netty.channel.ChannelManager - Adding key: http://localhost:56189 for channel [id: 0x79d9b8b6, L:/127.0.0.1:49623 - R:localhost/127.0.0.1:56189]
18:25:36.746 [Forwarding isElementEnabled on session 5b2d8da05437bf47e84b6601027b22e0 to remote] DEBUG org.asynchttpclient.netty.request.NettyRequestSender - Using pooled Channel '[id: 0x79d9b8b6, L:/127.0.0.1:49623 - R:localhost/127.0.0.1:56189]' for 'GET' to 'http://localhost:56189/session/5b2d8da05437bf47e84b6601027b22e0/element/017ea49e-7c12-4668-bfc1-896781d9183e/enabled'
18:25:36.747 [Forwarding isElementEnabled on session 5b2d8da05437bf47e84b6601027b22e0 to remote] DEBUG org.asynchttpclient.netty.request.NettyRequestSender - Using open Channel [id: 0x79d9b8b6, L:/127.0.0.1:49623 - R:localhost/127.0.0.1:56189] for GET '/session/5b2d8da05437bf47e84b6601027b22e0/element/017ea49e-7c12-4668-bfc1-896781d9183e/enabled'
18:25:36.778 [AsyncHttpClient-1-8] DEBUG org.asynchttpclient.netty.handler.HttpHandler - 

Request DefaultFullHttpRequest(decodeResult: success, version: HTTP/1.1, content: EmptyByteBufBE)
GET /session/5b2d8da05437bf47e84b6601027b22e0/element/017ea49e-7c12-4668-bfc1-896781d9183e/enabled HTTP/1.1
User-Agent: selenium/4.1.4 (java windows)
Cache-Control: no-cache
Content-Type: application/json; charset=utf-8
host: localhost:56189
accept: */*

Response DefaultHttpResponse(decodeResult: success, version: HTTP/1.1)
HTTP/1.1 200 OK
Content-Type: application/json; charset=utf-8
cache-control: no-cache
content-length: 14

18:25:36.778 [AsyncHttpClient-1-8] DEBUG org.asynchttpclient.netty.channel.ChannelManager - Adding key: http://localhost:56189 for channel [id: 0x79d9b8b6, L:/127.0.0.1:49623 - R:localhost/127.0.0.1:56189]
18:25:36.781 [Forwarding isElementEnabled on session 5b2d8da05437bf47e84b6601027b22e0 to remote] DEBUG org.asynchttpclient.netty.request.NettyRequestSender - Using pooled Channel '[id: 0x79d9b8b6, L:/127.0.0.1:49623 - R:localhost/127.0.0.1:56189]' for 'GET' to 'http://localhost:56189/session/5b2d8da05437bf47e84b6601027b22e0/element/017ea49e-7c12-4668-bfc1-896781d9183e/enabled'
18:25:36.781 [Forwarding isElementEnabled on session 5b2d8da05437bf47e84b6601027b22e0 to remote] DEBUG org.asynchttpclient.netty.request.NettyRequestSender - Using open Channel [id: 0x79d9b8b6, L:/127.0.0.1:49623 - R:localhost/127.0.0.1:56189] for GET '/session/5b2d8da05437bf47e84b6601027b22e0/element/017ea49e-7c12-4668-bfc1-896781d9183e/enabled'
18:25:36.800 [AsyncHttpClient-1-8] DEBUG org.asynchttpclient.netty.handler.HttpHandler - 

Request DefaultFullHttpRequest(decodeResult: success, version: HTTP/1.1, content: EmptyByteBufBE)
GET /session/5b2d8da05437bf47e84b6601027b22e0/element/017ea49e-7c12-4668-bfc1-896781d9183e/enabled HTTP/1.1
User-Agent: selenium/4.1.4 (java windows)
Cache-Control: no-cache
Content-Type: application/json; charset=utf-8
host: localhost:56189
accept: */*

Response DefaultHttpResponse(decodeResult: success, version: HTTP/1.1)
HTTP/1.1 200 OK
Content-Type: application/json; charset=utf-8
cache-control: no-cache
content-length: 14

18:25:36.800 [AsyncHttpClient-1-8] DEBUG org.asynchttpclient.netty.channel.ChannelManager - Adding key: http://localhost:56189 for channel [id: 0x79d9b8b6, L:/127.0.0.1:49623 - R:localhost/127.0.0.1:56189]
18:25:36.806 [Forwarding findElement on session 5b2d8da05437bf47e84b6601027b22e0 to remote] DEBUG org.asynchttpclient.netty.request.NettyRequestSender - Using pooled Channel '[id: 0x79d9b8b6, L:/127.0.0.1:49623 - R:localhost/127.0.0.1:56189]' for 'POST' to 'http://localhost:56189/session/5b2d8da05437bf47e84b6601027b22e0/element'
18:25:36.806 [Forwarding findElement on session 5b2d8da05437bf47e84b6601027b22e0 to remote] DEBUG org.asynchttpclient.netty.request.NettyRequestSender - Using open Channel [id: 0x79d9b8b6, L:/127.0.0.1:49623 - R:localhost/127.0.0.1:56189] for POST '/session/5b2d8da05437bf47e84b6601027b22e0/element'
18:25:36.825 [AsyncHttpClient-1-8] DEBUG org.asynchttpclient.netty.handler.HttpHandler - 

Request DefaultHttpRequest(decodeResult: success, version: HTTP/1.1)
POST /session/5b2d8da05437bf47e84b6601027b22e0/element HTTP/1.1
User-Agent: selenium/4.1.4 (java windows)
Content-Length: 68
Content-Type: application/json; charset=utf-8
host: localhost:56189
accept: */*

Response DefaultHttpResponse(decodeResult: success, version: HTTP/1.1)
HTTP/1.1 200 OK
Content-Type: application/json; charset=utf-8
cache-control: no-cache
content-length: 88

18:25:36.825 [AsyncHttpClient-1-8] DEBUG org.asynchttpclient.netty.channel.ChannelManager - Adding key: http://localhost:56189 for channel [id: 0x79d9b8b6, L:/127.0.0.1:49623 - R:localhost/127.0.0.1:56189]
18:25:36.829 [Forwarding clickElement on session 5b2d8da05437bf47e84b6601027b22e0 to remote] DEBUG org.asynchttpclient.netty.request.NettyRequestSender - Using pooled Channel '[id: 0x79d9b8b6, L:/127.0.0.1:49623 - R:localhost/127.0.0.1:56189]' for 'POST' to 'http://localhost:56189/session/5b2d8da05437bf47e84b6601027b22e0/element/017ea49e-7c12-4668-bfc1-896781d9183e/click'
18:25:36.829 [Forwarding clickElement on session 5b2d8da05437bf47e84b6601027b22e0 to remote] DEBUG org.asynchttpclient.netty.request.NettyRequestSender - Using open Channel [id: 0x79d9b8b6, L:/127.0.0.1:49623 - R:localhost/127.0.0.1:56189] for POST '/session/5b2d8da05437bf47e84b6601027b22e0/element/017ea49e-7c12-4668-bfc1-896781d9183e/click'
18:25:37.113 [AsyncHttpClient-1-8] DEBUG org.asynchttpclient.netty.handler.HttpHandler - 

Request DefaultHttpRequest(decodeResult: success, version: HTTP/1.1)
POST /session/5b2d8da05437bf47e84b6601027b22e0/element/017ea49e-7c12-4668-bfc1-896781d9183e/click HTTP/1.1
User-Agent: selenium/4.1.4 (java windows)
Content-Length: 50
Content-Type: application/json; charset=utf-8
host: localhost:56189
accept: */*

Response DefaultHttpResponse(decodeResult: success, version: HTTP/1.1)
HTTP/1.1 200 OK
Content-Type: application/json; charset=utf-8
cache-control: no-cache
content-length: 14

18:25:37.113 [AsyncHttpClient-1-8] DEBUG org.asynchttpclient.netty.channel.ChannelManager - Adding key: http://localhost:56189 for channel [id: 0x79d9b8b6, L:/127.0.0.1:49623 - R:localhost/127.0.0.1:56189]
18:25:37.122 [Forwarding screenshot on session 5b2d8da05437bf47e84b6601027b22e0 to remote] DEBUG org.asynchttpclient.netty.request.NettyRequestSender - Using pooled Channel '[id: 0x79d9b8b6, L:/127.0.0.1:49623 - R:localhost/127.0.0.1:56189]' for 'GET' to 'http://localhost:56189/session/5b2d8da05437bf47e84b6601027b22e0/screenshot'
18:25:37.123 [Forwarding screenshot on session 5b2d8da05437bf47e84b6601027b22e0 to remote] DEBUG org.asynchttpclient.netty.request.NettyRequestSender - Using open Channel [id: 0x79d9b8b6, L:/127.0.0.1:49623 - R:localhost/127.0.0.1:56189] for GET '/session/5b2d8da05437bf47e84b6601027b22e0/screenshot'
18:25:37.346 [AsyncHttpClient-1-1] DEBUG org.asynchttpclient.netty.channel.DefaultChannelPool - Entry count for : http://localhost:49624 : 1
18:25:37.381 [AsyncHttpClient-1-8] DEBUG org.asynchttpclient.netty.handler.HttpHandler - 

Request DefaultFullHttpRequest(decodeResult: success, version: HTTP/1.1, content: EmptyByteBufBE)
GET /session/5b2d8da05437bf47e84b6601027b22e0/screenshot HTTP/1.1
User-Agent: selenium/4.1.4 (java windows)
Cache-Control: no-cache
Content-Type: application/json; charset=utf-8
host: localhost:56189
accept: */*

Response DefaultHttpResponse(decodeResult: success, version: HTTP/1.1)
HTTP/1.1 200 OK
Content-Type: application/json; charset=utf-8
cache-control: no-cache
content-length: 41184

18:25:37.382 [AsyncHttpClient-1-8] DEBUG org.asynchttpclient.netty.channel.ChannelManager - Adding key: http://localhost:56189 for channel [id: 0x79d9b8b6, L:/127.0.0.1:49623 - R:localhost/127.0.0.1:56189]
18:25:37.384 [main] DEBUG net.serenitybdd.core.photography.Darkroom - Send negative for processing for target\site\serenity\85e61910bbe1ffdf1c3467de0c5b289b3a6eab20004aed7ee6697f4c867559e7.png
18:25:37.384 [main] DEBUG net.thucydides.core.steps.StepInterceptor - STEP DONE: clickButtonTambah
  &amp#27;[32mAnd &amp#27;[0m&amp#27;[32mClick button tambah data&amp#27;[0m                                                        &amp#27;[90m# starter.stepdefinitios.PatientDataSteps.clickButtonTambahData()&amp#27;[0m
18:25:37.384 [Darkroom Processing Line] DEBUG net.serenitybdd.core.photography.DarkroomProcessingLine - Processing screenshot image in /var/screenshots/screenshot-16654781594669218879
18:25:37.384 [Darkroom Processing Line] DEBUG net.serenitybdd.core.photography.DarkroomProcessingLine - Saving screenshot to target\site\serenity\85e61910bbe1ffdf1c3467de0c5b289b3a6eab20004aed7ee6697f4c867559e7.png
18:25:38.441 [AsyncHttpClient-1-1] DEBUG org.asynchttpclient.netty.channel.DefaultChannelPool - Entry count for : http://localhost:56189 : 1
18:25:38.441 [AsyncHttpClient-1-1] DEBUG org.asynchttpclient.netty.channel.DefaultChannelPool - Entry count for : http://localhost:49624 : 1
18:25:38.468 [Forwarding screenshot on session 5b2d8da05437bf47e84b6601027b22e0 to remote] DEBUG org.asynchttpclient.netty.request.NettyRequestSender - Using pooled Channel '[id: 0x79d9b8b6, L:/127.0.0.1:49623 - R:localhost/127.0.0.1:56189]' for 'GET' to 'http://localhost:56189/session/5b2d8da05437bf47e84b6601027b22e0/screenshot'
18:25:38.469 [Forwarding screenshot on session 5b2d8da05437bf47e84b6601027b22e0 to remote] DEBUG org.asynchttpclient.netty.request.NettyRequestSender - Using open Channel [id: 0x79d9b8b6, L:/127.0.0.1:49623 - R:localhost/127.0.0.1:56189] for GET '/session/5b2d8da05437bf47e84b6601027b22e0/screenshot'
18:25:38.703 [AsyncHttpClient-1-8] DEBUG org.asynchttpclient.netty.handler.HttpHandler - 

Request DefaultFullHttpRequest(decodeResult: success, version: HTTP/1.1, content: EmptyByteBufBE)
GET /session/5b2d8da05437bf47e84b6601027b22e0/screenshot HTTP/1.1
User-Agent: selenium/4.1.4 (java windows)
Cache-Control: no-cache
Content-Type: application/json; charset=utf-8
host: localhost:56189
accept: */*

Response DefaultHttpResponse(decodeResult: success, version: HTTP/1.1)
HTTP/1.1 200 OK
Content-Type: application/json; charset=utf-8
cache-control: no-cache
content-length: 56356

18:25:38.704 [AsyncHttpClient-1-8] DEBUG org.asynchttpclient.netty.channel.ChannelManager - Adding key: http://localhost:56189 for channel [id: 0x79d9b8b6, L:/127.0.0.1:49623 - R:localhost/127.0.0.1:56189]
18:25:38.712 [main] DEBUG net.serenitybdd.core.photography.Darkroom - Send negative for processing for target\site\serenity\dceeb96c48761cdf6c9b3b6c867bfd9807a858b744706e71238d19988451e8a7.png
18:25:38.713 [main] DEBUG net.thucydides.core.steps.StepInterceptor - STARTING STEP: PatientDataSteps.iInput - inputDataPasien
18:25:38.713 [Darkroom Processing Line] DEBUG net.serenitybdd.core.photography.DarkroomProcessingLine - Processing screenshot image in /var/screenshots/screenshot-14790634914217825121
18:25:38.713 [Darkroom Processing Line] DEBUG net.serenitybdd.core.photography.DarkroomProcessingLine - Saving screenshot to target\site\serenity\dceeb96c48761cdf6c9b3b6c867bfd9807a858b744706e71238d19988451e8a7.png
18:25:38.723 [Forwarding findElement on session 5b2d8da05437bf47e84b6601027b22e0 to remote] DEBUG org.asynchttpclient.netty.request.NettyRequestSender - Using pooled Channel '[id: 0x79d9b8b6, L:/127.0.0.1:49623 - R:localhost/127.0.0.1:56189]' for 'POST' to 'http://localhost:56189/session/5b2d8da05437bf47e84b6601027b22e0/element'
18:25:38.723 [Forwarding findElement on session 5b2d8da05437bf47e84b6601027b22e0 to remote] DEBUG org.asynchttpclient.netty.request.NettyRequestSender - Using open Channel [id: 0x79d9b8b6, L:/127.0.0.1:49623 - R:localhost/127.0.0.1:56189] for POST '/session/5b2d8da05437bf47e84b6601027b22e0/element'
18:25:38.768 [AsyncHttpClient-1-8] DEBUG org.asynchttpclient.netty.handler.HttpHandler - 

Request DefaultHttpRequest(decodeResult: success, version: HTTP/1.1)
POST /session/5b2d8da05437bf47e84b6601027b22e0/element HTTP/1.1
User-Agent: selenium/4.1.4 (java windows)
Content-Length: 72
Content-Type: application/json; charset=utf-8
host: localhost:56189
accept: */*

Response DefaultHttpResponse(decodeResult: success, version: HTTP/1.1)
HTTP/1.1 200 OK
Content-Type: application/json; charset=utf-8
cache-control: no-cache
content-length: 88

18:25:38.768 [AsyncHttpClient-1-8] DEBUG org.asynchttpclient.netty.channel.ChannelManager - Adding key: http://localhost:56189 for channel [id: 0x79d9b8b6, L:/127.0.0.1:49623 - R:localhost/127.0.0.1:56189]
18:25:38.774 [Forwarding sendKeysToElement on session 5b2d8da05437bf47e84b6601027b22e0 to remote] DEBUG org.asynchttpclient.netty.request.NettyRequestSender - Using pooled Channel '[id: 0x79d9b8b6, L:/127.0.0.1:49623 - R:localhost/127.0.0.1:56189]' for 'POST' to 'http://localhost:56189/session/5b2d8da05437bf47e84b6601027b22e0/element/3fedcedf-4111-4cd2-996f-b0ab879134e0/value'
18:25:38.774 [Forwarding sendKeysToElement on session 5b2d8da05437bf47e84b6601027b22e0 to remote] DEBUG org.asynchttpclient.netty.request.NettyRequestSender - Using open Channel [id: 0x79d9b8b6, L:/127.0.0.1:49623 - R:localhost/127.0.0.1:56189] for POST '/session/5b2d8da05437bf47e84b6601027b22e0/element/3fedcedf-4111-4cd2-996f-b0ab879134e0/value'
18:25:39.158 [AsyncHttpClient-1-8] DEBUG org.asynchttpclient.netty.handler.HttpHandler - 

Request DefaultHttpRequest(decodeResult: success, version: HTTP/1.1)
POST /session/5b2d8da05437bf47e84b6601027b22e0/element/3fedcedf-4111-4cd2-996f-b0ab879134e0/value HTTP/1.1
User-Agent: selenium/4.1.4 (java windows)
Content-Length: 191
Content-Type: application/json; charset=utf-8
host: localhost:56189
accept: */*

Response DefaultHttpResponse(decodeResult: success, version: HTTP/1.1)
HTTP/1.1 200 OK
Content-Type: application/json; charset=utf-8
cache-control: no-cache
content-length: 14

18:25:39.158 [AsyncHttpClient-1-8] DEBUG org.asynchttpclient.netty.channel.ChannelManager - Adding key: http://localhost:56189 for channel [id: 0x79d9b8b6, L:/127.0.0.1:49623 - R:localhost/127.0.0.1:56189]
18:25:39.161 [Forwarding findElement on session 5b2d8da05437bf47e84b6601027b22e0 to remote] DEBUG org.asynchttpclient.netty.request.NettyRequestSender - Using pooled Channel '[id: 0x79d9b8b6, L:/127.0.0.1:49623 - R:localhost/127.0.0.1:56189]' for 'POST' to 'http://localhost:56189/session/5b2d8da05437bf47e84b6601027b22e0/element'
18:25:39.161 [Forwarding findElement on session 5b2d8da05437bf47e84b6601027b22e0 to remote] DEBUG org.asynchttpclient.netty.request.NettyRequestSender - Using open Channel [id: 0x79d9b8b6, L:/127.0.0.1:49623 - R:localhost/127.0.0.1:56189] for POST '/session/5b2d8da05437bf47e84b6601027b22e0/element'
18:25:39.185 [AsyncHttpClient-1-8] DEBUG org.asynchttpclient.netty.handler.HttpHandler - 

Request DefaultHttpRequest(decodeResult: success, version: HTTP/1.1)
POST /session/5b2d8da05437bf47e84b6601027b22e0/element HTTP/1.1
User-Agent: selenium/4.1.4 (java windows)
Content-Length: 65
Content-Type: application/json; charset=utf-8
host: localhost:56189
accept: */*

Response DefaultHttpResponse(decodeResult: success, version: HTTP/1.1)
HTTP/1.1 200 OK
Content-Type: application/json; charset=utf-8
cache-control: no-cache
content-length: 88

18:25:39.186 [AsyncHttpClient-1-8] DEBUG org.asynchttpclient.netty.channel.ChannelManager - Adding key: http://localhost:56189 for channel [id: 0x79d9b8b6, L:/127.0.0.1:49623 - R:localhost/127.0.0.1:56189]
18:25:39.190 [Forwarding sendKeysToElement on session 5b2d8da05437bf47e84b6601027b22e0 to remote] DEBUG org.asynchttpclient.netty.request.NettyRequestSender - Using pooled Channel '[id: 0x79d9b8b6, L:/127.0.0.1:49623 - R:localhost/127.0.0.1:56189]' for 'POST' to 'http://localhost:56189/session/5b2d8da05437bf47e84b6601027b22e0/element/1477cdad-0be5-4e77-affb-0620fe727563/value'
18:25:39.190 [Forwarding sendKeysToElement on session 5b2d8da05437bf47e84b6601027b22e0 to remote] DEBUG org.asynchttpclient.netty.request.NettyRequestSender - Using open Channel [id: 0x79d9b8b6, L:/127.0.0.1:49623 - R:localhost/127.0.0.1:56189] for POST '/session/5b2d8da05437bf47e84b6601027b22e0/element/1477cdad-0be5-4e77-affb-0620fe727563/value'
18:25:39.541 [AsyncHttpClient-1-1] DEBUG org.asynchttpclient.netty.channel.DefaultChannelPool - Entry count for : http://localhost:49624 : 1
18:25:39.662 [AsyncHttpClient-1-8] DEBUG org.asynchttpclient.netty.handler.HttpHandler - 

Request DefaultHttpRequest(decodeResult: success, version: HTTP/1.1)
POST /session/5b2d8da05437bf47e84b6601027b22e0/element/1477cdad-0be5-4e77-affb-0620fe727563/value HTTP/1.1
User-Agent: selenium/4.1.4 (java windows)
Content-Length: 241
Content-Type: application/json; charset=utf-8
host: localhost:56189
accept: */*

Response DefaultHttpResponse(decodeResult: success, version: HTTP/1.1)
HTTP/1.1 200 OK
Content-Type: application/json; charset=utf-8
cache-control: no-cache
content-length: 14

18:25:39.662 [AsyncHttpClient-1-8] DEBUG org.asynchttpclient.netty.channel.ChannelManager - Adding key: http://localhost:56189 for channel [id: 0x79d9b8b6, L:/127.0.0.1:49623 - R:localhost/127.0.0.1:56189]
18:25:39.667 [Forwarding findElement on session 5b2d8da05437bf47e84b6601027b22e0 to remote] DEBUG org.asynchttpclient.netty.request.NettyRequestSender - Using pooled Channel '[id: 0x79d9b8b6, L:/127.0.0.1:49623 - R:localhost/127.0.0.1:56189]' for 'POST' to 'http://localhost:56189/session/5b2d8da05437bf47e84b6601027b22e0/element'
18:25:39.667 [Forwarding findElement on session 5b2d8da05437bf47e84b6601027b22e0 to remote] DEBUG org.asynchttpclient.netty.request.NettyRequestSender - Using open Channel [id: 0x79d9b8b6, L:/127.0.0.1:49623 - R:localhost/127.0.0.1:56189] for POST '/session/5b2d8da05437bf47e84b6601027b22e0/element'
18:25:39.695 [AsyncHttpClient-1-8] DEBUG org.asynchttpclient.netty.handler.HttpHandler - 

Request DefaultHttpRequest(decodeResult: success, version: HTTP/1.1)
POST /session/5b2d8da05437bf47e84b6601027b22e0/element HTTP/1.1
User-Agent: selenium/4.1.4 (java windows)
Content-Length: 66
Content-Type: application/json; charset=utf-8
host: localhost:56189
accept: */*

Response DefaultHttpResponse(decodeResult: success, version: HTTP/1.1)
HTTP/1.1 200 OK
Content-Type: application/json; charset=utf-8
cache-control: no-cache
content-length: 88

18:25:39.696 [AsyncHttpClient-1-8] DEBUG org.asynchttpclient.netty.channel.ChannelManager - Adding key: http://localhost:56189 for channel [id: 0x79d9b8b6, L:/127.0.0.1:49623 - R:localhost/127.0.0.1:56189]
18:25:39.697 [Forwarding sendKeysToElement on session 5b2d8da05437bf47e84b6601027b22e0 to remote] DEBUG org.asynchttpclient.netty.request.NettyRequestSender - Using pooled Channel '[id: 0x79d9b8b6, L:/127.0.0.1:49623 - R:localhost/127.0.0.1:56189]' for 'POST' to 'http://localhost:56189/session/5b2d8da05437bf47e84b6601027b22e0/element/305ba3d1-0ffe-4a69-babc-68e3e1afb508/value'
18:25:39.697 [Forwarding sendKeysToElement on session 5b2d8da05437bf47e84b6601027b22e0 to remote] DEBUG org.asynchttpclient.netty.request.NettyRequestSender - Using open Channel [id: 0x79d9b8b6, L:/127.0.0.1:49623 - R:localhost/127.0.0.1:56189] for POST '/session/5b2d8da05437bf47e84b6601027b22e0/element/305ba3d1-0ffe-4a69-babc-68e3e1afb508/value'
18:25:39.827 [AsyncHttpClient-1-8] DEBUG org.asynchttpclient.netty.handler.HttpHandler - 

Request DefaultHttpRequest(decodeResult: success, version: HTTP/1.1)
POST /session/5b2d8da05437bf47e84b6601027b22e0/element/305ba3d1-0ffe-4a69-babc-68e3e1afb508/value HTTP/1.1
User-Agent: selenium/4.1.4 (java windows)
Content-Length: 101
Content-Type: application/json; charset=utf-8
host: localhost:56189
accept: */*

Response DefaultHttpResponse(decodeResult: success, version: HTTP/1.1)
HTTP/1.1 200 OK
Content-Type: application/json; charset=utf-8
cache-control: no-cache
content-length: 14

18:25:39.828 [AsyncHttpClient-1-8] DEBUG org.asynchttpclient.netty.channel.ChannelManager - Adding key: http://localhost:56189 for channel [id: 0x79d9b8b6, L:/127.0.0.1:49623 - R:localhost/127.0.0.1:56189]
18:25:39.831 [Forwarding findElement on session 5b2d8da05437bf47e84b6601027b22e0 to remote] DEBUG org.asynchttpclient.netty.request.NettyRequestSender - Using pooled Channel '[id: 0x79d9b8b6, L:/127.0.0.1:49623 - R:localhost/127.0.0.1:56189]' for 'POST' to 'http://localhost:56189/session/5b2d8da05437bf47e84b6601027b22e0/element'
18:25:39.831 [Forwarding findElement on session 5b2d8da05437bf47e84b6601027b22e0 to remote] DEBUG org.asynchttpclient.netty.request.NettyRequestSender - Using open Channel [id: 0x79d9b8b6, L:/127.0.0.1:49623 - R:localhost/127.0.0.1:56189] for POST '/session/5b2d8da05437bf47e84b6601027b22e0/element'
18:25:39.843 [AsyncHttpClient-1-8] DEBUG org.asynchttpclient.netty.handler.HttpHandler - 

Request DefaultHttpRequest(decodeResult: success, version: HTTP/1.1)
POST /session/5b2d8da05437bf47e84b6601027b22e0/element HTTP/1.1
User-Agent: selenium/4.1.4 (java windows)
Content-Length: 66
Content-Type: application/json; charset=utf-8
host: localhost:56189
accept: */*

Response DefaultHttpResponse(decodeResult: success, version: HTTP/1.1)
HTTP/1.1 200 OK
Content-Type: application/json; charset=utf-8
cache-control: no-cache
content-length: 88

18:25:39.843 [AsyncHttpClient-1-8] DEBUG org.asynchttpclient.netty.channel.ChannelManager - Adding key: http://localhost:56189 for channel [id: 0x79d9b8b6, L:/127.0.0.1:49623 - R:localhost/127.0.0.1:56189]
18:25:39.847 [Forwarding sendKeysToElement on session 5b2d8da05437bf47e84b6601027b22e0 to remote] DEBUG org.asynchttpclient.netty.request.NettyRequestSender - Using pooled Channel '[id: 0x79d9b8b6, L:/127.0.0.1:49623 - R:localhost/127.0.0.1:56189]' for 'POST' to 'http://localhost:56189/session/5b2d8da05437bf47e84b6601027b22e0/element/611ab614-9b2d-4324-b257-34a677546cea/value'
18:25:39.847 [Forwarding sendKeysToElement on session 5b2d8da05437bf47e84b6601027b22e0 to remote] DEBUG org.asynchttpclient.netty.request.NettyRequestSender - Using open Channel [id: 0x79d9b8b6, L:/127.0.0.1:49623 - R:localhost/127.0.0.1:56189] for POST '/session/5b2d8da05437bf47e84b6601027b22e0/element/611ab614-9b2d-4324-b257-34a677546cea/value'
18:25:40.019 [AsyncHttpClient-1-8] DEBUG org.asynchttpclient.netty.handler.HttpHandler - 

Request DefaultHttpRequest(decodeResult: success, version: HTTP/1.1)
POST /session/5b2d8da05437bf47e84b6601027b22e0/element/611ab614-9b2d-4324-b257-34a677546cea/value HTTP/1.1
User-Agent: selenium/4.1.4 (java windows)
Content-Length: 191
Content-Type: application/json; charset=utf-8
host: localhost:56189
accept: */*

Response DefaultHttpResponse(decodeResult: success, version: HTTP/1.1)
HTTP/1.1 200 OK
Content-Type: application/json; charset=utf-8
cache-control: no-cache
content-length: 14

18:25:40.019 [AsyncHttpClient-1-8] DEBUG org.asynchttpclient.netty.channel.ChannelManager - Adding key: http://localhost:56189 for channel [id: 0x79d9b8b6, L:/127.0.0.1:49623 - R:localhost/127.0.0.1:56189]
18:25:40.022 [Forwarding findElement on session 5b2d8da05437bf47e84b6601027b22e0 to remote] DEBUG org.asynchttpclient.netty.request.NettyRequestSender - Using pooled Channel '[id: 0x79d9b8b6, L:/127.0.0.1:49623 - R:localhost/127.0.0.1:56189]' for 'POST' to 'http://localhost:56189/session/5b2d8da05437bf47e84b6601027b22e0/element'
18:25:40.022 [Forwarding findElement on session 5b2d8da05437bf47e84b6601027b22e0 to remote] DEBUG org.asynchttpclient.netty.request.NettyRequestSender - Using open Channel [id: 0x79d9b8b6, L:/127.0.0.1:49623 - R:localhost/127.0.0.1:56189] for POST '/session/5b2d8da05437bf47e84b6601027b22e0/element'
18:25:40.033 [AsyncHttpClient-1-8] DEBUG org.asynchttpclient.netty.handler.HttpHandler - 

Request DefaultHttpRequest(decodeResult: success, version: HTTP/1.1)
POST /session/5b2d8da05437bf47e84b6601027b22e0/element HTTP/1.1
User-Agent: selenium/4.1.4 (java windows)
Content-Length: 68
Content-Type: application/json; charset=utf-8
host: localhost:56189
accept: */*

Response DefaultHttpResponse(decodeResult: success, version: HTTP/1.1)
HTTP/1.1 200 OK
Content-Type: application/json; charset=utf-8
cache-control: no-cache
content-length: 88

18:25:40.033 [AsyncHttpClient-1-8] DEBUG org.asynchttpclient.netty.channel.ChannelManager - Adding key: http://localhost:56189 for channel [id: 0x79d9b8b6, L:/127.0.0.1:49623 - R:localhost/127.0.0.1:56189]
18:25:40.035 [Forwarding sendKeysToElement on session 5b2d8da05437bf47e84b6601027b22e0 to remote] DEBUG org.asynchttpclient.netty.request.NettyRequestSender - Using pooled Channel '[id: 0x79d9b8b6, L:/127.0.0.1:49623 - R:localhost/127.0.0.1:56189]' for 'POST' to 'http://localhost:56189/session/5b2d8da05437bf47e84b6601027b22e0/element/8d41fd9b-cd0f-4f99-b939-2154d3fe3c69/value'
18:25:40.035 [Forwarding sendKeysToElement on session 5b2d8da05437bf47e84b6601027b22e0 to remote] DEBUG org.asynchttpclient.netty.request.NettyRequestSender - Using open Channel [id: 0x79d9b8b6, L:/127.0.0.1:49623 - R:localhost/127.0.0.1:56189] for POST '/session/5b2d8da05437bf47e84b6601027b22e0/element/8d41fd9b-cd0f-4f99-b939-2154d3fe3c69/value'
18:25:40.293 [AsyncHttpClient-1-8] DEBUG org.asynchttpclient.netty.handler.HttpHandler - 

Request DefaultHttpRequest(decodeResult: success, version: HTTP/1.1)
POST /session/5b2d8da05437bf47e84b6601027b22e0/element/8d41fd9b-cd0f-4f99-b939-2154d3fe3c69/value HTTP/1.1
User-Agent: selenium/4.1.4 (java windows)
Content-Length: 171
Content-Type: application/json; charset=utf-8
host: localhost:56189
accept: */*

Response DefaultHttpResponse(decodeResult: success, version: HTTP/1.1)
HTTP/1.1 200 OK
Content-Type: application/json; charset=utf-8
cache-control: no-cache
content-length: 14

18:25:40.293 [AsyncHttpClient-1-8] DEBUG org.asynchttpclient.netty.channel.ChannelManager - Adding key: http://localhost:56189 for channel [id: 0x79d9b8b6, L:/127.0.0.1:49623 - R:localhost/127.0.0.1:56189]
18:25:40.301 [Forwarding screenshot on session 5b2d8da05437bf47e84b6601027b22e0 to remote] DEBUG org.asynchttpclient.netty.request.NettyRequestSender - Using pooled Channel '[id: 0x79d9b8b6, L:/127.0.0.1:49623 - R:localhost/127.0.0.1:56189]' for 'GET' to 'http://localhost:56189/session/5b2d8da05437bf47e84b6601027b22e0/screenshot'
18:25:40.301 [Forwarding screenshot on session 5b2d8da05437bf47e84b6601027b22e0 to remote] DEBUG org.asynchttpclient.netty.request.NettyRequestSender - Using open Channel [id: 0x79d9b8b6, L:/127.0.0.1:49623 - R:localhost/127.0.0.1:56189] for GET '/session/5b2d8da05437bf47e84b6601027b22e0/screenshot'
18:25:40.469 [AsyncHttpClient-1-8] DEBUG org.asynchttpclient.netty.handler.HttpHandler - 

Request DefaultFullHttpRequest(decodeResult: success, version: HTTP/1.1, content: EmptyByteBufBE)
GET /session/5b2d8da05437bf47e84b6601027b22e0/screenshot HTTP/1.1
User-Agent: selenium/4.1.4 (java windows)
Cache-Control: no-cache
Content-Type: application/json; charset=utf-8
host: localhost:56189
accept: */*

Response DefaultHttpResponse(decodeResult: success, version: HTTP/1.1)
HTTP/1.1 200 OK
Content-Type: application/json; charset=utf-8
cache-control: no-cache
content-length: 63092

18:25:40.471 [AsyncHttpClient-1-8] DEBUG org.asynchttpclient.netty.channel.ChannelManager - Adding key: http://localhost:56189 for channel [id: 0x79d9b8b6, L:/127.0.0.1:49623 - R:localhost/127.0.0.1:56189]
18:25:40.474 [main] DEBUG net.serenitybdd.core.photography.Darkroom - Send negative for processing for target\site\serenity\c5aa6a9dc8a73c582ea692299ac96b3c6e7e83d6f83e5435d4744e4382af8321.png
18:25:40.474 [main] DEBUG net.thucydides.core.steps.StepInterceptor - STEP DONE: inputDataPasien
  &amp#27;[32mAnd &amp#27;[0m&amp#27;[32mI input &amp#27;[0m&amp#27;[32m&amp#27;[1m"Jhon Martin"&amp#27;[0m&amp#27;[32m &amp#27;[0m&amp#27;[32m&amp#27;[1m"1234567898979800"&amp#27;[0m&amp#27;[32m &amp#27;[0m&amp#27;[32m&amp#27;[1m"20"&amp#27;[0m&amp#27;[32m &amp#27;[0m&amp#27;[32m&amp#27;[1m"01294655361"&amp#27;[0m&amp#27;[32m &amp#27;[0m&amp#27;[32m&amp#27;[1m"perumahan"&amp#27;[0m&amp#27;[32m patient&amp#27;[0m &amp#27;[90m# starter.stepdefinitios.PatientDataSteps.iInput(java.lang.String,java.lang.String,java.lang.String,java.lang.String,java.lang.String)&amp#27;[0m
18:25:40.474 [Darkroom Processing Line] DEBUG net.serenitybdd.core.photography.DarkroomProcessingLine - Processing screenshot image in /var/screenshots/screenshot-4696366904212507650
18:25:40.474 [Darkroom Processing Line] DEBUG net.serenitybdd.core.photography.DarkroomProcessingLine - Saving screenshot to target\site\serenity\c5aa6a9dc8a73c582ea692299ac96b3c6e7e83d6f83e5435d4744e4382af8321.png
18:25:40.508 [main] DEBUG net.thucydides.core.steps.StepInterceptor - STARTING STEP: PatientDataSteps.iClickButtonJenisKelamin - clickLaki
18:25:40.513 [Forwarding findElement on session 5b2d8da05437bf47e84b6601027b22e0 to remote] DEBUG org.asynchttpclient.netty.request.NettyRequestSender - Using pooled Channel '[id: 0x79d9b8b6, L:/127.0.0.1:49623 - R:localhost/127.0.0.1:56189]' for 'POST' to 'http://localhost:56189/session/5b2d8da05437bf47e84b6601027b22e0/element'
18:25:40.513 [Forwarding findElement on session 5b2d8da05437bf47e84b6601027b22e0 to remote] DEBUG org.asynchttpclient.netty.request.NettyRequestSender - Using open Channel [id: 0x79d9b8b6, L:/127.0.0.1:49623 - R:localhost/127.0.0.1:56189] for POST '/session/5b2d8da05437bf47e84b6601027b22e0/element'
18:25:40.535 [AsyncHttpClient-1-8] DEBUG org.asynchttpclient.netty.handler.HttpHandler - 

Request DefaultHttpRequest(decodeResult: success, version: HTTP/1.1)
POST /session/5b2d8da05437bf47e84b6601027b22e0/element HTTP/1.1
User-Agent: selenium/4.1.4 (java windows)
Content-Length: 182
Content-Type: application/json; charset=utf-8
host: localhost:56189
accept: */*

Response DefaultHttpResponse(decodeResult: success, version: HTTP/1.1)
HTTP/1.1 200 OK
Content-Type: application/json; charset=utf-8
cache-control: no-cache
content-length: 88

18:25:40.536 [AsyncHttpClient-1-8] DEBUG org.asynchttpclient.netty.channel.ChannelManager - Adding key: http://localhost:56189 for channel [id: 0x79d9b8b6, L:/127.0.0.1:49623 - R:localhost/127.0.0.1:56189]
18:25:40.536 [Forwarding getElementTagName on session 5b2d8da05437bf47e84b6601027b22e0 to remote] DEBUG org.asynchttpclient.netty.request.NettyRequestSender - Using pooled Channel '[id: 0x79d9b8b6, L:/127.0.0.1:49623 - R:localhost/127.0.0.1:56189]' for 'GET' to 'http://localhost:56189/session/5b2d8da05437bf47e84b6601027b22e0/element/8bc357ca-fd4c-45c1-b0f4-402f5037e873/name'
18:25:40.536 [Forwarding getElementTagName on session 5b2d8da05437bf47e84b6601027b22e0 to remote] DEBUG org.asynchttpclient.netty.request.NettyRequestSender - Using open Channel [id: 0x79d9b8b6, L:/127.0.0.1:49623 - R:localhost/127.0.0.1:56189] for GET '/session/5b2d8da05437bf47e84b6601027b22e0/element/8bc357ca-fd4c-45c1-b0f4-402f5037e873/name'
18:25:40.546 [AsyncHttpClient-1-8] DEBUG org.asynchttpclient.netty.handler.HttpHandler - 

Request DefaultFullHttpRequest(decodeResult: success, version: HTTP/1.1, content: EmptyByteBufBE)
GET /session/5b2d8da05437bf47e84b6601027b22e0/element/8bc357ca-fd4c-45c1-b0f4-402f5037e873/name HTTP/1.1
User-Agent: selenium/4.1.4 (java windows)
Cache-Control: no-cache
Content-Type: application/json; charset=utf-8
host: localhost:56189
accept: */*

Response DefaultHttpResponse(decodeResult: success, version: HTTP/1.1)
HTTP/1.1 200 OK
Content-Type: application/json; charset=utf-8
cache-control: no-cache
content-length: 16

18:25:40.546 [AsyncHttpClient-1-8] DEBUG org.asynchttpclient.netty.channel.ChannelManager - Adding key: http://localhost:56189 for channel [id: 0x79d9b8b6, L:/127.0.0.1:49623 - R:localhost/127.0.0.1:56189]
18:25:40.549 [Forwarding getElementTagName on session 5b2d8da05437bf47e84b6601027b22e0 to remote] DEBUG org.asynchttpclient.netty.request.NettyRequestSender - Using pooled Channel '[id: 0x79d9b8b6, L:/127.0.0.1:49623 - R:localhost/127.0.0.1:56189]' for 'GET' to 'http://localhost:56189/session/5b2d8da05437bf47e84b6601027b22e0/element/8bc357ca-fd4c-45c1-b0f4-402f5037e873/name'
18:25:40.549 [Forwarding getElementTagName on session 5b2d8da05437bf47e84b6601027b22e0 to remote] DEBUG org.asynchttpclient.netty.request.NettyRequestSender - Using open Channel [id: 0x79d9b8b6, L:/127.0.0.1:49623 - R:localhost/127.0.0.1:56189] for GET '/session/5b2d8da05437bf47e84b6601027b22e0/element/8bc357ca-fd4c-45c1-b0f4-402f5037e873/name'
18:25:40.556 [AsyncHttpClient-1-8] DEBUG org.asynchttpclient.netty.handler.HttpHandler - 

Request DefaultFullHttpRequest(decodeResult: success, version: HTTP/1.1, content: EmptyByteBufBE)
GET /session/5b2d8da05437bf47e84b6601027b22e0/element/8bc357ca-fd4c-45c1-b0f4-402f5037e873/name HTTP/1.1
User-Agent: selenium/4.1.4 (java windows)
Cache-Control: no-cache
Content-Type: application/json; charset=utf-8
host: localhost:56189
accept: */*

Response DefaultHttpResponse(decodeResult: success, version: HTTP/1.1)
HTTP/1.1 200 OK
Content-Type: application/json; charset=utf-8
cache-control: no-cache
content-length: 16

18:25:40.557 [AsyncHttpClient-1-8] DEBUG org.asynchttpclient.netty.channel.ChannelManager - Adding key: http://localhost:56189 for channel [id: 0x79d9b8b6, L:/127.0.0.1:49623 - R:localhost/127.0.0.1:56189]
18:25:40.557 [Forwarding findElement on session 5b2d8da05437bf47e84b6601027b22e0 to remote] DEBUG org.asynchttpclient.netty.request.NettyRequestSender - Using pooled Channel '[id: 0x79d9b8b6, L:/127.0.0.1:49623 - R:localhost/127.0.0.1:56189]' for 'POST' to 'http://localhost:56189/session/5b2d8da05437bf47e84b6601027b22e0/element'
18:25:40.557 [Forwarding findElement on session 5b2d8da05437bf47e84b6601027b22e0 to remote] DEBUG org.asynchttpclient.netty.request.NettyRequestSender - Using open Channel [id: 0x79d9b8b6, L:/127.0.0.1:49623 - R:localhost/127.0.0.1:56189] for POST '/session/5b2d8da05437bf47e84b6601027b22e0/element'
18:25:40.573 [AsyncHttpClient-1-8] DEBUG org.asynchttpclient.netty.handler.HttpHandler - 

Request DefaultHttpRequest(decodeResult: success, version: HTTP/1.1)
POST /session/5b2d8da05437bf47e84b6601027b22e0/element HTTP/1.1
User-Agent: selenium/4.1.4 (java windows)
Content-Length: 182
Content-Type: application/json; charset=utf-8
host: localhost:56189
accept: */*

Response DefaultHttpResponse(decodeResult: success, version: HTTP/1.1)
HTTP/1.1 200 OK
Content-Type: application/json; charset=utf-8
cache-control: no-cache
content-length: 88

18:25:40.573 [AsyncHttpClient-1-8] DEBUG org.asynchttpclient.netty.channel.ChannelManager - Adding key: http://localhost:56189 for channel [id: 0x79d9b8b6, L:/127.0.0.1:49623 - R:localhost/127.0.0.1:56189]
18:25:40.575 [Forwarding clickElement on session 5b2d8da05437bf47e84b6601027b22e0 to remote] DEBUG org.asynchttpclient.netty.request.NettyRequestSender - Using pooled Channel '[id: 0x79d9b8b6, L:/127.0.0.1:49623 - R:localhost/127.0.0.1:56189]' for 'POST' to 'http://localhost:56189/session/5b2d8da05437bf47e84b6601027b22e0/element/8bc357ca-fd4c-45c1-b0f4-402f5037e873/click'
18:25:40.575 [Forwarding clickElement on session 5b2d8da05437bf47e84b6601027b22e0 to remote] DEBUG org.asynchttpclient.netty.request.NettyRequestSender - Using open Channel [id: 0x79d9b8b6, L:/127.0.0.1:49623 - R:localhost/127.0.0.1:56189] for POST '/session/5b2d8da05437bf47e84b6601027b22e0/element/8bc357ca-fd4c-45c1-b0f4-402f5037e873/click'
18:25:40.635 [AsyncHttpClient-1-1] DEBUG org.asynchttpclient.netty.channel.DefaultChannelPool - Entry count for : http://localhost:49624 : 1
18:25:40.674 [AsyncHttpClient-1-8] DEBUG org.asynchttpclient.netty.handler.HttpHandler - 

Request DefaultHttpRequest(decodeResult: success, version: HTTP/1.1)
POST /session/5b2d8da05437bf47e84b6601027b22e0/element/8bc357ca-fd4c-45c1-b0f4-402f5037e873/click HTTP/1.1
User-Agent: selenium/4.1.4 (java windows)
Content-Length: 50
Content-Type: application/json; charset=utf-8
host: localhost:56189
accept: */*

Response DefaultHttpResponse(decodeResult: success, version: HTTP/1.1)
HTTP/1.1 200 OK
Content-Type: application/json; charset=utf-8
cache-control: no-cache
content-length: 14

18:25:40.674 [AsyncHttpClient-1-8] DEBUG org.asynchttpclient.netty.channel.ChannelManager - Adding key: http://localhost:56189 for channel [id: 0x79d9b8b6, L:/127.0.0.1:49623 - R:localhost/127.0.0.1:56189]
18:25:40.692 [Forwarding screenshot on session 5b2d8da05437bf47e84b6601027b22e0 to remote] DEBUG org.asynchttpclient.netty.request.NettyRequestSender - Using pooled Channel '[id: 0x79d9b8b6, L:/127.0.0.1:49623 - R:localhost/127.0.0.1:56189]' for 'GET' to 'http://localhost:56189/session/5b2d8da05437bf47e84b6601027b22e0/screenshot'
18:25:40.692 [Forwarding screenshot on session 5b2d8da05437bf47e84b6601027b22e0 to remote] DEBUG org.asynchttpclient.netty.request.NettyRequestSender - Using open Channel [id: 0x79d9b8b6, L:/127.0.0.1:49623 - R:localhost/127.0.0.1:56189] for GET '/session/5b2d8da05437bf47e84b6601027b22e0/screenshot'
18:25:40.941 [AsyncHttpClient-1-8] DEBUG org.asynchttpclient.netty.handler.HttpHandler - 

Request DefaultFullHttpRequest(decodeResult: success, version: HTTP/1.1, content: EmptyByteBufBE)
GET /session/5b2d8da05437bf47e84b6601027b22e0/screenshot HTTP/1.1
User-Agent: selenium/4.1.4 (java windows)
Cache-Control: no-cache
Content-Type: application/json; charset=utf-8
host: localhost:56189
accept: */*

Response DefaultHttpResponse(decodeResult: success, version: HTTP/1.1)
HTTP/1.1 200 OK
Content-Type: application/json; charset=utf-8
cache-control: no-cache
content-length: 63700

18:25:40.942 [AsyncHttpClient-1-8] DEBUG org.asynchttpclient.netty.channel.ChannelManager - Adding key: http://localhost:56189 for channel [id: 0x79d9b8b6, L:/127.0.0.1:49623 - R:localhost/127.0.0.1:56189]
18:25:40.948 [main] DEBUG net.serenitybdd.core.photography.Darkroom - Send negative for processing for target\site\serenity\dfad8661b7664bc01fe4dfffb12495e7c525ea5632504fab0e453e843537898e.png
18:25:40.948 [main] DEBUG net.thucydides.core.steps.StepInterceptor - STEP DONE: clickLaki
  &amp#27;[32mAnd &amp#27;[0m&amp#27;[32mI click button jenis kelamin laki-laki&amp#27;[0m                                          &amp#27;[90m# starter.stepdefinitios.PatientDataSteps.iClickButtonJenisKelamin()&amp#27;[0m
18:25:40.948 [Darkroom Processing Line] DEBUG net.serenitybdd.core.photography.DarkroomProcessingLine - Processing screenshot image in /var/screenshots/screenshot-9657109359598383753
18:25:40.948 [Darkroom Processing Line] DEBUG net.serenitybdd.core.photography.DarkroomProcessingLine - Saving screenshot to target\site\serenity\dfad8661b7664bc01fe4dfffb12495e7c525ea5632504fab0e453e843537898e.png
18:25:40.974 [main] DEBUG net.thucydides.core.steps.StepInterceptor - STARTING STEP: PatientDataSteps.clickButtonSimpan - clickButtonSave
18:25:40.974 [Forwarding findElement on session 5b2d8da05437bf47e84b6601027b22e0 to remote] DEBUG org.asynchttpclient.netty.request.NettyRequestSender - Using pooled Channel '[id: 0x79d9b8b6, L:/127.0.0.1:49623 - R:localhost/127.0.0.1:56189]' for 'POST' to 'http://localhost:56189/session/5b2d8da05437bf47e84b6601027b22e0/element'
18:25:40.974 [Forwarding findElement on session 5b2d8da05437bf47e84b6601027b22e0 to remote] DEBUG org.asynchttpclient.netty.request.NettyRequestSender - Using open Channel [id: 0x79d9b8b6, L:/127.0.0.1:49623 - R:localhost/127.0.0.1:56189] for POST '/session/5b2d8da05437bf47e84b6601027b22e0/element'
18:25:40.992 [AsyncHttpClient-1-8] DEBUG org.asynchttpclient.netty.handler.HttpHandler - 

Request DefaultHttpRequest(decodeResult: success, version: HTTP/1.1)
POST /session/5b2d8da05437bf47e84b6601027b22e0/element HTTP/1.1
User-Agent: selenium/4.1.4 (java windows)
Content-Length: 68
Content-Type: application/json; charset=utf-8
host: localhost:56189
accept: */*

Response DefaultHttpResponse(decodeResult: success, version: HTTP/1.1)
HTTP/1.1 200 OK
Content-Type: application/json; charset=utf-8
cache-control: no-cache
content-length: 88

18:25:40.993 [AsyncHttpClient-1-8] DEBUG org.asynchttpclient.netty.channel.ChannelManager - Adding key: http://localhost:56189 for channel [id: 0x79d9b8b6, L:/127.0.0.1:49623 - R:localhost/127.0.0.1:56189]
18:25:40.993 [Forwarding getElementTagName on session 5b2d8da05437bf47e84b6601027b22e0 to remote] DEBUG org.asynchttpclient.netty.request.NettyRequestSender - Using pooled Channel '[id: 0x79d9b8b6, L:/127.0.0.1:49623 - R:localhost/127.0.0.1:56189]' for 'GET' to 'http://localhost:56189/session/5b2d8da05437bf47e84b6601027b22e0/element/dc242b23-aa83-4084-bd18-9b39ddd84707/name'
18:25:40.993 [Forwarding getElementTagName on session 5b2d8da05437bf47e84b6601027b22e0 to remote] DEBUG org.asynchttpclient.netty.request.NettyRequestSender - Using open Channel [id: 0x79d9b8b6, L:/127.0.0.1:49623 - R:localhost/127.0.0.1:56189] for GET '/session/5b2d8da05437bf47e84b6601027b22e0/element/dc242b23-aa83-4084-bd18-9b39ddd84707/name'
18:25:41.006 [AsyncHttpClient-1-8] DEBUG org.asynchttpclient.netty.handler.HttpHandler - 

Request DefaultFullHttpRequest(decodeResult: success, version: HTTP/1.1, content: EmptyByteBufBE)
GET /session/5b2d8da05437bf47e84b6601027b22e0/element/dc242b23-aa83-4084-bd18-9b39ddd84707/name HTTP/1.1
User-Agent: selenium/4.1.4 (java windows)
Cache-Control: no-cache
Content-Type: application/json; charset=utf-8
host: localhost:56189
accept: */*

Response DefaultHttpResponse(decodeResult: success, version: HTTP/1.1)
HTTP/1.1 200 OK
Content-Type: application/json; charset=utf-8
cache-control: no-cache
content-length: 18

18:25:41.006 [AsyncHttpClient-1-8] DEBUG org.asynchttpclient.netty.channel.ChannelManager - Adding key: http://localhost:56189 for channel [id: 0x79d9b8b6, L:/127.0.0.1:49623 - R:localhost/127.0.0.1:56189]
18:25:41.006 [Forwarding getElementTagName on session 5b2d8da05437bf47e84b6601027b22e0 to remote] DEBUG org.asynchttpclient.netty.request.NettyRequestSender - Using pooled Channel '[id: 0x79d9b8b6, L:/127.0.0.1:49623 - R:localhost/127.0.0.1:56189]' for 'GET' to 'http://localhost:56189/session/5b2d8da05437bf47e84b6601027b22e0/element/dc242b23-aa83-4084-bd18-9b39ddd84707/name'
18:25:41.006 [Forwarding getElementTagName on session 5b2d8da05437bf47e84b6601027b22e0 to remote] DEBUG org.asynchttpclient.netty.request.NettyRequestSender - Using open Channel [id: 0x79d9b8b6, L:/127.0.0.1:49623 - R:localhost/127.0.0.1:56189] for GET '/session/5b2d8da05437bf47e84b6601027b22e0/element/dc242b23-aa83-4084-bd18-9b39ddd84707/name'
18:25:41.013 [AsyncHttpClient-1-8] DEBUG org.asynchttpclient.netty.handler.HttpHandler - 

Request DefaultFullHttpRequest(decodeResult: success, version: HTTP/1.1, content: EmptyByteBufBE)
GET /session/5b2d8da05437bf47e84b6601027b22e0/element/dc242b23-aa83-4084-bd18-9b39ddd84707/name HTTP/1.1
User-Agent: selenium/4.1.4 (java windows)
Cache-Control: no-cache
Content-Type: application/json; charset=utf-8
host: localhost:56189
accept: */*

Response DefaultHttpResponse(decodeResult: success, version: HTTP/1.1)
HTTP/1.1 200 OK
Content-Type: application/json; charset=utf-8
cache-control: no-cache
content-length: 18

18:25:41.014 [AsyncHttpClient-1-8] DEBUG org.asynchttpclient.netty.channel.ChannelManager - Adding key: http://localhost:56189 for channel [id: 0x79d9b8b6, L:/127.0.0.1:49623 - R:localhost/127.0.0.1:56189]
18:25:41.018 [Forwarding isElementEnabled on session 5b2d8da05437bf47e84b6601027b22e0 to remote] DEBUG org.asynchttpclient.netty.request.NettyRequestSender - Using pooled Channel '[id: 0x79d9b8b6, L:/127.0.0.1:49623 - R:localhost/127.0.0.1:56189]' for 'GET' to 'http://localhost:56189/session/5b2d8da05437bf47e84b6601027b22e0/element/dc242b23-aa83-4084-bd18-9b39ddd84707/enabled'
18:25:41.018 [Forwarding isElementEnabled on session 5b2d8da05437bf47e84b6601027b22e0 to remote] DEBUG org.asynchttpclient.netty.request.NettyRequestSender - Using open Channel [id: 0x79d9b8b6, L:/127.0.0.1:49623 - R:localhost/127.0.0.1:56189] for GET '/session/5b2d8da05437bf47e84b6601027b22e0/element/dc242b23-aa83-4084-bd18-9b39ddd84707/enabled'
18:25:41.032 [AsyncHttpClient-1-8] DEBUG org.asynchttpclient.netty.handler.HttpHandler - 

Request DefaultFullHttpRequest(decodeResult: success, version: HTTP/1.1, content: EmptyByteBufBE)
GET /session/5b2d8da05437bf47e84b6601027b22e0/element/dc242b23-aa83-4084-bd18-9b39ddd84707/enabled HTTP/1.1
User-Agent: selenium/4.1.4 (java windows)
Cache-Control: no-cache
Content-Type: application/json; charset=utf-8
host: localhost:56189
accept: */*

Response DefaultHttpResponse(decodeResult: success, version: HTTP/1.1)
HTTP/1.1 200 OK
Content-Type: application/json; charset=utf-8
cache-control: no-cache
content-length: 14

18:25:41.032 [AsyncHttpClient-1-8] DEBUG org.asynchttpclient.netty.channel.ChannelManager - Adding key: http://localhost:56189 for channel [id: 0x79d9b8b6, L:/127.0.0.1:49623 - R:localhost/127.0.0.1:56189]
18:25:41.035 [Forwarding isElementEnabled on session 5b2d8da05437bf47e84b6601027b22e0 to remote] DEBUG org.asynchttpclient.netty.request.NettyRequestSender - Using pooled Channel '[id: 0x79d9b8b6, L:/127.0.0.1:49623 - R:localhost/127.0.0.1:56189]' for 'GET' to 'http://localhost:56189/session/5b2d8da05437bf47e84b6601027b22e0/element/dc242b23-aa83-4084-bd18-9b39ddd84707/enabled'
18:25:41.035 [Forwarding isElementEnabled on session 5b2d8da05437bf47e84b6601027b22e0 to remote] DEBUG org.asynchttpclient.netty.request.NettyRequestSender - Using open Channel [id: 0x79d9b8b6, L:/127.0.0.1:49623 - R:localhost/127.0.0.1:56189] for GET '/session/5b2d8da05437bf47e84b6601027b22e0/element/dc242b23-aa83-4084-bd18-9b39ddd84707/enabled'
18:25:41.046 [AsyncHttpClient-1-8] DEBUG org.asynchttpclient.netty.handler.HttpHandler - 

Request DefaultFullHttpRequest(decodeResult: success, version: HTTP/1.1, content: EmptyByteBufBE)
GET /session/5b2d8da05437bf47e84b6601027b22e0/element/dc242b23-aa83-4084-bd18-9b39ddd84707/enabled HTTP/1.1
User-Agent: selenium/4.1.4 (java windows)
Cache-Control: no-cache
Content-Type: application/json; charset=utf-8
host: localhost:56189
accept: */*

Response DefaultHttpResponse(decodeResult: success, version: HTTP/1.1)
HTTP/1.1 200 OK
Content-Type: application/json; charset=utf-8
cache-control: no-cache
content-length: 14

18:25:41.046 [AsyncHttpClient-1-8] DEBUG org.asynchttpclient.netty.channel.ChannelManager - Adding key: http://localhost:56189 for channel [id: 0x79d9b8b6, L:/127.0.0.1:49623 - R:localhost/127.0.0.1:56189]
18:25:41.050 [Forwarding findElement on session 5b2d8da05437bf47e84b6601027b22e0 to remote] DEBUG org.asynchttpclient.netty.request.NettyRequestSender - Using pooled Channel '[id: 0x79d9b8b6, L:/127.0.0.1:49623 - R:localhost/127.0.0.1:56189]' for 'POST' to 'http://localhost:56189/session/5b2d8da05437bf47e84b6601027b22e0/element'
18:25:41.050 [Forwarding findElement on session 5b2d8da05437bf47e84b6601027b22e0 to remote] DEBUG org.asynchttpclient.netty.request.NettyRequestSender - Using open Channel [id: 0x79d9b8b6, L:/127.0.0.1:49623 - R:localhost/127.0.0.1:56189] for POST '/session/5b2d8da05437bf47e84b6601027b22e0/element'
18:25:41.065 [AsyncHttpClient-1-8] DEBUG org.asynchttpclient.netty.handler.HttpHandler - 

Request DefaultHttpRequest(decodeResult: success, version: HTTP/1.1)
POST /session/5b2d8da05437bf47e84b6601027b22e0/element HTTP/1.1
User-Agent: selenium/4.1.4 (java windows)
Content-Length: 68
Content-Type: application/json; charset=utf-8
host: localhost:56189
accept: */*

Response DefaultHttpResponse(decodeResult: success, version: HTTP/1.1)
HTTP/1.1 200 OK
Content-Type: application/json; charset=utf-8
cache-control: no-cache
content-length: 88

18:25:41.065 [AsyncHttpClient-1-8] DEBUG org.asynchttpclient.netty.channel.ChannelManager - Adding key: http://localhost:56189 for channel [id: 0x79d9b8b6, L:/127.0.0.1:49623 - R:localhost/127.0.0.1:56189]
18:25:41.068 [Forwarding clickElement on session 5b2d8da05437bf47e84b6601027b22e0 to remote] DEBUG org.asynchttpclient.netty.request.NettyRequestSender - Using pooled Channel '[id: 0x79d9b8b6, L:/127.0.0.1:49623 - R:localhost/127.0.0.1:56189]' for 'POST' to 'http://localhost:56189/session/5b2d8da05437bf47e84b6601027b22e0/element/dc242b23-aa83-4084-bd18-9b39ddd84707/click'
18:25:41.069 [Forwarding clickElement on session 5b2d8da05437bf47e84b6601027b22e0 to remote] DEBUG org.asynchttpclient.netty.request.NettyRequestSender - Using open Channel [id: 0x79d9b8b6, L:/127.0.0.1:49623 - R:localhost/127.0.0.1:56189] for POST '/session/5b2d8da05437bf47e84b6601027b22e0/element/dc242b23-aa83-4084-bd18-9b39ddd84707/click'
18:25:41.167 [AsyncHttpClient-1-8] DEBUG org.asynchttpclient.netty.handler.HttpHandler - 

Request DefaultHttpRequest(decodeResult: success, version: HTTP/1.1)
POST /session/5b2d8da05437bf47e84b6601027b22e0/element/dc242b23-aa83-4084-bd18-9b39ddd84707/click HTTP/1.1
User-Agent: selenium/4.1.4 (java windows)
Content-Length: 50
Content-Type: application/json; charset=utf-8
host: localhost:56189
accept: */*

Response DefaultHttpResponse(decodeResult: success, version: HTTP/1.1)
HTTP/1.1 200 OK
Content-Type: application/json; charset=utf-8
cache-control: no-cache
content-length: 14

18:25:41.167 [AsyncHttpClient-1-8] DEBUG org.asynchttpclient.netty.channel.ChannelManager - Adding key: http://localhost:56189 for channel [id: 0x79d9b8b6, L:/127.0.0.1:49623 - R:localhost/127.0.0.1:56189]
18:25:41.174 [Forwarding screenshot on session 5b2d8da05437bf47e84b6601027b22e0 to remote] DEBUG org.asynchttpclient.netty.request.NettyRequestSender - Using pooled Channel '[id: 0x79d9b8b6, L:/127.0.0.1:49623 - R:localhost/127.0.0.1:56189]' for 'GET' to 'http://localhost:56189/session/5b2d8da05437bf47e84b6601027b22e0/screenshot'
18:25:41.174 [Forwarding screenshot on session 5b2d8da05437bf47e84b6601027b22e0 to remote] DEBUG org.asynchttpclient.netty.request.NettyRequestSender - Using open Channel [id: 0x79d9b8b6, L:/127.0.0.1:49623 - R:localhost/127.0.0.1:56189] for GET '/session/5b2d8da05437bf47e84b6601027b22e0/screenshot'
18:25:41.432 [AsyncHttpClient-1-8] DEBUG org.asynchttpclient.netty.handler.HttpHandler - 

Request DefaultFullHttpRequest(decodeResult: success, version: HTTP/1.1, content: EmptyByteBufBE)
GET /session/5b2d8da05437bf47e84b6601027b22e0/screenshot HTTP/1.1
User-Agent: selenium/4.1.4 (java windows)
Cache-Control: no-cache
Content-Type: application/json; charset=utf-8
host: localhost:56189
accept: */*

Response DefaultHttpResponse(decodeResult: success, version: HTTP/1.1)
HTTP/1.1 200 OK
Content-Type: application/json; charset=utf-8
cache-control: no-cache
content-length: 61992

18:25:41.433 [AsyncHttpClient-1-8] DEBUG org.asynchttpclient.netty.channel.ChannelManager - Adding key: http://localhost:56189 for channel [id: 0x79d9b8b6, L:/127.0.0.1:49623 - R:localhost/127.0.0.1:56189]
18:25:41.438 [main] DEBUG net.serenitybdd.core.photography.Darkroom - Send negative for processing for target\site\serenity\df1ff2cf298bbc7c8258f07aeea89a57328654ce14c1cae50b973019bf478315.png
18:25:41.438 [main] DEBUG net.thucydides.core.steps.StepInterceptor - STEP DONE: clickButtonSave
18:25:41.438 [Darkroom Processing Line] DEBUG net.serenitybdd.core.photography.DarkroomProcessingLine - Processing screenshot image in /var/screenshots/screenshot-2719815667228771041
18:25:41.439 [Darkroom Processing Line] DEBUG net.serenitybdd.core.photography.DarkroomProcessingLine - Saving screenshot to target\site\serenity\df1ff2cf298bbc7c8258f07aeea89a57328654ce14c1cae50b973019bf478315.png
18:25:41.741 [AsyncHttpClient-1-1] DEBUG org.asynchttpclient.netty.channel.DefaultChannelPool - Entry count for : http://localhost:56189 : 1
18:25:41.741 [AsyncHttpClient-1-1] DEBUG org.asynchttpclient.netty.channel.DefaultChannelPool - Entry count for : http://localhost:49624 : 1
  &amp#27;[32mThen &amp#27;[0m&amp#27;[32mClick button simpan&amp#27;[0m                                                            &amp#27;[90m# starter.stepdefinitios.PatientDataSteps.clickButtonSimpan()&amp#27;[0m
18:25:42.458 [Forwarding screenshot on session 5b2d8da05437bf47e84b6601027b22e0 to remote] DEBUG org.asynchttpclient.netty.request.NettyRequestSender - Using pooled Channel '[id: 0x79d9b8b6, L:/127.0.0.1:49623 - R:localhost/127.0.0.1:56189]' for 'GET' to 'http://localhost:56189/session/5b2d8da05437bf47e84b6601027b22e0/screenshot'
18:25:42.459 [Forwarding screenshot on session 5b2d8da05437bf47e84b6601027b22e0 to remote] DEBUG org.asynchttpclient.netty.request.NettyRequestSender - Using open Channel [id: 0x79d9b8b6, L:/127.0.0.1:49623 - R:localhost/127.0.0.1:56189] for GET '/session/5b2d8da05437bf47e84b6601027b22e0/screenshot'
18:25:42.768 [AsyncHttpClient-1-8] DEBUG org.asynchttpclient.netty.handler.HttpHandler - 

Request DefaultFullHttpRequest(decodeResult: success, version: HTTP/1.1, content: EmptyByteBufBE)
GET /session/5b2d8da05437bf47e84b6601027b22e0/screenshot HTTP/1.1
User-Agent: selenium/4.1.4 (java windows)
Cache-Control: no-cache
Content-Type: application/json; charset=utf-8
host: localhost:56189
accept: */*

Response DefaultHttpResponse(decodeResult: success, version: HTTP/1.1)
HTTP/1.1 200 OK
Content-Type: application/json; charset=utf-8
cache-control: no-cache
content-length: 64608

18:25:42.769 [AsyncHttpClient-1-8] DEBUG org.asynchttpclient.netty.channel.ChannelManager - Adding key: http://localhost:56189 for channel [id: 0x79d9b8b6, L:/127.0.0.1:49623 - R:localhost/127.0.0.1:56189]
18:25:42.776 [main] DEBUG net.serenitybdd.core.photography.Darkroom - Send negative for processing for target\site\serenity\47393bd6ab7d99de48cacd74112f3219706869cb81bb2eda78b51240eef29b72.png
18:25:42.776 [Darkroom Processing Line] DEBUG net.serenitybdd.core.photography.DarkroomProcessingLine - Processing screenshot image in /var/screenshots/screenshot-11259492564954687953
18:25:42.776 [Darkroom Processing Line] DEBUG net.serenitybdd.core.photography.DarkroomProcessingLine - Saving screenshot to target\site\serenity\47393bd6ab7d99de48cacd74112f3219706869cb81bb2eda78b51240eef29b72.png
18:25:42.849 [AsyncHttpClient-1-1] DEBUG org.asynchttpclient.netty.channel.DefaultChannelPool - Entry count for : http://localhost:56189 : 1
18:25:42.849 [AsyncHttpClient-1-1] DEBUG org.asynchttpclient.netty.channel.DefaultChannelPool - Entry count for : http://localhost:49624 : 1
18:25:43.939 [AsyncHttpClient-1-1] DEBUG org.asynchttpclient.netty.channel.DefaultChannelPool - Entry count for : http://localhost:56189 : 1
18:25:43.939 [AsyncHttpClient-1-1] DEBUG org.asynchttpclient.netty.channel.DefaultChannelPool - Entry count for : http://localhost:49624 : 1
18:25:45.042 [AsyncHttpClient-1-1] DEBUG org.asynchttpclient.netty.channel.DefaultChannelPool - Entry count for : http://localhost:56189 : 1
18:25:45.042 [AsyncHttpClient-1-1] DEBUG org.asynchttpclient.netty.channel.DefaultChannelPool - Entry count for : http://localhost:49624 : 1
18:25:46.136 [AsyncHttpClient-1-1] DEBUG org.asynchttpclient.netty.channel.DefaultChannelPool - Entry count for : http://localhost:56189 : 1
18:25:46.136 [AsyncHttpClient-1-1] DEBUG org.asynchttpclient.netty.channel.DefaultChannelPool - Entry count for : http://localhost:49624 : 1
18:25:47.244 [AsyncHttpClient-1-1] DEBUG org.asynchttpclient.netty.channel.DefaultChannelPool - Entry count for : http://localhost:56189 : 1
18:25:47.244 [AsyncHttpClient-1-1] DEBUG org.asynchttpclient.netty.channel.DefaultChannelPool - Entry count for : http://localhost:49624 : 1
18:25:47.805 [Forwarding screenshot on session 5b2d8da05437bf47e84b6601027b22e0 to remote] DEBUG org.asynchttpclient.netty.request.NettyRequestSender - Using pooled Channel '[id: 0x79d9b8b6, L:/127.0.0.1:49623 - R:localhost/127.0.0.1:56189]' for 'GET' to 'http://localhost:56189/session/5b2d8da05437bf47e84b6601027b22e0/screenshot'
18:25:47.816 [Forwarding screenshot on session 5b2d8da05437bf47e84b6601027b22e0 to remote] DEBUG org.asynchttpclient.netty.request.NettyRequestSender - Using open Channel [id: 0x79d9b8b6, L:/127.0.0.1:49623 - R:localhost/127.0.0.1:56189] for GET '/session/5b2d8da05437bf47e84b6601027b22e0/screenshot'
18:25:48.157 [AsyncHttpClient-1-8] DEBUG org.asynchttpclient.netty.handler.HttpHandler - 

Request DefaultFullHttpRequest(decodeResult: success, version: HTTP/1.1, content: EmptyByteBufBE)
GET /session/5b2d8da05437bf47e84b6601027b22e0/screenshot HTTP/1.1
User-Agent: selenium/4.1.4 (java windows)
Cache-Control: no-cache
Content-Type: application/json; charset=utf-8
host: localhost:56189
accept: */*

Response DefaultHttpResponse(decodeResult: success, version: HTTP/1.1)
HTTP/1.1 200 OK
Content-Type: application/json; charset=utf-8
cache-control: no-cache
content-length: 305724

18:25:48.157 [AsyncHttpClient-1-8] DEBUG org.asynchttpclient.netty.channel.ChannelManager - Adding key: http://localhost:56189 for channel [id: 0x79d9b8b6, L:/127.0.0.1:49623 - R:localhost/127.0.0.1:56189]
18:25:48.173 [main] DEBUG net.serenitybdd.core.photography.Darkroom - Send negative for processing for target\site\serenity\3760a0d8059ce39871ef2efa91393d1e1fa42d47a06eaa3107a1ebe11d64c882.png
18:25:48.173 [main] DEBUG net.thucydides.core.steps.StepInterceptor - STARTING STEP: PatientDataSteps.validDataPasien - validAddData
18:25:48.173 [Darkroom Processing Line] DEBUG net.serenitybdd.core.photography.DarkroomProcessingLine - Processing screenshot image in /var/screenshots/screenshot-8248345725935241106
18:25:48.173 [Darkroom Processing Line] DEBUG net.serenitybdd.core.photography.DarkroomProcessingLine - Saving screenshot to target\site\serenity\3760a0d8059ce39871ef2efa91393d1e1fa42d47a06eaa3107a1ebe11d64c882.png
18:25:48.178 [Forwarding findElement on session 5b2d8da05437bf47e84b6601027b22e0 to remote] DEBUG org.asynchttpclient.netty.request.NettyRequestSender - Using pooled Channel '[id: 0x79d9b8b6, L:/127.0.0.1:49623 - R:localhost/127.0.0.1:56189]' for 'POST' to 'http://localhost:56189/session/5b2d8da05437bf47e84b6601027b22e0/element'
18:25:48.178 [Forwarding findElement on session 5b2d8da05437bf47e84b6601027b22e0 to remote] DEBUG org.asynchttpclient.netty.request.NettyRequestSender - Using open Channel [id: 0x79d9b8b6, L:/127.0.0.1:49623 - R:localhost/127.0.0.1:56189] for POST '/session/5b2d8da05437bf47e84b6601027b22e0/element'
18:25:48.196 [AsyncHttpClient-1-8] DEBUG org.asynchttpclient.netty.handler.HttpHandler - 

Request DefaultHttpRequest(decodeResult: success, version: HTTP/1.1)
POST /session/5b2d8da05437bf47e84b6601027b22e0/element HTTP/1.1
User-Agent: selenium/4.1.4 (java windows)
Content-Length: 68
Content-Type: application/json; charset=utf-8
host: localhost:56189
accept: */*

Response DefaultHttpResponse(decodeResult: success, version: HTTP/1.1)
HTTP/1.1 200 OK
Content-Type: application/json; charset=utf-8
cache-control: no-cache
content-length: 88

18:25:48.197 [AsyncHttpClient-1-8] DEBUG org.asynchttpclient.netty.channel.ChannelManager - Adding key: http://localhost:56189 for channel [id: 0x79d9b8b6, L:/127.0.0.1:49623 - R:localhost/127.0.0.1:56189]
18:25:48.197 [Forwarding isElementEnabled on session 5b2d8da05437bf47e84b6601027b22e0 to remote] DEBUG org.asynchttpclient.netty.request.NettyRequestSender - Using pooled Channel '[id: 0x79d9b8b6, L:/127.0.0.1:49623 - R:localhost/127.0.0.1:56189]' for 'GET' to 'http://localhost:56189/session/5b2d8da05437bf47e84b6601027b22e0/element/92521060-a4f4-4636-b073-c178265f70a6/enabled'
18:25:48.197 [Forwarding isElementEnabled on session 5b2d8da05437bf47e84b6601027b22e0 to remote] DEBUG org.asynchttpclient.netty.request.NettyRequestSender - Using open Channel [id: 0x79d9b8b6, L:/127.0.0.1:49623 - R:localhost/127.0.0.1:56189] for GET '/session/5b2d8da05437bf47e84b6601027b22e0/element/92521060-a4f4-4636-b073-c178265f70a6/enabled'
18:25:48.210 [AsyncHttpClient-1-8] DEBUG org.asynchttpclient.netty.handler.HttpHandler - 

Request DefaultFullHttpRequest(decodeResult: success, version: HTTP/1.1, content: EmptyByteBufBE)
GET /session/5b2d8da05437bf47e84b6601027b22e0/element/92521060-a4f4-4636-b073-c178265f70a6/enabled HTTP/1.1
User-Agent: selenium/4.1.4 (java windows)
Cache-Control: no-cache
Content-Type: application/json; charset=utf-8
host: localhost:56189
accept: */*

Response DefaultHttpResponse(decodeResult: success, version: HTTP/1.1)
HTTP/1.1 200 OK
Content-Type: application/json; charset=utf-8
cache-control: no-cache
content-length: 14

18:25:48.210 [AsyncHttpClient-1-8] DEBUG org.asynchttpclient.netty.channel.ChannelManager - Adding key: http://localhost:56189 for channel [id: 0x79d9b8b6, L:/127.0.0.1:49623 - R:localhost/127.0.0.1:56189]
18:25:48.210 [main] DEBUG net.thucydides.core.steps.StepInterceptor - STEP DONE: validAddData
18:25:48.340 [AsyncHttpClient-1-1] DEBUG org.asynchttpclient.netty.channel.DefaultChannelPool - Entry count for : http://localhost:56189 : 1
18:25:48.340 [AsyncHttpClient-1-1] DEBUG org.asynchttpclient.netty.channel.DefaultChannelPool - Entry count for : http://localhost:49624 : 1
18:25:49.274 [Forwarding screenshot on session 5b2d8da05437bf47e84b6601027b22e0 to remote] DEBUG org.asynchttpclient.netty.request.NettyRequestSender - Using pooled Channel '[id: 0x79d9b8b6, L:/127.0.0.1:49623 - R:localhost/127.0.0.1:56189]' for 'GET' to 'http://localhost:56189/session/5b2d8da05437bf47e84b6601027b22e0/screenshot'
18:25:49.274 [Forwarding screenshot on session 5b2d8da05437bf47e84b6601027b22e0 to remote] DEBUG org.asynchttpclient.netty.request.NettyRequestSender - Using open Channel [id: 0x79d9b8b6, L:/127.0.0.1:49623 - R:localhost/127.0.0.1:56189] for GET '/session/5b2d8da05437bf47e84b6601027b22e0/screenshot'
18:25:49.437 [AsyncHttpClient-1-1] DEBUG org.asynchttpclient.netty.channel.DefaultChannelPool - Entry count for : http://localhost:49624 : 1
18:25:49.599 [AsyncHttpClient-1-8] DEBUG org.asynchttpclient.netty.handler.HttpHandler - 

Request DefaultFullHttpRequest(decodeResult: success, version: HTTP/1.1, content: EmptyByteBufBE)
GET /session/5b2d8da05437bf47e84b6601027b22e0/screenshot HTTP/1.1
User-Agent: selenium/4.1.4 (java windows)
Cache-Control: no-cache
Content-Type: application/json; charset=utf-8
host: localhost:56189
accept: */*

Response DefaultHttpResponse(decodeResult: success, version: HTTP/1.1)
HTTP/1.1 200 OK
Content-Type: application/json; charset=utf-8
cache-control: no-cache
content-length: 305724

18:25:49.599 [AsyncHttpClient-1-8] DEBUG org.asynchttpclient.netty.channel.ChannelManager - Adding key: http://localhost:56189 for channel [id: 0x79d9b8b6, L:/127.0.0.1:49623 - R:localhost/127.0.0.1:56189]
18:25:49.607 [main] DEBUG net.serenitybdd.core.photography.Darkroom - Send negative for processing for target\site\serenity\3760a0d8059ce39871ef2efa91393d1e1fa42d47a06eaa3107a1ebe11d64c882.png
18:25:49.607 [main] DEBUG net.thucydides.core.steps.StepInterceptor - STARTING STEP: PatientDataSteps.validDataPasien - buttonClickOK
18:25:49.620 [Forwarding findElement on session 5b2d8da05437bf47e84b6601027b22e0 to remote] DEBUG org.asynchttpclient.netty.request.NettyRequestSender - Using pooled Channel '[id: 0x79d9b8b6, L:/127.0.0.1:49623 - R:localhost/127.0.0.1:56189]' for 'POST' to 'http://localhost:56189/session/5b2d8da05437bf47e84b6601027b22e0/element'
18:25:49.620 [Forwarding findElement on session 5b2d8da05437bf47e84b6601027b22e0 to remote] DEBUG org.asynchttpclient.netty.request.NettyRequestSender - Using open Channel [id: 0x79d9b8b6, L:/127.0.0.1:49623 - R:localhost/127.0.0.1:56189] for POST '/session/5b2d8da05437bf47e84b6601027b22e0/element'
18:25:49.640 [AsyncHttpClient-1-8] DEBUG org.asynchttpclient.netty.handler.HttpHandler - 

Request DefaultHttpRequest(decodeResult: success, version: HTTP/1.1)
POST /session/5b2d8da05437bf47e84b6601027b22e0/element HTTP/1.1
User-Agent: selenium/4.1.4 (java windows)
Content-Length: 88
Content-Type: application/json; charset=utf-8
host: localhost:56189
accept: */*

Response DefaultHttpResponse(decodeResult: success, version: HTTP/1.1)
HTTP/1.1 200 OK
Content-Type: application/json; charset=utf-8
cache-control: no-cache
content-length: 88

18:25:49.640 [AsyncHttpClient-1-8] DEBUG org.asynchttpclient.netty.channel.ChannelManager - Adding key: http://localhost:56189 for channel [id: 0x79d9b8b6, L:/127.0.0.1:49623 - R:localhost/127.0.0.1:56189]
18:25:49.642 [Forwarding getElementTagName on session 5b2d8da05437bf47e84b6601027b22e0 to remote] DEBUG org.asynchttpclient.netty.request.NettyRequestSender - Using pooled Channel '[id: 0x79d9b8b6, L:/127.0.0.1:49623 - R:localhost/127.0.0.1:56189]' for 'GET' to 'http://localhost:56189/session/5b2d8da05437bf47e84b6601027b22e0/element/b387d33f-b495-4bac-be8e-6c9ea051124a/name'
18:25:49.642 [Forwarding getElementTagName on session 5b2d8da05437bf47e84b6601027b22e0 to remote] DEBUG org.asynchttpclient.netty.request.NettyRequestSender - Using open Channel [id: 0x79d9b8b6, L:/127.0.0.1:49623 - R:localhost/127.0.0.1:56189] for GET '/session/5b2d8da05437bf47e84b6601027b22e0/element/b387d33f-b495-4bac-be8e-6c9ea051124a/name'
18:25:49.650 [AsyncHttpClient-1-8] DEBUG org.asynchttpclient.netty.handler.HttpHandler - 

Request DefaultFullHttpRequest(decodeResult: success, version: HTTP/1.1, content: EmptyByteBufBE)
GET /session/5b2d8da05437bf47e84b6601027b22e0/element/b387d33f-b495-4bac-be8e-6c9ea051124a/name HTTP/1.1
User-Agent: selenium/4.1.4 (java windows)
Cache-Control: no-cache
Content-Type: application/json; charset=utf-8
host: localhost:56189
accept: */*

Response DefaultHttpResponse(decodeResult: success, version: HTTP/1.1)
HTTP/1.1 200 OK
Content-Type: application/json; charset=utf-8
cache-control: no-cache
content-length: 18

18:25:49.650 [AsyncHttpClient-1-8] DEBUG org.asynchttpclient.netty.channel.ChannelManager - Adding key: http://localhost:56189 for channel [id: 0x79d9b8b6, L:/127.0.0.1:49623 - R:localhost/127.0.0.1:56189]
18:25:49.652 [Forwarding getElementTagName on session 5b2d8da05437bf47e84b6601027b22e0 to remote] DEBUG org.asynchttpclient.netty.request.NettyRequestSender - Using pooled Channel '[id: 0x79d9b8b6, L:/127.0.0.1:49623 - R:localhost/127.0.0.1:56189]' for 'GET' to 'http://localhost:56189/session/5b2d8da05437bf47e84b6601027b22e0/element/b387d33f-b495-4bac-be8e-6c9ea051124a/name'
18:25:49.653 [Forwarding getElementTagName on session 5b2d8da05437bf47e84b6601027b22e0 to remote] DEBUG org.asynchttpclient.netty.request.NettyRequestSender - Using open Channel [id: 0x79d9b8b6, L:/127.0.0.1:49623 - R:localhost/127.0.0.1:56189] for GET '/session/5b2d8da05437bf47e84b6601027b22e0/element/b387d33f-b495-4bac-be8e-6c9ea051124a/name'
18:25:49.659 [AsyncHttpClient-1-8] DEBUG org.asynchttpclient.netty.handler.HttpHandler - 

Request DefaultFullHttpRequest(decodeResult: success, version: HTTP/1.1, content: EmptyByteBufBE)
GET /session/5b2d8da05437bf47e84b6601027b22e0/element/b387d33f-b495-4bac-be8e-6c9ea051124a/name HTTP/1.1
User-Agent: selenium/4.1.4 (java windows)
Cache-Control: no-cache
Content-Type: application/json; charset=utf-8
host: localhost:56189
accept: */*

Response DefaultHttpResponse(decodeResult: success, version: HTTP/1.1)
HTTP/1.1 200 OK
Content-Type: application/json; charset=utf-8
cache-control: no-cache
content-length: 18

18:25:49.659 [AsyncHttpClient-1-8] DEBUG org.asynchttpclient.netty.channel.ChannelManager - Adding key: http://localhost:56189 for channel [id: 0x79d9b8b6, L:/127.0.0.1:49623 - R:localhost/127.0.0.1:56189]
18:25:49.659 [Forwarding isElementEnabled on session 5b2d8da05437bf47e84b6601027b22e0 to remote] DEBUG org.asynchttpclient.netty.request.NettyRequestSender - Using pooled Channel '[id: 0x79d9b8b6, L:/127.0.0.1:49623 - R:localhost/127.0.0.1:56189]' for 'GET' to 'http://localhost:56189/session/5b2d8da05437bf47e84b6601027b22e0/element/b387d33f-b495-4bac-be8e-6c9ea051124a/enabled'
18:25:49.659 [Forwarding isElementEnabled on session 5b2d8da05437bf47e84b6601027b22e0 to remote] DEBUG org.asynchttpclient.netty.request.NettyRequestSender - Using open Channel [id: 0x79d9b8b6, L:/127.0.0.1:49623 - R:localhost/127.0.0.1:56189] for GET '/session/5b2d8da05437bf47e84b6601027b22e0/element/b387d33f-b495-4bac-be8e-6c9ea051124a/enabled'
18:25:49.679 [AsyncHttpClient-1-8] DEBUG org.asynchttpclient.netty.handler.HttpHandler - 

Request DefaultFullHttpRequest(decodeResult: success, version: HTTP/1.1, content: EmptyByteBufBE)
GET /session/5b2d8da05437bf47e84b6601027b22e0/element/b387d33f-b495-4bac-be8e-6c9ea051124a/enabled HTTP/1.1
User-Agent: selenium/4.1.4 (java windows)
Cache-Control: no-cache
Content-Type: application/json; charset=utf-8
host: localhost:56189
accept: */*

Response DefaultHttpResponse(decodeResult: success, version: HTTP/1.1)
HTTP/1.1 200 OK
Content-Type: application/json; charset=utf-8
cache-control: no-cache
content-length: 14

18:25:49.679 [AsyncHttpClient-1-8] DEBUG org.asynchttpclient.netty.channel.ChannelManager - Adding key: http://localhost:56189 for channel [id: 0x79d9b8b6, L:/127.0.0.1:49623 - R:localhost/127.0.0.1:56189]
18:25:49.679 [Forwarding isElementEnabled on session 5b2d8da05437bf47e84b6601027b22e0 to remote] DEBUG org.asynchttpclient.netty.request.NettyRequestSender - Using pooled Channel '[id: 0x79d9b8b6, L:/127.0.0.1:49623 - R:localhost/127.0.0.1:56189]' for 'GET' to 'http://localhost:56189/session/5b2d8da05437bf47e84b6601027b22e0/element/b387d33f-b495-4bac-be8e-6c9ea051124a/enabled'
18:25:49.679 [Forwarding isElementEnabled on session 5b2d8da05437bf47e84b6601027b22e0 to remote] DEBUG org.asynchttpclient.netty.request.NettyRequestSender - Using open Channel [id: 0x79d9b8b6, L:/127.0.0.1:49623 - R:localhost/127.0.0.1:56189] for GET '/session/5b2d8da05437bf47e84b6601027b22e0/element/b387d33f-b495-4bac-be8e-6c9ea051124a/enabled'
18:25:49.692 [AsyncHttpClient-1-8] DEBUG org.asynchttpclient.netty.handler.HttpHandler - 

Request DefaultFullHttpRequest(decodeResult: success, version: HTTP/1.1, content: EmptyByteBufBE)
GET /session/5b2d8da05437bf47e84b6601027b22e0/element/b387d33f-b495-4bac-be8e-6c9ea051124a/enabled HTTP/1.1
User-Agent: selenium/4.1.4 (java windows)
Cache-Control: no-cache
Content-Type: application/json; charset=utf-8
host: localhost:56189
accept: */*

Response DefaultHttpResponse(decodeResult: success, version: HTTP/1.1)
HTTP/1.1 200 OK
Content-Type: application/json; charset=utf-8
cache-control: no-cache
content-length: 14

18:25:49.692 [AsyncHttpClient-1-8] DEBUG org.asynchttpclient.netty.channel.ChannelManager - Adding key: http://localhost:56189 for channel [id: 0x79d9b8b6, L:/127.0.0.1:49623 - R:localhost/127.0.0.1:56189]
18:25:49.694 [Forwarding findElement on session 5b2d8da05437bf47e84b6601027b22e0 to remote] DEBUG org.asynchttpclient.netty.request.NettyRequestSender - Using pooled Channel '[id: 0x79d9b8b6, L:/127.0.0.1:49623 - R:localhost/127.0.0.1:56189]' for 'POST' to 'http://localhost:56189/session/5b2d8da05437bf47e84b6601027b22e0/element'
18:25:49.694 [Forwarding findElement on session 5b2d8da05437bf47e84b6601027b22e0 to remote] DEBUG org.asynchttpclient.netty.request.NettyRequestSender - Using open Channel [id: 0x79d9b8b6, L:/127.0.0.1:49623 - R:localhost/127.0.0.1:56189] for POST '/session/5b2d8da05437bf47e84b6601027b22e0/element'
18:25:49.707 [AsyncHttpClient-1-8] DEBUG org.asynchttpclient.netty.handler.HttpHandler - 

Request DefaultHttpRequest(decodeResult: success, version: HTTP/1.1)
POST /session/5b2d8da05437bf47e84b6601027b22e0/element HTTP/1.1
User-Agent: selenium/4.1.4 (java windows)
Content-Length: 88
Content-Type: application/json; charset=utf-8
host: localhost:56189
accept: */*

Response DefaultHttpResponse(decodeResult: success, version: HTTP/1.1)
HTTP/1.1 200 OK
Content-Type: application/json; charset=utf-8
cache-control: no-cache
content-length: 88

18:25:49.708 [AsyncHttpClient-1-8] DEBUG org.asynchttpclient.netty.channel.ChannelManager - Adding key: http://localhost:56189 for channel [id: 0x79d9b8b6, L:/127.0.0.1:49623 - R:localhost/127.0.0.1:56189]
18:25:49.708 [Forwarding clickElement on session 5b2d8da05437bf47e84b6601027b22e0 to remote] DEBUG org.asynchttpclient.netty.request.NettyRequestSender - Using pooled Channel '[id: 0x79d9b8b6, L:/127.0.0.1:49623 - R:localhost/127.0.0.1:56189]' for 'POST' to 'http://localhost:56189/session/5b2d8da05437bf47e84b6601027b22e0/element/b387d33f-b495-4bac-be8e-6c9ea051124a/click'
18:25:49.708 [Forwarding clickElement on session 5b2d8da05437bf47e84b6601027b22e0 to remote] DEBUG org.asynchttpclient.netty.request.NettyRequestSender - Using open Channel [id: 0x79d9b8b6, L:/127.0.0.1:49623 - R:localhost/127.0.0.1:56189] for POST '/session/5b2d8da05437bf47e84b6601027b22e0/element/b387d33f-b495-4bac-be8e-6c9ea051124a/click'
18:25:49.797 [AsyncHttpClient-1-8] DEBUG org.asynchttpclient.netty.handler.HttpHandler - 

Request DefaultHttpRequest(decodeResult: success, version: HTTP/1.1)
POST /session/5b2d8da05437bf47e84b6601027b22e0/element/b387d33f-b495-4bac-be8e-6c9ea051124a/click HTTP/1.1
User-Agent: selenium/4.1.4 (java windows)
Content-Length: 50
Content-Type: application/json; charset=utf-8
host: localhost:56189
accept: */*

Response DefaultHttpResponse(decodeResult: success, version: HTTP/1.1)
HTTP/1.1 200 OK
Content-Type: application/json; charset=utf-8
cache-control: no-cache
content-length: 14

18:25:49.797 [AsyncHttpClient-1-8] DEBUG org.asynchttpclient.netty.channel.ChannelManager - Adding key: http://localhost:56189 for channel [id: 0x79d9b8b6, L:/127.0.0.1:49623 - R:localhost/127.0.0.1:56189]
18:25:49.813 [Forwarding screenshot on session 5b2d8da05437bf47e84b6601027b22e0 to remote] DEBUG org.asynchttpclient.netty.request.NettyRequestSender - Using pooled Channel '[id: 0x79d9b8b6, L:/127.0.0.1:49623 - R:localhost/127.0.0.1:56189]' for 'GET' to 'http://localhost:56189/session/5b2d8da05437bf47e84b6601027b22e0/screenshot'
18:25:49.813 [Forwarding screenshot on session 5b2d8da05437bf47e84b6601027b22e0 to remote] DEBUG org.asynchttpclient.netty.request.NettyRequestSender - Using open Channel [id: 0x79d9b8b6, L:/127.0.0.1:49623 - R:localhost/127.0.0.1:56189] for GET '/session/5b2d8da05437bf47e84b6601027b22e0/screenshot'
18:25:50.007 [AsyncHttpClient-1-8] DEBUG org.asynchttpclient.netty.handler.HttpHandler - 

Request DefaultFullHttpRequest(decodeResult: success, version: HTTP/1.1, content: EmptyByteBufBE)
GET /session/5b2d8da05437bf47e84b6601027b22e0/screenshot HTTP/1.1
User-Agent: selenium/4.1.4 (java windows)
Cache-Control: no-cache
Content-Type: application/json; charset=utf-8
host: localhost:56189
accept: */*

Response DefaultHttpResponse(decodeResult: success, version: HTTP/1.1)
HTTP/1.1 200 OK
Content-Type: application/json; charset=utf-8
cache-control: no-cache
content-length: 118872

18:25:50.008 [AsyncHttpClient-1-8] DEBUG org.asynchttpclient.netty.channel.ChannelManager - Adding key: http://localhost:56189 for channel [id: 0x79d9b8b6, L:/127.0.0.1:49623 - R:localhost/127.0.0.1:56189]
18:25:50.008 [main] DEBUG net.serenitybdd.core.photography.Darkroom - Send negative for processing for target\site\serenity\633f444c6e4890504dc2b9b92b8b36823654c3c053e781a88ce4288b2f6ddc78.png
18:25:50.008 [main] DEBUG net.thucydides.core.steps.StepInterceptor - STEP DONE: buttonClickOK
  &amp#27;[32mAnd &amp#27;[0m&amp#27;[32mValid data pasien&amp#27;[0m                                                               &amp#27;[90m# starter.stepdefinitios.PatientDataSteps.validDataPasien()&amp#27;[0m
18:25:50.008 [Darkroom Processing Line] DEBUG net.serenitybdd.core.photography.DarkroomProcessingLine - Processing screenshot image in /var/screenshots/screenshot-15547656807511694745
18:25:50.008 [Darkroom Processing Line] DEBUG net.serenitybdd.core.photography.DarkroomProcessingLine - Saving screenshot to target\site\serenity\633f444c6e4890504dc2b9b92b8b36823654c3c053e781a88ce4288b2f6ddc78.png
18:25:50.023 [AsyncHttpClient-1-2] DEBUG org.asynchttpclient.netty.handler.WebSocketHandler - Channel Closed: [id: 0x6b388865, L:/127.0.0.1:49631 ! R:localhost/127.0.0.1:49624] with attribute NettyResponseFuture{currentRetry=5,
	isDone=1,
	isCancelled=0,
	asyncHandler=org.asynchttpclient.ws.WebSocketUpgradeHandler@4e9731a4,
	nettyRequest=org.asynchttpclient.netty.request.NettyRequest@2015b9fd,
	future=java.util.concurrent.CompletableFuture@2635fbc0[Completed normally],
	uri=ws://localhost:49624/devtools/browser/4a91118e-efd4-4404-b127-7f0c8f4d411c,
	keepAlive=true,
	redirectCount=0,
	timeoutsHolder=null,
	inAuth=0,
	touch=1658057111735}
18:25:50.031 [AsyncHttpClient-1-2] DEBUG org.asynchttpclient.netty.channel.ChannelManager - Closing Channel [id: 0x6b388865, L:/127.0.0.1:49631 ! R:localhost/127.0.0.1:49624] 
18:25:50.031 [Driver Command Executor] DEBUG org.asynchttpclient.netty.request.NettyRequestSender - Using pooled Channel '[id: 0x79d9b8b6, L:/127.0.0.1:49623 - R:localhost/127.0.0.1:56189]' for 'DELETE' to 'http://localhost:56189/session/5b2d8da05437bf47e84b6601027b22e0'
18:25:50.031 [Driver Command Executor] DEBUG org.asynchttpclient.netty.request.NettyRequestSender - Using open Channel [id: 0x79d9b8b6, L:/127.0.0.1:49623 - R:localhost/127.0.0.1:56189] for DELETE '/session/5b2d8da05437bf47e84b6601027b22e0'
18:25:50.096 [AsyncHttpClient-1-9] DEBUG org.asynchttpclient.netty.handler.HttpHandler - Unexpected I/O exception on channel [id: 0x1af36c21, L:/127.0.0.1:49630 - R:localhost/127.0.0.1:49624]
java.io.IOException: An existing connection was forcibly closed by the remote host
	at java.base/sun.nio.ch.SocketDispatcher.read0(Native Method)
	at java.base/sun.nio.ch.SocketDispatcher.read(SocketDispatcher.java:43)
	at java.base/sun.nio.ch.IOUtil.readIntoNativeBuffer(IOUtil.java:276)
	at java.base/sun.nio.ch.IOUtil.read(IOUtil.java:233)
	at java.base/sun.nio.ch.IOUtil.read(IOUtil.java:223)
	at java.base/sun.nio.ch.SocketChannelImpl.read(SocketChannelImpl.java:356)
	at io.netty.buffer.PooledByteBuf.setBytes(PooledByteBuf.java:258)
	at io.netty.buffer.AbstractByteBuf.writeBytes(AbstractByteBuf.java:1132)
	at io.netty.channel.socket.nio.NioSocketChannel.doReadBytes(NioSocketChannel.java:357)
	at io.netty.channel.nio.AbstractNioByteChannel$NioByteUnsafe.read(AbstractNioByteChannel.java:151)
	at io.netty.channel.nio.NioEventLoop.processSelectedKey(NioEventLoop.java:722)
	at io.netty.channel.nio.NioEventLoop.processSelectedKeysOptimized(NioEventLoop.java:658)
	at io.netty.channel.nio.NioEventLoop.processSelectedKeys(NioEventLoop.java:584)
	at io.netty.channel.nio.NioEventLoop.run(NioEventLoop.java:496)
	at io.netty.util.concurrent.SingleThreadEventExecutor$4.run(SingleThreadEventExecutor.java:986)
	at io.netty.util.internal.ThreadExecutorMap$2.run(ThreadExecutorMap.java:74)
	at io.netty.util.concurrent.FastThreadLocalRunnable.run(FastThreadLocalRunnable.java:30)
	at java.base/java.lang.Thread.run(Thread.java:829)
18:25:50.096 [AsyncHttpClient-1-9] DEBUG org.asynchttpclient.netty.channel.ChannelManager - Closing Channel [id: 0x1af36c21, L:/127.0.0.1:49630 - R:localhost/127.0.0.1:49624] 
18:25:50.097 [AsyncHttpClient-1-9] DEBUG org.asynchttpclient.netty.handler.HttpHandler - Channel Closed: [id: 0x1af36c21, L:/127.0.0.1:49630 ! R:localhost/127.0.0.1:49624] with attribute DISCARD
18:25:50.161 [AsyncHttpClient-1-8] DEBUG org.asynchttpclient.netty.handler.HttpHandler - 

Request DefaultFullHttpRequest(decodeResult: success, version: HTTP/1.1, content: EmptyByteBufBE)
DELETE /session/5b2d8da05437bf47e84b6601027b22e0 HTTP/1.1
User-Agent: selenium/4.1.4 (java windows)
Content-Type: application/json; charset=utf-8
host: localhost:56189
accept: */*

Response DefaultHttpResponse(decodeResult: success, version: HTTP/1.1)
HTTP/1.1 200 OK
Content-Type: application/json; charset=utf-8
cache-control: no-cache
content-length: 14

18:25:50.161 [AsyncHttpClient-1-8] DEBUG org.asynchttpclient.netty.channel.ChannelManager - Adding key: http://localhost:56189 for channel [id: 0x79d9b8b6, L:/127.0.0.1:49623 - R:localhost/127.0.0.1:56189]
18:25:50.296 [AsyncHttpClient-1-8] DEBUG org.asynchttpclient.netty.handler.HttpHandler - Channel Closed: [id: 0x79d9b8b6, L:/127.0.0.1:49623 ! R:localhost/127.0.0.1:56189] with attribute DISCARD
18:25:50.329 [main] INFO  - 
  _____   ___   ___   _____     ___     _     ___   ___   ___   ___  
 |_   _| | __| / __| |_   _|   | _ \   /_\   / __| / __| | __| |   \ 
   | |   | _|  \__ \   | |     |  _/  / _ \  \__ \ \__ \ | _|  | |) |
   |_|   |___| |___/   |_|     |_|   /_/ \_\ |___/ |___/ |___| |___/ 

As a admin i want to add data pasien (JK Laki-Laki) - Valid
----------------------------------------------------------------------
]]></system-out>
    <system-err><![CDATA[Starting ChromeDriver 103.0.5060.53 (a1711811edd74ff1cf2150f36ffa3b0dae40b17f-refs/branch-heads/5060@{#853}) on port 56189
Only local connections are allowed.
Please see https://chromedriver.chromium.org/security-considerations for suggestions on keeping ChromeDriver safe.
ChromeDriver was started successfully.
Jul 17, 2022 6:25:11 PM org.openqa.selenium.remote.ProtocolHandshake createSession
INFO: Detected dialect: W3C
Jul 17, 2022 6:25:11 PM org.openqa.selenium.devtools.CdpVersionFinder findNearestMatch
WARNING: Unable to find an exact match for CDP version 103, so returning the closest version found: 101
Jul 17, 2022 6:25:11 PM org.openqa.selenium.devtools.CdpVersionFinder findNearestMatch
INFO: Found CDP implementation for version 103 of 101
]]></system-err>
  </testcase>
  <testcase name="As a admin i want to add data pasien (JK Laki-Laki) - Valid not Gender" classname="Data Pasien - Admin" time="34.052">
    <system-out><![CDATA[
@DataPasien111 @AddPatientDataValidNoGender
Scenario Outline: As a admin i want to add data pasien (JK Laki-Laki) - Valid not Gender &amp#27;[90m# src/test/resources/features/4DataPasien.feature:62&amp#27;[0m
18:25:50.399 [main] INFO io.cucumber.core.plugin.SerenityReporter - Running feature from file:///C:/Alterra/CapstoneBaru/QE/TestingWebUpdate/src/test/resources/features/4DataPasien.feature
18:25:50.431 [main] INFO  - 
  _____   ___   ___   _____     ___   _____     _     ___   _____   ___   ___  
 |_   _| | __| / __| |_   _|   / __| |_   _|   /_\   | _ \ |_   _| | __| |   \ 
   | |   | _|  \__ \   | |     \__ \   | |    / _ \  |   /   | |   | _|  | |) |
   |_|   |___| |___/   |_|     |___/   |_|   /_/ \_\ |_|_\   |_|   |___| |___/ 

As a admin i want to add data pasien (JK Laki-Laki) - Valid not Gender(data-pasien---admin;as-a-admin-i-want-to-add-data-pasien-(jk-laki-laki)---valid-not-gender)
--------------------------------------------------------------------------------
18:25:50.494 [main] DEBUG net.thucydides.core.steps.StepInterceptor - STARTING STEP: LoginSteps.openLoginPage - openLogin
18:25:50.495 [main] INFO net.serenitybdd.core.webdriver.driverproviders.ChromeDriverProvider - Using automatically driver download
18:25:50.541 [AsyncHttpClient-1-1] DEBUG org.asynchttpclient.netty.channel.DefaultChannelPool - Entry count for : http://localhost:56189 : 1
18:25:50.541 [AsyncHttpClient-1-1] DEBUG org.asynchttpclient.netty.channel.DefaultChannelPool - Entry count for : http://localhost:49624 : 1
18:25:50.541 [AsyncHttpClient-1-1] DEBUG org.asynchttpclient.netty.channel.DefaultChannelPool - Adding Candidate expired Channel [id: 0x79d9b8b6, L:/127.0.0.1:49623 ! R:localhost/127.0.0.1:56189] isIdleTimeoutExpired=false isRemotelyClosed=true isTtlExpired=false
18:25:50.541 [AsyncHttpClient-1-1] DEBUG org.asynchttpclient.netty.channel.DefaultChannelPool - Closing Idle Channel [id: 0x79d9b8b6, L:/127.0.0.1:49623 ! R:localhost/127.0.0.1:56189]
18:25:50.541 [AsyncHttpClient-1-1] DEBUG org.asynchttpclient.netty.channel.DefaultChannelPool - Adding Candidate expired Channel [id: 0x1af36c21, L:/127.0.0.1:49630 ! R:localhost/127.0.0.1:49624] isIdleTimeoutExpired=false isRemotelyClosed=true isTtlExpired=false
18:25:50.541 [AsyncHttpClient-1-1] DEBUG org.asynchttpclient.netty.channel.DefaultChannelPool - Closing Idle Channel [id: 0x1af36c21, L:/127.0.0.1:49630 ! R:localhost/127.0.0.1:49624]
18:25:50.541 [AsyncHttpClient-1-1] DEBUG org.asynchttpclient.netty.channel.DefaultChannelPool - Closed 2 connections out of 2 in 0 ms
18:25:50.734 [main] DEBUG io.github.bonigarcia.wdm.cache.ResolutionCache - Resolution chrome=103 in cache (valid until 18:54:33 17/07/2022 ICT)
18:25:50.744 [main] DEBUG io.github.bonigarcia.wdm.cache.ResolutionCache - Resolution chrome103=103.0.5060.53 in cache (valid until 17:54:33 18/07/2022 ICT)
18:25:50.747 [main] INFO io.github.bonigarcia.wdm.WebDriverManager - Using chromedriver 103.0.5060.53 (resolved driver for Chrome 103)
18:25:50.758 [main] DEBUG io.github.bonigarcia.wdm.WebDriverManager - Driver chromedriver 103.0.5060.53 found in cache
18:25:50.758 [main] INFO io.github.bonigarcia.wdm.WebDriverManager - Exporting webdriver.chrome.driver as C:\Users\Bagas Dwi Saputra\.cache\selenium\chromedriver\win32\103.0.5060.53\chromedriver.exe
18:25:50.977 [main] DEBUG net.serenitybdd.core.webdriver.driverproviders.ProvideNewDriver - Instantiating driver
18:25:50.977 [main] DEBUG net.serenitybdd.core.webdriver.driverproviders.ProvideNewDriver - Driver capabilities: Capabilities {acceptInsecureCerts: false, base.url: https://fanciful-trifle-360..., browserName: chrome, chorme.driver: src/test/resources/webdrive..., driver: chrome, goog:chromeOptions: {args: [], extensions: []}}
18:25:51.112 [AsyncHttpClient-1-3] DEBUG org.asynchttpclient.netty.channel.NettyConnectListener - Using new Channel '[id: 0xb9dd6197, L:/127.0.0.1:49652 - R:localhost/127.0.0.1:53978]' for 'POST' to '/session'
18:25:52.013 [AsyncHttpClient-1-3] DEBUG org.asynchttpclient.netty.handler.HttpHandler - 

Request DefaultHttpRequest(decodeResult: success, version: HTTP/1.1)
POST /session HTTP/1.1
User-Agent: selenium/4.1.4 (java windows)
Content-Length: 629
Content-Type: application/json; charset=utf-8
host: localhost:53978
accept: */*

Response DefaultHttpResponse(decodeResult: success, version: HTTP/1.1)
HTTP/1.1 200 OK
Content-Type: application/json; charset=utf-8
cache-control: no-cache
content-length: 793

18:25:52.013 [AsyncHttpClient-1-3] DEBUG org.asynchttpclient.netty.channel.ChannelManager - Adding key: http://localhost:53978 for channel [id: 0xb9dd6197, L:/127.0.0.1:49652 - R:localhost/127.0.0.1:53978]
18:25:52.021 [AsyncHttpClient-1-4] DEBUG org.asynchttpclient.netty.channel.NettyConnectListener - Using new Channel '[id: 0x9b7a0d72, L:/127.0.0.1:49659 - R:localhost/127.0.0.1:49653]' for 'GET' to '/json/version'
18:25:52.022 [AsyncHttpClient-1-4] DEBUG org.asynchttpclient.netty.handler.HttpHandler - 

Request DefaultFullHttpRequest(decodeResult: success, version: HTTP/1.1, content: EmptyByteBufBE)
GET /json/version HTTP/1.1
User-Agent: selenium/4.1.4 (java windows)
host: localhost:49653
accept: */*

Response DefaultHttpResponse(decodeResult: success, version: HTTP/1.1)
HTTP/1.1 200 OK
Content-Type: application/json; charset=UTF-8
content-length: 429

18:25:52.022 [AsyncHttpClient-1-4] DEBUG org.asynchttpclient.netty.channel.ChannelManager - Adding key: http://localhost:49653 for channel [id: 0x9b7a0d72, L:/127.0.0.1:49659 - R:localhost/127.0.0.1:49653]
18:25:52.027 [AsyncHttpClient-1-5] DEBUG org.asynchttpclient.netty.channel.NettyConnectListener - Using new Channel '[id: 0xd84a529e, L:/127.0.0.1:49660 - R:localhost/127.0.0.1:49653]' for 'GET' to '/devtools/browser/cd379559-5ac1-4578-a875-91aa5652a236'
18:25:52.028 [AsyncHttpClient-1-5] DEBUG org.asynchttpclient.netty.handler.WebSocketHandler - 

Request DefaultFullHttpRequest(decodeResult: success, version: HTTP/1.1, content: EmptyByteBufBE)
GET /devtools/browser/cd379559-5ac1-4578-a875-91aa5652a236 HTTP/1.1
upgrade: websocket
connection: upgrade
sec-websocket-key: a4wBA7TZo/M5awa2k+jwXw==
sec-websocket-version: 13
origin: http://localhost:49653
host: localhost:49653
accept: */*
user-agent: AHC/2.1

Response DefaultHttpResponse(decodeResult: success, version: HTTP/1.1)
HTTP/1.1 101 WebSocket Protocol Handshake
Upgrade: WebSocket
Connection: Upgrade
Sec-WebSocket-Accept: 8DjzDsVckQkAYZmUKNiBvUOLEOc=

18:25:52.033 [Forwarding get on session ad420ef1fbb07ba80c8fe7a32c6ae732 to remote] DEBUG org.asynchttpclient.netty.request.NettyRequestSender - Using pooled Channel '[id: 0xb9dd6197, L:/127.0.0.1:49652 - R:localhost/127.0.0.1:53978]' for 'POST' to 'http://localhost:53978/session/ad420ef1fbb07ba80c8fe7a32c6ae732/url'
18:25:52.033 [Forwarding get on session ad420ef1fbb07ba80c8fe7a32c6ae732 to remote] DEBUG org.asynchttpclient.netty.request.NettyRequestSender - Using open Channel [id: 0xb9dd6197, L:/127.0.0.1:49652 - R:localhost/127.0.0.1:53978] for POST '/session/ad420ef1fbb07ba80c8fe7a32c6ae732/url'
18:25:52.751 [AsyncHttpClient-1-1] DEBUG org.asynchttpclient.netty.channel.DefaultChannelPool - Entry count for : http://localhost:49653 : 1
18:25:52.826 [AsyncHttpClient-1-3] DEBUG org.asynchttpclient.netty.handler.HttpHandler - 

Request DefaultHttpRequest(decodeResult: success, version: HTTP/1.1)
POST /session/ad420ef1fbb07ba80c8fe7a32c6ae732/url HTTP/1.1
User-Agent: selenium/4.1.4 (java windows)
Content-Length: 78
Content-Type: application/json; charset=utf-8
host: localhost:53978
accept: */*

Response DefaultHttpResponse(decodeResult: success, version: HTTP/1.1)
HTTP/1.1 200 OK
Content-Type: application/json; charset=utf-8
cache-control: no-cache
content-length: 14

18:25:52.826 [AsyncHttpClient-1-3] DEBUG org.asynchttpclient.netty.channel.ChannelManager - Adding key: http://localhost:53978 for channel [id: 0xb9dd6197, L:/127.0.0.1:49652 - R:localhost/127.0.0.1:53978]
18:25:52.827 [Forwarding setTimeout on session ad420ef1fbb07ba80c8fe7a32c6ae732 to remote] DEBUG org.asynchttpclient.netty.request.NettyRequestSender - Using pooled Channel '[id: 0xb9dd6197, L:/127.0.0.1:49652 - R:localhost/127.0.0.1:53978]' for 'POST' to 'http://localhost:53978/session/ad420ef1fbb07ba80c8fe7a32c6ae732/timeouts'
18:25:52.828 [Forwarding setTimeout on session ad420ef1fbb07ba80c8fe7a32c6ae732 to remote] DEBUG org.asynchttpclient.netty.request.NettyRequestSender - Using open Channel [id: 0xb9dd6197, L:/127.0.0.1:49652 - R:localhost/127.0.0.1:53978] for POST '/session/ad420ef1fbb07ba80c8fe7a32c6ae732/timeouts'
18:25:52.828 [AsyncHttpClient-1-3] DEBUG org.asynchttpclient.netty.handler.HttpHandler - 

Request DefaultHttpRequest(decodeResult: success, version: HTTP/1.1)
POST /session/ad420ef1fbb07ba80c8fe7a32c6ae732/timeouts HTTP/1.1
User-Agent: selenium/4.1.4 (java windows)
Content-Length: 22
Content-Type: application/json; charset=utf-8
host: localhost:53978
accept: */*

Response DefaultHttpResponse(decodeResult: success, version: HTTP/1.1)
HTTP/1.1 200 OK
Content-Type: application/json; charset=utf-8
cache-control: no-cache
content-length: 14

18:25:52.829 [AsyncHttpClient-1-3] DEBUG org.asynchttpclient.netty.channel.ChannelManager - Adding key: http://localhost:53978 for channel [id: 0xb9dd6197, L:/127.0.0.1:49652 - R:localhost/127.0.0.1:53978]
18:25:52.832 [Forwarding getCurrentUrl on session ad420ef1fbb07ba80c8fe7a32c6ae732 to remote] DEBUG org.asynchttpclient.netty.request.NettyRequestSender - Using pooled Channel '[id: 0xb9dd6197, L:/127.0.0.1:49652 - R:localhost/127.0.0.1:53978]' for 'GET' to 'http://localhost:53978/session/ad420ef1fbb07ba80c8fe7a32c6ae732/url'
18:25:52.832 [Forwarding getCurrentUrl on session ad420ef1fbb07ba80c8fe7a32c6ae732 to remote] DEBUG org.asynchttpclient.netty.request.NettyRequestSender - Using open Channel [id: 0xb9dd6197, L:/127.0.0.1:49652 - R:localhost/127.0.0.1:53978] for GET '/session/ad420ef1fbb07ba80c8fe7a32c6ae732/url'
18:25:52.838 [AsyncHttpClient-1-3] DEBUG org.asynchttpclient.netty.handler.HttpHandler - 

Request DefaultFullHttpRequest(decodeResult: success, version: HTTP/1.1, content: EmptyByteBufBE)
GET /session/ad420ef1fbb07ba80c8fe7a32c6ae732/url HTTP/1.1
User-Agent: selenium/4.1.4 (java windows)
Cache-Control: no-cache
Content-Type: application/json; charset=utf-8
host: localhost:53978
accept: */*

Response DefaultHttpResponse(decodeResult: success, version: HTTP/1.1)
HTTP/1.1 200 OK
Content-Type: application/json; charset=utf-8
cache-control: no-cache
content-length: 60

18:25:52.838 [AsyncHttpClient-1-3] DEBUG org.asynchttpclient.netty.channel.ChannelManager - Adding key: http://localhost:53978 for channel [id: 0xb9dd6197, L:/127.0.0.1:49652 - R:localhost/127.0.0.1:53978]
18:25:52.854 [Forwarding screenshot on session ad420ef1fbb07ba80c8fe7a32c6ae732 to remote] DEBUG org.asynchttpclient.netty.request.NettyRequestSender - Using pooled Channel '[id: 0xb9dd6197, L:/127.0.0.1:49652 - R:localhost/127.0.0.1:53978]' for 'GET' to 'http://localhost:53978/session/ad420ef1fbb07ba80c8fe7a32c6ae732/screenshot'
18:25:52.854 [Forwarding screenshot on session ad420ef1fbb07ba80c8fe7a32c6ae732 to remote] DEBUG org.asynchttpclient.netty.request.NettyRequestSender - Using open Channel [id: 0xb9dd6197, L:/127.0.0.1:49652 - R:localhost/127.0.0.1:53978] for GET '/session/ad420ef1fbb07ba80c8fe7a32c6ae732/screenshot'
18:25:53.503 [AsyncHttpClient-1-3] DEBUG org.asynchttpclient.netty.handler.HttpHandler - 

Request DefaultFullHttpRequest(decodeResult: success, version: HTTP/1.1, content: EmptyByteBufBE)
GET /session/ad420ef1fbb07ba80c8fe7a32c6ae732/screenshot HTTP/1.1
User-Agent: selenium/4.1.4 (java windows)
Cache-Control: no-cache
Content-Type: application/json; charset=utf-8
host: localhost:53978
accept: */*

Response DefaultHttpResponse(decodeResult: success, version: HTTP/1.1)
HTTP/1.1 200 OK
Content-Type: application/json; charset=utf-8
cache-control: no-cache
content-length: 380436

18:25:53.503 [AsyncHttpClient-1-3] DEBUG org.asynchttpclient.netty.channel.ChannelManager - Adding key: http://localhost:53978 for channel [id: 0xb9dd6197, L:/127.0.0.1:49652 - R:localhost/127.0.0.1:53978]
18:25:53.518 [main] DEBUG net.serenitybdd.core.photography.Darkroom - Send negative for processing for target\site\serenity\d122c364c40ece9db0ad32cd97c3fcf63e95ba606118dda8d3e5a1d2b8235ce2.png
18:25:53.518 [main] DEBUG net.thucydides.core.steps.StepInterceptor - STEP DONE: openLogin
  &amp#27;[32mGiven &amp#27;[0m&amp#27;[32mOpen login page&amp#27;[0m                                                                  &amp#27;[90m# starter.stepdefinitios.LoginSteps.openLoginPage()&amp#27;[0m
18:25:53.849 [AsyncHttpClient-1-1] DEBUG org.asynchttpclient.netty.channel.DefaultChannelPool - Entry count for : http://localhost:49653 : 1
18:25:53.849 [AsyncHttpClient-1-1] DEBUG org.asynchttpclient.netty.channel.DefaultChannelPool - Entry count for : http://localhost:53978 : 1
18:25:54.050 [Forwarding findElement on session ad420ef1fbb07ba80c8fe7a32c6ae732 to remote] DEBUG org.asynchttpclient.netty.request.NettyRequestSender - Using pooled Channel '[id: 0xb9dd6197, L:/127.0.0.1:49652 - R:localhost/127.0.0.1:53978]' for 'POST' to 'http://localhost:53978/session/ad420ef1fbb07ba80c8fe7a32c6ae732/element'
18:25:54.050 [Forwarding findElement on session ad420ef1fbb07ba80c8fe7a32c6ae732 to remote] DEBUG org.asynchttpclient.netty.request.NettyRequestSender - Using open Channel [id: 0xb9dd6197, L:/127.0.0.1:49652 - R:localhost/127.0.0.1:53978] for POST '/session/ad420ef1fbb07ba80c8fe7a32c6ae732/element'
18:25:54.083 [AsyncHttpClient-1-3] DEBUG org.asynchttpclient.netty.handler.HttpHandler - 

Request DefaultHttpRequest(decodeResult: success, version: HTTP/1.1)
POST /session/ad420ef1fbb07ba80c8fe7a32c6ae732/element HTTP/1.1
User-Agent: selenium/4.1.4 (java windows)
Content-Length: 70
Content-Type: application/json; charset=utf-8
host: localhost:53978
accept: */*

Response DefaultHttpResponse(decodeResult: success, version: HTTP/1.1)
HTTP/1.1 200 OK
Content-Type: application/json; charset=utf-8
cache-control: no-cache
content-length: 88

18:25:54.084 [AsyncHttpClient-1-3] DEBUG org.asynchttpclient.netty.channel.ChannelManager - Adding key: http://localhost:53978 for channel [id: 0xb9dd6197, L:/127.0.0.1:49652 - R:localhost/127.0.0.1:53978]
18:25:54.089 [Forwarding sendKeysToElement on session ad420ef1fbb07ba80c8fe7a32c6ae732 to remote] DEBUG org.asynchttpclient.netty.request.NettyRequestSender - Using pooled Channel '[id: 0xb9dd6197, L:/127.0.0.1:49652 - R:localhost/127.0.0.1:53978]' for 'POST' to 'http://localhost:53978/session/ad420ef1fbb07ba80c8fe7a32c6ae732/element/0af71a1f-438d-4359-82ad-9230c63c7f64/value'
18:25:54.089 [Forwarding sendKeysToElement on session ad420ef1fbb07ba80c8fe7a32c6ae732 to remote] DEBUG org.asynchttpclient.netty.request.NettyRequestSender - Using open Channel [id: 0xb9dd6197, L:/127.0.0.1:49652 - R:localhost/127.0.0.1:53978] for POST '/session/ad420ef1fbb07ba80c8fe7a32c6ae732/element/0af71a1f-438d-4359-82ad-9230c63c7f64/value'
18:25:54.245 [AsyncHttpClient-1-3] DEBUG org.asynchttpclient.netty.handler.HttpHandler - 

Request DefaultHttpRequest(decodeResult: success, version: HTTP/1.1)
POST /session/ad420ef1fbb07ba80c8fe7a32c6ae732/element/0af71a1f-438d-4359-82ad-9230c63c7f64/value HTTP/1.1
User-Agent: selenium/4.1.4 (java windows)
Content-Length: 131
Content-Type: application/json; charset=utf-8
host: localhost:53978
accept: */*

Response DefaultHttpResponse(decodeResult: success, version: HTTP/1.1)
HTTP/1.1 200 OK
Content-Type: application/json; charset=utf-8
cache-control: no-cache
content-length: 14

18:25:54.245 [AsyncHttpClient-1-3] DEBUG org.asynchttpclient.netty.channel.ChannelManager - Adding key: http://localhost:53978 for channel [id: 0xb9dd6197, L:/127.0.0.1:49652 - R:localhost/127.0.0.1:53978]
  &amp#27;[32mAnd &amp#27;[0m&amp#27;[32mI input &amp#27;[0m&amp#27;[32m&amp#27;[1m"admin"&amp#27;[0m&amp#27;[32m login email valid&amp#27;[0m                                                  &amp#27;[90m# starter.stepdefinitios.LoginSteps.iInputLoginEmailValid(java.lang.String)&amp#27;[0m
18:25:54.255 [Forwarding screenshot on session ad420ef1fbb07ba80c8fe7a32c6ae732 to remote] DEBUG org.asynchttpclient.netty.request.NettyRequestSender - Using pooled Channel '[id: 0xb9dd6197, L:/127.0.0.1:49652 - R:localhost/127.0.0.1:53978]' for 'GET' to 'http://localhost:53978/session/ad420ef1fbb07ba80c8fe7a32c6ae732/screenshot'
18:25:54.256 [Forwarding screenshot on session ad420ef1fbb07ba80c8fe7a32c6ae732 to remote] DEBUG org.asynchttpclient.netty.request.NettyRequestSender - Using open Channel [id: 0xb9dd6197, L:/127.0.0.1:49652 - R:localhost/127.0.0.1:53978] for GET '/session/ad420ef1fbb07ba80c8fe7a32c6ae732/screenshot'
18:25:54.560 [AsyncHttpClient-1-3] DEBUG org.asynchttpclient.netty.handler.HttpHandler - 

Request DefaultFullHttpRequest(decodeResult: success, version: HTTP/1.1, content: EmptyByteBufBE)
GET /session/ad420ef1fbb07ba80c8fe7a32c6ae732/screenshot HTTP/1.1
User-Agent: selenium/4.1.4 (java windows)
Cache-Control: no-cache
Content-Type: application/json; charset=utf-8
host: localhost:53978
accept: */*

Response DefaultHttpResponse(decodeResult: success, version: HTTP/1.1)
HTTP/1.1 200 OK
Content-Type: application/json; charset=utf-8
cache-control: no-cache
content-length: 379420

18:25:54.560 [AsyncHttpClient-1-3] DEBUG org.asynchttpclient.netty.channel.ChannelManager - Adding key: http://localhost:53978 for channel [id: 0xb9dd6197, L:/127.0.0.1:49652 - R:localhost/127.0.0.1:53978]
18:25:54.579 [main] DEBUG net.serenitybdd.core.photography.Darkroom - Send negative for processing for target\site\serenity\93df20195d3751dea78ac30a105f84d37c410e0341f58ded6fb231b5b47402e6.png
18:25:54.942 [AsyncHttpClient-1-1] DEBUG org.asynchttpclient.netty.channel.DefaultChannelPool - Entry count for : http://localhost:49653 : 1
18:25:54.942 [AsyncHttpClient-1-1] DEBUG org.asynchttpclient.netty.channel.DefaultChannelPool - Entry count for : http://localhost:53978 : 1
18:25:55.118 [Forwarding screenshot on session ad420ef1fbb07ba80c8fe7a32c6ae732 to remote] DEBUG org.asynchttpclient.netty.request.NettyRequestSender - Using pooled Channel '[id: 0xb9dd6197, L:/127.0.0.1:49652 - R:localhost/127.0.0.1:53978]' for 'GET' to 'http://localhost:53978/session/ad420ef1fbb07ba80c8fe7a32c6ae732/screenshot'
18:25:55.118 [Forwarding screenshot on session ad420ef1fbb07ba80c8fe7a32c6ae732 to remote] DEBUG org.asynchttpclient.netty.request.NettyRequestSender - Using open Channel [id: 0xb9dd6197, L:/127.0.0.1:49652 - R:localhost/127.0.0.1:53978] for GET '/session/ad420ef1fbb07ba80c8fe7a32c6ae732/screenshot'
18:25:55.493 [AsyncHttpClient-1-3] DEBUG org.asynchttpclient.netty.handler.HttpHandler - 

Request DefaultFullHttpRequest(decodeResult: success, version: HTTP/1.1, content: EmptyByteBufBE)
GET /session/ad420ef1fbb07ba80c8fe7a32c6ae732/screenshot HTTP/1.1
User-Agent: selenium/4.1.4 (java windows)
Cache-Control: no-cache
Content-Type: application/json; charset=utf-8
host: localhost:53978
accept: */*

Response DefaultHttpResponse(decodeResult: success, version: HTTP/1.1)
HTTP/1.1 200 OK
Content-Type: application/json; charset=utf-8
cache-control: no-cache
content-length: 379404

18:25:55.495 [AsyncHttpClient-1-3] DEBUG org.asynchttpclient.netty.channel.ChannelManager - Adding key: http://localhost:53978 for channel [id: 0xb9dd6197, L:/127.0.0.1:49652 - R:localhost/127.0.0.1:53978]
18:25:55.512 [main] DEBUG net.serenitybdd.core.photography.Darkroom - Send negative for processing for target\site\serenity\f684e1524ced0278b0b6c6b37709a7cbfb8281aeb576b04a4743fda17448b798.png
18:25:55.512 [main] DEBUG net.thucydides.core.steps.StepInterceptor - STARTING STEP: LoginSteps.iInputLoginPasswordValid - inputPasswordLogin
18:25:55.524 [Forwarding findElement on session ad420ef1fbb07ba80c8fe7a32c6ae732 to remote] DEBUG org.asynchttpclient.netty.request.NettyRequestSender - Using pooled Channel '[id: 0xb9dd6197, L:/127.0.0.1:49652 - R:localhost/127.0.0.1:53978]' for 'POST' to 'http://localhost:53978/session/ad420ef1fbb07ba80c8fe7a32c6ae732/element'
18:25:55.524 [Forwarding findElement on session ad420ef1fbb07ba80c8fe7a32c6ae732 to remote] DEBUG org.asynchttpclient.netty.request.NettyRequestSender - Using open Channel [id: 0xb9dd6197, L:/127.0.0.1:49652 - R:localhost/127.0.0.1:53978] for POST '/session/ad420ef1fbb07ba80c8fe7a32c6ae732/element'
18:25:55.554 [AsyncHttpClient-1-3] DEBUG org.asynchttpclient.netty.handler.HttpHandler - 

Request DefaultHttpRequest(decodeResult: success, version: HTTP/1.1)
POST /session/ad420ef1fbb07ba80c8fe7a32c6ae732/element HTTP/1.1
User-Agent: selenium/4.1.4 (java windows)
Content-Length: 70
Content-Type: application/json; charset=utf-8
host: localhost:53978
accept: */*

Response DefaultHttpResponse(decodeResult: success, version: HTTP/1.1)
HTTP/1.1 200 OK
Content-Type: application/json; charset=utf-8
cache-control: no-cache
content-length: 88

18:25:55.554 [AsyncHttpClient-1-3] DEBUG org.asynchttpclient.netty.channel.ChannelManager - Adding key: http://localhost:53978 for channel [id: 0xb9dd6197, L:/127.0.0.1:49652 - R:localhost/127.0.0.1:53978]
18:25:55.556 [Forwarding sendKeysToElement on session ad420ef1fbb07ba80c8fe7a32c6ae732 to remote] DEBUG org.asynchttpclient.netty.request.NettyRequestSender - Using pooled Channel '[id: 0xb9dd6197, L:/127.0.0.1:49652 - R:localhost/127.0.0.1:53978]' for 'POST' to 'http://localhost:53978/session/ad420ef1fbb07ba80c8fe7a32c6ae732/element/e07dd0e2-5724-4f25-a115-7609bdd1bad8/value'
18:25:55.556 [Forwarding sendKeysToElement on session ad420ef1fbb07ba80c8fe7a32c6ae732 to remote] DEBUG org.asynchttpclient.netty.request.NettyRequestSender - Using open Channel [id: 0xb9dd6197, L:/127.0.0.1:49652 - R:localhost/127.0.0.1:53978] for POST '/session/ad420ef1fbb07ba80c8fe7a32c6ae732/element/e07dd0e2-5724-4f25-a115-7609bdd1bad8/value'
18:25:55.663 [AsyncHttpClient-1-3] DEBUG org.asynchttpclient.netty.handler.HttpHandler - 

Request DefaultHttpRequest(decodeResult: success, version: HTTP/1.1)
POST /session/ad420ef1fbb07ba80c8fe7a32c6ae732/element/e07dd0e2-5724-4f25-a115-7609bdd1bad8/value HTTP/1.1
User-Agent: selenium/4.1.4 (java windows)
Content-Length: 161
Content-Type: application/json; charset=utf-8
host: localhost:53978
accept: */*

Response DefaultHttpResponse(decodeResult: success, version: HTTP/1.1)
HTTP/1.1 200 OK
Content-Type: application/json; charset=utf-8
cache-control: no-cache
content-length: 14

18:25:55.663 [AsyncHttpClient-1-3] DEBUG org.asynchttpclient.netty.channel.ChannelManager - Adding key: http://localhost:53978 for channel [id: 0xb9dd6197, L:/127.0.0.1:49652 - R:localhost/127.0.0.1:53978]
18:25:55.671 [Forwarding screenshot on session ad420ef1fbb07ba80c8fe7a32c6ae732 to remote] DEBUG org.asynchttpclient.netty.request.NettyRequestSender - Using pooled Channel '[id: 0xb9dd6197, L:/127.0.0.1:49652 - R:localhost/127.0.0.1:53978]' for 'GET' to 'http://localhost:53978/session/ad420ef1fbb07ba80c8fe7a32c6ae732/screenshot'
18:25:55.671 [Forwarding screenshot on session ad420ef1fbb07ba80c8fe7a32c6ae732 to remote] DEBUG org.asynchttpclient.netty.request.NettyRequestSender - Using open Channel [id: 0xb9dd6197, L:/127.0.0.1:49652 - R:localhost/127.0.0.1:53978] for GET '/session/ad420ef1fbb07ba80c8fe7a32c6ae732/screenshot'
18:25:55.933 [AsyncHttpClient-1-3] DEBUG org.asynchttpclient.netty.handler.HttpHandler - 

Request DefaultFullHttpRequest(decodeResult: success, version: HTTP/1.1, content: EmptyByteBufBE)
GET /session/ad420ef1fbb07ba80c8fe7a32c6ae732/screenshot HTTP/1.1
User-Agent: selenium/4.1.4 (java windows)
Cache-Control: no-cache
Content-Type: application/json; charset=utf-8
host: localhost:53978
accept: */*

Response DefaultHttpResponse(decodeResult: success, version: HTTP/1.1)
HTTP/1.1 200 OK
Content-Type: application/json; charset=utf-8
cache-control: no-cache
content-length: 377580

18:25:55.934 [AsyncHttpClient-1-3] DEBUG org.asynchttpclient.netty.channel.ChannelManager - Adding key: http://localhost:53978 for channel [id: 0xb9dd6197, L:/127.0.0.1:49652 - R:localhost/127.0.0.1:53978]
18:25:55.954 [main] DEBUG net.serenitybdd.core.photography.Darkroom - Send negative for processing for target\site\serenity\44fa0aa493cf3a3837a7fab79c30bded8f584eda85d2cfd055a7ef5b4e3f0a4a.png
18:25:55.954 [main] DEBUG net.thucydides.core.steps.StepInterceptor - STEP DONE: inputPasswordLogin
  &amp#27;[32mAnd &amp#27;[0m&amp#27;[32mI input &amp#27;[0m&amp#27;[32m&amp#27;[1m"admin123"&amp#27;[0m&amp#27;[32m login password valid&amp#27;[0m                                            &amp#27;[90m# starter.stepdefinitios.LoginSteps.iInputLoginPasswordValid(java.lang.String)&amp#27;[0m
18:25:55.978 [main] DEBUG net.thucydides.core.steps.StepInterceptor - STARTING STEP: LoginSteps.iClickButtonLogin - clickButtonLogin
18:25:55.981 [Forwarding findElement on session ad420ef1fbb07ba80c8fe7a32c6ae732 to remote] DEBUG org.asynchttpclient.netty.request.NettyRequestSender - Using pooled Channel '[id: 0xb9dd6197, L:/127.0.0.1:49652 - R:localhost/127.0.0.1:53978]' for 'POST' to 'http://localhost:53978/session/ad420ef1fbb07ba80c8fe7a32c6ae732/element'
18:25:55.981 [Forwarding findElement on session ad420ef1fbb07ba80c8fe7a32c6ae732 to remote] DEBUG org.asynchttpclient.netty.request.NettyRequestSender - Using open Channel [id: 0xb9dd6197, L:/127.0.0.1:49652 - R:localhost/127.0.0.1:53978] for POST '/session/ad420ef1fbb07ba80c8fe7a32c6ae732/element'
18:25:55.998 [AsyncHttpClient-1-3] DEBUG org.asynchttpclient.netty.handler.HttpHandler - 

Request DefaultHttpRequest(decodeResult: success, version: HTTP/1.1)
POST /session/ad420ef1fbb07ba80c8fe7a32c6ae732/element HTTP/1.1
User-Agent: selenium/4.1.4 (java windows)
Content-Length: 68
Content-Type: application/json; charset=utf-8
host: localhost:53978
accept: */*

Response DefaultHttpResponse(decodeResult: success, version: HTTP/1.1)
HTTP/1.1 200 OK
Content-Type: application/json; charset=utf-8
cache-control: no-cache
content-length: 88

18:25:55.998 [AsyncHttpClient-1-3] DEBUG org.asynchttpclient.netty.channel.ChannelManager - Adding key: http://localhost:53978 for channel [id: 0xb9dd6197, L:/127.0.0.1:49652 - R:localhost/127.0.0.1:53978]
18:25:56.000 [Forwarding getElementTagName on session ad420ef1fbb07ba80c8fe7a32c6ae732 to remote] DEBUG org.asynchttpclient.netty.request.NettyRequestSender - Using pooled Channel '[id: 0xb9dd6197, L:/127.0.0.1:49652 - R:localhost/127.0.0.1:53978]' for 'GET' to 'http://localhost:53978/session/ad420ef1fbb07ba80c8fe7a32c6ae732/element/63ea9d35-386e-425e-bfb7-7a8efd4b6b0e/name'
18:25:56.000 [Forwarding getElementTagName on session ad420ef1fbb07ba80c8fe7a32c6ae732 to remote] DEBUG org.asynchttpclient.netty.request.NettyRequestSender - Using open Channel [id: 0xb9dd6197, L:/127.0.0.1:49652 - R:localhost/127.0.0.1:53978] for GET '/session/ad420ef1fbb07ba80c8fe7a32c6ae732/element/63ea9d35-386e-425e-bfb7-7a8efd4b6b0e/name'
18:25:56.006 [AsyncHttpClient-1-3] DEBUG org.asynchttpclient.netty.handler.HttpHandler - 

Request DefaultFullHttpRequest(decodeResult: success, version: HTTP/1.1, content: EmptyByteBufBE)
GET /session/ad420ef1fbb07ba80c8fe7a32c6ae732/element/63ea9d35-386e-425e-bfb7-7a8efd4b6b0e/name HTTP/1.1
User-Agent: selenium/4.1.4 (java windows)
Cache-Control: no-cache
Content-Type: application/json; charset=utf-8
host: localhost:53978
accept: */*

Response DefaultHttpResponse(decodeResult: success, version: HTTP/1.1)
HTTP/1.1 200 OK
Content-Type: application/json; charset=utf-8
cache-control: no-cache
content-length: 18

18:25:56.006 [AsyncHttpClient-1-3] DEBUG org.asynchttpclient.netty.channel.ChannelManager - Adding key: http://localhost:53978 for channel [id: 0xb9dd6197, L:/127.0.0.1:49652 - R:localhost/127.0.0.1:53978]
18:25:56.006 [Forwarding getElementTagName on session ad420ef1fbb07ba80c8fe7a32c6ae732 to remote] DEBUG org.asynchttpclient.netty.request.NettyRequestSender - Using pooled Channel '[id: 0xb9dd6197, L:/127.0.0.1:49652 - R:localhost/127.0.0.1:53978]' for 'GET' to 'http://localhost:53978/session/ad420ef1fbb07ba80c8fe7a32c6ae732/element/63ea9d35-386e-425e-bfb7-7a8efd4b6b0e/name'
18:25:56.006 [Forwarding getElementTagName on session ad420ef1fbb07ba80c8fe7a32c6ae732 to remote] DEBUG org.asynchttpclient.netty.request.NettyRequestSender - Using open Channel [id: 0xb9dd6197, L:/127.0.0.1:49652 - R:localhost/127.0.0.1:53978] for GET '/session/ad420ef1fbb07ba80c8fe7a32c6ae732/element/63ea9d35-386e-425e-bfb7-7a8efd4b6b0e/name'
18:25:56.012 [AsyncHttpClient-1-3] DEBUG org.asynchttpclient.netty.handler.HttpHandler - 

Request DefaultFullHttpRequest(decodeResult: success, version: HTTP/1.1, content: EmptyByteBufBE)
GET /session/ad420ef1fbb07ba80c8fe7a32c6ae732/element/63ea9d35-386e-425e-bfb7-7a8efd4b6b0e/name HTTP/1.1
User-Agent: selenium/4.1.4 (java windows)
Cache-Control: no-cache
Content-Type: application/json; charset=utf-8
host: localhost:53978
accept: */*

Response DefaultHttpResponse(decodeResult: success, version: HTTP/1.1)
HTTP/1.1 200 OK
Content-Type: application/json; charset=utf-8
cache-control: no-cache
content-length: 18

18:25:56.012 [AsyncHttpClient-1-3] DEBUG org.asynchttpclient.netty.channel.ChannelManager - Adding key: http://localhost:53978 for channel [id: 0xb9dd6197, L:/127.0.0.1:49652 - R:localhost/127.0.0.1:53978]
18:25:56.014 [Forwarding isElementEnabled on session ad420ef1fbb07ba80c8fe7a32c6ae732 to remote] DEBUG org.asynchttpclient.netty.request.NettyRequestSender - Using pooled Channel '[id: 0xb9dd6197, L:/127.0.0.1:49652 - R:localhost/127.0.0.1:53978]' for 'GET' to 'http://localhost:53978/session/ad420ef1fbb07ba80c8fe7a32c6ae732/element/63ea9d35-386e-425e-bfb7-7a8efd4b6b0e/enabled'
18:25:56.014 [Forwarding isElementEnabled on session ad420ef1fbb07ba80c8fe7a32c6ae732 to remote] DEBUG org.asynchttpclient.netty.request.NettyRequestSender - Using open Channel [id: 0xb9dd6197, L:/127.0.0.1:49652 - R:localhost/127.0.0.1:53978] for GET '/session/ad420ef1fbb07ba80c8fe7a32c6ae732/element/63ea9d35-386e-425e-bfb7-7a8efd4b6b0e/enabled'
18:25:56.035 [AsyncHttpClient-1-3] DEBUG org.asynchttpclient.netty.handler.HttpHandler - 

Request DefaultFullHttpRequest(decodeResult: success, version: HTTP/1.1, content: EmptyByteBufBE)
GET /session/ad420ef1fbb07ba80c8fe7a32c6ae732/element/63ea9d35-386e-425e-bfb7-7a8efd4b6b0e/enabled HTTP/1.1
User-Agent: selenium/4.1.4 (java windows)
Cache-Control: no-cache
Content-Type: application/json; charset=utf-8
host: localhost:53978
accept: */*

Response DefaultHttpResponse(decodeResult: success, version: HTTP/1.1)
HTTP/1.1 200 OK
Content-Type: application/json; charset=utf-8
cache-control: no-cache
content-length: 14

18:25:56.035 [AsyncHttpClient-1-3] DEBUG org.asynchttpclient.netty.channel.ChannelManager - Adding key: http://localhost:53978 for channel [id: 0xb9dd6197, L:/127.0.0.1:49652 - R:localhost/127.0.0.1:53978]
18:25:56.037 [Forwarding isElementEnabled on session ad420ef1fbb07ba80c8fe7a32c6ae732 to remote] DEBUG org.asynchttpclient.netty.request.NettyRequestSender - Using pooled Channel '[id: 0xb9dd6197, L:/127.0.0.1:49652 - R:localhost/127.0.0.1:53978]' for 'GET' to 'http://localhost:53978/session/ad420ef1fbb07ba80c8fe7a32c6ae732/element/63ea9d35-386e-425e-bfb7-7a8efd4b6b0e/enabled'
18:25:56.038 [Forwarding isElementEnabled on session ad420ef1fbb07ba80c8fe7a32c6ae732 to remote] DEBUG org.asynchttpclient.netty.request.NettyRequestSender - Using open Channel [id: 0xb9dd6197, L:/127.0.0.1:49652 - R:localhost/127.0.0.1:53978] for GET '/session/ad420ef1fbb07ba80c8fe7a32c6ae732/element/63ea9d35-386e-425e-bfb7-7a8efd4b6b0e/enabled'
18:25:56.050 [AsyncHttpClient-1-3] DEBUG org.asynchttpclient.netty.handler.HttpHandler - 

Request DefaultFullHttpRequest(decodeResult: success, version: HTTP/1.1, content: EmptyByteBufBE)
GET /session/ad420ef1fbb07ba80c8fe7a32c6ae732/element/63ea9d35-386e-425e-bfb7-7a8efd4b6b0e/enabled HTTP/1.1
User-Agent: selenium/4.1.4 (java windows)
Cache-Control: no-cache
Content-Type: application/json; charset=utf-8
host: localhost:53978
accept: */*

Response DefaultHttpResponse(decodeResult: success, version: HTTP/1.1)
HTTP/1.1 200 OK
Content-Type: application/json; charset=utf-8
cache-control: no-cache
content-length: 14

18:25:56.050 [AsyncHttpClient-1-3] DEBUG org.asynchttpclient.netty.channel.ChannelManager - Adding key: http://localhost:53978 for channel [id: 0xb9dd6197, L:/127.0.0.1:49652 - R:localhost/127.0.0.1:53978]
18:25:56.053 [Forwarding findElement on session ad420ef1fbb07ba80c8fe7a32c6ae732 to remote] DEBUG org.asynchttpclient.netty.request.NettyRequestSender - Using pooled Channel '[id: 0xb9dd6197, L:/127.0.0.1:49652 - R:localhost/127.0.0.1:53978]' for 'POST' to 'http://localhost:53978/session/ad420ef1fbb07ba80c8fe7a32c6ae732/element'
18:25:56.053 [Forwarding findElement on session ad420ef1fbb07ba80c8fe7a32c6ae732 to remote] DEBUG org.asynchttpclient.netty.request.NettyRequestSender - Using open Channel [id: 0xb9dd6197, L:/127.0.0.1:49652 - R:localhost/127.0.0.1:53978] for POST '/session/ad420ef1fbb07ba80c8fe7a32c6ae732/element'
18:25:56.059 [AsyncHttpClient-1-1] DEBUG org.asynchttpclient.netty.channel.DefaultChannelPool - Entry count for : http://localhost:49653 : 1
18:25:56.073 [AsyncHttpClient-1-3] DEBUG org.asynchttpclient.netty.handler.HttpHandler - 

Request DefaultHttpRequest(decodeResult: success, version: HTTP/1.1)
POST /session/ad420ef1fbb07ba80c8fe7a32c6ae732/element HTTP/1.1
User-Agent: selenium/4.1.4 (java windows)
Content-Length: 68
Content-Type: application/json; charset=utf-8
host: localhost:53978
accept: */*

Response DefaultHttpResponse(decodeResult: success, version: HTTP/1.1)
HTTP/1.1 200 OK
Content-Type: application/json; charset=utf-8
cache-control: no-cache
content-length: 88

18:25:56.073 [AsyncHttpClient-1-3] DEBUG org.asynchttpclient.netty.channel.ChannelManager - Adding key: http://localhost:53978 for channel [id: 0xb9dd6197, L:/127.0.0.1:49652 - R:localhost/127.0.0.1:53978]
18:25:56.075 [Forwarding clickElement on session ad420ef1fbb07ba80c8fe7a32c6ae732 to remote] DEBUG org.asynchttpclient.netty.request.NettyRequestSender - Using pooled Channel '[id: 0xb9dd6197, L:/127.0.0.1:49652 - R:localhost/127.0.0.1:53978]' for 'POST' to 'http://localhost:53978/session/ad420ef1fbb07ba80c8fe7a32c6ae732/element/63ea9d35-386e-425e-bfb7-7a8efd4b6b0e/click'
18:25:56.075 [Forwarding clickElement on session ad420ef1fbb07ba80c8fe7a32c6ae732 to remote] DEBUG org.asynchttpclient.netty.request.NettyRequestSender - Using open Channel [id: 0xb9dd6197, L:/127.0.0.1:49652 - R:localhost/127.0.0.1:53978] for POST '/session/ad420ef1fbb07ba80c8fe7a32c6ae732/element/63ea9d35-386e-425e-bfb7-7a8efd4b6b0e/click'
18:25:56.172 [AsyncHttpClient-1-3] DEBUG org.asynchttpclient.netty.handler.HttpHandler - 

Request DefaultHttpRequest(decodeResult: success, version: HTTP/1.1)
POST /session/ad420ef1fbb07ba80c8fe7a32c6ae732/element/63ea9d35-386e-425e-bfb7-7a8efd4b6b0e/click HTTP/1.1
User-Agent: selenium/4.1.4 (java windows)
Content-Length: 50
Content-Type: application/json; charset=utf-8
host: localhost:53978
accept: */*

Response DefaultHttpResponse(decodeResult: success, version: HTTP/1.1)
HTTP/1.1 200 OK
Content-Type: application/json; charset=utf-8
cache-control: no-cache
content-length: 14

18:25:56.173 [AsyncHttpClient-1-3] DEBUG org.asynchttpclient.netty.channel.ChannelManager - Adding key: http://localhost:53978 for channel [id: 0xb9dd6197, L:/127.0.0.1:49652 - R:localhost/127.0.0.1:53978]
18:25:56.178 [Forwarding screenshot on session ad420ef1fbb07ba80c8fe7a32c6ae732 to remote] DEBUG org.asynchttpclient.netty.request.NettyRequestSender - Using pooled Channel '[id: 0xb9dd6197, L:/127.0.0.1:49652 - R:localhost/127.0.0.1:53978]' for 'GET' to 'http://localhost:53978/session/ad420ef1fbb07ba80c8fe7a32c6ae732/screenshot'
18:25:56.178 [Forwarding screenshot on session ad420ef1fbb07ba80c8fe7a32c6ae732 to remote] DEBUG org.asynchttpclient.netty.request.NettyRequestSender - Using open Channel [id: 0xb9dd6197, L:/127.0.0.1:49652 - R:localhost/127.0.0.1:53978] for GET '/session/ad420ef1fbb07ba80c8fe7a32c6ae732/screenshot'
18:25:56.537 [AsyncHttpClient-1-3] DEBUG org.asynchttpclient.netty.handler.HttpHandler - 

Request DefaultFullHttpRequest(decodeResult: success, version: HTTP/1.1, content: EmptyByteBufBE)
GET /session/ad420ef1fbb07ba80c8fe7a32c6ae732/screenshot HTTP/1.1
User-Agent: selenium/4.1.4 (java windows)
Cache-Control: no-cache
Content-Type: application/json; charset=utf-8
host: localhost:53978
accept: */*

Response DefaultHttpResponse(decodeResult: success, version: HTTP/1.1)
HTTP/1.1 200 OK
Content-Type: application/json; charset=utf-8
cache-control: no-cache
content-length: 360768

18:25:56.539 [AsyncHttpClient-1-3] DEBUG org.asynchttpclient.netty.channel.ChannelManager - Adding key: http://localhost:53978 for channel [id: 0xb9dd6197, L:/127.0.0.1:49652 - R:localhost/127.0.0.1:53978]
18:25:56.548 [main] DEBUG net.serenitybdd.core.photography.Darkroom - Send negative for processing for target\site\serenity\746c6cb4d197706f854136dbd6fd0366ed23e2a9cdaf48d7ab3b35eb00c1a7c9.png
18:25:56.548 [main] DEBUG net.thucydides.core.steps.StepInterceptor - STEP DONE: clickButtonLogin
18:25:56.548 [Darkroom Processing Line] DEBUG net.serenitybdd.core.photography.DarkroomProcessingLine - Processing screenshot image in /var/screenshots/screenshot-8170589864931172101
18:25:56.548 [Darkroom Processing Line] DEBUG net.serenitybdd.core.photography.DarkroomProcessingLine - Saving screenshot to target\site\serenity\746c6cb4d197706f854136dbd6fd0366ed23e2a9cdaf48d7ab3b35eb00c1a7c9.png
18:25:57.138 [AsyncHttpClient-1-1] DEBUG org.asynchttpclient.netty.channel.DefaultChannelPool - Entry count for : http://localhost:49653 : 1
18:25:57.138 [AsyncHttpClient-1-1] DEBUG org.asynchttpclient.netty.channel.DefaultChannelPool - Entry count for : http://localhost:53978 : 1
  &amp#27;[32mAnd &amp#27;[0m&amp#27;[32mI click button login&amp#27;[0m                                                               &amp#27;[90m# starter.stepdefinitios.LoginSteps.iClickButtonLogin()&amp#27;[0m
18:25:57.557 [Forwarding screenshot on session ad420ef1fbb07ba80c8fe7a32c6ae732 to remote] DEBUG org.asynchttpclient.netty.request.NettyRequestSender - Using pooled Channel '[id: 0xb9dd6197, L:/127.0.0.1:49652 - R:localhost/127.0.0.1:53978]' for 'GET' to 'http://localhost:53978/session/ad420ef1fbb07ba80c8fe7a32c6ae732/screenshot'
18:25:57.557 [Forwarding screenshot on session ad420ef1fbb07ba80c8fe7a32c6ae732 to remote] DEBUG org.asynchttpclient.netty.request.NettyRequestSender - Using open Channel [id: 0xb9dd6197, L:/127.0.0.1:49652 - R:localhost/127.0.0.1:53978] for GET '/session/ad420ef1fbb07ba80c8fe7a32c6ae732/screenshot'
18:25:57.867 [AsyncHttpClient-1-3] DEBUG org.asynchttpclient.netty.handler.HttpHandler - 

Request DefaultFullHttpRequest(decodeResult: success, version: HTTP/1.1, content: EmptyByteBufBE)
GET /session/ad420ef1fbb07ba80c8fe7a32c6ae732/screenshot HTTP/1.1
User-Agent: selenium/4.1.4 (java windows)
Cache-Control: no-cache
Content-Type: application/json; charset=utf-8
host: localhost:53978
accept: */*

Response DefaultHttpResponse(decodeResult: success, version: HTTP/1.1)
HTTP/1.1 200 OK
Content-Type: application/json; charset=utf-8
cache-control: no-cache
content-length: 313188

18:25:57.867 [AsyncHttpClient-1-3] DEBUG org.asynchttpclient.netty.channel.ChannelManager - Adding key: http://localhost:53978 for channel [id: 0xb9dd6197, L:/127.0.0.1:49652 - R:localhost/127.0.0.1:53978]
18:25:57.872 [main] DEBUG net.serenitybdd.core.photography.Darkroom - Send negative for processing for target\site\serenity\6c1f3e82a5ffb068b51072126a50adfacb5664188861ad7765d74a6166ca5400.png
18:25:57.872 [Darkroom Processing Line] DEBUG net.serenitybdd.core.photography.DarkroomProcessingLine - Processing screenshot image in /var/screenshots/screenshot-12140228653214413298
18:25:57.872 [Darkroom Processing Line] DEBUG net.serenitybdd.core.photography.DarkroomProcessingLine - Saving screenshot to target\site\serenity\6c1f3e82a5ffb068b51072126a50adfacb5664188861ad7765d74a6166ca5400.png
18:25:58.237 [AsyncHttpClient-1-1] DEBUG org.asynchttpclient.netty.channel.DefaultChannelPool - Entry count for : http://localhost:49653 : 1
18:25:58.237 [AsyncHttpClient-1-1] DEBUG org.asynchttpclient.netty.channel.DefaultChannelPool - Entry count for : http://localhost:53978 : 1
18:25:59.336 [AsyncHttpClient-1-1] DEBUG org.asynchttpclient.netty.channel.DefaultChannelPool - Entry count for : http://localhost:49653 : 1
18:25:59.336 [AsyncHttpClient-1-1] DEBUG org.asynchttpclient.netty.channel.DefaultChannelPool - Entry count for : http://localhost:53978 : 1
18:26:00.452 [AsyncHttpClient-1-1] DEBUG org.asynchttpclient.netty.channel.DefaultChannelPool - Entry count for : http://localhost:49653 : 1
18:26:00.452 [AsyncHttpClient-1-1] DEBUG org.asynchttpclient.netty.channel.DefaultChannelPool - Entry count for : http://localhost:53978 : 1
18:26:01.546 [AsyncHttpClient-1-1] DEBUG org.asynchttpclient.netty.channel.DefaultChannelPool - Entry count for : http://localhost:49653 : 1
18:26:01.546 [AsyncHttpClient-1-1] DEBUG org.asynchttpclient.netty.channel.DefaultChannelPool - Entry count for : http://localhost:53978 : 1
18:26:02.636 [AsyncHttpClient-1-1] DEBUG org.asynchttpclient.netty.channel.DefaultChannelPool - Entry count for : http://localhost:49653 : 1
18:26:02.636 [AsyncHttpClient-1-1] DEBUG org.asynchttpclient.netty.channel.DefaultChannelPool - Entry count for : http://localhost:53978 : 1
18:26:02.890 [Forwarding findElement on session ad420ef1fbb07ba80c8fe7a32c6ae732 to remote] DEBUG org.asynchttpclient.netty.request.NettyRequestSender - Using pooled Channel '[id: 0xb9dd6197, L:/127.0.0.1:49652 - R:localhost/127.0.0.1:53978]' for 'POST' to 'http://localhost:53978/session/ad420ef1fbb07ba80c8fe7a32c6ae732/element'
18:26:02.890 [Forwarding findElement on session ad420ef1fbb07ba80c8fe7a32c6ae732 to remote] DEBUG org.asynchttpclient.netty.request.NettyRequestSender - Using open Channel [id: 0xb9dd6197, L:/127.0.0.1:49652 - R:localhost/127.0.0.1:53978] for POST '/session/ad420ef1fbb07ba80c8fe7a32c6ae732/element'
18:26:02.895 [AsyncHttpClient-1-3] DEBUG org.asynchttpclient.netty.handler.HttpHandler - 

Request DefaultHttpRequest(decodeResult: success, version: HTTP/1.1)
POST /session/ad420ef1fbb07ba80c8fe7a32c6ae732/element HTTP/1.1
User-Agent: selenium/4.1.4 (java windows)
Content-Length: 68
Content-Type: application/json; charset=utf-8
host: localhost:53978
accept: */*

Response DefaultHttpResponse(decodeResult: success, version: HTTP/1.1)
HTTP/1.1 200 OK
Content-Type: application/json; charset=utf-8
cache-control: no-cache
content-length: 88

18:26:02.895 [AsyncHttpClient-1-3] DEBUG org.asynchttpclient.netty.channel.ChannelManager - Adding key: http://localhost:53978 for channel [id: 0xb9dd6197, L:/127.0.0.1:49652 - R:localhost/127.0.0.1:53978]
18:26:02.895 [Forwarding isElementEnabled on session ad420ef1fbb07ba80c8fe7a32c6ae732 to remote] DEBUG org.asynchttpclient.netty.request.NettyRequestSender - Using pooled Channel '[id: 0xb9dd6197, L:/127.0.0.1:49652 - R:localhost/127.0.0.1:53978]' for 'GET' to 'http://localhost:53978/session/ad420ef1fbb07ba80c8fe7a32c6ae732/element/13635020-7213-4de5-9846-ed6d70b37a9d/enabled'
18:26:02.895 [Forwarding isElementEnabled on session ad420ef1fbb07ba80c8fe7a32c6ae732 to remote] DEBUG org.asynchttpclient.netty.request.NettyRequestSender - Using open Channel [id: 0xb9dd6197, L:/127.0.0.1:49652 - R:localhost/127.0.0.1:53978] for GET '/session/ad420ef1fbb07ba80c8fe7a32c6ae732/element/13635020-7213-4de5-9846-ed6d70b37a9d/enabled'
18:26:02.911 [AsyncHttpClient-1-3] DEBUG org.asynchttpclient.netty.handler.HttpHandler - 

Request DefaultFullHttpRequest(decodeResult: success, version: HTTP/1.1, content: EmptyByteBufBE)
GET /session/ad420ef1fbb07ba80c8fe7a32c6ae732/element/13635020-7213-4de5-9846-ed6d70b37a9d/enabled HTTP/1.1
User-Agent: selenium/4.1.4 (java windows)
Cache-Control: no-cache
Content-Type: application/json; charset=utf-8
host: localhost:53978
accept: */*

Response DefaultHttpResponse(decodeResult: success, version: HTTP/1.1)
HTTP/1.1 200 OK
Content-Type: application/json; charset=utf-8
cache-control: no-cache
content-length: 14

18:26:02.911 [AsyncHttpClient-1-3] DEBUG org.asynchttpclient.netty.channel.ChannelManager - Adding key: http://localhost:53978 for channel [id: 0xb9dd6197, L:/127.0.0.1:49652 - R:localhost/127.0.0.1:53978]
18:26:03.437 [Forwarding screenshot on session ad420ef1fbb07ba80c8fe7a32c6ae732 to remote] DEBUG org.asynchttpclient.netty.request.NettyRequestSender - Using pooled Channel '[id: 0xb9dd6197, L:/127.0.0.1:49652 - R:localhost/127.0.0.1:53978]' for 'GET' to 'http://localhost:53978/session/ad420ef1fbb07ba80c8fe7a32c6ae732/screenshot'
18:26:03.437 [Forwarding screenshot on session ad420ef1fbb07ba80c8fe7a32c6ae732 to remote] DEBUG org.asynchttpclient.netty.request.NettyRequestSender - Using open Channel [id: 0xb9dd6197, L:/127.0.0.1:49652 - R:localhost/127.0.0.1:53978] for GET '/session/ad420ef1fbb07ba80c8fe7a32c6ae732/screenshot'
18:26:03.736 [AsyncHttpClient-1-1] DEBUG org.asynchttpclient.netty.channel.DefaultChannelPool - Entry count for : http://localhost:49653 : 1
18:26:03.775 [AsyncHttpClient-1-3] DEBUG org.asynchttpclient.netty.handler.HttpHandler - 

Request DefaultFullHttpRequest(decodeResult: success, version: HTTP/1.1, content: EmptyByteBufBE)
GET /session/ad420ef1fbb07ba80c8fe7a32c6ae732/screenshot HTTP/1.1
User-Agent: selenium/4.1.4 (java windows)
Cache-Control: no-cache
Content-Type: application/json; charset=utf-8
host: localhost:53978
accept: */*

Response DefaultHttpResponse(decodeResult: success, version: HTTP/1.1)
HTTP/1.1 200 OK
Content-Type: application/json; charset=utf-8
cache-control: no-cache
content-length: 301044

18:26:03.775 [AsyncHttpClient-1-3] DEBUG org.asynchttpclient.netty.channel.ChannelManager - Adding key: http://localhost:53978 for channel [id: 0xb9dd6197, L:/127.0.0.1:49652 - R:localhost/127.0.0.1:53978]
18:26:03.790 [main] DEBUG net.serenitybdd.core.photography.Darkroom - Send negative for processing for target\site\serenity\163e386af0b12517552a74a3d5043b94e8c0f9215c0f21d464e3b04d27a0859d.png
18:26:03.790 [main] DEBUG net.thucydides.core.steps.StepInterceptor - STARTING STEP: LoginSteps.loginValidationInvalid - clickButtonErrorOK
18:26:03.797 [Forwarding findElement on session ad420ef1fbb07ba80c8fe7a32c6ae732 to remote] DEBUG org.asynchttpclient.netty.request.NettyRequestSender - Using pooled Channel '[id: 0xb9dd6197, L:/127.0.0.1:49652 - R:localhost/127.0.0.1:53978]' for 'POST' to 'http://localhost:53978/session/ad420ef1fbb07ba80c8fe7a32c6ae732/element'
18:26:03.797 [Forwarding findElement on session ad420ef1fbb07ba80c8fe7a32c6ae732 to remote] DEBUG org.asynchttpclient.netty.request.NettyRequestSender - Using open Channel [id: 0xb9dd6197, L:/127.0.0.1:49652 - R:localhost/127.0.0.1:53978] for POST '/session/ad420ef1fbb07ba80c8fe7a32c6ae732/element'
18:26:03.813 [AsyncHttpClient-1-3] DEBUG org.asynchttpclient.netty.handler.HttpHandler - 

Request DefaultHttpRequest(decodeResult: success, version: HTTP/1.1)
POST /session/ad420ef1fbb07ba80c8fe7a32c6ae732/element HTTP/1.1
User-Agent: selenium/4.1.4 (java windows)
Content-Length: 88
Content-Type: application/json; charset=utf-8
host: localhost:53978
accept: */*

Response DefaultHttpResponse(decodeResult: success, version: HTTP/1.1)
HTTP/1.1 200 OK
Content-Type: application/json; charset=utf-8
cache-control: no-cache
content-length: 88

18:26:03.813 [AsyncHttpClient-1-3] DEBUG org.asynchttpclient.netty.channel.ChannelManager - Adding key: http://localhost:53978 for channel [id: 0xb9dd6197, L:/127.0.0.1:49652 - R:localhost/127.0.0.1:53978]
18:26:03.813 [Forwarding getElementTagName on session ad420ef1fbb07ba80c8fe7a32c6ae732 to remote] DEBUG org.asynchttpclient.netty.request.NettyRequestSender - Using pooled Channel '[id: 0xb9dd6197, L:/127.0.0.1:49652 - R:localhost/127.0.0.1:53978]' for 'GET' to 'http://localhost:53978/session/ad420ef1fbb07ba80c8fe7a32c6ae732/element/3dd94e49-335c-459f-8043-09e240b00a70/name'
18:26:03.813 [Forwarding getElementTagName on session ad420ef1fbb07ba80c8fe7a32c6ae732 to remote] DEBUG org.asynchttpclient.netty.request.NettyRequestSender - Using open Channel [id: 0xb9dd6197, L:/127.0.0.1:49652 - R:localhost/127.0.0.1:53978] for GET '/session/ad420ef1fbb07ba80c8fe7a32c6ae732/element/3dd94e49-335c-459f-8043-09e240b00a70/name'
18:26:03.813 [AsyncHttpClient-1-3] DEBUG org.asynchttpclient.netty.handler.HttpHandler - 

Request DefaultFullHttpRequest(decodeResult: success, version: HTTP/1.1, content: EmptyByteBufBE)
GET /session/ad420ef1fbb07ba80c8fe7a32c6ae732/element/3dd94e49-335c-459f-8043-09e240b00a70/name HTTP/1.1
User-Agent: selenium/4.1.4 (java windows)
Cache-Control: no-cache
Content-Type: application/json; charset=utf-8
host: localhost:53978
accept: */*

Response DefaultHttpResponse(decodeResult: success, version: HTTP/1.1)
HTTP/1.1 200 OK
Content-Type: application/json; charset=utf-8
cache-control: no-cache
content-length: 18

18:26:03.813 [AsyncHttpClient-1-3] DEBUG org.asynchttpclient.netty.channel.ChannelManager - Adding key: http://localhost:53978 for channel [id: 0xb9dd6197, L:/127.0.0.1:49652 - R:localhost/127.0.0.1:53978]
18:26:03.813 [Forwarding getElementTagName on session ad420ef1fbb07ba80c8fe7a32c6ae732 to remote] DEBUG org.asynchttpclient.netty.request.NettyRequestSender - Using pooled Channel '[id: 0xb9dd6197, L:/127.0.0.1:49652 - R:localhost/127.0.0.1:53978]' for 'GET' to 'http://localhost:53978/session/ad420ef1fbb07ba80c8fe7a32c6ae732/element/3dd94e49-335c-459f-8043-09e240b00a70/name'
18:26:03.813 [Forwarding getElementTagName on session ad420ef1fbb07ba80c8fe7a32c6ae732 to remote] DEBUG org.asynchttpclient.netty.request.NettyRequestSender - Using open Channel [id: 0xb9dd6197, L:/127.0.0.1:49652 - R:localhost/127.0.0.1:53978] for GET '/session/ad420ef1fbb07ba80c8fe7a32c6ae732/element/3dd94e49-335c-459f-8043-09e240b00a70/name'
18:26:03.829 [AsyncHttpClient-1-3] DEBUG org.asynchttpclient.netty.handler.HttpHandler - 

Request DefaultFullHttpRequest(decodeResult: success, version: HTTP/1.1, content: EmptyByteBufBE)
GET /session/ad420ef1fbb07ba80c8fe7a32c6ae732/element/3dd94e49-335c-459f-8043-09e240b00a70/name HTTP/1.1
User-Agent: selenium/4.1.4 (java windows)
Cache-Control: no-cache
Content-Type: application/json; charset=utf-8
host: localhost:53978
accept: */*

Response DefaultHttpResponse(decodeResult: success, version: HTTP/1.1)
HTTP/1.1 200 OK
Content-Type: application/json; charset=utf-8
cache-control: no-cache
content-length: 18

18:26:03.829 [AsyncHttpClient-1-3] DEBUG org.asynchttpclient.netty.channel.ChannelManager - Adding key: http://localhost:53978 for channel [id: 0xb9dd6197, L:/127.0.0.1:49652 - R:localhost/127.0.0.1:53978]
18:26:03.829 [Forwarding isElementEnabled on session ad420ef1fbb07ba80c8fe7a32c6ae732 to remote] DEBUG org.asynchttpclient.netty.request.NettyRequestSender - Using pooled Channel '[id: 0xb9dd6197, L:/127.0.0.1:49652 - R:localhost/127.0.0.1:53978]' for 'GET' to 'http://localhost:53978/session/ad420ef1fbb07ba80c8fe7a32c6ae732/element/3dd94e49-335c-459f-8043-09e240b00a70/enabled'
18:26:03.829 [Forwarding isElementEnabled on session ad420ef1fbb07ba80c8fe7a32c6ae732 to remote] DEBUG org.asynchttpclient.netty.request.NettyRequestSender - Using open Channel [id: 0xb9dd6197, L:/127.0.0.1:49652 - R:localhost/127.0.0.1:53978] for GET '/session/ad420ef1fbb07ba80c8fe7a32c6ae732/element/3dd94e49-335c-459f-8043-09e240b00a70/enabled'
18:26:03.845 [AsyncHttpClient-1-3] DEBUG org.asynchttpclient.netty.handler.HttpHandler - 

Request DefaultFullHttpRequest(decodeResult: success, version: HTTP/1.1, content: EmptyByteBufBE)
GET /session/ad420ef1fbb07ba80c8fe7a32c6ae732/element/3dd94e49-335c-459f-8043-09e240b00a70/enabled HTTP/1.1
User-Agent: selenium/4.1.4 (java windows)
Cache-Control: no-cache
Content-Type: application/json; charset=utf-8
host: localhost:53978
accept: */*

Response DefaultHttpResponse(decodeResult: success, version: HTTP/1.1)
HTTP/1.1 200 OK
Content-Type: application/json; charset=utf-8
cache-control: no-cache
content-length: 14

18:26:03.845 [AsyncHttpClient-1-3] DEBUG org.asynchttpclient.netty.channel.ChannelManager - Adding key: http://localhost:53978 for channel [id: 0xb9dd6197, L:/127.0.0.1:49652 - R:localhost/127.0.0.1:53978]
18:26:03.845 [Forwarding isElementEnabled on session ad420ef1fbb07ba80c8fe7a32c6ae732 to remote] DEBUG org.asynchttpclient.netty.request.NettyRequestSender - Using pooled Channel '[id: 0xb9dd6197, L:/127.0.0.1:49652 - R:localhost/127.0.0.1:53978]' for 'GET' to 'http://localhost:53978/session/ad420ef1fbb07ba80c8fe7a32c6ae732/element/3dd94e49-335c-459f-8043-09e240b00a70/enabled'
18:26:03.845 [Forwarding isElementEnabled on session ad420ef1fbb07ba80c8fe7a32c6ae732 to remote] DEBUG org.asynchttpclient.netty.request.NettyRequestSender - Using open Channel [id: 0xb9dd6197, L:/127.0.0.1:49652 - R:localhost/127.0.0.1:53978] for GET '/session/ad420ef1fbb07ba80c8fe7a32c6ae732/element/3dd94e49-335c-459f-8043-09e240b00a70/enabled'
18:26:03.845 [AsyncHttpClient-1-3] DEBUG org.asynchttpclient.netty.handler.HttpHandler - 

Request DefaultFullHttpRequest(decodeResult: success, version: HTTP/1.1, content: EmptyByteBufBE)
GET /session/ad420ef1fbb07ba80c8fe7a32c6ae732/element/3dd94e49-335c-459f-8043-09e240b00a70/enabled HTTP/1.1
User-Agent: selenium/4.1.4 (java windows)
Cache-Control: no-cache
Content-Type: application/json; charset=utf-8
host: localhost:53978
accept: */*

Response DefaultHttpResponse(decodeResult: success, version: HTTP/1.1)
HTTP/1.1 200 OK
Content-Type: application/json; charset=utf-8
cache-control: no-cache
content-length: 14

18:26:03.845 [AsyncHttpClient-1-3] DEBUG org.asynchttpclient.netty.channel.ChannelManager - Adding key: http://localhost:53978 for channel [id: 0xb9dd6197, L:/127.0.0.1:49652 - R:localhost/127.0.0.1:53978]
18:26:03.845 [Forwarding findElement on session ad420ef1fbb07ba80c8fe7a32c6ae732 to remote] DEBUG org.asynchttpclient.netty.request.NettyRequestSender - Using pooled Channel '[id: 0xb9dd6197, L:/127.0.0.1:49652 - R:localhost/127.0.0.1:53978]' for 'POST' to 'http://localhost:53978/session/ad420ef1fbb07ba80c8fe7a32c6ae732/element'
18:26:03.845 [Forwarding findElement on session ad420ef1fbb07ba80c8fe7a32c6ae732 to remote] DEBUG org.asynchttpclient.netty.request.NettyRequestSender - Using open Channel [id: 0xb9dd6197, L:/127.0.0.1:49652 - R:localhost/127.0.0.1:53978] for POST '/session/ad420ef1fbb07ba80c8fe7a32c6ae732/element'
18:26:03.861 [AsyncHttpClient-1-3] DEBUG org.asynchttpclient.netty.handler.HttpHandler - 

Request DefaultHttpRequest(decodeResult: success, version: HTTP/1.1)
POST /session/ad420ef1fbb07ba80c8fe7a32c6ae732/element HTTP/1.1
User-Agent: selenium/4.1.4 (java windows)
Content-Length: 88
Content-Type: application/json; charset=utf-8
host: localhost:53978
accept: */*

Response DefaultHttpResponse(decodeResult: success, version: HTTP/1.1)
HTTP/1.1 200 OK
Content-Type: application/json; charset=utf-8
cache-control: no-cache
content-length: 88

18:26:03.861 [AsyncHttpClient-1-3] DEBUG org.asynchttpclient.netty.channel.ChannelManager - Adding key: http://localhost:53978 for channel [id: 0xb9dd6197, L:/127.0.0.1:49652 - R:localhost/127.0.0.1:53978]
18:26:03.861 [Forwarding clickElement on session ad420ef1fbb07ba80c8fe7a32c6ae732 to remote] DEBUG org.asynchttpclient.netty.request.NettyRequestSender - Using pooled Channel '[id: 0xb9dd6197, L:/127.0.0.1:49652 - R:localhost/127.0.0.1:53978]' for 'POST' to 'http://localhost:53978/session/ad420ef1fbb07ba80c8fe7a32c6ae732/element/3dd94e49-335c-459f-8043-09e240b00a70/click'
18:26:03.861 [Forwarding clickElement on session ad420ef1fbb07ba80c8fe7a32c6ae732 to remote] DEBUG org.asynchttpclient.netty.request.NettyRequestSender - Using open Channel [id: 0xb9dd6197, L:/127.0.0.1:49652 - R:localhost/127.0.0.1:53978] for POST '/session/ad420ef1fbb07ba80c8fe7a32c6ae732/element/3dd94e49-335c-459f-8043-09e240b00a70/click'
18:26:03.983 [AsyncHttpClient-1-3] DEBUG org.asynchttpclient.netty.handler.HttpHandler - 

Request DefaultHttpRequest(decodeResult: success, version: HTTP/1.1)
POST /session/ad420ef1fbb07ba80c8fe7a32c6ae732/element/3dd94e49-335c-459f-8043-09e240b00a70/click HTTP/1.1
User-Agent: selenium/4.1.4 (java windows)
Content-Length: 50
Content-Type: application/json; charset=utf-8
host: localhost:53978
accept: */*

Response DefaultHttpResponse(decodeResult: success, version: HTTP/1.1)
HTTP/1.1 200 OK
Content-Type: application/json; charset=utf-8
cache-control: no-cache
content-length: 14

18:26:03.983 [AsyncHttpClient-1-3] DEBUG org.asynchttpclient.netty.channel.ChannelManager - Adding key: http://localhost:53978 for channel [id: 0xb9dd6197, L:/127.0.0.1:49652 - R:localhost/127.0.0.1:53978]
18:26:04.001 [Forwarding screenshot on session ad420ef1fbb07ba80c8fe7a32c6ae732 to remote] DEBUG org.asynchttpclient.netty.request.NettyRequestSender - Using pooled Channel '[id: 0xb9dd6197, L:/127.0.0.1:49652 - R:localhost/127.0.0.1:53978]' for 'GET' to 'http://localhost:53978/session/ad420ef1fbb07ba80c8fe7a32c6ae732/screenshot'
18:26:04.002 [Forwarding screenshot on session ad420ef1fbb07ba80c8fe7a32c6ae732 to remote] DEBUG org.asynchttpclient.netty.request.NettyRequestSender - Using open Channel [id: 0xb9dd6197, L:/127.0.0.1:49652 - R:localhost/127.0.0.1:53978] for GET '/session/ad420ef1fbb07ba80c8fe7a32c6ae732/screenshot'
18:26:04.541 [AsyncHttpClient-1-3] DEBUG org.asynchttpclient.netty.handler.HttpHandler - 

Request DefaultFullHttpRequest(decodeResult: success, version: HTTP/1.1, content: EmptyByteBufBE)
GET /session/ad420ef1fbb07ba80c8fe7a32c6ae732/screenshot HTTP/1.1
User-Agent: selenium/4.1.4 (java windows)
Cache-Control: no-cache
Content-Type: application/json; charset=utf-8
host: localhost:53978
accept: */*

Response DefaultHttpResponse(decodeResult: success, version: HTTP/1.1)
HTTP/1.1 200 OK
Content-Type: application/json; charset=utf-8
cache-control: no-cache
content-length: 75456

18:26:04.541 [AsyncHttpClient-1-3] DEBUG org.asynchttpclient.netty.channel.ChannelManager - Adding key: http://localhost:53978 for channel [id: 0xb9dd6197, L:/127.0.0.1:49652 - R:localhost/127.0.0.1:53978]
18:26:04.547 [main] DEBUG net.serenitybdd.core.photography.Darkroom - Send negative for processing for target\site\serenity\966218ce2d4e2f705351157078a9198b05fe8765a939225234e443610bc20305.png
18:26:04.547 [main] DEBUG net.thucydides.core.steps.StepInterceptor - STEP DONE: clickButtonErrorOK
  &amp#27;[32mAnd &amp#27;[0m&amp#27;[32mLogin validation invalid&amp#27;[0m                                                           &amp#27;[90m# starter.stepdefinitios.LoginSteps.loginValidationInvalid()&amp#27;[0m
18:26:04.548 [Darkroom Processing Line] DEBUG net.serenitybdd.core.photography.DarkroomProcessingLine - Processing screenshot image in /var/screenshots/screenshot-9085484467973992448
18:26:04.548 [Darkroom Processing Line] DEBUG net.serenitybdd.core.photography.DarkroomProcessingLine - Saving screenshot to target\site\serenity\966218ce2d4e2f705351157078a9198b05fe8765a939225234e443610bc20305.png
18:26:04.848 [AsyncHttpClient-1-1] DEBUG org.asynchttpclient.netty.channel.DefaultChannelPool - Entry count for : http://localhost:49653 : 1
18:26:04.848 [AsyncHttpClient-1-1] DEBUG org.asynchttpclient.netty.channel.DefaultChannelPool - Entry count for : http://localhost:53978 : 1
18:26:05.939 [AsyncHttpClient-1-1] DEBUG org.asynchttpclient.netty.channel.DefaultChannelPool - Entry count for : http://localhost:49653 : 1
18:26:05.939 [AsyncHttpClient-1-1] DEBUG org.asynchttpclient.netty.channel.DefaultChannelPool - Entry count for : http://localhost:53978 : 1
18:26:07.043 [AsyncHttpClient-1-1] DEBUG org.asynchttpclient.netty.channel.DefaultChannelPool - Entry count for : http://localhost:49653 : 1
18:26:07.043 [AsyncHttpClient-1-1] DEBUG org.asynchttpclient.netty.channel.DefaultChannelPool - Entry count for : http://localhost:53978 : 1
18:26:08.135 [AsyncHttpClient-1-1] DEBUG org.asynchttpclient.netty.channel.DefaultChannelPool - Entry count for : http://localhost:49653 : 1
18:26:08.135 [AsyncHttpClient-1-1] DEBUG org.asynchttpclient.netty.channel.DefaultChannelPool - Entry count for : http://localhost:53978 : 1
18:26:09.248 [AsyncHttpClient-1-1] DEBUG org.asynchttpclient.netty.channel.DefaultChannelPool - Entry count for : http://localhost:49653 : 1
18:26:09.248 [AsyncHttpClient-1-1] DEBUG org.asynchttpclient.netty.channel.DefaultChannelPool - Entry count for : http://localhost:53978 : 1
18:26:09.648 [Forwarding screenshot on session ad420ef1fbb07ba80c8fe7a32c6ae732 to remote] DEBUG org.asynchttpclient.netty.request.NettyRequestSender - Using pooled Channel '[id: 0xb9dd6197, L:/127.0.0.1:49652 - R:localhost/127.0.0.1:53978]' for 'GET' to 'http://localhost:53978/session/ad420ef1fbb07ba80c8fe7a32c6ae732/screenshot'
18:26:09.648 [Forwarding screenshot on session ad420ef1fbb07ba80c8fe7a32c6ae732 to remote] DEBUG org.asynchttpclient.netty.request.NettyRequestSender - Using open Channel [id: 0xb9dd6197, L:/127.0.0.1:49652 - R:localhost/127.0.0.1:53978] for GET '/session/ad420ef1fbb07ba80c8fe7a32c6ae732/screenshot'
18:26:09.851 [AsyncHttpClient-1-3] DEBUG org.asynchttpclient.netty.handler.HttpHandler - 

Request DefaultFullHttpRequest(decodeResult: success, version: HTTP/1.1, content: EmptyByteBufBE)
GET /session/ad420ef1fbb07ba80c8fe7a32c6ae732/screenshot HTTP/1.1
User-Agent: selenium/4.1.4 (java windows)
Cache-Control: no-cache
Content-Type: application/json; charset=utf-8
host: localhost:53978
accept: */*

Response DefaultHttpResponse(decodeResult: success, version: HTTP/1.1)
HTTP/1.1 200 OK
Content-Type: application/json; charset=utf-8
cache-control: no-cache
content-length: 78860

18:26:09.851 [AsyncHttpClient-1-3] DEBUG org.asynchttpclient.netty.channel.ChannelManager - Adding key: http://localhost:53978 for channel [id: 0xb9dd6197, L:/127.0.0.1:49652 - R:localhost/127.0.0.1:53978]
18:26:09.858 [main] DEBUG net.serenitybdd.core.photography.Darkroom - Send negative for processing for target\site\serenity\e3902e4e6d497170d59aa0c0c2930d955492166dca27ad580f2b08c08bf103aa.png
18:26:09.858 [main] DEBUG net.thucydides.core.steps.StepInterceptor - STARTING STEP: PatientDataSteps.clickButtonDataPasien - clickButtonDataPasien
18:26:09.862 [Forwarding findElement on session ad420ef1fbb07ba80c8fe7a32c6ae732 to remote] DEBUG org.asynchttpclient.netty.request.NettyRequestSender - Using pooled Channel '[id: 0xb9dd6197, L:/127.0.0.1:49652 - R:localhost/127.0.0.1:53978]' for 'POST' to 'http://localhost:53978/session/ad420ef1fbb07ba80c8fe7a32c6ae732/element'
18:26:09.872 [Forwarding findElement on session ad420ef1fbb07ba80c8fe7a32c6ae732 to remote] DEBUG org.asynchttpclient.netty.request.NettyRequestSender - Using open Channel [id: 0xb9dd6197, L:/127.0.0.1:49652 - R:localhost/127.0.0.1:53978] for POST '/session/ad420ef1fbb07ba80c8fe7a32c6ae732/element'
18:26:09.906 [AsyncHttpClient-1-3] DEBUG org.asynchttpclient.netty.handler.HttpHandler - 

Request DefaultHttpRequest(decodeResult: success, version: HTTP/1.1)
POST /session/ad420ef1fbb07ba80c8fe7a32c6ae732/element HTTP/1.1
User-Agent: selenium/4.1.4 (java windows)
Content-Length: 114
Content-Type: application/json; charset=utf-8
host: localhost:53978
accept: */*

Response DefaultHttpResponse(decodeResult: success, version: HTTP/1.1)
HTTP/1.1 200 OK
Content-Type: application/json; charset=utf-8
cache-control: no-cache
content-length: 88

18:26:09.906 [AsyncHttpClient-1-3] DEBUG org.asynchttpclient.netty.channel.ChannelManager - Adding key: http://localhost:53978 for channel [id: 0xb9dd6197, L:/127.0.0.1:49652 - R:localhost/127.0.0.1:53978]
18:26:09.906 [Forwarding getElementTagName on session ad420ef1fbb07ba80c8fe7a32c6ae732 to remote] DEBUG org.asynchttpclient.netty.request.NettyRequestSender - Using pooled Channel '[id: 0xb9dd6197, L:/127.0.0.1:49652 - R:localhost/127.0.0.1:53978]' for 'GET' to 'http://localhost:53978/session/ad420ef1fbb07ba80c8fe7a32c6ae732/element/53a20e12-f3ff-4137-b09b-b7691d4559b9/name'
18:26:09.906 [Forwarding getElementTagName on session ad420ef1fbb07ba80c8fe7a32c6ae732 to remote] DEBUG org.asynchttpclient.netty.request.NettyRequestSender - Using open Channel [id: 0xb9dd6197, L:/127.0.0.1:49652 - R:localhost/127.0.0.1:53978] for GET '/session/ad420ef1fbb07ba80c8fe7a32c6ae732/element/53a20e12-f3ff-4137-b09b-b7691d4559b9/name'
18:26:09.915 [AsyncHttpClient-1-3] DEBUG org.asynchttpclient.netty.handler.HttpHandler - 

Request DefaultFullHttpRequest(decodeResult: success, version: HTTP/1.1, content: EmptyByteBufBE)
GET /session/ad420ef1fbb07ba80c8fe7a32c6ae732/element/53a20e12-f3ff-4137-b09b-b7691d4559b9/name HTTP/1.1
User-Agent: selenium/4.1.4 (java windows)
Cache-Control: no-cache
Content-Type: application/json; charset=utf-8
host: localhost:53978
accept: */*

Response DefaultHttpResponse(decodeResult: success, version: HTTP/1.1)
HTTP/1.1 200 OK
Content-Type: application/json; charset=utf-8
cache-control: no-cache
content-length: 13

18:26:09.915 [AsyncHttpClient-1-3] DEBUG org.asynchttpclient.netty.channel.ChannelManager - Adding key: http://localhost:53978 for channel [id: 0xb9dd6197, L:/127.0.0.1:49652 - R:localhost/127.0.0.1:53978]
18:26:09.915 [Forwarding getElementTagName on session ad420ef1fbb07ba80c8fe7a32c6ae732 to remote] DEBUG org.asynchttpclient.netty.request.NettyRequestSender - Using pooled Channel '[id: 0xb9dd6197, L:/127.0.0.1:49652 - R:localhost/127.0.0.1:53978]' for 'GET' to 'http://localhost:53978/session/ad420ef1fbb07ba80c8fe7a32c6ae732/element/53a20e12-f3ff-4137-b09b-b7691d4559b9/name'
18:26:09.915 [Forwarding getElementTagName on session ad420ef1fbb07ba80c8fe7a32c6ae732 to remote] DEBUG org.asynchttpclient.netty.request.NettyRequestSender - Using open Channel [id: 0xb9dd6197, L:/127.0.0.1:49652 - R:localhost/127.0.0.1:53978] for GET '/session/ad420ef1fbb07ba80c8fe7a32c6ae732/element/53a20e12-f3ff-4137-b09b-b7691d4559b9/name'
18:26:09.915 [AsyncHttpClient-1-3] DEBUG org.asynchttpclient.netty.handler.HttpHandler - 

Request DefaultFullHttpRequest(decodeResult: success, version: HTTP/1.1, content: EmptyByteBufBE)
GET /session/ad420ef1fbb07ba80c8fe7a32c6ae732/element/53a20e12-f3ff-4137-b09b-b7691d4559b9/name HTTP/1.1
User-Agent: selenium/4.1.4 (java windows)
Cache-Control: no-cache
Content-Type: application/json; charset=utf-8
host: localhost:53978
accept: */*

Response DefaultHttpResponse(decodeResult: success, version: HTTP/1.1)
HTTP/1.1 200 OK
Content-Type: application/json; charset=utf-8
cache-control: no-cache
content-length: 13

18:26:09.915 [AsyncHttpClient-1-3] DEBUG org.asynchttpclient.netty.channel.ChannelManager - Adding key: http://localhost:53978 for channel [id: 0xb9dd6197, L:/127.0.0.1:49652 - R:localhost/127.0.0.1:53978]
18:26:09.933 [Forwarding findElement on session ad420ef1fbb07ba80c8fe7a32c6ae732 to remote] DEBUG org.asynchttpclient.netty.request.NettyRequestSender - Using pooled Channel '[id: 0xb9dd6197, L:/127.0.0.1:49652 - R:localhost/127.0.0.1:53978]' for 'POST' to 'http://localhost:53978/session/ad420ef1fbb07ba80c8fe7a32c6ae732/element'
18:26:09.933 [Forwarding findElement on session ad420ef1fbb07ba80c8fe7a32c6ae732 to remote] DEBUG org.asynchttpclient.netty.request.NettyRequestSender - Using open Channel [id: 0xb9dd6197, L:/127.0.0.1:49652 - R:localhost/127.0.0.1:53978] for POST '/session/ad420ef1fbb07ba80c8fe7a32c6ae732/element'
18:26:09.949 [AsyncHttpClient-1-3] DEBUG org.asynchttpclient.netty.handler.HttpHandler - 

Request DefaultHttpRequest(decodeResult: success, version: HTTP/1.1)
POST /session/ad420ef1fbb07ba80c8fe7a32c6ae732/element HTTP/1.1
User-Agent: selenium/4.1.4 (java windows)
Content-Length: 114
Content-Type: application/json; charset=utf-8
host: localhost:53978
accept: */*

Response DefaultHttpResponse(decodeResult: success, version: HTTP/1.1)
HTTP/1.1 200 OK
Content-Type: application/json; charset=utf-8
cache-control: no-cache
content-length: 88

18:26:09.950 [AsyncHttpClient-1-3] DEBUG org.asynchttpclient.netty.channel.ChannelManager - Adding key: http://localhost:53978 for channel [id: 0xb9dd6197, L:/127.0.0.1:49652 - R:localhost/127.0.0.1:53978]
18:26:09.953 [Forwarding clickElement on session ad420ef1fbb07ba80c8fe7a32c6ae732 to remote] DEBUG org.asynchttpclient.netty.request.NettyRequestSender - Using pooled Channel '[id: 0xb9dd6197, L:/127.0.0.1:49652 - R:localhost/127.0.0.1:53978]' for 'POST' to 'http://localhost:53978/session/ad420ef1fbb07ba80c8fe7a32c6ae732/element/53a20e12-f3ff-4137-b09b-b7691d4559b9/click'
18:26:09.953 [Forwarding clickElement on session ad420ef1fbb07ba80c8fe7a32c6ae732 to remote] DEBUG org.asynchttpclient.netty.request.NettyRequestSender - Using open Channel [id: 0xb9dd6197, L:/127.0.0.1:49652 - R:localhost/127.0.0.1:53978] for POST '/session/ad420ef1fbb07ba80c8fe7a32c6ae732/element/53a20e12-f3ff-4137-b09b-b7691d4559b9/click'
18:26:10.160 [AsyncHttpClient-1-3] DEBUG org.asynchttpclient.netty.handler.HttpHandler - 

Request DefaultHttpRequest(decodeResult: success, version: HTTP/1.1)
POST /session/ad420ef1fbb07ba80c8fe7a32c6ae732/element/53a20e12-f3ff-4137-b09b-b7691d4559b9/click HTTP/1.1
User-Agent: selenium/4.1.4 (java windows)
Content-Length: 50
Content-Type: application/json; charset=utf-8
host: localhost:53978
accept: */*

Response DefaultHttpResponse(decodeResult: success, version: HTTP/1.1)
HTTP/1.1 200 OK
Content-Type: application/json; charset=utf-8
cache-control: no-cache
content-length: 14

18:26:10.160 [AsyncHttpClient-1-3] DEBUG org.asynchttpclient.netty.channel.ChannelManager - Adding key: http://localhost:53978 for channel [id: 0xb9dd6197, L:/127.0.0.1:49652 - R:localhost/127.0.0.1:53978]
18:26:10.186 [Forwarding screenshot on session ad420ef1fbb07ba80c8fe7a32c6ae732 to remote] DEBUG org.asynchttpclient.netty.request.NettyRequestSender - Using pooled Channel '[id: 0xb9dd6197, L:/127.0.0.1:49652 - R:localhost/127.0.0.1:53978]' for 'GET' to 'http://localhost:53978/session/ad420ef1fbb07ba80c8fe7a32c6ae732/screenshot'
18:26:10.187 [Forwarding screenshot on session ad420ef1fbb07ba80c8fe7a32c6ae732 to remote] DEBUG org.asynchttpclient.netty.request.NettyRequestSender - Using open Channel [id: 0xb9dd6197, L:/127.0.0.1:49652 - R:localhost/127.0.0.1:53978] for GET '/session/ad420ef1fbb07ba80c8fe7a32c6ae732/screenshot'
18:26:10.344 [AsyncHttpClient-1-1] DEBUG org.asynchttpclient.netty.channel.DefaultChannelPool - Entry count for : http://localhost:49653 : 1
18:26:10.556 [AsyncHttpClient-1-3] DEBUG org.asynchttpclient.netty.handler.HttpHandler - 

Request DefaultFullHttpRequest(decodeResult: success, version: HTTP/1.1, content: EmptyByteBufBE)
GET /session/ad420ef1fbb07ba80c8fe7a32c6ae732/screenshot HTTP/1.1
User-Agent: selenium/4.1.4 (java windows)
Cache-Control: no-cache
Content-Type: application/json; charset=utf-8
host: localhost:53978
accept: */*

Response DefaultHttpResponse(decodeResult: success, version: HTTP/1.1)
HTTP/1.1 200 OK
Content-Type: application/json; charset=utf-8
cache-control: no-cache
content-length: 111648

18:26:10.558 [AsyncHttpClient-1-3] DEBUG org.asynchttpclient.netty.channel.ChannelManager - Adding key: http://localhost:53978 for channel [id: 0xb9dd6197, L:/127.0.0.1:49652 - R:localhost/127.0.0.1:53978]
18:26:10.563 [main] DEBUG net.serenitybdd.core.photography.Darkroom - Send negative for processing for target\site\serenity\6194aa68bff41865db09577152112516d0defe7bbd67bf4eee0c2281fcb98309.png
18:26:10.563 [main] DEBUG net.thucydides.core.steps.StepInterceptor - STEP DONE: clickButtonDataPasien
  &amp#27;[32mWhen &amp#27;[0m&amp#27;[32mClick button data pasien&amp#27;[0m                                                          &amp#27;[90m# starter.stepdefinitios.PatientDataSteps.clickButtonDataPasien()&amp#27;[0m
18:26:10.563 [Darkroom Processing Line] DEBUG net.serenitybdd.core.photography.DarkroomProcessingLine - Processing screenshot image in /var/screenshots/screenshot-15348538154174387294
18:26:10.563 [Darkroom Processing Line] DEBUG net.serenitybdd.core.photography.DarkroomProcessingLine - Saving screenshot to target\site\serenity\6194aa68bff41865db09577152112516d0defe7bbd67bf4eee0c2281fcb98309.png
18:26:11.442 [AsyncHttpClient-1-1] DEBUG org.asynchttpclient.netty.channel.DefaultChannelPool - Entry count for : http://localhost:49653 : 1
18:26:11.442 [AsyncHttpClient-1-1] DEBUG org.asynchttpclient.netty.channel.DefaultChannelPool - Entry count for : http://localhost:53978 : 1
18:26:12.537 [AsyncHttpClient-1-1] DEBUG org.asynchttpclient.netty.channel.DefaultChannelPool - Entry count for : http://localhost:49653 : 1
18:26:12.537 [AsyncHttpClient-1-1] DEBUG org.asynchttpclient.netty.channel.DefaultChannelPool - Entry count for : http://localhost:53978 : 1
18:26:13.643 [AsyncHttpClient-1-1] DEBUG org.asynchttpclient.netty.channel.DefaultChannelPool - Entry count for : http://localhost:49653 : 1
18:26:13.643 [AsyncHttpClient-1-1] DEBUG org.asynchttpclient.netty.channel.DefaultChannelPool - Entry count for : http://localhost:53978 : 1
18:26:14.738 [AsyncHttpClient-1-1] DEBUG org.asynchttpclient.netty.channel.DefaultChannelPool - Entry count for : http://localhost:49653 : 1
18:26:14.738 [AsyncHttpClient-1-1] DEBUG org.asynchttpclient.netty.channel.DefaultChannelPool - Entry count for : http://localhost:53978 : 1
18:26:15.844 [AsyncHttpClient-1-1] DEBUG org.asynchttpclient.netty.channel.DefaultChannelPool - Entry count for : http://localhost:49653 : 1
18:26:15.844 [AsyncHttpClient-1-1] DEBUG org.asynchttpclient.netty.channel.DefaultChannelPool - Entry count for : http://localhost:53978 : 1
18:26:16.611 [Forwarding screenshot on session ad420ef1fbb07ba80c8fe7a32c6ae732 to remote] DEBUG org.asynchttpclient.netty.request.NettyRequestSender - Using pooled Channel '[id: 0xb9dd6197, L:/127.0.0.1:49652 - R:localhost/127.0.0.1:53978]' for 'GET' to 'http://localhost:53978/session/ad420ef1fbb07ba80c8fe7a32c6ae732/screenshot'
18:26:16.611 [Forwarding screenshot on session ad420ef1fbb07ba80c8fe7a32c6ae732 to remote] DEBUG org.asynchttpclient.netty.request.NettyRequestSender - Using open Channel [id: 0xb9dd6197, L:/127.0.0.1:49652 - R:localhost/127.0.0.1:53978] for GET '/session/ad420ef1fbb07ba80c8fe7a32c6ae732/screenshot'
18:26:16.810 [AsyncHttpClient-1-3] DEBUG org.asynchttpclient.netty.handler.HttpHandler - 

Request DefaultFullHttpRequest(decodeResult: success, version: HTTP/1.1, content: EmptyByteBufBE)
GET /session/ad420ef1fbb07ba80c8fe7a32c6ae732/screenshot HTTP/1.1
User-Agent: selenium/4.1.4 (java windows)
Cache-Control: no-cache
Content-Type: application/json; charset=utf-8
host: localhost:53978
accept: */*

Response DefaultHttpResponse(decodeResult: success, version: HTTP/1.1)
HTTP/1.1 200 OK
Content-Type: application/json; charset=utf-8
cache-control: no-cache
content-length: 80320

18:26:16.810 [AsyncHttpClient-1-3] DEBUG org.asynchttpclient.netty.channel.ChannelManager - Adding key: http://localhost:53978 for channel [id: 0xb9dd6197, L:/127.0.0.1:49652 - R:localhost/127.0.0.1:53978]
18:26:16.815 [main] DEBUG net.serenitybdd.core.photography.Darkroom - Send negative for processing for target\site\serenity\ebcb433a17424fb089d0f06001c1d213e45701754bfc2bb8dec436565219f18b.png
18:26:16.815 [Darkroom Processing Line] DEBUG net.serenitybdd.core.photography.DarkroomProcessingLine - Processing screenshot image in /var/screenshots/screenshot-16467795853257476209
18:26:16.815 [Darkroom Processing Line] DEBUG net.serenitybdd.core.photography.DarkroomProcessingLine - Saving screenshot to target\site\serenity\ebcb433a17424fb089d0f06001c1d213e45701754bfc2bb8dec436565219f18b.png
18:26:16.815 [main] DEBUG net.thucydides.core.steps.StepInterceptor - STARTING STEP: PatientDataSteps.clickButtonTambahData - clickButtonTambah
18:26:16.823 [Forwarding findElement on session ad420ef1fbb07ba80c8fe7a32c6ae732 to remote] DEBUG org.asynchttpclient.netty.request.NettyRequestSender - Using pooled Channel '[id: 0xb9dd6197, L:/127.0.0.1:49652 - R:localhost/127.0.0.1:53978]' for 'POST' to 'http://localhost:53978/session/ad420ef1fbb07ba80c8fe7a32c6ae732/element'
18:26:16.823 [Forwarding findElement on session ad420ef1fbb07ba80c8fe7a32c6ae732 to remote] DEBUG org.asynchttpclient.netty.request.NettyRequestSender - Using open Channel [id: 0xb9dd6197, L:/127.0.0.1:49652 - R:localhost/127.0.0.1:53978] for POST '/session/ad420ef1fbb07ba80c8fe7a32c6ae732/element'
18:26:16.845 [AsyncHttpClient-1-3] DEBUG org.asynchttpclient.netty.handler.HttpHandler - 

Request DefaultHttpRequest(decodeResult: success, version: HTTP/1.1)
POST /session/ad420ef1fbb07ba80c8fe7a32c6ae732/element HTTP/1.1
User-Agent: selenium/4.1.4 (java windows)
Content-Length: 68
Content-Type: application/json; charset=utf-8
host: localhost:53978
accept: */*

Response DefaultHttpResponse(decodeResult: success, version: HTTP/1.1)
HTTP/1.1 200 OK
Content-Type: application/json; charset=utf-8
cache-control: no-cache
content-length: 88

18:26:16.845 [AsyncHttpClient-1-3] DEBUG org.asynchttpclient.netty.channel.ChannelManager - Adding key: http://localhost:53978 for channel [id: 0xb9dd6197, L:/127.0.0.1:49652 - R:localhost/127.0.0.1:53978]
18:26:16.848 [Forwarding getElementTagName on session ad420ef1fbb07ba80c8fe7a32c6ae732 to remote] DEBUG org.asynchttpclient.netty.request.NettyRequestSender - Using pooled Channel '[id: 0xb9dd6197, L:/127.0.0.1:49652 - R:localhost/127.0.0.1:53978]' for 'GET' to 'http://localhost:53978/session/ad420ef1fbb07ba80c8fe7a32c6ae732/element/63b868ce-d19b-4223-ae20-5f1b211303b0/name'
18:26:16.848 [Forwarding getElementTagName on session ad420ef1fbb07ba80c8fe7a32c6ae732 to remote] DEBUG org.asynchttpclient.netty.request.NettyRequestSender - Using open Channel [id: 0xb9dd6197, L:/127.0.0.1:49652 - R:localhost/127.0.0.1:53978] for GET '/session/ad420ef1fbb07ba80c8fe7a32c6ae732/element/63b868ce-d19b-4223-ae20-5f1b211303b0/name'
18:26:16.854 [AsyncHttpClient-1-3] DEBUG org.asynchttpclient.netty.handler.HttpHandler - 

Request DefaultFullHttpRequest(decodeResult: success, version: HTTP/1.1, content: EmptyByteBufBE)
GET /session/ad420ef1fbb07ba80c8fe7a32c6ae732/element/63b868ce-d19b-4223-ae20-5f1b211303b0/name HTTP/1.1
User-Agent: selenium/4.1.4 (java windows)
Cache-Control: no-cache
Content-Type: application/json; charset=utf-8
host: localhost:53978
accept: */*

Response DefaultHttpResponse(decodeResult: success, version: HTTP/1.1)
HTTP/1.1 200 OK
Content-Type: application/json; charset=utf-8
cache-control: no-cache
content-length: 18

18:26:16.854 [AsyncHttpClient-1-3] DEBUG org.asynchttpclient.netty.channel.ChannelManager - Adding key: http://localhost:53978 for channel [id: 0xb9dd6197, L:/127.0.0.1:49652 - R:localhost/127.0.0.1:53978]
18:26:16.855 [Forwarding getElementTagName on session ad420ef1fbb07ba80c8fe7a32c6ae732 to remote] DEBUG org.asynchttpclient.netty.request.NettyRequestSender - Using pooled Channel '[id: 0xb9dd6197, L:/127.0.0.1:49652 - R:localhost/127.0.0.1:53978]' for 'GET' to 'http://localhost:53978/session/ad420ef1fbb07ba80c8fe7a32c6ae732/element/63b868ce-d19b-4223-ae20-5f1b211303b0/name'
18:26:16.855 [Forwarding getElementTagName on session ad420ef1fbb07ba80c8fe7a32c6ae732 to remote] DEBUG org.asynchttpclient.netty.request.NettyRequestSender - Using open Channel [id: 0xb9dd6197, L:/127.0.0.1:49652 - R:localhost/127.0.0.1:53978] for GET '/session/ad420ef1fbb07ba80c8fe7a32c6ae732/element/63b868ce-d19b-4223-ae20-5f1b211303b0/name'
18:26:16.860 [AsyncHttpClient-1-3] DEBUG org.asynchttpclient.netty.handler.HttpHandler - 

Request DefaultFullHttpRequest(decodeResult: success, version: HTTP/1.1, content: EmptyByteBufBE)
GET /session/ad420ef1fbb07ba80c8fe7a32c6ae732/element/63b868ce-d19b-4223-ae20-5f1b211303b0/name HTTP/1.1
User-Agent: selenium/4.1.4 (java windows)
Cache-Control: no-cache
Content-Type: application/json; charset=utf-8
host: localhost:53978
accept: */*

Response DefaultHttpResponse(decodeResult: success, version: HTTP/1.1)
HTTP/1.1 200 OK
Content-Type: application/json; charset=utf-8
cache-control: no-cache
content-length: 18

18:26:16.860 [AsyncHttpClient-1-3] DEBUG org.asynchttpclient.netty.channel.ChannelManager - Adding key: http://localhost:53978 for channel [id: 0xb9dd6197, L:/127.0.0.1:49652 - R:localhost/127.0.0.1:53978]
18:26:16.862 [Forwarding isElementEnabled on session ad420ef1fbb07ba80c8fe7a32c6ae732 to remote] DEBUG org.asynchttpclient.netty.request.NettyRequestSender - Using pooled Channel '[id: 0xb9dd6197, L:/127.0.0.1:49652 - R:localhost/127.0.0.1:53978]' for 'GET' to 'http://localhost:53978/session/ad420ef1fbb07ba80c8fe7a32c6ae732/element/63b868ce-d19b-4223-ae20-5f1b211303b0/enabled'
18:26:16.862 [Forwarding isElementEnabled on session ad420ef1fbb07ba80c8fe7a32c6ae732 to remote] DEBUG org.asynchttpclient.netty.request.NettyRequestSender - Using open Channel [id: 0xb9dd6197, L:/127.0.0.1:49652 - R:localhost/127.0.0.1:53978] for GET '/session/ad420ef1fbb07ba80c8fe7a32c6ae732/element/63b868ce-d19b-4223-ae20-5f1b211303b0/enabled'
18:26:16.873 [AsyncHttpClient-1-3] DEBUG org.asynchttpclient.netty.handler.HttpHandler - 

Request DefaultFullHttpRequest(decodeResult: success, version: HTTP/1.1, content: EmptyByteBufBE)
GET /session/ad420ef1fbb07ba80c8fe7a32c6ae732/element/63b868ce-d19b-4223-ae20-5f1b211303b0/enabled HTTP/1.1
User-Agent: selenium/4.1.4 (java windows)
Cache-Control: no-cache
Content-Type: application/json; charset=utf-8
host: localhost:53978
accept: */*

Response DefaultHttpResponse(decodeResult: success, version: HTTP/1.1)
HTTP/1.1 200 OK
Content-Type: application/json; charset=utf-8
cache-control: no-cache
content-length: 14

18:26:16.875 [AsyncHttpClient-1-3] DEBUG org.asynchttpclient.netty.channel.ChannelManager - Adding key: http://localhost:53978 for channel [id: 0xb9dd6197, L:/127.0.0.1:49652 - R:localhost/127.0.0.1:53978]
18:26:16.876 [Forwarding isElementEnabled on session ad420ef1fbb07ba80c8fe7a32c6ae732 to remote] DEBUG org.asynchttpclient.netty.request.NettyRequestSender - Using pooled Channel '[id: 0xb9dd6197, L:/127.0.0.1:49652 - R:localhost/127.0.0.1:53978]' for 'GET' to 'http://localhost:53978/session/ad420ef1fbb07ba80c8fe7a32c6ae732/element/63b868ce-d19b-4223-ae20-5f1b211303b0/enabled'
18:26:16.876 [Forwarding isElementEnabled on session ad420ef1fbb07ba80c8fe7a32c6ae732 to remote] DEBUG org.asynchttpclient.netty.request.NettyRequestSender - Using open Channel [id: 0xb9dd6197, L:/127.0.0.1:49652 - R:localhost/127.0.0.1:53978] for GET '/session/ad420ef1fbb07ba80c8fe7a32c6ae732/element/63b868ce-d19b-4223-ae20-5f1b211303b0/enabled'
18:26:16.883 [AsyncHttpClient-1-3] DEBUG org.asynchttpclient.netty.handler.HttpHandler - 

Request DefaultFullHttpRequest(decodeResult: success, version: HTTP/1.1, content: EmptyByteBufBE)
GET /session/ad420ef1fbb07ba80c8fe7a32c6ae732/element/63b868ce-d19b-4223-ae20-5f1b211303b0/enabled HTTP/1.1
User-Agent: selenium/4.1.4 (java windows)
Cache-Control: no-cache
Content-Type: application/json; charset=utf-8
host: localhost:53978
accept: */*

Response DefaultHttpResponse(decodeResult: success, version: HTTP/1.1)
HTTP/1.1 200 OK
Content-Type: application/json; charset=utf-8
cache-control: no-cache
content-length: 14

18:26:16.883 [AsyncHttpClient-1-3] DEBUG org.asynchttpclient.netty.channel.ChannelManager - Adding key: http://localhost:53978 for channel [id: 0xb9dd6197, L:/127.0.0.1:49652 - R:localhost/127.0.0.1:53978]
18:26:16.886 [Forwarding findElement on session ad420ef1fbb07ba80c8fe7a32c6ae732 to remote] DEBUG org.asynchttpclient.netty.request.NettyRequestSender - Using pooled Channel '[id: 0xb9dd6197, L:/127.0.0.1:49652 - R:localhost/127.0.0.1:53978]' for 'POST' to 'http://localhost:53978/session/ad420ef1fbb07ba80c8fe7a32c6ae732/element'
18:26:16.886 [Forwarding findElement on session ad420ef1fbb07ba80c8fe7a32c6ae732 to remote] DEBUG org.asynchttpclient.netty.request.NettyRequestSender - Using open Channel [id: 0xb9dd6197, L:/127.0.0.1:49652 - R:localhost/127.0.0.1:53978] for POST '/session/ad420ef1fbb07ba80c8fe7a32c6ae732/element'
18:26:16.898 [AsyncHttpClient-1-3] DEBUG org.asynchttpclient.netty.handler.HttpHandler - 

Request DefaultHttpRequest(decodeResult: success, version: HTTP/1.1)
POST /session/ad420ef1fbb07ba80c8fe7a32c6ae732/element HTTP/1.1
User-Agent: selenium/4.1.4 (java windows)
Content-Length: 68
Content-Type: application/json; charset=utf-8
host: localhost:53978
accept: */*

Response DefaultHttpResponse(decodeResult: success, version: HTTP/1.1)
HTTP/1.1 200 OK
Content-Type: application/json; charset=utf-8
cache-control: no-cache
content-length: 88

18:26:16.898 [AsyncHttpClient-1-3] DEBUG org.asynchttpclient.netty.channel.ChannelManager - Adding key: http://localhost:53978 for channel [id: 0xb9dd6197, L:/127.0.0.1:49652 - R:localhost/127.0.0.1:53978]
18:26:16.899 [Forwarding clickElement on session ad420ef1fbb07ba80c8fe7a32c6ae732 to remote] DEBUG org.asynchttpclient.netty.request.NettyRequestSender - Using pooled Channel '[id: 0xb9dd6197, L:/127.0.0.1:49652 - R:localhost/127.0.0.1:53978]' for 'POST' to 'http://localhost:53978/session/ad420ef1fbb07ba80c8fe7a32c6ae732/element/63b868ce-d19b-4223-ae20-5f1b211303b0/click'
18:26:16.899 [Forwarding clickElement on session ad420ef1fbb07ba80c8fe7a32c6ae732 to remote] DEBUG org.asynchttpclient.netty.request.NettyRequestSender - Using open Channel [id: 0xb9dd6197, L:/127.0.0.1:49652 - R:localhost/127.0.0.1:53978] for POST '/session/ad420ef1fbb07ba80c8fe7a32c6ae732/element/63b868ce-d19b-4223-ae20-5f1b211303b0/click'
18:26:16.938 [AsyncHttpClient-1-1] DEBUG org.asynchttpclient.netty.channel.DefaultChannelPool - Entry count for : http://localhost:49653 : 1
18:26:17.131 [AsyncHttpClient-1-3] DEBUG org.asynchttpclient.netty.handler.HttpHandler - 

Request DefaultHttpRequest(decodeResult: success, version: HTTP/1.1)
POST /session/ad420ef1fbb07ba80c8fe7a32c6ae732/element/63b868ce-d19b-4223-ae20-5f1b211303b0/click HTTP/1.1
User-Agent: selenium/4.1.4 (java windows)
Content-Length: 50
Content-Type: application/json; charset=utf-8
host: localhost:53978
accept: */*

Response DefaultHttpResponse(decodeResult: success, version: HTTP/1.1)
HTTP/1.1 200 OK
Content-Type: application/json; charset=utf-8
cache-control: no-cache
content-length: 14

18:26:17.131 [AsyncHttpClient-1-3] DEBUG org.asynchttpclient.netty.channel.ChannelManager - Adding key: http://localhost:53978 for channel [id: 0xb9dd6197, L:/127.0.0.1:49652 - R:localhost/127.0.0.1:53978]
18:26:17.148 [Forwarding screenshot on session ad420ef1fbb07ba80c8fe7a32c6ae732 to remote] DEBUG org.asynchttpclient.netty.request.NettyRequestSender - Using pooled Channel '[id: 0xb9dd6197, L:/127.0.0.1:49652 - R:localhost/127.0.0.1:53978]' for 'GET' to 'http://localhost:53978/session/ad420ef1fbb07ba80c8fe7a32c6ae732/screenshot'
18:26:17.148 [Forwarding screenshot on session ad420ef1fbb07ba80c8fe7a32c6ae732 to remote] DEBUG org.asynchttpclient.netty.request.NettyRequestSender - Using open Channel [id: 0xb9dd6197, L:/127.0.0.1:49652 - R:localhost/127.0.0.1:53978] for GET '/session/ad420ef1fbb07ba80c8fe7a32c6ae732/screenshot'
18:26:17.376 [AsyncHttpClient-1-3] DEBUG org.asynchttpclient.netty.handler.HttpHandler - 

Request DefaultFullHttpRequest(decodeResult: success, version: HTTP/1.1, content: EmptyByteBufBE)
GET /session/ad420ef1fbb07ba80c8fe7a32c6ae732/screenshot HTTP/1.1
User-Agent: selenium/4.1.4 (java windows)
Cache-Control: no-cache
Content-Type: application/json; charset=utf-8
host: localhost:53978
accept: */*

Response DefaultHttpResponse(decodeResult: success, version: HTTP/1.1)
HTTP/1.1 200 OK
Content-Type: application/json; charset=utf-8
cache-control: no-cache
content-length: 41184

18:26:17.377 [AsyncHttpClient-1-3] DEBUG org.asynchttpclient.netty.channel.ChannelManager - Adding key: http://localhost:53978 for channel [id: 0xb9dd6197, L:/127.0.0.1:49652 - R:localhost/127.0.0.1:53978]
18:26:17.380 [main] DEBUG net.serenitybdd.core.photography.Darkroom - Send negative for processing for target\site\serenity\85e61910bbe1ffdf1c3467de0c5b289b3a6eab20004aed7ee6697f4c867559e7.png
18:26:17.381 [main] DEBUG net.thucydides.core.steps.StepInterceptor - STEP DONE: clickButtonTambah
  &amp#27;[32mAnd &amp#27;[0m&amp#27;[32mClick button tambah data&amp#27;[0m                                                           &amp#27;[90m# starter.stepdefinitios.PatientDataSteps.clickButtonTambahData()&amp#27;[0m
18:26:18.043 [AsyncHttpClient-1-1] DEBUG org.asynchttpclient.netty.channel.DefaultChannelPool - Entry count for : http://localhost:49653 : 1
18:26:18.043 [AsyncHttpClient-1-1] DEBUG org.asynchttpclient.netty.channel.DefaultChannelPool - Entry count for : http://localhost:53978 : 1
18:26:18.422 [Forwarding screenshot on session ad420ef1fbb07ba80c8fe7a32c6ae732 to remote] DEBUG org.asynchttpclient.netty.request.NettyRequestSender - Using pooled Channel '[id: 0xb9dd6197, L:/127.0.0.1:49652 - R:localhost/127.0.0.1:53978]' for 'GET' to 'http://localhost:53978/session/ad420ef1fbb07ba80c8fe7a32c6ae732/screenshot'
18:26:18.422 [Forwarding screenshot on session ad420ef1fbb07ba80c8fe7a32c6ae732 to remote] DEBUG org.asynchttpclient.netty.request.NettyRequestSender - Using open Channel [id: 0xb9dd6197, L:/127.0.0.1:49652 - R:localhost/127.0.0.1:53978] for GET '/session/ad420ef1fbb07ba80c8fe7a32c6ae732/screenshot'
18:26:18.600 [AsyncHttpClient-1-3] DEBUG org.asynchttpclient.netty.handler.HttpHandler - 

Request DefaultFullHttpRequest(decodeResult: success, version: HTTP/1.1, content: EmptyByteBufBE)
GET /session/ad420ef1fbb07ba80c8fe7a32c6ae732/screenshot HTTP/1.1
User-Agent: selenium/4.1.4 (java windows)
Cache-Control: no-cache
Content-Type: application/json; charset=utf-8
host: localhost:53978
accept: */*

Response DefaultHttpResponse(decodeResult: success, version: HTTP/1.1)
HTTP/1.1 200 OK
Content-Type: application/json; charset=utf-8
cache-control: no-cache
content-length: 41184

18:26:18.600 [AsyncHttpClient-1-3] DEBUG org.asynchttpclient.netty.channel.ChannelManager - Adding key: http://localhost:53978 for channel [id: 0xb9dd6197, L:/127.0.0.1:49652 - R:localhost/127.0.0.1:53978]
18:26:18.603 [main] DEBUG net.serenitybdd.core.photography.Darkroom - Send negative for processing for target\site\serenity\85e61910bbe1ffdf1c3467de0c5b289b3a6eab20004aed7ee6697f4c867559e7.png
18:26:18.603 [main] DEBUG net.thucydides.core.steps.StepInterceptor - STARTING STEP: PatientDataSteps.iInput - inputDataPasien
18:26:18.607 [Forwarding findElement on session ad420ef1fbb07ba80c8fe7a32c6ae732 to remote] DEBUG org.asynchttpclient.netty.request.NettyRequestSender - Using pooled Channel '[id: 0xb9dd6197, L:/127.0.0.1:49652 - R:localhost/127.0.0.1:53978]' for 'POST' to 'http://localhost:53978/session/ad420ef1fbb07ba80c8fe7a32c6ae732/element'
18:26:18.607 [Forwarding findElement on session ad420ef1fbb07ba80c8fe7a32c6ae732 to remote] DEBUG org.asynchttpclient.netty.request.NettyRequestSender - Using open Channel [id: 0xb9dd6197, L:/127.0.0.1:49652 - R:localhost/127.0.0.1:53978] for POST '/session/ad420ef1fbb07ba80c8fe7a32c6ae732/element'
18:26:18.625 [AsyncHttpClient-1-3] DEBUG org.asynchttpclient.netty.handler.HttpHandler - 

Request DefaultHttpRequest(decodeResult: success, version: HTTP/1.1)
POST /session/ad420ef1fbb07ba80c8fe7a32c6ae732/element HTTP/1.1
User-Agent: selenium/4.1.4 (java windows)
Content-Length: 72
Content-Type: application/json; charset=utf-8
host: localhost:53978
accept: */*

Response DefaultHttpResponse(decodeResult: success, version: HTTP/1.1)
HTTP/1.1 200 OK
Content-Type: application/json; charset=utf-8
cache-control: no-cache
content-length: 88

18:26:18.625 [AsyncHttpClient-1-3] DEBUG org.asynchttpclient.netty.channel.ChannelManager - Adding key: http://localhost:53978 for channel [id: 0xb9dd6197, L:/127.0.0.1:49652 - R:localhost/127.0.0.1:53978]
18:26:18.626 [Forwarding sendKeysToElement on session ad420ef1fbb07ba80c8fe7a32c6ae732 to remote] DEBUG org.asynchttpclient.netty.request.NettyRequestSender - Using pooled Channel '[id: 0xb9dd6197, L:/127.0.0.1:49652 - R:localhost/127.0.0.1:53978]' for 'POST' to 'http://localhost:53978/session/ad420ef1fbb07ba80c8fe7a32c6ae732/element/9c5ed815-ceeb-45b0-8bf1-3e2cf44471a6/value'
18:26:18.627 [Forwarding sendKeysToElement on session ad420ef1fbb07ba80c8fe7a32c6ae732 to remote] DEBUG org.asynchttpclient.netty.request.NettyRequestSender - Using open Channel [id: 0xb9dd6197, L:/127.0.0.1:49652 - R:localhost/127.0.0.1:53978] for POST '/session/ad420ef1fbb07ba80c8fe7a32c6ae732/element/9c5ed815-ceeb-45b0-8bf1-3e2cf44471a6/value'
18:26:18.951 [AsyncHttpClient-1-3] DEBUG org.asynchttpclient.netty.handler.HttpHandler - 

Request DefaultHttpRequest(decodeResult: success, version: HTTP/1.1)
POST /session/ad420ef1fbb07ba80c8fe7a32c6ae732/element/9c5ed815-ceeb-45b0-8bf1-3e2cf44471a6/value HTTP/1.1
User-Agent: selenium/4.1.4 (java windows)
Content-Length: 161
Content-Type: application/json; charset=utf-8
host: localhost:53978
accept: */*

Response DefaultHttpResponse(decodeResult: success, version: HTTP/1.1)
HTTP/1.1 200 OK
Content-Type: application/json; charset=utf-8
cache-control: no-cache
content-length: 14

18:26:18.952 [AsyncHttpClient-1-3] DEBUG org.asynchttpclient.netty.channel.ChannelManager - Adding key: http://localhost:53978 for channel [id: 0xb9dd6197, L:/127.0.0.1:49652 - R:localhost/127.0.0.1:53978]
18:26:18.954 [Forwarding findElement on session ad420ef1fbb07ba80c8fe7a32c6ae732 to remote] DEBUG org.asynchttpclient.netty.request.NettyRequestSender - Using pooled Channel '[id: 0xb9dd6197, L:/127.0.0.1:49652 - R:localhost/127.0.0.1:53978]' for 'POST' to 'http://localhost:53978/session/ad420ef1fbb07ba80c8fe7a32c6ae732/element'
18:26:18.954 [Forwarding findElement on session ad420ef1fbb07ba80c8fe7a32c6ae732 to remote] DEBUG org.asynchttpclient.netty.request.NettyRequestSender - Using open Channel [id: 0xb9dd6197, L:/127.0.0.1:49652 - R:localhost/127.0.0.1:53978] for POST '/session/ad420ef1fbb07ba80c8fe7a32c6ae732/element'
18:26:18.976 [AsyncHttpClient-1-3] DEBUG org.asynchttpclient.netty.handler.HttpHandler - 

Request DefaultHttpRequest(decodeResult: success, version: HTTP/1.1)
POST /session/ad420ef1fbb07ba80c8fe7a32c6ae732/element HTTP/1.1
User-Agent: selenium/4.1.4 (java windows)
Content-Length: 65
Content-Type: application/json; charset=utf-8
host: localhost:53978
accept: */*

Response DefaultHttpResponse(decodeResult: success, version: HTTP/1.1)
HTTP/1.1 200 OK
Content-Type: application/json; charset=utf-8
cache-control: no-cache
content-length: 88

18:26:18.976 [AsyncHttpClient-1-3] DEBUG org.asynchttpclient.netty.channel.ChannelManager - Adding key: http://localhost:53978 for channel [id: 0xb9dd6197, L:/127.0.0.1:49652 - R:localhost/127.0.0.1:53978]
18:26:18.978 [Forwarding sendKeysToElement on session ad420ef1fbb07ba80c8fe7a32c6ae732 to remote] DEBUG org.asynchttpclient.netty.request.NettyRequestSender - Using pooled Channel '[id: 0xb9dd6197, L:/127.0.0.1:49652 - R:localhost/127.0.0.1:53978]' for 'POST' to 'http://localhost:53978/session/ad420ef1fbb07ba80c8fe7a32c6ae732/element/b532e13c-0416-4a77-8aa9-abac7f8acd24/value'
18:26:18.978 [Forwarding sendKeysToElement on session ad420ef1fbb07ba80c8fe7a32c6ae732 to remote] DEBUG org.asynchttpclient.netty.request.NettyRequestSender - Using open Channel [id: 0xb9dd6197, L:/127.0.0.1:49652 - R:localhost/127.0.0.1:53978] for POST '/session/ad420ef1fbb07ba80c8fe7a32c6ae732/element/b532e13c-0416-4a77-8aa9-abac7f8acd24/value'
18:26:19.147 [AsyncHttpClient-1-1] DEBUG org.asynchttpclient.netty.channel.DefaultChannelPool - Entry count for : http://localhost:49653 : 1
18:26:19.424 [AsyncHttpClient-1-3] DEBUG org.asynchttpclient.netty.handler.HttpHandler - 

Request DefaultHttpRequest(decodeResult: success, version: HTTP/1.1)
POST /session/ad420ef1fbb07ba80c8fe7a32c6ae732/element/b532e13c-0416-4a77-8aa9-abac7f8acd24/value HTTP/1.1
User-Agent: selenium/4.1.4 (java windows)
Content-Length: 241
Content-Type: application/json; charset=utf-8
host: localhost:53978
accept: */*

Response DefaultHttpResponse(decodeResult: success, version: HTTP/1.1)
HTTP/1.1 200 OK
Content-Type: application/json; charset=utf-8
cache-control: no-cache
content-length: 14

18:26:19.424 [AsyncHttpClient-1-3] DEBUG org.asynchttpclient.netty.channel.ChannelManager - Adding key: http://localhost:53978 for channel [id: 0xb9dd6197, L:/127.0.0.1:49652 - R:localhost/127.0.0.1:53978]
18:26:19.424 [Forwarding findElement on session ad420ef1fbb07ba80c8fe7a32c6ae732 to remote] DEBUG org.asynchttpclient.netty.request.NettyRequestSender - Using pooled Channel '[id: 0xb9dd6197, L:/127.0.0.1:49652 - R:localhost/127.0.0.1:53978]' for 'POST' to 'http://localhost:53978/session/ad420ef1fbb07ba80c8fe7a32c6ae732/element'
18:26:19.424 [Forwarding findElement on session ad420ef1fbb07ba80c8fe7a32c6ae732 to remote] DEBUG org.asynchttpclient.netty.request.NettyRequestSender - Using open Channel [id: 0xb9dd6197, L:/127.0.0.1:49652 - R:localhost/127.0.0.1:53978] for POST '/session/ad420ef1fbb07ba80c8fe7a32c6ae732/element'
18:26:19.447 [AsyncHttpClient-1-3] DEBUG org.asynchttpclient.netty.handler.HttpHandler - 

Request DefaultHttpRequest(decodeResult: success, version: HTTP/1.1)
POST /session/ad420ef1fbb07ba80c8fe7a32c6ae732/element HTTP/1.1
User-Agent: selenium/4.1.4 (java windows)
Content-Length: 66
Content-Type: application/json; charset=utf-8
host: localhost:53978
accept: */*

Response DefaultHttpResponse(decodeResult: success, version: HTTP/1.1)
HTTP/1.1 200 OK
Content-Type: application/json; charset=utf-8
cache-control: no-cache
content-length: 88

18:26:19.447 [AsyncHttpClient-1-3] DEBUG org.asynchttpclient.netty.channel.ChannelManager - Adding key: http://localhost:53978 for channel [id: 0xb9dd6197, L:/127.0.0.1:49652 - R:localhost/127.0.0.1:53978]
18:26:19.447 [Forwarding sendKeysToElement on session ad420ef1fbb07ba80c8fe7a32c6ae732 to remote] DEBUG org.asynchttpclient.netty.request.NettyRequestSender - Using pooled Channel '[id: 0xb9dd6197, L:/127.0.0.1:49652 - R:localhost/127.0.0.1:53978]' for 'POST' to 'http://localhost:53978/session/ad420ef1fbb07ba80c8fe7a32c6ae732/element/0b86576d-9d29-4925-943b-c85fc6c3db6f/value'
18:26:19.447 [Forwarding sendKeysToElement on session ad420ef1fbb07ba80c8fe7a32c6ae732 to remote] DEBUG org.asynchttpclient.netty.request.NettyRequestSender - Using open Channel [id: 0xb9dd6197, L:/127.0.0.1:49652 - R:localhost/127.0.0.1:53978] for POST '/session/ad420ef1fbb07ba80c8fe7a32c6ae732/element/0b86576d-9d29-4925-943b-c85fc6c3db6f/value'
18:26:19.568 [AsyncHttpClient-1-3] DEBUG org.asynchttpclient.netty.handler.HttpHandler - 

Request DefaultHttpRequest(decodeResult: success, version: HTTP/1.1)
POST /session/ad420ef1fbb07ba80c8fe7a32c6ae732/element/0b86576d-9d29-4925-943b-c85fc6c3db6f/value HTTP/1.1
User-Agent: selenium/4.1.4 (java windows)
Content-Length: 101
Content-Type: application/json; charset=utf-8
host: localhost:53978
accept: */*

Response DefaultHttpResponse(decodeResult: success, version: HTTP/1.1)
HTTP/1.1 200 OK
Content-Type: application/json; charset=utf-8
cache-control: no-cache
content-length: 14

18:26:19.568 [AsyncHttpClient-1-3] DEBUG org.asynchttpclient.netty.channel.ChannelManager - Adding key: http://localhost:53978 for channel [id: 0xb9dd6197, L:/127.0.0.1:49652 - R:localhost/127.0.0.1:53978]
18:26:19.568 [Forwarding findElement on session ad420ef1fbb07ba80c8fe7a32c6ae732 to remote] DEBUG org.asynchttpclient.netty.request.NettyRequestSender - Using pooled Channel '[id: 0xb9dd6197, L:/127.0.0.1:49652 - R:localhost/127.0.0.1:53978]' for 'POST' to 'http://localhost:53978/session/ad420ef1fbb07ba80c8fe7a32c6ae732/element'
18:26:19.568 [Forwarding findElement on session ad420ef1fbb07ba80c8fe7a32c6ae732 to remote] DEBUG org.asynchttpclient.netty.request.NettyRequestSender - Using open Channel [id: 0xb9dd6197, L:/127.0.0.1:49652 - R:localhost/127.0.0.1:53978] for POST '/session/ad420ef1fbb07ba80c8fe7a32c6ae732/element'
18:26:19.600 [AsyncHttpClient-1-3] DEBUG org.asynchttpclient.netty.handler.HttpHandler - 

Request DefaultHttpRequest(decodeResult: success, version: HTTP/1.1)
POST /session/ad420ef1fbb07ba80c8fe7a32c6ae732/element HTTP/1.1
User-Agent: selenium/4.1.4 (java windows)
Content-Length: 66
Content-Type: application/json; charset=utf-8
host: localhost:53978
accept: */*

Response DefaultHttpResponse(decodeResult: success, version: HTTP/1.1)
HTTP/1.1 200 OK
Content-Type: application/json; charset=utf-8
cache-control: no-cache
content-length: 88

18:26:19.600 [AsyncHttpClient-1-3] DEBUG org.asynchttpclient.netty.channel.ChannelManager - Adding key: http://localhost:53978 for channel [id: 0xb9dd6197, L:/127.0.0.1:49652 - R:localhost/127.0.0.1:53978]
18:26:19.600 [Forwarding sendKeysToElement on session ad420ef1fbb07ba80c8fe7a32c6ae732 to remote] DEBUG org.asynchttpclient.netty.request.NettyRequestSender - Using pooled Channel '[id: 0xb9dd6197, L:/127.0.0.1:49652 - R:localhost/127.0.0.1:53978]' for 'POST' to 'http://localhost:53978/session/ad420ef1fbb07ba80c8fe7a32c6ae732/element/573a574b-651a-4a1a-91e6-ed4bf54f9afe/value'
18:26:19.600 [Forwarding sendKeysToElement on session ad420ef1fbb07ba80c8fe7a32c6ae732 to remote] DEBUG org.asynchttpclient.netty.request.NettyRequestSender - Using open Channel [id: 0xb9dd6197, L:/127.0.0.1:49652 - R:localhost/127.0.0.1:53978] for POST '/session/ad420ef1fbb07ba80c8fe7a32c6ae732/element/573a574b-651a-4a1a-91e6-ed4bf54f9afe/value'
18:26:19.914 [AsyncHttpClient-1-3] DEBUG org.asynchttpclient.netty.handler.HttpHandler - 

Request DefaultHttpRequest(decodeResult: success, version: HTTP/1.1)
POST /session/ad420ef1fbb07ba80c8fe7a32c6ae732/element/573a574b-651a-4a1a-91e6-ed4bf54f9afe/value HTTP/1.1
User-Agent: selenium/4.1.4 (java windows)
Content-Length: 191
Content-Type: application/json; charset=utf-8
host: localhost:53978
accept: */*

Response DefaultHttpResponse(decodeResult: success, version: HTTP/1.1)
HTTP/1.1 200 OK
Content-Type: application/json; charset=utf-8
cache-control: no-cache
content-length: 14

18:26:19.914 [AsyncHttpClient-1-3] DEBUG org.asynchttpclient.netty.channel.ChannelManager - Adding key: http://localhost:53978 for channel [id: 0xb9dd6197, L:/127.0.0.1:49652 - R:localhost/127.0.0.1:53978]
18:26:19.918 [Forwarding findElement on session ad420ef1fbb07ba80c8fe7a32c6ae732 to remote] DEBUG org.asynchttpclient.netty.request.NettyRequestSender - Using pooled Channel '[id: 0xb9dd6197, L:/127.0.0.1:49652 - R:localhost/127.0.0.1:53978]' for 'POST' to 'http://localhost:53978/session/ad420ef1fbb07ba80c8fe7a32c6ae732/element'
18:26:19.918 [Forwarding findElement on session ad420ef1fbb07ba80c8fe7a32c6ae732 to remote] DEBUG org.asynchttpclient.netty.request.NettyRequestSender - Using open Channel [id: 0xb9dd6197, L:/127.0.0.1:49652 - R:localhost/127.0.0.1:53978] for POST '/session/ad420ef1fbb07ba80c8fe7a32c6ae732/element'
18:26:19.937 [AsyncHttpClient-1-3] DEBUG org.asynchttpclient.netty.handler.HttpHandler - 

Request DefaultHttpRequest(decodeResult: success, version: HTTP/1.1)
POST /session/ad420ef1fbb07ba80c8fe7a32c6ae732/element HTTP/1.1
User-Agent: selenium/4.1.4 (java windows)
Content-Length: 68
Content-Type: application/json; charset=utf-8
host: localhost:53978
accept: */*

Response DefaultHttpResponse(decodeResult: success, version: HTTP/1.1)
HTTP/1.1 200 OK
Content-Type: application/json; charset=utf-8
cache-control: no-cache
content-length: 88

18:26:19.937 [AsyncHttpClient-1-3] DEBUG org.asynchttpclient.netty.channel.ChannelManager - Adding key: http://localhost:53978 for channel [id: 0xb9dd6197, L:/127.0.0.1:49652 - R:localhost/127.0.0.1:53978]
18:26:19.937 [Forwarding sendKeysToElement on session ad420ef1fbb07ba80c8fe7a32c6ae732 to remote] DEBUG org.asynchttpclient.netty.request.NettyRequestSender - Using pooled Channel '[id: 0xb9dd6197, L:/127.0.0.1:49652 - R:localhost/127.0.0.1:53978]' for 'POST' to 'http://localhost:53978/session/ad420ef1fbb07ba80c8fe7a32c6ae732/element/23cae022-5d10-4fb2-8714-65e390e93dbe/value'
18:26:19.937 [Forwarding sendKeysToElement on session ad420ef1fbb07ba80c8fe7a32c6ae732 to remote] DEBUG org.asynchttpclient.netty.request.NettyRequestSender - Using open Channel [id: 0xb9dd6197, L:/127.0.0.1:49652 - R:localhost/127.0.0.1:53978] for POST '/session/ad420ef1fbb07ba80c8fe7a32c6ae732/element/23cae022-5d10-4fb2-8714-65e390e93dbe/value'
18:26:20.209 [AsyncHttpClient-1-3] DEBUG org.asynchttpclient.netty.handler.HttpHandler - 

Request DefaultHttpRequest(decodeResult: success, version: HTTP/1.1)
POST /session/ad420ef1fbb07ba80c8fe7a32c6ae732/element/23cae022-5d10-4fb2-8714-65e390e93dbe/value HTTP/1.1
User-Agent: selenium/4.1.4 (java windows)
Content-Length: 171
Content-Type: application/json; charset=utf-8
host: localhost:53978
accept: */*

Response DefaultHttpResponse(decodeResult: success, version: HTTP/1.1)
HTTP/1.1 200 OK
Content-Type: application/json; charset=utf-8
cache-control: no-cache
content-length: 14

18:26:20.209 [AsyncHttpClient-1-3] DEBUG org.asynchttpclient.netty.channel.ChannelManager - Adding key: http://localhost:53978 for channel [id: 0xb9dd6197, L:/127.0.0.1:49652 - R:localhost/127.0.0.1:53978]
18:26:20.212 [Forwarding screenshot on session ad420ef1fbb07ba80c8fe7a32c6ae732 to remote] DEBUG org.asynchttpclient.netty.request.NettyRequestSender - Using pooled Channel '[id: 0xb9dd6197, L:/127.0.0.1:49652 - R:localhost/127.0.0.1:53978]' for 'GET' to 'http://localhost:53978/session/ad420ef1fbb07ba80c8fe7a32c6ae732/screenshot'
18:26:20.212 [Forwarding screenshot on session ad420ef1fbb07ba80c8fe7a32c6ae732 to remote] DEBUG org.asynchttpclient.netty.request.NettyRequestSender - Using open Channel [id: 0xb9dd6197, L:/127.0.0.1:49652 - R:localhost/127.0.0.1:53978] for GET '/session/ad420ef1fbb07ba80c8fe7a32c6ae732/screenshot'
18:26:20.249 [AsyncHttpClient-1-1] DEBUG org.asynchttpclient.netty.channel.DefaultChannelPool - Entry count for : http://localhost:49653 : 1
18:26:20.347 [AsyncHttpClient-1-3] DEBUG org.asynchttpclient.netty.handler.HttpHandler - 

Request DefaultFullHttpRequest(decodeResult: success, version: HTTP/1.1, content: EmptyByteBufBE)
GET /session/ad420ef1fbb07ba80c8fe7a32c6ae732/screenshot HTTP/1.1
User-Agent: selenium/4.1.4 (java windows)
Cache-Control: no-cache
Content-Type: application/json; charset=utf-8
host: localhost:53978
accept: */*

Response DefaultHttpResponse(decodeResult: success, version: HTTP/1.1)
HTTP/1.1 200 OK
Content-Type: application/json; charset=utf-8
cache-control: no-cache
content-length: 48348

18:26:20.349 [AsyncHttpClient-1-3] DEBUG org.asynchttpclient.netty.channel.ChannelManager - Adding key: http://localhost:53978 for channel [id: 0xb9dd6197, L:/127.0.0.1:49652 - R:localhost/127.0.0.1:53978]
18:26:20.351 [main] DEBUG net.serenitybdd.core.photography.Darkroom - Send negative for processing for target\site\serenity\54604a9ad1db4d4e25e13b37ed806f0e66838aa4b1d825ba6991a85f2baa61da.png
18:26:20.352 [main] DEBUG net.thucydides.core.steps.StepInterceptor - STEP DONE: inputDataPasien
18:26:20.352 [Darkroom Processing Line] DEBUG net.serenitybdd.core.photography.DarkroomProcessingLine - Processing screenshot image in /var/screenshots/screenshot-854646504632090384
  &amp#27;[32mAnd &amp#27;[0m&amp#27;[32mI input &amp#27;[0m&amp#27;[32m&amp#27;[1m"st Bagas"&amp#27;[0m&amp#27;[32m &amp#27;[0m&amp#27;[32m&amp#27;[1m"1234567898971053"&amp#27;[0m&amp#27;[32m &amp#27;[0m&amp#27;[32m&amp#27;[1m"20"&amp#27;[0m&amp#27;[32m &amp#27;[0m&amp#27;[32m&amp#27;[1m"01294657340"&amp#27;[0m&amp#27;[32m &amp#27;[0m&amp#27;[32m&amp#27;[1m"perumahan"&amp#27;[0m&amp#27;[32m patient&amp#27;[0m       &amp#27;[90m# starter.stepdefinitios.PatientDataSteps.iInput(java.lang.String,java.lang.String,java.lang.String,java.lang.String,java.lang.String)&amp#27;[0m
18:26:20.352 [Darkroom Processing Line] DEBUG net.serenitybdd.core.photography.DarkroomProcessingLine - Saving screenshot to target\site\serenity\54604a9ad1db4d4e25e13b37ed806f0e66838aa4b1d825ba6991a85f2baa61da.png
18:26:20.365 [main] DEBUG net.thucydides.core.steps.StepInterceptor - STARTING STEP: PatientDataSteps.clickButtonSimpan - clickButtonSave
18:26:20.365 [Forwarding findElement on session ad420ef1fbb07ba80c8fe7a32c6ae732 to remote] DEBUG org.asynchttpclient.netty.request.NettyRequestSender - Using pooled Channel '[id: 0xb9dd6197, L:/127.0.0.1:49652 - R:localhost/127.0.0.1:53978]' for 'POST' to 'http://localhost:53978/session/ad420ef1fbb07ba80c8fe7a32c6ae732/element'
18:26:20.365 [Forwarding findElement on session ad420ef1fbb07ba80c8fe7a32c6ae732 to remote] DEBUG org.asynchttpclient.netty.request.NettyRequestSender - Using open Channel [id: 0xb9dd6197, L:/127.0.0.1:49652 - R:localhost/127.0.0.1:53978] for POST '/session/ad420ef1fbb07ba80c8fe7a32c6ae732/element'
18:26:20.390 [AsyncHttpClient-1-3] DEBUG org.asynchttpclient.netty.handler.HttpHandler - 

Request DefaultHttpRequest(decodeResult: success, version: HTTP/1.1)
POST /session/ad420ef1fbb07ba80c8fe7a32c6ae732/element HTTP/1.1
User-Agent: selenium/4.1.4 (java windows)
Content-Length: 68
Content-Type: application/json; charset=utf-8
host: localhost:53978
accept: */*

Response DefaultHttpResponse(decodeResult: success, version: HTTP/1.1)
HTTP/1.1 200 OK
Content-Type: application/json; charset=utf-8
cache-control: no-cache
content-length: 88

18:26:20.390 [AsyncHttpClient-1-3] DEBUG org.asynchttpclient.netty.channel.ChannelManager - Adding key: http://localhost:53978 for channel [id: 0xb9dd6197, L:/127.0.0.1:49652 - R:localhost/127.0.0.1:53978]
18:26:20.392 [Forwarding getElementTagName on session ad420ef1fbb07ba80c8fe7a32c6ae732 to remote] DEBUG org.asynchttpclient.netty.request.NettyRequestSender - Using pooled Channel '[id: 0xb9dd6197, L:/127.0.0.1:49652 - R:localhost/127.0.0.1:53978]' for 'GET' to 'http://localhost:53978/session/ad420ef1fbb07ba80c8fe7a32c6ae732/element/46547bb9-f562-4ad9-9f66-4c3852b036ec/name'
18:26:20.392 [Forwarding getElementTagName on session ad420ef1fbb07ba80c8fe7a32c6ae732 to remote] DEBUG org.asynchttpclient.netty.request.NettyRequestSender - Using open Channel [id: 0xb9dd6197, L:/127.0.0.1:49652 - R:localhost/127.0.0.1:53978] for GET '/session/ad420ef1fbb07ba80c8fe7a32c6ae732/element/46547bb9-f562-4ad9-9f66-4c3852b036ec/name'
18:26:20.397 [AsyncHttpClient-1-3] DEBUG org.asynchttpclient.netty.handler.HttpHandler - 

Request DefaultFullHttpRequest(decodeResult: success, version: HTTP/1.1, content: EmptyByteBufBE)
GET /session/ad420ef1fbb07ba80c8fe7a32c6ae732/element/46547bb9-f562-4ad9-9f66-4c3852b036ec/name HTTP/1.1
User-Agent: selenium/4.1.4 (java windows)
Cache-Control: no-cache
Content-Type: application/json; charset=utf-8
host: localhost:53978
accept: */*

Response DefaultHttpResponse(decodeResult: success, version: HTTP/1.1)
HTTP/1.1 200 OK
Content-Type: application/json; charset=utf-8
cache-control: no-cache
content-length: 18

18:26:20.397 [AsyncHttpClient-1-3] DEBUG org.asynchttpclient.netty.channel.ChannelManager - Adding key: http://localhost:53978 for channel [id: 0xb9dd6197, L:/127.0.0.1:49652 - R:localhost/127.0.0.1:53978]
18:26:20.398 [Forwarding getElementTagName on session ad420ef1fbb07ba80c8fe7a32c6ae732 to remote] DEBUG org.asynchttpclient.netty.request.NettyRequestSender - Using pooled Channel '[id: 0xb9dd6197, L:/127.0.0.1:49652 - R:localhost/127.0.0.1:53978]' for 'GET' to 'http://localhost:53978/session/ad420ef1fbb07ba80c8fe7a32c6ae732/element/46547bb9-f562-4ad9-9f66-4c3852b036ec/name'
18:26:20.398 [Forwarding getElementTagName on session ad420ef1fbb07ba80c8fe7a32c6ae732 to remote] DEBUG org.asynchttpclient.netty.request.NettyRequestSender - Using open Channel [id: 0xb9dd6197, L:/127.0.0.1:49652 - R:localhost/127.0.0.1:53978] for GET '/session/ad420ef1fbb07ba80c8fe7a32c6ae732/element/46547bb9-f562-4ad9-9f66-4c3852b036ec/name'
18:26:20.407 [AsyncHttpClient-1-3] DEBUG org.asynchttpclient.netty.handler.HttpHandler - 

Request DefaultFullHttpRequest(decodeResult: success, version: HTTP/1.1, content: EmptyByteBufBE)
GET /session/ad420ef1fbb07ba80c8fe7a32c6ae732/element/46547bb9-f562-4ad9-9f66-4c3852b036ec/name HTTP/1.1
User-Agent: selenium/4.1.4 (java windows)
Cache-Control: no-cache
Content-Type: application/json; charset=utf-8
host: localhost:53978
accept: */*

Response DefaultHttpResponse(decodeResult: success, version: HTTP/1.1)
HTTP/1.1 200 OK
Content-Type: application/json; charset=utf-8
cache-control: no-cache
content-length: 18

18:26:20.407 [AsyncHttpClient-1-3] DEBUG org.asynchttpclient.netty.channel.ChannelManager - Adding key: http://localhost:53978 for channel [id: 0xb9dd6197, L:/127.0.0.1:49652 - R:localhost/127.0.0.1:53978]
18:26:20.411 [Forwarding isElementEnabled on session ad420ef1fbb07ba80c8fe7a32c6ae732 to remote] DEBUG org.asynchttpclient.netty.request.NettyRequestSender - Using pooled Channel '[id: 0xb9dd6197, L:/127.0.0.1:49652 - R:localhost/127.0.0.1:53978]' for 'GET' to 'http://localhost:53978/session/ad420ef1fbb07ba80c8fe7a32c6ae732/element/46547bb9-f562-4ad9-9f66-4c3852b036ec/enabled'
18:26:20.411 [Forwarding isElementEnabled on session ad420ef1fbb07ba80c8fe7a32c6ae732 to remote] DEBUG org.asynchttpclient.netty.request.NettyRequestSender - Using open Channel [id: 0xb9dd6197, L:/127.0.0.1:49652 - R:localhost/127.0.0.1:53978] for GET '/session/ad420ef1fbb07ba80c8fe7a32c6ae732/element/46547bb9-f562-4ad9-9f66-4c3852b036ec/enabled'
18:26:20.427 [AsyncHttpClient-1-3] DEBUG org.asynchttpclient.netty.handler.HttpHandler - 

Request DefaultFullHttpRequest(decodeResult: success, version: HTTP/1.1, content: EmptyByteBufBE)
GET /session/ad420ef1fbb07ba80c8fe7a32c6ae732/element/46547bb9-f562-4ad9-9f66-4c3852b036ec/enabled HTTP/1.1
User-Agent: selenium/4.1.4 (java windows)
Cache-Control: no-cache
Content-Type: application/json; charset=utf-8
host: localhost:53978
accept: */*

Response DefaultHttpResponse(decodeResult: success, version: HTTP/1.1)
HTTP/1.1 200 OK
Content-Type: application/json; charset=utf-8
cache-control: no-cache
content-length: 14

18:26:20.427 [AsyncHttpClient-1-3] DEBUG org.asynchttpclient.netty.channel.ChannelManager - Adding key: http://localhost:53978 for channel [id: 0xb9dd6197, L:/127.0.0.1:49652 - R:localhost/127.0.0.1:53978]
18:26:20.428 [Forwarding isElementEnabled on session ad420ef1fbb07ba80c8fe7a32c6ae732 to remote] DEBUG org.asynchttpclient.netty.request.NettyRequestSender - Using pooled Channel '[id: 0xb9dd6197, L:/127.0.0.1:49652 - R:localhost/127.0.0.1:53978]' for 'GET' to 'http://localhost:53978/session/ad420ef1fbb07ba80c8fe7a32c6ae732/element/46547bb9-f562-4ad9-9f66-4c3852b036ec/enabled'
18:26:20.429 [Forwarding isElementEnabled on session ad420ef1fbb07ba80c8fe7a32c6ae732 to remote] DEBUG org.asynchttpclient.netty.request.NettyRequestSender - Using open Channel [id: 0xb9dd6197, L:/127.0.0.1:49652 - R:localhost/127.0.0.1:53978] for GET '/session/ad420ef1fbb07ba80c8fe7a32c6ae732/element/46547bb9-f562-4ad9-9f66-4c3852b036ec/enabled'
18:26:20.438 [AsyncHttpClient-1-3] DEBUG org.asynchttpclient.netty.handler.HttpHandler - 

Request DefaultFullHttpRequest(decodeResult: success, version: HTTP/1.1, content: EmptyByteBufBE)
GET /session/ad420ef1fbb07ba80c8fe7a32c6ae732/element/46547bb9-f562-4ad9-9f66-4c3852b036ec/enabled HTTP/1.1
User-Agent: selenium/4.1.4 (java windows)
Cache-Control: no-cache
Content-Type: application/json; charset=utf-8
host: localhost:53978
accept: */*

Response DefaultHttpResponse(decodeResult: success, version: HTTP/1.1)
HTTP/1.1 200 OK
Content-Type: application/json; charset=utf-8
cache-control: no-cache
content-length: 14

18:26:20.438 [AsyncHttpClient-1-3] DEBUG org.asynchttpclient.netty.channel.ChannelManager - Adding key: http://localhost:53978 for channel [id: 0xb9dd6197, L:/127.0.0.1:49652 - R:localhost/127.0.0.1:53978]
18:26:20.442 [Forwarding findElement on session ad420ef1fbb07ba80c8fe7a32c6ae732 to remote] DEBUG org.asynchttpclient.netty.request.NettyRequestSender - Using pooled Channel '[id: 0xb9dd6197, L:/127.0.0.1:49652 - R:localhost/127.0.0.1:53978]' for 'POST' to 'http://localhost:53978/session/ad420ef1fbb07ba80c8fe7a32c6ae732/element'
18:26:20.442 [Forwarding findElement on session ad420ef1fbb07ba80c8fe7a32c6ae732 to remote] DEBUG org.asynchttpclient.netty.request.NettyRequestSender - Using open Channel [id: 0xb9dd6197, L:/127.0.0.1:49652 - R:localhost/127.0.0.1:53978] for POST '/session/ad420ef1fbb07ba80c8fe7a32c6ae732/element'
18:26:20.466 [AsyncHttpClient-1-3] DEBUG org.asynchttpclient.netty.handler.HttpHandler - 

Request DefaultHttpRequest(decodeResult: success, version: HTTP/1.1)
POST /session/ad420ef1fbb07ba80c8fe7a32c6ae732/element HTTP/1.1
User-Agent: selenium/4.1.4 (java windows)
Content-Length: 68
Content-Type: application/json; charset=utf-8
host: localhost:53978
accept: */*

Response DefaultHttpResponse(decodeResult: success, version: HTTP/1.1)
HTTP/1.1 200 OK
Content-Type: application/json; charset=utf-8
cache-control: no-cache
content-length: 88

18:26:20.466 [AsyncHttpClient-1-3] DEBUG org.asynchttpclient.netty.channel.ChannelManager - Adding key: http://localhost:53978 for channel [id: 0xb9dd6197, L:/127.0.0.1:49652 - R:localhost/127.0.0.1:53978]
18:26:20.469 [Forwarding clickElement on session ad420ef1fbb07ba80c8fe7a32c6ae732 to remote] DEBUG org.asynchttpclient.netty.request.NettyRequestSender - Using pooled Channel '[id: 0xb9dd6197, L:/127.0.0.1:49652 - R:localhost/127.0.0.1:53978]' for 'POST' to 'http://localhost:53978/session/ad420ef1fbb07ba80c8fe7a32c6ae732/element/46547bb9-f562-4ad9-9f66-4c3852b036ec/click'
18:26:20.469 [Forwarding clickElement on session ad420ef1fbb07ba80c8fe7a32c6ae732 to remote] DEBUG org.asynchttpclient.netty.request.NettyRequestSender - Using open Channel [id: 0xb9dd6197, L:/127.0.0.1:49652 - R:localhost/127.0.0.1:53978] for POST '/session/ad420ef1fbb07ba80c8fe7a32c6ae732/element/46547bb9-f562-4ad9-9f66-4c3852b036ec/click'
18:26:20.622 [AsyncHttpClient-1-3] DEBUG org.asynchttpclient.netty.handler.HttpHandler - 

Request DefaultHttpRequest(decodeResult: success, version: HTTP/1.1)
POST /session/ad420ef1fbb07ba80c8fe7a32c6ae732/element/46547bb9-f562-4ad9-9f66-4c3852b036ec/click HTTP/1.1
User-Agent: selenium/4.1.4 (java windows)
Content-Length: 50
Content-Type: application/json; charset=utf-8
host: localhost:53978
accept: */*

Response DefaultHttpResponse(decodeResult: success, version: HTTP/1.1)
HTTP/1.1 200 OK
Content-Type: application/json; charset=utf-8
cache-control: no-cache
content-length: 14

18:26:20.622 [AsyncHttpClient-1-3] DEBUG org.asynchttpclient.netty.channel.ChannelManager - Adding key: http://localhost:53978 for channel [id: 0xb9dd6197, L:/127.0.0.1:49652 - R:localhost/127.0.0.1:53978]
18:26:20.629 [Forwarding screenshot on session ad420ef1fbb07ba80c8fe7a32c6ae732 to remote] DEBUG org.asynchttpclient.netty.request.NettyRequestSender - Using pooled Channel '[id: 0xb9dd6197, L:/127.0.0.1:49652 - R:localhost/127.0.0.1:53978]' for 'GET' to 'http://localhost:53978/session/ad420ef1fbb07ba80c8fe7a32c6ae732/screenshot'
18:26:20.629 [Forwarding screenshot on session ad420ef1fbb07ba80c8fe7a32c6ae732 to remote] DEBUG org.asynchttpclient.netty.request.NettyRequestSender - Using open Channel [id: 0xb9dd6197, L:/127.0.0.1:49652 - R:localhost/127.0.0.1:53978] for GET '/session/ad420ef1fbb07ba80c8fe7a32c6ae732/screenshot'
18:26:20.851 [AsyncHttpClient-1-3] DEBUG org.asynchttpclient.netty.handler.HttpHandler - 

Request DefaultFullHttpRequest(decodeResult: success, version: HTTP/1.1, content: EmptyByteBufBE)
GET /session/ad420ef1fbb07ba80c8fe7a32c6ae732/screenshot HTTP/1.1
User-Agent: selenium/4.1.4 (java windows)
Cache-Control: no-cache
Content-Type: application/json; charset=utf-8
host: localhost:53978
accept: */*

Response DefaultHttpResponse(decodeResult: success, version: HTTP/1.1)
HTTP/1.1 200 OK
Content-Type: application/json; charset=utf-8
cache-control: no-cache
content-length: 48240

18:26:20.852 [AsyncHttpClient-1-3] DEBUG org.asynchttpclient.netty.channel.ChannelManager - Adding key: http://localhost:53978 for channel [id: 0xb9dd6197, L:/127.0.0.1:49652 - R:localhost/127.0.0.1:53978]
18:26:20.859 [main] DEBUG net.serenitybdd.core.photography.Darkroom - Send negative for processing for target\site\serenity\3988401bec2824c9dd8fb3d6c0f82dde253b439811b515b16d20a71d386771e1.png
18:26:20.859 [main] DEBUG net.thucydides.core.steps.StepInterceptor - STEP DONE: clickButtonSave
18:26:20.859 [Darkroom Processing Line] DEBUG net.serenitybdd.core.photography.DarkroomProcessingLine - Processing screenshot image in /var/screenshots/screenshot-4055869136356406394
18:26:20.859 [Darkroom Processing Line] DEBUG net.serenitybdd.core.photography.DarkroomProcessingLine - Saving screenshot to target\site\serenity\3988401bec2824c9dd8fb3d6c0f82dde253b439811b515b16d20a71d386771e1.png
18:26:21.337 [AsyncHttpClient-1-1] DEBUG org.asynchttpclient.netty.channel.DefaultChannelPool - Entry count for : http://localhost:49653 : 1
18:26:21.337 [AsyncHttpClient-1-1] DEBUG org.asynchttpclient.netty.channel.DefaultChannelPool - Entry count for : http://localhost:53978 : 1
  &amp#27;[32mThen &amp#27;[0m&amp#27;[32mClick button simpan&amp#27;[0m                                                               &amp#27;[90m# starter.stepdefinitios.PatientDataSteps.clickButtonSimpan()&amp#27;[0m
18:26:21.883 [Forwarding screenshot on session ad420ef1fbb07ba80c8fe7a32c6ae732 to remote] DEBUG org.asynchttpclient.netty.request.NettyRequestSender - Using pooled Channel '[id: 0xb9dd6197, L:/127.0.0.1:49652 - R:localhost/127.0.0.1:53978]' for 'GET' to 'http://localhost:53978/session/ad420ef1fbb07ba80c8fe7a32c6ae732/screenshot'
18:26:21.883 [Forwarding screenshot on session ad420ef1fbb07ba80c8fe7a32c6ae732 to remote] DEBUG org.asynchttpclient.netty.request.NettyRequestSender - Using open Channel [id: 0xb9dd6197, L:/127.0.0.1:49652 - R:localhost/127.0.0.1:53978] for GET '/session/ad420ef1fbb07ba80c8fe7a32c6ae732/screenshot'
18:26:22.148 [AsyncHttpClient-1-3] DEBUG org.asynchttpclient.netty.handler.HttpHandler - 

Request DefaultFullHttpRequest(decodeResult: success, version: HTTP/1.1, content: EmptyByteBufBE)
GET /session/ad420ef1fbb07ba80c8fe7a32c6ae732/screenshot HTTP/1.1
User-Agent: selenium/4.1.4 (java windows)
Cache-Control: no-cache
Content-Type: application/json; charset=utf-8
host: localhost:53978
accept: */*

Response DefaultHttpResponse(decodeResult: success, version: HTTP/1.1)
HTTP/1.1 200 OK
Content-Type: application/json; charset=utf-8
cache-control: no-cache
content-length: 58996

18:26:22.149 [AsyncHttpClient-1-3] DEBUG org.asynchttpclient.netty.channel.ChannelManager - Adding key: http://localhost:53978 for channel [id: 0xb9dd6197, L:/127.0.0.1:49652 - R:localhost/127.0.0.1:53978]
18:26:22.152 [main] DEBUG net.serenitybdd.core.photography.Darkroom - Send negative for processing for target\site\serenity\f56150f5bf4b542370ef1ea3fe4028e9b9feb696a76f79a20a01a5e6fbe03b9f.png
18:26:22.153 [Darkroom Processing Line] DEBUG net.serenitybdd.core.photography.DarkroomProcessingLine - Processing screenshot image in /var/screenshots/screenshot-4984701700886451749
18:26:22.153 [Darkroom Processing Line] DEBUG net.serenitybdd.core.photography.DarkroomProcessingLine - Saving screenshot to target\site\serenity\f56150f5bf4b542370ef1ea3fe4028e9b9feb696a76f79a20a01a5e6fbe03b9f.png
18:26:22.439 [AsyncHttpClient-1-1] DEBUG org.asynchttpclient.netty.channel.DefaultChannelPool - Entry count for : http://localhost:49653 : 1
18:26:22.439 [AsyncHttpClient-1-1] DEBUG org.asynchttpclient.netty.channel.DefaultChannelPool - Entry count for : http://localhost:53978 : 1
18:26:23.239 [Forwarding screenshot on session ad420ef1fbb07ba80c8fe7a32c6ae732 to remote] DEBUG org.asynchttpclient.netty.request.NettyRequestSender - Using pooled Channel '[id: 0xb9dd6197, L:/127.0.0.1:49652 - R:localhost/127.0.0.1:53978]' for 'GET' to 'http://localhost:53978/session/ad420ef1fbb07ba80c8fe7a32c6ae732/screenshot'
18:26:23.239 [Forwarding screenshot on session ad420ef1fbb07ba80c8fe7a32c6ae732 to remote] DEBUG org.asynchttpclient.netty.request.NettyRequestSender - Using open Channel [id: 0xb9dd6197, L:/127.0.0.1:49652 - R:localhost/127.0.0.1:53978] for GET '/session/ad420ef1fbb07ba80c8fe7a32c6ae732/screenshot'
18:26:23.549 [AsyncHttpClient-1-1] DEBUG org.asynchttpclient.netty.channel.DefaultChannelPool - Entry count for : http://localhost:49653 : 1
18:26:23.563 [AsyncHttpClient-1-3] DEBUG org.asynchttpclient.netty.handler.HttpHandler - 

Request DefaultFullHttpRequest(decodeResult: success, version: HTTP/1.1, content: EmptyByteBufBE)
GET /session/ad420ef1fbb07ba80c8fe7a32c6ae732/screenshot HTTP/1.1
User-Agent: selenium/4.1.4 (java windows)
Cache-Control: no-cache
Content-Type: application/json; charset=utf-8
host: localhost:53978
accept: */*

Response DefaultHttpResponse(decodeResult: success, version: HTTP/1.1)
HTTP/1.1 200 OK
Content-Type: application/json; charset=utf-8
cache-control: no-cache
content-length: 163776

18:26:23.564 [AsyncHttpClient-1-3] DEBUG org.asynchttpclient.netty.channel.ChannelManager - Adding key: http://localhost:53978 for channel [id: 0xb9dd6197, L:/127.0.0.1:49652 - R:localhost/127.0.0.1:53978]
18:26:23.573 [main] DEBUG net.serenitybdd.core.photography.Darkroom - Send negative for processing for target\site\serenity\e82479768ee871db4a66aa7b69bdbe02fd0a6a81669fc68f3c09441d88217dc0.png
18:26:23.574 [Darkroom Processing Line] DEBUG net.serenitybdd.core.photography.DarkroomProcessingLine - Processing screenshot image in /var/screenshots/screenshot-18011893568977803791
18:26:23.574 [Darkroom Processing Line] DEBUG net.serenitybdd.core.photography.DarkroomProcessingLine - Saving screenshot to target\site\serenity\e82479768ee871db4a66aa7b69bdbe02fd0a6a81669fc68f3c09441d88217dc0.png
18:26:23.574 [main] DEBUG net.thucydides.core.steps.StepInterceptor - STARTING STEP: PatientDataSteps.validateAddErrorMessengerPasien - validateTextMessegerDokter
18:26:23.580 [Forwarding findElement on session ad420ef1fbb07ba80c8fe7a32c6ae732 to remote] DEBUG org.asynchttpclient.netty.request.NettyRequestSender - Using pooled Channel '[id: 0xb9dd6197, L:/127.0.0.1:49652 - R:localhost/127.0.0.1:53978]' for 'POST' to 'http://localhost:53978/session/ad420ef1fbb07ba80c8fe7a32c6ae732/element'
18:26:23.580 [Forwarding findElement on session ad420ef1fbb07ba80c8fe7a32c6ae732 to remote] DEBUG org.asynchttpclient.netty.request.NettyRequestSender - Using open Channel [id: 0xb9dd6197, L:/127.0.0.1:49652 - R:localhost/127.0.0.1:53978] for POST '/session/ad420ef1fbb07ba80c8fe7a32c6ae732/element'
18:26:23.602 [AsyncHttpClient-1-3] DEBUG org.asynchttpclient.netty.handler.HttpHandler - 

Request DefaultHttpRequest(decodeResult: success, version: HTTP/1.1)
POST /session/ad420ef1fbb07ba80c8fe7a32c6ae732/element HTTP/1.1
User-Agent: selenium/4.1.4 (java windows)
Content-Length: 143
Content-Type: application/json; charset=utf-8
host: localhost:53978
accept: */*

Response DefaultHttpResponse(decodeResult: success, version: HTTP/1.1)
HTTP/1.1 200 OK
Content-Type: application/json; charset=utf-8
cache-control: no-cache
content-length: 88

18:26:23.602 [AsyncHttpClient-1-3] DEBUG org.asynchttpclient.netty.channel.ChannelManager - Adding key: http://localhost:53978 for channel [id: 0xb9dd6197, L:/127.0.0.1:49652 - R:localhost/127.0.0.1:53978]
18:26:23.604 [Forwarding getElementText on session ad420ef1fbb07ba80c8fe7a32c6ae732 to remote] DEBUG org.asynchttpclient.netty.request.NettyRequestSender - Using pooled Channel '[id: 0xb9dd6197, L:/127.0.0.1:49652 - R:localhost/127.0.0.1:53978]' for 'GET' to 'http://localhost:53978/session/ad420ef1fbb07ba80c8fe7a32c6ae732/element/5cabfe40-4618-44f5-a778-5bad3fc144ee/text'
18:26:23.604 [Forwarding getElementText on session ad420ef1fbb07ba80c8fe7a32c6ae732 to remote] DEBUG org.asynchttpclient.netty.request.NettyRequestSender - Using open Channel [id: 0xb9dd6197, L:/127.0.0.1:49652 - R:localhost/127.0.0.1:53978] for GET '/session/ad420ef1fbb07ba80c8fe7a32c6ae732/element/5cabfe40-4618-44f5-a778-5bad3fc144ee/text'
18:26:23.678 [AsyncHttpClient-1-3] DEBUG org.asynchttpclient.netty.handler.HttpHandler - 

Request DefaultFullHttpRequest(decodeResult: success, version: HTTP/1.1, content: EmptyByteBufBE)
GET /session/ad420ef1fbb07ba80c8fe7a32c6ae732/element/5cabfe40-4618-44f5-a778-5bad3fc144ee/text HTTP/1.1
User-Agent: selenium/4.1.4 (java windows)
Cache-Control: no-cache
Content-Type: application/json; charset=utf-8
host: localhost:53978
accept: */*

Response DefaultHttpResponse(decodeResult: success, version: HTTP/1.1)
HTTP/1.1 200 OK
Content-Type: application/json; charset=utf-8
cache-control: no-cache
content-length: 118

18:26:23.678 [AsyncHttpClient-1-3] DEBUG org.asynchttpclient.netty.channel.ChannelManager - Adding key: http://localhost:53978 for channel [id: 0xb9dd6197, L:/127.0.0.1:49652 - R:localhost/127.0.0.1:53978]
18:26:23.685 [Forwarding screenshot on session ad420ef1fbb07ba80c8fe7a32c6ae732 to remote] DEBUG org.asynchttpclient.netty.request.NettyRequestSender - Using pooled Channel '[id: 0xb9dd6197, L:/127.0.0.1:49652 - R:localhost/127.0.0.1:53978]' for 'GET' to 'http://localhost:53978/session/ad420ef1fbb07ba80c8fe7a32c6ae732/screenshot'
18:26:23.686 [Forwarding screenshot on session ad420ef1fbb07ba80c8fe7a32c6ae732 to remote] DEBUG org.asynchttpclient.netty.request.NettyRequestSender - Using open Channel [id: 0xb9dd6197, L:/127.0.0.1:49652 - R:localhost/127.0.0.1:53978] for GET '/session/ad420ef1fbb07ba80c8fe7a32c6ae732/screenshot'
18:26:24.112 [AsyncHttpClient-1-3] DEBUG org.asynchttpclient.netty.handler.HttpHandler - 

Request DefaultFullHttpRequest(decodeResult: success, version: HTTP/1.1, content: EmptyByteBufBE)
GET /session/ad420ef1fbb07ba80c8fe7a32c6ae732/screenshot HTTP/1.1
User-Agent: selenium/4.1.4 (java windows)
Cache-Control: no-cache
Content-Type: application/json; charset=utf-8
host: localhost:53978
accept: */*

Response DefaultHttpResponse(decodeResult: success, version: HTTP/1.1)
HTTP/1.1 200 OK
Content-Type: application/json; charset=utf-8
cache-control: no-cache
content-length: 172752

18:26:24.113 [AsyncHttpClient-1-3] DEBUG org.asynchttpclient.netty.channel.ChannelManager - Adding key: http://localhost:53978 for channel [id: 0xb9dd6197, L:/127.0.0.1:49652 - R:localhost/127.0.0.1:53978]
18:26:24.130 [main] DEBUG net.serenitybdd.core.photography.Darkroom - Send negative for processing for target\site\serenity\d24d0f84b0861045c6cf6951c0ec334cc7ef581c4a3f906d8e4fa17c67f90d22.png
18:26:24.130 [main] DEBUG net.thucydides.core.steps.StepInterceptor - STEP DONE: validateTextMessegerDokter
18:26:24.130 [Darkroom Processing Line] DEBUG net.serenitybdd.core.photography.DarkroomProcessingLine - Processing screenshot image in /var/screenshots/screenshot-3247494074542601399
18:26:24.130 [Darkroom Processing Line] DEBUG net.serenitybdd.core.photography.DarkroomProcessingLine - Saving screenshot to target\site\serenity\d24d0f84b0861045c6cf6951c0ec334cc7ef581c4a3f906d8e4fa17c67f90d22.png
  &amp#27;[32mAnd &amp#27;[0m&amp#27;[32mValidate add error messenger &amp#27;[0m&amp#27;[32m&amp#27;[1m""&amp#27;[0m&amp#27;[32m Pasien&amp#27;[0m                                             &amp#27;[90m# starter.stepdefinitios.PatientDataSteps.validateAddErrorMessengerPasien(java.lang.String)&amp#27;[0m
18:26:24.154 [AsyncHttpClient-1-5] DEBUG org.asynchttpclient.netty.handler.WebSocketHandler - Channel Closed: [id: 0xd84a529e, L:/127.0.0.1:49660 ! R:localhost/127.0.0.1:49653] with attribute NettyResponseFuture{currentRetry=5,
	isDone=1,
	isCancelled=0,
	asyncHandler=org.asynchttpclient.ws.WebSocketUpgradeHandler@62382447,
	nettyRequest=org.asynchttpclient.netty.request.NettyRequest@d99e519,
	future=java.util.concurrent.CompletableFuture@1aa4c64a[Completed normally],
	uri=ws://localhost:49653/devtools/browser/cd379559-5ac1-4578-a875-91aa5652a236,
	keepAlive=true,
	redirectCount=0,
	timeoutsHolder=null,
	inAuth=0,
	touch=1658057152028}
18:26:24.154 [AsyncHttpClient-1-5] DEBUG org.asynchttpclient.netty.channel.ChannelManager - Closing Channel [id: 0xd84a529e, L:/127.0.0.1:49660 ! R:localhost/127.0.0.1:49653] 
18:26:24.155 [Driver Command Executor] DEBUG org.asynchttpclient.netty.request.NettyRequestSender - Using pooled Channel '[id: 0xb9dd6197, L:/127.0.0.1:49652 - R:localhost/127.0.0.1:53978]' for 'DELETE' to 'http://localhost:53978/session/ad420ef1fbb07ba80c8fe7a32c6ae732'
18:26:24.155 [Driver Command Executor] DEBUG org.asynchttpclient.netty.request.NettyRequestSender - Using open Channel [id: 0xb9dd6197, L:/127.0.0.1:49652 - R:localhost/127.0.0.1:53978] for DELETE '/session/ad420ef1fbb07ba80c8fe7a32c6ae732'
18:26:24.214 [AsyncHttpClient-1-4] DEBUG org.asynchttpclient.netty.handler.HttpHandler - Unexpected I/O exception on channel [id: 0x9b7a0d72, L:/127.0.0.1:49659 - R:localhost/127.0.0.1:49653]
java.io.IOException: An existing connection was forcibly closed by the remote host
	at java.base/sun.nio.ch.SocketDispatcher.read0(Native Method)
	at java.base/sun.nio.ch.SocketDispatcher.read(SocketDispatcher.java:43)
	at java.base/sun.nio.ch.IOUtil.readIntoNativeBuffer(IOUtil.java:276)
	at java.base/sun.nio.ch.IOUtil.read(IOUtil.java:233)
	at java.base/sun.nio.ch.IOUtil.read(IOUtil.java:223)
	at java.base/sun.nio.ch.SocketChannelImpl.read(SocketChannelImpl.java:356)
	at io.netty.buffer.PooledByteBuf.setBytes(PooledByteBuf.java:258)
	at io.netty.buffer.AbstractByteBuf.writeBytes(AbstractByteBuf.java:1132)
	at io.netty.channel.socket.nio.NioSocketChannel.doReadBytes(NioSocketChannel.java:357)
	at io.netty.channel.nio.AbstractNioByteChannel$NioByteUnsafe.read(AbstractNioByteChannel.java:151)
	at io.netty.channel.nio.NioEventLoop.processSelectedKey(NioEventLoop.java:722)
	at io.netty.channel.nio.NioEventLoop.processSelectedKeysOptimized(NioEventLoop.java:658)
	at io.netty.channel.nio.NioEventLoop.processSelectedKeys(NioEventLoop.java:584)
	at io.netty.channel.nio.NioEventLoop.run(NioEventLoop.java:496)
	at io.netty.util.concurrent.SingleThreadEventExecutor$4.run(SingleThreadEventExecutor.java:986)
	at io.netty.util.internal.ThreadExecutorMap$2.run(ThreadExecutorMap.java:74)
	at io.netty.util.concurrent.FastThreadLocalRunnable.run(FastThreadLocalRunnable.java:30)
	at java.base/java.lang.Thread.run(Thread.java:829)
18:26:24.214 [AsyncHttpClient-1-4] DEBUG org.asynchttpclient.netty.channel.ChannelManager - Closing Channel [id: 0x9b7a0d72, L:/127.0.0.1:49659 - R:localhost/127.0.0.1:49653] 
18:26:24.214 [AsyncHttpClient-1-4] DEBUG org.asynchttpclient.netty.handler.HttpHandler - Channel Closed: [id: 0x9b7a0d72, L:/127.0.0.1:49659 ! R:localhost/127.0.0.1:49653] with attribute DISCARD
18:26:24.302 [AsyncHttpClient-1-3] DEBUG org.asynchttpclient.netty.handler.HttpHandler - 

Request DefaultFullHttpRequest(decodeResult: success, version: HTTP/1.1, content: EmptyByteBufBE)
DELETE /session/ad420ef1fbb07ba80c8fe7a32c6ae732 HTTP/1.1
User-Agent: selenium/4.1.4 (java windows)
Content-Type: application/json; charset=utf-8
host: localhost:53978
accept: */*

Response DefaultHttpResponse(decodeResult: success, version: HTTP/1.1)
HTTP/1.1 200 OK
Content-Type: application/json; charset=utf-8
cache-control: no-cache
content-length: 14

18:26:24.302 [AsyncHttpClient-1-3] DEBUG org.asynchttpclient.netty.channel.ChannelManager - Adding key: http://localhost:53978 for channel [id: 0xb9dd6197, L:/127.0.0.1:49652 - R:localhost/127.0.0.1:53978]
18:26:24.369 [AsyncHttpClient-1-3] DEBUG org.asynchttpclient.netty.handler.HttpHandler - Channel Closed: [id: 0xb9dd6197, L:/127.0.0.1:49652 ! R:localhost/127.0.0.1:53978] with attribute DISCARD
18:26:24.390 [main] INFO  - 
  _____   ___   ___   _____     ___     _     ___   ___   ___   ___  
 |_   _| | __| / __| |_   _|   | _ \   /_\   / __| / __| | __| |   \ 
   | |   | _|  \__ \   | |     |  _/  / _ \  \__ \ \__ \ | _|  | |) |
   |_|   |___| |___/   |_|     |_|   /_/ \_\ |___/ |___/ |___| |___/ 

As a admin i want to add data pasien (JK Laki-Laki) - Valid not Gender
----------------------------------------------------------------------
]]></system-out>
    <system-err><![CDATA[Starting ChromeDriver 103.0.5060.53 (a1711811edd74ff1cf2150f36ffa3b0dae40b17f-refs/branch-heads/5060@{#853}) on port 53978
Only local connections are allowed.
Please see https://chromedriver.chromium.org/security-considerations for suggestions on keeping ChromeDriver safe.
ChromeDriver was started successfully.
Jul 17, 2022 6:25:52 PM org.openqa.selenium.remote.ProtocolHandshake createSession
INFO: Detected dialect: W3C
Jul 17, 2022 6:25:52 PM org.openqa.selenium.devtools.CdpVersionFinder findNearestMatch
WARNING: Unable to find an exact match for CDP version 103, so returning the closest version found: 101
Jul 17, 2022 6:25:52 PM org.openqa.selenium.devtools.CdpVersionFinder findNearestMatch
INFO: Found CDP implementation for version 103 of 101
]]></system-err>
  </testcase>
  <testcase name="As a admin i want to edit data pasien (JK Perempuan) - Valid" classname="Data Pasien - Admin" time="49.399">
    <system-out><![CDATA[
@DataPasien111 @EditPatientDataValid
Scenario Outline: As a admin i want to edit data pasien (JK Perempuan) - Valid           &amp#27;[90m# src/test/resources/features/4DataPasien.feature:81&amp#27;[0m
18:26:24.418 [main] INFO io.cucumber.core.plugin.SerenityReporter - Running feature from file:///C:/Alterra/CapstoneBaru/QE/TestingWebUpdate/src/test/resources/features/4DataPasien.feature
18:26:24.422 [main] INFO  - 
  _____   ___   ___   _____     ___   _____     _     ___   _____   ___   ___  
 |_   _| | __| / __| |_   _|   / __| |_   _|   /_\   | _ \ |_   _| | __| |   \ 
   | |   | _|  \__ \   | |     \__ \   | |    / _ \  |   /   | |   | _|  | |) |
   |_|   |___| |___/   |_|     |___/   |_|   /_/ \_\ |_|_\   |_|   |___| |___/ 

As a admin i want to edit data pasien (JK Perempuan) - Valid(data-pasien---admin;as-a-admin-i-want-to-edit-data-pasien-(jk-perempuan)---valid)
--------------------------------------------------------------------------------
18:26:24.493 [main] DEBUG net.thucydides.core.steps.StepInterceptor - STARTING STEP: LoginSteps.openLoginPage - openLogin
18:26:24.495 [main] INFO net.serenitybdd.core.webdriver.driverproviders.ChromeDriverProvider - Using automatically driver download
18:26:24.635 [AsyncHttpClient-1-1] DEBUG org.asynchttpclient.netty.channel.DefaultChannelPool - Entry count for : http://localhost:49653 : 1
18:26:24.635 [AsyncHttpClient-1-1] DEBUG org.asynchttpclient.netty.channel.DefaultChannelPool - Entry count for : http://localhost:53978 : 1
18:26:24.635 [AsyncHttpClient-1-1] DEBUG org.asynchttpclient.netty.channel.DefaultChannelPool - Adding Candidate expired Channel [id: 0x9b7a0d72, L:/127.0.0.1:49659 ! R:localhost/127.0.0.1:49653] isIdleTimeoutExpired=false isRemotelyClosed=true isTtlExpired=false
18:26:24.635 [AsyncHttpClient-1-1] DEBUG org.asynchttpclient.netty.channel.DefaultChannelPool - Closing Idle Channel [id: 0x9b7a0d72, L:/127.0.0.1:49659 ! R:localhost/127.0.0.1:49653]
18:26:24.635 [AsyncHttpClient-1-1] DEBUG org.asynchttpclient.netty.channel.DefaultChannelPool - Adding Candidate expired Channel [id: 0xb9dd6197, L:/127.0.0.1:49652 ! R:localhost/127.0.0.1:53978] isIdleTimeoutExpired=false isRemotelyClosed=true isTtlExpired=false
18:26:24.635 [AsyncHttpClient-1-1] DEBUG org.asynchttpclient.netty.channel.DefaultChannelPool - Closing Idle Channel [id: 0xb9dd6197, L:/127.0.0.1:49652 ! R:localhost/127.0.0.1:53978]
18:26:24.635 [AsyncHttpClient-1-1] DEBUG org.asynchttpclient.netty.channel.DefaultChannelPool - Closed 2 connections out of 2 in 0 ms
18:26:24.774 [main] DEBUG io.github.bonigarcia.wdm.cache.ResolutionCache - Resolution chrome=103 in cache (valid until 18:54:33 17/07/2022 ICT)
18:26:24.787 [main] DEBUG io.github.bonigarcia.wdm.cache.ResolutionCache - Resolution chrome103=103.0.5060.53 in cache (valid until 17:54:33 18/07/2022 ICT)
18:26:24.791 [main] INFO io.github.bonigarcia.wdm.WebDriverManager - Using chromedriver 103.0.5060.53 (resolved driver for Chrome 103)
18:26:24.807 [main] DEBUG io.github.bonigarcia.wdm.WebDriverManager - Driver chromedriver 103.0.5060.53 found in cache
18:26:24.807 [main] INFO io.github.bonigarcia.wdm.WebDriverManager - Exporting webdriver.chrome.driver as C:\Users\Bagas Dwi Saputra\.cache\selenium\chromedriver\win32\103.0.5060.53\chromedriver.exe
18:26:25.070 [main] DEBUG net.serenitybdd.core.webdriver.driverproviders.ProvideNewDriver - Instantiating driver
18:26:25.070 [main] DEBUG net.serenitybdd.core.webdriver.driverproviders.ProvideNewDriver - Driver capabilities: Capabilities {acceptInsecureCerts: false, base.url: https://fanciful-trifle-360..., browserName: chrome, chorme.driver: src/test/resources/webdrive..., driver: chrome, goog:chromeOptions: {args: [], extensions: []}}
18:26:25.186 [AsyncHttpClient-1-6] DEBUG org.asynchttpclient.netty.channel.NettyConnectListener - Using new Channel '[id: 0x0e9e455c, L:/127.0.0.1:49687 - R:localhost/127.0.0.1:62857]' for 'POST' to '/session'
18:26:26.164 [AsyncHttpClient-1-6] DEBUG org.asynchttpclient.netty.handler.HttpHandler - 

Request DefaultHttpRequest(decodeResult: success, version: HTTP/1.1)
POST /session HTTP/1.1
User-Agent: selenium/4.1.4 (java windows)
Content-Length: 629
Content-Type: application/json; charset=utf-8
host: localhost:62857
accept: */*

Response DefaultHttpResponse(decodeResult: success, version: HTTP/1.1)
HTTP/1.1 200 OK
Content-Type: application/json; charset=utf-8
cache-control: no-cache
content-length: 791

18:26:26.164 [AsyncHttpClient-1-6] DEBUG org.asynchttpclient.netty.channel.ChannelManager - Adding key: http://localhost:62857 for channel [id: 0x0e9e455c, L:/127.0.0.1:49687 - R:localhost/127.0.0.1:62857]
18:26:26.173 [AsyncHttpClient-1-7] DEBUG org.asynchttpclient.netty.channel.NettyConnectListener - Using new Channel '[id: 0x493992b6, L:/127.0.0.1:49694 - R:localhost/127.0.0.1:49688]' for 'GET' to '/json/version'
18:26:26.174 [AsyncHttpClient-1-7] DEBUG org.asynchttpclient.netty.handler.HttpHandler - 

Request DefaultFullHttpRequest(decodeResult: success, version: HTTP/1.1, content: EmptyByteBufBE)
GET /json/version HTTP/1.1
User-Agent: selenium/4.1.4 (java windows)
host: localhost:49688
accept: */*

Response DefaultHttpResponse(decodeResult: success, version: HTTP/1.1)
HTTP/1.1 200 OK
Content-Type: application/json; charset=UTF-8
content-length: 429

18:26:26.174 [AsyncHttpClient-1-7] DEBUG org.asynchttpclient.netty.channel.ChannelManager - Adding key: http://localhost:49688 for channel [id: 0x493992b6, L:/127.0.0.1:49694 - R:localhost/127.0.0.1:49688]
18:26:26.178 [AsyncHttpClient-1-8] DEBUG org.asynchttpclient.netty.channel.NettyConnectListener - Using new Channel '[id: 0x920e998a, L:/127.0.0.1:49695 - R:localhost/127.0.0.1:49688]' for 'GET' to '/devtools/browser/7c80dd91-5d6f-4a2f-9cf6-cb58395c360d'
18:26:26.178 [AsyncHttpClient-1-8] DEBUG org.asynchttpclient.netty.handler.WebSocketHandler - 

Request DefaultFullHttpRequest(decodeResult: success, version: HTTP/1.1, content: EmptyByteBufBE)
GET /devtools/browser/7c80dd91-5d6f-4a2f-9cf6-cb58395c360d HTTP/1.1
upgrade: websocket
connection: upgrade
sec-websocket-key: 27GyatMPV0inEmp6x6bVfw==
sec-websocket-version: 13
origin: http://localhost:49688
host: localhost:49688
accept: */*
user-agent: AHC/2.1

Response DefaultHttpResponse(decodeResult: success, version: HTTP/1.1)
HTTP/1.1 101 WebSocket Protocol Handshake
Upgrade: WebSocket
Connection: Upgrade
Sec-WebSocket-Accept: Rgif4QWqnWz/95uUXdgGsPQRzzg=

18:26:26.187 [Forwarding get on session f22b682b2f53de9422a0d6dddd0735e0 to remote] DEBUG org.asynchttpclient.netty.request.NettyRequestSender - Using pooled Channel '[id: 0x0e9e455c, L:/127.0.0.1:49687 - R:localhost/127.0.0.1:62857]' for 'POST' to 'http://localhost:62857/session/f22b682b2f53de9422a0d6dddd0735e0/url'
18:26:26.187 [Forwarding get on session f22b682b2f53de9422a0d6dddd0735e0 to remote] DEBUG org.asynchttpclient.netty.request.NettyRequestSender - Using open Channel [id: 0x0e9e455c, L:/127.0.0.1:49687 - R:localhost/127.0.0.1:62857] for POST '/session/f22b682b2f53de9422a0d6dddd0735e0/url'
18:26:26.841 [AsyncHttpClient-1-1] DEBUG org.asynchttpclient.netty.channel.DefaultChannelPool - Entry count for : http://localhost:49688 : 1
18:26:27.809 [AsyncHttpClient-1-6] DEBUG org.asynchttpclient.netty.handler.HttpHandler - 

Request DefaultHttpRequest(decodeResult: success, version: HTTP/1.1)
POST /session/f22b682b2f53de9422a0d6dddd0735e0/url HTTP/1.1
User-Agent: selenium/4.1.4 (java windows)
Content-Length: 78
Content-Type: application/json; charset=utf-8
host: localhost:62857
accept: */*

Response DefaultHttpResponse(decodeResult: success, version: HTTP/1.1)
HTTP/1.1 200 OK
Content-Type: application/json; charset=utf-8
cache-control: no-cache
content-length: 14

18:26:27.809 [AsyncHttpClient-1-6] DEBUG org.asynchttpclient.netty.channel.ChannelManager - Adding key: http://localhost:62857 for channel [id: 0x0e9e455c, L:/127.0.0.1:49687 - R:localhost/127.0.0.1:62857]
18:26:27.811 [Forwarding setTimeout on session f22b682b2f53de9422a0d6dddd0735e0 to remote] DEBUG org.asynchttpclient.netty.request.NettyRequestSender - Using pooled Channel '[id: 0x0e9e455c, L:/127.0.0.1:49687 - R:localhost/127.0.0.1:62857]' for 'POST' to 'http://localhost:62857/session/f22b682b2f53de9422a0d6dddd0735e0/timeouts'
18:26:27.811 [Forwarding setTimeout on session f22b682b2f53de9422a0d6dddd0735e0 to remote] DEBUG org.asynchttpclient.netty.request.NettyRequestSender - Using open Channel [id: 0x0e9e455c, L:/127.0.0.1:49687 - R:localhost/127.0.0.1:62857] for POST '/session/f22b682b2f53de9422a0d6dddd0735e0/timeouts'
18:26:27.812 [AsyncHttpClient-1-6] DEBUG org.asynchttpclient.netty.handler.HttpHandler - 

Request DefaultHttpRequest(decodeResult: success, version: HTTP/1.1)
POST /session/f22b682b2f53de9422a0d6dddd0735e0/timeouts HTTP/1.1
User-Agent: selenium/4.1.4 (java windows)
Content-Length: 22
Content-Type: application/json; charset=utf-8
host: localhost:62857
accept: */*

Response DefaultHttpResponse(decodeResult: success, version: HTTP/1.1)
HTTP/1.1 200 OK
Content-Type: application/json; charset=utf-8
cache-control: no-cache
content-length: 14

18:26:27.812 [AsyncHttpClient-1-6] DEBUG org.asynchttpclient.netty.channel.ChannelManager - Adding key: http://localhost:62857 for channel [id: 0x0e9e455c, L:/127.0.0.1:49687 - R:localhost/127.0.0.1:62857]
18:26:27.813 [Forwarding getCurrentUrl on session f22b682b2f53de9422a0d6dddd0735e0 to remote] DEBUG org.asynchttpclient.netty.request.NettyRequestSender - Using pooled Channel '[id: 0x0e9e455c, L:/127.0.0.1:49687 - R:localhost/127.0.0.1:62857]' for 'GET' to 'http://localhost:62857/session/f22b682b2f53de9422a0d6dddd0735e0/url'
18:26:27.813 [Forwarding getCurrentUrl on session f22b682b2f53de9422a0d6dddd0735e0 to remote] DEBUG org.asynchttpclient.netty.request.NettyRequestSender - Using open Channel [id: 0x0e9e455c, L:/127.0.0.1:49687 - R:localhost/127.0.0.1:62857] for GET '/session/f22b682b2f53de9422a0d6dddd0735e0/url'
18:26:27.821 [AsyncHttpClient-1-6] DEBUG org.asynchttpclient.netty.handler.HttpHandler - 

Request DefaultFullHttpRequest(decodeResult: success, version: HTTP/1.1, content: EmptyByteBufBE)
GET /session/f22b682b2f53de9422a0d6dddd0735e0/url HTTP/1.1
User-Agent: selenium/4.1.4 (java windows)
Cache-Control: no-cache
Content-Type: application/json; charset=utf-8
host: localhost:62857
accept: */*

Response DefaultHttpResponse(decodeResult: success, version: HTTP/1.1)
HTTP/1.1 200 OK
Content-Type: application/json; charset=utf-8
cache-control: no-cache
content-length: 60

18:26:27.821 [AsyncHttpClient-1-6] DEBUG org.asynchttpclient.netty.channel.ChannelManager - Adding key: http://localhost:62857 for channel [id: 0x0e9e455c, L:/127.0.0.1:49687 - R:localhost/127.0.0.1:62857]
18:26:27.829 [Forwarding screenshot on session f22b682b2f53de9422a0d6dddd0735e0 to remote] DEBUG org.asynchttpclient.netty.request.NettyRequestSender - Using pooled Channel '[id: 0x0e9e455c, L:/127.0.0.1:49687 - R:localhost/127.0.0.1:62857]' for 'GET' to 'http://localhost:62857/session/f22b682b2f53de9422a0d6dddd0735e0/screenshot'
18:26:27.829 [Forwarding screenshot on session f22b682b2f53de9422a0d6dddd0735e0 to remote] DEBUG org.asynchttpclient.netty.request.NettyRequestSender - Using open Channel [id: 0x0e9e455c, L:/127.0.0.1:49687 - R:localhost/127.0.0.1:62857] for GET '/session/f22b682b2f53de9422a0d6dddd0735e0/screenshot'
18:26:27.939 [AsyncHttpClient-1-1] DEBUG org.asynchttpclient.netty.channel.DefaultChannelPool - Entry count for : http://localhost:49688 : 1
18:26:28.306 [AsyncHttpClient-1-6] DEBUG org.asynchttpclient.netty.handler.HttpHandler - 

Request DefaultFullHttpRequest(decodeResult: success, version: HTTP/1.1, content: EmptyByteBufBE)
GET /session/f22b682b2f53de9422a0d6dddd0735e0/screenshot HTTP/1.1
User-Agent: selenium/4.1.4 (java windows)
Cache-Control: no-cache
Content-Type: application/json; charset=utf-8
host: localhost:62857
accept: */*

Response DefaultHttpResponse(decodeResult: success, version: HTTP/1.1)
HTTP/1.1 200 OK
Content-Type: application/json; charset=utf-8
cache-control: no-cache
content-length: 380436

18:26:28.314 [AsyncHttpClient-1-6] DEBUG org.asynchttpclient.netty.channel.ChannelManager - Adding key: http://localhost:62857 for channel [id: 0x0e9e455c, L:/127.0.0.1:49687 - R:localhost/127.0.0.1:62857]
18:26:28.335 [main] DEBUG net.serenitybdd.core.photography.Darkroom - Send negative for processing for target\site\serenity\d122c364c40ece9db0ad32cd97c3fcf63e95ba606118dda8d3e5a1d2b8235ce2.png
18:26:28.336 [main] DEBUG net.thucydides.core.steps.StepInterceptor - STEP DONE: openLogin
  &amp#27;[32mGiven &amp#27;[0m&amp#27;[32mOpen login page&amp#27;[0m                                                                  &amp#27;[90m# starter.stepdefinitios.LoginSteps.openLoginPage()&amp#27;[0m
18:26:28.859 [Forwarding findElement on session f22b682b2f53de9422a0d6dddd0735e0 to remote] DEBUG org.asynchttpclient.netty.request.NettyRequestSender - Using pooled Channel '[id: 0x0e9e455c, L:/127.0.0.1:49687 - R:localhost/127.0.0.1:62857]' for 'POST' to 'http://localhost:62857/session/f22b682b2f53de9422a0d6dddd0735e0/element'
18:26:28.859 [Forwarding findElement on session f22b682b2f53de9422a0d6dddd0735e0 to remote] DEBUG org.asynchttpclient.netty.request.NettyRequestSender - Using open Channel [id: 0x0e9e455c, L:/127.0.0.1:49687 - R:localhost/127.0.0.1:62857] for POST '/session/f22b682b2f53de9422a0d6dddd0735e0/element'
18:26:28.892 [AsyncHttpClient-1-6] DEBUG org.asynchttpclient.netty.handler.HttpHandler - 

Request DefaultHttpRequest(decodeResult: success, version: HTTP/1.1)
POST /session/f22b682b2f53de9422a0d6dddd0735e0/element HTTP/1.1
User-Agent: selenium/4.1.4 (java windows)
Content-Length: 70
Content-Type: application/json; charset=utf-8
host: localhost:62857
accept: */*

Response DefaultHttpResponse(decodeResult: success, version: HTTP/1.1)
HTTP/1.1 200 OK
Content-Type: application/json; charset=utf-8
cache-control: no-cache
content-length: 88

18:26:28.892 [AsyncHttpClient-1-6] DEBUG org.asynchttpclient.netty.channel.ChannelManager - Adding key: http://localhost:62857 for channel [id: 0x0e9e455c, L:/127.0.0.1:49687 - R:localhost/127.0.0.1:62857]
18:26:28.894 [Forwarding sendKeysToElement on session f22b682b2f53de9422a0d6dddd0735e0 to remote] DEBUG org.asynchttpclient.netty.request.NettyRequestSender - Using pooled Channel '[id: 0x0e9e455c, L:/127.0.0.1:49687 - R:localhost/127.0.0.1:62857]' for 'POST' to 'http://localhost:62857/session/f22b682b2f53de9422a0d6dddd0735e0/element/d34368a5-337e-47ab-b903-5829f9785816/value'
18:26:28.894 [Forwarding sendKeysToElement on session f22b682b2f53de9422a0d6dddd0735e0 to remote] DEBUG org.asynchttpclient.netty.request.NettyRequestSender - Using open Channel [id: 0x0e9e455c, L:/127.0.0.1:49687 - R:localhost/127.0.0.1:62857] for POST '/session/f22b682b2f53de9422a0d6dddd0735e0/element/d34368a5-337e-47ab-b903-5829f9785816/value'
18:26:29.049 [AsyncHttpClient-1-1] DEBUG org.asynchttpclient.netty.channel.DefaultChannelPool - Entry count for : http://localhost:49688 : 1
18:26:29.056 [AsyncHttpClient-1-6] DEBUG org.asynchttpclient.netty.handler.HttpHandler - 

Request DefaultHttpRequest(decodeResult: success, version: HTTP/1.1)
POST /session/f22b682b2f53de9422a0d6dddd0735e0/element/d34368a5-337e-47ab-b903-5829f9785816/value HTTP/1.1
User-Agent: selenium/4.1.4 (java windows)
Content-Length: 131
Content-Type: application/json; charset=utf-8
host: localhost:62857
accept: */*

Response DefaultHttpResponse(decodeResult: success, version: HTTP/1.1)
HTTP/1.1 200 OK
Content-Type: application/json; charset=utf-8
cache-control: no-cache
content-length: 14

18:26:29.056 [AsyncHttpClient-1-6] DEBUG org.asynchttpclient.netty.channel.ChannelManager - Adding key: http://localhost:62857 for channel [id: 0x0e9e455c, L:/127.0.0.1:49687 - R:localhost/127.0.0.1:62857]
  &amp#27;[32mAnd &amp#27;[0m&amp#27;[32mI input &amp#27;[0m&amp#27;[32m&amp#27;[1m"admin"&amp#27;[0m&amp#27;[32m login email valid&amp#27;[0m                                                  &amp#27;[90m# starter.stepdefinitios.LoginSteps.iInputLoginEmailValid(java.lang.String)&amp#27;[0m
18:26:29.068 [Forwarding screenshot on session f22b682b2f53de9422a0d6dddd0735e0 to remote] DEBUG org.asynchttpclient.netty.request.NettyRequestSender - Using pooled Channel '[id: 0x0e9e455c, L:/127.0.0.1:49687 - R:localhost/127.0.0.1:62857]' for 'GET' to 'http://localhost:62857/session/f22b682b2f53de9422a0d6dddd0735e0/screenshot'
18:26:29.068 [Forwarding screenshot on session f22b682b2f53de9422a0d6dddd0735e0 to remote] DEBUG org.asynchttpclient.netty.request.NettyRequestSender - Using open Channel [id: 0x0e9e455c, L:/127.0.0.1:49687 - R:localhost/127.0.0.1:62857] for GET '/session/f22b682b2f53de9422a0d6dddd0735e0/screenshot'
18:26:29.394 [AsyncHttpClient-1-6] DEBUG org.asynchttpclient.netty.handler.HttpHandler - 

Request DefaultFullHttpRequest(decodeResult: success, version: HTTP/1.1, content: EmptyByteBufBE)
GET /session/f22b682b2f53de9422a0d6dddd0735e0/screenshot HTTP/1.1
User-Agent: selenium/4.1.4 (java windows)
Cache-Control: no-cache
Content-Type: application/json; charset=utf-8
host: localhost:62857
accept: */*

Response DefaultHttpResponse(decodeResult: success, version: HTTP/1.1)
HTTP/1.1 200 OK
Content-Type: application/json; charset=utf-8
cache-control: no-cache
content-length: 379420

18:26:29.400 [AsyncHttpClient-1-6] DEBUG org.asynchttpclient.netty.channel.ChannelManager - Adding key: http://localhost:62857 for channel [id: 0x0e9e455c, L:/127.0.0.1:49687 - R:localhost/127.0.0.1:62857]
18:26:29.419 [main] DEBUG net.serenitybdd.core.photography.Darkroom - Send negative for processing for target\site\serenity\93df20195d3751dea78ac30a105f84d37c410e0341f58ded6fb231b5b47402e6.png
18:26:29.938 [Forwarding screenshot on session f22b682b2f53de9422a0d6dddd0735e0 to remote] DEBUG org.asynchttpclient.netty.request.NettyRequestSender - Using pooled Channel '[id: 0x0e9e455c, L:/127.0.0.1:49687 - R:localhost/127.0.0.1:62857]' for 'GET' to 'http://localhost:62857/session/f22b682b2f53de9422a0d6dddd0735e0/screenshot'
18:26:29.938 [Forwarding screenshot on session f22b682b2f53de9422a0d6dddd0735e0 to remote] DEBUG org.asynchttpclient.netty.request.NettyRequestSender - Using open Channel [id: 0x0e9e455c, L:/127.0.0.1:49687 - R:localhost/127.0.0.1:62857] for GET '/session/f22b682b2f53de9422a0d6dddd0735e0/screenshot'
18:26:30.135 [AsyncHttpClient-1-1] DEBUG org.asynchttpclient.netty.channel.DefaultChannelPool - Entry count for : http://localhost:49688 : 1
18:26:30.370 [AsyncHttpClient-1-6] DEBUG org.asynchttpclient.netty.handler.HttpHandler - 

Request DefaultFullHttpRequest(decodeResult: success, version: HTTP/1.1, content: EmptyByteBufBE)
GET /session/f22b682b2f53de9422a0d6dddd0735e0/screenshot HTTP/1.1
User-Agent: selenium/4.1.4 (java windows)
Cache-Control: no-cache
Content-Type: application/json; charset=utf-8
host: localhost:62857
accept: */*

Response DefaultHttpResponse(decodeResult: success, version: HTTP/1.1)
HTTP/1.1 200 OK
Content-Type: application/json; charset=utf-8
cache-control: no-cache
content-length: 379404

18:26:30.372 [AsyncHttpClient-1-6] DEBUG org.asynchttpclient.netty.channel.ChannelManager - Adding key: http://localhost:62857 for channel [id: 0x0e9e455c, L:/127.0.0.1:49687 - R:localhost/127.0.0.1:62857]
18:26:30.394 [main] DEBUG net.serenitybdd.core.photography.Darkroom - Send negative for processing for target\site\serenity\f684e1524ced0278b0b6c6b37709a7cbfb8281aeb576b04a4743fda17448b798.png
18:26:30.394 [main] DEBUG net.thucydides.core.steps.StepInterceptor - STARTING STEP: LoginSteps.iInputLoginPasswordValid - inputPasswordLogin
18:26:30.398 [Forwarding findElement on session f22b682b2f53de9422a0d6dddd0735e0 to remote] DEBUG org.asynchttpclient.netty.request.NettyRequestSender - Using pooled Channel '[id: 0x0e9e455c, L:/127.0.0.1:49687 - R:localhost/127.0.0.1:62857]' for 'POST' to 'http://localhost:62857/session/f22b682b2f53de9422a0d6dddd0735e0/element'
18:26:30.398 [Forwarding findElement on session f22b682b2f53de9422a0d6dddd0735e0 to remote] DEBUG org.asynchttpclient.netty.request.NettyRequestSender - Using open Channel [id: 0x0e9e455c, L:/127.0.0.1:49687 - R:localhost/127.0.0.1:62857] for POST '/session/f22b682b2f53de9422a0d6dddd0735e0/element'
18:26:30.419 [AsyncHttpClient-1-6] DEBUG org.asynchttpclient.netty.handler.HttpHandler - 

Request DefaultHttpRequest(decodeResult: success, version: HTTP/1.1)
POST /session/f22b682b2f53de9422a0d6dddd0735e0/element HTTP/1.1
User-Agent: selenium/4.1.4 (java windows)
Content-Length: 70
Content-Type: application/json; charset=utf-8
host: localhost:62857
accept: */*

Response DefaultHttpResponse(decodeResult: success, version: HTTP/1.1)
HTTP/1.1 200 OK
Content-Type: application/json; charset=utf-8
cache-control: no-cache
content-length: 88

18:26:30.419 [AsyncHttpClient-1-6] DEBUG org.asynchttpclient.netty.channel.ChannelManager - Adding key: http://localhost:62857 for channel [id: 0x0e9e455c, L:/127.0.0.1:49687 - R:localhost/127.0.0.1:62857]
18:26:30.421 [Forwarding sendKeysToElement on session f22b682b2f53de9422a0d6dddd0735e0 to remote] DEBUG org.asynchttpclient.netty.request.NettyRequestSender - Using pooled Channel '[id: 0x0e9e455c, L:/127.0.0.1:49687 - R:localhost/127.0.0.1:62857]' for 'POST' to 'http://localhost:62857/session/f22b682b2f53de9422a0d6dddd0735e0/element/392feca0-7e8e-43b2-9512-6007d41fd8f5/value'
18:26:30.421 [Forwarding sendKeysToElement on session f22b682b2f53de9422a0d6dddd0735e0 to remote] DEBUG org.asynchttpclient.netty.request.NettyRequestSender - Using open Channel [id: 0x0e9e455c, L:/127.0.0.1:49687 - R:localhost/127.0.0.1:62857] for POST '/session/f22b682b2f53de9422a0d6dddd0735e0/element/392feca0-7e8e-43b2-9512-6007d41fd8f5/value'
18:26:30.556 [AsyncHttpClient-1-6] DEBUG org.asynchttpclient.netty.handler.HttpHandler - 

Request DefaultHttpRequest(decodeResult: success, version: HTTP/1.1)
POST /session/f22b682b2f53de9422a0d6dddd0735e0/element/392feca0-7e8e-43b2-9512-6007d41fd8f5/value HTTP/1.1
User-Agent: selenium/4.1.4 (java windows)
Content-Length: 161
Content-Type: application/json; charset=utf-8
host: localhost:62857
accept: */*

Response DefaultHttpResponse(decodeResult: success, version: HTTP/1.1)
HTTP/1.1 200 OK
Content-Type: application/json; charset=utf-8
cache-control: no-cache
content-length: 14

18:26:30.556 [AsyncHttpClient-1-6] DEBUG org.asynchttpclient.netty.channel.ChannelManager - Adding key: http://localhost:62857 for channel [id: 0x0e9e455c, L:/127.0.0.1:49687 - R:localhost/127.0.0.1:62857]
18:26:30.562 [Forwarding screenshot on session f22b682b2f53de9422a0d6dddd0735e0 to remote] DEBUG org.asynchttpclient.netty.request.NettyRequestSender - Using pooled Channel '[id: 0x0e9e455c, L:/127.0.0.1:49687 - R:localhost/127.0.0.1:62857]' for 'GET' to 'http://localhost:62857/session/f22b682b2f53de9422a0d6dddd0735e0/screenshot'
18:26:30.562 [Forwarding screenshot on session f22b682b2f53de9422a0d6dddd0735e0 to remote] DEBUG org.asynchttpclient.netty.request.NettyRequestSender - Using open Channel [id: 0x0e9e455c, L:/127.0.0.1:49687 - R:localhost/127.0.0.1:62857] for GET '/session/f22b682b2f53de9422a0d6dddd0735e0/screenshot'
18:26:30.755 [AsyncHttpClient-1-6] DEBUG org.asynchttpclient.netty.handler.HttpHandler - 

Request DefaultFullHttpRequest(decodeResult: success, version: HTTP/1.1, content: EmptyByteBufBE)
GET /session/f22b682b2f53de9422a0d6dddd0735e0/screenshot HTTP/1.1
User-Agent: selenium/4.1.4 (java windows)
Cache-Control: no-cache
Content-Type: application/json; charset=utf-8
host: localhost:62857
accept: */*

Response DefaultHttpResponse(decodeResult: success, version: HTTP/1.1)
HTTP/1.1 200 OK
Content-Type: application/json; charset=utf-8
cache-control: no-cache
content-length: 377580

18:26:30.755 [AsyncHttpClient-1-6] DEBUG org.asynchttpclient.netty.channel.ChannelManager - Adding key: http://localhost:62857 for channel [id: 0x0e9e455c, L:/127.0.0.1:49687 - R:localhost/127.0.0.1:62857]
18:26:30.762 [main] DEBUG net.serenitybdd.core.photography.Darkroom - Send negative for processing for target\site\serenity\44fa0aa493cf3a3837a7fab79c30bded8f584eda85d2cfd055a7ef5b4e3f0a4a.png
18:26:30.762 [main] DEBUG net.thucydides.core.steps.StepInterceptor - STEP DONE: inputPasswordLogin
  &amp#27;[32mAnd &amp#27;[0m&amp#27;[32mI input &amp#27;[0m&amp#27;[32m&amp#27;[1m"admin123"&amp#27;[0m&amp#27;[32m login password valid&amp#27;[0m                                            &amp#27;[90m# starter.stepdefinitios.LoginSteps.iInputLoginPasswordValid(java.lang.String)&amp#27;[0m
18:26:30.775 [main] DEBUG net.thucydides.core.steps.StepInterceptor - STARTING STEP: LoginSteps.iClickButtonLogin - clickButtonLogin
18:26:30.778 [Forwarding findElement on session f22b682b2f53de9422a0d6dddd0735e0 to remote] DEBUG org.asynchttpclient.netty.request.NettyRequestSender - Using pooled Channel '[id: 0x0e9e455c, L:/127.0.0.1:49687 - R:localhost/127.0.0.1:62857]' for 'POST' to 'http://localhost:62857/session/f22b682b2f53de9422a0d6dddd0735e0/element'
18:26:30.778 [Forwarding findElement on session f22b682b2f53de9422a0d6dddd0735e0 to remote] DEBUG org.asynchttpclient.netty.request.NettyRequestSender - Using open Channel [id: 0x0e9e455c, L:/127.0.0.1:49687 - R:localhost/127.0.0.1:62857] for POST '/session/f22b682b2f53de9422a0d6dddd0735e0/element'
18:26:30.789 [AsyncHttpClient-1-6] DEBUG org.asynchttpclient.netty.handler.HttpHandler - 

Request DefaultHttpRequest(decodeResult: success, version: HTTP/1.1)
POST /session/f22b682b2f53de9422a0d6dddd0735e0/element HTTP/1.1
User-Agent: selenium/4.1.4 (java windows)
Content-Length: 68
Content-Type: application/json; charset=utf-8
host: localhost:62857
accept: */*

Response DefaultHttpResponse(decodeResult: success, version: HTTP/1.1)
HTTP/1.1 200 OK
Content-Type: application/json; charset=utf-8
cache-control: no-cache
content-length: 88

18:26:30.789 [AsyncHttpClient-1-6] DEBUG org.asynchttpclient.netty.channel.ChannelManager - Adding key: http://localhost:62857 for channel [id: 0x0e9e455c, L:/127.0.0.1:49687 - R:localhost/127.0.0.1:62857]
18:26:30.789 [Forwarding getElementTagName on session f22b682b2f53de9422a0d6dddd0735e0 to remote] DEBUG org.asynchttpclient.netty.request.NettyRequestSender - Using pooled Channel '[id: 0x0e9e455c, L:/127.0.0.1:49687 - R:localhost/127.0.0.1:62857]' for 'GET' to 'http://localhost:62857/session/f22b682b2f53de9422a0d6dddd0735e0/element/38b7c0f4-29af-4a22-aa88-d2c80051d6f3/name'
18:26:30.789 [Forwarding getElementTagName on session f22b682b2f53de9422a0d6dddd0735e0 to remote] DEBUG org.asynchttpclient.netty.request.NettyRequestSender - Using open Channel [id: 0x0e9e455c, L:/127.0.0.1:49687 - R:localhost/127.0.0.1:62857] for GET '/session/f22b682b2f53de9422a0d6dddd0735e0/element/38b7c0f4-29af-4a22-aa88-d2c80051d6f3/name'
18:26:30.793 [AsyncHttpClient-1-6] DEBUG org.asynchttpclient.netty.handler.HttpHandler - 

Request DefaultFullHttpRequest(decodeResult: success, version: HTTP/1.1, content: EmptyByteBufBE)
GET /session/f22b682b2f53de9422a0d6dddd0735e0/element/38b7c0f4-29af-4a22-aa88-d2c80051d6f3/name HTTP/1.1
User-Agent: selenium/4.1.4 (java windows)
Cache-Control: no-cache
Content-Type: application/json; charset=utf-8
host: localhost:62857
accept: */*

Response DefaultHttpResponse(decodeResult: success, version: HTTP/1.1)
HTTP/1.1 200 OK
Content-Type: application/json; charset=utf-8
cache-control: no-cache
content-length: 18

18:26:30.793 [AsyncHttpClient-1-6] DEBUG org.asynchttpclient.netty.channel.ChannelManager - Adding key: http://localhost:62857 for channel [id: 0x0e9e455c, L:/127.0.0.1:49687 - R:localhost/127.0.0.1:62857]
18:26:30.794 [Forwarding getElementTagName on session f22b682b2f53de9422a0d6dddd0735e0 to remote] DEBUG org.asynchttpclient.netty.request.NettyRequestSender - Using pooled Channel '[id: 0x0e9e455c, L:/127.0.0.1:49687 - R:localhost/127.0.0.1:62857]' for 'GET' to 'http://localhost:62857/session/f22b682b2f53de9422a0d6dddd0735e0/element/38b7c0f4-29af-4a22-aa88-d2c80051d6f3/name'
18:26:30.794 [Forwarding getElementTagName on session f22b682b2f53de9422a0d6dddd0735e0 to remote] DEBUG org.asynchttpclient.netty.request.NettyRequestSender - Using open Channel [id: 0x0e9e455c, L:/127.0.0.1:49687 - R:localhost/127.0.0.1:62857] for GET '/session/f22b682b2f53de9422a0d6dddd0735e0/element/38b7c0f4-29af-4a22-aa88-d2c80051d6f3/name'
18:26:30.797 [AsyncHttpClient-1-6] DEBUG org.asynchttpclient.netty.handler.HttpHandler - 

Request DefaultFullHttpRequest(decodeResult: success, version: HTTP/1.1, content: EmptyByteBufBE)
GET /session/f22b682b2f53de9422a0d6dddd0735e0/element/38b7c0f4-29af-4a22-aa88-d2c80051d6f3/name HTTP/1.1
User-Agent: selenium/4.1.4 (java windows)
Cache-Control: no-cache
Content-Type: application/json; charset=utf-8
host: localhost:62857
accept: */*

Response DefaultHttpResponse(decodeResult: success, version: HTTP/1.1)
HTTP/1.1 200 OK
Content-Type: application/json; charset=utf-8
cache-control: no-cache
content-length: 18

18:26:30.797 [AsyncHttpClient-1-6] DEBUG org.asynchttpclient.netty.channel.ChannelManager - Adding key: http://localhost:62857 for channel [id: 0x0e9e455c, L:/127.0.0.1:49687 - R:localhost/127.0.0.1:62857]
18:26:30.798 [Forwarding isElementEnabled on session f22b682b2f53de9422a0d6dddd0735e0 to remote] DEBUG org.asynchttpclient.netty.request.NettyRequestSender - Using pooled Channel '[id: 0x0e9e455c, L:/127.0.0.1:49687 - R:localhost/127.0.0.1:62857]' for 'GET' to 'http://localhost:62857/session/f22b682b2f53de9422a0d6dddd0735e0/element/38b7c0f4-29af-4a22-aa88-d2c80051d6f3/enabled'
18:26:30.798 [Forwarding isElementEnabled on session f22b682b2f53de9422a0d6dddd0735e0 to remote] DEBUG org.asynchttpclient.netty.request.NettyRequestSender - Using open Channel [id: 0x0e9e455c, L:/127.0.0.1:49687 - R:localhost/127.0.0.1:62857] for GET '/session/f22b682b2f53de9422a0d6dddd0735e0/element/38b7c0f4-29af-4a22-aa88-d2c80051d6f3/enabled'
18:26:30.804 [AsyncHttpClient-1-6] DEBUG org.asynchttpclient.netty.handler.HttpHandler - 

Request DefaultFullHttpRequest(decodeResult: success, version: HTTP/1.1, content: EmptyByteBufBE)
GET /session/f22b682b2f53de9422a0d6dddd0735e0/element/38b7c0f4-29af-4a22-aa88-d2c80051d6f3/enabled HTTP/1.1
User-Agent: selenium/4.1.4 (java windows)
Cache-Control: no-cache
Content-Type: application/json; charset=utf-8
host: localhost:62857
accept: */*

Response DefaultHttpResponse(decodeResult: success, version: HTTP/1.1)
HTTP/1.1 200 OK
Content-Type: application/json; charset=utf-8
cache-control: no-cache
content-length: 14

18:26:30.805 [AsyncHttpClient-1-6] DEBUG org.asynchttpclient.netty.channel.ChannelManager - Adding key: http://localhost:62857 for channel [id: 0x0e9e455c, L:/127.0.0.1:49687 - R:localhost/127.0.0.1:62857]
18:26:30.806 [Forwarding isElementEnabled on session f22b682b2f53de9422a0d6dddd0735e0 to remote] DEBUG org.asynchttpclient.netty.request.NettyRequestSender - Using pooled Channel '[id: 0x0e9e455c, L:/127.0.0.1:49687 - R:localhost/127.0.0.1:62857]' for 'GET' to 'http://localhost:62857/session/f22b682b2f53de9422a0d6dddd0735e0/element/38b7c0f4-29af-4a22-aa88-d2c80051d6f3/enabled'
18:26:30.806 [Forwarding isElementEnabled on session f22b682b2f53de9422a0d6dddd0735e0 to remote] DEBUG org.asynchttpclient.netty.request.NettyRequestSender - Using open Channel [id: 0x0e9e455c, L:/127.0.0.1:49687 - R:localhost/127.0.0.1:62857] for GET '/session/f22b682b2f53de9422a0d6dddd0735e0/element/38b7c0f4-29af-4a22-aa88-d2c80051d6f3/enabled'
18:26:30.814 [AsyncHttpClient-1-6] DEBUG org.asynchttpclient.netty.handler.HttpHandler - 

Request DefaultFullHttpRequest(decodeResult: success, version: HTTP/1.1, content: EmptyByteBufBE)
GET /session/f22b682b2f53de9422a0d6dddd0735e0/element/38b7c0f4-29af-4a22-aa88-d2c80051d6f3/enabled HTTP/1.1
User-Agent: selenium/4.1.4 (java windows)
Cache-Control: no-cache
Content-Type: application/json; charset=utf-8
host: localhost:62857
accept: */*

Response DefaultHttpResponse(decodeResult: success, version: HTTP/1.1)
HTTP/1.1 200 OK
Content-Type: application/json; charset=utf-8
cache-control: no-cache
content-length: 14

18:26:30.814 [AsyncHttpClient-1-6] DEBUG org.asynchttpclient.netty.channel.ChannelManager - Adding key: http://localhost:62857 for channel [id: 0x0e9e455c, L:/127.0.0.1:49687 - R:localhost/127.0.0.1:62857]
18:26:30.816 [Forwarding findElement on session f22b682b2f53de9422a0d6dddd0735e0 to remote] DEBUG org.asynchttpclient.netty.request.NettyRequestSender - Using pooled Channel '[id: 0x0e9e455c, L:/127.0.0.1:49687 - R:localhost/127.0.0.1:62857]' for 'POST' to 'http://localhost:62857/session/f22b682b2f53de9422a0d6dddd0735e0/element'
18:26:30.816 [Forwarding findElement on session f22b682b2f53de9422a0d6dddd0735e0 to remote] DEBUG org.asynchttpclient.netty.request.NettyRequestSender - Using open Channel [id: 0x0e9e455c, L:/127.0.0.1:49687 - R:localhost/127.0.0.1:62857] for POST '/session/f22b682b2f53de9422a0d6dddd0735e0/element'
18:26:30.826 [AsyncHttpClient-1-6] DEBUG org.asynchttpclient.netty.handler.HttpHandler - 

Request DefaultHttpRequest(decodeResult: success, version: HTTP/1.1)
POST /session/f22b682b2f53de9422a0d6dddd0735e0/element HTTP/1.1
User-Agent: selenium/4.1.4 (java windows)
Content-Length: 68
Content-Type: application/json; charset=utf-8
host: localhost:62857
accept: */*

Response DefaultHttpResponse(decodeResult: success, version: HTTP/1.1)
HTTP/1.1 200 OK
Content-Type: application/json; charset=utf-8
cache-control: no-cache
content-length: 88

18:26:30.826 [AsyncHttpClient-1-6] DEBUG org.asynchttpclient.netty.channel.ChannelManager - Adding key: http://localhost:62857 for channel [id: 0x0e9e455c, L:/127.0.0.1:49687 - R:localhost/127.0.0.1:62857]
18:26:30.827 [Forwarding clickElement on session f22b682b2f53de9422a0d6dddd0735e0 to remote] DEBUG org.asynchttpclient.netty.request.NettyRequestSender - Using pooled Channel '[id: 0x0e9e455c, L:/127.0.0.1:49687 - R:localhost/127.0.0.1:62857]' for 'POST' to 'http://localhost:62857/session/f22b682b2f53de9422a0d6dddd0735e0/element/38b7c0f4-29af-4a22-aa88-d2c80051d6f3/click'
18:26:30.827 [Forwarding clickElement on session f22b682b2f53de9422a0d6dddd0735e0 to remote] DEBUG org.asynchttpclient.netty.request.NettyRequestSender - Using open Channel [id: 0x0e9e455c, L:/127.0.0.1:49687 - R:localhost/127.0.0.1:62857] for POST '/session/f22b682b2f53de9422a0d6dddd0735e0/element/38b7c0f4-29af-4a22-aa88-d2c80051d6f3/click'
18:26:30.876 [AsyncHttpClient-1-6] DEBUG org.asynchttpclient.netty.handler.HttpHandler - 

Request DefaultHttpRequest(decodeResult: success, version: HTTP/1.1)
POST /session/f22b682b2f53de9422a0d6dddd0735e0/element/38b7c0f4-29af-4a22-aa88-d2c80051d6f3/click HTTP/1.1
User-Agent: selenium/4.1.4 (java windows)
Content-Length: 50
Content-Type: application/json; charset=utf-8
host: localhost:62857
accept: */*

Response DefaultHttpResponse(decodeResult: success, version: HTTP/1.1)
HTTP/1.1 200 OK
Content-Type: application/json; charset=utf-8
cache-control: no-cache
content-length: 14

18:26:30.876 [AsyncHttpClient-1-6] DEBUG org.asynchttpclient.netty.channel.ChannelManager - Adding key: http://localhost:62857 for channel [id: 0x0e9e455c, L:/127.0.0.1:49687 - R:localhost/127.0.0.1:62857]
18:26:30.882 [Forwarding screenshot on session f22b682b2f53de9422a0d6dddd0735e0 to remote] DEBUG org.asynchttpclient.netty.request.NettyRequestSender - Using pooled Channel '[id: 0x0e9e455c, L:/127.0.0.1:49687 - R:localhost/127.0.0.1:62857]' for 'GET' to 'http://localhost:62857/session/f22b682b2f53de9422a0d6dddd0735e0/screenshot'
18:26:30.882 [Forwarding screenshot on session f22b682b2f53de9422a0d6dddd0735e0 to remote] DEBUG org.asynchttpclient.netty.request.NettyRequestSender - Using open Channel [id: 0x0e9e455c, L:/127.0.0.1:49687 - R:localhost/127.0.0.1:62857] for GET '/session/f22b682b2f53de9422a0d6dddd0735e0/screenshot'
18:26:31.188 [AsyncHttpClient-1-6] DEBUG org.asynchttpclient.netty.handler.HttpHandler - 

Request DefaultFullHttpRequest(decodeResult: success, version: HTTP/1.1, content: EmptyByteBufBE)
GET /session/f22b682b2f53de9422a0d6dddd0735e0/screenshot HTTP/1.1
User-Agent: selenium/4.1.4 (java windows)
Cache-Control: no-cache
Content-Type: application/json; charset=utf-8
host: localhost:62857
accept: */*

Response DefaultHttpResponse(decodeResult: success, version: HTTP/1.1)
HTTP/1.1 200 OK
Content-Type: application/json; charset=utf-8
cache-control: no-cache
content-length: 342720

18:26:31.189 [AsyncHttpClient-1-6] DEBUG org.asynchttpclient.netty.channel.ChannelManager - Adding key: http://localhost:62857 for channel [id: 0x0e9e455c, L:/127.0.0.1:49687 - R:localhost/127.0.0.1:62857]
18:26:31.196 [main] DEBUG net.serenitybdd.core.photography.Darkroom - Send negative for processing for target\site\serenity\8cecf70a1206cc8dcce6b7d9670f0216f92aafd4037fe449ef2fd40f4a8d0564.png
18:26:31.196 [main] DEBUG net.thucydides.core.steps.StepInterceptor - STEP DONE: clickButtonLogin
18:26:31.196 [Darkroom Processing Line] DEBUG net.serenitybdd.core.photography.DarkroomProcessingLine - Processing screenshot image in /var/screenshots/screenshot-10780961500983392559
18:26:31.196 [Darkroom Processing Line] DEBUG net.serenitybdd.core.photography.DarkroomProcessingLine - Saving screenshot to target\site\serenity\8cecf70a1206cc8dcce6b7d9670f0216f92aafd4037fe449ef2fd40f4a8d0564.png
18:26:31.244 [AsyncHttpClient-1-1] DEBUG org.asynchttpclient.netty.channel.DefaultChannelPool - Entry count for : http://localhost:62857 : 1
18:26:31.244 [AsyncHttpClient-1-1] DEBUG org.asynchttpclient.netty.channel.DefaultChannelPool - Entry count for : http://localhost:49688 : 1
  &amp#27;[32mAnd &amp#27;[0m&amp#27;[32mI click button login&amp#27;[0m                                                               &amp#27;[90m# starter.stepdefinitios.LoginSteps.iClickButtonLogin()&amp#27;[0m
18:26:32.204 [Forwarding screenshot on session f22b682b2f53de9422a0d6dddd0735e0 to remote] DEBUG org.asynchttpclient.netty.request.NettyRequestSender - Using pooled Channel '[id: 0x0e9e455c, L:/127.0.0.1:49687 - R:localhost/127.0.0.1:62857]' for 'GET' to 'http://localhost:62857/session/f22b682b2f53de9422a0d6dddd0735e0/screenshot'
18:26:32.204 [Forwarding screenshot on session f22b682b2f53de9422a0d6dddd0735e0 to remote] DEBUG org.asynchttpclient.netty.request.NettyRequestSender - Using open Channel [id: 0x0e9e455c, L:/127.0.0.1:49687 - R:localhost/127.0.0.1:62857] for GET '/session/f22b682b2f53de9422a0d6dddd0735e0/screenshot'
18:26:32.346 [AsyncHttpClient-1-1] DEBUG org.asynchttpclient.netty.channel.DefaultChannelPool - Entry count for : http://localhost:49688 : 1
18:26:32.495 [AsyncHttpClient-1-6] DEBUG org.asynchttpclient.netty.handler.HttpHandler - 

Request DefaultFullHttpRequest(decodeResult: success, version: HTTP/1.1, content: EmptyByteBufBE)
GET /session/f22b682b2f53de9422a0d6dddd0735e0/screenshot HTTP/1.1
User-Agent: selenium/4.1.4 (java windows)
Cache-Control: no-cache
Content-Type: application/json; charset=utf-8
host: localhost:62857
accept: */*

Response DefaultHttpResponse(decodeResult: success, version: HTTP/1.1)
HTTP/1.1 200 OK
Content-Type: application/json; charset=utf-8
cache-control: no-cache
content-length: 313076

18:26:32.496 [AsyncHttpClient-1-6] DEBUG org.asynchttpclient.netty.channel.ChannelManager - Adding key: http://localhost:62857 for channel [id: 0x0e9e455c, L:/127.0.0.1:49687 - R:localhost/127.0.0.1:62857]
18:26:32.506 [main] DEBUG net.serenitybdd.core.photography.Darkroom - Send negative for processing for target\site\serenity\9e97ab3721e8a1ca11a0d19fd7931497243f5f462baea432f9ece4e240685009.png
18:26:32.506 [Darkroom Processing Line] DEBUG net.serenitybdd.core.photography.DarkroomProcessingLine - Processing screenshot image in /var/screenshots/screenshot-6561010646074661851
18:26:32.506 [Darkroom Processing Line] DEBUG net.serenitybdd.core.photography.DarkroomProcessingLine - Saving screenshot to target\site\serenity\9e97ab3721e8a1ca11a0d19fd7931497243f5f462baea432f9ece4e240685009.png
18:26:33.436 [AsyncHttpClient-1-1] DEBUG org.asynchttpclient.netty.channel.DefaultChannelPool - Entry count for : http://localhost:62857 : 1
18:26:33.436 [AsyncHttpClient-1-1] DEBUG org.asynchttpclient.netty.channel.DefaultChannelPool - Entry count for : http://localhost:49688 : 1
18:26:34.542 [AsyncHttpClient-1-1] DEBUG org.asynchttpclient.netty.channel.DefaultChannelPool - Entry count for : http://localhost:62857 : 1
18:26:34.542 [AsyncHttpClient-1-1] DEBUG org.asynchttpclient.netty.channel.DefaultChannelPool - Entry count for : http://localhost:49688 : 1
18:26:35.647 [AsyncHttpClient-1-1] DEBUG org.asynchttpclient.netty.channel.DefaultChannelPool - Entry count for : http://localhost:62857 : 1
18:26:35.647 [AsyncHttpClient-1-1] DEBUG org.asynchttpclient.netty.channel.DefaultChannelPool - Entry count for : http://localhost:49688 : 1
18:26:36.750 [AsyncHttpClient-1-1] DEBUG org.asynchttpclient.netty.channel.DefaultChannelPool - Entry count for : http://localhost:62857 : 1
18:26:36.750 [AsyncHttpClient-1-1] DEBUG org.asynchttpclient.netty.channel.DefaultChannelPool - Entry count for : http://localhost:49688 : 1
18:26:37.522 [Forwarding findElement on session f22b682b2f53de9422a0d6dddd0735e0 to remote] DEBUG org.asynchttpclient.netty.request.NettyRequestSender - Using pooled Channel '[id: 0x0e9e455c, L:/127.0.0.1:49687 - R:localhost/127.0.0.1:62857]' for 'POST' to 'http://localhost:62857/session/f22b682b2f53de9422a0d6dddd0735e0/element'
18:26:37.522 [Forwarding findElement on session f22b682b2f53de9422a0d6dddd0735e0 to remote] DEBUG org.asynchttpclient.netty.request.NettyRequestSender - Using open Channel [id: 0x0e9e455c, L:/127.0.0.1:49687 - R:localhost/127.0.0.1:62857] for POST '/session/f22b682b2f53de9422a0d6dddd0735e0/element'
18:26:37.560 [AsyncHttpClient-1-6] DEBUG org.asynchttpclient.netty.handler.HttpHandler - 

Request DefaultHttpRequest(decodeResult: success, version: HTTP/1.1)
POST /session/f22b682b2f53de9422a0d6dddd0735e0/element HTTP/1.1
User-Agent: selenium/4.1.4 (java windows)
Content-Length: 68
Content-Type: application/json; charset=utf-8
host: localhost:62857
accept: */*

Response DefaultHttpResponse(decodeResult: success, version: HTTP/1.1)
HTTP/1.1 200 OK
Content-Type: application/json; charset=utf-8
cache-control: no-cache
content-length: 88

18:26:37.560 [AsyncHttpClient-1-6] DEBUG org.asynchttpclient.netty.channel.ChannelManager - Adding key: http://localhost:62857 for channel [id: 0x0e9e455c, L:/127.0.0.1:49687 - R:localhost/127.0.0.1:62857]
18:26:37.560 [Forwarding isElementEnabled on session f22b682b2f53de9422a0d6dddd0735e0 to remote] DEBUG org.asynchttpclient.netty.request.NettyRequestSender - Using pooled Channel '[id: 0x0e9e455c, L:/127.0.0.1:49687 - R:localhost/127.0.0.1:62857]' for 'GET' to 'http://localhost:62857/session/f22b682b2f53de9422a0d6dddd0735e0/element/6168131b-b5d8-4af0-9063-e0832fe63ff6/enabled'
18:26:37.560 [Forwarding isElementEnabled on session f22b682b2f53de9422a0d6dddd0735e0 to remote] DEBUG org.asynchttpclient.netty.request.NettyRequestSender - Using open Channel [id: 0x0e9e455c, L:/127.0.0.1:49687 - R:localhost/127.0.0.1:62857] for GET '/session/f22b682b2f53de9422a0d6dddd0735e0/element/6168131b-b5d8-4af0-9063-e0832fe63ff6/enabled'
18:26:37.582 [AsyncHttpClient-1-6] DEBUG org.asynchttpclient.netty.handler.HttpHandler - 

Request DefaultFullHttpRequest(decodeResult: success, version: HTTP/1.1, content: EmptyByteBufBE)
GET /session/f22b682b2f53de9422a0d6dddd0735e0/element/6168131b-b5d8-4af0-9063-e0832fe63ff6/enabled HTTP/1.1
User-Agent: selenium/4.1.4 (java windows)
Cache-Control: no-cache
Content-Type: application/json; charset=utf-8
host: localhost:62857
accept: */*

Response DefaultHttpResponse(decodeResult: success, version: HTTP/1.1)
HTTP/1.1 200 OK
Content-Type: application/json; charset=utf-8
cache-control: no-cache
content-length: 14

18:26:37.583 [AsyncHttpClient-1-6] DEBUG org.asynchttpclient.netty.channel.ChannelManager - Adding key: http://localhost:62857 for channel [id: 0x0e9e455c, L:/127.0.0.1:49687 - R:localhost/127.0.0.1:62857]
18:26:37.847 [AsyncHttpClient-1-1] DEBUG org.asynchttpclient.netty.channel.DefaultChannelPool - Entry count for : http://localhost:62857 : 1
18:26:37.848 [AsyncHttpClient-1-1] DEBUG org.asynchttpclient.netty.channel.DefaultChannelPool - Entry count for : http://localhost:49688 : 1
18:26:38.089 [Forwarding screenshot on session f22b682b2f53de9422a0d6dddd0735e0 to remote] DEBUG org.asynchttpclient.netty.request.NettyRequestSender - Using pooled Channel '[id: 0x0e9e455c, L:/127.0.0.1:49687 - R:localhost/127.0.0.1:62857]' for 'GET' to 'http://localhost:62857/session/f22b682b2f53de9422a0d6dddd0735e0/screenshot'
18:26:38.089 [Forwarding screenshot on session f22b682b2f53de9422a0d6dddd0735e0 to remote] DEBUG org.asynchttpclient.netty.request.NettyRequestSender - Using open Channel [id: 0x0e9e455c, L:/127.0.0.1:49687 - R:localhost/127.0.0.1:62857] for GET '/session/f22b682b2f53de9422a0d6dddd0735e0/screenshot'
18:26:38.451 [AsyncHttpClient-1-6] DEBUG org.asynchttpclient.netty.handler.HttpHandler - 

Request DefaultFullHttpRequest(decodeResult: success, version: HTTP/1.1, content: EmptyByteBufBE)
GET /session/f22b682b2f53de9422a0d6dddd0735e0/screenshot HTTP/1.1
User-Agent: selenium/4.1.4 (java windows)
Cache-Control: no-cache
Content-Type: application/json; charset=utf-8
host: localhost:62857
accept: */*

Response DefaultHttpResponse(decodeResult: success, version: HTTP/1.1)
HTTP/1.1 200 OK
Content-Type: application/json; charset=utf-8
cache-control: no-cache
content-length: 301044

18:26:38.451 [AsyncHttpClient-1-6] DEBUG org.asynchttpclient.netty.channel.ChannelManager - Adding key: http://localhost:62857 for channel [id: 0x0e9e455c, L:/127.0.0.1:49687 - R:localhost/127.0.0.1:62857]
18:26:38.451 [main] DEBUG net.serenitybdd.core.photography.Darkroom - Send negative for processing for target\site\serenity\163e386af0b12517552a74a3d5043b94e8c0f9215c0f21d464e3b04d27a0859d.png
18:26:38.467 [main] DEBUG net.thucydides.core.steps.StepInterceptor - STARTING STEP: LoginSteps.loginValidationInvalid - clickButtonErrorOK
18:26:38.468 [Forwarding findElement on session f22b682b2f53de9422a0d6dddd0735e0 to remote] DEBUG org.asynchttpclient.netty.request.NettyRequestSender - Using pooled Channel '[id: 0x0e9e455c, L:/127.0.0.1:49687 - R:localhost/127.0.0.1:62857]' for 'POST' to 'http://localhost:62857/session/f22b682b2f53de9422a0d6dddd0735e0/element'
18:26:38.468 [Forwarding findElement on session f22b682b2f53de9422a0d6dddd0735e0 to remote] DEBUG org.asynchttpclient.netty.request.NettyRequestSender - Using open Channel [id: 0x0e9e455c, L:/127.0.0.1:49687 - R:localhost/127.0.0.1:62857] for POST '/session/f22b682b2f53de9422a0d6dddd0735e0/element'
18:26:38.489 [AsyncHttpClient-1-6] DEBUG org.asynchttpclient.netty.handler.HttpHandler - 

Request DefaultHttpRequest(decodeResult: success, version: HTTP/1.1)
POST /session/f22b682b2f53de9422a0d6dddd0735e0/element HTTP/1.1
User-Agent: selenium/4.1.4 (java windows)
Content-Length: 88
Content-Type: application/json; charset=utf-8
host: localhost:62857
accept: */*

Response DefaultHttpResponse(decodeResult: success, version: HTTP/1.1)
HTTP/1.1 200 OK
Content-Type: application/json; charset=utf-8
cache-control: no-cache
content-length: 88

18:26:38.489 [AsyncHttpClient-1-6] DEBUG org.asynchttpclient.netty.channel.ChannelManager - Adding key: http://localhost:62857 for channel [id: 0x0e9e455c, L:/127.0.0.1:49687 - R:localhost/127.0.0.1:62857]
18:26:38.490 [Forwarding getElementTagName on session f22b682b2f53de9422a0d6dddd0735e0 to remote] DEBUG org.asynchttpclient.netty.request.NettyRequestSender - Using pooled Channel '[id: 0x0e9e455c, L:/127.0.0.1:49687 - R:localhost/127.0.0.1:62857]' for 'GET' to 'http://localhost:62857/session/f22b682b2f53de9422a0d6dddd0735e0/element/082735df-dc05-4a0b-8207-c627ebd8ace0/name'
18:26:38.490 [Forwarding getElementTagName on session f22b682b2f53de9422a0d6dddd0735e0 to remote] DEBUG org.asynchttpclient.netty.request.NettyRequestSender - Using open Channel [id: 0x0e9e455c, L:/127.0.0.1:49687 - R:localhost/127.0.0.1:62857] for GET '/session/f22b682b2f53de9422a0d6dddd0735e0/element/082735df-dc05-4a0b-8207-c627ebd8ace0/name'
18:26:38.498 [AsyncHttpClient-1-6] DEBUG org.asynchttpclient.netty.handler.HttpHandler - 

Request DefaultFullHttpRequest(decodeResult: success, version: HTTP/1.1, content: EmptyByteBufBE)
GET /session/f22b682b2f53de9422a0d6dddd0735e0/element/082735df-dc05-4a0b-8207-c627ebd8ace0/name HTTP/1.1
User-Agent: selenium/4.1.4 (java windows)
Cache-Control: no-cache
Content-Type: application/json; charset=utf-8
host: localhost:62857
accept: */*

Response DefaultHttpResponse(decodeResult: success, version: HTTP/1.1)
HTTP/1.1 200 OK
Content-Type: application/json; charset=utf-8
cache-control: no-cache
content-length: 18

18:26:38.498 [AsyncHttpClient-1-6] DEBUG org.asynchttpclient.netty.channel.ChannelManager - Adding key: http://localhost:62857 for channel [id: 0x0e9e455c, L:/127.0.0.1:49687 - R:localhost/127.0.0.1:62857]
18:26:38.500 [Forwarding getElementTagName on session f22b682b2f53de9422a0d6dddd0735e0 to remote] DEBUG org.asynchttpclient.netty.request.NettyRequestSender - Using pooled Channel '[id: 0x0e9e455c, L:/127.0.0.1:49687 - R:localhost/127.0.0.1:62857]' for 'GET' to 'http://localhost:62857/session/f22b682b2f53de9422a0d6dddd0735e0/element/082735df-dc05-4a0b-8207-c627ebd8ace0/name'
18:26:38.500 [Forwarding getElementTagName on session f22b682b2f53de9422a0d6dddd0735e0 to remote] DEBUG org.asynchttpclient.netty.request.NettyRequestSender - Using open Channel [id: 0x0e9e455c, L:/127.0.0.1:49687 - R:localhost/127.0.0.1:62857] for GET '/session/f22b682b2f53de9422a0d6dddd0735e0/element/082735df-dc05-4a0b-8207-c627ebd8ace0/name'
18:26:38.504 [AsyncHttpClient-1-6] DEBUG org.asynchttpclient.netty.handler.HttpHandler - 

Request DefaultFullHttpRequest(decodeResult: success, version: HTTP/1.1, content: EmptyByteBufBE)
GET /session/f22b682b2f53de9422a0d6dddd0735e0/element/082735df-dc05-4a0b-8207-c627ebd8ace0/name HTTP/1.1
User-Agent: selenium/4.1.4 (java windows)
Cache-Control: no-cache
Content-Type: application/json; charset=utf-8
host: localhost:62857
accept: */*

Response DefaultHttpResponse(decodeResult: success, version: HTTP/1.1)
HTTP/1.1 200 OK
Content-Type: application/json; charset=utf-8
cache-control: no-cache
content-length: 18

18:26:38.504 [AsyncHttpClient-1-6] DEBUG org.asynchttpclient.netty.channel.ChannelManager - Adding key: http://localhost:62857 for channel [id: 0x0e9e455c, L:/127.0.0.1:49687 - R:localhost/127.0.0.1:62857]
18:26:38.504 [Forwarding isElementEnabled on session f22b682b2f53de9422a0d6dddd0735e0 to remote] DEBUG org.asynchttpclient.netty.request.NettyRequestSender - Using pooled Channel '[id: 0x0e9e455c, L:/127.0.0.1:49687 - R:localhost/127.0.0.1:62857]' for 'GET' to 'http://localhost:62857/session/f22b682b2f53de9422a0d6dddd0735e0/element/082735df-dc05-4a0b-8207-c627ebd8ace0/enabled'
18:26:38.504 [Forwarding isElementEnabled on session f22b682b2f53de9422a0d6dddd0735e0 to remote] DEBUG org.asynchttpclient.netty.request.NettyRequestSender - Using open Channel [id: 0x0e9e455c, L:/127.0.0.1:49687 - R:localhost/127.0.0.1:62857] for GET '/session/f22b682b2f53de9422a0d6dddd0735e0/element/082735df-dc05-4a0b-8207-c627ebd8ace0/enabled'
18:26:38.518 [AsyncHttpClient-1-6] DEBUG org.asynchttpclient.netty.handler.HttpHandler - 

Request DefaultFullHttpRequest(decodeResult: success, version: HTTP/1.1, content: EmptyByteBufBE)
GET /session/f22b682b2f53de9422a0d6dddd0735e0/element/082735df-dc05-4a0b-8207-c627ebd8ace0/enabled HTTP/1.1
User-Agent: selenium/4.1.4 (java windows)
Cache-Control: no-cache
Content-Type: application/json; charset=utf-8
host: localhost:62857
accept: */*

Response DefaultHttpResponse(decodeResult: success, version: HTTP/1.1)
HTTP/1.1 200 OK
Content-Type: application/json; charset=utf-8
cache-control: no-cache
content-length: 14

18:26:38.518 [AsyncHttpClient-1-6] DEBUG org.asynchttpclient.netty.channel.ChannelManager - Adding key: http://localhost:62857 for channel [id: 0x0e9e455c, L:/127.0.0.1:49687 - R:localhost/127.0.0.1:62857]
18:26:38.520 [Forwarding isElementEnabled on session f22b682b2f53de9422a0d6dddd0735e0 to remote] DEBUG org.asynchttpclient.netty.request.NettyRequestSender - Using pooled Channel '[id: 0x0e9e455c, L:/127.0.0.1:49687 - R:localhost/127.0.0.1:62857]' for 'GET' to 'http://localhost:62857/session/f22b682b2f53de9422a0d6dddd0735e0/element/082735df-dc05-4a0b-8207-c627ebd8ace0/enabled'
18:26:38.520 [Forwarding isElementEnabled on session f22b682b2f53de9422a0d6dddd0735e0 to remote] DEBUG org.asynchttpclient.netty.request.NettyRequestSender - Using open Channel [id: 0x0e9e455c, L:/127.0.0.1:49687 - R:localhost/127.0.0.1:62857] for GET '/session/f22b682b2f53de9422a0d6dddd0735e0/element/082735df-dc05-4a0b-8207-c627ebd8ace0/enabled'
18:26:38.528 [AsyncHttpClient-1-6] DEBUG org.asynchttpclient.netty.handler.HttpHandler - 

Request DefaultFullHttpRequest(decodeResult: success, version: HTTP/1.1, content: EmptyByteBufBE)
GET /session/f22b682b2f53de9422a0d6dddd0735e0/element/082735df-dc05-4a0b-8207-c627ebd8ace0/enabled HTTP/1.1
User-Agent: selenium/4.1.4 (java windows)
Cache-Control: no-cache
Content-Type: application/json; charset=utf-8
host: localhost:62857
accept: */*

Response DefaultHttpResponse(decodeResult: success, version: HTTP/1.1)
HTTP/1.1 200 OK
Content-Type: application/json; charset=utf-8
cache-control: no-cache
content-length: 14

18:26:38.529 [AsyncHttpClient-1-6] DEBUG org.asynchttpclient.netty.channel.ChannelManager - Adding key: http://localhost:62857 for channel [id: 0x0e9e455c, L:/127.0.0.1:49687 - R:localhost/127.0.0.1:62857]
18:26:38.529 [Forwarding findElement on session f22b682b2f53de9422a0d6dddd0735e0 to remote] DEBUG org.asynchttpclient.netty.request.NettyRequestSender - Using pooled Channel '[id: 0x0e9e455c, L:/127.0.0.1:49687 - R:localhost/127.0.0.1:62857]' for 'POST' to 'http://localhost:62857/session/f22b682b2f53de9422a0d6dddd0735e0/element'
18:26:38.529 [Forwarding findElement on session f22b682b2f53de9422a0d6dddd0735e0 to remote] DEBUG org.asynchttpclient.netty.request.NettyRequestSender - Using open Channel [id: 0x0e9e455c, L:/127.0.0.1:49687 - R:localhost/127.0.0.1:62857] for POST '/session/f22b682b2f53de9422a0d6dddd0735e0/element'
18:26:38.540 [AsyncHttpClient-1-6] DEBUG org.asynchttpclient.netty.handler.HttpHandler - 

Request DefaultHttpRequest(decodeResult: success, version: HTTP/1.1)
POST /session/f22b682b2f53de9422a0d6dddd0735e0/element HTTP/1.1
User-Agent: selenium/4.1.4 (java windows)
Content-Length: 88
Content-Type: application/json; charset=utf-8
host: localhost:62857
accept: */*

Response DefaultHttpResponse(decodeResult: success, version: HTTP/1.1)
HTTP/1.1 200 OK
Content-Type: application/json; charset=utf-8
cache-control: no-cache
content-length: 88

18:26:38.541 [AsyncHttpClient-1-6] DEBUG org.asynchttpclient.netty.channel.ChannelManager - Adding key: http://localhost:62857 for channel [id: 0x0e9e455c, L:/127.0.0.1:49687 - R:localhost/127.0.0.1:62857]
18:26:38.542 [Forwarding clickElement on session f22b682b2f53de9422a0d6dddd0735e0 to remote] DEBUG org.asynchttpclient.netty.request.NettyRequestSender - Using pooled Channel '[id: 0x0e9e455c, L:/127.0.0.1:49687 - R:localhost/127.0.0.1:62857]' for 'POST' to 'http://localhost:62857/session/f22b682b2f53de9422a0d6dddd0735e0/element/082735df-dc05-4a0b-8207-c627ebd8ace0/click'
18:26:38.542 [Forwarding clickElement on session f22b682b2f53de9422a0d6dddd0735e0 to remote] DEBUG org.asynchttpclient.netty.request.NettyRequestSender - Using open Channel [id: 0x0e9e455c, L:/127.0.0.1:49687 - R:localhost/127.0.0.1:62857] for POST '/session/f22b682b2f53de9422a0d6dddd0735e0/element/082735df-dc05-4a0b-8207-c627ebd8ace0/click'
18:26:38.655 [AsyncHttpClient-1-6] DEBUG org.asynchttpclient.netty.handler.HttpHandler - 

Request DefaultHttpRequest(decodeResult: success, version: HTTP/1.1)
POST /session/f22b682b2f53de9422a0d6dddd0735e0/element/082735df-dc05-4a0b-8207-c627ebd8ace0/click HTTP/1.1
User-Agent: selenium/4.1.4 (java windows)
Content-Length: 50
Content-Type: application/json; charset=utf-8
host: localhost:62857
accept: */*

Response DefaultHttpResponse(decodeResult: success, version: HTTP/1.1)
HTTP/1.1 200 OK
Content-Type: application/json; charset=utf-8
cache-control: no-cache
content-length: 14

18:26:38.655 [AsyncHttpClient-1-6] DEBUG org.asynchttpclient.netty.channel.ChannelManager - Adding key: http://localhost:62857 for channel [id: 0x0e9e455c, L:/127.0.0.1:49687 - R:localhost/127.0.0.1:62857]
18:26:38.660 [Forwarding screenshot on session f22b682b2f53de9422a0d6dddd0735e0 to remote] DEBUG org.asynchttpclient.netty.request.NettyRequestSender - Using pooled Channel '[id: 0x0e9e455c, L:/127.0.0.1:49687 - R:localhost/127.0.0.1:62857]' for 'GET' to 'http://localhost:62857/session/f22b682b2f53de9422a0d6dddd0735e0/screenshot'
18:26:38.660 [Forwarding screenshot on session f22b682b2f53de9422a0d6dddd0735e0 to remote] DEBUG org.asynchttpclient.netty.request.NettyRequestSender - Using open Channel [id: 0x0e9e455c, L:/127.0.0.1:49687 - R:localhost/127.0.0.1:62857] for GET '/session/f22b682b2f53de9422a0d6dddd0735e0/screenshot'
18:26:38.941 [AsyncHttpClient-1-1] DEBUG org.asynchttpclient.netty.channel.DefaultChannelPool - Entry count for : http://localhost:49688 : 1
18:26:39.053 [AsyncHttpClient-1-6] DEBUG org.asynchttpclient.netty.handler.HttpHandler - 

Request DefaultFullHttpRequest(decodeResult: success, version: HTTP/1.1, content: EmptyByteBufBE)
GET /session/f22b682b2f53de9422a0d6dddd0735e0/screenshot HTTP/1.1
User-Agent: selenium/4.1.4 (java windows)
Cache-Control: no-cache
Content-Type: application/json; charset=utf-8
host: localhost:62857
accept: */*

Response DefaultHttpResponse(decodeResult: success, version: HTTP/1.1)
HTTP/1.1 200 OK
Content-Type: application/json; charset=utf-8
cache-control: no-cache
content-length: 50372

18:26:39.053 [AsyncHttpClient-1-6] DEBUG org.asynchttpclient.netty.channel.ChannelManager - Adding key: http://localhost:62857 for channel [id: 0x0e9e455c, L:/127.0.0.1:49687 - R:localhost/127.0.0.1:62857]
18:26:39.055 [main] DEBUG net.serenitybdd.core.photography.Darkroom - Send negative for processing for target\site\serenity\bc29212628e9be8d870c2a66835baf2981fde88a181c0f9396f3ec396ee4207c.png
18:26:39.055 [main] DEBUG net.thucydides.core.steps.StepInterceptor - STEP DONE: clickButtonErrorOK
18:26:39.055 [Darkroom Processing Line] DEBUG net.serenitybdd.core.photography.DarkroomProcessingLine - Processing screenshot image in /var/screenshots/screenshot-5194265100740547343
  &amp#27;[32mAnd &amp#27;[0m&amp#27;[32mLogin validation invalid&amp#27;[0m                                                           &amp#27;[90m# starter.stepdefinitios.LoginSteps.loginValidationInvalid()&amp#27;[0m
18:26:39.055 [Darkroom Processing Line] DEBUG net.serenitybdd.core.photography.DarkroomProcessingLine - Saving screenshot to target\site\serenity\bc29212628e9be8d870c2a66835baf2981fde88a181c0f9396f3ec396ee4207c.png
18:26:40.039 [AsyncHttpClient-1-1] DEBUG org.asynchttpclient.netty.channel.DefaultChannelPool - Entry count for : http://localhost:62857 : 1
18:26:40.039 [AsyncHttpClient-1-1] DEBUG org.asynchttpclient.netty.channel.DefaultChannelPool - Entry count for : http://localhost:49688 : 1
18:26:41.142 [AsyncHttpClient-1-1] DEBUG org.asynchttpclient.netty.channel.DefaultChannelPool - Entry count for : http://localhost:62857 : 1
18:26:41.142 [AsyncHttpClient-1-1] DEBUG org.asynchttpclient.netty.channel.DefaultChannelPool - Entry count for : http://localhost:49688 : 1
18:26:42.243 [AsyncHttpClient-1-1] DEBUG org.asynchttpclient.netty.channel.DefaultChannelPool - Entry count for : http://localhost:62857 : 1
18:26:42.243 [AsyncHttpClient-1-1] DEBUG org.asynchttpclient.netty.channel.DefaultChannelPool - Entry count for : http://localhost:49688 : 1
18:26:43.335 [AsyncHttpClient-1-1] DEBUG org.asynchttpclient.netty.channel.DefaultChannelPool - Entry count for : http://localhost:62857 : 1
18:26:43.335 [AsyncHttpClient-1-1] DEBUG org.asynchttpclient.netty.channel.DefaultChannelPool - Entry count for : http://localhost:49688 : 1
18:26:44.125 [Forwarding screenshot on session f22b682b2f53de9422a0d6dddd0735e0 to remote] DEBUG org.asynchttpclient.netty.request.NettyRequestSender - Using pooled Channel '[id: 0x0e9e455c, L:/127.0.0.1:49687 - R:localhost/127.0.0.1:62857]' for 'GET' to 'http://localhost:62857/session/f22b682b2f53de9422a0d6dddd0735e0/screenshot'
18:26:44.125 [Forwarding screenshot on session f22b682b2f53de9422a0d6dddd0735e0 to remote] DEBUG org.asynchttpclient.netty.request.NettyRequestSender - Using open Channel [id: 0x0e9e455c, L:/127.0.0.1:49687 - R:localhost/127.0.0.1:62857] for GET '/session/f22b682b2f53de9422a0d6dddd0735e0/screenshot'
18:26:44.310 [AsyncHttpClient-1-6] DEBUG org.asynchttpclient.netty.handler.HttpHandler - 

Request DefaultFullHttpRequest(decodeResult: success, version: HTTP/1.1, content: EmptyByteBufBE)
GET /session/f22b682b2f53de9422a0d6dddd0735e0/screenshot HTTP/1.1
User-Agent: selenium/4.1.4 (java windows)
Cache-Control: no-cache
Content-Type: application/json; charset=utf-8
host: localhost:62857
accept: */*

Response DefaultHttpResponse(decodeResult: success, version: HTTP/1.1)
HTTP/1.1 200 OK
Content-Type: application/json; charset=utf-8
cache-control: no-cache
content-length: 78860

18:26:44.310 [AsyncHttpClient-1-6] DEBUG org.asynchttpclient.netty.channel.ChannelManager - Adding key: http://localhost:62857 for channel [id: 0x0e9e455c, L:/127.0.0.1:49687 - R:localhost/127.0.0.1:62857]
18:26:44.314 [main] DEBUG net.serenitybdd.core.photography.Darkroom - Send negative for processing for target\site\serenity\e3902e4e6d497170d59aa0c0c2930d955492166dca27ad580f2b08c08bf103aa.png
18:26:44.316 [main] DEBUG net.thucydides.core.steps.StepInterceptor - STARTING STEP: PatientDataSteps.clickButtonDataPasien - clickButtonDataPasien
18:26:44.323 [Forwarding findElement on session f22b682b2f53de9422a0d6dddd0735e0 to remote] DEBUG org.asynchttpclient.netty.request.NettyRequestSender - Using pooled Channel '[id: 0x0e9e455c, L:/127.0.0.1:49687 - R:localhost/127.0.0.1:62857]' for 'POST' to 'http://localhost:62857/session/f22b682b2f53de9422a0d6dddd0735e0/element'
18:26:44.323 [Forwarding findElement on session f22b682b2f53de9422a0d6dddd0735e0 to remote] DEBUG org.asynchttpclient.netty.request.NettyRequestSender - Using open Channel [id: 0x0e9e455c, L:/127.0.0.1:49687 - R:localhost/127.0.0.1:62857] for POST '/session/f22b682b2f53de9422a0d6dddd0735e0/element'
18:26:44.348 [AsyncHttpClient-1-6] DEBUG org.asynchttpclient.netty.handler.HttpHandler - 

Request DefaultHttpRequest(decodeResult: success, version: HTTP/1.1)
POST /session/f22b682b2f53de9422a0d6dddd0735e0/element HTTP/1.1
User-Agent: selenium/4.1.4 (java windows)
Content-Length: 114
Content-Type: application/json; charset=utf-8
host: localhost:62857
accept: */*

Response DefaultHttpResponse(decodeResult: success, version: HTTP/1.1)
HTTP/1.1 200 OK
Content-Type: application/json; charset=utf-8
cache-control: no-cache
content-length: 88

18:26:44.349 [AsyncHttpClient-1-6] DEBUG org.asynchttpclient.netty.channel.ChannelManager - Adding key: http://localhost:62857 for channel [id: 0x0e9e455c, L:/127.0.0.1:49687 - R:localhost/127.0.0.1:62857]
18:26:44.351 [Forwarding getElementTagName on session f22b682b2f53de9422a0d6dddd0735e0 to remote] DEBUG org.asynchttpclient.netty.request.NettyRequestSender - Using pooled Channel '[id: 0x0e9e455c, L:/127.0.0.1:49687 - R:localhost/127.0.0.1:62857]' for 'GET' to 'http://localhost:62857/session/f22b682b2f53de9422a0d6dddd0735e0/element/04553752-c7f3-473b-beb5-72cb079f1925/name'
18:26:44.351 [Forwarding getElementTagName on session f22b682b2f53de9422a0d6dddd0735e0 to remote] DEBUG org.asynchttpclient.netty.request.NettyRequestSender - Using open Channel [id: 0x0e9e455c, L:/127.0.0.1:49687 - R:localhost/127.0.0.1:62857] for GET '/session/f22b682b2f53de9422a0d6dddd0735e0/element/04553752-c7f3-473b-beb5-72cb079f1925/name'
18:26:44.359 [AsyncHttpClient-1-6] DEBUG org.asynchttpclient.netty.handler.HttpHandler - 

Request DefaultFullHttpRequest(decodeResult: success, version: HTTP/1.1, content: EmptyByteBufBE)
GET /session/f22b682b2f53de9422a0d6dddd0735e0/element/04553752-c7f3-473b-beb5-72cb079f1925/name HTTP/1.1
User-Agent: selenium/4.1.4 (java windows)
Cache-Control: no-cache
Content-Type: application/json; charset=utf-8
host: localhost:62857
accept: */*

Response DefaultHttpResponse(decodeResult: success, version: HTTP/1.1)
HTTP/1.1 200 OK
Content-Type: application/json; charset=utf-8
cache-control: no-cache
content-length: 13

18:26:44.360 [AsyncHttpClient-1-6] DEBUG org.asynchttpclient.netty.channel.ChannelManager - Adding key: http://localhost:62857 for channel [id: 0x0e9e455c, L:/127.0.0.1:49687 - R:localhost/127.0.0.1:62857]
18:26:44.362 [Forwarding getElementTagName on session f22b682b2f53de9422a0d6dddd0735e0 to remote] DEBUG org.asynchttpclient.netty.request.NettyRequestSender - Using pooled Channel '[id: 0x0e9e455c, L:/127.0.0.1:49687 - R:localhost/127.0.0.1:62857]' for 'GET' to 'http://localhost:62857/session/f22b682b2f53de9422a0d6dddd0735e0/element/04553752-c7f3-473b-beb5-72cb079f1925/name'
18:26:44.362 [Forwarding getElementTagName on session f22b682b2f53de9422a0d6dddd0735e0 to remote] DEBUG org.asynchttpclient.netty.request.NettyRequestSender - Using open Channel [id: 0x0e9e455c, L:/127.0.0.1:49687 - R:localhost/127.0.0.1:62857] for GET '/session/f22b682b2f53de9422a0d6dddd0735e0/element/04553752-c7f3-473b-beb5-72cb079f1925/name'
18:26:44.369 [AsyncHttpClient-1-6] DEBUG org.asynchttpclient.netty.handler.HttpHandler - 

Request DefaultFullHttpRequest(decodeResult: success, version: HTTP/1.1, content: EmptyByteBufBE)
GET /session/f22b682b2f53de9422a0d6dddd0735e0/element/04553752-c7f3-473b-beb5-72cb079f1925/name HTTP/1.1
User-Agent: selenium/4.1.4 (java windows)
Cache-Control: no-cache
Content-Type: application/json; charset=utf-8
host: localhost:62857
accept: */*

Response DefaultHttpResponse(decodeResult: success, version: HTTP/1.1)
HTTP/1.1 200 OK
Content-Type: application/json; charset=utf-8
cache-control: no-cache
content-length: 13

18:26:44.369 [AsyncHttpClient-1-6] DEBUG org.asynchttpclient.netty.channel.ChannelManager - Adding key: http://localhost:62857 for channel [id: 0x0e9e455c, L:/127.0.0.1:49687 - R:localhost/127.0.0.1:62857]
18:26:44.372 [Forwarding findElement on session f22b682b2f53de9422a0d6dddd0735e0 to remote] DEBUG org.asynchttpclient.netty.request.NettyRequestSender - Using pooled Channel '[id: 0x0e9e455c, L:/127.0.0.1:49687 - R:localhost/127.0.0.1:62857]' for 'POST' to 'http://localhost:62857/session/f22b682b2f53de9422a0d6dddd0735e0/element'
18:26:44.372 [Forwarding findElement on session f22b682b2f53de9422a0d6dddd0735e0 to remote] DEBUG org.asynchttpclient.netty.request.NettyRequestSender - Using open Channel [id: 0x0e9e455c, L:/127.0.0.1:49687 - R:localhost/127.0.0.1:62857] for POST '/session/f22b682b2f53de9422a0d6dddd0735e0/element'
18:26:44.388 [AsyncHttpClient-1-6] DEBUG org.asynchttpclient.netty.handler.HttpHandler - 

Request DefaultHttpRequest(decodeResult: success, version: HTTP/1.1)
POST /session/f22b682b2f53de9422a0d6dddd0735e0/element HTTP/1.1
User-Agent: selenium/4.1.4 (java windows)
Content-Length: 114
Content-Type: application/json; charset=utf-8
host: localhost:62857
accept: */*

Response DefaultHttpResponse(decodeResult: success, version: HTTP/1.1)
HTTP/1.1 200 OK
Content-Type: application/json; charset=utf-8
cache-control: no-cache
content-length: 88

18:26:44.388 [AsyncHttpClient-1-6] DEBUG org.asynchttpclient.netty.channel.ChannelManager - Adding key: http://localhost:62857 for channel [id: 0x0e9e455c, L:/127.0.0.1:49687 - R:localhost/127.0.0.1:62857]
18:26:44.390 [Forwarding clickElement on session f22b682b2f53de9422a0d6dddd0735e0 to remote] DEBUG org.asynchttpclient.netty.request.NettyRequestSender - Using pooled Channel '[id: 0x0e9e455c, L:/127.0.0.1:49687 - R:localhost/127.0.0.1:62857]' for 'POST' to 'http://localhost:62857/session/f22b682b2f53de9422a0d6dddd0735e0/element/04553752-c7f3-473b-beb5-72cb079f1925/click'
18:26:44.390 [Forwarding clickElement on session f22b682b2f53de9422a0d6dddd0735e0 to remote] DEBUG org.asynchttpclient.netty.request.NettyRequestSender - Using open Channel [id: 0x0e9e455c, L:/127.0.0.1:49687 - R:localhost/127.0.0.1:62857] for POST '/session/f22b682b2f53de9422a0d6dddd0735e0/element/04553752-c7f3-473b-beb5-72cb079f1925/click'
18:26:44.440 [AsyncHttpClient-1-1] DEBUG org.asynchttpclient.netty.channel.DefaultChannelPool - Entry count for : http://localhost:49688 : 1
18:26:44.539 [AsyncHttpClient-1-6] DEBUG org.asynchttpclient.netty.handler.HttpHandler - 

Request DefaultHttpRequest(decodeResult: success, version: HTTP/1.1)
POST /session/f22b682b2f53de9422a0d6dddd0735e0/element/04553752-c7f3-473b-beb5-72cb079f1925/click HTTP/1.1
User-Agent: selenium/4.1.4 (java windows)
Content-Length: 50
Content-Type: application/json; charset=utf-8
host: localhost:62857
accept: */*

Response DefaultHttpResponse(decodeResult: success, version: HTTP/1.1)
HTTP/1.1 200 OK
Content-Type: application/json; charset=utf-8
cache-control: no-cache
content-length: 14

18:26:44.540 [AsyncHttpClient-1-6] DEBUG org.asynchttpclient.netty.channel.ChannelManager - Adding key: http://localhost:62857 for channel [id: 0x0e9e455c, L:/127.0.0.1:49687 - R:localhost/127.0.0.1:62857]
18:26:44.551 [Forwarding screenshot on session f22b682b2f53de9422a0d6dddd0735e0 to remote] DEBUG org.asynchttpclient.netty.request.NettyRequestSender - Using pooled Channel '[id: 0x0e9e455c, L:/127.0.0.1:49687 - R:localhost/127.0.0.1:62857]' for 'GET' to 'http://localhost:62857/session/f22b682b2f53de9422a0d6dddd0735e0/screenshot'
18:26:44.551 [Forwarding screenshot on session f22b682b2f53de9422a0d6dddd0735e0 to remote] DEBUG org.asynchttpclient.netty.request.NettyRequestSender - Using open Channel [id: 0x0e9e455c, L:/127.0.0.1:49687 - R:localhost/127.0.0.1:62857] for GET '/session/f22b682b2f53de9422a0d6dddd0735e0/screenshot'
18:26:44.895 [AsyncHttpClient-1-6] DEBUG org.asynchttpclient.netty.handler.HttpHandler - 

Request DefaultFullHttpRequest(decodeResult: success, version: HTTP/1.1, content: EmptyByteBufBE)
GET /session/f22b682b2f53de9422a0d6dddd0735e0/screenshot HTTP/1.1
User-Agent: selenium/4.1.4 (java windows)
Cache-Control: no-cache
Content-Type: application/json; charset=utf-8
host: localhost:62857
accept: */*

Response DefaultHttpResponse(decodeResult: success, version: HTTP/1.1)
HTTP/1.1 200 OK
Content-Type: application/json; charset=utf-8
cache-control: no-cache
content-length: 111344

18:26:44.895 [AsyncHttpClient-1-6] DEBUG org.asynchttpclient.netty.channel.ChannelManager - Adding key: http://localhost:62857 for channel [id: 0x0e9e455c, L:/127.0.0.1:49687 - R:localhost/127.0.0.1:62857]
18:26:44.901 [main] DEBUG net.serenitybdd.core.photography.Darkroom - Send negative for processing for target\site\serenity\cab0bbeb269868a1543347177657bb66a89de92f2458580831d434e364b16ba6.png
18:26:44.901 [main] DEBUG net.thucydides.core.steps.StepInterceptor - STEP DONE: clickButtonDataPasien
  &amp#27;[32mWhen &amp#27;[0m&amp#27;[32mClick button data pasien&amp#27;[0m                                                          &amp#27;[90m# starter.stepdefinitios.PatientDataSteps.clickButtonDataPasien()&amp#27;[0m
18:26:44.902 [Darkroom Processing Line] DEBUG net.serenitybdd.core.photography.DarkroomProcessingLine - Processing screenshot image in /var/screenshots/screenshot-44079343784598803
18:26:44.902 [Darkroom Processing Line] DEBUG net.serenitybdd.core.photography.DarkroomProcessingLine - Saving screenshot to target\site\serenity\cab0bbeb269868a1543347177657bb66a89de92f2458580831d434e364b16ba6.png
18:26:45.537 [AsyncHttpClient-1-1] DEBUG org.asynchttpclient.netty.channel.DefaultChannelPool - Entry count for : http://localhost:62857 : 1
18:26:45.537 [AsyncHttpClient-1-1] DEBUG org.asynchttpclient.netty.channel.DefaultChannelPool - Entry count for : http://localhost:49688 : 1
18:26:46.639 [AsyncHttpClient-1-1] DEBUG org.asynchttpclient.netty.channel.DefaultChannelPool - Entry count for : http://localhost:62857 : 1
18:26:46.639 [AsyncHttpClient-1-1] DEBUG org.asynchttpclient.netty.channel.DefaultChannelPool - Entry count for : http://localhost:49688 : 1
18:26:47.743 [AsyncHttpClient-1-1] DEBUG org.asynchttpclient.netty.channel.DefaultChannelPool - Entry count for : http://localhost:62857 : 1
18:26:47.743 [AsyncHttpClient-1-1] DEBUG org.asynchttpclient.netty.channel.DefaultChannelPool - Entry count for : http://localhost:49688 : 1
18:26:48.835 [AsyncHttpClient-1-1] DEBUG org.asynchttpclient.netty.channel.DefaultChannelPool - Entry count for : http://localhost:62857 : 1
18:26:48.835 [AsyncHttpClient-1-1] DEBUG org.asynchttpclient.netty.channel.DefaultChannelPool - Entry count for : http://localhost:49688 : 1
18:26:49.937 [Forwarding screenshot on session f22b682b2f53de9422a0d6dddd0735e0 to remote] DEBUG org.asynchttpclient.netty.request.NettyRequestSender - Using pooled Channel '[id: 0x0e9e455c, L:/127.0.0.1:49687 - R:localhost/127.0.0.1:62857]' for 'GET' to 'http://localhost:62857/session/f22b682b2f53de9422a0d6dddd0735e0/screenshot'
18:26:49.937 [Forwarding screenshot on session f22b682b2f53de9422a0d6dddd0735e0 to remote] DEBUG org.asynchttpclient.netty.request.NettyRequestSender - Using open Channel [id: 0x0e9e455c, L:/127.0.0.1:49687 - R:localhost/127.0.0.1:62857] for GET '/session/f22b682b2f53de9422a0d6dddd0735e0/screenshot'
18:26:49.941 [AsyncHttpClient-1-1] DEBUG org.asynchttpclient.netty.channel.DefaultChannelPool - Entry count for : http://localhost:49688 : 1
18:26:50.120 [AsyncHttpClient-1-6] DEBUG org.asynchttpclient.netty.handler.HttpHandler - 

Request DefaultFullHttpRequest(decodeResult: success, version: HTTP/1.1, content: EmptyByteBufBE)
GET /session/f22b682b2f53de9422a0d6dddd0735e0/screenshot HTTP/1.1
User-Agent: selenium/4.1.4 (java windows)
Cache-Control: no-cache
Content-Type: application/json; charset=utf-8
host: localhost:62857
accept: */*

Response DefaultHttpResponse(decodeResult: success, version: HTTP/1.1)
HTTP/1.1 200 OK
Content-Type: application/json; charset=utf-8
cache-control: no-cache
content-length: 78120

18:26:50.121 [AsyncHttpClient-1-6] DEBUG org.asynchttpclient.netty.channel.ChannelManager - Adding key: http://localhost:62857 for channel [id: 0x0e9e455c, L:/127.0.0.1:49687 - R:localhost/127.0.0.1:62857]
18:26:50.125 [main] DEBUG net.serenitybdd.core.photography.Darkroom - Send negative for processing for target\site\serenity\d6ed50c29d027087014be018255b24461da0ec62e478373e35038b2a5be95db1.png
18:26:50.125 [Darkroom Processing Line] DEBUG net.serenitybdd.core.photography.DarkroomProcessingLine - Processing screenshot image in /var/screenshots/screenshot-7311139520270105518
18:26:50.125 [main] DEBUG net.thucydides.core.steps.StepInterceptor - STARTING STEP: PatientDataSteps.clickDetailPatientData - clickButtonDetail
18:26:50.125 [Darkroom Processing Line] DEBUG net.serenitybdd.core.photography.DarkroomProcessingLine - Saving screenshot to target\site\serenity\d6ed50c29d027087014be018255b24461da0ec62e478373e35038b2a5be95db1.png
18:26:50.134 [Forwarding findElement on session f22b682b2f53de9422a0d6dddd0735e0 to remote] DEBUG org.asynchttpclient.netty.request.NettyRequestSender - Using pooled Channel '[id: 0x0e9e455c, L:/127.0.0.1:49687 - R:localhost/127.0.0.1:62857]' for 'POST' to 'http://localhost:62857/session/f22b682b2f53de9422a0d6dddd0735e0/element'
18:26:50.134 [Forwarding findElement on session f22b682b2f53de9422a0d6dddd0735e0 to remote] DEBUG org.asynchttpclient.netty.request.NettyRequestSender - Using open Channel [id: 0x0e9e455c, L:/127.0.0.1:49687 - R:localhost/127.0.0.1:62857] for POST '/session/f22b682b2f53de9422a0d6dddd0735e0/element'
18:26:50.161 [AsyncHttpClient-1-6] DEBUG org.asynchttpclient.netty.handler.HttpHandler - 

Request DefaultHttpRequest(decodeResult: success, version: HTTP/1.1)
POST /session/f22b682b2f53de9422a0d6dddd0735e0/element HTTP/1.1
User-Agent: selenium/4.1.4 (java windows)
Content-Length: 92
Content-Type: application/json; charset=utf-8
host: localhost:62857
accept: */*

Response DefaultHttpResponse(decodeResult: success, version: HTTP/1.1)
HTTP/1.1 200 OK
Content-Type: application/json; charset=utf-8
cache-control: no-cache
content-length: 88

18:26:50.161 [AsyncHttpClient-1-6] DEBUG org.asynchttpclient.netty.channel.ChannelManager - Adding key: http://localhost:62857 for channel [id: 0x0e9e455c, L:/127.0.0.1:49687 - R:localhost/127.0.0.1:62857]
18:26:50.162 [Forwarding getElementTagName on session f22b682b2f53de9422a0d6dddd0735e0 to remote] DEBUG org.asynchttpclient.netty.request.NettyRequestSender - Using pooled Channel '[id: 0x0e9e455c, L:/127.0.0.1:49687 - R:localhost/127.0.0.1:62857]' for 'GET' to 'http://localhost:62857/session/f22b682b2f53de9422a0d6dddd0735e0/element/37b21cf8-1178-4ccf-b18b-29f585f5a9bb/name'
18:26:50.162 [Forwarding getElementTagName on session f22b682b2f53de9422a0d6dddd0735e0 to remote] DEBUG org.asynchttpclient.netty.request.NettyRequestSender - Using open Channel [id: 0x0e9e455c, L:/127.0.0.1:49687 - R:localhost/127.0.0.1:62857] for GET '/session/f22b682b2f53de9422a0d6dddd0735e0/element/37b21cf8-1178-4ccf-b18b-29f585f5a9bb/name'
18:26:50.172 [AsyncHttpClient-1-6] DEBUG org.asynchttpclient.netty.handler.HttpHandler - 

Request DefaultFullHttpRequest(decodeResult: success, version: HTTP/1.1, content: EmptyByteBufBE)
GET /session/f22b682b2f53de9422a0d6dddd0735e0/element/37b21cf8-1178-4ccf-b18b-29f585f5a9bb/name HTTP/1.1
User-Agent: selenium/4.1.4 (java windows)
Cache-Control: no-cache
Content-Type: application/json; charset=utf-8
host: localhost:62857
accept: */*

Response DefaultHttpResponse(decodeResult: success, version: HTTP/1.1)
HTTP/1.1 200 OK
Content-Type: application/json; charset=utf-8
cache-control: no-cache
content-length: 15

18:26:50.172 [AsyncHttpClient-1-6] DEBUG org.asynchttpclient.netty.channel.ChannelManager - Adding key: http://localhost:62857 for channel [id: 0x0e9e455c, L:/127.0.0.1:49687 - R:localhost/127.0.0.1:62857]
18:26:50.174 [Forwarding getElementTagName on session f22b682b2f53de9422a0d6dddd0735e0 to remote] DEBUG org.asynchttpclient.netty.request.NettyRequestSender - Using pooled Channel '[id: 0x0e9e455c, L:/127.0.0.1:49687 - R:localhost/127.0.0.1:62857]' for 'GET' to 'http://localhost:62857/session/f22b682b2f53de9422a0d6dddd0735e0/element/37b21cf8-1178-4ccf-b18b-29f585f5a9bb/name'
18:26:50.174 [Forwarding getElementTagName on session f22b682b2f53de9422a0d6dddd0735e0 to remote] DEBUG org.asynchttpclient.netty.request.NettyRequestSender - Using open Channel [id: 0x0e9e455c, L:/127.0.0.1:49687 - R:localhost/127.0.0.1:62857] for GET '/session/f22b682b2f53de9422a0d6dddd0735e0/element/37b21cf8-1178-4ccf-b18b-29f585f5a9bb/name'
18:26:50.182 [AsyncHttpClient-1-6] DEBUG org.asynchttpclient.netty.handler.HttpHandler - 

Request DefaultFullHttpRequest(decodeResult: success, version: HTTP/1.1, content: EmptyByteBufBE)
GET /session/f22b682b2f53de9422a0d6dddd0735e0/element/37b21cf8-1178-4ccf-b18b-29f585f5a9bb/name HTTP/1.1
User-Agent: selenium/4.1.4 (java windows)
Cache-Control: no-cache
Content-Type: application/json; charset=utf-8
host: localhost:62857
accept: */*

Response DefaultHttpResponse(decodeResult: success, version: HTTP/1.1)
HTTP/1.1 200 OK
Content-Type: application/json; charset=utf-8
cache-control: no-cache
content-length: 15

18:26:50.182 [AsyncHttpClient-1-6] DEBUG org.asynchttpclient.netty.channel.ChannelManager - Adding key: http://localhost:62857 for channel [id: 0x0e9e455c, L:/127.0.0.1:49687 - R:localhost/127.0.0.1:62857]
18:26:50.185 [Forwarding findElement on session f22b682b2f53de9422a0d6dddd0735e0 to remote] DEBUG org.asynchttpclient.netty.request.NettyRequestSender - Using pooled Channel '[id: 0x0e9e455c, L:/127.0.0.1:49687 - R:localhost/127.0.0.1:62857]' for 'POST' to 'http://localhost:62857/session/f22b682b2f53de9422a0d6dddd0735e0/element'
18:26:50.185 [Forwarding findElement on session f22b682b2f53de9422a0d6dddd0735e0 to remote] DEBUG org.asynchttpclient.netty.request.NettyRequestSender - Using open Channel [id: 0x0e9e455c, L:/127.0.0.1:49687 - R:localhost/127.0.0.1:62857] for POST '/session/f22b682b2f53de9422a0d6dddd0735e0/element'
18:26:50.201 [AsyncHttpClient-1-6] DEBUG org.asynchttpclient.netty.handler.HttpHandler - 

Request DefaultHttpRequest(decodeResult: success, version: HTTP/1.1)
POST /session/f22b682b2f53de9422a0d6dddd0735e0/element HTTP/1.1
User-Agent: selenium/4.1.4 (java windows)
Content-Length: 92
Content-Type: application/json; charset=utf-8
host: localhost:62857
accept: */*

Response DefaultHttpResponse(decodeResult: success, version: HTTP/1.1)
HTTP/1.1 200 OK
Content-Type: application/json; charset=utf-8
cache-control: no-cache
content-length: 88

18:26:50.201 [AsyncHttpClient-1-6] DEBUG org.asynchttpclient.netty.channel.ChannelManager - Adding key: http://localhost:62857 for channel [id: 0x0e9e455c, L:/127.0.0.1:49687 - R:localhost/127.0.0.1:62857]
18:26:50.203 [Forwarding clickElement on session f22b682b2f53de9422a0d6dddd0735e0 to remote] DEBUG org.asynchttpclient.netty.request.NettyRequestSender - Using pooled Channel '[id: 0x0e9e455c, L:/127.0.0.1:49687 - R:localhost/127.0.0.1:62857]' for 'POST' to 'http://localhost:62857/session/f22b682b2f53de9422a0d6dddd0735e0/element/37b21cf8-1178-4ccf-b18b-29f585f5a9bb/click'
18:26:50.203 [Forwarding clickElement on session f22b682b2f53de9422a0d6dddd0735e0 to remote] DEBUG org.asynchttpclient.netty.request.NettyRequestSender - Using open Channel [id: 0x0e9e455c, L:/127.0.0.1:49687 - R:localhost/127.0.0.1:62857] for POST '/session/f22b682b2f53de9422a0d6dddd0735e0/element/37b21cf8-1178-4ccf-b18b-29f585f5a9bb/click'
18:26:50.557 [AsyncHttpClient-1-6] DEBUG org.asynchttpclient.netty.handler.HttpHandler - 

Request DefaultHttpRequest(decodeResult: success, version: HTTP/1.1)
POST /session/f22b682b2f53de9422a0d6dddd0735e0/element/37b21cf8-1178-4ccf-b18b-29f585f5a9bb/click HTTP/1.1
User-Agent: selenium/4.1.4 (java windows)
Content-Length: 50
Content-Type: application/json; charset=utf-8
host: localhost:62857
accept: */*

Response DefaultHttpResponse(decodeResult: success, version: HTTP/1.1)
HTTP/1.1 200 OK
Content-Type: application/json; charset=utf-8
cache-control: no-cache
content-length: 14

18:26:50.557 [AsyncHttpClient-1-6] DEBUG org.asynchttpclient.netty.channel.ChannelManager - Adding key: http://localhost:62857 for channel [id: 0x0e9e455c, L:/127.0.0.1:49687 - R:localhost/127.0.0.1:62857]
18:26:50.569 [Forwarding screenshot on session f22b682b2f53de9422a0d6dddd0735e0 to remote] DEBUG org.asynchttpclient.netty.request.NettyRequestSender - Using pooled Channel '[id: 0x0e9e455c, L:/127.0.0.1:49687 - R:localhost/127.0.0.1:62857]' for 'GET' to 'http://localhost:62857/session/f22b682b2f53de9422a0d6dddd0735e0/screenshot'
18:26:50.569 [Forwarding screenshot on session f22b682b2f53de9422a0d6dddd0735e0 to remote] DEBUG org.asynchttpclient.netty.request.NettyRequestSender - Using open Channel [id: 0x0e9e455c, L:/127.0.0.1:49687 - R:localhost/127.0.0.1:62857] for GET '/session/f22b682b2f53de9422a0d6dddd0735e0/screenshot'
18:26:50.840 [AsyncHttpClient-1-6] DEBUG org.asynchttpclient.netty.handler.HttpHandler - 

Request DefaultFullHttpRequest(decodeResult: success, version: HTTP/1.1, content: EmptyByteBufBE)
GET /session/f22b682b2f53de9422a0d6dddd0735e0/screenshot HTTP/1.1
User-Agent: selenium/4.1.4 (java windows)
Cache-Control: no-cache
Content-Type: application/json; charset=utf-8
host: localhost:62857
accept: */*

Response DefaultHttpResponse(decodeResult: success, version: HTTP/1.1)
HTTP/1.1 200 OK
Content-Type: application/json; charset=utf-8
cache-control: no-cache
content-length: 30904

18:26:50.841 [AsyncHttpClient-1-6] DEBUG org.asynchttpclient.netty.channel.ChannelManager - Adding key: http://localhost:62857 for channel [id: 0x0e9e455c, L:/127.0.0.1:49687 - R:localhost/127.0.0.1:62857]
18:26:50.846 [main] DEBUG net.serenitybdd.core.photography.Darkroom - Send negative for processing for target\site\serenity\ebc55b95d909d80303174d45deb3fe769d11c311024ac4f53f6f91e476711655.png
18:26:50.846 [main] DEBUG net.thucydides.core.steps.StepInterceptor - STEP DONE: clickButtonDetail
  &amp#27;[32mAnd &amp#27;[0m&amp#27;[32mClick Detail Patient data&amp#27;[0m                                                          &amp#27;[90m# starter.stepdefinitios.PatientDataSteps.clickDetailPatientData()&amp#27;[0m
18:26:50.847 [Darkroom Processing Line] DEBUG net.serenitybdd.core.photography.DarkroomProcessingLine - Processing screenshot image in /var/screenshots/screenshot-8095578250164006941
18:26:50.847 [Darkroom Processing Line] DEBUG net.serenitybdd.core.photography.DarkroomProcessingLine - Saving screenshot to target\site\serenity\ebc55b95d909d80303174d45deb3fe769d11c311024ac4f53f6f91e476711655.png
18:26:51.038 [AsyncHttpClient-1-1] DEBUG org.asynchttpclient.netty.channel.DefaultChannelPool - Entry count for : http://localhost:62857 : 1
18:26:51.038 [AsyncHttpClient-1-1] DEBUG org.asynchttpclient.netty.channel.DefaultChannelPool - Entry count for : http://localhost:49688 : 1
18:26:52.135 [AsyncHttpClient-1-1] DEBUG org.asynchttpclient.netty.channel.DefaultChannelPool - Entry count for : http://localhost:62857 : 1
18:26:52.136 [AsyncHttpClient-1-1] DEBUG org.asynchttpclient.netty.channel.DefaultChannelPool - Entry count for : http://localhost:49688 : 1
18:26:52.407 [Forwarding screenshot on session f22b682b2f53de9422a0d6dddd0735e0 to remote] DEBUG org.asynchttpclient.netty.request.NettyRequestSender - Using pooled Channel '[id: 0x0e9e455c, L:/127.0.0.1:49687 - R:localhost/127.0.0.1:62857]' for 'GET' to 'http://localhost:62857/session/f22b682b2f53de9422a0d6dddd0735e0/screenshot'
18:26:52.407 [Forwarding screenshot on session f22b682b2f53de9422a0d6dddd0735e0 to remote] DEBUG org.asynchttpclient.netty.request.NettyRequestSender - Using open Channel [id: 0x0e9e455c, L:/127.0.0.1:49687 - R:localhost/127.0.0.1:62857] for GET '/session/f22b682b2f53de9422a0d6dddd0735e0/screenshot'
18:26:52.597 [AsyncHttpClient-1-6] DEBUG org.asynchttpclient.netty.handler.HttpHandler - 

Request DefaultFullHttpRequest(decodeResult: success, version: HTTP/1.1, content: EmptyByteBufBE)
GET /session/f22b682b2f53de9422a0d6dddd0735e0/screenshot HTTP/1.1
User-Agent: selenium/4.1.4 (java windows)
Cache-Control: no-cache
Content-Type: application/json; charset=utf-8
host: localhost:62857
accept: */*

Response DefaultHttpResponse(decodeResult: success, version: HTTP/1.1)
HTTP/1.1 200 OK
Content-Type: application/json; charset=utf-8
cache-control: no-cache
content-length: 47112

18:26:52.598 [AsyncHttpClient-1-6] DEBUG org.asynchttpclient.netty.channel.ChannelManager - Adding key: http://localhost:62857 for channel [id: 0x0e9e455c, L:/127.0.0.1:49687 - R:localhost/127.0.0.1:62857]
18:26:52.601 [main] DEBUG net.serenitybdd.core.photography.Darkroom - Send negative for processing for target\site\serenity\9d4bd58b0d51e0bf2f4c9e4826a735d1e7e84f339864e88f5e56a8c35cd8633e.png
18:26:52.601 [Darkroom Processing Line] DEBUG net.serenitybdd.core.photography.DarkroomProcessingLine - Processing screenshot image in /var/screenshots/screenshot-3064020907550531718
18:26:52.601 [Darkroom Processing Line] DEBUG net.serenitybdd.core.photography.DarkroomProcessingLine - Saving screenshot to target\site\serenity\9d4bd58b0d51e0bf2f4c9e4826a735d1e7e84f339864e88f5e56a8c35cd8633e.png
18:26:52.601 [main] DEBUG net.thucydides.core.steps.StepInterceptor - STARTING STEP: PatientDataSteps.validData - checkValidDataPasien
18:26:52.607 [Forwarding findElement on session f22b682b2f53de9422a0d6dddd0735e0 to remote] DEBUG org.asynchttpclient.netty.request.NettyRequestSender - Using pooled Channel '[id: 0x0e9e455c, L:/127.0.0.1:49687 - R:localhost/127.0.0.1:62857]' for 'POST' to 'http://localhost:62857/session/f22b682b2f53de9422a0d6dddd0735e0/element'
18:26:52.607 [Forwarding findElement on session f22b682b2f53de9422a0d6dddd0735e0 to remote] DEBUG org.asynchttpclient.netty.request.NettyRequestSender - Using open Channel [id: 0x0e9e455c, L:/127.0.0.1:49687 - R:localhost/127.0.0.1:62857] for POST '/session/f22b682b2f53de9422a0d6dddd0735e0/element'
18:26:52.620 [AsyncHttpClient-1-6] DEBUG org.asynchttpclient.netty.handler.HttpHandler - 

Request DefaultHttpRequest(decodeResult: success, version: HTTP/1.1)
POST /session/f22b682b2f53de9422a0d6dddd0735e0/element HTTP/1.1
User-Agent: selenium/4.1.4 (java windows)
Content-Length: 95
Content-Type: application/json; charset=utf-8
host: localhost:62857
accept: */*

Response DefaultHttpResponse(decodeResult: success, version: HTTP/1.1)
HTTP/1.1 200 OK
Content-Type: application/json; charset=utf-8
cache-control: no-cache
content-length: 88

18:26:52.620 [AsyncHttpClient-1-6] DEBUG org.asynchttpclient.netty.channel.ChannelManager - Adding key: http://localhost:62857 for channel [id: 0x0e9e455c, L:/127.0.0.1:49687 - R:localhost/127.0.0.1:62857]
18:26:52.621 [Forwarding isElementEnabled on session f22b682b2f53de9422a0d6dddd0735e0 to remote] DEBUG org.asynchttpclient.netty.request.NettyRequestSender - Using pooled Channel '[id: 0x0e9e455c, L:/127.0.0.1:49687 - R:localhost/127.0.0.1:62857]' for 'GET' to 'http://localhost:62857/session/f22b682b2f53de9422a0d6dddd0735e0/element/4bfc7abf-6172-476f-8e80-42956d458626/enabled'
18:26:52.621 [Forwarding isElementEnabled on session f22b682b2f53de9422a0d6dddd0735e0 to remote] DEBUG org.asynchttpclient.netty.request.NettyRequestSender - Using open Channel [id: 0x0e9e455c, L:/127.0.0.1:49687 - R:localhost/127.0.0.1:62857] for GET '/session/f22b682b2f53de9422a0d6dddd0735e0/element/4bfc7abf-6172-476f-8e80-42956d458626/enabled'
18:26:52.629 [AsyncHttpClient-1-6] DEBUG org.asynchttpclient.netty.handler.HttpHandler - 

Request DefaultFullHttpRequest(decodeResult: success, version: HTTP/1.1, content: EmptyByteBufBE)
GET /session/f22b682b2f53de9422a0d6dddd0735e0/element/4bfc7abf-6172-476f-8e80-42956d458626/enabled HTTP/1.1
User-Agent: selenium/4.1.4 (java windows)
Cache-Control: no-cache
Content-Type: application/json; charset=utf-8
host: localhost:62857
accept: */*

Response DefaultHttpResponse(decodeResult: success, version: HTTP/1.1)
HTTP/1.1 200 OK
Content-Type: application/json; charset=utf-8
cache-control: no-cache
content-length: 14

18:26:52.629 [AsyncHttpClient-1-6] DEBUG org.asynchttpclient.netty.channel.ChannelManager - Adding key: http://localhost:62857 for channel [id: 0x0e9e455c, L:/127.0.0.1:49687 - R:localhost/127.0.0.1:62857]
18:26:52.635 [main] DEBUG net.thucydides.core.steps.StepInterceptor - STEP DONE: checkValidDataPasien
  &amp#27;[32mAnd &amp#27;[0m&amp#27;[32mValid data detail pasien&amp#27;[0m                                                           &amp#27;[90m# starter.stepdefinitios.PatientDataSteps.validData()&amp#27;[0m
18:26:53.244 [AsyncHttpClient-1-1] DEBUG org.asynchttpclient.netty.channel.DefaultChannelPool - Entry count for : http://localhost:62857 : 1
18:26:53.244 [AsyncHttpClient-1-1] DEBUG org.asynchttpclient.netty.channel.DefaultChannelPool - Entry count for : http://localhost:49688 : 1
18:26:54.337 [AsyncHttpClient-1-1] DEBUG org.asynchttpclient.netty.channel.DefaultChannelPool - Entry count for : http://localhost:62857 : 1
18:26:54.337 [AsyncHttpClient-1-1] DEBUG org.asynchttpclient.netty.channel.DefaultChannelPool - Entry count for : http://localhost:49688 : 1
18:26:55.436 [AsyncHttpClient-1-1] DEBUG org.asynchttpclient.netty.channel.DefaultChannelPool - Entry count for : http://localhost:62857 : 1
18:26:55.436 [AsyncHttpClient-1-1] DEBUG org.asynchttpclient.netty.channel.DefaultChannelPool - Entry count for : http://localhost:49688 : 1
18:26:55.639 [Forwarding screenshot on session f22b682b2f53de9422a0d6dddd0735e0 to remote] DEBUG org.asynchttpclient.netty.request.NettyRequestSender - Using pooled Channel '[id: 0x0e9e455c, L:/127.0.0.1:49687 - R:localhost/127.0.0.1:62857]' for 'GET' to 'http://localhost:62857/session/f22b682b2f53de9422a0d6dddd0735e0/screenshot'
18:26:55.639 [Forwarding screenshot on session f22b682b2f53de9422a0d6dddd0735e0 to remote] DEBUG org.asynchttpclient.netty.request.NettyRequestSender - Using open Channel [id: 0x0e9e455c, L:/127.0.0.1:49687 - R:localhost/127.0.0.1:62857] for GET '/session/f22b682b2f53de9422a0d6dddd0735e0/screenshot'
18:26:55.853 [AsyncHttpClient-1-6] DEBUG org.asynchttpclient.netty.handler.HttpHandler - 

Request DefaultFullHttpRequest(decodeResult: success, version: HTTP/1.1, content: EmptyByteBufBE)
GET /session/f22b682b2f53de9422a0d6dddd0735e0/screenshot HTTP/1.1
User-Agent: selenium/4.1.4 (java windows)
Cache-Control: no-cache
Content-Type: application/json; charset=utf-8
host: localhost:62857
accept: */*

Response DefaultHttpResponse(decodeResult: success, version: HTTP/1.1)
HTTP/1.1 200 OK
Content-Type: application/json; charset=utf-8
cache-control: no-cache
content-length: 111756

18:26:55.853 [AsyncHttpClient-1-6] DEBUG org.asynchttpclient.netty.channel.ChannelManager - Adding key: http://localhost:62857 for channel [id: 0x0e9e455c, L:/127.0.0.1:49687 - R:localhost/127.0.0.1:62857]
18:26:55.855 [main] DEBUG net.serenitybdd.core.photography.Darkroom - Send negative for processing for target\site\serenity\7038127380628729a71bd874bf7e75d3debf138efb35194654eb8e2f916b230b.png
18:26:55.855 [main] DEBUG net.thucydides.core.steps.StepInterceptor - STARTING STEP: PatientDataSteps.clickButtonEditProfil - clickButtonEditDataPasien
18:26:55.855 [Darkroom Processing Line] DEBUG net.serenitybdd.core.photography.DarkroomProcessingLine - Processing screenshot image in /var/screenshots/screenshot-7403522800866641727
18:26:55.855 [Darkroom Processing Line] DEBUG net.serenitybdd.core.photography.DarkroomProcessingLine - Saving screenshot to target\site\serenity\7038127380628729a71bd874bf7e75d3debf138efb35194654eb8e2f916b230b.png
18:26:55.866 [Forwarding findElement on session f22b682b2f53de9422a0d6dddd0735e0 to remote] DEBUG org.asynchttpclient.netty.request.NettyRequestSender - Using pooled Channel '[id: 0x0e9e455c, L:/127.0.0.1:49687 - R:localhost/127.0.0.1:62857]' for 'POST' to 'http://localhost:62857/session/f22b682b2f53de9422a0d6dddd0735e0/element'
18:26:55.866 [Forwarding findElement on session f22b682b2f53de9422a0d6dddd0735e0 to remote] DEBUG org.asynchttpclient.netty.request.NettyRequestSender - Using open Channel [id: 0x0e9e455c, L:/127.0.0.1:49687 - R:localhost/127.0.0.1:62857] for POST '/session/f22b682b2f53de9422a0d6dddd0735e0/element'
18:26:55.885 [AsyncHttpClient-1-6] DEBUG org.asynchttpclient.netty.handler.HttpHandler - 

Request DefaultHttpRequest(decodeResult: success, version: HTTP/1.1)
POST /session/f22b682b2f53de9422a0d6dddd0735e0/element HTTP/1.1
User-Agent: selenium/4.1.4 (java windows)
Content-Length: 116
Content-Type: application/json; charset=utf-8
host: localhost:62857
accept: */*

Response DefaultHttpResponse(decodeResult: success, version: HTTP/1.1)
HTTP/1.1 200 OK
Content-Type: application/json; charset=utf-8
cache-control: no-cache
content-length: 88

18:26:55.885 [AsyncHttpClient-1-6] DEBUG org.asynchttpclient.netty.channel.ChannelManager - Adding key: http://localhost:62857 for channel [id: 0x0e9e455c, L:/127.0.0.1:49687 - R:localhost/127.0.0.1:62857]
18:26:55.888 [Forwarding getElementTagName on session f22b682b2f53de9422a0d6dddd0735e0 to remote] DEBUG org.asynchttpclient.netty.request.NettyRequestSender - Using pooled Channel '[id: 0x0e9e455c, L:/127.0.0.1:49687 - R:localhost/127.0.0.1:62857]' for 'GET' to 'http://localhost:62857/session/f22b682b2f53de9422a0d6dddd0735e0/element/638f6686-c7b4-431d-994a-d43c40683f7a/name'
18:26:55.888 [Forwarding getElementTagName on session f22b682b2f53de9422a0d6dddd0735e0 to remote] DEBUG org.asynchttpclient.netty.request.NettyRequestSender - Using open Channel [id: 0x0e9e455c, L:/127.0.0.1:49687 - R:localhost/127.0.0.1:62857] for GET '/session/f22b682b2f53de9422a0d6dddd0735e0/element/638f6686-c7b4-431d-994a-d43c40683f7a/name'
18:26:55.894 [AsyncHttpClient-1-6] DEBUG org.asynchttpclient.netty.handler.HttpHandler - 

Request DefaultFullHttpRequest(decodeResult: success, version: HTTP/1.1, content: EmptyByteBufBE)
GET /session/f22b682b2f53de9422a0d6dddd0735e0/element/638f6686-c7b4-431d-994a-d43c40683f7a/name HTTP/1.1
User-Agent: selenium/4.1.4 (java windows)
Cache-Control: no-cache
Content-Type: application/json; charset=utf-8
host: localhost:62857
accept: */*

Response DefaultHttpResponse(decodeResult: success, version: HTTP/1.1)
HTTP/1.1 200 OK
Content-Type: application/json; charset=utf-8
cache-control: no-cache
content-length: 18

18:26:55.894 [AsyncHttpClient-1-6] DEBUG org.asynchttpclient.netty.channel.ChannelManager - Adding key: http://localhost:62857 for channel [id: 0x0e9e455c, L:/127.0.0.1:49687 - R:localhost/127.0.0.1:62857]
18:26:55.896 [Forwarding getElementTagName on session f22b682b2f53de9422a0d6dddd0735e0 to remote] DEBUG org.asynchttpclient.netty.request.NettyRequestSender - Using pooled Channel '[id: 0x0e9e455c, L:/127.0.0.1:49687 - R:localhost/127.0.0.1:62857]' for 'GET' to 'http://localhost:62857/session/f22b682b2f53de9422a0d6dddd0735e0/element/638f6686-c7b4-431d-994a-d43c40683f7a/name'
18:26:55.896 [Forwarding getElementTagName on session f22b682b2f53de9422a0d6dddd0735e0 to remote] DEBUG org.asynchttpclient.netty.request.NettyRequestSender - Using open Channel [id: 0x0e9e455c, L:/127.0.0.1:49687 - R:localhost/127.0.0.1:62857] for GET '/session/f22b682b2f53de9422a0d6dddd0735e0/element/638f6686-c7b4-431d-994a-d43c40683f7a/name'
18:26:55.899 [AsyncHttpClient-1-6] DEBUG org.asynchttpclient.netty.handler.HttpHandler - 

Request DefaultFullHttpRequest(decodeResult: success, version: HTTP/1.1, content: EmptyByteBufBE)
GET /session/f22b682b2f53de9422a0d6dddd0735e0/element/638f6686-c7b4-431d-994a-d43c40683f7a/name HTTP/1.1
User-Agent: selenium/4.1.4 (java windows)
Cache-Control: no-cache
Content-Type: application/json; charset=utf-8
host: localhost:62857
accept: */*

Response DefaultHttpResponse(decodeResult: success, version: HTTP/1.1)
HTTP/1.1 200 OK
Content-Type: application/json; charset=utf-8
cache-control: no-cache
content-length: 18

18:26:55.899 [AsyncHttpClient-1-6] DEBUG org.asynchttpclient.netty.channel.ChannelManager - Adding key: http://localhost:62857 for channel [id: 0x0e9e455c, L:/127.0.0.1:49687 - R:localhost/127.0.0.1:62857]
18:26:55.903 [Forwarding isElementEnabled on session f22b682b2f53de9422a0d6dddd0735e0 to remote] DEBUG org.asynchttpclient.netty.request.NettyRequestSender - Using pooled Channel '[id: 0x0e9e455c, L:/127.0.0.1:49687 - R:localhost/127.0.0.1:62857]' for 'GET' to 'http://localhost:62857/session/f22b682b2f53de9422a0d6dddd0735e0/element/638f6686-c7b4-431d-994a-d43c40683f7a/enabled'
18:26:55.903 [Forwarding isElementEnabled on session f22b682b2f53de9422a0d6dddd0735e0 to remote] DEBUG org.asynchttpclient.netty.request.NettyRequestSender - Using open Channel [id: 0x0e9e455c, L:/127.0.0.1:49687 - R:localhost/127.0.0.1:62857] for GET '/session/f22b682b2f53de9422a0d6dddd0735e0/element/638f6686-c7b4-431d-994a-d43c40683f7a/enabled'
18:26:55.916 [AsyncHttpClient-1-6] DEBUG org.asynchttpclient.netty.handler.HttpHandler - 

Request DefaultFullHttpRequest(decodeResult: success, version: HTTP/1.1, content: EmptyByteBufBE)
GET /session/f22b682b2f53de9422a0d6dddd0735e0/element/638f6686-c7b4-431d-994a-d43c40683f7a/enabled HTTP/1.1
User-Agent: selenium/4.1.4 (java windows)
Cache-Control: no-cache
Content-Type: application/json; charset=utf-8
host: localhost:62857
accept: */*

Response DefaultHttpResponse(decodeResult: success, version: HTTP/1.1)
HTTP/1.1 200 OK
Content-Type: application/json; charset=utf-8
cache-control: no-cache
content-length: 14

18:26:55.916 [AsyncHttpClient-1-6] DEBUG org.asynchttpclient.netty.channel.ChannelManager - Adding key: http://localhost:62857 for channel [id: 0x0e9e455c, L:/127.0.0.1:49687 - R:localhost/127.0.0.1:62857]
18:26:55.918 [Forwarding isElementEnabled on session f22b682b2f53de9422a0d6dddd0735e0 to remote] DEBUG org.asynchttpclient.netty.request.NettyRequestSender - Using pooled Channel '[id: 0x0e9e455c, L:/127.0.0.1:49687 - R:localhost/127.0.0.1:62857]' for 'GET' to 'http://localhost:62857/session/f22b682b2f53de9422a0d6dddd0735e0/element/638f6686-c7b4-431d-994a-d43c40683f7a/enabled'
18:26:55.918 [Forwarding isElementEnabled on session f22b682b2f53de9422a0d6dddd0735e0 to remote] DEBUG org.asynchttpclient.netty.request.NettyRequestSender - Using open Channel [id: 0x0e9e455c, L:/127.0.0.1:49687 - R:localhost/127.0.0.1:62857] for GET '/session/f22b682b2f53de9422a0d6dddd0735e0/element/638f6686-c7b4-431d-994a-d43c40683f7a/enabled'
18:26:55.926 [AsyncHttpClient-1-6] DEBUG org.asynchttpclient.netty.handler.HttpHandler - 

Request DefaultFullHttpRequest(decodeResult: success, version: HTTP/1.1, content: EmptyByteBufBE)
GET /session/f22b682b2f53de9422a0d6dddd0735e0/element/638f6686-c7b4-431d-994a-d43c40683f7a/enabled HTTP/1.1
User-Agent: selenium/4.1.4 (java windows)
Cache-Control: no-cache
Content-Type: application/json; charset=utf-8
host: localhost:62857
accept: */*

Response DefaultHttpResponse(decodeResult: success, version: HTTP/1.1)
HTTP/1.1 200 OK
Content-Type: application/json; charset=utf-8
cache-control: no-cache
content-length: 14

18:26:55.926 [AsyncHttpClient-1-6] DEBUG org.asynchttpclient.netty.channel.ChannelManager - Adding key: http://localhost:62857 for channel [id: 0x0e9e455c, L:/127.0.0.1:49687 - R:localhost/127.0.0.1:62857]
18:26:55.929 [Forwarding findElement on session f22b682b2f53de9422a0d6dddd0735e0 to remote] DEBUG org.asynchttpclient.netty.request.NettyRequestSender - Using pooled Channel '[id: 0x0e9e455c, L:/127.0.0.1:49687 - R:localhost/127.0.0.1:62857]' for 'POST' to 'http://localhost:62857/session/f22b682b2f53de9422a0d6dddd0735e0/element'
18:26:55.929 [Forwarding findElement on session f22b682b2f53de9422a0d6dddd0735e0 to remote] DEBUG org.asynchttpclient.netty.request.NettyRequestSender - Using open Channel [id: 0x0e9e455c, L:/127.0.0.1:49687 - R:localhost/127.0.0.1:62857] for POST '/session/f22b682b2f53de9422a0d6dddd0735e0/element'
18:26:55.940 [AsyncHttpClient-1-6] DEBUG org.asynchttpclient.netty.handler.HttpHandler - 

Request DefaultHttpRequest(decodeResult: success, version: HTTP/1.1)
POST /session/f22b682b2f53de9422a0d6dddd0735e0/element HTTP/1.1
User-Agent: selenium/4.1.4 (java windows)
Content-Length: 116
Content-Type: application/json; charset=utf-8
host: localhost:62857
accept: */*

Response DefaultHttpResponse(decodeResult: success, version: HTTP/1.1)
HTTP/1.1 200 OK
Content-Type: application/json; charset=utf-8
cache-control: no-cache
content-length: 88

18:26:55.940 [AsyncHttpClient-1-6] DEBUG org.asynchttpclient.netty.channel.ChannelManager - Adding key: http://localhost:62857 for channel [id: 0x0e9e455c, L:/127.0.0.1:49687 - R:localhost/127.0.0.1:62857]
18:26:55.941 [Forwarding clickElement on session f22b682b2f53de9422a0d6dddd0735e0 to remote] DEBUG org.asynchttpclient.netty.request.NettyRequestSender - Using pooled Channel '[id: 0x0e9e455c, L:/127.0.0.1:49687 - R:localhost/127.0.0.1:62857]' for 'POST' to 'http://localhost:62857/session/f22b682b2f53de9422a0d6dddd0735e0/element/638f6686-c7b4-431d-994a-d43c40683f7a/click'
18:26:55.941 [Forwarding clickElement on session f22b682b2f53de9422a0d6dddd0735e0 to remote] DEBUG org.asynchttpclient.netty.request.NettyRequestSender - Using open Channel [id: 0x0e9e455c, L:/127.0.0.1:49687 - R:localhost/127.0.0.1:62857] for POST '/session/f22b682b2f53de9422a0d6dddd0735e0/element/638f6686-c7b4-431d-994a-d43c40683f7a/click'
18:26:56.128 [AsyncHttpClient-1-6] DEBUG org.asynchttpclient.netty.handler.HttpHandler - 

Request DefaultHttpRequest(decodeResult: success, version: HTTP/1.1)
POST /session/f22b682b2f53de9422a0d6dddd0735e0/element/638f6686-c7b4-431d-994a-d43c40683f7a/click HTTP/1.1
User-Agent: selenium/4.1.4 (java windows)
Content-Length: 50
Content-Type: application/json; charset=utf-8
host: localhost:62857
accept: */*

Response DefaultHttpResponse(decodeResult: success, version: HTTP/1.1)
HTTP/1.1 200 OK
Content-Type: application/json; charset=utf-8
cache-control: no-cache
content-length: 14

18:26:56.128 [AsyncHttpClient-1-6] DEBUG org.asynchttpclient.netty.channel.ChannelManager - Adding key: http://localhost:62857 for channel [id: 0x0e9e455c, L:/127.0.0.1:49687 - R:localhost/127.0.0.1:62857]
18:26:56.128 [Forwarding screenshot on session f22b682b2f53de9422a0d6dddd0735e0 to remote] DEBUG org.asynchttpclient.netty.request.NettyRequestSender - Using pooled Channel '[id: 0x0e9e455c, L:/127.0.0.1:49687 - R:localhost/127.0.0.1:62857]' for 'GET' to 'http://localhost:62857/session/f22b682b2f53de9422a0d6dddd0735e0/screenshot'
18:26:56.128 [Forwarding screenshot on session f22b682b2f53de9422a0d6dddd0735e0 to remote] DEBUG org.asynchttpclient.netty.request.NettyRequestSender - Using open Channel [id: 0x0e9e455c, L:/127.0.0.1:49687 - R:localhost/127.0.0.1:62857] for GET '/session/f22b682b2f53de9422a0d6dddd0735e0/screenshot'
18:26:56.411 [AsyncHttpClient-1-6] DEBUG org.asynchttpclient.netty.handler.HttpHandler - 

Request DefaultFullHttpRequest(decodeResult: success, version: HTTP/1.1, content: EmptyByteBufBE)
GET /session/f22b682b2f53de9422a0d6dddd0735e0/screenshot HTTP/1.1
User-Agent: selenium/4.1.4 (java windows)
Cache-Control: no-cache
Content-Type: application/json; charset=utf-8
host: localhost:62857
accept: */*

Response DefaultHttpResponse(decodeResult: success, version: HTTP/1.1)
HTTP/1.1 200 OK
Content-Type: application/json; charset=utf-8
cache-control: no-cache
content-length: 126632

18:26:56.414 [AsyncHttpClient-1-6] DEBUG org.asynchttpclient.netty.channel.ChannelManager - Adding key: http://localhost:62857 for channel [id: 0x0e9e455c, L:/127.0.0.1:49687 - R:localhost/127.0.0.1:62857]
18:26:56.420 [main] DEBUG net.serenitybdd.core.photography.Darkroom - Send negative for processing for target\site\serenity\9f1d9e9e236084bce1a7935ade5f81b256fb62f578a0f953163884dbd2292682.png
18:26:56.420 [main] DEBUG net.thucydides.core.steps.StepInterceptor - STEP DONE: clickButtonEditDataPasien
  &amp#27;[32mAnd &amp#27;[0m&amp#27;[32mClick button edit profil&amp#27;[0m                                                           &amp#27;[90m# starter.stepdefinitios.PatientDataSteps.clickButtonEditProfil()&amp#27;[0m
18:26:56.420 [Darkroom Processing Line] DEBUG net.serenitybdd.core.photography.DarkroomProcessingLine - Processing screenshot image in /var/screenshots/screenshot-5403691682648835218
18:26:56.420 [Darkroom Processing Line] DEBUG net.serenitybdd.core.photography.DarkroomProcessingLine - Saving screenshot to target\site\serenity\9f1d9e9e236084bce1a7935ade5f81b256fb62f578a0f953163884dbd2292682.png
18:26:56.546 [AsyncHttpClient-1-1] DEBUG org.asynchttpclient.netty.channel.DefaultChannelPool - Entry count for : http://localhost:62857 : 1
18:26:56.546 [AsyncHttpClient-1-1] DEBUG org.asynchttpclient.netty.channel.DefaultChannelPool - Entry count for : http://localhost:49688 : 1
18:26:57.469 [Forwarding screenshot on session f22b682b2f53de9422a0d6dddd0735e0 to remote] DEBUG org.asynchttpclient.netty.request.NettyRequestSender - Using pooled Channel '[id: 0x0e9e455c, L:/127.0.0.1:49687 - R:localhost/127.0.0.1:62857]' for 'GET' to 'http://localhost:62857/session/f22b682b2f53de9422a0d6dddd0735e0/screenshot'
18:26:57.469 [Forwarding screenshot on session f22b682b2f53de9422a0d6dddd0735e0 to remote] DEBUG org.asynchttpclient.netty.request.NettyRequestSender - Using open Channel [id: 0x0e9e455c, L:/127.0.0.1:49687 - R:localhost/127.0.0.1:62857] for GET '/session/f22b682b2f53de9422a0d6dddd0735e0/screenshot'
18:26:57.650 [AsyncHttpClient-1-1] DEBUG org.asynchttpclient.netty.channel.DefaultChannelPool - Entry count for : http://localhost:49688 : 1
18:26:57.750 [AsyncHttpClient-1-6] DEBUG org.asynchttpclient.netty.handler.HttpHandler - 

Request DefaultFullHttpRequest(decodeResult: success, version: HTTP/1.1, content: EmptyByteBufBE)
GET /session/f22b682b2f53de9422a0d6dddd0735e0/screenshot HTTP/1.1
User-Agent: selenium/4.1.4 (java windows)
Cache-Control: no-cache
Content-Type: application/json; charset=utf-8
host: localhost:62857
accept: */*

Response DefaultHttpResponse(decodeResult: success, version: HTTP/1.1)
HTTP/1.1 200 OK
Content-Type: application/json; charset=utf-8
cache-control: no-cache
content-length: 139708

18:26:57.750 [AsyncHttpClient-1-6] DEBUG org.asynchttpclient.netty.channel.ChannelManager - Adding key: http://localhost:62857 for channel [id: 0x0e9e455c, L:/127.0.0.1:49687 - R:localhost/127.0.0.1:62857]
18:26:57.752 [main] DEBUG net.serenitybdd.core.photography.Darkroom - Send negative for processing for target\site\serenity\dbbf255ae58fd76c81e0eb1d1ea64eb86f66271c2d915da3979d913a93e7b6a4.png
18:26:57.752 [Darkroom Processing Line] DEBUG net.serenitybdd.core.photography.DarkroomProcessingLine - Processing screenshot image in /var/screenshots/screenshot-14199908790063736819
18:26:57.752 [main] DEBUG net.thucydides.core.steps.StepInterceptor - STARTING STEP: PatientDataSteps.iInputEditPatient - inputDataPasienEdit
18:26:57.752 [Darkroom Processing Line] DEBUG net.serenitybdd.core.photography.DarkroomProcessingLine - Saving screenshot to target\site\serenity\dbbf255ae58fd76c81e0eb1d1ea64eb86f66271c2d915da3979d913a93e7b6a4.png
18:26:57.764 [Forwarding findElement on session f22b682b2f53de9422a0d6dddd0735e0 to remote] DEBUG org.asynchttpclient.netty.request.NettyRequestSender - Using pooled Channel '[id: 0x0e9e455c, L:/127.0.0.1:49687 - R:localhost/127.0.0.1:62857]' for 'POST' to 'http://localhost:62857/session/f22b682b2f53de9422a0d6dddd0735e0/element'
18:26:57.764 [Forwarding findElement on session f22b682b2f53de9422a0d6dddd0735e0 to remote] DEBUG org.asynchttpclient.netty.request.NettyRequestSender - Using open Channel [id: 0x0e9e455c, L:/127.0.0.1:49687 - R:localhost/127.0.0.1:62857] for POST '/session/f22b682b2f53de9422a0d6dddd0735e0/element'
18:26:57.788 [AsyncHttpClient-1-6] DEBUG org.asynchttpclient.netty.handler.HttpHandler - 

Request DefaultHttpRequest(decodeResult: success, version: HTTP/1.1)
POST /session/f22b682b2f53de9422a0d6dddd0735e0/element HTTP/1.1
User-Agent: selenium/4.1.4 (java windows)
Content-Length: 72
Content-Type: application/json; charset=utf-8
host: localhost:62857
accept: */*

Response DefaultHttpResponse(decodeResult: success, version: HTTP/1.1)
HTTP/1.1 200 OK
Content-Type: application/json; charset=utf-8
cache-control: no-cache
content-length: 88

18:26:57.788 [AsyncHttpClient-1-6] DEBUG org.asynchttpclient.netty.channel.ChannelManager - Adding key: http://localhost:62857 for channel [id: 0x0e9e455c, L:/127.0.0.1:49687 - R:localhost/127.0.0.1:62857]
18:26:57.792 [Forwarding sendKeysToElement on session f22b682b2f53de9422a0d6dddd0735e0 to remote] DEBUG org.asynchttpclient.netty.request.NettyRequestSender - Using pooled Channel '[id: 0x0e9e455c, L:/127.0.0.1:49687 - R:localhost/127.0.0.1:62857]' for 'POST' to 'http://localhost:62857/session/f22b682b2f53de9422a0d6dddd0735e0/element/94b86d28-9eeb-40fa-a6ad-ab9f9b7f749f/value'
18:26:57.792 [Forwarding sendKeysToElement on session f22b682b2f53de9422a0d6dddd0735e0 to remote] DEBUG org.asynchttpclient.netty.request.NettyRequestSender - Using open Channel [id: 0x0e9e455c, L:/127.0.0.1:49687 - R:localhost/127.0.0.1:62857] for POST '/session/f22b682b2f53de9422a0d6dddd0735e0/element/94b86d28-9eeb-40fa-a6ad-ab9f9b7f749f/value'
18:26:58.152 [AsyncHttpClient-1-6] DEBUG org.asynchttpclient.netty.handler.HttpHandler - 

Request DefaultHttpRequest(decodeResult: success, version: HTTP/1.1)
POST /session/f22b682b2f53de9422a0d6dddd0735e0/element/94b86d28-9eeb-40fa-a6ad-ab9f9b7f749f/value HTTP/1.1
User-Agent: selenium/4.1.4 (java windows)
Content-Length: 189
Content-Type: application/json; charset=utf-8
host: localhost:62857
accept: */*

Response DefaultHttpResponse(decodeResult: success, version: HTTP/1.1)
HTTP/1.1 200 OK
Content-Type: application/json; charset=utf-8
cache-control: no-cache
content-length: 14

18:26:58.153 [AsyncHttpClient-1-6] DEBUG org.asynchttpclient.netty.channel.ChannelManager - Adding key: http://localhost:62857 for channel [id: 0x0e9e455c, L:/127.0.0.1:49687 - R:localhost/127.0.0.1:62857]
18:26:58.156 [Forwarding findElement on session f22b682b2f53de9422a0d6dddd0735e0 to remote] DEBUG org.asynchttpclient.netty.request.NettyRequestSender - Using pooled Channel '[id: 0x0e9e455c, L:/127.0.0.1:49687 - R:localhost/127.0.0.1:62857]' for 'POST' to 'http://localhost:62857/session/f22b682b2f53de9422a0d6dddd0735e0/element'
18:26:58.156 [Forwarding findElement on session f22b682b2f53de9422a0d6dddd0735e0 to remote] DEBUG org.asynchttpclient.netty.request.NettyRequestSender - Using open Channel [id: 0x0e9e455c, L:/127.0.0.1:49687 - R:localhost/127.0.0.1:62857] for POST '/session/f22b682b2f53de9422a0d6dddd0735e0/element'
18:26:58.170 [AsyncHttpClient-1-6] DEBUG org.asynchttpclient.netty.handler.HttpHandler - 

Request DefaultHttpRequest(decodeResult: success, version: HTTP/1.1)
POST /session/f22b682b2f53de9422a0d6dddd0735e0/element HTTP/1.1
User-Agent: selenium/4.1.4 (java windows)
Content-Length: 72
Content-Type: application/json; charset=utf-8
host: localhost:62857
accept: */*

Response DefaultHttpResponse(decodeResult: success, version: HTTP/1.1)
HTTP/1.1 200 OK
Content-Type: application/json; charset=utf-8
cache-control: no-cache
content-length: 88

18:26:58.193 [AsyncHttpClient-1-6] DEBUG org.asynchttpclient.netty.channel.ChannelManager - Adding key: http://localhost:62857 for channel [id: 0x0e9e455c, L:/127.0.0.1:49687 - R:localhost/127.0.0.1:62857]
18:26:58.206 [Forwarding sendKeysToElement on session f22b682b2f53de9422a0d6dddd0735e0 to remote] DEBUG org.asynchttpclient.netty.request.NettyRequestSender - Using pooled Channel '[id: 0x0e9e455c, L:/127.0.0.1:49687 - R:localhost/127.0.0.1:62857]' for 'POST' to 'http://localhost:62857/session/f22b682b2f53de9422a0d6dddd0735e0/element/94b86d28-9eeb-40fa-a6ad-ab9f9b7f749f/value'
18:26:58.206 [Forwarding sendKeysToElement on session f22b682b2f53de9422a0d6dddd0735e0 to remote] DEBUG org.asynchttpclient.netty.request.NettyRequestSender - Using open Channel [id: 0x0e9e455c, L:/127.0.0.1:49687 - R:localhost/127.0.0.1:62857] for POST '/session/f22b682b2f53de9422a0d6dddd0735e0/element/94b86d28-9eeb-40fa-a6ad-ab9f9b7f749f/value'
18:26:58.448 [AsyncHttpClient-1-6] DEBUG org.asynchttpclient.netty.handler.HttpHandler - 

Request DefaultHttpRequest(decodeResult: success, version: HTTP/1.1)
POST /session/f22b682b2f53de9422a0d6dddd0735e0/element/94b86d28-9eeb-40fa-a6ad-ab9f9b7f749f/value HTTP/1.1
User-Agent: selenium/4.1.4 (java windows)
Content-Length: 151
Content-Type: application/json; charset=utf-8
host: localhost:62857
accept: */*

Response DefaultHttpResponse(decodeResult: success, version: HTTP/1.1)
HTTP/1.1 200 OK
Content-Type: application/json; charset=utf-8
cache-control: no-cache
content-length: 14

18:26:58.448 [AsyncHttpClient-1-6] DEBUG org.asynchttpclient.netty.channel.ChannelManager - Adding key: http://localhost:62857 for channel [id: 0x0e9e455c, L:/127.0.0.1:49687 - R:localhost/127.0.0.1:62857]
18:26:58.448 [Forwarding findElement on session f22b682b2f53de9422a0d6dddd0735e0 to remote] DEBUG org.asynchttpclient.netty.request.NettyRequestSender - Using pooled Channel '[id: 0x0e9e455c, L:/127.0.0.1:49687 - R:localhost/127.0.0.1:62857]' for 'POST' to 'http://localhost:62857/session/f22b682b2f53de9422a0d6dddd0735e0/element'
18:26:58.448 [Forwarding findElement on session f22b682b2f53de9422a0d6dddd0735e0 to remote] DEBUG org.asynchttpclient.netty.request.NettyRequestSender - Using open Channel [id: 0x0e9e455c, L:/127.0.0.1:49687 - R:localhost/127.0.0.1:62857] for POST '/session/f22b682b2f53de9422a0d6dddd0735e0/element'
18:26:58.486 [AsyncHttpClient-1-6] DEBUG org.asynchttpclient.netty.handler.HttpHandler - 

Request DefaultHttpRequest(decodeResult: success, version: HTTP/1.1)
POST /session/f22b682b2f53de9422a0d6dddd0735e0/element HTTP/1.1
User-Agent: selenium/4.1.4 (java windows)
Content-Length: 65
Content-Type: application/json; charset=utf-8
host: localhost:62857
accept: */*

Response DefaultHttpResponse(decodeResult: success, version: HTTP/1.1)
HTTP/1.1 200 OK
Content-Type: application/json; charset=utf-8
cache-control: no-cache
content-length: 88

18:26:58.486 [AsyncHttpClient-1-6] DEBUG org.asynchttpclient.netty.channel.ChannelManager - Adding key: http://localhost:62857 for channel [id: 0x0e9e455c, L:/127.0.0.1:49687 - R:localhost/127.0.0.1:62857]
18:26:58.486 [Forwarding sendKeysToElement on session f22b682b2f53de9422a0d6dddd0735e0 to remote] DEBUG org.asynchttpclient.netty.request.NettyRequestSender - Using pooled Channel '[id: 0x0e9e455c, L:/127.0.0.1:49687 - R:localhost/127.0.0.1:62857]' for 'POST' to 'http://localhost:62857/session/f22b682b2f53de9422a0d6dddd0735e0/element/1d402bf8-27d9-4317-bd3c-600bc9469890/value'
18:26:58.486 [Forwarding sendKeysToElement on session f22b682b2f53de9422a0d6dddd0735e0 to remote] DEBUG org.asynchttpclient.netty.request.NettyRequestSender - Using open Channel [id: 0x0e9e455c, L:/127.0.0.1:49687 - R:localhost/127.0.0.1:62857] for POST '/session/f22b682b2f53de9422a0d6dddd0735e0/element/1d402bf8-27d9-4317-bd3c-600bc9469890/value'
18:26:58.749 [AsyncHttpClient-1-1] DEBUG org.asynchttpclient.netty.channel.DefaultChannelPool - Entry count for : http://localhost:49688 : 1
18:26:58.925 [AsyncHttpClient-1-6] DEBUG org.asynchttpclient.netty.handler.HttpHandler - 

Request DefaultHttpRequest(decodeResult: success, version: HTTP/1.1)
POST /session/f22b682b2f53de9422a0d6dddd0735e0/element/1d402bf8-27d9-4317-bd3c-600bc9469890/value HTTP/1.1
User-Agent: selenium/4.1.4 (java windows)
Content-Length: 279
Content-Type: application/json; charset=utf-8
host: localhost:62857
accept: */*

Response DefaultHttpResponse(decodeResult: success, version: HTTP/1.1)
HTTP/1.1 200 OK
Content-Type: application/json; charset=utf-8
cache-control: no-cache
content-length: 14

18:26:58.925 [AsyncHttpClient-1-6] DEBUG org.asynchttpclient.netty.channel.ChannelManager - Adding key: http://localhost:62857 for channel [id: 0x0e9e455c, L:/127.0.0.1:49687 - R:localhost/127.0.0.1:62857]
18:26:58.927 [Forwarding findElement on session f22b682b2f53de9422a0d6dddd0735e0 to remote] DEBUG org.asynchttpclient.netty.request.NettyRequestSender - Using pooled Channel '[id: 0x0e9e455c, L:/127.0.0.1:49687 - R:localhost/127.0.0.1:62857]' for 'POST' to 'http://localhost:62857/session/f22b682b2f53de9422a0d6dddd0735e0/element'
18:26:58.927 [Forwarding findElement on session f22b682b2f53de9422a0d6dddd0735e0 to remote] DEBUG org.asynchttpclient.netty.request.NettyRequestSender - Using open Channel [id: 0x0e9e455c, L:/127.0.0.1:49687 - R:localhost/127.0.0.1:62857] for POST '/session/f22b682b2f53de9422a0d6dddd0735e0/element'
18:26:58.939 [AsyncHttpClient-1-6] DEBUG org.asynchttpclient.netty.handler.HttpHandler - 

Request DefaultHttpRequest(decodeResult: success, version: HTTP/1.1)
POST /session/f22b682b2f53de9422a0d6dddd0735e0/element HTTP/1.1
User-Agent: selenium/4.1.4 (java windows)
Content-Length: 65
Content-Type: application/json; charset=utf-8
host: localhost:62857
accept: */*

Response DefaultHttpResponse(decodeResult: success, version: HTTP/1.1)
HTTP/1.1 200 OK
Content-Type: application/json; charset=utf-8
cache-control: no-cache
content-length: 88

18:26:58.939 [AsyncHttpClient-1-6] DEBUG org.asynchttpclient.netty.channel.ChannelManager - Adding key: http://localhost:62857 for channel [id: 0x0e9e455c, L:/127.0.0.1:49687 - R:localhost/127.0.0.1:62857]
18:26:58.941 [Forwarding sendKeysToElement on session f22b682b2f53de9422a0d6dddd0735e0 to remote] DEBUG org.asynchttpclient.netty.request.NettyRequestSender - Using pooled Channel '[id: 0x0e9e455c, L:/127.0.0.1:49687 - R:localhost/127.0.0.1:62857]' for 'POST' to 'http://localhost:62857/session/f22b682b2f53de9422a0d6dddd0735e0/element/1d402bf8-27d9-4317-bd3c-600bc9469890/value'
18:26:58.941 [Forwarding sendKeysToElement on session f22b682b2f53de9422a0d6dddd0735e0 to remote] DEBUG org.asynchttpclient.netty.request.NettyRequestSender - Using open Channel [id: 0x0e9e455c, L:/127.0.0.1:49687 - R:localhost/127.0.0.1:62857] for POST '/session/f22b682b2f53de9422a0d6dddd0735e0/element/1d402bf8-27d9-4317-bd3c-600bc9469890/value'
18:26:59.307 [AsyncHttpClient-1-6] DEBUG org.asynchttpclient.netty.handler.HttpHandler - 

Request DefaultHttpRequest(decodeResult: success, version: HTTP/1.1)
POST /session/f22b682b2f53de9422a0d6dddd0735e0/element/1d402bf8-27d9-4317-bd3c-600bc9469890/value HTTP/1.1
User-Agent: selenium/4.1.4 (java windows)
Content-Length: 241
Content-Type: application/json; charset=utf-8
host: localhost:62857
accept: */*

Response DefaultHttpResponse(decodeResult: success, version: HTTP/1.1)
HTTP/1.1 200 OK
Content-Type: application/json; charset=utf-8
cache-control: no-cache
content-length: 14

18:26:59.308 [AsyncHttpClient-1-6] DEBUG org.asynchttpclient.netty.channel.ChannelManager - Adding key: http://localhost:62857 for channel [id: 0x0e9e455c, L:/127.0.0.1:49687 - R:localhost/127.0.0.1:62857]
18:26:59.310 [Forwarding findElement on session f22b682b2f53de9422a0d6dddd0735e0 to remote] DEBUG org.asynchttpclient.netty.request.NettyRequestSender - Using pooled Channel '[id: 0x0e9e455c, L:/127.0.0.1:49687 - R:localhost/127.0.0.1:62857]' for 'POST' to 'http://localhost:62857/session/f22b682b2f53de9422a0d6dddd0735e0/element'
18:26:59.310 [Forwarding findElement on session f22b682b2f53de9422a0d6dddd0735e0 to remote] DEBUG org.asynchttpclient.netty.request.NettyRequestSender - Using open Channel [id: 0x0e9e455c, L:/127.0.0.1:49687 - R:localhost/127.0.0.1:62857] for POST '/session/f22b682b2f53de9422a0d6dddd0735e0/element'
18:26:59.330 [AsyncHttpClient-1-6] DEBUG org.asynchttpclient.netty.handler.HttpHandler - 

Request DefaultHttpRequest(decodeResult: success, version: HTTP/1.1)
POST /session/f22b682b2f53de9422a0d6dddd0735e0/element HTTP/1.1
User-Agent: selenium/4.1.4 (java windows)
Content-Length: 66
Content-Type: application/json; charset=utf-8
host: localhost:62857
accept: */*

Response DefaultHttpResponse(decodeResult: success, version: HTTP/1.1)
HTTP/1.1 200 OK
Content-Type: application/json; charset=utf-8
cache-control: no-cache
content-length: 88

18:26:59.330 [AsyncHttpClient-1-6] DEBUG org.asynchttpclient.netty.channel.ChannelManager - Adding key: http://localhost:62857 for channel [id: 0x0e9e455c, L:/127.0.0.1:49687 - R:localhost/127.0.0.1:62857]
18:26:59.333 [Forwarding sendKeysToElement on session f22b682b2f53de9422a0d6dddd0735e0 to remote] DEBUG org.asynchttpclient.netty.request.NettyRequestSender - Using pooled Channel '[id: 0x0e9e455c, L:/127.0.0.1:49687 - R:localhost/127.0.0.1:62857]' for 'POST' to 'http://localhost:62857/session/f22b682b2f53de9422a0d6dddd0735e0/element/347fd2df-9bcb-4fd2-9fca-9923932882cd/value'
18:26:59.333 [Forwarding sendKeysToElement on session f22b682b2f53de9422a0d6dddd0735e0 to remote] DEBUG org.asynchttpclient.netty.request.NettyRequestSender - Using open Channel [id: 0x0e9e455c, L:/127.0.0.1:49687 - R:localhost/127.0.0.1:62857] for POST '/session/f22b682b2f53de9422a0d6dddd0735e0/element/347fd2df-9bcb-4fd2-9fca-9923932882cd/value'
18:26:59.687 [AsyncHttpClient-1-6] DEBUG org.asynchttpclient.netty.handler.HttpHandler - 

Request DefaultHttpRequest(decodeResult: success, version: HTTP/1.1)
POST /session/f22b682b2f53de9422a0d6dddd0735e0/element/347fd2df-9bcb-4fd2-9fca-9923932882cd/value HTTP/1.1
User-Agent: selenium/4.1.4 (java windows)
Content-Length: 239
Content-Type: application/json; charset=utf-8
host: localhost:62857
accept: */*

Response DefaultHttpResponse(decodeResult: success, version: HTTP/1.1)
HTTP/1.1 200 OK
Content-Type: application/json; charset=utf-8
cache-control: no-cache
content-length: 14

18:26:59.688 [AsyncHttpClient-1-6] DEBUG org.asynchttpclient.netty.channel.ChannelManager - Adding key: http://localhost:62857 for channel [id: 0x0e9e455c, L:/127.0.0.1:49687 - R:localhost/127.0.0.1:62857]
18:26:59.688 [Forwarding findElement on session f22b682b2f53de9422a0d6dddd0735e0 to remote] DEBUG org.asynchttpclient.netty.request.NettyRequestSender - Using pooled Channel '[id: 0x0e9e455c, L:/127.0.0.1:49687 - R:localhost/127.0.0.1:62857]' for 'POST' to 'http://localhost:62857/session/f22b682b2f53de9422a0d6dddd0735e0/element'
18:26:59.688 [Forwarding findElement on session f22b682b2f53de9422a0d6dddd0735e0 to remote] DEBUG org.asynchttpclient.netty.request.NettyRequestSender - Using open Channel [id: 0x0e9e455c, L:/127.0.0.1:49687 - R:localhost/127.0.0.1:62857] for POST '/session/f22b682b2f53de9422a0d6dddd0735e0/element'
18:26:59.706 [AsyncHttpClient-1-6] DEBUG org.asynchttpclient.netty.handler.HttpHandler - 

Request DefaultHttpRequest(decodeResult: success, version: HTTP/1.1)
POST /session/f22b682b2f53de9422a0d6dddd0735e0/element HTTP/1.1
User-Agent: selenium/4.1.4 (java windows)
Content-Length: 66
Content-Type: application/json; charset=utf-8
host: localhost:62857
accept: */*

Response DefaultHttpResponse(decodeResult: success, version: HTTP/1.1)
HTTP/1.1 200 OK
Content-Type: application/json; charset=utf-8
cache-control: no-cache
content-length: 88

18:26:59.706 [AsyncHttpClient-1-6] DEBUG org.asynchttpclient.netty.channel.ChannelManager - Adding key: http://localhost:62857 for channel [id: 0x0e9e455c, L:/127.0.0.1:49687 - R:localhost/127.0.0.1:62857]
18:26:59.706 [Forwarding sendKeysToElement on session f22b682b2f53de9422a0d6dddd0735e0 to remote] DEBUG org.asynchttpclient.netty.request.NettyRequestSender - Using pooled Channel '[id: 0x0e9e455c, L:/127.0.0.1:49687 - R:localhost/127.0.0.1:62857]' for 'POST' to 'http://localhost:62857/session/f22b682b2f53de9422a0d6dddd0735e0/element/347fd2df-9bcb-4fd2-9fca-9923932882cd/value'
18:26:59.706 [Forwarding sendKeysToElement on session f22b682b2f53de9422a0d6dddd0735e0 to remote] DEBUG org.asynchttpclient.netty.request.NettyRequestSender - Using open Channel [id: 0x0e9e455c, L:/127.0.0.1:49687 - R:localhost/127.0.0.1:62857] for POST '/session/f22b682b2f53de9422a0d6dddd0735e0/element/347fd2df-9bcb-4fd2-9fca-9923932882cd/value'
18:26:59.850 [AsyncHttpClient-1-1] DEBUG org.asynchttpclient.netty.channel.DefaultChannelPool - Entry count for : http://localhost:49688 : 1
18:26:59.957 [AsyncHttpClient-1-6] DEBUG org.asynchttpclient.netty.handler.HttpHandler - 

Request DefaultHttpRequest(decodeResult: success, version: HTTP/1.1)
POST /session/f22b682b2f53de9422a0d6dddd0735e0/element/347fd2df-9bcb-4fd2-9fca-9923932882cd/value HTTP/1.1
User-Agent: selenium/4.1.4 (java windows)
Content-Length: 201
Content-Type: application/json; charset=utf-8
host: localhost:62857
accept: */*

Response DefaultHttpResponse(decodeResult: success, version: HTTP/1.1)
HTTP/1.1 200 OK
Content-Type: application/json; charset=utf-8
cache-control: no-cache
content-length: 14

18:26:59.957 [AsyncHttpClient-1-6] DEBUG org.asynchttpclient.netty.channel.ChannelManager - Adding key: http://localhost:62857 for channel [id: 0x0e9e455c, L:/127.0.0.1:49687 - R:localhost/127.0.0.1:62857]
18:26:59.961 [Forwarding findElement on session f22b682b2f53de9422a0d6dddd0735e0 to remote] DEBUG org.asynchttpclient.netty.request.NettyRequestSender - Using pooled Channel '[id: 0x0e9e455c, L:/127.0.0.1:49687 - R:localhost/127.0.0.1:62857]' for 'POST' to 'http://localhost:62857/session/f22b682b2f53de9422a0d6dddd0735e0/element'
18:26:59.961 [Forwarding findElement on session f22b682b2f53de9422a0d6dddd0735e0 to remote] DEBUG org.asynchttpclient.netty.request.NettyRequestSender - Using open Channel [id: 0x0e9e455c, L:/127.0.0.1:49687 - R:localhost/127.0.0.1:62857] for POST '/session/f22b682b2f53de9422a0d6dddd0735e0/element'
18:26:59.980 [AsyncHttpClient-1-6] DEBUG org.asynchttpclient.netty.handler.HttpHandler - 

Request DefaultHttpRequest(decodeResult: success, version: HTTP/1.1)
POST /session/f22b682b2f53de9422a0d6dddd0735e0/element HTTP/1.1
User-Agent: selenium/4.1.4 (java windows)
Content-Length: 68
Content-Type: application/json; charset=utf-8
host: localhost:62857
accept: */*

Response DefaultHttpResponse(decodeResult: success, version: HTTP/1.1)
HTTP/1.1 200 OK
Content-Type: application/json; charset=utf-8
cache-control: no-cache
content-length: 88

18:26:59.980 [AsyncHttpClient-1-6] DEBUG org.asynchttpclient.netty.channel.ChannelManager - Adding key: http://localhost:62857 for channel [id: 0x0e9e455c, L:/127.0.0.1:49687 - R:localhost/127.0.0.1:62857]
18:26:59.983 [Forwarding sendKeysToElement on session f22b682b2f53de9422a0d6dddd0735e0 to remote] DEBUG org.asynchttpclient.netty.request.NettyRequestSender - Using pooled Channel '[id: 0x0e9e455c, L:/127.0.0.1:49687 - R:localhost/127.0.0.1:62857]' for 'POST' to 'http://localhost:62857/session/f22b682b2f53de9422a0d6dddd0735e0/element/a03c7f5d-67ab-42fd-be8d-3a7b638d4442/value'
18:26:59.983 [Forwarding sendKeysToElement on session f22b682b2f53de9422a0d6dddd0735e0 to remote] DEBUG org.asynchttpclient.netty.request.NettyRequestSender - Using open Channel [id: 0x0e9e455c, L:/127.0.0.1:49687 - R:localhost/127.0.0.1:62857] for POST '/session/f22b682b2f53de9422a0d6dddd0735e0/element/a03c7f5d-67ab-42fd-be8d-3a7b638d4442/value'
18:27:00.244 [AsyncHttpClient-1-6] DEBUG org.asynchttpclient.netty.handler.HttpHandler - 

Request DefaultHttpRequest(decodeResult: success, version: HTTP/1.1)
POST /session/f22b682b2f53de9422a0d6dddd0735e0/element/a03c7f5d-67ab-42fd-be8d-3a7b638d4442/value HTTP/1.1
User-Agent: selenium/4.1.4 (java windows)
Content-Length: 209
Content-Type: application/json; charset=utf-8
host: localhost:62857
accept: */*

Response DefaultHttpResponse(decodeResult: success, version: HTTP/1.1)
HTTP/1.1 200 OK
Content-Type: application/json; charset=utf-8
cache-control: no-cache
content-length: 14

18:27:00.244 [AsyncHttpClient-1-6] DEBUG org.asynchttpclient.netty.channel.ChannelManager - Adding key: http://localhost:62857 for channel [id: 0x0e9e455c, L:/127.0.0.1:49687 - R:localhost/127.0.0.1:62857]
18:27:00.248 [Forwarding findElement on session f22b682b2f53de9422a0d6dddd0735e0 to remote] DEBUG org.asynchttpclient.netty.request.NettyRequestSender - Using pooled Channel '[id: 0x0e9e455c, L:/127.0.0.1:49687 - R:localhost/127.0.0.1:62857]' for 'POST' to 'http://localhost:62857/session/f22b682b2f53de9422a0d6dddd0735e0/element'
18:27:00.248 [Forwarding findElement on session f22b682b2f53de9422a0d6dddd0735e0 to remote] DEBUG org.asynchttpclient.netty.request.NettyRequestSender - Using open Channel [id: 0x0e9e455c, L:/127.0.0.1:49687 - R:localhost/127.0.0.1:62857] for POST '/session/f22b682b2f53de9422a0d6dddd0735e0/element'
18:27:00.258 [AsyncHttpClient-1-6] DEBUG org.asynchttpclient.netty.handler.HttpHandler - 

Request DefaultHttpRequest(decodeResult: success, version: HTTP/1.1)
POST /session/f22b682b2f53de9422a0d6dddd0735e0/element HTTP/1.1
User-Agent: selenium/4.1.4 (java windows)
Content-Length: 68
Content-Type: application/json; charset=utf-8
host: localhost:62857
accept: */*

Response DefaultHttpResponse(decodeResult: success, version: HTTP/1.1)
HTTP/1.1 200 OK
Content-Type: application/json; charset=utf-8
cache-control: no-cache
content-length: 88

18:27:00.258 [AsyncHttpClient-1-6] DEBUG org.asynchttpclient.netty.channel.ChannelManager - Adding key: http://localhost:62857 for channel [id: 0x0e9e455c, L:/127.0.0.1:49687 - R:localhost/127.0.0.1:62857]
18:27:00.260 [Forwarding sendKeysToElement on session f22b682b2f53de9422a0d6dddd0735e0 to remote] DEBUG org.asynchttpclient.netty.request.NettyRequestSender - Using pooled Channel '[id: 0x0e9e455c, L:/127.0.0.1:49687 - R:localhost/127.0.0.1:62857]' for 'POST' to 'http://localhost:62857/session/f22b682b2f53de9422a0d6dddd0735e0/element/a03c7f5d-67ab-42fd-be8d-3a7b638d4442/value'
18:27:00.260 [Forwarding sendKeysToElement on session f22b682b2f53de9422a0d6dddd0735e0 to remote] DEBUG org.asynchttpclient.netty.request.NettyRequestSender - Using open Channel [id: 0x0e9e455c, L:/127.0.0.1:49687 - R:localhost/127.0.0.1:62857] for POST '/session/f22b682b2f53de9422a0d6dddd0735e0/element/a03c7f5d-67ab-42fd-be8d-3a7b638d4442/value'
18:27:00.455 [AsyncHttpClient-1-6] DEBUG org.asynchttpclient.netty.handler.HttpHandler - 

Request DefaultHttpRequest(decodeResult: success, version: HTTP/1.1)
POST /session/f22b682b2f53de9422a0d6dddd0735e0/element/a03c7f5d-67ab-42fd-be8d-3a7b638d4442/value HTTP/1.1
User-Agent: selenium/4.1.4 (java windows)
Content-Length: 171
Content-Type: application/json; charset=utf-8
host: localhost:62857
accept: */*

Response DefaultHttpResponse(decodeResult: success, version: HTTP/1.1)
HTTP/1.1 200 OK
Content-Type: application/json; charset=utf-8
cache-control: no-cache
content-length: 14

18:27:00.455 [AsyncHttpClient-1-6] DEBUG org.asynchttpclient.netty.channel.ChannelManager - Adding key: http://localhost:62857 for channel [id: 0x0e9e455c, L:/127.0.0.1:49687 - R:localhost/127.0.0.1:62857]
18:27:00.459 [Forwarding findElement on session f22b682b2f53de9422a0d6dddd0735e0 to remote] DEBUG org.asynchttpclient.netty.request.NettyRequestSender - Using pooled Channel '[id: 0x0e9e455c, L:/127.0.0.1:49687 - R:localhost/127.0.0.1:62857]' for 'POST' to 'http://localhost:62857/session/f22b682b2f53de9422a0d6dddd0735e0/element'
18:27:00.459 [Forwarding findElement on session f22b682b2f53de9422a0d6dddd0735e0 to remote] DEBUG org.asynchttpclient.netty.request.NettyRequestSender - Using open Channel [id: 0x0e9e455c, L:/127.0.0.1:49687 - R:localhost/127.0.0.1:62857] for POST '/session/f22b682b2f53de9422a0d6dddd0735e0/element'
18:27:00.478 [AsyncHttpClient-1-6] DEBUG org.asynchttpclient.netty.handler.HttpHandler - 

Request DefaultHttpRequest(decodeResult: success, version: HTTP/1.1)
POST /session/f22b682b2f53de9422a0d6dddd0735e0/element HTTP/1.1
User-Agent: selenium/4.1.4 (java windows)
Content-Length: 66
Content-Type: application/json; charset=utf-8
host: localhost:62857
accept: */*

Response DefaultHttpResponse(decodeResult: success, version: HTTP/1.1)
HTTP/1.1 200 OK
Content-Type: application/json; charset=utf-8
cache-control: no-cache
content-length: 88

18:27:00.478 [AsyncHttpClient-1-6] DEBUG org.asynchttpclient.netty.channel.ChannelManager - Adding key: http://localhost:62857 for channel [id: 0x0e9e455c, L:/127.0.0.1:49687 - R:localhost/127.0.0.1:62857]
18:27:00.480 [Forwarding sendKeysToElement on session f22b682b2f53de9422a0d6dddd0735e0 to remote] DEBUG org.asynchttpclient.netty.request.NettyRequestSender - Using pooled Channel '[id: 0x0e9e455c, L:/127.0.0.1:49687 - R:localhost/127.0.0.1:62857]' for 'POST' to 'http://localhost:62857/session/f22b682b2f53de9422a0d6dddd0735e0/element/b97c3a87-e566-454f-8ae5-568ce182e92d/value'
18:27:00.481 [Forwarding sendKeysToElement on session f22b682b2f53de9422a0d6dddd0735e0 to remote] DEBUG org.asynchttpclient.netty.request.NettyRequestSender - Using open Channel [id: 0x0e9e455c, L:/127.0.0.1:49687 - R:localhost/127.0.0.1:62857] for POST '/session/f22b682b2f53de9422a0d6dddd0735e0/element/b97c3a87-e566-454f-8ae5-568ce182e92d/value'
18:27:00.599 [AsyncHttpClient-1-6] DEBUG org.asynchttpclient.netty.handler.HttpHandler - 

Request DefaultHttpRequest(decodeResult: success, version: HTTP/1.1)
POST /session/f22b682b2f53de9422a0d6dddd0735e0/element/b97c3a87-e566-454f-8ae5-568ce182e92d/value HTTP/1.1
User-Agent: selenium/4.1.4 (java windows)
Content-Length: 139
Content-Type: application/json; charset=utf-8
host: localhost:62857
accept: */*

Response DefaultHttpResponse(decodeResult: success, version: HTTP/1.1)
HTTP/1.1 200 OK
Content-Type: application/json; charset=utf-8
cache-control: no-cache
content-length: 14

18:27:00.599 [AsyncHttpClient-1-6] DEBUG org.asynchttpclient.netty.channel.ChannelManager - Adding key: http://localhost:62857 for channel [id: 0x0e9e455c, L:/127.0.0.1:49687 - R:localhost/127.0.0.1:62857]
18:27:00.599 [Forwarding findElement on session f22b682b2f53de9422a0d6dddd0735e0 to remote] DEBUG org.asynchttpclient.netty.request.NettyRequestSender - Using pooled Channel '[id: 0x0e9e455c, L:/127.0.0.1:49687 - R:localhost/127.0.0.1:62857]' for 'POST' to 'http://localhost:62857/session/f22b682b2f53de9422a0d6dddd0735e0/element'
18:27:00.599 [Forwarding findElement on session f22b682b2f53de9422a0d6dddd0735e0 to remote] DEBUG org.asynchttpclient.netty.request.NettyRequestSender - Using open Channel [id: 0x0e9e455c, L:/127.0.0.1:49687 - R:localhost/127.0.0.1:62857] for POST '/session/f22b682b2f53de9422a0d6dddd0735e0/element'
18:27:00.616 [AsyncHttpClient-1-6] DEBUG org.asynchttpclient.netty.handler.HttpHandler - 

Request DefaultHttpRequest(decodeResult: success, version: HTTP/1.1)
POST /session/f22b682b2f53de9422a0d6dddd0735e0/element HTTP/1.1
User-Agent: selenium/4.1.4 (java windows)
Content-Length: 66
Content-Type: application/json; charset=utf-8
host: localhost:62857
accept: */*

Response DefaultHttpResponse(decodeResult: success, version: HTTP/1.1)
HTTP/1.1 200 OK
Content-Type: application/json; charset=utf-8
cache-control: no-cache
content-length: 88

18:27:00.616 [AsyncHttpClient-1-6] DEBUG org.asynchttpclient.netty.channel.ChannelManager - Adding key: http://localhost:62857 for channel [id: 0x0e9e455c, L:/127.0.0.1:49687 - R:localhost/127.0.0.1:62857]
18:27:00.619 [Forwarding sendKeysToElement on session f22b682b2f53de9422a0d6dddd0735e0 to remote] DEBUG org.asynchttpclient.netty.request.NettyRequestSender - Using pooled Channel '[id: 0x0e9e455c, L:/127.0.0.1:49687 - R:localhost/127.0.0.1:62857]' for 'POST' to 'http://localhost:62857/session/f22b682b2f53de9422a0d6dddd0735e0/element/b97c3a87-e566-454f-8ae5-568ce182e92d/value'
18:27:00.619 [Forwarding sendKeysToElement on session f22b682b2f53de9422a0d6dddd0735e0 to remote] DEBUG org.asynchttpclient.netty.request.NettyRequestSender - Using open Channel [id: 0x0e9e455c, L:/127.0.0.1:49687 - R:localhost/127.0.0.1:62857] for POST '/session/f22b682b2f53de9422a0d6dddd0735e0/element/b97c3a87-e566-454f-8ae5-568ce182e92d/value'
18:27:00.701 [AsyncHttpClient-1-6] DEBUG org.asynchttpclient.netty.handler.HttpHandler - 

Request DefaultHttpRequest(decodeResult: success, version: HTTP/1.1)
POST /session/f22b682b2f53de9422a0d6dddd0735e0/element/b97c3a87-e566-454f-8ae5-568ce182e92d/value HTTP/1.1
User-Agent: selenium/4.1.4 (java windows)
Content-Length: 101
Content-Type: application/json; charset=utf-8
host: localhost:62857
accept: */*

Response DefaultHttpResponse(decodeResult: success, version: HTTP/1.1)
HTTP/1.1 200 OK
Content-Type: application/json; charset=utf-8
cache-control: no-cache
content-length: 14

18:27:00.701 [AsyncHttpClient-1-6] DEBUG org.asynchttpclient.netty.channel.ChannelManager - Adding key: http://localhost:62857 for channel [id: 0x0e9e455c, L:/127.0.0.1:49687 - R:localhost/127.0.0.1:62857]
18:27:00.701 [Forwarding screenshot on session f22b682b2f53de9422a0d6dddd0735e0 to remote] DEBUG org.asynchttpclient.netty.request.NettyRequestSender - Using pooled Channel '[id: 0x0e9e455c, L:/127.0.0.1:49687 - R:localhost/127.0.0.1:62857]' for 'GET' to 'http://localhost:62857/session/f22b682b2f53de9422a0d6dddd0735e0/screenshot'
18:27:00.701 [Forwarding screenshot on session f22b682b2f53de9422a0d6dddd0735e0 to remote] DEBUG org.asynchttpclient.netty.request.NettyRequestSender - Using open Channel [id: 0x0e9e455c, L:/127.0.0.1:49687 - R:localhost/127.0.0.1:62857] for GET '/session/f22b682b2f53de9422a0d6dddd0735e0/screenshot'
18:27:00.931 [AsyncHttpClient-1-6] DEBUG org.asynchttpclient.netty.handler.HttpHandler - 

Request DefaultFullHttpRequest(decodeResult: success, version: HTTP/1.1, content: EmptyByteBufBE)
GET /session/f22b682b2f53de9422a0d6dddd0735e0/screenshot HTTP/1.1
User-Agent: selenium/4.1.4 (java windows)
Cache-Control: no-cache
Content-Type: application/json; charset=utf-8
host: localhost:62857
accept: */*

Response DefaultHttpResponse(decodeResult: success, version: HTTP/1.1)
HTTP/1.1 200 OK
Content-Type: application/json; charset=utf-8
cache-control: no-cache
content-length: 147856

18:27:00.931 [AsyncHttpClient-1-6] DEBUG org.asynchttpclient.netty.channel.ChannelManager - Adding key: http://localhost:62857 for channel [id: 0x0e9e455c, L:/127.0.0.1:49687 - R:localhost/127.0.0.1:62857]
18:27:00.947 [AsyncHttpClient-1-1] DEBUG org.asynchttpclient.netty.channel.DefaultChannelPool - Entry count for : http://localhost:62857 : 1
18:27:00.947 [AsyncHttpClient-1-1] DEBUG org.asynchttpclient.netty.channel.DefaultChannelPool - Entry count for : http://localhost:49688 : 1
18:27:00.951 [main] DEBUG net.serenitybdd.core.photography.Darkroom - Send negative for processing for target\site\serenity\28443af1d314974d6c6381088464951208467b4f049034d2d2c69d819d352a7e.png
18:27:00.951 [main] DEBUG net.thucydides.core.steps.StepInterceptor - STEP DONE: inputDataPasienEdit
18:27:00.951 [Darkroom Processing Line] DEBUG net.serenitybdd.core.photography.DarkroomProcessingLine - Processing screenshot image in /var/screenshots/screenshot-4199895344967616786
18:27:00.951 [Darkroom Processing Line] DEBUG net.serenitybdd.core.photography.DarkroomProcessingLine - Saving screenshot to target\site\serenity\28443af1d314974d6c6381088464951208467b4f049034d2d2c69d819d352a7e.png
  &amp#27;[32mThen &amp#27;[0m&amp#27;[32mI input edit &amp#27;[0m&amp#27;[32m&amp#27;[1m"Materio"&amp#27;[0m&amp#27;[32m &amp#27;[0m&amp#27;[32m&amp#27;[1m"1234567891231155"&amp#27;[0m&amp#27;[32m &amp#27;[0m&amp#27;[32m&amp#27;[1m"32"&amp#27;[0m&amp#27;[32m &amp#27;[0m&amp#27;[32m&amp#27;[1m"085243272980"&amp#27;[0m&amp#27;[32m &amp#27;[0m&amp#27;[32m&amp#27;[1m"perumahan"&amp#27;[0m&amp#27;[32m patient&amp#27;[0m &amp#27;[90m# starter.stepdefinitios.PatientDataSteps.iInputEditPatient(java.lang.String,java.lang.String,java.lang.String,java.lang.String,java.lang.String)&amp#27;[0m
18:27:00.970 [main] DEBUG net.thucydides.core.steps.StepInterceptor - STARTING STEP: PatientDataSteps.iClickButtonJenisKelaminPerempuan - clickPerempuan
18:27:00.988 [Forwarding findElement on session f22b682b2f53de9422a0d6dddd0735e0 to remote] DEBUG org.asynchttpclient.netty.request.NettyRequestSender - Using pooled Channel '[id: 0x0e9e455c, L:/127.0.0.1:49687 - R:localhost/127.0.0.1:62857]' for 'POST' to 'http://localhost:62857/session/f22b682b2f53de9422a0d6dddd0735e0/element'
18:27:00.988 [Forwarding findElement on session f22b682b2f53de9422a0d6dddd0735e0 to remote] DEBUG org.asynchttpclient.netty.request.NettyRequestSender - Using open Channel [id: 0x0e9e455c, L:/127.0.0.1:49687 - R:localhost/127.0.0.1:62857] for POST '/session/f22b682b2f53de9422a0d6dddd0735e0/element'
18:27:01.002 [AsyncHttpClient-1-6] DEBUG org.asynchttpclient.netty.handler.HttpHandler - 

Request DefaultHttpRequest(decodeResult: success, version: HTTP/1.1)
POST /session/f22b682b2f53de9422a0d6dddd0735e0/element HTTP/1.1
User-Agent: selenium/4.1.4 (java windows)
Content-Length: 182
Content-Type: application/json; charset=utf-8
host: localhost:62857
accept: */*

Response DefaultHttpResponse(decodeResult: success, version: HTTP/1.1)
HTTP/1.1 200 OK
Content-Type: application/json; charset=utf-8
cache-control: no-cache
content-length: 88

18:27:01.002 [AsyncHttpClient-1-6] DEBUG org.asynchttpclient.netty.channel.ChannelManager - Adding key: http://localhost:62857 for channel [id: 0x0e9e455c, L:/127.0.0.1:49687 - R:localhost/127.0.0.1:62857]
18:27:01.002 [Forwarding getElementTagName on session f22b682b2f53de9422a0d6dddd0735e0 to remote] DEBUG org.asynchttpclient.netty.request.NettyRequestSender - Using pooled Channel '[id: 0x0e9e455c, L:/127.0.0.1:49687 - R:localhost/127.0.0.1:62857]' for 'GET' to 'http://localhost:62857/session/f22b682b2f53de9422a0d6dddd0735e0/element/1b0b2c3f-c97c-42f2-901c-412f8951ddbd/name'
18:27:01.002 [Forwarding getElementTagName on session f22b682b2f53de9422a0d6dddd0735e0 to remote] DEBUG org.asynchttpclient.netty.request.NettyRequestSender - Using open Channel [id: 0x0e9e455c, L:/127.0.0.1:49687 - R:localhost/127.0.0.1:62857] for GET '/session/f22b682b2f53de9422a0d6dddd0735e0/element/1b0b2c3f-c97c-42f2-901c-412f8951ddbd/name'
18:27:01.019 [AsyncHttpClient-1-6] DEBUG org.asynchttpclient.netty.handler.HttpHandler - 

Request DefaultFullHttpRequest(decodeResult: success, version: HTTP/1.1, content: EmptyByteBufBE)
GET /session/f22b682b2f53de9422a0d6dddd0735e0/element/1b0b2c3f-c97c-42f2-901c-412f8951ddbd/name HTTP/1.1
User-Agent: selenium/4.1.4 (java windows)
Cache-Control: no-cache
Content-Type: application/json; charset=utf-8
host: localhost:62857
accept: */*

Response DefaultHttpResponse(decodeResult: success, version: HTTP/1.1)
HTTP/1.1 200 OK
Content-Type: application/json; charset=utf-8
cache-control: no-cache
content-length: 16

18:27:01.019 [AsyncHttpClient-1-6] DEBUG org.asynchttpclient.netty.channel.ChannelManager - Adding key: http://localhost:62857 for channel [id: 0x0e9e455c, L:/127.0.0.1:49687 - R:localhost/127.0.0.1:62857]
18:27:01.019 [Forwarding getElementTagName on session f22b682b2f53de9422a0d6dddd0735e0 to remote] DEBUG org.asynchttpclient.netty.request.NettyRequestSender - Using pooled Channel '[id: 0x0e9e455c, L:/127.0.0.1:49687 - R:localhost/127.0.0.1:62857]' for 'GET' to 'http://localhost:62857/session/f22b682b2f53de9422a0d6dddd0735e0/element/1b0b2c3f-c97c-42f2-901c-412f8951ddbd/name'
18:27:01.019 [Forwarding getElementTagName on session f22b682b2f53de9422a0d6dddd0735e0 to remote] DEBUG org.asynchttpclient.netty.request.NettyRequestSender - Using open Channel [id: 0x0e9e455c, L:/127.0.0.1:49687 - R:localhost/127.0.0.1:62857] for GET '/session/f22b682b2f53de9422a0d6dddd0735e0/element/1b0b2c3f-c97c-42f2-901c-412f8951ddbd/name'
18:27:01.019 [AsyncHttpClient-1-6] DEBUG org.asynchttpclient.netty.handler.HttpHandler - 

Request DefaultFullHttpRequest(decodeResult: success, version: HTTP/1.1, content: EmptyByteBufBE)
GET /session/f22b682b2f53de9422a0d6dddd0735e0/element/1b0b2c3f-c97c-42f2-901c-412f8951ddbd/name HTTP/1.1
User-Agent: selenium/4.1.4 (java windows)
Cache-Control: no-cache
Content-Type: application/json; charset=utf-8
host: localhost:62857
accept: */*

Response DefaultHttpResponse(decodeResult: success, version: HTTP/1.1)
HTTP/1.1 200 OK
Content-Type: application/json; charset=utf-8
cache-control: no-cache
content-length: 16

18:27:01.019 [AsyncHttpClient-1-6] DEBUG org.asynchttpclient.netty.channel.ChannelManager - Adding key: http://localhost:62857 for channel [id: 0x0e9e455c, L:/127.0.0.1:49687 - R:localhost/127.0.0.1:62857]
18:27:01.019 [Forwarding findElement on session f22b682b2f53de9422a0d6dddd0735e0 to remote] DEBUG org.asynchttpclient.netty.request.NettyRequestSender - Using pooled Channel '[id: 0x0e9e455c, L:/127.0.0.1:49687 - R:localhost/127.0.0.1:62857]' for 'POST' to 'http://localhost:62857/session/f22b682b2f53de9422a0d6dddd0735e0/element'
18:27:01.019 [Forwarding findElement on session f22b682b2f53de9422a0d6dddd0735e0 to remote] DEBUG org.asynchttpclient.netty.request.NettyRequestSender - Using open Channel [id: 0x0e9e455c, L:/127.0.0.1:49687 - R:localhost/127.0.0.1:62857] for POST '/session/f22b682b2f53de9422a0d6dddd0735e0/element'
18:27:01.037 [AsyncHttpClient-1-6] DEBUG org.asynchttpclient.netty.handler.HttpHandler - 

Request DefaultHttpRequest(decodeResult: success, version: HTTP/1.1)
POST /session/f22b682b2f53de9422a0d6dddd0735e0/element HTTP/1.1
User-Agent: selenium/4.1.4 (java windows)
Content-Length: 182
Content-Type: application/json; charset=utf-8
host: localhost:62857
accept: */*

Response DefaultHttpResponse(decodeResult: success, version: HTTP/1.1)
HTTP/1.1 200 OK
Content-Type: application/json; charset=utf-8
cache-control: no-cache
content-length: 88

18:27:01.037 [AsyncHttpClient-1-6] DEBUG org.asynchttpclient.netty.channel.ChannelManager - Adding key: http://localhost:62857 for channel [id: 0x0e9e455c, L:/127.0.0.1:49687 - R:localhost/127.0.0.1:62857]
18:27:01.037 [Forwarding clickElement on session f22b682b2f53de9422a0d6dddd0735e0 to remote] DEBUG org.asynchttpclient.netty.request.NettyRequestSender - Using pooled Channel '[id: 0x0e9e455c, L:/127.0.0.1:49687 - R:localhost/127.0.0.1:62857]' for 'POST' to 'http://localhost:62857/session/f22b682b2f53de9422a0d6dddd0735e0/element/1b0b2c3f-c97c-42f2-901c-412f8951ddbd/click'
18:27:01.037 [Forwarding clickElement on session f22b682b2f53de9422a0d6dddd0735e0 to remote] DEBUG org.asynchttpclient.netty.request.NettyRequestSender - Using open Channel [id: 0x0e9e455c, L:/127.0.0.1:49687 - R:localhost/127.0.0.1:62857] for POST '/session/f22b682b2f53de9422a0d6dddd0735e0/element/1b0b2c3f-c97c-42f2-901c-412f8951ddbd/click'
18:27:01.151 [AsyncHttpClient-1-6] DEBUG org.asynchttpclient.netty.handler.HttpHandler - 

Request DefaultHttpRequest(decodeResult: success, version: HTTP/1.1)
POST /session/f22b682b2f53de9422a0d6dddd0735e0/element/1b0b2c3f-c97c-42f2-901c-412f8951ddbd/click HTTP/1.1
User-Agent: selenium/4.1.4 (java windows)
Content-Length: 50
Content-Type: application/json; charset=utf-8
host: localhost:62857
accept: */*

Response DefaultHttpResponse(decodeResult: success, version: HTTP/1.1)
HTTP/1.1 200 OK
Content-Type: application/json; charset=utf-8
cache-control: no-cache
content-length: 14

18:27:01.151 [AsyncHttpClient-1-6] DEBUG org.asynchttpclient.netty.channel.ChannelManager - Adding key: http://localhost:62857 for channel [id: 0x0e9e455c, L:/127.0.0.1:49687 - R:localhost/127.0.0.1:62857]
18:27:01.170 [Forwarding screenshot on session f22b682b2f53de9422a0d6dddd0735e0 to remote] DEBUG org.asynchttpclient.netty.request.NettyRequestSender - Using pooled Channel '[id: 0x0e9e455c, L:/127.0.0.1:49687 - R:localhost/127.0.0.1:62857]' for 'GET' to 'http://localhost:62857/session/f22b682b2f53de9422a0d6dddd0735e0/screenshot'
18:27:01.170 [Forwarding screenshot on session f22b682b2f53de9422a0d6dddd0735e0 to remote] DEBUG org.asynchttpclient.netty.request.NettyRequestSender - Using open Channel [id: 0x0e9e455c, L:/127.0.0.1:49687 - R:localhost/127.0.0.1:62857] for GET '/session/f22b682b2f53de9422a0d6dddd0735e0/screenshot'
18:27:01.477 [AsyncHttpClient-1-6] DEBUG org.asynchttpclient.netty.handler.HttpHandler - 

Request DefaultFullHttpRequest(decodeResult: success, version: HTTP/1.1, content: EmptyByteBufBE)
GET /session/f22b682b2f53de9422a0d6dddd0735e0/screenshot HTTP/1.1
User-Agent: selenium/4.1.4 (java windows)
Cache-Control: no-cache
Content-Type: application/json; charset=utf-8
host: localhost:62857
accept: */*

Response DefaultHttpResponse(decodeResult: success, version: HTTP/1.1)
HTTP/1.1 200 OK
Content-Type: application/json; charset=utf-8
cache-control: no-cache
content-length: 147260

18:27:01.478 [AsyncHttpClient-1-6] DEBUG org.asynchttpclient.netty.channel.ChannelManager - Adding key: http://localhost:62857 for channel [id: 0x0e9e455c, L:/127.0.0.1:49687 - R:localhost/127.0.0.1:62857]
18:27:01.488 [main] DEBUG net.serenitybdd.core.photography.Darkroom - Send negative for processing for target\site\serenity\7d5c7497fac2737320d2be3911096683890f1d7d9b8287f3a9806b1c7937f8db.png
18:27:01.489 [main] DEBUG net.thucydides.core.steps.StepInterceptor - STEP DONE: clickPerempuan
  &amp#27;[32mAnd &amp#27;[0m&amp#27;[32mI click button jenis kelamin perempuan&amp#27;[0m                                             &amp#27;[90m# starter.stepdefinitios.PatientDataSteps.iClickButtonJenisKelaminPerempuan()&amp#27;[0m
18:27:01.489 [Darkroom Processing Line] DEBUG net.serenitybdd.core.photography.DarkroomProcessingLine - Processing screenshot image in /var/screenshots/screenshot-8996453539482030466
18:27:01.489 [Darkroom Processing Line] DEBUG net.serenitybdd.core.photography.DarkroomProcessingLine - Saving screenshot to target\site\serenity\7d5c7497fac2737320d2be3911096683890f1d7d9b8287f3a9806b1c7937f8db.png
18:27:01.519 [main] DEBUG net.thucydides.core.steps.StepInterceptor - STARTING STEP: PatientDataSteps.clickButtonSimpan - clickButtonSave
18:27:01.519 [Forwarding findElement on session f22b682b2f53de9422a0d6dddd0735e0 to remote] DEBUG org.asynchttpclient.netty.request.NettyRequestSender - Using pooled Channel '[id: 0x0e9e455c, L:/127.0.0.1:49687 - R:localhost/127.0.0.1:62857]' for 'POST' to 'http://localhost:62857/session/f22b682b2f53de9422a0d6dddd0735e0/element'
18:27:01.519 [Forwarding findElement on session f22b682b2f53de9422a0d6dddd0735e0 to remote] DEBUG org.asynchttpclient.netty.request.NettyRequestSender - Using open Channel [id: 0x0e9e455c, L:/127.0.0.1:49687 - R:localhost/127.0.0.1:62857] for POST '/session/f22b682b2f53de9422a0d6dddd0735e0/element'
18:27:01.542 [AsyncHttpClient-1-6] DEBUG org.asynchttpclient.netty.handler.HttpHandler - 

Request DefaultHttpRequest(decodeResult: success, version: HTTP/1.1)
POST /session/f22b682b2f53de9422a0d6dddd0735e0/element HTTP/1.1
User-Agent: selenium/4.1.4 (java windows)
Content-Length: 68
Content-Type: application/json; charset=utf-8
host: localhost:62857
accept: */*

Response DefaultHttpResponse(decodeResult: success, version: HTTP/1.1)
HTTP/1.1 200 OK
Content-Type: application/json; charset=utf-8
cache-control: no-cache
content-length: 88

18:27:01.542 [AsyncHttpClient-1-6] DEBUG org.asynchttpclient.netty.channel.ChannelManager - Adding key: http://localhost:62857 for channel [id: 0x0e9e455c, L:/127.0.0.1:49687 - R:localhost/127.0.0.1:62857]
18:27:01.542 [Forwarding getElementTagName on session f22b682b2f53de9422a0d6dddd0735e0 to remote] DEBUG org.asynchttpclient.netty.request.NettyRequestSender - Using pooled Channel '[id: 0x0e9e455c, L:/127.0.0.1:49687 - R:localhost/127.0.0.1:62857]' for 'GET' to 'http://localhost:62857/session/f22b682b2f53de9422a0d6dddd0735e0/element/84ddd296-9011-4b4e-ab2f-3bd2811cc9db/name'
18:27:01.542 [Forwarding getElementTagName on session f22b682b2f53de9422a0d6dddd0735e0 to remote] DEBUG org.asynchttpclient.netty.request.NettyRequestSender - Using open Channel [id: 0x0e9e455c, L:/127.0.0.1:49687 - R:localhost/127.0.0.1:62857] for GET '/session/f22b682b2f53de9422a0d6dddd0735e0/element/84ddd296-9011-4b4e-ab2f-3bd2811cc9db/name'
18:27:01.552 [AsyncHttpClient-1-6] DEBUG org.asynchttpclient.netty.handler.HttpHandler - 

Request DefaultFullHttpRequest(decodeResult: success, version: HTTP/1.1, content: EmptyByteBufBE)
GET /session/f22b682b2f53de9422a0d6dddd0735e0/element/84ddd296-9011-4b4e-ab2f-3bd2811cc9db/name HTTP/1.1
User-Agent: selenium/4.1.4 (java windows)
Cache-Control: no-cache
Content-Type: application/json; charset=utf-8
host: localhost:62857
accept: */*

Response DefaultHttpResponse(decodeResult: success, version: HTTP/1.1)
HTTP/1.1 200 OK
Content-Type: application/json; charset=utf-8
cache-control: no-cache
content-length: 18

18:27:01.556 [AsyncHttpClient-1-6] DEBUG org.asynchttpclient.netty.channel.ChannelManager - Adding key: http://localhost:62857 for channel [id: 0x0e9e455c, L:/127.0.0.1:49687 - R:localhost/127.0.0.1:62857]
18:27:01.557 [Forwarding getElementTagName on session f22b682b2f53de9422a0d6dddd0735e0 to remote] DEBUG org.asynchttpclient.netty.request.NettyRequestSender - Using pooled Channel '[id: 0x0e9e455c, L:/127.0.0.1:49687 - R:localhost/127.0.0.1:62857]' for 'GET' to 'http://localhost:62857/session/f22b682b2f53de9422a0d6dddd0735e0/element/84ddd296-9011-4b4e-ab2f-3bd2811cc9db/name'
18:27:01.557 [Forwarding getElementTagName on session f22b682b2f53de9422a0d6dddd0735e0 to remote] DEBUG org.asynchttpclient.netty.request.NettyRequestSender - Using open Channel [id: 0x0e9e455c, L:/127.0.0.1:49687 - R:localhost/127.0.0.1:62857] for GET '/session/f22b682b2f53de9422a0d6dddd0735e0/element/84ddd296-9011-4b4e-ab2f-3bd2811cc9db/name'
18:27:01.557 [AsyncHttpClient-1-6] DEBUG org.asynchttpclient.netty.handler.HttpHandler - 

Request DefaultFullHttpRequest(decodeResult: success, version: HTTP/1.1, content: EmptyByteBufBE)
GET /session/f22b682b2f53de9422a0d6dddd0735e0/element/84ddd296-9011-4b4e-ab2f-3bd2811cc9db/name HTTP/1.1
User-Agent: selenium/4.1.4 (java windows)
Cache-Control: no-cache
Content-Type: application/json; charset=utf-8
host: localhost:62857
accept: */*

Response DefaultHttpResponse(decodeResult: success, version: HTTP/1.1)
HTTP/1.1 200 OK
Content-Type: application/json; charset=utf-8
cache-control: no-cache
content-length: 18

18:27:01.557 [AsyncHttpClient-1-6] DEBUG org.asynchttpclient.netty.channel.ChannelManager - Adding key: http://localhost:62857 for channel [id: 0x0e9e455c, L:/127.0.0.1:49687 - R:localhost/127.0.0.1:62857]
18:27:01.569 [Forwarding isElementEnabled on session f22b682b2f53de9422a0d6dddd0735e0 to remote] DEBUG org.asynchttpclient.netty.request.NettyRequestSender - Using pooled Channel '[id: 0x0e9e455c, L:/127.0.0.1:49687 - R:localhost/127.0.0.1:62857]' for 'GET' to 'http://localhost:62857/session/f22b682b2f53de9422a0d6dddd0735e0/element/84ddd296-9011-4b4e-ab2f-3bd2811cc9db/enabled'
18:27:01.569 [Forwarding isElementEnabled on session f22b682b2f53de9422a0d6dddd0735e0 to remote] DEBUG org.asynchttpclient.netty.request.NettyRequestSender - Using open Channel [id: 0x0e9e455c, L:/127.0.0.1:49687 - R:localhost/127.0.0.1:62857] for GET '/session/f22b682b2f53de9422a0d6dddd0735e0/element/84ddd296-9011-4b4e-ab2f-3bd2811cc9db/enabled'
18:27:01.584 [AsyncHttpClient-1-6] DEBUG org.asynchttpclient.netty.handler.HttpHandler - 

Request DefaultFullHttpRequest(decodeResult: success, version: HTTP/1.1, content: EmptyByteBufBE)
GET /session/f22b682b2f53de9422a0d6dddd0735e0/element/84ddd296-9011-4b4e-ab2f-3bd2811cc9db/enabled HTTP/1.1
User-Agent: selenium/4.1.4 (java windows)
Cache-Control: no-cache
Content-Type: application/json; charset=utf-8
host: localhost:62857
accept: */*

Response DefaultHttpResponse(decodeResult: success, version: HTTP/1.1)
HTTP/1.1 200 OK
Content-Type: application/json; charset=utf-8
cache-control: no-cache
content-length: 14

18:27:01.585 [AsyncHttpClient-1-6] DEBUG org.asynchttpclient.netty.channel.ChannelManager - Adding key: http://localhost:62857 for channel [id: 0x0e9e455c, L:/127.0.0.1:49687 - R:localhost/127.0.0.1:62857]
18:27:01.602 [Forwarding isElementEnabled on session f22b682b2f53de9422a0d6dddd0735e0 to remote] DEBUG org.asynchttpclient.netty.request.NettyRequestSender - Using pooled Channel '[id: 0x0e9e455c, L:/127.0.0.1:49687 - R:localhost/127.0.0.1:62857]' for 'GET' to 'http://localhost:62857/session/f22b682b2f53de9422a0d6dddd0735e0/element/84ddd296-9011-4b4e-ab2f-3bd2811cc9db/enabled'
18:27:01.602 [Forwarding isElementEnabled on session f22b682b2f53de9422a0d6dddd0735e0 to remote] DEBUG org.asynchttpclient.netty.request.NettyRequestSender - Using open Channel [id: 0x0e9e455c, L:/127.0.0.1:49687 - R:localhost/127.0.0.1:62857] for GET '/session/f22b682b2f53de9422a0d6dddd0735e0/element/84ddd296-9011-4b4e-ab2f-3bd2811cc9db/enabled'
18:27:01.616 [AsyncHttpClient-1-6] DEBUG org.asynchttpclient.netty.handler.HttpHandler - 

Request DefaultFullHttpRequest(decodeResult: success, version: HTTP/1.1, content: EmptyByteBufBE)
GET /session/f22b682b2f53de9422a0d6dddd0735e0/element/84ddd296-9011-4b4e-ab2f-3bd2811cc9db/enabled HTTP/1.1
User-Agent: selenium/4.1.4 (java windows)
Cache-Control: no-cache
Content-Type: application/json; charset=utf-8
host: localhost:62857
accept: */*

Response DefaultHttpResponse(decodeResult: success, version: HTTP/1.1)
HTTP/1.1 200 OK
Content-Type: application/json; charset=utf-8
cache-control: no-cache
content-length: 14

18:27:01.616 [AsyncHttpClient-1-6] DEBUG org.asynchttpclient.netty.channel.ChannelManager - Adding key: http://localhost:62857 for channel [id: 0x0e9e455c, L:/127.0.0.1:49687 - R:localhost/127.0.0.1:62857]
18:27:01.619 [Forwarding findElement on session f22b682b2f53de9422a0d6dddd0735e0 to remote] DEBUG org.asynchttpclient.netty.request.NettyRequestSender - Using pooled Channel '[id: 0x0e9e455c, L:/127.0.0.1:49687 - R:localhost/127.0.0.1:62857]' for 'POST' to 'http://localhost:62857/session/f22b682b2f53de9422a0d6dddd0735e0/element'
18:27:01.619 [Forwarding findElement on session f22b682b2f53de9422a0d6dddd0735e0 to remote] DEBUG org.asynchttpclient.netty.request.NettyRequestSender - Using open Channel [id: 0x0e9e455c, L:/127.0.0.1:49687 - R:localhost/127.0.0.1:62857] for POST '/session/f22b682b2f53de9422a0d6dddd0735e0/element'
18:27:01.637 [AsyncHttpClient-1-6] DEBUG org.asynchttpclient.netty.handler.HttpHandler - 

Request DefaultHttpRequest(decodeResult: success, version: HTTP/1.1)
POST /session/f22b682b2f53de9422a0d6dddd0735e0/element HTTP/1.1
User-Agent: selenium/4.1.4 (java windows)
Content-Length: 68
Content-Type: application/json; charset=utf-8
host: localhost:62857
accept: */*

Response DefaultHttpResponse(decodeResult: success, version: HTTP/1.1)
HTTP/1.1 200 OK
Content-Type: application/json; charset=utf-8
cache-control: no-cache
content-length: 88

18:27:01.637 [AsyncHttpClient-1-6] DEBUG org.asynchttpclient.netty.channel.ChannelManager - Adding key: http://localhost:62857 for channel [id: 0x0e9e455c, L:/127.0.0.1:49687 - R:localhost/127.0.0.1:62857]
18:27:01.638 [Forwarding clickElement on session f22b682b2f53de9422a0d6dddd0735e0 to remote] DEBUG org.asynchttpclient.netty.request.NettyRequestSender - Using pooled Channel '[id: 0x0e9e455c, L:/127.0.0.1:49687 - R:localhost/127.0.0.1:62857]' for 'POST' to 'http://localhost:62857/session/f22b682b2f53de9422a0d6dddd0735e0/element/84ddd296-9011-4b4e-ab2f-3bd2811cc9db/click'
18:27:01.638 [Forwarding clickElement on session f22b682b2f53de9422a0d6dddd0735e0 to remote] DEBUG org.asynchttpclient.netty.request.NettyRequestSender - Using open Channel [id: 0x0e9e455c, L:/127.0.0.1:49687 - R:localhost/127.0.0.1:62857] for POST '/session/f22b682b2f53de9422a0d6dddd0735e0/element/84ddd296-9011-4b4e-ab2f-3bd2811cc9db/click'
18:27:01.789 [AsyncHttpClient-1-6] DEBUG org.asynchttpclient.netty.handler.HttpHandler - 

Request DefaultHttpRequest(decodeResult: success, version: HTTP/1.1)
POST /session/f22b682b2f53de9422a0d6dddd0735e0/element/84ddd296-9011-4b4e-ab2f-3bd2811cc9db/click HTTP/1.1
User-Agent: selenium/4.1.4 (java windows)
Content-Length: 50
Content-Type: application/json; charset=utf-8
host: localhost:62857
accept: */*

Response DefaultHttpResponse(decodeResult: success, version: HTTP/1.1)
HTTP/1.1 200 OK
Content-Type: application/json; charset=utf-8
cache-control: no-cache
content-length: 14

18:27:01.789 [AsyncHttpClient-1-6] DEBUG org.asynchttpclient.netty.channel.ChannelManager - Adding key: http://localhost:62857 for channel [id: 0x0e9e455c, L:/127.0.0.1:49687 - R:localhost/127.0.0.1:62857]
18:27:01.805 [Forwarding screenshot on session f22b682b2f53de9422a0d6dddd0735e0 to remote] DEBUG org.asynchttpclient.netty.request.NettyRequestSender - Using pooled Channel '[id: 0x0e9e455c, L:/127.0.0.1:49687 - R:localhost/127.0.0.1:62857]' for 'GET' to 'http://localhost:62857/session/f22b682b2f53de9422a0d6dddd0735e0/screenshot'
18:27:01.805 [Forwarding screenshot on session f22b682b2f53de9422a0d6dddd0735e0 to remote] DEBUG org.asynchttpclient.netty.request.NettyRequestSender - Using open Channel [id: 0x0e9e455c, L:/127.0.0.1:49687 - R:localhost/127.0.0.1:62857] for GET '/session/f22b682b2f53de9422a0d6dddd0735e0/screenshot'
18:27:02.034 [AsyncHttpClient-1-6] DEBUG org.asynchttpclient.netty.handler.HttpHandler - 

Request DefaultFullHttpRequest(decodeResult: success, version: HTTP/1.1, content: EmptyByteBufBE)
GET /session/f22b682b2f53de9422a0d6dddd0735e0/screenshot HTTP/1.1
User-Agent: selenium/4.1.4 (java windows)
Cache-Control: no-cache
Content-Type: application/json; charset=utf-8
host: localhost:62857
accept: */*

Response DefaultHttpResponse(decodeResult: success, version: HTTP/1.1)
HTTP/1.1 200 OK
Content-Type: application/json; charset=utf-8
cache-control: no-cache
content-length: 142992

18:27:02.034 [AsyncHttpClient-1-6] DEBUG org.asynchttpclient.netty.channel.ChannelManager - Adding key: http://localhost:62857 for channel [id: 0x0e9e455c, L:/127.0.0.1:49687 - R:localhost/127.0.0.1:62857]
18:27:02.034 [main] DEBUG net.serenitybdd.core.photography.Darkroom - Send negative for processing for target\site\serenity\09aa1b24e77c8fbc8be5f83b2108d7c90f36b13e2d902cacf001df1a9944f1af.png
18:27:02.034 [main] DEBUG net.thucydides.core.steps.StepInterceptor - STEP DONE: clickButtonSave
18:27:02.034 [Darkroom Processing Line] DEBUG net.serenitybdd.core.photography.DarkroomProcessingLine - Processing screenshot image in /var/screenshots/screenshot-4955778495073363250
18:27:02.034 [Darkroom Processing Line] DEBUG net.serenitybdd.core.photography.DarkroomProcessingLine - Saving screenshot to target\site\serenity\09aa1b24e77c8fbc8be5f83b2108d7c90f36b13e2d902cacf001df1a9944f1af.png
18:27:02.047 [AsyncHttpClient-1-1] DEBUG org.asynchttpclient.netty.channel.DefaultChannelPool - Entry count for : http://localhost:62857 : 1
18:27:02.047 [AsyncHttpClient-1-1] DEBUG org.asynchttpclient.netty.channel.DefaultChannelPool - Entry count for : http://localhost:49688 : 1
  &amp#27;[32mAnd &amp#27;[0m&amp#27;[32mClick button simpan&amp#27;[0m                                                                &amp#27;[90m# starter.stepdefinitios.PatientDataSteps.clickButtonSimpan()&amp#27;[0m
18:27:03.037 [Forwarding screenshot on session f22b682b2f53de9422a0d6dddd0735e0 to remote] DEBUG org.asynchttpclient.netty.request.NettyRequestSender - Using pooled Channel '[id: 0x0e9e455c, L:/127.0.0.1:49687 - R:localhost/127.0.0.1:62857]' for 'GET' to 'http://localhost:62857/session/f22b682b2f53de9422a0d6dddd0735e0/screenshot'
18:27:03.037 [Forwarding screenshot on session f22b682b2f53de9422a0d6dddd0735e0 to remote] DEBUG org.asynchttpclient.netty.request.NettyRequestSender - Using open Channel [id: 0x0e9e455c, L:/127.0.0.1:49687 - R:localhost/127.0.0.1:62857] for GET '/session/f22b682b2f53de9422a0d6dddd0735e0/screenshot'
18:27:03.137 [AsyncHttpClient-1-1] DEBUG org.asynchttpclient.netty.channel.DefaultChannelPool - Entry count for : http://localhost:49688 : 1
18:27:03.584 [AsyncHttpClient-1-6] DEBUG org.asynchttpclient.netty.handler.HttpHandler - 

Request DefaultFullHttpRequest(decodeResult: success, version: HTTP/1.1, content: EmptyByteBufBE)
GET /session/f22b682b2f53de9422a0d6dddd0735e0/screenshot HTTP/1.1
User-Agent: selenium/4.1.4 (java windows)
Cache-Control: no-cache
Content-Type: application/json; charset=utf-8
host: localhost:62857
accept: */*

Response DefaultHttpResponse(decodeResult: success, version: HTTP/1.1)
HTTP/1.1 200 OK
Content-Type: application/json; charset=utf-8
cache-control: no-cache
content-length: 305616

18:27:03.586 [AsyncHttpClient-1-6] DEBUG org.asynchttpclient.netty.channel.ChannelManager - Adding key: http://localhost:62857 for channel [id: 0x0e9e455c, L:/127.0.0.1:49687 - R:localhost/127.0.0.1:62857]
18:27:03.608 [main] DEBUG net.serenitybdd.core.photography.Darkroom - Send negative for processing for target\site\serenity\a34518ec5042c067ba32835993c6b8fe98b3729c17cef75fc71c8ec39c19212b.png
18:27:03.609 [Darkroom Processing Line] DEBUG net.serenitybdd.core.photography.DarkroomProcessingLine - Processing screenshot image in /var/screenshots/screenshot-36543082132801663
18:27:03.610 [Darkroom Processing Line] DEBUG net.serenitybdd.core.photography.DarkroomProcessingLine - Saving screenshot to target\site\serenity\a34518ec5042c067ba32835993c6b8fe98b3729c17cef75fc71c8ec39c19212b.png
18:27:04.235 [AsyncHttpClient-1-1] DEBUG org.asynchttpclient.netty.channel.DefaultChannelPool - Entry count for : http://localhost:62857 : 1
18:27:04.235 [AsyncHttpClient-1-1] DEBUG org.asynchttpclient.netty.channel.DefaultChannelPool - Entry count for : http://localhost:49688 : 1
18:27:05.341 [AsyncHttpClient-1-1] DEBUG org.asynchttpclient.netty.channel.DefaultChannelPool - Entry count for : http://localhost:62857 : 1
18:27:05.341 [AsyncHttpClient-1-1] DEBUG org.asynchttpclient.netty.channel.DefaultChannelPool - Entry count for : http://localhost:49688 : 1
18:27:06.436 [AsyncHttpClient-1-1] DEBUG org.asynchttpclient.netty.channel.DefaultChannelPool - Entry count for : http://localhost:62857 : 1
18:27:06.436 [AsyncHttpClient-1-1] DEBUG org.asynchttpclient.netty.channel.DefaultChannelPool - Entry count for : http://localhost:49688 : 1
18:27:07.543 [AsyncHttpClient-1-1] DEBUG org.asynchttpclient.netty.channel.DefaultChannelPool - Entry count for : http://localhost:62857 : 1
18:27:07.543 [AsyncHttpClient-1-1] DEBUG org.asynchttpclient.netty.channel.DefaultChannelPool - Entry count for : http://localhost:49688 : 1
18:27:08.645 [AsyncHttpClient-1-1] DEBUG org.asynchttpclient.netty.channel.DefaultChannelPool - Entry count for : http://localhost:62857 : 1
18:27:08.645 [AsyncHttpClient-1-1] DEBUG org.asynchttpclient.netty.channel.DefaultChannelPool - Entry count for : http://localhost:49688 : 1
18:27:08.646 [Forwarding screenshot on session f22b682b2f53de9422a0d6dddd0735e0 to remote] DEBUG org.asynchttpclient.netty.request.NettyRequestSender - Using pooled Channel '[id: 0x0e9e455c, L:/127.0.0.1:49687 - R:localhost/127.0.0.1:62857]' for 'GET' to 'http://localhost:62857/session/f22b682b2f53de9422a0d6dddd0735e0/screenshot'
18:27:08.646 [Forwarding screenshot on session f22b682b2f53de9422a0d6dddd0735e0 to remote] DEBUG org.asynchttpclient.netty.request.NettyRequestSender - Using open Channel [id: 0x0e9e455c, L:/127.0.0.1:49687 - R:localhost/127.0.0.1:62857] for GET '/session/f22b682b2f53de9422a0d6dddd0735e0/screenshot'
18:27:09.005 [AsyncHttpClient-1-6] DEBUG org.asynchttpclient.netty.handler.HttpHandler - 

Request DefaultFullHttpRequest(decodeResult: success, version: HTTP/1.1, content: EmptyByteBufBE)
GET /session/f22b682b2f53de9422a0d6dddd0735e0/screenshot HTTP/1.1
User-Agent: selenium/4.1.4 (java windows)
Cache-Control: no-cache
Content-Type: application/json; charset=utf-8
host: localhost:62857
accept: */*

Response DefaultHttpResponse(decodeResult: success, version: HTTP/1.1)
HTTP/1.1 200 OK
Content-Type: application/json; charset=utf-8
cache-control: no-cache
content-length: 305560

18:27:09.005 [AsyncHttpClient-1-6] DEBUG org.asynchttpclient.netty.channel.ChannelManager - Adding key: http://localhost:62857 for channel [id: 0x0e9e455c, L:/127.0.0.1:49687 - R:localhost/127.0.0.1:62857]
18:27:09.020 [main] DEBUG net.serenitybdd.core.photography.Darkroom - Send negative for processing for target\site\serenity\fea5869187f218db65d0a6122c5cc890771fa20b1eed7bc401dcf7f83e3c282f.png
18:27:09.021 [main] DEBUG net.thucydides.core.steps.StepInterceptor - STARTING STEP: PatientDataSteps.validEditData - validAddData
18:27:09.021 [Darkroom Processing Line] DEBUG net.serenitybdd.core.photography.DarkroomProcessingLine - Processing screenshot image in /var/screenshots/screenshot-1381521518931047885
18:27:09.021 [Darkroom Processing Line] DEBUG net.serenitybdd.core.photography.DarkroomProcessingLine - Saving screenshot to target\site\serenity\fea5869187f218db65d0a6122c5cc890771fa20b1eed7bc401dcf7f83e3c282f.png
18:27:09.024 [Forwarding findElement on session f22b682b2f53de9422a0d6dddd0735e0 to remote] DEBUG org.asynchttpclient.netty.request.NettyRequestSender - Using pooled Channel '[id: 0x0e9e455c, L:/127.0.0.1:49687 - R:localhost/127.0.0.1:62857]' for 'POST' to 'http://localhost:62857/session/f22b682b2f53de9422a0d6dddd0735e0/element'
18:27:09.024 [Forwarding findElement on session f22b682b2f53de9422a0d6dddd0735e0 to remote] DEBUG org.asynchttpclient.netty.request.NettyRequestSender - Using open Channel [id: 0x0e9e455c, L:/127.0.0.1:49687 - R:localhost/127.0.0.1:62857] for POST '/session/f22b682b2f53de9422a0d6dddd0735e0/element'
18:27:09.034 [AsyncHttpClient-1-6] DEBUG org.asynchttpclient.netty.handler.HttpHandler - 

Request DefaultHttpRequest(decodeResult: success, version: HTTP/1.1)
POST /session/f22b682b2f53de9422a0d6dddd0735e0/element HTTP/1.1
User-Agent: selenium/4.1.4 (java windows)
Content-Length: 68
Content-Type: application/json; charset=utf-8
host: localhost:62857
accept: */*

Response DefaultHttpResponse(decodeResult: success, version: HTTP/1.1)
HTTP/1.1 200 OK
Content-Type: application/json; charset=utf-8
cache-control: no-cache
content-length: 88

18:27:09.034 [AsyncHttpClient-1-6] DEBUG org.asynchttpclient.netty.channel.ChannelManager - Adding key: http://localhost:62857 for channel [id: 0x0e9e455c, L:/127.0.0.1:49687 - R:localhost/127.0.0.1:62857]
18:27:09.035 [Forwarding isElementEnabled on session f22b682b2f53de9422a0d6dddd0735e0 to remote] DEBUG org.asynchttpclient.netty.request.NettyRequestSender - Using pooled Channel '[id: 0x0e9e455c, L:/127.0.0.1:49687 - R:localhost/127.0.0.1:62857]' for 'GET' to 'http://localhost:62857/session/f22b682b2f53de9422a0d6dddd0735e0/element/7038f5ce-1b3c-4573-b32f-30091e703b0b/enabled'
18:27:09.035 [Forwarding isElementEnabled on session f22b682b2f53de9422a0d6dddd0735e0 to remote] DEBUG org.asynchttpclient.netty.request.NettyRequestSender - Using open Channel [id: 0x0e9e455c, L:/127.0.0.1:49687 - R:localhost/127.0.0.1:62857] for GET '/session/f22b682b2f53de9422a0d6dddd0735e0/element/7038f5ce-1b3c-4573-b32f-30091e703b0b/enabled'
18:27:09.047 [AsyncHttpClient-1-6] DEBUG org.asynchttpclient.netty.handler.HttpHandler - 

Request DefaultFullHttpRequest(decodeResult: success, version: HTTP/1.1, content: EmptyByteBufBE)
GET /session/f22b682b2f53de9422a0d6dddd0735e0/element/7038f5ce-1b3c-4573-b32f-30091e703b0b/enabled HTTP/1.1
User-Agent: selenium/4.1.4 (java windows)
Cache-Control: no-cache
Content-Type: application/json; charset=utf-8
host: localhost:62857
accept: */*

Response DefaultHttpResponse(decodeResult: success, version: HTTP/1.1)
HTTP/1.1 200 OK
Content-Type: application/json; charset=utf-8
cache-control: no-cache
content-length: 14

18:27:09.048 [AsyncHttpClient-1-6] DEBUG org.asynchttpclient.netty.channel.ChannelManager - Adding key: http://localhost:62857 for channel [id: 0x0e9e455c, L:/127.0.0.1:49687 - R:localhost/127.0.0.1:62857]
18:27:09.054 [main] DEBUG net.thucydides.core.steps.StepInterceptor - STEP DONE: validAddData
18:27:09.741 [AsyncHttpClient-1-1] DEBUG org.asynchttpclient.netty.channel.DefaultChannelPool - Entry count for : http://localhost:62857 : 1
18:27:09.741 [AsyncHttpClient-1-1] DEBUG org.asynchttpclient.netty.channel.DefaultChannelPool - Entry count for : http://localhost:49688 : 1
18:27:10.068 [Forwarding screenshot on session f22b682b2f53de9422a0d6dddd0735e0 to remote] DEBUG org.asynchttpclient.netty.request.NettyRequestSender - Using pooled Channel '[id: 0x0e9e455c, L:/127.0.0.1:49687 - R:localhost/127.0.0.1:62857]' for 'GET' to 'http://localhost:62857/session/f22b682b2f53de9422a0d6dddd0735e0/screenshot'
18:27:10.068 [Forwarding screenshot on session f22b682b2f53de9422a0d6dddd0735e0 to remote] DEBUG org.asynchttpclient.netty.request.NettyRequestSender - Using open Channel [id: 0x0e9e455c, L:/127.0.0.1:49687 - R:localhost/127.0.0.1:62857] for GET '/session/f22b682b2f53de9422a0d6dddd0735e0/screenshot'
18:27:10.640 [AsyncHttpClient-1-6] DEBUG org.asynchttpclient.netty.handler.HttpHandler - 

Request DefaultFullHttpRequest(decodeResult: success, version: HTTP/1.1, content: EmptyByteBufBE)
GET /session/f22b682b2f53de9422a0d6dddd0735e0/screenshot HTTP/1.1
User-Agent: selenium/4.1.4 (java windows)
Cache-Control: no-cache
Content-Type: application/json; charset=utf-8
host: localhost:62857
accept: */*

Response DefaultHttpResponse(decodeResult: success, version: HTTP/1.1)
HTTP/1.1 200 OK
Content-Type: application/json; charset=utf-8
cache-control: no-cache
content-length: 305560

18:27:10.640 [AsyncHttpClient-1-6] DEBUG org.asynchttpclient.netty.channel.ChannelManager - Adding key: http://localhost:62857 for channel [id: 0x0e9e455c, L:/127.0.0.1:49687 - R:localhost/127.0.0.1:62857]
18:27:10.672 [main] DEBUG net.serenitybdd.core.photography.Darkroom - Send negative for processing for target\site\serenity\fea5869187f218db65d0a6122c5cc890771fa20b1eed7bc401dcf7f83e3c282f.png
18:27:10.674 [main] DEBUG net.thucydides.core.steps.StepInterceptor - STARTING STEP: PatientDataSteps.validEditData - buttonClickOK
18:27:10.686 [Forwarding findElement on session f22b682b2f53de9422a0d6dddd0735e0 to remote] DEBUG org.asynchttpclient.netty.request.NettyRequestSender - Using pooled Channel '[id: 0x0e9e455c, L:/127.0.0.1:49687 - R:localhost/127.0.0.1:62857]' for 'POST' to 'http://localhost:62857/session/f22b682b2f53de9422a0d6dddd0735e0/element'
18:27:10.686 [Forwarding findElement on session f22b682b2f53de9422a0d6dddd0735e0 to remote] DEBUG org.asynchttpclient.netty.request.NettyRequestSender - Using open Channel [id: 0x0e9e455c, L:/127.0.0.1:49687 - R:localhost/127.0.0.1:62857] for POST '/session/f22b682b2f53de9422a0d6dddd0735e0/element'
18:27:10.705 [AsyncHttpClient-1-6] DEBUG org.asynchttpclient.netty.handler.HttpHandler - 

Request DefaultHttpRequest(decodeResult: success, version: HTTP/1.1)
POST /session/f22b682b2f53de9422a0d6dddd0735e0/element HTTP/1.1
User-Agent: selenium/4.1.4 (java windows)
Content-Length: 88
Content-Type: application/json; charset=utf-8
host: localhost:62857
accept: */*

Response DefaultHttpResponse(decodeResult: success, version: HTTP/1.1)
HTTP/1.1 200 OK
Content-Type: application/json; charset=utf-8
cache-control: no-cache
content-length: 88

18:27:10.705 [AsyncHttpClient-1-6] DEBUG org.asynchttpclient.netty.channel.ChannelManager - Adding key: http://localhost:62857 for channel [id: 0x0e9e455c, L:/127.0.0.1:49687 - R:localhost/127.0.0.1:62857]
18:27:10.708 [Forwarding getElementTagName on session f22b682b2f53de9422a0d6dddd0735e0 to remote] DEBUG org.asynchttpclient.netty.request.NettyRequestSender - Using pooled Channel '[id: 0x0e9e455c, L:/127.0.0.1:49687 - R:localhost/127.0.0.1:62857]' for 'GET' to 'http://localhost:62857/session/f22b682b2f53de9422a0d6dddd0735e0/element/762145de-0616-4c8d-8550-501bd3d2d94d/name'
18:27:10.708 [Forwarding getElementTagName on session f22b682b2f53de9422a0d6dddd0735e0 to remote] DEBUG org.asynchttpclient.netty.request.NettyRequestSender - Using open Channel [id: 0x0e9e455c, L:/127.0.0.1:49687 - R:localhost/127.0.0.1:62857] for GET '/session/f22b682b2f53de9422a0d6dddd0735e0/element/762145de-0616-4c8d-8550-501bd3d2d94d/name'
18:27:10.718 [AsyncHttpClient-1-6] DEBUG org.asynchttpclient.netty.handler.HttpHandler - 

Request DefaultFullHttpRequest(decodeResult: success, version: HTTP/1.1, content: EmptyByteBufBE)
GET /session/f22b682b2f53de9422a0d6dddd0735e0/element/762145de-0616-4c8d-8550-501bd3d2d94d/name HTTP/1.1
User-Agent: selenium/4.1.4 (java windows)
Cache-Control: no-cache
Content-Type: application/json; charset=utf-8
host: localhost:62857
accept: */*

Response DefaultHttpResponse(decodeResult: success, version: HTTP/1.1)
HTTP/1.1 200 OK
Content-Type: application/json; charset=utf-8
cache-control: no-cache
content-length: 18

18:27:10.719 [AsyncHttpClient-1-6] DEBUG org.asynchttpclient.netty.channel.ChannelManager - Adding key: http://localhost:62857 for channel [id: 0x0e9e455c, L:/127.0.0.1:49687 - R:localhost/127.0.0.1:62857]
18:27:10.722 [Forwarding getElementTagName on session f22b682b2f53de9422a0d6dddd0735e0 to remote] DEBUG org.asynchttpclient.netty.request.NettyRequestSender - Using pooled Channel '[id: 0x0e9e455c, L:/127.0.0.1:49687 - R:localhost/127.0.0.1:62857]' for 'GET' to 'http://localhost:62857/session/f22b682b2f53de9422a0d6dddd0735e0/element/762145de-0616-4c8d-8550-501bd3d2d94d/name'
18:27:10.722 [Forwarding getElementTagName on session f22b682b2f53de9422a0d6dddd0735e0 to remote] DEBUG org.asynchttpclient.netty.request.NettyRequestSender - Using open Channel [id: 0x0e9e455c, L:/127.0.0.1:49687 - R:localhost/127.0.0.1:62857] for GET '/session/f22b682b2f53de9422a0d6dddd0735e0/element/762145de-0616-4c8d-8550-501bd3d2d94d/name'
18:27:10.727 [AsyncHttpClient-1-6] DEBUG org.asynchttpclient.netty.handler.HttpHandler - 

Request DefaultFullHttpRequest(decodeResult: success, version: HTTP/1.1, content: EmptyByteBufBE)
GET /session/f22b682b2f53de9422a0d6dddd0735e0/element/762145de-0616-4c8d-8550-501bd3d2d94d/name HTTP/1.1
User-Agent: selenium/4.1.4 (java windows)
Cache-Control: no-cache
Content-Type: application/json; charset=utf-8
host: localhost:62857
accept: */*

Response DefaultHttpResponse(decodeResult: success, version: HTTP/1.1)
HTTP/1.1 200 OK
Content-Type: application/json; charset=utf-8
cache-control: no-cache
content-length: 18

18:27:10.727 [AsyncHttpClient-1-6] DEBUG org.asynchttpclient.netty.channel.ChannelManager - Adding key: http://localhost:62857 for channel [id: 0x0e9e455c, L:/127.0.0.1:49687 - R:localhost/127.0.0.1:62857]
18:27:10.734 [Forwarding isElementEnabled on session f22b682b2f53de9422a0d6dddd0735e0 to remote] DEBUG org.asynchttpclient.netty.request.NettyRequestSender - Using pooled Channel '[id: 0x0e9e455c, L:/127.0.0.1:49687 - R:localhost/127.0.0.1:62857]' for 'GET' to 'http://localhost:62857/session/f22b682b2f53de9422a0d6dddd0735e0/element/762145de-0616-4c8d-8550-501bd3d2d94d/enabled'
18:27:10.734 [Forwarding isElementEnabled on session f22b682b2f53de9422a0d6dddd0735e0 to remote] DEBUG org.asynchttpclient.netty.request.NettyRequestSender - Using open Channel [id: 0x0e9e455c, L:/127.0.0.1:49687 - R:localhost/127.0.0.1:62857] for GET '/session/f22b682b2f53de9422a0d6dddd0735e0/element/762145de-0616-4c8d-8550-501bd3d2d94d/enabled'
18:27:10.757 [AsyncHttpClient-1-6] DEBUG org.asynchttpclient.netty.handler.HttpHandler - 

Request DefaultFullHttpRequest(decodeResult: success, version: HTTP/1.1, content: EmptyByteBufBE)
GET /session/f22b682b2f53de9422a0d6dddd0735e0/element/762145de-0616-4c8d-8550-501bd3d2d94d/enabled HTTP/1.1
User-Agent: selenium/4.1.4 (java windows)
Cache-Control: no-cache
Content-Type: application/json; charset=utf-8
host: localhost:62857
accept: */*

Response DefaultHttpResponse(decodeResult: success, version: HTTP/1.1)
HTTP/1.1 200 OK
Content-Type: application/json; charset=utf-8
cache-control: no-cache
content-length: 14

18:27:10.757 [AsyncHttpClient-1-6] DEBUG org.asynchttpclient.netty.channel.ChannelManager - Adding key: http://localhost:62857 for channel [id: 0x0e9e455c, L:/127.0.0.1:49687 - R:localhost/127.0.0.1:62857]
18:27:10.759 [Forwarding isElementEnabled on session f22b682b2f53de9422a0d6dddd0735e0 to remote] DEBUG org.asynchttpclient.netty.request.NettyRequestSender - Using pooled Channel '[id: 0x0e9e455c, L:/127.0.0.1:49687 - R:localhost/127.0.0.1:62857]' for 'GET' to 'http://localhost:62857/session/f22b682b2f53de9422a0d6dddd0735e0/element/762145de-0616-4c8d-8550-501bd3d2d94d/enabled'
18:27:10.759 [Forwarding isElementEnabled on session f22b682b2f53de9422a0d6dddd0735e0 to remote] DEBUG org.asynchttpclient.netty.request.NettyRequestSender - Using open Channel [id: 0x0e9e455c, L:/127.0.0.1:49687 - R:localhost/127.0.0.1:62857] for GET '/session/f22b682b2f53de9422a0d6dddd0735e0/element/762145de-0616-4c8d-8550-501bd3d2d94d/enabled'
18:27:10.773 [AsyncHttpClient-1-6] DEBUG org.asynchttpclient.netty.handler.HttpHandler - 

Request DefaultFullHttpRequest(decodeResult: success, version: HTTP/1.1, content: EmptyByteBufBE)
GET /session/f22b682b2f53de9422a0d6dddd0735e0/element/762145de-0616-4c8d-8550-501bd3d2d94d/enabled HTTP/1.1
User-Agent: selenium/4.1.4 (java windows)
Cache-Control: no-cache
Content-Type: application/json; charset=utf-8
host: localhost:62857
accept: */*

Response DefaultHttpResponse(decodeResult: success, version: HTTP/1.1)
HTTP/1.1 200 OK
Content-Type: application/json; charset=utf-8
cache-control: no-cache
content-length: 14

18:27:10.774 [AsyncHttpClient-1-6] DEBUG org.asynchttpclient.netty.channel.ChannelManager - Adding key: http://localhost:62857 for channel [id: 0x0e9e455c, L:/127.0.0.1:49687 - R:localhost/127.0.0.1:62857]
18:27:10.777 [Forwarding findElement on session f22b682b2f53de9422a0d6dddd0735e0 to remote] DEBUG org.asynchttpclient.netty.request.NettyRequestSender - Using pooled Channel '[id: 0x0e9e455c, L:/127.0.0.1:49687 - R:localhost/127.0.0.1:62857]' for 'POST' to 'http://localhost:62857/session/f22b682b2f53de9422a0d6dddd0735e0/element'
18:27:10.777 [Forwarding findElement on session f22b682b2f53de9422a0d6dddd0735e0 to remote] DEBUG org.asynchttpclient.netty.request.NettyRequestSender - Using open Channel [id: 0x0e9e455c, L:/127.0.0.1:49687 - R:localhost/127.0.0.1:62857] for POST '/session/f22b682b2f53de9422a0d6dddd0735e0/element'
18:27:10.792 [AsyncHttpClient-1-6] DEBUG org.asynchttpclient.netty.handler.HttpHandler - 

Request DefaultHttpRequest(decodeResult: success, version: HTTP/1.1)
POST /session/f22b682b2f53de9422a0d6dddd0735e0/element HTTP/1.1
User-Agent: selenium/4.1.4 (java windows)
Content-Length: 88
Content-Type: application/json; charset=utf-8
host: localhost:62857
accept: */*

Response DefaultHttpResponse(decodeResult: success, version: HTTP/1.1)
HTTP/1.1 200 OK
Content-Type: application/json; charset=utf-8
cache-control: no-cache
content-length: 88

18:27:10.792 [AsyncHttpClient-1-6] DEBUG org.asynchttpclient.netty.channel.ChannelManager - Adding key: http://localhost:62857 for channel [id: 0x0e9e455c, L:/127.0.0.1:49687 - R:localhost/127.0.0.1:62857]
18:27:10.792 [Forwarding clickElement on session f22b682b2f53de9422a0d6dddd0735e0 to remote] DEBUG org.asynchttpclient.netty.request.NettyRequestSender - Using pooled Channel '[id: 0x0e9e455c, L:/127.0.0.1:49687 - R:localhost/127.0.0.1:62857]' for 'POST' to 'http://localhost:62857/session/f22b682b2f53de9422a0d6dddd0735e0/element/762145de-0616-4c8d-8550-501bd3d2d94d/click'
18:27:10.792 [Forwarding clickElement on session f22b682b2f53de9422a0d6dddd0735e0 to remote] DEBUG org.asynchttpclient.netty.request.NettyRequestSender - Using open Channel [id: 0x0e9e455c, L:/127.0.0.1:49687 - R:localhost/127.0.0.1:62857] for POST '/session/f22b682b2f53de9422a0d6dddd0735e0/element/762145de-0616-4c8d-8550-501bd3d2d94d/click'
18:27:10.841 [AsyncHttpClient-1-1] DEBUG org.asynchttpclient.netty.channel.DefaultChannelPool - Entry count for : http://localhost:49688 : 1
18:27:11.006 [AsyncHttpClient-1-6] DEBUG org.asynchttpclient.netty.handler.HttpHandler - 

Request DefaultHttpRequest(decodeResult: success, version: HTTP/1.1)
POST /session/f22b682b2f53de9422a0d6dddd0735e0/element/762145de-0616-4c8d-8550-501bd3d2d94d/click HTTP/1.1
User-Agent: selenium/4.1.4 (java windows)
Content-Length: 50
Content-Type: application/json; charset=utf-8
host: localhost:62857
accept: */*

Response DefaultHttpResponse(decodeResult: success, version: HTTP/1.1)
HTTP/1.1 200 OK
Content-Type: application/json; charset=utf-8
cache-control: no-cache
content-length: 14

18:27:11.006 [AsyncHttpClient-1-6] DEBUG org.asynchttpclient.netty.channel.ChannelManager - Adding key: http://localhost:62857 for channel [id: 0x0e9e455c, L:/127.0.0.1:49687 - R:localhost/127.0.0.1:62857]
18:27:11.021 [Forwarding screenshot on session f22b682b2f53de9422a0d6dddd0735e0 to remote] DEBUG org.asynchttpclient.netty.request.NettyRequestSender - Using pooled Channel '[id: 0x0e9e455c, L:/127.0.0.1:49687 - R:localhost/127.0.0.1:62857]' for 'GET' to 'http://localhost:62857/session/f22b682b2f53de9422a0d6dddd0735e0/screenshot'
18:27:11.021 [Forwarding screenshot on session f22b682b2f53de9422a0d6dddd0735e0 to remote] DEBUG org.asynchttpclient.netty.request.NettyRequestSender - Using open Channel [id: 0x0e9e455c, L:/127.0.0.1:49687 - R:localhost/127.0.0.1:62857] for GET '/session/f22b682b2f53de9422a0d6dddd0735e0/screenshot'
18:27:11.691 [AsyncHttpClient-1-6] DEBUG org.asynchttpclient.netty.handler.HttpHandler - 

Request DefaultFullHttpRequest(decodeResult: success, version: HTTP/1.1, content: EmptyByteBufBE)
GET /session/f22b682b2f53de9422a0d6dddd0735e0/screenshot HTTP/1.1
User-Agent: selenium/4.1.4 (java windows)
Cache-Control: no-cache
Content-Type: application/json; charset=utf-8
host: localhost:62857
accept: */*

Response DefaultHttpResponse(decodeResult: success, version: HTTP/1.1)
HTTP/1.1 200 OK
Content-Type: application/json; charset=utf-8
cache-control: no-cache
content-length: 336400

18:27:11.692 [AsyncHttpClient-1-6] DEBUG org.asynchttpclient.netty.channel.ChannelManager - Adding key: http://localhost:62857 for channel [id: 0x0e9e455c, L:/127.0.0.1:49687 - R:localhost/127.0.0.1:62857]
18:27:11.706 [main] DEBUG net.serenitybdd.core.photography.Darkroom - Send negative for processing for target\site\serenity\7e82b2b1662851ad2c6d0e4d0c9d4d51fbbf5ed1d59ca15266c5b3a42678ae26.png
18:27:11.706 [main] DEBUG net.thucydides.core.steps.StepInterceptor - STEP DONE: buttonClickOK
18:27:11.706 [Darkroom Processing Line] DEBUG net.serenitybdd.core.photography.DarkroomProcessingLine - Processing screenshot image in /var/screenshots/screenshot-11182396881837755046
18:27:11.706 [Darkroom Processing Line] DEBUG net.serenitybdd.core.photography.DarkroomProcessingLine - Saving screenshot to target\site\serenity\7e82b2b1662851ad2c6d0e4d0c9d4d51fbbf5ed1d59ca15266c5b3a42678ae26.png
18:27:11.943 [AsyncHttpClient-1-1] DEBUG org.asynchttpclient.netty.channel.DefaultChannelPool - Entry count for : http://localhost:62857 : 1
18:27:11.943 [AsyncHttpClient-1-1] DEBUG org.asynchttpclient.netty.channel.DefaultChannelPool - Entry count for : http://localhost:49688 : 1
18:27:12.722 [Forwarding screenshot on session f22b682b2f53de9422a0d6dddd0735e0 to remote] DEBUG org.asynchttpclient.netty.request.NettyRequestSender - Using pooled Channel '[id: 0x0e9e455c, L:/127.0.0.1:49687 - R:localhost/127.0.0.1:62857]' for 'GET' to 'http://localhost:62857/session/f22b682b2f53de9422a0d6dddd0735e0/screenshot'
18:27:12.722 [Forwarding screenshot on session f22b682b2f53de9422a0d6dddd0735e0 to remote] DEBUG org.asynchttpclient.netty.request.NettyRequestSender - Using open Channel [id: 0x0e9e455c, L:/127.0.0.1:49687 - R:localhost/127.0.0.1:62857] for GET '/session/f22b682b2f53de9422a0d6dddd0735e0/screenshot'
18:27:13.037 [AsyncHttpClient-1-1] DEBUG org.asynchttpclient.netty.channel.DefaultChannelPool - Entry count for : http://localhost:49688 : 1
18:27:13.181 [AsyncHttpClient-1-6] DEBUG org.asynchttpclient.netty.handler.HttpHandler - 

Request DefaultFullHttpRequest(decodeResult: success, version: HTTP/1.1, content: EmptyByteBufBE)
GET /session/f22b682b2f53de9422a0d6dddd0735e0/screenshot HTTP/1.1
User-Agent: selenium/4.1.4 (java windows)
Cache-Control: no-cache
Content-Type: application/json; charset=utf-8
host: localhost:62857
accept: */*

Response DefaultHttpResponse(decodeResult: success, version: HTTP/1.1)
HTTP/1.1 200 OK
Content-Type: application/json; charset=utf-8
cache-control: no-cache
content-length: 389452

18:27:13.181 [AsyncHttpClient-1-6] DEBUG org.asynchttpclient.netty.channel.ChannelManager - Adding key: http://localhost:62857 for channel [id: 0x0e9e455c, L:/127.0.0.1:49687 - R:localhost/127.0.0.1:62857]
18:27:13.194 [main] DEBUG net.serenitybdd.core.photography.Darkroom - Send negative for processing for target\site\serenity\94e59326aca2942cee237ffb33d6536b91f93c2fbdebb670701e1c510187f4de.png
18:27:13.194 [Darkroom Processing Line] DEBUG net.serenitybdd.core.photography.DarkroomProcessingLine - Processing screenshot image in /var/screenshots/screenshot-3881379249460761818
18:27:13.194 [main] DEBUG net.thucydides.core.steps.StepInterceptor - STARTING STEP: PatientDataSteps.validEditData - checkValidDataPasien
18:27:13.194 [Darkroom Processing Line] DEBUG net.serenitybdd.core.photography.DarkroomProcessingLine - Saving screenshot to target\site\serenity\94e59326aca2942cee237ffb33d6536b91f93c2fbdebb670701e1c510187f4de.png
18:27:13.202 [Forwarding findElement on session f22b682b2f53de9422a0d6dddd0735e0 to remote] DEBUG org.asynchttpclient.netty.request.NettyRequestSender - Using pooled Channel '[id: 0x0e9e455c, L:/127.0.0.1:49687 - R:localhost/127.0.0.1:62857]' for 'POST' to 'http://localhost:62857/session/f22b682b2f53de9422a0d6dddd0735e0/element'
18:27:13.202 [Forwarding findElement on session f22b682b2f53de9422a0d6dddd0735e0 to remote] DEBUG org.asynchttpclient.netty.request.NettyRequestSender - Using open Channel [id: 0x0e9e455c, L:/127.0.0.1:49687 - R:localhost/127.0.0.1:62857] for POST '/session/f22b682b2f53de9422a0d6dddd0735e0/element'
18:27:13.208 [AsyncHttpClient-1-6] DEBUG org.asynchttpclient.netty.handler.HttpHandler - 

Request DefaultHttpRequest(decodeResult: success, version: HTTP/1.1)
POST /session/f22b682b2f53de9422a0d6dddd0735e0/element HTTP/1.1
User-Agent: selenium/4.1.4 (java windows)
Content-Length: 95
Content-Type: application/json; charset=utf-8
host: localhost:62857
accept: */*

Response DefaultHttpResponse(decodeResult: success, version: HTTP/1.1)
HTTP/1.1 200 OK
Content-Type: application/json; charset=utf-8
cache-control: no-cache
content-length: 88

18:27:13.208 [AsyncHttpClient-1-6] DEBUG org.asynchttpclient.netty.channel.ChannelManager - Adding key: http://localhost:62857 for channel [id: 0x0e9e455c, L:/127.0.0.1:49687 - R:localhost/127.0.0.1:62857]
18:27:13.213 [Forwarding isElementEnabled on session f22b682b2f53de9422a0d6dddd0735e0 to remote] DEBUG org.asynchttpclient.netty.request.NettyRequestSender - Using pooled Channel '[id: 0x0e9e455c, L:/127.0.0.1:49687 - R:localhost/127.0.0.1:62857]' for 'GET' to 'http://localhost:62857/session/f22b682b2f53de9422a0d6dddd0735e0/element/ea5bb237-9176-4e2f-94af-76e29203e8af/enabled'
18:27:13.213 [Forwarding isElementEnabled on session f22b682b2f53de9422a0d6dddd0735e0 to remote] DEBUG org.asynchttpclient.netty.request.NettyRequestSender - Using open Channel [id: 0x0e9e455c, L:/127.0.0.1:49687 - R:localhost/127.0.0.1:62857] for GET '/session/f22b682b2f53de9422a0d6dddd0735e0/element/ea5bb237-9176-4e2f-94af-76e29203e8af/enabled'
18:27:13.226 [AsyncHttpClient-1-6] DEBUG org.asynchttpclient.netty.handler.HttpHandler - 

Request DefaultFullHttpRequest(decodeResult: success, version: HTTP/1.1, content: EmptyByteBufBE)
GET /session/f22b682b2f53de9422a0d6dddd0735e0/element/ea5bb237-9176-4e2f-94af-76e29203e8af/enabled HTTP/1.1
User-Agent: selenium/4.1.4 (java windows)
Cache-Control: no-cache
Content-Type: application/json; charset=utf-8
host: localhost:62857
accept: */*

Response DefaultHttpResponse(decodeResult: success, version: HTTP/1.1)
HTTP/1.1 200 OK
Content-Type: application/json; charset=utf-8
cache-control: no-cache
content-length: 14

18:27:13.226 [AsyncHttpClient-1-6] DEBUG org.asynchttpclient.netty.channel.ChannelManager - Adding key: http://localhost:62857 for channel [id: 0x0e9e455c, L:/127.0.0.1:49687 - R:localhost/127.0.0.1:62857]
18:27:13.234 [main] DEBUG net.thucydides.core.steps.StepInterceptor - STEP DONE: checkValidDataPasien
  &amp#27;[32mAnd &amp#27;[0m&amp#27;[32mValid edit data&amp#27;[0m                                                                    &amp#27;[90m# starter.stepdefinitios.PatientDataSteps.validEditData()&amp#27;[0m
18:27:13.248 [Forwarding screenshot on session f22b682b2f53de9422a0d6dddd0735e0 to remote] DEBUG org.asynchttpclient.netty.request.NettyRequestSender - Using pooled Channel '[id: 0x0e9e455c, L:/127.0.0.1:49687 - R:localhost/127.0.0.1:62857]' for 'GET' to 'http://localhost:62857/session/f22b682b2f53de9422a0d6dddd0735e0/screenshot'
18:27:13.248 [Forwarding screenshot on session f22b682b2f53de9422a0d6dddd0735e0 to remote] DEBUG org.asynchttpclient.netty.request.NettyRequestSender - Using open Channel [id: 0x0e9e455c, L:/127.0.0.1:49687 - R:localhost/127.0.0.1:62857] for GET '/session/f22b682b2f53de9422a0d6dddd0735e0/screenshot'
18:27:13.588 [AsyncHttpClient-1-6] DEBUG org.asynchttpclient.netty.handler.HttpHandler - 

Request DefaultFullHttpRequest(decodeResult: success, version: HTTP/1.1, content: EmptyByteBufBE)
GET /session/f22b682b2f53de9422a0d6dddd0735e0/screenshot HTTP/1.1
User-Agent: selenium/4.1.4 (java windows)
Cache-Control: no-cache
Content-Type: application/json; charset=utf-8
host: localhost:62857
accept: */*

Response DefaultHttpResponse(decodeResult: success, version: HTTP/1.1)
HTTP/1.1 200 OK
Content-Type: application/json; charset=utf-8
cache-control: no-cache
content-length: 389452

18:27:13.589 [AsyncHttpClient-1-6] DEBUG org.asynchttpclient.netty.channel.ChannelManager - Adding key: http://localhost:62857 for channel [id: 0x0e9e455c, L:/127.0.0.1:49687 - R:localhost/127.0.0.1:62857]
18:27:13.596 [main] DEBUG net.serenitybdd.core.photography.Darkroom - Send negative for processing for target\site\serenity\94e59326aca2942cee237ffb33d6536b91f93c2fbdebb670701e1c510187f4de.png
18:27:13.607 [AsyncHttpClient-1-8] DEBUG org.asynchttpclient.netty.handler.WebSocketHandler - Channel Closed: [id: 0x920e998a, L:/127.0.0.1:49695 ! R:localhost/127.0.0.1:49688] with attribute NettyResponseFuture{currentRetry=5,
	isDone=1,
	isCancelled=0,
	asyncHandler=org.asynchttpclient.ws.WebSocketUpgradeHandler@3d0d9113,
	nettyRequest=org.asynchttpclient.netty.request.NettyRequest@13f55453,
	future=java.util.concurrent.CompletableFuture@1695d546[Completed normally],
	uri=ws://localhost:49688/devtools/browser/7c80dd91-5d6f-4a2f-9cf6-cb58395c360d,
	keepAlive=true,
	redirectCount=0,
	timeoutsHolder=null,
	inAuth=0,
	touch=1658057186179}
18:27:13.607 [AsyncHttpClient-1-8] DEBUG org.asynchttpclient.netty.channel.ChannelManager - Closing Channel [id: 0x920e998a, L:/127.0.0.1:49695 ! R:localhost/127.0.0.1:49688] 
18:27:13.607 [Driver Command Executor] DEBUG org.asynchttpclient.netty.request.NettyRequestSender - Using pooled Channel '[id: 0x0e9e455c, L:/127.0.0.1:49687 - R:localhost/127.0.0.1:62857]' for 'DELETE' to 'http://localhost:62857/session/f22b682b2f53de9422a0d6dddd0735e0'
18:27:13.607 [Driver Command Executor] DEBUG org.asynchttpclient.netty.request.NettyRequestSender - Using open Channel [id: 0x0e9e455c, L:/127.0.0.1:49687 - R:localhost/127.0.0.1:62857] for DELETE '/session/f22b682b2f53de9422a0d6dddd0735e0'
18:27:13.648 [AsyncHttpClient-1-7] DEBUG org.asynchttpclient.netty.handler.HttpHandler - Unexpected I/O exception on channel [id: 0x493992b6, L:/127.0.0.1:49694 - R:localhost/127.0.0.1:49688]
java.io.IOException: An existing connection was forcibly closed by the remote host
	at java.base/sun.nio.ch.SocketDispatcher.read0(Native Method)
	at java.base/sun.nio.ch.SocketDispatcher.read(SocketDispatcher.java:43)
	at java.base/sun.nio.ch.IOUtil.readIntoNativeBuffer(IOUtil.java:276)
	at java.base/sun.nio.ch.IOUtil.read(IOUtil.java:233)
	at java.base/sun.nio.ch.IOUtil.read(IOUtil.java:223)
	at java.base/sun.nio.ch.SocketChannelImpl.read(SocketChannelImpl.java:356)
	at io.netty.buffer.PooledByteBuf.setBytes(PooledByteBuf.java:258)
	at io.netty.buffer.AbstractByteBuf.writeBytes(AbstractByteBuf.java:1132)
	at io.netty.channel.socket.nio.NioSocketChannel.doReadBytes(NioSocketChannel.java:357)
	at io.netty.channel.nio.AbstractNioByteChannel$NioByteUnsafe.read(AbstractNioByteChannel.java:151)
	at io.netty.channel.nio.NioEventLoop.processSelectedKey(NioEventLoop.java:722)
	at io.netty.channel.nio.NioEventLoop.processSelectedKeysOptimized(NioEventLoop.java:658)
	at io.netty.channel.nio.NioEventLoop.processSelectedKeys(NioEventLoop.java:584)
	at io.netty.channel.nio.NioEventLoop.run(NioEventLoop.java:496)
	at io.netty.util.concurrent.SingleThreadEventExecutor$4.run(SingleThreadEventExecutor.java:986)
	at io.netty.util.internal.ThreadExecutorMap$2.run(ThreadExecutorMap.java:74)
	at io.netty.util.concurrent.FastThreadLocalRunnable.run(FastThreadLocalRunnable.java:30)
	at java.base/java.lang.Thread.run(Thread.java:829)
18:27:13.648 [AsyncHttpClient-1-7] DEBUG org.asynchttpclient.netty.channel.ChannelManager - Closing Channel [id: 0x493992b6, L:/127.0.0.1:49694 - R:localhost/127.0.0.1:49688] 
18:27:13.648 [AsyncHttpClient-1-7] DEBUG org.asynchttpclient.netty.handler.HttpHandler - Channel Closed: [id: 0x493992b6, L:/127.0.0.1:49694 ! R:localhost/127.0.0.1:49688] with attribute DISCARD
18:27:13.667 [AsyncHttpClient-1-6] DEBUG org.asynchttpclient.netty.handler.HttpHandler - 

Request DefaultFullHttpRequest(decodeResult: success, version: HTTP/1.1, content: EmptyByteBufBE)
DELETE /session/f22b682b2f53de9422a0d6dddd0735e0 HTTP/1.1
User-Agent: selenium/4.1.4 (java windows)
Content-Type: application/json; charset=utf-8
host: localhost:62857
accept: */*

Response DefaultHttpResponse(decodeResult: success, version: HTTP/1.1)
HTTP/1.1 200 OK
Content-Type: application/json; charset=utf-8
cache-control: no-cache
content-length: 14

18:27:13.667 [AsyncHttpClient-1-6] DEBUG org.asynchttpclient.netty.channel.ChannelManager - Adding key: http://localhost:62857 for channel [id: 0x0e9e455c, L:/127.0.0.1:49687 - R:localhost/127.0.0.1:62857]
18:27:13.748 [AsyncHttpClient-1-6] DEBUG org.asynchttpclient.netty.handler.HttpHandler - Channel Closed: [id: 0x0e9e455c, L:/127.0.0.1:49687 ! R:localhost/127.0.0.1:62857] with attribute DISCARD
18:27:13.785 [main] INFO  - 
  _____   ___   ___   _____     ___     _     ___   ___   ___   ___  
 |_   _| | __| / __| |_   _|   | _ \   /_\   / __| / __| | __| |   \ 
   | |   | _|  \__ \   | |     |  _/  / _ \  \__ \ \__ \ | _|  | |) |
   |_|   |___| |___/   |_|     |_|   /_/ \_\ |___/ |___/ |___| |___/ 

As a admin i want to edit data pasien (JK Perempuan) - Valid
----------------------------------------------------------------------
]]></system-out>
    <system-err><![CDATA[Starting ChromeDriver 103.0.5060.53 (a1711811edd74ff1cf2150f36ffa3b0dae40b17f-refs/branch-heads/5060@{#853}) on port 62857
Only local connections are allowed.
Please see https://chromedriver.chromium.org/security-considerations for suggestions on keeping ChromeDriver safe.
ChromeDriver was started successfully.
Jul 17, 2022 6:26:26 PM org.openqa.selenium.remote.ProtocolHandshake createSession
INFO: Detected dialect: W3C
Jul 17, 2022 6:26:26 PM org.openqa.selenium.devtools.CdpVersionFinder findNearestMatch
WARNING: Unable to find an exact match for CDP version 103, so returning the closest version found: 101
Jul 17, 2022 6:26:26 PM org.openqa.selenium.devtools.CdpVersionFinder findNearestMatch
INFO: Found CDP implementation for version 103 of 101
]]></system-err>
  </testcase>
  <testcase name="As a admin i want to add data pasien (JK Laki-Laki) - Kosong #1" classname="Data Pasien - Admin" time="33.763">
    <system-out><![CDATA[
@DataPasien111 @AddPatientDataKosong
Scenario Outline: As a admin i want to add data pasien (JK Laki-Laki) - Kosong &amp#27;[90m# src/test/resources/features/4DataPasien.feature:98&amp#27;[0m
18:27:13.842 [main] INFO io.cucumber.core.plugin.SerenityReporter - Running feature from file:///C:/Alterra/CapstoneBaru/QE/TestingWebUpdate/src/test/resources/features/4DataPasien.feature
18:27:13.851 [main] INFO  - 
  _____   ___   ___   _____     ___   _____     _     ___   _____   ___   ___  
 |_   _| | __| / __| |_   _|   / __| |_   _|   /_\   | _ \ |_   _| | __| |   \ 
   | |   | _|  \__ \   | |     \__ \   | |    / _ \  |   /   | |   | _|  | |) |
   |_|   |___| |___/   |_|     |___/   |_|   /_/ \_\ |_|_\   |_|   |___| |___/ 

As a admin i want to add data pasien (JK Laki-Laki) - Kosong(data-pasien---admin;as-a-admin-i-want-to-add-data-pasien-(jk-laki-laki)---kosong)
--------------------------------------------------------------------------------
18:27:13.931 [main] DEBUG net.thucydides.core.steps.StepInterceptor - STARTING STEP: LoginSteps.openLoginPage - openLogin
18:27:13.932 [main] INFO net.serenitybdd.core.webdriver.driverproviders.ChromeDriverProvider - Using automatically driver download
18:27:14.143 [AsyncHttpClient-1-1] DEBUG org.asynchttpclient.netty.channel.DefaultChannelPool - Entry count for : http://localhost:62857 : 1
18:27:14.143 [AsyncHttpClient-1-1] DEBUG org.asynchttpclient.netty.channel.DefaultChannelPool - Entry count for : http://localhost:49688 : 1
18:27:14.143 [AsyncHttpClient-1-1] DEBUG org.asynchttpclient.netty.channel.DefaultChannelPool - Adding Candidate expired Channel [id: 0x0e9e455c, L:/127.0.0.1:49687 ! R:localhost/127.0.0.1:62857] isIdleTimeoutExpired=false isRemotelyClosed=true isTtlExpired=false
18:27:14.143 [AsyncHttpClient-1-1] DEBUG org.asynchttpclient.netty.channel.DefaultChannelPool - Closing Idle Channel [id: 0x0e9e455c, L:/127.0.0.1:49687 ! R:localhost/127.0.0.1:62857]
18:27:14.143 [AsyncHttpClient-1-1] DEBUG org.asynchttpclient.netty.channel.DefaultChannelPool - Adding Candidate expired Channel [id: 0x493992b6, L:/127.0.0.1:49694 ! R:localhost/127.0.0.1:49688] isIdleTimeoutExpired=false isRemotelyClosed=true isTtlExpired=false
18:27:14.143 [AsyncHttpClient-1-1] DEBUG org.asynchttpclient.netty.channel.DefaultChannelPool - Closing Idle Channel [id: 0x493992b6, L:/127.0.0.1:49694 ! R:localhost/127.0.0.1:49688]
18:27:14.143 [AsyncHttpClient-1-1] DEBUG org.asynchttpclient.netty.channel.DefaultChannelPool - Closed 2 connections out of 2 in 0 ms
18:27:14.217 [main] DEBUG io.github.bonigarcia.wdm.cache.ResolutionCache - Resolution chrome=103 in cache (valid until 18:54:33 17/07/2022 ICT)
18:27:14.225 [main] DEBUG io.github.bonigarcia.wdm.cache.ResolutionCache - Resolution chrome103=103.0.5060.53 in cache (valid until 17:54:33 18/07/2022 ICT)
18:27:14.228 [main] INFO io.github.bonigarcia.wdm.WebDriverManager - Using chromedriver 103.0.5060.53 (resolved driver for Chrome 103)
18:27:14.242 [main] DEBUG io.github.bonigarcia.wdm.WebDriverManager - Driver chromedriver 103.0.5060.53 found in cache
18:27:14.242 [main] INFO io.github.bonigarcia.wdm.WebDriverManager - Exporting webdriver.chrome.driver as C:\Users\Bagas Dwi Saputra\.cache\selenium\chromedriver\win32\103.0.5060.53\chromedriver.exe
18:27:14.459 [main] DEBUG net.serenitybdd.core.webdriver.driverproviders.ProvideNewDriver - Instantiating driver
18:27:14.459 [main] DEBUG net.serenitybdd.core.webdriver.driverproviders.ProvideNewDriver - Driver capabilities: Capabilities {acceptInsecureCerts: false, base.url: https://fanciful-trifle-360..., browserName: chrome, chorme.driver: src/test/resources/webdrive..., driver: chrome, goog:chromeOptions: {args: [], extensions: []}}
18:27:14.578 [AsyncHttpClient-1-9] DEBUG org.asynchttpclient.netty.channel.NettyConnectListener - Using new Channel '[id: 0xd8abf313, L:/127.0.0.1:49713 - R:localhost/127.0.0.1:59445]' for 'POST' to '/session'
18:27:15.536 [AsyncHttpClient-1-9] DEBUG org.asynchttpclient.netty.handler.HttpHandler - 

Request DefaultHttpRequest(decodeResult: success, version: HTTP/1.1)
POST /session HTTP/1.1
User-Agent: selenium/4.1.4 (java windows)
Content-Length: 629
Content-Type: application/json; charset=utf-8
host: localhost:59445
accept: */*

Response DefaultHttpResponse(decodeResult: success, version: HTTP/1.1)
HTTP/1.1 200 OK
Content-Type: application/json; charset=utf-8
cache-control: no-cache
content-length: 794

18:27:15.537 [AsyncHttpClient-1-9] DEBUG org.asynchttpclient.netty.channel.ChannelManager - Adding key: http://localhost:59445 for channel [id: 0xd8abf313, L:/127.0.0.1:49713 - R:localhost/127.0.0.1:59445]
18:27:15.544 [AsyncHttpClient-1-2] DEBUG org.asynchttpclient.netty.channel.NettyConnectListener - Using new Channel '[id: 0x5f7d4afc, L:/127.0.0.1:49720 - R:localhost/127.0.0.1:49714]' for 'GET' to '/json/version'
18:27:15.544 [AsyncHttpClient-1-2] DEBUG org.asynchttpclient.netty.handler.HttpHandler - 

Request DefaultFullHttpRequest(decodeResult: success, version: HTTP/1.1, content: EmptyByteBufBE)
GET /json/version HTTP/1.1
User-Agent: selenium/4.1.4 (java windows)
host: localhost:49714
accept: */*

Response DefaultHttpResponse(decodeResult: success, version: HTTP/1.1)
HTTP/1.1 200 OK
Content-Type: application/json; charset=UTF-8
content-length: 429

18:27:15.544 [AsyncHttpClient-1-2] DEBUG org.asynchttpclient.netty.channel.ChannelManager - Adding key: http://localhost:49714 for channel [id: 0x5f7d4afc, L:/127.0.0.1:49720 - R:localhost/127.0.0.1:49714]
18:27:15.552 [AsyncHttpClient-1-3] DEBUG org.asynchttpclient.netty.channel.NettyConnectListener - Using new Channel '[id: 0x5eca00ef, L:/127.0.0.1:49721 - R:localhost/127.0.0.1:49714]' for 'GET' to '/devtools/browser/8e93f4a3-5e99-45cc-b91d-3ce44da8729b'
18:27:15.554 [AsyncHttpClient-1-3] DEBUG org.asynchttpclient.netty.handler.WebSocketHandler - 

Request DefaultFullHttpRequest(decodeResult: success, version: HTTP/1.1, content: EmptyByteBufBE)
GET /devtools/browser/8e93f4a3-5e99-45cc-b91d-3ce44da8729b HTTP/1.1
upgrade: websocket
connection: upgrade
sec-websocket-key: PGcp/qHY67o7JLPXpxT+Qw==
sec-websocket-version: 13
origin: http://localhost:49714
host: localhost:49714
accept: */*
user-agent: AHC/2.1

Response DefaultHttpResponse(decodeResult: success, version: HTTP/1.1)
HTTP/1.1 101 WebSocket Protocol Handshake
Upgrade: WebSocket
Connection: Upgrade
Sec-WebSocket-Accept: +tQNZrc6sbaIw8Y9Gr1HvbYJQec=

18:27:15.559 [Forwarding get on session 39cfb99c71b51081ac0e1566d6b0724c to remote] DEBUG org.asynchttpclient.netty.request.NettyRequestSender - Using pooled Channel '[id: 0xd8abf313, L:/127.0.0.1:49713 - R:localhost/127.0.0.1:59445]' for 'POST' to 'http://localhost:59445/session/39cfb99c71b51081ac0e1566d6b0724c/url'
18:27:15.560 [Forwarding get on session 39cfb99c71b51081ac0e1566d6b0724c to remote] DEBUG org.asynchttpclient.netty.request.NettyRequestSender - Using open Channel [id: 0xd8abf313, L:/127.0.0.1:49713 - R:localhost/127.0.0.1:59445] for POST '/session/39cfb99c71b51081ac0e1566d6b0724c/url'
18:27:16.253 [AsyncHttpClient-1-9] DEBUG org.asynchttpclient.netty.handler.HttpHandler - 

Request DefaultHttpRequest(decodeResult: success, version: HTTP/1.1)
POST /session/39cfb99c71b51081ac0e1566d6b0724c/url HTTP/1.1
User-Agent: selenium/4.1.4 (java windows)
Content-Length: 78
Content-Type: application/json; charset=utf-8
host: localhost:59445
accept: */*

Response DefaultHttpResponse(decodeResult: success, version: HTTP/1.1)
HTTP/1.1 200 OK
Content-Type: application/json; charset=utf-8
cache-control: no-cache
content-length: 14

18:27:16.253 [AsyncHttpClient-1-9] DEBUG org.asynchttpclient.netty.channel.ChannelManager - Adding key: http://localhost:59445 for channel [id: 0xd8abf313, L:/127.0.0.1:49713 - R:localhost/127.0.0.1:59445]
18:27:16.255 [Forwarding setTimeout on session 39cfb99c71b51081ac0e1566d6b0724c to remote] DEBUG org.asynchttpclient.netty.request.NettyRequestSender - Using pooled Channel '[id: 0xd8abf313, L:/127.0.0.1:49713 - R:localhost/127.0.0.1:59445]' for 'POST' to 'http://localhost:59445/session/39cfb99c71b51081ac0e1566d6b0724c/timeouts'
18:27:16.255 [Forwarding setTimeout on session 39cfb99c71b51081ac0e1566d6b0724c to remote] DEBUG org.asynchttpclient.netty.request.NettyRequestSender - Using open Channel [id: 0xd8abf313, L:/127.0.0.1:49713 - R:localhost/127.0.0.1:59445] for POST '/session/39cfb99c71b51081ac0e1566d6b0724c/timeouts'
18:27:16.256 [AsyncHttpClient-1-9] DEBUG org.asynchttpclient.netty.handler.HttpHandler - 

Request DefaultHttpRequest(decodeResult: success, version: HTTP/1.1)
POST /session/39cfb99c71b51081ac0e1566d6b0724c/timeouts HTTP/1.1
User-Agent: selenium/4.1.4 (java windows)
Content-Length: 22
Content-Type: application/json; charset=utf-8
host: localhost:59445
accept: */*

Response DefaultHttpResponse(decodeResult: success, version: HTTP/1.1)
HTTP/1.1 200 OK
Content-Type: application/json; charset=utf-8
cache-control: no-cache
content-length: 14

18:27:16.256 [AsyncHttpClient-1-9] DEBUG org.asynchttpclient.netty.channel.ChannelManager - Adding key: http://localhost:59445 for channel [id: 0xd8abf313, L:/127.0.0.1:49713 - R:localhost/127.0.0.1:59445]
18:27:16.259 [Forwarding getCurrentUrl on session 39cfb99c71b51081ac0e1566d6b0724c to remote] DEBUG org.asynchttpclient.netty.request.NettyRequestSender - Using pooled Channel '[id: 0xd8abf313, L:/127.0.0.1:49713 - R:localhost/127.0.0.1:59445]' for 'GET' to 'http://localhost:59445/session/39cfb99c71b51081ac0e1566d6b0724c/url'
18:27:16.259 [Forwarding getCurrentUrl on session 39cfb99c71b51081ac0e1566d6b0724c to remote] DEBUG org.asynchttpclient.netty.request.NettyRequestSender - Using open Channel [id: 0xd8abf313, L:/127.0.0.1:49713 - R:localhost/127.0.0.1:59445] for GET '/session/39cfb99c71b51081ac0e1566d6b0724c/url'
18:27:16.269 [AsyncHttpClient-1-9] DEBUG org.asynchttpclient.netty.handler.HttpHandler - 

Request DefaultFullHttpRequest(decodeResult: success, version: HTTP/1.1, content: EmptyByteBufBE)
GET /session/39cfb99c71b51081ac0e1566d6b0724c/url HTTP/1.1
User-Agent: selenium/4.1.4 (java windows)
Cache-Control: no-cache
Content-Type: application/json; charset=utf-8
host: localhost:59445
accept: */*

Response DefaultHttpResponse(decodeResult: success, version: HTTP/1.1)
HTTP/1.1 200 OK
Content-Type: application/json; charset=utf-8
cache-control: no-cache
content-length: 60

18:27:16.269 [AsyncHttpClient-1-9] DEBUG org.asynchttpclient.netty.channel.ChannelManager - Adding key: http://localhost:59445 for channel [id: 0xd8abf313, L:/127.0.0.1:49713 - R:localhost/127.0.0.1:59445]
18:27:16.282 [Forwarding screenshot on session 39cfb99c71b51081ac0e1566d6b0724c to remote] DEBUG org.asynchttpclient.netty.request.NettyRequestSender - Using pooled Channel '[id: 0xd8abf313, L:/127.0.0.1:49713 - R:localhost/127.0.0.1:59445]' for 'GET' to 'http://localhost:59445/session/39cfb99c71b51081ac0e1566d6b0724c/screenshot'
18:27:16.282 [Forwarding screenshot on session 39cfb99c71b51081ac0e1566d6b0724c to remote] DEBUG org.asynchttpclient.netty.request.NettyRequestSender - Using open Channel [id: 0xd8abf313, L:/127.0.0.1:49713 - R:localhost/127.0.0.1:59445] for GET '/session/39cfb99c71b51081ac0e1566d6b0724c/screenshot'
18:27:16.345 [AsyncHttpClient-1-1] DEBUG org.asynchttpclient.netty.channel.DefaultChannelPool - Entry count for : http://localhost:49714 : 1
18:27:16.760 [AsyncHttpClient-1-9] DEBUG org.asynchttpclient.netty.handler.HttpHandler - 

Request DefaultFullHttpRequest(decodeResult: success, version: HTTP/1.1, content: EmptyByteBufBE)
GET /session/39cfb99c71b51081ac0e1566d6b0724c/screenshot HTTP/1.1
User-Agent: selenium/4.1.4 (java windows)
Cache-Control: no-cache
Content-Type: application/json; charset=utf-8
host: localhost:59445
accept: */*

Response DefaultHttpResponse(decodeResult: success, version: HTTP/1.1)
HTTP/1.1 200 OK
Content-Type: application/json; charset=utf-8
cache-control: no-cache
content-length: 380436

18:27:16.760 [AsyncHttpClient-1-9] DEBUG org.asynchttpclient.netty.channel.ChannelManager - Adding key: http://localhost:59445 for channel [id: 0xd8abf313, L:/127.0.0.1:49713 - R:localhost/127.0.0.1:59445]
18:27:16.774 [main] DEBUG net.serenitybdd.core.photography.Darkroom - Send negative for processing for target\site\serenity\d122c364c40ece9db0ad32cd97c3fcf63e95ba606118dda8d3e5a1d2b8235ce2.png
18:27:16.774 [main] DEBUG net.thucydides.core.steps.StepInterceptor - STEP DONE: openLogin
  &amp#27;[32mGiven &amp#27;[0m&amp#27;[32mOpen login page&amp#27;[0m                                                        &amp#27;[90m# starter.stepdefinitios.LoginSteps.openLoginPage()&amp#27;[0m
18:27:17.299 [Forwarding findElement on session 39cfb99c71b51081ac0e1566d6b0724c to remote] DEBUG org.asynchttpclient.netty.request.NettyRequestSender - Using pooled Channel '[id: 0xd8abf313, L:/127.0.0.1:49713 - R:localhost/127.0.0.1:59445]' for 'POST' to 'http://localhost:59445/session/39cfb99c71b51081ac0e1566d6b0724c/element'
18:27:17.303 [Forwarding findElement on session 39cfb99c71b51081ac0e1566d6b0724c to remote] DEBUG org.asynchttpclient.netty.request.NettyRequestSender - Using open Channel [id: 0xd8abf313, L:/127.0.0.1:49713 - R:localhost/127.0.0.1:59445] for POST '/session/39cfb99c71b51081ac0e1566d6b0724c/element'
18:27:17.342 [AsyncHttpClient-1-9] DEBUG org.asynchttpclient.netty.handler.HttpHandler - 

Request DefaultHttpRequest(decodeResult: success, version: HTTP/1.1)
POST /session/39cfb99c71b51081ac0e1566d6b0724c/element HTTP/1.1
User-Agent: selenium/4.1.4 (java windows)
Content-Length: 70
Content-Type: application/json; charset=utf-8
host: localhost:59445
accept: */*

Response DefaultHttpResponse(decodeResult: success, version: HTTP/1.1)
HTTP/1.1 200 OK
Content-Type: application/json; charset=utf-8
cache-control: no-cache
content-length: 88

18:27:17.342 [AsyncHttpClient-1-9] DEBUG org.asynchttpclient.netty.channel.ChannelManager - Adding key: http://localhost:59445 for channel [id: 0xd8abf313, L:/127.0.0.1:49713 - R:localhost/127.0.0.1:59445]
18:27:17.343 [Forwarding sendKeysToElement on session 39cfb99c71b51081ac0e1566d6b0724c to remote] DEBUG org.asynchttpclient.netty.request.NettyRequestSender - Using pooled Channel '[id: 0xd8abf313, L:/127.0.0.1:49713 - R:localhost/127.0.0.1:59445]' for 'POST' to 'http://localhost:59445/session/39cfb99c71b51081ac0e1566d6b0724c/element/9c2c5af9-6242-418e-a093-4537e7071be9/value'
18:27:17.343 [Forwarding sendKeysToElement on session 39cfb99c71b51081ac0e1566d6b0724c to remote] DEBUG org.asynchttpclient.netty.request.NettyRequestSender - Using open Channel [id: 0xd8abf313, L:/127.0.0.1:49713 - R:localhost/127.0.0.1:59445] for POST '/session/39cfb99c71b51081ac0e1566d6b0724c/element/9c2c5af9-6242-418e-a093-4537e7071be9/value'
18:27:17.438 [AsyncHttpClient-1-1] DEBUG org.asynchttpclient.netty.channel.DefaultChannelPool - Entry count for : http://localhost:49714 : 1
18:27:17.535 [AsyncHttpClient-1-9] DEBUG org.asynchttpclient.netty.handler.HttpHandler - 

Request DefaultHttpRequest(decodeResult: success, version: HTTP/1.1)
POST /session/39cfb99c71b51081ac0e1566d6b0724c/element/9c2c5af9-6242-418e-a093-4537e7071be9/value HTTP/1.1
User-Agent: selenium/4.1.4 (java windows)
Content-Length: 131
Content-Type: application/json; charset=utf-8
host: localhost:59445
accept: */*

Response DefaultHttpResponse(decodeResult: success, version: HTTP/1.1)
HTTP/1.1 200 OK
Content-Type: application/json; charset=utf-8
cache-control: no-cache
content-length: 14

18:27:17.535 [AsyncHttpClient-1-9] DEBUG org.asynchttpclient.netty.channel.ChannelManager - Adding key: http://localhost:59445 for channel [id: 0xd8abf313, L:/127.0.0.1:49713 - R:localhost/127.0.0.1:59445]
  &amp#27;[32mAnd &amp#27;[0m&amp#27;[32mI input &amp#27;[0m&amp#27;[32m&amp#27;[1m"admin"&amp#27;[0m&amp#27;[32m login email valid&amp#27;[0m                                        &amp#27;[90m# starter.stepdefinitios.LoginSteps.iInputLoginEmailValid(java.lang.String)&amp#27;[0m
18:27:17.552 [Forwarding screenshot on session 39cfb99c71b51081ac0e1566d6b0724c to remote] DEBUG org.asynchttpclient.netty.request.NettyRequestSender - Using pooled Channel '[id: 0xd8abf313, L:/127.0.0.1:49713 - R:localhost/127.0.0.1:59445]' for 'GET' to 'http://localhost:59445/session/39cfb99c71b51081ac0e1566d6b0724c/screenshot'
18:27:17.554 [Forwarding screenshot on session 39cfb99c71b51081ac0e1566d6b0724c to remote] DEBUG org.asynchttpclient.netty.request.NettyRequestSender - Using open Channel [id: 0xd8abf313, L:/127.0.0.1:49713 - R:localhost/127.0.0.1:59445] for GET '/session/39cfb99c71b51081ac0e1566d6b0724c/screenshot'
18:27:18.275 [AsyncHttpClient-1-9] DEBUG org.asynchttpclient.netty.handler.HttpHandler - 

Request DefaultFullHttpRequest(decodeResult: success, version: HTTP/1.1, content: EmptyByteBufBE)
GET /session/39cfb99c71b51081ac0e1566d6b0724c/screenshot HTTP/1.1
User-Agent: selenium/4.1.4 (java windows)
Cache-Control: no-cache
Content-Type: application/json; charset=utf-8
host: localhost:59445
accept: */*

Response DefaultHttpResponse(decodeResult: success, version: HTTP/1.1)
HTTP/1.1 200 OK
Content-Type: application/json; charset=utf-8
cache-control: no-cache
content-length: 379420

18:27:18.275 [AsyncHttpClient-1-9] DEBUG org.asynchttpclient.netty.channel.ChannelManager - Adding key: http://localhost:59445 for channel [id: 0xd8abf313, L:/127.0.0.1:49713 - R:localhost/127.0.0.1:59445]
18:27:18.304 [main] DEBUG net.serenitybdd.core.photography.Darkroom - Send negative for processing for target\site\serenity\93df20195d3751dea78ac30a105f84d37c410e0341f58ded6fb231b5b47402e6.png
18:27:18.540 [AsyncHttpClient-1-1] DEBUG org.asynchttpclient.netty.channel.DefaultChannelPool - Entry count for : http://localhost:59445 : 1
18:27:18.540 [AsyncHttpClient-1-1] DEBUG org.asynchttpclient.netty.channel.DefaultChannelPool - Entry count for : http://localhost:49714 : 1
18:27:18.849 [Forwarding screenshot on session 39cfb99c71b51081ac0e1566d6b0724c to remote] DEBUG org.asynchttpclient.netty.request.NettyRequestSender - Using pooled Channel '[id: 0xd8abf313, L:/127.0.0.1:49713 - R:localhost/127.0.0.1:59445]' for 'GET' to 'http://localhost:59445/session/39cfb99c71b51081ac0e1566d6b0724c/screenshot'
18:27:18.849 [Forwarding screenshot on session 39cfb99c71b51081ac0e1566d6b0724c to remote] DEBUG org.asynchttpclient.netty.request.NettyRequestSender - Using open Channel [id: 0xd8abf313, L:/127.0.0.1:49713 - R:localhost/127.0.0.1:59445] for GET '/session/39cfb99c71b51081ac0e1566d6b0724c/screenshot'
18:27:19.058 [AsyncHttpClient-1-9] DEBUG org.asynchttpclient.netty.handler.HttpHandler - 

Request DefaultFullHttpRequest(decodeResult: success, version: HTTP/1.1, content: EmptyByteBufBE)
GET /session/39cfb99c71b51081ac0e1566d6b0724c/screenshot HTTP/1.1
User-Agent: selenium/4.1.4 (java windows)
Cache-Control: no-cache
Content-Type: application/json; charset=utf-8
host: localhost:59445
accept: */*

Response DefaultHttpResponse(decodeResult: success, version: HTTP/1.1)
HTTP/1.1 200 OK
Content-Type: application/json; charset=utf-8
cache-control: no-cache
content-length: 379420

18:27:19.059 [AsyncHttpClient-1-9] DEBUG org.asynchttpclient.netty.channel.ChannelManager - Adding key: http://localhost:59445 for channel [id: 0xd8abf313, L:/127.0.0.1:49713 - R:localhost/127.0.0.1:59445]
18:27:19.069 [main] DEBUG net.serenitybdd.core.photography.Darkroom - Send negative for processing for target\site\serenity\93df20195d3751dea78ac30a105f84d37c410e0341f58ded6fb231b5b47402e6.png
18:27:19.069 [main] DEBUG net.thucydides.core.steps.StepInterceptor - STARTING STEP: LoginSteps.iInputLoginPasswordValid - inputPasswordLogin
18:27:19.070 [Forwarding findElement on session 39cfb99c71b51081ac0e1566d6b0724c to remote] DEBUG org.asynchttpclient.netty.request.NettyRequestSender - Using pooled Channel '[id: 0xd8abf313, L:/127.0.0.1:49713 - R:localhost/127.0.0.1:59445]' for 'POST' to 'http://localhost:59445/session/39cfb99c71b51081ac0e1566d6b0724c/element'
18:27:19.070 [Forwarding findElement on session 39cfb99c71b51081ac0e1566d6b0724c to remote] DEBUG org.asynchttpclient.netty.request.NettyRequestSender - Using open Channel [id: 0xd8abf313, L:/127.0.0.1:49713 - R:localhost/127.0.0.1:59445] for POST '/session/39cfb99c71b51081ac0e1566d6b0724c/element'
18:27:19.083 [AsyncHttpClient-1-9] DEBUG org.asynchttpclient.netty.handler.HttpHandler - 

Request DefaultHttpRequest(decodeResult: success, version: HTTP/1.1)
POST /session/39cfb99c71b51081ac0e1566d6b0724c/element HTTP/1.1
User-Agent: selenium/4.1.4 (java windows)
Content-Length: 70
Content-Type: application/json; charset=utf-8
host: localhost:59445
accept: */*

Response DefaultHttpResponse(decodeResult: success, version: HTTP/1.1)
HTTP/1.1 200 OK
Content-Type: application/json; charset=utf-8
cache-control: no-cache
content-length: 88

18:27:19.083 [AsyncHttpClient-1-9] DEBUG org.asynchttpclient.netty.channel.ChannelManager - Adding key: http://localhost:59445 for channel [id: 0xd8abf313, L:/127.0.0.1:49713 - R:localhost/127.0.0.1:59445]
18:27:19.085 [Forwarding sendKeysToElement on session 39cfb99c71b51081ac0e1566d6b0724c to remote] DEBUG org.asynchttpclient.netty.request.NettyRequestSender - Using pooled Channel '[id: 0xd8abf313, L:/127.0.0.1:49713 - R:localhost/127.0.0.1:59445]' for 'POST' to 'http://localhost:59445/session/39cfb99c71b51081ac0e1566d6b0724c/element/efadf5cc-2fbe-4802-9011-3ff74fa06d91/value'
18:27:19.085 [Forwarding sendKeysToElement on session 39cfb99c71b51081ac0e1566d6b0724c to remote] DEBUG org.asynchttpclient.netty.request.NettyRequestSender - Using open Channel [id: 0xd8abf313, L:/127.0.0.1:49713 - R:localhost/127.0.0.1:59445] for POST '/session/39cfb99c71b51081ac0e1566d6b0724c/element/efadf5cc-2fbe-4802-9011-3ff74fa06d91/value'
18:27:19.157 [AsyncHttpClient-1-9] DEBUG org.asynchttpclient.netty.handler.HttpHandler - 

Request DefaultHttpRequest(decodeResult: success, version: HTTP/1.1)
POST /session/39cfb99c71b51081ac0e1566d6b0724c/element/efadf5cc-2fbe-4802-9011-3ff74fa06d91/value HTTP/1.1
User-Agent: selenium/4.1.4 (java windows)
Content-Length: 161
Content-Type: application/json; charset=utf-8
host: localhost:59445
accept: */*

Response DefaultHttpResponse(decodeResult: success, version: HTTP/1.1)
HTTP/1.1 200 OK
Content-Type: application/json; charset=utf-8
cache-control: no-cache
content-length: 14

18:27:19.157 [AsyncHttpClient-1-9] DEBUG org.asynchttpclient.netty.channel.ChannelManager - Adding key: http://localhost:59445 for channel [id: 0xd8abf313, L:/127.0.0.1:49713 - R:localhost/127.0.0.1:59445]
18:27:19.160 [Forwarding screenshot on session 39cfb99c71b51081ac0e1566d6b0724c to remote] DEBUG org.asynchttpclient.netty.request.NettyRequestSender - Using pooled Channel '[id: 0xd8abf313, L:/127.0.0.1:49713 - R:localhost/127.0.0.1:59445]' for 'GET' to 'http://localhost:59445/session/39cfb99c71b51081ac0e1566d6b0724c/screenshot'
18:27:19.160 [Forwarding screenshot on session 39cfb99c71b51081ac0e1566d6b0724c to remote] DEBUG org.asynchttpclient.netty.request.NettyRequestSender - Using open Channel [id: 0xd8abf313, L:/127.0.0.1:49713 - R:localhost/127.0.0.1:59445] for GET '/session/39cfb99c71b51081ac0e1566d6b0724c/screenshot'
18:27:19.349 [AsyncHttpClient-1-9] DEBUG org.asynchttpclient.netty.handler.HttpHandler - 

Request DefaultFullHttpRequest(decodeResult: success, version: HTTP/1.1, content: EmptyByteBufBE)
GET /session/39cfb99c71b51081ac0e1566d6b0724c/screenshot HTTP/1.1
User-Agent: selenium/4.1.4 (java windows)
Cache-Control: no-cache
Content-Type: application/json; charset=utf-8
host: localhost:59445
accept: */*

Response DefaultHttpResponse(decodeResult: success, version: HTTP/1.1)
HTTP/1.1 200 OK
Content-Type: application/json; charset=utf-8
cache-control: no-cache
content-length: 377580

18:27:19.350 [AsyncHttpClient-1-9] DEBUG org.asynchttpclient.netty.channel.ChannelManager - Adding key: http://localhost:59445 for channel [id: 0xd8abf313, L:/127.0.0.1:49713 - R:localhost/127.0.0.1:59445]
18:27:19.355 [main] DEBUG net.serenitybdd.core.photography.Darkroom - Send negative for processing for target\site\serenity\44fa0aa493cf3a3837a7fab79c30bded8f584eda85d2cfd055a7ef5b4e3f0a4a.png
18:27:19.355 [main] DEBUG net.thucydides.core.steps.StepInterceptor - STEP DONE: inputPasswordLogin
  &amp#27;[32mAnd &amp#27;[0m&amp#27;[32mI input &amp#27;[0m&amp#27;[32m&amp#27;[1m"admin123"&amp#27;[0m&amp#27;[32m login password valid&amp#27;[0m                                  &amp#27;[90m# starter.stepdefinitios.LoginSteps.iInputLoginPasswordValid(java.lang.String)&amp#27;[0m
18:27:19.367 [main] DEBUG net.thucydides.core.steps.StepInterceptor - STARTING STEP: LoginSteps.iClickButtonLogin - clickButtonLogin
18:27:19.367 [Forwarding findElement on session 39cfb99c71b51081ac0e1566d6b0724c to remote] DEBUG org.asynchttpclient.netty.request.NettyRequestSender - Using pooled Channel '[id: 0xd8abf313, L:/127.0.0.1:49713 - R:localhost/127.0.0.1:59445]' for 'POST' to 'http://localhost:59445/session/39cfb99c71b51081ac0e1566d6b0724c/element'
18:27:19.367 [Forwarding findElement on session 39cfb99c71b51081ac0e1566d6b0724c to remote] DEBUG org.asynchttpclient.netty.request.NettyRequestSender - Using open Channel [id: 0xd8abf313, L:/127.0.0.1:49713 - R:localhost/127.0.0.1:59445] for POST '/session/39cfb99c71b51081ac0e1566d6b0724c/element'
18:27:19.384 [AsyncHttpClient-1-9] DEBUG org.asynchttpclient.netty.handler.HttpHandler - 

Request DefaultHttpRequest(decodeResult: success, version: HTTP/1.1)
POST /session/39cfb99c71b51081ac0e1566d6b0724c/element HTTP/1.1
User-Agent: selenium/4.1.4 (java windows)
Content-Length: 68
Content-Type: application/json; charset=utf-8
host: localhost:59445
accept: */*

Response DefaultHttpResponse(decodeResult: success, version: HTTP/1.1)
HTTP/1.1 200 OK
Content-Type: application/json; charset=utf-8
cache-control: no-cache
content-length: 88

18:27:19.384 [AsyncHttpClient-1-9] DEBUG org.asynchttpclient.netty.channel.ChannelManager - Adding key: http://localhost:59445 for channel [id: 0xd8abf313, L:/127.0.0.1:49713 - R:localhost/127.0.0.1:59445]
18:27:19.384 [Forwarding getElementTagName on session 39cfb99c71b51081ac0e1566d6b0724c to remote] DEBUG org.asynchttpclient.netty.request.NettyRequestSender - Using pooled Channel '[id: 0xd8abf313, L:/127.0.0.1:49713 - R:localhost/127.0.0.1:59445]' for 'GET' to 'http://localhost:59445/session/39cfb99c71b51081ac0e1566d6b0724c/element/daa8dbe5-a4c7-477a-b5f5-6061d7fbe8cb/name'
18:27:19.385 [Forwarding getElementTagName on session 39cfb99c71b51081ac0e1566d6b0724c to remote] DEBUG org.asynchttpclient.netty.request.NettyRequestSender - Using open Channel [id: 0xd8abf313, L:/127.0.0.1:49713 - R:localhost/127.0.0.1:59445] for GET '/session/39cfb99c71b51081ac0e1566d6b0724c/element/daa8dbe5-a4c7-477a-b5f5-6061d7fbe8cb/name'
18:27:19.388 [AsyncHttpClient-1-9] DEBUG org.asynchttpclient.netty.handler.HttpHandler - 

Request DefaultFullHttpRequest(decodeResult: success, version: HTTP/1.1, content: EmptyByteBufBE)
GET /session/39cfb99c71b51081ac0e1566d6b0724c/element/daa8dbe5-a4c7-477a-b5f5-6061d7fbe8cb/name HTTP/1.1
User-Agent: selenium/4.1.4 (java windows)
Cache-Control: no-cache
Content-Type: application/json; charset=utf-8
host: localhost:59445
accept: */*

Response DefaultHttpResponse(decodeResult: success, version: HTTP/1.1)
HTTP/1.1 200 OK
Content-Type: application/json; charset=utf-8
cache-control: no-cache
content-length: 18

18:27:19.388 [AsyncHttpClient-1-9] DEBUG org.asynchttpclient.netty.channel.ChannelManager - Adding key: http://localhost:59445 for channel [id: 0xd8abf313, L:/127.0.0.1:49713 - R:localhost/127.0.0.1:59445]
18:27:19.389 [Forwarding getElementTagName on session 39cfb99c71b51081ac0e1566d6b0724c to remote] DEBUG org.asynchttpclient.netty.request.NettyRequestSender - Using pooled Channel '[id: 0xd8abf313, L:/127.0.0.1:49713 - R:localhost/127.0.0.1:59445]' for 'GET' to 'http://localhost:59445/session/39cfb99c71b51081ac0e1566d6b0724c/element/daa8dbe5-a4c7-477a-b5f5-6061d7fbe8cb/name'
18:27:19.389 [Forwarding getElementTagName on session 39cfb99c71b51081ac0e1566d6b0724c to remote] DEBUG org.asynchttpclient.netty.request.NettyRequestSender - Using open Channel [id: 0xd8abf313, L:/127.0.0.1:49713 - R:localhost/127.0.0.1:59445] for GET '/session/39cfb99c71b51081ac0e1566d6b0724c/element/daa8dbe5-a4c7-477a-b5f5-6061d7fbe8cb/name'
18:27:19.392 [AsyncHttpClient-1-9] DEBUG org.asynchttpclient.netty.handler.HttpHandler - 

Request DefaultFullHttpRequest(decodeResult: success, version: HTTP/1.1, content: EmptyByteBufBE)
GET /session/39cfb99c71b51081ac0e1566d6b0724c/element/daa8dbe5-a4c7-477a-b5f5-6061d7fbe8cb/name HTTP/1.1
User-Agent: selenium/4.1.4 (java windows)
Cache-Control: no-cache
Content-Type: application/json; charset=utf-8
host: localhost:59445
accept: */*

Response DefaultHttpResponse(decodeResult: success, version: HTTP/1.1)
HTTP/1.1 200 OK
Content-Type: application/json; charset=utf-8
cache-control: no-cache
content-length: 18

18:27:19.392 [AsyncHttpClient-1-9] DEBUG org.asynchttpclient.netty.channel.ChannelManager - Adding key: http://localhost:59445 for channel [id: 0xd8abf313, L:/127.0.0.1:49713 - R:localhost/127.0.0.1:59445]
18:27:19.393 [Forwarding isElementEnabled on session 39cfb99c71b51081ac0e1566d6b0724c to remote] DEBUG org.asynchttpclient.netty.request.NettyRequestSender - Using pooled Channel '[id: 0xd8abf313, L:/127.0.0.1:49713 - R:localhost/127.0.0.1:59445]' for 'GET' to 'http://localhost:59445/session/39cfb99c71b51081ac0e1566d6b0724c/element/daa8dbe5-a4c7-477a-b5f5-6061d7fbe8cb/enabled'
18:27:19.393 [Forwarding isElementEnabled on session 39cfb99c71b51081ac0e1566d6b0724c to remote] DEBUG org.asynchttpclient.netty.request.NettyRequestSender - Using open Channel [id: 0xd8abf313, L:/127.0.0.1:49713 - R:localhost/127.0.0.1:59445] for GET '/session/39cfb99c71b51081ac0e1566d6b0724c/element/daa8dbe5-a4c7-477a-b5f5-6061d7fbe8cb/enabled'
18:27:19.401 [AsyncHttpClient-1-9] DEBUG org.asynchttpclient.netty.handler.HttpHandler - 

Request DefaultFullHttpRequest(decodeResult: success, version: HTTP/1.1, content: EmptyByteBufBE)
GET /session/39cfb99c71b51081ac0e1566d6b0724c/element/daa8dbe5-a4c7-477a-b5f5-6061d7fbe8cb/enabled HTTP/1.1
User-Agent: selenium/4.1.4 (java windows)
Cache-Control: no-cache
Content-Type: application/json; charset=utf-8
host: localhost:59445
accept: */*

Response DefaultHttpResponse(decodeResult: success, version: HTTP/1.1)
HTTP/1.1 200 OK
Content-Type: application/json; charset=utf-8
cache-control: no-cache
content-length: 14

18:27:19.402 [AsyncHttpClient-1-9] DEBUG org.asynchttpclient.netty.channel.ChannelManager - Adding key: http://localhost:59445 for channel [id: 0xd8abf313, L:/127.0.0.1:49713 - R:localhost/127.0.0.1:59445]
18:27:19.403 [Forwarding isElementEnabled on session 39cfb99c71b51081ac0e1566d6b0724c to remote] DEBUG org.asynchttpclient.netty.request.NettyRequestSender - Using pooled Channel '[id: 0xd8abf313, L:/127.0.0.1:49713 - R:localhost/127.0.0.1:59445]' for 'GET' to 'http://localhost:59445/session/39cfb99c71b51081ac0e1566d6b0724c/element/daa8dbe5-a4c7-477a-b5f5-6061d7fbe8cb/enabled'
18:27:19.403 [Forwarding isElementEnabled on session 39cfb99c71b51081ac0e1566d6b0724c to remote] DEBUG org.asynchttpclient.netty.request.NettyRequestSender - Using open Channel [id: 0xd8abf313, L:/127.0.0.1:49713 - R:localhost/127.0.0.1:59445] for GET '/session/39cfb99c71b51081ac0e1566d6b0724c/element/daa8dbe5-a4c7-477a-b5f5-6061d7fbe8cb/enabled'
18:27:19.476 [AsyncHttpClient-1-9] DEBUG org.asynchttpclient.netty.handler.HttpHandler - 

Request DefaultFullHttpRequest(decodeResult: success, version: HTTP/1.1, content: EmptyByteBufBE)
GET /session/39cfb99c71b51081ac0e1566d6b0724c/element/daa8dbe5-a4c7-477a-b5f5-6061d7fbe8cb/enabled HTTP/1.1
User-Agent: selenium/4.1.4 (java windows)
Cache-Control: no-cache
Content-Type: application/json; charset=utf-8
host: localhost:59445
accept: */*

Response DefaultHttpResponse(decodeResult: success, version: HTTP/1.1)
HTTP/1.1 200 OK
Content-Type: application/json; charset=utf-8
cache-control: no-cache
content-length: 14

18:27:19.476 [AsyncHttpClient-1-9] DEBUG org.asynchttpclient.netty.channel.ChannelManager - Adding key: http://localhost:59445 for channel [id: 0xd8abf313, L:/127.0.0.1:49713 - R:localhost/127.0.0.1:59445]
18:27:19.479 [Forwarding findElement on session 39cfb99c71b51081ac0e1566d6b0724c to remote] DEBUG org.asynchttpclient.netty.request.NettyRequestSender - Using pooled Channel '[id: 0xd8abf313, L:/127.0.0.1:49713 - R:localhost/127.0.0.1:59445]' for 'POST' to 'http://localhost:59445/session/39cfb99c71b51081ac0e1566d6b0724c/element'
18:27:19.479 [Forwarding findElement on session 39cfb99c71b51081ac0e1566d6b0724c to remote] DEBUG org.asynchttpclient.netty.request.NettyRequestSender - Using open Channel [id: 0xd8abf313, L:/127.0.0.1:49713 - R:localhost/127.0.0.1:59445] for POST '/session/39cfb99c71b51081ac0e1566d6b0724c/element'
18:27:19.490 [AsyncHttpClient-1-9] DEBUG org.asynchttpclient.netty.handler.HttpHandler - 

Request DefaultHttpRequest(decodeResult: success, version: HTTP/1.1)
POST /session/39cfb99c71b51081ac0e1566d6b0724c/element HTTP/1.1
User-Agent: selenium/4.1.4 (java windows)
Content-Length: 68
Content-Type: application/json; charset=utf-8
host: localhost:59445
accept: */*

Response DefaultHttpResponse(decodeResult: success, version: HTTP/1.1)
HTTP/1.1 200 OK
Content-Type: application/json; charset=utf-8
cache-control: no-cache
content-length: 88

18:27:19.491 [AsyncHttpClient-1-9] DEBUG org.asynchttpclient.netty.channel.ChannelManager - Adding key: http://localhost:59445 for channel [id: 0xd8abf313, L:/127.0.0.1:49713 - R:localhost/127.0.0.1:59445]
18:27:19.492 [Forwarding clickElement on session 39cfb99c71b51081ac0e1566d6b0724c to remote] DEBUG org.asynchttpclient.netty.request.NettyRequestSender - Using pooled Channel '[id: 0xd8abf313, L:/127.0.0.1:49713 - R:localhost/127.0.0.1:59445]' for 'POST' to 'http://localhost:59445/session/39cfb99c71b51081ac0e1566d6b0724c/element/daa8dbe5-a4c7-477a-b5f5-6061d7fbe8cb/click'
18:27:19.492 [Forwarding clickElement on session 39cfb99c71b51081ac0e1566d6b0724c to remote] DEBUG org.asynchttpclient.netty.request.NettyRequestSender - Using open Channel [id: 0xd8abf313, L:/127.0.0.1:49713 - R:localhost/127.0.0.1:59445] for POST '/session/39cfb99c71b51081ac0e1566d6b0724c/element/daa8dbe5-a4c7-477a-b5f5-6061d7fbe8cb/click'
18:27:19.561 [AsyncHttpClient-1-9] DEBUG org.asynchttpclient.netty.handler.HttpHandler - 

Request DefaultHttpRequest(decodeResult: success, version: HTTP/1.1)
POST /session/39cfb99c71b51081ac0e1566d6b0724c/element/daa8dbe5-a4c7-477a-b5f5-6061d7fbe8cb/click HTTP/1.1
User-Agent: selenium/4.1.4 (java windows)
Content-Length: 50
Content-Type: application/json; charset=utf-8
host: localhost:59445
accept: */*

Response DefaultHttpResponse(decodeResult: success, version: HTTP/1.1)
HTTP/1.1 200 OK
Content-Type: application/json; charset=utf-8
cache-control: no-cache
content-length: 14

18:27:19.561 [AsyncHttpClient-1-9] DEBUG org.asynchttpclient.netty.channel.ChannelManager - Adding key: http://localhost:59445 for channel [id: 0xd8abf313, L:/127.0.0.1:49713 - R:localhost/127.0.0.1:59445]
18:27:19.567 [Forwarding screenshot on session 39cfb99c71b51081ac0e1566d6b0724c to remote] DEBUG org.asynchttpclient.netty.request.NettyRequestSender - Using pooled Channel '[id: 0xd8abf313, L:/127.0.0.1:49713 - R:localhost/127.0.0.1:59445]' for 'GET' to 'http://localhost:59445/session/39cfb99c71b51081ac0e1566d6b0724c/screenshot'
18:27:19.567 [Forwarding screenshot on session 39cfb99c71b51081ac0e1566d6b0724c to remote] DEBUG org.asynchttpclient.netty.request.NettyRequestSender - Using open Channel [id: 0xd8abf313, L:/127.0.0.1:49713 - R:localhost/127.0.0.1:59445] for GET '/session/39cfb99c71b51081ac0e1566d6b0724c/screenshot'
18:27:19.645 [AsyncHttpClient-1-1] DEBUG org.asynchttpclient.netty.channel.DefaultChannelPool - Entry count for : http://localhost:49714 : 1
18:27:19.878 [AsyncHttpClient-1-9] DEBUG org.asynchttpclient.netty.handler.HttpHandler - 

Request DefaultFullHttpRequest(decodeResult: success, version: HTTP/1.1, content: EmptyByteBufBE)
GET /session/39cfb99c71b51081ac0e1566d6b0724c/screenshot HTTP/1.1
User-Agent: selenium/4.1.4 (java windows)
Cache-Control: no-cache
Content-Type: application/json; charset=utf-8
host: localhost:59445
accept: */*

Response DefaultHttpResponse(decodeResult: success, version: HTTP/1.1)
HTTP/1.1 200 OK
Content-Type: application/json; charset=utf-8
cache-control: no-cache
content-length: 342712

18:27:19.878 [AsyncHttpClient-1-9] DEBUG org.asynchttpclient.netty.channel.ChannelManager - Adding key: http://localhost:59445 for channel [id: 0xd8abf313, L:/127.0.0.1:49713 - R:localhost/127.0.0.1:59445]
18:27:19.890 [main] DEBUG net.serenitybdd.core.photography.Darkroom - Send negative for processing for target\site\serenity\17efa9b7f3d211053fc30ce34e6bde33a7a789fc95346b6342394c8d7e9f317f.png
18:27:19.890 [main] DEBUG net.thucydides.core.steps.StepInterceptor - STEP DONE: clickButtonLogin
18:27:19.890 [Darkroom Processing Line] DEBUG net.serenitybdd.core.photography.DarkroomProcessingLine - Processing screenshot image in /var/screenshots/screenshot-6225240033693197090
18:27:19.891 [Darkroom Processing Line] DEBUG net.serenitybdd.core.photography.DarkroomProcessingLine - Saving screenshot to target\site\serenity\17efa9b7f3d211053fc30ce34e6bde33a7a789fc95346b6342394c8d7e9f317f.png
18:27:20.735 [AsyncHttpClient-1-1] DEBUG org.asynchttpclient.netty.channel.DefaultChannelPool - Entry count for : http://localhost:59445 : 1
18:27:20.735 [AsyncHttpClient-1-1] DEBUG org.asynchttpclient.netty.channel.DefaultChannelPool - Entry count for : http://localhost:49714 : 1
  &amp#27;[32mAnd &amp#27;[0m&amp#27;[32mI click button login&amp#27;[0m                                                     &amp#27;[90m# starter.stepdefinitios.LoginSteps.iClickButtonLogin()&amp#27;[0m
18:27:20.895 [Forwarding screenshot on session 39cfb99c71b51081ac0e1566d6b0724c to remote] DEBUG org.asynchttpclient.netty.request.NettyRequestSender - Using pooled Channel '[id: 0xd8abf313, L:/127.0.0.1:49713 - R:localhost/127.0.0.1:59445]' for 'GET' to 'http://localhost:59445/session/39cfb99c71b51081ac0e1566d6b0724c/screenshot'
18:27:20.895 [Forwarding screenshot on session 39cfb99c71b51081ac0e1566d6b0724c to remote] DEBUG org.asynchttpclient.netty.request.NettyRequestSender - Using open Channel [id: 0xd8abf313, L:/127.0.0.1:49713 - R:localhost/127.0.0.1:59445] for GET '/session/39cfb99c71b51081ac0e1566d6b0724c/screenshot'
18:27:21.136 [AsyncHttpClient-1-9] DEBUG org.asynchttpclient.netty.handler.HttpHandler - 

Request DefaultFullHttpRequest(decodeResult: success, version: HTTP/1.1, content: EmptyByteBufBE)
GET /session/39cfb99c71b51081ac0e1566d6b0724c/screenshot HTTP/1.1
User-Agent: selenium/4.1.4 (java windows)
Cache-Control: no-cache
Content-Type: application/json; charset=utf-8
host: localhost:59445
accept: */*

Response DefaultHttpResponse(decodeResult: success, version: HTTP/1.1)
HTTP/1.1 200 OK
Content-Type: application/json; charset=utf-8
cache-control: no-cache
content-length: 313128

18:27:21.139 [AsyncHttpClient-1-9] DEBUG org.asynchttpclient.netty.channel.ChannelManager - Adding key: http://localhost:59445 for channel [id: 0xd8abf313, L:/127.0.0.1:49713 - R:localhost/127.0.0.1:59445]
18:27:21.187 [main] DEBUG net.serenitybdd.core.photography.Darkroom - Send negative for processing for target\site\serenity\af395c3315bb3603f3c52a389a45dfbd8f6a1207057798901afbe2662ada6481.png
18:27:21.187 [Darkroom Processing Line] DEBUG net.serenitybdd.core.photography.DarkroomProcessingLine - Processing screenshot image in /var/screenshots/screenshot-10131152851046983421
18:27:21.187 [Darkroom Processing Line] DEBUG net.serenitybdd.core.photography.DarkroomProcessingLine - Saving screenshot to target\site\serenity\af395c3315bb3603f3c52a389a45dfbd8f6a1207057798901afbe2662ada6481.png
18:27:21.835 [AsyncHttpClient-1-1] DEBUG org.asynchttpclient.netty.channel.DefaultChannelPool - Entry count for : http://localhost:59445 : 1
18:27:21.835 [AsyncHttpClient-1-1] DEBUG org.asynchttpclient.netty.channel.DefaultChannelPool - Entry count for : http://localhost:49714 : 1
18:27:22.942 [AsyncHttpClient-1-1] DEBUG org.asynchttpclient.netty.channel.DefaultChannelPool - Entry count for : http://localhost:59445 : 1
18:27:22.942 [AsyncHttpClient-1-1] DEBUG org.asynchttpclient.netty.channel.DefaultChannelPool - Entry count for : http://localhost:49714 : 1
18:27:24.047 [AsyncHttpClient-1-1] DEBUG org.asynchttpclient.netty.channel.DefaultChannelPool - Entry count for : http://localhost:59445 : 1
18:27:24.047 [AsyncHttpClient-1-1] DEBUG org.asynchttpclient.netty.channel.DefaultChannelPool - Entry count for : http://localhost:49714 : 1
18:27:25.137 [AsyncHttpClient-1-1] DEBUG org.asynchttpclient.netty.channel.DefaultChannelPool - Entry count for : http://localhost:59445 : 1
18:27:25.137 [AsyncHttpClient-1-1] DEBUG org.asynchttpclient.netty.channel.DefaultChannelPool - Entry count for : http://localhost:49714 : 1
18:27:26.200 [Forwarding findElement on session 39cfb99c71b51081ac0e1566d6b0724c to remote] DEBUG org.asynchttpclient.netty.request.NettyRequestSender - Using pooled Channel '[id: 0xd8abf313, L:/127.0.0.1:49713 - R:localhost/127.0.0.1:59445]' for 'POST' to 'http://localhost:59445/session/39cfb99c71b51081ac0e1566d6b0724c/element'
18:27:26.200 [Forwarding findElement on session 39cfb99c71b51081ac0e1566d6b0724c to remote] DEBUG org.asynchttpclient.netty.request.NettyRequestSender - Using open Channel [id: 0xd8abf313, L:/127.0.0.1:49713 - R:localhost/127.0.0.1:59445] for POST '/session/39cfb99c71b51081ac0e1566d6b0724c/element'
18:27:26.213 [AsyncHttpClient-1-9] DEBUG org.asynchttpclient.netty.handler.HttpHandler - 

Request DefaultHttpRequest(decodeResult: success, version: HTTP/1.1)
POST /session/39cfb99c71b51081ac0e1566d6b0724c/element HTTP/1.1
User-Agent: selenium/4.1.4 (java windows)
Content-Length: 68
Content-Type: application/json; charset=utf-8
host: localhost:59445
accept: */*

Response DefaultHttpResponse(decodeResult: success, version: HTTP/1.1)
HTTP/1.1 200 OK
Content-Type: application/json; charset=utf-8
cache-control: no-cache
content-length: 88

18:27:26.214 [AsyncHttpClient-1-9] DEBUG org.asynchttpclient.netty.channel.ChannelManager - Adding key: http://localhost:59445 for channel [id: 0xd8abf313, L:/127.0.0.1:49713 - R:localhost/127.0.0.1:59445]
18:27:26.215 [Forwarding isElementEnabled on session 39cfb99c71b51081ac0e1566d6b0724c to remote] DEBUG org.asynchttpclient.netty.request.NettyRequestSender - Using pooled Channel '[id: 0xd8abf313, L:/127.0.0.1:49713 - R:localhost/127.0.0.1:59445]' for 'GET' to 'http://localhost:59445/session/39cfb99c71b51081ac0e1566d6b0724c/element/91bad105-43bf-4415-a4d3-00bd6ca7f436/enabled'
18:27:26.215 [Forwarding isElementEnabled on session 39cfb99c71b51081ac0e1566d6b0724c to remote] DEBUG org.asynchttpclient.netty.request.NettyRequestSender - Using open Channel [id: 0xd8abf313, L:/127.0.0.1:49713 - R:localhost/127.0.0.1:59445] for GET '/session/39cfb99c71b51081ac0e1566d6b0724c/element/91bad105-43bf-4415-a4d3-00bd6ca7f436/enabled'
18:27:26.224 [AsyncHttpClient-1-9] DEBUG org.asynchttpclient.netty.handler.HttpHandler - 

Request DefaultFullHttpRequest(decodeResult: success, version: HTTP/1.1, content: EmptyByteBufBE)
GET /session/39cfb99c71b51081ac0e1566d6b0724c/element/91bad105-43bf-4415-a4d3-00bd6ca7f436/enabled HTTP/1.1
User-Agent: selenium/4.1.4 (java windows)
Cache-Control: no-cache
Content-Type: application/json; charset=utf-8
host: localhost:59445
accept: */*

Response DefaultHttpResponse(decodeResult: success, version: HTTP/1.1)
HTTP/1.1 200 OK
Content-Type: application/json; charset=utf-8
cache-control: no-cache
content-length: 14

18:27:26.224 [AsyncHttpClient-1-9] DEBUG org.asynchttpclient.netty.channel.ChannelManager - Adding key: http://localhost:59445 for channel [id: 0xd8abf313, L:/127.0.0.1:49713 - R:localhost/127.0.0.1:59445]
18:27:26.248 [AsyncHttpClient-1-1] DEBUG org.asynchttpclient.netty.channel.DefaultChannelPool - Entry count for : http://localhost:59445 : 1
18:27:26.248 [AsyncHttpClient-1-1] DEBUG org.asynchttpclient.netty.channel.DefaultChannelPool - Entry count for : http://localhost:49714 : 1
18:27:26.825 [Forwarding screenshot on session 39cfb99c71b51081ac0e1566d6b0724c to remote] DEBUG org.asynchttpclient.netty.request.NettyRequestSender - Using pooled Channel '[id: 0xd8abf313, L:/127.0.0.1:49713 - R:localhost/127.0.0.1:59445]' for 'GET' to 'http://localhost:59445/session/39cfb99c71b51081ac0e1566d6b0724c/screenshot'
18:27:26.825 [Forwarding screenshot on session 39cfb99c71b51081ac0e1566d6b0724c to remote] DEBUG org.asynchttpclient.netty.request.NettyRequestSender - Using open Channel [id: 0xd8abf313, L:/127.0.0.1:49713 - R:localhost/127.0.0.1:59445] for GET '/session/39cfb99c71b51081ac0e1566d6b0724c/screenshot'
18:27:27.135 [AsyncHttpClient-1-9] DEBUG org.asynchttpclient.netty.handler.HttpHandler - 

Request DefaultFullHttpRequest(decodeResult: success, version: HTTP/1.1, content: EmptyByteBufBE)
GET /session/39cfb99c71b51081ac0e1566d6b0724c/screenshot HTTP/1.1
User-Agent: selenium/4.1.4 (java windows)
Cache-Control: no-cache
Content-Type: application/json; charset=utf-8
host: localhost:59445
accept: */*

Response DefaultHttpResponse(decodeResult: success, version: HTTP/1.1)
HTTP/1.1 200 OK
Content-Type: application/json; charset=utf-8
cache-control: no-cache
content-length: 301024

18:27:27.135 [AsyncHttpClient-1-9] DEBUG org.asynchttpclient.netty.channel.ChannelManager - Adding key: http://localhost:59445 for channel [id: 0xd8abf313, L:/127.0.0.1:49713 - R:localhost/127.0.0.1:59445]
18:27:27.148 [main] DEBUG net.serenitybdd.core.photography.Darkroom - Send negative for processing for target\site\serenity\b9325ebdf0ce4c755e78383a5c5646164986e79d8ea2f84a29f7fdaad357ae85.png
18:27:27.149 [main] DEBUG net.thucydides.core.steps.StepInterceptor - STARTING STEP: LoginSteps.loginValidationInvalid - clickButtonErrorOK
18:27:27.150 [Darkroom Processing Line] DEBUG net.serenitybdd.core.photography.DarkroomProcessingLine - Processing screenshot image in /var/screenshots/screenshot-10545152826799864266
18:27:27.150 [Darkroom Processing Line] DEBUG net.serenitybdd.core.photography.DarkroomProcessingLine - Saving screenshot to target\site\serenity\b9325ebdf0ce4c755e78383a5c5646164986e79d8ea2f84a29f7fdaad357ae85.png
18:27:27.152 [Forwarding findElement on session 39cfb99c71b51081ac0e1566d6b0724c to remote] DEBUG org.asynchttpclient.netty.request.NettyRequestSender - Using pooled Channel '[id: 0xd8abf313, L:/127.0.0.1:49713 - R:localhost/127.0.0.1:59445]' for 'POST' to 'http://localhost:59445/session/39cfb99c71b51081ac0e1566d6b0724c/element'
18:27:27.153 [Forwarding findElement on session 39cfb99c71b51081ac0e1566d6b0724c to remote] DEBUG org.asynchttpclient.netty.request.NettyRequestSender - Using open Channel [id: 0xd8abf313, L:/127.0.0.1:49713 - R:localhost/127.0.0.1:59445] for POST '/session/39cfb99c71b51081ac0e1566d6b0724c/element'
18:27:27.163 [AsyncHttpClient-1-9] DEBUG org.asynchttpclient.netty.handler.HttpHandler - 

Request DefaultHttpRequest(decodeResult: success, version: HTTP/1.1)
POST /session/39cfb99c71b51081ac0e1566d6b0724c/element HTTP/1.1
User-Agent: selenium/4.1.4 (java windows)
Content-Length: 88
Content-Type: application/json; charset=utf-8
host: localhost:59445
accept: */*

Response DefaultHttpResponse(decodeResult: success, version: HTTP/1.1)
HTTP/1.1 200 OK
Content-Type: application/json; charset=utf-8
cache-control: no-cache
content-length: 88

18:27:27.164 [AsyncHttpClient-1-9] DEBUG org.asynchttpclient.netty.channel.ChannelManager - Adding key: http://localhost:59445 for channel [id: 0xd8abf313, L:/127.0.0.1:49713 - R:localhost/127.0.0.1:59445]
18:27:27.165 [Forwarding getElementTagName on session 39cfb99c71b51081ac0e1566d6b0724c to remote] DEBUG org.asynchttpclient.netty.request.NettyRequestSender - Using pooled Channel '[id: 0xd8abf313, L:/127.0.0.1:49713 - R:localhost/127.0.0.1:59445]' for 'GET' to 'http://localhost:59445/session/39cfb99c71b51081ac0e1566d6b0724c/element/b396367b-11ac-4673-be5c-6e9d6f8a4af4/name'
18:27:27.165 [Forwarding getElementTagName on session 39cfb99c71b51081ac0e1566d6b0724c to remote] DEBUG org.asynchttpclient.netty.request.NettyRequestSender - Using open Channel [id: 0xd8abf313, L:/127.0.0.1:49713 - R:localhost/127.0.0.1:59445] for GET '/session/39cfb99c71b51081ac0e1566d6b0724c/element/b396367b-11ac-4673-be5c-6e9d6f8a4af4/name'
18:27:27.169 [AsyncHttpClient-1-9] DEBUG org.asynchttpclient.netty.handler.HttpHandler - 

Request DefaultFullHttpRequest(decodeResult: success, version: HTTP/1.1, content: EmptyByteBufBE)
GET /session/39cfb99c71b51081ac0e1566d6b0724c/element/b396367b-11ac-4673-be5c-6e9d6f8a4af4/name HTTP/1.1
User-Agent: selenium/4.1.4 (java windows)
Cache-Control: no-cache
Content-Type: application/json; charset=utf-8
host: localhost:59445
accept: */*

Response DefaultHttpResponse(decodeResult: success, version: HTTP/1.1)
HTTP/1.1 200 OK
Content-Type: application/json; charset=utf-8
cache-control: no-cache
content-length: 18

18:27:27.169 [AsyncHttpClient-1-9] DEBUG org.asynchttpclient.netty.channel.ChannelManager - Adding key: http://localhost:59445 for channel [id: 0xd8abf313, L:/127.0.0.1:49713 - R:localhost/127.0.0.1:59445]
18:27:27.170 [Forwarding getElementTagName on session 39cfb99c71b51081ac0e1566d6b0724c to remote] DEBUG org.asynchttpclient.netty.request.NettyRequestSender - Using pooled Channel '[id: 0xd8abf313, L:/127.0.0.1:49713 - R:localhost/127.0.0.1:59445]' for 'GET' to 'http://localhost:59445/session/39cfb99c71b51081ac0e1566d6b0724c/element/b396367b-11ac-4673-be5c-6e9d6f8a4af4/name'
18:27:27.170 [Forwarding getElementTagName on session 39cfb99c71b51081ac0e1566d6b0724c to remote] DEBUG org.asynchttpclient.netty.request.NettyRequestSender - Using open Channel [id: 0xd8abf313, L:/127.0.0.1:49713 - R:localhost/127.0.0.1:59445] for GET '/session/39cfb99c71b51081ac0e1566d6b0724c/element/b396367b-11ac-4673-be5c-6e9d6f8a4af4/name'
18:27:27.173 [AsyncHttpClient-1-9] DEBUG org.asynchttpclient.netty.handler.HttpHandler - 

Request DefaultFullHttpRequest(decodeResult: success, version: HTTP/1.1, content: EmptyByteBufBE)
GET /session/39cfb99c71b51081ac0e1566d6b0724c/element/b396367b-11ac-4673-be5c-6e9d6f8a4af4/name HTTP/1.1
User-Agent: selenium/4.1.4 (java windows)
Cache-Control: no-cache
Content-Type: application/json; charset=utf-8
host: localhost:59445
accept: */*

Response DefaultHttpResponse(decodeResult: success, version: HTTP/1.1)
HTTP/1.1 200 OK
Content-Type: application/json; charset=utf-8
cache-control: no-cache
content-length: 18

18:27:27.173 [AsyncHttpClient-1-9] DEBUG org.asynchttpclient.netty.channel.ChannelManager - Adding key: http://localhost:59445 for channel [id: 0xd8abf313, L:/127.0.0.1:49713 - R:localhost/127.0.0.1:59445]
18:27:27.174 [Forwarding isElementEnabled on session 39cfb99c71b51081ac0e1566d6b0724c to remote] DEBUG org.asynchttpclient.netty.request.NettyRequestSender - Using pooled Channel '[id: 0xd8abf313, L:/127.0.0.1:49713 - R:localhost/127.0.0.1:59445]' for 'GET' to 'http://localhost:59445/session/39cfb99c71b51081ac0e1566d6b0724c/element/b396367b-11ac-4673-be5c-6e9d6f8a4af4/enabled'
18:27:27.174 [Forwarding isElementEnabled on session 39cfb99c71b51081ac0e1566d6b0724c to remote] DEBUG org.asynchttpclient.netty.request.NettyRequestSender - Using open Channel [id: 0xd8abf313, L:/127.0.0.1:49713 - R:localhost/127.0.0.1:59445] for GET '/session/39cfb99c71b51081ac0e1566d6b0724c/element/b396367b-11ac-4673-be5c-6e9d6f8a4af4/enabled'
18:27:27.184 [AsyncHttpClient-1-9] DEBUG org.asynchttpclient.netty.handler.HttpHandler - 

Request DefaultFullHttpRequest(decodeResult: success, version: HTTP/1.1, content: EmptyByteBufBE)
GET /session/39cfb99c71b51081ac0e1566d6b0724c/element/b396367b-11ac-4673-be5c-6e9d6f8a4af4/enabled HTTP/1.1
User-Agent: selenium/4.1.4 (java windows)
Cache-Control: no-cache
Content-Type: application/json; charset=utf-8
host: localhost:59445
accept: */*

Response DefaultHttpResponse(decodeResult: success, version: HTTP/1.1)
HTTP/1.1 200 OK
Content-Type: application/json; charset=utf-8
cache-control: no-cache
content-length: 14

18:27:27.185 [AsyncHttpClient-1-9] DEBUG org.asynchttpclient.netty.channel.ChannelManager - Adding key: http://localhost:59445 for channel [id: 0xd8abf313, L:/127.0.0.1:49713 - R:localhost/127.0.0.1:59445]
18:27:27.185 [Forwarding isElementEnabled on session 39cfb99c71b51081ac0e1566d6b0724c to remote] DEBUG org.asynchttpclient.netty.request.NettyRequestSender - Using pooled Channel '[id: 0xd8abf313, L:/127.0.0.1:49713 - R:localhost/127.0.0.1:59445]' for 'GET' to 'http://localhost:59445/session/39cfb99c71b51081ac0e1566d6b0724c/element/b396367b-11ac-4673-be5c-6e9d6f8a4af4/enabled'
18:27:27.185 [Forwarding isElementEnabled on session 39cfb99c71b51081ac0e1566d6b0724c to remote] DEBUG org.asynchttpclient.netty.request.NettyRequestSender - Using open Channel [id: 0xd8abf313, L:/127.0.0.1:49713 - R:localhost/127.0.0.1:59445] for GET '/session/39cfb99c71b51081ac0e1566d6b0724c/element/b396367b-11ac-4673-be5c-6e9d6f8a4af4/enabled'
18:27:27.191 [AsyncHttpClient-1-9] DEBUG org.asynchttpclient.netty.handler.HttpHandler - 

Request DefaultFullHttpRequest(decodeResult: success, version: HTTP/1.1, content: EmptyByteBufBE)
GET /session/39cfb99c71b51081ac0e1566d6b0724c/element/b396367b-11ac-4673-be5c-6e9d6f8a4af4/enabled HTTP/1.1
User-Agent: selenium/4.1.4 (java windows)
Cache-Control: no-cache
Content-Type: application/json; charset=utf-8
host: localhost:59445
accept: */*

Response DefaultHttpResponse(decodeResult: success, version: HTTP/1.1)
HTTP/1.1 200 OK
Content-Type: application/json; charset=utf-8
cache-control: no-cache
content-length: 14

18:27:27.192 [AsyncHttpClient-1-9] DEBUG org.asynchttpclient.netty.channel.ChannelManager - Adding key: http://localhost:59445 for channel [id: 0xd8abf313, L:/127.0.0.1:49713 - R:localhost/127.0.0.1:59445]
18:27:27.192 [Forwarding findElement on session 39cfb99c71b51081ac0e1566d6b0724c to remote] DEBUG org.asynchttpclient.netty.request.NettyRequestSender - Using pooled Channel '[id: 0xd8abf313, L:/127.0.0.1:49713 - R:localhost/127.0.0.1:59445]' for 'POST' to 'http://localhost:59445/session/39cfb99c71b51081ac0e1566d6b0724c/element'
18:27:27.192 [Forwarding findElement on session 39cfb99c71b51081ac0e1566d6b0724c to remote] DEBUG org.asynchttpclient.netty.request.NettyRequestSender - Using open Channel [id: 0xd8abf313, L:/127.0.0.1:49713 - R:localhost/127.0.0.1:59445] for POST '/session/39cfb99c71b51081ac0e1566d6b0724c/element'
18:27:27.200 [AsyncHttpClient-1-9] DEBUG org.asynchttpclient.netty.handler.HttpHandler - 

Request DefaultHttpRequest(decodeResult: success, version: HTTP/1.1)
POST /session/39cfb99c71b51081ac0e1566d6b0724c/element HTTP/1.1
User-Agent: selenium/4.1.4 (java windows)
Content-Length: 88
Content-Type: application/json; charset=utf-8
host: localhost:59445
accept: */*

Response DefaultHttpResponse(decodeResult: success, version: HTTP/1.1)
HTTP/1.1 200 OK
Content-Type: application/json; charset=utf-8
cache-control: no-cache
content-length: 88

18:27:27.201 [AsyncHttpClient-1-9] DEBUG org.asynchttpclient.netty.channel.ChannelManager - Adding key: http://localhost:59445 for channel [id: 0xd8abf313, L:/127.0.0.1:49713 - R:localhost/127.0.0.1:59445]
18:27:27.202 [Forwarding clickElement on session 39cfb99c71b51081ac0e1566d6b0724c to remote] DEBUG org.asynchttpclient.netty.request.NettyRequestSender - Using pooled Channel '[id: 0xd8abf313, L:/127.0.0.1:49713 - R:localhost/127.0.0.1:59445]' for 'POST' to 'http://localhost:59445/session/39cfb99c71b51081ac0e1566d6b0724c/element/b396367b-11ac-4673-be5c-6e9d6f8a4af4/click'
18:27:27.202 [Forwarding clickElement on session 39cfb99c71b51081ac0e1566d6b0724c to remote] DEBUG org.asynchttpclient.netty.request.NettyRequestSender - Using open Channel [id: 0xd8abf313, L:/127.0.0.1:49713 - R:localhost/127.0.0.1:59445] for POST '/session/39cfb99c71b51081ac0e1566d6b0724c/element/b396367b-11ac-4673-be5c-6e9d6f8a4af4/click'
18:27:27.339 [AsyncHttpClient-1-1] DEBUG org.asynchttpclient.netty.channel.DefaultChannelPool - Entry count for : http://localhost:49714 : 1
18:27:27.738 [AsyncHttpClient-1-9] DEBUG org.asynchttpclient.netty.handler.HttpHandler - 

Request DefaultHttpRequest(decodeResult: success, version: HTTP/1.1)
POST /session/39cfb99c71b51081ac0e1566d6b0724c/element/b396367b-11ac-4673-be5c-6e9d6f8a4af4/click HTTP/1.1
User-Agent: selenium/4.1.4 (java windows)
Content-Length: 50
Content-Type: application/json; charset=utf-8
host: localhost:59445
accept: */*

Response DefaultHttpResponse(decodeResult: success, version: HTTP/1.1)
HTTP/1.1 200 OK
Content-Type: application/json; charset=utf-8
cache-control: no-cache
content-length: 14

18:27:27.738 [AsyncHttpClient-1-9] DEBUG org.asynchttpclient.netty.channel.ChannelManager - Adding key: http://localhost:59445 for channel [id: 0xd8abf313, L:/127.0.0.1:49713 - R:localhost/127.0.0.1:59445]
18:27:27.756 [Forwarding screenshot on session 39cfb99c71b51081ac0e1566d6b0724c to remote] DEBUG org.asynchttpclient.netty.request.NettyRequestSender - Using pooled Channel '[id: 0xd8abf313, L:/127.0.0.1:49713 - R:localhost/127.0.0.1:59445]' for 'GET' to 'http://localhost:59445/session/39cfb99c71b51081ac0e1566d6b0724c/screenshot'
18:27:27.756 [Forwarding screenshot on session 39cfb99c71b51081ac0e1566d6b0724c to remote] DEBUG org.asynchttpclient.netty.request.NettyRequestSender - Using open Channel [id: 0xd8abf313, L:/127.0.0.1:49713 - R:localhost/127.0.0.1:59445] for GET '/session/39cfb99c71b51081ac0e1566d6b0724c/screenshot'
18:27:28.016 [AsyncHttpClient-1-9] DEBUG org.asynchttpclient.netty.handler.HttpHandler - 

Request DefaultFullHttpRequest(decodeResult: success, version: HTTP/1.1, content: EmptyByteBufBE)
GET /session/39cfb99c71b51081ac0e1566d6b0724c/screenshot HTTP/1.1
User-Agent: selenium/4.1.4 (java windows)
Cache-Control: no-cache
Content-Type: application/json; charset=utf-8
host: localhost:59445
accept: */*

Response DefaultHttpResponse(decodeResult: success, version: HTTP/1.1)
HTTP/1.1 200 OK
Content-Type: application/json; charset=utf-8
cache-control: no-cache
content-length: 74428

18:27:28.017 [AsyncHttpClient-1-9] DEBUG org.asynchttpclient.netty.channel.ChannelManager - Adding key: http://localhost:59445 for channel [id: 0xd8abf313, L:/127.0.0.1:49713 - R:localhost/127.0.0.1:59445]
18:27:28.018 [main] DEBUG net.serenitybdd.core.photography.Darkroom - Send negative for processing for target\site\serenity\cccd031404955f8933d7d47a4ebcce1582e22873315f6909d035e5a95387c882.png
18:27:28.018 [Darkroom Processing Line] DEBUG net.serenitybdd.core.photography.DarkroomProcessingLine - Processing screenshot image in /var/screenshots/screenshot-10472163101218553745
18:27:28.018 [Darkroom Processing Line] DEBUG net.serenitybdd.core.photography.DarkroomProcessingLine - Saving screenshot to target\site\serenity\cccd031404955f8933d7d47a4ebcce1582e22873315f6909d035e5a95387c882.png
18:27:28.018 [main] DEBUG net.thucydides.core.steps.StepInterceptor - STEP DONE: clickButtonErrorOK
  &amp#27;[32mAnd &amp#27;[0m&amp#27;[32mLogin validation invalid&amp#27;[0m                                                 &amp#27;[90m# starter.stepdefinitios.LoginSteps.loginValidationInvalid()&amp#27;[0m
18:27:28.435 [AsyncHttpClient-1-1] DEBUG org.asynchttpclient.netty.channel.DefaultChannelPool - Entry count for : http://localhost:59445 : 1
18:27:28.435 [AsyncHttpClient-1-1] DEBUG org.asynchttpclient.netty.channel.DefaultChannelPool - Entry count for : http://localhost:49714 : 1
18:27:29.536 [AsyncHttpClient-1-1] DEBUG org.asynchttpclient.netty.channel.DefaultChannelPool - Entry count for : http://localhost:59445 : 1
18:27:29.536 [AsyncHttpClient-1-1] DEBUG org.asynchttpclient.netty.channel.DefaultChannelPool - Entry count for : http://localhost:49714 : 1
18:27:30.645 [AsyncHttpClient-1-1] DEBUG org.asynchttpclient.netty.channel.DefaultChannelPool - Entry count for : http://localhost:59445 : 1
18:27:30.645 [AsyncHttpClient-1-1] DEBUG org.asynchttpclient.netty.channel.DefaultChannelPool - Entry count for : http://localhost:49714 : 1
18:27:31.736 [AsyncHttpClient-1-1] DEBUG org.asynchttpclient.netty.channel.DefaultChannelPool - Entry count for : http://localhost:59445 : 1
18:27:31.736 [AsyncHttpClient-1-1] DEBUG org.asynchttpclient.netty.channel.DefaultChannelPool - Entry count for : http://localhost:49714 : 1
18:27:32.840 [AsyncHttpClient-1-1] DEBUG org.asynchttpclient.netty.channel.DefaultChannelPool - Entry count for : http://localhost:59445 : 1
18:27:32.840 [AsyncHttpClient-1-1] DEBUG org.asynchttpclient.netty.channel.DefaultChannelPool - Entry count for : http://localhost:49714 : 1
18:27:33.052 [Forwarding screenshot on session 39cfb99c71b51081ac0e1566d6b0724c to remote] DEBUG org.asynchttpclient.netty.request.NettyRequestSender - Using pooled Channel '[id: 0xd8abf313, L:/127.0.0.1:49713 - R:localhost/127.0.0.1:59445]' for 'GET' to 'http://localhost:59445/session/39cfb99c71b51081ac0e1566d6b0724c/screenshot'
18:27:33.052 [Forwarding screenshot on session 39cfb99c71b51081ac0e1566d6b0724c to remote] DEBUG org.asynchttpclient.netty.request.NettyRequestSender - Using open Channel [id: 0xd8abf313, L:/127.0.0.1:49713 - R:localhost/127.0.0.1:59445] for GET '/session/39cfb99c71b51081ac0e1566d6b0724c/screenshot'
18:27:33.252 [AsyncHttpClient-1-9] DEBUG org.asynchttpclient.netty.handler.HttpHandler - 

Request DefaultFullHttpRequest(decodeResult: success, version: HTTP/1.1, content: EmptyByteBufBE)
GET /session/39cfb99c71b51081ac0e1566d6b0724c/screenshot HTTP/1.1
User-Agent: selenium/4.1.4 (java windows)
Cache-Control: no-cache
Content-Type: application/json; charset=utf-8
host: localhost:59445
accept: */*

Response DefaultHttpResponse(decodeResult: success, version: HTTP/1.1)
HTTP/1.1 200 OK
Content-Type: application/json; charset=utf-8
cache-control: no-cache
content-length: 78860

18:27:33.252 [AsyncHttpClient-1-9] DEBUG org.asynchttpclient.netty.channel.ChannelManager - Adding key: http://localhost:59445 for channel [id: 0xd8abf313, L:/127.0.0.1:49713 - R:localhost/127.0.0.1:59445]
18:27:33.266 [main] DEBUG net.serenitybdd.core.photography.Darkroom - Send negative for processing for target\site\serenity\e3902e4e6d497170d59aa0c0c2930d955492166dca27ad580f2b08c08bf103aa.png
18:27:33.267 [main] DEBUG net.thucydides.core.steps.StepInterceptor - STARTING STEP: PatientDataSteps.clickButtonDataPasien - clickButtonDataPasien
18:27:33.273 [Forwarding findElement on session 39cfb99c71b51081ac0e1566d6b0724c to remote] DEBUG org.asynchttpclient.netty.request.NettyRequestSender - Using pooled Channel '[id: 0xd8abf313, L:/127.0.0.1:49713 - R:localhost/127.0.0.1:59445]' for 'POST' to 'http://localhost:59445/session/39cfb99c71b51081ac0e1566d6b0724c/element'
18:27:33.273 [Forwarding findElement on session 39cfb99c71b51081ac0e1566d6b0724c to remote] DEBUG org.asynchttpclient.netty.request.NettyRequestSender - Using open Channel [id: 0xd8abf313, L:/127.0.0.1:49713 - R:localhost/127.0.0.1:59445] for POST '/session/39cfb99c71b51081ac0e1566d6b0724c/element'
18:27:33.303 [AsyncHttpClient-1-9] DEBUG org.asynchttpclient.netty.handler.HttpHandler - 

Request DefaultHttpRequest(decodeResult: success, version: HTTP/1.1)
POST /session/39cfb99c71b51081ac0e1566d6b0724c/element HTTP/1.1
User-Agent: selenium/4.1.4 (java windows)
Content-Length: 114
Content-Type: application/json; charset=utf-8
host: localhost:59445
accept: */*

Response DefaultHttpResponse(decodeResult: success, version: HTTP/1.1)
HTTP/1.1 200 OK
Content-Type: application/json; charset=utf-8
cache-control: no-cache
content-length: 88

18:27:33.303 [AsyncHttpClient-1-9] DEBUG org.asynchttpclient.netty.channel.ChannelManager - Adding key: http://localhost:59445 for channel [id: 0xd8abf313, L:/127.0.0.1:49713 - R:localhost/127.0.0.1:59445]
18:27:33.305 [Forwarding getElementTagName on session 39cfb99c71b51081ac0e1566d6b0724c to remote] DEBUG org.asynchttpclient.netty.request.NettyRequestSender - Using pooled Channel '[id: 0xd8abf313, L:/127.0.0.1:49713 - R:localhost/127.0.0.1:59445]' for 'GET' to 'http://localhost:59445/session/39cfb99c71b51081ac0e1566d6b0724c/element/cb5edd95-a6cc-4c99-b4bd-937e8b5ae01c/name'
18:27:33.305 [Forwarding getElementTagName on session 39cfb99c71b51081ac0e1566d6b0724c to remote] DEBUG org.asynchttpclient.netty.request.NettyRequestSender - Using open Channel [id: 0xd8abf313, L:/127.0.0.1:49713 - R:localhost/127.0.0.1:59445] for GET '/session/39cfb99c71b51081ac0e1566d6b0724c/element/cb5edd95-a6cc-4c99-b4bd-937e8b5ae01c/name'
18:27:33.315 [AsyncHttpClient-1-9] DEBUG org.asynchttpclient.netty.handler.HttpHandler - 

Request DefaultFullHttpRequest(decodeResult: success, version: HTTP/1.1, content: EmptyByteBufBE)
GET /session/39cfb99c71b51081ac0e1566d6b0724c/element/cb5edd95-a6cc-4c99-b4bd-937e8b5ae01c/name HTTP/1.1
User-Agent: selenium/4.1.4 (java windows)
Cache-Control: no-cache
Content-Type: application/json; charset=utf-8
host: localhost:59445
accept: */*

Response DefaultHttpResponse(decodeResult: success, version: HTTP/1.1)
HTTP/1.1 200 OK
Content-Type: application/json; charset=utf-8
cache-control: no-cache
content-length: 13

18:27:33.315 [AsyncHttpClient-1-9] DEBUG org.asynchttpclient.netty.channel.ChannelManager - Adding key: http://localhost:59445 for channel [id: 0xd8abf313, L:/127.0.0.1:49713 - R:localhost/127.0.0.1:59445]
18:27:33.317 [Forwarding getElementTagName on session 39cfb99c71b51081ac0e1566d6b0724c to remote] DEBUG org.asynchttpclient.netty.request.NettyRequestSender - Using pooled Channel '[id: 0xd8abf313, L:/127.0.0.1:49713 - R:localhost/127.0.0.1:59445]' for 'GET' to 'http://localhost:59445/session/39cfb99c71b51081ac0e1566d6b0724c/element/cb5edd95-a6cc-4c99-b4bd-937e8b5ae01c/name'
18:27:33.317 [Forwarding getElementTagName on session 39cfb99c71b51081ac0e1566d6b0724c to remote] DEBUG org.asynchttpclient.netty.request.NettyRequestSender - Using open Channel [id: 0xd8abf313, L:/127.0.0.1:49713 - R:localhost/127.0.0.1:59445] for GET '/session/39cfb99c71b51081ac0e1566d6b0724c/element/cb5edd95-a6cc-4c99-b4bd-937e8b5ae01c/name'
18:27:33.323 [AsyncHttpClient-1-9] DEBUG org.asynchttpclient.netty.handler.HttpHandler - 

Request DefaultFullHttpRequest(decodeResult: success, version: HTTP/1.1, content: EmptyByteBufBE)
GET /session/39cfb99c71b51081ac0e1566d6b0724c/element/cb5edd95-a6cc-4c99-b4bd-937e8b5ae01c/name HTTP/1.1
User-Agent: selenium/4.1.4 (java windows)
Cache-Control: no-cache
Content-Type: application/json; charset=utf-8
host: localhost:59445
accept: */*

Response DefaultHttpResponse(decodeResult: success, version: HTTP/1.1)
HTTP/1.1 200 OK
Content-Type: application/json; charset=utf-8
cache-control: no-cache
content-length: 13

18:27:33.323 [AsyncHttpClient-1-9] DEBUG org.asynchttpclient.netty.channel.ChannelManager - Adding key: http://localhost:59445 for channel [id: 0xd8abf313, L:/127.0.0.1:49713 - R:localhost/127.0.0.1:59445]
18:27:33.324 [Forwarding findElement on session 39cfb99c71b51081ac0e1566d6b0724c to remote] DEBUG org.asynchttpclient.netty.request.NettyRequestSender - Using pooled Channel '[id: 0xd8abf313, L:/127.0.0.1:49713 - R:localhost/127.0.0.1:59445]' for 'POST' to 'http://localhost:59445/session/39cfb99c71b51081ac0e1566d6b0724c/element'
18:27:33.324 [Forwarding findElement on session 39cfb99c71b51081ac0e1566d6b0724c to remote] DEBUG org.asynchttpclient.netty.request.NettyRequestSender - Using open Channel [id: 0xd8abf313, L:/127.0.0.1:49713 - R:localhost/127.0.0.1:59445] for POST '/session/39cfb99c71b51081ac0e1566d6b0724c/element'
18:27:33.343 [AsyncHttpClient-1-9] DEBUG org.asynchttpclient.netty.handler.HttpHandler - 

Request DefaultHttpRequest(decodeResult: success, version: HTTP/1.1)
POST /session/39cfb99c71b51081ac0e1566d6b0724c/element HTTP/1.1
User-Agent: selenium/4.1.4 (java windows)
Content-Length: 114
Content-Type: application/json; charset=utf-8
host: localhost:59445
accept: */*

Response DefaultHttpResponse(decodeResult: success, version: HTTP/1.1)
HTTP/1.1 200 OK
Content-Type: application/json; charset=utf-8
cache-control: no-cache
content-length: 88

18:27:33.343 [AsyncHttpClient-1-9] DEBUG org.asynchttpclient.netty.channel.ChannelManager - Adding key: http://localhost:59445 for channel [id: 0xd8abf313, L:/127.0.0.1:49713 - R:localhost/127.0.0.1:59445]
18:27:33.345 [Forwarding clickElement on session 39cfb99c71b51081ac0e1566d6b0724c to remote] DEBUG org.asynchttpclient.netty.request.NettyRequestSender - Using pooled Channel '[id: 0xd8abf313, L:/127.0.0.1:49713 - R:localhost/127.0.0.1:59445]' for 'POST' to 'http://localhost:59445/session/39cfb99c71b51081ac0e1566d6b0724c/element/cb5edd95-a6cc-4c99-b4bd-937e8b5ae01c/click'
18:27:33.345 [Forwarding clickElement on session 39cfb99c71b51081ac0e1566d6b0724c to remote] DEBUG org.asynchttpclient.netty.request.NettyRequestSender - Using open Channel [id: 0xd8abf313, L:/127.0.0.1:49713 - R:localhost/127.0.0.1:59445] for POST '/session/39cfb99c71b51081ac0e1566d6b0724c/element/cb5edd95-a6cc-4c99-b4bd-937e8b5ae01c/click'
18:27:33.507 [AsyncHttpClient-1-9] DEBUG org.asynchttpclient.netty.handler.HttpHandler - 

Request DefaultHttpRequest(decodeResult: success, version: HTTP/1.1)
POST /session/39cfb99c71b51081ac0e1566d6b0724c/element/cb5edd95-a6cc-4c99-b4bd-937e8b5ae01c/click HTTP/1.1
User-Agent: selenium/4.1.4 (java windows)
Content-Length: 50
Content-Type: application/json; charset=utf-8
host: localhost:59445
accept: */*

Response DefaultHttpResponse(decodeResult: success, version: HTTP/1.1)
HTTP/1.1 200 OK
Content-Type: application/json; charset=utf-8
cache-control: no-cache
content-length: 14

18:27:33.508 [AsyncHttpClient-1-9] DEBUG org.asynchttpclient.netty.channel.ChannelManager - Adding key: http://localhost:59445 for channel [id: 0xd8abf313, L:/127.0.0.1:49713 - R:localhost/127.0.0.1:59445]
18:27:33.525 [Forwarding screenshot on session 39cfb99c71b51081ac0e1566d6b0724c to remote] DEBUG org.asynchttpclient.netty.request.NettyRequestSender - Using pooled Channel '[id: 0xd8abf313, L:/127.0.0.1:49713 - R:localhost/127.0.0.1:59445]' for 'GET' to 'http://localhost:59445/session/39cfb99c71b51081ac0e1566d6b0724c/screenshot'
18:27:33.525 [Forwarding screenshot on session 39cfb99c71b51081ac0e1566d6b0724c to remote] DEBUG org.asynchttpclient.netty.request.NettyRequestSender - Using open Channel [id: 0xd8abf313, L:/127.0.0.1:49713 - R:localhost/127.0.0.1:59445] for GET '/session/39cfb99c71b51081ac0e1566d6b0724c/screenshot'
18:27:33.925 [AsyncHttpClient-1-9] DEBUG org.asynchttpclient.netty.handler.HttpHandler - 

Request DefaultFullHttpRequest(decodeResult: success, version: HTTP/1.1, content: EmptyByteBufBE)
GET /session/39cfb99c71b51081ac0e1566d6b0724c/screenshot HTTP/1.1
User-Agent: selenium/4.1.4 (java windows)
Cache-Control: no-cache
Content-Type: application/json; charset=utf-8
host: localhost:59445
accept: */*

Response DefaultHttpResponse(decodeResult: success, version: HTTP/1.1)
HTTP/1.1 200 OK
Content-Type: application/json; charset=utf-8
cache-control: no-cache
content-length: 111660

18:27:33.926 [AsyncHttpClient-1-9] DEBUG org.asynchttpclient.netty.channel.ChannelManager - Adding key: http://localhost:59445 for channel [id: 0xd8abf313, L:/127.0.0.1:49713 - R:localhost/127.0.0.1:59445]
18:27:33.935 [AsyncHttpClient-1-1] DEBUG org.asynchttpclient.netty.channel.DefaultChannelPool - Entry count for : http://localhost:59445 : 1
18:27:33.935 [AsyncHttpClient-1-1] DEBUG org.asynchttpclient.netty.channel.DefaultChannelPool - Entry count for : http://localhost:49714 : 1
18:27:33.939 [main] DEBUG net.serenitybdd.core.photography.Darkroom - Send negative for processing for target\site\serenity\5e45d75a4471a909da29b221f8d234384e39d9746dd6e4b8545507d8fdd9e68d.png
18:27:33.939 [main] DEBUG net.thucydides.core.steps.StepInterceptor - STEP DONE: clickButtonDataPasien
  &amp#27;[32mWhen &amp#27;[0m&amp#27;[32mClick button data pasien&amp#27;[0m                                                &amp#27;[90m# starter.stepdefinitios.PatientDataSteps.clickButtonDataPasien()&amp#27;[0m
18:27:33.940 [Darkroom Processing Line] DEBUG net.serenitybdd.core.photography.DarkroomProcessingLine - Processing screenshot image in /var/screenshots/screenshot-4592417690952074210
18:27:33.940 [Darkroom Processing Line] DEBUG net.serenitybdd.core.photography.DarkroomProcessingLine - Saving screenshot to target\site\serenity\5e45d75a4471a909da29b221f8d234384e39d9746dd6e4b8545507d8fdd9e68d.png
18:27:35.036 [AsyncHttpClient-1-1] DEBUG org.asynchttpclient.netty.channel.DefaultChannelPool - Entry count for : http://localhost:59445 : 1
18:27:35.036 [AsyncHttpClient-1-1] DEBUG org.asynchttpclient.netty.channel.DefaultChannelPool - Entry count for : http://localhost:49714 : 1
18:27:36.138 [AsyncHttpClient-1-1] DEBUG org.asynchttpclient.netty.channel.DefaultChannelPool - Entry count for : http://localhost:59445 : 1
18:27:36.138 [AsyncHttpClient-1-1] DEBUG org.asynchttpclient.netty.channel.DefaultChannelPool - Entry count for : http://localhost:49714 : 1
18:27:37.236 [AsyncHttpClient-1-1] DEBUG org.asynchttpclient.netty.channel.DefaultChannelPool - Entry count for : http://localhost:59445 : 1
18:27:37.236 [AsyncHttpClient-1-1] DEBUG org.asynchttpclient.netty.channel.DefaultChannelPool - Entry count for : http://localhost:49714 : 1
18:27:38.336 [AsyncHttpClient-1-1] DEBUG org.asynchttpclient.netty.channel.DefaultChannelPool - Entry count for : http://localhost:59445 : 1
18:27:38.336 [AsyncHttpClient-1-1] DEBUG org.asynchttpclient.netty.channel.DefaultChannelPool - Entry count for : http://localhost:49714 : 1
18:27:39.435 [AsyncHttpClient-1-1] DEBUG org.asynchttpclient.netty.channel.DefaultChannelPool - Entry count for : http://localhost:59445 : 1
18:27:39.435 [AsyncHttpClient-1-1] DEBUG org.asynchttpclient.netty.channel.DefaultChannelPool - Entry count for : http://localhost:49714 : 1
18:27:39.993 [Forwarding screenshot on session 39cfb99c71b51081ac0e1566d6b0724c to remote] DEBUG org.asynchttpclient.netty.request.NettyRequestSender - Using pooled Channel '[id: 0xd8abf313, L:/127.0.0.1:49713 - R:localhost/127.0.0.1:59445]' for 'GET' to 'http://localhost:59445/session/39cfb99c71b51081ac0e1566d6b0724c/screenshot'
18:27:39.993 [Forwarding screenshot on session 39cfb99c71b51081ac0e1566d6b0724c to remote] DEBUG org.asynchttpclient.netty.request.NettyRequestSender - Using open Channel [id: 0xd8abf313, L:/127.0.0.1:49713 - R:localhost/127.0.0.1:59445] for GET '/session/39cfb99c71b51081ac0e1566d6b0724c/screenshot'
18:27:40.188 [AsyncHttpClient-1-9] DEBUG org.asynchttpclient.netty.handler.HttpHandler - 

Request DefaultFullHttpRequest(decodeResult: success, version: HTTP/1.1, content: EmptyByteBufBE)
GET /session/39cfb99c71b51081ac0e1566d6b0724c/screenshot HTTP/1.1
User-Agent: selenium/4.1.4 (java windows)
Cache-Control: no-cache
Content-Type: application/json; charset=utf-8
host: localhost:59445
accept: */*

Response DefaultHttpResponse(decodeResult: success, version: HTTP/1.1)
HTTP/1.1 200 OK
Content-Type: application/json; charset=utf-8
cache-control: no-cache
content-length: 83448

18:27:40.188 [AsyncHttpClient-1-9] DEBUG org.asynchttpclient.netty.channel.ChannelManager - Adding key: http://localhost:59445 for channel [id: 0xd8abf313, L:/127.0.0.1:49713 - R:localhost/127.0.0.1:59445]
18:27:40.189 [main] DEBUG net.serenitybdd.core.photography.Darkroom - Send negative for processing for target\site\serenity\cdc7d6768bd36f67cb5558b84d3f7cdf2498093267c606387c7df8516ad3c364.png
18:27:40.189 [main] DEBUG net.thucydides.core.steps.StepInterceptor - STARTING STEP: PatientDataSteps.clickButtonTambahData - clickButtonTambah
18:27:40.189 [Darkroom Processing Line] DEBUG net.serenitybdd.core.photography.DarkroomProcessingLine - Processing screenshot image in /var/screenshots/screenshot-4619108550489683875
18:27:40.189 [Darkroom Processing Line] DEBUG net.serenitybdd.core.photography.DarkroomProcessingLine - Saving screenshot to target\site\serenity\cdc7d6768bd36f67cb5558b84d3f7cdf2498093267c606387c7df8516ad3c364.png
18:27:40.200 [Forwarding findElement on session 39cfb99c71b51081ac0e1566d6b0724c to remote] DEBUG org.asynchttpclient.netty.request.NettyRequestSender - Using pooled Channel '[id: 0xd8abf313, L:/127.0.0.1:49713 - R:localhost/127.0.0.1:59445]' for 'POST' to 'http://localhost:59445/session/39cfb99c71b51081ac0e1566d6b0724c/element'
18:27:40.200 [Forwarding findElement on session 39cfb99c71b51081ac0e1566d6b0724c to remote] DEBUG org.asynchttpclient.netty.request.NettyRequestSender - Using open Channel [id: 0xd8abf313, L:/127.0.0.1:49713 - R:localhost/127.0.0.1:59445] for POST '/session/39cfb99c71b51081ac0e1566d6b0724c/element'
18:27:40.219 [AsyncHttpClient-1-9] DEBUG org.asynchttpclient.netty.handler.HttpHandler - 

Request DefaultHttpRequest(decodeResult: success, version: HTTP/1.1)
POST /session/39cfb99c71b51081ac0e1566d6b0724c/element HTTP/1.1
User-Agent: selenium/4.1.4 (java windows)
Content-Length: 68
Content-Type: application/json; charset=utf-8
host: localhost:59445
accept: */*

Response DefaultHttpResponse(decodeResult: success, version: HTTP/1.1)
HTTP/1.1 200 OK
Content-Type: application/json; charset=utf-8
cache-control: no-cache
content-length: 88

18:27:40.219 [AsyncHttpClient-1-9] DEBUG org.asynchttpclient.netty.channel.ChannelManager - Adding key: http://localhost:59445 for channel [id: 0xd8abf313, L:/127.0.0.1:49713 - R:localhost/127.0.0.1:59445]
18:27:40.221 [Forwarding getElementTagName on session 39cfb99c71b51081ac0e1566d6b0724c to remote] DEBUG org.asynchttpclient.netty.request.NettyRequestSender - Using pooled Channel '[id: 0xd8abf313, L:/127.0.0.1:49713 - R:localhost/127.0.0.1:59445]' for 'GET' to 'http://localhost:59445/session/39cfb99c71b51081ac0e1566d6b0724c/element/8d19eacc-7390-429f-94c5-0e027014e2e4/name'
18:27:40.221 [Forwarding getElementTagName on session 39cfb99c71b51081ac0e1566d6b0724c to remote] DEBUG org.asynchttpclient.netty.request.NettyRequestSender - Using open Channel [id: 0xd8abf313, L:/127.0.0.1:49713 - R:localhost/127.0.0.1:59445] for GET '/session/39cfb99c71b51081ac0e1566d6b0724c/element/8d19eacc-7390-429f-94c5-0e027014e2e4/name'
18:27:40.229 [AsyncHttpClient-1-9] DEBUG org.asynchttpclient.netty.handler.HttpHandler - 

Request DefaultFullHttpRequest(decodeResult: success, version: HTTP/1.1, content: EmptyByteBufBE)
GET /session/39cfb99c71b51081ac0e1566d6b0724c/element/8d19eacc-7390-429f-94c5-0e027014e2e4/name HTTP/1.1
User-Agent: selenium/4.1.4 (java windows)
Cache-Control: no-cache
Content-Type: application/json; charset=utf-8
host: localhost:59445
accept: */*

Response DefaultHttpResponse(decodeResult: success, version: HTTP/1.1)
HTTP/1.1 200 OK
Content-Type: application/json; charset=utf-8
cache-control: no-cache
content-length: 18

18:27:40.230 [AsyncHttpClient-1-9] DEBUG org.asynchttpclient.netty.channel.ChannelManager - Adding key: http://localhost:59445 for channel [id: 0xd8abf313, L:/127.0.0.1:49713 - R:localhost/127.0.0.1:59445]
18:27:40.234 [Forwarding getElementTagName on session 39cfb99c71b51081ac0e1566d6b0724c to remote] DEBUG org.asynchttpclient.netty.request.NettyRequestSender - Using pooled Channel '[id: 0xd8abf313, L:/127.0.0.1:49713 - R:localhost/127.0.0.1:59445]' for 'GET' to 'http://localhost:59445/session/39cfb99c71b51081ac0e1566d6b0724c/element/8d19eacc-7390-429f-94c5-0e027014e2e4/name'
18:27:40.234 [Forwarding getElementTagName on session 39cfb99c71b51081ac0e1566d6b0724c to remote] DEBUG org.asynchttpclient.netty.request.NettyRequestSender - Using open Channel [id: 0xd8abf313, L:/127.0.0.1:49713 - R:localhost/127.0.0.1:59445] for GET '/session/39cfb99c71b51081ac0e1566d6b0724c/element/8d19eacc-7390-429f-94c5-0e027014e2e4/name'
18:27:40.240 [AsyncHttpClient-1-9] DEBUG org.asynchttpclient.netty.handler.HttpHandler - 

Request DefaultFullHttpRequest(decodeResult: success, version: HTTP/1.1, content: EmptyByteBufBE)
GET /session/39cfb99c71b51081ac0e1566d6b0724c/element/8d19eacc-7390-429f-94c5-0e027014e2e4/name HTTP/1.1
User-Agent: selenium/4.1.4 (java windows)
Cache-Control: no-cache
Content-Type: application/json; charset=utf-8
host: localhost:59445
accept: */*

Response DefaultHttpResponse(decodeResult: success, version: HTTP/1.1)
HTTP/1.1 200 OK
Content-Type: application/json; charset=utf-8
cache-control: no-cache
content-length: 18

18:27:40.240 [AsyncHttpClient-1-9] DEBUG org.asynchttpclient.netty.channel.ChannelManager - Adding key: http://localhost:59445 for channel [id: 0xd8abf313, L:/127.0.0.1:49713 - R:localhost/127.0.0.1:59445]
18:27:40.244 [Forwarding isElementEnabled on session 39cfb99c71b51081ac0e1566d6b0724c to remote] DEBUG org.asynchttpclient.netty.request.NettyRequestSender - Using pooled Channel '[id: 0xd8abf313, L:/127.0.0.1:49713 - R:localhost/127.0.0.1:59445]' for 'GET' to 'http://localhost:59445/session/39cfb99c71b51081ac0e1566d6b0724c/element/8d19eacc-7390-429f-94c5-0e027014e2e4/enabled'
18:27:40.244 [Forwarding isElementEnabled on session 39cfb99c71b51081ac0e1566d6b0724c to remote] DEBUG org.asynchttpclient.netty.request.NettyRequestSender - Using open Channel [id: 0xd8abf313, L:/127.0.0.1:49713 - R:localhost/127.0.0.1:59445] for GET '/session/39cfb99c71b51081ac0e1566d6b0724c/element/8d19eacc-7390-429f-94c5-0e027014e2e4/enabled'
18:27:40.262 [AsyncHttpClient-1-9] DEBUG org.asynchttpclient.netty.handler.HttpHandler - 

Request DefaultFullHttpRequest(decodeResult: success, version: HTTP/1.1, content: EmptyByteBufBE)
GET /session/39cfb99c71b51081ac0e1566d6b0724c/element/8d19eacc-7390-429f-94c5-0e027014e2e4/enabled HTTP/1.1
User-Agent: selenium/4.1.4 (java windows)
Cache-Control: no-cache
Content-Type: application/json; charset=utf-8
host: localhost:59445
accept: */*

Response DefaultHttpResponse(decodeResult: success, version: HTTP/1.1)
HTTP/1.1 200 OK
Content-Type: application/json; charset=utf-8
cache-control: no-cache
content-length: 14

18:27:40.262 [AsyncHttpClient-1-9] DEBUG org.asynchttpclient.netty.channel.ChannelManager - Adding key: http://localhost:59445 for channel [id: 0xd8abf313, L:/127.0.0.1:49713 - R:localhost/127.0.0.1:59445]
18:27:40.264 [Forwarding isElementEnabled on session 39cfb99c71b51081ac0e1566d6b0724c to remote] DEBUG org.asynchttpclient.netty.request.NettyRequestSender - Using pooled Channel '[id: 0xd8abf313, L:/127.0.0.1:49713 - R:localhost/127.0.0.1:59445]' for 'GET' to 'http://localhost:59445/session/39cfb99c71b51081ac0e1566d6b0724c/element/8d19eacc-7390-429f-94c5-0e027014e2e4/enabled'
18:27:40.264 [Forwarding isElementEnabled on session 39cfb99c71b51081ac0e1566d6b0724c to remote] DEBUG org.asynchttpclient.netty.request.NettyRequestSender - Using open Channel [id: 0xd8abf313, L:/127.0.0.1:49713 - R:localhost/127.0.0.1:59445] for GET '/session/39cfb99c71b51081ac0e1566d6b0724c/element/8d19eacc-7390-429f-94c5-0e027014e2e4/enabled'
18:27:40.275 [AsyncHttpClient-1-9] DEBUG org.asynchttpclient.netty.handler.HttpHandler - 

Request DefaultFullHttpRequest(decodeResult: success, version: HTTP/1.1, content: EmptyByteBufBE)
GET /session/39cfb99c71b51081ac0e1566d6b0724c/element/8d19eacc-7390-429f-94c5-0e027014e2e4/enabled HTTP/1.1
User-Agent: selenium/4.1.4 (java windows)
Cache-Control: no-cache
Content-Type: application/json; charset=utf-8
host: localhost:59445
accept: */*

Response DefaultHttpResponse(decodeResult: success, version: HTTP/1.1)
HTTP/1.1 200 OK
Content-Type: application/json; charset=utf-8
cache-control: no-cache
content-length: 14

18:27:40.275 [AsyncHttpClient-1-9] DEBUG org.asynchttpclient.netty.channel.ChannelManager - Adding key: http://localhost:59445 for channel [id: 0xd8abf313, L:/127.0.0.1:49713 - R:localhost/127.0.0.1:59445]
18:27:40.278 [Forwarding findElement on session 39cfb99c71b51081ac0e1566d6b0724c to remote] DEBUG org.asynchttpclient.netty.request.NettyRequestSender - Using pooled Channel '[id: 0xd8abf313, L:/127.0.0.1:49713 - R:localhost/127.0.0.1:59445]' for 'POST' to 'http://localhost:59445/session/39cfb99c71b51081ac0e1566d6b0724c/element'
18:27:40.278 [Forwarding findElement on session 39cfb99c71b51081ac0e1566d6b0724c to remote] DEBUG org.asynchttpclient.netty.request.NettyRequestSender - Using open Channel [id: 0xd8abf313, L:/127.0.0.1:49713 - R:localhost/127.0.0.1:59445] for POST '/session/39cfb99c71b51081ac0e1566d6b0724c/element'
18:27:40.292 [AsyncHttpClient-1-9] DEBUG org.asynchttpclient.netty.handler.HttpHandler - 

Request DefaultHttpRequest(decodeResult: success, version: HTTP/1.1)
POST /session/39cfb99c71b51081ac0e1566d6b0724c/element HTTP/1.1
User-Agent: selenium/4.1.4 (java windows)
Content-Length: 68
Content-Type: application/json; charset=utf-8
host: localhost:59445
accept: */*

Response DefaultHttpResponse(decodeResult: success, version: HTTP/1.1)
HTTP/1.1 200 OK
Content-Type: application/json; charset=utf-8
cache-control: no-cache
content-length: 88

18:27:40.293 [AsyncHttpClient-1-9] DEBUG org.asynchttpclient.netty.channel.ChannelManager - Adding key: http://localhost:59445 for channel [id: 0xd8abf313, L:/127.0.0.1:49713 - R:localhost/127.0.0.1:59445]
18:27:40.294 [Forwarding clickElement on session 39cfb99c71b51081ac0e1566d6b0724c to remote] DEBUG org.asynchttpclient.netty.request.NettyRequestSender - Using pooled Channel '[id: 0xd8abf313, L:/127.0.0.1:49713 - R:localhost/127.0.0.1:59445]' for 'POST' to 'http://localhost:59445/session/39cfb99c71b51081ac0e1566d6b0724c/element/8d19eacc-7390-429f-94c5-0e027014e2e4/click'
18:27:40.295 [Forwarding clickElement on session 39cfb99c71b51081ac0e1566d6b0724c to remote] DEBUG org.asynchttpclient.netty.request.NettyRequestSender - Using open Channel [id: 0xd8abf313, L:/127.0.0.1:49713 - R:localhost/127.0.0.1:59445] for POST '/session/39cfb99c71b51081ac0e1566d6b0724c/element/8d19eacc-7390-429f-94c5-0e027014e2e4/click'
18:27:40.541 [AsyncHttpClient-1-1] DEBUG org.asynchttpclient.netty.channel.DefaultChannelPool - Entry count for : http://localhost:49714 : 1
18:27:40.609 [AsyncHttpClient-1-9] DEBUG org.asynchttpclient.netty.handler.HttpHandler - 

Request DefaultHttpRequest(decodeResult: success, version: HTTP/1.1)
POST /session/39cfb99c71b51081ac0e1566d6b0724c/element/8d19eacc-7390-429f-94c5-0e027014e2e4/click HTTP/1.1
User-Agent: selenium/4.1.4 (java windows)
Content-Length: 50
Content-Type: application/json; charset=utf-8
host: localhost:59445
accept: */*

Response DefaultHttpResponse(decodeResult: success, version: HTTP/1.1)
HTTP/1.1 200 OK
Content-Type: application/json; charset=utf-8
cache-control: no-cache
content-length: 14

18:27:40.609 [AsyncHttpClient-1-9] DEBUG org.asynchttpclient.netty.channel.ChannelManager - Adding key: http://localhost:59445 for channel [id: 0xd8abf313, L:/127.0.0.1:49713 - R:localhost/127.0.0.1:59445]
18:27:40.629 [Forwarding screenshot on session 39cfb99c71b51081ac0e1566d6b0724c to remote] DEBUG org.asynchttpclient.netty.request.NettyRequestSender - Using pooled Channel '[id: 0xd8abf313, L:/127.0.0.1:49713 - R:localhost/127.0.0.1:59445]' for 'GET' to 'http://localhost:59445/session/39cfb99c71b51081ac0e1566d6b0724c/screenshot'
18:27:40.629 [Forwarding screenshot on session 39cfb99c71b51081ac0e1566d6b0724c to remote] DEBUG org.asynchttpclient.netty.request.NettyRequestSender - Using open Channel [id: 0xd8abf313, L:/127.0.0.1:49713 - R:localhost/127.0.0.1:59445] for GET '/session/39cfb99c71b51081ac0e1566d6b0724c/screenshot'
18:27:40.841 [AsyncHttpClient-1-9] DEBUG org.asynchttpclient.netty.handler.HttpHandler - 

Request DefaultFullHttpRequest(decodeResult: success, version: HTTP/1.1, content: EmptyByteBufBE)
GET /session/39cfb99c71b51081ac0e1566d6b0724c/screenshot HTTP/1.1
User-Agent: selenium/4.1.4 (java windows)
Cache-Control: no-cache
Content-Type: application/json; charset=utf-8
host: localhost:59445
accept: */*

Response DefaultHttpResponse(decodeResult: success, version: HTTP/1.1)
HTTP/1.1 200 OK
Content-Type: application/json; charset=utf-8
cache-control: no-cache
content-length: 41184

18:27:40.842 [AsyncHttpClient-1-9] DEBUG org.asynchttpclient.netty.channel.ChannelManager - Adding key: http://localhost:59445 for channel [id: 0xd8abf313, L:/127.0.0.1:49713 - R:localhost/127.0.0.1:59445]
18:27:40.846 [main] DEBUG net.serenitybdd.core.photography.Darkroom - Send negative for processing for target\site\serenity\85e61910bbe1ffdf1c3467de0c5b289b3a6eab20004aed7ee6697f4c867559e7.png
18:27:40.846 [main] DEBUG net.thucydides.core.steps.StepInterceptor - STEP DONE: clickButtonTambah
  &amp#27;[32mAnd &amp#27;[0m&amp#27;[32mClick button tambah data&amp#27;[0m                                                 &amp#27;[90m# starter.stepdefinitios.PatientDataSteps.clickButtonTambahData()&amp#27;[0m
18:27:41.637 [AsyncHttpClient-1-1] DEBUG org.asynchttpclient.netty.channel.DefaultChannelPool - Entry count for : http://localhost:59445 : 1
18:27:41.637 [AsyncHttpClient-1-1] DEBUG org.asynchttpclient.netty.channel.DefaultChannelPool - Entry count for : http://localhost:49714 : 1
18:27:41.895 [Forwarding screenshot on session 39cfb99c71b51081ac0e1566d6b0724c to remote] DEBUG org.asynchttpclient.netty.request.NettyRequestSender - Using pooled Channel '[id: 0xd8abf313, L:/127.0.0.1:49713 - R:localhost/127.0.0.1:59445]' for 'GET' to 'http://localhost:59445/session/39cfb99c71b51081ac0e1566d6b0724c/screenshot'
18:27:41.895 [Forwarding screenshot on session 39cfb99c71b51081ac0e1566d6b0724c to remote] DEBUG org.asynchttpclient.netty.request.NettyRequestSender - Using open Channel [id: 0xd8abf313, L:/127.0.0.1:49713 - R:localhost/127.0.0.1:59445] for GET '/session/39cfb99c71b51081ac0e1566d6b0724c/screenshot'
18:27:42.098 [AsyncHttpClient-1-9] DEBUG org.asynchttpclient.netty.handler.HttpHandler - 

Request DefaultFullHttpRequest(decodeResult: success, version: HTTP/1.1, content: EmptyByteBufBE)
GET /session/39cfb99c71b51081ac0e1566d6b0724c/screenshot HTTP/1.1
User-Agent: selenium/4.1.4 (java windows)
Cache-Control: no-cache
Content-Type: application/json; charset=utf-8
host: localhost:59445
accept: */*

Response DefaultHttpResponse(decodeResult: success, version: HTTP/1.1)
HTTP/1.1 200 OK
Content-Type: application/json; charset=utf-8
cache-control: no-cache
content-length: 56356

18:27:42.099 [AsyncHttpClient-1-9] DEBUG org.asynchttpclient.netty.channel.ChannelManager - Adding key: http://localhost:59445 for channel [id: 0xd8abf313, L:/127.0.0.1:49713 - R:localhost/127.0.0.1:59445]
18:27:42.102 [main] DEBUG net.serenitybdd.core.photography.Darkroom - Send negative for processing for target\site\serenity\dceeb96c48761cdf6c9b3b6c867bfd9807a858b744706e71238d19988451e8a7.png
18:27:42.104 [main] DEBUG net.thucydides.core.steps.StepInterceptor - STARTING STEP: PatientDataSteps.iInput - inputDataPasien
18:27:42.107 [Forwarding findElement on session 39cfb99c71b51081ac0e1566d6b0724c to remote] DEBUG org.asynchttpclient.netty.request.NettyRequestSender - Using pooled Channel '[id: 0xd8abf313, L:/127.0.0.1:49713 - R:localhost/127.0.0.1:59445]' for 'POST' to 'http://localhost:59445/session/39cfb99c71b51081ac0e1566d6b0724c/element'
18:27:42.107 [Forwarding findElement on session 39cfb99c71b51081ac0e1566d6b0724c to remote] DEBUG org.asynchttpclient.netty.request.NettyRequestSender - Using open Channel [id: 0xd8abf313, L:/127.0.0.1:49713 - R:localhost/127.0.0.1:59445] for POST '/session/39cfb99c71b51081ac0e1566d6b0724c/element'
18:27:42.123 [AsyncHttpClient-1-9] DEBUG org.asynchttpclient.netty.handler.HttpHandler - 

Request DefaultHttpRequest(decodeResult: success, version: HTTP/1.1)
POST /session/39cfb99c71b51081ac0e1566d6b0724c/element HTTP/1.1
User-Agent: selenium/4.1.4 (java windows)
Content-Length: 72
Content-Type: application/json; charset=utf-8
host: localhost:59445
accept: */*

Response DefaultHttpResponse(decodeResult: success, version: HTTP/1.1)
HTTP/1.1 200 OK
Content-Type: application/json; charset=utf-8
cache-control: no-cache
content-length: 88

18:27:42.124 [AsyncHttpClient-1-9] DEBUG org.asynchttpclient.netty.channel.ChannelManager - Adding key: http://localhost:59445 for channel [id: 0xd8abf313, L:/127.0.0.1:49713 - R:localhost/127.0.0.1:59445]
18:27:42.124 [Forwarding sendKeysToElement on session 39cfb99c71b51081ac0e1566d6b0724c to remote] DEBUG org.asynchttpclient.netty.request.NettyRequestSender - Using pooled Channel '[id: 0xd8abf313, L:/127.0.0.1:49713 - R:localhost/127.0.0.1:59445]' for 'POST' to 'http://localhost:59445/session/39cfb99c71b51081ac0e1566d6b0724c/element/c4f2cf00-408e-4fd1-ab20-92475976728c/value'
18:27:42.124 [Forwarding sendKeysToElement on session 39cfb99c71b51081ac0e1566d6b0724c to remote] DEBUG org.asynchttpclient.netty.request.NettyRequestSender - Using open Channel [id: 0xd8abf313, L:/127.0.0.1:49713 - R:localhost/127.0.0.1:59445] for POST '/session/39cfb99c71b51081ac0e1566d6b0724c/element/c4f2cf00-408e-4fd1-ab20-92475976728c/value'
18:27:42.178 [AsyncHttpClient-1-9] DEBUG org.asynchttpclient.netty.handler.HttpHandler - 

Request DefaultHttpRequest(decodeResult: success, version: HTTP/1.1)
POST /session/39cfb99c71b51081ac0e1566d6b0724c/element/c4f2cf00-408e-4fd1-ab20-92475976728c/value HTTP/1.1
User-Agent: selenium/4.1.4 (java windows)
Content-Length: 82
Content-Type: application/json; charset=utf-8
host: localhost:59445
accept: */*

Response DefaultHttpResponse(decodeResult: success, version: HTTP/1.1)
HTTP/1.1 200 OK
Content-Type: application/json; charset=utf-8
cache-control: no-cache
content-length: 14

18:27:42.179 [AsyncHttpClient-1-9] DEBUG org.asynchttpclient.netty.channel.ChannelManager - Adding key: http://localhost:59445 for channel [id: 0xd8abf313, L:/127.0.0.1:49713 - R:localhost/127.0.0.1:59445]
18:27:42.182 [Forwarding findElement on session 39cfb99c71b51081ac0e1566d6b0724c to remote] DEBUG org.asynchttpclient.netty.request.NettyRequestSender - Using pooled Channel '[id: 0xd8abf313, L:/127.0.0.1:49713 - R:localhost/127.0.0.1:59445]' for 'POST' to 'http://localhost:59445/session/39cfb99c71b51081ac0e1566d6b0724c/element'
18:27:42.182 [Forwarding findElement on session 39cfb99c71b51081ac0e1566d6b0724c to remote] DEBUG org.asynchttpclient.netty.request.NettyRequestSender - Using open Channel [id: 0xd8abf313, L:/127.0.0.1:49713 - R:localhost/127.0.0.1:59445] for POST '/session/39cfb99c71b51081ac0e1566d6b0724c/element'
18:27:42.194 [AsyncHttpClient-1-9] DEBUG org.asynchttpclient.netty.handler.HttpHandler - 

Request DefaultHttpRequest(decodeResult: success, version: HTTP/1.1)
POST /session/39cfb99c71b51081ac0e1566d6b0724c/element HTTP/1.1
User-Agent: selenium/4.1.4 (java windows)
Content-Length: 65
Content-Type: application/json; charset=utf-8
host: localhost:59445
accept: */*

Response DefaultHttpResponse(decodeResult: success, version: HTTP/1.1)
HTTP/1.1 200 OK
Content-Type: application/json; charset=utf-8
cache-control: no-cache
content-length: 88

18:27:42.195 [AsyncHttpClient-1-9] DEBUG org.asynchttpclient.netty.channel.ChannelManager - Adding key: http://localhost:59445 for channel [id: 0xd8abf313, L:/127.0.0.1:49713 - R:localhost/127.0.0.1:59445]
18:27:42.197 [Forwarding sendKeysToElement on session 39cfb99c71b51081ac0e1566d6b0724c to remote] DEBUG org.asynchttpclient.netty.request.NettyRequestSender - Using pooled Channel '[id: 0xd8abf313, L:/127.0.0.1:49713 - R:localhost/127.0.0.1:59445]' for 'POST' to 'http://localhost:59445/session/39cfb99c71b51081ac0e1566d6b0724c/element/e35c7109-7aaa-4ea0-9643-ea4e3c36a1d8/value'
18:27:42.197 [Forwarding sendKeysToElement on session 39cfb99c71b51081ac0e1566d6b0724c to remote] DEBUG org.asynchttpclient.netty.request.NettyRequestSender - Using open Channel [id: 0xd8abf313, L:/127.0.0.1:49713 - R:localhost/127.0.0.1:59445] for POST '/session/39cfb99c71b51081ac0e1566d6b0724c/element/e35c7109-7aaa-4ea0-9643-ea4e3c36a1d8/value'
18:27:42.257 [AsyncHttpClient-1-9] DEBUG org.asynchttpclient.netty.handler.HttpHandler - 

Request DefaultHttpRequest(decodeResult: success, version: HTTP/1.1)
POST /session/39cfb99c71b51081ac0e1566d6b0724c/element/e35c7109-7aaa-4ea0-9643-ea4e3c36a1d8/value HTTP/1.1
User-Agent: selenium/4.1.4 (java windows)
Content-Length: 82
Content-Type: application/json; charset=utf-8
host: localhost:59445
accept: */*

Response DefaultHttpResponse(decodeResult: success, version: HTTP/1.1)
HTTP/1.1 200 OK
Content-Type: application/json; charset=utf-8
cache-control: no-cache
content-length: 14

18:27:42.257 [AsyncHttpClient-1-9] DEBUG org.asynchttpclient.netty.channel.ChannelManager - Adding key: http://localhost:59445 for channel [id: 0xd8abf313, L:/127.0.0.1:49713 - R:localhost/127.0.0.1:59445]
18:27:42.259 [Forwarding findElement on session 39cfb99c71b51081ac0e1566d6b0724c to remote] DEBUG org.asynchttpclient.netty.request.NettyRequestSender - Using pooled Channel '[id: 0xd8abf313, L:/127.0.0.1:49713 - R:localhost/127.0.0.1:59445]' for 'POST' to 'http://localhost:59445/session/39cfb99c71b51081ac0e1566d6b0724c/element'
18:27:42.259 [Forwarding findElement on session 39cfb99c71b51081ac0e1566d6b0724c to remote] DEBUG org.asynchttpclient.netty.request.NettyRequestSender - Using open Channel [id: 0xd8abf313, L:/127.0.0.1:49713 - R:localhost/127.0.0.1:59445] for POST '/session/39cfb99c71b51081ac0e1566d6b0724c/element'
18:27:42.274 [AsyncHttpClient-1-9] DEBUG org.asynchttpclient.netty.handler.HttpHandler - 

Request DefaultHttpRequest(decodeResult: success, version: HTTP/1.1)
POST /session/39cfb99c71b51081ac0e1566d6b0724c/element HTTP/1.1
User-Agent: selenium/4.1.4 (java windows)
Content-Length: 66
Content-Type: application/json; charset=utf-8
host: localhost:59445
accept: */*

Response DefaultHttpResponse(decodeResult: success, version: HTTP/1.1)
HTTP/1.1 200 OK
Content-Type: application/json; charset=utf-8
cache-control: no-cache
content-length: 88

18:27:42.274 [AsyncHttpClient-1-9] DEBUG org.asynchttpclient.netty.channel.ChannelManager - Adding key: http://localhost:59445 for channel [id: 0xd8abf313, L:/127.0.0.1:49713 - R:localhost/127.0.0.1:59445]
18:27:42.275 [Forwarding sendKeysToElement on session 39cfb99c71b51081ac0e1566d6b0724c to remote] DEBUG org.asynchttpclient.netty.request.NettyRequestSender - Using pooled Channel '[id: 0xd8abf313, L:/127.0.0.1:49713 - R:localhost/127.0.0.1:59445]' for 'POST' to 'http://localhost:59445/session/39cfb99c71b51081ac0e1566d6b0724c/element/134724c5-3f09-4b58-b7d0-36833af77809/value'
18:27:42.275 [Forwarding sendKeysToElement on session 39cfb99c71b51081ac0e1566d6b0724c to remote] DEBUG org.asynchttpclient.netty.request.NettyRequestSender - Using open Channel [id: 0xd8abf313, L:/127.0.0.1:49713 - R:localhost/127.0.0.1:59445] for POST '/session/39cfb99c71b51081ac0e1566d6b0724c/element/134724c5-3f09-4b58-b7d0-36833af77809/value'
18:27:42.330 [AsyncHttpClient-1-9] DEBUG org.asynchttpclient.netty.handler.HttpHandler - 

Request DefaultHttpRequest(decodeResult: success, version: HTTP/1.1)
POST /session/39cfb99c71b51081ac0e1566d6b0724c/element/134724c5-3f09-4b58-b7d0-36833af77809/value HTTP/1.1
User-Agent: selenium/4.1.4 (java windows)
Content-Length: 82
Content-Type: application/json; charset=utf-8
host: localhost:59445
accept: */*

Response DefaultHttpResponse(decodeResult: success, version: HTTP/1.1)
HTTP/1.1 200 OK
Content-Type: application/json; charset=utf-8
cache-control: no-cache
content-length: 14

18:27:42.330 [AsyncHttpClient-1-9] DEBUG org.asynchttpclient.netty.channel.ChannelManager - Adding key: http://localhost:59445 for channel [id: 0xd8abf313, L:/127.0.0.1:49713 - R:localhost/127.0.0.1:59445]
18:27:42.335 [Forwarding findElement on session 39cfb99c71b51081ac0e1566d6b0724c to remote] DEBUG org.asynchttpclient.netty.request.NettyRequestSender - Using pooled Channel '[id: 0xd8abf313, L:/127.0.0.1:49713 - R:localhost/127.0.0.1:59445]' for 'POST' to 'http://localhost:59445/session/39cfb99c71b51081ac0e1566d6b0724c/element'
18:27:42.335 [Forwarding findElement on session 39cfb99c71b51081ac0e1566d6b0724c to remote] DEBUG org.asynchttpclient.netty.request.NettyRequestSender - Using open Channel [id: 0xd8abf313, L:/127.0.0.1:49713 - R:localhost/127.0.0.1:59445] for POST '/session/39cfb99c71b51081ac0e1566d6b0724c/element'
18:27:42.349 [AsyncHttpClient-1-9] DEBUG org.asynchttpclient.netty.handler.HttpHandler - 

Request DefaultHttpRequest(decodeResult: success, version: HTTP/1.1)
POST /session/39cfb99c71b51081ac0e1566d6b0724c/element HTTP/1.1
User-Agent: selenium/4.1.4 (java windows)
Content-Length: 66
Content-Type: application/json; charset=utf-8
host: localhost:59445
accept: */*

Response DefaultHttpResponse(decodeResult: success, version: HTTP/1.1)
HTTP/1.1 200 OK
Content-Type: application/json; charset=utf-8
cache-control: no-cache
content-length: 88

18:27:42.349 [AsyncHttpClient-1-9] DEBUG org.asynchttpclient.netty.channel.ChannelManager - Adding key: http://localhost:59445 for channel [id: 0xd8abf313, L:/127.0.0.1:49713 - R:localhost/127.0.0.1:59445]
18:27:42.351 [Forwarding sendKeysToElement on session 39cfb99c71b51081ac0e1566d6b0724c to remote] DEBUG org.asynchttpclient.netty.request.NettyRequestSender - Using pooled Channel '[id: 0xd8abf313, L:/127.0.0.1:49713 - R:localhost/127.0.0.1:59445]' for 'POST' to 'http://localhost:59445/session/39cfb99c71b51081ac0e1566d6b0724c/element/dffd7ba5-324b-4d63-a7af-609aef25cbad/value'
18:27:42.351 [Forwarding sendKeysToElement on session 39cfb99c71b51081ac0e1566d6b0724c to remote] DEBUG org.asynchttpclient.netty.request.NettyRequestSender - Using open Channel [id: 0xd8abf313, L:/127.0.0.1:49713 - R:localhost/127.0.0.1:59445] for POST '/session/39cfb99c71b51081ac0e1566d6b0724c/element/dffd7ba5-324b-4d63-a7af-609aef25cbad/value'
18:27:42.406 [AsyncHttpClient-1-9] DEBUG org.asynchttpclient.netty.handler.HttpHandler - 

Request DefaultHttpRequest(decodeResult: success, version: HTTP/1.1)
POST /session/39cfb99c71b51081ac0e1566d6b0724c/element/dffd7ba5-324b-4d63-a7af-609aef25cbad/value HTTP/1.1
User-Agent: selenium/4.1.4 (java windows)
Content-Length: 82
Content-Type: application/json; charset=utf-8
host: localhost:59445
accept: */*

Response DefaultHttpResponse(decodeResult: success, version: HTTP/1.1)
HTTP/1.1 200 OK
Content-Type: application/json; charset=utf-8
cache-control: no-cache
content-length: 14

18:27:42.406 [AsyncHttpClient-1-9] DEBUG org.asynchttpclient.netty.channel.ChannelManager - Adding key: http://localhost:59445 for channel [id: 0xd8abf313, L:/127.0.0.1:49713 - R:localhost/127.0.0.1:59445]
18:27:42.408 [Forwarding findElement on session 39cfb99c71b51081ac0e1566d6b0724c to remote] DEBUG org.asynchttpclient.netty.request.NettyRequestSender - Using pooled Channel '[id: 0xd8abf313, L:/127.0.0.1:49713 - R:localhost/127.0.0.1:59445]' for 'POST' to 'http://localhost:59445/session/39cfb99c71b51081ac0e1566d6b0724c/element'
18:27:42.408 [Forwarding findElement on session 39cfb99c71b51081ac0e1566d6b0724c to remote] DEBUG org.asynchttpclient.netty.request.NettyRequestSender - Using open Channel [id: 0xd8abf313, L:/127.0.0.1:49713 - R:localhost/127.0.0.1:59445] for POST '/session/39cfb99c71b51081ac0e1566d6b0724c/element'
18:27:42.419 [AsyncHttpClient-1-9] DEBUG org.asynchttpclient.netty.handler.HttpHandler - 

Request DefaultHttpRequest(decodeResult: success, version: HTTP/1.1)
POST /session/39cfb99c71b51081ac0e1566d6b0724c/element HTTP/1.1
User-Agent: selenium/4.1.4 (java windows)
Content-Length: 68
Content-Type: application/json; charset=utf-8
host: localhost:59445
accept: */*

Response DefaultHttpResponse(decodeResult: success, version: HTTP/1.1)
HTTP/1.1 200 OK
Content-Type: application/json; charset=utf-8
cache-control: no-cache
content-length: 88

18:27:42.419 [AsyncHttpClient-1-9] DEBUG org.asynchttpclient.netty.channel.ChannelManager - Adding key: http://localhost:59445 for channel [id: 0xd8abf313, L:/127.0.0.1:49713 - R:localhost/127.0.0.1:59445]
18:27:42.420 [Forwarding sendKeysToElement on session 39cfb99c71b51081ac0e1566d6b0724c to remote] DEBUG org.asynchttpclient.netty.request.NettyRequestSender - Using pooled Channel '[id: 0xd8abf313, L:/127.0.0.1:49713 - R:localhost/127.0.0.1:59445]' for 'POST' to 'http://localhost:59445/session/39cfb99c71b51081ac0e1566d6b0724c/element/34788070-547e-4606-a443-4fd2f24f6142/value'
18:27:42.420 [Forwarding sendKeysToElement on session 39cfb99c71b51081ac0e1566d6b0724c to remote] DEBUG org.asynchttpclient.netty.request.NettyRequestSender - Using open Channel [id: 0xd8abf313, L:/127.0.0.1:49713 - R:localhost/127.0.0.1:59445] for POST '/session/39cfb99c71b51081ac0e1566d6b0724c/element/34788070-547e-4606-a443-4fd2f24f6142/value'
18:27:42.467 [AsyncHttpClient-1-9] DEBUG org.asynchttpclient.netty.handler.HttpHandler - 

Request DefaultHttpRequest(decodeResult: success, version: HTTP/1.1)
POST /session/39cfb99c71b51081ac0e1566d6b0724c/element/34788070-547e-4606-a443-4fd2f24f6142/value HTTP/1.1
User-Agent: selenium/4.1.4 (java windows)
Content-Length: 82
Content-Type: application/json; charset=utf-8
host: localhost:59445
accept: */*

Response DefaultHttpResponse(decodeResult: success, version: HTTP/1.1)
HTTP/1.1 200 OK
Content-Type: application/json; charset=utf-8
cache-control: no-cache
content-length: 14

18:27:42.467 [AsyncHttpClient-1-9] DEBUG org.asynchttpclient.netty.channel.ChannelManager - Adding key: http://localhost:59445 for channel [id: 0xd8abf313, L:/127.0.0.1:49713 - R:localhost/127.0.0.1:59445]
18:27:42.472 [Forwarding screenshot on session 39cfb99c71b51081ac0e1566d6b0724c to remote] DEBUG org.asynchttpclient.netty.request.NettyRequestSender - Using pooled Channel '[id: 0xd8abf313, L:/127.0.0.1:49713 - R:localhost/127.0.0.1:59445]' for 'GET' to 'http://localhost:59445/session/39cfb99c71b51081ac0e1566d6b0724c/screenshot'
18:27:42.472 [Forwarding screenshot on session 39cfb99c71b51081ac0e1566d6b0724c to remote] DEBUG org.asynchttpclient.netty.request.NettyRequestSender - Using open Channel [id: 0xd8abf313, L:/127.0.0.1:49713 - R:localhost/127.0.0.1:59445] for GET '/session/39cfb99c71b51081ac0e1566d6b0724c/screenshot'
18:27:42.693 [AsyncHttpClient-1-9] DEBUG org.asynchttpclient.netty.handler.HttpHandler - 

Request DefaultFullHttpRequest(decodeResult: success, version: HTTP/1.1, content: EmptyByteBufBE)
GET /session/39cfb99c71b51081ac0e1566d6b0724c/screenshot HTTP/1.1
User-Agent: selenium/4.1.4 (java windows)
Cache-Control: no-cache
Content-Type: application/json; charset=utf-8
host: localhost:59445
accept: */*

Response DefaultHttpResponse(decodeResult: success, version: HTTP/1.1)
HTTP/1.1 200 OK
Content-Type: application/json; charset=utf-8
cache-control: no-cache
content-length: 125852

18:27:42.694 [AsyncHttpClient-1-9] DEBUG org.asynchttpclient.netty.channel.ChannelManager - Adding key: http://localhost:59445 for channel [id: 0xd8abf313, L:/127.0.0.1:49713 - R:localhost/127.0.0.1:59445]
18:27:42.697 [main] DEBUG net.serenitybdd.core.photography.Darkroom - Send negative for processing for target\site\serenity\87383c8002385161f324cd9aef3bdc757016d9041089177c85185531bcfc42f6.png
18:27:42.697 [main] DEBUG net.thucydides.core.steps.StepInterceptor - STEP DONE: inputDataPasien
  &amp#27;[32mAnd &amp#27;[0m&amp#27;[32mI input &amp#27;[0m&amp#27;[32m&amp#27;[1m""&amp#27;[0m&amp#27;[32m &amp#27;[0m&amp#27;[32m&amp#27;[1m""&amp#27;[0m&amp#27;[32m &amp#27;[0m&amp#27;[32m&amp#27;[1m""&amp#27;[0m&amp#27;[32m &amp#27;[0m&amp#27;[32m&amp#27;[1m""&amp#27;[0m&amp#27;[32m &amp#27;[0m&amp#27;[32m&amp#27;[1m""&amp#27;[0m&amp#27;[32m patient&amp#27;[0m                                           &amp#27;[90m# starter.stepdefinitios.PatientDataSteps.iInput(java.lang.String,java.lang.String,java.lang.String,java.lang.String,java.lang.String)&amp#27;[0m
18:27:42.697 [Darkroom Processing Line] DEBUG net.serenitybdd.core.photography.DarkroomProcessingLine - Processing screenshot image in /var/screenshots/screenshot-13030625614417406306
18:27:42.697 [Darkroom Processing Line] DEBUG net.serenitybdd.core.photography.DarkroomProcessingLine - Saving screenshot to target\site\serenity\87383c8002385161f324cd9aef3bdc757016d9041089177c85185531bcfc42f6.png
18:27:42.722 [main] DEBUG net.thucydides.core.steps.StepInterceptor - STARTING STEP: PatientDataSteps.iClickButtonJenisKelamin - clickLaki
18:27:42.725 [Forwarding findElement on session 39cfb99c71b51081ac0e1566d6b0724c to remote] DEBUG org.asynchttpclient.netty.request.NettyRequestSender - Using pooled Channel '[id: 0xd8abf313, L:/127.0.0.1:49713 - R:localhost/127.0.0.1:59445]' for 'POST' to 'http://localhost:59445/session/39cfb99c71b51081ac0e1566d6b0724c/element'
18:27:42.725 [Forwarding findElement on session 39cfb99c71b51081ac0e1566d6b0724c to remote] DEBUG org.asynchttpclient.netty.request.NettyRequestSender - Using open Channel [id: 0xd8abf313, L:/127.0.0.1:49713 - R:localhost/127.0.0.1:59445] for POST '/session/39cfb99c71b51081ac0e1566d6b0724c/element'
18:27:42.735 [AsyncHttpClient-1-1] DEBUG org.asynchttpclient.netty.channel.DefaultChannelPool - Entry count for : http://localhost:49714 : 1
18:27:42.744 [AsyncHttpClient-1-9] DEBUG org.asynchttpclient.netty.handler.HttpHandler - 

Request DefaultHttpRequest(decodeResult: success, version: HTTP/1.1)
POST /session/39cfb99c71b51081ac0e1566d6b0724c/element HTTP/1.1
User-Agent: selenium/4.1.4 (java windows)
Content-Length: 182
Content-Type: application/json; charset=utf-8
host: localhost:59445
accept: */*

Response DefaultHttpResponse(decodeResult: success, version: HTTP/1.1)
HTTP/1.1 200 OK
Content-Type: application/json; charset=utf-8
cache-control: no-cache
content-length: 88

18:27:42.744 [AsyncHttpClient-1-9] DEBUG org.asynchttpclient.netty.channel.ChannelManager - Adding key: http://localhost:59445 for channel [id: 0xd8abf313, L:/127.0.0.1:49713 - R:localhost/127.0.0.1:59445]
18:27:42.745 [Forwarding getElementTagName on session 39cfb99c71b51081ac0e1566d6b0724c to remote] DEBUG org.asynchttpclient.netty.request.NettyRequestSender - Using pooled Channel '[id: 0xd8abf313, L:/127.0.0.1:49713 - R:localhost/127.0.0.1:59445]' for 'GET' to 'http://localhost:59445/session/39cfb99c71b51081ac0e1566d6b0724c/element/c16d25ab-f9d0-4010-8c4c-7d75d905fa18/name'
18:27:42.745 [Forwarding getElementTagName on session 39cfb99c71b51081ac0e1566d6b0724c to remote] DEBUG org.asynchttpclient.netty.request.NettyRequestSender - Using open Channel [id: 0xd8abf313, L:/127.0.0.1:49713 - R:localhost/127.0.0.1:59445] for GET '/session/39cfb99c71b51081ac0e1566d6b0724c/element/c16d25ab-f9d0-4010-8c4c-7d75d905fa18/name'
18:27:42.753 [AsyncHttpClient-1-9] DEBUG org.asynchttpclient.netty.handler.HttpHandler - 

Request DefaultFullHttpRequest(decodeResult: success, version: HTTP/1.1, content: EmptyByteBufBE)
GET /session/39cfb99c71b51081ac0e1566d6b0724c/element/c16d25ab-f9d0-4010-8c4c-7d75d905fa18/name HTTP/1.1
User-Agent: selenium/4.1.4 (java windows)
Cache-Control: no-cache
Content-Type: application/json; charset=utf-8
host: localhost:59445
accept: */*

Response DefaultHttpResponse(decodeResult: success, version: HTTP/1.1)
HTTP/1.1 200 OK
Content-Type: application/json; charset=utf-8
cache-control: no-cache
content-length: 16

18:27:42.753 [AsyncHttpClient-1-9] DEBUG org.asynchttpclient.netty.channel.ChannelManager - Adding key: http://localhost:59445 for channel [id: 0xd8abf313, L:/127.0.0.1:49713 - R:localhost/127.0.0.1:59445]
18:27:42.754 [Forwarding getElementTagName on session 39cfb99c71b51081ac0e1566d6b0724c to remote] DEBUG org.asynchttpclient.netty.request.NettyRequestSender - Using pooled Channel '[id: 0xd8abf313, L:/127.0.0.1:49713 - R:localhost/127.0.0.1:59445]' for 'GET' to 'http://localhost:59445/session/39cfb99c71b51081ac0e1566d6b0724c/element/c16d25ab-f9d0-4010-8c4c-7d75d905fa18/name'
18:27:42.754 [Forwarding getElementTagName on session 39cfb99c71b51081ac0e1566d6b0724c to remote] DEBUG org.asynchttpclient.netty.request.NettyRequestSender - Using open Channel [id: 0xd8abf313, L:/127.0.0.1:49713 - R:localhost/127.0.0.1:59445] for GET '/session/39cfb99c71b51081ac0e1566d6b0724c/element/c16d25ab-f9d0-4010-8c4c-7d75d905fa18/name'
18:27:42.761 [AsyncHttpClient-1-9] DEBUG org.asynchttpclient.netty.handler.HttpHandler - 

Request DefaultFullHttpRequest(decodeResult: success, version: HTTP/1.1, content: EmptyByteBufBE)
GET /session/39cfb99c71b51081ac0e1566d6b0724c/element/c16d25ab-f9d0-4010-8c4c-7d75d905fa18/name HTTP/1.1
User-Agent: selenium/4.1.4 (java windows)
Cache-Control: no-cache
Content-Type: application/json; charset=utf-8
host: localhost:59445
accept: */*

Response DefaultHttpResponse(decodeResult: success, version: HTTP/1.1)
HTTP/1.1 200 OK
Content-Type: application/json; charset=utf-8
cache-control: no-cache
content-length: 16

18:27:42.761 [AsyncHttpClient-1-9] DEBUG org.asynchttpclient.netty.channel.ChannelManager - Adding key: http://localhost:59445 for channel [id: 0xd8abf313, L:/127.0.0.1:49713 - R:localhost/127.0.0.1:59445]
18:27:42.762 [Forwarding findElement on session 39cfb99c71b51081ac0e1566d6b0724c to remote] DEBUG org.asynchttpclient.netty.request.NettyRequestSender - Using pooled Channel '[id: 0xd8abf313, L:/127.0.0.1:49713 - R:localhost/127.0.0.1:59445]' for 'POST' to 'http://localhost:59445/session/39cfb99c71b51081ac0e1566d6b0724c/element'
18:27:42.762 [Forwarding findElement on session 39cfb99c71b51081ac0e1566d6b0724c to remote] DEBUG org.asynchttpclient.netty.request.NettyRequestSender - Using open Channel [id: 0xd8abf313, L:/127.0.0.1:49713 - R:localhost/127.0.0.1:59445] for POST '/session/39cfb99c71b51081ac0e1566d6b0724c/element'
18:27:42.773 [AsyncHttpClient-1-9] DEBUG org.asynchttpclient.netty.handler.HttpHandler - 

Request DefaultHttpRequest(decodeResult: success, version: HTTP/1.1)
POST /session/39cfb99c71b51081ac0e1566d6b0724c/element HTTP/1.1
User-Agent: selenium/4.1.4 (java windows)
Content-Length: 182
Content-Type: application/json; charset=utf-8
host: localhost:59445
accept: */*

Response DefaultHttpResponse(decodeResult: success, version: HTTP/1.1)
HTTP/1.1 200 OK
Content-Type: application/json; charset=utf-8
cache-control: no-cache
content-length: 88

18:27:42.774 [AsyncHttpClient-1-9] DEBUG org.asynchttpclient.netty.channel.ChannelManager - Adding key: http://localhost:59445 for channel [id: 0xd8abf313, L:/127.0.0.1:49713 - R:localhost/127.0.0.1:59445]
18:27:42.776 [Forwarding clickElement on session 39cfb99c71b51081ac0e1566d6b0724c to remote] DEBUG org.asynchttpclient.netty.request.NettyRequestSender - Using pooled Channel '[id: 0xd8abf313, L:/127.0.0.1:49713 - R:localhost/127.0.0.1:59445]' for 'POST' to 'http://localhost:59445/session/39cfb99c71b51081ac0e1566d6b0724c/element/c16d25ab-f9d0-4010-8c4c-7d75d905fa18/click'
18:27:42.776 [Forwarding clickElement on session 39cfb99c71b51081ac0e1566d6b0724c to remote] DEBUG org.asynchttpclient.netty.request.NettyRequestSender - Using open Channel [id: 0xd8abf313, L:/127.0.0.1:49713 - R:localhost/127.0.0.1:59445] for POST '/session/39cfb99c71b51081ac0e1566d6b0724c/element/c16d25ab-f9d0-4010-8c4c-7d75d905fa18/click'
18:27:42.873 [AsyncHttpClient-1-9] DEBUG org.asynchttpclient.netty.handler.HttpHandler - 

Request DefaultHttpRequest(decodeResult: success, version: HTTP/1.1)
POST /session/39cfb99c71b51081ac0e1566d6b0724c/element/c16d25ab-f9d0-4010-8c4c-7d75d905fa18/click HTTP/1.1
User-Agent: selenium/4.1.4 (java windows)
Content-Length: 50
Content-Type: application/json; charset=utf-8
host: localhost:59445
accept: */*

Response DefaultHttpResponse(decodeResult: success, version: HTTP/1.1)
HTTP/1.1 200 OK
Content-Type: application/json; charset=utf-8
cache-control: no-cache
content-length: 14

18:27:42.878 [AsyncHttpClient-1-9] DEBUG org.asynchttpclient.netty.channel.ChannelManager - Adding key: http://localhost:59445 for channel [id: 0xd8abf313, L:/127.0.0.1:49713 - R:localhost/127.0.0.1:59445]
18:27:42.891 [Forwarding screenshot on session 39cfb99c71b51081ac0e1566d6b0724c to remote] DEBUG org.asynchttpclient.netty.request.NettyRequestSender - Using pooled Channel '[id: 0xd8abf313, L:/127.0.0.1:49713 - R:localhost/127.0.0.1:59445]' for 'GET' to 'http://localhost:59445/session/39cfb99c71b51081ac0e1566d6b0724c/screenshot'
18:27:42.891 [Forwarding screenshot on session 39cfb99c71b51081ac0e1566d6b0724c to remote] DEBUG org.asynchttpclient.netty.request.NettyRequestSender - Using open Channel [id: 0xd8abf313, L:/127.0.0.1:49713 - R:localhost/127.0.0.1:59445] for GET '/session/39cfb99c71b51081ac0e1566d6b0724c/screenshot'
18:27:43.148 [AsyncHttpClient-1-9] DEBUG org.asynchttpclient.netty.handler.HttpHandler - 

Request DefaultFullHttpRequest(decodeResult: success, version: HTTP/1.1, content: EmptyByteBufBE)
GET /session/39cfb99c71b51081ac0e1566d6b0724c/screenshot HTTP/1.1
User-Agent: selenium/4.1.4 (java windows)
Cache-Control: no-cache
Content-Type: application/json; charset=utf-8
host: localhost:59445
accept: */*

Response DefaultHttpResponse(decodeResult: success, version: HTTP/1.1)
HTTP/1.1 200 OK
Content-Type: application/json; charset=utf-8
cache-control: no-cache
content-length: 126468

18:27:43.148 [AsyncHttpClient-1-9] DEBUG org.asynchttpclient.netty.channel.ChannelManager - Adding key: http://localhost:59445 for channel [id: 0xd8abf313, L:/127.0.0.1:49713 - R:localhost/127.0.0.1:59445]
18:27:43.153 [main] DEBUG net.serenitybdd.core.photography.Darkroom - Send negative for processing for target\site\serenity\fb264b371bb18815210d6398847b020aaa8a8aaf86606d0731e71ea5e2b3e9ca.png
18:27:43.153 [main] DEBUG net.thucydides.core.steps.StepInterceptor - STEP DONE: clickLaki
  &amp#27;[32mAnd &amp#27;[0m&amp#27;[32mI click button jenis kelamin laki-laki&amp#27;[0m                                   &amp#27;[90m# starter.stepdefinitios.PatientDataSteps.iClickButtonJenisKelamin()&amp#27;[0m
18:27:43.153 [Darkroom Processing Line] DEBUG net.serenitybdd.core.photography.DarkroomProcessingLine - Processing screenshot image in /var/screenshots/screenshot-14635909820359400269
18:27:43.154 [Darkroom Processing Line] DEBUG net.serenitybdd.core.photography.DarkroomProcessingLine - Saving screenshot to target\site\serenity\fb264b371bb18815210d6398847b020aaa8a8aaf86606d0731e71ea5e2b3e9ca.png
18:27:43.170 [main] DEBUG net.thucydides.core.steps.StepInterceptor - STARTING STEP: PatientDataSteps.clickButtonSimpan - clickButtonSave
18:27:43.173 [Forwarding findElement on session 39cfb99c71b51081ac0e1566d6b0724c to remote] DEBUG org.asynchttpclient.netty.request.NettyRequestSender - Using pooled Channel '[id: 0xd8abf313, L:/127.0.0.1:49713 - R:localhost/127.0.0.1:59445]' for 'POST' to 'http://localhost:59445/session/39cfb99c71b51081ac0e1566d6b0724c/element'
18:27:43.173 [Forwarding findElement on session 39cfb99c71b51081ac0e1566d6b0724c to remote] DEBUG org.asynchttpclient.netty.request.NettyRequestSender - Using open Channel [id: 0xd8abf313, L:/127.0.0.1:49713 - R:localhost/127.0.0.1:59445] for POST '/session/39cfb99c71b51081ac0e1566d6b0724c/element'
18:27:43.184 [AsyncHttpClient-1-9] DEBUG org.asynchttpclient.netty.handler.HttpHandler - 

Request DefaultHttpRequest(decodeResult: success, version: HTTP/1.1)
POST /session/39cfb99c71b51081ac0e1566d6b0724c/element HTTP/1.1
User-Agent: selenium/4.1.4 (java windows)
Content-Length: 68
Content-Type: application/json; charset=utf-8
host: localhost:59445
accept: */*

Response DefaultHttpResponse(decodeResult: success, version: HTTP/1.1)
HTTP/1.1 200 OK
Content-Type: application/json; charset=utf-8
cache-control: no-cache
content-length: 88

18:27:43.184 [AsyncHttpClient-1-9] DEBUG org.asynchttpclient.netty.channel.ChannelManager - Adding key: http://localhost:59445 for channel [id: 0xd8abf313, L:/127.0.0.1:49713 - R:localhost/127.0.0.1:59445]
18:27:43.185 [Forwarding getElementTagName on session 39cfb99c71b51081ac0e1566d6b0724c to remote] DEBUG org.asynchttpclient.netty.request.NettyRequestSender - Using pooled Channel '[id: 0xd8abf313, L:/127.0.0.1:49713 - R:localhost/127.0.0.1:59445]' for 'GET' to 'http://localhost:59445/session/39cfb99c71b51081ac0e1566d6b0724c/element/fef5babd-b024-4783-b127-310cb08296e4/name'
18:27:43.185 [Forwarding getElementTagName on session 39cfb99c71b51081ac0e1566d6b0724c to remote] DEBUG org.asynchttpclient.netty.request.NettyRequestSender - Using open Channel [id: 0xd8abf313, L:/127.0.0.1:49713 - R:localhost/127.0.0.1:59445] for GET '/session/39cfb99c71b51081ac0e1566d6b0724c/element/fef5babd-b024-4783-b127-310cb08296e4/name'
18:27:43.190 [AsyncHttpClient-1-9] DEBUG org.asynchttpclient.netty.handler.HttpHandler - 

Request DefaultFullHttpRequest(decodeResult: success, version: HTTP/1.1, content: EmptyByteBufBE)
GET /session/39cfb99c71b51081ac0e1566d6b0724c/element/fef5babd-b024-4783-b127-310cb08296e4/name HTTP/1.1
User-Agent: selenium/4.1.4 (java windows)
Cache-Control: no-cache
Content-Type: application/json; charset=utf-8
host: localhost:59445
accept: */*

Response DefaultHttpResponse(decodeResult: success, version: HTTP/1.1)
HTTP/1.1 200 OK
Content-Type: application/json; charset=utf-8
cache-control: no-cache
content-length: 18

18:27:43.190 [AsyncHttpClient-1-9] DEBUG org.asynchttpclient.netty.channel.ChannelManager - Adding key: http://localhost:59445 for channel [id: 0xd8abf313, L:/127.0.0.1:49713 - R:localhost/127.0.0.1:59445]
18:27:43.191 [Forwarding getElementTagName on session 39cfb99c71b51081ac0e1566d6b0724c to remote] DEBUG org.asynchttpclient.netty.request.NettyRequestSender - Using pooled Channel '[id: 0xd8abf313, L:/127.0.0.1:49713 - R:localhost/127.0.0.1:59445]' for 'GET' to 'http://localhost:59445/session/39cfb99c71b51081ac0e1566d6b0724c/element/fef5babd-b024-4783-b127-310cb08296e4/name'
18:27:43.191 [Forwarding getElementTagName on session 39cfb99c71b51081ac0e1566d6b0724c to remote] DEBUG org.asynchttpclient.netty.request.NettyRequestSender - Using open Channel [id: 0xd8abf313, L:/127.0.0.1:49713 - R:localhost/127.0.0.1:59445] for GET '/session/39cfb99c71b51081ac0e1566d6b0724c/element/fef5babd-b024-4783-b127-310cb08296e4/name'
18:27:43.194 [AsyncHttpClient-1-9] DEBUG org.asynchttpclient.netty.handler.HttpHandler - 

Request DefaultFullHttpRequest(decodeResult: success, version: HTTP/1.1, content: EmptyByteBufBE)
GET /session/39cfb99c71b51081ac0e1566d6b0724c/element/fef5babd-b024-4783-b127-310cb08296e4/name HTTP/1.1
User-Agent: selenium/4.1.4 (java windows)
Cache-Control: no-cache
Content-Type: application/json; charset=utf-8
host: localhost:59445
accept: */*

Response DefaultHttpResponse(decodeResult: success, version: HTTP/1.1)
HTTP/1.1 200 OK
Content-Type: application/json; charset=utf-8
cache-control: no-cache
content-length: 18

18:27:43.194 [AsyncHttpClient-1-9] DEBUG org.asynchttpclient.netty.channel.ChannelManager - Adding key: http://localhost:59445 for channel [id: 0xd8abf313, L:/127.0.0.1:49713 - R:localhost/127.0.0.1:59445]
18:27:43.195 [Forwarding isElementEnabled on session 39cfb99c71b51081ac0e1566d6b0724c to remote] DEBUG org.asynchttpclient.netty.request.NettyRequestSender - Using pooled Channel '[id: 0xd8abf313, L:/127.0.0.1:49713 - R:localhost/127.0.0.1:59445]' for 'GET' to 'http://localhost:59445/session/39cfb99c71b51081ac0e1566d6b0724c/element/fef5babd-b024-4783-b127-310cb08296e4/enabled'
18:27:43.195 [Forwarding isElementEnabled on session 39cfb99c71b51081ac0e1566d6b0724c to remote] DEBUG org.asynchttpclient.netty.request.NettyRequestSender - Using open Channel [id: 0xd8abf313, L:/127.0.0.1:49713 - R:localhost/127.0.0.1:59445] for GET '/session/39cfb99c71b51081ac0e1566d6b0724c/element/fef5babd-b024-4783-b127-310cb08296e4/enabled'
18:27:43.205 [AsyncHttpClient-1-9] DEBUG org.asynchttpclient.netty.handler.HttpHandler - 

Request DefaultFullHttpRequest(decodeResult: success, version: HTTP/1.1, content: EmptyByteBufBE)
GET /session/39cfb99c71b51081ac0e1566d6b0724c/element/fef5babd-b024-4783-b127-310cb08296e4/enabled HTTP/1.1
User-Agent: selenium/4.1.4 (java windows)
Cache-Control: no-cache
Content-Type: application/json; charset=utf-8
host: localhost:59445
accept: */*

Response DefaultHttpResponse(decodeResult: success, version: HTTP/1.1)
HTTP/1.1 200 OK
Content-Type: application/json; charset=utf-8
cache-control: no-cache
content-length: 14

18:27:43.205 [AsyncHttpClient-1-9] DEBUG org.asynchttpclient.netty.channel.ChannelManager - Adding key: http://localhost:59445 for channel [id: 0xd8abf313, L:/127.0.0.1:49713 - R:localhost/127.0.0.1:59445]
18:27:43.206 [Forwarding isElementEnabled on session 39cfb99c71b51081ac0e1566d6b0724c to remote] DEBUG org.asynchttpclient.netty.request.NettyRequestSender - Using pooled Channel '[id: 0xd8abf313, L:/127.0.0.1:49713 - R:localhost/127.0.0.1:59445]' for 'GET' to 'http://localhost:59445/session/39cfb99c71b51081ac0e1566d6b0724c/element/fef5babd-b024-4783-b127-310cb08296e4/enabled'
18:27:43.206 [Forwarding isElementEnabled on session 39cfb99c71b51081ac0e1566d6b0724c to remote] DEBUG org.asynchttpclient.netty.request.NettyRequestSender - Using open Channel [id: 0xd8abf313, L:/127.0.0.1:49713 - R:localhost/127.0.0.1:59445] for GET '/session/39cfb99c71b51081ac0e1566d6b0724c/element/fef5babd-b024-4783-b127-310cb08296e4/enabled'
18:27:43.212 [AsyncHttpClient-1-9] DEBUG org.asynchttpclient.netty.handler.HttpHandler - 

Request DefaultFullHttpRequest(decodeResult: success, version: HTTP/1.1, content: EmptyByteBufBE)
GET /session/39cfb99c71b51081ac0e1566d6b0724c/element/fef5babd-b024-4783-b127-310cb08296e4/enabled HTTP/1.1
User-Agent: selenium/4.1.4 (java windows)
Cache-Control: no-cache
Content-Type: application/json; charset=utf-8
host: localhost:59445
accept: */*

Response DefaultHttpResponse(decodeResult: success, version: HTTP/1.1)
HTTP/1.1 200 OK
Content-Type: application/json; charset=utf-8
cache-control: no-cache
content-length: 14

18:27:43.213 [AsyncHttpClient-1-9] DEBUG org.asynchttpclient.netty.channel.ChannelManager - Adding key: http://localhost:59445 for channel [id: 0xd8abf313, L:/127.0.0.1:49713 - R:localhost/127.0.0.1:59445]
18:27:43.216 [Forwarding findElement on session 39cfb99c71b51081ac0e1566d6b0724c to remote] DEBUG org.asynchttpclient.netty.request.NettyRequestSender - Using pooled Channel '[id: 0xd8abf313, L:/127.0.0.1:49713 - R:localhost/127.0.0.1:59445]' for 'POST' to 'http://localhost:59445/session/39cfb99c71b51081ac0e1566d6b0724c/element'
18:27:43.216 [Forwarding findElement on session 39cfb99c71b51081ac0e1566d6b0724c to remote] DEBUG org.asynchttpclient.netty.request.NettyRequestSender - Using open Channel [id: 0xd8abf313, L:/127.0.0.1:49713 - R:localhost/127.0.0.1:59445] for POST '/session/39cfb99c71b51081ac0e1566d6b0724c/element'
18:27:43.223 [AsyncHttpClient-1-9] DEBUG org.asynchttpclient.netty.handler.HttpHandler - 

Request DefaultHttpRequest(decodeResult: success, version: HTTP/1.1)
POST /session/39cfb99c71b51081ac0e1566d6b0724c/element HTTP/1.1
User-Agent: selenium/4.1.4 (java windows)
Content-Length: 68
Content-Type: application/json; charset=utf-8
host: localhost:59445
accept: */*

Response DefaultHttpResponse(decodeResult: success, version: HTTP/1.1)
HTTP/1.1 200 OK
Content-Type: application/json; charset=utf-8
cache-control: no-cache
content-length: 88

18:27:43.223 [AsyncHttpClient-1-9] DEBUG org.asynchttpclient.netty.channel.ChannelManager - Adding key: http://localhost:59445 for channel [id: 0xd8abf313, L:/127.0.0.1:49713 - R:localhost/127.0.0.1:59445]
18:27:43.224 [Forwarding clickElement on session 39cfb99c71b51081ac0e1566d6b0724c to remote] DEBUG org.asynchttpclient.netty.request.NettyRequestSender - Using pooled Channel '[id: 0xd8abf313, L:/127.0.0.1:49713 - R:localhost/127.0.0.1:59445]' for 'POST' to 'http://localhost:59445/session/39cfb99c71b51081ac0e1566d6b0724c/element/fef5babd-b024-4783-b127-310cb08296e4/click'
18:27:43.224 [Forwarding clickElement on session 39cfb99c71b51081ac0e1566d6b0724c to remote] DEBUG org.asynchttpclient.netty.request.NettyRequestSender - Using open Channel [id: 0xd8abf313, L:/127.0.0.1:49713 - R:localhost/127.0.0.1:59445] for POST '/session/39cfb99c71b51081ac0e1566d6b0724c/element/fef5babd-b024-4783-b127-310cb08296e4/click'
18:27:43.291 [AsyncHttpClient-1-9] DEBUG org.asynchttpclient.netty.handler.HttpHandler - 

Request DefaultHttpRequest(decodeResult: success, version: HTTP/1.1)
POST /session/39cfb99c71b51081ac0e1566d6b0724c/element/fef5babd-b024-4783-b127-310cb08296e4/click HTTP/1.1
User-Agent: selenium/4.1.4 (java windows)
Content-Length: 50
Content-Type: application/json; charset=utf-8
host: localhost:59445
accept: */*

Response DefaultHttpResponse(decodeResult: success, version: HTTP/1.1)
HTTP/1.1 200 OK
Content-Type: application/json; charset=utf-8
cache-control: no-cache
content-length: 14

18:27:43.291 [AsyncHttpClient-1-9] DEBUG org.asynchttpclient.netty.channel.ChannelManager - Adding key: http://localhost:59445 for channel [id: 0xd8abf313, L:/127.0.0.1:49713 - R:localhost/127.0.0.1:59445]
18:27:43.298 [Forwarding screenshot on session 39cfb99c71b51081ac0e1566d6b0724c to remote] DEBUG org.asynchttpclient.netty.request.NettyRequestSender - Using pooled Channel '[id: 0xd8abf313, L:/127.0.0.1:49713 - R:localhost/127.0.0.1:59445]' for 'GET' to 'http://localhost:59445/session/39cfb99c71b51081ac0e1566d6b0724c/screenshot'
18:27:43.298 [Forwarding screenshot on session 39cfb99c71b51081ac0e1566d6b0724c to remote] DEBUG org.asynchttpclient.netty.request.NettyRequestSender - Using open Channel [id: 0xd8abf313, L:/127.0.0.1:49713 - R:localhost/127.0.0.1:59445] for GET '/session/39cfb99c71b51081ac0e1566d6b0724c/screenshot'
18:27:43.547 [AsyncHttpClient-1-9] DEBUG org.asynchttpclient.netty.handler.HttpHandler - 

Request DefaultFullHttpRequest(decodeResult: success, version: HTTP/1.1, content: EmptyByteBufBE)
GET /session/39cfb99c71b51081ac0e1566d6b0724c/screenshot HTTP/1.1
User-Agent: selenium/4.1.4 (java windows)
Cache-Control: no-cache
Content-Type: application/json; charset=utf-8
host: localhost:59445
accept: */*

Response DefaultHttpResponse(decodeResult: success, version: HTTP/1.1)
HTTP/1.1 200 OK
Content-Type: application/json; charset=utf-8
cache-control: no-cache
content-length: 243308

18:27:43.547 [AsyncHttpClient-1-9] DEBUG org.asynchttpclient.netty.channel.ChannelManager - Adding key: http://localhost:59445 for channel [id: 0xd8abf313, L:/127.0.0.1:49713 - R:localhost/127.0.0.1:59445]
18:27:43.550 [main] DEBUG net.serenitybdd.core.photography.Darkroom - Send negative for processing for target\site\serenity\008fad20a12c1c446195942a152d0c06f38286fc8bf80485609f1796682efa21.png
18:27:43.550 [main] DEBUG net.thucydides.core.steps.StepInterceptor - STEP DONE: clickButtonSave
18:27:43.554 [Darkroom Processing Line] DEBUG net.serenitybdd.core.photography.DarkroomProcessingLine - Processing screenshot image in /var/screenshots/screenshot-5439119346603392528
18:27:43.554 [Darkroom Processing Line] DEBUG net.serenitybdd.core.photography.DarkroomProcessingLine - Saving screenshot to target\site\serenity\008fad20a12c1c446195942a152d0c06f38286fc8bf80485609f1796682efa21.png
18:27:43.835 [AsyncHttpClient-1-1] DEBUG org.asynchttpclient.netty.channel.DefaultChannelPool - Entry count for : http://localhost:59445 : 1
18:27:43.835 [AsyncHttpClient-1-1] DEBUG org.asynchttpclient.netty.channel.DefaultChannelPool - Entry count for : http://localhost:49714 : 1
  &amp#27;[32mThen &amp#27;[0m&amp#27;[32mClick button simpan&amp#27;[0m                                                     &amp#27;[90m# starter.stepdefinitios.PatientDataSteps.clickButtonSimpan()&amp#27;[0m
18:27:44.570 [Forwarding screenshot on session 39cfb99c71b51081ac0e1566d6b0724c to remote] DEBUG org.asynchttpclient.netty.request.NettyRequestSender - Using pooled Channel '[id: 0xd8abf313, L:/127.0.0.1:49713 - R:localhost/127.0.0.1:59445]' for 'GET' to 'http://localhost:59445/session/39cfb99c71b51081ac0e1566d6b0724c/screenshot'
18:27:44.570 [Forwarding screenshot on session 39cfb99c71b51081ac0e1566d6b0724c to remote] DEBUG org.asynchttpclient.netty.request.NettyRequestSender - Using open Channel [id: 0xd8abf313, L:/127.0.0.1:49713 - R:localhost/127.0.0.1:59445] for GET '/session/39cfb99c71b51081ac0e1566d6b0724c/screenshot'
18:27:44.936 [AsyncHttpClient-1-1] DEBUG org.asynchttpclient.netty.channel.DefaultChannelPool - Entry count for : http://localhost:49714 : 1
18:27:45.078 [AsyncHttpClient-1-9] DEBUG org.asynchttpclient.netty.handler.HttpHandler - 

Request DefaultFullHttpRequest(decodeResult: success, version: HTTP/1.1, content: EmptyByteBufBE)
GET /session/39cfb99c71b51081ac0e1566d6b0724c/screenshot HTTP/1.1
User-Agent: selenium/4.1.4 (java windows)
Cache-Control: no-cache
Content-Type: application/json; charset=utf-8
host: localhost:59445
accept: */*

Response DefaultHttpResponse(decodeResult: success, version: HTTP/1.1)
HTTP/1.1 200 OK
Content-Type: application/json; charset=utf-8
cache-control: no-cache
content-length: 338044

18:27:45.080 [AsyncHttpClient-1-9] DEBUG org.asynchttpclient.netty.channel.ChannelManager - Adding key: http://localhost:59445 for channel [id: 0xd8abf313, L:/127.0.0.1:49713 - R:localhost/127.0.0.1:59445]
18:27:45.098 [main] DEBUG net.serenitybdd.core.photography.Darkroom - Send negative for processing for target\site\serenity\539ec64eb3964f60292eef17c35260fb72e19651d3fb1b4bcf19cde370880176.png
18:27:45.098 [Darkroom Processing Line] DEBUG net.serenitybdd.core.photography.DarkroomProcessingLine - Processing screenshot image in /var/screenshots/screenshot-10426578122264584255
18:27:45.098 [Darkroom Processing Line] DEBUG net.serenitybdd.core.photography.DarkroomProcessingLine - Saving screenshot to target\site\serenity\539ec64eb3964f60292eef17c35260fb72e19651d3fb1b4bcf19cde370880176.png
18:27:46.036 [AsyncHttpClient-1-1] DEBUG org.asynchttpclient.netty.channel.DefaultChannelPool - Entry count for : http://localhost:59445 : 1
18:27:46.036 [AsyncHttpClient-1-1] DEBUG org.asynchttpclient.netty.channel.DefaultChannelPool - Entry count for : http://localhost:49714 : 1
18:27:46.129 [Forwarding screenshot on session 39cfb99c71b51081ac0e1566d6b0724c to remote] DEBUG org.asynchttpclient.netty.request.NettyRequestSender - Using pooled Channel '[id: 0xd8abf313, L:/127.0.0.1:49713 - R:localhost/127.0.0.1:59445]' for 'GET' to 'http://localhost:59445/session/39cfb99c71b51081ac0e1566d6b0724c/screenshot'
18:27:46.129 [Forwarding screenshot on session 39cfb99c71b51081ac0e1566d6b0724c to remote] DEBUG org.asynchttpclient.netty.request.NettyRequestSender - Using open Channel [id: 0xd8abf313, L:/127.0.0.1:49713 - R:localhost/127.0.0.1:59445] for GET '/session/39cfb99c71b51081ac0e1566d6b0724c/screenshot'
18:27:46.617 [AsyncHttpClient-1-9] DEBUG org.asynchttpclient.netty.handler.HttpHandler - 

Request DefaultFullHttpRequest(decodeResult: success, version: HTTP/1.1, content: EmptyByteBufBE)
GET /session/39cfb99c71b51081ac0e1566d6b0724c/screenshot HTTP/1.1
User-Agent: selenium/4.1.4 (java windows)
Cache-Control: no-cache
Content-Type: application/json; charset=utf-8
host: localhost:59445
accept: */*

Response DefaultHttpResponse(decodeResult: success, version: HTTP/1.1)
HTTP/1.1 200 OK
Content-Type: application/json; charset=utf-8
cache-control: no-cache
content-length: 376144

18:27:46.619 [AsyncHttpClient-1-9] DEBUG org.asynchttpclient.netty.channel.ChannelManager - Adding key: http://localhost:59445 for channel [id: 0xd8abf313, L:/127.0.0.1:49713 - R:localhost/127.0.0.1:59445]
18:27:46.638 [main] DEBUG net.serenitybdd.core.photography.Darkroom - Send negative for processing for target\site\serenity\c0c3bdb9d95832feb32465d1d64ab7b3b7ad66f0d076ccb414790ac28089342e.png
18:27:46.638 [main] DEBUG net.thucydides.core.steps.StepInterceptor - STARTING STEP: PatientDataSteps.validateAddErrorMessengerPasien - validateTextMessegerDokter
18:27:46.638 [Darkroom Processing Line] DEBUG net.serenitybdd.core.photography.DarkroomProcessingLine - Processing screenshot image in /var/screenshots/screenshot-7243004638883782335
18:27:46.638 [Darkroom Processing Line] DEBUG net.serenitybdd.core.photography.DarkroomProcessingLine - Saving screenshot to target\site\serenity\c0c3bdb9d95832feb32465d1d64ab7b3b7ad66f0d076ccb414790ac28089342e.png
18:27:46.644 [Forwarding findElement on session 39cfb99c71b51081ac0e1566d6b0724c to remote] DEBUG org.asynchttpclient.netty.request.NettyRequestSender - Using pooled Channel '[id: 0xd8abf313, L:/127.0.0.1:49713 - R:localhost/127.0.0.1:59445]' for 'POST' to 'http://localhost:59445/session/39cfb99c71b51081ac0e1566d6b0724c/element'
18:27:46.644 [Forwarding findElement on session 39cfb99c71b51081ac0e1566d6b0724c to remote] DEBUG org.asynchttpclient.netty.request.NettyRequestSender - Using open Channel [id: 0xd8abf313, L:/127.0.0.1:49713 - R:localhost/127.0.0.1:59445] for POST '/session/39cfb99c71b51081ac0e1566d6b0724c/element'
18:27:46.668 [AsyncHttpClient-1-9] DEBUG org.asynchttpclient.netty.handler.HttpHandler - 

Request DefaultHttpRequest(decodeResult: success, version: HTTP/1.1)
POST /session/39cfb99c71b51081ac0e1566d6b0724c/element HTTP/1.1
User-Agent: selenium/4.1.4 (java windows)
Content-Length: 143
Content-Type: application/json; charset=utf-8
host: localhost:59445
accept: */*

Response DefaultHttpResponse(decodeResult: success, version: HTTP/1.1)
HTTP/1.1 200 OK
Content-Type: application/json; charset=utf-8
cache-control: no-cache
content-length: 88

18:27:46.669 [AsyncHttpClient-1-9] DEBUG org.asynchttpclient.netty.channel.ChannelManager - Adding key: http://localhost:59445 for channel [id: 0xd8abf313, L:/127.0.0.1:49713 - R:localhost/127.0.0.1:59445]
18:27:46.670 [Forwarding getElementText on session 39cfb99c71b51081ac0e1566d6b0724c to remote] DEBUG org.asynchttpclient.netty.request.NettyRequestSender - Using pooled Channel '[id: 0xd8abf313, L:/127.0.0.1:49713 - R:localhost/127.0.0.1:59445]' for 'GET' to 'http://localhost:59445/session/39cfb99c71b51081ac0e1566d6b0724c/element/313144c5-6e18-4c10-b5fd-c2c98b1151b3/text'
18:27:46.670 [Forwarding getElementText on session 39cfb99c71b51081ac0e1566d6b0724c to remote] DEBUG org.asynchttpclient.netty.request.NettyRequestSender - Using open Channel [id: 0xd8abf313, L:/127.0.0.1:49713 - R:localhost/127.0.0.1:59445] for GET '/session/39cfb99c71b51081ac0e1566d6b0724c/element/313144c5-6e18-4c10-b5fd-c2c98b1151b3/text'
18:27:46.758 [AsyncHttpClient-1-9] DEBUG org.asynchttpclient.netty.handler.HttpHandler - 

Request DefaultFullHttpRequest(decodeResult: success, version: HTTP/1.1, content: EmptyByteBufBE)
GET /session/39cfb99c71b51081ac0e1566d6b0724c/element/313144c5-6e18-4c10-b5fd-c2c98b1151b3/text HTTP/1.1
User-Agent: selenium/4.1.4 (java windows)
Cache-Control: no-cache
Content-Type: application/json; charset=utf-8
host: localhost:59445
accept: */*

Response DefaultHttpResponse(decodeResult: success, version: HTTP/1.1)
HTTP/1.1 200 OK
Content-Type: application/json; charset=utf-8
cache-control: no-cache
content-length: 234

18:27:46.758 [AsyncHttpClient-1-9] DEBUG org.asynchttpclient.netty.channel.ChannelManager - Adding key: http://localhost:59445 for channel [id: 0xd8abf313, L:/127.0.0.1:49713 - R:localhost/127.0.0.1:59445]
18:27:46.763 [Forwarding screenshot on session 39cfb99c71b51081ac0e1566d6b0724c to remote] DEBUG org.asynchttpclient.netty.request.NettyRequestSender - Using pooled Channel '[id: 0xd8abf313, L:/127.0.0.1:49713 - R:localhost/127.0.0.1:59445]' for 'GET' to 'http://localhost:59445/session/39cfb99c71b51081ac0e1566d6b0724c/screenshot'
18:27:46.763 [Forwarding screenshot on session 39cfb99c71b51081ac0e1566d6b0724c to remote] DEBUG org.asynchttpclient.netty.request.NettyRequestSender - Using open Channel [id: 0xd8abf313, L:/127.0.0.1:49713 - R:localhost/127.0.0.1:59445] for GET '/session/39cfb99c71b51081ac0e1566d6b0724c/screenshot'
18:27:47.135 [AsyncHttpClient-1-1] DEBUG org.asynchttpclient.netty.channel.DefaultChannelPool - Entry count for : http://localhost:49714 : 1
18:27:47.217 [AsyncHttpClient-1-9] DEBUG org.asynchttpclient.netty.handler.HttpHandler - 

Request DefaultFullHttpRequest(decodeResult: success, version: HTTP/1.1, content: EmptyByteBufBE)
GET /session/39cfb99c71b51081ac0e1566d6b0724c/screenshot HTTP/1.1
User-Agent: selenium/4.1.4 (java windows)
Cache-Control: no-cache
Content-Type: application/json; charset=utf-8
host: localhost:59445
accept: */*

Response DefaultHttpResponse(decodeResult: success, version: HTTP/1.1)
HTTP/1.1 200 OK
Content-Type: application/json; charset=utf-8
cache-control: no-cache
content-length: 376144

18:27:47.219 [AsyncHttpClient-1-9] DEBUG org.asynchttpclient.netty.channel.ChannelManager - Adding key: http://localhost:59445 for channel [id: 0xd8abf313, L:/127.0.0.1:49713 - R:localhost/127.0.0.1:59445]
18:27:47.244 [main] DEBUG net.serenitybdd.core.photography.Darkroom - Send negative for processing for target\site\serenity\c0c3bdb9d95832feb32465d1d64ab7b3b7ad66f0d076ccb414790ac28089342e.png
18:27:47.244 [main] DEBUG net.thucydides.core.steps.StepInterceptor - STEP DONE: validateTextMessegerDokter
  &amp#27;[32mAnd &amp#27;[0m&amp#27;[32mValidate add error messenger &amp#27;[0m&amp#27;[32m&amp#27;[1m""&amp#27;[0m&amp#27;[32m Pasien&amp#27;[0m                                   &amp#27;[90m# starter.stepdefinitios.PatientDataSteps.validateAddErrorMessengerPasien(java.lang.String)&amp#27;[0m
18:27:47.265 [AsyncHttpClient-1-3] DEBUG org.asynchttpclient.netty.handler.WebSocketHandler - Channel Closed: [id: 0x5eca00ef, L:/127.0.0.1:49721 ! R:localhost/127.0.0.1:49714] with attribute NettyResponseFuture{currentRetry=5,
	isDone=1,
	isCancelled=0,
	asyncHandler=org.asynchttpclient.ws.WebSocketUpgradeHandler@18f9c838,
	nettyRequest=org.asynchttpclient.netty.request.NettyRequest@3eb8a2f,
	future=java.util.concurrent.CompletableFuture@6a635bf7[Completed normally],
	uri=ws://localhost:49714/devtools/browser/8e93f4a3-5e99-45cc-b91d-3ce44da8729b,
	keepAlive=true,
	redirectCount=0,
	timeoutsHolder=null,
	inAuth=0,
	touch=1658057235554}
18:27:47.266 [AsyncHttpClient-1-3] DEBUG org.asynchttpclient.netty.channel.ChannelManager - Closing Channel [id: 0x5eca00ef, L:/127.0.0.1:49721 ! R:localhost/127.0.0.1:49714] 
18:27:47.266 [Driver Command Executor] DEBUG org.asynchttpclient.netty.request.NettyRequestSender - Using pooled Channel '[id: 0xd8abf313, L:/127.0.0.1:49713 - R:localhost/127.0.0.1:59445]' for 'DELETE' to 'http://localhost:59445/session/39cfb99c71b51081ac0e1566d6b0724c'
18:27:47.266 [Driver Command Executor] DEBUG org.asynchttpclient.netty.request.NettyRequestSender - Using open Channel [id: 0xd8abf313, L:/127.0.0.1:49713 - R:localhost/127.0.0.1:59445] for DELETE '/session/39cfb99c71b51081ac0e1566d6b0724c'
18:27:47.347 [AsyncHttpClient-1-2] DEBUG org.asynchttpclient.netty.handler.HttpHandler - Unexpected I/O exception on channel [id: 0x5f7d4afc, L:/127.0.0.1:49720 - R:localhost/127.0.0.1:49714]
java.io.IOException: An existing connection was forcibly closed by the remote host
	at java.base/sun.nio.ch.SocketDispatcher.read0(Native Method)
	at java.base/sun.nio.ch.SocketDispatcher.read(SocketDispatcher.java:43)
	at java.base/sun.nio.ch.IOUtil.readIntoNativeBuffer(IOUtil.java:276)
	at java.base/sun.nio.ch.IOUtil.read(IOUtil.java:233)
	at java.base/sun.nio.ch.IOUtil.read(IOUtil.java:223)
	at java.base/sun.nio.ch.SocketChannelImpl.read(SocketChannelImpl.java:356)
	at io.netty.buffer.PooledByteBuf.setBytes(PooledByteBuf.java:258)
	at io.netty.buffer.AbstractByteBuf.writeBytes(AbstractByteBuf.java:1132)
	at io.netty.channel.socket.nio.NioSocketChannel.doReadBytes(NioSocketChannel.java:357)
	at io.netty.channel.nio.AbstractNioByteChannel$NioByteUnsafe.read(AbstractNioByteChannel.java:151)
	at io.netty.channel.nio.NioEventLoop.processSelectedKey(NioEventLoop.java:722)
	at io.netty.channel.nio.NioEventLoop.processSelectedKeysOptimized(NioEventLoop.java:658)
	at io.netty.channel.nio.NioEventLoop.processSelectedKeys(NioEventLoop.java:584)
	at io.netty.channel.nio.NioEventLoop.run(NioEventLoop.java:496)
	at io.netty.util.concurrent.SingleThreadEventExecutor$4.run(SingleThreadEventExecutor.java:986)
	at io.netty.util.internal.ThreadExecutorMap$2.run(ThreadExecutorMap.java:74)
	at io.netty.util.concurrent.FastThreadLocalRunnable.run(FastThreadLocalRunnable.java:30)
	at java.base/java.lang.Thread.run(Thread.java:829)
18:27:47.347 [AsyncHttpClient-1-2] DEBUG org.asynchttpclient.netty.channel.ChannelManager - Closing Channel [id: 0x5f7d4afc, L:/127.0.0.1:49720 - R:localhost/127.0.0.1:49714] 
18:27:47.347 [AsyncHttpClient-1-2] DEBUG org.asynchttpclient.netty.handler.HttpHandler - Channel Closed: [id: 0x5f7d4afc, L:/127.0.0.1:49720 ! R:localhost/127.0.0.1:49714] with attribute DISCARD
18:27:47.424 [AsyncHttpClient-1-9] DEBUG org.asynchttpclient.netty.handler.HttpHandler - 

Request DefaultFullHttpRequest(decodeResult: success, version: HTTP/1.1, content: EmptyByteBufBE)
DELETE /session/39cfb99c71b51081ac0e1566d6b0724c HTTP/1.1
User-Agent: selenium/4.1.4 (java windows)
Content-Type: application/json; charset=utf-8
host: localhost:59445
accept: */*

Response DefaultHttpResponse(decodeResult: success, version: HTTP/1.1)
HTTP/1.1 200 OK
Content-Type: application/json; charset=utf-8
cache-control: no-cache
content-length: 14

18:27:47.424 [AsyncHttpClient-1-9] DEBUG org.asynchttpclient.netty.channel.ChannelManager - Adding key: http://localhost:59445 for channel [id: 0xd8abf313, L:/127.0.0.1:49713 - R:localhost/127.0.0.1:59445]
18:27:47.528 [AsyncHttpClient-1-9] DEBUG org.asynchttpclient.netty.handler.HttpHandler - Channel Closed: [id: 0xd8abf313, L:/127.0.0.1:49713 ! R:localhost/127.0.0.1:59445] with attribute DISCARD
18:27:47.552 [main] INFO  - 
  _____   ___   ___   _____     ___     _     ___   ___   ___   ___  
 |_   _| | __| / __| |_   _|   | _ \   /_\   / __| / __| | __| |   \ 
   | |   | _|  \__ \   | |     |  _/  / _ \  \__ \ \__ \ | _|  | |) |
   |_|   |___| |___/   |_|     |_|   /_/ \_\ |___/ |___/ |___| |___/ 

As a admin i want to add data pasien (JK Laki-Laki) - Kosong
----------------------------------------------------------------------
]]></system-out>
    <system-err><![CDATA[Starting ChromeDriver 103.0.5060.53 (a1711811edd74ff1cf2150f36ffa3b0dae40b17f-refs/branch-heads/5060@{#853}) on port 59445
Only local connections are allowed.
Please see https://chromedriver.chromium.org/security-considerations for suggestions on keeping ChromeDriver safe.
ChromeDriver was started successfully.
Jul 17, 2022 6:27:15 PM org.openqa.selenium.remote.ProtocolHandshake createSession
INFO: Detected dialect: W3C
Jul 17, 2022 6:27:15 PM org.openqa.selenium.devtools.CdpVersionFinder findNearestMatch
WARNING: Unable to find an exact match for CDP version 103, so returning the closest version found: 101
Jul 17, 2022 6:27:15 PM org.openqa.selenium.devtools.CdpVersionFinder findNearestMatch
INFO: Found CDP implementation for version 103 of 101
]]></system-err>
  </testcase>
  <testcase name="As a admin i want to add data pasien (JK Laki-Laki) - Kosong #2" classname="Data Pasien - Admin" time="31.662">
    <system-out><![CDATA[
@DataPasien111 @AddPatientDataKosong
Scenario Outline: As a admin i want to add data pasien (JK Laki-Laki) - Kosong &amp#27;[90m# src/test/resources/features/4DataPasien.feature:99&amp#27;[0m
18:27:47.575 [main] INFO io.cucumber.core.plugin.SerenityReporter - Running feature from file:///C:/Alterra/CapstoneBaru/QE/TestingWebUpdate/src/test/resources/features/4DataPasien.feature
18:27:47.615 [main] DEBUG net.thucydides.core.steps.StepInterceptor - STARTING STEP: LoginSteps.openLoginPage - openLogin
18:27:47.618 [main] INFO net.serenitybdd.core.webdriver.driverproviders.ChromeDriverProvider - Using automatically driver download
18:27:47.775 [main] DEBUG io.github.bonigarcia.wdm.cache.ResolutionCache - Resolution chrome=103 in cache (valid until 18:54:33 17/07/2022 ICT)
18:27:47.780 [main] DEBUG io.github.bonigarcia.wdm.cache.ResolutionCache - Resolution chrome103=103.0.5060.53 in cache (valid until 17:54:33 18/07/2022 ICT)
18:27:47.780 [main] INFO io.github.bonigarcia.wdm.WebDriverManager - Using chromedriver 103.0.5060.53 (resolved driver for Chrome 103)
18:27:47.792 [main] DEBUG io.github.bonigarcia.wdm.WebDriverManager - Driver chromedriver 103.0.5060.53 found in cache
18:27:47.792 [main] INFO io.github.bonigarcia.wdm.WebDriverManager - Exporting webdriver.chrome.driver as C:\Users\Bagas Dwi Saputra\.cache\selenium\chromedriver\win32\103.0.5060.53\chromedriver.exe
18:27:47.930 [main] DEBUG net.serenitybdd.core.webdriver.driverproviders.ProvideNewDriver - Instantiating driver
18:27:47.930 [main] DEBUG net.serenitybdd.core.webdriver.driverproviders.ProvideNewDriver - Driver capabilities: Capabilities {acceptInsecureCerts: false, base.url: https://fanciful-trifle-360..., browserName: chrome, chorme.driver: src/test/resources/webdrive..., driver: chrome, goog:chromeOptions: {args: [], extensions: []}}
18:27:47.998 [AsyncHttpClient-1-4] DEBUG org.asynchttpclient.netty.channel.NettyConnectListener - Using new Channel '[id: 0xf0201bb7, L:/127.0.0.1:49738 - R:localhost/127.0.0.1:49294]' for 'POST' to '/session'
18:27:48.235 [AsyncHttpClient-1-1] DEBUG org.asynchttpclient.netty.channel.DefaultChannelPool - Entry count for : http://localhost:59445 : 1
18:27:48.235 [AsyncHttpClient-1-1] DEBUG org.asynchttpclient.netty.channel.DefaultChannelPool - Entry count for : http://localhost:49714 : 1
18:27:48.235 [AsyncHttpClient-1-1] DEBUG org.asynchttpclient.netty.channel.DefaultChannelPool - Adding Candidate expired Channel [id: 0xd8abf313, L:/127.0.0.1:49713 ! R:localhost/127.0.0.1:59445] isIdleTimeoutExpired=false isRemotelyClosed=true isTtlExpired=false
18:27:48.235 [AsyncHttpClient-1-1] DEBUG org.asynchttpclient.netty.channel.DefaultChannelPool - Closing Idle Channel [id: 0xd8abf313, L:/127.0.0.1:49713 ! R:localhost/127.0.0.1:59445]
18:27:48.235 [AsyncHttpClient-1-1] DEBUG org.asynchttpclient.netty.channel.DefaultChannelPool - Adding Candidate expired Channel [id: 0x5f7d4afc, L:/127.0.0.1:49720 ! R:localhost/127.0.0.1:49714] isIdleTimeoutExpired=false isRemotelyClosed=true isTtlExpired=false
18:27:48.235 [AsyncHttpClient-1-1] DEBUG org.asynchttpclient.netty.channel.DefaultChannelPool - Closing Idle Channel [id: 0x5f7d4afc, L:/127.0.0.1:49720 ! R:localhost/127.0.0.1:49714]
18:27:48.235 [AsyncHttpClient-1-1] DEBUG org.asynchttpclient.netty.channel.DefaultChannelPool - Closed 2 connections out of 2 in 0 ms
18:27:48.808 [AsyncHttpClient-1-4] DEBUG org.asynchttpclient.netty.handler.HttpHandler - 

Request DefaultHttpRequest(decodeResult: success, version: HTTP/1.1)
POST /session HTTP/1.1
User-Agent: selenium/4.1.4 (java windows)
Content-Length: 629
Content-Type: application/json; charset=utf-8
host: localhost:49294
accept: */*

Response DefaultHttpResponse(decodeResult: success, version: HTTP/1.1)
HTTP/1.1 200 OK
Content-Type: application/json; charset=utf-8
cache-control: no-cache
content-length: 794

18:27:48.808 [AsyncHttpClient-1-4] DEBUG org.asynchttpclient.netty.channel.ChannelManager - Adding key: http://localhost:49294 for channel [id: 0xf0201bb7, L:/127.0.0.1:49738 - R:localhost/127.0.0.1:49294]
18:27:48.822 [AsyncHttpClient-1-5] DEBUG org.asynchttpclient.netty.channel.NettyConnectListener - Using new Channel '[id: 0x92a7800f, L:/127.0.0.1:49745 - R:localhost/127.0.0.1:49739]' for 'GET' to '/json/version'
18:27:48.823 [AsyncHttpClient-1-5] DEBUG org.asynchttpclient.netty.handler.HttpHandler - 

Request DefaultFullHttpRequest(decodeResult: success, version: HTTP/1.1, content: EmptyByteBufBE)
GET /json/version HTTP/1.1
User-Agent: selenium/4.1.4 (java windows)
host: localhost:49739
accept: */*

Response DefaultHttpResponse(decodeResult: success, version: HTTP/1.1)
HTTP/1.1 200 OK
Content-Type: application/json; charset=UTF-8
content-length: 429

18:27:48.823 [AsyncHttpClient-1-5] DEBUG org.asynchttpclient.netty.channel.ChannelManager - Adding key: http://localhost:49739 for channel [id: 0x92a7800f, L:/127.0.0.1:49745 - R:localhost/127.0.0.1:49739]
18:27:48.827 [AsyncHttpClient-1-6] DEBUG org.asynchttpclient.netty.channel.NettyConnectListener - Using new Channel '[id: 0x97eff445, L:/127.0.0.1:49746 - R:localhost/127.0.0.1:49739]' for 'GET' to '/devtools/browser/96d611e8-0963-4b17-ac41-5faf5dd144da'
18:27:48.827 [AsyncHttpClient-1-6] DEBUG org.asynchttpclient.netty.handler.WebSocketHandler - 

Request DefaultFullHttpRequest(decodeResult: success, version: HTTP/1.1, content: EmptyByteBufBE)
GET /devtools/browser/96d611e8-0963-4b17-ac41-5faf5dd144da HTTP/1.1
upgrade: websocket
connection: upgrade
sec-websocket-key: NPZISgxLpYoEU5EOA+emwQ==
sec-websocket-version: 13
origin: http://localhost:49739
host: localhost:49739
accept: */*
user-agent: AHC/2.1

Response DefaultHttpResponse(decodeResult: success, version: HTTP/1.1)
HTTP/1.1 101 WebSocket Protocol Handshake
Upgrade: WebSocket
Connection: Upgrade
Sec-WebSocket-Accept: z/dOkz09oLzx1TCPguUHc17WdC0=

18:27:48.837 [Forwarding get on session 7824ee0c1cb4a513a11c0510d2fc11fe to remote] DEBUG org.asynchttpclient.netty.request.NettyRequestSender - Using pooled Channel '[id: 0xf0201bb7, L:/127.0.0.1:49738 - R:localhost/127.0.0.1:49294]' for 'POST' to 'http://localhost:49294/session/7824ee0c1cb4a513a11c0510d2fc11fe/url'
18:27:48.837 [Forwarding get on session 7824ee0c1cb4a513a11c0510d2fc11fe to remote] DEBUG org.asynchttpclient.netty.request.NettyRequestSender - Using open Channel [id: 0xf0201bb7, L:/127.0.0.1:49738 - R:localhost/127.0.0.1:49294] for POST '/session/7824ee0c1cb4a513a11c0510d2fc11fe/url'
18:27:49.345 [AsyncHttpClient-1-1] DEBUG org.asynchttpclient.netty.channel.DefaultChannelPool - Entry count for : http://localhost:49739 : 1
18:27:49.494 [AsyncHttpClient-1-4] DEBUG org.asynchttpclient.netty.handler.HttpHandler - 

Request DefaultHttpRequest(decodeResult: success, version: HTTP/1.1)
POST /session/7824ee0c1cb4a513a11c0510d2fc11fe/url HTTP/1.1
User-Agent: selenium/4.1.4 (java windows)
Content-Length: 78
Content-Type: application/json; charset=utf-8
host: localhost:49294
accept: */*

Response DefaultHttpResponse(decodeResult: success, version: HTTP/1.1)
HTTP/1.1 200 OK
Content-Type: application/json; charset=utf-8
cache-control: no-cache
content-length: 14

18:27:49.495 [AsyncHttpClient-1-4] DEBUG org.asynchttpclient.netty.channel.ChannelManager - Adding key: http://localhost:49294 for channel [id: 0xf0201bb7, L:/127.0.0.1:49738 - R:localhost/127.0.0.1:49294]
18:27:49.496 [Forwarding setTimeout on session 7824ee0c1cb4a513a11c0510d2fc11fe to remote] DEBUG org.asynchttpclient.netty.request.NettyRequestSender - Using pooled Channel '[id: 0xf0201bb7, L:/127.0.0.1:49738 - R:localhost/127.0.0.1:49294]' for 'POST' to 'http://localhost:49294/session/7824ee0c1cb4a513a11c0510d2fc11fe/timeouts'
18:27:49.496 [Forwarding setTimeout on session 7824ee0c1cb4a513a11c0510d2fc11fe to remote] DEBUG org.asynchttpclient.netty.request.NettyRequestSender - Using open Channel [id: 0xf0201bb7, L:/127.0.0.1:49738 - R:localhost/127.0.0.1:49294] for POST '/session/7824ee0c1cb4a513a11c0510d2fc11fe/timeouts'
18:27:49.497 [AsyncHttpClient-1-4] DEBUG org.asynchttpclient.netty.handler.HttpHandler - 

Request DefaultHttpRequest(decodeResult: success, version: HTTP/1.1)
POST /session/7824ee0c1cb4a513a11c0510d2fc11fe/timeouts HTTP/1.1
User-Agent: selenium/4.1.4 (java windows)
Content-Length: 22
Content-Type: application/json; charset=utf-8
host: localhost:49294
accept: */*

Response DefaultHttpResponse(decodeResult: success, version: HTTP/1.1)
HTTP/1.1 200 OK
Content-Type: application/json; charset=utf-8
cache-control: no-cache
content-length: 14

18:27:49.497 [AsyncHttpClient-1-4] DEBUG org.asynchttpclient.netty.channel.ChannelManager - Adding key: http://localhost:49294 for channel [id: 0xf0201bb7, L:/127.0.0.1:49738 - R:localhost/127.0.0.1:49294]
18:27:49.498 [Forwarding getCurrentUrl on session 7824ee0c1cb4a513a11c0510d2fc11fe to remote] DEBUG org.asynchttpclient.netty.request.NettyRequestSender - Using pooled Channel '[id: 0xf0201bb7, L:/127.0.0.1:49738 - R:localhost/127.0.0.1:49294]' for 'GET' to 'http://localhost:49294/session/7824ee0c1cb4a513a11c0510d2fc11fe/url'
18:27:49.498 [Forwarding getCurrentUrl on session 7824ee0c1cb4a513a11c0510d2fc11fe to remote] DEBUG org.asynchttpclient.netty.request.NettyRequestSender - Using open Channel [id: 0xf0201bb7, L:/127.0.0.1:49738 - R:localhost/127.0.0.1:49294] for GET '/session/7824ee0c1cb4a513a11c0510d2fc11fe/url'
18:27:49.508 [AsyncHttpClient-1-4] DEBUG org.asynchttpclient.netty.handler.HttpHandler - 

Request DefaultFullHttpRequest(decodeResult: success, version: HTTP/1.1, content: EmptyByteBufBE)
GET /session/7824ee0c1cb4a513a11c0510d2fc11fe/url HTTP/1.1
User-Agent: selenium/4.1.4 (java windows)
Cache-Control: no-cache
Content-Type: application/json; charset=utf-8
host: localhost:49294
accept: */*

Response DefaultHttpResponse(decodeResult: success, version: HTTP/1.1)
HTTP/1.1 200 OK
Content-Type: application/json; charset=utf-8
cache-control: no-cache
content-length: 60

18:27:49.508 [AsyncHttpClient-1-4] DEBUG org.asynchttpclient.netty.channel.ChannelManager - Adding key: http://localhost:49294 for channel [id: 0xf0201bb7, L:/127.0.0.1:49738 - R:localhost/127.0.0.1:49294]
18:27:49.515 [Forwarding screenshot on session 7824ee0c1cb4a513a11c0510d2fc11fe to remote] DEBUG org.asynchttpclient.netty.request.NettyRequestSender - Using pooled Channel '[id: 0xf0201bb7, L:/127.0.0.1:49738 - R:localhost/127.0.0.1:49294]' for 'GET' to 'http://localhost:49294/session/7824ee0c1cb4a513a11c0510d2fc11fe/screenshot'
18:27:49.515 [Forwarding screenshot on session 7824ee0c1cb4a513a11c0510d2fc11fe to remote] DEBUG org.asynchttpclient.netty.request.NettyRequestSender - Using open Channel [id: 0xf0201bb7, L:/127.0.0.1:49738 - R:localhost/127.0.0.1:49294] for GET '/session/7824ee0c1cb4a513a11c0510d2fc11fe/screenshot'
18:27:49.914 [AsyncHttpClient-1-4] DEBUG org.asynchttpclient.netty.handler.HttpHandler - 

Request DefaultFullHttpRequest(decodeResult: success, version: HTTP/1.1, content: EmptyByteBufBE)
GET /session/7824ee0c1cb4a513a11c0510d2fc11fe/screenshot HTTP/1.1
User-Agent: selenium/4.1.4 (java windows)
Cache-Control: no-cache
Content-Type: application/json; charset=utf-8
host: localhost:49294
accept: */*

Response DefaultHttpResponse(decodeResult: success, version: HTTP/1.1)
HTTP/1.1 200 OK
Content-Type: application/json; charset=utf-8
cache-control: no-cache
content-length: 380436

18:27:49.915 [AsyncHttpClient-1-4] DEBUG org.asynchttpclient.netty.channel.ChannelManager - Adding key: http://localhost:49294 for channel [id: 0xf0201bb7, L:/127.0.0.1:49738 - R:localhost/127.0.0.1:49294]
18:27:49.925 [main] DEBUG net.serenitybdd.core.photography.Darkroom - Send negative for processing for target\site\serenity\d122c364c40ece9db0ad32cd97c3fcf63e95ba606118dda8d3e5a1d2b8235ce2.png
18:27:49.925 [main] DEBUG net.thucydides.core.steps.StepInterceptor - STEP DONE: openLogin
  &amp#27;[32mGiven &amp#27;[0m&amp#27;[32mOpen login page&amp#27;[0m                                                        &amp#27;[90m# starter.stepdefinitios.LoginSteps.openLoginPage()&amp#27;[0m
18:27:50.445 [AsyncHttpClient-1-1] DEBUG org.asynchttpclient.netty.channel.DefaultChannelPool - Entry count for : http://localhost:49294 : 1
18:27:50.445 [AsyncHttpClient-1-1] DEBUG org.asynchttpclient.netty.channel.DefaultChannelPool - Entry count for : http://localhost:49739 : 1
18:27:50.445 [Forwarding findElement on session 7824ee0c1cb4a513a11c0510d2fc11fe to remote] DEBUG org.asynchttpclient.netty.request.NettyRequestSender - Using pooled Channel '[id: 0xf0201bb7, L:/127.0.0.1:49738 - R:localhost/127.0.0.1:49294]' for 'POST' to 'http://localhost:49294/session/7824ee0c1cb4a513a11c0510d2fc11fe/element'
18:27:50.445 [Forwarding findElement on session 7824ee0c1cb4a513a11c0510d2fc11fe to remote] DEBUG org.asynchttpclient.netty.request.NettyRequestSender - Using open Channel [id: 0xf0201bb7, L:/127.0.0.1:49738 - R:localhost/127.0.0.1:49294] for POST '/session/7824ee0c1cb4a513a11c0510d2fc11fe/element'
18:27:50.445 [AsyncHttpClient-1-4] DEBUG org.asynchttpclient.netty.handler.HttpHandler - 

Request DefaultHttpRequest(decodeResult: success, version: HTTP/1.1)
POST /session/7824ee0c1cb4a513a11c0510d2fc11fe/element HTTP/1.1
User-Agent: selenium/4.1.4 (java windows)
Content-Length: 70
Content-Type: application/json; charset=utf-8
host: localhost:49294
accept: */*

Response DefaultHttpResponse(decodeResult: success, version: HTTP/1.1)
HTTP/1.1 200 OK
Content-Type: application/json; charset=utf-8
cache-control: no-cache
content-length: 88

18:27:50.445 [AsyncHttpClient-1-4] DEBUG org.asynchttpclient.netty.channel.ChannelManager - Adding key: http://localhost:49294 for channel [id: 0xf0201bb7, L:/127.0.0.1:49738 - R:localhost/127.0.0.1:49294]
18:27:50.445 [Forwarding sendKeysToElement on session 7824ee0c1cb4a513a11c0510d2fc11fe to remote] DEBUG org.asynchttpclient.netty.request.NettyRequestSender - Using pooled Channel '[id: 0xf0201bb7, L:/127.0.0.1:49738 - R:localhost/127.0.0.1:49294]' for 'POST' to 'http://localhost:49294/session/7824ee0c1cb4a513a11c0510d2fc11fe/element/41f7627f-f615-4363-9a5a-c3d6068264d7/value'
18:27:50.445 [Forwarding sendKeysToElement on session 7824ee0c1cb4a513a11c0510d2fc11fe to remote] DEBUG org.asynchttpclient.netty.request.NettyRequestSender - Using open Channel [id: 0xf0201bb7, L:/127.0.0.1:49738 - R:localhost/127.0.0.1:49294] for POST '/session/7824ee0c1cb4a513a11c0510d2fc11fe/element/41f7627f-f615-4363-9a5a-c3d6068264d7/value'
18:27:50.543 [AsyncHttpClient-1-4] DEBUG org.asynchttpclient.netty.handler.HttpHandler - 

Request DefaultHttpRequest(decodeResult: success, version: HTTP/1.1)
POST /session/7824ee0c1cb4a513a11c0510d2fc11fe/element/41f7627f-f615-4363-9a5a-c3d6068264d7/value HTTP/1.1
User-Agent: selenium/4.1.4 (java windows)
Content-Length: 131
Content-Type: application/json; charset=utf-8
host: localhost:49294
accept: */*

Response DefaultHttpResponse(decodeResult: success, version: HTTP/1.1)
HTTP/1.1 200 OK
Content-Type: application/json; charset=utf-8
cache-control: no-cache
content-length: 14

18:27:50.543 [AsyncHttpClient-1-4] DEBUG org.asynchttpclient.netty.channel.ChannelManager - Adding key: http://localhost:49294 for channel [id: 0xf0201bb7, L:/127.0.0.1:49738 - R:localhost/127.0.0.1:49294]
  &amp#27;[32mAnd &amp#27;[0m&amp#27;[32mI input &amp#27;[0m&amp#27;[32m&amp#27;[1m"admin"&amp#27;[0m&amp#27;[32m login email valid&amp#27;[0m                                        &amp#27;[90m# starter.stepdefinitios.LoginSteps.iInputLoginEmailValid(java.lang.String)&amp#27;[0m
18:27:50.549 [Forwarding screenshot on session 7824ee0c1cb4a513a11c0510d2fc11fe to remote] DEBUG org.asynchttpclient.netty.request.NettyRequestSender - Using pooled Channel '[id: 0xf0201bb7, L:/127.0.0.1:49738 - R:localhost/127.0.0.1:49294]' for 'GET' to 'http://localhost:49294/session/7824ee0c1cb4a513a11c0510d2fc11fe/screenshot'
18:27:50.550 [Forwarding screenshot on session 7824ee0c1cb4a513a11c0510d2fc11fe to remote] DEBUG org.asynchttpclient.netty.request.NettyRequestSender - Using open Channel [id: 0xf0201bb7, L:/127.0.0.1:49738 - R:localhost/127.0.0.1:49294] for GET '/session/7824ee0c1cb4a513a11c0510d2fc11fe/screenshot'
18:27:50.741 [AsyncHttpClient-1-4] DEBUG org.asynchttpclient.netty.handler.HttpHandler - 

Request DefaultFullHttpRequest(decodeResult: success, version: HTTP/1.1, content: EmptyByteBufBE)
GET /session/7824ee0c1cb4a513a11c0510d2fc11fe/screenshot HTTP/1.1
User-Agent: selenium/4.1.4 (java windows)
Cache-Control: no-cache
Content-Type: application/json; charset=utf-8
host: localhost:49294
accept: */*

Response DefaultHttpResponse(decodeResult: success, version: HTTP/1.1)
HTTP/1.1 200 OK
Content-Type: application/json; charset=utf-8
cache-control: no-cache
content-length: 379420

18:27:50.741 [AsyncHttpClient-1-4] DEBUG org.asynchttpclient.netty.channel.ChannelManager - Adding key: http://localhost:49294 for channel [id: 0xf0201bb7, L:/127.0.0.1:49738 - R:localhost/127.0.0.1:49294]
18:27:50.753 [main] DEBUG net.serenitybdd.core.photography.Darkroom - Send negative for processing for target\site\serenity\93df20195d3751dea78ac30a105f84d37c410e0341f58ded6fb231b5b47402e6.png
18:27:51.268 [Forwarding screenshot on session 7824ee0c1cb4a513a11c0510d2fc11fe to remote] DEBUG org.asynchttpclient.netty.request.NettyRequestSender - Using pooled Channel '[id: 0xf0201bb7, L:/127.0.0.1:49738 - R:localhost/127.0.0.1:49294]' for 'GET' to 'http://localhost:49294/session/7824ee0c1cb4a513a11c0510d2fc11fe/screenshot'
18:27:51.268 [Forwarding screenshot on session 7824ee0c1cb4a513a11c0510d2fc11fe to remote] DEBUG org.asynchttpclient.netty.request.NettyRequestSender - Using open Channel [id: 0xf0201bb7, L:/127.0.0.1:49738 - R:localhost/127.0.0.1:49294] for GET '/session/7824ee0c1cb4a513a11c0510d2fc11fe/screenshot'
18:27:51.474 [AsyncHttpClient-1-4] DEBUG org.asynchttpclient.netty.handler.HttpHandler - 

Request DefaultFullHttpRequest(decodeResult: success, version: HTTP/1.1, content: EmptyByteBufBE)
GET /session/7824ee0c1cb4a513a11c0510d2fc11fe/screenshot HTTP/1.1
User-Agent: selenium/4.1.4 (java windows)
Cache-Control: no-cache
Content-Type: application/json; charset=utf-8
host: localhost:49294
accept: */*

Response DefaultHttpResponse(decodeResult: success, version: HTTP/1.1)
HTTP/1.1 200 OK
Content-Type: application/json; charset=utf-8
cache-control: no-cache
content-length: 379404

18:27:51.474 [AsyncHttpClient-1-4] DEBUG org.asynchttpclient.netty.channel.ChannelManager - Adding key: http://localhost:49294 for channel [id: 0xf0201bb7, L:/127.0.0.1:49738 - R:localhost/127.0.0.1:49294]
18:27:51.474 [main] DEBUG net.serenitybdd.core.photography.Darkroom - Send negative for processing for target\site\serenity\f684e1524ced0278b0b6c6b37709a7cbfb8281aeb576b04a4743fda17448b798.png
18:27:51.474 [main] DEBUG net.thucydides.core.steps.StepInterceptor - STARTING STEP: LoginSteps.iInputLoginPasswordValid - inputPasswordLogin
18:27:51.490 [Forwarding findElement on session 7824ee0c1cb4a513a11c0510d2fc11fe to remote] DEBUG org.asynchttpclient.netty.request.NettyRequestSender - Using pooled Channel '[id: 0xf0201bb7, L:/127.0.0.1:49738 - R:localhost/127.0.0.1:49294]' for 'POST' to 'http://localhost:49294/session/7824ee0c1cb4a513a11c0510d2fc11fe/element'
18:27:51.490 [Forwarding findElement on session 7824ee0c1cb4a513a11c0510d2fc11fe to remote] DEBUG org.asynchttpclient.netty.request.NettyRequestSender - Using open Channel [id: 0xf0201bb7, L:/127.0.0.1:49738 - R:localhost/127.0.0.1:49294] for POST '/session/7824ee0c1cb4a513a11c0510d2fc11fe/element'
18:27:51.500 [AsyncHttpClient-1-4] DEBUG org.asynchttpclient.netty.handler.HttpHandler - 

Request DefaultHttpRequest(decodeResult: success, version: HTTP/1.1)
POST /session/7824ee0c1cb4a513a11c0510d2fc11fe/element HTTP/1.1
User-Agent: selenium/4.1.4 (java windows)
Content-Length: 70
Content-Type: application/json; charset=utf-8
host: localhost:49294
accept: */*

Response DefaultHttpResponse(decodeResult: success, version: HTTP/1.1)
HTTP/1.1 200 OK
Content-Type: application/json; charset=utf-8
cache-control: no-cache
content-length: 88

18:27:51.500 [AsyncHttpClient-1-4] DEBUG org.asynchttpclient.netty.channel.ChannelManager - Adding key: http://localhost:49294 for channel [id: 0xf0201bb7, L:/127.0.0.1:49738 - R:localhost/127.0.0.1:49294]
18:27:51.501 [Forwarding sendKeysToElement on session 7824ee0c1cb4a513a11c0510d2fc11fe to remote] DEBUG org.asynchttpclient.netty.request.NettyRequestSender - Using pooled Channel '[id: 0xf0201bb7, L:/127.0.0.1:49738 - R:localhost/127.0.0.1:49294]' for 'POST' to 'http://localhost:49294/session/7824ee0c1cb4a513a11c0510d2fc11fe/element/013c97ff-1bc5-4288-9619-671ab34f2b08/value'
18:27:51.501 [Forwarding sendKeysToElement on session 7824ee0c1cb4a513a11c0510d2fc11fe to remote] DEBUG org.asynchttpclient.netty.request.NettyRequestSender - Using open Channel [id: 0xf0201bb7, L:/127.0.0.1:49738 - R:localhost/127.0.0.1:49294] for POST '/session/7824ee0c1cb4a513a11c0510d2fc11fe/element/013c97ff-1bc5-4288-9619-671ab34f2b08/value'
18:27:51.536 [AsyncHttpClient-1-1] DEBUG org.asynchttpclient.netty.channel.DefaultChannelPool - Entry count for : http://localhost:49739 : 1
18:27:51.582 [AsyncHttpClient-1-4] DEBUG org.asynchttpclient.netty.handler.HttpHandler - 

Request DefaultHttpRequest(decodeResult: success, version: HTTP/1.1)
POST /session/7824ee0c1cb4a513a11c0510d2fc11fe/element/013c97ff-1bc5-4288-9619-671ab34f2b08/value HTTP/1.1
User-Agent: selenium/4.1.4 (java windows)
Content-Length: 161
Content-Type: application/json; charset=utf-8
host: localhost:49294
accept: */*

Response DefaultHttpResponse(decodeResult: success, version: HTTP/1.1)
HTTP/1.1 200 OK
Content-Type: application/json; charset=utf-8
cache-control: no-cache
content-length: 14

18:27:51.583 [AsyncHttpClient-1-4] DEBUG org.asynchttpclient.netty.channel.ChannelManager - Adding key: http://localhost:49294 for channel [id: 0xf0201bb7, L:/127.0.0.1:49738 - R:localhost/127.0.0.1:49294]
18:27:51.584 [Forwarding screenshot on session 7824ee0c1cb4a513a11c0510d2fc11fe to remote] DEBUG org.asynchttpclient.netty.request.NettyRequestSender - Using pooled Channel '[id: 0xf0201bb7, L:/127.0.0.1:49738 - R:localhost/127.0.0.1:49294]' for 'GET' to 'http://localhost:49294/session/7824ee0c1cb4a513a11c0510d2fc11fe/screenshot'
18:27:51.584 [Forwarding screenshot on session 7824ee0c1cb4a513a11c0510d2fc11fe to remote] DEBUG org.asynchttpclient.netty.request.NettyRequestSender - Using open Channel [id: 0xf0201bb7, L:/127.0.0.1:49738 - R:localhost/127.0.0.1:49294] for GET '/session/7824ee0c1cb4a513a11c0510d2fc11fe/screenshot'
18:27:51.796 [AsyncHttpClient-1-4] DEBUG org.asynchttpclient.netty.handler.HttpHandler - 

Request DefaultFullHttpRequest(decodeResult: success, version: HTTP/1.1, content: EmptyByteBufBE)
GET /session/7824ee0c1cb4a513a11c0510d2fc11fe/screenshot HTTP/1.1
User-Agent: selenium/4.1.4 (java windows)
Cache-Control: no-cache
Content-Type: application/json; charset=utf-8
host: localhost:49294
accept: */*

Response DefaultHttpResponse(decodeResult: success, version: HTTP/1.1)
HTTP/1.1 200 OK
Content-Type: application/json; charset=utf-8
cache-control: no-cache
content-length: 377580

18:27:51.797 [AsyncHttpClient-1-4] DEBUG org.asynchttpclient.netty.channel.ChannelManager - Adding key: http://localhost:49294 for channel [id: 0xf0201bb7, L:/127.0.0.1:49738 - R:localhost/127.0.0.1:49294]
18:27:51.808 [main] DEBUG net.serenitybdd.core.photography.Darkroom - Send negative for processing for target\site\serenity\44fa0aa493cf3a3837a7fab79c30bded8f584eda85d2cfd055a7ef5b4e3f0a4a.png
18:27:51.808 [main] DEBUG net.thucydides.core.steps.StepInterceptor - STEP DONE: inputPasswordLogin
  &amp#27;[32mAnd &amp#27;[0m&amp#27;[32mI input &amp#27;[0m&amp#27;[32m&amp#27;[1m"admin123"&amp#27;[0m&amp#27;[32m login password valid&amp#27;[0m                                  &amp#27;[90m# starter.stepdefinitios.LoginSteps.iInputLoginPasswordValid(java.lang.String)&amp#27;[0m
18:27:51.831 [main] DEBUG net.thucydides.core.steps.StepInterceptor - STARTING STEP: LoginSteps.iClickButtonLogin - clickButtonLogin
18:27:51.833 [Forwarding findElement on session 7824ee0c1cb4a513a11c0510d2fc11fe to remote] DEBUG org.asynchttpclient.netty.request.NettyRequestSender - Using pooled Channel '[id: 0xf0201bb7, L:/127.0.0.1:49738 - R:localhost/127.0.0.1:49294]' for 'POST' to 'http://localhost:49294/session/7824ee0c1cb4a513a11c0510d2fc11fe/element'
18:27:51.833 [Forwarding findElement on session 7824ee0c1cb4a513a11c0510d2fc11fe to remote] DEBUG org.asynchttpclient.netty.request.NettyRequestSender - Using open Channel [id: 0xf0201bb7, L:/127.0.0.1:49738 - R:localhost/127.0.0.1:49294] for POST '/session/7824ee0c1cb4a513a11c0510d2fc11fe/element'
18:27:51.844 [AsyncHttpClient-1-4] DEBUG org.asynchttpclient.netty.handler.HttpHandler - 

Request DefaultHttpRequest(decodeResult: success, version: HTTP/1.1)
POST /session/7824ee0c1cb4a513a11c0510d2fc11fe/element HTTP/1.1
User-Agent: selenium/4.1.4 (java windows)
Content-Length: 68
Content-Type: application/json; charset=utf-8
host: localhost:49294
accept: */*

Response DefaultHttpResponse(decodeResult: success, version: HTTP/1.1)
HTTP/1.1 200 OK
Content-Type: application/json; charset=utf-8
cache-control: no-cache
content-length: 88

18:27:51.844 [AsyncHttpClient-1-4] DEBUG org.asynchttpclient.netty.channel.ChannelManager - Adding key: http://localhost:49294 for channel [id: 0xf0201bb7, L:/127.0.0.1:49738 - R:localhost/127.0.0.1:49294]
18:27:51.845 [Forwarding getElementTagName on session 7824ee0c1cb4a513a11c0510d2fc11fe to remote] DEBUG org.asynchttpclient.netty.request.NettyRequestSender - Using pooled Channel '[id: 0xf0201bb7, L:/127.0.0.1:49738 - R:localhost/127.0.0.1:49294]' for 'GET' to 'http://localhost:49294/session/7824ee0c1cb4a513a11c0510d2fc11fe/element/90541f12-612c-4fac-b7e5-d67e394735a1/name'
18:27:51.845 [Forwarding getElementTagName on session 7824ee0c1cb4a513a11c0510d2fc11fe to remote] DEBUG org.asynchttpclient.netty.request.NettyRequestSender - Using open Channel [id: 0xf0201bb7, L:/127.0.0.1:49738 - R:localhost/127.0.0.1:49294] for GET '/session/7824ee0c1cb4a513a11c0510d2fc11fe/element/90541f12-612c-4fac-b7e5-d67e394735a1/name'
18:27:51.849 [AsyncHttpClient-1-4] DEBUG org.asynchttpclient.netty.handler.HttpHandler - 

Request DefaultFullHttpRequest(decodeResult: success, version: HTTP/1.1, content: EmptyByteBufBE)
GET /session/7824ee0c1cb4a513a11c0510d2fc11fe/element/90541f12-612c-4fac-b7e5-d67e394735a1/name HTTP/1.1
User-Agent: selenium/4.1.4 (java windows)
Cache-Control: no-cache
Content-Type: application/json; charset=utf-8
host: localhost:49294
accept: */*

Response DefaultHttpResponse(decodeResult: success, version: HTTP/1.1)
HTTP/1.1 200 OK
Content-Type: application/json; charset=utf-8
cache-control: no-cache
content-length: 18

18:27:51.849 [AsyncHttpClient-1-4] DEBUG org.asynchttpclient.netty.channel.ChannelManager - Adding key: http://localhost:49294 for channel [id: 0xf0201bb7, L:/127.0.0.1:49738 - R:localhost/127.0.0.1:49294]
18:27:51.850 [Forwarding getElementTagName on session 7824ee0c1cb4a513a11c0510d2fc11fe to remote] DEBUG org.asynchttpclient.netty.request.NettyRequestSender - Using pooled Channel '[id: 0xf0201bb7, L:/127.0.0.1:49738 - R:localhost/127.0.0.1:49294]' for 'GET' to 'http://localhost:49294/session/7824ee0c1cb4a513a11c0510d2fc11fe/element/90541f12-612c-4fac-b7e5-d67e394735a1/name'
18:27:51.850 [Forwarding getElementTagName on session 7824ee0c1cb4a513a11c0510d2fc11fe to remote] DEBUG org.asynchttpclient.netty.request.NettyRequestSender - Using open Channel [id: 0xf0201bb7, L:/127.0.0.1:49738 - R:localhost/127.0.0.1:49294] for GET '/session/7824ee0c1cb4a513a11c0510d2fc11fe/element/90541f12-612c-4fac-b7e5-d67e394735a1/name'
18:27:51.852 [AsyncHttpClient-1-4] DEBUG org.asynchttpclient.netty.handler.HttpHandler - 

Request DefaultFullHttpRequest(decodeResult: success, version: HTTP/1.1, content: EmptyByteBufBE)
GET /session/7824ee0c1cb4a513a11c0510d2fc11fe/element/90541f12-612c-4fac-b7e5-d67e394735a1/name HTTP/1.1
User-Agent: selenium/4.1.4 (java windows)
Cache-Control: no-cache
Content-Type: application/json; charset=utf-8
host: localhost:49294
accept: */*

Response DefaultHttpResponse(decodeResult: success, version: HTTP/1.1)
HTTP/1.1 200 OK
Content-Type: application/json; charset=utf-8
cache-control: no-cache
content-length: 18

18:27:51.852 [AsyncHttpClient-1-4] DEBUG org.asynchttpclient.netty.channel.ChannelManager - Adding key: http://localhost:49294 for channel [id: 0xf0201bb7, L:/127.0.0.1:49738 - R:localhost/127.0.0.1:49294]
18:27:51.855 [Forwarding isElementEnabled on session 7824ee0c1cb4a513a11c0510d2fc11fe to remote] DEBUG org.asynchttpclient.netty.request.NettyRequestSender - Using pooled Channel '[id: 0xf0201bb7, L:/127.0.0.1:49738 - R:localhost/127.0.0.1:49294]' for 'GET' to 'http://localhost:49294/session/7824ee0c1cb4a513a11c0510d2fc11fe/element/90541f12-612c-4fac-b7e5-d67e394735a1/enabled'
18:27:51.855 [Forwarding isElementEnabled on session 7824ee0c1cb4a513a11c0510d2fc11fe to remote] DEBUG org.asynchttpclient.netty.request.NettyRequestSender - Using open Channel [id: 0xf0201bb7, L:/127.0.0.1:49738 - R:localhost/127.0.0.1:49294] for GET '/session/7824ee0c1cb4a513a11c0510d2fc11fe/element/90541f12-612c-4fac-b7e5-d67e394735a1/enabled'
18:27:51.863 [AsyncHttpClient-1-4] DEBUG org.asynchttpclient.netty.handler.HttpHandler - 

Request DefaultFullHttpRequest(decodeResult: success, version: HTTP/1.1, content: EmptyByteBufBE)
GET /session/7824ee0c1cb4a513a11c0510d2fc11fe/element/90541f12-612c-4fac-b7e5-d67e394735a1/enabled HTTP/1.1
User-Agent: selenium/4.1.4 (java windows)
Cache-Control: no-cache
Content-Type: application/json; charset=utf-8
host: localhost:49294
accept: */*

Response DefaultHttpResponse(decodeResult: success, version: HTTP/1.1)
HTTP/1.1 200 OK
Content-Type: application/json; charset=utf-8
cache-control: no-cache
content-length: 14

18:27:51.863 [AsyncHttpClient-1-4] DEBUG org.asynchttpclient.netty.channel.ChannelManager - Adding key: http://localhost:49294 for channel [id: 0xf0201bb7, L:/127.0.0.1:49738 - R:localhost/127.0.0.1:49294]
18:27:51.867 [Forwarding isElementEnabled on session 7824ee0c1cb4a513a11c0510d2fc11fe to remote] DEBUG org.asynchttpclient.netty.request.NettyRequestSender - Using pooled Channel '[id: 0xf0201bb7, L:/127.0.0.1:49738 - R:localhost/127.0.0.1:49294]' for 'GET' to 'http://localhost:49294/session/7824ee0c1cb4a513a11c0510d2fc11fe/element/90541f12-612c-4fac-b7e5-d67e394735a1/enabled'
18:27:51.867 [Forwarding isElementEnabled on session 7824ee0c1cb4a513a11c0510d2fc11fe to remote] DEBUG org.asynchttpclient.netty.request.NettyRequestSender - Using open Channel [id: 0xf0201bb7, L:/127.0.0.1:49738 - R:localhost/127.0.0.1:49294] for GET '/session/7824ee0c1cb4a513a11c0510d2fc11fe/element/90541f12-612c-4fac-b7e5-d67e394735a1/enabled'
18:27:51.873 [AsyncHttpClient-1-4] DEBUG org.asynchttpclient.netty.handler.HttpHandler - 

Request DefaultFullHttpRequest(decodeResult: success, version: HTTP/1.1, content: EmptyByteBufBE)
GET /session/7824ee0c1cb4a513a11c0510d2fc11fe/element/90541f12-612c-4fac-b7e5-d67e394735a1/enabled HTTP/1.1
User-Agent: selenium/4.1.4 (java windows)
Cache-Control: no-cache
Content-Type: application/json; charset=utf-8
host: localhost:49294
accept: */*

Response DefaultHttpResponse(decodeResult: success, version: HTTP/1.1)
HTTP/1.1 200 OK
Content-Type: application/json; charset=utf-8
cache-control: no-cache
content-length: 14

18:27:51.873 [AsyncHttpClient-1-4] DEBUG org.asynchttpclient.netty.channel.ChannelManager - Adding key: http://localhost:49294 for channel [id: 0xf0201bb7, L:/127.0.0.1:49738 - R:localhost/127.0.0.1:49294]
18:27:51.873 [Forwarding findElement on session 7824ee0c1cb4a513a11c0510d2fc11fe to remote] DEBUG org.asynchttpclient.netty.request.NettyRequestSender - Using pooled Channel '[id: 0xf0201bb7, L:/127.0.0.1:49738 - R:localhost/127.0.0.1:49294]' for 'POST' to 'http://localhost:49294/session/7824ee0c1cb4a513a11c0510d2fc11fe/element'
18:27:51.873 [Forwarding findElement on session 7824ee0c1cb4a513a11c0510d2fc11fe to remote] DEBUG org.asynchttpclient.netty.request.NettyRequestSender - Using open Channel [id: 0xf0201bb7, L:/127.0.0.1:49738 - R:localhost/127.0.0.1:49294] for POST '/session/7824ee0c1cb4a513a11c0510d2fc11fe/element'
18:27:51.891 [AsyncHttpClient-1-4] DEBUG org.asynchttpclient.netty.handler.HttpHandler - 

Request DefaultHttpRequest(decodeResult: success, version: HTTP/1.1)
POST /session/7824ee0c1cb4a513a11c0510d2fc11fe/element HTTP/1.1
User-Agent: selenium/4.1.4 (java windows)
Content-Length: 68
Content-Type: application/json; charset=utf-8
host: localhost:49294
accept: */*

Response DefaultHttpResponse(decodeResult: success, version: HTTP/1.1)
HTTP/1.1 200 OK
Content-Type: application/json; charset=utf-8
cache-control: no-cache
content-length: 88

18:27:51.891 [AsyncHttpClient-1-4] DEBUG org.asynchttpclient.netty.channel.ChannelManager - Adding key: http://localhost:49294 for channel [id: 0xf0201bb7, L:/127.0.0.1:49738 - R:localhost/127.0.0.1:49294]
18:27:51.891 [Forwarding clickElement on session 7824ee0c1cb4a513a11c0510d2fc11fe to remote] DEBUG org.asynchttpclient.netty.request.NettyRequestSender - Using pooled Channel '[id: 0xf0201bb7, L:/127.0.0.1:49738 - R:localhost/127.0.0.1:49294]' for 'POST' to 'http://localhost:49294/session/7824ee0c1cb4a513a11c0510d2fc11fe/element/90541f12-612c-4fac-b7e5-d67e394735a1/click'
18:27:51.891 [Forwarding clickElement on session 7824ee0c1cb4a513a11c0510d2fc11fe to remote] DEBUG org.asynchttpclient.netty.request.NettyRequestSender - Using open Channel [id: 0xf0201bb7, L:/127.0.0.1:49738 - R:localhost/127.0.0.1:49294] for POST '/session/7824ee0c1cb4a513a11c0510d2fc11fe/element/90541f12-612c-4fac-b7e5-d67e394735a1/click'
18:27:51.952 [AsyncHttpClient-1-4] DEBUG org.asynchttpclient.netty.handler.HttpHandler - 

Request DefaultHttpRequest(decodeResult: success, version: HTTP/1.1)
POST /session/7824ee0c1cb4a513a11c0510d2fc11fe/element/90541f12-612c-4fac-b7e5-d67e394735a1/click HTTP/1.1
User-Agent: selenium/4.1.4 (java windows)
Content-Length: 50
Content-Type: application/json; charset=utf-8
host: localhost:49294
accept: */*

Response DefaultHttpResponse(decodeResult: success, version: HTTP/1.1)
HTTP/1.1 200 OK
Content-Type: application/json; charset=utf-8
cache-control: no-cache
content-length: 14

18:27:51.952 [AsyncHttpClient-1-4] DEBUG org.asynchttpclient.netty.channel.ChannelManager - Adding key: http://localhost:49294 for channel [id: 0xf0201bb7, L:/127.0.0.1:49738 - R:localhost/127.0.0.1:49294]
18:27:51.958 [Forwarding screenshot on session 7824ee0c1cb4a513a11c0510d2fc11fe to remote] DEBUG org.asynchttpclient.netty.request.NettyRequestSender - Using pooled Channel '[id: 0xf0201bb7, L:/127.0.0.1:49738 - R:localhost/127.0.0.1:49294]' for 'GET' to 'http://localhost:49294/session/7824ee0c1cb4a513a11c0510d2fc11fe/screenshot'
18:27:51.958 [Forwarding screenshot on session 7824ee0c1cb4a513a11c0510d2fc11fe to remote] DEBUG org.asynchttpclient.netty.request.NettyRequestSender - Using open Channel [id: 0xf0201bb7, L:/127.0.0.1:49738 - R:localhost/127.0.0.1:49294] for GET '/session/7824ee0c1cb4a513a11c0510d2fc11fe/screenshot'
18:27:52.223 [AsyncHttpClient-1-4] DEBUG org.asynchttpclient.netty.handler.HttpHandler - 

Request DefaultFullHttpRequest(decodeResult: success, version: HTTP/1.1, content: EmptyByteBufBE)
GET /session/7824ee0c1cb4a513a11c0510d2fc11fe/screenshot HTTP/1.1
User-Agent: selenium/4.1.4 (java windows)
Cache-Control: no-cache
Content-Type: application/json; charset=utf-8
host: localhost:49294
accept: */*

Response DefaultHttpResponse(decodeResult: success, version: HTTP/1.1)
HTTP/1.1 200 OK
Content-Type: application/json; charset=utf-8
cache-control: no-cache
content-length: 342712

18:27:52.223 [AsyncHttpClient-1-4] DEBUG org.asynchttpclient.netty.channel.ChannelManager - Adding key: http://localhost:49294 for channel [id: 0xf0201bb7, L:/127.0.0.1:49738 - R:localhost/127.0.0.1:49294]
18:27:52.239 [main] DEBUG net.serenitybdd.core.photography.Darkroom - Send negative for processing for target\site\serenity\bc43c4de84ed0a4e466bb49b4efe6a7ab22ecf1bf8bf50935b445a3b183a0d10.png
18:27:52.239 [main] DEBUG net.thucydides.core.steps.StepInterceptor - STEP DONE: clickButtonLogin
18:27:52.240 [Darkroom Processing Line] DEBUG net.serenitybdd.core.photography.DarkroomProcessingLine - Processing screenshot image in /var/screenshots/screenshot-12984312265741724506
18:27:52.240 [Darkroom Processing Line] DEBUG net.serenitybdd.core.photography.DarkroomProcessingLine - Saving screenshot to target\site\serenity\bc43c4de84ed0a4e466bb49b4efe6a7ab22ecf1bf8bf50935b445a3b183a0d10.png
18:27:52.636 [AsyncHttpClient-1-1] DEBUG org.asynchttpclient.netty.channel.DefaultChannelPool - Entry count for : http://localhost:49294 : 1
18:27:52.636 [AsyncHttpClient-1-1] DEBUG org.asynchttpclient.netty.channel.DefaultChannelPool - Entry count for : http://localhost:49739 : 1
  &amp#27;[32mAnd &amp#27;[0m&amp#27;[32mI click button login&amp#27;[0m                                                     &amp#27;[90m# starter.stepdefinitios.LoginSteps.iClickButtonLogin()&amp#27;[0m
18:27:53.247 [Forwarding screenshot on session 7824ee0c1cb4a513a11c0510d2fc11fe to remote] DEBUG org.asynchttpclient.netty.request.NettyRequestSender - Using pooled Channel '[id: 0xf0201bb7, L:/127.0.0.1:49738 - R:localhost/127.0.0.1:49294]' for 'GET' to 'http://localhost:49294/session/7824ee0c1cb4a513a11c0510d2fc11fe/screenshot'
18:27:53.247 [Forwarding screenshot on session 7824ee0c1cb4a513a11c0510d2fc11fe to remote] DEBUG org.asynchttpclient.netty.request.NettyRequestSender - Using open Channel [id: 0xf0201bb7, L:/127.0.0.1:49738 - R:localhost/127.0.0.1:49294] for GET '/session/7824ee0c1cb4a513a11c0510d2fc11fe/screenshot'
18:27:53.466 [AsyncHttpClient-1-4] DEBUG org.asynchttpclient.netty.handler.HttpHandler - 

Request DefaultFullHttpRequest(decodeResult: success, version: HTTP/1.1, content: EmptyByteBufBE)
GET /session/7824ee0c1cb4a513a11c0510d2fc11fe/screenshot HTTP/1.1
User-Agent: selenium/4.1.4 (java windows)
Cache-Control: no-cache
Content-Type: application/json; charset=utf-8
host: localhost:49294
accept: */*

Response DefaultHttpResponse(decodeResult: success, version: HTTP/1.1)
HTTP/1.1 200 OK
Content-Type: application/json; charset=utf-8
cache-control: no-cache
content-length: 313236

18:27:53.466 [AsyncHttpClient-1-4] DEBUG org.asynchttpclient.netty.channel.ChannelManager - Adding key: http://localhost:49294 for channel [id: 0xf0201bb7, L:/127.0.0.1:49738 - R:localhost/127.0.0.1:49294]
18:27:53.476 [main] DEBUG net.serenitybdd.core.photography.Darkroom - Send negative for processing for target\site\serenity\b3ab4a296061cb709e89ca994a05bd25641861d1873c945ac40aa80fd70cef8f.png
18:27:53.476 [Darkroom Processing Line] DEBUG net.serenitybdd.core.photography.DarkroomProcessingLine - Processing screenshot image in /var/screenshots/screenshot-2172329300963367375
18:27:53.476 [Darkroom Processing Line] DEBUG net.serenitybdd.core.photography.DarkroomProcessingLine - Saving screenshot to target\site\serenity\b3ab4a296061cb709e89ca994a05bd25641861d1873c945ac40aa80fd70cef8f.png
18:27:53.741 [AsyncHttpClient-1-1] DEBUG org.asynchttpclient.netty.channel.DefaultChannelPool - Entry count for : http://localhost:49294 : 1
18:27:53.741 [AsyncHttpClient-1-1] DEBUG org.asynchttpclient.netty.channel.DefaultChannelPool - Entry count for : http://localhost:49739 : 1
18:27:54.836 [AsyncHttpClient-1-1] DEBUG org.asynchttpclient.netty.channel.DefaultChannelPool - Entry count for : http://localhost:49294 : 1
18:27:54.836 [AsyncHttpClient-1-1] DEBUG org.asynchttpclient.netty.channel.DefaultChannelPool - Entry count for : http://localhost:49739 : 1
18:27:55.946 [AsyncHttpClient-1-1] DEBUG org.asynchttpclient.netty.channel.DefaultChannelPool - Entry count for : http://localhost:49294 : 1
18:27:55.946 [AsyncHttpClient-1-1] DEBUG org.asynchttpclient.netty.channel.DefaultChannelPool - Entry count for : http://localhost:49739 : 1
18:27:57.045 [AsyncHttpClient-1-1] DEBUG org.asynchttpclient.netty.channel.DefaultChannelPool - Entry count for : http://localhost:49294 : 1
18:27:57.045 [AsyncHttpClient-1-1] DEBUG org.asynchttpclient.netty.channel.DefaultChannelPool - Entry count for : http://localhost:49739 : 1
18:27:58.142 [AsyncHttpClient-1-1] DEBUG org.asynchttpclient.netty.channel.DefaultChannelPool - Entry count for : http://localhost:49294 : 1
18:27:58.142 [AsyncHttpClient-1-1] DEBUG org.asynchttpclient.netty.channel.DefaultChannelPool - Entry count for : http://localhost:49739 : 1
18:27:58.485 [Forwarding findElement on session 7824ee0c1cb4a513a11c0510d2fc11fe to remote] DEBUG org.asynchttpclient.netty.request.NettyRequestSender - Using pooled Channel '[id: 0xf0201bb7, L:/127.0.0.1:49738 - R:localhost/127.0.0.1:49294]' for 'POST' to 'http://localhost:49294/session/7824ee0c1cb4a513a11c0510d2fc11fe/element'
18:27:58.485 [Forwarding findElement on session 7824ee0c1cb4a513a11c0510d2fc11fe to remote] DEBUG org.asynchttpclient.netty.request.NettyRequestSender - Using open Channel [id: 0xf0201bb7, L:/127.0.0.1:49738 - R:localhost/127.0.0.1:49294] for POST '/session/7824ee0c1cb4a513a11c0510d2fc11fe/element'
18:27:58.502 [AsyncHttpClient-1-4] DEBUG org.asynchttpclient.netty.handler.HttpHandler - 

Request DefaultHttpRequest(decodeResult: success, version: HTTP/1.1)
POST /session/7824ee0c1cb4a513a11c0510d2fc11fe/element HTTP/1.1
User-Agent: selenium/4.1.4 (java windows)
Content-Length: 68
Content-Type: application/json; charset=utf-8
host: localhost:49294
accept: */*

Response DefaultHttpResponse(decodeResult: success, version: HTTP/1.1)
HTTP/1.1 200 OK
Content-Type: application/json; charset=utf-8
cache-control: no-cache
content-length: 88

18:27:58.503 [AsyncHttpClient-1-4] DEBUG org.asynchttpclient.netty.channel.ChannelManager - Adding key: http://localhost:49294 for channel [id: 0xf0201bb7, L:/127.0.0.1:49738 - R:localhost/127.0.0.1:49294]
18:27:58.504 [Forwarding isElementEnabled on session 7824ee0c1cb4a513a11c0510d2fc11fe to remote] DEBUG org.asynchttpclient.netty.request.NettyRequestSender - Using pooled Channel '[id: 0xf0201bb7, L:/127.0.0.1:49738 - R:localhost/127.0.0.1:49294]' for 'GET' to 'http://localhost:49294/session/7824ee0c1cb4a513a11c0510d2fc11fe/element/5c05e816-bf97-491c-a1f5-736537da660c/enabled'
18:27:58.504 [Forwarding isElementEnabled on session 7824ee0c1cb4a513a11c0510d2fc11fe to remote] DEBUG org.asynchttpclient.netty.request.NettyRequestSender - Using open Channel [id: 0xf0201bb7, L:/127.0.0.1:49738 - R:localhost/127.0.0.1:49294] for GET '/session/7824ee0c1cb4a513a11c0510d2fc11fe/element/5c05e816-bf97-491c-a1f5-736537da660c/enabled'
18:27:58.517 [AsyncHttpClient-1-4] DEBUG org.asynchttpclient.netty.handler.HttpHandler - 

Request DefaultFullHttpRequest(decodeResult: success, version: HTTP/1.1, content: EmptyByteBufBE)
GET /session/7824ee0c1cb4a513a11c0510d2fc11fe/element/5c05e816-bf97-491c-a1f5-736537da660c/enabled HTTP/1.1
User-Agent: selenium/4.1.4 (java windows)
Cache-Control: no-cache
Content-Type: application/json; charset=utf-8
host: localhost:49294
accept: */*

Response DefaultHttpResponse(decodeResult: success, version: HTTP/1.1)
HTTP/1.1 200 OK
Content-Type: application/json; charset=utf-8
cache-control: no-cache
content-length: 14

18:27:58.517 [AsyncHttpClient-1-4] DEBUG org.asynchttpclient.netty.channel.ChannelManager - Adding key: http://localhost:49294 for channel [id: 0xf0201bb7, L:/127.0.0.1:49738 - R:localhost/127.0.0.1:49294]
18:27:59.035 [Forwarding screenshot on session 7824ee0c1cb4a513a11c0510d2fc11fe to remote] DEBUG org.asynchttpclient.netty.request.NettyRequestSender - Using pooled Channel '[id: 0xf0201bb7, L:/127.0.0.1:49738 - R:localhost/127.0.0.1:49294]' for 'GET' to 'http://localhost:49294/session/7824ee0c1cb4a513a11c0510d2fc11fe/screenshot'
18:27:59.035 [Forwarding screenshot on session 7824ee0c1cb4a513a11c0510d2fc11fe to remote] DEBUG org.asynchttpclient.netty.request.NettyRequestSender - Using open Channel [id: 0xf0201bb7, L:/127.0.0.1:49738 - R:localhost/127.0.0.1:49294] for GET '/session/7824ee0c1cb4a513a11c0510d2fc11fe/screenshot'
18:27:59.235 [AsyncHttpClient-1-1] DEBUG org.asynchttpclient.netty.channel.DefaultChannelPool - Entry count for : http://localhost:49739 : 1
18:27:59.280 [AsyncHttpClient-1-4] DEBUG org.asynchttpclient.netty.handler.HttpHandler - 

Request DefaultFullHttpRequest(decodeResult: success, version: HTTP/1.1, content: EmptyByteBufBE)
GET /session/7824ee0c1cb4a513a11c0510d2fc11fe/screenshot HTTP/1.1
User-Agent: selenium/4.1.4 (java windows)
Cache-Control: no-cache
Content-Type: application/json; charset=utf-8
host: localhost:49294
accept: */*

Response DefaultHttpResponse(decodeResult: success, version: HTTP/1.1)
HTTP/1.1 200 OK
Content-Type: application/json; charset=utf-8
cache-control: no-cache
content-length: 301044

18:27:59.280 [AsyncHttpClient-1-4] DEBUG org.asynchttpclient.netty.channel.ChannelManager - Adding key: http://localhost:49294 for channel [id: 0xf0201bb7, L:/127.0.0.1:49738 - R:localhost/127.0.0.1:49294]
18:27:59.298 [main] DEBUG net.serenitybdd.core.photography.Darkroom - Send negative for processing for target\site\serenity\163e386af0b12517552a74a3d5043b94e8c0f9215c0f21d464e3b04d27a0859d.png
18:27:59.298 [main] DEBUG net.thucydides.core.steps.StepInterceptor - STARTING STEP: LoginSteps.loginValidationInvalid - clickButtonErrorOK
18:27:59.305 [Forwarding findElement on session 7824ee0c1cb4a513a11c0510d2fc11fe to remote] DEBUG org.asynchttpclient.netty.request.NettyRequestSender - Using pooled Channel '[id: 0xf0201bb7, L:/127.0.0.1:49738 - R:localhost/127.0.0.1:49294]' for 'POST' to 'http://localhost:49294/session/7824ee0c1cb4a513a11c0510d2fc11fe/element'
18:27:59.305 [Forwarding findElement on session 7824ee0c1cb4a513a11c0510d2fc11fe to remote] DEBUG org.asynchttpclient.netty.request.NettyRequestSender - Using open Channel [id: 0xf0201bb7, L:/127.0.0.1:49738 - R:localhost/127.0.0.1:49294] for POST '/session/7824ee0c1cb4a513a11c0510d2fc11fe/element'
18:27:59.325 [AsyncHttpClient-1-4] DEBUG org.asynchttpclient.netty.handler.HttpHandler - 

Request DefaultHttpRequest(decodeResult: success, version: HTTP/1.1)
POST /session/7824ee0c1cb4a513a11c0510d2fc11fe/element HTTP/1.1
User-Agent: selenium/4.1.4 (java windows)
Content-Length: 88
Content-Type: application/json; charset=utf-8
host: localhost:49294
accept: */*

Response DefaultHttpResponse(decodeResult: success, version: HTTP/1.1)
HTTP/1.1 200 OK
Content-Type: application/json; charset=utf-8
cache-control: no-cache
content-length: 88

18:27:59.325 [AsyncHttpClient-1-4] DEBUG org.asynchttpclient.netty.channel.ChannelManager - Adding key: http://localhost:49294 for channel [id: 0xf0201bb7, L:/127.0.0.1:49738 - R:localhost/127.0.0.1:49294]
18:27:59.327 [Forwarding getElementTagName on session 7824ee0c1cb4a513a11c0510d2fc11fe to remote] DEBUG org.asynchttpclient.netty.request.NettyRequestSender - Using pooled Channel '[id: 0xf0201bb7, L:/127.0.0.1:49738 - R:localhost/127.0.0.1:49294]' for 'GET' to 'http://localhost:49294/session/7824ee0c1cb4a513a11c0510d2fc11fe/element/249f421b-aca6-4b6a-8593-5f2c0e5cccde/name'
18:27:59.327 [Forwarding getElementTagName on session 7824ee0c1cb4a513a11c0510d2fc11fe to remote] DEBUG org.asynchttpclient.netty.request.NettyRequestSender - Using open Channel [id: 0xf0201bb7, L:/127.0.0.1:49738 - R:localhost/127.0.0.1:49294] for GET '/session/7824ee0c1cb4a513a11c0510d2fc11fe/element/249f421b-aca6-4b6a-8593-5f2c0e5cccde/name'
18:27:59.334 [AsyncHttpClient-1-4] DEBUG org.asynchttpclient.netty.handler.HttpHandler - 

Request DefaultFullHttpRequest(decodeResult: success, version: HTTP/1.1, content: EmptyByteBufBE)
GET /session/7824ee0c1cb4a513a11c0510d2fc11fe/element/249f421b-aca6-4b6a-8593-5f2c0e5cccde/name HTTP/1.1
User-Agent: selenium/4.1.4 (java windows)
Cache-Control: no-cache
Content-Type: application/json; charset=utf-8
host: localhost:49294
accept: */*

Response DefaultHttpResponse(decodeResult: success, version: HTTP/1.1)
HTTP/1.1 200 OK
Content-Type: application/json; charset=utf-8
cache-control: no-cache
content-length: 18

18:27:59.335 [AsyncHttpClient-1-4] DEBUG org.asynchttpclient.netty.channel.ChannelManager - Adding key: http://localhost:49294 for channel [id: 0xf0201bb7, L:/127.0.0.1:49738 - R:localhost/127.0.0.1:49294]
18:27:59.335 [Forwarding getElementTagName on session 7824ee0c1cb4a513a11c0510d2fc11fe to remote] DEBUG org.asynchttpclient.netty.request.NettyRequestSender - Using pooled Channel '[id: 0xf0201bb7, L:/127.0.0.1:49738 - R:localhost/127.0.0.1:49294]' for 'GET' to 'http://localhost:49294/session/7824ee0c1cb4a513a11c0510d2fc11fe/element/249f421b-aca6-4b6a-8593-5f2c0e5cccde/name'
18:27:59.335 [Forwarding getElementTagName on session 7824ee0c1cb4a513a11c0510d2fc11fe to remote] DEBUG org.asynchttpclient.netty.request.NettyRequestSender - Using open Channel [id: 0xf0201bb7, L:/127.0.0.1:49738 - R:localhost/127.0.0.1:49294] for GET '/session/7824ee0c1cb4a513a11c0510d2fc11fe/element/249f421b-aca6-4b6a-8593-5f2c0e5cccde/name'
18:27:59.341 [AsyncHttpClient-1-4] DEBUG org.asynchttpclient.netty.handler.HttpHandler - 

Request DefaultFullHttpRequest(decodeResult: success, version: HTTP/1.1, content: EmptyByteBufBE)
GET /session/7824ee0c1cb4a513a11c0510d2fc11fe/element/249f421b-aca6-4b6a-8593-5f2c0e5cccde/name HTTP/1.1
User-Agent: selenium/4.1.4 (java windows)
Cache-Control: no-cache
Content-Type: application/json; charset=utf-8
host: localhost:49294
accept: */*

Response DefaultHttpResponse(decodeResult: success, version: HTTP/1.1)
HTTP/1.1 200 OK
Content-Type: application/json; charset=utf-8
cache-control: no-cache
content-length: 18

18:27:59.341 [AsyncHttpClient-1-4] DEBUG org.asynchttpclient.netty.channel.ChannelManager - Adding key: http://localhost:49294 for channel [id: 0xf0201bb7, L:/127.0.0.1:49738 - R:localhost/127.0.0.1:49294]
18:27:59.341 [Forwarding isElementEnabled on session 7824ee0c1cb4a513a11c0510d2fc11fe to remote] DEBUG org.asynchttpclient.netty.request.NettyRequestSender - Using pooled Channel '[id: 0xf0201bb7, L:/127.0.0.1:49738 - R:localhost/127.0.0.1:49294]' for 'GET' to 'http://localhost:49294/session/7824ee0c1cb4a513a11c0510d2fc11fe/element/249f421b-aca6-4b6a-8593-5f2c0e5cccde/enabled'
18:27:59.341 [Forwarding isElementEnabled on session 7824ee0c1cb4a513a11c0510d2fc11fe to remote] DEBUG org.asynchttpclient.netty.request.NettyRequestSender - Using open Channel [id: 0xf0201bb7, L:/127.0.0.1:49738 - R:localhost/127.0.0.1:49294] for GET '/session/7824ee0c1cb4a513a11c0510d2fc11fe/element/249f421b-aca6-4b6a-8593-5f2c0e5cccde/enabled'
18:27:59.356 [AsyncHttpClient-1-4] DEBUG org.asynchttpclient.netty.handler.HttpHandler - 

Request DefaultFullHttpRequest(decodeResult: success, version: HTTP/1.1, content: EmptyByteBufBE)
GET /session/7824ee0c1cb4a513a11c0510d2fc11fe/element/249f421b-aca6-4b6a-8593-5f2c0e5cccde/enabled HTTP/1.1
User-Agent: selenium/4.1.4 (java windows)
Cache-Control: no-cache
Content-Type: application/json; charset=utf-8
host: localhost:49294
accept: */*

Response DefaultHttpResponse(decodeResult: success, version: HTTP/1.1)
HTTP/1.1 200 OK
Content-Type: application/json; charset=utf-8
cache-control: no-cache
content-length: 14

18:27:59.356 [AsyncHttpClient-1-4] DEBUG org.asynchttpclient.netty.channel.ChannelManager - Adding key: http://localhost:49294 for channel [id: 0xf0201bb7, L:/127.0.0.1:49738 - R:localhost/127.0.0.1:49294]
18:27:59.357 [Forwarding isElementEnabled on session 7824ee0c1cb4a513a11c0510d2fc11fe to remote] DEBUG org.asynchttpclient.netty.request.NettyRequestSender - Using pooled Channel '[id: 0xf0201bb7, L:/127.0.0.1:49738 - R:localhost/127.0.0.1:49294]' for 'GET' to 'http://localhost:49294/session/7824ee0c1cb4a513a11c0510d2fc11fe/element/249f421b-aca6-4b6a-8593-5f2c0e5cccde/enabled'
18:27:59.357 [Forwarding isElementEnabled on session 7824ee0c1cb4a513a11c0510d2fc11fe to remote] DEBUG org.asynchttpclient.netty.request.NettyRequestSender - Using open Channel [id: 0xf0201bb7, L:/127.0.0.1:49738 - R:localhost/127.0.0.1:49294] for GET '/session/7824ee0c1cb4a513a11c0510d2fc11fe/element/249f421b-aca6-4b6a-8593-5f2c0e5cccde/enabled'
18:27:59.366 [AsyncHttpClient-1-4] DEBUG org.asynchttpclient.netty.handler.HttpHandler - 

Request DefaultFullHttpRequest(decodeResult: success, version: HTTP/1.1, content: EmptyByteBufBE)
GET /session/7824ee0c1cb4a513a11c0510d2fc11fe/element/249f421b-aca6-4b6a-8593-5f2c0e5cccde/enabled HTTP/1.1
User-Agent: selenium/4.1.4 (java windows)
Cache-Control: no-cache
Content-Type: application/json; charset=utf-8
host: localhost:49294
accept: */*

Response DefaultHttpResponse(decodeResult: success, version: HTTP/1.1)
HTTP/1.1 200 OK
Content-Type: application/json; charset=utf-8
cache-control: no-cache
content-length: 14

18:27:59.367 [AsyncHttpClient-1-4] DEBUG org.asynchttpclient.netty.channel.ChannelManager - Adding key: http://localhost:49294 for channel [id: 0xf0201bb7, L:/127.0.0.1:49738 - R:localhost/127.0.0.1:49294]
18:27:59.367 [Forwarding findElement on session 7824ee0c1cb4a513a11c0510d2fc11fe to remote] DEBUG org.asynchttpclient.netty.request.NettyRequestSender - Using pooled Channel '[id: 0xf0201bb7, L:/127.0.0.1:49738 - R:localhost/127.0.0.1:49294]' for 'POST' to 'http://localhost:49294/session/7824ee0c1cb4a513a11c0510d2fc11fe/element'
18:27:59.367 [Forwarding findElement on session 7824ee0c1cb4a513a11c0510d2fc11fe to remote] DEBUG org.asynchttpclient.netty.request.NettyRequestSender - Using open Channel [id: 0xf0201bb7, L:/127.0.0.1:49738 - R:localhost/127.0.0.1:49294] for POST '/session/7824ee0c1cb4a513a11c0510d2fc11fe/element'
18:27:59.380 [AsyncHttpClient-1-4] DEBUG org.asynchttpclient.netty.handler.HttpHandler - 

Request DefaultHttpRequest(decodeResult: success, version: HTTP/1.1)
POST /session/7824ee0c1cb4a513a11c0510d2fc11fe/element HTTP/1.1
User-Agent: selenium/4.1.4 (java windows)
Content-Length: 88
Content-Type: application/json; charset=utf-8
host: localhost:49294
accept: */*

Response DefaultHttpResponse(decodeResult: success, version: HTTP/1.1)
HTTP/1.1 200 OK
Content-Type: application/json; charset=utf-8
cache-control: no-cache
content-length: 88

18:27:59.380 [AsyncHttpClient-1-4] DEBUG org.asynchttpclient.netty.channel.ChannelManager - Adding key: http://localhost:49294 for channel [id: 0xf0201bb7, L:/127.0.0.1:49738 - R:localhost/127.0.0.1:49294]
18:27:59.381 [Forwarding clickElement on session 7824ee0c1cb4a513a11c0510d2fc11fe to remote] DEBUG org.asynchttpclient.netty.request.NettyRequestSender - Using pooled Channel '[id: 0xf0201bb7, L:/127.0.0.1:49738 - R:localhost/127.0.0.1:49294]' for 'POST' to 'http://localhost:49294/session/7824ee0c1cb4a513a11c0510d2fc11fe/element/249f421b-aca6-4b6a-8593-5f2c0e5cccde/click'
18:27:59.381 [Forwarding clickElement on session 7824ee0c1cb4a513a11c0510d2fc11fe to remote] DEBUG org.asynchttpclient.netty.request.NettyRequestSender - Using open Channel [id: 0xf0201bb7, L:/127.0.0.1:49738 - R:localhost/127.0.0.1:49294] for POST '/session/7824ee0c1cb4a513a11c0510d2fc11fe/element/249f421b-aca6-4b6a-8593-5f2c0e5cccde/click'
18:27:59.497 [AsyncHttpClient-1-4] DEBUG org.asynchttpclient.netty.handler.HttpHandler - 

Request DefaultHttpRequest(decodeResult: success, version: HTTP/1.1)
POST /session/7824ee0c1cb4a513a11c0510d2fc11fe/element/249f421b-aca6-4b6a-8593-5f2c0e5cccde/click HTTP/1.1
User-Agent: selenium/4.1.4 (java windows)
Content-Length: 50
Content-Type: application/json; charset=utf-8
host: localhost:49294
accept: */*

Response DefaultHttpResponse(decodeResult: success, version: HTTP/1.1)
HTTP/1.1 200 OK
Content-Type: application/json; charset=utf-8
cache-control: no-cache
content-length: 14

18:27:59.497 [AsyncHttpClient-1-4] DEBUG org.asynchttpclient.netty.channel.ChannelManager - Adding key: http://localhost:49294 for channel [id: 0xf0201bb7, L:/127.0.0.1:49738 - R:localhost/127.0.0.1:49294]
18:27:59.510 [Forwarding screenshot on session 7824ee0c1cb4a513a11c0510d2fc11fe to remote] DEBUG org.asynchttpclient.netty.request.NettyRequestSender - Using pooled Channel '[id: 0xf0201bb7, L:/127.0.0.1:49738 - R:localhost/127.0.0.1:49294]' for 'GET' to 'http://localhost:49294/session/7824ee0c1cb4a513a11c0510d2fc11fe/screenshot'
18:27:59.510 [Forwarding screenshot on session 7824ee0c1cb4a513a11c0510d2fc11fe to remote] DEBUG org.asynchttpclient.netty.request.NettyRequestSender - Using open Channel [id: 0xf0201bb7, L:/127.0.0.1:49738 - R:localhost/127.0.0.1:49294] for GET '/session/7824ee0c1cb4a513a11c0510d2fc11fe/screenshot'
18:27:59.881 [AsyncHttpClient-1-4] DEBUG org.asynchttpclient.netty.handler.HttpHandler - 

Request DefaultFullHttpRequest(decodeResult: success, version: HTTP/1.1, content: EmptyByteBufBE)
GET /session/7824ee0c1cb4a513a11c0510d2fc11fe/screenshot HTTP/1.1
User-Agent: selenium/4.1.4 (java windows)
Cache-Control: no-cache
Content-Type: application/json; charset=utf-8
host: localhost:49294
accept: */*

Response DefaultHttpResponse(decodeResult: success, version: HTTP/1.1)
HTTP/1.1 200 OK
Content-Type: application/json; charset=utf-8
cache-control: no-cache
content-length: 73936

18:27:59.881 [AsyncHttpClient-1-4] DEBUG org.asynchttpclient.netty.channel.ChannelManager - Adding key: http://localhost:49294 for channel [id: 0xf0201bb7, L:/127.0.0.1:49738 - R:localhost/127.0.0.1:49294]
18:27:59.883 [main] DEBUG net.serenitybdd.core.photography.Darkroom - Send negative for processing for target\site\serenity\e6f008aaee9ea332e76654bb64a0cae24e4532339956ecb39388763cae7c7ada.png
18:27:59.883 [main] DEBUG net.thucydides.core.steps.StepInterceptor - STEP DONE: clickButtonErrorOK
18:27:59.883 [Darkroom Processing Line] DEBUG net.serenitybdd.core.photography.DarkroomProcessingLine - Processing screenshot image in /var/screenshots/screenshot-2961221334474428328
  &amp#27;[32mAnd &amp#27;[0m&amp#27;[32mLogin validation invalid&amp#27;[0m                                                 &amp#27;[90m# starter.stepdefinitios.LoginSteps.loginValidationInvalid()&amp#27;[0m
18:27:59.883 [Darkroom Processing Line] DEBUG net.serenitybdd.core.photography.DarkroomProcessingLine - Saving screenshot to target\site\serenity\e6f008aaee9ea332e76654bb64a0cae24e4532339956ecb39388763cae7c7ada.png
18:28:00.336 [AsyncHttpClient-1-1] DEBUG org.asynchttpclient.netty.channel.DefaultChannelPool - Entry count for : http://localhost:49294 : 1
18:28:00.336 [AsyncHttpClient-1-1] DEBUG org.asynchttpclient.netty.channel.DefaultChannelPool - Entry count for : http://localhost:49739 : 1
18:28:01.445 [AsyncHttpClient-1-1] DEBUG org.asynchttpclient.netty.channel.DefaultChannelPool - Entry count for : http://localhost:49294 : 1
18:28:01.445 [AsyncHttpClient-1-1] DEBUG org.asynchttpclient.netty.channel.DefaultChannelPool - Entry count for : http://localhost:49739 : 1
18:28:02.537 [AsyncHttpClient-1-1] DEBUG org.asynchttpclient.netty.channel.DefaultChannelPool - Entry count for : http://localhost:49294 : 1
18:28:02.537 [AsyncHttpClient-1-1] DEBUG org.asynchttpclient.netty.channel.DefaultChannelPool - Entry count for : http://localhost:49739 : 1
18:28:03.635 [AsyncHttpClient-1-1] DEBUG org.asynchttpclient.netty.channel.DefaultChannelPool - Entry count for : http://localhost:49294 : 1
18:28:03.635 [AsyncHttpClient-1-1] DEBUG org.asynchttpclient.netty.channel.DefaultChannelPool - Entry count for : http://localhost:49739 : 1
18:28:04.738 [AsyncHttpClient-1-1] DEBUG org.asynchttpclient.netty.channel.DefaultChannelPool - Entry count for : http://localhost:49294 : 1
18:28:04.738 [AsyncHttpClient-1-1] DEBUG org.asynchttpclient.netty.channel.DefaultChannelPool - Entry count for : http://localhost:49739 : 1
18:28:04.948 [Forwarding screenshot on session 7824ee0c1cb4a513a11c0510d2fc11fe to remote] DEBUG org.asynchttpclient.netty.request.NettyRequestSender - Using pooled Channel '[id: 0xf0201bb7, L:/127.0.0.1:49738 - R:localhost/127.0.0.1:49294]' for 'GET' to 'http://localhost:49294/session/7824ee0c1cb4a513a11c0510d2fc11fe/screenshot'
18:28:04.956 [Forwarding screenshot on session 7824ee0c1cb4a513a11c0510d2fc11fe to remote] DEBUG org.asynchttpclient.netty.request.NettyRequestSender - Using open Channel [id: 0xf0201bb7, L:/127.0.0.1:49738 - R:localhost/127.0.0.1:49294] for GET '/session/7824ee0c1cb4a513a11c0510d2fc11fe/screenshot'
18:28:05.138 [AsyncHttpClient-1-4] DEBUG org.asynchttpclient.netty.handler.HttpHandler - 

Request DefaultFullHttpRequest(decodeResult: success, version: HTTP/1.1, content: EmptyByteBufBE)
GET /session/7824ee0c1cb4a513a11c0510d2fc11fe/screenshot HTTP/1.1
User-Agent: selenium/4.1.4 (java windows)
Cache-Control: no-cache
Content-Type: application/json; charset=utf-8
host: localhost:49294
accept: */*

Response DefaultHttpResponse(decodeResult: success, version: HTTP/1.1)
HTTP/1.1 200 OK
Content-Type: application/json; charset=utf-8
cache-control: no-cache
content-length: 78860

18:28:05.138 [AsyncHttpClient-1-4] DEBUG org.asynchttpclient.netty.channel.ChannelManager - Adding key: http://localhost:49294 for channel [id: 0xf0201bb7, L:/127.0.0.1:49738 - R:localhost/127.0.0.1:49294]
18:28:05.142 [main] DEBUG net.serenitybdd.core.photography.Darkroom - Send negative for processing for target\site\serenity\e3902e4e6d497170d59aa0c0c2930d955492166dca27ad580f2b08c08bf103aa.png
18:28:05.142 [main] DEBUG net.thucydides.core.steps.StepInterceptor - STARTING STEP: PatientDataSteps.clickButtonDataPasien - clickButtonDataPasien
18:28:05.151 [Forwarding findElement on session 7824ee0c1cb4a513a11c0510d2fc11fe to remote] DEBUG org.asynchttpclient.netty.request.NettyRequestSender - Using pooled Channel '[id: 0xf0201bb7, L:/127.0.0.1:49738 - R:localhost/127.0.0.1:49294]' for 'POST' to 'http://localhost:49294/session/7824ee0c1cb4a513a11c0510d2fc11fe/element'
18:28:05.151 [Forwarding findElement on session 7824ee0c1cb4a513a11c0510d2fc11fe to remote] DEBUG org.asynchttpclient.netty.request.NettyRequestSender - Using open Channel [id: 0xf0201bb7, L:/127.0.0.1:49738 - R:localhost/127.0.0.1:49294] for POST '/session/7824ee0c1cb4a513a11c0510d2fc11fe/element'
18:28:05.174 [AsyncHttpClient-1-4] DEBUG org.asynchttpclient.netty.handler.HttpHandler - 

Request DefaultHttpRequest(decodeResult: success, version: HTTP/1.1)
POST /session/7824ee0c1cb4a513a11c0510d2fc11fe/element HTTP/1.1
User-Agent: selenium/4.1.4 (java windows)
Content-Length: 114
Content-Type: application/json; charset=utf-8
host: localhost:49294
accept: */*

Response DefaultHttpResponse(decodeResult: success, version: HTTP/1.1)
HTTP/1.1 200 OK
Content-Type: application/json; charset=utf-8
cache-control: no-cache
content-length: 88

18:28:05.174 [AsyncHttpClient-1-4] DEBUG org.asynchttpclient.netty.channel.ChannelManager - Adding key: http://localhost:49294 for channel [id: 0xf0201bb7, L:/127.0.0.1:49738 - R:localhost/127.0.0.1:49294]
18:28:05.176 [Forwarding getElementTagName on session 7824ee0c1cb4a513a11c0510d2fc11fe to remote] DEBUG org.asynchttpclient.netty.request.NettyRequestSender - Using pooled Channel '[id: 0xf0201bb7, L:/127.0.0.1:49738 - R:localhost/127.0.0.1:49294]' for 'GET' to 'http://localhost:49294/session/7824ee0c1cb4a513a11c0510d2fc11fe/element/9c19ab32-07a0-4339-9f1f-4a709bb223b9/name'
18:28:05.176 [Forwarding getElementTagName on session 7824ee0c1cb4a513a11c0510d2fc11fe to remote] DEBUG org.asynchttpclient.netty.request.NettyRequestSender - Using open Channel [id: 0xf0201bb7, L:/127.0.0.1:49738 - R:localhost/127.0.0.1:49294] for GET '/session/7824ee0c1cb4a513a11c0510d2fc11fe/element/9c19ab32-07a0-4339-9f1f-4a709bb223b9/name'
18:28:05.184 [AsyncHttpClient-1-4] DEBUG org.asynchttpclient.netty.handler.HttpHandler - 

Request DefaultFullHttpRequest(decodeResult: success, version: HTTP/1.1, content: EmptyByteBufBE)
GET /session/7824ee0c1cb4a513a11c0510d2fc11fe/element/9c19ab32-07a0-4339-9f1f-4a709bb223b9/name HTTP/1.1
User-Agent: selenium/4.1.4 (java windows)
Cache-Control: no-cache
Content-Type: application/json; charset=utf-8
host: localhost:49294
accept: */*

Response DefaultHttpResponse(decodeResult: success, version: HTTP/1.1)
HTTP/1.1 200 OK
Content-Type: application/json; charset=utf-8
cache-control: no-cache
content-length: 13

18:28:05.184 [AsyncHttpClient-1-4] DEBUG org.asynchttpclient.netty.channel.ChannelManager - Adding key: http://localhost:49294 for channel [id: 0xf0201bb7, L:/127.0.0.1:49738 - R:localhost/127.0.0.1:49294]
18:28:05.186 [Forwarding getElementTagName on session 7824ee0c1cb4a513a11c0510d2fc11fe to remote] DEBUG org.asynchttpclient.netty.request.NettyRequestSender - Using pooled Channel '[id: 0xf0201bb7, L:/127.0.0.1:49738 - R:localhost/127.0.0.1:49294]' for 'GET' to 'http://localhost:49294/session/7824ee0c1cb4a513a11c0510d2fc11fe/element/9c19ab32-07a0-4339-9f1f-4a709bb223b9/name'
18:28:05.186 [Forwarding getElementTagName on session 7824ee0c1cb4a513a11c0510d2fc11fe to remote] DEBUG org.asynchttpclient.netty.request.NettyRequestSender - Using open Channel [id: 0xf0201bb7, L:/127.0.0.1:49738 - R:localhost/127.0.0.1:49294] for GET '/session/7824ee0c1cb4a513a11c0510d2fc11fe/element/9c19ab32-07a0-4339-9f1f-4a709bb223b9/name'
18:28:05.192 [AsyncHttpClient-1-4] DEBUG org.asynchttpclient.netty.handler.HttpHandler - 

Request DefaultFullHttpRequest(decodeResult: success, version: HTTP/1.1, content: EmptyByteBufBE)
GET /session/7824ee0c1cb4a513a11c0510d2fc11fe/element/9c19ab32-07a0-4339-9f1f-4a709bb223b9/name HTTP/1.1
User-Agent: selenium/4.1.4 (java windows)
Cache-Control: no-cache
Content-Type: application/json; charset=utf-8
host: localhost:49294
accept: */*

Response DefaultHttpResponse(decodeResult: success, version: HTTP/1.1)
HTTP/1.1 200 OK
Content-Type: application/json; charset=utf-8
cache-control: no-cache
content-length: 13

18:28:05.192 [AsyncHttpClient-1-4] DEBUG org.asynchttpclient.netty.channel.ChannelManager - Adding key: http://localhost:49294 for channel [id: 0xf0201bb7, L:/127.0.0.1:49738 - R:localhost/127.0.0.1:49294]
18:28:05.192 [Forwarding findElement on session 7824ee0c1cb4a513a11c0510d2fc11fe to remote] DEBUG org.asynchttpclient.netty.request.NettyRequestSender - Using pooled Channel '[id: 0xf0201bb7, L:/127.0.0.1:49738 - R:localhost/127.0.0.1:49294]' for 'POST' to 'http://localhost:49294/session/7824ee0c1cb4a513a11c0510d2fc11fe/element'
18:28:05.192 [Forwarding findElement on session 7824ee0c1cb4a513a11c0510d2fc11fe to remote] DEBUG org.asynchttpclient.netty.request.NettyRequestSender - Using open Channel [id: 0xf0201bb7, L:/127.0.0.1:49738 - R:localhost/127.0.0.1:49294] for POST '/session/7824ee0c1cb4a513a11c0510d2fc11fe/element'
18:28:05.211 [AsyncHttpClient-1-4] DEBUG org.asynchttpclient.netty.handler.HttpHandler - 

Request DefaultHttpRequest(decodeResult: success, version: HTTP/1.1)
POST /session/7824ee0c1cb4a513a11c0510d2fc11fe/element HTTP/1.1
User-Agent: selenium/4.1.4 (java windows)
Content-Length: 114
Content-Type: application/json; charset=utf-8
host: localhost:49294
accept: */*

Response DefaultHttpResponse(decodeResult: success, version: HTTP/1.1)
HTTP/1.1 200 OK
Content-Type: application/json; charset=utf-8
cache-control: no-cache
content-length: 88

18:28:05.211 [AsyncHttpClient-1-4] DEBUG org.asynchttpclient.netty.channel.ChannelManager - Adding key: http://localhost:49294 for channel [id: 0xf0201bb7, L:/127.0.0.1:49738 - R:localhost/127.0.0.1:49294]
18:28:05.213 [Forwarding clickElement on session 7824ee0c1cb4a513a11c0510d2fc11fe to remote] DEBUG org.asynchttpclient.netty.request.NettyRequestSender - Using pooled Channel '[id: 0xf0201bb7, L:/127.0.0.1:49738 - R:localhost/127.0.0.1:49294]' for 'POST' to 'http://localhost:49294/session/7824ee0c1cb4a513a11c0510d2fc11fe/element/9c19ab32-07a0-4339-9f1f-4a709bb223b9/click'
18:28:05.213 [Forwarding clickElement on session 7824ee0c1cb4a513a11c0510d2fc11fe to remote] DEBUG org.asynchttpclient.netty.request.NettyRequestSender - Using open Channel [id: 0xf0201bb7, L:/127.0.0.1:49738 - R:localhost/127.0.0.1:49294] for POST '/session/7824ee0c1cb4a513a11c0510d2fc11fe/element/9c19ab32-07a0-4339-9f1f-4a709bb223b9/click'
18:28:05.360 [AsyncHttpClient-1-4] DEBUG org.asynchttpclient.netty.handler.HttpHandler - 

Request DefaultHttpRequest(decodeResult: success, version: HTTP/1.1)
POST /session/7824ee0c1cb4a513a11c0510d2fc11fe/element/9c19ab32-07a0-4339-9f1f-4a709bb223b9/click HTTP/1.1
User-Agent: selenium/4.1.4 (java windows)
Content-Length: 50
Content-Type: application/json; charset=utf-8
host: localhost:49294
accept: */*

Response DefaultHttpResponse(decodeResult: success, version: HTTP/1.1)
HTTP/1.1 200 OK
Content-Type: application/json; charset=utf-8
cache-control: no-cache
content-length: 14

18:28:05.360 [AsyncHttpClient-1-4] DEBUG org.asynchttpclient.netty.channel.ChannelManager - Adding key: http://localhost:49294 for channel [id: 0xf0201bb7, L:/127.0.0.1:49738 - R:localhost/127.0.0.1:49294]
18:28:05.365 [Forwarding screenshot on session 7824ee0c1cb4a513a11c0510d2fc11fe to remote] DEBUG org.asynchttpclient.netty.request.NettyRequestSender - Using pooled Channel '[id: 0xf0201bb7, L:/127.0.0.1:49738 - R:localhost/127.0.0.1:49294]' for 'GET' to 'http://localhost:49294/session/7824ee0c1cb4a513a11c0510d2fc11fe/screenshot'
18:28:05.365 [Forwarding screenshot on session 7824ee0c1cb4a513a11c0510d2fc11fe to remote] DEBUG org.asynchttpclient.netty.request.NettyRequestSender - Using open Channel [id: 0xf0201bb7, L:/127.0.0.1:49738 - R:localhost/127.0.0.1:49294] for GET '/session/7824ee0c1cb4a513a11c0510d2fc11fe/screenshot'
18:28:05.624 [AsyncHttpClient-1-4] DEBUG org.asynchttpclient.netty.handler.HttpHandler - 

Request DefaultFullHttpRequest(decodeResult: success, version: HTTP/1.1, content: EmptyByteBufBE)
GET /session/7824ee0c1cb4a513a11c0510d2fc11fe/screenshot HTTP/1.1
User-Agent: selenium/4.1.4 (java windows)
Cache-Control: no-cache
Content-Type: application/json; charset=utf-8
host: localhost:49294
accept: */*

Response DefaultHttpResponse(decodeResult: success, version: HTTP/1.1)
HTTP/1.1 200 OK
Content-Type: application/json; charset=utf-8
cache-control: no-cache
content-length: 115656

18:28:05.624 [AsyncHttpClient-1-4] DEBUG org.asynchttpclient.netty.channel.ChannelManager - Adding key: http://localhost:49294 for channel [id: 0xf0201bb7, L:/127.0.0.1:49738 - R:localhost/127.0.0.1:49294]
18:28:05.636 [main] DEBUG net.serenitybdd.core.photography.Darkroom - Send negative for processing for target\site\serenity\d2a3b18292c46988e55d270badbab55aebac12c2ead959701d31f6c9fa21832b.png
18:28:05.636 [main] DEBUG net.thucydides.core.steps.StepInterceptor - STEP DONE: clickButtonDataPasien
  &amp#27;[32mWhen &amp#27;[0m&amp#27;[32mClick button data pasien&amp#27;[0m                                                &amp#27;[90m# starter.stepdefinitios.PatientDataSteps.clickButtonDataPasien()&amp#27;[0m
18:28:05.636 [Darkroom Processing Line] DEBUG net.serenitybdd.core.photography.DarkroomProcessingLine - Processing screenshot image in /var/screenshots/screenshot-12623777557954897351
18:28:05.636 [Darkroom Processing Line] DEBUG net.serenitybdd.core.photography.DarkroomProcessingLine - Saving screenshot to target\site\serenity\d2a3b18292c46988e55d270badbab55aebac12c2ead959701d31f6c9fa21832b.png
18:28:05.838 [AsyncHttpClient-1-1] DEBUG org.asynchttpclient.netty.channel.DefaultChannelPool - Entry count for : http://localhost:49294 : 1
18:28:05.838 [AsyncHttpClient-1-1] DEBUG org.asynchttpclient.netty.channel.DefaultChannelPool - Entry count for : http://localhost:49739 : 1
18:28:06.938 [AsyncHttpClient-1-1] DEBUG org.asynchttpclient.netty.channel.DefaultChannelPool - Entry count for : http://localhost:49294 : 1
18:28:06.938 [AsyncHttpClient-1-1] DEBUG org.asynchttpclient.netty.channel.DefaultChannelPool - Entry count for : http://localhost:49739 : 1
18:28:08.036 [AsyncHttpClient-1-1] DEBUG org.asynchttpclient.netty.channel.DefaultChannelPool - Entry count for : http://localhost:49294 : 1
18:28:08.036 [AsyncHttpClient-1-1] DEBUG org.asynchttpclient.netty.channel.DefaultChannelPool - Entry count for : http://localhost:49739 : 1
18:28:09.145 [AsyncHttpClient-1-1] DEBUG org.asynchttpclient.netty.channel.DefaultChannelPool - Entry count for : http://localhost:49294 : 1
18:28:09.145 [AsyncHttpClient-1-1] DEBUG org.asynchttpclient.netty.channel.DefaultChannelPool - Entry count for : http://localhost:49739 : 1
18:28:10.242 [AsyncHttpClient-1-1] DEBUG org.asynchttpclient.netty.channel.DefaultChannelPool - Entry count for : http://localhost:49294 : 1
18:28:10.242 [AsyncHttpClient-1-1] DEBUG org.asynchttpclient.netty.channel.DefaultChannelPool - Entry count for : http://localhost:49739 : 1
18:28:11.370 [AsyncHttpClient-1-1] DEBUG org.asynchttpclient.netty.channel.DefaultChannelPool - Entry count for : http://localhost:49294 : 1
18:28:11.370 [AsyncHttpClient-1-1] DEBUG org.asynchttpclient.netty.channel.DefaultChannelPool - Entry count for : http://localhost:49739 : 1
18:28:11.666 [Forwarding screenshot on session 7824ee0c1cb4a513a11c0510d2fc11fe to remote] DEBUG org.asynchttpclient.netty.request.NettyRequestSender - Using pooled Channel '[id: 0xf0201bb7, L:/127.0.0.1:49738 - R:localhost/127.0.0.1:49294]' for 'GET' to 'http://localhost:49294/session/7824ee0c1cb4a513a11c0510d2fc11fe/screenshot'
18:28:11.666 [Forwarding screenshot on session 7824ee0c1cb4a513a11c0510d2fc11fe to remote] DEBUG org.asynchttpclient.netty.request.NettyRequestSender - Using open Channel [id: 0xf0201bb7, L:/127.0.0.1:49738 - R:localhost/127.0.0.1:49294] for GET '/session/7824ee0c1cb4a513a11c0510d2fc11fe/screenshot'
18:28:11.826 [AsyncHttpClient-1-4] DEBUG org.asynchttpclient.netty.handler.HttpHandler - 

Request DefaultFullHttpRequest(decodeResult: success, version: HTTP/1.1, content: EmptyByteBufBE)
GET /session/7824ee0c1cb4a513a11c0510d2fc11fe/screenshot HTTP/1.1
User-Agent: selenium/4.1.4 (java windows)
Cache-Control: no-cache
Content-Type: application/json; charset=utf-8
host: localhost:49294
accept: */*

Response DefaultHttpResponse(decodeResult: success, version: HTTP/1.1)
HTTP/1.1 200 OK
Content-Type: application/json; charset=utf-8
cache-control: no-cache
content-length: 83448

18:28:11.826 [AsyncHttpClient-1-4] DEBUG org.asynchttpclient.netty.channel.ChannelManager - Adding key: http://localhost:49294 for channel [id: 0xf0201bb7, L:/127.0.0.1:49738 - R:localhost/127.0.0.1:49294]
18:28:11.829 [main] DEBUG net.serenitybdd.core.photography.Darkroom - Send negative for processing for target\site\serenity\cdc7d6768bd36f67cb5558b84d3f7cdf2498093267c606387c7df8516ad3c364.png
18:28:11.829 [main] DEBUG net.thucydides.core.steps.StepInterceptor - STARTING STEP: PatientDataSteps.clickButtonTambahData - clickButtonTambah
18:28:11.832 [Forwarding findElement on session 7824ee0c1cb4a513a11c0510d2fc11fe to remote] DEBUG org.asynchttpclient.netty.request.NettyRequestSender - Using pooled Channel '[id: 0xf0201bb7, L:/127.0.0.1:49738 - R:localhost/127.0.0.1:49294]' for 'POST' to 'http://localhost:49294/session/7824ee0c1cb4a513a11c0510d2fc11fe/element'
18:28:11.832 [Forwarding findElement on session 7824ee0c1cb4a513a11c0510d2fc11fe to remote] DEBUG org.asynchttpclient.netty.request.NettyRequestSender - Using open Channel [id: 0xf0201bb7, L:/127.0.0.1:49738 - R:localhost/127.0.0.1:49294] for POST '/session/7824ee0c1cb4a513a11c0510d2fc11fe/element'
18:28:11.849 [AsyncHttpClient-1-4] DEBUG org.asynchttpclient.netty.handler.HttpHandler - 

Request DefaultHttpRequest(decodeResult: success, version: HTTP/1.1)
POST /session/7824ee0c1cb4a513a11c0510d2fc11fe/element HTTP/1.1
User-Agent: selenium/4.1.4 (java windows)
Content-Length: 68
Content-Type: application/json; charset=utf-8
host: localhost:49294
accept: */*

Response DefaultHttpResponse(decodeResult: success, version: HTTP/1.1)
HTTP/1.1 200 OK
Content-Type: application/json; charset=utf-8
cache-control: no-cache
content-length: 88

18:28:11.849 [AsyncHttpClient-1-4] DEBUG org.asynchttpclient.netty.channel.ChannelManager - Adding key: http://localhost:49294 for channel [id: 0xf0201bb7, L:/127.0.0.1:49738 - R:localhost/127.0.0.1:49294]
18:28:11.851 [Forwarding getElementTagName on session 7824ee0c1cb4a513a11c0510d2fc11fe to remote] DEBUG org.asynchttpclient.netty.request.NettyRequestSender - Using pooled Channel '[id: 0xf0201bb7, L:/127.0.0.1:49738 - R:localhost/127.0.0.1:49294]' for 'GET' to 'http://localhost:49294/session/7824ee0c1cb4a513a11c0510d2fc11fe/element/cf78f39e-0d31-46df-81ad-f8f6f2dec4fa/name'
18:28:11.851 [Forwarding getElementTagName on session 7824ee0c1cb4a513a11c0510d2fc11fe to remote] DEBUG org.asynchttpclient.netty.request.NettyRequestSender - Using open Channel [id: 0xf0201bb7, L:/127.0.0.1:49738 - R:localhost/127.0.0.1:49294] for GET '/session/7824ee0c1cb4a513a11c0510d2fc11fe/element/cf78f39e-0d31-46df-81ad-f8f6f2dec4fa/name'
18:28:11.856 [AsyncHttpClient-1-4] DEBUG org.asynchttpclient.netty.handler.HttpHandler - 

Request DefaultFullHttpRequest(decodeResult: success, version: HTTP/1.1, content: EmptyByteBufBE)
GET /session/7824ee0c1cb4a513a11c0510d2fc11fe/element/cf78f39e-0d31-46df-81ad-f8f6f2dec4fa/name HTTP/1.1
User-Agent: selenium/4.1.4 (java windows)
Cache-Control: no-cache
Content-Type: application/json; charset=utf-8
host: localhost:49294
accept: */*

Response DefaultHttpResponse(decodeResult: success, version: HTTP/1.1)
HTTP/1.1 200 OK
Content-Type: application/json; charset=utf-8
cache-control: no-cache
content-length: 18

18:28:11.856 [AsyncHttpClient-1-4] DEBUG org.asynchttpclient.netty.channel.ChannelManager - Adding key: http://localhost:49294 for channel [id: 0xf0201bb7, L:/127.0.0.1:49738 - R:localhost/127.0.0.1:49294]
18:28:11.856 [Forwarding getElementTagName on session 7824ee0c1cb4a513a11c0510d2fc11fe to remote] DEBUG org.asynchttpclient.netty.request.NettyRequestSender - Using pooled Channel '[id: 0xf0201bb7, L:/127.0.0.1:49738 - R:localhost/127.0.0.1:49294]' for 'GET' to 'http://localhost:49294/session/7824ee0c1cb4a513a11c0510d2fc11fe/element/cf78f39e-0d31-46df-81ad-f8f6f2dec4fa/name'
18:28:11.856 [Forwarding getElementTagName on session 7824ee0c1cb4a513a11c0510d2fc11fe to remote] DEBUG org.asynchttpclient.netty.request.NettyRequestSender - Using open Channel [id: 0xf0201bb7, L:/127.0.0.1:49738 - R:localhost/127.0.0.1:49294] for GET '/session/7824ee0c1cb4a513a11c0510d2fc11fe/element/cf78f39e-0d31-46df-81ad-f8f6f2dec4fa/name'
18:28:11.864 [AsyncHttpClient-1-4] DEBUG org.asynchttpclient.netty.handler.HttpHandler - 

Request DefaultFullHttpRequest(decodeResult: success, version: HTTP/1.1, content: EmptyByteBufBE)
GET /session/7824ee0c1cb4a513a11c0510d2fc11fe/element/cf78f39e-0d31-46df-81ad-f8f6f2dec4fa/name HTTP/1.1
User-Agent: selenium/4.1.4 (java windows)
Cache-Control: no-cache
Content-Type: application/json; charset=utf-8
host: localhost:49294
accept: */*

Response DefaultHttpResponse(decodeResult: success, version: HTTP/1.1)
HTTP/1.1 200 OK
Content-Type: application/json; charset=utf-8
cache-control: no-cache
content-length: 18

18:28:11.865 [AsyncHttpClient-1-4] DEBUG org.asynchttpclient.netty.channel.ChannelManager - Adding key: http://localhost:49294 for channel [id: 0xf0201bb7, L:/127.0.0.1:49738 - R:localhost/127.0.0.1:49294]
18:28:11.866 [Forwarding isElementEnabled on session 7824ee0c1cb4a513a11c0510d2fc11fe to remote] DEBUG org.asynchttpclient.netty.request.NettyRequestSender - Using pooled Channel '[id: 0xf0201bb7, L:/127.0.0.1:49738 - R:localhost/127.0.0.1:49294]' for 'GET' to 'http://localhost:49294/session/7824ee0c1cb4a513a11c0510d2fc11fe/element/cf78f39e-0d31-46df-81ad-f8f6f2dec4fa/enabled'
18:28:11.866 [Forwarding isElementEnabled on session 7824ee0c1cb4a513a11c0510d2fc11fe to remote] DEBUG org.asynchttpclient.netty.request.NettyRequestSender - Using open Channel [id: 0xf0201bb7, L:/127.0.0.1:49738 - R:localhost/127.0.0.1:49294] for GET '/session/7824ee0c1cb4a513a11c0510d2fc11fe/element/cf78f39e-0d31-46df-81ad-f8f6f2dec4fa/enabled'
18:28:11.880 [AsyncHttpClient-1-4] DEBUG org.asynchttpclient.netty.handler.HttpHandler - 

Request DefaultFullHttpRequest(decodeResult: success, version: HTTP/1.1, content: EmptyByteBufBE)
GET /session/7824ee0c1cb4a513a11c0510d2fc11fe/element/cf78f39e-0d31-46df-81ad-f8f6f2dec4fa/enabled HTTP/1.1
User-Agent: selenium/4.1.4 (java windows)
Cache-Control: no-cache
Content-Type: application/json; charset=utf-8
host: localhost:49294
accept: */*

Response DefaultHttpResponse(decodeResult: success, version: HTTP/1.1)
HTTP/1.1 200 OK
Content-Type: application/json; charset=utf-8
cache-control: no-cache
content-length: 14

18:28:11.880 [AsyncHttpClient-1-4] DEBUG org.asynchttpclient.netty.channel.ChannelManager - Adding key: http://localhost:49294 for channel [id: 0xf0201bb7, L:/127.0.0.1:49738 - R:localhost/127.0.0.1:49294]
18:28:11.881 [Forwarding isElementEnabled on session 7824ee0c1cb4a513a11c0510d2fc11fe to remote] DEBUG org.asynchttpclient.netty.request.NettyRequestSender - Using pooled Channel '[id: 0xf0201bb7, L:/127.0.0.1:49738 - R:localhost/127.0.0.1:49294]' for 'GET' to 'http://localhost:49294/session/7824ee0c1cb4a513a11c0510d2fc11fe/element/cf78f39e-0d31-46df-81ad-f8f6f2dec4fa/enabled'
18:28:11.881 [Forwarding isElementEnabled on session 7824ee0c1cb4a513a11c0510d2fc11fe to remote] DEBUG org.asynchttpclient.netty.request.NettyRequestSender - Using open Channel [id: 0xf0201bb7, L:/127.0.0.1:49738 - R:localhost/127.0.0.1:49294] for GET '/session/7824ee0c1cb4a513a11c0510d2fc11fe/element/cf78f39e-0d31-46df-81ad-f8f6f2dec4fa/enabled'
18:28:11.887 [AsyncHttpClient-1-4] DEBUG org.asynchttpclient.netty.handler.HttpHandler - 

Request DefaultFullHttpRequest(decodeResult: success, version: HTTP/1.1, content: EmptyByteBufBE)
GET /session/7824ee0c1cb4a513a11c0510d2fc11fe/element/cf78f39e-0d31-46df-81ad-f8f6f2dec4fa/enabled HTTP/1.1
User-Agent: selenium/4.1.4 (java windows)
Cache-Control: no-cache
Content-Type: application/json; charset=utf-8
host: localhost:49294
accept: */*

Response DefaultHttpResponse(decodeResult: success, version: HTTP/1.1)
HTTP/1.1 200 OK
Content-Type: application/json; charset=utf-8
cache-control: no-cache
content-length: 14

18:28:11.887 [AsyncHttpClient-1-4] DEBUG org.asynchttpclient.netty.channel.ChannelManager - Adding key: http://localhost:49294 for channel [id: 0xf0201bb7, L:/127.0.0.1:49738 - R:localhost/127.0.0.1:49294]
18:28:11.889 [Forwarding findElement on session 7824ee0c1cb4a513a11c0510d2fc11fe to remote] DEBUG org.asynchttpclient.netty.request.NettyRequestSender - Using pooled Channel '[id: 0xf0201bb7, L:/127.0.0.1:49738 - R:localhost/127.0.0.1:49294]' for 'POST' to 'http://localhost:49294/session/7824ee0c1cb4a513a11c0510d2fc11fe/element'
18:28:11.889 [Forwarding findElement on session 7824ee0c1cb4a513a11c0510d2fc11fe to remote] DEBUG org.asynchttpclient.netty.request.NettyRequestSender - Using open Channel [id: 0xf0201bb7, L:/127.0.0.1:49738 - R:localhost/127.0.0.1:49294] for POST '/session/7824ee0c1cb4a513a11c0510d2fc11fe/element'
18:28:11.901 [AsyncHttpClient-1-4] DEBUG org.asynchttpclient.netty.handler.HttpHandler - 

Request DefaultHttpRequest(decodeResult: success, version: HTTP/1.1)
POST /session/7824ee0c1cb4a513a11c0510d2fc11fe/element HTTP/1.1
User-Agent: selenium/4.1.4 (java windows)
Content-Length: 68
Content-Type: application/json; charset=utf-8
host: localhost:49294
accept: */*

Response DefaultHttpResponse(decodeResult: success, version: HTTP/1.1)
HTTP/1.1 200 OK
Content-Type: application/json; charset=utf-8
cache-control: no-cache
content-length: 88

18:28:11.901 [AsyncHttpClient-1-4] DEBUG org.asynchttpclient.netty.channel.ChannelManager - Adding key: http://localhost:49294 for channel [id: 0xf0201bb7, L:/127.0.0.1:49738 - R:localhost/127.0.0.1:49294]
18:28:11.901 [Forwarding clickElement on session 7824ee0c1cb4a513a11c0510d2fc11fe to remote] DEBUG org.asynchttpclient.netty.request.NettyRequestSender - Using pooled Channel '[id: 0xf0201bb7, L:/127.0.0.1:49738 - R:localhost/127.0.0.1:49294]' for 'POST' to 'http://localhost:49294/session/7824ee0c1cb4a513a11c0510d2fc11fe/element/cf78f39e-0d31-46df-81ad-f8f6f2dec4fa/click'
18:28:11.901 [Forwarding clickElement on session 7824ee0c1cb4a513a11c0510d2fc11fe to remote] DEBUG org.asynchttpclient.netty.request.NettyRequestSender - Using open Channel [id: 0xf0201bb7, L:/127.0.0.1:49738 - R:localhost/127.0.0.1:49294] for POST '/session/7824ee0c1cb4a513a11c0510d2fc11fe/element/cf78f39e-0d31-46df-81ad-f8f6f2dec4fa/click'
18:28:12.022 [AsyncHttpClient-1-4] DEBUG org.asynchttpclient.netty.handler.HttpHandler - 

Request DefaultHttpRequest(decodeResult: success, version: HTTP/1.1)
POST /session/7824ee0c1cb4a513a11c0510d2fc11fe/element/cf78f39e-0d31-46df-81ad-f8f6f2dec4fa/click HTTP/1.1
User-Agent: selenium/4.1.4 (java windows)
Content-Length: 50
Content-Type: application/json; charset=utf-8
host: localhost:49294
accept: */*

Response DefaultHttpResponse(decodeResult: success, version: HTTP/1.1)
HTTP/1.1 200 OK
Content-Type: application/json; charset=utf-8
cache-control: no-cache
content-length: 14

18:28:12.022 [AsyncHttpClient-1-4] DEBUG org.asynchttpclient.netty.channel.ChannelManager - Adding key: http://localhost:49294 for channel [id: 0xf0201bb7, L:/127.0.0.1:49738 - R:localhost/127.0.0.1:49294]
18:28:12.029 [Forwarding screenshot on session 7824ee0c1cb4a513a11c0510d2fc11fe to remote] DEBUG org.asynchttpclient.netty.request.NettyRequestSender - Using pooled Channel '[id: 0xf0201bb7, L:/127.0.0.1:49738 - R:localhost/127.0.0.1:49294]' for 'GET' to 'http://localhost:49294/session/7824ee0c1cb4a513a11c0510d2fc11fe/screenshot'
18:28:12.029 [Forwarding screenshot on session 7824ee0c1cb4a513a11c0510d2fc11fe to remote] DEBUG org.asynchttpclient.netty.request.NettyRequestSender - Using open Channel [id: 0xf0201bb7, L:/127.0.0.1:49738 - R:localhost/127.0.0.1:49294] for GET '/session/7824ee0c1cb4a513a11c0510d2fc11fe/screenshot'
18:28:12.226 [AsyncHttpClient-1-4] DEBUG org.asynchttpclient.netty.handler.HttpHandler - 

Request DefaultFullHttpRequest(decodeResult: success, version: HTTP/1.1, content: EmptyByteBufBE)
GET /session/7824ee0c1cb4a513a11c0510d2fc11fe/screenshot HTTP/1.1
User-Agent: selenium/4.1.4 (java windows)
Cache-Control: no-cache
Content-Type: application/json; charset=utf-8
host: localhost:49294
accept: */*

Response DefaultHttpResponse(decodeResult: success, version: HTTP/1.1)
HTTP/1.1 200 OK
Content-Type: application/json; charset=utf-8
cache-control: no-cache
content-length: 41184

18:28:12.226 [AsyncHttpClient-1-4] DEBUG org.asynchttpclient.netty.channel.ChannelManager - Adding key: http://localhost:49294 for channel [id: 0xf0201bb7, L:/127.0.0.1:49738 - R:localhost/127.0.0.1:49294]
18:28:12.229 [main] DEBUG net.serenitybdd.core.photography.Darkroom - Send negative for processing for target\site\serenity\85e61910bbe1ffdf1c3467de0c5b289b3a6eab20004aed7ee6697f4c867559e7.png
18:28:12.229 [main] DEBUG net.thucydides.core.steps.StepInterceptor - STEP DONE: clickButtonTambah
  &amp#27;[32mAnd &amp#27;[0m&amp#27;[32mClick button tambah data&amp#27;[0m                                                 &amp#27;[90m# starter.stepdefinitios.PatientDataSteps.clickButtonTambahData()&amp#27;[0m
18:28:12.435 [AsyncHttpClient-1-1] DEBUG org.asynchttpclient.netty.channel.DefaultChannelPool - Entry count for : http://localhost:49294 : 1
18:28:12.435 [AsyncHttpClient-1-1] DEBUG org.asynchttpclient.netty.channel.DefaultChannelPool - Entry count for : http://localhost:49739 : 1
18:28:13.275 [Forwarding screenshot on session 7824ee0c1cb4a513a11c0510d2fc11fe to remote] DEBUG org.asynchttpclient.netty.request.NettyRequestSender - Using pooled Channel '[id: 0xf0201bb7, L:/127.0.0.1:49738 - R:localhost/127.0.0.1:49294]' for 'GET' to 'http://localhost:49294/session/7824ee0c1cb4a513a11c0510d2fc11fe/screenshot'
18:28:13.275 [Forwarding screenshot on session 7824ee0c1cb4a513a11c0510d2fc11fe to remote] DEBUG org.asynchttpclient.netty.request.NettyRequestSender - Using open Channel [id: 0xf0201bb7, L:/127.0.0.1:49738 - R:localhost/127.0.0.1:49294] for GET '/session/7824ee0c1cb4a513a11c0510d2fc11fe/screenshot'
18:28:13.473 [AsyncHttpClient-1-4] DEBUG org.asynchttpclient.netty.handler.HttpHandler - 

Request DefaultFullHttpRequest(decodeResult: success, version: HTTP/1.1, content: EmptyByteBufBE)
GET /session/7824ee0c1cb4a513a11c0510d2fc11fe/screenshot HTTP/1.1
User-Agent: selenium/4.1.4 (java windows)
Cache-Control: no-cache
Content-Type: application/json; charset=utf-8
host: localhost:49294
accept: */*

Response DefaultHttpResponse(decodeResult: success, version: HTTP/1.1)
HTTP/1.1 200 OK
Content-Type: application/json; charset=utf-8
cache-control: no-cache
content-length: 161528

18:28:13.474 [AsyncHttpClient-1-4] DEBUG org.asynchttpclient.netty.channel.ChannelManager - Adding key: http://localhost:49294 for channel [id: 0xf0201bb7, L:/127.0.0.1:49738 - R:localhost/127.0.0.1:49294]
18:28:13.477 [main] DEBUG net.serenitybdd.core.photography.Darkroom - Send negative for processing for target\site\serenity\0a0289de9c962402a80ca6ea547c8ed928b69777f13efe8dffa8cf4dc50e58ea.png
18:28:13.477 [Darkroom Processing Line] DEBUG net.serenitybdd.core.photography.DarkroomProcessingLine - Processing screenshot image in /var/screenshots/screenshot-15262626921368834091
18:28:13.477 [Darkroom Processing Line] DEBUG net.serenitybdd.core.photography.DarkroomProcessingLine - Saving screenshot to target\site\serenity\0a0289de9c962402a80ca6ea547c8ed928b69777f13efe8dffa8cf4dc50e58ea.png
18:28:13.477 [main] DEBUG net.thucydides.core.steps.StepInterceptor - STARTING STEP: PatientDataSteps.iInput - inputDataPasien
18:28:13.480 [Forwarding findElement on session 7824ee0c1cb4a513a11c0510d2fc11fe to remote] DEBUG org.asynchttpclient.netty.request.NettyRequestSender - Using pooled Channel '[id: 0xf0201bb7, L:/127.0.0.1:49738 - R:localhost/127.0.0.1:49294]' for 'POST' to 'http://localhost:49294/session/7824ee0c1cb4a513a11c0510d2fc11fe/element'
18:28:13.480 [Forwarding findElement on session 7824ee0c1cb4a513a11c0510d2fc11fe to remote] DEBUG org.asynchttpclient.netty.request.NettyRequestSender - Using open Channel [id: 0xf0201bb7, L:/127.0.0.1:49738 - R:localhost/127.0.0.1:49294] for POST '/session/7824ee0c1cb4a513a11c0510d2fc11fe/element'
18:28:13.493 [AsyncHttpClient-1-4] DEBUG org.asynchttpclient.netty.handler.HttpHandler - 

Request DefaultHttpRequest(decodeResult: success, version: HTTP/1.1)
POST /session/7824ee0c1cb4a513a11c0510d2fc11fe/element HTTP/1.1
User-Agent: selenium/4.1.4 (java windows)
Content-Length: 72
Content-Type: application/json; charset=utf-8
host: localhost:49294
accept: */*

Response DefaultHttpResponse(decodeResult: success, version: HTTP/1.1)
HTTP/1.1 200 OK
Content-Type: application/json; charset=utf-8
cache-control: no-cache
content-length: 88

18:28:13.493 [AsyncHttpClient-1-4] DEBUG org.asynchttpclient.netty.channel.ChannelManager - Adding key: http://localhost:49294 for channel [id: 0xf0201bb7, L:/127.0.0.1:49738 - R:localhost/127.0.0.1:49294]
18:28:13.494 [Forwarding sendKeysToElement on session 7824ee0c1cb4a513a11c0510d2fc11fe to remote] DEBUG org.asynchttpclient.netty.request.NettyRequestSender - Using pooled Channel '[id: 0xf0201bb7, L:/127.0.0.1:49738 - R:localhost/127.0.0.1:49294]' for 'POST' to 'http://localhost:49294/session/7824ee0c1cb4a513a11c0510d2fc11fe/element/a781219a-e4f7-4ee9-9cf8-e1464d3dc6f8/value'
18:28:13.494 [Forwarding sendKeysToElement on session 7824ee0c1cb4a513a11c0510d2fc11fe to remote] DEBUG org.asynchttpclient.netty.request.NettyRequestSender - Using open Channel [id: 0xf0201bb7, L:/127.0.0.1:49738 - R:localhost/127.0.0.1:49294] for POST '/session/7824ee0c1cb4a513a11c0510d2fc11fe/element/a781219a-e4f7-4ee9-9cf8-e1464d3dc6f8/value'
18:28:13.535 [AsyncHttpClient-1-1] DEBUG org.asynchttpclient.netty.channel.DefaultChannelPool - Entry count for : http://localhost:49739 : 1
18:28:13.535 [AsyncHttpClient-1-4] DEBUG org.asynchttpclient.netty.handler.HttpHandler - 

Request DefaultHttpRequest(decodeResult: success, version: HTTP/1.1)
POST /session/7824ee0c1cb4a513a11c0510d2fc11fe/element/a781219a-e4f7-4ee9-9cf8-e1464d3dc6f8/value HTTP/1.1
User-Agent: selenium/4.1.4 (java windows)
Content-Length: 82
Content-Type: application/json; charset=utf-8
host: localhost:49294
accept: */*

Response DefaultHttpResponse(decodeResult: success, version: HTTP/1.1)
HTTP/1.1 200 OK
Content-Type: application/json; charset=utf-8
cache-control: no-cache
content-length: 14

18:28:13.535 [AsyncHttpClient-1-4] DEBUG org.asynchttpclient.netty.channel.ChannelManager - Adding key: http://localhost:49294 for channel [id: 0xf0201bb7, L:/127.0.0.1:49738 - R:localhost/127.0.0.1:49294]
18:28:13.536 [Forwarding findElement on session 7824ee0c1cb4a513a11c0510d2fc11fe to remote] DEBUG org.asynchttpclient.netty.request.NettyRequestSender - Using pooled Channel '[id: 0xf0201bb7, L:/127.0.0.1:49738 - R:localhost/127.0.0.1:49294]' for 'POST' to 'http://localhost:49294/session/7824ee0c1cb4a513a11c0510d2fc11fe/element'
18:28:13.536 [Forwarding findElement on session 7824ee0c1cb4a513a11c0510d2fc11fe to remote] DEBUG org.asynchttpclient.netty.request.NettyRequestSender - Using open Channel [id: 0xf0201bb7, L:/127.0.0.1:49738 - R:localhost/127.0.0.1:49294] for POST '/session/7824ee0c1cb4a513a11c0510d2fc11fe/element'
18:28:13.547 [AsyncHttpClient-1-4] DEBUG org.asynchttpclient.netty.handler.HttpHandler - 

Request DefaultHttpRequest(decodeResult: success, version: HTTP/1.1)
POST /session/7824ee0c1cb4a513a11c0510d2fc11fe/element HTTP/1.1
User-Agent: selenium/4.1.4 (java windows)
Content-Length: 65
Content-Type: application/json; charset=utf-8
host: localhost:49294
accept: */*

Response DefaultHttpResponse(decodeResult: success, version: HTTP/1.1)
HTTP/1.1 200 OK
Content-Type: application/json; charset=utf-8
cache-control: no-cache
content-length: 88

18:28:13.547 [AsyncHttpClient-1-4] DEBUG org.asynchttpclient.netty.channel.ChannelManager - Adding key: http://localhost:49294 for channel [id: 0xf0201bb7, L:/127.0.0.1:49738 - R:localhost/127.0.0.1:49294]
18:28:13.548 [Forwarding sendKeysToElement on session 7824ee0c1cb4a513a11c0510d2fc11fe to remote] DEBUG org.asynchttpclient.netty.request.NettyRequestSender - Using pooled Channel '[id: 0xf0201bb7, L:/127.0.0.1:49738 - R:localhost/127.0.0.1:49294]' for 'POST' to 'http://localhost:49294/session/7824ee0c1cb4a513a11c0510d2fc11fe/element/fe61bad7-4840-4df4-a194-3dbc21f392f3/value'
18:28:13.548 [Forwarding sendKeysToElement on session 7824ee0c1cb4a513a11c0510d2fc11fe to remote] DEBUG org.asynchttpclient.netty.request.NettyRequestSender - Using open Channel [id: 0xf0201bb7, L:/127.0.0.1:49738 - R:localhost/127.0.0.1:49294] for POST '/session/7824ee0c1cb4a513a11c0510d2fc11fe/element/fe61bad7-4840-4df4-a194-3dbc21f392f3/value'
18:28:13.825 [AsyncHttpClient-1-4] DEBUG org.asynchttpclient.netty.handler.HttpHandler - 

Request DefaultHttpRequest(decodeResult: success, version: HTTP/1.1)
POST /session/7824ee0c1cb4a513a11c0510d2fc11fe/element/fe61bad7-4840-4df4-a194-3dbc21f392f3/value HTTP/1.1
User-Agent: selenium/4.1.4 (java windows)
Content-Length: 241
Content-Type: application/json; charset=utf-8
host: localhost:49294
accept: */*

Response DefaultHttpResponse(decodeResult: success, version: HTTP/1.1)
HTTP/1.1 200 OK
Content-Type: application/json; charset=utf-8
cache-control: no-cache
content-length: 14

18:28:13.825 [AsyncHttpClient-1-4] DEBUG org.asynchttpclient.netty.channel.ChannelManager - Adding key: http://localhost:49294 for channel [id: 0xf0201bb7, L:/127.0.0.1:49738 - R:localhost/127.0.0.1:49294]
18:28:13.826 [Forwarding findElement on session 7824ee0c1cb4a513a11c0510d2fc11fe to remote] DEBUG org.asynchttpclient.netty.request.NettyRequestSender - Using pooled Channel '[id: 0xf0201bb7, L:/127.0.0.1:49738 - R:localhost/127.0.0.1:49294]' for 'POST' to 'http://localhost:49294/session/7824ee0c1cb4a513a11c0510d2fc11fe/element'
18:28:13.826 [Forwarding findElement on session 7824ee0c1cb4a513a11c0510d2fc11fe to remote] DEBUG org.asynchttpclient.netty.request.NettyRequestSender - Using open Channel [id: 0xf0201bb7, L:/127.0.0.1:49738 - R:localhost/127.0.0.1:49294] for POST '/session/7824ee0c1cb4a513a11c0510d2fc11fe/element'
18:28:13.837 [AsyncHttpClient-1-4] DEBUG org.asynchttpclient.netty.handler.HttpHandler - 

Request DefaultHttpRequest(decodeResult: success, version: HTTP/1.1)
POST /session/7824ee0c1cb4a513a11c0510d2fc11fe/element HTTP/1.1
User-Agent: selenium/4.1.4 (java windows)
Content-Length: 66
Content-Type: application/json; charset=utf-8
host: localhost:49294
accept: */*

Response DefaultHttpResponse(decodeResult: success, version: HTTP/1.1)
HTTP/1.1 200 OK
Content-Type: application/json; charset=utf-8
cache-control: no-cache
content-length: 88

18:28:13.837 [AsyncHttpClient-1-4] DEBUG org.asynchttpclient.netty.channel.ChannelManager - Adding key: http://localhost:49294 for channel [id: 0xf0201bb7, L:/127.0.0.1:49738 - R:localhost/127.0.0.1:49294]
18:28:13.838 [Forwarding sendKeysToElement on session 7824ee0c1cb4a513a11c0510d2fc11fe to remote] DEBUG org.asynchttpclient.netty.request.NettyRequestSender - Using pooled Channel '[id: 0xf0201bb7, L:/127.0.0.1:49738 - R:localhost/127.0.0.1:49294]' for 'POST' to 'http://localhost:49294/session/7824ee0c1cb4a513a11c0510d2fc11fe/element/bed766f5-cd32-4536-8e45-f7d0e77d9f1c/value'
18:28:13.838 [Forwarding sendKeysToElement on session 7824ee0c1cb4a513a11c0510d2fc11fe to remote] DEBUG org.asynchttpclient.netty.request.NettyRequestSender - Using open Channel [id: 0xf0201bb7, L:/127.0.0.1:49738 - R:localhost/127.0.0.1:49294] for POST '/session/7824ee0c1cb4a513a11c0510d2fc11fe/element/bed766f5-cd32-4536-8e45-f7d0e77d9f1c/value'
18:28:13.909 [AsyncHttpClient-1-4] DEBUG org.asynchttpclient.netty.handler.HttpHandler - 

Request DefaultHttpRequest(decodeResult: success, version: HTTP/1.1)
POST /session/7824ee0c1cb4a513a11c0510d2fc11fe/element/bed766f5-cd32-4536-8e45-f7d0e77d9f1c/value HTTP/1.1
User-Agent: selenium/4.1.4 (java windows)
Content-Length: 101
Content-Type: application/json; charset=utf-8
host: localhost:49294
accept: */*

Response DefaultHttpResponse(decodeResult: success, version: HTTP/1.1)
HTTP/1.1 200 OK
Content-Type: application/json; charset=utf-8
cache-control: no-cache
content-length: 14

18:28:13.909 [AsyncHttpClient-1-4] DEBUG org.asynchttpclient.netty.channel.ChannelManager - Adding key: http://localhost:49294 for channel [id: 0xf0201bb7, L:/127.0.0.1:49738 - R:localhost/127.0.0.1:49294]
18:28:13.911 [Forwarding findElement on session 7824ee0c1cb4a513a11c0510d2fc11fe to remote] DEBUG org.asynchttpclient.netty.request.NettyRequestSender - Using pooled Channel '[id: 0xf0201bb7, L:/127.0.0.1:49738 - R:localhost/127.0.0.1:49294]' for 'POST' to 'http://localhost:49294/session/7824ee0c1cb4a513a11c0510d2fc11fe/element'
18:28:13.911 [Forwarding findElement on session 7824ee0c1cb4a513a11c0510d2fc11fe to remote] DEBUG org.asynchttpclient.netty.request.NettyRequestSender - Using open Channel [id: 0xf0201bb7, L:/127.0.0.1:49738 - R:localhost/127.0.0.1:49294] for POST '/session/7824ee0c1cb4a513a11c0510d2fc11fe/element'
18:28:13.921 [AsyncHttpClient-1-4] DEBUG org.asynchttpclient.netty.handler.HttpHandler - 

Request DefaultHttpRequest(decodeResult: success, version: HTTP/1.1)
POST /session/7824ee0c1cb4a513a11c0510d2fc11fe/element HTTP/1.1
User-Agent: selenium/4.1.4 (java windows)
Content-Length: 66
Content-Type: application/json; charset=utf-8
host: localhost:49294
accept: */*

Response DefaultHttpResponse(decodeResult: success, version: HTTP/1.1)
HTTP/1.1 200 OK
Content-Type: application/json; charset=utf-8
cache-control: no-cache
content-length: 88

18:28:13.921 [AsyncHttpClient-1-4] DEBUG org.asynchttpclient.netty.channel.ChannelManager - Adding key: http://localhost:49294 for channel [id: 0xf0201bb7, L:/127.0.0.1:49738 - R:localhost/127.0.0.1:49294]
18:28:13.922 [Forwarding sendKeysToElement on session 7824ee0c1cb4a513a11c0510d2fc11fe to remote] DEBUG org.asynchttpclient.netty.request.NettyRequestSender - Using pooled Channel '[id: 0xf0201bb7, L:/127.0.0.1:49738 - R:localhost/127.0.0.1:49294]' for 'POST' to 'http://localhost:49294/session/7824ee0c1cb4a513a11c0510d2fc11fe/element/f02fcd20-49f8-43a4-8615-d174b706e731/value'
18:28:13.922 [Forwarding sendKeysToElement on session 7824ee0c1cb4a513a11c0510d2fc11fe to remote] DEBUG org.asynchttpclient.netty.request.NettyRequestSender - Using open Channel [id: 0xf0201bb7, L:/127.0.0.1:49738 - R:localhost/127.0.0.1:49294] for POST '/session/7824ee0c1cb4a513a11c0510d2fc11fe/element/f02fcd20-49f8-43a4-8615-d174b706e731/value'
18:28:14.101 [AsyncHttpClient-1-4] DEBUG org.asynchttpclient.netty.handler.HttpHandler - 

Request DefaultHttpRequest(decodeResult: success, version: HTTP/1.1)
POST /session/7824ee0c1cb4a513a11c0510d2fc11fe/element/f02fcd20-49f8-43a4-8615-d174b706e731/value HTTP/1.1
User-Agent: selenium/4.1.4 (java windows)
Content-Length: 191
Content-Type: application/json; charset=utf-8
host: localhost:49294
accept: */*

Response DefaultHttpResponse(decodeResult: success, version: HTTP/1.1)
HTTP/1.1 200 OK
Content-Type: application/json; charset=utf-8
cache-control: no-cache
content-length: 14

18:28:14.101 [AsyncHttpClient-1-4] DEBUG org.asynchttpclient.netty.channel.ChannelManager - Adding key: http://localhost:49294 for channel [id: 0xf0201bb7, L:/127.0.0.1:49738 - R:localhost/127.0.0.1:49294]
18:28:14.105 [Forwarding findElement on session 7824ee0c1cb4a513a11c0510d2fc11fe to remote] DEBUG org.asynchttpclient.netty.request.NettyRequestSender - Using pooled Channel '[id: 0xf0201bb7, L:/127.0.0.1:49738 - R:localhost/127.0.0.1:49294]' for 'POST' to 'http://localhost:49294/session/7824ee0c1cb4a513a11c0510d2fc11fe/element'
18:28:14.105 [Forwarding findElement on session 7824ee0c1cb4a513a11c0510d2fc11fe to remote] DEBUG org.asynchttpclient.netty.request.NettyRequestSender - Using open Channel [id: 0xf0201bb7, L:/127.0.0.1:49738 - R:localhost/127.0.0.1:49294] for POST '/session/7824ee0c1cb4a513a11c0510d2fc11fe/element'
18:28:14.116 [AsyncHttpClient-1-4] DEBUG org.asynchttpclient.netty.handler.HttpHandler - 

Request DefaultHttpRequest(decodeResult: success, version: HTTP/1.1)
POST /session/7824ee0c1cb4a513a11c0510d2fc11fe/element HTTP/1.1
User-Agent: selenium/4.1.4 (java windows)
Content-Length: 68
Content-Type: application/json; charset=utf-8
host: localhost:49294
accept: */*

Response DefaultHttpResponse(decodeResult: success, version: HTTP/1.1)
HTTP/1.1 200 OK
Content-Type: application/json; charset=utf-8
cache-control: no-cache
content-length: 88

18:28:14.116 [AsyncHttpClient-1-4] DEBUG org.asynchttpclient.netty.channel.ChannelManager - Adding key: http://localhost:49294 for channel [id: 0xf0201bb7, L:/127.0.0.1:49738 - R:localhost/127.0.0.1:49294]
18:28:14.117 [Forwarding sendKeysToElement on session 7824ee0c1cb4a513a11c0510d2fc11fe to remote] DEBUG org.asynchttpclient.netty.request.NettyRequestSender - Using pooled Channel '[id: 0xf0201bb7, L:/127.0.0.1:49738 - R:localhost/127.0.0.1:49294]' for 'POST' to 'http://localhost:49294/session/7824ee0c1cb4a513a11c0510d2fc11fe/element/98d2791d-74ae-40fc-9723-c30e358020aa/value'
18:28:14.117 [Forwarding sendKeysToElement on session 7824ee0c1cb4a513a11c0510d2fc11fe to remote] DEBUG org.asynchttpclient.netty.request.NettyRequestSender - Using open Channel [id: 0xf0201bb7, L:/127.0.0.1:49738 - R:localhost/127.0.0.1:49294] for POST '/session/7824ee0c1cb4a513a11c0510d2fc11fe/element/98d2791d-74ae-40fc-9723-c30e358020aa/value'
18:28:14.286 [AsyncHttpClient-1-4] DEBUG org.asynchttpclient.netty.handler.HttpHandler - 

Request DefaultHttpRequest(decodeResult: success, version: HTTP/1.1)
POST /session/7824ee0c1cb4a513a11c0510d2fc11fe/element/98d2791d-74ae-40fc-9723-c30e358020aa/value HTTP/1.1
User-Agent: selenium/4.1.4 (java windows)
Content-Length: 171
Content-Type: application/json; charset=utf-8
host: localhost:49294
accept: */*

Response DefaultHttpResponse(decodeResult: success, version: HTTP/1.1)
HTTP/1.1 200 OK
Content-Type: application/json; charset=utf-8
cache-control: no-cache
content-length: 14

18:28:14.286 [AsyncHttpClient-1-4] DEBUG org.asynchttpclient.netty.channel.ChannelManager - Adding key: http://localhost:49294 for channel [id: 0xf0201bb7, L:/127.0.0.1:49738 - R:localhost/127.0.0.1:49294]
18:28:14.290 [Forwarding screenshot on session 7824ee0c1cb4a513a11c0510d2fc11fe to remote] DEBUG org.asynchttpclient.netty.request.NettyRequestSender - Using pooled Channel '[id: 0xf0201bb7, L:/127.0.0.1:49738 - R:localhost/127.0.0.1:49294]' for 'GET' to 'http://localhost:49294/session/7824ee0c1cb4a513a11c0510d2fc11fe/screenshot'
18:28:14.290 [Forwarding screenshot on session 7824ee0c1cb4a513a11c0510d2fc11fe to remote] DEBUG org.asynchttpclient.netty.request.NettyRequestSender - Using open Channel [id: 0xf0201bb7, L:/127.0.0.1:49738 - R:localhost/127.0.0.1:49294] for GET '/session/7824ee0c1cb4a513a11c0510d2fc11fe/screenshot'
18:28:14.538 [AsyncHttpClient-1-4] DEBUG org.asynchttpclient.netty.handler.HttpHandler - 

Request DefaultFullHttpRequest(decodeResult: success, version: HTTP/1.1, content: EmptyByteBufBE)
GET /session/7824ee0c1cb4a513a11c0510d2fc11fe/screenshot HTTP/1.1
User-Agent: selenium/4.1.4 (java windows)
Cache-Control: no-cache
Content-Type: application/json; charset=utf-8
host: localhost:49294
accept: */*

Response DefaultHttpResponse(decodeResult: success, version: HTTP/1.1)
HTTP/1.1 200 OK
Content-Type: application/json; charset=utf-8
cache-control: no-cache
content-length: 243012

18:28:14.539 [AsyncHttpClient-1-4] DEBUG org.asynchttpclient.netty.channel.ChannelManager - Adding key: http://localhost:49294 for channel [id: 0xf0201bb7, L:/127.0.0.1:49738 - R:localhost/127.0.0.1:49294]
18:28:14.549 [main] DEBUG net.serenitybdd.core.photography.Darkroom - Send negative for processing for target\site\serenity\d8c4085c3f780389dc124cc6fcfd1ddfe17eb60d171b69e0f2196c4b53049dc8.png
18:28:14.550 [main] DEBUG net.thucydides.core.steps.StepInterceptor - STEP DONE: inputDataPasien
18:28:14.550 [Darkroom Processing Line] DEBUG net.serenitybdd.core.photography.DarkroomProcessingLine - Processing screenshot image in /var/screenshots/screenshot-105334920730407976
  &amp#27;[32mAnd &amp#27;[0m&amp#27;[32mI input &amp#27;[0m&amp#27;[32m&amp#27;[1m""&amp#27;[0m&amp#27;[32m &amp#27;[0m&amp#27;[32m&amp#27;[1m"1234567898976546"&amp#27;[0m&amp#27;[32m &amp#27;[0m&amp#27;[32m&amp#27;[1m"20"&amp#27;[0m&amp#27;[32m &amp#27;[0m&amp#27;[32m&amp#27;[1m"01294657612"&amp#27;[0m&amp#27;[32m &amp#27;[0m&amp#27;[32m&amp#27;[1m"perumahan"&amp#27;[0m&amp#27;[32m patient&amp#27;[0m     &amp#27;[90m# starter.stepdefinitios.PatientDataSteps.iInput(java.lang.String,java.lang.String,java.lang.String,java.lang.String,java.lang.String)&amp#27;[0m
18:28:14.550 [Darkroom Processing Line] DEBUG net.serenitybdd.core.photography.DarkroomProcessingLine - Saving screenshot to target\site\serenity\d8c4085c3f780389dc124cc6fcfd1ddfe17eb60d171b69e0f2196c4b53049dc8.png
18:28:14.579 [main] DEBUG net.thucydides.core.steps.StepInterceptor - STARTING STEP: PatientDataSteps.iClickButtonJenisKelamin - clickLaki
18:28:14.583 [Forwarding findElement on session 7824ee0c1cb4a513a11c0510d2fc11fe to remote] DEBUG org.asynchttpclient.netty.request.NettyRequestSender - Using pooled Channel '[id: 0xf0201bb7, L:/127.0.0.1:49738 - R:localhost/127.0.0.1:49294]' for 'POST' to 'http://localhost:49294/session/7824ee0c1cb4a513a11c0510d2fc11fe/element'
18:28:14.583 [Forwarding findElement on session 7824ee0c1cb4a513a11c0510d2fc11fe to remote] DEBUG org.asynchttpclient.netty.request.NettyRequestSender - Using open Channel [id: 0xf0201bb7, L:/127.0.0.1:49738 - R:localhost/127.0.0.1:49294] for POST '/session/7824ee0c1cb4a513a11c0510d2fc11fe/element'
18:28:14.602 [AsyncHttpClient-1-4] DEBUG org.asynchttpclient.netty.handler.HttpHandler - 

Request DefaultHttpRequest(decodeResult: success, version: HTTP/1.1)
POST /session/7824ee0c1cb4a513a11c0510d2fc11fe/element HTTP/1.1
User-Agent: selenium/4.1.4 (java windows)
Content-Length: 182
Content-Type: application/json; charset=utf-8
host: localhost:49294
accept: */*

Response DefaultHttpResponse(decodeResult: success, version: HTTP/1.1)
HTTP/1.1 200 OK
Content-Type: application/json; charset=utf-8
cache-control: no-cache
content-length: 88

18:28:14.602 [AsyncHttpClient-1-4] DEBUG org.asynchttpclient.netty.channel.ChannelManager - Adding key: http://localhost:49294 for channel [id: 0xf0201bb7, L:/127.0.0.1:49738 - R:localhost/127.0.0.1:49294]
18:28:14.604 [Forwarding getElementTagName on session 7824ee0c1cb4a513a11c0510d2fc11fe to remote] DEBUG org.asynchttpclient.netty.request.NettyRequestSender - Using pooled Channel '[id: 0xf0201bb7, L:/127.0.0.1:49738 - R:localhost/127.0.0.1:49294]' for 'GET' to 'http://localhost:49294/session/7824ee0c1cb4a513a11c0510d2fc11fe/element/584308a1-cfea-4ff5-9d9e-af12c668cb06/name'
18:28:14.604 [Forwarding getElementTagName on session 7824ee0c1cb4a513a11c0510d2fc11fe to remote] DEBUG org.asynchttpclient.netty.request.NettyRequestSender - Using open Channel [id: 0xf0201bb7, L:/127.0.0.1:49738 - R:localhost/127.0.0.1:49294] for GET '/session/7824ee0c1cb4a513a11c0510d2fc11fe/element/584308a1-cfea-4ff5-9d9e-af12c668cb06/name'
18:28:14.611 [AsyncHttpClient-1-4] DEBUG org.asynchttpclient.netty.handler.HttpHandler - 

Request DefaultFullHttpRequest(decodeResult: success, version: HTTP/1.1, content: EmptyByteBufBE)
GET /session/7824ee0c1cb4a513a11c0510d2fc11fe/element/584308a1-cfea-4ff5-9d9e-af12c668cb06/name HTTP/1.1
User-Agent: selenium/4.1.4 (java windows)
Cache-Control: no-cache
Content-Type: application/json; charset=utf-8
host: localhost:49294
accept: */*

Response DefaultHttpResponse(decodeResult: success, version: HTTP/1.1)
HTTP/1.1 200 OK
Content-Type: application/json; charset=utf-8
cache-control: no-cache
content-length: 16

18:28:14.611 [AsyncHttpClient-1-4] DEBUG org.asynchttpclient.netty.channel.ChannelManager - Adding key: http://localhost:49294 for channel [id: 0xf0201bb7, L:/127.0.0.1:49738 - R:localhost/127.0.0.1:49294]
18:28:14.612 [Forwarding getElementTagName on session 7824ee0c1cb4a513a11c0510d2fc11fe to remote] DEBUG org.asynchttpclient.netty.request.NettyRequestSender - Using pooled Channel '[id: 0xf0201bb7, L:/127.0.0.1:49738 - R:localhost/127.0.0.1:49294]' for 'GET' to 'http://localhost:49294/session/7824ee0c1cb4a513a11c0510d2fc11fe/element/584308a1-cfea-4ff5-9d9e-af12c668cb06/name'
18:28:14.612 [Forwarding getElementTagName on session 7824ee0c1cb4a513a11c0510d2fc11fe to remote] DEBUG org.asynchttpclient.netty.request.NettyRequestSender - Using open Channel [id: 0xf0201bb7, L:/127.0.0.1:49738 - R:localhost/127.0.0.1:49294] for GET '/session/7824ee0c1cb4a513a11c0510d2fc11fe/element/584308a1-cfea-4ff5-9d9e-af12c668cb06/name'
18:28:14.619 [AsyncHttpClient-1-4] DEBUG org.asynchttpclient.netty.handler.HttpHandler - 

Request DefaultFullHttpRequest(decodeResult: success, version: HTTP/1.1, content: EmptyByteBufBE)
GET /session/7824ee0c1cb4a513a11c0510d2fc11fe/element/584308a1-cfea-4ff5-9d9e-af12c668cb06/name HTTP/1.1
User-Agent: selenium/4.1.4 (java windows)
Cache-Control: no-cache
Content-Type: application/json; charset=utf-8
host: localhost:49294
accept: */*

Response DefaultHttpResponse(decodeResult: success, version: HTTP/1.1)
HTTP/1.1 200 OK
Content-Type: application/json; charset=utf-8
cache-control: no-cache
content-length: 16

18:28:14.619 [AsyncHttpClient-1-4] DEBUG org.asynchttpclient.netty.channel.ChannelManager - Adding key: http://localhost:49294 for channel [id: 0xf0201bb7, L:/127.0.0.1:49738 - R:localhost/127.0.0.1:49294]
18:28:14.621 [Forwarding findElement on session 7824ee0c1cb4a513a11c0510d2fc11fe to remote] DEBUG org.asynchttpclient.netty.request.NettyRequestSender - Using pooled Channel '[id: 0xf0201bb7, L:/127.0.0.1:49738 - R:localhost/127.0.0.1:49294]' for 'POST' to 'http://localhost:49294/session/7824ee0c1cb4a513a11c0510d2fc11fe/element'
18:28:14.621 [Forwarding findElement on session 7824ee0c1cb4a513a11c0510d2fc11fe to remote] DEBUG org.asynchttpclient.netty.request.NettyRequestSender - Using open Channel [id: 0xf0201bb7, L:/127.0.0.1:49738 - R:localhost/127.0.0.1:49294] for POST '/session/7824ee0c1cb4a513a11c0510d2fc11fe/element'
18:28:14.633 [AsyncHttpClient-1-4] DEBUG org.asynchttpclient.netty.handler.HttpHandler - 

Request DefaultHttpRequest(decodeResult: success, version: HTTP/1.1)
POST /session/7824ee0c1cb4a513a11c0510d2fc11fe/element HTTP/1.1
User-Agent: selenium/4.1.4 (java windows)
Content-Length: 182
Content-Type: application/json; charset=utf-8
host: localhost:49294
accept: */*

Response DefaultHttpResponse(decodeResult: success, version: HTTP/1.1)
HTTP/1.1 200 OK
Content-Type: application/json; charset=utf-8
cache-control: no-cache
content-length: 88

18:28:14.633 [AsyncHttpClient-1-4] DEBUG org.asynchttpclient.netty.channel.ChannelManager - Adding key: http://localhost:49294 for channel [id: 0xf0201bb7, L:/127.0.0.1:49738 - R:localhost/127.0.0.1:49294]
18:28:14.634 [Forwarding clickElement on session 7824ee0c1cb4a513a11c0510d2fc11fe to remote] DEBUG org.asynchttpclient.netty.request.NettyRequestSender - Using pooled Channel '[id: 0xf0201bb7, L:/127.0.0.1:49738 - R:localhost/127.0.0.1:49294]' for 'POST' to 'http://localhost:49294/session/7824ee0c1cb4a513a11c0510d2fc11fe/element/584308a1-cfea-4ff5-9d9e-af12c668cb06/click'
18:28:14.634 [Forwarding clickElement on session 7824ee0c1cb4a513a11c0510d2fc11fe to remote] DEBUG org.asynchttpclient.netty.request.NettyRequestSender - Using open Channel [id: 0xf0201bb7, L:/127.0.0.1:49738 - R:localhost/127.0.0.1:49294] for POST '/session/7824ee0c1cb4a513a11c0510d2fc11fe/element/584308a1-cfea-4ff5-9d9e-af12c668cb06/click'
18:28:14.636 [AsyncHttpClient-1-1] DEBUG org.asynchttpclient.netty.channel.DefaultChannelPool - Entry count for : http://localhost:49739 : 1
18:28:14.705 [AsyncHttpClient-1-4] DEBUG org.asynchttpclient.netty.handler.HttpHandler - 

Request DefaultHttpRequest(decodeResult: success, version: HTTP/1.1)
POST /session/7824ee0c1cb4a513a11c0510d2fc11fe/element/584308a1-cfea-4ff5-9d9e-af12c668cb06/click HTTP/1.1
User-Agent: selenium/4.1.4 (java windows)
Content-Length: 50
Content-Type: application/json; charset=utf-8
host: localhost:49294
accept: */*

Response DefaultHttpResponse(decodeResult: success, version: HTTP/1.1)
HTTP/1.1 200 OK
Content-Type: application/json; charset=utf-8
cache-control: no-cache
content-length: 14

18:28:14.705 [AsyncHttpClient-1-4] DEBUG org.asynchttpclient.netty.channel.ChannelManager - Adding key: http://localhost:49294 for channel [id: 0xf0201bb7, L:/127.0.0.1:49738 - R:localhost/127.0.0.1:49294]
18:28:14.725 [Forwarding screenshot on session 7824ee0c1cb4a513a11c0510d2fc11fe to remote] DEBUG org.asynchttpclient.netty.request.NettyRequestSender - Using pooled Channel '[id: 0xf0201bb7, L:/127.0.0.1:49738 - R:localhost/127.0.0.1:49294]' for 'GET' to 'http://localhost:49294/session/7824ee0c1cb4a513a11c0510d2fc11fe/screenshot'
18:28:14.725 [Forwarding screenshot on session 7824ee0c1cb4a513a11c0510d2fc11fe to remote] DEBUG org.asynchttpclient.netty.request.NettyRequestSender - Using open Channel [id: 0xf0201bb7, L:/127.0.0.1:49738 - R:localhost/127.0.0.1:49294] for GET '/session/7824ee0c1cb4a513a11c0510d2fc11fe/screenshot'
18:28:15.008 [AsyncHttpClient-1-4] DEBUG org.asynchttpclient.netty.handler.HttpHandler - 

Request DefaultFullHttpRequest(decodeResult: success, version: HTTP/1.1, content: EmptyByteBufBE)
GET /session/7824ee0c1cb4a513a11c0510d2fc11fe/screenshot HTTP/1.1
User-Agent: selenium/4.1.4 (java windows)
Cache-Control: no-cache
Content-Type: application/json; charset=utf-8
host: localhost:49294
accept: */*

Response DefaultHttpResponse(decodeResult: success, version: HTTP/1.1)
HTTP/1.1 200 OK
Content-Type: application/json; charset=utf-8
cache-control: no-cache
content-length: 243672

18:28:15.009 [AsyncHttpClient-1-4] DEBUG org.asynchttpclient.netty.channel.ChannelManager - Adding key: http://localhost:49294 for channel [id: 0xf0201bb7, L:/127.0.0.1:49738 - R:localhost/127.0.0.1:49294]
18:28:15.018 [main] DEBUG net.serenitybdd.core.photography.Darkroom - Send negative for processing for target\site\serenity\8488fa618b26e018f5b539f3a047500a336945bbd7c846fc0775cdc70d0d03ac.png
18:28:15.019 [main] DEBUG net.thucydides.core.steps.StepInterceptor - STEP DONE: clickLaki
  &amp#27;[32mAnd &amp#27;[0m&amp#27;[32mI click button jenis kelamin laki-laki&amp#27;[0m                                   &amp#27;[90m# starter.stepdefinitios.PatientDataSteps.iClickButtonJenisKelamin()&amp#27;[0m
18:28:15.019 [Darkroom Processing Line] DEBUG net.serenitybdd.core.photography.DarkroomProcessingLine - Processing screenshot image in /var/screenshots/screenshot-2650391742707058436
18:28:15.019 [Darkroom Processing Line] DEBUG net.serenitybdd.core.photography.DarkroomProcessingLine - Saving screenshot to target\site\serenity\8488fa618b26e018f5b539f3a047500a336945bbd7c846fc0775cdc70d0d03ac.png
18:28:15.050 [main] DEBUG net.thucydides.core.steps.StepInterceptor - STARTING STEP: PatientDataSteps.clickButtonSimpan - clickButtonSave
18:28:15.059 [Forwarding findElement on session 7824ee0c1cb4a513a11c0510d2fc11fe to remote] DEBUG org.asynchttpclient.netty.request.NettyRequestSender - Using pooled Channel '[id: 0xf0201bb7, L:/127.0.0.1:49738 - R:localhost/127.0.0.1:49294]' for 'POST' to 'http://localhost:49294/session/7824ee0c1cb4a513a11c0510d2fc11fe/element'
18:28:15.059 [Forwarding findElement on session 7824ee0c1cb4a513a11c0510d2fc11fe to remote] DEBUG org.asynchttpclient.netty.request.NettyRequestSender - Using open Channel [id: 0xf0201bb7, L:/127.0.0.1:49738 - R:localhost/127.0.0.1:49294] for POST '/session/7824ee0c1cb4a513a11c0510d2fc11fe/element'
18:28:15.075 [AsyncHttpClient-1-4] DEBUG org.asynchttpclient.netty.handler.HttpHandler - 

Request DefaultHttpRequest(decodeResult: success, version: HTTP/1.1)
POST /session/7824ee0c1cb4a513a11c0510d2fc11fe/element HTTP/1.1
User-Agent: selenium/4.1.4 (java windows)
Content-Length: 68
Content-Type: application/json; charset=utf-8
host: localhost:49294
accept: */*

Response DefaultHttpResponse(decodeResult: success, version: HTTP/1.1)
HTTP/1.1 200 OK
Content-Type: application/json; charset=utf-8
cache-control: no-cache
content-length: 88

18:28:15.075 [AsyncHttpClient-1-4] DEBUG org.asynchttpclient.netty.channel.ChannelManager - Adding key: http://localhost:49294 for channel [id: 0xf0201bb7, L:/127.0.0.1:49738 - R:localhost/127.0.0.1:49294]
18:28:15.076 [Forwarding getElementTagName on session 7824ee0c1cb4a513a11c0510d2fc11fe to remote] DEBUG org.asynchttpclient.netty.request.NettyRequestSender - Using pooled Channel '[id: 0xf0201bb7, L:/127.0.0.1:49738 - R:localhost/127.0.0.1:49294]' for 'GET' to 'http://localhost:49294/session/7824ee0c1cb4a513a11c0510d2fc11fe/element/7c214276-f757-4f09-92d6-b20cbb1269db/name'
18:28:15.076 [Forwarding getElementTagName on session 7824ee0c1cb4a513a11c0510d2fc11fe to remote] DEBUG org.asynchttpclient.netty.request.NettyRequestSender - Using open Channel [id: 0xf0201bb7, L:/127.0.0.1:49738 - R:localhost/127.0.0.1:49294] for GET '/session/7824ee0c1cb4a513a11c0510d2fc11fe/element/7c214276-f757-4f09-92d6-b20cbb1269db/name'
18:28:15.090 [AsyncHttpClient-1-4] DEBUG org.asynchttpclient.netty.handler.HttpHandler - 

Request DefaultFullHttpRequest(decodeResult: success, version: HTTP/1.1, content: EmptyByteBufBE)
GET /session/7824ee0c1cb4a513a11c0510d2fc11fe/element/7c214276-f757-4f09-92d6-b20cbb1269db/name HTTP/1.1
User-Agent: selenium/4.1.4 (java windows)
Cache-Control: no-cache
Content-Type: application/json; charset=utf-8
host: localhost:49294
accept: */*

Response DefaultHttpResponse(decodeResult: success, version: HTTP/1.1)
HTTP/1.1 200 OK
Content-Type: application/json; charset=utf-8
cache-control: no-cache
content-length: 18

18:28:15.090 [AsyncHttpClient-1-4] DEBUG org.asynchttpclient.netty.channel.ChannelManager - Adding key: http://localhost:49294 for channel [id: 0xf0201bb7, L:/127.0.0.1:49738 - R:localhost/127.0.0.1:49294]
18:28:15.091 [Forwarding getElementTagName on session 7824ee0c1cb4a513a11c0510d2fc11fe to remote] DEBUG org.asynchttpclient.netty.request.NettyRequestSender - Using pooled Channel '[id: 0xf0201bb7, L:/127.0.0.1:49738 - R:localhost/127.0.0.1:49294]' for 'GET' to 'http://localhost:49294/session/7824ee0c1cb4a513a11c0510d2fc11fe/element/7c214276-f757-4f09-92d6-b20cbb1269db/name'
18:28:15.091 [Forwarding getElementTagName on session 7824ee0c1cb4a513a11c0510d2fc11fe to remote] DEBUG org.asynchttpclient.netty.request.NettyRequestSender - Using open Channel [id: 0xf0201bb7, L:/127.0.0.1:49738 - R:localhost/127.0.0.1:49294] for GET '/session/7824ee0c1cb4a513a11c0510d2fc11fe/element/7c214276-f757-4f09-92d6-b20cbb1269db/name'
18:28:15.104 [AsyncHttpClient-1-4] DEBUG org.asynchttpclient.netty.handler.HttpHandler - 

Request DefaultFullHttpRequest(decodeResult: success, version: HTTP/1.1, content: EmptyByteBufBE)
GET /session/7824ee0c1cb4a513a11c0510d2fc11fe/element/7c214276-f757-4f09-92d6-b20cbb1269db/name HTTP/1.1
User-Agent: selenium/4.1.4 (java windows)
Cache-Control: no-cache
Content-Type: application/json; charset=utf-8
host: localhost:49294
accept: */*

Response DefaultHttpResponse(decodeResult: success, version: HTTP/1.1)
HTTP/1.1 200 OK
Content-Type: application/json; charset=utf-8
cache-control: no-cache
content-length: 18

18:28:15.105 [AsyncHttpClient-1-4] DEBUG org.asynchttpclient.netty.channel.ChannelManager - Adding key: http://localhost:49294 for channel [id: 0xf0201bb7, L:/127.0.0.1:49738 - R:localhost/127.0.0.1:49294]
18:28:15.110 [Forwarding isElementEnabled on session 7824ee0c1cb4a513a11c0510d2fc11fe to remote] DEBUG org.asynchttpclient.netty.request.NettyRequestSender - Using pooled Channel '[id: 0xf0201bb7, L:/127.0.0.1:49738 - R:localhost/127.0.0.1:49294]' for 'GET' to 'http://localhost:49294/session/7824ee0c1cb4a513a11c0510d2fc11fe/element/7c214276-f757-4f09-92d6-b20cbb1269db/enabled'
18:28:15.110 [Forwarding isElementEnabled on session 7824ee0c1cb4a513a11c0510d2fc11fe to remote] DEBUG org.asynchttpclient.netty.request.NettyRequestSender - Using open Channel [id: 0xf0201bb7, L:/127.0.0.1:49738 - R:localhost/127.0.0.1:49294] for GET '/session/7824ee0c1cb4a513a11c0510d2fc11fe/element/7c214276-f757-4f09-92d6-b20cbb1269db/enabled'
18:28:15.131 [AsyncHttpClient-1-4] DEBUG org.asynchttpclient.netty.handler.HttpHandler - 

Request DefaultFullHttpRequest(decodeResult: success, version: HTTP/1.1, content: EmptyByteBufBE)
GET /session/7824ee0c1cb4a513a11c0510d2fc11fe/element/7c214276-f757-4f09-92d6-b20cbb1269db/enabled HTTP/1.1
User-Agent: selenium/4.1.4 (java windows)
Cache-Control: no-cache
Content-Type: application/json; charset=utf-8
host: localhost:49294
accept: */*

Response DefaultHttpResponse(decodeResult: success, version: HTTP/1.1)
HTTP/1.1 200 OK
Content-Type: application/json; charset=utf-8
cache-control: no-cache
content-length: 14

18:28:15.131 [AsyncHttpClient-1-4] DEBUG org.asynchttpclient.netty.channel.ChannelManager - Adding key: http://localhost:49294 for channel [id: 0xf0201bb7, L:/127.0.0.1:49738 - R:localhost/127.0.0.1:49294]
18:28:15.132 [Forwarding isElementEnabled on session 7824ee0c1cb4a513a11c0510d2fc11fe to remote] DEBUG org.asynchttpclient.netty.request.NettyRequestSender - Using pooled Channel '[id: 0xf0201bb7, L:/127.0.0.1:49738 - R:localhost/127.0.0.1:49294]' for 'GET' to 'http://localhost:49294/session/7824ee0c1cb4a513a11c0510d2fc11fe/element/7c214276-f757-4f09-92d6-b20cbb1269db/enabled'
18:28:15.133 [Forwarding isElementEnabled on session 7824ee0c1cb4a513a11c0510d2fc11fe to remote] DEBUG org.asynchttpclient.netty.request.NettyRequestSender - Using open Channel [id: 0xf0201bb7, L:/127.0.0.1:49738 - R:localhost/127.0.0.1:49294] for GET '/session/7824ee0c1cb4a513a11c0510d2fc11fe/element/7c214276-f757-4f09-92d6-b20cbb1269db/enabled'
18:28:15.141 [AsyncHttpClient-1-4] DEBUG org.asynchttpclient.netty.handler.HttpHandler - 

Request DefaultFullHttpRequest(decodeResult: success, version: HTTP/1.1, content: EmptyByteBufBE)
GET /session/7824ee0c1cb4a513a11c0510d2fc11fe/element/7c214276-f757-4f09-92d6-b20cbb1269db/enabled HTTP/1.1
User-Agent: selenium/4.1.4 (java windows)
Cache-Control: no-cache
Content-Type: application/json; charset=utf-8
host: localhost:49294
accept: */*

Response DefaultHttpResponse(decodeResult: success, version: HTTP/1.1)
HTTP/1.1 200 OK
Content-Type: application/json; charset=utf-8
cache-control: no-cache
content-length: 14

18:28:15.141 [AsyncHttpClient-1-4] DEBUG org.asynchttpclient.netty.channel.ChannelManager - Adding key: http://localhost:49294 for channel [id: 0xf0201bb7, L:/127.0.0.1:49738 - R:localhost/127.0.0.1:49294]
18:28:15.145 [Forwarding findElement on session 7824ee0c1cb4a513a11c0510d2fc11fe to remote] DEBUG org.asynchttpclient.netty.request.NettyRequestSender - Using pooled Channel '[id: 0xf0201bb7, L:/127.0.0.1:49738 - R:localhost/127.0.0.1:49294]' for 'POST' to 'http://localhost:49294/session/7824ee0c1cb4a513a11c0510d2fc11fe/element'
18:28:15.145 [Forwarding findElement on session 7824ee0c1cb4a513a11c0510d2fc11fe to remote] DEBUG org.asynchttpclient.netty.request.NettyRequestSender - Using open Channel [id: 0xf0201bb7, L:/127.0.0.1:49738 - R:localhost/127.0.0.1:49294] for POST '/session/7824ee0c1cb4a513a11c0510d2fc11fe/element'
18:28:15.159 [AsyncHttpClient-1-4] DEBUG org.asynchttpclient.netty.handler.HttpHandler - 

Request DefaultHttpRequest(decodeResult: success, version: HTTP/1.1)
POST /session/7824ee0c1cb4a513a11c0510d2fc11fe/element HTTP/1.1
User-Agent: selenium/4.1.4 (java windows)
Content-Length: 68
Content-Type: application/json; charset=utf-8
host: localhost:49294
accept: */*

Response DefaultHttpResponse(decodeResult: success, version: HTTP/1.1)
HTTP/1.1 200 OK
Content-Type: application/json; charset=utf-8
cache-control: no-cache
content-length: 88

18:28:15.159 [AsyncHttpClient-1-4] DEBUG org.asynchttpclient.netty.channel.ChannelManager - Adding key: http://localhost:49294 for channel [id: 0xf0201bb7, L:/127.0.0.1:49738 - R:localhost/127.0.0.1:49294]
18:28:15.164 [Forwarding clickElement on session 7824ee0c1cb4a513a11c0510d2fc11fe to remote] DEBUG org.asynchttpclient.netty.request.NettyRequestSender - Using pooled Channel '[id: 0xf0201bb7, L:/127.0.0.1:49738 - R:localhost/127.0.0.1:49294]' for 'POST' to 'http://localhost:49294/session/7824ee0c1cb4a513a11c0510d2fc11fe/element/7c214276-f757-4f09-92d6-b20cbb1269db/click'
18:28:15.164 [Forwarding clickElement on session 7824ee0c1cb4a513a11c0510d2fc11fe to remote] DEBUG org.asynchttpclient.netty.request.NettyRequestSender - Using open Channel [id: 0xf0201bb7, L:/127.0.0.1:49738 - R:localhost/127.0.0.1:49294] for POST '/session/7824ee0c1cb4a513a11c0510d2fc11fe/element/7c214276-f757-4f09-92d6-b20cbb1269db/click'
18:28:15.267 [AsyncHttpClient-1-4] DEBUG org.asynchttpclient.netty.handler.HttpHandler - 

Request DefaultHttpRequest(decodeResult: success, version: HTTP/1.1)
POST /session/7824ee0c1cb4a513a11c0510d2fc11fe/element/7c214276-f757-4f09-92d6-b20cbb1269db/click HTTP/1.1
User-Agent: selenium/4.1.4 (java windows)
Content-Length: 50
Content-Type: application/json; charset=utf-8
host: localhost:49294
accept: */*

Response DefaultHttpResponse(decodeResult: success, version: HTTP/1.1)
HTTP/1.1 200 OK
Content-Type: application/json; charset=utf-8
cache-control: no-cache
content-length: 14

18:28:15.267 [AsyncHttpClient-1-4] DEBUG org.asynchttpclient.netty.channel.ChannelManager - Adding key: http://localhost:49294 for channel [id: 0xf0201bb7, L:/127.0.0.1:49738 - R:localhost/127.0.0.1:49294]
18:28:15.274 [Forwarding screenshot on session 7824ee0c1cb4a513a11c0510d2fc11fe to remote] DEBUG org.asynchttpclient.netty.request.NettyRequestSender - Using pooled Channel '[id: 0xf0201bb7, L:/127.0.0.1:49738 - R:localhost/127.0.0.1:49294]' for 'GET' to 'http://localhost:49294/session/7824ee0c1cb4a513a11c0510d2fc11fe/screenshot'
18:28:15.274 [Forwarding screenshot on session 7824ee0c1cb4a513a11c0510d2fc11fe to remote] DEBUG org.asynchttpclient.netty.request.NettyRequestSender - Using open Channel [id: 0xf0201bb7, L:/127.0.0.1:49738 - R:localhost/127.0.0.1:49294] for GET '/session/7824ee0c1cb4a513a11c0510d2fc11fe/screenshot'
18:28:15.740 [AsyncHttpClient-1-1] DEBUG org.asynchttpclient.netty.channel.DefaultChannelPool - Entry count for : http://localhost:49739 : 1
18:28:15.949 [AsyncHttpClient-1-4] DEBUG org.asynchttpclient.netty.handler.HttpHandler - 

Request DefaultFullHttpRequest(decodeResult: success, version: HTTP/1.1, content: EmptyByteBufBE)
GET /session/7824ee0c1cb4a513a11c0510d2fc11fe/screenshot HTTP/1.1
User-Agent: selenium/4.1.4 (java windows)
Cache-Control: no-cache
Content-Type: application/json; charset=utf-8
host: localhost:49294
accept: */*

Response DefaultHttpResponse(decodeResult: success, version: HTTP/1.1)
HTTP/1.1 200 OK
Content-Type: application/json; charset=utf-8
cache-control: no-cache
content-length: 311132

18:28:15.949 [AsyncHttpClient-1-4] DEBUG org.asynchttpclient.netty.channel.ChannelManager - Adding key: http://localhost:49294 for channel [id: 0xf0201bb7, L:/127.0.0.1:49738 - R:localhost/127.0.0.1:49294]
18:28:15.955 [main] DEBUG net.serenitybdd.core.photography.Darkroom - Send negative for processing for target\site\serenity\a6fd68b590c31573a7a754f3344523dfe51ad2fbd6f46b1d2c566ba2cb4e3cb5.png
18:28:15.955 [main] DEBUG net.thucydides.core.steps.StepInterceptor - STEP DONE: clickButtonSave
18:28:15.956 [Darkroom Processing Line] DEBUG net.serenitybdd.core.photography.DarkroomProcessingLine - Processing screenshot image in /var/screenshots/screenshot-891307700772937449
18:28:15.956 [Darkroom Processing Line] DEBUG net.serenitybdd.core.photography.DarkroomProcessingLine - Saving screenshot to target\site\serenity\a6fd68b590c31573a7a754f3344523dfe51ad2fbd6f46b1d2c566ba2cb4e3cb5.png
18:28:16.836 [AsyncHttpClient-1-1] DEBUG org.asynchttpclient.netty.channel.DefaultChannelPool - Entry count for : http://localhost:49294 : 1
18:28:16.836 [AsyncHttpClient-1-1] DEBUG org.asynchttpclient.netty.channel.DefaultChannelPool - Entry count for : http://localhost:49739 : 1
  &amp#27;[32mThen &amp#27;[0m&amp#27;[32mClick button simpan&amp#27;[0m                                                     &amp#27;[90m# starter.stepdefinitios.PatientDataSteps.clickButtonSimpan()&amp#27;[0m
18:28:16.981 [Forwarding screenshot on session 7824ee0c1cb4a513a11c0510d2fc11fe to remote] DEBUG org.asynchttpclient.netty.request.NettyRequestSender - Using pooled Channel '[id: 0xf0201bb7, L:/127.0.0.1:49738 - R:localhost/127.0.0.1:49294]' for 'GET' to 'http://localhost:49294/session/7824ee0c1cb4a513a11c0510d2fc11fe/screenshot'
18:28:16.981 [Forwarding screenshot on session 7824ee0c1cb4a513a11c0510d2fc11fe to remote] DEBUG org.asynchttpclient.netty.request.NettyRequestSender - Using open Channel [id: 0xf0201bb7, L:/127.0.0.1:49738 - R:localhost/127.0.0.1:49294] for GET '/session/7824ee0c1cb4a513a11c0510d2fc11fe/screenshot'
18:28:17.305 [AsyncHttpClient-1-4] DEBUG org.asynchttpclient.netty.handler.HttpHandler - 

Request DefaultFullHttpRequest(decodeResult: success, version: HTTP/1.1, content: EmptyByteBufBE)
GET /session/7824ee0c1cb4a513a11c0510d2fc11fe/screenshot HTTP/1.1
User-Agent: selenium/4.1.4 (java windows)
Cache-Control: no-cache
Content-Type: application/json; charset=utf-8
host: localhost:49294
accept: */*

Response DefaultHttpResponse(decodeResult: success, version: HTTP/1.1)
HTTP/1.1 200 OK
Content-Type: application/json; charset=utf-8
cache-control: no-cache
content-length: 376636

18:28:17.306 [AsyncHttpClient-1-4] DEBUG org.asynchttpclient.netty.channel.ChannelManager - Adding key: http://localhost:49294 for channel [id: 0xf0201bb7, L:/127.0.0.1:49738 - R:localhost/127.0.0.1:49294]
18:28:17.324 [main] DEBUG net.serenitybdd.core.photography.Darkroom - Send negative for processing for target\site\serenity\292ccace40a9654d25b72bd89f737a8454bdcec7eb40ada2c3af918655f5892b.png
18:28:17.324 [Darkroom Processing Line] DEBUG net.serenitybdd.core.photography.DarkroomProcessingLine - Processing screenshot image in /var/screenshots/screenshot-2154408459798749017
18:28:17.324 [Darkroom Processing Line] DEBUG net.serenitybdd.core.photography.DarkroomProcessingLine - Saving screenshot to target\site\serenity\292ccace40a9654d25b72bd89f737a8454bdcec7eb40ada2c3af918655f5892b.png
18:28:17.944 [AsyncHttpClient-1-1] DEBUG org.asynchttpclient.netty.channel.DefaultChannelPool - Entry count for : http://localhost:49294 : 1
18:28:17.944 [AsyncHttpClient-1-1] DEBUG org.asynchttpclient.netty.channel.DefaultChannelPool - Entry count for : http://localhost:49739 : 1
18:28:18.348 [Forwarding screenshot on session 7824ee0c1cb4a513a11c0510d2fc11fe to remote] DEBUG org.asynchttpclient.netty.request.NettyRequestSender - Using pooled Channel '[id: 0xf0201bb7, L:/127.0.0.1:49738 - R:localhost/127.0.0.1:49294]' for 'GET' to 'http://localhost:49294/session/7824ee0c1cb4a513a11c0510d2fc11fe/screenshot'
18:28:18.348 [Forwarding screenshot on session 7824ee0c1cb4a513a11c0510d2fc11fe to remote] DEBUG org.asynchttpclient.netty.request.NettyRequestSender - Using open Channel [id: 0xf0201bb7, L:/127.0.0.1:49738 - R:localhost/127.0.0.1:49294] for GET '/session/7824ee0c1cb4a513a11c0510d2fc11fe/screenshot'
18:28:18.599 [AsyncHttpClient-1-4] DEBUG org.asynchttpclient.netty.handler.HttpHandler - 

Request DefaultFullHttpRequest(decodeResult: success, version: HTTP/1.1, content: EmptyByteBufBE)
GET /session/7824ee0c1cb4a513a11c0510d2fc11fe/screenshot HTTP/1.1
User-Agent: selenium/4.1.4 (java windows)
Cache-Control: no-cache
Content-Type: application/json; charset=utf-8
host: localhost:49294
accept: */*

Response DefaultHttpResponse(decodeResult: success, version: HTTP/1.1)
HTTP/1.1 200 OK
Content-Type: application/json; charset=utf-8
cache-control: no-cache
content-length: 395896

18:28:18.600 [AsyncHttpClient-1-4] DEBUG org.asynchttpclient.netty.channel.ChannelManager - Adding key: http://localhost:49294 for channel [id: 0xf0201bb7, L:/127.0.0.1:49738 - R:localhost/127.0.0.1:49294]
18:28:18.612 [main] DEBUG net.serenitybdd.core.photography.Darkroom - Send negative for processing for target\site\serenity\45acbc8ca708eb38409f1e0c511f86a04adf1f2b6146efac248a43aa6d4635ea.png
18:28:18.612 [main] DEBUG net.thucydides.core.steps.StepInterceptor - STARTING STEP: PatientDataSteps.validateAddErrorMessengerPasien - validateTextMessegerDokter
18:28:18.612 [Darkroom Processing Line] DEBUG net.serenitybdd.core.photography.DarkroomProcessingLine - Processing screenshot image in /var/screenshots/screenshot-11603918435759446153
18:28:18.612 [Darkroom Processing Line] DEBUG net.serenitybdd.core.photography.DarkroomProcessingLine - Saving screenshot to target\site\serenity\45acbc8ca708eb38409f1e0c511f86a04adf1f2b6146efac248a43aa6d4635ea.png
18:28:18.621 [Forwarding findElement on session 7824ee0c1cb4a513a11c0510d2fc11fe to remote] DEBUG org.asynchttpclient.netty.request.NettyRequestSender - Using pooled Channel '[id: 0xf0201bb7, L:/127.0.0.1:49738 - R:localhost/127.0.0.1:49294]' for 'POST' to 'http://localhost:49294/session/7824ee0c1cb4a513a11c0510d2fc11fe/element'
18:28:18.621 [Forwarding findElement on session 7824ee0c1cb4a513a11c0510d2fc11fe to remote] DEBUG org.asynchttpclient.netty.request.NettyRequestSender - Using open Channel [id: 0xf0201bb7, L:/127.0.0.1:49738 - R:localhost/127.0.0.1:49294] for POST '/session/7824ee0c1cb4a513a11c0510d2fc11fe/element'
18:28:18.642 [AsyncHttpClient-1-4] DEBUG org.asynchttpclient.netty.handler.HttpHandler - 

Request DefaultHttpRequest(decodeResult: success, version: HTTP/1.1)
POST /session/7824ee0c1cb4a513a11c0510d2fc11fe/element HTTP/1.1
User-Agent: selenium/4.1.4 (java windows)
Content-Length: 143
Content-Type: application/json; charset=utf-8
host: localhost:49294
accept: */*

Response DefaultHttpResponse(decodeResult: success, version: HTTP/1.1)
HTTP/1.1 200 OK
Content-Type: application/json; charset=utf-8
cache-control: no-cache
content-length: 88

18:28:18.642 [AsyncHttpClient-1-4] DEBUG org.asynchttpclient.netty.channel.ChannelManager - Adding key: http://localhost:49294 for channel [id: 0xf0201bb7, L:/127.0.0.1:49738 - R:localhost/127.0.0.1:49294]
18:28:18.643 [Forwarding getElementText on session 7824ee0c1cb4a513a11c0510d2fc11fe to remote] DEBUG org.asynchttpclient.netty.request.NettyRequestSender - Using pooled Channel '[id: 0xf0201bb7, L:/127.0.0.1:49738 - R:localhost/127.0.0.1:49294]' for 'GET' to 'http://localhost:49294/session/7824ee0c1cb4a513a11c0510d2fc11fe/element/f42b42c8-dba5-48b2-83fd-8fbc841be00f/text'
18:28:18.643 [Forwarding getElementText on session 7824ee0c1cb4a513a11c0510d2fc11fe to remote] DEBUG org.asynchttpclient.netty.request.NettyRequestSender - Using open Channel [id: 0xf0201bb7, L:/127.0.0.1:49738 - R:localhost/127.0.0.1:49294] for GET '/session/7824ee0c1cb4a513a11c0510d2fc11fe/element/f42b42c8-dba5-48b2-83fd-8fbc841be00f/text'
18:28:18.707 [AsyncHttpClient-1-4] DEBUG org.asynchttpclient.netty.handler.HttpHandler - 

Request DefaultFullHttpRequest(decodeResult: success, version: HTTP/1.1, content: EmptyByteBufBE)
GET /session/7824ee0c1cb4a513a11c0510d2fc11fe/element/f42b42c8-dba5-48b2-83fd-8fbc841be00f/text HTTP/1.1
User-Agent: selenium/4.1.4 (java windows)
Cache-Control: no-cache
Content-Type: application/json; charset=utf-8
host: localhost:49294
accept: */*

Response DefaultHttpResponse(decodeResult: success, version: HTTP/1.1)
HTTP/1.1 200 OK
Content-Type: application/json; charset=utf-8
cache-control: no-cache
content-length: 148

18:28:18.707 [AsyncHttpClient-1-4] DEBUG org.asynchttpclient.netty.channel.ChannelManager - Adding key: http://localhost:49294 for channel [id: 0xf0201bb7, L:/127.0.0.1:49738 - R:localhost/127.0.0.1:49294]
18:28:18.713 [Forwarding screenshot on session 7824ee0c1cb4a513a11c0510d2fc11fe to remote] DEBUG org.asynchttpclient.netty.request.NettyRequestSender - Using pooled Channel '[id: 0xf0201bb7, L:/127.0.0.1:49738 - R:localhost/127.0.0.1:49294]' for 'GET' to 'http://localhost:49294/session/7824ee0c1cb4a513a11c0510d2fc11fe/screenshot'
18:28:18.713 [Forwarding screenshot on session 7824ee0c1cb4a513a11c0510d2fc11fe to remote] DEBUG org.asynchttpclient.netty.request.NettyRequestSender - Using open Channel [id: 0xf0201bb7, L:/127.0.0.1:49738 - R:localhost/127.0.0.1:49294] for GET '/session/7824ee0c1cb4a513a11c0510d2fc11fe/screenshot'
18:28:18.933 [AsyncHttpClient-1-4] DEBUG org.asynchttpclient.netty.handler.HttpHandler - 

Request DefaultFullHttpRequest(decodeResult: success, version: HTTP/1.1, content: EmptyByteBufBE)
GET /session/7824ee0c1cb4a513a11c0510d2fc11fe/screenshot HTTP/1.1
User-Agent: selenium/4.1.4 (java windows)
Cache-Control: no-cache
Content-Type: application/json; charset=utf-8
host: localhost:49294
accept: */*

Response DefaultHttpResponse(decodeResult: success, version: HTTP/1.1)
HTTP/1.1 200 OK
Content-Type: application/json; charset=utf-8
cache-control: no-cache
content-length: 395896

18:28:18.934 [AsyncHttpClient-1-4] DEBUG org.asynchttpclient.netty.channel.ChannelManager - Adding key: http://localhost:49294 for channel [id: 0xf0201bb7, L:/127.0.0.1:49738 - R:localhost/127.0.0.1:49294]
18:28:18.949 [main] DEBUG net.serenitybdd.core.photography.Darkroom - Send negative for processing for target\site\serenity\45acbc8ca708eb38409f1e0c511f86a04adf1f2b6146efac248a43aa6d4635ea.png
18:28:18.949 [main] DEBUG net.thucydides.core.steps.StepInterceptor - STEP DONE: validateTextMessegerDokter
  &amp#27;[32mAnd &amp#27;[0m&amp#27;[32mValidate add error messenger &amp#27;[0m&amp#27;[32m&amp#27;[1m"nama pasien perlu dibutuhkan"&amp#27;[0m&amp#27;[32m Pasien&amp#27;[0m       &amp#27;[90m# starter.stepdefinitios.PatientDataSteps.validateAddErrorMessengerPasien(java.lang.String)&amp#27;[0m
18:28:18.965 [AsyncHttpClient-1-6] DEBUG org.asynchttpclient.netty.handler.WebSocketHandler - Channel Closed: [id: 0x97eff445, L:/127.0.0.1:49746 ! R:localhost/127.0.0.1:49739] with attribute NettyResponseFuture{currentRetry=5,
	isDone=1,
	isCancelled=0,
	asyncHandler=org.asynchttpclient.ws.WebSocketUpgradeHandler@7b303851,
	nettyRequest=org.asynchttpclient.netty.request.NettyRequest@ea01af,
	future=java.util.concurrent.CompletableFuture@7b68a65e[Completed normally],
	uri=ws://localhost:49739/devtools/browser/96d611e8-0963-4b17-ac41-5faf5dd144da,
	keepAlive=true,
	redirectCount=0,
	timeoutsHolder=null,
	inAuth=0,
	touch=1658057268828}
18:28:18.965 [AsyncHttpClient-1-6] DEBUG org.asynchttpclient.netty.channel.ChannelManager - Closing Channel [id: 0x97eff445, L:/127.0.0.1:49746 ! R:localhost/127.0.0.1:49739] 
18:28:18.965 [Driver Command Executor] DEBUG org.asynchttpclient.netty.request.NettyRequestSender - Using pooled Channel '[id: 0xf0201bb7, L:/127.0.0.1:49738 - R:localhost/127.0.0.1:49294]' for 'DELETE' to 'http://localhost:49294/session/7824ee0c1cb4a513a11c0510d2fc11fe'
18:28:18.966 [Driver Command Executor] DEBUG org.asynchttpclient.netty.request.NettyRequestSender - Using open Channel [id: 0xf0201bb7, L:/127.0.0.1:49738 - R:localhost/127.0.0.1:49294] for DELETE '/session/7824ee0c1cb4a513a11c0510d2fc11fe'
18:28:19.035 [AsyncHttpClient-1-1] DEBUG org.asynchttpclient.netty.channel.DefaultChannelPool - Entry count for : http://localhost:49739 : 1
18:28:19.060 [AsyncHttpClient-1-5] DEBUG org.asynchttpclient.netty.handler.HttpHandler - Unexpected I/O exception on channel [id: 0x92a7800f, L:/127.0.0.1:49745 - R:localhost/127.0.0.1:49739]
java.io.IOException: An existing connection was forcibly closed by the remote host
	at java.base/sun.nio.ch.SocketDispatcher.read0(Native Method)
	at java.base/sun.nio.ch.SocketDispatcher.read(SocketDispatcher.java:43)
	at java.base/sun.nio.ch.IOUtil.readIntoNativeBuffer(IOUtil.java:276)
	at java.base/sun.nio.ch.IOUtil.read(IOUtil.java:233)
	at java.base/sun.nio.ch.IOUtil.read(IOUtil.java:223)
	at java.base/sun.nio.ch.SocketChannelImpl.read(SocketChannelImpl.java:356)
	at io.netty.buffer.PooledByteBuf.setBytes(PooledByteBuf.java:258)
	at io.netty.buffer.AbstractByteBuf.writeBytes(AbstractByteBuf.java:1132)
	at io.netty.channel.socket.nio.NioSocketChannel.doReadBytes(NioSocketChannel.java:357)
	at io.netty.channel.nio.AbstractNioByteChannel$NioByteUnsafe.read(AbstractNioByteChannel.java:151)
	at io.netty.channel.nio.NioEventLoop.processSelectedKey(NioEventLoop.java:722)
	at io.netty.channel.nio.NioEventLoop.processSelectedKeysOptimized(NioEventLoop.java:658)
	at io.netty.channel.nio.NioEventLoop.processSelectedKeys(NioEventLoop.java:584)
	at io.netty.channel.nio.NioEventLoop.run(NioEventLoop.java:496)
	at io.netty.util.concurrent.SingleThreadEventExecutor$4.run(SingleThreadEventExecutor.java:986)
	at io.netty.util.internal.ThreadExecutorMap$2.run(ThreadExecutorMap.java:74)
	at io.netty.util.concurrent.FastThreadLocalRunnable.run(FastThreadLocalRunnable.java:30)
	at java.base/java.lang.Thread.run(Thread.java:829)
18:28:19.060 [AsyncHttpClient-1-5] DEBUG org.asynchttpclient.netty.channel.ChannelManager - Closing Channel [id: 0x92a7800f, L:/127.0.0.1:49745 - R:localhost/127.0.0.1:49739] 
18:28:19.060 [AsyncHttpClient-1-5] DEBUG org.asynchttpclient.netty.handler.HttpHandler - Channel Closed: [id: 0x92a7800f, L:/127.0.0.1:49745 ! R:localhost/127.0.0.1:49739] with attribute DISCARD
18:28:19.083 [AsyncHttpClient-1-4] DEBUG org.asynchttpclient.netty.handler.HttpHandler - 

Request DefaultFullHttpRequest(decodeResult: success, version: HTTP/1.1, content: EmptyByteBufBE)
DELETE /session/7824ee0c1cb4a513a11c0510d2fc11fe HTTP/1.1
User-Agent: selenium/4.1.4 (java windows)
Content-Type: application/json; charset=utf-8
host: localhost:49294
accept: */*

Response DefaultHttpResponse(decodeResult: success, version: HTTP/1.1)
HTTP/1.1 200 OK
Content-Type: application/json; charset=utf-8
cache-control: no-cache
content-length: 14

18:28:19.083 [AsyncHttpClient-1-4] DEBUG org.asynchttpclient.netty.channel.ChannelManager - Adding key: http://localhost:49294 for channel [id: 0xf0201bb7, L:/127.0.0.1:49738 - R:localhost/127.0.0.1:49294]
18:28:19.150 [AsyncHttpClient-1-4] DEBUG org.asynchttpclient.netty.handler.HttpHandler - Channel Closed: [id: 0xf0201bb7, L:/127.0.0.1:49738 ! R:localhost/127.0.0.1:49294] with attribute DISCARD
18:28:19.217 [main] INFO  - 
  _____   ___   ___   _____     ___     _     ___   ___   ___   ___  
 |_   _| | __| / __| |_   _|   | _ \   /_\   / __| / __| | __| |   \ 
   | |   | _|  \__ \   | |     |  _/  / _ \  \__ \ \__ \ | _|  | |) |
   |_|   |___| |___/   |_|     |_|   /_/ \_\ |___/ |___/ |___| |___/ 

As a admin i want to add data pasien (JK Laki-Laki) - Kosong
----------------------------------------------------------------------
]]></system-out>
    <system-err><![CDATA[Starting ChromeDriver 103.0.5060.53 (a1711811edd74ff1cf2150f36ffa3b0dae40b17f-refs/branch-heads/5060@{#853}) on port 49294
Only local connections are allowed.
Please see https://chromedriver.chromium.org/security-considerations for suggestions on keeping ChromeDriver safe.
ChromeDriver was started successfully.
Jul 17, 2022 6:27:48 PM org.openqa.selenium.remote.ProtocolHandshake createSession
INFO: Detected dialect: W3C
Jul 17, 2022 6:27:48 PM org.openqa.selenium.devtools.CdpVersionFinder findNearestMatch
WARNING: Unable to find an exact match for CDP version 103, so returning the closest version found: 101
Jul 17, 2022 6:27:48 PM org.openqa.selenium.devtools.CdpVersionFinder findNearestMatch
INFO: Found CDP implementation for version 103 of 101
]]></system-err>
  </testcase>
  <testcase name="As a admin i want to add data pasien (JK Laki-Laki) - Kosong #3" classname="Data Pasien - Admin" time="31.9">
    <system-out><![CDATA[
@DataPasien111 @AddPatientDataKosong
Scenario Outline: As a admin i want to add data pasien (JK Laki-Laki) - Kosong &amp#27;[90m# src/test/resources/features/4DataPasien.feature:100&amp#27;[0m
18:28:19.410 [main] INFO io.cucumber.core.plugin.SerenityReporter - Running feature from file:///C:/Alterra/CapstoneBaru/QE/TestingWebUpdate/src/test/resources/features/4DataPasien.feature
18:28:19.436 [main] DEBUG net.thucydides.core.steps.StepInterceptor - STARTING STEP: LoginSteps.openLoginPage - openLogin
18:28:19.436 [main] INFO net.serenitybdd.core.webdriver.driverproviders.ChromeDriverProvider - Using automatically driver download
18:28:19.678 [main] DEBUG io.github.bonigarcia.wdm.cache.ResolutionCache - Resolution chrome=103 in cache (valid until 18:54:33 17/07/2022 ICT)
18:28:19.698 [main] DEBUG io.github.bonigarcia.wdm.cache.ResolutionCache - Resolution chrome103=103.0.5060.53 in cache (valid until 17:54:33 18/07/2022 ICT)
18:28:19.701 [main] INFO io.github.bonigarcia.wdm.WebDriverManager - Using chromedriver 103.0.5060.53 (resolved driver for Chrome 103)
18:28:19.719 [main] DEBUG io.github.bonigarcia.wdm.WebDriverManager - Driver chromedriver 103.0.5060.53 found in cache
18:28:19.719 [main] INFO io.github.bonigarcia.wdm.WebDriverManager - Exporting webdriver.chrome.driver as C:\Users\Bagas Dwi Saputra\.cache\selenium\chromedriver\win32\103.0.5060.53\chromedriver.exe
18:28:19.878 [main] DEBUG net.serenitybdd.core.webdriver.driverproviders.ProvideNewDriver - Instantiating driver
18:28:19.878 [main] DEBUG net.serenitybdd.core.webdriver.driverproviders.ProvideNewDriver - Driver capabilities: Capabilities {acceptInsecureCerts: false, base.url: https://fanciful-trifle-360..., browserName: chrome, chorme.driver: src/test/resources/webdrive..., driver: chrome, goog:chromeOptions: {args: [], extensions: []}}
18:28:20.135 [AsyncHttpClient-1-1] DEBUG org.asynchttpclient.netty.channel.DefaultChannelPool - Entry count for : http://localhost:49294 : 1
18:28:20.135 [AsyncHttpClient-1-1] DEBUG org.asynchttpclient.netty.channel.DefaultChannelPool - Entry count for : http://localhost:49739 : 1
18:28:20.135 [AsyncHttpClient-1-1] DEBUG org.asynchttpclient.netty.channel.DefaultChannelPool - Adding Candidate expired Channel [id: 0xf0201bb7, L:/127.0.0.1:49738 ! R:localhost/127.0.0.1:49294] isIdleTimeoutExpired=false isRemotelyClosed=true isTtlExpired=false
18:28:20.135 [AsyncHttpClient-1-1] DEBUG org.asynchttpclient.netty.channel.DefaultChannelPool - Closing Idle Channel [id: 0xf0201bb7, L:/127.0.0.1:49738 ! R:localhost/127.0.0.1:49294]
18:28:20.135 [AsyncHttpClient-1-1] DEBUG org.asynchttpclient.netty.channel.DefaultChannelPool - Adding Candidate expired Channel [id: 0x92a7800f, L:/127.0.0.1:49745 ! R:localhost/127.0.0.1:49739] isIdleTimeoutExpired=false isRemotelyClosed=true isTtlExpired=false
18:28:20.135 [AsyncHttpClient-1-1] DEBUG org.asynchttpclient.netty.channel.DefaultChannelPool - Closing Idle Channel [id: 0x92a7800f, L:/127.0.0.1:49745 ! R:localhost/127.0.0.1:49739]
18:28:20.135 [AsyncHttpClient-1-1] DEBUG org.asynchttpclient.netty.channel.DefaultChannelPool - Closed 2 connections out of 2 in 0 ms
18:28:20.144 [AsyncHttpClient-1-7] DEBUG org.asynchttpclient.netty.channel.NettyConnectListener - Using new Channel '[id: 0x901638b9, L:/127.0.0.1:49763 - R:localhost/127.0.0.1:50172]' for 'POST' to '/session'
18:28:21.043 [AsyncHttpClient-1-7] DEBUG org.asynchttpclient.netty.handler.HttpHandler - 

Request DefaultHttpRequest(decodeResult: success, version: HTTP/1.1)
POST /session HTTP/1.1
User-Agent: selenium/4.1.4 (java windows)
Content-Length: 629
Content-Type: application/json; charset=utf-8
host: localhost:50172
accept: */*

Response DefaultHttpResponse(decodeResult: success, version: HTTP/1.1)
HTTP/1.1 200 OK
Content-Type: application/json; charset=utf-8
cache-control: no-cache
content-length: 793

18:28:21.044 [AsyncHttpClient-1-7] DEBUG org.asynchttpclient.netty.channel.ChannelManager - Adding key: http://localhost:50172 for channel [id: 0x901638b9, L:/127.0.0.1:49763 - R:localhost/127.0.0.1:50172]
18:28:21.054 [AsyncHttpClient-1-8] DEBUG org.asynchttpclient.netty.channel.NettyConnectListener - Using new Channel '[id: 0x2e08e92f, L:/127.0.0.1:49770 - R:localhost/127.0.0.1:49764]' for 'GET' to '/json/version'
18:28:21.055 [AsyncHttpClient-1-8] DEBUG org.asynchttpclient.netty.handler.HttpHandler - 

Request DefaultFullHttpRequest(decodeResult: success, version: HTTP/1.1, content: EmptyByteBufBE)
GET /json/version HTTP/1.1
User-Agent: selenium/4.1.4 (java windows)
host: localhost:49764
accept: */*

Response DefaultHttpResponse(decodeResult: success, version: HTTP/1.1)
HTTP/1.1 200 OK
Content-Type: application/json; charset=UTF-8
content-length: 429

18:28:21.055 [AsyncHttpClient-1-8] DEBUG org.asynchttpclient.netty.channel.ChannelManager - Adding key: http://localhost:49764 for channel [id: 0x2e08e92f, L:/127.0.0.1:49770 - R:localhost/127.0.0.1:49764]
18:28:21.058 [AsyncHttpClient-1-9] DEBUG org.asynchttpclient.netty.channel.NettyConnectListener - Using new Channel '[id: 0xe4c6cb66, L:/127.0.0.1:49771 - R:localhost/127.0.0.1:49764]' for 'GET' to '/devtools/browser/bd2c7b27-b874-4404-bce7-6826ea477126'
18:28:21.059 [AsyncHttpClient-1-9] DEBUG org.asynchttpclient.netty.handler.WebSocketHandler - 

Request DefaultFullHttpRequest(decodeResult: success, version: HTTP/1.1, content: EmptyByteBufBE)
GET /devtools/browser/bd2c7b27-b874-4404-bce7-6826ea477126 HTTP/1.1
upgrade: websocket
connection: upgrade
sec-websocket-key: twrCHoxKSq/eyPbryNIQ1A==
sec-websocket-version: 13
origin: http://localhost:49764
host: localhost:49764
accept: */*
user-agent: AHC/2.1

Response DefaultHttpResponse(decodeResult: success, version: HTTP/1.1)
HTTP/1.1 101 WebSocket Protocol Handshake
Upgrade: WebSocket
Connection: Upgrade
Sec-WebSocket-Accept: 6hinv+LGTHAqKBIhi6VUNhc8RcA=

18:28:21.069 [Forwarding get on session e2ca2073bfaacb3571e78d128b09ad2c to remote] DEBUG org.asynchttpclient.netty.request.NettyRequestSender - Using pooled Channel '[id: 0x901638b9, L:/127.0.0.1:49763 - R:localhost/127.0.0.1:50172]' for 'POST' to 'http://localhost:50172/session/e2ca2073bfaacb3571e78d128b09ad2c/url'
18:28:21.069 [Forwarding get on session e2ca2073bfaacb3571e78d128b09ad2c to remote] DEBUG org.asynchttpclient.netty.request.NettyRequestSender - Using open Channel [id: 0x901638b9, L:/127.0.0.1:49763 - R:localhost/127.0.0.1:50172] for POST '/session/e2ca2073bfaacb3571e78d128b09ad2c/url'
18:28:21.310 [AsyncHttpClient-1-1] DEBUG org.asynchttpclient.netty.channel.DefaultChannelPool - Entry count for : http://localhost:49764 : 1
18:28:21.876 [AsyncHttpClient-1-7] DEBUG org.asynchttpclient.netty.handler.HttpHandler - 

Request DefaultHttpRequest(decodeResult: success, version: HTTP/1.1)
POST /session/e2ca2073bfaacb3571e78d128b09ad2c/url HTTP/1.1
User-Agent: selenium/4.1.4 (java windows)
Content-Length: 78
Content-Type: application/json; charset=utf-8
host: localhost:50172
accept: */*

Response DefaultHttpResponse(decodeResult: success, version: HTTP/1.1)
HTTP/1.1 200 OK
Content-Type: application/json; charset=utf-8
cache-control: no-cache
content-length: 14

18:28:21.876 [AsyncHttpClient-1-7] DEBUG org.asynchttpclient.netty.channel.ChannelManager - Adding key: http://localhost:50172 for channel [id: 0x901638b9, L:/127.0.0.1:49763 - R:localhost/127.0.0.1:50172]
18:28:21.878 [Forwarding setTimeout on session e2ca2073bfaacb3571e78d128b09ad2c to remote] DEBUG org.asynchttpclient.netty.request.NettyRequestSender - Using pooled Channel '[id: 0x901638b9, L:/127.0.0.1:49763 - R:localhost/127.0.0.1:50172]' for 'POST' to 'http://localhost:50172/session/e2ca2073bfaacb3571e78d128b09ad2c/timeouts'
18:28:21.878 [Forwarding setTimeout on session e2ca2073bfaacb3571e78d128b09ad2c to remote] DEBUG org.asynchttpclient.netty.request.NettyRequestSender - Using open Channel [id: 0x901638b9, L:/127.0.0.1:49763 - R:localhost/127.0.0.1:50172] for POST '/session/e2ca2073bfaacb3571e78d128b09ad2c/timeouts'
18:28:21.880 [AsyncHttpClient-1-7] DEBUG org.asynchttpclient.netty.handler.HttpHandler - 

Request DefaultHttpRequest(decodeResult: success, version: HTTP/1.1)
POST /session/e2ca2073bfaacb3571e78d128b09ad2c/timeouts HTTP/1.1
User-Agent: selenium/4.1.4 (java windows)
Content-Length: 22
Content-Type: application/json; charset=utf-8
host: localhost:50172
accept: */*

Response DefaultHttpResponse(decodeResult: success, version: HTTP/1.1)
HTTP/1.1 200 OK
Content-Type: application/json; charset=utf-8
cache-control: no-cache
content-length: 14

18:28:21.880 [AsyncHttpClient-1-7] DEBUG org.asynchttpclient.netty.channel.ChannelManager - Adding key: http://localhost:50172 for channel [id: 0x901638b9, L:/127.0.0.1:49763 - R:localhost/127.0.0.1:50172]
18:28:21.882 [Forwarding getCurrentUrl on session e2ca2073bfaacb3571e78d128b09ad2c to remote] DEBUG org.asynchttpclient.netty.request.NettyRequestSender - Using pooled Channel '[id: 0x901638b9, L:/127.0.0.1:49763 - R:localhost/127.0.0.1:50172]' for 'GET' to 'http://localhost:50172/session/e2ca2073bfaacb3571e78d128b09ad2c/url'
18:28:21.882 [Forwarding getCurrentUrl on session e2ca2073bfaacb3571e78d128b09ad2c to remote] DEBUG org.asynchttpclient.netty.request.NettyRequestSender - Using open Channel [id: 0x901638b9, L:/127.0.0.1:49763 - R:localhost/127.0.0.1:50172] for GET '/session/e2ca2073bfaacb3571e78d128b09ad2c/url'
18:28:21.953 [AsyncHttpClient-1-7] DEBUG org.asynchttpclient.netty.handler.HttpHandler - 

Request DefaultFullHttpRequest(decodeResult: success, version: HTTP/1.1, content: EmptyByteBufBE)
GET /session/e2ca2073bfaacb3571e78d128b09ad2c/url HTTP/1.1
User-Agent: selenium/4.1.4 (java windows)
Cache-Control: no-cache
Content-Type: application/json; charset=utf-8
host: localhost:50172
accept: */*

Response DefaultHttpResponse(decodeResult: success, version: HTTP/1.1)
HTTP/1.1 200 OK
Content-Type: application/json; charset=utf-8
cache-control: no-cache
content-length: 60

18:28:21.953 [AsyncHttpClient-1-7] DEBUG org.asynchttpclient.netty.channel.ChannelManager - Adding key: http://localhost:50172 for channel [id: 0x901638b9, L:/127.0.0.1:49763 - R:localhost/127.0.0.1:50172]
18:28:21.958 [Forwarding screenshot on session e2ca2073bfaacb3571e78d128b09ad2c to remote] DEBUG org.asynchttpclient.netty.request.NettyRequestSender - Using pooled Channel '[id: 0x901638b9, L:/127.0.0.1:49763 - R:localhost/127.0.0.1:50172]' for 'GET' to 'http://localhost:50172/session/e2ca2073bfaacb3571e78d128b09ad2c/screenshot'
18:28:21.958 [Forwarding screenshot on session e2ca2073bfaacb3571e78d128b09ad2c to remote] DEBUG org.asynchttpclient.netty.request.NettyRequestSender - Using open Channel [id: 0x901638b9, L:/127.0.0.1:49763 - R:localhost/127.0.0.1:50172] for GET '/session/e2ca2073bfaacb3571e78d128b09ad2c/screenshot'
18:28:22.335 [AsyncHttpClient-1-7] DEBUG org.asynchttpclient.netty.handler.HttpHandler - 

Request DefaultFullHttpRequest(decodeResult: success, version: HTTP/1.1, content: EmptyByteBufBE)
GET /session/e2ca2073bfaacb3571e78d128b09ad2c/screenshot HTTP/1.1
User-Agent: selenium/4.1.4 (java windows)
Cache-Control: no-cache
Content-Type: application/json; charset=utf-8
host: localhost:50172
accept: */*

Response DefaultHttpResponse(decodeResult: success, version: HTTP/1.1)
HTTP/1.1 200 OK
Content-Type: application/json; charset=utf-8
cache-control: no-cache
content-length: 380436

18:28:22.335 [AsyncHttpClient-1-7] DEBUG org.asynchttpclient.netty.channel.ChannelManager - Adding key: http://localhost:50172 for channel [id: 0x901638b9, L:/127.0.0.1:49763 - R:localhost/127.0.0.1:50172]
18:28:22.336 [AsyncHttpClient-1-1] DEBUG org.asynchttpclient.netty.channel.DefaultChannelPool - Entry count for : http://localhost:50172 : 1
18:28:22.336 [AsyncHttpClient-1-1] DEBUG org.asynchttpclient.netty.channel.DefaultChannelPool - Entry count for : http://localhost:49764 : 1
18:28:22.345 [main] DEBUG net.serenitybdd.core.photography.Darkroom - Send negative for processing for target\site\serenity\d122c364c40ece9db0ad32cd97c3fcf63e95ba606118dda8d3e5a1d2b8235ce2.png
18:28:22.345 [main] DEBUG net.thucydides.core.steps.StepInterceptor - STEP DONE: openLogin
  &amp#27;[32mGiven &amp#27;[0m&amp#27;[32mOpen login page&amp#27;[0m                                                        &amp#27;[90m# starter.stepdefinitios.LoginSteps.openLoginPage()&amp#27;[0m
18:28:22.880 [Forwarding findElement on session e2ca2073bfaacb3571e78d128b09ad2c to remote] DEBUG org.asynchttpclient.netty.request.NettyRequestSender - Using pooled Channel '[id: 0x901638b9, L:/127.0.0.1:49763 - R:localhost/127.0.0.1:50172]' for 'POST' to 'http://localhost:50172/session/e2ca2073bfaacb3571e78d128b09ad2c/element'
18:28:22.880 [Forwarding findElement on session e2ca2073bfaacb3571e78d128b09ad2c to remote] DEBUG org.asynchttpclient.netty.request.NettyRequestSender - Using open Channel [id: 0x901638b9, L:/127.0.0.1:49763 - R:localhost/127.0.0.1:50172] for POST '/session/e2ca2073bfaacb3571e78d128b09ad2c/element'
18:28:22.894 [AsyncHttpClient-1-7] DEBUG org.asynchttpclient.netty.handler.HttpHandler - 

Request DefaultHttpRequest(decodeResult: success, version: HTTP/1.1)
POST /session/e2ca2073bfaacb3571e78d128b09ad2c/element HTTP/1.1
User-Agent: selenium/4.1.4 (java windows)
Content-Length: 70
Content-Type: application/json; charset=utf-8
host: localhost:50172
accept: */*

Response DefaultHttpResponse(decodeResult: success, version: HTTP/1.1)
HTTP/1.1 200 OK
Content-Type: application/json; charset=utf-8
cache-control: no-cache
content-length: 88

18:28:22.895 [AsyncHttpClient-1-7] DEBUG org.asynchttpclient.netty.channel.ChannelManager - Adding key: http://localhost:50172 for channel [id: 0x901638b9, L:/127.0.0.1:49763 - R:localhost/127.0.0.1:50172]
18:28:22.896 [Forwarding sendKeysToElement on session e2ca2073bfaacb3571e78d128b09ad2c to remote] DEBUG org.asynchttpclient.netty.request.NettyRequestSender - Using pooled Channel '[id: 0x901638b9, L:/127.0.0.1:49763 - R:localhost/127.0.0.1:50172]' for 'POST' to 'http://localhost:50172/session/e2ca2073bfaacb3571e78d128b09ad2c/element/72d9074f-d7cb-4c90-8c3b-d70b3e747c4e/value'
18:28:22.896 [Forwarding sendKeysToElement on session e2ca2073bfaacb3571e78d128b09ad2c to remote] DEBUG org.asynchttpclient.netty.request.NettyRequestSender - Using open Channel [id: 0x901638b9, L:/127.0.0.1:49763 - R:localhost/127.0.0.1:50172] for POST '/session/e2ca2073bfaacb3571e78d128b09ad2c/element/72d9074f-d7cb-4c90-8c3b-d70b3e747c4e/value'
18:28:22.969 [AsyncHttpClient-1-7] DEBUG org.asynchttpclient.netty.handler.HttpHandler - 

Request DefaultHttpRequest(decodeResult: success, version: HTTP/1.1)
POST /session/e2ca2073bfaacb3571e78d128b09ad2c/element/72d9074f-d7cb-4c90-8c3b-d70b3e747c4e/value HTTP/1.1
User-Agent: selenium/4.1.4 (java windows)
Content-Length: 131
Content-Type: application/json; charset=utf-8
host: localhost:50172
accept: */*

Response DefaultHttpResponse(decodeResult: success, version: HTTP/1.1)
HTTP/1.1 200 OK
Content-Type: application/json; charset=utf-8
cache-control: no-cache
content-length: 14

18:28:22.969 [AsyncHttpClient-1-7] DEBUG org.asynchttpclient.netty.channel.ChannelManager - Adding key: http://localhost:50172 for channel [id: 0x901638b9, L:/127.0.0.1:49763 - R:localhost/127.0.0.1:50172]
  &amp#27;[32mAnd &amp#27;[0m&amp#27;[32mI input &amp#27;[0m&amp#27;[32m&amp#27;[1m"admin"&amp#27;[0m&amp#27;[32m login email valid&amp#27;[0m                                        &amp#27;[90m# starter.stepdefinitios.LoginSteps.iInputLoginEmailValid(java.lang.String)&amp#27;[0m
18:28:22.975 [Forwarding screenshot on session e2ca2073bfaacb3571e78d128b09ad2c to remote] DEBUG org.asynchttpclient.netty.request.NettyRequestSender - Using pooled Channel '[id: 0x901638b9, L:/127.0.0.1:49763 - R:localhost/127.0.0.1:50172]' for 'GET' to 'http://localhost:50172/session/e2ca2073bfaacb3571e78d128b09ad2c/screenshot'
18:28:22.975 [Forwarding screenshot on session e2ca2073bfaacb3571e78d128b09ad2c to remote] DEBUG org.asynchttpclient.netty.request.NettyRequestSender - Using open Channel [id: 0x901638b9, L:/127.0.0.1:49763 - R:localhost/127.0.0.1:50172] for GET '/session/e2ca2073bfaacb3571e78d128b09ad2c/screenshot'
18:28:23.213 [AsyncHttpClient-1-7] DEBUG org.asynchttpclient.netty.handler.HttpHandler - 

Request DefaultFullHttpRequest(decodeResult: success, version: HTTP/1.1, content: EmptyByteBufBE)
GET /session/e2ca2073bfaacb3571e78d128b09ad2c/screenshot HTTP/1.1
User-Agent: selenium/4.1.4 (java windows)
Cache-Control: no-cache
Content-Type: application/json; charset=utf-8
host: localhost:50172
accept: */*

Response DefaultHttpResponse(decodeResult: success, version: HTTP/1.1)
HTTP/1.1 200 OK
Content-Type: application/json; charset=utf-8
cache-control: no-cache
content-length: 379420

18:28:23.213 [AsyncHttpClient-1-7] DEBUG org.asynchttpclient.netty.channel.ChannelManager - Adding key: http://localhost:50172 for channel [id: 0x901638b9, L:/127.0.0.1:49763 - R:localhost/127.0.0.1:50172]
18:28:23.233 [main] DEBUG net.serenitybdd.core.photography.Darkroom - Send negative for processing for target\site\serenity\93df20195d3751dea78ac30a105f84d37c410e0341f58ded6fb231b5b47402e6.png
18:28:23.451 [AsyncHttpClient-1-1] DEBUG org.asynchttpclient.netty.channel.DefaultChannelPool - Entry count for : http://localhost:50172 : 1
18:28:23.451 [AsyncHttpClient-1-1] DEBUG org.asynchttpclient.netty.channel.DefaultChannelPool - Entry count for : http://localhost:49764 : 1
18:28:23.758 [Forwarding screenshot on session e2ca2073bfaacb3571e78d128b09ad2c to remote] DEBUG org.asynchttpclient.netty.request.NettyRequestSender - Using pooled Channel '[id: 0x901638b9, L:/127.0.0.1:49763 - R:localhost/127.0.0.1:50172]' for 'GET' to 'http://localhost:50172/session/e2ca2073bfaacb3571e78d128b09ad2c/screenshot'
18:28:23.758 [Forwarding screenshot on session e2ca2073bfaacb3571e78d128b09ad2c to remote] DEBUG org.asynchttpclient.netty.request.NettyRequestSender - Using open Channel [id: 0x901638b9, L:/127.0.0.1:49763 - R:localhost/127.0.0.1:50172] for GET '/session/e2ca2073bfaacb3571e78d128b09ad2c/screenshot'
18:28:23.971 [AsyncHttpClient-1-7] DEBUG org.asynchttpclient.netty.handler.HttpHandler - 

Request DefaultFullHttpRequest(decodeResult: success, version: HTTP/1.1, content: EmptyByteBufBE)
GET /session/e2ca2073bfaacb3571e78d128b09ad2c/screenshot HTTP/1.1
User-Agent: selenium/4.1.4 (java windows)
Cache-Control: no-cache
Content-Type: application/json; charset=utf-8
host: localhost:50172
accept: */*

Response DefaultHttpResponse(decodeResult: success, version: HTTP/1.1)
HTTP/1.1 200 OK
Content-Type: application/json; charset=utf-8
cache-control: no-cache
content-length: 379404

18:28:23.971 [AsyncHttpClient-1-7] DEBUG org.asynchttpclient.netty.channel.ChannelManager - Adding key: http://localhost:50172 for channel [id: 0x901638b9, L:/127.0.0.1:49763 - R:localhost/127.0.0.1:50172]
18:28:23.997 [main] DEBUG net.serenitybdd.core.photography.Darkroom - Send negative for processing for target\site\serenity\f684e1524ced0278b0b6c6b37709a7cbfb8281aeb576b04a4743fda17448b798.png
18:28:23.998 [main] DEBUG net.thucydides.core.steps.StepInterceptor - STARTING STEP: LoginSteps.iInputLoginPasswordValid - inputPasswordLogin
18:28:24.000 [Forwarding findElement on session e2ca2073bfaacb3571e78d128b09ad2c to remote] DEBUG org.asynchttpclient.netty.request.NettyRequestSender - Using pooled Channel '[id: 0x901638b9, L:/127.0.0.1:49763 - R:localhost/127.0.0.1:50172]' for 'POST' to 'http://localhost:50172/session/e2ca2073bfaacb3571e78d128b09ad2c/element'
18:28:24.000 [Forwarding findElement on session e2ca2073bfaacb3571e78d128b09ad2c to remote] DEBUG org.asynchttpclient.netty.request.NettyRequestSender - Using open Channel [id: 0x901638b9, L:/127.0.0.1:49763 - R:localhost/127.0.0.1:50172] for POST '/session/e2ca2073bfaacb3571e78d128b09ad2c/element'
18:28:24.013 [AsyncHttpClient-1-7] DEBUG org.asynchttpclient.netty.handler.HttpHandler - 

Request DefaultHttpRequest(decodeResult: success, version: HTTP/1.1)
POST /session/e2ca2073bfaacb3571e78d128b09ad2c/element HTTP/1.1
User-Agent: selenium/4.1.4 (java windows)
Content-Length: 70
Content-Type: application/json; charset=utf-8
host: localhost:50172
accept: */*

Response DefaultHttpResponse(decodeResult: success, version: HTTP/1.1)
HTTP/1.1 200 OK
Content-Type: application/json; charset=utf-8
cache-control: no-cache
content-length: 88

18:28:24.013 [AsyncHttpClient-1-7] DEBUG org.asynchttpclient.netty.channel.ChannelManager - Adding key: http://localhost:50172 for channel [id: 0x901638b9, L:/127.0.0.1:49763 - R:localhost/127.0.0.1:50172]
18:28:24.014 [Forwarding sendKeysToElement on session e2ca2073bfaacb3571e78d128b09ad2c to remote] DEBUG org.asynchttpclient.netty.request.NettyRequestSender - Using pooled Channel '[id: 0x901638b9, L:/127.0.0.1:49763 - R:localhost/127.0.0.1:50172]' for 'POST' to 'http://localhost:50172/session/e2ca2073bfaacb3571e78d128b09ad2c/element/7abc5898-fcd2-492f-af49-22b5eedb64a6/value'
18:28:24.014 [Forwarding sendKeysToElement on session e2ca2073bfaacb3571e78d128b09ad2c to remote] DEBUG org.asynchttpclient.netty.request.NettyRequestSender - Using open Channel [id: 0x901638b9, L:/127.0.0.1:49763 - R:localhost/127.0.0.1:50172] for POST '/session/e2ca2073bfaacb3571e78d128b09ad2c/element/7abc5898-fcd2-492f-af49-22b5eedb64a6/value'
18:28:24.090 [AsyncHttpClient-1-7] DEBUG org.asynchttpclient.netty.handler.HttpHandler - 

Request DefaultHttpRequest(decodeResult: success, version: HTTP/1.1)
POST /session/e2ca2073bfaacb3571e78d128b09ad2c/element/7abc5898-fcd2-492f-af49-22b5eedb64a6/value HTTP/1.1
User-Agent: selenium/4.1.4 (java windows)
Content-Length: 161
Content-Type: application/json; charset=utf-8
host: localhost:50172
accept: */*

Response DefaultHttpResponse(decodeResult: success, version: HTTP/1.1)
HTTP/1.1 200 OK
Content-Type: application/json; charset=utf-8
cache-control: no-cache
content-length: 14

18:28:24.090 [AsyncHttpClient-1-7] DEBUG org.asynchttpclient.netty.channel.ChannelManager - Adding key: http://localhost:50172 for channel [id: 0x901638b9, L:/127.0.0.1:49763 - R:localhost/127.0.0.1:50172]
18:28:24.094 [Forwarding screenshot on session e2ca2073bfaacb3571e78d128b09ad2c to remote] DEBUG org.asynchttpclient.netty.request.NettyRequestSender - Using pooled Channel '[id: 0x901638b9, L:/127.0.0.1:49763 - R:localhost/127.0.0.1:50172]' for 'GET' to 'http://localhost:50172/session/e2ca2073bfaacb3571e78d128b09ad2c/screenshot'
18:28:24.094 [Forwarding screenshot on session e2ca2073bfaacb3571e78d128b09ad2c to remote] DEBUG org.asynchttpclient.netty.request.NettyRequestSender - Using open Channel [id: 0x901638b9, L:/127.0.0.1:49763 - R:localhost/127.0.0.1:50172] for GET '/session/e2ca2073bfaacb3571e78d128b09ad2c/screenshot'
18:28:24.379 [AsyncHttpClient-1-7] DEBUG org.asynchttpclient.netty.handler.HttpHandler - 

Request DefaultFullHttpRequest(decodeResult: success, version: HTTP/1.1, content: EmptyByteBufBE)
GET /session/e2ca2073bfaacb3571e78d128b09ad2c/screenshot HTTP/1.1
User-Agent: selenium/4.1.4 (java windows)
Cache-Control: no-cache
Content-Type: application/json; charset=utf-8
host: localhost:50172
accept: */*

Response DefaultHttpResponse(decodeResult: success, version: HTTP/1.1)
HTTP/1.1 200 OK
Content-Type: application/json; charset=utf-8
cache-control: no-cache
content-length: 377580

18:28:24.381 [AsyncHttpClient-1-7] DEBUG org.asynchttpclient.netty.channel.ChannelManager - Adding key: http://localhost:50172 for channel [id: 0x901638b9, L:/127.0.0.1:49763 - R:localhost/127.0.0.1:50172]
18:28:24.390 [main] DEBUG net.serenitybdd.core.photography.Darkroom - Send negative for processing for target\site\serenity\44fa0aa493cf3a3837a7fab79c30bded8f584eda85d2cfd055a7ef5b4e3f0a4a.png
18:28:24.390 [main] DEBUG net.thucydides.core.steps.StepInterceptor - STEP DONE: inputPasswordLogin
  &amp#27;[32mAnd &amp#27;[0m&amp#27;[32mI input &amp#27;[0m&amp#27;[32m&amp#27;[1m"admin123"&amp#27;[0m&amp#27;[32m login password valid&amp#27;[0m                                  &amp#27;[90m# starter.stepdefinitios.LoginSteps.iInputLoginPasswordValid(java.lang.String)&amp#27;[0m
18:28:24.407 [main] DEBUG net.thucydides.core.steps.StepInterceptor - STARTING STEP: LoginSteps.iClickButtonLogin - clickButtonLogin
18:28:24.410 [Forwarding findElement on session e2ca2073bfaacb3571e78d128b09ad2c to remote] DEBUG org.asynchttpclient.netty.request.NettyRequestSender - Using pooled Channel '[id: 0x901638b9, L:/127.0.0.1:49763 - R:localhost/127.0.0.1:50172]' for 'POST' to 'http://localhost:50172/session/e2ca2073bfaacb3571e78d128b09ad2c/element'
18:28:24.410 [Forwarding findElement on session e2ca2073bfaacb3571e78d128b09ad2c to remote] DEBUG org.asynchttpclient.netty.request.NettyRequestSender - Using open Channel [id: 0x901638b9, L:/127.0.0.1:49763 - R:localhost/127.0.0.1:50172] for POST '/session/e2ca2073bfaacb3571e78d128b09ad2c/element'
18:28:24.424 [AsyncHttpClient-1-7] DEBUG org.asynchttpclient.netty.handler.HttpHandler - 

Request DefaultHttpRequest(decodeResult: success, version: HTTP/1.1)
POST /session/e2ca2073bfaacb3571e78d128b09ad2c/element HTTP/1.1
User-Agent: selenium/4.1.4 (java windows)
Content-Length: 68
Content-Type: application/json; charset=utf-8
host: localhost:50172
accept: */*

Response DefaultHttpResponse(decodeResult: success, version: HTTP/1.1)
HTTP/1.1 200 OK
Content-Type: application/json; charset=utf-8
cache-control: no-cache
content-length: 88

18:28:24.424 [AsyncHttpClient-1-7] DEBUG org.asynchttpclient.netty.channel.ChannelManager - Adding key: http://localhost:50172 for channel [id: 0x901638b9, L:/127.0.0.1:49763 - R:localhost/127.0.0.1:50172]
18:28:24.425 [Forwarding getElementTagName on session e2ca2073bfaacb3571e78d128b09ad2c to remote] DEBUG org.asynchttpclient.netty.request.NettyRequestSender - Using pooled Channel '[id: 0x901638b9, L:/127.0.0.1:49763 - R:localhost/127.0.0.1:50172]' for 'GET' to 'http://localhost:50172/session/e2ca2073bfaacb3571e78d128b09ad2c/element/a0d16c64-5f8b-4e6c-8fd6-f6d60bc569d6/name'
18:28:24.425 [Forwarding getElementTagName on session e2ca2073bfaacb3571e78d128b09ad2c to remote] DEBUG org.asynchttpclient.netty.request.NettyRequestSender - Using open Channel [id: 0x901638b9, L:/127.0.0.1:49763 - R:localhost/127.0.0.1:50172] for GET '/session/e2ca2073bfaacb3571e78d128b09ad2c/element/a0d16c64-5f8b-4e6c-8fd6-f6d60bc569d6/name'
18:28:24.429 [AsyncHttpClient-1-7] DEBUG org.asynchttpclient.netty.handler.HttpHandler - 

Request DefaultFullHttpRequest(decodeResult: success, version: HTTP/1.1, content: EmptyByteBufBE)
GET /session/e2ca2073bfaacb3571e78d128b09ad2c/element/a0d16c64-5f8b-4e6c-8fd6-f6d60bc569d6/name HTTP/1.1
User-Agent: selenium/4.1.4 (java windows)
Cache-Control: no-cache
Content-Type: application/json; charset=utf-8
host: localhost:50172
accept: */*

Response DefaultHttpResponse(decodeResult: success, version: HTTP/1.1)
HTTP/1.1 200 OK
Content-Type: application/json; charset=utf-8
cache-control: no-cache
content-length: 18

18:28:24.429 [AsyncHttpClient-1-7] DEBUG org.asynchttpclient.netty.channel.ChannelManager - Adding key: http://localhost:50172 for channel [id: 0x901638b9, L:/127.0.0.1:49763 - R:localhost/127.0.0.1:50172]
18:28:24.430 [Forwarding getElementTagName on session e2ca2073bfaacb3571e78d128b09ad2c to remote] DEBUG org.asynchttpclient.netty.request.NettyRequestSender - Using pooled Channel '[id: 0x901638b9, L:/127.0.0.1:49763 - R:localhost/127.0.0.1:50172]' for 'GET' to 'http://localhost:50172/session/e2ca2073bfaacb3571e78d128b09ad2c/element/a0d16c64-5f8b-4e6c-8fd6-f6d60bc569d6/name'
18:28:24.430 [Forwarding getElementTagName on session e2ca2073bfaacb3571e78d128b09ad2c to remote] DEBUG org.asynchttpclient.netty.request.NettyRequestSender - Using open Channel [id: 0x901638b9, L:/127.0.0.1:49763 - R:localhost/127.0.0.1:50172] for GET '/session/e2ca2073bfaacb3571e78d128b09ad2c/element/a0d16c64-5f8b-4e6c-8fd6-f6d60bc569d6/name'
18:28:24.433 [AsyncHttpClient-1-7] DEBUG org.asynchttpclient.netty.handler.HttpHandler - 

Request DefaultFullHttpRequest(decodeResult: success, version: HTTP/1.1, content: EmptyByteBufBE)
GET /session/e2ca2073bfaacb3571e78d128b09ad2c/element/a0d16c64-5f8b-4e6c-8fd6-f6d60bc569d6/name HTTP/1.1
User-Agent: selenium/4.1.4 (java windows)
Cache-Control: no-cache
Content-Type: application/json; charset=utf-8
host: localhost:50172
accept: */*

Response DefaultHttpResponse(decodeResult: success, version: HTTP/1.1)
HTTP/1.1 200 OK
Content-Type: application/json; charset=utf-8
cache-control: no-cache
content-length: 18

18:28:24.433 [AsyncHttpClient-1-7] DEBUG org.asynchttpclient.netty.channel.ChannelManager - Adding key: http://localhost:50172 for channel [id: 0x901638b9, L:/127.0.0.1:49763 - R:localhost/127.0.0.1:50172]
18:28:24.436 [Forwarding isElementEnabled on session e2ca2073bfaacb3571e78d128b09ad2c to remote] DEBUG org.asynchttpclient.netty.request.NettyRequestSender - Using pooled Channel '[id: 0x901638b9, L:/127.0.0.1:49763 - R:localhost/127.0.0.1:50172]' for 'GET' to 'http://localhost:50172/session/e2ca2073bfaacb3571e78d128b09ad2c/element/a0d16c64-5f8b-4e6c-8fd6-f6d60bc569d6/enabled'
18:28:24.436 [Forwarding isElementEnabled on session e2ca2073bfaacb3571e78d128b09ad2c to remote] DEBUG org.asynchttpclient.netty.request.NettyRequestSender - Using open Channel [id: 0x901638b9, L:/127.0.0.1:49763 - R:localhost/127.0.0.1:50172] for GET '/session/e2ca2073bfaacb3571e78d128b09ad2c/element/a0d16c64-5f8b-4e6c-8fd6-f6d60bc569d6/enabled'
18:28:24.444 [AsyncHttpClient-1-7] DEBUG org.asynchttpclient.netty.handler.HttpHandler - 

Request DefaultFullHttpRequest(decodeResult: success, version: HTTP/1.1, content: EmptyByteBufBE)
GET /session/e2ca2073bfaacb3571e78d128b09ad2c/element/a0d16c64-5f8b-4e6c-8fd6-f6d60bc569d6/enabled HTTP/1.1
User-Agent: selenium/4.1.4 (java windows)
Cache-Control: no-cache
Content-Type: application/json; charset=utf-8
host: localhost:50172
accept: */*

Response DefaultHttpResponse(decodeResult: success, version: HTTP/1.1)
HTTP/1.1 200 OK
Content-Type: application/json; charset=utf-8
cache-control: no-cache
content-length: 14

18:28:24.444 [AsyncHttpClient-1-7] DEBUG org.asynchttpclient.netty.channel.ChannelManager - Adding key: http://localhost:50172 for channel [id: 0x901638b9, L:/127.0.0.1:49763 - R:localhost/127.0.0.1:50172]
18:28:24.445 [Forwarding isElementEnabled on session e2ca2073bfaacb3571e78d128b09ad2c to remote] DEBUG org.asynchttpclient.netty.request.NettyRequestSender - Using pooled Channel '[id: 0x901638b9, L:/127.0.0.1:49763 - R:localhost/127.0.0.1:50172]' for 'GET' to 'http://localhost:50172/session/e2ca2073bfaacb3571e78d128b09ad2c/element/a0d16c64-5f8b-4e6c-8fd6-f6d60bc569d6/enabled'
18:28:24.445 [Forwarding isElementEnabled on session e2ca2073bfaacb3571e78d128b09ad2c to remote] DEBUG org.asynchttpclient.netty.request.NettyRequestSender - Using open Channel [id: 0x901638b9, L:/127.0.0.1:49763 - R:localhost/127.0.0.1:50172] for GET '/session/e2ca2073bfaacb3571e78d128b09ad2c/element/a0d16c64-5f8b-4e6c-8fd6-f6d60bc569d6/enabled'
18:28:24.452 [AsyncHttpClient-1-7] DEBUG org.asynchttpclient.netty.handler.HttpHandler - 

Request DefaultFullHttpRequest(decodeResult: success, version: HTTP/1.1, content: EmptyByteBufBE)
GET /session/e2ca2073bfaacb3571e78d128b09ad2c/element/a0d16c64-5f8b-4e6c-8fd6-f6d60bc569d6/enabled HTTP/1.1
User-Agent: selenium/4.1.4 (java windows)
Cache-Control: no-cache
Content-Type: application/json; charset=utf-8
host: localhost:50172
accept: */*

Response DefaultHttpResponse(decodeResult: success, version: HTTP/1.1)
HTTP/1.1 200 OK
Content-Type: application/json; charset=utf-8
cache-control: no-cache
content-length: 14

18:28:24.452 [AsyncHttpClient-1-7] DEBUG org.asynchttpclient.netty.channel.ChannelManager - Adding key: http://localhost:50172 for channel [id: 0x901638b9, L:/127.0.0.1:49763 - R:localhost/127.0.0.1:50172]
18:28:24.453 [Forwarding findElement on session e2ca2073bfaacb3571e78d128b09ad2c to remote] DEBUG org.asynchttpclient.netty.request.NettyRequestSender - Using pooled Channel '[id: 0x901638b9, L:/127.0.0.1:49763 - R:localhost/127.0.0.1:50172]' for 'POST' to 'http://localhost:50172/session/e2ca2073bfaacb3571e78d128b09ad2c/element'
18:28:24.453 [Forwarding findElement on session e2ca2073bfaacb3571e78d128b09ad2c to remote] DEBUG org.asynchttpclient.netty.request.NettyRequestSender - Using open Channel [id: 0x901638b9, L:/127.0.0.1:49763 - R:localhost/127.0.0.1:50172] for POST '/session/e2ca2073bfaacb3571e78d128b09ad2c/element'
18:28:24.462 [AsyncHttpClient-1-7] DEBUG org.asynchttpclient.netty.handler.HttpHandler - 

Request DefaultHttpRequest(decodeResult: success, version: HTTP/1.1)
POST /session/e2ca2073bfaacb3571e78d128b09ad2c/element HTTP/1.1
User-Agent: selenium/4.1.4 (java windows)
Content-Length: 68
Content-Type: application/json; charset=utf-8
host: localhost:50172
accept: */*

Response DefaultHttpResponse(decodeResult: success, version: HTTP/1.1)
HTTP/1.1 200 OK
Content-Type: application/json; charset=utf-8
cache-control: no-cache
content-length: 88

18:28:24.462 [AsyncHttpClient-1-7] DEBUG org.asynchttpclient.netty.channel.ChannelManager - Adding key: http://localhost:50172 for channel [id: 0x901638b9, L:/127.0.0.1:49763 - R:localhost/127.0.0.1:50172]
18:28:24.463 [Forwarding clickElement on session e2ca2073bfaacb3571e78d128b09ad2c to remote] DEBUG org.asynchttpclient.netty.request.NettyRequestSender - Using pooled Channel '[id: 0x901638b9, L:/127.0.0.1:49763 - R:localhost/127.0.0.1:50172]' for 'POST' to 'http://localhost:50172/session/e2ca2073bfaacb3571e78d128b09ad2c/element/a0d16c64-5f8b-4e6c-8fd6-f6d60bc569d6/click'
18:28:24.463 [Forwarding clickElement on session e2ca2073bfaacb3571e78d128b09ad2c to remote] DEBUG org.asynchttpclient.netty.request.NettyRequestSender - Using open Channel [id: 0x901638b9, L:/127.0.0.1:49763 - R:localhost/127.0.0.1:50172] for POST '/session/e2ca2073bfaacb3571e78d128b09ad2c/element/a0d16c64-5f8b-4e6c-8fd6-f6d60bc569d6/click'
18:28:24.517 [AsyncHttpClient-1-7] DEBUG org.asynchttpclient.netty.handler.HttpHandler - 

Request DefaultHttpRequest(decodeResult: success, version: HTTP/1.1)
POST /session/e2ca2073bfaacb3571e78d128b09ad2c/element/a0d16c64-5f8b-4e6c-8fd6-f6d60bc569d6/click HTTP/1.1
User-Agent: selenium/4.1.4 (java windows)
Content-Length: 50
Content-Type: application/json; charset=utf-8
host: localhost:50172
accept: */*

Response DefaultHttpResponse(decodeResult: success, version: HTTP/1.1)
HTTP/1.1 200 OK
Content-Type: application/json; charset=utf-8
cache-control: no-cache
content-length: 14

18:28:24.517 [AsyncHttpClient-1-7] DEBUG org.asynchttpclient.netty.channel.ChannelManager - Adding key: http://localhost:50172 for channel [id: 0x901638b9, L:/127.0.0.1:49763 - R:localhost/127.0.0.1:50172]
18:28:24.522 [Forwarding screenshot on session e2ca2073bfaacb3571e78d128b09ad2c to remote] DEBUG org.asynchttpclient.netty.request.NettyRequestSender - Using pooled Channel '[id: 0x901638b9, L:/127.0.0.1:49763 - R:localhost/127.0.0.1:50172]' for 'GET' to 'http://localhost:50172/session/e2ca2073bfaacb3571e78d128b09ad2c/screenshot'
18:28:24.522 [Forwarding screenshot on session e2ca2073bfaacb3571e78d128b09ad2c to remote] DEBUG org.asynchttpclient.netty.request.NettyRequestSender - Using open Channel [id: 0x901638b9, L:/127.0.0.1:49763 - R:localhost/127.0.0.1:50172] for GET '/session/e2ca2073bfaacb3571e78d128b09ad2c/screenshot'
18:28:24.546 [AsyncHttpClient-1-1] DEBUG org.asynchttpclient.netty.channel.DefaultChannelPool - Entry count for : http://localhost:49764 : 1
18:28:24.838 [AsyncHttpClient-1-7] DEBUG org.asynchttpclient.netty.handler.HttpHandler - 

Request DefaultFullHttpRequest(decodeResult: success, version: HTTP/1.1, content: EmptyByteBufBE)
GET /session/e2ca2073bfaacb3571e78d128b09ad2c/screenshot HTTP/1.1
User-Agent: selenium/4.1.4 (java windows)
Cache-Control: no-cache
Content-Type: application/json; charset=utf-8
host: localhost:50172
accept: */*

Response DefaultHttpResponse(decodeResult: success, version: HTTP/1.1)
HTTP/1.1 200 OK
Content-Type: application/json; charset=utf-8
cache-control: no-cache
content-length: 342712

18:28:24.839 [AsyncHttpClient-1-7] DEBUG org.asynchttpclient.netty.channel.ChannelManager - Adding key: http://localhost:50172 for channel [id: 0x901638b9, L:/127.0.0.1:49763 - R:localhost/127.0.0.1:50172]
18:28:24.848 [main] DEBUG net.serenitybdd.core.photography.Darkroom - Send negative for processing for target\site\serenity\b3cad8c5c56fb72a70cf69a0210d0028ef1ca857e6dcd321f96fcbfecd0798df.png
18:28:24.848 [main] DEBUG net.thucydides.core.steps.StepInterceptor - STEP DONE: clickButtonLogin
18:28:25.640 [AsyncHttpClient-1-1] DEBUG org.asynchttpclient.netty.channel.DefaultChannelPool - Entry count for : http://localhost:50172 : 1
18:28:25.640 [AsyncHttpClient-1-1] DEBUG org.asynchttpclient.netty.channel.DefaultChannelPool - Entry count for : http://localhost:49764 : 1
  &amp#27;[32mAnd &amp#27;[0m&amp#27;[32mI click button login&amp#27;[0m                                                     &amp#27;[90m# starter.stepdefinitios.LoginSteps.iClickButtonLogin()&amp#27;[0m
18:28:25.857 [Forwarding screenshot on session e2ca2073bfaacb3571e78d128b09ad2c to remote] DEBUG org.asynchttpclient.netty.request.NettyRequestSender - Using pooled Channel '[id: 0x901638b9, L:/127.0.0.1:49763 - R:localhost/127.0.0.1:50172]' for 'GET' to 'http://localhost:50172/session/e2ca2073bfaacb3571e78d128b09ad2c/screenshot'
18:28:25.857 [Forwarding screenshot on session e2ca2073bfaacb3571e78d128b09ad2c to remote] DEBUG org.asynchttpclient.netty.request.NettyRequestSender - Using open Channel [id: 0x901638b9, L:/127.0.0.1:49763 - R:localhost/127.0.0.1:50172] for GET '/session/e2ca2073bfaacb3571e78d128b09ad2c/screenshot'
18:28:26.115 [AsyncHttpClient-1-7] DEBUG org.asynchttpclient.netty.handler.HttpHandler - 

Request DefaultFullHttpRequest(decodeResult: success, version: HTTP/1.1, content: EmptyByteBufBE)
GET /session/e2ca2073bfaacb3571e78d128b09ad2c/screenshot HTTP/1.1
User-Agent: selenium/4.1.4 (java windows)
Cache-Control: no-cache
Content-Type: application/json; charset=utf-8
host: localhost:50172
accept: */*

Response DefaultHttpResponse(decodeResult: success, version: HTTP/1.1)
HTTP/1.1 200 OK
Content-Type: application/json; charset=utf-8
cache-control: no-cache
content-length: 313136

18:28:26.116 [AsyncHttpClient-1-7] DEBUG org.asynchttpclient.netty.channel.ChannelManager - Adding key: http://localhost:50172 for channel [id: 0x901638b9, L:/127.0.0.1:49763 - R:localhost/127.0.0.1:50172]
18:28:26.123 [main] DEBUG net.serenitybdd.core.photography.Darkroom - Send negative for processing for target\site\serenity\44c9bd1bf7d2708271a217404eb3a5d5c48520e0cc76fca90fb4ba25751a0b1a.png
18:28:26.123 [Darkroom Processing Line] DEBUG net.serenitybdd.core.photography.DarkroomProcessingLine - Processing screenshot image in /var/screenshots/screenshot-15396799808745660322
18:28:26.123 [Darkroom Processing Line] DEBUG net.serenitybdd.core.photography.DarkroomProcessingLine - Saving screenshot to target\site\serenity\44c9bd1bf7d2708271a217404eb3a5d5c48520e0cc76fca90fb4ba25751a0b1a.png
18:28:26.739 [AsyncHttpClient-1-1] DEBUG org.asynchttpclient.netty.channel.DefaultChannelPool - Entry count for : http://localhost:50172 : 1
18:28:26.739 [AsyncHttpClient-1-1] DEBUG org.asynchttpclient.netty.channel.DefaultChannelPool - Entry count for : http://localhost:49764 : 1
18:28:27.844 [AsyncHttpClient-1-1] DEBUG org.asynchttpclient.netty.channel.DefaultChannelPool - Entry count for : http://localhost:50172 : 1
18:28:27.844 [AsyncHttpClient-1-1] DEBUG org.asynchttpclient.netty.channel.DefaultChannelPool - Entry count for : http://localhost:49764 : 1
18:28:28.944 [AsyncHttpClient-1-1] DEBUG org.asynchttpclient.netty.channel.DefaultChannelPool - Entry count for : http://localhost:50172 : 1
18:28:28.944 [AsyncHttpClient-1-1] DEBUG org.asynchttpclient.netty.channel.DefaultChannelPool - Entry count for : http://localhost:49764 : 1
18:28:30.044 [AsyncHttpClient-1-1] DEBUG org.asynchttpclient.netty.channel.DefaultChannelPool - Entry count for : http://localhost:50172 : 1
18:28:30.044 [AsyncHttpClient-1-1] DEBUG org.asynchttpclient.netty.channel.DefaultChannelPool - Entry count for : http://localhost:49764 : 1
18:28:31.151 [AsyncHttpClient-1-1] DEBUG org.asynchttpclient.netty.channel.DefaultChannelPool - Entry count for : http://localhost:50172 : 1
18:28:31.151 [AsyncHttpClient-1-1] DEBUG org.asynchttpclient.netty.channel.DefaultChannelPool - Entry count for : http://localhost:49764 : 1
18:28:31.153 [Forwarding findElement on session e2ca2073bfaacb3571e78d128b09ad2c to remote] DEBUG org.asynchttpclient.netty.request.NettyRequestSender - Using pooled Channel '[id: 0x901638b9, L:/127.0.0.1:49763 - R:localhost/127.0.0.1:50172]' for 'POST' to 'http://localhost:50172/session/e2ca2073bfaacb3571e78d128b09ad2c/element'
18:28:31.153 [Forwarding findElement on session e2ca2073bfaacb3571e78d128b09ad2c to remote] DEBUG org.asynchttpclient.netty.request.NettyRequestSender - Using open Channel [id: 0x901638b9, L:/127.0.0.1:49763 - R:localhost/127.0.0.1:50172] for POST '/session/e2ca2073bfaacb3571e78d128b09ad2c/element'
18:28:31.170 [AsyncHttpClient-1-7] DEBUG org.asynchttpclient.netty.handler.HttpHandler - 

Request DefaultHttpRequest(decodeResult: success, version: HTTP/1.1)
POST /session/e2ca2073bfaacb3571e78d128b09ad2c/element HTTP/1.1
User-Agent: selenium/4.1.4 (java windows)
Content-Length: 68
Content-Type: application/json; charset=utf-8
host: localhost:50172
accept: */*

Response DefaultHttpResponse(decodeResult: success, version: HTTP/1.1)
HTTP/1.1 200 OK
Content-Type: application/json; charset=utf-8
cache-control: no-cache
content-length: 88

18:28:31.170 [AsyncHttpClient-1-7] DEBUG org.asynchttpclient.netty.channel.ChannelManager - Adding key: http://localhost:50172 for channel [id: 0x901638b9, L:/127.0.0.1:49763 - R:localhost/127.0.0.1:50172]
18:28:31.171 [Forwarding isElementEnabled on session e2ca2073bfaacb3571e78d128b09ad2c to remote] DEBUG org.asynchttpclient.netty.request.NettyRequestSender - Using pooled Channel '[id: 0x901638b9, L:/127.0.0.1:49763 - R:localhost/127.0.0.1:50172]' for 'GET' to 'http://localhost:50172/session/e2ca2073bfaacb3571e78d128b09ad2c/element/fa180002-4371-4a08-ae64-ba50cfec81c6/enabled'
18:28:31.171 [Forwarding isElementEnabled on session e2ca2073bfaacb3571e78d128b09ad2c to remote] DEBUG org.asynchttpclient.netty.request.NettyRequestSender - Using open Channel [id: 0x901638b9, L:/127.0.0.1:49763 - R:localhost/127.0.0.1:50172] for GET '/session/e2ca2073bfaacb3571e78d128b09ad2c/element/fa180002-4371-4a08-ae64-ba50cfec81c6/enabled'
18:28:31.181 [AsyncHttpClient-1-7] DEBUG org.asynchttpclient.netty.handler.HttpHandler - 

Request DefaultFullHttpRequest(decodeResult: success, version: HTTP/1.1, content: EmptyByteBufBE)
GET /session/e2ca2073bfaacb3571e78d128b09ad2c/element/fa180002-4371-4a08-ae64-ba50cfec81c6/enabled HTTP/1.1
User-Agent: selenium/4.1.4 (java windows)
Cache-Control: no-cache
Content-Type: application/json; charset=utf-8
host: localhost:50172
accept: */*

Response DefaultHttpResponse(decodeResult: success, version: HTTP/1.1)
HTTP/1.1 200 OK
Content-Type: application/json; charset=utf-8
cache-control: no-cache
content-length: 14

18:28:31.181 [AsyncHttpClient-1-7] DEBUG org.asynchttpclient.netty.channel.ChannelManager - Adding key: http://localhost:50172 for channel [id: 0x901638b9, L:/127.0.0.1:49763 - R:localhost/127.0.0.1:50172]
18:28:31.693 [Forwarding screenshot on session e2ca2073bfaacb3571e78d128b09ad2c to remote] DEBUG org.asynchttpclient.netty.request.NettyRequestSender - Using pooled Channel '[id: 0x901638b9, L:/127.0.0.1:49763 - R:localhost/127.0.0.1:50172]' for 'GET' to 'http://localhost:50172/session/e2ca2073bfaacb3571e78d128b09ad2c/screenshot'
18:28:31.693 [Forwarding screenshot on session e2ca2073bfaacb3571e78d128b09ad2c to remote] DEBUG org.asynchttpclient.netty.request.NettyRequestSender - Using open Channel [id: 0x901638b9, L:/127.0.0.1:49763 - R:localhost/127.0.0.1:50172] for GET '/session/e2ca2073bfaacb3571e78d128b09ad2c/screenshot'
18:28:31.914 [AsyncHttpClient-1-7] DEBUG org.asynchttpclient.netty.handler.HttpHandler - 

Request DefaultFullHttpRequest(decodeResult: success, version: HTTP/1.1, content: EmptyByteBufBE)
GET /session/e2ca2073bfaacb3571e78d128b09ad2c/screenshot HTTP/1.1
User-Agent: selenium/4.1.4 (java windows)
Cache-Control: no-cache
Content-Type: application/json; charset=utf-8
host: localhost:50172
accept: */*

Response DefaultHttpResponse(decodeResult: success, version: HTTP/1.1)
HTTP/1.1 200 OK
Content-Type: application/json; charset=utf-8
cache-control: no-cache
content-length: 301044

18:28:31.914 [AsyncHttpClient-1-7] DEBUG org.asynchttpclient.netty.channel.ChannelManager - Adding key: http://localhost:50172 for channel [id: 0x901638b9, L:/127.0.0.1:49763 - R:localhost/127.0.0.1:50172]
18:28:31.931 [main] DEBUG net.serenitybdd.core.photography.Darkroom - Send negative for processing for target\site\serenity\163e386af0b12517552a74a3d5043b94e8c0f9215c0f21d464e3b04d27a0859d.png
18:28:31.932 [main] DEBUG net.thucydides.core.steps.StepInterceptor - STARTING STEP: LoginSteps.loginValidationInvalid - clickButtonErrorOK
18:28:31.935 [Forwarding findElement on session e2ca2073bfaacb3571e78d128b09ad2c to remote] DEBUG org.asynchttpclient.netty.request.NettyRequestSender - Using pooled Channel '[id: 0x901638b9, L:/127.0.0.1:49763 - R:localhost/127.0.0.1:50172]' for 'POST' to 'http://localhost:50172/session/e2ca2073bfaacb3571e78d128b09ad2c/element'
18:28:31.935 [Forwarding findElement on session e2ca2073bfaacb3571e78d128b09ad2c to remote] DEBUG org.asynchttpclient.netty.request.NettyRequestSender - Using open Channel [id: 0x901638b9, L:/127.0.0.1:49763 - R:localhost/127.0.0.1:50172] for POST '/session/e2ca2073bfaacb3571e78d128b09ad2c/element'
18:28:31.948 [AsyncHttpClient-1-7] DEBUG org.asynchttpclient.netty.handler.HttpHandler - 

Request DefaultHttpRequest(decodeResult: success, version: HTTP/1.1)
POST /session/e2ca2073bfaacb3571e78d128b09ad2c/element HTTP/1.1
User-Agent: selenium/4.1.4 (java windows)
Content-Length: 88
Content-Type: application/json; charset=utf-8
host: localhost:50172
accept: */*

Response DefaultHttpResponse(decodeResult: success, version: HTTP/1.1)
HTTP/1.1 200 OK
Content-Type: application/json; charset=utf-8
cache-control: no-cache
content-length: 88

18:28:31.949 [AsyncHttpClient-1-7] DEBUG org.asynchttpclient.netty.channel.ChannelManager - Adding key: http://localhost:50172 for channel [id: 0x901638b9, L:/127.0.0.1:49763 - R:localhost/127.0.0.1:50172]
18:28:31.949 [Forwarding getElementTagName on session e2ca2073bfaacb3571e78d128b09ad2c to remote] DEBUG org.asynchttpclient.netty.request.NettyRequestSender - Using pooled Channel '[id: 0x901638b9, L:/127.0.0.1:49763 - R:localhost/127.0.0.1:50172]' for 'GET' to 'http://localhost:50172/session/e2ca2073bfaacb3571e78d128b09ad2c/element/c9fcb8c0-3355-4e0e-92b3-6be3d2fa7093/name'
18:28:31.949 [Forwarding getElementTagName on session e2ca2073bfaacb3571e78d128b09ad2c to remote] DEBUG org.asynchttpclient.netty.request.NettyRequestSender - Using open Channel [id: 0x901638b9, L:/127.0.0.1:49763 - R:localhost/127.0.0.1:50172] for GET '/session/e2ca2073bfaacb3571e78d128b09ad2c/element/c9fcb8c0-3355-4e0e-92b3-6be3d2fa7093/name'
18:28:31.954 [AsyncHttpClient-1-7] DEBUG org.asynchttpclient.netty.handler.HttpHandler - 

Request DefaultFullHttpRequest(decodeResult: success, version: HTTP/1.1, content: EmptyByteBufBE)
GET /session/e2ca2073bfaacb3571e78d128b09ad2c/element/c9fcb8c0-3355-4e0e-92b3-6be3d2fa7093/name HTTP/1.1
User-Agent: selenium/4.1.4 (java windows)
Cache-Control: no-cache
Content-Type: application/json; charset=utf-8
host: localhost:50172
accept: */*

Response DefaultHttpResponse(decodeResult: success, version: HTTP/1.1)
HTTP/1.1 200 OK
Content-Type: application/json; charset=utf-8
cache-control: no-cache
content-length: 18

18:28:31.954 [AsyncHttpClient-1-7] DEBUG org.asynchttpclient.netty.channel.ChannelManager - Adding key: http://localhost:50172 for channel [id: 0x901638b9, L:/127.0.0.1:49763 - R:localhost/127.0.0.1:50172]
18:28:31.955 [Forwarding getElementTagName on session e2ca2073bfaacb3571e78d128b09ad2c to remote] DEBUG org.asynchttpclient.netty.request.NettyRequestSender - Using pooled Channel '[id: 0x901638b9, L:/127.0.0.1:49763 - R:localhost/127.0.0.1:50172]' for 'GET' to 'http://localhost:50172/session/e2ca2073bfaacb3571e78d128b09ad2c/element/c9fcb8c0-3355-4e0e-92b3-6be3d2fa7093/name'
18:28:31.955 [Forwarding getElementTagName on session e2ca2073bfaacb3571e78d128b09ad2c to remote] DEBUG org.asynchttpclient.netty.request.NettyRequestSender - Using open Channel [id: 0x901638b9, L:/127.0.0.1:49763 - R:localhost/127.0.0.1:50172] for GET '/session/e2ca2073bfaacb3571e78d128b09ad2c/element/c9fcb8c0-3355-4e0e-92b3-6be3d2fa7093/name'
18:28:31.960 [AsyncHttpClient-1-7] DEBUG org.asynchttpclient.netty.handler.HttpHandler - 

Request DefaultFullHttpRequest(decodeResult: success, version: HTTP/1.1, content: EmptyByteBufBE)
GET /session/e2ca2073bfaacb3571e78d128b09ad2c/element/c9fcb8c0-3355-4e0e-92b3-6be3d2fa7093/name HTTP/1.1
User-Agent: selenium/4.1.4 (java windows)
Cache-Control: no-cache
Content-Type: application/json; charset=utf-8
host: localhost:50172
accept: */*

Response DefaultHttpResponse(decodeResult: success, version: HTTP/1.1)
HTTP/1.1 200 OK
Content-Type: application/json; charset=utf-8
cache-control: no-cache
content-length: 18

18:28:31.960 [AsyncHttpClient-1-7] DEBUG org.asynchttpclient.netty.channel.ChannelManager - Adding key: http://localhost:50172 for channel [id: 0x901638b9, L:/127.0.0.1:49763 - R:localhost/127.0.0.1:50172]
18:28:31.961 [Forwarding isElementEnabled on session e2ca2073bfaacb3571e78d128b09ad2c to remote] DEBUG org.asynchttpclient.netty.request.NettyRequestSender - Using pooled Channel '[id: 0x901638b9, L:/127.0.0.1:49763 - R:localhost/127.0.0.1:50172]' for 'GET' to 'http://localhost:50172/session/e2ca2073bfaacb3571e78d128b09ad2c/element/c9fcb8c0-3355-4e0e-92b3-6be3d2fa7093/enabled'
18:28:31.961 [Forwarding isElementEnabled on session e2ca2073bfaacb3571e78d128b09ad2c to remote] DEBUG org.asynchttpclient.netty.request.NettyRequestSender - Using open Channel [id: 0x901638b9, L:/127.0.0.1:49763 - R:localhost/127.0.0.1:50172] for GET '/session/e2ca2073bfaacb3571e78d128b09ad2c/element/c9fcb8c0-3355-4e0e-92b3-6be3d2fa7093/enabled'
18:28:31.975 [AsyncHttpClient-1-7] DEBUG org.asynchttpclient.netty.handler.HttpHandler - 

Request DefaultFullHttpRequest(decodeResult: success, version: HTTP/1.1, content: EmptyByteBufBE)
GET /session/e2ca2073bfaacb3571e78d128b09ad2c/element/c9fcb8c0-3355-4e0e-92b3-6be3d2fa7093/enabled HTTP/1.1
User-Agent: selenium/4.1.4 (java windows)
Cache-Control: no-cache
Content-Type: application/json; charset=utf-8
host: localhost:50172
accept: */*

Response DefaultHttpResponse(decodeResult: success, version: HTTP/1.1)
HTTP/1.1 200 OK
Content-Type: application/json; charset=utf-8
cache-control: no-cache
content-length: 14

18:28:31.975 [AsyncHttpClient-1-7] DEBUG org.asynchttpclient.netty.channel.ChannelManager - Adding key: http://localhost:50172 for channel [id: 0x901638b9, L:/127.0.0.1:49763 - R:localhost/127.0.0.1:50172]
18:28:31.976 [Forwarding isElementEnabled on session e2ca2073bfaacb3571e78d128b09ad2c to remote] DEBUG org.asynchttpclient.netty.request.NettyRequestSender - Using pooled Channel '[id: 0x901638b9, L:/127.0.0.1:49763 - R:localhost/127.0.0.1:50172]' for 'GET' to 'http://localhost:50172/session/e2ca2073bfaacb3571e78d128b09ad2c/element/c9fcb8c0-3355-4e0e-92b3-6be3d2fa7093/enabled'
18:28:31.976 [Forwarding isElementEnabled on session e2ca2073bfaacb3571e78d128b09ad2c to remote] DEBUG org.asynchttpclient.netty.request.NettyRequestSender - Using open Channel [id: 0x901638b9, L:/127.0.0.1:49763 - R:localhost/127.0.0.1:50172] for GET '/session/e2ca2073bfaacb3571e78d128b09ad2c/element/c9fcb8c0-3355-4e0e-92b3-6be3d2fa7093/enabled'
18:28:31.983 [AsyncHttpClient-1-7] DEBUG org.asynchttpclient.netty.handler.HttpHandler - 

Request DefaultFullHttpRequest(decodeResult: success, version: HTTP/1.1, content: EmptyByteBufBE)
GET /session/e2ca2073bfaacb3571e78d128b09ad2c/element/c9fcb8c0-3355-4e0e-92b3-6be3d2fa7093/enabled HTTP/1.1
User-Agent: selenium/4.1.4 (java windows)
Cache-Control: no-cache
Content-Type: application/json; charset=utf-8
host: localhost:50172
accept: */*

Response DefaultHttpResponse(decodeResult: success, version: HTTP/1.1)
HTTP/1.1 200 OK
Content-Type: application/json; charset=utf-8
cache-control: no-cache
content-length: 14

18:28:31.983 [AsyncHttpClient-1-7] DEBUG org.asynchttpclient.netty.channel.ChannelManager - Adding key: http://localhost:50172 for channel [id: 0x901638b9, L:/127.0.0.1:49763 - R:localhost/127.0.0.1:50172]
18:28:31.984 [Forwarding findElement on session e2ca2073bfaacb3571e78d128b09ad2c to remote] DEBUG org.asynchttpclient.netty.request.NettyRequestSender - Using pooled Channel '[id: 0x901638b9, L:/127.0.0.1:49763 - R:localhost/127.0.0.1:50172]' for 'POST' to 'http://localhost:50172/session/e2ca2073bfaacb3571e78d128b09ad2c/element'
18:28:31.984 [Forwarding findElement on session e2ca2073bfaacb3571e78d128b09ad2c to remote] DEBUG org.asynchttpclient.netty.request.NettyRequestSender - Using open Channel [id: 0x901638b9, L:/127.0.0.1:49763 - R:localhost/127.0.0.1:50172] for POST '/session/e2ca2073bfaacb3571e78d128b09ad2c/element'
18:28:31.996 [AsyncHttpClient-1-7] DEBUG org.asynchttpclient.netty.handler.HttpHandler - 

Request DefaultHttpRequest(decodeResult: success, version: HTTP/1.1)
POST /session/e2ca2073bfaacb3571e78d128b09ad2c/element HTTP/1.1
User-Agent: selenium/4.1.4 (java windows)
Content-Length: 88
Content-Type: application/json; charset=utf-8
host: localhost:50172
accept: */*

Response DefaultHttpResponse(decodeResult: success, version: HTTP/1.1)
HTTP/1.1 200 OK
Content-Type: application/json; charset=utf-8
cache-control: no-cache
content-length: 88

18:28:31.996 [AsyncHttpClient-1-7] DEBUG org.asynchttpclient.netty.channel.ChannelManager - Adding key: http://localhost:50172 for channel [id: 0x901638b9, L:/127.0.0.1:49763 - R:localhost/127.0.0.1:50172]
18:28:31.997 [Forwarding clickElement on session e2ca2073bfaacb3571e78d128b09ad2c to remote] DEBUG org.asynchttpclient.netty.request.NettyRequestSender - Using pooled Channel '[id: 0x901638b9, L:/127.0.0.1:49763 - R:localhost/127.0.0.1:50172]' for 'POST' to 'http://localhost:50172/session/e2ca2073bfaacb3571e78d128b09ad2c/element/c9fcb8c0-3355-4e0e-92b3-6be3d2fa7093/click'
18:28:31.997 [Forwarding clickElement on session e2ca2073bfaacb3571e78d128b09ad2c to remote] DEBUG org.asynchttpclient.netty.request.NettyRequestSender - Using open Channel [id: 0x901638b9, L:/127.0.0.1:49763 - R:localhost/127.0.0.1:50172] for POST '/session/e2ca2073bfaacb3571e78d128b09ad2c/element/c9fcb8c0-3355-4e0e-92b3-6be3d2fa7093/click'
18:28:32.108 [AsyncHttpClient-1-7] DEBUG org.asynchttpclient.netty.handler.HttpHandler - 

Request DefaultHttpRequest(decodeResult: success, version: HTTP/1.1)
POST /session/e2ca2073bfaacb3571e78d128b09ad2c/element/c9fcb8c0-3355-4e0e-92b3-6be3d2fa7093/click HTTP/1.1
User-Agent: selenium/4.1.4 (java windows)
Content-Length: 50
Content-Type: application/json; charset=utf-8
host: localhost:50172
accept: */*

Response DefaultHttpResponse(decodeResult: success, version: HTTP/1.1)
HTTP/1.1 200 OK
Content-Type: application/json; charset=utf-8
cache-control: no-cache
content-length: 14

18:28:32.108 [AsyncHttpClient-1-7] DEBUG org.asynchttpclient.netty.channel.ChannelManager - Adding key: http://localhost:50172 for channel [id: 0x901638b9, L:/127.0.0.1:49763 - R:localhost/127.0.0.1:50172]
18:28:32.125 [Forwarding screenshot on session e2ca2073bfaacb3571e78d128b09ad2c to remote] DEBUG org.asynchttpclient.netty.request.NettyRequestSender - Using pooled Channel '[id: 0x901638b9, L:/127.0.0.1:49763 - R:localhost/127.0.0.1:50172]' for 'GET' to 'http://localhost:50172/session/e2ca2073bfaacb3571e78d128b09ad2c/screenshot'
18:28:32.125 [Forwarding screenshot on session e2ca2073bfaacb3571e78d128b09ad2c to remote] DEBUG org.asynchttpclient.netty.request.NettyRequestSender - Using open Channel [id: 0x901638b9, L:/127.0.0.1:49763 - R:localhost/127.0.0.1:50172] for GET '/session/e2ca2073bfaacb3571e78d128b09ad2c/screenshot'
18:28:32.237 [AsyncHttpClient-1-1] DEBUG org.asynchttpclient.netty.channel.DefaultChannelPool - Entry count for : http://localhost:49764 : 1
18:28:32.471 [AsyncHttpClient-1-7] DEBUG org.asynchttpclient.netty.handler.HttpHandler - 

Request DefaultFullHttpRequest(decodeResult: success, version: HTTP/1.1, content: EmptyByteBufBE)
GET /session/e2ca2073bfaacb3571e78d128b09ad2c/screenshot HTTP/1.1
User-Agent: selenium/4.1.4 (java windows)
Cache-Control: no-cache
Content-Type: application/json; charset=utf-8
host: localhost:50172
accept: */*

Response DefaultHttpResponse(decodeResult: success, version: HTTP/1.1)
HTTP/1.1 200 OK
Content-Type: application/json; charset=utf-8
cache-control: no-cache
content-length: 73636

18:28:32.471 [AsyncHttpClient-1-7] DEBUG org.asynchttpclient.netty.channel.ChannelManager - Adding key: http://localhost:50172 for channel [id: 0x901638b9, L:/127.0.0.1:49763 - R:localhost/127.0.0.1:50172]
18:28:32.472 [main] DEBUG net.serenitybdd.core.photography.Darkroom - Send negative for processing for target\site\serenity\a3317da42ce439b5d070376441a16c03ae3726d97c603f9e1419c9d7a3bdf01b.png
18:28:32.472 [main] DEBUG net.thucydides.core.steps.StepInterceptor - STEP DONE: clickButtonErrorOK
  &amp#27;[32mAnd &amp#27;[0m&amp#27;[32mLogin validation invalid&amp#27;[0m                                                 &amp#27;[90m# starter.stepdefinitios.LoginSteps.loginValidationInvalid()&amp#27;[0m
18:28:32.472 [Darkroom Processing Line] DEBUG net.serenitybdd.core.photography.DarkroomProcessingLine - Processing screenshot image in /var/screenshots/screenshot-17005757898180920169
18:28:32.472 [Darkroom Processing Line] DEBUG net.serenitybdd.core.photography.DarkroomProcessingLine - Saving screenshot to target\site\serenity\a3317da42ce439b5d070376441a16c03ae3726d97c603f9e1419c9d7a3bdf01b.png
18:28:33.335 [AsyncHttpClient-1-1] DEBUG org.asynchttpclient.netty.channel.DefaultChannelPool - Entry count for : http://localhost:50172 : 1
18:28:33.335 [AsyncHttpClient-1-1] DEBUG org.asynchttpclient.netty.channel.DefaultChannelPool - Entry count for : http://localhost:49764 : 1
18:28:34.443 [AsyncHttpClient-1-1] DEBUG org.asynchttpclient.netty.channel.DefaultChannelPool - Entry count for : http://localhost:50172 : 1
18:28:34.443 [AsyncHttpClient-1-1] DEBUG org.asynchttpclient.netty.channel.DefaultChannelPool - Entry count for : http://localhost:49764 : 1
18:28:35.540 [AsyncHttpClient-1-1] DEBUG org.asynchttpclient.netty.channel.DefaultChannelPool - Entry count for : http://localhost:50172 : 1
18:28:35.540 [AsyncHttpClient-1-1] DEBUG org.asynchttpclient.netty.channel.DefaultChannelPool - Entry count for : http://localhost:49764 : 1
18:28:36.650 [AsyncHttpClient-1-1] DEBUG org.asynchttpclient.netty.channel.DefaultChannelPool - Entry count for : http://localhost:50172 : 1
18:28:36.650 [AsyncHttpClient-1-1] DEBUG org.asynchttpclient.netty.channel.DefaultChannelPool - Entry count for : http://localhost:49764 : 1
18:28:37.527 [Forwarding screenshot on session e2ca2073bfaacb3571e78d128b09ad2c to remote] DEBUG org.asynchttpclient.netty.request.NettyRequestSender - Using pooled Channel '[id: 0x901638b9, L:/127.0.0.1:49763 - R:localhost/127.0.0.1:50172]' for 'GET' to 'http://localhost:50172/session/e2ca2073bfaacb3571e78d128b09ad2c/screenshot'
18:28:37.527 [Forwarding screenshot on session e2ca2073bfaacb3571e78d128b09ad2c to remote] DEBUG org.asynchttpclient.netty.request.NettyRequestSender - Using open Channel [id: 0x901638b9, L:/127.0.0.1:49763 - R:localhost/127.0.0.1:50172] for GET '/session/e2ca2073bfaacb3571e78d128b09ad2c/screenshot'
18:28:37.679 [AsyncHttpClient-1-7] DEBUG org.asynchttpclient.netty.handler.HttpHandler - 

Request DefaultFullHttpRequest(decodeResult: success, version: HTTP/1.1, content: EmptyByteBufBE)
GET /session/e2ca2073bfaacb3571e78d128b09ad2c/screenshot HTTP/1.1
User-Agent: selenium/4.1.4 (java windows)
Cache-Control: no-cache
Content-Type: application/json; charset=utf-8
host: localhost:50172
accept: */*

Response DefaultHttpResponse(decodeResult: success, version: HTTP/1.1)
HTTP/1.1 200 OK
Content-Type: application/json; charset=utf-8
cache-control: no-cache
content-length: 78860

18:28:37.679 [AsyncHttpClient-1-7] DEBUG org.asynchttpclient.netty.channel.ChannelManager - Adding key: http://localhost:50172 for channel [id: 0x901638b9, L:/127.0.0.1:49763 - R:localhost/127.0.0.1:50172]
18:28:37.684 [main] DEBUG net.serenitybdd.core.photography.Darkroom - Send negative for processing for target\site\serenity\e3902e4e6d497170d59aa0c0c2930d955492166dca27ad580f2b08c08bf103aa.png
18:28:37.684 [main] DEBUG net.thucydides.core.steps.StepInterceptor - STARTING STEP: PatientDataSteps.clickButtonDataPasien - clickButtonDataPasien
18:28:37.689 [Forwarding findElement on session e2ca2073bfaacb3571e78d128b09ad2c to remote] DEBUG org.asynchttpclient.netty.request.NettyRequestSender - Using pooled Channel '[id: 0x901638b9, L:/127.0.0.1:49763 - R:localhost/127.0.0.1:50172]' for 'POST' to 'http://localhost:50172/session/e2ca2073bfaacb3571e78d128b09ad2c/element'
18:28:37.689 [Forwarding findElement on session e2ca2073bfaacb3571e78d128b09ad2c to remote] DEBUG org.asynchttpclient.netty.request.NettyRequestSender - Using open Channel [id: 0x901638b9, L:/127.0.0.1:49763 - R:localhost/127.0.0.1:50172] for POST '/session/e2ca2073bfaacb3571e78d128b09ad2c/element'
18:28:37.709 [AsyncHttpClient-1-7] DEBUG org.asynchttpclient.netty.handler.HttpHandler - 

Request DefaultHttpRequest(decodeResult: success, version: HTTP/1.1)
POST /session/e2ca2073bfaacb3571e78d128b09ad2c/element HTTP/1.1
User-Agent: selenium/4.1.4 (java windows)
Content-Length: 114
Content-Type: application/json; charset=utf-8
host: localhost:50172
accept: */*

Response DefaultHttpResponse(decodeResult: success, version: HTTP/1.1)
HTTP/1.1 200 OK
Content-Type: application/json; charset=utf-8
cache-control: no-cache
content-length: 88

18:28:37.709 [AsyncHttpClient-1-7] DEBUG org.asynchttpclient.netty.channel.ChannelManager - Adding key: http://localhost:50172 for channel [id: 0x901638b9, L:/127.0.0.1:49763 - R:localhost/127.0.0.1:50172]
18:28:37.710 [Forwarding getElementTagName on session e2ca2073bfaacb3571e78d128b09ad2c to remote] DEBUG org.asynchttpclient.netty.request.NettyRequestSender - Using pooled Channel '[id: 0x901638b9, L:/127.0.0.1:49763 - R:localhost/127.0.0.1:50172]' for 'GET' to 'http://localhost:50172/session/e2ca2073bfaacb3571e78d128b09ad2c/element/1ae54f0d-787d-4033-8ce7-b368787c7a64/name'
18:28:37.710 [Forwarding getElementTagName on session e2ca2073bfaacb3571e78d128b09ad2c to remote] DEBUG org.asynchttpclient.netty.request.NettyRequestSender - Using open Channel [id: 0x901638b9, L:/127.0.0.1:49763 - R:localhost/127.0.0.1:50172] for GET '/session/e2ca2073bfaacb3571e78d128b09ad2c/element/1ae54f0d-787d-4033-8ce7-b368787c7a64/name'
18:28:37.716 [AsyncHttpClient-1-7] DEBUG org.asynchttpclient.netty.handler.HttpHandler - 

Request DefaultFullHttpRequest(decodeResult: success, version: HTTP/1.1, content: EmptyByteBufBE)
GET /session/e2ca2073bfaacb3571e78d128b09ad2c/element/1ae54f0d-787d-4033-8ce7-b368787c7a64/name HTTP/1.1
User-Agent: selenium/4.1.4 (java windows)
Cache-Control: no-cache
Content-Type: application/json; charset=utf-8
host: localhost:50172
accept: */*

Response DefaultHttpResponse(decodeResult: success, version: HTTP/1.1)
HTTP/1.1 200 OK
Content-Type: application/json; charset=utf-8
cache-control: no-cache
content-length: 13

18:28:37.716 [AsyncHttpClient-1-7] DEBUG org.asynchttpclient.netty.channel.ChannelManager - Adding key: http://localhost:50172 for channel [id: 0x901638b9, L:/127.0.0.1:49763 - R:localhost/127.0.0.1:50172]
18:28:37.718 [Forwarding getElementTagName on session e2ca2073bfaacb3571e78d128b09ad2c to remote] DEBUG org.asynchttpclient.netty.request.NettyRequestSender - Using pooled Channel '[id: 0x901638b9, L:/127.0.0.1:49763 - R:localhost/127.0.0.1:50172]' for 'GET' to 'http://localhost:50172/session/e2ca2073bfaacb3571e78d128b09ad2c/element/1ae54f0d-787d-4033-8ce7-b368787c7a64/name'
18:28:37.718 [Forwarding getElementTagName on session e2ca2073bfaacb3571e78d128b09ad2c to remote] DEBUG org.asynchttpclient.netty.request.NettyRequestSender - Using open Channel [id: 0x901638b9, L:/127.0.0.1:49763 - R:localhost/127.0.0.1:50172] for GET '/session/e2ca2073bfaacb3571e78d128b09ad2c/element/1ae54f0d-787d-4033-8ce7-b368787c7a64/name'
18:28:37.726 [AsyncHttpClient-1-7] DEBUG org.asynchttpclient.netty.handler.HttpHandler - 

Request DefaultFullHttpRequest(decodeResult: success, version: HTTP/1.1, content: EmptyByteBufBE)
GET /session/e2ca2073bfaacb3571e78d128b09ad2c/element/1ae54f0d-787d-4033-8ce7-b368787c7a64/name HTTP/1.1
User-Agent: selenium/4.1.4 (java windows)
Cache-Control: no-cache
Content-Type: application/json; charset=utf-8
host: localhost:50172
accept: */*

Response DefaultHttpResponse(decodeResult: success, version: HTTP/1.1)
HTTP/1.1 200 OK
Content-Type: application/json; charset=utf-8
cache-control: no-cache
content-length: 13

18:28:37.726 [AsyncHttpClient-1-7] DEBUG org.asynchttpclient.netty.channel.ChannelManager - Adding key: http://localhost:50172 for channel [id: 0x901638b9, L:/127.0.0.1:49763 - R:localhost/127.0.0.1:50172]
18:28:37.727 [Forwarding findElement on session e2ca2073bfaacb3571e78d128b09ad2c to remote] DEBUG org.asynchttpclient.netty.request.NettyRequestSender - Using pooled Channel '[id: 0x901638b9, L:/127.0.0.1:49763 - R:localhost/127.0.0.1:50172]' for 'POST' to 'http://localhost:50172/session/e2ca2073bfaacb3571e78d128b09ad2c/element'
18:28:37.727 [Forwarding findElement on session e2ca2073bfaacb3571e78d128b09ad2c to remote] DEBUG org.asynchttpclient.netty.request.NettyRequestSender - Using open Channel [id: 0x901638b9, L:/127.0.0.1:49763 - R:localhost/127.0.0.1:50172] for POST '/session/e2ca2073bfaacb3571e78d128b09ad2c/element'
18:28:37.738 [AsyncHttpClient-1-7] DEBUG org.asynchttpclient.netty.handler.HttpHandler - 

Request DefaultHttpRequest(decodeResult: success, version: HTTP/1.1)
POST /session/e2ca2073bfaacb3571e78d128b09ad2c/element HTTP/1.1
User-Agent: selenium/4.1.4 (java windows)
Content-Length: 114
Content-Type: application/json; charset=utf-8
host: localhost:50172
accept: */*

Response DefaultHttpResponse(decodeResult: success, version: HTTP/1.1)
HTTP/1.1 200 OK
Content-Type: application/json; charset=utf-8
cache-control: no-cache
content-length: 88

18:28:37.738 [AsyncHttpClient-1-7] DEBUG org.asynchttpclient.netty.channel.ChannelManager - Adding key: http://localhost:50172 for channel [id: 0x901638b9, L:/127.0.0.1:49763 - R:localhost/127.0.0.1:50172]
18:28:37.740 [Forwarding clickElement on session e2ca2073bfaacb3571e78d128b09ad2c to remote] DEBUG org.asynchttpclient.netty.request.NettyRequestSender - Using pooled Channel '[id: 0x901638b9, L:/127.0.0.1:49763 - R:localhost/127.0.0.1:50172]' for 'POST' to 'http://localhost:50172/session/e2ca2073bfaacb3571e78d128b09ad2c/element/1ae54f0d-787d-4033-8ce7-b368787c7a64/click'
18:28:37.740 [Forwarding clickElement on session e2ca2073bfaacb3571e78d128b09ad2c to remote] DEBUG org.asynchttpclient.netty.request.NettyRequestSender - Using open Channel [id: 0x901638b9, L:/127.0.0.1:49763 - R:localhost/127.0.0.1:50172] for POST '/session/e2ca2073bfaacb3571e78d128b09ad2c/element/1ae54f0d-787d-4033-8ce7-b368787c7a64/click'
18:28:37.745 [AsyncHttpClient-1-1] DEBUG org.asynchttpclient.netty.channel.DefaultChannelPool - Entry count for : http://localhost:49764 : 1
18:28:37.846 [AsyncHttpClient-1-7] DEBUG org.asynchttpclient.netty.handler.HttpHandler - 

Request DefaultHttpRequest(decodeResult: success, version: HTTP/1.1)
POST /session/e2ca2073bfaacb3571e78d128b09ad2c/element/1ae54f0d-787d-4033-8ce7-b368787c7a64/click HTTP/1.1
User-Agent: selenium/4.1.4 (java windows)
Content-Length: 50
Content-Type: application/json; charset=utf-8
host: localhost:50172
accept: */*

Response DefaultHttpResponse(decodeResult: success, version: HTTP/1.1)
HTTP/1.1 200 OK
Content-Type: application/json; charset=utf-8
cache-control: no-cache
content-length: 14

18:28:37.846 [AsyncHttpClient-1-7] DEBUG org.asynchttpclient.netty.channel.ChannelManager - Adding key: http://localhost:50172 for channel [id: 0x901638b9, L:/127.0.0.1:49763 - R:localhost/127.0.0.1:50172]
18:28:37.849 [Forwarding screenshot on session e2ca2073bfaacb3571e78d128b09ad2c to remote] DEBUG org.asynchttpclient.netty.request.NettyRequestSender - Using pooled Channel '[id: 0x901638b9, L:/127.0.0.1:49763 - R:localhost/127.0.0.1:50172]' for 'GET' to 'http://localhost:50172/session/e2ca2073bfaacb3571e78d128b09ad2c/screenshot'
18:28:37.849 [Forwarding screenshot on session e2ca2073bfaacb3571e78d128b09ad2c to remote] DEBUG org.asynchttpclient.netty.request.NettyRequestSender - Using open Channel [id: 0x901638b9, L:/127.0.0.1:49763 - R:localhost/127.0.0.1:50172] for GET '/session/e2ca2073bfaacb3571e78d128b09ad2c/screenshot'
18:28:38.024 [AsyncHttpClient-1-7] DEBUG org.asynchttpclient.netty.handler.HttpHandler - 

Request DefaultFullHttpRequest(decodeResult: success, version: HTTP/1.1, content: EmptyByteBufBE)
GET /session/e2ca2073bfaacb3571e78d128b09ad2c/screenshot HTTP/1.1
User-Agent: selenium/4.1.4 (java windows)
Cache-Control: no-cache
Content-Type: application/json; charset=utf-8
host: localhost:50172
accept: */*

Response DefaultHttpResponse(decodeResult: success, version: HTTP/1.1)
HTTP/1.1 200 OK
Content-Type: application/json; charset=utf-8
cache-control: no-cache
content-length: 115620

18:28:38.025 [AsyncHttpClient-1-7] DEBUG org.asynchttpclient.netty.channel.ChannelManager - Adding key: http://localhost:50172 for channel [id: 0x901638b9, L:/127.0.0.1:49763 - R:localhost/127.0.0.1:50172]
18:28:38.030 [main] DEBUG net.serenitybdd.core.photography.Darkroom - Send negative for processing for target\site\serenity\1427e633559b2669881bd0c059b9584de90e6999af6a0707c031d7c436e8b13e.png
18:28:38.030 [main] DEBUG net.thucydides.core.steps.StepInterceptor - STEP DONE: clickButtonDataPasien
  &amp#27;[32mWhen &amp#27;[0m&amp#27;[32mClick button data pasien&amp#27;[0m                                                &amp#27;[90m# starter.stepdefinitios.PatientDataSteps.clickButtonDataPasien()&amp#27;[0m
18:28:38.030 [Darkroom Processing Line] DEBUG net.serenitybdd.core.photography.DarkroomProcessingLine - Processing screenshot image in /var/screenshots/screenshot-8804005911692496639
18:28:38.030 [Darkroom Processing Line] DEBUG net.serenitybdd.core.photography.DarkroomProcessingLine - Saving screenshot to target\site\serenity\1427e633559b2669881bd0c059b9584de90e6999af6a0707c031d7c436e8b13e.png
18:28:38.837 [AsyncHttpClient-1-1] DEBUG org.asynchttpclient.netty.channel.DefaultChannelPool - Entry count for : http://localhost:50172 : 1
18:28:38.837 [AsyncHttpClient-1-1] DEBUG org.asynchttpclient.netty.channel.DefaultChannelPool - Entry count for : http://localhost:49764 : 1
18:28:39.935 [AsyncHttpClient-1-1] DEBUG org.asynchttpclient.netty.channel.DefaultChannelPool - Entry count for : http://localhost:50172 : 1
18:28:39.935 [AsyncHttpClient-1-1] DEBUG org.asynchttpclient.netty.channel.DefaultChannelPool - Entry count for : http://localhost:49764 : 1
18:28:41.043 [AsyncHttpClient-1-1] DEBUG org.asynchttpclient.netty.channel.DefaultChannelPool - Entry count for : http://localhost:50172 : 1
18:28:41.043 [AsyncHttpClient-1-1] DEBUG org.asynchttpclient.netty.channel.DefaultChannelPool - Entry count for : http://localhost:49764 : 1
18:28:42.143 [AsyncHttpClient-1-1] DEBUG org.asynchttpclient.netty.channel.DefaultChannelPool - Entry count for : http://localhost:50172 : 1
18:28:42.143 [AsyncHttpClient-1-1] DEBUG org.asynchttpclient.netty.channel.DefaultChannelPool - Entry count for : http://localhost:49764 : 1
18:28:43.235 [AsyncHttpClient-1-1] DEBUG org.asynchttpclient.netty.channel.DefaultChannelPool - Entry count for : http://localhost:50172 : 1
18:28:43.235 [AsyncHttpClient-1-1] DEBUG org.asynchttpclient.netty.channel.DefaultChannelPool - Entry count for : http://localhost:49764 : 1
18:28:44.060 [Forwarding screenshot on session e2ca2073bfaacb3571e78d128b09ad2c to remote] DEBUG org.asynchttpclient.netty.request.NettyRequestSender - Using pooled Channel '[id: 0x901638b9, L:/127.0.0.1:49763 - R:localhost/127.0.0.1:50172]' for 'GET' to 'http://localhost:50172/session/e2ca2073bfaacb3571e78d128b09ad2c/screenshot'
18:28:44.060 [Forwarding screenshot on session e2ca2073bfaacb3571e78d128b09ad2c to remote] DEBUG org.asynchttpclient.netty.request.NettyRequestSender - Using open Channel [id: 0x901638b9, L:/127.0.0.1:49763 - R:localhost/127.0.0.1:50172] for GET '/session/e2ca2073bfaacb3571e78d128b09ad2c/screenshot'
18:28:44.203 [AsyncHttpClient-1-7] DEBUG org.asynchttpclient.netty.handler.HttpHandler - 

Request DefaultFullHttpRequest(decodeResult: success, version: HTTP/1.1, content: EmptyByteBufBE)
GET /session/e2ca2073bfaacb3571e78d128b09ad2c/screenshot HTTP/1.1
User-Agent: selenium/4.1.4 (java windows)
Cache-Control: no-cache
Content-Type: application/json; charset=utf-8
host: localhost:50172
accept: */*

Response DefaultHttpResponse(decodeResult: success, version: HTTP/1.1)
HTTP/1.1 200 OK
Content-Type: application/json; charset=utf-8
cache-control: no-cache
content-length: 83448

18:28:44.203 [AsyncHttpClient-1-7] DEBUG org.asynchttpclient.netty.channel.ChannelManager - Adding key: http://localhost:50172 for channel [id: 0x901638b9, L:/127.0.0.1:49763 - R:localhost/127.0.0.1:50172]
18:28:44.205 [main] DEBUG net.serenitybdd.core.photography.Darkroom - Send negative for processing for target\site\serenity\cdc7d6768bd36f67cb5558b84d3f7cdf2498093267c606387c7df8516ad3c364.png
18:28:44.205 [main] DEBUG net.thucydides.core.steps.StepInterceptor - STARTING STEP: PatientDataSteps.clickButtonTambahData - clickButtonTambah
18:28:44.208 [Forwarding findElement on session e2ca2073bfaacb3571e78d128b09ad2c to remote] DEBUG org.asynchttpclient.netty.request.NettyRequestSender - Using pooled Channel '[id: 0x901638b9, L:/127.0.0.1:49763 - R:localhost/127.0.0.1:50172]' for 'POST' to 'http://localhost:50172/session/e2ca2073bfaacb3571e78d128b09ad2c/element'
18:28:44.208 [Forwarding findElement on session e2ca2073bfaacb3571e78d128b09ad2c to remote] DEBUG org.asynchttpclient.netty.request.NettyRequestSender - Using open Channel [id: 0x901638b9, L:/127.0.0.1:49763 - R:localhost/127.0.0.1:50172] for POST '/session/e2ca2073bfaacb3571e78d128b09ad2c/element'
18:28:44.217 [AsyncHttpClient-1-7] DEBUG org.asynchttpclient.netty.handler.HttpHandler - 

Request DefaultHttpRequest(decodeResult: success, version: HTTP/1.1)
POST /session/e2ca2073bfaacb3571e78d128b09ad2c/element HTTP/1.1
User-Agent: selenium/4.1.4 (java windows)
Content-Length: 68
Content-Type: application/json; charset=utf-8
host: localhost:50172
accept: */*

Response DefaultHttpResponse(decodeResult: success, version: HTTP/1.1)
HTTP/1.1 200 OK
Content-Type: application/json; charset=utf-8
cache-control: no-cache
content-length: 88

18:28:44.217 [AsyncHttpClient-1-7] DEBUG org.asynchttpclient.netty.channel.ChannelManager - Adding key: http://localhost:50172 for channel [id: 0x901638b9, L:/127.0.0.1:49763 - R:localhost/127.0.0.1:50172]
18:28:44.218 [Forwarding getElementTagName on session e2ca2073bfaacb3571e78d128b09ad2c to remote] DEBUG org.asynchttpclient.netty.request.NettyRequestSender - Using pooled Channel '[id: 0x901638b9, L:/127.0.0.1:49763 - R:localhost/127.0.0.1:50172]' for 'GET' to 'http://localhost:50172/session/e2ca2073bfaacb3571e78d128b09ad2c/element/7c82ee1c-dce0-476e-b7df-c1c13e3e3f6d/name'
18:28:44.218 [Forwarding getElementTagName on session e2ca2073bfaacb3571e78d128b09ad2c to remote] DEBUG org.asynchttpclient.netty.request.NettyRequestSender - Using open Channel [id: 0x901638b9, L:/127.0.0.1:49763 - R:localhost/127.0.0.1:50172] for GET '/session/e2ca2073bfaacb3571e78d128b09ad2c/element/7c82ee1c-dce0-476e-b7df-c1c13e3e3f6d/name'
18:28:44.222 [AsyncHttpClient-1-7] DEBUG org.asynchttpclient.netty.handler.HttpHandler - 

Request DefaultFullHttpRequest(decodeResult: success, version: HTTP/1.1, content: EmptyByteBufBE)
GET /session/e2ca2073bfaacb3571e78d128b09ad2c/element/7c82ee1c-dce0-476e-b7df-c1c13e3e3f6d/name HTTP/1.1
User-Agent: selenium/4.1.4 (java windows)
Cache-Control: no-cache
Content-Type: application/json; charset=utf-8
host: localhost:50172
accept: */*

Response DefaultHttpResponse(decodeResult: success, version: HTTP/1.1)
HTTP/1.1 200 OK
Content-Type: application/json; charset=utf-8
cache-control: no-cache
content-length: 18

18:28:44.222 [AsyncHttpClient-1-7] DEBUG org.asynchttpclient.netty.channel.ChannelManager - Adding key: http://localhost:50172 for channel [id: 0x901638b9, L:/127.0.0.1:49763 - R:localhost/127.0.0.1:50172]
18:28:44.223 [Forwarding getElementTagName on session e2ca2073bfaacb3571e78d128b09ad2c to remote] DEBUG org.asynchttpclient.netty.request.NettyRequestSender - Using pooled Channel '[id: 0x901638b9, L:/127.0.0.1:49763 - R:localhost/127.0.0.1:50172]' for 'GET' to 'http://localhost:50172/session/e2ca2073bfaacb3571e78d128b09ad2c/element/7c82ee1c-dce0-476e-b7df-c1c13e3e3f6d/name'
18:28:44.223 [Forwarding getElementTagName on session e2ca2073bfaacb3571e78d128b09ad2c to remote] DEBUG org.asynchttpclient.netty.request.NettyRequestSender - Using open Channel [id: 0x901638b9, L:/127.0.0.1:49763 - R:localhost/127.0.0.1:50172] for GET '/session/e2ca2073bfaacb3571e78d128b09ad2c/element/7c82ee1c-dce0-476e-b7df-c1c13e3e3f6d/name'
18:28:44.226 [AsyncHttpClient-1-7] DEBUG org.asynchttpclient.netty.handler.HttpHandler - 

Request DefaultFullHttpRequest(decodeResult: success, version: HTTP/1.1, content: EmptyByteBufBE)
GET /session/e2ca2073bfaacb3571e78d128b09ad2c/element/7c82ee1c-dce0-476e-b7df-c1c13e3e3f6d/name HTTP/1.1
User-Agent: selenium/4.1.4 (java windows)
Cache-Control: no-cache
Content-Type: application/json; charset=utf-8
host: localhost:50172
accept: */*

Response DefaultHttpResponse(decodeResult: success, version: HTTP/1.1)
HTTP/1.1 200 OK
Content-Type: application/json; charset=utf-8
cache-control: no-cache
content-length: 18

18:28:44.226 [AsyncHttpClient-1-7] DEBUG org.asynchttpclient.netty.channel.ChannelManager - Adding key: http://localhost:50172 for channel [id: 0x901638b9, L:/127.0.0.1:49763 - R:localhost/127.0.0.1:50172]
18:28:44.227 [Forwarding isElementEnabled on session e2ca2073bfaacb3571e78d128b09ad2c to remote] DEBUG org.asynchttpclient.netty.request.NettyRequestSender - Using pooled Channel '[id: 0x901638b9, L:/127.0.0.1:49763 - R:localhost/127.0.0.1:50172]' for 'GET' to 'http://localhost:50172/session/e2ca2073bfaacb3571e78d128b09ad2c/element/7c82ee1c-dce0-476e-b7df-c1c13e3e3f6d/enabled'
18:28:44.228 [Forwarding isElementEnabled on session e2ca2073bfaacb3571e78d128b09ad2c to remote] DEBUG org.asynchttpclient.netty.request.NettyRequestSender - Using open Channel [id: 0x901638b9, L:/127.0.0.1:49763 - R:localhost/127.0.0.1:50172] for GET '/session/e2ca2073bfaacb3571e78d128b09ad2c/element/7c82ee1c-dce0-476e-b7df-c1c13e3e3f6d/enabled'
18:28:44.235 [AsyncHttpClient-1-7] DEBUG org.asynchttpclient.netty.handler.HttpHandler - 

Request DefaultFullHttpRequest(decodeResult: success, version: HTTP/1.1, content: EmptyByteBufBE)
GET /session/e2ca2073bfaacb3571e78d128b09ad2c/element/7c82ee1c-dce0-476e-b7df-c1c13e3e3f6d/enabled HTTP/1.1
User-Agent: selenium/4.1.4 (java windows)
Cache-Control: no-cache
Content-Type: application/json; charset=utf-8
host: localhost:50172
accept: */*

Response DefaultHttpResponse(decodeResult: success, version: HTTP/1.1)
HTTP/1.1 200 OK
Content-Type: application/json; charset=utf-8
cache-control: no-cache
content-length: 14

18:28:44.236 [AsyncHttpClient-1-7] DEBUG org.asynchttpclient.netty.channel.ChannelManager - Adding key: http://localhost:50172 for channel [id: 0x901638b9, L:/127.0.0.1:49763 - R:localhost/127.0.0.1:50172]
18:28:44.236 [Forwarding isElementEnabled on session e2ca2073bfaacb3571e78d128b09ad2c to remote] DEBUG org.asynchttpclient.netty.request.NettyRequestSender - Using pooled Channel '[id: 0x901638b9, L:/127.0.0.1:49763 - R:localhost/127.0.0.1:50172]' for 'GET' to 'http://localhost:50172/session/e2ca2073bfaacb3571e78d128b09ad2c/element/7c82ee1c-dce0-476e-b7df-c1c13e3e3f6d/enabled'
18:28:44.236 [Forwarding isElementEnabled on session e2ca2073bfaacb3571e78d128b09ad2c to remote] DEBUG org.asynchttpclient.netty.request.NettyRequestSender - Using open Channel [id: 0x901638b9, L:/127.0.0.1:49763 - R:localhost/127.0.0.1:50172] for GET '/session/e2ca2073bfaacb3571e78d128b09ad2c/element/7c82ee1c-dce0-476e-b7df-c1c13e3e3f6d/enabled'
18:28:44.241 [AsyncHttpClient-1-7] DEBUG org.asynchttpclient.netty.handler.HttpHandler - 

Request DefaultFullHttpRequest(decodeResult: success, version: HTTP/1.1, content: EmptyByteBufBE)
GET /session/e2ca2073bfaacb3571e78d128b09ad2c/element/7c82ee1c-dce0-476e-b7df-c1c13e3e3f6d/enabled HTTP/1.1
User-Agent: selenium/4.1.4 (java windows)
Cache-Control: no-cache
Content-Type: application/json; charset=utf-8
host: localhost:50172
accept: */*

Response DefaultHttpResponse(decodeResult: success, version: HTTP/1.1)
HTTP/1.1 200 OK
Content-Type: application/json; charset=utf-8
cache-control: no-cache
content-length: 14

18:28:44.241 [AsyncHttpClient-1-7] DEBUG org.asynchttpclient.netty.channel.ChannelManager - Adding key: http://localhost:50172 for channel [id: 0x901638b9, L:/127.0.0.1:49763 - R:localhost/127.0.0.1:50172]
18:28:44.243 [Forwarding findElement on session e2ca2073bfaacb3571e78d128b09ad2c to remote] DEBUG org.asynchttpclient.netty.request.NettyRequestSender - Using pooled Channel '[id: 0x901638b9, L:/127.0.0.1:49763 - R:localhost/127.0.0.1:50172]' for 'POST' to 'http://localhost:50172/session/e2ca2073bfaacb3571e78d128b09ad2c/element'
18:28:44.243 [Forwarding findElement on session e2ca2073bfaacb3571e78d128b09ad2c to remote] DEBUG org.asynchttpclient.netty.request.NettyRequestSender - Using open Channel [id: 0x901638b9, L:/127.0.0.1:49763 - R:localhost/127.0.0.1:50172] for POST '/session/e2ca2073bfaacb3571e78d128b09ad2c/element'
18:28:44.249 [AsyncHttpClient-1-7] DEBUG org.asynchttpclient.netty.handler.HttpHandler - 

Request DefaultHttpRequest(decodeResult: success, version: HTTP/1.1)
POST /session/e2ca2073bfaacb3571e78d128b09ad2c/element HTTP/1.1
User-Agent: selenium/4.1.4 (java windows)
Content-Length: 68
Content-Type: application/json; charset=utf-8
host: localhost:50172
accept: */*

Response DefaultHttpResponse(decodeResult: success, version: HTTP/1.1)
HTTP/1.1 200 OK
Content-Type: application/json; charset=utf-8
cache-control: no-cache
content-length: 88

18:28:44.249 [AsyncHttpClient-1-7] DEBUG org.asynchttpclient.netty.channel.ChannelManager - Adding key: http://localhost:50172 for channel [id: 0x901638b9, L:/127.0.0.1:49763 - R:localhost/127.0.0.1:50172]
18:28:44.249 [Forwarding clickElement on session e2ca2073bfaacb3571e78d128b09ad2c to remote] DEBUG org.asynchttpclient.netty.request.NettyRequestSender - Using pooled Channel '[id: 0x901638b9, L:/127.0.0.1:49763 - R:localhost/127.0.0.1:50172]' for 'POST' to 'http://localhost:50172/session/e2ca2073bfaacb3571e78d128b09ad2c/element/7c82ee1c-dce0-476e-b7df-c1c13e3e3f6d/click'
18:28:44.249 [Forwarding clickElement on session e2ca2073bfaacb3571e78d128b09ad2c to remote] DEBUG org.asynchttpclient.netty.request.NettyRequestSender - Using open Channel [id: 0x901638b9, L:/127.0.0.1:49763 - R:localhost/127.0.0.1:50172] for POST '/session/e2ca2073bfaacb3571e78d128b09ad2c/element/7c82ee1c-dce0-476e-b7df-c1c13e3e3f6d/click'
18:28:44.336 [AsyncHttpClient-1-1] DEBUG org.asynchttpclient.netty.channel.DefaultChannelPool - Entry count for : http://localhost:49764 : 1
18:28:44.363 [AsyncHttpClient-1-7] DEBUG org.asynchttpclient.netty.handler.HttpHandler - 

Request DefaultHttpRequest(decodeResult: success, version: HTTP/1.1)
POST /session/e2ca2073bfaacb3571e78d128b09ad2c/element/7c82ee1c-dce0-476e-b7df-c1c13e3e3f6d/click HTTP/1.1
User-Agent: selenium/4.1.4 (java windows)
Content-Length: 50
Content-Type: application/json; charset=utf-8
host: localhost:50172
accept: */*

Response DefaultHttpResponse(decodeResult: success, version: HTTP/1.1)
HTTP/1.1 200 OK
Content-Type: application/json; charset=utf-8
cache-control: no-cache
content-length: 14

18:28:44.363 [AsyncHttpClient-1-7] DEBUG org.asynchttpclient.netty.channel.ChannelManager - Adding key: http://localhost:50172 for channel [id: 0x901638b9, L:/127.0.0.1:49763 - R:localhost/127.0.0.1:50172]
18:28:44.371 [Forwarding screenshot on session e2ca2073bfaacb3571e78d128b09ad2c to remote] DEBUG org.asynchttpclient.netty.request.NettyRequestSender - Using pooled Channel '[id: 0x901638b9, L:/127.0.0.1:49763 - R:localhost/127.0.0.1:50172]' for 'GET' to 'http://localhost:50172/session/e2ca2073bfaacb3571e78d128b09ad2c/screenshot'
18:28:44.371 [Forwarding screenshot on session e2ca2073bfaacb3571e78d128b09ad2c to remote] DEBUG org.asynchttpclient.netty.request.NettyRequestSender - Using open Channel [id: 0x901638b9, L:/127.0.0.1:49763 - R:localhost/127.0.0.1:50172] for GET '/session/e2ca2073bfaacb3571e78d128b09ad2c/screenshot'
18:28:44.519 [AsyncHttpClient-1-7] DEBUG org.asynchttpclient.netty.handler.HttpHandler - 

Request DefaultFullHttpRequest(decodeResult: success, version: HTTP/1.1, content: EmptyByteBufBE)
GET /session/e2ca2073bfaacb3571e78d128b09ad2c/screenshot HTTP/1.1
User-Agent: selenium/4.1.4 (java windows)
Cache-Control: no-cache
Content-Type: application/json; charset=utf-8
host: localhost:50172
accept: */*

Response DefaultHttpResponse(decodeResult: success, version: HTTP/1.1)
HTTP/1.1 200 OK
Content-Type: application/json; charset=utf-8
cache-control: no-cache
content-length: 44800

18:28:44.519 [AsyncHttpClient-1-7] DEBUG org.asynchttpclient.netty.channel.ChannelManager - Adding key: http://localhost:50172 for channel [id: 0x901638b9, L:/127.0.0.1:49763 - R:localhost/127.0.0.1:50172]
18:28:44.521 [main] DEBUG net.serenitybdd.core.photography.Darkroom - Send negative for processing for target\site\serenity\9c82b9b38a695ffa4fd8253a749c65cc43444915f5d51c363969de05270db0c1.png
18:28:44.521 [main] DEBUG net.thucydides.core.steps.StepInterceptor - STEP DONE: clickButtonTambah
  &amp#27;[32mAnd &amp#27;[0m&amp#27;[32mClick button tambah data&amp#27;[0m                                                 &amp#27;[90m# starter.stepdefinitios.PatientDataSteps.clickButtonTambahData()&amp#27;[0m
18:28:44.521 [Darkroom Processing Line] DEBUG net.serenitybdd.core.photography.DarkroomProcessingLine - Processing screenshot image in /var/screenshots/screenshot-12323513473194755796
18:28:44.521 [Darkroom Processing Line] DEBUG net.serenitybdd.core.photography.DarkroomProcessingLine - Saving screenshot to target\site\serenity\9c82b9b38a695ffa4fd8253a749c65cc43444915f5d51c363969de05270db0c1.png
18:28:45.442 [AsyncHttpClient-1-1] DEBUG org.asynchttpclient.netty.channel.DefaultChannelPool - Entry count for : http://localhost:50172 : 1
18:28:45.442 [AsyncHttpClient-1-1] DEBUG org.asynchttpclient.netty.channel.DefaultChannelPool - Entry count for : http://localhost:49764 : 1
18:28:45.546 [Forwarding screenshot on session e2ca2073bfaacb3571e78d128b09ad2c to remote] DEBUG org.asynchttpclient.netty.request.NettyRequestSender - Using pooled Channel '[id: 0x901638b9, L:/127.0.0.1:49763 - R:localhost/127.0.0.1:50172]' for 'GET' to 'http://localhost:50172/session/e2ca2073bfaacb3571e78d128b09ad2c/screenshot'
18:28:45.546 [Forwarding screenshot on session e2ca2073bfaacb3571e78d128b09ad2c to remote] DEBUG org.asynchttpclient.netty.request.NettyRequestSender - Using open Channel [id: 0x901638b9, L:/127.0.0.1:49763 - R:localhost/127.0.0.1:50172] for GET '/session/e2ca2073bfaacb3571e78d128b09ad2c/screenshot'
18:28:45.762 [AsyncHttpClient-1-7] DEBUG org.asynchttpclient.netty.handler.HttpHandler - 

Request DefaultFullHttpRequest(decodeResult: success, version: HTTP/1.1, content: EmptyByteBufBE)
GET /session/e2ca2073bfaacb3571e78d128b09ad2c/screenshot HTTP/1.1
User-Agent: selenium/4.1.4 (java windows)
Cache-Control: no-cache
Content-Type: application/json; charset=utf-8
host: localhost:50172
accept: */*

Response DefaultHttpResponse(decodeResult: success, version: HTTP/1.1)
HTTP/1.1 200 OK
Content-Type: application/json; charset=utf-8
cache-control: no-cache
content-length: 211452

18:28:45.762 [AsyncHttpClient-1-7] DEBUG org.asynchttpclient.netty.channel.ChannelManager - Adding key: http://localhost:50172 for channel [id: 0x901638b9, L:/127.0.0.1:49763 - R:localhost/127.0.0.1:50172]
18:28:45.767 [main] DEBUG net.serenitybdd.core.photography.Darkroom - Send negative for processing for target\site\serenity\a5fa98bf98cbd986e6ca0a0e3ce52453ecee20ea68ae0652dba2bf9c8895fccf.png
18:28:45.767 [main] DEBUG net.thucydides.core.steps.StepInterceptor - STARTING STEP: PatientDataSteps.iInput - inputDataPasien
18:28:45.767 [Darkroom Processing Line] DEBUG net.serenitybdd.core.photography.DarkroomProcessingLine - Processing screenshot image in /var/screenshots/screenshot-9174064685579066674
18:28:45.767 [Darkroom Processing Line] DEBUG net.serenitybdd.core.photography.DarkroomProcessingLine - Saving screenshot to target\site\serenity\a5fa98bf98cbd986e6ca0a0e3ce52453ecee20ea68ae0652dba2bf9c8895fccf.png
18:28:45.769 [Forwarding findElement on session e2ca2073bfaacb3571e78d128b09ad2c to remote] DEBUG org.asynchttpclient.netty.request.NettyRequestSender - Using pooled Channel '[id: 0x901638b9, L:/127.0.0.1:49763 - R:localhost/127.0.0.1:50172]' for 'POST' to 'http://localhost:50172/session/e2ca2073bfaacb3571e78d128b09ad2c/element'
18:28:45.769 [Forwarding findElement on session e2ca2073bfaacb3571e78d128b09ad2c to remote] DEBUG org.asynchttpclient.netty.request.NettyRequestSender - Using open Channel [id: 0x901638b9, L:/127.0.0.1:49763 - R:localhost/127.0.0.1:50172] for POST '/session/e2ca2073bfaacb3571e78d128b09ad2c/element'
18:28:45.778 [AsyncHttpClient-1-7] DEBUG org.asynchttpclient.netty.handler.HttpHandler - 

Request DefaultHttpRequest(decodeResult: success, version: HTTP/1.1)
POST /session/e2ca2073bfaacb3571e78d128b09ad2c/element HTTP/1.1
User-Agent: selenium/4.1.4 (java windows)
Content-Length: 72
Content-Type: application/json; charset=utf-8
host: localhost:50172
accept: */*

Response DefaultHttpResponse(decodeResult: success, version: HTTP/1.1)
HTTP/1.1 200 OK
Content-Type: application/json; charset=utf-8
cache-control: no-cache
content-length: 88

18:28:45.778 [AsyncHttpClient-1-7] DEBUG org.asynchttpclient.netty.channel.ChannelManager - Adding key: http://localhost:50172 for channel [id: 0x901638b9, L:/127.0.0.1:49763 - R:localhost/127.0.0.1:50172]
18:28:45.779 [Forwarding sendKeysToElement on session e2ca2073bfaacb3571e78d128b09ad2c to remote] DEBUG org.asynchttpclient.netty.request.NettyRequestSender - Using pooled Channel '[id: 0x901638b9, L:/127.0.0.1:49763 - R:localhost/127.0.0.1:50172]' for 'POST' to 'http://localhost:50172/session/e2ca2073bfaacb3571e78d128b09ad2c/element/e24b1744-a2e6-4334-b37f-e43925354b53/value'
18:28:45.779 [Forwarding sendKeysToElement on session e2ca2073bfaacb3571e78d128b09ad2c to remote] DEBUG org.asynchttpclient.netty.request.NettyRequestSender - Using open Channel [id: 0x901638b9, L:/127.0.0.1:49763 - R:localhost/127.0.0.1:50172] for POST '/session/e2ca2073bfaacb3571e78d128b09ad2c/element/e24b1744-a2e6-4334-b37f-e43925354b53/value'
18:28:45.913 [AsyncHttpClient-1-7] DEBUG org.asynchttpclient.netty.handler.HttpHandler - 

Request DefaultHttpRequest(decodeResult: success, version: HTTP/1.1)
POST /session/e2ca2073bfaacb3571e78d128b09ad2c/element/e24b1744-a2e6-4334-b37f-e43925354b53/value HTTP/1.1
User-Agent: selenium/4.1.4 (java windows)
Content-Length: 131
Content-Type: application/json; charset=utf-8
host: localhost:50172
accept: */*

Response DefaultHttpResponse(decodeResult: success, version: HTTP/1.1)
HTTP/1.1 200 OK
Content-Type: application/json; charset=utf-8
cache-control: no-cache
content-length: 14

18:28:45.913 [AsyncHttpClient-1-7] DEBUG org.asynchttpclient.netty.channel.ChannelManager - Adding key: http://localhost:50172 for channel [id: 0x901638b9, L:/127.0.0.1:49763 - R:localhost/127.0.0.1:50172]
18:28:45.914 [Forwarding findElement on session e2ca2073bfaacb3571e78d128b09ad2c to remote] DEBUG org.asynchttpclient.netty.request.NettyRequestSender - Using pooled Channel '[id: 0x901638b9, L:/127.0.0.1:49763 - R:localhost/127.0.0.1:50172]' for 'POST' to 'http://localhost:50172/session/e2ca2073bfaacb3571e78d128b09ad2c/element'
18:28:45.914 [Forwarding findElement on session e2ca2073bfaacb3571e78d128b09ad2c to remote] DEBUG org.asynchttpclient.netty.request.NettyRequestSender - Using open Channel [id: 0x901638b9, L:/127.0.0.1:49763 - R:localhost/127.0.0.1:50172] for POST '/session/e2ca2073bfaacb3571e78d128b09ad2c/element'
18:28:45.924 [AsyncHttpClient-1-7] DEBUG org.asynchttpclient.netty.handler.HttpHandler - 

Request DefaultHttpRequest(decodeResult: success, version: HTTP/1.1)
POST /session/e2ca2073bfaacb3571e78d128b09ad2c/element HTTP/1.1
User-Agent: selenium/4.1.4 (java windows)
Content-Length: 65
Content-Type: application/json; charset=utf-8
host: localhost:50172
accept: */*

Response DefaultHttpResponse(decodeResult: success, version: HTTP/1.1)
HTTP/1.1 200 OK
Content-Type: application/json; charset=utf-8
cache-control: no-cache
content-length: 88

18:28:45.924 [AsyncHttpClient-1-7] DEBUG org.asynchttpclient.netty.channel.ChannelManager - Adding key: http://localhost:50172 for channel [id: 0x901638b9, L:/127.0.0.1:49763 - R:localhost/127.0.0.1:50172]
18:28:45.925 [Forwarding sendKeysToElement on session e2ca2073bfaacb3571e78d128b09ad2c to remote] DEBUG org.asynchttpclient.netty.request.NettyRequestSender - Using pooled Channel '[id: 0x901638b9, L:/127.0.0.1:49763 - R:localhost/127.0.0.1:50172]' for 'POST' to 'http://localhost:50172/session/e2ca2073bfaacb3571e78d128b09ad2c/element/1c56a779-790c-48e2-b39a-db10fdeffa23/value'
18:28:45.925 [Forwarding sendKeysToElement on session e2ca2073bfaacb3571e78d128b09ad2c to remote] DEBUG org.asynchttpclient.netty.request.NettyRequestSender - Using open Channel [id: 0x901638b9, L:/127.0.0.1:49763 - R:localhost/127.0.0.1:50172] for POST '/session/e2ca2073bfaacb3571e78d128b09ad2c/element/1c56a779-790c-48e2-b39a-db10fdeffa23/value'
18:28:45.972 [AsyncHttpClient-1-7] DEBUG org.asynchttpclient.netty.handler.HttpHandler - 

Request DefaultHttpRequest(decodeResult: success, version: HTTP/1.1)
POST /session/e2ca2073bfaacb3571e78d128b09ad2c/element/1c56a779-790c-48e2-b39a-db10fdeffa23/value HTTP/1.1
User-Agent: selenium/4.1.4 (java windows)
Content-Length: 82
Content-Type: application/json; charset=utf-8
host: localhost:50172
accept: */*

Response DefaultHttpResponse(decodeResult: success, version: HTTP/1.1)
HTTP/1.1 200 OK
Content-Type: application/json; charset=utf-8
cache-control: no-cache
content-length: 14

18:28:45.972 [AsyncHttpClient-1-7] DEBUG org.asynchttpclient.netty.channel.ChannelManager - Adding key: http://localhost:50172 for channel [id: 0x901638b9, L:/127.0.0.1:49763 - R:localhost/127.0.0.1:50172]
18:28:45.975 [Forwarding findElement on session e2ca2073bfaacb3571e78d128b09ad2c to remote] DEBUG org.asynchttpclient.netty.request.NettyRequestSender - Using pooled Channel '[id: 0x901638b9, L:/127.0.0.1:49763 - R:localhost/127.0.0.1:50172]' for 'POST' to 'http://localhost:50172/session/e2ca2073bfaacb3571e78d128b09ad2c/element'
18:28:45.975 [Forwarding findElement on session e2ca2073bfaacb3571e78d128b09ad2c to remote] DEBUG org.asynchttpclient.netty.request.NettyRequestSender - Using open Channel [id: 0x901638b9, L:/127.0.0.1:49763 - R:localhost/127.0.0.1:50172] for POST '/session/e2ca2073bfaacb3571e78d128b09ad2c/element'
18:28:45.987 [AsyncHttpClient-1-7] DEBUG org.asynchttpclient.netty.handler.HttpHandler - 

Request DefaultHttpRequest(decodeResult: success, version: HTTP/1.1)
POST /session/e2ca2073bfaacb3571e78d128b09ad2c/element HTTP/1.1
User-Agent: selenium/4.1.4 (java windows)
Content-Length: 66
Content-Type: application/json; charset=utf-8
host: localhost:50172
accept: */*

Response DefaultHttpResponse(decodeResult: success, version: HTTP/1.1)
HTTP/1.1 200 OK
Content-Type: application/json; charset=utf-8
cache-control: no-cache
content-length: 88

18:28:45.987 [AsyncHttpClient-1-7] DEBUG org.asynchttpclient.netty.channel.ChannelManager - Adding key: http://localhost:50172 for channel [id: 0x901638b9, L:/127.0.0.1:49763 - R:localhost/127.0.0.1:50172]
18:28:45.988 [Forwarding sendKeysToElement on session e2ca2073bfaacb3571e78d128b09ad2c to remote] DEBUG org.asynchttpclient.netty.request.NettyRequestSender - Using pooled Channel '[id: 0x901638b9, L:/127.0.0.1:49763 - R:localhost/127.0.0.1:50172]' for 'POST' to 'http://localhost:50172/session/e2ca2073bfaacb3571e78d128b09ad2c/element/4a026434-b841-4264-965f-2831253901ff/value'
18:28:45.988 [Forwarding sendKeysToElement on session e2ca2073bfaacb3571e78d128b09ad2c to remote] DEBUG org.asynchttpclient.netty.request.NettyRequestSender - Using open Channel [id: 0x901638b9, L:/127.0.0.1:49763 - R:localhost/127.0.0.1:50172] for POST '/session/e2ca2073bfaacb3571e78d128b09ad2c/element/4a026434-b841-4264-965f-2831253901ff/value'
18:28:46.058 [AsyncHttpClient-1-7] DEBUG org.asynchttpclient.netty.handler.HttpHandler - 

Request DefaultHttpRequest(decodeResult: success, version: HTTP/1.1)
POST /session/e2ca2073bfaacb3571e78d128b09ad2c/element/4a026434-b841-4264-965f-2831253901ff/value HTTP/1.1
User-Agent: selenium/4.1.4 (java windows)
Content-Length: 101
Content-Type: application/json; charset=utf-8
host: localhost:50172
accept: */*

Response DefaultHttpResponse(decodeResult: success, version: HTTP/1.1)
HTTP/1.1 200 OK
Content-Type: application/json; charset=utf-8
cache-control: no-cache
content-length: 14

18:28:46.058 [AsyncHttpClient-1-7] DEBUG org.asynchttpclient.netty.channel.ChannelManager - Adding key: http://localhost:50172 for channel [id: 0x901638b9, L:/127.0.0.1:49763 - R:localhost/127.0.0.1:50172]
18:28:46.058 [Forwarding findElement on session e2ca2073bfaacb3571e78d128b09ad2c to remote] DEBUG org.asynchttpclient.netty.request.NettyRequestSender - Using pooled Channel '[id: 0x901638b9, L:/127.0.0.1:49763 - R:localhost/127.0.0.1:50172]' for 'POST' to 'http://localhost:50172/session/e2ca2073bfaacb3571e78d128b09ad2c/element'
18:28:46.058 [Forwarding findElement on session e2ca2073bfaacb3571e78d128b09ad2c to remote] DEBUG org.asynchttpclient.netty.request.NettyRequestSender - Using open Channel [id: 0x901638b9, L:/127.0.0.1:49763 - R:localhost/127.0.0.1:50172] for POST '/session/e2ca2073bfaacb3571e78d128b09ad2c/element'
18:28:46.073 [AsyncHttpClient-1-7] DEBUG org.asynchttpclient.netty.handler.HttpHandler - 

Request DefaultHttpRequest(decodeResult: success, version: HTTP/1.1)
POST /session/e2ca2073bfaacb3571e78d128b09ad2c/element HTTP/1.1
User-Agent: selenium/4.1.4 (java windows)
Content-Length: 66
Content-Type: application/json; charset=utf-8
host: localhost:50172
accept: */*

Response DefaultHttpResponse(decodeResult: success, version: HTTP/1.1)
HTTP/1.1 200 OK
Content-Type: application/json; charset=utf-8
cache-control: no-cache
content-length: 88

18:28:46.073 [AsyncHttpClient-1-7] DEBUG org.asynchttpclient.netty.channel.ChannelManager - Adding key: http://localhost:50172 for channel [id: 0x901638b9, L:/127.0.0.1:49763 - R:localhost/127.0.0.1:50172]
18:28:46.073 [Forwarding sendKeysToElement on session e2ca2073bfaacb3571e78d128b09ad2c to remote] DEBUG org.asynchttpclient.netty.request.NettyRequestSender - Using pooled Channel '[id: 0x901638b9, L:/127.0.0.1:49763 - R:localhost/127.0.0.1:50172]' for 'POST' to 'http://localhost:50172/session/e2ca2073bfaacb3571e78d128b09ad2c/element/4d8f983b-16e4-4fef-bfc3-1094c2b104e6/value'
18:28:46.073 [Forwarding sendKeysToElement on session e2ca2073bfaacb3571e78d128b09ad2c to remote] DEBUG org.asynchttpclient.netty.request.NettyRequestSender - Using open Channel [id: 0x901638b9, L:/127.0.0.1:49763 - R:localhost/127.0.0.1:50172] for POST '/session/e2ca2073bfaacb3571e78d128b09ad2c/element/4d8f983b-16e4-4fef-bfc3-1094c2b104e6/value'
18:28:46.253 [AsyncHttpClient-1-7] DEBUG org.asynchttpclient.netty.handler.HttpHandler - 

Request DefaultHttpRequest(decodeResult: success, version: HTTP/1.1)
POST /session/e2ca2073bfaacb3571e78d128b09ad2c/element/4d8f983b-16e4-4fef-bfc3-1094c2b104e6/value HTTP/1.1
User-Agent: selenium/4.1.4 (java windows)
Content-Length: 191
Content-Type: application/json; charset=utf-8
host: localhost:50172
accept: */*

Response DefaultHttpResponse(decodeResult: success, version: HTTP/1.1)
HTTP/1.1 200 OK
Content-Type: application/json; charset=utf-8
cache-control: no-cache
content-length: 14

18:28:46.253 [AsyncHttpClient-1-7] DEBUG org.asynchttpclient.netty.channel.ChannelManager - Adding key: http://localhost:50172 for channel [id: 0x901638b9, L:/127.0.0.1:49763 - R:localhost/127.0.0.1:50172]
18:28:46.254 [Forwarding findElement on session e2ca2073bfaacb3571e78d128b09ad2c to remote] DEBUG org.asynchttpclient.netty.request.NettyRequestSender - Using pooled Channel '[id: 0x901638b9, L:/127.0.0.1:49763 - R:localhost/127.0.0.1:50172]' for 'POST' to 'http://localhost:50172/session/e2ca2073bfaacb3571e78d128b09ad2c/element'
18:28:46.254 [Forwarding findElement on session e2ca2073bfaacb3571e78d128b09ad2c to remote] DEBUG org.asynchttpclient.netty.request.NettyRequestSender - Using open Channel [id: 0x901638b9, L:/127.0.0.1:49763 - R:localhost/127.0.0.1:50172] for POST '/session/e2ca2073bfaacb3571e78d128b09ad2c/element'
18:28:46.266 [AsyncHttpClient-1-7] DEBUG org.asynchttpclient.netty.handler.HttpHandler - 

Request DefaultHttpRequest(decodeResult: success, version: HTTP/1.1)
POST /session/e2ca2073bfaacb3571e78d128b09ad2c/element HTTP/1.1
User-Agent: selenium/4.1.4 (java windows)
Content-Length: 68
Content-Type: application/json; charset=utf-8
host: localhost:50172
accept: */*

Response DefaultHttpResponse(decodeResult: success, version: HTTP/1.1)
HTTP/1.1 200 OK
Content-Type: application/json; charset=utf-8
cache-control: no-cache
content-length: 88

18:28:46.266 [AsyncHttpClient-1-7] DEBUG org.asynchttpclient.netty.channel.ChannelManager - Adding key: http://localhost:50172 for channel [id: 0x901638b9, L:/127.0.0.1:49763 - R:localhost/127.0.0.1:50172]
18:28:46.267 [Forwarding sendKeysToElement on session e2ca2073bfaacb3571e78d128b09ad2c to remote] DEBUG org.asynchttpclient.netty.request.NettyRequestSender - Using pooled Channel '[id: 0x901638b9, L:/127.0.0.1:49763 - R:localhost/127.0.0.1:50172]' for 'POST' to 'http://localhost:50172/session/e2ca2073bfaacb3571e78d128b09ad2c/element/096eba22-96c0-46ea-9dcd-65915caf265c/value'
18:28:46.267 [Forwarding sendKeysToElement on session e2ca2073bfaacb3571e78d128b09ad2c to remote] DEBUG org.asynchttpclient.netty.request.NettyRequestSender - Using open Channel [id: 0x901638b9, L:/127.0.0.1:49763 - R:localhost/127.0.0.1:50172] for POST '/session/e2ca2073bfaacb3571e78d128b09ad2c/element/096eba22-96c0-46ea-9dcd-65915caf265c/value'
18:28:46.428 [AsyncHttpClient-1-7] DEBUG org.asynchttpclient.netty.handler.HttpHandler - 

Request DefaultHttpRequest(decodeResult: success, version: HTTP/1.1)
POST /session/e2ca2073bfaacb3571e78d128b09ad2c/element/096eba22-96c0-46ea-9dcd-65915caf265c/value HTTP/1.1
User-Agent: selenium/4.1.4 (java windows)
Content-Length: 171
Content-Type: application/json; charset=utf-8
host: localhost:50172
accept: */*

Response DefaultHttpResponse(decodeResult: success, version: HTTP/1.1)
HTTP/1.1 200 OK
Content-Type: application/json; charset=utf-8
cache-control: no-cache
content-length: 14

18:28:46.428 [AsyncHttpClient-1-7] DEBUG org.asynchttpclient.netty.channel.ChannelManager - Adding key: http://localhost:50172 for channel [id: 0x901638b9, L:/127.0.0.1:49763 - R:localhost/127.0.0.1:50172]
18:28:46.433 [Forwarding screenshot on session e2ca2073bfaacb3571e78d128b09ad2c to remote] DEBUG org.asynchttpclient.netty.request.NettyRequestSender - Using pooled Channel '[id: 0x901638b9, L:/127.0.0.1:49763 - R:localhost/127.0.0.1:50172]' for 'GET' to 'http://localhost:50172/session/e2ca2073bfaacb3571e78d128b09ad2c/screenshot'
18:28:46.433 [Forwarding screenshot on session e2ca2073bfaacb3571e78d128b09ad2c to remote] DEBUG org.asynchttpclient.netty.request.NettyRequestSender - Using open Channel [id: 0x901638b9, L:/127.0.0.1:49763 - R:localhost/127.0.0.1:50172] for GET '/session/e2ca2073bfaacb3571e78d128b09ad2c/screenshot'
18:28:46.543 [AsyncHttpClient-1-1] DEBUG org.asynchttpclient.netty.channel.DefaultChannelPool - Entry count for : http://localhost:49764 : 1
18:28:46.748 [AsyncHttpClient-1-7] DEBUG org.asynchttpclient.netty.handler.HttpHandler - 

Request DefaultFullHttpRequest(decodeResult: success, version: HTTP/1.1, content: EmptyByteBufBE)
GET /session/e2ca2073bfaacb3571e78d128b09ad2c/screenshot HTTP/1.1
User-Agent: selenium/4.1.4 (java windows)
Cache-Control: no-cache
Content-Type: application/json; charset=utf-8
host: localhost:50172
accept: */*

Response DefaultHttpResponse(decodeResult: success, version: HTTP/1.1)
HTTP/1.1 200 OK
Content-Type: application/json; charset=utf-8
cache-control: no-cache
content-length: 289052

18:28:46.748 [AsyncHttpClient-1-7] DEBUG org.asynchttpclient.netty.channel.ChannelManager - Adding key: http://localhost:50172 for channel [id: 0x901638b9, L:/127.0.0.1:49763 - R:localhost/127.0.0.1:50172]
18:28:46.755 [main] DEBUG net.serenitybdd.core.photography.Darkroom - Send negative for processing for target\site\serenity\34a7a1ae37b98cf0686d8f92c38e3e3ae2069e3fc2276ae1122fa50ebb183b73.png
18:28:46.755 [main] DEBUG net.thucydides.core.steps.StepInterceptor - STEP DONE: inputDataPasien
  &amp#27;[32mAnd &amp#27;[0m&amp#27;[32mI input &amp#27;[0m&amp#27;[32m&amp#27;[1m"Bagas"&amp#27;[0m&amp#27;[32m &amp#27;[0m&amp#27;[32m&amp#27;[1m""&amp#27;[0m&amp#27;[32m &amp#27;[0m&amp#27;[32m&amp#27;[1m"11"&amp#27;[0m&amp#27;[32m &amp#27;[0m&amp#27;[32m&amp#27;[1m"01294657612"&amp#27;[0m&amp#27;[32m &amp#27;[0m&amp#27;[32m&amp#27;[1m"perumahan"&amp#27;[0m&amp#27;[32m patient&amp#27;[0m                &amp#27;[90m# starter.stepdefinitios.PatientDataSteps.iInput(java.lang.String,java.lang.String,java.lang.String,java.lang.String,java.lang.String)&amp#27;[0m
18:28:46.755 [Darkroom Processing Line] DEBUG net.serenitybdd.core.photography.DarkroomProcessingLine - Processing screenshot image in /var/screenshots/screenshot-7752114731280321973
18:28:46.755 [Darkroom Processing Line] DEBUG net.serenitybdd.core.photography.DarkroomProcessingLine - Saving screenshot to target\site\serenity\34a7a1ae37b98cf0686d8f92c38e3e3ae2069e3fc2276ae1122fa50ebb183b73.png
18:28:46.766 [main] DEBUG net.thucydides.core.steps.StepInterceptor - STARTING STEP: PatientDataSteps.iClickButtonJenisKelamin - clickLaki
18:28:46.766 [Forwarding findElement on session e2ca2073bfaacb3571e78d128b09ad2c to remote] DEBUG org.asynchttpclient.netty.request.NettyRequestSender - Using pooled Channel '[id: 0x901638b9, L:/127.0.0.1:49763 - R:localhost/127.0.0.1:50172]' for 'POST' to 'http://localhost:50172/session/e2ca2073bfaacb3571e78d128b09ad2c/element'
18:28:46.766 [Forwarding findElement on session e2ca2073bfaacb3571e78d128b09ad2c to remote] DEBUG org.asynchttpclient.netty.request.NettyRequestSender - Using open Channel [id: 0x901638b9, L:/127.0.0.1:49763 - R:localhost/127.0.0.1:50172] for POST '/session/e2ca2073bfaacb3571e78d128b09ad2c/element'
18:28:46.783 [AsyncHttpClient-1-7] DEBUG org.asynchttpclient.netty.handler.HttpHandler - 

Request DefaultHttpRequest(decodeResult: success, version: HTTP/1.1)
POST /session/e2ca2073bfaacb3571e78d128b09ad2c/element HTTP/1.1
User-Agent: selenium/4.1.4 (java windows)
Content-Length: 182
Content-Type: application/json; charset=utf-8
host: localhost:50172
accept: */*

Response DefaultHttpResponse(decodeResult: success, version: HTTP/1.1)
HTTP/1.1 200 OK
Content-Type: application/json; charset=utf-8
cache-control: no-cache
content-length: 88

18:28:46.783 [AsyncHttpClient-1-7] DEBUG org.asynchttpclient.netty.channel.ChannelManager - Adding key: http://localhost:50172 for channel [id: 0x901638b9, L:/127.0.0.1:49763 - R:localhost/127.0.0.1:50172]
18:28:46.784 [Forwarding getElementTagName on session e2ca2073bfaacb3571e78d128b09ad2c to remote] DEBUG org.asynchttpclient.netty.request.NettyRequestSender - Using pooled Channel '[id: 0x901638b9, L:/127.0.0.1:49763 - R:localhost/127.0.0.1:50172]' for 'GET' to 'http://localhost:50172/session/e2ca2073bfaacb3571e78d128b09ad2c/element/5767eff7-2053-4a86-8068-92f46f73fa28/name'
18:28:46.784 [Forwarding getElementTagName on session e2ca2073bfaacb3571e78d128b09ad2c to remote] DEBUG org.asynchttpclient.netty.request.NettyRequestSender - Using open Channel [id: 0x901638b9, L:/127.0.0.1:49763 - R:localhost/127.0.0.1:50172] for GET '/session/e2ca2073bfaacb3571e78d128b09ad2c/element/5767eff7-2053-4a86-8068-92f46f73fa28/name'
18:28:46.789 [AsyncHttpClient-1-7] DEBUG org.asynchttpclient.netty.handler.HttpHandler - 

Request DefaultFullHttpRequest(decodeResult: success, version: HTTP/1.1, content: EmptyByteBufBE)
GET /session/e2ca2073bfaacb3571e78d128b09ad2c/element/5767eff7-2053-4a86-8068-92f46f73fa28/name HTTP/1.1
User-Agent: selenium/4.1.4 (java windows)
Cache-Control: no-cache
Content-Type: application/json; charset=utf-8
host: localhost:50172
accept: */*

Response DefaultHttpResponse(decodeResult: success, version: HTTP/1.1)
HTTP/1.1 200 OK
Content-Type: application/json; charset=utf-8
cache-control: no-cache
content-length: 16

18:28:46.789 [AsyncHttpClient-1-7] DEBUG org.asynchttpclient.netty.channel.ChannelManager - Adding key: http://localhost:50172 for channel [id: 0x901638b9, L:/127.0.0.1:49763 - R:localhost/127.0.0.1:50172]
18:28:46.790 [Forwarding getElementTagName on session e2ca2073bfaacb3571e78d128b09ad2c to remote] DEBUG org.asynchttpclient.netty.request.NettyRequestSender - Using pooled Channel '[id: 0x901638b9, L:/127.0.0.1:49763 - R:localhost/127.0.0.1:50172]' for 'GET' to 'http://localhost:50172/session/e2ca2073bfaacb3571e78d128b09ad2c/element/5767eff7-2053-4a86-8068-92f46f73fa28/name'
18:28:46.790 [Forwarding getElementTagName on session e2ca2073bfaacb3571e78d128b09ad2c to remote] DEBUG org.asynchttpclient.netty.request.NettyRequestSender - Using open Channel [id: 0x901638b9, L:/127.0.0.1:49763 - R:localhost/127.0.0.1:50172] for GET '/session/e2ca2073bfaacb3571e78d128b09ad2c/element/5767eff7-2053-4a86-8068-92f46f73fa28/name'
18:28:46.793 [AsyncHttpClient-1-7] DEBUG org.asynchttpclient.netty.handler.HttpHandler - 

Request DefaultFullHttpRequest(decodeResult: success, version: HTTP/1.1, content: EmptyByteBufBE)
GET /session/e2ca2073bfaacb3571e78d128b09ad2c/element/5767eff7-2053-4a86-8068-92f46f73fa28/name HTTP/1.1
User-Agent: selenium/4.1.4 (java windows)
Cache-Control: no-cache
Content-Type: application/json; charset=utf-8
host: localhost:50172
accept: */*

Response DefaultHttpResponse(decodeResult: success, version: HTTP/1.1)
HTTP/1.1 200 OK
Content-Type: application/json; charset=utf-8
cache-control: no-cache
content-length: 16

18:28:46.794 [AsyncHttpClient-1-7] DEBUG org.asynchttpclient.netty.channel.ChannelManager - Adding key: http://localhost:50172 for channel [id: 0x901638b9, L:/127.0.0.1:49763 - R:localhost/127.0.0.1:50172]
18:28:46.795 [Forwarding findElement on session e2ca2073bfaacb3571e78d128b09ad2c to remote] DEBUG org.asynchttpclient.netty.request.NettyRequestSender - Using pooled Channel '[id: 0x901638b9, L:/127.0.0.1:49763 - R:localhost/127.0.0.1:50172]' for 'POST' to 'http://localhost:50172/session/e2ca2073bfaacb3571e78d128b09ad2c/element'
18:28:46.795 [Forwarding findElement on session e2ca2073bfaacb3571e78d128b09ad2c to remote] DEBUG org.asynchttpclient.netty.request.NettyRequestSender - Using open Channel [id: 0x901638b9, L:/127.0.0.1:49763 - R:localhost/127.0.0.1:50172] for POST '/session/e2ca2073bfaacb3571e78d128b09ad2c/element'
18:28:46.802 [AsyncHttpClient-1-7] DEBUG org.asynchttpclient.netty.handler.HttpHandler - 

Request DefaultHttpRequest(decodeResult: success, version: HTTP/1.1)
POST /session/e2ca2073bfaacb3571e78d128b09ad2c/element HTTP/1.1
User-Agent: selenium/4.1.4 (java windows)
Content-Length: 182
Content-Type: application/json; charset=utf-8
host: localhost:50172
accept: */*

Response DefaultHttpResponse(decodeResult: success, version: HTTP/1.1)
HTTP/1.1 200 OK
Content-Type: application/json; charset=utf-8
cache-control: no-cache
content-length: 88

18:28:46.802 [AsyncHttpClient-1-7] DEBUG org.asynchttpclient.netty.channel.ChannelManager - Adding key: http://localhost:50172 for channel [id: 0x901638b9, L:/127.0.0.1:49763 - R:localhost/127.0.0.1:50172]
18:28:46.803 [Forwarding clickElement on session e2ca2073bfaacb3571e78d128b09ad2c to remote] DEBUG org.asynchttpclient.netty.request.NettyRequestSender - Using pooled Channel '[id: 0x901638b9, L:/127.0.0.1:49763 - R:localhost/127.0.0.1:50172]' for 'POST' to 'http://localhost:50172/session/e2ca2073bfaacb3571e78d128b09ad2c/element/5767eff7-2053-4a86-8068-92f46f73fa28/click'
18:28:46.803 [Forwarding clickElement on session e2ca2073bfaacb3571e78d128b09ad2c to remote] DEBUG org.asynchttpclient.netty.request.NettyRequestSender - Using open Channel [id: 0x901638b9, L:/127.0.0.1:49763 - R:localhost/127.0.0.1:50172] for POST '/session/e2ca2073bfaacb3571e78d128b09ad2c/element/5767eff7-2053-4a86-8068-92f46f73fa28/click'
18:28:46.855 [AsyncHttpClient-1-7] DEBUG org.asynchttpclient.netty.handler.HttpHandler - 

Request DefaultHttpRequest(decodeResult: success, version: HTTP/1.1)
POST /session/e2ca2073bfaacb3571e78d128b09ad2c/element/5767eff7-2053-4a86-8068-92f46f73fa28/click HTTP/1.1
User-Agent: selenium/4.1.4 (java windows)
Content-Length: 50
Content-Type: application/json; charset=utf-8
host: localhost:50172
accept: */*

Response DefaultHttpResponse(decodeResult: success, version: HTTP/1.1)
HTTP/1.1 200 OK
Content-Type: application/json; charset=utf-8
cache-control: no-cache
content-length: 14

18:28:46.855 [AsyncHttpClient-1-7] DEBUG org.asynchttpclient.netty.channel.ChannelManager - Adding key: http://localhost:50172 for channel [id: 0x901638b9, L:/127.0.0.1:49763 - R:localhost/127.0.0.1:50172]
18:28:46.861 [Forwarding screenshot on session e2ca2073bfaacb3571e78d128b09ad2c to remote] DEBUG org.asynchttpclient.netty.request.NettyRequestSender - Using pooled Channel '[id: 0x901638b9, L:/127.0.0.1:49763 - R:localhost/127.0.0.1:50172]' for 'GET' to 'http://localhost:50172/session/e2ca2073bfaacb3571e78d128b09ad2c/screenshot'
18:28:46.861 [Forwarding screenshot on session e2ca2073bfaacb3571e78d128b09ad2c to remote] DEBUG org.asynchttpclient.netty.request.NettyRequestSender - Using open Channel [id: 0x901638b9, L:/127.0.0.1:49763 - R:localhost/127.0.0.1:50172] for GET '/session/e2ca2073bfaacb3571e78d128b09ad2c/screenshot'
18:28:47.168 [AsyncHttpClient-1-7] DEBUG org.asynchttpclient.netty.handler.HttpHandler - 

Request DefaultFullHttpRequest(decodeResult: success, version: HTTP/1.1, content: EmptyByteBufBE)
GET /session/e2ca2073bfaacb3571e78d128b09ad2c/screenshot HTTP/1.1
User-Agent: selenium/4.1.4 (java windows)
Cache-Control: no-cache
Content-Type: application/json; charset=utf-8
host: localhost:50172
accept: */*

Response DefaultHttpResponse(decodeResult: success, version: HTTP/1.1)
HTTP/1.1 200 OK
Content-Type: application/json; charset=utf-8
cache-control: no-cache
content-length: 289576

18:28:47.169 [AsyncHttpClient-1-7] DEBUG org.asynchttpclient.netty.channel.ChannelManager - Adding key: http://localhost:50172 for channel [id: 0x901638b9, L:/127.0.0.1:49763 - R:localhost/127.0.0.1:50172]
18:28:47.184 [main] DEBUG net.serenitybdd.core.photography.Darkroom - Send negative for processing for target\site\serenity\fff7678222e64f8295514205ef584f80d200812a4f1c13aa69757bfee86007ca.png
18:28:47.184 [main] DEBUG net.thucydides.core.steps.StepInterceptor - STEP DONE: clickLaki
  &amp#27;[32mAnd &amp#27;[0m&amp#27;[32mI click button jenis kelamin laki-laki&amp#27;[0m                                   &amp#27;[90m# starter.stepdefinitios.PatientDataSteps.iClickButtonJenisKelamin()&amp#27;[0m
18:28:47.184 [Darkroom Processing Line] DEBUG net.serenitybdd.core.photography.DarkroomProcessingLine - Processing screenshot image in /var/screenshots/screenshot-15174475757748216061
18:28:47.184 [Darkroom Processing Line] DEBUG net.serenitybdd.core.photography.DarkroomProcessingLine - Saving screenshot to target\site\serenity\fff7678222e64f8295514205ef584f80d200812a4f1c13aa69757bfee86007ca.png
18:28:47.218 [main] DEBUG net.thucydides.core.steps.StepInterceptor - STARTING STEP: PatientDataSteps.clickButtonSimpan - clickButtonSave
18:28:47.223 [Forwarding findElement on session e2ca2073bfaacb3571e78d128b09ad2c to remote] DEBUG org.asynchttpclient.netty.request.NettyRequestSender - Using pooled Channel '[id: 0x901638b9, L:/127.0.0.1:49763 - R:localhost/127.0.0.1:50172]' for 'POST' to 'http://localhost:50172/session/e2ca2073bfaacb3571e78d128b09ad2c/element'
18:28:47.223 [Forwarding findElement on session e2ca2073bfaacb3571e78d128b09ad2c to remote] DEBUG org.asynchttpclient.netty.request.NettyRequestSender - Using open Channel [id: 0x901638b9, L:/127.0.0.1:49763 - R:localhost/127.0.0.1:50172] for POST '/session/e2ca2073bfaacb3571e78d128b09ad2c/element'
18:28:47.236 [AsyncHttpClient-1-7] DEBUG org.asynchttpclient.netty.handler.HttpHandler - 

Request DefaultHttpRequest(decodeResult: success, version: HTTP/1.1)
POST /session/e2ca2073bfaacb3571e78d128b09ad2c/element HTTP/1.1
User-Agent: selenium/4.1.4 (java windows)
Content-Length: 68
Content-Type: application/json; charset=utf-8
host: localhost:50172
accept: */*

Response DefaultHttpResponse(decodeResult: success, version: HTTP/1.1)
HTTP/1.1 200 OK
Content-Type: application/json; charset=utf-8
cache-control: no-cache
content-length: 88

18:28:47.236 [AsyncHttpClient-1-7] DEBUG org.asynchttpclient.netty.channel.ChannelManager - Adding key: http://localhost:50172 for channel [id: 0x901638b9, L:/127.0.0.1:49763 - R:localhost/127.0.0.1:50172]
18:28:47.239 [Forwarding getElementTagName on session e2ca2073bfaacb3571e78d128b09ad2c to remote] DEBUG org.asynchttpclient.netty.request.NettyRequestSender - Using pooled Channel '[id: 0x901638b9, L:/127.0.0.1:49763 - R:localhost/127.0.0.1:50172]' for 'GET' to 'http://localhost:50172/session/e2ca2073bfaacb3571e78d128b09ad2c/element/04772b28-2722-4e66-9634-b01ffea0f113/name'
18:28:47.239 [Forwarding getElementTagName on session e2ca2073bfaacb3571e78d128b09ad2c to remote] DEBUG org.asynchttpclient.netty.request.NettyRequestSender - Using open Channel [id: 0x901638b9, L:/127.0.0.1:49763 - R:localhost/127.0.0.1:50172] for GET '/session/e2ca2073bfaacb3571e78d128b09ad2c/element/04772b28-2722-4e66-9634-b01ffea0f113/name'
18:28:47.247 [AsyncHttpClient-1-7] DEBUG org.asynchttpclient.netty.handler.HttpHandler - 

Request DefaultFullHttpRequest(decodeResult: success, version: HTTP/1.1, content: EmptyByteBufBE)
GET /session/e2ca2073bfaacb3571e78d128b09ad2c/element/04772b28-2722-4e66-9634-b01ffea0f113/name HTTP/1.1
User-Agent: selenium/4.1.4 (java windows)
Cache-Control: no-cache
Content-Type: application/json; charset=utf-8
host: localhost:50172
accept: */*

Response DefaultHttpResponse(decodeResult: success, version: HTTP/1.1)
HTTP/1.1 200 OK
Content-Type: application/json; charset=utf-8
cache-control: no-cache
content-length: 18

18:28:47.247 [AsyncHttpClient-1-7] DEBUG org.asynchttpclient.netty.channel.ChannelManager - Adding key: http://localhost:50172 for channel [id: 0x901638b9, L:/127.0.0.1:49763 - R:localhost/127.0.0.1:50172]
18:28:47.248 [Forwarding getElementTagName on session e2ca2073bfaacb3571e78d128b09ad2c to remote] DEBUG org.asynchttpclient.netty.request.NettyRequestSender - Using pooled Channel '[id: 0x901638b9, L:/127.0.0.1:49763 - R:localhost/127.0.0.1:50172]' for 'GET' to 'http://localhost:50172/session/e2ca2073bfaacb3571e78d128b09ad2c/element/04772b28-2722-4e66-9634-b01ffea0f113/name'
18:28:47.248 [Forwarding getElementTagName on session e2ca2073bfaacb3571e78d128b09ad2c to remote] DEBUG org.asynchttpclient.netty.request.NettyRequestSender - Using open Channel [id: 0x901638b9, L:/127.0.0.1:49763 - R:localhost/127.0.0.1:50172] for GET '/session/e2ca2073bfaacb3571e78d128b09ad2c/element/04772b28-2722-4e66-9634-b01ffea0f113/name'
18:28:47.254 [AsyncHttpClient-1-7] DEBUG org.asynchttpclient.netty.handler.HttpHandler - 

Request DefaultFullHttpRequest(decodeResult: success, version: HTTP/1.1, content: EmptyByteBufBE)
GET /session/e2ca2073bfaacb3571e78d128b09ad2c/element/04772b28-2722-4e66-9634-b01ffea0f113/name HTTP/1.1
User-Agent: selenium/4.1.4 (java windows)
Cache-Control: no-cache
Content-Type: application/json; charset=utf-8
host: localhost:50172
accept: */*

Response DefaultHttpResponse(decodeResult: success, version: HTTP/1.1)
HTTP/1.1 200 OK
Content-Type: application/json; charset=utf-8
cache-control: no-cache
content-length: 18

18:28:47.254 [AsyncHttpClient-1-7] DEBUG org.asynchttpclient.netty.channel.ChannelManager - Adding key: http://localhost:50172 for channel [id: 0x901638b9, L:/127.0.0.1:49763 - R:localhost/127.0.0.1:50172]
18:28:47.255 [Forwarding isElementEnabled on session e2ca2073bfaacb3571e78d128b09ad2c to remote] DEBUG org.asynchttpclient.netty.request.NettyRequestSender - Using pooled Channel '[id: 0x901638b9, L:/127.0.0.1:49763 - R:localhost/127.0.0.1:50172]' for 'GET' to 'http://localhost:50172/session/e2ca2073bfaacb3571e78d128b09ad2c/element/04772b28-2722-4e66-9634-b01ffea0f113/enabled'
18:28:47.255 [Forwarding isElementEnabled on session e2ca2073bfaacb3571e78d128b09ad2c to remote] DEBUG org.asynchttpclient.netty.request.NettyRequestSender - Using open Channel [id: 0x901638b9, L:/127.0.0.1:49763 - R:localhost/127.0.0.1:50172] for GET '/session/e2ca2073bfaacb3571e78d128b09ad2c/element/04772b28-2722-4e66-9634-b01ffea0f113/enabled'
18:28:47.275 [AsyncHttpClient-1-7] DEBUG org.asynchttpclient.netty.handler.HttpHandler - 

Request DefaultFullHttpRequest(decodeResult: success, version: HTTP/1.1, content: EmptyByteBufBE)
GET /session/e2ca2073bfaacb3571e78d128b09ad2c/element/04772b28-2722-4e66-9634-b01ffea0f113/enabled HTTP/1.1
User-Agent: selenium/4.1.4 (java windows)
Cache-Control: no-cache
Content-Type: application/json; charset=utf-8
host: localhost:50172
accept: */*

Response DefaultHttpResponse(decodeResult: success, version: HTTP/1.1)
HTTP/1.1 200 OK
Content-Type: application/json; charset=utf-8
cache-control: no-cache
content-length: 14

18:28:47.275 [AsyncHttpClient-1-7] DEBUG org.asynchttpclient.netty.channel.ChannelManager - Adding key: http://localhost:50172 for channel [id: 0x901638b9, L:/127.0.0.1:49763 - R:localhost/127.0.0.1:50172]
18:28:47.277 [Forwarding isElementEnabled on session e2ca2073bfaacb3571e78d128b09ad2c to remote] DEBUG org.asynchttpclient.netty.request.NettyRequestSender - Using pooled Channel '[id: 0x901638b9, L:/127.0.0.1:49763 - R:localhost/127.0.0.1:50172]' for 'GET' to 'http://localhost:50172/session/e2ca2073bfaacb3571e78d128b09ad2c/element/04772b28-2722-4e66-9634-b01ffea0f113/enabled'
18:28:47.277 [Forwarding isElementEnabled on session e2ca2073bfaacb3571e78d128b09ad2c to remote] DEBUG org.asynchttpclient.netty.request.NettyRequestSender - Using open Channel [id: 0x901638b9, L:/127.0.0.1:49763 - R:localhost/127.0.0.1:50172] for GET '/session/e2ca2073bfaacb3571e78d128b09ad2c/element/04772b28-2722-4e66-9634-b01ffea0f113/enabled'
18:28:47.288 [AsyncHttpClient-1-7] DEBUG org.asynchttpclient.netty.handler.HttpHandler - 

Request DefaultFullHttpRequest(decodeResult: success, version: HTTP/1.1, content: EmptyByteBufBE)
GET /session/e2ca2073bfaacb3571e78d128b09ad2c/element/04772b28-2722-4e66-9634-b01ffea0f113/enabled HTTP/1.1
User-Agent: selenium/4.1.4 (java windows)
Cache-Control: no-cache
Content-Type: application/json; charset=utf-8
host: localhost:50172
accept: */*

Response DefaultHttpResponse(decodeResult: success, version: HTTP/1.1)
HTTP/1.1 200 OK
Content-Type: application/json; charset=utf-8
cache-control: no-cache
content-length: 14

18:28:47.288 [AsyncHttpClient-1-7] DEBUG org.asynchttpclient.netty.channel.ChannelManager - Adding key: http://localhost:50172 for channel [id: 0x901638b9, L:/127.0.0.1:49763 - R:localhost/127.0.0.1:50172]
18:28:47.290 [Forwarding findElement on session e2ca2073bfaacb3571e78d128b09ad2c to remote] DEBUG org.asynchttpclient.netty.request.NettyRequestSender - Using pooled Channel '[id: 0x901638b9, L:/127.0.0.1:49763 - R:localhost/127.0.0.1:50172]' for 'POST' to 'http://localhost:50172/session/e2ca2073bfaacb3571e78d128b09ad2c/element'
18:28:47.290 [Forwarding findElement on session e2ca2073bfaacb3571e78d128b09ad2c to remote] DEBUG org.asynchttpclient.netty.request.NettyRequestSender - Using open Channel [id: 0x901638b9, L:/127.0.0.1:49763 - R:localhost/127.0.0.1:50172] for POST '/session/e2ca2073bfaacb3571e78d128b09ad2c/element'
18:28:47.337 [AsyncHttpClient-1-7] DEBUG org.asynchttpclient.netty.handler.HttpHandler - 

Request DefaultHttpRequest(decodeResult: success, version: HTTP/1.1)
POST /session/e2ca2073bfaacb3571e78d128b09ad2c/element HTTP/1.1
User-Agent: selenium/4.1.4 (java windows)
Content-Length: 68
Content-Type: application/json; charset=utf-8
host: localhost:50172
accept: */*

Response DefaultHttpResponse(decodeResult: success, version: HTTP/1.1)
HTTP/1.1 200 OK
Content-Type: application/json; charset=utf-8
cache-control: no-cache
content-length: 88

18:28:47.337 [AsyncHttpClient-1-7] DEBUG org.asynchttpclient.netty.channel.ChannelManager - Adding key: http://localhost:50172 for channel [id: 0x901638b9, L:/127.0.0.1:49763 - R:localhost/127.0.0.1:50172]
18:28:47.339 [Forwarding clickElement on session e2ca2073bfaacb3571e78d128b09ad2c to remote] DEBUG org.asynchttpclient.netty.request.NettyRequestSender - Using pooled Channel '[id: 0x901638b9, L:/127.0.0.1:49763 - R:localhost/127.0.0.1:50172]' for 'POST' to 'http://localhost:50172/session/e2ca2073bfaacb3571e78d128b09ad2c/element/04772b28-2722-4e66-9634-b01ffea0f113/click'
18:28:47.339 [Forwarding clickElement on session e2ca2073bfaacb3571e78d128b09ad2c to remote] DEBUG org.asynchttpclient.netty.request.NettyRequestSender - Using open Channel [id: 0x901638b9, L:/127.0.0.1:49763 - R:localhost/127.0.0.1:50172] for POST '/session/e2ca2073bfaacb3571e78d128b09ad2c/element/04772b28-2722-4e66-9634-b01ffea0f113/click'
18:28:47.419 [AsyncHttpClient-1-7] DEBUG org.asynchttpclient.netty.handler.HttpHandler - 

Request DefaultHttpRequest(decodeResult: success, version: HTTP/1.1)
POST /session/e2ca2073bfaacb3571e78d128b09ad2c/element/04772b28-2722-4e66-9634-b01ffea0f113/click HTTP/1.1
User-Agent: selenium/4.1.4 (java windows)
Content-Length: 50
Content-Type: application/json; charset=utf-8
host: localhost:50172
accept: */*

Response DefaultHttpResponse(decodeResult: success, version: HTTP/1.1)
HTTP/1.1 200 OK
Content-Type: application/json; charset=utf-8
cache-control: no-cache
content-length: 14

18:28:47.419 [AsyncHttpClient-1-7] DEBUG org.asynchttpclient.netty.channel.ChannelManager - Adding key: http://localhost:50172 for channel [id: 0x901638b9, L:/127.0.0.1:49763 - R:localhost/127.0.0.1:50172]
18:28:47.423 [Forwarding screenshot on session e2ca2073bfaacb3571e78d128b09ad2c to remote] DEBUG org.asynchttpclient.netty.request.NettyRequestSender - Using pooled Channel '[id: 0x901638b9, L:/127.0.0.1:49763 - R:localhost/127.0.0.1:50172]' for 'GET' to 'http://localhost:50172/session/e2ca2073bfaacb3571e78d128b09ad2c/screenshot'
18:28:47.423 [Forwarding screenshot on session e2ca2073bfaacb3571e78d128b09ad2c to remote] DEBUG org.asynchttpclient.netty.request.NettyRequestSender - Using open Channel [id: 0x901638b9, L:/127.0.0.1:49763 - R:localhost/127.0.0.1:50172] for GET '/session/e2ca2073bfaacb3571e78d128b09ad2c/screenshot'
18:28:47.637 [AsyncHttpClient-1-1] DEBUG org.asynchttpclient.netty.channel.DefaultChannelPool - Entry count for : http://localhost:49764 : 1
18:28:48.035 [AsyncHttpClient-1-7] DEBUG org.asynchttpclient.netty.handler.HttpHandler - 

Request DefaultFullHttpRequest(decodeResult: success, version: HTTP/1.1, content: EmptyByteBufBE)
GET /session/e2ca2073bfaacb3571e78d128b09ad2c/screenshot HTTP/1.1
User-Agent: selenium/4.1.4 (java windows)
Cache-Control: no-cache
Content-Type: application/json; charset=utf-8
host: localhost:50172
accept: */*

Response DefaultHttpResponse(decodeResult: success, version: HTTP/1.1)
HTTP/1.1 200 OK
Content-Type: application/json; charset=utf-8
cache-control: no-cache
content-length: 394028

18:28:48.035 [AsyncHttpClient-1-7] DEBUG org.asynchttpclient.netty.channel.ChannelManager - Adding key: http://localhost:50172 for channel [id: 0x901638b9, L:/127.0.0.1:49763 - R:localhost/127.0.0.1:50172]
18:28:48.043 [main] DEBUG net.serenitybdd.core.photography.Darkroom - Send negative for processing for target\site\serenity\4a504bb08c41d80c50845f0d70605672975984f2ca1dfae4a7bc8769f998cb77.png
18:28:48.043 [main] DEBUG net.thucydides.core.steps.StepInterceptor - STEP DONE: clickButtonSave
18:28:48.043 [Darkroom Processing Line] DEBUG net.serenitybdd.core.photography.DarkroomProcessingLine - Processing screenshot image in /var/screenshots/screenshot-16260249230622676907
18:28:48.043 [Darkroom Processing Line] DEBUG net.serenitybdd.core.photography.DarkroomProcessingLine - Saving screenshot to target\site\serenity\4a504bb08c41d80c50845f0d70605672975984f2ca1dfae4a7bc8769f998cb77.png
18:28:48.736 [AsyncHttpClient-1-1] DEBUG org.asynchttpclient.netty.channel.DefaultChannelPool - Entry count for : http://localhost:50172 : 1
18:28:48.736 [AsyncHttpClient-1-1] DEBUG org.asynchttpclient.netty.channel.DefaultChannelPool - Entry count for : http://localhost:49764 : 1
  &amp#27;[32mThen &amp#27;[0m&amp#27;[32mClick button simpan&amp#27;[0m                                                     &amp#27;[90m# starter.stepdefinitios.PatientDataSteps.clickButtonSimpan()&amp#27;[0m
18:28:49.054 [Forwarding screenshot on session e2ca2073bfaacb3571e78d128b09ad2c to remote] DEBUG org.asynchttpclient.netty.request.NettyRequestSender - Using pooled Channel '[id: 0x901638b9, L:/127.0.0.1:49763 - R:localhost/127.0.0.1:50172]' for 'GET' to 'http://localhost:50172/session/e2ca2073bfaacb3571e78d128b09ad2c/screenshot'
18:28:49.054 [Forwarding screenshot on session e2ca2073bfaacb3571e78d128b09ad2c to remote] DEBUG org.asynchttpclient.netty.request.NettyRequestSender - Using open Channel [id: 0x901638b9, L:/127.0.0.1:49763 - R:localhost/127.0.0.1:50172] for GET '/session/e2ca2073bfaacb3571e78d128b09ad2c/screenshot'
18:28:49.320 [AsyncHttpClient-1-7] DEBUG org.asynchttpclient.netty.handler.HttpHandler - 

Request DefaultFullHttpRequest(decodeResult: success, version: HTTP/1.1, content: EmptyByteBufBE)
GET /session/e2ca2073bfaacb3571e78d128b09ad2c/screenshot HTTP/1.1
User-Agent: selenium/4.1.4 (java windows)
Cache-Control: no-cache
Content-Type: application/json; charset=utf-8
host: localhost:50172
accept: */*

Response DefaultHttpResponse(decodeResult: success, version: HTTP/1.1)
HTTP/1.1 200 OK
Content-Type: application/json; charset=utf-8
cache-control: no-cache
content-length: 393148

18:28:49.321 [AsyncHttpClient-1-7] DEBUG org.asynchttpclient.netty.channel.ChannelManager - Adding key: http://localhost:50172 for channel [id: 0x901638b9, L:/127.0.0.1:49763 - R:localhost/127.0.0.1:50172]
18:28:49.323 [main] DEBUG net.serenitybdd.core.photography.Darkroom - Send negative for processing for target\site\serenity\fc6a8aee72b59712c4d77a28e6456e3bbb08cea5d4a0c3649bca46092aeff4ef.png
18:28:49.323 [Darkroom Processing Line] DEBUG net.serenitybdd.core.photography.DarkroomProcessingLine - Processing screenshot image in /var/screenshots/screenshot-15119917685782741029
18:28:49.323 [Darkroom Processing Line] DEBUG net.serenitybdd.core.photography.DarkroomProcessingLine - Saving screenshot to target\site\serenity\fc6a8aee72b59712c4d77a28e6456e3bbb08cea5d4a0c3649bca46092aeff4ef.png
18:28:49.843 [AsyncHttpClient-1-1] DEBUG org.asynchttpclient.netty.channel.DefaultChannelPool - Entry count for : http://localhost:50172 : 1
18:28:49.843 [AsyncHttpClient-1-1] DEBUG org.asynchttpclient.netty.channel.DefaultChannelPool - Entry count for : http://localhost:49764 : 1
18:28:50.354 [Forwarding screenshot on session e2ca2073bfaacb3571e78d128b09ad2c to remote] DEBUG org.asynchttpclient.netty.request.NettyRequestSender - Using pooled Channel '[id: 0x901638b9, L:/127.0.0.1:49763 - R:localhost/127.0.0.1:50172]' for 'GET' to 'http://localhost:50172/session/e2ca2073bfaacb3571e78d128b09ad2c/screenshot'
18:28:50.354 [Forwarding screenshot on session e2ca2073bfaacb3571e78d128b09ad2c to remote] DEBUG org.asynchttpclient.netty.request.NettyRequestSender - Using open Channel [id: 0x901638b9, L:/127.0.0.1:49763 - R:localhost/127.0.0.1:50172] for GET '/session/e2ca2073bfaacb3571e78d128b09ad2c/screenshot'
18:28:50.643 [AsyncHttpClient-1-7] DEBUG org.asynchttpclient.netty.handler.HttpHandler - 

Request DefaultFullHttpRequest(decodeResult: success, version: HTTP/1.1, content: EmptyByteBufBE)
GET /session/e2ca2073bfaacb3571e78d128b09ad2c/screenshot HTTP/1.1
User-Agent: selenium/4.1.4 (java windows)
Cache-Control: no-cache
Content-Type: application/json; charset=utf-8
host: localhost:50172
accept: */*

Response DefaultHttpResponse(decodeResult: success, version: HTTP/1.1)
HTTP/1.1 200 OK
Content-Type: application/json; charset=utf-8
cache-control: no-cache
content-length: 393148

18:28:50.644 [AsyncHttpClient-1-7] DEBUG org.asynchttpclient.netty.channel.ChannelManager - Adding key: http://localhost:50172 for channel [id: 0x901638b9, L:/127.0.0.1:49763 - R:localhost/127.0.0.1:50172]
18:28:50.651 [main] DEBUG net.serenitybdd.core.photography.Darkroom - Send negative for processing for target\site\serenity\fc6a8aee72b59712c4d77a28e6456e3bbb08cea5d4a0c3649bca46092aeff4ef.png
18:28:50.651 [main] DEBUG net.thucydides.core.steps.StepInterceptor - STARTING STEP: PatientDataSteps.validateAddErrorMessengerPasien - validateTextMessegerDokter
18:28:50.653 [Forwarding findElement on session e2ca2073bfaacb3571e78d128b09ad2c to remote] DEBUG org.asynchttpclient.netty.request.NettyRequestSender - Using pooled Channel '[id: 0x901638b9, L:/127.0.0.1:49763 - R:localhost/127.0.0.1:50172]' for 'POST' to 'http://localhost:50172/session/e2ca2073bfaacb3571e78d128b09ad2c/element'
18:28:50.653 [Forwarding findElement on session e2ca2073bfaacb3571e78d128b09ad2c to remote] DEBUG org.asynchttpclient.netty.request.NettyRequestSender - Using open Channel [id: 0x901638b9, L:/127.0.0.1:49763 - R:localhost/127.0.0.1:50172] for POST '/session/e2ca2073bfaacb3571e78d128b09ad2c/element'
18:28:50.662 [AsyncHttpClient-1-7] DEBUG org.asynchttpclient.netty.handler.HttpHandler - 

Request DefaultHttpRequest(decodeResult: success, version: HTTP/1.1)
POST /session/e2ca2073bfaacb3571e78d128b09ad2c/element HTTP/1.1
User-Agent: selenium/4.1.4 (java windows)
Content-Length: 143
Content-Type: application/json; charset=utf-8
host: localhost:50172
accept: */*

Response DefaultHttpResponse(decodeResult: success, version: HTTP/1.1)
HTTP/1.1 200 OK
Content-Type: application/json; charset=utf-8
cache-control: no-cache
content-length: 88

18:28:50.662 [AsyncHttpClient-1-7] DEBUG org.asynchttpclient.netty.channel.ChannelManager - Adding key: http://localhost:50172 for channel [id: 0x901638b9, L:/127.0.0.1:49763 - R:localhost/127.0.0.1:50172]
18:28:50.662 [Forwarding getElementText on session e2ca2073bfaacb3571e78d128b09ad2c to remote] DEBUG org.asynchttpclient.netty.request.NettyRequestSender - Using pooled Channel '[id: 0x901638b9, L:/127.0.0.1:49763 - R:localhost/127.0.0.1:50172]' for 'GET' to 'http://localhost:50172/session/e2ca2073bfaacb3571e78d128b09ad2c/element/cc008cb9-8d29-4b2b-8bf7-14ca0ce797c6/text'
18:28:50.662 [Forwarding getElementText on session e2ca2073bfaacb3571e78d128b09ad2c to remote] DEBUG org.asynchttpclient.netty.request.NettyRequestSender - Using open Channel [id: 0x901638b9, L:/127.0.0.1:49763 - R:localhost/127.0.0.1:50172] for GET '/session/e2ca2073bfaacb3571e78d128b09ad2c/element/cc008cb9-8d29-4b2b-8bf7-14ca0ce797c6/text'
18:28:50.692 [AsyncHttpClient-1-7] DEBUG org.asynchttpclient.netty.handler.HttpHandler - 

Request DefaultFullHttpRequest(decodeResult: success, version: HTTP/1.1, content: EmptyByteBufBE)
GET /session/e2ca2073bfaacb3571e78d128b09ad2c/element/cc008cb9-8d29-4b2b-8bf7-14ca0ce797c6/text HTTP/1.1
User-Agent: selenium/4.1.4 (java windows)
Cache-Control: no-cache
Content-Type: application/json; charset=utf-8
host: localhost:50172
accept: */*

Response DefaultHttpResponse(decodeResult: success, version: HTTP/1.1)
HTTP/1.1 200 OK
Content-Type: application/json; charset=utf-8
cache-control: no-cache
content-length: 140

18:28:50.692 [AsyncHttpClient-1-7] DEBUG org.asynchttpclient.netty.channel.ChannelManager - Adding key: http://localhost:50172 for channel [id: 0x901638b9, L:/127.0.0.1:49763 - R:localhost/127.0.0.1:50172]
18:28:50.695 [main] DEBUG net.thucydides.core.steps.StepInterceptor - STEP DONE: validateTextMessegerDokter
  &amp#27;[32mAnd &amp#27;[0m&amp#27;[32mValidate add error messenger &amp#27;[0m&amp#27;[32m&amp#27;[1m"nik perlu dibutuhkan"&amp#27;[0m&amp#27;[32m Pasien&amp#27;[0m               &amp#27;[90m# starter.stepdefinitios.PatientDataSteps.validateAddErrorMessengerPasien(java.lang.String)&amp#27;[0m
18:28:50.702 [Forwarding screenshot on session e2ca2073bfaacb3571e78d128b09ad2c to remote] DEBUG org.asynchttpclient.netty.request.NettyRequestSender - Using pooled Channel '[id: 0x901638b9, L:/127.0.0.1:49763 - R:localhost/127.0.0.1:50172]' for 'GET' to 'http://localhost:50172/session/e2ca2073bfaacb3571e78d128b09ad2c/screenshot'
18:28:50.702 [Forwarding screenshot on session e2ca2073bfaacb3571e78d128b09ad2c to remote] DEBUG org.asynchttpclient.netty.request.NettyRequestSender - Using open Channel [id: 0x901638b9, L:/127.0.0.1:49763 - R:localhost/127.0.0.1:50172] for GET '/session/e2ca2073bfaacb3571e78d128b09ad2c/screenshot'
18:28:50.929 [AsyncHttpClient-1-7] DEBUG org.asynchttpclient.netty.handler.HttpHandler - 

Request DefaultFullHttpRequest(decodeResult: success, version: HTTP/1.1, content: EmptyByteBufBE)
GET /session/e2ca2073bfaacb3571e78d128b09ad2c/screenshot HTTP/1.1
User-Agent: selenium/4.1.4 (java windows)
Cache-Control: no-cache
Content-Type: application/json; charset=utf-8
host: localhost:50172
accept: */*

Response DefaultHttpResponse(decodeResult: success, version: HTTP/1.1)
HTTP/1.1 200 OK
Content-Type: application/json; charset=utf-8
cache-control: no-cache
content-length: 393148

18:28:50.930 [AsyncHttpClient-1-7] DEBUG org.asynchttpclient.netty.channel.ChannelManager - Adding key: http://localhost:50172 for channel [id: 0x901638b9, L:/127.0.0.1:49763 - R:localhost/127.0.0.1:50172]
18:28:50.936 [AsyncHttpClient-1-1] DEBUG org.asynchttpclient.netty.channel.DefaultChannelPool - Entry count for : http://localhost:50172 : 1
18:28:50.936 [AsyncHttpClient-1-1] DEBUG org.asynchttpclient.netty.channel.DefaultChannelPool - Entry count for : http://localhost:49764 : 1
18:28:50.939 [main] DEBUG net.serenitybdd.core.photography.Darkroom - Send negative for processing for target\site\serenity\fc6a8aee72b59712c4d77a28e6456e3bbb08cea5d4a0c3649bca46092aeff4ef.png
18:28:50.941 [AsyncHttpClient-1-9] DEBUG org.asynchttpclient.netty.handler.WebSocketHandler - Channel Closed: [id: 0xe4c6cb66, L:/127.0.0.1:49771 ! R:localhost/127.0.0.1:49764] with attribute NettyResponseFuture{currentRetry=5,
	isDone=1,
	isCancelled=0,
	asyncHandler=org.asynchttpclient.ws.WebSocketUpgradeHandler@79a8ab85,
	nettyRequest=org.asynchttpclient.netty.request.NettyRequest@277153cb,
	future=java.util.concurrent.CompletableFuture@2ae857f7[Completed normally],
	uri=ws://localhost:49764/devtools/browser/bd2c7b27-b874-4404-bce7-6826ea477126,
	keepAlive=true,
	redirectCount=0,
	timeoutsHolder=null,
	inAuth=0,
	touch=1658057301059}
18:28:50.941 [AsyncHttpClient-1-9] DEBUG org.asynchttpclient.netty.channel.ChannelManager - Closing Channel [id: 0xe4c6cb66, L:/127.0.0.1:49771 ! R:localhost/127.0.0.1:49764] 
18:28:50.941 [Driver Command Executor] DEBUG org.asynchttpclient.netty.request.NettyRequestSender - Using pooled Channel '[id: 0x901638b9, L:/127.0.0.1:49763 - R:localhost/127.0.0.1:50172]' for 'DELETE' to 'http://localhost:50172/session/e2ca2073bfaacb3571e78d128b09ad2c'
18:28:50.941 [Driver Command Executor] DEBUG org.asynchttpclient.netty.request.NettyRequestSender - Using open Channel [id: 0x901638b9, L:/127.0.0.1:49763 - R:localhost/127.0.0.1:50172] for DELETE '/session/e2ca2073bfaacb3571e78d128b09ad2c'
18:28:50.989 [AsyncHttpClient-1-8] DEBUG org.asynchttpclient.netty.handler.HttpHandler - Unexpected I/O exception on channel [id: 0x2e08e92f, L:/127.0.0.1:49770 - R:localhost/127.0.0.1:49764]
java.io.IOException: An existing connection was forcibly closed by the remote host
	at java.base/sun.nio.ch.SocketDispatcher.read0(Native Method)
	at java.base/sun.nio.ch.SocketDispatcher.read(SocketDispatcher.java:43)
	at java.base/sun.nio.ch.IOUtil.readIntoNativeBuffer(IOUtil.java:276)
	at java.base/sun.nio.ch.IOUtil.read(IOUtil.java:233)
	at java.base/sun.nio.ch.IOUtil.read(IOUtil.java:223)
	at java.base/sun.nio.ch.SocketChannelImpl.read(SocketChannelImpl.java:356)
	at io.netty.buffer.PooledByteBuf.setBytes(PooledByteBuf.java:258)
	at io.netty.buffer.AbstractByteBuf.writeBytes(AbstractByteBuf.java:1132)
	at io.netty.channel.socket.nio.NioSocketChannel.doReadBytes(NioSocketChannel.java:357)
	at io.netty.channel.nio.AbstractNioByteChannel$NioByteUnsafe.read(AbstractNioByteChannel.java:151)
	at io.netty.channel.nio.NioEventLoop.processSelectedKey(NioEventLoop.java:722)
	at io.netty.channel.nio.NioEventLoop.processSelectedKeysOptimized(NioEventLoop.java:658)
	at io.netty.channel.nio.NioEventLoop.processSelectedKeys(NioEventLoop.java:584)
	at io.netty.channel.nio.NioEventLoop.run(NioEventLoop.java:496)
	at io.netty.util.concurrent.SingleThreadEventExecutor$4.run(SingleThreadEventExecutor.java:986)
	at io.netty.util.internal.ThreadExecutorMap$2.run(ThreadExecutorMap.java:74)
	at io.netty.util.concurrent.FastThreadLocalRunnable.run(FastThreadLocalRunnable.java:30)
	at java.base/java.lang.Thread.run(Thread.java:829)
18:28:50.989 [AsyncHttpClient-1-8] DEBUG org.asynchttpclient.netty.channel.ChannelManager - Closing Channel [id: 0x2e08e92f, L:/127.0.0.1:49770 - R:localhost/127.0.0.1:49764] 
18:28:50.989 [AsyncHttpClient-1-8] DEBUG org.asynchttpclient.netty.handler.HttpHandler - Channel Closed: [id: 0x2e08e92f, L:/127.0.0.1:49770 ! R:localhost/127.0.0.1:49764] with attribute DISCARD
18:28:51.030 [AsyncHttpClient-1-7] DEBUG org.asynchttpclient.netty.handler.HttpHandler - 

Request DefaultFullHttpRequest(decodeResult: success, version: HTTP/1.1, content: EmptyByteBufBE)
DELETE /session/e2ca2073bfaacb3571e78d128b09ad2c HTTP/1.1
User-Agent: selenium/4.1.4 (java windows)
Content-Type: application/json; charset=utf-8
host: localhost:50172
accept: */*

Response DefaultHttpResponse(decodeResult: success, version: HTTP/1.1)
HTTP/1.1 200 OK
Content-Type: application/json; charset=utf-8
cache-control: no-cache
content-length: 14

18:28:51.030 [AsyncHttpClient-1-7] DEBUG org.asynchttpclient.netty.channel.ChannelManager - Adding key: http://localhost:50172 for channel [id: 0x901638b9, L:/127.0.0.1:49763 - R:localhost/127.0.0.1:50172]
18:28:51.103 [AsyncHttpClient-1-7] DEBUG org.asynchttpclient.netty.handler.HttpHandler - Channel Closed: [id: 0x901638b9, L:/127.0.0.1:49763 ! R:localhost/127.0.0.1:50172] with attribute DISCARD
]]></system-out>
    <system-err><![CDATA[Starting ChromeDriver 103.0.5060.53 (a1711811edd74ff1cf2150f36ffa3b0dae40b17f-refs/branch-heads/5060@{#853}) on port 50172
Only local connections are allowed.
Please see https://chromedriver.chromium.org/security-considerations for suggestions on keeping ChromeDriver safe.
ChromeDriver was started successfully.
Jul 17, 2022 6:28:21 PM org.openqa.selenium.remote.ProtocolHandshake createSession
INFO: Detected dialect: W3C
Jul 17, 2022 6:28:21 PM org.openqa.selenium.devtools.CdpVersionFinder findNearestMatch
WARNING: Unable to find an exact match for CDP version 103, so returning the closest version found: 101
Jul 17, 2022 6:28:21 PM org.openqa.selenium.devtools.CdpVersionFinder findNearestMatch
INFO: Found CDP implementation for version 103 of 101
]]></system-err>
  </testcase>
  <testcase name="As a admin i want to add data pasien (JK Laki-Laki) - Kosong #4" classname="Data Pasien - Admin" time="31.845">
    <system-out><![CDATA[
@DataPasien111 @AddPatientDataKosong
Scenario Outline: As a admin i want to add data pasien (JK Laki-Laki) - Kosong &amp#27;[90m# src/test/resources/features/4DataPasien.feature:101&amp#27;[0m
18:28:51.126 [main] INFO io.cucumber.core.plugin.SerenityReporter - Running feature from file:///C:/Alterra/CapstoneBaru/QE/TestingWebUpdate/src/test/resources/features/4DataPasien.feature
18:28:51.155 [main] DEBUG net.thucydides.core.steps.StepInterceptor - STARTING STEP: LoginSteps.openLoginPage - openLogin
18:28:51.155 [main] INFO net.serenitybdd.core.webdriver.driverproviders.ChromeDriverProvider - Using automatically driver download
18:28:51.425 [main] DEBUG io.github.bonigarcia.wdm.cache.ResolutionCache - Resolution chrome=103 in cache (valid until 18:54:33 17/07/2022 ICT)
18:28:51.430 [main] DEBUG io.github.bonigarcia.wdm.cache.ResolutionCache - Resolution chrome103=103.0.5060.53 in cache (valid until 17:54:33 18/07/2022 ICT)
18:28:51.432 [main] INFO io.github.bonigarcia.wdm.WebDriverManager - Using chromedriver 103.0.5060.53 (resolved driver for Chrome 103)
18:28:51.438 [main] DEBUG io.github.bonigarcia.wdm.WebDriverManager - Driver chromedriver 103.0.5060.53 found in cache
18:28:51.438 [main] INFO io.github.bonigarcia.wdm.WebDriverManager - Exporting webdriver.chrome.driver as C:\Users\Bagas Dwi Saputra\.cache\selenium\chromedriver\win32\103.0.5060.53\chromedriver.exe
18:28:51.579 [main] DEBUG net.serenitybdd.core.webdriver.driverproviders.ProvideNewDriver - Instantiating driver
18:28:51.579 [main] DEBUG net.serenitybdd.core.webdriver.driverproviders.ProvideNewDriver - Driver capabilities: Capabilities {acceptInsecureCerts: false, base.url: https://fanciful-trifle-360..., browserName: chrome, chorme.driver: src/test/resources/webdrive..., driver: chrome, goog:chromeOptions: {args: [], extensions: []}}
18:28:51.794 [AsyncHttpClient-1-2] DEBUG org.asynchttpclient.netty.channel.NettyConnectListener - Using new Channel '[id: 0x28e3c03f, L:/127.0.0.1:49788 - R:localhost/127.0.0.1:49850]' for 'POST' to '/session'
18:28:52.083 [AsyncHttpClient-1-1] DEBUG org.asynchttpclient.netty.channel.DefaultChannelPool - Entry count for : http://localhost:50172 : 1
18:28:52.083 [AsyncHttpClient-1-1] DEBUG org.asynchttpclient.netty.channel.DefaultChannelPool - Entry count for : http://localhost:49764 : 1
18:28:52.083 [AsyncHttpClient-1-1] DEBUG org.asynchttpclient.netty.channel.DefaultChannelPool - Adding Candidate expired Channel [id: 0x901638b9, L:/127.0.0.1:49763 ! R:localhost/127.0.0.1:50172] isIdleTimeoutExpired=false isRemotelyClosed=true isTtlExpired=false
18:28:52.083 [AsyncHttpClient-1-1] DEBUG org.asynchttpclient.netty.channel.DefaultChannelPool - Closing Idle Channel [id: 0x901638b9, L:/127.0.0.1:49763 ! R:localhost/127.0.0.1:50172]
18:28:52.083 [AsyncHttpClient-1-1] DEBUG org.asynchttpclient.netty.channel.DefaultChannelPool - Adding Candidate expired Channel [id: 0x2e08e92f, L:/127.0.0.1:49770 ! R:localhost/127.0.0.1:49764] isIdleTimeoutExpired=false isRemotelyClosed=true isTtlExpired=false
18:28:52.083 [AsyncHttpClient-1-1] DEBUG org.asynchttpclient.netty.channel.DefaultChannelPool - Closing Idle Channel [id: 0x2e08e92f, L:/127.0.0.1:49770 ! R:localhost/127.0.0.1:49764]
18:28:52.083 [AsyncHttpClient-1-1] DEBUG org.asynchttpclient.netty.channel.DefaultChannelPool - Closed 2 connections out of 2 in 0 ms
18:28:53.613 [AsyncHttpClient-1-2] DEBUG org.asynchttpclient.netty.handler.HttpHandler - 

Request DefaultHttpRequest(decodeResult: success, version: HTTP/1.1)
POST /session HTTP/1.1
User-Agent: selenium/4.1.4 (java windows)
Content-Length: 629
Content-Type: application/json; charset=utf-8
host: localhost:49850
accept: */*

Response DefaultHttpResponse(decodeResult: success, version: HTTP/1.1)
HTTP/1.1 200 OK
Content-Type: application/json; charset=utf-8
cache-control: no-cache
content-length: 793

18:28:53.613 [AsyncHttpClient-1-2] DEBUG org.asynchttpclient.netty.channel.ChannelManager - Adding key: http://localhost:49850 for channel [id: 0x28e3c03f, L:/127.0.0.1:49788 - R:localhost/127.0.0.1:49850]
18:28:53.623 [AsyncHttpClient-1-3] DEBUG org.asynchttpclient.netty.channel.NettyConnectListener - Using new Channel '[id: 0x29f77fe0, L:/127.0.0.1:49795 - R:localhost/127.0.0.1:49789]' for 'GET' to '/json/version'
18:28:53.624 [AsyncHttpClient-1-3] DEBUG org.asynchttpclient.netty.handler.HttpHandler - 

Request DefaultFullHttpRequest(decodeResult: success, version: HTTP/1.1, content: EmptyByteBufBE)
GET /json/version HTTP/1.1
User-Agent: selenium/4.1.4 (java windows)
host: localhost:49789
accept: */*

Response DefaultHttpResponse(decodeResult: success, version: HTTP/1.1)
HTTP/1.1 200 OK
Content-Type: application/json; charset=UTF-8
content-length: 429

18:28:53.624 [AsyncHttpClient-1-3] DEBUG org.asynchttpclient.netty.channel.ChannelManager - Adding key: http://localhost:49789 for channel [id: 0x29f77fe0, L:/127.0.0.1:49795 - R:localhost/127.0.0.1:49789]
18:28:53.632 [AsyncHttpClient-1-4] DEBUG org.asynchttpclient.netty.channel.NettyConnectListener - Using new Channel '[id: 0xecab8cea, L:/127.0.0.1:49796 - R:localhost/127.0.0.1:49789]' for 'GET' to '/devtools/browser/af1a56c2-32db-406c-a1e4-aae586d6382c'
18:28:53.633 [AsyncHttpClient-1-4] DEBUG org.asynchttpclient.netty.handler.WebSocketHandler - 

Request DefaultFullHttpRequest(decodeResult: success, version: HTTP/1.1, content: EmptyByteBufBE)
GET /devtools/browser/af1a56c2-32db-406c-a1e4-aae586d6382c HTTP/1.1
upgrade: websocket
connection: upgrade
sec-websocket-key: o/1R4RiRnNZl9VZMNV0lzg==
sec-websocket-version: 13
origin: http://localhost:49789
host: localhost:49789
accept: */*
user-agent: AHC/2.1

Response DefaultHttpResponse(decodeResult: success, version: HTTP/1.1)
HTTP/1.1 101 WebSocket Protocol Handshake
Upgrade: WebSocket
Connection: Upgrade
Sec-WebSocket-Accept: MViooujx/UldFyASqqBInI0s17g=

18:28:53.637 [Forwarding get on session 50ef97b955889075ae916638cc57e71f to remote] DEBUG org.asynchttpclient.netty.request.NettyRequestSender - Using pooled Channel '[id: 0x28e3c03f, L:/127.0.0.1:49788 - R:localhost/127.0.0.1:49850]' for 'POST' to 'http://localhost:49850/session/50ef97b955889075ae916638cc57e71f/url'
18:28:53.637 [Forwarding get on session 50ef97b955889075ae916638cc57e71f to remote] DEBUG org.asynchttpclient.netty.request.NettyRequestSender - Using open Channel [id: 0x28e3c03f, L:/127.0.0.1:49788 - R:localhost/127.0.0.1:49850] for POST '/session/50ef97b955889075ae916638cc57e71f/url'
18:28:54.249 [AsyncHttpClient-1-1] DEBUG org.asynchttpclient.netty.channel.DefaultChannelPool - Entry count for : http://localhost:49789 : 1
18:28:54.282 [AsyncHttpClient-1-2] DEBUG org.asynchttpclient.netty.handler.HttpHandler - 

Request DefaultHttpRequest(decodeResult: success, version: HTTP/1.1)
POST /session/50ef97b955889075ae916638cc57e71f/url HTTP/1.1
User-Agent: selenium/4.1.4 (java windows)
Content-Length: 78
Content-Type: application/json; charset=utf-8
host: localhost:49850
accept: */*

Response DefaultHttpResponse(decodeResult: success, version: HTTP/1.1)
HTTP/1.1 200 OK
Content-Type: application/json; charset=utf-8
cache-control: no-cache
content-length: 14

18:28:54.282 [AsyncHttpClient-1-2] DEBUG org.asynchttpclient.netty.channel.ChannelManager - Adding key: http://localhost:49850 for channel [id: 0x28e3c03f, L:/127.0.0.1:49788 - R:localhost/127.0.0.1:49850]
18:28:54.283 [Forwarding setTimeout on session 50ef97b955889075ae916638cc57e71f to remote] DEBUG org.asynchttpclient.netty.request.NettyRequestSender - Using pooled Channel '[id: 0x28e3c03f, L:/127.0.0.1:49788 - R:localhost/127.0.0.1:49850]' for 'POST' to 'http://localhost:49850/session/50ef97b955889075ae916638cc57e71f/timeouts'
18:28:54.283 [Forwarding setTimeout on session 50ef97b955889075ae916638cc57e71f to remote] DEBUG org.asynchttpclient.netty.request.NettyRequestSender - Using open Channel [id: 0x28e3c03f, L:/127.0.0.1:49788 - R:localhost/127.0.0.1:49850] for POST '/session/50ef97b955889075ae916638cc57e71f/timeouts'
18:28:54.283 [AsyncHttpClient-1-2] DEBUG org.asynchttpclient.netty.handler.HttpHandler - 

Request DefaultHttpRequest(decodeResult: success, version: HTTP/1.1)
POST /session/50ef97b955889075ae916638cc57e71f/timeouts HTTP/1.1
User-Agent: selenium/4.1.4 (java windows)
Content-Length: 22
Content-Type: application/json; charset=utf-8
host: localhost:49850
accept: */*

Response DefaultHttpResponse(decodeResult: success, version: HTTP/1.1)
HTTP/1.1 200 OK
Content-Type: application/json; charset=utf-8
cache-control: no-cache
content-length: 14

18:28:54.283 [AsyncHttpClient-1-2] DEBUG org.asynchttpclient.netty.channel.ChannelManager - Adding key: http://localhost:49850 for channel [id: 0x28e3c03f, L:/127.0.0.1:49788 - R:localhost/127.0.0.1:49850]
18:28:54.285 [Forwarding getCurrentUrl on session 50ef97b955889075ae916638cc57e71f to remote] DEBUG org.asynchttpclient.netty.request.NettyRequestSender - Using pooled Channel '[id: 0x28e3c03f, L:/127.0.0.1:49788 - R:localhost/127.0.0.1:49850]' for 'GET' to 'http://localhost:49850/session/50ef97b955889075ae916638cc57e71f/url'
18:28:54.285 [Forwarding getCurrentUrl on session 50ef97b955889075ae916638cc57e71f to remote] DEBUG org.asynchttpclient.netty.request.NettyRequestSender - Using open Channel [id: 0x28e3c03f, L:/127.0.0.1:49788 - R:localhost/127.0.0.1:49850] for GET '/session/50ef97b955889075ae916638cc57e71f/url'
18:28:54.297 [AsyncHttpClient-1-2] DEBUG org.asynchttpclient.netty.handler.HttpHandler - 

Request DefaultFullHttpRequest(decodeResult: success, version: HTTP/1.1, content: EmptyByteBufBE)
GET /session/50ef97b955889075ae916638cc57e71f/url HTTP/1.1
User-Agent: selenium/4.1.4 (java windows)
Cache-Control: no-cache
Content-Type: application/json; charset=utf-8
host: localhost:49850
accept: */*

Response DefaultHttpResponse(decodeResult: success, version: HTTP/1.1)
HTTP/1.1 200 OK
Content-Type: application/json; charset=utf-8
cache-control: no-cache
content-length: 60

18:28:54.297 [AsyncHttpClient-1-2] DEBUG org.asynchttpclient.netty.channel.ChannelManager - Adding key: http://localhost:49850 for channel [id: 0x28e3c03f, L:/127.0.0.1:49788 - R:localhost/127.0.0.1:49850]
18:28:54.300 [Forwarding screenshot on session 50ef97b955889075ae916638cc57e71f to remote] DEBUG org.asynchttpclient.netty.request.NettyRequestSender - Using pooled Channel '[id: 0x28e3c03f, L:/127.0.0.1:49788 - R:localhost/127.0.0.1:49850]' for 'GET' to 'http://localhost:49850/session/50ef97b955889075ae916638cc57e71f/screenshot'
18:28:54.300 [Forwarding screenshot on session 50ef97b955889075ae916638cc57e71f to remote] DEBUG org.asynchttpclient.netty.request.NettyRequestSender - Using open Channel [id: 0x28e3c03f, L:/127.0.0.1:49788 - R:localhost/127.0.0.1:49850] for GET '/session/50ef97b955889075ae916638cc57e71f/screenshot'
18:28:54.634 [AsyncHttpClient-1-2] DEBUG org.asynchttpclient.netty.handler.HttpHandler - 

Request DefaultFullHttpRequest(decodeResult: success, version: HTTP/1.1, content: EmptyByteBufBE)
GET /session/50ef97b955889075ae916638cc57e71f/screenshot HTTP/1.1
User-Agent: selenium/4.1.4 (java windows)
Cache-Control: no-cache
Content-Type: application/json; charset=utf-8
host: localhost:49850
accept: */*

Response DefaultHttpResponse(decodeResult: success, version: HTTP/1.1)
HTTP/1.1 200 OK
Content-Type: application/json; charset=utf-8
cache-control: no-cache
content-length: 380436

18:28:54.642 [AsyncHttpClient-1-2] DEBUG org.asynchttpclient.netty.channel.ChannelManager - Adding key: http://localhost:49850 for channel [id: 0x28e3c03f, L:/127.0.0.1:49788 - R:localhost/127.0.0.1:49850]
18:28:54.645 [main] DEBUG net.serenitybdd.core.photography.Darkroom - Send negative for processing for target\site\serenity\d122c364c40ece9db0ad32cd97c3fcf63e95ba606118dda8d3e5a1d2b8235ce2.png
18:28:54.645 [main] DEBUG net.thucydides.core.steps.StepInterceptor - STEP DONE: openLogin
  &amp#27;[32mGiven &amp#27;[0m&amp#27;[32mOpen login page&amp#27;[0m                                                        &amp#27;[90m# starter.stepdefinitios.LoginSteps.openLoginPage()&amp#27;[0m
18:28:55.180 [Forwarding findElement on session 50ef97b955889075ae916638cc57e71f to remote] DEBUG org.asynchttpclient.netty.request.NettyRequestSender - Using pooled Channel '[id: 0x28e3c03f, L:/127.0.0.1:49788 - R:localhost/127.0.0.1:49850]' for 'POST' to 'http://localhost:49850/session/50ef97b955889075ae916638cc57e71f/element'
18:28:55.180 [Forwarding findElement on session 50ef97b955889075ae916638cc57e71f to remote] DEBUG org.asynchttpclient.netty.request.NettyRequestSender - Using open Channel [id: 0x28e3c03f, L:/127.0.0.1:49788 - R:localhost/127.0.0.1:49850] for POST '/session/50ef97b955889075ae916638cc57e71f/element'
18:28:55.199 [AsyncHttpClient-1-2] DEBUG org.asynchttpclient.netty.handler.HttpHandler - 

Request DefaultHttpRequest(decodeResult: success, version: HTTP/1.1)
POST /session/50ef97b955889075ae916638cc57e71f/element HTTP/1.1
User-Agent: selenium/4.1.4 (java windows)
Content-Length: 70
Content-Type: application/json; charset=utf-8
host: localhost:49850
accept: */*

Response DefaultHttpResponse(decodeResult: success, version: HTTP/1.1)
HTTP/1.1 200 OK
Content-Type: application/json; charset=utf-8
cache-control: no-cache
content-length: 88

18:28:55.200 [AsyncHttpClient-1-2] DEBUG org.asynchttpclient.netty.channel.ChannelManager - Adding key: http://localhost:49850 for channel [id: 0x28e3c03f, L:/127.0.0.1:49788 - R:localhost/127.0.0.1:49850]
18:28:55.201 [Forwarding sendKeysToElement on session 50ef97b955889075ae916638cc57e71f to remote] DEBUG org.asynchttpclient.netty.request.NettyRequestSender - Using pooled Channel '[id: 0x28e3c03f, L:/127.0.0.1:49788 - R:localhost/127.0.0.1:49850]' for 'POST' to 'http://localhost:49850/session/50ef97b955889075ae916638cc57e71f/element/612cbed6-e810-48ef-a81b-8b01acc18af8/value'
18:28:55.201 [Forwarding sendKeysToElement on session 50ef97b955889075ae916638cc57e71f to remote] DEBUG org.asynchttpclient.netty.request.NettyRequestSender - Using open Channel [id: 0x28e3c03f, L:/127.0.0.1:49788 - R:localhost/127.0.0.1:49850] for POST '/session/50ef97b955889075ae916638cc57e71f/element/612cbed6-e810-48ef-a81b-8b01acc18af8/value'
18:28:55.274 [AsyncHttpClient-1-2] DEBUG org.asynchttpclient.netty.handler.HttpHandler - 

Request DefaultHttpRequest(decodeResult: success, version: HTTP/1.1)
POST /session/50ef97b955889075ae916638cc57e71f/element/612cbed6-e810-48ef-a81b-8b01acc18af8/value HTTP/1.1
User-Agent: selenium/4.1.4 (java windows)
Content-Length: 131
Content-Type: application/json; charset=utf-8
host: localhost:49850
accept: */*

Response DefaultHttpResponse(decodeResult: success, version: HTTP/1.1)
HTTP/1.1 200 OK
Content-Type: application/json; charset=utf-8
cache-control: no-cache
content-length: 14

18:28:55.274 [AsyncHttpClient-1-2] DEBUG org.asynchttpclient.netty.channel.ChannelManager - Adding key: http://localhost:49850 for channel [id: 0x28e3c03f, L:/127.0.0.1:49788 - R:localhost/127.0.0.1:49850]
  &amp#27;[32mAnd &amp#27;[0m&amp#27;[32mI input &amp#27;[0m&amp#27;[32m&amp#27;[1m"admin"&amp#27;[0m&amp#27;[32m login email valid&amp#27;[0m                                        &amp#27;[90m# starter.stepdefinitios.LoginSteps.iInputLoginEmailValid(java.lang.String)&amp#27;[0m
18:28:55.277 [Forwarding screenshot on session 50ef97b955889075ae916638cc57e71f to remote] DEBUG org.asynchttpclient.netty.request.NettyRequestSender - Using pooled Channel '[id: 0x28e3c03f, L:/127.0.0.1:49788 - R:localhost/127.0.0.1:49850]' for 'GET' to 'http://localhost:49850/session/50ef97b955889075ae916638cc57e71f/screenshot'
18:28:55.277 [Forwarding screenshot on session 50ef97b955889075ae916638cc57e71f to remote] DEBUG org.asynchttpclient.netty.request.NettyRequestSender - Using open Channel [id: 0x28e3c03f, L:/127.0.0.1:49788 - R:localhost/127.0.0.1:49850] for GET '/session/50ef97b955889075ae916638cc57e71f/screenshot'
18:28:55.337 [AsyncHttpClient-1-1] DEBUG org.asynchttpclient.netty.channel.DefaultChannelPool - Entry count for : http://localhost:49789 : 1
18:28:55.551 [AsyncHttpClient-1-2] DEBUG org.asynchttpclient.netty.handler.HttpHandler - 

Request DefaultFullHttpRequest(decodeResult: success, version: HTTP/1.1, content: EmptyByteBufBE)
GET /session/50ef97b955889075ae916638cc57e71f/screenshot HTTP/1.1
User-Agent: selenium/4.1.4 (java windows)
Cache-Control: no-cache
Content-Type: application/json; charset=utf-8
host: localhost:49850
accept: */*

Response DefaultHttpResponse(decodeResult: success, version: HTTP/1.1)
HTTP/1.1 200 OK
Content-Type: application/json; charset=utf-8
cache-control: no-cache
content-length: 379420

18:28:55.551 [AsyncHttpClient-1-2] DEBUG org.asynchttpclient.netty.channel.ChannelManager - Adding key: http://localhost:49850 for channel [id: 0x28e3c03f, L:/127.0.0.1:49788 - R:localhost/127.0.0.1:49850]
18:28:55.561 [main] DEBUG net.serenitybdd.core.photography.Darkroom - Send negative for processing for target\site\serenity\93df20195d3751dea78ac30a105f84d37c410e0341f58ded6fb231b5b47402e6.png
18:28:56.092 [Forwarding screenshot on session 50ef97b955889075ae916638cc57e71f to remote] DEBUG org.asynchttpclient.netty.request.NettyRequestSender - Using pooled Channel '[id: 0x28e3c03f, L:/127.0.0.1:49788 - R:localhost/127.0.0.1:49850]' for 'GET' to 'http://localhost:49850/session/50ef97b955889075ae916638cc57e71f/screenshot'
18:28:56.092 [Forwarding screenshot on session 50ef97b955889075ae916638cc57e71f to remote] DEBUG org.asynchttpclient.netty.request.NettyRequestSender - Using open Channel [id: 0x28e3c03f, L:/127.0.0.1:49788 - R:localhost/127.0.0.1:49850] for GET '/session/50ef97b955889075ae916638cc57e71f/screenshot'
18:28:56.396 [AsyncHttpClient-1-2] DEBUG org.asynchttpclient.netty.handler.HttpHandler - 

Request DefaultFullHttpRequest(decodeResult: success, version: HTTP/1.1, content: EmptyByteBufBE)
GET /session/50ef97b955889075ae916638cc57e71f/screenshot HTTP/1.1
User-Agent: selenium/4.1.4 (java windows)
Cache-Control: no-cache
Content-Type: application/json; charset=utf-8
host: localhost:49850
accept: */*

Response DefaultHttpResponse(decodeResult: success, version: HTTP/1.1)
HTTP/1.1 200 OK
Content-Type: application/json; charset=utf-8
cache-control: no-cache
content-length: 379404

18:28:56.396 [AsyncHttpClient-1-2] DEBUG org.asynchttpclient.netty.channel.ChannelManager - Adding key: http://localhost:49850 for channel [id: 0x28e3c03f, L:/127.0.0.1:49788 - R:localhost/127.0.0.1:49850]
18:28:56.404 [main] DEBUG net.serenitybdd.core.photography.Darkroom - Send negative for processing for target\site\serenity\f684e1524ced0278b0b6c6b37709a7cbfb8281aeb576b04a4743fda17448b798.png
18:28:56.404 [main] DEBUG net.thucydides.core.steps.StepInterceptor - STARTING STEP: LoginSteps.iInputLoginPasswordValid - inputPasswordLogin
18:28:56.406 [Forwarding findElement on session 50ef97b955889075ae916638cc57e71f to remote] DEBUG org.asynchttpclient.netty.request.NettyRequestSender - Using pooled Channel '[id: 0x28e3c03f, L:/127.0.0.1:49788 - R:localhost/127.0.0.1:49850]' for 'POST' to 'http://localhost:49850/session/50ef97b955889075ae916638cc57e71f/element'
18:28:56.406 [Forwarding findElement on session 50ef97b955889075ae916638cc57e71f to remote] DEBUG org.asynchttpclient.netty.request.NettyRequestSender - Using open Channel [id: 0x28e3c03f, L:/127.0.0.1:49788 - R:localhost/127.0.0.1:49850] for POST '/session/50ef97b955889075ae916638cc57e71f/element'
18:28:56.415 [AsyncHttpClient-1-2] DEBUG org.asynchttpclient.netty.handler.HttpHandler - 

Request DefaultHttpRequest(decodeResult: success, version: HTTP/1.1)
POST /session/50ef97b955889075ae916638cc57e71f/element HTTP/1.1
User-Agent: selenium/4.1.4 (java windows)
Content-Length: 70
Content-Type: application/json; charset=utf-8
host: localhost:49850
accept: */*

Response DefaultHttpResponse(decodeResult: success, version: HTTP/1.1)
HTTP/1.1 200 OK
Content-Type: application/json; charset=utf-8
cache-control: no-cache
content-length: 88

18:28:56.415 [AsyncHttpClient-1-2] DEBUG org.asynchttpclient.netty.channel.ChannelManager - Adding key: http://localhost:49850 for channel [id: 0x28e3c03f, L:/127.0.0.1:49788 - R:localhost/127.0.0.1:49850]
18:28:56.416 [Forwarding sendKeysToElement on session 50ef97b955889075ae916638cc57e71f to remote] DEBUG org.asynchttpclient.netty.request.NettyRequestSender - Using pooled Channel '[id: 0x28e3c03f, L:/127.0.0.1:49788 - R:localhost/127.0.0.1:49850]' for 'POST' to 'http://localhost:49850/session/50ef97b955889075ae916638cc57e71f/element/ce29a3f4-7e09-4e83-9bfa-cb7dfe2a12b1/value'
18:28:56.416 [Forwarding sendKeysToElement on session 50ef97b955889075ae916638cc57e71f to remote] DEBUG org.asynchttpclient.netty.request.NettyRequestSender - Using open Channel [id: 0x28e3c03f, L:/127.0.0.1:49788 - R:localhost/127.0.0.1:49850] for POST '/session/50ef97b955889075ae916638cc57e71f/element/ce29a3f4-7e09-4e83-9bfa-cb7dfe2a12b1/value'
18:28:56.439 [AsyncHttpClient-1-1] DEBUG org.asynchttpclient.netty.channel.DefaultChannelPool - Entry count for : http://localhost:49789 : 1
18:28:56.490 [AsyncHttpClient-1-2] DEBUG org.asynchttpclient.netty.handler.HttpHandler - 

Request DefaultHttpRequest(decodeResult: success, version: HTTP/1.1)
POST /session/50ef97b955889075ae916638cc57e71f/element/ce29a3f4-7e09-4e83-9bfa-cb7dfe2a12b1/value HTTP/1.1
User-Agent: selenium/4.1.4 (java windows)
Content-Length: 161
Content-Type: application/json; charset=utf-8
host: localhost:49850
accept: */*

Response DefaultHttpResponse(decodeResult: success, version: HTTP/1.1)
HTTP/1.1 200 OK
Content-Type: application/json; charset=utf-8
cache-control: no-cache
content-length: 14

18:28:56.491 [AsyncHttpClient-1-2] DEBUG org.asynchttpclient.netty.channel.ChannelManager - Adding key: http://localhost:49850 for channel [id: 0x28e3c03f, L:/127.0.0.1:49788 - R:localhost/127.0.0.1:49850]
18:28:56.495 [Forwarding screenshot on session 50ef97b955889075ae916638cc57e71f to remote] DEBUG org.asynchttpclient.netty.request.NettyRequestSender - Using pooled Channel '[id: 0x28e3c03f, L:/127.0.0.1:49788 - R:localhost/127.0.0.1:49850]' for 'GET' to 'http://localhost:49850/session/50ef97b955889075ae916638cc57e71f/screenshot'
18:28:56.495 [Forwarding screenshot on session 50ef97b955889075ae916638cc57e71f to remote] DEBUG org.asynchttpclient.netty.request.NettyRequestSender - Using open Channel [id: 0x28e3c03f, L:/127.0.0.1:49788 - R:localhost/127.0.0.1:49850] for GET '/session/50ef97b955889075ae916638cc57e71f/screenshot'
18:28:56.693 [AsyncHttpClient-1-2] DEBUG org.asynchttpclient.netty.handler.HttpHandler - 

Request DefaultFullHttpRequest(decodeResult: success, version: HTTP/1.1, content: EmptyByteBufBE)
GET /session/50ef97b955889075ae916638cc57e71f/screenshot HTTP/1.1
User-Agent: selenium/4.1.4 (java windows)
Cache-Control: no-cache
Content-Type: application/json; charset=utf-8
host: localhost:49850
accept: */*

Response DefaultHttpResponse(decodeResult: success, version: HTTP/1.1)
HTTP/1.1 200 OK
Content-Type: application/json; charset=utf-8
cache-control: no-cache
content-length: 377580

18:28:56.693 [AsyncHttpClient-1-2] DEBUG org.asynchttpclient.netty.channel.ChannelManager - Adding key: http://localhost:49850 for channel [id: 0x28e3c03f, L:/127.0.0.1:49788 - R:localhost/127.0.0.1:49850]
18:28:56.702 [main] DEBUG net.serenitybdd.core.photography.Darkroom - Send negative for processing for target\site\serenity\44fa0aa493cf3a3837a7fab79c30bded8f584eda85d2cfd055a7ef5b4e3f0a4a.png
18:28:56.702 [main] DEBUG net.thucydides.core.steps.StepInterceptor - STEP DONE: inputPasswordLogin
  &amp#27;[32mAnd &amp#27;[0m&amp#27;[32mI input &amp#27;[0m&amp#27;[32m&amp#27;[1m"admin123"&amp#27;[0m&amp#27;[32m login password valid&amp#27;[0m                                  &amp#27;[90m# starter.stepdefinitios.LoginSteps.iInputLoginPasswordValid(java.lang.String)&amp#27;[0m
18:28:56.727 [main] DEBUG net.thucydides.core.steps.StepInterceptor - STARTING STEP: LoginSteps.iClickButtonLogin - clickButtonLogin
18:28:56.731 [Forwarding findElement on session 50ef97b955889075ae916638cc57e71f to remote] DEBUG org.asynchttpclient.netty.request.NettyRequestSender - Using pooled Channel '[id: 0x28e3c03f, L:/127.0.0.1:49788 - R:localhost/127.0.0.1:49850]' for 'POST' to 'http://localhost:49850/session/50ef97b955889075ae916638cc57e71f/element'
18:28:56.731 [Forwarding findElement on session 50ef97b955889075ae916638cc57e71f to remote] DEBUG org.asynchttpclient.netty.request.NettyRequestSender - Using open Channel [id: 0x28e3c03f, L:/127.0.0.1:49788 - R:localhost/127.0.0.1:49850] for POST '/session/50ef97b955889075ae916638cc57e71f/element'
18:28:56.743 [AsyncHttpClient-1-2] DEBUG org.asynchttpclient.netty.handler.HttpHandler - 

Request DefaultHttpRequest(decodeResult: success, version: HTTP/1.1)
POST /session/50ef97b955889075ae916638cc57e71f/element HTTP/1.1
User-Agent: selenium/4.1.4 (java windows)
Content-Length: 68
Content-Type: application/json; charset=utf-8
host: localhost:49850
accept: */*

Response DefaultHttpResponse(decodeResult: success, version: HTTP/1.1)
HTTP/1.1 200 OK
Content-Type: application/json; charset=utf-8
cache-control: no-cache
content-length: 88

18:28:56.744 [AsyncHttpClient-1-2] DEBUG org.asynchttpclient.netty.channel.ChannelManager - Adding key: http://localhost:49850 for channel [id: 0x28e3c03f, L:/127.0.0.1:49788 - R:localhost/127.0.0.1:49850]
18:28:56.745 [Forwarding getElementTagName on session 50ef97b955889075ae916638cc57e71f to remote] DEBUG org.asynchttpclient.netty.request.NettyRequestSender - Using pooled Channel '[id: 0x28e3c03f, L:/127.0.0.1:49788 - R:localhost/127.0.0.1:49850]' for 'GET' to 'http://localhost:49850/session/50ef97b955889075ae916638cc57e71f/element/f4230e28-fb50-42a4-90c6-7eabae0bca85/name'
18:28:56.745 [Forwarding getElementTagName on session 50ef97b955889075ae916638cc57e71f to remote] DEBUG org.asynchttpclient.netty.request.NettyRequestSender - Using open Channel [id: 0x28e3c03f, L:/127.0.0.1:49788 - R:localhost/127.0.0.1:49850] for GET '/session/50ef97b955889075ae916638cc57e71f/element/f4230e28-fb50-42a4-90c6-7eabae0bca85/name'
18:28:56.745 [AsyncHttpClient-1-2] DEBUG org.asynchttpclient.netty.handler.HttpHandler - 

Request DefaultFullHttpRequest(decodeResult: success, version: HTTP/1.1, content: EmptyByteBufBE)
GET /session/50ef97b955889075ae916638cc57e71f/element/f4230e28-fb50-42a4-90c6-7eabae0bca85/name HTTP/1.1
User-Agent: selenium/4.1.4 (java windows)
Cache-Control: no-cache
Content-Type: application/json; charset=utf-8
host: localhost:49850
accept: */*

Response DefaultHttpResponse(decodeResult: success, version: HTTP/1.1)
HTTP/1.1 200 OK
Content-Type: application/json; charset=utf-8
cache-control: no-cache
content-length: 18

18:28:56.745 [AsyncHttpClient-1-2] DEBUG org.asynchttpclient.netty.channel.ChannelManager - Adding key: http://localhost:49850 for channel [id: 0x28e3c03f, L:/127.0.0.1:49788 - R:localhost/127.0.0.1:49850]
18:28:56.745 [Forwarding getElementTagName on session 50ef97b955889075ae916638cc57e71f to remote] DEBUG org.asynchttpclient.netty.request.NettyRequestSender - Using pooled Channel '[id: 0x28e3c03f, L:/127.0.0.1:49788 - R:localhost/127.0.0.1:49850]' for 'GET' to 'http://localhost:49850/session/50ef97b955889075ae916638cc57e71f/element/f4230e28-fb50-42a4-90c6-7eabae0bca85/name'
18:28:56.745 [Forwarding getElementTagName on session 50ef97b955889075ae916638cc57e71f to remote] DEBUG org.asynchttpclient.netty.request.NettyRequestSender - Using open Channel [id: 0x28e3c03f, L:/127.0.0.1:49788 - R:localhost/127.0.0.1:49850] for GET '/session/50ef97b955889075ae916638cc57e71f/element/f4230e28-fb50-42a4-90c6-7eabae0bca85/name'
18:28:56.745 [AsyncHttpClient-1-2] DEBUG org.asynchttpclient.netty.handler.HttpHandler - 

Request DefaultFullHttpRequest(decodeResult: success, version: HTTP/1.1, content: EmptyByteBufBE)
GET /session/50ef97b955889075ae916638cc57e71f/element/f4230e28-fb50-42a4-90c6-7eabae0bca85/name HTTP/1.1
User-Agent: selenium/4.1.4 (java windows)
Cache-Control: no-cache
Content-Type: application/json; charset=utf-8
host: localhost:49850
accept: */*

Response DefaultHttpResponse(decodeResult: success, version: HTTP/1.1)
HTTP/1.1 200 OK
Content-Type: application/json; charset=utf-8
cache-control: no-cache
content-length: 18

18:28:56.745 [AsyncHttpClient-1-2] DEBUG org.asynchttpclient.netty.channel.ChannelManager - Adding key: http://localhost:49850 for channel [id: 0x28e3c03f, L:/127.0.0.1:49788 - R:localhost/127.0.0.1:49850]
18:28:56.755 [Forwarding isElementEnabled on session 50ef97b955889075ae916638cc57e71f to remote] DEBUG org.asynchttpclient.netty.request.NettyRequestSender - Using pooled Channel '[id: 0x28e3c03f, L:/127.0.0.1:49788 - R:localhost/127.0.0.1:49850]' for 'GET' to 'http://localhost:49850/session/50ef97b955889075ae916638cc57e71f/element/f4230e28-fb50-42a4-90c6-7eabae0bca85/enabled'
18:28:56.755 [Forwarding isElementEnabled on session 50ef97b955889075ae916638cc57e71f to remote] DEBUG org.asynchttpclient.netty.request.NettyRequestSender - Using open Channel [id: 0x28e3c03f, L:/127.0.0.1:49788 - R:localhost/127.0.0.1:49850] for GET '/session/50ef97b955889075ae916638cc57e71f/element/f4230e28-fb50-42a4-90c6-7eabae0bca85/enabled'
18:28:56.764 [AsyncHttpClient-1-2] DEBUG org.asynchttpclient.netty.handler.HttpHandler - 

Request DefaultFullHttpRequest(decodeResult: success, version: HTTP/1.1, content: EmptyByteBufBE)
GET /session/50ef97b955889075ae916638cc57e71f/element/f4230e28-fb50-42a4-90c6-7eabae0bca85/enabled HTTP/1.1
User-Agent: selenium/4.1.4 (java windows)
Cache-Control: no-cache
Content-Type: application/json; charset=utf-8
host: localhost:49850
accept: */*

Response DefaultHttpResponse(decodeResult: success, version: HTTP/1.1)
HTTP/1.1 200 OK
Content-Type: application/json; charset=utf-8
cache-control: no-cache
content-length: 14

18:28:56.765 [AsyncHttpClient-1-2] DEBUG org.asynchttpclient.netty.channel.ChannelManager - Adding key: http://localhost:49850 for channel [id: 0x28e3c03f, L:/127.0.0.1:49788 - R:localhost/127.0.0.1:49850]
18:28:56.771 [Forwarding isElementEnabled on session 50ef97b955889075ae916638cc57e71f to remote] DEBUG org.asynchttpclient.netty.request.NettyRequestSender - Using pooled Channel '[id: 0x28e3c03f, L:/127.0.0.1:49788 - R:localhost/127.0.0.1:49850]' for 'GET' to 'http://localhost:49850/session/50ef97b955889075ae916638cc57e71f/element/f4230e28-fb50-42a4-90c6-7eabae0bca85/enabled'
18:28:56.771 [Forwarding isElementEnabled on session 50ef97b955889075ae916638cc57e71f to remote] DEBUG org.asynchttpclient.netty.request.NettyRequestSender - Using open Channel [id: 0x28e3c03f, L:/127.0.0.1:49788 - R:localhost/127.0.0.1:49850] for GET '/session/50ef97b955889075ae916638cc57e71f/element/f4230e28-fb50-42a4-90c6-7eabae0bca85/enabled'
18:28:56.778 [AsyncHttpClient-1-2] DEBUG org.asynchttpclient.netty.handler.HttpHandler - 

Request DefaultFullHttpRequest(decodeResult: success, version: HTTP/1.1, content: EmptyByteBufBE)
GET /session/50ef97b955889075ae916638cc57e71f/element/f4230e28-fb50-42a4-90c6-7eabae0bca85/enabled HTTP/1.1
User-Agent: selenium/4.1.4 (java windows)
Cache-Control: no-cache
Content-Type: application/json; charset=utf-8
host: localhost:49850
accept: */*

Response DefaultHttpResponse(decodeResult: success, version: HTTP/1.1)
HTTP/1.1 200 OK
Content-Type: application/json; charset=utf-8
cache-control: no-cache
content-length: 14

18:28:56.778 [AsyncHttpClient-1-2] DEBUG org.asynchttpclient.netty.channel.ChannelManager - Adding key: http://localhost:49850 for channel [id: 0x28e3c03f, L:/127.0.0.1:49788 - R:localhost/127.0.0.1:49850]
18:28:56.778 [Forwarding findElement on session 50ef97b955889075ae916638cc57e71f to remote] DEBUG org.asynchttpclient.netty.request.NettyRequestSender - Using pooled Channel '[id: 0x28e3c03f, L:/127.0.0.1:49788 - R:localhost/127.0.0.1:49850]' for 'POST' to 'http://localhost:49850/session/50ef97b955889075ae916638cc57e71f/element'
18:28:56.778 [Forwarding findElement on session 50ef97b955889075ae916638cc57e71f to remote] DEBUG org.asynchttpclient.netty.request.NettyRequestSender - Using open Channel [id: 0x28e3c03f, L:/127.0.0.1:49788 - R:localhost/127.0.0.1:49850] for POST '/session/50ef97b955889075ae916638cc57e71f/element'
18:28:56.786 [AsyncHttpClient-1-2] DEBUG org.asynchttpclient.netty.handler.HttpHandler - 

Request DefaultHttpRequest(decodeResult: success, version: HTTP/1.1)
POST /session/50ef97b955889075ae916638cc57e71f/element HTTP/1.1
User-Agent: selenium/4.1.4 (java windows)
Content-Length: 68
Content-Type: application/json; charset=utf-8
host: localhost:49850
accept: */*

Response DefaultHttpResponse(decodeResult: success, version: HTTP/1.1)
HTTP/1.1 200 OK
Content-Type: application/json; charset=utf-8
cache-control: no-cache
content-length: 88

18:28:56.786 [AsyncHttpClient-1-2] DEBUG org.asynchttpclient.netty.channel.ChannelManager - Adding key: http://localhost:49850 for channel [id: 0x28e3c03f, L:/127.0.0.1:49788 - R:localhost/127.0.0.1:49850]
18:28:56.787 [Forwarding clickElement on session 50ef97b955889075ae916638cc57e71f to remote] DEBUG org.asynchttpclient.netty.request.NettyRequestSender - Using pooled Channel '[id: 0x28e3c03f, L:/127.0.0.1:49788 - R:localhost/127.0.0.1:49850]' for 'POST' to 'http://localhost:49850/session/50ef97b955889075ae916638cc57e71f/element/f4230e28-fb50-42a4-90c6-7eabae0bca85/click'
18:28:56.787 [Forwarding clickElement on session 50ef97b955889075ae916638cc57e71f to remote] DEBUG org.asynchttpclient.netty.request.NettyRequestSender - Using open Channel [id: 0x28e3c03f, L:/127.0.0.1:49788 - R:localhost/127.0.0.1:49850] for POST '/session/50ef97b955889075ae916638cc57e71f/element/f4230e28-fb50-42a4-90c6-7eabae0bca85/click'
18:28:56.881 [AsyncHttpClient-1-2] DEBUG org.asynchttpclient.netty.handler.HttpHandler - 

Request DefaultHttpRequest(decodeResult: success, version: HTTP/1.1)
POST /session/50ef97b955889075ae916638cc57e71f/element/f4230e28-fb50-42a4-90c6-7eabae0bca85/click HTTP/1.1
User-Agent: selenium/4.1.4 (java windows)
Content-Length: 50
Content-Type: application/json; charset=utf-8
host: localhost:49850
accept: */*

Response DefaultHttpResponse(decodeResult: success, version: HTTP/1.1)
HTTP/1.1 200 OK
Content-Type: application/json; charset=utf-8
cache-control: no-cache
content-length: 14

18:28:56.881 [AsyncHttpClient-1-2] DEBUG org.asynchttpclient.netty.channel.ChannelManager - Adding key: http://localhost:49850 for channel [id: 0x28e3c03f, L:/127.0.0.1:49788 - R:localhost/127.0.0.1:49850]
18:28:56.894 [Forwarding screenshot on session 50ef97b955889075ae916638cc57e71f to remote] DEBUG org.asynchttpclient.netty.request.NettyRequestSender - Using pooled Channel '[id: 0x28e3c03f, L:/127.0.0.1:49788 - R:localhost/127.0.0.1:49850]' for 'GET' to 'http://localhost:49850/session/50ef97b955889075ae916638cc57e71f/screenshot'
18:28:56.894 [Forwarding screenshot on session 50ef97b955889075ae916638cc57e71f to remote] DEBUG org.asynchttpclient.netty.request.NettyRequestSender - Using open Channel [id: 0x28e3c03f, L:/127.0.0.1:49788 - R:localhost/127.0.0.1:49850] for GET '/session/50ef97b955889075ae916638cc57e71f/screenshot'
18:28:57.179 [AsyncHttpClient-1-2] DEBUG org.asynchttpclient.netty.handler.HttpHandler - 

Request DefaultFullHttpRequest(decodeResult: success, version: HTTP/1.1, content: EmptyByteBufBE)
GET /session/50ef97b955889075ae916638cc57e71f/screenshot HTTP/1.1
User-Agent: selenium/4.1.4 (java windows)
Cache-Control: no-cache
Content-Type: application/json; charset=utf-8
host: localhost:49850
accept: */*

Response DefaultHttpResponse(decodeResult: success, version: HTTP/1.1)
HTTP/1.1 200 OK
Content-Type: application/json; charset=utf-8
cache-control: no-cache
content-length: 342708

18:28:57.180 [AsyncHttpClient-1-2] DEBUG org.asynchttpclient.netty.channel.ChannelManager - Adding key: http://localhost:49850 for channel [id: 0x28e3c03f, L:/127.0.0.1:49788 - R:localhost/127.0.0.1:49850]
18:28:57.189 [main] DEBUG net.serenitybdd.core.photography.Darkroom - Send negative for processing for target\site\serenity\41a551a030bef94765c7f35275e39c6612fcd081eb2934f04931f59e492a88f2.png
18:28:57.189 [main] DEBUG net.thucydides.core.steps.StepInterceptor - STEP DONE: clickButtonLogin
18:28:57.189 [Darkroom Processing Line] DEBUG net.serenitybdd.core.photography.DarkroomProcessingLine - Processing screenshot image in /var/screenshots/screenshot-414287816074876983
18:28:57.189 [Darkroom Processing Line] DEBUG net.serenitybdd.core.photography.DarkroomProcessingLine - Saving screenshot to target\site\serenity\41a551a030bef94765c7f35275e39c6612fcd081eb2934f04931f59e492a88f2.png
18:28:57.536 [AsyncHttpClient-1-1] DEBUG org.asynchttpclient.netty.channel.DefaultChannelPool - Entry count for : http://localhost:49850 : 1
18:28:57.536 [AsyncHttpClient-1-1] DEBUG org.asynchttpclient.netty.channel.DefaultChannelPool - Entry count for : http://localhost:49789 : 1
  &amp#27;[32mAnd &amp#27;[0m&amp#27;[32mI click button login&amp#27;[0m                                                     &amp#27;[90m# starter.stepdefinitios.LoginSteps.iClickButtonLogin()&amp#27;[0m
18:28:58.200 [Forwarding screenshot on session 50ef97b955889075ae916638cc57e71f to remote] DEBUG org.asynchttpclient.netty.request.NettyRequestSender - Using pooled Channel '[id: 0x28e3c03f, L:/127.0.0.1:49788 - R:localhost/127.0.0.1:49850]' for 'GET' to 'http://localhost:49850/session/50ef97b955889075ae916638cc57e71f/screenshot'
18:28:58.200 [Forwarding screenshot on session 50ef97b955889075ae916638cc57e71f to remote] DEBUG org.asynchttpclient.netty.request.NettyRequestSender - Using open Channel [id: 0x28e3c03f, L:/127.0.0.1:49788 - R:localhost/127.0.0.1:49850] for GET '/session/50ef97b955889075ae916638cc57e71f/screenshot'
18:28:58.461 [AsyncHttpClient-1-2] DEBUG org.asynchttpclient.netty.handler.HttpHandler - 

Request DefaultFullHttpRequest(decodeResult: success, version: HTTP/1.1, content: EmptyByteBufBE)
GET /session/50ef97b955889075ae916638cc57e71f/screenshot HTTP/1.1
User-Agent: selenium/4.1.4 (java windows)
Cache-Control: no-cache
Content-Type: application/json; charset=utf-8
host: localhost:49850
accept: */*

Response DefaultHttpResponse(decodeResult: success, version: HTTP/1.1)
HTTP/1.1 200 OK
Content-Type: application/json; charset=utf-8
cache-control: no-cache
content-length: 313136

18:28:58.461 [AsyncHttpClient-1-2] DEBUG org.asynchttpclient.netty.channel.ChannelManager - Adding key: http://localhost:49850 for channel [id: 0x28e3c03f, L:/127.0.0.1:49788 - R:localhost/127.0.0.1:49850]
18:28:58.467 [main] DEBUG net.serenitybdd.core.photography.Darkroom - Send negative for processing for target\site\serenity\ccf9181bf2eff66b32e63031910cfd66bdfcc15ad6b09af267f498831be6d989.png
18:28:58.478 [Darkroom Processing Line] DEBUG net.serenitybdd.core.photography.DarkroomProcessingLine - Processing screenshot image in /var/screenshots/screenshot-3427047176463437640
18:28:58.478 [Darkroom Processing Line] DEBUG net.serenitybdd.core.photography.DarkroomProcessingLine - Saving screenshot to target\site\serenity\ccf9181bf2eff66b32e63031910cfd66bdfcc15ad6b09af267f498831be6d989.png
18:28:58.657 [AsyncHttpClient-1-1] DEBUG org.asynchttpclient.netty.channel.DefaultChannelPool - Entry count for : http://localhost:49850 : 1
18:28:58.657 [AsyncHttpClient-1-1] DEBUG org.asynchttpclient.netty.channel.DefaultChannelPool - Entry count for : http://localhost:49789 : 1
18:28:59.741 [AsyncHttpClient-1-1] DEBUG org.asynchttpclient.netty.channel.DefaultChannelPool - Entry count for : http://localhost:49850 : 1
18:28:59.741 [AsyncHttpClient-1-1] DEBUG org.asynchttpclient.netty.channel.DefaultChannelPool - Entry count for : http://localhost:49789 : 1
18:29:00.842 [AsyncHttpClient-1-1] DEBUG org.asynchttpclient.netty.channel.DefaultChannelPool - Entry count for : http://localhost:49850 : 1
18:29:00.842 [AsyncHttpClient-1-1] DEBUG org.asynchttpclient.netty.channel.DefaultChannelPool - Entry count for : http://localhost:49789 : 1
18:29:01.941 [AsyncHttpClient-1-1] DEBUG org.asynchttpclient.netty.channel.DefaultChannelPool - Entry count for : http://localhost:49850 : 1
18:29:01.941 [AsyncHttpClient-1-1] DEBUG org.asynchttpclient.netty.channel.DefaultChannelPool - Entry count for : http://localhost:49789 : 1
18:29:03.042 [AsyncHttpClient-1-1] DEBUG org.asynchttpclient.netty.channel.DefaultChannelPool - Entry count for : http://localhost:49850 : 1
18:29:03.042 [AsyncHttpClient-1-1] DEBUG org.asynchttpclient.netty.channel.DefaultChannelPool - Entry count for : http://localhost:49789 : 1
18:29:03.481 [Forwarding findElement on session 50ef97b955889075ae916638cc57e71f to remote] DEBUG org.asynchttpclient.netty.request.NettyRequestSender - Using pooled Channel '[id: 0x28e3c03f, L:/127.0.0.1:49788 - R:localhost/127.0.0.1:49850]' for 'POST' to 'http://localhost:49850/session/50ef97b955889075ae916638cc57e71f/element'
18:29:03.481 [Forwarding findElement on session 50ef97b955889075ae916638cc57e71f to remote] DEBUG org.asynchttpclient.netty.request.NettyRequestSender - Using open Channel [id: 0x28e3c03f, L:/127.0.0.1:49788 - R:localhost/127.0.0.1:49850] for POST '/session/50ef97b955889075ae916638cc57e71f/element'
18:29:03.505 [AsyncHttpClient-1-2] DEBUG org.asynchttpclient.netty.handler.HttpHandler - 

Request DefaultHttpRequest(decodeResult: success, version: HTTP/1.1)
POST /session/50ef97b955889075ae916638cc57e71f/element HTTP/1.1
User-Agent: selenium/4.1.4 (java windows)
Content-Length: 68
Content-Type: application/json; charset=utf-8
host: localhost:49850
accept: */*

Response DefaultHttpResponse(decodeResult: success, version: HTTP/1.1)
HTTP/1.1 200 OK
Content-Type: application/json; charset=utf-8
cache-control: no-cache
content-length: 88

18:29:03.505 [AsyncHttpClient-1-2] DEBUG org.asynchttpclient.netty.channel.ChannelManager - Adding key: http://localhost:49850 for channel [id: 0x28e3c03f, L:/127.0.0.1:49788 - R:localhost/127.0.0.1:49850]
18:29:03.506 [Forwarding isElementEnabled on session 50ef97b955889075ae916638cc57e71f to remote] DEBUG org.asynchttpclient.netty.request.NettyRequestSender - Using pooled Channel '[id: 0x28e3c03f, L:/127.0.0.1:49788 - R:localhost/127.0.0.1:49850]' for 'GET' to 'http://localhost:49850/session/50ef97b955889075ae916638cc57e71f/element/2039688c-69d2-405a-ae9e-c62b6be32540/enabled'
18:29:03.506 [Forwarding isElementEnabled on session 50ef97b955889075ae916638cc57e71f to remote] DEBUG org.asynchttpclient.netty.request.NettyRequestSender - Using open Channel [id: 0x28e3c03f, L:/127.0.0.1:49788 - R:localhost/127.0.0.1:49850] for GET '/session/50ef97b955889075ae916638cc57e71f/element/2039688c-69d2-405a-ae9e-c62b6be32540/enabled'
18:29:03.517 [AsyncHttpClient-1-2] DEBUG org.asynchttpclient.netty.handler.HttpHandler - 

Request DefaultFullHttpRequest(decodeResult: success, version: HTTP/1.1, content: EmptyByteBufBE)
GET /session/50ef97b955889075ae916638cc57e71f/element/2039688c-69d2-405a-ae9e-c62b6be32540/enabled HTTP/1.1
User-Agent: selenium/4.1.4 (java windows)
Cache-Control: no-cache
Content-Type: application/json; charset=utf-8
host: localhost:49850
accept: */*

Response DefaultHttpResponse(decodeResult: success, version: HTTP/1.1)
HTTP/1.1 200 OK
Content-Type: application/json; charset=utf-8
cache-control: no-cache
content-length: 14

18:29:03.517 [AsyncHttpClient-1-2] DEBUG org.asynchttpclient.netty.channel.ChannelManager - Adding key: http://localhost:49850 for channel [id: 0x28e3c03f, L:/127.0.0.1:49788 - R:localhost/127.0.0.1:49850]
18:29:04.033 [Forwarding screenshot on session 50ef97b955889075ae916638cc57e71f to remote] DEBUG org.asynchttpclient.netty.request.NettyRequestSender - Using pooled Channel '[id: 0x28e3c03f, L:/127.0.0.1:49788 - R:localhost/127.0.0.1:49850]' for 'GET' to 'http://localhost:49850/session/50ef97b955889075ae916638cc57e71f/screenshot'
18:29:04.033 [Forwarding screenshot on session 50ef97b955889075ae916638cc57e71f to remote] DEBUG org.asynchttpclient.netty.request.NettyRequestSender - Using open Channel [id: 0x28e3c03f, L:/127.0.0.1:49788 - R:localhost/127.0.0.1:49850] for GET '/session/50ef97b955889075ae916638cc57e71f/screenshot'
18:29:04.143 [AsyncHttpClient-1-1] DEBUG org.asynchttpclient.netty.channel.DefaultChannelPool - Entry count for : http://localhost:49789 : 1
18:29:04.237 [AsyncHttpClient-1-2] DEBUG org.asynchttpclient.netty.handler.HttpHandler - 

Request DefaultFullHttpRequest(decodeResult: success, version: HTTP/1.1, content: EmptyByteBufBE)
GET /session/50ef97b955889075ae916638cc57e71f/screenshot HTTP/1.1
User-Agent: selenium/4.1.4 (java windows)
Cache-Control: no-cache
Content-Type: application/json; charset=utf-8
host: localhost:49850
accept: */*

Response DefaultHttpResponse(decodeResult: success, version: HTTP/1.1)
HTTP/1.1 200 OK
Content-Type: application/json; charset=utf-8
cache-control: no-cache
content-length: 301044

18:29:04.237 [AsyncHttpClient-1-2] DEBUG org.asynchttpclient.netty.channel.ChannelManager - Adding key: http://localhost:49850 for channel [id: 0x28e3c03f, L:/127.0.0.1:49788 - R:localhost/127.0.0.1:49850]
18:29:04.247 [main] DEBUG net.serenitybdd.core.photography.Darkroom - Send negative for processing for target\site\serenity\163e386af0b12517552a74a3d5043b94e8c0f9215c0f21d464e3b04d27a0859d.png
18:29:04.247 [main] DEBUG net.thucydides.core.steps.StepInterceptor - STARTING STEP: LoginSteps.loginValidationInvalid - clickButtonErrorOK
18:29:04.255 [Forwarding findElement on session 50ef97b955889075ae916638cc57e71f to remote] DEBUG org.asynchttpclient.netty.request.NettyRequestSender - Using pooled Channel '[id: 0x28e3c03f, L:/127.0.0.1:49788 - R:localhost/127.0.0.1:49850]' for 'POST' to 'http://localhost:49850/session/50ef97b955889075ae916638cc57e71f/element'
18:29:04.255 [Forwarding findElement on session 50ef97b955889075ae916638cc57e71f to remote] DEBUG org.asynchttpclient.netty.request.NettyRequestSender - Using open Channel [id: 0x28e3c03f, L:/127.0.0.1:49788 - R:localhost/127.0.0.1:49850] for POST '/session/50ef97b955889075ae916638cc57e71f/element'
18:29:04.264 [AsyncHttpClient-1-2] DEBUG org.asynchttpclient.netty.handler.HttpHandler - 

Request DefaultHttpRequest(decodeResult: success, version: HTTP/1.1)
POST /session/50ef97b955889075ae916638cc57e71f/element HTTP/1.1
User-Agent: selenium/4.1.4 (java windows)
Content-Length: 88
Content-Type: application/json; charset=utf-8
host: localhost:49850
accept: */*

Response DefaultHttpResponse(decodeResult: success, version: HTTP/1.1)
HTTP/1.1 200 OK
Content-Type: application/json; charset=utf-8
cache-control: no-cache
content-length: 88

18:29:04.264 [AsyncHttpClient-1-2] DEBUG org.asynchttpclient.netty.channel.ChannelManager - Adding key: http://localhost:49850 for channel [id: 0x28e3c03f, L:/127.0.0.1:49788 - R:localhost/127.0.0.1:49850]
18:29:04.265 [Forwarding getElementTagName on session 50ef97b955889075ae916638cc57e71f to remote] DEBUG org.asynchttpclient.netty.request.NettyRequestSender - Using pooled Channel '[id: 0x28e3c03f, L:/127.0.0.1:49788 - R:localhost/127.0.0.1:49850]' for 'GET' to 'http://localhost:49850/session/50ef97b955889075ae916638cc57e71f/element/640ced68-8748-43bd-a5f8-d17e90a65355/name'
18:29:04.265 [Forwarding getElementTagName on session 50ef97b955889075ae916638cc57e71f to remote] DEBUG org.asynchttpclient.netty.request.NettyRequestSender - Using open Channel [id: 0x28e3c03f, L:/127.0.0.1:49788 - R:localhost/127.0.0.1:49850] for GET '/session/50ef97b955889075ae916638cc57e71f/element/640ced68-8748-43bd-a5f8-d17e90a65355/name'
18:29:04.269 [AsyncHttpClient-1-2] DEBUG org.asynchttpclient.netty.handler.HttpHandler - 

Request DefaultFullHttpRequest(decodeResult: success, version: HTTP/1.1, content: EmptyByteBufBE)
GET /session/50ef97b955889075ae916638cc57e71f/element/640ced68-8748-43bd-a5f8-d17e90a65355/name HTTP/1.1
User-Agent: selenium/4.1.4 (java windows)
Cache-Control: no-cache
Content-Type: application/json; charset=utf-8
host: localhost:49850
accept: */*

Response DefaultHttpResponse(decodeResult: success, version: HTTP/1.1)
HTTP/1.1 200 OK
Content-Type: application/json; charset=utf-8
cache-control: no-cache
content-length: 18

18:29:04.269 [AsyncHttpClient-1-2] DEBUG org.asynchttpclient.netty.channel.ChannelManager - Adding key: http://localhost:49850 for channel [id: 0x28e3c03f, L:/127.0.0.1:49788 - R:localhost/127.0.0.1:49850]
18:29:04.270 [Forwarding getElementTagName on session 50ef97b955889075ae916638cc57e71f to remote] DEBUG org.asynchttpclient.netty.request.NettyRequestSender - Using pooled Channel '[id: 0x28e3c03f, L:/127.0.0.1:49788 - R:localhost/127.0.0.1:49850]' for 'GET' to 'http://localhost:49850/session/50ef97b955889075ae916638cc57e71f/element/640ced68-8748-43bd-a5f8-d17e90a65355/name'
18:29:04.270 [Forwarding getElementTagName on session 50ef97b955889075ae916638cc57e71f to remote] DEBUG org.asynchttpclient.netty.request.NettyRequestSender - Using open Channel [id: 0x28e3c03f, L:/127.0.0.1:49788 - R:localhost/127.0.0.1:49850] for GET '/session/50ef97b955889075ae916638cc57e71f/element/640ced68-8748-43bd-a5f8-d17e90a65355/name'
18:29:04.271 [AsyncHttpClient-1-2] DEBUG org.asynchttpclient.netty.handler.HttpHandler - 

Request DefaultFullHttpRequest(decodeResult: success, version: HTTP/1.1, content: EmptyByteBufBE)
GET /session/50ef97b955889075ae916638cc57e71f/element/640ced68-8748-43bd-a5f8-d17e90a65355/name HTTP/1.1
User-Agent: selenium/4.1.4 (java windows)
Cache-Control: no-cache
Content-Type: application/json; charset=utf-8
host: localhost:49850
accept: */*

Response DefaultHttpResponse(decodeResult: success, version: HTTP/1.1)
HTTP/1.1 200 OK
Content-Type: application/json; charset=utf-8
cache-control: no-cache
content-length: 18

18:29:04.271 [AsyncHttpClient-1-2] DEBUG org.asynchttpclient.netty.channel.ChannelManager - Adding key: http://localhost:49850 for channel [id: 0x28e3c03f, L:/127.0.0.1:49788 - R:localhost/127.0.0.1:49850]
18:29:04.272 [Forwarding isElementEnabled on session 50ef97b955889075ae916638cc57e71f to remote] DEBUG org.asynchttpclient.netty.request.NettyRequestSender - Using pooled Channel '[id: 0x28e3c03f, L:/127.0.0.1:49788 - R:localhost/127.0.0.1:49850]' for 'GET' to 'http://localhost:49850/session/50ef97b955889075ae916638cc57e71f/element/640ced68-8748-43bd-a5f8-d17e90a65355/enabled'
18:29:04.272 [Forwarding isElementEnabled on session 50ef97b955889075ae916638cc57e71f to remote] DEBUG org.asynchttpclient.netty.request.NettyRequestSender - Using open Channel [id: 0x28e3c03f, L:/127.0.0.1:49788 - R:localhost/127.0.0.1:49850] for GET '/session/50ef97b955889075ae916638cc57e71f/element/640ced68-8748-43bd-a5f8-d17e90a65355/enabled'
18:29:04.278 [AsyncHttpClient-1-2] DEBUG org.asynchttpclient.netty.handler.HttpHandler - 

Request DefaultFullHttpRequest(decodeResult: success, version: HTTP/1.1, content: EmptyByteBufBE)
GET /session/50ef97b955889075ae916638cc57e71f/element/640ced68-8748-43bd-a5f8-d17e90a65355/enabled HTTP/1.1
User-Agent: selenium/4.1.4 (java windows)
Cache-Control: no-cache
Content-Type: application/json; charset=utf-8
host: localhost:49850
accept: */*

Response DefaultHttpResponse(decodeResult: success, version: HTTP/1.1)
HTTP/1.1 200 OK
Content-Type: application/json; charset=utf-8
cache-control: no-cache
content-length: 14

18:29:04.278 [AsyncHttpClient-1-2] DEBUG org.asynchttpclient.netty.channel.ChannelManager - Adding key: http://localhost:49850 for channel [id: 0x28e3c03f, L:/127.0.0.1:49788 - R:localhost/127.0.0.1:49850]
18:29:04.279 [Forwarding isElementEnabled on session 50ef97b955889075ae916638cc57e71f to remote] DEBUG org.asynchttpclient.netty.request.NettyRequestSender - Using pooled Channel '[id: 0x28e3c03f, L:/127.0.0.1:49788 - R:localhost/127.0.0.1:49850]' for 'GET' to 'http://localhost:49850/session/50ef97b955889075ae916638cc57e71f/element/640ced68-8748-43bd-a5f8-d17e90a65355/enabled'
18:29:04.279 [Forwarding isElementEnabled on session 50ef97b955889075ae916638cc57e71f to remote] DEBUG org.asynchttpclient.netty.request.NettyRequestSender - Using open Channel [id: 0x28e3c03f, L:/127.0.0.1:49788 - R:localhost/127.0.0.1:49850] for GET '/session/50ef97b955889075ae916638cc57e71f/element/640ced68-8748-43bd-a5f8-d17e90a65355/enabled'
18:29:04.284 [AsyncHttpClient-1-2] DEBUG org.asynchttpclient.netty.handler.HttpHandler - 

Request DefaultFullHttpRequest(decodeResult: success, version: HTTP/1.1, content: EmptyByteBufBE)
GET /session/50ef97b955889075ae916638cc57e71f/element/640ced68-8748-43bd-a5f8-d17e90a65355/enabled HTTP/1.1
User-Agent: selenium/4.1.4 (java windows)
Cache-Control: no-cache
Content-Type: application/json; charset=utf-8
host: localhost:49850
accept: */*

Response DefaultHttpResponse(decodeResult: success, version: HTTP/1.1)
HTTP/1.1 200 OK
Content-Type: application/json; charset=utf-8
cache-control: no-cache
content-length: 14

18:29:04.284 [AsyncHttpClient-1-2] DEBUG org.asynchttpclient.netty.channel.ChannelManager - Adding key: http://localhost:49850 for channel [id: 0x28e3c03f, L:/127.0.0.1:49788 - R:localhost/127.0.0.1:49850]
18:29:04.285 [Forwarding findElement on session 50ef97b955889075ae916638cc57e71f to remote] DEBUG org.asynchttpclient.netty.request.NettyRequestSender - Using pooled Channel '[id: 0x28e3c03f, L:/127.0.0.1:49788 - R:localhost/127.0.0.1:49850]' for 'POST' to 'http://localhost:49850/session/50ef97b955889075ae916638cc57e71f/element'
18:29:04.285 [Forwarding findElement on session 50ef97b955889075ae916638cc57e71f to remote] DEBUG org.asynchttpclient.netty.request.NettyRequestSender - Using open Channel [id: 0x28e3c03f, L:/127.0.0.1:49788 - R:localhost/127.0.0.1:49850] for POST '/session/50ef97b955889075ae916638cc57e71f/element'
18:29:04.289 [AsyncHttpClient-1-2] DEBUG org.asynchttpclient.netty.handler.HttpHandler - 

Request DefaultHttpRequest(decodeResult: success, version: HTTP/1.1)
POST /session/50ef97b955889075ae916638cc57e71f/element HTTP/1.1
User-Agent: selenium/4.1.4 (java windows)
Content-Length: 88
Content-Type: application/json; charset=utf-8
host: localhost:49850
accept: */*

Response DefaultHttpResponse(decodeResult: success, version: HTTP/1.1)
HTTP/1.1 200 OK
Content-Type: application/json; charset=utf-8
cache-control: no-cache
content-length: 88

18:29:04.289 [AsyncHttpClient-1-2] DEBUG org.asynchttpclient.netty.channel.ChannelManager - Adding key: http://localhost:49850 for channel [id: 0x28e3c03f, L:/127.0.0.1:49788 - R:localhost/127.0.0.1:49850]
18:29:04.290 [Forwarding clickElement on session 50ef97b955889075ae916638cc57e71f to remote] DEBUG org.asynchttpclient.netty.request.NettyRequestSender - Using pooled Channel '[id: 0x28e3c03f, L:/127.0.0.1:49788 - R:localhost/127.0.0.1:49850]' for 'POST' to 'http://localhost:49850/session/50ef97b955889075ae916638cc57e71f/element/640ced68-8748-43bd-a5f8-d17e90a65355/click'
18:29:04.290 [Forwarding clickElement on session 50ef97b955889075ae916638cc57e71f to remote] DEBUG org.asynchttpclient.netty.request.NettyRequestSender - Using open Channel [id: 0x28e3c03f, L:/127.0.0.1:49788 - R:localhost/127.0.0.1:49850] for POST '/session/50ef97b955889075ae916638cc57e71f/element/640ced68-8748-43bd-a5f8-d17e90a65355/click'
18:29:04.352 [AsyncHttpClient-1-2] DEBUG org.asynchttpclient.netty.handler.HttpHandler - 

Request DefaultHttpRequest(decodeResult: success, version: HTTP/1.1)
POST /session/50ef97b955889075ae916638cc57e71f/element/640ced68-8748-43bd-a5f8-d17e90a65355/click HTTP/1.1
User-Agent: selenium/4.1.4 (java windows)
Content-Length: 50
Content-Type: application/json; charset=utf-8
host: localhost:49850
accept: */*

Response DefaultHttpResponse(decodeResult: success, version: HTTP/1.1)
HTTP/1.1 200 OK
Content-Type: application/json; charset=utf-8
cache-control: no-cache
content-length: 14

18:29:04.352 [AsyncHttpClient-1-2] DEBUG org.asynchttpclient.netty.channel.ChannelManager - Adding key: http://localhost:49850 for channel [id: 0x28e3c03f, L:/127.0.0.1:49788 - R:localhost/127.0.0.1:49850]
18:29:04.355 [Forwarding screenshot on session 50ef97b955889075ae916638cc57e71f to remote] DEBUG org.asynchttpclient.netty.request.NettyRequestSender - Using pooled Channel '[id: 0x28e3c03f, L:/127.0.0.1:49788 - R:localhost/127.0.0.1:49850]' for 'GET' to 'http://localhost:49850/session/50ef97b955889075ae916638cc57e71f/screenshot'
18:29:04.355 [Forwarding screenshot on session 50ef97b955889075ae916638cc57e71f to remote] DEBUG org.asynchttpclient.netty.request.NettyRequestSender - Using open Channel [id: 0x28e3c03f, L:/127.0.0.1:49788 - R:localhost/127.0.0.1:49850] for GET '/session/50ef97b955889075ae916638cc57e71f/screenshot'
18:29:04.641 [AsyncHttpClient-1-2] DEBUG org.asynchttpclient.netty.handler.HttpHandler - 

Request DefaultFullHttpRequest(decodeResult: success, version: HTTP/1.1, content: EmptyByteBufBE)
GET /session/50ef97b955889075ae916638cc57e71f/screenshot HTTP/1.1
User-Agent: selenium/4.1.4 (java windows)
Cache-Control: no-cache
Content-Type: application/json; charset=utf-8
host: localhost:49850
accept: */*

Response DefaultHttpResponse(decodeResult: success, version: HTTP/1.1)
HTTP/1.1 200 OK
Content-Type: application/json; charset=utf-8
cache-control: no-cache
content-length: 73652

18:29:04.641 [AsyncHttpClient-1-2] DEBUG org.asynchttpclient.netty.channel.ChannelManager - Adding key: http://localhost:49850 for channel [id: 0x28e3c03f, L:/127.0.0.1:49788 - R:localhost/127.0.0.1:49850]
18:29:04.644 [main] DEBUG net.serenitybdd.core.photography.Darkroom - Send negative for processing for target\site\serenity\d1097511b9baae1bdb50fc68f2f2a1030ac547599eec68f0670339983eceb0a2.png
18:29:04.644 [main] DEBUG net.thucydides.core.steps.StepInterceptor - STEP DONE: clickButtonErrorOK
  &amp#27;[32mAnd &amp#27;[0m&amp#27;[32mLogin validation invalid&amp#27;[0m                                                 &amp#27;[90m# starter.stepdefinitios.LoginSteps.loginValidationInvalid()&amp#27;[0m
18:29:04.644 [Darkroom Processing Line] DEBUG net.serenitybdd.core.photography.DarkroomProcessingLine - Processing screenshot image in /var/screenshots/screenshot-1530465133563231263
18:29:04.644 [Darkroom Processing Line] DEBUG net.serenitybdd.core.photography.DarkroomProcessingLine - Saving screenshot to target\site\serenity\d1097511b9baae1bdb50fc68f2f2a1030ac547599eec68f0670339983eceb0a2.png
18:29:05.238 [AsyncHttpClient-1-1] DEBUG org.asynchttpclient.netty.channel.DefaultChannelPool - Entry count for : http://localhost:49850 : 1
18:29:05.238 [AsyncHttpClient-1-1] DEBUG org.asynchttpclient.netty.channel.DefaultChannelPool - Entry count for : http://localhost:49789 : 1
18:29:06.351 [AsyncHttpClient-1-1] DEBUG org.asynchttpclient.netty.channel.DefaultChannelPool - Entry count for : http://localhost:49850 : 1
18:29:06.351 [AsyncHttpClient-1-1] DEBUG org.asynchttpclient.netty.channel.DefaultChannelPool - Entry count for : http://localhost:49789 : 1
18:29:07.441 [AsyncHttpClient-1-1] DEBUG org.asynchttpclient.netty.channel.DefaultChannelPool - Entry count for : http://localhost:49850 : 1
18:29:07.441 [AsyncHttpClient-1-1] DEBUG org.asynchttpclient.netty.channel.DefaultChannelPool - Entry count for : http://localhost:49789 : 1
18:29:08.543 [AsyncHttpClient-1-1] DEBUG org.asynchttpclient.netty.channel.DefaultChannelPool - Entry count for : http://localhost:49850 : 1
18:29:08.543 [AsyncHttpClient-1-1] DEBUG org.asynchttpclient.netty.channel.DefaultChannelPool - Entry count for : http://localhost:49789 : 1
18:29:09.636 [AsyncHttpClient-1-1] DEBUG org.asynchttpclient.netty.channel.DefaultChannelPool - Entry count for : http://localhost:49850 : 1
18:29:09.636 [AsyncHttpClient-1-1] DEBUG org.asynchttpclient.netty.channel.DefaultChannelPool - Entry count for : http://localhost:49789 : 1
18:29:09.683 [Forwarding screenshot on session 50ef97b955889075ae916638cc57e71f to remote] DEBUG org.asynchttpclient.netty.request.NettyRequestSender - Using pooled Channel '[id: 0x28e3c03f, L:/127.0.0.1:49788 - R:localhost/127.0.0.1:49850]' for 'GET' to 'http://localhost:49850/session/50ef97b955889075ae916638cc57e71f/screenshot'
18:29:09.683 [Forwarding screenshot on session 50ef97b955889075ae916638cc57e71f to remote] DEBUG org.asynchttpclient.netty.request.NettyRequestSender - Using open Channel [id: 0x28e3c03f, L:/127.0.0.1:49788 - R:localhost/127.0.0.1:49850] for GET '/session/50ef97b955889075ae916638cc57e71f/screenshot'
18:29:09.829 [AsyncHttpClient-1-2] DEBUG org.asynchttpclient.netty.handler.HttpHandler - 

Request DefaultFullHttpRequest(decodeResult: success, version: HTTP/1.1, content: EmptyByteBufBE)
GET /session/50ef97b955889075ae916638cc57e71f/screenshot HTTP/1.1
User-Agent: selenium/4.1.4 (java windows)
Cache-Control: no-cache
Content-Type: application/json; charset=utf-8
host: localhost:49850
accept: */*

Response DefaultHttpResponse(decodeResult: success, version: HTTP/1.1)
HTTP/1.1 200 OK
Content-Type: application/json; charset=utf-8
cache-control: no-cache
content-length: 78860

18:29:09.829 [AsyncHttpClient-1-2] DEBUG org.asynchttpclient.netty.channel.ChannelManager - Adding key: http://localhost:49850 for channel [id: 0x28e3c03f, L:/127.0.0.1:49788 - R:localhost/127.0.0.1:49850]
18:29:09.832 [main] DEBUG net.serenitybdd.core.photography.Darkroom - Send negative for processing for target\site\serenity\e3902e4e6d497170d59aa0c0c2930d955492166dca27ad580f2b08c08bf103aa.png
18:29:09.832 [main] DEBUG net.thucydides.core.steps.StepInterceptor - STARTING STEP: PatientDataSteps.clickButtonDataPasien - clickButtonDataPasien
18:29:09.835 [Forwarding findElement on session 50ef97b955889075ae916638cc57e71f to remote] DEBUG org.asynchttpclient.netty.request.NettyRequestSender - Using pooled Channel '[id: 0x28e3c03f, L:/127.0.0.1:49788 - R:localhost/127.0.0.1:49850]' for 'POST' to 'http://localhost:49850/session/50ef97b955889075ae916638cc57e71f/element'
18:29:09.835 [Forwarding findElement on session 50ef97b955889075ae916638cc57e71f to remote] DEBUG org.asynchttpclient.netty.request.NettyRequestSender - Using open Channel [id: 0x28e3c03f, L:/127.0.0.1:49788 - R:localhost/127.0.0.1:49850] for POST '/session/50ef97b955889075ae916638cc57e71f/element'
18:29:09.844 [AsyncHttpClient-1-2] DEBUG org.asynchttpclient.netty.handler.HttpHandler - 

Request DefaultHttpRequest(decodeResult: success, version: HTTP/1.1)
POST /session/50ef97b955889075ae916638cc57e71f/element HTTP/1.1
User-Agent: selenium/4.1.4 (java windows)
Content-Length: 114
Content-Type: application/json; charset=utf-8
host: localhost:49850
accept: */*

Response DefaultHttpResponse(decodeResult: success, version: HTTP/1.1)
HTTP/1.1 200 OK
Content-Type: application/json; charset=utf-8
cache-control: no-cache
content-length: 88

18:29:09.844 [AsyncHttpClient-1-2] DEBUG org.asynchttpclient.netty.channel.ChannelManager - Adding key: http://localhost:49850 for channel [id: 0x28e3c03f, L:/127.0.0.1:49788 - R:localhost/127.0.0.1:49850]
18:29:09.845 [Forwarding getElementTagName on session 50ef97b955889075ae916638cc57e71f to remote] DEBUG org.asynchttpclient.netty.request.NettyRequestSender - Using pooled Channel '[id: 0x28e3c03f, L:/127.0.0.1:49788 - R:localhost/127.0.0.1:49850]' for 'GET' to 'http://localhost:49850/session/50ef97b955889075ae916638cc57e71f/element/8cb0a956-b346-49ee-ad3e-16e729bf92a8/name'
18:29:09.845 [Forwarding getElementTagName on session 50ef97b955889075ae916638cc57e71f to remote] DEBUG org.asynchttpclient.netty.request.NettyRequestSender - Using open Channel [id: 0x28e3c03f, L:/127.0.0.1:49788 - R:localhost/127.0.0.1:49850] for GET '/session/50ef97b955889075ae916638cc57e71f/element/8cb0a956-b346-49ee-ad3e-16e729bf92a8/name'
18:29:09.849 [AsyncHttpClient-1-2] DEBUG org.asynchttpclient.netty.handler.HttpHandler - 

Request DefaultFullHttpRequest(decodeResult: success, version: HTTP/1.1, content: EmptyByteBufBE)
GET /session/50ef97b955889075ae916638cc57e71f/element/8cb0a956-b346-49ee-ad3e-16e729bf92a8/name HTTP/1.1
User-Agent: selenium/4.1.4 (java windows)
Cache-Control: no-cache
Content-Type: application/json; charset=utf-8
host: localhost:49850
accept: */*

Response DefaultHttpResponse(decodeResult: success, version: HTTP/1.1)
HTTP/1.1 200 OK
Content-Type: application/json; charset=utf-8
cache-control: no-cache
content-length: 13

18:29:09.849 [AsyncHttpClient-1-2] DEBUG org.asynchttpclient.netty.channel.ChannelManager - Adding key: http://localhost:49850 for channel [id: 0x28e3c03f, L:/127.0.0.1:49788 - R:localhost/127.0.0.1:49850]
18:29:09.849 [Forwarding getElementTagName on session 50ef97b955889075ae916638cc57e71f to remote] DEBUG org.asynchttpclient.netty.request.NettyRequestSender - Using pooled Channel '[id: 0x28e3c03f, L:/127.0.0.1:49788 - R:localhost/127.0.0.1:49850]' for 'GET' to 'http://localhost:49850/session/50ef97b955889075ae916638cc57e71f/element/8cb0a956-b346-49ee-ad3e-16e729bf92a8/name'
18:29:09.849 [Forwarding getElementTagName on session 50ef97b955889075ae916638cc57e71f to remote] DEBUG org.asynchttpclient.netty.request.NettyRequestSender - Using open Channel [id: 0x28e3c03f, L:/127.0.0.1:49788 - R:localhost/127.0.0.1:49850] for GET '/session/50ef97b955889075ae916638cc57e71f/element/8cb0a956-b346-49ee-ad3e-16e729bf92a8/name'
18:29:09.853 [AsyncHttpClient-1-2] DEBUG org.asynchttpclient.netty.handler.HttpHandler - 

Request DefaultFullHttpRequest(decodeResult: success, version: HTTP/1.1, content: EmptyByteBufBE)
GET /session/50ef97b955889075ae916638cc57e71f/element/8cb0a956-b346-49ee-ad3e-16e729bf92a8/name HTTP/1.1
User-Agent: selenium/4.1.4 (java windows)
Cache-Control: no-cache
Content-Type: application/json; charset=utf-8
host: localhost:49850
accept: */*

Response DefaultHttpResponse(decodeResult: success, version: HTTP/1.1)
HTTP/1.1 200 OK
Content-Type: application/json; charset=utf-8
cache-control: no-cache
content-length: 13

18:29:09.854 [AsyncHttpClient-1-2] DEBUG org.asynchttpclient.netty.channel.ChannelManager - Adding key: http://localhost:49850 for channel [id: 0x28e3c03f, L:/127.0.0.1:49788 - R:localhost/127.0.0.1:49850]
18:29:09.855 [Forwarding findElement on session 50ef97b955889075ae916638cc57e71f to remote] DEBUG org.asynchttpclient.netty.request.NettyRequestSender - Using pooled Channel '[id: 0x28e3c03f, L:/127.0.0.1:49788 - R:localhost/127.0.0.1:49850]' for 'POST' to 'http://localhost:49850/session/50ef97b955889075ae916638cc57e71f/element'
18:29:09.855 [Forwarding findElement on session 50ef97b955889075ae916638cc57e71f to remote] DEBUG org.asynchttpclient.netty.request.NettyRequestSender - Using open Channel [id: 0x28e3c03f, L:/127.0.0.1:49788 - R:localhost/127.0.0.1:49850] for POST '/session/50ef97b955889075ae916638cc57e71f/element'
18:29:09.861 [AsyncHttpClient-1-2] DEBUG org.asynchttpclient.netty.handler.HttpHandler - 

Request DefaultHttpRequest(decodeResult: success, version: HTTP/1.1)
POST /session/50ef97b955889075ae916638cc57e71f/element HTTP/1.1
User-Agent: selenium/4.1.4 (java windows)
Content-Length: 114
Content-Type: application/json; charset=utf-8
host: localhost:49850
accept: */*

Response DefaultHttpResponse(decodeResult: success, version: HTTP/1.1)
HTTP/1.1 200 OK
Content-Type: application/json; charset=utf-8
cache-control: no-cache
content-length: 88

18:29:09.861 [AsyncHttpClient-1-2] DEBUG org.asynchttpclient.netty.channel.ChannelManager - Adding key: http://localhost:49850 for channel [id: 0x28e3c03f, L:/127.0.0.1:49788 - R:localhost/127.0.0.1:49850]
18:29:09.862 [Forwarding clickElement on session 50ef97b955889075ae916638cc57e71f to remote] DEBUG org.asynchttpclient.netty.request.NettyRequestSender - Using pooled Channel '[id: 0x28e3c03f, L:/127.0.0.1:49788 - R:localhost/127.0.0.1:49850]' for 'POST' to 'http://localhost:49850/session/50ef97b955889075ae916638cc57e71f/element/8cb0a956-b346-49ee-ad3e-16e729bf92a8/click'
18:29:09.862 [Forwarding clickElement on session 50ef97b955889075ae916638cc57e71f to remote] DEBUG org.asynchttpclient.netty.request.NettyRequestSender - Using open Channel [id: 0x28e3c03f, L:/127.0.0.1:49788 - R:localhost/127.0.0.1:49850] for POST '/session/50ef97b955889075ae916638cc57e71f/element/8cb0a956-b346-49ee-ad3e-16e729bf92a8/click'
18:29:09.924 [AsyncHttpClient-1-2] DEBUG org.asynchttpclient.netty.handler.HttpHandler - 

Request DefaultHttpRequest(decodeResult: success, version: HTTP/1.1)
POST /session/50ef97b955889075ae916638cc57e71f/element/8cb0a956-b346-49ee-ad3e-16e729bf92a8/click HTTP/1.1
User-Agent: selenium/4.1.4 (java windows)
Content-Length: 50
Content-Type: application/json; charset=utf-8
host: localhost:49850
accept: */*

Response DefaultHttpResponse(decodeResult: success, version: HTTP/1.1)
HTTP/1.1 200 OK
Content-Type: application/json; charset=utf-8
cache-control: no-cache
content-length: 14

18:29:09.924 [AsyncHttpClient-1-2] DEBUG org.asynchttpclient.netty.channel.ChannelManager - Adding key: http://localhost:49850 for channel [id: 0x28e3c03f, L:/127.0.0.1:49788 - R:localhost/127.0.0.1:49850]
18:29:09.927 [Forwarding screenshot on session 50ef97b955889075ae916638cc57e71f to remote] DEBUG org.asynchttpclient.netty.request.NettyRequestSender - Using pooled Channel '[id: 0x28e3c03f, L:/127.0.0.1:49788 - R:localhost/127.0.0.1:49850]' for 'GET' to 'http://localhost:49850/session/50ef97b955889075ae916638cc57e71f/screenshot'
18:29:09.927 [Forwarding screenshot on session 50ef97b955889075ae916638cc57e71f to remote] DEBUG org.asynchttpclient.netty.request.NettyRequestSender - Using open Channel [id: 0x28e3c03f, L:/127.0.0.1:49788 - R:localhost/127.0.0.1:49850] for GET '/session/50ef97b955889075ae916638cc57e71f/screenshot'
18:29:10.090 [AsyncHttpClient-1-2] DEBUG org.asynchttpclient.netty.handler.HttpHandler - 

Request DefaultFullHttpRequest(decodeResult: success, version: HTTP/1.1, content: EmptyByteBufBE)
GET /session/50ef97b955889075ae916638cc57e71f/screenshot HTTP/1.1
User-Agent: selenium/4.1.4 (java windows)
Cache-Control: no-cache
Content-Type: application/json; charset=utf-8
host: localhost:49850
accept: */*

Response DefaultHttpResponse(decodeResult: success, version: HTTP/1.1)
HTTP/1.1 200 OK
Content-Type: application/json; charset=utf-8
cache-control: no-cache
content-length: 115620

18:29:10.090 [AsyncHttpClient-1-2] DEBUG org.asynchttpclient.netty.channel.ChannelManager - Adding key: http://localhost:49850 for channel [id: 0x28e3c03f, L:/127.0.0.1:49788 - R:localhost/127.0.0.1:49850]
18:29:10.095 [main] DEBUG net.serenitybdd.core.photography.Darkroom - Send negative for processing for target\site\serenity\f5a0e9371fe572b00d70cf78f2345749603a0b8530f98d0d9146c0489a87fec1.png
18:29:10.095 [main] DEBUG net.thucydides.core.steps.StepInterceptor - STEP DONE: clickButtonDataPasien
  &amp#27;[32mWhen &amp#27;[0m&amp#27;[32mClick button data pasien&amp#27;[0m                                                &amp#27;[90m# starter.stepdefinitios.PatientDataSteps.clickButtonDataPasien()&amp#27;[0m
18:29:10.095 [Darkroom Processing Line] DEBUG net.serenitybdd.core.photography.DarkroomProcessingLine - Processing screenshot image in /var/screenshots/screenshot-16051001870421405245
18:29:10.095 [Darkroom Processing Line] DEBUG net.serenitybdd.core.photography.DarkroomProcessingLine - Saving screenshot to target\site\serenity\f5a0e9371fe572b00d70cf78f2345749603a0b8530f98d0d9146c0489a87fec1.png
18:29:10.743 [AsyncHttpClient-1-1] DEBUG org.asynchttpclient.netty.channel.DefaultChannelPool - Entry count for : http://localhost:49850 : 1
18:29:10.743 [AsyncHttpClient-1-1] DEBUG org.asynchttpclient.netty.channel.DefaultChannelPool - Entry count for : http://localhost:49789 : 1
18:29:11.835 [AsyncHttpClient-1-1] DEBUG org.asynchttpclient.netty.channel.DefaultChannelPool - Entry count for : http://localhost:49850 : 1
18:29:11.835 [AsyncHttpClient-1-1] DEBUG org.asynchttpclient.netty.channel.DefaultChannelPool - Entry count for : http://localhost:49789 : 1
18:29:12.937 [AsyncHttpClient-1-1] DEBUG org.asynchttpclient.netty.channel.DefaultChannelPool - Entry count for : http://localhost:49850 : 1
18:29:12.937 [AsyncHttpClient-1-1] DEBUG org.asynchttpclient.netty.channel.DefaultChannelPool - Entry count for : http://localhost:49789 : 1
18:29:14.040 [AsyncHttpClient-1-1] DEBUG org.asynchttpclient.netty.channel.DefaultChannelPool - Entry count for : http://localhost:49850 : 1
18:29:14.040 [AsyncHttpClient-1-1] DEBUG org.asynchttpclient.netty.channel.DefaultChannelPool - Entry count for : http://localhost:49789 : 1
18:29:15.137 [AsyncHttpClient-1-1] DEBUG org.asynchttpclient.netty.channel.DefaultChannelPool - Entry count for : http://localhost:49850 : 1
18:29:15.137 [AsyncHttpClient-1-1] DEBUG org.asynchttpclient.netty.channel.DefaultChannelPool - Entry count for : http://localhost:49789 : 1
18:29:16.124 [Forwarding screenshot on session 50ef97b955889075ae916638cc57e71f to remote] DEBUG org.asynchttpclient.netty.request.NettyRequestSender - Using pooled Channel '[id: 0x28e3c03f, L:/127.0.0.1:49788 - R:localhost/127.0.0.1:49850]' for 'GET' to 'http://localhost:49850/session/50ef97b955889075ae916638cc57e71f/screenshot'
18:29:16.124 [Forwarding screenshot on session 50ef97b955889075ae916638cc57e71f to remote] DEBUG org.asynchttpclient.netty.request.NettyRequestSender - Using open Channel [id: 0x28e3c03f, L:/127.0.0.1:49788 - R:localhost/127.0.0.1:49850] for GET '/session/50ef97b955889075ae916638cc57e71f/screenshot'
18:29:16.240 [AsyncHttpClient-1-1] DEBUG org.asynchttpclient.netty.channel.DefaultChannelPool - Entry count for : http://localhost:49789 : 1
18:29:16.276 [AsyncHttpClient-1-2] DEBUG org.asynchttpclient.netty.handler.HttpHandler - 

Request DefaultFullHttpRequest(decodeResult: success, version: HTTP/1.1, content: EmptyByteBufBE)
GET /session/50ef97b955889075ae916638cc57e71f/screenshot HTTP/1.1
User-Agent: selenium/4.1.4 (java windows)
Cache-Control: no-cache
Content-Type: application/json; charset=utf-8
host: localhost:49850
accept: */*

Response DefaultHttpResponse(decodeResult: success, version: HTTP/1.1)
HTTP/1.1 200 OK
Content-Type: application/json; charset=utf-8
cache-control: no-cache
content-length: 83448

18:29:16.276 [AsyncHttpClient-1-2] DEBUG org.asynchttpclient.netty.channel.ChannelManager - Adding key: http://localhost:49850 for channel [id: 0x28e3c03f, L:/127.0.0.1:49788 - R:localhost/127.0.0.1:49850]
18:29:16.278 [main] DEBUG net.serenitybdd.core.photography.Darkroom - Send negative for processing for target\site\serenity\cdc7d6768bd36f67cb5558b84d3f7cdf2498093267c606387c7df8516ad3c364.png
18:29:16.278 [main] DEBUG net.thucydides.core.steps.StepInterceptor - STARTING STEP: PatientDataSteps.clickButtonTambahData - clickButtonTambah
18:29:16.281 [Forwarding findElement on session 50ef97b955889075ae916638cc57e71f to remote] DEBUG org.asynchttpclient.netty.request.NettyRequestSender - Using pooled Channel '[id: 0x28e3c03f, L:/127.0.0.1:49788 - R:localhost/127.0.0.1:49850]' for 'POST' to 'http://localhost:49850/session/50ef97b955889075ae916638cc57e71f/element'
18:29:16.281 [Forwarding findElement on session 50ef97b955889075ae916638cc57e71f to remote] DEBUG org.asynchttpclient.netty.request.NettyRequestSender - Using open Channel [id: 0x28e3c03f, L:/127.0.0.1:49788 - R:localhost/127.0.0.1:49850] for POST '/session/50ef97b955889075ae916638cc57e71f/element'
18:29:16.288 [AsyncHttpClient-1-2] DEBUG org.asynchttpclient.netty.handler.HttpHandler - 

Request DefaultHttpRequest(decodeResult: success, version: HTTP/1.1)
POST /session/50ef97b955889075ae916638cc57e71f/element HTTP/1.1
User-Agent: selenium/4.1.4 (java windows)
Content-Length: 68
Content-Type: application/json; charset=utf-8
host: localhost:49850
accept: */*

Response DefaultHttpResponse(decodeResult: success, version: HTTP/1.1)
HTTP/1.1 200 OK
Content-Type: application/json; charset=utf-8
cache-control: no-cache
content-length: 88

18:29:16.288 [AsyncHttpClient-1-2] DEBUG org.asynchttpclient.netty.channel.ChannelManager - Adding key: http://localhost:49850 for channel [id: 0x28e3c03f, L:/127.0.0.1:49788 - R:localhost/127.0.0.1:49850]
18:29:16.289 [Forwarding getElementTagName on session 50ef97b955889075ae916638cc57e71f to remote] DEBUG org.asynchttpclient.netty.request.NettyRequestSender - Using pooled Channel '[id: 0x28e3c03f, L:/127.0.0.1:49788 - R:localhost/127.0.0.1:49850]' for 'GET' to 'http://localhost:49850/session/50ef97b955889075ae916638cc57e71f/element/1cd03078-f988-43ec-a2fd-6f9c549a95bb/name'
18:29:16.289 [Forwarding getElementTagName on session 50ef97b955889075ae916638cc57e71f to remote] DEBUG org.asynchttpclient.netty.request.NettyRequestSender - Using open Channel [id: 0x28e3c03f, L:/127.0.0.1:49788 - R:localhost/127.0.0.1:49850] for GET '/session/50ef97b955889075ae916638cc57e71f/element/1cd03078-f988-43ec-a2fd-6f9c549a95bb/name'
18:29:16.294 [AsyncHttpClient-1-2] DEBUG org.asynchttpclient.netty.handler.HttpHandler - 

Request DefaultFullHttpRequest(decodeResult: success, version: HTTP/1.1, content: EmptyByteBufBE)
GET /session/50ef97b955889075ae916638cc57e71f/element/1cd03078-f988-43ec-a2fd-6f9c549a95bb/name HTTP/1.1
User-Agent: selenium/4.1.4 (java windows)
Cache-Control: no-cache
Content-Type: application/json; charset=utf-8
host: localhost:49850
accept: */*

Response DefaultHttpResponse(decodeResult: success, version: HTTP/1.1)
HTTP/1.1 200 OK
Content-Type: application/json; charset=utf-8
cache-control: no-cache
content-length: 18

18:29:16.294 [AsyncHttpClient-1-2] DEBUG org.asynchttpclient.netty.channel.ChannelManager - Adding key: http://localhost:49850 for channel [id: 0x28e3c03f, L:/127.0.0.1:49788 - R:localhost/127.0.0.1:49850]
18:29:16.294 [Forwarding getElementTagName on session 50ef97b955889075ae916638cc57e71f to remote] DEBUG org.asynchttpclient.netty.request.NettyRequestSender - Using pooled Channel '[id: 0x28e3c03f, L:/127.0.0.1:49788 - R:localhost/127.0.0.1:49850]' for 'GET' to 'http://localhost:49850/session/50ef97b955889075ae916638cc57e71f/element/1cd03078-f988-43ec-a2fd-6f9c549a95bb/name'
18:29:16.294 [Forwarding getElementTagName on session 50ef97b955889075ae916638cc57e71f to remote] DEBUG org.asynchttpclient.netty.request.NettyRequestSender - Using open Channel [id: 0x28e3c03f, L:/127.0.0.1:49788 - R:localhost/127.0.0.1:49850] for GET '/session/50ef97b955889075ae916638cc57e71f/element/1cd03078-f988-43ec-a2fd-6f9c549a95bb/name'
18:29:16.297 [AsyncHttpClient-1-2] DEBUG org.asynchttpclient.netty.handler.HttpHandler - 

Request DefaultFullHttpRequest(decodeResult: success, version: HTTP/1.1, content: EmptyByteBufBE)
GET /session/50ef97b955889075ae916638cc57e71f/element/1cd03078-f988-43ec-a2fd-6f9c549a95bb/name HTTP/1.1
User-Agent: selenium/4.1.4 (java windows)
Cache-Control: no-cache
Content-Type: application/json; charset=utf-8
host: localhost:49850
accept: */*

Response DefaultHttpResponse(decodeResult: success, version: HTTP/1.1)
HTTP/1.1 200 OK
Content-Type: application/json; charset=utf-8
cache-control: no-cache
content-length: 18

18:29:16.297 [AsyncHttpClient-1-2] DEBUG org.asynchttpclient.netty.channel.ChannelManager - Adding key: http://localhost:49850 for channel [id: 0x28e3c03f, L:/127.0.0.1:49788 - R:localhost/127.0.0.1:49850]
18:29:16.298 [Forwarding isElementEnabled on session 50ef97b955889075ae916638cc57e71f to remote] DEBUG org.asynchttpclient.netty.request.NettyRequestSender - Using pooled Channel '[id: 0x28e3c03f, L:/127.0.0.1:49788 - R:localhost/127.0.0.1:49850]' for 'GET' to 'http://localhost:49850/session/50ef97b955889075ae916638cc57e71f/element/1cd03078-f988-43ec-a2fd-6f9c549a95bb/enabled'
18:29:16.298 [Forwarding isElementEnabled on session 50ef97b955889075ae916638cc57e71f to remote] DEBUG org.asynchttpclient.netty.request.NettyRequestSender - Using open Channel [id: 0x28e3c03f, L:/127.0.0.1:49788 - R:localhost/127.0.0.1:49850] for GET '/session/50ef97b955889075ae916638cc57e71f/element/1cd03078-f988-43ec-a2fd-6f9c549a95bb/enabled'
18:29:16.305 [AsyncHttpClient-1-2] DEBUG org.asynchttpclient.netty.handler.HttpHandler - 

Request DefaultFullHttpRequest(decodeResult: success, version: HTTP/1.1, content: EmptyByteBufBE)
GET /session/50ef97b955889075ae916638cc57e71f/element/1cd03078-f988-43ec-a2fd-6f9c549a95bb/enabled HTTP/1.1
User-Agent: selenium/4.1.4 (java windows)
Cache-Control: no-cache
Content-Type: application/json; charset=utf-8
host: localhost:49850
accept: */*

Response DefaultHttpResponse(decodeResult: success, version: HTTP/1.1)
HTTP/1.1 200 OK
Content-Type: application/json; charset=utf-8
cache-control: no-cache
content-length: 14

18:29:16.305 [AsyncHttpClient-1-2] DEBUG org.asynchttpclient.netty.channel.ChannelManager - Adding key: http://localhost:49850 for channel [id: 0x28e3c03f, L:/127.0.0.1:49788 - R:localhost/127.0.0.1:49850]
18:29:16.306 [Forwarding isElementEnabled on session 50ef97b955889075ae916638cc57e71f to remote] DEBUG org.asynchttpclient.netty.request.NettyRequestSender - Using pooled Channel '[id: 0x28e3c03f, L:/127.0.0.1:49788 - R:localhost/127.0.0.1:49850]' for 'GET' to 'http://localhost:49850/session/50ef97b955889075ae916638cc57e71f/element/1cd03078-f988-43ec-a2fd-6f9c549a95bb/enabled'
18:29:16.306 [Forwarding isElementEnabled on session 50ef97b955889075ae916638cc57e71f to remote] DEBUG org.asynchttpclient.netty.request.NettyRequestSender - Using open Channel [id: 0x28e3c03f, L:/127.0.0.1:49788 - R:localhost/127.0.0.1:49850] for GET '/session/50ef97b955889075ae916638cc57e71f/element/1cd03078-f988-43ec-a2fd-6f9c549a95bb/enabled'
18:29:16.311 [AsyncHttpClient-1-2] DEBUG org.asynchttpclient.netty.handler.HttpHandler - 

Request DefaultFullHttpRequest(decodeResult: success, version: HTTP/1.1, content: EmptyByteBufBE)
GET /session/50ef97b955889075ae916638cc57e71f/element/1cd03078-f988-43ec-a2fd-6f9c549a95bb/enabled HTTP/1.1
User-Agent: selenium/4.1.4 (java windows)
Cache-Control: no-cache
Content-Type: application/json; charset=utf-8
host: localhost:49850
accept: */*

Response DefaultHttpResponse(decodeResult: success, version: HTTP/1.1)
HTTP/1.1 200 OK
Content-Type: application/json; charset=utf-8
cache-control: no-cache
content-length: 14

18:29:16.311 [AsyncHttpClient-1-2] DEBUG org.asynchttpclient.netty.channel.ChannelManager - Adding key: http://localhost:49850 for channel [id: 0x28e3c03f, L:/127.0.0.1:49788 - R:localhost/127.0.0.1:49850]
18:29:16.312 [Forwarding findElement on session 50ef97b955889075ae916638cc57e71f to remote] DEBUG org.asynchttpclient.netty.request.NettyRequestSender - Using pooled Channel '[id: 0x28e3c03f, L:/127.0.0.1:49788 - R:localhost/127.0.0.1:49850]' for 'POST' to 'http://localhost:49850/session/50ef97b955889075ae916638cc57e71f/element'
18:29:16.312 [Forwarding findElement on session 50ef97b955889075ae916638cc57e71f to remote] DEBUG org.asynchttpclient.netty.request.NettyRequestSender - Using open Channel [id: 0x28e3c03f, L:/127.0.0.1:49788 - R:localhost/127.0.0.1:49850] for POST '/session/50ef97b955889075ae916638cc57e71f/element'
18:29:16.319 [AsyncHttpClient-1-2] DEBUG org.asynchttpclient.netty.handler.HttpHandler - 

Request DefaultHttpRequest(decodeResult: success, version: HTTP/1.1)
POST /session/50ef97b955889075ae916638cc57e71f/element HTTP/1.1
User-Agent: selenium/4.1.4 (java windows)
Content-Length: 68
Content-Type: application/json; charset=utf-8
host: localhost:49850
accept: */*

Response DefaultHttpResponse(decodeResult: success, version: HTTP/1.1)
HTTP/1.1 200 OK
Content-Type: application/json; charset=utf-8
cache-control: no-cache
content-length: 88

18:29:16.319 [AsyncHttpClient-1-2] DEBUG org.asynchttpclient.netty.channel.ChannelManager - Adding key: http://localhost:49850 for channel [id: 0x28e3c03f, L:/127.0.0.1:49788 - R:localhost/127.0.0.1:49850]
18:29:16.320 [Forwarding clickElement on session 50ef97b955889075ae916638cc57e71f to remote] DEBUG org.asynchttpclient.netty.request.NettyRequestSender - Using pooled Channel '[id: 0x28e3c03f, L:/127.0.0.1:49788 - R:localhost/127.0.0.1:49850]' for 'POST' to 'http://localhost:49850/session/50ef97b955889075ae916638cc57e71f/element/1cd03078-f988-43ec-a2fd-6f9c549a95bb/click'
18:29:16.320 [Forwarding clickElement on session 50ef97b955889075ae916638cc57e71f to remote] DEBUG org.asynchttpclient.netty.request.NettyRequestSender - Using open Channel [id: 0x28e3c03f, L:/127.0.0.1:49788 - R:localhost/127.0.0.1:49850] for POST '/session/50ef97b955889075ae916638cc57e71f/element/1cd03078-f988-43ec-a2fd-6f9c549a95bb/click'
18:29:16.450 [AsyncHttpClient-1-2] DEBUG org.asynchttpclient.netty.handler.HttpHandler - 

Request DefaultHttpRequest(decodeResult: success, version: HTTP/1.1)
POST /session/50ef97b955889075ae916638cc57e71f/element/1cd03078-f988-43ec-a2fd-6f9c549a95bb/click HTTP/1.1
User-Agent: selenium/4.1.4 (java windows)
Content-Length: 50
Content-Type: application/json; charset=utf-8
host: localhost:49850
accept: */*

Response DefaultHttpResponse(decodeResult: success, version: HTTP/1.1)
HTTP/1.1 200 OK
Content-Type: application/json; charset=utf-8
cache-control: no-cache
content-length: 14

18:29:16.450 [AsyncHttpClient-1-2] DEBUG org.asynchttpclient.netty.channel.ChannelManager - Adding key: http://localhost:49850 for channel [id: 0x28e3c03f, L:/127.0.0.1:49788 - R:localhost/127.0.0.1:49850]
18:29:16.458 [Forwarding screenshot on session 50ef97b955889075ae916638cc57e71f to remote] DEBUG org.asynchttpclient.netty.request.NettyRequestSender - Using pooled Channel '[id: 0x28e3c03f, L:/127.0.0.1:49788 - R:localhost/127.0.0.1:49850]' for 'GET' to 'http://localhost:49850/session/50ef97b955889075ae916638cc57e71f/screenshot'
18:29:16.458 [Forwarding screenshot on session 50ef97b955889075ae916638cc57e71f to remote] DEBUG org.asynchttpclient.netty.request.NettyRequestSender - Using open Channel [id: 0x28e3c03f, L:/127.0.0.1:49788 - R:localhost/127.0.0.1:49850] for GET '/session/50ef97b955889075ae916638cc57e71f/screenshot'
18:29:16.647 [AsyncHttpClient-1-2] DEBUG org.asynchttpclient.netty.handler.HttpHandler - 

Request DefaultFullHttpRequest(decodeResult: success, version: HTTP/1.1, content: EmptyByteBufBE)
GET /session/50ef97b955889075ae916638cc57e71f/screenshot HTTP/1.1
User-Agent: selenium/4.1.4 (java windows)
Cache-Control: no-cache
Content-Type: application/json; charset=utf-8
host: localhost:49850
accept: */*

Response DefaultHttpResponse(decodeResult: success, version: HTTP/1.1)
HTTP/1.1 200 OK
Content-Type: application/json; charset=utf-8
cache-control: no-cache
content-length: 41184

18:29:16.648 [AsyncHttpClient-1-2] DEBUG org.asynchttpclient.netty.channel.ChannelManager - Adding key: http://localhost:49850 for channel [id: 0x28e3c03f, L:/127.0.0.1:49788 - R:localhost/127.0.0.1:49850]
18:29:16.652 [main] DEBUG net.serenitybdd.core.photography.Darkroom - Send negative for processing for target\site\serenity\85e61910bbe1ffdf1c3467de0c5b289b3a6eab20004aed7ee6697f4c867559e7.png
18:29:16.652 [main] DEBUG net.thucydides.core.steps.StepInterceptor - STEP DONE: clickButtonTambah
  &amp#27;[32mAnd &amp#27;[0m&amp#27;[32mClick button tambah data&amp#27;[0m                                                 &amp#27;[90m# starter.stepdefinitios.PatientDataSteps.clickButtonTambahData()&amp#27;[0m
18:29:17.338 [AsyncHttpClient-1-1] DEBUG org.asynchttpclient.netty.channel.DefaultChannelPool - Entry count for : http://localhost:49850 : 1
18:29:17.338 [AsyncHttpClient-1-1] DEBUG org.asynchttpclient.netty.channel.DefaultChannelPool - Entry count for : http://localhost:49789 : 1
18:29:17.687 [Forwarding screenshot on session 50ef97b955889075ae916638cc57e71f to remote] DEBUG org.asynchttpclient.netty.request.NettyRequestSender - Using pooled Channel '[id: 0x28e3c03f, L:/127.0.0.1:49788 - R:localhost/127.0.0.1:49850]' for 'GET' to 'http://localhost:49850/session/50ef97b955889075ae916638cc57e71f/screenshot'
18:29:17.687 [Forwarding screenshot on session 50ef97b955889075ae916638cc57e71f to remote] DEBUG org.asynchttpclient.netty.request.NettyRequestSender - Using open Channel [id: 0x28e3c03f, L:/127.0.0.1:49788 - R:localhost/127.0.0.1:49850] for GET '/session/50ef97b955889075ae916638cc57e71f/screenshot'
18:29:17.849 [AsyncHttpClient-1-2] DEBUG org.asynchttpclient.netty.handler.HttpHandler - 

Request DefaultFullHttpRequest(decodeResult: success, version: HTTP/1.1, content: EmptyByteBufBE)
GET /session/50ef97b955889075ae916638cc57e71f/screenshot HTTP/1.1
User-Agent: selenium/4.1.4 (java windows)
Cache-Control: no-cache
Content-Type: application/json; charset=utf-8
host: localhost:49850
accept: */*

Response DefaultHttpResponse(decodeResult: success, version: HTTP/1.1)
HTTP/1.1 200 OK
Content-Type: application/json; charset=utf-8
cache-control: no-cache
content-length: 56356

18:29:17.849 [AsyncHttpClient-1-2] DEBUG org.asynchttpclient.netty.channel.ChannelManager - Adding key: http://localhost:49850 for channel [id: 0x28e3c03f, L:/127.0.0.1:49788 - R:localhost/127.0.0.1:49850]
18:29:17.851 [main] DEBUG net.serenitybdd.core.photography.Darkroom - Send negative for processing for target\site\serenity\dceeb96c48761cdf6c9b3b6c867bfd9807a858b744706e71238d19988451e8a7.png
18:29:17.852 [main] DEBUG net.thucydides.core.steps.StepInterceptor - STARTING STEP: PatientDataSteps.iInput - inputDataPasien
18:29:17.853 [Forwarding findElement on session 50ef97b955889075ae916638cc57e71f to remote] DEBUG org.asynchttpclient.netty.request.NettyRequestSender - Using pooled Channel '[id: 0x28e3c03f, L:/127.0.0.1:49788 - R:localhost/127.0.0.1:49850]' for 'POST' to 'http://localhost:49850/session/50ef97b955889075ae916638cc57e71f/element'
18:29:17.853 [Forwarding findElement on session 50ef97b955889075ae916638cc57e71f to remote] DEBUG org.asynchttpclient.netty.request.NettyRequestSender - Using open Channel [id: 0x28e3c03f, L:/127.0.0.1:49788 - R:localhost/127.0.0.1:49850] for POST '/session/50ef97b955889075ae916638cc57e71f/element'
18:29:17.865 [AsyncHttpClient-1-2] DEBUG org.asynchttpclient.netty.handler.HttpHandler - 

Request DefaultHttpRequest(decodeResult: success, version: HTTP/1.1)
POST /session/50ef97b955889075ae916638cc57e71f/element HTTP/1.1
User-Agent: selenium/4.1.4 (java windows)
Content-Length: 72
Content-Type: application/json; charset=utf-8
host: localhost:49850
accept: */*

Response DefaultHttpResponse(decodeResult: success, version: HTTP/1.1)
HTTP/1.1 200 OK
Content-Type: application/json; charset=utf-8
cache-control: no-cache
content-length: 88

18:29:17.865 [AsyncHttpClient-1-2] DEBUG org.asynchttpclient.netty.channel.ChannelManager - Adding key: http://localhost:49850 for channel [id: 0x28e3c03f, L:/127.0.0.1:49788 - R:localhost/127.0.0.1:49850]
18:29:17.866 [Forwarding sendKeysToElement on session 50ef97b955889075ae916638cc57e71f to remote] DEBUG org.asynchttpclient.netty.request.NettyRequestSender - Using pooled Channel '[id: 0x28e3c03f, L:/127.0.0.1:49788 - R:localhost/127.0.0.1:49850]' for 'POST' to 'http://localhost:49850/session/50ef97b955889075ae916638cc57e71f/element/39bdaa94-5bf0-4f48-8ef5-9ce0b8dc9eac/value'
18:29:17.866 [Forwarding sendKeysToElement on session 50ef97b955889075ae916638cc57e71f to remote] DEBUG org.asynchttpclient.netty.request.NettyRequestSender - Using open Channel [id: 0x28e3c03f, L:/127.0.0.1:49788 - R:localhost/127.0.0.1:49850] for POST '/session/50ef97b955889075ae916638cc57e71f/element/39bdaa94-5bf0-4f48-8ef5-9ce0b8dc9eac/value'
18:29:18.008 [AsyncHttpClient-1-2] DEBUG org.asynchttpclient.netty.handler.HttpHandler - 

Request DefaultHttpRequest(decodeResult: success, version: HTTP/1.1)
POST /session/50ef97b955889075ae916638cc57e71f/element/39bdaa94-5bf0-4f48-8ef5-9ce0b8dc9eac/value HTTP/1.1
User-Agent: selenium/4.1.4 (java windows)
Content-Length: 131
Content-Type: application/json; charset=utf-8
host: localhost:49850
accept: */*

Response DefaultHttpResponse(decodeResult: success, version: HTTP/1.1)
HTTP/1.1 200 OK
Content-Type: application/json; charset=utf-8
cache-control: no-cache
content-length: 14

18:29:18.008 [AsyncHttpClient-1-2] DEBUG org.asynchttpclient.netty.channel.ChannelManager - Adding key: http://localhost:49850 for channel [id: 0x28e3c03f, L:/127.0.0.1:49788 - R:localhost/127.0.0.1:49850]
18:29:18.010 [Forwarding findElement on session 50ef97b955889075ae916638cc57e71f to remote] DEBUG org.asynchttpclient.netty.request.NettyRequestSender - Using pooled Channel '[id: 0x28e3c03f, L:/127.0.0.1:49788 - R:localhost/127.0.0.1:49850]' for 'POST' to 'http://localhost:49850/session/50ef97b955889075ae916638cc57e71f/element'
18:29:18.010 [Forwarding findElement on session 50ef97b955889075ae916638cc57e71f to remote] DEBUG org.asynchttpclient.netty.request.NettyRequestSender - Using open Channel [id: 0x28e3c03f, L:/127.0.0.1:49788 - R:localhost/127.0.0.1:49850] for POST '/session/50ef97b955889075ae916638cc57e71f/element'
18:29:18.020 [AsyncHttpClient-1-2] DEBUG org.asynchttpclient.netty.handler.HttpHandler - 

Request DefaultHttpRequest(decodeResult: success, version: HTTP/1.1)
POST /session/50ef97b955889075ae916638cc57e71f/element HTTP/1.1
User-Agent: selenium/4.1.4 (java windows)
Content-Length: 65
Content-Type: application/json; charset=utf-8
host: localhost:49850
accept: */*

Response DefaultHttpResponse(decodeResult: success, version: HTTP/1.1)
HTTP/1.1 200 OK
Content-Type: application/json; charset=utf-8
cache-control: no-cache
content-length: 88

18:29:18.020 [AsyncHttpClient-1-2] DEBUG org.asynchttpclient.netty.channel.ChannelManager - Adding key: http://localhost:49850 for channel [id: 0x28e3c03f, L:/127.0.0.1:49788 - R:localhost/127.0.0.1:49850]
18:29:18.021 [Forwarding sendKeysToElement on session 50ef97b955889075ae916638cc57e71f to remote] DEBUG org.asynchttpclient.netty.request.NettyRequestSender - Using pooled Channel '[id: 0x28e3c03f, L:/127.0.0.1:49788 - R:localhost/127.0.0.1:49850]' for 'POST' to 'http://localhost:49850/session/50ef97b955889075ae916638cc57e71f/element/64c88d5d-0778-4a81-8018-5a1f2779e0d4/value'
18:29:18.021 [Forwarding sendKeysToElement on session 50ef97b955889075ae916638cc57e71f to remote] DEBUG org.asynchttpclient.netty.request.NettyRequestSender - Using open Channel [id: 0x28e3c03f, L:/127.0.0.1:49788 - R:localhost/127.0.0.1:49850] for POST '/session/50ef97b955889075ae916638cc57e71f/element/64c88d5d-0778-4a81-8018-5a1f2779e0d4/value'
18:29:18.262 [AsyncHttpClient-1-2] DEBUG org.asynchttpclient.netty.handler.HttpHandler - 

Request DefaultHttpRequest(decodeResult: success, version: HTTP/1.1)
POST /session/50ef97b955889075ae916638cc57e71f/element/64c88d5d-0778-4a81-8018-5a1f2779e0d4/value HTTP/1.1
User-Agent: selenium/4.1.4 (java windows)
Content-Length: 241
Content-Type: application/json; charset=utf-8
host: localhost:49850
accept: */*

Response DefaultHttpResponse(decodeResult: success, version: HTTP/1.1)
HTTP/1.1 200 OK
Content-Type: application/json; charset=utf-8
cache-control: no-cache
content-length: 14

18:29:18.262 [AsyncHttpClient-1-2] DEBUG org.asynchttpclient.netty.channel.ChannelManager - Adding key: http://localhost:49850 for channel [id: 0x28e3c03f, L:/127.0.0.1:49788 - R:localhost/127.0.0.1:49850]
18:29:18.264 [Forwarding findElement on session 50ef97b955889075ae916638cc57e71f to remote] DEBUG org.asynchttpclient.netty.request.NettyRequestSender - Using pooled Channel '[id: 0x28e3c03f, L:/127.0.0.1:49788 - R:localhost/127.0.0.1:49850]' for 'POST' to 'http://localhost:49850/session/50ef97b955889075ae916638cc57e71f/element'
18:29:18.265 [Forwarding findElement on session 50ef97b955889075ae916638cc57e71f to remote] DEBUG org.asynchttpclient.netty.request.NettyRequestSender - Using open Channel [id: 0x28e3c03f, L:/127.0.0.1:49788 - R:localhost/127.0.0.1:49850] for POST '/session/50ef97b955889075ae916638cc57e71f/element'
18:29:18.274 [AsyncHttpClient-1-2] DEBUG org.asynchttpclient.netty.handler.HttpHandler - 

Request DefaultHttpRequest(decodeResult: success, version: HTTP/1.1)
POST /session/50ef97b955889075ae916638cc57e71f/element HTTP/1.1
User-Agent: selenium/4.1.4 (java windows)
Content-Length: 66
Content-Type: application/json; charset=utf-8
host: localhost:49850
accept: */*

Response DefaultHttpResponse(decodeResult: success, version: HTTP/1.1)
HTTP/1.1 200 OK
Content-Type: application/json; charset=utf-8
cache-control: no-cache
content-length: 88

18:29:18.274 [AsyncHttpClient-1-2] DEBUG org.asynchttpclient.netty.channel.ChannelManager - Adding key: http://localhost:49850 for channel [id: 0x28e3c03f, L:/127.0.0.1:49788 - R:localhost/127.0.0.1:49850]
18:29:18.275 [Forwarding sendKeysToElement on session 50ef97b955889075ae916638cc57e71f to remote] DEBUG org.asynchttpclient.netty.request.NettyRequestSender - Using pooled Channel '[id: 0x28e3c03f, L:/127.0.0.1:49788 - R:localhost/127.0.0.1:49850]' for 'POST' to 'http://localhost:49850/session/50ef97b955889075ae916638cc57e71f/element/e293354c-712f-40eb-9a79-a6be04eb931b/value'
18:29:18.275 [Forwarding sendKeysToElement on session 50ef97b955889075ae916638cc57e71f to remote] DEBUG org.asynchttpclient.netty.request.NettyRequestSender - Using open Channel [id: 0x28e3c03f, L:/127.0.0.1:49788 - R:localhost/127.0.0.1:49850] for POST '/session/50ef97b955889075ae916638cc57e71f/element/e293354c-712f-40eb-9a79-a6be04eb931b/value'
18:29:18.320 [AsyncHttpClient-1-2] DEBUG org.asynchttpclient.netty.handler.HttpHandler - 

Request DefaultHttpRequest(decodeResult: success, version: HTTP/1.1)
POST /session/50ef97b955889075ae916638cc57e71f/element/e293354c-712f-40eb-9a79-a6be04eb931b/value HTTP/1.1
User-Agent: selenium/4.1.4 (java windows)
Content-Length: 82
Content-Type: application/json; charset=utf-8
host: localhost:49850
accept: */*

Response DefaultHttpResponse(decodeResult: success, version: HTTP/1.1)
HTTP/1.1 200 OK
Content-Type: application/json; charset=utf-8
cache-control: no-cache
content-length: 14

18:29:18.320 [AsyncHttpClient-1-2] DEBUG org.asynchttpclient.netty.channel.ChannelManager - Adding key: http://localhost:49850 for channel [id: 0x28e3c03f, L:/127.0.0.1:49788 - R:localhost/127.0.0.1:49850]
18:29:18.323 [Forwarding findElement on session 50ef97b955889075ae916638cc57e71f to remote] DEBUG org.asynchttpclient.netty.request.NettyRequestSender - Using pooled Channel '[id: 0x28e3c03f, L:/127.0.0.1:49788 - R:localhost/127.0.0.1:49850]' for 'POST' to 'http://localhost:49850/session/50ef97b955889075ae916638cc57e71f/element'
18:29:18.323 [Forwarding findElement on session 50ef97b955889075ae916638cc57e71f to remote] DEBUG org.asynchttpclient.netty.request.NettyRequestSender - Using open Channel [id: 0x28e3c03f, L:/127.0.0.1:49788 - R:localhost/127.0.0.1:49850] for POST '/session/50ef97b955889075ae916638cc57e71f/element'
18:29:18.335 [AsyncHttpClient-1-2] DEBUG org.asynchttpclient.netty.handler.HttpHandler - 

Request DefaultHttpRequest(decodeResult: success, version: HTTP/1.1)
POST /session/50ef97b955889075ae916638cc57e71f/element HTTP/1.1
User-Agent: selenium/4.1.4 (java windows)
Content-Length: 66
Content-Type: application/json; charset=utf-8
host: localhost:49850
accept: */*

Response DefaultHttpResponse(decodeResult: success, version: HTTP/1.1)
HTTP/1.1 200 OK
Content-Type: application/json; charset=utf-8
cache-control: no-cache
content-length: 88

18:29:18.335 [AsyncHttpClient-1-2] DEBUG org.asynchttpclient.netty.channel.ChannelManager - Adding key: http://localhost:49850 for channel [id: 0x28e3c03f, L:/127.0.0.1:49788 - R:localhost/127.0.0.1:49850]
18:29:18.336 [Forwarding sendKeysToElement on session 50ef97b955889075ae916638cc57e71f to remote] DEBUG org.asynchttpclient.netty.request.NettyRequestSender - Using pooled Channel '[id: 0x28e3c03f, L:/127.0.0.1:49788 - R:localhost/127.0.0.1:49850]' for 'POST' to 'http://localhost:49850/session/50ef97b955889075ae916638cc57e71f/element/3331ac8f-2345-4f90-beba-70cc5abc980f/value'
18:29:18.336 [Forwarding sendKeysToElement on session 50ef97b955889075ae916638cc57e71f to remote] DEBUG org.asynchttpclient.netty.request.NettyRequestSender - Using open Channel [id: 0x28e3c03f, L:/127.0.0.1:49788 - R:localhost/127.0.0.1:49850] for POST '/session/50ef97b955889075ae916638cc57e71f/element/3331ac8f-2345-4f90-beba-70cc5abc980f/value'
18:29:18.442 [AsyncHttpClient-1-1] DEBUG org.asynchttpclient.netty.channel.DefaultChannelPool - Entry count for : http://localhost:49789 : 1
18:29:18.515 [AsyncHttpClient-1-2] DEBUG org.asynchttpclient.netty.handler.HttpHandler - 

Request DefaultHttpRequest(decodeResult: success, version: HTTP/1.1)
POST /session/50ef97b955889075ae916638cc57e71f/element/3331ac8f-2345-4f90-beba-70cc5abc980f/value HTTP/1.1
User-Agent: selenium/4.1.4 (java windows)
Content-Length: 191
Content-Type: application/json; charset=utf-8
host: localhost:49850
accept: */*

Response DefaultHttpResponse(decodeResult: success, version: HTTP/1.1)
HTTP/1.1 200 OK
Content-Type: application/json; charset=utf-8
cache-control: no-cache
content-length: 14

18:29:18.515 [AsyncHttpClient-1-2] DEBUG org.asynchttpclient.netty.channel.ChannelManager - Adding key: http://localhost:49850 for channel [id: 0x28e3c03f, L:/127.0.0.1:49788 - R:localhost/127.0.0.1:49850]
18:29:18.517 [Forwarding findElement on session 50ef97b955889075ae916638cc57e71f to remote] DEBUG org.asynchttpclient.netty.request.NettyRequestSender - Using pooled Channel '[id: 0x28e3c03f, L:/127.0.0.1:49788 - R:localhost/127.0.0.1:49850]' for 'POST' to 'http://localhost:49850/session/50ef97b955889075ae916638cc57e71f/element'
18:29:18.517 [Forwarding findElement on session 50ef97b955889075ae916638cc57e71f to remote] DEBUG org.asynchttpclient.netty.request.NettyRequestSender - Using open Channel [id: 0x28e3c03f, L:/127.0.0.1:49788 - R:localhost/127.0.0.1:49850] for POST '/session/50ef97b955889075ae916638cc57e71f/element'
18:29:18.528 [AsyncHttpClient-1-2] DEBUG org.asynchttpclient.netty.handler.HttpHandler - 

Request DefaultHttpRequest(decodeResult: success, version: HTTP/1.1)
POST /session/50ef97b955889075ae916638cc57e71f/element HTTP/1.1
User-Agent: selenium/4.1.4 (java windows)
Content-Length: 68
Content-Type: application/json; charset=utf-8
host: localhost:49850
accept: */*

Response DefaultHttpResponse(decodeResult: success, version: HTTP/1.1)
HTTP/1.1 200 OK
Content-Type: application/json; charset=utf-8
cache-control: no-cache
content-length: 88

18:29:18.528 [AsyncHttpClient-1-2] DEBUG org.asynchttpclient.netty.channel.ChannelManager - Adding key: http://localhost:49850 for channel [id: 0x28e3c03f, L:/127.0.0.1:49788 - R:localhost/127.0.0.1:49850]
18:29:18.529 [Forwarding sendKeysToElement on session 50ef97b955889075ae916638cc57e71f to remote] DEBUG org.asynchttpclient.netty.request.NettyRequestSender - Using pooled Channel '[id: 0x28e3c03f, L:/127.0.0.1:49788 - R:localhost/127.0.0.1:49850]' for 'POST' to 'http://localhost:49850/session/50ef97b955889075ae916638cc57e71f/element/fea47cb9-18d8-4b97-be62-dbd370ea6aff/value'
18:29:18.529 [Forwarding sendKeysToElement on session 50ef97b955889075ae916638cc57e71f to remote] DEBUG org.asynchttpclient.netty.request.NettyRequestSender - Using open Channel [id: 0x28e3c03f, L:/127.0.0.1:49788 - R:localhost/127.0.0.1:49850] for POST '/session/50ef97b955889075ae916638cc57e71f/element/fea47cb9-18d8-4b97-be62-dbd370ea6aff/value'
18:29:18.680 [AsyncHttpClient-1-2] DEBUG org.asynchttpclient.netty.handler.HttpHandler - 

Request DefaultHttpRequest(decodeResult: success, version: HTTP/1.1)
POST /session/50ef97b955889075ae916638cc57e71f/element/fea47cb9-18d8-4b97-be62-dbd370ea6aff/value HTTP/1.1
User-Agent: selenium/4.1.4 (java windows)
Content-Length: 171
Content-Type: application/json; charset=utf-8
host: localhost:49850
accept: */*

Response DefaultHttpResponse(decodeResult: success, version: HTTP/1.1)
HTTP/1.1 200 OK
Content-Type: application/json; charset=utf-8
cache-control: no-cache
content-length: 14

18:29:18.680 [AsyncHttpClient-1-2] DEBUG org.asynchttpclient.netty.channel.ChannelManager - Adding key: http://localhost:49850 for channel [id: 0x28e3c03f, L:/127.0.0.1:49788 - R:localhost/127.0.0.1:49850]
18:29:18.684 [Forwarding screenshot on session 50ef97b955889075ae916638cc57e71f to remote] DEBUG org.asynchttpclient.netty.request.NettyRequestSender - Using pooled Channel '[id: 0x28e3c03f, L:/127.0.0.1:49788 - R:localhost/127.0.0.1:49850]' for 'GET' to 'http://localhost:49850/session/50ef97b955889075ae916638cc57e71f/screenshot'
18:29:18.684 [Forwarding screenshot on session 50ef97b955889075ae916638cc57e71f to remote] DEBUG org.asynchttpclient.netty.request.NettyRequestSender - Using open Channel [id: 0x28e3c03f, L:/127.0.0.1:49788 - R:localhost/127.0.0.1:49850] for GET '/session/50ef97b955889075ae916638cc57e71f/screenshot'
18:29:18.899 [AsyncHttpClient-1-2] DEBUG org.asynchttpclient.netty.handler.HttpHandler - 

Request DefaultFullHttpRequest(decodeResult: success, version: HTTP/1.1, content: EmptyByteBufBE)
GET /session/50ef97b955889075ae916638cc57e71f/screenshot HTTP/1.1
User-Agent: selenium/4.1.4 (java windows)
Cache-Control: no-cache
Content-Type: application/json; charset=utf-8
host: localhost:49850
accept: */*

Response DefaultHttpResponse(decodeResult: success, version: HTTP/1.1)
HTTP/1.1 200 OK
Content-Type: application/json; charset=utf-8
cache-control: no-cache
content-length: 252948

18:29:18.899 [AsyncHttpClient-1-2] DEBUG org.asynchttpclient.netty.channel.ChannelManager - Adding key: http://localhost:49850 for channel [id: 0x28e3c03f, L:/127.0.0.1:49788 - R:localhost/127.0.0.1:49850]
18:29:18.903 [main] DEBUG net.serenitybdd.core.photography.Darkroom - Send negative for processing for target\site\serenity\9de4892a0efa2766f94fa73193aa77095f86c7bb53c1fafdc72d4b7b9fd689f5.png
18:29:18.903 [main] DEBUG net.thucydides.core.steps.StepInterceptor - STEP DONE: inputDataPasien
  &amp#27;[32mAnd &amp#27;[0m&amp#27;[32mI input &amp#27;[0m&amp#27;[32m&amp#27;[1m"Bagas"&amp#27;[0m&amp#27;[32m &amp#27;[0m&amp#27;[32m&amp#27;[1m"1234567898976546"&amp#27;[0m&amp#27;[32m &amp#27;[0m&amp#27;[32m&amp#27;[1m""&amp#27;[0m&amp#27;[32m &amp#27;[0m&amp#27;[32m&amp#27;[1m"01294657612"&amp#27;[0m&amp#27;[32m &amp#27;[0m&amp#27;[32m&amp#27;[1m"perumahan"&amp#27;[0m&amp#27;[32m patient&amp#27;[0m  &amp#27;[90m# starter.stepdefinitios.PatientDataSteps.iInput(java.lang.String,java.lang.String,java.lang.String,java.lang.String,java.lang.String)&amp#27;[0m
18:29:18.903 [Darkroom Processing Line] DEBUG net.serenitybdd.core.photography.DarkroomProcessingLine - Processing screenshot image in /var/screenshots/screenshot-13615474578100633372
18:29:18.903 [Darkroom Processing Line] DEBUG net.serenitybdd.core.photography.DarkroomProcessingLine - Saving screenshot to target\site\serenity\9de4892a0efa2766f94fa73193aa77095f86c7bb53c1fafdc72d4b7b9fd689f5.png
18:29:18.915 [main] DEBUG net.thucydides.core.steps.StepInterceptor - STARTING STEP: PatientDataSteps.iClickButtonJenisKelamin - clickLaki
18:29:18.917 [Forwarding findElement on session 50ef97b955889075ae916638cc57e71f to remote] DEBUG org.asynchttpclient.netty.request.NettyRequestSender - Using pooled Channel '[id: 0x28e3c03f, L:/127.0.0.1:49788 - R:localhost/127.0.0.1:49850]' for 'POST' to 'http://localhost:49850/session/50ef97b955889075ae916638cc57e71f/element'
18:29:18.917 [Forwarding findElement on session 50ef97b955889075ae916638cc57e71f to remote] DEBUG org.asynchttpclient.netty.request.NettyRequestSender - Using open Channel [id: 0x28e3c03f, L:/127.0.0.1:49788 - R:localhost/127.0.0.1:49850] for POST '/session/50ef97b955889075ae916638cc57e71f/element'
18:29:18.927 [AsyncHttpClient-1-2] DEBUG org.asynchttpclient.netty.handler.HttpHandler - 

Request DefaultHttpRequest(decodeResult: success, version: HTTP/1.1)
POST /session/50ef97b955889075ae916638cc57e71f/element HTTP/1.1
User-Agent: selenium/4.1.4 (java windows)
Content-Length: 182
Content-Type: application/json; charset=utf-8
host: localhost:49850
accept: */*

Response DefaultHttpResponse(decodeResult: success, version: HTTP/1.1)
HTTP/1.1 200 OK
Content-Type: application/json; charset=utf-8
cache-control: no-cache
content-length: 88

18:29:18.927 [AsyncHttpClient-1-2] DEBUG org.asynchttpclient.netty.channel.ChannelManager - Adding key: http://localhost:49850 for channel [id: 0x28e3c03f, L:/127.0.0.1:49788 - R:localhost/127.0.0.1:49850]
18:29:18.927 [Forwarding getElementTagName on session 50ef97b955889075ae916638cc57e71f to remote] DEBUG org.asynchttpclient.netty.request.NettyRequestSender - Using pooled Channel '[id: 0x28e3c03f, L:/127.0.0.1:49788 - R:localhost/127.0.0.1:49850]' for 'GET' to 'http://localhost:49850/session/50ef97b955889075ae916638cc57e71f/element/03492dcb-1bba-4fb7-992b-e64d3952ad3a/name'
18:29:18.927 [Forwarding getElementTagName on session 50ef97b955889075ae916638cc57e71f to remote] DEBUG org.asynchttpclient.netty.request.NettyRequestSender - Using open Channel [id: 0x28e3c03f, L:/127.0.0.1:49788 - R:localhost/127.0.0.1:49850] for GET '/session/50ef97b955889075ae916638cc57e71f/element/03492dcb-1bba-4fb7-992b-e64d3952ad3a/name'
18:29:18.932 [AsyncHttpClient-1-2] DEBUG org.asynchttpclient.netty.handler.HttpHandler - 

Request DefaultFullHttpRequest(decodeResult: success, version: HTTP/1.1, content: EmptyByteBufBE)
GET /session/50ef97b955889075ae916638cc57e71f/element/03492dcb-1bba-4fb7-992b-e64d3952ad3a/name HTTP/1.1
User-Agent: selenium/4.1.4 (java windows)
Cache-Control: no-cache
Content-Type: application/json; charset=utf-8
host: localhost:49850
accept: */*

Response DefaultHttpResponse(decodeResult: success, version: HTTP/1.1)
HTTP/1.1 200 OK
Content-Type: application/json; charset=utf-8
cache-control: no-cache
content-length: 16

18:29:18.932 [AsyncHttpClient-1-2] DEBUG org.asynchttpclient.netty.channel.ChannelManager - Adding key: http://localhost:49850 for channel [id: 0x28e3c03f, L:/127.0.0.1:49788 - R:localhost/127.0.0.1:49850]
18:29:18.933 [Forwarding getElementTagName on session 50ef97b955889075ae916638cc57e71f to remote] DEBUG org.asynchttpclient.netty.request.NettyRequestSender - Using pooled Channel '[id: 0x28e3c03f, L:/127.0.0.1:49788 - R:localhost/127.0.0.1:49850]' for 'GET' to 'http://localhost:49850/session/50ef97b955889075ae916638cc57e71f/element/03492dcb-1bba-4fb7-992b-e64d3952ad3a/name'
18:29:18.933 [Forwarding getElementTagName on session 50ef97b955889075ae916638cc57e71f to remote] DEBUG org.asynchttpclient.netty.request.NettyRequestSender - Using open Channel [id: 0x28e3c03f, L:/127.0.0.1:49788 - R:localhost/127.0.0.1:49850] for GET '/session/50ef97b955889075ae916638cc57e71f/element/03492dcb-1bba-4fb7-992b-e64d3952ad3a/name'
18:29:18.936 [AsyncHttpClient-1-2] DEBUG org.asynchttpclient.netty.handler.HttpHandler - 

Request DefaultFullHttpRequest(decodeResult: success, version: HTTP/1.1, content: EmptyByteBufBE)
GET /session/50ef97b955889075ae916638cc57e71f/element/03492dcb-1bba-4fb7-992b-e64d3952ad3a/name HTTP/1.1
User-Agent: selenium/4.1.4 (java windows)
Cache-Control: no-cache
Content-Type: application/json; charset=utf-8
host: localhost:49850
accept: */*

Response DefaultHttpResponse(decodeResult: success, version: HTTP/1.1)
HTTP/1.1 200 OK
Content-Type: application/json; charset=utf-8
cache-control: no-cache
content-length: 16

18:29:18.936 [AsyncHttpClient-1-2] DEBUG org.asynchttpclient.netty.channel.ChannelManager - Adding key: http://localhost:49850 for channel [id: 0x28e3c03f, L:/127.0.0.1:49788 - R:localhost/127.0.0.1:49850]
18:29:18.937 [Forwarding findElement on session 50ef97b955889075ae916638cc57e71f to remote] DEBUG org.asynchttpclient.netty.request.NettyRequestSender - Using pooled Channel '[id: 0x28e3c03f, L:/127.0.0.1:49788 - R:localhost/127.0.0.1:49850]' for 'POST' to 'http://localhost:49850/session/50ef97b955889075ae916638cc57e71f/element'
18:29:18.937 [Forwarding findElement on session 50ef97b955889075ae916638cc57e71f to remote] DEBUG org.asynchttpclient.netty.request.NettyRequestSender - Using open Channel [id: 0x28e3c03f, L:/127.0.0.1:49788 - R:localhost/127.0.0.1:49850] for POST '/session/50ef97b955889075ae916638cc57e71f/element'
18:29:18.944 [AsyncHttpClient-1-2] DEBUG org.asynchttpclient.netty.handler.HttpHandler - 

Request DefaultHttpRequest(decodeResult: success, version: HTTP/1.1)
POST /session/50ef97b955889075ae916638cc57e71f/element HTTP/1.1
User-Agent: selenium/4.1.4 (java windows)
Content-Length: 182
Content-Type: application/json; charset=utf-8
host: localhost:49850
accept: */*

Response DefaultHttpResponse(decodeResult: success, version: HTTP/1.1)
HTTP/1.1 200 OK
Content-Type: application/json; charset=utf-8
cache-control: no-cache
content-length: 88

18:29:18.944 [AsyncHttpClient-1-2] DEBUG org.asynchttpclient.netty.channel.ChannelManager - Adding key: http://localhost:49850 for channel [id: 0x28e3c03f, L:/127.0.0.1:49788 - R:localhost/127.0.0.1:49850]
18:29:18.945 [Forwarding clickElement on session 50ef97b955889075ae916638cc57e71f to remote] DEBUG org.asynchttpclient.netty.request.NettyRequestSender - Using pooled Channel '[id: 0x28e3c03f, L:/127.0.0.1:49788 - R:localhost/127.0.0.1:49850]' for 'POST' to 'http://localhost:49850/session/50ef97b955889075ae916638cc57e71f/element/03492dcb-1bba-4fb7-992b-e64d3952ad3a/click'
18:29:18.945 [Forwarding clickElement on session 50ef97b955889075ae916638cc57e71f to remote] DEBUG org.asynchttpclient.netty.request.NettyRequestSender - Using open Channel [id: 0x28e3c03f, L:/127.0.0.1:49788 - R:localhost/127.0.0.1:49850] for POST '/session/50ef97b955889075ae916638cc57e71f/element/03492dcb-1bba-4fb7-992b-e64d3952ad3a/click'
18:29:18.989 [AsyncHttpClient-1-2] DEBUG org.asynchttpclient.netty.handler.HttpHandler - 

Request DefaultHttpRequest(decodeResult: success, version: HTTP/1.1)
POST /session/50ef97b955889075ae916638cc57e71f/element/03492dcb-1bba-4fb7-992b-e64d3952ad3a/click HTTP/1.1
User-Agent: selenium/4.1.4 (java windows)
Content-Length: 50
Content-Type: application/json; charset=utf-8
host: localhost:49850
accept: */*

Response DefaultHttpResponse(decodeResult: success, version: HTTP/1.1)
HTTP/1.1 200 OK
Content-Type: application/json; charset=utf-8
cache-control: no-cache
content-length: 14

18:29:18.989 [AsyncHttpClient-1-2] DEBUG org.asynchttpclient.netty.channel.ChannelManager - Adding key: http://localhost:49850 for channel [id: 0x28e3c03f, L:/127.0.0.1:49788 - R:localhost/127.0.0.1:49850]
18:29:18.997 [Forwarding screenshot on session 50ef97b955889075ae916638cc57e71f to remote] DEBUG org.asynchttpclient.netty.request.NettyRequestSender - Using pooled Channel '[id: 0x28e3c03f, L:/127.0.0.1:49788 - R:localhost/127.0.0.1:49850]' for 'GET' to 'http://localhost:49850/session/50ef97b955889075ae916638cc57e71f/screenshot'
18:29:18.997 [Forwarding screenshot on session 50ef97b955889075ae916638cc57e71f to remote] DEBUG org.asynchttpclient.netty.request.NettyRequestSender - Using open Channel [id: 0x28e3c03f, L:/127.0.0.1:49788 - R:localhost/127.0.0.1:49850] for GET '/session/50ef97b955889075ae916638cc57e71f/screenshot'
18:29:19.281 [AsyncHttpClient-1-2] DEBUG org.asynchttpclient.netty.handler.HttpHandler - 

Request DefaultFullHttpRequest(decodeResult: success, version: HTTP/1.1, content: EmptyByteBufBE)
GET /session/50ef97b955889075ae916638cc57e71f/screenshot HTTP/1.1
User-Agent: selenium/4.1.4 (java windows)
Cache-Control: no-cache
Content-Type: application/json; charset=utf-8
host: localhost:49850
accept: */*

Response DefaultHttpResponse(decodeResult: success, version: HTTP/1.1)
HTTP/1.1 200 OK
Content-Type: application/json; charset=utf-8
cache-control: no-cache
content-length: 253736

18:29:19.281 [AsyncHttpClient-1-2] DEBUG org.asynchttpclient.netty.channel.ChannelManager - Adding key: http://localhost:49850 for channel [id: 0x28e3c03f, L:/127.0.0.1:49788 - R:localhost/127.0.0.1:49850]
18:29:19.294 [main] DEBUG net.serenitybdd.core.photography.Darkroom - Send negative for processing for target\site\serenity\e1aeb516336b618a7c1f8d42eff4389453f9c316042dee3e870b7642df584c1b.png
18:29:19.294 [main] DEBUG net.thucydides.core.steps.StepInterceptor - STEP DONE: clickLaki
18:29:19.294 [Darkroom Processing Line] DEBUG net.serenitybdd.core.photography.DarkroomProcessingLine - Processing screenshot image in /var/screenshots/screenshot-10735765212044286426
18:29:19.294 [Darkroom Processing Line] DEBUG net.serenitybdd.core.photography.DarkroomProcessingLine - Saving screenshot to target\site\serenity\e1aeb516336b618a7c1f8d42eff4389453f9c316042dee3e870b7642df584c1b.png
  &amp#27;[32mAnd &amp#27;[0m&amp#27;[32mI click button jenis kelamin laki-laki&amp#27;[0m                                   &amp#27;[90m# starter.stepdefinitios.PatientDataSteps.iClickButtonJenisKelamin()&amp#27;[0m
18:29:19.334 [main] DEBUG net.thucydides.core.steps.StepInterceptor - STARTING STEP: PatientDataSteps.clickButtonSimpan - clickButtonSave
18:29:19.338 [Forwarding findElement on session 50ef97b955889075ae916638cc57e71f to remote] DEBUG org.asynchttpclient.netty.request.NettyRequestSender - Using pooled Channel '[id: 0x28e3c03f, L:/127.0.0.1:49788 - R:localhost/127.0.0.1:49850]' for 'POST' to 'http://localhost:49850/session/50ef97b955889075ae916638cc57e71f/element'
18:29:19.339 [Forwarding findElement on session 50ef97b955889075ae916638cc57e71f to remote] DEBUG org.asynchttpclient.netty.request.NettyRequestSender - Using open Channel [id: 0x28e3c03f, L:/127.0.0.1:49788 - R:localhost/127.0.0.1:49850] for POST '/session/50ef97b955889075ae916638cc57e71f/element'
18:29:19.354 [AsyncHttpClient-1-2] DEBUG org.asynchttpclient.netty.handler.HttpHandler - 

Request DefaultHttpRequest(decodeResult: success, version: HTTP/1.1)
POST /session/50ef97b955889075ae916638cc57e71f/element HTTP/1.1
User-Agent: selenium/4.1.4 (java windows)
Content-Length: 68
Content-Type: application/json; charset=utf-8
host: localhost:49850
accept: */*

Response DefaultHttpResponse(decodeResult: success, version: HTTP/1.1)
HTTP/1.1 200 OK
Content-Type: application/json; charset=utf-8
cache-control: no-cache
content-length: 88

18:29:19.354 [AsyncHttpClient-1-2] DEBUG org.asynchttpclient.netty.channel.ChannelManager - Adding key: http://localhost:49850 for channel [id: 0x28e3c03f, L:/127.0.0.1:49788 - R:localhost/127.0.0.1:49850]
18:29:19.356 [Forwarding getElementTagName on session 50ef97b955889075ae916638cc57e71f to remote] DEBUG org.asynchttpclient.netty.request.NettyRequestSender - Using pooled Channel '[id: 0x28e3c03f, L:/127.0.0.1:49788 - R:localhost/127.0.0.1:49850]' for 'GET' to 'http://localhost:49850/session/50ef97b955889075ae916638cc57e71f/element/c9881415-6a3b-459b-aa50-9f35cab01548/name'
18:29:19.356 [Forwarding getElementTagName on session 50ef97b955889075ae916638cc57e71f to remote] DEBUG org.asynchttpclient.netty.request.NettyRequestSender - Using open Channel [id: 0x28e3c03f, L:/127.0.0.1:49788 - R:localhost/127.0.0.1:49850] for GET '/session/50ef97b955889075ae916638cc57e71f/element/c9881415-6a3b-459b-aa50-9f35cab01548/name'
18:29:19.386 [AsyncHttpClient-1-2] DEBUG org.asynchttpclient.netty.handler.HttpHandler - 

Request DefaultFullHttpRequest(decodeResult: success, version: HTTP/1.1, content: EmptyByteBufBE)
GET /session/50ef97b955889075ae916638cc57e71f/element/c9881415-6a3b-459b-aa50-9f35cab01548/name HTTP/1.1
User-Agent: selenium/4.1.4 (java windows)
Cache-Control: no-cache
Content-Type: application/json; charset=utf-8
host: localhost:49850
accept: */*

Response DefaultHttpResponse(decodeResult: success, version: HTTP/1.1)
HTTP/1.1 200 OK
Content-Type: application/json; charset=utf-8
cache-control: no-cache
content-length: 18

18:29:19.386 [AsyncHttpClient-1-2] DEBUG org.asynchttpclient.netty.channel.ChannelManager - Adding key: http://localhost:49850 for channel [id: 0x28e3c03f, L:/127.0.0.1:49788 - R:localhost/127.0.0.1:49850]
18:29:19.387 [Forwarding getElementTagName on session 50ef97b955889075ae916638cc57e71f to remote] DEBUG org.asynchttpclient.netty.request.NettyRequestSender - Using pooled Channel '[id: 0x28e3c03f, L:/127.0.0.1:49788 - R:localhost/127.0.0.1:49850]' for 'GET' to 'http://localhost:49850/session/50ef97b955889075ae916638cc57e71f/element/c9881415-6a3b-459b-aa50-9f35cab01548/name'
18:29:19.388 [Forwarding getElementTagName on session 50ef97b955889075ae916638cc57e71f to remote] DEBUG org.asynchttpclient.netty.request.NettyRequestSender - Using open Channel [id: 0x28e3c03f, L:/127.0.0.1:49788 - R:localhost/127.0.0.1:49850] for GET '/session/50ef97b955889075ae916638cc57e71f/element/c9881415-6a3b-459b-aa50-9f35cab01548/name'
18:29:19.395 [AsyncHttpClient-1-2] DEBUG org.asynchttpclient.netty.handler.HttpHandler - 

Request DefaultFullHttpRequest(decodeResult: success, version: HTTP/1.1, content: EmptyByteBufBE)
GET /session/50ef97b955889075ae916638cc57e71f/element/c9881415-6a3b-459b-aa50-9f35cab01548/name HTTP/1.1
User-Agent: selenium/4.1.4 (java windows)
Cache-Control: no-cache
Content-Type: application/json; charset=utf-8
host: localhost:49850
accept: */*

Response DefaultHttpResponse(decodeResult: success, version: HTTP/1.1)
HTTP/1.1 200 OK
Content-Type: application/json; charset=utf-8
cache-control: no-cache
content-length: 18

18:29:19.395 [AsyncHttpClient-1-2] DEBUG org.asynchttpclient.netty.channel.ChannelManager - Adding key: http://localhost:49850 for channel [id: 0x28e3c03f, L:/127.0.0.1:49788 - R:localhost/127.0.0.1:49850]
18:29:19.396 [Forwarding isElementEnabled on session 50ef97b955889075ae916638cc57e71f to remote] DEBUG org.asynchttpclient.netty.request.NettyRequestSender - Using pooled Channel '[id: 0x28e3c03f, L:/127.0.0.1:49788 - R:localhost/127.0.0.1:49850]' for 'GET' to 'http://localhost:49850/session/50ef97b955889075ae916638cc57e71f/element/c9881415-6a3b-459b-aa50-9f35cab01548/enabled'
18:29:19.396 [Forwarding isElementEnabled on session 50ef97b955889075ae916638cc57e71f to remote] DEBUG org.asynchttpclient.netty.request.NettyRequestSender - Using open Channel [id: 0x28e3c03f, L:/127.0.0.1:49788 - R:localhost/127.0.0.1:49850] for GET '/session/50ef97b955889075ae916638cc57e71f/element/c9881415-6a3b-459b-aa50-9f35cab01548/enabled'
18:29:19.414 [AsyncHttpClient-1-2] DEBUG org.asynchttpclient.netty.handler.HttpHandler - 

Request DefaultFullHttpRequest(decodeResult: success, version: HTTP/1.1, content: EmptyByteBufBE)
GET /session/50ef97b955889075ae916638cc57e71f/element/c9881415-6a3b-459b-aa50-9f35cab01548/enabled HTTP/1.1
User-Agent: selenium/4.1.4 (java windows)
Cache-Control: no-cache
Content-Type: application/json; charset=utf-8
host: localhost:49850
accept: */*

Response DefaultHttpResponse(decodeResult: success, version: HTTP/1.1)
HTTP/1.1 200 OK
Content-Type: application/json; charset=utf-8
cache-control: no-cache
content-length: 14

18:29:19.414 [AsyncHttpClient-1-2] DEBUG org.asynchttpclient.netty.channel.ChannelManager - Adding key: http://localhost:49850 for channel [id: 0x28e3c03f, L:/127.0.0.1:49788 - R:localhost/127.0.0.1:49850]
18:29:19.415 [Forwarding isElementEnabled on session 50ef97b955889075ae916638cc57e71f to remote] DEBUG org.asynchttpclient.netty.request.NettyRequestSender - Using pooled Channel '[id: 0x28e3c03f, L:/127.0.0.1:49788 - R:localhost/127.0.0.1:49850]' for 'GET' to 'http://localhost:49850/session/50ef97b955889075ae916638cc57e71f/element/c9881415-6a3b-459b-aa50-9f35cab01548/enabled'
18:29:19.415 [Forwarding isElementEnabled on session 50ef97b955889075ae916638cc57e71f to remote] DEBUG org.asynchttpclient.netty.request.NettyRequestSender - Using open Channel [id: 0x28e3c03f, L:/127.0.0.1:49788 - R:localhost/127.0.0.1:49850] for GET '/session/50ef97b955889075ae916638cc57e71f/element/c9881415-6a3b-459b-aa50-9f35cab01548/enabled'
18:29:19.421 [AsyncHttpClient-1-2] DEBUG org.asynchttpclient.netty.handler.HttpHandler - 

Request DefaultFullHttpRequest(decodeResult: success, version: HTTP/1.1, content: EmptyByteBufBE)
GET /session/50ef97b955889075ae916638cc57e71f/element/c9881415-6a3b-459b-aa50-9f35cab01548/enabled HTTP/1.1
User-Agent: selenium/4.1.4 (java windows)
Cache-Control: no-cache
Content-Type: application/json; charset=utf-8
host: localhost:49850
accept: */*

Response DefaultHttpResponse(decodeResult: success, version: HTTP/1.1)
HTTP/1.1 200 OK
Content-Type: application/json; charset=utf-8
cache-control: no-cache
content-length: 14

18:29:19.422 [AsyncHttpClient-1-2] DEBUG org.asynchttpclient.netty.channel.ChannelManager - Adding key: http://localhost:49850 for channel [id: 0x28e3c03f, L:/127.0.0.1:49788 - R:localhost/127.0.0.1:49850]
18:29:19.423 [Forwarding findElement on session 50ef97b955889075ae916638cc57e71f to remote] DEBUG org.asynchttpclient.netty.request.NettyRequestSender - Using pooled Channel '[id: 0x28e3c03f, L:/127.0.0.1:49788 - R:localhost/127.0.0.1:49850]' for 'POST' to 'http://localhost:49850/session/50ef97b955889075ae916638cc57e71f/element'
18:29:19.423 [Forwarding findElement on session 50ef97b955889075ae916638cc57e71f to remote] DEBUG org.asynchttpclient.netty.request.NettyRequestSender - Using open Channel [id: 0x28e3c03f, L:/127.0.0.1:49788 - R:localhost/127.0.0.1:49850] for POST '/session/50ef97b955889075ae916638cc57e71f/element'
18:29:19.440 [AsyncHttpClient-1-2] DEBUG org.asynchttpclient.netty.handler.HttpHandler - 

Request DefaultHttpRequest(decodeResult: success, version: HTTP/1.1)
POST /session/50ef97b955889075ae916638cc57e71f/element HTTP/1.1
User-Agent: selenium/4.1.4 (java windows)
Content-Length: 68
Content-Type: application/json; charset=utf-8
host: localhost:49850
accept: */*

Response DefaultHttpResponse(decodeResult: success, version: HTTP/1.1)
HTTP/1.1 200 OK
Content-Type: application/json; charset=utf-8
cache-control: no-cache
content-length: 88

18:29:19.440 [AsyncHttpClient-1-2] DEBUG org.asynchttpclient.netty.channel.ChannelManager - Adding key: http://localhost:49850 for channel [id: 0x28e3c03f, L:/127.0.0.1:49788 - R:localhost/127.0.0.1:49850]
18:29:19.443 [Forwarding clickElement on session 50ef97b955889075ae916638cc57e71f to remote] DEBUG org.asynchttpclient.netty.request.NettyRequestSender - Using pooled Channel '[id: 0x28e3c03f, L:/127.0.0.1:49788 - R:localhost/127.0.0.1:49850]' for 'POST' to 'http://localhost:49850/session/50ef97b955889075ae916638cc57e71f/element/c9881415-6a3b-459b-aa50-9f35cab01548/click'
18:29:19.443 [Forwarding clickElement on session 50ef97b955889075ae916638cc57e71f to remote] DEBUG org.asynchttpclient.netty.request.NettyRequestSender - Using open Channel [id: 0x28e3c03f, L:/127.0.0.1:49788 - R:localhost/127.0.0.1:49850] for POST '/session/50ef97b955889075ae916638cc57e71f/element/c9881415-6a3b-459b-aa50-9f35cab01548/click'
18:29:19.512 [AsyncHttpClient-1-2] DEBUG org.asynchttpclient.netty.handler.HttpHandler - 

Request DefaultHttpRequest(decodeResult: success, version: HTTP/1.1)
POST /session/50ef97b955889075ae916638cc57e71f/element/c9881415-6a3b-459b-aa50-9f35cab01548/click HTTP/1.1
User-Agent: selenium/4.1.4 (java windows)
Content-Length: 50
Content-Type: application/json; charset=utf-8
host: localhost:49850
accept: */*

Response DefaultHttpResponse(decodeResult: success, version: HTTP/1.1)
HTTP/1.1 200 OK
Content-Type: application/json; charset=utf-8
cache-control: no-cache
content-length: 14

18:29:19.513 [AsyncHttpClient-1-2] DEBUG org.asynchttpclient.netty.channel.ChannelManager - Adding key: http://localhost:49850 for channel [id: 0x28e3c03f, L:/127.0.0.1:49788 - R:localhost/127.0.0.1:49850]
18:29:19.515 [Forwarding screenshot on session 50ef97b955889075ae916638cc57e71f to remote] DEBUG org.asynchttpclient.netty.request.NettyRequestSender - Using pooled Channel '[id: 0x28e3c03f, L:/127.0.0.1:49788 - R:localhost/127.0.0.1:49850]' for 'GET' to 'http://localhost:49850/session/50ef97b955889075ae916638cc57e71f/screenshot'
18:29:19.515 [Forwarding screenshot on session 50ef97b955889075ae916638cc57e71f to remote] DEBUG org.asynchttpclient.netty.request.NettyRequestSender - Using open Channel [id: 0x28e3c03f, L:/127.0.0.1:49788 - R:localhost/127.0.0.1:49850] for GET '/session/50ef97b955889075ae916638cc57e71f/screenshot'
18:29:19.544 [AsyncHttpClient-1-1] DEBUG org.asynchttpclient.netty.channel.DefaultChannelPool - Entry count for : http://localhost:49789 : 1
18:29:19.979 [AsyncHttpClient-1-2] DEBUG org.asynchttpclient.netty.handler.HttpHandler - 

Request DefaultFullHttpRequest(decodeResult: success, version: HTTP/1.1, content: EmptyByteBufBE)
GET /session/50ef97b955889075ae916638cc57e71f/screenshot HTTP/1.1
User-Agent: selenium/4.1.4 (java windows)
Cache-Control: no-cache
Content-Type: application/json; charset=utf-8
host: localhost:49850
accept: */*

Response DefaultHttpResponse(decodeResult: success, version: HTTP/1.1)
HTTP/1.1 200 OK
Content-Type: application/json; charset=utf-8
cache-control: no-cache
content-length: 261288

18:29:19.980 [AsyncHttpClient-1-2] DEBUG org.asynchttpclient.netty.channel.ChannelManager - Adding key: http://localhost:49850 for channel [id: 0x28e3c03f, L:/127.0.0.1:49788 - R:localhost/127.0.0.1:49850]
18:29:19.994 [main] DEBUG net.serenitybdd.core.photography.Darkroom - Send negative for processing for target\site\serenity\580e1ca94f3dcf73c4943fc881b628dfd1df0dffb85bb6ae9b667602eb99289c.png
18:29:19.994 [main] DEBUG net.thucydides.core.steps.StepInterceptor - STEP DONE: clickButtonSave
18:29:19.994 [Darkroom Processing Line] DEBUG net.serenitybdd.core.photography.DarkroomProcessingLine - Processing screenshot image in /var/screenshots/screenshot-5034363496105345097
18:29:19.994 [Darkroom Processing Line] DEBUG net.serenitybdd.core.photography.DarkroomProcessingLine - Saving screenshot to target\site\serenity\580e1ca94f3dcf73c4943fc881b628dfd1df0dffb85bb6ae9b667602eb99289c.png
18:29:20.639 [AsyncHttpClient-1-1] DEBUG org.asynchttpclient.netty.channel.DefaultChannelPool - Entry count for : http://localhost:49850 : 1
18:29:20.639 [AsyncHttpClient-1-1] DEBUG org.asynchttpclient.netty.channel.DefaultChannelPool - Entry count for : http://localhost:49789 : 1
  &amp#27;[32mThen &amp#27;[0m&amp#27;[32mClick button simpan&amp#27;[0m                                                     &amp#27;[90m# starter.stepdefinitios.PatientDataSteps.clickButtonSimpan()&amp#27;[0m
18:29:21.012 [Forwarding screenshot on session 50ef97b955889075ae916638cc57e71f to remote] DEBUG org.asynchttpclient.netty.request.NettyRequestSender - Using pooled Channel '[id: 0x28e3c03f, L:/127.0.0.1:49788 - R:localhost/127.0.0.1:49850]' for 'GET' to 'http://localhost:49850/session/50ef97b955889075ae916638cc57e71f/screenshot'
18:29:21.012 [Forwarding screenshot on session 50ef97b955889075ae916638cc57e71f to remote] DEBUG org.asynchttpclient.netty.request.NettyRequestSender - Using open Channel [id: 0x28e3c03f, L:/127.0.0.1:49788 - R:localhost/127.0.0.1:49850] for GET '/session/50ef97b955889075ae916638cc57e71f/screenshot'
18:29:21.239 [AsyncHttpClient-1-2] DEBUG org.asynchttpclient.netty.handler.HttpHandler - 

Request DefaultFullHttpRequest(decodeResult: success, version: HTTP/1.1, content: EmptyByteBufBE)
GET /session/50ef97b955889075ae916638cc57e71f/screenshot HTTP/1.1
User-Agent: selenium/4.1.4 (java windows)
Cache-Control: no-cache
Content-Type: application/json; charset=utf-8
host: localhost:49850
accept: */*

Response DefaultHttpResponse(decodeResult: success, version: HTTP/1.1)
HTTP/1.1 200 OK
Content-Type: application/json; charset=utf-8
cache-control: no-cache
content-length: 261356

18:29:21.239 [AsyncHttpClient-1-2] DEBUG org.asynchttpclient.netty.channel.ChannelManager - Adding key: http://localhost:49850 for channel [id: 0x28e3c03f, L:/127.0.0.1:49788 - R:localhost/127.0.0.1:49850]
18:29:21.245 [main] DEBUG net.serenitybdd.core.photography.Darkroom - Send negative for processing for target\site\serenity\dfe79e846143f83cccfb08c720f3d535cfe42a75f9b0e5cb7a892ebc35504cfa.png
18:29:21.245 [Darkroom Processing Line] DEBUG net.serenitybdd.core.photography.DarkroomProcessingLine - Processing screenshot image in /var/screenshots/screenshot-11209948436812503760
18:29:21.245 [Darkroom Processing Line] DEBUG net.serenitybdd.core.photography.DarkroomProcessingLine - Saving screenshot to target\site\serenity\dfe79e846143f83cccfb08c720f3d535cfe42a75f9b0e5cb7a892ebc35504cfa.png
18:29:21.746 [AsyncHttpClient-1-1] DEBUG org.asynchttpclient.netty.channel.DefaultChannelPool - Entry count for : http://localhost:49850 : 1
18:29:21.746 [AsyncHttpClient-1-1] DEBUG org.asynchttpclient.netty.channel.DefaultChannelPool - Entry count for : http://localhost:49789 : 1
18:29:22.270 [Forwarding screenshot on session 50ef97b955889075ae916638cc57e71f to remote] DEBUG org.asynchttpclient.netty.request.NettyRequestSender - Using pooled Channel '[id: 0x28e3c03f, L:/127.0.0.1:49788 - R:localhost/127.0.0.1:49850]' for 'GET' to 'http://localhost:49850/session/50ef97b955889075ae916638cc57e71f/screenshot'
18:29:22.270 [Forwarding screenshot on session 50ef97b955889075ae916638cc57e71f to remote] DEBUG org.asynchttpclient.netty.request.NettyRequestSender - Using open Channel [id: 0x28e3c03f, L:/127.0.0.1:49788 - R:localhost/127.0.0.1:49850] for GET '/session/50ef97b955889075ae916638cc57e71f/screenshot'
18:29:22.502 [AsyncHttpClient-1-2] DEBUG org.asynchttpclient.netty.handler.HttpHandler - 

Request DefaultFullHttpRequest(decodeResult: success, version: HTTP/1.1, content: EmptyByteBufBE)
GET /session/50ef97b955889075ae916638cc57e71f/screenshot HTTP/1.1
User-Agent: selenium/4.1.4 (java windows)
Cache-Control: no-cache
Content-Type: application/json; charset=utf-8
host: localhost:49850
accept: */*

Response DefaultHttpResponse(decodeResult: success, version: HTTP/1.1)
HTTP/1.1 200 OK
Content-Type: application/json; charset=utf-8
cache-control: no-cache
content-length: 261356

18:29:22.502 [AsyncHttpClient-1-2] DEBUG org.asynchttpclient.netty.channel.ChannelManager - Adding key: http://localhost:49850 for channel [id: 0x28e3c03f, L:/127.0.0.1:49788 - R:localhost/127.0.0.1:49850]
18:29:22.503 [main] DEBUG net.serenitybdd.core.photography.Darkroom - Send negative for processing for target\site\serenity\dfe79e846143f83cccfb08c720f3d535cfe42a75f9b0e5cb7a892ebc35504cfa.png
18:29:22.503 [main] DEBUG net.thucydides.core.steps.StepInterceptor - STARTING STEP: PatientDataSteps.validateAddErrorMessengerPasien - validateTextMessegerDokter
18:29:22.509 [Forwarding findElement on session 50ef97b955889075ae916638cc57e71f to remote] DEBUG org.asynchttpclient.netty.request.NettyRequestSender - Using pooled Channel '[id: 0x28e3c03f, L:/127.0.0.1:49788 - R:localhost/127.0.0.1:49850]' for 'POST' to 'http://localhost:49850/session/50ef97b955889075ae916638cc57e71f/element'
18:29:22.509 [Forwarding findElement on session 50ef97b955889075ae916638cc57e71f to remote] DEBUG org.asynchttpclient.netty.request.NettyRequestSender - Using open Channel [id: 0x28e3c03f, L:/127.0.0.1:49788 - R:localhost/127.0.0.1:49850] for POST '/session/50ef97b955889075ae916638cc57e71f/element'
18:29:22.519 [AsyncHttpClient-1-2] DEBUG org.asynchttpclient.netty.handler.HttpHandler - 

Request DefaultHttpRequest(decodeResult: success, version: HTTP/1.1)
POST /session/50ef97b955889075ae916638cc57e71f/element HTTP/1.1
User-Agent: selenium/4.1.4 (java windows)
Content-Length: 143
Content-Type: application/json; charset=utf-8
host: localhost:49850
accept: */*

Response DefaultHttpResponse(decodeResult: success, version: HTTP/1.1)
HTTP/1.1 200 OK
Content-Type: application/json; charset=utf-8
cache-control: no-cache
content-length: 88

18:29:22.519 [AsyncHttpClient-1-2] DEBUG org.asynchttpclient.netty.channel.ChannelManager - Adding key: http://localhost:49850 for channel [id: 0x28e3c03f, L:/127.0.0.1:49788 - R:localhost/127.0.0.1:49850]
18:29:22.520 [Forwarding getElementText on session 50ef97b955889075ae916638cc57e71f to remote] DEBUG org.asynchttpclient.netty.request.NettyRequestSender - Using pooled Channel '[id: 0x28e3c03f, L:/127.0.0.1:49788 - R:localhost/127.0.0.1:49850]' for 'GET' to 'http://localhost:49850/session/50ef97b955889075ae916638cc57e71f/element/687a1ea7-d65e-4b58-b72c-e1ae4bfce6d2/text'
18:29:22.520 [Forwarding getElementText on session 50ef97b955889075ae916638cc57e71f to remote] DEBUG org.asynchttpclient.netty.request.NettyRequestSender - Using open Channel [id: 0x28e3c03f, L:/127.0.0.1:49788 - R:localhost/127.0.0.1:49850] for GET '/session/50ef97b955889075ae916638cc57e71f/element/687a1ea7-d65e-4b58-b72c-e1ae4bfce6d2/text'
18:29:22.548 [AsyncHttpClient-1-2] DEBUG org.asynchttpclient.netty.handler.HttpHandler - 

Request DefaultFullHttpRequest(decodeResult: success, version: HTTP/1.1, content: EmptyByteBufBE)
GET /session/50ef97b955889075ae916638cc57e71f/element/687a1ea7-d65e-4b58-b72c-e1ae4bfce6d2/text HTTP/1.1
User-Agent: selenium/4.1.4 (java windows)
Cache-Control: no-cache
Content-Type: application/json; charset=utf-8
host: localhost:49850
accept: */*

Response DefaultHttpResponse(decodeResult: success, version: HTTP/1.1)
HTTP/1.1 200 OK
Content-Type: application/json; charset=utf-8
cache-control: no-cache
content-length: 137

18:29:22.548 [AsyncHttpClient-1-2] DEBUG org.asynchttpclient.netty.channel.ChannelManager - Adding key: http://localhost:49850 for channel [id: 0x28e3c03f, L:/127.0.0.1:49788 - R:localhost/127.0.0.1:49850]
18:29:22.552 [main] DEBUG net.thucydides.core.steps.StepInterceptor - STEP DONE: validateTextMessegerDokter
  &amp#27;[32mAnd &amp#27;[0m&amp#27;[32mValidate add error messenger &amp#27;[0m&amp#27;[32m&amp#27;[1m"umur tidak sesuai"&amp#27;[0m&amp#27;[32m Pasien&amp#27;[0m                  &amp#27;[90m# starter.stepdefinitios.PatientDataSteps.validateAddErrorMessengerPasien(java.lang.String)&amp#27;[0m
18:29:22.554 [Forwarding screenshot on session 50ef97b955889075ae916638cc57e71f to remote] DEBUG org.asynchttpclient.netty.request.NettyRequestSender - Using pooled Channel '[id: 0x28e3c03f, L:/127.0.0.1:49788 - R:localhost/127.0.0.1:49850]' for 'GET' to 'http://localhost:49850/session/50ef97b955889075ae916638cc57e71f/screenshot'
18:29:22.554 [Forwarding screenshot on session 50ef97b955889075ae916638cc57e71f to remote] DEBUG org.asynchttpclient.netty.request.NettyRequestSender - Using open Channel [id: 0x28e3c03f, L:/127.0.0.1:49788 - R:localhost/127.0.0.1:49850] for GET '/session/50ef97b955889075ae916638cc57e71f/screenshot'
18:29:22.729 [AsyncHttpClient-1-2] DEBUG org.asynchttpclient.netty.handler.HttpHandler - 

Request DefaultFullHttpRequest(decodeResult: success, version: HTTP/1.1, content: EmptyByteBufBE)
GET /session/50ef97b955889075ae916638cc57e71f/screenshot HTTP/1.1
User-Agent: selenium/4.1.4 (java windows)
Cache-Control: no-cache
Content-Type: application/json; charset=utf-8
host: localhost:49850
accept: */*

Response DefaultHttpResponse(decodeResult: success, version: HTTP/1.1)
HTTP/1.1 200 OK
Content-Type: application/json; charset=utf-8
cache-control: no-cache
content-length: 261356

18:29:22.729 [AsyncHttpClient-1-2] DEBUG org.asynchttpclient.netty.channel.ChannelManager - Adding key: http://localhost:49850 for channel [id: 0x28e3c03f, L:/127.0.0.1:49788 - R:localhost/127.0.0.1:49850]
18:29:22.732 [main] DEBUG net.serenitybdd.core.photography.Darkroom - Send negative for processing for target\site\serenity\dfe79e846143f83cccfb08c720f3d535cfe42a75f9b0e5cb7a892ebc35504cfa.png
18:29:22.738 [AsyncHttpClient-1-4] DEBUG org.asynchttpclient.netty.handler.WebSocketHandler - Channel Closed: [id: 0xecab8cea, L:/127.0.0.1:49796 ! R:localhost/127.0.0.1:49789] with attribute NettyResponseFuture{currentRetry=5,
	isDone=1,
	isCancelled=0,
	asyncHandler=org.asynchttpclient.ws.WebSocketUpgradeHandler@5b9ec668,
	nettyRequest=org.asynchttpclient.netty.request.NettyRequest@435dfe37,
	future=java.util.concurrent.CompletableFuture@769213f7[Completed normally],
	uri=ws://localhost:49789/devtools/browser/af1a56c2-32db-406c-a1e4-aae586d6382c,
	keepAlive=true,
	redirectCount=0,
	timeoutsHolder=null,
	inAuth=0,
	touch=1658057333633}
18:29:22.738 [AsyncHttpClient-1-4] DEBUG org.asynchttpclient.netty.channel.ChannelManager - Closing Channel [id: 0xecab8cea, L:/127.0.0.1:49796 ! R:localhost/127.0.0.1:49789] 
18:29:22.738 [Driver Command Executor] DEBUG org.asynchttpclient.netty.request.NettyRequestSender - Using pooled Channel '[id: 0x28e3c03f, L:/127.0.0.1:49788 - R:localhost/127.0.0.1:49850]' for 'DELETE' to 'http://localhost:49850/session/50ef97b955889075ae916638cc57e71f'
18:29:22.738 [Driver Command Executor] DEBUG org.asynchttpclient.netty.request.NettyRequestSender - Using open Channel [id: 0x28e3c03f, L:/127.0.0.1:49788 - R:localhost/127.0.0.1:49850] for DELETE '/session/50ef97b955889075ae916638cc57e71f'
18:29:22.775 [AsyncHttpClient-1-3] DEBUG org.asynchttpclient.netty.handler.HttpHandler - Unexpected I/O exception on channel [id: 0x29f77fe0, L:/127.0.0.1:49795 - R:localhost/127.0.0.1:49789]
java.io.IOException: An existing connection was forcibly closed by the remote host
	at java.base/sun.nio.ch.SocketDispatcher.read0(Native Method)
	at java.base/sun.nio.ch.SocketDispatcher.read(SocketDispatcher.java:43)
	at java.base/sun.nio.ch.IOUtil.readIntoNativeBuffer(IOUtil.java:276)
	at java.base/sun.nio.ch.IOUtil.read(IOUtil.java:233)
	at java.base/sun.nio.ch.IOUtil.read(IOUtil.java:223)
	at java.base/sun.nio.ch.SocketChannelImpl.read(SocketChannelImpl.java:356)
	at io.netty.buffer.PooledByteBuf.setBytes(PooledByteBuf.java:258)
	at io.netty.buffer.AbstractByteBuf.writeBytes(AbstractByteBuf.java:1132)
	at io.netty.channel.socket.nio.NioSocketChannel.doReadBytes(NioSocketChannel.java:357)
	at io.netty.channel.nio.AbstractNioByteChannel$NioByteUnsafe.read(AbstractNioByteChannel.java:151)
	at io.netty.channel.nio.NioEventLoop.processSelectedKey(NioEventLoop.java:722)
	at io.netty.channel.nio.NioEventLoop.processSelectedKeysOptimized(NioEventLoop.java:658)
	at io.netty.channel.nio.NioEventLoop.processSelectedKeys(NioEventLoop.java:584)
	at io.netty.channel.nio.NioEventLoop.run(NioEventLoop.java:496)
	at io.netty.util.concurrent.SingleThreadEventExecutor$4.run(SingleThreadEventExecutor.java:986)
	at io.netty.util.internal.ThreadExecutorMap$2.run(ThreadExecutorMap.java:74)
	at io.netty.util.concurrent.FastThreadLocalRunnable.run(FastThreadLocalRunnable.java:30)
	at java.base/java.lang.Thread.run(Thread.java:829)
18:29:22.775 [AsyncHttpClient-1-3] DEBUG org.asynchttpclient.netty.channel.ChannelManager - Closing Channel [id: 0x29f77fe0, L:/127.0.0.1:49795 - R:localhost/127.0.0.1:49789] 
18:29:22.775 [AsyncHttpClient-1-3] DEBUG org.asynchttpclient.netty.handler.HttpHandler - Channel Closed: [id: 0x29f77fe0, L:/127.0.0.1:49795 ! R:localhost/127.0.0.1:49789] with attribute DISCARD
18:29:22.845 [AsyncHttpClient-1-2] DEBUG org.asynchttpclient.netty.handler.HttpHandler - 

Request DefaultFullHttpRequest(decodeResult: success, version: HTTP/1.1, content: EmptyByteBufBE)
DELETE /session/50ef97b955889075ae916638cc57e71f HTTP/1.1
User-Agent: selenium/4.1.4 (java windows)
Content-Type: application/json; charset=utf-8
host: localhost:49850
accept: */*

Response DefaultHttpResponse(decodeResult: success, version: HTTP/1.1)
HTTP/1.1 200 OK
Content-Type: application/json; charset=utf-8
cache-control: no-cache
content-length: 14

18:29:22.845 [AsyncHttpClient-1-2] DEBUG org.asynchttpclient.netty.channel.ChannelManager - Adding key: http://localhost:49850 for channel [id: 0x28e3c03f, L:/127.0.0.1:49788 - R:localhost/127.0.0.1:49850]
18:29:22.846 [AsyncHttpClient-1-1] DEBUG org.asynchttpclient.netty.channel.DefaultChannelPool - Entry count for : http://localhost:49850 : 1
18:29:22.846 [AsyncHttpClient-1-1] DEBUG org.asynchttpclient.netty.channel.DefaultChannelPool - Entry count for : http://localhost:49789 : 1
18:29:22.846 [AsyncHttpClient-1-1] DEBUG org.asynchttpclient.netty.channel.DefaultChannelPool - Adding Candidate expired Channel [id: 0x29f77fe0, L:/127.0.0.1:49795 ! R:localhost/127.0.0.1:49789] isIdleTimeoutExpired=false isRemotelyClosed=true isTtlExpired=false
18:29:22.846 [AsyncHttpClient-1-1] DEBUG org.asynchttpclient.netty.channel.DefaultChannelPool - Closing Idle Channel [id: 0x29f77fe0, L:/127.0.0.1:49795 ! R:localhost/127.0.0.1:49789]
18:29:22.846 [AsyncHttpClient-1-1] DEBUG org.asynchttpclient.netty.channel.DefaultChannelPool - Closed 1 connections out of 2 in 0 ms
18:29:22.896 [AsyncHttpClient-1-2] DEBUG org.asynchttpclient.netty.handler.HttpHandler - Channel Closed: [id: 0x28e3c03f, L:/127.0.0.1:49788 ! R:localhost/127.0.0.1:49850] with attribute DISCARD
]]></system-out>
    <system-err><![CDATA[Starting ChromeDriver 103.0.5060.53 (a1711811edd74ff1cf2150f36ffa3b0dae40b17f-refs/branch-heads/5060@{#853}) on port 49850
Only local connections are allowed.
Please see https://chromedriver.chromium.org/security-considerations for suggestions on keeping ChromeDriver safe.
ChromeDriver was started successfully.
Jul 17, 2022 6:28:53 PM org.openqa.selenium.remote.ProtocolHandshake createSession
INFO: Detected dialect: W3C
Jul 17, 2022 6:28:53 PM org.openqa.selenium.devtools.CdpVersionFinder findNearestMatch
WARNING: Unable to find an exact match for CDP version 103, so returning the closest version found: 101
Jul 17, 2022 6:28:53 PM org.openqa.selenium.devtools.CdpVersionFinder findNearestMatch
INFO: Found CDP implementation for version 103 of 101
]]></system-err>
  </testcase>
  <testcase name="As a admin i want to add data pasien (JK Laki-Laki) - Kosong #5" classname="Data Pasien - Admin" time="31.813">
    <system-out><![CDATA[
@DataPasien111 @AddPatientDataKosong
Scenario Outline: As a admin i want to add data pasien (JK Laki-Laki) - Kosong &amp#27;[90m# src/test/resources/features/4DataPasien.feature:102&amp#27;[0m
18:29:23.006 [main] INFO io.cucumber.core.plugin.SerenityReporter - Running feature from file:///C:/Alterra/CapstoneBaru/QE/TestingWebUpdate/src/test/resources/features/4DataPasien.feature
18:29:23.086 [main] DEBUG net.thucydides.core.steps.StepInterceptor - STARTING STEP: LoginSteps.openLoginPage - openLogin
18:29:23.087 [main] INFO net.serenitybdd.core.webdriver.driverproviders.ChromeDriverProvider - Using automatically driver download
18:29:23.355 [main] DEBUG io.github.bonigarcia.wdm.cache.ResolutionCache - Resolution chrome=103 in cache (valid until 18:54:33 17/07/2022 ICT)
18:29:23.371 [main] DEBUG io.github.bonigarcia.wdm.cache.ResolutionCache - Resolution chrome103=103.0.5060.53 in cache (valid until 17:54:33 18/07/2022 ICT)
18:29:23.371 [main] INFO io.github.bonigarcia.wdm.WebDriverManager - Using chromedriver 103.0.5060.53 (resolved driver for Chrome 103)
18:29:23.382 [main] DEBUG io.github.bonigarcia.wdm.WebDriverManager - Driver chromedriver 103.0.5060.53 found in cache
18:29:23.382 [main] INFO io.github.bonigarcia.wdm.WebDriverManager - Exporting webdriver.chrome.driver as C:\Users\Bagas Dwi Saputra\.cache\selenium\chromedriver\win32\103.0.5060.53\chromedriver.exe
18:29:23.914 [main] DEBUG net.serenitybdd.core.webdriver.driverproviders.ProvideNewDriver - Instantiating driver
18:29:23.914 [main] DEBUG net.serenitybdd.core.webdriver.driverproviders.ProvideNewDriver - Driver capabilities: Capabilities {acceptInsecureCerts: false, base.url: https://fanciful-trifle-360..., browserName: chrome, chorme.driver: src/test/resources/webdrive..., driver: chrome, goog:chromeOptions: {args: [], extensions: []}}
18:29:23.936 [AsyncHttpClient-1-1] DEBUG org.asynchttpclient.netty.channel.DefaultChannelPool - Entry count for : http://localhost:49850 : 1
18:29:23.936 [AsyncHttpClient-1-1] DEBUG org.asynchttpclient.netty.channel.DefaultChannelPool - Adding Candidate expired Channel [id: 0x28e3c03f, L:/127.0.0.1:49788 ! R:localhost/127.0.0.1:49850] isIdleTimeoutExpired=false isRemotelyClosed=true isTtlExpired=false
18:29:23.937 [AsyncHttpClient-1-1] DEBUG org.asynchttpclient.netty.channel.DefaultChannelPool - Closing Idle Channel [id: 0x28e3c03f, L:/127.0.0.1:49788 ! R:localhost/127.0.0.1:49850]
18:29:23.937 [AsyncHttpClient-1-1] DEBUG org.asynchttpclient.netty.channel.DefaultChannelPool - Closed 1 connections out of 1 in 1 ms
18:29:24.129 [AsyncHttpClient-1-5] DEBUG org.asynchttpclient.netty.channel.NettyConnectListener - Using new Channel '[id: 0xa8ce4202, L:/127.0.0.1:49814 - R:localhost/127.0.0.1:57669]' for 'POST' to '/session'
18:29:25.134 [AsyncHttpClient-1-5] DEBUG org.asynchttpclient.netty.handler.HttpHandler - 

Request DefaultHttpRequest(decodeResult: success, version: HTTP/1.1)
POST /session HTTP/1.1
User-Agent: selenium/4.1.4 (java windows)
Content-Length: 629
Content-Type: application/json; charset=utf-8
host: localhost:57669
accept: */*

Response DefaultHttpResponse(decodeResult: success, version: HTTP/1.1)
HTTP/1.1 200 OK
Content-Type: application/json; charset=utf-8
cache-control: no-cache
content-length: 794

18:29:25.134 [AsyncHttpClient-1-5] DEBUG org.asynchttpclient.netty.channel.ChannelManager - Adding key: http://localhost:57669 for channel [id: 0xa8ce4202, L:/127.0.0.1:49814 - R:localhost/127.0.0.1:57669]
18:29:25.142 [AsyncHttpClient-1-6] DEBUG org.asynchttpclient.netty.channel.NettyConnectListener - Using new Channel '[id: 0x32e1d63f, L:/127.0.0.1:49821 - R:localhost/127.0.0.1:49815]' for 'GET' to '/json/version'
18:29:25.145 [AsyncHttpClient-1-6] DEBUG org.asynchttpclient.netty.handler.HttpHandler - 

Request DefaultFullHttpRequest(decodeResult: success, version: HTTP/1.1, content: EmptyByteBufBE)
GET /json/version HTTP/1.1
User-Agent: selenium/4.1.4 (java windows)
host: localhost:49815
accept: */*

Response DefaultHttpResponse(decodeResult: success, version: HTTP/1.1)
HTTP/1.1 200 OK
Content-Type: application/json; charset=UTF-8
content-length: 429

18:29:25.145 [AsyncHttpClient-1-6] DEBUG org.asynchttpclient.netty.channel.ChannelManager - Adding key: http://localhost:49815 for channel [id: 0x32e1d63f, L:/127.0.0.1:49821 - R:localhost/127.0.0.1:49815]
18:29:25.149 [AsyncHttpClient-1-7] DEBUG org.asynchttpclient.netty.channel.NettyConnectListener - Using new Channel '[id: 0x0dafe6a8, L:/127.0.0.1:49822 - R:localhost/127.0.0.1:49815]' for 'GET' to '/devtools/browser/c1260727-6bba-4762-9cf1-817c4758d6a0'
18:29:25.149 [AsyncHttpClient-1-7] DEBUG org.asynchttpclient.netty.handler.WebSocketHandler - 

Request DefaultFullHttpRequest(decodeResult: success, version: HTTP/1.1, content: EmptyByteBufBE)
GET /devtools/browser/c1260727-6bba-4762-9cf1-817c4758d6a0 HTTP/1.1
upgrade: websocket
connection: upgrade
sec-websocket-key: gaeevWxzu+cCYRIPn4/+DQ==
sec-websocket-version: 13
origin: http://localhost:49815
host: localhost:49815
accept: */*
user-agent: AHC/2.1

Response DefaultHttpResponse(decodeResult: success, version: HTTP/1.1)
HTTP/1.1 101 WebSocket Protocol Handshake
Upgrade: WebSocket
Connection: Upgrade
Sec-WebSocket-Accept: PwztMP4yRmLDB2HNxOQRvwiv3Vg=

18:29:25.154 [Forwarding get on session 539a26481eb18c26c33b90508adf600b to remote] DEBUG org.asynchttpclient.netty.request.NettyRequestSender - Using pooled Channel '[id: 0xa8ce4202, L:/127.0.0.1:49814 - R:localhost/127.0.0.1:57669]' for 'POST' to 'http://localhost:57669/session/539a26481eb18c26c33b90508adf600b/url'
18:29:25.154 [Forwarding get on session 539a26481eb18c26c33b90508adf600b to remote] DEBUG org.asynchttpclient.netty.request.NettyRequestSender - Using open Channel [id: 0xa8ce4202, L:/127.0.0.1:49814 - R:localhost/127.0.0.1:57669] for POST '/session/539a26481eb18c26c33b90508adf600b/url'
18:29:25.844 [AsyncHttpClient-1-5] DEBUG org.asynchttpclient.netty.handler.HttpHandler - 

Request DefaultHttpRequest(decodeResult: success, version: HTTP/1.1)
POST /session/539a26481eb18c26c33b90508adf600b/url HTTP/1.1
User-Agent: selenium/4.1.4 (java windows)
Content-Length: 78
Content-Type: application/json; charset=utf-8
host: localhost:57669
accept: */*

Response DefaultHttpResponse(decodeResult: success, version: HTTP/1.1)
HTTP/1.1 200 OK
Content-Type: application/json; charset=utf-8
cache-control: no-cache
content-length: 14

18:29:25.844 [AsyncHttpClient-1-5] DEBUG org.asynchttpclient.netty.channel.ChannelManager - Adding key: http://localhost:57669 for channel [id: 0xa8ce4202, L:/127.0.0.1:49814 - R:localhost/127.0.0.1:57669]
18:29:25.845 [Forwarding setTimeout on session 539a26481eb18c26c33b90508adf600b to remote] DEBUG org.asynchttpclient.netty.request.NettyRequestSender - Using pooled Channel '[id: 0xa8ce4202, L:/127.0.0.1:49814 - R:localhost/127.0.0.1:57669]' for 'POST' to 'http://localhost:57669/session/539a26481eb18c26c33b90508adf600b/timeouts'
18:29:25.845 [Forwarding setTimeout on session 539a26481eb18c26c33b90508adf600b to remote] DEBUG org.asynchttpclient.netty.request.NettyRequestSender - Using open Channel [id: 0xa8ce4202, L:/127.0.0.1:49814 - R:localhost/127.0.0.1:57669] for POST '/session/539a26481eb18c26c33b90508adf600b/timeouts'
18:29:25.846 [AsyncHttpClient-1-5] DEBUG org.asynchttpclient.netty.handler.HttpHandler - 

Request DefaultHttpRequest(decodeResult: success, version: HTTP/1.1)
POST /session/539a26481eb18c26c33b90508adf600b/timeouts HTTP/1.1
User-Agent: selenium/4.1.4 (java windows)
Content-Length: 22
Content-Type: application/json; charset=utf-8
host: localhost:57669
accept: */*

Response DefaultHttpResponse(decodeResult: success, version: HTTP/1.1)
HTTP/1.1 200 OK
Content-Type: application/json; charset=utf-8
cache-control: no-cache
content-length: 14

18:29:25.846 [AsyncHttpClient-1-5] DEBUG org.asynchttpclient.netty.channel.ChannelManager - Adding key: http://localhost:57669 for channel [id: 0xa8ce4202, L:/127.0.0.1:49814 - R:localhost/127.0.0.1:57669]
18:29:25.848 [Forwarding getCurrentUrl on session 539a26481eb18c26c33b90508adf600b to remote] DEBUG org.asynchttpclient.netty.request.NettyRequestSender - Using pooled Channel '[id: 0xa8ce4202, L:/127.0.0.1:49814 - R:localhost/127.0.0.1:57669]' for 'GET' to 'http://localhost:57669/session/539a26481eb18c26c33b90508adf600b/url'
18:29:25.848 [Forwarding getCurrentUrl on session 539a26481eb18c26c33b90508adf600b to remote] DEBUG org.asynchttpclient.netty.request.NettyRequestSender - Using open Channel [id: 0xa8ce4202, L:/127.0.0.1:49814 - R:localhost/127.0.0.1:57669] for GET '/session/539a26481eb18c26c33b90508adf600b/url'
18:29:25.856 [AsyncHttpClient-1-5] DEBUG org.asynchttpclient.netty.handler.HttpHandler - 

Request DefaultFullHttpRequest(decodeResult: success, version: HTTP/1.1, content: EmptyByteBufBE)
GET /session/539a26481eb18c26c33b90508adf600b/url HTTP/1.1
User-Agent: selenium/4.1.4 (java windows)
Cache-Control: no-cache
Content-Type: application/json; charset=utf-8
host: localhost:57669
accept: */*

Response DefaultHttpResponse(decodeResult: success, version: HTTP/1.1)
HTTP/1.1 200 OK
Content-Type: application/json; charset=utf-8
cache-control: no-cache
content-length: 60

18:29:25.857 [AsyncHttpClient-1-5] DEBUG org.asynchttpclient.netty.channel.ChannelManager - Adding key: http://localhost:57669 for channel [id: 0xa8ce4202, L:/127.0.0.1:49814 - R:localhost/127.0.0.1:57669]
18:29:25.858 [Forwarding screenshot on session 539a26481eb18c26c33b90508adf600b to remote] DEBUG org.asynchttpclient.netty.request.NettyRequestSender - Using pooled Channel '[id: 0xa8ce4202, L:/127.0.0.1:49814 - R:localhost/127.0.0.1:57669]' for 'GET' to 'http://localhost:57669/session/539a26481eb18c26c33b90508adf600b/screenshot'
18:29:25.858 [Forwarding screenshot on session 539a26481eb18c26c33b90508adf600b to remote] DEBUG org.asynchttpclient.netty.request.NettyRequestSender - Using open Channel [id: 0xa8ce4202, L:/127.0.0.1:49814 - R:localhost/127.0.0.1:57669] for GET '/session/539a26481eb18c26c33b90508adf600b/screenshot'
18:29:26.151 [AsyncHttpClient-1-1] DEBUG org.asynchttpclient.netty.channel.DefaultChannelPool - Entry count for : http://localhost:49815 : 1
18:29:26.253 [AsyncHttpClient-1-5] DEBUG org.asynchttpclient.netty.handler.HttpHandler - 

Request DefaultFullHttpRequest(decodeResult: success, version: HTTP/1.1, content: EmptyByteBufBE)
GET /session/539a26481eb18c26c33b90508adf600b/screenshot HTTP/1.1
User-Agent: selenium/4.1.4 (java windows)
Cache-Control: no-cache
Content-Type: application/json; charset=utf-8
host: localhost:57669
accept: */*

Response DefaultHttpResponse(decodeResult: success, version: HTTP/1.1)
HTTP/1.1 200 OK
Content-Type: application/json; charset=utf-8
cache-control: no-cache
content-length: 380436

18:29:26.257 [AsyncHttpClient-1-5] DEBUG org.asynchttpclient.netty.channel.ChannelManager - Adding key: http://localhost:57669 for channel [id: 0xa8ce4202, L:/127.0.0.1:49814 - R:localhost/127.0.0.1:57669]
18:29:26.264 [main] DEBUG net.serenitybdd.core.photography.Darkroom - Send negative for processing for target\site\serenity\d122c364c40ece9db0ad32cd97c3fcf63e95ba606118dda8d3e5a1d2b8235ce2.png
18:29:26.264 [main] DEBUG net.thucydides.core.steps.StepInterceptor - STEP DONE: openLogin
  &amp#27;[32mGiven &amp#27;[0m&amp#27;[32mOpen login page&amp#27;[0m                                                        &amp#27;[90m# starter.stepdefinitios.LoginSteps.openLoginPage()&amp#27;[0m
18:29:26.797 [Forwarding findElement on session 539a26481eb18c26c33b90508adf600b to remote] DEBUG org.asynchttpclient.netty.request.NettyRequestSender - Using pooled Channel '[id: 0xa8ce4202, L:/127.0.0.1:49814 - R:localhost/127.0.0.1:57669]' for 'POST' to 'http://localhost:57669/session/539a26481eb18c26c33b90508adf600b/element'
18:29:26.797 [Forwarding findElement on session 539a26481eb18c26c33b90508adf600b to remote] DEBUG org.asynchttpclient.netty.request.NettyRequestSender - Using open Channel [id: 0xa8ce4202, L:/127.0.0.1:49814 - R:localhost/127.0.0.1:57669] for POST '/session/539a26481eb18c26c33b90508adf600b/element'
18:29:26.825 [AsyncHttpClient-1-5] DEBUG org.asynchttpclient.netty.handler.HttpHandler - 

Request DefaultHttpRequest(decodeResult: success, version: HTTP/1.1)
POST /session/539a26481eb18c26c33b90508adf600b/element HTTP/1.1
User-Agent: selenium/4.1.4 (java windows)
Content-Length: 70
Content-Type: application/json; charset=utf-8
host: localhost:57669
accept: */*

Response DefaultHttpResponse(decodeResult: success, version: HTTP/1.1)
HTTP/1.1 200 OK
Content-Type: application/json; charset=utf-8
cache-control: no-cache
content-length: 88

18:29:26.825 [AsyncHttpClient-1-5] DEBUG org.asynchttpclient.netty.channel.ChannelManager - Adding key: http://localhost:57669 for channel [id: 0xa8ce4202, L:/127.0.0.1:49814 - R:localhost/127.0.0.1:57669]
18:29:26.826 [Forwarding sendKeysToElement on session 539a26481eb18c26c33b90508adf600b to remote] DEBUG org.asynchttpclient.netty.request.NettyRequestSender - Using pooled Channel '[id: 0xa8ce4202, L:/127.0.0.1:49814 - R:localhost/127.0.0.1:57669]' for 'POST' to 'http://localhost:57669/session/539a26481eb18c26c33b90508adf600b/element/0c3bd5d4-cdfa-4353-8974-ebc3ed147b07/value'
18:29:26.826 [Forwarding sendKeysToElement on session 539a26481eb18c26c33b90508adf600b to remote] DEBUG org.asynchttpclient.netty.request.NettyRequestSender - Using open Channel [id: 0xa8ce4202, L:/127.0.0.1:49814 - R:localhost/127.0.0.1:57669] for POST '/session/539a26481eb18c26c33b90508adf600b/element/0c3bd5d4-cdfa-4353-8974-ebc3ed147b07/value'
18:29:26.922 [AsyncHttpClient-1-5] DEBUG org.asynchttpclient.netty.handler.HttpHandler - 

Request DefaultHttpRequest(decodeResult: success, version: HTTP/1.1)
POST /session/539a26481eb18c26c33b90508adf600b/element/0c3bd5d4-cdfa-4353-8974-ebc3ed147b07/value HTTP/1.1
User-Agent: selenium/4.1.4 (java windows)
Content-Length: 131
Content-Type: application/json; charset=utf-8
host: localhost:57669
accept: */*

Response DefaultHttpResponse(decodeResult: success, version: HTTP/1.1)
HTTP/1.1 200 OK
Content-Type: application/json; charset=utf-8
cache-control: no-cache
content-length: 14

18:29:26.922 [AsyncHttpClient-1-5] DEBUG org.asynchttpclient.netty.channel.ChannelManager - Adding key: http://localhost:57669 for channel [id: 0xa8ce4202, L:/127.0.0.1:49814 - R:localhost/127.0.0.1:57669]
  &amp#27;[32mAnd &amp#27;[0m&amp#27;[32mI input &amp#27;[0m&amp#27;[32m&amp#27;[1m"admin"&amp#27;[0m&amp#27;[32m login email valid&amp#27;[0m                                        &amp#27;[90m# starter.stepdefinitios.LoginSteps.iInputLoginEmailValid(java.lang.String)&amp#27;[0m
18:29:26.925 [Forwarding screenshot on session 539a26481eb18c26c33b90508adf600b to remote] DEBUG org.asynchttpclient.netty.request.NettyRequestSender - Using pooled Channel '[id: 0xa8ce4202, L:/127.0.0.1:49814 - R:localhost/127.0.0.1:57669]' for 'GET' to 'http://localhost:57669/session/539a26481eb18c26c33b90508adf600b/screenshot'
18:29:26.925 [Forwarding screenshot on session 539a26481eb18c26c33b90508adf600b to remote] DEBUG org.asynchttpclient.netty.request.NettyRequestSender - Using open Channel [id: 0xa8ce4202, L:/127.0.0.1:49814 - R:localhost/127.0.0.1:57669] for GET '/session/539a26481eb18c26c33b90508adf600b/screenshot'
18:29:27.188 [AsyncHttpClient-1-5] DEBUG org.asynchttpclient.netty.handler.HttpHandler - 

Request DefaultFullHttpRequest(decodeResult: success, version: HTTP/1.1, content: EmptyByteBufBE)
GET /session/539a26481eb18c26c33b90508adf600b/screenshot HTTP/1.1
User-Agent: selenium/4.1.4 (java windows)
Cache-Control: no-cache
Content-Type: application/json; charset=utf-8
host: localhost:57669
accept: */*

Response DefaultHttpResponse(decodeResult: success, version: HTTP/1.1)
HTTP/1.1 200 OK
Content-Type: application/json; charset=utf-8
cache-control: no-cache
content-length: 379420

18:29:27.189 [AsyncHttpClient-1-5] DEBUG org.asynchttpclient.netty.channel.ChannelManager - Adding key: http://localhost:57669 for channel [id: 0xa8ce4202, L:/127.0.0.1:49814 - R:localhost/127.0.0.1:57669]
18:29:27.198 [main] DEBUG net.serenitybdd.core.photography.Darkroom - Send negative for processing for target\site\serenity\93df20195d3751dea78ac30a105f84d37c410e0341f58ded6fb231b5b47402e6.png
18:29:27.237 [AsyncHttpClient-1-1] DEBUG org.asynchttpclient.netty.channel.DefaultChannelPool - Entry count for : http://localhost:57669 : 1
18:29:27.237 [AsyncHttpClient-1-1] DEBUG org.asynchttpclient.netty.channel.DefaultChannelPool - Entry count for : http://localhost:49815 : 1
18:29:27.725 [Forwarding screenshot on session 539a26481eb18c26c33b90508adf600b to remote] DEBUG org.asynchttpclient.netty.request.NettyRequestSender - Using pooled Channel '[id: 0xa8ce4202, L:/127.0.0.1:49814 - R:localhost/127.0.0.1:57669]' for 'GET' to 'http://localhost:57669/session/539a26481eb18c26c33b90508adf600b/screenshot'
18:29:27.725 [Forwarding screenshot on session 539a26481eb18c26c33b90508adf600b to remote] DEBUG org.asynchttpclient.netty.request.NettyRequestSender - Using open Channel [id: 0xa8ce4202, L:/127.0.0.1:49814 - R:localhost/127.0.0.1:57669] for GET '/session/539a26481eb18c26c33b90508adf600b/screenshot'
18:29:28.019 [AsyncHttpClient-1-5] DEBUG org.asynchttpclient.netty.handler.HttpHandler - 

Request DefaultFullHttpRequest(decodeResult: success, version: HTTP/1.1, content: EmptyByteBufBE)
GET /session/539a26481eb18c26c33b90508adf600b/screenshot HTTP/1.1
User-Agent: selenium/4.1.4 (java windows)
Cache-Control: no-cache
Content-Type: application/json; charset=utf-8
host: localhost:57669
accept: */*

Response DefaultHttpResponse(decodeResult: success, version: HTTP/1.1)
HTTP/1.1 200 OK
Content-Type: application/json; charset=utf-8
cache-control: no-cache
content-length: 379404

18:29:28.026 [AsyncHttpClient-1-5] DEBUG org.asynchttpclient.netty.channel.ChannelManager - Adding key: http://localhost:57669 for channel [id: 0xa8ce4202, L:/127.0.0.1:49814 - R:localhost/127.0.0.1:57669]
18:29:28.036 [main] DEBUG net.serenitybdd.core.photography.Darkroom - Send negative for processing for target\site\serenity\f684e1524ced0278b0b6c6b37709a7cbfb8281aeb576b04a4743fda17448b798.png
18:29:28.036 [main] DEBUG net.thucydides.core.steps.StepInterceptor - STARTING STEP: LoginSteps.iInputLoginPasswordValid - inputPasswordLogin
18:29:28.038 [Forwarding findElement on session 539a26481eb18c26c33b90508adf600b to remote] DEBUG org.asynchttpclient.netty.request.NettyRequestSender - Using pooled Channel '[id: 0xa8ce4202, L:/127.0.0.1:49814 - R:localhost/127.0.0.1:57669]' for 'POST' to 'http://localhost:57669/session/539a26481eb18c26c33b90508adf600b/element'
18:29:28.038 [Forwarding findElement on session 539a26481eb18c26c33b90508adf600b to remote] DEBUG org.asynchttpclient.netty.request.NettyRequestSender - Using open Channel [id: 0xa8ce4202, L:/127.0.0.1:49814 - R:localhost/127.0.0.1:57669] for POST '/session/539a26481eb18c26c33b90508adf600b/element'
18:29:28.047 [AsyncHttpClient-1-5] DEBUG org.asynchttpclient.netty.handler.HttpHandler - 

Request DefaultHttpRequest(decodeResult: success, version: HTTP/1.1)
POST /session/539a26481eb18c26c33b90508adf600b/element HTTP/1.1
User-Agent: selenium/4.1.4 (java windows)
Content-Length: 70
Content-Type: application/json; charset=utf-8
host: localhost:57669
accept: */*

Response DefaultHttpResponse(decodeResult: success, version: HTTP/1.1)
HTTP/1.1 200 OK
Content-Type: application/json; charset=utf-8
cache-control: no-cache
content-length: 88

18:29:28.047 [AsyncHttpClient-1-5] DEBUG org.asynchttpclient.netty.channel.ChannelManager - Adding key: http://localhost:57669 for channel [id: 0xa8ce4202, L:/127.0.0.1:49814 - R:localhost/127.0.0.1:57669]
18:29:28.048 [Forwarding sendKeysToElement on session 539a26481eb18c26c33b90508adf600b to remote] DEBUG org.asynchttpclient.netty.request.NettyRequestSender - Using pooled Channel '[id: 0xa8ce4202, L:/127.0.0.1:49814 - R:localhost/127.0.0.1:57669]' for 'POST' to 'http://localhost:57669/session/539a26481eb18c26c33b90508adf600b/element/7a43451b-091e-44bd-8e96-76b7b52197cc/value'
18:29:28.048 [Forwarding sendKeysToElement on session 539a26481eb18c26c33b90508adf600b to remote] DEBUG org.asynchttpclient.netty.request.NettyRequestSender - Using open Channel [id: 0xa8ce4202, L:/127.0.0.1:49814 - R:localhost/127.0.0.1:57669] for POST '/session/539a26481eb18c26c33b90508adf600b/element/7a43451b-091e-44bd-8e96-76b7b52197cc/value'
18:29:28.117 [AsyncHttpClient-1-5] DEBUG org.asynchttpclient.netty.handler.HttpHandler - 

Request DefaultHttpRequest(decodeResult: success, version: HTTP/1.1)
POST /session/539a26481eb18c26c33b90508adf600b/element/7a43451b-091e-44bd-8e96-76b7b52197cc/value HTTP/1.1
User-Agent: selenium/4.1.4 (java windows)
Content-Length: 161
Content-Type: application/json; charset=utf-8
host: localhost:57669
accept: */*

Response DefaultHttpResponse(decodeResult: success, version: HTTP/1.1)
HTTP/1.1 200 OK
Content-Type: application/json; charset=utf-8
cache-control: no-cache
content-length: 14

18:29:28.117 [AsyncHttpClient-1-5] DEBUG org.asynchttpclient.netty.channel.ChannelManager - Adding key: http://localhost:57669 for channel [id: 0xa8ce4202, L:/127.0.0.1:49814 - R:localhost/127.0.0.1:57669]
18:29:28.119 [Forwarding screenshot on session 539a26481eb18c26c33b90508adf600b to remote] DEBUG org.asynchttpclient.netty.request.NettyRequestSender - Using pooled Channel '[id: 0xa8ce4202, L:/127.0.0.1:49814 - R:localhost/127.0.0.1:57669]' for 'GET' to 'http://localhost:57669/session/539a26481eb18c26c33b90508adf600b/screenshot'
18:29:28.119 [Forwarding screenshot on session 539a26481eb18c26c33b90508adf600b to remote] DEBUG org.asynchttpclient.netty.request.NettyRequestSender - Using open Channel [id: 0xa8ce4202, L:/127.0.0.1:49814 - R:localhost/127.0.0.1:57669] for GET '/session/539a26481eb18c26c33b90508adf600b/screenshot'
18:29:28.335 [AsyncHttpClient-1-1] DEBUG org.asynchttpclient.netty.channel.DefaultChannelPool - Entry count for : http://localhost:49815 : 1
18:29:28.378 [AsyncHttpClient-1-5] DEBUG org.asynchttpclient.netty.handler.HttpHandler - 

Request DefaultFullHttpRequest(decodeResult: success, version: HTTP/1.1, content: EmptyByteBufBE)
GET /session/539a26481eb18c26c33b90508adf600b/screenshot HTTP/1.1
User-Agent: selenium/4.1.4 (java windows)
Cache-Control: no-cache
Content-Type: application/json; charset=utf-8
host: localhost:57669
accept: */*

Response DefaultHttpResponse(decodeResult: success, version: HTTP/1.1)
HTTP/1.1 200 OK
Content-Type: application/json; charset=utf-8
cache-control: no-cache
content-length: 377580

18:29:28.378 [AsyncHttpClient-1-5] DEBUG org.asynchttpclient.netty.channel.ChannelManager - Adding key: http://localhost:57669 for channel [id: 0xa8ce4202, L:/127.0.0.1:49814 - R:localhost/127.0.0.1:57669]
18:29:28.387 [main] DEBUG net.serenitybdd.core.photography.Darkroom - Send negative for processing for target\site\serenity\44fa0aa493cf3a3837a7fab79c30bded8f584eda85d2cfd055a7ef5b4e3f0a4a.png
18:29:28.388 [main] DEBUG net.thucydides.core.steps.StepInterceptor - STEP DONE: inputPasswordLogin
  &amp#27;[32mAnd &amp#27;[0m&amp#27;[32mI input &amp#27;[0m&amp#27;[32m&amp#27;[1m"admin123"&amp#27;[0m&amp#27;[32m login password valid&amp#27;[0m                                  &amp#27;[90m# starter.stepdefinitios.LoginSteps.iInputLoginPasswordValid(java.lang.String)&amp#27;[0m
18:29:28.399 [main] DEBUG net.thucydides.core.steps.StepInterceptor - STARTING STEP: LoginSteps.iClickButtonLogin - clickButtonLogin
18:29:28.401 [Forwarding findElement on session 539a26481eb18c26c33b90508adf600b to remote] DEBUG org.asynchttpclient.netty.request.NettyRequestSender - Using pooled Channel '[id: 0xa8ce4202, L:/127.0.0.1:49814 - R:localhost/127.0.0.1:57669]' for 'POST' to 'http://localhost:57669/session/539a26481eb18c26c33b90508adf600b/element'
18:29:28.401 [Forwarding findElement on session 539a26481eb18c26c33b90508adf600b to remote] DEBUG org.asynchttpclient.netty.request.NettyRequestSender - Using open Channel [id: 0xa8ce4202, L:/127.0.0.1:49814 - R:localhost/127.0.0.1:57669] for POST '/session/539a26481eb18c26c33b90508adf600b/element'
18:29:28.412 [AsyncHttpClient-1-5] DEBUG org.asynchttpclient.netty.handler.HttpHandler - 

Request DefaultHttpRequest(decodeResult: success, version: HTTP/1.1)
POST /session/539a26481eb18c26c33b90508adf600b/element HTTP/1.1
User-Agent: selenium/4.1.4 (java windows)
Content-Length: 68
Content-Type: application/json; charset=utf-8
host: localhost:57669
accept: */*

Response DefaultHttpResponse(decodeResult: success, version: HTTP/1.1)
HTTP/1.1 200 OK
Content-Type: application/json; charset=utf-8
cache-control: no-cache
content-length: 88

18:29:28.413 [AsyncHttpClient-1-5] DEBUG org.asynchttpclient.netty.channel.ChannelManager - Adding key: http://localhost:57669 for channel [id: 0xa8ce4202, L:/127.0.0.1:49814 - R:localhost/127.0.0.1:57669]
18:29:28.413 [Forwarding getElementTagName on session 539a26481eb18c26c33b90508adf600b to remote] DEBUG org.asynchttpclient.netty.request.NettyRequestSender - Using pooled Channel '[id: 0xa8ce4202, L:/127.0.0.1:49814 - R:localhost/127.0.0.1:57669]' for 'GET' to 'http://localhost:57669/session/539a26481eb18c26c33b90508adf600b/element/89ea072a-3e14-4639-8984-74deb90b7d67/name'
18:29:28.413 [Forwarding getElementTagName on session 539a26481eb18c26c33b90508adf600b to remote] DEBUG org.asynchttpclient.netty.request.NettyRequestSender - Using open Channel [id: 0xa8ce4202, L:/127.0.0.1:49814 - R:localhost/127.0.0.1:57669] for GET '/session/539a26481eb18c26c33b90508adf600b/element/89ea072a-3e14-4639-8984-74deb90b7d67/name'
18:29:28.417 [AsyncHttpClient-1-5] DEBUG org.asynchttpclient.netty.handler.HttpHandler - 

Request DefaultFullHttpRequest(decodeResult: success, version: HTTP/1.1, content: EmptyByteBufBE)
GET /session/539a26481eb18c26c33b90508adf600b/element/89ea072a-3e14-4639-8984-74deb90b7d67/name HTTP/1.1
User-Agent: selenium/4.1.4 (java windows)
Cache-Control: no-cache
Content-Type: application/json; charset=utf-8
host: localhost:57669
accept: */*

Response DefaultHttpResponse(decodeResult: success, version: HTTP/1.1)
HTTP/1.1 200 OK
Content-Type: application/json; charset=utf-8
cache-control: no-cache
content-length: 18

18:29:28.417 [AsyncHttpClient-1-5] DEBUG org.asynchttpclient.netty.channel.ChannelManager - Adding key: http://localhost:57669 for channel [id: 0xa8ce4202, L:/127.0.0.1:49814 - R:localhost/127.0.0.1:57669]
18:29:28.418 [Forwarding getElementTagName on session 539a26481eb18c26c33b90508adf600b to remote] DEBUG org.asynchttpclient.netty.request.NettyRequestSender - Using pooled Channel '[id: 0xa8ce4202, L:/127.0.0.1:49814 - R:localhost/127.0.0.1:57669]' for 'GET' to 'http://localhost:57669/session/539a26481eb18c26c33b90508adf600b/element/89ea072a-3e14-4639-8984-74deb90b7d67/name'
18:29:28.418 [Forwarding getElementTagName on session 539a26481eb18c26c33b90508adf600b to remote] DEBUG org.asynchttpclient.netty.request.NettyRequestSender - Using open Channel [id: 0xa8ce4202, L:/127.0.0.1:49814 - R:localhost/127.0.0.1:57669] for GET '/session/539a26481eb18c26c33b90508adf600b/element/89ea072a-3e14-4639-8984-74deb90b7d67/name'
18:29:28.420 [AsyncHttpClient-1-5] DEBUG org.asynchttpclient.netty.handler.HttpHandler - 

Request DefaultFullHttpRequest(decodeResult: success, version: HTTP/1.1, content: EmptyByteBufBE)
GET /session/539a26481eb18c26c33b90508adf600b/element/89ea072a-3e14-4639-8984-74deb90b7d67/name HTTP/1.1
User-Agent: selenium/4.1.4 (java windows)
Cache-Control: no-cache
Content-Type: application/json; charset=utf-8
host: localhost:57669
accept: */*

Response DefaultHttpResponse(decodeResult: success, version: HTTP/1.1)
HTTP/1.1 200 OK
Content-Type: application/json; charset=utf-8
cache-control: no-cache
content-length: 18

18:29:28.420 [AsyncHttpClient-1-5] DEBUG org.asynchttpclient.netty.channel.ChannelManager - Adding key: http://localhost:57669 for channel [id: 0xa8ce4202, L:/127.0.0.1:49814 - R:localhost/127.0.0.1:57669]
18:29:28.422 [Forwarding isElementEnabled on session 539a26481eb18c26c33b90508adf600b to remote] DEBUG org.asynchttpclient.netty.request.NettyRequestSender - Using pooled Channel '[id: 0xa8ce4202, L:/127.0.0.1:49814 - R:localhost/127.0.0.1:57669]' for 'GET' to 'http://localhost:57669/session/539a26481eb18c26c33b90508adf600b/element/89ea072a-3e14-4639-8984-74deb90b7d67/enabled'
18:29:28.422 [Forwarding isElementEnabled on session 539a26481eb18c26c33b90508adf600b to remote] DEBUG org.asynchttpclient.netty.request.NettyRequestSender - Using open Channel [id: 0xa8ce4202, L:/127.0.0.1:49814 - R:localhost/127.0.0.1:57669] for GET '/session/539a26481eb18c26c33b90508adf600b/element/89ea072a-3e14-4639-8984-74deb90b7d67/enabled'
18:29:28.430 [AsyncHttpClient-1-5] DEBUG org.asynchttpclient.netty.handler.HttpHandler - 

Request DefaultFullHttpRequest(decodeResult: success, version: HTTP/1.1, content: EmptyByteBufBE)
GET /session/539a26481eb18c26c33b90508adf600b/element/89ea072a-3e14-4639-8984-74deb90b7d67/enabled HTTP/1.1
User-Agent: selenium/4.1.4 (java windows)
Cache-Control: no-cache
Content-Type: application/json; charset=utf-8
host: localhost:57669
accept: */*

Response DefaultHttpResponse(decodeResult: success, version: HTTP/1.1)
HTTP/1.1 200 OK
Content-Type: application/json; charset=utf-8
cache-control: no-cache
content-length: 14

18:29:28.430 [AsyncHttpClient-1-5] DEBUG org.asynchttpclient.netty.channel.ChannelManager - Adding key: http://localhost:57669 for channel [id: 0xa8ce4202, L:/127.0.0.1:49814 - R:localhost/127.0.0.1:57669]
18:29:28.431 [Forwarding isElementEnabled on session 539a26481eb18c26c33b90508adf600b to remote] DEBUG org.asynchttpclient.netty.request.NettyRequestSender - Using pooled Channel '[id: 0xa8ce4202, L:/127.0.0.1:49814 - R:localhost/127.0.0.1:57669]' for 'GET' to 'http://localhost:57669/session/539a26481eb18c26c33b90508adf600b/element/89ea072a-3e14-4639-8984-74deb90b7d67/enabled'
18:29:28.431 [Forwarding isElementEnabled on session 539a26481eb18c26c33b90508adf600b to remote] DEBUG org.asynchttpclient.netty.request.NettyRequestSender - Using open Channel [id: 0xa8ce4202, L:/127.0.0.1:49814 - R:localhost/127.0.0.1:57669] for GET '/session/539a26481eb18c26c33b90508adf600b/element/89ea072a-3e14-4639-8984-74deb90b7d67/enabled'
18:29:28.436 [AsyncHttpClient-1-5] DEBUG org.asynchttpclient.netty.handler.HttpHandler - 

Request DefaultFullHttpRequest(decodeResult: success, version: HTTP/1.1, content: EmptyByteBufBE)
GET /session/539a26481eb18c26c33b90508adf600b/element/89ea072a-3e14-4639-8984-74deb90b7d67/enabled HTTP/1.1
User-Agent: selenium/4.1.4 (java windows)
Cache-Control: no-cache
Content-Type: application/json; charset=utf-8
host: localhost:57669
accept: */*

Response DefaultHttpResponse(decodeResult: success, version: HTTP/1.1)
HTTP/1.1 200 OK
Content-Type: application/json; charset=utf-8
cache-control: no-cache
content-length: 14

18:29:28.437 [AsyncHttpClient-1-5] DEBUG org.asynchttpclient.netty.channel.ChannelManager - Adding key: http://localhost:57669 for channel [id: 0xa8ce4202, L:/127.0.0.1:49814 - R:localhost/127.0.0.1:57669]
18:29:28.438 [Forwarding findElement on session 539a26481eb18c26c33b90508adf600b to remote] DEBUG org.asynchttpclient.netty.request.NettyRequestSender - Using pooled Channel '[id: 0xa8ce4202, L:/127.0.0.1:49814 - R:localhost/127.0.0.1:57669]' for 'POST' to 'http://localhost:57669/session/539a26481eb18c26c33b90508adf600b/element'
18:29:28.438 [Forwarding findElement on session 539a26481eb18c26c33b90508adf600b to remote] DEBUG org.asynchttpclient.netty.request.NettyRequestSender - Using open Channel [id: 0xa8ce4202, L:/127.0.0.1:49814 - R:localhost/127.0.0.1:57669] for POST '/session/539a26481eb18c26c33b90508adf600b/element'
18:29:28.445 [AsyncHttpClient-1-5] DEBUG org.asynchttpclient.netty.handler.HttpHandler - 

Request DefaultHttpRequest(decodeResult: success, version: HTTP/1.1)
POST /session/539a26481eb18c26c33b90508adf600b/element HTTP/1.1
User-Agent: selenium/4.1.4 (java windows)
Content-Length: 68
Content-Type: application/json; charset=utf-8
host: localhost:57669
accept: */*

Response DefaultHttpResponse(decodeResult: success, version: HTTP/1.1)
HTTP/1.1 200 OK
Content-Type: application/json; charset=utf-8
cache-control: no-cache
content-length: 88

18:29:28.445 [AsyncHttpClient-1-5] DEBUG org.asynchttpclient.netty.channel.ChannelManager - Adding key: http://localhost:57669 for channel [id: 0xa8ce4202, L:/127.0.0.1:49814 - R:localhost/127.0.0.1:57669]
18:29:28.446 [Forwarding clickElement on session 539a26481eb18c26c33b90508adf600b to remote] DEBUG org.asynchttpclient.netty.request.NettyRequestSender - Using pooled Channel '[id: 0xa8ce4202, L:/127.0.0.1:49814 - R:localhost/127.0.0.1:57669]' for 'POST' to 'http://localhost:57669/session/539a26481eb18c26c33b90508adf600b/element/89ea072a-3e14-4639-8984-74deb90b7d67/click'
18:29:28.446 [Forwarding clickElement on session 539a26481eb18c26c33b90508adf600b to remote] DEBUG org.asynchttpclient.netty.request.NettyRequestSender - Using open Channel [id: 0xa8ce4202, L:/127.0.0.1:49814 - R:localhost/127.0.0.1:57669] for POST '/session/539a26481eb18c26c33b90508adf600b/element/89ea072a-3e14-4639-8984-74deb90b7d67/click'
18:29:28.499 [AsyncHttpClient-1-5] DEBUG org.asynchttpclient.netty.handler.HttpHandler - 

Request DefaultHttpRequest(decodeResult: success, version: HTTP/1.1)
POST /session/539a26481eb18c26c33b90508adf600b/element/89ea072a-3e14-4639-8984-74deb90b7d67/click HTTP/1.1
User-Agent: selenium/4.1.4 (java windows)
Content-Length: 50
Content-Type: application/json; charset=utf-8
host: localhost:57669
accept: */*

Response DefaultHttpResponse(decodeResult: success, version: HTTP/1.1)
HTTP/1.1 200 OK
Content-Type: application/json; charset=utf-8
cache-control: no-cache
content-length: 14

18:29:28.500 [AsyncHttpClient-1-5] DEBUG org.asynchttpclient.netty.channel.ChannelManager - Adding key: http://localhost:57669 for channel [id: 0xa8ce4202, L:/127.0.0.1:49814 - R:localhost/127.0.0.1:57669]
18:29:28.504 [Forwarding screenshot on session 539a26481eb18c26c33b90508adf600b to remote] DEBUG org.asynchttpclient.netty.request.NettyRequestSender - Using pooled Channel '[id: 0xa8ce4202, L:/127.0.0.1:49814 - R:localhost/127.0.0.1:57669]' for 'GET' to 'http://localhost:57669/session/539a26481eb18c26c33b90508adf600b/screenshot'
18:29:28.504 [Forwarding screenshot on session 539a26481eb18c26c33b90508adf600b to remote] DEBUG org.asynchttpclient.netty.request.NettyRequestSender - Using open Channel [id: 0xa8ce4202, L:/127.0.0.1:49814 - R:localhost/127.0.0.1:57669] for GET '/session/539a26481eb18c26c33b90508adf600b/screenshot'
18:29:28.784 [AsyncHttpClient-1-5] DEBUG org.asynchttpclient.netty.handler.HttpHandler - 

Request DefaultFullHttpRequest(decodeResult: success, version: HTTP/1.1, content: EmptyByteBufBE)
GET /session/539a26481eb18c26c33b90508adf600b/screenshot HTTP/1.1
User-Agent: selenium/4.1.4 (java windows)
Cache-Control: no-cache
Content-Type: application/json; charset=utf-8
host: localhost:57669
accept: */*

Response DefaultHttpResponse(decodeResult: success, version: HTTP/1.1)
HTTP/1.1 200 OK
Content-Type: application/json; charset=utf-8
cache-control: no-cache
content-length: 360764

18:29:28.785 [AsyncHttpClient-1-5] DEBUG org.asynchttpclient.netty.channel.ChannelManager - Adding key: http://localhost:57669 for channel [id: 0xa8ce4202, L:/127.0.0.1:49814 - R:localhost/127.0.0.1:57669]
18:29:28.797 [main] DEBUG net.serenitybdd.core.photography.Darkroom - Send negative for processing for target\site\serenity\a00791e7a4942da0f50d6d1cbd6e1eae663d35794cde955f42c068a726d16e94.png
18:29:28.797 [main] DEBUG net.thucydides.core.steps.StepInterceptor - STEP DONE: clickButtonLogin
18:29:28.797 [Darkroom Processing Line] DEBUG net.serenitybdd.core.photography.DarkroomProcessingLine - Processing screenshot image in /var/screenshots/screenshot-6577096672995015952
18:29:28.797 [Darkroom Processing Line] DEBUG net.serenitybdd.core.photography.DarkroomProcessingLine - Saving screenshot to target\site\serenity\a00791e7a4942da0f50d6d1cbd6e1eae663d35794cde955f42c068a726d16e94.png
18:29:29.444 [AsyncHttpClient-1-1] DEBUG org.asynchttpclient.netty.channel.DefaultChannelPool - Entry count for : http://localhost:57669 : 1
18:29:29.444 [AsyncHttpClient-1-1] DEBUG org.asynchttpclient.netty.channel.DefaultChannelPool - Entry count for : http://localhost:49815 : 1
  &amp#27;[32mAnd &amp#27;[0m&amp#27;[32mI click button login&amp#27;[0m                                                     &amp#27;[90m# starter.stepdefinitios.LoginSteps.iClickButtonLogin()&amp#27;[0m
18:29:29.802 [Forwarding screenshot on session 539a26481eb18c26c33b90508adf600b to remote] DEBUG org.asynchttpclient.netty.request.NettyRequestSender - Using pooled Channel '[id: 0xa8ce4202, L:/127.0.0.1:49814 - R:localhost/127.0.0.1:57669]' for 'GET' to 'http://localhost:57669/session/539a26481eb18c26c33b90508adf600b/screenshot'
18:29:29.802 [Forwarding screenshot on session 539a26481eb18c26c33b90508adf600b to remote] DEBUG org.asynchttpclient.netty.request.NettyRequestSender - Using open Channel [id: 0xa8ce4202, L:/127.0.0.1:49814 - R:localhost/127.0.0.1:57669] for GET '/session/539a26481eb18c26c33b90508adf600b/screenshot'
18:29:30.010 [AsyncHttpClient-1-5] DEBUG org.asynchttpclient.netty.handler.HttpHandler - 

Request DefaultFullHttpRequest(decodeResult: success, version: HTTP/1.1, content: EmptyByteBufBE)
GET /session/539a26481eb18c26c33b90508adf600b/screenshot HTTP/1.1
User-Agent: selenium/4.1.4 (java windows)
Cache-Control: no-cache
Content-Type: application/json; charset=utf-8
host: localhost:57669
accept: */*

Response DefaultHttpResponse(decodeResult: success, version: HTTP/1.1)
HTTP/1.1 200 OK
Content-Type: application/json; charset=utf-8
cache-control: no-cache
content-length: 313188

18:29:30.016 [AsyncHttpClient-1-5] DEBUG org.asynchttpclient.netty.channel.ChannelManager - Adding key: http://localhost:57669 for channel [id: 0xa8ce4202, L:/127.0.0.1:49814 - R:localhost/127.0.0.1:57669]
18:29:30.021 [main] DEBUG net.serenitybdd.core.photography.Darkroom - Send negative for processing for target\site\serenity\e4875b105bc956f5618731bfdbd9c7ec3b292b91a880d3130b38ff95104b1657.png
18:29:30.021 [Darkroom Processing Line] DEBUG net.serenitybdd.core.photography.DarkroomProcessingLine - Processing screenshot image in /var/screenshots/screenshot-10386696149072776830
18:29:30.022 [Darkroom Processing Line] DEBUG net.serenitybdd.core.photography.DarkroomProcessingLine - Saving screenshot to target\site\serenity\e4875b105bc956f5618731bfdbd9c7ec3b292b91a880d3130b38ff95104b1657.png
18:29:30.537 [AsyncHttpClient-1-1] DEBUG org.asynchttpclient.netty.channel.DefaultChannelPool - Entry count for : http://localhost:57669 : 1
18:29:30.537 [AsyncHttpClient-1-1] DEBUG org.asynchttpclient.netty.channel.DefaultChannelPool - Entry count for : http://localhost:49815 : 1
18:29:31.640 [AsyncHttpClient-1-1] DEBUG org.asynchttpclient.netty.channel.DefaultChannelPool - Entry count for : http://localhost:57669 : 1
18:29:31.640 [AsyncHttpClient-1-1] DEBUG org.asynchttpclient.netty.channel.DefaultChannelPool - Entry count for : http://localhost:49815 : 1
18:29:32.740 [AsyncHttpClient-1-1] DEBUG org.asynchttpclient.netty.channel.DefaultChannelPool - Entry count for : http://localhost:57669 : 1
18:29:32.740 [AsyncHttpClient-1-1] DEBUG org.asynchttpclient.netty.channel.DefaultChannelPool - Entry count for : http://localhost:49815 : 1
18:29:33.840 [AsyncHttpClient-1-1] DEBUG org.asynchttpclient.netty.channel.DefaultChannelPool - Entry count for : http://localhost:57669 : 1
18:29:33.840 [AsyncHttpClient-1-1] DEBUG org.asynchttpclient.netty.channel.DefaultChannelPool - Entry count for : http://localhost:49815 : 1
18:29:34.936 [AsyncHttpClient-1-1] DEBUG org.asynchttpclient.netty.channel.DefaultChannelPool - Entry count for : http://localhost:57669 : 1
18:29:34.936 [AsyncHttpClient-1-1] DEBUG org.asynchttpclient.netty.channel.DefaultChannelPool - Entry count for : http://localhost:49815 : 1
18:29:35.036 [Forwarding findElement on session 539a26481eb18c26c33b90508adf600b to remote] DEBUG org.asynchttpclient.netty.request.NettyRequestSender - Using pooled Channel '[id: 0xa8ce4202, L:/127.0.0.1:49814 - R:localhost/127.0.0.1:57669]' for 'POST' to 'http://localhost:57669/session/539a26481eb18c26c33b90508adf600b/element'
18:29:35.036 [Forwarding findElement on session 539a26481eb18c26c33b90508adf600b to remote] DEBUG org.asynchttpclient.netty.request.NettyRequestSender - Using open Channel [id: 0xa8ce4202, L:/127.0.0.1:49814 - R:localhost/127.0.0.1:57669] for POST '/session/539a26481eb18c26c33b90508adf600b/element'
18:29:35.052 [AsyncHttpClient-1-5] DEBUG org.asynchttpclient.netty.handler.HttpHandler - 

Request DefaultHttpRequest(decodeResult: success, version: HTTP/1.1)
POST /session/539a26481eb18c26c33b90508adf600b/element HTTP/1.1
User-Agent: selenium/4.1.4 (java windows)
Content-Length: 68
Content-Type: application/json; charset=utf-8
host: localhost:57669
accept: */*

Response DefaultHttpResponse(decodeResult: success, version: HTTP/1.1)
HTTP/1.1 200 OK
Content-Type: application/json; charset=utf-8
cache-control: no-cache
content-length: 88

18:29:35.052 [AsyncHttpClient-1-5] DEBUG org.asynchttpclient.netty.channel.ChannelManager - Adding key: http://localhost:57669 for channel [id: 0xa8ce4202, L:/127.0.0.1:49814 - R:localhost/127.0.0.1:57669]
18:29:35.053 [Forwarding isElementEnabled on session 539a26481eb18c26c33b90508adf600b to remote] DEBUG org.asynchttpclient.netty.request.NettyRequestSender - Using pooled Channel '[id: 0xa8ce4202, L:/127.0.0.1:49814 - R:localhost/127.0.0.1:57669]' for 'GET' to 'http://localhost:57669/session/539a26481eb18c26c33b90508adf600b/element/6b8b6013-8c53-40a5-ba68-6753b0d90734/enabled'
18:29:35.053 [Forwarding isElementEnabled on session 539a26481eb18c26c33b90508adf600b to remote] DEBUG org.asynchttpclient.netty.request.NettyRequestSender - Using open Channel [id: 0xa8ce4202, L:/127.0.0.1:49814 - R:localhost/127.0.0.1:57669] for GET '/session/539a26481eb18c26c33b90508adf600b/element/6b8b6013-8c53-40a5-ba68-6753b0d90734/enabled'
18:29:35.064 [AsyncHttpClient-1-5] DEBUG org.asynchttpclient.netty.handler.HttpHandler - 

Request DefaultFullHttpRequest(decodeResult: success, version: HTTP/1.1, content: EmptyByteBufBE)
GET /session/539a26481eb18c26c33b90508adf600b/element/6b8b6013-8c53-40a5-ba68-6753b0d90734/enabled HTTP/1.1
User-Agent: selenium/4.1.4 (java windows)
Cache-Control: no-cache
Content-Type: application/json; charset=utf-8
host: localhost:57669
accept: */*

Response DefaultHttpResponse(decodeResult: success, version: HTTP/1.1)
HTTP/1.1 200 OK
Content-Type: application/json; charset=utf-8
cache-control: no-cache
content-length: 14

18:29:35.064 [AsyncHttpClient-1-5] DEBUG org.asynchttpclient.netty.channel.ChannelManager - Adding key: http://localhost:57669 for channel [id: 0xa8ce4202, L:/127.0.0.1:49814 - R:localhost/127.0.0.1:57669]
18:29:35.591 [Forwarding screenshot on session 539a26481eb18c26c33b90508adf600b to remote] DEBUG org.asynchttpclient.netty.request.NettyRequestSender - Using pooled Channel '[id: 0xa8ce4202, L:/127.0.0.1:49814 - R:localhost/127.0.0.1:57669]' for 'GET' to 'http://localhost:57669/session/539a26481eb18c26c33b90508adf600b/screenshot'
18:29:35.591 [Forwarding screenshot on session 539a26481eb18c26c33b90508adf600b to remote] DEBUG org.asynchttpclient.netty.request.NettyRequestSender - Using open Channel [id: 0xa8ce4202, L:/127.0.0.1:49814 - R:localhost/127.0.0.1:57669] for GET '/session/539a26481eb18c26c33b90508adf600b/screenshot'
18:29:35.816 [AsyncHttpClient-1-5] DEBUG org.asynchttpclient.netty.handler.HttpHandler - 

Request DefaultFullHttpRequest(decodeResult: success, version: HTTP/1.1, content: EmptyByteBufBE)
GET /session/539a26481eb18c26c33b90508adf600b/screenshot HTTP/1.1
User-Agent: selenium/4.1.4 (java windows)
Cache-Control: no-cache
Content-Type: application/json; charset=utf-8
host: localhost:57669
accept: */*

Response DefaultHttpResponse(decodeResult: success, version: HTTP/1.1)
HTTP/1.1 200 OK
Content-Type: application/json; charset=utf-8
cache-control: no-cache
content-length: 301044

18:29:35.816 [AsyncHttpClient-1-5] DEBUG org.asynchttpclient.netty.channel.ChannelManager - Adding key: http://localhost:57669 for channel [id: 0xa8ce4202, L:/127.0.0.1:49814 - R:localhost/127.0.0.1:57669]
18:29:35.816 [main] DEBUG net.serenitybdd.core.photography.Darkroom - Send negative for processing for target\site\serenity\163e386af0b12517552a74a3d5043b94e8c0f9215c0f21d464e3b04d27a0859d.png
18:29:35.816 [main] DEBUG net.thucydides.core.steps.StepInterceptor - STARTING STEP: LoginSteps.loginValidationInvalid - clickButtonErrorOK
18:29:35.831 [Forwarding findElement on session 539a26481eb18c26c33b90508adf600b to remote] DEBUG org.asynchttpclient.netty.request.NettyRequestSender - Using pooled Channel '[id: 0xa8ce4202, L:/127.0.0.1:49814 - R:localhost/127.0.0.1:57669]' for 'POST' to 'http://localhost:57669/session/539a26481eb18c26c33b90508adf600b/element'
18:29:35.831 [Forwarding findElement on session 539a26481eb18c26c33b90508adf600b to remote] DEBUG org.asynchttpclient.netty.request.NettyRequestSender - Using open Channel [id: 0xa8ce4202, L:/127.0.0.1:49814 - R:localhost/127.0.0.1:57669] for POST '/session/539a26481eb18c26c33b90508adf600b/element'
18:29:35.841 [AsyncHttpClient-1-5] DEBUG org.asynchttpclient.netty.handler.HttpHandler - 

Request DefaultHttpRequest(decodeResult: success, version: HTTP/1.1)
POST /session/539a26481eb18c26c33b90508adf600b/element HTTP/1.1
User-Agent: selenium/4.1.4 (java windows)
Content-Length: 88
Content-Type: application/json; charset=utf-8
host: localhost:57669
accept: */*

Response DefaultHttpResponse(decodeResult: success, version: HTTP/1.1)
HTTP/1.1 200 OK
Content-Type: application/json; charset=utf-8
cache-control: no-cache
content-length: 88

18:29:35.841 [AsyncHttpClient-1-5] DEBUG org.asynchttpclient.netty.channel.ChannelManager - Adding key: http://localhost:57669 for channel [id: 0xa8ce4202, L:/127.0.0.1:49814 - R:localhost/127.0.0.1:57669]
18:29:35.842 [Forwarding getElementTagName on session 539a26481eb18c26c33b90508adf600b to remote] DEBUG org.asynchttpclient.netty.request.NettyRequestSender - Using pooled Channel '[id: 0xa8ce4202, L:/127.0.0.1:49814 - R:localhost/127.0.0.1:57669]' for 'GET' to 'http://localhost:57669/session/539a26481eb18c26c33b90508adf600b/element/eebcafeb-b1a9-414d-8412-b916b68cfe01/name'
18:29:35.842 [Forwarding getElementTagName on session 539a26481eb18c26c33b90508adf600b to remote] DEBUG org.asynchttpclient.netty.request.NettyRequestSender - Using open Channel [id: 0xa8ce4202, L:/127.0.0.1:49814 - R:localhost/127.0.0.1:57669] for GET '/session/539a26481eb18c26c33b90508adf600b/element/eebcafeb-b1a9-414d-8412-b916b68cfe01/name'
18:29:35.847 [AsyncHttpClient-1-5] DEBUG org.asynchttpclient.netty.handler.HttpHandler - 

Request DefaultFullHttpRequest(decodeResult: success, version: HTTP/1.1, content: EmptyByteBufBE)
GET /session/539a26481eb18c26c33b90508adf600b/element/eebcafeb-b1a9-414d-8412-b916b68cfe01/name HTTP/1.1
User-Agent: selenium/4.1.4 (java windows)
Cache-Control: no-cache
Content-Type: application/json; charset=utf-8
host: localhost:57669
accept: */*

Response DefaultHttpResponse(decodeResult: success, version: HTTP/1.1)
HTTP/1.1 200 OK
Content-Type: application/json; charset=utf-8
cache-control: no-cache
content-length: 18

18:29:35.847 [AsyncHttpClient-1-5] DEBUG org.asynchttpclient.netty.channel.ChannelManager - Adding key: http://localhost:57669 for channel [id: 0xa8ce4202, L:/127.0.0.1:49814 - R:localhost/127.0.0.1:57669]
18:29:35.847 [Forwarding getElementTagName on session 539a26481eb18c26c33b90508adf600b to remote] DEBUG org.asynchttpclient.netty.request.NettyRequestSender - Using pooled Channel '[id: 0xa8ce4202, L:/127.0.0.1:49814 - R:localhost/127.0.0.1:57669]' for 'GET' to 'http://localhost:57669/session/539a26481eb18c26c33b90508adf600b/element/eebcafeb-b1a9-414d-8412-b916b68cfe01/name'
18:29:35.847 [Forwarding getElementTagName on session 539a26481eb18c26c33b90508adf600b to remote] DEBUG org.asynchttpclient.netty.request.NettyRequestSender - Using open Channel [id: 0xa8ce4202, L:/127.0.0.1:49814 - R:localhost/127.0.0.1:57669] for GET '/session/539a26481eb18c26c33b90508adf600b/element/eebcafeb-b1a9-414d-8412-b916b68cfe01/name'
18:29:35.850 [AsyncHttpClient-1-5] DEBUG org.asynchttpclient.netty.handler.HttpHandler - 

Request DefaultFullHttpRequest(decodeResult: success, version: HTTP/1.1, content: EmptyByteBufBE)
GET /session/539a26481eb18c26c33b90508adf600b/element/eebcafeb-b1a9-414d-8412-b916b68cfe01/name HTTP/1.1
User-Agent: selenium/4.1.4 (java windows)
Cache-Control: no-cache
Content-Type: application/json; charset=utf-8
host: localhost:57669
accept: */*

Response DefaultHttpResponse(decodeResult: success, version: HTTP/1.1)
HTTP/1.1 200 OK
Content-Type: application/json; charset=utf-8
cache-control: no-cache
content-length: 18

18:29:35.850 [AsyncHttpClient-1-5] DEBUG org.asynchttpclient.netty.channel.ChannelManager - Adding key: http://localhost:57669 for channel [id: 0xa8ce4202, L:/127.0.0.1:49814 - R:localhost/127.0.0.1:57669]
18:29:35.851 [Forwarding isElementEnabled on session 539a26481eb18c26c33b90508adf600b to remote] DEBUG org.asynchttpclient.netty.request.NettyRequestSender - Using pooled Channel '[id: 0xa8ce4202, L:/127.0.0.1:49814 - R:localhost/127.0.0.1:57669]' for 'GET' to 'http://localhost:57669/session/539a26481eb18c26c33b90508adf600b/element/eebcafeb-b1a9-414d-8412-b916b68cfe01/enabled'
18:29:35.851 [Forwarding isElementEnabled on session 539a26481eb18c26c33b90508adf600b to remote] DEBUG org.asynchttpclient.netty.request.NettyRequestSender - Using open Channel [id: 0xa8ce4202, L:/127.0.0.1:49814 - R:localhost/127.0.0.1:57669] for GET '/session/539a26481eb18c26c33b90508adf600b/element/eebcafeb-b1a9-414d-8412-b916b68cfe01/enabled'
18:29:35.858 [AsyncHttpClient-1-5] DEBUG org.asynchttpclient.netty.handler.HttpHandler - 

Request DefaultFullHttpRequest(decodeResult: success, version: HTTP/1.1, content: EmptyByteBufBE)
GET /session/539a26481eb18c26c33b90508adf600b/element/eebcafeb-b1a9-414d-8412-b916b68cfe01/enabled HTTP/1.1
User-Agent: selenium/4.1.4 (java windows)
Cache-Control: no-cache
Content-Type: application/json; charset=utf-8
host: localhost:57669
accept: */*

Response DefaultHttpResponse(decodeResult: success, version: HTTP/1.1)
HTTP/1.1 200 OK
Content-Type: application/json; charset=utf-8
cache-control: no-cache
content-length: 14

18:29:35.858 [AsyncHttpClient-1-5] DEBUG org.asynchttpclient.netty.channel.ChannelManager - Adding key: http://localhost:57669 for channel [id: 0xa8ce4202, L:/127.0.0.1:49814 - R:localhost/127.0.0.1:57669]
18:29:35.859 [Forwarding isElementEnabled on session 539a26481eb18c26c33b90508adf600b to remote] DEBUG org.asynchttpclient.netty.request.NettyRequestSender - Using pooled Channel '[id: 0xa8ce4202, L:/127.0.0.1:49814 - R:localhost/127.0.0.1:57669]' for 'GET' to 'http://localhost:57669/session/539a26481eb18c26c33b90508adf600b/element/eebcafeb-b1a9-414d-8412-b916b68cfe01/enabled'
18:29:35.859 [Forwarding isElementEnabled on session 539a26481eb18c26c33b90508adf600b to remote] DEBUG org.asynchttpclient.netty.request.NettyRequestSender - Using open Channel [id: 0xa8ce4202, L:/127.0.0.1:49814 - R:localhost/127.0.0.1:57669] for GET '/session/539a26481eb18c26c33b90508adf600b/element/eebcafeb-b1a9-414d-8412-b916b68cfe01/enabled'
18:29:35.864 [AsyncHttpClient-1-5] DEBUG org.asynchttpclient.netty.handler.HttpHandler - 

Request DefaultFullHttpRequest(decodeResult: success, version: HTTP/1.1, content: EmptyByteBufBE)
GET /session/539a26481eb18c26c33b90508adf600b/element/eebcafeb-b1a9-414d-8412-b916b68cfe01/enabled HTTP/1.1
User-Agent: selenium/4.1.4 (java windows)
Cache-Control: no-cache
Content-Type: application/json; charset=utf-8
host: localhost:57669
accept: */*

Response DefaultHttpResponse(decodeResult: success, version: HTTP/1.1)
HTTP/1.1 200 OK
Content-Type: application/json; charset=utf-8
cache-control: no-cache
content-length: 14

18:29:35.864 [AsyncHttpClient-1-5] DEBUG org.asynchttpclient.netty.channel.ChannelManager - Adding key: http://localhost:57669 for channel [id: 0xa8ce4202, L:/127.0.0.1:49814 - R:localhost/127.0.0.1:57669]
18:29:35.865 [Forwarding findElement on session 539a26481eb18c26c33b90508adf600b to remote] DEBUG org.asynchttpclient.netty.request.NettyRequestSender - Using pooled Channel '[id: 0xa8ce4202, L:/127.0.0.1:49814 - R:localhost/127.0.0.1:57669]' for 'POST' to 'http://localhost:57669/session/539a26481eb18c26c33b90508adf600b/element'
18:29:35.865 [Forwarding findElement on session 539a26481eb18c26c33b90508adf600b to remote] DEBUG org.asynchttpclient.netty.request.NettyRequestSender - Using open Channel [id: 0xa8ce4202, L:/127.0.0.1:49814 - R:localhost/127.0.0.1:57669] for POST '/session/539a26481eb18c26c33b90508adf600b/element'
18:29:35.871 [AsyncHttpClient-1-5] DEBUG org.asynchttpclient.netty.handler.HttpHandler - 

Request DefaultHttpRequest(decodeResult: success, version: HTTP/1.1)
POST /session/539a26481eb18c26c33b90508adf600b/element HTTP/1.1
User-Agent: selenium/4.1.4 (java windows)
Content-Length: 88
Content-Type: application/json; charset=utf-8
host: localhost:57669
accept: */*

Response DefaultHttpResponse(decodeResult: success, version: HTTP/1.1)
HTTP/1.1 200 OK
Content-Type: application/json; charset=utf-8
cache-control: no-cache
content-length: 88

18:29:35.871 [AsyncHttpClient-1-5] DEBUG org.asynchttpclient.netty.channel.ChannelManager - Adding key: http://localhost:57669 for channel [id: 0xa8ce4202, L:/127.0.0.1:49814 - R:localhost/127.0.0.1:57669]
18:29:35.872 [Forwarding clickElement on session 539a26481eb18c26c33b90508adf600b to remote] DEBUG org.asynchttpclient.netty.request.NettyRequestSender - Using pooled Channel '[id: 0xa8ce4202, L:/127.0.0.1:49814 - R:localhost/127.0.0.1:57669]' for 'POST' to 'http://localhost:57669/session/539a26481eb18c26c33b90508adf600b/element/eebcafeb-b1a9-414d-8412-b916b68cfe01/click'
18:29:35.872 [Forwarding clickElement on session 539a26481eb18c26c33b90508adf600b to remote] DEBUG org.asynchttpclient.netty.request.NettyRequestSender - Using open Channel [id: 0xa8ce4202, L:/127.0.0.1:49814 - R:localhost/127.0.0.1:57669] for POST '/session/539a26481eb18c26c33b90508adf600b/element/eebcafeb-b1a9-414d-8412-b916b68cfe01/click'
18:29:35.940 [AsyncHttpClient-1-5] DEBUG org.asynchttpclient.netty.handler.HttpHandler - 

Request DefaultHttpRequest(decodeResult: success, version: HTTP/1.1)
POST /session/539a26481eb18c26c33b90508adf600b/element/eebcafeb-b1a9-414d-8412-b916b68cfe01/click HTTP/1.1
User-Agent: selenium/4.1.4 (java windows)
Content-Length: 50
Content-Type: application/json; charset=utf-8
host: localhost:57669
accept: */*

Response DefaultHttpResponse(decodeResult: success, version: HTTP/1.1)
HTTP/1.1 200 OK
Content-Type: application/json; charset=utf-8
cache-control: no-cache
content-length: 14

18:29:35.940 [AsyncHttpClient-1-5] DEBUG org.asynchttpclient.netty.channel.ChannelManager - Adding key: http://localhost:57669 for channel [id: 0xa8ce4202, L:/127.0.0.1:49814 - R:localhost/127.0.0.1:57669]
18:29:35.950 [Forwarding screenshot on session 539a26481eb18c26c33b90508adf600b to remote] DEBUG org.asynchttpclient.netty.request.NettyRequestSender - Using pooled Channel '[id: 0xa8ce4202, L:/127.0.0.1:49814 - R:localhost/127.0.0.1:57669]' for 'GET' to 'http://localhost:57669/session/539a26481eb18c26c33b90508adf600b/screenshot'
18:29:35.950 [Forwarding screenshot on session 539a26481eb18c26c33b90508adf600b to remote] DEBUG org.asynchttpclient.netty.request.NettyRequestSender - Using open Channel [id: 0xa8ce4202, L:/127.0.0.1:49814 - R:localhost/127.0.0.1:57669] for GET '/session/539a26481eb18c26c33b90508adf600b/screenshot'
18:29:36.036 [AsyncHttpClient-1-1] DEBUG org.asynchttpclient.netty.channel.DefaultChannelPool - Entry count for : http://localhost:49815 : 1
18:29:36.263 [AsyncHttpClient-1-5] DEBUG org.asynchttpclient.netty.handler.HttpHandler - 

Request DefaultFullHttpRequest(decodeResult: success, version: HTTP/1.1, content: EmptyByteBufBE)
GET /session/539a26481eb18c26c33b90508adf600b/screenshot HTTP/1.1
User-Agent: selenium/4.1.4 (java windows)
Cache-Control: no-cache
Content-Type: application/json; charset=utf-8
host: localhost:57669
accept: */*

Response DefaultHttpResponse(decodeResult: success, version: HTTP/1.1)
HTTP/1.1 200 OK
Content-Type: application/json; charset=utf-8
cache-control: no-cache
content-length: 73648

18:29:36.263 [AsyncHttpClient-1-5] DEBUG org.asynchttpclient.netty.channel.ChannelManager - Adding key: http://localhost:57669 for channel [id: 0xa8ce4202, L:/127.0.0.1:49814 - R:localhost/127.0.0.1:57669]
18:29:36.268 [main] DEBUG net.serenitybdd.core.photography.Darkroom - Send negative for processing for target\site\serenity\5326b230ad0f59ca74a05113a2163c742b88e7ff424c014a3bf0586c789d4136.png
18:29:36.268 [main] DEBUG net.thucydides.core.steps.StepInterceptor - STEP DONE: clickButtonErrorOK
  &amp#27;[32mAnd &amp#27;[0m&amp#27;[32mLogin validation invalid&amp#27;[0m                                                 &amp#27;[90m# starter.stepdefinitios.LoginSteps.loginValidationInvalid()&amp#27;[0m
18:29:36.268 [Darkroom Processing Line] DEBUG net.serenitybdd.core.photography.DarkroomProcessingLine - Processing screenshot image in /var/screenshots/screenshot-7157049784315868984
18:29:36.268 [Darkroom Processing Line] DEBUG net.serenitybdd.core.photography.DarkroomProcessingLine - Saving screenshot to target\site\serenity\5326b230ad0f59ca74a05113a2163c742b88e7ff424c014a3bf0586c789d4136.png
18:29:37.143 [AsyncHttpClient-1-1] DEBUG org.asynchttpclient.netty.channel.DefaultChannelPool - Entry count for : http://localhost:57669 : 1
18:29:37.143 [AsyncHttpClient-1-1] DEBUG org.asynchttpclient.netty.channel.DefaultChannelPool - Entry count for : http://localhost:49815 : 1
18:29:38.237 [AsyncHttpClient-1-1] DEBUG org.asynchttpclient.netty.channel.DefaultChannelPool - Entry count for : http://localhost:57669 : 1
18:29:38.237 [AsyncHttpClient-1-1] DEBUG org.asynchttpclient.netty.channel.DefaultChannelPool - Entry count for : http://localhost:49815 : 1
18:29:39.336 [AsyncHttpClient-1-1] DEBUG org.asynchttpclient.netty.channel.DefaultChannelPool - Entry count for : http://localhost:57669 : 1
18:29:39.336 [AsyncHttpClient-1-1] DEBUG org.asynchttpclient.netty.channel.DefaultChannelPool - Entry count for : http://localhost:49815 : 1
18:29:40.438 [AsyncHttpClient-1-1] DEBUG org.asynchttpclient.netty.channel.DefaultChannelPool - Entry count for : http://localhost:57669 : 1
18:29:40.438 [AsyncHttpClient-1-1] DEBUG org.asynchttpclient.netty.channel.DefaultChannelPool - Entry count for : http://localhost:49815 : 1
18:29:41.313 [Forwarding screenshot on session 539a26481eb18c26c33b90508adf600b to remote] DEBUG org.asynchttpclient.netty.request.NettyRequestSender - Using pooled Channel '[id: 0xa8ce4202, L:/127.0.0.1:49814 - R:localhost/127.0.0.1:57669]' for 'GET' to 'http://localhost:57669/session/539a26481eb18c26c33b90508adf600b/screenshot'
18:29:41.313 [Forwarding screenshot on session 539a26481eb18c26c33b90508adf600b to remote] DEBUG org.asynchttpclient.netty.request.NettyRequestSender - Using open Channel [id: 0xa8ce4202, L:/127.0.0.1:49814 - R:localhost/127.0.0.1:57669] for GET '/session/539a26481eb18c26c33b90508adf600b/screenshot'
18:29:41.466 [AsyncHttpClient-1-5] DEBUG org.asynchttpclient.netty.handler.HttpHandler - 

Request DefaultFullHttpRequest(decodeResult: success, version: HTTP/1.1, content: EmptyByteBufBE)
GET /session/539a26481eb18c26c33b90508adf600b/screenshot HTTP/1.1
User-Agent: selenium/4.1.4 (java windows)
Cache-Control: no-cache
Content-Type: application/json; charset=utf-8
host: localhost:57669
accept: */*

Response DefaultHttpResponse(decodeResult: success, version: HTTP/1.1)
HTTP/1.1 200 OK
Content-Type: application/json; charset=utf-8
cache-control: no-cache
content-length: 78860

18:29:41.466 [AsyncHttpClient-1-5] DEBUG org.asynchttpclient.netty.channel.ChannelManager - Adding key: http://localhost:57669 for channel [id: 0xa8ce4202, L:/127.0.0.1:49814 - R:localhost/127.0.0.1:57669]
18:29:41.471 [main] DEBUG net.serenitybdd.core.photography.Darkroom - Send negative for processing for target\site\serenity\e3902e4e6d497170d59aa0c0c2930d955492166dca27ad580f2b08c08bf103aa.png
18:29:41.471 [main] DEBUG net.thucydides.core.steps.StepInterceptor - STARTING STEP: PatientDataSteps.clickButtonDataPasien - clickButtonDataPasien
18:29:41.476 [Forwarding findElement on session 539a26481eb18c26c33b90508adf600b to remote] DEBUG org.asynchttpclient.netty.request.NettyRequestSender - Using pooled Channel '[id: 0xa8ce4202, L:/127.0.0.1:49814 - R:localhost/127.0.0.1:57669]' for 'POST' to 'http://localhost:57669/session/539a26481eb18c26c33b90508adf600b/element'
18:29:41.476 [Forwarding findElement on session 539a26481eb18c26c33b90508adf600b to remote] DEBUG org.asynchttpclient.netty.request.NettyRequestSender - Using open Channel [id: 0xa8ce4202, L:/127.0.0.1:49814 - R:localhost/127.0.0.1:57669] for POST '/session/539a26481eb18c26c33b90508adf600b/element'
18:29:41.491 [AsyncHttpClient-1-5] DEBUG org.asynchttpclient.netty.handler.HttpHandler - 

Request DefaultHttpRequest(decodeResult: success, version: HTTP/1.1)
POST /session/539a26481eb18c26c33b90508adf600b/element HTTP/1.1
User-Agent: selenium/4.1.4 (java windows)
Content-Length: 114
Content-Type: application/json; charset=utf-8
host: localhost:57669
accept: */*

Response DefaultHttpResponse(decodeResult: success, version: HTTP/1.1)
HTTP/1.1 200 OK
Content-Type: application/json; charset=utf-8
cache-control: no-cache
content-length: 88

18:29:41.491 [AsyncHttpClient-1-5] DEBUG org.asynchttpclient.netty.channel.ChannelManager - Adding key: http://localhost:57669 for channel [id: 0xa8ce4202, L:/127.0.0.1:49814 - R:localhost/127.0.0.1:57669]
18:29:41.492 [Forwarding getElementTagName on session 539a26481eb18c26c33b90508adf600b to remote] DEBUG org.asynchttpclient.netty.request.NettyRequestSender - Using pooled Channel '[id: 0xa8ce4202, L:/127.0.0.1:49814 - R:localhost/127.0.0.1:57669]' for 'GET' to 'http://localhost:57669/session/539a26481eb18c26c33b90508adf600b/element/215063c7-4b86-4a87-8d1c-7485671a2865/name'
18:29:41.492 [Forwarding getElementTagName on session 539a26481eb18c26c33b90508adf600b to remote] DEBUG org.asynchttpclient.netty.request.NettyRequestSender - Using open Channel [id: 0xa8ce4202, L:/127.0.0.1:49814 - R:localhost/127.0.0.1:57669] for GET '/session/539a26481eb18c26c33b90508adf600b/element/215063c7-4b86-4a87-8d1c-7485671a2865/name'
18:29:41.497 [AsyncHttpClient-1-5] DEBUG org.asynchttpclient.netty.handler.HttpHandler - 

Request DefaultFullHttpRequest(decodeResult: success, version: HTTP/1.1, content: EmptyByteBufBE)
GET /session/539a26481eb18c26c33b90508adf600b/element/215063c7-4b86-4a87-8d1c-7485671a2865/name HTTP/1.1
User-Agent: selenium/4.1.4 (java windows)
Cache-Control: no-cache
Content-Type: application/json; charset=utf-8
host: localhost:57669
accept: */*

Response DefaultHttpResponse(decodeResult: success, version: HTTP/1.1)
HTTP/1.1 200 OK
Content-Type: application/json; charset=utf-8
cache-control: no-cache
content-length: 13

18:29:41.497 [AsyncHttpClient-1-5] DEBUG org.asynchttpclient.netty.channel.ChannelManager - Adding key: http://localhost:57669 for channel [id: 0xa8ce4202, L:/127.0.0.1:49814 - R:localhost/127.0.0.1:57669]
18:29:41.498 [Forwarding getElementTagName on session 539a26481eb18c26c33b90508adf600b to remote] DEBUG org.asynchttpclient.netty.request.NettyRequestSender - Using pooled Channel '[id: 0xa8ce4202, L:/127.0.0.1:49814 - R:localhost/127.0.0.1:57669]' for 'GET' to 'http://localhost:57669/session/539a26481eb18c26c33b90508adf600b/element/215063c7-4b86-4a87-8d1c-7485671a2865/name'
18:29:41.498 [Forwarding getElementTagName on session 539a26481eb18c26c33b90508adf600b to remote] DEBUG org.asynchttpclient.netty.request.NettyRequestSender - Using open Channel [id: 0xa8ce4202, L:/127.0.0.1:49814 - R:localhost/127.0.0.1:57669] for GET '/session/539a26481eb18c26c33b90508adf600b/element/215063c7-4b86-4a87-8d1c-7485671a2865/name'
18:29:41.503 [AsyncHttpClient-1-5] DEBUG org.asynchttpclient.netty.handler.HttpHandler - 

Request DefaultFullHttpRequest(decodeResult: success, version: HTTP/1.1, content: EmptyByteBufBE)
GET /session/539a26481eb18c26c33b90508adf600b/element/215063c7-4b86-4a87-8d1c-7485671a2865/name HTTP/1.1
User-Agent: selenium/4.1.4 (java windows)
Cache-Control: no-cache
Content-Type: application/json; charset=utf-8
host: localhost:57669
accept: */*

Response DefaultHttpResponse(decodeResult: success, version: HTTP/1.1)
HTTP/1.1 200 OK
Content-Type: application/json; charset=utf-8
cache-control: no-cache
content-length: 13

18:29:41.503 [AsyncHttpClient-1-5] DEBUG org.asynchttpclient.netty.channel.ChannelManager - Adding key: http://localhost:57669 for channel [id: 0xa8ce4202, L:/127.0.0.1:49814 - R:localhost/127.0.0.1:57669]
18:29:41.504 [Forwarding findElement on session 539a26481eb18c26c33b90508adf600b to remote] DEBUG org.asynchttpclient.netty.request.NettyRequestSender - Using pooled Channel '[id: 0xa8ce4202, L:/127.0.0.1:49814 - R:localhost/127.0.0.1:57669]' for 'POST' to 'http://localhost:57669/session/539a26481eb18c26c33b90508adf600b/element'
18:29:41.504 [Forwarding findElement on session 539a26481eb18c26c33b90508adf600b to remote] DEBUG org.asynchttpclient.netty.request.NettyRequestSender - Using open Channel [id: 0xa8ce4202, L:/127.0.0.1:49814 - R:localhost/127.0.0.1:57669] for POST '/session/539a26481eb18c26c33b90508adf600b/element'
18:29:41.514 [AsyncHttpClient-1-5] DEBUG org.asynchttpclient.netty.handler.HttpHandler - 

Request DefaultHttpRequest(decodeResult: success, version: HTTP/1.1)
POST /session/539a26481eb18c26c33b90508adf600b/element HTTP/1.1
User-Agent: selenium/4.1.4 (java windows)
Content-Length: 114
Content-Type: application/json; charset=utf-8
host: localhost:57669
accept: */*

Response DefaultHttpResponse(decodeResult: success, version: HTTP/1.1)
HTTP/1.1 200 OK
Content-Type: application/json; charset=utf-8
cache-control: no-cache
content-length: 88

18:29:41.514 [AsyncHttpClient-1-5] DEBUG org.asynchttpclient.netty.channel.ChannelManager - Adding key: http://localhost:57669 for channel [id: 0xa8ce4202, L:/127.0.0.1:49814 - R:localhost/127.0.0.1:57669]
18:29:41.515 [Forwarding clickElement on session 539a26481eb18c26c33b90508adf600b to remote] DEBUG org.asynchttpclient.netty.request.NettyRequestSender - Using pooled Channel '[id: 0xa8ce4202, L:/127.0.0.1:49814 - R:localhost/127.0.0.1:57669]' for 'POST' to 'http://localhost:57669/session/539a26481eb18c26c33b90508adf600b/element/215063c7-4b86-4a87-8d1c-7485671a2865/click'
18:29:41.515 [Forwarding clickElement on session 539a26481eb18c26c33b90508adf600b to remote] DEBUG org.asynchttpclient.netty.request.NettyRequestSender - Using open Channel [id: 0xa8ce4202, L:/127.0.0.1:49814 - R:localhost/127.0.0.1:57669] for POST '/session/539a26481eb18c26c33b90508adf600b/element/215063c7-4b86-4a87-8d1c-7485671a2865/click'
18:29:41.535 [AsyncHttpClient-1-1] DEBUG org.asynchttpclient.netty.channel.DefaultChannelPool - Entry count for : http://localhost:49815 : 1
18:29:41.604 [AsyncHttpClient-1-5] DEBUG org.asynchttpclient.netty.handler.HttpHandler - 

Request DefaultHttpRequest(decodeResult: success, version: HTTP/1.1)
POST /session/539a26481eb18c26c33b90508adf600b/element/215063c7-4b86-4a87-8d1c-7485671a2865/click HTTP/1.1
User-Agent: selenium/4.1.4 (java windows)
Content-Length: 50
Content-Type: application/json; charset=utf-8
host: localhost:57669
accept: */*

Response DefaultHttpResponse(decodeResult: success, version: HTTP/1.1)
HTTP/1.1 200 OK
Content-Type: application/json; charset=utf-8
cache-control: no-cache
content-length: 14

18:29:41.605 [AsyncHttpClient-1-5] DEBUG org.asynchttpclient.netty.channel.ChannelManager - Adding key: http://localhost:57669 for channel [id: 0xa8ce4202, L:/127.0.0.1:49814 - R:localhost/127.0.0.1:57669]
18:29:41.617 [Forwarding screenshot on session 539a26481eb18c26c33b90508adf600b to remote] DEBUG org.asynchttpclient.netty.request.NettyRequestSender - Using pooled Channel '[id: 0xa8ce4202, L:/127.0.0.1:49814 - R:localhost/127.0.0.1:57669]' for 'GET' to 'http://localhost:57669/session/539a26481eb18c26c33b90508adf600b/screenshot'
18:29:41.617 [Forwarding screenshot on session 539a26481eb18c26c33b90508adf600b to remote] DEBUG org.asynchttpclient.netty.request.NettyRequestSender - Using open Channel [id: 0xa8ce4202, L:/127.0.0.1:49814 - R:localhost/127.0.0.1:57669] for GET '/session/539a26481eb18c26c33b90508adf600b/screenshot'
18:29:41.895 [AsyncHttpClient-1-5] DEBUG org.asynchttpclient.netty.handler.HttpHandler - 

Request DefaultFullHttpRequest(decodeResult: success, version: HTTP/1.1, content: EmptyByteBufBE)
GET /session/539a26481eb18c26c33b90508adf600b/screenshot HTTP/1.1
User-Agent: selenium/4.1.4 (java windows)
Cache-Control: no-cache
Content-Type: application/json; charset=utf-8
host: localhost:57669
accept: */*

Response DefaultHttpResponse(decodeResult: success, version: HTTP/1.1)
HTTP/1.1 200 OK
Content-Type: application/json; charset=utf-8
cache-control: no-cache
content-length: 115620

18:29:41.897 [AsyncHttpClient-1-5] DEBUG org.asynchttpclient.netty.channel.ChannelManager - Adding key: http://localhost:57669 for channel [id: 0xa8ce4202, L:/127.0.0.1:49814 - R:localhost/127.0.0.1:57669]
18:29:41.900 [main] DEBUG net.serenitybdd.core.photography.Darkroom - Send negative for processing for target\site\serenity\1a877c450a4ad444cde092037c0e202d61720710a1c146627405432802212847.png
18:29:41.900 [main] DEBUG net.thucydides.core.steps.StepInterceptor - STEP DONE: clickButtonDataPasien
  &amp#27;[32mWhen &amp#27;[0m&amp#27;[32mClick button data pasien&amp#27;[0m                                                &amp#27;[90m# starter.stepdefinitios.PatientDataSteps.clickButtonDataPasien()&amp#27;[0m
18:29:41.900 [Darkroom Processing Line] DEBUG net.serenitybdd.core.photography.DarkroomProcessingLine - Processing screenshot image in /var/screenshots/screenshot-8562409212060783397
18:29:41.900 [Darkroom Processing Line] DEBUG net.serenitybdd.core.photography.DarkroomProcessingLine - Saving screenshot to target\site\serenity\1a877c450a4ad444cde092037c0e202d61720710a1c146627405432802212847.png
18:29:42.636 [AsyncHttpClient-1-1] DEBUG org.asynchttpclient.netty.channel.DefaultChannelPool - Entry count for : http://localhost:57669 : 1
18:29:42.636 [AsyncHttpClient-1-1] DEBUG org.asynchttpclient.netty.channel.DefaultChannelPool - Entry count for : http://localhost:49815 : 1
18:29:43.736 [AsyncHttpClient-1-1] DEBUG org.asynchttpclient.netty.channel.DefaultChannelPool - Entry count for : http://localhost:57669 : 1
18:29:43.736 [AsyncHttpClient-1-1] DEBUG org.asynchttpclient.netty.channel.DefaultChannelPool - Entry count for : http://localhost:49815 : 1
18:29:44.835 [AsyncHttpClient-1-1] DEBUG org.asynchttpclient.netty.channel.DefaultChannelPool - Entry count for : http://localhost:57669 : 1
18:29:44.835 [AsyncHttpClient-1-1] DEBUG org.asynchttpclient.netty.channel.DefaultChannelPool - Entry count for : http://localhost:49815 : 1
18:29:45.937 [AsyncHttpClient-1-1] DEBUG org.asynchttpclient.netty.channel.DefaultChannelPool - Entry count for : http://localhost:57669 : 1
18:29:45.937 [AsyncHttpClient-1-1] DEBUG org.asynchttpclient.netty.channel.DefaultChannelPool - Entry count for : http://localhost:49815 : 1
18:29:47.042 [AsyncHttpClient-1-1] DEBUG org.asynchttpclient.netty.channel.DefaultChannelPool - Entry count for : http://localhost:57669 : 1
18:29:47.042 [AsyncHttpClient-1-1] DEBUG org.asynchttpclient.netty.channel.DefaultChannelPool - Entry count for : http://localhost:49815 : 1
18:29:47.945 [Forwarding screenshot on session 539a26481eb18c26c33b90508adf600b to remote] DEBUG org.asynchttpclient.netty.request.NettyRequestSender - Using pooled Channel '[id: 0xa8ce4202, L:/127.0.0.1:49814 - R:localhost/127.0.0.1:57669]' for 'GET' to 'http://localhost:57669/session/539a26481eb18c26c33b90508adf600b/screenshot'
18:29:47.945 [Forwarding screenshot on session 539a26481eb18c26c33b90508adf600b to remote] DEBUG org.asynchttpclient.netty.request.NettyRequestSender - Using open Channel [id: 0xa8ce4202, L:/127.0.0.1:49814 - R:localhost/127.0.0.1:57669] for GET '/session/539a26481eb18c26c33b90508adf600b/screenshot'
18:29:48.122 [AsyncHttpClient-1-5] DEBUG org.asynchttpclient.netty.handler.HttpHandler - 

Request DefaultFullHttpRequest(decodeResult: success, version: HTTP/1.1, content: EmptyByteBufBE)
GET /session/539a26481eb18c26c33b90508adf600b/screenshot HTTP/1.1
User-Agent: selenium/4.1.4 (java windows)
Cache-Control: no-cache
Content-Type: application/json; charset=utf-8
host: localhost:57669
accept: */*

Response DefaultHttpResponse(decodeResult: success, version: HTTP/1.1)
HTTP/1.1 200 OK
Content-Type: application/json; charset=utf-8
cache-control: no-cache
content-length: 83448

18:29:48.123 [AsyncHttpClient-1-5] DEBUG org.asynchttpclient.netty.channel.ChannelManager - Adding key: http://localhost:57669 for channel [id: 0xa8ce4202, L:/127.0.0.1:49814 - R:localhost/127.0.0.1:57669]
18:29:48.124 [main] DEBUG net.serenitybdd.core.photography.Darkroom - Send negative for processing for target\site\serenity\cdc7d6768bd36f67cb5558b84d3f7cdf2498093267c606387c7df8516ad3c364.png
18:29:48.129 [main] DEBUG net.thucydides.core.steps.StepInterceptor - STARTING STEP: PatientDataSteps.clickButtonTambahData - clickButtonTambah
18:29:48.134 [Forwarding findElement on session 539a26481eb18c26c33b90508adf600b to remote] DEBUG org.asynchttpclient.netty.request.NettyRequestSender - Using pooled Channel '[id: 0xa8ce4202, L:/127.0.0.1:49814 - R:localhost/127.0.0.1:57669]' for 'POST' to 'http://localhost:57669/session/539a26481eb18c26c33b90508adf600b/element'
18:29:48.134 [Forwarding findElement on session 539a26481eb18c26c33b90508adf600b to remote] DEBUG org.asynchttpclient.netty.request.NettyRequestSender - Using open Channel [id: 0xa8ce4202, L:/127.0.0.1:49814 - R:localhost/127.0.0.1:57669] for POST '/session/539a26481eb18c26c33b90508adf600b/element'
18:29:48.136 [AsyncHttpClient-1-1] DEBUG org.asynchttpclient.netty.channel.DefaultChannelPool - Entry count for : http://localhost:49815 : 1
18:29:48.148 [AsyncHttpClient-1-5] DEBUG org.asynchttpclient.netty.handler.HttpHandler - 

Request DefaultHttpRequest(decodeResult: success, version: HTTP/1.1)
POST /session/539a26481eb18c26c33b90508adf600b/element HTTP/1.1
User-Agent: selenium/4.1.4 (java windows)
Content-Length: 68
Content-Type: application/json; charset=utf-8
host: localhost:57669
accept: */*

Response DefaultHttpResponse(decodeResult: success, version: HTTP/1.1)
HTTP/1.1 200 OK
Content-Type: application/json; charset=utf-8
cache-control: no-cache
content-length: 88

18:29:48.148 [AsyncHttpClient-1-5] DEBUG org.asynchttpclient.netty.channel.ChannelManager - Adding key: http://localhost:57669 for channel [id: 0xa8ce4202, L:/127.0.0.1:49814 - R:localhost/127.0.0.1:57669]
18:29:48.150 [Forwarding getElementTagName on session 539a26481eb18c26c33b90508adf600b to remote] DEBUG org.asynchttpclient.netty.request.NettyRequestSender - Using pooled Channel '[id: 0xa8ce4202, L:/127.0.0.1:49814 - R:localhost/127.0.0.1:57669]' for 'GET' to 'http://localhost:57669/session/539a26481eb18c26c33b90508adf600b/element/35fa765e-a4ad-4e18-94e6-b346b77b6219/name'
18:29:48.150 [Forwarding getElementTagName on session 539a26481eb18c26c33b90508adf600b to remote] DEBUG org.asynchttpclient.netty.request.NettyRequestSender - Using open Channel [id: 0xa8ce4202, L:/127.0.0.1:49814 - R:localhost/127.0.0.1:57669] for GET '/session/539a26481eb18c26c33b90508adf600b/element/35fa765e-a4ad-4e18-94e6-b346b77b6219/name'
18:29:48.158 [AsyncHttpClient-1-5] DEBUG org.asynchttpclient.netty.handler.HttpHandler - 

Request DefaultFullHttpRequest(decodeResult: success, version: HTTP/1.1, content: EmptyByteBufBE)
GET /session/539a26481eb18c26c33b90508adf600b/element/35fa765e-a4ad-4e18-94e6-b346b77b6219/name HTTP/1.1
User-Agent: selenium/4.1.4 (java windows)
Cache-Control: no-cache
Content-Type: application/json; charset=utf-8
host: localhost:57669
accept: */*

Response DefaultHttpResponse(decodeResult: success, version: HTTP/1.1)
HTTP/1.1 200 OK
Content-Type: application/json; charset=utf-8
cache-control: no-cache
content-length: 18

18:29:48.158 [AsyncHttpClient-1-5] DEBUG org.asynchttpclient.netty.channel.ChannelManager - Adding key: http://localhost:57669 for channel [id: 0xa8ce4202, L:/127.0.0.1:49814 - R:localhost/127.0.0.1:57669]
18:29:48.158 [Forwarding getElementTagName on session 539a26481eb18c26c33b90508adf600b to remote] DEBUG org.asynchttpclient.netty.request.NettyRequestSender - Using pooled Channel '[id: 0xa8ce4202, L:/127.0.0.1:49814 - R:localhost/127.0.0.1:57669]' for 'GET' to 'http://localhost:57669/session/539a26481eb18c26c33b90508adf600b/element/35fa765e-a4ad-4e18-94e6-b346b77b6219/name'
18:29:48.158 [Forwarding getElementTagName on session 539a26481eb18c26c33b90508adf600b to remote] DEBUG org.asynchttpclient.netty.request.NettyRequestSender - Using open Channel [id: 0xa8ce4202, L:/127.0.0.1:49814 - R:localhost/127.0.0.1:57669] for GET '/session/539a26481eb18c26c33b90508adf600b/element/35fa765e-a4ad-4e18-94e6-b346b77b6219/name'
18:29:48.168 [AsyncHttpClient-1-5] DEBUG org.asynchttpclient.netty.handler.HttpHandler - 

Request DefaultFullHttpRequest(decodeResult: success, version: HTTP/1.1, content: EmptyByteBufBE)
GET /session/539a26481eb18c26c33b90508adf600b/element/35fa765e-a4ad-4e18-94e6-b346b77b6219/name HTTP/1.1
User-Agent: selenium/4.1.4 (java windows)
Cache-Control: no-cache
Content-Type: application/json; charset=utf-8
host: localhost:57669
accept: */*

Response DefaultHttpResponse(decodeResult: success, version: HTTP/1.1)
HTTP/1.1 200 OK
Content-Type: application/json; charset=utf-8
cache-control: no-cache
content-length: 18

18:29:48.168 [AsyncHttpClient-1-5] DEBUG org.asynchttpclient.netty.channel.ChannelManager - Adding key: http://localhost:57669 for channel [id: 0xa8ce4202, L:/127.0.0.1:49814 - R:localhost/127.0.0.1:57669]
18:29:48.171 [Forwarding isElementEnabled on session 539a26481eb18c26c33b90508adf600b to remote] DEBUG org.asynchttpclient.netty.request.NettyRequestSender - Using pooled Channel '[id: 0xa8ce4202, L:/127.0.0.1:49814 - R:localhost/127.0.0.1:57669]' for 'GET' to 'http://localhost:57669/session/539a26481eb18c26c33b90508adf600b/element/35fa765e-a4ad-4e18-94e6-b346b77b6219/enabled'
18:29:48.171 [Forwarding isElementEnabled on session 539a26481eb18c26c33b90508adf600b to remote] DEBUG org.asynchttpclient.netty.request.NettyRequestSender - Using open Channel [id: 0xa8ce4202, L:/127.0.0.1:49814 - R:localhost/127.0.0.1:57669] for GET '/session/539a26481eb18c26c33b90508adf600b/element/35fa765e-a4ad-4e18-94e6-b346b77b6219/enabled'
18:29:48.186 [AsyncHttpClient-1-5] DEBUG org.asynchttpclient.netty.handler.HttpHandler - 

Request DefaultFullHttpRequest(decodeResult: success, version: HTTP/1.1, content: EmptyByteBufBE)
GET /session/539a26481eb18c26c33b90508adf600b/element/35fa765e-a4ad-4e18-94e6-b346b77b6219/enabled HTTP/1.1
User-Agent: selenium/4.1.4 (java windows)
Cache-Control: no-cache
Content-Type: application/json; charset=utf-8
host: localhost:57669
accept: */*

Response DefaultHttpResponse(decodeResult: success, version: HTTP/1.1)
HTTP/1.1 200 OK
Content-Type: application/json; charset=utf-8
cache-control: no-cache
content-length: 14

18:29:48.186 [AsyncHttpClient-1-5] DEBUG org.asynchttpclient.netty.channel.ChannelManager - Adding key: http://localhost:57669 for channel [id: 0xa8ce4202, L:/127.0.0.1:49814 - R:localhost/127.0.0.1:57669]
18:29:48.187 [Forwarding isElementEnabled on session 539a26481eb18c26c33b90508adf600b to remote] DEBUG org.asynchttpclient.netty.request.NettyRequestSender - Using pooled Channel '[id: 0xa8ce4202, L:/127.0.0.1:49814 - R:localhost/127.0.0.1:57669]' for 'GET' to 'http://localhost:57669/session/539a26481eb18c26c33b90508adf600b/element/35fa765e-a4ad-4e18-94e6-b346b77b6219/enabled'
18:29:48.187 [Forwarding isElementEnabled on session 539a26481eb18c26c33b90508adf600b to remote] DEBUG org.asynchttpclient.netty.request.NettyRequestSender - Using open Channel [id: 0xa8ce4202, L:/127.0.0.1:49814 - R:localhost/127.0.0.1:57669] for GET '/session/539a26481eb18c26c33b90508adf600b/element/35fa765e-a4ad-4e18-94e6-b346b77b6219/enabled'
18:29:48.197 [AsyncHttpClient-1-5] DEBUG org.asynchttpclient.netty.handler.HttpHandler - 

Request DefaultFullHttpRequest(decodeResult: success, version: HTTP/1.1, content: EmptyByteBufBE)
GET /session/539a26481eb18c26c33b90508adf600b/element/35fa765e-a4ad-4e18-94e6-b346b77b6219/enabled HTTP/1.1
User-Agent: selenium/4.1.4 (java windows)
Cache-Control: no-cache
Content-Type: application/json; charset=utf-8
host: localhost:57669
accept: */*

Response DefaultHttpResponse(decodeResult: success, version: HTTP/1.1)
HTTP/1.1 200 OK
Content-Type: application/json; charset=utf-8
cache-control: no-cache
content-length: 14

18:29:48.197 [AsyncHttpClient-1-5] DEBUG org.asynchttpclient.netty.channel.ChannelManager - Adding key: http://localhost:57669 for channel [id: 0xa8ce4202, L:/127.0.0.1:49814 - R:localhost/127.0.0.1:57669]
18:29:48.198 [Forwarding findElement on session 539a26481eb18c26c33b90508adf600b to remote] DEBUG org.asynchttpclient.netty.request.NettyRequestSender - Using pooled Channel '[id: 0xa8ce4202, L:/127.0.0.1:49814 - R:localhost/127.0.0.1:57669]' for 'POST' to 'http://localhost:57669/session/539a26481eb18c26c33b90508adf600b/element'
18:29:48.198 [Forwarding findElement on session 539a26481eb18c26c33b90508adf600b to remote] DEBUG org.asynchttpclient.netty.request.NettyRequestSender - Using open Channel [id: 0xa8ce4202, L:/127.0.0.1:49814 - R:localhost/127.0.0.1:57669] for POST '/session/539a26481eb18c26c33b90508adf600b/element'
18:29:48.213 [AsyncHttpClient-1-5] DEBUG org.asynchttpclient.netty.handler.HttpHandler - 

Request DefaultHttpRequest(decodeResult: success, version: HTTP/1.1)
POST /session/539a26481eb18c26c33b90508adf600b/element HTTP/1.1
User-Agent: selenium/4.1.4 (java windows)
Content-Length: 68
Content-Type: application/json; charset=utf-8
host: localhost:57669
accept: */*

Response DefaultHttpResponse(decodeResult: success, version: HTTP/1.1)
HTTP/1.1 200 OK
Content-Type: application/json; charset=utf-8
cache-control: no-cache
content-length: 88

18:29:48.214 [AsyncHttpClient-1-5] DEBUG org.asynchttpclient.netty.channel.ChannelManager - Adding key: http://localhost:57669 for channel [id: 0xa8ce4202, L:/127.0.0.1:49814 - R:localhost/127.0.0.1:57669]
18:29:48.215 [Forwarding clickElement on session 539a26481eb18c26c33b90508adf600b to remote] DEBUG org.asynchttpclient.netty.request.NettyRequestSender - Using pooled Channel '[id: 0xa8ce4202, L:/127.0.0.1:49814 - R:localhost/127.0.0.1:57669]' for 'POST' to 'http://localhost:57669/session/539a26481eb18c26c33b90508adf600b/element/35fa765e-a4ad-4e18-94e6-b346b77b6219/click'
18:29:48.215 [Forwarding clickElement on session 539a26481eb18c26c33b90508adf600b to remote] DEBUG org.asynchttpclient.netty.request.NettyRequestSender - Using open Channel [id: 0xa8ce4202, L:/127.0.0.1:49814 - R:localhost/127.0.0.1:57669] for POST '/session/539a26481eb18c26c33b90508adf600b/element/35fa765e-a4ad-4e18-94e6-b346b77b6219/click'
18:29:48.423 [AsyncHttpClient-1-5] DEBUG org.asynchttpclient.netty.handler.HttpHandler - 

Request DefaultHttpRequest(decodeResult: success, version: HTTP/1.1)
POST /session/539a26481eb18c26c33b90508adf600b/element/35fa765e-a4ad-4e18-94e6-b346b77b6219/click HTTP/1.1
User-Agent: selenium/4.1.4 (java windows)
Content-Length: 50
Content-Type: application/json; charset=utf-8
host: localhost:57669
accept: */*

Response DefaultHttpResponse(decodeResult: success, version: HTTP/1.1)
HTTP/1.1 200 OK
Content-Type: application/json; charset=utf-8
cache-control: no-cache
content-length: 14

18:29:48.431 [AsyncHttpClient-1-5] DEBUG org.asynchttpclient.netty.channel.ChannelManager - Adding key: http://localhost:57669 for channel [id: 0xa8ce4202, L:/127.0.0.1:49814 - R:localhost/127.0.0.1:57669]
18:29:48.431 [Forwarding screenshot on session 539a26481eb18c26c33b90508adf600b to remote] DEBUG org.asynchttpclient.netty.request.NettyRequestSender - Using pooled Channel '[id: 0xa8ce4202, L:/127.0.0.1:49814 - R:localhost/127.0.0.1:57669]' for 'GET' to 'http://localhost:57669/session/539a26481eb18c26c33b90508adf600b/screenshot'
18:29:48.431 [Forwarding screenshot on session 539a26481eb18c26c33b90508adf600b to remote] DEBUG org.asynchttpclient.netty.request.NettyRequestSender - Using open Channel [id: 0xa8ce4202, L:/127.0.0.1:49814 - R:localhost/127.0.0.1:57669] for GET '/session/539a26481eb18c26c33b90508adf600b/screenshot'
18:29:48.636 [AsyncHttpClient-1-5] DEBUG org.asynchttpclient.netty.handler.HttpHandler - 

Request DefaultFullHttpRequest(decodeResult: success, version: HTTP/1.1, content: EmptyByteBufBE)
GET /session/539a26481eb18c26c33b90508adf600b/screenshot HTTP/1.1
User-Agent: selenium/4.1.4 (java windows)
Cache-Control: no-cache
Content-Type: application/json; charset=utf-8
host: localhost:57669
accept: */*

Response DefaultHttpResponse(decodeResult: success, version: HTTP/1.1)
HTTP/1.1 200 OK
Content-Type: application/json; charset=utf-8
cache-control: no-cache
content-length: 44800

18:29:48.636 [AsyncHttpClient-1-5] DEBUG org.asynchttpclient.netty.channel.ChannelManager - Adding key: http://localhost:57669 for channel [id: 0xa8ce4202, L:/127.0.0.1:49814 - R:localhost/127.0.0.1:57669]
18:29:48.637 [main] DEBUG net.serenitybdd.core.photography.Darkroom - Send negative for processing for target\site\serenity\9c82b9b38a695ffa4fd8253a749c65cc43444915f5d51c363969de05270db0c1.png
18:29:48.637 [main] DEBUG net.thucydides.core.steps.StepInterceptor - STEP DONE: clickButtonTambah
  &amp#27;[32mAnd &amp#27;[0m&amp#27;[32mClick button tambah data&amp#27;[0m                                                 &amp#27;[90m# starter.stepdefinitios.PatientDataSteps.clickButtonTambahData()&amp#27;[0m
18:29:49.236 [AsyncHttpClient-1-1] DEBUG org.asynchttpclient.netty.channel.DefaultChannelPool - Entry count for : http://localhost:57669 : 1
18:29:49.236 [AsyncHttpClient-1-1] DEBUG org.asynchttpclient.netty.channel.DefaultChannelPool - Entry count for : http://localhost:49815 : 1
18:29:49.667 [Forwarding screenshot on session 539a26481eb18c26c33b90508adf600b to remote] DEBUG org.asynchttpclient.netty.request.NettyRequestSender - Using pooled Channel '[id: 0xa8ce4202, L:/127.0.0.1:49814 - R:localhost/127.0.0.1:57669]' for 'GET' to 'http://localhost:57669/session/539a26481eb18c26c33b90508adf600b/screenshot'
18:29:49.667 [Forwarding screenshot on session 539a26481eb18c26c33b90508adf600b to remote] DEBUG org.asynchttpclient.netty.request.NettyRequestSender - Using open Channel [id: 0xa8ce4202, L:/127.0.0.1:49814 - R:localhost/127.0.0.1:57669] for GET '/session/539a26481eb18c26c33b90508adf600b/screenshot'
18:29:49.845 [AsyncHttpClient-1-5] DEBUG org.asynchttpclient.netty.handler.HttpHandler - 

Request DefaultFullHttpRequest(decodeResult: success, version: HTTP/1.1, content: EmptyByteBufBE)
GET /session/539a26481eb18c26c33b90508adf600b/screenshot HTTP/1.1
User-Agent: selenium/4.1.4 (java windows)
Cache-Control: no-cache
Content-Type: application/json; charset=utf-8
host: localhost:57669
accept: */*

Response DefaultHttpResponse(decodeResult: success, version: HTTP/1.1)
HTTP/1.1 200 OK
Content-Type: application/json; charset=utf-8
cache-control: no-cache
content-length: 111300

18:29:49.845 [AsyncHttpClient-1-5] DEBUG org.asynchttpclient.netty.channel.ChannelManager - Adding key: http://localhost:57669 for channel [id: 0xa8ce4202, L:/127.0.0.1:49814 - R:localhost/127.0.0.1:57669]
18:29:49.848 [main] DEBUG net.serenitybdd.core.photography.Darkroom - Send negative for processing for target\site\serenity\e153e672e920457f43928b38e0d80149cbd7efb9134055042ff91e2e9f7383b1.png
18:29:49.849 [main] DEBUG net.thucydides.core.steps.StepInterceptor - STARTING STEP: PatientDataSteps.iInput - inputDataPasien
18:29:49.849 [Darkroom Processing Line] DEBUG net.serenitybdd.core.photography.DarkroomProcessingLine - Processing screenshot image in /var/screenshots/screenshot-17078990738121958779
18:29:49.849 [Darkroom Processing Line] DEBUG net.serenitybdd.core.photography.DarkroomProcessingLine - Saving screenshot to target\site\serenity\e153e672e920457f43928b38e0d80149cbd7efb9134055042ff91e2e9f7383b1.png
18:29:49.850 [Forwarding findElement on session 539a26481eb18c26c33b90508adf600b to remote] DEBUG org.asynchttpclient.netty.request.NettyRequestSender - Using pooled Channel '[id: 0xa8ce4202, L:/127.0.0.1:49814 - R:localhost/127.0.0.1:57669]' for 'POST' to 'http://localhost:57669/session/539a26481eb18c26c33b90508adf600b/element'
18:29:49.850 [Forwarding findElement on session 539a26481eb18c26c33b90508adf600b to remote] DEBUG org.asynchttpclient.netty.request.NettyRequestSender - Using open Channel [id: 0xa8ce4202, L:/127.0.0.1:49814 - R:localhost/127.0.0.1:57669] for POST '/session/539a26481eb18c26c33b90508adf600b/element'
18:29:49.859 [AsyncHttpClient-1-5] DEBUG org.asynchttpclient.netty.handler.HttpHandler - 

Request DefaultHttpRequest(decodeResult: success, version: HTTP/1.1)
POST /session/539a26481eb18c26c33b90508adf600b/element HTTP/1.1
User-Agent: selenium/4.1.4 (java windows)
Content-Length: 72
Content-Type: application/json; charset=utf-8
host: localhost:57669
accept: */*

Response DefaultHttpResponse(decodeResult: success, version: HTTP/1.1)
HTTP/1.1 200 OK
Content-Type: application/json; charset=utf-8
cache-control: no-cache
content-length: 88

18:29:49.859 [AsyncHttpClient-1-5] DEBUG org.asynchttpclient.netty.channel.ChannelManager - Adding key: http://localhost:57669 for channel [id: 0xa8ce4202, L:/127.0.0.1:49814 - R:localhost/127.0.0.1:57669]
18:29:49.860 [Forwarding sendKeysToElement on session 539a26481eb18c26c33b90508adf600b to remote] DEBUG org.asynchttpclient.netty.request.NettyRequestSender - Using pooled Channel '[id: 0xa8ce4202, L:/127.0.0.1:49814 - R:localhost/127.0.0.1:57669]' for 'POST' to 'http://localhost:57669/session/539a26481eb18c26c33b90508adf600b/element/c6d58f22-9804-4f59-9a37-959137da8074/value'
18:29:49.860 [Forwarding sendKeysToElement on session 539a26481eb18c26c33b90508adf600b to remote] DEBUG org.asynchttpclient.netty.request.NettyRequestSender - Using open Channel [id: 0xa8ce4202, L:/127.0.0.1:49814 - R:localhost/127.0.0.1:57669] for POST '/session/539a26481eb18c26c33b90508adf600b/element/c6d58f22-9804-4f59-9a37-959137da8074/value'
18:29:50.000 [AsyncHttpClient-1-5] DEBUG org.asynchttpclient.netty.handler.HttpHandler - 

Request DefaultHttpRequest(decodeResult: success, version: HTTP/1.1)
POST /session/539a26481eb18c26c33b90508adf600b/element/c6d58f22-9804-4f59-9a37-959137da8074/value HTTP/1.1
User-Agent: selenium/4.1.4 (java windows)
Content-Length: 131
Content-Type: application/json; charset=utf-8
host: localhost:57669
accept: */*

Response DefaultHttpResponse(decodeResult: success, version: HTTP/1.1)
HTTP/1.1 200 OK
Content-Type: application/json; charset=utf-8
cache-control: no-cache
content-length: 14

18:29:50.000 [AsyncHttpClient-1-5] DEBUG org.asynchttpclient.netty.channel.ChannelManager - Adding key: http://localhost:57669 for channel [id: 0xa8ce4202, L:/127.0.0.1:49814 - R:localhost/127.0.0.1:57669]
18:29:50.001 [Forwarding findElement on session 539a26481eb18c26c33b90508adf600b to remote] DEBUG org.asynchttpclient.netty.request.NettyRequestSender - Using pooled Channel '[id: 0xa8ce4202, L:/127.0.0.1:49814 - R:localhost/127.0.0.1:57669]' for 'POST' to 'http://localhost:57669/session/539a26481eb18c26c33b90508adf600b/element'
18:29:50.001 [Forwarding findElement on session 539a26481eb18c26c33b90508adf600b to remote] DEBUG org.asynchttpclient.netty.request.NettyRequestSender - Using open Channel [id: 0xa8ce4202, L:/127.0.0.1:49814 - R:localhost/127.0.0.1:57669] for POST '/session/539a26481eb18c26c33b90508adf600b/element'
18:29:50.013 [AsyncHttpClient-1-5] DEBUG org.asynchttpclient.netty.handler.HttpHandler - 

Request DefaultHttpRequest(decodeResult: success, version: HTTP/1.1)
POST /session/539a26481eb18c26c33b90508adf600b/element HTTP/1.1
User-Agent: selenium/4.1.4 (java windows)
Content-Length: 65
Content-Type: application/json; charset=utf-8
host: localhost:57669
accept: */*

Response DefaultHttpResponse(decodeResult: success, version: HTTP/1.1)
HTTP/1.1 200 OK
Content-Type: application/json; charset=utf-8
cache-control: no-cache
content-length: 88

18:29:50.013 [AsyncHttpClient-1-5] DEBUG org.asynchttpclient.netty.channel.ChannelManager - Adding key: http://localhost:57669 for channel [id: 0xa8ce4202, L:/127.0.0.1:49814 - R:localhost/127.0.0.1:57669]
18:29:50.014 [Forwarding sendKeysToElement on session 539a26481eb18c26c33b90508adf600b to remote] DEBUG org.asynchttpclient.netty.request.NettyRequestSender - Using pooled Channel '[id: 0xa8ce4202, L:/127.0.0.1:49814 - R:localhost/127.0.0.1:57669]' for 'POST' to 'http://localhost:57669/session/539a26481eb18c26c33b90508adf600b/element/4973f113-f43a-44bb-a110-34e6f6eaab48/value'
18:29:50.014 [Forwarding sendKeysToElement on session 539a26481eb18c26c33b90508adf600b to remote] DEBUG org.asynchttpclient.netty.request.NettyRequestSender - Using open Channel [id: 0xa8ce4202, L:/127.0.0.1:49814 - R:localhost/127.0.0.1:57669] for POST '/session/539a26481eb18c26c33b90508adf600b/element/4973f113-f43a-44bb-a110-34e6f6eaab48/value'
18:29:50.252 [AsyncHttpClient-1-5] DEBUG org.asynchttpclient.netty.handler.HttpHandler - 

Request DefaultHttpRequest(decodeResult: success, version: HTTP/1.1)
POST /session/539a26481eb18c26c33b90508adf600b/element/4973f113-f43a-44bb-a110-34e6f6eaab48/value HTTP/1.1
User-Agent: selenium/4.1.4 (java windows)
Content-Length: 241
Content-Type: application/json; charset=utf-8
host: localhost:57669
accept: */*

Response DefaultHttpResponse(decodeResult: success, version: HTTP/1.1)
HTTP/1.1 200 OK
Content-Type: application/json; charset=utf-8
cache-control: no-cache
content-length: 14

18:29:50.252 [AsyncHttpClient-1-5] DEBUG org.asynchttpclient.netty.channel.ChannelManager - Adding key: http://localhost:57669 for channel [id: 0xa8ce4202, L:/127.0.0.1:49814 - R:localhost/127.0.0.1:57669]
18:29:50.253 [Forwarding findElement on session 539a26481eb18c26c33b90508adf600b to remote] DEBUG org.asynchttpclient.netty.request.NettyRequestSender - Using pooled Channel '[id: 0xa8ce4202, L:/127.0.0.1:49814 - R:localhost/127.0.0.1:57669]' for 'POST' to 'http://localhost:57669/session/539a26481eb18c26c33b90508adf600b/element'
18:29:50.253 [Forwarding findElement on session 539a26481eb18c26c33b90508adf600b to remote] DEBUG org.asynchttpclient.netty.request.NettyRequestSender - Using open Channel [id: 0xa8ce4202, L:/127.0.0.1:49814 - R:localhost/127.0.0.1:57669] for POST '/session/539a26481eb18c26c33b90508adf600b/element'
18:29:50.264 [AsyncHttpClient-1-5] DEBUG org.asynchttpclient.netty.handler.HttpHandler - 

Request DefaultHttpRequest(decodeResult: success, version: HTTP/1.1)
POST /session/539a26481eb18c26c33b90508adf600b/element HTTP/1.1
User-Agent: selenium/4.1.4 (java windows)
Content-Length: 66
Content-Type: application/json; charset=utf-8
host: localhost:57669
accept: */*

Response DefaultHttpResponse(decodeResult: success, version: HTTP/1.1)
HTTP/1.1 200 OK
Content-Type: application/json; charset=utf-8
cache-control: no-cache
content-length: 88

18:29:50.264 [AsyncHttpClient-1-5] DEBUG org.asynchttpclient.netty.channel.ChannelManager - Adding key: http://localhost:57669 for channel [id: 0xa8ce4202, L:/127.0.0.1:49814 - R:localhost/127.0.0.1:57669]
18:29:50.265 [Forwarding sendKeysToElement on session 539a26481eb18c26c33b90508adf600b to remote] DEBUG org.asynchttpclient.netty.request.NettyRequestSender - Using pooled Channel '[id: 0xa8ce4202, L:/127.0.0.1:49814 - R:localhost/127.0.0.1:57669]' for 'POST' to 'http://localhost:57669/session/539a26481eb18c26c33b90508adf600b/element/005bee8d-1b09-4124-aeae-5773f29ea640/value'
18:29:50.265 [Forwarding sendKeysToElement on session 539a26481eb18c26c33b90508adf600b to remote] DEBUG org.asynchttpclient.netty.request.NettyRequestSender - Using open Channel [id: 0xa8ce4202, L:/127.0.0.1:49814 - R:localhost/127.0.0.1:57669] for POST '/session/539a26481eb18c26c33b90508adf600b/element/005bee8d-1b09-4124-aeae-5773f29ea640/value'
18:29:50.334 [AsyncHttpClient-1-5] DEBUG org.asynchttpclient.netty.handler.HttpHandler - 

Request DefaultHttpRequest(decodeResult: success, version: HTTP/1.1)
POST /session/539a26481eb18c26c33b90508adf600b/element/005bee8d-1b09-4124-aeae-5773f29ea640/value HTTP/1.1
User-Agent: selenium/4.1.4 (java windows)
Content-Length: 101
Content-Type: application/json; charset=utf-8
host: localhost:57669
accept: */*

Response DefaultHttpResponse(decodeResult: success, version: HTTP/1.1)
HTTP/1.1 200 OK
Content-Type: application/json; charset=utf-8
cache-control: no-cache
content-length: 14

18:29:50.334 [AsyncHttpClient-1-5] DEBUG org.asynchttpclient.netty.channel.ChannelManager - Adding key: http://localhost:57669 for channel [id: 0xa8ce4202, L:/127.0.0.1:49814 - R:localhost/127.0.0.1:57669]
18:29:50.336 [AsyncHttpClient-1-1] DEBUG org.asynchttpclient.netty.channel.DefaultChannelPool - Entry count for : http://localhost:57669 : 1
18:29:50.336 [AsyncHttpClient-1-1] DEBUG org.asynchttpclient.netty.channel.DefaultChannelPool - Entry count for : http://localhost:49815 : 1
18:29:50.336 [Forwarding findElement on session 539a26481eb18c26c33b90508adf600b to remote] DEBUG org.asynchttpclient.netty.request.NettyRequestSender - Using pooled Channel '[id: 0xa8ce4202, L:/127.0.0.1:49814 - R:localhost/127.0.0.1:57669]' for 'POST' to 'http://localhost:57669/session/539a26481eb18c26c33b90508adf600b/element'
18:29:50.336 [Forwarding findElement on session 539a26481eb18c26c33b90508adf600b to remote] DEBUG org.asynchttpclient.netty.request.NettyRequestSender - Using open Channel [id: 0xa8ce4202, L:/127.0.0.1:49814 - R:localhost/127.0.0.1:57669] for POST '/session/539a26481eb18c26c33b90508adf600b/element'
18:29:50.346 [AsyncHttpClient-1-5] DEBUG org.asynchttpclient.netty.handler.HttpHandler - 

Request DefaultHttpRequest(decodeResult: success, version: HTTP/1.1)
POST /session/539a26481eb18c26c33b90508adf600b/element HTTP/1.1
User-Agent: selenium/4.1.4 (java windows)
Content-Length: 66
Content-Type: application/json; charset=utf-8
host: localhost:57669
accept: */*

Response DefaultHttpResponse(decodeResult: success, version: HTTP/1.1)
HTTP/1.1 200 OK
Content-Type: application/json; charset=utf-8
cache-control: no-cache
content-length: 88

18:29:50.346 [AsyncHttpClient-1-5] DEBUG org.asynchttpclient.netty.channel.ChannelManager - Adding key: http://localhost:57669 for channel [id: 0xa8ce4202, L:/127.0.0.1:49814 - R:localhost/127.0.0.1:57669]
18:29:50.347 [Forwarding sendKeysToElement on session 539a26481eb18c26c33b90508adf600b to remote] DEBUG org.asynchttpclient.netty.request.NettyRequestSender - Using pooled Channel '[id: 0xa8ce4202, L:/127.0.0.1:49814 - R:localhost/127.0.0.1:57669]' for 'POST' to 'http://localhost:57669/session/539a26481eb18c26c33b90508adf600b/element/15e690ee-bd53-4030-8705-2a4e18e931f4/value'
18:29:50.347 [Forwarding sendKeysToElement on session 539a26481eb18c26c33b90508adf600b to remote] DEBUG org.asynchttpclient.netty.request.NettyRequestSender - Using open Channel [id: 0xa8ce4202, L:/127.0.0.1:49814 - R:localhost/127.0.0.1:57669] for POST '/session/539a26481eb18c26c33b90508adf600b/element/15e690ee-bd53-4030-8705-2a4e18e931f4/value'
18:29:50.396 [AsyncHttpClient-1-5] DEBUG org.asynchttpclient.netty.handler.HttpHandler - 

Request DefaultHttpRequest(decodeResult: success, version: HTTP/1.1)
POST /session/539a26481eb18c26c33b90508adf600b/element/15e690ee-bd53-4030-8705-2a4e18e931f4/value HTTP/1.1
User-Agent: selenium/4.1.4 (java windows)
Content-Length: 82
Content-Type: application/json; charset=utf-8
host: localhost:57669
accept: */*

Response DefaultHttpResponse(decodeResult: success, version: HTTP/1.1)
HTTP/1.1 200 OK
Content-Type: application/json; charset=utf-8
cache-control: no-cache
content-length: 14

18:29:50.396 [AsyncHttpClient-1-5] DEBUG org.asynchttpclient.netty.channel.ChannelManager - Adding key: http://localhost:57669 for channel [id: 0xa8ce4202, L:/127.0.0.1:49814 - R:localhost/127.0.0.1:57669]
18:29:50.398 [Forwarding findElement on session 539a26481eb18c26c33b90508adf600b to remote] DEBUG org.asynchttpclient.netty.request.NettyRequestSender - Using pooled Channel '[id: 0xa8ce4202, L:/127.0.0.1:49814 - R:localhost/127.0.0.1:57669]' for 'POST' to 'http://localhost:57669/session/539a26481eb18c26c33b90508adf600b/element'
18:29:50.398 [Forwarding findElement on session 539a26481eb18c26c33b90508adf600b to remote] DEBUG org.asynchttpclient.netty.request.NettyRequestSender - Using open Channel [id: 0xa8ce4202, L:/127.0.0.1:49814 - R:localhost/127.0.0.1:57669] for POST '/session/539a26481eb18c26c33b90508adf600b/element'
18:29:50.410 [AsyncHttpClient-1-5] DEBUG org.asynchttpclient.netty.handler.HttpHandler - 

Request DefaultHttpRequest(decodeResult: success, version: HTTP/1.1)
POST /session/539a26481eb18c26c33b90508adf600b/element HTTP/1.1
User-Agent: selenium/4.1.4 (java windows)
Content-Length: 68
Content-Type: application/json; charset=utf-8
host: localhost:57669
accept: */*

Response DefaultHttpResponse(decodeResult: success, version: HTTP/1.1)
HTTP/1.1 200 OK
Content-Type: application/json; charset=utf-8
cache-control: no-cache
content-length: 88

18:29:50.410 [AsyncHttpClient-1-5] DEBUG org.asynchttpclient.netty.channel.ChannelManager - Adding key: http://localhost:57669 for channel [id: 0xa8ce4202, L:/127.0.0.1:49814 - R:localhost/127.0.0.1:57669]
18:29:50.410 [Forwarding sendKeysToElement on session 539a26481eb18c26c33b90508adf600b to remote] DEBUG org.asynchttpclient.netty.request.NettyRequestSender - Using pooled Channel '[id: 0xa8ce4202, L:/127.0.0.1:49814 - R:localhost/127.0.0.1:57669]' for 'POST' to 'http://localhost:57669/session/539a26481eb18c26c33b90508adf600b/element/8e5eaa89-fa6a-4f0f-9058-e7d8e6d52097/value'
18:29:50.410 [Forwarding sendKeysToElement on session 539a26481eb18c26c33b90508adf600b to remote] DEBUG org.asynchttpclient.netty.request.NettyRequestSender - Using open Channel [id: 0xa8ce4202, L:/127.0.0.1:49814 - R:localhost/127.0.0.1:57669] for POST '/session/539a26481eb18c26c33b90508adf600b/element/8e5eaa89-fa6a-4f0f-9058-e7d8e6d52097/value'
18:29:50.568 [AsyncHttpClient-1-5] DEBUG org.asynchttpclient.netty.handler.HttpHandler - 

Request DefaultHttpRequest(decodeResult: success, version: HTTP/1.1)
POST /session/539a26481eb18c26c33b90508adf600b/element/8e5eaa89-fa6a-4f0f-9058-e7d8e6d52097/value HTTP/1.1
User-Agent: selenium/4.1.4 (java windows)
Content-Length: 171
Content-Type: application/json; charset=utf-8
host: localhost:57669
accept: */*

Response DefaultHttpResponse(decodeResult: success, version: HTTP/1.1)
HTTP/1.1 200 OK
Content-Type: application/json; charset=utf-8
cache-control: no-cache
content-length: 14

18:29:50.568 [AsyncHttpClient-1-5] DEBUG org.asynchttpclient.netty.channel.ChannelManager - Adding key: http://localhost:57669 for channel [id: 0xa8ce4202, L:/127.0.0.1:49814 - R:localhost/127.0.0.1:57669]
18:29:50.568 [Forwarding screenshot on session 539a26481eb18c26c33b90508adf600b to remote] DEBUG org.asynchttpclient.netty.request.NettyRequestSender - Using pooled Channel '[id: 0xa8ce4202, L:/127.0.0.1:49814 - R:localhost/127.0.0.1:57669]' for 'GET' to 'http://localhost:57669/session/539a26481eb18c26c33b90508adf600b/screenshot'
18:29:50.568 [Forwarding screenshot on session 539a26481eb18c26c33b90508adf600b to remote] DEBUG org.asynchttpclient.netty.request.NettyRequestSender - Using open Channel [id: 0xa8ce4202, L:/127.0.0.1:49814 - R:localhost/127.0.0.1:57669] for GET '/session/539a26481eb18c26c33b90508adf600b/screenshot'
18:29:50.809 [AsyncHttpClient-1-5] DEBUG org.asynchttpclient.netty.handler.HttpHandler - 

Request DefaultFullHttpRequest(decodeResult: success, version: HTTP/1.1, content: EmptyByteBufBE)
GET /session/539a26481eb18c26c33b90508adf600b/screenshot HTTP/1.1
User-Agent: selenium/4.1.4 (java windows)
Cache-Control: no-cache
Content-Type: application/json; charset=utf-8
host: localhost:57669
accept: */*

Response DefaultHttpResponse(decodeResult: success, version: HTTP/1.1)
HTTP/1.1 200 OK
Content-Type: application/json; charset=utf-8
cache-control: no-cache
content-length: 153932

18:29:50.809 [AsyncHttpClient-1-5] DEBUG org.asynchttpclient.netty.channel.ChannelManager - Adding key: http://localhost:57669 for channel [id: 0xa8ce4202, L:/127.0.0.1:49814 - R:localhost/127.0.0.1:57669]
18:29:50.813 [main] DEBUG net.serenitybdd.core.photography.Darkroom - Send negative for processing for target\site\serenity\1b02e97708f5501b66fa39024b4df203901b80d55058e6ce4889115de7cf7691.png
18:29:50.813 [main] DEBUG net.thucydides.core.steps.StepInterceptor - STEP DONE: inputDataPasien
  &amp#27;[32mAnd &amp#27;[0m&amp#27;[32mI input &amp#27;[0m&amp#27;[32m&amp#27;[1m"Bagas"&amp#27;[0m&amp#27;[32m &amp#27;[0m&amp#27;[32m&amp#27;[1m"1234567898976546"&amp#27;[0m&amp#27;[32m &amp#27;[0m&amp#27;[32m&amp#27;[1m"12"&amp#27;[0m&amp#27;[32m &amp#27;[0m&amp#27;[32m&amp#27;[1m""&amp#27;[0m&amp#27;[32m &amp#27;[0m&amp#27;[32m&amp#27;[1m"perumahan"&amp#27;[0m&amp#27;[32m patient&amp#27;[0m           &amp#27;[90m# starter.stepdefinitios.PatientDataSteps.iInput(java.lang.String,java.lang.String,java.lang.String,java.lang.String,java.lang.String)&amp#27;[0m
18:29:50.813 [Darkroom Processing Line] DEBUG net.serenitybdd.core.photography.DarkroomProcessingLine - Processing screenshot image in /var/screenshots/screenshot-8935414456750922864
18:29:50.813 [Darkroom Processing Line] DEBUG net.serenitybdd.core.photography.DarkroomProcessingLine - Saving screenshot to target\site\serenity\1b02e97708f5501b66fa39024b4df203901b80d55058e6ce4889115de7cf7691.png
18:29:50.827 [main] DEBUG net.thucydides.core.steps.StepInterceptor - STARTING STEP: PatientDataSteps.iClickButtonJenisKelamin - clickLaki
18:29:50.829 [Forwarding findElement on session 539a26481eb18c26c33b90508adf600b to remote] DEBUG org.asynchttpclient.netty.request.NettyRequestSender - Using pooled Channel '[id: 0xa8ce4202, L:/127.0.0.1:49814 - R:localhost/127.0.0.1:57669]' for 'POST' to 'http://localhost:57669/session/539a26481eb18c26c33b90508adf600b/element'
18:29:50.829 [Forwarding findElement on session 539a26481eb18c26c33b90508adf600b to remote] DEBUG org.asynchttpclient.netty.request.NettyRequestSender - Using open Channel [id: 0xa8ce4202, L:/127.0.0.1:49814 - R:localhost/127.0.0.1:57669] for POST '/session/539a26481eb18c26c33b90508adf600b/element'
18:29:50.842 [AsyncHttpClient-1-5] DEBUG org.asynchttpclient.netty.handler.HttpHandler - 

Request DefaultHttpRequest(decodeResult: success, version: HTTP/1.1)
POST /session/539a26481eb18c26c33b90508adf600b/element HTTP/1.1
User-Agent: selenium/4.1.4 (java windows)
Content-Length: 182
Content-Type: application/json; charset=utf-8
host: localhost:57669
accept: */*

Response DefaultHttpResponse(decodeResult: success, version: HTTP/1.1)
HTTP/1.1 200 OK
Content-Type: application/json; charset=utf-8
cache-control: no-cache
content-length: 88

18:29:50.842 [AsyncHttpClient-1-5] DEBUG org.asynchttpclient.netty.channel.ChannelManager - Adding key: http://localhost:57669 for channel [id: 0xa8ce4202, L:/127.0.0.1:49814 - R:localhost/127.0.0.1:57669]
18:29:50.842 [Forwarding getElementTagName on session 539a26481eb18c26c33b90508adf600b to remote] DEBUG org.asynchttpclient.netty.request.NettyRequestSender - Using pooled Channel '[id: 0xa8ce4202, L:/127.0.0.1:49814 - R:localhost/127.0.0.1:57669]' for 'GET' to 'http://localhost:57669/session/539a26481eb18c26c33b90508adf600b/element/066c1769-8a4e-4d03-be35-e5e039d655c2/name'
18:29:50.842 [Forwarding getElementTagName on session 539a26481eb18c26c33b90508adf600b to remote] DEBUG org.asynchttpclient.netty.request.NettyRequestSender - Using open Channel [id: 0xa8ce4202, L:/127.0.0.1:49814 - R:localhost/127.0.0.1:57669] for GET '/session/539a26481eb18c26c33b90508adf600b/element/066c1769-8a4e-4d03-be35-e5e039d655c2/name'
18:29:50.847 [AsyncHttpClient-1-5] DEBUG org.asynchttpclient.netty.handler.HttpHandler - 

Request DefaultFullHttpRequest(decodeResult: success, version: HTTP/1.1, content: EmptyByteBufBE)
GET /session/539a26481eb18c26c33b90508adf600b/element/066c1769-8a4e-4d03-be35-e5e039d655c2/name HTTP/1.1
User-Agent: selenium/4.1.4 (java windows)
Cache-Control: no-cache
Content-Type: application/json; charset=utf-8
host: localhost:57669
accept: */*

Response DefaultHttpResponse(decodeResult: success, version: HTTP/1.1)
HTTP/1.1 200 OK
Content-Type: application/json; charset=utf-8
cache-control: no-cache
content-length: 16

18:29:50.848 [AsyncHttpClient-1-5] DEBUG org.asynchttpclient.netty.channel.ChannelManager - Adding key: http://localhost:57669 for channel [id: 0xa8ce4202, L:/127.0.0.1:49814 - R:localhost/127.0.0.1:57669]
18:29:50.848 [Forwarding getElementTagName on session 539a26481eb18c26c33b90508adf600b to remote] DEBUG org.asynchttpclient.netty.request.NettyRequestSender - Using pooled Channel '[id: 0xa8ce4202, L:/127.0.0.1:49814 - R:localhost/127.0.0.1:57669]' for 'GET' to 'http://localhost:57669/session/539a26481eb18c26c33b90508adf600b/element/066c1769-8a4e-4d03-be35-e5e039d655c2/name'
18:29:50.848 [Forwarding getElementTagName on session 539a26481eb18c26c33b90508adf600b to remote] DEBUG org.asynchttpclient.netty.request.NettyRequestSender - Using open Channel [id: 0xa8ce4202, L:/127.0.0.1:49814 - R:localhost/127.0.0.1:57669] for GET '/session/539a26481eb18c26c33b90508adf600b/element/066c1769-8a4e-4d03-be35-e5e039d655c2/name'
18:29:50.852 [AsyncHttpClient-1-5] DEBUG org.asynchttpclient.netty.handler.HttpHandler - 

Request DefaultFullHttpRequest(decodeResult: success, version: HTTP/1.1, content: EmptyByteBufBE)
GET /session/539a26481eb18c26c33b90508adf600b/element/066c1769-8a4e-4d03-be35-e5e039d655c2/name HTTP/1.1
User-Agent: selenium/4.1.4 (java windows)
Cache-Control: no-cache
Content-Type: application/json; charset=utf-8
host: localhost:57669
accept: */*

Response DefaultHttpResponse(decodeResult: success, version: HTTP/1.1)
HTTP/1.1 200 OK
Content-Type: application/json; charset=utf-8
cache-control: no-cache
content-length: 16

18:29:50.852 [AsyncHttpClient-1-5] DEBUG org.asynchttpclient.netty.channel.ChannelManager - Adding key: http://localhost:57669 for channel [id: 0xa8ce4202, L:/127.0.0.1:49814 - R:localhost/127.0.0.1:57669]
18:29:50.853 [Forwarding findElement on session 539a26481eb18c26c33b90508adf600b to remote] DEBUG org.asynchttpclient.netty.request.NettyRequestSender - Using pooled Channel '[id: 0xa8ce4202, L:/127.0.0.1:49814 - R:localhost/127.0.0.1:57669]' for 'POST' to 'http://localhost:57669/session/539a26481eb18c26c33b90508adf600b/element'
18:29:50.853 [Forwarding findElement on session 539a26481eb18c26c33b90508adf600b to remote] DEBUG org.asynchttpclient.netty.request.NettyRequestSender - Using open Channel [id: 0xa8ce4202, L:/127.0.0.1:49814 - R:localhost/127.0.0.1:57669] for POST '/session/539a26481eb18c26c33b90508adf600b/element'
18:29:50.860 [AsyncHttpClient-1-5] DEBUG org.asynchttpclient.netty.handler.HttpHandler - 

Request DefaultHttpRequest(decodeResult: success, version: HTTP/1.1)
POST /session/539a26481eb18c26c33b90508adf600b/element HTTP/1.1
User-Agent: selenium/4.1.4 (java windows)
Content-Length: 182
Content-Type: application/json; charset=utf-8
host: localhost:57669
accept: */*

Response DefaultHttpResponse(decodeResult: success, version: HTTP/1.1)
HTTP/1.1 200 OK
Content-Type: application/json; charset=utf-8
cache-control: no-cache
content-length: 88

18:29:50.860 [AsyncHttpClient-1-5] DEBUG org.asynchttpclient.netty.channel.ChannelManager - Adding key: http://localhost:57669 for channel [id: 0xa8ce4202, L:/127.0.0.1:49814 - R:localhost/127.0.0.1:57669]
18:29:50.860 [Forwarding clickElement on session 539a26481eb18c26c33b90508adf600b to remote] DEBUG org.asynchttpclient.netty.request.NettyRequestSender - Using pooled Channel '[id: 0xa8ce4202, L:/127.0.0.1:49814 - R:localhost/127.0.0.1:57669]' for 'POST' to 'http://localhost:57669/session/539a26481eb18c26c33b90508adf600b/element/066c1769-8a4e-4d03-be35-e5e039d655c2/click'
18:29:50.860 [Forwarding clickElement on session 539a26481eb18c26c33b90508adf600b to remote] DEBUG org.asynchttpclient.netty.request.NettyRequestSender - Using open Channel [id: 0xa8ce4202, L:/127.0.0.1:49814 - R:localhost/127.0.0.1:57669] for POST '/session/539a26481eb18c26c33b90508adf600b/element/066c1769-8a4e-4d03-be35-e5e039d655c2/click'
18:29:50.913 [AsyncHttpClient-1-5] DEBUG org.asynchttpclient.netty.handler.HttpHandler - 

Request DefaultHttpRequest(decodeResult: success, version: HTTP/1.1)
POST /session/539a26481eb18c26c33b90508adf600b/element/066c1769-8a4e-4d03-be35-e5e039d655c2/click HTTP/1.1
User-Agent: selenium/4.1.4 (java windows)
Content-Length: 50
Content-Type: application/json; charset=utf-8
host: localhost:57669
accept: */*

Response DefaultHttpResponse(decodeResult: success, version: HTTP/1.1)
HTTP/1.1 200 OK
Content-Type: application/json; charset=utf-8
cache-control: no-cache
content-length: 14

18:29:50.913 [AsyncHttpClient-1-5] DEBUG org.asynchttpclient.netty.channel.ChannelManager - Adding key: http://localhost:57669 for channel [id: 0xa8ce4202, L:/127.0.0.1:49814 - R:localhost/127.0.0.1:57669]
18:29:50.920 [Forwarding screenshot on session 539a26481eb18c26c33b90508adf600b to remote] DEBUG org.asynchttpclient.netty.request.NettyRequestSender - Using pooled Channel '[id: 0xa8ce4202, L:/127.0.0.1:49814 - R:localhost/127.0.0.1:57669]' for 'GET' to 'http://localhost:57669/session/539a26481eb18c26c33b90508adf600b/screenshot'
18:29:50.920 [Forwarding screenshot on session 539a26481eb18c26c33b90508adf600b to remote] DEBUG org.asynchttpclient.netty.request.NettyRequestSender - Using open Channel [id: 0xa8ce4202, L:/127.0.0.1:49814 - R:localhost/127.0.0.1:57669] for GET '/session/539a26481eb18c26c33b90508adf600b/screenshot'
18:29:51.085 [AsyncHttpClient-1-5] DEBUG org.asynchttpclient.netty.handler.HttpHandler - 

Request DefaultFullHttpRequest(decodeResult: success, version: HTTP/1.1, content: EmptyByteBufBE)
GET /session/539a26481eb18c26c33b90508adf600b/screenshot HTTP/1.1
User-Agent: selenium/4.1.4 (java windows)
Cache-Control: no-cache
Content-Type: application/json; charset=utf-8
host: localhost:57669
accept: */*

Response DefaultHttpResponse(decodeResult: success, version: HTTP/1.1)
HTTP/1.1 200 OK
Content-Type: application/json; charset=utf-8
cache-control: no-cache
content-length: 154564

18:29:51.085 [AsyncHttpClient-1-5] DEBUG org.asynchttpclient.netty.channel.ChannelManager - Adding key: http://localhost:57669 for channel [id: 0xa8ce4202, L:/127.0.0.1:49814 - R:localhost/127.0.0.1:57669]
18:29:51.091 [main] DEBUG net.serenitybdd.core.photography.Darkroom - Send negative for processing for target\site\serenity\482057c58c620a2f4d3939ca868c670be04f11f98377a06a615ac8e2676f80a3.png
18:29:51.091 [main] DEBUG net.thucydides.core.steps.StepInterceptor - STEP DONE: clickLaki
  &amp#27;[32mAnd &amp#27;[0m&amp#27;[32mI click button jenis kelamin laki-laki&amp#27;[0m                                   &amp#27;[90m# starter.stepdefinitios.PatientDataSteps.iClickButtonJenisKelamin()&amp#27;[0m
18:29:51.091 [Darkroom Processing Line] DEBUG net.serenitybdd.core.photography.DarkroomProcessingLine - Processing screenshot image in /var/screenshots/screenshot-5227625589949440846
18:29:51.091 [Darkroom Processing Line] DEBUG net.serenitybdd.core.photography.DarkroomProcessingLine - Saving screenshot to target\site\serenity\482057c58c620a2f4d3939ca868c670be04f11f98377a06a615ac8e2676f80a3.png
18:29:51.110 [main] DEBUG net.thucydides.core.steps.StepInterceptor - STARTING STEP: PatientDataSteps.clickButtonSimpan - clickButtonSave
18:29:51.128 [Forwarding findElement on session 539a26481eb18c26c33b90508adf600b to remote] DEBUG org.asynchttpclient.netty.request.NettyRequestSender - Using pooled Channel '[id: 0xa8ce4202, L:/127.0.0.1:49814 - R:localhost/127.0.0.1:57669]' for 'POST' to 'http://localhost:57669/session/539a26481eb18c26c33b90508adf600b/element'
18:29:51.128 [Forwarding findElement on session 539a26481eb18c26c33b90508adf600b to remote] DEBUG org.asynchttpclient.netty.request.NettyRequestSender - Using open Channel [id: 0xa8ce4202, L:/127.0.0.1:49814 - R:localhost/127.0.0.1:57669] for POST '/session/539a26481eb18c26c33b90508adf600b/element'
18:29:51.137 [AsyncHttpClient-1-5] DEBUG org.asynchttpclient.netty.handler.HttpHandler - 

Request DefaultHttpRequest(decodeResult: success, version: HTTP/1.1)
POST /session/539a26481eb18c26c33b90508adf600b/element HTTP/1.1
User-Agent: selenium/4.1.4 (java windows)
Content-Length: 68
Content-Type: application/json; charset=utf-8
host: localhost:57669
accept: */*

Response DefaultHttpResponse(decodeResult: success, version: HTTP/1.1)
HTTP/1.1 200 OK
Content-Type: application/json; charset=utf-8
cache-control: no-cache
content-length: 88

18:29:51.138 [AsyncHttpClient-1-5] DEBUG org.asynchttpclient.netty.channel.ChannelManager - Adding key: http://localhost:57669 for channel [id: 0xa8ce4202, L:/127.0.0.1:49814 - R:localhost/127.0.0.1:57669]
18:29:51.138 [Forwarding getElementTagName on session 539a26481eb18c26c33b90508adf600b to remote] DEBUG org.asynchttpclient.netty.request.NettyRequestSender - Using pooled Channel '[id: 0xa8ce4202, L:/127.0.0.1:49814 - R:localhost/127.0.0.1:57669]' for 'GET' to 'http://localhost:57669/session/539a26481eb18c26c33b90508adf600b/element/4d80524a-7ba1-475c-96bf-38a7569912c4/name'
18:29:51.138 [Forwarding getElementTagName on session 539a26481eb18c26c33b90508adf600b to remote] DEBUG org.asynchttpclient.netty.request.NettyRequestSender - Using open Channel [id: 0xa8ce4202, L:/127.0.0.1:49814 - R:localhost/127.0.0.1:57669] for GET '/session/539a26481eb18c26c33b90508adf600b/element/4d80524a-7ba1-475c-96bf-38a7569912c4/name'
18:29:51.155 [AsyncHttpClient-1-5] DEBUG org.asynchttpclient.netty.handler.HttpHandler - 

Request DefaultFullHttpRequest(decodeResult: success, version: HTTP/1.1, content: EmptyByteBufBE)
GET /session/539a26481eb18c26c33b90508adf600b/element/4d80524a-7ba1-475c-96bf-38a7569912c4/name HTTP/1.1
User-Agent: selenium/4.1.4 (java windows)
Cache-Control: no-cache
Content-Type: application/json; charset=utf-8
host: localhost:57669
accept: */*

Response DefaultHttpResponse(decodeResult: success, version: HTTP/1.1)
HTTP/1.1 200 OK
Content-Type: application/json; charset=utf-8
cache-control: no-cache
content-length: 18

18:29:51.155 [AsyncHttpClient-1-5] DEBUG org.asynchttpclient.netty.channel.ChannelManager - Adding key: http://localhost:57669 for channel [id: 0xa8ce4202, L:/127.0.0.1:49814 - R:localhost/127.0.0.1:57669]
18:29:51.158 [Forwarding getElementTagName on session 539a26481eb18c26c33b90508adf600b to remote] DEBUG org.asynchttpclient.netty.request.NettyRequestSender - Using pooled Channel '[id: 0xa8ce4202, L:/127.0.0.1:49814 - R:localhost/127.0.0.1:57669]' for 'GET' to 'http://localhost:57669/session/539a26481eb18c26c33b90508adf600b/element/4d80524a-7ba1-475c-96bf-38a7569912c4/name'
18:29:51.158 [Forwarding getElementTagName on session 539a26481eb18c26c33b90508adf600b to remote] DEBUG org.asynchttpclient.netty.request.NettyRequestSender - Using open Channel [id: 0xa8ce4202, L:/127.0.0.1:49814 - R:localhost/127.0.0.1:57669] for GET '/session/539a26481eb18c26c33b90508adf600b/element/4d80524a-7ba1-475c-96bf-38a7569912c4/name'
18:29:51.162 [AsyncHttpClient-1-5] DEBUG org.asynchttpclient.netty.handler.HttpHandler - 

Request DefaultFullHttpRequest(decodeResult: success, version: HTTP/1.1, content: EmptyByteBufBE)
GET /session/539a26481eb18c26c33b90508adf600b/element/4d80524a-7ba1-475c-96bf-38a7569912c4/name HTTP/1.1
User-Agent: selenium/4.1.4 (java windows)
Cache-Control: no-cache
Content-Type: application/json; charset=utf-8
host: localhost:57669
accept: */*

Response DefaultHttpResponse(decodeResult: success, version: HTTP/1.1)
HTTP/1.1 200 OK
Content-Type: application/json; charset=utf-8
cache-control: no-cache
content-length: 18

18:29:51.162 [AsyncHttpClient-1-5] DEBUG org.asynchttpclient.netty.channel.ChannelManager - Adding key: http://localhost:57669 for channel [id: 0xa8ce4202, L:/127.0.0.1:49814 - R:localhost/127.0.0.1:57669]
18:29:51.164 [Forwarding isElementEnabled on session 539a26481eb18c26c33b90508adf600b to remote] DEBUG org.asynchttpclient.netty.request.NettyRequestSender - Using pooled Channel '[id: 0xa8ce4202, L:/127.0.0.1:49814 - R:localhost/127.0.0.1:57669]' for 'GET' to 'http://localhost:57669/session/539a26481eb18c26c33b90508adf600b/element/4d80524a-7ba1-475c-96bf-38a7569912c4/enabled'
18:29:51.164 [Forwarding isElementEnabled on session 539a26481eb18c26c33b90508adf600b to remote] DEBUG org.asynchttpclient.netty.request.NettyRequestSender - Using open Channel [id: 0xa8ce4202, L:/127.0.0.1:49814 - R:localhost/127.0.0.1:57669] for GET '/session/539a26481eb18c26c33b90508adf600b/element/4d80524a-7ba1-475c-96bf-38a7569912c4/enabled'
18:29:51.176 [AsyncHttpClient-1-5] DEBUG org.asynchttpclient.netty.handler.HttpHandler - 

Request DefaultFullHttpRequest(decodeResult: success, version: HTTP/1.1, content: EmptyByteBufBE)
GET /session/539a26481eb18c26c33b90508adf600b/element/4d80524a-7ba1-475c-96bf-38a7569912c4/enabled HTTP/1.1
User-Agent: selenium/4.1.4 (java windows)
Cache-Control: no-cache
Content-Type: application/json; charset=utf-8
host: localhost:57669
accept: */*

Response DefaultHttpResponse(decodeResult: success, version: HTTP/1.1)
HTTP/1.1 200 OK
Content-Type: application/json; charset=utf-8
cache-control: no-cache
content-length: 14

18:29:51.176 [AsyncHttpClient-1-5] DEBUG org.asynchttpclient.netty.channel.ChannelManager - Adding key: http://localhost:57669 for channel [id: 0xa8ce4202, L:/127.0.0.1:49814 - R:localhost/127.0.0.1:57669]
18:29:51.178 [Forwarding isElementEnabled on session 539a26481eb18c26c33b90508adf600b to remote] DEBUG org.asynchttpclient.netty.request.NettyRequestSender - Using pooled Channel '[id: 0xa8ce4202, L:/127.0.0.1:49814 - R:localhost/127.0.0.1:57669]' for 'GET' to 'http://localhost:57669/session/539a26481eb18c26c33b90508adf600b/element/4d80524a-7ba1-475c-96bf-38a7569912c4/enabled'
18:29:51.178 [Forwarding isElementEnabled on session 539a26481eb18c26c33b90508adf600b to remote] DEBUG org.asynchttpclient.netty.request.NettyRequestSender - Using open Channel [id: 0xa8ce4202, L:/127.0.0.1:49814 - R:localhost/127.0.0.1:57669] for GET '/session/539a26481eb18c26c33b90508adf600b/element/4d80524a-7ba1-475c-96bf-38a7569912c4/enabled'
18:29:51.184 [AsyncHttpClient-1-5] DEBUG org.asynchttpclient.netty.handler.HttpHandler - 

Request DefaultFullHttpRequest(decodeResult: success, version: HTTP/1.1, content: EmptyByteBufBE)
GET /session/539a26481eb18c26c33b90508adf600b/element/4d80524a-7ba1-475c-96bf-38a7569912c4/enabled HTTP/1.1
User-Agent: selenium/4.1.4 (java windows)
Cache-Control: no-cache
Content-Type: application/json; charset=utf-8
host: localhost:57669
accept: */*

Response DefaultHttpResponse(decodeResult: success, version: HTTP/1.1)
HTTP/1.1 200 OK
Content-Type: application/json; charset=utf-8
cache-control: no-cache
content-length: 14

18:29:51.185 [AsyncHttpClient-1-5] DEBUG org.asynchttpclient.netty.channel.ChannelManager - Adding key: http://localhost:57669 for channel [id: 0xa8ce4202, L:/127.0.0.1:49814 - R:localhost/127.0.0.1:57669]
18:29:51.186 [Forwarding findElement on session 539a26481eb18c26c33b90508adf600b to remote] DEBUG org.asynchttpclient.netty.request.NettyRequestSender - Using pooled Channel '[id: 0xa8ce4202, L:/127.0.0.1:49814 - R:localhost/127.0.0.1:57669]' for 'POST' to 'http://localhost:57669/session/539a26481eb18c26c33b90508adf600b/element'
18:29:51.186 [Forwarding findElement on session 539a26481eb18c26c33b90508adf600b to remote] DEBUG org.asynchttpclient.netty.request.NettyRequestSender - Using open Channel [id: 0xa8ce4202, L:/127.0.0.1:49814 - R:localhost/127.0.0.1:57669] for POST '/session/539a26481eb18c26c33b90508adf600b/element'
18:29:51.193 [AsyncHttpClient-1-5] DEBUG org.asynchttpclient.netty.handler.HttpHandler - 

Request DefaultHttpRequest(decodeResult: success, version: HTTP/1.1)
POST /session/539a26481eb18c26c33b90508adf600b/element HTTP/1.1
User-Agent: selenium/4.1.4 (java windows)
Content-Length: 68
Content-Type: application/json; charset=utf-8
host: localhost:57669
accept: */*

Response DefaultHttpResponse(decodeResult: success, version: HTTP/1.1)
HTTP/1.1 200 OK
Content-Type: application/json; charset=utf-8
cache-control: no-cache
content-length: 88

18:29:51.193 [AsyncHttpClient-1-5] DEBUG org.asynchttpclient.netty.channel.ChannelManager - Adding key: http://localhost:57669 for channel [id: 0xa8ce4202, L:/127.0.0.1:49814 - R:localhost/127.0.0.1:57669]
18:29:51.194 [Forwarding clickElement on session 539a26481eb18c26c33b90508adf600b to remote] DEBUG org.asynchttpclient.netty.request.NettyRequestSender - Using pooled Channel '[id: 0xa8ce4202, L:/127.0.0.1:49814 - R:localhost/127.0.0.1:57669]' for 'POST' to 'http://localhost:57669/session/539a26481eb18c26c33b90508adf600b/element/4d80524a-7ba1-475c-96bf-38a7569912c4/click'
18:29:51.194 [Forwarding clickElement on session 539a26481eb18c26c33b90508adf600b to remote] DEBUG org.asynchttpclient.netty.request.NettyRequestSender - Using open Channel [id: 0xa8ce4202, L:/127.0.0.1:49814 - R:localhost/127.0.0.1:57669] for POST '/session/539a26481eb18c26c33b90508adf600b/element/4d80524a-7ba1-475c-96bf-38a7569912c4/click'
18:29:51.260 [AsyncHttpClient-1-5] DEBUG org.asynchttpclient.netty.handler.HttpHandler - 

Request DefaultHttpRequest(decodeResult: success, version: HTTP/1.1)
POST /session/539a26481eb18c26c33b90508adf600b/element/4d80524a-7ba1-475c-96bf-38a7569912c4/click HTTP/1.1
User-Agent: selenium/4.1.4 (java windows)
Content-Length: 50
Content-Type: application/json; charset=utf-8
host: localhost:57669
accept: */*

Response DefaultHttpResponse(decodeResult: success, version: HTTP/1.1)
HTTP/1.1 200 OK
Content-Type: application/json; charset=utf-8
cache-control: no-cache
content-length: 14

18:29:51.260 [AsyncHttpClient-1-5] DEBUG org.asynchttpclient.netty.channel.ChannelManager - Adding key: http://localhost:57669 for channel [id: 0xa8ce4202, L:/127.0.0.1:49814 - R:localhost/127.0.0.1:57669]
18:29:51.265 [Forwarding screenshot on session 539a26481eb18c26c33b90508adf600b to remote] DEBUG org.asynchttpclient.netty.request.NettyRequestSender - Using pooled Channel '[id: 0xa8ce4202, L:/127.0.0.1:49814 - R:localhost/127.0.0.1:57669]' for 'GET' to 'http://localhost:57669/session/539a26481eb18c26c33b90508adf600b/screenshot'
18:29:51.265 [Forwarding screenshot on session 539a26481eb18c26c33b90508adf600b to remote] DEBUG org.asynchttpclient.netty.request.NettyRequestSender - Using open Channel [id: 0xa8ce4202, L:/127.0.0.1:49814 - R:localhost/127.0.0.1:57669] for GET '/session/539a26481eb18c26c33b90508adf600b/screenshot'
18:29:51.435 [AsyncHttpClient-1-1] DEBUG org.asynchttpclient.netty.channel.DefaultChannelPool - Entry count for : http://localhost:49815 : 1
18:29:51.698 [AsyncHttpClient-1-5] DEBUG org.asynchttpclient.netty.handler.HttpHandler - 

Request DefaultFullHttpRequest(decodeResult: success, version: HTTP/1.1, content: EmptyByteBufBE)
GET /session/539a26481eb18c26c33b90508adf600b/screenshot HTTP/1.1
User-Agent: selenium/4.1.4 (java windows)
Cache-Control: no-cache
Content-Type: application/json; charset=utf-8
host: localhost:57669
accept: */*

Response DefaultHttpResponse(decodeResult: success, version: HTTP/1.1)
HTTP/1.1 200 OK
Content-Type: application/json; charset=utf-8
cache-control: no-cache
content-length: 155580

18:29:51.699 [AsyncHttpClient-1-5] DEBUG org.asynchttpclient.netty.channel.ChannelManager - Adding key: http://localhost:57669 for channel [id: 0xa8ce4202, L:/127.0.0.1:49814 - R:localhost/127.0.0.1:57669]
18:29:51.713 [main] DEBUG net.serenitybdd.core.photography.Darkroom - Send negative for processing for target\site\serenity\efba83ffd7cec45dd47543d0edbce1c59792d3eba0c160334296744b243a87b5.png
18:29:51.713 [main] DEBUG net.thucydides.core.steps.StepInterceptor - STEP DONE: clickButtonSave
18:29:51.713 [Darkroom Processing Line] DEBUG net.serenitybdd.core.photography.DarkroomProcessingLine - Processing screenshot image in /var/screenshots/screenshot-1651642144119965669
18:29:51.713 [Darkroom Processing Line] DEBUG net.serenitybdd.core.photography.DarkroomProcessingLine - Saving screenshot to target\site\serenity\efba83ffd7cec45dd47543d0edbce1c59792d3eba0c160334296744b243a87b5.png
18:29:52.535 [AsyncHttpClient-1-1] DEBUG org.asynchttpclient.netty.channel.DefaultChannelPool - Entry count for : http://localhost:57669 : 1
18:29:52.535 [AsyncHttpClient-1-1] DEBUG org.asynchttpclient.netty.channel.DefaultChannelPool - Entry count for : http://localhost:49815 : 1
  &amp#27;[32mThen &amp#27;[0m&amp#27;[32mClick button simpan&amp#27;[0m                                                     &amp#27;[90m# starter.stepdefinitios.PatientDataSteps.clickButtonSimpan()&amp#27;[0m
18:29:52.733 [Forwarding screenshot on session 539a26481eb18c26c33b90508adf600b to remote] DEBUG org.asynchttpclient.netty.request.NettyRequestSender - Using pooled Channel '[id: 0xa8ce4202, L:/127.0.0.1:49814 - R:localhost/127.0.0.1:57669]' for 'GET' to 'http://localhost:57669/session/539a26481eb18c26c33b90508adf600b/screenshot'
18:29:52.733 [Forwarding screenshot on session 539a26481eb18c26c33b90508adf600b to remote] DEBUG org.asynchttpclient.netty.request.NettyRequestSender - Using open Channel [id: 0xa8ce4202, L:/127.0.0.1:49814 - R:localhost/127.0.0.1:57669] for GET '/session/539a26481eb18c26c33b90508adf600b/screenshot'
18:29:52.996 [AsyncHttpClient-1-5] DEBUG org.asynchttpclient.netty.handler.HttpHandler - 

Request DefaultFullHttpRequest(decodeResult: success, version: HTTP/1.1, content: EmptyByteBufBE)
GET /session/539a26481eb18c26c33b90508adf600b/screenshot HTTP/1.1
User-Agent: selenium/4.1.4 (java windows)
Cache-Control: no-cache
Content-Type: application/json; charset=utf-8
host: localhost:57669
accept: */*

Response DefaultHttpResponse(decodeResult: success, version: HTTP/1.1)
HTTP/1.1 200 OK
Content-Type: application/json; charset=utf-8
cache-control: no-cache
content-length: 272884

18:29:52.996 [AsyncHttpClient-1-5] DEBUG org.asynchttpclient.netty.channel.ChannelManager - Adding key: http://localhost:57669 for channel [id: 0xa8ce4202, L:/127.0.0.1:49814 - R:localhost/127.0.0.1:57669]
18:29:52.997 [main] DEBUG net.serenitybdd.core.photography.Darkroom - Send negative for processing for target\site\serenity\9843c34b8a08d194934364077ab9e2154444d3194845c780f6452b33889d6e5a.png
18:29:52.997 [Darkroom Processing Line] DEBUG net.serenitybdd.core.photography.DarkroomProcessingLine - Processing screenshot image in /var/screenshots/screenshot-18161532735321007557
18:29:53.009 [Darkroom Processing Line] DEBUG net.serenitybdd.core.photography.DarkroomProcessingLine - Saving screenshot to target\site\serenity\9843c34b8a08d194934364077ab9e2154444d3194845c780f6452b33889d6e5a.png
18:29:53.637 [AsyncHttpClient-1-1] DEBUG org.asynchttpclient.netty.channel.DefaultChannelPool - Entry count for : http://localhost:57669 : 1
18:29:53.637 [AsyncHttpClient-1-1] DEBUG org.asynchttpclient.netty.channel.DefaultChannelPool - Entry count for : http://localhost:49815 : 1
18:29:54.037 [Forwarding screenshot on session 539a26481eb18c26c33b90508adf600b to remote] DEBUG org.asynchttpclient.netty.request.NettyRequestSender - Using pooled Channel '[id: 0xa8ce4202, L:/127.0.0.1:49814 - R:localhost/127.0.0.1:57669]' for 'GET' to 'http://localhost:57669/session/539a26481eb18c26c33b90508adf600b/screenshot'
18:29:54.037 [Forwarding screenshot on session 539a26481eb18c26c33b90508adf600b to remote] DEBUG org.asynchttpclient.netty.request.NettyRequestSender - Using open Channel [id: 0xa8ce4202, L:/127.0.0.1:49814 - R:localhost/127.0.0.1:57669] for GET '/session/539a26481eb18c26c33b90508adf600b/screenshot'
18:29:54.265 [AsyncHttpClient-1-5] DEBUG org.asynchttpclient.netty.handler.HttpHandler - 

Request DefaultFullHttpRequest(decodeResult: success, version: HTTP/1.1, content: EmptyByteBufBE)
GET /session/539a26481eb18c26c33b90508adf600b/screenshot HTTP/1.1
User-Agent: selenium/4.1.4 (java windows)
Cache-Control: no-cache
Content-Type: application/json; charset=utf-8
host: localhost:57669
accept: */*

Response DefaultHttpResponse(decodeResult: success, version: HTTP/1.1)
HTTP/1.1 200 OK
Content-Type: application/json; charset=utf-8
cache-control: no-cache
content-length: 334240

18:29:54.266 [AsyncHttpClient-1-5] DEBUG org.asynchttpclient.netty.channel.ChannelManager - Adding key: http://localhost:57669 for channel [id: 0xa8ce4202, L:/127.0.0.1:49814 - R:localhost/127.0.0.1:57669]
18:29:54.267 [main] DEBUG net.serenitybdd.core.photography.Darkroom - Send negative for processing for target\site\serenity\c7c4e240bba52f7c75a7f89bc8810174047d59d1feff0b71ac9b38472e6bbd53.png
18:29:54.267 [main] DEBUG net.thucydides.core.steps.StepInterceptor - STARTING STEP: PatientDataSteps.validateAddErrorMessengerPasien - validateTextMessegerDokter
18:29:54.267 [Darkroom Processing Line] DEBUG net.serenitybdd.core.photography.DarkroomProcessingLine - Processing screenshot image in /var/screenshots/screenshot-8415974867407685414
18:29:54.267 [Darkroom Processing Line] DEBUG net.serenitybdd.core.photography.DarkroomProcessingLine - Saving screenshot to target\site\serenity\c7c4e240bba52f7c75a7f89bc8810174047d59d1feff0b71ac9b38472e6bbd53.png
18:29:54.276 [Forwarding findElement on session 539a26481eb18c26c33b90508adf600b to remote] DEBUG org.asynchttpclient.netty.request.NettyRequestSender - Using pooled Channel '[id: 0xa8ce4202, L:/127.0.0.1:49814 - R:localhost/127.0.0.1:57669]' for 'POST' to 'http://localhost:57669/session/539a26481eb18c26c33b90508adf600b/element'
18:29:54.276 [Forwarding findElement on session 539a26481eb18c26c33b90508adf600b to remote] DEBUG org.asynchttpclient.netty.request.NettyRequestSender - Using open Channel [id: 0xa8ce4202, L:/127.0.0.1:49814 - R:localhost/127.0.0.1:57669] for POST '/session/539a26481eb18c26c33b90508adf600b/element'
18:29:54.286 [AsyncHttpClient-1-5] DEBUG org.asynchttpclient.netty.handler.HttpHandler - 

Request DefaultHttpRequest(decodeResult: success, version: HTTP/1.1)
POST /session/539a26481eb18c26c33b90508adf600b/element HTTP/1.1
User-Agent: selenium/4.1.4 (java windows)
Content-Length: 143
Content-Type: application/json; charset=utf-8
host: localhost:57669
accept: */*

Response DefaultHttpResponse(decodeResult: success, version: HTTP/1.1)
HTTP/1.1 200 OK
Content-Type: application/json; charset=utf-8
cache-control: no-cache
content-length: 88

18:29:54.286 [AsyncHttpClient-1-5] DEBUG org.asynchttpclient.netty.channel.ChannelManager - Adding key: http://localhost:57669 for channel [id: 0xa8ce4202, L:/127.0.0.1:49814 - R:localhost/127.0.0.1:57669]
18:29:54.286 [Forwarding getElementText on session 539a26481eb18c26c33b90508adf600b to remote] DEBUG org.asynchttpclient.netty.request.NettyRequestSender - Using pooled Channel '[id: 0xa8ce4202, L:/127.0.0.1:49814 - R:localhost/127.0.0.1:57669]' for 'GET' to 'http://localhost:57669/session/539a26481eb18c26c33b90508adf600b/element/f9d1935d-bf3c-49e3-a722-25921b5b86d5/text'
18:29:54.286 [Forwarding getElementText on session 539a26481eb18c26c33b90508adf600b to remote] DEBUG org.asynchttpclient.netty.request.NettyRequestSender - Using open Channel [id: 0xa8ce4202, L:/127.0.0.1:49814 - R:localhost/127.0.0.1:57669] for GET '/session/539a26481eb18c26c33b90508adf600b/element/f9d1935d-bf3c-49e3-a722-25921b5b86d5/text'
18:29:54.320 [AsyncHttpClient-1-5] DEBUG org.asynchttpclient.netty.handler.HttpHandler - 

Request DefaultFullHttpRequest(decodeResult: success, version: HTTP/1.1, content: EmptyByteBufBE)
GET /session/539a26481eb18c26c33b90508adf600b/element/f9d1935d-bf3c-49e3-a722-25921b5b86d5/text HTTP/1.1
User-Agent: selenium/4.1.4 (java windows)
Cache-Control: no-cache
Content-Type: application/json; charset=utf-8
host: localhost:57669
accept: */*

Response DefaultHttpResponse(decodeResult: success, version: HTTP/1.1)
HTTP/1.1 200 OK
Content-Type: application/json; charset=utf-8
cache-control: no-cache
content-length: 149

18:29:54.320 [AsyncHttpClient-1-5] DEBUG org.asynchttpclient.netty.channel.ChannelManager - Adding key: http://localhost:57669 for channel [id: 0xa8ce4202, L:/127.0.0.1:49814 - R:localhost/127.0.0.1:57669]
18:29:54.321 [Forwarding screenshot on session 539a26481eb18c26c33b90508adf600b to remote] DEBUG org.asynchttpclient.netty.request.NettyRequestSender - Using pooled Channel '[id: 0xa8ce4202, L:/127.0.0.1:49814 - R:localhost/127.0.0.1:57669]' for 'GET' to 'http://localhost:57669/session/539a26481eb18c26c33b90508adf600b/screenshot'
18:29:54.321 [Forwarding screenshot on session 539a26481eb18c26c33b90508adf600b to remote] DEBUG org.asynchttpclient.netty.request.NettyRequestSender - Using open Channel [id: 0xa8ce4202, L:/127.0.0.1:49814 - R:localhost/127.0.0.1:57669] for GET '/session/539a26481eb18c26c33b90508adf600b/screenshot'
18:29:54.542 [AsyncHttpClient-1-5] DEBUG org.asynchttpclient.netty.handler.HttpHandler - 

Request DefaultFullHttpRequest(decodeResult: success, version: HTTP/1.1, content: EmptyByteBufBE)
GET /session/539a26481eb18c26c33b90508adf600b/screenshot HTTP/1.1
User-Agent: selenium/4.1.4 (java windows)
Cache-Control: no-cache
Content-Type: application/json; charset=utf-8
host: localhost:57669
accept: */*

Response DefaultHttpResponse(decodeResult: success, version: HTTP/1.1)
HTTP/1.1 200 OK
Content-Type: application/json; charset=utf-8
cache-control: no-cache
content-length: 334240

18:29:54.542 [AsyncHttpClient-1-5] DEBUG org.asynchttpclient.netty.channel.ChannelManager - Adding key: http://localhost:57669 for channel [id: 0xa8ce4202, L:/127.0.0.1:49814 - R:localhost/127.0.0.1:57669]
18:29:54.543 [main] DEBUG net.serenitybdd.core.photography.Darkroom - Send negative for processing for target\site\serenity\c7c4e240bba52f7c75a7f89bc8810174047d59d1feff0b71ac9b38472e6bbd53.png
18:29:54.543 [main] DEBUG net.thucydides.core.steps.StepInterceptor - STEP DONE: validateTextMessegerDokter
  &amp#27;[32mAnd &amp#27;[0m&amp#27;[32mValidate add error messenger &amp#27;[0m&amp#27;[32m&amp#27;[1m"nomor telpon perlu dibutuhkan"&amp#27;[0m&amp#27;[32m Pasien&amp#27;[0m      &amp#27;[90m# starter.stepdefinitios.PatientDataSteps.validateAddErrorMessengerPasien(java.lang.String)&amp#27;[0m
18:29:54.551 [AsyncHttpClient-1-7] DEBUG org.asynchttpclient.netty.handler.WebSocketHandler - Channel Closed: [id: 0x0dafe6a8, L:/127.0.0.1:49822 ! R:localhost/127.0.0.1:49815] with attribute NettyResponseFuture{currentRetry=5,
	isDone=1,
	isCancelled=0,
	asyncHandler=org.asynchttpclient.ws.WebSocketUpgradeHandler@7ab0a6e8,
	nettyRequest=org.asynchttpclient.netty.request.NettyRequest@1903d197,
	future=java.util.concurrent.CompletableFuture@6d479f23[Completed normally],
	uri=ws://localhost:49815/devtools/browser/c1260727-6bba-4762-9cf1-817c4758d6a0,
	keepAlive=true,
	redirectCount=0,
	timeoutsHolder=null,
	inAuth=0,
	touch=1658057365150}
18:29:54.551 [AsyncHttpClient-1-7] DEBUG org.asynchttpclient.netty.channel.ChannelManager - Closing Channel [id: 0x0dafe6a8, L:/127.0.0.1:49822 ! R:localhost/127.0.0.1:49815] 
18:29:54.555 [Driver Command Executor] DEBUG org.asynchttpclient.netty.request.NettyRequestSender - Using pooled Channel '[id: 0xa8ce4202, L:/127.0.0.1:49814 - R:localhost/127.0.0.1:57669]' for 'DELETE' to 'http://localhost:57669/session/539a26481eb18c26c33b90508adf600b'
18:29:54.555 [Driver Command Executor] DEBUG org.asynchttpclient.netty.request.NettyRequestSender - Using open Channel [id: 0xa8ce4202, L:/127.0.0.1:49814 - R:localhost/127.0.0.1:57669] for DELETE '/session/539a26481eb18c26c33b90508adf600b'
18:29:54.614 [AsyncHttpClient-1-6] DEBUG org.asynchttpclient.netty.handler.HttpHandler - Unexpected I/O exception on channel [id: 0x32e1d63f, L:/127.0.0.1:49821 - R:localhost/127.0.0.1:49815]
java.io.IOException: An existing connection was forcibly closed by the remote host
	at java.base/sun.nio.ch.SocketDispatcher.read0(Native Method)
	at java.base/sun.nio.ch.SocketDispatcher.read(SocketDispatcher.java:43)
	at java.base/sun.nio.ch.IOUtil.readIntoNativeBuffer(IOUtil.java:276)
	at java.base/sun.nio.ch.IOUtil.read(IOUtil.java:233)
	at java.base/sun.nio.ch.IOUtil.read(IOUtil.java:223)
	at java.base/sun.nio.ch.SocketChannelImpl.read(SocketChannelImpl.java:356)
	at io.netty.buffer.PooledByteBuf.setBytes(PooledByteBuf.java:258)
	at io.netty.buffer.AbstractByteBuf.writeBytes(AbstractByteBuf.java:1132)
	at io.netty.channel.socket.nio.NioSocketChannel.doReadBytes(NioSocketChannel.java:357)
	at io.netty.channel.nio.AbstractNioByteChannel$NioByteUnsafe.read(AbstractNioByteChannel.java:151)
	at io.netty.channel.nio.NioEventLoop.processSelectedKey(NioEventLoop.java:722)
	at io.netty.channel.nio.NioEventLoop.processSelectedKeysOptimized(NioEventLoop.java:658)
	at io.netty.channel.nio.NioEventLoop.processSelectedKeys(NioEventLoop.java:584)
	at io.netty.channel.nio.NioEventLoop.run(NioEventLoop.java:496)
	at io.netty.util.concurrent.SingleThreadEventExecutor$4.run(SingleThreadEventExecutor.java:986)
	at io.netty.util.internal.ThreadExecutorMap$2.run(ThreadExecutorMap.java:74)
	at io.netty.util.concurrent.FastThreadLocalRunnable.run(FastThreadLocalRunnable.java:30)
	at java.base/java.lang.Thread.run(Thread.java:829)
18:29:54.615 [AsyncHttpClient-1-6] DEBUG org.asynchttpclient.netty.channel.ChannelManager - Closing Channel [id: 0x32e1d63f, L:/127.0.0.1:49821 - R:localhost/127.0.0.1:49815] 
18:29:54.615 [AsyncHttpClient-1-6] DEBUG org.asynchttpclient.netty.handler.HttpHandler - Channel Closed: [id: 0x32e1d63f, L:/127.0.0.1:49821 ! R:localhost/127.0.0.1:49815] with attribute DISCARD
18:29:54.648 [AsyncHttpClient-1-5] DEBUG org.asynchttpclient.netty.handler.HttpHandler - 

Request DefaultFullHttpRequest(decodeResult: success, version: HTTP/1.1, content: EmptyByteBufBE)
DELETE /session/539a26481eb18c26c33b90508adf600b HTTP/1.1
User-Agent: selenium/4.1.4 (java windows)
Content-Type: application/json; charset=utf-8
host: localhost:57669
accept: */*

Response DefaultHttpResponse(decodeResult: success, version: HTTP/1.1)
HTTP/1.1 200 OK
Content-Type: application/json; charset=utf-8
cache-control: no-cache
content-length: 14

18:29:54.648 [AsyncHttpClient-1-5] DEBUG org.asynchttpclient.netty.channel.ChannelManager - Adding key: http://localhost:57669 for channel [id: 0xa8ce4202, L:/127.0.0.1:49814 - R:localhost/127.0.0.1:57669]
18:29:54.730 [AsyncHttpClient-1-5] DEBUG org.asynchttpclient.netty.handler.HttpHandler - Channel Closed: [id: 0xa8ce4202, L:/127.0.0.1:49814 ! R:localhost/127.0.0.1:57669] with attribute DISCARD
18:29:54.741 [AsyncHttpClient-1-1] DEBUG org.asynchttpclient.netty.channel.DefaultChannelPool - Entry count for : http://localhost:57669 : 1
18:29:54.741 [AsyncHttpClient-1-1] DEBUG org.asynchttpclient.netty.channel.DefaultChannelPool - Entry count for : http://localhost:49815 : 1
18:29:54.741 [AsyncHttpClient-1-1] DEBUG org.asynchttpclient.netty.channel.DefaultChannelPool - Adding Candidate expired Channel [id: 0xa8ce4202, L:/127.0.0.1:49814 ! R:localhost/127.0.0.1:57669] isIdleTimeoutExpired=false isRemotelyClosed=true isTtlExpired=false
18:29:54.741 [AsyncHttpClient-1-1] DEBUG org.asynchttpclient.netty.channel.DefaultChannelPool - Closing Idle Channel [id: 0xa8ce4202, L:/127.0.0.1:49814 ! R:localhost/127.0.0.1:57669]
18:29:54.741 [AsyncHttpClient-1-1] DEBUG org.asynchttpclient.netty.channel.DefaultChannelPool - Adding Candidate expired Channel [id: 0x32e1d63f, L:/127.0.0.1:49821 ! R:localhost/127.0.0.1:49815] isIdleTimeoutExpired=false isRemotelyClosed=true isTtlExpired=false
18:29:54.741 [AsyncHttpClient-1-1] DEBUG org.asynchttpclient.netty.channel.DefaultChannelPool - Closing Idle Channel [id: 0x32e1d63f, L:/127.0.0.1:49821 ! R:localhost/127.0.0.1:49815]
18:29:54.741 [AsyncHttpClient-1-1] DEBUG org.asynchttpclient.netty.channel.DefaultChannelPool - Closed 2 connections out of 2 in 0 ms
]]></system-out>
    <system-err><![CDATA[Starting ChromeDriver 103.0.5060.53 (a1711811edd74ff1cf2150f36ffa3b0dae40b17f-refs/branch-heads/5060@{#853}) on port 57669
Only local connections are allowed.
Please see https://chromedriver.chromium.org/security-considerations for suggestions on keeping ChromeDriver safe.
ChromeDriver was started successfully.
Jul 17, 2022 6:29:25 PM org.openqa.selenium.remote.ProtocolHandshake createSession
INFO: Detected dialect: W3C
Jul 17, 2022 6:29:25 PM org.openqa.selenium.devtools.CdpVersionFinder findNearestMatch
WARNING: Unable to find an exact match for CDP version 103, so returning the closest version found: 101
Jul 17, 2022 6:29:25 PM org.openqa.selenium.devtools.CdpVersionFinder findNearestMatch
INFO: Found CDP implementation for version 103 of 101
]]></system-err>
  </testcase>
  <testcase name="As a admin i want to add data pasien (JK Laki-Laki) - Kosong #6" classname="Data Pasien - Admin" time="33.105">
    <system-out><![CDATA[
@DataPasien111 @AddPatientDataKosong
Scenario Outline: As a admin i want to add data pasien (JK Laki-Laki) - Kosong &amp#27;[90m# src/test/resources/features/4DataPasien.feature:103&amp#27;[0m
18:29:54.784 [main] INFO io.cucumber.core.plugin.SerenityReporter - Running feature from file:///C:/Alterra/CapstoneBaru/QE/TestingWebUpdate/src/test/resources/features/4DataPasien.feature
18:29:54.831 [main] DEBUG net.thucydides.core.steps.StepInterceptor - STARTING STEP: LoginSteps.openLoginPage - openLogin
18:29:54.833 [main] INFO net.serenitybdd.core.webdriver.driverproviders.ChromeDriverProvider - Using automatically driver download
18:29:55.092 [main] DEBUG io.github.bonigarcia.wdm.cache.ResolutionCache - Resolution chrome=103 in cache (valid until 18:54:33 17/07/2022 ICT)
18:29:55.098 [main] DEBUG io.github.bonigarcia.wdm.cache.ResolutionCache - Resolution chrome103=103.0.5060.53 in cache (valid until 17:54:33 18/07/2022 ICT)
18:29:55.102 [main] INFO io.github.bonigarcia.wdm.WebDriverManager - Using chromedriver 103.0.5060.53 (resolved driver for Chrome 103)
18:29:55.110 [main] DEBUG io.github.bonigarcia.wdm.WebDriverManager - Driver chromedriver 103.0.5060.53 found in cache
18:29:55.110 [main] INFO io.github.bonigarcia.wdm.WebDriverManager - Exporting webdriver.chrome.driver as C:\Users\Bagas Dwi Saputra\.cache\selenium\chromedriver\win32\103.0.5060.53\chromedriver.exe
18:29:55.222 [main] DEBUG net.serenitybdd.core.webdriver.driverproviders.ProvideNewDriver - Instantiating driver
18:29:55.222 [main] DEBUG net.serenitybdd.core.webdriver.driverproviders.ProvideNewDriver - Driver capabilities: Capabilities {acceptInsecureCerts: false, base.url: https://fanciful-trifle-360..., browserName: chrome, chorme.driver: src/test/resources/webdrive..., driver: chrome, goog:chromeOptions: {args: [], extensions: []}}
18:29:55.482 [AsyncHttpClient-1-8] DEBUG org.asynchttpclient.netty.channel.NettyConnectListener - Using new Channel '[id: 0xf40c10fe, L:/127.0.0.1:49840 - R:localhost/127.0.0.1:61395]' for 'POST' to '/session'
18:29:57.428 [AsyncHttpClient-1-8] DEBUG org.asynchttpclient.netty.handler.HttpHandler - 

Request DefaultHttpRequest(decodeResult: success, version: HTTP/1.1)
POST /session HTTP/1.1
User-Agent: selenium/4.1.4 (java windows)
Content-Length: 629
Content-Type: application/json; charset=utf-8
host: localhost:61395
accept: */*

Response DefaultHttpResponse(decodeResult: success, version: HTTP/1.1)
HTTP/1.1 200 OK
Content-Type: application/json; charset=utf-8
cache-control: no-cache
content-length: 793

18:29:57.428 [AsyncHttpClient-1-8] DEBUG org.asynchttpclient.netty.channel.ChannelManager - Adding key: http://localhost:61395 for channel [id: 0xf40c10fe, L:/127.0.0.1:49840 - R:localhost/127.0.0.1:61395]
18:29:57.436 [AsyncHttpClient-1-9] DEBUG org.asynchttpclient.netty.channel.NettyConnectListener - Using new Channel '[id: 0x61889aab, L:/127.0.0.1:49847 - R:localhost/127.0.0.1:49841]' for 'GET' to '/json/version'
18:29:57.436 [AsyncHttpClient-1-9] DEBUG org.asynchttpclient.netty.handler.HttpHandler - 

Request DefaultFullHttpRequest(decodeResult: success, version: HTTP/1.1, content: EmptyByteBufBE)
GET /json/version HTTP/1.1
User-Agent: selenium/4.1.4 (java windows)
host: localhost:49841
accept: */*

Response DefaultHttpResponse(decodeResult: success, version: HTTP/1.1)
HTTP/1.1 200 OK
Content-Type: application/json; charset=UTF-8
content-length: 429

18:29:57.436 [AsyncHttpClient-1-9] DEBUG org.asynchttpclient.netty.channel.ChannelManager - Adding key: http://localhost:49841 for channel [id: 0x61889aab, L:/127.0.0.1:49847 - R:localhost/127.0.0.1:49841]
18:29:57.440 [AsyncHttpClient-1-2] DEBUG org.asynchttpclient.netty.channel.NettyConnectListener - Using new Channel '[id: 0xb4143697, L:/127.0.0.1:49848 - R:localhost/127.0.0.1:49841]' for 'GET' to '/devtools/browser/21277c80-5b62-41c9-b570-d43accb1df5c'
18:29:57.441 [AsyncHttpClient-1-2] DEBUG org.asynchttpclient.netty.handler.WebSocketHandler - 

Request DefaultFullHttpRequest(decodeResult: success, version: HTTP/1.1, content: EmptyByteBufBE)
GET /devtools/browser/21277c80-5b62-41c9-b570-d43accb1df5c HTTP/1.1
upgrade: websocket
connection: upgrade
sec-websocket-key: ZZRtCUNlHCMz+vlflDdLSg==
sec-websocket-version: 13
origin: http://localhost:49841
host: localhost:49841
accept: */*
user-agent: AHC/2.1

Response DefaultHttpResponse(decodeResult: success, version: HTTP/1.1)
HTTP/1.1 101 WebSocket Protocol Handshake
Upgrade: WebSocket
Connection: Upgrade
Sec-WebSocket-Accept: ZP5w3V1XQ277M/ZGZ06pm1K/61g=

18:29:57.446 [Forwarding get on session c20c61c1feb969a3246fa3cf31132b18 to remote] DEBUG org.asynchttpclient.netty.request.NettyRequestSender - Using pooled Channel '[id: 0xf40c10fe, L:/127.0.0.1:49840 - R:localhost/127.0.0.1:61395]' for 'POST' to 'http://localhost:61395/session/c20c61c1feb969a3246fa3cf31132b18/url'
18:29:57.446 [Forwarding get on session c20c61c1feb969a3246fa3cf31132b18 to remote] DEBUG org.asynchttpclient.netty.request.NettyRequestSender - Using open Channel [id: 0xf40c10fe, L:/127.0.0.1:49840 - R:localhost/127.0.0.1:61395] for POST '/session/c20c61c1feb969a3246fa3cf31132b18/url'
18:29:58.035 [AsyncHttpClient-1-1] DEBUG org.asynchttpclient.netty.channel.DefaultChannelPool - Entry count for : http://localhost:49841 : 1
18:29:59.140 [AsyncHttpClient-1-1] DEBUG org.asynchttpclient.netty.channel.DefaultChannelPool - Entry count for : http://localhost:49841 : 1
18:29:59.197 [AsyncHttpClient-1-8] DEBUG org.asynchttpclient.netty.handler.HttpHandler - 

Request DefaultHttpRequest(decodeResult: success, version: HTTP/1.1)
POST /session/c20c61c1feb969a3246fa3cf31132b18/url HTTP/1.1
User-Agent: selenium/4.1.4 (java windows)
Content-Length: 78
Content-Type: application/json; charset=utf-8
host: localhost:61395
accept: */*

Response DefaultHttpResponse(decodeResult: success, version: HTTP/1.1)
HTTP/1.1 200 OK
Content-Type: application/json; charset=utf-8
cache-control: no-cache
content-length: 14

18:29:59.197 [AsyncHttpClient-1-8] DEBUG org.asynchttpclient.netty.channel.ChannelManager - Adding key: http://localhost:61395 for channel [id: 0xf40c10fe, L:/127.0.0.1:49840 - R:localhost/127.0.0.1:61395]
18:29:59.198 [Forwarding setTimeout on session c20c61c1feb969a3246fa3cf31132b18 to remote] DEBUG org.asynchttpclient.netty.request.NettyRequestSender - Using pooled Channel '[id: 0xf40c10fe, L:/127.0.0.1:49840 - R:localhost/127.0.0.1:61395]' for 'POST' to 'http://localhost:61395/session/c20c61c1feb969a3246fa3cf31132b18/timeouts'
18:29:59.198 [Forwarding setTimeout on session c20c61c1feb969a3246fa3cf31132b18 to remote] DEBUG org.asynchttpclient.netty.request.NettyRequestSender - Using open Channel [id: 0xf40c10fe, L:/127.0.0.1:49840 - R:localhost/127.0.0.1:61395] for POST '/session/c20c61c1feb969a3246fa3cf31132b18/timeouts'
18:29:59.199 [AsyncHttpClient-1-8] DEBUG org.asynchttpclient.netty.handler.HttpHandler - 

Request DefaultHttpRequest(decodeResult: success, version: HTTP/1.1)
POST /session/c20c61c1feb969a3246fa3cf31132b18/timeouts HTTP/1.1
User-Agent: selenium/4.1.4 (java windows)
Content-Length: 22
Content-Type: application/json; charset=utf-8
host: localhost:61395
accept: */*

Response DefaultHttpResponse(decodeResult: success, version: HTTP/1.1)
HTTP/1.1 200 OK
Content-Type: application/json; charset=utf-8
cache-control: no-cache
content-length: 14

18:29:59.199 [AsyncHttpClient-1-8] DEBUG org.asynchttpclient.netty.channel.ChannelManager - Adding key: http://localhost:61395 for channel [id: 0xf40c10fe, L:/127.0.0.1:49840 - R:localhost/127.0.0.1:61395]
18:29:59.200 [Forwarding getCurrentUrl on session c20c61c1feb969a3246fa3cf31132b18 to remote] DEBUG org.asynchttpclient.netty.request.NettyRequestSender - Using pooled Channel '[id: 0xf40c10fe, L:/127.0.0.1:49840 - R:localhost/127.0.0.1:61395]' for 'GET' to 'http://localhost:61395/session/c20c61c1feb969a3246fa3cf31132b18/url'
18:29:59.200 [Forwarding getCurrentUrl on session c20c61c1feb969a3246fa3cf31132b18 to remote] DEBUG org.asynchttpclient.netty.request.NettyRequestSender - Using open Channel [id: 0xf40c10fe, L:/127.0.0.1:49840 - R:localhost/127.0.0.1:61395] for GET '/session/c20c61c1feb969a3246fa3cf31132b18/url'
18:29:59.203 [AsyncHttpClient-1-8] DEBUG org.asynchttpclient.netty.handler.HttpHandler - 

Request DefaultFullHttpRequest(decodeResult: success, version: HTTP/1.1, content: EmptyByteBufBE)
GET /session/c20c61c1feb969a3246fa3cf31132b18/url HTTP/1.1
User-Agent: selenium/4.1.4 (java windows)
Cache-Control: no-cache
Content-Type: application/json; charset=utf-8
host: localhost:61395
accept: */*

Response DefaultHttpResponse(decodeResult: success, version: HTTP/1.1)
HTTP/1.1 200 OK
Content-Type: application/json; charset=utf-8
cache-control: no-cache
content-length: 60

18:29:59.203 [AsyncHttpClient-1-8] DEBUG org.asynchttpclient.netty.channel.ChannelManager - Adding key: http://localhost:61395 for channel [id: 0xf40c10fe, L:/127.0.0.1:49840 - R:localhost/127.0.0.1:61395]
18:29:59.209 [Forwarding screenshot on session c20c61c1feb969a3246fa3cf31132b18 to remote] DEBUG org.asynchttpclient.netty.request.NettyRequestSender - Using pooled Channel '[id: 0xf40c10fe, L:/127.0.0.1:49840 - R:localhost/127.0.0.1:61395]' for 'GET' to 'http://localhost:61395/session/c20c61c1feb969a3246fa3cf31132b18/screenshot'
18:29:59.209 [Forwarding screenshot on session c20c61c1feb969a3246fa3cf31132b18 to remote] DEBUG org.asynchttpclient.netty.request.NettyRequestSender - Using open Channel [id: 0xf40c10fe, L:/127.0.0.1:49840 - R:localhost/127.0.0.1:61395] for GET '/session/c20c61c1feb969a3246fa3cf31132b18/screenshot'
18:29:59.466 [AsyncHttpClient-1-8] DEBUG org.asynchttpclient.netty.handler.HttpHandler - 

Request DefaultFullHttpRequest(decodeResult: success, version: HTTP/1.1, content: EmptyByteBufBE)
GET /session/c20c61c1feb969a3246fa3cf31132b18/screenshot HTTP/1.1
User-Agent: selenium/4.1.4 (java windows)
Cache-Control: no-cache
Content-Type: application/json; charset=utf-8
host: localhost:61395
accept: */*

Response DefaultHttpResponse(decodeResult: success, version: HTTP/1.1)
HTTP/1.1 200 OK
Content-Type: application/json; charset=utf-8
cache-control: no-cache
content-length: 380436

18:29:59.466 [AsyncHttpClient-1-8] DEBUG org.asynchttpclient.netty.channel.ChannelManager - Adding key: http://localhost:61395 for channel [id: 0xf40c10fe, L:/127.0.0.1:49840 - R:localhost/127.0.0.1:61395]
18:29:59.469 [main] DEBUG net.serenitybdd.core.photography.Darkroom - Send negative for processing for target\site\serenity\d122c364c40ece9db0ad32cd97c3fcf63e95ba606118dda8d3e5a1d2b8235ce2.png
18:29:59.469 [main] DEBUG net.thucydides.core.steps.StepInterceptor - STEP DONE: openLogin
  &amp#27;[32mGiven &amp#27;[0m&amp#27;[32mOpen login page&amp#27;[0m                                                        &amp#27;[90m# starter.stepdefinitios.LoginSteps.openLoginPage()&amp#27;[0m
18:29:59.990 [Forwarding findElement on session c20c61c1feb969a3246fa3cf31132b18 to remote] DEBUG org.asynchttpclient.netty.request.NettyRequestSender - Using pooled Channel '[id: 0xf40c10fe, L:/127.0.0.1:49840 - R:localhost/127.0.0.1:61395]' for 'POST' to 'http://localhost:61395/session/c20c61c1feb969a3246fa3cf31132b18/element'
18:29:59.990 [Forwarding findElement on session c20c61c1feb969a3246fa3cf31132b18 to remote] DEBUG org.asynchttpclient.netty.request.NettyRequestSender - Using open Channel [id: 0xf40c10fe, L:/127.0.0.1:49840 - R:localhost/127.0.0.1:61395] for POST '/session/c20c61c1feb969a3246fa3cf31132b18/element'
18:30:00.013 [AsyncHttpClient-1-8] DEBUG org.asynchttpclient.netty.handler.HttpHandler - 

Request DefaultHttpRequest(decodeResult: success, version: HTTP/1.1)
POST /session/c20c61c1feb969a3246fa3cf31132b18/element HTTP/1.1
User-Agent: selenium/4.1.4 (java windows)
Content-Length: 70
Content-Type: application/json; charset=utf-8
host: localhost:61395
accept: */*

Response DefaultHttpResponse(decodeResult: success, version: HTTP/1.1)
HTTP/1.1 200 OK
Content-Type: application/json; charset=utf-8
cache-control: no-cache
content-length: 88

18:30:00.014 [AsyncHttpClient-1-8] DEBUG org.asynchttpclient.netty.channel.ChannelManager - Adding key: http://localhost:61395 for channel [id: 0xf40c10fe, L:/127.0.0.1:49840 - R:localhost/127.0.0.1:61395]
18:30:00.015 [Forwarding sendKeysToElement on session c20c61c1feb969a3246fa3cf31132b18 to remote] DEBUG org.asynchttpclient.netty.request.NettyRequestSender - Using pooled Channel '[id: 0xf40c10fe, L:/127.0.0.1:49840 - R:localhost/127.0.0.1:61395]' for 'POST' to 'http://localhost:61395/session/c20c61c1feb969a3246fa3cf31132b18/element/88064806-dd8e-45de-a9c0-d2e48e7bb892/value'
18:30:00.015 [Forwarding sendKeysToElement on session c20c61c1feb969a3246fa3cf31132b18 to remote] DEBUG org.asynchttpclient.netty.request.NettyRequestSender - Using open Channel [id: 0xf40c10fe, L:/127.0.0.1:49840 - R:localhost/127.0.0.1:61395] for POST '/session/c20c61c1feb969a3246fa3cf31132b18/element/88064806-dd8e-45de-a9c0-d2e48e7bb892/value'
18:30:00.090 [AsyncHttpClient-1-8] DEBUG org.asynchttpclient.netty.handler.HttpHandler - 

Request DefaultHttpRequest(decodeResult: success, version: HTTP/1.1)
POST /session/c20c61c1feb969a3246fa3cf31132b18/element/88064806-dd8e-45de-a9c0-d2e48e7bb892/value HTTP/1.1
User-Agent: selenium/4.1.4 (java windows)
Content-Length: 131
Content-Type: application/json; charset=utf-8
host: localhost:61395
accept: */*

Response DefaultHttpResponse(decodeResult: success, version: HTTP/1.1)
HTTP/1.1 200 OK
Content-Type: application/json; charset=utf-8
cache-control: no-cache
content-length: 14

18:30:00.090 [AsyncHttpClient-1-8] DEBUG org.asynchttpclient.netty.channel.ChannelManager - Adding key: http://localhost:61395 for channel [id: 0xf40c10fe, L:/127.0.0.1:49840 - R:localhost/127.0.0.1:61395]
  &amp#27;[32mAnd &amp#27;[0m&amp#27;[32mI input &amp#27;[0m&amp#27;[32m&amp#27;[1m"admin"&amp#27;[0m&amp#27;[32m login email valid&amp#27;[0m                                        &amp#27;[90m# starter.stepdefinitios.LoginSteps.iInputLoginEmailValid(java.lang.String)&amp#27;[0m
18:30:00.093 [Forwarding screenshot on session c20c61c1feb969a3246fa3cf31132b18 to remote] DEBUG org.asynchttpclient.netty.request.NettyRequestSender - Using pooled Channel '[id: 0xf40c10fe, L:/127.0.0.1:49840 - R:localhost/127.0.0.1:61395]' for 'GET' to 'http://localhost:61395/session/c20c61c1feb969a3246fa3cf31132b18/screenshot'
18:30:00.093 [Forwarding screenshot on session c20c61c1feb969a3246fa3cf31132b18 to remote] DEBUG org.asynchttpclient.netty.request.NettyRequestSender - Using open Channel [id: 0xf40c10fe, L:/127.0.0.1:49840 - R:localhost/127.0.0.1:61395] for GET '/session/c20c61c1feb969a3246fa3cf31132b18/screenshot'
18:30:00.238 [AsyncHttpClient-1-1] DEBUG org.asynchttpclient.netty.channel.DefaultChannelPool - Entry count for : http://localhost:49841 : 1
18:30:00.346 [AsyncHttpClient-1-8] DEBUG org.asynchttpclient.netty.handler.HttpHandler - 

Request DefaultFullHttpRequest(decodeResult: success, version: HTTP/1.1, content: EmptyByteBufBE)
GET /session/c20c61c1feb969a3246fa3cf31132b18/screenshot HTTP/1.1
User-Agent: selenium/4.1.4 (java windows)
Cache-Control: no-cache
Content-Type: application/json; charset=utf-8
host: localhost:61395
accept: */*

Response DefaultHttpResponse(decodeResult: success, version: HTTP/1.1)
HTTP/1.1 200 OK
Content-Type: application/json; charset=utf-8
cache-control: no-cache
content-length: 379420

18:30:00.346 [AsyncHttpClient-1-8] DEBUG org.asynchttpclient.netty.channel.ChannelManager - Adding key: http://localhost:61395 for channel [id: 0xf40c10fe, L:/127.0.0.1:49840 - R:localhost/127.0.0.1:61395]
18:30:00.359 [main] DEBUG net.serenitybdd.core.photography.Darkroom - Send negative for processing for target\site\serenity\93df20195d3751dea78ac30a105f84d37c410e0341f58ded6fb231b5b47402e6.png
18:30:00.878 [Forwarding screenshot on session c20c61c1feb969a3246fa3cf31132b18 to remote] DEBUG org.asynchttpclient.netty.request.NettyRequestSender - Using pooled Channel '[id: 0xf40c10fe, L:/127.0.0.1:49840 - R:localhost/127.0.0.1:61395]' for 'GET' to 'http://localhost:61395/session/c20c61c1feb969a3246fa3cf31132b18/screenshot'
18:30:00.878 [Forwarding screenshot on session c20c61c1feb969a3246fa3cf31132b18 to remote] DEBUG org.asynchttpclient.netty.request.NettyRequestSender - Using open Channel [id: 0xf40c10fe, L:/127.0.0.1:49840 - R:localhost/127.0.0.1:61395] for GET '/session/c20c61c1feb969a3246fa3cf31132b18/screenshot'
18:30:01.077 [AsyncHttpClient-1-8] DEBUG org.asynchttpclient.netty.handler.HttpHandler - 

Request DefaultFullHttpRequest(decodeResult: success, version: HTTP/1.1, content: EmptyByteBufBE)
GET /session/c20c61c1feb969a3246fa3cf31132b18/screenshot HTTP/1.1
User-Agent: selenium/4.1.4 (java windows)
Cache-Control: no-cache
Content-Type: application/json; charset=utf-8
host: localhost:61395
accept: */*

Response DefaultHttpResponse(decodeResult: success, version: HTTP/1.1)
HTTP/1.1 200 OK
Content-Type: application/json; charset=utf-8
cache-control: no-cache
content-length: 379404

18:30:01.077 [AsyncHttpClient-1-8] DEBUG org.asynchttpclient.netty.channel.ChannelManager - Adding key: http://localhost:61395 for channel [id: 0xf40c10fe, L:/127.0.0.1:49840 - R:localhost/127.0.0.1:61395]
18:30:01.088 [main] DEBUG net.serenitybdd.core.photography.Darkroom - Send negative for processing for target\site\serenity\f684e1524ced0278b0b6c6b37709a7cbfb8281aeb576b04a4743fda17448b798.png
18:30:01.088 [main] DEBUG net.thucydides.core.steps.StepInterceptor - STARTING STEP: LoginSteps.iInputLoginPasswordValid - inputPasswordLogin
18:30:01.099 [Forwarding findElement on session c20c61c1feb969a3246fa3cf31132b18 to remote] DEBUG org.asynchttpclient.netty.request.NettyRequestSender - Using pooled Channel '[id: 0xf40c10fe, L:/127.0.0.1:49840 - R:localhost/127.0.0.1:61395]' for 'POST' to 'http://localhost:61395/session/c20c61c1feb969a3246fa3cf31132b18/element'
18:30:01.099 [Forwarding findElement on session c20c61c1feb969a3246fa3cf31132b18 to remote] DEBUG org.asynchttpclient.netty.request.NettyRequestSender - Using open Channel [id: 0xf40c10fe, L:/127.0.0.1:49840 - R:localhost/127.0.0.1:61395] for POST '/session/c20c61c1feb969a3246fa3cf31132b18/element'
18:30:01.110 [AsyncHttpClient-1-8] DEBUG org.asynchttpclient.netty.handler.HttpHandler - 

Request DefaultHttpRequest(decodeResult: success, version: HTTP/1.1)
POST /session/c20c61c1feb969a3246fa3cf31132b18/element HTTP/1.1
User-Agent: selenium/4.1.4 (java windows)
Content-Length: 70
Content-Type: application/json; charset=utf-8
host: localhost:61395
accept: */*

Response DefaultHttpResponse(decodeResult: success, version: HTTP/1.1)
HTTP/1.1 200 OK
Content-Type: application/json; charset=utf-8
cache-control: no-cache
content-length: 88

18:30:01.110 [AsyncHttpClient-1-8] DEBUG org.asynchttpclient.netty.channel.ChannelManager - Adding key: http://localhost:61395 for channel [id: 0xf40c10fe, L:/127.0.0.1:49840 - R:localhost/127.0.0.1:61395]
18:30:01.111 [Forwarding sendKeysToElement on session c20c61c1feb969a3246fa3cf31132b18 to remote] DEBUG org.asynchttpclient.netty.request.NettyRequestSender - Using pooled Channel '[id: 0xf40c10fe, L:/127.0.0.1:49840 - R:localhost/127.0.0.1:61395]' for 'POST' to 'http://localhost:61395/session/c20c61c1feb969a3246fa3cf31132b18/element/68466aa4-7af2-4df7-9956-4da2f0a598e9/value'
18:30:01.111 [Forwarding sendKeysToElement on session c20c61c1feb969a3246fa3cf31132b18 to remote] DEBUG org.asynchttpclient.netty.request.NettyRequestSender - Using open Channel [id: 0xf40c10fe, L:/127.0.0.1:49840 - R:localhost/127.0.0.1:61395] for POST '/session/c20c61c1feb969a3246fa3cf31132b18/element/68466aa4-7af2-4df7-9956-4da2f0a598e9/value'
18:30:01.190 [AsyncHttpClient-1-8] DEBUG org.asynchttpclient.netty.handler.HttpHandler - 

Request DefaultHttpRequest(decodeResult: success, version: HTTP/1.1)
POST /session/c20c61c1feb969a3246fa3cf31132b18/element/68466aa4-7af2-4df7-9956-4da2f0a598e9/value HTTP/1.1
User-Agent: selenium/4.1.4 (java windows)
Content-Length: 161
Content-Type: application/json; charset=utf-8
host: localhost:61395
accept: */*

Response DefaultHttpResponse(decodeResult: success, version: HTTP/1.1)
HTTP/1.1 200 OK
Content-Type: application/json; charset=utf-8
cache-control: no-cache
content-length: 14

18:30:01.190 [AsyncHttpClient-1-8] DEBUG org.asynchttpclient.netty.channel.ChannelManager - Adding key: http://localhost:61395 for channel [id: 0xf40c10fe, L:/127.0.0.1:49840 - R:localhost/127.0.0.1:61395]
18:30:01.191 [Forwarding screenshot on session c20c61c1feb969a3246fa3cf31132b18 to remote] DEBUG org.asynchttpclient.netty.request.NettyRequestSender - Using pooled Channel '[id: 0xf40c10fe, L:/127.0.0.1:49840 - R:localhost/127.0.0.1:61395]' for 'GET' to 'http://localhost:61395/session/c20c61c1feb969a3246fa3cf31132b18/screenshot'
18:30:01.191 [Forwarding screenshot on session c20c61c1feb969a3246fa3cf31132b18 to remote] DEBUG org.asynchttpclient.netty.request.NettyRequestSender - Using open Channel [id: 0xf40c10fe, L:/127.0.0.1:49840 - R:localhost/127.0.0.1:61395] for GET '/session/c20c61c1feb969a3246fa3cf31132b18/screenshot'
18:30:01.357 [AsyncHttpClient-1-1] DEBUG org.asynchttpclient.netty.channel.DefaultChannelPool - Entry count for : http://localhost:49841 : 1
18:30:01.371 [AsyncHttpClient-1-8] DEBUG org.asynchttpclient.netty.handler.HttpHandler - 

Request DefaultFullHttpRequest(decodeResult: success, version: HTTP/1.1, content: EmptyByteBufBE)
GET /session/c20c61c1feb969a3246fa3cf31132b18/screenshot HTTP/1.1
User-Agent: selenium/4.1.4 (java windows)
Cache-Control: no-cache
Content-Type: application/json; charset=utf-8
host: localhost:61395
accept: */*

Response DefaultHttpResponse(decodeResult: success, version: HTTP/1.1)
HTTP/1.1 200 OK
Content-Type: application/json; charset=utf-8
cache-control: no-cache
content-length: 377580

18:30:01.372 [AsyncHttpClient-1-8] DEBUG org.asynchttpclient.netty.channel.ChannelManager - Adding key: http://localhost:61395 for channel [id: 0xf40c10fe, L:/127.0.0.1:49840 - R:localhost/127.0.0.1:61395]
18:30:01.380 [main] DEBUG net.serenitybdd.core.photography.Darkroom - Send negative for processing for target\site\serenity\44fa0aa493cf3a3837a7fab79c30bded8f584eda85d2cfd055a7ef5b4e3f0a4a.png
18:30:01.381 [main] DEBUG net.thucydides.core.steps.StepInterceptor - STEP DONE: inputPasswordLogin
  &amp#27;[32mAnd &amp#27;[0m&amp#27;[32mI input &amp#27;[0m&amp#27;[32m&amp#27;[1m"admin123"&amp#27;[0m&amp#27;[32m login password valid&amp#27;[0m                                  &amp#27;[90m# starter.stepdefinitios.LoginSteps.iInputLoginPasswordValid(java.lang.String)&amp#27;[0m
18:30:01.394 [main] DEBUG net.thucydides.core.steps.StepInterceptor - STARTING STEP: LoginSteps.iClickButtonLogin - clickButtonLogin
18:30:01.395 [Forwarding findElement on session c20c61c1feb969a3246fa3cf31132b18 to remote] DEBUG org.asynchttpclient.netty.request.NettyRequestSender - Using pooled Channel '[id: 0xf40c10fe, L:/127.0.0.1:49840 - R:localhost/127.0.0.1:61395]' for 'POST' to 'http://localhost:61395/session/c20c61c1feb969a3246fa3cf31132b18/element'
18:30:01.395 [Forwarding findElement on session c20c61c1feb969a3246fa3cf31132b18 to remote] DEBUG org.asynchttpclient.netty.request.NettyRequestSender - Using open Channel [id: 0xf40c10fe, L:/127.0.0.1:49840 - R:localhost/127.0.0.1:61395] for POST '/session/c20c61c1feb969a3246fa3cf31132b18/element'
18:30:01.404 [AsyncHttpClient-1-8] DEBUG org.asynchttpclient.netty.handler.HttpHandler - 

Request DefaultHttpRequest(decodeResult: success, version: HTTP/1.1)
POST /session/c20c61c1feb969a3246fa3cf31132b18/element HTTP/1.1
User-Agent: selenium/4.1.4 (java windows)
Content-Length: 68
Content-Type: application/json; charset=utf-8
host: localhost:61395
accept: */*

Response DefaultHttpResponse(decodeResult: success, version: HTTP/1.1)
HTTP/1.1 200 OK
Content-Type: application/json; charset=utf-8
cache-control: no-cache
content-length: 88

18:30:01.404 [AsyncHttpClient-1-8] DEBUG org.asynchttpclient.netty.channel.ChannelManager - Adding key: http://localhost:61395 for channel [id: 0xf40c10fe, L:/127.0.0.1:49840 - R:localhost/127.0.0.1:61395]
18:30:01.405 [Forwarding getElementTagName on session c20c61c1feb969a3246fa3cf31132b18 to remote] DEBUG org.asynchttpclient.netty.request.NettyRequestSender - Using pooled Channel '[id: 0xf40c10fe, L:/127.0.0.1:49840 - R:localhost/127.0.0.1:61395]' for 'GET' to 'http://localhost:61395/session/c20c61c1feb969a3246fa3cf31132b18/element/f8b09321-8498-49e4-a47c-07241b5a1fbd/name'
18:30:01.405 [Forwarding getElementTagName on session c20c61c1feb969a3246fa3cf31132b18 to remote] DEBUG org.asynchttpclient.netty.request.NettyRequestSender - Using open Channel [id: 0xf40c10fe, L:/127.0.0.1:49840 - R:localhost/127.0.0.1:61395] for GET '/session/c20c61c1feb969a3246fa3cf31132b18/element/f8b09321-8498-49e4-a47c-07241b5a1fbd/name'
18:30:01.408 [AsyncHttpClient-1-8] DEBUG org.asynchttpclient.netty.handler.HttpHandler - 

Request DefaultFullHttpRequest(decodeResult: success, version: HTTP/1.1, content: EmptyByteBufBE)
GET /session/c20c61c1feb969a3246fa3cf31132b18/element/f8b09321-8498-49e4-a47c-07241b5a1fbd/name HTTP/1.1
User-Agent: selenium/4.1.4 (java windows)
Cache-Control: no-cache
Content-Type: application/json; charset=utf-8
host: localhost:61395
accept: */*

Response DefaultHttpResponse(decodeResult: success, version: HTTP/1.1)
HTTP/1.1 200 OK
Content-Type: application/json; charset=utf-8
cache-control: no-cache
content-length: 18

18:30:01.408 [AsyncHttpClient-1-8] DEBUG org.asynchttpclient.netty.channel.ChannelManager - Adding key: http://localhost:61395 for channel [id: 0xf40c10fe, L:/127.0.0.1:49840 - R:localhost/127.0.0.1:61395]
18:30:01.410 [Forwarding getElementTagName on session c20c61c1feb969a3246fa3cf31132b18 to remote] DEBUG org.asynchttpclient.netty.request.NettyRequestSender - Using pooled Channel '[id: 0xf40c10fe, L:/127.0.0.1:49840 - R:localhost/127.0.0.1:61395]' for 'GET' to 'http://localhost:61395/session/c20c61c1feb969a3246fa3cf31132b18/element/f8b09321-8498-49e4-a47c-07241b5a1fbd/name'
18:30:01.410 [Forwarding getElementTagName on session c20c61c1feb969a3246fa3cf31132b18 to remote] DEBUG org.asynchttpclient.netty.request.NettyRequestSender - Using open Channel [id: 0xf40c10fe, L:/127.0.0.1:49840 - R:localhost/127.0.0.1:61395] for GET '/session/c20c61c1feb969a3246fa3cf31132b18/element/f8b09321-8498-49e4-a47c-07241b5a1fbd/name'
18:30:01.412 [AsyncHttpClient-1-8] DEBUG org.asynchttpclient.netty.handler.HttpHandler - 

Request DefaultFullHttpRequest(decodeResult: success, version: HTTP/1.1, content: EmptyByteBufBE)
GET /session/c20c61c1feb969a3246fa3cf31132b18/element/f8b09321-8498-49e4-a47c-07241b5a1fbd/name HTTP/1.1
User-Agent: selenium/4.1.4 (java windows)
Cache-Control: no-cache
Content-Type: application/json; charset=utf-8
host: localhost:61395
accept: */*

Response DefaultHttpResponse(decodeResult: success, version: HTTP/1.1)
HTTP/1.1 200 OK
Content-Type: application/json; charset=utf-8
cache-control: no-cache
content-length: 18

18:30:01.412 [AsyncHttpClient-1-8] DEBUG org.asynchttpclient.netty.channel.ChannelManager - Adding key: http://localhost:61395 for channel [id: 0xf40c10fe, L:/127.0.0.1:49840 - R:localhost/127.0.0.1:61395]
18:30:01.413 [Forwarding isElementEnabled on session c20c61c1feb969a3246fa3cf31132b18 to remote] DEBUG org.asynchttpclient.netty.request.NettyRequestSender - Using pooled Channel '[id: 0xf40c10fe, L:/127.0.0.1:49840 - R:localhost/127.0.0.1:61395]' for 'GET' to 'http://localhost:61395/session/c20c61c1feb969a3246fa3cf31132b18/element/f8b09321-8498-49e4-a47c-07241b5a1fbd/enabled'
18:30:01.413 [Forwarding isElementEnabled on session c20c61c1feb969a3246fa3cf31132b18 to remote] DEBUG org.asynchttpclient.netty.request.NettyRequestSender - Using open Channel [id: 0xf40c10fe, L:/127.0.0.1:49840 - R:localhost/127.0.0.1:61395] for GET '/session/c20c61c1feb969a3246fa3cf31132b18/element/f8b09321-8498-49e4-a47c-07241b5a1fbd/enabled'
18:30:01.420 [AsyncHttpClient-1-8] DEBUG org.asynchttpclient.netty.handler.HttpHandler - 

Request DefaultFullHttpRequest(decodeResult: success, version: HTTP/1.1, content: EmptyByteBufBE)
GET /session/c20c61c1feb969a3246fa3cf31132b18/element/f8b09321-8498-49e4-a47c-07241b5a1fbd/enabled HTTP/1.1
User-Agent: selenium/4.1.4 (java windows)
Cache-Control: no-cache
Content-Type: application/json; charset=utf-8
host: localhost:61395
accept: */*

Response DefaultHttpResponse(decodeResult: success, version: HTTP/1.1)
HTTP/1.1 200 OK
Content-Type: application/json; charset=utf-8
cache-control: no-cache
content-length: 14

18:30:01.421 [AsyncHttpClient-1-8] DEBUG org.asynchttpclient.netty.channel.ChannelManager - Adding key: http://localhost:61395 for channel [id: 0xf40c10fe, L:/127.0.0.1:49840 - R:localhost/127.0.0.1:61395]
18:30:01.421 [Forwarding isElementEnabled on session c20c61c1feb969a3246fa3cf31132b18 to remote] DEBUG org.asynchttpclient.netty.request.NettyRequestSender - Using pooled Channel '[id: 0xf40c10fe, L:/127.0.0.1:49840 - R:localhost/127.0.0.1:61395]' for 'GET' to 'http://localhost:61395/session/c20c61c1feb969a3246fa3cf31132b18/element/f8b09321-8498-49e4-a47c-07241b5a1fbd/enabled'
18:30:01.421 [Forwarding isElementEnabled on session c20c61c1feb969a3246fa3cf31132b18 to remote] DEBUG org.asynchttpclient.netty.request.NettyRequestSender - Using open Channel [id: 0xf40c10fe, L:/127.0.0.1:49840 - R:localhost/127.0.0.1:61395] for GET '/session/c20c61c1feb969a3246fa3cf31132b18/element/f8b09321-8498-49e4-a47c-07241b5a1fbd/enabled'
18:30:01.426 [AsyncHttpClient-1-8] DEBUG org.asynchttpclient.netty.handler.HttpHandler - 

Request DefaultFullHttpRequest(decodeResult: success, version: HTTP/1.1, content: EmptyByteBufBE)
GET /session/c20c61c1feb969a3246fa3cf31132b18/element/f8b09321-8498-49e4-a47c-07241b5a1fbd/enabled HTTP/1.1
User-Agent: selenium/4.1.4 (java windows)
Cache-Control: no-cache
Content-Type: application/json; charset=utf-8
host: localhost:61395
accept: */*

Response DefaultHttpResponse(decodeResult: success, version: HTTP/1.1)
HTTP/1.1 200 OK
Content-Type: application/json; charset=utf-8
cache-control: no-cache
content-length: 14

18:30:01.426 [AsyncHttpClient-1-8] DEBUG org.asynchttpclient.netty.channel.ChannelManager - Adding key: http://localhost:61395 for channel [id: 0xf40c10fe, L:/127.0.0.1:49840 - R:localhost/127.0.0.1:61395]
18:30:01.427 [Forwarding findElement on session c20c61c1feb969a3246fa3cf31132b18 to remote] DEBUG org.asynchttpclient.netty.request.NettyRequestSender - Using pooled Channel '[id: 0xf40c10fe, L:/127.0.0.1:49840 - R:localhost/127.0.0.1:61395]' for 'POST' to 'http://localhost:61395/session/c20c61c1feb969a3246fa3cf31132b18/element'
18:30:01.427 [Forwarding findElement on session c20c61c1feb969a3246fa3cf31132b18 to remote] DEBUG org.asynchttpclient.netty.request.NettyRequestSender - Using open Channel [id: 0xf40c10fe, L:/127.0.0.1:49840 - R:localhost/127.0.0.1:61395] for POST '/session/c20c61c1feb969a3246fa3cf31132b18/element'
18:30:01.436 [AsyncHttpClient-1-8] DEBUG org.asynchttpclient.netty.handler.HttpHandler - 

Request DefaultHttpRequest(decodeResult: success, version: HTTP/1.1)
POST /session/c20c61c1feb969a3246fa3cf31132b18/element HTTP/1.1
User-Agent: selenium/4.1.4 (java windows)
Content-Length: 68
Content-Type: application/json; charset=utf-8
host: localhost:61395
accept: */*

Response DefaultHttpResponse(decodeResult: success, version: HTTP/1.1)
HTTP/1.1 200 OK
Content-Type: application/json; charset=utf-8
cache-control: no-cache
content-length: 88

18:30:01.436 [AsyncHttpClient-1-8] DEBUG org.asynchttpclient.netty.channel.ChannelManager - Adding key: http://localhost:61395 for channel [id: 0xf40c10fe, L:/127.0.0.1:49840 - R:localhost/127.0.0.1:61395]
18:30:01.437 [Forwarding clickElement on session c20c61c1feb969a3246fa3cf31132b18 to remote] DEBUG org.asynchttpclient.netty.request.NettyRequestSender - Using pooled Channel '[id: 0xf40c10fe, L:/127.0.0.1:49840 - R:localhost/127.0.0.1:61395]' for 'POST' to 'http://localhost:61395/session/c20c61c1feb969a3246fa3cf31132b18/element/f8b09321-8498-49e4-a47c-07241b5a1fbd/click'
18:30:01.437 [Forwarding clickElement on session c20c61c1feb969a3246fa3cf31132b18 to remote] DEBUG org.asynchttpclient.netty.request.NettyRequestSender - Using open Channel [id: 0xf40c10fe, L:/127.0.0.1:49840 - R:localhost/127.0.0.1:61395] for POST '/session/c20c61c1feb969a3246fa3cf31132b18/element/f8b09321-8498-49e4-a47c-07241b5a1fbd/click'
18:30:01.493 [AsyncHttpClient-1-8] DEBUG org.asynchttpclient.netty.handler.HttpHandler - 

Request DefaultHttpRequest(decodeResult: success, version: HTTP/1.1)
POST /session/c20c61c1feb969a3246fa3cf31132b18/element/f8b09321-8498-49e4-a47c-07241b5a1fbd/click HTTP/1.1
User-Agent: selenium/4.1.4 (java windows)
Content-Length: 50
Content-Type: application/json; charset=utf-8
host: localhost:61395
accept: */*

Response DefaultHttpResponse(decodeResult: success, version: HTTP/1.1)
HTTP/1.1 200 OK
Content-Type: application/json; charset=utf-8
cache-control: no-cache
content-length: 14

18:30:01.494 [AsyncHttpClient-1-8] DEBUG org.asynchttpclient.netty.channel.ChannelManager - Adding key: http://localhost:61395 for channel [id: 0xf40c10fe, L:/127.0.0.1:49840 - R:localhost/127.0.0.1:61395]
18:30:01.497 [Forwarding screenshot on session c20c61c1feb969a3246fa3cf31132b18 to remote] DEBUG org.asynchttpclient.netty.request.NettyRequestSender - Using pooled Channel '[id: 0xf40c10fe, L:/127.0.0.1:49840 - R:localhost/127.0.0.1:61395]' for 'GET' to 'http://localhost:61395/session/c20c61c1feb969a3246fa3cf31132b18/screenshot'
18:30:01.497 [Forwarding screenshot on session c20c61c1feb969a3246fa3cf31132b18 to remote] DEBUG org.asynchttpclient.netty.request.NettyRequestSender - Using open Channel [id: 0xf40c10fe, L:/127.0.0.1:49840 - R:localhost/127.0.0.1:61395] for GET '/session/c20c61c1feb969a3246fa3cf31132b18/screenshot'
18:30:01.725 [AsyncHttpClient-1-8] DEBUG org.asynchttpclient.netty.handler.HttpHandler - 

Request DefaultFullHttpRequest(decodeResult: success, version: HTTP/1.1, content: EmptyByteBufBE)
GET /session/c20c61c1feb969a3246fa3cf31132b18/screenshot HTTP/1.1
User-Agent: selenium/4.1.4 (java windows)
Cache-Control: no-cache
Content-Type: application/json; charset=utf-8
host: localhost:61395
accept: */*

Response DefaultHttpResponse(decodeResult: success, version: HTTP/1.1)
HTTP/1.1 200 OK
Content-Type: application/json; charset=utf-8
cache-control: no-cache
content-length: 372964

18:30:01.726 [AsyncHttpClient-1-8] DEBUG org.asynchttpclient.netty.channel.ChannelManager - Adding key: http://localhost:61395 for channel [id: 0xf40c10fe, L:/127.0.0.1:49840 - R:localhost/127.0.0.1:61395]
18:30:01.734 [main] DEBUG net.serenitybdd.core.photography.Darkroom - Send negative for processing for target\site\serenity\e02bd80466eefb1481722bdb42acdfc287aee39a08e6168de5df6b7b44b066b3.png
18:30:01.734 [main] DEBUG net.thucydides.core.steps.StepInterceptor - STEP DONE: clickButtonLogin
18:30:01.734 [Darkroom Processing Line] DEBUG net.serenitybdd.core.photography.DarkroomProcessingLine - Processing screenshot image in /var/screenshots/screenshot-2953550298296058336
18:30:01.734 [Darkroom Processing Line] DEBUG net.serenitybdd.core.photography.DarkroomProcessingLine - Saving screenshot to target\site\serenity\e02bd80466eefb1481722bdb42acdfc287aee39a08e6168de5df6b7b44b066b3.png
18:30:02.440 [AsyncHttpClient-1-1] DEBUG org.asynchttpclient.netty.channel.DefaultChannelPool - Entry count for : http://localhost:61395 : 1
18:30:02.440 [AsyncHttpClient-1-1] DEBUG org.asynchttpclient.netty.channel.DefaultChannelPool - Entry count for : http://localhost:49841 : 1
  &amp#27;[32mAnd &amp#27;[0m&amp#27;[32mI click button login&amp#27;[0m                                                     &amp#27;[90m# starter.stepdefinitios.LoginSteps.iClickButtonLogin()&amp#27;[0m
18:30:02.740 [Forwarding screenshot on session c20c61c1feb969a3246fa3cf31132b18 to remote] DEBUG org.asynchttpclient.netty.request.NettyRequestSender - Using pooled Channel '[id: 0xf40c10fe, L:/127.0.0.1:49840 - R:localhost/127.0.0.1:61395]' for 'GET' to 'http://localhost:61395/session/c20c61c1feb969a3246fa3cf31132b18/screenshot'
18:30:02.740 [Forwarding screenshot on session c20c61c1feb969a3246fa3cf31132b18 to remote] DEBUG org.asynchttpclient.netty.request.NettyRequestSender - Using open Channel [id: 0xf40c10fe, L:/127.0.0.1:49840 - R:localhost/127.0.0.1:61395] for GET '/session/c20c61c1feb969a3246fa3cf31132b18/screenshot'
18:30:02.958 [AsyncHttpClient-1-8] DEBUG org.asynchttpclient.netty.handler.HttpHandler - 

Request DefaultFullHttpRequest(decodeResult: success, version: HTTP/1.1, content: EmptyByteBufBE)
GET /session/c20c61c1feb969a3246fa3cf31132b18/screenshot HTTP/1.1
User-Agent: selenium/4.1.4 (java windows)
Cache-Control: no-cache
Content-Type: application/json; charset=utf-8
host: localhost:61395
accept: */*

Response DefaultHttpResponse(decodeResult: success, version: HTTP/1.1)
HTTP/1.1 200 OK
Content-Type: application/json; charset=utf-8
cache-control: no-cache
content-length: 313408

18:30:02.958 [AsyncHttpClient-1-8] DEBUG org.asynchttpclient.netty.channel.ChannelManager - Adding key: http://localhost:61395 for channel [id: 0xf40c10fe, L:/127.0.0.1:49840 - R:localhost/127.0.0.1:61395]
18:30:02.966 [main] DEBUG net.serenitybdd.core.photography.Darkroom - Send negative for processing for target\site\serenity\4b6a6ce9d0ddb5295ff943adf62bc7f719f7d6a04f67504fab2943b5227f0279.png
18:30:02.966 [Darkroom Processing Line] DEBUG net.serenitybdd.core.photography.DarkroomProcessingLine - Processing screenshot image in /var/screenshots/screenshot-5055914378789777295
18:30:02.966 [Darkroom Processing Line] DEBUG net.serenitybdd.core.photography.DarkroomProcessingLine - Saving screenshot to target\site\serenity\4b6a6ce9d0ddb5295ff943adf62bc7f719f7d6a04f67504fab2943b5227f0279.png
18:30:03.541 [AsyncHttpClient-1-1] DEBUG org.asynchttpclient.netty.channel.DefaultChannelPool - Entry count for : http://localhost:61395 : 1
18:30:03.541 [AsyncHttpClient-1-1] DEBUG org.asynchttpclient.netty.channel.DefaultChannelPool - Entry count for : http://localhost:49841 : 1
18:30:04.638 [AsyncHttpClient-1-1] DEBUG org.asynchttpclient.netty.channel.DefaultChannelPool - Entry count for : http://localhost:61395 : 1
18:30:04.638 [AsyncHttpClient-1-1] DEBUG org.asynchttpclient.netty.channel.DefaultChannelPool - Entry count for : http://localhost:49841 : 1
18:30:05.738 [AsyncHttpClient-1-1] DEBUG org.asynchttpclient.netty.channel.DefaultChannelPool - Entry count for : http://localhost:61395 : 1
18:30:05.738 [AsyncHttpClient-1-1] DEBUG org.asynchttpclient.netty.channel.DefaultChannelPool - Entry count for : http://localhost:49841 : 1
18:30:06.838 [AsyncHttpClient-1-1] DEBUG org.asynchttpclient.netty.channel.DefaultChannelPool - Entry count for : http://localhost:61395 : 1
18:30:06.838 [AsyncHttpClient-1-1] DEBUG org.asynchttpclient.netty.channel.DefaultChannelPool - Entry count for : http://localhost:49841 : 1
18:30:07.941 [AsyncHttpClient-1-1] DEBUG org.asynchttpclient.netty.channel.DefaultChannelPool - Entry count for : http://localhost:61395 : 1
18:30:07.941 [AsyncHttpClient-1-1] DEBUG org.asynchttpclient.netty.channel.DefaultChannelPool - Entry count for : http://localhost:49841 : 1
18:30:07.977 [Forwarding findElement on session c20c61c1feb969a3246fa3cf31132b18 to remote] DEBUG org.asynchttpclient.netty.request.NettyRequestSender - Using pooled Channel '[id: 0xf40c10fe, L:/127.0.0.1:49840 - R:localhost/127.0.0.1:61395]' for 'POST' to 'http://localhost:61395/session/c20c61c1feb969a3246fa3cf31132b18/element'
18:30:07.977 [Forwarding findElement on session c20c61c1feb969a3246fa3cf31132b18 to remote] DEBUG org.asynchttpclient.netty.request.NettyRequestSender - Using open Channel [id: 0xf40c10fe, L:/127.0.0.1:49840 - R:localhost/127.0.0.1:61395] for POST '/session/c20c61c1feb969a3246fa3cf31132b18/element'
18:30:08.008 [AsyncHttpClient-1-8] DEBUG org.asynchttpclient.netty.handler.HttpHandler - 

Request DefaultHttpRequest(decodeResult: success, version: HTTP/1.1)
POST /session/c20c61c1feb969a3246fa3cf31132b18/element HTTP/1.1
User-Agent: selenium/4.1.4 (java windows)
Content-Length: 68
Content-Type: application/json; charset=utf-8
host: localhost:61395
accept: */*

Response DefaultHttpResponse(decodeResult: success, version: HTTP/1.1)
HTTP/1.1 200 OK
Content-Type: application/json; charset=utf-8
cache-control: no-cache
content-length: 88

18:30:08.008 [AsyncHttpClient-1-8] DEBUG org.asynchttpclient.netty.channel.ChannelManager - Adding key: http://localhost:61395 for channel [id: 0xf40c10fe, L:/127.0.0.1:49840 - R:localhost/127.0.0.1:61395]
18:30:08.008 [Forwarding isElementEnabled on session c20c61c1feb969a3246fa3cf31132b18 to remote] DEBUG org.asynchttpclient.netty.request.NettyRequestSender - Using pooled Channel '[id: 0xf40c10fe, L:/127.0.0.1:49840 - R:localhost/127.0.0.1:61395]' for 'GET' to 'http://localhost:61395/session/c20c61c1feb969a3246fa3cf31132b18/element/18267dc1-756f-4ceb-9a97-ee941edc84ab/enabled'
18:30:08.008 [Forwarding isElementEnabled on session c20c61c1feb969a3246fa3cf31132b18 to remote] DEBUG org.asynchttpclient.netty.request.NettyRequestSender - Using open Channel [id: 0xf40c10fe, L:/127.0.0.1:49840 - R:localhost/127.0.0.1:61395] for GET '/session/c20c61c1feb969a3246fa3cf31132b18/element/18267dc1-756f-4ceb-9a97-ee941edc84ab/enabled'
18:30:08.027 [AsyncHttpClient-1-8] DEBUG org.asynchttpclient.netty.handler.HttpHandler - 

Request DefaultFullHttpRequest(decodeResult: success, version: HTTP/1.1, content: EmptyByteBufBE)
GET /session/c20c61c1feb969a3246fa3cf31132b18/element/18267dc1-756f-4ceb-9a97-ee941edc84ab/enabled HTTP/1.1
User-Agent: selenium/4.1.4 (java windows)
Cache-Control: no-cache
Content-Type: application/json; charset=utf-8
host: localhost:61395
accept: */*

Response DefaultHttpResponse(decodeResult: success, version: HTTP/1.1)
HTTP/1.1 200 OK
Content-Type: application/json; charset=utf-8
cache-control: no-cache
content-length: 14

18:30:08.027 [AsyncHttpClient-1-8] DEBUG org.asynchttpclient.netty.channel.ChannelManager - Adding key: http://localhost:61395 for channel [id: 0xf40c10fe, L:/127.0.0.1:49840 - R:localhost/127.0.0.1:61395]
18:30:08.538 [Forwarding screenshot on session c20c61c1feb969a3246fa3cf31132b18 to remote] DEBUG org.asynchttpclient.netty.request.NettyRequestSender - Using pooled Channel '[id: 0xf40c10fe, L:/127.0.0.1:49840 - R:localhost/127.0.0.1:61395]' for 'GET' to 'http://localhost:61395/session/c20c61c1feb969a3246fa3cf31132b18/screenshot'
18:30:08.538 [Forwarding screenshot on session c20c61c1feb969a3246fa3cf31132b18 to remote] DEBUG org.asynchttpclient.netty.request.NettyRequestSender - Using open Channel [id: 0xf40c10fe, L:/127.0.0.1:49840 - R:localhost/127.0.0.1:61395] for GET '/session/c20c61c1feb969a3246fa3cf31132b18/screenshot'
18:30:08.789 [AsyncHttpClient-1-8] DEBUG org.asynchttpclient.netty.handler.HttpHandler - 

Request DefaultFullHttpRequest(decodeResult: success, version: HTTP/1.1, content: EmptyByteBufBE)
GET /session/c20c61c1feb969a3246fa3cf31132b18/screenshot HTTP/1.1
User-Agent: selenium/4.1.4 (java windows)
Cache-Control: no-cache
Content-Type: application/json; charset=utf-8
host: localhost:61395
accept: */*

Response DefaultHttpResponse(decodeResult: success, version: HTTP/1.1)
HTTP/1.1 200 OK
Content-Type: application/json; charset=utf-8
cache-control: no-cache
content-length: 301044

18:30:08.789 [AsyncHttpClient-1-8] DEBUG org.asynchttpclient.netty.channel.ChannelManager - Adding key: http://localhost:61395 for channel [id: 0xf40c10fe, L:/127.0.0.1:49840 - R:localhost/127.0.0.1:61395]
18:30:08.797 [main] DEBUG net.serenitybdd.core.photography.Darkroom - Send negative for processing for target\site\serenity\163e386af0b12517552a74a3d5043b94e8c0f9215c0f21d464e3b04d27a0859d.png
18:30:08.797 [main] DEBUG net.thucydides.core.steps.StepInterceptor - STARTING STEP: LoginSteps.loginValidationInvalid - clickButtonErrorOK
18:30:08.803 [Forwarding findElement on session c20c61c1feb969a3246fa3cf31132b18 to remote] DEBUG org.asynchttpclient.netty.request.NettyRequestSender - Using pooled Channel '[id: 0xf40c10fe, L:/127.0.0.1:49840 - R:localhost/127.0.0.1:61395]' for 'POST' to 'http://localhost:61395/session/c20c61c1feb969a3246fa3cf31132b18/element'
18:30:08.803 [Forwarding findElement on session c20c61c1feb969a3246fa3cf31132b18 to remote] DEBUG org.asynchttpclient.netty.request.NettyRequestSender - Using open Channel [id: 0xf40c10fe, L:/127.0.0.1:49840 - R:localhost/127.0.0.1:61395] for POST '/session/c20c61c1feb969a3246fa3cf31132b18/element'
18:30:08.813 [AsyncHttpClient-1-8] DEBUG org.asynchttpclient.netty.handler.HttpHandler - 

Request DefaultHttpRequest(decodeResult: success, version: HTTP/1.1)
POST /session/c20c61c1feb969a3246fa3cf31132b18/element HTTP/1.1
User-Agent: selenium/4.1.4 (java windows)
Content-Length: 88
Content-Type: application/json; charset=utf-8
host: localhost:61395
accept: */*

Response DefaultHttpResponse(decodeResult: success, version: HTTP/1.1)
HTTP/1.1 200 OK
Content-Type: application/json; charset=utf-8
cache-control: no-cache
content-length: 88

18:30:08.813 [AsyncHttpClient-1-8] DEBUG org.asynchttpclient.netty.channel.ChannelManager - Adding key: http://localhost:61395 for channel [id: 0xf40c10fe, L:/127.0.0.1:49840 - R:localhost/127.0.0.1:61395]
18:30:08.814 [Forwarding getElementTagName on session c20c61c1feb969a3246fa3cf31132b18 to remote] DEBUG org.asynchttpclient.netty.request.NettyRequestSender - Using pooled Channel '[id: 0xf40c10fe, L:/127.0.0.1:49840 - R:localhost/127.0.0.1:61395]' for 'GET' to 'http://localhost:61395/session/c20c61c1feb969a3246fa3cf31132b18/element/3d25bf68-9900-4fab-90ab-ba862fae3fb2/name'
18:30:08.814 [Forwarding getElementTagName on session c20c61c1feb969a3246fa3cf31132b18 to remote] DEBUG org.asynchttpclient.netty.request.NettyRequestSender - Using open Channel [id: 0xf40c10fe, L:/127.0.0.1:49840 - R:localhost/127.0.0.1:61395] for GET '/session/c20c61c1feb969a3246fa3cf31132b18/element/3d25bf68-9900-4fab-90ab-ba862fae3fb2/name'
18:30:08.818 [AsyncHttpClient-1-8] DEBUG org.asynchttpclient.netty.handler.HttpHandler - 

Request DefaultFullHttpRequest(decodeResult: success, version: HTTP/1.1, content: EmptyByteBufBE)
GET /session/c20c61c1feb969a3246fa3cf31132b18/element/3d25bf68-9900-4fab-90ab-ba862fae3fb2/name HTTP/1.1
User-Agent: selenium/4.1.4 (java windows)
Cache-Control: no-cache
Content-Type: application/json; charset=utf-8
host: localhost:61395
accept: */*

Response DefaultHttpResponse(decodeResult: success, version: HTTP/1.1)
HTTP/1.1 200 OK
Content-Type: application/json; charset=utf-8
cache-control: no-cache
content-length: 18

18:30:08.818 [AsyncHttpClient-1-8] DEBUG org.asynchttpclient.netty.channel.ChannelManager - Adding key: http://localhost:61395 for channel [id: 0xf40c10fe, L:/127.0.0.1:49840 - R:localhost/127.0.0.1:61395]
18:30:08.818 [Forwarding getElementTagName on session c20c61c1feb969a3246fa3cf31132b18 to remote] DEBUG org.asynchttpclient.netty.request.NettyRequestSender - Using pooled Channel '[id: 0xf40c10fe, L:/127.0.0.1:49840 - R:localhost/127.0.0.1:61395]' for 'GET' to 'http://localhost:61395/session/c20c61c1feb969a3246fa3cf31132b18/element/3d25bf68-9900-4fab-90ab-ba862fae3fb2/name'
18:30:08.818 [Forwarding getElementTagName on session c20c61c1feb969a3246fa3cf31132b18 to remote] DEBUG org.asynchttpclient.netty.request.NettyRequestSender - Using open Channel [id: 0xf40c10fe, L:/127.0.0.1:49840 - R:localhost/127.0.0.1:61395] for GET '/session/c20c61c1feb969a3246fa3cf31132b18/element/3d25bf68-9900-4fab-90ab-ba862fae3fb2/name'
18:30:08.821 [AsyncHttpClient-1-8] DEBUG org.asynchttpclient.netty.handler.HttpHandler - 

Request DefaultFullHttpRequest(decodeResult: success, version: HTTP/1.1, content: EmptyByteBufBE)
GET /session/c20c61c1feb969a3246fa3cf31132b18/element/3d25bf68-9900-4fab-90ab-ba862fae3fb2/name HTTP/1.1
User-Agent: selenium/4.1.4 (java windows)
Cache-Control: no-cache
Content-Type: application/json; charset=utf-8
host: localhost:61395
accept: */*

Response DefaultHttpResponse(decodeResult: success, version: HTTP/1.1)
HTTP/1.1 200 OK
Content-Type: application/json; charset=utf-8
cache-control: no-cache
content-length: 18

18:30:08.821 [AsyncHttpClient-1-8] DEBUG org.asynchttpclient.netty.channel.ChannelManager - Adding key: http://localhost:61395 for channel [id: 0xf40c10fe, L:/127.0.0.1:49840 - R:localhost/127.0.0.1:61395]
18:30:08.822 [Forwarding isElementEnabled on session c20c61c1feb969a3246fa3cf31132b18 to remote] DEBUG org.asynchttpclient.netty.request.NettyRequestSender - Using pooled Channel '[id: 0xf40c10fe, L:/127.0.0.1:49840 - R:localhost/127.0.0.1:61395]' for 'GET' to 'http://localhost:61395/session/c20c61c1feb969a3246fa3cf31132b18/element/3d25bf68-9900-4fab-90ab-ba862fae3fb2/enabled'
18:30:08.822 [Forwarding isElementEnabled on session c20c61c1feb969a3246fa3cf31132b18 to remote] DEBUG org.asynchttpclient.netty.request.NettyRequestSender - Using open Channel [id: 0xf40c10fe, L:/127.0.0.1:49840 - R:localhost/127.0.0.1:61395] for GET '/session/c20c61c1feb969a3246fa3cf31132b18/element/3d25bf68-9900-4fab-90ab-ba862fae3fb2/enabled'
18:30:08.829 [AsyncHttpClient-1-8] DEBUG org.asynchttpclient.netty.handler.HttpHandler - 

Request DefaultFullHttpRequest(decodeResult: success, version: HTTP/1.1, content: EmptyByteBufBE)
GET /session/c20c61c1feb969a3246fa3cf31132b18/element/3d25bf68-9900-4fab-90ab-ba862fae3fb2/enabled HTTP/1.1
User-Agent: selenium/4.1.4 (java windows)
Cache-Control: no-cache
Content-Type: application/json; charset=utf-8
host: localhost:61395
accept: */*

Response DefaultHttpResponse(decodeResult: success, version: HTTP/1.1)
HTTP/1.1 200 OK
Content-Type: application/json; charset=utf-8
cache-control: no-cache
content-length: 14

18:30:08.829 [AsyncHttpClient-1-8] DEBUG org.asynchttpclient.netty.channel.ChannelManager - Adding key: http://localhost:61395 for channel [id: 0xf40c10fe, L:/127.0.0.1:49840 - R:localhost/127.0.0.1:61395]
18:30:08.829 [Forwarding isElementEnabled on session c20c61c1feb969a3246fa3cf31132b18 to remote] DEBUG org.asynchttpclient.netty.request.NettyRequestSender - Using pooled Channel '[id: 0xf40c10fe, L:/127.0.0.1:49840 - R:localhost/127.0.0.1:61395]' for 'GET' to 'http://localhost:61395/session/c20c61c1feb969a3246fa3cf31132b18/element/3d25bf68-9900-4fab-90ab-ba862fae3fb2/enabled'
18:30:08.829 [Forwarding isElementEnabled on session c20c61c1feb969a3246fa3cf31132b18 to remote] DEBUG org.asynchttpclient.netty.request.NettyRequestSender - Using open Channel [id: 0xf40c10fe, L:/127.0.0.1:49840 - R:localhost/127.0.0.1:61395] for GET '/session/c20c61c1feb969a3246fa3cf31132b18/element/3d25bf68-9900-4fab-90ab-ba862fae3fb2/enabled'
18:30:08.834 [AsyncHttpClient-1-8] DEBUG org.asynchttpclient.netty.handler.HttpHandler - 

Request DefaultFullHttpRequest(decodeResult: success, version: HTTP/1.1, content: EmptyByteBufBE)
GET /session/c20c61c1feb969a3246fa3cf31132b18/element/3d25bf68-9900-4fab-90ab-ba862fae3fb2/enabled HTTP/1.1
User-Agent: selenium/4.1.4 (java windows)
Cache-Control: no-cache
Content-Type: application/json; charset=utf-8
host: localhost:61395
accept: */*

Response DefaultHttpResponse(decodeResult: success, version: HTTP/1.1)
HTTP/1.1 200 OK
Content-Type: application/json; charset=utf-8
cache-control: no-cache
content-length: 14

18:30:08.834 [AsyncHttpClient-1-8] DEBUG org.asynchttpclient.netty.channel.ChannelManager - Adding key: http://localhost:61395 for channel [id: 0xf40c10fe, L:/127.0.0.1:49840 - R:localhost/127.0.0.1:61395]
18:30:08.836 [Forwarding findElement on session c20c61c1feb969a3246fa3cf31132b18 to remote] DEBUG org.asynchttpclient.netty.request.NettyRequestSender - Using pooled Channel '[id: 0xf40c10fe, L:/127.0.0.1:49840 - R:localhost/127.0.0.1:61395]' for 'POST' to 'http://localhost:61395/session/c20c61c1feb969a3246fa3cf31132b18/element'
18:30:08.836 [Forwarding findElement on session c20c61c1feb969a3246fa3cf31132b18 to remote] DEBUG org.asynchttpclient.netty.request.NettyRequestSender - Using open Channel [id: 0xf40c10fe, L:/127.0.0.1:49840 - R:localhost/127.0.0.1:61395] for POST '/session/c20c61c1feb969a3246fa3cf31132b18/element'
18:30:08.841 [AsyncHttpClient-1-8] DEBUG org.asynchttpclient.netty.handler.HttpHandler - 

Request DefaultHttpRequest(decodeResult: success, version: HTTP/1.1)
POST /session/c20c61c1feb969a3246fa3cf31132b18/element HTTP/1.1
User-Agent: selenium/4.1.4 (java windows)
Content-Length: 88
Content-Type: application/json; charset=utf-8
host: localhost:61395
accept: */*

Response DefaultHttpResponse(decodeResult: success, version: HTTP/1.1)
HTTP/1.1 200 OK
Content-Type: application/json; charset=utf-8
cache-control: no-cache
content-length: 88

18:30:08.841 [AsyncHttpClient-1-8] DEBUG org.asynchttpclient.netty.channel.ChannelManager - Adding key: http://localhost:61395 for channel [id: 0xf40c10fe, L:/127.0.0.1:49840 - R:localhost/127.0.0.1:61395]
18:30:08.842 [Forwarding clickElement on session c20c61c1feb969a3246fa3cf31132b18 to remote] DEBUG org.asynchttpclient.netty.request.NettyRequestSender - Using pooled Channel '[id: 0xf40c10fe, L:/127.0.0.1:49840 - R:localhost/127.0.0.1:61395]' for 'POST' to 'http://localhost:61395/session/c20c61c1feb969a3246fa3cf31132b18/element/3d25bf68-9900-4fab-90ab-ba862fae3fb2/click'
18:30:08.842 [Forwarding clickElement on session c20c61c1feb969a3246fa3cf31132b18 to remote] DEBUG org.asynchttpclient.netty.request.NettyRequestSender - Using open Channel [id: 0xf40c10fe, L:/127.0.0.1:49840 - R:localhost/127.0.0.1:61395] for POST '/session/c20c61c1feb969a3246fa3cf31132b18/element/3d25bf68-9900-4fab-90ab-ba862fae3fb2/click'
18:30:08.899 [AsyncHttpClient-1-8] DEBUG org.asynchttpclient.netty.handler.HttpHandler - 

Request DefaultHttpRequest(decodeResult: success, version: HTTP/1.1)
POST /session/c20c61c1feb969a3246fa3cf31132b18/element/3d25bf68-9900-4fab-90ab-ba862fae3fb2/click HTTP/1.1
User-Agent: selenium/4.1.4 (java windows)
Content-Length: 50
Content-Type: application/json; charset=utf-8
host: localhost:61395
accept: */*

Response DefaultHttpResponse(decodeResult: success, version: HTTP/1.1)
HTTP/1.1 200 OK
Content-Type: application/json; charset=utf-8
cache-control: no-cache
content-length: 14

18:30:08.899 [AsyncHttpClient-1-8] DEBUG org.asynchttpclient.netty.channel.ChannelManager - Adding key: http://localhost:61395 for channel [id: 0xf40c10fe, L:/127.0.0.1:49840 - R:localhost/127.0.0.1:61395]
18:30:08.907 [Forwarding screenshot on session c20c61c1feb969a3246fa3cf31132b18 to remote] DEBUG org.asynchttpclient.netty.request.NettyRequestSender - Using pooled Channel '[id: 0xf40c10fe, L:/127.0.0.1:49840 - R:localhost/127.0.0.1:61395]' for 'GET' to 'http://localhost:61395/session/c20c61c1feb969a3246fa3cf31132b18/screenshot'
18:30:08.907 [Forwarding screenshot on session c20c61c1feb969a3246fa3cf31132b18 to remote] DEBUG org.asynchttpclient.netty.request.NettyRequestSender - Using open Channel [id: 0xf40c10fe, L:/127.0.0.1:49840 - R:localhost/127.0.0.1:61395] for GET '/session/c20c61c1feb969a3246fa3cf31132b18/screenshot'
18:30:09.036 [AsyncHttpClient-1-1] DEBUG org.asynchttpclient.netty.channel.DefaultChannelPool - Entry count for : http://localhost:49841 : 1
18:30:09.213 [AsyncHttpClient-1-8] DEBUG org.asynchttpclient.netty.handler.HttpHandler - 

Request DefaultFullHttpRequest(decodeResult: success, version: HTTP/1.1, content: EmptyByteBufBE)
GET /session/c20c61c1feb969a3246fa3cf31132b18/screenshot HTTP/1.1
User-Agent: selenium/4.1.4 (java windows)
Cache-Control: no-cache
Content-Type: application/json; charset=utf-8
host: localhost:61395
accept: */*

Response DefaultHttpResponse(decodeResult: success, version: HTTP/1.1)
HTTP/1.1 200 OK
Content-Type: application/json; charset=utf-8
cache-control: no-cache
content-length: 51056

18:30:09.213 [AsyncHttpClient-1-8] DEBUG org.asynchttpclient.netty.channel.ChannelManager - Adding key: http://localhost:61395 for channel [id: 0xf40c10fe, L:/127.0.0.1:49840 - R:localhost/127.0.0.1:61395]
18:30:09.220 [main] DEBUG net.serenitybdd.core.photography.Darkroom - Send negative for processing for target\site\serenity\f855b29e6bd835157f4bbfb1adbbe1e980f0c323805e78dd913f61abefb871f3.png
18:30:09.220 [main] DEBUG net.thucydides.core.steps.StepInterceptor - STEP DONE: clickButtonErrorOK
  &amp#27;[32mAnd &amp#27;[0m&amp#27;[32mLogin validation invalid&amp#27;[0m                                                 &amp#27;[90m# starter.stepdefinitios.LoginSteps.loginValidationInvalid()&amp#27;[0m
18:30:09.220 [Darkroom Processing Line] DEBUG net.serenitybdd.core.photography.DarkroomProcessingLine - Processing screenshot image in /var/screenshots/screenshot-9660817000613531048
18:30:09.220 [Darkroom Processing Line] DEBUG net.serenitybdd.core.photography.DarkroomProcessingLine - Saving screenshot to target\site\serenity\f855b29e6bd835157f4bbfb1adbbe1e980f0c323805e78dd913f61abefb871f3.png
18:30:10.150 [AsyncHttpClient-1-1] DEBUG org.asynchttpclient.netty.channel.DefaultChannelPool - Entry count for : http://localhost:61395 : 1
18:30:10.150 [AsyncHttpClient-1-1] DEBUG org.asynchttpclient.netty.channel.DefaultChannelPool - Entry count for : http://localhost:49841 : 1
18:30:11.242 [AsyncHttpClient-1-1] DEBUG org.asynchttpclient.netty.channel.DefaultChannelPool - Entry count for : http://localhost:61395 : 1
18:30:11.242 [AsyncHttpClient-1-1] DEBUG org.asynchttpclient.netty.channel.DefaultChannelPool - Entry count for : http://localhost:49841 : 1
18:30:12.339 [AsyncHttpClient-1-1] DEBUG org.asynchttpclient.netty.channel.DefaultChannelPool - Entry count for : http://localhost:61395 : 1
18:30:12.339 [AsyncHttpClient-1-1] DEBUG org.asynchttpclient.netty.channel.DefaultChannelPool - Entry count for : http://localhost:49841 : 1
18:30:13.437 [AsyncHttpClient-1-1] DEBUG org.asynchttpclient.netty.channel.DefaultChannelPool - Entry count for : http://localhost:61395 : 1
18:30:13.437 [AsyncHttpClient-1-1] DEBUG org.asynchttpclient.netty.channel.DefaultChannelPool - Entry count for : http://localhost:49841 : 1
18:30:14.338 [Forwarding screenshot on session c20c61c1feb969a3246fa3cf31132b18 to remote] DEBUG org.asynchttpclient.netty.request.NettyRequestSender - Using pooled Channel '[id: 0xf40c10fe, L:/127.0.0.1:49840 - R:localhost/127.0.0.1:61395]' for 'GET' to 'http://localhost:61395/session/c20c61c1feb969a3246fa3cf31132b18/screenshot'
18:30:14.338 [Forwarding screenshot on session c20c61c1feb969a3246fa3cf31132b18 to remote] DEBUG org.asynchttpclient.netty.request.NettyRequestSender - Using open Channel [id: 0xf40c10fe, L:/127.0.0.1:49840 - R:localhost/127.0.0.1:61395] for GET '/session/c20c61c1feb969a3246fa3cf31132b18/screenshot'
18:30:14.503 [AsyncHttpClient-1-8] DEBUG org.asynchttpclient.netty.handler.HttpHandler - 

Request DefaultFullHttpRequest(decodeResult: success, version: HTTP/1.1, content: EmptyByteBufBE)
GET /session/c20c61c1feb969a3246fa3cf31132b18/screenshot HTTP/1.1
User-Agent: selenium/4.1.4 (java windows)
Cache-Control: no-cache
Content-Type: application/json; charset=utf-8
host: localhost:61395
accept: */*

Response DefaultHttpResponse(decodeResult: success, version: HTTP/1.1)
HTTP/1.1 200 OK
Content-Type: application/json; charset=utf-8
cache-control: no-cache
content-length: 78860

18:30:14.503 [AsyncHttpClient-1-8] DEBUG org.asynchttpclient.netty.channel.ChannelManager - Adding key: http://localhost:61395 for channel [id: 0xf40c10fe, L:/127.0.0.1:49840 - R:localhost/127.0.0.1:61395]
18:30:14.505 [main] DEBUG net.serenitybdd.core.photography.Darkroom - Send negative for processing for target\site\serenity\e3902e4e6d497170d59aa0c0c2930d955492166dca27ad580f2b08c08bf103aa.png
18:30:14.506 [main] DEBUG net.thucydides.core.steps.StepInterceptor - STARTING STEP: PatientDataSteps.clickButtonDataPasien - clickButtonDataPasien
18:30:14.509 [Forwarding findElement on session c20c61c1feb969a3246fa3cf31132b18 to remote] DEBUG org.asynchttpclient.netty.request.NettyRequestSender - Using pooled Channel '[id: 0xf40c10fe, L:/127.0.0.1:49840 - R:localhost/127.0.0.1:61395]' for 'POST' to 'http://localhost:61395/session/c20c61c1feb969a3246fa3cf31132b18/element'
18:30:14.509 [Forwarding findElement on session c20c61c1feb969a3246fa3cf31132b18 to remote] DEBUG org.asynchttpclient.netty.request.NettyRequestSender - Using open Channel [id: 0xf40c10fe, L:/127.0.0.1:49840 - R:localhost/127.0.0.1:61395] for POST '/session/c20c61c1feb969a3246fa3cf31132b18/element'
18:30:14.518 [AsyncHttpClient-1-8] DEBUG org.asynchttpclient.netty.handler.HttpHandler - 

Request DefaultHttpRequest(decodeResult: success, version: HTTP/1.1)
POST /session/c20c61c1feb969a3246fa3cf31132b18/element HTTP/1.1
User-Agent: selenium/4.1.4 (java windows)
Content-Length: 114
Content-Type: application/json; charset=utf-8
host: localhost:61395
accept: */*

Response DefaultHttpResponse(decodeResult: success, version: HTTP/1.1)
HTTP/1.1 200 OK
Content-Type: application/json; charset=utf-8
cache-control: no-cache
content-length: 88

18:30:14.518 [AsyncHttpClient-1-8] DEBUG org.asynchttpclient.netty.channel.ChannelManager - Adding key: http://localhost:61395 for channel [id: 0xf40c10fe, L:/127.0.0.1:49840 - R:localhost/127.0.0.1:61395]
18:30:14.519 [Forwarding getElementTagName on session c20c61c1feb969a3246fa3cf31132b18 to remote] DEBUG org.asynchttpclient.netty.request.NettyRequestSender - Using pooled Channel '[id: 0xf40c10fe, L:/127.0.0.1:49840 - R:localhost/127.0.0.1:61395]' for 'GET' to 'http://localhost:61395/session/c20c61c1feb969a3246fa3cf31132b18/element/fb34fc02-2c62-4889-8577-a47b6d491cd9/name'
18:30:14.519 [Forwarding getElementTagName on session c20c61c1feb969a3246fa3cf31132b18 to remote] DEBUG org.asynchttpclient.netty.request.NettyRequestSender - Using open Channel [id: 0xf40c10fe, L:/127.0.0.1:49840 - R:localhost/127.0.0.1:61395] for GET '/session/c20c61c1feb969a3246fa3cf31132b18/element/fb34fc02-2c62-4889-8577-a47b6d491cd9/name'
18:30:14.523 [AsyncHttpClient-1-8] DEBUG org.asynchttpclient.netty.handler.HttpHandler - 

Request DefaultFullHttpRequest(decodeResult: success, version: HTTP/1.1, content: EmptyByteBufBE)
GET /session/c20c61c1feb969a3246fa3cf31132b18/element/fb34fc02-2c62-4889-8577-a47b6d491cd9/name HTTP/1.1
User-Agent: selenium/4.1.4 (java windows)
Cache-Control: no-cache
Content-Type: application/json; charset=utf-8
host: localhost:61395
accept: */*

Response DefaultHttpResponse(decodeResult: success, version: HTTP/1.1)
HTTP/1.1 200 OK
Content-Type: application/json; charset=utf-8
cache-control: no-cache
content-length: 13

18:30:14.523 [AsyncHttpClient-1-8] DEBUG org.asynchttpclient.netty.channel.ChannelManager - Adding key: http://localhost:61395 for channel [id: 0xf40c10fe, L:/127.0.0.1:49840 - R:localhost/127.0.0.1:61395]
18:30:14.524 [Forwarding getElementTagName on session c20c61c1feb969a3246fa3cf31132b18 to remote] DEBUG org.asynchttpclient.netty.request.NettyRequestSender - Using pooled Channel '[id: 0xf40c10fe, L:/127.0.0.1:49840 - R:localhost/127.0.0.1:61395]' for 'GET' to 'http://localhost:61395/session/c20c61c1feb969a3246fa3cf31132b18/element/fb34fc02-2c62-4889-8577-a47b6d491cd9/name'
18:30:14.524 [Forwarding getElementTagName on session c20c61c1feb969a3246fa3cf31132b18 to remote] DEBUG org.asynchttpclient.netty.request.NettyRequestSender - Using open Channel [id: 0xf40c10fe, L:/127.0.0.1:49840 - R:localhost/127.0.0.1:61395] for GET '/session/c20c61c1feb969a3246fa3cf31132b18/element/fb34fc02-2c62-4889-8577-a47b6d491cd9/name'
18:30:14.527 [AsyncHttpClient-1-8] DEBUG org.asynchttpclient.netty.handler.HttpHandler - 

Request DefaultFullHttpRequest(decodeResult: success, version: HTTP/1.1, content: EmptyByteBufBE)
GET /session/c20c61c1feb969a3246fa3cf31132b18/element/fb34fc02-2c62-4889-8577-a47b6d491cd9/name HTTP/1.1
User-Agent: selenium/4.1.4 (java windows)
Cache-Control: no-cache
Content-Type: application/json; charset=utf-8
host: localhost:61395
accept: */*

Response DefaultHttpResponse(decodeResult: success, version: HTTP/1.1)
HTTP/1.1 200 OK
Content-Type: application/json; charset=utf-8
cache-control: no-cache
content-length: 13

18:30:14.527 [AsyncHttpClient-1-8] DEBUG org.asynchttpclient.netty.channel.ChannelManager - Adding key: http://localhost:61395 for channel [id: 0xf40c10fe, L:/127.0.0.1:49840 - R:localhost/127.0.0.1:61395]
18:30:14.528 [Forwarding findElement on session c20c61c1feb969a3246fa3cf31132b18 to remote] DEBUG org.asynchttpclient.netty.request.NettyRequestSender - Using pooled Channel '[id: 0xf40c10fe, L:/127.0.0.1:49840 - R:localhost/127.0.0.1:61395]' for 'POST' to 'http://localhost:61395/session/c20c61c1feb969a3246fa3cf31132b18/element'
18:30:14.528 [Forwarding findElement on session c20c61c1feb969a3246fa3cf31132b18 to remote] DEBUG org.asynchttpclient.netty.request.NettyRequestSender - Using open Channel [id: 0xf40c10fe, L:/127.0.0.1:49840 - R:localhost/127.0.0.1:61395] for POST '/session/c20c61c1feb969a3246fa3cf31132b18/element'
18:30:14.533 [AsyncHttpClient-1-8] DEBUG org.asynchttpclient.netty.handler.HttpHandler - 

Request DefaultHttpRequest(decodeResult: success, version: HTTP/1.1)
POST /session/c20c61c1feb969a3246fa3cf31132b18/element HTTP/1.1
User-Agent: selenium/4.1.4 (java windows)
Content-Length: 114
Content-Type: application/json; charset=utf-8
host: localhost:61395
accept: */*

Response DefaultHttpResponse(decodeResult: success, version: HTTP/1.1)
HTTP/1.1 200 OK
Content-Type: application/json; charset=utf-8
cache-control: no-cache
content-length: 88

18:30:14.533 [AsyncHttpClient-1-8] DEBUG org.asynchttpclient.netty.channel.ChannelManager - Adding key: http://localhost:61395 for channel [id: 0xf40c10fe, L:/127.0.0.1:49840 - R:localhost/127.0.0.1:61395]
18:30:14.533 [Forwarding clickElement on session c20c61c1feb969a3246fa3cf31132b18 to remote] DEBUG org.asynchttpclient.netty.request.NettyRequestSender - Using pooled Channel '[id: 0xf40c10fe, L:/127.0.0.1:49840 - R:localhost/127.0.0.1:61395]' for 'POST' to 'http://localhost:61395/session/c20c61c1feb969a3246fa3cf31132b18/element/fb34fc02-2c62-4889-8577-a47b6d491cd9/click'
18:30:14.533 [Forwarding clickElement on session c20c61c1feb969a3246fa3cf31132b18 to remote] DEBUG org.asynchttpclient.netty.request.NettyRequestSender - Using open Channel [id: 0xf40c10fe, L:/127.0.0.1:49840 - R:localhost/127.0.0.1:61395] for POST '/session/c20c61c1feb969a3246fa3cf31132b18/element/fb34fc02-2c62-4889-8577-a47b6d491cd9/click'
18:30:14.541 [AsyncHttpClient-1-1] DEBUG org.asynchttpclient.netty.channel.DefaultChannelPool - Entry count for : http://localhost:49841 : 1
18:30:14.620 [AsyncHttpClient-1-8] DEBUG org.asynchttpclient.netty.handler.HttpHandler - 

Request DefaultHttpRequest(decodeResult: success, version: HTTP/1.1)
POST /session/c20c61c1feb969a3246fa3cf31132b18/element/fb34fc02-2c62-4889-8577-a47b6d491cd9/click HTTP/1.1
User-Agent: selenium/4.1.4 (java windows)
Content-Length: 50
Content-Type: application/json; charset=utf-8
host: localhost:61395
accept: */*

Response DefaultHttpResponse(decodeResult: success, version: HTTP/1.1)
HTTP/1.1 200 OK
Content-Type: application/json; charset=utf-8
cache-control: no-cache
content-length: 14

18:30:14.620 [AsyncHttpClient-1-8] DEBUG org.asynchttpclient.netty.channel.ChannelManager - Adding key: http://localhost:61395 for channel [id: 0xf40c10fe, L:/127.0.0.1:49840 - R:localhost/127.0.0.1:61395]
18:30:14.629 [Forwarding screenshot on session c20c61c1feb969a3246fa3cf31132b18 to remote] DEBUG org.asynchttpclient.netty.request.NettyRequestSender - Using pooled Channel '[id: 0xf40c10fe, L:/127.0.0.1:49840 - R:localhost/127.0.0.1:61395]' for 'GET' to 'http://localhost:61395/session/c20c61c1feb969a3246fa3cf31132b18/screenshot'
18:30:14.629 [Forwarding screenshot on session c20c61c1feb969a3246fa3cf31132b18 to remote] DEBUG org.asynchttpclient.netty.request.NettyRequestSender - Using open Channel [id: 0xf40c10fe, L:/127.0.0.1:49840 - R:localhost/127.0.0.1:61395] for GET '/session/c20c61c1feb969a3246fa3cf31132b18/screenshot'
18:30:14.787 [AsyncHttpClient-1-8] DEBUG org.asynchttpclient.netty.handler.HttpHandler - 

Request DefaultFullHttpRequest(decodeResult: success, version: HTTP/1.1, content: EmptyByteBufBE)
GET /session/c20c61c1feb969a3246fa3cf31132b18/screenshot HTTP/1.1
User-Agent: selenium/4.1.4 (java windows)
Cache-Control: no-cache
Content-Type: application/json; charset=utf-8
host: localhost:61395
accept: */*

Response DefaultHttpResponse(decodeResult: success, version: HTTP/1.1)
HTTP/1.1 200 OK
Content-Type: application/json; charset=utf-8
cache-control: no-cache
content-length: 114444

18:30:14.787 [AsyncHttpClient-1-8] DEBUG org.asynchttpclient.netty.channel.ChannelManager - Adding key: http://localhost:61395 for channel [id: 0xf40c10fe, L:/127.0.0.1:49840 - R:localhost/127.0.0.1:61395]
18:30:14.792 [main] DEBUG net.serenitybdd.core.photography.Darkroom - Send negative for processing for target\site\serenity\802a4af2c41f1562a9d704550c55c31324dd51b76e67f3cac166a7e0a7473c14.png
18:30:14.792 [main] DEBUG net.thucydides.core.steps.StepInterceptor - STEP DONE: clickButtonDataPasien
  &amp#27;[32mWhen &amp#27;[0m&amp#27;[32mClick button data pasien&amp#27;[0m                                                &amp#27;[90m# starter.stepdefinitios.PatientDataSteps.clickButtonDataPasien()&amp#27;[0m
18:30:14.792 [Darkroom Processing Line] DEBUG net.serenitybdd.core.photography.DarkroomProcessingLine - Processing screenshot image in /var/screenshots/screenshot-5029907367071620604
18:30:14.792 [Darkroom Processing Line] DEBUG net.serenitybdd.core.photography.DarkroomProcessingLine - Saving screenshot to target\site\serenity\802a4af2c41f1562a9d704550c55c31324dd51b76e67f3cac166a7e0a7473c14.png
18:30:15.638 [AsyncHttpClient-1-1] DEBUG org.asynchttpclient.netty.channel.DefaultChannelPool - Entry count for : http://localhost:61395 : 1
18:30:15.638 [AsyncHttpClient-1-1] DEBUG org.asynchttpclient.netty.channel.DefaultChannelPool - Entry count for : http://localhost:49841 : 1
18:30:16.741 [AsyncHttpClient-1-1] DEBUG org.asynchttpclient.netty.channel.DefaultChannelPool - Entry count for : http://localhost:61395 : 1
18:30:16.741 [AsyncHttpClient-1-1] DEBUG org.asynchttpclient.netty.channel.DefaultChannelPool - Entry count for : http://localhost:49841 : 1
18:30:17.844 [AsyncHttpClient-1-1] DEBUG org.asynchttpclient.netty.channel.DefaultChannelPool - Entry count for : http://localhost:61395 : 1
18:30:17.844 [AsyncHttpClient-1-1] DEBUG org.asynchttpclient.netty.channel.DefaultChannelPool - Entry count for : http://localhost:49841 : 1
18:30:18.935 [AsyncHttpClient-1-1] DEBUG org.asynchttpclient.netty.channel.DefaultChannelPool - Entry count for : http://localhost:61395 : 1
18:30:18.935 [AsyncHttpClient-1-1] DEBUG org.asynchttpclient.netty.channel.DefaultChannelPool - Entry count for : http://localhost:49841 : 1
18:30:20.039 [AsyncHttpClient-1-1] DEBUG org.asynchttpclient.netty.channel.DefaultChannelPool - Entry count for : http://localhost:61395 : 1
18:30:20.039 [AsyncHttpClient-1-1] DEBUG org.asynchttpclient.netty.channel.DefaultChannelPool - Entry count for : http://localhost:49841 : 1
18:30:20.825 [Forwarding screenshot on session c20c61c1feb969a3246fa3cf31132b18 to remote] DEBUG org.asynchttpclient.netty.request.NettyRequestSender - Using pooled Channel '[id: 0xf40c10fe, L:/127.0.0.1:49840 - R:localhost/127.0.0.1:61395]' for 'GET' to 'http://localhost:61395/session/c20c61c1feb969a3246fa3cf31132b18/screenshot'
18:30:20.825 [Forwarding screenshot on session c20c61c1feb969a3246fa3cf31132b18 to remote] DEBUG org.asynchttpclient.netty.request.NettyRequestSender - Using open Channel [id: 0xf40c10fe, L:/127.0.0.1:49840 - R:localhost/127.0.0.1:61395] for GET '/session/c20c61c1feb969a3246fa3cf31132b18/screenshot'
18:30:21.007 [AsyncHttpClient-1-8] DEBUG org.asynchttpclient.netty.handler.HttpHandler - 

Request DefaultFullHttpRequest(decodeResult: success, version: HTTP/1.1, content: EmptyByteBufBE)
GET /session/c20c61c1feb969a3246fa3cf31132b18/screenshot HTTP/1.1
User-Agent: selenium/4.1.4 (java windows)
Cache-Control: no-cache
Content-Type: application/json; charset=utf-8
host: localhost:61395
accept: */*

Response DefaultHttpResponse(decodeResult: success, version: HTTP/1.1)
HTTP/1.1 200 OK
Content-Type: application/json; charset=utf-8
cache-control: no-cache
content-length: 83448

18:30:21.007 [AsyncHttpClient-1-8] DEBUG org.asynchttpclient.netty.channel.ChannelManager - Adding key: http://localhost:61395 for channel [id: 0xf40c10fe, L:/127.0.0.1:49840 - R:localhost/127.0.0.1:61395]
18:30:21.012 [main] DEBUG net.serenitybdd.core.photography.Darkroom - Send negative for processing for target\site\serenity\cdc7d6768bd36f67cb5558b84d3f7cdf2498093267c606387c7df8516ad3c364.png
18:30:21.012 [main] DEBUG net.thucydides.core.steps.StepInterceptor - STARTING STEP: PatientDataSteps.clickButtonTambahData - clickButtonTambah
18:30:21.021 [Forwarding findElement on session c20c61c1feb969a3246fa3cf31132b18 to remote] DEBUG org.asynchttpclient.netty.request.NettyRequestSender - Using pooled Channel '[id: 0xf40c10fe, L:/127.0.0.1:49840 - R:localhost/127.0.0.1:61395]' for 'POST' to 'http://localhost:61395/session/c20c61c1feb969a3246fa3cf31132b18/element'
18:30:21.021 [Forwarding findElement on session c20c61c1feb969a3246fa3cf31132b18 to remote] DEBUG org.asynchttpclient.netty.request.NettyRequestSender - Using open Channel [id: 0xf40c10fe, L:/127.0.0.1:49840 - R:localhost/127.0.0.1:61395] for POST '/session/c20c61c1feb969a3246fa3cf31132b18/element'
18:30:21.038 [AsyncHttpClient-1-8] DEBUG org.asynchttpclient.netty.handler.HttpHandler - 

Request DefaultHttpRequest(decodeResult: success, version: HTTP/1.1)
POST /session/c20c61c1feb969a3246fa3cf31132b18/element HTTP/1.1
User-Agent: selenium/4.1.4 (java windows)
Content-Length: 68
Content-Type: application/json; charset=utf-8
host: localhost:61395
accept: */*

Response DefaultHttpResponse(decodeResult: success, version: HTTP/1.1)
HTTP/1.1 200 OK
Content-Type: application/json; charset=utf-8
cache-control: no-cache
content-length: 88

18:30:21.038 [AsyncHttpClient-1-8] DEBUG org.asynchttpclient.netty.channel.ChannelManager - Adding key: http://localhost:61395 for channel [id: 0xf40c10fe, L:/127.0.0.1:49840 - R:localhost/127.0.0.1:61395]
18:30:21.039 [Forwarding getElementTagName on session c20c61c1feb969a3246fa3cf31132b18 to remote] DEBUG org.asynchttpclient.netty.request.NettyRequestSender - Using pooled Channel '[id: 0xf40c10fe, L:/127.0.0.1:49840 - R:localhost/127.0.0.1:61395]' for 'GET' to 'http://localhost:61395/session/c20c61c1feb969a3246fa3cf31132b18/element/df51a7ac-877f-4dfd-a668-5da41309c1e1/name'
18:30:21.039 [Forwarding getElementTagName on session c20c61c1feb969a3246fa3cf31132b18 to remote] DEBUG org.asynchttpclient.netty.request.NettyRequestSender - Using open Channel [id: 0xf40c10fe, L:/127.0.0.1:49840 - R:localhost/127.0.0.1:61395] for GET '/session/c20c61c1feb969a3246fa3cf31132b18/element/df51a7ac-877f-4dfd-a668-5da41309c1e1/name'
18:30:21.043 [AsyncHttpClient-1-8] DEBUG org.asynchttpclient.netty.handler.HttpHandler - 

Request DefaultFullHttpRequest(decodeResult: success, version: HTTP/1.1, content: EmptyByteBufBE)
GET /session/c20c61c1feb969a3246fa3cf31132b18/element/df51a7ac-877f-4dfd-a668-5da41309c1e1/name HTTP/1.1
User-Agent: selenium/4.1.4 (java windows)
Cache-Control: no-cache
Content-Type: application/json; charset=utf-8
host: localhost:61395
accept: */*

Response DefaultHttpResponse(decodeResult: success, version: HTTP/1.1)
HTTP/1.1 200 OK
Content-Type: application/json; charset=utf-8
cache-control: no-cache
content-length: 18

18:30:21.043 [AsyncHttpClient-1-8] DEBUG org.asynchttpclient.netty.channel.ChannelManager - Adding key: http://localhost:61395 for channel [id: 0xf40c10fe, L:/127.0.0.1:49840 - R:localhost/127.0.0.1:61395]
18:30:21.044 [Forwarding getElementTagName on session c20c61c1feb969a3246fa3cf31132b18 to remote] DEBUG org.asynchttpclient.netty.request.NettyRequestSender - Using pooled Channel '[id: 0xf40c10fe, L:/127.0.0.1:49840 - R:localhost/127.0.0.1:61395]' for 'GET' to 'http://localhost:61395/session/c20c61c1feb969a3246fa3cf31132b18/element/df51a7ac-877f-4dfd-a668-5da41309c1e1/name'
18:30:21.044 [Forwarding getElementTagName on session c20c61c1feb969a3246fa3cf31132b18 to remote] DEBUG org.asynchttpclient.netty.request.NettyRequestSender - Using open Channel [id: 0xf40c10fe, L:/127.0.0.1:49840 - R:localhost/127.0.0.1:61395] for GET '/session/c20c61c1feb969a3246fa3cf31132b18/element/df51a7ac-877f-4dfd-a668-5da41309c1e1/name'
18:30:21.048 [AsyncHttpClient-1-8] DEBUG org.asynchttpclient.netty.handler.HttpHandler - 

Request DefaultFullHttpRequest(decodeResult: success, version: HTTP/1.1, content: EmptyByteBufBE)
GET /session/c20c61c1feb969a3246fa3cf31132b18/element/df51a7ac-877f-4dfd-a668-5da41309c1e1/name HTTP/1.1
User-Agent: selenium/4.1.4 (java windows)
Cache-Control: no-cache
Content-Type: application/json; charset=utf-8
host: localhost:61395
accept: */*

Response DefaultHttpResponse(decodeResult: success, version: HTTP/1.1)
HTTP/1.1 200 OK
Content-Type: application/json; charset=utf-8
cache-control: no-cache
content-length: 18

18:30:21.048 [AsyncHttpClient-1-8] DEBUG org.asynchttpclient.netty.channel.ChannelManager - Adding key: http://localhost:61395 for channel [id: 0xf40c10fe, L:/127.0.0.1:49840 - R:localhost/127.0.0.1:61395]
18:30:21.051 [Forwarding isElementEnabled on session c20c61c1feb969a3246fa3cf31132b18 to remote] DEBUG org.asynchttpclient.netty.request.NettyRequestSender - Using pooled Channel '[id: 0xf40c10fe, L:/127.0.0.1:49840 - R:localhost/127.0.0.1:61395]' for 'GET' to 'http://localhost:61395/session/c20c61c1feb969a3246fa3cf31132b18/element/df51a7ac-877f-4dfd-a668-5da41309c1e1/enabled'
18:30:21.051 [Forwarding isElementEnabled on session c20c61c1feb969a3246fa3cf31132b18 to remote] DEBUG org.asynchttpclient.netty.request.NettyRequestSender - Using open Channel [id: 0xf40c10fe, L:/127.0.0.1:49840 - R:localhost/127.0.0.1:61395] for GET '/session/c20c61c1feb969a3246fa3cf31132b18/element/df51a7ac-877f-4dfd-a668-5da41309c1e1/enabled'
18:30:21.060 [AsyncHttpClient-1-8] DEBUG org.asynchttpclient.netty.handler.HttpHandler - 

Request DefaultFullHttpRequest(decodeResult: success, version: HTTP/1.1, content: EmptyByteBufBE)
GET /session/c20c61c1feb969a3246fa3cf31132b18/element/df51a7ac-877f-4dfd-a668-5da41309c1e1/enabled HTTP/1.1
User-Agent: selenium/4.1.4 (java windows)
Cache-Control: no-cache
Content-Type: application/json; charset=utf-8
host: localhost:61395
accept: */*

Response DefaultHttpResponse(decodeResult: success, version: HTTP/1.1)
HTTP/1.1 200 OK
Content-Type: application/json; charset=utf-8
cache-control: no-cache
content-length: 14

18:30:21.060 [AsyncHttpClient-1-8] DEBUG org.asynchttpclient.netty.channel.ChannelManager - Adding key: http://localhost:61395 for channel [id: 0xf40c10fe, L:/127.0.0.1:49840 - R:localhost/127.0.0.1:61395]
18:30:21.061 [Forwarding isElementEnabled on session c20c61c1feb969a3246fa3cf31132b18 to remote] DEBUG org.asynchttpclient.netty.request.NettyRequestSender - Using pooled Channel '[id: 0xf40c10fe, L:/127.0.0.1:49840 - R:localhost/127.0.0.1:61395]' for 'GET' to 'http://localhost:61395/session/c20c61c1feb969a3246fa3cf31132b18/element/df51a7ac-877f-4dfd-a668-5da41309c1e1/enabled'
18:30:21.061 [Forwarding isElementEnabled on session c20c61c1feb969a3246fa3cf31132b18 to remote] DEBUG org.asynchttpclient.netty.request.NettyRequestSender - Using open Channel [id: 0xf40c10fe, L:/127.0.0.1:49840 - R:localhost/127.0.0.1:61395] for GET '/session/c20c61c1feb969a3246fa3cf31132b18/element/df51a7ac-877f-4dfd-a668-5da41309c1e1/enabled'
18:30:21.067 [AsyncHttpClient-1-8] DEBUG org.asynchttpclient.netty.handler.HttpHandler - 

Request DefaultFullHttpRequest(decodeResult: success, version: HTTP/1.1, content: EmptyByteBufBE)
GET /session/c20c61c1feb969a3246fa3cf31132b18/element/df51a7ac-877f-4dfd-a668-5da41309c1e1/enabled HTTP/1.1
User-Agent: selenium/4.1.4 (java windows)
Cache-Control: no-cache
Content-Type: application/json; charset=utf-8
host: localhost:61395
accept: */*

Response DefaultHttpResponse(decodeResult: success, version: HTTP/1.1)
HTTP/1.1 200 OK
Content-Type: application/json; charset=utf-8
cache-control: no-cache
content-length: 14

18:30:21.067 [AsyncHttpClient-1-8] DEBUG org.asynchttpclient.netty.channel.ChannelManager - Adding key: http://localhost:61395 for channel [id: 0xf40c10fe, L:/127.0.0.1:49840 - R:localhost/127.0.0.1:61395]
18:30:21.069 [Forwarding findElement on session c20c61c1feb969a3246fa3cf31132b18 to remote] DEBUG org.asynchttpclient.netty.request.NettyRequestSender - Using pooled Channel '[id: 0xf40c10fe, L:/127.0.0.1:49840 - R:localhost/127.0.0.1:61395]' for 'POST' to 'http://localhost:61395/session/c20c61c1feb969a3246fa3cf31132b18/element'
18:30:21.069 [Forwarding findElement on session c20c61c1feb969a3246fa3cf31132b18 to remote] DEBUG org.asynchttpclient.netty.request.NettyRequestSender - Using open Channel [id: 0xf40c10fe, L:/127.0.0.1:49840 - R:localhost/127.0.0.1:61395] for POST '/session/c20c61c1feb969a3246fa3cf31132b18/element'
18:30:21.076 [AsyncHttpClient-1-8] DEBUG org.asynchttpclient.netty.handler.HttpHandler - 

Request DefaultHttpRequest(decodeResult: success, version: HTTP/1.1)
POST /session/c20c61c1feb969a3246fa3cf31132b18/element HTTP/1.1
User-Agent: selenium/4.1.4 (java windows)
Content-Length: 68
Content-Type: application/json; charset=utf-8
host: localhost:61395
accept: */*

Response DefaultHttpResponse(decodeResult: success, version: HTTP/1.1)
HTTP/1.1 200 OK
Content-Type: application/json; charset=utf-8
cache-control: no-cache
content-length: 88

18:30:21.076 [AsyncHttpClient-1-8] DEBUG org.asynchttpclient.netty.channel.ChannelManager - Adding key: http://localhost:61395 for channel [id: 0xf40c10fe, L:/127.0.0.1:49840 - R:localhost/127.0.0.1:61395]
18:30:21.077 [Forwarding clickElement on session c20c61c1feb969a3246fa3cf31132b18 to remote] DEBUG org.asynchttpclient.netty.request.NettyRequestSender - Using pooled Channel '[id: 0xf40c10fe, L:/127.0.0.1:49840 - R:localhost/127.0.0.1:61395]' for 'POST' to 'http://localhost:61395/session/c20c61c1feb969a3246fa3cf31132b18/element/df51a7ac-877f-4dfd-a668-5da41309c1e1/click'
18:30:21.077 [Forwarding clickElement on session c20c61c1feb969a3246fa3cf31132b18 to remote] DEBUG org.asynchttpclient.netty.request.NettyRequestSender - Using open Channel [id: 0xf40c10fe, L:/127.0.0.1:49840 - R:localhost/127.0.0.1:61395] for POST '/session/c20c61c1feb969a3246fa3cf31132b18/element/df51a7ac-877f-4dfd-a668-5da41309c1e1/click'
18:30:21.141 [AsyncHttpClient-1-1] DEBUG org.asynchttpclient.netty.channel.DefaultChannelPool - Entry count for : http://localhost:49841 : 1
18:30:21.198 [AsyncHttpClient-1-8] DEBUG org.asynchttpclient.netty.handler.HttpHandler - 

Request DefaultHttpRequest(decodeResult: success, version: HTTP/1.1)
POST /session/c20c61c1feb969a3246fa3cf31132b18/element/df51a7ac-877f-4dfd-a668-5da41309c1e1/click HTTP/1.1
User-Agent: selenium/4.1.4 (java windows)
Content-Length: 50
Content-Type: application/json; charset=utf-8
host: localhost:61395
accept: */*

Response DefaultHttpResponse(decodeResult: success, version: HTTP/1.1)
HTTP/1.1 200 OK
Content-Type: application/json; charset=utf-8
cache-control: no-cache
content-length: 14

18:30:21.199 [AsyncHttpClient-1-8] DEBUG org.asynchttpclient.netty.channel.ChannelManager - Adding key: http://localhost:61395 for channel [id: 0xf40c10fe, L:/127.0.0.1:49840 - R:localhost/127.0.0.1:61395]
18:30:21.205 [Forwarding screenshot on session c20c61c1feb969a3246fa3cf31132b18 to remote] DEBUG org.asynchttpclient.netty.request.NettyRequestSender - Using pooled Channel '[id: 0xf40c10fe, L:/127.0.0.1:49840 - R:localhost/127.0.0.1:61395]' for 'GET' to 'http://localhost:61395/session/c20c61c1feb969a3246fa3cf31132b18/screenshot'
18:30:21.205 [Forwarding screenshot on session c20c61c1feb969a3246fa3cf31132b18 to remote] DEBUG org.asynchttpclient.netty.request.NettyRequestSender - Using open Channel [id: 0xf40c10fe, L:/127.0.0.1:49840 - R:localhost/127.0.0.1:61395] for GET '/session/c20c61c1feb969a3246fa3cf31132b18/screenshot'
18:30:21.396 [AsyncHttpClient-1-8] DEBUG org.asynchttpclient.netty.handler.HttpHandler - 

Request DefaultFullHttpRequest(decodeResult: success, version: HTTP/1.1, content: EmptyByteBufBE)
GET /session/c20c61c1feb969a3246fa3cf31132b18/screenshot HTTP/1.1
User-Agent: selenium/4.1.4 (java windows)
Cache-Control: no-cache
Content-Type: application/json; charset=utf-8
host: localhost:61395
accept: */*

Response DefaultHttpResponse(decodeResult: success, version: HTTP/1.1)
HTTP/1.1 200 OK
Content-Type: application/json; charset=utf-8
cache-control: no-cache
content-length: 41184

18:30:21.396 [AsyncHttpClient-1-8] DEBUG org.asynchttpclient.netty.channel.ChannelManager - Adding key: http://localhost:61395 for channel [id: 0xf40c10fe, L:/127.0.0.1:49840 - R:localhost/127.0.0.1:61395]
18:30:21.398 [main] DEBUG net.serenitybdd.core.photography.Darkroom - Send negative for processing for target\site\serenity\85e61910bbe1ffdf1c3467de0c5b289b3a6eab20004aed7ee6697f4c867559e7.png
18:30:21.399 [main] DEBUG net.thucydides.core.steps.StepInterceptor - STEP DONE: clickButtonTambah
  &amp#27;[32mAnd &amp#27;[0m&amp#27;[32mClick button tambah data&amp#27;[0m                                                 &amp#27;[90m# starter.stepdefinitios.PatientDataSteps.clickButtonTambahData()&amp#27;[0m
18:30:22.235 [AsyncHttpClient-1-1] DEBUG org.asynchttpclient.netty.channel.DefaultChannelPool - Entry count for : http://localhost:61395 : 1
18:30:22.235 [AsyncHttpClient-1-1] DEBUG org.asynchttpclient.netty.channel.DefaultChannelPool - Entry count for : http://localhost:49841 : 1
18:30:22.446 [Forwarding screenshot on session c20c61c1feb969a3246fa3cf31132b18 to remote] DEBUG org.asynchttpclient.netty.request.NettyRequestSender - Using pooled Channel '[id: 0xf40c10fe, L:/127.0.0.1:49840 - R:localhost/127.0.0.1:61395]' for 'GET' to 'http://localhost:61395/session/c20c61c1feb969a3246fa3cf31132b18/screenshot'
18:30:22.447 [Forwarding screenshot on session c20c61c1feb969a3246fa3cf31132b18 to remote] DEBUG org.asynchttpclient.netty.request.NettyRequestSender - Using open Channel [id: 0xf40c10fe, L:/127.0.0.1:49840 - R:localhost/127.0.0.1:61395] for GET '/session/c20c61c1feb969a3246fa3cf31132b18/screenshot'
18:30:22.627 [AsyncHttpClient-1-8] DEBUG org.asynchttpclient.netty.handler.HttpHandler - 

Request DefaultFullHttpRequest(decodeResult: success, version: HTTP/1.1, content: EmptyByteBufBE)
GET /session/c20c61c1feb969a3246fa3cf31132b18/screenshot HTTP/1.1
User-Agent: selenium/4.1.4 (java windows)
Cache-Control: no-cache
Content-Type: application/json; charset=utf-8
host: localhost:61395
accept: */*

Response DefaultHttpResponse(decodeResult: success, version: HTTP/1.1)
HTTP/1.1 200 OK
Content-Type: application/json; charset=utf-8
cache-control: no-cache
content-length: 56356

18:30:22.627 [AsyncHttpClient-1-8] DEBUG org.asynchttpclient.netty.channel.ChannelManager - Adding key: http://localhost:61395 for channel [id: 0xf40c10fe, L:/127.0.0.1:49840 - R:localhost/127.0.0.1:61395]
18:30:22.629 [main] DEBUG net.serenitybdd.core.photography.Darkroom - Send negative for processing for target\site\serenity\dceeb96c48761cdf6c9b3b6c867bfd9807a858b744706e71238d19988451e8a7.png
18:30:22.629 [main] DEBUG net.thucydides.core.steps.StepInterceptor - STARTING STEP: PatientDataSteps.iInput - inputDataPasien
18:30:22.631 [Forwarding findElement on session c20c61c1feb969a3246fa3cf31132b18 to remote] DEBUG org.asynchttpclient.netty.request.NettyRequestSender - Using pooled Channel '[id: 0xf40c10fe, L:/127.0.0.1:49840 - R:localhost/127.0.0.1:61395]' for 'POST' to 'http://localhost:61395/session/c20c61c1feb969a3246fa3cf31132b18/element'
18:30:22.631 [Forwarding findElement on session c20c61c1feb969a3246fa3cf31132b18 to remote] DEBUG org.asynchttpclient.netty.request.NettyRequestSender - Using open Channel [id: 0xf40c10fe, L:/127.0.0.1:49840 - R:localhost/127.0.0.1:61395] for POST '/session/c20c61c1feb969a3246fa3cf31132b18/element'
18:30:22.643 [AsyncHttpClient-1-8] DEBUG org.asynchttpclient.netty.handler.HttpHandler - 

Request DefaultHttpRequest(decodeResult: success, version: HTTP/1.1)
POST /session/c20c61c1feb969a3246fa3cf31132b18/element HTTP/1.1
User-Agent: selenium/4.1.4 (java windows)
Content-Length: 72
Content-Type: application/json; charset=utf-8
host: localhost:61395
accept: */*

Response DefaultHttpResponse(decodeResult: success, version: HTTP/1.1)
HTTP/1.1 200 OK
Content-Type: application/json; charset=utf-8
cache-control: no-cache
content-length: 88

18:30:22.643 [AsyncHttpClient-1-8] DEBUG org.asynchttpclient.netty.channel.ChannelManager - Adding key: http://localhost:61395 for channel [id: 0xf40c10fe, L:/127.0.0.1:49840 - R:localhost/127.0.0.1:61395]
18:30:22.643 [Forwarding sendKeysToElement on session c20c61c1feb969a3246fa3cf31132b18 to remote] DEBUG org.asynchttpclient.netty.request.NettyRequestSender - Using pooled Channel '[id: 0xf40c10fe, L:/127.0.0.1:49840 - R:localhost/127.0.0.1:61395]' for 'POST' to 'http://localhost:61395/session/c20c61c1feb969a3246fa3cf31132b18/element/3b31f0fc-6ee7-421d-b939-f8d77d4ab6fb/value'
18:30:22.643 [Forwarding sendKeysToElement on session c20c61c1feb969a3246fa3cf31132b18 to remote] DEBUG org.asynchttpclient.netty.request.NettyRequestSender - Using open Channel [id: 0xf40c10fe, L:/127.0.0.1:49840 - R:localhost/127.0.0.1:61395] for POST '/session/c20c61c1feb969a3246fa3cf31132b18/element/3b31f0fc-6ee7-421d-b939-f8d77d4ab6fb/value'
18:30:22.792 [AsyncHttpClient-1-8] DEBUG org.asynchttpclient.netty.handler.HttpHandler - 

Request DefaultHttpRequest(decodeResult: success, version: HTTP/1.1)
POST /session/c20c61c1feb969a3246fa3cf31132b18/element/3b31f0fc-6ee7-421d-b939-f8d77d4ab6fb/value HTTP/1.1
User-Agent: selenium/4.1.4 (java windows)
Content-Length: 131
Content-Type: application/json; charset=utf-8
host: localhost:61395
accept: */*

Response DefaultHttpResponse(decodeResult: success, version: HTTP/1.1)
HTTP/1.1 200 OK
Content-Type: application/json; charset=utf-8
cache-control: no-cache
content-length: 14

18:30:22.792 [AsyncHttpClient-1-8] DEBUG org.asynchttpclient.netty.channel.ChannelManager - Adding key: http://localhost:61395 for channel [id: 0xf40c10fe, L:/127.0.0.1:49840 - R:localhost/127.0.0.1:61395]
18:30:22.794 [Forwarding findElement on session c20c61c1feb969a3246fa3cf31132b18 to remote] DEBUG org.asynchttpclient.netty.request.NettyRequestSender - Using pooled Channel '[id: 0xf40c10fe, L:/127.0.0.1:49840 - R:localhost/127.0.0.1:61395]' for 'POST' to 'http://localhost:61395/session/c20c61c1feb969a3246fa3cf31132b18/element'
18:30:22.794 [Forwarding findElement on session c20c61c1feb969a3246fa3cf31132b18 to remote] DEBUG org.asynchttpclient.netty.request.NettyRequestSender - Using open Channel [id: 0xf40c10fe, L:/127.0.0.1:49840 - R:localhost/127.0.0.1:61395] for POST '/session/c20c61c1feb969a3246fa3cf31132b18/element'
18:30:22.805 [AsyncHttpClient-1-8] DEBUG org.asynchttpclient.netty.handler.HttpHandler - 

Request DefaultHttpRequest(decodeResult: success, version: HTTP/1.1)
POST /session/c20c61c1feb969a3246fa3cf31132b18/element HTTP/1.1
User-Agent: selenium/4.1.4 (java windows)
Content-Length: 65
Content-Type: application/json; charset=utf-8
host: localhost:61395
accept: */*

Response DefaultHttpResponse(decodeResult: success, version: HTTP/1.1)
HTTP/1.1 200 OK
Content-Type: application/json; charset=utf-8
cache-control: no-cache
content-length: 88

18:30:22.805 [AsyncHttpClient-1-8] DEBUG org.asynchttpclient.netty.channel.ChannelManager - Adding key: http://localhost:61395 for channel [id: 0xf40c10fe, L:/127.0.0.1:49840 - R:localhost/127.0.0.1:61395]
18:30:22.806 [Forwarding sendKeysToElement on session c20c61c1feb969a3246fa3cf31132b18 to remote] DEBUG org.asynchttpclient.netty.request.NettyRequestSender - Using pooled Channel '[id: 0xf40c10fe, L:/127.0.0.1:49840 - R:localhost/127.0.0.1:61395]' for 'POST' to 'http://localhost:61395/session/c20c61c1feb969a3246fa3cf31132b18/element/9d4ff35a-811e-4e5d-9913-9930402749f9/value'
18:30:22.806 [Forwarding sendKeysToElement on session c20c61c1feb969a3246fa3cf31132b18 to remote] DEBUG org.asynchttpclient.netty.request.NettyRequestSender - Using open Channel [id: 0xf40c10fe, L:/127.0.0.1:49840 - R:localhost/127.0.0.1:61395] for POST '/session/c20c61c1feb969a3246fa3cf31132b18/element/9d4ff35a-811e-4e5d-9913-9930402749f9/value'
18:30:23.053 [AsyncHttpClient-1-8] DEBUG org.asynchttpclient.netty.handler.HttpHandler - 

Request DefaultHttpRequest(decodeResult: success, version: HTTP/1.1)
POST /session/c20c61c1feb969a3246fa3cf31132b18/element/9d4ff35a-811e-4e5d-9913-9930402749f9/value HTTP/1.1
User-Agent: selenium/4.1.4 (java windows)
Content-Length: 241
Content-Type: application/json; charset=utf-8
host: localhost:61395
accept: */*

Response DefaultHttpResponse(decodeResult: success, version: HTTP/1.1)
HTTP/1.1 200 OK
Content-Type: application/json; charset=utf-8
cache-control: no-cache
content-length: 14

18:30:23.053 [AsyncHttpClient-1-8] DEBUG org.asynchttpclient.netty.channel.ChannelManager - Adding key: http://localhost:61395 for channel [id: 0xf40c10fe, L:/127.0.0.1:49840 - R:localhost/127.0.0.1:61395]
18:30:23.055 [Forwarding findElement on session c20c61c1feb969a3246fa3cf31132b18 to remote] DEBUG org.asynchttpclient.netty.request.NettyRequestSender - Using pooled Channel '[id: 0xf40c10fe, L:/127.0.0.1:49840 - R:localhost/127.0.0.1:61395]' for 'POST' to 'http://localhost:61395/session/c20c61c1feb969a3246fa3cf31132b18/element'
18:30:23.055 [Forwarding findElement on session c20c61c1feb969a3246fa3cf31132b18 to remote] DEBUG org.asynchttpclient.netty.request.NettyRequestSender - Using open Channel [id: 0xf40c10fe, L:/127.0.0.1:49840 - R:localhost/127.0.0.1:61395] for POST '/session/c20c61c1feb969a3246fa3cf31132b18/element'
18:30:23.066 [AsyncHttpClient-1-8] DEBUG org.asynchttpclient.netty.handler.HttpHandler - 

Request DefaultHttpRequest(decodeResult: success, version: HTTP/1.1)
POST /session/c20c61c1feb969a3246fa3cf31132b18/element HTTP/1.1
User-Agent: selenium/4.1.4 (java windows)
Content-Length: 66
Content-Type: application/json; charset=utf-8
host: localhost:61395
accept: */*

Response DefaultHttpResponse(decodeResult: success, version: HTTP/1.1)
HTTP/1.1 200 OK
Content-Type: application/json; charset=utf-8
cache-control: no-cache
content-length: 88

18:30:23.066 [AsyncHttpClient-1-8] DEBUG org.asynchttpclient.netty.channel.ChannelManager - Adding key: http://localhost:61395 for channel [id: 0xf40c10fe, L:/127.0.0.1:49840 - R:localhost/127.0.0.1:61395]
18:30:23.067 [Forwarding sendKeysToElement on session c20c61c1feb969a3246fa3cf31132b18 to remote] DEBUG org.asynchttpclient.netty.request.NettyRequestSender - Using pooled Channel '[id: 0xf40c10fe, L:/127.0.0.1:49840 - R:localhost/127.0.0.1:61395]' for 'POST' to 'http://localhost:61395/session/c20c61c1feb969a3246fa3cf31132b18/element/bf2125b6-9408-46d6-9666-2903b48594a3/value'
18:30:23.067 [Forwarding sendKeysToElement on session c20c61c1feb969a3246fa3cf31132b18 to remote] DEBUG org.asynchttpclient.netty.request.NettyRequestSender - Using open Channel [id: 0xf40c10fe, L:/127.0.0.1:49840 - R:localhost/127.0.0.1:61395] for POST '/session/c20c61c1feb969a3246fa3cf31132b18/element/bf2125b6-9408-46d6-9666-2903b48594a3/value'
18:30:23.140 [AsyncHttpClient-1-8] DEBUG org.asynchttpclient.netty.handler.HttpHandler - 

Request DefaultHttpRequest(decodeResult: success, version: HTTP/1.1)
POST /session/c20c61c1feb969a3246fa3cf31132b18/element/bf2125b6-9408-46d6-9666-2903b48594a3/value HTTP/1.1
User-Agent: selenium/4.1.4 (java windows)
Content-Length: 101
Content-Type: application/json; charset=utf-8
host: localhost:61395
accept: */*

Response DefaultHttpResponse(decodeResult: success, version: HTTP/1.1)
HTTP/1.1 200 OK
Content-Type: application/json; charset=utf-8
cache-control: no-cache
content-length: 14

18:30:23.140 [AsyncHttpClient-1-8] DEBUG org.asynchttpclient.netty.channel.ChannelManager - Adding key: http://localhost:61395 for channel [id: 0xf40c10fe, L:/127.0.0.1:49840 - R:localhost/127.0.0.1:61395]
18:30:23.141 [Forwarding findElement on session c20c61c1feb969a3246fa3cf31132b18 to remote] DEBUG org.asynchttpclient.netty.request.NettyRequestSender - Using pooled Channel '[id: 0xf40c10fe, L:/127.0.0.1:49840 - R:localhost/127.0.0.1:61395]' for 'POST' to 'http://localhost:61395/session/c20c61c1feb969a3246fa3cf31132b18/element'
18:30:23.141 [Forwarding findElement on session c20c61c1feb969a3246fa3cf31132b18 to remote] DEBUG org.asynchttpclient.netty.request.NettyRequestSender - Using open Channel [id: 0xf40c10fe, L:/127.0.0.1:49840 - R:localhost/127.0.0.1:61395] for POST '/session/c20c61c1feb969a3246fa3cf31132b18/element'
18:30:23.152 [AsyncHttpClient-1-8] DEBUG org.asynchttpclient.netty.handler.HttpHandler - 

Request DefaultHttpRequest(decodeResult: success, version: HTTP/1.1)
POST /session/c20c61c1feb969a3246fa3cf31132b18/element HTTP/1.1
User-Agent: selenium/4.1.4 (java windows)
Content-Length: 66
Content-Type: application/json; charset=utf-8
host: localhost:61395
accept: */*

Response DefaultHttpResponse(decodeResult: success, version: HTTP/1.1)
HTTP/1.1 200 OK
Content-Type: application/json; charset=utf-8
cache-control: no-cache
content-length: 88

18:30:23.152 [AsyncHttpClient-1-8] DEBUG org.asynchttpclient.netty.channel.ChannelManager - Adding key: http://localhost:61395 for channel [id: 0xf40c10fe, L:/127.0.0.1:49840 - R:localhost/127.0.0.1:61395]
18:30:23.153 [Forwarding sendKeysToElement on session c20c61c1feb969a3246fa3cf31132b18 to remote] DEBUG org.asynchttpclient.netty.request.NettyRequestSender - Using pooled Channel '[id: 0xf40c10fe, L:/127.0.0.1:49840 - R:localhost/127.0.0.1:61395]' for 'POST' to 'http://localhost:61395/session/c20c61c1feb969a3246fa3cf31132b18/element/3f0ead1c-da88-4294-b041-3d416a3d3970/value'
18:30:23.153 [Forwarding sendKeysToElement on session c20c61c1feb969a3246fa3cf31132b18 to remote] DEBUG org.asynchttpclient.netty.request.NettyRequestSender - Using open Channel [id: 0xf40c10fe, L:/127.0.0.1:49840 - R:localhost/127.0.0.1:61395] for POST '/session/c20c61c1feb969a3246fa3cf31132b18/element/3f0ead1c-da88-4294-b041-3d416a3d3970/value'
18:30:23.331 [AsyncHttpClient-1-8] DEBUG org.asynchttpclient.netty.handler.HttpHandler - 

Request DefaultHttpRequest(decodeResult: success, version: HTTP/1.1)
POST /session/c20c61c1feb969a3246fa3cf31132b18/element/3f0ead1c-da88-4294-b041-3d416a3d3970/value HTTP/1.1
User-Agent: selenium/4.1.4 (java windows)
Content-Length: 191
Content-Type: application/json; charset=utf-8
host: localhost:61395
accept: */*

Response DefaultHttpResponse(decodeResult: success, version: HTTP/1.1)
HTTP/1.1 200 OK
Content-Type: application/json; charset=utf-8
cache-control: no-cache
content-length: 14

18:30:23.331 [AsyncHttpClient-1-8] DEBUG org.asynchttpclient.netty.channel.ChannelManager - Adding key: http://localhost:61395 for channel [id: 0xf40c10fe, L:/127.0.0.1:49840 - R:localhost/127.0.0.1:61395]
18:30:23.333 [Forwarding findElement on session c20c61c1feb969a3246fa3cf31132b18 to remote] DEBUG org.asynchttpclient.netty.request.NettyRequestSender - Using pooled Channel '[id: 0xf40c10fe, L:/127.0.0.1:49840 - R:localhost/127.0.0.1:61395]' for 'POST' to 'http://localhost:61395/session/c20c61c1feb969a3246fa3cf31132b18/element'
18:30:23.333 [Forwarding findElement on session c20c61c1feb969a3246fa3cf31132b18 to remote] DEBUG org.asynchttpclient.netty.request.NettyRequestSender - Using open Channel [id: 0xf40c10fe, L:/127.0.0.1:49840 - R:localhost/127.0.0.1:61395] for POST '/session/c20c61c1feb969a3246fa3cf31132b18/element'
18:30:23.337 [AsyncHttpClient-1-1] DEBUG org.asynchttpclient.netty.channel.DefaultChannelPool - Entry count for : http://localhost:49841 : 1
18:30:23.343 [AsyncHttpClient-1-8] DEBUG org.asynchttpclient.netty.handler.HttpHandler - 

Request DefaultHttpRequest(decodeResult: success, version: HTTP/1.1)
POST /session/c20c61c1feb969a3246fa3cf31132b18/element HTTP/1.1
User-Agent: selenium/4.1.4 (java windows)
Content-Length: 68
Content-Type: application/json; charset=utf-8
host: localhost:61395
accept: */*

Response DefaultHttpResponse(decodeResult: success, version: HTTP/1.1)
HTTP/1.1 200 OK
Content-Type: application/json; charset=utf-8
cache-control: no-cache
content-length: 88

18:30:23.343 [AsyncHttpClient-1-8] DEBUG org.asynchttpclient.netty.channel.ChannelManager - Adding key: http://localhost:61395 for channel [id: 0xf40c10fe, L:/127.0.0.1:49840 - R:localhost/127.0.0.1:61395]
18:30:23.344 [Forwarding sendKeysToElement on session c20c61c1feb969a3246fa3cf31132b18 to remote] DEBUG org.asynchttpclient.netty.request.NettyRequestSender - Using pooled Channel '[id: 0xf40c10fe, L:/127.0.0.1:49840 - R:localhost/127.0.0.1:61395]' for 'POST' to 'http://localhost:61395/session/c20c61c1feb969a3246fa3cf31132b18/element/eb42b3db-7b81-45c9-aae4-cc48f8de2b89/value'
18:30:23.344 [Forwarding sendKeysToElement on session c20c61c1feb969a3246fa3cf31132b18 to remote] DEBUG org.asynchttpclient.netty.request.NettyRequestSender - Using open Channel [id: 0xf40c10fe, L:/127.0.0.1:49840 - R:localhost/127.0.0.1:61395] for POST '/session/c20c61c1feb969a3246fa3cf31132b18/element/eb42b3db-7b81-45c9-aae4-cc48f8de2b89/value'
18:30:23.389 [AsyncHttpClient-1-8] DEBUG org.asynchttpclient.netty.handler.HttpHandler - 

Request DefaultHttpRequest(decodeResult: success, version: HTTP/1.1)
POST /session/c20c61c1feb969a3246fa3cf31132b18/element/eb42b3db-7b81-45c9-aae4-cc48f8de2b89/value HTTP/1.1
User-Agent: selenium/4.1.4 (java windows)
Content-Length: 82
Content-Type: application/json; charset=utf-8
host: localhost:61395
accept: */*

Response DefaultHttpResponse(decodeResult: success, version: HTTP/1.1)
HTTP/1.1 200 OK
Content-Type: application/json; charset=utf-8
cache-control: no-cache
content-length: 14

18:30:23.389 [AsyncHttpClient-1-8] DEBUG org.asynchttpclient.netty.channel.ChannelManager - Adding key: http://localhost:61395 for channel [id: 0xf40c10fe, L:/127.0.0.1:49840 - R:localhost/127.0.0.1:61395]
18:30:23.390 [Forwarding screenshot on session c20c61c1feb969a3246fa3cf31132b18 to remote] DEBUG org.asynchttpclient.netty.request.NettyRequestSender - Using pooled Channel '[id: 0xf40c10fe, L:/127.0.0.1:49840 - R:localhost/127.0.0.1:61395]' for 'GET' to 'http://localhost:61395/session/c20c61c1feb969a3246fa3cf31132b18/screenshot'
18:30:23.390 [Forwarding screenshot on session c20c61c1feb969a3246fa3cf31132b18 to remote] DEBUG org.asynchttpclient.netty.request.NettyRequestSender - Using open Channel [id: 0xf40c10fe, L:/127.0.0.1:49840 - R:localhost/127.0.0.1:61395] for GET '/session/c20c61c1feb969a3246fa3cf31132b18/screenshot'
18:30:23.569 [AsyncHttpClient-1-8] DEBUG org.asynchttpclient.netty.handler.HttpHandler - 

Request DefaultFullHttpRequest(decodeResult: success, version: HTTP/1.1, content: EmptyByteBufBE)
GET /session/c20c61c1feb969a3246fa3cf31132b18/screenshot HTTP/1.1
User-Agent: selenium/4.1.4 (java windows)
Cache-Control: no-cache
Content-Type: application/json; charset=utf-8
host: localhost:61395
accept: */*

Response DefaultHttpResponse(decodeResult: success, version: HTTP/1.1)
HTTP/1.1 200 OK
Content-Type: application/json; charset=utf-8
cache-control: no-cache
content-length: 177420

18:30:23.569 [AsyncHttpClient-1-8] DEBUG org.asynchttpclient.netty.channel.ChannelManager - Adding key: http://localhost:61395 for channel [id: 0xf40c10fe, L:/127.0.0.1:49840 - R:localhost/127.0.0.1:61395]
18:30:23.571 [main] DEBUG net.serenitybdd.core.photography.Darkroom - Send negative for processing for target\site\serenity\5e48652311b3c983f80134878a4493ebb6ba5b43e91dac105e3a7f50fc162d78.png
18:30:23.571 [main] DEBUG net.thucydides.core.steps.StepInterceptor - STEP DONE: inputDataPasien
  &amp#27;[32mAnd &amp#27;[0m&amp#27;[32mI input &amp#27;[0m&amp#27;[32m&amp#27;[1m"Bagas"&amp#27;[0m&amp#27;[32m &amp#27;[0m&amp#27;[32m&amp#27;[1m"1234567898976546"&amp#27;[0m&amp#27;[32m &amp#27;[0m&amp#27;[32m&amp#27;[1m"13"&amp#27;[0m&amp#27;[32m &amp#27;[0m&amp#27;[32m&amp#27;[1m"01294657612"&amp#27;[0m&amp#27;[32m &amp#27;[0m&amp#27;[32m&amp#27;[1m""&amp#27;[0m&amp#27;[32m patient&amp#27;[0m         &amp#27;[90m# starter.stepdefinitios.PatientDataSteps.iInput(java.lang.String,java.lang.String,java.lang.String,java.lang.String,java.lang.String)&amp#27;[0m
18:30:23.571 [Darkroom Processing Line] DEBUG net.serenitybdd.core.photography.DarkroomProcessingLine - Processing screenshot image in /var/screenshots/screenshot-16390296085600520856
18:30:23.571 [Darkroom Processing Line] DEBUG net.serenitybdd.core.photography.DarkroomProcessingLine - Saving screenshot to target\site\serenity\5e48652311b3c983f80134878a4493ebb6ba5b43e91dac105e3a7f50fc162d78.png
18:30:23.585 [main] DEBUG net.thucydides.core.steps.StepInterceptor - STARTING STEP: PatientDataSteps.iClickButtonJenisKelamin - clickLaki
18:30:23.586 [Forwarding findElement on session c20c61c1feb969a3246fa3cf31132b18 to remote] DEBUG org.asynchttpclient.netty.request.NettyRequestSender - Using pooled Channel '[id: 0xf40c10fe, L:/127.0.0.1:49840 - R:localhost/127.0.0.1:61395]' for 'POST' to 'http://localhost:61395/session/c20c61c1feb969a3246fa3cf31132b18/element'
18:30:23.586 [Forwarding findElement on session c20c61c1feb969a3246fa3cf31132b18 to remote] DEBUG org.asynchttpclient.netty.request.NettyRequestSender - Using open Channel [id: 0xf40c10fe, L:/127.0.0.1:49840 - R:localhost/127.0.0.1:61395] for POST '/session/c20c61c1feb969a3246fa3cf31132b18/element'
18:30:23.595 [AsyncHttpClient-1-8] DEBUG org.asynchttpclient.netty.handler.HttpHandler - 

Request DefaultHttpRequest(decodeResult: success, version: HTTP/1.1)
POST /session/c20c61c1feb969a3246fa3cf31132b18/element HTTP/1.1
User-Agent: selenium/4.1.4 (java windows)
Content-Length: 182
Content-Type: application/json; charset=utf-8
host: localhost:61395
accept: */*

Response DefaultHttpResponse(decodeResult: success, version: HTTP/1.1)
HTTP/1.1 200 OK
Content-Type: application/json; charset=utf-8
cache-control: no-cache
content-length: 88

18:30:23.595 [AsyncHttpClient-1-8] DEBUG org.asynchttpclient.netty.channel.ChannelManager - Adding key: http://localhost:61395 for channel [id: 0xf40c10fe, L:/127.0.0.1:49840 - R:localhost/127.0.0.1:61395]
18:30:23.596 [Forwarding getElementTagName on session c20c61c1feb969a3246fa3cf31132b18 to remote] DEBUG org.asynchttpclient.netty.request.NettyRequestSender - Using pooled Channel '[id: 0xf40c10fe, L:/127.0.0.1:49840 - R:localhost/127.0.0.1:61395]' for 'GET' to 'http://localhost:61395/session/c20c61c1feb969a3246fa3cf31132b18/element/aeddd16f-f31b-4cb4-bf96-54b6581bd6b4/name'
18:30:23.596 [Forwarding getElementTagName on session c20c61c1feb969a3246fa3cf31132b18 to remote] DEBUG org.asynchttpclient.netty.request.NettyRequestSender - Using open Channel [id: 0xf40c10fe, L:/127.0.0.1:49840 - R:localhost/127.0.0.1:61395] for GET '/session/c20c61c1feb969a3246fa3cf31132b18/element/aeddd16f-f31b-4cb4-bf96-54b6581bd6b4/name'
18:30:23.599 [AsyncHttpClient-1-8] DEBUG org.asynchttpclient.netty.handler.HttpHandler - 

Request DefaultFullHttpRequest(decodeResult: success, version: HTTP/1.1, content: EmptyByteBufBE)
GET /session/c20c61c1feb969a3246fa3cf31132b18/element/aeddd16f-f31b-4cb4-bf96-54b6581bd6b4/name HTTP/1.1
User-Agent: selenium/4.1.4 (java windows)
Cache-Control: no-cache
Content-Type: application/json; charset=utf-8
host: localhost:61395
accept: */*

Response DefaultHttpResponse(decodeResult: success, version: HTTP/1.1)
HTTP/1.1 200 OK
Content-Type: application/json; charset=utf-8
cache-control: no-cache
content-length: 16

18:30:23.600 [AsyncHttpClient-1-8] DEBUG org.asynchttpclient.netty.channel.ChannelManager - Adding key: http://localhost:61395 for channel [id: 0xf40c10fe, L:/127.0.0.1:49840 - R:localhost/127.0.0.1:61395]
18:30:23.600 [Forwarding getElementTagName on session c20c61c1feb969a3246fa3cf31132b18 to remote] DEBUG org.asynchttpclient.netty.request.NettyRequestSender - Using pooled Channel '[id: 0xf40c10fe, L:/127.0.0.1:49840 - R:localhost/127.0.0.1:61395]' for 'GET' to 'http://localhost:61395/session/c20c61c1feb969a3246fa3cf31132b18/element/aeddd16f-f31b-4cb4-bf96-54b6581bd6b4/name'
18:30:23.600 [Forwarding getElementTagName on session c20c61c1feb969a3246fa3cf31132b18 to remote] DEBUG org.asynchttpclient.netty.request.NettyRequestSender - Using open Channel [id: 0xf40c10fe, L:/127.0.0.1:49840 - R:localhost/127.0.0.1:61395] for GET '/session/c20c61c1feb969a3246fa3cf31132b18/element/aeddd16f-f31b-4cb4-bf96-54b6581bd6b4/name'
18:30:23.603 [AsyncHttpClient-1-8] DEBUG org.asynchttpclient.netty.handler.HttpHandler - 

Request DefaultFullHttpRequest(decodeResult: success, version: HTTP/1.1, content: EmptyByteBufBE)
GET /session/c20c61c1feb969a3246fa3cf31132b18/element/aeddd16f-f31b-4cb4-bf96-54b6581bd6b4/name HTTP/1.1
User-Agent: selenium/4.1.4 (java windows)
Cache-Control: no-cache
Content-Type: application/json; charset=utf-8
host: localhost:61395
accept: */*

Response DefaultHttpResponse(decodeResult: success, version: HTTP/1.1)
HTTP/1.1 200 OK
Content-Type: application/json; charset=utf-8
cache-control: no-cache
content-length: 16

18:30:23.603 [AsyncHttpClient-1-8] DEBUG org.asynchttpclient.netty.channel.ChannelManager - Adding key: http://localhost:61395 for channel [id: 0xf40c10fe, L:/127.0.0.1:49840 - R:localhost/127.0.0.1:61395]
18:30:23.604 [Forwarding findElement on session c20c61c1feb969a3246fa3cf31132b18 to remote] DEBUG org.asynchttpclient.netty.request.NettyRequestSender - Using pooled Channel '[id: 0xf40c10fe, L:/127.0.0.1:49840 - R:localhost/127.0.0.1:61395]' for 'POST' to 'http://localhost:61395/session/c20c61c1feb969a3246fa3cf31132b18/element'
18:30:23.604 [Forwarding findElement on session c20c61c1feb969a3246fa3cf31132b18 to remote] DEBUG org.asynchttpclient.netty.request.NettyRequestSender - Using open Channel [id: 0xf40c10fe, L:/127.0.0.1:49840 - R:localhost/127.0.0.1:61395] for POST '/session/c20c61c1feb969a3246fa3cf31132b18/element'
18:30:23.610 [AsyncHttpClient-1-8] DEBUG org.asynchttpclient.netty.handler.HttpHandler - 

Request DefaultHttpRequest(decodeResult: success, version: HTTP/1.1)
POST /session/c20c61c1feb969a3246fa3cf31132b18/element HTTP/1.1
User-Agent: selenium/4.1.4 (java windows)
Content-Length: 182
Content-Type: application/json; charset=utf-8
host: localhost:61395
accept: */*

Response DefaultHttpResponse(decodeResult: success, version: HTTP/1.1)
HTTP/1.1 200 OK
Content-Type: application/json; charset=utf-8
cache-control: no-cache
content-length: 88

18:30:23.610 [AsyncHttpClient-1-8] DEBUG org.asynchttpclient.netty.channel.ChannelManager - Adding key: http://localhost:61395 for channel [id: 0xf40c10fe, L:/127.0.0.1:49840 - R:localhost/127.0.0.1:61395]
18:30:23.611 [Forwarding clickElement on session c20c61c1feb969a3246fa3cf31132b18 to remote] DEBUG org.asynchttpclient.netty.request.NettyRequestSender - Using pooled Channel '[id: 0xf40c10fe, L:/127.0.0.1:49840 - R:localhost/127.0.0.1:61395]' for 'POST' to 'http://localhost:61395/session/c20c61c1feb969a3246fa3cf31132b18/element/aeddd16f-f31b-4cb4-bf96-54b6581bd6b4/click'
18:30:23.611 [Forwarding clickElement on session c20c61c1feb969a3246fa3cf31132b18 to remote] DEBUG org.asynchttpclient.netty.request.NettyRequestSender - Using open Channel [id: 0xf40c10fe, L:/127.0.0.1:49840 - R:localhost/127.0.0.1:61395] for POST '/session/c20c61c1feb969a3246fa3cf31132b18/element/aeddd16f-f31b-4cb4-bf96-54b6581bd6b4/click'
18:30:23.649 [AsyncHttpClient-1-8] DEBUG org.asynchttpclient.netty.handler.HttpHandler - 

Request DefaultHttpRequest(decodeResult: success, version: HTTP/1.1)
POST /session/c20c61c1feb969a3246fa3cf31132b18/element/aeddd16f-f31b-4cb4-bf96-54b6581bd6b4/click HTTP/1.1
User-Agent: selenium/4.1.4 (java windows)
Content-Length: 50
Content-Type: application/json; charset=utf-8
host: localhost:61395
accept: */*

Response DefaultHttpResponse(decodeResult: success, version: HTTP/1.1)
HTTP/1.1 200 OK
Content-Type: application/json; charset=utf-8
cache-control: no-cache
content-length: 14

18:30:23.649 [AsyncHttpClient-1-8] DEBUG org.asynchttpclient.netty.channel.ChannelManager - Adding key: http://localhost:61395 for channel [id: 0xf40c10fe, L:/127.0.0.1:49840 - R:localhost/127.0.0.1:61395]
18:30:23.655 [Forwarding screenshot on session c20c61c1feb969a3246fa3cf31132b18 to remote] DEBUG org.asynchttpclient.netty.request.NettyRequestSender - Using pooled Channel '[id: 0xf40c10fe, L:/127.0.0.1:49840 - R:localhost/127.0.0.1:61395]' for 'GET' to 'http://localhost:61395/session/c20c61c1feb969a3246fa3cf31132b18/screenshot'
18:30:23.655 [Forwarding screenshot on session c20c61c1feb969a3246fa3cf31132b18 to remote] DEBUG org.asynchttpclient.netty.request.NettyRequestSender - Using open Channel [id: 0xf40c10fe, L:/127.0.0.1:49840 - R:localhost/127.0.0.1:61395] for GET '/session/c20c61c1feb969a3246fa3cf31132b18/screenshot'
18:30:23.941 [AsyncHttpClient-1-8] DEBUG org.asynchttpclient.netty.handler.HttpHandler - 

Request DefaultFullHttpRequest(decodeResult: success, version: HTTP/1.1, content: EmptyByteBufBE)
GET /session/c20c61c1feb969a3246fa3cf31132b18/screenshot HTTP/1.1
User-Agent: selenium/4.1.4 (java windows)
Cache-Control: no-cache
Content-Type: application/json; charset=utf-8
host: localhost:61395
accept: */*

Response DefaultHttpResponse(decodeResult: success, version: HTTP/1.1)
HTTP/1.1 200 OK
Content-Type: application/json; charset=utf-8
cache-control: no-cache
content-length: 240804

18:30:23.942 [AsyncHttpClient-1-8] DEBUG org.asynchttpclient.netty.channel.ChannelManager - Adding key: http://localhost:61395 for channel [id: 0xf40c10fe, L:/127.0.0.1:49840 - R:localhost/127.0.0.1:61395]
18:30:23.951 [main] DEBUG net.serenitybdd.core.photography.Darkroom - Send negative for processing for target\site\serenity\2e323d9fad8adb84031ecbbcd395001f0e89089688295429d4de42481fadfa95.png
18:30:23.951 [main] DEBUG net.thucydides.core.steps.StepInterceptor - STEP DONE: clickLaki
  &amp#27;[32mAnd &amp#27;[0m&amp#27;[32mI click button jenis kelamin laki-laki&amp#27;[0m                                   &amp#27;[90m# starter.stepdefinitios.PatientDataSteps.iClickButtonJenisKelamin()&amp#27;[0m
18:30:23.951 [Darkroom Processing Line] DEBUG net.serenitybdd.core.photography.DarkroomProcessingLine - Processing screenshot image in /var/screenshots/screenshot-14742447249362154926
18:30:23.951 [Darkroom Processing Line] DEBUG net.serenitybdd.core.photography.DarkroomProcessingLine - Saving screenshot to target\site\serenity\2e323d9fad8adb84031ecbbcd395001f0e89089688295429d4de42481fadfa95.png
18:30:23.992 [main] DEBUG net.thucydides.core.steps.StepInterceptor - STARTING STEP: PatientDataSteps.clickButtonSimpan - clickButtonSave
18:30:23.996 [Forwarding findElement on session c20c61c1feb969a3246fa3cf31132b18 to remote] DEBUG org.asynchttpclient.netty.request.NettyRequestSender - Using pooled Channel '[id: 0xf40c10fe, L:/127.0.0.1:49840 - R:localhost/127.0.0.1:61395]' for 'POST' to 'http://localhost:61395/session/c20c61c1feb969a3246fa3cf31132b18/element'
18:30:23.996 [Forwarding findElement on session c20c61c1feb969a3246fa3cf31132b18 to remote] DEBUG org.asynchttpclient.netty.request.NettyRequestSender - Using open Channel [id: 0xf40c10fe, L:/127.0.0.1:49840 - R:localhost/127.0.0.1:61395] for POST '/session/c20c61c1feb969a3246fa3cf31132b18/element'
18:30:24.016 [AsyncHttpClient-1-8] DEBUG org.asynchttpclient.netty.handler.HttpHandler - 

Request DefaultHttpRequest(decodeResult: success, version: HTTP/1.1)
POST /session/c20c61c1feb969a3246fa3cf31132b18/element HTTP/1.1
User-Agent: selenium/4.1.4 (java windows)
Content-Length: 68
Content-Type: application/json; charset=utf-8
host: localhost:61395
accept: */*

Response DefaultHttpResponse(decodeResult: success, version: HTTP/1.1)
HTTP/1.1 200 OK
Content-Type: application/json; charset=utf-8
cache-control: no-cache
content-length: 88

18:30:24.016 [AsyncHttpClient-1-8] DEBUG org.asynchttpclient.netty.channel.ChannelManager - Adding key: http://localhost:61395 for channel [id: 0xf40c10fe, L:/127.0.0.1:49840 - R:localhost/127.0.0.1:61395]
18:30:24.017 [Forwarding getElementTagName on session c20c61c1feb969a3246fa3cf31132b18 to remote] DEBUG org.asynchttpclient.netty.request.NettyRequestSender - Using pooled Channel '[id: 0xf40c10fe, L:/127.0.0.1:49840 - R:localhost/127.0.0.1:61395]' for 'GET' to 'http://localhost:61395/session/c20c61c1feb969a3246fa3cf31132b18/element/fcb477a9-f43d-44bc-9d19-ae011c18ce6f/name'
18:30:24.017 [Forwarding getElementTagName on session c20c61c1feb969a3246fa3cf31132b18 to remote] DEBUG org.asynchttpclient.netty.request.NettyRequestSender - Using open Channel [id: 0xf40c10fe, L:/127.0.0.1:49840 - R:localhost/127.0.0.1:61395] for GET '/session/c20c61c1feb969a3246fa3cf31132b18/element/fcb477a9-f43d-44bc-9d19-ae011c18ce6f/name'
18:30:24.024 [AsyncHttpClient-1-8] DEBUG org.asynchttpclient.netty.handler.HttpHandler - 

Request DefaultFullHttpRequest(decodeResult: success, version: HTTP/1.1, content: EmptyByteBufBE)
GET /session/c20c61c1feb969a3246fa3cf31132b18/element/fcb477a9-f43d-44bc-9d19-ae011c18ce6f/name HTTP/1.1
User-Agent: selenium/4.1.4 (java windows)
Cache-Control: no-cache
Content-Type: application/json; charset=utf-8
host: localhost:61395
accept: */*

Response DefaultHttpResponse(decodeResult: success, version: HTTP/1.1)
HTTP/1.1 200 OK
Content-Type: application/json; charset=utf-8
cache-control: no-cache
content-length: 18

18:30:24.024 [AsyncHttpClient-1-8] DEBUG org.asynchttpclient.netty.channel.ChannelManager - Adding key: http://localhost:61395 for channel [id: 0xf40c10fe, L:/127.0.0.1:49840 - R:localhost/127.0.0.1:61395]
18:30:24.027 [Forwarding getElementTagName on session c20c61c1feb969a3246fa3cf31132b18 to remote] DEBUG org.asynchttpclient.netty.request.NettyRequestSender - Using pooled Channel '[id: 0xf40c10fe, L:/127.0.0.1:49840 - R:localhost/127.0.0.1:61395]' for 'GET' to 'http://localhost:61395/session/c20c61c1feb969a3246fa3cf31132b18/element/fcb477a9-f43d-44bc-9d19-ae011c18ce6f/name'
18:30:24.027 [Forwarding getElementTagName on session c20c61c1feb969a3246fa3cf31132b18 to remote] DEBUG org.asynchttpclient.netty.request.NettyRequestSender - Using open Channel [id: 0xf40c10fe, L:/127.0.0.1:49840 - R:localhost/127.0.0.1:61395] for GET '/session/c20c61c1feb969a3246fa3cf31132b18/element/fcb477a9-f43d-44bc-9d19-ae011c18ce6f/name'
18:30:24.031 [AsyncHttpClient-1-8] DEBUG org.asynchttpclient.netty.handler.HttpHandler - 

Request DefaultFullHttpRequest(decodeResult: success, version: HTTP/1.1, content: EmptyByteBufBE)
GET /session/c20c61c1feb969a3246fa3cf31132b18/element/fcb477a9-f43d-44bc-9d19-ae011c18ce6f/name HTTP/1.1
User-Agent: selenium/4.1.4 (java windows)
Cache-Control: no-cache
Content-Type: application/json; charset=utf-8
host: localhost:61395
accept: */*

Response DefaultHttpResponse(decodeResult: success, version: HTTP/1.1)
HTTP/1.1 200 OK
Content-Type: application/json; charset=utf-8
cache-control: no-cache
content-length: 18

18:30:24.031 [AsyncHttpClient-1-8] DEBUG org.asynchttpclient.netty.channel.ChannelManager - Adding key: http://localhost:61395 for channel [id: 0xf40c10fe, L:/127.0.0.1:49840 - R:localhost/127.0.0.1:61395]
18:30:24.033 [Forwarding isElementEnabled on session c20c61c1feb969a3246fa3cf31132b18 to remote] DEBUG org.asynchttpclient.netty.request.NettyRequestSender - Using pooled Channel '[id: 0xf40c10fe, L:/127.0.0.1:49840 - R:localhost/127.0.0.1:61395]' for 'GET' to 'http://localhost:61395/session/c20c61c1feb969a3246fa3cf31132b18/element/fcb477a9-f43d-44bc-9d19-ae011c18ce6f/enabled'
18:30:24.033 [Forwarding isElementEnabled on session c20c61c1feb969a3246fa3cf31132b18 to remote] DEBUG org.asynchttpclient.netty.request.NettyRequestSender - Using open Channel [id: 0xf40c10fe, L:/127.0.0.1:49840 - R:localhost/127.0.0.1:61395] for GET '/session/c20c61c1feb969a3246fa3cf31132b18/element/fcb477a9-f43d-44bc-9d19-ae011c18ce6f/enabled'
18:30:24.049 [AsyncHttpClient-1-8] DEBUG org.asynchttpclient.netty.handler.HttpHandler - 

Request DefaultFullHttpRequest(decodeResult: success, version: HTTP/1.1, content: EmptyByteBufBE)
GET /session/c20c61c1feb969a3246fa3cf31132b18/element/fcb477a9-f43d-44bc-9d19-ae011c18ce6f/enabled HTTP/1.1
User-Agent: selenium/4.1.4 (java windows)
Cache-Control: no-cache
Content-Type: application/json; charset=utf-8
host: localhost:61395
accept: */*

Response DefaultHttpResponse(decodeResult: success, version: HTTP/1.1)
HTTP/1.1 200 OK
Content-Type: application/json; charset=utf-8
cache-control: no-cache
content-length: 14

18:30:24.049 [AsyncHttpClient-1-8] DEBUG org.asynchttpclient.netty.channel.ChannelManager - Adding key: http://localhost:61395 for channel [id: 0xf40c10fe, L:/127.0.0.1:49840 - R:localhost/127.0.0.1:61395]
18:30:24.051 [Forwarding isElementEnabled on session c20c61c1feb969a3246fa3cf31132b18 to remote] DEBUG org.asynchttpclient.netty.request.NettyRequestSender - Using pooled Channel '[id: 0xf40c10fe, L:/127.0.0.1:49840 - R:localhost/127.0.0.1:61395]' for 'GET' to 'http://localhost:61395/session/c20c61c1feb969a3246fa3cf31132b18/element/fcb477a9-f43d-44bc-9d19-ae011c18ce6f/enabled'
18:30:24.051 [Forwarding isElementEnabled on session c20c61c1feb969a3246fa3cf31132b18 to remote] DEBUG org.asynchttpclient.netty.request.NettyRequestSender - Using open Channel [id: 0xf40c10fe, L:/127.0.0.1:49840 - R:localhost/127.0.0.1:61395] for GET '/session/c20c61c1feb969a3246fa3cf31132b18/element/fcb477a9-f43d-44bc-9d19-ae011c18ce6f/enabled'
18:30:24.062 [AsyncHttpClient-1-8] DEBUG org.asynchttpclient.netty.handler.HttpHandler - 

Request DefaultFullHttpRequest(decodeResult: success, version: HTTP/1.1, content: EmptyByteBufBE)
GET /session/c20c61c1feb969a3246fa3cf31132b18/element/fcb477a9-f43d-44bc-9d19-ae011c18ce6f/enabled HTTP/1.1
User-Agent: selenium/4.1.4 (java windows)
Cache-Control: no-cache
Content-Type: application/json; charset=utf-8
host: localhost:61395
accept: */*

Response DefaultHttpResponse(decodeResult: success, version: HTTP/1.1)
HTTP/1.1 200 OK
Content-Type: application/json; charset=utf-8
cache-control: no-cache
content-length: 14

18:30:24.062 [AsyncHttpClient-1-8] DEBUG org.asynchttpclient.netty.channel.ChannelManager - Adding key: http://localhost:61395 for channel [id: 0xf40c10fe, L:/127.0.0.1:49840 - R:localhost/127.0.0.1:61395]
18:30:24.065 [Forwarding findElement on session c20c61c1feb969a3246fa3cf31132b18 to remote] DEBUG org.asynchttpclient.netty.request.NettyRequestSender - Using pooled Channel '[id: 0xf40c10fe, L:/127.0.0.1:49840 - R:localhost/127.0.0.1:61395]' for 'POST' to 'http://localhost:61395/session/c20c61c1feb969a3246fa3cf31132b18/element'
18:30:24.065 [Forwarding findElement on session c20c61c1feb969a3246fa3cf31132b18 to remote] DEBUG org.asynchttpclient.netty.request.NettyRequestSender - Using open Channel [id: 0xf40c10fe, L:/127.0.0.1:49840 - R:localhost/127.0.0.1:61395] for POST '/session/c20c61c1feb969a3246fa3cf31132b18/element'
18:30:24.081 [AsyncHttpClient-1-8] DEBUG org.asynchttpclient.netty.handler.HttpHandler - 

Request DefaultHttpRequest(decodeResult: success, version: HTTP/1.1)
POST /session/c20c61c1feb969a3246fa3cf31132b18/element HTTP/1.1
User-Agent: selenium/4.1.4 (java windows)
Content-Length: 68
Content-Type: application/json; charset=utf-8
host: localhost:61395
accept: */*

Response DefaultHttpResponse(decodeResult: success, version: HTTP/1.1)
HTTP/1.1 200 OK
Content-Type: application/json; charset=utf-8
cache-control: no-cache
content-length: 88

18:30:24.082 [AsyncHttpClient-1-8] DEBUG org.asynchttpclient.netty.channel.ChannelManager - Adding key: http://localhost:61395 for channel [id: 0xf40c10fe, L:/127.0.0.1:49840 - R:localhost/127.0.0.1:61395]
18:30:24.083 [Forwarding clickElement on session c20c61c1feb969a3246fa3cf31132b18 to remote] DEBUG org.asynchttpclient.netty.request.NettyRequestSender - Using pooled Channel '[id: 0xf40c10fe, L:/127.0.0.1:49840 - R:localhost/127.0.0.1:61395]' for 'POST' to 'http://localhost:61395/session/c20c61c1feb969a3246fa3cf31132b18/element/fcb477a9-f43d-44bc-9d19-ae011c18ce6f/click'
18:30:24.083 [Forwarding clickElement on session c20c61c1feb969a3246fa3cf31132b18 to remote] DEBUG org.asynchttpclient.netty.request.NettyRequestSender - Using open Channel [id: 0xf40c10fe, L:/127.0.0.1:49840 - R:localhost/127.0.0.1:61395] for POST '/session/c20c61c1feb969a3246fa3cf31132b18/element/fcb477a9-f43d-44bc-9d19-ae011c18ce6f/click'
18:30:24.165 [AsyncHttpClient-1-8] DEBUG org.asynchttpclient.netty.handler.HttpHandler - 

Request DefaultHttpRequest(decodeResult: success, version: HTTP/1.1)
POST /session/c20c61c1feb969a3246fa3cf31132b18/element/fcb477a9-f43d-44bc-9d19-ae011c18ce6f/click HTTP/1.1
User-Agent: selenium/4.1.4 (java windows)
Content-Length: 50
Content-Type: application/json; charset=utf-8
host: localhost:61395
accept: */*

Response DefaultHttpResponse(decodeResult: success, version: HTTP/1.1)
HTTP/1.1 200 OK
Content-Type: application/json; charset=utf-8
cache-control: no-cache
content-length: 14

18:30:24.165 [AsyncHttpClient-1-8] DEBUG org.asynchttpclient.netty.channel.ChannelManager - Adding key: http://localhost:61395 for channel [id: 0xf40c10fe, L:/127.0.0.1:49840 - R:localhost/127.0.0.1:61395]
18:30:24.174 [Forwarding screenshot on session c20c61c1feb969a3246fa3cf31132b18 to remote] DEBUG org.asynchttpclient.netty.request.NettyRequestSender - Using pooled Channel '[id: 0xf40c10fe, L:/127.0.0.1:49840 - R:localhost/127.0.0.1:61395]' for 'GET' to 'http://localhost:61395/session/c20c61c1feb969a3246fa3cf31132b18/screenshot'
18:30:24.174 [Forwarding screenshot on session c20c61c1feb969a3246fa3cf31132b18 to remote] DEBUG org.asynchttpclient.netty.request.NettyRequestSender - Using open Channel [id: 0xf40c10fe, L:/127.0.0.1:49840 - R:localhost/127.0.0.1:61395] for GET '/session/c20c61c1feb969a3246fa3cf31132b18/screenshot'
18:30:24.435 [AsyncHttpClient-1-1] DEBUG org.asynchttpclient.netty.channel.DefaultChannelPool - Entry count for : http://localhost:49841 : 1
18:30:24.919 [AsyncHttpClient-1-8] DEBUG org.asynchttpclient.netty.handler.HttpHandler - 

Request DefaultFullHttpRequest(decodeResult: success, version: HTTP/1.1, content: EmptyByteBufBE)
GET /session/c20c61c1feb969a3246fa3cf31132b18/screenshot HTTP/1.1
User-Agent: selenium/4.1.4 (java windows)
Cache-Control: no-cache
Content-Type: application/json; charset=utf-8
host: localhost:61395
accept: */*

Response DefaultHttpResponse(decodeResult: success, version: HTTP/1.1)
HTTP/1.1 200 OK
Content-Type: application/json; charset=utf-8
cache-control: no-cache
content-length: 246140

18:30:24.919 [AsyncHttpClient-1-8] DEBUG org.asynchttpclient.netty.channel.ChannelManager - Adding key: http://localhost:61395 for channel [id: 0xf40c10fe, L:/127.0.0.1:49840 - R:localhost/127.0.0.1:61395]
18:30:24.920 [main] DEBUG net.serenitybdd.core.photography.Darkroom - Send negative for processing for target\site\serenity\28a46f4e18d5c4598dcb8a538aed41a1a46eb11ce9b62d9d0f08dffd94121cfb.png
18:30:24.920 [main] DEBUG net.thucydides.core.steps.StepInterceptor - STEP DONE: clickButtonSave
18:30:24.920 [Darkroom Processing Line] DEBUG net.serenitybdd.core.photography.DarkroomProcessingLine - Processing screenshot image in /var/screenshots/screenshot-6655838935307676404
18:30:24.920 [Darkroom Processing Line] DEBUG net.serenitybdd.core.photography.DarkroomProcessingLine - Saving screenshot to target\site\serenity\28a46f4e18d5c4598dcb8a538aed41a1a46eb11ce9b62d9d0f08dffd94121cfb.png
18:30:25.551 [AsyncHttpClient-1-1] DEBUG org.asynchttpclient.netty.channel.DefaultChannelPool - Entry count for : http://localhost:61395 : 1
18:30:25.551 [AsyncHttpClient-1-1] DEBUG org.asynchttpclient.netty.channel.DefaultChannelPool - Entry count for : http://localhost:49841 : 1
  &amp#27;[32mThen &amp#27;[0m&amp#27;[32mClick button simpan&amp#27;[0m                                                     &amp#27;[90m# starter.stepdefinitios.PatientDataSteps.clickButtonSimpan()&amp#27;[0m
18:30:25.939 [Forwarding screenshot on session c20c61c1feb969a3246fa3cf31132b18 to remote] DEBUG org.asynchttpclient.netty.request.NettyRequestSender - Using pooled Channel '[id: 0xf40c10fe, L:/127.0.0.1:49840 - R:localhost/127.0.0.1:61395]' for 'GET' to 'http://localhost:61395/session/c20c61c1feb969a3246fa3cf31132b18/screenshot'
18:30:25.939 [Forwarding screenshot on session c20c61c1feb969a3246fa3cf31132b18 to remote] DEBUG org.asynchttpclient.netty.request.NettyRequestSender - Using open Channel [id: 0xf40c10fe, L:/127.0.0.1:49840 - R:localhost/127.0.0.1:61395] for GET '/session/c20c61c1feb969a3246fa3cf31132b18/screenshot'
18:30:26.290 [AsyncHttpClient-1-8] DEBUG org.asynchttpclient.netty.handler.HttpHandler - 

Request DefaultFullHttpRequest(decodeResult: success, version: HTTP/1.1, content: EmptyByteBufBE)
GET /session/c20c61c1feb969a3246fa3cf31132b18/screenshot HTTP/1.1
User-Agent: selenium/4.1.4 (java windows)
Cache-Control: no-cache
Content-Type: application/json; charset=utf-8
host: localhost:61395
accept: */*

Response DefaultHttpResponse(decodeResult: success, version: HTTP/1.1)
HTTP/1.1 200 OK
Content-Type: application/json; charset=utf-8
cache-control: no-cache
content-length: 394196

18:30:26.290 [AsyncHttpClient-1-8] DEBUG org.asynchttpclient.netty.channel.ChannelManager - Adding key: http://localhost:61395 for channel [id: 0xf40c10fe, L:/127.0.0.1:49840 - R:localhost/127.0.0.1:61395]
18:30:26.305 [main] DEBUG net.serenitybdd.core.photography.Darkroom - Send negative for processing for target\site\serenity\7444b5ac6878da65505484743f9fa896f791c2ebfa72a7b63c30d28c862b0cfe.png
18:30:26.305 [Darkroom Processing Line] DEBUG net.serenitybdd.core.photography.DarkroomProcessingLine - Processing screenshot image in /var/screenshots/screenshot-9079055611766571842
18:30:26.305 [Darkroom Processing Line] DEBUG net.serenitybdd.core.photography.DarkroomProcessingLine - Saving screenshot to target\site\serenity\7444b5ac6878da65505484743f9fa896f791c2ebfa72a7b63c30d28c862b0cfe.png
18:30:26.649 [AsyncHttpClient-1-1] DEBUG org.asynchttpclient.netty.channel.DefaultChannelPool - Entry count for : http://localhost:61395 : 1
18:30:26.649 [AsyncHttpClient-1-1] DEBUG org.asynchttpclient.netty.channel.DefaultChannelPool - Entry count for : http://localhost:49841 : 1
18:30:27.336 [Forwarding screenshot on session c20c61c1feb969a3246fa3cf31132b18 to remote] DEBUG org.asynchttpclient.netty.request.NettyRequestSender - Using pooled Channel '[id: 0xf40c10fe, L:/127.0.0.1:49840 - R:localhost/127.0.0.1:61395]' for 'GET' to 'http://localhost:61395/session/c20c61c1feb969a3246fa3cf31132b18/screenshot'
18:30:27.336 [Forwarding screenshot on session c20c61c1feb969a3246fa3cf31132b18 to remote] DEBUG org.asynchttpclient.netty.request.NettyRequestSender - Using open Channel [id: 0xf40c10fe, L:/127.0.0.1:49840 - R:localhost/127.0.0.1:61395] for GET '/session/c20c61c1feb969a3246fa3cf31132b18/screenshot'
18:30:27.580 [AsyncHttpClient-1-8] DEBUG org.asynchttpclient.netty.handler.HttpHandler - 

Request DefaultFullHttpRequest(decodeResult: success, version: HTTP/1.1, content: EmptyByteBufBE)
GET /session/c20c61c1feb969a3246fa3cf31132b18/screenshot HTTP/1.1
User-Agent: selenium/4.1.4 (java windows)
Cache-Control: no-cache
Content-Type: application/json; charset=utf-8
host: localhost:61395
accept: */*

Response DefaultHttpResponse(decodeResult: success, version: HTTP/1.1)
HTTP/1.1 200 OK
Content-Type: application/json; charset=utf-8
cache-control: no-cache
content-length: 394196

18:30:27.580 [AsyncHttpClient-1-8] DEBUG org.asynchttpclient.netty.channel.ChannelManager - Adding key: http://localhost:61395 for channel [id: 0xf40c10fe, L:/127.0.0.1:49840 - R:localhost/127.0.0.1:61395]
18:30:27.588 [main] DEBUG net.serenitybdd.core.photography.Darkroom - Send negative for processing for target\site\serenity\7444b5ac6878da65505484743f9fa896f791c2ebfa72a7b63c30d28c862b0cfe.png
18:30:27.588 [main] DEBUG net.thucydides.core.steps.StepInterceptor - STARTING STEP: PatientDataSteps.validateAddErrorMessengerPasien - validateTextMessegerDokter
18:30:27.589 [Forwarding findElement on session c20c61c1feb969a3246fa3cf31132b18 to remote] DEBUG org.asynchttpclient.netty.request.NettyRequestSender - Using pooled Channel '[id: 0xf40c10fe, L:/127.0.0.1:49840 - R:localhost/127.0.0.1:61395]' for 'POST' to 'http://localhost:61395/session/c20c61c1feb969a3246fa3cf31132b18/element'
18:30:27.589 [Forwarding findElement on session c20c61c1feb969a3246fa3cf31132b18 to remote] DEBUG org.asynchttpclient.netty.request.NettyRequestSender - Using open Channel [id: 0xf40c10fe, L:/127.0.0.1:49840 - R:localhost/127.0.0.1:61395] for POST '/session/c20c61c1feb969a3246fa3cf31132b18/element'
18:30:27.599 [AsyncHttpClient-1-8] DEBUG org.asynchttpclient.netty.handler.HttpHandler - 

Request DefaultHttpRequest(decodeResult: success, version: HTTP/1.1)
POST /session/c20c61c1feb969a3246fa3cf31132b18/element HTTP/1.1
User-Agent: selenium/4.1.4 (java windows)
Content-Length: 143
Content-Type: application/json; charset=utf-8
host: localhost:61395
accept: */*

Response DefaultHttpResponse(decodeResult: success, version: HTTP/1.1)
HTTP/1.1 200 OK
Content-Type: application/json; charset=utf-8
cache-control: no-cache
content-length: 88

18:30:27.599 [AsyncHttpClient-1-8] DEBUG org.asynchttpclient.netty.channel.ChannelManager - Adding key: http://localhost:61395 for channel [id: 0xf40c10fe, L:/127.0.0.1:49840 - R:localhost/127.0.0.1:61395]
18:30:27.599 [Forwarding getElementText on session c20c61c1feb969a3246fa3cf31132b18 to remote] DEBUG org.asynchttpclient.netty.request.NettyRequestSender - Using pooled Channel '[id: 0xf40c10fe, L:/127.0.0.1:49840 - R:localhost/127.0.0.1:61395]' for 'GET' to 'http://localhost:61395/session/c20c61c1feb969a3246fa3cf31132b18/element/0d229d1e-bcd8-467c-bc8e-0af7f04eea44/text'
18:30:27.599 [Forwarding getElementText on session c20c61c1feb969a3246fa3cf31132b18 to remote] DEBUG org.asynchttpclient.netty.request.NettyRequestSender - Using open Channel [id: 0xf40c10fe, L:/127.0.0.1:49840 - R:localhost/127.0.0.1:61395] for GET '/session/c20c61c1feb969a3246fa3cf31132b18/element/0d229d1e-bcd8-467c-bc8e-0af7f04eea44/text'
18:30:27.626 [AsyncHttpClient-1-8] DEBUG org.asynchttpclient.netty.handler.HttpHandler - 

Request DefaultFullHttpRequest(decodeResult: success, version: HTTP/1.1, content: EmptyByteBufBE)
GET /session/c20c61c1feb969a3246fa3cf31132b18/element/0d229d1e-bcd8-467c-bc8e-0af7f04eea44/text HTTP/1.1
User-Agent: selenium/4.1.4 (java windows)
Cache-Control: no-cache
Content-Type: application/json; charset=utf-8
host: localhost:61395
accept: */*

Response DefaultHttpResponse(decodeResult: success, version: HTTP/1.1)
HTTP/1.1 200 OK
Content-Type: application/json; charset=utf-8
cache-control: no-cache
content-length: 132

18:30:27.626 [AsyncHttpClient-1-8] DEBUG org.asynchttpclient.netty.channel.ChannelManager - Adding key: http://localhost:61395 for channel [id: 0xf40c10fe, L:/127.0.0.1:49840 - R:localhost/127.0.0.1:61395]
18:30:27.629 [main] DEBUG net.thucydides.core.steps.StepInterceptor - STEP DONE: validateTextMessegerDokter
  &amp#27;[32mAnd &amp#27;[0m&amp#27;[32mValidate add error messenger &amp#27;[0m&amp#27;[32m&amp#27;[1m"alamat perlu dibutuhkan"&amp#27;[0m&amp#27;[32m Pasien&amp#27;[0m            &amp#27;[90m# starter.stepdefinitios.PatientDataSteps.validateAddErrorMessengerPasien(java.lang.String)&amp#27;[0m
18:30:27.638 [AsyncHttpClient-1-2] DEBUG org.asynchttpclient.netty.handler.WebSocketHandler - Channel Closed: [id: 0xb4143697, L:/127.0.0.1:49848 ! R:localhost/127.0.0.1:49841] with attribute NettyResponseFuture{currentRetry=5,
	isDone=1,
	isCancelled=0,
	asyncHandler=org.asynchttpclient.ws.WebSocketUpgradeHandler@1796578f,
	nettyRequest=org.asynchttpclient.netty.request.NettyRequest@50c0b2d2,
	future=java.util.concurrent.CompletableFuture@7f278fae[Completed normally],
	uri=ws://localhost:49841/devtools/browser/21277c80-5b62-41c9-b570-d43accb1df5c,
	keepAlive=true,
	redirectCount=0,
	timeoutsHolder=null,
	inAuth=0,
	touch=1658057397441}
18:30:27.638 [AsyncHttpClient-1-2] DEBUG org.asynchttpclient.netty.channel.ChannelManager - Closing Channel [id: 0xb4143697, L:/127.0.0.1:49848 ! R:localhost/127.0.0.1:49841] 
18:30:27.638 [Driver Command Executor] DEBUG org.asynchttpclient.netty.request.NettyRequestSender - Using pooled Channel '[id: 0xf40c10fe, L:/127.0.0.1:49840 - R:localhost/127.0.0.1:61395]' for 'DELETE' to 'http://localhost:61395/session/c20c61c1feb969a3246fa3cf31132b18'
18:30:27.638 [Driver Command Executor] DEBUG org.asynchttpclient.netty.request.NettyRequestSender - Using open Channel [id: 0xf40c10fe, L:/127.0.0.1:49840 - R:localhost/127.0.0.1:61395] for DELETE '/session/c20c61c1feb969a3246fa3cf31132b18'
18:30:27.700 [AsyncHttpClient-1-9] DEBUG org.asynchttpclient.netty.handler.HttpHandler - Unexpected I/O exception on channel [id: 0x61889aab, L:/127.0.0.1:49847 - R:localhost/127.0.0.1:49841]
java.io.IOException: An existing connection was forcibly closed by the remote host
	at java.base/sun.nio.ch.SocketDispatcher.read0(Native Method)
	at java.base/sun.nio.ch.SocketDispatcher.read(SocketDispatcher.java:43)
	at java.base/sun.nio.ch.IOUtil.readIntoNativeBuffer(IOUtil.java:276)
	at java.base/sun.nio.ch.IOUtil.read(IOUtil.java:233)
	at java.base/sun.nio.ch.IOUtil.read(IOUtil.java:223)
	at java.base/sun.nio.ch.SocketChannelImpl.read(SocketChannelImpl.java:356)
	at io.netty.buffer.PooledByteBuf.setBytes(PooledByteBuf.java:258)
	at io.netty.buffer.AbstractByteBuf.writeBytes(AbstractByteBuf.java:1132)
	at io.netty.channel.socket.nio.NioSocketChannel.doReadBytes(NioSocketChannel.java:357)
	at io.netty.channel.nio.AbstractNioByteChannel$NioByteUnsafe.read(AbstractNioByteChannel.java:151)
	at io.netty.channel.nio.NioEventLoop.processSelectedKey(NioEventLoop.java:722)
	at io.netty.channel.nio.NioEventLoop.processSelectedKeysOptimized(NioEventLoop.java:658)
	at io.netty.channel.nio.NioEventLoop.processSelectedKeys(NioEventLoop.java:584)
	at io.netty.channel.nio.NioEventLoop.run(NioEventLoop.java:496)
	at io.netty.util.concurrent.SingleThreadEventExecutor$4.run(SingleThreadEventExecutor.java:986)
	at io.netty.util.internal.ThreadExecutorMap$2.run(ThreadExecutorMap.java:74)
	at io.netty.util.concurrent.FastThreadLocalRunnable.run(FastThreadLocalRunnable.java:30)
	at java.base/java.lang.Thread.run(Thread.java:829)
18:30:27.700 [AsyncHttpClient-1-9] DEBUG org.asynchttpclient.netty.channel.ChannelManager - Closing Channel [id: 0x61889aab, L:/127.0.0.1:49847 - R:localhost/127.0.0.1:49841] 
18:30:27.701 [AsyncHttpClient-1-9] DEBUG org.asynchttpclient.netty.handler.HttpHandler - Channel Closed: [id: 0x61889aab, L:/127.0.0.1:49847 ! R:localhost/127.0.0.1:49841] with attribute DISCARD
18:30:27.746 [AsyncHttpClient-1-1] DEBUG org.asynchttpclient.netty.channel.DefaultChannelPool - Entry count for : http://localhost:49841 : 1
18:30:27.747 [AsyncHttpClient-1-1] DEBUG org.asynchttpclient.netty.channel.DefaultChannelPool - Adding Candidate expired Channel [id: 0x61889aab, L:/127.0.0.1:49847 ! R:localhost/127.0.0.1:49841] isIdleTimeoutExpired=false isRemotelyClosed=true isTtlExpired=false
18:30:27.747 [AsyncHttpClient-1-1] DEBUG org.asynchttpclient.netty.channel.DefaultChannelPool - Closing Idle Channel [id: 0x61889aab, L:/127.0.0.1:49847 ! R:localhost/127.0.0.1:49841]
18:30:27.747 [AsyncHttpClient-1-1] DEBUG org.asynchttpclient.netty.channel.DefaultChannelPool - Closed 1 connections out of 1 in 0 ms
18:30:27.771 [AsyncHttpClient-1-8] DEBUG org.asynchttpclient.netty.handler.HttpHandler - 

Request DefaultFullHttpRequest(decodeResult: success, version: HTTP/1.1, content: EmptyByteBufBE)
DELETE /session/c20c61c1feb969a3246fa3cf31132b18 HTTP/1.1
User-Agent: selenium/4.1.4 (java windows)
Content-Type: application/json; charset=utf-8
host: localhost:61395
accept: */*

Response DefaultHttpResponse(decodeResult: success, version: HTTP/1.1)
HTTP/1.1 200 OK
Content-Type: application/json; charset=utf-8
cache-control: no-cache
content-length: 14

18:30:27.771 [AsyncHttpClient-1-8] DEBUG org.asynchttpclient.netty.channel.ChannelManager - Adding key: http://localhost:61395 for channel [id: 0xf40c10fe, L:/127.0.0.1:49840 - R:localhost/127.0.0.1:61395]
18:30:27.852 [AsyncHttpClient-1-8] DEBUG org.asynchttpclient.netty.handler.HttpHandler - Channel Closed: [id: 0xf40c10fe, L:/127.0.0.1:49840 ! R:localhost/127.0.0.1:61395] with attribute DISCARD
]]></system-out>
    <system-err><![CDATA[Starting ChromeDriver 103.0.5060.53 (a1711811edd74ff1cf2150f36ffa3b0dae40b17f-refs/branch-heads/5060@{#853}) on port 61395
Only local connections are allowed.
Please see https://chromedriver.chromium.org/security-considerations for suggestions on keeping ChromeDriver safe.
ChromeDriver was started successfully.
Jul 17, 2022 6:29:57 PM org.openqa.selenium.remote.ProtocolHandshake createSession
INFO: Detected dialect: W3C
Jul 17, 2022 6:29:57 PM org.openqa.selenium.devtools.CdpVersionFinder findNearestMatch
WARNING: Unable to find an exact match for CDP version 103, so returning the closest version found: 101
Jul 17, 2022 6:29:57 PM org.openqa.selenium.devtools.CdpVersionFinder findNearestMatch
INFO: Found CDP implementation for version 103 of 101
]]></system-err>
  </testcase>
  <testcase name="As a admin i want to add data pasien (JK Laki-Laki) - Invlid #1" classname="Data Pasien - Admin" time="32.112">
    <system-out><![CDATA[
@DataPasien111 @AddPatientDataInvalid
Scenario Outline: As a admin i want to add data pasien (JK Laki-Laki) - Invlid  &amp#27;[90m# src/test/resources/features/4DataPasien.feature:120&amp#27;[0m
18:30:27.912 [main] INFO io.cucumber.core.plugin.SerenityReporter - Running feature from file:///C:/Alterra/CapstoneBaru/QE/TestingWebUpdate/src/test/resources/features/4DataPasien.feature
18:30:27.917 [main] INFO  - 
  _____   ___   ___   _____     ___   _____     _     ___   _____   ___   ___  
 |_   _| | __| / __| |_   _|   / __| |_   _|   /_\   | _ \ |_   _| | __| |   \ 
   | |   | _|  \__ \   | |     \__ \   | |    / _ \  |   /   | |   | _|  | |) |
   |_|   |___| |___/   |_|     |___/   |_|   /_/ \_\ |_|_\   |_|   |___| |___/ 

As a admin i want to add data pasien (JK Laki-Laki) - Invlid(data-pasien---admin;as-a-admin-i-want-to-add-data-pasien-(jk-laki-laki)---invlid)
--------------------------------------------------------------------------------
18:30:28.021 [main] DEBUG net.thucydides.core.steps.StepInterceptor - STARTING STEP: LoginSteps.openLoginPage - openLogin
18:30:28.028 [main] INFO net.serenitybdd.core.webdriver.driverproviders.ChromeDriverProvider - Using automatically driver download
18:30:28.206 [main] DEBUG io.github.bonigarcia.wdm.cache.ResolutionCache - Resolution chrome=103 in cache (valid until 18:54:33 17/07/2022 ICT)
18:30:28.209 [main] DEBUG io.github.bonigarcia.wdm.cache.ResolutionCache - Resolution chrome103=103.0.5060.53 in cache (valid until 17:54:33 18/07/2022 ICT)
18:30:28.210 [main] INFO io.github.bonigarcia.wdm.WebDriverManager - Using chromedriver 103.0.5060.53 (resolved driver for Chrome 103)
18:30:28.219 [main] DEBUG io.github.bonigarcia.wdm.WebDriverManager - Driver chromedriver 103.0.5060.53 found in cache
18:30:28.219 [main] INFO io.github.bonigarcia.wdm.WebDriverManager - Exporting webdriver.chrome.driver as C:\Users\Bagas Dwi Saputra\.cache\selenium\chromedriver\win32\103.0.5060.53\chromedriver.exe
18:30:28.347 [main] DEBUG net.serenitybdd.core.webdriver.driverproviders.ProvideNewDriver - Instantiating driver
18:30:28.347 [main] DEBUG net.serenitybdd.core.webdriver.driverproviders.ProvideNewDriver - Driver capabilities: Capabilities {acceptInsecureCerts: false, base.url: https://fanciful-trifle-360..., browserName: chrome, chorme.driver: src/test/resources/webdrive..., driver: chrome, goog:chromeOptions: {args: [], extensions: []}}
18:30:28.702 [AsyncHttpClient-1-3] DEBUG org.asynchttpclient.netty.channel.NettyConnectListener - Using new Channel '[id: 0x71ab5d82, L:/127.0.0.1:49870 - R:localhost/127.0.0.1:56721]' for 'POST' to '/session'
18:30:28.836 [AsyncHttpClient-1-1] DEBUG org.asynchttpclient.netty.channel.DefaultChannelPool - Entry count for : http://localhost:61395 : 1
18:30:28.836 [AsyncHttpClient-1-1] DEBUG org.asynchttpclient.netty.channel.DefaultChannelPool - Adding Candidate expired Channel [id: 0xf40c10fe, L:/127.0.0.1:49840 ! R:localhost/127.0.0.1:61395] isIdleTimeoutExpired=false isRemotelyClosed=true isTtlExpired=false
18:30:28.836 [AsyncHttpClient-1-1] DEBUG org.asynchttpclient.netty.channel.DefaultChannelPool - Closing Idle Channel [id: 0xf40c10fe, L:/127.0.0.1:49840 ! R:localhost/127.0.0.1:61395]
18:30:28.836 [AsyncHttpClient-1-1] DEBUG org.asynchttpclient.netty.channel.DefaultChannelPool - Closed 1 connections out of 1 in 0 ms
18:30:30.358 [AsyncHttpClient-1-3] DEBUG org.asynchttpclient.netty.handler.HttpHandler - 

Request DefaultHttpRequest(decodeResult: success, version: HTTP/1.1)
POST /session HTTP/1.1
User-Agent: selenium/4.1.4 (java windows)
Content-Length: 629
Content-Type: application/json; charset=utf-8
host: localhost:56721
accept: */*

Response DefaultHttpResponse(decodeResult: success, version: HTTP/1.1)
HTTP/1.1 200 OK
Content-Type: application/json; charset=utf-8
cache-control: no-cache
content-length: 794

18:30:30.358 [AsyncHttpClient-1-3] DEBUG org.asynchttpclient.netty.channel.ChannelManager - Adding key: http://localhost:56721 for channel [id: 0x71ab5d82, L:/127.0.0.1:49870 - R:localhost/127.0.0.1:56721]
18:30:30.365 [AsyncHttpClient-1-4] DEBUG org.asynchttpclient.netty.channel.NettyConnectListener - Using new Channel '[id: 0x491f07ae, L:/127.0.0.1:49877 - R:localhost/127.0.0.1:49871]' for 'GET' to '/json/version'
18:30:30.366 [AsyncHttpClient-1-4] DEBUG org.asynchttpclient.netty.handler.HttpHandler - 

Request DefaultFullHttpRequest(decodeResult: success, version: HTTP/1.1, content: EmptyByteBufBE)
GET /json/version HTTP/1.1
User-Agent: selenium/4.1.4 (java windows)
host: localhost:49871
accept: */*

Response DefaultHttpResponse(decodeResult: success, version: HTTP/1.1)
HTTP/1.1 200 OK
Content-Type: application/json; charset=UTF-8
content-length: 429

18:30:30.366 [AsyncHttpClient-1-4] DEBUG org.asynchttpclient.netty.channel.ChannelManager - Adding key: http://localhost:49871 for channel [id: 0x491f07ae, L:/127.0.0.1:49877 - R:localhost/127.0.0.1:49871]
18:30:30.369 [AsyncHttpClient-1-5] DEBUG org.asynchttpclient.netty.channel.NettyConnectListener - Using new Channel '[id: 0xba2c6bc3, L:/127.0.0.1:49878 - R:localhost/127.0.0.1:49871]' for 'GET' to '/devtools/browser/172f46c2-6437-4f4e-9446-629e63c3683a'
18:30:30.370 [AsyncHttpClient-1-5] DEBUG org.asynchttpclient.netty.handler.WebSocketHandler - 

Request DefaultFullHttpRequest(decodeResult: success, version: HTTP/1.1, content: EmptyByteBufBE)
GET /devtools/browser/172f46c2-6437-4f4e-9446-629e63c3683a HTTP/1.1
upgrade: websocket
connection: upgrade
sec-websocket-key: P5omj1zDIF2DldCmSdOung==
sec-websocket-version: 13
origin: http://localhost:49871
host: localhost:49871
accept: */*
user-agent: AHC/2.1

Response DefaultHttpResponse(decodeResult: success, version: HTTP/1.1)
HTTP/1.1 101 WebSocket Protocol Handshake
Upgrade: WebSocket
Connection: Upgrade
Sec-WebSocket-Accept: /2wiJJ/VrrK6L047qQ0H7FMMRXA=

18:30:30.377 [Forwarding get on session ed2fc7f0f4855d6b813b4d5ea1bbba5f to remote] DEBUG org.asynchttpclient.netty.request.NettyRequestSender - Using pooled Channel '[id: 0x71ab5d82, L:/127.0.0.1:49870 - R:localhost/127.0.0.1:56721]' for 'POST' to 'http://localhost:56721/session/ed2fc7f0f4855d6b813b4d5ea1bbba5f/url'
18:30:30.377 [Forwarding get on session ed2fc7f0f4855d6b813b4d5ea1bbba5f to remote] DEBUG org.asynchttpclient.netty.request.NettyRequestSender - Using open Channel [id: 0x71ab5d82, L:/127.0.0.1:49870 - R:localhost/127.0.0.1:56721] for POST '/session/ed2fc7f0f4855d6b813b4d5ea1bbba5f/url'
18:30:31.029 [AsyncHttpClient-1-3] DEBUG org.asynchttpclient.netty.handler.HttpHandler - 

Request DefaultHttpRequest(decodeResult: success, version: HTTP/1.1)
POST /session/ed2fc7f0f4855d6b813b4d5ea1bbba5f/url HTTP/1.1
User-Agent: selenium/4.1.4 (java windows)
Content-Length: 78
Content-Type: application/json; charset=utf-8
host: localhost:56721
accept: */*

Response DefaultHttpResponse(decodeResult: success, version: HTTP/1.1)
HTTP/1.1 200 OK
Content-Type: application/json; charset=utf-8
cache-control: no-cache
content-length: 14

18:30:31.029 [AsyncHttpClient-1-3] DEBUG org.asynchttpclient.netty.channel.ChannelManager - Adding key: http://localhost:56721 for channel [id: 0x71ab5d82, L:/127.0.0.1:49870 - R:localhost/127.0.0.1:56721]
18:30:31.030 [Forwarding setTimeout on session ed2fc7f0f4855d6b813b4d5ea1bbba5f to remote] DEBUG org.asynchttpclient.netty.request.NettyRequestSender - Using pooled Channel '[id: 0x71ab5d82, L:/127.0.0.1:49870 - R:localhost/127.0.0.1:56721]' for 'POST' to 'http://localhost:56721/session/ed2fc7f0f4855d6b813b4d5ea1bbba5f/timeouts'
18:30:31.030 [Forwarding setTimeout on session ed2fc7f0f4855d6b813b4d5ea1bbba5f to remote] DEBUG org.asynchttpclient.netty.request.NettyRequestSender - Using open Channel [id: 0x71ab5d82, L:/127.0.0.1:49870 - R:localhost/127.0.0.1:56721] for POST '/session/ed2fc7f0f4855d6b813b4d5ea1bbba5f/timeouts'
18:30:31.031 [AsyncHttpClient-1-3] DEBUG org.asynchttpclient.netty.handler.HttpHandler - 

Request DefaultHttpRequest(decodeResult: success, version: HTTP/1.1)
POST /session/ed2fc7f0f4855d6b813b4d5ea1bbba5f/timeouts HTTP/1.1
User-Agent: selenium/4.1.4 (java windows)
Content-Length: 22
Content-Type: application/json; charset=utf-8
host: localhost:56721
accept: */*

Response DefaultHttpResponse(decodeResult: success, version: HTTP/1.1)
HTTP/1.1 200 OK
Content-Type: application/json; charset=utf-8
cache-control: no-cache
content-length: 14

18:30:31.031 [AsyncHttpClient-1-3] DEBUG org.asynchttpclient.netty.channel.ChannelManager - Adding key: http://localhost:56721 for channel [id: 0x71ab5d82, L:/127.0.0.1:49870 - R:localhost/127.0.0.1:56721]
18:30:31.033 [Forwarding getCurrentUrl on session ed2fc7f0f4855d6b813b4d5ea1bbba5f to remote] DEBUG org.asynchttpclient.netty.request.NettyRequestSender - Using pooled Channel '[id: 0x71ab5d82, L:/127.0.0.1:49870 - R:localhost/127.0.0.1:56721]' for 'GET' to 'http://localhost:56721/session/ed2fc7f0f4855d6b813b4d5ea1bbba5f/url'
18:30:31.033 [Forwarding getCurrentUrl on session ed2fc7f0f4855d6b813b4d5ea1bbba5f to remote] DEBUG org.asynchttpclient.netty.request.NettyRequestSender - Using open Channel [id: 0x71ab5d82, L:/127.0.0.1:49870 - R:localhost/127.0.0.1:56721] for GET '/session/ed2fc7f0f4855d6b813b4d5ea1bbba5f/url'
18:30:31.037 [AsyncHttpClient-1-1] DEBUG org.asynchttpclient.netty.channel.DefaultChannelPool - Entry count for : http://localhost:49871 : 1
18:30:31.037 [AsyncHttpClient-1-3] DEBUG org.asynchttpclient.netty.handler.HttpHandler - 

Request DefaultFullHttpRequest(decodeResult: success, version: HTTP/1.1, content: EmptyByteBufBE)
GET /session/ed2fc7f0f4855d6b813b4d5ea1bbba5f/url HTTP/1.1
User-Agent: selenium/4.1.4 (java windows)
Cache-Control: no-cache
Content-Type: application/json; charset=utf-8
host: localhost:56721
accept: */*

Response DefaultHttpResponse(decodeResult: success, version: HTTP/1.1)
HTTP/1.1 200 OK
Content-Type: application/json; charset=utf-8
cache-control: no-cache
content-length: 60

18:30:31.037 [AsyncHttpClient-1-3] DEBUG org.asynchttpclient.netty.channel.ChannelManager - Adding key: http://localhost:56721 for channel [id: 0x71ab5d82, L:/127.0.0.1:49870 - R:localhost/127.0.0.1:56721]
18:30:31.039 [Forwarding screenshot on session ed2fc7f0f4855d6b813b4d5ea1bbba5f to remote] DEBUG org.asynchttpclient.netty.request.NettyRequestSender - Using pooled Channel '[id: 0x71ab5d82, L:/127.0.0.1:49870 - R:localhost/127.0.0.1:56721]' for 'GET' to 'http://localhost:56721/session/ed2fc7f0f4855d6b813b4d5ea1bbba5f/screenshot'
18:30:31.039 [Forwarding screenshot on session ed2fc7f0f4855d6b813b4d5ea1bbba5f to remote] DEBUG org.asynchttpclient.netty.request.NettyRequestSender - Using open Channel [id: 0x71ab5d82, L:/127.0.0.1:49870 - R:localhost/127.0.0.1:56721] for GET '/session/ed2fc7f0f4855d6b813b4d5ea1bbba5f/screenshot'
18:30:31.405 [AsyncHttpClient-1-3] DEBUG org.asynchttpclient.netty.handler.HttpHandler - 

Request DefaultFullHttpRequest(decodeResult: success, version: HTTP/1.1, content: EmptyByteBufBE)
GET /session/ed2fc7f0f4855d6b813b4d5ea1bbba5f/screenshot HTTP/1.1
User-Agent: selenium/4.1.4 (java windows)
Cache-Control: no-cache
Content-Type: application/json; charset=utf-8
host: localhost:56721
accept: */*

Response DefaultHttpResponse(decodeResult: success, version: HTTP/1.1)
HTTP/1.1 200 OK
Content-Type: application/json; charset=utf-8
cache-control: no-cache
content-length: 380436

18:30:31.409 [AsyncHttpClient-1-3] DEBUG org.asynchttpclient.netty.channel.ChannelManager - Adding key: http://localhost:56721 for channel [id: 0x71ab5d82, L:/127.0.0.1:49870 - R:localhost/127.0.0.1:56721]
18:30:31.419 [main] DEBUG net.serenitybdd.core.photography.Darkroom - Send negative for processing for target\site\serenity\d122c364c40ece9db0ad32cd97c3fcf63e95ba606118dda8d3e5a1d2b8235ce2.png
18:30:31.419 [main] DEBUG net.thucydides.core.steps.StepInterceptor - STEP DONE: openLogin
  &amp#27;[32mGiven &amp#27;[0m&amp#27;[32mOpen login page&amp#27;[0m                                                         &amp#27;[90m# starter.stepdefinitios.LoginSteps.openLoginPage()&amp#27;[0m
18:30:31.922 [Forwarding findElement on session ed2fc7f0f4855d6b813b4d5ea1bbba5f to remote] DEBUG org.asynchttpclient.netty.request.NettyRequestSender - Using pooled Channel '[id: 0x71ab5d82, L:/127.0.0.1:49870 - R:localhost/127.0.0.1:56721]' for 'POST' to 'http://localhost:56721/session/ed2fc7f0f4855d6b813b4d5ea1bbba5f/element'
18:30:31.922 [Forwarding findElement on session ed2fc7f0f4855d6b813b4d5ea1bbba5f to remote] DEBUG org.asynchttpclient.netty.request.NettyRequestSender - Using open Channel [id: 0x71ab5d82, L:/127.0.0.1:49870 - R:localhost/127.0.0.1:56721] for POST '/session/ed2fc7f0f4855d6b813b4d5ea1bbba5f/element'
18:30:31.945 [AsyncHttpClient-1-3] DEBUG org.asynchttpclient.netty.handler.HttpHandler - 

Request DefaultHttpRequest(decodeResult: success, version: HTTP/1.1)
POST /session/ed2fc7f0f4855d6b813b4d5ea1bbba5f/element HTTP/1.1
User-Agent: selenium/4.1.4 (java windows)
Content-Length: 70
Content-Type: application/json; charset=utf-8
host: localhost:56721
accept: */*

Response DefaultHttpResponse(decodeResult: success, version: HTTP/1.1)
HTTP/1.1 200 OK
Content-Type: application/json; charset=utf-8
cache-control: no-cache
content-length: 88

18:30:31.945 [AsyncHttpClient-1-3] DEBUG org.asynchttpclient.netty.channel.ChannelManager - Adding key: http://localhost:56721 for channel [id: 0x71ab5d82, L:/127.0.0.1:49870 - R:localhost/127.0.0.1:56721]
18:30:31.947 [Forwarding sendKeysToElement on session ed2fc7f0f4855d6b813b4d5ea1bbba5f to remote] DEBUG org.asynchttpclient.netty.request.NettyRequestSender - Using pooled Channel '[id: 0x71ab5d82, L:/127.0.0.1:49870 - R:localhost/127.0.0.1:56721]' for 'POST' to 'http://localhost:56721/session/ed2fc7f0f4855d6b813b4d5ea1bbba5f/element/eccb5ac4-d48e-433f-b8bf-79a32979db2d/value'
18:30:31.947 [Forwarding sendKeysToElement on session ed2fc7f0f4855d6b813b4d5ea1bbba5f to remote] DEBUG org.asynchttpclient.netty.request.NettyRequestSender - Using open Channel [id: 0x71ab5d82, L:/127.0.0.1:49870 - R:localhost/127.0.0.1:56721] for POST '/session/ed2fc7f0f4855d6b813b4d5ea1bbba5f/element/eccb5ac4-d48e-433f-b8bf-79a32979db2d/value'
18:30:32.091 [AsyncHttpClient-1-3] DEBUG org.asynchttpclient.netty.handler.HttpHandler - 

Request DefaultHttpRequest(decodeResult: success, version: HTTP/1.1)
POST /session/ed2fc7f0f4855d6b813b4d5ea1bbba5f/element/eccb5ac4-d48e-433f-b8bf-79a32979db2d/value HTTP/1.1
User-Agent: selenium/4.1.4 (java windows)
Content-Length: 131
Content-Type: application/json; charset=utf-8
host: localhost:56721
accept: */*

Response DefaultHttpResponse(decodeResult: success, version: HTTP/1.1)
HTTP/1.1 200 OK
Content-Type: application/json; charset=utf-8
cache-control: no-cache
content-length: 14

18:30:32.091 [AsyncHttpClient-1-3] DEBUG org.asynchttpclient.netty.channel.ChannelManager - Adding key: http://localhost:56721 for channel [id: 0x71ab5d82, L:/127.0.0.1:49870 - R:localhost/127.0.0.1:56721]
  &amp#27;[32mAnd &amp#27;[0m&amp#27;[32mI input &amp#27;[0m&amp#27;[32m&amp#27;[1m"admin"&amp#27;[0m&amp#27;[32m login email valid&amp#27;[0m                                         &amp#27;[90m# starter.stepdefinitios.LoginSteps.iInputLoginEmailValid(java.lang.String)&amp#27;[0m
18:30:32.096 [Forwarding screenshot on session ed2fc7f0f4855d6b813b4d5ea1bbba5f to remote] DEBUG org.asynchttpclient.netty.request.NettyRequestSender - Using pooled Channel '[id: 0x71ab5d82, L:/127.0.0.1:49870 - R:localhost/127.0.0.1:56721]' for 'GET' to 'http://localhost:56721/session/ed2fc7f0f4855d6b813b4d5ea1bbba5f/screenshot'
18:30:32.096 [Forwarding screenshot on session ed2fc7f0f4855d6b813b4d5ea1bbba5f to remote] DEBUG org.asynchttpclient.netty.request.NettyRequestSender - Using open Channel [id: 0x71ab5d82, L:/127.0.0.1:49870 - R:localhost/127.0.0.1:56721] for GET '/session/ed2fc7f0f4855d6b813b4d5ea1bbba5f/screenshot'
18:30:32.135 [AsyncHttpClient-1-1] DEBUG org.asynchttpclient.netty.channel.DefaultChannelPool - Entry count for : http://localhost:49871 : 1
18:30:32.281 [AsyncHttpClient-1-3] DEBUG org.asynchttpclient.netty.handler.HttpHandler - 

Request DefaultFullHttpRequest(decodeResult: success, version: HTTP/1.1, content: EmptyByteBufBE)
GET /session/ed2fc7f0f4855d6b813b4d5ea1bbba5f/screenshot HTTP/1.1
User-Agent: selenium/4.1.4 (java windows)
Cache-Control: no-cache
Content-Type: application/json; charset=utf-8
host: localhost:56721
accept: */*

Response DefaultHttpResponse(decodeResult: success, version: HTTP/1.1)
HTTP/1.1 200 OK
Content-Type: application/json; charset=utf-8
cache-control: no-cache
content-length: 379420

18:30:32.281 [AsyncHttpClient-1-3] DEBUG org.asynchttpclient.netty.channel.ChannelManager - Adding key: http://localhost:56721 for channel [id: 0x71ab5d82, L:/127.0.0.1:49870 - R:localhost/127.0.0.1:56721]
18:30:32.295 [main] DEBUG net.serenitybdd.core.photography.Darkroom - Send negative for processing for target\site\serenity\93df20195d3751dea78ac30a105f84d37c410e0341f58ded6fb231b5b47402e6.png
18:30:32.810 [Forwarding screenshot on session ed2fc7f0f4855d6b813b4d5ea1bbba5f to remote] DEBUG org.asynchttpclient.netty.request.NettyRequestSender - Using pooled Channel '[id: 0x71ab5d82, L:/127.0.0.1:49870 - R:localhost/127.0.0.1:56721]' for 'GET' to 'http://localhost:56721/session/ed2fc7f0f4855d6b813b4d5ea1bbba5f/screenshot'
18:30:32.810 [Forwarding screenshot on session ed2fc7f0f4855d6b813b4d5ea1bbba5f to remote] DEBUG org.asynchttpclient.netty.request.NettyRequestSender - Using open Channel [id: 0x71ab5d82, L:/127.0.0.1:49870 - R:localhost/127.0.0.1:56721] for GET '/session/ed2fc7f0f4855d6b813b4d5ea1bbba5f/screenshot'
18:30:33.001 [AsyncHttpClient-1-3] DEBUG org.asynchttpclient.netty.handler.HttpHandler - 

Request DefaultFullHttpRequest(decodeResult: success, version: HTTP/1.1, content: EmptyByteBufBE)
GET /session/ed2fc7f0f4855d6b813b4d5ea1bbba5f/screenshot HTTP/1.1
User-Agent: selenium/4.1.4 (java windows)
Cache-Control: no-cache
Content-Type: application/json; charset=utf-8
host: localhost:56721
accept: */*

Response DefaultHttpResponse(decodeResult: success, version: HTTP/1.1)
HTTP/1.1 200 OK
Content-Type: application/json; charset=utf-8
cache-control: no-cache
content-length: 379404

18:30:33.001 [AsyncHttpClient-1-3] DEBUG org.asynchttpclient.netty.channel.ChannelManager - Adding key: http://localhost:56721 for channel [id: 0x71ab5d82, L:/127.0.0.1:49870 - R:localhost/127.0.0.1:56721]
18:30:33.009 [main] DEBUG net.serenitybdd.core.photography.Darkroom - Send negative for processing for target\site\serenity\f684e1524ced0278b0b6c6b37709a7cbfb8281aeb576b04a4743fda17448b798.png
18:30:33.015 [main] DEBUG net.thucydides.core.steps.StepInterceptor - STARTING STEP: LoginSteps.iInputLoginPasswordValid - inputPasswordLogin
18:30:33.016 [Forwarding findElement on session ed2fc7f0f4855d6b813b4d5ea1bbba5f to remote] DEBUG org.asynchttpclient.netty.request.NettyRequestSender - Using pooled Channel '[id: 0x71ab5d82, L:/127.0.0.1:49870 - R:localhost/127.0.0.1:56721]' for 'POST' to 'http://localhost:56721/session/ed2fc7f0f4855d6b813b4d5ea1bbba5f/element'
18:30:33.016 [Forwarding findElement on session ed2fc7f0f4855d6b813b4d5ea1bbba5f to remote] DEBUG org.asynchttpclient.netty.request.NettyRequestSender - Using open Channel [id: 0x71ab5d82, L:/127.0.0.1:49870 - R:localhost/127.0.0.1:56721] for POST '/session/ed2fc7f0f4855d6b813b4d5ea1bbba5f/element'
18:30:33.027 [AsyncHttpClient-1-3] DEBUG org.asynchttpclient.netty.handler.HttpHandler - 

Request DefaultHttpRequest(decodeResult: success, version: HTTP/1.1)
POST /session/ed2fc7f0f4855d6b813b4d5ea1bbba5f/element HTTP/1.1
User-Agent: selenium/4.1.4 (java windows)
Content-Length: 70
Content-Type: application/json; charset=utf-8
host: localhost:56721
accept: */*

Response DefaultHttpResponse(decodeResult: success, version: HTTP/1.1)
HTTP/1.1 200 OK
Content-Type: application/json; charset=utf-8
cache-control: no-cache
content-length: 88

18:30:33.027 [AsyncHttpClient-1-3] DEBUG org.asynchttpclient.netty.channel.ChannelManager - Adding key: http://localhost:56721 for channel [id: 0x71ab5d82, L:/127.0.0.1:49870 - R:localhost/127.0.0.1:56721]
18:30:33.028 [Forwarding sendKeysToElement on session ed2fc7f0f4855d6b813b4d5ea1bbba5f to remote] DEBUG org.asynchttpclient.netty.request.NettyRequestSender - Using pooled Channel '[id: 0x71ab5d82, L:/127.0.0.1:49870 - R:localhost/127.0.0.1:56721]' for 'POST' to 'http://localhost:56721/session/ed2fc7f0f4855d6b813b4d5ea1bbba5f/element/49adc3b1-a5b4-42a3-bff5-e1cdb473d374/value'
18:30:33.028 [Forwarding sendKeysToElement on session ed2fc7f0f4855d6b813b4d5ea1bbba5f to remote] DEBUG org.asynchttpclient.netty.request.NettyRequestSender - Using open Channel [id: 0x71ab5d82, L:/127.0.0.1:49870 - R:localhost/127.0.0.1:56721] for POST '/session/ed2fc7f0f4855d6b813b4d5ea1bbba5f/element/49adc3b1-a5b4-42a3-bff5-e1cdb473d374/value'
18:30:33.101 [AsyncHttpClient-1-3] DEBUG org.asynchttpclient.netty.handler.HttpHandler - 

Request DefaultHttpRequest(decodeResult: success, version: HTTP/1.1)
POST /session/ed2fc7f0f4855d6b813b4d5ea1bbba5f/element/49adc3b1-a5b4-42a3-bff5-e1cdb473d374/value HTTP/1.1
User-Agent: selenium/4.1.4 (java windows)
Content-Length: 161
Content-Type: application/json; charset=utf-8
host: localhost:56721
accept: */*

Response DefaultHttpResponse(decodeResult: success, version: HTTP/1.1)
HTTP/1.1 200 OK
Content-Type: application/json; charset=utf-8
cache-control: no-cache
content-length: 14

18:30:33.101 [AsyncHttpClient-1-3] DEBUG org.asynchttpclient.netty.channel.ChannelManager - Adding key: http://localhost:56721 for channel [id: 0x71ab5d82, L:/127.0.0.1:49870 - R:localhost/127.0.0.1:56721]
18:30:33.105 [Forwarding screenshot on session ed2fc7f0f4855d6b813b4d5ea1bbba5f to remote] DEBUG org.asynchttpclient.netty.request.NettyRequestSender - Using pooled Channel '[id: 0x71ab5d82, L:/127.0.0.1:49870 - R:localhost/127.0.0.1:56721]' for 'GET' to 'http://localhost:56721/session/ed2fc7f0f4855d6b813b4d5ea1bbba5f/screenshot'
18:30:33.105 [Forwarding screenshot on session ed2fc7f0f4855d6b813b4d5ea1bbba5f to remote] DEBUG org.asynchttpclient.netty.request.NettyRequestSender - Using open Channel [id: 0x71ab5d82, L:/127.0.0.1:49870 - R:localhost/127.0.0.1:56721] for GET '/session/ed2fc7f0f4855d6b813b4d5ea1bbba5f/screenshot'
18:30:33.246 [AsyncHttpClient-1-1] DEBUG org.asynchttpclient.netty.channel.DefaultChannelPool - Entry count for : http://localhost:49871 : 1
18:30:33.352 [AsyncHttpClient-1-3] DEBUG org.asynchttpclient.netty.handler.HttpHandler - 

Request DefaultFullHttpRequest(decodeResult: success, version: HTTP/1.1, content: EmptyByteBufBE)
GET /session/ed2fc7f0f4855d6b813b4d5ea1bbba5f/screenshot HTTP/1.1
User-Agent: selenium/4.1.4 (java windows)
Cache-Control: no-cache
Content-Type: application/json; charset=utf-8
host: localhost:56721
accept: */*

Response DefaultHttpResponse(decodeResult: success, version: HTTP/1.1)
HTTP/1.1 200 OK
Content-Type: application/json; charset=utf-8
cache-control: no-cache
content-length: 377580

18:30:33.352 [AsyncHttpClient-1-3] DEBUG org.asynchttpclient.netty.channel.ChannelManager - Adding key: http://localhost:56721 for channel [id: 0x71ab5d82, L:/127.0.0.1:49870 - R:localhost/127.0.0.1:56721]
18:30:33.366 [main] DEBUG net.serenitybdd.core.photography.Darkroom - Send negative for processing for target\site\serenity\44fa0aa493cf3a3837a7fab79c30bded8f584eda85d2cfd055a7ef5b4e3f0a4a.png
18:30:33.366 [main] DEBUG net.thucydides.core.steps.StepInterceptor - STEP DONE: inputPasswordLogin
  &amp#27;[32mAnd &amp#27;[0m&amp#27;[32mI input &amp#27;[0m&amp#27;[32m&amp#27;[1m"admin123"&amp#27;[0m&amp#27;[32m login password valid&amp#27;[0m                                   &amp#27;[90m# starter.stepdefinitios.LoginSteps.iInputLoginPasswordValid(java.lang.String)&amp#27;[0m
18:30:33.377 [main] DEBUG net.thucydides.core.steps.StepInterceptor - STARTING STEP: LoginSteps.iClickButtonLogin - clickButtonLogin
18:30:33.377 [Forwarding findElement on session ed2fc7f0f4855d6b813b4d5ea1bbba5f to remote] DEBUG org.asynchttpclient.netty.request.NettyRequestSender - Using pooled Channel '[id: 0x71ab5d82, L:/127.0.0.1:49870 - R:localhost/127.0.0.1:56721]' for 'POST' to 'http://localhost:56721/session/ed2fc7f0f4855d6b813b4d5ea1bbba5f/element'
18:30:33.377 [Forwarding findElement on session ed2fc7f0f4855d6b813b4d5ea1bbba5f to remote] DEBUG org.asynchttpclient.netty.request.NettyRequestSender - Using open Channel [id: 0x71ab5d82, L:/127.0.0.1:49870 - R:localhost/127.0.0.1:56721] for POST '/session/ed2fc7f0f4855d6b813b4d5ea1bbba5f/element'
18:30:33.398 [AsyncHttpClient-1-3] DEBUG org.asynchttpclient.netty.handler.HttpHandler - 

Request DefaultHttpRequest(decodeResult: success, version: HTTP/1.1)
POST /session/ed2fc7f0f4855d6b813b4d5ea1bbba5f/element HTTP/1.1
User-Agent: selenium/4.1.4 (java windows)
Content-Length: 68
Content-Type: application/json; charset=utf-8
host: localhost:56721
accept: */*

Response DefaultHttpResponse(decodeResult: success, version: HTTP/1.1)
HTTP/1.1 200 OK
Content-Type: application/json; charset=utf-8
cache-control: no-cache
content-length: 88

18:30:33.398 [AsyncHttpClient-1-3] DEBUG org.asynchttpclient.netty.channel.ChannelManager - Adding key: http://localhost:56721 for channel [id: 0x71ab5d82, L:/127.0.0.1:49870 - R:localhost/127.0.0.1:56721]
18:30:33.399 [Forwarding getElementTagName on session ed2fc7f0f4855d6b813b4d5ea1bbba5f to remote] DEBUG org.asynchttpclient.netty.request.NettyRequestSender - Using pooled Channel '[id: 0x71ab5d82, L:/127.0.0.1:49870 - R:localhost/127.0.0.1:56721]' for 'GET' to 'http://localhost:56721/session/ed2fc7f0f4855d6b813b4d5ea1bbba5f/element/a392192c-b709-430c-8c83-36e24b4d1733/name'
18:30:33.399 [Forwarding getElementTagName on session ed2fc7f0f4855d6b813b4d5ea1bbba5f to remote] DEBUG org.asynchttpclient.netty.request.NettyRequestSender - Using open Channel [id: 0x71ab5d82, L:/127.0.0.1:49870 - R:localhost/127.0.0.1:56721] for GET '/session/ed2fc7f0f4855d6b813b4d5ea1bbba5f/element/a392192c-b709-430c-8c83-36e24b4d1733/name'
18:30:33.402 [AsyncHttpClient-1-3] DEBUG org.asynchttpclient.netty.handler.HttpHandler - 

Request DefaultFullHttpRequest(decodeResult: success, version: HTTP/1.1, content: EmptyByteBufBE)
GET /session/ed2fc7f0f4855d6b813b4d5ea1bbba5f/element/a392192c-b709-430c-8c83-36e24b4d1733/name HTTP/1.1
User-Agent: selenium/4.1.4 (java windows)
Cache-Control: no-cache
Content-Type: application/json; charset=utf-8
host: localhost:56721
accept: */*

Response DefaultHttpResponse(decodeResult: success, version: HTTP/1.1)
HTTP/1.1 200 OK
Content-Type: application/json; charset=utf-8
cache-control: no-cache
content-length: 18

18:30:33.402 [AsyncHttpClient-1-3] DEBUG org.asynchttpclient.netty.channel.ChannelManager - Adding key: http://localhost:56721 for channel [id: 0x71ab5d82, L:/127.0.0.1:49870 - R:localhost/127.0.0.1:56721]
18:30:33.403 [Forwarding getElementTagName on session ed2fc7f0f4855d6b813b4d5ea1bbba5f to remote] DEBUG org.asynchttpclient.netty.request.NettyRequestSender - Using pooled Channel '[id: 0x71ab5d82, L:/127.0.0.1:49870 - R:localhost/127.0.0.1:56721]' for 'GET' to 'http://localhost:56721/session/ed2fc7f0f4855d6b813b4d5ea1bbba5f/element/a392192c-b709-430c-8c83-36e24b4d1733/name'
18:30:33.403 [Forwarding getElementTagName on session ed2fc7f0f4855d6b813b4d5ea1bbba5f to remote] DEBUG org.asynchttpclient.netty.request.NettyRequestSender - Using open Channel [id: 0x71ab5d82, L:/127.0.0.1:49870 - R:localhost/127.0.0.1:56721] for GET '/session/ed2fc7f0f4855d6b813b4d5ea1bbba5f/element/a392192c-b709-430c-8c83-36e24b4d1733/name'
18:30:33.409 [AsyncHttpClient-1-3] DEBUG org.asynchttpclient.netty.handler.HttpHandler - 

Request DefaultFullHttpRequest(decodeResult: success, version: HTTP/1.1, content: EmptyByteBufBE)
GET /session/ed2fc7f0f4855d6b813b4d5ea1bbba5f/element/a392192c-b709-430c-8c83-36e24b4d1733/name HTTP/1.1
User-Agent: selenium/4.1.4 (java windows)
Cache-Control: no-cache
Content-Type: application/json; charset=utf-8
host: localhost:56721
accept: */*

Response DefaultHttpResponse(decodeResult: success, version: HTTP/1.1)
HTTP/1.1 200 OK
Content-Type: application/json; charset=utf-8
cache-control: no-cache
content-length: 18

18:30:33.409 [AsyncHttpClient-1-3] DEBUG org.asynchttpclient.netty.channel.ChannelManager - Adding key: http://localhost:56721 for channel [id: 0x71ab5d82, L:/127.0.0.1:49870 - R:localhost/127.0.0.1:56721]
18:30:33.410 [Forwarding isElementEnabled on session ed2fc7f0f4855d6b813b4d5ea1bbba5f to remote] DEBUG org.asynchttpclient.netty.request.NettyRequestSender - Using pooled Channel '[id: 0x71ab5d82, L:/127.0.0.1:49870 - R:localhost/127.0.0.1:56721]' for 'GET' to 'http://localhost:56721/session/ed2fc7f0f4855d6b813b4d5ea1bbba5f/element/a392192c-b709-430c-8c83-36e24b4d1733/enabled'
18:30:33.410 [Forwarding isElementEnabled on session ed2fc7f0f4855d6b813b4d5ea1bbba5f to remote] DEBUG org.asynchttpclient.netty.request.NettyRequestSender - Using open Channel [id: 0x71ab5d82, L:/127.0.0.1:49870 - R:localhost/127.0.0.1:56721] for GET '/session/ed2fc7f0f4855d6b813b4d5ea1bbba5f/element/a392192c-b709-430c-8c83-36e24b4d1733/enabled'
18:30:33.418 [AsyncHttpClient-1-3] DEBUG org.asynchttpclient.netty.handler.HttpHandler - 

Request DefaultFullHttpRequest(decodeResult: success, version: HTTP/1.1, content: EmptyByteBufBE)
GET /session/ed2fc7f0f4855d6b813b4d5ea1bbba5f/element/a392192c-b709-430c-8c83-36e24b4d1733/enabled HTTP/1.1
User-Agent: selenium/4.1.4 (java windows)
Cache-Control: no-cache
Content-Type: application/json; charset=utf-8
host: localhost:56721
accept: */*

Response DefaultHttpResponse(decodeResult: success, version: HTTP/1.1)
HTTP/1.1 200 OK
Content-Type: application/json; charset=utf-8
cache-control: no-cache
content-length: 14

18:30:33.418 [AsyncHttpClient-1-3] DEBUG org.asynchttpclient.netty.channel.ChannelManager - Adding key: http://localhost:56721 for channel [id: 0x71ab5d82, L:/127.0.0.1:49870 - R:localhost/127.0.0.1:56721]
18:30:33.419 [Forwarding isElementEnabled on session ed2fc7f0f4855d6b813b4d5ea1bbba5f to remote] DEBUG org.asynchttpclient.netty.request.NettyRequestSender - Using pooled Channel '[id: 0x71ab5d82, L:/127.0.0.1:49870 - R:localhost/127.0.0.1:56721]' for 'GET' to 'http://localhost:56721/session/ed2fc7f0f4855d6b813b4d5ea1bbba5f/element/a392192c-b709-430c-8c83-36e24b4d1733/enabled'
18:30:33.419 [Forwarding isElementEnabled on session ed2fc7f0f4855d6b813b4d5ea1bbba5f to remote] DEBUG org.asynchttpclient.netty.request.NettyRequestSender - Using open Channel [id: 0x71ab5d82, L:/127.0.0.1:49870 - R:localhost/127.0.0.1:56721] for GET '/session/ed2fc7f0f4855d6b813b4d5ea1bbba5f/element/a392192c-b709-430c-8c83-36e24b4d1733/enabled'
18:30:33.428 [AsyncHttpClient-1-3] DEBUG org.asynchttpclient.netty.handler.HttpHandler - 

Request DefaultFullHttpRequest(decodeResult: success, version: HTTP/1.1, content: EmptyByteBufBE)
GET /session/ed2fc7f0f4855d6b813b4d5ea1bbba5f/element/a392192c-b709-430c-8c83-36e24b4d1733/enabled HTTP/1.1
User-Agent: selenium/4.1.4 (java windows)
Cache-Control: no-cache
Content-Type: application/json; charset=utf-8
host: localhost:56721
accept: */*

Response DefaultHttpResponse(decodeResult: success, version: HTTP/1.1)
HTTP/1.1 200 OK
Content-Type: application/json; charset=utf-8
cache-control: no-cache
content-length: 14

18:30:33.428 [AsyncHttpClient-1-3] DEBUG org.asynchttpclient.netty.channel.ChannelManager - Adding key: http://localhost:56721 for channel [id: 0x71ab5d82, L:/127.0.0.1:49870 - R:localhost/127.0.0.1:56721]
18:30:33.429 [Forwarding findElement on session ed2fc7f0f4855d6b813b4d5ea1bbba5f to remote] DEBUG org.asynchttpclient.netty.request.NettyRequestSender - Using pooled Channel '[id: 0x71ab5d82, L:/127.0.0.1:49870 - R:localhost/127.0.0.1:56721]' for 'POST' to 'http://localhost:56721/session/ed2fc7f0f4855d6b813b4d5ea1bbba5f/element'
18:30:33.429 [Forwarding findElement on session ed2fc7f0f4855d6b813b4d5ea1bbba5f to remote] DEBUG org.asynchttpclient.netty.request.NettyRequestSender - Using open Channel [id: 0x71ab5d82, L:/127.0.0.1:49870 - R:localhost/127.0.0.1:56721] for POST '/session/ed2fc7f0f4855d6b813b4d5ea1bbba5f/element'
18:30:33.437 [AsyncHttpClient-1-3] DEBUG org.asynchttpclient.netty.handler.HttpHandler - 

Request DefaultHttpRequest(decodeResult: success, version: HTTP/1.1)
POST /session/ed2fc7f0f4855d6b813b4d5ea1bbba5f/element HTTP/1.1
User-Agent: selenium/4.1.4 (java windows)
Content-Length: 68
Content-Type: application/json; charset=utf-8
host: localhost:56721
accept: */*

Response DefaultHttpResponse(decodeResult: success, version: HTTP/1.1)
HTTP/1.1 200 OK
Content-Type: application/json; charset=utf-8
cache-control: no-cache
content-length: 88

18:30:33.438 [AsyncHttpClient-1-3] DEBUG org.asynchttpclient.netty.channel.ChannelManager - Adding key: http://localhost:56721 for channel [id: 0x71ab5d82, L:/127.0.0.1:49870 - R:localhost/127.0.0.1:56721]
18:30:33.438 [Forwarding clickElement on session ed2fc7f0f4855d6b813b4d5ea1bbba5f to remote] DEBUG org.asynchttpclient.netty.request.NettyRequestSender - Using pooled Channel '[id: 0x71ab5d82, L:/127.0.0.1:49870 - R:localhost/127.0.0.1:56721]' for 'POST' to 'http://localhost:56721/session/ed2fc7f0f4855d6b813b4d5ea1bbba5f/element/a392192c-b709-430c-8c83-36e24b4d1733/click'
18:30:33.438 [Forwarding clickElement on session ed2fc7f0f4855d6b813b4d5ea1bbba5f to remote] DEBUG org.asynchttpclient.netty.request.NettyRequestSender - Using open Channel [id: 0x71ab5d82, L:/127.0.0.1:49870 - R:localhost/127.0.0.1:56721] for POST '/session/ed2fc7f0f4855d6b813b4d5ea1bbba5f/element/a392192c-b709-430c-8c83-36e24b4d1733/click'
18:30:33.492 [AsyncHttpClient-1-3] DEBUG org.asynchttpclient.netty.handler.HttpHandler - 

Request DefaultHttpRequest(decodeResult: success, version: HTTP/1.1)
POST /session/ed2fc7f0f4855d6b813b4d5ea1bbba5f/element/a392192c-b709-430c-8c83-36e24b4d1733/click HTTP/1.1
User-Agent: selenium/4.1.4 (java windows)
Content-Length: 50
Content-Type: application/json; charset=utf-8
host: localhost:56721
accept: */*

Response DefaultHttpResponse(decodeResult: success, version: HTTP/1.1)
HTTP/1.1 200 OK
Content-Type: application/json; charset=utf-8
cache-control: no-cache
content-length: 14

18:30:33.492 [AsyncHttpClient-1-3] DEBUG org.asynchttpclient.netty.channel.ChannelManager - Adding key: http://localhost:56721 for channel [id: 0x71ab5d82, L:/127.0.0.1:49870 - R:localhost/127.0.0.1:56721]
18:30:33.495 [Forwarding screenshot on session ed2fc7f0f4855d6b813b4d5ea1bbba5f to remote] DEBUG org.asynchttpclient.netty.request.NettyRequestSender - Using pooled Channel '[id: 0x71ab5d82, L:/127.0.0.1:49870 - R:localhost/127.0.0.1:56721]' for 'GET' to 'http://localhost:56721/session/ed2fc7f0f4855d6b813b4d5ea1bbba5f/screenshot'
18:30:33.495 [Forwarding screenshot on session ed2fc7f0f4855d6b813b4d5ea1bbba5f to remote] DEBUG org.asynchttpclient.netty.request.NettyRequestSender - Using open Channel [id: 0x71ab5d82, L:/127.0.0.1:49870 - R:localhost/127.0.0.1:56721] for GET '/session/ed2fc7f0f4855d6b813b4d5ea1bbba5f/screenshot'
18:30:33.798 [AsyncHttpClient-1-3] DEBUG org.asynchttpclient.netty.handler.HttpHandler - 

Request DefaultFullHttpRequest(decodeResult: success, version: HTTP/1.1, content: EmptyByteBufBE)
GET /session/ed2fc7f0f4855d6b813b4d5ea1bbba5f/screenshot HTTP/1.1
User-Agent: selenium/4.1.4 (java windows)
Cache-Control: no-cache
Content-Type: application/json; charset=utf-8
host: localhost:56721
accept: */*

Response DefaultHttpResponse(decodeResult: success, version: HTTP/1.1)
HTTP/1.1 200 OK
Content-Type: application/json; charset=utf-8
cache-control: no-cache
content-length: 369124

18:30:33.798 [AsyncHttpClient-1-3] DEBUG org.asynchttpclient.netty.channel.ChannelManager - Adding key: http://localhost:56721 for channel [id: 0x71ab5d82, L:/127.0.0.1:49870 - R:localhost/127.0.0.1:56721]
18:30:33.806 [main] DEBUG net.serenitybdd.core.photography.Darkroom - Send negative for processing for target\site\serenity\b32cdef7e1f1628e3b83be0aafe95ebb402bd72f18b163ad13831b2da9746d00.png
18:30:33.806 [main] DEBUG net.thucydides.core.steps.StepInterceptor - STEP DONE: clickButtonLogin
18:30:33.806 [Darkroom Processing Line] DEBUG net.serenitybdd.core.photography.DarkroomProcessingLine - Processing screenshot image in /var/screenshots/screenshot-13152618315235319505
18:30:33.806 [Darkroom Processing Line] DEBUG net.serenitybdd.core.photography.DarkroomProcessingLine - Saving screenshot to target\site\serenity\b32cdef7e1f1628e3b83be0aafe95ebb402bd72f18b163ad13831b2da9746d00.png
18:30:34.347 [AsyncHttpClient-1-1] DEBUG org.asynchttpclient.netty.channel.DefaultChannelPool - Entry count for : http://localhost:56721 : 1
18:30:34.348 [AsyncHttpClient-1-1] DEBUG org.asynchttpclient.netty.channel.DefaultChannelPool - Entry count for : http://localhost:49871 : 1
  &amp#27;[32mAnd &amp#27;[0m&amp#27;[32mI click button login&amp#27;[0m                                                      &amp#27;[90m# starter.stepdefinitios.LoginSteps.iClickButtonLogin()&amp#27;[0m
18:30:34.824 [Forwarding screenshot on session ed2fc7f0f4855d6b813b4d5ea1bbba5f to remote] DEBUG org.asynchttpclient.netty.request.NettyRequestSender - Using pooled Channel '[id: 0x71ab5d82, L:/127.0.0.1:49870 - R:localhost/127.0.0.1:56721]' for 'GET' to 'http://localhost:56721/session/ed2fc7f0f4855d6b813b4d5ea1bbba5f/screenshot'
18:30:34.824 [Forwarding screenshot on session ed2fc7f0f4855d6b813b4d5ea1bbba5f to remote] DEBUG org.asynchttpclient.netty.request.NettyRequestSender - Using open Channel [id: 0x71ab5d82, L:/127.0.0.1:49870 - R:localhost/127.0.0.1:56721] for GET '/session/ed2fc7f0f4855d6b813b4d5ea1bbba5f/screenshot'
18:30:35.157 [AsyncHttpClient-1-3] DEBUG org.asynchttpclient.netty.handler.HttpHandler - 

Request DefaultFullHttpRequest(decodeResult: success, version: HTTP/1.1, content: EmptyByteBufBE)
GET /session/ed2fc7f0f4855d6b813b4d5ea1bbba5f/screenshot HTTP/1.1
User-Agent: selenium/4.1.4 (java windows)
Cache-Control: no-cache
Content-Type: application/json; charset=utf-8
host: localhost:56721
accept: */*

Response DefaultHttpResponse(decodeResult: success, version: HTTP/1.1)
HTTP/1.1 200 OK
Content-Type: application/json; charset=utf-8
cache-control: no-cache
content-length: 313204

18:30:35.158 [AsyncHttpClient-1-3] DEBUG org.asynchttpclient.netty.channel.ChannelManager - Adding key: http://localhost:56721 for channel [id: 0x71ab5d82, L:/127.0.0.1:49870 - R:localhost/127.0.0.1:56721]
18:30:35.161 [main] DEBUG net.serenitybdd.core.photography.Darkroom - Send negative for processing for target\site\serenity\81b6a248eed2d15cb28c57576493abbfaf3061228b34acd3124d02c17798e580.png
18:30:35.161 [Darkroom Processing Line] DEBUG net.serenitybdd.core.photography.DarkroomProcessingLine - Processing screenshot image in /var/screenshots/screenshot-3756022947321306082
18:30:35.161 [Darkroom Processing Line] DEBUG net.serenitybdd.core.photography.DarkroomProcessingLine - Saving screenshot to target\site\serenity\81b6a248eed2d15cb28c57576493abbfaf3061228b34acd3124d02c17798e580.png
18:30:35.436 [AsyncHttpClient-1-1] DEBUG org.asynchttpclient.netty.channel.DefaultChannelPool - Entry count for : http://localhost:56721 : 1
18:30:35.436 [AsyncHttpClient-1-1] DEBUG org.asynchttpclient.netty.channel.DefaultChannelPool - Entry count for : http://localhost:49871 : 1
18:30:36.536 [AsyncHttpClient-1-1] DEBUG org.asynchttpclient.netty.channel.DefaultChannelPool - Entry count for : http://localhost:56721 : 1
18:30:36.536 [AsyncHttpClient-1-1] DEBUG org.asynchttpclient.netty.channel.DefaultChannelPool - Entry count for : http://localhost:49871 : 1
18:30:37.636 [AsyncHttpClient-1-1] DEBUG org.asynchttpclient.netty.channel.DefaultChannelPool - Entry count for : http://localhost:56721 : 1
18:30:37.636 [AsyncHttpClient-1-1] DEBUG org.asynchttpclient.netty.channel.DefaultChannelPool - Entry count for : http://localhost:49871 : 1
18:30:38.735 [AsyncHttpClient-1-1] DEBUG org.asynchttpclient.netty.channel.DefaultChannelPool - Entry count for : http://localhost:56721 : 1
18:30:38.735 [AsyncHttpClient-1-1] DEBUG org.asynchttpclient.netty.channel.DefaultChannelPool - Entry count for : http://localhost:49871 : 1
18:30:39.842 [AsyncHttpClient-1-1] DEBUG org.asynchttpclient.netty.channel.DefaultChannelPool - Entry count for : http://localhost:56721 : 1
18:30:39.842 [AsyncHttpClient-1-1] DEBUG org.asynchttpclient.netty.channel.DefaultChannelPool - Entry count for : http://localhost:49871 : 1
18:30:40.181 [Forwarding findElement on session ed2fc7f0f4855d6b813b4d5ea1bbba5f to remote] DEBUG org.asynchttpclient.netty.request.NettyRequestSender - Using pooled Channel '[id: 0x71ab5d82, L:/127.0.0.1:49870 - R:localhost/127.0.0.1:56721]' for 'POST' to 'http://localhost:56721/session/ed2fc7f0f4855d6b813b4d5ea1bbba5f/element'
18:30:40.181 [Forwarding findElement on session ed2fc7f0f4855d6b813b4d5ea1bbba5f to remote] DEBUG org.asynchttpclient.netty.request.NettyRequestSender - Using open Channel [id: 0x71ab5d82, L:/127.0.0.1:49870 - R:localhost/127.0.0.1:56721] for POST '/session/ed2fc7f0f4855d6b813b4d5ea1bbba5f/element'
18:30:40.193 [AsyncHttpClient-1-3] DEBUG org.asynchttpclient.netty.handler.HttpHandler - 

Request DefaultHttpRequest(decodeResult: success, version: HTTP/1.1)
POST /session/ed2fc7f0f4855d6b813b4d5ea1bbba5f/element HTTP/1.1
User-Agent: selenium/4.1.4 (java windows)
Content-Length: 68
Content-Type: application/json; charset=utf-8
host: localhost:56721
accept: */*

Response DefaultHttpResponse(decodeResult: success, version: HTTP/1.1)
HTTP/1.1 200 OK
Content-Type: application/json; charset=utf-8
cache-control: no-cache
content-length: 88

18:30:40.193 [AsyncHttpClient-1-3] DEBUG org.asynchttpclient.netty.channel.ChannelManager - Adding key: http://localhost:56721 for channel [id: 0x71ab5d82, L:/127.0.0.1:49870 - R:localhost/127.0.0.1:56721]
18:30:40.194 [Forwarding isElementEnabled on session ed2fc7f0f4855d6b813b4d5ea1bbba5f to remote] DEBUG org.asynchttpclient.netty.request.NettyRequestSender - Using pooled Channel '[id: 0x71ab5d82, L:/127.0.0.1:49870 - R:localhost/127.0.0.1:56721]' for 'GET' to 'http://localhost:56721/session/ed2fc7f0f4855d6b813b4d5ea1bbba5f/element/b68d80ed-aa00-4eb9-9574-a643fc7de538/enabled'
18:30:40.194 [Forwarding isElementEnabled on session ed2fc7f0f4855d6b813b4d5ea1bbba5f to remote] DEBUG org.asynchttpclient.netty.request.NettyRequestSender - Using open Channel [id: 0x71ab5d82, L:/127.0.0.1:49870 - R:localhost/127.0.0.1:56721] for GET '/session/ed2fc7f0f4855d6b813b4d5ea1bbba5f/element/b68d80ed-aa00-4eb9-9574-a643fc7de538/enabled'
18:30:40.200 [AsyncHttpClient-1-3] DEBUG org.asynchttpclient.netty.handler.HttpHandler - 

Request DefaultFullHttpRequest(decodeResult: success, version: HTTP/1.1, content: EmptyByteBufBE)
GET /session/ed2fc7f0f4855d6b813b4d5ea1bbba5f/element/b68d80ed-aa00-4eb9-9574-a643fc7de538/enabled HTTP/1.1
User-Agent: selenium/4.1.4 (java windows)
Cache-Control: no-cache
Content-Type: application/json; charset=utf-8
host: localhost:56721
accept: */*

Response DefaultHttpResponse(decodeResult: success, version: HTTP/1.1)
HTTP/1.1 200 OK
Content-Type: application/json; charset=utf-8
cache-control: no-cache
content-length: 14

18:30:40.200 [AsyncHttpClient-1-3] DEBUG org.asynchttpclient.netty.channel.ChannelManager - Adding key: http://localhost:56721 for channel [id: 0x71ab5d82, L:/127.0.0.1:49870 - R:localhost/127.0.0.1:56721]
18:30:40.706 [Forwarding screenshot on session ed2fc7f0f4855d6b813b4d5ea1bbba5f to remote] DEBUG org.asynchttpclient.netty.request.NettyRequestSender - Using pooled Channel '[id: 0x71ab5d82, L:/127.0.0.1:49870 - R:localhost/127.0.0.1:56721]' for 'GET' to 'http://localhost:56721/session/ed2fc7f0f4855d6b813b4d5ea1bbba5f/screenshot'
18:30:40.706 [Forwarding screenshot on session ed2fc7f0f4855d6b813b4d5ea1bbba5f to remote] DEBUG org.asynchttpclient.netty.request.NettyRequestSender - Using open Channel [id: 0x71ab5d82, L:/127.0.0.1:49870 - R:localhost/127.0.0.1:56721] for GET '/session/ed2fc7f0f4855d6b813b4d5ea1bbba5f/screenshot'
18:30:40.941 [AsyncHttpClient-1-1] DEBUG org.asynchttpclient.netty.channel.DefaultChannelPool - Entry count for : http://localhost:49871 : 1
18:30:40.984 [AsyncHttpClient-1-3] DEBUG org.asynchttpclient.netty.handler.HttpHandler - 

Request DefaultFullHttpRequest(decodeResult: success, version: HTTP/1.1, content: EmptyByteBufBE)
GET /session/ed2fc7f0f4855d6b813b4d5ea1bbba5f/screenshot HTTP/1.1
User-Agent: selenium/4.1.4 (java windows)
Cache-Control: no-cache
Content-Type: application/json; charset=utf-8
host: localhost:56721
accept: */*

Response DefaultHttpResponse(decodeResult: success, version: HTTP/1.1)
HTTP/1.1 200 OK
Content-Type: application/json; charset=utf-8
cache-control: no-cache
content-length: 301044

18:30:40.984 [AsyncHttpClient-1-3] DEBUG org.asynchttpclient.netty.channel.ChannelManager - Adding key: http://localhost:56721 for channel [id: 0x71ab5d82, L:/127.0.0.1:49870 - R:localhost/127.0.0.1:56721]
18:30:40.993 [main] DEBUG net.serenitybdd.core.photography.Darkroom - Send negative for processing for target\site\serenity\163e386af0b12517552a74a3d5043b94e8c0f9215c0f21d464e3b04d27a0859d.png
18:30:40.993 [main] DEBUG net.thucydides.core.steps.StepInterceptor - STARTING STEP: LoginSteps.loginValidationInvalid - clickButtonErrorOK
18:30:40.999 [Forwarding findElement on session ed2fc7f0f4855d6b813b4d5ea1bbba5f to remote] DEBUG org.asynchttpclient.netty.request.NettyRequestSender - Using pooled Channel '[id: 0x71ab5d82, L:/127.0.0.1:49870 - R:localhost/127.0.0.1:56721]' for 'POST' to 'http://localhost:56721/session/ed2fc7f0f4855d6b813b4d5ea1bbba5f/element'
18:30:40.999 [Forwarding findElement on session ed2fc7f0f4855d6b813b4d5ea1bbba5f to remote] DEBUG org.asynchttpclient.netty.request.NettyRequestSender - Using open Channel [id: 0x71ab5d82, L:/127.0.0.1:49870 - R:localhost/127.0.0.1:56721] for POST '/session/ed2fc7f0f4855d6b813b4d5ea1bbba5f/element'
18:30:41.009 [AsyncHttpClient-1-3] DEBUG org.asynchttpclient.netty.handler.HttpHandler - 

Request DefaultHttpRequest(decodeResult: success, version: HTTP/1.1)
POST /session/ed2fc7f0f4855d6b813b4d5ea1bbba5f/element HTTP/1.1
User-Agent: selenium/4.1.4 (java windows)
Content-Length: 88
Content-Type: application/json; charset=utf-8
host: localhost:56721
accept: */*

Response DefaultHttpResponse(decodeResult: success, version: HTTP/1.1)
HTTP/1.1 200 OK
Content-Type: application/json; charset=utf-8
cache-control: no-cache
content-length: 88

18:30:41.009 [AsyncHttpClient-1-3] DEBUG org.asynchttpclient.netty.channel.ChannelManager - Adding key: http://localhost:56721 for channel [id: 0x71ab5d82, L:/127.0.0.1:49870 - R:localhost/127.0.0.1:56721]
18:30:41.010 [Forwarding getElementTagName on session ed2fc7f0f4855d6b813b4d5ea1bbba5f to remote] DEBUG org.asynchttpclient.netty.request.NettyRequestSender - Using pooled Channel '[id: 0x71ab5d82, L:/127.0.0.1:49870 - R:localhost/127.0.0.1:56721]' for 'GET' to 'http://localhost:56721/session/ed2fc7f0f4855d6b813b4d5ea1bbba5f/element/f9ef1a79-2028-404d-8289-91cb6dcce0f8/name'
18:30:41.010 [Forwarding getElementTagName on session ed2fc7f0f4855d6b813b4d5ea1bbba5f to remote] DEBUG org.asynchttpclient.netty.request.NettyRequestSender - Using open Channel [id: 0x71ab5d82, L:/127.0.0.1:49870 - R:localhost/127.0.0.1:56721] for GET '/session/ed2fc7f0f4855d6b813b4d5ea1bbba5f/element/f9ef1a79-2028-404d-8289-91cb6dcce0f8/name'
18:30:41.013 [AsyncHttpClient-1-3] DEBUG org.asynchttpclient.netty.handler.HttpHandler - 

Request DefaultFullHttpRequest(decodeResult: success, version: HTTP/1.1, content: EmptyByteBufBE)
GET /session/ed2fc7f0f4855d6b813b4d5ea1bbba5f/element/f9ef1a79-2028-404d-8289-91cb6dcce0f8/name HTTP/1.1
User-Agent: selenium/4.1.4 (java windows)
Cache-Control: no-cache
Content-Type: application/json; charset=utf-8
host: localhost:56721
accept: */*

Response DefaultHttpResponse(decodeResult: success, version: HTTP/1.1)
HTTP/1.1 200 OK
Content-Type: application/json; charset=utf-8
cache-control: no-cache
content-length: 18

18:30:41.013 [AsyncHttpClient-1-3] DEBUG org.asynchttpclient.netty.channel.ChannelManager - Adding key: http://localhost:56721 for channel [id: 0x71ab5d82, L:/127.0.0.1:49870 - R:localhost/127.0.0.1:56721]
18:30:41.014 [Forwarding getElementTagName on session ed2fc7f0f4855d6b813b4d5ea1bbba5f to remote] DEBUG org.asynchttpclient.netty.request.NettyRequestSender - Using pooled Channel '[id: 0x71ab5d82, L:/127.0.0.1:49870 - R:localhost/127.0.0.1:56721]' for 'GET' to 'http://localhost:56721/session/ed2fc7f0f4855d6b813b4d5ea1bbba5f/element/f9ef1a79-2028-404d-8289-91cb6dcce0f8/name'
18:30:41.014 [Forwarding getElementTagName on session ed2fc7f0f4855d6b813b4d5ea1bbba5f to remote] DEBUG org.asynchttpclient.netty.request.NettyRequestSender - Using open Channel [id: 0x71ab5d82, L:/127.0.0.1:49870 - R:localhost/127.0.0.1:56721] for GET '/session/ed2fc7f0f4855d6b813b4d5ea1bbba5f/element/f9ef1a79-2028-404d-8289-91cb6dcce0f8/name'
18:30:41.018 [AsyncHttpClient-1-3] DEBUG org.asynchttpclient.netty.handler.HttpHandler - 

Request DefaultFullHttpRequest(decodeResult: success, version: HTTP/1.1, content: EmptyByteBufBE)
GET /session/ed2fc7f0f4855d6b813b4d5ea1bbba5f/element/f9ef1a79-2028-404d-8289-91cb6dcce0f8/name HTTP/1.1
User-Agent: selenium/4.1.4 (java windows)
Cache-Control: no-cache
Content-Type: application/json; charset=utf-8
host: localhost:56721
accept: */*

Response DefaultHttpResponse(decodeResult: success, version: HTTP/1.1)
HTTP/1.1 200 OK
Content-Type: application/json; charset=utf-8
cache-control: no-cache
content-length: 18

18:30:41.018 [AsyncHttpClient-1-3] DEBUG org.asynchttpclient.netty.channel.ChannelManager - Adding key: http://localhost:56721 for channel [id: 0x71ab5d82, L:/127.0.0.1:49870 - R:localhost/127.0.0.1:56721]
18:30:41.019 [Forwarding isElementEnabled on session ed2fc7f0f4855d6b813b4d5ea1bbba5f to remote] DEBUG org.asynchttpclient.netty.request.NettyRequestSender - Using pooled Channel '[id: 0x71ab5d82, L:/127.0.0.1:49870 - R:localhost/127.0.0.1:56721]' for 'GET' to 'http://localhost:56721/session/ed2fc7f0f4855d6b813b4d5ea1bbba5f/element/f9ef1a79-2028-404d-8289-91cb6dcce0f8/enabled'
18:30:41.019 [Forwarding isElementEnabled on session ed2fc7f0f4855d6b813b4d5ea1bbba5f to remote] DEBUG org.asynchttpclient.netty.request.NettyRequestSender - Using open Channel [id: 0x71ab5d82, L:/127.0.0.1:49870 - R:localhost/127.0.0.1:56721] for GET '/session/ed2fc7f0f4855d6b813b4d5ea1bbba5f/element/f9ef1a79-2028-404d-8289-91cb6dcce0f8/enabled'
18:30:41.026 [AsyncHttpClient-1-3] DEBUG org.asynchttpclient.netty.handler.HttpHandler - 

Request DefaultFullHttpRequest(decodeResult: success, version: HTTP/1.1, content: EmptyByteBufBE)
GET /session/ed2fc7f0f4855d6b813b4d5ea1bbba5f/element/f9ef1a79-2028-404d-8289-91cb6dcce0f8/enabled HTTP/1.1
User-Agent: selenium/4.1.4 (java windows)
Cache-Control: no-cache
Content-Type: application/json; charset=utf-8
host: localhost:56721
accept: */*

Response DefaultHttpResponse(decodeResult: success, version: HTTP/1.1)
HTTP/1.1 200 OK
Content-Type: application/json; charset=utf-8
cache-control: no-cache
content-length: 14

18:30:41.026 [AsyncHttpClient-1-3] DEBUG org.asynchttpclient.netty.channel.ChannelManager - Adding key: http://localhost:56721 for channel [id: 0x71ab5d82, L:/127.0.0.1:49870 - R:localhost/127.0.0.1:56721]
18:30:41.026 [Forwarding isElementEnabled on session ed2fc7f0f4855d6b813b4d5ea1bbba5f to remote] DEBUG org.asynchttpclient.netty.request.NettyRequestSender - Using pooled Channel '[id: 0x71ab5d82, L:/127.0.0.1:49870 - R:localhost/127.0.0.1:56721]' for 'GET' to 'http://localhost:56721/session/ed2fc7f0f4855d6b813b4d5ea1bbba5f/element/f9ef1a79-2028-404d-8289-91cb6dcce0f8/enabled'
18:30:41.026 [Forwarding isElementEnabled on session ed2fc7f0f4855d6b813b4d5ea1bbba5f to remote] DEBUG org.asynchttpclient.netty.request.NettyRequestSender - Using open Channel [id: 0x71ab5d82, L:/127.0.0.1:49870 - R:localhost/127.0.0.1:56721] for GET '/session/ed2fc7f0f4855d6b813b4d5ea1bbba5f/element/f9ef1a79-2028-404d-8289-91cb6dcce0f8/enabled'
18:30:41.030 [AsyncHttpClient-1-3] DEBUG org.asynchttpclient.netty.handler.HttpHandler - 

Request DefaultFullHttpRequest(decodeResult: success, version: HTTP/1.1, content: EmptyByteBufBE)
GET /session/ed2fc7f0f4855d6b813b4d5ea1bbba5f/element/f9ef1a79-2028-404d-8289-91cb6dcce0f8/enabled HTTP/1.1
User-Agent: selenium/4.1.4 (java windows)
Cache-Control: no-cache
Content-Type: application/json; charset=utf-8
host: localhost:56721
accept: */*

Response DefaultHttpResponse(decodeResult: success, version: HTTP/1.1)
HTTP/1.1 200 OK
Content-Type: application/json; charset=utf-8
cache-control: no-cache
content-length: 14

18:30:41.030 [AsyncHttpClient-1-3] DEBUG org.asynchttpclient.netty.channel.ChannelManager - Adding key: http://localhost:56721 for channel [id: 0x71ab5d82, L:/127.0.0.1:49870 - R:localhost/127.0.0.1:56721]
18:30:41.031 [Forwarding findElement on session ed2fc7f0f4855d6b813b4d5ea1bbba5f to remote] DEBUG org.asynchttpclient.netty.request.NettyRequestSender - Using pooled Channel '[id: 0x71ab5d82, L:/127.0.0.1:49870 - R:localhost/127.0.0.1:56721]' for 'POST' to 'http://localhost:56721/session/ed2fc7f0f4855d6b813b4d5ea1bbba5f/element'
18:30:41.031 [Forwarding findElement on session ed2fc7f0f4855d6b813b4d5ea1bbba5f to remote] DEBUG org.asynchttpclient.netty.request.NettyRequestSender - Using open Channel [id: 0x71ab5d82, L:/127.0.0.1:49870 - R:localhost/127.0.0.1:56721] for POST '/session/ed2fc7f0f4855d6b813b4d5ea1bbba5f/element'
18:30:41.036 [AsyncHttpClient-1-3] DEBUG org.asynchttpclient.netty.handler.HttpHandler - 

Request DefaultHttpRequest(decodeResult: success, version: HTTP/1.1)
POST /session/ed2fc7f0f4855d6b813b4d5ea1bbba5f/element HTTP/1.1
User-Agent: selenium/4.1.4 (java windows)
Content-Length: 88
Content-Type: application/json; charset=utf-8
host: localhost:56721
accept: */*

Response DefaultHttpResponse(decodeResult: success, version: HTTP/1.1)
HTTP/1.1 200 OK
Content-Type: application/json; charset=utf-8
cache-control: no-cache
content-length: 88

18:30:41.036 [AsyncHttpClient-1-3] DEBUG org.asynchttpclient.netty.channel.ChannelManager - Adding key: http://localhost:56721 for channel [id: 0x71ab5d82, L:/127.0.0.1:49870 - R:localhost/127.0.0.1:56721]
18:30:41.037 [Forwarding clickElement on session ed2fc7f0f4855d6b813b4d5ea1bbba5f to remote] DEBUG org.asynchttpclient.netty.request.NettyRequestSender - Using pooled Channel '[id: 0x71ab5d82, L:/127.0.0.1:49870 - R:localhost/127.0.0.1:56721]' for 'POST' to 'http://localhost:56721/session/ed2fc7f0f4855d6b813b4d5ea1bbba5f/element/f9ef1a79-2028-404d-8289-91cb6dcce0f8/click'
18:30:41.037 [Forwarding clickElement on session ed2fc7f0f4855d6b813b4d5ea1bbba5f to remote] DEBUG org.asynchttpclient.netty.request.NettyRequestSender - Using open Channel [id: 0x71ab5d82, L:/127.0.0.1:49870 - R:localhost/127.0.0.1:56721] for POST '/session/ed2fc7f0f4855d6b813b4d5ea1bbba5f/element/f9ef1a79-2028-404d-8289-91cb6dcce0f8/click'
18:30:41.101 [AsyncHttpClient-1-3] DEBUG org.asynchttpclient.netty.handler.HttpHandler - 

Request DefaultHttpRequest(decodeResult: success, version: HTTP/1.1)
POST /session/ed2fc7f0f4855d6b813b4d5ea1bbba5f/element/f9ef1a79-2028-404d-8289-91cb6dcce0f8/click HTTP/1.1
User-Agent: selenium/4.1.4 (java windows)
Content-Length: 50
Content-Type: application/json; charset=utf-8
host: localhost:56721
accept: */*

Response DefaultHttpResponse(decodeResult: success, version: HTTP/1.1)
HTTP/1.1 200 OK
Content-Type: application/json; charset=utf-8
cache-control: no-cache
content-length: 14

18:30:41.101 [AsyncHttpClient-1-3] DEBUG org.asynchttpclient.netty.channel.ChannelManager - Adding key: http://localhost:56721 for channel [id: 0x71ab5d82, L:/127.0.0.1:49870 - R:localhost/127.0.0.1:56721]
18:30:41.111 [Forwarding screenshot on session ed2fc7f0f4855d6b813b4d5ea1bbba5f to remote] DEBUG org.asynchttpclient.netty.request.NettyRequestSender - Using pooled Channel '[id: 0x71ab5d82, L:/127.0.0.1:49870 - R:localhost/127.0.0.1:56721]' for 'GET' to 'http://localhost:56721/session/ed2fc7f0f4855d6b813b4d5ea1bbba5f/screenshot'
18:30:41.111 [Forwarding screenshot on session ed2fc7f0f4855d6b813b4d5ea1bbba5f to remote] DEBUG org.asynchttpclient.netty.request.NettyRequestSender - Using open Channel [id: 0x71ab5d82, L:/127.0.0.1:49870 - R:localhost/127.0.0.1:56721] for GET '/session/ed2fc7f0f4855d6b813b4d5ea1bbba5f/screenshot'
18:30:41.448 [AsyncHttpClient-1-3] DEBUG org.asynchttpclient.netty.handler.HttpHandler - 

Request DefaultFullHttpRequest(decodeResult: success, version: HTTP/1.1, content: EmptyByteBufBE)
GET /session/ed2fc7f0f4855d6b813b4d5ea1bbba5f/screenshot HTTP/1.1
User-Agent: selenium/4.1.4 (java windows)
Cache-Control: no-cache
Content-Type: application/json; charset=utf-8
host: localhost:56721
accept: */*

Response DefaultHttpResponse(decodeResult: success, version: HTTP/1.1)
HTTP/1.1 200 OK
Content-Type: application/json; charset=utf-8
cache-control: no-cache
content-length: 73640

18:30:41.448 [AsyncHttpClient-1-3] DEBUG org.asynchttpclient.netty.channel.ChannelManager - Adding key: http://localhost:56721 for channel [id: 0x71ab5d82, L:/127.0.0.1:49870 - R:localhost/127.0.0.1:56721]
18:30:41.457 [main] DEBUG net.serenitybdd.core.photography.Darkroom - Send negative for processing for target\site\serenity\a16b0344fca27d3e281e4d11718b290475e08be4b087bca0fe89ca565794a90b.png
18:30:41.457 [main] DEBUG net.thucydides.core.steps.StepInterceptor - STEP DONE: clickButtonErrorOK
  &amp#27;[32mAnd &amp#27;[0m&amp#27;[32mLogin validation invalid&amp#27;[0m                                                  &amp#27;[90m# starter.stepdefinitios.LoginSteps.loginValidationInvalid()&amp#27;[0m
18:30:41.457 [Darkroom Processing Line] DEBUG net.serenitybdd.core.photography.DarkroomProcessingLine - Processing screenshot image in /var/screenshots/screenshot-16469411520424410563
18:30:41.457 [Darkroom Processing Line] DEBUG net.serenitybdd.core.photography.DarkroomProcessingLine - Saving screenshot to target\site\serenity\a16b0344fca27d3e281e4d11718b290475e08be4b087bca0fe89ca565794a90b.png
18:30:42.037 [AsyncHttpClient-1-1] DEBUG org.asynchttpclient.netty.channel.DefaultChannelPool - Entry count for : http://localhost:56721 : 1
18:30:42.038 [AsyncHttpClient-1-1] DEBUG org.asynchttpclient.netty.channel.DefaultChannelPool - Entry count for : http://localhost:49871 : 1
18:30:43.137 [AsyncHttpClient-1-1] DEBUG org.asynchttpclient.netty.channel.DefaultChannelPool - Entry count for : http://localhost:56721 : 1
18:30:43.137 [AsyncHttpClient-1-1] DEBUG org.asynchttpclient.netty.channel.DefaultChannelPool - Entry count for : http://localhost:49871 : 1
18:30:44.243 [AsyncHttpClient-1-1] DEBUG org.asynchttpclient.netty.channel.DefaultChannelPool - Entry count for : http://localhost:56721 : 1
18:30:44.243 [AsyncHttpClient-1-1] DEBUG org.asynchttpclient.netty.channel.DefaultChannelPool - Entry count for : http://localhost:49871 : 1
18:30:45.343 [AsyncHttpClient-1-1] DEBUG org.asynchttpclient.netty.channel.DefaultChannelPool - Entry count for : http://localhost:56721 : 1
18:30:45.343 [AsyncHttpClient-1-1] DEBUG org.asynchttpclient.netty.channel.DefaultChannelPool - Entry count for : http://localhost:49871 : 1
18:30:46.442 [AsyncHttpClient-1-1] DEBUG org.asynchttpclient.netty.channel.DefaultChannelPool - Entry count for : http://localhost:56721 : 1
18:30:46.442 [AsyncHttpClient-1-1] DEBUG org.asynchttpclient.netty.channel.DefaultChannelPool - Entry count for : http://localhost:49871 : 1
18:30:46.521 [Forwarding screenshot on session ed2fc7f0f4855d6b813b4d5ea1bbba5f to remote] DEBUG org.asynchttpclient.netty.request.NettyRequestSender - Using pooled Channel '[id: 0x71ab5d82, L:/127.0.0.1:49870 - R:localhost/127.0.0.1:56721]' for 'GET' to 'http://localhost:56721/session/ed2fc7f0f4855d6b813b4d5ea1bbba5f/screenshot'
18:30:46.521 [Forwarding screenshot on session ed2fc7f0f4855d6b813b4d5ea1bbba5f to remote] DEBUG org.asynchttpclient.netty.request.NettyRequestSender - Using open Channel [id: 0x71ab5d82, L:/127.0.0.1:49870 - R:localhost/127.0.0.1:56721] for GET '/session/ed2fc7f0f4855d6b813b4d5ea1bbba5f/screenshot'
18:30:46.665 [AsyncHttpClient-1-3] DEBUG org.asynchttpclient.netty.handler.HttpHandler - 

Request DefaultFullHttpRequest(decodeResult: success, version: HTTP/1.1, content: EmptyByteBufBE)
GET /session/ed2fc7f0f4855d6b813b4d5ea1bbba5f/screenshot HTTP/1.1
User-Agent: selenium/4.1.4 (java windows)
Cache-Control: no-cache
Content-Type: application/json; charset=utf-8
host: localhost:56721
accept: */*

Response DefaultHttpResponse(decodeResult: success, version: HTTP/1.1)
HTTP/1.1 200 OK
Content-Type: application/json; charset=utf-8
cache-control: no-cache
content-length: 78860

18:30:46.665 [AsyncHttpClient-1-3] DEBUG org.asynchttpclient.netty.channel.ChannelManager - Adding key: http://localhost:56721 for channel [id: 0x71ab5d82, L:/127.0.0.1:49870 - R:localhost/127.0.0.1:56721]
18:30:46.667 [main] DEBUG net.serenitybdd.core.photography.Darkroom - Send negative for processing for target\site\serenity\e3902e4e6d497170d59aa0c0c2930d955492166dca27ad580f2b08c08bf103aa.png
18:30:46.668 [main] DEBUG net.thucydides.core.steps.StepInterceptor - STARTING STEP: PatientDataSteps.clickButtonDataPasien - clickButtonDataPasien
18:30:46.670 [Forwarding findElement on session ed2fc7f0f4855d6b813b4d5ea1bbba5f to remote] DEBUG org.asynchttpclient.netty.request.NettyRequestSender - Using pooled Channel '[id: 0x71ab5d82, L:/127.0.0.1:49870 - R:localhost/127.0.0.1:56721]' for 'POST' to 'http://localhost:56721/session/ed2fc7f0f4855d6b813b4d5ea1bbba5f/element'
18:30:46.670 [Forwarding findElement on session ed2fc7f0f4855d6b813b4d5ea1bbba5f to remote] DEBUG org.asynchttpclient.netty.request.NettyRequestSender - Using open Channel [id: 0x71ab5d82, L:/127.0.0.1:49870 - R:localhost/127.0.0.1:56721] for POST '/session/ed2fc7f0f4855d6b813b4d5ea1bbba5f/element'
18:30:46.680 [AsyncHttpClient-1-3] DEBUG org.asynchttpclient.netty.handler.HttpHandler - 

Request DefaultHttpRequest(decodeResult: success, version: HTTP/1.1)
POST /session/ed2fc7f0f4855d6b813b4d5ea1bbba5f/element HTTP/1.1
User-Agent: selenium/4.1.4 (java windows)
Content-Length: 114
Content-Type: application/json; charset=utf-8
host: localhost:56721
accept: */*

Response DefaultHttpResponse(decodeResult: success, version: HTTP/1.1)
HTTP/1.1 200 OK
Content-Type: application/json; charset=utf-8
cache-control: no-cache
content-length: 88

18:30:46.680 [AsyncHttpClient-1-3] DEBUG org.asynchttpclient.netty.channel.ChannelManager - Adding key: http://localhost:56721 for channel [id: 0x71ab5d82, L:/127.0.0.1:49870 - R:localhost/127.0.0.1:56721]
18:30:46.680 [Forwarding getElementTagName on session ed2fc7f0f4855d6b813b4d5ea1bbba5f to remote] DEBUG org.asynchttpclient.netty.request.NettyRequestSender - Using pooled Channel '[id: 0x71ab5d82, L:/127.0.0.1:49870 - R:localhost/127.0.0.1:56721]' for 'GET' to 'http://localhost:56721/session/ed2fc7f0f4855d6b813b4d5ea1bbba5f/element/dcdca520-65f5-48e7-b9ef-7b031b95f4df/name'
18:30:46.680 [Forwarding getElementTagName on session ed2fc7f0f4855d6b813b4d5ea1bbba5f to remote] DEBUG org.asynchttpclient.netty.request.NettyRequestSender - Using open Channel [id: 0x71ab5d82, L:/127.0.0.1:49870 - R:localhost/127.0.0.1:56721] for GET '/session/ed2fc7f0f4855d6b813b4d5ea1bbba5f/element/dcdca520-65f5-48e7-b9ef-7b031b95f4df/name'
18:30:46.684 [AsyncHttpClient-1-3] DEBUG org.asynchttpclient.netty.handler.HttpHandler - 

Request DefaultFullHttpRequest(decodeResult: success, version: HTTP/1.1, content: EmptyByteBufBE)
GET /session/ed2fc7f0f4855d6b813b4d5ea1bbba5f/element/dcdca520-65f5-48e7-b9ef-7b031b95f4df/name HTTP/1.1
User-Agent: selenium/4.1.4 (java windows)
Cache-Control: no-cache
Content-Type: application/json; charset=utf-8
host: localhost:56721
accept: */*

Response DefaultHttpResponse(decodeResult: success, version: HTTP/1.1)
HTTP/1.1 200 OK
Content-Type: application/json; charset=utf-8
cache-control: no-cache
content-length: 13

18:30:46.684 [AsyncHttpClient-1-3] DEBUG org.asynchttpclient.netty.channel.ChannelManager - Adding key: http://localhost:56721 for channel [id: 0x71ab5d82, L:/127.0.0.1:49870 - R:localhost/127.0.0.1:56721]
18:30:46.685 [Forwarding getElementTagName on session ed2fc7f0f4855d6b813b4d5ea1bbba5f to remote] DEBUG org.asynchttpclient.netty.request.NettyRequestSender - Using pooled Channel '[id: 0x71ab5d82, L:/127.0.0.1:49870 - R:localhost/127.0.0.1:56721]' for 'GET' to 'http://localhost:56721/session/ed2fc7f0f4855d6b813b4d5ea1bbba5f/element/dcdca520-65f5-48e7-b9ef-7b031b95f4df/name'
18:30:46.685 [Forwarding getElementTagName on session ed2fc7f0f4855d6b813b4d5ea1bbba5f to remote] DEBUG org.asynchttpclient.netty.request.NettyRequestSender - Using open Channel [id: 0x71ab5d82, L:/127.0.0.1:49870 - R:localhost/127.0.0.1:56721] for GET '/session/ed2fc7f0f4855d6b813b4d5ea1bbba5f/element/dcdca520-65f5-48e7-b9ef-7b031b95f4df/name'
18:30:46.687 [AsyncHttpClient-1-3] DEBUG org.asynchttpclient.netty.handler.HttpHandler - 

Request DefaultFullHttpRequest(decodeResult: success, version: HTTP/1.1, content: EmptyByteBufBE)
GET /session/ed2fc7f0f4855d6b813b4d5ea1bbba5f/element/dcdca520-65f5-48e7-b9ef-7b031b95f4df/name HTTP/1.1
User-Agent: selenium/4.1.4 (java windows)
Cache-Control: no-cache
Content-Type: application/json; charset=utf-8
host: localhost:56721
accept: */*

Response DefaultHttpResponse(decodeResult: success, version: HTTP/1.1)
HTTP/1.1 200 OK
Content-Type: application/json; charset=utf-8
cache-control: no-cache
content-length: 13

18:30:46.687 [AsyncHttpClient-1-3] DEBUG org.asynchttpclient.netty.channel.ChannelManager - Adding key: http://localhost:56721 for channel [id: 0x71ab5d82, L:/127.0.0.1:49870 - R:localhost/127.0.0.1:56721]
18:30:46.688 [Forwarding findElement on session ed2fc7f0f4855d6b813b4d5ea1bbba5f to remote] DEBUG org.asynchttpclient.netty.request.NettyRequestSender - Using pooled Channel '[id: 0x71ab5d82, L:/127.0.0.1:49870 - R:localhost/127.0.0.1:56721]' for 'POST' to 'http://localhost:56721/session/ed2fc7f0f4855d6b813b4d5ea1bbba5f/element'
18:30:46.688 [Forwarding findElement on session ed2fc7f0f4855d6b813b4d5ea1bbba5f to remote] DEBUG org.asynchttpclient.netty.request.NettyRequestSender - Using open Channel [id: 0x71ab5d82, L:/127.0.0.1:49870 - R:localhost/127.0.0.1:56721] for POST '/session/ed2fc7f0f4855d6b813b4d5ea1bbba5f/element'
18:30:46.695 [AsyncHttpClient-1-3] DEBUG org.asynchttpclient.netty.handler.HttpHandler - 

Request DefaultHttpRequest(decodeResult: success, version: HTTP/1.1)
POST /session/ed2fc7f0f4855d6b813b4d5ea1bbba5f/element HTTP/1.1
User-Agent: selenium/4.1.4 (java windows)
Content-Length: 114
Content-Type: application/json; charset=utf-8
host: localhost:56721
accept: */*

Response DefaultHttpResponse(decodeResult: success, version: HTTP/1.1)
HTTP/1.1 200 OK
Content-Type: application/json; charset=utf-8
cache-control: no-cache
content-length: 88

18:30:46.695 [AsyncHttpClient-1-3] DEBUG org.asynchttpclient.netty.channel.ChannelManager - Adding key: http://localhost:56721 for channel [id: 0x71ab5d82, L:/127.0.0.1:49870 - R:localhost/127.0.0.1:56721]
18:30:46.696 [Forwarding clickElement on session ed2fc7f0f4855d6b813b4d5ea1bbba5f to remote] DEBUG org.asynchttpclient.netty.request.NettyRequestSender - Using pooled Channel '[id: 0x71ab5d82, L:/127.0.0.1:49870 - R:localhost/127.0.0.1:56721]' for 'POST' to 'http://localhost:56721/session/ed2fc7f0f4855d6b813b4d5ea1bbba5f/element/dcdca520-65f5-48e7-b9ef-7b031b95f4df/click'
18:30:46.696 [Forwarding clickElement on session ed2fc7f0f4855d6b813b4d5ea1bbba5f to remote] DEBUG org.asynchttpclient.netty.request.NettyRequestSender - Using open Channel [id: 0x71ab5d82, L:/127.0.0.1:49870 - R:localhost/127.0.0.1:56721] for POST '/session/ed2fc7f0f4855d6b813b4d5ea1bbba5f/element/dcdca520-65f5-48e7-b9ef-7b031b95f4df/click'
18:30:46.757 [AsyncHttpClient-1-3] DEBUG org.asynchttpclient.netty.handler.HttpHandler - 

Request DefaultHttpRequest(decodeResult: success, version: HTTP/1.1)
POST /session/ed2fc7f0f4855d6b813b4d5ea1bbba5f/element/dcdca520-65f5-48e7-b9ef-7b031b95f4df/click HTTP/1.1
User-Agent: selenium/4.1.4 (java windows)
Content-Length: 50
Content-Type: application/json; charset=utf-8
host: localhost:56721
accept: */*

Response DefaultHttpResponse(decodeResult: success, version: HTTP/1.1)
HTTP/1.1 200 OK
Content-Type: application/json; charset=utf-8
cache-control: no-cache
content-length: 14

18:30:46.757 [AsyncHttpClient-1-3] DEBUG org.asynchttpclient.netty.channel.ChannelManager - Adding key: http://localhost:56721 for channel [id: 0x71ab5d82, L:/127.0.0.1:49870 - R:localhost/127.0.0.1:56721]
18:30:46.764 [Forwarding screenshot on session ed2fc7f0f4855d6b813b4d5ea1bbba5f to remote] DEBUG org.asynchttpclient.netty.request.NettyRequestSender - Using pooled Channel '[id: 0x71ab5d82, L:/127.0.0.1:49870 - R:localhost/127.0.0.1:56721]' for 'GET' to 'http://localhost:56721/session/ed2fc7f0f4855d6b813b4d5ea1bbba5f/screenshot'
18:30:46.764 [Forwarding screenshot on session ed2fc7f0f4855d6b813b4d5ea1bbba5f to remote] DEBUG org.asynchttpclient.netty.request.NettyRequestSender - Using open Channel [id: 0x71ab5d82, L:/127.0.0.1:49870 - R:localhost/127.0.0.1:56721] for GET '/session/ed2fc7f0f4855d6b813b4d5ea1bbba5f/screenshot'
18:30:46.965 [AsyncHttpClient-1-3] DEBUG org.asynchttpclient.netty.handler.HttpHandler - 

Request DefaultFullHttpRequest(decodeResult: success, version: HTTP/1.1, content: EmptyByteBufBE)
GET /session/ed2fc7f0f4855d6b813b4d5ea1bbba5f/screenshot HTTP/1.1
User-Agent: selenium/4.1.4 (java windows)
Cache-Control: no-cache
Content-Type: application/json; charset=utf-8
host: localhost:56721
accept: */*

Response DefaultHttpResponse(decodeResult: success, version: HTTP/1.1)
HTTP/1.1 200 OK
Content-Type: application/json; charset=utf-8
cache-control: no-cache
content-length: 115656

18:30:46.965 [AsyncHttpClient-1-3] DEBUG org.asynchttpclient.netty.channel.ChannelManager - Adding key: http://localhost:56721 for channel [id: 0x71ab5d82, L:/127.0.0.1:49870 - R:localhost/127.0.0.1:56721]
18:30:46.972 [main] DEBUG net.serenitybdd.core.photography.Darkroom - Send negative for processing for target\site\serenity\2b399c6f1386ff10caf201d65e2ca4689b3ef8b8d93fed0fc6896fe9d479d8e7.png
18:30:46.972 [main] DEBUG net.thucydides.core.steps.StepInterceptor - STEP DONE: clickButtonDataPasien
  &amp#27;[32mWhen &amp#27;[0m&amp#27;[32mClick button data pasien&amp#27;[0m                                                 &amp#27;[90m# starter.stepdefinitios.PatientDataSteps.clickButtonDataPasien()&amp#27;[0m
18:30:46.973 [Darkroom Processing Line] DEBUG net.serenitybdd.core.photography.DarkroomProcessingLine - Processing screenshot image in /var/screenshots/screenshot-6990209672598752548
18:30:46.973 [Darkroom Processing Line] DEBUG net.serenitybdd.core.photography.DarkroomProcessingLine - Saving screenshot to target\site\serenity\2b399c6f1386ff10caf201d65e2ca4689b3ef8b8d93fed0fc6896fe9d479d8e7.png
18:30:47.535 [AsyncHttpClient-1-1] DEBUG org.asynchttpclient.netty.channel.DefaultChannelPool - Entry count for : http://localhost:56721 : 1
18:30:47.535 [AsyncHttpClient-1-1] DEBUG org.asynchttpclient.netty.channel.DefaultChannelPool - Entry count for : http://localhost:49871 : 1
18:30:48.637 [AsyncHttpClient-1-1] DEBUG org.asynchttpclient.netty.channel.DefaultChannelPool - Entry count for : http://localhost:56721 : 1
18:30:48.637 [AsyncHttpClient-1-1] DEBUG org.asynchttpclient.netty.channel.DefaultChannelPool - Entry count for : http://localhost:49871 : 1
18:30:49.737 [AsyncHttpClient-1-1] DEBUG org.asynchttpclient.netty.channel.DefaultChannelPool - Entry count for : http://localhost:56721 : 1
18:30:49.737 [AsyncHttpClient-1-1] DEBUG org.asynchttpclient.netty.channel.DefaultChannelPool - Entry count for : http://localhost:49871 : 1
18:30:50.836 [AsyncHttpClient-1-1] DEBUG org.asynchttpclient.netty.channel.DefaultChannelPool - Entry count for : http://localhost:56721 : 1
18:30:50.836 [AsyncHttpClient-1-1] DEBUG org.asynchttpclient.netty.channel.DefaultChannelPool - Entry count for : http://localhost:49871 : 1
18:30:51.946 [AsyncHttpClient-1-1] DEBUG org.asynchttpclient.netty.channel.DefaultChannelPool - Entry count for : http://localhost:56721 : 1
18:30:51.946 [AsyncHttpClient-1-1] DEBUG org.asynchttpclient.netty.channel.DefaultChannelPool - Entry count for : http://localhost:49871 : 1
18:30:53.005 [Forwarding screenshot on session ed2fc7f0f4855d6b813b4d5ea1bbba5f to remote] DEBUG org.asynchttpclient.netty.request.NettyRequestSender - Using pooled Channel '[id: 0x71ab5d82, L:/127.0.0.1:49870 - R:localhost/127.0.0.1:56721]' for 'GET' to 'http://localhost:56721/session/ed2fc7f0f4855d6b813b4d5ea1bbba5f/screenshot'
18:30:53.005 [Forwarding screenshot on session ed2fc7f0f4855d6b813b4d5ea1bbba5f to remote] DEBUG org.asynchttpclient.netty.request.NettyRequestSender - Using open Channel [id: 0x71ab5d82, L:/127.0.0.1:49870 - R:localhost/127.0.0.1:56721] for GET '/session/ed2fc7f0f4855d6b813b4d5ea1bbba5f/screenshot'
18:30:53.045 [AsyncHttpClient-1-1] DEBUG org.asynchttpclient.netty.channel.DefaultChannelPool - Entry count for : http://localhost:49871 : 1
18:30:53.214 [AsyncHttpClient-1-3] DEBUG org.asynchttpclient.netty.handler.HttpHandler - 

Request DefaultFullHttpRequest(decodeResult: success, version: HTTP/1.1, content: EmptyByteBufBE)
GET /session/ed2fc7f0f4855d6b813b4d5ea1bbba5f/screenshot HTTP/1.1
User-Agent: selenium/4.1.4 (java windows)
Cache-Control: no-cache
Content-Type: application/json; charset=utf-8
host: localhost:56721
accept: */*

Response DefaultHttpResponse(decodeResult: success, version: HTTP/1.1)
HTTP/1.1 200 OK
Content-Type: application/json; charset=utf-8
cache-control: no-cache
content-length: 83448

18:30:53.215 [AsyncHttpClient-1-3] DEBUG org.asynchttpclient.netty.channel.ChannelManager - Adding key: http://localhost:56721 for channel [id: 0x71ab5d82, L:/127.0.0.1:49870 - R:localhost/127.0.0.1:56721]
18:30:53.223 [main] DEBUG net.serenitybdd.core.photography.Darkroom - Send negative for processing for target\site\serenity\cdc7d6768bd36f67cb5558b84d3f7cdf2498093267c606387c7df8516ad3c364.png
18:30:53.223 [main] DEBUG net.thucydides.core.steps.StepInterceptor - STARTING STEP: PatientDataSteps.clickButtonTambahData - clickButtonTambah
18:30:53.233 [Forwarding findElement on session ed2fc7f0f4855d6b813b4d5ea1bbba5f to remote] DEBUG org.asynchttpclient.netty.request.NettyRequestSender - Using pooled Channel '[id: 0x71ab5d82, L:/127.0.0.1:49870 - R:localhost/127.0.0.1:56721]' for 'POST' to 'http://localhost:56721/session/ed2fc7f0f4855d6b813b4d5ea1bbba5f/element'
18:30:53.233 [Forwarding findElement on session ed2fc7f0f4855d6b813b4d5ea1bbba5f to remote] DEBUG org.asynchttpclient.netty.request.NettyRequestSender - Using open Channel [id: 0x71ab5d82, L:/127.0.0.1:49870 - R:localhost/127.0.0.1:56721] for POST '/session/ed2fc7f0f4855d6b813b4d5ea1bbba5f/element'
18:30:53.246 [AsyncHttpClient-1-3] DEBUG org.asynchttpclient.netty.handler.HttpHandler - 

Request DefaultHttpRequest(decodeResult: success, version: HTTP/1.1)
POST /session/ed2fc7f0f4855d6b813b4d5ea1bbba5f/element HTTP/1.1
User-Agent: selenium/4.1.4 (java windows)
Content-Length: 68
Content-Type: application/json; charset=utf-8
host: localhost:56721
accept: */*

Response DefaultHttpResponse(decodeResult: success, version: HTTP/1.1)
HTTP/1.1 200 OK
Content-Type: application/json; charset=utf-8
cache-control: no-cache
content-length: 88

18:30:53.246 [AsyncHttpClient-1-3] DEBUG org.asynchttpclient.netty.channel.ChannelManager - Adding key: http://localhost:56721 for channel [id: 0x71ab5d82, L:/127.0.0.1:49870 - R:localhost/127.0.0.1:56721]
18:30:53.248 [Forwarding getElementTagName on session ed2fc7f0f4855d6b813b4d5ea1bbba5f to remote] DEBUG org.asynchttpclient.netty.request.NettyRequestSender - Using pooled Channel '[id: 0x71ab5d82, L:/127.0.0.1:49870 - R:localhost/127.0.0.1:56721]' for 'GET' to 'http://localhost:56721/session/ed2fc7f0f4855d6b813b4d5ea1bbba5f/element/1e88a22b-223b-4fdf-a279-111b91bec2ee/name'
18:30:53.248 [Forwarding getElementTagName on session ed2fc7f0f4855d6b813b4d5ea1bbba5f to remote] DEBUG org.asynchttpclient.netty.request.NettyRequestSender - Using open Channel [id: 0x71ab5d82, L:/127.0.0.1:49870 - R:localhost/127.0.0.1:56721] for GET '/session/ed2fc7f0f4855d6b813b4d5ea1bbba5f/element/1e88a22b-223b-4fdf-a279-111b91bec2ee/name'
18:30:53.255 [AsyncHttpClient-1-3] DEBUG org.asynchttpclient.netty.handler.HttpHandler - 

Request DefaultFullHttpRequest(decodeResult: success, version: HTTP/1.1, content: EmptyByteBufBE)
GET /session/ed2fc7f0f4855d6b813b4d5ea1bbba5f/element/1e88a22b-223b-4fdf-a279-111b91bec2ee/name HTTP/1.1
User-Agent: selenium/4.1.4 (java windows)
Cache-Control: no-cache
Content-Type: application/json; charset=utf-8
host: localhost:56721
accept: */*

Response DefaultHttpResponse(decodeResult: success, version: HTTP/1.1)
HTTP/1.1 200 OK
Content-Type: application/json; charset=utf-8
cache-control: no-cache
content-length: 18

18:30:53.255 [AsyncHttpClient-1-3] DEBUG org.asynchttpclient.netty.channel.ChannelManager - Adding key: http://localhost:56721 for channel [id: 0x71ab5d82, L:/127.0.0.1:49870 - R:localhost/127.0.0.1:56721]
18:30:53.256 [Forwarding getElementTagName on session ed2fc7f0f4855d6b813b4d5ea1bbba5f to remote] DEBUG org.asynchttpclient.netty.request.NettyRequestSender - Using pooled Channel '[id: 0x71ab5d82, L:/127.0.0.1:49870 - R:localhost/127.0.0.1:56721]' for 'GET' to 'http://localhost:56721/session/ed2fc7f0f4855d6b813b4d5ea1bbba5f/element/1e88a22b-223b-4fdf-a279-111b91bec2ee/name'
18:30:53.256 [Forwarding getElementTagName on session ed2fc7f0f4855d6b813b4d5ea1bbba5f to remote] DEBUG org.asynchttpclient.netty.request.NettyRequestSender - Using open Channel [id: 0x71ab5d82, L:/127.0.0.1:49870 - R:localhost/127.0.0.1:56721] for GET '/session/ed2fc7f0f4855d6b813b4d5ea1bbba5f/element/1e88a22b-223b-4fdf-a279-111b91bec2ee/name'
18:30:53.261 [AsyncHttpClient-1-3] DEBUG org.asynchttpclient.netty.handler.HttpHandler - 

Request DefaultFullHttpRequest(decodeResult: success, version: HTTP/1.1, content: EmptyByteBufBE)
GET /session/ed2fc7f0f4855d6b813b4d5ea1bbba5f/element/1e88a22b-223b-4fdf-a279-111b91bec2ee/name HTTP/1.1
User-Agent: selenium/4.1.4 (java windows)
Cache-Control: no-cache
Content-Type: application/json; charset=utf-8
host: localhost:56721
accept: */*

Response DefaultHttpResponse(decodeResult: success, version: HTTP/1.1)
HTTP/1.1 200 OK
Content-Type: application/json; charset=utf-8
cache-control: no-cache
content-length: 18

18:30:53.261 [AsyncHttpClient-1-3] DEBUG org.asynchttpclient.netty.channel.ChannelManager - Adding key: http://localhost:56721 for channel [id: 0x71ab5d82, L:/127.0.0.1:49870 - R:localhost/127.0.0.1:56721]
18:30:53.263 [Forwarding isElementEnabled on session ed2fc7f0f4855d6b813b4d5ea1bbba5f to remote] DEBUG org.asynchttpclient.netty.request.NettyRequestSender - Using pooled Channel '[id: 0x71ab5d82, L:/127.0.0.1:49870 - R:localhost/127.0.0.1:56721]' for 'GET' to 'http://localhost:56721/session/ed2fc7f0f4855d6b813b4d5ea1bbba5f/element/1e88a22b-223b-4fdf-a279-111b91bec2ee/enabled'
18:30:53.263 [Forwarding isElementEnabled on session ed2fc7f0f4855d6b813b4d5ea1bbba5f to remote] DEBUG org.asynchttpclient.netty.request.NettyRequestSender - Using open Channel [id: 0x71ab5d82, L:/127.0.0.1:49870 - R:localhost/127.0.0.1:56721] for GET '/session/ed2fc7f0f4855d6b813b4d5ea1bbba5f/element/1e88a22b-223b-4fdf-a279-111b91bec2ee/enabled'
18:30:53.273 [AsyncHttpClient-1-3] DEBUG org.asynchttpclient.netty.handler.HttpHandler - 

Request DefaultFullHttpRequest(decodeResult: success, version: HTTP/1.1, content: EmptyByteBufBE)
GET /session/ed2fc7f0f4855d6b813b4d5ea1bbba5f/element/1e88a22b-223b-4fdf-a279-111b91bec2ee/enabled HTTP/1.1
User-Agent: selenium/4.1.4 (java windows)
Cache-Control: no-cache
Content-Type: application/json; charset=utf-8
host: localhost:56721
accept: */*

Response DefaultHttpResponse(decodeResult: success, version: HTTP/1.1)
HTTP/1.1 200 OK
Content-Type: application/json; charset=utf-8
cache-control: no-cache
content-length: 14

18:30:53.273 [AsyncHttpClient-1-3] DEBUG org.asynchttpclient.netty.channel.ChannelManager - Adding key: http://localhost:56721 for channel [id: 0x71ab5d82, L:/127.0.0.1:49870 - R:localhost/127.0.0.1:56721]
18:30:53.273 [Forwarding isElementEnabled on session ed2fc7f0f4855d6b813b4d5ea1bbba5f to remote] DEBUG org.asynchttpclient.netty.request.NettyRequestSender - Using pooled Channel '[id: 0x71ab5d82, L:/127.0.0.1:49870 - R:localhost/127.0.0.1:56721]' for 'GET' to 'http://localhost:56721/session/ed2fc7f0f4855d6b813b4d5ea1bbba5f/element/1e88a22b-223b-4fdf-a279-111b91bec2ee/enabled'
18:30:53.274 [Forwarding isElementEnabled on session ed2fc7f0f4855d6b813b4d5ea1bbba5f to remote] DEBUG org.asynchttpclient.netty.request.NettyRequestSender - Using open Channel [id: 0x71ab5d82, L:/127.0.0.1:49870 - R:localhost/127.0.0.1:56721] for GET '/session/ed2fc7f0f4855d6b813b4d5ea1bbba5f/element/1e88a22b-223b-4fdf-a279-111b91bec2ee/enabled'
18:30:53.279 [AsyncHttpClient-1-3] DEBUG org.asynchttpclient.netty.handler.HttpHandler - 

Request DefaultFullHttpRequest(decodeResult: success, version: HTTP/1.1, content: EmptyByteBufBE)
GET /session/ed2fc7f0f4855d6b813b4d5ea1bbba5f/element/1e88a22b-223b-4fdf-a279-111b91bec2ee/enabled HTTP/1.1
User-Agent: selenium/4.1.4 (java windows)
Cache-Control: no-cache
Content-Type: application/json; charset=utf-8
host: localhost:56721
accept: */*

Response DefaultHttpResponse(decodeResult: success, version: HTTP/1.1)
HTTP/1.1 200 OK
Content-Type: application/json; charset=utf-8
cache-control: no-cache
content-length: 14

18:30:53.279 [AsyncHttpClient-1-3] DEBUG org.asynchttpclient.netty.channel.ChannelManager - Adding key: http://localhost:56721 for channel [id: 0x71ab5d82, L:/127.0.0.1:49870 - R:localhost/127.0.0.1:56721]
18:30:53.281 [Forwarding findElement on session ed2fc7f0f4855d6b813b4d5ea1bbba5f to remote] DEBUG org.asynchttpclient.netty.request.NettyRequestSender - Using pooled Channel '[id: 0x71ab5d82, L:/127.0.0.1:49870 - R:localhost/127.0.0.1:56721]' for 'POST' to 'http://localhost:56721/session/ed2fc7f0f4855d6b813b4d5ea1bbba5f/element'
18:30:53.281 [Forwarding findElement on session ed2fc7f0f4855d6b813b4d5ea1bbba5f to remote] DEBUG org.asynchttpclient.netty.request.NettyRequestSender - Using open Channel [id: 0x71ab5d82, L:/127.0.0.1:49870 - R:localhost/127.0.0.1:56721] for POST '/session/ed2fc7f0f4855d6b813b4d5ea1bbba5f/element'
18:30:53.288 [AsyncHttpClient-1-3] DEBUG org.asynchttpclient.netty.handler.HttpHandler - 

Request DefaultHttpRequest(decodeResult: success, version: HTTP/1.1)
POST /session/ed2fc7f0f4855d6b813b4d5ea1bbba5f/element HTTP/1.1
User-Agent: selenium/4.1.4 (java windows)
Content-Length: 68
Content-Type: application/json; charset=utf-8
host: localhost:56721
accept: */*

Response DefaultHttpResponse(decodeResult: success, version: HTTP/1.1)
HTTP/1.1 200 OK
Content-Type: application/json; charset=utf-8
cache-control: no-cache
content-length: 88

18:30:53.289 [AsyncHttpClient-1-3] DEBUG org.asynchttpclient.netty.channel.ChannelManager - Adding key: http://localhost:56721 for channel [id: 0x71ab5d82, L:/127.0.0.1:49870 - R:localhost/127.0.0.1:56721]
18:30:53.290 [Forwarding clickElement on session ed2fc7f0f4855d6b813b4d5ea1bbba5f to remote] DEBUG org.asynchttpclient.netty.request.NettyRequestSender - Using pooled Channel '[id: 0x71ab5d82, L:/127.0.0.1:49870 - R:localhost/127.0.0.1:56721]' for 'POST' to 'http://localhost:56721/session/ed2fc7f0f4855d6b813b4d5ea1bbba5f/element/1e88a22b-223b-4fdf-a279-111b91bec2ee/click'
18:30:53.290 [Forwarding clickElement on session ed2fc7f0f4855d6b813b4d5ea1bbba5f to remote] DEBUG org.asynchttpclient.netty.request.NettyRequestSender - Using open Channel [id: 0x71ab5d82, L:/127.0.0.1:49870 - R:localhost/127.0.0.1:56721] for POST '/session/ed2fc7f0f4855d6b813b4d5ea1bbba5f/element/1e88a22b-223b-4fdf-a279-111b91bec2ee/click'
18:30:53.439 [AsyncHttpClient-1-3] DEBUG org.asynchttpclient.netty.handler.HttpHandler - 

Request DefaultHttpRequest(decodeResult: success, version: HTTP/1.1)
POST /session/ed2fc7f0f4855d6b813b4d5ea1bbba5f/element/1e88a22b-223b-4fdf-a279-111b91bec2ee/click HTTP/1.1
User-Agent: selenium/4.1.4 (java windows)
Content-Length: 50
Content-Type: application/json; charset=utf-8
host: localhost:56721
accept: */*

Response DefaultHttpResponse(decodeResult: success, version: HTTP/1.1)
HTTP/1.1 200 OK
Content-Type: application/json; charset=utf-8
cache-control: no-cache
content-length: 14

18:30:53.439 [AsyncHttpClient-1-3] DEBUG org.asynchttpclient.netty.channel.ChannelManager - Adding key: http://localhost:56721 for channel [id: 0x71ab5d82, L:/127.0.0.1:49870 - R:localhost/127.0.0.1:56721]
18:30:53.447 [Forwarding screenshot on session ed2fc7f0f4855d6b813b4d5ea1bbba5f to remote] DEBUG org.asynchttpclient.netty.request.NettyRequestSender - Using pooled Channel '[id: 0x71ab5d82, L:/127.0.0.1:49870 - R:localhost/127.0.0.1:56721]' for 'GET' to 'http://localhost:56721/session/ed2fc7f0f4855d6b813b4d5ea1bbba5f/screenshot'
18:30:53.447 [Forwarding screenshot on session ed2fc7f0f4855d6b813b4d5ea1bbba5f to remote] DEBUG org.asynchttpclient.netty.request.NettyRequestSender - Using open Channel [id: 0x71ab5d82, L:/127.0.0.1:49870 - R:localhost/127.0.0.1:56721] for GET '/session/ed2fc7f0f4855d6b813b4d5ea1bbba5f/screenshot'
18:30:53.615 [AsyncHttpClient-1-3] DEBUG org.asynchttpclient.netty.handler.HttpHandler - 

Request DefaultFullHttpRequest(decodeResult: success, version: HTTP/1.1, content: EmptyByteBufBE)
GET /session/ed2fc7f0f4855d6b813b4d5ea1bbba5f/screenshot HTTP/1.1
User-Agent: selenium/4.1.4 (java windows)
Cache-Control: no-cache
Content-Type: application/json; charset=utf-8
host: localhost:56721
accept: */*

Response DefaultHttpResponse(decodeResult: success, version: HTTP/1.1)
HTTP/1.1 200 OK
Content-Type: application/json; charset=utf-8
cache-control: no-cache
content-length: 41184

18:30:53.615 [AsyncHttpClient-1-3] DEBUG org.asynchttpclient.netty.channel.ChannelManager - Adding key: http://localhost:56721 for channel [id: 0x71ab5d82, L:/127.0.0.1:49870 - R:localhost/127.0.0.1:56721]
18:30:53.616 [main] DEBUG net.serenitybdd.core.photography.Darkroom - Send negative for processing for target\site\serenity\85e61910bbe1ffdf1c3467de0c5b289b3a6eab20004aed7ee6697f4c867559e7.png
18:30:53.618 [main] DEBUG net.thucydides.core.steps.StepInterceptor - STEP DONE: clickButtonTambah
  &amp#27;[32mAnd &amp#27;[0m&amp#27;[32mClick button tambah data&amp#27;[0m                                                  &amp#27;[90m# starter.stepdefinitios.PatientDataSteps.clickButtonTambahData()&amp#27;[0m
18:30:54.135 [AsyncHttpClient-1-1] DEBUG org.asynchttpclient.netty.channel.DefaultChannelPool - Entry count for : http://localhost:56721 : 1
18:30:54.135 [AsyncHttpClient-1-1] DEBUG org.asynchttpclient.netty.channel.DefaultChannelPool - Entry count for : http://localhost:49871 : 1
18:30:54.645 [Forwarding screenshot on session ed2fc7f0f4855d6b813b4d5ea1bbba5f to remote] DEBUG org.asynchttpclient.netty.request.NettyRequestSender - Using pooled Channel '[id: 0x71ab5d82, L:/127.0.0.1:49870 - R:localhost/127.0.0.1:56721]' for 'GET' to 'http://localhost:56721/session/ed2fc7f0f4855d6b813b4d5ea1bbba5f/screenshot'
18:30:54.645 [Forwarding screenshot on session ed2fc7f0f4855d6b813b4d5ea1bbba5f to remote] DEBUG org.asynchttpclient.netty.request.NettyRequestSender - Using open Channel [id: 0x71ab5d82, L:/127.0.0.1:49870 - R:localhost/127.0.0.1:56721] for GET '/session/ed2fc7f0f4855d6b813b4d5ea1bbba5f/screenshot'
18:30:54.810 [AsyncHttpClient-1-3] DEBUG org.asynchttpclient.netty.handler.HttpHandler - 

Request DefaultFullHttpRequest(decodeResult: success, version: HTTP/1.1, content: EmptyByteBufBE)
GET /session/ed2fc7f0f4855d6b813b4d5ea1bbba5f/screenshot HTTP/1.1
User-Agent: selenium/4.1.4 (java windows)
Cache-Control: no-cache
Content-Type: application/json; charset=utf-8
host: localhost:56721
accept: */*

Response DefaultHttpResponse(decodeResult: success, version: HTTP/1.1)
HTTP/1.1 200 OK
Content-Type: application/json; charset=utf-8
cache-control: no-cache
content-length: 44800

18:30:54.810 [AsyncHttpClient-1-3] DEBUG org.asynchttpclient.netty.channel.ChannelManager - Adding key: http://localhost:56721 for channel [id: 0x71ab5d82, L:/127.0.0.1:49870 - R:localhost/127.0.0.1:56721]
18:30:54.811 [main] DEBUG net.serenitybdd.core.photography.Darkroom - Send negative for processing for target\site\serenity\9c82b9b38a695ffa4fd8253a749c65cc43444915f5d51c363969de05270db0c1.png
18:30:54.811 [main] DEBUG net.thucydides.core.steps.StepInterceptor - STARTING STEP: PatientDataSteps.iInput - inputDataPasien
18:30:54.813 [Forwarding findElement on session ed2fc7f0f4855d6b813b4d5ea1bbba5f to remote] DEBUG org.asynchttpclient.netty.request.NettyRequestSender - Using pooled Channel '[id: 0x71ab5d82, L:/127.0.0.1:49870 - R:localhost/127.0.0.1:56721]' for 'POST' to 'http://localhost:56721/session/ed2fc7f0f4855d6b813b4d5ea1bbba5f/element'
18:30:54.813 [Forwarding findElement on session ed2fc7f0f4855d6b813b4d5ea1bbba5f to remote] DEBUG org.asynchttpclient.netty.request.NettyRequestSender - Using open Channel [id: 0x71ab5d82, L:/127.0.0.1:49870 - R:localhost/127.0.0.1:56721] for POST '/session/ed2fc7f0f4855d6b813b4d5ea1bbba5f/element'
18:30:54.825 [AsyncHttpClient-1-3] DEBUG org.asynchttpclient.netty.handler.HttpHandler - 

Request DefaultHttpRequest(decodeResult: success, version: HTTP/1.1)
POST /session/ed2fc7f0f4855d6b813b4d5ea1bbba5f/element HTTP/1.1
User-Agent: selenium/4.1.4 (java windows)
Content-Length: 72
Content-Type: application/json; charset=utf-8
host: localhost:56721
accept: */*

Response DefaultHttpResponse(decodeResult: success, version: HTTP/1.1)
HTTP/1.1 200 OK
Content-Type: application/json; charset=utf-8
cache-control: no-cache
content-length: 88

18:30:54.825 [AsyncHttpClient-1-3] DEBUG org.asynchttpclient.netty.channel.ChannelManager - Adding key: http://localhost:56721 for channel [id: 0x71ab5d82, L:/127.0.0.1:49870 - R:localhost/127.0.0.1:56721]
18:30:54.825 [Forwarding sendKeysToElement on session ed2fc7f0f4855d6b813b4d5ea1bbba5f to remote] DEBUG org.asynchttpclient.netty.request.NettyRequestSender - Using pooled Channel '[id: 0x71ab5d82, L:/127.0.0.1:49870 - R:localhost/127.0.0.1:56721]' for 'POST' to 'http://localhost:56721/session/ed2fc7f0f4855d6b813b4d5ea1bbba5f/element/9000df76-6c0e-48b2-a175-b0468bdf4343/value'
18:30:54.825 [Forwarding sendKeysToElement on session ed2fc7f0f4855d6b813b4d5ea1bbba5f to remote] DEBUG org.asynchttpclient.netty.request.NettyRequestSender - Using open Channel [id: 0x71ab5d82, L:/127.0.0.1:49870 - R:localhost/127.0.0.1:56721] for POST '/session/ed2fc7f0f4855d6b813b4d5ea1bbba5f/element/9000df76-6c0e-48b2-a175-b0468bdf4343/value'
18:30:54.960 [AsyncHttpClient-1-3] DEBUG org.asynchttpclient.netty.handler.HttpHandler - 

Request DefaultHttpRequest(decodeResult: success, version: HTTP/1.1)
POST /session/ed2fc7f0f4855d6b813b4d5ea1bbba5f/element/9000df76-6c0e-48b2-a175-b0468bdf4343/value HTTP/1.1
User-Agent: selenium/4.1.4 (java windows)
Content-Length: 131
Content-Type: application/json; charset=utf-8
host: localhost:56721
accept: */*

Response DefaultHttpResponse(decodeResult: success, version: HTTP/1.1)
HTTP/1.1 200 OK
Content-Type: application/json; charset=utf-8
cache-control: no-cache
content-length: 14

18:30:54.960 [AsyncHttpClient-1-3] DEBUG org.asynchttpclient.netty.channel.ChannelManager - Adding key: http://localhost:56721 for channel [id: 0x71ab5d82, L:/127.0.0.1:49870 - R:localhost/127.0.0.1:56721]
18:30:54.961 [Forwarding findElement on session ed2fc7f0f4855d6b813b4d5ea1bbba5f to remote] DEBUG org.asynchttpclient.netty.request.NettyRequestSender - Using pooled Channel '[id: 0x71ab5d82, L:/127.0.0.1:49870 - R:localhost/127.0.0.1:56721]' for 'POST' to 'http://localhost:56721/session/ed2fc7f0f4855d6b813b4d5ea1bbba5f/element'
18:30:54.961 [Forwarding findElement on session ed2fc7f0f4855d6b813b4d5ea1bbba5f to remote] DEBUG org.asynchttpclient.netty.request.NettyRequestSender - Using open Channel [id: 0x71ab5d82, L:/127.0.0.1:49870 - R:localhost/127.0.0.1:56721] for POST '/session/ed2fc7f0f4855d6b813b4d5ea1bbba5f/element'
18:30:54.973 [AsyncHttpClient-1-3] DEBUG org.asynchttpclient.netty.handler.HttpHandler - 

Request DefaultHttpRequest(decodeResult: success, version: HTTP/1.1)
POST /session/ed2fc7f0f4855d6b813b4d5ea1bbba5f/element HTTP/1.1
User-Agent: selenium/4.1.4 (java windows)
Content-Length: 65
Content-Type: application/json; charset=utf-8
host: localhost:56721
accept: */*

Response DefaultHttpResponse(decodeResult: success, version: HTTP/1.1)
HTTP/1.1 200 OK
Content-Type: application/json; charset=utf-8
cache-control: no-cache
content-length: 88

18:30:54.973 [AsyncHttpClient-1-3] DEBUG org.asynchttpclient.netty.channel.ChannelManager - Adding key: http://localhost:56721 for channel [id: 0x71ab5d82, L:/127.0.0.1:49870 - R:localhost/127.0.0.1:56721]
18:30:54.974 [Forwarding sendKeysToElement on session ed2fc7f0f4855d6b813b4d5ea1bbba5f to remote] DEBUG org.asynchttpclient.netty.request.NettyRequestSender - Using pooled Channel '[id: 0x71ab5d82, L:/127.0.0.1:49870 - R:localhost/127.0.0.1:56721]' for 'POST' to 'http://localhost:56721/session/ed2fc7f0f4855d6b813b4d5ea1bbba5f/element/6766842a-0a3d-49e4-b784-2e5f3dd56f16/value'
18:30:54.974 [Forwarding sendKeysToElement on session ed2fc7f0f4855d6b813b4d5ea1bbba5f to remote] DEBUG org.asynchttpclient.netty.request.NettyRequestSender - Using open Channel [id: 0x71ab5d82, L:/127.0.0.1:49870 - R:localhost/127.0.0.1:56721] for POST '/session/ed2fc7f0f4855d6b813b4d5ea1bbba5f/element/6766842a-0a3d-49e4-b784-2e5f3dd56f16/value'
18:30:55.207 [AsyncHttpClient-1-3] DEBUG org.asynchttpclient.netty.handler.HttpHandler - 

Request DefaultHttpRequest(decodeResult: success, version: HTTP/1.1)
POST /session/ed2fc7f0f4855d6b813b4d5ea1bbba5f/element/6766842a-0a3d-49e4-b784-2e5f3dd56f16/value HTTP/1.1
User-Agent: selenium/4.1.4 (java windows)
Content-Length: 241
Content-Type: application/json; charset=utf-8
host: localhost:56721
accept: */*

Response DefaultHttpResponse(decodeResult: success, version: HTTP/1.1)
HTTP/1.1 200 OK
Content-Type: application/json; charset=utf-8
cache-control: no-cache
content-length: 14

18:30:55.207 [AsyncHttpClient-1-3] DEBUG org.asynchttpclient.netty.channel.ChannelManager - Adding key: http://localhost:56721 for channel [id: 0x71ab5d82, L:/127.0.0.1:49870 - R:localhost/127.0.0.1:56721]
18:30:55.208 [Forwarding findElement on session ed2fc7f0f4855d6b813b4d5ea1bbba5f to remote] DEBUG org.asynchttpclient.netty.request.NettyRequestSender - Using pooled Channel '[id: 0x71ab5d82, L:/127.0.0.1:49870 - R:localhost/127.0.0.1:56721]' for 'POST' to 'http://localhost:56721/session/ed2fc7f0f4855d6b813b4d5ea1bbba5f/element'
18:30:55.208 [Forwarding findElement on session ed2fc7f0f4855d6b813b4d5ea1bbba5f to remote] DEBUG org.asynchttpclient.netty.request.NettyRequestSender - Using open Channel [id: 0x71ab5d82, L:/127.0.0.1:49870 - R:localhost/127.0.0.1:56721] for POST '/session/ed2fc7f0f4855d6b813b4d5ea1bbba5f/element'
18:30:55.218 [AsyncHttpClient-1-3] DEBUG org.asynchttpclient.netty.handler.HttpHandler - 

Request DefaultHttpRequest(decodeResult: success, version: HTTP/1.1)
POST /session/ed2fc7f0f4855d6b813b4d5ea1bbba5f/element HTTP/1.1
User-Agent: selenium/4.1.4 (java windows)
Content-Length: 66
Content-Type: application/json; charset=utf-8
host: localhost:56721
accept: */*

Response DefaultHttpResponse(decodeResult: success, version: HTTP/1.1)
HTTP/1.1 200 OK
Content-Type: application/json; charset=utf-8
cache-control: no-cache
content-length: 88

18:30:55.218 [AsyncHttpClient-1-3] DEBUG org.asynchttpclient.netty.channel.ChannelManager - Adding key: http://localhost:56721 for channel [id: 0x71ab5d82, L:/127.0.0.1:49870 - R:localhost/127.0.0.1:56721]
18:30:55.219 [Forwarding sendKeysToElement on session ed2fc7f0f4855d6b813b4d5ea1bbba5f to remote] DEBUG org.asynchttpclient.netty.request.NettyRequestSender - Using pooled Channel '[id: 0x71ab5d82, L:/127.0.0.1:49870 - R:localhost/127.0.0.1:56721]' for 'POST' to 'http://localhost:56721/session/ed2fc7f0f4855d6b813b4d5ea1bbba5f/element/4835ea0a-1c45-491f-bcd7-5b151884a37a/value'
18:30:55.219 [Forwarding sendKeysToElement on session ed2fc7f0f4855d6b813b4d5ea1bbba5f to remote] DEBUG org.asynchttpclient.netty.request.NettyRequestSender - Using open Channel [id: 0x71ab5d82, L:/127.0.0.1:49870 - R:localhost/127.0.0.1:56721] for POST '/session/ed2fc7f0f4855d6b813b4d5ea1bbba5f/element/4835ea0a-1c45-491f-bcd7-5b151884a37a/value'
18:30:55.239 [AsyncHttpClient-1-1] DEBUG org.asynchttpclient.netty.channel.DefaultChannelPool - Entry count for : http://localhost:49871 : 1
18:30:55.294 [AsyncHttpClient-1-3] DEBUG org.asynchttpclient.netty.handler.HttpHandler - 

Request DefaultHttpRequest(decodeResult: success, version: HTTP/1.1)
POST /session/ed2fc7f0f4855d6b813b4d5ea1bbba5f/element/4835ea0a-1c45-491f-bcd7-5b151884a37a/value HTTP/1.1
User-Agent: selenium/4.1.4 (java windows)
Content-Length: 101
Content-Type: application/json; charset=utf-8
host: localhost:56721
accept: */*

Response DefaultHttpResponse(decodeResult: success, version: HTTP/1.1)
HTTP/1.1 200 OK
Content-Type: application/json; charset=utf-8
cache-control: no-cache
content-length: 14

18:30:55.294 [AsyncHttpClient-1-3] DEBUG org.asynchttpclient.netty.channel.ChannelManager - Adding key: http://localhost:56721 for channel [id: 0x71ab5d82, L:/127.0.0.1:49870 - R:localhost/127.0.0.1:56721]
18:30:55.296 [Forwarding findElement on session ed2fc7f0f4855d6b813b4d5ea1bbba5f to remote] DEBUG org.asynchttpclient.netty.request.NettyRequestSender - Using pooled Channel '[id: 0x71ab5d82, L:/127.0.0.1:49870 - R:localhost/127.0.0.1:56721]' for 'POST' to 'http://localhost:56721/session/ed2fc7f0f4855d6b813b4d5ea1bbba5f/element'
18:30:55.296 [Forwarding findElement on session ed2fc7f0f4855d6b813b4d5ea1bbba5f to remote] DEBUG org.asynchttpclient.netty.request.NettyRequestSender - Using open Channel [id: 0x71ab5d82, L:/127.0.0.1:49870 - R:localhost/127.0.0.1:56721] for POST '/session/ed2fc7f0f4855d6b813b4d5ea1bbba5f/element'
18:30:55.310 [AsyncHttpClient-1-3] DEBUG org.asynchttpclient.netty.handler.HttpHandler - 

Request DefaultHttpRequest(decodeResult: success, version: HTTP/1.1)
POST /session/ed2fc7f0f4855d6b813b4d5ea1bbba5f/element HTTP/1.1
User-Agent: selenium/4.1.4 (java windows)
Content-Length: 66
Content-Type: application/json; charset=utf-8
host: localhost:56721
accept: */*

Response DefaultHttpResponse(decodeResult: success, version: HTTP/1.1)
HTTP/1.1 200 OK
Content-Type: application/json; charset=utf-8
cache-control: no-cache
content-length: 88

18:30:55.310 [AsyncHttpClient-1-3] DEBUG org.asynchttpclient.netty.channel.ChannelManager - Adding key: http://localhost:56721 for channel [id: 0x71ab5d82, L:/127.0.0.1:49870 - R:localhost/127.0.0.1:56721]
18:30:55.311 [Forwarding sendKeysToElement on session ed2fc7f0f4855d6b813b4d5ea1bbba5f to remote] DEBUG org.asynchttpclient.netty.request.NettyRequestSender - Using pooled Channel '[id: 0x71ab5d82, L:/127.0.0.1:49870 - R:localhost/127.0.0.1:56721]' for 'POST' to 'http://localhost:56721/session/ed2fc7f0f4855d6b813b4d5ea1bbba5f/element/8c4ebee5-e62b-429c-8786-247d0e835f22/value'
18:30:55.311 [Forwarding sendKeysToElement on session ed2fc7f0f4855d6b813b4d5ea1bbba5f to remote] DEBUG org.asynchttpclient.netty.request.NettyRequestSender - Using open Channel [id: 0x71ab5d82, L:/127.0.0.1:49870 - R:localhost/127.0.0.1:56721] for POST '/session/ed2fc7f0f4855d6b813b4d5ea1bbba5f/element/8c4ebee5-e62b-429c-8786-247d0e835f22/value'
18:30:55.504 [AsyncHttpClient-1-3] DEBUG org.asynchttpclient.netty.handler.HttpHandler - 

Request DefaultHttpRequest(decodeResult: success, version: HTTP/1.1)
POST /session/ed2fc7f0f4855d6b813b4d5ea1bbba5f/element/8c4ebee5-e62b-429c-8786-247d0e835f22/value HTTP/1.1
User-Agent: selenium/4.1.4 (java windows)
Content-Length: 191
Content-Type: application/json; charset=utf-8
host: localhost:56721
accept: */*

Response DefaultHttpResponse(decodeResult: success, version: HTTP/1.1)
HTTP/1.1 200 OK
Content-Type: application/json; charset=utf-8
cache-control: no-cache
content-length: 14

18:30:55.504 [AsyncHttpClient-1-3] DEBUG org.asynchttpclient.netty.channel.ChannelManager - Adding key: http://localhost:56721 for channel [id: 0x71ab5d82, L:/127.0.0.1:49870 - R:localhost/127.0.0.1:56721]
18:30:55.505 [Forwarding findElement on session ed2fc7f0f4855d6b813b4d5ea1bbba5f to remote] DEBUG org.asynchttpclient.netty.request.NettyRequestSender - Using pooled Channel '[id: 0x71ab5d82, L:/127.0.0.1:49870 - R:localhost/127.0.0.1:56721]' for 'POST' to 'http://localhost:56721/session/ed2fc7f0f4855d6b813b4d5ea1bbba5f/element'
18:30:55.505 [Forwarding findElement on session ed2fc7f0f4855d6b813b4d5ea1bbba5f to remote] DEBUG org.asynchttpclient.netty.request.NettyRequestSender - Using open Channel [id: 0x71ab5d82, L:/127.0.0.1:49870 - R:localhost/127.0.0.1:56721] for POST '/session/ed2fc7f0f4855d6b813b4d5ea1bbba5f/element'
18:30:55.516 [AsyncHttpClient-1-3] DEBUG org.asynchttpclient.netty.handler.HttpHandler - 

Request DefaultHttpRequest(decodeResult: success, version: HTTP/1.1)
POST /session/ed2fc7f0f4855d6b813b4d5ea1bbba5f/element HTTP/1.1
User-Agent: selenium/4.1.4 (java windows)
Content-Length: 68
Content-Type: application/json; charset=utf-8
host: localhost:56721
accept: */*

Response DefaultHttpResponse(decodeResult: success, version: HTTP/1.1)
HTTP/1.1 200 OK
Content-Type: application/json; charset=utf-8
cache-control: no-cache
content-length: 88

18:30:55.516 [AsyncHttpClient-1-3] DEBUG org.asynchttpclient.netty.channel.ChannelManager - Adding key: http://localhost:56721 for channel [id: 0x71ab5d82, L:/127.0.0.1:49870 - R:localhost/127.0.0.1:56721]
18:30:55.517 [Forwarding sendKeysToElement on session ed2fc7f0f4855d6b813b4d5ea1bbba5f to remote] DEBUG org.asynchttpclient.netty.request.NettyRequestSender - Using pooled Channel '[id: 0x71ab5d82, L:/127.0.0.1:49870 - R:localhost/127.0.0.1:56721]' for 'POST' to 'http://localhost:56721/session/ed2fc7f0f4855d6b813b4d5ea1bbba5f/element/039bef94-a24d-4c48-9bc5-117ae62ff993/value'
18:30:55.517 [Forwarding sendKeysToElement on session ed2fc7f0f4855d6b813b4d5ea1bbba5f to remote] DEBUG org.asynchttpclient.netty.request.NettyRequestSender - Using open Channel [id: 0x71ab5d82, L:/127.0.0.1:49870 - R:localhost/127.0.0.1:56721] for POST '/session/ed2fc7f0f4855d6b813b4d5ea1bbba5f/element/039bef94-a24d-4c48-9bc5-117ae62ff993/value'
18:30:55.654 [AsyncHttpClient-1-3] DEBUG org.asynchttpclient.netty.handler.HttpHandler - 

Request DefaultHttpRequest(decodeResult: success, version: HTTP/1.1)
POST /session/ed2fc7f0f4855d6b813b4d5ea1bbba5f/element/039bef94-a24d-4c48-9bc5-117ae62ff993/value HTTP/1.1
User-Agent: selenium/4.1.4 (java windows)
Content-Length: 171
Content-Type: application/json; charset=utf-8
host: localhost:56721
accept: */*

Response DefaultHttpResponse(decodeResult: success, version: HTTP/1.1)
HTTP/1.1 200 OK
Content-Type: application/json; charset=utf-8
cache-control: no-cache
content-length: 14

18:30:55.654 [AsyncHttpClient-1-3] DEBUG org.asynchttpclient.netty.channel.ChannelManager - Adding key: http://localhost:56721 for channel [id: 0x71ab5d82, L:/127.0.0.1:49870 - R:localhost/127.0.0.1:56721]
18:30:55.659 [Forwarding screenshot on session ed2fc7f0f4855d6b813b4d5ea1bbba5f to remote] DEBUG org.asynchttpclient.netty.request.NettyRequestSender - Using pooled Channel '[id: 0x71ab5d82, L:/127.0.0.1:49870 - R:localhost/127.0.0.1:56721]' for 'GET' to 'http://localhost:56721/session/ed2fc7f0f4855d6b813b4d5ea1bbba5f/screenshot'
18:30:55.659 [Forwarding screenshot on session ed2fc7f0f4855d6b813b4d5ea1bbba5f to remote] DEBUG org.asynchttpclient.netty.request.NettyRequestSender - Using open Channel [id: 0x71ab5d82, L:/127.0.0.1:49870 - R:localhost/127.0.0.1:56721] for GET '/session/ed2fc7f0f4855d6b813b4d5ea1bbba5f/screenshot'
18:30:55.806 [AsyncHttpClient-1-3] DEBUG org.asynchttpclient.netty.handler.HttpHandler - 

Request DefaultFullHttpRequest(decodeResult: success, version: HTTP/1.1, content: EmptyByteBufBE)
GET /session/ed2fc7f0f4855d6b813b4d5ea1bbba5f/screenshot HTTP/1.1
User-Agent: selenium/4.1.4 (java windows)
Cache-Control: no-cache
Content-Type: application/json; charset=utf-8
host: localhost:56721
accept: */*

Response DefaultHttpResponse(decodeResult: success, version: HTTP/1.1)
HTTP/1.1 200 OK
Content-Type: application/json; charset=utf-8
cache-control: no-cache
content-length: 51756

18:30:55.806 [AsyncHttpClient-1-3] DEBUG org.asynchttpclient.netty.channel.ChannelManager - Adding key: http://localhost:56721 for channel [id: 0x71ab5d82, L:/127.0.0.1:49870 - R:localhost/127.0.0.1:56721]
18:30:55.830 [main] DEBUG net.serenitybdd.core.photography.Darkroom - Send negative for processing for target\site\serenity\13f4fe8e338f7cb8f1886c22808b99568ce06e4d323b3e5531050b7f04706787.png
18:30:55.831 [main] DEBUG net.thucydides.core.steps.StepInterceptor - STEP DONE: inputDataPasien
18:30:55.831 [Darkroom Processing Line] DEBUG net.serenitybdd.core.photography.DarkroomProcessingLine - Processing screenshot image in /var/screenshots/screenshot-11584705340364843221
18:30:55.831 [Darkroom Processing Line] DEBUG net.serenitybdd.core.photography.DarkroomProcessingLine - Saving screenshot to target\site\serenity\13f4fe8e338f7cb8f1886c22808b99568ce06e4d323b3e5531050b7f04706787.png
  &amp#27;[32mAnd &amp#27;[0m&amp#27;[32mI input &amp#27;[0m&amp#27;[32m&amp#27;[1m"12345"&amp#27;[0m&amp#27;[32m &amp#27;[0m&amp#27;[32m&amp#27;[1m"1234567898976546"&amp#27;[0m&amp#27;[32m &amp#27;[0m&amp#27;[32m&amp#27;[1m"20"&amp#27;[0m&amp#27;[32m &amp#27;[0m&amp#27;[32m&amp#27;[1m"01294657612"&amp#27;[0m&amp#27;[32m &amp#27;[0m&amp#27;[32m&amp#27;[1m"perumahan"&amp#27;[0m&amp#27;[32m patient&amp#27;[0m &amp#27;[90m# starter.stepdefinitios.PatientDataSteps.iInput(java.lang.String,java.lang.String,java.lang.String,java.lang.String,java.lang.String)&amp#27;[0m
18:30:55.854 [main] DEBUG net.thucydides.core.steps.StepInterceptor - STARTING STEP: PatientDataSteps.iClickButtonJenisKelamin - clickLaki
18:30:55.857 [Forwarding findElement on session ed2fc7f0f4855d6b813b4d5ea1bbba5f to remote] DEBUG org.asynchttpclient.netty.request.NettyRequestSender - Using pooled Channel '[id: 0x71ab5d82, L:/127.0.0.1:49870 - R:localhost/127.0.0.1:56721]' for 'POST' to 'http://localhost:56721/session/ed2fc7f0f4855d6b813b4d5ea1bbba5f/element'
18:30:55.857 [Forwarding findElement on session ed2fc7f0f4855d6b813b4d5ea1bbba5f to remote] DEBUG org.asynchttpclient.netty.request.NettyRequestSender - Using open Channel [id: 0x71ab5d82, L:/127.0.0.1:49870 - R:localhost/127.0.0.1:56721] for POST '/session/ed2fc7f0f4855d6b813b4d5ea1bbba5f/element'
18:30:55.873 [AsyncHttpClient-1-3] DEBUG org.asynchttpclient.netty.handler.HttpHandler - 

Request DefaultHttpRequest(decodeResult: success, version: HTTP/1.1)
POST /session/ed2fc7f0f4855d6b813b4d5ea1bbba5f/element HTTP/1.1
User-Agent: selenium/4.1.4 (java windows)
Content-Length: 182
Content-Type: application/json; charset=utf-8
host: localhost:56721
accept: */*

Response DefaultHttpResponse(decodeResult: success, version: HTTP/1.1)
HTTP/1.1 200 OK
Content-Type: application/json; charset=utf-8
cache-control: no-cache
content-length: 88

18:30:55.874 [AsyncHttpClient-1-3] DEBUG org.asynchttpclient.netty.channel.ChannelManager - Adding key: http://localhost:56721 for channel [id: 0x71ab5d82, L:/127.0.0.1:49870 - R:localhost/127.0.0.1:56721]
18:30:55.874 [Forwarding getElementTagName on session ed2fc7f0f4855d6b813b4d5ea1bbba5f to remote] DEBUG org.asynchttpclient.netty.request.NettyRequestSender - Using pooled Channel '[id: 0x71ab5d82, L:/127.0.0.1:49870 - R:localhost/127.0.0.1:56721]' for 'GET' to 'http://localhost:56721/session/ed2fc7f0f4855d6b813b4d5ea1bbba5f/element/c7ec27f9-13a7-43dc-b7af-582cf66a6d1d/name'
18:30:55.874 [Forwarding getElementTagName on session ed2fc7f0f4855d6b813b4d5ea1bbba5f to remote] DEBUG org.asynchttpclient.netty.request.NettyRequestSender - Using open Channel [id: 0x71ab5d82, L:/127.0.0.1:49870 - R:localhost/127.0.0.1:56721] for GET '/session/ed2fc7f0f4855d6b813b4d5ea1bbba5f/element/c7ec27f9-13a7-43dc-b7af-582cf66a6d1d/name'
18:30:55.880 [AsyncHttpClient-1-3] DEBUG org.asynchttpclient.netty.handler.HttpHandler - 

Request DefaultFullHttpRequest(decodeResult: success, version: HTTP/1.1, content: EmptyByteBufBE)
GET /session/ed2fc7f0f4855d6b813b4d5ea1bbba5f/element/c7ec27f9-13a7-43dc-b7af-582cf66a6d1d/name HTTP/1.1
User-Agent: selenium/4.1.4 (java windows)
Cache-Control: no-cache
Content-Type: application/json; charset=utf-8
host: localhost:56721
accept: */*

Response DefaultHttpResponse(decodeResult: success, version: HTTP/1.1)
HTTP/1.1 200 OK
Content-Type: application/json; charset=utf-8
cache-control: no-cache
content-length: 16

18:30:55.880 [AsyncHttpClient-1-3] DEBUG org.asynchttpclient.netty.channel.ChannelManager - Adding key: http://localhost:56721 for channel [id: 0x71ab5d82, L:/127.0.0.1:49870 - R:localhost/127.0.0.1:56721]
18:30:55.881 [Forwarding getElementTagName on session ed2fc7f0f4855d6b813b4d5ea1bbba5f to remote] DEBUG org.asynchttpclient.netty.request.NettyRequestSender - Using pooled Channel '[id: 0x71ab5d82, L:/127.0.0.1:49870 - R:localhost/127.0.0.1:56721]' for 'GET' to 'http://localhost:56721/session/ed2fc7f0f4855d6b813b4d5ea1bbba5f/element/c7ec27f9-13a7-43dc-b7af-582cf66a6d1d/name'
18:30:55.881 [Forwarding getElementTagName on session ed2fc7f0f4855d6b813b4d5ea1bbba5f to remote] DEBUG org.asynchttpclient.netty.request.NettyRequestSender - Using open Channel [id: 0x71ab5d82, L:/127.0.0.1:49870 - R:localhost/127.0.0.1:56721] for GET '/session/ed2fc7f0f4855d6b813b4d5ea1bbba5f/element/c7ec27f9-13a7-43dc-b7af-582cf66a6d1d/name'
18:30:55.886 [AsyncHttpClient-1-3] DEBUG org.asynchttpclient.netty.handler.HttpHandler - 

Request DefaultFullHttpRequest(decodeResult: success, version: HTTP/1.1, content: EmptyByteBufBE)
GET /session/ed2fc7f0f4855d6b813b4d5ea1bbba5f/element/c7ec27f9-13a7-43dc-b7af-582cf66a6d1d/name HTTP/1.1
User-Agent: selenium/4.1.4 (java windows)
Cache-Control: no-cache
Content-Type: application/json; charset=utf-8
host: localhost:56721
accept: */*

Response DefaultHttpResponse(decodeResult: success, version: HTTP/1.1)
HTTP/1.1 200 OK
Content-Type: application/json; charset=utf-8
cache-control: no-cache
content-length: 16

18:30:55.886 [AsyncHttpClient-1-3] DEBUG org.asynchttpclient.netty.channel.ChannelManager - Adding key: http://localhost:56721 for channel [id: 0x71ab5d82, L:/127.0.0.1:49870 - R:localhost/127.0.0.1:56721]
18:30:55.887 [Forwarding findElement on session ed2fc7f0f4855d6b813b4d5ea1bbba5f to remote] DEBUG org.asynchttpclient.netty.request.NettyRequestSender - Using pooled Channel '[id: 0x71ab5d82, L:/127.0.0.1:49870 - R:localhost/127.0.0.1:56721]' for 'POST' to 'http://localhost:56721/session/ed2fc7f0f4855d6b813b4d5ea1bbba5f/element'
18:30:55.887 [Forwarding findElement on session ed2fc7f0f4855d6b813b4d5ea1bbba5f to remote] DEBUG org.asynchttpclient.netty.request.NettyRequestSender - Using open Channel [id: 0x71ab5d82, L:/127.0.0.1:49870 - R:localhost/127.0.0.1:56721] for POST '/session/ed2fc7f0f4855d6b813b4d5ea1bbba5f/element'
18:30:55.896 [AsyncHttpClient-1-3] DEBUG org.asynchttpclient.netty.handler.HttpHandler - 

Request DefaultHttpRequest(decodeResult: success, version: HTTP/1.1)
POST /session/ed2fc7f0f4855d6b813b4d5ea1bbba5f/element HTTP/1.1
User-Agent: selenium/4.1.4 (java windows)
Content-Length: 182
Content-Type: application/json; charset=utf-8
host: localhost:56721
accept: */*

Response DefaultHttpResponse(decodeResult: success, version: HTTP/1.1)
HTTP/1.1 200 OK
Content-Type: application/json; charset=utf-8
cache-control: no-cache
content-length: 88

18:30:55.896 [AsyncHttpClient-1-3] DEBUG org.asynchttpclient.netty.channel.ChannelManager - Adding key: http://localhost:56721 for channel [id: 0x71ab5d82, L:/127.0.0.1:49870 - R:localhost/127.0.0.1:56721]
18:30:55.897 [Forwarding clickElement on session ed2fc7f0f4855d6b813b4d5ea1bbba5f to remote] DEBUG org.asynchttpclient.netty.request.NettyRequestSender - Using pooled Channel '[id: 0x71ab5d82, L:/127.0.0.1:49870 - R:localhost/127.0.0.1:56721]' for 'POST' to 'http://localhost:56721/session/ed2fc7f0f4855d6b813b4d5ea1bbba5f/element/c7ec27f9-13a7-43dc-b7af-582cf66a6d1d/click'
18:30:55.898 [Forwarding clickElement on session ed2fc7f0f4855d6b813b4d5ea1bbba5f to remote] DEBUG org.asynchttpclient.netty.request.NettyRequestSender - Using open Channel [id: 0x71ab5d82, L:/127.0.0.1:49870 - R:localhost/127.0.0.1:56721] for POST '/session/ed2fc7f0f4855d6b813b4d5ea1bbba5f/element/c7ec27f9-13a7-43dc-b7af-582cf66a6d1d/click'
18:30:55.970 [AsyncHttpClient-1-3] DEBUG org.asynchttpclient.netty.handler.HttpHandler - 

Request DefaultHttpRequest(decodeResult: success, version: HTTP/1.1)
POST /session/ed2fc7f0f4855d6b813b4d5ea1bbba5f/element/c7ec27f9-13a7-43dc-b7af-582cf66a6d1d/click HTTP/1.1
User-Agent: selenium/4.1.4 (java windows)
Content-Length: 50
Content-Type: application/json; charset=utf-8
host: localhost:56721
accept: */*

Response DefaultHttpResponse(decodeResult: success, version: HTTP/1.1)
HTTP/1.1 200 OK
Content-Type: application/json; charset=utf-8
cache-control: no-cache
content-length: 14

18:30:55.970 [AsyncHttpClient-1-3] DEBUG org.asynchttpclient.netty.channel.ChannelManager - Adding key: http://localhost:56721 for channel [id: 0x71ab5d82, L:/127.0.0.1:49870 - R:localhost/127.0.0.1:56721]
18:30:55.984 [Forwarding screenshot on session ed2fc7f0f4855d6b813b4d5ea1bbba5f to remote] DEBUG org.asynchttpclient.netty.request.NettyRequestSender - Using pooled Channel '[id: 0x71ab5d82, L:/127.0.0.1:49870 - R:localhost/127.0.0.1:56721]' for 'GET' to 'http://localhost:56721/session/ed2fc7f0f4855d6b813b4d5ea1bbba5f/screenshot'
18:30:55.984 [Forwarding screenshot on session ed2fc7f0f4855d6b813b4d5ea1bbba5f to remote] DEBUG org.asynchttpclient.netty.request.NettyRequestSender - Using open Channel [id: 0x71ab5d82, L:/127.0.0.1:49870 - R:localhost/127.0.0.1:56721] for GET '/session/ed2fc7f0f4855d6b813b4d5ea1bbba5f/screenshot'
18:30:56.187 [AsyncHttpClient-1-3] DEBUG org.asynchttpclient.netty.handler.HttpHandler - 

Request DefaultFullHttpRequest(decodeResult: success, version: HTTP/1.1, content: EmptyByteBufBE)
GET /session/ed2fc7f0f4855d6b813b4d5ea1bbba5f/screenshot HTTP/1.1
User-Agent: selenium/4.1.4 (java windows)
Cache-Control: no-cache
Content-Type: application/json; charset=utf-8
host: localhost:56721
accept: */*

Response DefaultHttpResponse(decodeResult: success, version: HTTP/1.1)
HTTP/1.1 200 OK
Content-Type: application/json; charset=utf-8
cache-control: no-cache
content-length: 52440

18:30:56.187 [AsyncHttpClient-1-3] DEBUG org.asynchttpclient.netty.channel.ChannelManager - Adding key: http://localhost:56721 for channel [id: 0x71ab5d82, L:/127.0.0.1:49870 - R:localhost/127.0.0.1:56721]
18:30:56.192 [main] DEBUG net.serenitybdd.core.photography.Darkroom - Send negative for processing for target\site\serenity\5dd707a39c724bcde96b37c50774aa9f7030056c818c2c4ac7138375ee65df56.png
18:30:56.192 [main] DEBUG net.thucydides.core.steps.StepInterceptor - STEP DONE: clickLaki
  &amp#27;[32mAnd &amp#27;[0m&amp#27;[32mI click button jenis kelamin laki-laki&amp#27;[0m                                    &amp#27;[90m# starter.stepdefinitios.PatientDataSteps.iClickButtonJenisKelamin()&amp#27;[0m
18:30:56.193 [Darkroom Processing Line] DEBUG net.serenitybdd.core.photography.DarkroomProcessingLine - Processing screenshot image in /var/screenshots/screenshot-11170540361316827346
18:30:56.193 [Darkroom Processing Line] DEBUG net.serenitybdd.core.photography.DarkroomProcessingLine - Saving screenshot to target\site\serenity\5dd707a39c724bcde96b37c50774aa9f7030056c818c2c4ac7138375ee65df56.png
18:30:56.256 [Forwarding screenshot on session ed2fc7f0f4855d6b813b4d5ea1bbba5f to remote] DEBUG org.asynchttpclient.netty.request.NettyRequestSender - Using pooled Channel '[id: 0x71ab5d82, L:/127.0.0.1:49870 - R:localhost/127.0.0.1:56721]' for 'GET' to 'http://localhost:56721/session/ed2fc7f0f4855d6b813b4d5ea1bbba5f/screenshot'
18:30:56.256 [Forwarding screenshot on session ed2fc7f0f4855d6b813b4d5ea1bbba5f to remote] DEBUG org.asynchttpclient.netty.request.NettyRequestSender - Using open Channel [id: 0x71ab5d82, L:/127.0.0.1:49870 - R:localhost/127.0.0.1:56721] for GET '/session/ed2fc7f0f4855d6b813b4d5ea1bbba5f/screenshot'
18:30:56.335 [AsyncHttpClient-1-1] DEBUG org.asynchttpclient.netty.channel.DefaultChannelPool - Entry count for : http://localhost:49871 : 1
18:30:56.459 [AsyncHttpClient-1-3] DEBUG org.asynchttpclient.netty.handler.HttpHandler - 

Request DefaultFullHttpRequest(decodeResult: success, version: HTTP/1.1, content: EmptyByteBufBE)
GET /session/ed2fc7f0f4855d6b813b4d5ea1bbba5f/screenshot HTTP/1.1
User-Agent: selenium/4.1.4 (java windows)
Cache-Control: no-cache
Content-Type: application/json; charset=utf-8
host: localhost:56721
accept: */*

Response DefaultHttpResponse(decodeResult: success, version: HTTP/1.1)
HTTP/1.1 200 OK
Content-Type: application/json; charset=utf-8
cache-control: no-cache
content-length: 52868

18:30:56.459 [AsyncHttpClient-1-3] DEBUG org.asynchttpclient.netty.channel.ChannelManager - Adding key: http://localhost:56721 for channel [id: 0x71ab5d82, L:/127.0.0.1:49870 - R:localhost/127.0.0.1:56721]
18:30:56.461 [main] DEBUG net.serenitybdd.core.photography.Darkroom - Send negative for processing for target\site\serenity\daea3216b4358ddfd6be292526c2759b348d3fbf3d925d5385ecefd767ef89a3.png
18:30:56.461 [main] DEBUG net.thucydides.core.steps.StepInterceptor - STARTING STEP: PatientDataSteps.clickButtonSimpan - clickButtonSave
18:30:56.461 [Darkroom Processing Line] DEBUG net.serenitybdd.core.photography.DarkroomProcessingLine - Processing screenshot image in /var/screenshots/screenshot-4727497787105970795
18:30:56.461 [Darkroom Processing Line] DEBUG net.serenitybdd.core.photography.DarkroomProcessingLine - Saving screenshot to target\site\serenity\daea3216b4358ddfd6be292526c2759b348d3fbf3d925d5385ecefd767ef89a3.png
18:30:56.465 [Forwarding findElement on session ed2fc7f0f4855d6b813b4d5ea1bbba5f to remote] DEBUG org.asynchttpclient.netty.request.NettyRequestSender - Using pooled Channel '[id: 0x71ab5d82, L:/127.0.0.1:49870 - R:localhost/127.0.0.1:56721]' for 'POST' to 'http://localhost:56721/session/ed2fc7f0f4855d6b813b4d5ea1bbba5f/element'
18:30:56.466 [Forwarding findElement on session ed2fc7f0f4855d6b813b4d5ea1bbba5f to remote] DEBUG org.asynchttpclient.netty.request.NettyRequestSender - Using open Channel [id: 0x71ab5d82, L:/127.0.0.1:49870 - R:localhost/127.0.0.1:56721] for POST '/session/ed2fc7f0f4855d6b813b4d5ea1bbba5f/element'
18:30:56.476 [AsyncHttpClient-1-3] DEBUG org.asynchttpclient.netty.handler.HttpHandler - 

Request DefaultHttpRequest(decodeResult: success, version: HTTP/1.1)
POST /session/ed2fc7f0f4855d6b813b4d5ea1bbba5f/element HTTP/1.1
User-Agent: selenium/4.1.4 (java windows)
Content-Length: 68
Content-Type: application/json; charset=utf-8
host: localhost:56721
accept: */*

Response DefaultHttpResponse(decodeResult: success, version: HTTP/1.1)
HTTP/1.1 200 OK
Content-Type: application/json; charset=utf-8
cache-control: no-cache
content-length: 88

18:30:56.476 [AsyncHttpClient-1-3] DEBUG org.asynchttpclient.netty.channel.ChannelManager - Adding key: http://localhost:56721 for channel [id: 0x71ab5d82, L:/127.0.0.1:49870 - R:localhost/127.0.0.1:56721]
18:30:56.476 [Forwarding getElementTagName on session ed2fc7f0f4855d6b813b4d5ea1bbba5f to remote] DEBUG org.asynchttpclient.netty.request.NettyRequestSender - Using pooled Channel '[id: 0x71ab5d82, L:/127.0.0.1:49870 - R:localhost/127.0.0.1:56721]' for 'GET' to 'http://localhost:56721/session/ed2fc7f0f4855d6b813b4d5ea1bbba5f/element/134b1843-2514-4d92-859b-6177400bcf5c/name'
18:30:56.476 [Forwarding getElementTagName on session ed2fc7f0f4855d6b813b4d5ea1bbba5f to remote] DEBUG org.asynchttpclient.netty.request.NettyRequestSender - Using open Channel [id: 0x71ab5d82, L:/127.0.0.1:49870 - R:localhost/127.0.0.1:56721] for GET '/session/ed2fc7f0f4855d6b813b4d5ea1bbba5f/element/134b1843-2514-4d92-859b-6177400bcf5c/name'
18:30:56.481 [AsyncHttpClient-1-3] DEBUG org.asynchttpclient.netty.handler.HttpHandler - 

Request DefaultFullHttpRequest(decodeResult: success, version: HTTP/1.1, content: EmptyByteBufBE)
GET /session/ed2fc7f0f4855d6b813b4d5ea1bbba5f/element/134b1843-2514-4d92-859b-6177400bcf5c/name HTTP/1.1
User-Agent: selenium/4.1.4 (java windows)
Cache-Control: no-cache
Content-Type: application/json; charset=utf-8
host: localhost:56721
accept: */*

Response DefaultHttpResponse(decodeResult: success, version: HTTP/1.1)
HTTP/1.1 200 OK
Content-Type: application/json; charset=utf-8
cache-control: no-cache
content-length: 18

18:30:56.482 [AsyncHttpClient-1-3] DEBUG org.asynchttpclient.netty.channel.ChannelManager - Adding key: http://localhost:56721 for channel [id: 0x71ab5d82, L:/127.0.0.1:49870 - R:localhost/127.0.0.1:56721]
18:30:56.482 [Forwarding getElementTagName on session ed2fc7f0f4855d6b813b4d5ea1bbba5f to remote] DEBUG org.asynchttpclient.netty.request.NettyRequestSender - Using pooled Channel '[id: 0x71ab5d82, L:/127.0.0.1:49870 - R:localhost/127.0.0.1:56721]' for 'GET' to 'http://localhost:56721/session/ed2fc7f0f4855d6b813b4d5ea1bbba5f/element/134b1843-2514-4d92-859b-6177400bcf5c/name'
18:30:56.482 [Forwarding getElementTagName on session ed2fc7f0f4855d6b813b4d5ea1bbba5f to remote] DEBUG org.asynchttpclient.netty.request.NettyRequestSender - Using open Channel [id: 0x71ab5d82, L:/127.0.0.1:49870 - R:localhost/127.0.0.1:56721] for GET '/session/ed2fc7f0f4855d6b813b4d5ea1bbba5f/element/134b1843-2514-4d92-859b-6177400bcf5c/name'
18:30:56.490 [AsyncHttpClient-1-3] DEBUG org.asynchttpclient.netty.handler.HttpHandler - 

Request DefaultFullHttpRequest(decodeResult: success, version: HTTP/1.1, content: EmptyByteBufBE)
GET /session/ed2fc7f0f4855d6b813b4d5ea1bbba5f/element/134b1843-2514-4d92-859b-6177400bcf5c/name HTTP/1.1
User-Agent: selenium/4.1.4 (java windows)
Cache-Control: no-cache
Content-Type: application/json; charset=utf-8
host: localhost:56721
accept: */*

Response DefaultHttpResponse(decodeResult: success, version: HTTP/1.1)
HTTP/1.1 200 OK
Content-Type: application/json; charset=utf-8
cache-control: no-cache
content-length: 18

18:30:56.490 [AsyncHttpClient-1-3] DEBUG org.asynchttpclient.netty.channel.ChannelManager - Adding key: http://localhost:56721 for channel [id: 0x71ab5d82, L:/127.0.0.1:49870 - R:localhost/127.0.0.1:56721]
18:30:56.492 [Forwarding isElementEnabled on session ed2fc7f0f4855d6b813b4d5ea1bbba5f to remote] DEBUG org.asynchttpclient.netty.request.NettyRequestSender - Using pooled Channel '[id: 0x71ab5d82, L:/127.0.0.1:49870 - R:localhost/127.0.0.1:56721]' for 'GET' to 'http://localhost:56721/session/ed2fc7f0f4855d6b813b4d5ea1bbba5f/element/134b1843-2514-4d92-859b-6177400bcf5c/enabled'
18:30:56.492 [Forwarding isElementEnabled on session ed2fc7f0f4855d6b813b4d5ea1bbba5f to remote] DEBUG org.asynchttpclient.netty.request.NettyRequestSender - Using open Channel [id: 0x71ab5d82, L:/127.0.0.1:49870 - R:localhost/127.0.0.1:56721] for GET '/session/ed2fc7f0f4855d6b813b4d5ea1bbba5f/element/134b1843-2514-4d92-859b-6177400bcf5c/enabled'
18:30:56.503 [AsyncHttpClient-1-3] DEBUG org.asynchttpclient.netty.handler.HttpHandler - 

Request DefaultFullHttpRequest(decodeResult: success, version: HTTP/1.1, content: EmptyByteBufBE)
GET /session/ed2fc7f0f4855d6b813b4d5ea1bbba5f/element/134b1843-2514-4d92-859b-6177400bcf5c/enabled HTTP/1.1
User-Agent: selenium/4.1.4 (java windows)
Cache-Control: no-cache
Content-Type: application/json; charset=utf-8
host: localhost:56721
accept: */*

Response DefaultHttpResponse(decodeResult: success, version: HTTP/1.1)
HTTP/1.1 200 OK
Content-Type: application/json; charset=utf-8
cache-control: no-cache
content-length: 14

18:30:56.504 [AsyncHttpClient-1-3] DEBUG org.asynchttpclient.netty.channel.ChannelManager - Adding key: http://localhost:56721 for channel [id: 0x71ab5d82, L:/127.0.0.1:49870 - R:localhost/127.0.0.1:56721]
18:30:56.506 [Forwarding isElementEnabled on session ed2fc7f0f4855d6b813b4d5ea1bbba5f to remote] DEBUG org.asynchttpclient.netty.request.NettyRequestSender - Using pooled Channel '[id: 0x71ab5d82, L:/127.0.0.1:49870 - R:localhost/127.0.0.1:56721]' for 'GET' to 'http://localhost:56721/session/ed2fc7f0f4855d6b813b4d5ea1bbba5f/element/134b1843-2514-4d92-859b-6177400bcf5c/enabled'
18:30:56.506 [Forwarding isElementEnabled on session ed2fc7f0f4855d6b813b4d5ea1bbba5f to remote] DEBUG org.asynchttpclient.netty.request.NettyRequestSender - Using open Channel [id: 0x71ab5d82, L:/127.0.0.1:49870 - R:localhost/127.0.0.1:56721] for GET '/session/ed2fc7f0f4855d6b813b4d5ea1bbba5f/element/134b1843-2514-4d92-859b-6177400bcf5c/enabled'
18:30:56.510 [AsyncHttpClient-1-3] DEBUG org.asynchttpclient.netty.handler.HttpHandler - 

Request DefaultFullHttpRequest(decodeResult: success, version: HTTP/1.1, content: EmptyByteBufBE)
GET /session/ed2fc7f0f4855d6b813b4d5ea1bbba5f/element/134b1843-2514-4d92-859b-6177400bcf5c/enabled HTTP/1.1
User-Agent: selenium/4.1.4 (java windows)
Cache-Control: no-cache
Content-Type: application/json; charset=utf-8
host: localhost:56721
accept: */*

Response DefaultHttpResponse(decodeResult: success, version: HTTP/1.1)
HTTP/1.1 200 OK
Content-Type: application/json; charset=utf-8
cache-control: no-cache
content-length: 14

18:30:56.510 [AsyncHttpClient-1-3] DEBUG org.asynchttpclient.netty.channel.ChannelManager - Adding key: http://localhost:56721 for channel [id: 0x71ab5d82, L:/127.0.0.1:49870 - R:localhost/127.0.0.1:56721]
18:30:56.511 [Forwarding findElement on session ed2fc7f0f4855d6b813b4d5ea1bbba5f to remote] DEBUG org.asynchttpclient.netty.request.NettyRequestSender - Using pooled Channel '[id: 0x71ab5d82, L:/127.0.0.1:49870 - R:localhost/127.0.0.1:56721]' for 'POST' to 'http://localhost:56721/session/ed2fc7f0f4855d6b813b4d5ea1bbba5f/element'
18:30:56.511 [Forwarding findElement on session ed2fc7f0f4855d6b813b4d5ea1bbba5f to remote] DEBUG org.asynchttpclient.netty.request.NettyRequestSender - Using open Channel [id: 0x71ab5d82, L:/127.0.0.1:49870 - R:localhost/127.0.0.1:56721] for POST '/session/ed2fc7f0f4855d6b813b4d5ea1bbba5f/element'
18:30:56.517 [AsyncHttpClient-1-3] DEBUG org.asynchttpclient.netty.handler.HttpHandler - 

Request DefaultHttpRequest(decodeResult: success, version: HTTP/1.1)
POST /session/ed2fc7f0f4855d6b813b4d5ea1bbba5f/element HTTP/1.1
User-Agent: selenium/4.1.4 (java windows)
Content-Length: 68
Content-Type: application/json; charset=utf-8
host: localhost:56721
accept: */*

Response DefaultHttpResponse(decodeResult: success, version: HTTP/1.1)
HTTP/1.1 200 OK
Content-Type: application/json; charset=utf-8
cache-control: no-cache
content-length: 88

18:30:56.517 [AsyncHttpClient-1-3] DEBUG org.asynchttpclient.netty.channel.ChannelManager - Adding key: http://localhost:56721 for channel [id: 0x71ab5d82, L:/127.0.0.1:49870 - R:localhost/127.0.0.1:56721]
18:30:56.518 [Forwarding clickElement on session ed2fc7f0f4855d6b813b4d5ea1bbba5f to remote] DEBUG org.asynchttpclient.netty.request.NettyRequestSender - Using pooled Channel '[id: 0x71ab5d82, L:/127.0.0.1:49870 - R:localhost/127.0.0.1:56721]' for 'POST' to 'http://localhost:56721/session/ed2fc7f0f4855d6b813b4d5ea1bbba5f/element/134b1843-2514-4d92-859b-6177400bcf5c/click'
18:30:56.518 [Forwarding clickElement on session ed2fc7f0f4855d6b813b4d5ea1bbba5f to remote] DEBUG org.asynchttpclient.netty.request.NettyRequestSender - Using open Channel [id: 0x71ab5d82, L:/127.0.0.1:49870 - R:localhost/127.0.0.1:56721] for POST '/session/ed2fc7f0f4855d6b813b4d5ea1bbba5f/element/134b1843-2514-4d92-859b-6177400bcf5c/click'
18:30:56.572 [AsyncHttpClient-1-3] DEBUG org.asynchttpclient.netty.handler.HttpHandler - 

Request DefaultHttpRequest(decodeResult: success, version: HTTP/1.1)
POST /session/ed2fc7f0f4855d6b813b4d5ea1bbba5f/element/134b1843-2514-4d92-859b-6177400bcf5c/click HTTP/1.1
User-Agent: selenium/4.1.4 (java windows)
Content-Length: 50
Content-Type: application/json; charset=utf-8
host: localhost:56721
accept: */*

Response DefaultHttpResponse(decodeResult: success, version: HTTP/1.1)
HTTP/1.1 200 OK
Content-Type: application/json; charset=utf-8
cache-control: no-cache
content-length: 14

18:30:56.572 [AsyncHttpClient-1-3] DEBUG org.asynchttpclient.netty.channel.ChannelManager - Adding key: http://localhost:56721 for channel [id: 0x71ab5d82, L:/127.0.0.1:49870 - R:localhost/127.0.0.1:56721]
18:30:56.579 [Forwarding screenshot on session ed2fc7f0f4855d6b813b4d5ea1bbba5f to remote] DEBUG org.asynchttpclient.netty.request.NettyRequestSender - Using pooled Channel '[id: 0x71ab5d82, L:/127.0.0.1:49870 - R:localhost/127.0.0.1:56721]' for 'GET' to 'http://localhost:56721/session/ed2fc7f0f4855d6b813b4d5ea1bbba5f/screenshot'
18:30:56.579 [Forwarding screenshot on session ed2fc7f0f4855d6b813b4d5ea1bbba5f to remote] DEBUG org.asynchttpclient.netty.request.NettyRequestSender - Using open Channel [id: 0x71ab5d82, L:/127.0.0.1:49870 - R:localhost/127.0.0.1:56721] for GET '/session/ed2fc7f0f4855d6b813b4d5ea1bbba5f/screenshot'
18:30:57.087 [AsyncHttpClient-1-3] DEBUG org.asynchttpclient.netty.handler.HttpHandler - 

Request DefaultFullHttpRequest(decodeResult: success, version: HTTP/1.1, content: EmptyByteBufBE)
GET /session/ed2fc7f0f4855d6b813b4d5ea1bbba5f/screenshot HTTP/1.1
User-Agent: selenium/4.1.4 (java windows)
Cache-Control: no-cache
Content-Type: application/json; charset=utf-8
host: localhost:56721
accept: */*

Response DefaultHttpResponse(decodeResult: success, version: HTTP/1.1)
HTTP/1.1 200 OK
Content-Type: application/json; charset=utf-8
cache-control: no-cache
content-length: 52616

18:30:57.087 [AsyncHttpClient-1-3] DEBUG org.asynchttpclient.netty.channel.ChannelManager - Adding key: http://localhost:56721 for channel [id: 0x71ab5d82, L:/127.0.0.1:49870 - R:localhost/127.0.0.1:56721]
18:30:57.089 [main] DEBUG net.serenitybdd.core.photography.Darkroom - Send negative for processing for target\site\serenity\1244c5a1b742a854dd6410ec2853c635b220e257ca357efc470ba38702c482b4.png
18:30:57.089 [main] DEBUG net.thucydides.core.steps.StepInterceptor - STEP DONE: clickButtonSave
18:30:57.089 [Darkroom Processing Line] DEBUG net.serenitybdd.core.photography.DarkroomProcessingLine - Processing screenshot image in /var/screenshots/screenshot-2284052958240913206
18:30:57.089 [Darkroom Processing Line] DEBUG net.serenitybdd.core.photography.DarkroomProcessingLine - Saving screenshot to target\site\serenity\1244c5a1b742a854dd6410ec2853c635b220e257ca357efc470ba38702c482b4.png
18:30:57.435 [AsyncHttpClient-1-1] DEBUG org.asynchttpclient.netty.channel.DefaultChannelPool - Entry count for : http://localhost:56721 : 1
18:30:57.435 [AsyncHttpClient-1-1] DEBUG org.asynchttpclient.netty.channel.DefaultChannelPool - Entry count for : http://localhost:49871 : 1
  &amp#27;[32mThen &amp#27;[0m&amp#27;[32mClick button simpan&amp#27;[0m                                                      &amp#27;[90m# starter.stepdefinitios.PatientDataSteps.clickButtonSimpan()&amp#27;[0m
18:30:58.101 [Forwarding screenshot on session ed2fc7f0f4855d6b813b4d5ea1bbba5f to remote] DEBUG org.asynchttpclient.netty.request.NettyRequestSender - Using pooled Channel '[id: 0x71ab5d82, L:/127.0.0.1:49870 - R:localhost/127.0.0.1:56721]' for 'GET' to 'http://localhost:56721/session/ed2fc7f0f4855d6b813b4d5ea1bbba5f/screenshot'
18:30:58.101 [Forwarding screenshot on session ed2fc7f0f4855d6b813b4d5ea1bbba5f to remote] DEBUG org.asynchttpclient.netty.request.NettyRequestSender - Using open Channel [id: 0x71ab5d82, L:/127.0.0.1:49870 - R:localhost/127.0.0.1:56721] for GET '/session/ed2fc7f0f4855d6b813b4d5ea1bbba5f/screenshot'
18:30:58.317 [AsyncHttpClient-1-3] DEBUG org.asynchttpclient.netty.handler.HttpHandler - 

Request DefaultFullHttpRequest(decodeResult: success, version: HTTP/1.1, content: EmptyByteBufBE)
GET /session/ed2fc7f0f4855d6b813b4d5ea1bbba5f/screenshot HTTP/1.1
User-Agent: selenium/4.1.4 (java windows)
Cache-Control: no-cache
Content-Type: application/json; charset=utf-8
host: localhost:56721
accept: */*

Response DefaultHttpResponse(decodeResult: success, version: HTTP/1.1)
HTTP/1.1 200 OK
Content-Type: application/json; charset=utf-8
cache-control: no-cache
content-length: 68108

18:30:58.317 [AsyncHttpClient-1-3] DEBUG org.asynchttpclient.netty.channel.ChannelManager - Adding key: http://localhost:56721 for channel [id: 0x71ab5d82, L:/127.0.0.1:49870 - R:localhost/127.0.0.1:56721]
18:30:58.318 [main] DEBUG net.serenitybdd.core.photography.Darkroom - Send negative for processing for target\site\serenity\3d95777e512ebdc8ecf9d943be5e96c79e08b6ea74796d2761226421f90c594d.png
18:30:58.318 [Darkroom Processing Line] DEBUG net.serenitybdd.core.photography.DarkroomProcessingLine - Processing screenshot image in /var/screenshots/screenshot-13497798750594411737
18:30:58.318 [Darkroom Processing Line] DEBUG net.serenitybdd.core.photography.DarkroomProcessingLine - Saving screenshot to target\site\serenity\3d95777e512ebdc8ecf9d943be5e96c79e08b6ea74796d2761226421f90c594d.png
18:30:58.540 [AsyncHttpClient-1-1] DEBUG org.asynchttpclient.netty.channel.DefaultChannelPool - Entry count for : http://localhost:56721 : 1
18:30:58.540 [AsyncHttpClient-1-1] DEBUG org.asynchttpclient.netty.channel.DefaultChannelPool - Entry count for : http://localhost:49871 : 1
18:30:59.342 [Forwarding screenshot on session ed2fc7f0f4855d6b813b4d5ea1bbba5f to remote] DEBUG org.asynchttpclient.netty.request.NettyRequestSender - Using pooled Channel '[id: 0x71ab5d82, L:/127.0.0.1:49870 - R:localhost/127.0.0.1:56721]' for 'GET' to 'http://localhost:56721/session/ed2fc7f0f4855d6b813b4d5ea1bbba5f/screenshot'
18:30:59.342 [Forwarding screenshot on session ed2fc7f0f4855d6b813b4d5ea1bbba5f to remote] DEBUG org.asynchttpclient.netty.request.NettyRequestSender - Using open Channel [id: 0x71ab5d82, L:/127.0.0.1:49870 - R:localhost/127.0.0.1:56721] for GET '/session/ed2fc7f0f4855d6b813b4d5ea1bbba5f/screenshot'
18:30:59.518 [AsyncHttpClient-1-3] DEBUG org.asynchttpclient.netty.handler.HttpHandler - 

Request DefaultFullHttpRequest(decodeResult: success, version: HTTP/1.1, content: EmptyByteBufBE)
GET /session/ed2fc7f0f4855d6b813b4d5ea1bbba5f/screenshot HTTP/1.1
User-Agent: selenium/4.1.4 (java windows)
Cache-Control: no-cache
Content-Type: application/json; charset=utf-8
host: localhost:56721
accept: */*

Response DefaultHttpResponse(decodeResult: success, version: HTTP/1.1)
HTTP/1.1 200 OK
Content-Type: application/json; charset=utf-8
cache-control: no-cache
content-length: 79312

18:30:59.518 [AsyncHttpClient-1-3] DEBUG org.asynchttpclient.netty.channel.ChannelManager - Adding key: http://localhost:56721 for channel [id: 0x71ab5d82, L:/127.0.0.1:49870 - R:localhost/127.0.0.1:56721]
18:30:59.521 [main] DEBUG net.serenitybdd.core.photography.Darkroom - Send negative for processing for target\site\serenity\03438af023f53d2e588c5a80e0be04bae64803ceb569b2500b13403b3038fd40.png
18:30:59.522 [main] DEBUG net.thucydides.core.steps.StepInterceptor - STARTING STEP: PatientDataSteps.validateAddErrorMessengerPasien - validateTextMessegerDokter
18:30:59.522 [Darkroom Processing Line] DEBUG net.serenitybdd.core.photography.DarkroomProcessingLine - Processing screenshot image in /var/screenshots/screenshot-12831327519716502332
18:30:59.522 [Darkroom Processing Line] DEBUG net.serenitybdd.core.photography.DarkroomProcessingLine - Saving screenshot to target\site\serenity\03438af023f53d2e588c5a80e0be04bae64803ceb569b2500b13403b3038fd40.png
18:30:59.525 [Forwarding findElement on session ed2fc7f0f4855d6b813b4d5ea1bbba5f to remote] DEBUG org.asynchttpclient.netty.request.NettyRequestSender - Using pooled Channel '[id: 0x71ab5d82, L:/127.0.0.1:49870 - R:localhost/127.0.0.1:56721]' for 'POST' to 'http://localhost:56721/session/ed2fc7f0f4855d6b813b4d5ea1bbba5f/element'
18:30:59.525 [Forwarding findElement on session ed2fc7f0f4855d6b813b4d5ea1bbba5f to remote] DEBUG org.asynchttpclient.netty.request.NettyRequestSender - Using open Channel [id: 0x71ab5d82, L:/127.0.0.1:49870 - R:localhost/127.0.0.1:56721] for POST '/session/ed2fc7f0f4855d6b813b4d5ea1bbba5f/element'
18:30:59.546 [AsyncHttpClient-1-3] DEBUG org.asynchttpclient.netty.handler.HttpHandler - 

Request DefaultHttpRequest(decodeResult: success, version: HTTP/1.1)
POST /session/ed2fc7f0f4855d6b813b4d5ea1bbba5f/element HTTP/1.1
User-Agent: selenium/4.1.4 (java windows)
Content-Length: 143
Content-Type: application/json; charset=utf-8
host: localhost:56721
accept: */*

Response DefaultHttpResponse(decodeResult: success, version: HTTP/1.1)
HTTP/1.1 200 OK
Content-Type: application/json; charset=utf-8
cache-control: no-cache
content-length: 88

18:30:59.546 [AsyncHttpClient-1-3] DEBUG org.asynchttpclient.netty.channel.ChannelManager - Adding key: http://localhost:56721 for channel [id: 0x71ab5d82, L:/127.0.0.1:49870 - R:localhost/127.0.0.1:56721]
18:30:59.547 [Forwarding getElementText on session ed2fc7f0f4855d6b813b4d5ea1bbba5f to remote] DEBUG org.asynchttpclient.netty.request.NettyRequestSender - Using pooled Channel '[id: 0x71ab5d82, L:/127.0.0.1:49870 - R:localhost/127.0.0.1:56721]' for 'GET' to 'http://localhost:56721/session/ed2fc7f0f4855d6b813b4d5ea1bbba5f/element/8f4b767f-51e9-43a0-b538-248bc005d821/text'
18:30:59.547 [Forwarding getElementText on session ed2fc7f0f4855d6b813b4d5ea1bbba5f to remote] DEBUG org.asynchttpclient.netty.request.NettyRequestSender - Using open Channel [id: 0x71ab5d82, L:/127.0.0.1:49870 - R:localhost/127.0.0.1:56721] for GET '/session/ed2fc7f0f4855d6b813b4d5ea1bbba5f/element/8f4b767f-51e9-43a0-b538-248bc005d821/text'
18:30:59.601 [AsyncHttpClient-1-3] DEBUG org.asynchttpclient.netty.handler.HttpHandler - 

Request DefaultFullHttpRequest(decodeResult: success, version: HTTP/1.1, content: EmptyByteBufBE)
GET /session/ed2fc7f0f4855d6b813b4d5ea1bbba5f/element/8f4b767f-51e9-43a0-b538-248bc005d821/text HTTP/1.1
User-Agent: selenium/4.1.4 (java windows)
Cache-Control: no-cache
Content-Type: application/json; charset=utf-8
host: localhost:56721
accept: */*

Response DefaultHttpResponse(decodeResult: success, version: HTTP/1.1)
HTTP/1.1 200 OK
Content-Type: application/json; charset=utf-8
cache-control: no-cache
content-length: 142

18:30:59.601 [AsyncHttpClient-1-3] DEBUG org.asynchttpclient.netty.channel.ChannelManager - Adding key: http://localhost:56721 for channel [id: 0x71ab5d82, L:/127.0.0.1:49870 - R:localhost/127.0.0.1:56721]
18:30:59.602 [Forwarding screenshot on session ed2fc7f0f4855d6b813b4d5ea1bbba5f to remote] DEBUG org.asynchttpclient.netty.request.NettyRequestSender - Using pooled Channel '[id: 0x71ab5d82, L:/127.0.0.1:49870 - R:localhost/127.0.0.1:56721]' for 'GET' to 'http://localhost:56721/session/ed2fc7f0f4855d6b813b4d5ea1bbba5f/screenshot'
18:30:59.602 [Forwarding screenshot on session ed2fc7f0f4855d6b813b4d5ea1bbba5f to remote] DEBUG org.asynchttpclient.netty.request.NettyRequestSender - Using open Channel [id: 0x71ab5d82, L:/127.0.0.1:49870 - R:localhost/127.0.0.1:56721] for GET '/session/ed2fc7f0f4855d6b813b4d5ea1bbba5f/screenshot'
18:30:59.648 [AsyncHttpClient-1-1] DEBUG org.asynchttpclient.netty.channel.DefaultChannelPool - Entry count for : http://localhost:49871 : 1
18:30:59.731 [AsyncHttpClient-1-3] DEBUG org.asynchttpclient.netty.handler.HttpHandler - 

Request DefaultFullHttpRequest(decodeResult: success, version: HTTP/1.1, content: EmptyByteBufBE)
GET /session/ed2fc7f0f4855d6b813b4d5ea1bbba5f/screenshot HTTP/1.1
User-Agent: selenium/4.1.4 (java windows)
Cache-Control: no-cache
Content-Type: application/json; charset=utf-8
host: localhost:56721
accept: */*

Response DefaultHttpResponse(decodeResult: success, version: HTTP/1.1)
HTTP/1.1 200 OK
Content-Type: application/json; charset=utf-8
cache-control: no-cache
content-length: 79312

18:30:59.731 [AsyncHttpClient-1-3] DEBUG org.asynchttpclient.netty.channel.ChannelManager - Adding key: http://localhost:56721 for channel [id: 0x71ab5d82, L:/127.0.0.1:49870 - R:localhost/127.0.0.1:56721]
18:30:59.735 [main] DEBUG net.serenitybdd.core.photography.Darkroom - Send negative for processing for target\site\serenity\03438af023f53d2e588c5a80e0be04bae64803ceb569b2500b13403b3038fd40.png
18:30:59.735 [main] DEBUG net.thucydides.core.steps.StepInterceptor - STEP DONE: validateTextMessegerDokter
  &amp#27;[32mAnd &amp#27;[0m&amp#27;[32mValidate add error messenger &amp#27;[0m&amp#27;[32m&amp#27;[1m"nama pasien perlu dibutuhkan"&amp#27;[0m&amp#27;[32m Pasien&amp#27;[0m        &amp#27;[90m# starter.stepdefinitios.PatientDataSteps.validateAddErrorMessengerPasien(java.lang.String)&amp#27;[0m
18:30:59.748 [AsyncHttpClient-1-5] DEBUG org.asynchttpclient.netty.handler.WebSocketHandler - Channel Closed: [id: 0xba2c6bc3, L:/127.0.0.1:49878 ! R:localhost/127.0.0.1:49871] with attribute NettyResponseFuture{currentRetry=5,
	isDone=1,
	isCancelled=0,
	asyncHandler=org.asynchttpclient.ws.WebSocketUpgradeHandler@66115ee,
	nettyRequest=org.asynchttpclient.netty.request.NettyRequest@2e33c913,
	future=java.util.concurrent.CompletableFuture@2795c50b[Completed normally],
	uri=ws://localhost:49871/devtools/browser/172f46c2-6437-4f4e-9446-629e63c3683a,
	keepAlive=true,
	redirectCount=0,
	timeoutsHolder=null,
	inAuth=0,
	touch=1658057430370}
18:30:59.748 [AsyncHttpClient-1-5] DEBUG org.asynchttpclient.netty.channel.ChannelManager - Closing Channel [id: 0xba2c6bc3, L:/127.0.0.1:49878 ! R:localhost/127.0.0.1:49871] 
18:30:59.748 [Driver Command Executor] DEBUG org.asynchttpclient.netty.request.NettyRequestSender - Using pooled Channel '[id: 0x71ab5d82, L:/127.0.0.1:49870 - R:localhost/127.0.0.1:56721]' for 'DELETE' to 'http://localhost:56721/session/ed2fc7f0f4855d6b813b4d5ea1bbba5f'
18:30:59.748 [Driver Command Executor] DEBUG org.asynchttpclient.netty.request.NettyRequestSender - Using open Channel [id: 0x71ab5d82, L:/127.0.0.1:49870 - R:localhost/127.0.0.1:56721] for DELETE '/session/ed2fc7f0f4855d6b813b4d5ea1bbba5f'
18:30:59.831 [AsyncHttpClient-1-4] DEBUG org.asynchttpclient.netty.handler.HttpHandler - Unexpected I/O exception on channel [id: 0x491f07ae, L:/127.0.0.1:49877 - R:localhost/127.0.0.1:49871]
java.io.IOException: An existing connection was forcibly closed by the remote host
	at java.base/sun.nio.ch.SocketDispatcher.read0(Native Method)
	at java.base/sun.nio.ch.SocketDispatcher.read(SocketDispatcher.java:43)
	at java.base/sun.nio.ch.IOUtil.readIntoNativeBuffer(IOUtil.java:276)
	at java.base/sun.nio.ch.IOUtil.read(IOUtil.java:233)
	at java.base/sun.nio.ch.IOUtil.read(IOUtil.java:223)
	at java.base/sun.nio.ch.SocketChannelImpl.read(SocketChannelImpl.java:356)
	at io.netty.buffer.PooledByteBuf.setBytes(PooledByteBuf.java:258)
	at io.netty.buffer.AbstractByteBuf.writeBytes(AbstractByteBuf.java:1132)
	at io.netty.channel.socket.nio.NioSocketChannel.doReadBytes(NioSocketChannel.java:357)
	at io.netty.channel.nio.AbstractNioByteChannel$NioByteUnsafe.read(AbstractNioByteChannel.java:151)
	at io.netty.channel.nio.NioEventLoop.processSelectedKey(NioEventLoop.java:722)
	at io.netty.channel.nio.NioEventLoop.processSelectedKeysOptimized(NioEventLoop.java:658)
	at io.netty.channel.nio.NioEventLoop.processSelectedKeys(NioEventLoop.java:584)
	at io.netty.channel.nio.NioEventLoop.run(NioEventLoop.java:496)
	at io.netty.util.concurrent.SingleThreadEventExecutor$4.run(SingleThreadEventExecutor.java:986)
	at io.netty.util.internal.ThreadExecutorMap$2.run(ThreadExecutorMap.java:74)
	at io.netty.util.concurrent.FastThreadLocalRunnable.run(FastThreadLocalRunnable.java:30)
	at java.base/java.lang.Thread.run(Thread.java:829)
18:30:59.831 [AsyncHttpClient-1-4] DEBUG org.asynchttpclient.netty.channel.ChannelManager - Closing Channel [id: 0x491f07ae, L:/127.0.0.1:49877 - R:localhost/127.0.0.1:49871] 
18:30:59.831 [AsyncHttpClient-1-4] DEBUG org.asynchttpclient.netty.handler.HttpHandler - Channel Closed: [id: 0x491f07ae, L:/127.0.0.1:49877 ! R:localhost/127.0.0.1:49871] with attribute DISCARD
18:30:59.901 [AsyncHttpClient-1-3] DEBUG org.asynchttpclient.netty.handler.HttpHandler - 

Request DefaultFullHttpRequest(decodeResult: success, version: HTTP/1.1, content: EmptyByteBufBE)
DELETE /session/ed2fc7f0f4855d6b813b4d5ea1bbba5f HTTP/1.1
User-Agent: selenium/4.1.4 (java windows)
Content-Type: application/json; charset=utf-8
host: localhost:56721
accept: */*

Response DefaultHttpResponse(decodeResult: success, version: HTTP/1.1)
HTTP/1.1 200 OK
Content-Type: application/json; charset=utf-8
cache-control: no-cache
content-length: 14

18:30:59.901 [AsyncHttpClient-1-3] DEBUG org.asynchttpclient.netty.channel.ChannelManager - Adding key: http://localhost:56721 for channel [id: 0x71ab5d82, L:/127.0.0.1:49870 - R:localhost/127.0.0.1:56721]
18:30:59.964 [AsyncHttpClient-1-3] DEBUG org.asynchttpclient.netty.handler.HttpHandler - Channel Closed: [id: 0x71ab5d82, L:/127.0.0.1:49870 ! R:localhost/127.0.0.1:56721] with attribute DISCARD
18:30:59.995 [main] INFO  - 
  _____   ___   ___   _____     ___     _     ___   ___   ___   ___  
 |_   _| | __| / __| |_   _|   | _ \   /_\   / __| / __| | __| |   \ 
   | |   | _|  \__ \   | |     |  _/  / _ \  \__ \ \__ \ | _|  | |) |
   |_|   |___| |___/   |_|     |_|   /_/ \_\ |___/ |___/ |___| |___/ 

As a admin i want to add data pasien (JK Laki-Laki) - Invlid
----------------------------------------------------------------------
]]></system-out>
    <system-err><![CDATA[Starting ChromeDriver 103.0.5060.53 (a1711811edd74ff1cf2150f36ffa3b0dae40b17f-refs/branch-heads/5060@{#853}) on port 56721
Only local connections are allowed.
Please see https://chromedriver.chromium.org/security-considerations for suggestions on keeping ChromeDriver safe.
ChromeDriver was started successfully.
Jul 17, 2022 6:30:30 PM org.openqa.selenium.remote.ProtocolHandshake createSession
INFO: Detected dialect: W3C
Jul 17, 2022 6:30:30 PM org.openqa.selenium.devtools.CdpVersionFinder findNearestMatch
WARNING: Unable to find an exact match for CDP version 103, so returning the closest version found: 101
Jul 17, 2022 6:30:30 PM org.openqa.selenium.devtools.CdpVersionFinder findNearestMatch
INFO: Found CDP implementation for version 103 of 101
]]></system-err>
  </testcase>
  <testcase name="As a admin i want to add data pasien (JK Laki-Laki) - Invlid #2" classname="Data Pasien - Admin" time="32.131">
    <system-out><![CDATA[
@DataPasien111 @AddPatientDataInvalid
Scenario Outline: As a admin i want to add data pasien (JK Laki-Laki) - Invlid &amp#27;[90m# src/test/resources/features/4DataPasien.feature:121&amp#27;[0m
18:31:00.043 [main] INFO io.cucumber.core.plugin.SerenityReporter - Running feature from file:///C:/Alterra/CapstoneBaru/QE/TestingWebUpdate/src/test/resources/features/4DataPasien.feature
18:31:00.145 [main] DEBUG net.thucydides.core.steps.StepInterceptor - STARTING STEP: LoginSteps.openLoginPage - openLogin
18:31:00.146 [main] INFO net.serenitybdd.core.webdriver.driverproviders.ChromeDriverProvider - Using automatically driver download
18:31:00.386 [main] DEBUG io.github.bonigarcia.wdm.cache.ResolutionCache - Resolution chrome=103 in cache (valid until 18:54:33 17/07/2022 ICT)
18:31:00.389 [main] DEBUG io.github.bonigarcia.wdm.cache.ResolutionCache - Resolution chrome103=103.0.5060.53 in cache (valid until 17:54:33 18/07/2022 ICT)
18:31:00.390 [main] INFO io.github.bonigarcia.wdm.WebDriverManager - Using chromedriver 103.0.5060.53 (resolved driver for Chrome 103)
18:31:00.398 [main] DEBUG io.github.bonigarcia.wdm.WebDriverManager - Driver chromedriver 103.0.5060.53 found in cache
18:31:00.399 [main] INFO io.github.bonigarcia.wdm.WebDriverManager - Exporting webdriver.chrome.driver as C:\Users\Bagas Dwi Saputra\.cache\selenium\chromedriver\win32\103.0.5060.53\chromedriver.exe
18:31:00.543 [main] DEBUG net.serenitybdd.core.webdriver.driverproviders.ProvideNewDriver - Instantiating driver
18:31:00.544 [main] DEBUG net.serenitybdd.core.webdriver.driverproviders.ProvideNewDriver - Driver capabilities: Capabilities {acceptInsecureCerts: false, base.url: https://fanciful-trifle-360..., browserName: chrome, chorme.driver: src/test/resources/webdrive..., driver: chrome, goog:chromeOptions: {args: [], extensions: []}}
18:31:00.762 [AsyncHttpClient-1-1] DEBUG org.asynchttpclient.netty.channel.DefaultChannelPool - Entry count for : http://localhost:56721 : 1
18:31:00.762 [AsyncHttpClient-1-1] DEBUG org.asynchttpclient.netty.channel.DefaultChannelPool - Entry count for : http://localhost:49871 : 1
18:31:00.762 [AsyncHttpClient-1-1] DEBUG org.asynchttpclient.netty.channel.DefaultChannelPool - Adding Candidate expired Channel [id: 0x71ab5d82, L:/127.0.0.1:49870 ! R:localhost/127.0.0.1:56721] isIdleTimeoutExpired=false isRemotelyClosed=true isTtlExpired=false
18:31:00.762 [AsyncHttpClient-1-1] DEBUG org.asynchttpclient.netty.channel.DefaultChannelPool - Closing Idle Channel [id: 0x71ab5d82, L:/127.0.0.1:49870 ! R:localhost/127.0.0.1:56721]
18:31:00.762 [AsyncHttpClient-1-1] DEBUG org.asynchttpclient.netty.channel.DefaultChannelPool - Adding Candidate expired Channel [id: 0x491f07ae, L:/127.0.0.1:49877 ! R:localhost/127.0.0.1:49871] isIdleTimeoutExpired=false isRemotelyClosed=true isTtlExpired=false
18:31:00.762 [AsyncHttpClient-1-1] DEBUG org.asynchttpclient.netty.channel.DefaultChannelPool - Closing Idle Channel [id: 0x491f07ae, L:/127.0.0.1:49877 ! R:localhost/127.0.0.1:49871]
18:31:00.762 [AsyncHttpClient-1-1] DEBUG org.asynchttpclient.netty.channel.DefaultChannelPool - Closed 2 connections out of 2 in 0 ms
18:31:00.859 [AsyncHttpClient-1-6] DEBUG org.asynchttpclient.netty.channel.NettyConnectListener - Using new Channel '[id: 0x8e7fe59d, L:/127.0.0.1:49896 - R:localhost/127.0.0.1:62554]' for 'POST' to '/session'
18:31:01.961 [AsyncHttpClient-1-6] DEBUG org.asynchttpclient.netty.handler.HttpHandler - 

Request DefaultHttpRequest(decodeResult: success, version: HTTP/1.1)
POST /session HTTP/1.1
User-Agent: selenium/4.1.4 (java windows)
Content-Length: 629
Content-Type: application/json; charset=utf-8
host: localhost:62554
accept: */*

Response DefaultHttpResponse(decodeResult: success, version: HTTP/1.1)
HTTP/1.1 200 OK
Content-Type: application/json; charset=utf-8
cache-control: no-cache
content-length: 794

18:31:01.961 [AsyncHttpClient-1-6] DEBUG org.asynchttpclient.netty.channel.ChannelManager - Adding key: http://localhost:62554 for channel [id: 0x8e7fe59d, L:/127.0.0.1:49896 - R:localhost/127.0.0.1:62554]
18:31:01.966 [AsyncHttpClient-1-7] DEBUG org.asynchttpclient.netty.channel.NettyConnectListener - Using new Channel '[id: 0xa1c81388, L:/127.0.0.1:49903 - R:localhost/127.0.0.1:49897]' for 'GET' to '/json/version'
18:31:01.967 [AsyncHttpClient-1-7] DEBUG org.asynchttpclient.netty.handler.HttpHandler - 

Request DefaultFullHttpRequest(decodeResult: success, version: HTTP/1.1, content: EmptyByteBufBE)
GET /json/version HTTP/1.1
User-Agent: selenium/4.1.4 (java windows)
host: localhost:49897
accept: */*

Response DefaultHttpResponse(decodeResult: success, version: HTTP/1.1)
HTTP/1.1 200 OK
Content-Type: application/json; charset=UTF-8
content-length: 429

18:31:01.967 [AsyncHttpClient-1-7] DEBUG org.asynchttpclient.netty.channel.ChannelManager - Adding key: http://localhost:49897 for channel [id: 0xa1c81388, L:/127.0.0.1:49903 - R:localhost/127.0.0.1:49897]
18:31:01.968 [AsyncHttpClient-1-8] DEBUG org.asynchttpclient.netty.channel.NettyConnectListener - Using new Channel '[id: 0x322b2763, L:/127.0.0.1:49904 - R:localhost/127.0.0.1:49897]' for 'GET' to '/devtools/browser/ecb9348c-3c59-411e-94f4-9c40a274b2de'
18:31:01.969 [AsyncHttpClient-1-8] DEBUG org.asynchttpclient.netty.handler.WebSocketHandler - 

Request DefaultFullHttpRequest(decodeResult: success, version: HTTP/1.1, content: EmptyByteBufBE)
GET /devtools/browser/ecb9348c-3c59-411e-94f4-9c40a274b2de HTTP/1.1
upgrade: websocket
connection: upgrade
sec-websocket-key: ID7DhGRzjOzTmFKVk2Vuog==
sec-websocket-version: 13
origin: http://localhost:49897
host: localhost:49897
accept: */*
user-agent: AHC/2.1

Response DefaultHttpResponse(decodeResult: success, version: HTTP/1.1)
HTTP/1.1 101 WebSocket Protocol Handshake
Upgrade: WebSocket
Connection: Upgrade
Sec-WebSocket-Accept: fqQKbfdvqovc8gr0G2xcFxNcIHQ=

18:31:01.972 [Forwarding get on session bb1433e63d717424c7072d4df38a30d1 to remote] DEBUG org.asynchttpclient.netty.request.NettyRequestSender - Using pooled Channel '[id: 0x8e7fe59d, L:/127.0.0.1:49896 - R:localhost/127.0.0.1:62554]' for 'POST' to 'http://localhost:62554/session/bb1433e63d717424c7072d4df38a30d1/url'
18:31:01.972 [Forwarding get on session bb1433e63d717424c7072d4df38a30d1 to remote] DEBUG org.asynchttpclient.netty.request.NettyRequestSender - Using open Channel [id: 0x8e7fe59d, L:/127.0.0.1:49896 - R:localhost/127.0.0.1:62554] for POST '/session/bb1433e63d717424c7072d4df38a30d1/url'
18:31:02.778 [AsyncHttpClient-1-6] DEBUG org.asynchttpclient.netty.handler.HttpHandler - 

Request DefaultHttpRequest(decodeResult: success, version: HTTP/1.1)
POST /session/bb1433e63d717424c7072d4df38a30d1/url HTTP/1.1
User-Agent: selenium/4.1.4 (java windows)
Content-Length: 78
Content-Type: application/json; charset=utf-8
host: localhost:62554
accept: */*

Response DefaultHttpResponse(decodeResult: success, version: HTTP/1.1)
HTTP/1.1 200 OK
Content-Type: application/json; charset=utf-8
cache-control: no-cache
content-length: 14

18:31:02.778 [AsyncHttpClient-1-6] DEBUG org.asynchttpclient.netty.channel.ChannelManager - Adding key: http://localhost:62554 for channel [id: 0x8e7fe59d, L:/127.0.0.1:49896 - R:localhost/127.0.0.1:62554]
18:31:02.779 [Forwarding setTimeout on session bb1433e63d717424c7072d4df38a30d1 to remote] DEBUG org.asynchttpclient.netty.request.NettyRequestSender - Using pooled Channel '[id: 0x8e7fe59d, L:/127.0.0.1:49896 - R:localhost/127.0.0.1:62554]' for 'POST' to 'http://localhost:62554/session/bb1433e63d717424c7072d4df38a30d1/timeouts'
18:31:02.779 [Forwarding setTimeout on session bb1433e63d717424c7072d4df38a30d1 to remote] DEBUG org.asynchttpclient.netty.request.NettyRequestSender - Using open Channel [id: 0x8e7fe59d, L:/127.0.0.1:49896 - R:localhost/127.0.0.1:62554] for POST '/session/bb1433e63d717424c7072d4df38a30d1/timeouts'
18:31:02.788 [AsyncHttpClient-1-6] DEBUG org.asynchttpclient.netty.handler.HttpHandler - 

Request DefaultHttpRequest(decodeResult: success, version: HTTP/1.1)
POST /session/bb1433e63d717424c7072d4df38a30d1/timeouts HTTP/1.1
User-Agent: selenium/4.1.4 (java windows)
Content-Length: 22
Content-Type: application/json; charset=utf-8
host: localhost:62554
accept: */*

Response DefaultHttpResponse(decodeResult: success, version: HTTP/1.1)
HTTP/1.1 200 OK
Content-Type: application/json; charset=utf-8
cache-control: no-cache
content-length: 14

18:31:02.788 [AsyncHttpClient-1-6] DEBUG org.asynchttpclient.netty.channel.ChannelManager - Adding key: http://localhost:62554 for channel [id: 0x8e7fe59d, L:/127.0.0.1:49896 - R:localhost/127.0.0.1:62554]
18:31:02.789 [Forwarding getCurrentUrl on session bb1433e63d717424c7072d4df38a30d1 to remote] DEBUG org.asynchttpclient.netty.request.NettyRequestSender - Using pooled Channel '[id: 0x8e7fe59d, L:/127.0.0.1:49896 - R:localhost/127.0.0.1:62554]' for 'GET' to 'http://localhost:62554/session/bb1433e63d717424c7072d4df38a30d1/url'
18:31:02.789 [Forwarding getCurrentUrl on session bb1433e63d717424c7072d4df38a30d1 to remote] DEBUG org.asynchttpclient.netty.request.NettyRequestSender - Using open Channel [id: 0x8e7fe59d, L:/127.0.0.1:49896 - R:localhost/127.0.0.1:62554] for GET '/session/bb1433e63d717424c7072d4df38a30d1/url'
18:31:02.795 [AsyncHttpClient-1-6] DEBUG org.asynchttpclient.netty.handler.HttpHandler - 

Request DefaultFullHttpRequest(decodeResult: success, version: HTTP/1.1, content: EmptyByteBufBE)
GET /session/bb1433e63d717424c7072d4df38a30d1/url HTTP/1.1
User-Agent: selenium/4.1.4 (java windows)
Cache-Control: no-cache
Content-Type: application/json; charset=utf-8
host: localhost:62554
accept: */*

Response DefaultHttpResponse(decodeResult: success, version: HTTP/1.1)
HTTP/1.1 200 OK
Content-Type: application/json; charset=utf-8
cache-control: no-cache
content-length: 60

18:31:02.795 [AsyncHttpClient-1-6] DEBUG org.asynchttpclient.netty.channel.ChannelManager - Adding key: http://localhost:62554 for channel [id: 0x8e7fe59d, L:/127.0.0.1:49896 - R:localhost/127.0.0.1:62554]
18:31:02.802 [Forwarding screenshot on session bb1433e63d717424c7072d4df38a30d1 to remote] DEBUG org.asynchttpclient.netty.request.NettyRequestSender - Using pooled Channel '[id: 0x8e7fe59d, L:/127.0.0.1:49896 - R:localhost/127.0.0.1:62554]' for 'GET' to 'http://localhost:62554/session/bb1433e63d717424c7072d4df38a30d1/screenshot'
18:31:02.802 [Forwarding screenshot on session bb1433e63d717424c7072d4df38a30d1 to remote] DEBUG org.asynchttpclient.netty.request.NettyRequestSender - Using open Channel [id: 0x8e7fe59d, L:/127.0.0.1:49896 - R:localhost/127.0.0.1:62554] for GET '/session/bb1433e63d717424c7072d4df38a30d1/screenshot'
18:31:02.944 [AsyncHttpClient-1-1] DEBUG org.asynchttpclient.netty.channel.DefaultChannelPool - Entry count for : http://localhost:49897 : 1
18:31:03.137 [AsyncHttpClient-1-6] DEBUG org.asynchttpclient.netty.handler.HttpHandler - 

Request DefaultFullHttpRequest(decodeResult: success, version: HTTP/1.1, content: EmptyByteBufBE)
GET /session/bb1433e63d717424c7072d4df38a30d1/screenshot HTTP/1.1
User-Agent: selenium/4.1.4 (java windows)
Cache-Control: no-cache
Content-Type: application/json; charset=utf-8
host: localhost:62554
accept: */*

Response DefaultHttpResponse(decodeResult: success, version: HTTP/1.1)
HTTP/1.1 200 OK
Content-Type: application/json; charset=utf-8
cache-control: no-cache
content-length: 380436

18:31:03.137 [AsyncHttpClient-1-6] DEBUG org.asynchttpclient.netty.channel.ChannelManager - Adding key: http://localhost:62554 for channel [id: 0x8e7fe59d, L:/127.0.0.1:49896 - R:localhost/127.0.0.1:62554]
18:31:03.151 [main] DEBUG net.serenitybdd.core.photography.Darkroom - Send negative for processing for target\site\serenity\d122c364c40ece9db0ad32cd97c3fcf63e95ba606118dda8d3e5a1d2b8235ce2.png
18:31:03.151 [main] DEBUG net.thucydides.core.steps.StepInterceptor - STEP DONE: openLogin
  &amp#27;[32mGiven &amp#27;[0m&amp#27;[32mOpen login page&amp#27;[0m                                                        &amp#27;[90m# starter.stepdefinitios.LoginSteps.openLoginPage()&amp#27;[0m
18:31:03.665 [Forwarding findElement on session bb1433e63d717424c7072d4df38a30d1 to remote] DEBUG org.asynchttpclient.netty.request.NettyRequestSender - Using pooled Channel '[id: 0x8e7fe59d, L:/127.0.0.1:49896 - R:localhost/127.0.0.1:62554]' for 'POST' to 'http://localhost:62554/session/bb1433e63d717424c7072d4df38a30d1/element'
18:31:03.665 [Forwarding findElement on session bb1433e63d717424c7072d4df38a30d1 to remote] DEBUG org.asynchttpclient.netty.request.NettyRequestSender - Using open Channel [id: 0x8e7fe59d, L:/127.0.0.1:49896 - R:localhost/127.0.0.1:62554] for POST '/session/bb1433e63d717424c7072d4df38a30d1/element'
18:31:03.684 [AsyncHttpClient-1-6] DEBUG org.asynchttpclient.netty.handler.HttpHandler - 

Request DefaultHttpRequest(decodeResult: success, version: HTTP/1.1)
POST /session/bb1433e63d717424c7072d4df38a30d1/element HTTP/1.1
User-Agent: selenium/4.1.4 (java windows)
Content-Length: 70
Content-Type: application/json; charset=utf-8
host: localhost:62554
accept: */*

Response DefaultHttpResponse(decodeResult: success, version: HTTP/1.1)
HTTP/1.1 200 OK
Content-Type: application/json; charset=utf-8
cache-control: no-cache
content-length: 88

18:31:03.684 [AsyncHttpClient-1-6] DEBUG org.asynchttpclient.netty.channel.ChannelManager - Adding key: http://localhost:62554 for channel [id: 0x8e7fe59d, L:/127.0.0.1:49896 - R:localhost/127.0.0.1:62554]
18:31:03.686 [Forwarding sendKeysToElement on session bb1433e63d717424c7072d4df38a30d1 to remote] DEBUG org.asynchttpclient.netty.request.NettyRequestSender - Using pooled Channel '[id: 0x8e7fe59d, L:/127.0.0.1:49896 - R:localhost/127.0.0.1:62554]' for 'POST' to 'http://localhost:62554/session/bb1433e63d717424c7072d4df38a30d1/element/93bb525a-d71c-4aac-85de-380f364537db/value'
18:31:03.686 [Forwarding sendKeysToElement on session bb1433e63d717424c7072d4df38a30d1 to remote] DEBUG org.asynchttpclient.netty.request.NettyRequestSender - Using open Channel [id: 0x8e7fe59d, L:/127.0.0.1:49896 - R:localhost/127.0.0.1:62554] for POST '/session/bb1433e63d717424c7072d4df38a30d1/element/93bb525a-d71c-4aac-85de-380f364537db/value'
18:31:03.809 [AsyncHttpClient-1-6] DEBUG org.asynchttpclient.netty.handler.HttpHandler - 

Request DefaultHttpRequest(decodeResult: success, version: HTTP/1.1)
POST /session/bb1433e63d717424c7072d4df38a30d1/element/93bb525a-d71c-4aac-85de-380f364537db/value HTTP/1.1
User-Agent: selenium/4.1.4 (java windows)
Content-Length: 131
Content-Type: application/json; charset=utf-8
host: localhost:62554
accept: */*

Response DefaultHttpResponse(decodeResult: success, version: HTTP/1.1)
HTTP/1.1 200 OK
Content-Type: application/json; charset=utf-8
cache-control: no-cache
content-length: 14

18:31:03.809 [AsyncHttpClient-1-6] DEBUG org.asynchttpclient.netty.channel.ChannelManager - Adding key: http://localhost:62554 for channel [id: 0x8e7fe59d, L:/127.0.0.1:49896 - R:localhost/127.0.0.1:62554]
  &amp#27;[32mAnd &amp#27;[0m&amp#27;[32mI input &amp#27;[0m&amp#27;[32m&amp#27;[1m"admin"&amp#27;[0m&amp#27;[32m login email valid&amp#27;[0m                                        &amp#27;[90m# starter.stepdefinitios.LoginSteps.iInputLoginEmailValid(java.lang.String)&amp#27;[0m
18:31:03.820 [Forwarding screenshot on session bb1433e63d717424c7072d4df38a30d1 to remote] DEBUG org.asynchttpclient.netty.request.NettyRequestSender - Using pooled Channel '[id: 0x8e7fe59d, L:/127.0.0.1:49896 - R:localhost/127.0.0.1:62554]' for 'GET' to 'http://localhost:62554/session/bb1433e63d717424c7072d4df38a30d1/screenshot'
18:31:03.820 [Forwarding screenshot on session bb1433e63d717424c7072d4df38a30d1 to remote] DEBUG org.asynchttpclient.netty.request.NettyRequestSender - Using open Channel [id: 0x8e7fe59d, L:/127.0.0.1:49896 - R:localhost/127.0.0.1:62554] for GET '/session/bb1433e63d717424c7072d4df38a30d1/screenshot'
18:31:04.035 [AsyncHttpClient-1-1] DEBUG org.asynchttpclient.netty.channel.DefaultChannelPool - Entry count for : http://localhost:49897 : 1
18:31:04.075 [AsyncHttpClient-1-6] DEBUG org.asynchttpclient.netty.handler.HttpHandler - 

Request DefaultFullHttpRequest(decodeResult: success, version: HTTP/1.1, content: EmptyByteBufBE)
GET /session/bb1433e63d717424c7072d4df38a30d1/screenshot HTTP/1.1
User-Agent: selenium/4.1.4 (java windows)
Cache-Control: no-cache
Content-Type: application/json; charset=utf-8
host: localhost:62554
accept: */*

Response DefaultHttpResponse(decodeResult: success, version: HTTP/1.1)
HTTP/1.1 200 OK
Content-Type: application/json; charset=utf-8
cache-control: no-cache
content-length: 379420

18:31:04.075 [AsyncHttpClient-1-6] DEBUG org.asynchttpclient.netty.channel.ChannelManager - Adding key: http://localhost:62554 for channel [id: 0x8e7fe59d, L:/127.0.0.1:49896 - R:localhost/127.0.0.1:62554]
18:31:04.084 [main] DEBUG net.serenitybdd.core.photography.Darkroom - Send negative for processing for target\site\serenity\93df20195d3751dea78ac30a105f84d37c410e0341f58ded6fb231b5b47402e6.png
18:31:04.602 [Forwarding screenshot on session bb1433e63d717424c7072d4df38a30d1 to remote] DEBUG org.asynchttpclient.netty.request.NettyRequestSender - Using pooled Channel '[id: 0x8e7fe59d, L:/127.0.0.1:49896 - R:localhost/127.0.0.1:62554]' for 'GET' to 'http://localhost:62554/session/bb1433e63d717424c7072d4df38a30d1/screenshot'
18:31:04.602 [Forwarding screenshot on session bb1433e63d717424c7072d4df38a30d1 to remote] DEBUG org.asynchttpclient.netty.request.NettyRequestSender - Using open Channel [id: 0x8e7fe59d, L:/127.0.0.1:49896 - R:localhost/127.0.0.1:62554] for GET '/session/bb1433e63d717424c7072d4df38a30d1/screenshot'
18:31:04.864 [AsyncHttpClient-1-6] DEBUG org.asynchttpclient.netty.handler.HttpHandler - 

Request DefaultFullHttpRequest(decodeResult: success, version: HTTP/1.1, content: EmptyByteBufBE)
GET /session/bb1433e63d717424c7072d4df38a30d1/screenshot HTTP/1.1
User-Agent: selenium/4.1.4 (java windows)
Cache-Control: no-cache
Content-Type: application/json; charset=utf-8
host: localhost:62554
accept: */*

Response DefaultHttpResponse(decodeResult: success, version: HTTP/1.1)
HTTP/1.1 200 OK
Content-Type: application/json; charset=utf-8
cache-control: no-cache
content-length: 379404

18:31:04.864 [AsyncHttpClient-1-6] DEBUG org.asynchttpclient.netty.channel.ChannelManager - Adding key: http://localhost:62554 for channel [id: 0x8e7fe59d, L:/127.0.0.1:49896 - R:localhost/127.0.0.1:62554]
18:31:04.877 [main] DEBUG net.serenitybdd.core.photography.Darkroom - Send negative for processing for target\site\serenity\f684e1524ced0278b0b6c6b37709a7cbfb8281aeb576b04a4743fda17448b798.png
18:31:04.877 [main] DEBUG net.thucydides.core.steps.StepInterceptor - STARTING STEP: LoginSteps.iInputLoginPasswordValid - inputPasswordLogin
18:31:04.885 [Forwarding findElement on session bb1433e63d717424c7072d4df38a30d1 to remote] DEBUG org.asynchttpclient.netty.request.NettyRequestSender - Using pooled Channel '[id: 0x8e7fe59d, L:/127.0.0.1:49896 - R:localhost/127.0.0.1:62554]' for 'POST' to 'http://localhost:62554/session/bb1433e63d717424c7072d4df38a30d1/element'
18:31:04.885 [Forwarding findElement on session bb1433e63d717424c7072d4df38a30d1 to remote] DEBUG org.asynchttpclient.netty.request.NettyRequestSender - Using open Channel [id: 0x8e7fe59d, L:/127.0.0.1:49896 - R:localhost/127.0.0.1:62554] for POST '/session/bb1433e63d717424c7072d4df38a30d1/element'
18:31:04.894 [AsyncHttpClient-1-6] DEBUG org.asynchttpclient.netty.handler.HttpHandler - 

Request DefaultHttpRequest(decodeResult: success, version: HTTP/1.1)
POST /session/bb1433e63d717424c7072d4df38a30d1/element HTTP/1.1
User-Agent: selenium/4.1.4 (java windows)
Content-Length: 70
Content-Type: application/json; charset=utf-8
host: localhost:62554
accept: */*

Response DefaultHttpResponse(decodeResult: success, version: HTTP/1.1)
HTTP/1.1 200 OK
Content-Type: application/json; charset=utf-8
cache-control: no-cache
content-length: 88

18:31:04.894 [AsyncHttpClient-1-6] DEBUG org.asynchttpclient.netty.channel.ChannelManager - Adding key: http://localhost:62554 for channel [id: 0x8e7fe59d, L:/127.0.0.1:49896 - R:localhost/127.0.0.1:62554]
18:31:04.895 [Forwarding sendKeysToElement on session bb1433e63d717424c7072d4df38a30d1 to remote] DEBUG org.asynchttpclient.netty.request.NettyRequestSender - Using pooled Channel '[id: 0x8e7fe59d, L:/127.0.0.1:49896 - R:localhost/127.0.0.1:62554]' for 'POST' to 'http://localhost:62554/session/bb1433e63d717424c7072d4df38a30d1/element/89e92be2-3d80-4014-8a1c-025261b361f0/value'
18:31:04.895 [Forwarding sendKeysToElement on session bb1433e63d717424c7072d4df38a30d1 to remote] DEBUG org.asynchttpclient.netty.request.NettyRequestSender - Using open Channel [id: 0x8e7fe59d, L:/127.0.0.1:49896 - R:localhost/127.0.0.1:62554] for POST '/session/bb1433e63d717424c7072d4df38a30d1/element/89e92be2-3d80-4014-8a1c-025261b361f0/value'
18:31:04.967 [AsyncHttpClient-1-6] DEBUG org.asynchttpclient.netty.handler.HttpHandler - 

Request DefaultHttpRequest(decodeResult: success, version: HTTP/1.1)
POST /session/bb1433e63d717424c7072d4df38a30d1/element/89e92be2-3d80-4014-8a1c-025261b361f0/value HTTP/1.1
User-Agent: selenium/4.1.4 (java windows)
Content-Length: 161
Content-Type: application/json; charset=utf-8
host: localhost:62554
accept: */*

Response DefaultHttpResponse(decodeResult: success, version: HTTP/1.1)
HTTP/1.1 200 OK
Content-Type: application/json; charset=utf-8
cache-control: no-cache
content-length: 14

18:31:04.967 [AsyncHttpClient-1-6] DEBUG org.asynchttpclient.netty.channel.ChannelManager - Adding key: http://localhost:62554 for channel [id: 0x8e7fe59d, L:/127.0.0.1:49896 - R:localhost/127.0.0.1:62554]
18:31:04.970 [Forwarding screenshot on session bb1433e63d717424c7072d4df38a30d1 to remote] DEBUG org.asynchttpclient.netty.request.NettyRequestSender - Using pooled Channel '[id: 0x8e7fe59d, L:/127.0.0.1:49896 - R:localhost/127.0.0.1:62554]' for 'GET' to 'http://localhost:62554/session/bb1433e63d717424c7072d4df38a30d1/screenshot'
18:31:04.970 [Forwarding screenshot on session bb1433e63d717424c7072d4df38a30d1 to remote] DEBUG org.asynchttpclient.netty.request.NettyRequestSender - Using open Channel [id: 0x8e7fe59d, L:/127.0.0.1:49896 - R:localhost/127.0.0.1:62554] for GET '/session/bb1433e63d717424c7072d4df38a30d1/screenshot'
18:31:05.137 [AsyncHttpClient-1-1] DEBUG org.asynchttpclient.netty.channel.DefaultChannelPool - Entry count for : http://localhost:49897 : 1
18:31:05.164 [AsyncHttpClient-1-6] DEBUG org.asynchttpclient.netty.handler.HttpHandler - 

Request DefaultFullHttpRequest(decodeResult: success, version: HTTP/1.1, content: EmptyByteBufBE)
GET /session/bb1433e63d717424c7072d4df38a30d1/screenshot HTTP/1.1
User-Agent: selenium/4.1.4 (java windows)
Cache-Control: no-cache
Content-Type: application/json; charset=utf-8
host: localhost:62554
accept: */*

Response DefaultHttpResponse(decodeResult: success, version: HTTP/1.1)
HTTP/1.1 200 OK
Content-Type: application/json; charset=utf-8
cache-control: no-cache
content-length: 377580

18:31:05.174 [AsyncHttpClient-1-6] DEBUG org.asynchttpclient.netty.channel.ChannelManager - Adding key: http://localhost:62554 for channel [id: 0x8e7fe59d, L:/127.0.0.1:49896 - R:localhost/127.0.0.1:62554]
18:31:05.183 [main] DEBUG net.serenitybdd.core.photography.Darkroom - Send negative for processing for target\site\serenity\44fa0aa493cf3a3837a7fab79c30bded8f584eda85d2cfd055a7ef5b4e3f0a4a.png
18:31:05.183 [main] DEBUG net.thucydides.core.steps.StepInterceptor - STEP DONE: inputPasswordLogin
  &amp#27;[32mAnd &amp#27;[0m&amp#27;[32mI input &amp#27;[0m&amp#27;[32m&amp#27;[1m"admin123"&amp#27;[0m&amp#27;[32m login password valid&amp#27;[0m                                  &amp#27;[90m# starter.stepdefinitios.LoginSteps.iInputLoginPasswordValid(java.lang.String)&amp#27;[0m
18:31:05.200 [main] DEBUG net.thucydides.core.steps.StepInterceptor - STARTING STEP: LoginSteps.iClickButtonLogin - clickButtonLogin
18:31:05.201 [Forwarding findElement on session bb1433e63d717424c7072d4df38a30d1 to remote] DEBUG org.asynchttpclient.netty.request.NettyRequestSender - Using pooled Channel '[id: 0x8e7fe59d, L:/127.0.0.1:49896 - R:localhost/127.0.0.1:62554]' for 'POST' to 'http://localhost:62554/session/bb1433e63d717424c7072d4df38a30d1/element'
18:31:05.201 [Forwarding findElement on session bb1433e63d717424c7072d4df38a30d1 to remote] DEBUG org.asynchttpclient.netty.request.NettyRequestSender - Using open Channel [id: 0x8e7fe59d, L:/127.0.0.1:49896 - R:localhost/127.0.0.1:62554] for POST '/session/bb1433e63d717424c7072d4df38a30d1/element'
18:31:05.213 [AsyncHttpClient-1-6] DEBUG org.asynchttpclient.netty.handler.HttpHandler - 

Request DefaultHttpRequest(decodeResult: success, version: HTTP/1.1)
POST /session/bb1433e63d717424c7072d4df38a30d1/element HTTP/1.1
User-Agent: selenium/4.1.4 (java windows)
Content-Length: 68
Content-Type: application/json; charset=utf-8
host: localhost:62554
accept: */*

Response DefaultHttpResponse(decodeResult: success, version: HTTP/1.1)
HTTP/1.1 200 OK
Content-Type: application/json; charset=utf-8
cache-control: no-cache
content-length: 88

18:31:05.213 [AsyncHttpClient-1-6] DEBUG org.asynchttpclient.netty.channel.ChannelManager - Adding key: http://localhost:62554 for channel [id: 0x8e7fe59d, L:/127.0.0.1:49896 - R:localhost/127.0.0.1:62554]
18:31:05.214 [Forwarding getElementTagName on session bb1433e63d717424c7072d4df38a30d1 to remote] DEBUG org.asynchttpclient.netty.request.NettyRequestSender - Using pooled Channel '[id: 0x8e7fe59d, L:/127.0.0.1:49896 - R:localhost/127.0.0.1:62554]' for 'GET' to 'http://localhost:62554/session/bb1433e63d717424c7072d4df38a30d1/element/fce1c820-9e2e-454f-9cf8-a311773793ce/name'
18:31:05.214 [Forwarding getElementTagName on session bb1433e63d717424c7072d4df38a30d1 to remote] DEBUG org.asynchttpclient.netty.request.NettyRequestSender - Using open Channel [id: 0x8e7fe59d, L:/127.0.0.1:49896 - R:localhost/127.0.0.1:62554] for GET '/session/bb1433e63d717424c7072d4df38a30d1/element/fce1c820-9e2e-454f-9cf8-a311773793ce/name'
18:31:05.218 [AsyncHttpClient-1-6] DEBUG org.asynchttpclient.netty.handler.HttpHandler - 

Request DefaultFullHttpRequest(decodeResult: success, version: HTTP/1.1, content: EmptyByteBufBE)
GET /session/bb1433e63d717424c7072d4df38a30d1/element/fce1c820-9e2e-454f-9cf8-a311773793ce/name HTTP/1.1
User-Agent: selenium/4.1.4 (java windows)
Cache-Control: no-cache
Content-Type: application/json; charset=utf-8
host: localhost:62554
accept: */*

Response DefaultHttpResponse(decodeResult: success, version: HTTP/1.1)
HTTP/1.1 200 OK
Content-Type: application/json; charset=utf-8
cache-control: no-cache
content-length: 18

18:31:05.218 [AsyncHttpClient-1-6] DEBUG org.asynchttpclient.netty.channel.ChannelManager - Adding key: http://localhost:62554 for channel [id: 0x8e7fe59d, L:/127.0.0.1:49896 - R:localhost/127.0.0.1:62554]
18:31:05.219 [Forwarding getElementTagName on session bb1433e63d717424c7072d4df38a30d1 to remote] DEBUG org.asynchttpclient.netty.request.NettyRequestSender - Using pooled Channel '[id: 0x8e7fe59d, L:/127.0.0.1:49896 - R:localhost/127.0.0.1:62554]' for 'GET' to 'http://localhost:62554/session/bb1433e63d717424c7072d4df38a30d1/element/fce1c820-9e2e-454f-9cf8-a311773793ce/name'
18:31:05.219 [Forwarding getElementTagName on session bb1433e63d717424c7072d4df38a30d1 to remote] DEBUG org.asynchttpclient.netty.request.NettyRequestSender - Using open Channel [id: 0x8e7fe59d, L:/127.0.0.1:49896 - R:localhost/127.0.0.1:62554] for GET '/session/bb1433e63d717424c7072d4df38a30d1/element/fce1c820-9e2e-454f-9cf8-a311773793ce/name'
18:31:05.222 [AsyncHttpClient-1-6] DEBUG org.asynchttpclient.netty.handler.HttpHandler - 

Request DefaultFullHttpRequest(decodeResult: success, version: HTTP/1.1, content: EmptyByteBufBE)
GET /session/bb1433e63d717424c7072d4df38a30d1/element/fce1c820-9e2e-454f-9cf8-a311773793ce/name HTTP/1.1
User-Agent: selenium/4.1.4 (java windows)
Cache-Control: no-cache
Content-Type: application/json; charset=utf-8
host: localhost:62554
accept: */*

Response DefaultHttpResponse(decodeResult: success, version: HTTP/1.1)
HTTP/1.1 200 OK
Content-Type: application/json; charset=utf-8
cache-control: no-cache
content-length: 18

18:31:05.222 [AsyncHttpClient-1-6] DEBUG org.asynchttpclient.netty.channel.ChannelManager - Adding key: http://localhost:62554 for channel [id: 0x8e7fe59d, L:/127.0.0.1:49896 - R:localhost/127.0.0.1:62554]
18:31:05.223 [Forwarding isElementEnabled on session bb1433e63d717424c7072d4df38a30d1 to remote] DEBUG org.asynchttpclient.netty.request.NettyRequestSender - Using pooled Channel '[id: 0x8e7fe59d, L:/127.0.0.1:49896 - R:localhost/127.0.0.1:62554]' for 'GET' to 'http://localhost:62554/session/bb1433e63d717424c7072d4df38a30d1/element/fce1c820-9e2e-454f-9cf8-a311773793ce/enabled'
18:31:05.223 [Forwarding isElementEnabled on session bb1433e63d717424c7072d4df38a30d1 to remote] DEBUG org.asynchttpclient.netty.request.NettyRequestSender - Using open Channel [id: 0x8e7fe59d, L:/127.0.0.1:49896 - R:localhost/127.0.0.1:62554] for GET '/session/bb1433e63d717424c7072d4df38a30d1/element/fce1c820-9e2e-454f-9cf8-a311773793ce/enabled'
18:31:05.229 [AsyncHttpClient-1-6] DEBUG org.asynchttpclient.netty.handler.HttpHandler - 

Request DefaultFullHttpRequest(decodeResult: success, version: HTTP/1.1, content: EmptyByteBufBE)
GET /session/bb1433e63d717424c7072d4df38a30d1/element/fce1c820-9e2e-454f-9cf8-a311773793ce/enabled HTTP/1.1
User-Agent: selenium/4.1.4 (java windows)
Cache-Control: no-cache
Content-Type: application/json; charset=utf-8
host: localhost:62554
accept: */*

Response DefaultHttpResponse(decodeResult: success, version: HTTP/1.1)
HTTP/1.1 200 OK
Content-Type: application/json; charset=utf-8
cache-control: no-cache
content-length: 14

18:31:05.229 [AsyncHttpClient-1-6] DEBUG org.asynchttpclient.netty.channel.ChannelManager - Adding key: http://localhost:62554 for channel [id: 0x8e7fe59d, L:/127.0.0.1:49896 - R:localhost/127.0.0.1:62554]
18:31:05.232 [Forwarding isElementEnabled on session bb1433e63d717424c7072d4df38a30d1 to remote] DEBUG org.asynchttpclient.netty.request.NettyRequestSender - Using pooled Channel '[id: 0x8e7fe59d, L:/127.0.0.1:49896 - R:localhost/127.0.0.1:62554]' for 'GET' to 'http://localhost:62554/session/bb1433e63d717424c7072d4df38a30d1/element/fce1c820-9e2e-454f-9cf8-a311773793ce/enabled'
18:31:05.232 [Forwarding isElementEnabled on session bb1433e63d717424c7072d4df38a30d1 to remote] DEBUG org.asynchttpclient.netty.request.NettyRequestSender - Using open Channel [id: 0x8e7fe59d, L:/127.0.0.1:49896 - R:localhost/127.0.0.1:62554] for GET '/session/bb1433e63d717424c7072d4df38a30d1/element/fce1c820-9e2e-454f-9cf8-a311773793ce/enabled'
18:31:05.236 [AsyncHttpClient-1-6] DEBUG org.asynchttpclient.netty.handler.HttpHandler - 

Request DefaultFullHttpRequest(decodeResult: success, version: HTTP/1.1, content: EmptyByteBufBE)
GET /session/bb1433e63d717424c7072d4df38a30d1/element/fce1c820-9e2e-454f-9cf8-a311773793ce/enabled HTTP/1.1
User-Agent: selenium/4.1.4 (java windows)
Cache-Control: no-cache
Content-Type: application/json; charset=utf-8
host: localhost:62554
accept: */*

Response DefaultHttpResponse(decodeResult: success, version: HTTP/1.1)
HTTP/1.1 200 OK
Content-Type: application/json; charset=utf-8
cache-control: no-cache
content-length: 14

18:31:05.236 [AsyncHttpClient-1-6] DEBUG org.asynchttpclient.netty.channel.ChannelManager - Adding key: http://localhost:62554 for channel [id: 0x8e7fe59d, L:/127.0.0.1:49896 - R:localhost/127.0.0.1:62554]
18:31:05.238 [Forwarding findElement on session bb1433e63d717424c7072d4df38a30d1 to remote] DEBUG org.asynchttpclient.netty.request.NettyRequestSender - Using pooled Channel '[id: 0x8e7fe59d, L:/127.0.0.1:49896 - R:localhost/127.0.0.1:62554]' for 'POST' to 'http://localhost:62554/session/bb1433e63d717424c7072d4df38a30d1/element'
18:31:05.238 [Forwarding findElement on session bb1433e63d717424c7072d4df38a30d1 to remote] DEBUG org.asynchttpclient.netty.request.NettyRequestSender - Using open Channel [id: 0x8e7fe59d, L:/127.0.0.1:49896 - R:localhost/127.0.0.1:62554] for POST '/session/bb1433e63d717424c7072d4df38a30d1/element'
18:31:05.243 [AsyncHttpClient-1-6] DEBUG org.asynchttpclient.netty.handler.HttpHandler - 

Request DefaultHttpRequest(decodeResult: success, version: HTTP/1.1)
POST /session/bb1433e63d717424c7072d4df38a30d1/element HTTP/1.1
User-Agent: selenium/4.1.4 (java windows)
Content-Length: 68
Content-Type: application/json; charset=utf-8
host: localhost:62554
accept: */*

Response DefaultHttpResponse(decodeResult: success, version: HTTP/1.1)
HTTP/1.1 200 OK
Content-Type: application/json; charset=utf-8
cache-control: no-cache
content-length: 88

18:31:05.243 [AsyncHttpClient-1-6] DEBUG org.asynchttpclient.netty.channel.ChannelManager - Adding key: http://localhost:62554 for channel [id: 0x8e7fe59d, L:/127.0.0.1:49896 - R:localhost/127.0.0.1:62554]
18:31:05.244 [Forwarding clickElement on session bb1433e63d717424c7072d4df38a30d1 to remote] DEBUG org.asynchttpclient.netty.request.NettyRequestSender - Using pooled Channel '[id: 0x8e7fe59d, L:/127.0.0.1:49896 - R:localhost/127.0.0.1:62554]' for 'POST' to 'http://localhost:62554/session/bb1433e63d717424c7072d4df38a30d1/element/fce1c820-9e2e-454f-9cf8-a311773793ce/click'
18:31:05.244 [Forwarding clickElement on session bb1433e63d717424c7072d4df38a30d1 to remote] DEBUG org.asynchttpclient.netty.request.NettyRequestSender - Using open Channel [id: 0x8e7fe59d, L:/127.0.0.1:49896 - R:localhost/127.0.0.1:62554] for POST '/session/bb1433e63d717424c7072d4df38a30d1/element/fce1c820-9e2e-454f-9cf8-a311773793ce/click'
18:31:05.305 [AsyncHttpClient-1-6] DEBUG org.asynchttpclient.netty.handler.HttpHandler - 

Request DefaultHttpRequest(decodeResult: success, version: HTTP/1.1)
POST /session/bb1433e63d717424c7072d4df38a30d1/element/fce1c820-9e2e-454f-9cf8-a311773793ce/click HTTP/1.1
User-Agent: selenium/4.1.4 (java windows)
Content-Length: 50
Content-Type: application/json; charset=utf-8
host: localhost:62554
accept: */*

Response DefaultHttpResponse(decodeResult: success, version: HTTP/1.1)
HTTP/1.1 200 OK
Content-Type: application/json; charset=utf-8
cache-control: no-cache
content-length: 14

18:31:05.305 [AsyncHttpClient-1-6] DEBUG org.asynchttpclient.netty.channel.ChannelManager - Adding key: http://localhost:62554 for channel [id: 0x8e7fe59d, L:/127.0.0.1:49896 - R:localhost/127.0.0.1:62554]
18:31:05.309 [Forwarding screenshot on session bb1433e63d717424c7072d4df38a30d1 to remote] DEBUG org.asynchttpclient.netty.request.NettyRequestSender - Using pooled Channel '[id: 0x8e7fe59d, L:/127.0.0.1:49896 - R:localhost/127.0.0.1:62554]' for 'GET' to 'http://localhost:62554/session/bb1433e63d717424c7072d4df38a30d1/screenshot'
18:31:05.309 [Forwarding screenshot on session bb1433e63d717424c7072d4df38a30d1 to remote] DEBUG org.asynchttpclient.netty.request.NettyRequestSender - Using open Channel [id: 0x8e7fe59d, L:/127.0.0.1:49896 - R:localhost/127.0.0.1:62554] for GET '/session/bb1433e63d717424c7072d4df38a30d1/screenshot'
18:31:05.587 [AsyncHttpClient-1-6] DEBUG org.asynchttpclient.netty.handler.HttpHandler - 

Request DefaultFullHttpRequest(decodeResult: success, version: HTTP/1.1, content: EmptyByteBufBE)
GET /session/bb1433e63d717424c7072d4df38a30d1/screenshot HTTP/1.1
User-Agent: selenium/4.1.4 (java windows)
Cache-Control: no-cache
Content-Type: application/json; charset=utf-8
host: localhost:62554
accept: */*

Response DefaultHttpResponse(decodeResult: success, version: HTTP/1.1)
HTTP/1.1 200 OK
Content-Type: application/json; charset=utf-8
cache-control: no-cache
content-length: 372936

18:31:05.587 [AsyncHttpClient-1-6] DEBUG org.asynchttpclient.netty.channel.ChannelManager - Adding key: http://localhost:62554 for channel [id: 0x8e7fe59d, L:/127.0.0.1:49896 - R:localhost/127.0.0.1:62554]
18:31:05.598 [main] DEBUG net.serenitybdd.core.photography.Darkroom - Send negative for processing for target\site\serenity\0484aa4d4582f204c98b4974c7efc799e7ee7526f9ec3d205ac2b3cf321a8761.png
18:31:05.598 [main] DEBUG net.thucydides.core.steps.StepInterceptor - STEP DONE: clickButtonLogin
18:31:05.598 [Darkroom Processing Line] DEBUG net.serenitybdd.core.photography.DarkroomProcessingLine - Processing screenshot image in /var/screenshots/screenshot-6049534722798515421
18:31:05.598 [Darkroom Processing Line] DEBUG net.serenitybdd.core.photography.DarkroomProcessingLine - Saving screenshot to target\site\serenity\0484aa4d4582f204c98b4974c7efc799e7ee7526f9ec3d205ac2b3cf321a8761.png
18:31:06.243 [AsyncHttpClient-1-1] DEBUG org.asynchttpclient.netty.channel.DefaultChannelPool - Entry count for : http://localhost:49897 : 1
18:31:06.243 [AsyncHttpClient-1-1] DEBUG org.asynchttpclient.netty.channel.DefaultChannelPool - Entry count for : http://localhost:62554 : 1
  &amp#27;[32mAnd &amp#27;[0m&amp#27;[32mI click button login&amp#27;[0m                                                     &amp#27;[90m# starter.stepdefinitios.LoginSteps.iClickButtonLogin()&amp#27;[0m
18:31:06.621 [Forwarding screenshot on session bb1433e63d717424c7072d4df38a30d1 to remote] DEBUG org.asynchttpclient.netty.request.NettyRequestSender - Using pooled Channel '[id: 0x8e7fe59d, L:/127.0.0.1:49896 - R:localhost/127.0.0.1:62554]' for 'GET' to 'http://localhost:62554/session/bb1433e63d717424c7072d4df38a30d1/screenshot'
18:31:06.621 [Forwarding screenshot on session bb1433e63d717424c7072d4df38a30d1 to remote] DEBUG org.asynchttpclient.netty.request.NettyRequestSender - Using open Channel [id: 0x8e7fe59d, L:/127.0.0.1:49896 - R:localhost/127.0.0.1:62554] for GET '/session/bb1433e63d717424c7072d4df38a30d1/screenshot'
18:31:06.841 [AsyncHttpClient-1-6] DEBUG org.asynchttpclient.netty.handler.HttpHandler - 

Request DefaultFullHttpRequest(decodeResult: success, version: HTTP/1.1, content: EmptyByteBufBE)
GET /session/bb1433e63d717424c7072d4df38a30d1/screenshot HTTP/1.1
User-Agent: selenium/4.1.4 (java windows)
Cache-Control: no-cache
Content-Type: application/json; charset=utf-8
host: localhost:62554
accept: */*

Response DefaultHttpResponse(decodeResult: success, version: HTTP/1.1)
HTTP/1.1 200 OK
Content-Type: application/json; charset=utf-8
cache-control: no-cache
content-length: 313184

18:31:06.842 [AsyncHttpClient-1-6] DEBUG org.asynchttpclient.netty.channel.ChannelManager - Adding key: http://localhost:62554 for channel [id: 0x8e7fe59d, L:/127.0.0.1:49896 - R:localhost/127.0.0.1:62554]
18:31:06.850 [main] DEBUG net.serenitybdd.core.photography.Darkroom - Send negative for processing for target\site\serenity\d45c84adde9b831adde9b5edec32637925bc1217651b4343b31ae00feaf5335a.png
18:31:06.850 [Darkroom Processing Line] DEBUG net.serenitybdd.core.photography.DarkroomProcessingLine - Processing screenshot image in /var/screenshots/screenshot-414084055749770550
18:31:06.850 [Darkroom Processing Line] DEBUG net.serenitybdd.core.photography.DarkroomProcessingLine - Saving screenshot to target\site\serenity\d45c84adde9b831adde9b5edec32637925bc1217651b4343b31ae00feaf5335a.png
18:31:07.336 [AsyncHttpClient-1-1] DEBUG org.asynchttpclient.netty.channel.DefaultChannelPool - Entry count for : http://localhost:49897 : 1
18:31:07.336 [AsyncHttpClient-1-1] DEBUG org.asynchttpclient.netty.channel.DefaultChannelPool - Entry count for : http://localhost:62554 : 1
18:31:08.435 [AsyncHttpClient-1-1] DEBUG org.asynchttpclient.netty.channel.DefaultChannelPool - Entry count for : http://localhost:49897 : 1
18:31:08.435 [AsyncHttpClient-1-1] DEBUG org.asynchttpclient.netty.channel.DefaultChannelPool - Entry count for : http://localhost:62554 : 1
18:31:09.536 [AsyncHttpClient-1-1] DEBUG org.asynchttpclient.netty.channel.DefaultChannelPool - Entry count for : http://localhost:49897 : 1
18:31:09.536 [AsyncHttpClient-1-1] DEBUG org.asynchttpclient.netty.channel.DefaultChannelPool - Entry count for : http://localhost:62554 : 1
18:31:10.651 [AsyncHttpClient-1-1] DEBUG org.asynchttpclient.netty.channel.DefaultChannelPool - Entry count for : http://localhost:49897 : 1
18:31:10.651 [AsyncHttpClient-1-1] DEBUG org.asynchttpclient.netty.channel.DefaultChannelPool - Entry count for : http://localhost:62554 : 1
18:31:11.740 [AsyncHttpClient-1-1] DEBUG org.asynchttpclient.netty.channel.DefaultChannelPool - Entry count for : http://localhost:49897 : 1
18:31:11.740 [AsyncHttpClient-1-1] DEBUG org.asynchttpclient.netty.channel.DefaultChannelPool - Entry count for : http://localhost:62554 : 1
18:31:11.860 [Forwarding findElement on session bb1433e63d717424c7072d4df38a30d1 to remote] DEBUG org.asynchttpclient.netty.request.NettyRequestSender - Using pooled Channel '[id: 0x8e7fe59d, L:/127.0.0.1:49896 - R:localhost/127.0.0.1:62554]' for 'POST' to 'http://localhost:62554/session/bb1433e63d717424c7072d4df38a30d1/element'
18:31:11.860 [Forwarding findElement on session bb1433e63d717424c7072d4df38a30d1 to remote] DEBUG org.asynchttpclient.netty.request.NettyRequestSender - Using open Channel [id: 0x8e7fe59d, L:/127.0.0.1:49896 - R:localhost/127.0.0.1:62554] for POST '/session/bb1433e63d717424c7072d4df38a30d1/element'
18:31:11.878 [AsyncHttpClient-1-6] DEBUG org.asynchttpclient.netty.handler.HttpHandler - 

Request DefaultHttpRequest(decodeResult: success, version: HTTP/1.1)
POST /session/bb1433e63d717424c7072d4df38a30d1/element HTTP/1.1
User-Agent: selenium/4.1.4 (java windows)
Content-Length: 68
Content-Type: application/json; charset=utf-8
host: localhost:62554
accept: */*

Response DefaultHttpResponse(decodeResult: success, version: HTTP/1.1)
HTTP/1.1 200 OK
Content-Type: application/json; charset=utf-8
cache-control: no-cache
content-length: 88

18:31:11.878 [AsyncHttpClient-1-6] DEBUG org.asynchttpclient.netty.channel.ChannelManager - Adding key: http://localhost:62554 for channel [id: 0x8e7fe59d, L:/127.0.0.1:49896 - R:localhost/127.0.0.1:62554]
18:31:11.878 [Forwarding isElementEnabled on session bb1433e63d717424c7072d4df38a30d1 to remote] DEBUG org.asynchttpclient.netty.request.NettyRequestSender - Using pooled Channel '[id: 0x8e7fe59d, L:/127.0.0.1:49896 - R:localhost/127.0.0.1:62554]' for 'GET' to 'http://localhost:62554/session/bb1433e63d717424c7072d4df38a30d1/element/59a9b97b-bad2-495d-b9ea-8b1991ac175f/enabled'
18:31:11.878 [Forwarding isElementEnabled on session bb1433e63d717424c7072d4df38a30d1 to remote] DEBUG org.asynchttpclient.netty.request.NettyRequestSender - Using open Channel [id: 0x8e7fe59d, L:/127.0.0.1:49896 - R:localhost/127.0.0.1:62554] for GET '/session/bb1433e63d717424c7072d4df38a30d1/element/59a9b97b-bad2-495d-b9ea-8b1991ac175f/enabled'
18:31:11.890 [AsyncHttpClient-1-6] DEBUG org.asynchttpclient.netty.handler.HttpHandler - 

Request DefaultFullHttpRequest(decodeResult: success, version: HTTP/1.1, content: EmptyByteBufBE)
GET /session/bb1433e63d717424c7072d4df38a30d1/element/59a9b97b-bad2-495d-b9ea-8b1991ac175f/enabled HTTP/1.1
User-Agent: selenium/4.1.4 (java windows)
Cache-Control: no-cache
Content-Type: application/json; charset=utf-8
host: localhost:62554
accept: */*

Response DefaultHttpResponse(decodeResult: success, version: HTTP/1.1)
HTTP/1.1 200 OK
Content-Type: application/json; charset=utf-8
cache-control: no-cache
content-length: 14

18:31:11.890 [AsyncHttpClient-1-6] DEBUG org.asynchttpclient.netty.channel.ChannelManager - Adding key: http://localhost:62554 for channel [id: 0x8e7fe59d, L:/127.0.0.1:49896 - R:localhost/127.0.0.1:62554]
18:31:12.403 [Forwarding screenshot on session bb1433e63d717424c7072d4df38a30d1 to remote] DEBUG org.asynchttpclient.netty.request.NettyRequestSender - Using pooled Channel '[id: 0x8e7fe59d, L:/127.0.0.1:49896 - R:localhost/127.0.0.1:62554]' for 'GET' to 'http://localhost:62554/session/bb1433e63d717424c7072d4df38a30d1/screenshot'
18:31:12.403 [Forwarding screenshot on session bb1433e63d717424c7072d4df38a30d1 to remote] DEBUG org.asynchttpclient.netty.request.NettyRequestSender - Using open Channel [id: 0x8e7fe59d, L:/127.0.0.1:49896 - R:localhost/127.0.0.1:62554] for GET '/session/bb1433e63d717424c7072d4df38a30d1/screenshot'
18:31:12.713 [AsyncHttpClient-1-6] DEBUG org.asynchttpclient.netty.handler.HttpHandler - 

Request DefaultFullHttpRequest(decodeResult: success, version: HTTP/1.1, content: EmptyByteBufBE)
GET /session/bb1433e63d717424c7072d4df38a30d1/screenshot HTTP/1.1
User-Agent: selenium/4.1.4 (java windows)
Cache-Control: no-cache
Content-Type: application/json; charset=utf-8
host: localhost:62554
accept: */*

Response DefaultHttpResponse(decodeResult: success, version: HTTP/1.1)
HTTP/1.1 200 OK
Content-Type: application/json; charset=utf-8
cache-control: no-cache
content-length: 301044

18:31:12.713 [AsyncHttpClient-1-6] DEBUG org.asynchttpclient.netty.channel.ChannelManager - Adding key: http://localhost:62554 for channel [id: 0x8e7fe59d, L:/127.0.0.1:49896 - R:localhost/127.0.0.1:62554]
18:31:12.725 [main] DEBUG net.serenitybdd.core.photography.Darkroom - Send negative for processing for target\site\serenity\163e386af0b12517552a74a3d5043b94e8c0f9215c0f21d464e3b04d27a0859d.png
18:31:12.725 [main] DEBUG net.thucydides.core.steps.StepInterceptor - STARTING STEP: LoginSteps.loginValidationInvalid - clickButtonErrorOK
18:31:12.738 [Forwarding findElement on session bb1433e63d717424c7072d4df38a30d1 to remote] DEBUG org.asynchttpclient.netty.request.NettyRequestSender - Using pooled Channel '[id: 0x8e7fe59d, L:/127.0.0.1:49896 - R:localhost/127.0.0.1:62554]' for 'POST' to 'http://localhost:62554/session/bb1433e63d717424c7072d4df38a30d1/element'
18:31:12.738 [Forwarding findElement on session bb1433e63d717424c7072d4df38a30d1 to remote] DEBUG org.asynchttpclient.netty.request.NettyRequestSender - Using open Channel [id: 0x8e7fe59d, L:/127.0.0.1:49896 - R:localhost/127.0.0.1:62554] for POST '/session/bb1433e63d717424c7072d4df38a30d1/element'
18:31:12.755 [AsyncHttpClient-1-6] DEBUG org.asynchttpclient.netty.handler.HttpHandler - 

Request DefaultHttpRequest(decodeResult: success, version: HTTP/1.1)
POST /session/bb1433e63d717424c7072d4df38a30d1/element HTTP/1.1
User-Agent: selenium/4.1.4 (java windows)
Content-Length: 88
Content-Type: application/json; charset=utf-8
host: localhost:62554
accept: */*

Response DefaultHttpResponse(decodeResult: success, version: HTTP/1.1)
HTTP/1.1 200 OK
Content-Type: application/json; charset=utf-8
cache-control: no-cache
content-length: 88

18:31:12.755 [AsyncHttpClient-1-6] DEBUG org.asynchttpclient.netty.channel.ChannelManager - Adding key: http://localhost:62554 for channel [id: 0x8e7fe59d, L:/127.0.0.1:49896 - R:localhost/127.0.0.1:62554]
18:31:12.756 [Forwarding getElementTagName on session bb1433e63d717424c7072d4df38a30d1 to remote] DEBUG org.asynchttpclient.netty.request.NettyRequestSender - Using pooled Channel '[id: 0x8e7fe59d, L:/127.0.0.1:49896 - R:localhost/127.0.0.1:62554]' for 'GET' to 'http://localhost:62554/session/bb1433e63d717424c7072d4df38a30d1/element/994c68fb-c36a-41b0-bf4d-6d69f76a65b9/name'
18:31:12.756 [Forwarding getElementTagName on session bb1433e63d717424c7072d4df38a30d1 to remote] DEBUG org.asynchttpclient.netty.request.NettyRequestSender - Using open Channel [id: 0x8e7fe59d, L:/127.0.0.1:49896 - R:localhost/127.0.0.1:62554] for GET '/session/bb1433e63d717424c7072d4df38a30d1/element/994c68fb-c36a-41b0-bf4d-6d69f76a65b9/name'
18:31:12.763 [AsyncHttpClient-1-6] DEBUG org.asynchttpclient.netty.handler.HttpHandler - 

Request DefaultFullHttpRequest(decodeResult: success, version: HTTP/1.1, content: EmptyByteBufBE)
GET /session/bb1433e63d717424c7072d4df38a30d1/element/994c68fb-c36a-41b0-bf4d-6d69f76a65b9/name HTTP/1.1
User-Agent: selenium/4.1.4 (java windows)
Cache-Control: no-cache
Content-Type: application/json; charset=utf-8
host: localhost:62554
accept: */*

Response DefaultHttpResponse(decodeResult: success, version: HTTP/1.1)
HTTP/1.1 200 OK
Content-Type: application/json; charset=utf-8
cache-control: no-cache
content-length: 18

18:31:12.764 [AsyncHttpClient-1-6] DEBUG org.asynchttpclient.netty.channel.ChannelManager - Adding key: http://localhost:62554 for channel [id: 0x8e7fe59d, L:/127.0.0.1:49896 - R:localhost/127.0.0.1:62554]
18:31:12.765 [Forwarding getElementTagName on session bb1433e63d717424c7072d4df38a30d1 to remote] DEBUG org.asynchttpclient.netty.request.NettyRequestSender - Using pooled Channel '[id: 0x8e7fe59d, L:/127.0.0.1:49896 - R:localhost/127.0.0.1:62554]' for 'GET' to 'http://localhost:62554/session/bb1433e63d717424c7072d4df38a30d1/element/994c68fb-c36a-41b0-bf4d-6d69f76a65b9/name'
18:31:12.765 [Forwarding getElementTagName on session bb1433e63d717424c7072d4df38a30d1 to remote] DEBUG org.asynchttpclient.netty.request.NettyRequestSender - Using open Channel [id: 0x8e7fe59d, L:/127.0.0.1:49896 - R:localhost/127.0.0.1:62554] for GET '/session/bb1433e63d717424c7072d4df38a30d1/element/994c68fb-c36a-41b0-bf4d-6d69f76a65b9/name'
18:31:12.770 [AsyncHttpClient-1-6] DEBUG org.asynchttpclient.netty.handler.HttpHandler - 

Request DefaultFullHttpRequest(decodeResult: success, version: HTTP/1.1, content: EmptyByteBufBE)
GET /session/bb1433e63d717424c7072d4df38a30d1/element/994c68fb-c36a-41b0-bf4d-6d69f76a65b9/name HTTP/1.1
User-Agent: selenium/4.1.4 (java windows)
Cache-Control: no-cache
Content-Type: application/json; charset=utf-8
host: localhost:62554
accept: */*

Response DefaultHttpResponse(decodeResult: success, version: HTTP/1.1)
HTTP/1.1 200 OK
Content-Type: application/json; charset=utf-8
cache-control: no-cache
content-length: 18

18:31:12.770 [AsyncHttpClient-1-6] DEBUG org.asynchttpclient.netty.channel.ChannelManager - Adding key: http://localhost:62554 for channel [id: 0x8e7fe59d, L:/127.0.0.1:49896 - R:localhost/127.0.0.1:62554]
18:31:12.773 [Forwarding isElementEnabled on session bb1433e63d717424c7072d4df38a30d1 to remote] DEBUG org.asynchttpclient.netty.request.NettyRequestSender - Using pooled Channel '[id: 0x8e7fe59d, L:/127.0.0.1:49896 - R:localhost/127.0.0.1:62554]' for 'GET' to 'http://localhost:62554/session/bb1433e63d717424c7072d4df38a30d1/element/994c68fb-c36a-41b0-bf4d-6d69f76a65b9/enabled'
18:31:12.773 [Forwarding isElementEnabled on session bb1433e63d717424c7072d4df38a30d1 to remote] DEBUG org.asynchttpclient.netty.request.NettyRequestSender - Using open Channel [id: 0x8e7fe59d, L:/127.0.0.1:49896 - R:localhost/127.0.0.1:62554] for GET '/session/bb1433e63d717424c7072d4df38a30d1/element/994c68fb-c36a-41b0-bf4d-6d69f76a65b9/enabled'
18:31:12.785 [AsyncHttpClient-1-6] DEBUG org.asynchttpclient.netty.handler.HttpHandler - 

Request DefaultFullHttpRequest(decodeResult: success, version: HTTP/1.1, content: EmptyByteBufBE)
GET /session/bb1433e63d717424c7072d4df38a30d1/element/994c68fb-c36a-41b0-bf4d-6d69f76a65b9/enabled HTTP/1.1
User-Agent: selenium/4.1.4 (java windows)
Cache-Control: no-cache
Content-Type: application/json; charset=utf-8
host: localhost:62554
accept: */*

Response DefaultHttpResponse(decodeResult: success, version: HTTP/1.1)
HTTP/1.1 200 OK
Content-Type: application/json; charset=utf-8
cache-control: no-cache
content-length: 14

18:31:12.785 [AsyncHttpClient-1-6] DEBUG org.asynchttpclient.netty.channel.ChannelManager - Adding key: http://localhost:62554 for channel [id: 0x8e7fe59d, L:/127.0.0.1:49896 - R:localhost/127.0.0.1:62554]
18:31:12.786 [Forwarding isElementEnabled on session bb1433e63d717424c7072d4df38a30d1 to remote] DEBUG org.asynchttpclient.netty.request.NettyRequestSender - Using pooled Channel '[id: 0x8e7fe59d, L:/127.0.0.1:49896 - R:localhost/127.0.0.1:62554]' for 'GET' to 'http://localhost:62554/session/bb1433e63d717424c7072d4df38a30d1/element/994c68fb-c36a-41b0-bf4d-6d69f76a65b9/enabled'
18:31:12.786 [Forwarding isElementEnabled on session bb1433e63d717424c7072d4df38a30d1 to remote] DEBUG org.asynchttpclient.netty.request.NettyRequestSender - Using open Channel [id: 0x8e7fe59d, L:/127.0.0.1:49896 - R:localhost/127.0.0.1:62554] for GET '/session/bb1433e63d717424c7072d4df38a30d1/element/994c68fb-c36a-41b0-bf4d-6d69f76a65b9/enabled'
18:31:12.795 [AsyncHttpClient-1-6] DEBUG org.asynchttpclient.netty.handler.HttpHandler - 

Request DefaultFullHttpRequest(decodeResult: success, version: HTTP/1.1, content: EmptyByteBufBE)
GET /session/bb1433e63d717424c7072d4df38a30d1/element/994c68fb-c36a-41b0-bf4d-6d69f76a65b9/enabled HTTP/1.1
User-Agent: selenium/4.1.4 (java windows)
Cache-Control: no-cache
Content-Type: application/json; charset=utf-8
host: localhost:62554
accept: */*

Response DefaultHttpResponse(decodeResult: success, version: HTTP/1.1)
HTTP/1.1 200 OK
Content-Type: application/json; charset=utf-8
cache-control: no-cache
content-length: 14

18:31:12.795 [AsyncHttpClient-1-6] DEBUG org.asynchttpclient.netty.channel.ChannelManager - Adding key: http://localhost:62554 for channel [id: 0x8e7fe59d, L:/127.0.0.1:49896 - R:localhost/127.0.0.1:62554]
18:31:12.797 [Forwarding findElement on session bb1433e63d717424c7072d4df38a30d1 to remote] DEBUG org.asynchttpclient.netty.request.NettyRequestSender - Using pooled Channel '[id: 0x8e7fe59d, L:/127.0.0.1:49896 - R:localhost/127.0.0.1:62554]' for 'POST' to 'http://localhost:62554/session/bb1433e63d717424c7072d4df38a30d1/element'
18:31:12.797 [Forwarding findElement on session bb1433e63d717424c7072d4df38a30d1 to remote] DEBUG org.asynchttpclient.netty.request.NettyRequestSender - Using open Channel [id: 0x8e7fe59d, L:/127.0.0.1:49896 - R:localhost/127.0.0.1:62554] for POST '/session/bb1433e63d717424c7072d4df38a30d1/element'
18:31:12.808 [AsyncHttpClient-1-6] DEBUG org.asynchttpclient.netty.handler.HttpHandler - 

Request DefaultHttpRequest(decodeResult: success, version: HTTP/1.1)
POST /session/bb1433e63d717424c7072d4df38a30d1/element HTTP/1.1
User-Agent: selenium/4.1.4 (java windows)
Content-Length: 88
Content-Type: application/json; charset=utf-8
host: localhost:62554
accept: */*

Response DefaultHttpResponse(decodeResult: success, version: HTTP/1.1)
HTTP/1.1 200 OK
Content-Type: application/json; charset=utf-8
cache-control: no-cache
content-length: 88

18:31:12.809 [AsyncHttpClient-1-6] DEBUG org.asynchttpclient.netty.channel.ChannelManager - Adding key: http://localhost:62554 for channel [id: 0x8e7fe59d, L:/127.0.0.1:49896 - R:localhost/127.0.0.1:62554]
18:31:12.809 [Forwarding clickElement on session bb1433e63d717424c7072d4df38a30d1 to remote] DEBUG org.asynchttpclient.netty.request.NettyRequestSender - Using pooled Channel '[id: 0x8e7fe59d, L:/127.0.0.1:49896 - R:localhost/127.0.0.1:62554]' for 'POST' to 'http://localhost:62554/session/bb1433e63d717424c7072d4df38a30d1/element/994c68fb-c36a-41b0-bf4d-6d69f76a65b9/click'
18:31:12.809 [Forwarding clickElement on session bb1433e63d717424c7072d4df38a30d1 to remote] DEBUG org.asynchttpclient.netty.request.NettyRequestSender - Using open Channel [id: 0x8e7fe59d, L:/127.0.0.1:49896 - R:localhost/127.0.0.1:62554] for POST '/session/bb1433e63d717424c7072d4df38a30d1/element/994c68fb-c36a-41b0-bf4d-6d69f76a65b9/click'
18:31:12.835 [AsyncHttpClient-1-1] DEBUG org.asynchttpclient.netty.channel.DefaultChannelPool - Entry count for : http://localhost:49897 : 1
18:31:12.927 [AsyncHttpClient-1-6] DEBUG org.asynchttpclient.netty.handler.HttpHandler - 

Request DefaultHttpRequest(decodeResult: success, version: HTTP/1.1)
POST /session/bb1433e63d717424c7072d4df38a30d1/element/994c68fb-c36a-41b0-bf4d-6d69f76a65b9/click HTTP/1.1
User-Agent: selenium/4.1.4 (java windows)
Content-Length: 50
Content-Type: application/json; charset=utf-8
host: localhost:62554
accept: */*

Response DefaultHttpResponse(decodeResult: success, version: HTTP/1.1)
HTTP/1.1 200 OK
Content-Type: application/json; charset=utf-8
cache-control: no-cache
content-length: 14

18:31:12.928 [AsyncHttpClient-1-6] DEBUG org.asynchttpclient.netty.channel.ChannelManager - Adding key: http://localhost:62554 for channel [id: 0x8e7fe59d, L:/127.0.0.1:49896 - R:localhost/127.0.0.1:62554]
18:31:12.940 [Forwarding screenshot on session bb1433e63d717424c7072d4df38a30d1 to remote] DEBUG org.asynchttpclient.netty.request.NettyRequestSender - Using pooled Channel '[id: 0x8e7fe59d, L:/127.0.0.1:49896 - R:localhost/127.0.0.1:62554]' for 'GET' to 'http://localhost:62554/session/bb1433e63d717424c7072d4df38a30d1/screenshot'
18:31:12.940 [Forwarding screenshot on session bb1433e63d717424c7072d4df38a30d1 to remote] DEBUG org.asynchttpclient.netty.request.NettyRequestSender - Using open Channel [id: 0x8e7fe59d, L:/127.0.0.1:49896 - R:localhost/127.0.0.1:62554] for GET '/session/bb1433e63d717424c7072d4df38a30d1/screenshot'
18:31:13.308 [AsyncHttpClient-1-6] DEBUG org.asynchttpclient.netty.handler.HttpHandler - 

Request DefaultFullHttpRequest(decodeResult: success, version: HTTP/1.1, content: EmptyByteBufBE)
GET /session/bb1433e63d717424c7072d4df38a30d1/screenshot HTTP/1.1
User-Agent: selenium/4.1.4 (java windows)
Cache-Control: no-cache
Content-Type: application/json; charset=utf-8
host: localhost:62554
accept: */*

Response DefaultHttpResponse(decodeResult: success, version: HTTP/1.1)
HTTP/1.1 200 OK
Content-Type: application/json; charset=utf-8
cache-control: no-cache
content-length: 73828

18:31:13.308 [AsyncHttpClient-1-6] DEBUG org.asynchttpclient.netty.channel.ChannelManager - Adding key: http://localhost:62554 for channel [id: 0x8e7fe59d, L:/127.0.0.1:49896 - R:localhost/127.0.0.1:62554]
18:31:13.309 [main] DEBUG net.serenitybdd.core.photography.Darkroom - Send negative for processing for target\site\serenity\72b1dc46755ad34ff91c11e1b1caae6c2bf0c89c0712209abe6f85dd16a7f21f.png
18:31:13.309 [main] DEBUG net.thucydides.core.steps.StepInterceptor - STEP DONE: clickButtonErrorOK
  &amp#27;[32mAnd &amp#27;[0m&amp#27;[32mLogin validation invalid&amp#27;[0m                                                 &amp#27;[90m# starter.stepdefinitios.LoginSteps.loginValidationInvalid()&amp#27;[0m
18:31:13.309 [Darkroom Processing Line] DEBUG net.serenitybdd.core.photography.DarkroomProcessingLine - Processing screenshot image in /var/screenshots/screenshot-2147830671175801871
18:31:13.309 [Darkroom Processing Line] DEBUG net.serenitybdd.core.photography.DarkroomProcessingLine - Saving screenshot to target\site\serenity\72b1dc46755ad34ff91c11e1b1caae6c2bf0c89c0712209abe6f85dd16a7f21f.png
18:31:13.938 [AsyncHttpClient-1-1] DEBUG org.asynchttpclient.netty.channel.DefaultChannelPool - Entry count for : http://localhost:49897 : 1
18:31:13.938 [AsyncHttpClient-1-1] DEBUG org.asynchttpclient.netty.channel.DefaultChannelPool - Entry count for : http://localhost:62554 : 1
18:31:15.037 [AsyncHttpClient-1-1] DEBUG org.asynchttpclient.netty.channel.DefaultChannelPool - Entry count for : http://localhost:49897 : 1
18:31:15.037 [AsyncHttpClient-1-1] DEBUG org.asynchttpclient.netty.channel.DefaultChannelPool - Entry count for : http://localhost:62554 : 1
18:31:16.139 [AsyncHttpClient-1-1] DEBUG org.asynchttpclient.netty.channel.DefaultChannelPool - Entry count for : http://localhost:49897 : 1
18:31:16.139 [AsyncHttpClient-1-1] DEBUG org.asynchttpclient.netty.channel.DefaultChannelPool - Entry count for : http://localhost:62554 : 1
18:31:17.236 [AsyncHttpClient-1-1] DEBUG org.asynchttpclient.netty.channel.DefaultChannelPool - Entry count for : http://localhost:49897 : 1
18:31:17.236 [AsyncHttpClient-1-1] DEBUG org.asynchttpclient.netty.channel.DefaultChannelPool - Entry count for : http://localhost:62554 : 1
18:31:18.336 [AsyncHttpClient-1-1] DEBUG org.asynchttpclient.netty.channel.DefaultChannelPool - Entry count for : http://localhost:49897 : 1
18:31:18.336 [AsyncHttpClient-1-1] DEBUG org.asynchttpclient.netty.channel.DefaultChannelPool - Entry count for : http://localhost:62554 : 1
18:31:18.342 [Forwarding screenshot on session bb1433e63d717424c7072d4df38a30d1 to remote] DEBUG org.asynchttpclient.netty.request.NettyRequestSender - Using pooled Channel '[id: 0x8e7fe59d, L:/127.0.0.1:49896 - R:localhost/127.0.0.1:62554]' for 'GET' to 'http://localhost:62554/session/bb1433e63d717424c7072d4df38a30d1/screenshot'
18:31:18.342 [Forwarding screenshot on session bb1433e63d717424c7072d4df38a30d1 to remote] DEBUG org.asynchttpclient.netty.request.NettyRequestSender - Using open Channel [id: 0x8e7fe59d, L:/127.0.0.1:49896 - R:localhost/127.0.0.1:62554] for GET '/session/bb1433e63d717424c7072d4df38a30d1/screenshot'
18:31:18.515 [AsyncHttpClient-1-6] DEBUG org.asynchttpclient.netty.handler.HttpHandler - 

Request DefaultFullHttpRequest(decodeResult: success, version: HTTP/1.1, content: EmptyByteBufBE)
GET /session/bb1433e63d717424c7072d4df38a30d1/screenshot HTTP/1.1
User-Agent: selenium/4.1.4 (java windows)
Cache-Control: no-cache
Content-Type: application/json; charset=utf-8
host: localhost:62554
accept: */*

Response DefaultHttpResponse(decodeResult: success, version: HTTP/1.1)
HTTP/1.1 200 OK
Content-Type: application/json; charset=utf-8
cache-control: no-cache
content-length: 78860

18:31:18.515 [AsyncHttpClient-1-6] DEBUG org.asynchttpclient.netty.channel.ChannelManager - Adding key: http://localhost:62554 for channel [id: 0x8e7fe59d, L:/127.0.0.1:49896 - R:localhost/127.0.0.1:62554]
18:31:18.519 [main] DEBUG net.serenitybdd.core.photography.Darkroom - Send negative for processing for target\site\serenity\e3902e4e6d497170d59aa0c0c2930d955492166dca27ad580f2b08c08bf103aa.png
18:31:18.520 [main] DEBUG net.thucydides.core.steps.StepInterceptor - STARTING STEP: PatientDataSteps.clickButtonDataPasien - clickButtonDataPasien
18:31:18.523 [Forwarding findElement on session bb1433e63d717424c7072d4df38a30d1 to remote] DEBUG org.asynchttpclient.netty.request.NettyRequestSender - Using pooled Channel '[id: 0x8e7fe59d, L:/127.0.0.1:49896 - R:localhost/127.0.0.1:62554]' for 'POST' to 'http://localhost:62554/session/bb1433e63d717424c7072d4df38a30d1/element'
18:31:18.523 [Forwarding findElement on session bb1433e63d717424c7072d4df38a30d1 to remote] DEBUG org.asynchttpclient.netty.request.NettyRequestSender - Using open Channel [id: 0x8e7fe59d, L:/127.0.0.1:49896 - R:localhost/127.0.0.1:62554] for POST '/session/bb1433e63d717424c7072d4df38a30d1/element'
18:31:18.546 [AsyncHttpClient-1-6] DEBUG org.asynchttpclient.netty.handler.HttpHandler - 

Request DefaultHttpRequest(decodeResult: success, version: HTTP/1.1)
POST /session/bb1433e63d717424c7072d4df38a30d1/element HTTP/1.1
User-Agent: selenium/4.1.4 (java windows)
Content-Length: 114
Content-Type: application/json; charset=utf-8
host: localhost:62554
accept: */*

Response DefaultHttpResponse(decodeResult: success, version: HTTP/1.1)
HTTP/1.1 200 OK
Content-Type: application/json; charset=utf-8
cache-control: no-cache
content-length: 88

18:31:18.546 [AsyncHttpClient-1-6] DEBUG org.asynchttpclient.netty.channel.ChannelManager - Adding key: http://localhost:62554 for channel [id: 0x8e7fe59d, L:/127.0.0.1:49896 - R:localhost/127.0.0.1:62554]
18:31:18.548 [Forwarding getElementTagName on session bb1433e63d717424c7072d4df38a30d1 to remote] DEBUG org.asynchttpclient.netty.request.NettyRequestSender - Using pooled Channel '[id: 0x8e7fe59d, L:/127.0.0.1:49896 - R:localhost/127.0.0.1:62554]' for 'GET' to 'http://localhost:62554/session/bb1433e63d717424c7072d4df38a30d1/element/43731fef-2d8c-422f-9d62-a86b93d6efdc/name'
18:31:18.548 [Forwarding getElementTagName on session bb1433e63d717424c7072d4df38a30d1 to remote] DEBUG org.asynchttpclient.netty.request.NettyRequestSender - Using open Channel [id: 0x8e7fe59d, L:/127.0.0.1:49896 - R:localhost/127.0.0.1:62554] for GET '/session/bb1433e63d717424c7072d4df38a30d1/element/43731fef-2d8c-422f-9d62-a86b93d6efdc/name'
18:31:18.555 [AsyncHttpClient-1-6] DEBUG org.asynchttpclient.netty.handler.HttpHandler - 

Request DefaultFullHttpRequest(decodeResult: success, version: HTTP/1.1, content: EmptyByteBufBE)
GET /session/bb1433e63d717424c7072d4df38a30d1/element/43731fef-2d8c-422f-9d62-a86b93d6efdc/name HTTP/1.1
User-Agent: selenium/4.1.4 (java windows)
Cache-Control: no-cache
Content-Type: application/json; charset=utf-8
host: localhost:62554
accept: */*

Response DefaultHttpResponse(decodeResult: success, version: HTTP/1.1)
HTTP/1.1 200 OK
Content-Type: application/json; charset=utf-8
cache-control: no-cache
content-length: 13

18:31:18.557 [AsyncHttpClient-1-6] DEBUG org.asynchttpclient.netty.channel.ChannelManager - Adding key: http://localhost:62554 for channel [id: 0x8e7fe59d, L:/127.0.0.1:49896 - R:localhost/127.0.0.1:62554]
18:31:18.558 [Forwarding getElementTagName on session bb1433e63d717424c7072d4df38a30d1 to remote] DEBUG org.asynchttpclient.netty.request.NettyRequestSender - Using pooled Channel '[id: 0x8e7fe59d, L:/127.0.0.1:49896 - R:localhost/127.0.0.1:62554]' for 'GET' to 'http://localhost:62554/session/bb1433e63d717424c7072d4df38a30d1/element/43731fef-2d8c-422f-9d62-a86b93d6efdc/name'
18:31:18.558 [Forwarding getElementTagName on session bb1433e63d717424c7072d4df38a30d1 to remote] DEBUG org.asynchttpclient.netty.request.NettyRequestSender - Using open Channel [id: 0x8e7fe59d, L:/127.0.0.1:49896 - R:localhost/127.0.0.1:62554] for GET '/session/bb1433e63d717424c7072d4df38a30d1/element/43731fef-2d8c-422f-9d62-a86b93d6efdc/name'
18:31:18.563 [AsyncHttpClient-1-6] DEBUG org.asynchttpclient.netty.handler.HttpHandler - 

Request DefaultFullHttpRequest(decodeResult: success, version: HTTP/1.1, content: EmptyByteBufBE)
GET /session/bb1433e63d717424c7072d4df38a30d1/element/43731fef-2d8c-422f-9d62-a86b93d6efdc/name HTTP/1.1
User-Agent: selenium/4.1.4 (java windows)
Cache-Control: no-cache
Content-Type: application/json; charset=utf-8
host: localhost:62554
accept: */*

Response DefaultHttpResponse(decodeResult: success, version: HTTP/1.1)
HTTP/1.1 200 OK
Content-Type: application/json; charset=utf-8
cache-control: no-cache
content-length: 13

18:31:18.564 [AsyncHttpClient-1-6] DEBUG org.asynchttpclient.netty.channel.ChannelManager - Adding key: http://localhost:62554 for channel [id: 0x8e7fe59d, L:/127.0.0.1:49896 - R:localhost/127.0.0.1:62554]
18:31:18.566 [Forwarding findElement on session bb1433e63d717424c7072d4df38a30d1 to remote] DEBUG org.asynchttpclient.netty.request.NettyRequestSender - Using pooled Channel '[id: 0x8e7fe59d, L:/127.0.0.1:49896 - R:localhost/127.0.0.1:62554]' for 'POST' to 'http://localhost:62554/session/bb1433e63d717424c7072d4df38a30d1/element'
18:31:18.566 [Forwarding findElement on session bb1433e63d717424c7072d4df38a30d1 to remote] DEBUG org.asynchttpclient.netty.request.NettyRequestSender - Using open Channel [id: 0x8e7fe59d, L:/127.0.0.1:49896 - R:localhost/127.0.0.1:62554] for POST '/session/bb1433e63d717424c7072d4df38a30d1/element'
18:31:18.581 [AsyncHttpClient-1-6] DEBUG org.asynchttpclient.netty.handler.HttpHandler - 

Request DefaultHttpRequest(decodeResult: success, version: HTTP/1.1)
POST /session/bb1433e63d717424c7072d4df38a30d1/element HTTP/1.1
User-Agent: selenium/4.1.4 (java windows)
Content-Length: 114
Content-Type: application/json; charset=utf-8
host: localhost:62554
accept: */*

Response DefaultHttpResponse(decodeResult: success, version: HTTP/1.1)
HTTP/1.1 200 OK
Content-Type: application/json; charset=utf-8
cache-control: no-cache
content-length: 88

18:31:18.581 [AsyncHttpClient-1-6] DEBUG org.asynchttpclient.netty.channel.ChannelManager - Adding key: http://localhost:62554 for channel [id: 0x8e7fe59d, L:/127.0.0.1:49896 - R:localhost/127.0.0.1:62554]
18:31:18.582 [Forwarding clickElement on session bb1433e63d717424c7072d4df38a30d1 to remote] DEBUG org.asynchttpclient.netty.request.NettyRequestSender - Using pooled Channel '[id: 0x8e7fe59d, L:/127.0.0.1:49896 - R:localhost/127.0.0.1:62554]' for 'POST' to 'http://localhost:62554/session/bb1433e63d717424c7072d4df38a30d1/element/43731fef-2d8c-422f-9d62-a86b93d6efdc/click'
18:31:18.582 [Forwarding clickElement on session bb1433e63d717424c7072d4df38a30d1 to remote] DEBUG org.asynchttpclient.netty.request.NettyRequestSender - Using open Channel [id: 0x8e7fe59d, L:/127.0.0.1:49896 - R:localhost/127.0.0.1:62554] for POST '/session/bb1433e63d717424c7072d4df38a30d1/element/43731fef-2d8c-422f-9d62-a86b93d6efdc/click'
18:31:18.721 [AsyncHttpClient-1-6] DEBUG org.asynchttpclient.netty.handler.HttpHandler - 

Request DefaultHttpRequest(decodeResult: success, version: HTTP/1.1)
POST /session/bb1433e63d717424c7072d4df38a30d1/element/43731fef-2d8c-422f-9d62-a86b93d6efdc/click HTTP/1.1
User-Agent: selenium/4.1.4 (java windows)
Content-Length: 50
Content-Type: application/json; charset=utf-8
host: localhost:62554
accept: */*

Response DefaultHttpResponse(decodeResult: success, version: HTTP/1.1)
HTTP/1.1 200 OK
Content-Type: application/json; charset=utf-8
cache-control: no-cache
content-length: 14

18:31:18.722 [AsyncHttpClient-1-6] DEBUG org.asynchttpclient.netty.channel.ChannelManager - Adding key: http://localhost:62554 for channel [id: 0x8e7fe59d, L:/127.0.0.1:49896 - R:localhost/127.0.0.1:62554]
18:31:18.731 [Forwarding screenshot on session bb1433e63d717424c7072d4df38a30d1 to remote] DEBUG org.asynchttpclient.netty.request.NettyRequestSender - Using pooled Channel '[id: 0x8e7fe59d, L:/127.0.0.1:49896 - R:localhost/127.0.0.1:62554]' for 'GET' to 'http://localhost:62554/session/bb1433e63d717424c7072d4df38a30d1/screenshot'
18:31:18.731 [Forwarding screenshot on session bb1433e63d717424c7072d4df38a30d1 to remote] DEBUG org.asynchttpclient.netty.request.NettyRequestSender - Using open Channel [id: 0x8e7fe59d, L:/127.0.0.1:49896 - R:localhost/127.0.0.1:62554] for GET '/session/bb1433e63d717424c7072d4df38a30d1/screenshot'
18:31:18.962 [AsyncHttpClient-1-6] DEBUG org.asynchttpclient.netty.handler.HttpHandler - 

Request DefaultFullHttpRequest(decodeResult: success, version: HTTP/1.1, content: EmptyByteBufBE)
GET /session/bb1433e63d717424c7072d4df38a30d1/screenshot HTTP/1.1
User-Agent: selenium/4.1.4 (java windows)
Cache-Control: no-cache
Content-Type: application/json; charset=utf-8
host: localhost:62554
accept: */*

Response DefaultHttpResponse(decodeResult: success, version: HTTP/1.1)
HTTP/1.1 200 OK
Content-Type: application/json; charset=utf-8
cache-control: no-cache
content-length: 115660

18:31:18.962 [AsyncHttpClient-1-6] DEBUG org.asynchttpclient.netty.channel.ChannelManager - Adding key: http://localhost:62554 for channel [id: 0x8e7fe59d, L:/127.0.0.1:49896 - R:localhost/127.0.0.1:62554]
18:31:18.972 [main] DEBUG net.serenitybdd.core.photography.Darkroom - Send negative for processing for target\site\serenity\5774c606eb63b932553ad4be30af178d60707219dc54ee465cbdb724bd06e17b.png
18:31:18.972 [main] DEBUG net.thucydides.core.steps.StepInterceptor - STEP DONE: clickButtonDataPasien
  &amp#27;[32mWhen &amp#27;[0m&amp#27;[32mClick button data pasien&amp#27;[0m                                                &amp#27;[90m# starter.stepdefinitios.PatientDataSteps.clickButtonDataPasien()&amp#27;[0m
18:31:18.973 [Darkroom Processing Line] DEBUG net.serenitybdd.core.photography.DarkroomProcessingLine - Processing screenshot image in /var/screenshots/screenshot-16460321935011024851
18:31:18.973 [Darkroom Processing Line] DEBUG net.serenitybdd.core.photography.DarkroomProcessingLine - Saving screenshot to target\site\serenity\5774c606eb63b932553ad4be30af178d60707219dc54ee465cbdb724bd06e17b.png
18:31:19.439 [AsyncHttpClient-1-1] DEBUG org.asynchttpclient.netty.channel.DefaultChannelPool - Entry count for : http://localhost:49897 : 1
18:31:19.439 [AsyncHttpClient-1-1] DEBUG org.asynchttpclient.netty.channel.DefaultChannelPool - Entry count for : http://localhost:62554 : 1
18:31:20.549 [AsyncHttpClient-1-1] DEBUG org.asynchttpclient.netty.channel.DefaultChannelPool - Entry count for : http://localhost:49897 : 1
18:31:20.549 [AsyncHttpClient-1-1] DEBUG org.asynchttpclient.netty.channel.DefaultChannelPool - Entry count for : http://localhost:62554 : 1
18:31:21.638 [AsyncHttpClient-1-1] DEBUG org.asynchttpclient.netty.channel.DefaultChannelPool - Entry count for : http://localhost:49897 : 1
18:31:21.638 [AsyncHttpClient-1-1] DEBUG org.asynchttpclient.netty.channel.DefaultChannelPool - Entry count for : http://localhost:62554 : 1
18:31:22.745 [AsyncHttpClient-1-1] DEBUG org.asynchttpclient.netty.channel.DefaultChannelPool - Entry count for : http://localhost:49897 : 1
18:31:22.745 [AsyncHttpClient-1-1] DEBUG org.asynchttpclient.netty.channel.DefaultChannelPool - Entry count for : http://localhost:62554 : 1
18:31:23.848 [AsyncHttpClient-1-1] DEBUG org.asynchttpclient.netty.channel.DefaultChannelPool - Entry count for : http://localhost:49897 : 1
18:31:23.848 [AsyncHttpClient-1-1] DEBUG org.asynchttpclient.netty.channel.DefaultChannelPool - Entry count for : http://localhost:62554 : 1
18:31:24.937 [AsyncHttpClient-1-1] DEBUG org.asynchttpclient.netty.channel.DefaultChannelPool - Entry count for : http://localhost:49897 : 1
18:31:24.937 [AsyncHttpClient-1-1] DEBUG org.asynchttpclient.netty.channel.DefaultChannelPool - Entry count for : http://localhost:62554 : 1
18:31:25.026 [Forwarding screenshot on session bb1433e63d717424c7072d4df38a30d1 to remote] DEBUG org.asynchttpclient.netty.request.NettyRequestSender - Using pooled Channel '[id: 0x8e7fe59d, L:/127.0.0.1:49896 - R:localhost/127.0.0.1:62554]' for 'GET' to 'http://localhost:62554/session/bb1433e63d717424c7072d4df38a30d1/screenshot'
18:31:25.026 [Forwarding screenshot on session bb1433e63d717424c7072d4df38a30d1 to remote] DEBUG org.asynchttpclient.netty.request.NettyRequestSender - Using open Channel [id: 0x8e7fe59d, L:/127.0.0.1:49896 - R:localhost/127.0.0.1:62554] for GET '/session/bb1433e63d717424c7072d4df38a30d1/screenshot'
18:31:25.203 [AsyncHttpClient-1-6] DEBUG org.asynchttpclient.netty.handler.HttpHandler - 

Request DefaultFullHttpRequest(decodeResult: success, version: HTTP/1.1, content: EmptyByteBufBE)
GET /session/bb1433e63d717424c7072d4df38a30d1/screenshot HTTP/1.1
User-Agent: selenium/4.1.4 (java windows)
Cache-Control: no-cache
Content-Type: application/json; charset=utf-8
host: localhost:62554
accept: */*

Response DefaultHttpResponse(decodeResult: success, version: HTTP/1.1)
HTTP/1.1 200 OK
Content-Type: application/json; charset=utf-8
cache-control: no-cache
content-length: 83448

18:31:25.203 [AsyncHttpClient-1-6] DEBUG org.asynchttpclient.netty.channel.ChannelManager - Adding key: http://localhost:62554 for channel [id: 0x8e7fe59d, L:/127.0.0.1:49896 - R:localhost/127.0.0.1:62554]
18:31:25.205 [main] DEBUG net.serenitybdd.core.photography.Darkroom - Send negative for processing for target\site\serenity\cdc7d6768bd36f67cb5558b84d3f7cdf2498093267c606387c7df8516ad3c364.png
18:31:25.205 [main] DEBUG net.thucydides.core.steps.StepInterceptor - STARTING STEP: PatientDataSteps.clickButtonTambahData - clickButtonTambah
18:31:25.210 [Forwarding findElement on session bb1433e63d717424c7072d4df38a30d1 to remote] DEBUG org.asynchttpclient.netty.request.NettyRequestSender - Using pooled Channel '[id: 0x8e7fe59d, L:/127.0.0.1:49896 - R:localhost/127.0.0.1:62554]' for 'POST' to 'http://localhost:62554/session/bb1433e63d717424c7072d4df38a30d1/element'
18:31:25.210 [Forwarding findElement on session bb1433e63d717424c7072d4df38a30d1 to remote] DEBUG org.asynchttpclient.netty.request.NettyRequestSender - Using open Channel [id: 0x8e7fe59d, L:/127.0.0.1:49896 - R:localhost/127.0.0.1:62554] for POST '/session/bb1433e63d717424c7072d4df38a30d1/element'
18:31:25.228 [AsyncHttpClient-1-6] DEBUG org.asynchttpclient.netty.handler.HttpHandler - 

Request DefaultHttpRequest(decodeResult: success, version: HTTP/1.1)
POST /session/bb1433e63d717424c7072d4df38a30d1/element HTTP/1.1
User-Agent: selenium/4.1.4 (java windows)
Content-Length: 68
Content-Type: application/json; charset=utf-8
host: localhost:62554
accept: */*

Response DefaultHttpResponse(decodeResult: success, version: HTTP/1.1)
HTTP/1.1 200 OK
Content-Type: application/json; charset=utf-8
cache-control: no-cache
content-length: 88

18:31:25.228 [AsyncHttpClient-1-6] DEBUG org.asynchttpclient.netty.channel.ChannelManager - Adding key: http://localhost:62554 for channel [id: 0x8e7fe59d, L:/127.0.0.1:49896 - R:localhost/127.0.0.1:62554]
18:31:25.229 [Forwarding getElementTagName on session bb1433e63d717424c7072d4df38a30d1 to remote] DEBUG org.asynchttpclient.netty.request.NettyRequestSender - Using pooled Channel '[id: 0x8e7fe59d, L:/127.0.0.1:49896 - R:localhost/127.0.0.1:62554]' for 'GET' to 'http://localhost:62554/session/bb1433e63d717424c7072d4df38a30d1/element/c99ab9f1-b7e0-4e78-9b2a-6b54bfd398fd/name'
18:31:25.229 [Forwarding getElementTagName on session bb1433e63d717424c7072d4df38a30d1 to remote] DEBUG org.asynchttpclient.netty.request.NettyRequestSender - Using open Channel [id: 0x8e7fe59d, L:/127.0.0.1:49896 - R:localhost/127.0.0.1:62554] for GET '/session/bb1433e63d717424c7072d4df38a30d1/element/c99ab9f1-b7e0-4e78-9b2a-6b54bfd398fd/name'
18:31:25.233 [AsyncHttpClient-1-6] DEBUG org.asynchttpclient.netty.handler.HttpHandler - 

Request DefaultFullHttpRequest(decodeResult: success, version: HTTP/1.1, content: EmptyByteBufBE)
GET /session/bb1433e63d717424c7072d4df38a30d1/element/c99ab9f1-b7e0-4e78-9b2a-6b54bfd398fd/name HTTP/1.1
User-Agent: selenium/4.1.4 (java windows)
Cache-Control: no-cache
Content-Type: application/json; charset=utf-8
host: localhost:62554
accept: */*

Response DefaultHttpResponse(decodeResult: success, version: HTTP/1.1)
HTTP/1.1 200 OK
Content-Type: application/json; charset=utf-8
cache-control: no-cache
content-length: 18

18:31:25.233 [AsyncHttpClient-1-6] DEBUG org.asynchttpclient.netty.channel.ChannelManager - Adding key: http://localhost:62554 for channel [id: 0x8e7fe59d, L:/127.0.0.1:49896 - R:localhost/127.0.0.1:62554]
18:31:25.234 [Forwarding getElementTagName on session bb1433e63d717424c7072d4df38a30d1 to remote] DEBUG org.asynchttpclient.netty.request.NettyRequestSender - Using pooled Channel '[id: 0x8e7fe59d, L:/127.0.0.1:49896 - R:localhost/127.0.0.1:62554]' for 'GET' to 'http://localhost:62554/session/bb1433e63d717424c7072d4df38a30d1/element/c99ab9f1-b7e0-4e78-9b2a-6b54bfd398fd/name'
18:31:25.234 [Forwarding getElementTagName on session bb1433e63d717424c7072d4df38a30d1 to remote] DEBUG org.asynchttpclient.netty.request.NettyRequestSender - Using open Channel [id: 0x8e7fe59d, L:/127.0.0.1:49896 - R:localhost/127.0.0.1:62554] for GET '/session/bb1433e63d717424c7072d4df38a30d1/element/c99ab9f1-b7e0-4e78-9b2a-6b54bfd398fd/name'
18:31:25.237 [AsyncHttpClient-1-6] DEBUG org.asynchttpclient.netty.handler.HttpHandler - 

Request DefaultFullHttpRequest(decodeResult: success, version: HTTP/1.1, content: EmptyByteBufBE)
GET /session/bb1433e63d717424c7072d4df38a30d1/element/c99ab9f1-b7e0-4e78-9b2a-6b54bfd398fd/name HTTP/1.1
User-Agent: selenium/4.1.4 (java windows)
Cache-Control: no-cache
Content-Type: application/json; charset=utf-8
host: localhost:62554
accept: */*

Response DefaultHttpResponse(decodeResult: success, version: HTTP/1.1)
HTTP/1.1 200 OK
Content-Type: application/json; charset=utf-8
cache-control: no-cache
content-length: 18

18:31:25.237 [AsyncHttpClient-1-6] DEBUG org.asynchttpclient.netty.channel.ChannelManager - Adding key: http://localhost:62554 for channel [id: 0x8e7fe59d, L:/127.0.0.1:49896 - R:localhost/127.0.0.1:62554]
18:31:25.239 [Forwarding isElementEnabled on session bb1433e63d717424c7072d4df38a30d1 to remote] DEBUG org.asynchttpclient.netty.request.NettyRequestSender - Using pooled Channel '[id: 0x8e7fe59d, L:/127.0.0.1:49896 - R:localhost/127.0.0.1:62554]' for 'GET' to 'http://localhost:62554/session/bb1433e63d717424c7072d4df38a30d1/element/c99ab9f1-b7e0-4e78-9b2a-6b54bfd398fd/enabled'
18:31:25.239 [Forwarding isElementEnabled on session bb1433e63d717424c7072d4df38a30d1 to remote] DEBUG org.asynchttpclient.netty.request.NettyRequestSender - Using open Channel [id: 0x8e7fe59d, L:/127.0.0.1:49896 - R:localhost/127.0.0.1:62554] for GET '/session/bb1433e63d717424c7072d4df38a30d1/element/c99ab9f1-b7e0-4e78-9b2a-6b54bfd398fd/enabled'
18:31:25.248 [AsyncHttpClient-1-6] DEBUG org.asynchttpclient.netty.handler.HttpHandler - 

Request DefaultFullHttpRequest(decodeResult: success, version: HTTP/1.1, content: EmptyByteBufBE)
GET /session/bb1433e63d717424c7072d4df38a30d1/element/c99ab9f1-b7e0-4e78-9b2a-6b54bfd398fd/enabled HTTP/1.1
User-Agent: selenium/4.1.4 (java windows)
Cache-Control: no-cache
Content-Type: application/json; charset=utf-8
host: localhost:62554
accept: */*

Response DefaultHttpResponse(decodeResult: success, version: HTTP/1.1)
HTTP/1.1 200 OK
Content-Type: application/json; charset=utf-8
cache-control: no-cache
content-length: 14

18:31:25.248 [AsyncHttpClient-1-6] DEBUG org.asynchttpclient.netty.channel.ChannelManager - Adding key: http://localhost:62554 for channel [id: 0x8e7fe59d, L:/127.0.0.1:49896 - R:localhost/127.0.0.1:62554]
18:31:25.249 [Forwarding isElementEnabled on session bb1433e63d717424c7072d4df38a30d1 to remote] DEBUG org.asynchttpclient.netty.request.NettyRequestSender - Using pooled Channel '[id: 0x8e7fe59d, L:/127.0.0.1:49896 - R:localhost/127.0.0.1:62554]' for 'GET' to 'http://localhost:62554/session/bb1433e63d717424c7072d4df38a30d1/element/c99ab9f1-b7e0-4e78-9b2a-6b54bfd398fd/enabled'
18:31:25.249 [Forwarding isElementEnabled on session bb1433e63d717424c7072d4df38a30d1 to remote] DEBUG org.asynchttpclient.netty.request.NettyRequestSender - Using open Channel [id: 0x8e7fe59d, L:/127.0.0.1:49896 - R:localhost/127.0.0.1:62554] for GET '/session/bb1433e63d717424c7072d4df38a30d1/element/c99ab9f1-b7e0-4e78-9b2a-6b54bfd398fd/enabled'
18:31:25.253 [AsyncHttpClient-1-6] DEBUG org.asynchttpclient.netty.handler.HttpHandler - 

Request DefaultFullHttpRequest(decodeResult: success, version: HTTP/1.1, content: EmptyByteBufBE)
GET /session/bb1433e63d717424c7072d4df38a30d1/element/c99ab9f1-b7e0-4e78-9b2a-6b54bfd398fd/enabled HTTP/1.1
User-Agent: selenium/4.1.4 (java windows)
Cache-Control: no-cache
Content-Type: application/json; charset=utf-8
host: localhost:62554
accept: */*

Response DefaultHttpResponse(decodeResult: success, version: HTTP/1.1)
HTTP/1.1 200 OK
Content-Type: application/json; charset=utf-8
cache-control: no-cache
content-length: 14

18:31:25.253 [AsyncHttpClient-1-6] DEBUG org.asynchttpclient.netty.channel.ChannelManager - Adding key: http://localhost:62554 for channel [id: 0x8e7fe59d, L:/127.0.0.1:49896 - R:localhost/127.0.0.1:62554]
18:31:25.255 [Forwarding findElement on session bb1433e63d717424c7072d4df38a30d1 to remote] DEBUG org.asynchttpclient.netty.request.NettyRequestSender - Using pooled Channel '[id: 0x8e7fe59d, L:/127.0.0.1:49896 - R:localhost/127.0.0.1:62554]' for 'POST' to 'http://localhost:62554/session/bb1433e63d717424c7072d4df38a30d1/element'
18:31:25.255 [Forwarding findElement on session bb1433e63d717424c7072d4df38a30d1 to remote] DEBUG org.asynchttpclient.netty.request.NettyRequestSender - Using open Channel [id: 0x8e7fe59d, L:/127.0.0.1:49896 - R:localhost/127.0.0.1:62554] for POST '/session/bb1433e63d717424c7072d4df38a30d1/element'
18:31:25.262 [AsyncHttpClient-1-6] DEBUG org.asynchttpclient.netty.handler.HttpHandler - 

Request DefaultHttpRequest(decodeResult: success, version: HTTP/1.1)
POST /session/bb1433e63d717424c7072d4df38a30d1/element HTTP/1.1
User-Agent: selenium/4.1.4 (java windows)
Content-Length: 68
Content-Type: application/json; charset=utf-8
host: localhost:62554
accept: */*

Response DefaultHttpResponse(decodeResult: success, version: HTTP/1.1)
HTTP/1.1 200 OK
Content-Type: application/json; charset=utf-8
cache-control: no-cache
content-length: 88

18:31:25.262 [AsyncHttpClient-1-6] DEBUG org.asynchttpclient.netty.channel.ChannelManager - Adding key: http://localhost:62554 for channel [id: 0x8e7fe59d, L:/127.0.0.1:49896 - R:localhost/127.0.0.1:62554]
18:31:25.263 [Forwarding clickElement on session bb1433e63d717424c7072d4df38a30d1 to remote] DEBUG org.asynchttpclient.netty.request.NettyRequestSender - Using pooled Channel '[id: 0x8e7fe59d, L:/127.0.0.1:49896 - R:localhost/127.0.0.1:62554]' for 'POST' to 'http://localhost:62554/session/bb1433e63d717424c7072d4df38a30d1/element/c99ab9f1-b7e0-4e78-9b2a-6b54bfd398fd/click'
18:31:25.263 [Forwarding clickElement on session bb1433e63d717424c7072d4df38a30d1 to remote] DEBUG org.asynchttpclient.netty.request.NettyRequestSender - Using open Channel [id: 0x8e7fe59d, L:/127.0.0.1:49896 - R:localhost/127.0.0.1:62554] for POST '/session/bb1433e63d717424c7072d4df38a30d1/element/c99ab9f1-b7e0-4e78-9b2a-6b54bfd398fd/click'
18:31:25.414 [AsyncHttpClient-1-6] DEBUG org.asynchttpclient.netty.handler.HttpHandler - 

Request DefaultHttpRequest(decodeResult: success, version: HTTP/1.1)
POST /session/bb1433e63d717424c7072d4df38a30d1/element/c99ab9f1-b7e0-4e78-9b2a-6b54bfd398fd/click HTTP/1.1
User-Agent: selenium/4.1.4 (java windows)
Content-Length: 50
Content-Type: application/json; charset=utf-8
host: localhost:62554
accept: */*

Response DefaultHttpResponse(decodeResult: success, version: HTTP/1.1)
HTTP/1.1 200 OK
Content-Type: application/json; charset=utf-8
cache-control: no-cache
content-length: 14

18:31:25.414 [AsyncHttpClient-1-6] DEBUG org.asynchttpclient.netty.channel.ChannelManager - Adding key: http://localhost:62554 for channel [id: 0x8e7fe59d, L:/127.0.0.1:49896 - R:localhost/127.0.0.1:62554]
18:31:25.422 [Forwarding screenshot on session bb1433e63d717424c7072d4df38a30d1 to remote] DEBUG org.asynchttpclient.netty.request.NettyRequestSender - Using pooled Channel '[id: 0x8e7fe59d, L:/127.0.0.1:49896 - R:localhost/127.0.0.1:62554]' for 'GET' to 'http://localhost:62554/session/bb1433e63d717424c7072d4df38a30d1/screenshot'
18:31:25.422 [Forwarding screenshot on session bb1433e63d717424c7072d4df38a30d1 to remote] DEBUG org.asynchttpclient.netty.request.NettyRequestSender - Using open Channel [id: 0x8e7fe59d, L:/127.0.0.1:49896 - R:localhost/127.0.0.1:62554] for GET '/session/bb1433e63d717424c7072d4df38a30d1/screenshot'
18:31:25.539 [AsyncHttpClient-1-6] DEBUG org.asynchttpclient.netty.handler.HttpHandler - 

Request DefaultFullHttpRequest(decodeResult: success, version: HTTP/1.1, content: EmptyByteBufBE)
GET /session/bb1433e63d717424c7072d4df38a30d1/screenshot HTTP/1.1
User-Agent: selenium/4.1.4 (java windows)
Cache-Control: no-cache
Content-Type: application/json; charset=utf-8
host: localhost:62554
accept: */*

Response DefaultHttpResponse(decodeResult: success, version: HTTP/1.1)
HTTP/1.1 200 OK
Content-Type: application/json; charset=utf-8
cache-control: no-cache
content-length: 41184

18:31:25.539 [AsyncHttpClient-1-6] DEBUG org.asynchttpclient.netty.channel.ChannelManager - Adding key: http://localhost:62554 for channel [id: 0x8e7fe59d, L:/127.0.0.1:49896 - R:localhost/127.0.0.1:62554]
18:31:25.541 [main] DEBUG net.serenitybdd.core.photography.Darkroom - Send negative for processing for target\site\serenity\85e61910bbe1ffdf1c3467de0c5b289b3a6eab20004aed7ee6697f4c867559e7.png
18:31:25.541 [main] DEBUG net.thucydides.core.steps.StepInterceptor - STEP DONE: clickButtonTambah
  &amp#27;[32mAnd &amp#27;[0m&amp#27;[32mClick button tambah data&amp#27;[0m                                                 &amp#27;[90m# starter.stepdefinitios.PatientDataSteps.clickButtonTambahData()&amp#27;[0m
18:31:26.048 [AsyncHttpClient-1-1] DEBUG org.asynchttpclient.netty.channel.DefaultChannelPool - Entry count for : http://localhost:49897 : 1
18:31:26.048 [AsyncHttpClient-1-1] DEBUG org.asynchttpclient.netty.channel.DefaultChannelPool - Entry count for : http://localhost:62554 : 1
18:31:26.579 [Forwarding screenshot on session bb1433e63d717424c7072d4df38a30d1 to remote] DEBUG org.asynchttpclient.netty.request.NettyRequestSender - Using pooled Channel '[id: 0x8e7fe59d, L:/127.0.0.1:49896 - R:localhost/127.0.0.1:62554]' for 'GET' to 'http://localhost:62554/session/bb1433e63d717424c7072d4df38a30d1/screenshot'
18:31:26.579 [Forwarding screenshot on session bb1433e63d717424c7072d4df38a30d1 to remote] DEBUG org.asynchttpclient.netty.request.NettyRequestSender - Using open Channel [id: 0x8e7fe59d, L:/127.0.0.1:49896 - R:localhost/127.0.0.1:62554] for GET '/session/bb1433e63d717424c7072d4df38a30d1/screenshot'
18:31:26.767 [AsyncHttpClient-1-6] DEBUG org.asynchttpclient.netty.handler.HttpHandler - 

Request DefaultFullHttpRequest(decodeResult: success, version: HTTP/1.1, content: EmptyByteBufBE)
GET /session/bb1433e63d717424c7072d4df38a30d1/screenshot HTTP/1.1
User-Agent: selenium/4.1.4 (java windows)
Cache-Control: no-cache
Content-Type: application/json; charset=utf-8
host: localhost:62554
accept: */*

Response DefaultHttpResponse(decodeResult: success, version: HTTP/1.1)
HTTP/1.1 200 OK
Content-Type: application/json; charset=utf-8
cache-control: no-cache
content-length: 44800

18:31:26.767 [AsyncHttpClient-1-6] DEBUG org.asynchttpclient.netty.channel.ChannelManager - Adding key: http://localhost:62554 for channel [id: 0x8e7fe59d, L:/127.0.0.1:49896 - R:localhost/127.0.0.1:62554]
18:31:26.769 [main] DEBUG net.serenitybdd.core.photography.Darkroom - Send negative for processing for target\site\serenity\9c82b9b38a695ffa4fd8253a749c65cc43444915f5d51c363969de05270db0c1.png
18:31:26.769 [main] DEBUG net.thucydides.core.steps.StepInterceptor - STARTING STEP: PatientDataSteps.iInput - inputDataPasien
18:31:26.774 [Forwarding findElement on session bb1433e63d717424c7072d4df38a30d1 to remote] DEBUG org.asynchttpclient.netty.request.NettyRequestSender - Using pooled Channel '[id: 0x8e7fe59d, L:/127.0.0.1:49896 - R:localhost/127.0.0.1:62554]' for 'POST' to 'http://localhost:62554/session/bb1433e63d717424c7072d4df38a30d1/element'
18:31:26.774 [Forwarding findElement on session bb1433e63d717424c7072d4df38a30d1 to remote] DEBUG org.asynchttpclient.netty.request.NettyRequestSender - Using open Channel [id: 0x8e7fe59d, L:/127.0.0.1:49896 - R:localhost/127.0.0.1:62554] for POST '/session/bb1433e63d717424c7072d4df38a30d1/element'
18:31:26.799 [AsyncHttpClient-1-6] DEBUG org.asynchttpclient.netty.handler.HttpHandler - 

Request DefaultHttpRequest(decodeResult: success, version: HTTP/1.1)
POST /session/bb1433e63d717424c7072d4df38a30d1/element HTTP/1.1
User-Agent: selenium/4.1.4 (java windows)
Content-Length: 72
Content-Type: application/json; charset=utf-8
host: localhost:62554
accept: */*

Response DefaultHttpResponse(decodeResult: success, version: HTTP/1.1)
HTTP/1.1 200 OK
Content-Type: application/json; charset=utf-8
cache-control: no-cache
content-length: 88

18:31:26.799 [AsyncHttpClient-1-6] DEBUG org.asynchttpclient.netty.channel.ChannelManager - Adding key: http://localhost:62554 for channel [id: 0x8e7fe59d, L:/127.0.0.1:49896 - R:localhost/127.0.0.1:62554]
18:31:26.801 [Forwarding sendKeysToElement on session bb1433e63d717424c7072d4df38a30d1 to remote] DEBUG org.asynchttpclient.netty.request.NettyRequestSender - Using pooled Channel '[id: 0x8e7fe59d, L:/127.0.0.1:49896 - R:localhost/127.0.0.1:62554]' for 'POST' to 'http://localhost:62554/session/bb1433e63d717424c7072d4df38a30d1/element/d0fbd921-2f60-4bd5-a3f3-22ecc1a1f259/value'
18:31:26.801 [Forwarding sendKeysToElement on session bb1433e63d717424c7072d4df38a30d1 to remote] DEBUG org.asynchttpclient.netty.request.NettyRequestSender - Using open Channel [id: 0x8e7fe59d, L:/127.0.0.1:49896 - R:localhost/127.0.0.1:62554] for POST '/session/bb1433e63d717424c7072d4df38a30d1/element/d0fbd921-2f60-4bd5-a3f3-22ecc1a1f259/value'
18:31:27.100 [AsyncHttpClient-1-6] DEBUG org.asynchttpclient.netty.handler.HttpHandler - 

Request DefaultHttpRequest(decodeResult: success, version: HTTP/1.1)
POST /session/bb1433e63d717424c7072d4df38a30d1/element/d0fbd921-2f60-4bd5-a3f3-22ecc1a1f259/value HTTP/1.1
User-Agent: selenium/4.1.4 (java windows)
Content-Length: 131
Content-Type: application/json; charset=utf-8
host: localhost:62554
accept: */*

Response DefaultHttpResponse(decodeResult: success, version: HTTP/1.1)
HTTP/1.1 200 OK
Content-Type: application/json; charset=utf-8
cache-control: no-cache
content-length: 14

18:31:27.100 [AsyncHttpClient-1-6] DEBUG org.asynchttpclient.netty.channel.ChannelManager - Adding key: http://localhost:62554 for channel [id: 0x8e7fe59d, L:/127.0.0.1:49896 - R:localhost/127.0.0.1:62554]
18:31:27.102 [Forwarding findElement on session bb1433e63d717424c7072d4df38a30d1 to remote] DEBUG org.asynchttpclient.netty.request.NettyRequestSender - Using pooled Channel '[id: 0x8e7fe59d, L:/127.0.0.1:49896 - R:localhost/127.0.0.1:62554]' for 'POST' to 'http://localhost:62554/session/bb1433e63d717424c7072d4df38a30d1/element'
18:31:27.102 [Forwarding findElement on session bb1433e63d717424c7072d4df38a30d1 to remote] DEBUG org.asynchttpclient.netty.request.NettyRequestSender - Using open Channel [id: 0x8e7fe59d, L:/127.0.0.1:49896 - R:localhost/127.0.0.1:62554] for POST '/session/bb1433e63d717424c7072d4df38a30d1/element'
18:31:27.113 [AsyncHttpClient-1-6] DEBUG org.asynchttpclient.netty.handler.HttpHandler - 

Request DefaultHttpRequest(decodeResult: success, version: HTTP/1.1)
POST /session/bb1433e63d717424c7072d4df38a30d1/element HTTP/1.1
User-Agent: selenium/4.1.4 (java windows)
Content-Length: 65
Content-Type: application/json; charset=utf-8
host: localhost:62554
accept: */*

Response DefaultHttpResponse(decodeResult: success, version: HTTP/1.1)
HTTP/1.1 200 OK
Content-Type: application/json; charset=utf-8
cache-control: no-cache
content-length: 88

18:31:27.113 [AsyncHttpClient-1-6] DEBUG org.asynchttpclient.netty.channel.ChannelManager - Adding key: http://localhost:62554 for channel [id: 0x8e7fe59d, L:/127.0.0.1:49896 - R:localhost/127.0.0.1:62554]
18:31:27.113 [Forwarding sendKeysToElement on session bb1433e63d717424c7072d4df38a30d1 to remote] DEBUG org.asynchttpclient.netty.request.NettyRequestSender - Using pooled Channel '[id: 0x8e7fe59d, L:/127.0.0.1:49896 - R:localhost/127.0.0.1:62554]' for 'POST' to 'http://localhost:62554/session/bb1433e63d717424c7072d4df38a30d1/element/665819a2-1c4c-4c76-913b-d46c287e12bf/value'
18:31:27.113 [Forwarding sendKeysToElement on session bb1433e63d717424c7072d4df38a30d1 to remote] DEBUG org.asynchttpclient.netty.request.NettyRequestSender - Using open Channel [id: 0x8e7fe59d, L:/127.0.0.1:49896 - R:localhost/127.0.0.1:62554] for POST '/session/bb1433e63d717424c7072d4df38a30d1/element/665819a2-1c4c-4c76-913b-d46c287e12bf/value'
18:31:27.135 [AsyncHttpClient-1-1] DEBUG org.asynchttpclient.netty.channel.DefaultChannelPool - Entry count for : http://localhost:49897 : 1
18:31:27.265 [AsyncHttpClient-1-6] DEBUG org.asynchttpclient.netty.handler.HttpHandler - 

Request DefaultHttpRequest(decodeResult: success, version: HTTP/1.1)
POST /session/bb1433e63d717424c7072d4df38a30d1/element/665819a2-1c4c-4c76-913b-d46c287e12bf/value HTTP/1.1
User-Agent: selenium/4.1.4 (java windows)
Content-Length: 171
Content-Type: application/json; charset=utf-8
host: localhost:62554
accept: */*

Response DefaultHttpResponse(decodeResult: success, version: HTTP/1.1)
HTTP/1.1 200 OK
Content-Type: application/json; charset=utf-8
cache-control: no-cache
content-length: 14

18:31:27.265 [AsyncHttpClient-1-6] DEBUG org.asynchttpclient.netty.channel.ChannelManager - Adding key: http://localhost:62554 for channel [id: 0x8e7fe59d, L:/127.0.0.1:49896 - R:localhost/127.0.0.1:62554]
18:31:27.267 [Forwarding findElement on session bb1433e63d717424c7072d4df38a30d1 to remote] DEBUG org.asynchttpclient.netty.request.NettyRequestSender - Using pooled Channel '[id: 0x8e7fe59d, L:/127.0.0.1:49896 - R:localhost/127.0.0.1:62554]' for 'POST' to 'http://localhost:62554/session/bb1433e63d717424c7072d4df38a30d1/element'
18:31:27.267 [Forwarding findElement on session bb1433e63d717424c7072d4df38a30d1 to remote] DEBUG org.asynchttpclient.netty.request.NettyRequestSender - Using open Channel [id: 0x8e7fe59d, L:/127.0.0.1:49896 - R:localhost/127.0.0.1:62554] for POST '/session/bb1433e63d717424c7072d4df38a30d1/element'
18:31:27.277 [AsyncHttpClient-1-6] DEBUG org.asynchttpclient.netty.handler.HttpHandler - 

Request DefaultHttpRequest(decodeResult: success, version: HTTP/1.1)
POST /session/bb1433e63d717424c7072d4df38a30d1/element HTTP/1.1
User-Agent: selenium/4.1.4 (java windows)
Content-Length: 66
Content-Type: application/json; charset=utf-8
host: localhost:62554
accept: */*

Response DefaultHttpResponse(decodeResult: success, version: HTTP/1.1)
HTTP/1.1 200 OK
Content-Type: application/json; charset=utf-8
cache-control: no-cache
content-length: 88

18:31:27.277 [AsyncHttpClient-1-6] DEBUG org.asynchttpclient.netty.channel.ChannelManager - Adding key: http://localhost:62554 for channel [id: 0x8e7fe59d, L:/127.0.0.1:49896 - R:localhost/127.0.0.1:62554]
18:31:27.277 [Forwarding sendKeysToElement on session bb1433e63d717424c7072d4df38a30d1 to remote] DEBUG org.asynchttpclient.netty.request.NettyRequestSender - Using pooled Channel '[id: 0x8e7fe59d, L:/127.0.0.1:49896 - R:localhost/127.0.0.1:62554]' for 'POST' to 'http://localhost:62554/session/bb1433e63d717424c7072d4df38a30d1/element/e9938db3-cec7-446a-ad58-18e8ef9a39dc/value'
18:31:27.277 [Forwarding sendKeysToElement on session bb1433e63d717424c7072d4df38a30d1 to remote] DEBUG org.asynchttpclient.netty.request.NettyRequestSender - Using open Channel [id: 0x8e7fe59d, L:/127.0.0.1:49896 - R:localhost/127.0.0.1:62554] for POST '/session/bb1433e63d717424c7072d4df38a30d1/element/e9938db3-cec7-446a-ad58-18e8ef9a39dc/value'
18:31:27.347 [AsyncHttpClient-1-6] DEBUG org.asynchttpclient.netty.handler.HttpHandler - 

Request DefaultHttpRequest(decodeResult: success, version: HTTP/1.1)
POST /session/bb1433e63d717424c7072d4df38a30d1/element/e9938db3-cec7-446a-ad58-18e8ef9a39dc/value HTTP/1.1
User-Agent: selenium/4.1.4 (java windows)
Content-Length: 101
Content-Type: application/json; charset=utf-8
host: localhost:62554
accept: */*

Response DefaultHttpResponse(decodeResult: success, version: HTTP/1.1)
HTTP/1.1 200 OK
Content-Type: application/json; charset=utf-8
cache-control: no-cache
content-length: 14

18:31:27.347 [AsyncHttpClient-1-6] DEBUG org.asynchttpclient.netty.channel.ChannelManager - Adding key: http://localhost:62554 for channel [id: 0x8e7fe59d, L:/127.0.0.1:49896 - R:localhost/127.0.0.1:62554]
18:31:27.349 [Forwarding findElement on session bb1433e63d717424c7072d4df38a30d1 to remote] DEBUG org.asynchttpclient.netty.request.NettyRequestSender - Using pooled Channel '[id: 0x8e7fe59d, L:/127.0.0.1:49896 - R:localhost/127.0.0.1:62554]' for 'POST' to 'http://localhost:62554/session/bb1433e63d717424c7072d4df38a30d1/element'
18:31:27.349 [Forwarding findElement on session bb1433e63d717424c7072d4df38a30d1 to remote] DEBUG org.asynchttpclient.netty.request.NettyRequestSender - Using open Channel [id: 0x8e7fe59d, L:/127.0.0.1:49896 - R:localhost/127.0.0.1:62554] for POST '/session/bb1433e63d717424c7072d4df38a30d1/element'
18:31:27.363 [AsyncHttpClient-1-6] DEBUG org.asynchttpclient.netty.handler.HttpHandler - 

Request DefaultHttpRequest(decodeResult: success, version: HTTP/1.1)
POST /session/bb1433e63d717424c7072d4df38a30d1/element HTTP/1.1
User-Agent: selenium/4.1.4 (java windows)
Content-Length: 66
Content-Type: application/json; charset=utf-8
host: localhost:62554
accept: */*

Response DefaultHttpResponse(decodeResult: success, version: HTTP/1.1)
HTTP/1.1 200 OK
Content-Type: application/json; charset=utf-8
cache-control: no-cache
content-length: 88

18:31:27.363 [AsyncHttpClient-1-6] DEBUG org.asynchttpclient.netty.channel.ChannelManager - Adding key: http://localhost:62554 for channel [id: 0x8e7fe59d, L:/127.0.0.1:49896 - R:localhost/127.0.0.1:62554]
18:31:27.364 [Forwarding sendKeysToElement on session bb1433e63d717424c7072d4df38a30d1 to remote] DEBUG org.asynchttpclient.netty.request.NettyRequestSender - Using pooled Channel '[id: 0x8e7fe59d, L:/127.0.0.1:49896 - R:localhost/127.0.0.1:62554]' for 'POST' to 'http://localhost:62554/session/bb1433e63d717424c7072d4df38a30d1/element/66a01cd4-193b-4f19-b550-8805e65c71ab/value'
18:31:27.364 [Forwarding sendKeysToElement on session bb1433e63d717424c7072d4df38a30d1 to remote] DEBUG org.asynchttpclient.netty.request.NettyRequestSender - Using open Channel [id: 0x8e7fe59d, L:/127.0.0.1:49896 - R:localhost/127.0.0.1:62554] for POST '/session/bb1433e63d717424c7072d4df38a30d1/element/66a01cd4-193b-4f19-b550-8805e65c71ab/value'
18:31:27.546 [AsyncHttpClient-1-6] DEBUG org.asynchttpclient.netty.handler.HttpHandler - 

Request DefaultHttpRequest(decodeResult: success, version: HTTP/1.1)
POST /session/bb1433e63d717424c7072d4df38a30d1/element/66a01cd4-193b-4f19-b550-8805e65c71ab/value HTTP/1.1
User-Agent: selenium/4.1.4 (java windows)
Content-Length: 191
Content-Type: application/json; charset=utf-8
host: localhost:62554
accept: */*

Response DefaultHttpResponse(decodeResult: success, version: HTTP/1.1)
HTTP/1.1 200 OK
Content-Type: application/json; charset=utf-8
cache-control: no-cache
content-length: 14

18:31:27.546 [AsyncHttpClient-1-6] DEBUG org.asynchttpclient.netty.channel.ChannelManager - Adding key: http://localhost:62554 for channel [id: 0x8e7fe59d, L:/127.0.0.1:49896 - R:localhost/127.0.0.1:62554]
18:31:27.548 [Forwarding findElement on session bb1433e63d717424c7072d4df38a30d1 to remote] DEBUG org.asynchttpclient.netty.request.NettyRequestSender - Using pooled Channel '[id: 0x8e7fe59d, L:/127.0.0.1:49896 - R:localhost/127.0.0.1:62554]' for 'POST' to 'http://localhost:62554/session/bb1433e63d717424c7072d4df38a30d1/element'
18:31:27.548 [Forwarding findElement on session bb1433e63d717424c7072d4df38a30d1 to remote] DEBUG org.asynchttpclient.netty.request.NettyRequestSender - Using open Channel [id: 0x8e7fe59d, L:/127.0.0.1:49896 - R:localhost/127.0.0.1:62554] for POST '/session/bb1433e63d717424c7072d4df38a30d1/element'
18:31:27.557 [AsyncHttpClient-1-6] DEBUG org.asynchttpclient.netty.handler.HttpHandler - 

Request DefaultHttpRequest(decodeResult: success, version: HTTP/1.1)
POST /session/bb1433e63d717424c7072d4df38a30d1/element HTTP/1.1
User-Agent: selenium/4.1.4 (java windows)
Content-Length: 68
Content-Type: application/json; charset=utf-8
host: localhost:62554
accept: */*

Response DefaultHttpResponse(decodeResult: success, version: HTTP/1.1)
HTTP/1.1 200 OK
Content-Type: application/json; charset=utf-8
cache-control: no-cache
content-length: 88

18:31:27.557 [AsyncHttpClient-1-6] DEBUG org.asynchttpclient.netty.channel.ChannelManager - Adding key: http://localhost:62554 for channel [id: 0x8e7fe59d, L:/127.0.0.1:49896 - R:localhost/127.0.0.1:62554]
18:31:27.558 [Forwarding sendKeysToElement on session bb1433e63d717424c7072d4df38a30d1 to remote] DEBUG org.asynchttpclient.netty.request.NettyRequestSender - Using pooled Channel '[id: 0x8e7fe59d, L:/127.0.0.1:49896 - R:localhost/127.0.0.1:62554]' for 'POST' to 'http://localhost:62554/session/bb1433e63d717424c7072d4df38a30d1/element/30022625-e3f7-426a-9bf4-209363f4e388/value'
18:31:27.558 [Forwarding sendKeysToElement on session bb1433e63d717424c7072d4df38a30d1 to remote] DEBUG org.asynchttpclient.netty.request.NettyRequestSender - Using open Channel [id: 0x8e7fe59d, L:/127.0.0.1:49896 - R:localhost/127.0.0.1:62554] for POST '/session/bb1433e63d717424c7072d4df38a30d1/element/30022625-e3f7-426a-9bf4-209363f4e388/value'
18:31:27.711 [AsyncHttpClient-1-6] DEBUG org.asynchttpclient.netty.handler.HttpHandler - 

Request DefaultHttpRequest(decodeResult: success, version: HTTP/1.1)
POST /session/bb1433e63d717424c7072d4df38a30d1/element/30022625-e3f7-426a-9bf4-209363f4e388/value HTTP/1.1
User-Agent: selenium/4.1.4 (java windows)
Content-Length: 171
Content-Type: application/json; charset=utf-8
host: localhost:62554
accept: */*

Response DefaultHttpResponse(decodeResult: success, version: HTTP/1.1)
HTTP/1.1 200 OK
Content-Type: application/json; charset=utf-8
cache-control: no-cache
content-length: 14

18:31:27.711 [AsyncHttpClient-1-6] DEBUG org.asynchttpclient.netty.channel.ChannelManager - Adding key: http://localhost:62554 for channel [id: 0x8e7fe59d, L:/127.0.0.1:49896 - R:localhost/127.0.0.1:62554]
18:31:27.717 [Forwarding screenshot on session bb1433e63d717424c7072d4df38a30d1 to remote] DEBUG org.asynchttpclient.netty.request.NettyRequestSender - Using pooled Channel '[id: 0x8e7fe59d, L:/127.0.0.1:49896 - R:localhost/127.0.0.1:62554]' for 'GET' to 'http://localhost:62554/session/bb1433e63d717424c7072d4df38a30d1/screenshot'
18:31:27.717 [Forwarding screenshot on session bb1433e63d717424c7072d4df38a30d1 to remote] DEBUG org.asynchttpclient.netty.request.NettyRequestSender - Using open Channel [id: 0x8e7fe59d, L:/127.0.0.1:49896 - R:localhost/127.0.0.1:62554] for GET '/session/bb1433e63d717424c7072d4df38a30d1/screenshot'
18:31:27.919 [AsyncHttpClient-1-6] DEBUG org.asynchttpclient.netty.handler.HttpHandler - 

Request DefaultFullHttpRequest(decodeResult: success, version: HTTP/1.1, content: EmptyByteBufBE)
GET /session/bb1433e63d717424c7072d4df38a30d1/screenshot HTTP/1.1
User-Agent: selenium/4.1.4 (java windows)
Cache-Control: no-cache
Content-Type: application/json; charset=utf-8
host: localhost:62554
accept: */*

Response DefaultHttpResponse(decodeResult: success, version: HTTP/1.1)
HTTP/1.1 200 OK
Content-Type: application/json; charset=utf-8
cache-control: no-cache
content-length: 192952

18:31:27.919 [AsyncHttpClient-1-6] DEBUG org.asynchttpclient.netty.channel.ChannelManager - Adding key: http://localhost:62554 for channel [id: 0x8e7fe59d, L:/127.0.0.1:49896 - R:localhost/127.0.0.1:62554]
18:31:27.932 [main] DEBUG net.serenitybdd.core.photography.Darkroom - Send negative for processing for target\site\serenity\5d1fa8bd61237f75267c190dee991d5af51cebacb3260b1d38b8613978d42a24.png
18:31:27.932 [main] DEBUG net.thucydides.core.steps.StepInterceptor - STEP DONE: inputDataPasien
  &amp#27;[32mAnd &amp#27;[0m&amp#27;[32mI input &amp#27;[0m&amp#27;[32m&amp#27;[1m"Bagas"&amp#27;[0m&amp#27;[32m &amp#27;[0m&amp#27;[32m&amp#27;[1m"123456789"&amp#27;[0m&amp#27;[32m &amp#27;[0m&amp#27;[32m&amp#27;[1m"11"&amp#27;[0m&amp#27;[32m &amp#27;[0m&amp#27;[32m&amp#27;[1m"01294657612"&amp#27;[0m&amp#27;[32m &amp#27;[0m&amp#27;[32m&amp#27;[1m"perumahan"&amp#27;[0m&amp#27;[32m patient&amp#27;[0m       &amp#27;[90m# starter.stepdefinitios.PatientDataSteps.iInput(java.lang.String,java.lang.String,java.lang.String,java.lang.String,java.lang.String)&amp#27;[0m
18:31:27.932 [Darkroom Processing Line] DEBUG net.serenitybdd.core.photography.DarkroomProcessingLine - Processing screenshot image in /var/screenshots/screenshot-7709603676824874355
18:31:27.932 [Darkroom Processing Line] DEBUG net.serenitybdd.core.photography.DarkroomProcessingLine - Saving screenshot to target\site\serenity\5d1fa8bd61237f75267c190dee991d5af51cebacb3260b1d38b8613978d42a24.png
18:31:27.943 [main] DEBUG net.thucydides.core.steps.StepInterceptor - STARTING STEP: PatientDataSteps.iClickButtonJenisKelamin - clickLaki
18:31:27.946 [Forwarding findElement on session bb1433e63d717424c7072d4df38a30d1 to remote] DEBUG org.asynchttpclient.netty.request.NettyRequestSender - Using pooled Channel '[id: 0x8e7fe59d, L:/127.0.0.1:49896 - R:localhost/127.0.0.1:62554]' for 'POST' to 'http://localhost:62554/session/bb1433e63d717424c7072d4df38a30d1/element'
18:31:27.946 [Forwarding findElement on session bb1433e63d717424c7072d4df38a30d1 to remote] DEBUG org.asynchttpclient.netty.request.NettyRequestSender - Using open Channel [id: 0x8e7fe59d, L:/127.0.0.1:49896 - R:localhost/127.0.0.1:62554] for POST '/session/bb1433e63d717424c7072d4df38a30d1/element'
18:31:27.955 [AsyncHttpClient-1-6] DEBUG org.asynchttpclient.netty.handler.HttpHandler - 

Request DefaultHttpRequest(decodeResult: success, version: HTTP/1.1)
POST /session/bb1433e63d717424c7072d4df38a30d1/element HTTP/1.1
User-Agent: selenium/4.1.4 (java windows)
Content-Length: 182
Content-Type: application/json; charset=utf-8
host: localhost:62554
accept: */*

Response DefaultHttpResponse(decodeResult: success, version: HTTP/1.1)
HTTP/1.1 200 OK
Content-Type: application/json; charset=utf-8
cache-control: no-cache
content-length: 88

18:31:27.955 [AsyncHttpClient-1-6] DEBUG org.asynchttpclient.netty.channel.ChannelManager - Adding key: http://localhost:62554 for channel [id: 0x8e7fe59d, L:/127.0.0.1:49896 - R:localhost/127.0.0.1:62554]
18:31:27.955 [Forwarding getElementTagName on session bb1433e63d717424c7072d4df38a30d1 to remote] DEBUG org.asynchttpclient.netty.request.NettyRequestSender - Using pooled Channel '[id: 0x8e7fe59d, L:/127.0.0.1:49896 - R:localhost/127.0.0.1:62554]' for 'GET' to 'http://localhost:62554/session/bb1433e63d717424c7072d4df38a30d1/element/f2302c08-9661-4b77-acb9-5fa890a93780/name'
18:31:27.955 [Forwarding getElementTagName on session bb1433e63d717424c7072d4df38a30d1 to remote] DEBUG org.asynchttpclient.netty.request.NettyRequestSender - Using open Channel [id: 0x8e7fe59d, L:/127.0.0.1:49896 - R:localhost/127.0.0.1:62554] for GET '/session/bb1433e63d717424c7072d4df38a30d1/element/f2302c08-9661-4b77-acb9-5fa890a93780/name'
18:31:27.960 [AsyncHttpClient-1-6] DEBUG org.asynchttpclient.netty.handler.HttpHandler - 

Request DefaultFullHttpRequest(decodeResult: success, version: HTTP/1.1, content: EmptyByteBufBE)
GET /session/bb1433e63d717424c7072d4df38a30d1/element/f2302c08-9661-4b77-acb9-5fa890a93780/name HTTP/1.1
User-Agent: selenium/4.1.4 (java windows)
Cache-Control: no-cache
Content-Type: application/json; charset=utf-8
host: localhost:62554
accept: */*

Response DefaultHttpResponse(decodeResult: success, version: HTTP/1.1)
HTTP/1.1 200 OK
Content-Type: application/json; charset=utf-8
cache-control: no-cache
content-length: 16

18:31:27.960 [AsyncHttpClient-1-6] DEBUG org.asynchttpclient.netty.channel.ChannelManager - Adding key: http://localhost:62554 for channel [id: 0x8e7fe59d, L:/127.0.0.1:49896 - R:localhost/127.0.0.1:62554]
18:31:27.960 [Forwarding getElementTagName on session bb1433e63d717424c7072d4df38a30d1 to remote] DEBUG org.asynchttpclient.netty.request.NettyRequestSender - Using pooled Channel '[id: 0x8e7fe59d, L:/127.0.0.1:49896 - R:localhost/127.0.0.1:62554]' for 'GET' to 'http://localhost:62554/session/bb1433e63d717424c7072d4df38a30d1/element/f2302c08-9661-4b77-acb9-5fa890a93780/name'
18:31:27.960 [Forwarding getElementTagName on session bb1433e63d717424c7072d4df38a30d1 to remote] DEBUG org.asynchttpclient.netty.request.NettyRequestSender - Using open Channel [id: 0x8e7fe59d, L:/127.0.0.1:49896 - R:localhost/127.0.0.1:62554] for GET '/session/bb1433e63d717424c7072d4df38a30d1/element/f2302c08-9661-4b77-acb9-5fa890a93780/name'
18:31:27.963 [AsyncHttpClient-1-6] DEBUG org.asynchttpclient.netty.handler.HttpHandler - 

Request DefaultFullHttpRequest(decodeResult: success, version: HTTP/1.1, content: EmptyByteBufBE)
GET /session/bb1433e63d717424c7072d4df38a30d1/element/f2302c08-9661-4b77-acb9-5fa890a93780/name HTTP/1.1
User-Agent: selenium/4.1.4 (java windows)
Cache-Control: no-cache
Content-Type: application/json; charset=utf-8
host: localhost:62554
accept: */*

Response DefaultHttpResponse(decodeResult: success, version: HTTP/1.1)
HTTP/1.1 200 OK
Content-Type: application/json; charset=utf-8
cache-control: no-cache
content-length: 16

18:31:27.963 [AsyncHttpClient-1-6] DEBUG org.asynchttpclient.netty.channel.ChannelManager - Adding key: http://localhost:62554 for channel [id: 0x8e7fe59d, L:/127.0.0.1:49896 - R:localhost/127.0.0.1:62554]
18:31:27.964 [Forwarding findElement on session bb1433e63d717424c7072d4df38a30d1 to remote] DEBUG org.asynchttpclient.netty.request.NettyRequestSender - Using pooled Channel '[id: 0x8e7fe59d, L:/127.0.0.1:49896 - R:localhost/127.0.0.1:62554]' for 'POST' to 'http://localhost:62554/session/bb1433e63d717424c7072d4df38a30d1/element'
18:31:27.964 [Forwarding findElement on session bb1433e63d717424c7072d4df38a30d1 to remote] DEBUG org.asynchttpclient.netty.request.NettyRequestSender - Using open Channel [id: 0x8e7fe59d, L:/127.0.0.1:49896 - R:localhost/127.0.0.1:62554] for POST '/session/bb1433e63d717424c7072d4df38a30d1/element'
18:31:27.969 [AsyncHttpClient-1-6] DEBUG org.asynchttpclient.netty.handler.HttpHandler - 

Request DefaultHttpRequest(decodeResult: success, version: HTTP/1.1)
POST /session/bb1433e63d717424c7072d4df38a30d1/element HTTP/1.1
User-Agent: selenium/4.1.4 (java windows)
Content-Length: 182
Content-Type: application/json; charset=utf-8
host: localhost:62554
accept: */*

Response DefaultHttpResponse(decodeResult: success, version: HTTP/1.1)
HTTP/1.1 200 OK
Content-Type: application/json; charset=utf-8
cache-control: no-cache
content-length: 88

18:31:27.969 [AsyncHttpClient-1-6] DEBUG org.asynchttpclient.netty.channel.ChannelManager - Adding key: http://localhost:62554 for channel [id: 0x8e7fe59d, L:/127.0.0.1:49896 - R:localhost/127.0.0.1:62554]
18:31:27.970 [Forwarding clickElement on session bb1433e63d717424c7072d4df38a30d1 to remote] DEBUG org.asynchttpclient.netty.request.NettyRequestSender - Using pooled Channel '[id: 0x8e7fe59d, L:/127.0.0.1:49896 - R:localhost/127.0.0.1:62554]' for 'POST' to 'http://localhost:62554/session/bb1433e63d717424c7072d4df38a30d1/element/f2302c08-9661-4b77-acb9-5fa890a93780/click'
18:31:27.970 [Forwarding clickElement on session bb1433e63d717424c7072d4df38a30d1 to remote] DEBUG org.asynchttpclient.netty.request.NettyRequestSender - Using open Channel [id: 0x8e7fe59d, L:/127.0.0.1:49896 - R:localhost/127.0.0.1:62554] for POST '/session/bb1433e63d717424c7072d4df38a30d1/element/f2302c08-9661-4b77-acb9-5fa890a93780/click'
18:31:28.004 [AsyncHttpClient-1-6] DEBUG org.asynchttpclient.netty.handler.HttpHandler - 

Request DefaultHttpRequest(decodeResult: success, version: HTTP/1.1)
POST /session/bb1433e63d717424c7072d4df38a30d1/element/f2302c08-9661-4b77-acb9-5fa890a93780/click HTTP/1.1
User-Agent: selenium/4.1.4 (java windows)
Content-Length: 50
Content-Type: application/json; charset=utf-8
host: localhost:62554
accept: */*

Response DefaultHttpResponse(decodeResult: success, version: HTTP/1.1)
HTTP/1.1 200 OK
Content-Type: application/json; charset=utf-8
cache-control: no-cache
content-length: 14

18:31:28.004 [AsyncHttpClient-1-6] DEBUG org.asynchttpclient.netty.channel.ChannelManager - Adding key: http://localhost:62554 for channel [id: 0x8e7fe59d, L:/127.0.0.1:49896 - R:localhost/127.0.0.1:62554]
18:31:28.014 [Forwarding screenshot on session bb1433e63d717424c7072d4df38a30d1 to remote] DEBUG org.asynchttpclient.netty.request.NettyRequestSender - Using pooled Channel '[id: 0x8e7fe59d, L:/127.0.0.1:49896 - R:localhost/127.0.0.1:62554]' for 'GET' to 'http://localhost:62554/session/bb1433e63d717424c7072d4df38a30d1/screenshot'
18:31:28.014 [Forwarding screenshot on session bb1433e63d717424c7072d4df38a30d1 to remote] DEBUG org.asynchttpclient.netty.request.NettyRequestSender - Using open Channel [id: 0x8e7fe59d, L:/127.0.0.1:49896 - R:localhost/127.0.0.1:62554] for GET '/session/bb1433e63d717424c7072d4df38a30d1/screenshot'
18:31:28.190 [AsyncHttpClient-1-6] DEBUG org.asynchttpclient.netty.handler.HttpHandler - 

Request DefaultFullHttpRequest(decodeResult: success, version: HTTP/1.1, content: EmptyByteBufBE)
GET /session/bb1433e63d717424c7072d4df38a30d1/screenshot HTTP/1.1
User-Agent: selenium/4.1.4 (java windows)
Cache-Control: no-cache
Content-Type: application/json; charset=utf-8
host: localhost:62554
accept: */*

Response DefaultHttpResponse(decodeResult: success, version: HTTP/1.1)
HTTP/1.1 200 OK
Content-Type: application/json; charset=utf-8
cache-control: no-cache
content-length: 193548

18:31:28.190 [AsyncHttpClient-1-6] DEBUG org.asynchttpclient.netty.channel.ChannelManager - Adding key: http://localhost:62554 for channel [id: 0x8e7fe59d, L:/127.0.0.1:49896 - R:localhost/127.0.0.1:62554]
18:31:28.196 [main] DEBUG net.serenitybdd.core.photography.Darkroom - Send negative for processing for target\site\serenity\e1616e1081573ef754d8f23dc54ab6f7064a7bde5e19eb8f251b102e79a0c143.png
18:31:28.196 [main] DEBUG net.thucydides.core.steps.StepInterceptor - STEP DONE: clickLaki
  &amp#27;[32mAnd &amp#27;[0m&amp#27;[32mI click button jenis kelamin laki-laki&amp#27;[0m                                   &amp#27;[90m# starter.stepdefinitios.PatientDataSteps.iClickButtonJenisKelamin()&amp#27;[0m
18:31:28.196 [Darkroom Processing Line] DEBUG net.serenitybdd.core.photography.DarkroomProcessingLine - Processing screenshot image in /var/screenshots/screenshot-2523581961475149232
18:31:28.196 [Darkroom Processing Line] DEBUG net.serenitybdd.core.photography.DarkroomProcessingLine - Saving screenshot to target\site\serenity\e1616e1081573ef754d8f23dc54ab6f7064a7bde5e19eb8f251b102e79a0c143.png
18:31:28.288 [AsyncHttpClient-1-1] DEBUG org.asynchttpclient.netty.channel.DefaultChannelPool - Entry count for : http://localhost:49897 : 1
18:31:28.288 [AsyncHttpClient-1-1] DEBUG org.asynchttpclient.netty.channel.DefaultChannelPool - Entry count for : http://localhost:62554 : 1
18:31:28.312 [Forwarding screenshot on session bb1433e63d717424c7072d4df38a30d1 to remote] DEBUG org.asynchttpclient.netty.request.NettyRequestSender - Using pooled Channel '[id: 0x8e7fe59d, L:/127.0.0.1:49896 - R:localhost/127.0.0.1:62554]' for 'GET' to 'http://localhost:62554/session/bb1433e63d717424c7072d4df38a30d1/screenshot'
18:31:28.312 [Forwarding screenshot on session bb1433e63d717424c7072d4df38a30d1 to remote] DEBUG org.asynchttpclient.netty.request.NettyRequestSender - Using open Channel [id: 0x8e7fe59d, L:/127.0.0.1:49896 - R:localhost/127.0.0.1:62554] for GET '/session/bb1433e63d717424c7072d4df38a30d1/screenshot'
18:31:28.507 [AsyncHttpClient-1-6] DEBUG org.asynchttpclient.netty.handler.HttpHandler - 

Request DefaultFullHttpRequest(decodeResult: success, version: HTTP/1.1, content: EmptyByteBufBE)
GET /session/bb1433e63d717424c7072d4df38a30d1/screenshot HTTP/1.1
User-Agent: selenium/4.1.4 (java windows)
Cache-Control: no-cache
Content-Type: application/json; charset=utf-8
host: localhost:62554
accept: */*

Response DefaultHttpResponse(decodeResult: success, version: HTTP/1.1)
HTTP/1.1 200 OK
Content-Type: application/json; charset=utf-8
cache-control: no-cache
content-length: 193772

18:31:28.507 [AsyncHttpClient-1-6] DEBUG org.asynchttpclient.netty.channel.ChannelManager - Adding key: http://localhost:62554 for channel [id: 0x8e7fe59d, L:/127.0.0.1:49896 - R:localhost/127.0.0.1:62554]
18:31:28.511 [main] DEBUG net.serenitybdd.core.photography.Darkroom - Send negative for processing for target\site\serenity\58b1b2591c5d39791208d631c8fd907b7a1a372442f3566e0c7aee0c5d261dea.png
18:31:28.511 [main] DEBUG net.thucydides.core.steps.StepInterceptor - STARTING STEP: PatientDataSteps.clickButtonSimpan - clickButtonSave
18:31:28.511 [Darkroom Processing Line] DEBUG net.serenitybdd.core.photography.DarkroomProcessingLine - Processing screenshot image in /var/screenshots/screenshot-1164603899682369879
18:31:28.511 [Darkroom Processing Line] DEBUG net.serenitybdd.core.photography.DarkroomProcessingLine - Saving screenshot to target\site\serenity\58b1b2591c5d39791208d631c8fd907b7a1a372442f3566e0c7aee0c5d261dea.png
18:31:28.514 [Forwarding findElement on session bb1433e63d717424c7072d4df38a30d1 to remote] DEBUG org.asynchttpclient.netty.request.NettyRequestSender - Using pooled Channel '[id: 0x8e7fe59d, L:/127.0.0.1:49896 - R:localhost/127.0.0.1:62554]' for 'POST' to 'http://localhost:62554/session/bb1433e63d717424c7072d4df38a30d1/element'
18:31:28.514 [Forwarding findElement on session bb1433e63d717424c7072d4df38a30d1 to remote] DEBUG org.asynchttpclient.netty.request.NettyRequestSender - Using open Channel [id: 0x8e7fe59d, L:/127.0.0.1:49896 - R:localhost/127.0.0.1:62554] for POST '/session/bb1433e63d717424c7072d4df38a30d1/element'
18:31:28.522 [AsyncHttpClient-1-6] DEBUG org.asynchttpclient.netty.handler.HttpHandler - 

Request DefaultHttpRequest(decodeResult: success, version: HTTP/1.1)
POST /session/bb1433e63d717424c7072d4df38a30d1/element HTTP/1.1
User-Agent: selenium/4.1.4 (java windows)
Content-Length: 68
Content-Type: application/json; charset=utf-8
host: localhost:62554
accept: */*

Response DefaultHttpResponse(decodeResult: success, version: HTTP/1.1)
HTTP/1.1 200 OK
Content-Type: application/json; charset=utf-8
cache-control: no-cache
content-length: 88

18:31:28.522 [AsyncHttpClient-1-6] DEBUG org.asynchttpclient.netty.channel.ChannelManager - Adding key: http://localhost:62554 for channel [id: 0x8e7fe59d, L:/127.0.0.1:49896 - R:localhost/127.0.0.1:62554]
18:31:28.522 [Forwarding getElementTagName on session bb1433e63d717424c7072d4df38a30d1 to remote] DEBUG org.asynchttpclient.netty.request.NettyRequestSender - Using pooled Channel '[id: 0x8e7fe59d, L:/127.0.0.1:49896 - R:localhost/127.0.0.1:62554]' for 'GET' to 'http://localhost:62554/session/bb1433e63d717424c7072d4df38a30d1/element/be0e1b21-1622-42f5-b70f-ee4a772b310a/name'
18:31:28.522 [Forwarding getElementTagName on session bb1433e63d717424c7072d4df38a30d1 to remote] DEBUG org.asynchttpclient.netty.request.NettyRequestSender - Using open Channel [id: 0x8e7fe59d, L:/127.0.0.1:49896 - R:localhost/127.0.0.1:62554] for GET '/session/bb1433e63d717424c7072d4df38a30d1/element/be0e1b21-1622-42f5-b70f-ee4a772b310a/name'
18:31:28.526 [AsyncHttpClient-1-6] DEBUG org.asynchttpclient.netty.handler.HttpHandler - 

Request DefaultFullHttpRequest(decodeResult: success, version: HTTP/1.1, content: EmptyByteBufBE)
GET /session/bb1433e63d717424c7072d4df38a30d1/element/be0e1b21-1622-42f5-b70f-ee4a772b310a/name HTTP/1.1
User-Agent: selenium/4.1.4 (java windows)
Cache-Control: no-cache
Content-Type: application/json; charset=utf-8
host: localhost:62554
accept: */*

Response DefaultHttpResponse(decodeResult: success, version: HTTP/1.1)
HTTP/1.1 200 OK
Content-Type: application/json; charset=utf-8
cache-control: no-cache
content-length: 18

18:31:28.526 [AsyncHttpClient-1-6] DEBUG org.asynchttpclient.netty.channel.ChannelManager - Adding key: http://localhost:62554 for channel [id: 0x8e7fe59d, L:/127.0.0.1:49896 - R:localhost/127.0.0.1:62554]
18:31:28.528 [Forwarding getElementTagName on session bb1433e63d717424c7072d4df38a30d1 to remote] DEBUG org.asynchttpclient.netty.request.NettyRequestSender - Using pooled Channel '[id: 0x8e7fe59d, L:/127.0.0.1:49896 - R:localhost/127.0.0.1:62554]' for 'GET' to 'http://localhost:62554/session/bb1433e63d717424c7072d4df38a30d1/element/be0e1b21-1622-42f5-b70f-ee4a772b310a/name'
18:31:28.528 [Forwarding getElementTagName on session bb1433e63d717424c7072d4df38a30d1 to remote] DEBUG org.asynchttpclient.netty.request.NettyRequestSender - Using open Channel [id: 0x8e7fe59d, L:/127.0.0.1:49896 - R:localhost/127.0.0.1:62554] for GET '/session/bb1433e63d717424c7072d4df38a30d1/element/be0e1b21-1622-42f5-b70f-ee4a772b310a/name'
18:31:28.531 [AsyncHttpClient-1-6] DEBUG org.asynchttpclient.netty.handler.HttpHandler - 

Request DefaultFullHttpRequest(decodeResult: success, version: HTTP/1.1, content: EmptyByteBufBE)
GET /session/bb1433e63d717424c7072d4df38a30d1/element/be0e1b21-1622-42f5-b70f-ee4a772b310a/name HTTP/1.1
User-Agent: selenium/4.1.4 (java windows)
Cache-Control: no-cache
Content-Type: application/json; charset=utf-8
host: localhost:62554
accept: */*

Response DefaultHttpResponse(decodeResult: success, version: HTTP/1.1)
HTTP/1.1 200 OK
Content-Type: application/json; charset=utf-8
cache-control: no-cache
content-length: 18

18:31:28.531 [AsyncHttpClient-1-6] DEBUG org.asynchttpclient.netty.channel.ChannelManager - Adding key: http://localhost:62554 for channel [id: 0x8e7fe59d, L:/127.0.0.1:49896 - R:localhost/127.0.0.1:62554]
18:31:28.532 [Forwarding isElementEnabled on session bb1433e63d717424c7072d4df38a30d1 to remote] DEBUG org.asynchttpclient.netty.request.NettyRequestSender - Using pooled Channel '[id: 0x8e7fe59d, L:/127.0.0.1:49896 - R:localhost/127.0.0.1:62554]' for 'GET' to 'http://localhost:62554/session/bb1433e63d717424c7072d4df38a30d1/element/be0e1b21-1622-42f5-b70f-ee4a772b310a/enabled'
18:31:28.532 [Forwarding isElementEnabled on session bb1433e63d717424c7072d4df38a30d1 to remote] DEBUG org.asynchttpclient.netty.request.NettyRequestSender - Using open Channel [id: 0x8e7fe59d, L:/127.0.0.1:49896 - R:localhost/127.0.0.1:62554] for GET '/session/bb1433e63d717424c7072d4df38a30d1/element/be0e1b21-1622-42f5-b70f-ee4a772b310a/enabled'
18:31:28.543 [AsyncHttpClient-1-6] DEBUG org.asynchttpclient.netty.handler.HttpHandler - 

Request DefaultFullHttpRequest(decodeResult: success, version: HTTP/1.1, content: EmptyByteBufBE)
GET /session/bb1433e63d717424c7072d4df38a30d1/element/be0e1b21-1622-42f5-b70f-ee4a772b310a/enabled HTTP/1.1
User-Agent: selenium/4.1.4 (java windows)
Cache-Control: no-cache
Content-Type: application/json; charset=utf-8
host: localhost:62554
accept: */*

Response DefaultHttpResponse(decodeResult: success, version: HTTP/1.1)
HTTP/1.1 200 OK
Content-Type: application/json; charset=utf-8
cache-control: no-cache
content-length: 14

18:31:28.543 [AsyncHttpClient-1-6] DEBUG org.asynchttpclient.netty.channel.ChannelManager - Adding key: http://localhost:62554 for channel [id: 0x8e7fe59d, L:/127.0.0.1:49896 - R:localhost/127.0.0.1:62554]
18:31:28.544 [Forwarding isElementEnabled on session bb1433e63d717424c7072d4df38a30d1 to remote] DEBUG org.asynchttpclient.netty.request.NettyRequestSender - Using pooled Channel '[id: 0x8e7fe59d, L:/127.0.0.1:49896 - R:localhost/127.0.0.1:62554]' for 'GET' to 'http://localhost:62554/session/bb1433e63d717424c7072d4df38a30d1/element/be0e1b21-1622-42f5-b70f-ee4a772b310a/enabled'
18:31:28.544 [Forwarding isElementEnabled on session bb1433e63d717424c7072d4df38a30d1 to remote] DEBUG org.asynchttpclient.netty.request.NettyRequestSender - Using open Channel [id: 0x8e7fe59d, L:/127.0.0.1:49896 - R:localhost/127.0.0.1:62554] for GET '/session/bb1433e63d717424c7072d4df38a30d1/element/be0e1b21-1622-42f5-b70f-ee4a772b310a/enabled'
18:31:28.549 [AsyncHttpClient-1-6] DEBUG org.asynchttpclient.netty.handler.HttpHandler - 

Request DefaultFullHttpRequest(decodeResult: success, version: HTTP/1.1, content: EmptyByteBufBE)
GET /session/bb1433e63d717424c7072d4df38a30d1/element/be0e1b21-1622-42f5-b70f-ee4a772b310a/enabled HTTP/1.1
User-Agent: selenium/4.1.4 (java windows)
Cache-Control: no-cache
Content-Type: application/json; charset=utf-8
host: localhost:62554
accept: */*

Response DefaultHttpResponse(decodeResult: success, version: HTTP/1.1)
HTTP/1.1 200 OK
Content-Type: application/json; charset=utf-8
cache-control: no-cache
content-length: 14

18:31:28.549 [AsyncHttpClient-1-6] DEBUG org.asynchttpclient.netty.channel.ChannelManager - Adding key: http://localhost:62554 for channel [id: 0x8e7fe59d, L:/127.0.0.1:49896 - R:localhost/127.0.0.1:62554]
18:31:28.552 [Forwarding findElement on session bb1433e63d717424c7072d4df38a30d1 to remote] DEBUG org.asynchttpclient.netty.request.NettyRequestSender - Using pooled Channel '[id: 0x8e7fe59d, L:/127.0.0.1:49896 - R:localhost/127.0.0.1:62554]' for 'POST' to 'http://localhost:62554/session/bb1433e63d717424c7072d4df38a30d1/element'
18:31:28.552 [Forwarding findElement on session bb1433e63d717424c7072d4df38a30d1 to remote] DEBUG org.asynchttpclient.netty.request.NettyRequestSender - Using open Channel [id: 0x8e7fe59d, L:/127.0.0.1:49896 - R:localhost/127.0.0.1:62554] for POST '/session/bb1433e63d717424c7072d4df38a30d1/element'
18:31:28.560 [AsyncHttpClient-1-6] DEBUG org.asynchttpclient.netty.handler.HttpHandler - 

Request DefaultHttpRequest(decodeResult: success, version: HTTP/1.1)
POST /session/bb1433e63d717424c7072d4df38a30d1/element HTTP/1.1
User-Agent: selenium/4.1.4 (java windows)
Content-Length: 68
Content-Type: application/json; charset=utf-8
host: localhost:62554
accept: */*

Response DefaultHttpResponse(decodeResult: success, version: HTTP/1.1)
HTTP/1.1 200 OK
Content-Type: application/json; charset=utf-8
cache-control: no-cache
content-length: 88

18:31:28.561 [AsyncHttpClient-1-6] DEBUG org.asynchttpclient.netty.channel.ChannelManager - Adding key: http://localhost:62554 for channel [id: 0x8e7fe59d, L:/127.0.0.1:49896 - R:localhost/127.0.0.1:62554]
18:31:28.561 [Forwarding clickElement on session bb1433e63d717424c7072d4df38a30d1 to remote] DEBUG org.asynchttpclient.netty.request.NettyRequestSender - Using pooled Channel '[id: 0x8e7fe59d, L:/127.0.0.1:49896 - R:localhost/127.0.0.1:62554]' for 'POST' to 'http://localhost:62554/session/bb1433e63d717424c7072d4df38a30d1/element/be0e1b21-1622-42f5-b70f-ee4a772b310a/click'
18:31:28.561 [Forwarding clickElement on session bb1433e63d717424c7072d4df38a30d1 to remote] DEBUG org.asynchttpclient.netty.request.NettyRequestSender - Using open Channel [id: 0x8e7fe59d, L:/127.0.0.1:49896 - R:localhost/127.0.0.1:62554] for POST '/session/bb1433e63d717424c7072d4df38a30d1/element/be0e1b21-1622-42f5-b70f-ee4a772b310a/click'
18:31:28.640 [AsyncHttpClient-1-6] DEBUG org.asynchttpclient.netty.handler.HttpHandler - 

Request DefaultHttpRequest(decodeResult: success, version: HTTP/1.1)
POST /session/bb1433e63d717424c7072d4df38a30d1/element/be0e1b21-1622-42f5-b70f-ee4a772b310a/click HTTP/1.1
User-Agent: selenium/4.1.4 (java windows)
Content-Length: 50
Content-Type: application/json; charset=utf-8
host: localhost:62554
accept: */*

Response DefaultHttpResponse(decodeResult: success, version: HTTP/1.1)
HTTP/1.1 200 OK
Content-Type: application/json; charset=utf-8
cache-control: no-cache
content-length: 14

18:31:28.640 [AsyncHttpClient-1-6] DEBUG org.asynchttpclient.netty.channel.ChannelManager - Adding key: http://localhost:62554 for channel [id: 0x8e7fe59d, L:/127.0.0.1:49896 - R:localhost/127.0.0.1:62554]
18:31:28.641 [Forwarding screenshot on session bb1433e63d717424c7072d4df38a30d1 to remote] DEBUG org.asynchttpclient.netty.request.NettyRequestSender - Using pooled Channel '[id: 0x8e7fe59d, L:/127.0.0.1:49896 - R:localhost/127.0.0.1:62554]' for 'GET' to 'http://localhost:62554/session/bb1433e63d717424c7072d4df38a30d1/screenshot'
18:31:28.641 [Forwarding screenshot on session bb1433e63d717424c7072d4df38a30d1 to remote] DEBUG org.asynchttpclient.netty.request.NettyRequestSender - Using open Channel [id: 0x8e7fe59d, L:/127.0.0.1:49896 - R:localhost/127.0.0.1:62554] for GET '/session/bb1433e63d717424c7072d4df38a30d1/screenshot'
18:31:29.228 [AsyncHttpClient-1-6] DEBUG org.asynchttpclient.netty.handler.HttpHandler - 

Request DefaultFullHttpRequest(decodeResult: success, version: HTTP/1.1, content: EmptyByteBufBE)
GET /session/bb1433e63d717424c7072d4df38a30d1/screenshot HTTP/1.1
User-Agent: selenium/4.1.4 (java windows)
Cache-Control: no-cache
Content-Type: application/json; charset=utf-8
host: localhost:62554
accept: */*

Response DefaultHttpResponse(decodeResult: success, version: HTTP/1.1)
HTTP/1.1 200 OK
Content-Type: application/json; charset=utf-8
cache-control: no-cache
content-length: 197184

18:31:29.229 [AsyncHttpClient-1-6] DEBUG org.asynchttpclient.netty.channel.ChannelManager - Adding key: http://localhost:62554 for channel [id: 0x8e7fe59d, L:/127.0.0.1:49896 - R:localhost/127.0.0.1:62554]
18:31:29.231 [main] DEBUG net.serenitybdd.core.photography.Darkroom - Send negative for processing for target\site\serenity\9e43df34719ea4ac6dfc3c933ff6325027e7e7bb693ad8b5ca873dcd242cacb1.png
18:31:29.231 [main] DEBUG net.thucydides.core.steps.StepInterceptor - STEP DONE: clickButtonSave
18:31:29.234 [Darkroom Processing Line] DEBUG net.serenitybdd.core.photography.DarkroomProcessingLine - Processing screenshot image in /var/screenshots/screenshot-10630781729752519945
18:31:29.234 [Darkroom Processing Line] DEBUG net.serenitybdd.core.photography.DarkroomProcessingLine - Saving screenshot to target\site\serenity\9e43df34719ea4ac6dfc3c933ff6325027e7e7bb693ad8b5ca873dcd242cacb1.png
18:31:29.336 [AsyncHttpClient-1-1] DEBUG org.asynchttpclient.netty.channel.DefaultChannelPool - Entry count for : http://localhost:49897 : 1
18:31:29.336 [AsyncHttpClient-1-1] DEBUG org.asynchttpclient.netty.channel.DefaultChannelPool - Entry count for : http://localhost:62554 : 1
  &amp#27;[32mThen &amp#27;[0m&amp#27;[32mClick button simpan&amp#27;[0m                                                     &amp#27;[90m# starter.stepdefinitios.PatientDataSteps.clickButtonSimpan()&amp#27;[0m
18:31:30.237 [Forwarding screenshot on session bb1433e63d717424c7072d4df38a30d1 to remote] DEBUG org.asynchttpclient.netty.request.NettyRequestSender - Using pooled Channel '[id: 0x8e7fe59d, L:/127.0.0.1:49896 - R:localhost/127.0.0.1:62554]' for 'GET' to 'http://localhost:62554/session/bb1433e63d717424c7072d4df38a30d1/screenshot'
18:31:30.237 [Forwarding screenshot on session bb1433e63d717424c7072d4df38a30d1 to remote] DEBUG org.asynchttpclient.netty.request.NettyRequestSender - Using open Channel [id: 0x8e7fe59d, L:/127.0.0.1:49896 - R:localhost/127.0.0.1:62554] for GET '/session/bb1433e63d717424c7072d4df38a30d1/screenshot'
18:31:30.437 [AsyncHttpClient-1-1] DEBUG org.asynchttpclient.netty.channel.DefaultChannelPool - Entry count for : http://localhost:49897 : 1
18:31:30.464 [AsyncHttpClient-1-6] DEBUG org.asynchttpclient.netty.handler.HttpHandler - 

Request DefaultFullHttpRequest(decodeResult: success, version: HTTP/1.1, content: EmptyByteBufBE)
GET /session/bb1433e63d717424c7072d4df38a30d1/screenshot HTTP/1.1
User-Agent: selenium/4.1.4 (java windows)
Cache-Control: no-cache
Content-Type: application/json; charset=utf-8
host: localhost:62554
accept: */*

Response DefaultHttpResponse(decodeResult: success, version: HTTP/1.1)
HTTP/1.1 200 OK
Content-Type: application/json; charset=utf-8
cache-control: no-cache
content-length: 196816

18:31:30.464 [AsyncHttpClient-1-6] DEBUG org.asynchttpclient.netty.channel.ChannelManager - Adding key: http://localhost:62554 for channel [id: 0x8e7fe59d, L:/127.0.0.1:49896 - R:localhost/127.0.0.1:62554]
18:31:30.468 [main] DEBUG net.serenitybdd.core.photography.Darkroom - Send negative for processing for target\site\serenity\aba2b5c3122b09798b4a4af42db4e8144fe9f1f2691764332fa797190b3ab7e8.png
18:31:30.468 [Darkroom Processing Line] DEBUG net.serenitybdd.core.photography.DarkroomProcessingLine - Processing screenshot image in /var/screenshots/screenshot-1344919495999851933
18:31:30.468 [Darkroom Processing Line] DEBUG net.serenitybdd.core.photography.DarkroomProcessingLine - Saving screenshot to target\site\serenity\aba2b5c3122b09798b4a4af42db4e8144fe9f1f2691764332fa797190b3ab7e8.png
18:31:31.489 [Forwarding screenshot on session bb1433e63d717424c7072d4df38a30d1 to remote] DEBUG org.asynchttpclient.netty.request.NettyRequestSender - Using pooled Channel '[id: 0x8e7fe59d, L:/127.0.0.1:49896 - R:localhost/127.0.0.1:62554]' for 'GET' to 'http://localhost:62554/session/bb1433e63d717424c7072d4df38a30d1/screenshot'
18:31:31.489 [Forwarding screenshot on session bb1433e63d717424c7072d4df38a30d1 to remote] DEBUG org.asynchttpclient.netty.request.NettyRequestSender - Using open Channel [id: 0x8e7fe59d, L:/127.0.0.1:49896 - R:localhost/127.0.0.1:62554] for GET '/session/bb1433e63d717424c7072d4df38a30d1/screenshot'
18:31:31.536 [AsyncHttpClient-1-1] DEBUG org.asynchttpclient.netty.channel.DefaultChannelPool - Entry count for : http://localhost:49897 : 1
18:31:31.751 [AsyncHttpClient-1-6] DEBUG org.asynchttpclient.netty.handler.HttpHandler - 

Request DefaultFullHttpRequest(decodeResult: success, version: HTTP/1.1, content: EmptyByteBufBE)
GET /session/bb1433e63d717424c7072d4df38a30d1/screenshot HTTP/1.1
User-Agent: selenium/4.1.4 (java windows)
Cache-Control: no-cache
Content-Type: application/json; charset=utf-8
host: localhost:62554
accept: */*

Response DefaultHttpResponse(decodeResult: success, version: HTTP/1.1)
HTTP/1.1 200 OK
Content-Type: application/json; charset=utf-8
cache-control: no-cache
content-length: 209756

18:31:31.751 [AsyncHttpClient-1-6] DEBUG org.asynchttpclient.netty.channel.ChannelManager - Adding key: http://localhost:62554 for channel [id: 0x8e7fe59d, L:/127.0.0.1:49896 - R:localhost/127.0.0.1:62554]
18:31:31.754 [main] DEBUG net.serenitybdd.core.photography.Darkroom - Send negative for processing for target\site\serenity\820f0e9424f38ee2b3e4e1e2d7b699cf5221f42d9423c13ac88b23df44609e8b.png
18:31:31.754 [Darkroom Processing Line] DEBUG net.serenitybdd.core.photography.DarkroomProcessingLine - Processing screenshot image in /var/screenshots/screenshot-5976986210790296390
18:31:31.754 [main] DEBUG net.thucydides.core.steps.StepInterceptor - STARTING STEP: PatientDataSteps.validateAddErrorMessengerPasien - validateTextMessegerDokter
18:31:31.754 [Darkroom Processing Line] DEBUG net.serenitybdd.core.photography.DarkroomProcessingLine - Saving screenshot to target\site\serenity\820f0e9424f38ee2b3e4e1e2d7b699cf5221f42d9423c13ac88b23df44609e8b.png
18:31:31.757 [Forwarding findElement on session bb1433e63d717424c7072d4df38a30d1 to remote] DEBUG org.asynchttpclient.netty.request.NettyRequestSender - Using pooled Channel '[id: 0x8e7fe59d, L:/127.0.0.1:49896 - R:localhost/127.0.0.1:62554]' for 'POST' to 'http://localhost:62554/session/bb1433e63d717424c7072d4df38a30d1/element'
18:31:31.757 [Forwarding findElement on session bb1433e63d717424c7072d4df38a30d1 to remote] DEBUG org.asynchttpclient.netty.request.NettyRequestSender - Using open Channel [id: 0x8e7fe59d, L:/127.0.0.1:49896 - R:localhost/127.0.0.1:62554] for POST '/session/bb1433e63d717424c7072d4df38a30d1/element'
18:31:31.767 [AsyncHttpClient-1-6] DEBUG org.asynchttpclient.netty.handler.HttpHandler - 

Request DefaultHttpRequest(decodeResult: success, version: HTTP/1.1)
POST /session/bb1433e63d717424c7072d4df38a30d1/element HTTP/1.1
User-Agent: selenium/4.1.4 (java windows)
Content-Length: 143
Content-Type: application/json; charset=utf-8
host: localhost:62554
accept: */*

Response DefaultHttpResponse(decodeResult: success, version: HTTP/1.1)
HTTP/1.1 200 OK
Content-Type: application/json; charset=utf-8
cache-control: no-cache
content-length: 88

18:31:31.767 [AsyncHttpClient-1-6] DEBUG org.asynchttpclient.netty.channel.ChannelManager - Adding key: http://localhost:62554 for channel [id: 0x8e7fe59d, L:/127.0.0.1:49896 - R:localhost/127.0.0.1:62554]
18:31:31.767 [Forwarding getElementText on session bb1433e63d717424c7072d4df38a30d1 to remote] DEBUG org.asynchttpclient.netty.request.NettyRequestSender - Using pooled Channel '[id: 0x8e7fe59d, L:/127.0.0.1:49896 - R:localhost/127.0.0.1:62554]' for 'GET' to 'http://localhost:62554/session/bb1433e63d717424c7072d4df38a30d1/element/11956f29-8f59-4d48-964e-e4594076d7d7/text'
18:31:31.767 [Forwarding getElementText on session bb1433e63d717424c7072d4df38a30d1 to remote] DEBUG org.asynchttpclient.netty.request.NettyRequestSender - Using open Channel [id: 0x8e7fe59d, L:/127.0.0.1:49896 - R:localhost/127.0.0.1:62554] for GET '/session/bb1433e63d717424c7072d4df38a30d1/element/11956f29-8f59-4d48-964e-e4594076d7d7/text'
18:31:31.796 [AsyncHttpClient-1-6] DEBUG org.asynchttpclient.netty.handler.HttpHandler - 

Request DefaultFullHttpRequest(decodeResult: success, version: HTTP/1.1, content: EmptyByteBufBE)
GET /session/bb1433e63d717424c7072d4df38a30d1/element/11956f29-8f59-4d48-964e-e4594076d7d7/text HTTP/1.1
User-Agent: selenium/4.1.4 (java windows)
Cache-Control: no-cache
Content-Type: application/json; charset=utf-8
host: localhost:62554
accept: */*

Response DefaultHttpResponse(decodeResult: success, version: HTTP/1.1)
HTTP/1.1 200 OK
Content-Type: application/json; charset=utf-8
cache-control: no-cache
content-length: 138

18:31:31.796 [AsyncHttpClient-1-6] DEBUG org.asynchttpclient.netty.channel.ChannelManager - Adding key: http://localhost:62554 for channel [id: 0x8e7fe59d, L:/127.0.0.1:49896 - R:localhost/127.0.0.1:62554]
18:31:31.799 [main] DEBUG net.thucydides.core.steps.StepInterceptor - STEP DONE: validateTextMessegerDokter
  &amp#27;[32mAnd &amp#27;[0m&amp#27;[32mValidate add error messenger &amp#27;[0m&amp#27;[32m&amp#27;[1m"nik perlu dibutuhkan"&amp#27;[0m&amp#27;[32m Pasien&amp#27;[0m               &amp#27;[90m# starter.stepdefinitios.PatientDataSteps.validateAddErrorMessengerPasien(java.lang.String)&amp#27;[0m
18:31:31.805 [Forwarding screenshot on session bb1433e63d717424c7072d4df38a30d1 to remote] DEBUG org.asynchttpclient.netty.request.NettyRequestSender - Using pooled Channel '[id: 0x8e7fe59d, L:/127.0.0.1:49896 - R:localhost/127.0.0.1:62554]' for 'GET' to 'http://localhost:62554/session/bb1433e63d717424c7072d4df38a30d1/screenshot'
18:31:31.805 [Forwarding screenshot on session bb1433e63d717424c7072d4df38a30d1 to remote] DEBUG org.asynchttpclient.netty.request.NettyRequestSender - Using open Channel [id: 0x8e7fe59d, L:/127.0.0.1:49896 - R:localhost/127.0.0.1:62554] for GET '/session/bb1433e63d717424c7072d4df38a30d1/screenshot'
18:31:31.952 [AsyncHttpClient-1-6] DEBUG org.asynchttpclient.netty.handler.HttpHandler - 

Request DefaultFullHttpRequest(decodeResult: success, version: HTTP/1.1, content: EmptyByteBufBE)
GET /session/bb1433e63d717424c7072d4df38a30d1/screenshot HTTP/1.1
User-Agent: selenium/4.1.4 (java windows)
Cache-Control: no-cache
Content-Type: application/json; charset=utf-8
host: localhost:62554
accept: */*

Response DefaultHttpResponse(decodeResult: success, version: HTTP/1.1)
HTTP/1.1 200 OK
Content-Type: application/json; charset=utf-8
cache-control: no-cache
content-length: 209756

18:31:31.952 [AsyncHttpClient-1-6] DEBUG org.asynchttpclient.netty.channel.ChannelManager - Adding key: http://localhost:62554 for channel [id: 0x8e7fe59d, L:/127.0.0.1:49896 - R:localhost/127.0.0.1:62554]
18:31:31.952 [main] DEBUG net.serenitybdd.core.photography.Darkroom - Send negative for processing for target\site\serenity\820f0e9424f38ee2b3e4e1e2d7b699cf5221f42d9423c13ac88b23df44609e8b.png
18:31:31.958 [AsyncHttpClient-1-8] DEBUG org.asynchttpclient.netty.handler.WebSocketHandler - Channel Closed: [id: 0x322b2763, L:/127.0.0.1:49904 ! R:localhost/127.0.0.1:49897] with attribute NettyResponseFuture{currentRetry=5,
	isDone=1,
	isCancelled=0,
	asyncHandler=org.asynchttpclient.ws.WebSocketUpgradeHandler@34a64872,
	nettyRequest=org.asynchttpclient.netty.request.NettyRequest@2957bde6,
	future=java.util.concurrent.CompletableFuture@3434bfa6[Completed normally],
	uri=ws://localhost:49897/devtools/browser/ecb9348c-3c59-411e-94f4-9c40a274b2de,
	keepAlive=true,
	redirectCount=0,
	timeoutsHolder=null,
	inAuth=0,
	touch=1658057461969}
18:31:31.958 [AsyncHttpClient-1-8] DEBUG org.asynchttpclient.netty.channel.ChannelManager - Closing Channel [id: 0x322b2763, L:/127.0.0.1:49904 ! R:localhost/127.0.0.1:49897] 
18:31:31.958 [Driver Command Executor] DEBUG org.asynchttpclient.netty.request.NettyRequestSender - Using pooled Channel '[id: 0x8e7fe59d, L:/127.0.0.1:49896 - R:localhost/127.0.0.1:62554]' for 'DELETE' to 'http://localhost:62554/session/bb1433e63d717424c7072d4df38a30d1'
18:31:31.958 [Driver Command Executor] DEBUG org.asynchttpclient.netty.request.NettyRequestSender - Using open Channel [id: 0x8e7fe59d, L:/127.0.0.1:49896 - R:localhost/127.0.0.1:62554] for DELETE '/session/bb1433e63d717424c7072d4df38a30d1'
18:31:31.982 [AsyncHttpClient-1-7] DEBUG org.asynchttpclient.netty.handler.HttpHandler - Unexpected I/O exception on channel [id: 0xa1c81388, L:/127.0.0.1:49903 - R:localhost/127.0.0.1:49897]
java.io.IOException: An existing connection was forcibly closed by the remote host
	at java.base/sun.nio.ch.SocketDispatcher.read0(Native Method)
	at java.base/sun.nio.ch.SocketDispatcher.read(SocketDispatcher.java:43)
	at java.base/sun.nio.ch.IOUtil.readIntoNativeBuffer(IOUtil.java:276)
	at java.base/sun.nio.ch.IOUtil.read(IOUtil.java:233)
	at java.base/sun.nio.ch.IOUtil.read(IOUtil.java:223)
	at java.base/sun.nio.ch.SocketChannelImpl.read(SocketChannelImpl.java:356)
	at io.netty.buffer.PooledByteBuf.setBytes(PooledByteBuf.java:258)
	at io.netty.buffer.AbstractByteBuf.writeBytes(AbstractByteBuf.java:1132)
	at io.netty.channel.socket.nio.NioSocketChannel.doReadBytes(NioSocketChannel.java:357)
	at io.netty.channel.nio.AbstractNioByteChannel$NioByteUnsafe.read(AbstractNioByteChannel.java:151)
	at io.netty.channel.nio.NioEventLoop.processSelectedKey(NioEventLoop.java:722)
	at io.netty.channel.nio.NioEventLoop.processSelectedKeysOptimized(NioEventLoop.java:658)
	at io.netty.channel.nio.NioEventLoop.processSelectedKeys(NioEventLoop.java:584)
	at io.netty.channel.nio.NioEventLoop.run(NioEventLoop.java:496)
	at io.netty.util.concurrent.SingleThreadEventExecutor$4.run(SingleThreadEventExecutor.java:986)
	at io.netty.util.internal.ThreadExecutorMap$2.run(ThreadExecutorMap.java:74)
	at io.netty.util.concurrent.FastThreadLocalRunnable.run(FastThreadLocalRunnable.java:30)
	at java.base/java.lang.Thread.run(Thread.java:829)
18:31:31.982 [AsyncHttpClient-1-7] DEBUG org.asynchttpclient.netty.channel.ChannelManager - Closing Channel [id: 0xa1c81388, L:/127.0.0.1:49903 - R:localhost/127.0.0.1:49897] 
18:31:31.982 [AsyncHttpClient-1-7] DEBUG org.asynchttpclient.netty.handler.HttpHandler - Channel Closed: [id: 0xa1c81388, L:/127.0.0.1:49903 ! R:localhost/127.0.0.1:49897] with attribute DISCARD
18:31:32.030 [AsyncHttpClient-1-6] DEBUG org.asynchttpclient.netty.handler.HttpHandler - 

Request DefaultFullHttpRequest(decodeResult: success, version: HTTP/1.1, content: EmptyByteBufBE)
DELETE /session/bb1433e63d717424c7072d4df38a30d1 HTTP/1.1
User-Agent: selenium/4.1.4 (java windows)
Content-Type: application/json; charset=utf-8
host: localhost:62554
accept: */*

Response DefaultHttpResponse(decodeResult: success, version: HTTP/1.1)
HTTP/1.1 200 OK
Content-Type: application/json; charset=utf-8
cache-control: no-cache
content-length: 14

18:31:32.030 [AsyncHttpClient-1-6] DEBUG org.asynchttpclient.netty.channel.ChannelManager - Adding key: http://localhost:62554 for channel [id: 0x8e7fe59d, L:/127.0.0.1:49896 - R:localhost/127.0.0.1:62554]
18:31:32.107 [AsyncHttpClient-1-6] DEBUG org.asynchttpclient.netty.handler.HttpHandler - Channel Closed: [id: 0x8e7fe59d, L:/127.0.0.1:49896 ! R:localhost/127.0.0.1:62554] with attribute DISCARD
18:31:32.125 [main] INFO  - 
  _____   ___   ___   _____     ___     _     ___   ___   ___   ___  
 |_   _| | __| / __| |_   _|   | _ \   /_\   / __| / __| | __| |   \ 
   | |   | _|  \__ \   | |     |  _/  / _ \  \__ \ \__ \ | _|  | |) |
   |_|   |___| |___/   |_|     |_|   /_/ \_\ |___/ |___/ |___| |___/ 

As a admin i want to add data pasien (JK Laki-Laki) - Invlid
----------------------------------------------------------------------
]]></system-out>
    <system-err><![CDATA[Starting ChromeDriver 103.0.5060.53 (a1711811edd74ff1cf2150f36ffa3b0dae40b17f-refs/branch-heads/5060@{#853}) on port 62554
Only local connections are allowed.
Please see https://chromedriver.chromium.org/security-considerations for suggestions on keeping ChromeDriver safe.
ChromeDriver was started successfully.
Jul 17, 2022 6:31:01 PM org.openqa.selenium.remote.ProtocolHandshake createSession
INFO: Detected dialect: W3C
Jul 17, 2022 6:31:01 PM org.openqa.selenium.devtools.CdpVersionFinder findNearestMatch
WARNING: Unable to find an exact match for CDP version 103, so returning the closest version found: 101
Jul 17, 2022 6:31:01 PM org.openqa.selenium.devtools.CdpVersionFinder findNearestMatch
INFO: Found CDP implementation for version 103 of 101
]]></system-err>
  </testcase>
  <testcase name="As a admin i want to add data pasien (JK Laki-Laki) - Invlid #3" classname="Data Pasien - Admin" time="33.188">
    <system-out><![CDATA[
@DataPasien111 @AddPatientDataInvalid
Scenario Outline: As a admin i want to add data pasien (JK Laki-Laki) - Invlid &amp#27;[90m# src/test/resources/features/4DataPasien.feature:122&amp#27;[0m
18:31:32.140 [main] INFO io.cucumber.core.plugin.SerenityReporter - Running feature from file:///C:/Alterra/CapstoneBaru/QE/TestingWebUpdate/src/test/resources/features/4DataPasien.feature
18:31:32.171 [main] DEBUG net.thucydides.core.steps.StepInterceptor - STARTING STEP: LoginSteps.openLoginPage - openLogin
18:31:32.171 [main] INFO net.serenitybdd.core.webdriver.driverproviders.ChromeDriverProvider - Using automatically driver download
18:31:32.318 [main] DEBUG io.github.bonigarcia.wdm.cache.ResolutionCache - Resolution chrome=103 in cache (valid until 18:54:33 17/07/2022 ICT)
18:31:32.324 [main] DEBUG io.github.bonigarcia.wdm.cache.ResolutionCache - Resolution chrome103=103.0.5060.53 in cache (valid until 17:54:33 18/07/2022 ICT)
18:31:32.326 [main] INFO io.github.bonigarcia.wdm.WebDriverManager - Using chromedriver 103.0.5060.53 (resolved driver for Chrome 103)
18:31:32.336 [main] DEBUG io.github.bonigarcia.wdm.WebDriverManager - Driver chromedriver 103.0.5060.53 found in cache
18:31:32.345 [main] INFO io.github.bonigarcia.wdm.WebDriverManager - Exporting webdriver.chrome.driver as C:\Users\Bagas Dwi Saputra\.cache\selenium\chromedriver\win32\103.0.5060.53\chromedriver.exe
18:31:32.521 [main] DEBUG net.serenitybdd.core.webdriver.driverproviders.ProvideNewDriver - Instantiating driver
18:31:32.521 [main] DEBUG net.serenitybdd.core.webdriver.driverproviders.ProvideNewDriver - Driver capabilities: Capabilities {acceptInsecureCerts: false, base.url: https://fanciful-trifle-360..., browserName: chrome, chorme.driver: src/test/resources/webdrive..., driver: chrome, goog:chromeOptions: {args: [], extensions: []}}
18:31:32.664 [AsyncHttpClient-1-1] DEBUG org.asynchttpclient.netty.channel.DefaultChannelPool - Entry count for : http://localhost:49897 : 1
18:31:32.664 [AsyncHttpClient-1-1] DEBUG org.asynchttpclient.netty.channel.DefaultChannelPool - Entry count for : http://localhost:62554 : 1
18:31:32.680 [AsyncHttpClient-1-1] DEBUG org.asynchttpclient.netty.channel.DefaultChannelPool - Adding Candidate expired Channel [id: 0xa1c81388, L:/127.0.0.1:49903 ! R:localhost/127.0.0.1:49897] isIdleTimeoutExpired=false isRemotelyClosed=true isTtlExpired=false
18:31:32.695 [AsyncHttpClient-1-1] DEBUG org.asynchttpclient.netty.channel.DefaultChannelPool - Closing Idle Channel [id: 0xa1c81388, L:/127.0.0.1:49903 ! R:localhost/127.0.0.1:49897]
18:31:32.726 [AsyncHttpClient-1-1] DEBUG org.asynchttpclient.netty.channel.DefaultChannelPool - Adding Candidate expired Channel [id: 0x8e7fe59d, L:/127.0.0.1:49896 ! R:localhost/127.0.0.1:62554] isIdleTimeoutExpired=false isRemotelyClosed=true isTtlExpired=false
18:31:32.726 [AsyncHttpClient-1-1] DEBUG org.asynchttpclient.netty.channel.DefaultChannelPool - Closing Idle Channel [id: 0x8e7fe59d, L:/127.0.0.1:49896 ! R:localhost/127.0.0.1:62554]
18:31:32.726 [AsyncHttpClient-1-1] DEBUG org.asynchttpclient.netty.channel.DefaultChannelPool - Closed 2 connections out of 2 in 62 ms
18:31:32.738 [AsyncHttpClient-1-9] DEBUG org.asynchttpclient.netty.channel.NettyConnectListener - Using new Channel '[id: 0x76d37d00, L:/127.0.0.1:49921 - R:localhost/127.0.0.1:56903]' for 'POST' to '/session'
18:31:33.934 [AsyncHttpClient-1-9] DEBUG org.asynchttpclient.netty.handler.HttpHandler - 

Request DefaultHttpRequest(decodeResult: success, version: HTTP/1.1)
POST /session HTTP/1.1
User-Agent: selenium/4.1.4 (java windows)
Content-Length: 629
Content-Type: application/json; charset=utf-8
host: localhost:56903
accept: */*

Response DefaultHttpResponse(decodeResult: success, version: HTTP/1.1)
HTTP/1.1 200 OK
Content-Type: application/json; charset=utf-8
cache-control: no-cache
content-length: 792

18:31:33.934 [AsyncHttpClient-1-9] DEBUG org.asynchttpclient.netty.channel.ChannelManager - Adding key: http://localhost:56903 for channel [id: 0x76d37d00, L:/127.0.0.1:49921 - R:localhost/127.0.0.1:56903]
18:31:33.942 [AsyncHttpClient-1-2] DEBUG org.asynchttpclient.netty.channel.NettyConnectListener - Using new Channel '[id: 0x41f97c4b, L:/127.0.0.1:49928 - R:localhost/127.0.0.1:49922]' for 'GET' to '/json/version'
18:31:33.943 [AsyncHttpClient-1-2] DEBUG org.asynchttpclient.netty.handler.HttpHandler - 

Request DefaultFullHttpRequest(decodeResult: success, version: HTTP/1.1, content: EmptyByteBufBE)
GET /json/version HTTP/1.1
User-Agent: selenium/4.1.4 (java windows)
host: localhost:49922
accept: */*

Response DefaultHttpResponse(decodeResult: success, version: HTTP/1.1)
HTTP/1.1 200 OK
Content-Type: application/json; charset=UTF-8
content-length: 429

18:31:33.943 [AsyncHttpClient-1-2] DEBUG org.asynchttpclient.netty.channel.ChannelManager - Adding key: http://localhost:49922 for channel [id: 0x41f97c4b, L:/127.0.0.1:49928 - R:localhost/127.0.0.1:49922]
18:31:33.945 [AsyncHttpClient-1-3] DEBUG org.asynchttpclient.netty.channel.NettyConnectListener - Using new Channel '[id: 0xf39ce062, L:/127.0.0.1:49929 - R:localhost/127.0.0.1:49922]' for 'GET' to '/devtools/browser/e7cb11d9-633b-4410-bcca-ff338fc3a9af'
18:31:33.946 [AsyncHttpClient-1-3] DEBUG org.asynchttpclient.netty.handler.WebSocketHandler - 

Request DefaultFullHttpRequest(decodeResult: success, version: HTTP/1.1, content: EmptyByteBufBE)
GET /devtools/browser/e7cb11d9-633b-4410-bcca-ff338fc3a9af HTTP/1.1
upgrade: websocket
connection: upgrade
sec-websocket-key: Q3G3UhVBXk/i/iEK2qodHw==
sec-websocket-version: 13
origin: http://localhost:49922
host: localhost:49922
accept: */*
user-agent: AHC/2.1

Response DefaultHttpResponse(decodeResult: success, version: HTTP/1.1)
HTTP/1.1 101 WebSocket Protocol Handshake
Upgrade: WebSocket
Connection: Upgrade
Sec-WebSocket-Accept: gaRz3rGhvPrJg/mPULrg2h+aDRY=

18:31:33.947 [Forwarding get on session 16d828440083d3cb34850069265427f5 to remote] DEBUG org.asynchttpclient.netty.request.NettyRequestSender - Using pooled Channel '[id: 0x76d37d00, L:/127.0.0.1:49921 - R:localhost/127.0.0.1:56903]' for 'POST' to 'http://localhost:56903/session/16d828440083d3cb34850069265427f5/url'
18:31:33.947 [Forwarding get on session 16d828440083d3cb34850069265427f5 to remote] DEBUG org.asynchttpclient.netty.request.NettyRequestSender - Using open Channel [id: 0x76d37d00, L:/127.0.0.1:49921 - R:localhost/127.0.0.1:56903] for POST '/session/16d828440083d3cb34850069265427f5/url'
18:31:34.637 [AsyncHttpClient-1-9] DEBUG org.asynchttpclient.netty.handler.HttpHandler - 

Request DefaultHttpRequest(decodeResult: success, version: HTTP/1.1)
POST /session/16d828440083d3cb34850069265427f5/url HTTP/1.1
User-Agent: selenium/4.1.4 (java windows)
Content-Length: 78
Content-Type: application/json; charset=utf-8
host: localhost:56903
accept: */*

Response DefaultHttpResponse(decodeResult: success, version: HTTP/1.1)
HTTP/1.1 200 OK
Content-Type: application/json; charset=utf-8
cache-control: no-cache
content-length: 14

18:31:34.637 [AsyncHttpClient-1-9] DEBUG org.asynchttpclient.netty.channel.ChannelManager - Adding key: http://localhost:56903 for channel [id: 0x76d37d00, L:/127.0.0.1:49921 - R:localhost/127.0.0.1:56903]
18:31:34.639 [Forwarding setTimeout on session 16d828440083d3cb34850069265427f5 to remote] DEBUG org.asynchttpclient.netty.request.NettyRequestSender - Using pooled Channel '[id: 0x76d37d00, L:/127.0.0.1:49921 - R:localhost/127.0.0.1:56903]' for 'POST' to 'http://localhost:56903/session/16d828440083d3cb34850069265427f5/timeouts'
18:31:34.639 [Forwarding setTimeout on session 16d828440083d3cb34850069265427f5 to remote] DEBUG org.asynchttpclient.netty.request.NettyRequestSender - Using open Channel [id: 0x76d37d00, L:/127.0.0.1:49921 - R:localhost/127.0.0.1:56903] for POST '/session/16d828440083d3cb34850069265427f5/timeouts'
18:31:34.640 [AsyncHttpClient-1-9] DEBUG org.asynchttpclient.netty.handler.HttpHandler - 

Request DefaultHttpRequest(decodeResult: success, version: HTTP/1.1)
POST /session/16d828440083d3cb34850069265427f5/timeouts HTTP/1.1
User-Agent: selenium/4.1.4 (java windows)
Content-Length: 22
Content-Type: application/json; charset=utf-8
host: localhost:56903
accept: */*

Response DefaultHttpResponse(decodeResult: success, version: HTTP/1.1)
HTTP/1.1 200 OK
Content-Type: application/json; charset=utf-8
cache-control: no-cache
content-length: 14

18:31:34.640 [AsyncHttpClient-1-9] DEBUG org.asynchttpclient.netty.channel.ChannelManager - Adding key: http://localhost:56903 for channel [id: 0x76d37d00, L:/127.0.0.1:49921 - R:localhost/127.0.0.1:56903]
18:31:34.642 [Forwarding getCurrentUrl on session 16d828440083d3cb34850069265427f5 to remote] DEBUG org.asynchttpclient.netty.request.NettyRequestSender - Using pooled Channel '[id: 0x76d37d00, L:/127.0.0.1:49921 - R:localhost/127.0.0.1:56903]' for 'GET' to 'http://localhost:56903/session/16d828440083d3cb34850069265427f5/url'
18:31:34.642 [Forwarding getCurrentUrl on session 16d828440083d3cb34850069265427f5 to remote] DEBUG org.asynchttpclient.netty.request.NettyRequestSender - Using open Channel [id: 0x76d37d00, L:/127.0.0.1:49921 - R:localhost/127.0.0.1:56903] for GET '/session/16d828440083d3cb34850069265427f5/url'
18:31:34.657 [AsyncHttpClient-1-9] DEBUG org.asynchttpclient.netty.handler.HttpHandler - 

Request DefaultFullHttpRequest(decodeResult: success, version: HTTP/1.1, content: EmptyByteBufBE)
GET /session/16d828440083d3cb34850069265427f5/url HTTP/1.1
User-Agent: selenium/4.1.4 (java windows)
Cache-Control: no-cache
Content-Type: application/json; charset=utf-8
host: localhost:56903
accept: */*

Response DefaultHttpResponse(decodeResult: success, version: HTTP/1.1)
HTTP/1.1 200 OK
Content-Type: application/json; charset=utf-8
cache-control: no-cache
content-length: 60

18:31:34.657 [AsyncHttpClient-1-9] DEBUG org.asynchttpclient.netty.channel.ChannelManager - Adding key: http://localhost:56903 for channel [id: 0x76d37d00, L:/127.0.0.1:49921 - R:localhost/127.0.0.1:56903]
18:31:34.661 [Forwarding screenshot on session 16d828440083d3cb34850069265427f5 to remote] DEBUG org.asynchttpclient.netty.request.NettyRequestSender - Using pooled Channel '[id: 0x76d37d00, L:/127.0.0.1:49921 - R:localhost/127.0.0.1:56903]' for 'GET' to 'http://localhost:56903/session/16d828440083d3cb34850069265427f5/screenshot'
18:31:34.661 [Forwarding screenshot on session 16d828440083d3cb34850069265427f5 to remote] DEBUG org.asynchttpclient.netty.request.NettyRequestSender - Using open Channel [id: 0x76d37d00, L:/127.0.0.1:49921 - R:localhost/127.0.0.1:56903] for GET '/session/16d828440083d3cb34850069265427f5/screenshot'
18:31:34.836 [AsyncHttpClient-1-1] DEBUG org.asynchttpclient.netty.channel.DefaultChannelPool - Entry count for : http://localhost:49922 : 1
18:31:35.129 [AsyncHttpClient-1-9] DEBUG org.asynchttpclient.netty.handler.HttpHandler - 

Request DefaultFullHttpRequest(decodeResult: success, version: HTTP/1.1, content: EmptyByteBufBE)
GET /session/16d828440083d3cb34850069265427f5/screenshot HTTP/1.1
User-Agent: selenium/4.1.4 (java windows)
Cache-Control: no-cache
Content-Type: application/json; charset=utf-8
host: localhost:56903
accept: */*

Response DefaultHttpResponse(decodeResult: success, version: HTTP/1.1)
HTTP/1.1 200 OK
Content-Type: application/json; charset=utf-8
cache-control: no-cache
content-length: 380436

18:31:35.130 [AsyncHttpClient-1-9] DEBUG org.asynchttpclient.netty.channel.ChannelManager - Adding key: http://localhost:56903 for channel [id: 0x76d37d00, L:/127.0.0.1:49921 - R:localhost/127.0.0.1:56903]
18:31:35.139 [main] DEBUG net.serenitybdd.core.photography.Darkroom - Send negative for processing for target\site\serenity\d122c364c40ece9db0ad32cd97c3fcf63e95ba606118dda8d3e5a1d2b8235ce2.png
18:31:35.139 [main] DEBUG net.thucydides.core.steps.StepInterceptor - STEP DONE: openLogin
  &amp#27;[32mGiven &amp#27;[0m&amp#27;[32mOpen login page&amp#27;[0m                                                        &amp#27;[90m# starter.stepdefinitios.LoginSteps.openLoginPage()&amp#27;[0m
18:31:35.645 [Forwarding findElement on session 16d828440083d3cb34850069265427f5 to remote] DEBUG org.asynchttpclient.netty.request.NettyRequestSender - Using pooled Channel '[id: 0x76d37d00, L:/127.0.0.1:49921 - R:localhost/127.0.0.1:56903]' for 'POST' to 'http://localhost:56903/session/16d828440083d3cb34850069265427f5/element'
18:31:35.645 [Forwarding findElement on session 16d828440083d3cb34850069265427f5 to remote] DEBUG org.asynchttpclient.netty.request.NettyRequestSender - Using open Channel [id: 0x76d37d00, L:/127.0.0.1:49921 - R:localhost/127.0.0.1:56903] for POST '/session/16d828440083d3cb34850069265427f5/element'
18:31:35.670 [AsyncHttpClient-1-9] DEBUG org.asynchttpclient.netty.handler.HttpHandler - 

Request DefaultHttpRequest(decodeResult: success, version: HTTP/1.1)
POST /session/16d828440083d3cb34850069265427f5/element HTTP/1.1
User-Agent: selenium/4.1.4 (java windows)
Content-Length: 70
Content-Type: application/json; charset=utf-8
host: localhost:56903
accept: */*

Response DefaultHttpResponse(decodeResult: success, version: HTTP/1.1)
HTTP/1.1 200 OK
Content-Type: application/json; charset=utf-8
cache-control: no-cache
content-length: 88

18:31:35.670 [AsyncHttpClient-1-9] DEBUG org.asynchttpclient.netty.channel.ChannelManager - Adding key: http://localhost:56903 for channel [id: 0x76d37d00, L:/127.0.0.1:49921 - R:localhost/127.0.0.1:56903]
18:31:35.671 [Forwarding sendKeysToElement on session 16d828440083d3cb34850069265427f5 to remote] DEBUG org.asynchttpclient.netty.request.NettyRequestSender - Using pooled Channel '[id: 0x76d37d00, L:/127.0.0.1:49921 - R:localhost/127.0.0.1:56903]' for 'POST' to 'http://localhost:56903/session/16d828440083d3cb34850069265427f5/element/807995a1-8241-405b-8745-85d046d07696/value'
18:31:35.671 [Forwarding sendKeysToElement on session 16d828440083d3cb34850069265427f5 to remote] DEBUG org.asynchttpclient.netty.request.NettyRequestSender - Using open Channel [id: 0x76d37d00, L:/127.0.0.1:49921 - R:localhost/127.0.0.1:56903] for POST '/session/16d828440083d3cb34850069265427f5/element/807995a1-8241-405b-8745-85d046d07696/value'
18:31:35.796 [AsyncHttpClient-1-9] DEBUG org.asynchttpclient.netty.handler.HttpHandler - 

Request DefaultHttpRequest(decodeResult: success, version: HTTP/1.1)
POST /session/16d828440083d3cb34850069265427f5/element/807995a1-8241-405b-8745-85d046d07696/value HTTP/1.1
User-Agent: selenium/4.1.4 (java windows)
Content-Length: 131
Content-Type: application/json; charset=utf-8
host: localhost:56903
accept: */*

Response DefaultHttpResponse(decodeResult: success, version: HTTP/1.1)
HTTP/1.1 200 OK
Content-Type: application/json; charset=utf-8
cache-control: no-cache
content-length: 14

18:31:35.796 [AsyncHttpClient-1-9] DEBUG org.asynchttpclient.netty.channel.ChannelManager - Adding key: http://localhost:56903 for channel [id: 0x76d37d00, L:/127.0.0.1:49921 - R:localhost/127.0.0.1:56903]
  &amp#27;[32mAnd &amp#27;[0m&amp#27;[32mI input &amp#27;[0m&amp#27;[32m&amp#27;[1m"admin"&amp#27;[0m&amp#27;[32m login email valid&amp#27;[0m                                        &amp#27;[90m# starter.stepdefinitios.LoginSteps.iInputLoginEmailValid(java.lang.String)&amp#27;[0m
18:31:35.801 [Forwarding screenshot on session 16d828440083d3cb34850069265427f5 to remote] DEBUG org.asynchttpclient.netty.request.NettyRequestSender - Using pooled Channel '[id: 0x76d37d00, L:/127.0.0.1:49921 - R:localhost/127.0.0.1:56903]' for 'GET' to 'http://localhost:56903/session/16d828440083d3cb34850069265427f5/screenshot'
18:31:35.801 [Forwarding screenshot on session 16d828440083d3cb34850069265427f5 to remote] DEBUG org.asynchttpclient.netty.request.NettyRequestSender - Using open Channel [id: 0x76d37d00, L:/127.0.0.1:49921 - R:localhost/127.0.0.1:56903] for GET '/session/16d828440083d3cb34850069265427f5/screenshot'
18:31:35.935 [AsyncHttpClient-1-1] DEBUG org.asynchttpclient.netty.channel.DefaultChannelPool - Entry count for : http://localhost:49922 : 1
18:31:36.033 [AsyncHttpClient-1-9] DEBUG org.asynchttpclient.netty.handler.HttpHandler - 

Request DefaultFullHttpRequest(decodeResult: success, version: HTTP/1.1, content: EmptyByteBufBE)
GET /session/16d828440083d3cb34850069265427f5/screenshot HTTP/1.1
User-Agent: selenium/4.1.4 (java windows)
Cache-Control: no-cache
Content-Type: application/json; charset=utf-8
host: localhost:56903
accept: */*

Response DefaultHttpResponse(decodeResult: success, version: HTTP/1.1)
HTTP/1.1 200 OK
Content-Type: application/json; charset=utf-8
cache-control: no-cache
content-length: 379420

18:31:36.033 [AsyncHttpClient-1-9] DEBUG org.asynchttpclient.netty.channel.ChannelManager - Adding key: http://localhost:56903 for channel [id: 0x76d37d00, L:/127.0.0.1:49921 - R:localhost/127.0.0.1:56903]
18:31:36.043 [main] DEBUG net.serenitybdd.core.photography.Darkroom - Send negative for processing for target\site\serenity\93df20195d3751dea78ac30a105f84d37c410e0341f58ded6fb231b5b47402e6.png
18:31:36.579 [Forwarding screenshot on session 16d828440083d3cb34850069265427f5 to remote] DEBUG org.asynchttpclient.netty.request.NettyRequestSender - Using pooled Channel '[id: 0x76d37d00, L:/127.0.0.1:49921 - R:localhost/127.0.0.1:56903]' for 'GET' to 'http://localhost:56903/session/16d828440083d3cb34850069265427f5/screenshot'
18:31:36.579 [Forwarding screenshot on session 16d828440083d3cb34850069265427f5 to remote] DEBUG org.asynchttpclient.netty.request.NettyRequestSender - Using open Channel [id: 0x76d37d00, L:/127.0.0.1:49921 - R:localhost/127.0.0.1:56903] for GET '/session/16d828440083d3cb34850069265427f5/screenshot'
18:31:36.750 [AsyncHttpClient-1-9] DEBUG org.asynchttpclient.netty.handler.HttpHandler - 

Request DefaultFullHttpRequest(decodeResult: success, version: HTTP/1.1, content: EmptyByteBufBE)
GET /session/16d828440083d3cb34850069265427f5/screenshot HTTP/1.1
User-Agent: selenium/4.1.4 (java windows)
Cache-Control: no-cache
Content-Type: application/json; charset=utf-8
host: localhost:56903
accept: */*

Response DefaultHttpResponse(decodeResult: success, version: HTTP/1.1)
HTTP/1.1 200 OK
Content-Type: application/json; charset=utf-8
cache-control: no-cache
content-length: 379404

18:31:36.750 [AsyncHttpClient-1-9] DEBUG org.asynchttpclient.netty.channel.ChannelManager - Adding key: http://localhost:56903 for channel [id: 0x76d37d00, L:/127.0.0.1:49921 - R:localhost/127.0.0.1:56903]
18:31:36.759 [main] DEBUG net.serenitybdd.core.photography.Darkroom - Send negative for processing for target\site\serenity\f684e1524ced0278b0b6c6b37709a7cbfb8281aeb576b04a4743fda17448b798.png
18:31:36.764 [main] DEBUG net.thucydides.core.steps.StepInterceptor - STARTING STEP: LoginSteps.iInputLoginPasswordValid - inputPasswordLogin
18:31:36.765 [Forwarding findElement on session 16d828440083d3cb34850069265427f5 to remote] DEBUG org.asynchttpclient.netty.request.NettyRequestSender - Using pooled Channel '[id: 0x76d37d00, L:/127.0.0.1:49921 - R:localhost/127.0.0.1:56903]' for 'POST' to 'http://localhost:56903/session/16d828440083d3cb34850069265427f5/element'
18:31:36.765 [Forwarding findElement on session 16d828440083d3cb34850069265427f5 to remote] DEBUG org.asynchttpclient.netty.request.NettyRequestSender - Using open Channel [id: 0x76d37d00, L:/127.0.0.1:49921 - R:localhost/127.0.0.1:56903] for POST '/session/16d828440083d3cb34850069265427f5/element'
18:31:36.775 [AsyncHttpClient-1-9] DEBUG org.asynchttpclient.netty.handler.HttpHandler - 

Request DefaultHttpRequest(decodeResult: success, version: HTTP/1.1)
POST /session/16d828440083d3cb34850069265427f5/element HTTP/1.1
User-Agent: selenium/4.1.4 (java windows)
Content-Length: 70
Content-Type: application/json; charset=utf-8
host: localhost:56903
accept: */*

Response DefaultHttpResponse(decodeResult: success, version: HTTP/1.1)
HTTP/1.1 200 OK
Content-Type: application/json; charset=utf-8
cache-control: no-cache
content-length: 88

18:31:36.775 [AsyncHttpClient-1-9] DEBUG org.asynchttpclient.netty.channel.ChannelManager - Adding key: http://localhost:56903 for channel [id: 0x76d37d00, L:/127.0.0.1:49921 - R:localhost/127.0.0.1:56903]
18:31:36.776 [Forwarding sendKeysToElement on session 16d828440083d3cb34850069265427f5 to remote] DEBUG org.asynchttpclient.netty.request.NettyRequestSender - Using pooled Channel '[id: 0x76d37d00, L:/127.0.0.1:49921 - R:localhost/127.0.0.1:56903]' for 'POST' to 'http://localhost:56903/session/16d828440083d3cb34850069265427f5/element/c31de229-dfb1-4a37-9e0a-13335f98dcdf/value'
18:31:36.776 [Forwarding sendKeysToElement on session 16d828440083d3cb34850069265427f5 to remote] DEBUG org.asynchttpclient.netty.request.NettyRequestSender - Using open Channel [id: 0x76d37d00, L:/127.0.0.1:49921 - R:localhost/127.0.0.1:56903] for POST '/session/16d828440083d3cb34850069265427f5/element/c31de229-dfb1-4a37-9e0a-13335f98dcdf/value'
18:31:36.848 [AsyncHttpClient-1-9] DEBUG org.asynchttpclient.netty.handler.HttpHandler - 

Request DefaultHttpRequest(decodeResult: success, version: HTTP/1.1)
POST /session/16d828440083d3cb34850069265427f5/element/c31de229-dfb1-4a37-9e0a-13335f98dcdf/value HTTP/1.1
User-Agent: selenium/4.1.4 (java windows)
Content-Length: 161
Content-Type: application/json; charset=utf-8
host: localhost:56903
accept: */*

Response DefaultHttpResponse(decodeResult: success, version: HTTP/1.1)
HTTP/1.1 200 OK
Content-Type: application/json; charset=utf-8
cache-control: no-cache
content-length: 14

18:31:36.848 [AsyncHttpClient-1-9] DEBUG org.asynchttpclient.netty.channel.ChannelManager - Adding key: http://localhost:56903 for channel [id: 0x76d37d00, L:/127.0.0.1:49921 - R:localhost/127.0.0.1:56903]
18:31:36.854 [Forwarding screenshot on session 16d828440083d3cb34850069265427f5 to remote] DEBUG org.asynchttpclient.netty.request.NettyRequestSender - Using pooled Channel '[id: 0x76d37d00, L:/127.0.0.1:49921 - R:localhost/127.0.0.1:56903]' for 'GET' to 'http://localhost:56903/session/16d828440083d3cb34850069265427f5/screenshot'
18:31:36.854 [Forwarding screenshot on session 16d828440083d3cb34850069265427f5 to remote] DEBUG org.asynchttpclient.netty.request.NettyRequestSender - Using open Channel [id: 0x76d37d00, L:/127.0.0.1:49921 - R:localhost/127.0.0.1:56903] for GET '/session/16d828440083d3cb34850069265427f5/screenshot'
18:31:37.035 [AsyncHttpClient-1-1] DEBUG org.asynchttpclient.netty.channel.DefaultChannelPool - Entry count for : http://localhost:49922 : 1
18:31:37.089 [AsyncHttpClient-1-9] DEBUG org.asynchttpclient.netty.handler.HttpHandler - 

Request DefaultFullHttpRequest(decodeResult: success, version: HTTP/1.1, content: EmptyByteBufBE)
GET /session/16d828440083d3cb34850069265427f5/screenshot HTTP/1.1
User-Agent: selenium/4.1.4 (java windows)
Cache-Control: no-cache
Content-Type: application/json; charset=utf-8
host: localhost:56903
accept: */*

Response DefaultHttpResponse(decodeResult: success, version: HTTP/1.1)
HTTP/1.1 200 OK
Content-Type: application/json; charset=utf-8
cache-control: no-cache
content-length: 377580

18:31:37.089 [AsyncHttpClient-1-9] DEBUG org.asynchttpclient.netty.channel.ChannelManager - Adding key: http://localhost:56903 for channel [id: 0x76d37d00, L:/127.0.0.1:49921 - R:localhost/127.0.0.1:56903]
18:31:37.107 [main] DEBUG net.serenitybdd.core.photography.Darkroom - Send negative for processing for target\site\serenity\44fa0aa493cf3a3837a7fab79c30bded8f584eda85d2cfd055a7ef5b4e3f0a4a.png
18:31:37.107 [main] DEBUG net.thucydides.core.steps.StepInterceptor - STEP DONE: inputPasswordLogin
  &amp#27;[32mAnd &amp#27;[0m&amp#27;[32mI input &amp#27;[0m&amp#27;[32m&amp#27;[1m"admin123"&amp#27;[0m&amp#27;[32m login password valid&amp#27;[0m                                  &amp#27;[90m# starter.stepdefinitios.LoginSteps.iInputLoginPasswordValid(java.lang.String)&amp#27;[0m
18:31:37.121 [main] DEBUG net.thucydides.core.steps.StepInterceptor - STARTING STEP: LoginSteps.iClickButtonLogin - clickButtonLogin
18:31:37.127 [Forwarding findElement on session 16d828440083d3cb34850069265427f5 to remote] DEBUG org.asynchttpclient.netty.request.NettyRequestSender - Using pooled Channel '[id: 0x76d37d00, L:/127.0.0.1:49921 - R:localhost/127.0.0.1:56903]' for 'POST' to 'http://localhost:56903/session/16d828440083d3cb34850069265427f5/element'
18:31:37.127 [Forwarding findElement on session 16d828440083d3cb34850069265427f5 to remote] DEBUG org.asynchttpclient.netty.request.NettyRequestSender - Using open Channel [id: 0x76d37d00, L:/127.0.0.1:49921 - R:localhost/127.0.0.1:56903] for POST '/session/16d828440083d3cb34850069265427f5/element'
18:31:37.139 [AsyncHttpClient-1-9] DEBUG org.asynchttpclient.netty.handler.HttpHandler - 

Request DefaultHttpRequest(decodeResult: success, version: HTTP/1.1)
POST /session/16d828440083d3cb34850069265427f5/element HTTP/1.1
User-Agent: selenium/4.1.4 (java windows)
Content-Length: 68
Content-Type: application/json; charset=utf-8
host: localhost:56903
accept: */*

Response DefaultHttpResponse(decodeResult: success, version: HTTP/1.1)
HTTP/1.1 200 OK
Content-Type: application/json; charset=utf-8
cache-control: no-cache
content-length: 88

18:31:37.139 [AsyncHttpClient-1-9] DEBUG org.asynchttpclient.netty.channel.ChannelManager - Adding key: http://localhost:56903 for channel [id: 0x76d37d00, L:/127.0.0.1:49921 - R:localhost/127.0.0.1:56903]
18:31:37.140 [Forwarding getElementTagName on session 16d828440083d3cb34850069265427f5 to remote] DEBUG org.asynchttpclient.netty.request.NettyRequestSender - Using pooled Channel '[id: 0x76d37d00, L:/127.0.0.1:49921 - R:localhost/127.0.0.1:56903]' for 'GET' to 'http://localhost:56903/session/16d828440083d3cb34850069265427f5/element/6e57c03e-6522-4b32-81df-472122d704a3/name'
18:31:37.140 [Forwarding getElementTagName on session 16d828440083d3cb34850069265427f5 to remote] DEBUG org.asynchttpclient.netty.request.NettyRequestSender - Using open Channel [id: 0x76d37d00, L:/127.0.0.1:49921 - R:localhost/127.0.0.1:56903] for GET '/session/16d828440083d3cb34850069265427f5/element/6e57c03e-6522-4b32-81df-472122d704a3/name'
18:31:37.143 [AsyncHttpClient-1-9] DEBUG org.asynchttpclient.netty.handler.HttpHandler - 

Request DefaultFullHttpRequest(decodeResult: success, version: HTTP/1.1, content: EmptyByteBufBE)
GET /session/16d828440083d3cb34850069265427f5/element/6e57c03e-6522-4b32-81df-472122d704a3/name HTTP/1.1
User-Agent: selenium/4.1.4 (java windows)
Cache-Control: no-cache
Content-Type: application/json; charset=utf-8
host: localhost:56903
accept: */*

Response DefaultHttpResponse(decodeResult: success, version: HTTP/1.1)
HTTP/1.1 200 OK
Content-Type: application/json; charset=utf-8
cache-control: no-cache
content-length: 18

18:31:37.143 [AsyncHttpClient-1-9] DEBUG org.asynchttpclient.netty.channel.ChannelManager - Adding key: http://localhost:56903 for channel [id: 0x76d37d00, L:/127.0.0.1:49921 - R:localhost/127.0.0.1:56903]
18:31:37.144 [Forwarding getElementTagName on session 16d828440083d3cb34850069265427f5 to remote] DEBUG org.asynchttpclient.netty.request.NettyRequestSender - Using pooled Channel '[id: 0x76d37d00, L:/127.0.0.1:49921 - R:localhost/127.0.0.1:56903]' for 'GET' to 'http://localhost:56903/session/16d828440083d3cb34850069265427f5/element/6e57c03e-6522-4b32-81df-472122d704a3/name'
18:31:37.144 [Forwarding getElementTagName on session 16d828440083d3cb34850069265427f5 to remote] DEBUG org.asynchttpclient.netty.request.NettyRequestSender - Using open Channel [id: 0x76d37d00, L:/127.0.0.1:49921 - R:localhost/127.0.0.1:56903] for GET '/session/16d828440083d3cb34850069265427f5/element/6e57c03e-6522-4b32-81df-472122d704a3/name'
18:31:37.147 [AsyncHttpClient-1-9] DEBUG org.asynchttpclient.netty.handler.HttpHandler - 

Request DefaultFullHttpRequest(decodeResult: success, version: HTTP/1.1, content: EmptyByteBufBE)
GET /session/16d828440083d3cb34850069265427f5/element/6e57c03e-6522-4b32-81df-472122d704a3/name HTTP/1.1
User-Agent: selenium/4.1.4 (java windows)
Cache-Control: no-cache
Content-Type: application/json; charset=utf-8
host: localhost:56903
accept: */*

Response DefaultHttpResponse(decodeResult: success, version: HTTP/1.1)
HTTP/1.1 200 OK
Content-Type: application/json; charset=utf-8
cache-control: no-cache
content-length: 18

18:31:37.147 [AsyncHttpClient-1-9] DEBUG org.asynchttpclient.netty.channel.ChannelManager - Adding key: http://localhost:56903 for channel [id: 0x76d37d00, L:/127.0.0.1:49921 - R:localhost/127.0.0.1:56903]
18:31:37.149 [Forwarding isElementEnabled on session 16d828440083d3cb34850069265427f5 to remote] DEBUG org.asynchttpclient.netty.request.NettyRequestSender - Using pooled Channel '[id: 0x76d37d00, L:/127.0.0.1:49921 - R:localhost/127.0.0.1:56903]' for 'GET' to 'http://localhost:56903/session/16d828440083d3cb34850069265427f5/element/6e57c03e-6522-4b32-81df-472122d704a3/enabled'
18:31:37.149 [Forwarding isElementEnabled on session 16d828440083d3cb34850069265427f5 to remote] DEBUG org.asynchttpclient.netty.request.NettyRequestSender - Using open Channel [id: 0x76d37d00, L:/127.0.0.1:49921 - R:localhost/127.0.0.1:56903] for GET '/session/16d828440083d3cb34850069265427f5/element/6e57c03e-6522-4b32-81df-472122d704a3/enabled'
18:31:37.157 [AsyncHttpClient-1-9] DEBUG org.asynchttpclient.netty.handler.HttpHandler - 

Request DefaultFullHttpRequest(decodeResult: success, version: HTTP/1.1, content: EmptyByteBufBE)
GET /session/16d828440083d3cb34850069265427f5/element/6e57c03e-6522-4b32-81df-472122d704a3/enabled HTTP/1.1
User-Agent: selenium/4.1.4 (java windows)
Cache-Control: no-cache
Content-Type: application/json; charset=utf-8
host: localhost:56903
accept: */*

Response DefaultHttpResponse(decodeResult: success, version: HTTP/1.1)
HTTP/1.1 200 OK
Content-Type: application/json; charset=utf-8
cache-control: no-cache
content-length: 14

18:31:37.157 [AsyncHttpClient-1-9] DEBUG org.asynchttpclient.netty.channel.ChannelManager - Adding key: http://localhost:56903 for channel [id: 0x76d37d00, L:/127.0.0.1:49921 - R:localhost/127.0.0.1:56903]
18:31:37.160 [Forwarding isElementEnabled on session 16d828440083d3cb34850069265427f5 to remote] DEBUG org.asynchttpclient.netty.request.NettyRequestSender - Using pooled Channel '[id: 0x76d37d00, L:/127.0.0.1:49921 - R:localhost/127.0.0.1:56903]' for 'GET' to 'http://localhost:56903/session/16d828440083d3cb34850069265427f5/element/6e57c03e-6522-4b32-81df-472122d704a3/enabled'
18:31:37.160 [Forwarding isElementEnabled on session 16d828440083d3cb34850069265427f5 to remote] DEBUG org.asynchttpclient.netty.request.NettyRequestSender - Using open Channel [id: 0x76d37d00, L:/127.0.0.1:49921 - R:localhost/127.0.0.1:56903] for GET '/session/16d828440083d3cb34850069265427f5/element/6e57c03e-6522-4b32-81df-472122d704a3/enabled'
18:31:37.166 [AsyncHttpClient-1-9] DEBUG org.asynchttpclient.netty.handler.HttpHandler - 

Request DefaultFullHttpRequest(decodeResult: success, version: HTTP/1.1, content: EmptyByteBufBE)
GET /session/16d828440083d3cb34850069265427f5/element/6e57c03e-6522-4b32-81df-472122d704a3/enabled HTTP/1.1
User-Agent: selenium/4.1.4 (java windows)
Cache-Control: no-cache
Content-Type: application/json; charset=utf-8
host: localhost:56903
accept: */*

Response DefaultHttpResponse(decodeResult: success, version: HTTP/1.1)
HTTP/1.1 200 OK
Content-Type: application/json; charset=utf-8
cache-control: no-cache
content-length: 14

18:31:37.167 [AsyncHttpClient-1-9] DEBUG org.asynchttpclient.netty.channel.ChannelManager - Adding key: http://localhost:56903 for channel [id: 0x76d37d00, L:/127.0.0.1:49921 - R:localhost/127.0.0.1:56903]
18:31:37.168 [Forwarding findElement on session 16d828440083d3cb34850069265427f5 to remote] DEBUG org.asynchttpclient.netty.request.NettyRequestSender - Using pooled Channel '[id: 0x76d37d00, L:/127.0.0.1:49921 - R:localhost/127.0.0.1:56903]' for 'POST' to 'http://localhost:56903/session/16d828440083d3cb34850069265427f5/element'
18:31:37.168 [Forwarding findElement on session 16d828440083d3cb34850069265427f5 to remote] DEBUG org.asynchttpclient.netty.request.NettyRequestSender - Using open Channel [id: 0x76d37d00, L:/127.0.0.1:49921 - R:localhost/127.0.0.1:56903] for POST '/session/16d828440083d3cb34850069265427f5/element'
18:31:37.174 [AsyncHttpClient-1-9] DEBUG org.asynchttpclient.netty.handler.HttpHandler - 

Request DefaultHttpRequest(decodeResult: success, version: HTTP/1.1)
POST /session/16d828440083d3cb34850069265427f5/element HTTP/1.1
User-Agent: selenium/4.1.4 (java windows)
Content-Length: 68
Content-Type: application/json; charset=utf-8
host: localhost:56903
accept: */*

Response DefaultHttpResponse(decodeResult: success, version: HTTP/1.1)
HTTP/1.1 200 OK
Content-Type: application/json; charset=utf-8
cache-control: no-cache
content-length: 88

18:31:37.174 [AsyncHttpClient-1-9] DEBUG org.asynchttpclient.netty.channel.ChannelManager - Adding key: http://localhost:56903 for channel [id: 0x76d37d00, L:/127.0.0.1:49921 - R:localhost/127.0.0.1:56903]
18:31:37.175 [Forwarding clickElement on session 16d828440083d3cb34850069265427f5 to remote] DEBUG org.asynchttpclient.netty.request.NettyRequestSender - Using pooled Channel '[id: 0x76d37d00, L:/127.0.0.1:49921 - R:localhost/127.0.0.1:56903]' for 'POST' to 'http://localhost:56903/session/16d828440083d3cb34850069265427f5/element/6e57c03e-6522-4b32-81df-472122d704a3/click'
18:31:37.175 [Forwarding clickElement on session 16d828440083d3cb34850069265427f5 to remote] DEBUG org.asynchttpclient.netty.request.NettyRequestSender - Using open Channel [id: 0x76d37d00, L:/127.0.0.1:49921 - R:localhost/127.0.0.1:56903] for POST '/session/16d828440083d3cb34850069265427f5/element/6e57c03e-6522-4b32-81df-472122d704a3/click'
18:31:37.230 [AsyncHttpClient-1-9] DEBUG org.asynchttpclient.netty.handler.HttpHandler - 

Request DefaultHttpRequest(decodeResult: success, version: HTTP/1.1)
POST /session/16d828440083d3cb34850069265427f5/element/6e57c03e-6522-4b32-81df-472122d704a3/click HTTP/1.1
User-Agent: selenium/4.1.4 (java windows)
Content-Length: 50
Content-Type: application/json; charset=utf-8
host: localhost:56903
accept: */*

Response DefaultHttpResponse(decodeResult: success, version: HTTP/1.1)
HTTP/1.1 200 OK
Content-Type: application/json; charset=utf-8
cache-control: no-cache
content-length: 14

18:31:37.230 [AsyncHttpClient-1-9] DEBUG org.asynchttpclient.netty.channel.ChannelManager - Adding key: http://localhost:56903 for channel [id: 0x76d37d00, L:/127.0.0.1:49921 - R:localhost/127.0.0.1:56903]
18:31:37.235 [Forwarding screenshot on session 16d828440083d3cb34850069265427f5 to remote] DEBUG org.asynchttpclient.netty.request.NettyRequestSender - Using pooled Channel '[id: 0x76d37d00, L:/127.0.0.1:49921 - R:localhost/127.0.0.1:56903]' for 'GET' to 'http://localhost:56903/session/16d828440083d3cb34850069265427f5/screenshot'
18:31:37.235 [Forwarding screenshot on session 16d828440083d3cb34850069265427f5 to remote] DEBUG org.asynchttpclient.netty.request.NettyRequestSender - Using open Channel [id: 0x76d37d00, L:/127.0.0.1:49921 - R:localhost/127.0.0.1:56903] for GET '/session/16d828440083d3cb34850069265427f5/screenshot'
18:31:37.534 [AsyncHttpClient-1-9] DEBUG org.asynchttpclient.netty.handler.HttpHandler - 

Request DefaultFullHttpRequest(decodeResult: success, version: HTTP/1.1, content: EmptyByteBufBE)
GET /session/16d828440083d3cb34850069265427f5/screenshot HTTP/1.1
User-Agent: selenium/4.1.4 (java windows)
Cache-Control: no-cache
Content-Type: application/json; charset=utf-8
host: localhost:56903
accept: */*

Response DefaultHttpResponse(decodeResult: success, version: HTTP/1.1)
HTTP/1.1 200 OK
Content-Type: application/json; charset=utf-8
cache-control: no-cache
content-length: 360764

18:31:37.535 [AsyncHttpClient-1-9] DEBUG org.asynchttpclient.netty.channel.ChannelManager - Adding key: http://localhost:56903 for channel [id: 0x76d37d00, L:/127.0.0.1:49921 - R:localhost/127.0.0.1:56903]
18:31:37.544 [main] DEBUG net.serenitybdd.core.photography.Darkroom - Send negative for processing for target\site\serenity\7e6da2d93ad9f774eb771b21c9d43197ef983779630b6606be7353cc2ffcf855.png
18:31:37.544 [main] DEBUG net.thucydides.core.steps.StepInterceptor - STEP DONE: clickButtonLogin
18:31:37.544 [Darkroom Processing Line] DEBUG net.serenitybdd.core.photography.DarkroomProcessingLine - Processing screenshot image in /var/screenshots/screenshot-7404853267883836058
18:31:37.544 [Darkroom Processing Line] DEBUG net.serenitybdd.core.photography.DarkroomProcessingLine - Saving screenshot to target\site\serenity\7e6da2d93ad9f774eb771b21c9d43197ef983779630b6606be7353cc2ffcf855.png
18:31:38.136 [AsyncHttpClient-1-1] DEBUG org.asynchttpclient.netty.channel.DefaultChannelPool - Entry count for : http://localhost:56903 : 1
18:31:38.136 [AsyncHttpClient-1-1] DEBUG org.asynchttpclient.netty.channel.DefaultChannelPool - Entry count for : http://localhost:49922 : 1
  &amp#27;[32mAnd &amp#27;[0m&amp#27;[32mI click button login&amp#27;[0m                                                     &amp#27;[90m# starter.stepdefinitios.LoginSteps.iClickButtonLogin()&amp#27;[0m
18:31:38.546 [Forwarding screenshot on session 16d828440083d3cb34850069265427f5 to remote] DEBUG org.asynchttpclient.netty.request.NettyRequestSender - Using pooled Channel '[id: 0x76d37d00, L:/127.0.0.1:49921 - R:localhost/127.0.0.1:56903]' for 'GET' to 'http://localhost:56903/session/16d828440083d3cb34850069265427f5/screenshot'
18:31:38.546 [Forwarding screenshot on session 16d828440083d3cb34850069265427f5 to remote] DEBUG org.asynchttpclient.netty.request.NettyRequestSender - Using open Channel [id: 0x76d37d00, L:/127.0.0.1:49921 - R:localhost/127.0.0.1:56903] for GET '/session/16d828440083d3cb34850069265427f5/screenshot'
18:31:38.839 [AsyncHttpClient-1-9] DEBUG org.asynchttpclient.netty.handler.HttpHandler - 

Request DefaultFullHttpRequest(decodeResult: success, version: HTTP/1.1, content: EmptyByteBufBE)
GET /session/16d828440083d3cb34850069265427f5/screenshot HTTP/1.1
User-Agent: selenium/4.1.4 (java windows)
Cache-Control: no-cache
Content-Type: application/json; charset=utf-8
host: localhost:56903
accept: */*

Response DefaultHttpResponse(decodeResult: success, version: HTTP/1.1)
HTTP/1.1 200 OK
Content-Type: application/json; charset=utf-8
cache-control: no-cache
content-length: 313092

18:31:38.840 [AsyncHttpClient-1-9] DEBUG org.asynchttpclient.netty.channel.ChannelManager - Adding key: http://localhost:56903 for channel [id: 0x76d37d00, L:/127.0.0.1:49921 - R:localhost/127.0.0.1:56903]
18:31:38.847 [main] DEBUG net.serenitybdd.core.photography.Darkroom - Send negative for processing for target\site\serenity\da2d96f0e19fc04167e5622fbd35cad01e9fb52920288fa3ca9a637bf02c82c1.png
18:31:38.847 [Darkroom Processing Line] DEBUG net.serenitybdd.core.photography.DarkroomProcessingLine - Processing screenshot image in /var/screenshots/screenshot-12311591607662401888
18:31:38.847 [Darkroom Processing Line] DEBUG net.serenitybdd.core.photography.DarkroomProcessingLine - Saving screenshot to target\site\serenity\da2d96f0e19fc04167e5622fbd35cad01e9fb52920288fa3ca9a637bf02c82c1.png
18:31:39.235 [AsyncHttpClient-1-1] DEBUG org.asynchttpclient.netty.channel.DefaultChannelPool - Entry count for : http://localhost:56903 : 1
18:31:39.235 [AsyncHttpClient-1-1] DEBUG org.asynchttpclient.netty.channel.DefaultChannelPool - Entry count for : http://localhost:49922 : 1
18:31:40.343 [AsyncHttpClient-1-1] DEBUG org.asynchttpclient.netty.channel.DefaultChannelPool - Entry count for : http://localhost:56903 : 1
18:31:40.343 [AsyncHttpClient-1-1] DEBUG org.asynchttpclient.netty.channel.DefaultChannelPool - Entry count for : http://localhost:49922 : 1
18:31:41.436 [AsyncHttpClient-1-1] DEBUG org.asynchttpclient.netty.channel.DefaultChannelPool - Entry count for : http://localhost:56903 : 1
18:31:41.436 [AsyncHttpClient-1-1] DEBUG org.asynchttpclient.netty.channel.DefaultChannelPool - Entry count for : http://localhost:49922 : 1
18:31:42.548 [AsyncHttpClient-1-1] DEBUG org.asynchttpclient.netty.channel.DefaultChannelPool - Entry count for : http://localhost:56903 : 1
18:31:42.548 [AsyncHttpClient-1-1] DEBUG org.asynchttpclient.netty.channel.DefaultChannelPool - Entry count for : http://localhost:49922 : 1
18:31:43.647 [AsyncHttpClient-1-1] DEBUG org.asynchttpclient.netty.channel.DefaultChannelPool - Entry count for : http://localhost:56903 : 1
18:31:43.647 [AsyncHttpClient-1-1] DEBUG org.asynchttpclient.netty.channel.DefaultChannelPool - Entry count for : http://localhost:49922 : 1
18:31:43.870 [Forwarding findElement on session 16d828440083d3cb34850069265427f5 to remote] DEBUG org.asynchttpclient.netty.request.NettyRequestSender - Using pooled Channel '[id: 0x76d37d00, L:/127.0.0.1:49921 - R:localhost/127.0.0.1:56903]' for 'POST' to 'http://localhost:56903/session/16d828440083d3cb34850069265427f5/element'
18:31:43.870 [Forwarding findElement on session 16d828440083d3cb34850069265427f5 to remote] DEBUG org.asynchttpclient.netty.request.NettyRequestSender - Using open Channel [id: 0x76d37d00, L:/127.0.0.1:49921 - R:localhost/127.0.0.1:56903] for POST '/session/16d828440083d3cb34850069265427f5/element'
18:31:43.889 [AsyncHttpClient-1-9] DEBUG org.asynchttpclient.netty.handler.HttpHandler - 

Request DefaultHttpRequest(decodeResult: success, version: HTTP/1.1)
POST /session/16d828440083d3cb34850069265427f5/element HTTP/1.1
User-Agent: selenium/4.1.4 (java windows)
Content-Length: 68
Content-Type: application/json; charset=utf-8
host: localhost:56903
accept: */*

Response DefaultHttpResponse(decodeResult: success, version: HTTP/1.1)
HTTP/1.1 200 OK
Content-Type: application/json; charset=utf-8
cache-control: no-cache
content-length: 88

18:31:43.889 [AsyncHttpClient-1-9] DEBUG org.asynchttpclient.netty.channel.ChannelManager - Adding key: http://localhost:56903 for channel [id: 0x76d37d00, L:/127.0.0.1:49921 - R:localhost/127.0.0.1:56903]
18:31:43.890 [Forwarding isElementEnabled on session 16d828440083d3cb34850069265427f5 to remote] DEBUG org.asynchttpclient.netty.request.NettyRequestSender - Using pooled Channel '[id: 0x76d37d00, L:/127.0.0.1:49921 - R:localhost/127.0.0.1:56903]' for 'GET' to 'http://localhost:56903/session/16d828440083d3cb34850069265427f5/element/f884c865-afe0-40c3-b5e7-7c1306f2b25e/enabled'
18:31:43.890 [Forwarding isElementEnabled on session 16d828440083d3cb34850069265427f5 to remote] DEBUG org.asynchttpclient.netty.request.NettyRequestSender - Using open Channel [id: 0x76d37d00, L:/127.0.0.1:49921 - R:localhost/127.0.0.1:56903] for GET '/session/16d828440083d3cb34850069265427f5/element/f884c865-afe0-40c3-b5e7-7c1306f2b25e/enabled'
18:31:43.900 [AsyncHttpClient-1-9] DEBUG org.asynchttpclient.netty.handler.HttpHandler - 

Request DefaultFullHttpRequest(decodeResult: success, version: HTTP/1.1, content: EmptyByteBufBE)
GET /session/16d828440083d3cb34850069265427f5/element/f884c865-afe0-40c3-b5e7-7c1306f2b25e/enabled HTTP/1.1
User-Agent: selenium/4.1.4 (java windows)
Cache-Control: no-cache
Content-Type: application/json; charset=utf-8
host: localhost:56903
accept: */*

Response DefaultHttpResponse(decodeResult: success, version: HTTP/1.1)
HTTP/1.1 200 OK
Content-Type: application/json; charset=utf-8
cache-control: no-cache
content-length: 14

18:31:43.900 [AsyncHttpClient-1-9] DEBUG org.asynchttpclient.netty.channel.ChannelManager - Adding key: http://localhost:56903 for channel [id: 0x76d37d00, L:/127.0.0.1:49921 - R:localhost/127.0.0.1:56903]
18:31:44.418 [Forwarding screenshot on session 16d828440083d3cb34850069265427f5 to remote] DEBUG org.asynchttpclient.netty.request.NettyRequestSender - Using pooled Channel '[id: 0x76d37d00, L:/127.0.0.1:49921 - R:localhost/127.0.0.1:56903]' for 'GET' to 'http://localhost:56903/session/16d828440083d3cb34850069265427f5/screenshot'
18:31:44.418 [Forwarding screenshot on session 16d828440083d3cb34850069265427f5 to remote] DEBUG org.asynchttpclient.netty.request.NettyRequestSender - Using open Channel [id: 0x76d37d00, L:/127.0.0.1:49921 - R:localhost/127.0.0.1:56903] for GET '/session/16d828440083d3cb34850069265427f5/screenshot'
18:31:44.681 [AsyncHttpClient-1-9] DEBUG org.asynchttpclient.netty.handler.HttpHandler - 

Request DefaultFullHttpRequest(decodeResult: success, version: HTTP/1.1, content: EmptyByteBufBE)
GET /session/16d828440083d3cb34850069265427f5/screenshot HTTP/1.1
User-Agent: selenium/4.1.4 (java windows)
Cache-Control: no-cache
Content-Type: application/json; charset=utf-8
host: localhost:56903
accept: */*

Response DefaultHttpResponse(decodeResult: success, version: HTTP/1.1)
HTTP/1.1 200 OK
Content-Type: application/json; charset=utf-8
cache-control: no-cache
content-length: 301044

18:31:44.681 [AsyncHttpClient-1-9] DEBUG org.asynchttpclient.netty.channel.ChannelManager - Adding key: http://localhost:56903 for channel [id: 0x76d37d00, L:/127.0.0.1:49921 - R:localhost/127.0.0.1:56903]
18:31:44.681 [main] DEBUG net.serenitybdd.core.photography.Darkroom - Send negative for processing for target\site\serenity\163e386af0b12517552a74a3d5043b94e8c0f9215c0f21d464e3b04d27a0859d.png
18:31:44.696 [main] DEBUG net.thucydides.core.steps.StepInterceptor - STARTING STEP: LoginSteps.loginValidationInvalid - clickButtonErrorOK
18:31:44.697 [Forwarding findElement on session 16d828440083d3cb34850069265427f5 to remote] DEBUG org.asynchttpclient.netty.request.NettyRequestSender - Using pooled Channel '[id: 0x76d37d00, L:/127.0.0.1:49921 - R:localhost/127.0.0.1:56903]' for 'POST' to 'http://localhost:56903/session/16d828440083d3cb34850069265427f5/element'
18:31:44.697 [Forwarding findElement on session 16d828440083d3cb34850069265427f5 to remote] DEBUG org.asynchttpclient.netty.request.NettyRequestSender - Using open Channel [id: 0x76d37d00, L:/127.0.0.1:49921 - R:localhost/127.0.0.1:56903] for POST '/session/16d828440083d3cb34850069265427f5/element'
18:31:44.711 [AsyncHttpClient-1-9] DEBUG org.asynchttpclient.netty.handler.HttpHandler - 

Request DefaultHttpRequest(decodeResult: success, version: HTTP/1.1)
POST /session/16d828440083d3cb34850069265427f5/element HTTP/1.1
User-Agent: selenium/4.1.4 (java windows)
Content-Length: 88
Content-Type: application/json; charset=utf-8
host: localhost:56903
accept: */*

Response DefaultHttpResponse(decodeResult: success, version: HTTP/1.1)
HTTP/1.1 200 OK
Content-Type: application/json; charset=utf-8
cache-control: no-cache
content-length: 88

18:31:44.711 [AsyncHttpClient-1-9] DEBUG org.asynchttpclient.netty.channel.ChannelManager - Adding key: http://localhost:56903 for channel [id: 0x76d37d00, L:/127.0.0.1:49921 - R:localhost/127.0.0.1:56903]
18:31:44.712 [Forwarding getElementTagName on session 16d828440083d3cb34850069265427f5 to remote] DEBUG org.asynchttpclient.netty.request.NettyRequestSender - Using pooled Channel '[id: 0x76d37d00, L:/127.0.0.1:49921 - R:localhost/127.0.0.1:56903]' for 'GET' to 'http://localhost:56903/session/16d828440083d3cb34850069265427f5/element/1e060dea-f7f3-40f1-9591-a736f5444b65/name'
18:31:44.712 [Forwarding getElementTagName on session 16d828440083d3cb34850069265427f5 to remote] DEBUG org.asynchttpclient.netty.request.NettyRequestSender - Using open Channel [id: 0x76d37d00, L:/127.0.0.1:49921 - R:localhost/127.0.0.1:56903] for GET '/session/16d828440083d3cb34850069265427f5/element/1e060dea-f7f3-40f1-9591-a736f5444b65/name'
18:31:44.717 [AsyncHttpClient-1-9] DEBUG org.asynchttpclient.netty.handler.HttpHandler - 

Request DefaultFullHttpRequest(decodeResult: success, version: HTTP/1.1, content: EmptyByteBufBE)
GET /session/16d828440083d3cb34850069265427f5/element/1e060dea-f7f3-40f1-9591-a736f5444b65/name HTTP/1.1
User-Agent: selenium/4.1.4 (java windows)
Cache-Control: no-cache
Content-Type: application/json; charset=utf-8
host: localhost:56903
accept: */*

Response DefaultHttpResponse(decodeResult: success, version: HTTP/1.1)
HTTP/1.1 200 OK
Content-Type: application/json; charset=utf-8
cache-control: no-cache
content-length: 18

18:31:44.717 [AsyncHttpClient-1-9] DEBUG org.asynchttpclient.netty.channel.ChannelManager - Adding key: http://localhost:56903 for channel [id: 0x76d37d00, L:/127.0.0.1:49921 - R:localhost/127.0.0.1:56903]
18:31:44.717 [Forwarding getElementTagName on session 16d828440083d3cb34850069265427f5 to remote] DEBUG org.asynchttpclient.netty.request.NettyRequestSender - Using pooled Channel '[id: 0x76d37d00, L:/127.0.0.1:49921 - R:localhost/127.0.0.1:56903]' for 'GET' to 'http://localhost:56903/session/16d828440083d3cb34850069265427f5/element/1e060dea-f7f3-40f1-9591-a736f5444b65/name'
18:31:44.717 [Forwarding getElementTagName on session 16d828440083d3cb34850069265427f5 to remote] DEBUG org.asynchttpclient.netty.request.NettyRequestSender - Using open Channel [id: 0x76d37d00, L:/127.0.0.1:49921 - R:localhost/127.0.0.1:56903] for GET '/session/16d828440083d3cb34850069265427f5/element/1e060dea-f7f3-40f1-9591-a736f5444b65/name'
18:31:44.720 [AsyncHttpClient-1-9] DEBUG org.asynchttpclient.netty.handler.HttpHandler - 

Request DefaultFullHttpRequest(decodeResult: success, version: HTTP/1.1, content: EmptyByteBufBE)
GET /session/16d828440083d3cb34850069265427f5/element/1e060dea-f7f3-40f1-9591-a736f5444b65/name HTTP/1.1
User-Agent: selenium/4.1.4 (java windows)
Cache-Control: no-cache
Content-Type: application/json; charset=utf-8
host: localhost:56903
accept: */*

Response DefaultHttpResponse(decodeResult: success, version: HTTP/1.1)
HTTP/1.1 200 OK
Content-Type: application/json; charset=utf-8
cache-control: no-cache
content-length: 18

18:31:44.720 [AsyncHttpClient-1-9] DEBUG org.asynchttpclient.netty.channel.ChannelManager - Adding key: http://localhost:56903 for channel [id: 0x76d37d00, L:/127.0.0.1:49921 - R:localhost/127.0.0.1:56903]
18:31:44.722 [Forwarding isElementEnabled on session 16d828440083d3cb34850069265427f5 to remote] DEBUG org.asynchttpclient.netty.request.NettyRequestSender - Using pooled Channel '[id: 0x76d37d00, L:/127.0.0.1:49921 - R:localhost/127.0.0.1:56903]' for 'GET' to 'http://localhost:56903/session/16d828440083d3cb34850069265427f5/element/1e060dea-f7f3-40f1-9591-a736f5444b65/enabled'
18:31:44.722 [Forwarding isElementEnabled on session 16d828440083d3cb34850069265427f5 to remote] DEBUG org.asynchttpclient.netty.request.NettyRequestSender - Using open Channel [id: 0x76d37d00, L:/127.0.0.1:49921 - R:localhost/127.0.0.1:56903] for GET '/session/16d828440083d3cb34850069265427f5/element/1e060dea-f7f3-40f1-9591-a736f5444b65/enabled'
18:31:44.730 [AsyncHttpClient-1-9] DEBUG org.asynchttpclient.netty.handler.HttpHandler - 

Request DefaultFullHttpRequest(decodeResult: success, version: HTTP/1.1, content: EmptyByteBufBE)
GET /session/16d828440083d3cb34850069265427f5/element/1e060dea-f7f3-40f1-9591-a736f5444b65/enabled HTTP/1.1
User-Agent: selenium/4.1.4 (java windows)
Cache-Control: no-cache
Content-Type: application/json; charset=utf-8
host: localhost:56903
accept: */*

Response DefaultHttpResponse(decodeResult: success, version: HTTP/1.1)
HTTP/1.1 200 OK
Content-Type: application/json; charset=utf-8
cache-control: no-cache
content-length: 14

18:31:44.730 [AsyncHttpClient-1-9] DEBUG org.asynchttpclient.netty.channel.ChannelManager - Adding key: http://localhost:56903 for channel [id: 0x76d37d00, L:/127.0.0.1:49921 - R:localhost/127.0.0.1:56903]
18:31:44.730 [Forwarding isElementEnabled on session 16d828440083d3cb34850069265427f5 to remote] DEBUG org.asynchttpclient.netty.request.NettyRequestSender - Using pooled Channel '[id: 0x76d37d00, L:/127.0.0.1:49921 - R:localhost/127.0.0.1:56903]' for 'GET' to 'http://localhost:56903/session/16d828440083d3cb34850069265427f5/element/1e060dea-f7f3-40f1-9591-a736f5444b65/enabled'
18:31:44.730 [Forwarding isElementEnabled on session 16d828440083d3cb34850069265427f5 to remote] DEBUG org.asynchttpclient.netty.request.NettyRequestSender - Using open Channel [id: 0x76d37d00, L:/127.0.0.1:49921 - R:localhost/127.0.0.1:56903] for GET '/session/16d828440083d3cb34850069265427f5/element/1e060dea-f7f3-40f1-9591-a736f5444b65/enabled'
18:31:44.736 [AsyncHttpClient-1-9] DEBUG org.asynchttpclient.netty.handler.HttpHandler - 

Request DefaultFullHttpRequest(decodeResult: success, version: HTTP/1.1, content: EmptyByteBufBE)
GET /session/16d828440083d3cb34850069265427f5/element/1e060dea-f7f3-40f1-9591-a736f5444b65/enabled HTTP/1.1
User-Agent: selenium/4.1.4 (java windows)
Cache-Control: no-cache
Content-Type: application/json; charset=utf-8
host: localhost:56903
accept: */*

Response DefaultHttpResponse(decodeResult: success, version: HTTP/1.1)
HTTP/1.1 200 OK
Content-Type: application/json; charset=utf-8
cache-control: no-cache
content-length: 14

18:31:44.736 [AsyncHttpClient-1-9] DEBUG org.asynchttpclient.netty.channel.ChannelManager - Adding key: http://localhost:56903 for channel [id: 0x76d37d00, L:/127.0.0.1:49921 - R:localhost/127.0.0.1:56903]
18:31:44.737 [Forwarding findElement on session 16d828440083d3cb34850069265427f5 to remote] DEBUG org.asynchttpclient.netty.request.NettyRequestSender - Using pooled Channel '[id: 0x76d37d00, L:/127.0.0.1:49921 - R:localhost/127.0.0.1:56903]' for 'POST' to 'http://localhost:56903/session/16d828440083d3cb34850069265427f5/element'
18:31:44.737 [Forwarding findElement on session 16d828440083d3cb34850069265427f5 to remote] DEBUG org.asynchttpclient.netty.request.NettyRequestSender - Using open Channel [id: 0x76d37d00, L:/127.0.0.1:49921 - R:localhost/127.0.0.1:56903] for POST '/session/16d828440083d3cb34850069265427f5/element'
18:31:44.745 [AsyncHttpClient-1-1] DEBUG org.asynchttpclient.netty.channel.DefaultChannelPool - Entry count for : http://localhost:49922 : 1
18:31:44.745 [AsyncHttpClient-1-9] DEBUG org.asynchttpclient.netty.handler.HttpHandler - 

Request DefaultHttpRequest(decodeResult: success, version: HTTP/1.1)
POST /session/16d828440083d3cb34850069265427f5/element HTTP/1.1
User-Agent: selenium/4.1.4 (java windows)
Content-Length: 88
Content-Type: application/json; charset=utf-8
host: localhost:56903
accept: */*

Response DefaultHttpResponse(decodeResult: success, version: HTTP/1.1)
HTTP/1.1 200 OK
Content-Type: application/json; charset=utf-8
cache-control: no-cache
content-length: 88

18:31:44.745 [AsyncHttpClient-1-9] DEBUG org.asynchttpclient.netty.channel.ChannelManager - Adding key: http://localhost:56903 for channel [id: 0x76d37d00, L:/127.0.0.1:49921 - R:localhost/127.0.0.1:56903]
18:31:44.745 [Forwarding clickElement on session 16d828440083d3cb34850069265427f5 to remote] DEBUG org.asynchttpclient.netty.request.NettyRequestSender - Using pooled Channel '[id: 0x76d37d00, L:/127.0.0.1:49921 - R:localhost/127.0.0.1:56903]' for 'POST' to 'http://localhost:56903/session/16d828440083d3cb34850069265427f5/element/1e060dea-f7f3-40f1-9591-a736f5444b65/click'
18:31:44.745 [Forwarding clickElement on session 16d828440083d3cb34850069265427f5 to remote] DEBUG org.asynchttpclient.netty.request.NettyRequestSender - Using open Channel [id: 0x76d37d00, L:/127.0.0.1:49921 - R:localhost/127.0.0.1:56903] for POST '/session/16d828440083d3cb34850069265427f5/element/1e060dea-f7f3-40f1-9591-a736f5444b65/click'
18:31:44.819 [AsyncHttpClient-1-9] DEBUG org.asynchttpclient.netty.handler.HttpHandler - 

Request DefaultHttpRequest(decodeResult: success, version: HTTP/1.1)
POST /session/16d828440083d3cb34850069265427f5/element/1e060dea-f7f3-40f1-9591-a736f5444b65/click HTTP/1.1
User-Agent: selenium/4.1.4 (java windows)
Content-Length: 50
Content-Type: application/json; charset=utf-8
host: localhost:56903
accept: */*

Response DefaultHttpResponse(decodeResult: success, version: HTTP/1.1)
HTTP/1.1 200 OK
Content-Type: application/json; charset=utf-8
cache-control: no-cache
content-length: 14

18:31:44.819 [AsyncHttpClient-1-9] DEBUG org.asynchttpclient.netty.channel.ChannelManager - Adding key: http://localhost:56903 for channel [id: 0x76d37d00, L:/127.0.0.1:49921 - R:localhost/127.0.0.1:56903]
18:31:44.828 [Forwarding screenshot on session 16d828440083d3cb34850069265427f5 to remote] DEBUG org.asynchttpclient.netty.request.NettyRequestSender - Using pooled Channel '[id: 0x76d37d00, L:/127.0.0.1:49921 - R:localhost/127.0.0.1:56903]' for 'GET' to 'http://localhost:56903/session/16d828440083d3cb34850069265427f5/screenshot'
18:31:44.828 [Forwarding screenshot on session 16d828440083d3cb34850069265427f5 to remote] DEBUG org.asynchttpclient.netty.request.NettyRequestSender - Using open Channel [id: 0x76d37d00, L:/127.0.0.1:49921 - R:localhost/127.0.0.1:56903] for GET '/session/16d828440083d3cb34850069265427f5/screenshot'
18:31:45.154 [AsyncHttpClient-1-9] DEBUG org.asynchttpclient.netty.handler.HttpHandler - 

Request DefaultFullHttpRequest(decodeResult: success, version: HTTP/1.1, content: EmptyByteBufBE)
GET /session/16d828440083d3cb34850069265427f5/screenshot HTTP/1.1
User-Agent: selenium/4.1.4 (java windows)
Cache-Control: no-cache
Content-Type: application/json; charset=utf-8
host: localhost:56903
accept: */*

Response DefaultHttpResponse(decodeResult: success, version: HTTP/1.1)
HTTP/1.1 200 OK
Content-Type: application/json; charset=utf-8
cache-control: no-cache
content-length: 73820

18:31:45.154 [AsyncHttpClient-1-9] DEBUG org.asynchttpclient.netty.channel.ChannelManager - Adding key: http://localhost:56903 for channel [id: 0x76d37d00, L:/127.0.0.1:49921 - R:localhost/127.0.0.1:56903]
18:31:45.155 [main] DEBUG net.serenitybdd.core.photography.Darkroom - Send negative for processing for target\site\serenity\cd4e0c18c38223d4ebe0fecc447f681b28376ff2d0b55faffb227fd72facaaf1.png
18:31:45.155 [main] DEBUG net.thucydides.core.steps.StepInterceptor - STEP DONE: clickButtonErrorOK
  &amp#27;[32mAnd &amp#27;[0m&amp#27;[32mLogin validation invalid&amp#27;[0m                                                 &amp#27;[90m# starter.stepdefinitios.LoginSteps.loginValidationInvalid()&amp#27;[0m
18:31:45.155 [Darkroom Processing Line] DEBUG net.serenitybdd.core.photography.DarkroomProcessingLine - Processing screenshot image in /var/screenshots/screenshot-16673181425313900320
18:31:45.155 [Darkroom Processing Line] DEBUG net.serenitybdd.core.photography.DarkroomProcessingLine - Saving screenshot to target\site\serenity\cd4e0c18c38223d4ebe0fecc447f681b28376ff2d0b55faffb227fd72facaaf1.png
18:31:45.836 [AsyncHttpClient-1-1] DEBUG org.asynchttpclient.netty.channel.DefaultChannelPool - Entry count for : http://localhost:56903 : 1
18:31:45.836 [AsyncHttpClient-1-1] DEBUG org.asynchttpclient.netty.channel.DefaultChannelPool - Entry count for : http://localhost:49922 : 1
18:31:46.941 [AsyncHttpClient-1-1] DEBUG org.asynchttpclient.netty.channel.DefaultChannelPool - Entry count for : http://localhost:56903 : 1
18:31:46.941 [AsyncHttpClient-1-1] DEBUG org.asynchttpclient.netty.channel.DefaultChannelPool - Entry count for : http://localhost:49922 : 1
18:31:48.036 [AsyncHttpClient-1-1] DEBUG org.asynchttpclient.netty.channel.DefaultChannelPool - Entry count for : http://localhost:56903 : 1
18:31:48.036 [AsyncHttpClient-1-1] DEBUG org.asynchttpclient.netty.channel.DefaultChannelPool - Entry count for : http://localhost:49922 : 1
18:31:49.145 [AsyncHttpClient-1-1] DEBUG org.asynchttpclient.netty.channel.DefaultChannelPool - Entry count for : http://localhost:56903 : 1
18:31:49.145 [AsyncHttpClient-1-1] DEBUG org.asynchttpclient.netty.channel.DefaultChannelPool - Entry count for : http://localhost:49922 : 1
18:31:50.201 [Forwarding screenshot on session 16d828440083d3cb34850069265427f5 to remote] DEBUG org.asynchttpclient.netty.request.NettyRequestSender - Using pooled Channel '[id: 0x76d37d00, L:/127.0.0.1:49921 - R:localhost/127.0.0.1:56903]' for 'GET' to 'http://localhost:56903/session/16d828440083d3cb34850069265427f5/screenshot'
18:31:50.201 [Forwarding screenshot on session 16d828440083d3cb34850069265427f5 to remote] DEBUG org.asynchttpclient.netty.request.NettyRequestSender - Using open Channel [id: 0x76d37d00, L:/127.0.0.1:49921 - R:localhost/127.0.0.1:56903] for GET '/session/16d828440083d3cb34850069265427f5/screenshot'
18:31:50.248 [AsyncHttpClient-1-1] DEBUG org.asynchttpclient.netty.channel.DefaultChannelPool - Entry count for : http://localhost:49922 : 1
18:31:50.347 [AsyncHttpClient-1-9] DEBUG org.asynchttpclient.netty.handler.HttpHandler - 

Request DefaultFullHttpRequest(decodeResult: success, version: HTTP/1.1, content: EmptyByteBufBE)
GET /session/16d828440083d3cb34850069265427f5/screenshot HTTP/1.1
User-Agent: selenium/4.1.4 (java windows)
Cache-Control: no-cache
Content-Type: application/json; charset=utf-8
host: localhost:56903
accept: */*

Response DefaultHttpResponse(decodeResult: success, version: HTTP/1.1)
HTTP/1.1 200 OK
Content-Type: application/json; charset=utf-8
cache-control: no-cache
content-length: 78860

18:31:50.347 [AsyncHttpClient-1-9] DEBUG org.asynchttpclient.netty.channel.ChannelManager - Adding key: http://localhost:56903 for channel [id: 0x76d37d00, L:/127.0.0.1:49921 - R:localhost/127.0.0.1:56903]
18:31:50.351 [main] DEBUG net.serenitybdd.core.photography.Darkroom - Send negative for processing for target\site\serenity\e3902e4e6d497170d59aa0c0c2930d955492166dca27ad580f2b08c08bf103aa.png
18:31:50.353 [main] DEBUG net.thucydides.core.steps.StepInterceptor - STARTING STEP: PatientDataSteps.clickButtonDataPasien - clickButtonDataPasien
18:31:50.355 [Forwarding findElement on session 16d828440083d3cb34850069265427f5 to remote] DEBUG org.asynchttpclient.netty.request.NettyRequestSender - Using pooled Channel '[id: 0x76d37d00, L:/127.0.0.1:49921 - R:localhost/127.0.0.1:56903]' for 'POST' to 'http://localhost:56903/session/16d828440083d3cb34850069265427f5/element'
18:31:50.355 [Forwarding findElement on session 16d828440083d3cb34850069265427f5 to remote] DEBUG org.asynchttpclient.netty.request.NettyRequestSender - Using open Channel [id: 0x76d37d00, L:/127.0.0.1:49921 - R:localhost/127.0.0.1:56903] for POST '/session/16d828440083d3cb34850069265427f5/element'
18:31:50.367 [AsyncHttpClient-1-9] DEBUG org.asynchttpclient.netty.handler.HttpHandler - 

Request DefaultHttpRequest(decodeResult: success, version: HTTP/1.1)
POST /session/16d828440083d3cb34850069265427f5/element HTTP/1.1
User-Agent: selenium/4.1.4 (java windows)
Content-Length: 114
Content-Type: application/json; charset=utf-8
host: localhost:56903
accept: */*

Response DefaultHttpResponse(decodeResult: success, version: HTTP/1.1)
HTTP/1.1 200 OK
Content-Type: application/json; charset=utf-8
cache-control: no-cache
content-length: 88

18:31:50.367 [AsyncHttpClient-1-9] DEBUG org.asynchttpclient.netty.channel.ChannelManager - Adding key: http://localhost:56903 for channel [id: 0x76d37d00, L:/127.0.0.1:49921 - R:localhost/127.0.0.1:56903]
18:31:50.368 [Forwarding getElementTagName on session 16d828440083d3cb34850069265427f5 to remote] DEBUG org.asynchttpclient.netty.request.NettyRequestSender - Using pooled Channel '[id: 0x76d37d00, L:/127.0.0.1:49921 - R:localhost/127.0.0.1:56903]' for 'GET' to 'http://localhost:56903/session/16d828440083d3cb34850069265427f5/element/829c2df3-74d7-4af7-bd61-cac9a83393ae/name'
18:31:50.368 [Forwarding getElementTagName on session 16d828440083d3cb34850069265427f5 to remote] DEBUG org.asynchttpclient.netty.request.NettyRequestSender - Using open Channel [id: 0x76d37d00, L:/127.0.0.1:49921 - R:localhost/127.0.0.1:56903] for GET '/session/16d828440083d3cb34850069265427f5/element/829c2df3-74d7-4af7-bd61-cac9a83393ae/name'
18:31:50.373 [AsyncHttpClient-1-9] DEBUG org.asynchttpclient.netty.handler.HttpHandler - 

Request DefaultFullHttpRequest(decodeResult: success, version: HTTP/1.1, content: EmptyByteBufBE)
GET /session/16d828440083d3cb34850069265427f5/element/829c2df3-74d7-4af7-bd61-cac9a83393ae/name HTTP/1.1
User-Agent: selenium/4.1.4 (java windows)
Cache-Control: no-cache
Content-Type: application/json; charset=utf-8
host: localhost:56903
accept: */*

Response DefaultHttpResponse(decodeResult: success, version: HTTP/1.1)
HTTP/1.1 200 OK
Content-Type: application/json; charset=utf-8
cache-control: no-cache
content-length: 13

18:31:50.373 [AsyncHttpClient-1-9] DEBUG org.asynchttpclient.netty.channel.ChannelManager - Adding key: http://localhost:56903 for channel [id: 0x76d37d00, L:/127.0.0.1:49921 - R:localhost/127.0.0.1:56903]
18:31:50.374 [Forwarding getElementTagName on session 16d828440083d3cb34850069265427f5 to remote] DEBUG org.asynchttpclient.netty.request.NettyRequestSender - Using pooled Channel '[id: 0x76d37d00, L:/127.0.0.1:49921 - R:localhost/127.0.0.1:56903]' for 'GET' to 'http://localhost:56903/session/16d828440083d3cb34850069265427f5/element/829c2df3-74d7-4af7-bd61-cac9a83393ae/name'
18:31:50.374 [Forwarding getElementTagName on session 16d828440083d3cb34850069265427f5 to remote] DEBUG org.asynchttpclient.netty.request.NettyRequestSender - Using open Channel [id: 0x76d37d00, L:/127.0.0.1:49921 - R:localhost/127.0.0.1:56903] for GET '/session/16d828440083d3cb34850069265427f5/element/829c2df3-74d7-4af7-bd61-cac9a83393ae/name'
18:31:50.379 [AsyncHttpClient-1-9] DEBUG org.asynchttpclient.netty.handler.HttpHandler - 

Request DefaultFullHttpRequest(decodeResult: success, version: HTTP/1.1, content: EmptyByteBufBE)
GET /session/16d828440083d3cb34850069265427f5/element/829c2df3-74d7-4af7-bd61-cac9a83393ae/name HTTP/1.1
User-Agent: selenium/4.1.4 (java windows)
Cache-Control: no-cache
Content-Type: application/json; charset=utf-8
host: localhost:56903
accept: */*

Response DefaultHttpResponse(decodeResult: success, version: HTTP/1.1)
HTTP/1.1 200 OK
Content-Type: application/json; charset=utf-8
cache-control: no-cache
content-length: 13

18:31:50.379 [AsyncHttpClient-1-9] DEBUG org.asynchttpclient.netty.channel.ChannelManager - Adding key: http://localhost:56903 for channel [id: 0x76d37d00, L:/127.0.0.1:49921 - R:localhost/127.0.0.1:56903]
18:31:50.381 [Forwarding findElement on session 16d828440083d3cb34850069265427f5 to remote] DEBUG org.asynchttpclient.netty.request.NettyRequestSender - Using pooled Channel '[id: 0x76d37d00, L:/127.0.0.1:49921 - R:localhost/127.0.0.1:56903]' for 'POST' to 'http://localhost:56903/session/16d828440083d3cb34850069265427f5/element'
18:31:50.381 [Forwarding findElement on session 16d828440083d3cb34850069265427f5 to remote] DEBUG org.asynchttpclient.netty.request.NettyRequestSender - Using open Channel [id: 0x76d37d00, L:/127.0.0.1:49921 - R:localhost/127.0.0.1:56903] for POST '/session/16d828440083d3cb34850069265427f5/element'
18:31:50.388 [AsyncHttpClient-1-9] DEBUG org.asynchttpclient.netty.handler.HttpHandler - 

Request DefaultHttpRequest(decodeResult: success, version: HTTP/1.1)
POST /session/16d828440083d3cb34850069265427f5/element HTTP/1.1
User-Agent: selenium/4.1.4 (java windows)
Content-Length: 114
Content-Type: application/json; charset=utf-8
host: localhost:56903
accept: */*

Response DefaultHttpResponse(decodeResult: success, version: HTTP/1.1)
HTTP/1.1 200 OK
Content-Type: application/json; charset=utf-8
cache-control: no-cache
content-length: 88

18:31:50.388 [AsyncHttpClient-1-9] DEBUG org.asynchttpclient.netty.channel.ChannelManager - Adding key: http://localhost:56903 for channel [id: 0x76d37d00, L:/127.0.0.1:49921 - R:localhost/127.0.0.1:56903]
18:31:50.389 [Forwarding clickElement on session 16d828440083d3cb34850069265427f5 to remote] DEBUG org.asynchttpclient.netty.request.NettyRequestSender - Using pooled Channel '[id: 0x76d37d00, L:/127.0.0.1:49921 - R:localhost/127.0.0.1:56903]' for 'POST' to 'http://localhost:56903/session/16d828440083d3cb34850069265427f5/element/829c2df3-74d7-4af7-bd61-cac9a83393ae/click'
18:31:50.389 [Forwarding clickElement on session 16d828440083d3cb34850069265427f5 to remote] DEBUG org.asynchttpclient.netty.request.NettyRequestSender - Using open Channel [id: 0x76d37d00, L:/127.0.0.1:49921 - R:localhost/127.0.0.1:56903] for POST '/session/16d828440083d3cb34850069265427f5/element/829c2df3-74d7-4af7-bd61-cac9a83393ae/click'
18:31:50.463 [AsyncHttpClient-1-9] DEBUG org.asynchttpclient.netty.handler.HttpHandler - 

Request DefaultHttpRequest(decodeResult: success, version: HTTP/1.1)
POST /session/16d828440083d3cb34850069265427f5/element/829c2df3-74d7-4af7-bd61-cac9a83393ae/click HTTP/1.1
User-Agent: selenium/4.1.4 (java windows)
Content-Length: 50
Content-Type: application/json; charset=utf-8
host: localhost:56903
accept: */*

Response DefaultHttpResponse(decodeResult: success, version: HTTP/1.1)
HTTP/1.1 200 OK
Content-Type: application/json; charset=utf-8
cache-control: no-cache
content-length: 14

18:31:50.463 [AsyncHttpClient-1-9] DEBUG org.asynchttpclient.netty.channel.ChannelManager - Adding key: http://localhost:56903 for channel [id: 0x76d37d00, L:/127.0.0.1:49921 - R:localhost/127.0.0.1:56903]
18:31:50.469 [Forwarding screenshot on session 16d828440083d3cb34850069265427f5 to remote] DEBUG org.asynchttpclient.netty.request.NettyRequestSender - Using pooled Channel '[id: 0x76d37d00, L:/127.0.0.1:49921 - R:localhost/127.0.0.1:56903]' for 'GET' to 'http://localhost:56903/session/16d828440083d3cb34850069265427f5/screenshot'
18:31:50.471 [Forwarding screenshot on session 16d828440083d3cb34850069265427f5 to remote] DEBUG org.asynchttpclient.netty.request.NettyRequestSender - Using open Channel [id: 0x76d37d00, L:/127.0.0.1:49921 - R:localhost/127.0.0.1:56903] for GET '/session/16d828440083d3cb34850069265427f5/screenshot'
18:31:50.708 [AsyncHttpClient-1-9] DEBUG org.asynchttpclient.netty.handler.HttpHandler - 

Request DefaultFullHttpRequest(decodeResult: success, version: HTTP/1.1, content: EmptyByteBufBE)
GET /session/16d828440083d3cb34850069265427f5/screenshot HTTP/1.1
User-Agent: selenium/4.1.4 (java windows)
Cache-Control: no-cache
Content-Type: application/json; charset=utf-8
host: localhost:56903
accept: */*

Response DefaultHttpResponse(decodeResult: success, version: HTTP/1.1)
HTTP/1.1 200 OK
Content-Type: application/json; charset=utf-8
cache-control: no-cache
content-length: 115620

18:31:50.708 [AsyncHttpClient-1-9] DEBUG org.asynchttpclient.netty.channel.ChannelManager - Adding key: http://localhost:56903 for channel [id: 0x76d37d00, L:/127.0.0.1:49921 - R:localhost/127.0.0.1:56903]
18:31:50.708 [main] DEBUG net.serenitybdd.core.photography.Darkroom - Send negative for processing for target\site\serenity\d03349d035b14b9afcd6f286b367b3093c3099eea76178349bb01e87f3223609.png
18:31:50.708 [main] DEBUG net.thucydides.core.steps.StepInterceptor - STEP DONE: clickButtonDataPasien
  &amp#27;[32mWhen &amp#27;[0m&amp#27;[32mClick button data pasien&amp#27;[0m                                                &amp#27;[90m# starter.stepdefinitios.PatientDataSteps.clickButtonDataPasien()&amp#27;[0m
18:31:50.708 [Darkroom Processing Line] DEBUG net.serenitybdd.core.photography.DarkroomProcessingLine - Processing screenshot image in /var/screenshots/screenshot-11332722213268837795
18:31:50.708 [Darkroom Processing Line] DEBUG net.serenitybdd.core.photography.DarkroomProcessingLine - Saving screenshot to target\site\serenity\d03349d035b14b9afcd6f286b367b3093c3099eea76178349bb01e87f3223609.png
18:31:51.335 [AsyncHttpClient-1-1] DEBUG org.asynchttpclient.netty.channel.DefaultChannelPool - Entry count for : http://localhost:56903 : 1
18:31:51.335 [AsyncHttpClient-1-1] DEBUG org.asynchttpclient.netty.channel.DefaultChannelPool - Entry count for : http://localhost:49922 : 1
18:31:52.443 [AsyncHttpClient-1-1] DEBUG org.asynchttpclient.netty.channel.DefaultChannelPool - Entry count for : http://localhost:56903 : 1
18:31:52.443 [AsyncHttpClient-1-1] DEBUG org.asynchttpclient.netty.channel.DefaultChannelPool - Entry count for : http://localhost:49922 : 1
18:31:53.536 [AsyncHttpClient-1-1] DEBUG org.asynchttpclient.netty.channel.DefaultChannelPool - Entry count for : http://localhost:56903 : 1
18:31:53.536 [AsyncHttpClient-1-1] DEBUG org.asynchttpclient.netty.channel.DefaultChannelPool - Entry count for : http://localhost:49922 : 1
18:31:54.639 [AsyncHttpClient-1-1] DEBUG org.asynchttpclient.netty.channel.DefaultChannelPool - Entry count for : http://localhost:56903 : 1
18:31:54.639 [AsyncHttpClient-1-1] DEBUG org.asynchttpclient.netty.channel.DefaultChannelPool - Entry count for : http://localhost:49922 : 1
18:31:55.747 [AsyncHttpClient-1-1] DEBUG org.asynchttpclient.netty.channel.DefaultChannelPool - Entry count for : http://localhost:56903 : 1
18:31:55.747 [AsyncHttpClient-1-1] DEBUG org.asynchttpclient.netty.channel.DefaultChannelPool - Entry count for : http://localhost:49922 : 1
18:31:56.733 [Forwarding screenshot on session 16d828440083d3cb34850069265427f5 to remote] DEBUG org.asynchttpclient.netty.request.NettyRequestSender - Using pooled Channel '[id: 0x76d37d00, L:/127.0.0.1:49921 - R:localhost/127.0.0.1:56903]' for 'GET' to 'http://localhost:56903/session/16d828440083d3cb34850069265427f5/screenshot'
18:31:56.733 [Forwarding screenshot on session 16d828440083d3cb34850069265427f5 to remote] DEBUG org.asynchttpclient.netty.request.NettyRequestSender - Using open Channel [id: 0x76d37d00, L:/127.0.0.1:49921 - R:localhost/127.0.0.1:56903] for GET '/session/16d828440083d3cb34850069265427f5/screenshot'
18:31:56.842 [AsyncHttpClient-1-1] DEBUG org.asynchttpclient.netty.channel.DefaultChannelPool - Entry count for : http://localhost:49922 : 1
18:31:56.955 [AsyncHttpClient-1-9] DEBUG org.asynchttpclient.netty.handler.HttpHandler - 

Request DefaultFullHttpRequest(decodeResult: success, version: HTTP/1.1, content: EmptyByteBufBE)
GET /session/16d828440083d3cb34850069265427f5/screenshot HTTP/1.1
User-Agent: selenium/4.1.4 (java windows)
Cache-Control: no-cache
Content-Type: application/json; charset=utf-8
host: localhost:56903
accept: */*

Response DefaultHttpResponse(decodeResult: success, version: HTTP/1.1)
HTTP/1.1 200 OK
Content-Type: application/json; charset=utf-8
cache-control: no-cache
content-length: 83448

18:31:56.955 [AsyncHttpClient-1-9] DEBUG org.asynchttpclient.netty.channel.ChannelManager - Adding key: http://localhost:56903 for channel [id: 0x76d37d00, L:/127.0.0.1:49921 - R:localhost/127.0.0.1:56903]
18:31:56.958 [main] DEBUG net.serenitybdd.core.photography.Darkroom - Send negative for processing for target\site\serenity\cdc7d6768bd36f67cb5558b84d3f7cdf2498093267c606387c7df8516ad3c364.png
18:31:56.959 [main] DEBUG net.thucydides.core.steps.StepInterceptor - STARTING STEP: PatientDataSteps.clickButtonTambahData - clickButtonTambah
18:31:56.961 [Forwarding findElement on session 16d828440083d3cb34850069265427f5 to remote] DEBUG org.asynchttpclient.netty.request.NettyRequestSender - Using pooled Channel '[id: 0x76d37d00, L:/127.0.0.1:49921 - R:localhost/127.0.0.1:56903]' for 'POST' to 'http://localhost:56903/session/16d828440083d3cb34850069265427f5/element'
18:31:56.961 [Forwarding findElement on session 16d828440083d3cb34850069265427f5 to remote] DEBUG org.asynchttpclient.netty.request.NettyRequestSender - Using open Channel [id: 0x76d37d00, L:/127.0.0.1:49921 - R:localhost/127.0.0.1:56903] for POST '/session/16d828440083d3cb34850069265427f5/element'
18:31:56.983 [AsyncHttpClient-1-9] DEBUG org.asynchttpclient.netty.handler.HttpHandler - 

Request DefaultHttpRequest(decodeResult: success, version: HTTP/1.1)
POST /session/16d828440083d3cb34850069265427f5/element HTTP/1.1
User-Agent: selenium/4.1.4 (java windows)
Content-Length: 68
Content-Type: application/json; charset=utf-8
host: localhost:56903
accept: */*

Response DefaultHttpResponse(decodeResult: success, version: HTTP/1.1)
HTTP/1.1 200 OK
Content-Type: application/json; charset=utf-8
cache-control: no-cache
content-length: 88

18:31:56.983 [AsyncHttpClient-1-9] DEBUG org.asynchttpclient.netty.channel.ChannelManager - Adding key: http://localhost:56903 for channel [id: 0x76d37d00, L:/127.0.0.1:49921 - R:localhost/127.0.0.1:56903]
18:31:56.984 [Forwarding getElementTagName on session 16d828440083d3cb34850069265427f5 to remote] DEBUG org.asynchttpclient.netty.request.NettyRequestSender - Using pooled Channel '[id: 0x76d37d00, L:/127.0.0.1:49921 - R:localhost/127.0.0.1:56903]' for 'GET' to 'http://localhost:56903/session/16d828440083d3cb34850069265427f5/element/0d0bff54-8fbf-4fc5-892e-06a207237707/name'
18:31:56.984 [Forwarding getElementTagName on session 16d828440083d3cb34850069265427f5 to remote] DEBUG org.asynchttpclient.netty.request.NettyRequestSender - Using open Channel [id: 0x76d37d00, L:/127.0.0.1:49921 - R:localhost/127.0.0.1:56903] for GET '/session/16d828440083d3cb34850069265427f5/element/0d0bff54-8fbf-4fc5-892e-06a207237707/name'
18:31:56.990 [AsyncHttpClient-1-9] DEBUG org.asynchttpclient.netty.handler.HttpHandler - 

Request DefaultFullHttpRequest(decodeResult: success, version: HTTP/1.1, content: EmptyByteBufBE)
GET /session/16d828440083d3cb34850069265427f5/element/0d0bff54-8fbf-4fc5-892e-06a207237707/name HTTP/1.1
User-Agent: selenium/4.1.4 (java windows)
Cache-Control: no-cache
Content-Type: application/json; charset=utf-8
host: localhost:56903
accept: */*

Response DefaultHttpResponse(decodeResult: success, version: HTTP/1.1)
HTTP/1.1 200 OK
Content-Type: application/json; charset=utf-8
cache-control: no-cache
content-length: 18

18:31:56.990 [AsyncHttpClient-1-9] DEBUG org.asynchttpclient.netty.channel.ChannelManager - Adding key: http://localhost:56903 for channel [id: 0x76d37d00, L:/127.0.0.1:49921 - R:localhost/127.0.0.1:56903]
18:31:56.991 [Forwarding getElementTagName on session 16d828440083d3cb34850069265427f5 to remote] DEBUG org.asynchttpclient.netty.request.NettyRequestSender - Using pooled Channel '[id: 0x76d37d00, L:/127.0.0.1:49921 - R:localhost/127.0.0.1:56903]' for 'GET' to 'http://localhost:56903/session/16d828440083d3cb34850069265427f5/element/0d0bff54-8fbf-4fc5-892e-06a207237707/name'
18:31:56.991 [Forwarding getElementTagName on session 16d828440083d3cb34850069265427f5 to remote] DEBUG org.asynchttpclient.netty.request.NettyRequestSender - Using open Channel [id: 0x76d37d00, L:/127.0.0.1:49921 - R:localhost/127.0.0.1:56903] for GET '/session/16d828440083d3cb34850069265427f5/element/0d0bff54-8fbf-4fc5-892e-06a207237707/name'
18:31:56.996 [AsyncHttpClient-1-9] DEBUG org.asynchttpclient.netty.handler.HttpHandler - 

Request DefaultFullHttpRequest(decodeResult: success, version: HTTP/1.1, content: EmptyByteBufBE)
GET /session/16d828440083d3cb34850069265427f5/element/0d0bff54-8fbf-4fc5-892e-06a207237707/name HTTP/1.1
User-Agent: selenium/4.1.4 (java windows)
Cache-Control: no-cache
Content-Type: application/json; charset=utf-8
host: localhost:56903
accept: */*

Response DefaultHttpResponse(decodeResult: success, version: HTTP/1.1)
HTTP/1.1 200 OK
Content-Type: application/json; charset=utf-8
cache-control: no-cache
content-length: 18

18:31:56.996 [AsyncHttpClient-1-9] DEBUG org.asynchttpclient.netty.channel.ChannelManager - Adding key: http://localhost:56903 for channel [id: 0x76d37d00, L:/127.0.0.1:49921 - R:localhost/127.0.0.1:56903]
18:31:56.998 [Forwarding isElementEnabled on session 16d828440083d3cb34850069265427f5 to remote] DEBUG org.asynchttpclient.netty.request.NettyRequestSender - Using pooled Channel '[id: 0x76d37d00, L:/127.0.0.1:49921 - R:localhost/127.0.0.1:56903]' for 'GET' to 'http://localhost:56903/session/16d828440083d3cb34850069265427f5/element/0d0bff54-8fbf-4fc5-892e-06a207237707/enabled'
18:31:56.998 [Forwarding isElementEnabled on session 16d828440083d3cb34850069265427f5 to remote] DEBUG org.asynchttpclient.netty.request.NettyRequestSender - Using open Channel [id: 0x76d37d00, L:/127.0.0.1:49921 - R:localhost/127.0.0.1:56903] for GET '/session/16d828440083d3cb34850069265427f5/element/0d0bff54-8fbf-4fc5-892e-06a207237707/enabled'
18:31:57.009 [AsyncHttpClient-1-9] DEBUG org.asynchttpclient.netty.handler.HttpHandler - 

Request DefaultFullHttpRequest(decodeResult: success, version: HTTP/1.1, content: EmptyByteBufBE)
GET /session/16d828440083d3cb34850069265427f5/element/0d0bff54-8fbf-4fc5-892e-06a207237707/enabled HTTP/1.1
User-Agent: selenium/4.1.4 (java windows)
Cache-Control: no-cache
Content-Type: application/json; charset=utf-8
host: localhost:56903
accept: */*

Response DefaultHttpResponse(decodeResult: success, version: HTTP/1.1)
HTTP/1.1 200 OK
Content-Type: application/json; charset=utf-8
cache-control: no-cache
content-length: 14

18:31:57.010 [AsyncHttpClient-1-9] DEBUG org.asynchttpclient.netty.channel.ChannelManager - Adding key: http://localhost:56903 for channel [id: 0x76d37d00, L:/127.0.0.1:49921 - R:localhost/127.0.0.1:56903]
18:31:57.011 [Forwarding isElementEnabled on session 16d828440083d3cb34850069265427f5 to remote] DEBUG org.asynchttpclient.netty.request.NettyRequestSender - Using pooled Channel '[id: 0x76d37d00, L:/127.0.0.1:49921 - R:localhost/127.0.0.1:56903]' for 'GET' to 'http://localhost:56903/session/16d828440083d3cb34850069265427f5/element/0d0bff54-8fbf-4fc5-892e-06a207237707/enabled'
18:31:57.011 [Forwarding isElementEnabled on session 16d828440083d3cb34850069265427f5 to remote] DEBUG org.asynchttpclient.netty.request.NettyRequestSender - Using open Channel [id: 0x76d37d00, L:/127.0.0.1:49921 - R:localhost/127.0.0.1:56903] for GET '/session/16d828440083d3cb34850069265427f5/element/0d0bff54-8fbf-4fc5-892e-06a207237707/enabled'
18:31:57.018 [AsyncHttpClient-1-9] DEBUG org.asynchttpclient.netty.handler.HttpHandler - 

Request DefaultFullHttpRequest(decodeResult: success, version: HTTP/1.1, content: EmptyByteBufBE)
GET /session/16d828440083d3cb34850069265427f5/element/0d0bff54-8fbf-4fc5-892e-06a207237707/enabled HTTP/1.1
User-Agent: selenium/4.1.4 (java windows)
Cache-Control: no-cache
Content-Type: application/json; charset=utf-8
host: localhost:56903
accept: */*

Response DefaultHttpResponse(decodeResult: success, version: HTTP/1.1)
HTTP/1.1 200 OK
Content-Type: application/json; charset=utf-8
cache-control: no-cache
content-length: 14

18:31:57.018 [AsyncHttpClient-1-9] DEBUG org.asynchttpclient.netty.channel.ChannelManager - Adding key: http://localhost:56903 for channel [id: 0x76d37d00, L:/127.0.0.1:49921 - R:localhost/127.0.0.1:56903]
18:31:57.020 [Forwarding findElement on session 16d828440083d3cb34850069265427f5 to remote] DEBUG org.asynchttpclient.netty.request.NettyRequestSender - Using pooled Channel '[id: 0x76d37d00, L:/127.0.0.1:49921 - R:localhost/127.0.0.1:56903]' for 'POST' to 'http://localhost:56903/session/16d828440083d3cb34850069265427f5/element'
18:31:57.020 [Forwarding findElement on session 16d828440083d3cb34850069265427f5 to remote] DEBUG org.asynchttpclient.netty.request.NettyRequestSender - Using open Channel [id: 0x76d37d00, L:/127.0.0.1:49921 - R:localhost/127.0.0.1:56903] for POST '/session/16d828440083d3cb34850069265427f5/element'
18:31:57.030 [AsyncHttpClient-1-9] DEBUG org.asynchttpclient.netty.handler.HttpHandler - 

Request DefaultHttpRequest(decodeResult: success, version: HTTP/1.1)
POST /session/16d828440083d3cb34850069265427f5/element HTTP/1.1
User-Agent: selenium/4.1.4 (java windows)
Content-Length: 68
Content-Type: application/json; charset=utf-8
host: localhost:56903
accept: */*

Response DefaultHttpResponse(decodeResult: success, version: HTTP/1.1)
HTTP/1.1 200 OK
Content-Type: application/json; charset=utf-8
cache-control: no-cache
content-length: 88

18:31:57.030 [AsyncHttpClient-1-9] DEBUG org.asynchttpclient.netty.channel.ChannelManager - Adding key: http://localhost:56903 for channel [id: 0x76d37d00, L:/127.0.0.1:49921 - R:localhost/127.0.0.1:56903]
18:31:57.032 [Forwarding clickElement on session 16d828440083d3cb34850069265427f5 to remote] DEBUG org.asynchttpclient.netty.request.NettyRequestSender - Using pooled Channel '[id: 0x76d37d00, L:/127.0.0.1:49921 - R:localhost/127.0.0.1:56903]' for 'POST' to 'http://localhost:56903/session/16d828440083d3cb34850069265427f5/element/0d0bff54-8fbf-4fc5-892e-06a207237707/click'
18:31:57.032 [Forwarding clickElement on session 16d828440083d3cb34850069265427f5 to remote] DEBUG org.asynchttpclient.netty.request.NettyRequestSender - Using open Channel [id: 0x76d37d00, L:/127.0.0.1:49921 - R:localhost/127.0.0.1:56903] for POST '/session/16d828440083d3cb34850069265427f5/element/0d0bff54-8fbf-4fc5-892e-06a207237707/click'
18:31:57.182 [AsyncHttpClient-1-9] DEBUG org.asynchttpclient.netty.handler.HttpHandler - 

Request DefaultHttpRequest(decodeResult: success, version: HTTP/1.1)
POST /session/16d828440083d3cb34850069265427f5/element/0d0bff54-8fbf-4fc5-892e-06a207237707/click HTTP/1.1
User-Agent: selenium/4.1.4 (java windows)
Content-Length: 50
Content-Type: application/json; charset=utf-8
host: localhost:56903
accept: */*

Response DefaultHttpResponse(decodeResult: success, version: HTTP/1.1)
HTTP/1.1 200 OK
Content-Type: application/json; charset=utf-8
cache-control: no-cache
content-length: 14

18:31:57.182 [AsyncHttpClient-1-9] DEBUG org.asynchttpclient.netty.channel.ChannelManager - Adding key: http://localhost:56903 for channel [id: 0x76d37d00, L:/127.0.0.1:49921 - R:localhost/127.0.0.1:56903]
18:31:57.190 [Forwarding screenshot on session 16d828440083d3cb34850069265427f5 to remote] DEBUG org.asynchttpclient.netty.request.NettyRequestSender - Using pooled Channel '[id: 0x76d37d00, L:/127.0.0.1:49921 - R:localhost/127.0.0.1:56903]' for 'GET' to 'http://localhost:56903/session/16d828440083d3cb34850069265427f5/screenshot'
18:31:57.190 [Forwarding screenshot on session 16d828440083d3cb34850069265427f5 to remote] DEBUG org.asynchttpclient.netty.request.NettyRequestSender - Using open Channel [id: 0x76d37d00, L:/127.0.0.1:49921 - R:localhost/127.0.0.1:56903] for GET '/session/16d828440083d3cb34850069265427f5/screenshot'
18:31:57.394 [AsyncHttpClient-1-9] DEBUG org.asynchttpclient.netty.handler.HttpHandler - 

Request DefaultFullHttpRequest(decodeResult: success, version: HTTP/1.1, content: EmptyByteBufBE)
GET /session/16d828440083d3cb34850069265427f5/screenshot HTTP/1.1
User-Agent: selenium/4.1.4 (java windows)
Cache-Control: no-cache
Content-Type: application/json; charset=utf-8
host: localhost:56903
accept: */*

Response DefaultHttpResponse(decodeResult: success, version: HTTP/1.1)
HTTP/1.1 200 OK
Content-Type: application/json; charset=utf-8
cache-control: no-cache
content-length: 44800

18:31:57.395 [AsyncHttpClient-1-9] DEBUG org.asynchttpclient.netty.channel.ChannelManager - Adding key: http://localhost:56903 for channel [id: 0x76d37d00, L:/127.0.0.1:49921 - R:localhost/127.0.0.1:56903]
18:31:57.397 [main] DEBUG net.serenitybdd.core.photography.Darkroom - Send negative for processing for target\site\serenity\9c82b9b38a695ffa4fd8253a749c65cc43444915f5d51c363969de05270db0c1.png
18:31:57.397 [main] DEBUG net.thucydides.core.steps.StepInterceptor - STEP DONE: clickButtonTambah
  &amp#27;[32mAnd &amp#27;[0m&amp#27;[32mClick button tambah data&amp#27;[0m                                                 &amp#27;[90m# starter.stepdefinitios.PatientDataSteps.clickButtonTambahData()&amp#27;[0m
18:31:57.938 [AsyncHttpClient-1-1] DEBUG org.asynchttpclient.netty.channel.DefaultChannelPool - Entry count for : http://localhost:56903 : 1
18:31:57.938 [AsyncHttpClient-1-1] DEBUG org.asynchttpclient.netty.channel.DefaultChannelPool - Entry count for : http://localhost:49922 : 1
18:31:58.420 [Forwarding screenshot on session 16d828440083d3cb34850069265427f5 to remote] DEBUG org.asynchttpclient.netty.request.NettyRequestSender - Using pooled Channel '[id: 0x76d37d00, L:/127.0.0.1:49921 - R:localhost/127.0.0.1:56903]' for 'GET' to 'http://localhost:56903/session/16d828440083d3cb34850069265427f5/screenshot'
18:31:58.420 [Forwarding screenshot on session 16d828440083d3cb34850069265427f5 to remote] DEBUG org.asynchttpclient.netty.request.NettyRequestSender - Using open Channel [id: 0x76d37d00, L:/127.0.0.1:49921 - R:localhost/127.0.0.1:56903] for GET '/session/16d828440083d3cb34850069265427f5/screenshot'
18:31:58.632 [AsyncHttpClient-1-9] DEBUG org.asynchttpclient.netty.handler.HttpHandler - 

Request DefaultFullHttpRequest(decodeResult: success, version: HTTP/1.1, content: EmptyByteBufBE)
GET /session/16d828440083d3cb34850069265427f5/screenshot HTTP/1.1
User-Agent: selenium/4.1.4 (java windows)
Cache-Control: no-cache
Content-Type: application/json; charset=utf-8
host: localhost:56903
accept: */*

Response DefaultHttpResponse(decodeResult: success, version: HTTP/1.1)
HTTP/1.1 200 OK
Content-Type: application/json; charset=utf-8
cache-control: no-cache
content-length: 173476

18:31:58.632 [AsyncHttpClient-1-9] DEBUG org.asynchttpclient.netty.channel.ChannelManager - Adding key: http://localhost:56903 for channel [id: 0x76d37d00, L:/127.0.0.1:49921 - R:localhost/127.0.0.1:56903]
18:31:58.636 [main] DEBUG net.serenitybdd.core.photography.Darkroom - Send negative for processing for target\site\serenity\e3683fa7929a89e72d510f73738d2e9745d0c6d6f9803f99a0e04ce44e649934.png
18:31:58.636 [main] DEBUG net.thucydides.core.steps.StepInterceptor - STARTING STEP: PatientDataSteps.iInput - inputDataPasien
18:31:58.636 [Darkroom Processing Line] DEBUG net.serenitybdd.core.photography.DarkroomProcessingLine - Processing screenshot image in /var/screenshots/screenshot-10470354697154807104
18:31:58.636 [Darkroom Processing Line] DEBUG net.serenitybdd.core.photography.DarkroomProcessingLine - Saving screenshot to target\site\serenity\e3683fa7929a89e72d510f73738d2e9745d0c6d6f9803f99a0e04ce44e649934.png
18:31:58.638 [Forwarding findElement on session 16d828440083d3cb34850069265427f5 to remote] DEBUG org.asynchttpclient.netty.request.NettyRequestSender - Using pooled Channel '[id: 0x76d37d00, L:/127.0.0.1:49921 - R:localhost/127.0.0.1:56903]' for 'POST' to 'http://localhost:56903/session/16d828440083d3cb34850069265427f5/element'
18:31:58.638 [Forwarding findElement on session 16d828440083d3cb34850069265427f5 to remote] DEBUG org.asynchttpclient.netty.request.NettyRequestSender - Using open Channel [id: 0x76d37d00, L:/127.0.0.1:49921 - R:localhost/127.0.0.1:56903] for POST '/session/16d828440083d3cb34850069265427f5/element'
18:31:58.648 [AsyncHttpClient-1-9] DEBUG org.asynchttpclient.netty.handler.HttpHandler - 

Request DefaultHttpRequest(decodeResult: success, version: HTTP/1.1)
POST /session/16d828440083d3cb34850069265427f5/element HTTP/1.1
User-Agent: selenium/4.1.4 (java windows)
Content-Length: 72
Content-Type: application/json; charset=utf-8
host: localhost:56903
accept: */*

Response DefaultHttpResponse(decodeResult: success, version: HTTP/1.1)
HTTP/1.1 200 OK
Content-Type: application/json; charset=utf-8
cache-control: no-cache
content-length: 88

18:31:58.648 [AsyncHttpClient-1-9] DEBUG org.asynchttpclient.netty.channel.ChannelManager - Adding key: http://localhost:56903 for channel [id: 0x76d37d00, L:/127.0.0.1:49921 - R:localhost/127.0.0.1:56903]
18:31:58.649 [Forwarding sendKeysToElement on session 16d828440083d3cb34850069265427f5 to remote] DEBUG org.asynchttpclient.netty.request.NettyRequestSender - Using pooled Channel '[id: 0x76d37d00, L:/127.0.0.1:49921 - R:localhost/127.0.0.1:56903]' for 'POST' to 'http://localhost:56903/session/16d828440083d3cb34850069265427f5/element/e37601fa-1f49-417e-a48a-9fec59f720a8/value'
18:31:58.649 [Forwarding sendKeysToElement on session 16d828440083d3cb34850069265427f5 to remote] DEBUG org.asynchttpclient.netty.request.NettyRequestSender - Using open Channel [id: 0x76d37d00, L:/127.0.0.1:49921 - R:localhost/127.0.0.1:56903] for POST '/session/16d828440083d3cb34850069265427f5/element/e37601fa-1f49-417e-a48a-9fec59f720a8/value'
18:31:58.787 [AsyncHttpClient-1-9] DEBUG org.asynchttpclient.netty.handler.HttpHandler - 

Request DefaultHttpRequest(decodeResult: success, version: HTTP/1.1)
POST /session/16d828440083d3cb34850069265427f5/element/e37601fa-1f49-417e-a48a-9fec59f720a8/value HTTP/1.1
User-Agent: selenium/4.1.4 (java windows)
Content-Length: 131
Content-Type: application/json; charset=utf-8
host: localhost:56903
accept: */*

Response DefaultHttpResponse(decodeResult: success, version: HTTP/1.1)
HTTP/1.1 200 OK
Content-Type: application/json; charset=utf-8
cache-control: no-cache
content-length: 14

18:31:58.787 [AsyncHttpClient-1-9] DEBUG org.asynchttpclient.netty.channel.ChannelManager - Adding key: http://localhost:56903 for channel [id: 0x76d37d00, L:/127.0.0.1:49921 - R:localhost/127.0.0.1:56903]
18:31:58.788 [Forwarding findElement on session 16d828440083d3cb34850069265427f5 to remote] DEBUG org.asynchttpclient.netty.request.NettyRequestSender - Using pooled Channel '[id: 0x76d37d00, L:/127.0.0.1:49921 - R:localhost/127.0.0.1:56903]' for 'POST' to 'http://localhost:56903/session/16d828440083d3cb34850069265427f5/element'
18:31:58.788 [Forwarding findElement on session 16d828440083d3cb34850069265427f5 to remote] DEBUG org.asynchttpclient.netty.request.NettyRequestSender - Using open Channel [id: 0x76d37d00, L:/127.0.0.1:49921 - R:localhost/127.0.0.1:56903] for POST '/session/16d828440083d3cb34850069265427f5/element'
18:31:58.800 [AsyncHttpClient-1-9] DEBUG org.asynchttpclient.netty.handler.HttpHandler - 

Request DefaultHttpRequest(decodeResult: success, version: HTTP/1.1)
POST /session/16d828440083d3cb34850069265427f5/element HTTP/1.1
User-Agent: selenium/4.1.4 (java windows)
Content-Length: 65
Content-Type: application/json; charset=utf-8
host: localhost:56903
accept: */*

Response DefaultHttpResponse(decodeResult: success, version: HTTP/1.1)
HTTP/1.1 200 OK
Content-Type: application/json; charset=utf-8
cache-control: no-cache
content-length: 88

18:31:58.800 [AsyncHttpClient-1-9] DEBUG org.asynchttpclient.netty.channel.ChannelManager - Adding key: http://localhost:56903 for channel [id: 0x76d37d00, L:/127.0.0.1:49921 - R:localhost/127.0.0.1:56903]
18:31:58.801 [Forwarding sendKeysToElement on session 16d828440083d3cb34850069265427f5 to remote] DEBUG org.asynchttpclient.netty.request.NettyRequestSender - Using pooled Channel '[id: 0x76d37d00, L:/127.0.0.1:49921 - R:localhost/127.0.0.1:56903]' for 'POST' to 'http://localhost:56903/session/16d828440083d3cb34850069265427f5/element/fc3f5fe6-d7ea-4ec7-bb63-2aec2c21c52c/value'
18:31:58.801 [Forwarding sendKeysToElement on session 16d828440083d3cb34850069265427f5 to remote] DEBUG org.asynchttpclient.netty.request.NettyRequestSender - Using open Channel [id: 0x76d37d00, L:/127.0.0.1:49921 - R:localhost/127.0.0.1:56903] for POST '/session/16d828440083d3cb34850069265427f5/element/fc3f5fe6-d7ea-4ec7-bb63-2aec2c21c52c/value'
18:31:59.039 [AsyncHttpClient-1-9] DEBUG org.asynchttpclient.netty.handler.HttpHandler - 

Request DefaultHttpRequest(decodeResult: success, version: HTTP/1.1)
POST /session/16d828440083d3cb34850069265427f5/element/fc3f5fe6-d7ea-4ec7-bb63-2aec2c21c52c/value HTTP/1.1
User-Agent: selenium/4.1.4 (java windows)
Content-Length: 241
Content-Type: application/json; charset=utf-8
host: localhost:56903
accept: */*

Response DefaultHttpResponse(decodeResult: success, version: HTTP/1.1)
HTTP/1.1 200 OK
Content-Type: application/json; charset=utf-8
cache-control: no-cache
content-length: 14

18:31:59.039 [AsyncHttpClient-1-9] DEBUG org.asynchttpclient.netty.channel.ChannelManager - Adding key: http://localhost:56903 for channel [id: 0x76d37d00, L:/127.0.0.1:49921 - R:localhost/127.0.0.1:56903]
18:31:59.040 [AsyncHttpClient-1-1] DEBUG org.asynchttpclient.netty.channel.DefaultChannelPool - Entry count for : http://localhost:56903 : 1
18:31:59.040 [AsyncHttpClient-1-1] DEBUG org.asynchttpclient.netty.channel.DefaultChannelPool - Entry count for : http://localhost:49922 : 1
18:31:59.041 [Forwarding findElement on session 16d828440083d3cb34850069265427f5 to remote] DEBUG org.asynchttpclient.netty.request.NettyRequestSender - Using pooled Channel '[id: 0x76d37d00, L:/127.0.0.1:49921 - R:localhost/127.0.0.1:56903]' for 'POST' to 'http://localhost:56903/session/16d828440083d3cb34850069265427f5/element'
18:31:59.041 [Forwarding findElement on session 16d828440083d3cb34850069265427f5 to remote] DEBUG org.asynchttpclient.netty.request.NettyRequestSender - Using open Channel [id: 0x76d37d00, L:/127.0.0.1:49921 - R:localhost/127.0.0.1:56903] for POST '/session/16d828440083d3cb34850069265427f5/element'
18:31:59.050 [AsyncHttpClient-1-9] DEBUG org.asynchttpclient.netty.handler.HttpHandler - 

Request DefaultHttpRequest(decodeResult: success, version: HTTP/1.1)
POST /session/16d828440083d3cb34850069265427f5/element HTTP/1.1
User-Agent: selenium/4.1.4 (java windows)
Content-Length: 66
Content-Type: application/json; charset=utf-8
host: localhost:56903
accept: */*

Response DefaultHttpResponse(decodeResult: success, version: HTTP/1.1)
HTTP/1.1 200 OK
Content-Type: application/json; charset=utf-8
cache-control: no-cache
content-length: 88

18:31:59.051 [AsyncHttpClient-1-9] DEBUG org.asynchttpclient.netty.channel.ChannelManager - Adding key: http://localhost:56903 for channel [id: 0x76d37d00, L:/127.0.0.1:49921 - R:localhost/127.0.0.1:56903]
18:31:59.051 [Forwarding sendKeysToElement on session 16d828440083d3cb34850069265427f5 to remote] DEBUG org.asynchttpclient.netty.request.NettyRequestSender - Using pooled Channel '[id: 0x76d37d00, L:/127.0.0.1:49921 - R:localhost/127.0.0.1:56903]' for 'POST' to 'http://localhost:56903/session/16d828440083d3cb34850069265427f5/element/2162be5a-6c22-4ab5-8446-dfd8ee4cb0e5/value'
18:31:59.051 [Forwarding sendKeysToElement on session 16d828440083d3cb34850069265427f5 to remote] DEBUG org.asynchttpclient.netty.request.NettyRequestSender - Using open Channel [id: 0x76d37d00, L:/127.0.0.1:49921 - R:localhost/127.0.0.1:56903] for POST '/session/16d828440083d3cb34850069265427f5/element/2162be5a-6c22-4ab5-8446-dfd8ee4cb0e5/value'
18:31:59.107 [AsyncHttpClient-1-9] DEBUG org.asynchttpclient.netty.handler.HttpHandler - 

Request DefaultHttpRequest(decodeResult: success, version: HTTP/1.1)
POST /session/16d828440083d3cb34850069265427f5/element/2162be5a-6c22-4ab5-8446-dfd8ee4cb0e5/value HTTP/1.1
User-Agent: selenium/4.1.4 (java windows)
Content-Length: 91
Content-Type: application/json; charset=utf-8
host: localhost:56903
accept: */*

Response DefaultHttpResponse(decodeResult: success, version: HTTP/1.1)
HTTP/1.1 200 OK
Content-Type: application/json; charset=utf-8
cache-control: no-cache
content-length: 14

18:31:59.108 [AsyncHttpClient-1-9] DEBUG org.asynchttpclient.netty.channel.ChannelManager - Adding key: http://localhost:56903 for channel [id: 0x76d37d00, L:/127.0.0.1:49921 - R:localhost/127.0.0.1:56903]
18:31:59.109 [Forwarding findElement on session 16d828440083d3cb34850069265427f5 to remote] DEBUG org.asynchttpclient.netty.request.NettyRequestSender - Using pooled Channel '[id: 0x76d37d00, L:/127.0.0.1:49921 - R:localhost/127.0.0.1:56903]' for 'POST' to 'http://localhost:56903/session/16d828440083d3cb34850069265427f5/element'
18:31:59.109 [Forwarding findElement on session 16d828440083d3cb34850069265427f5 to remote] DEBUG org.asynchttpclient.netty.request.NettyRequestSender - Using open Channel [id: 0x76d37d00, L:/127.0.0.1:49921 - R:localhost/127.0.0.1:56903] for POST '/session/16d828440083d3cb34850069265427f5/element'
18:31:59.119 [AsyncHttpClient-1-9] DEBUG org.asynchttpclient.netty.handler.HttpHandler - 

Request DefaultHttpRequest(decodeResult: success, version: HTTP/1.1)
POST /session/16d828440083d3cb34850069265427f5/element HTTP/1.1
User-Agent: selenium/4.1.4 (java windows)
Content-Length: 66
Content-Type: application/json; charset=utf-8
host: localhost:56903
accept: */*

Response DefaultHttpResponse(decodeResult: success, version: HTTP/1.1)
HTTP/1.1 200 OK
Content-Type: application/json; charset=utf-8
cache-control: no-cache
content-length: 88

18:31:59.119 [AsyncHttpClient-1-9] DEBUG org.asynchttpclient.netty.channel.ChannelManager - Adding key: http://localhost:56903 for channel [id: 0x76d37d00, L:/127.0.0.1:49921 - R:localhost/127.0.0.1:56903]
18:31:59.120 [Forwarding sendKeysToElement on session 16d828440083d3cb34850069265427f5 to remote] DEBUG org.asynchttpclient.netty.request.NettyRequestSender - Using pooled Channel '[id: 0x76d37d00, L:/127.0.0.1:49921 - R:localhost/127.0.0.1:56903]' for 'POST' to 'http://localhost:56903/session/16d828440083d3cb34850069265427f5/element/dc1a3303-3e12-4e8a-9a3c-79aeeda49ba5/value'
18:31:59.120 [Forwarding sendKeysToElement on session 16d828440083d3cb34850069265427f5 to remote] DEBUG org.asynchttpclient.netty.request.NettyRequestSender - Using open Channel [id: 0x76d37d00, L:/127.0.0.1:49921 - R:localhost/127.0.0.1:56903] for POST '/session/16d828440083d3cb34850069265427f5/element/dc1a3303-3e12-4e8a-9a3c-79aeeda49ba5/value'
18:31:59.295 [AsyncHttpClient-1-9] DEBUG org.asynchttpclient.netty.handler.HttpHandler - 

Request DefaultHttpRequest(decodeResult: success, version: HTTP/1.1)
POST /session/16d828440083d3cb34850069265427f5/element/dc1a3303-3e12-4e8a-9a3c-79aeeda49ba5/value HTTP/1.1
User-Agent: selenium/4.1.4 (java windows)
Content-Length: 191
Content-Type: application/json; charset=utf-8
host: localhost:56903
accept: */*

Response DefaultHttpResponse(decodeResult: success, version: HTTP/1.1)
HTTP/1.1 200 OK
Content-Type: application/json; charset=utf-8
cache-control: no-cache
content-length: 14

18:31:59.295 [AsyncHttpClient-1-9] DEBUG org.asynchttpclient.netty.channel.ChannelManager - Adding key: http://localhost:56903 for channel [id: 0x76d37d00, L:/127.0.0.1:49921 - R:localhost/127.0.0.1:56903]
18:31:59.297 [Forwarding findElement on session 16d828440083d3cb34850069265427f5 to remote] DEBUG org.asynchttpclient.netty.request.NettyRequestSender - Using pooled Channel '[id: 0x76d37d00, L:/127.0.0.1:49921 - R:localhost/127.0.0.1:56903]' for 'POST' to 'http://localhost:56903/session/16d828440083d3cb34850069265427f5/element'
18:31:59.297 [Forwarding findElement on session 16d828440083d3cb34850069265427f5 to remote] DEBUG org.asynchttpclient.netty.request.NettyRequestSender - Using open Channel [id: 0x76d37d00, L:/127.0.0.1:49921 - R:localhost/127.0.0.1:56903] for POST '/session/16d828440083d3cb34850069265427f5/element'
18:31:59.307 [AsyncHttpClient-1-9] DEBUG org.asynchttpclient.netty.handler.HttpHandler - 

Request DefaultHttpRequest(decodeResult: success, version: HTTP/1.1)
POST /session/16d828440083d3cb34850069265427f5/element HTTP/1.1
User-Agent: selenium/4.1.4 (java windows)
Content-Length: 68
Content-Type: application/json; charset=utf-8
host: localhost:56903
accept: */*

Response DefaultHttpResponse(decodeResult: success, version: HTTP/1.1)
HTTP/1.1 200 OK
Content-Type: application/json; charset=utf-8
cache-control: no-cache
content-length: 88

18:31:59.307 [AsyncHttpClient-1-9] DEBUG org.asynchttpclient.netty.channel.ChannelManager - Adding key: http://localhost:56903 for channel [id: 0x76d37d00, L:/127.0.0.1:49921 - R:localhost/127.0.0.1:56903]
18:31:59.308 [Forwarding sendKeysToElement on session 16d828440083d3cb34850069265427f5 to remote] DEBUG org.asynchttpclient.netty.request.NettyRequestSender - Using pooled Channel '[id: 0x76d37d00, L:/127.0.0.1:49921 - R:localhost/127.0.0.1:56903]' for 'POST' to 'http://localhost:56903/session/16d828440083d3cb34850069265427f5/element/982f1170-552d-4acb-be04-aae075741d40/value'
18:31:59.308 [Forwarding sendKeysToElement on session 16d828440083d3cb34850069265427f5 to remote] DEBUG org.asynchttpclient.netty.request.NettyRequestSender - Using open Channel [id: 0x76d37d00, L:/127.0.0.1:49921 - R:localhost/127.0.0.1:56903] for POST '/session/16d828440083d3cb34850069265427f5/element/982f1170-552d-4acb-be04-aae075741d40/value'
18:31:59.457 [AsyncHttpClient-1-9] DEBUG org.asynchttpclient.netty.handler.HttpHandler - 

Request DefaultHttpRequest(decodeResult: success, version: HTTP/1.1)
POST /session/16d828440083d3cb34850069265427f5/element/982f1170-552d-4acb-be04-aae075741d40/value HTTP/1.1
User-Agent: selenium/4.1.4 (java windows)
Content-Length: 171
Content-Type: application/json; charset=utf-8
host: localhost:56903
accept: */*

Response DefaultHttpResponse(decodeResult: success, version: HTTP/1.1)
HTTP/1.1 200 OK
Content-Type: application/json; charset=utf-8
cache-control: no-cache
content-length: 14

18:31:59.457 [AsyncHttpClient-1-9] DEBUG org.asynchttpclient.netty.channel.ChannelManager - Adding key: http://localhost:56903 for channel [id: 0x76d37d00, L:/127.0.0.1:49921 - R:localhost/127.0.0.1:56903]
18:31:59.461 [Forwarding screenshot on session 16d828440083d3cb34850069265427f5 to remote] DEBUG org.asynchttpclient.netty.request.NettyRequestSender - Using pooled Channel '[id: 0x76d37d00, L:/127.0.0.1:49921 - R:localhost/127.0.0.1:56903]' for 'GET' to 'http://localhost:56903/session/16d828440083d3cb34850069265427f5/screenshot'
18:31:59.461 [Forwarding screenshot on session 16d828440083d3cb34850069265427f5 to remote] DEBUG org.asynchttpclient.netty.request.NettyRequestSender - Using open Channel [id: 0x76d37d00, L:/127.0.0.1:49921 - R:localhost/127.0.0.1:56903] for GET '/session/16d828440083d3cb34850069265427f5/screenshot'
18:31:59.690 [AsyncHttpClient-1-9] DEBUG org.asynchttpclient.netty.handler.HttpHandler - 

Request DefaultFullHttpRequest(decodeResult: success, version: HTTP/1.1, content: EmptyByteBufBE)
GET /session/16d828440083d3cb34850069265427f5/screenshot HTTP/1.1
User-Agent: selenium/4.1.4 (java windows)
Cache-Control: no-cache
Content-Type: application/json; charset=utf-8
host: localhost:56903
accept: */*

Response DefaultHttpResponse(decodeResult: success, version: HTTP/1.1)
HTTP/1.1 200 OK
Content-Type: application/json; charset=utf-8
cache-control: no-cache
content-length: 281000

18:31:59.690 [AsyncHttpClient-1-9] DEBUG org.asynchttpclient.netty.channel.ChannelManager - Adding key: http://localhost:56903 for channel [id: 0x76d37d00, L:/127.0.0.1:49921 - R:localhost/127.0.0.1:56903]
18:31:59.697 [main] DEBUG net.serenitybdd.core.photography.Darkroom - Send negative for processing for target\site\serenity\36003bad610bf3dc6486bb037e2fcd09d0719c9e87ca23506b4762240026963d.png
18:31:59.698 [main] DEBUG net.thucydides.core.steps.StepInterceptor - STEP DONE: inputDataPasien
  &amp#27;[32mAnd &amp#27;[0m&amp#27;[32mI input &amp#27;[0m&amp#27;[32m&amp#27;[1m"Bagas"&amp#27;[0m&amp#27;[32m &amp#27;[0m&amp#27;[32m&amp#27;[1m"1234567898976546"&amp#27;[0m&amp#27;[32m &amp#27;[0m&amp#27;[32m&amp#27;[1m"e"&amp#27;[0m&amp#27;[32m &amp#27;[0m&amp#27;[32m&amp#27;[1m"01294657612"&amp#27;[0m&amp#27;[32m &amp#27;[0m&amp#27;[32m&amp#27;[1m"perumahan"&amp#27;[0m&amp#27;[32m patient&amp#27;[0m &amp#27;[90m# starter.stepdefinitios.PatientDataSteps.iInput(java.lang.String,java.lang.String,java.lang.String,java.lang.String,java.lang.String)&amp#27;[0m
18:31:59.698 [Darkroom Processing Line] DEBUG net.serenitybdd.core.photography.DarkroomProcessingLine - Processing screenshot image in /var/screenshots/screenshot-9906329158192414174
18:31:59.698 [Darkroom Processing Line] DEBUG net.serenitybdd.core.photography.DarkroomProcessingLine - Saving screenshot to target\site\serenity\36003bad610bf3dc6486bb037e2fcd09d0719c9e87ca23506b4762240026963d.png
18:31:59.705 [main] DEBUG net.thucydides.core.steps.StepInterceptor - STARTING STEP: PatientDataSteps.iClickButtonJenisKelamin - clickLaki
18:31:59.705 [Forwarding findElement on session 16d828440083d3cb34850069265427f5 to remote] DEBUG org.asynchttpclient.netty.request.NettyRequestSender - Using pooled Channel '[id: 0x76d37d00, L:/127.0.0.1:49921 - R:localhost/127.0.0.1:56903]' for 'POST' to 'http://localhost:56903/session/16d828440083d3cb34850069265427f5/element'
18:31:59.705 [Forwarding findElement on session 16d828440083d3cb34850069265427f5 to remote] DEBUG org.asynchttpclient.netty.request.NettyRequestSender - Using open Channel [id: 0x76d37d00, L:/127.0.0.1:49921 - R:localhost/127.0.0.1:56903] for POST '/session/16d828440083d3cb34850069265427f5/element'
18:31:59.720 [AsyncHttpClient-1-9] DEBUG org.asynchttpclient.netty.handler.HttpHandler - 

Request DefaultHttpRequest(decodeResult: success, version: HTTP/1.1)
POST /session/16d828440083d3cb34850069265427f5/element HTTP/1.1
User-Agent: selenium/4.1.4 (java windows)
Content-Length: 182
Content-Type: application/json; charset=utf-8
host: localhost:56903
accept: */*

Response DefaultHttpResponse(decodeResult: success, version: HTTP/1.1)
HTTP/1.1 200 OK
Content-Type: application/json; charset=utf-8
cache-control: no-cache
content-length: 88

18:31:59.720 [AsyncHttpClient-1-9] DEBUG org.asynchttpclient.netty.channel.ChannelManager - Adding key: http://localhost:56903 for channel [id: 0x76d37d00, L:/127.0.0.1:49921 - R:localhost/127.0.0.1:56903]
18:31:59.721 [Forwarding getElementTagName on session 16d828440083d3cb34850069265427f5 to remote] DEBUG org.asynchttpclient.netty.request.NettyRequestSender - Using pooled Channel '[id: 0x76d37d00, L:/127.0.0.1:49921 - R:localhost/127.0.0.1:56903]' for 'GET' to 'http://localhost:56903/session/16d828440083d3cb34850069265427f5/element/60d94763-7689-4bee-828d-c572f92c7ad7/name'
18:31:59.721 [Forwarding getElementTagName on session 16d828440083d3cb34850069265427f5 to remote] DEBUG org.asynchttpclient.netty.request.NettyRequestSender - Using open Channel [id: 0x76d37d00, L:/127.0.0.1:49921 - R:localhost/127.0.0.1:56903] for GET '/session/16d828440083d3cb34850069265427f5/element/60d94763-7689-4bee-828d-c572f92c7ad7/name'
18:31:59.724 [AsyncHttpClient-1-9] DEBUG org.asynchttpclient.netty.handler.HttpHandler - 

Request DefaultFullHttpRequest(decodeResult: success, version: HTTP/1.1, content: EmptyByteBufBE)
GET /session/16d828440083d3cb34850069265427f5/element/60d94763-7689-4bee-828d-c572f92c7ad7/name HTTP/1.1
User-Agent: selenium/4.1.4 (java windows)
Cache-Control: no-cache
Content-Type: application/json; charset=utf-8
host: localhost:56903
accept: */*

Response DefaultHttpResponse(decodeResult: success, version: HTTP/1.1)
HTTP/1.1 200 OK
Content-Type: application/json; charset=utf-8
cache-control: no-cache
content-length: 16

18:31:59.724 [AsyncHttpClient-1-9] DEBUG org.asynchttpclient.netty.channel.ChannelManager - Adding key: http://localhost:56903 for channel [id: 0x76d37d00, L:/127.0.0.1:49921 - R:localhost/127.0.0.1:56903]
18:31:59.726 [Forwarding getElementTagName on session 16d828440083d3cb34850069265427f5 to remote] DEBUG org.asynchttpclient.netty.request.NettyRequestSender - Using pooled Channel '[id: 0x76d37d00, L:/127.0.0.1:49921 - R:localhost/127.0.0.1:56903]' for 'GET' to 'http://localhost:56903/session/16d828440083d3cb34850069265427f5/element/60d94763-7689-4bee-828d-c572f92c7ad7/name'
18:31:59.726 [Forwarding getElementTagName on session 16d828440083d3cb34850069265427f5 to remote] DEBUG org.asynchttpclient.netty.request.NettyRequestSender - Using open Channel [id: 0x76d37d00, L:/127.0.0.1:49921 - R:localhost/127.0.0.1:56903] for GET '/session/16d828440083d3cb34850069265427f5/element/60d94763-7689-4bee-828d-c572f92c7ad7/name'
18:31:59.729 [AsyncHttpClient-1-9] DEBUG org.asynchttpclient.netty.handler.HttpHandler - 

Request DefaultFullHttpRequest(decodeResult: success, version: HTTP/1.1, content: EmptyByteBufBE)
GET /session/16d828440083d3cb34850069265427f5/element/60d94763-7689-4bee-828d-c572f92c7ad7/name HTTP/1.1
User-Agent: selenium/4.1.4 (java windows)
Cache-Control: no-cache
Content-Type: application/json; charset=utf-8
host: localhost:56903
accept: */*

Response DefaultHttpResponse(decodeResult: success, version: HTTP/1.1)
HTTP/1.1 200 OK
Content-Type: application/json; charset=utf-8
cache-control: no-cache
content-length: 16

18:31:59.729 [AsyncHttpClient-1-9] DEBUG org.asynchttpclient.netty.channel.ChannelManager - Adding key: http://localhost:56903 for channel [id: 0x76d37d00, L:/127.0.0.1:49921 - R:localhost/127.0.0.1:56903]
18:31:59.730 [Forwarding findElement on session 16d828440083d3cb34850069265427f5 to remote] DEBUG org.asynchttpclient.netty.request.NettyRequestSender - Using pooled Channel '[id: 0x76d37d00, L:/127.0.0.1:49921 - R:localhost/127.0.0.1:56903]' for 'POST' to 'http://localhost:56903/session/16d828440083d3cb34850069265427f5/element'
18:31:59.730 [Forwarding findElement on session 16d828440083d3cb34850069265427f5 to remote] DEBUG org.asynchttpclient.netty.request.NettyRequestSender - Using open Channel [id: 0x76d37d00, L:/127.0.0.1:49921 - R:localhost/127.0.0.1:56903] for POST '/session/16d828440083d3cb34850069265427f5/element'
18:31:59.737 [AsyncHttpClient-1-9] DEBUG org.asynchttpclient.netty.handler.HttpHandler - 

Request DefaultHttpRequest(decodeResult: success, version: HTTP/1.1)
POST /session/16d828440083d3cb34850069265427f5/element HTTP/1.1
User-Agent: selenium/4.1.4 (java windows)
Content-Length: 182
Content-Type: application/json; charset=utf-8
host: localhost:56903
accept: */*

Response DefaultHttpResponse(decodeResult: success, version: HTTP/1.1)
HTTP/1.1 200 OK
Content-Type: application/json; charset=utf-8
cache-control: no-cache
content-length: 88

18:31:59.737 [AsyncHttpClient-1-9] DEBUG org.asynchttpclient.netty.channel.ChannelManager - Adding key: http://localhost:56903 for channel [id: 0x76d37d00, L:/127.0.0.1:49921 - R:localhost/127.0.0.1:56903]
18:31:59.737 [Forwarding clickElement on session 16d828440083d3cb34850069265427f5 to remote] DEBUG org.asynchttpclient.netty.request.NettyRequestSender - Using pooled Channel '[id: 0x76d37d00, L:/127.0.0.1:49921 - R:localhost/127.0.0.1:56903]' for 'POST' to 'http://localhost:56903/session/16d828440083d3cb34850069265427f5/element/60d94763-7689-4bee-828d-c572f92c7ad7/click'
18:31:59.737 [Forwarding clickElement on session 16d828440083d3cb34850069265427f5 to remote] DEBUG org.asynchttpclient.netty.request.NettyRequestSender - Using open Channel [id: 0x76d37d00, L:/127.0.0.1:49921 - R:localhost/127.0.0.1:56903] for POST '/session/16d828440083d3cb34850069265427f5/element/60d94763-7689-4bee-828d-c572f92c7ad7/click'
18:31:59.781 [AsyncHttpClient-1-9] DEBUG org.asynchttpclient.netty.handler.HttpHandler - 

Request DefaultHttpRequest(decodeResult: success, version: HTTP/1.1)
POST /session/16d828440083d3cb34850069265427f5/element/60d94763-7689-4bee-828d-c572f92c7ad7/click HTTP/1.1
User-Agent: selenium/4.1.4 (java windows)
Content-Length: 50
Content-Type: application/json; charset=utf-8
host: localhost:56903
accept: */*

Response DefaultHttpResponse(decodeResult: success, version: HTTP/1.1)
HTTP/1.1 200 OK
Content-Type: application/json; charset=utf-8
cache-control: no-cache
content-length: 14

18:31:59.781 [AsyncHttpClient-1-9] DEBUG org.asynchttpclient.netty.channel.ChannelManager - Adding key: http://localhost:56903 for channel [id: 0x76d37d00, L:/127.0.0.1:49921 - R:localhost/127.0.0.1:56903]
18:31:59.786 [Forwarding screenshot on session 16d828440083d3cb34850069265427f5 to remote] DEBUG org.asynchttpclient.netty.request.NettyRequestSender - Using pooled Channel '[id: 0x76d37d00, L:/127.0.0.1:49921 - R:localhost/127.0.0.1:56903]' for 'GET' to 'http://localhost:56903/session/16d828440083d3cb34850069265427f5/screenshot'
18:31:59.786 [Forwarding screenshot on session 16d828440083d3cb34850069265427f5 to remote] DEBUG org.asynchttpclient.netty.request.NettyRequestSender - Using open Channel [id: 0x76d37d00, L:/127.0.0.1:49921 - R:localhost/127.0.0.1:56903] for GET '/session/16d828440083d3cb34850069265427f5/screenshot'
18:32:00.016 [AsyncHttpClient-1-9] DEBUG org.asynchttpclient.netty.handler.HttpHandler - 

Request DefaultFullHttpRequest(decodeResult: success, version: HTTP/1.1, content: EmptyByteBufBE)
GET /session/16d828440083d3cb34850069265427f5/screenshot HTTP/1.1
User-Agent: selenium/4.1.4 (java windows)
Cache-Control: no-cache
Content-Type: application/json; charset=utf-8
host: localhost:56903
accept: */*

Response DefaultHttpResponse(decodeResult: success, version: HTTP/1.1)
HTTP/1.1 200 OK
Content-Type: application/json; charset=utf-8
cache-control: no-cache
content-length: 281452

18:32:00.016 [AsyncHttpClient-1-9] DEBUG org.asynchttpclient.netty.channel.ChannelManager - Adding key: http://localhost:56903 for channel [id: 0x76d37d00, L:/127.0.0.1:49921 - R:localhost/127.0.0.1:56903]
18:32:00.027 [main] DEBUG net.serenitybdd.core.photography.Darkroom - Send negative for processing for target\site\serenity\6eff5121d5b6264987b8aff5955e72a38f6194d0a2bde1427e1bb2d2162606df.png
18:32:00.027 [main] DEBUG net.thucydides.core.steps.StepInterceptor - STEP DONE: clickLaki
  &amp#27;[32mAnd &amp#27;[0m&amp#27;[32mI click button jenis kelamin laki-laki&amp#27;[0m                                   &amp#27;[90m# starter.stepdefinitios.PatientDataSteps.iClickButtonJenisKelamin()&amp#27;[0m
18:32:00.027 [Darkroom Processing Line] DEBUG net.serenitybdd.core.photography.DarkroomProcessingLine - Processing screenshot image in /var/screenshots/screenshot-16819091343392044087
18:32:00.027 [Darkroom Processing Line] DEBUG net.serenitybdd.core.photography.DarkroomProcessingLine - Saving screenshot to target\site\serenity\6eff5121d5b6264987b8aff5955e72a38f6194d0a2bde1427e1bb2d2162606df.png
18:32:00.058 [main] DEBUG net.thucydides.core.steps.StepInterceptor - STARTING STEP: PatientDataSteps.clickButtonSimpan - clickButtonSave
18:32:00.064 [Forwarding findElement on session 16d828440083d3cb34850069265427f5 to remote] DEBUG org.asynchttpclient.netty.request.NettyRequestSender - Using pooled Channel '[id: 0x76d37d00, L:/127.0.0.1:49921 - R:localhost/127.0.0.1:56903]' for 'POST' to 'http://localhost:56903/session/16d828440083d3cb34850069265427f5/element'
18:32:00.064 [Forwarding findElement on session 16d828440083d3cb34850069265427f5 to remote] DEBUG org.asynchttpclient.netty.request.NettyRequestSender - Using open Channel [id: 0x76d37d00, L:/127.0.0.1:49921 - R:localhost/127.0.0.1:56903] for POST '/session/16d828440083d3cb34850069265427f5/element'
18:32:00.079 [AsyncHttpClient-1-9] DEBUG org.asynchttpclient.netty.handler.HttpHandler - 

Request DefaultHttpRequest(decodeResult: success, version: HTTP/1.1)
POST /session/16d828440083d3cb34850069265427f5/element HTTP/1.1
User-Agent: selenium/4.1.4 (java windows)
Content-Length: 68
Content-Type: application/json; charset=utf-8
host: localhost:56903
accept: */*

Response DefaultHttpResponse(decodeResult: success, version: HTTP/1.1)
HTTP/1.1 200 OK
Content-Type: application/json; charset=utf-8
cache-control: no-cache
content-length: 88

18:32:00.079 [AsyncHttpClient-1-9] DEBUG org.asynchttpclient.netty.channel.ChannelManager - Adding key: http://localhost:56903 for channel [id: 0x76d37d00, L:/127.0.0.1:49921 - R:localhost/127.0.0.1:56903]
18:32:00.080 [Forwarding getElementTagName on session 16d828440083d3cb34850069265427f5 to remote] DEBUG org.asynchttpclient.netty.request.NettyRequestSender - Using pooled Channel '[id: 0x76d37d00, L:/127.0.0.1:49921 - R:localhost/127.0.0.1:56903]' for 'GET' to 'http://localhost:56903/session/16d828440083d3cb34850069265427f5/element/eec7b702-29e6-4f20-b400-422202ddfe3e/name'
18:32:00.080 [Forwarding getElementTagName on session 16d828440083d3cb34850069265427f5 to remote] DEBUG org.asynchttpclient.netty.request.NettyRequestSender - Using open Channel [id: 0x76d37d00, L:/127.0.0.1:49921 - R:localhost/127.0.0.1:56903] for GET '/session/16d828440083d3cb34850069265427f5/element/eec7b702-29e6-4f20-b400-422202ddfe3e/name'
18:32:00.086 [AsyncHttpClient-1-9] DEBUG org.asynchttpclient.netty.handler.HttpHandler - 

Request DefaultFullHttpRequest(decodeResult: success, version: HTTP/1.1, content: EmptyByteBufBE)
GET /session/16d828440083d3cb34850069265427f5/element/eec7b702-29e6-4f20-b400-422202ddfe3e/name HTTP/1.1
User-Agent: selenium/4.1.4 (java windows)
Cache-Control: no-cache
Content-Type: application/json; charset=utf-8
host: localhost:56903
accept: */*

Response DefaultHttpResponse(decodeResult: success, version: HTTP/1.1)
HTTP/1.1 200 OK
Content-Type: application/json; charset=utf-8
cache-control: no-cache
content-length: 18

18:32:00.086 [AsyncHttpClient-1-9] DEBUG org.asynchttpclient.netty.channel.ChannelManager - Adding key: http://localhost:56903 for channel [id: 0x76d37d00, L:/127.0.0.1:49921 - R:localhost/127.0.0.1:56903]
18:32:00.087 [Forwarding getElementTagName on session 16d828440083d3cb34850069265427f5 to remote] DEBUG org.asynchttpclient.netty.request.NettyRequestSender - Using pooled Channel '[id: 0x76d37d00, L:/127.0.0.1:49921 - R:localhost/127.0.0.1:56903]' for 'GET' to 'http://localhost:56903/session/16d828440083d3cb34850069265427f5/element/eec7b702-29e6-4f20-b400-422202ddfe3e/name'
18:32:00.087 [Forwarding getElementTagName on session 16d828440083d3cb34850069265427f5 to remote] DEBUG org.asynchttpclient.netty.request.NettyRequestSender - Using open Channel [id: 0x76d37d00, L:/127.0.0.1:49921 - R:localhost/127.0.0.1:56903] for GET '/session/16d828440083d3cb34850069265427f5/element/eec7b702-29e6-4f20-b400-422202ddfe3e/name'
18:32:00.091 [AsyncHttpClient-1-9] DEBUG org.asynchttpclient.netty.handler.HttpHandler - 

Request DefaultFullHttpRequest(decodeResult: success, version: HTTP/1.1, content: EmptyByteBufBE)
GET /session/16d828440083d3cb34850069265427f5/element/eec7b702-29e6-4f20-b400-422202ddfe3e/name HTTP/1.1
User-Agent: selenium/4.1.4 (java windows)
Cache-Control: no-cache
Content-Type: application/json; charset=utf-8
host: localhost:56903
accept: */*

Response DefaultHttpResponse(decodeResult: success, version: HTTP/1.1)
HTTP/1.1 200 OK
Content-Type: application/json; charset=utf-8
cache-control: no-cache
content-length: 18

18:32:00.091 [AsyncHttpClient-1-9] DEBUG org.asynchttpclient.netty.channel.ChannelManager - Adding key: http://localhost:56903 for channel [id: 0x76d37d00, L:/127.0.0.1:49921 - R:localhost/127.0.0.1:56903]
18:32:00.092 [Forwarding isElementEnabled on session 16d828440083d3cb34850069265427f5 to remote] DEBUG org.asynchttpclient.netty.request.NettyRequestSender - Using pooled Channel '[id: 0x76d37d00, L:/127.0.0.1:49921 - R:localhost/127.0.0.1:56903]' for 'GET' to 'http://localhost:56903/session/16d828440083d3cb34850069265427f5/element/eec7b702-29e6-4f20-b400-422202ddfe3e/enabled'
18:32:00.092 [Forwarding isElementEnabled on session 16d828440083d3cb34850069265427f5 to remote] DEBUG org.asynchttpclient.netty.request.NettyRequestSender - Using open Channel [id: 0x76d37d00, L:/127.0.0.1:49921 - R:localhost/127.0.0.1:56903] for GET '/session/16d828440083d3cb34850069265427f5/element/eec7b702-29e6-4f20-b400-422202ddfe3e/enabled'
18:32:00.106 [AsyncHttpClient-1-9] DEBUG org.asynchttpclient.netty.handler.HttpHandler - 

Request DefaultFullHttpRequest(decodeResult: success, version: HTTP/1.1, content: EmptyByteBufBE)
GET /session/16d828440083d3cb34850069265427f5/element/eec7b702-29e6-4f20-b400-422202ddfe3e/enabled HTTP/1.1
User-Agent: selenium/4.1.4 (java windows)
Cache-Control: no-cache
Content-Type: application/json; charset=utf-8
host: localhost:56903
accept: */*

Response DefaultHttpResponse(decodeResult: success, version: HTTP/1.1)
HTTP/1.1 200 OK
Content-Type: application/json; charset=utf-8
cache-control: no-cache
content-length: 14

18:32:00.106 [AsyncHttpClient-1-9] DEBUG org.asynchttpclient.netty.channel.ChannelManager - Adding key: http://localhost:56903 for channel [id: 0x76d37d00, L:/127.0.0.1:49921 - R:localhost/127.0.0.1:56903]
18:32:00.107 [Forwarding isElementEnabled on session 16d828440083d3cb34850069265427f5 to remote] DEBUG org.asynchttpclient.netty.request.NettyRequestSender - Using pooled Channel '[id: 0x76d37d00, L:/127.0.0.1:49921 - R:localhost/127.0.0.1:56903]' for 'GET' to 'http://localhost:56903/session/16d828440083d3cb34850069265427f5/element/eec7b702-29e6-4f20-b400-422202ddfe3e/enabled'
18:32:00.107 [Forwarding isElementEnabled on session 16d828440083d3cb34850069265427f5 to remote] DEBUG org.asynchttpclient.netty.request.NettyRequestSender - Using open Channel [id: 0x76d37d00, L:/127.0.0.1:49921 - R:localhost/127.0.0.1:56903] for GET '/session/16d828440083d3cb34850069265427f5/element/eec7b702-29e6-4f20-b400-422202ddfe3e/enabled'
18:32:00.114 [AsyncHttpClient-1-9] DEBUG org.asynchttpclient.netty.handler.HttpHandler - 

Request DefaultFullHttpRequest(decodeResult: success, version: HTTP/1.1, content: EmptyByteBufBE)
GET /session/16d828440083d3cb34850069265427f5/element/eec7b702-29e6-4f20-b400-422202ddfe3e/enabled HTTP/1.1
User-Agent: selenium/4.1.4 (java windows)
Cache-Control: no-cache
Content-Type: application/json; charset=utf-8
host: localhost:56903
accept: */*

Response DefaultHttpResponse(decodeResult: success, version: HTTP/1.1)
HTTP/1.1 200 OK
Content-Type: application/json; charset=utf-8
cache-control: no-cache
content-length: 14

18:32:00.114 [AsyncHttpClient-1-9] DEBUG org.asynchttpclient.netty.channel.ChannelManager - Adding key: http://localhost:56903 for channel [id: 0x76d37d00, L:/127.0.0.1:49921 - R:localhost/127.0.0.1:56903]
18:32:00.117 [Forwarding findElement on session 16d828440083d3cb34850069265427f5 to remote] DEBUG org.asynchttpclient.netty.request.NettyRequestSender - Using pooled Channel '[id: 0x76d37d00, L:/127.0.0.1:49921 - R:localhost/127.0.0.1:56903]' for 'POST' to 'http://localhost:56903/session/16d828440083d3cb34850069265427f5/element'
18:32:00.117 [Forwarding findElement on session 16d828440083d3cb34850069265427f5 to remote] DEBUG org.asynchttpclient.netty.request.NettyRequestSender - Using open Channel [id: 0x76d37d00, L:/127.0.0.1:49921 - R:localhost/127.0.0.1:56903] for POST '/session/16d828440083d3cb34850069265427f5/element'
18:32:00.125 [AsyncHttpClient-1-9] DEBUG org.asynchttpclient.netty.handler.HttpHandler - 

Request DefaultHttpRequest(decodeResult: success, version: HTTP/1.1)
POST /session/16d828440083d3cb34850069265427f5/element HTTP/1.1
User-Agent: selenium/4.1.4 (java windows)
Content-Length: 68
Content-Type: application/json; charset=utf-8
host: localhost:56903
accept: */*

Response DefaultHttpResponse(decodeResult: success, version: HTTP/1.1)
HTTP/1.1 200 OK
Content-Type: application/json; charset=utf-8
cache-control: no-cache
content-length: 88

18:32:00.125 [AsyncHttpClient-1-9] DEBUG org.asynchttpclient.netty.channel.ChannelManager - Adding key: http://localhost:56903 for channel [id: 0x76d37d00, L:/127.0.0.1:49921 - R:localhost/127.0.0.1:56903]
18:32:00.127 [Forwarding clickElement on session 16d828440083d3cb34850069265427f5 to remote] DEBUG org.asynchttpclient.netty.request.NettyRequestSender - Using pooled Channel '[id: 0x76d37d00, L:/127.0.0.1:49921 - R:localhost/127.0.0.1:56903]' for 'POST' to 'http://localhost:56903/session/16d828440083d3cb34850069265427f5/element/eec7b702-29e6-4f20-b400-422202ddfe3e/click'
18:32:00.127 [Forwarding clickElement on session 16d828440083d3cb34850069265427f5 to remote] DEBUG org.asynchttpclient.netty.request.NettyRequestSender - Using open Channel [id: 0x76d37d00, L:/127.0.0.1:49921 - R:localhost/127.0.0.1:56903] for POST '/session/16d828440083d3cb34850069265427f5/element/eec7b702-29e6-4f20-b400-422202ddfe3e/click'
18:32:00.136 [AsyncHttpClient-1-1] DEBUG org.asynchttpclient.netty.channel.DefaultChannelPool - Entry count for : http://localhost:49922 : 1
18:32:00.238 [AsyncHttpClient-1-9] DEBUG org.asynchttpclient.netty.handler.HttpHandler - 

Request DefaultHttpRequest(decodeResult: success, version: HTTP/1.1)
POST /session/16d828440083d3cb34850069265427f5/element/eec7b702-29e6-4f20-b400-422202ddfe3e/click HTTP/1.1
User-Agent: selenium/4.1.4 (java windows)
Content-Length: 50
Content-Type: application/json; charset=utf-8
host: localhost:56903
accept: */*

Response DefaultHttpResponse(decodeResult: success, version: HTTP/1.1)
HTTP/1.1 200 OK
Content-Type: application/json; charset=utf-8
cache-control: no-cache
content-length: 14

18:32:00.238 [AsyncHttpClient-1-9] DEBUG org.asynchttpclient.netty.channel.ChannelManager - Adding key: http://localhost:56903 for channel [id: 0x76d37d00, L:/127.0.0.1:49921 - R:localhost/127.0.0.1:56903]
18:32:00.248 [Forwarding screenshot on session 16d828440083d3cb34850069265427f5 to remote] DEBUG org.asynchttpclient.netty.request.NettyRequestSender - Using pooled Channel '[id: 0x76d37d00, L:/127.0.0.1:49921 - R:localhost/127.0.0.1:56903]' for 'GET' to 'http://localhost:56903/session/16d828440083d3cb34850069265427f5/screenshot'
18:32:00.248 [Forwarding screenshot on session 16d828440083d3cb34850069265427f5 to remote] DEBUG org.asynchttpclient.netty.request.NettyRequestSender - Using open Channel [id: 0x76d37d00, L:/127.0.0.1:49921 - R:localhost/127.0.0.1:56903] for GET '/session/16d828440083d3cb34850069265427f5/screenshot'
18:32:00.723 [AsyncHttpClient-1-9] DEBUG org.asynchttpclient.netty.handler.HttpHandler - 

Request DefaultFullHttpRequest(decodeResult: success, version: HTTP/1.1, content: EmptyByteBufBE)
GET /session/16d828440083d3cb34850069265427f5/screenshot HTTP/1.1
User-Agent: selenium/4.1.4 (java windows)
Cache-Control: no-cache
Content-Type: application/json; charset=utf-8
host: localhost:56903
accept: */*

Response DefaultHttpResponse(decodeResult: success, version: HTTP/1.1)
HTTP/1.1 200 OK
Content-Type: application/json; charset=utf-8
cache-control: no-cache
content-length: 397500

18:32:00.724 [AsyncHttpClient-1-9] DEBUG org.asynchttpclient.netty.channel.ChannelManager - Adding key: http://localhost:56903 for channel [id: 0x76d37d00, L:/127.0.0.1:49921 - R:localhost/127.0.0.1:56903]
18:32:00.741 [main] DEBUG net.serenitybdd.core.photography.Darkroom - Send negative for processing for target\site\serenity\5daaa6388d790af09cb3a865600e5ff7811be40e77338182af018091066c7e77.png
18:32:00.741 [main] DEBUG net.thucydides.core.steps.StepInterceptor - STEP DONE: clickButtonSave
18:32:00.741 [Darkroom Processing Line] DEBUG net.serenitybdd.core.photography.DarkroomProcessingLine - Processing screenshot image in /var/screenshots/screenshot-18239950439779242774
18:32:00.741 [Darkroom Processing Line] DEBUG net.serenitybdd.core.photography.DarkroomProcessingLine - Saving screenshot to target\site\serenity\5daaa6388d790af09cb3a865600e5ff7811be40e77338182af018091066c7e77.png
18:32:01.242 [AsyncHttpClient-1-1] DEBUG org.asynchttpclient.netty.channel.DefaultChannelPool - Entry count for : http://localhost:56903 : 1
18:32:01.242 [AsyncHttpClient-1-1] DEBUG org.asynchttpclient.netty.channel.DefaultChannelPool - Entry count for : http://localhost:49922 : 1
  &amp#27;[32mThen &amp#27;[0m&amp#27;[32mClick button simpan&amp#27;[0m                                                     &amp#27;[90m# starter.stepdefinitios.PatientDataSteps.clickButtonSimpan()&amp#27;[0m
18:32:01.756 [Forwarding screenshot on session 16d828440083d3cb34850069265427f5 to remote] DEBUG org.asynchttpclient.netty.request.NettyRequestSender - Using pooled Channel '[id: 0x76d37d00, L:/127.0.0.1:49921 - R:localhost/127.0.0.1:56903]' for 'GET' to 'http://localhost:56903/session/16d828440083d3cb34850069265427f5/screenshot'
18:32:01.756 [Forwarding screenshot on session 16d828440083d3cb34850069265427f5 to remote] DEBUG org.asynchttpclient.netty.request.NettyRequestSender - Using open Channel [id: 0x76d37d00, L:/127.0.0.1:49921 - R:localhost/127.0.0.1:56903] for GET '/session/16d828440083d3cb34850069265427f5/screenshot'
18:32:02.351 [AsyncHttpClient-1-1] DEBUG org.asynchttpclient.netty.channel.DefaultChannelPool - Entry count for : http://localhost:49922 : 1
18:32:02.354 [AsyncHttpClient-1-9] DEBUG org.asynchttpclient.netty.handler.HttpHandler - 

Request DefaultFullHttpRequest(decodeResult: success, version: HTTP/1.1, content: EmptyByteBufBE)
GET /session/16d828440083d3cb34850069265427f5/screenshot HTTP/1.1
User-Agent: selenium/4.1.4 (java windows)
Cache-Control: no-cache
Content-Type: application/json; charset=utf-8
host: localhost:56903
accept: */*

Response DefaultHttpResponse(decodeResult: success, version: HTTP/1.1)
HTTP/1.1 200 OK
Content-Type: application/json; charset=utf-8
cache-control: no-cache
content-length: 400616

18:32:02.355 [AsyncHttpClient-1-9] DEBUG org.asynchttpclient.netty.channel.ChannelManager - Adding key: http://localhost:56903 for channel [id: 0x76d37d00, L:/127.0.0.1:49921 - R:localhost/127.0.0.1:56903]
18:32:02.375 [main] DEBUG net.serenitybdd.core.photography.Darkroom - Send negative for processing for target\site\serenity\454b36a5fa338638115f76838e55dc60f8e7554e6ee656681d40ea50016cabe0.png
18:32:02.375 [Darkroom Processing Line] DEBUG net.serenitybdd.core.photography.DarkroomProcessingLine - Processing screenshot image in /var/screenshots/screenshot-7994418409511231994
18:32:02.375 [Darkroom Processing Line] DEBUG net.serenitybdd.core.photography.DarkroomProcessingLine - Saving screenshot to target\site\serenity\454b36a5fa338638115f76838e55dc60f8e7554e6ee656681d40ea50016cabe0.png
18:32:03.424 [Forwarding screenshot on session 16d828440083d3cb34850069265427f5 to remote] DEBUG org.asynchttpclient.netty.request.NettyRequestSender - Using pooled Channel '[id: 0x76d37d00, L:/127.0.0.1:49921 - R:localhost/127.0.0.1:56903]' for 'GET' to 'http://localhost:56903/session/16d828440083d3cb34850069265427f5/screenshot'
18:32:03.424 [Forwarding screenshot on session 16d828440083d3cb34850069265427f5 to remote] DEBUG org.asynchttpclient.netty.request.NettyRequestSender - Using open Channel [id: 0x76d37d00, L:/127.0.0.1:49921 - R:localhost/127.0.0.1:56903] for GET '/session/16d828440083d3cb34850069265427f5/screenshot'
18:32:03.437 [AsyncHttpClient-1-1] DEBUG org.asynchttpclient.netty.channel.DefaultChannelPool - Entry count for : http://localhost:49922 : 1
18:32:04.154 [AsyncHttpClient-1-9] DEBUG org.asynchttpclient.netty.handler.HttpHandler - 

Request DefaultFullHttpRequest(decodeResult: success, version: HTTP/1.1, content: EmptyByteBufBE)
GET /session/16d828440083d3cb34850069265427f5/screenshot HTTP/1.1
User-Agent: selenium/4.1.4 (java windows)
Cache-Control: no-cache
Content-Type: application/json; charset=utf-8
host: localhost:56903
accept: */*

Response DefaultHttpResponse(decodeResult: success, version: HTTP/1.1)
HTTP/1.1 200 OK
Content-Type: application/json; charset=utf-8
cache-control: no-cache
content-length: 400664

18:32:04.157 [AsyncHttpClient-1-9] DEBUG org.asynchttpclient.netty.channel.ChannelManager - Adding key: http://localhost:56903 for channel [id: 0x76d37d00, L:/127.0.0.1:49921 - R:localhost/127.0.0.1:56903]
18:32:04.185 [main] DEBUG net.serenitybdd.core.photography.Darkroom - Send negative for processing for target\site\serenity\6d183586e04833e95fbe3cc9dcb1bf345e9f46ab8a190d279325d8944401d094.png
18:32:04.185 [main] DEBUG net.thucydides.core.steps.StepInterceptor - STARTING STEP: PatientDataSteps.validateAddErrorMessengerPasien - validateTextMessegerDokter
18:32:04.185 [Darkroom Processing Line] DEBUG net.serenitybdd.core.photography.DarkroomProcessingLine - Processing screenshot image in /var/screenshots/screenshot-8638743331186002511
18:32:04.185 [Darkroom Processing Line] DEBUG net.serenitybdd.core.photography.DarkroomProcessingLine - Saving screenshot to target\site\serenity\6d183586e04833e95fbe3cc9dcb1bf345e9f46ab8a190d279325d8944401d094.png
18:32:04.195 [Forwarding findElement on session 16d828440083d3cb34850069265427f5 to remote] DEBUG org.asynchttpclient.netty.request.NettyRequestSender - Using pooled Channel '[id: 0x76d37d00, L:/127.0.0.1:49921 - R:localhost/127.0.0.1:56903]' for 'POST' to 'http://localhost:56903/session/16d828440083d3cb34850069265427f5/element'
18:32:04.195 [Forwarding findElement on session 16d828440083d3cb34850069265427f5 to remote] DEBUG org.asynchttpclient.netty.request.NettyRequestSender - Using open Channel [id: 0x76d37d00, L:/127.0.0.1:49921 - R:localhost/127.0.0.1:56903] for POST '/session/16d828440083d3cb34850069265427f5/element'
18:32:04.221 [AsyncHttpClient-1-9] DEBUG org.asynchttpclient.netty.handler.HttpHandler - 

Request DefaultHttpRequest(decodeResult: success, version: HTTP/1.1)
POST /session/16d828440083d3cb34850069265427f5/element HTTP/1.1
User-Agent: selenium/4.1.4 (java windows)
Content-Length: 143
Content-Type: application/json; charset=utf-8
host: localhost:56903
accept: */*

Response DefaultHttpResponse(decodeResult: success, version: HTTP/1.1)
HTTP/1.1 200 OK
Content-Type: application/json; charset=utf-8
cache-control: no-cache
content-length: 88

18:32:04.221 [AsyncHttpClient-1-9] DEBUG org.asynchttpclient.netty.channel.ChannelManager - Adding key: http://localhost:56903 for channel [id: 0x76d37d00, L:/127.0.0.1:49921 - R:localhost/127.0.0.1:56903]
18:32:04.222 [Forwarding getElementText on session 16d828440083d3cb34850069265427f5 to remote] DEBUG org.asynchttpclient.netty.request.NettyRequestSender - Using pooled Channel '[id: 0x76d37d00, L:/127.0.0.1:49921 - R:localhost/127.0.0.1:56903]' for 'GET' to 'http://localhost:56903/session/16d828440083d3cb34850069265427f5/element/87610725-8961-4dd2-a9b8-6a680229cf33/text'
18:32:04.222 [Forwarding getElementText on session 16d828440083d3cb34850069265427f5 to remote] DEBUG org.asynchttpclient.netty.request.NettyRequestSender - Using open Channel [id: 0x76d37d00, L:/127.0.0.1:49921 - R:localhost/127.0.0.1:56903] for GET '/session/16d828440083d3cb34850069265427f5/element/87610725-8961-4dd2-a9b8-6a680229cf33/text'
18:32:04.306 [AsyncHttpClient-1-9] DEBUG org.asynchttpclient.netty.handler.HttpHandler - 

Request DefaultFullHttpRequest(decodeResult: success, version: HTTP/1.1, content: EmptyByteBufBE)
GET /session/16d828440083d3cb34850069265427f5/element/87610725-8961-4dd2-a9b8-6a680229cf33/text HTTP/1.1
User-Agent: selenium/4.1.4 (java windows)
Cache-Control: no-cache
Content-Type: application/json; charset=utf-8
host: localhost:56903
accept: */*

Response DefaultHttpResponse(decodeResult: success, version: HTTP/1.1)
HTTP/1.1 200 OK
Content-Type: application/json; charset=utf-8
cache-control: no-cache
content-length: 118

18:32:04.306 [AsyncHttpClient-1-9] DEBUG org.asynchttpclient.netty.channel.ChannelManager - Adding key: http://localhost:56903 for channel [id: 0x76d37d00, L:/127.0.0.1:49921 - R:localhost/127.0.0.1:56903]
18:32:04.315 [Forwarding screenshot on session 16d828440083d3cb34850069265427f5 to remote] DEBUG org.asynchttpclient.netty.request.NettyRequestSender - Using pooled Channel '[id: 0x76d37d00, L:/127.0.0.1:49921 - R:localhost/127.0.0.1:56903]' for 'GET' to 'http://localhost:56903/session/16d828440083d3cb34850069265427f5/screenshot'
18:32:04.315 [Forwarding screenshot on session 16d828440083d3cb34850069265427f5 to remote] DEBUG org.asynchttpclient.netty.request.NettyRequestSender - Using open Channel [id: 0x76d37d00, L:/127.0.0.1:49921 - R:localhost/127.0.0.1:56903] for GET '/session/16d828440083d3cb34850069265427f5/screenshot'
18:32:04.536 [AsyncHttpClient-1-1] DEBUG org.asynchttpclient.netty.channel.DefaultChannelPool - Entry count for : http://localhost:49922 : 1
18:32:04.897 [AsyncHttpClient-1-9] DEBUG org.asynchttpclient.netty.handler.HttpHandler - 

Request DefaultFullHttpRequest(decodeResult: success, version: HTTP/1.1, content: EmptyByteBufBE)
GET /session/16d828440083d3cb34850069265427f5/screenshot HTTP/1.1
User-Agent: selenium/4.1.4 (java windows)
Cache-Control: no-cache
Content-Type: application/json; charset=utf-8
host: localhost:56903
accept: */*

Response DefaultHttpResponse(decodeResult: success, version: HTTP/1.1)
HTTP/1.1 200 OK
Content-Type: application/json; charset=utf-8
cache-control: no-cache
content-length: 400616

18:32:04.898 [AsyncHttpClient-1-9] DEBUG org.asynchttpclient.netty.channel.ChannelManager - Adding key: http://localhost:56903 for channel [id: 0x76d37d00, L:/127.0.0.1:49921 - R:localhost/127.0.0.1:56903]
18:32:04.918 [main] DEBUG net.serenitybdd.core.photography.Darkroom - Send negative for processing for target\site\serenity\454b36a5fa338638115f76838e55dc60f8e7554e6ee656681d40ea50016cabe0.png
18:32:04.918 [main] DEBUG net.thucydides.core.steps.StepInterceptor - STEP DONE: validateTextMessegerDokter
  &amp#27;[32mAnd &amp#27;[0m&amp#27;[32mValidate add error messenger &amp#27;[0m&amp#27;[32m&amp#27;[1m"umur tidak sesuai"&amp#27;[0m&amp#27;[32m Pasien&amp#27;[0m                  &amp#27;[90m# starter.stepdefinitios.PatientDataSteps.validateAddErrorMessengerPasien(java.lang.String)&amp#27;[0m
18:32:04.938 [AsyncHttpClient-1-3] DEBUG org.asynchttpclient.netty.handler.WebSocketHandler - Channel Closed: [id: 0xf39ce062, L:/127.0.0.1:49929 ! R:localhost/127.0.0.1:49922] with attribute NettyResponseFuture{currentRetry=5,
	isDone=1,
	isCancelled=0,
	asyncHandler=org.asynchttpclient.ws.WebSocketUpgradeHandler@3f354d0c,
	nettyRequest=org.asynchttpclient.netty.request.NettyRequest@d367f52,
	future=java.util.concurrent.CompletableFuture@5cba0402[Completed normally],
	uri=ws://localhost:49922/devtools/browser/e7cb11d9-633b-4410-bcca-ff338fc3a9af,
	keepAlive=true,
	redirectCount=0,
	timeoutsHolder=null,
	inAuth=0,
	touch=1658057493946}
18:32:04.938 [AsyncHttpClient-1-3] DEBUG org.asynchttpclient.netty.channel.ChannelManager - Closing Channel [id: 0xf39ce062, L:/127.0.0.1:49929 ! R:localhost/127.0.0.1:49922] 
18:32:04.939 [Driver Command Executor] DEBUG org.asynchttpclient.netty.request.NettyRequestSender - Using pooled Channel '[id: 0x76d37d00, L:/127.0.0.1:49921 - R:localhost/127.0.0.1:56903]' for 'DELETE' to 'http://localhost:56903/session/16d828440083d3cb34850069265427f5'
18:32:04.939 [Driver Command Executor] DEBUG org.asynchttpclient.netty.request.NettyRequestSender - Using open Channel [id: 0x76d37d00, L:/127.0.0.1:49921 - R:localhost/127.0.0.1:56903] for DELETE '/session/16d828440083d3cb34850069265427f5'
18:32:05.076 [AsyncHttpClient-1-2] DEBUG org.asynchttpclient.netty.handler.HttpHandler - Unexpected I/O exception on channel [id: 0x41f97c4b, L:/127.0.0.1:49928 - R:localhost/127.0.0.1:49922]
java.io.IOException: An existing connection was forcibly closed by the remote host
	at java.base/sun.nio.ch.SocketDispatcher.read0(Native Method)
	at java.base/sun.nio.ch.SocketDispatcher.read(SocketDispatcher.java:43)
	at java.base/sun.nio.ch.IOUtil.readIntoNativeBuffer(IOUtil.java:276)
	at java.base/sun.nio.ch.IOUtil.read(IOUtil.java:233)
	at java.base/sun.nio.ch.IOUtil.read(IOUtil.java:223)
	at java.base/sun.nio.ch.SocketChannelImpl.read(SocketChannelImpl.java:356)
	at io.netty.buffer.PooledByteBuf.setBytes(PooledByteBuf.java:258)
	at io.netty.buffer.AbstractByteBuf.writeBytes(AbstractByteBuf.java:1132)
	at io.netty.channel.socket.nio.NioSocketChannel.doReadBytes(NioSocketChannel.java:357)
	at io.netty.channel.nio.AbstractNioByteChannel$NioByteUnsafe.read(AbstractNioByteChannel.java:151)
	at io.netty.channel.nio.NioEventLoop.processSelectedKey(NioEventLoop.java:722)
	at io.netty.channel.nio.NioEventLoop.processSelectedKeysOptimized(NioEventLoop.java:658)
	at io.netty.channel.nio.NioEventLoop.processSelectedKeys(NioEventLoop.java:584)
	at io.netty.channel.nio.NioEventLoop.run(NioEventLoop.java:496)
	at io.netty.util.concurrent.SingleThreadEventExecutor$4.run(SingleThreadEventExecutor.java:986)
	at io.netty.util.internal.ThreadExecutorMap$2.run(ThreadExecutorMap.java:74)
	at io.netty.util.concurrent.FastThreadLocalRunnable.run(FastThreadLocalRunnable.java:30)
	at java.base/java.lang.Thread.run(Thread.java:829)
18:32:05.076 [AsyncHttpClient-1-2] DEBUG org.asynchttpclient.netty.channel.ChannelManager - Closing Channel [id: 0x41f97c4b, L:/127.0.0.1:49928 - R:localhost/127.0.0.1:49922] 
18:32:05.076 [AsyncHttpClient-1-2] DEBUG org.asynchttpclient.netty.handler.HttpHandler - Channel Closed: [id: 0x41f97c4b, L:/127.0.0.1:49928 ! R:localhost/127.0.0.1:49922] with attribute DISCARD
18:32:05.137 [AsyncHttpClient-1-9] DEBUG org.asynchttpclient.netty.handler.HttpHandler - 

Request DefaultFullHttpRequest(decodeResult: success, version: HTTP/1.1, content: EmptyByteBufBE)
DELETE /session/16d828440083d3cb34850069265427f5 HTTP/1.1
User-Agent: selenium/4.1.4 (java windows)
Content-Type: application/json; charset=utf-8
host: localhost:56903
accept: */*

Response DefaultHttpResponse(decodeResult: success, version: HTTP/1.1)
HTTP/1.1 200 OK
Content-Type: application/json; charset=utf-8
cache-control: no-cache
content-length: 14

18:32:05.137 [AsyncHttpClient-1-9] DEBUG org.asynchttpclient.netty.channel.ChannelManager - Adding key: http://localhost:56903 for channel [id: 0x76d37d00, L:/127.0.0.1:49921 - R:localhost/127.0.0.1:56903]
18:32:05.237 [AsyncHttpClient-1-9] DEBUG org.asynchttpclient.netty.handler.HttpHandler - Channel Closed: [id: 0x76d37d00, L:/127.0.0.1:49921 ! R:localhost/127.0.0.1:56903] with attribute DISCARD
]]></system-out>
    <system-err><![CDATA[Starting ChromeDriver 103.0.5060.53 (a1711811edd74ff1cf2150f36ffa3b0dae40b17f-refs/branch-heads/5060@{#853}) on port 56903
Only local connections are allowed.
Please see https://chromedriver.chromium.org/security-considerations for suggestions on keeping ChromeDriver safe.
ChromeDriver was started successfully.
Jul 17, 2022 6:31:33 PM org.openqa.selenium.remote.ProtocolHandshake createSession
INFO: Detected dialect: W3C
Jul 17, 2022 6:31:33 PM org.openqa.selenium.devtools.CdpVersionFinder findNearestMatch
WARNING: Unable to find an exact match for CDP version 103, so returning the closest version found: 101
Jul 17, 2022 6:31:33 PM org.openqa.selenium.devtools.CdpVersionFinder findNearestMatch
INFO: Found CDP implementation for version 103 of 101
]]></system-err>
  </testcase>
  <testcase name="As a admin i want to add data pasien (JK Laki-Laki) - Invlid #4" classname="Data Pasien - Admin" time="31.154">
    <system-out><![CDATA[
@DataPasien111 @AddPatientDataInvalid
Scenario Outline: As a admin i want to add data pasien (JK Laki-Laki) - Invlid  &amp#27;[90m# src/test/resources/features/4DataPasien.feature:123&amp#27;[0m
18:32:05.393 [main] INFO io.cucumber.core.plugin.SerenityReporter - Running feature from file:///C:/Alterra/CapstoneBaru/QE/TestingWebUpdate/src/test/resources/features/4DataPasien.feature
18:32:05.436 [main] DEBUG net.thucydides.core.steps.StepInterceptor - STARTING STEP: LoginSteps.openLoginPage - openLogin
18:32:05.452 [main] INFO net.serenitybdd.core.webdriver.driverproviders.ChromeDriverProvider - Using automatically driver download
18:32:05.607 [main] DEBUG io.github.bonigarcia.wdm.cache.ResolutionCache - Resolution chrome=103 in cache (valid until 18:54:33 17/07/2022 ICT)
18:32:05.614 [main] DEBUG io.github.bonigarcia.wdm.cache.ResolutionCache - Resolution chrome103=103.0.5060.53 in cache (valid until 17:54:33 18/07/2022 ICT)
18:32:05.615 [main] INFO io.github.bonigarcia.wdm.WebDriverManager - Using chromedriver 103.0.5060.53 (resolved driver for Chrome 103)
18:32:05.621 [main] DEBUG io.github.bonigarcia.wdm.WebDriverManager - Driver chromedriver 103.0.5060.53 found in cache
18:32:05.621 [main] INFO io.github.bonigarcia.wdm.WebDriverManager - Exporting webdriver.chrome.driver as C:\Users\Bagas Dwi Saputra\.cache\selenium\chromedriver\win32\103.0.5060.53\chromedriver.exe
18:32:05.636 [AsyncHttpClient-1-1] DEBUG org.asynchttpclient.netty.channel.DefaultChannelPool - Entry count for : http://localhost:56903 : 1
18:32:05.636 [AsyncHttpClient-1-1] DEBUG org.asynchttpclient.netty.channel.DefaultChannelPool - Entry count for : http://localhost:49922 : 1
18:32:05.636 [AsyncHttpClient-1-1] DEBUG org.asynchttpclient.netty.channel.DefaultChannelPool - Adding Candidate expired Channel [id: 0x76d37d00, L:/127.0.0.1:49921 ! R:localhost/127.0.0.1:56903] isIdleTimeoutExpired=false isRemotelyClosed=true isTtlExpired=false
18:32:05.636 [AsyncHttpClient-1-1] DEBUG org.asynchttpclient.netty.channel.DefaultChannelPool - Closing Idle Channel [id: 0x76d37d00, L:/127.0.0.1:49921 ! R:localhost/127.0.0.1:56903]
18:32:05.636 [AsyncHttpClient-1-1] DEBUG org.asynchttpclient.netty.channel.DefaultChannelPool - Adding Candidate expired Channel [id: 0x41f97c4b, L:/127.0.0.1:49928 ! R:localhost/127.0.0.1:49922] isIdleTimeoutExpired=false isRemotelyClosed=true isTtlExpired=false
18:32:05.636 [AsyncHttpClient-1-1] DEBUG org.asynchttpclient.netty.channel.DefaultChannelPool - Closing Idle Channel [id: 0x41f97c4b, L:/127.0.0.1:49928 ! R:localhost/127.0.0.1:49922]
18:32:05.636 [AsyncHttpClient-1-1] DEBUG org.asynchttpclient.netty.channel.DefaultChannelPool - Closed 2 connections out of 2 in 0 ms
18:32:05.930 [main] DEBUG net.serenitybdd.core.webdriver.driverproviders.ProvideNewDriver - Instantiating driver
18:32:05.930 [main] DEBUG net.serenitybdd.core.webdriver.driverproviders.ProvideNewDriver - Driver capabilities: Capabilities {acceptInsecureCerts: false, base.url: https://fanciful-trifle-360..., browserName: chrome, chorme.driver: src/test/resources/webdrive..., driver: chrome, goog:chromeOptions: {args: [], extensions: []}}
18:32:06.392 [AsyncHttpClient-1-4] DEBUG org.asynchttpclient.netty.channel.NettyConnectListener - Using new Channel '[id: 0x06ed3963, L:/127.0.0.1:49948 - R:localhost/127.0.0.1:62421]' for 'POST' to '/session'
18:32:07.587 [AsyncHttpClient-1-4] DEBUG org.asynchttpclient.netty.handler.HttpHandler - 

Request DefaultHttpRequest(decodeResult: success, version: HTTP/1.1)
POST /session HTTP/1.1
User-Agent: selenium/4.1.4 (java windows)
Content-Length: 629
Content-Type: application/json; charset=utf-8
host: localhost:62421
accept: */*

Response DefaultHttpResponse(decodeResult: success, version: HTTP/1.1)
HTTP/1.1 200 OK
Content-Type: application/json; charset=utf-8
cache-control: no-cache
content-length: 792

18:32:07.587 [AsyncHttpClient-1-4] DEBUG org.asynchttpclient.netty.channel.ChannelManager - Adding key: http://localhost:62421 for channel [id: 0x06ed3963, L:/127.0.0.1:49948 - R:localhost/127.0.0.1:62421]
18:32:07.595 [AsyncHttpClient-1-5] DEBUG org.asynchttpclient.netty.channel.NettyConnectListener - Using new Channel '[id: 0x3b91e20a, L:/127.0.0.1:49954 - R:localhost/127.0.0.1:49949]' for 'GET' to '/json/version'
18:32:07.595 [AsyncHttpClient-1-5] DEBUG org.asynchttpclient.netty.handler.HttpHandler - 

Request DefaultFullHttpRequest(decodeResult: success, version: HTTP/1.1, content: EmptyByteBufBE)
GET /json/version HTTP/1.1
User-Agent: selenium/4.1.4 (java windows)
host: localhost:49949
accept: */*

Response DefaultHttpResponse(decodeResult: success, version: HTTP/1.1)
HTTP/1.1 200 OK
Content-Type: application/json; charset=UTF-8
content-length: 429

18:32:07.595 [AsyncHttpClient-1-5] DEBUG org.asynchttpclient.netty.channel.ChannelManager - Adding key: http://localhost:49949 for channel [id: 0x3b91e20a, L:/127.0.0.1:49954 - R:localhost/127.0.0.1:49949]
18:32:07.599 [AsyncHttpClient-1-6] DEBUG org.asynchttpclient.netty.channel.NettyConnectListener - Using new Channel '[id: 0xd66c3872, L:/127.0.0.1:49955 - R:localhost/127.0.0.1:49949]' for 'GET' to '/devtools/browser/b4fd9c5d-8c9a-4e6d-942f-a7337e0f65bf'
18:32:07.599 [AsyncHttpClient-1-6] DEBUG org.asynchttpclient.netty.handler.WebSocketHandler - 

Request DefaultFullHttpRequest(decodeResult: success, version: HTTP/1.1, content: EmptyByteBufBE)
GET /devtools/browser/b4fd9c5d-8c9a-4e6d-942f-a7337e0f65bf HTTP/1.1
upgrade: websocket
connection: upgrade
sec-websocket-key: 2XllmTIqw6Q2KoPKzIgjKQ==
sec-websocket-version: 13
origin: http://localhost:49949
host: localhost:49949
accept: */*
user-agent: AHC/2.1

Response DefaultHttpResponse(decodeResult: success, version: HTTP/1.1)
HTTP/1.1 101 WebSocket Protocol Handshake
Upgrade: WebSocket
Connection: Upgrade
Sec-WebSocket-Accept: hE/qyXdNrexmB96amkpEo895iQc=

18:32:07.607 [Forwarding get on session 226a03855df97a69929644d49a4b46fe to remote] DEBUG org.asynchttpclient.netty.request.NettyRequestSender - Using pooled Channel '[id: 0x06ed3963, L:/127.0.0.1:49948 - R:localhost/127.0.0.1:62421]' for 'POST' to 'http://localhost:62421/session/226a03855df97a69929644d49a4b46fe/url'
18:32:07.607 [Forwarding get on session 226a03855df97a69929644d49a4b46fe to remote] DEBUG org.asynchttpclient.netty.request.NettyRequestSender - Using open Channel [id: 0x06ed3963, L:/127.0.0.1:49948 - R:localhost/127.0.0.1:62421] for POST '/session/226a03855df97a69929644d49a4b46fe/url'
18:32:07.948 [AsyncHttpClient-1-1] DEBUG org.asynchttpclient.netty.channel.DefaultChannelPool - Entry count for : http://localhost:49949 : 1
18:32:08.243 [AsyncHttpClient-1-4] DEBUG org.asynchttpclient.netty.handler.HttpHandler - 

Request DefaultHttpRequest(decodeResult: success, version: HTTP/1.1)
POST /session/226a03855df97a69929644d49a4b46fe/url HTTP/1.1
User-Agent: selenium/4.1.4 (java windows)
Content-Length: 78
Content-Type: application/json; charset=utf-8
host: localhost:62421
accept: */*

Response DefaultHttpResponse(decodeResult: success, version: HTTP/1.1)
HTTP/1.1 200 OK
Content-Type: application/json; charset=utf-8
cache-control: no-cache
content-length: 14

18:32:08.243 [AsyncHttpClient-1-4] DEBUG org.asynchttpclient.netty.channel.ChannelManager - Adding key: http://localhost:62421 for channel [id: 0x06ed3963, L:/127.0.0.1:49948 - R:localhost/127.0.0.1:62421]
18:32:08.249 [Forwarding setTimeout on session 226a03855df97a69929644d49a4b46fe to remote] DEBUG org.asynchttpclient.netty.request.NettyRequestSender - Using pooled Channel '[id: 0x06ed3963, L:/127.0.0.1:49948 - R:localhost/127.0.0.1:62421]' for 'POST' to 'http://localhost:62421/session/226a03855df97a69929644d49a4b46fe/timeouts'
18:32:08.249 [Forwarding setTimeout on session 226a03855df97a69929644d49a4b46fe to remote] DEBUG org.asynchttpclient.netty.request.NettyRequestSender - Using open Channel [id: 0x06ed3963, L:/127.0.0.1:49948 - R:localhost/127.0.0.1:62421] for POST '/session/226a03855df97a69929644d49a4b46fe/timeouts'
18:32:08.250 [AsyncHttpClient-1-4] DEBUG org.asynchttpclient.netty.handler.HttpHandler - 

Request DefaultHttpRequest(decodeResult: success, version: HTTP/1.1)
POST /session/226a03855df97a69929644d49a4b46fe/timeouts HTTP/1.1
User-Agent: selenium/4.1.4 (java windows)
Content-Length: 22
Content-Type: application/json; charset=utf-8
host: localhost:62421
accept: */*

Response DefaultHttpResponse(decodeResult: success, version: HTTP/1.1)
HTTP/1.1 200 OK
Content-Type: application/json; charset=utf-8
cache-control: no-cache
content-length: 14

18:32:08.250 [AsyncHttpClient-1-4] DEBUG org.asynchttpclient.netty.channel.ChannelManager - Adding key: http://localhost:62421 for channel [id: 0x06ed3963, L:/127.0.0.1:49948 - R:localhost/127.0.0.1:62421]
18:32:08.253 [Forwarding getCurrentUrl on session 226a03855df97a69929644d49a4b46fe to remote] DEBUG org.asynchttpclient.netty.request.NettyRequestSender - Using pooled Channel '[id: 0x06ed3963, L:/127.0.0.1:49948 - R:localhost/127.0.0.1:62421]' for 'GET' to 'http://localhost:62421/session/226a03855df97a69929644d49a4b46fe/url'
18:32:08.253 [Forwarding getCurrentUrl on session 226a03855df97a69929644d49a4b46fe to remote] DEBUG org.asynchttpclient.netty.request.NettyRequestSender - Using open Channel [id: 0x06ed3963, L:/127.0.0.1:49948 - R:localhost/127.0.0.1:62421] for GET '/session/226a03855df97a69929644d49a4b46fe/url'
18:32:08.258 [AsyncHttpClient-1-4] DEBUG org.asynchttpclient.netty.handler.HttpHandler - 

Request DefaultFullHttpRequest(decodeResult: success, version: HTTP/1.1, content: EmptyByteBufBE)
GET /session/226a03855df97a69929644d49a4b46fe/url HTTP/1.1
User-Agent: selenium/4.1.4 (java windows)
Cache-Control: no-cache
Content-Type: application/json; charset=utf-8
host: localhost:62421
accept: */*

Response DefaultHttpResponse(decodeResult: success, version: HTTP/1.1)
HTTP/1.1 200 OK
Content-Type: application/json; charset=utf-8
cache-control: no-cache
content-length: 60

18:32:08.258 [AsyncHttpClient-1-4] DEBUG org.asynchttpclient.netty.channel.ChannelManager - Adding key: http://localhost:62421 for channel [id: 0x06ed3963, L:/127.0.0.1:49948 - R:localhost/127.0.0.1:62421]
18:32:08.259 [Forwarding screenshot on session 226a03855df97a69929644d49a4b46fe to remote] DEBUG org.asynchttpclient.netty.request.NettyRequestSender - Using pooled Channel '[id: 0x06ed3963, L:/127.0.0.1:49948 - R:localhost/127.0.0.1:62421]' for 'GET' to 'http://localhost:62421/session/226a03855df97a69929644d49a4b46fe/screenshot'
18:32:08.259 [Forwarding screenshot on session 226a03855df97a69929644d49a4b46fe to remote] DEBUG org.asynchttpclient.netty.request.NettyRequestSender - Using open Channel [id: 0x06ed3963, L:/127.0.0.1:49948 - R:localhost/127.0.0.1:62421] for GET '/session/226a03855df97a69929644d49a4b46fe/screenshot'
18:32:08.797 [AsyncHttpClient-1-4] DEBUG org.asynchttpclient.netty.handler.HttpHandler - 

Request DefaultFullHttpRequest(decodeResult: success, version: HTTP/1.1, content: EmptyByteBufBE)
GET /session/226a03855df97a69929644d49a4b46fe/screenshot HTTP/1.1
User-Agent: selenium/4.1.4 (java windows)
Cache-Control: no-cache
Content-Type: application/json; charset=utf-8
host: localhost:62421
accept: */*

Response DefaultHttpResponse(decodeResult: success, version: HTTP/1.1)
HTTP/1.1 200 OK
Content-Type: application/json; charset=utf-8
cache-control: no-cache
content-length: 380436

18:32:08.797 [AsyncHttpClient-1-4] DEBUG org.asynchttpclient.netty.channel.ChannelManager - Adding key: http://localhost:62421 for channel [id: 0x06ed3963, L:/127.0.0.1:49948 - R:localhost/127.0.0.1:62421]
18:32:08.806 [main] DEBUG net.serenitybdd.core.photography.Darkroom - Send negative for processing for target\site\serenity\d122c364c40ece9db0ad32cd97c3fcf63e95ba606118dda8d3e5a1d2b8235ce2.png
18:32:08.806 [main] DEBUG net.thucydides.core.steps.StepInterceptor - STEP DONE: openLogin
  &amp#27;[32mGiven &amp#27;[0m&amp#27;[32mOpen login page&amp#27;[0m                                                         &amp#27;[90m# starter.stepdefinitios.LoginSteps.openLoginPage()&amp#27;[0m
18:32:09.041 [AsyncHttpClient-1-1] DEBUG org.asynchttpclient.netty.channel.DefaultChannelPool - Entry count for : http://localhost:62421 : 1
18:32:09.041 [AsyncHttpClient-1-1] DEBUG org.asynchttpclient.netty.channel.DefaultChannelPool - Entry count for : http://localhost:49949 : 1
18:32:09.320 [Forwarding findElement on session 226a03855df97a69929644d49a4b46fe to remote] DEBUG org.asynchttpclient.netty.request.NettyRequestSender - Using pooled Channel '[id: 0x06ed3963, L:/127.0.0.1:49948 - R:localhost/127.0.0.1:62421]' for 'POST' to 'http://localhost:62421/session/226a03855df97a69929644d49a4b46fe/element'
18:32:09.320 [Forwarding findElement on session 226a03855df97a69929644d49a4b46fe to remote] DEBUG org.asynchttpclient.netty.request.NettyRequestSender - Using open Channel [id: 0x06ed3963, L:/127.0.0.1:49948 - R:localhost/127.0.0.1:62421] for POST '/session/226a03855df97a69929644d49a4b46fe/element'
18:32:09.345 [AsyncHttpClient-1-4] DEBUG org.asynchttpclient.netty.handler.HttpHandler - 

Request DefaultHttpRequest(decodeResult: success, version: HTTP/1.1)
POST /session/226a03855df97a69929644d49a4b46fe/element HTTP/1.1
User-Agent: selenium/4.1.4 (java windows)
Content-Length: 70
Content-Type: application/json; charset=utf-8
host: localhost:62421
accept: */*

Response DefaultHttpResponse(decodeResult: success, version: HTTP/1.1)
HTTP/1.1 200 OK
Content-Type: application/json; charset=utf-8
cache-control: no-cache
content-length: 88

18:32:09.345 [AsyncHttpClient-1-4] DEBUG org.asynchttpclient.netty.channel.ChannelManager - Adding key: http://localhost:62421 for channel [id: 0x06ed3963, L:/127.0.0.1:49948 - R:localhost/127.0.0.1:62421]
18:32:09.347 [Forwarding sendKeysToElement on session 226a03855df97a69929644d49a4b46fe to remote] DEBUG org.asynchttpclient.netty.request.NettyRequestSender - Using pooled Channel '[id: 0x06ed3963, L:/127.0.0.1:49948 - R:localhost/127.0.0.1:62421]' for 'POST' to 'http://localhost:62421/session/226a03855df97a69929644d49a4b46fe/element/bc204452-21c0-40f6-ad0e-97444d749448/value'
18:32:09.347 [Forwarding sendKeysToElement on session 226a03855df97a69929644d49a4b46fe to remote] DEBUG org.asynchttpclient.netty.request.NettyRequestSender - Using open Channel [id: 0x06ed3963, L:/127.0.0.1:49948 - R:localhost/127.0.0.1:62421] for POST '/session/226a03855df97a69929644d49a4b46fe/element/bc204452-21c0-40f6-ad0e-97444d749448/value'
18:32:09.457 [AsyncHttpClient-1-4] DEBUG org.asynchttpclient.netty.handler.HttpHandler - 

Request DefaultHttpRequest(decodeResult: success, version: HTTP/1.1)
POST /session/226a03855df97a69929644d49a4b46fe/element/bc204452-21c0-40f6-ad0e-97444d749448/value HTTP/1.1
User-Agent: selenium/4.1.4 (java windows)
Content-Length: 131
Content-Type: application/json; charset=utf-8
host: localhost:62421
accept: */*

Response DefaultHttpResponse(decodeResult: success, version: HTTP/1.1)
HTTP/1.1 200 OK
Content-Type: application/json; charset=utf-8
cache-control: no-cache
content-length: 14

18:32:09.457 [AsyncHttpClient-1-4] DEBUG org.asynchttpclient.netty.channel.ChannelManager - Adding key: http://localhost:62421 for channel [id: 0x06ed3963, L:/127.0.0.1:49948 - R:localhost/127.0.0.1:62421]
  &amp#27;[32mAnd &amp#27;[0m&amp#27;[32mI input &amp#27;[0m&amp#27;[32m&amp#27;[1m"admin"&amp#27;[0m&amp#27;[32m login email valid&amp#27;[0m                                         &amp#27;[90m# starter.stepdefinitios.LoginSteps.iInputLoginEmailValid(java.lang.String)&amp#27;[0m
18:32:09.460 [Forwarding screenshot on session 226a03855df97a69929644d49a4b46fe to remote] DEBUG org.asynchttpclient.netty.request.NettyRequestSender - Using pooled Channel '[id: 0x06ed3963, L:/127.0.0.1:49948 - R:localhost/127.0.0.1:62421]' for 'GET' to 'http://localhost:62421/session/226a03855df97a69929644d49a4b46fe/screenshot'
18:32:09.460 [Forwarding screenshot on session 226a03855df97a69929644d49a4b46fe to remote] DEBUG org.asynchttpclient.netty.request.NettyRequestSender - Using open Channel [id: 0x06ed3963, L:/127.0.0.1:49948 - R:localhost/127.0.0.1:62421] for GET '/session/226a03855df97a69929644d49a4b46fe/screenshot'
18:32:09.712 [AsyncHttpClient-1-4] DEBUG org.asynchttpclient.netty.handler.HttpHandler - 

Request DefaultFullHttpRequest(decodeResult: success, version: HTTP/1.1, content: EmptyByteBufBE)
GET /session/226a03855df97a69929644d49a4b46fe/screenshot HTTP/1.1
User-Agent: selenium/4.1.4 (java windows)
Cache-Control: no-cache
Content-Type: application/json; charset=utf-8
host: localhost:62421
accept: */*

Response DefaultHttpResponse(decodeResult: success, version: HTTP/1.1)
HTTP/1.1 200 OK
Content-Type: application/json; charset=utf-8
cache-control: no-cache
content-length: 379420

18:32:09.713 [AsyncHttpClient-1-4] DEBUG org.asynchttpclient.netty.channel.ChannelManager - Adding key: http://localhost:62421 for channel [id: 0x06ed3963, L:/127.0.0.1:49948 - R:localhost/127.0.0.1:62421]
18:32:09.723 [main] DEBUG net.serenitybdd.core.photography.Darkroom - Send negative for processing for target\site\serenity\93df20195d3751dea78ac30a105f84d37c410e0341f58ded6fb231b5b47402e6.png
18:32:10.150 [AsyncHttpClient-1-1] DEBUG org.asynchttpclient.netty.channel.DefaultChannelPool - Entry count for : http://localhost:62421 : 1
18:32:10.150 [AsyncHttpClient-1-1] DEBUG org.asynchttpclient.netty.channel.DefaultChannelPool - Entry count for : http://localhost:49949 : 1
18:32:10.234 [Forwarding screenshot on session 226a03855df97a69929644d49a4b46fe to remote] DEBUG org.asynchttpclient.netty.request.NettyRequestSender - Using pooled Channel '[id: 0x06ed3963, L:/127.0.0.1:49948 - R:localhost/127.0.0.1:62421]' for 'GET' to 'http://localhost:62421/session/226a03855df97a69929644d49a4b46fe/screenshot'
18:32:10.234 [Forwarding screenshot on session 226a03855df97a69929644d49a4b46fe to remote] DEBUG org.asynchttpclient.netty.request.NettyRequestSender - Using open Channel [id: 0x06ed3963, L:/127.0.0.1:49948 - R:localhost/127.0.0.1:62421] for GET '/session/226a03855df97a69929644d49a4b46fe/screenshot'
18:32:10.460 [AsyncHttpClient-1-4] DEBUG org.asynchttpclient.netty.handler.HttpHandler - 

Request DefaultFullHttpRequest(decodeResult: success, version: HTTP/1.1, content: EmptyByteBufBE)
GET /session/226a03855df97a69929644d49a4b46fe/screenshot HTTP/1.1
User-Agent: selenium/4.1.4 (java windows)
Cache-Control: no-cache
Content-Type: application/json; charset=utf-8
host: localhost:62421
accept: */*

Response DefaultHttpResponse(decodeResult: success, version: HTTP/1.1)
HTTP/1.1 200 OK
Content-Type: application/json; charset=utf-8
cache-control: no-cache
content-length: 379404

18:32:10.460 [AsyncHttpClient-1-4] DEBUG org.asynchttpclient.netty.channel.ChannelManager - Adding key: http://localhost:62421 for channel [id: 0x06ed3963, L:/127.0.0.1:49948 - R:localhost/127.0.0.1:62421]
18:32:10.470 [main] DEBUG net.serenitybdd.core.photography.Darkroom - Send negative for processing for target\site\serenity\f684e1524ced0278b0b6c6b37709a7cbfb8281aeb576b04a4743fda17448b798.png
18:32:10.470 [main] DEBUG net.thucydides.core.steps.StepInterceptor - STARTING STEP: LoginSteps.iInputLoginPasswordValid - inputPasswordLogin
18:32:10.471 [Forwarding findElement on session 226a03855df97a69929644d49a4b46fe to remote] DEBUG org.asynchttpclient.netty.request.NettyRequestSender - Using pooled Channel '[id: 0x06ed3963, L:/127.0.0.1:49948 - R:localhost/127.0.0.1:62421]' for 'POST' to 'http://localhost:62421/session/226a03855df97a69929644d49a4b46fe/element'
18:32:10.472 [Forwarding findElement on session 226a03855df97a69929644d49a4b46fe to remote] DEBUG org.asynchttpclient.netty.request.NettyRequestSender - Using open Channel [id: 0x06ed3963, L:/127.0.0.1:49948 - R:localhost/127.0.0.1:62421] for POST '/session/226a03855df97a69929644d49a4b46fe/element'
18:32:10.483 [AsyncHttpClient-1-4] DEBUG org.asynchttpclient.netty.handler.HttpHandler - 

Request DefaultHttpRequest(decodeResult: success, version: HTTP/1.1)
POST /session/226a03855df97a69929644d49a4b46fe/element HTTP/1.1
User-Agent: selenium/4.1.4 (java windows)
Content-Length: 70
Content-Type: application/json; charset=utf-8
host: localhost:62421
accept: */*

Response DefaultHttpResponse(decodeResult: success, version: HTTP/1.1)
HTTP/1.1 200 OK
Content-Type: application/json; charset=utf-8
cache-control: no-cache
content-length: 88

18:32:10.483 [AsyncHttpClient-1-4] DEBUG org.asynchttpclient.netty.channel.ChannelManager - Adding key: http://localhost:62421 for channel [id: 0x06ed3963, L:/127.0.0.1:49948 - R:localhost/127.0.0.1:62421]
18:32:10.484 [Forwarding sendKeysToElement on session 226a03855df97a69929644d49a4b46fe to remote] DEBUG org.asynchttpclient.netty.request.NettyRequestSender - Using pooled Channel '[id: 0x06ed3963, L:/127.0.0.1:49948 - R:localhost/127.0.0.1:62421]' for 'POST' to 'http://localhost:62421/session/226a03855df97a69929644d49a4b46fe/element/a20b5adf-6d8f-42b6-8a0b-93478bb46f4a/value'
18:32:10.484 [Forwarding sendKeysToElement on session 226a03855df97a69929644d49a4b46fe to remote] DEBUG org.asynchttpclient.netty.request.NettyRequestSender - Using open Channel [id: 0x06ed3963, L:/127.0.0.1:49948 - R:localhost/127.0.0.1:62421] for POST '/session/226a03855df97a69929644d49a4b46fe/element/a20b5adf-6d8f-42b6-8a0b-93478bb46f4a/value'
18:32:10.564 [AsyncHttpClient-1-4] DEBUG org.asynchttpclient.netty.handler.HttpHandler - 

Request DefaultHttpRequest(decodeResult: success, version: HTTP/1.1)
POST /session/226a03855df97a69929644d49a4b46fe/element/a20b5adf-6d8f-42b6-8a0b-93478bb46f4a/value HTTP/1.1
User-Agent: selenium/4.1.4 (java windows)
Content-Length: 161
Content-Type: application/json; charset=utf-8
host: localhost:62421
accept: */*

Response DefaultHttpResponse(decodeResult: success, version: HTTP/1.1)
HTTP/1.1 200 OK
Content-Type: application/json; charset=utf-8
cache-control: no-cache
content-length: 14

18:32:10.564 [AsyncHttpClient-1-4] DEBUG org.asynchttpclient.netty.channel.ChannelManager - Adding key: http://localhost:62421 for channel [id: 0x06ed3963, L:/127.0.0.1:49948 - R:localhost/127.0.0.1:62421]
18:32:10.566 [Forwarding screenshot on session 226a03855df97a69929644d49a4b46fe to remote] DEBUG org.asynchttpclient.netty.request.NettyRequestSender - Using pooled Channel '[id: 0x06ed3963, L:/127.0.0.1:49948 - R:localhost/127.0.0.1:62421]' for 'GET' to 'http://localhost:62421/session/226a03855df97a69929644d49a4b46fe/screenshot'
18:32:10.566 [Forwarding screenshot on session 226a03855df97a69929644d49a4b46fe to remote] DEBUG org.asynchttpclient.netty.request.NettyRequestSender - Using open Channel [id: 0x06ed3963, L:/127.0.0.1:49948 - R:localhost/127.0.0.1:62421] for GET '/session/226a03855df97a69929644d49a4b46fe/screenshot'
18:32:10.799 [AsyncHttpClient-1-4] DEBUG org.asynchttpclient.netty.handler.HttpHandler - 

Request DefaultFullHttpRequest(decodeResult: success, version: HTTP/1.1, content: EmptyByteBufBE)
GET /session/226a03855df97a69929644d49a4b46fe/screenshot HTTP/1.1
User-Agent: selenium/4.1.4 (java windows)
Cache-Control: no-cache
Content-Type: application/json; charset=utf-8
host: localhost:62421
accept: */*

Response DefaultHttpResponse(decodeResult: success, version: HTTP/1.1)
HTTP/1.1 200 OK
Content-Type: application/json; charset=utf-8
cache-control: no-cache
content-length: 377580

18:32:10.799 [AsyncHttpClient-1-4] DEBUG org.asynchttpclient.netty.channel.ChannelManager - Adding key: http://localhost:62421 for channel [id: 0x06ed3963, L:/127.0.0.1:49948 - R:localhost/127.0.0.1:62421]
18:32:10.816 [main] DEBUG net.serenitybdd.core.photography.Darkroom - Send negative for processing for target\site\serenity\44fa0aa493cf3a3837a7fab79c30bded8f584eda85d2cfd055a7ef5b4e3f0a4a.png
18:32:10.816 [main] DEBUG net.thucydides.core.steps.StepInterceptor - STEP DONE: inputPasswordLogin
  &amp#27;[32mAnd &amp#27;[0m&amp#27;[32mI input &amp#27;[0m&amp#27;[32m&amp#27;[1m"admin123"&amp#27;[0m&amp#27;[32m login password valid&amp#27;[0m                                   &amp#27;[90m# starter.stepdefinitios.LoginSteps.iInputLoginPasswordValid(java.lang.String)&amp#27;[0m
18:32:10.831 [main] DEBUG net.thucydides.core.steps.StepInterceptor - STARTING STEP: LoginSteps.iClickButtonLogin - clickButtonLogin
18:32:10.835 [Forwarding findElement on session 226a03855df97a69929644d49a4b46fe to remote] DEBUG org.asynchttpclient.netty.request.NettyRequestSender - Using pooled Channel '[id: 0x06ed3963, L:/127.0.0.1:49948 - R:localhost/127.0.0.1:62421]' for 'POST' to 'http://localhost:62421/session/226a03855df97a69929644d49a4b46fe/element'
18:32:10.835 [Forwarding findElement on session 226a03855df97a69929644d49a4b46fe to remote] DEBUG org.asynchttpclient.netty.request.NettyRequestSender - Using open Channel [id: 0x06ed3963, L:/127.0.0.1:49948 - R:localhost/127.0.0.1:62421] for POST '/session/226a03855df97a69929644d49a4b46fe/element'
18:32:10.846 [AsyncHttpClient-1-4] DEBUG org.asynchttpclient.netty.handler.HttpHandler - 

Request DefaultHttpRequest(decodeResult: success, version: HTTP/1.1)
POST /session/226a03855df97a69929644d49a4b46fe/element HTTP/1.1
User-Agent: selenium/4.1.4 (java windows)
Content-Length: 68
Content-Type: application/json; charset=utf-8
host: localhost:62421
accept: */*

Response DefaultHttpResponse(decodeResult: success, version: HTTP/1.1)
HTTP/1.1 200 OK
Content-Type: application/json; charset=utf-8
cache-control: no-cache
content-length: 88

18:32:10.846 [AsyncHttpClient-1-4] DEBUG org.asynchttpclient.netty.channel.ChannelManager - Adding key: http://localhost:62421 for channel [id: 0x06ed3963, L:/127.0.0.1:49948 - R:localhost/127.0.0.1:62421]
18:32:10.847 [Forwarding getElementTagName on session 226a03855df97a69929644d49a4b46fe to remote] DEBUG org.asynchttpclient.netty.request.NettyRequestSender - Using pooled Channel '[id: 0x06ed3963, L:/127.0.0.1:49948 - R:localhost/127.0.0.1:62421]' for 'GET' to 'http://localhost:62421/session/226a03855df97a69929644d49a4b46fe/element/14545693-86f5-4240-a73c-294bfe2901de/name'
18:32:10.847 [Forwarding getElementTagName on session 226a03855df97a69929644d49a4b46fe to remote] DEBUG org.asynchttpclient.netty.request.NettyRequestSender - Using open Channel [id: 0x06ed3963, L:/127.0.0.1:49948 - R:localhost/127.0.0.1:62421] for GET '/session/226a03855df97a69929644d49a4b46fe/element/14545693-86f5-4240-a73c-294bfe2901de/name'
18:32:10.850 [AsyncHttpClient-1-4] DEBUG org.asynchttpclient.netty.handler.HttpHandler - 

Request DefaultFullHttpRequest(decodeResult: success, version: HTTP/1.1, content: EmptyByteBufBE)
GET /session/226a03855df97a69929644d49a4b46fe/element/14545693-86f5-4240-a73c-294bfe2901de/name HTTP/1.1
User-Agent: selenium/4.1.4 (java windows)
Cache-Control: no-cache
Content-Type: application/json; charset=utf-8
host: localhost:62421
accept: */*

Response DefaultHttpResponse(decodeResult: success, version: HTTP/1.1)
HTTP/1.1 200 OK
Content-Type: application/json; charset=utf-8
cache-control: no-cache
content-length: 18

18:32:10.851 [AsyncHttpClient-1-4] DEBUG org.asynchttpclient.netty.channel.ChannelManager - Adding key: http://localhost:62421 for channel [id: 0x06ed3963, L:/127.0.0.1:49948 - R:localhost/127.0.0.1:62421]
18:32:10.851 [Forwarding getElementTagName on session 226a03855df97a69929644d49a4b46fe to remote] DEBUG org.asynchttpclient.netty.request.NettyRequestSender - Using pooled Channel '[id: 0x06ed3963, L:/127.0.0.1:49948 - R:localhost/127.0.0.1:62421]' for 'GET' to 'http://localhost:62421/session/226a03855df97a69929644d49a4b46fe/element/14545693-86f5-4240-a73c-294bfe2901de/name'
18:32:10.851 [Forwarding getElementTagName on session 226a03855df97a69929644d49a4b46fe to remote] DEBUG org.asynchttpclient.netty.request.NettyRequestSender - Using open Channel [id: 0x06ed3963, L:/127.0.0.1:49948 - R:localhost/127.0.0.1:62421] for GET '/session/226a03855df97a69929644d49a4b46fe/element/14545693-86f5-4240-a73c-294bfe2901de/name'
18:32:10.853 [AsyncHttpClient-1-4] DEBUG org.asynchttpclient.netty.handler.HttpHandler - 

Request DefaultFullHttpRequest(decodeResult: success, version: HTTP/1.1, content: EmptyByteBufBE)
GET /session/226a03855df97a69929644d49a4b46fe/element/14545693-86f5-4240-a73c-294bfe2901de/name HTTP/1.1
User-Agent: selenium/4.1.4 (java windows)
Cache-Control: no-cache
Content-Type: application/json; charset=utf-8
host: localhost:62421
accept: */*

Response DefaultHttpResponse(decodeResult: success, version: HTTP/1.1)
HTTP/1.1 200 OK
Content-Type: application/json; charset=utf-8
cache-control: no-cache
content-length: 18

18:32:10.854 [AsyncHttpClient-1-4] DEBUG org.asynchttpclient.netty.channel.ChannelManager - Adding key: http://localhost:62421 for channel [id: 0x06ed3963, L:/127.0.0.1:49948 - R:localhost/127.0.0.1:62421]
18:32:10.856 [Forwarding isElementEnabled on session 226a03855df97a69929644d49a4b46fe to remote] DEBUG org.asynchttpclient.netty.request.NettyRequestSender - Using pooled Channel '[id: 0x06ed3963, L:/127.0.0.1:49948 - R:localhost/127.0.0.1:62421]' for 'GET' to 'http://localhost:62421/session/226a03855df97a69929644d49a4b46fe/element/14545693-86f5-4240-a73c-294bfe2901de/enabled'
18:32:10.856 [Forwarding isElementEnabled on session 226a03855df97a69929644d49a4b46fe to remote] DEBUG org.asynchttpclient.netty.request.NettyRequestSender - Using open Channel [id: 0x06ed3963, L:/127.0.0.1:49948 - R:localhost/127.0.0.1:62421] for GET '/session/226a03855df97a69929644d49a4b46fe/element/14545693-86f5-4240-a73c-294bfe2901de/enabled'
18:32:10.864 [AsyncHttpClient-1-4] DEBUG org.asynchttpclient.netty.handler.HttpHandler - 

Request DefaultFullHttpRequest(decodeResult: success, version: HTTP/1.1, content: EmptyByteBufBE)
GET /session/226a03855df97a69929644d49a4b46fe/element/14545693-86f5-4240-a73c-294bfe2901de/enabled HTTP/1.1
User-Agent: selenium/4.1.4 (java windows)
Cache-Control: no-cache
Content-Type: application/json; charset=utf-8
host: localhost:62421
accept: */*

Response DefaultHttpResponse(decodeResult: success, version: HTTP/1.1)
HTTP/1.1 200 OK
Content-Type: application/json; charset=utf-8
cache-control: no-cache
content-length: 14

18:32:10.864 [AsyncHttpClient-1-4] DEBUG org.asynchttpclient.netty.channel.ChannelManager - Adding key: http://localhost:62421 for channel [id: 0x06ed3963, L:/127.0.0.1:49948 - R:localhost/127.0.0.1:62421]
18:32:10.866 [Forwarding isElementEnabled on session 226a03855df97a69929644d49a4b46fe to remote] DEBUG org.asynchttpclient.netty.request.NettyRequestSender - Using pooled Channel '[id: 0x06ed3963, L:/127.0.0.1:49948 - R:localhost/127.0.0.1:62421]' for 'GET' to 'http://localhost:62421/session/226a03855df97a69929644d49a4b46fe/element/14545693-86f5-4240-a73c-294bfe2901de/enabled'
18:32:10.866 [Forwarding isElementEnabled on session 226a03855df97a69929644d49a4b46fe to remote] DEBUG org.asynchttpclient.netty.request.NettyRequestSender - Using open Channel [id: 0x06ed3963, L:/127.0.0.1:49948 - R:localhost/127.0.0.1:62421] for GET '/session/226a03855df97a69929644d49a4b46fe/element/14545693-86f5-4240-a73c-294bfe2901de/enabled'
18:32:10.870 [AsyncHttpClient-1-4] DEBUG org.asynchttpclient.netty.handler.HttpHandler - 

Request DefaultFullHttpRequest(decodeResult: success, version: HTTP/1.1, content: EmptyByteBufBE)
GET /session/226a03855df97a69929644d49a4b46fe/element/14545693-86f5-4240-a73c-294bfe2901de/enabled HTTP/1.1
User-Agent: selenium/4.1.4 (java windows)
Cache-Control: no-cache
Content-Type: application/json; charset=utf-8
host: localhost:62421
accept: */*

Response DefaultHttpResponse(decodeResult: success, version: HTTP/1.1)
HTTP/1.1 200 OK
Content-Type: application/json; charset=utf-8
cache-control: no-cache
content-length: 14

18:32:10.870 [AsyncHttpClient-1-4] DEBUG org.asynchttpclient.netty.channel.ChannelManager - Adding key: http://localhost:62421 for channel [id: 0x06ed3963, L:/127.0.0.1:49948 - R:localhost/127.0.0.1:62421]
18:32:10.871 [Forwarding findElement on session 226a03855df97a69929644d49a4b46fe to remote] DEBUG org.asynchttpclient.netty.request.NettyRequestSender - Using pooled Channel '[id: 0x06ed3963, L:/127.0.0.1:49948 - R:localhost/127.0.0.1:62421]' for 'POST' to 'http://localhost:62421/session/226a03855df97a69929644d49a4b46fe/element'
18:32:10.871 [Forwarding findElement on session 226a03855df97a69929644d49a4b46fe to remote] DEBUG org.asynchttpclient.netty.request.NettyRequestSender - Using open Channel [id: 0x06ed3963, L:/127.0.0.1:49948 - R:localhost/127.0.0.1:62421] for POST '/session/226a03855df97a69929644d49a4b46fe/element'
18:32:10.879 [AsyncHttpClient-1-4] DEBUG org.asynchttpclient.netty.handler.HttpHandler - 

Request DefaultHttpRequest(decodeResult: success, version: HTTP/1.1)
POST /session/226a03855df97a69929644d49a4b46fe/element HTTP/1.1
User-Agent: selenium/4.1.4 (java windows)
Content-Length: 68
Content-Type: application/json; charset=utf-8
host: localhost:62421
accept: */*

Response DefaultHttpResponse(decodeResult: success, version: HTTP/1.1)
HTTP/1.1 200 OK
Content-Type: application/json; charset=utf-8
cache-control: no-cache
content-length: 88

18:32:10.879 [AsyncHttpClient-1-4] DEBUG org.asynchttpclient.netty.channel.ChannelManager - Adding key: http://localhost:62421 for channel [id: 0x06ed3963, L:/127.0.0.1:49948 - R:localhost/127.0.0.1:62421]
18:32:10.879 [Forwarding clickElement on session 226a03855df97a69929644d49a4b46fe to remote] DEBUG org.asynchttpclient.netty.request.NettyRequestSender - Using pooled Channel '[id: 0x06ed3963, L:/127.0.0.1:49948 - R:localhost/127.0.0.1:62421]' for 'POST' to 'http://localhost:62421/session/226a03855df97a69929644d49a4b46fe/element/14545693-86f5-4240-a73c-294bfe2901de/click'
18:32:10.879 [Forwarding clickElement on session 226a03855df97a69929644d49a4b46fe to remote] DEBUG org.asynchttpclient.netty.request.NettyRequestSender - Using open Channel [id: 0x06ed3963, L:/127.0.0.1:49948 - R:localhost/127.0.0.1:62421] for POST '/session/226a03855df97a69929644d49a4b46fe/element/14545693-86f5-4240-a73c-294bfe2901de/click'
18:32:10.937 [AsyncHttpClient-1-4] DEBUG org.asynchttpclient.netty.handler.HttpHandler - 

Request DefaultHttpRequest(decodeResult: success, version: HTTP/1.1)
POST /session/226a03855df97a69929644d49a4b46fe/element/14545693-86f5-4240-a73c-294bfe2901de/click HTTP/1.1
User-Agent: selenium/4.1.4 (java windows)
Content-Length: 50
Content-Type: application/json; charset=utf-8
host: localhost:62421
accept: */*

Response DefaultHttpResponse(decodeResult: success, version: HTTP/1.1)
HTTP/1.1 200 OK
Content-Type: application/json; charset=utf-8
cache-control: no-cache
content-length: 14

18:32:10.937 [AsyncHttpClient-1-4] DEBUG org.asynchttpclient.netty.channel.ChannelManager - Adding key: http://localhost:62421 for channel [id: 0x06ed3963, L:/127.0.0.1:49948 - R:localhost/127.0.0.1:62421]
18:32:10.950 [Forwarding screenshot on session 226a03855df97a69929644d49a4b46fe to remote] DEBUG org.asynchttpclient.netty.request.NettyRequestSender - Using pooled Channel '[id: 0x06ed3963, L:/127.0.0.1:49948 - R:localhost/127.0.0.1:62421]' for 'GET' to 'http://localhost:62421/session/226a03855df97a69929644d49a4b46fe/screenshot'
18:32:10.950 [Forwarding screenshot on session 226a03855df97a69929644d49a4b46fe to remote] DEBUG org.asynchttpclient.netty.request.NettyRequestSender - Using open Channel [id: 0x06ed3963, L:/127.0.0.1:49948 - R:localhost/127.0.0.1:62421] for GET '/session/226a03855df97a69929644d49a4b46fe/screenshot'
18:32:11.227 [AsyncHttpClient-1-4] DEBUG org.asynchttpclient.netty.handler.HttpHandler - 

Request DefaultFullHttpRequest(decodeResult: success, version: HTTP/1.1, content: EmptyByteBufBE)
GET /session/226a03855df97a69929644d49a4b46fe/screenshot HTTP/1.1
User-Agent: selenium/4.1.4 (java windows)
Cache-Control: no-cache
Content-Type: application/json; charset=utf-8
host: localhost:62421
accept: */*

Response DefaultHttpResponse(decodeResult: success, version: HTTP/1.1)
HTTP/1.1 200 OK
Content-Type: application/json; charset=utf-8
cache-control: no-cache
content-length: 342716

18:32:11.228 [AsyncHttpClient-1-4] DEBUG org.asynchttpclient.netty.channel.ChannelManager - Adding key: http://localhost:62421 for channel [id: 0x06ed3963, L:/127.0.0.1:49948 - R:localhost/127.0.0.1:62421]
18:32:11.237 [main] DEBUG net.serenitybdd.core.photography.Darkroom - Send negative for processing for target\site\serenity\15e2ff6e2ee234a81cb212b7d1809561bf79370e0eecbf5db28faed9380f2b14.png
18:32:11.237 [main] DEBUG net.thucydides.core.steps.StepInterceptor - STEP DONE: clickButtonLogin
18:32:11.237 [AsyncHttpClient-1-1] DEBUG org.asynchttpclient.netty.channel.DefaultChannelPool - Entry count for : http://localhost:62421 : 1
18:32:11.237 [AsyncHttpClient-1-1] DEBUG org.asynchttpclient.netty.channel.DefaultChannelPool - Entry count for : http://localhost:49949 : 1
  &amp#27;[32mAnd &amp#27;[0m&amp#27;[32mI click button login&amp#27;[0m                                                      &amp#27;[90m# starter.stepdefinitios.LoginSteps.iClickButtonLogin()&amp#27;[0m
18:32:12.257 [Forwarding screenshot on session 226a03855df97a69929644d49a4b46fe to remote] DEBUG org.asynchttpclient.netty.request.NettyRequestSender - Using pooled Channel '[id: 0x06ed3963, L:/127.0.0.1:49948 - R:localhost/127.0.0.1:62421]' for 'GET' to 'http://localhost:62421/session/226a03855df97a69929644d49a4b46fe/screenshot'
18:32:12.257 [Forwarding screenshot on session 226a03855df97a69929644d49a4b46fe to remote] DEBUG org.asynchttpclient.netty.request.NettyRequestSender - Using open Channel [id: 0x06ed3963, L:/127.0.0.1:49948 - R:localhost/127.0.0.1:62421] for GET '/session/226a03855df97a69929644d49a4b46fe/screenshot'
18:32:12.339 [AsyncHttpClient-1-1] DEBUG org.asynchttpclient.netty.channel.DefaultChannelPool - Entry count for : http://localhost:49949 : 1
18:32:12.533 [AsyncHttpClient-1-4] DEBUG org.asynchttpclient.netty.handler.HttpHandler - 

Request DefaultFullHttpRequest(decodeResult: success, version: HTTP/1.1, content: EmptyByteBufBE)
GET /session/226a03855df97a69929644d49a4b46fe/screenshot HTTP/1.1
User-Agent: selenium/4.1.4 (java windows)
Cache-Control: no-cache
Content-Type: application/json; charset=utf-8
host: localhost:62421
accept: */*

Response DefaultHttpResponse(decodeResult: success, version: HTTP/1.1)
HTTP/1.1 200 OK
Content-Type: application/json; charset=utf-8
cache-control: no-cache
content-length: 313188

18:32:12.533 [AsyncHttpClient-1-4] DEBUG org.asynchttpclient.netty.channel.ChannelManager - Adding key: http://localhost:62421 for channel [id: 0x06ed3963, L:/127.0.0.1:49948 - R:localhost/127.0.0.1:62421]
18:32:12.544 [main] DEBUG net.serenitybdd.core.photography.Darkroom - Send negative for processing for target\site\serenity\621941b3d5f3f1a7c111dad4ef0e6d231a34d13928b74b74b183eaa122a0403c.png
18:32:12.544 [Darkroom Processing Line] DEBUG net.serenitybdd.core.photography.DarkroomProcessingLine - Processing screenshot image in /var/screenshots/screenshot-9741666428129649455
18:32:12.544 [Darkroom Processing Line] DEBUG net.serenitybdd.core.photography.DarkroomProcessingLine - Saving screenshot to target\site\serenity\621941b3d5f3f1a7c111dad4ef0e6d231a34d13928b74b74b183eaa122a0403c.png
18:32:13.448 [AsyncHttpClient-1-1] DEBUG org.asynchttpclient.netty.channel.DefaultChannelPool - Entry count for : http://localhost:62421 : 1
18:32:13.448 [AsyncHttpClient-1-1] DEBUG org.asynchttpclient.netty.channel.DefaultChannelPool - Entry count for : http://localhost:49949 : 1
18:32:14.535 [AsyncHttpClient-1-1] DEBUG org.asynchttpclient.netty.channel.DefaultChannelPool - Entry count for : http://localhost:62421 : 1
18:32:14.535 [AsyncHttpClient-1-1] DEBUG org.asynchttpclient.netty.channel.DefaultChannelPool - Entry count for : http://localhost:49949 : 1
18:32:15.635 [AsyncHttpClient-1-1] DEBUG org.asynchttpclient.netty.channel.DefaultChannelPool - Entry count for : http://localhost:62421 : 1
18:32:15.635 [AsyncHttpClient-1-1] DEBUG org.asynchttpclient.netty.channel.DefaultChannelPool - Entry count for : http://localhost:49949 : 1
18:32:16.736 [AsyncHttpClient-1-1] DEBUG org.asynchttpclient.netty.channel.DefaultChannelPool - Entry count for : http://localhost:62421 : 1
18:32:16.736 [AsyncHttpClient-1-1] DEBUG org.asynchttpclient.netty.channel.DefaultChannelPool - Entry count for : http://localhost:49949 : 1
18:32:17.557 [Forwarding findElement on session 226a03855df97a69929644d49a4b46fe to remote] DEBUG org.asynchttpclient.netty.request.NettyRequestSender - Using pooled Channel '[id: 0x06ed3963, L:/127.0.0.1:49948 - R:localhost/127.0.0.1:62421]' for 'POST' to 'http://localhost:62421/session/226a03855df97a69929644d49a4b46fe/element'
18:32:17.557 [Forwarding findElement on session 226a03855df97a69929644d49a4b46fe to remote] DEBUG org.asynchttpclient.netty.request.NettyRequestSender - Using open Channel [id: 0x06ed3963, L:/127.0.0.1:49948 - R:localhost/127.0.0.1:62421] for POST '/session/226a03855df97a69929644d49a4b46fe/element'
18:32:17.576 [AsyncHttpClient-1-4] DEBUG org.asynchttpclient.netty.handler.HttpHandler - 

Request DefaultHttpRequest(decodeResult: success, version: HTTP/1.1)
POST /session/226a03855df97a69929644d49a4b46fe/element HTTP/1.1
User-Agent: selenium/4.1.4 (java windows)
Content-Length: 68
Content-Type: application/json; charset=utf-8
host: localhost:62421
accept: */*

Response DefaultHttpResponse(decodeResult: success, version: HTTP/1.1)
HTTP/1.1 200 OK
Content-Type: application/json; charset=utf-8
cache-control: no-cache
content-length: 88

18:32:17.577 [AsyncHttpClient-1-4] DEBUG org.asynchttpclient.netty.channel.ChannelManager - Adding key: http://localhost:62421 for channel [id: 0x06ed3963, L:/127.0.0.1:49948 - R:localhost/127.0.0.1:62421]
18:32:17.578 [Forwarding isElementEnabled on session 226a03855df97a69929644d49a4b46fe to remote] DEBUG org.asynchttpclient.netty.request.NettyRequestSender - Using pooled Channel '[id: 0x06ed3963, L:/127.0.0.1:49948 - R:localhost/127.0.0.1:62421]' for 'GET' to 'http://localhost:62421/session/226a03855df97a69929644d49a4b46fe/element/02f822e7-a625-487d-ac15-3bedb31ea743/enabled'
18:32:17.578 [Forwarding isElementEnabled on session 226a03855df97a69929644d49a4b46fe to remote] DEBUG org.asynchttpclient.netty.request.NettyRequestSender - Using open Channel [id: 0x06ed3963, L:/127.0.0.1:49948 - R:localhost/127.0.0.1:62421] for GET '/session/226a03855df97a69929644d49a4b46fe/element/02f822e7-a625-487d-ac15-3bedb31ea743/enabled'
18:32:17.587 [AsyncHttpClient-1-4] DEBUG org.asynchttpclient.netty.handler.HttpHandler - 

Request DefaultFullHttpRequest(decodeResult: success, version: HTTP/1.1, content: EmptyByteBufBE)
GET /session/226a03855df97a69929644d49a4b46fe/element/02f822e7-a625-487d-ac15-3bedb31ea743/enabled HTTP/1.1
User-Agent: selenium/4.1.4 (java windows)
Cache-Control: no-cache
Content-Type: application/json; charset=utf-8
host: localhost:62421
accept: */*

Response DefaultHttpResponse(decodeResult: success, version: HTTP/1.1)
HTTP/1.1 200 OK
Content-Type: application/json; charset=utf-8
cache-control: no-cache
content-length: 14

18:32:17.587 [AsyncHttpClient-1-4] DEBUG org.asynchttpclient.netty.channel.ChannelManager - Adding key: http://localhost:62421 for channel [id: 0x06ed3963, L:/127.0.0.1:49948 - R:localhost/127.0.0.1:62421]
18:32:17.835 [AsyncHttpClient-1-1] DEBUG org.asynchttpclient.netty.channel.DefaultChannelPool - Entry count for : http://localhost:62421 : 1
18:32:17.835 [AsyncHttpClient-1-1] DEBUG org.asynchttpclient.netty.channel.DefaultChannelPool - Entry count for : http://localhost:49949 : 1
18:32:18.112 [Forwarding screenshot on session 226a03855df97a69929644d49a4b46fe to remote] DEBUG org.asynchttpclient.netty.request.NettyRequestSender - Using pooled Channel '[id: 0x06ed3963, L:/127.0.0.1:49948 - R:localhost/127.0.0.1:62421]' for 'GET' to 'http://localhost:62421/session/226a03855df97a69929644d49a4b46fe/screenshot'
18:32:18.112 [Forwarding screenshot on session 226a03855df97a69929644d49a4b46fe to remote] DEBUG org.asynchttpclient.netty.request.NettyRequestSender - Using open Channel [id: 0x06ed3963, L:/127.0.0.1:49948 - R:localhost/127.0.0.1:62421] for GET '/session/226a03855df97a69929644d49a4b46fe/screenshot'
18:32:18.333 [AsyncHttpClient-1-4] DEBUG org.asynchttpclient.netty.handler.HttpHandler - 

Request DefaultFullHttpRequest(decodeResult: success, version: HTTP/1.1, content: EmptyByteBufBE)
GET /session/226a03855df97a69929644d49a4b46fe/screenshot HTTP/1.1
User-Agent: selenium/4.1.4 (java windows)
Cache-Control: no-cache
Content-Type: application/json; charset=utf-8
host: localhost:62421
accept: */*

Response DefaultHttpResponse(decodeResult: success, version: HTTP/1.1)
HTTP/1.1 200 OK
Content-Type: application/json; charset=utf-8
cache-control: no-cache
content-length: 301044

18:32:18.333 [AsyncHttpClient-1-4] DEBUG org.asynchttpclient.netty.channel.ChannelManager - Adding key: http://localhost:62421 for channel [id: 0x06ed3963, L:/127.0.0.1:49948 - R:localhost/127.0.0.1:62421]
18:32:18.352 [main] DEBUG net.serenitybdd.core.photography.Darkroom - Send negative for processing for target\site\serenity\163e386af0b12517552a74a3d5043b94e8c0f9215c0f21d464e3b04d27a0859d.png
18:32:18.352 [main] DEBUG net.thucydides.core.steps.StepInterceptor - STARTING STEP: LoginSteps.loginValidationInvalid - clickButtonErrorOK
18:32:18.353 [Forwarding findElement on session 226a03855df97a69929644d49a4b46fe to remote] DEBUG org.asynchttpclient.netty.request.NettyRequestSender - Using pooled Channel '[id: 0x06ed3963, L:/127.0.0.1:49948 - R:localhost/127.0.0.1:62421]' for 'POST' to 'http://localhost:62421/session/226a03855df97a69929644d49a4b46fe/element'
18:32:18.353 [Forwarding findElement on session 226a03855df97a69929644d49a4b46fe to remote] DEBUG org.asynchttpclient.netty.request.NettyRequestSender - Using open Channel [id: 0x06ed3963, L:/127.0.0.1:49948 - R:localhost/127.0.0.1:62421] for POST '/session/226a03855df97a69929644d49a4b46fe/element'
18:32:18.363 [AsyncHttpClient-1-4] DEBUG org.asynchttpclient.netty.handler.HttpHandler - 

Request DefaultHttpRequest(decodeResult: success, version: HTTP/1.1)
POST /session/226a03855df97a69929644d49a4b46fe/element HTTP/1.1
User-Agent: selenium/4.1.4 (java windows)
Content-Length: 88
Content-Type: application/json; charset=utf-8
host: localhost:62421
accept: */*

Response DefaultHttpResponse(decodeResult: success, version: HTTP/1.1)
HTTP/1.1 200 OK
Content-Type: application/json; charset=utf-8
cache-control: no-cache
content-length: 88

18:32:18.363 [AsyncHttpClient-1-4] DEBUG org.asynchttpclient.netty.channel.ChannelManager - Adding key: http://localhost:62421 for channel [id: 0x06ed3963, L:/127.0.0.1:49948 - R:localhost/127.0.0.1:62421]
18:32:18.365 [Forwarding getElementTagName on session 226a03855df97a69929644d49a4b46fe to remote] DEBUG org.asynchttpclient.netty.request.NettyRequestSender - Using pooled Channel '[id: 0x06ed3963, L:/127.0.0.1:49948 - R:localhost/127.0.0.1:62421]' for 'GET' to 'http://localhost:62421/session/226a03855df97a69929644d49a4b46fe/element/9b200e98-fdd2-479c-a248-cd8e2c3d0383/name'
18:32:18.365 [Forwarding getElementTagName on session 226a03855df97a69929644d49a4b46fe to remote] DEBUG org.asynchttpclient.netty.request.NettyRequestSender - Using open Channel [id: 0x06ed3963, L:/127.0.0.1:49948 - R:localhost/127.0.0.1:62421] for GET '/session/226a03855df97a69929644d49a4b46fe/element/9b200e98-fdd2-479c-a248-cd8e2c3d0383/name'
18:32:18.369 [AsyncHttpClient-1-4] DEBUG org.asynchttpclient.netty.handler.HttpHandler - 

Request DefaultFullHttpRequest(decodeResult: success, version: HTTP/1.1, content: EmptyByteBufBE)
GET /session/226a03855df97a69929644d49a4b46fe/element/9b200e98-fdd2-479c-a248-cd8e2c3d0383/name HTTP/1.1
User-Agent: selenium/4.1.4 (java windows)
Cache-Control: no-cache
Content-Type: application/json; charset=utf-8
host: localhost:62421
accept: */*

Response DefaultHttpResponse(decodeResult: success, version: HTTP/1.1)
HTTP/1.1 200 OK
Content-Type: application/json; charset=utf-8
cache-control: no-cache
content-length: 18

18:32:18.369 [AsyncHttpClient-1-4] DEBUG org.asynchttpclient.netty.channel.ChannelManager - Adding key: http://localhost:62421 for channel [id: 0x06ed3963, L:/127.0.0.1:49948 - R:localhost/127.0.0.1:62421]
18:32:18.369 [Forwarding getElementTagName on session 226a03855df97a69929644d49a4b46fe to remote] DEBUG org.asynchttpclient.netty.request.NettyRequestSender - Using pooled Channel '[id: 0x06ed3963, L:/127.0.0.1:49948 - R:localhost/127.0.0.1:62421]' for 'GET' to 'http://localhost:62421/session/226a03855df97a69929644d49a4b46fe/element/9b200e98-fdd2-479c-a248-cd8e2c3d0383/name'
18:32:18.369 [Forwarding getElementTagName on session 226a03855df97a69929644d49a4b46fe to remote] DEBUG org.asynchttpclient.netty.request.NettyRequestSender - Using open Channel [id: 0x06ed3963, L:/127.0.0.1:49948 - R:localhost/127.0.0.1:62421] for GET '/session/226a03855df97a69929644d49a4b46fe/element/9b200e98-fdd2-479c-a248-cd8e2c3d0383/name'
18:32:18.372 [AsyncHttpClient-1-4] DEBUG org.asynchttpclient.netty.handler.HttpHandler - 

Request DefaultFullHttpRequest(decodeResult: success, version: HTTP/1.1, content: EmptyByteBufBE)
GET /session/226a03855df97a69929644d49a4b46fe/element/9b200e98-fdd2-479c-a248-cd8e2c3d0383/name HTTP/1.1
User-Agent: selenium/4.1.4 (java windows)
Cache-Control: no-cache
Content-Type: application/json; charset=utf-8
host: localhost:62421
accept: */*

Response DefaultHttpResponse(decodeResult: success, version: HTTP/1.1)
HTTP/1.1 200 OK
Content-Type: application/json; charset=utf-8
cache-control: no-cache
content-length: 18

18:32:18.372 [AsyncHttpClient-1-4] DEBUG org.asynchttpclient.netty.channel.ChannelManager - Adding key: http://localhost:62421 for channel [id: 0x06ed3963, L:/127.0.0.1:49948 - R:localhost/127.0.0.1:62421]
18:32:18.373 [Forwarding isElementEnabled on session 226a03855df97a69929644d49a4b46fe to remote] DEBUG org.asynchttpclient.netty.request.NettyRequestSender - Using pooled Channel '[id: 0x06ed3963, L:/127.0.0.1:49948 - R:localhost/127.0.0.1:62421]' for 'GET' to 'http://localhost:62421/session/226a03855df97a69929644d49a4b46fe/element/9b200e98-fdd2-479c-a248-cd8e2c3d0383/enabled'
18:32:18.373 [Forwarding isElementEnabled on session 226a03855df97a69929644d49a4b46fe to remote] DEBUG org.asynchttpclient.netty.request.NettyRequestSender - Using open Channel [id: 0x06ed3963, L:/127.0.0.1:49948 - R:localhost/127.0.0.1:62421] for GET '/session/226a03855df97a69929644d49a4b46fe/element/9b200e98-fdd2-479c-a248-cd8e2c3d0383/enabled'
18:32:18.379 [AsyncHttpClient-1-4] DEBUG org.asynchttpclient.netty.handler.HttpHandler - 

Request DefaultFullHttpRequest(decodeResult: success, version: HTTP/1.1, content: EmptyByteBufBE)
GET /session/226a03855df97a69929644d49a4b46fe/element/9b200e98-fdd2-479c-a248-cd8e2c3d0383/enabled HTTP/1.1
User-Agent: selenium/4.1.4 (java windows)
Cache-Control: no-cache
Content-Type: application/json; charset=utf-8
host: localhost:62421
accept: */*

Response DefaultHttpResponse(decodeResult: success, version: HTTP/1.1)
HTTP/1.1 200 OK
Content-Type: application/json; charset=utf-8
cache-control: no-cache
content-length: 14

18:32:18.379 [AsyncHttpClient-1-4] DEBUG org.asynchttpclient.netty.channel.ChannelManager - Adding key: http://localhost:62421 for channel [id: 0x06ed3963, L:/127.0.0.1:49948 - R:localhost/127.0.0.1:62421]
18:32:18.379 [Forwarding isElementEnabled on session 226a03855df97a69929644d49a4b46fe to remote] DEBUG org.asynchttpclient.netty.request.NettyRequestSender - Using pooled Channel '[id: 0x06ed3963, L:/127.0.0.1:49948 - R:localhost/127.0.0.1:62421]' for 'GET' to 'http://localhost:62421/session/226a03855df97a69929644d49a4b46fe/element/9b200e98-fdd2-479c-a248-cd8e2c3d0383/enabled'
18:32:18.379 [Forwarding isElementEnabled on session 226a03855df97a69929644d49a4b46fe to remote] DEBUG org.asynchttpclient.netty.request.NettyRequestSender - Using open Channel [id: 0x06ed3963, L:/127.0.0.1:49948 - R:localhost/127.0.0.1:62421] for GET '/session/226a03855df97a69929644d49a4b46fe/element/9b200e98-fdd2-479c-a248-cd8e2c3d0383/enabled'
18:32:18.384 [AsyncHttpClient-1-4] DEBUG org.asynchttpclient.netty.handler.HttpHandler - 

Request DefaultFullHttpRequest(decodeResult: success, version: HTTP/1.1, content: EmptyByteBufBE)
GET /session/226a03855df97a69929644d49a4b46fe/element/9b200e98-fdd2-479c-a248-cd8e2c3d0383/enabled HTTP/1.1
User-Agent: selenium/4.1.4 (java windows)
Cache-Control: no-cache
Content-Type: application/json; charset=utf-8
host: localhost:62421
accept: */*

Response DefaultHttpResponse(decodeResult: success, version: HTTP/1.1)
HTTP/1.1 200 OK
Content-Type: application/json; charset=utf-8
cache-control: no-cache
content-length: 14

18:32:18.384 [AsyncHttpClient-1-4] DEBUG org.asynchttpclient.netty.channel.ChannelManager - Adding key: http://localhost:62421 for channel [id: 0x06ed3963, L:/127.0.0.1:49948 - R:localhost/127.0.0.1:62421]
18:32:18.385 [Forwarding findElement on session 226a03855df97a69929644d49a4b46fe to remote] DEBUG org.asynchttpclient.netty.request.NettyRequestSender - Using pooled Channel '[id: 0x06ed3963, L:/127.0.0.1:49948 - R:localhost/127.0.0.1:62421]' for 'POST' to 'http://localhost:62421/session/226a03855df97a69929644d49a4b46fe/element'
18:32:18.385 [Forwarding findElement on session 226a03855df97a69929644d49a4b46fe to remote] DEBUG org.asynchttpclient.netty.request.NettyRequestSender - Using open Channel [id: 0x06ed3963, L:/127.0.0.1:49948 - R:localhost/127.0.0.1:62421] for POST '/session/226a03855df97a69929644d49a4b46fe/element'
18:32:18.391 [AsyncHttpClient-1-4] DEBUG org.asynchttpclient.netty.handler.HttpHandler - 

Request DefaultHttpRequest(decodeResult: success, version: HTTP/1.1)
POST /session/226a03855df97a69929644d49a4b46fe/element HTTP/1.1
User-Agent: selenium/4.1.4 (java windows)
Content-Length: 88
Content-Type: application/json; charset=utf-8
host: localhost:62421
accept: */*

Response DefaultHttpResponse(decodeResult: success, version: HTTP/1.1)
HTTP/1.1 200 OK
Content-Type: application/json; charset=utf-8
cache-control: no-cache
content-length: 88

18:32:18.391 [AsyncHttpClient-1-4] DEBUG org.asynchttpclient.netty.channel.ChannelManager - Adding key: http://localhost:62421 for channel [id: 0x06ed3963, L:/127.0.0.1:49948 - R:localhost/127.0.0.1:62421]
18:32:18.391 [Forwarding clickElement on session 226a03855df97a69929644d49a4b46fe to remote] DEBUG org.asynchttpclient.netty.request.NettyRequestSender - Using pooled Channel '[id: 0x06ed3963, L:/127.0.0.1:49948 - R:localhost/127.0.0.1:62421]' for 'POST' to 'http://localhost:62421/session/226a03855df97a69929644d49a4b46fe/element/9b200e98-fdd2-479c-a248-cd8e2c3d0383/click'
18:32:18.391 [Forwarding clickElement on session 226a03855df97a69929644d49a4b46fe to remote] DEBUG org.asynchttpclient.netty.request.NettyRequestSender - Using open Channel [id: 0x06ed3963, L:/127.0.0.1:49948 - R:localhost/127.0.0.1:62421] for POST '/session/226a03855df97a69929644d49a4b46fe/element/9b200e98-fdd2-479c-a248-cd8e2c3d0383/click'
18:32:18.453 [AsyncHttpClient-1-4] DEBUG org.asynchttpclient.netty.handler.HttpHandler - 

Request DefaultHttpRequest(decodeResult: success, version: HTTP/1.1)
POST /session/226a03855df97a69929644d49a4b46fe/element/9b200e98-fdd2-479c-a248-cd8e2c3d0383/click HTTP/1.1
User-Agent: selenium/4.1.4 (java windows)
Content-Length: 50
Content-Type: application/json; charset=utf-8
host: localhost:62421
accept: */*

Response DefaultHttpResponse(decodeResult: success, version: HTTP/1.1)
HTTP/1.1 200 OK
Content-Type: application/json; charset=utf-8
cache-control: no-cache
content-length: 14

18:32:18.453 [AsyncHttpClient-1-4] DEBUG org.asynchttpclient.netty.channel.ChannelManager - Adding key: http://localhost:62421 for channel [id: 0x06ed3963, L:/127.0.0.1:49948 - R:localhost/127.0.0.1:62421]
18:32:18.457 [Forwarding screenshot on session 226a03855df97a69929644d49a4b46fe to remote] DEBUG org.asynchttpclient.netty.request.NettyRequestSender - Using pooled Channel '[id: 0x06ed3963, L:/127.0.0.1:49948 - R:localhost/127.0.0.1:62421]' for 'GET' to 'http://localhost:62421/session/226a03855df97a69929644d49a4b46fe/screenshot'
18:32:18.457 [Forwarding screenshot on session 226a03855df97a69929644d49a4b46fe to remote] DEBUG org.asynchttpclient.netty.request.NettyRequestSender - Using open Channel [id: 0x06ed3963, L:/127.0.0.1:49948 - R:localhost/127.0.0.1:62421] for GET '/session/226a03855df97a69929644d49a4b46fe/screenshot'
18:32:18.701 [AsyncHttpClient-1-4] DEBUG org.asynchttpclient.netty.handler.HttpHandler - 

Request DefaultFullHttpRequest(decodeResult: success, version: HTTP/1.1, content: EmptyByteBufBE)
GET /session/226a03855df97a69929644d49a4b46fe/screenshot HTTP/1.1
User-Agent: selenium/4.1.4 (java windows)
Cache-Control: no-cache
Content-Type: application/json; charset=utf-8
host: localhost:62421
accept: */*

Response DefaultHttpResponse(decodeResult: success, version: HTTP/1.1)
HTTP/1.1 200 OK
Content-Type: application/json; charset=utf-8
cache-control: no-cache
content-length: 74708

18:32:18.701 [AsyncHttpClient-1-4] DEBUG org.asynchttpclient.netty.channel.ChannelManager - Adding key: http://localhost:62421 for channel [id: 0x06ed3963, L:/127.0.0.1:49948 - R:localhost/127.0.0.1:62421]
18:32:18.703 [main] DEBUG net.serenitybdd.core.photography.Darkroom - Send negative for processing for target\site\serenity\933c20b489b73314b8ec70448b6e9fbd4fb8d564232de3f8d35b0d52c80adab4.png
18:32:18.703 [main] DEBUG net.thucydides.core.steps.StepInterceptor - STEP DONE: clickButtonErrorOK
  &amp#27;[32mAnd &amp#27;[0m&amp#27;[32mLogin validation invalid&amp#27;[0m                                                  &amp#27;[90m# starter.stepdefinitios.LoginSteps.loginValidationInvalid()&amp#27;[0m
18:32:18.703 [Darkroom Processing Line] DEBUG net.serenitybdd.core.photography.DarkroomProcessingLine - Processing screenshot image in /var/screenshots/screenshot-11700665050739908993
18:32:18.703 [Darkroom Processing Line] DEBUG net.serenitybdd.core.photography.DarkroomProcessingLine - Saving screenshot to target\site\serenity\933c20b489b73314b8ec70448b6e9fbd4fb8d564232de3f8d35b0d52c80adab4.png
18:32:18.941 [AsyncHttpClient-1-1] DEBUG org.asynchttpclient.netty.channel.DefaultChannelPool - Entry count for : http://localhost:62421 : 1
18:32:18.941 [AsyncHttpClient-1-1] DEBUG org.asynchttpclient.netty.channel.DefaultChannelPool - Entry count for : http://localhost:49949 : 1
18:32:20.051 [AsyncHttpClient-1-1] DEBUG org.asynchttpclient.netty.channel.DefaultChannelPool - Entry count for : http://localhost:62421 : 1
18:32:20.051 [AsyncHttpClient-1-1] DEBUG org.asynchttpclient.netty.channel.DefaultChannelPool - Entry count for : http://localhost:49949 : 1
18:32:21.151 [AsyncHttpClient-1-1] DEBUG org.asynchttpclient.netty.channel.DefaultChannelPool - Entry count for : http://localhost:62421 : 1
18:32:21.151 [AsyncHttpClient-1-1] DEBUG org.asynchttpclient.netty.channel.DefaultChannelPool - Entry count for : http://localhost:49949 : 1
18:32:22.241 [AsyncHttpClient-1-1] DEBUG org.asynchttpclient.netty.channel.DefaultChannelPool - Entry count for : http://localhost:62421 : 1
18:32:22.241 [AsyncHttpClient-1-1] DEBUG org.asynchttpclient.netty.channel.DefaultChannelPool - Entry count for : http://localhost:49949 : 1
18:32:23.335 [AsyncHttpClient-1-1] DEBUG org.asynchttpclient.netty.channel.DefaultChannelPool - Entry count for : http://localhost:62421 : 1
18:32:23.335 [AsyncHttpClient-1-1] DEBUG org.asynchttpclient.netty.channel.DefaultChannelPool - Entry count for : http://localhost:49949 : 1
18:32:23.738 [Forwarding screenshot on session 226a03855df97a69929644d49a4b46fe to remote] DEBUG org.asynchttpclient.netty.request.NettyRequestSender - Using pooled Channel '[id: 0x06ed3963, L:/127.0.0.1:49948 - R:localhost/127.0.0.1:62421]' for 'GET' to 'http://localhost:62421/session/226a03855df97a69929644d49a4b46fe/screenshot'
18:32:23.738 [Forwarding screenshot on session 226a03855df97a69929644d49a4b46fe to remote] DEBUG org.asynchttpclient.netty.request.NettyRequestSender - Using open Channel [id: 0x06ed3963, L:/127.0.0.1:49948 - R:localhost/127.0.0.1:62421] for GET '/session/226a03855df97a69929644d49a4b46fe/screenshot'
18:32:23.900 [AsyncHttpClient-1-4] DEBUG org.asynchttpclient.netty.handler.HttpHandler - 

Request DefaultFullHttpRequest(decodeResult: success, version: HTTP/1.1, content: EmptyByteBufBE)
GET /session/226a03855df97a69929644d49a4b46fe/screenshot HTTP/1.1
User-Agent: selenium/4.1.4 (java windows)
Cache-Control: no-cache
Content-Type: application/json; charset=utf-8
host: localhost:62421
accept: */*

Response DefaultHttpResponse(decodeResult: success, version: HTTP/1.1)
HTTP/1.1 200 OK
Content-Type: application/json; charset=utf-8
cache-control: no-cache
content-length: 78860

18:32:23.900 [AsyncHttpClient-1-4] DEBUG org.asynchttpclient.netty.channel.ChannelManager - Adding key: http://localhost:62421 for channel [id: 0x06ed3963, L:/127.0.0.1:49948 - R:localhost/127.0.0.1:62421]
18:32:23.900 [main] DEBUG net.serenitybdd.core.photography.Darkroom - Send negative for processing for target\site\serenity\e3902e4e6d497170d59aa0c0c2930d955492166dca27ad580f2b08c08bf103aa.png
18:32:23.900 [main] DEBUG net.thucydides.core.steps.StepInterceptor - STARTING STEP: PatientDataSteps.clickButtonDataPasien - clickButtonDataPasien
18:32:23.909 [Forwarding findElement on session 226a03855df97a69929644d49a4b46fe to remote] DEBUG org.asynchttpclient.netty.request.NettyRequestSender - Using pooled Channel '[id: 0x06ed3963, L:/127.0.0.1:49948 - R:localhost/127.0.0.1:62421]' for 'POST' to 'http://localhost:62421/session/226a03855df97a69929644d49a4b46fe/element'
18:32:23.909 [Forwarding findElement on session 226a03855df97a69929644d49a4b46fe to remote] DEBUG org.asynchttpclient.netty.request.NettyRequestSender - Using open Channel [id: 0x06ed3963, L:/127.0.0.1:49948 - R:localhost/127.0.0.1:62421] for POST '/session/226a03855df97a69929644d49a4b46fe/element'
18:32:23.928 [AsyncHttpClient-1-4] DEBUG org.asynchttpclient.netty.handler.HttpHandler - 

Request DefaultHttpRequest(decodeResult: success, version: HTTP/1.1)
POST /session/226a03855df97a69929644d49a4b46fe/element HTTP/1.1
User-Agent: selenium/4.1.4 (java windows)
Content-Length: 114
Content-Type: application/json; charset=utf-8
host: localhost:62421
accept: */*

Response DefaultHttpResponse(decodeResult: success, version: HTTP/1.1)
HTTP/1.1 200 OK
Content-Type: application/json; charset=utf-8
cache-control: no-cache
content-length: 88

18:32:23.928 [AsyncHttpClient-1-4] DEBUG org.asynchttpclient.netty.channel.ChannelManager - Adding key: http://localhost:62421 for channel [id: 0x06ed3963, L:/127.0.0.1:49948 - R:localhost/127.0.0.1:62421]
18:32:23.929 [Forwarding getElementTagName on session 226a03855df97a69929644d49a4b46fe to remote] DEBUG org.asynchttpclient.netty.request.NettyRequestSender - Using pooled Channel '[id: 0x06ed3963, L:/127.0.0.1:49948 - R:localhost/127.0.0.1:62421]' for 'GET' to 'http://localhost:62421/session/226a03855df97a69929644d49a4b46fe/element/dd3ec1c6-491d-44b9-b71b-95c2f6bfd3c1/name'
18:32:23.929 [Forwarding getElementTagName on session 226a03855df97a69929644d49a4b46fe to remote] DEBUG org.asynchttpclient.netty.request.NettyRequestSender - Using open Channel [id: 0x06ed3963, L:/127.0.0.1:49948 - R:localhost/127.0.0.1:62421] for GET '/session/226a03855df97a69929644d49a4b46fe/element/dd3ec1c6-491d-44b9-b71b-95c2f6bfd3c1/name'
18:32:23.936 [AsyncHttpClient-1-4] DEBUG org.asynchttpclient.netty.handler.HttpHandler - 

Request DefaultFullHttpRequest(decodeResult: success, version: HTTP/1.1, content: EmptyByteBufBE)
GET /session/226a03855df97a69929644d49a4b46fe/element/dd3ec1c6-491d-44b9-b71b-95c2f6bfd3c1/name HTTP/1.1
User-Agent: selenium/4.1.4 (java windows)
Cache-Control: no-cache
Content-Type: application/json; charset=utf-8
host: localhost:62421
accept: */*

Response DefaultHttpResponse(decodeResult: success, version: HTTP/1.1)
HTTP/1.1 200 OK
Content-Type: application/json; charset=utf-8
cache-control: no-cache
content-length: 13

18:32:23.936 [AsyncHttpClient-1-4] DEBUG org.asynchttpclient.netty.channel.ChannelManager - Adding key: http://localhost:62421 for channel [id: 0x06ed3963, L:/127.0.0.1:49948 - R:localhost/127.0.0.1:62421]
18:32:23.937 [Forwarding getElementTagName on session 226a03855df97a69929644d49a4b46fe to remote] DEBUG org.asynchttpclient.netty.request.NettyRequestSender - Using pooled Channel '[id: 0x06ed3963, L:/127.0.0.1:49948 - R:localhost/127.0.0.1:62421]' for 'GET' to 'http://localhost:62421/session/226a03855df97a69929644d49a4b46fe/element/dd3ec1c6-491d-44b9-b71b-95c2f6bfd3c1/name'
18:32:23.938 [Forwarding getElementTagName on session 226a03855df97a69929644d49a4b46fe to remote] DEBUG org.asynchttpclient.netty.request.NettyRequestSender - Using open Channel [id: 0x06ed3963, L:/127.0.0.1:49948 - R:localhost/127.0.0.1:62421] for GET '/session/226a03855df97a69929644d49a4b46fe/element/dd3ec1c6-491d-44b9-b71b-95c2f6bfd3c1/name'
18:32:23.944 [AsyncHttpClient-1-4] DEBUG org.asynchttpclient.netty.handler.HttpHandler - 

Request DefaultFullHttpRequest(decodeResult: success, version: HTTP/1.1, content: EmptyByteBufBE)
GET /session/226a03855df97a69929644d49a4b46fe/element/dd3ec1c6-491d-44b9-b71b-95c2f6bfd3c1/name HTTP/1.1
User-Agent: selenium/4.1.4 (java windows)
Cache-Control: no-cache
Content-Type: application/json; charset=utf-8
host: localhost:62421
accept: */*

Response DefaultHttpResponse(decodeResult: success, version: HTTP/1.1)
HTTP/1.1 200 OK
Content-Type: application/json; charset=utf-8
cache-control: no-cache
content-length: 13

18:32:23.944 [AsyncHttpClient-1-4] DEBUG org.asynchttpclient.netty.channel.ChannelManager - Adding key: http://localhost:62421 for channel [id: 0x06ed3963, L:/127.0.0.1:49948 - R:localhost/127.0.0.1:62421]
18:32:23.945 [Forwarding findElement on session 226a03855df97a69929644d49a4b46fe to remote] DEBUG org.asynchttpclient.netty.request.NettyRequestSender - Using pooled Channel '[id: 0x06ed3963, L:/127.0.0.1:49948 - R:localhost/127.0.0.1:62421]' for 'POST' to 'http://localhost:62421/session/226a03855df97a69929644d49a4b46fe/element'
18:32:23.945 [Forwarding findElement on session 226a03855df97a69929644d49a4b46fe to remote] DEBUG org.asynchttpclient.netty.request.NettyRequestSender - Using open Channel [id: 0x06ed3963, L:/127.0.0.1:49948 - R:localhost/127.0.0.1:62421] for POST '/session/226a03855df97a69929644d49a4b46fe/element'
18:32:23.957 [AsyncHttpClient-1-4] DEBUG org.asynchttpclient.netty.handler.HttpHandler - 

Request DefaultHttpRequest(decodeResult: success, version: HTTP/1.1)
POST /session/226a03855df97a69929644d49a4b46fe/element HTTP/1.1
User-Agent: selenium/4.1.4 (java windows)
Content-Length: 114
Content-Type: application/json; charset=utf-8
host: localhost:62421
accept: */*

Response DefaultHttpResponse(decodeResult: success, version: HTTP/1.1)
HTTP/1.1 200 OK
Content-Type: application/json; charset=utf-8
cache-control: no-cache
content-length: 88

18:32:23.958 [AsyncHttpClient-1-4] DEBUG org.asynchttpclient.netty.channel.ChannelManager - Adding key: http://localhost:62421 for channel [id: 0x06ed3963, L:/127.0.0.1:49948 - R:localhost/127.0.0.1:62421]
18:32:23.959 [Forwarding clickElement on session 226a03855df97a69929644d49a4b46fe to remote] DEBUG org.asynchttpclient.netty.request.NettyRequestSender - Using pooled Channel '[id: 0x06ed3963, L:/127.0.0.1:49948 - R:localhost/127.0.0.1:62421]' for 'POST' to 'http://localhost:62421/session/226a03855df97a69929644d49a4b46fe/element/dd3ec1c6-491d-44b9-b71b-95c2f6bfd3c1/click'
18:32:23.959 [Forwarding clickElement on session 226a03855df97a69929644d49a4b46fe to remote] DEBUG org.asynchttpclient.netty.request.NettyRequestSender - Using open Channel [id: 0x06ed3963, L:/127.0.0.1:49948 - R:localhost/127.0.0.1:62421] for POST '/session/226a03855df97a69929644d49a4b46fe/element/dd3ec1c6-491d-44b9-b71b-95c2f6bfd3c1/click'
18:32:24.061 [AsyncHttpClient-1-4] DEBUG org.asynchttpclient.netty.handler.HttpHandler - 

Request DefaultHttpRequest(decodeResult: success, version: HTTP/1.1)
POST /session/226a03855df97a69929644d49a4b46fe/element/dd3ec1c6-491d-44b9-b71b-95c2f6bfd3c1/click HTTP/1.1
User-Agent: selenium/4.1.4 (java windows)
Content-Length: 50
Content-Type: application/json; charset=utf-8
host: localhost:62421
accept: */*

Response DefaultHttpResponse(decodeResult: success, version: HTTP/1.1)
HTTP/1.1 200 OK
Content-Type: application/json; charset=utf-8
cache-control: no-cache
content-length: 14

18:32:24.061 [AsyncHttpClient-1-4] DEBUG org.asynchttpclient.netty.channel.ChannelManager - Adding key: http://localhost:62421 for channel [id: 0x06ed3963, L:/127.0.0.1:49948 - R:localhost/127.0.0.1:62421]
18:32:24.070 [Forwarding screenshot on session 226a03855df97a69929644d49a4b46fe to remote] DEBUG org.asynchttpclient.netty.request.NettyRequestSender - Using pooled Channel '[id: 0x06ed3963, L:/127.0.0.1:49948 - R:localhost/127.0.0.1:62421]' for 'GET' to 'http://localhost:62421/session/226a03855df97a69929644d49a4b46fe/screenshot'
18:32:24.070 [Forwarding screenshot on session 226a03855df97a69929644d49a4b46fe to remote] DEBUG org.asynchttpclient.netty.request.NettyRequestSender - Using open Channel [id: 0x06ed3963, L:/127.0.0.1:49948 - R:localhost/127.0.0.1:62421] for GET '/session/226a03855df97a69929644d49a4b46fe/screenshot'
18:32:24.329 [AsyncHttpClient-1-4] DEBUG org.asynchttpclient.netty.handler.HttpHandler - 

Request DefaultFullHttpRequest(decodeResult: success, version: HTTP/1.1, content: EmptyByteBufBE)
GET /session/226a03855df97a69929644d49a4b46fe/screenshot HTTP/1.1
User-Agent: selenium/4.1.4 (java windows)
Cache-Control: no-cache
Content-Type: application/json; charset=utf-8
host: localhost:62421
accept: */*

Response DefaultHttpResponse(decodeResult: success, version: HTTP/1.1)
HTTP/1.1 200 OK
Content-Type: application/json; charset=utf-8
cache-control: no-cache
content-length: 116048

18:32:24.329 [AsyncHttpClient-1-4] DEBUG org.asynchttpclient.netty.channel.ChannelManager - Adding key: http://localhost:62421 for channel [id: 0x06ed3963, L:/127.0.0.1:49948 - R:localhost/127.0.0.1:62421]
18:32:24.338 [main] DEBUG net.serenitybdd.core.photography.Darkroom - Send negative for processing for target\site\serenity\f9f0cdcaef97b5e4d84593994f52a53951c0649b7a8c464796000f5047958ac5.png
18:32:24.338 [main] DEBUG net.thucydides.core.steps.StepInterceptor - STEP DONE: clickButtonDataPasien
  &amp#27;[32mWhen &amp#27;[0m&amp#27;[32mClick button data pasien&amp#27;[0m                                                 &amp#27;[90m# starter.stepdefinitios.PatientDataSteps.clickButtonDataPasien()&amp#27;[0m
18:32:24.338 [Darkroom Processing Line] DEBUG net.serenitybdd.core.photography.DarkroomProcessingLine - Processing screenshot image in /var/screenshots/screenshot-2419821588384711638
18:32:24.338 [Darkroom Processing Line] DEBUG net.serenitybdd.core.photography.DarkroomProcessingLine - Saving screenshot to target\site\serenity\f9f0cdcaef97b5e4d84593994f52a53951c0649b7a8c464796000f5047958ac5.png
18:32:24.436 [AsyncHttpClient-1-1] DEBUG org.asynchttpclient.netty.channel.DefaultChannelPool - Entry count for : http://localhost:62421 : 1
18:32:24.436 [AsyncHttpClient-1-1] DEBUG org.asynchttpclient.netty.channel.DefaultChannelPool - Entry count for : http://localhost:49949 : 1
18:32:25.548 [AsyncHttpClient-1-1] DEBUG org.asynchttpclient.netty.channel.DefaultChannelPool - Entry count for : http://localhost:62421 : 1
18:32:25.548 [AsyncHttpClient-1-1] DEBUG org.asynchttpclient.netty.channel.DefaultChannelPool - Entry count for : http://localhost:49949 : 1
18:32:26.637 [AsyncHttpClient-1-1] DEBUG org.asynchttpclient.netty.channel.DefaultChannelPool - Entry count for : http://localhost:62421 : 1
18:32:26.637 [AsyncHttpClient-1-1] DEBUG org.asynchttpclient.netty.channel.DefaultChannelPool - Entry count for : http://localhost:49949 : 1
18:32:27.736 [AsyncHttpClient-1-1] DEBUG org.asynchttpclient.netty.channel.DefaultChannelPool - Entry count for : http://localhost:62421 : 1
18:32:27.736 [AsyncHttpClient-1-1] DEBUG org.asynchttpclient.netty.channel.DefaultChannelPool - Entry count for : http://localhost:49949 : 1
18:32:28.836 [AsyncHttpClient-1-1] DEBUG org.asynchttpclient.netty.channel.DefaultChannelPool - Entry count for : http://localhost:62421 : 1
18:32:28.842 [AsyncHttpClient-1-1] DEBUG org.asynchttpclient.netty.channel.DefaultChannelPool - Entry count for : http://localhost:49949 : 1
18:32:29.937 [AsyncHttpClient-1-1] DEBUG org.asynchttpclient.netty.channel.DefaultChannelPool - Entry count for : http://localhost:62421 : 1
18:32:29.937 [AsyncHttpClient-1-1] DEBUG org.asynchttpclient.netty.channel.DefaultChannelPool - Entry count for : http://localhost:49949 : 1
18:32:30.364 [Forwarding screenshot on session 226a03855df97a69929644d49a4b46fe to remote] DEBUG org.asynchttpclient.netty.request.NettyRequestSender - Using pooled Channel '[id: 0x06ed3963, L:/127.0.0.1:49948 - R:localhost/127.0.0.1:62421]' for 'GET' to 'http://localhost:62421/session/226a03855df97a69929644d49a4b46fe/screenshot'
18:32:30.364 [Forwarding screenshot on session 226a03855df97a69929644d49a4b46fe to remote] DEBUG org.asynchttpclient.netty.request.NettyRequestSender - Using open Channel [id: 0x06ed3963, L:/127.0.0.1:49948 - R:localhost/127.0.0.1:62421] for GET '/session/226a03855df97a69929644d49a4b46fe/screenshot'
18:32:30.507 [AsyncHttpClient-1-4] DEBUG org.asynchttpclient.netty.handler.HttpHandler - 

Request DefaultFullHttpRequest(decodeResult: success, version: HTTP/1.1, content: EmptyByteBufBE)
GET /session/226a03855df97a69929644d49a4b46fe/screenshot HTTP/1.1
User-Agent: selenium/4.1.4 (java windows)
Cache-Control: no-cache
Content-Type: application/json; charset=utf-8
host: localhost:62421
accept: */*

Response DefaultHttpResponse(decodeResult: success, version: HTTP/1.1)
HTTP/1.1 200 OK
Content-Type: application/json; charset=utf-8
cache-control: no-cache
content-length: 83448

18:32:30.508 [AsyncHttpClient-1-4] DEBUG org.asynchttpclient.netty.channel.ChannelManager - Adding key: http://localhost:62421 for channel [id: 0x06ed3963, L:/127.0.0.1:49948 - R:localhost/127.0.0.1:62421]
18:32:30.508 [main] DEBUG net.serenitybdd.core.photography.Darkroom - Send negative for processing for target\site\serenity\cdc7d6768bd36f67cb5558b84d3f7cdf2498093267c606387c7df8516ad3c364.png
18:32:30.508 [main] DEBUG net.thucydides.core.steps.StepInterceptor - STARTING STEP: PatientDataSteps.clickButtonTambahData - clickButtonTambah
18:32:30.512 [Forwarding findElement on session 226a03855df97a69929644d49a4b46fe to remote] DEBUG org.asynchttpclient.netty.request.NettyRequestSender - Using pooled Channel '[id: 0x06ed3963, L:/127.0.0.1:49948 - R:localhost/127.0.0.1:62421]' for 'POST' to 'http://localhost:62421/session/226a03855df97a69929644d49a4b46fe/element'
18:32:30.512 [Forwarding findElement on session 226a03855df97a69929644d49a4b46fe to remote] DEBUG org.asynchttpclient.netty.request.NettyRequestSender - Using open Channel [id: 0x06ed3963, L:/127.0.0.1:49948 - R:localhost/127.0.0.1:62421] for POST '/session/226a03855df97a69929644d49a4b46fe/element'
18:32:30.523 [AsyncHttpClient-1-4] DEBUG org.asynchttpclient.netty.handler.HttpHandler - 

Request DefaultHttpRequest(decodeResult: success, version: HTTP/1.1)
POST /session/226a03855df97a69929644d49a4b46fe/element HTTP/1.1
User-Agent: selenium/4.1.4 (java windows)
Content-Length: 68
Content-Type: application/json; charset=utf-8
host: localhost:62421
accept: */*

Response DefaultHttpResponse(decodeResult: success, version: HTTP/1.1)
HTTP/1.1 200 OK
Content-Type: application/json; charset=utf-8
cache-control: no-cache
content-length: 88

18:32:30.523 [AsyncHttpClient-1-4] DEBUG org.asynchttpclient.netty.channel.ChannelManager - Adding key: http://localhost:62421 for channel [id: 0x06ed3963, L:/127.0.0.1:49948 - R:localhost/127.0.0.1:62421]
18:32:30.523 [Forwarding getElementTagName on session 226a03855df97a69929644d49a4b46fe to remote] DEBUG org.asynchttpclient.netty.request.NettyRequestSender - Using pooled Channel '[id: 0x06ed3963, L:/127.0.0.1:49948 - R:localhost/127.0.0.1:62421]' for 'GET' to 'http://localhost:62421/session/226a03855df97a69929644d49a4b46fe/element/970d8bcd-37c1-4aab-b676-ac30164782a7/name'
18:32:30.523 [Forwarding getElementTagName on session 226a03855df97a69929644d49a4b46fe to remote] DEBUG org.asynchttpclient.netty.request.NettyRequestSender - Using open Channel [id: 0x06ed3963, L:/127.0.0.1:49948 - R:localhost/127.0.0.1:62421] for GET '/session/226a03855df97a69929644d49a4b46fe/element/970d8bcd-37c1-4aab-b676-ac30164782a7/name'
18:32:30.527 [AsyncHttpClient-1-4] DEBUG org.asynchttpclient.netty.handler.HttpHandler - 

Request DefaultFullHttpRequest(decodeResult: success, version: HTTP/1.1, content: EmptyByteBufBE)
GET /session/226a03855df97a69929644d49a4b46fe/element/970d8bcd-37c1-4aab-b676-ac30164782a7/name HTTP/1.1
User-Agent: selenium/4.1.4 (java windows)
Cache-Control: no-cache
Content-Type: application/json; charset=utf-8
host: localhost:62421
accept: */*

Response DefaultHttpResponse(decodeResult: success, version: HTTP/1.1)
HTTP/1.1 200 OK
Content-Type: application/json; charset=utf-8
cache-control: no-cache
content-length: 18

18:32:30.527 [AsyncHttpClient-1-4] DEBUG org.asynchttpclient.netty.channel.ChannelManager - Adding key: http://localhost:62421 for channel [id: 0x06ed3963, L:/127.0.0.1:49948 - R:localhost/127.0.0.1:62421]
18:32:30.528 [Forwarding getElementTagName on session 226a03855df97a69929644d49a4b46fe to remote] DEBUG org.asynchttpclient.netty.request.NettyRequestSender - Using pooled Channel '[id: 0x06ed3963, L:/127.0.0.1:49948 - R:localhost/127.0.0.1:62421]' for 'GET' to 'http://localhost:62421/session/226a03855df97a69929644d49a4b46fe/element/970d8bcd-37c1-4aab-b676-ac30164782a7/name'
18:32:30.528 [Forwarding getElementTagName on session 226a03855df97a69929644d49a4b46fe to remote] DEBUG org.asynchttpclient.netty.request.NettyRequestSender - Using open Channel [id: 0x06ed3963, L:/127.0.0.1:49948 - R:localhost/127.0.0.1:62421] for GET '/session/226a03855df97a69929644d49a4b46fe/element/970d8bcd-37c1-4aab-b676-ac30164782a7/name'
18:32:30.532 [AsyncHttpClient-1-4] DEBUG org.asynchttpclient.netty.handler.HttpHandler - 

Request DefaultFullHttpRequest(decodeResult: success, version: HTTP/1.1, content: EmptyByteBufBE)
GET /session/226a03855df97a69929644d49a4b46fe/element/970d8bcd-37c1-4aab-b676-ac30164782a7/name HTTP/1.1
User-Agent: selenium/4.1.4 (java windows)
Cache-Control: no-cache
Content-Type: application/json; charset=utf-8
host: localhost:62421
accept: */*

Response DefaultHttpResponse(decodeResult: success, version: HTTP/1.1)
HTTP/1.1 200 OK
Content-Type: application/json; charset=utf-8
cache-control: no-cache
content-length: 18

18:32:30.532 [AsyncHttpClient-1-4] DEBUG org.asynchttpclient.netty.channel.ChannelManager - Adding key: http://localhost:62421 for channel [id: 0x06ed3963, L:/127.0.0.1:49948 - R:localhost/127.0.0.1:62421]
18:32:30.533 [Forwarding isElementEnabled on session 226a03855df97a69929644d49a4b46fe to remote] DEBUG org.asynchttpclient.netty.request.NettyRequestSender - Using pooled Channel '[id: 0x06ed3963, L:/127.0.0.1:49948 - R:localhost/127.0.0.1:62421]' for 'GET' to 'http://localhost:62421/session/226a03855df97a69929644d49a4b46fe/element/970d8bcd-37c1-4aab-b676-ac30164782a7/enabled'
18:32:30.533 [Forwarding isElementEnabled on session 226a03855df97a69929644d49a4b46fe to remote] DEBUG org.asynchttpclient.netty.request.NettyRequestSender - Using open Channel [id: 0x06ed3963, L:/127.0.0.1:49948 - R:localhost/127.0.0.1:62421] for GET '/session/226a03855df97a69929644d49a4b46fe/element/970d8bcd-37c1-4aab-b676-ac30164782a7/enabled'
18:32:30.540 [AsyncHttpClient-1-4] DEBUG org.asynchttpclient.netty.handler.HttpHandler - 

Request DefaultFullHttpRequest(decodeResult: success, version: HTTP/1.1, content: EmptyByteBufBE)
GET /session/226a03855df97a69929644d49a4b46fe/element/970d8bcd-37c1-4aab-b676-ac30164782a7/enabled HTTP/1.1
User-Agent: selenium/4.1.4 (java windows)
Cache-Control: no-cache
Content-Type: application/json; charset=utf-8
host: localhost:62421
accept: */*

Response DefaultHttpResponse(decodeResult: success, version: HTTP/1.1)
HTTP/1.1 200 OK
Content-Type: application/json; charset=utf-8
cache-control: no-cache
content-length: 14

18:32:30.540 [AsyncHttpClient-1-4] DEBUG org.asynchttpclient.netty.channel.ChannelManager - Adding key: http://localhost:62421 for channel [id: 0x06ed3963, L:/127.0.0.1:49948 - R:localhost/127.0.0.1:62421]
18:32:30.540 [Forwarding isElementEnabled on session 226a03855df97a69929644d49a4b46fe to remote] DEBUG org.asynchttpclient.netty.request.NettyRequestSender - Using pooled Channel '[id: 0x06ed3963, L:/127.0.0.1:49948 - R:localhost/127.0.0.1:62421]' for 'GET' to 'http://localhost:62421/session/226a03855df97a69929644d49a4b46fe/element/970d8bcd-37c1-4aab-b676-ac30164782a7/enabled'
18:32:30.540 [Forwarding isElementEnabled on session 226a03855df97a69929644d49a4b46fe to remote] DEBUG org.asynchttpclient.netty.request.NettyRequestSender - Using open Channel [id: 0x06ed3963, L:/127.0.0.1:49948 - R:localhost/127.0.0.1:62421] for GET '/session/226a03855df97a69929644d49a4b46fe/element/970d8bcd-37c1-4aab-b676-ac30164782a7/enabled'
18:32:30.546 [AsyncHttpClient-1-4] DEBUG org.asynchttpclient.netty.handler.HttpHandler - 

Request DefaultFullHttpRequest(decodeResult: success, version: HTTP/1.1, content: EmptyByteBufBE)
GET /session/226a03855df97a69929644d49a4b46fe/element/970d8bcd-37c1-4aab-b676-ac30164782a7/enabled HTTP/1.1
User-Agent: selenium/4.1.4 (java windows)
Cache-Control: no-cache
Content-Type: application/json; charset=utf-8
host: localhost:62421
accept: */*

Response DefaultHttpResponse(decodeResult: success, version: HTTP/1.1)
HTTP/1.1 200 OK
Content-Type: application/json; charset=utf-8
cache-control: no-cache
content-length: 14

18:32:30.546 [AsyncHttpClient-1-4] DEBUG org.asynchttpclient.netty.channel.ChannelManager - Adding key: http://localhost:62421 for channel [id: 0x06ed3963, L:/127.0.0.1:49948 - R:localhost/127.0.0.1:62421]
18:32:30.547 [Forwarding findElement on session 226a03855df97a69929644d49a4b46fe to remote] DEBUG org.asynchttpclient.netty.request.NettyRequestSender - Using pooled Channel '[id: 0x06ed3963, L:/127.0.0.1:49948 - R:localhost/127.0.0.1:62421]' for 'POST' to 'http://localhost:62421/session/226a03855df97a69929644d49a4b46fe/element'
18:32:30.547 [Forwarding findElement on session 226a03855df97a69929644d49a4b46fe to remote] DEBUG org.asynchttpclient.netty.request.NettyRequestSender - Using open Channel [id: 0x06ed3963, L:/127.0.0.1:49948 - R:localhost/127.0.0.1:62421] for POST '/session/226a03855df97a69929644d49a4b46fe/element'
18:32:30.553 [AsyncHttpClient-1-4] DEBUG org.asynchttpclient.netty.handler.HttpHandler - 

Request DefaultHttpRequest(decodeResult: success, version: HTTP/1.1)
POST /session/226a03855df97a69929644d49a4b46fe/element HTTP/1.1
User-Agent: selenium/4.1.4 (java windows)
Content-Length: 68
Content-Type: application/json; charset=utf-8
host: localhost:62421
accept: */*

Response DefaultHttpResponse(decodeResult: success, version: HTTP/1.1)
HTTP/1.1 200 OK
Content-Type: application/json; charset=utf-8
cache-control: no-cache
content-length: 88

18:32:30.553 [AsyncHttpClient-1-4] DEBUG org.asynchttpclient.netty.channel.ChannelManager - Adding key: http://localhost:62421 for channel [id: 0x06ed3963, L:/127.0.0.1:49948 - R:localhost/127.0.0.1:62421]
18:32:30.554 [Forwarding clickElement on session 226a03855df97a69929644d49a4b46fe to remote] DEBUG org.asynchttpclient.netty.request.NettyRequestSender - Using pooled Channel '[id: 0x06ed3963, L:/127.0.0.1:49948 - R:localhost/127.0.0.1:62421]' for 'POST' to 'http://localhost:62421/session/226a03855df97a69929644d49a4b46fe/element/970d8bcd-37c1-4aab-b676-ac30164782a7/click'
18:32:30.554 [Forwarding clickElement on session 226a03855df97a69929644d49a4b46fe to remote] DEBUG org.asynchttpclient.netty.request.NettyRequestSender - Using open Channel [id: 0x06ed3963, L:/127.0.0.1:49948 - R:localhost/127.0.0.1:62421] for POST '/session/226a03855df97a69929644d49a4b46fe/element/970d8bcd-37c1-4aab-b676-ac30164782a7/click'
18:32:30.667 [AsyncHttpClient-1-4] DEBUG org.asynchttpclient.netty.handler.HttpHandler - 

Request DefaultHttpRequest(decodeResult: success, version: HTTP/1.1)
POST /session/226a03855df97a69929644d49a4b46fe/element/970d8bcd-37c1-4aab-b676-ac30164782a7/click HTTP/1.1
User-Agent: selenium/4.1.4 (java windows)
Content-Length: 50
Content-Type: application/json; charset=utf-8
host: localhost:62421
accept: */*

Response DefaultHttpResponse(decodeResult: success, version: HTTP/1.1)
HTTP/1.1 200 OK
Content-Type: application/json; charset=utf-8
cache-control: no-cache
content-length: 14

18:32:30.667 [AsyncHttpClient-1-4] DEBUG org.asynchttpclient.netty.channel.ChannelManager - Adding key: http://localhost:62421 for channel [id: 0x06ed3963, L:/127.0.0.1:49948 - R:localhost/127.0.0.1:62421]
18:32:30.675 [Forwarding screenshot on session 226a03855df97a69929644d49a4b46fe to remote] DEBUG org.asynchttpclient.netty.request.NettyRequestSender - Using pooled Channel '[id: 0x06ed3963, L:/127.0.0.1:49948 - R:localhost/127.0.0.1:62421]' for 'GET' to 'http://localhost:62421/session/226a03855df97a69929644d49a4b46fe/screenshot'
18:32:30.675 [Forwarding screenshot on session 226a03855df97a69929644d49a4b46fe to remote] DEBUG org.asynchttpclient.netty.request.NettyRequestSender - Using open Channel [id: 0x06ed3963, L:/127.0.0.1:49948 - R:localhost/127.0.0.1:62421] for GET '/session/226a03855df97a69929644d49a4b46fe/screenshot'
18:32:30.831 [AsyncHttpClient-1-4] DEBUG org.asynchttpclient.netty.handler.HttpHandler - 

Request DefaultFullHttpRequest(decodeResult: success, version: HTTP/1.1, content: EmptyByteBufBE)
GET /session/226a03855df97a69929644d49a4b46fe/screenshot HTTP/1.1
User-Agent: selenium/4.1.4 (java windows)
Cache-Control: no-cache
Content-Type: application/json; charset=utf-8
host: localhost:62421
accept: */*

Response DefaultHttpResponse(decodeResult: success, version: HTTP/1.1)
HTTP/1.1 200 OK
Content-Type: application/json; charset=utf-8
cache-control: no-cache
content-length: 44800

18:32:30.831 [AsyncHttpClient-1-4] DEBUG org.asynchttpclient.netty.channel.ChannelManager - Adding key: http://localhost:62421 for channel [id: 0x06ed3963, L:/127.0.0.1:49948 - R:localhost/127.0.0.1:62421]
18:32:30.833 [main] DEBUG net.serenitybdd.core.photography.Darkroom - Send negative for processing for target\site\serenity\9c82b9b38a695ffa4fd8253a749c65cc43444915f5d51c363969de05270db0c1.png
18:32:30.833 [main] DEBUG net.thucydides.core.steps.StepInterceptor - STEP DONE: clickButtonTambah
  &amp#27;[32mAnd &amp#27;[0m&amp#27;[32mClick button tambah data&amp#27;[0m                                                  &amp#27;[90m# starter.stepdefinitios.PatientDataSteps.clickButtonTambahData()&amp#27;[0m
18:32:31.042 [AsyncHttpClient-1-1] DEBUG org.asynchttpclient.netty.channel.DefaultChannelPool - Entry count for : http://localhost:62421 : 1
18:32:31.042 [AsyncHttpClient-1-1] DEBUG org.asynchttpclient.netty.channel.DefaultChannelPool - Entry count for : http://localhost:49949 : 1
18:32:31.851 [Forwarding screenshot on session 226a03855df97a69929644d49a4b46fe to remote] DEBUG org.asynchttpclient.netty.request.NettyRequestSender - Using pooled Channel '[id: 0x06ed3963, L:/127.0.0.1:49948 - R:localhost/127.0.0.1:62421]' for 'GET' to 'http://localhost:62421/session/226a03855df97a69929644d49a4b46fe/screenshot'
18:32:31.851 [Forwarding screenshot on session 226a03855df97a69929644d49a4b46fe to remote] DEBUG org.asynchttpclient.netty.request.NettyRequestSender - Using open Channel [id: 0x06ed3963, L:/127.0.0.1:49948 - R:localhost/127.0.0.1:62421] for GET '/session/226a03855df97a69929644d49a4b46fe/screenshot'
18:32:32.021 [AsyncHttpClient-1-4] DEBUG org.asynchttpclient.netty.handler.HttpHandler - 

Request DefaultFullHttpRequest(decodeResult: success, version: HTTP/1.1, content: EmptyByteBufBE)
GET /session/226a03855df97a69929644d49a4b46fe/screenshot HTTP/1.1
User-Agent: selenium/4.1.4 (java windows)
Cache-Control: no-cache
Content-Type: application/json; charset=utf-8
host: localhost:62421
accept: */*

Response DefaultHttpResponse(decodeResult: success, version: HTTP/1.1)
HTTP/1.1 200 OK
Content-Type: application/json; charset=utf-8
cache-control: no-cache
content-length: 44800

18:32:32.021 [AsyncHttpClient-1-4] DEBUG org.asynchttpclient.netty.channel.ChannelManager - Adding key: http://localhost:62421 for channel [id: 0x06ed3963, L:/127.0.0.1:49948 - R:localhost/127.0.0.1:62421]
18:32:32.022 [main] DEBUG net.serenitybdd.core.photography.Darkroom - Send negative for processing for target\site\serenity\9c82b9b38a695ffa4fd8253a749c65cc43444915f5d51c363969de05270db0c1.png
18:32:32.025 [main] DEBUG net.thucydides.core.steps.StepInterceptor - STARTING STEP: PatientDataSteps.iInput - inputDataPasien
18:32:32.025 [Forwarding findElement on session 226a03855df97a69929644d49a4b46fe to remote] DEBUG org.asynchttpclient.netty.request.NettyRequestSender - Using pooled Channel '[id: 0x06ed3963, L:/127.0.0.1:49948 - R:localhost/127.0.0.1:62421]' for 'POST' to 'http://localhost:62421/session/226a03855df97a69929644d49a4b46fe/element'
18:32:32.025 [Forwarding findElement on session 226a03855df97a69929644d49a4b46fe to remote] DEBUG org.asynchttpclient.netty.request.NettyRequestSender - Using open Channel [id: 0x06ed3963, L:/127.0.0.1:49948 - R:localhost/127.0.0.1:62421] for POST '/session/226a03855df97a69929644d49a4b46fe/element'
18:32:32.048 [AsyncHttpClient-1-4] DEBUG org.asynchttpclient.netty.handler.HttpHandler - 

Request DefaultHttpRequest(decodeResult: success, version: HTTP/1.1)
POST /session/226a03855df97a69929644d49a4b46fe/element HTTP/1.1
User-Agent: selenium/4.1.4 (java windows)
Content-Length: 72
Content-Type: application/json; charset=utf-8
host: localhost:62421
accept: */*

Response DefaultHttpResponse(decodeResult: success, version: HTTP/1.1)
HTTP/1.1 200 OK
Content-Type: application/json; charset=utf-8
cache-control: no-cache
content-length: 88

18:32:32.048 [AsyncHttpClient-1-4] DEBUG org.asynchttpclient.netty.channel.ChannelManager - Adding key: http://localhost:62421 for channel [id: 0x06ed3963, L:/127.0.0.1:49948 - R:localhost/127.0.0.1:62421]
18:32:32.049 [Forwarding sendKeysToElement on session 226a03855df97a69929644d49a4b46fe to remote] DEBUG org.asynchttpclient.netty.request.NettyRequestSender - Using pooled Channel '[id: 0x06ed3963, L:/127.0.0.1:49948 - R:localhost/127.0.0.1:62421]' for 'POST' to 'http://localhost:62421/session/226a03855df97a69929644d49a4b46fe/element/82a7767e-f41c-4e39-9d6d-6c5f3a26fc7d/value'
18:32:32.049 [Forwarding sendKeysToElement on session 226a03855df97a69929644d49a4b46fe to remote] DEBUG org.asynchttpclient.netty.request.NettyRequestSender - Using open Channel [id: 0x06ed3963, L:/127.0.0.1:49948 - R:localhost/127.0.0.1:62421] for POST '/session/226a03855df97a69929644d49a4b46fe/element/82a7767e-f41c-4e39-9d6d-6c5f3a26fc7d/value'
18:32:32.136 [AsyncHttpClient-1-1] DEBUG org.asynchttpclient.netty.channel.DefaultChannelPool - Entry count for : http://localhost:49949 : 1
18:32:32.304 [AsyncHttpClient-1-4] DEBUG org.asynchttpclient.netty.handler.HttpHandler - 

Request DefaultHttpRequest(decodeResult: success, version: HTTP/1.1)
POST /session/226a03855df97a69929644d49a4b46fe/element/82a7767e-f41c-4e39-9d6d-6c5f3a26fc7d/value HTTP/1.1
User-Agent: selenium/4.1.4 (java windows)
Content-Length: 131
Content-Type: application/json; charset=utf-8
host: localhost:62421
accept: */*

Response DefaultHttpResponse(decodeResult: success, version: HTTP/1.1)
HTTP/1.1 200 OK
Content-Type: application/json; charset=utf-8
cache-control: no-cache
content-length: 14

18:32:32.304 [AsyncHttpClient-1-4] DEBUG org.asynchttpclient.netty.channel.ChannelManager - Adding key: http://localhost:62421 for channel [id: 0x06ed3963, L:/127.0.0.1:49948 - R:localhost/127.0.0.1:62421]
18:32:32.306 [Forwarding findElement on session 226a03855df97a69929644d49a4b46fe to remote] DEBUG org.asynchttpclient.netty.request.NettyRequestSender - Using pooled Channel '[id: 0x06ed3963, L:/127.0.0.1:49948 - R:localhost/127.0.0.1:62421]' for 'POST' to 'http://localhost:62421/session/226a03855df97a69929644d49a4b46fe/element'
18:32:32.306 [Forwarding findElement on session 226a03855df97a69929644d49a4b46fe to remote] DEBUG org.asynchttpclient.netty.request.NettyRequestSender - Using open Channel [id: 0x06ed3963, L:/127.0.0.1:49948 - R:localhost/127.0.0.1:62421] for POST '/session/226a03855df97a69929644d49a4b46fe/element'
18:32:32.316 [AsyncHttpClient-1-4] DEBUG org.asynchttpclient.netty.handler.HttpHandler - 

Request DefaultHttpRequest(decodeResult: success, version: HTTP/1.1)
POST /session/226a03855df97a69929644d49a4b46fe/element HTTP/1.1
User-Agent: selenium/4.1.4 (java windows)
Content-Length: 65
Content-Type: application/json; charset=utf-8
host: localhost:62421
accept: */*

Response DefaultHttpResponse(decodeResult: success, version: HTTP/1.1)
HTTP/1.1 200 OK
Content-Type: application/json; charset=utf-8
cache-control: no-cache
content-length: 88

18:32:32.316 [AsyncHttpClient-1-4] DEBUG org.asynchttpclient.netty.channel.ChannelManager - Adding key: http://localhost:62421 for channel [id: 0x06ed3963, L:/127.0.0.1:49948 - R:localhost/127.0.0.1:62421]
18:32:32.317 [Forwarding sendKeysToElement on session 226a03855df97a69929644d49a4b46fe to remote] DEBUG org.asynchttpclient.netty.request.NettyRequestSender - Using pooled Channel '[id: 0x06ed3963, L:/127.0.0.1:49948 - R:localhost/127.0.0.1:62421]' for 'POST' to 'http://localhost:62421/session/226a03855df97a69929644d49a4b46fe/element/ba9b4931-cd34-41be-a9c2-0c3f627944b8/value'
18:32:32.317 [Forwarding sendKeysToElement on session 226a03855df97a69929644d49a4b46fe to remote] DEBUG org.asynchttpclient.netty.request.NettyRequestSender - Using open Channel [id: 0x06ed3963, L:/127.0.0.1:49948 - R:localhost/127.0.0.1:62421] for POST '/session/226a03855df97a69929644d49a4b46fe/element/ba9b4931-cd34-41be-a9c2-0c3f627944b8/value'
18:32:32.548 [AsyncHttpClient-1-4] DEBUG org.asynchttpclient.netty.handler.HttpHandler - 

Request DefaultHttpRequest(decodeResult: success, version: HTTP/1.1)
POST /session/226a03855df97a69929644d49a4b46fe/element/ba9b4931-cd34-41be-a9c2-0c3f627944b8/value HTTP/1.1
User-Agent: selenium/4.1.4 (java windows)
Content-Length: 241
Content-Type: application/json; charset=utf-8
host: localhost:62421
accept: */*

Response DefaultHttpResponse(decodeResult: success, version: HTTP/1.1)
HTTP/1.1 200 OK
Content-Type: application/json; charset=utf-8
cache-control: no-cache
content-length: 14

18:32:32.549 [AsyncHttpClient-1-4] DEBUG org.asynchttpclient.netty.channel.ChannelManager - Adding key: http://localhost:62421 for channel [id: 0x06ed3963, L:/127.0.0.1:49948 - R:localhost/127.0.0.1:62421]
18:32:32.550 [Forwarding findElement on session 226a03855df97a69929644d49a4b46fe to remote] DEBUG org.asynchttpclient.netty.request.NettyRequestSender - Using pooled Channel '[id: 0x06ed3963, L:/127.0.0.1:49948 - R:localhost/127.0.0.1:62421]' for 'POST' to 'http://localhost:62421/session/226a03855df97a69929644d49a4b46fe/element'
18:32:32.550 [Forwarding findElement on session 226a03855df97a69929644d49a4b46fe to remote] DEBUG org.asynchttpclient.netty.request.NettyRequestSender - Using open Channel [id: 0x06ed3963, L:/127.0.0.1:49948 - R:localhost/127.0.0.1:62421] for POST '/session/226a03855df97a69929644d49a4b46fe/element'
18:32:32.561 [AsyncHttpClient-1-4] DEBUG org.asynchttpclient.netty.handler.HttpHandler - 

Request DefaultHttpRequest(decodeResult: success, version: HTTP/1.1)
POST /session/226a03855df97a69929644d49a4b46fe/element HTTP/1.1
User-Agent: selenium/4.1.4 (java windows)
Content-Length: 66
Content-Type: application/json; charset=utf-8
host: localhost:62421
accept: */*

Response DefaultHttpResponse(decodeResult: success, version: HTTP/1.1)
HTTP/1.1 200 OK
Content-Type: application/json; charset=utf-8
cache-control: no-cache
content-length: 88

18:32:32.561 [AsyncHttpClient-1-4] DEBUG org.asynchttpclient.netty.channel.ChannelManager - Adding key: http://localhost:62421 for channel [id: 0x06ed3963, L:/127.0.0.1:49948 - R:localhost/127.0.0.1:62421]
18:32:32.561 [Forwarding sendKeysToElement on session 226a03855df97a69929644d49a4b46fe to remote] DEBUG org.asynchttpclient.netty.request.NettyRequestSender - Using pooled Channel '[id: 0x06ed3963, L:/127.0.0.1:49948 - R:localhost/127.0.0.1:62421]' for 'POST' to 'http://localhost:62421/session/226a03855df97a69929644d49a4b46fe/element/8f95fe72-aa9d-4220-bb5b-55072803b49f/value'
18:32:32.561 [Forwarding sendKeysToElement on session 226a03855df97a69929644d49a4b46fe to remote] DEBUG org.asynchttpclient.netty.request.NettyRequestSender - Using open Channel [id: 0x06ed3963, L:/127.0.0.1:49948 - R:localhost/127.0.0.1:62421] for POST '/session/226a03855df97a69929644d49a4b46fe/element/8f95fe72-aa9d-4220-bb5b-55072803b49f/value'
18:32:32.632 [AsyncHttpClient-1-4] DEBUG org.asynchttpclient.netty.handler.HttpHandler - 

Request DefaultHttpRequest(decodeResult: success, version: HTTP/1.1)
POST /session/226a03855df97a69929644d49a4b46fe/element/8f95fe72-aa9d-4220-bb5b-55072803b49f/value HTTP/1.1
User-Agent: selenium/4.1.4 (java windows)
Content-Length: 101
Content-Type: application/json; charset=utf-8
host: localhost:62421
accept: */*

Response DefaultHttpResponse(decodeResult: success, version: HTTP/1.1)
HTTP/1.1 200 OK
Content-Type: application/json; charset=utf-8
cache-control: no-cache
content-length: 14

18:32:32.632 [AsyncHttpClient-1-4] DEBUG org.asynchttpclient.netty.channel.ChannelManager - Adding key: http://localhost:62421 for channel [id: 0x06ed3963, L:/127.0.0.1:49948 - R:localhost/127.0.0.1:62421]
18:32:32.633 [Forwarding findElement on session 226a03855df97a69929644d49a4b46fe to remote] DEBUG org.asynchttpclient.netty.request.NettyRequestSender - Using pooled Channel '[id: 0x06ed3963, L:/127.0.0.1:49948 - R:localhost/127.0.0.1:62421]' for 'POST' to 'http://localhost:62421/session/226a03855df97a69929644d49a4b46fe/element'
18:32:32.633 [Forwarding findElement on session 226a03855df97a69929644d49a4b46fe to remote] DEBUG org.asynchttpclient.netty.request.NettyRequestSender - Using open Channel [id: 0x06ed3963, L:/127.0.0.1:49948 - R:localhost/127.0.0.1:62421] for POST '/session/226a03855df97a69929644d49a4b46fe/element'
18:32:32.644 [AsyncHttpClient-1-4] DEBUG org.asynchttpclient.netty.handler.HttpHandler - 

Request DefaultHttpRequest(decodeResult: success, version: HTTP/1.1)
POST /session/226a03855df97a69929644d49a4b46fe/element HTTP/1.1
User-Agent: selenium/4.1.4 (java windows)
Content-Length: 66
Content-Type: application/json; charset=utf-8
host: localhost:62421
accept: */*

Response DefaultHttpResponse(decodeResult: success, version: HTTP/1.1)
HTTP/1.1 200 OK
Content-Type: application/json; charset=utf-8
cache-control: no-cache
content-length: 88

18:32:32.644 [AsyncHttpClient-1-4] DEBUG org.asynchttpclient.netty.channel.ChannelManager - Adding key: http://localhost:62421 for channel [id: 0x06ed3963, L:/127.0.0.1:49948 - R:localhost/127.0.0.1:62421]
18:32:32.645 [Forwarding sendKeysToElement on session 226a03855df97a69929644d49a4b46fe to remote] DEBUG org.asynchttpclient.netty.request.NettyRequestSender - Using pooled Channel '[id: 0x06ed3963, L:/127.0.0.1:49948 - R:localhost/127.0.0.1:62421]' for 'POST' to 'http://localhost:62421/session/226a03855df97a69929644d49a4b46fe/element/1dd5ab66-0079-44b8-b987-b186c92c0e61/value'
18:32:32.645 [Forwarding sendKeysToElement on session 226a03855df97a69929644d49a4b46fe to remote] DEBUG org.asynchttpclient.netty.request.NettyRequestSender - Using open Channel [id: 0x06ed3963, L:/127.0.0.1:49948 - R:localhost/127.0.0.1:62421] for POST '/session/226a03855df97a69929644d49a4b46fe/element/1dd5ab66-0079-44b8-b987-b186c92c0e61/value'
18:32:32.811 [AsyncHttpClient-1-4] DEBUG org.asynchttpclient.netty.handler.HttpHandler - 

Request DefaultHttpRequest(decodeResult: success, version: HTTP/1.1)
POST /session/226a03855df97a69929644d49a4b46fe/element/1dd5ab66-0079-44b8-b987-b186c92c0e61/value HTTP/1.1
User-Agent: selenium/4.1.4 (java windows)
Content-Length: 191
Content-Type: application/json; charset=utf-8
host: localhost:62421
accept: */*

Response DefaultHttpResponse(decodeResult: success, version: HTTP/1.1)
HTTP/1.1 200 OK
Content-Type: application/json; charset=utf-8
cache-control: no-cache
content-length: 14

18:32:32.811 [AsyncHttpClient-1-4] DEBUG org.asynchttpclient.netty.channel.ChannelManager - Adding key: http://localhost:62421 for channel [id: 0x06ed3963, L:/127.0.0.1:49948 - R:localhost/127.0.0.1:62421]
18:32:32.821 [Forwarding findElement on session 226a03855df97a69929644d49a4b46fe to remote] DEBUG org.asynchttpclient.netty.request.NettyRequestSender - Using pooled Channel '[id: 0x06ed3963, L:/127.0.0.1:49948 - R:localhost/127.0.0.1:62421]' for 'POST' to 'http://localhost:62421/session/226a03855df97a69929644d49a4b46fe/element'
18:32:32.821 [Forwarding findElement on session 226a03855df97a69929644d49a4b46fe to remote] DEBUG org.asynchttpclient.netty.request.NettyRequestSender - Using open Channel [id: 0x06ed3963, L:/127.0.0.1:49948 - R:localhost/127.0.0.1:62421] for POST '/session/226a03855df97a69929644d49a4b46fe/element'
18:32:32.833 [AsyncHttpClient-1-4] DEBUG org.asynchttpclient.netty.handler.HttpHandler - 

Request DefaultHttpRequest(decodeResult: success, version: HTTP/1.1)
POST /session/226a03855df97a69929644d49a4b46fe/element HTTP/1.1
User-Agent: selenium/4.1.4 (java windows)
Content-Length: 68
Content-Type: application/json; charset=utf-8
host: localhost:62421
accept: */*

Response DefaultHttpResponse(decodeResult: success, version: HTTP/1.1)
HTTP/1.1 200 OK
Content-Type: application/json; charset=utf-8
cache-control: no-cache
content-length: 88

18:32:32.833 [AsyncHttpClient-1-4] DEBUG org.asynchttpclient.netty.channel.ChannelManager - Adding key: http://localhost:62421 for channel [id: 0x06ed3963, L:/127.0.0.1:49948 - R:localhost/127.0.0.1:62421]
18:32:32.834 [Forwarding sendKeysToElement on session 226a03855df97a69929644d49a4b46fe to remote] DEBUG org.asynchttpclient.netty.request.NettyRequestSender - Using pooled Channel '[id: 0x06ed3963, L:/127.0.0.1:49948 - R:localhost/127.0.0.1:62421]' for 'POST' to 'http://localhost:62421/session/226a03855df97a69929644d49a4b46fe/element/0d1ea2d8-f1fc-4e47-b8e2-32cbddf6fe2f/value'
18:32:32.834 [Forwarding sendKeysToElement on session 226a03855df97a69929644d49a4b46fe to remote] DEBUG org.asynchttpclient.netty.request.NettyRequestSender - Using open Channel [id: 0x06ed3963, L:/127.0.0.1:49948 - R:localhost/127.0.0.1:62421] for POST '/session/226a03855df97a69929644d49a4b46fe/element/0d1ea2d8-f1fc-4e47-b8e2-32cbddf6fe2f/value'
18:32:32.985 [AsyncHttpClient-1-4] DEBUG org.asynchttpclient.netty.handler.HttpHandler - 

Request DefaultHttpRequest(decodeResult: success, version: HTTP/1.1)
POST /session/226a03855df97a69929644d49a4b46fe/element/0d1ea2d8-f1fc-4e47-b8e2-32cbddf6fe2f/value HTTP/1.1
User-Agent: selenium/4.1.4 (java windows)
Content-Length: 171
Content-Type: application/json; charset=utf-8
host: localhost:62421
accept: */*

Response DefaultHttpResponse(decodeResult: success, version: HTTP/1.1)
HTTP/1.1 200 OK
Content-Type: application/json; charset=utf-8
cache-control: no-cache
content-length: 14

18:32:32.985 [AsyncHttpClient-1-4] DEBUG org.asynchttpclient.netty.channel.ChannelManager - Adding key: http://localhost:62421 for channel [id: 0x06ed3963, L:/127.0.0.1:49948 - R:localhost/127.0.0.1:62421]
18:32:32.987 [Forwarding screenshot on session 226a03855df97a69929644d49a4b46fe to remote] DEBUG org.asynchttpclient.netty.request.NettyRequestSender - Using pooled Channel '[id: 0x06ed3963, L:/127.0.0.1:49948 - R:localhost/127.0.0.1:62421]' for 'GET' to 'http://localhost:62421/session/226a03855df97a69929644d49a4b46fe/screenshot'
18:32:32.987 [Forwarding screenshot on session 226a03855df97a69929644d49a4b46fe to remote] DEBUG org.asynchttpclient.netty.request.NettyRequestSender - Using open Channel [id: 0x06ed3963, L:/127.0.0.1:49948 - R:localhost/127.0.0.1:62421] for GET '/session/226a03855df97a69929644d49a4b46fe/screenshot'
18:32:33.141 [AsyncHttpClient-1-4] DEBUG org.asynchttpclient.netty.handler.HttpHandler - 

Request DefaultFullHttpRequest(decodeResult: success, version: HTTP/1.1, content: EmptyByteBufBE)
GET /session/226a03855df97a69929644d49a4b46fe/screenshot HTTP/1.1
User-Agent: selenium/4.1.4 (java windows)
Cache-Control: no-cache
Content-Type: application/json; charset=utf-8
host: localhost:62421
accept: */*

Response DefaultHttpResponse(decodeResult: success, version: HTTP/1.1)
HTTP/1.1 200 OK
Content-Type: application/json; charset=utf-8
cache-control: no-cache
content-length: 51900

18:32:33.141 [AsyncHttpClient-1-4] DEBUG org.asynchttpclient.netty.channel.ChannelManager - Adding key: http://localhost:62421 for channel [id: 0x06ed3963, L:/127.0.0.1:49948 - R:localhost/127.0.0.1:62421]
18:32:33.143 [main] DEBUG net.serenitybdd.core.photography.Darkroom - Send negative for processing for target\site\serenity\789a53043656d31f14fc0c81739d298aaaba2d8c6dd0716b3a1903f483fa4143.png
18:32:33.143 [main] DEBUG net.thucydides.core.steps.StepInterceptor - STEP DONE: inputDataPasien
  &amp#27;[32mAnd &amp#27;[0m&amp#27;[32mI input &amp#27;[0m&amp#27;[32m&amp#27;[1m"Bagas"&amp#27;[0m&amp#27;[32m &amp#27;[0m&amp#27;[32m&amp#27;[1m"1234567898976546"&amp#27;[0m&amp#27;[32m &amp#27;[0m&amp#27;[32m&amp#27;[1m"12"&amp#27;[0m&amp#27;[32m &amp#27;[0m&amp#27;[32m&amp#27;[1m"bagasdwisap"&amp#27;[0m&amp#27;[32m &amp#27;[0m&amp#27;[32m&amp#27;[1m"perumahan"&amp#27;[0m&amp#27;[32m patient&amp#27;[0m &amp#27;[90m# starter.stepdefinitios.PatientDataSteps.iInput(java.lang.String,java.lang.String,java.lang.String,java.lang.String,java.lang.String)&amp#27;[0m
18:32:33.144 [Darkroom Processing Line] DEBUG net.serenitybdd.core.photography.DarkroomProcessingLine - Processing screenshot image in /var/screenshots/screenshot-3330297922143908425
18:32:33.144 [Darkroom Processing Line] DEBUG net.serenitybdd.core.photography.DarkroomProcessingLine - Saving screenshot to target\site\serenity\789a53043656d31f14fc0c81739d298aaaba2d8c6dd0716b3a1903f483fa4143.png
18:32:33.162 [main] DEBUG net.thucydides.core.steps.StepInterceptor - STARTING STEP: PatientDataSteps.iClickButtonJenisKelamin - clickLaki
18:32:33.164 [Forwarding findElement on session 226a03855df97a69929644d49a4b46fe to remote] DEBUG org.asynchttpclient.netty.request.NettyRequestSender - Using pooled Channel '[id: 0x06ed3963, L:/127.0.0.1:49948 - R:localhost/127.0.0.1:62421]' for 'POST' to 'http://localhost:62421/session/226a03855df97a69929644d49a4b46fe/element'
18:32:33.164 [Forwarding findElement on session 226a03855df97a69929644d49a4b46fe to remote] DEBUG org.asynchttpclient.netty.request.NettyRequestSender - Using open Channel [id: 0x06ed3963, L:/127.0.0.1:49948 - R:localhost/127.0.0.1:62421] for POST '/session/226a03855df97a69929644d49a4b46fe/element'
18:32:33.181 [AsyncHttpClient-1-4] DEBUG org.asynchttpclient.netty.handler.HttpHandler - 

Request DefaultHttpRequest(decodeResult: success, version: HTTP/1.1)
POST /session/226a03855df97a69929644d49a4b46fe/element HTTP/1.1
User-Agent: selenium/4.1.4 (java windows)
Content-Length: 182
Content-Type: application/json; charset=utf-8
host: localhost:62421
accept: */*

Response DefaultHttpResponse(decodeResult: success, version: HTTP/1.1)
HTTP/1.1 200 OK
Content-Type: application/json; charset=utf-8
cache-control: no-cache
content-length: 88

18:32:33.181 [AsyncHttpClient-1-4] DEBUG org.asynchttpclient.netty.channel.ChannelManager - Adding key: http://localhost:62421 for channel [id: 0x06ed3963, L:/127.0.0.1:49948 - R:localhost/127.0.0.1:62421]
18:32:33.181 [Forwarding getElementTagName on session 226a03855df97a69929644d49a4b46fe to remote] DEBUG org.asynchttpclient.netty.request.NettyRequestSender - Using pooled Channel '[id: 0x06ed3963, L:/127.0.0.1:49948 - R:localhost/127.0.0.1:62421]' for 'GET' to 'http://localhost:62421/session/226a03855df97a69929644d49a4b46fe/element/91e6400a-aaea-4133-8118-7dbfbedef8ca/name'
18:32:33.181 [Forwarding getElementTagName on session 226a03855df97a69929644d49a4b46fe to remote] DEBUG org.asynchttpclient.netty.request.NettyRequestSender - Using open Channel [id: 0x06ed3963, L:/127.0.0.1:49948 - R:localhost/127.0.0.1:62421] for GET '/session/226a03855df97a69929644d49a4b46fe/element/91e6400a-aaea-4133-8118-7dbfbedef8ca/name'
18:32:33.187 [AsyncHttpClient-1-4] DEBUG org.asynchttpclient.netty.handler.HttpHandler - 

Request DefaultFullHttpRequest(decodeResult: success, version: HTTP/1.1, content: EmptyByteBufBE)
GET /session/226a03855df97a69929644d49a4b46fe/element/91e6400a-aaea-4133-8118-7dbfbedef8ca/name HTTP/1.1
User-Agent: selenium/4.1.4 (java windows)
Cache-Control: no-cache
Content-Type: application/json; charset=utf-8
host: localhost:62421
accept: */*

Response DefaultHttpResponse(decodeResult: success, version: HTTP/1.1)
HTTP/1.1 200 OK
Content-Type: application/json; charset=utf-8
cache-control: no-cache
content-length: 16

18:32:33.187 [AsyncHttpClient-1-4] DEBUG org.asynchttpclient.netty.channel.ChannelManager - Adding key: http://localhost:62421 for channel [id: 0x06ed3963, L:/127.0.0.1:49948 - R:localhost/127.0.0.1:62421]
18:32:33.188 [Forwarding getElementTagName on session 226a03855df97a69929644d49a4b46fe to remote] DEBUG org.asynchttpclient.netty.request.NettyRequestSender - Using pooled Channel '[id: 0x06ed3963, L:/127.0.0.1:49948 - R:localhost/127.0.0.1:62421]' for 'GET' to 'http://localhost:62421/session/226a03855df97a69929644d49a4b46fe/element/91e6400a-aaea-4133-8118-7dbfbedef8ca/name'
18:32:33.188 [Forwarding getElementTagName on session 226a03855df97a69929644d49a4b46fe to remote] DEBUG org.asynchttpclient.netty.request.NettyRequestSender - Using open Channel [id: 0x06ed3963, L:/127.0.0.1:49948 - R:localhost/127.0.0.1:62421] for GET '/session/226a03855df97a69929644d49a4b46fe/element/91e6400a-aaea-4133-8118-7dbfbedef8ca/name'
18:32:33.192 [AsyncHttpClient-1-4] DEBUG org.asynchttpclient.netty.handler.HttpHandler - 

Request DefaultFullHttpRequest(decodeResult: success, version: HTTP/1.1, content: EmptyByteBufBE)
GET /session/226a03855df97a69929644d49a4b46fe/element/91e6400a-aaea-4133-8118-7dbfbedef8ca/name HTTP/1.1
User-Agent: selenium/4.1.4 (java windows)
Cache-Control: no-cache
Content-Type: application/json; charset=utf-8
host: localhost:62421
accept: */*

Response DefaultHttpResponse(decodeResult: success, version: HTTP/1.1)
HTTP/1.1 200 OK
Content-Type: application/json; charset=utf-8
cache-control: no-cache
content-length: 16

18:32:33.192 [AsyncHttpClient-1-4] DEBUG org.asynchttpclient.netty.channel.ChannelManager - Adding key: http://localhost:62421 for channel [id: 0x06ed3963, L:/127.0.0.1:49948 - R:localhost/127.0.0.1:62421]
18:32:33.193 [Forwarding findElement on session 226a03855df97a69929644d49a4b46fe to remote] DEBUG org.asynchttpclient.netty.request.NettyRequestSender - Using pooled Channel '[id: 0x06ed3963, L:/127.0.0.1:49948 - R:localhost/127.0.0.1:62421]' for 'POST' to 'http://localhost:62421/session/226a03855df97a69929644d49a4b46fe/element'
18:32:33.193 [Forwarding findElement on session 226a03855df97a69929644d49a4b46fe to remote] DEBUG org.asynchttpclient.netty.request.NettyRequestSender - Using open Channel [id: 0x06ed3963, L:/127.0.0.1:49948 - R:localhost/127.0.0.1:62421] for POST '/session/226a03855df97a69929644d49a4b46fe/element'
18:32:33.202 [AsyncHttpClient-1-4] DEBUG org.asynchttpclient.netty.handler.HttpHandler - 

Request DefaultHttpRequest(decodeResult: success, version: HTTP/1.1)
POST /session/226a03855df97a69929644d49a4b46fe/element HTTP/1.1
User-Agent: selenium/4.1.4 (java windows)
Content-Length: 182
Content-Type: application/json; charset=utf-8
host: localhost:62421
accept: */*

Response DefaultHttpResponse(decodeResult: success, version: HTTP/1.1)
HTTP/1.1 200 OK
Content-Type: application/json; charset=utf-8
cache-control: no-cache
content-length: 88

18:32:33.202 [AsyncHttpClient-1-4] DEBUG org.asynchttpclient.netty.channel.ChannelManager - Adding key: http://localhost:62421 for channel [id: 0x06ed3963, L:/127.0.0.1:49948 - R:localhost/127.0.0.1:62421]
18:32:33.203 [Forwarding clickElement on session 226a03855df97a69929644d49a4b46fe to remote] DEBUG org.asynchttpclient.netty.request.NettyRequestSender - Using pooled Channel '[id: 0x06ed3963, L:/127.0.0.1:49948 - R:localhost/127.0.0.1:62421]' for 'POST' to 'http://localhost:62421/session/226a03855df97a69929644d49a4b46fe/element/91e6400a-aaea-4133-8118-7dbfbedef8ca/click'
18:32:33.203 [Forwarding clickElement on session 226a03855df97a69929644d49a4b46fe to remote] DEBUG org.asynchttpclient.netty.request.NettyRequestSender - Using open Channel [id: 0x06ed3963, L:/127.0.0.1:49948 - R:localhost/127.0.0.1:62421] for POST '/session/226a03855df97a69929644d49a4b46fe/element/91e6400a-aaea-4133-8118-7dbfbedef8ca/click'
18:32:33.240 [AsyncHttpClient-1-1] DEBUG org.asynchttpclient.netty.channel.DefaultChannelPool - Entry count for : http://localhost:49949 : 1
18:32:33.270 [AsyncHttpClient-1-4] DEBUG org.asynchttpclient.netty.handler.HttpHandler - 

Request DefaultHttpRequest(decodeResult: success, version: HTTP/1.1)
POST /session/226a03855df97a69929644d49a4b46fe/element/91e6400a-aaea-4133-8118-7dbfbedef8ca/click HTTP/1.1
User-Agent: selenium/4.1.4 (java windows)
Content-Length: 50
Content-Type: application/json; charset=utf-8
host: localhost:62421
accept: */*

Response DefaultHttpResponse(decodeResult: success, version: HTTP/1.1)
HTTP/1.1 200 OK
Content-Type: application/json; charset=utf-8
cache-control: no-cache
content-length: 14

18:32:33.270 [AsyncHttpClient-1-4] DEBUG org.asynchttpclient.netty.channel.ChannelManager - Adding key: http://localhost:62421 for channel [id: 0x06ed3963, L:/127.0.0.1:49948 - R:localhost/127.0.0.1:62421]
18:32:33.278 [Forwarding screenshot on session 226a03855df97a69929644d49a4b46fe to remote] DEBUG org.asynchttpclient.netty.request.NettyRequestSender - Using pooled Channel '[id: 0x06ed3963, L:/127.0.0.1:49948 - R:localhost/127.0.0.1:62421]' for 'GET' to 'http://localhost:62421/session/226a03855df97a69929644d49a4b46fe/screenshot'
18:32:33.278 [Forwarding screenshot on session 226a03855df97a69929644d49a4b46fe to remote] DEBUG org.asynchttpclient.netty.request.NettyRequestSender - Using open Channel [id: 0x06ed3963, L:/127.0.0.1:49948 - R:localhost/127.0.0.1:62421] for GET '/session/226a03855df97a69929644d49a4b46fe/screenshot'
18:32:33.433 [AsyncHttpClient-1-4] DEBUG org.asynchttpclient.netty.handler.HttpHandler - 

Request DefaultFullHttpRequest(decodeResult: success, version: HTTP/1.1, content: EmptyByteBufBE)
GET /session/226a03855df97a69929644d49a4b46fe/screenshot HTTP/1.1
User-Agent: selenium/4.1.4 (java windows)
Cache-Control: no-cache
Content-Type: application/json; charset=utf-8
host: localhost:62421
accept: */*

Response DefaultHttpResponse(decodeResult: success, version: HTTP/1.1)
HTTP/1.1 200 OK
Content-Type: application/json; charset=utf-8
cache-control: no-cache
content-length: 52596

18:32:33.433 [AsyncHttpClient-1-4] DEBUG org.asynchttpclient.netty.channel.ChannelManager - Adding key: http://localhost:62421 for channel [id: 0x06ed3963, L:/127.0.0.1:49948 - R:localhost/127.0.0.1:62421]
18:32:33.436 [main] DEBUG net.serenitybdd.core.photography.Darkroom - Send negative for processing for target\site\serenity\3a46ce763c66458b0818693b1ae3915a0bde4d98bd9c65538b99e1e6be72f8c5.png
18:32:33.436 [main] DEBUG net.thucydides.core.steps.StepInterceptor - STEP DONE: clickLaki
  &amp#27;[32mAnd &amp#27;[0m&amp#27;[32mI click button jenis kelamin laki-laki&amp#27;[0m                                    &amp#27;[90m# starter.stepdefinitios.PatientDataSteps.iClickButtonJenisKelamin()&amp#27;[0m
18:32:33.436 [Darkroom Processing Line] DEBUG net.serenitybdd.core.photography.DarkroomProcessingLine - Processing screenshot image in /var/screenshots/screenshot-11301784194334510463
18:32:33.436 [Darkroom Processing Line] DEBUG net.serenitybdd.core.photography.DarkroomProcessingLine - Saving screenshot to target\site\serenity\3a46ce763c66458b0818693b1ae3915a0bde4d98bd9c65538b99e1e6be72f8c5.png
18:32:33.469 [main] DEBUG net.thucydides.core.steps.StepInterceptor - STARTING STEP: PatientDataSteps.clickButtonSimpan - clickButtonSave
18:32:33.475 [Forwarding findElement on session 226a03855df97a69929644d49a4b46fe to remote] DEBUG org.asynchttpclient.netty.request.NettyRequestSender - Using pooled Channel '[id: 0x06ed3963, L:/127.0.0.1:49948 - R:localhost/127.0.0.1:62421]' for 'POST' to 'http://localhost:62421/session/226a03855df97a69929644d49a4b46fe/element'
18:32:33.475 [Forwarding findElement on session 226a03855df97a69929644d49a4b46fe to remote] DEBUG org.asynchttpclient.netty.request.NettyRequestSender - Using open Channel [id: 0x06ed3963, L:/127.0.0.1:49948 - R:localhost/127.0.0.1:62421] for POST '/session/226a03855df97a69929644d49a4b46fe/element'
18:32:33.490 [AsyncHttpClient-1-4] DEBUG org.asynchttpclient.netty.handler.HttpHandler - 

Request DefaultHttpRequest(decodeResult: success, version: HTTP/1.1)
POST /session/226a03855df97a69929644d49a4b46fe/element HTTP/1.1
User-Agent: selenium/4.1.4 (java windows)
Content-Length: 68
Content-Type: application/json; charset=utf-8
host: localhost:62421
accept: */*

Response DefaultHttpResponse(decodeResult: success, version: HTTP/1.1)
HTTP/1.1 200 OK
Content-Type: application/json; charset=utf-8
cache-control: no-cache
content-length: 88

18:32:33.490 [AsyncHttpClient-1-4] DEBUG org.asynchttpclient.netty.channel.ChannelManager - Adding key: http://localhost:62421 for channel [id: 0x06ed3963, L:/127.0.0.1:49948 - R:localhost/127.0.0.1:62421]
18:32:33.492 [Forwarding getElementTagName on session 226a03855df97a69929644d49a4b46fe to remote] DEBUG org.asynchttpclient.netty.request.NettyRequestSender - Using pooled Channel '[id: 0x06ed3963, L:/127.0.0.1:49948 - R:localhost/127.0.0.1:62421]' for 'GET' to 'http://localhost:62421/session/226a03855df97a69929644d49a4b46fe/element/335096fe-47f5-464d-b1a8-6b5fd36274fa/name'
18:32:33.492 [Forwarding getElementTagName on session 226a03855df97a69929644d49a4b46fe to remote] DEBUG org.asynchttpclient.netty.request.NettyRequestSender - Using open Channel [id: 0x06ed3963, L:/127.0.0.1:49948 - R:localhost/127.0.0.1:62421] for GET '/session/226a03855df97a69929644d49a4b46fe/element/335096fe-47f5-464d-b1a8-6b5fd36274fa/name'
18:32:33.500 [AsyncHttpClient-1-4] DEBUG org.asynchttpclient.netty.handler.HttpHandler - 

Request DefaultFullHttpRequest(decodeResult: success, version: HTTP/1.1, content: EmptyByteBufBE)
GET /session/226a03855df97a69929644d49a4b46fe/element/335096fe-47f5-464d-b1a8-6b5fd36274fa/name HTTP/1.1
User-Agent: selenium/4.1.4 (java windows)
Cache-Control: no-cache
Content-Type: application/json; charset=utf-8
host: localhost:62421
accept: */*

Response DefaultHttpResponse(decodeResult: success, version: HTTP/1.1)
HTTP/1.1 200 OK
Content-Type: application/json; charset=utf-8
cache-control: no-cache
content-length: 18

18:32:33.500 [AsyncHttpClient-1-4] DEBUG org.asynchttpclient.netty.channel.ChannelManager - Adding key: http://localhost:62421 for channel [id: 0x06ed3963, L:/127.0.0.1:49948 - R:localhost/127.0.0.1:62421]
18:32:33.501 [Forwarding getElementTagName on session 226a03855df97a69929644d49a4b46fe to remote] DEBUG org.asynchttpclient.netty.request.NettyRequestSender - Using pooled Channel '[id: 0x06ed3963, L:/127.0.0.1:49948 - R:localhost/127.0.0.1:62421]' for 'GET' to 'http://localhost:62421/session/226a03855df97a69929644d49a4b46fe/element/335096fe-47f5-464d-b1a8-6b5fd36274fa/name'
18:32:33.502 [Forwarding getElementTagName on session 226a03855df97a69929644d49a4b46fe to remote] DEBUG org.asynchttpclient.netty.request.NettyRequestSender - Using open Channel [id: 0x06ed3963, L:/127.0.0.1:49948 - R:localhost/127.0.0.1:62421] for GET '/session/226a03855df97a69929644d49a4b46fe/element/335096fe-47f5-464d-b1a8-6b5fd36274fa/name'
18:32:33.507 [AsyncHttpClient-1-4] DEBUG org.asynchttpclient.netty.handler.HttpHandler - 

Request DefaultFullHttpRequest(decodeResult: success, version: HTTP/1.1, content: EmptyByteBufBE)
GET /session/226a03855df97a69929644d49a4b46fe/element/335096fe-47f5-464d-b1a8-6b5fd36274fa/name HTTP/1.1
User-Agent: selenium/4.1.4 (java windows)
Cache-Control: no-cache
Content-Type: application/json; charset=utf-8
host: localhost:62421
accept: */*

Response DefaultHttpResponse(decodeResult: success, version: HTTP/1.1)
HTTP/1.1 200 OK
Content-Type: application/json; charset=utf-8
cache-control: no-cache
content-length: 18

18:32:33.507 [AsyncHttpClient-1-4] DEBUG org.asynchttpclient.netty.channel.ChannelManager - Adding key: http://localhost:62421 for channel [id: 0x06ed3963, L:/127.0.0.1:49948 - R:localhost/127.0.0.1:62421]
18:32:33.509 [Forwarding isElementEnabled on session 226a03855df97a69929644d49a4b46fe to remote] DEBUG org.asynchttpclient.netty.request.NettyRequestSender - Using pooled Channel '[id: 0x06ed3963, L:/127.0.0.1:49948 - R:localhost/127.0.0.1:62421]' for 'GET' to 'http://localhost:62421/session/226a03855df97a69929644d49a4b46fe/element/335096fe-47f5-464d-b1a8-6b5fd36274fa/enabled'
18:32:33.509 [Forwarding isElementEnabled on session 226a03855df97a69929644d49a4b46fe to remote] DEBUG org.asynchttpclient.netty.request.NettyRequestSender - Using open Channel [id: 0x06ed3963, L:/127.0.0.1:49948 - R:localhost/127.0.0.1:62421] for GET '/session/226a03855df97a69929644d49a4b46fe/element/335096fe-47f5-464d-b1a8-6b5fd36274fa/enabled'
18:32:33.533 [AsyncHttpClient-1-4] DEBUG org.asynchttpclient.netty.handler.HttpHandler - 

Request DefaultFullHttpRequest(decodeResult: success, version: HTTP/1.1, content: EmptyByteBufBE)
GET /session/226a03855df97a69929644d49a4b46fe/element/335096fe-47f5-464d-b1a8-6b5fd36274fa/enabled HTTP/1.1
User-Agent: selenium/4.1.4 (java windows)
Cache-Control: no-cache
Content-Type: application/json; charset=utf-8
host: localhost:62421
accept: */*

Response DefaultHttpResponse(decodeResult: success, version: HTTP/1.1)
HTTP/1.1 200 OK
Content-Type: application/json; charset=utf-8
cache-control: no-cache
content-length: 14

18:32:33.533 [AsyncHttpClient-1-4] DEBUG org.asynchttpclient.netty.channel.ChannelManager - Adding key: http://localhost:62421 for channel [id: 0x06ed3963, L:/127.0.0.1:49948 - R:localhost/127.0.0.1:62421]
18:32:33.534 [Forwarding isElementEnabled on session 226a03855df97a69929644d49a4b46fe to remote] DEBUG org.asynchttpclient.netty.request.NettyRequestSender - Using pooled Channel '[id: 0x06ed3963, L:/127.0.0.1:49948 - R:localhost/127.0.0.1:62421]' for 'GET' to 'http://localhost:62421/session/226a03855df97a69929644d49a4b46fe/element/335096fe-47f5-464d-b1a8-6b5fd36274fa/enabled'
18:32:33.534 [Forwarding isElementEnabled on session 226a03855df97a69929644d49a4b46fe to remote] DEBUG org.asynchttpclient.netty.request.NettyRequestSender - Using open Channel [id: 0x06ed3963, L:/127.0.0.1:49948 - R:localhost/127.0.0.1:62421] for GET '/session/226a03855df97a69929644d49a4b46fe/element/335096fe-47f5-464d-b1a8-6b5fd36274fa/enabled'
18:32:33.542 [AsyncHttpClient-1-4] DEBUG org.asynchttpclient.netty.handler.HttpHandler - 

Request DefaultFullHttpRequest(decodeResult: success, version: HTTP/1.1, content: EmptyByteBufBE)
GET /session/226a03855df97a69929644d49a4b46fe/element/335096fe-47f5-464d-b1a8-6b5fd36274fa/enabled HTTP/1.1
User-Agent: selenium/4.1.4 (java windows)
Cache-Control: no-cache
Content-Type: application/json; charset=utf-8
host: localhost:62421
accept: */*

Response DefaultHttpResponse(decodeResult: success, version: HTTP/1.1)
HTTP/1.1 200 OK
Content-Type: application/json; charset=utf-8
cache-control: no-cache
content-length: 14

18:32:33.542 [AsyncHttpClient-1-4] DEBUG org.asynchttpclient.netty.channel.ChannelManager - Adding key: http://localhost:62421 for channel [id: 0x06ed3963, L:/127.0.0.1:49948 - R:localhost/127.0.0.1:62421]
18:32:33.546 [Forwarding findElement on session 226a03855df97a69929644d49a4b46fe to remote] DEBUG org.asynchttpclient.netty.request.NettyRequestSender - Using pooled Channel '[id: 0x06ed3963, L:/127.0.0.1:49948 - R:localhost/127.0.0.1:62421]' for 'POST' to 'http://localhost:62421/session/226a03855df97a69929644d49a4b46fe/element'
18:32:33.546 [Forwarding findElement on session 226a03855df97a69929644d49a4b46fe to remote] DEBUG org.asynchttpclient.netty.request.NettyRequestSender - Using open Channel [id: 0x06ed3963, L:/127.0.0.1:49948 - R:localhost/127.0.0.1:62421] for POST '/session/226a03855df97a69929644d49a4b46fe/element'
18:32:33.558 [AsyncHttpClient-1-4] DEBUG org.asynchttpclient.netty.handler.HttpHandler - 

Request DefaultHttpRequest(decodeResult: success, version: HTTP/1.1)
POST /session/226a03855df97a69929644d49a4b46fe/element HTTP/1.1
User-Agent: selenium/4.1.4 (java windows)
Content-Length: 68
Content-Type: application/json; charset=utf-8
host: localhost:62421
accept: */*

Response DefaultHttpResponse(decodeResult: success, version: HTTP/1.1)
HTTP/1.1 200 OK
Content-Type: application/json; charset=utf-8
cache-control: no-cache
content-length: 88

18:32:33.558 [AsyncHttpClient-1-4] DEBUG org.asynchttpclient.netty.channel.ChannelManager - Adding key: http://localhost:62421 for channel [id: 0x06ed3963, L:/127.0.0.1:49948 - R:localhost/127.0.0.1:62421]
18:32:33.559 [Forwarding clickElement on session 226a03855df97a69929644d49a4b46fe to remote] DEBUG org.asynchttpclient.netty.request.NettyRequestSender - Using pooled Channel '[id: 0x06ed3963, L:/127.0.0.1:49948 - R:localhost/127.0.0.1:62421]' for 'POST' to 'http://localhost:62421/session/226a03855df97a69929644d49a4b46fe/element/335096fe-47f5-464d-b1a8-6b5fd36274fa/click'
18:32:33.559 [Forwarding clickElement on session 226a03855df97a69929644d49a4b46fe to remote] DEBUG org.asynchttpclient.netty.request.NettyRequestSender - Using open Channel [id: 0x06ed3963, L:/127.0.0.1:49948 - R:localhost/127.0.0.1:62421] for POST '/session/226a03855df97a69929644d49a4b46fe/element/335096fe-47f5-464d-b1a8-6b5fd36274fa/click'
18:32:33.655 [AsyncHttpClient-1-4] DEBUG org.asynchttpclient.netty.handler.HttpHandler - 

Request DefaultHttpRequest(decodeResult: success, version: HTTP/1.1)
POST /session/226a03855df97a69929644d49a4b46fe/element/335096fe-47f5-464d-b1a8-6b5fd36274fa/click HTTP/1.1
User-Agent: selenium/4.1.4 (java windows)
Content-Length: 50
Content-Type: application/json; charset=utf-8
host: localhost:62421
accept: */*

Response DefaultHttpResponse(decodeResult: success, version: HTTP/1.1)
HTTP/1.1 200 OK
Content-Type: application/json; charset=utf-8
cache-control: no-cache
content-length: 14

18:32:33.655 [AsyncHttpClient-1-4] DEBUG org.asynchttpclient.netty.channel.ChannelManager - Adding key: http://localhost:62421 for channel [id: 0x06ed3963, L:/127.0.0.1:49948 - R:localhost/127.0.0.1:62421]
18:32:33.658 [Forwarding screenshot on session 226a03855df97a69929644d49a4b46fe to remote] DEBUG org.asynchttpclient.netty.request.NettyRequestSender - Using pooled Channel '[id: 0x06ed3963, L:/127.0.0.1:49948 - R:localhost/127.0.0.1:62421]' for 'GET' to 'http://localhost:62421/session/226a03855df97a69929644d49a4b46fe/screenshot'
18:32:33.658 [Forwarding screenshot on session 226a03855df97a69929644d49a4b46fe to remote] DEBUG org.asynchttpclient.netty.request.NettyRequestSender - Using open Channel [id: 0x06ed3963, L:/127.0.0.1:49948 - R:localhost/127.0.0.1:62421] for GET '/session/226a03855df97a69929644d49a4b46fe/screenshot'
18:32:33.886 [AsyncHttpClient-1-4] DEBUG org.asynchttpclient.netty.handler.HttpHandler - 

Request DefaultFullHttpRequest(decodeResult: success, version: HTTP/1.1, content: EmptyByteBufBE)
GET /session/226a03855df97a69929644d49a4b46fe/screenshot HTTP/1.1
User-Agent: selenium/4.1.4 (java windows)
Cache-Control: no-cache
Content-Type: application/json; charset=utf-8
host: localhost:62421
accept: */*

Response DefaultHttpResponse(decodeResult: success, version: HTTP/1.1)
HTTP/1.1 200 OK
Content-Type: application/json; charset=utf-8
cache-control: no-cache
content-length: 49284

18:32:33.886 [AsyncHttpClient-1-4] DEBUG org.asynchttpclient.netty.channel.ChannelManager - Adding key: http://localhost:62421 for channel [id: 0x06ed3963, L:/127.0.0.1:49948 - R:localhost/127.0.0.1:62421]
18:32:33.887 [main] DEBUG net.serenitybdd.core.photography.Darkroom - Send negative for processing for target\site\serenity\6a38cb6900eeeb463eed7349b58599b0826877775749067b2b84ab02dbfe38b1.png
18:32:33.887 [main] DEBUG net.thucydides.core.steps.StepInterceptor - STEP DONE: clickButtonSave
18:32:33.891 [Darkroom Processing Line] DEBUG net.serenitybdd.core.photography.DarkroomProcessingLine - Processing screenshot image in /var/screenshots/screenshot-10633796646930522536
18:32:33.891 [Darkroom Processing Line] DEBUG net.serenitybdd.core.photography.DarkroomProcessingLine - Saving screenshot to target\site\serenity\6a38cb6900eeeb463eed7349b58599b0826877775749067b2b84ab02dbfe38b1.png
18:32:34.341 [AsyncHttpClient-1-1] DEBUG org.asynchttpclient.netty.channel.DefaultChannelPool - Entry count for : http://localhost:62421 : 1
18:32:34.341 [AsyncHttpClient-1-1] DEBUG org.asynchttpclient.netty.channel.DefaultChannelPool - Entry count for : http://localhost:49949 : 1
  &amp#27;[32mThen &amp#27;[0m&amp#27;[32mClick button simpan&amp#27;[0m                                                      &amp#27;[90m# starter.stepdefinitios.PatientDataSteps.clickButtonSimpan()&amp#27;[0m
18:32:34.896 [Forwarding screenshot on session 226a03855df97a69929644d49a4b46fe to remote] DEBUG org.asynchttpclient.netty.request.NettyRequestSender - Using pooled Channel '[id: 0x06ed3963, L:/127.0.0.1:49948 - R:localhost/127.0.0.1:62421]' for 'GET' to 'http://localhost:62421/session/226a03855df97a69929644d49a4b46fe/screenshot'
18:32:34.896 [Forwarding screenshot on session 226a03855df97a69929644d49a4b46fe to remote] DEBUG org.asynchttpclient.netty.request.NettyRequestSender - Using open Channel [id: 0x06ed3963, L:/127.0.0.1:49948 - R:localhost/127.0.0.1:62421] for GET '/session/226a03855df97a69929644d49a4b46fe/screenshot'
18:32:35.059 [AsyncHttpClient-1-4] DEBUG org.asynchttpclient.netty.handler.HttpHandler - 

Request DefaultFullHttpRequest(decodeResult: success, version: HTTP/1.1, content: EmptyByteBufBE)
GET /session/226a03855df97a69929644d49a4b46fe/screenshot HTTP/1.1
User-Agent: selenium/4.1.4 (java windows)
Cache-Control: no-cache
Content-Type: application/json; charset=utf-8
host: localhost:62421
accept: */*

Response DefaultHttpResponse(decodeResult: success, version: HTTP/1.1)
HTTP/1.1 200 OK
Content-Type: application/json; charset=utf-8
cache-control: no-cache
content-length: 48896

18:32:35.059 [AsyncHttpClient-1-4] DEBUG org.asynchttpclient.netty.channel.ChannelManager - Adding key: http://localhost:62421 for channel [id: 0x06ed3963, L:/127.0.0.1:49948 - R:localhost/127.0.0.1:62421]
18:32:35.060 [main] DEBUG net.serenitybdd.core.photography.Darkroom - Send negative for processing for target\site\serenity\3e94bed5f9a3812b84b6cc165776fd0eac4c60c7f9fa027b71be0cba3b8882b2.png
18:32:35.061 [Darkroom Processing Line] DEBUG net.serenitybdd.core.photography.DarkroomProcessingLine - Processing screenshot image in /var/screenshots/screenshot-202109200338400105
18:32:35.061 [Darkroom Processing Line] DEBUG net.serenitybdd.core.photography.DarkroomProcessingLine - Saving screenshot to target\site\serenity\3e94bed5f9a3812b84b6cc165776fd0eac4c60c7f9fa027b71be0cba3b8882b2.png
18:32:35.441 [AsyncHttpClient-1-1] DEBUG org.asynchttpclient.netty.channel.DefaultChannelPool - Entry count for : http://localhost:62421 : 1
18:32:35.441 [AsyncHttpClient-1-1] DEBUG org.asynchttpclient.netty.channel.DefaultChannelPool - Entry count for : http://localhost:49949 : 1
18:32:36.081 [Forwarding screenshot on session 226a03855df97a69929644d49a4b46fe to remote] DEBUG org.asynchttpclient.netty.request.NettyRequestSender - Using pooled Channel '[id: 0x06ed3963, L:/127.0.0.1:49948 - R:localhost/127.0.0.1:62421]' for 'GET' to 'http://localhost:62421/session/226a03855df97a69929644d49a4b46fe/screenshot'
18:32:36.081 [Forwarding screenshot on session 226a03855df97a69929644d49a4b46fe to remote] DEBUG org.asynchttpclient.netty.request.NettyRequestSender - Using open Channel [id: 0x06ed3963, L:/127.0.0.1:49948 - R:localhost/127.0.0.1:62421] for GET '/session/226a03855df97a69929644d49a4b46fe/screenshot'
18:32:36.215 [AsyncHttpClient-1-4] DEBUG org.asynchttpclient.netty.handler.HttpHandler - 

Request DefaultFullHttpRequest(decodeResult: success, version: HTTP/1.1, content: EmptyByteBufBE)
GET /session/226a03855df97a69929644d49a4b46fe/screenshot HTTP/1.1
User-Agent: selenium/4.1.4 (java windows)
Cache-Control: no-cache
Content-Type: application/json; charset=utf-8
host: localhost:62421
accept: */*

Response DefaultHttpResponse(decodeResult: success, version: HTTP/1.1)
HTTP/1.1 200 OK
Content-Type: application/json; charset=utf-8
cache-control: no-cache
content-length: 48896

18:32:36.215 [AsyncHttpClient-1-4] DEBUG org.asynchttpclient.netty.channel.ChannelManager - Adding key: http://localhost:62421 for channel [id: 0x06ed3963, L:/127.0.0.1:49948 - R:localhost/127.0.0.1:62421]
18:32:36.216 [main] DEBUG net.serenitybdd.core.photography.Darkroom - Send negative for processing for target\site\serenity\3e94bed5f9a3812b84b6cc165776fd0eac4c60c7f9fa027b71be0cba3b8882b2.png
18:32:36.216 [main] DEBUG net.thucydides.core.steps.StepInterceptor - STARTING STEP: PatientDataSteps.validateAddErrorMessengerPasien - validateTextMessegerDokter
18:32:36.219 [Forwarding findElement on session 226a03855df97a69929644d49a4b46fe to remote] DEBUG org.asynchttpclient.netty.request.NettyRequestSender - Using pooled Channel '[id: 0x06ed3963, L:/127.0.0.1:49948 - R:localhost/127.0.0.1:62421]' for 'POST' to 'http://localhost:62421/session/226a03855df97a69929644d49a4b46fe/element'
18:32:36.219 [Forwarding findElement on session 226a03855df97a69929644d49a4b46fe to remote] DEBUG org.asynchttpclient.netty.request.NettyRequestSender - Using open Channel [id: 0x06ed3963, L:/127.0.0.1:49948 - R:localhost/127.0.0.1:62421] for POST '/session/226a03855df97a69929644d49a4b46fe/element'
18:32:36.227 [AsyncHttpClient-1-4] DEBUG org.asynchttpclient.netty.handler.HttpHandler - 

Request DefaultHttpRequest(decodeResult: success, version: HTTP/1.1)
POST /session/226a03855df97a69929644d49a4b46fe/element HTTP/1.1
User-Agent: selenium/4.1.4 (java windows)
Content-Length: 143
Content-Type: application/json; charset=utf-8
host: localhost:62421
accept: */*

Response DefaultHttpResponse(decodeResult: success, version: HTTP/1.1)
HTTP/1.1 200 OK
Content-Type: application/json; charset=utf-8
cache-control: no-cache
content-length: 88

18:32:36.227 [AsyncHttpClient-1-4] DEBUG org.asynchttpclient.netty.channel.ChannelManager - Adding key: http://localhost:62421 for channel [id: 0x06ed3963, L:/127.0.0.1:49948 - R:localhost/127.0.0.1:62421]
18:32:36.228 [Forwarding getElementText on session 226a03855df97a69929644d49a4b46fe to remote] DEBUG org.asynchttpclient.netty.request.NettyRequestSender - Using pooled Channel '[id: 0x06ed3963, L:/127.0.0.1:49948 - R:localhost/127.0.0.1:62421]' for 'GET' to 'http://localhost:62421/session/226a03855df97a69929644d49a4b46fe/element/46b72ab6-a3b5-4070-8aa9-396e3a822985/text'
18:32:36.228 [Forwarding getElementText on session 226a03855df97a69929644d49a4b46fe to remote] DEBUG org.asynchttpclient.netty.request.NettyRequestSender - Using open Channel [id: 0x06ed3963, L:/127.0.0.1:49948 - R:localhost/127.0.0.1:62421] for GET '/session/226a03855df97a69929644d49a4b46fe/element/46b72ab6-a3b5-4070-8aa9-396e3a822985/text'
18:32:36.259 [AsyncHttpClient-1-4] DEBUG org.asynchttpclient.netty.handler.HttpHandler - 

Request DefaultFullHttpRequest(decodeResult: success, version: HTTP/1.1, content: EmptyByteBufBE)
GET /session/226a03855df97a69929644d49a4b46fe/element/46b72ab6-a3b5-4070-8aa9-396e3a822985/text HTTP/1.1
User-Agent: selenium/4.1.4 (java windows)
Cache-Control: no-cache
Content-Type: application/json; charset=utf-8
host: localhost:62421
accept: */*

Response DefaultHttpResponse(decodeResult: success, version: HTTP/1.1)
HTTP/1.1 200 OK
Content-Type: application/json; charset=utf-8
cache-control: no-cache
content-length: 151

18:32:36.259 [AsyncHttpClient-1-4] DEBUG org.asynchttpclient.netty.channel.ChannelManager - Adding key: http://localhost:62421 for channel [id: 0x06ed3963, L:/127.0.0.1:49948 - R:localhost/127.0.0.1:62421]
18:32:36.260 [main] DEBUG net.thucydides.core.steps.StepInterceptor - STEP DONE: validateTextMessegerDokter
  &amp#27;[32mAnd &amp#27;[0m&amp#27;[32mValidate add error messenger &amp#27;[0m&amp#27;[32m&amp#27;[1m"nomor telpon perlu dibutuhkan"&amp#27;[0m&amp#27;[32m Pasien&amp#27;[0m       &amp#27;[90m# starter.stepdefinitios.PatientDataSteps.validateAddErrorMessengerPasien(java.lang.String)&amp#27;[0m
18:32:36.268 [AsyncHttpClient-1-6] DEBUG org.asynchttpclient.netty.handler.WebSocketHandler - Channel Closed: [id: 0xd66c3872, L:/127.0.0.1:49955 ! R:localhost/127.0.0.1:49949] with attribute NettyResponseFuture{currentRetry=5,
	isDone=1,
	isCancelled=0,
	asyncHandler=org.asynchttpclient.ws.WebSocketUpgradeHandler@566460c9,
	nettyRequest=org.asynchttpclient.netty.request.NettyRequest@2f51572c,
	future=java.util.concurrent.CompletableFuture@630cfbb1[Completed normally],
	uri=ws://localhost:49949/devtools/browser/b4fd9c5d-8c9a-4e6d-942f-a7337e0f65bf,
	keepAlive=true,
	redirectCount=0,
	timeoutsHolder=null,
	inAuth=0,
	touch=1658057527600}
18:32:36.268 [AsyncHttpClient-1-6] DEBUG org.asynchttpclient.netty.channel.ChannelManager - Closing Channel [id: 0xd66c3872, L:/127.0.0.1:49955 ! R:localhost/127.0.0.1:49949] 
18:32:36.268 [Driver Command Executor] DEBUG org.asynchttpclient.netty.request.NettyRequestSender - Using pooled Channel '[id: 0x06ed3963, L:/127.0.0.1:49948 - R:localhost/127.0.0.1:62421]' for 'DELETE' to 'http://localhost:62421/session/226a03855df97a69929644d49a4b46fe'
18:32:36.268 [Driver Command Executor] DEBUG org.asynchttpclient.netty.request.NettyRequestSender - Using open Channel [id: 0x06ed3963, L:/127.0.0.1:49948 - R:localhost/127.0.0.1:62421] for DELETE '/session/226a03855df97a69929644d49a4b46fe'
18:32:36.341 [AsyncHttpClient-1-5] DEBUG org.asynchttpclient.netty.handler.HttpHandler - Unexpected I/O exception on channel [id: 0x3b91e20a, L:/127.0.0.1:49954 - R:localhost/127.0.0.1:49949]
java.io.IOException: An existing connection was forcibly closed by the remote host
	at java.base/sun.nio.ch.SocketDispatcher.read0(Native Method)
	at java.base/sun.nio.ch.SocketDispatcher.read(SocketDispatcher.java:43)
	at java.base/sun.nio.ch.IOUtil.readIntoNativeBuffer(IOUtil.java:276)
	at java.base/sun.nio.ch.IOUtil.read(IOUtil.java:233)
	at java.base/sun.nio.ch.IOUtil.read(IOUtil.java:223)
	at java.base/sun.nio.ch.SocketChannelImpl.read(SocketChannelImpl.java:356)
	at io.netty.buffer.PooledByteBuf.setBytes(PooledByteBuf.java:258)
	at io.netty.buffer.AbstractByteBuf.writeBytes(AbstractByteBuf.java:1132)
	at io.netty.channel.socket.nio.NioSocketChannel.doReadBytes(NioSocketChannel.java:357)
	at io.netty.channel.nio.AbstractNioByteChannel$NioByteUnsafe.read(AbstractNioByteChannel.java:151)
	at io.netty.channel.nio.NioEventLoop.processSelectedKey(NioEventLoop.java:722)
	at io.netty.channel.nio.NioEventLoop.processSelectedKeysOptimized(NioEventLoop.java:658)
	at io.netty.channel.nio.NioEventLoop.processSelectedKeys(NioEventLoop.java:584)
	at io.netty.channel.nio.NioEventLoop.run(NioEventLoop.java:496)
	at io.netty.util.concurrent.SingleThreadEventExecutor$4.run(SingleThreadEventExecutor.java:986)
	at io.netty.util.internal.ThreadExecutorMap$2.run(ThreadExecutorMap.java:74)
	at io.netty.util.concurrent.FastThreadLocalRunnable.run(FastThreadLocalRunnable.java:30)
	at java.base/java.lang.Thread.run(Thread.java:829)
18:32:36.341 [AsyncHttpClient-1-5] DEBUG org.asynchttpclient.netty.channel.ChannelManager - Closing Channel [id: 0x3b91e20a, L:/127.0.0.1:49954 - R:localhost/127.0.0.1:49949] 
18:32:36.342 [AsyncHttpClient-1-5] DEBUG org.asynchttpclient.netty.handler.HttpHandler - Channel Closed: [id: 0x3b91e20a, L:/127.0.0.1:49954 ! R:localhost/127.0.0.1:49949] with attribute DISCARD
18:32:36.368 [AsyncHttpClient-1-4] DEBUG org.asynchttpclient.netty.handler.HttpHandler - 

Request DefaultFullHttpRequest(decodeResult: success, version: HTTP/1.1, content: EmptyByteBufBE)
DELETE /session/226a03855df97a69929644d49a4b46fe HTTP/1.1
User-Agent: selenium/4.1.4 (java windows)
Content-Type: application/json; charset=utf-8
host: localhost:62421
accept: */*

Response DefaultHttpResponse(decodeResult: success, version: HTTP/1.1)
HTTP/1.1 200 OK
Content-Type: application/json; charset=utf-8
cache-control: no-cache
content-length: 14

18:32:36.368 [AsyncHttpClient-1-4] DEBUG org.asynchttpclient.netty.channel.ChannelManager - Adding key: http://localhost:62421 for channel [id: 0x06ed3963, L:/127.0.0.1:49948 - R:localhost/127.0.0.1:62421]
18:32:36.430 [AsyncHttpClient-1-4] DEBUG org.asynchttpclient.netty.handler.HttpHandler - Channel Closed: [id: 0x06ed3963, L:/127.0.0.1:49948 ! R:localhost/127.0.0.1:62421] with attribute DISCARD
]]></system-out>
    <system-err><![CDATA[Starting ChromeDriver 103.0.5060.53 (a1711811edd74ff1cf2150f36ffa3b0dae40b17f-refs/branch-heads/5060@{#853}) on port 62421
Only local connections are allowed.
Please see https://chromedriver.chromium.org/security-considerations for suggestions on keeping ChromeDriver safe.
ChromeDriver was started successfully.
Jul 17, 2022 6:32:07 PM org.openqa.selenium.remote.ProtocolHandshake createSession
INFO: Detected dialect: W3C
Jul 17, 2022 6:32:07 PM org.openqa.selenium.devtools.CdpVersionFinder findNearestMatch
WARNING: Unable to find an exact match for CDP version 103, so returning the closest version found: 101
Jul 17, 2022 6:32:07 PM org.openqa.selenium.devtools.CdpVersionFinder findNearestMatch
INFO: Found CDP implementation for version 103 of 101
]]></system-err>
  </testcase>
  <testcase name="As a admin i want to add data pasien (JK Laki-Laki) - Invlid #5" classname="Data Pasien - Admin" time="32.898">
    <system-out><![CDATA[
@DataPasien111 @AddPatientDataInvalid
Scenario Outline: As a admin i want to add data pasien (JK Laki-Laki) - Invlid  &amp#27;[90m# src/test/resources/features/4DataPasien.feature:124&amp#27;[0m
18:32:36.475 [main] INFO io.cucumber.core.plugin.SerenityReporter - Running feature from file:///C:/Alterra/CapstoneBaru/QE/TestingWebUpdate/src/test/resources/features/4DataPasien.feature
18:32:36.525 [main] DEBUG net.thucydides.core.steps.StepInterceptor - STARTING STEP: LoginSteps.openLoginPage - openLogin
18:32:36.527 [main] INFO net.serenitybdd.core.webdriver.driverproviders.ChromeDriverProvider - Using automatically driver download
18:32:36.550 [AsyncHttpClient-1-1] DEBUG org.asynchttpclient.netty.channel.DefaultChannelPool - Entry count for : http://localhost:62421 : 1
18:32:36.550 [AsyncHttpClient-1-1] DEBUG org.asynchttpclient.netty.channel.DefaultChannelPool - Entry count for : http://localhost:49949 : 1
18:32:36.550 [AsyncHttpClient-1-1] DEBUG org.asynchttpclient.netty.channel.DefaultChannelPool - Adding Candidate expired Channel [id: 0x06ed3963, L:/127.0.0.1:49948 ! R:localhost/127.0.0.1:62421] isIdleTimeoutExpired=false isRemotelyClosed=true isTtlExpired=false
18:32:36.550 [AsyncHttpClient-1-1] DEBUG org.asynchttpclient.netty.channel.DefaultChannelPool - Closing Idle Channel [id: 0x06ed3963, L:/127.0.0.1:49948 ! R:localhost/127.0.0.1:62421]
18:32:36.550 [AsyncHttpClient-1-1] DEBUG org.asynchttpclient.netty.channel.DefaultChannelPool - Adding Candidate expired Channel [id: 0x3b91e20a, L:/127.0.0.1:49954 ! R:localhost/127.0.0.1:49949] isIdleTimeoutExpired=false isRemotelyClosed=true isTtlExpired=false
18:32:36.550 [AsyncHttpClient-1-1] DEBUG org.asynchttpclient.netty.channel.DefaultChannelPool - Closing Idle Channel [id: 0x3b91e20a, L:/127.0.0.1:49954 ! R:localhost/127.0.0.1:49949]
18:32:36.550 [AsyncHttpClient-1-1] DEBUG org.asynchttpclient.netty.channel.DefaultChannelPool - Closed 2 connections out of 2 in 0 ms
18:32:36.733 [main] DEBUG io.github.bonigarcia.wdm.cache.ResolutionCache - Resolution chrome=103 in cache (valid until 18:54:33 17/07/2022 ICT)
18:32:36.746 [main] DEBUG io.github.bonigarcia.wdm.cache.ResolutionCache - Resolution chrome103=103.0.5060.53 in cache (valid until 17:54:33 18/07/2022 ICT)
18:32:36.747 [main] INFO io.github.bonigarcia.wdm.WebDriverManager - Using chromedriver 103.0.5060.53 (resolved driver for Chrome 103)
18:32:36.753 [main] DEBUG io.github.bonigarcia.wdm.WebDriverManager - Driver chromedriver 103.0.5060.53 found in cache
18:32:36.753 [main] INFO io.github.bonigarcia.wdm.WebDriverManager - Exporting webdriver.chrome.driver as C:\Users\Bagas Dwi Saputra\.cache\selenium\chromedriver\win32\103.0.5060.53\chromedriver.exe
18:32:36.864 [main] DEBUG net.serenitybdd.core.webdriver.driverproviders.ProvideNewDriver - Instantiating driver
18:32:36.864 [main] DEBUG net.serenitybdd.core.webdriver.driverproviders.ProvideNewDriver - Driver capabilities: Capabilities {acceptInsecureCerts: false, base.url: https://fanciful-trifle-360..., browserName: chrome, chorme.driver: src/test/resources/webdrive..., driver: chrome, goog:chromeOptions: {args: [], extensions: []}}
18:32:37.005 [AsyncHttpClient-1-7] DEBUG org.asynchttpclient.netty.channel.NettyConnectListener - Using new Channel '[id: 0x09017107, L:/127.0.0.1:49973 - R:localhost/127.0.0.1:56647]' for 'POST' to '/session'
18:32:38.151 [AsyncHttpClient-1-7] DEBUG org.asynchttpclient.netty.handler.HttpHandler - 

Request DefaultHttpRequest(decodeResult: success, version: HTTP/1.1)
POST /session HTTP/1.1
User-Agent: selenium/4.1.4 (java windows)
Content-Length: 629
Content-Type: application/json; charset=utf-8
host: localhost:56647
accept: */*

Response DefaultHttpResponse(decodeResult: success, version: HTTP/1.1)
HTTP/1.1 200 OK
Content-Type: application/json; charset=utf-8
cache-control: no-cache
content-length: 793

18:32:38.151 [AsyncHttpClient-1-7] DEBUG org.asynchttpclient.netty.channel.ChannelManager - Adding key: http://localhost:56647 for channel [id: 0x09017107, L:/127.0.0.1:49973 - R:localhost/127.0.0.1:56647]
18:32:38.163 [AsyncHttpClient-1-8] DEBUG org.asynchttpclient.netty.channel.NettyConnectListener - Using new Channel '[id: 0x2a20b19b, L:/127.0.0.1:49980 - R:localhost/127.0.0.1:49974]' for 'GET' to '/json/version'
18:32:38.163 [AsyncHttpClient-1-8] DEBUG org.asynchttpclient.netty.handler.HttpHandler - 

Request DefaultFullHttpRequest(decodeResult: success, version: HTTP/1.1, content: EmptyByteBufBE)
GET /json/version HTTP/1.1
User-Agent: selenium/4.1.4 (java windows)
host: localhost:49974
accept: */*

Response DefaultHttpResponse(decodeResult: success, version: HTTP/1.1)
HTTP/1.1 200 OK
Content-Type: application/json; charset=UTF-8
content-length: 429

18:32:38.163 [AsyncHttpClient-1-8] DEBUG org.asynchttpclient.netty.channel.ChannelManager - Adding key: http://localhost:49974 for channel [id: 0x2a20b19b, L:/127.0.0.1:49980 - R:localhost/127.0.0.1:49974]
18:32:38.168 [AsyncHttpClient-1-9] DEBUG org.asynchttpclient.netty.channel.NettyConnectListener - Using new Channel '[id: 0x52e167a5, L:/127.0.0.1:49981 - R:localhost/127.0.0.1:49974]' for 'GET' to '/devtools/browser/73e38c41-f6e3-469c-80d7-49edc3a30dbd'
18:32:38.168 [AsyncHttpClient-1-9] DEBUG org.asynchttpclient.netty.handler.WebSocketHandler - 

Request DefaultFullHttpRequest(decodeResult: success, version: HTTP/1.1, content: EmptyByteBufBE)
GET /devtools/browser/73e38c41-f6e3-469c-80d7-49edc3a30dbd HTTP/1.1
upgrade: websocket
connection: upgrade
sec-websocket-key: 8yEr8S3tNGjYSQBOxLA1sA==
sec-websocket-version: 13
origin: http://localhost:49974
host: localhost:49974
accept: */*
user-agent: AHC/2.1

Response DefaultHttpResponse(decodeResult: success, version: HTTP/1.1)
HTTP/1.1 101 WebSocket Protocol Handshake
Upgrade: WebSocket
Connection: Upgrade
Sec-WebSocket-Accept: QG4mQMEuke1rB+j5XRsxxENaAOk=

18:32:38.174 [Forwarding get on session a1cf4c90381146d159c8679d9ce5e162 to remote] DEBUG org.asynchttpclient.netty.request.NettyRequestSender - Using pooled Channel '[id: 0x09017107, L:/127.0.0.1:49973 - R:localhost/127.0.0.1:56647]' for 'POST' to 'http://localhost:56647/session/a1cf4c90381146d159c8679d9ce5e162/url'
18:32:38.174 [Forwarding get on session a1cf4c90381146d159c8679d9ce5e162 to remote] DEBUG org.asynchttpclient.netty.request.NettyRequestSender - Using open Channel [id: 0x09017107, L:/127.0.0.1:49973 - R:localhost/127.0.0.1:56647] for POST '/session/a1cf4c90381146d159c8679d9ce5e162/url'
18:32:38.742 [AsyncHttpClient-1-1] DEBUG org.asynchttpclient.netty.channel.DefaultChannelPool - Entry count for : http://localhost:49974 : 1
18:32:39.839 [AsyncHttpClient-1-1] DEBUG org.asynchttpclient.netty.channel.DefaultChannelPool - Entry count for : http://localhost:49974 : 1
18:32:40.601 [AsyncHttpClient-1-7] DEBUG org.asynchttpclient.netty.handler.HttpHandler - 

Request DefaultHttpRequest(decodeResult: success, version: HTTP/1.1)
POST /session/a1cf4c90381146d159c8679d9ce5e162/url HTTP/1.1
User-Agent: selenium/4.1.4 (java windows)
Content-Length: 78
Content-Type: application/json; charset=utf-8
host: localhost:56647
accept: */*

Response DefaultHttpResponse(decodeResult: success, version: HTTP/1.1)
HTTP/1.1 200 OK
Content-Type: application/json; charset=utf-8
cache-control: no-cache
content-length: 14

18:32:40.602 [AsyncHttpClient-1-7] DEBUG org.asynchttpclient.netty.channel.ChannelManager - Adding key: http://localhost:56647 for channel [id: 0x09017107, L:/127.0.0.1:49973 - R:localhost/127.0.0.1:56647]
18:32:40.603 [Forwarding setTimeout on session a1cf4c90381146d159c8679d9ce5e162 to remote] DEBUG org.asynchttpclient.netty.request.NettyRequestSender - Using pooled Channel '[id: 0x09017107, L:/127.0.0.1:49973 - R:localhost/127.0.0.1:56647]' for 'POST' to 'http://localhost:56647/session/a1cf4c90381146d159c8679d9ce5e162/timeouts'
18:32:40.603 [Forwarding setTimeout on session a1cf4c90381146d159c8679d9ce5e162 to remote] DEBUG org.asynchttpclient.netty.request.NettyRequestSender - Using open Channel [id: 0x09017107, L:/127.0.0.1:49973 - R:localhost/127.0.0.1:56647] for POST '/session/a1cf4c90381146d159c8679d9ce5e162/timeouts'
18:32:40.604 [AsyncHttpClient-1-7] DEBUG org.asynchttpclient.netty.handler.HttpHandler - 

Request DefaultHttpRequest(decodeResult: success, version: HTTP/1.1)
POST /session/a1cf4c90381146d159c8679d9ce5e162/timeouts HTTP/1.1
User-Agent: selenium/4.1.4 (java windows)
Content-Length: 22
Content-Type: application/json; charset=utf-8
host: localhost:56647
accept: */*

Response DefaultHttpResponse(decodeResult: success, version: HTTP/1.1)
HTTP/1.1 200 OK
Content-Type: application/json; charset=utf-8
cache-control: no-cache
content-length: 14

18:32:40.604 [AsyncHttpClient-1-7] DEBUG org.asynchttpclient.netty.channel.ChannelManager - Adding key: http://localhost:56647 for channel [id: 0x09017107, L:/127.0.0.1:49973 - R:localhost/127.0.0.1:56647]
18:32:40.606 [Forwarding getCurrentUrl on session a1cf4c90381146d159c8679d9ce5e162 to remote] DEBUG org.asynchttpclient.netty.request.NettyRequestSender - Using pooled Channel '[id: 0x09017107, L:/127.0.0.1:49973 - R:localhost/127.0.0.1:56647]' for 'GET' to 'http://localhost:56647/session/a1cf4c90381146d159c8679d9ce5e162/url'
18:32:40.606 [Forwarding getCurrentUrl on session a1cf4c90381146d159c8679d9ce5e162 to remote] DEBUG org.asynchttpclient.netty.request.NettyRequestSender - Using open Channel [id: 0x09017107, L:/127.0.0.1:49973 - R:localhost/127.0.0.1:56647] for GET '/session/a1cf4c90381146d159c8679d9ce5e162/url'
18:32:40.620 [AsyncHttpClient-1-7] DEBUG org.asynchttpclient.netty.handler.HttpHandler - 

Request DefaultFullHttpRequest(decodeResult: success, version: HTTP/1.1, content: EmptyByteBufBE)
GET /session/a1cf4c90381146d159c8679d9ce5e162/url HTTP/1.1
User-Agent: selenium/4.1.4 (java windows)
Cache-Control: no-cache
Content-Type: application/json; charset=utf-8
host: localhost:56647
accept: */*

Response DefaultHttpResponse(decodeResult: success, version: HTTP/1.1)
HTTP/1.1 200 OK
Content-Type: application/json; charset=utf-8
cache-control: no-cache
content-length: 60

18:32:40.620 [AsyncHttpClient-1-7] DEBUG org.asynchttpclient.netty.channel.ChannelManager - Adding key: http://localhost:56647 for channel [id: 0x09017107, L:/127.0.0.1:49973 - R:localhost/127.0.0.1:56647]
18:32:40.631 [Forwarding screenshot on session a1cf4c90381146d159c8679d9ce5e162 to remote] DEBUG org.asynchttpclient.netty.request.NettyRequestSender - Using pooled Channel '[id: 0x09017107, L:/127.0.0.1:49973 - R:localhost/127.0.0.1:56647]' for 'GET' to 'http://localhost:56647/session/a1cf4c90381146d159c8679d9ce5e162/screenshot'
18:32:40.631 [Forwarding screenshot on session a1cf4c90381146d159c8679d9ce5e162 to remote] DEBUG org.asynchttpclient.netty.request.NettyRequestSender - Using open Channel [id: 0x09017107, L:/127.0.0.1:49973 - R:localhost/127.0.0.1:56647] for GET '/session/a1cf4c90381146d159c8679d9ce5e162/screenshot'
18:32:40.844 [AsyncHttpClient-1-7] DEBUG org.asynchttpclient.netty.handler.HttpHandler - 

Request DefaultFullHttpRequest(decodeResult: success, version: HTTP/1.1, content: EmptyByteBufBE)
GET /session/a1cf4c90381146d159c8679d9ce5e162/screenshot HTTP/1.1
User-Agent: selenium/4.1.4 (java windows)
Cache-Control: no-cache
Content-Type: application/json; charset=utf-8
host: localhost:56647
accept: */*

Response DefaultHttpResponse(decodeResult: success, version: HTTP/1.1)
HTTP/1.1 200 OK
Content-Type: application/json; charset=utf-8
cache-control: no-cache
content-length: 380436

18:32:40.845 [AsyncHttpClient-1-7] DEBUG org.asynchttpclient.netty.channel.ChannelManager - Adding key: http://localhost:56647 for channel [id: 0x09017107, L:/127.0.0.1:49973 - R:localhost/127.0.0.1:56647]
18:32:40.851 [main] DEBUG net.serenitybdd.core.photography.Darkroom - Send negative for processing for target\site\serenity\d122c364c40ece9db0ad32cd97c3fcf63e95ba606118dda8d3e5a1d2b8235ce2.png
18:32:40.851 [main] DEBUG net.thucydides.core.steps.StepInterceptor - STEP DONE: openLogin
  &amp#27;[32mGiven &amp#27;[0m&amp#27;[32mOpen login page&amp#27;[0m                                                         &amp#27;[90m# starter.stepdefinitios.LoginSteps.openLoginPage()&amp#27;[0m
18:32:40.948 [AsyncHttpClient-1-1] DEBUG org.asynchttpclient.netty.channel.DefaultChannelPool - Entry count for : http://localhost:56647 : 1
18:32:40.948 [AsyncHttpClient-1-1] DEBUG org.asynchttpclient.netty.channel.DefaultChannelPool - Entry count for : http://localhost:49974 : 1
18:32:41.375 [Forwarding findElement on session a1cf4c90381146d159c8679d9ce5e162 to remote] DEBUG org.asynchttpclient.netty.request.NettyRequestSender - Using pooled Channel '[id: 0x09017107, L:/127.0.0.1:49973 - R:localhost/127.0.0.1:56647]' for 'POST' to 'http://localhost:56647/session/a1cf4c90381146d159c8679d9ce5e162/element'
18:32:41.375 [Forwarding findElement on session a1cf4c90381146d159c8679d9ce5e162 to remote] DEBUG org.asynchttpclient.netty.request.NettyRequestSender - Using open Channel [id: 0x09017107, L:/127.0.0.1:49973 - R:localhost/127.0.0.1:56647] for POST '/session/a1cf4c90381146d159c8679d9ce5e162/element'
18:32:41.402 [AsyncHttpClient-1-7] DEBUG org.asynchttpclient.netty.handler.HttpHandler - 

Request DefaultHttpRequest(decodeResult: success, version: HTTP/1.1)
POST /session/a1cf4c90381146d159c8679d9ce5e162/element HTTP/1.1
User-Agent: selenium/4.1.4 (java windows)
Content-Length: 70
Content-Type: application/json; charset=utf-8
host: localhost:56647
accept: */*

Response DefaultHttpResponse(decodeResult: success, version: HTTP/1.1)
HTTP/1.1 200 OK
Content-Type: application/json; charset=utf-8
cache-control: no-cache
content-length: 88

18:32:41.402 [AsyncHttpClient-1-7] DEBUG org.asynchttpclient.netty.channel.ChannelManager - Adding key: http://localhost:56647 for channel [id: 0x09017107, L:/127.0.0.1:49973 - R:localhost/127.0.0.1:56647]
18:32:41.403 [Forwarding sendKeysToElement on session a1cf4c90381146d159c8679d9ce5e162 to remote] DEBUG org.asynchttpclient.netty.request.NettyRequestSender - Using pooled Channel '[id: 0x09017107, L:/127.0.0.1:49973 - R:localhost/127.0.0.1:56647]' for 'POST' to 'http://localhost:56647/session/a1cf4c90381146d159c8679d9ce5e162/element/cd3d91bb-6727-40fa-8b1d-f8392bc0f909/value'
18:32:41.403 [Forwarding sendKeysToElement on session a1cf4c90381146d159c8679d9ce5e162 to remote] DEBUG org.asynchttpclient.netty.request.NettyRequestSender - Using open Channel [id: 0x09017107, L:/127.0.0.1:49973 - R:localhost/127.0.0.1:56647] for POST '/session/a1cf4c90381146d159c8679d9ce5e162/element/cd3d91bb-6727-40fa-8b1d-f8392bc0f909/value'
18:32:41.484 [AsyncHttpClient-1-7] DEBUG org.asynchttpclient.netty.handler.HttpHandler - 

Request DefaultHttpRequest(decodeResult: success, version: HTTP/1.1)
POST /session/a1cf4c90381146d159c8679d9ce5e162/element/cd3d91bb-6727-40fa-8b1d-f8392bc0f909/value HTTP/1.1
User-Agent: selenium/4.1.4 (java windows)
Content-Length: 131
Content-Type: application/json; charset=utf-8
host: localhost:56647
accept: */*

Response DefaultHttpResponse(decodeResult: success, version: HTTP/1.1)
HTTP/1.1 200 OK
Content-Type: application/json; charset=utf-8
cache-control: no-cache
content-length: 14

18:32:41.484 [AsyncHttpClient-1-7] DEBUG org.asynchttpclient.netty.channel.ChannelManager - Adding key: http://localhost:56647 for channel [id: 0x09017107, L:/127.0.0.1:49973 - R:localhost/127.0.0.1:56647]
  &amp#27;[32mAnd &amp#27;[0m&amp#27;[32mI input &amp#27;[0m&amp#27;[32m&amp#27;[1m"admin"&amp#27;[0m&amp#27;[32m login email valid&amp#27;[0m                                         &amp#27;[90m# starter.stepdefinitios.LoginSteps.iInputLoginEmailValid(java.lang.String)&amp#27;[0m
18:32:41.517 [Forwarding screenshot on session a1cf4c90381146d159c8679d9ce5e162 to remote] DEBUG org.asynchttpclient.netty.request.NettyRequestSender - Using pooled Channel '[id: 0x09017107, L:/127.0.0.1:49973 - R:localhost/127.0.0.1:56647]' for 'GET' to 'http://localhost:56647/session/a1cf4c90381146d159c8679d9ce5e162/screenshot'
18:32:41.517 [Forwarding screenshot on session a1cf4c90381146d159c8679d9ce5e162 to remote] DEBUG org.asynchttpclient.netty.request.NettyRequestSender - Using open Channel [id: 0x09017107, L:/127.0.0.1:49973 - R:localhost/127.0.0.1:56647] for GET '/session/a1cf4c90381146d159c8679d9ce5e162/screenshot'
18:32:41.727 [AsyncHttpClient-1-7] DEBUG org.asynchttpclient.netty.handler.HttpHandler - 

Request DefaultFullHttpRequest(decodeResult: success, version: HTTP/1.1, content: EmptyByteBufBE)
GET /session/a1cf4c90381146d159c8679d9ce5e162/screenshot HTTP/1.1
User-Agent: selenium/4.1.4 (java windows)
Cache-Control: no-cache
Content-Type: application/json; charset=utf-8
host: localhost:56647
accept: */*

Response DefaultHttpResponse(decodeResult: success, version: HTTP/1.1)
HTTP/1.1 200 OK
Content-Type: application/json; charset=utf-8
cache-control: no-cache
content-length: 379420

18:32:41.727 [AsyncHttpClient-1-7] DEBUG org.asynchttpclient.netty.channel.ChannelManager - Adding key: http://localhost:56647 for channel [id: 0x09017107, L:/127.0.0.1:49973 - R:localhost/127.0.0.1:56647]
18:32:41.737 [main] DEBUG net.serenitybdd.core.photography.Darkroom - Send negative for processing for target\site\serenity\93df20195d3751dea78ac30a105f84d37c410e0341f58ded6fb231b5b47402e6.png
18:32:42.035 [AsyncHttpClient-1-1] DEBUG org.asynchttpclient.netty.channel.DefaultChannelPool - Entry count for : http://localhost:56647 : 1
18:32:42.035 [AsyncHttpClient-1-1] DEBUG org.asynchttpclient.netty.channel.DefaultChannelPool - Entry count for : http://localhost:49974 : 1
18:32:42.273 [Forwarding screenshot on session a1cf4c90381146d159c8679d9ce5e162 to remote] DEBUG org.asynchttpclient.netty.request.NettyRequestSender - Using pooled Channel '[id: 0x09017107, L:/127.0.0.1:49973 - R:localhost/127.0.0.1:56647]' for 'GET' to 'http://localhost:56647/session/a1cf4c90381146d159c8679d9ce5e162/screenshot'
18:32:42.273 [Forwarding screenshot on session a1cf4c90381146d159c8679d9ce5e162 to remote] DEBUG org.asynchttpclient.netty.request.NettyRequestSender - Using open Channel [id: 0x09017107, L:/127.0.0.1:49973 - R:localhost/127.0.0.1:56647] for GET '/session/a1cf4c90381146d159c8679d9ce5e162/screenshot'
18:32:42.484 [AsyncHttpClient-1-7] DEBUG org.asynchttpclient.netty.handler.HttpHandler - 

Request DefaultFullHttpRequest(decodeResult: success, version: HTTP/1.1, content: EmptyByteBufBE)
GET /session/a1cf4c90381146d159c8679d9ce5e162/screenshot HTTP/1.1
User-Agent: selenium/4.1.4 (java windows)
Cache-Control: no-cache
Content-Type: application/json; charset=utf-8
host: localhost:56647
accept: */*

Response DefaultHttpResponse(decodeResult: success, version: HTTP/1.1)
HTTP/1.1 200 OK
Content-Type: application/json; charset=utf-8
cache-control: no-cache
content-length: 379404

18:32:42.484 [AsyncHttpClient-1-7] DEBUG org.asynchttpclient.netty.channel.ChannelManager - Adding key: http://localhost:56647 for channel [id: 0x09017107, L:/127.0.0.1:49973 - R:localhost/127.0.0.1:56647]
18:32:42.497 [main] DEBUG net.serenitybdd.core.photography.Darkroom - Send negative for processing for target\site\serenity\f684e1524ced0278b0b6c6b37709a7cbfb8281aeb576b04a4743fda17448b798.png
18:32:42.504 [main] DEBUG net.thucydides.core.steps.StepInterceptor - STARTING STEP: LoginSteps.iInputLoginPasswordValid - inputPasswordLogin
18:32:42.506 [Forwarding findElement on session a1cf4c90381146d159c8679d9ce5e162 to remote] DEBUG org.asynchttpclient.netty.request.NettyRequestSender - Using pooled Channel '[id: 0x09017107, L:/127.0.0.1:49973 - R:localhost/127.0.0.1:56647]' for 'POST' to 'http://localhost:56647/session/a1cf4c90381146d159c8679d9ce5e162/element'
18:32:42.506 [Forwarding findElement on session a1cf4c90381146d159c8679d9ce5e162 to remote] DEBUG org.asynchttpclient.netty.request.NettyRequestSender - Using open Channel [id: 0x09017107, L:/127.0.0.1:49973 - R:localhost/127.0.0.1:56647] for POST '/session/a1cf4c90381146d159c8679d9ce5e162/element'
18:32:42.516 [AsyncHttpClient-1-7] DEBUG org.asynchttpclient.netty.handler.HttpHandler - 

Request DefaultHttpRequest(decodeResult: success, version: HTTP/1.1)
POST /session/a1cf4c90381146d159c8679d9ce5e162/element HTTP/1.1
User-Agent: selenium/4.1.4 (java windows)
Content-Length: 70
Content-Type: application/json; charset=utf-8
host: localhost:56647
accept: */*

Response DefaultHttpResponse(decodeResult: success, version: HTTP/1.1)
HTTP/1.1 200 OK
Content-Type: application/json; charset=utf-8
cache-control: no-cache
content-length: 88

18:32:42.516 [AsyncHttpClient-1-7] DEBUG org.asynchttpclient.netty.channel.ChannelManager - Adding key: http://localhost:56647 for channel [id: 0x09017107, L:/127.0.0.1:49973 - R:localhost/127.0.0.1:56647]
18:32:42.517 [Forwarding sendKeysToElement on session a1cf4c90381146d159c8679d9ce5e162 to remote] DEBUG org.asynchttpclient.netty.request.NettyRequestSender - Using pooled Channel '[id: 0x09017107, L:/127.0.0.1:49973 - R:localhost/127.0.0.1:56647]' for 'POST' to 'http://localhost:56647/session/a1cf4c90381146d159c8679d9ce5e162/element/99e1d592-d0ca-4b2e-81c8-c42fa587ec76/value'
18:32:42.517 [Forwarding sendKeysToElement on session a1cf4c90381146d159c8679d9ce5e162 to remote] DEBUG org.asynchttpclient.netty.request.NettyRequestSender - Using open Channel [id: 0x09017107, L:/127.0.0.1:49973 - R:localhost/127.0.0.1:56647] for POST '/session/a1cf4c90381146d159c8679d9ce5e162/element/99e1d592-d0ca-4b2e-81c8-c42fa587ec76/value'
18:32:42.605 [AsyncHttpClient-1-7] DEBUG org.asynchttpclient.netty.handler.HttpHandler - 

Request DefaultHttpRequest(decodeResult: success, version: HTTP/1.1)
POST /session/a1cf4c90381146d159c8679d9ce5e162/element/99e1d592-d0ca-4b2e-81c8-c42fa587ec76/value HTTP/1.1
User-Agent: selenium/4.1.4 (java windows)
Content-Length: 161
Content-Type: application/json; charset=utf-8
host: localhost:56647
accept: */*

Response DefaultHttpResponse(decodeResult: success, version: HTTP/1.1)
HTTP/1.1 200 OK
Content-Type: application/json; charset=utf-8
cache-control: no-cache
content-length: 14

18:32:42.605 [AsyncHttpClient-1-7] DEBUG org.asynchttpclient.netty.channel.ChannelManager - Adding key: http://localhost:56647 for channel [id: 0x09017107, L:/127.0.0.1:49973 - R:localhost/127.0.0.1:56647]
18:32:42.610 [Forwarding screenshot on session a1cf4c90381146d159c8679d9ce5e162 to remote] DEBUG org.asynchttpclient.netty.request.NettyRequestSender - Using pooled Channel '[id: 0x09017107, L:/127.0.0.1:49973 - R:localhost/127.0.0.1:56647]' for 'GET' to 'http://localhost:56647/session/a1cf4c90381146d159c8679d9ce5e162/screenshot'
18:32:42.610 [Forwarding screenshot on session a1cf4c90381146d159c8679d9ce5e162 to remote] DEBUG org.asynchttpclient.netty.request.NettyRequestSender - Using open Channel [id: 0x09017107, L:/127.0.0.1:49973 - R:localhost/127.0.0.1:56647] for GET '/session/a1cf4c90381146d159c8679d9ce5e162/screenshot'
18:32:42.818 [AsyncHttpClient-1-7] DEBUG org.asynchttpclient.netty.handler.HttpHandler - 

Request DefaultFullHttpRequest(decodeResult: success, version: HTTP/1.1, content: EmptyByteBufBE)
GET /session/a1cf4c90381146d159c8679d9ce5e162/screenshot HTTP/1.1
User-Agent: selenium/4.1.4 (java windows)
Cache-Control: no-cache
Content-Type: application/json; charset=utf-8
host: localhost:56647
accept: */*

Response DefaultHttpResponse(decodeResult: success, version: HTTP/1.1)
HTTP/1.1 200 OK
Content-Type: application/json; charset=utf-8
cache-control: no-cache
content-length: 377580

18:32:42.818 [AsyncHttpClient-1-7] DEBUG org.asynchttpclient.netty.channel.ChannelManager - Adding key: http://localhost:56647 for channel [id: 0x09017107, L:/127.0.0.1:49973 - R:localhost/127.0.0.1:56647]
18:32:42.828 [main] DEBUG net.serenitybdd.core.photography.Darkroom - Send negative for processing for target\site\serenity\44fa0aa493cf3a3837a7fab79c30bded8f584eda85d2cfd055a7ef5b4e3f0a4a.png
18:32:42.829 [main] DEBUG net.thucydides.core.steps.StepInterceptor - STEP DONE: inputPasswordLogin
  &amp#27;[32mAnd &amp#27;[0m&amp#27;[32mI input &amp#27;[0m&amp#27;[32m&amp#27;[1m"admin123"&amp#27;[0m&amp#27;[32m login password valid&amp#27;[0m                                   &amp#27;[90m# starter.stepdefinitios.LoginSteps.iInputLoginPasswordValid(java.lang.String)&amp#27;[0m
18:32:42.843 [main] DEBUG net.thucydides.core.steps.StepInterceptor - STARTING STEP: LoginSteps.iClickButtonLogin - clickButtonLogin
18:32:42.843 [Forwarding findElement on session a1cf4c90381146d159c8679d9ce5e162 to remote] DEBUG org.asynchttpclient.netty.request.NettyRequestSender - Using pooled Channel '[id: 0x09017107, L:/127.0.0.1:49973 - R:localhost/127.0.0.1:56647]' for 'POST' to 'http://localhost:56647/session/a1cf4c90381146d159c8679d9ce5e162/element'
18:32:42.843 [Forwarding findElement on session a1cf4c90381146d159c8679d9ce5e162 to remote] DEBUG org.asynchttpclient.netty.request.NettyRequestSender - Using open Channel [id: 0x09017107, L:/127.0.0.1:49973 - R:localhost/127.0.0.1:56647] for POST '/session/a1cf4c90381146d159c8679d9ce5e162/element'
18:32:42.858 [AsyncHttpClient-1-7] DEBUG org.asynchttpclient.netty.handler.HttpHandler - 

Request DefaultHttpRequest(decodeResult: success, version: HTTP/1.1)
POST /session/a1cf4c90381146d159c8679d9ce5e162/element HTTP/1.1
User-Agent: selenium/4.1.4 (java windows)
Content-Length: 68
Content-Type: application/json; charset=utf-8
host: localhost:56647
accept: */*

Response DefaultHttpResponse(decodeResult: success, version: HTTP/1.1)
HTTP/1.1 200 OK
Content-Type: application/json; charset=utf-8
cache-control: no-cache
content-length: 88

18:32:42.858 [AsyncHttpClient-1-7] DEBUG org.asynchttpclient.netty.channel.ChannelManager - Adding key: http://localhost:56647 for channel [id: 0x09017107, L:/127.0.0.1:49973 - R:localhost/127.0.0.1:56647]
18:32:42.859 [Forwarding getElementTagName on session a1cf4c90381146d159c8679d9ce5e162 to remote] DEBUG org.asynchttpclient.netty.request.NettyRequestSender - Using pooled Channel '[id: 0x09017107, L:/127.0.0.1:49973 - R:localhost/127.0.0.1:56647]' for 'GET' to 'http://localhost:56647/session/a1cf4c90381146d159c8679d9ce5e162/element/bfe7766b-6714-4352-9e72-be00a4e7a522/name'
18:32:42.859 [Forwarding getElementTagName on session a1cf4c90381146d159c8679d9ce5e162 to remote] DEBUG org.asynchttpclient.netty.request.NettyRequestSender - Using open Channel [id: 0x09017107, L:/127.0.0.1:49973 - R:localhost/127.0.0.1:56647] for GET '/session/a1cf4c90381146d159c8679d9ce5e162/element/bfe7766b-6714-4352-9e72-be00a4e7a522/name'
18:32:42.863 [AsyncHttpClient-1-7] DEBUG org.asynchttpclient.netty.handler.HttpHandler - 

Request DefaultFullHttpRequest(decodeResult: success, version: HTTP/1.1, content: EmptyByteBufBE)
GET /session/a1cf4c90381146d159c8679d9ce5e162/element/bfe7766b-6714-4352-9e72-be00a4e7a522/name HTTP/1.1
User-Agent: selenium/4.1.4 (java windows)
Cache-Control: no-cache
Content-Type: application/json; charset=utf-8
host: localhost:56647
accept: */*

Response DefaultHttpResponse(decodeResult: success, version: HTTP/1.1)
HTTP/1.1 200 OK
Content-Type: application/json; charset=utf-8
cache-control: no-cache
content-length: 18

18:32:42.863 [AsyncHttpClient-1-7] DEBUG org.asynchttpclient.netty.channel.ChannelManager - Adding key: http://localhost:56647 for channel [id: 0x09017107, L:/127.0.0.1:49973 - R:localhost/127.0.0.1:56647]
18:32:42.864 [Forwarding getElementTagName on session a1cf4c90381146d159c8679d9ce5e162 to remote] DEBUG org.asynchttpclient.netty.request.NettyRequestSender - Using pooled Channel '[id: 0x09017107, L:/127.0.0.1:49973 - R:localhost/127.0.0.1:56647]' for 'GET' to 'http://localhost:56647/session/a1cf4c90381146d159c8679d9ce5e162/element/bfe7766b-6714-4352-9e72-be00a4e7a522/name'
18:32:42.864 [Forwarding getElementTagName on session a1cf4c90381146d159c8679d9ce5e162 to remote] DEBUG org.asynchttpclient.netty.request.NettyRequestSender - Using open Channel [id: 0x09017107, L:/127.0.0.1:49973 - R:localhost/127.0.0.1:56647] for GET '/session/a1cf4c90381146d159c8679d9ce5e162/element/bfe7766b-6714-4352-9e72-be00a4e7a522/name'
18:32:42.867 [AsyncHttpClient-1-7] DEBUG org.asynchttpclient.netty.handler.HttpHandler - 

Request DefaultFullHttpRequest(decodeResult: success, version: HTTP/1.1, content: EmptyByteBufBE)
GET /session/a1cf4c90381146d159c8679d9ce5e162/element/bfe7766b-6714-4352-9e72-be00a4e7a522/name HTTP/1.1
User-Agent: selenium/4.1.4 (java windows)
Cache-Control: no-cache
Content-Type: application/json; charset=utf-8
host: localhost:56647
accept: */*

Response DefaultHttpResponse(decodeResult: success, version: HTTP/1.1)
HTTP/1.1 200 OK
Content-Type: application/json; charset=utf-8
cache-control: no-cache
content-length: 18

18:32:42.867 [AsyncHttpClient-1-7] DEBUG org.asynchttpclient.netty.channel.ChannelManager - Adding key: http://localhost:56647 for channel [id: 0x09017107, L:/127.0.0.1:49973 - R:localhost/127.0.0.1:56647]
18:32:42.869 [Forwarding isElementEnabled on session a1cf4c90381146d159c8679d9ce5e162 to remote] DEBUG org.asynchttpclient.netty.request.NettyRequestSender - Using pooled Channel '[id: 0x09017107, L:/127.0.0.1:49973 - R:localhost/127.0.0.1:56647]' for 'GET' to 'http://localhost:56647/session/a1cf4c90381146d159c8679d9ce5e162/element/bfe7766b-6714-4352-9e72-be00a4e7a522/enabled'
18:32:42.869 [Forwarding isElementEnabled on session a1cf4c90381146d159c8679d9ce5e162 to remote] DEBUG org.asynchttpclient.netty.request.NettyRequestSender - Using open Channel [id: 0x09017107, L:/127.0.0.1:49973 - R:localhost/127.0.0.1:56647] for GET '/session/a1cf4c90381146d159c8679d9ce5e162/element/bfe7766b-6714-4352-9e72-be00a4e7a522/enabled'
18:32:42.876 [AsyncHttpClient-1-7] DEBUG org.asynchttpclient.netty.handler.HttpHandler - 

Request DefaultFullHttpRequest(decodeResult: success, version: HTTP/1.1, content: EmptyByteBufBE)
GET /session/a1cf4c90381146d159c8679d9ce5e162/element/bfe7766b-6714-4352-9e72-be00a4e7a522/enabled HTTP/1.1
User-Agent: selenium/4.1.4 (java windows)
Cache-Control: no-cache
Content-Type: application/json; charset=utf-8
host: localhost:56647
accept: */*

Response DefaultHttpResponse(decodeResult: success, version: HTTP/1.1)
HTTP/1.1 200 OK
Content-Type: application/json; charset=utf-8
cache-control: no-cache
content-length: 14

18:32:42.876 [AsyncHttpClient-1-7] DEBUG org.asynchttpclient.netty.channel.ChannelManager - Adding key: http://localhost:56647 for channel [id: 0x09017107, L:/127.0.0.1:49973 - R:localhost/127.0.0.1:56647]
18:32:42.877 [Forwarding isElementEnabled on session a1cf4c90381146d159c8679d9ce5e162 to remote] DEBUG org.asynchttpclient.netty.request.NettyRequestSender - Using pooled Channel '[id: 0x09017107, L:/127.0.0.1:49973 - R:localhost/127.0.0.1:56647]' for 'GET' to 'http://localhost:56647/session/a1cf4c90381146d159c8679d9ce5e162/element/bfe7766b-6714-4352-9e72-be00a4e7a522/enabled'
18:32:42.877 [Forwarding isElementEnabled on session a1cf4c90381146d159c8679d9ce5e162 to remote] DEBUG org.asynchttpclient.netty.request.NettyRequestSender - Using open Channel [id: 0x09017107, L:/127.0.0.1:49973 - R:localhost/127.0.0.1:56647] for GET '/session/a1cf4c90381146d159c8679d9ce5e162/element/bfe7766b-6714-4352-9e72-be00a4e7a522/enabled'
18:32:42.888 [AsyncHttpClient-1-7] DEBUG org.asynchttpclient.netty.handler.HttpHandler - 

Request DefaultFullHttpRequest(decodeResult: success, version: HTTP/1.1, content: EmptyByteBufBE)
GET /session/a1cf4c90381146d159c8679d9ce5e162/element/bfe7766b-6714-4352-9e72-be00a4e7a522/enabled HTTP/1.1
User-Agent: selenium/4.1.4 (java windows)
Cache-Control: no-cache
Content-Type: application/json; charset=utf-8
host: localhost:56647
accept: */*

Response DefaultHttpResponse(decodeResult: success, version: HTTP/1.1)
HTTP/1.1 200 OK
Content-Type: application/json; charset=utf-8
cache-control: no-cache
content-length: 14

18:32:42.888 [AsyncHttpClient-1-7] DEBUG org.asynchttpclient.netty.channel.ChannelManager - Adding key: http://localhost:56647 for channel [id: 0x09017107, L:/127.0.0.1:49973 - R:localhost/127.0.0.1:56647]
18:32:42.889 [Forwarding findElement on session a1cf4c90381146d159c8679d9ce5e162 to remote] DEBUG org.asynchttpclient.netty.request.NettyRequestSender - Using pooled Channel '[id: 0x09017107, L:/127.0.0.1:49973 - R:localhost/127.0.0.1:56647]' for 'POST' to 'http://localhost:56647/session/a1cf4c90381146d159c8679d9ce5e162/element'
18:32:42.889 [Forwarding findElement on session a1cf4c90381146d159c8679d9ce5e162 to remote] DEBUG org.asynchttpclient.netty.request.NettyRequestSender - Using open Channel [id: 0x09017107, L:/127.0.0.1:49973 - R:localhost/127.0.0.1:56647] for POST '/session/a1cf4c90381146d159c8679d9ce5e162/element'
18:32:42.905 [AsyncHttpClient-1-7] DEBUG org.asynchttpclient.netty.handler.HttpHandler - 

Request DefaultHttpRequest(decodeResult: success, version: HTTP/1.1)
POST /session/a1cf4c90381146d159c8679d9ce5e162/element HTTP/1.1
User-Agent: selenium/4.1.4 (java windows)
Content-Length: 68
Content-Type: application/json; charset=utf-8
host: localhost:56647
accept: */*

Response DefaultHttpResponse(decodeResult: success, version: HTTP/1.1)
HTTP/1.1 200 OK
Content-Type: application/json; charset=utf-8
cache-control: no-cache
content-length: 88

18:32:42.905 [AsyncHttpClient-1-7] DEBUG org.asynchttpclient.netty.channel.ChannelManager - Adding key: http://localhost:56647 for channel [id: 0x09017107, L:/127.0.0.1:49973 - R:localhost/127.0.0.1:56647]
18:32:42.906 [Forwarding clickElement on session a1cf4c90381146d159c8679d9ce5e162 to remote] DEBUG org.asynchttpclient.netty.request.NettyRequestSender - Using pooled Channel '[id: 0x09017107, L:/127.0.0.1:49973 - R:localhost/127.0.0.1:56647]' for 'POST' to 'http://localhost:56647/session/a1cf4c90381146d159c8679d9ce5e162/element/bfe7766b-6714-4352-9e72-be00a4e7a522/click'
18:32:42.906 [Forwarding clickElement on session a1cf4c90381146d159c8679d9ce5e162 to remote] DEBUG org.asynchttpclient.netty.request.NettyRequestSender - Using open Channel [id: 0x09017107, L:/127.0.0.1:49973 - R:localhost/127.0.0.1:56647] for POST '/session/a1cf4c90381146d159c8679d9ce5e162/element/bfe7766b-6714-4352-9e72-be00a4e7a522/click'
18:32:42.975 [AsyncHttpClient-1-7] DEBUG org.asynchttpclient.netty.handler.HttpHandler - 

Request DefaultHttpRequest(decodeResult: success, version: HTTP/1.1)
POST /session/a1cf4c90381146d159c8679d9ce5e162/element/bfe7766b-6714-4352-9e72-be00a4e7a522/click HTTP/1.1
User-Agent: selenium/4.1.4 (java windows)
Content-Length: 50
Content-Type: application/json; charset=utf-8
host: localhost:56647
accept: */*

Response DefaultHttpResponse(decodeResult: success, version: HTTP/1.1)
HTTP/1.1 200 OK
Content-Type: application/json; charset=utf-8
cache-control: no-cache
content-length: 14

18:32:42.975 [AsyncHttpClient-1-7] DEBUG org.asynchttpclient.netty.channel.ChannelManager - Adding key: http://localhost:56647 for channel [id: 0x09017107, L:/127.0.0.1:49973 - R:localhost/127.0.0.1:56647]
18:32:42.980 [Forwarding screenshot on session a1cf4c90381146d159c8679d9ce5e162 to remote] DEBUG org.asynchttpclient.netty.request.NettyRequestSender - Using pooled Channel '[id: 0x09017107, L:/127.0.0.1:49973 - R:localhost/127.0.0.1:56647]' for 'GET' to 'http://localhost:56647/session/a1cf4c90381146d159c8679d9ce5e162/screenshot'
18:32:42.980 [Forwarding screenshot on session a1cf4c90381146d159c8679d9ce5e162 to remote] DEBUG org.asynchttpclient.netty.request.NettyRequestSender - Using open Channel [id: 0x09017107, L:/127.0.0.1:49973 - R:localhost/127.0.0.1:56647] for GET '/session/a1cf4c90381146d159c8679d9ce5e162/screenshot'
18:32:43.139 [AsyncHttpClient-1-1] DEBUG org.asynchttpclient.netty.channel.DefaultChannelPool - Entry count for : http://localhost:49974 : 1
18:32:43.282 [AsyncHttpClient-1-7] DEBUG org.asynchttpclient.netty.handler.HttpHandler - 

Request DefaultFullHttpRequest(decodeResult: success, version: HTTP/1.1, content: EmptyByteBufBE)
GET /session/a1cf4c90381146d159c8679d9ce5e162/screenshot HTTP/1.1
User-Agent: selenium/4.1.4 (java windows)
Cache-Control: no-cache
Content-Type: application/json; charset=utf-8
host: localhost:56647
accept: */*

Response DefaultHttpResponse(decodeResult: success, version: HTTP/1.1)
HTTP/1.1 200 OK
Content-Type: application/json; charset=utf-8
cache-control: no-cache
content-length: 342256

18:32:43.283 [AsyncHttpClient-1-7] DEBUG org.asynchttpclient.netty.channel.ChannelManager - Adding key: http://localhost:56647 for channel [id: 0x09017107, L:/127.0.0.1:49973 - R:localhost/127.0.0.1:56647]
18:32:43.291 [main] DEBUG net.serenitybdd.core.photography.Darkroom - Send negative for processing for target\site\serenity\075f0778f36b86de6bd5bc38d03ede79d9d87075d4b473f2e37b352dd096d82c.png
18:32:43.291 [main] DEBUG net.thucydides.core.steps.StepInterceptor - STEP DONE: clickButtonLogin
18:32:43.291 [Darkroom Processing Line] DEBUG net.serenitybdd.core.photography.DarkroomProcessingLine - Processing screenshot image in /var/screenshots/screenshot-3902324552507944471
18:32:43.291 [Darkroom Processing Line] DEBUG net.serenitybdd.core.photography.DarkroomProcessingLine - Saving screenshot to target\site\serenity\075f0778f36b86de6bd5bc38d03ede79d9d87075d4b473f2e37b352dd096d82c.png
18:32:44.235 [AsyncHttpClient-1-1] DEBUG org.asynchttpclient.netty.channel.DefaultChannelPool - Entry count for : http://localhost:56647 : 1
18:32:44.235 [AsyncHttpClient-1-1] DEBUG org.asynchttpclient.netty.channel.DefaultChannelPool - Entry count for : http://localhost:49974 : 1
  &amp#27;[32mAnd &amp#27;[0m&amp#27;[32mI click button login&amp#27;[0m                                                      &amp#27;[90m# starter.stepdefinitios.LoginSteps.iClickButtonLogin()&amp#27;[0m
18:32:44.300 [Forwarding screenshot on session a1cf4c90381146d159c8679d9ce5e162 to remote] DEBUG org.asynchttpclient.netty.request.NettyRequestSender - Using pooled Channel '[id: 0x09017107, L:/127.0.0.1:49973 - R:localhost/127.0.0.1:56647]' for 'GET' to 'http://localhost:56647/session/a1cf4c90381146d159c8679d9ce5e162/screenshot'
18:32:44.300 [Forwarding screenshot on session a1cf4c90381146d159c8679d9ce5e162 to remote] DEBUG org.asynchttpclient.netty.request.NettyRequestSender - Using open Channel [id: 0x09017107, L:/127.0.0.1:49973 - R:localhost/127.0.0.1:56647] for GET '/session/a1cf4c90381146d159c8679d9ce5e162/screenshot'
18:32:44.554 [AsyncHttpClient-1-7] DEBUG org.asynchttpclient.netty.handler.HttpHandler - 

Request DefaultFullHttpRequest(decodeResult: success, version: HTTP/1.1, content: EmptyByteBufBE)
GET /session/a1cf4c90381146d159c8679d9ce5e162/screenshot HTTP/1.1
User-Agent: selenium/4.1.4 (java windows)
Cache-Control: no-cache
Content-Type: application/json; charset=utf-8
host: localhost:56647
accept: */*

Response DefaultHttpResponse(decodeResult: success, version: HTTP/1.1)
HTTP/1.1 200 OK
Content-Type: application/json; charset=utf-8
cache-control: no-cache
content-length: 313084

18:32:44.554 [AsyncHttpClient-1-7] DEBUG org.asynchttpclient.netty.channel.ChannelManager - Adding key: http://localhost:56647 for channel [id: 0x09017107, L:/127.0.0.1:49973 - R:localhost/127.0.0.1:56647]
18:32:44.558 [main] DEBUG net.serenitybdd.core.photography.Darkroom - Send negative for processing for target\site\serenity\9f7ec9993222ec705031f6c57c3b3e8b996433e985e796f847bc0ef5b7ae1712.png
18:32:44.558 [Darkroom Processing Line] DEBUG net.serenitybdd.core.photography.DarkroomProcessingLine - Processing screenshot image in /var/screenshots/screenshot-14469114880594582474
18:32:44.558 [Darkroom Processing Line] DEBUG net.serenitybdd.core.photography.DarkroomProcessingLine - Saving screenshot to target\site\serenity\9f7ec9993222ec705031f6c57c3b3e8b996433e985e796f847bc0ef5b7ae1712.png
18:32:45.335 [AsyncHttpClient-1-1] DEBUG org.asynchttpclient.netty.channel.DefaultChannelPool - Entry count for : http://localhost:56647 : 1
18:32:45.335 [AsyncHttpClient-1-1] DEBUG org.asynchttpclient.netty.channel.DefaultChannelPool - Entry count for : http://localhost:49974 : 1
18:32:46.446 [AsyncHttpClient-1-1] DEBUG org.asynchttpclient.netty.channel.DefaultChannelPool - Entry count for : http://localhost:56647 : 1
18:32:46.446 [AsyncHttpClient-1-1] DEBUG org.asynchttpclient.netty.channel.DefaultChannelPool - Entry count for : http://localhost:49974 : 1
18:32:47.544 [AsyncHttpClient-1-1] DEBUG org.asynchttpclient.netty.channel.DefaultChannelPool - Entry count for : http://localhost:56647 : 1
18:32:47.544 [AsyncHttpClient-1-1] DEBUG org.asynchttpclient.netty.channel.DefaultChannelPool - Entry count for : http://localhost:49974 : 1
18:32:48.646 [AsyncHttpClient-1-1] DEBUG org.asynchttpclient.netty.channel.DefaultChannelPool - Entry count for : http://localhost:56647 : 1
18:32:48.646 [AsyncHttpClient-1-1] DEBUG org.asynchttpclient.netty.channel.DefaultChannelPool - Entry count for : http://localhost:49974 : 1
18:32:49.578 [Forwarding findElement on session a1cf4c90381146d159c8679d9ce5e162 to remote] DEBUG org.asynchttpclient.netty.request.NettyRequestSender - Using pooled Channel '[id: 0x09017107, L:/127.0.0.1:49973 - R:localhost/127.0.0.1:56647]' for 'POST' to 'http://localhost:56647/session/a1cf4c90381146d159c8679d9ce5e162/element'
18:32:49.578 [Forwarding findElement on session a1cf4c90381146d159c8679d9ce5e162 to remote] DEBUG org.asynchttpclient.netty.request.NettyRequestSender - Using open Channel [id: 0x09017107, L:/127.0.0.1:49973 - R:localhost/127.0.0.1:56647] for POST '/session/a1cf4c90381146d159c8679d9ce5e162/element'
18:32:49.605 [AsyncHttpClient-1-7] DEBUG org.asynchttpclient.netty.handler.HttpHandler - 

Request DefaultHttpRequest(decodeResult: success, version: HTTP/1.1)
POST /session/a1cf4c90381146d159c8679d9ce5e162/element HTTP/1.1
User-Agent: selenium/4.1.4 (java windows)
Content-Length: 68
Content-Type: application/json; charset=utf-8
host: localhost:56647
accept: */*

Response DefaultHttpResponse(decodeResult: success, version: HTTP/1.1)
HTTP/1.1 200 OK
Content-Type: application/json; charset=utf-8
cache-control: no-cache
content-length: 88

18:32:49.605 [AsyncHttpClient-1-7] DEBUG org.asynchttpclient.netty.channel.ChannelManager - Adding key: http://localhost:56647 for channel [id: 0x09017107, L:/127.0.0.1:49973 - R:localhost/127.0.0.1:56647]
18:32:49.606 [Forwarding isElementEnabled on session a1cf4c90381146d159c8679d9ce5e162 to remote] DEBUG org.asynchttpclient.netty.request.NettyRequestSender - Using pooled Channel '[id: 0x09017107, L:/127.0.0.1:49973 - R:localhost/127.0.0.1:56647]' for 'GET' to 'http://localhost:56647/session/a1cf4c90381146d159c8679d9ce5e162/element/88fd5219-61f3-4d11-894f-75b72195dd1c/enabled'
18:32:49.606 [Forwarding isElementEnabled on session a1cf4c90381146d159c8679d9ce5e162 to remote] DEBUG org.asynchttpclient.netty.request.NettyRequestSender - Using open Channel [id: 0x09017107, L:/127.0.0.1:49973 - R:localhost/127.0.0.1:56647] for GET '/session/a1cf4c90381146d159c8679d9ce5e162/element/88fd5219-61f3-4d11-894f-75b72195dd1c/enabled'
18:32:49.622 [AsyncHttpClient-1-7] DEBUG org.asynchttpclient.netty.handler.HttpHandler - 

Request DefaultFullHttpRequest(decodeResult: success, version: HTTP/1.1, content: EmptyByteBufBE)
GET /session/a1cf4c90381146d159c8679d9ce5e162/element/88fd5219-61f3-4d11-894f-75b72195dd1c/enabled HTTP/1.1
User-Agent: selenium/4.1.4 (java windows)
Cache-Control: no-cache
Content-Type: application/json; charset=utf-8
host: localhost:56647
accept: */*

Response DefaultHttpResponse(decodeResult: success, version: HTTP/1.1)
HTTP/1.1 200 OK
Content-Type: application/json; charset=utf-8
cache-control: no-cache
content-length: 14

18:32:49.622 [AsyncHttpClient-1-7] DEBUG org.asynchttpclient.netty.channel.ChannelManager - Adding key: http://localhost:56647 for channel [id: 0x09017107, L:/127.0.0.1:49973 - R:localhost/127.0.0.1:56647]
18:32:49.736 [AsyncHttpClient-1-1] DEBUG org.asynchttpclient.netty.channel.DefaultChannelPool - Entry count for : http://localhost:56647 : 1
18:32:49.736 [AsyncHttpClient-1-1] DEBUG org.asynchttpclient.netty.channel.DefaultChannelPool - Entry count for : http://localhost:49974 : 1
18:32:50.132 [Forwarding screenshot on session a1cf4c90381146d159c8679d9ce5e162 to remote] DEBUG org.asynchttpclient.netty.request.NettyRequestSender - Using pooled Channel '[id: 0x09017107, L:/127.0.0.1:49973 - R:localhost/127.0.0.1:56647]' for 'GET' to 'http://localhost:56647/session/a1cf4c90381146d159c8679d9ce5e162/screenshot'
18:32:50.132 [Forwarding screenshot on session a1cf4c90381146d159c8679d9ce5e162 to remote] DEBUG org.asynchttpclient.netty.request.NettyRequestSender - Using open Channel [id: 0x09017107, L:/127.0.0.1:49973 - R:localhost/127.0.0.1:56647] for GET '/session/a1cf4c90381146d159c8679d9ce5e162/screenshot'
18:32:50.377 [AsyncHttpClient-1-7] DEBUG org.asynchttpclient.netty.handler.HttpHandler - 

Request DefaultFullHttpRequest(decodeResult: success, version: HTTP/1.1, content: EmptyByteBufBE)
GET /session/a1cf4c90381146d159c8679d9ce5e162/screenshot HTTP/1.1
User-Agent: selenium/4.1.4 (java windows)
Cache-Control: no-cache
Content-Type: application/json; charset=utf-8
host: localhost:56647
accept: */*

Response DefaultHttpResponse(decodeResult: success, version: HTTP/1.1)
HTTP/1.1 200 OK
Content-Type: application/json; charset=utf-8
cache-control: no-cache
content-length: 301044

18:32:50.377 [AsyncHttpClient-1-7] DEBUG org.asynchttpclient.netty.channel.ChannelManager - Adding key: http://localhost:56647 for channel [id: 0x09017107, L:/127.0.0.1:49973 - R:localhost/127.0.0.1:56647]
18:32:50.386 [main] DEBUG net.serenitybdd.core.photography.Darkroom - Send negative for processing for target\site\serenity\163e386af0b12517552a74a3d5043b94e8c0f9215c0f21d464e3b04d27a0859d.png
18:32:50.386 [main] DEBUG net.thucydides.core.steps.StepInterceptor - STARTING STEP: LoginSteps.loginValidationInvalid - clickButtonErrorOK
18:32:50.393 [Forwarding findElement on session a1cf4c90381146d159c8679d9ce5e162 to remote] DEBUG org.asynchttpclient.netty.request.NettyRequestSender - Using pooled Channel '[id: 0x09017107, L:/127.0.0.1:49973 - R:localhost/127.0.0.1:56647]' for 'POST' to 'http://localhost:56647/session/a1cf4c90381146d159c8679d9ce5e162/element'
18:32:50.393 [Forwarding findElement on session a1cf4c90381146d159c8679d9ce5e162 to remote] DEBUG org.asynchttpclient.netty.request.NettyRequestSender - Using open Channel [id: 0x09017107, L:/127.0.0.1:49973 - R:localhost/127.0.0.1:56647] for POST '/session/a1cf4c90381146d159c8679d9ce5e162/element'
18:32:50.404 [AsyncHttpClient-1-7] DEBUG org.asynchttpclient.netty.handler.HttpHandler - 

Request DefaultHttpRequest(decodeResult: success, version: HTTP/1.1)
POST /session/a1cf4c90381146d159c8679d9ce5e162/element HTTP/1.1
User-Agent: selenium/4.1.4 (java windows)
Content-Length: 88
Content-Type: application/json; charset=utf-8
host: localhost:56647
accept: */*

Response DefaultHttpResponse(decodeResult: success, version: HTTP/1.1)
HTTP/1.1 200 OK
Content-Type: application/json; charset=utf-8
cache-control: no-cache
content-length: 88

18:32:50.404 [AsyncHttpClient-1-7] DEBUG org.asynchttpclient.netty.channel.ChannelManager - Adding key: http://localhost:56647 for channel [id: 0x09017107, L:/127.0.0.1:49973 - R:localhost/127.0.0.1:56647]
18:32:50.405 [Forwarding getElementTagName on session a1cf4c90381146d159c8679d9ce5e162 to remote] DEBUG org.asynchttpclient.netty.request.NettyRequestSender - Using pooled Channel '[id: 0x09017107, L:/127.0.0.1:49973 - R:localhost/127.0.0.1:56647]' for 'GET' to 'http://localhost:56647/session/a1cf4c90381146d159c8679d9ce5e162/element/07d353ff-5ff2-4c35-a26c-29b24284c742/name'
18:32:50.405 [Forwarding getElementTagName on session a1cf4c90381146d159c8679d9ce5e162 to remote] DEBUG org.asynchttpclient.netty.request.NettyRequestSender - Using open Channel [id: 0x09017107, L:/127.0.0.1:49973 - R:localhost/127.0.0.1:56647] for GET '/session/a1cf4c90381146d159c8679d9ce5e162/element/07d353ff-5ff2-4c35-a26c-29b24284c742/name'
18:32:50.411 [AsyncHttpClient-1-7] DEBUG org.asynchttpclient.netty.handler.HttpHandler - 

Request DefaultFullHttpRequest(decodeResult: success, version: HTTP/1.1, content: EmptyByteBufBE)
GET /session/a1cf4c90381146d159c8679d9ce5e162/element/07d353ff-5ff2-4c35-a26c-29b24284c742/name HTTP/1.1
User-Agent: selenium/4.1.4 (java windows)
Cache-Control: no-cache
Content-Type: application/json; charset=utf-8
host: localhost:56647
accept: */*

Response DefaultHttpResponse(decodeResult: success, version: HTTP/1.1)
HTTP/1.1 200 OK
Content-Type: application/json; charset=utf-8
cache-control: no-cache
content-length: 18

18:32:50.411 [AsyncHttpClient-1-7] DEBUG org.asynchttpclient.netty.channel.ChannelManager - Adding key: http://localhost:56647 for channel [id: 0x09017107, L:/127.0.0.1:49973 - R:localhost/127.0.0.1:56647]
18:32:50.412 [Forwarding getElementTagName on session a1cf4c90381146d159c8679d9ce5e162 to remote] DEBUG org.asynchttpclient.netty.request.NettyRequestSender - Using pooled Channel '[id: 0x09017107, L:/127.0.0.1:49973 - R:localhost/127.0.0.1:56647]' for 'GET' to 'http://localhost:56647/session/a1cf4c90381146d159c8679d9ce5e162/element/07d353ff-5ff2-4c35-a26c-29b24284c742/name'
18:32:50.412 [Forwarding getElementTagName on session a1cf4c90381146d159c8679d9ce5e162 to remote] DEBUG org.asynchttpclient.netty.request.NettyRequestSender - Using open Channel [id: 0x09017107, L:/127.0.0.1:49973 - R:localhost/127.0.0.1:56647] for GET '/session/a1cf4c90381146d159c8679d9ce5e162/element/07d353ff-5ff2-4c35-a26c-29b24284c742/name'
18:32:50.415 [AsyncHttpClient-1-7] DEBUG org.asynchttpclient.netty.handler.HttpHandler - 

Request DefaultFullHttpRequest(decodeResult: success, version: HTTP/1.1, content: EmptyByteBufBE)
GET /session/a1cf4c90381146d159c8679d9ce5e162/element/07d353ff-5ff2-4c35-a26c-29b24284c742/name HTTP/1.1
User-Agent: selenium/4.1.4 (java windows)
Cache-Control: no-cache
Content-Type: application/json; charset=utf-8
host: localhost:56647
accept: */*

Response DefaultHttpResponse(decodeResult: success, version: HTTP/1.1)
HTTP/1.1 200 OK
Content-Type: application/json; charset=utf-8
cache-control: no-cache
content-length: 18

18:32:50.415 [AsyncHttpClient-1-7] DEBUG org.asynchttpclient.netty.channel.ChannelManager - Adding key: http://localhost:56647 for channel [id: 0x09017107, L:/127.0.0.1:49973 - R:localhost/127.0.0.1:56647]
18:32:50.416 [Forwarding isElementEnabled on session a1cf4c90381146d159c8679d9ce5e162 to remote] DEBUG org.asynchttpclient.netty.request.NettyRequestSender - Using pooled Channel '[id: 0x09017107, L:/127.0.0.1:49973 - R:localhost/127.0.0.1:56647]' for 'GET' to 'http://localhost:56647/session/a1cf4c90381146d159c8679d9ce5e162/element/07d353ff-5ff2-4c35-a26c-29b24284c742/enabled'
18:32:50.416 [Forwarding isElementEnabled on session a1cf4c90381146d159c8679d9ce5e162 to remote] DEBUG org.asynchttpclient.netty.request.NettyRequestSender - Using open Channel [id: 0x09017107, L:/127.0.0.1:49973 - R:localhost/127.0.0.1:56647] for GET '/session/a1cf4c90381146d159c8679d9ce5e162/element/07d353ff-5ff2-4c35-a26c-29b24284c742/enabled'
18:32:50.423 [AsyncHttpClient-1-7] DEBUG org.asynchttpclient.netty.handler.HttpHandler - 

Request DefaultFullHttpRequest(decodeResult: success, version: HTTP/1.1, content: EmptyByteBufBE)
GET /session/a1cf4c90381146d159c8679d9ce5e162/element/07d353ff-5ff2-4c35-a26c-29b24284c742/enabled HTTP/1.1
User-Agent: selenium/4.1.4 (java windows)
Cache-Control: no-cache
Content-Type: application/json; charset=utf-8
host: localhost:56647
accept: */*

Response DefaultHttpResponse(decodeResult: success, version: HTTP/1.1)
HTTP/1.1 200 OK
Content-Type: application/json; charset=utf-8
cache-control: no-cache
content-length: 14

18:32:50.423 [AsyncHttpClient-1-7] DEBUG org.asynchttpclient.netty.channel.ChannelManager - Adding key: http://localhost:56647 for channel [id: 0x09017107, L:/127.0.0.1:49973 - R:localhost/127.0.0.1:56647]
18:32:50.423 [Forwarding isElementEnabled on session a1cf4c90381146d159c8679d9ce5e162 to remote] DEBUG org.asynchttpclient.netty.request.NettyRequestSender - Using pooled Channel '[id: 0x09017107, L:/127.0.0.1:49973 - R:localhost/127.0.0.1:56647]' for 'GET' to 'http://localhost:56647/session/a1cf4c90381146d159c8679d9ce5e162/element/07d353ff-5ff2-4c35-a26c-29b24284c742/enabled'
18:32:50.423 [Forwarding isElementEnabled on session a1cf4c90381146d159c8679d9ce5e162 to remote] DEBUG org.asynchttpclient.netty.request.NettyRequestSender - Using open Channel [id: 0x09017107, L:/127.0.0.1:49973 - R:localhost/127.0.0.1:56647] for GET '/session/a1cf4c90381146d159c8679d9ce5e162/element/07d353ff-5ff2-4c35-a26c-29b24284c742/enabled'
18:32:50.428 [AsyncHttpClient-1-7] DEBUG org.asynchttpclient.netty.handler.HttpHandler - 

Request DefaultFullHttpRequest(decodeResult: success, version: HTTP/1.1, content: EmptyByteBufBE)
GET /session/a1cf4c90381146d159c8679d9ce5e162/element/07d353ff-5ff2-4c35-a26c-29b24284c742/enabled HTTP/1.1
User-Agent: selenium/4.1.4 (java windows)
Cache-Control: no-cache
Content-Type: application/json; charset=utf-8
host: localhost:56647
accept: */*

Response DefaultHttpResponse(decodeResult: success, version: HTTP/1.1)
HTTP/1.1 200 OK
Content-Type: application/json; charset=utf-8
cache-control: no-cache
content-length: 14

18:32:50.428 [AsyncHttpClient-1-7] DEBUG org.asynchttpclient.netty.channel.ChannelManager - Adding key: http://localhost:56647 for channel [id: 0x09017107, L:/127.0.0.1:49973 - R:localhost/127.0.0.1:56647]
18:32:50.429 [Forwarding findElement on session a1cf4c90381146d159c8679d9ce5e162 to remote] DEBUG org.asynchttpclient.netty.request.NettyRequestSender - Using pooled Channel '[id: 0x09017107, L:/127.0.0.1:49973 - R:localhost/127.0.0.1:56647]' for 'POST' to 'http://localhost:56647/session/a1cf4c90381146d159c8679d9ce5e162/element'
18:32:50.429 [Forwarding findElement on session a1cf4c90381146d159c8679d9ce5e162 to remote] DEBUG org.asynchttpclient.netty.request.NettyRequestSender - Using open Channel [id: 0x09017107, L:/127.0.0.1:49973 - R:localhost/127.0.0.1:56647] for POST '/session/a1cf4c90381146d159c8679d9ce5e162/element'
18:32:50.435 [AsyncHttpClient-1-7] DEBUG org.asynchttpclient.netty.handler.HttpHandler - 

Request DefaultHttpRequest(decodeResult: success, version: HTTP/1.1)
POST /session/a1cf4c90381146d159c8679d9ce5e162/element HTTP/1.1
User-Agent: selenium/4.1.4 (java windows)
Content-Length: 88
Content-Type: application/json; charset=utf-8
host: localhost:56647
accept: */*

Response DefaultHttpResponse(decodeResult: success, version: HTTP/1.1)
HTTP/1.1 200 OK
Content-Type: application/json; charset=utf-8
cache-control: no-cache
content-length: 88

18:32:50.435 [AsyncHttpClient-1-7] DEBUG org.asynchttpclient.netty.channel.ChannelManager - Adding key: http://localhost:56647 for channel [id: 0x09017107, L:/127.0.0.1:49973 - R:localhost/127.0.0.1:56647]
18:32:50.435 [Forwarding clickElement on session a1cf4c90381146d159c8679d9ce5e162 to remote] DEBUG org.asynchttpclient.netty.request.NettyRequestSender - Using pooled Channel '[id: 0x09017107, L:/127.0.0.1:49973 - R:localhost/127.0.0.1:56647]' for 'POST' to 'http://localhost:56647/session/a1cf4c90381146d159c8679d9ce5e162/element/07d353ff-5ff2-4c35-a26c-29b24284c742/click'
18:32:50.435 [Forwarding clickElement on session a1cf4c90381146d159c8679d9ce5e162 to remote] DEBUG org.asynchttpclient.netty.request.NettyRequestSender - Using open Channel [id: 0x09017107, L:/127.0.0.1:49973 - R:localhost/127.0.0.1:56647] for POST '/session/a1cf4c90381146d159c8679d9ce5e162/element/07d353ff-5ff2-4c35-a26c-29b24284c742/click'
18:32:50.498 [AsyncHttpClient-1-7] DEBUG org.asynchttpclient.netty.handler.HttpHandler - 

Request DefaultHttpRequest(decodeResult: success, version: HTTP/1.1)
POST /session/a1cf4c90381146d159c8679d9ce5e162/element/07d353ff-5ff2-4c35-a26c-29b24284c742/click HTTP/1.1
User-Agent: selenium/4.1.4 (java windows)
Content-Length: 50
Content-Type: application/json; charset=utf-8
host: localhost:56647
accept: */*

Response DefaultHttpResponse(decodeResult: success, version: HTTP/1.1)
HTTP/1.1 200 OK
Content-Type: application/json; charset=utf-8
cache-control: no-cache
content-length: 14

18:32:50.498 [AsyncHttpClient-1-7] DEBUG org.asynchttpclient.netty.channel.ChannelManager - Adding key: http://localhost:56647 for channel [id: 0x09017107, L:/127.0.0.1:49973 - R:localhost/127.0.0.1:56647]
18:32:50.500 [Forwarding screenshot on session a1cf4c90381146d159c8679d9ce5e162 to remote] DEBUG org.asynchttpclient.netty.request.NettyRequestSender - Using pooled Channel '[id: 0x09017107, L:/127.0.0.1:49973 - R:localhost/127.0.0.1:56647]' for 'GET' to 'http://localhost:56647/session/a1cf4c90381146d159c8679d9ce5e162/screenshot'
18:32:50.500 [Forwarding screenshot on session a1cf4c90381146d159c8679d9ce5e162 to remote] DEBUG org.asynchttpclient.netty.request.NettyRequestSender - Using open Channel [id: 0x09017107, L:/127.0.0.1:49973 - R:localhost/127.0.0.1:56647] for GET '/session/a1cf4c90381146d159c8679d9ce5e162/screenshot'
18:32:50.840 [AsyncHttpClient-1-1] DEBUG org.asynchttpclient.netty.channel.DefaultChannelPool - Entry count for : http://localhost:49974 : 1
18:32:50.869 [AsyncHttpClient-1-7] DEBUG org.asynchttpclient.netty.handler.HttpHandler - 

Request DefaultFullHttpRequest(decodeResult: success, version: HTTP/1.1, content: EmptyByteBufBE)
GET /session/a1cf4c90381146d159c8679d9ce5e162/screenshot HTTP/1.1
User-Agent: selenium/4.1.4 (java windows)
Cache-Control: no-cache
Content-Type: application/json; charset=utf-8
host: localhost:56647
accept: */*

Response DefaultHttpResponse(decodeResult: success, version: HTTP/1.1)
HTTP/1.1 200 OK
Content-Type: application/json; charset=utf-8
cache-control: no-cache
content-length: 72916

18:32:50.869 [AsyncHttpClient-1-7] DEBUG org.asynchttpclient.netty.channel.ChannelManager - Adding key: http://localhost:56647 for channel [id: 0x09017107, L:/127.0.0.1:49973 - R:localhost/127.0.0.1:56647]
18:32:50.876 [main] DEBUG net.serenitybdd.core.photography.Darkroom - Send negative for processing for target\site\serenity\831f41d31799d8ad68e131f4b0c48018605df4015fa5084d903c60208ebb2f1d.png
18:32:50.876 [main] DEBUG net.thucydides.core.steps.StepInterceptor - STEP DONE: clickButtonErrorOK
  &amp#27;[32mAnd &amp#27;[0m&amp#27;[32mLogin validation invalid&amp#27;[0m                                                  &amp#27;[90m# starter.stepdefinitios.LoginSteps.loginValidationInvalid()&amp#27;[0m
18:32:50.876 [Darkroom Processing Line] DEBUG net.serenitybdd.core.photography.DarkroomProcessingLine - Processing screenshot image in /var/screenshots/screenshot-2563806587542237006
18:32:50.876 [Darkroom Processing Line] DEBUG net.serenitybdd.core.photography.DarkroomProcessingLine - Saving screenshot to target\site\serenity\831f41d31799d8ad68e131f4b0c48018605df4015fa5084d903c60208ebb2f1d.png
18:32:51.936 [AsyncHttpClient-1-1] DEBUG org.asynchttpclient.netty.channel.DefaultChannelPool - Entry count for : http://localhost:56647 : 1
18:32:51.936 [AsyncHttpClient-1-1] DEBUG org.asynchttpclient.netty.channel.DefaultChannelPool - Entry count for : http://localhost:49974 : 1
18:32:53.043 [AsyncHttpClient-1-1] DEBUG org.asynchttpclient.netty.channel.DefaultChannelPool - Entry count for : http://localhost:56647 : 1
18:32:53.043 [AsyncHttpClient-1-1] DEBUG org.asynchttpclient.netty.channel.DefaultChannelPool - Entry count for : http://localhost:49974 : 1
18:32:54.148 [AsyncHttpClient-1-1] DEBUG org.asynchttpclient.netty.channel.DefaultChannelPool - Entry count for : http://localhost:56647 : 1
18:32:54.148 [AsyncHttpClient-1-1] DEBUG org.asynchttpclient.netty.channel.DefaultChannelPool - Entry count for : http://localhost:49974 : 1
18:32:55.241 [AsyncHttpClient-1-1] DEBUG org.asynchttpclient.netty.channel.DefaultChannelPool - Entry count for : http://localhost:56647 : 1
18:32:55.241 [AsyncHttpClient-1-1] DEBUG org.asynchttpclient.netty.channel.DefaultChannelPool - Entry count for : http://localhost:49974 : 1
18:32:55.953 [Forwarding screenshot on session a1cf4c90381146d159c8679d9ce5e162 to remote] DEBUG org.asynchttpclient.netty.request.NettyRequestSender - Using pooled Channel '[id: 0x09017107, L:/127.0.0.1:49973 - R:localhost/127.0.0.1:56647]' for 'GET' to 'http://localhost:56647/session/a1cf4c90381146d159c8679d9ce5e162/screenshot'
18:32:55.953 [Forwarding screenshot on session a1cf4c90381146d159c8679d9ce5e162 to remote] DEBUG org.asynchttpclient.netty.request.NettyRequestSender - Using open Channel [id: 0x09017107, L:/127.0.0.1:49973 - R:localhost/127.0.0.1:56647] for GET '/session/a1cf4c90381146d159c8679d9ce5e162/screenshot'
18:32:56.120 [AsyncHttpClient-1-7] DEBUG org.asynchttpclient.netty.handler.HttpHandler - 

Request DefaultFullHttpRequest(decodeResult: success, version: HTTP/1.1, content: EmptyByteBufBE)
GET /session/a1cf4c90381146d159c8679d9ce5e162/screenshot HTTP/1.1
User-Agent: selenium/4.1.4 (java windows)
Cache-Control: no-cache
Content-Type: application/json; charset=utf-8
host: localhost:56647
accept: */*

Response DefaultHttpResponse(decodeResult: success, version: HTTP/1.1)
HTTP/1.1 200 OK
Content-Type: application/json; charset=utf-8
cache-control: no-cache
content-length: 78860

18:32:56.120 [AsyncHttpClient-1-7] DEBUG org.asynchttpclient.netty.channel.ChannelManager - Adding key: http://localhost:56647 for channel [id: 0x09017107, L:/127.0.0.1:49973 - R:localhost/127.0.0.1:56647]
18:32:56.123 [main] DEBUG net.serenitybdd.core.photography.Darkroom - Send negative for processing for target\site\serenity\e3902e4e6d497170d59aa0c0c2930d955492166dca27ad580f2b08c08bf103aa.png
18:32:56.123 [main] DEBUG net.thucydides.core.steps.StepInterceptor - STARTING STEP: PatientDataSteps.clickButtonDataPasien - clickButtonDataPasien
18:32:56.126 [Forwarding findElement on session a1cf4c90381146d159c8679d9ce5e162 to remote] DEBUG org.asynchttpclient.netty.request.NettyRequestSender - Using pooled Channel '[id: 0x09017107, L:/127.0.0.1:49973 - R:localhost/127.0.0.1:56647]' for 'POST' to 'http://localhost:56647/session/a1cf4c90381146d159c8679d9ce5e162/element'
18:32:56.126 [Forwarding findElement on session a1cf4c90381146d159c8679d9ce5e162 to remote] DEBUG org.asynchttpclient.netty.request.NettyRequestSender - Using open Channel [id: 0x09017107, L:/127.0.0.1:49973 - R:localhost/127.0.0.1:56647] for POST '/session/a1cf4c90381146d159c8679d9ce5e162/element'
18:32:56.145 [AsyncHttpClient-1-7] DEBUG org.asynchttpclient.netty.handler.HttpHandler - 

Request DefaultHttpRequest(decodeResult: success, version: HTTP/1.1)
POST /session/a1cf4c90381146d159c8679d9ce5e162/element HTTP/1.1
User-Agent: selenium/4.1.4 (java windows)
Content-Length: 114
Content-Type: application/json; charset=utf-8
host: localhost:56647
accept: */*

Response DefaultHttpResponse(decodeResult: success, version: HTTP/1.1)
HTTP/1.1 200 OK
Content-Type: application/json; charset=utf-8
cache-control: no-cache
content-length: 88

18:32:56.145 [AsyncHttpClient-1-7] DEBUG org.asynchttpclient.netty.channel.ChannelManager - Adding key: http://localhost:56647 for channel [id: 0x09017107, L:/127.0.0.1:49973 - R:localhost/127.0.0.1:56647]
18:32:56.146 [Forwarding getElementTagName on session a1cf4c90381146d159c8679d9ce5e162 to remote] DEBUG org.asynchttpclient.netty.request.NettyRequestSender - Using pooled Channel '[id: 0x09017107, L:/127.0.0.1:49973 - R:localhost/127.0.0.1:56647]' for 'GET' to 'http://localhost:56647/session/a1cf4c90381146d159c8679d9ce5e162/element/12b04b0c-2322-4b08-a58e-9d6aa1b37753/name'
18:32:56.146 [Forwarding getElementTagName on session a1cf4c90381146d159c8679d9ce5e162 to remote] DEBUG org.asynchttpclient.netty.request.NettyRequestSender - Using open Channel [id: 0x09017107, L:/127.0.0.1:49973 - R:localhost/127.0.0.1:56647] for GET '/session/a1cf4c90381146d159c8679d9ce5e162/element/12b04b0c-2322-4b08-a58e-9d6aa1b37753/name'
18:32:56.151 [AsyncHttpClient-1-7] DEBUG org.asynchttpclient.netty.handler.HttpHandler - 

Request DefaultFullHttpRequest(decodeResult: success, version: HTTP/1.1, content: EmptyByteBufBE)
GET /session/a1cf4c90381146d159c8679d9ce5e162/element/12b04b0c-2322-4b08-a58e-9d6aa1b37753/name HTTP/1.1
User-Agent: selenium/4.1.4 (java windows)
Cache-Control: no-cache
Content-Type: application/json; charset=utf-8
host: localhost:56647
accept: */*

Response DefaultHttpResponse(decodeResult: success, version: HTTP/1.1)
HTTP/1.1 200 OK
Content-Type: application/json; charset=utf-8
cache-control: no-cache
content-length: 13

18:32:56.151 [AsyncHttpClient-1-7] DEBUG org.asynchttpclient.netty.channel.ChannelManager - Adding key: http://localhost:56647 for channel [id: 0x09017107, L:/127.0.0.1:49973 - R:localhost/127.0.0.1:56647]
18:32:56.152 [Forwarding getElementTagName on session a1cf4c90381146d159c8679d9ce5e162 to remote] DEBUG org.asynchttpclient.netty.request.NettyRequestSender - Using pooled Channel '[id: 0x09017107, L:/127.0.0.1:49973 - R:localhost/127.0.0.1:56647]' for 'GET' to 'http://localhost:56647/session/a1cf4c90381146d159c8679d9ce5e162/element/12b04b0c-2322-4b08-a58e-9d6aa1b37753/name'
18:32:56.152 [Forwarding getElementTagName on session a1cf4c90381146d159c8679d9ce5e162 to remote] DEBUG org.asynchttpclient.netty.request.NettyRequestSender - Using open Channel [id: 0x09017107, L:/127.0.0.1:49973 - R:localhost/127.0.0.1:56647] for GET '/session/a1cf4c90381146d159c8679d9ce5e162/element/12b04b0c-2322-4b08-a58e-9d6aa1b37753/name'
18:32:56.157 [AsyncHttpClient-1-7] DEBUG org.asynchttpclient.netty.handler.HttpHandler - 

Request DefaultFullHttpRequest(decodeResult: success, version: HTTP/1.1, content: EmptyByteBufBE)
GET /session/a1cf4c90381146d159c8679d9ce5e162/element/12b04b0c-2322-4b08-a58e-9d6aa1b37753/name HTTP/1.1
User-Agent: selenium/4.1.4 (java windows)
Cache-Control: no-cache
Content-Type: application/json; charset=utf-8
host: localhost:56647
accept: */*

Response DefaultHttpResponse(decodeResult: success, version: HTTP/1.1)
HTTP/1.1 200 OK
Content-Type: application/json; charset=utf-8
cache-control: no-cache
content-length: 13

18:32:56.157 [AsyncHttpClient-1-7] DEBUG org.asynchttpclient.netty.channel.ChannelManager - Adding key: http://localhost:56647 for channel [id: 0x09017107, L:/127.0.0.1:49973 - R:localhost/127.0.0.1:56647]
18:32:56.158 [Forwarding findElement on session a1cf4c90381146d159c8679d9ce5e162 to remote] DEBUG org.asynchttpclient.netty.request.NettyRequestSender - Using pooled Channel '[id: 0x09017107, L:/127.0.0.1:49973 - R:localhost/127.0.0.1:56647]' for 'POST' to 'http://localhost:56647/session/a1cf4c90381146d159c8679d9ce5e162/element'
18:32:56.158 [Forwarding findElement on session a1cf4c90381146d159c8679d9ce5e162 to remote] DEBUG org.asynchttpclient.netty.request.NettyRequestSender - Using open Channel [id: 0x09017107, L:/127.0.0.1:49973 - R:localhost/127.0.0.1:56647] for POST '/session/a1cf4c90381146d159c8679d9ce5e162/element'
18:32:56.167 [AsyncHttpClient-1-7] DEBUG org.asynchttpclient.netty.handler.HttpHandler - 

Request DefaultHttpRequest(decodeResult: success, version: HTTP/1.1)
POST /session/a1cf4c90381146d159c8679d9ce5e162/element HTTP/1.1
User-Agent: selenium/4.1.4 (java windows)
Content-Length: 114
Content-Type: application/json; charset=utf-8
host: localhost:56647
accept: */*

Response DefaultHttpResponse(decodeResult: success, version: HTTP/1.1)
HTTP/1.1 200 OK
Content-Type: application/json; charset=utf-8
cache-control: no-cache
content-length: 88

18:32:56.167 [AsyncHttpClient-1-7] DEBUG org.asynchttpclient.netty.channel.ChannelManager - Adding key: http://localhost:56647 for channel [id: 0x09017107, L:/127.0.0.1:49973 - R:localhost/127.0.0.1:56647]
18:32:56.168 [Forwarding clickElement on session a1cf4c90381146d159c8679d9ce5e162 to remote] DEBUG org.asynchttpclient.netty.request.NettyRequestSender - Using pooled Channel '[id: 0x09017107, L:/127.0.0.1:49973 - R:localhost/127.0.0.1:56647]' for 'POST' to 'http://localhost:56647/session/a1cf4c90381146d159c8679d9ce5e162/element/12b04b0c-2322-4b08-a58e-9d6aa1b37753/click'
18:32:56.168 [Forwarding clickElement on session a1cf4c90381146d159c8679d9ce5e162 to remote] DEBUG org.asynchttpclient.netty.request.NettyRequestSender - Using open Channel [id: 0x09017107, L:/127.0.0.1:49973 - R:localhost/127.0.0.1:56647] for POST '/session/a1cf4c90381146d159c8679d9ce5e162/element/12b04b0c-2322-4b08-a58e-9d6aa1b37753/click'
18:32:56.258 [AsyncHttpClient-1-7] DEBUG org.asynchttpclient.netty.handler.HttpHandler - 

Request DefaultHttpRequest(decodeResult: success, version: HTTP/1.1)
POST /session/a1cf4c90381146d159c8679d9ce5e162/element/12b04b0c-2322-4b08-a58e-9d6aa1b37753/click HTTP/1.1
User-Agent: selenium/4.1.4 (java windows)
Content-Length: 50
Content-Type: application/json; charset=utf-8
host: localhost:56647
accept: */*

Response DefaultHttpResponse(decodeResult: success, version: HTTP/1.1)
HTTP/1.1 200 OK
Content-Type: application/json; charset=utf-8
cache-control: no-cache
content-length: 14

18:32:56.259 [AsyncHttpClient-1-7] DEBUG org.asynchttpclient.netty.channel.ChannelManager - Adding key: http://localhost:56647 for channel [id: 0x09017107, L:/127.0.0.1:49973 - R:localhost/127.0.0.1:56647]
18:32:56.268 [Forwarding screenshot on session a1cf4c90381146d159c8679d9ce5e162 to remote] DEBUG org.asynchttpclient.netty.request.NettyRequestSender - Using pooled Channel '[id: 0x09017107, L:/127.0.0.1:49973 - R:localhost/127.0.0.1:56647]' for 'GET' to 'http://localhost:56647/session/a1cf4c90381146d159c8679d9ce5e162/screenshot'
18:32:56.268 [Forwarding screenshot on session a1cf4c90381146d159c8679d9ce5e162 to remote] DEBUG org.asynchttpclient.netty.request.NettyRequestSender - Using open Channel [id: 0x09017107, L:/127.0.0.1:49973 - R:localhost/127.0.0.1:56647] for GET '/session/a1cf4c90381146d159c8679d9ce5e162/screenshot'
18:32:56.346 [AsyncHttpClient-1-1] DEBUG org.asynchttpclient.netty.channel.DefaultChannelPool - Entry count for : http://localhost:49974 : 1
18:32:56.400 [AsyncHttpClient-1-7] DEBUG org.asynchttpclient.netty.handler.HttpHandler - 

Request DefaultFullHttpRequest(decodeResult: success, version: HTTP/1.1, content: EmptyByteBufBE)
GET /session/a1cf4c90381146d159c8679d9ce5e162/screenshot HTTP/1.1
User-Agent: selenium/4.1.4 (java windows)
Cache-Control: no-cache
Content-Type: application/json; charset=utf-8
host: localhost:56647
accept: */*

Response DefaultHttpResponse(decodeResult: success, version: HTTP/1.1)
HTTP/1.1 200 OK
Content-Type: application/json; charset=utf-8
cache-control: no-cache
content-length: 77160

18:32:56.400 [AsyncHttpClient-1-7] DEBUG org.asynchttpclient.netty.channel.ChannelManager - Adding key: http://localhost:56647 for channel [id: 0x09017107, L:/127.0.0.1:49973 - R:localhost/127.0.0.1:56647]
18:32:56.404 [main] DEBUG net.serenitybdd.core.photography.Darkroom - Send negative for processing for target\site\serenity\7486fd48d702f26dc4077b2fbdffae6eca694c84d057b1f08ace3edf2cf15085.png
18:32:56.404 [main] DEBUG net.thucydides.core.steps.StepInterceptor - STEP DONE: clickButtonDataPasien
  &amp#27;[32mWhen &amp#27;[0m&amp#27;[32mClick button data pasien&amp#27;[0m                                                 &amp#27;[90m# starter.stepdefinitios.PatientDataSteps.clickButtonDataPasien()&amp#27;[0m
18:32:56.404 [Darkroom Processing Line] DEBUG net.serenitybdd.core.photography.DarkroomProcessingLine - Processing screenshot image in /var/screenshots/screenshot-10470614883813982696
18:32:56.404 [Darkroom Processing Line] DEBUG net.serenitybdd.core.photography.DarkroomProcessingLine - Saving screenshot to target\site\serenity\7486fd48d702f26dc4077b2fbdffae6eca694c84d057b1f08ace3edf2cf15085.png
18:32:57.447 [AsyncHttpClient-1-1] DEBUG org.asynchttpclient.netty.channel.DefaultChannelPool - Entry count for : http://localhost:56647 : 1
18:32:57.447 [AsyncHttpClient-1-1] DEBUG org.asynchttpclient.netty.channel.DefaultChannelPool - Entry count for : http://localhost:49974 : 1
18:32:58.535 [AsyncHttpClient-1-1] DEBUG org.asynchttpclient.netty.channel.DefaultChannelPool - Entry count for : http://localhost:56647 : 1
18:32:58.535 [AsyncHttpClient-1-1] DEBUG org.asynchttpclient.netty.channel.DefaultChannelPool - Entry count for : http://localhost:49974 : 1
18:32:59.635 [AsyncHttpClient-1-1] DEBUG org.asynchttpclient.netty.channel.DefaultChannelPool - Entry count for : http://localhost:56647 : 1
18:32:59.635 [AsyncHttpClient-1-1] DEBUG org.asynchttpclient.netty.channel.DefaultChannelPool - Entry count for : http://localhost:49974 : 1
18:33:00.735 [AsyncHttpClient-1-1] DEBUG org.asynchttpclient.netty.channel.DefaultChannelPool - Entry count for : http://localhost:56647 : 1
18:33:00.736 [AsyncHttpClient-1-1] DEBUG org.asynchttpclient.netty.channel.DefaultChannelPool - Entry count for : http://localhost:49974 : 1
18:33:01.836 [AsyncHttpClient-1-1] DEBUG org.asynchttpclient.netty.channel.DefaultChannelPool - Entry count for : http://localhost:56647 : 1
18:33:01.836 [AsyncHttpClient-1-1] DEBUG org.asynchttpclient.netty.channel.DefaultChannelPool - Entry count for : http://localhost:49974 : 1
18:33:02.433 [Forwarding screenshot on session a1cf4c90381146d159c8679d9ce5e162 to remote] DEBUG org.asynchttpclient.netty.request.NettyRequestSender - Using pooled Channel '[id: 0x09017107, L:/127.0.0.1:49973 - R:localhost/127.0.0.1:56647]' for 'GET' to 'http://localhost:56647/session/a1cf4c90381146d159c8679d9ce5e162/screenshot'
18:33:02.434 [Forwarding screenshot on session a1cf4c90381146d159c8679d9ce5e162 to remote] DEBUG org.asynchttpclient.netty.request.NettyRequestSender - Using open Channel [id: 0x09017107, L:/127.0.0.1:49973 - R:localhost/127.0.0.1:56647] for GET '/session/a1cf4c90381146d159c8679d9ce5e162/screenshot'
18:33:02.612 [AsyncHttpClient-1-7] DEBUG org.asynchttpclient.netty.handler.HttpHandler - 

Request DefaultFullHttpRequest(decodeResult: success, version: HTTP/1.1, content: EmptyByteBufBE)
GET /session/a1cf4c90381146d159c8679d9ce5e162/screenshot HTTP/1.1
User-Agent: selenium/4.1.4 (java windows)
Cache-Control: no-cache
Content-Type: application/json; charset=utf-8
host: localhost:56647
accept: */*

Response DefaultHttpResponse(decodeResult: success, version: HTTP/1.1)
HTTP/1.1 200 OK
Content-Type: application/json; charset=utf-8
cache-control: no-cache
content-length: 83448

18:33:02.612 [AsyncHttpClient-1-7] DEBUG org.asynchttpclient.netty.channel.ChannelManager - Adding key: http://localhost:56647 for channel [id: 0x09017107, L:/127.0.0.1:49973 - R:localhost/127.0.0.1:56647]
18:33:02.615 [main] DEBUG net.serenitybdd.core.photography.Darkroom - Send negative for processing for target\site\serenity\cdc7d6768bd36f67cb5558b84d3f7cdf2498093267c606387c7df8516ad3c364.png
18:33:02.615 [main] DEBUG net.thucydides.core.steps.StepInterceptor - STARTING STEP: PatientDataSteps.clickButtonTambahData - clickButtonTambah
18:33:02.619 [Forwarding findElement on session a1cf4c90381146d159c8679d9ce5e162 to remote] DEBUG org.asynchttpclient.netty.request.NettyRequestSender - Using pooled Channel '[id: 0x09017107, L:/127.0.0.1:49973 - R:localhost/127.0.0.1:56647]' for 'POST' to 'http://localhost:56647/session/a1cf4c90381146d159c8679d9ce5e162/element'
18:33:02.619 [Forwarding findElement on session a1cf4c90381146d159c8679d9ce5e162 to remote] DEBUG org.asynchttpclient.netty.request.NettyRequestSender - Using open Channel [id: 0x09017107, L:/127.0.0.1:49973 - R:localhost/127.0.0.1:56647] for POST '/session/a1cf4c90381146d159c8679d9ce5e162/element'
18:33:02.636 [AsyncHttpClient-1-7] DEBUG org.asynchttpclient.netty.handler.HttpHandler - 

Request DefaultHttpRequest(decodeResult: success, version: HTTP/1.1)
POST /session/a1cf4c90381146d159c8679d9ce5e162/element HTTP/1.1
User-Agent: selenium/4.1.4 (java windows)
Content-Length: 68
Content-Type: application/json; charset=utf-8
host: localhost:56647
accept: */*

Response DefaultHttpResponse(decodeResult: success, version: HTTP/1.1)
HTTP/1.1 200 OK
Content-Type: application/json; charset=utf-8
cache-control: no-cache
content-length: 88

18:33:02.636 [AsyncHttpClient-1-7] DEBUG org.asynchttpclient.netty.channel.ChannelManager - Adding key: http://localhost:56647 for channel [id: 0x09017107, L:/127.0.0.1:49973 - R:localhost/127.0.0.1:56647]
18:33:02.637 [Forwarding getElementTagName on session a1cf4c90381146d159c8679d9ce5e162 to remote] DEBUG org.asynchttpclient.netty.request.NettyRequestSender - Using pooled Channel '[id: 0x09017107, L:/127.0.0.1:49973 - R:localhost/127.0.0.1:56647]' for 'GET' to 'http://localhost:56647/session/a1cf4c90381146d159c8679d9ce5e162/element/4a92a10d-3d91-47b0-96a7-75f638147404/name'
18:33:02.637 [Forwarding getElementTagName on session a1cf4c90381146d159c8679d9ce5e162 to remote] DEBUG org.asynchttpclient.netty.request.NettyRequestSender - Using open Channel [id: 0x09017107, L:/127.0.0.1:49973 - R:localhost/127.0.0.1:56647] for GET '/session/a1cf4c90381146d159c8679d9ce5e162/element/4a92a10d-3d91-47b0-96a7-75f638147404/name'
18:33:02.644 [AsyncHttpClient-1-7] DEBUG org.asynchttpclient.netty.handler.HttpHandler - 

Request DefaultFullHttpRequest(decodeResult: success, version: HTTP/1.1, content: EmptyByteBufBE)
GET /session/a1cf4c90381146d159c8679d9ce5e162/element/4a92a10d-3d91-47b0-96a7-75f638147404/name HTTP/1.1
User-Agent: selenium/4.1.4 (java windows)
Cache-Control: no-cache
Content-Type: application/json; charset=utf-8
host: localhost:56647
accept: */*

Response DefaultHttpResponse(decodeResult: success, version: HTTP/1.1)
HTTP/1.1 200 OK
Content-Type: application/json; charset=utf-8
cache-control: no-cache
content-length: 18

18:33:02.644 [AsyncHttpClient-1-7] DEBUG org.asynchttpclient.netty.channel.ChannelManager - Adding key: http://localhost:56647 for channel [id: 0x09017107, L:/127.0.0.1:49973 - R:localhost/127.0.0.1:56647]
18:33:02.645 [Forwarding getElementTagName on session a1cf4c90381146d159c8679d9ce5e162 to remote] DEBUG org.asynchttpclient.netty.request.NettyRequestSender - Using pooled Channel '[id: 0x09017107, L:/127.0.0.1:49973 - R:localhost/127.0.0.1:56647]' for 'GET' to 'http://localhost:56647/session/a1cf4c90381146d159c8679d9ce5e162/element/4a92a10d-3d91-47b0-96a7-75f638147404/name'
18:33:02.645 [Forwarding getElementTagName on session a1cf4c90381146d159c8679d9ce5e162 to remote] DEBUG org.asynchttpclient.netty.request.NettyRequestSender - Using open Channel [id: 0x09017107, L:/127.0.0.1:49973 - R:localhost/127.0.0.1:56647] for GET '/session/a1cf4c90381146d159c8679d9ce5e162/element/4a92a10d-3d91-47b0-96a7-75f638147404/name'
18:33:02.650 [AsyncHttpClient-1-7] DEBUG org.asynchttpclient.netty.handler.HttpHandler - 

Request DefaultFullHttpRequest(decodeResult: success, version: HTTP/1.1, content: EmptyByteBufBE)
GET /session/a1cf4c90381146d159c8679d9ce5e162/element/4a92a10d-3d91-47b0-96a7-75f638147404/name HTTP/1.1
User-Agent: selenium/4.1.4 (java windows)
Cache-Control: no-cache
Content-Type: application/json; charset=utf-8
host: localhost:56647
accept: */*

Response DefaultHttpResponse(decodeResult: success, version: HTTP/1.1)
HTTP/1.1 200 OK
Content-Type: application/json; charset=utf-8
cache-control: no-cache
content-length: 18

18:33:02.650 [AsyncHttpClient-1-7] DEBUG org.asynchttpclient.netty.channel.ChannelManager - Adding key: http://localhost:56647 for channel [id: 0x09017107, L:/127.0.0.1:49973 - R:localhost/127.0.0.1:56647]
18:33:02.653 [Forwarding isElementEnabled on session a1cf4c90381146d159c8679d9ce5e162 to remote] DEBUG org.asynchttpclient.netty.request.NettyRequestSender - Using pooled Channel '[id: 0x09017107, L:/127.0.0.1:49973 - R:localhost/127.0.0.1:56647]' for 'GET' to 'http://localhost:56647/session/a1cf4c90381146d159c8679d9ce5e162/element/4a92a10d-3d91-47b0-96a7-75f638147404/enabled'
18:33:02.653 [Forwarding isElementEnabled on session a1cf4c90381146d159c8679d9ce5e162 to remote] DEBUG org.asynchttpclient.netty.request.NettyRequestSender - Using open Channel [id: 0x09017107, L:/127.0.0.1:49973 - R:localhost/127.0.0.1:56647] for GET '/session/a1cf4c90381146d159c8679d9ce5e162/element/4a92a10d-3d91-47b0-96a7-75f638147404/enabled'
18:33:02.665 [AsyncHttpClient-1-7] DEBUG org.asynchttpclient.netty.handler.HttpHandler - 

Request DefaultFullHttpRequest(decodeResult: success, version: HTTP/1.1, content: EmptyByteBufBE)
GET /session/a1cf4c90381146d159c8679d9ce5e162/element/4a92a10d-3d91-47b0-96a7-75f638147404/enabled HTTP/1.1
User-Agent: selenium/4.1.4 (java windows)
Cache-Control: no-cache
Content-Type: application/json; charset=utf-8
host: localhost:56647
accept: */*

Response DefaultHttpResponse(decodeResult: success, version: HTTP/1.1)
HTTP/1.1 200 OK
Content-Type: application/json; charset=utf-8
cache-control: no-cache
content-length: 14

18:33:02.665 [AsyncHttpClient-1-7] DEBUG org.asynchttpclient.netty.channel.ChannelManager - Adding key: http://localhost:56647 for channel [id: 0x09017107, L:/127.0.0.1:49973 - R:localhost/127.0.0.1:56647]
18:33:02.666 [Forwarding isElementEnabled on session a1cf4c90381146d159c8679d9ce5e162 to remote] DEBUG org.asynchttpclient.netty.request.NettyRequestSender - Using pooled Channel '[id: 0x09017107, L:/127.0.0.1:49973 - R:localhost/127.0.0.1:56647]' for 'GET' to 'http://localhost:56647/session/a1cf4c90381146d159c8679d9ce5e162/element/4a92a10d-3d91-47b0-96a7-75f638147404/enabled'
18:33:02.666 [Forwarding isElementEnabled on session a1cf4c90381146d159c8679d9ce5e162 to remote] DEBUG org.asynchttpclient.netty.request.NettyRequestSender - Using open Channel [id: 0x09017107, L:/127.0.0.1:49973 - R:localhost/127.0.0.1:56647] for GET '/session/a1cf4c90381146d159c8679d9ce5e162/element/4a92a10d-3d91-47b0-96a7-75f638147404/enabled'
18:33:02.675 [AsyncHttpClient-1-7] DEBUG org.asynchttpclient.netty.handler.HttpHandler - 

Request DefaultFullHttpRequest(decodeResult: success, version: HTTP/1.1, content: EmptyByteBufBE)
GET /session/a1cf4c90381146d159c8679d9ce5e162/element/4a92a10d-3d91-47b0-96a7-75f638147404/enabled HTTP/1.1
User-Agent: selenium/4.1.4 (java windows)
Cache-Control: no-cache
Content-Type: application/json; charset=utf-8
host: localhost:56647
accept: */*

Response DefaultHttpResponse(decodeResult: success, version: HTTP/1.1)
HTTP/1.1 200 OK
Content-Type: application/json; charset=utf-8
cache-control: no-cache
content-length: 14

18:33:02.675 [AsyncHttpClient-1-7] DEBUG org.asynchttpclient.netty.channel.ChannelManager - Adding key: http://localhost:56647 for channel [id: 0x09017107, L:/127.0.0.1:49973 - R:localhost/127.0.0.1:56647]
18:33:02.677 [Forwarding findElement on session a1cf4c90381146d159c8679d9ce5e162 to remote] DEBUG org.asynchttpclient.netty.request.NettyRequestSender - Using pooled Channel '[id: 0x09017107, L:/127.0.0.1:49973 - R:localhost/127.0.0.1:56647]' for 'POST' to 'http://localhost:56647/session/a1cf4c90381146d159c8679d9ce5e162/element'
18:33:02.677 [Forwarding findElement on session a1cf4c90381146d159c8679d9ce5e162 to remote] DEBUG org.asynchttpclient.netty.request.NettyRequestSender - Using open Channel [id: 0x09017107, L:/127.0.0.1:49973 - R:localhost/127.0.0.1:56647] for POST '/session/a1cf4c90381146d159c8679d9ce5e162/element'
18:33:02.686 [AsyncHttpClient-1-7] DEBUG org.asynchttpclient.netty.handler.HttpHandler - 

Request DefaultHttpRequest(decodeResult: success, version: HTTP/1.1)
POST /session/a1cf4c90381146d159c8679d9ce5e162/element HTTP/1.1
User-Agent: selenium/4.1.4 (java windows)
Content-Length: 68
Content-Type: application/json; charset=utf-8
host: localhost:56647
accept: */*

Response DefaultHttpResponse(decodeResult: success, version: HTTP/1.1)
HTTP/1.1 200 OK
Content-Type: application/json; charset=utf-8
cache-control: no-cache
content-length: 88

18:33:02.687 [AsyncHttpClient-1-7] DEBUG org.asynchttpclient.netty.channel.ChannelManager - Adding key: http://localhost:56647 for channel [id: 0x09017107, L:/127.0.0.1:49973 - R:localhost/127.0.0.1:56647]
18:33:02.687 [Forwarding clickElement on session a1cf4c90381146d159c8679d9ce5e162 to remote] DEBUG org.asynchttpclient.netty.request.NettyRequestSender - Using pooled Channel '[id: 0x09017107, L:/127.0.0.1:49973 - R:localhost/127.0.0.1:56647]' for 'POST' to 'http://localhost:56647/session/a1cf4c90381146d159c8679d9ce5e162/element/4a92a10d-3d91-47b0-96a7-75f638147404/click'
18:33:02.687 [Forwarding clickElement on session a1cf4c90381146d159c8679d9ce5e162 to remote] DEBUG org.asynchttpclient.netty.request.NettyRequestSender - Using open Channel [id: 0x09017107, L:/127.0.0.1:49973 - R:localhost/127.0.0.1:56647] for POST '/session/a1cf4c90381146d159c8679d9ce5e162/element/4a92a10d-3d91-47b0-96a7-75f638147404/click'
18:33:02.915 [AsyncHttpClient-1-7] DEBUG org.asynchttpclient.netty.handler.HttpHandler - 

Request DefaultHttpRequest(decodeResult: success, version: HTTP/1.1)
POST /session/a1cf4c90381146d159c8679d9ce5e162/element/4a92a10d-3d91-47b0-96a7-75f638147404/click HTTP/1.1
User-Agent: selenium/4.1.4 (java windows)
Content-Length: 50
Content-Type: application/json; charset=utf-8
host: localhost:56647
accept: */*

Response DefaultHttpResponse(decodeResult: success, version: HTTP/1.1)
HTTP/1.1 200 OK
Content-Type: application/json; charset=utf-8
cache-control: no-cache
content-length: 14

18:33:02.915 [AsyncHttpClient-1-7] DEBUG org.asynchttpclient.netty.channel.ChannelManager - Adding key: http://localhost:56647 for channel [id: 0x09017107, L:/127.0.0.1:49973 - R:localhost/127.0.0.1:56647]
18:33:02.924 [Forwarding screenshot on session a1cf4c90381146d159c8679d9ce5e162 to remote] DEBUG org.asynchttpclient.netty.request.NettyRequestSender - Using pooled Channel '[id: 0x09017107, L:/127.0.0.1:49973 - R:localhost/127.0.0.1:56647]' for 'GET' to 'http://localhost:56647/session/a1cf4c90381146d159c8679d9ce5e162/screenshot'
18:33:02.924 [Forwarding screenshot on session a1cf4c90381146d159c8679d9ce5e162 to remote] DEBUG org.asynchttpclient.netty.request.NettyRequestSender - Using open Channel [id: 0x09017107, L:/127.0.0.1:49973 - R:localhost/127.0.0.1:56647] for GET '/session/a1cf4c90381146d159c8679d9ce5e162/screenshot'
18:33:02.935 [AsyncHttpClient-1-1] DEBUG org.asynchttpclient.netty.channel.DefaultChannelPool - Entry count for : http://localhost:49974 : 1
18:33:03.134 [AsyncHttpClient-1-7] DEBUG org.asynchttpclient.netty.handler.HttpHandler - 

Request DefaultFullHttpRequest(decodeResult: success, version: HTTP/1.1, content: EmptyByteBufBE)
GET /session/a1cf4c90381146d159c8679d9ce5e162/screenshot HTTP/1.1
User-Agent: selenium/4.1.4 (java windows)
Cache-Control: no-cache
Content-Type: application/json; charset=utf-8
host: localhost:56647
accept: */*

Response DefaultHttpResponse(decodeResult: success, version: HTTP/1.1)
HTTP/1.1 200 OK
Content-Type: application/json; charset=utf-8
cache-control: no-cache
content-length: 41184

18:33:03.134 [AsyncHttpClient-1-7] DEBUG org.asynchttpclient.netty.channel.ChannelManager - Adding key: http://localhost:56647 for channel [id: 0x09017107, L:/127.0.0.1:49973 - R:localhost/127.0.0.1:56647]
18:33:03.137 [main] DEBUG net.serenitybdd.core.photography.Darkroom - Send negative for processing for target\site\serenity\85e61910bbe1ffdf1c3467de0c5b289b3a6eab20004aed7ee6697f4c867559e7.png
18:33:03.137 [main] DEBUG net.thucydides.core.steps.StepInterceptor - STEP DONE: clickButtonTambah
  &amp#27;[32mAnd &amp#27;[0m&amp#27;[32mClick button tambah data&amp#27;[0m                                                  &amp#27;[90m# starter.stepdefinitios.PatientDataSteps.clickButtonTambahData()&amp#27;[0m
18:33:04.037 [AsyncHttpClient-1-1] DEBUG org.asynchttpclient.netty.channel.DefaultChannelPool - Entry count for : http://localhost:56647 : 1
18:33:04.037 [AsyncHttpClient-1-1] DEBUG org.asynchttpclient.netty.channel.DefaultChannelPool - Entry count for : http://localhost:49974 : 1
18:33:04.178 [Forwarding screenshot on session a1cf4c90381146d159c8679d9ce5e162 to remote] DEBUG org.asynchttpclient.netty.request.NettyRequestSender - Using pooled Channel '[id: 0x09017107, L:/127.0.0.1:49973 - R:localhost/127.0.0.1:56647]' for 'GET' to 'http://localhost:56647/session/a1cf4c90381146d159c8679d9ce5e162/screenshot'
18:33:04.178 [Forwarding screenshot on session a1cf4c90381146d159c8679d9ce5e162 to remote] DEBUG org.asynchttpclient.netty.request.NettyRequestSender - Using open Channel [id: 0x09017107, L:/127.0.0.1:49973 - R:localhost/127.0.0.1:56647] for GET '/session/a1cf4c90381146d159c8679d9ce5e162/screenshot'
18:33:04.341 [AsyncHttpClient-1-7] DEBUG org.asynchttpclient.netty.handler.HttpHandler - 

Request DefaultFullHttpRequest(decodeResult: success, version: HTTP/1.1, content: EmptyByteBufBE)
GET /session/a1cf4c90381146d159c8679d9ce5e162/screenshot HTTP/1.1
User-Agent: selenium/4.1.4 (java windows)
Cache-Control: no-cache
Content-Type: application/json; charset=utf-8
host: localhost:56647
accept: */*

Response DefaultHttpResponse(decodeResult: success, version: HTTP/1.1)
HTTP/1.1 200 OK
Content-Type: application/json; charset=utf-8
cache-control: no-cache
content-length: 44800

18:33:04.341 [AsyncHttpClient-1-7] DEBUG org.asynchttpclient.netty.channel.ChannelManager - Adding key: http://localhost:56647 for channel [id: 0x09017107, L:/127.0.0.1:49973 - R:localhost/127.0.0.1:56647]
18:33:04.344 [main] DEBUG net.serenitybdd.core.photography.Darkroom - Send negative for processing for target\site\serenity\9c82b9b38a695ffa4fd8253a749c65cc43444915f5d51c363969de05270db0c1.png
18:33:04.345 [main] DEBUG net.thucydides.core.steps.StepInterceptor - STARTING STEP: PatientDataSteps.iInput - inputDataPasien
18:33:04.349 [Forwarding findElement on session a1cf4c90381146d159c8679d9ce5e162 to remote] DEBUG org.asynchttpclient.netty.request.NettyRequestSender - Using pooled Channel '[id: 0x09017107, L:/127.0.0.1:49973 - R:localhost/127.0.0.1:56647]' for 'POST' to 'http://localhost:56647/session/a1cf4c90381146d159c8679d9ce5e162/element'
18:33:04.349 [Forwarding findElement on session a1cf4c90381146d159c8679d9ce5e162 to remote] DEBUG org.asynchttpclient.netty.request.NettyRequestSender - Using open Channel [id: 0x09017107, L:/127.0.0.1:49973 - R:localhost/127.0.0.1:56647] for POST '/session/a1cf4c90381146d159c8679d9ce5e162/element'
18:33:04.375 [AsyncHttpClient-1-7] DEBUG org.asynchttpclient.netty.handler.HttpHandler - 

Request DefaultHttpRequest(decodeResult: success, version: HTTP/1.1)
POST /session/a1cf4c90381146d159c8679d9ce5e162/element HTTP/1.1
User-Agent: selenium/4.1.4 (java windows)
Content-Length: 72
Content-Type: application/json; charset=utf-8
host: localhost:56647
accept: */*

Response DefaultHttpResponse(decodeResult: success, version: HTTP/1.1)
HTTP/1.1 200 OK
Content-Type: application/json; charset=utf-8
cache-control: no-cache
content-length: 88

18:33:04.375 [AsyncHttpClient-1-7] DEBUG org.asynchttpclient.netty.channel.ChannelManager - Adding key: http://localhost:56647 for channel [id: 0x09017107, L:/127.0.0.1:49973 - R:localhost/127.0.0.1:56647]
18:33:04.377 [Forwarding sendKeysToElement on session a1cf4c90381146d159c8679d9ce5e162 to remote] DEBUG org.asynchttpclient.netty.request.NettyRequestSender - Using pooled Channel '[id: 0x09017107, L:/127.0.0.1:49973 - R:localhost/127.0.0.1:56647]' for 'POST' to 'http://localhost:56647/session/a1cf4c90381146d159c8679d9ce5e162/element/bc30b10a-5b51-4831-9a92-f199f3f63344/value'
18:33:04.377 [Forwarding sendKeysToElement on session a1cf4c90381146d159c8679d9ce5e162 to remote] DEBUG org.asynchttpclient.netty.request.NettyRequestSender - Using open Channel [id: 0x09017107, L:/127.0.0.1:49973 - R:localhost/127.0.0.1:56647] for POST '/session/a1cf4c90381146d159c8679d9ce5e162/element/bc30b10a-5b51-4831-9a92-f199f3f63344/value'
18:33:04.592 [AsyncHttpClient-1-7] DEBUG org.asynchttpclient.netty.handler.HttpHandler - 

Request DefaultHttpRequest(decodeResult: success, version: HTTP/1.1)
POST /session/a1cf4c90381146d159c8679d9ce5e162/element/bc30b10a-5b51-4831-9a92-f199f3f63344/value HTTP/1.1
User-Agent: selenium/4.1.4 (java windows)
Content-Length: 131
Content-Type: application/json; charset=utf-8
host: localhost:56647
accept: */*

Response DefaultHttpResponse(decodeResult: success, version: HTTP/1.1)
HTTP/1.1 200 OK
Content-Type: application/json; charset=utf-8
cache-control: no-cache
content-length: 14

18:33:04.592 [AsyncHttpClient-1-7] DEBUG org.asynchttpclient.netty.channel.ChannelManager - Adding key: http://localhost:56647 for channel [id: 0x09017107, L:/127.0.0.1:49973 - R:localhost/127.0.0.1:56647]
18:33:04.594 [Forwarding findElement on session a1cf4c90381146d159c8679d9ce5e162 to remote] DEBUG org.asynchttpclient.netty.request.NettyRequestSender - Using pooled Channel '[id: 0x09017107, L:/127.0.0.1:49973 - R:localhost/127.0.0.1:56647]' for 'POST' to 'http://localhost:56647/session/a1cf4c90381146d159c8679d9ce5e162/element'
18:33:04.594 [Forwarding findElement on session a1cf4c90381146d159c8679d9ce5e162 to remote] DEBUG org.asynchttpclient.netty.request.NettyRequestSender - Using open Channel [id: 0x09017107, L:/127.0.0.1:49973 - R:localhost/127.0.0.1:56647] for POST '/session/a1cf4c90381146d159c8679d9ce5e162/element'
18:33:04.608 [AsyncHttpClient-1-7] DEBUG org.asynchttpclient.netty.handler.HttpHandler - 

Request DefaultHttpRequest(decodeResult: success, version: HTTP/1.1)
POST /session/a1cf4c90381146d159c8679d9ce5e162/element HTTP/1.1
User-Agent: selenium/4.1.4 (java windows)
Content-Length: 65
Content-Type: application/json; charset=utf-8
host: localhost:56647
accept: */*

Response DefaultHttpResponse(decodeResult: success, version: HTTP/1.1)
HTTP/1.1 200 OK
Content-Type: application/json; charset=utf-8
cache-control: no-cache
content-length: 88

18:33:04.608 [AsyncHttpClient-1-7] DEBUG org.asynchttpclient.netty.channel.ChannelManager - Adding key: http://localhost:56647 for channel [id: 0x09017107, L:/127.0.0.1:49973 - R:localhost/127.0.0.1:56647]
18:33:04.608 [Forwarding sendKeysToElement on session a1cf4c90381146d159c8679d9ce5e162 to remote] DEBUG org.asynchttpclient.netty.request.NettyRequestSender - Using pooled Channel '[id: 0x09017107, L:/127.0.0.1:49973 - R:localhost/127.0.0.1:56647]' for 'POST' to 'http://localhost:56647/session/a1cf4c90381146d159c8679d9ce5e162/element/08a22851-6f11-4c61-b324-95f090616895/value'
18:33:04.608 [Forwarding sendKeysToElement on session a1cf4c90381146d159c8679d9ce5e162 to remote] DEBUG org.asynchttpclient.netty.request.NettyRequestSender - Using open Channel [id: 0x09017107, L:/127.0.0.1:49973 - R:localhost/127.0.0.1:56647] for POST '/session/a1cf4c90381146d159c8679d9ce5e162/element/08a22851-6f11-4c61-b324-95f090616895/value'
18:33:04.863 [AsyncHttpClient-1-7] DEBUG org.asynchttpclient.netty.handler.HttpHandler - 

Request DefaultHttpRequest(decodeResult: success, version: HTTP/1.1)
POST /session/a1cf4c90381146d159c8679d9ce5e162/element/08a22851-6f11-4c61-b324-95f090616895/value HTTP/1.1
User-Agent: selenium/4.1.4 (java windows)
Content-Length: 241
Content-Type: application/json; charset=utf-8
host: localhost:56647
accept: */*

Response DefaultHttpResponse(decodeResult: success, version: HTTP/1.1)
HTTP/1.1 200 OK
Content-Type: application/json; charset=utf-8
cache-control: no-cache
content-length: 14

18:33:04.863 [AsyncHttpClient-1-7] DEBUG org.asynchttpclient.netty.channel.ChannelManager - Adding key: http://localhost:56647 for channel [id: 0x09017107, L:/127.0.0.1:49973 - R:localhost/127.0.0.1:56647]
18:33:04.864 [Forwarding findElement on session a1cf4c90381146d159c8679d9ce5e162 to remote] DEBUG org.asynchttpclient.netty.request.NettyRequestSender - Using pooled Channel '[id: 0x09017107, L:/127.0.0.1:49973 - R:localhost/127.0.0.1:56647]' for 'POST' to 'http://localhost:56647/session/a1cf4c90381146d159c8679d9ce5e162/element'
18:33:04.864 [Forwarding findElement on session a1cf4c90381146d159c8679d9ce5e162 to remote] DEBUG org.asynchttpclient.netty.request.NettyRequestSender - Using open Channel [id: 0x09017107, L:/127.0.0.1:49973 - R:localhost/127.0.0.1:56647] for POST '/session/a1cf4c90381146d159c8679d9ce5e162/element'
18:33:04.874 [AsyncHttpClient-1-7] DEBUG org.asynchttpclient.netty.handler.HttpHandler - 

Request DefaultHttpRequest(decodeResult: success, version: HTTP/1.1)
POST /session/a1cf4c90381146d159c8679d9ce5e162/element HTTP/1.1
User-Agent: selenium/4.1.4 (java windows)
Content-Length: 66
Content-Type: application/json; charset=utf-8
host: localhost:56647
accept: */*

Response DefaultHttpResponse(decodeResult: success, version: HTTP/1.1)
HTTP/1.1 200 OK
Content-Type: application/json; charset=utf-8
cache-control: no-cache
content-length: 88

18:33:04.874 [AsyncHttpClient-1-7] DEBUG org.asynchttpclient.netty.channel.ChannelManager - Adding key: http://localhost:56647 for channel [id: 0x09017107, L:/127.0.0.1:49973 - R:localhost/127.0.0.1:56647]
18:33:04.875 [Forwarding sendKeysToElement on session a1cf4c90381146d159c8679d9ce5e162 to remote] DEBUG org.asynchttpclient.netty.request.NettyRequestSender - Using pooled Channel '[id: 0x09017107, L:/127.0.0.1:49973 - R:localhost/127.0.0.1:56647]' for 'POST' to 'http://localhost:56647/session/a1cf4c90381146d159c8679d9ce5e162/element/24e48f9b-381d-46c9-9c4c-4710230fe34b/value'
18:33:04.875 [Forwarding sendKeysToElement on session a1cf4c90381146d159c8679d9ce5e162 to remote] DEBUG org.asynchttpclient.netty.request.NettyRequestSender - Using open Channel [id: 0x09017107, L:/127.0.0.1:49973 - R:localhost/127.0.0.1:56647] for POST '/session/a1cf4c90381146d159c8679d9ce5e162/element/24e48f9b-381d-46c9-9c4c-4710230fe34b/value'
18:33:04.944 [AsyncHttpClient-1-7] DEBUG org.asynchttpclient.netty.handler.HttpHandler - 

Request DefaultHttpRequest(decodeResult: success, version: HTTP/1.1)
POST /session/a1cf4c90381146d159c8679d9ce5e162/element/24e48f9b-381d-46c9-9c4c-4710230fe34b/value HTTP/1.1
User-Agent: selenium/4.1.4 (java windows)
Content-Length: 101
Content-Type: application/json; charset=utf-8
host: localhost:56647
accept: */*

Response DefaultHttpResponse(decodeResult: success, version: HTTP/1.1)
HTTP/1.1 200 OK
Content-Type: application/json; charset=utf-8
cache-control: no-cache
content-length: 14

18:33:04.944 [AsyncHttpClient-1-7] DEBUG org.asynchttpclient.netty.channel.ChannelManager - Adding key: http://localhost:56647 for channel [id: 0x09017107, L:/127.0.0.1:49973 - R:localhost/127.0.0.1:56647]
18:33:04.946 [Forwarding findElement on session a1cf4c90381146d159c8679d9ce5e162 to remote] DEBUG org.asynchttpclient.netty.request.NettyRequestSender - Using pooled Channel '[id: 0x09017107, L:/127.0.0.1:49973 - R:localhost/127.0.0.1:56647]' for 'POST' to 'http://localhost:56647/session/a1cf4c90381146d159c8679d9ce5e162/element'
18:33:04.946 [Forwarding findElement on session a1cf4c90381146d159c8679d9ce5e162 to remote] DEBUG org.asynchttpclient.netty.request.NettyRequestSender - Using open Channel [id: 0x09017107, L:/127.0.0.1:49973 - R:localhost/127.0.0.1:56647] for POST '/session/a1cf4c90381146d159c8679d9ce5e162/element'
18:33:04.957 [AsyncHttpClient-1-7] DEBUG org.asynchttpclient.netty.handler.HttpHandler - 

Request DefaultHttpRequest(decodeResult: success, version: HTTP/1.1)
POST /session/a1cf4c90381146d159c8679d9ce5e162/element HTTP/1.1
User-Agent: selenium/4.1.4 (java windows)
Content-Length: 66
Content-Type: application/json; charset=utf-8
host: localhost:56647
accept: */*

Response DefaultHttpResponse(decodeResult: success, version: HTTP/1.1)
HTTP/1.1 200 OK
Content-Type: application/json; charset=utf-8
cache-control: no-cache
content-length: 88

18:33:04.957 [AsyncHttpClient-1-7] DEBUG org.asynchttpclient.netty.channel.ChannelManager - Adding key: http://localhost:56647 for channel [id: 0x09017107, L:/127.0.0.1:49973 - R:localhost/127.0.0.1:56647]
18:33:04.958 [Forwarding sendKeysToElement on session a1cf4c90381146d159c8679d9ce5e162 to remote] DEBUG org.asynchttpclient.netty.request.NettyRequestSender - Using pooled Channel '[id: 0x09017107, L:/127.0.0.1:49973 - R:localhost/127.0.0.1:56647]' for 'POST' to 'http://localhost:56647/session/a1cf4c90381146d159c8679d9ce5e162/element/977af85a-92cc-4639-9e20-b18dfc9d48bd/value'
18:33:04.958 [Forwarding sendKeysToElement on session a1cf4c90381146d159c8679d9ce5e162 to remote] DEBUG org.asynchttpclient.netty.request.NettyRequestSender - Using open Channel [id: 0x09017107, L:/127.0.0.1:49973 - R:localhost/127.0.0.1:56647] for POST '/session/a1cf4c90381146d159c8679d9ce5e162/element/977af85a-92cc-4639-9e20-b18dfc9d48bd/value'
18:33:05.139 [AsyncHttpClient-1-1] DEBUG org.asynchttpclient.netty.channel.DefaultChannelPool - Entry count for : http://localhost:49974 : 1
18:33:05.143 [AsyncHttpClient-1-7] DEBUG org.asynchttpclient.netty.handler.HttpHandler - 

Request DefaultHttpRequest(decodeResult: success, version: HTTP/1.1)
POST /session/a1cf4c90381146d159c8679d9ce5e162/element/977af85a-92cc-4639-9e20-b18dfc9d48bd/value HTTP/1.1
User-Agent: selenium/4.1.4 (java windows)
Content-Length: 191
Content-Type: application/json; charset=utf-8
host: localhost:56647
accept: */*

Response DefaultHttpResponse(decodeResult: success, version: HTTP/1.1)
HTTP/1.1 200 OK
Content-Type: application/json; charset=utf-8
cache-control: no-cache
content-length: 14

18:33:05.143 [AsyncHttpClient-1-7] DEBUG org.asynchttpclient.netty.channel.ChannelManager - Adding key: http://localhost:56647 for channel [id: 0x09017107, L:/127.0.0.1:49973 - R:localhost/127.0.0.1:56647]
18:33:05.146 [Forwarding findElement on session a1cf4c90381146d159c8679d9ce5e162 to remote] DEBUG org.asynchttpclient.netty.request.NettyRequestSender - Using pooled Channel '[id: 0x09017107, L:/127.0.0.1:49973 - R:localhost/127.0.0.1:56647]' for 'POST' to 'http://localhost:56647/session/a1cf4c90381146d159c8679d9ce5e162/element'
18:33:05.146 [Forwarding findElement on session a1cf4c90381146d159c8679d9ce5e162 to remote] DEBUG org.asynchttpclient.netty.request.NettyRequestSender - Using open Channel [id: 0x09017107, L:/127.0.0.1:49973 - R:localhost/127.0.0.1:56647] for POST '/session/a1cf4c90381146d159c8679d9ce5e162/element'
18:33:05.156 [AsyncHttpClient-1-7] DEBUG org.asynchttpclient.netty.handler.HttpHandler - 

Request DefaultHttpRequest(decodeResult: success, version: HTTP/1.1)
POST /session/a1cf4c90381146d159c8679d9ce5e162/element HTTP/1.1
User-Agent: selenium/4.1.4 (java windows)
Content-Length: 68
Content-Type: application/json; charset=utf-8
host: localhost:56647
accept: */*

Response DefaultHttpResponse(decodeResult: success, version: HTTP/1.1)
HTTP/1.1 200 OK
Content-Type: application/json; charset=utf-8
cache-control: no-cache
content-length: 88

18:33:05.156 [AsyncHttpClient-1-7] DEBUG org.asynchttpclient.netty.channel.ChannelManager - Adding key: http://localhost:56647 for channel [id: 0x09017107, L:/127.0.0.1:49973 - R:localhost/127.0.0.1:56647]
18:33:05.157 [Forwarding sendKeysToElement on session a1cf4c90381146d159c8679d9ce5e162 to remote] DEBUG org.asynchttpclient.netty.request.NettyRequestSender - Using pooled Channel '[id: 0x09017107, L:/127.0.0.1:49973 - R:localhost/127.0.0.1:56647]' for 'POST' to 'http://localhost:56647/session/a1cf4c90381146d159c8679d9ce5e162/element/3e7b23d2-30d0-435c-82d1-00fa6f044edf/value'
18:33:05.157 [Forwarding sendKeysToElement on session a1cf4c90381146d159c8679d9ce5e162 to remote] DEBUG org.asynchttpclient.netty.request.NettyRequestSender - Using open Channel [id: 0x09017107, L:/127.0.0.1:49973 - R:localhost/127.0.0.1:56647] for POST '/session/a1cf4c90381146d159c8679d9ce5e162/element/3e7b23d2-30d0-435c-82d1-00fa6f044edf/value'
18:33:05.312 [AsyncHttpClient-1-7] DEBUG org.asynchttpclient.netty.handler.HttpHandler - 

Request DefaultHttpRequest(decodeResult: success, version: HTTP/1.1)
POST /session/a1cf4c90381146d159c8679d9ce5e162/element/3e7b23d2-30d0-435c-82d1-00fa6f044edf/value HTTP/1.1
User-Agent: selenium/4.1.4 (java windows)
Content-Length: 171
Content-Type: application/json; charset=utf-8
host: localhost:56647
accept: */*

Response DefaultHttpResponse(decodeResult: success, version: HTTP/1.1)
HTTP/1.1 200 OK
Content-Type: application/json; charset=utf-8
cache-control: no-cache
content-length: 14

18:33:05.312 [AsyncHttpClient-1-7] DEBUG org.asynchttpclient.netty.channel.ChannelManager - Adding key: http://localhost:56647 for channel [id: 0x09017107, L:/127.0.0.1:49973 - R:localhost/127.0.0.1:56647]
18:33:05.315 [Forwarding screenshot on session a1cf4c90381146d159c8679d9ce5e162 to remote] DEBUG org.asynchttpclient.netty.request.NettyRequestSender - Using pooled Channel '[id: 0x09017107, L:/127.0.0.1:49973 - R:localhost/127.0.0.1:56647]' for 'GET' to 'http://localhost:56647/session/a1cf4c90381146d159c8679d9ce5e162/screenshot'
18:33:05.315 [Forwarding screenshot on session a1cf4c90381146d159c8679d9ce5e162 to remote] DEBUG org.asynchttpclient.netty.request.NettyRequestSender - Using open Channel [id: 0x09017107, L:/127.0.0.1:49973 - R:localhost/127.0.0.1:56647] for GET '/session/a1cf4c90381146d159c8679d9ce5e162/screenshot'
18:33:05.493 [AsyncHttpClient-1-7] DEBUG org.asynchttpclient.netty.handler.HttpHandler - 

Request DefaultFullHttpRequest(decodeResult: success, version: HTTP/1.1, content: EmptyByteBufBE)
GET /session/a1cf4c90381146d159c8679d9ce5e162/screenshot HTTP/1.1
User-Agent: selenium/4.1.4 (java windows)
Cache-Control: no-cache
Content-Type: application/json; charset=utf-8
host: localhost:56647
accept: */*

Response DefaultHttpResponse(decodeResult: success, version: HTTP/1.1)
HTTP/1.1 200 OK
Content-Type: application/json; charset=utf-8
cache-control: no-cache
content-length: 92452

18:33:05.493 [AsyncHttpClient-1-7] DEBUG org.asynchttpclient.netty.channel.ChannelManager - Adding key: http://localhost:56647 for channel [id: 0x09017107, L:/127.0.0.1:49973 - R:localhost/127.0.0.1:56647]
18:33:05.495 [main] DEBUG net.serenitybdd.core.photography.Darkroom - Send negative for processing for target\site\serenity\360302a86f55c9accf69197b91cbccae92e7e3f195609fb50c15f264e1e6e457.png
18:33:05.495 [main] DEBUG net.thucydides.core.steps.StepInterceptor - STEP DONE: inputDataPasien
  &amp#27;[32mAnd &amp#27;[0m&amp#27;[32mI input &amp#27;[0m&amp#27;[32m&amp#27;[1m"Bagas"&amp#27;[0m&amp#27;[32m &amp#27;[0m&amp#27;[32m&amp#27;[1m"1234567898976546"&amp#27;[0m&amp#27;[32m &amp#27;[0m&amp#27;[32m&amp#27;[1m"13"&amp#27;[0m&amp#27;[32m &amp#27;[0m&amp#27;[32m&amp#27;[1m"01294657612"&amp#27;[0m&amp#27;[32m &amp#27;[0m&amp#27;[32m&amp#27;[1m"121323232"&amp#27;[0m&amp#27;[32m patient&amp#27;[0m &amp#27;[90m# starter.stepdefinitios.PatientDataSteps.iInput(java.lang.String,java.lang.String,java.lang.String,java.lang.String,java.lang.String)&amp#27;[0m
18:33:05.495 [Darkroom Processing Line] DEBUG net.serenitybdd.core.photography.DarkroomProcessingLine - Processing screenshot image in /var/screenshots/screenshot-13834828037613399271
18:33:05.495 [Darkroom Processing Line] DEBUG net.serenitybdd.core.photography.DarkroomProcessingLine - Saving screenshot to target\site\serenity\360302a86f55c9accf69197b91cbccae92e7e3f195609fb50c15f264e1e6e457.png
18:33:05.497 [main] DEBUG net.thucydides.core.steps.StepInterceptor - STARTING STEP: PatientDataSteps.iClickButtonJenisKelamin - clickLaki
18:33:05.507 [Forwarding findElement on session a1cf4c90381146d159c8679d9ce5e162 to remote] DEBUG org.asynchttpclient.netty.request.NettyRequestSender - Using pooled Channel '[id: 0x09017107, L:/127.0.0.1:49973 - R:localhost/127.0.0.1:56647]' for 'POST' to 'http://localhost:56647/session/a1cf4c90381146d159c8679d9ce5e162/element'
18:33:05.507 [Forwarding findElement on session a1cf4c90381146d159c8679d9ce5e162 to remote] DEBUG org.asynchttpclient.netty.request.NettyRequestSender - Using open Channel [id: 0x09017107, L:/127.0.0.1:49973 - R:localhost/127.0.0.1:56647] for POST '/session/a1cf4c90381146d159c8679d9ce5e162/element'
18:33:05.516 [AsyncHttpClient-1-7] DEBUG org.asynchttpclient.netty.handler.HttpHandler - 

Request DefaultHttpRequest(decodeResult: success, version: HTTP/1.1)
POST /session/a1cf4c90381146d159c8679d9ce5e162/element HTTP/1.1
User-Agent: selenium/4.1.4 (java windows)
Content-Length: 182
Content-Type: application/json; charset=utf-8
host: localhost:56647
accept: */*

Response DefaultHttpResponse(decodeResult: success, version: HTTP/1.1)
HTTP/1.1 200 OK
Content-Type: application/json; charset=utf-8
cache-control: no-cache
content-length: 88

18:33:05.516 [AsyncHttpClient-1-7] DEBUG org.asynchttpclient.netty.channel.ChannelManager - Adding key: http://localhost:56647 for channel [id: 0x09017107, L:/127.0.0.1:49973 - R:localhost/127.0.0.1:56647]
18:33:05.517 [Forwarding getElementTagName on session a1cf4c90381146d159c8679d9ce5e162 to remote] DEBUG org.asynchttpclient.netty.request.NettyRequestSender - Using pooled Channel '[id: 0x09017107, L:/127.0.0.1:49973 - R:localhost/127.0.0.1:56647]' for 'GET' to 'http://localhost:56647/session/a1cf4c90381146d159c8679d9ce5e162/element/bbaec30c-567a-4dca-b784-c8e68cbff32c/name'
18:33:05.517 [Forwarding getElementTagName on session a1cf4c90381146d159c8679d9ce5e162 to remote] DEBUG org.asynchttpclient.netty.request.NettyRequestSender - Using open Channel [id: 0x09017107, L:/127.0.0.1:49973 - R:localhost/127.0.0.1:56647] for GET '/session/a1cf4c90381146d159c8679d9ce5e162/element/bbaec30c-567a-4dca-b784-c8e68cbff32c/name'
18:33:05.521 [AsyncHttpClient-1-7] DEBUG org.asynchttpclient.netty.handler.HttpHandler - 

Request DefaultFullHttpRequest(decodeResult: success, version: HTTP/1.1, content: EmptyByteBufBE)
GET /session/a1cf4c90381146d159c8679d9ce5e162/element/bbaec30c-567a-4dca-b784-c8e68cbff32c/name HTTP/1.1
User-Agent: selenium/4.1.4 (java windows)
Cache-Control: no-cache
Content-Type: application/json; charset=utf-8
host: localhost:56647
accept: */*

Response DefaultHttpResponse(decodeResult: success, version: HTTP/1.1)
HTTP/1.1 200 OK
Content-Type: application/json; charset=utf-8
cache-control: no-cache
content-length: 16

18:33:05.521 [AsyncHttpClient-1-7] DEBUG org.asynchttpclient.netty.channel.ChannelManager - Adding key: http://localhost:56647 for channel [id: 0x09017107, L:/127.0.0.1:49973 - R:localhost/127.0.0.1:56647]
18:33:05.521 [Forwarding getElementTagName on session a1cf4c90381146d159c8679d9ce5e162 to remote] DEBUG org.asynchttpclient.netty.request.NettyRequestSender - Using pooled Channel '[id: 0x09017107, L:/127.0.0.1:49973 - R:localhost/127.0.0.1:56647]' for 'GET' to 'http://localhost:56647/session/a1cf4c90381146d159c8679d9ce5e162/element/bbaec30c-567a-4dca-b784-c8e68cbff32c/name'
18:33:05.521 [Forwarding getElementTagName on session a1cf4c90381146d159c8679d9ce5e162 to remote] DEBUG org.asynchttpclient.netty.request.NettyRequestSender - Using open Channel [id: 0x09017107, L:/127.0.0.1:49973 - R:localhost/127.0.0.1:56647] for GET '/session/a1cf4c90381146d159c8679d9ce5e162/element/bbaec30c-567a-4dca-b784-c8e68cbff32c/name'
18:33:05.524 [AsyncHttpClient-1-7] DEBUG org.asynchttpclient.netty.handler.HttpHandler - 

Request DefaultFullHttpRequest(decodeResult: success, version: HTTP/1.1, content: EmptyByteBufBE)
GET /session/a1cf4c90381146d159c8679d9ce5e162/element/bbaec30c-567a-4dca-b784-c8e68cbff32c/name HTTP/1.1
User-Agent: selenium/4.1.4 (java windows)
Cache-Control: no-cache
Content-Type: application/json; charset=utf-8
host: localhost:56647
accept: */*

Response DefaultHttpResponse(decodeResult: success, version: HTTP/1.1)
HTTP/1.1 200 OK
Content-Type: application/json; charset=utf-8
cache-control: no-cache
content-length: 16

18:33:05.524 [AsyncHttpClient-1-7] DEBUG org.asynchttpclient.netty.channel.ChannelManager - Adding key: http://localhost:56647 for channel [id: 0x09017107, L:/127.0.0.1:49973 - R:localhost/127.0.0.1:56647]
18:33:05.525 [Forwarding findElement on session a1cf4c90381146d159c8679d9ce5e162 to remote] DEBUG org.asynchttpclient.netty.request.NettyRequestSender - Using pooled Channel '[id: 0x09017107, L:/127.0.0.1:49973 - R:localhost/127.0.0.1:56647]' for 'POST' to 'http://localhost:56647/session/a1cf4c90381146d159c8679d9ce5e162/element'
18:33:05.525 [Forwarding findElement on session a1cf4c90381146d159c8679d9ce5e162 to remote] DEBUG org.asynchttpclient.netty.request.NettyRequestSender - Using open Channel [id: 0x09017107, L:/127.0.0.1:49973 - R:localhost/127.0.0.1:56647] for POST '/session/a1cf4c90381146d159c8679d9ce5e162/element'
18:33:05.532 [AsyncHttpClient-1-7] DEBUG org.asynchttpclient.netty.handler.HttpHandler - 

Request DefaultHttpRequest(decodeResult: success, version: HTTP/1.1)
POST /session/a1cf4c90381146d159c8679d9ce5e162/element HTTP/1.1
User-Agent: selenium/4.1.4 (java windows)
Content-Length: 182
Content-Type: application/json; charset=utf-8
host: localhost:56647
accept: */*

Response DefaultHttpResponse(decodeResult: success, version: HTTP/1.1)
HTTP/1.1 200 OK
Content-Type: application/json; charset=utf-8
cache-control: no-cache
content-length: 88

18:33:05.532 [AsyncHttpClient-1-7] DEBUG org.asynchttpclient.netty.channel.ChannelManager - Adding key: http://localhost:56647 for channel [id: 0x09017107, L:/127.0.0.1:49973 - R:localhost/127.0.0.1:56647]
18:33:05.533 [Forwarding clickElement on session a1cf4c90381146d159c8679d9ce5e162 to remote] DEBUG org.asynchttpclient.netty.request.NettyRequestSender - Using pooled Channel '[id: 0x09017107, L:/127.0.0.1:49973 - R:localhost/127.0.0.1:56647]' for 'POST' to 'http://localhost:56647/session/a1cf4c90381146d159c8679d9ce5e162/element/bbaec30c-567a-4dca-b784-c8e68cbff32c/click'
18:33:05.533 [Forwarding clickElement on session a1cf4c90381146d159c8679d9ce5e162 to remote] DEBUG org.asynchttpclient.netty.request.NettyRequestSender - Using open Channel [id: 0x09017107, L:/127.0.0.1:49973 - R:localhost/127.0.0.1:56647] for POST '/session/a1cf4c90381146d159c8679d9ce5e162/element/bbaec30c-567a-4dca-b784-c8e68cbff32c/click'
18:33:05.570 [AsyncHttpClient-1-7] DEBUG org.asynchttpclient.netty.handler.HttpHandler - 

Request DefaultHttpRequest(decodeResult: success, version: HTTP/1.1)
POST /session/a1cf4c90381146d159c8679d9ce5e162/element/bbaec30c-567a-4dca-b784-c8e68cbff32c/click HTTP/1.1
User-Agent: selenium/4.1.4 (java windows)
Content-Length: 50
Content-Type: application/json; charset=utf-8
host: localhost:56647
accept: */*

Response DefaultHttpResponse(decodeResult: success, version: HTTP/1.1)
HTTP/1.1 200 OK
Content-Type: application/json; charset=utf-8
cache-control: no-cache
content-length: 14

18:33:05.570 [AsyncHttpClient-1-7] DEBUG org.asynchttpclient.netty.channel.ChannelManager - Adding key: http://localhost:56647 for channel [id: 0x09017107, L:/127.0.0.1:49973 - R:localhost/127.0.0.1:56647]
18:33:05.570 [Forwarding screenshot on session a1cf4c90381146d159c8679d9ce5e162 to remote] DEBUG org.asynchttpclient.netty.request.NettyRequestSender - Using pooled Channel '[id: 0x09017107, L:/127.0.0.1:49973 - R:localhost/127.0.0.1:56647]' for 'GET' to 'http://localhost:56647/session/a1cf4c90381146d159c8679d9ce5e162/screenshot'
18:33:05.570 [Forwarding screenshot on session a1cf4c90381146d159c8679d9ce5e162 to remote] DEBUG org.asynchttpclient.netty.request.NettyRequestSender - Using open Channel [id: 0x09017107, L:/127.0.0.1:49973 - R:localhost/127.0.0.1:56647] for GET '/session/a1cf4c90381146d159c8679d9ce5e162/screenshot'
18:33:05.711 [AsyncHttpClient-1-7] DEBUG org.asynchttpclient.netty.handler.HttpHandler - 

Request DefaultFullHttpRequest(decodeResult: success, version: HTTP/1.1, content: EmptyByteBufBE)
GET /session/a1cf4c90381146d159c8679d9ce5e162/screenshot HTTP/1.1
User-Agent: selenium/4.1.4 (java windows)
Cache-Control: no-cache
Content-Type: application/json; charset=utf-8
host: localhost:56647
accept: */*

Response DefaultHttpResponse(decodeResult: success, version: HTTP/1.1)
HTTP/1.1 200 OK
Content-Type: application/json; charset=utf-8
cache-control: no-cache
content-length: 93120

18:33:05.711 [AsyncHttpClient-1-7] DEBUG org.asynchttpclient.netty.channel.ChannelManager - Adding key: http://localhost:56647 for channel [id: 0x09017107, L:/127.0.0.1:49973 - R:localhost/127.0.0.1:56647]
18:33:05.714 [main] DEBUG net.serenitybdd.core.photography.Darkroom - Send negative for processing for target\site\serenity\94d182038436e4ed7bfc5a23c98a642a734b8a3a5f30bdce51c3de06f7332296.png
18:33:05.714 [main] DEBUG net.thucydides.core.steps.StepInterceptor - STEP DONE: clickLaki
  &amp#27;[32mAnd &amp#27;[0m&amp#27;[32mI click button jenis kelamin laki-laki&amp#27;[0m                                    &amp#27;[90m# starter.stepdefinitios.PatientDataSteps.iClickButtonJenisKelamin()&amp#27;[0m
18:33:05.714 [Darkroom Processing Line] DEBUG net.serenitybdd.core.photography.DarkroomProcessingLine - Processing screenshot image in /var/screenshots/screenshot-8847643049685004870
18:33:05.714 [Darkroom Processing Line] DEBUG net.serenitybdd.core.photography.DarkroomProcessingLine - Saving screenshot to target\site\serenity\94d182038436e4ed7bfc5a23c98a642a734b8a3a5f30bdce51c3de06f7332296.png
18:33:05.734 [main] DEBUG net.thucydides.core.steps.StepInterceptor - STARTING STEP: PatientDataSteps.clickButtonSimpan - clickButtonSave
18:33:05.736 [Forwarding findElement on session a1cf4c90381146d159c8679d9ce5e162 to remote] DEBUG org.asynchttpclient.netty.request.NettyRequestSender - Using pooled Channel '[id: 0x09017107, L:/127.0.0.1:49973 - R:localhost/127.0.0.1:56647]' for 'POST' to 'http://localhost:56647/session/a1cf4c90381146d159c8679d9ce5e162/element'
18:33:05.736 [Forwarding findElement on session a1cf4c90381146d159c8679d9ce5e162 to remote] DEBUG org.asynchttpclient.netty.request.NettyRequestSender - Using open Channel [id: 0x09017107, L:/127.0.0.1:49973 - R:localhost/127.0.0.1:56647] for POST '/session/a1cf4c90381146d159c8679d9ce5e162/element'
18:33:05.747 [AsyncHttpClient-1-7] DEBUG org.asynchttpclient.netty.handler.HttpHandler - 

Request DefaultHttpRequest(decodeResult: success, version: HTTP/1.1)
POST /session/a1cf4c90381146d159c8679d9ce5e162/element HTTP/1.1
User-Agent: selenium/4.1.4 (java windows)
Content-Length: 68
Content-Type: application/json; charset=utf-8
host: localhost:56647
accept: */*

Response DefaultHttpResponse(decodeResult: success, version: HTTP/1.1)
HTTP/1.1 200 OK
Content-Type: application/json; charset=utf-8
cache-control: no-cache
content-length: 88

18:33:05.747 [AsyncHttpClient-1-7] DEBUG org.asynchttpclient.netty.channel.ChannelManager - Adding key: http://localhost:56647 for channel [id: 0x09017107, L:/127.0.0.1:49973 - R:localhost/127.0.0.1:56647]
18:33:05.748 [Forwarding getElementTagName on session a1cf4c90381146d159c8679d9ce5e162 to remote] DEBUG org.asynchttpclient.netty.request.NettyRequestSender - Using pooled Channel '[id: 0x09017107, L:/127.0.0.1:49973 - R:localhost/127.0.0.1:56647]' for 'GET' to 'http://localhost:56647/session/a1cf4c90381146d159c8679d9ce5e162/element/aae36960-0675-448f-a575-02e074def588/name'
18:33:05.748 [Forwarding getElementTagName on session a1cf4c90381146d159c8679d9ce5e162 to remote] DEBUG org.asynchttpclient.netty.request.NettyRequestSender - Using open Channel [id: 0x09017107, L:/127.0.0.1:49973 - R:localhost/127.0.0.1:56647] for GET '/session/a1cf4c90381146d159c8679d9ce5e162/element/aae36960-0675-448f-a575-02e074def588/name'
18:33:05.753 [AsyncHttpClient-1-7] DEBUG org.asynchttpclient.netty.handler.HttpHandler - 

Request DefaultFullHttpRequest(decodeResult: success, version: HTTP/1.1, content: EmptyByteBufBE)
GET /session/a1cf4c90381146d159c8679d9ce5e162/element/aae36960-0675-448f-a575-02e074def588/name HTTP/1.1
User-Agent: selenium/4.1.4 (java windows)
Cache-Control: no-cache
Content-Type: application/json; charset=utf-8
host: localhost:56647
accept: */*

Response DefaultHttpResponse(decodeResult: success, version: HTTP/1.1)
HTTP/1.1 200 OK
Content-Type: application/json; charset=utf-8
cache-control: no-cache
content-length: 18

18:33:05.753 [AsyncHttpClient-1-7] DEBUG org.asynchttpclient.netty.channel.ChannelManager - Adding key: http://localhost:56647 for channel [id: 0x09017107, L:/127.0.0.1:49973 - R:localhost/127.0.0.1:56647]
18:33:05.754 [Forwarding getElementTagName on session a1cf4c90381146d159c8679d9ce5e162 to remote] DEBUG org.asynchttpclient.netty.request.NettyRequestSender - Using pooled Channel '[id: 0x09017107, L:/127.0.0.1:49973 - R:localhost/127.0.0.1:56647]' for 'GET' to 'http://localhost:56647/session/a1cf4c90381146d159c8679d9ce5e162/element/aae36960-0675-448f-a575-02e074def588/name'
18:33:05.754 [Forwarding getElementTagName on session a1cf4c90381146d159c8679d9ce5e162 to remote] DEBUG org.asynchttpclient.netty.request.NettyRequestSender - Using open Channel [id: 0x09017107, L:/127.0.0.1:49973 - R:localhost/127.0.0.1:56647] for GET '/session/a1cf4c90381146d159c8679d9ce5e162/element/aae36960-0675-448f-a575-02e074def588/name'
18:33:05.757 [AsyncHttpClient-1-7] DEBUG org.asynchttpclient.netty.handler.HttpHandler - 

Request DefaultFullHttpRequest(decodeResult: success, version: HTTP/1.1, content: EmptyByteBufBE)
GET /session/a1cf4c90381146d159c8679d9ce5e162/element/aae36960-0675-448f-a575-02e074def588/name HTTP/1.1
User-Agent: selenium/4.1.4 (java windows)
Cache-Control: no-cache
Content-Type: application/json; charset=utf-8
host: localhost:56647
accept: */*

Response DefaultHttpResponse(decodeResult: success, version: HTTP/1.1)
HTTP/1.1 200 OK
Content-Type: application/json; charset=utf-8
cache-control: no-cache
content-length: 18

18:33:05.758 [AsyncHttpClient-1-7] DEBUG org.asynchttpclient.netty.channel.ChannelManager - Adding key: http://localhost:56647 for channel [id: 0x09017107, L:/127.0.0.1:49973 - R:localhost/127.0.0.1:56647]
18:33:05.760 [Forwarding isElementEnabled on session a1cf4c90381146d159c8679d9ce5e162 to remote] DEBUG org.asynchttpclient.netty.request.NettyRequestSender - Using pooled Channel '[id: 0x09017107, L:/127.0.0.1:49973 - R:localhost/127.0.0.1:56647]' for 'GET' to 'http://localhost:56647/session/a1cf4c90381146d159c8679d9ce5e162/element/aae36960-0675-448f-a575-02e074def588/enabled'
18:33:05.760 [Forwarding isElementEnabled on session a1cf4c90381146d159c8679d9ce5e162 to remote] DEBUG org.asynchttpclient.netty.request.NettyRequestSender - Using open Channel [id: 0x09017107, L:/127.0.0.1:49973 - R:localhost/127.0.0.1:56647] for GET '/session/a1cf4c90381146d159c8679d9ce5e162/element/aae36960-0675-448f-a575-02e074def588/enabled'
18:33:05.771 [AsyncHttpClient-1-7] DEBUG org.asynchttpclient.netty.handler.HttpHandler - 

Request DefaultFullHttpRequest(decodeResult: success, version: HTTP/1.1, content: EmptyByteBufBE)
GET /session/a1cf4c90381146d159c8679d9ce5e162/element/aae36960-0675-448f-a575-02e074def588/enabled HTTP/1.1
User-Agent: selenium/4.1.4 (java windows)
Cache-Control: no-cache
Content-Type: application/json; charset=utf-8
host: localhost:56647
accept: */*

Response DefaultHttpResponse(decodeResult: success, version: HTTP/1.1)
HTTP/1.1 200 OK
Content-Type: application/json; charset=utf-8
cache-control: no-cache
content-length: 14

18:33:05.771 [AsyncHttpClient-1-7] DEBUG org.asynchttpclient.netty.channel.ChannelManager - Adding key: http://localhost:56647 for channel [id: 0x09017107, L:/127.0.0.1:49973 - R:localhost/127.0.0.1:56647]
18:33:05.771 [Forwarding isElementEnabled on session a1cf4c90381146d159c8679d9ce5e162 to remote] DEBUG org.asynchttpclient.netty.request.NettyRequestSender - Using pooled Channel '[id: 0x09017107, L:/127.0.0.1:49973 - R:localhost/127.0.0.1:56647]' for 'GET' to 'http://localhost:56647/session/a1cf4c90381146d159c8679d9ce5e162/element/aae36960-0675-448f-a575-02e074def588/enabled'
18:33:05.771 [Forwarding isElementEnabled on session a1cf4c90381146d159c8679d9ce5e162 to remote] DEBUG org.asynchttpclient.netty.request.NettyRequestSender - Using open Channel [id: 0x09017107, L:/127.0.0.1:49973 - R:localhost/127.0.0.1:56647] for GET '/session/a1cf4c90381146d159c8679d9ce5e162/element/aae36960-0675-448f-a575-02e074def588/enabled'
18:33:05.777 [AsyncHttpClient-1-7] DEBUG org.asynchttpclient.netty.handler.HttpHandler - 

Request DefaultFullHttpRequest(decodeResult: success, version: HTTP/1.1, content: EmptyByteBufBE)
GET /session/a1cf4c90381146d159c8679d9ce5e162/element/aae36960-0675-448f-a575-02e074def588/enabled HTTP/1.1
User-Agent: selenium/4.1.4 (java windows)
Cache-Control: no-cache
Content-Type: application/json; charset=utf-8
host: localhost:56647
accept: */*

Response DefaultHttpResponse(decodeResult: success, version: HTTP/1.1)
HTTP/1.1 200 OK
Content-Type: application/json; charset=utf-8
cache-control: no-cache
content-length: 14

18:33:05.777 [AsyncHttpClient-1-7] DEBUG org.asynchttpclient.netty.channel.ChannelManager - Adding key: http://localhost:56647 for channel [id: 0x09017107, L:/127.0.0.1:49973 - R:localhost/127.0.0.1:56647]
18:33:05.781 [Forwarding findElement on session a1cf4c90381146d159c8679d9ce5e162 to remote] DEBUG org.asynchttpclient.netty.request.NettyRequestSender - Using pooled Channel '[id: 0x09017107, L:/127.0.0.1:49973 - R:localhost/127.0.0.1:56647]' for 'POST' to 'http://localhost:56647/session/a1cf4c90381146d159c8679d9ce5e162/element'
18:33:05.781 [Forwarding findElement on session a1cf4c90381146d159c8679d9ce5e162 to remote] DEBUG org.asynchttpclient.netty.request.NettyRequestSender - Using open Channel [id: 0x09017107, L:/127.0.0.1:49973 - R:localhost/127.0.0.1:56647] for POST '/session/a1cf4c90381146d159c8679d9ce5e162/element'
18:33:05.789 [AsyncHttpClient-1-7] DEBUG org.asynchttpclient.netty.handler.HttpHandler - 

Request DefaultHttpRequest(decodeResult: success, version: HTTP/1.1)
POST /session/a1cf4c90381146d159c8679d9ce5e162/element HTTP/1.1
User-Agent: selenium/4.1.4 (java windows)
Content-Length: 68
Content-Type: application/json; charset=utf-8
host: localhost:56647
accept: */*

Response DefaultHttpResponse(decodeResult: success, version: HTTP/1.1)
HTTP/1.1 200 OK
Content-Type: application/json; charset=utf-8
cache-control: no-cache
content-length: 88

18:33:05.789 [AsyncHttpClient-1-7] DEBUG org.asynchttpclient.netty.channel.ChannelManager - Adding key: http://localhost:56647 for channel [id: 0x09017107, L:/127.0.0.1:49973 - R:localhost/127.0.0.1:56647]
18:33:05.790 [Forwarding clickElement on session a1cf4c90381146d159c8679d9ce5e162 to remote] DEBUG org.asynchttpclient.netty.request.NettyRequestSender - Using pooled Channel '[id: 0x09017107, L:/127.0.0.1:49973 - R:localhost/127.0.0.1:56647]' for 'POST' to 'http://localhost:56647/session/a1cf4c90381146d159c8679d9ce5e162/element/aae36960-0675-448f-a575-02e074def588/click'
18:33:05.790 [Forwarding clickElement on session a1cf4c90381146d159c8679d9ce5e162 to remote] DEBUG org.asynchttpclient.netty.request.NettyRequestSender - Using open Channel [id: 0x09017107, L:/127.0.0.1:49973 - R:localhost/127.0.0.1:56647] for POST '/session/a1cf4c90381146d159c8679d9ce5e162/element/aae36960-0675-448f-a575-02e074def588/click'
18:33:05.862 [AsyncHttpClient-1-7] DEBUG org.asynchttpclient.netty.handler.HttpHandler - 

Request DefaultHttpRequest(decodeResult: success, version: HTTP/1.1)
POST /session/a1cf4c90381146d159c8679d9ce5e162/element/aae36960-0675-448f-a575-02e074def588/click HTTP/1.1
User-Agent: selenium/4.1.4 (java windows)
Content-Length: 50
Content-Type: application/json; charset=utf-8
host: localhost:56647
accept: */*

Response DefaultHttpResponse(decodeResult: success, version: HTTP/1.1)
HTTP/1.1 200 OK
Content-Type: application/json; charset=utf-8
cache-control: no-cache
content-length: 14

18:33:05.862 [AsyncHttpClient-1-7] DEBUG org.asynchttpclient.netty.channel.ChannelManager - Adding key: http://localhost:56647 for channel [id: 0x09017107, L:/127.0.0.1:49973 - R:localhost/127.0.0.1:56647]
18:33:05.867 [Forwarding screenshot on session a1cf4c90381146d159c8679d9ce5e162 to remote] DEBUG org.asynchttpclient.netty.request.NettyRequestSender - Using pooled Channel '[id: 0x09017107, L:/127.0.0.1:49973 - R:localhost/127.0.0.1:56647]' for 'GET' to 'http://localhost:56647/session/a1cf4c90381146d159c8679d9ce5e162/screenshot'
18:33:05.867 [Forwarding screenshot on session a1cf4c90381146d159c8679d9ce5e162 to remote] DEBUG org.asynchttpclient.netty.request.NettyRequestSender - Using open Channel [id: 0x09017107, L:/127.0.0.1:49973 - R:localhost/127.0.0.1:56647] for GET '/session/a1cf4c90381146d159c8679d9ce5e162/screenshot'
18:33:06.210 [AsyncHttpClient-1-7] DEBUG org.asynchttpclient.netty.handler.HttpHandler - 

Request DefaultFullHttpRequest(decodeResult: success, version: HTTP/1.1, content: EmptyByteBufBE)
GET /session/a1cf4c90381146d159c8679d9ce5e162/screenshot HTTP/1.1
User-Agent: selenium/4.1.4 (java windows)
Cache-Control: no-cache
Content-Type: application/json; charset=utf-8
host: localhost:56647
accept: */*

Response DefaultHttpResponse(decodeResult: success, version: HTTP/1.1)
HTTP/1.1 200 OK
Content-Type: application/json; charset=utf-8
cache-control: no-cache
content-length: 91224

18:33:06.210 [AsyncHttpClient-1-7] DEBUG org.asynchttpclient.netty.channel.ChannelManager - Adding key: http://localhost:56647 for channel [id: 0x09017107, L:/127.0.0.1:49973 - R:localhost/127.0.0.1:56647]
18:33:06.219 [main] DEBUG net.serenitybdd.core.photography.Darkroom - Send negative for processing for target\site\serenity\d8ec701ecc1f3220e0e82e9b2546cc3b5c37f20c0a9790e701dd23733570ffc1.png
18:33:06.219 [main] DEBUG net.thucydides.core.steps.StepInterceptor - STEP DONE: clickButtonSave
18:33:06.220 [Darkroom Processing Line] DEBUG net.serenitybdd.core.photography.DarkroomProcessingLine - Processing screenshot image in /var/screenshots/screenshot-15939772457211648149
18:33:06.220 [Darkroom Processing Line] DEBUG net.serenitybdd.core.photography.DarkroomProcessingLine - Saving screenshot to target\site\serenity\d8ec701ecc1f3220e0e82e9b2546cc3b5c37f20c0a9790e701dd23733570ffc1.png
18:33:06.239 [AsyncHttpClient-1-1] DEBUG org.asynchttpclient.netty.channel.DefaultChannelPool - Entry count for : http://localhost:56647 : 1
18:33:06.239 [AsyncHttpClient-1-1] DEBUG org.asynchttpclient.netty.channel.DefaultChannelPool - Entry count for : http://localhost:49974 : 1
  &amp#27;[32mThen &amp#27;[0m&amp#27;[32mClick button simpan&amp#27;[0m                                                      &amp#27;[90m# starter.stepdefinitios.PatientDataSteps.clickButtonSimpan()&amp#27;[0m
18:33:07.236 [Forwarding screenshot on session a1cf4c90381146d159c8679d9ce5e162 to remote] DEBUG org.asynchttpclient.netty.request.NettyRequestSender - Using pooled Channel '[id: 0x09017107, L:/127.0.0.1:49973 - R:localhost/127.0.0.1:56647]' for 'GET' to 'http://localhost:56647/session/a1cf4c90381146d159c8679d9ce5e162/screenshot'
18:33:07.236 [Forwarding screenshot on session a1cf4c90381146d159c8679d9ce5e162 to remote] DEBUG org.asynchttpclient.netty.request.NettyRequestSender - Using open Channel [id: 0x09017107, L:/127.0.0.1:49973 - R:localhost/127.0.0.1:56647] for GET '/session/a1cf4c90381146d159c8679d9ce5e162/screenshot'
18:33:07.338 [AsyncHttpClient-1-1] DEBUG org.asynchttpclient.netty.channel.DefaultChannelPool - Entry count for : http://localhost:49974 : 1
18:33:07.571 [AsyncHttpClient-1-7] DEBUG org.asynchttpclient.netty.handler.HttpHandler - 

Request DefaultFullHttpRequest(decodeResult: success, version: HTTP/1.1, content: EmptyByteBufBE)
GET /session/a1cf4c90381146d159c8679d9ce5e162/screenshot HTTP/1.1
User-Agent: selenium/4.1.4 (java windows)
Cache-Control: no-cache
Content-Type: application/json; charset=utf-8
host: localhost:56647
accept: */*

Response DefaultHttpResponse(decodeResult: success, version: HTTP/1.1)
HTTP/1.1 200 OK
Content-Type: application/json; charset=utf-8
cache-control: no-cache
content-length: 118560

18:33:07.572 [AsyncHttpClient-1-7] DEBUG org.asynchttpclient.netty.channel.ChannelManager - Adding key: http://localhost:56647 for channel [id: 0x09017107, L:/127.0.0.1:49973 - R:localhost/127.0.0.1:56647]
18:33:07.577 [main] DEBUG net.serenitybdd.core.photography.Darkroom - Send negative for processing for target\site\serenity\2c66bd6afa81d89f6cbefc6224359febd3fbe48bb9a85b324e31c2b7d8236ad4.png
18:33:07.577 [Darkroom Processing Line] DEBUG net.serenitybdd.core.photography.DarkroomProcessingLine - Processing screenshot image in /var/screenshots/screenshot-1842052091161660550
18:33:07.577 [Darkroom Processing Line] DEBUG net.serenitybdd.core.photography.DarkroomProcessingLine - Saving screenshot to target\site\serenity\2c66bd6afa81d89f6cbefc6224359febd3fbe48bb9a85b324e31c2b7d8236ad4.png
18:33:08.447 [AsyncHttpClient-1-1] DEBUG org.asynchttpclient.netty.channel.DefaultChannelPool - Entry count for : http://localhost:56647 : 1
18:33:08.447 [AsyncHttpClient-1-1] DEBUG org.asynchttpclient.netty.channel.DefaultChannelPool - Entry count for : http://localhost:49974 : 1
18:33:08.605 [Forwarding screenshot on session a1cf4c90381146d159c8679d9ce5e162 to remote] DEBUG org.asynchttpclient.netty.request.NettyRequestSender - Using pooled Channel '[id: 0x09017107, L:/127.0.0.1:49973 - R:localhost/127.0.0.1:56647]' for 'GET' to 'http://localhost:56647/session/a1cf4c90381146d159c8679d9ce5e162/screenshot'
18:33:08.605 [Forwarding screenshot on session a1cf4c90381146d159c8679d9ce5e162 to remote] DEBUG org.asynchttpclient.netty.request.NettyRequestSender - Using open Channel [id: 0x09017107, L:/127.0.0.1:49973 - R:localhost/127.0.0.1:56647] for GET '/session/a1cf4c90381146d159c8679d9ce5e162/screenshot'
18:33:08.843 [AsyncHttpClient-1-7] DEBUG org.asynchttpclient.netty.handler.HttpHandler - 

Request DefaultFullHttpRequest(decodeResult: success, version: HTTP/1.1, content: EmptyByteBufBE)
GET /session/a1cf4c90381146d159c8679d9ce5e162/screenshot HTTP/1.1
User-Agent: selenium/4.1.4 (java windows)
Cache-Control: no-cache
Content-Type: application/json; charset=utf-8
host: localhost:56647
accept: */*

Response DefaultHttpResponse(decodeResult: success, version: HTTP/1.1)
HTTP/1.1 200 OK
Content-Type: application/json; charset=utf-8
cache-control: no-cache
content-length: 118560

18:33:08.843 [AsyncHttpClient-1-7] DEBUG org.asynchttpclient.netty.channel.ChannelManager - Adding key: http://localhost:56647 for channel [id: 0x09017107, L:/127.0.0.1:49973 - R:localhost/127.0.0.1:56647]
18:33:08.847 [main] DEBUG net.serenitybdd.core.photography.Darkroom - Send negative for processing for target\site\serenity\2c66bd6afa81d89f6cbefc6224359febd3fbe48bb9a85b324e31c2b7d8236ad4.png
18:33:08.847 [main] DEBUG net.thucydides.core.steps.StepInterceptor - STARTING STEP: PatientDataSteps.validateAddErrorMessengerPasien - validateTextMessegerDokter
18:33:08.850 [Forwarding findElement on session a1cf4c90381146d159c8679d9ce5e162 to remote] DEBUG org.asynchttpclient.netty.request.NettyRequestSender - Using pooled Channel '[id: 0x09017107, L:/127.0.0.1:49973 - R:localhost/127.0.0.1:56647]' for 'POST' to 'http://localhost:56647/session/a1cf4c90381146d159c8679d9ce5e162/element'
18:33:08.850 [Forwarding findElement on session a1cf4c90381146d159c8679d9ce5e162 to remote] DEBUG org.asynchttpclient.netty.request.NettyRequestSender - Using open Channel [id: 0x09017107, L:/127.0.0.1:49973 - R:localhost/127.0.0.1:56647] for POST '/session/a1cf4c90381146d159c8679d9ce5e162/element'
18:33:08.865 [AsyncHttpClient-1-7] DEBUG org.asynchttpclient.netty.handler.HttpHandler - 

Request DefaultHttpRequest(decodeResult: success, version: HTTP/1.1)
POST /session/a1cf4c90381146d159c8679d9ce5e162/element HTTP/1.1
User-Agent: selenium/4.1.4 (java windows)
Content-Length: 143
Content-Type: application/json; charset=utf-8
host: localhost:56647
accept: */*

Response DefaultHttpResponse(decodeResult: success, version: HTTP/1.1)
HTTP/1.1 200 OK
Content-Type: application/json; charset=utf-8
cache-control: no-cache
content-length: 88

18:33:08.865 [AsyncHttpClient-1-7] DEBUG org.asynchttpclient.netty.channel.ChannelManager - Adding key: http://localhost:56647 for channel [id: 0x09017107, L:/127.0.0.1:49973 - R:localhost/127.0.0.1:56647]
18:33:08.866 [Forwarding getElementText on session a1cf4c90381146d159c8679d9ce5e162 to remote] DEBUG org.asynchttpclient.netty.request.NettyRequestSender - Using pooled Channel '[id: 0x09017107, L:/127.0.0.1:49973 - R:localhost/127.0.0.1:56647]' for 'GET' to 'http://localhost:56647/session/a1cf4c90381146d159c8679d9ce5e162/element/c8e8166b-a107-47c8-bab7-69e353b1f538/text'
18:33:08.866 [Forwarding getElementText on session a1cf4c90381146d159c8679d9ce5e162 to remote] DEBUG org.asynchttpclient.netty.request.NettyRequestSender - Using open Channel [id: 0x09017107, L:/127.0.0.1:49973 - R:localhost/127.0.0.1:56647] for GET '/session/a1cf4c90381146d159c8679d9ce5e162/element/c8e8166b-a107-47c8-bab7-69e353b1f538/text'
18:33:08.922 [AsyncHttpClient-1-7] DEBUG org.asynchttpclient.netty.handler.HttpHandler - 

Request DefaultFullHttpRequest(decodeResult: success, version: HTTP/1.1, content: EmptyByteBufBE)
GET /session/a1cf4c90381146d159c8679d9ce5e162/element/c8e8166b-a107-47c8-bab7-69e353b1f538/text HTTP/1.1
User-Agent: selenium/4.1.4 (java windows)
Cache-Control: no-cache
Content-Type: application/json; charset=utf-8
host: localhost:56647
accept: */*

Response DefaultHttpResponse(decodeResult: success, version: HTTP/1.1)
HTTP/1.1 200 OK
Content-Type: application/json; charset=utf-8
cache-control: no-cache
content-length: 118

18:33:08.922 [AsyncHttpClient-1-7] DEBUG org.asynchttpclient.netty.channel.ChannelManager - Adding key: http://localhost:56647 for channel [id: 0x09017107, L:/127.0.0.1:49973 - R:localhost/127.0.0.1:56647]
18:33:08.923 [Forwarding screenshot on session a1cf4c90381146d159c8679d9ce5e162 to remote] DEBUG org.asynchttpclient.netty.request.NettyRequestSender - Using pooled Channel '[id: 0x09017107, L:/127.0.0.1:49973 - R:localhost/127.0.0.1:56647]' for 'GET' to 'http://localhost:56647/session/a1cf4c90381146d159c8679d9ce5e162/screenshot'
18:33:08.923 [Forwarding screenshot on session a1cf4c90381146d159c8679d9ce5e162 to remote] DEBUG org.asynchttpclient.netty.request.NettyRequestSender - Using open Channel [id: 0x09017107, L:/127.0.0.1:49973 - R:localhost/127.0.0.1:56647] for GET '/session/a1cf4c90381146d159c8679d9ce5e162/screenshot'
18:33:09.118 [AsyncHttpClient-1-7] DEBUG org.asynchttpclient.netty.handler.HttpHandler - 

Request DefaultFullHttpRequest(decodeResult: success, version: HTTP/1.1, content: EmptyByteBufBE)
GET /session/a1cf4c90381146d159c8679d9ce5e162/screenshot HTTP/1.1
User-Agent: selenium/4.1.4 (java windows)
Cache-Control: no-cache
Content-Type: application/json; charset=utf-8
host: localhost:56647
accept: */*

Response DefaultHttpResponse(decodeResult: success, version: HTTP/1.1)
HTTP/1.1 200 OK
Content-Type: application/json; charset=utf-8
cache-control: no-cache
content-length: 118560

18:33:09.118 [AsyncHttpClient-1-7] DEBUG org.asynchttpclient.netty.channel.ChannelManager - Adding key: http://localhost:56647 for channel [id: 0x09017107, L:/127.0.0.1:49973 - R:localhost/127.0.0.1:56647]
18:33:09.120 [main] DEBUG net.serenitybdd.core.photography.Darkroom - Send negative for processing for target\site\serenity\2c66bd6afa81d89f6cbefc6224359febd3fbe48bb9a85b324e31c2b7d8236ad4.png
18:33:09.120 [main] DEBUG net.thucydides.core.steps.StepInterceptor - STEP DONE: validateTextMessegerDokter
  &amp#27;[32mAnd &amp#27;[0m&amp#27;[32mValidate add error messenger &amp#27;[0m&amp#27;[32m&amp#27;[1m"alamat perlu dibutuhkan"&amp#27;[0m&amp#27;[32m Pasien&amp#27;[0m             &amp#27;[90m# starter.stepdefinitios.PatientDataSteps.validateAddErrorMessengerPasien(java.lang.String)&amp#27;[0m
18:33:09.129 [AsyncHttpClient-1-9] DEBUG org.asynchttpclient.netty.handler.WebSocketHandler - Channel Closed: [id: 0x52e167a5, L:/127.0.0.1:49981 ! R:localhost/127.0.0.1:49974] with attribute NettyResponseFuture{currentRetry=5,
	isDone=1,
	isCancelled=0,
	asyncHandler=org.asynchttpclient.ws.WebSocketUpgradeHandler@4f875207,
	nettyRequest=org.asynchttpclient.netty.request.NettyRequest@6dcffa49,
	future=java.util.concurrent.CompletableFuture@3225a062[Completed normally],
	uri=ws://localhost:49974/devtools/browser/73e38c41-f6e3-469c-80d7-49edc3a30dbd,
	keepAlive=true,
	redirectCount=0,
	timeoutsHolder=null,
	inAuth=0,
	touch=1658057558169}
18:33:09.129 [AsyncHttpClient-1-9] DEBUG org.asynchttpclient.netty.channel.ChannelManager - Closing Channel [id: 0x52e167a5, L:/127.0.0.1:49981 ! R:localhost/127.0.0.1:49974] 
18:33:09.129 [Driver Command Executor] DEBUG org.asynchttpclient.netty.request.NettyRequestSender - Using pooled Channel '[id: 0x09017107, L:/127.0.0.1:49973 - R:localhost/127.0.0.1:56647]' for 'DELETE' to 'http://localhost:56647/session/a1cf4c90381146d159c8679d9ce5e162'
18:33:09.129 [Driver Command Executor] DEBUG org.asynchttpclient.netty.request.NettyRequestSender - Using open Channel [id: 0x09017107, L:/127.0.0.1:49973 - R:localhost/127.0.0.1:56647] for DELETE '/session/a1cf4c90381146d159c8679d9ce5e162'
18:33:09.200 [AsyncHttpClient-1-8] DEBUG org.asynchttpclient.netty.handler.HttpHandler - Unexpected I/O exception on channel [id: 0x2a20b19b, L:/127.0.0.1:49980 - R:localhost/127.0.0.1:49974]
java.io.IOException: An existing connection was forcibly closed by the remote host
	at java.base/sun.nio.ch.SocketDispatcher.read0(Native Method)
	at java.base/sun.nio.ch.SocketDispatcher.read(SocketDispatcher.java:43)
	at java.base/sun.nio.ch.IOUtil.readIntoNativeBuffer(IOUtil.java:276)
	at java.base/sun.nio.ch.IOUtil.read(IOUtil.java:233)
	at java.base/sun.nio.ch.IOUtil.read(IOUtil.java:223)
	at java.base/sun.nio.ch.SocketChannelImpl.read(SocketChannelImpl.java:356)
	at io.netty.buffer.PooledByteBuf.setBytes(PooledByteBuf.java:258)
	at io.netty.buffer.AbstractByteBuf.writeBytes(AbstractByteBuf.java:1132)
	at io.netty.channel.socket.nio.NioSocketChannel.doReadBytes(NioSocketChannel.java:357)
	at io.netty.channel.nio.AbstractNioByteChannel$NioByteUnsafe.read(AbstractNioByteChannel.java:151)
	at io.netty.channel.nio.NioEventLoop.processSelectedKey(NioEventLoop.java:722)
	at io.netty.channel.nio.NioEventLoop.processSelectedKeysOptimized(NioEventLoop.java:658)
	at io.netty.channel.nio.NioEventLoop.processSelectedKeys(NioEventLoop.java:584)
	at io.netty.channel.nio.NioEventLoop.run(NioEventLoop.java:496)
	at io.netty.util.concurrent.SingleThreadEventExecutor$4.run(SingleThreadEventExecutor.java:986)
	at io.netty.util.internal.ThreadExecutorMap$2.run(ThreadExecutorMap.java:74)
	at io.netty.util.concurrent.FastThreadLocalRunnable.run(FastThreadLocalRunnable.java:30)
	at java.base/java.lang.Thread.run(Thread.java:829)
18:33:09.200 [AsyncHttpClient-1-8] DEBUG org.asynchttpclient.netty.channel.ChannelManager - Closing Channel [id: 0x2a20b19b, L:/127.0.0.1:49980 - R:localhost/127.0.0.1:49974] 
18:33:09.200 [AsyncHttpClient-1-8] DEBUG org.asynchttpclient.netty.handler.HttpHandler - Channel Closed: [id: 0x2a20b19b, L:/127.0.0.1:49980 ! R:localhost/127.0.0.1:49974] with attribute DISCARD
18:33:09.257 [AsyncHttpClient-1-7] DEBUG org.asynchttpclient.netty.handler.HttpHandler - 

Request DefaultFullHttpRequest(decodeResult: success, version: HTTP/1.1, content: EmptyByteBufBE)
DELETE /session/a1cf4c90381146d159c8679d9ce5e162 HTTP/1.1
User-Agent: selenium/4.1.4 (java windows)
Content-Type: application/json; charset=utf-8
host: localhost:56647
accept: */*

Response DefaultHttpResponse(decodeResult: success, version: HTTP/1.1)
HTTP/1.1 200 OK
Content-Type: application/json; charset=utf-8
cache-control: no-cache
content-length: 14

18:33:09.257 [AsyncHttpClient-1-7] DEBUG org.asynchttpclient.netty.channel.ChannelManager - Adding key: http://localhost:56647 for channel [id: 0x09017107, L:/127.0.0.1:49973 - R:localhost/127.0.0.1:56647]
18:33:09.307 [AsyncHttpClient-1-7] DEBUG org.asynchttpclient.netty.handler.HttpHandler - Channel Closed: [id: 0x09017107, L:/127.0.0.1:49973 ! R:localhost/127.0.0.1:56647] with attribute DISCARD
]]></system-out>
    <system-err><![CDATA[Starting ChromeDriver 103.0.5060.53 (a1711811edd74ff1cf2150f36ffa3b0dae40b17f-refs/branch-heads/5060@{#853}) on port 56647
Only local connections are allowed.
Please see https://chromedriver.chromium.org/security-considerations for suggestions on keeping ChromeDriver safe.
ChromeDriver was started successfully.
Jul 17, 2022 6:32:38 PM org.openqa.selenium.remote.ProtocolHandshake createSession
INFO: Detected dialect: W3C
Jul 17, 2022 6:32:38 PM org.openqa.selenium.devtools.CdpVersionFinder findNearestMatch
WARNING: Unable to find an exact match for CDP version 103, so returning the closest version found: 101
Jul 17, 2022 6:32:38 PM org.openqa.selenium.devtools.CdpVersionFinder findNearestMatch
INFO: Found CDP implementation for version 103 of 101
]]></system-err>
  </testcase>
  <testcase name="As a admin i want to edit data pasien (JK Perempuan) - Invalid #1" classname="Data Pasien - Admin" time="36.375">
    <system-out><![CDATA[
@DataPasien111 @EditPatientDataInvalid
Scenario Outline: As a admin i want to edit data pasien (JK Perempuan) - Invalid &amp#27;[90m# src/test/resources/features/4DataPasien.feature:143&amp#27;[0m
18:33:09.394 [main] INFO io.cucumber.core.plugin.SerenityReporter - Running feature from file:///C:/Alterra/CapstoneBaru/QE/TestingWebUpdate/src/test/resources/features/4DataPasien.feature
18:33:09.404 [main] INFO  - 
  _____   ___   ___   _____     ___   _____     _     ___   _____   ___   ___  
 |_   _| | __| / __| |_   _|   / __| |_   _|   /_\   | _ \ |_   _| | __| |   \ 
   | |   | _|  \__ \   | |     \__ \   | |    / _ \  |   /   | |   | _|  | |) |
   |_|   |___| |___/   |_|     |___/   |_|   /_/ \_\ |_|_\   |_|   |___| |___/ 

As a admin i want to edit data pasien (JK Perempuan) - Invalid(data-pasien---admin;as-a-admin-i-want-to-edit-data-pasien-(jk-perempuan)---invalid)
--------------------------------------------------------------------------------
18:33:09.500 [main] DEBUG net.thucydides.core.steps.StepInterceptor - STARTING STEP: LoginSteps.openLoginPage - openLogin
18:33:09.516 [main] INFO net.serenitybdd.core.webdriver.driverproviders.ChromeDriverProvider - Using automatically driver download
18:33:09.542 [AsyncHttpClient-1-1] DEBUG org.asynchttpclient.netty.channel.DefaultChannelPool - Entry count for : http://localhost:56647 : 1
18:33:09.542 [AsyncHttpClient-1-1] DEBUG org.asynchttpclient.netty.channel.DefaultChannelPool - Entry count for : http://localhost:49974 : 1
18:33:09.542 [AsyncHttpClient-1-1] DEBUG org.asynchttpclient.netty.channel.DefaultChannelPool - Adding Candidate expired Channel [id: 0x09017107, L:/127.0.0.1:49973 ! R:localhost/127.0.0.1:56647] isIdleTimeoutExpired=false isRemotelyClosed=true isTtlExpired=false
18:33:09.542 [AsyncHttpClient-1-1] DEBUG org.asynchttpclient.netty.channel.DefaultChannelPool - Closing Idle Channel [id: 0x09017107, L:/127.0.0.1:49973 ! R:localhost/127.0.0.1:56647]
18:33:09.542 [AsyncHttpClient-1-1] DEBUG org.asynchttpclient.netty.channel.DefaultChannelPool - Adding Candidate expired Channel [id: 0x2a20b19b, L:/127.0.0.1:49980 ! R:localhost/127.0.0.1:49974] isIdleTimeoutExpired=false isRemotelyClosed=true isTtlExpired=false
18:33:09.542 [AsyncHttpClient-1-1] DEBUG org.asynchttpclient.netty.channel.DefaultChannelPool - Closing Idle Channel [id: 0x2a20b19b, L:/127.0.0.1:49980 ! R:localhost/127.0.0.1:49974]
18:33:09.543 [AsyncHttpClient-1-1] DEBUG org.asynchttpclient.netty.channel.DefaultChannelPool - Closed 2 connections out of 2 in 1 ms
18:33:09.766 [main] DEBUG io.github.bonigarcia.wdm.cache.ResolutionCache - Resolution chrome=103 in cache (valid until 18:54:33 17/07/2022 ICT)
18:33:09.770 [main] DEBUG io.github.bonigarcia.wdm.cache.ResolutionCache - Resolution chrome103=103.0.5060.53 in cache (valid until 17:54:33 18/07/2022 ICT)
18:33:09.774 [main] INFO io.github.bonigarcia.wdm.WebDriverManager - Using chromedriver 103.0.5060.53 (resolved driver for Chrome 103)
18:33:09.780 [main] DEBUG io.github.bonigarcia.wdm.WebDriverManager - Driver chromedriver 103.0.5060.53 found in cache
18:33:09.780 [main] INFO io.github.bonigarcia.wdm.WebDriverManager - Exporting webdriver.chrome.driver as C:\Users\Bagas Dwi Saputra\.cache\selenium\chromedriver\win32\103.0.5060.53\chromedriver.exe
18:33:09.886 [main] DEBUG net.serenitybdd.core.webdriver.driverproviders.ProvideNewDriver - Instantiating driver
18:33:09.886 [main] DEBUG net.serenitybdd.core.webdriver.driverproviders.ProvideNewDriver - Driver capabilities: Capabilities {acceptInsecureCerts: false, base.url: https://fanciful-trifle-360..., browserName: chrome, chorme.driver: src/test/resources/webdrive..., driver: chrome, goog:chromeOptions: {args: [], extensions: []}}
18:33:10.220 [AsyncHttpClient-1-2] DEBUG org.asynchttpclient.netty.channel.NettyConnectListener - Using new Channel '[id: 0x2b1e143b, L:/127.0.0.1:49999 - R:localhost/127.0.0.1:62106]' for 'POST' to '/session'
18:33:11.092 [AsyncHttpClient-1-2] DEBUG org.asynchttpclient.netty.handler.HttpHandler - 

Request DefaultHttpRequest(decodeResult: success, version: HTTP/1.1)
POST /session HTTP/1.1
User-Agent: selenium/4.1.4 (java windows)
Content-Length: 629
Content-Type: application/json; charset=utf-8
host: localhost:62106
accept: */*

Response DefaultHttpResponse(decodeResult: success, version: HTTP/1.1)
HTTP/1.1 200 OK
Content-Type: application/json; charset=utf-8
cache-control: no-cache
content-length: 794

18:33:11.092 [AsyncHttpClient-1-2] DEBUG org.asynchttpclient.netty.channel.ChannelManager - Adding key: http://localhost:62106 for channel [id: 0x2b1e143b, L:/127.0.0.1:49999 - R:localhost/127.0.0.1:62106]
18:33:11.099 [AsyncHttpClient-1-3] DEBUG org.asynchttpclient.netty.channel.NettyConnectListener - Using new Channel '[id: 0x4dcfc63d, L:/127.0.0.1:50006 - R:localhost/127.0.0.1:50000]' for 'GET' to '/json/version'
18:33:11.099 [AsyncHttpClient-1-3] DEBUG org.asynchttpclient.netty.handler.HttpHandler - 

Request DefaultFullHttpRequest(decodeResult: success, version: HTTP/1.1, content: EmptyByteBufBE)
GET /json/version HTTP/1.1
User-Agent: selenium/4.1.4 (java windows)
host: localhost:50000
accept: */*

Response DefaultHttpResponse(decodeResult: success, version: HTTP/1.1)
HTTP/1.1 200 OK
Content-Type: application/json; charset=UTF-8
content-length: 429

18:33:11.099 [AsyncHttpClient-1-3] DEBUG org.asynchttpclient.netty.channel.ChannelManager - Adding key: http://localhost:50000 for channel [id: 0x4dcfc63d, L:/127.0.0.1:50006 - R:localhost/127.0.0.1:50000]
18:33:11.102 [AsyncHttpClient-1-4] DEBUG org.asynchttpclient.netty.channel.NettyConnectListener - Using new Channel '[id: 0x2ac912b1, L:/127.0.0.1:50007 - R:localhost/127.0.0.1:50000]' for 'GET' to '/devtools/browser/a31833ea-0d5d-4416-8968-0e41f2e138b4'
18:33:11.102 [AsyncHttpClient-1-4] DEBUG org.asynchttpclient.netty.handler.WebSocketHandler - 

Request DefaultFullHttpRequest(decodeResult: success, version: HTTP/1.1, content: EmptyByteBufBE)
GET /devtools/browser/a31833ea-0d5d-4416-8968-0e41f2e138b4 HTTP/1.1
upgrade: websocket
connection: upgrade
sec-websocket-key: 9X8gYZiM7iuIJC0kE7ky0Q==
sec-websocket-version: 13
origin: http://localhost:50000
host: localhost:50000
accept: */*
user-agent: AHC/2.1

Response DefaultHttpResponse(decodeResult: success, version: HTTP/1.1)
HTTP/1.1 101 WebSocket Protocol Handshake
Upgrade: WebSocket
Connection: Upgrade
Sec-WebSocket-Accept: luTc/IUp9l+E8zSOmw9DuH8aUdE=

18:33:11.106 [Forwarding get on session 57d71f7cc4c65468ab06d6f4bbda5c3c to remote] DEBUG org.asynchttpclient.netty.request.NettyRequestSender - Using pooled Channel '[id: 0x2b1e143b, L:/127.0.0.1:49999 - R:localhost/127.0.0.1:62106]' for 'POST' to 'http://localhost:62106/session/57d71f7cc4c65468ab06d6f4bbda5c3c/url'
18:33:11.106 [Forwarding get on session 57d71f7cc4c65468ab06d6f4bbda5c3c to remote] DEBUG org.asynchttpclient.netty.request.NettyRequestSender - Using open Channel [id: 0x2b1e143b, L:/127.0.0.1:49999 - R:localhost/127.0.0.1:62106] for POST '/session/57d71f7cc4c65468ab06d6f4bbda5c3c/url'
18:33:11.682 [AsyncHttpClient-1-2] DEBUG org.asynchttpclient.netty.handler.HttpHandler - 

Request DefaultHttpRequest(decodeResult: success, version: HTTP/1.1)
POST /session/57d71f7cc4c65468ab06d6f4bbda5c3c/url HTTP/1.1
User-Agent: selenium/4.1.4 (java windows)
Content-Length: 78
Content-Type: application/json; charset=utf-8
host: localhost:62106
accept: */*

Response DefaultHttpResponse(decodeResult: success, version: HTTP/1.1)
HTTP/1.1 200 OK
Content-Type: application/json; charset=utf-8
cache-control: no-cache
content-length: 14

18:33:11.682 [AsyncHttpClient-1-2] DEBUG org.asynchttpclient.netty.channel.ChannelManager - Adding key: http://localhost:62106 for channel [id: 0x2b1e143b, L:/127.0.0.1:49999 - R:localhost/127.0.0.1:62106]
18:33:11.682 [Forwarding setTimeout on session 57d71f7cc4c65468ab06d6f4bbda5c3c to remote] DEBUG org.asynchttpclient.netty.request.NettyRequestSender - Using pooled Channel '[id: 0x2b1e143b, L:/127.0.0.1:49999 - R:localhost/127.0.0.1:62106]' for 'POST' to 'http://localhost:62106/session/57d71f7cc4c65468ab06d6f4bbda5c3c/timeouts'
18:33:11.682 [Forwarding setTimeout on session 57d71f7cc4c65468ab06d6f4bbda5c3c to remote] DEBUG org.asynchttpclient.netty.request.NettyRequestSender - Using open Channel [id: 0x2b1e143b, L:/127.0.0.1:49999 - R:localhost/127.0.0.1:62106] for POST '/session/57d71f7cc4c65468ab06d6f4bbda5c3c/timeouts'
18:33:11.715 [AsyncHttpClient-1-2] DEBUG org.asynchttpclient.netty.handler.HttpHandler - 

Request DefaultHttpRequest(decodeResult: success, version: HTTP/1.1)
POST /session/57d71f7cc4c65468ab06d6f4bbda5c3c/timeouts HTTP/1.1
User-Agent: selenium/4.1.4 (java windows)
Content-Length: 22
Content-Type: application/json; charset=utf-8
host: localhost:62106
accept: */*

Response DefaultHttpResponse(decodeResult: success, version: HTTP/1.1)
HTTP/1.1 200 OK
Content-Type: application/json; charset=utf-8
cache-control: no-cache
content-length: 14

18:33:11.715 [AsyncHttpClient-1-2] DEBUG org.asynchttpclient.netty.channel.ChannelManager - Adding key: http://localhost:62106 for channel [id: 0x2b1e143b, L:/127.0.0.1:49999 - R:localhost/127.0.0.1:62106]
18:33:11.722 [Forwarding getCurrentUrl on session 57d71f7cc4c65468ab06d6f4bbda5c3c to remote] DEBUG org.asynchttpclient.netty.request.NettyRequestSender - Using pooled Channel '[id: 0x2b1e143b, L:/127.0.0.1:49999 - R:localhost/127.0.0.1:62106]' for 'GET' to 'http://localhost:62106/session/57d71f7cc4c65468ab06d6f4bbda5c3c/url'
18:33:11.722 [Forwarding getCurrentUrl on session 57d71f7cc4c65468ab06d6f4bbda5c3c to remote] DEBUG org.asynchttpclient.netty.request.NettyRequestSender - Using open Channel [id: 0x2b1e143b, L:/127.0.0.1:49999 - R:localhost/127.0.0.1:62106] for GET '/session/57d71f7cc4c65468ab06d6f4bbda5c3c/url'
18:33:11.734 [AsyncHttpClient-1-2] DEBUG org.asynchttpclient.netty.handler.HttpHandler - 

Request DefaultFullHttpRequest(decodeResult: success, version: HTTP/1.1, content: EmptyByteBufBE)
GET /session/57d71f7cc4c65468ab06d6f4bbda5c3c/url HTTP/1.1
User-Agent: selenium/4.1.4 (java windows)
Cache-Control: no-cache
Content-Type: application/json; charset=utf-8
host: localhost:62106
accept: */*

Response DefaultHttpResponse(decodeResult: success, version: HTTP/1.1)
HTTP/1.1 200 OK
Content-Type: application/json; charset=utf-8
cache-control: no-cache
content-length: 60

18:33:11.734 [AsyncHttpClient-1-2] DEBUG org.asynchttpclient.netty.channel.ChannelManager - Adding key: http://localhost:62106 for channel [id: 0x2b1e143b, L:/127.0.0.1:49999 - R:localhost/127.0.0.1:62106]
18:33:11.749 [Forwarding screenshot on session 57d71f7cc4c65468ab06d6f4bbda5c3c to remote] DEBUG org.asynchttpclient.netty.request.NettyRequestSender - Using pooled Channel '[id: 0x2b1e143b, L:/127.0.0.1:49999 - R:localhost/127.0.0.1:62106]' for 'GET' to 'http://localhost:62106/session/57d71f7cc4c65468ab06d6f4bbda5c3c/screenshot'
18:33:11.749 [Forwarding screenshot on session 57d71f7cc4c65468ab06d6f4bbda5c3c to remote] DEBUG org.asynchttpclient.netty.request.NettyRequestSender - Using open Channel [id: 0x2b1e143b, L:/127.0.0.1:49999 - R:localhost/127.0.0.1:62106] for GET '/session/57d71f7cc4c65468ab06d6f4bbda5c3c/screenshot'
18:33:11.834 [AsyncHttpClient-1-1] DEBUG org.asynchttpclient.netty.channel.DefaultChannelPool - Entry count for : http://localhost:50000 : 1
18:33:12.053 [AsyncHttpClient-1-2] DEBUG org.asynchttpclient.netty.handler.HttpHandler - 

Request DefaultFullHttpRequest(decodeResult: success, version: HTTP/1.1, content: EmptyByteBufBE)
GET /session/57d71f7cc4c65468ab06d6f4bbda5c3c/screenshot HTTP/1.1
User-Agent: selenium/4.1.4 (java windows)
Cache-Control: no-cache
Content-Type: application/json; charset=utf-8
host: localhost:62106
accept: */*

Response DefaultHttpResponse(decodeResult: success, version: HTTP/1.1)
HTTP/1.1 200 OK
Content-Type: application/json; charset=utf-8
cache-control: no-cache
content-length: 34756

18:33:12.053 [AsyncHttpClient-1-2] DEBUG org.asynchttpclient.netty.channel.ChannelManager - Adding key: http://localhost:62106 for channel [id: 0x2b1e143b, L:/127.0.0.1:49999 - R:localhost/127.0.0.1:62106]
18:33:12.054 [main] DEBUG net.serenitybdd.core.photography.Darkroom - Send negative for processing for target\site\serenity\c65c07b9d549f0150fc7ea8f09c8ca9374cbbe358feed673ec932afe515063d7.png
18:33:12.054 [main] DEBUG net.thucydides.core.steps.StepInterceptor - STEP DONE: openLogin
  &amp#27;[32mGiven &amp#27;[0m&amp#27;[32mOpen login page&amp#27;[0m                                                          &amp#27;[90m# starter.stepdefinitios.LoginSteps.openLoginPage()&amp#27;[0m
18:33:12.054 [Darkroom Processing Line] DEBUG net.serenitybdd.core.photography.DarkroomProcessingLine - Processing screenshot image in /var/screenshots/screenshot-11179970238633006012
18:33:12.054 [Darkroom Processing Line] DEBUG net.serenitybdd.core.photography.DarkroomProcessingLine - Saving screenshot to target\site\serenity\c65c07b9d549f0150fc7ea8f09c8ca9374cbbe358feed673ec932afe515063d7.png
18:33:12.572 [Forwarding findElement on session 57d71f7cc4c65468ab06d6f4bbda5c3c to remote] DEBUG org.asynchttpclient.netty.request.NettyRequestSender - Using pooled Channel '[id: 0x2b1e143b, L:/127.0.0.1:49999 - R:localhost/127.0.0.1:62106]' for 'POST' to 'http://localhost:62106/session/57d71f7cc4c65468ab06d6f4bbda5c3c/element'
18:33:12.572 [Forwarding findElement on session 57d71f7cc4c65468ab06d6f4bbda5c3c to remote] DEBUG org.asynchttpclient.netty.request.NettyRequestSender - Using open Channel [id: 0x2b1e143b, L:/127.0.0.1:49999 - R:localhost/127.0.0.1:62106] for POST '/session/57d71f7cc4c65468ab06d6f4bbda5c3c/element'
18:33:12.611 [AsyncHttpClient-1-2] DEBUG org.asynchttpclient.netty.handler.HttpHandler - 

Request DefaultHttpRequest(decodeResult: success, version: HTTP/1.1)
POST /session/57d71f7cc4c65468ab06d6f4bbda5c3c/element HTTP/1.1
User-Agent: selenium/4.1.4 (java windows)
Content-Length: 70
Content-Type: application/json; charset=utf-8
host: localhost:62106
accept: */*

Response DefaultHttpResponse(decodeResult: success, version: HTTP/1.1)
HTTP/1.1 200 OK
Content-Type: application/json; charset=utf-8
cache-control: no-cache
content-length: 88

18:33:12.611 [AsyncHttpClient-1-2] DEBUG org.asynchttpclient.netty.channel.ChannelManager - Adding key: http://localhost:62106 for channel [id: 0x2b1e143b, L:/127.0.0.1:49999 - R:localhost/127.0.0.1:62106]
18:33:12.612 [Forwarding sendKeysToElement on session 57d71f7cc4c65468ab06d6f4bbda5c3c to remote] DEBUG org.asynchttpclient.netty.request.NettyRequestSender - Using pooled Channel '[id: 0x2b1e143b, L:/127.0.0.1:49999 - R:localhost/127.0.0.1:62106]' for 'POST' to 'http://localhost:62106/session/57d71f7cc4c65468ab06d6f4bbda5c3c/element/ec15e080-1a76-4c60-8087-94e68291f11e/value'
18:33:12.612 [Forwarding sendKeysToElement on session 57d71f7cc4c65468ab06d6f4bbda5c3c to remote] DEBUG org.asynchttpclient.netty.request.NettyRequestSender - Using open Channel [id: 0x2b1e143b, L:/127.0.0.1:49999 - R:localhost/127.0.0.1:62106] for POST '/session/57d71f7cc4c65468ab06d6f4bbda5c3c/element/ec15e080-1a76-4c60-8087-94e68291f11e/value'
18:33:12.736 [AsyncHttpClient-1-2] DEBUG org.asynchttpclient.netty.handler.HttpHandler - 

Request DefaultHttpRequest(decodeResult: success, version: HTTP/1.1)
POST /session/57d71f7cc4c65468ab06d6f4bbda5c3c/element/ec15e080-1a76-4c60-8087-94e68291f11e/value HTTP/1.1
User-Agent: selenium/4.1.4 (java windows)
Content-Length: 131
Content-Type: application/json; charset=utf-8
host: localhost:62106
accept: */*

Response DefaultHttpResponse(decodeResult: success, version: HTTP/1.1)
HTTP/1.1 200 OK
Content-Type: application/json; charset=utf-8
cache-control: no-cache
content-length: 14

18:33:12.736 [AsyncHttpClient-1-2] DEBUG org.asynchttpclient.netty.channel.ChannelManager - Adding key: http://localhost:62106 for channel [id: 0x2b1e143b, L:/127.0.0.1:49999 - R:localhost/127.0.0.1:62106]
  &amp#27;[32mAnd &amp#27;[0m&amp#27;[32mI input &amp#27;[0m&amp#27;[32m&amp#27;[1m"admin"&amp#27;[0m&amp#27;[32m login email valid&amp#27;[0m                                          &amp#27;[90m# starter.stepdefinitios.LoginSteps.iInputLoginEmailValid(java.lang.String)&amp#27;[0m
18:33:12.741 [Forwarding screenshot on session 57d71f7cc4c65468ab06d6f4bbda5c3c to remote] DEBUG org.asynchttpclient.netty.request.NettyRequestSender - Using pooled Channel '[id: 0x2b1e143b, L:/127.0.0.1:49999 - R:localhost/127.0.0.1:62106]' for 'GET' to 'http://localhost:62106/session/57d71f7cc4c65468ab06d6f4bbda5c3c/screenshot'
18:33:12.741 [Forwarding screenshot on session 57d71f7cc4c65468ab06d6f4bbda5c3c to remote] DEBUG org.asynchttpclient.netty.request.NettyRequestSender - Using open Channel [id: 0x2b1e143b, L:/127.0.0.1:49999 - R:localhost/127.0.0.1:62106] for GET '/session/57d71f7cc4c65468ab06d6f4bbda5c3c/screenshot'
18:33:12.845 [AsyncHttpClient-1-2] DEBUG org.asynchttpclient.netty.handler.HttpHandler - 

Request DefaultFullHttpRequest(decodeResult: success, version: HTTP/1.1, content: EmptyByteBufBE)
GET /session/57d71f7cc4c65468ab06d6f4bbda5c3c/screenshot HTTP/1.1
User-Agent: selenium/4.1.4 (java windows)
Cache-Control: no-cache
Content-Type: application/json; charset=utf-8
host: localhost:62106
accept: */*

Response DefaultHttpResponse(decodeResult: success, version: HTTP/1.1)
HTTP/1.1 200 OK
Content-Type: application/json; charset=utf-8
cache-control: no-cache
content-length: 35740

18:33:12.845 [AsyncHttpClient-1-2] DEBUG org.asynchttpclient.netty.channel.ChannelManager - Adding key: http://localhost:62106 for channel [id: 0x2b1e143b, L:/127.0.0.1:49999 - R:localhost/127.0.0.1:62106]
18:33:12.846 [main] DEBUG net.serenitybdd.core.photography.Darkroom - Send negative for processing for target\site\serenity\8080b4670bf444242645dd2c06045b10cd0b1abfdf7e5cda118e4efca8cc30b6.png
18:33:12.846 [Darkroom Processing Line] DEBUG net.serenitybdd.core.photography.DarkroomProcessingLine - Processing screenshot image in /var/screenshots/screenshot-11511452098063809255
18:33:12.846 [Darkroom Processing Line] DEBUG net.serenitybdd.core.photography.DarkroomProcessingLine - Saving screenshot to target\site\serenity\8080b4670bf444242645dd2c06045b10cd0b1abfdf7e5cda118e4efca8cc30b6.png
18:33:12.935 [AsyncHttpClient-1-1] DEBUG org.asynchttpclient.netty.channel.DefaultChannelPool - Entry count for : http://localhost:50000 : 1
18:33:12.935 [AsyncHttpClient-1-1] DEBUG org.asynchttpclient.netty.channel.DefaultChannelPool - Entry count for : http://localhost:62106 : 1
18:33:13.354 [Forwarding screenshot on session 57d71f7cc4c65468ab06d6f4bbda5c3c to remote] DEBUG org.asynchttpclient.netty.request.NettyRequestSender - Using pooled Channel '[id: 0x2b1e143b, L:/127.0.0.1:49999 - R:localhost/127.0.0.1:62106]' for 'GET' to 'http://localhost:62106/session/57d71f7cc4c65468ab06d6f4bbda5c3c/screenshot'
18:33:13.354 [Forwarding screenshot on session 57d71f7cc4c65468ab06d6f4bbda5c3c to remote] DEBUG org.asynchttpclient.netty.request.NettyRequestSender - Using open Channel [id: 0x2b1e143b, L:/127.0.0.1:49999 - R:localhost/127.0.0.1:62106] for GET '/session/57d71f7cc4c65468ab06d6f4bbda5c3c/screenshot'
18:33:13.640 [AsyncHttpClient-1-2] DEBUG org.asynchttpclient.netty.handler.HttpHandler - 

Request DefaultFullHttpRequest(decodeResult: success, version: HTTP/1.1, content: EmptyByteBufBE)
GET /session/57d71f7cc4c65468ab06d6f4bbda5c3c/screenshot HTTP/1.1
User-Agent: selenium/4.1.4 (java windows)
Cache-Control: no-cache
Content-Type: application/json; charset=utf-8
host: localhost:62106
accept: */*

Response DefaultHttpResponse(decodeResult: success, version: HTTP/1.1)
HTTP/1.1 200 OK
Content-Type: application/json; charset=utf-8
cache-control: no-cache
content-length: 379404

18:33:13.641 [AsyncHttpClient-1-2] DEBUG org.asynchttpclient.netty.channel.ChannelManager - Adding key: http://localhost:62106 for channel [id: 0x2b1e143b, L:/127.0.0.1:49999 - R:localhost/127.0.0.1:62106]
18:33:13.641 [main] DEBUG net.serenitybdd.core.photography.Darkroom - Send negative for processing for target\site\serenity\f684e1524ced0278b0b6c6b37709a7cbfb8281aeb576b04a4743fda17448b798.png
18:33:13.648 [main] DEBUG net.thucydides.core.steps.StepInterceptor - STARTING STEP: LoginSteps.iInputLoginPasswordValid - inputPasswordLogin
18:33:13.649 [Forwarding findElement on session 57d71f7cc4c65468ab06d6f4bbda5c3c to remote] DEBUG org.asynchttpclient.netty.request.NettyRequestSender - Using pooled Channel '[id: 0x2b1e143b, L:/127.0.0.1:49999 - R:localhost/127.0.0.1:62106]' for 'POST' to 'http://localhost:62106/session/57d71f7cc4c65468ab06d6f4bbda5c3c/element'
18:33:13.649 [Forwarding findElement on session 57d71f7cc4c65468ab06d6f4bbda5c3c to remote] DEBUG org.asynchttpclient.netty.request.NettyRequestSender - Using open Channel [id: 0x2b1e143b, L:/127.0.0.1:49999 - R:localhost/127.0.0.1:62106] for POST '/session/57d71f7cc4c65468ab06d6f4bbda5c3c/element'
18:33:13.661 [AsyncHttpClient-1-2] DEBUG org.asynchttpclient.netty.handler.HttpHandler - 

Request DefaultHttpRequest(decodeResult: success, version: HTTP/1.1)
POST /session/57d71f7cc4c65468ab06d6f4bbda5c3c/element HTTP/1.1
User-Agent: selenium/4.1.4 (java windows)
Content-Length: 70
Content-Type: application/json; charset=utf-8
host: localhost:62106
accept: */*

Response DefaultHttpResponse(decodeResult: success, version: HTTP/1.1)
HTTP/1.1 200 OK
Content-Type: application/json; charset=utf-8
cache-control: no-cache
content-length: 88

18:33:13.661 [AsyncHttpClient-1-2] DEBUG org.asynchttpclient.netty.channel.ChannelManager - Adding key: http://localhost:62106 for channel [id: 0x2b1e143b, L:/127.0.0.1:49999 - R:localhost/127.0.0.1:62106]
18:33:13.661 [Forwarding sendKeysToElement on session 57d71f7cc4c65468ab06d6f4bbda5c3c to remote] DEBUG org.asynchttpclient.netty.request.NettyRequestSender - Using pooled Channel '[id: 0x2b1e143b, L:/127.0.0.1:49999 - R:localhost/127.0.0.1:62106]' for 'POST' to 'http://localhost:62106/session/57d71f7cc4c65468ab06d6f4bbda5c3c/element/20e20efc-34c3-45c5-a462-d7902830f207/value'
18:33:13.661 [Forwarding sendKeysToElement on session 57d71f7cc4c65468ab06d6f4bbda5c3c to remote] DEBUG org.asynchttpclient.netty.request.NettyRequestSender - Using open Channel [id: 0x2b1e143b, L:/127.0.0.1:49999 - R:localhost/127.0.0.1:62106] for POST '/session/57d71f7cc4c65468ab06d6f4bbda5c3c/element/20e20efc-34c3-45c5-a462-d7902830f207/value'
18:33:13.730 [AsyncHttpClient-1-2] DEBUG org.asynchttpclient.netty.handler.HttpHandler - 

Request DefaultHttpRequest(decodeResult: success, version: HTTP/1.1)
POST /session/57d71f7cc4c65468ab06d6f4bbda5c3c/element/20e20efc-34c3-45c5-a462-d7902830f207/value HTTP/1.1
User-Agent: selenium/4.1.4 (java windows)
Content-Length: 161
Content-Type: application/json; charset=utf-8
host: localhost:62106
accept: */*

Response DefaultHttpResponse(decodeResult: success, version: HTTP/1.1)
HTTP/1.1 200 OK
Content-Type: application/json; charset=utf-8
cache-control: no-cache
content-length: 14

18:33:13.730 [AsyncHttpClient-1-2] DEBUG org.asynchttpclient.netty.channel.ChannelManager - Adding key: http://localhost:62106 for channel [id: 0x2b1e143b, L:/127.0.0.1:49999 - R:localhost/127.0.0.1:62106]
18:33:13.733 [Forwarding screenshot on session 57d71f7cc4c65468ab06d6f4bbda5c3c to remote] DEBUG org.asynchttpclient.netty.request.NettyRequestSender - Using pooled Channel '[id: 0x2b1e143b, L:/127.0.0.1:49999 - R:localhost/127.0.0.1:62106]' for 'GET' to 'http://localhost:62106/session/57d71f7cc4c65468ab06d6f4bbda5c3c/screenshot'
18:33:13.733 [Forwarding screenshot on session 57d71f7cc4c65468ab06d6f4bbda5c3c to remote] DEBUG org.asynchttpclient.netty.request.NettyRequestSender - Using open Channel [id: 0x2b1e143b, L:/127.0.0.1:49999 - R:localhost/127.0.0.1:62106] for GET '/session/57d71f7cc4c65468ab06d6f4bbda5c3c/screenshot'
18:33:13.997 [AsyncHttpClient-1-2] DEBUG org.asynchttpclient.netty.handler.HttpHandler - 

Request DefaultFullHttpRequest(decodeResult: success, version: HTTP/1.1, content: EmptyByteBufBE)
GET /session/57d71f7cc4c65468ab06d6f4bbda5c3c/screenshot HTTP/1.1
User-Agent: selenium/4.1.4 (java windows)
Cache-Control: no-cache
Content-Type: application/json; charset=utf-8
host: localhost:62106
accept: */*

Response DefaultHttpResponse(decodeResult: success, version: HTTP/1.1)
HTTP/1.1 200 OK
Content-Type: application/json; charset=utf-8
cache-control: no-cache
content-length: 377580

18:33:13.999 [AsyncHttpClient-1-2] DEBUG org.asynchttpclient.netty.channel.ChannelManager - Adding key: http://localhost:62106 for channel [id: 0x2b1e143b, L:/127.0.0.1:49999 - R:localhost/127.0.0.1:62106]
18:33:14.009 [main] DEBUG net.serenitybdd.core.photography.Darkroom - Send negative for processing for target\site\serenity\44fa0aa493cf3a3837a7fab79c30bded8f584eda85d2cfd055a7ef5b4e3f0a4a.png
18:33:14.009 [main] DEBUG net.thucydides.core.steps.StepInterceptor - STEP DONE: inputPasswordLogin
  &amp#27;[32mAnd &amp#27;[0m&amp#27;[32mI input &amp#27;[0m&amp#27;[32m&amp#27;[1m"admin123"&amp#27;[0m&amp#27;[32m login password valid&amp#27;[0m                                    &amp#27;[90m# starter.stepdefinitios.LoginSteps.iInputLoginPasswordValid(java.lang.String)&amp#27;[0m
18:33:14.025 [main] DEBUG net.thucydides.core.steps.StepInterceptor - STARTING STEP: LoginSteps.iClickButtonLogin - clickButtonLogin
18:33:14.027 [Forwarding findElement on session 57d71f7cc4c65468ab06d6f4bbda5c3c to remote] DEBUG org.asynchttpclient.netty.request.NettyRequestSender - Using pooled Channel '[id: 0x2b1e143b, L:/127.0.0.1:49999 - R:localhost/127.0.0.1:62106]' for 'POST' to 'http://localhost:62106/session/57d71f7cc4c65468ab06d6f4bbda5c3c/element'
18:33:14.027 [Forwarding findElement on session 57d71f7cc4c65468ab06d6f4bbda5c3c to remote] DEBUG org.asynchttpclient.netty.request.NettyRequestSender - Using open Channel [id: 0x2b1e143b, L:/127.0.0.1:49999 - R:localhost/127.0.0.1:62106] for POST '/session/57d71f7cc4c65468ab06d6f4bbda5c3c/element'
18:33:14.040 [AsyncHttpClient-1-2] DEBUG org.asynchttpclient.netty.handler.HttpHandler - 

Request DefaultHttpRequest(decodeResult: success, version: HTTP/1.1)
POST /session/57d71f7cc4c65468ab06d6f4bbda5c3c/element HTTP/1.1
User-Agent: selenium/4.1.4 (java windows)
Content-Length: 68
Content-Type: application/json; charset=utf-8
host: localhost:62106
accept: */*

Response DefaultHttpResponse(decodeResult: success, version: HTTP/1.1)
HTTP/1.1 200 OK
Content-Type: application/json; charset=utf-8
cache-control: no-cache
content-length: 88

18:33:14.040 [AsyncHttpClient-1-2] DEBUG org.asynchttpclient.netty.channel.ChannelManager - Adding key: http://localhost:62106 for channel [id: 0x2b1e143b, L:/127.0.0.1:49999 - R:localhost/127.0.0.1:62106]
18:33:14.040 [AsyncHttpClient-1-1] DEBUG org.asynchttpclient.netty.channel.DefaultChannelPool - Entry count for : http://localhost:50000 : 1
18:33:14.040 [AsyncHttpClient-1-1] DEBUG org.asynchttpclient.netty.channel.DefaultChannelPool - Entry count for : http://localhost:62106 : 1
18:33:14.041 [Forwarding getElementTagName on session 57d71f7cc4c65468ab06d6f4bbda5c3c to remote] DEBUG org.asynchttpclient.netty.request.NettyRequestSender - Using pooled Channel '[id: 0x2b1e143b, L:/127.0.0.1:49999 - R:localhost/127.0.0.1:62106]' for 'GET' to 'http://localhost:62106/session/57d71f7cc4c65468ab06d6f4bbda5c3c/element/80e3b044-6e9e-4208-b8f7-975825745916/name'
18:33:14.041 [Forwarding getElementTagName on session 57d71f7cc4c65468ab06d6f4bbda5c3c to remote] DEBUG org.asynchttpclient.netty.request.NettyRequestSender - Using open Channel [id: 0x2b1e143b, L:/127.0.0.1:49999 - R:localhost/127.0.0.1:62106] for GET '/session/57d71f7cc4c65468ab06d6f4bbda5c3c/element/80e3b044-6e9e-4208-b8f7-975825745916/name'
18:33:14.044 [AsyncHttpClient-1-2] DEBUG org.asynchttpclient.netty.handler.HttpHandler - 

Request DefaultFullHttpRequest(decodeResult: success, version: HTTP/1.1, content: EmptyByteBufBE)
GET /session/57d71f7cc4c65468ab06d6f4bbda5c3c/element/80e3b044-6e9e-4208-b8f7-975825745916/name HTTP/1.1
User-Agent: selenium/4.1.4 (java windows)
Cache-Control: no-cache
Content-Type: application/json; charset=utf-8
host: localhost:62106
accept: */*

Response DefaultHttpResponse(decodeResult: success, version: HTTP/1.1)
HTTP/1.1 200 OK
Content-Type: application/json; charset=utf-8
cache-control: no-cache
content-length: 18

18:33:14.044 [AsyncHttpClient-1-2] DEBUG org.asynchttpclient.netty.channel.ChannelManager - Adding key: http://localhost:62106 for channel [id: 0x2b1e143b, L:/127.0.0.1:49999 - R:localhost/127.0.0.1:62106]
18:33:14.045 [Forwarding getElementTagName on session 57d71f7cc4c65468ab06d6f4bbda5c3c to remote] DEBUG org.asynchttpclient.netty.request.NettyRequestSender - Using pooled Channel '[id: 0x2b1e143b, L:/127.0.0.1:49999 - R:localhost/127.0.0.1:62106]' for 'GET' to 'http://localhost:62106/session/57d71f7cc4c65468ab06d6f4bbda5c3c/element/80e3b044-6e9e-4208-b8f7-975825745916/name'
18:33:14.045 [Forwarding getElementTagName on session 57d71f7cc4c65468ab06d6f4bbda5c3c to remote] DEBUG org.asynchttpclient.netty.request.NettyRequestSender - Using open Channel [id: 0x2b1e143b, L:/127.0.0.1:49999 - R:localhost/127.0.0.1:62106] for GET '/session/57d71f7cc4c65468ab06d6f4bbda5c3c/element/80e3b044-6e9e-4208-b8f7-975825745916/name'
18:33:14.048 [AsyncHttpClient-1-2] DEBUG org.asynchttpclient.netty.handler.HttpHandler - 

Request DefaultFullHttpRequest(decodeResult: success, version: HTTP/1.1, content: EmptyByteBufBE)
GET /session/57d71f7cc4c65468ab06d6f4bbda5c3c/element/80e3b044-6e9e-4208-b8f7-975825745916/name HTTP/1.1
User-Agent: selenium/4.1.4 (java windows)
Cache-Control: no-cache
Content-Type: application/json; charset=utf-8
host: localhost:62106
accept: */*

Response DefaultHttpResponse(decodeResult: success, version: HTTP/1.1)
HTTP/1.1 200 OK
Content-Type: application/json; charset=utf-8
cache-control: no-cache
content-length: 18

18:33:14.048 [AsyncHttpClient-1-2] DEBUG org.asynchttpclient.netty.channel.ChannelManager - Adding key: http://localhost:62106 for channel [id: 0x2b1e143b, L:/127.0.0.1:49999 - R:localhost/127.0.0.1:62106]
18:33:14.052 [Forwarding isElementEnabled on session 57d71f7cc4c65468ab06d6f4bbda5c3c to remote] DEBUG org.asynchttpclient.netty.request.NettyRequestSender - Using pooled Channel '[id: 0x2b1e143b, L:/127.0.0.1:49999 - R:localhost/127.0.0.1:62106]' for 'GET' to 'http://localhost:62106/session/57d71f7cc4c65468ab06d6f4bbda5c3c/element/80e3b044-6e9e-4208-b8f7-975825745916/enabled'
18:33:14.052 [Forwarding isElementEnabled on session 57d71f7cc4c65468ab06d6f4bbda5c3c to remote] DEBUG org.asynchttpclient.netty.request.NettyRequestSender - Using open Channel [id: 0x2b1e143b, L:/127.0.0.1:49999 - R:localhost/127.0.0.1:62106] for GET '/session/57d71f7cc4c65468ab06d6f4bbda5c3c/element/80e3b044-6e9e-4208-b8f7-975825745916/enabled'
18:33:14.060 [AsyncHttpClient-1-2] DEBUG org.asynchttpclient.netty.handler.HttpHandler - 

Request DefaultFullHttpRequest(decodeResult: success, version: HTTP/1.1, content: EmptyByteBufBE)
GET /session/57d71f7cc4c65468ab06d6f4bbda5c3c/element/80e3b044-6e9e-4208-b8f7-975825745916/enabled HTTP/1.1
User-Agent: selenium/4.1.4 (java windows)
Cache-Control: no-cache
Content-Type: application/json; charset=utf-8
host: localhost:62106
accept: */*

Response DefaultHttpResponse(decodeResult: success, version: HTTP/1.1)
HTTP/1.1 200 OK
Content-Type: application/json; charset=utf-8
cache-control: no-cache
content-length: 14

18:33:14.060 [AsyncHttpClient-1-2] DEBUG org.asynchttpclient.netty.channel.ChannelManager - Adding key: http://localhost:62106 for channel [id: 0x2b1e143b, L:/127.0.0.1:49999 - R:localhost/127.0.0.1:62106]
18:33:14.061 [Forwarding isElementEnabled on session 57d71f7cc4c65468ab06d6f4bbda5c3c to remote] DEBUG org.asynchttpclient.netty.request.NettyRequestSender - Using pooled Channel '[id: 0x2b1e143b, L:/127.0.0.1:49999 - R:localhost/127.0.0.1:62106]' for 'GET' to 'http://localhost:62106/session/57d71f7cc4c65468ab06d6f4bbda5c3c/element/80e3b044-6e9e-4208-b8f7-975825745916/enabled'
18:33:14.061 [Forwarding isElementEnabled on session 57d71f7cc4c65468ab06d6f4bbda5c3c to remote] DEBUG org.asynchttpclient.netty.request.NettyRequestSender - Using open Channel [id: 0x2b1e143b, L:/127.0.0.1:49999 - R:localhost/127.0.0.1:62106] for GET '/session/57d71f7cc4c65468ab06d6f4bbda5c3c/element/80e3b044-6e9e-4208-b8f7-975825745916/enabled'
18:33:14.066 [AsyncHttpClient-1-2] DEBUG org.asynchttpclient.netty.handler.HttpHandler - 

Request DefaultFullHttpRequest(decodeResult: success, version: HTTP/1.1, content: EmptyByteBufBE)
GET /session/57d71f7cc4c65468ab06d6f4bbda5c3c/element/80e3b044-6e9e-4208-b8f7-975825745916/enabled HTTP/1.1
User-Agent: selenium/4.1.4 (java windows)
Cache-Control: no-cache
Content-Type: application/json; charset=utf-8
host: localhost:62106
accept: */*

Response DefaultHttpResponse(decodeResult: success, version: HTTP/1.1)
HTTP/1.1 200 OK
Content-Type: application/json; charset=utf-8
cache-control: no-cache
content-length: 14

18:33:14.066 [AsyncHttpClient-1-2] DEBUG org.asynchttpclient.netty.channel.ChannelManager - Adding key: http://localhost:62106 for channel [id: 0x2b1e143b, L:/127.0.0.1:49999 - R:localhost/127.0.0.1:62106]
18:33:14.067 [Forwarding findElement on session 57d71f7cc4c65468ab06d6f4bbda5c3c to remote] DEBUG org.asynchttpclient.netty.request.NettyRequestSender - Using pooled Channel '[id: 0x2b1e143b, L:/127.0.0.1:49999 - R:localhost/127.0.0.1:62106]' for 'POST' to 'http://localhost:62106/session/57d71f7cc4c65468ab06d6f4bbda5c3c/element'
18:33:14.067 [Forwarding findElement on session 57d71f7cc4c65468ab06d6f4bbda5c3c to remote] DEBUG org.asynchttpclient.netty.request.NettyRequestSender - Using open Channel [id: 0x2b1e143b, L:/127.0.0.1:49999 - R:localhost/127.0.0.1:62106] for POST '/session/57d71f7cc4c65468ab06d6f4bbda5c3c/element'
18:33:14.073 [AsyncHttpClient-1-2] DEBUG org.asynchttpclient.netty.handler.HttpHandler - 

Request DefaultHttpRequest(decodeResult: success, version: HTTP/1.1)
POST /session/57d71f7cc4c65468ab06d6f4bbda5c3c/element HTTP/1.1
User-Agent: selenium/4.1.4 (java windows)
Content-Length: 68
Content-Type: application/json; charset=utf-8
host: localhost:62106
accept: */*

Response DefaultHttpResponse(decodeResult: success, version: HTTP/1.1)
HTTP/1.1 200 OK
Content-Type: application/json; charset=utf-8
cache-control: no-cache
content-length: 88

18:33:14.073 [AsyncHttpClient-1-2] DEBUG org.asynchttpclient.netty.channel.ChannelManager - Adding key: http://localhost:62106 for channel [id: 0x2b1e143b, L:/127.0.0.1:49999 - R:localhost/127.0.0.1:62106]
18:33:14.073 [Forwarding clickElement on session 57d71f7cc4c65468ab06d6f4bbda5c3c to remote] DEBUG org.asynchttpclient.netty.request.NettyRequestSender - Using pooled Channel '[id: 0x2b1e143b, L:/127.0.0.1:49999 - R:localhost/127.0.0.1:62106]' for 'POST' to 'http://localhost:62106/session/57d71f7cc4c65468ab06d6f4bbda5c3c/element/80e3b044-6e9e-4208-b8f7-975825745916/click'
18:33:14.073 [Forwarding clickElement on session 57d71f7cc4c65468ab06d6f4bbda5c3c to remote] DEBUG org.asynchttpclient.netty.request.NettyRequestSender - Using open Channel [id: 0x2b1e143b, L:/127.0.0.1:49999 - R:localhost/127.0.0.1:62106] for POST '/session/57d71f7cc4c65468ab06d6f4bbda5c3c/element/80e3b044-6e9e-4208-b8f7-975825745916/click'
18:33:14.117 [AsyncHttpClient-1-2] DEBUG org.asynchttpclient.netty.handler.HttpHandler - 

Request DefaultHttpRequest(decodeResult: success, version: HTTP/1.1)
POST /session/57d71f7cc4c65468ab06d6f4bbda5c3c/element/80e3b044-6e9e-4208-b8f7-975825745916/click HTTP/1.1
User-Agent: selenium/4.1.4 (java windows)
Content-Length: 50
Content-Type: application/json; charset=utf-8
host: localhost:62106
accept: */*

Response DefaultHttpResponse(decodeResult: success, version: HTTP/1.1)
HTTP/1.1 200 OK
Content-Type: application/json; charset=utf-8
cache-control: no-cache
content-length: 14

18:33:14.117 [AsyncHttpClient-1-2] DEBUG org.asynchttpclient.netty.channel.ChannelManager - Adding key: http://localhost:62106 for channel [id: 0x2b1e143b, L:/127.0.0.1:49999 - R:localhost/127.0.0.1:62106]
18:33:14.122 [Forwarding screenshot on session 57d71f7cc4c65468ab06d6f4bbda5c3c to remote] DEBUG org.asynchttpclient.netty.request.NettyRequestSender - Using pooled Channel '[id: 0x2b1e143b, L:/127.0.0.1:49999 - R:localhost/127.0.0.1:62106]' for 'GET' to 'http://localhost:62106/session/57d71f7cc4c65468ab06d6f4bbda5c3c/screenshot'
18:33:14.122 [Forwarding screenshot on session 57d71f7cc4c65468ab06d6f4bbda5c3c to remote] DEBUG org.asynchttpclient.netty.request.NettyRequestSender - Using open Channel [id: 0x2b1e143b, L:/127.0.0.1:49999 - R:localhost/127.0.0.1:62106] for GET '/session/57d71f7cc4c65468ab06d6f4bbda5c3c/screenshot'
18:33:14.464 [AsyncHttpClient-1-2] DEBUG org.asynchttpclient.netty.handler.HttpHandler - 

Request DefaultFullHttpRequest(decodeResult: success, version: HTTP/1.1, content: EmptyByteBufBE)
GET /session/57d71f7cc4c65468ab06d6f4bbda5c3c/screenshot HTTP/1.1
User-Agent: selenium/4.1.4 (java windows)
Cache-Control: no-cache
Content-Type: application/json; charset=utf-8
host: localhost:62106
accept: */*

Response DefaultHttpResponse(decodeResult: success, version: HTTP/1.1)
HTTP/1.1 200 OK
Content-Type: application/json; charset=utf-8
cache-control: no-cache
content-length: 360756

18:33:14.464 [AsyncHttpClient-1-2] DEBUG org.asynchttpclient.netty.channel.ChannelManager - Adding key: http://localhost:62106 for channel [id: 0x2b1e143b, L:/127.0.0.1:49999 - R:localhost/127.0.0.1:62106]
18:33:14.474 [main] DEBUG net.serenitybdd.core.photography.Darkroom - Send negative for processing for target\site\serenity\d35b91ce3d07a9fee4a431adcd1b0719dc7cb4a166e6b1b6f49fd9899092a5f7.png
18:33:14.474 [main] DEBUG net.thucydides.core.steps.StepInterceptor - STEP DONE: clickButtonLogin
18:33:14.474 [Darkroom Processing Line] DEBUG net.serenitybdd.core.photography.DarkroomProcessingLine - Processing screenshot image in /var/screenshots/screenshot-3583310300035344951
18:33:14.474 [Darkroom Processing Line] DEBUG net.serenitybdd.core.photography.DarkroomProcessingLine - Saving screenshot to target\site\serenity\d35b91ce3d07a9fee4a431adcd1b0719dc7cb4a166e6b1b6f49fd9899092a5f7.png
18:33:15.136 [AsyncHttpClient-1-1] DEBUG org.asynchttpclient.netty.channel.DefaultChannelPool - Entry count for : http://localhost:50000 : 1
18:33:15.136 [AsyncHttpClient-1-1] DEBUG org.asynchttpclient.netty.channel.DefaultChannelPool - Entry count for : http://localhost:62106 : 1
  &amp#27;[32mAnd &amp#27;[0m&amp#27;[32mI click button login&amp#27;[0m                                                       &amp#27;[90m# starter.stepdefinitios.LoginSteps.iClickButtonLogin()&amp#27;[0m
18:33:15.490 [Forwarding screenshot on session 57d71f7cc4c65468ab06d6f4bbda5c3c to remote] DEBUG org.asynchttpclient.netty.request.NettyRequestSender - Using pooled Channel '[id: 0x2b1e143b, L:/127.0.0.1:49999 - R:localhost/127.0.0.1:62106]' for 'GET' to 'http://localhost:62106/session/57d71f7cc4c65468ab06d6f4bbda5c3c/screenshot'
18:33:15.490 [Forwarding screenshot on session 57d71f7cc4c65468ab06d6f4bbda5c3c to remote] DEBUG org.asynchttpclient.netty.request.NettyRequestSender - Using open Channel [id: 0x2b1e143b, L:/127.0.0.1:49999 - R:localhost/127.0.0.1:62106] for GET '/session/57d71f7cc4c65468ab06d6f4bbda5c3c/screenshot'
18:33:15.767 [AsyncHttpClient-1-2] DEBUG org.asynchttpclient.netty.handler.HttpHandler - 

Request DefaultFullHttpRequest(decodeResult: success, version: HTTP/1.1, content: EmptyByteBufBE)
GET /session/57d71f7cc4c65468ab06d6f4bbda5c3c/screenshot HTTP/1.1
User-Agent: selenium/4.1.4 (java windows)
Cache-Control: no-cache
Content-Type: application/json; charset=utf-8
host: localhost:62106
accept: */*

Response DefaultHttpResponse(decodeResult: success, version: HTTP/1.1)
HTTP/1.1 200 OK
Content-Type: application/json; charset=utf-8
cache-control: no-cache
content-length: 313192

18:33:15.767 [AsyncHttpClient-1-2] DEBUG org.asynchttpclient.netty.channel.ChannelManager - Adding key: http://localhost:62106 for channel [id: 0x2b1e143b, L:/127.0.0.1:49999 - R:localhost/127.0.0.1:62106]
18:33:15.780 [main] DEBUG net.serenitybdd.core.photography.Darkroom - Send negative for processing for target\site\serenity\fd3cb8c9b8b41bb74533453b421164b94be5ff2ded93ab8c17e171eabc38121b.png
18:33:16.239 [AsyncHttpClient-1-1] DEBUG org.asynchttpclient.netty.channel.DefaultChannelPool - Entry count for : http://localhost:50000 : 1
18:33:16.239 [AsyncHttpClient-1-1] DEBUG org.asynchttpclient.netty.channel.DefaultChannelPool - Entry count for : http://localhost:62106 : 1
18:33:17.344 [AsyncHttpClient-1-1] DEBUG org.asynchttpclient.netty.channel.DefaultChannelPool - Entry count for : http://localhost:50000 : 1
18:33:17.344 [AsyncHttpClient-1-1] DEBUG org.asynchttpclient.netty.channel.DefaultChannelPool - Entry count for : http://localhost:62106 : 1
18:33:18.444 [AsyncHttpClient-1-1] DEBUG org.asynchttpclient.netty.channel.DefaultChannelPool - Entry count for : http://localhost:50000 : 1
18:33:18.444 [AsyncHttpClient-1-1] DEBUG org.asynchttpclient.netty.channel.DefaultChannelPool - Entry count for : http://localhost:62106 : 1
18:33:19.544 [AsyncHttpClient-1-1] DEBUG org.asynchttpclient.netty.channel.DefaultChannelPool - Entry count for : http://localhost:50000 : 1
18:33:19.544 [AsyncHttpClient-1-1] DEBUG org.asynchttpclient.netty.channel.DefaultChannelPool - Entry count for : http://localhost:62106 : 1
18:33:20.650 [AsyncHttpClient-1-1] DEBUG org.asynchttpclient.netty.channel.DefaultChannelPool - Entry count for : http://localhost:50000 : 1
18:33:20.650 [AsyncHttpClient-1-1] DEBUG org.asynchttpclient.netty.channel.DefaultChannelPool - Entry count for : http://localhost:62106 : 1
18:33:20.797 [Forwarding findElement on session 57d71f7cc4c65468ab06d6f4bbda5c3c to remote] DEBUG org.asynchttpclient.netty.request.NettyRequestSender - Using pooled Channel '[id: 0x2b1e143b, L:/127.0.0.1:49999 - R:localhost/127.0.0.1:62106]' for 'POST' to 'http://localhost:62106/session/57d71f7cc4c65468ab06d6f4bbda5c3c/element'
18:33:20.797 [Forwarding findElement on session 57d71f7cc4c65468ab06d6f4bbda5c3c to remote] DEBUG org.asynchttpclient.netty.request.NettyRequestSender - Using open Channel [id: 0x2b1e143b, L:/127.0.0.1:49999 - R:localhost/127.0.0.1:62106] for POST '/session/57d71f7cc4c65468ab06d6f4bbda5c3c/element'
18:33:20.821 [AsyncHttpClient-1-2] DEBUG org.asynchttpclient.netty.handler.HttpHandler - 

Request DefaultHttpRequest(decodeResult: success, version: HTTP/1.1)
POST /session/57d71f7cc4c65468ab06d6f4bbda5c3c/element HTTP/1.1
User-Agent: selenium/4.1.4 (java windows)
Content-Length: 68
Content-Type: application/json; charset=utf-8
host: localhost:62106
accept: */*

Response DefaultHttpResponse(decodeResult: success, version: HTTP/1.1)
HTTP/1.1 200 OK
Content-Type: application/json; charset=utf-8
cache-control: no-cache
content-length: 88

18:33:20.821 [AsyncHttpClient-1-2] DEBUG org.asynchttpclient.netty.channel.ChannelManager - Adding key: http://localhost:62106 for channel [id: 0x2b1e143b, L:/127.0.0.1:49999 - R:localhost/127.0.0.1:62106]
18:33:20.821 [Forwarding isElementEnabled on session 57d71f7cc4c65468ab06d6f4bbda5c3c to remote] DEBUG org.asynchttpclient.netty.request.NettyRequestSender - Using pooled Channel '[id: 0x2b1e143b, L:/127.0.0.1:49999 - R:localhost/127.0.0.1:62106]' for 'GET' to 'http://localhost:62106/session/57d71f7cc4c65468ab06d6f4bbda5c3c/element/69dc5a3b-c979-41a0-b286-2ca2d1a9d7c2/enabled'
18:33:20.821 [Forwarding isElementEnabled on session 57d71f7cc4c65468ab06d6f4bbda5c3c to remote] DEBUG org.asynchttpclient.netty.request.NettyRequestSender - Using open Channel [id: 0x2b1e143b, L:/127.0.0.1:49999 - R:localhost/127.0.0.1:62106] for GET '/session/57d71f7cc4c65468ab06d6f4bbda5c3c/element/69dc5a3b-c979-41a0-b286-2ca2d1a9d7c2/enabled'
18:33:20.835 [AsyncHttpClient-1-2] DEBUG org.asynchttpclient.netty.handler.HttpHandler - 

Request DefaultFullHttpRequest(decodeResult: success, version: HTTP/1.1, content: EmptyByteBufBE)
GET /session/57d71f7cc4c65468ab06d6f4bbda5c3c/element/69dc5a3b-c979-41a0-b286-2ca2d1a9d7c2/enabled HTTP/1.1
User-Agent: selenium/4.1.4 (java windows)
Cache-Control: no-cache
Content-Type: application/json; charset=utf-8
host: localhost:62106
accept: */*

Response DefaultHttpResponse(decodeResult: success, version: HTTP/1.1)
HTTP/1.1 200 OK
Content-Type: application/json; charset=utf-8
cache-control: no-cache
content-length: 14

18:33:20.835 [AsyncHttpClient-1-2] DEBUG org.asynchttpclient.netty.channel.ChannelManager - Adding key: http://localhost:62106 for channel [id: 0x2b1e143b, L:/127.0.0.1:49999 - R:localhost/127.0.0.1:62106]
18:33:21.346 [Forwarding screenshot on session 57d71f7cc4c65468ab06d6f4bbda5c3c to remote] DEBUG org.asynchttpclient.netty.request.NettyRequestSender - Using pooled Channel '[id: 0x2b1e143b, L:/127.0.0.1:49999 - R:localhost/127.0.0.1:62106]' for 'GET' to 'http://localhost:62106/session/57d71f7cc4c65468ab06d6f4bbda5c3c/screenshot'
18:33:21.346 [Forwarding screenshot on session 57d71f7cc4c65468ab06d6f4bbda5c3c to remote] DEBUG org.asynchttpclient.netty.request.NettyRequestSender - Using open Channel [id: 0x2b1e143b, L:/127.0.0.1:49999 - R:localhost/127.0.0.1:62106] for GET '/session/57d71f7cc4c65468ab06d6f4bbda5c3c/screenshot'
18:33:21.655 [AsyncHttpClient-1-2] DEBUG org.asynchttpclient.netty.handler.HttpHandler - 

Request DefaultFullHttpRequest(decodeResult: success, version: HTTP/1.1, content: EmptyByteBufBE)
GET /session/57d71f7cc4c65468ab06d6f4bbda5c3c/screenshot HTTP/1.1
User-Agent: selenium/4.1.4 (java windows)
Cache-Control: no-cache
Content-Type: application/json; charset=utf-8
host: localhost:62106
accept: */*

Response DefaultHttpResponse(decodeResult: success, version: HTTP/1.1)
HTTP/1.1 200 OK
Content-Type: application/json; charset=utf-8
cache-control: no-cache
content-length: 301044

18:33:21.655 [AsyncHttpClient-1-2] DEBUG org.asynchttpclient.netty.channel.ChannelManager - Adding key: http://localhost:62106 for channel [id: 0x2b1e143b, L:/127.0.0.1:49999 - R:localhost/127.0.0.1:62106]
18:33:21.670 [main] DEBUG net.serenitybdd.core.photography.Darkroom - Send negative for processing for target\site\serenity\163e386af0b12517552a74a3d5043b94e8c0f9215c0f21d464e3b04d27a0859d.png
18:33:21.674 [main] DEBUG net.thucydides.core.steps.StepInterceptor - STARTING STEP: LoginSteps.loginValidationInvalid - clickButtonErrorOK
18:33:21.675 [Forwarding findElement on session 57d71f7cc4c65468ab06d6f4bbda5c3c to remote] DEBUG org.asynchttpclient.netty.request.NettyRequestSender - Using pooled Channel '[id: 0x2b1e143b, L:/127.0.0.1:49999 - R:localhost/127.0.0.1:62106]' for 'POST' to 'http://localhost:62106/session/57d71f7cc4c65468ab06d6f4bbda5c3c/element'
18:33:21.675 [Forwarding findElement on session 57d71f7cc4c65468ab06d6f4bbda5c3c to remote] DEBUG org.asynchttpclient.netty.request.NettyRequestSender - Using open Channel [id: 0x2b1e143b, L:/127.0.0.1:49999 - R:localhost/127.0.0.1:62106] for POST '/session/57d71f7cc4c65468ab06d6f4bbda5c3c/element'
18:33:21.689 [AsyncHttpClient-1-2] DEBUG org.asynchttpclient.netty.handler.HttpHandler - 

Request DefaultHttpRequest(decodeResult: success, version: HTTP/1.1)
POST /session/57d71f7cc4c65468ab06d6f4bbda5c3c/element HTTP/1.1
User-Agent: selenium/4.1.4 (java windows)
Content-Length: 88
Content-Type: application/json; charset=utf-8
host: localhost:62106
accept: */*

Response DefaultHttpResponse(decodeResult: success, version: HTTP/1.1)
HTTP/1.1 200 OK
Content-Type: application/json; charset=utf-8
cache-control: no-cache
content-length: 88

18:33:21.690 [AsyncHttpClient-1-2] DEBUG org.asynchttpclient.netty.channel.ChannelManager - Adding key: http://localhost:62106 for channel [id: 0x2b1e143b, L:/127.0.0.1:49999 - R:localhost/127.0.0.1:62106]
18:33:21.691 [Forwarding getElementTagName on session 57d71f7cc4c65468ab06d6f4bbda5c3c to remote] DEBUG org.asynchttpclient.netty.request.NettyRequestSender - Using pooled Channel '[id: 0x2b1e143b, L:/127.0.0.1:49999 - R:localhost/127.0.0.1:62106]' for 'GET' to 'http://localhost:62106/session/57d71f7cc4c65468ab06d6f4bbda5c3c/element/aed33f1f-f841-4909-bd30-0eb7c055be06/name'
18:33:21.691 [Forwarding getElementTagName on session 57d71f7cc4c65468ab06d6f4bbda5c3c to remote] DEBUG org.asynchttpclient.netty.request.NettyRequestSender - Using open Channel [id: 0x2b1e143b, L:/127.0.0.1:49999 - R:localhost/127.0.0.1:62106] for GET '/session/57d71f7cc4c65468ab06d6f4bbda5c3c/element/aed33f1f-f841-4909-bd30-0eb7c055be06/name'
18:33:21.696 [AsyncHttpClient-1-2] DEBUG org.asynchttpclient.netty.handler.HttpHandler - 

Request DefaultFullHttpRequest(decodeResult: success, version: HTTP/1.1, content: EmptyByteBufBE)
GET /session/57d71f7cc4c65468ab06d6f4bbda5c3c/element/aed33f1f-f841-4909-bd30-0eb7c055be06/name HTTP/1.1
User-Agent: selenium/4.1.4 (java windows)
Cache-Control: no-cache
Content-Type: application/json; charset=utf-8
host: localhost:62106
accept: */*

Response DefaultHttpResponse(decodeResult: success, version: HTTP/1.1)
HTTP/1.1 200 OK
Content-Type: application/json; charset=utf-8
cache-control: no-cache
content-length: 18

18:33:21.696 [AsyncHttpClient-1-2] DEBUG org.asynchttpclient.netty.channel.ChannelManager - Adding key: http://localhost:62106 for channel [id: 0x2b1e143b, L:/127.0.0.1:49999 - R:localhost/127.0.0.1:62106]
18:33:21.697 [Forwarding getElementTagName on session 57d71f7cc4c65468ab06d6f4bbda5c3c to remote] DEBUG org.asynchttpclient.netty.request.NettyRequestSender - Using pooled Channel '[id: 0x2b1e143b, L:/127.0.0.1:49999 - R:localhost/127.0.0.1:62106]' for 'GET' to 'http://localhost:62106/session/57d71f7cc4c65468ab06d6f4bbda5c3c/element/aed33f1f-f841-4909-bd30-0eb7c055be06/name'
18:33:21.697 [Forwarding getElementTagName on session 57d71f7cc4c65468ab06d6f4bbda5c3c to remote] DEBUG org.asynchttpclient.netty.request.NettyRequestSender - Using open Channel [id: 0x2b1e143b, L:/127.0.0.1:49999 - R:localhost/127.0.0.1:62106] for GET '/session/57d71f7cc4c65468ab06d6f4bbda5c3c/element/aed33f1f-f841-4909-bd30-0eb7c055be06/name'
18:33:21.701 [AsyncHttpClient-1-2] DEBUG org.asynchttpclient.netty.handler.HttpHandler - 

Request DefaultFullHttpRequest(decodeResult: success, version: HTTP/1.1, content: EmptyByteBufBE)
GET /session/57d71f7cc4c65468ab06d6f4bbda5c3c/element/aed33f1f-f841-4909-bd30-0eb7c055be06/name HTTP/1.1
User-Agent: selenium/4.1.4 (java windows)
Cache-Control: no-cache
Content-Type: application/json; charset=utf-8
host: localhost:62106
accept: */*

Response DefaultHttpResponse(decodeResult: success, version: HTTP/1.1)
HTTP/1.1 200 OK
Content-Type: application/json; charset=utf-8
cache-control: no-cache
content-length: 18

18:33:21.701 [AsyncHttpClient-1-2] DEBUG org.asynchttpclient.netty.channel.ChannelManager - Adding key: http://localhost:62106 for channel [id: 0x2b1e143b, L:/127.0.0.1:49999 - R:localhost/127.0.0.1:62106]
18:33:21.702 [Forwarding isElementEnabled on session 57d71f7cc4c65468ab06d6f4bbda5c3c to remote] DEBUG org.asynchttpclient.netty.request.NettyRequestSender - Using pooled Channel '[id: 0x2b1e143b, L:/127.0.0.1:49999 - R:localhost/127.0.0.1:62106]' for 'GET' to 'http://localhost:62106/session/57d71f7cc4c65468ab06d6f4bbda5c3c/element/aed33f1f-f841-4909-bd30-0eb7c055be06/enabled'
18:33:21.702 [Forwarding isElementEnabled on session 57d71f7cc4c65468ab06d6f4bbda5c3c to remote] DEBUG org.asynchttpclient.netty.request.NettyRequestSender - Using open Channel [id: 0x2b1e143b, L:/127.0.0.1:49999 - R:localhost/127.0.0.1:62106] for GET '/session/57d71f7cc4c65468ab06d6f4bbda5c3c/element/aed33f1f-f841-4909-bd30-0eb7c055be06/enabled'
18:33:21.715 [AsyncHttpClient-1-2] DEBUG org.asynchttpclient.netty.handler.HttpHandler - 

Request DefaultFullHttpRequest(decodeResult: success, version: HTTP/1.1, content: EmptyByteBufBE)
GET /session/57d71f7cc4c65468ab06d6f4bbda5c3c/element/aed33f1f-f841-4909-bd30-0eb7c055be06/enabled HTTP/1.1
User-Agent: selenium/4.1.4 (java windows)
Cache-Control: no-cache
Content-Type: application/json; charset=utf-8
host: localhost:62106
accept: */*

Response DefaultHttpResponse(decodeResult: success, version: HTTP/1.1)
HTTP/1.1 200 OK
Content-Type: application/json; charset=utf-8
cache-control: no-cache
content-length: 14

18:33:21.715 [AsyncHttpClient-1-2] DEBUG org.asynchttpclient.netty.channel.ChannelManager - Adding key: http://localhost:62106 for channel [id: 0x2b1e143b, L:/127.0.0.1:49999 - R:localhost/127.0.0.1:62106]
18:33:21.716 [Forwarding isElementEnabled on session 57d71f7cc4c65468ab06d6f4bbda5c3c to remote] DEBUG org.asynchttpclient.netty.request.NettyRequestSender - Using pooled Channel '[id: 0x2b1e143b, L:/127.0.0.1:49999 - R:localhost/127.0.0.1:62106]' for 'GET' to 'http://localhost:62106/session/57d71f7cc4c65468ab06d6f4bbda5c3c/element/aed33f1f-f841-4909-bd30-0eb7c055be06/enabled'
18:33:21.716 [Forwarding isElementEnabled on session 57d71f7cc4c65468ab06d6f4bbda5c3c to remote] DEBUG org.asynchttpclient.netty.request.NettyRequestSender - Using open Channel [id: 0x2b1e143b, L:/127.0.0.1:49999 - R:localhost/127.0.0.1:62106] for GET '/session/57d71f7cc4c65468ab06d6f4bbda5c3c/element/aed33f1f-f841-4909-bd30-0eb7c055be06/enabled'
18:33:21.725 [AsyncHttpClient-1-2] DEBUG org.asynchttpclient.netty.handler.HttpHandler - 

Request DefaultFullHttpRequest(decodeResult: success, version: HTTP/1.1, content: EmptyByteBufBE)
GET /session/57d71f7cc4c65468ab06d6f4bbda5c3c/element/aed33f1f-f841-4909-bd30-0eb7c055be06/enabled HTTP/1.1
User-Agent: selenium/4.1.4 (java windows)
Cache-Control: no-cache
Content-Type: application/json; charset=utf-8
host: localhost:62106
accept: */*

Response DefaultHttpResponse(decodeResult: success, version: HTTP/1.1)
HTTP/1.1 200 OK
Content-Type: application/json; charset=utf-8
cache-control: no-cache
content-length: 14

18:33:21.725 [AsyncHttpClient-1-2] DEBUG org.asynchttpclient.netty.channel.ChannelManager - Adding key: http://localhost:62106 for channel [id: 0x2b1e143b, L:/127.0.0.1:49999 - R:localhost/127.0.0.1:62106]
18:33:21.727 [Forwarding findElement on session 57d71f7cc4c65468ab06d6f4bbda5c3c to remote] DEBUG org.asynchttpclient.netty.request.NettyRequestSender - Using pooled Channel '[id: 0x2b1e143b, L:/127.0.0.1:49999 - R:localhost/127.0.0.1:62106]' for 'POST' to 'http://localhost:62106/session/57d71f7cc4c65468ab06d6f4bbda5c3c/element'
18:33:21.727 [Forwarding findElement on session 57d71f7cc4c65468ab06d6f4bbda5c3c to remote] DEBUG org.asynchttpclient.netty.request.NettyRequestSender - Using open Channel [id: 0x2b1e143b, L:/127.0.0.1:49999 - R:localhost/127.0.0.1:62106] for POST '/session/57d71f7cc4c65468ab06d6f4bbda5c3c/element'
18:33:21.736 [AsyncHttpClient-1-1] DEBUG org.asynchttpclient.netty.channel.DefaultChannelPool - Entry count for : http://localhost:50000 : 1
18:33:21.737 [AsyncHttpClient-1-2] DEBUG org.asynchttpclient.netty.handler.HttpHandler - 

Request DefaultHttpRequest(decodeResult: success, version: HTTP/1.1)
POST /session/57d71f7cc4c65468ab06d6f4bbda5c3c/element HTTP/1.1
User-Agent: selenium/4.1.4 (java windows)
Content-Length: 88
Content-Type: application/json; charset=utf-8
host: localhost:62106
accept: */*

Response DefaultHttpResponse(decodeResult: success, version: HTTP/1.1)
HTTP/1.1 200 OK
Content-Type: application/json; charset=utf-8
cache-control: no-cache
content-length: 88

18:33:21.738 [AsyncHttpClient-1-2] DEBUG org.asynchttpclient.netty.channel.ChannelManager - Adding key: http://localhost:62106 for channel [id: 0x2b1e143b, L:/127.0.0.1:49999 - R:localhost/127.0.0.1:62106]
18:33:21.738 [Forwarding clickElement on session 57d71f7cc4c65468ab06d6f4bbda5c3c to remote] DEBUG org.asynchttpclient.netty.request.NettyRequestSender - Using pooled Channel '[id: 0x2b1e143b, L:/127.0.0.1:49999 - R:localhost/127.0.0.1:62106]' for 'POST' to 'http://localhost:62106/session/57d71f7cc4c65468ab06d6f4bbda5c3c/element/aed33f1f-f841-4909-bd30-0eb7c055be06/click'
18:33:21.738 [Forwarding clickElement on session 57d71f7cc4c65468ab06d6f4bbda5c3c to remote] DEBUG org.asynchttpclient.netty.request.NettyRequestSender - Using open Channel [id: 0x2b1e143b, L:/127.0.0.1:49999 - R:localhost/127.0.0.1:62106] for POST '/session/57d71f7cc4c65468ab06d6f4bbda5c3c/element/aed33f1f-f841-4909-bd30-0eb7c055be06/click'
18:33:21.848 [AsyncHttpClient-1-2] DEBUG org.asynchttpclient.netty.handler.HttpHandler - 

Request DefaultHttpRequest(decodeResult: success, version: HTTP/1.1)
POST /session/57d71f7cc4c65468ab06d6f4bbda5c3c/element/aed33f1f-f841-4909-bd30-0eb7c055be06/click HTTP/1.1
User-Agent: selenium/4.1.4 (java windows)
Content-Length: 50
Content-Type: application/json; charset=utf-8
host: localhost:62106
accept: */*

Response DefaultHttpResponse(decodeResult: success, version: HTTP/1.1)
HTTP/1.1 200 OK
Content-Type: application/json; charset=utf-8
cache-control: no-cache
content-length: 14

18:33:21.848 [AsyncHttpClient-1-2] DEBUG org.asynchttpclient.netty.channel.ChannelManager - Adding key: http://localhost:62106 for channel [id: 0x2b1e143b, L:/127.0.0.1:49999 - R:localhost/127.0.0.1:62106]
18:33:21.860 [Forwarding screenshot on session 57d71f7cc4c65468ab06d6f4bbda5c3c to remote] DEBUG org.asynchttpclient.netty.request.NettyRequestSender - Using pooled Channel '[id: 0x2b1e143b, L:/127.0.0.1:49999 - R:localhost/127.0.0.1:62106]' for 'GET' to 'http://localhost:62106/session/57d71f7cc4c65468ab06d6f4bbda5c3c/screenshot'
18:33:21.860 [Forwarding screenshot on session 57d71f7cc4c65468ab06d6f4bbda5c3c to remote] DEBUG org.asynchttpclient.netty.request.NettyRequestSender - Using open Channel [id: 0x2b1e143b, L:/127.0.0.1:49999 - R:localhost/127.0.0.1:62106] for GET '/session/57d71f7cc4c65468ab06d6f4bbda5c3c/screenshot'
18:33:22.215 [AsyncHttpClient-1-2] DEBUG org.asynchttpclient.netty.handler.HttpHandler - 

Request DefaultFullHttpRequest(decodeResult: success, version: HTTP/1.1, content: EmptyByteBufBE)
GET /session/57d71f7cc4c65468ab06d6f4bbda5c3c/screenshot HTTP/1.1
User-Agent: selenium/4.1.4 (java windows)
Cache-Control: no-cache
Content-Type: application/json; charset=utf-8
host: localhost:62106
accept: */*

Response DefaultHttpResponse(decodeResult: success, version: HTTP/1.1)
HTTP/1.1 200 OK
Content-Type: application/json; charset=utf-8
cache-control: no-cache
content-length: 73816

18:33:22.215 [AsyncHttpClient-1-2] DEBUG org.asynchttpclient.netty.channel.ChannelManager - Adding key: http://localhost:62106 for channel [id: 0x2b1e143b, L:/127.0.0.1:49999 - R:localhost/127.0.0.1:62106]
18:33:22.219 [main] DEBUG net.serenitybdd.core.photography.Darkroom - Send negative for processing for target\site\serenity\018d44491641fd0a191a322c7be10217d033b681e8eddfb0e9dbf4ae3b4dbc64.png
18:33:22.219 [main] DEBUG net.thucydides.core.steps.StepInterceptor - STEP DONE: clickButtonErrorOK
  &amp#27;[32mAnd &amp#27;[0m&amp#27;[32mLogin validation invalid&amp#27;[0m                                                   &amp#27;[90m# starter.stepdefinitios.LoginSteps.loginValidationInvalid()&amp#27;[0m
18:33:22.219 [Darkroom Processing Line] DEBUG net.serenitybdd.core.photography.DarkroomProcessingLine - Processing screenshot image in /var/screenshots/screenshot-7136227077259675013
18:33:22.219 [Darkroom Processing Line] DEBUG net.serenitybdd.core.photography.DarkroomProcessingLine - Saving screenshot to target\site\serenity\018d44491641fd0a191a322c7be10217d033b681e8eddfb0e9dbf4ae3b4dbc64.png
18:33:22.839 [AsyncHttpClient-1-1] DEBUG org.asynchttpclient.netty.channel.DefaultChannelPool - Entry count for : http://localhost:50000 : 1
18:33:22.839 [AsyncHttpClient-1-1] DEBUG org.asynchttpclient.netty.channel.DefaultChannelPool - Entry count for : http://localhost:62106 : 1
18:33:23.935 [AsyncHttpClient-1-1] DEBUG org.asynchttpclient.netty.channel.DefaultChannelPool - Entry count for : http://localhost:50000 : 1
18:33:23.935 [AsyncHttpClient-1-1] DEBUG org.asynchttpclient.netty.channel.DefaultChannelPool - Entry count for : http://localhost:62106 : 1
18:33:25.044 [AsyncHttpClient-1-1] DEBUG org.asynchttpclient.netty.channel.DefaultChannelPool - Entry count for : http://localhost:50000 : 1
18:33:25.044 [AsyncHttpClient-1-1] DEBUG org.asynchttpclient.netty.channel.DefaultChannelPool - Entry count for : http://localhost:62106 : 1
18:33:26.142 [AsyncHttpClient-1-1] DEBUG org.asynchttpclient.netty.channel.DefaultChannelPool - Entry count for : http://localhost:50000 : 1
18:33:26.142 [AsyncHttpClient-1-1] DEBUG org.asynchttpclient.netty.channel.DefaultChannelPool - Entry count for : http://localhost:62106 : 1
18:33:27.236 [AsyncHttpClient-1-1] DEBUG org.asynchttpclient.netty.channel.DefaultChannelPool - Entry count for : http://localhost:50000 : 1
18:33:27.236 [AsyncHttpClient-1-1] DEBUG org.asynchttpclient.netty.channel.DefaultChannelPool - Entry count for : http://localhost:62106 : 1
18:33:27.283 [Forwarding screenshot on session 57d71f7cc4c65468ab06d6f4bbda5c3c to remote] DEBUG org.asynchttpclient.netty.request.NettyRequestSender - Using pooled Channel '[id: 0x2b1e143b, L:/127.0.0.1:49999 - R:localhost/127.0.0.1:62106]' for 'GET' to 'http://localhost:62106/session/57d71f7cc4c65468ab06d6f4bbda5c3c/screenshot'
18:33:27.283 [Forwarding screenshot on session 57d71f7cc4c65468ab06d6f4bbda5c3c to remote] DEBUG org.asynchttpclient.netty.request.NettyRequestSender - Using open Channel [id: 0x2b1e143b, L:/127.0.0.1:49999 - R:localhost/127.0.0.1:62106] for GET '/session/57d71f7cc4c65468ab06d6f4bbda5c3c/screenshot'
18:33:27.464 [AsyncHttpClient-1-2] DEBUG org.asynchttpclient.netty.handler.HttpHandler - 

Request DefaultFullHttpRequest(decodeResult: success, version: HTTP/1.1, content: EmptyByteBufBE)
GET /session/57d71f7cc4c65468ab06d6f4bbda5c3c/screenshot HTTP/1.1
User-Agent: selenium/4.1.4 (java windows)
Cache-Control: no-cache
Content-Type: application/json; charset=utf-8
host: localhost:62106
accept: */*

Response DefaultHttpResponse(decodeResult: success, version: HTTP/1.1)
HTTP/1.1 200 OK
Content-Type: application/json; charset=utf-8
cache-control: no-cache
content-length: 78860

18:33:27.464 [AsyncHttpClient-1-2] DEBUG org.asynchttpclient.netty.channel.ChannelManager - Adding key: http://localhost:62106 for channel [id: 0x2b1e143b, L:/127.0.0.1:49999 - R:localhost/127.0.0.1:62106]
18:33:27.468 [main] DEBUG net.serenitybdd.core.photography.Darkroom - Send negative for processing for target\site\serenity\e3902e4e6d497170d59aa0c0c2930d955492166dca27ad580f2b08c08bf103aa.png
18:33:27.468 [main] DEBUG net.thucydides.core.steps.StepInterceptor - STARTING STEP: PatientDataSteps.clickButtonDataPasien - clickButtonDataPasien
18:33:27.490 [Forwarding findElement on session 57d71f7cc4c65468ab06d6f4bbda5c3c to remote] DEBUG org.asynchttpclient.netty.request.NettyRequestSender - Using pooled Channel '[id: 0x2b1e143b, L:/127.0.0.1:49999 - R:localhost/127.0.0.1:62106]' for 'POST' to 'http://localhost:62106/session/57d71f7cc4c65468ab06d6f4bbda5c3c/element'
18:33:27.490 [Forwarding findElement on session 57d71f7cc4c65468ab06d6f4bbda5c3c to remote] DEBUG org.asynchttpclient.netty.request.NettyRequestSender - Using open Channel [id: 0x2b1e143b, L:/127.0.0.1:49999 - R:localhost/127.0.0.1:62106] for POST '/session/57d71f7cc4c65468ab06d6f4bbda5c3c/element'
18:33:27.515 [AsyncHttpClient-1-2] DEBUG org.asynchttpclient.netty.handler.HttpHandler - 

Request DefaultHttpRequest(decodeResult: success, version: HTTP/1.1)
POST /session/57d71f7cc4c65468ab06d6f4bbda5c3c/element HTTP/1.1
User-Agent: selenium/4.1.4 (java windows)
Content-Length: 114
Content-Type: application/json; charset=utf-8
host: localhost:62106
accept: */*

Response DefaultHttpResponse(decodeResult: success, version: HTTP/1.1)
HTTP/1.1 200 OK
Content-Type: application/json; charset=utf-8
cache-control: no-cache
content-length: 88

18:33:27.515 [AsyncHttpClient-1-2] DEBUG org.asynchttpclient.netty.channel.ChannelManager - Adding key: http://localhost:62106 for channel [id: 0x2b1e143b, L:/127.0.0.1:49999 - R:localhost/127.0.0.1:62106]
18:33:27.518 [Forwarding getElementTagName on session 57d71f7cc4c65468ab06d6f4bbda5c3c to remote] DEBUG org.asynchttpclient.netty.request.NettyRequestSender - Using pooled Channel '[id: 0x2b1e143b, L:/127.0.0.1:49999 - R:localhost/127.0.0.1:62106]' for 'GET' to 'http://localhost:62106/session/57d71f7cc4c65468ab06d6f4bbda5c3c/element/149e796d-426e-457a-9b8c-552aea12d630/name'
18:33:27.518 [Forwarding getElementTagName on session 57d71f7cc4c65468ab06d6f4bbda5c3c to remote] DEBUG org.asynchttpclient.netty.request.NettyRequestSender - Using open Channel [id: 0x2b1e143b, L:/127.0.0.1:49999 - R:localhost/127.0.0.1:62106] for GET '/session/57d71f7cc4c65468ab06d6f4bbda5c3c/element/149e796d-426e-457a-9b8c-552aea12d630/name'
18:33:27.522 [AsyncHttpClient-1-2] DEBUG org.asynchttpclient.netty.handler.HttpHandler - 

Request DefaultFullHttpRequest(decodeResult: success, version: HTTP/1.1, content: EmptyByteBufBE)
GET /session/57d71f7cc4c65468ab06d6f4bbda5c3c/element/149e796d-426e-457a-9b8c-552aea12d630/name HTTP/1.1
User-Agent: selenium/4.1.4 (java windows)
Cache-Control: no-cache
Content-Type: application/json; charset=utf-8
host: localhost:62106
accept: */*

Response DefaultHttpResponse(decodeResult: success, version: HTTP/1.1)
HTTP/1.1 200 OK
Content-Type: application/json; charset=utf-8
cache-control: no-cache
content-length: 13

18:33:27.522 [AsyncHttpClient-1-2] DEBUG org.asynchttpclient.netty.channel.ChannelManager - Adding key: http://localhost:62106 for channel [id: 0x2b1e143b, L:/127.0.0.1:49999 - R:localhost/127.0.0.1:62106]
18:33:27.523 [Forwarding getElementTagName on session 57d71f7cc4c65468ab06d6f4bbda5c3c to remote] DEBUG org.asynchttpclient.netty.request.NettyRequestSender - Using pooled Channel '[id: 0x2b1e143b, L:/127.0.0.1:49999 - R:localhost/127.0.0.1:62106]' for 'GET' to 'http://localhost:62106/session/57d71f7cc4c65468ab06d6f4bbda5c3c/element/149e796d-426e-457a-9b8c-552aea12d630/name'
18:33:27.523 [Forwarding getElementTagName on session 57d71f7cc4c65468ab06d6f4bbda5c3c to remote] DEBUG org.asynchttpclient.netty.request.NettyRequestSender - Using open Channel [id: 0x2b1e143b, L:/127.0.0.1:49999 - R:localhost/127.0.0.1:62106] for GET '/session/57d71f7cc4c65468ab06d6f4bbda5c3c/element/149e796d-426e-457a-9b8c-552aea12d630/name'
18:33:27.526 [AsyncHttpClient-1-2] DEBUG org.asynchttpclient.netty.handler.HttpHandler - 

Request DefaultFullHttpRequest(decodeResult: success, version: HTTP/1.1, content: EmptyByteBufBE)
GET /session/57d71f7cc4c65468ab06d6f4bbda5c3c/element/149e796d-426e-457a-9b8c-552aea12d630/name HTTP/1.1
User-Agent: selenium/4.1.4 (java windows)
Cache-Control: no-cache
Content-Type: application/json; charset=utf-8
host: localhost:62106
accept: */*

Response DefaultHttpResponse(decodeResult: success, version: HTTP/1.1)
HTTP/1.1 200 OK
Content-Type: application/json; charset=utf-8
cache-control: no-cache
content-length: 13

18:33:27.526 [AsyncHttpClient-1-2] DEBUG org.asynchttpclient.netty.channel.ChannelManager - Adding key: http://localhost:62106 for channel [id: 0x2b1e143b, L:/127.0.0.1:49999 - R:localhost/127.0.0.1:62106]
18:33:27.527 [Forwarding findElement on session 57d71f7cc4c65468ab06d6f4bbda5c3c to remote] DEBUG org.asynchttpclient.netty.request.NettyRequestSender - Using pooled Channel '[id: 0x2b1e143b, L:/127.0.0.1:49999 - R:localhost/127.0.0.1:62106]' for 'POST' to 'http://localhost:62106/session/57d71f7cc4c65468ab06d6f4bbda5c3c/element'
18:33:27.527 [Forwarding findElement on session 57d71f7cc4c65468ab06d6f4bbda5c3c to remote] DEBUG org.asynchttpclient.netty.request.NettyRequestSender - Using open Channel [id: 0x2b1e143b, L:/127.0.0.1:49999 - R:localhost/127.0.0.1:62106] for POST '/session/57d71f7cc4c65468ab06d6f4bbda5c3c/element'
18:33:27.535 [AsyncHttpClient-1-2] DEBUG org.asynchttpclient.netty.handler.HttpHandler - 

Request DefaultHttpRequest(decodeResult: success, version: HTTP/1.1)
POST /session/57d71f7cc4c65468ab06d6f4bbda5c3c/element HTTP/1.1
User-Agent: selenium/4.1.4 (java windows)
Content-Length: 114
Content-Type: application/json; charset=utf-8
host: localhost:62106
accept: */*

Response DefaultHttpResponse(decodeResult: success, version: HTTP/1.1)
HTTP/1.1 200 OK
Content-Type: application/json; charset=utf-8
cache-control: no-cache
content-length: 88

18:33:27.535 [AsyncHttpClient-1-2] DEBUG org.asynchttpclient.netty.channel.ChannelManager - Adding key: http://localhost:62106 for channel [id: 0x2b1e143b, L:/127.0.0.1:49999 - R:localhost/127.0.0.1:62106]
18:33:27.536 [Forwarding clickElement on session 57d71f7cc4c65468ab06d6f4bbda5c3c to remote] DEBUG org.asynchttpclient.netty.request.NettyRequestSender - Using pooled Channel '[id: 0x2b1e143b, L:/127.0.0.1:49999 - R:localhost/127.0.0.1:62106]' for 'POST' to 'http://localhost:62106/session/57d71f7cc4c65468ab06d6f4bbda5c3c/element/149e796d-426e-457a-9b8c-552aea12d630/click'
18:33:27.536 [Forwarding clickElement on session 57d71f7cc4c65468ab06d6f4bbda5c3c to remote] DEBUG org.asynchttpclient.netty.request.NettyRequestSender - Using open Channel [id: 0x2b1e143b, L:/127.0.0.1:49999 - R:localhost/127.0.0.1:62106] for POST '/session/57d71f7cc4c65468ab06d6f4bbda5c3c/element/149e796d-426e-457a-9b8c-552aea12d630/click'
18:33:27.597 [AsyncHttpClient-1-2] DEBUG org.asynchttpclient.netty.handler.HttpHandler - 

Request DefaultHttpRequest(decodeResult: success, version: HTTP/1.1)
POST /session/57d71f7cc4c65468ab06d6f4bbda5c3c/element/149e796d-426e-457a-9b8c-552aea12d630/click HTTP/1.1
User-Agent: selenium/4.1.4 (java windows)
Content-Length: 50
Content-Type: application/json; charset=utf-8
host: localhost:62106
accept: */*

Response DefaultHttpResponse(decodeResult: success, version: HTTP/1.1)
HTTP/1.1 200 OK
Content-Type: application/json; charset=utf-8
cache-control: no-cache
content-length: 14

18:33:27.597 [AsyncHttpClient-1-2] DEBUG org.asynchttpclient.netty.channel.ChannelManager - Adding key: http://localhost:62106 for channel [id: 0x2b1e143b, L:/127.0.0.1:49999 - R:localhost/127.0.0.1:62106]
18:33:27.601 [Forwarding screenshot on session 57d71f7cc4c65468ab06d6f4bbda5c3c to remote] DEBUG org.asynchttpclient.netty.request.NettyRequestSender - Using pooled Channel '[id: 0x2b1e143b, L:/127.0.0.1:49999 - R:localhost/127.0.0.1:62106]' for 'GET' to 'http://localhost:62106/session/57d71f7cc4c65468ab06d6f4bbda5c3c/screenshot'
18:33:27.601 [Forwarding screenshot on session 57d71f7cc4c65468ab06d6f4bbda5c3c to remote] DEBUG org.asynchttpclient.netty.request.NettyRequestSender - Using open Channel [id: 0x2b1e143b, L:/127.0.0.1:49999 - R:localhost/127.0.0.1:62106] for GET '/session/57d71f7cc4c65468ab06d6f4bbda5c3c/screenshot'
18:33:27.742 [AsyncHttpClient-1-2] DEBUG org.asynchttpclient.netty.handler.HttpHandler - 

Request DefaultFullHttpRequest(decodeResult: success, version: HTTP/1.1, content: EmptyByteBufBE)
GET /session/57d71f7cc4c65468ab06d6f4bbda5c3c/screenshot HTTP/1.1
User-Agent: selenium/4.1.4 (java windows)
Cache-Control: no-cache
Content-Type: application/json; charset=utf-8
host: localhost:62106
accept: */*

Response DefaultHttpResponse(decodeResult: success, version: HTTP/1.1)
HTTP/1.1 200 OK
Content-Type: application/json; charset=utf-8
cache-control: no-cache
content-length: 116444

18:33:27.742 [AsyncHttpClient-1-2] DEBUG org.asynchttpclient.netty.channel.ChannelManager - Adding key: http://localhost:62106 for channel [id: 0x2b1e143b, L:/127.0.0.1:49999 - R:localhost/127.0.0.1:62106]
18:33:27.747 [main] DEBUG net.serenitybdd.core.photography.Darkroom - Send negative for processing for target\site\serenity\43be8a5b80dbc797d2661564ee5626e2015d03c8d45505eec908b6c8cd0855dc.png
18:33:27.747 [main] DEBUG net.thucydides.core.steps.StepInterceptor - STEP DONE: clickButtonDataPasien
  &amp#27;[32mWhen &amp#27;[0m&amp#27;[32mClick button data pasien&amp#27;[0m                                                  &amp#27;[90m# starter.stepdefinitios.PatientDataSteps.clickButtonDataPasien()&amp#27;[0m
18:33:27.747 [Darkroom Processing Line] DEBUG net.serenitybdd.core.photography.DarkroomProcessingLine - Processing screenshot image in /var/screenshots/screenshot-12493314246236323947
18:33:27.747 [Darkroom Processing Line] DEBUG net.serenitybdd.core.photography.DarkroomProcessingLine - Saving screenshot to target\site\serenity\43be8a5b80dbc797d2661564ee5626e2015d03c8d45505eec908b6c8cd0855dc.png
18:33:28.336 [AsyncHttpClient-1-1] DEBUG org.asynchttpclient.netty.channel.DefaultChannelPool - Entry count for : http://localhost:50000 : 1
18:33:28.336 [AsyncHttpClient-1-1] DEBUG org.asynchttpclient.netty.channel.DefaultChannelPool - Entry count for : http://localhost:62106 : 1
18:33:29.442 [AsyncHttpClient-1-1] DEBUG org.asynchttpclient.netty.channel.DefaultChannelPool - Entry count for : http://localhost:50000 : 1
18:33:29.442 [AsyncHttpClient-1-1] DEBUG org.asynchttpclient.netty.channel.DefaultChannelPool - Entry count for : http://localhost:62106 : 1
18:33:30.535 [AsyncHttpClient-1-1] DEBUG org.asynchttpclient.netty.channel.DefaultChannelPool - Entry count for : http://localhost:50000 : 1
18:33:30.535 [AsyncHttpClient-1-1] DEBUG org.asynchttpclient.netty.channel.DefaultChannelPool - Entry count for : http://localhost:62106 : 1
18:33:31.650 [AsyncHttpClient-1-1] DEBUG org.asynchttpclient.netty.channel.DefaultChannelPool - Entry count for : http://localhost:50000 : 1
18:33:31.650 [AsyncHttpClient-1-1] DEBUG org.asynchttpclient.netty.channel.DefaultChannelPool - Entry count for : http://localhost:62106 : 1
18:33:32.736 [AsyncHttpClient-1-1] DEBUG org.asynchttpclient.netty.channel.DefaultChannelPool - Entry count for : http://localhost:50000 : 1
18:33:32.736 [AsyncHttpClient-1-1] DEBUG org.asynchttpclient.netty.channel.DefaultChannelPool - Entry count for : http://localhost:62106 : 1
18:33:32.785 [Forwarding screenshot on session 57d71f7cc4c65468ab06d6f4bbda5c3c to remote] DEBUG org.asynchttpclient.netty.request.NettyRequestSender - Using pooled Channel '[id: 0x2b1e143b, L:/127.0.0.1:49999 - R:localhost/127.0.0.1:62106]' for 'GET' to 'http://localhost:62106/session/57d71f7cc4c65468ab06d6f4bbda5c3c/screenshot'
18:33:32.785 [Forwarding screenshot on session 57d71f7cc4c65468ab06d6f4bbda5c3c to remote] DEBUG org.asynchttpclient.netty.request.NettyRequestSender - Using open Channel [id: 0x2b1e143b, L:/127.0.0.1:49999 - R:localhost/127.0.0.1:62106] for GET '/session/57d71f7cc4c65468ab06d6f4bbda5c3c/screenshot'
18:33:32.967 [AsyncHttpClient-1-2] DEBUG org.asynchttpclient.netty.handler.HttpHandler - 

Request DefaultFullHttpRequest(decodeResult: success, version: HTTP/1.1, content: EmptyByteBufBE)
GET /session/57d71f7cc4c65468ab06d6f4bbda5c3c/screenshot HTTP/1.1
User-Agent: selenium/4.1.4 (java windows)
Cache-Control: no-cache
Content-Type: application/json; charset=utf-8
host: localhost:62106
accept: */*

Response DefaultHttpResponse(decodeResult: success, version: HTTP/1.1)
HTTP/1.1 200 OK
Content-Type: application/json; charset=utf-8
cache-control: no-cache
content-length: 83428

18:33:32.967 [AsyncHttpClient-1-2] DEBUG org.asynchttpclient.netty.channel.ChannelManager - Adding key: http://localhost:62106 for channel [id: 0x2b1e143b, L:/127.0.0.1:49999 - R:localhost/127.0.0.1:62106]
18:33:32.968 [main] DEBUG net.serenitybdd.core.photography.Darkroom - Send negative for processing for target\site\serenity\95e6a444470ecae8564c52a075b0c243e5bbc197b9dfa2b462daad25201f7072.png
18:33:32.968 [main] DEBUG net.thucydides.core.steps.StepInterceptor - STARTING STEP: PatientDataSteps.clickDetailPatientData - clickButtonDetail
18:33:32.968 [Darkroom Processing Line] DEBUG net.serenitybdd.core.photography.DarkroomProcessingLine - Processing screenshot image in /var/screenshots/screenshot-12701383128458107363
18:33:32.968 [Darkroom Processing Line] DEBUG net.serenitybdd.core.photography.DarkroomProcessingLine - Saving screenshot to target\site\serenity\95e6a444470ecae8564c52a075b0c243e5bbc197b9dfa2b462daad25201f7072.png
18:33:32.974 [Forwarding findElement on session 57d71f7cc4c65468ab06d6f4bbda5c3c to remote] DEBUG org.asynchttpclient.netty.request.NettyRequestSender - Using pooled Channel '[id: 0x2b1e143b, L:/127.0.0.1:49999 - R:localhost/127.0.0.1:62106]' for 'POST' to 'http://localhost:62106/session/57d71f7cc4c65468ab06d6f4bbda5c3c/element'
18:33:32.974 [Forwarding findElement on session 57d71f7cc4c65468ab06d6f4bbda5c3c to remote] DEBUG org.asynchttpclient.netty.request.NettyRequestSender - Using open Channel [id: 0x2b1e143b, L:/127.0.0.1:49999 - R:localhost/127.0.0.1:62106] for POST '/session/57d71f7cc4c65468ab06d6f4bbda5c3c/element'
18:33:32.989 [AsyncHttpClient-1-2] DEBUG org.asynchttpclient.netty.handler.HttpHandler - 

Request DefaultHttpRequest(decodeResult: success, version: HTTP/1.1)
POST /session/57d71f7cc4c65468ab06d6f4bbda5c3c/element HTTP/1.1
User-Agent: selenium/4.1.4 (java windows)
Content-Length: 92
Content-Type: application/json; charset=utf-8
host: localhost:62106
accept: */*

Response DefaultHttpResponse(decodeResult: success, version: HTTP/1.1)
HTTP/1.1 200 OK
Content-Type: application/json; charset=utf-8
cache-control: no-cache
content-length: 88

18:33:32.989 [AsyncHttpClient-1-2] DEBUG org.asynchttpclient.netty.channel.ChannelManager - Adding key: http://localhost:62106 for channel [id: 0x2b1e143b, L:/127.0.0.1:49999 - R:localhost/127.0.0.1:62106]
18:33:32.990 [Forwarding getElementTagName on session 57d71f7cc4c65468ab06d6f4bbda5c3c to remote] DEBUG org.asynchttpclient.netty.request.NettyRequestSender - Using pooled Channel '[id: 0x2b1e143b, L:/127.0.0.1:49999 - R:localhost/127.0.0.1:62106]' for 'GET' to 'http://localhost:62106/session/57d71f7cc4c65468ab06d6f4bbda5c3c/element/7652c544-855e-452b-aac8-fc764438ccee/name'
18:33:32.990 [Forwarding getElementTagName on session 57d71f7cc4c65468ab06d6f4bbda5c3c to remote] DEBUG org.asynchttpclient.netty.request.NettyRequestSender - Using open Channel [id: 0x2b1e143b, L:/127.0.0.1:49999 - R:localhost/127.0.0.1:62106] for GET '/session/57d71f7cc4c65468ab06d6f4bbda5c3c/element/7652c544-855e-452b-aac8-fc764438ccee/name'
18:33:32.995 [AsyncHttpClient-1-2] DEBUG org.asynchttpclient.netty.handler.HttpHandler - 

Request DefaultFullHttpRequest(decodeResult: success, version: HTTP/1.1, content: EmptyByteBufBE)
GET /session/57d71f7cc4c65468ab06d6f4bbda5c3c/element/7652c544-855e-452b-aac8-fc764438ccee/name HTTP/1.1
User-Agent: selenium/4.1.4 (java windows)
Cache-Control: no-cache
Content-Type: application/json; charset=utf-8
host: localhost:62106
accept: */*

Response DefaultHttpResponse(decodeResult: success, version: HTTP/1.1)
HTTP/1.1 200 OK
Content-Type: application/json; charset=utf-8
cache-control: no-cache
content-length: 15

18:33:32.995 [AsyncHttpClient-1-2] DEBUG org.asynchttpclient.netty.channel.ChannelManager - Adding key: http://localhost:62106 for channel [id: 0x2b1e143b, L:/127.0.0.1:49999 - R:localhost/127.0.0.1:62106]
18:33:32.996 [Forwarding getElementTagName on session 57d71f7cc4c65468ab06d6f4bbda5c3c to remote] DEBUG org.asynchttpclient.netty.request.NettyRequestSender - Using pooled Channel '[id: 0x2b1e143b, L:/127.0.0.1:49999 - R:localhost/127.0.0.1:62106]' for 'GET' to 'http://localhost:62106/session/57d71f7cc4c65468ab06d6f4bbda5c3c/element/7652c544-855e-452b-aac8-fc764438ccee/name'
18:33:32.996 [Forwarding getElementTagName on session 57d71f7cc4c65468ab06d6f4bbda5c3c to remote] DEBUG org.asynchttpclient.netty.request.NettyRequestSender - Using open Channel [id: 0x2b1e143b, L:/127.0.0.1:49999 - R:localhost/127.0.0.1:62106] for GET '/session/57d71f7cc4c65468ab06d6f4bbda5c3c/element/7652c544-855e-452b-aac8-fc764438ccee/name'
18:33:33.001 [AsyncHttpClient-1-2] DEBUG org.asynchttpclient.netty.handler.HttpHandler - 

Request DefaultFullHttpRequest(decodeResult: success, version: HTTP/1.1, content: EmptyByteBufBE)
GET /session/57d71f7cc4c65468ab06d6f4bbda5c3c/element/7652c544-855e-452b-aac8-fc764438ccee/name HTTP/1.1
User-Agent: selenium/4.1.4 (java windows)
Cache-Control: no-cache
Content-Type: application/json; charset=utf-8
host: localhost:62106
accept: */*

Response DefaultHttpResponse(decodeResult: success, version: HTTP/1.1)
HTTP/1.1 200 OK
Content-Type: application/json; charset=utf-8
cache-control: no-cache
content-length: 15

18:33:33.001 [AsyncHttpClient-1-2] DEBUG org.asynchttpclient.netty.channel.ChannelManager - Adding key: http://localhost:62106 for channel [id: 0x2b1e143b, L:/127.0.0.1:49999 - R:localhost/127.0.0.1:62106]
18:33:33.003 [Forwarding findElement on session 57d71f7cc4c65468ab06d6f4bbda5c3c to remote] DEBUG org.asynchttpclient.netty.request.NettyRequestSender - Using pooled Channel '[id: 0x2b1e143b, L:/127.0.0.1:49999 - R:localhost/127.0.0.1:62106]' for 'POST' to 'http://localhost:62106/session/57d71f7cc4c65468ab06d6f4bbda5c3c/element'
18:33:33.003 [Forwarding findElement on session 57d71f7cc4c65468ab06d6f4bbda5c3c to remote] DEBUG org.asynchttpclient.netty.request.NettyRequestSender - Using open Channel [id: 0x2b1e143b, L:/127.0.0.1:49999 - R:localhost/127.0.0.1:62106] for POST '/session/57d71f7cc4c65468ab06d6f4bbda5c3c/element'
18:33:33.011 [AsyncHttpClient-1-2] DEBUG org.asynchttpclient.netty.handler.HttpHandler - 

Request DefaultHttpRequest(decodeResult: success, version: HTTP/1.1)
POST /session/57d71f7cc4c65468ab06d6f4bbda5c3c/element HTTP/1.1
User-Agent: selenium/4.1.4 (java windows)
Content-Length: 92
Content-Type: application/json; charset=utf-8
host: localhost:62106
accept: */*

Response DefaultHttpResponse(decodeResult: success, version: HTTP/1.1)
HTTP/1.1 200 OK
Content-Type: application/json; charset=utf-8
cache-control: no-cache
content-length: 88

18:33:33.011 [AsyncHttpClient-1-2] DEBUG org.asynchttpclient.netty.channel.ChannelManager - Adding key: http://localhost:62106 for channel [id: 0x2b1e143b, L:/127.0.0.1:49999 - R:localhost/127.0.0.1:62106]
18:33:33.012 [Forwarding clickElement on session 57d71f7cc4c65468ab06d6f4bbda5c3c to remote] DEBUG org.asynchttpclient.netty.request.NettyRequestSender - Using pooled Channel '[id: 0x2b1e143b, L:/127.0.0.1:49999 - R:localhost/127.0.0.1:62106]' for 'POST' to 'http://localhost:62106/session/57d71f7cc4c65468ab06d6f4bbda5c3c/element/7652c544-855e-452b-aac8-fc764438ccee/click'
18:33:33.012 [Forwarding clickElement on session 57d71f7cc4c65468ab06d6f4bbda5c3c to remote] DEBUG org.asynchttpclient.netty.request.NettyRequestSender - Using open Channel [id: 0x2b1e143b, L:/127.0.0.1:49999 - R:localhost/127.0.0.1:62106] for POST '/session/57d71f7cc4c65468ab06d6f4bbda5c3c/element/7652c544-855e-452b-aac8-fc764438ccee/click'
18:33:33.175 [AsyncHttpClient-1-2] DEBUG org.asynchttpclient.netty.handler.HttpHandler - 

Request DefaultHttpRequest(decodeResult: success, version: HTTP/1.1)
POST /session/57d71f7cc4c65468ab06d6f4bbda5c3c/element/7652c544-855e-452b-aac8-fc764438ccee/click HTTP/1.1
User-Agent: selenium/4.1.4 (java windows)
Content-Length: 50
Content-Type: application/json; charset=utf-8
host: localhost:62106
accept: */*

Response DefaultHttpResponse(decodeResult: success, version: HTTP/1.1)
HTTP/1.1 200 OK
Content-Type: application/json; charset=utf-8
cache-control: no-cache
content-length: 14

18:33:33.175 [AsyncHttpClient-1-2] DEBUG org.asynchttpclient.netty.channel.ChannelManager - Adding key: http://localhost:62106 for channel [id: 0x2b1e143b, L:/127.0.0.1:49999 - R:localhost/127.0.0.1:62106]
18:33:33.181 [Forwarding screenshot on session 57d71f7cc4c65468ab06d6f4bbda5c3c to remote] DEBUG org.asynchttpclient.netty.request.NettyRequestSender - Using pooled Channel '[id: 0x2b1e143b, L:/127.0.0.1:49999 - R:localhost/127.0.0.1:62106]' for 'GET' to 'http://localhost:62106/session/57d71f7cc4c65468ab06d6f4bbda5c3c/screenshot'
18:33:33.181 [Forwarding screenshot on session 57d71f7cc4c65468ab06d6f4bbda5c3c to remote] DEBUG org.asynchttpclient.netty.request.NettyRequestSender - Using open Channel [id: 0x2b1e143b, L:/127.0.0.1:49999 - R:localhost/127.0.0.1:62106] for GET '/session/57d71f7cc4c65468ab06d6f4bbda5c3c/screenshot'
18:33:33.457 [AsyncHttpClient-1-2] DEBUG org.asynchttpclient.netty.handler.HttpHandler - 

Request DefaultFullHttpRequest(decodeResult: success, version: HTTP/1.1, content: EmptyByteBufBE)
GET /session/57d71f7cc4c65468ab06d6f4bbda5c3c/screenshot HTTP/1.1
User-Agent: selenium/4.1.4 (java windows)
Cache-Control: no-cache
Content-Type: application/json; charset=utf-8
host: localhost:62106
accept: */*

Response DefaultHttpResponse(decodeResult: success, version: HTTP/1.1)
HTTP/1.1 200 OK
Content-Type: application/json; charset=utf-8
cache-control: no-cache
content-length: 30864

18:33:33.457 [AsyncHttpClient-1-2] DEBUG org.asynchttpclient.netty.channel.ChannelManager - Adding key: http://localhost:62106 for channel [id: 0x2b1e143b, L:/127.0.0.1:49999 - R:localhost/127.0.0.1:62106]
18:33:33.463 [main] DEBUG net.serenitybdd.core.photography.Darkroom - Send negative for processing for target\site\serenity\d4ce16726ef92d2068c95d8cece4a61e92fb601e5ccd899b915b5708e6c549f3.png
18:33:33.463 [main] DEBUG net.thucydides.core.steps.StepInterceptor - STEP DONE: clickButtonDetail
  &amp#27;[32mAnd &amp#27;[0m&amp#27;[32mClick Detail Patient data&amp#27;[0m                                                  &amp#27;[90m# starter.stepdefinitios.PatientDataSteps.clickDetailPatientData()&amp#27;[0m
18:33:33.464 [Darkroom Processing Line] DEBUG net.serenitybdd.core.photography.DarkroomProcessingLine - Processing screenshot image in /var/screenshots/screenshot-5890326767374909469
18:33:33.464 [Darkroom Processing Line] DEBUG net.serenitybdd.core.photography.DarkroomProcessingLine - Saving screenshot to target\site\serenity\d4ce16726ef92d2068c95d8cece4a61e92fb601e5ccd899b915b5708e6c549f3.png
18:33:33.839 [AsyncHttpClient-1-1] DEBUG org.asynchttpclient.netty.channel.DefaultChannelPool - Entry count for : http://localhost:50000 : 1
18:33:33.839 [AsyncHttpClient-1-1] DEBUG org.asynchttpclient.netty.channel.DefaultChannelPool - Entry count for : http://localhost:62106 : 1
18:33:34.939 [AsyncHttpClient-1-1] DEBUG org.asynchttpclient.netty.channel.DefaultChannelPool - Entry count for : http://localhost:50000 : 1
18:33:34.939 [AsyncHttpClient-1-1] DEBUG org.asynchttpclient.netty.channel.DefaultChannelPool - Entry count for : http://localhost:62106 : 1
18:33:35.023 [Forwarding screenshot on session 57d71f7cc4c65468ab06d6f4bbda5c3c to remote] DEBUG org.asynchttpclient.netty.request.NettyRequestSender - Using pooled Channel '[id: 0x2b1e143b, L:/127.0.0.1:49999 - R:localhost/127.0.0.1:62106]' for 'GET' to 'http://localhost:62106/session/57d71f7cc4c65468ab06d6f4bbda5c3c/screenshot'
18:33:35.023 [Forwarding screenshot on session 57d71f7cc4c65468ab06d6f4bbda5c3c to remote] DEBUG org.asynchttpclient.netty.request.NettyRequestSender - Using open Channel [id: 0x2b1e143b, L:/127.0.0.1:49999 - R:localhost/127.0.0.1:62106] for GET '/session/57d71f7cc4c65468ab06d6f4bbda5c3c/screenshot'
18:33:35.225 [AsyncHttpClient-1-2] DEBUG org.asynchttpclient.netty.handler.HttpHandler - 

Request DefaultFullHttpRequest(decodeResult: success, version: HTTP/1.1, content: EmptyByteBufBE)
GET /session/57d71f7cc4c65468ab06d6f4bbda5c3c/screenshot HTTP/1.1
User-Agent: selenium/4.1.4 (java windows)
Cache-Control: no-cache
Content-Type: application/json; charset=utf-8
host: localhost:62106
accept: */*

Response DefaultHttpResponse(decodeResult: success, version: HTTP/1.1)
HTTP/1.1 200 OK
Content-Type: application/json; charset=utf-8
cache-control: no-cache
content-length: 98128

18:33:35.225 [AsyncHttpClient-1-2] DEBUG org.asynchttpclient.netty.channel.ChannelManager - Adding key: http://localhost:62106 for channel [id: 0x2b1e143b, L:/127.0.0.1:49999 - R:localhost/127.0.0.1:62106]
18:33:35.228 [main] DEBUG net.serenitybdd.core.photography.Darkroom - Send negative for processing for target\site\serenity\61730b553755efc16834da003fa24b4e8b8047554305c4ae560b6e6f81465e0a.png
18:33:35.229 [main] DEBUG net.thucydides.core.steps.StepInterceptor - STARTING STEP: PatientDataSteps.validData - checkValidDataPasien
18:33:35.229 [Darkroom Processing Line] DEBUG net.serenitybdd.core.photography.DarkroomProcessingLine - Processing screenshot image in /var/screenshots/screenshot-4861901306533814649
18:33:35.229 [Darkroom Processing Line] DEBUG net.serenitybdd.core.photography.DarkroomProcessingLine - Saving screenshot to target\site\serenity\61730b553755efc16834da003fa24b4e8b8047554305c4ae560b6e6f81465e0a.png
18:33:35.231 [Forwarding findElement on session 57d71f7cc4c65468ab06d6f4bbda5c3c to remote] DEBUG org.asynchttpclient.netty.request.NettyRequestSender - Using pooled Channel '[id: 0x2b1e143b, L:/127.0.0.1:49999 - R:localhost/127.0.0.1:62106]' for 'POST' to 'http://localhost:62106/session/57d71f7cc4c65468ab06d6f4bbda5c3c/element'
18:33:35.231 [Forwarding findElement on session 57d71f7cc4c65468ab06d6f4bbda5c3c to remote] DEBUG org.asynchttpclient.netty.request.NettyRequestSender - Using open Channel [id: 0x2b1e143b, L:/127.0.0.1:49999 - R:localhost/127.0.0.1:62106] for POST '/session/57d71f7cc4c65468ab06d6f4bbda5c3c/element'
18:33:35.243 [AsyncHttpClient-1-2] DEBUG org.asynchttpclient.netty.handler.HttpHandler - 

Request DefaultHttpRequest(decodeResult: success, version: HTTP/1.1)
POST /session/57d71f7cc4c65468ab06d6f4bbda5c3c/element HTTP/1.1
User-Agent: selenium/4.1.4 (java windows)
Content-Length: 95
Content-Type: application/json; charset=utf-8
host: localhost:62106
accept: */*

Response DefaultHttpResponse(decodeResult: success, version: HTTP/1.1)
HTTP/1.1 200 OK
Content-Type: application/json; charset=utf-8
cache-control: no-cache
content-length: 88

18:33:35.243 [AsyncHttpClient-1-2] DEBUG org.asynchttpclient.netty.channel.ChannelManager - Adding key: http://localhost:62106 for channel [id: 0x2b1e143b, L:/127.0.0.1:49999 - R:localhost/127.0.0.1:62106]
18:33:35.244 [Forwarding isElementEnabled on session 57d71f7cc4c65468ab06d6f4bbda5c3c to remote] DEBUG org.asynchttpclient.netty.request.NettyRequestSender - Using pooled Channel '[id: 0x2b1e143b, L:/127.0.0.1:49999 - R:localhost/127.0.0.1:62106]' for 'GET' to 'http://localhost:62106/session/57d71f7cc4c65468ab06d6f4bbda5c3c/element/0a260def-75ef-4ece-8af4-45451f2cc957/enabled'
18:33:35.244 [Forwarding isElementEnabled on session 57d71f7cc4c65468ab06d6f4bbda5c3c to remote] DEBUG org.asynchttpclient.netty.request.NettyRequestSender - Using open Channel [id: 0x2b1e143b, L:/127.0.0.1:49999 - R:localhost/127.0.0.1:62106] for GET '/session/57d71f7cc4c65468ab06d6f4bbda5c3c/element/0a260def-75ef-4ece-8af4-45451f2cc957/enabled'
18:33:35.253 [AsyncHttpClient-1-2] DEBUG org.asynchttpclient.netty.handler.HttpHandler - 

Request DefaultFullHttpRequest(decodeResult: success, version: HTTP/1.1, content: EmptyByteBufBE)
GET /session/57d71f7cc4c65468ab06d6f4bbda5c3c/element/0a260def-75ef-4ece-8af4-45451f2cc957/enabled HTTP/1.1
User-Agent: selenium/4.1.4 (java windows)
Cache-Control: no-cache
Content-Type: application/json; charset=utf-8
host: localhost:62106
accept: */*

Response DefaultHttpResponse(decodeResult: success, version: HTTP/1.1)
HTTP/1.1 200 OK
Content-Type: application/json; charset=utf-8
cache-control: no-cache
content-length: 14

18:33:35.253 [AsyncHttpClient-1-2] DEBUG org.asynchttpclient.netty.channel.ChannelManager - Adding key: http://localhost:62106 for channel [id: 0x2b1e143b, L:/127.0.0.1:49999 - R:localhost/127.0.0.1:62106]
18:33:35.256 [main] DEBUG net.thucydides.core.steps.StepInterceptor - STEP DONE: checkValidDataPasien
  &amp#27;[32mAnd &amp#27;[0m&amp#27;[32mValid data detail pasien&amp#27;[0m                                                   &amp#27;[90m# starter.stepdefinitios.PatientDataSteps.validData()&amp#27;[0m
18:33:36.036 [AsyncHttpClient-1-1] DEBUG org.asynchttpclient.netty.channel.DefaultChannelPool - Entry count for : http://localhost:50000 : 1
18:33:36.036 [AsyncHttpClient-1-1] DEBUG org.asynchttpclient.netty.channel.DefaultChannelPool - Entry count for : http://localhost:62106 : 1
18:33:37.140 [AsyncHttpClient-1-1] DEBUG org.asynchttpclient.netty.channel.DefaultChannelPool - Entry count for : http://localhost:50000 : 1
18:33:37.140 [AsyncHttpClient-1-1] DEBUG org.asynchttpclient.netty.channel.DefaultChannelPool - Entry count for : http://localhost:62106 : 1
18:33:38.236 [AsyncHttpClient-1-1] DEBUG org.asynchttpclient.netty.channel.DefaultChannelPool - Entry count for : http://localhost:50000 : 1
18:33:38.236 [AsyncHttpClient-1-1] DEBUG org.asynchttpclient.netty.channel.DefaultChannelPool - Entry count for : http://localhost:62106 : 1
18:33:38.282 [Forwarding screenshot on session 57d71f7cc4c65468ab06d6f4bbda5c3c to remote] DEBUG org.asynchttpclient.netty.request.NettyRequestSender - Using pooled Channel '[id: 0x2b1e143b, L:/127.0.0.1:49999 - R:localhost/127.0.0.1:62106]' for 'GET' to 'http://localhost:62106/session/57d71f7cc4c65468ab06d6f4bbda5c3c/screenshot'
18:33:38.282 [Forwarding screenshot on session 57d71f7cc4c65468ab06d6f4bbda5c3c to remote] DEBUG org.asynchttpclient.netty.request.NettyRequestSender - Using open Channel [id: 0x2b1e143b, L:/127.0.0.1:49999 - R:localhost/127.0.0.1:62106] for GET '/session/57d71f7cc4c65468ab06d6f4bbda5c3c/screenshot'
18:33:38.545 [AsyncHttpClient-1-2] DEBUG org.asynchttpclient.netty.handler.HttpHandler - 

Request DefaultFullHttpRequest(decodeResult: success, version: HTTP/1.1, content: EmptyByteBufBE)
GET /session/57d71f7cc4c65468ab06d6f4bbda5c3c/screenshot HTTP/1.1
User-Agent: selenium/4.1.4 (java windows)
Cache-Control: no-cache
Content-Type: application/json; charset=utf-8
host: localhost:62106
accept: */*

Response DefaultHttpResponse(decodeResult: success, version: HTTP/1.1)
HTTP/1.1 200 OK
Content-Type: application/json; charset=utf-8
cache-control: no-cache
content-length: 184460

18:33:38.545 [AsyncHttpClient-1-2] DEBUG org.asynchttpclient.netty.channel.ChannelManager - Adding key: http://localhost:62106 for channel [id: 0x2b1e143b, L:/127.0.0.1:49999 - R:localhost/127.0.0.1:62106]
18:33:38.547 [main] DEBUG net.serenitybdd.core.photography.Darkroom - Send negative for processing for target\site\serenity\783f65bc43a11aa75c46e00e8b1976fbd5b9e161df45c72dfe094a592790b6de.png
18:33:38.547 [main] DEBUG net.thucydides.core.steps.StepInterceptor - STARTING STEP: PatientDataSteps.clickButtonEditProfil - clickButtonEditDataPasien
18:33:38.547 [Darkroom Processing Line] DEBUG net.serenitybdd.core.photography.DarkroomProcessingLine - Processing screenshot image in /var/screenshots/screenshot-16021855416458908650
18:33:38.547 [Darkroom Processing Line] DEBUG net.serenitybdd.core.photography.DarkroomProcessingLine - Saving screenshot to target\site\serenity\783f65bc43a11aa75c46e00e8b1976fbd5b9e161df45c72dfe094a592790b6de.png
18:33:38.550 [Forwarding findElement on session 57d71f7cc4c65468ab06d6f4bbda5c3c to remote] DEBUG org.asynchttpclient.netty.request.NettyRequestSender - Using pooled Channel '[id: 0x2b1e143b, L:/127.0.0.1:49999 - R:localhost/127.0.0.1:62106]' for 'POST' to 'http://localhost:62106/session/57d71f7cc4c65468ab06d6f4bbda5c3c/element'
18:33:38.550 [Forwarding findElement on session 57d71f7cc4c65468ab06d6f4bbda5c3c to remote] DEBUG org.asynchttpclient.netty.request.NettyRequestSender - Using open Channel [id: 0x2b1e143b, L:/127.0.0.1:49999 - R:localhost/127.0.0.1:62106] for POST '/session/57d71f7cc4c65468ab06d6f4bbda5c3c/element'
18:33:38.560 [AsyncHttpClient-1-2] DEBUG org.asynchttpclient.netty.handler.HttpHandler - 

Request DefaultHttpRequest(decodeResult: success, version: HTTP/1.1)
POST /session/57d71f7cc4c65468ab06d6f4bbda5c3c/element HTTP/1.1
User-Agent: selenium/4.1.4 (java windows)
Content-Length: 116
Content-Type: application/json; charset=utf-8
host: localhost:62106
accept: */*

Response DefaultHttpResponse(decodeResult: success, version: HTTP/1.1)
HTTP/1.1 200 OK
Content-Type: application/json; charset=utf-8
cache-control: no-cache
content-length: 88

18:33:38.560 [AsyncHttpClient-1-2] DEBUG org.asynchttpclient.netty.channel.ChannelManager - Adding key: http://localhost:62106 for channel [id: 0x2b1e143b, L:/127.0.0.1:49999 - R:localhost/127.0.0.1:62106]
18:33:38.560 [Forwarding getElementTagName on session 57d71f7cc4c65468ab06d6f4bbda5c3c to remote] DEBUG org.asynchttpclient.netty.request.NettyRequestSender - Using pooled Channel '[id: 0x2b1e143b, L:/127.0.0.1:49999 - R:localhost/127.0.0.1:62106]' for 'GET' to 'http://localhost:62106/session/57d71f7cc4c65468ab06d6f4bbda5c3c/element/51c0f67e-9b55-443b-897f-e35bdd1cf6c2/name'
18:33:38.560 [Forwarding getElementTagName on session 57d71f7cc4c65468ab06d6f4bbda5c3c to remote] DEBUG org.asynchttpclient.netty.request.NettyRequestSender - Using open Channel [id: 0x2b1e143b, L:/127.0.0.1:49999 - R:localhost/127.0.0.1:62106] for GET '/session/57d71f7cc4c65468ab06d6f4bbda5c3c/element/51c0f67e-9b55-443b-897f-e35bdd1cf6c2/name'
18:33:38.565 [AsyncHttpClient-1-2] DEBUG org.asynchttpclient.netty.handler.HttpHandler - 

Request DefaultFullHttpRequest(decodeResult: success, version: HTTP/1.1, content: EmptyByteBufBE)
GET /session/57d71f7cc4c65468ab06d6f4bbda5c3c/element/51c0f67e-9b55-443b-897f-e35bdd1cf6c2/name HTTP/1.1
User-Agent: selenium/4.1.4 (java windows)
Cache-Control: no-cache
Content-Type: application/json; charset=utf-8
host: localhost:62106
accept: */*

Response DefaultHttpResponse(decodeResult: success, version: HTTP/1.1)
HTTP/1.1 200 OK
Content-Type: application/json; charset=utf-8
cache-control: no-cache
content-length: 18

18:33:38.565 [AsyncHttpClient-1-2] DEBUG org.asynchttpclient.netty.channel.ChannelManager - Adding key: http://localhost:62106 for channel [id: 0x2b1e143b, L:/127.0.0.1:49999 - R:localhost/127.0.0.1:62106]
18:33:38.566 [Forwarding getElementTagName on session 57d71f7cc4c65468ab06d6f4bbda5c3c to remote] DEBUG org.asynchttpclient.netty.request.NettyRequestSender - Using pooled Channel '[id: 0x2b1e143b, L:/127.0.0.1:49999 - R:localhost/127.0.0.1:62106]' for 'GET' to 'http://localhost:62106/session/57d71f7cc4c65468ab06d6f4bbda5c3c/element/51c0f67e-9b55-443b-897f-e35bdd1cf6c2/name'
18:33:38.566 [Forwarding getElementTagName on session 57d71f7cc4c65468ab06d6f4bbda5c3c to remote] DEBUG org.asynchttpclient.netty.request.NettyRequestSender - Using open Channel [id: 0x2b1e143b, L:/127.0.0.1:49999 - R:localhost/127.0.0.1:62106] for GET '/session/57d71f7cc4c65468ab06d6f4bbda5c3c/element/51c0f67e-9b55-443b-897f-e35bdd1cf6c2/name'
18:33:38.568 [AsyncHttpClient-1-2] DEBUG org.asynchttpclient.netty.handler.HttpHandler - 

Request DefaultFullHttpRequest(decodeResult: success, version: HTTP/1.1, content: EmptyByteBufBE)
GET /session/57d71f7cc4c65468ab06d6f4bbda5c3c/element/51c0f67e-9b55-443b-897f-e35bdd1cf6c2/name HTTP/1.1
User-Agent: selenium/4.1.4 (java windows)
Cache-Control: no-cache
Content-Type: application/json; charset=utf-8
host: localhost:62106
accept: */*

Response DefaultHttpResponse(decodeResult: success, version: HTTP/1.1)
HTTP/1.1 200 OK
Content-Type: application/json; charset=utf-8
cache-control: no-cache
content-length: 18

18:33:38.568 [AsyncHttpClient-1-2] DEBUG org.asynchttpclient.netty.channel.ChannelManager - Adding key: http://localhost:62106 for channel [id: 0x2b1e143b, L:/127.0.0.1:49999 - R:localhost/127.0.0.1:62106]
18:33:38.569 [Forwarding isElementEnabled on session 57d71f7cc4c65468ab06d6f4bbda5c3c to remote] DEBUG org.asynchttpclient.netty.request.NettyRequestSender - Using pooled Channel '[id: 0x2b1e143b, L:/127.0.0.1:49999 - R:localhost/127.0.0.1:62106]' for 'GET' to 'http://localhost:62106/session/57d71f7cc4c65468ab06d6f4bbda5c3c/element/51c0f67e-9b55-443b-897f-e35bdd1cf6c2/enabled'
18:33:38.569 [Forwarding isElementEnabled on session 57d71f7cc4c65468ab06d6f4bbda5c3c to remote] DEBUG org.asynchttpclient.netty.request.NettyRequestSender - Using open Channel [id: 0x2b1e143b, L:/127.0.0.1:49999 - R:localhost/127.0.0.1:62106] for GET '/session/57d71f7cc4c65468ab06d6f4bbda5c3c/element/51c0f67e-9b55-443b-897f-e35bdd1cf6c2/enabled'
18:33:38.576 [AsyncHttpClient-1-2] DEBUG org.asynchttpclient.netty.handler.HttpHandler - 

Request DefaultFullHttpRequest(decodeResult: success, version: HTTP/1.1, content: EmptyByteBufBE)
GET /session/57d71f7cc4c65468ab06d6f4bbda5c3c/element/51c0f67e-9b55-443b-897f-e35bdd1cf6c2/enabled HTTP/1.1
User-Agent: selenium/4.1.4 (java windows)
Cache-Control: no-cache
Content-Type: application/json; charset=utf-8
host: localhost:62106
accept: */*

Response DefaultHttpResponse(decodeResult: success, version: HTTP/1.1)
HTTP/1.1 200 OK
Content-Type: application/json; charset=utf-8
cache-control: no-cache
content-length: 14

18:33:38.576 [AsyncHttpClient-1-2] DEBUG org.asynchttpclient.netty.channel.ChannelManager - Adding key: http://localhost:62106 for channel [id: 0x2b1e143b, L:/127.0.0.1:49999 - R:localhost/127.0.0.1:62106]
18:33:38.578 [Forwarding isElementEnabled on session 57d71f7cc4c65468ab06d6f4bbda5c3c to remote] DEBUG org.asynchttpclient.netty.request.NettyRequestSender - Using pooled Channel '[id: 0x2b1e143b, L:/127.0.0.1:49999 - R:localhost/127.0.0.1:62106]' for 'GET' to 'http://localhost:62106/session/57d71f7cc4c65468ab06d6f4bbda5c3c/element/51c0f67e-9b55-443b-897f-e35bdd1cf6c2/enabled'
18:33:38.578 [Forwarding isElementEnabled on session 57d71f7cc4c65468ab06d6f4bbda5c3c to remote] DEBUG org.asynchttpclient.netty.request.NettyRequestSender - Using open Channel [id: 0x2b1e143b, L:/127.0.0.1:49999 - R:localhost/127.0.0.1:62106] for GET '/session/57d71f7cc4c65468ab06d6f4bbda5c3c/element/51c0f67e-9b55-443b-897f-e35bdd1cf6c2/enabled'
18:33:38.582 [AsyncHttpClient-1-2] DEBUG org.asynchttpclient.netty.handler.HttpHandler - 

Request DefaultFullHttpRequest(decodeResult: success, version: HTTP/1.1, content: EmptyByteBufBE)
GET /session/57d71f7cc4c65468ab06d6f4bbda5c3c/element/51c0f67e-9b55-443b-897f-e35bdd1cf6c2/enabled HTTP/1.1
User-Agent: selenium/4.1.4 (java windows)
Cache-Control: no-cache
Content-Type: application/json; charset=utf-8
host: localhost:62106
accept: */*

Response DefaultHttpResponse(decodeResult: success, version: HTTP/1.1)
HTTP/1.1 200 OK
Content-Type: application/json; charset=utf-8
cache-control: no-cache
content-length: 14

18:33:38.582 [AsyncHttpClient-1-2] DEBUG org.asynchttpclient.netty.channel.ChannelManager - Adding key: http://localhost:62106 for channel [id: 0x2b1e143b, L:/127.0.0.1:49999 - R:localhost/127.0.0.1:62106]
18:33:38.583 [Forwarding findElement on session 57d71f7cc4c65468ab06d6f4bbda5c3c to remote] DEBUG org.asynchttpclient.netty.request.NettyRequestSender - Using pooled Channel '[id: 0x2b1e143b, L:/127.0.0.1:49999 - R:localhost/127.0.0.1:62106]' for 'POST' to 'http://localhost:62106/session/57d71f7cc4c65468ab06d6f4bbda5c3c/element'
18:33:38.583 [Forwarding findElement on session 57d71f7cc4c65468ab06d6f4bbda5c3c to remote] DEBUG org.asynchttpclient.netty.request.NettyRequestSender - Using open Channel [id: 0x2b1e143b, L:/127.0.0.1:49999 - R:localhost/127.0.0.1:62106] for POST '/session/57d71f7cc4c65468ab06d6f4bbda5c3c/element'
18:33:38.588 [AsyncHttpClient-1-2] DEBUG org.asynchttpclient.netty.handler.HttpHandler - 

Request DefaultHttpRequest(decodeResult: success, version: HTTP/1.1)
POST /session/57d71f7cc4c65468ab06d6f4bbda5c3c/element HTTP/1.1
User-Agent: selenium/4.1.4 (java windows)
Content-Length: 116
Content-Type: application/json; charset=utf-8
host: localhost:62106
accept: */*

Response DefaultHttpResponse(decodeResult: success, version: HTTP/1.1)
HTTP/1.1 200 OK
Content-Type: application/json; charset=utf-8
cache-control: no-cache
content-length: 88

18:33:38.588 [AsyncHttpClient-1-2] DEBUG org.asynchttpclient.netty.channel.ChannelManager - Adding key: http://localhost:62106 for channel [id: 0x2b1e143b, L:/127.0.0.1:49999 - R:localhost/127.0.0.1:62106]
18:33:38.589 [Forwarding clickElement on session 57d71f7cc4c65468ab06d6f4bbda5c3c to remote] DEBUG org.asynchttpclient.netty.request.NettyRequestSender - Using pooled Channel '[id: 0x2b1e143b, L:/127.0.0.1:49999 - R:localhost/127.0.0.1:62106]' for 'POST' to 'http://localhost:62106/session/57d71f7cc4c65468ab06d6f4bbda5c3c/element/51c0f67e-9b55-443b-897f-e35bdd1cf6c2/click'
18:33:38.589 [Forwarding clickElement on session 57d71f7cc4c65468ab06d6f4bbda5c3c to remote] DEBUG org.asynchttpclient.netty.request.NettyRequestSender - Using open Channel [id: 0x2b1e143b, L:/127.0.0.1:49999 - R:localhost/127.0.0.1:62106] for POST '/session/57d71f7cc4c65468ab06d6f4bbda5c3c/element/51c0f67e-9b55-443b-897f-e35bdd1cf6c2/click'
18:33:38.677 [AsyncHttpClient-1-2] DEBUG org.asynchttpclient.netty.handler.HttpHandler - 

Request DefaultHttpRequest(decodeResult: success, version: HTTP/1.1)
POST /session/57d71f7cc4c65468ab06d6f4bbda5c3c/element/51c0f67e-9b55-443b-897f-e35bdd1cf6c2/click HTTP/1.1
User-Agent: selenium/4.1.4 (java windows)
Content-Length: 50
Content-Type: application/json; charset=utf-8
host: localhost:62106
accept: */*

Response DefaultHttpResponse(decodeResult: success, version: HTTP/1.1)
HTTP/1.1 200 OK
Content-Type: application/json; charset=utf-8
cache-control: no-cache
content-length: 14

18:33:38.677 [AsyncHttpClient-1-2] DEBUG org.asynchttpclient.netty.channel.ChannelManager - Adding key: http://localhost:62106 for channel [id: 0x2b1e143b, L:/127.0.0.1:49999 - R:localhost/127.0.0.1:62106]
18:33:38.680 [Forwarding screenshot on session 57d71f7cc4c65468ab06d6f4bbda5c3c to remote] DEBUG org.asynchttpclient.netty.request.NettyRequestSender - Using pooled Channel '[id: 0x2b1e143b, L:/127.0.0.1:49999 - R:localhost/127.0.0.1:62106]' for 'GET' to 'http://localhost:62106/session/57d71f7cc4c65468ab06d6f4bbda5c3c/screenshot'
18:33:38.680 [Forwarding screenshot on session 57d71f7cc4c65468ab06d6f4bbda5c3c to remote] DEBUG org.asynchttpclient.netty.request.NettyRequestSender - Using open Channel [id: 0x2b1e143b, L:/127.0.0.1:49999 - R:localhost/127.0.0.1:62106] for GET '/session/57d71f7cc4c65468ab06d6f4bbda5c3c/screenshot'
18:33:38.883 [AsyncHttpClient-1-2] DEBUG org.asynchttpclient.netty.handler.HttpHandler - 

Request DefaultFullHttpRequest(decodeResult: success, version: HTTP/1.1, content: EmptyByteBufBE)
GET /session/57d71f7cc4c65468ab06d6f4bbda5c3c/screenshot HTTP/1.1
User-Agent: selenium/4.1.4 (java windows)
Cache-Control: no-cache
Content-Type: application/json; charset=utf-8
host: localhost:62106
accept: */*

Response DefaultHttpResponse(decodeResult: success, version: HTTP/1.1)
HTTP/1.1 200 OK
Content-Type: application/json; charset=utf-8
cache-control: no-cache
content-length: 188052

18:33:38.883 [AsyncHttpClient-1-2] DEBUG org.asynchttpclient.netty.channel.ChannelManager - Adding key: http://localhost:62106 for channel [id: 0x2b1e143b, L:/127.0.0.1:49999 - R:localhost/127.0.0.1:62106]
18:33:38.885 [main] DEBUG net.serenitybdd.core.photography.Darkroom - Send negative for processing for target\site\serenity\fb16922522b5581995838576e04fbc5bc027831748b87b2f7141b7ead87e7cff.png
18:33:38.885 [main] DEBUG net.thucydides.core.steps.StepInterceptor - STEP DONE: clickButtonEditDataPasien
  &amp#27;[32mAnd &amp#27;[0m&amp#27;[32mClick button edit profil&amp#27;[0m                                                   &amp#27;[90m# starter.stepdefinitios.PatientDataSteps.clickButtonEditProfil()&amp#27;[0m
18:33:38.885 [Darkroom Processing Line] DEBUG net.serenitybdd.core.photography.DarkroomProcessingLine - Processing screenshot image in /var/screenshots/screenshot-8212876120182773356
18:33:38.885 [Darkroom Processing Line] DEBUG net.serenitybdd.core.photography.DarkroomProcessingLine - Saving screenshot to target\site\serenity\fb16922522b5581995838576e04fbc5bc027831748b87b2f7141b7ead87e7cff.png
18:33:39.340 [AsyncHttpClient-1-1] DEBUG org.asynchttpclient.netty.channel.DefaultChannelPool - Entry count for : http://localhost:50000 : 1
18:33:39.340 [AsyncHttpClient-1-1] DEBUG org.asynchttpclient.netty.channel.DefaultChannelPool - Entry count for : http://localhost:62106 : 1
18:33:39.912 [Forwarding screenshot on session 57d71f7cc4c65468ab06d6f4bbda5c3c to remote] DEBUG org.asynchttpclient.netty.request.NettyRequestSender - Using pooled Channel '[id: 0x2b1e143b, L:/127.0.0.1:49999 - R:localhost/127.0.0.1:62106]' for 'GET' to 'http://localhost:62106/session/57d71f7cc4c65468ab06d6f4bbda5c3c/screenshot'
18:33:39.912 [Forwarding screenshot on session 57d71f7cc4c65468ab06d6f4bbda5c3c to remote] DEBUG org.asynchttpclient.netty.request.NettyRequestSender - Using open Channel [id: 0x2b1e143b, L:/127.0.0.1:49999 - R:localhost/127.0.0.1:62106] for GET '/session/57d71f7cc4c65468ab06d6f4bbda5c3c/screenshot'
18:33:40.103 [AsyncHttpClient-1-2] DEBUG org.asynchttpclient.netty.handler.HttpHandler - 

Request DefaultFullHttpRequest(decodeResult: success, version: HTTP/1.1, content: EmptyByteBufBE)
GET /session/57d71f7cc4c65468ab06d6f4bbda5c3c/screenshot HTTP/1.1
User-Agent: selenium/4.1.4 (java windows)
Cache-Control: no-cache
Content-Type: application/json; charset=utf-8
host: localhost:62106
accept: */*

Response DefaultHttpResponse(decodeResult: success, version: HTTP/1.1)
HTTP/1.1 200 OK
Content-Type: application/json; charset=utf-8
cache-control: no-cache
content-length: 208252

18:33:40.103 [AsyncHttpClient-1-2] DEBUG org.asynchttpclient.netty.channel.ChannelManager - Adding key: http://localhost:62106 for channel [id: 0x2b1e143b, L:/127.0.0.1:49999 - R:localhost/127.0.0.1:62106]
18:33:40.105 [main] DEBUG net.serenitybdd.core.photography.Darkroom - Send negative for processing for target\site\serenity\364adc272a0cf0885e736d5f5cc9af85ed715302a25b56e59b2a626adb4305fe.png
18:33:40.105 [main] DEBUG net.thucydides.core.steps.StepInterceptor - STARTING STEP: PatientDataSteps.iInputEditPatient - inputDataPasienEdit
18:33:40.105 [Darkroom Processing Line] DEBUG net.serenitybdd.core.photography.DarkroomProcessingLine - Processing screenshot image in /var/screenshots/screenshot-4811248585059806572
18:33:40.105 [Darkroom Processing Line] DEBUG net.serenitybdd.core.photography.DarkroomProcessingLine - Saving screenshot to target\site\serenity\364adc272a0cf0885e736d5f5cc9af85ed715302a25b56e59b2a626adb4305fe.png
18:33:40.109 [Forwarding findElement on session 57d71f7cc4c65468ab06d6f4bbda5c3c to remote] DEBUG org.asynchttpclient.netty.request.NettyRequestSender - Using pooled Channel '[id: 0x2b1e143b, L:/127.0.0.1:49999 - R:localhost/127.0.0.1:62106]' for 'POST' to 'http://localhost:62106/session/57d71f7cc4c65468ab06d6f4bbda5c3c/element'
18:33:40.109 [Forwarding findElement on session 57d71f7cc4c65468ab06d6f4bbda5c3c to remote] DEBUG org.asynchttpclient.netty.request.NettyRequestSender - Using open Channel [id: 0x2b1e143b, L:/127.0.0.1:49999 - R:localhost/127.0.0.1:62106] for POST '/session/57d71f7cc4c65468ab06d6f4bbda5c3c/element'
18:33:40.119 [AsyncHttpClient-1-2] DEBUG org.asynchttpclient.netty.handler.HttpHandler - 

Request DefaultHttpRequest(decodeResult: success, version: HTTP/1.1)
POST /session/57d71f7cc4c65468ab06d6f4bbda5c3c/element HTTP/1.1
User-Agent: selenium/4.1.4 (java windows)
Content-Length: 72
Content-Type: application/json; charset=utf-8
host: localhost:62106
accept: */*

Response DefaultHttpResponse(decodeResult: success, version: HTTP/1.1)
HTTP/1.1 200 OK
Content-Type: application/json; charset=utf-8
cache-control: no-cache
content-length: 88

18:33:40.119 [AsyncHttpClient-1-2] DEBUG org.asynchttpclient.netty.channel.ChannelManager - Adding key: http://localhost:62106 for channel [id: 0x2b1e143b, L:/127.0.0.1:49999 - R:localhost/127.0.0.1:62106]
18:33:40.120 [Forwarding sendKeysToElement on session 57d71f7cc4c65468ab06d6f4bbda5c3c to remote] DEBUG org.asynchttpclient.netty.request.NettyRequestSender - Using pooled Channel '[id: 0x2b1e143b, L:/127.0.0.1:49999 - R:localhost/127.0.0.1:62106]' for 'POST' to 'http://localhost:62106/session/57d71f7cc4c65468ab06d6f4bbda5c3c/element/4982a808-5bac-4930-b85e-dbe8439ea80b/value'
18:33:40.120 [Forwarding sendKeysToElement on session 57d71f7cc4c65468ab06d6f4bbda5c3c to remote] DEBUG org.asynchttpclient.netty.request.NettyRequestSender - Using open Channel [id: 0x2b1e143b, L:/127.0.0.1:49999 - R:localhost/127.0.0.1:62106] for POST '/session/57d71f7cc4c65468ab06d6f4bbda5c3c/element/4982a808-5bac-4930-b85e-dbe8439ea80b/value'
18:33:40.242 [AsyncHttpClient-1-2] DEBUG org.asynchttpclient.netty.handler.HttpHandler - 

Request DefaultHttpRequest(decodeResult: success, version: HTTP/1.1)
POST /session/57d71f7cc4c65468ab06d6f4bbda5c3c/element/4982a808-5bac-4930-b85e-dbe8439ea80b/value HTTP/1.1
User-Agent: selenium/4.1.4 (java windows)
Content-Length: 169
Content-Type: application/json; charset=utf-8
host: localhost:62106
accept: */*

Response DefaultHttpResponse(decodeResult: success, version: HTTP/1.1)
HTTP/1.1 200 OK
Content-Type: application/json; charset=utf-8
cache-control: no-cache
content-length: 14

18:33:40.242 [AsyncHttpClient-1-2] DEBUG org.asynchttpclient.netty.channel.ChannelManager - Adding key: http://localhost:62106 for channel [id: 0x2b1e143b, L:/127.0.0.1:49999 - R:localhost/127.0.0.1:62106]
18:33:40.243 [Forwarding findElement on session 57d71f7cc4c65468ab06d6f4bbda5c3c to remote] DEBUG org.asynchttpclient.netty.request.NettyRequestSender - Using pooled Channel '[id: 0x2b1e143b, L:/127.0.0.1:49999 - R:localhost/127.0.0.1:62106]' for 'POST' to 'http://localhost:62106/session/57d71f7cc4c65468ab06d6f4bbda5c3c/element'
18:33:40.243 [Forwarding findElement on session 57d71f7cc4c65468ab06d6f4bbda5c3c to remote] DEBUG org.asynchttpclient.netty.request.NettyRequestSender - Using open Channel [id: 0x2b1e143b, L:/127.0.0.1:49999 - R:localhost/127.0.0.1:62106] for POST '/session/57d71f7cc4c65468ab06d6f4bbda5c3c/element'
18:33:40.249 [AsyncHttpClient-1-2] DEBUG org.asynchttpclient.netty.handler.HttpHandler - 

Request DefaultHttpRequest(decodeResult: success, version: HTTP/1.1)
POST /session/57d71f7cc4c65468ab06d6f4bbda5c3c/element HTTP/1.1
User-Agent: selenium/4.1.4 (java windows)
Content-Length: 72
Content-Type: application/json; charset=utf-8
host: localhost:62106
accept: */*

Response DefaultHttpResponse(decodeResult: success, version: HTTP/1.1)
HTTP/1.1 200 OK
Content-Type: application/json; charset=utf-8
cache-control: no-cache
content-length: 88

18:33:40.249 [AsyncHttpClient-1-2] DEBUG org.asynchttpclient.netty.channel.ChannelManager - Adding key: http://localhost:62106 for channel [id: 0x2b1e143b, L:/127.0.0.1:49999 - R:localhost/127.0.0.1:62106]
18:33:40.250 [Forwarding sendKeysToElement on session 57d71f7cc4c65468ab06d6f4bbda5c3c to remote] DEBUG org.asynchttpclient.netty.request.NettyRequestSender - Using pooled Channel '[id: 0x2b1e143b, L:/127.0.0.1:49999 - R:localhost/127.0.0.1:62106]' for 'POST' to 'http://localhost:62106/session/57d71f7cc4c65468ab06d6f4bbda5c3c/element/4982a808-5bac-4930-b85e-dbe8439ea80b/value'
18:33:40.250 [Forwarding sendKeysToElement on session 57d71f7cc4c65468ab06d6f4bbda5c3c to remote] DEBUG org.asynchttpclient.netty.request.NettyRequestSender - Using open Channel [id: 0x2b1e143b, L:/127.0.0.1:49999 - R:localhost/127.0.0.1:62106] for POST '/session/57d71f7cc4c65468ab06d6f4bbda5c3c/element/4982a808-5bac-4930-b85e-dbe8439ea80b/value'
18:33:40.361 [AsyncHttpClient-1-2] DEBUG org.asynchttpclient.netty.handler.HttpHandler - 

Request DefaultHttpRequest(decodeResult: success, version: HTTP/1.1)
POST /session/57d71f7cc4c65468ab06d6f4bbda5c3c/element/4982a808-5bac-4930-b85e-dbe8439ea80b/value HTTP/1.1
User-Agent: selenium/4.1.4 (java windows)
Content-Length: 131
Content-Type: application/json; charset=utf-8
host: localhost:62106
accept: */*

Response DefaultHttpResponse(decodeResult: success, version: HTTP/1.1)
HTTP/1.1 200 OK
Content-Type: application/json; charset=utf-8
cache-control: no-cache
content-length: 14

18:33:40.361 [AsyncHttpClient-1-2] DEBUG org.asynchttpclient.netty.channel.ChannelManager - Adding key: http://localhost:62106 for channel [id: 0x2b1e143b, L:/127.0.0.1:49999 - R:localhost/127.0.0.1:62106]
18:33:40.362 [Forwarding findElement on session 57d71f7cc4c65468ab06d6f4bbda5c3c to remote] DEBUG org.asynchttpclient.netty.request.NettyRequestSender - Using pooled Channel '[id: 0x2b1e143b, L:/127.0.0.1:49999 - R:localhost/127.0.0.1:62106]' for 'POST' to 'http://localhost:62106/session/57d71f7cc4c65468ab06d6f4bbda5c3c/element'
18:33:40.362 [Forwarding findElement on session 57d71f7cc4c65468ab06d6f4bbda5c3c to remote] DEBUG org.asynchttpclient.netty.request.NettyRequestSender - Using open Channel [id: 0x2b1e143b, L:/127.0.0.1:49999 - R:localhost/127.0.0.1:62106] for POST '/session/57d71f7cc4c65468ab06d6f4bbda5c3c/element'
18:33:40.372 [AsyncHttpClient-1-2] DEBUG org.asynchttpclient.netty.handler.HttpHandler - 

Request DefaultHttpRequest(decodeResult: success, version: HTTP/1.1)
POST /session/57d71f7cc4c65468ab06d6f4bbda5c3c/element HTTP/1.1
User-Agent: selenium/4.1.4 (java windows)
Content-Length: 65
Content-Type: application/json; charset=utf-8
host: localhost:62106
accept: */*

Response DefaultHttpResponse(decodeResult: success, version: HTTP/1.1)
HTTP/1.1 200 OK
Content-Type: application/json; charset=utf-8
cache-control: no-cache
content-length: 88

18:33:40.372 [AsyncHttpClient-1-2] DEBUG org.asynchttpclient.netty.channel.ChannelManager - Adding key: http://localhost:62106 for channel [id: 0x2b1e143b, L:/127.0.0.1:49999 - R:localhost/127.0.0.1:62106]
18:33:40.372 [Forwarding sendKeysToElement on session 57d71f7cc4c65468ab06d6f4bbda5c3c to remote] DEBUG org.asynchttpclient.netty.request.NettyRequestSender - Using pooled Channel '[id: 0x2b1e143b, L:/127.0.0.1:49999 - R:localhost/127.0.0.1:62106]' for 'POST' to 'http://localhost:62106/session/57d71f7cc4c65468ab06d6f4bbda5c3c/element/2355c29d-0a98-4b0c-b07c-970f859d0f04/value'
18:33:40.372 [Forwarding sendKeysToElement on session 57d71f7cc4c65468ab06d6f4bbda5c3c to remote] DEBUG org.asynchttpclient.netty.request.NettyRequestSender - Using open Channel [id: 0x2b1e143b, L:/127.0.0.1:49999 - R:localhost/127.0.0.1:62106] for POST '/session/57d71f7cc4c65468ab06d6f4bbda5c3c/element/2355c29d-0a98-4b0c-b07c-970f859d0f04/value'
18:33:40.443 [AsyncHttpClient-1-1] DEBUG org.asynchttpclient.netty.channel.DefaultChannelPool - Entry count for : http://localhost:50000 : 1
18:33:40.521 [AsyncHttpClient-1-2] DEBUG org.asynchttpclient.netty.handler.HttpHandler - 

Request DefaultHttpRequest(decodeResult: success, version: HTTP/1.1)
POST /session/57d71f7cc4c65468ab06d6f4bbda5c3c/element/2355c29d-0a98-4b0c-b07c-970f859d0f04/value HTTP/1.1
User-Agent: selenium/4.1.4 (java windows)
Content-Length: 199
Content-Type: application/json; charset=utf-8
host: localhost:62106
accept: */*

Response DefaultHttpResponse(decodeResult: success, version: HTTP/1.1)
HTTP/1.1 200 OK
Content-Type: application/json; charset=utf-8
cache-control: no-cache
content-length: 14

18:33:40.521 [AsyncHttpClient-1-2] DEBUG org.asynchttpclient.netty.channel.ChannelManager - Adding key: http://localhost:62106 for channel [id: 0x2b1e143b, L:/127.0.0.1:49999 - R:localhost/127.0.0.1:62106]
18:33:40.523 [Forwarding findElement on session 57d71f7cc4c65468ab06d6f4bbda5c3c to remote] DEBUG org.asynchttpclient.netty.request.NettyRequestSender - Using pooled Channel '[id: 0x2b1e143b, L:/127.0.0.1:49999 - R:localhost/127.0.0.1:62106]' for 'POST' to 'http://localhost:62106/session/57d71f7cc4c65468ab06d6f4bbda5c3c/element'
18:33:40.523 [Forwarding findElement on session 57d71f7cc4c65468ab06d6f4bbda5c3c to remote] DEBUG org.asynchttpclient.netty.request.NettyRequestSender - Using open Channel [id: 0x2b1e143b, L:/127.0.0.1:49999 - R:localhost/127.0.0.1:62106] for POST '/session/57d71f7cc4c65468ab06d6f4bbda5c3c/element'
18:33:40.529 [AsyncHttpClient-1-2] DEBUG org.asynchttpclient.netty.handler.HttpHandler - 

Request DefaultHttpRequest(decodeResult: success, version: HTTP/1.1)
POST /session/57d71f7cc4c65468ab06d6f4bbda5c3c/element HTTP/1.1
User-Agent: selenium/4.1.4 (java windows)
Content-Length: 65
Content-Type: application/json; charset=utf-8
host: localhost:62106
accept: */*

Response DefaultHttpResponse(decodeResult: success, version: HTTP/1.1)
HTTP/1.1 200 OK
Content-Type: application/json; charset=utf-8
cache-control: no-cache
content-length: 88

18:33:40.529 [AsyncHttpClient-1-2] DEBUG org.asynchttpclient.netty.channel.ChannelManager - Adding key: http://localhost:62106 for channel [id: 0x2b1e143b, L:/127.0.0.1:49999 - R:localhost/127.0.0.1:62106]
18:33:40.530 [Forwarding sendKeysToElement on session 57d71f7cc4c65468ab06d6f4bbda5c3c to remote] DEBUG org.asynchttpclient.netty.request.NettyRequestSender - Using pooled Channel '[id: 0x2b1e143b, L:/127.0.0.1:49999 - R:localhost/127.0.0.1:62106]' for 'POST' to 'http://localhost:62106/session/57d71f7cc4c65468ab06d6f4bbda5c3c/element/2355c29d-0a98-4b0c-b07c-970f859d0f04/value'
18:33:40.530 [Forwarding sendKeysToElement on session 57d71f7cc4c65468ab06d6f4bbda5c3c to remote] DEBUG org.asynchttpclient.netty.request.NettyRequestSender - Using open Channel [id: 0x2b1e143b, L:/127.0.0.1:49999 - R:localhost/127.0.0.1:62106] for POST '/session/57d71f7cc4c65468ab06d6f4bbda5c3c/element/2355c29d-0a98-4b0c-b07c-970f859d0f04/value'
18:33:40.645 [AsyncHttpClient-1-2] DEBUG org.asynchttpclient.netty.handler.HttpHandler - 

Request DefaultHttpRequest(decodeResult: success, version: HTTP/1.1)
POST /session/57d71f7cc4c65468ab06d6f4bbda5c3c/element/2355c29d-0a98-4b0c-b07c-970f859d0f04/value HTTP/1.1
User-Agent: selenium/4.1.4 (java windows)
Content-Length: 161
Content-Type: application/json; charset=utf-8
host: localhost:62106
accept: */*

Response DefaultHttpResponse(decodeResult: success, version: HTTP/1.1)
HTTP/1.1 200 OK
Content-Type: application/json; charset=utf-8
cache-control: no-cache
content-length: 14

18:33:40.645 [AsyncHttpClient-1-2] DEBUG org.asynchttpclient.netty.channel.ChannelManager - Adding key: http://localhost:62106 for channel [id: 0x2b1e143b, L:/127.0.0.1:49999 - R:localhost/127.0.0.1:62106]
18:33:40.647 [Forwarding findElement on session 57d71f7cc4c65468ab06d6f4bbda5c3c to remote] DEBUG org.asynchttpclient.netty.request.NettyRequestSender - Using pooled Channel '[id: 0x2b1e143b, L:/127.0.0.1:49999 - R:localhost/127.0.0.1:62106]' for 'POST' to 'http://localhost:62106/session/57d71f7cc4c65468ab06d6f4bbda5c3c/element'
18:33:40.647 [Forwarding findElement on session 57d71f7cc4c65468ab06d6f4bbda5c3c to remote] DEBUG org.asynchttpclient.netty.request.NettyRequestSender - Using open Channel [id: 0x2b1e143b, L:/127.0.0.1:49999 - R:localhost/127.0.0.1:62106] for POST '/session/57d71f7cc4c65468ab06d6f4bbda5c3c/element'
18:33:40.657 [AsyncHttpClient-1-2] DEBUG org.asynchttpclient.netty.handler.HttpHandler - 

Request DefaultHttpRequest(decodeResult: success, version: HTTP/1.1)
POST /session/57d71f7cc4c65468ab06d6f4bbda5c3c/element HTTP/1.1
User-Agent: selenium/4.1.4 (java windows)
Content-Length: 66
Content-Type: application/json; charset=utf-8
host: localhost:62106
accept: */*

Response DefaultHttpResponse(decodeResult: success, version: HTTP/1.1)
HTTP/1.1 200 OK
Content-Type: application/json; charset=utf-8
cache-control: no-cache
content-length: 88

18:33:40.658 [AsyncHttpClient-1-2] DEBUG org.asynchttpclient.netty.channel.ChannelManager - Adding key: http://localhost:62106 for channel [id: 0x2b1e143b, L:/127.0.0.1:49999 - R:localhost/127.0.0.1:62106]
18:33:40.658 [Forwarding sendKeysToElement on session 57d71f7cc4c65468ab06d6f4bbda5c3c to remote] DEBUG org.asynchttpclient.netty.request.NettyRequestSender - Using pooled Channel '[id: 0x2b1e143b, L:/127.0.0.1:49999 - R:localhost/127.0.0.1:62106]' for 'POST' to 'http://localhost:62106/session/57d71f7cc4c65468ab06d6f4bbda5c3c/element/0e99a63e-cd4d-47d3-a248-d93b7e25e899/value'
18:33:40.658 [Forwarding sendKeysToElement on session 57d71f7cc4c65468ab06d6f4bbda5c3c to remote] DEBUG org.asynchttpclient.netty.request.NettyRequestSender - Using open Channel [id: 0x2b1e143b, L:/127.0.0.1:49999 - R:localhost/127.0.0.1:62106] for POST '/session/57d71f7cc4c65468ab06d6f4bbda5c3c/element/0e99a63e-cd4d-47d3-a248-d93b7e25e899/value'
18:33:40.843 [AsyncHttpClient-1-2] DEBUG org.asynchttpclient.netty.handler.HttpHandler - 

Request DefaultHttpRequest(decodeResult: success, version: HTTP/1.1)
POST /session/57d71f7cc4c65468ab06d6f4bbda5c3c/element/0e99a63e-cd4d-47d3-a248-d93b7e25e899/value HTTP/1.1
User-Agent: selenium/4.1.4 (java windows)
Content-Length: 229
Content-Type: application/json; charset=utf-8
host: localhost:62106
accept: */*

Response DefaultHttpResponse(decodeResult: success, version: HTTP/1.1)
HTTP/1.1 200 OK
Content-Type: application/json; charset=utf-8
cache-control: no-cache
content-length: 14

18:33:40.843 [AsyncHttpClient-1-2] DEBUG org.asynchttpclient.netty.channel.ChannelManager - Adding key: http://localhost:62106 for channel [id: 0x2b1e143b, L:/127.0.0.1:49999 - R:localhost/127.0.0.1:62106]
18:33:40.843 [Forwarding findElement on session 57d71f7cc4c65468ab06d6f4bbda5c3c to remote] DEBUG org.asynchttpclient.netty.request.NettyRequestSender - Using pooled Channel '[id: 0x2b1e143b, L:/127.0.0.1:49999 - R:localhost/127.0.0.1:62106]' for 'POST' to 'http://localhost:62106/session/57d71f7cc4c65468ab06d6f4bbda5c3c/element'
18:33:40.843 [Forwarding findElement on session 57d71f7cc4c65468ab06d6f4bbda5c3c to remote] DEBUG org.asynchttpclient.netty.request.NettyRequestSender - Using open Channel [id: 0x2b1e143b, L:/127.0.0.1:49999 - R:localhost/127.0.0.1:62106] for POST '/session/57d71f7cc4c65468ab06d6f4bbda5c3c/element'
18:33:40.855 [AsyncHttpClient-1-2] DEBUG org.asynchttpclient.netty.handler.HttpHandler - 

Request DefaultHttpRequest(decodeResult: success, version: HTTP/1.1)
POST /session/57d71f7cc4c65468ab06d6f4bbda5c3c/element HTTP/1.1
User-Agent: selenium/4.1.4 (java windows)
Content-Length: 66
Content-Type: application/json; charset=utf-8
host: localhost:62106
accept: */*

Response DefaultHttpResponse(decodeResult: success, version: HTTP/1.1)
HTTP/1.1 200 OK
Content-Type: application/json; charset=utf-8
cache-control: no-cache
content-length: 88

18:33:40.855 [AsyncHttpClient-1-2] DEBUG org.asynchttpclient.netty.channel.ChannelManager - Adding key: http://localhost:62106 for channel [id: 0x2b1e143b, L:/127.0.0.1:49999 - R:localhost/127.0.0.1:62106]
18:33:40.856 [Forwarding sendKeysToElement on session 57d71f7cc4c65468ab06d6f4bbda5c3c to remote] DEBUG org.asynchttpclient.netty.request.NettyRequestSender - Using pooled Channel '[id: 0x2b1e143b, L:/127.0.0.1:49999 - R:localhost/127.0.0.1:62106]' for 'POST' to 'http://localhost:62106/session/57d71f7cc4c65468ab06d6f4bbda5c3c/element/0e99a63e-cd4d-47d3-a248-d93b7e25e899/value'
18:33:40.856 [Forwarding sendKeysToElement on session 57d71f7cc4c65468ab06d6f4bbda5c3c to remote] DEBUG org.asynchttpclient.netty.request.NettyRequestSender - Using open Channel [id: 0x2b1e143b, L:/127.0.0.1:49999 - R:localhost/127.0.0.1:62106] for POST '/session/57d71f7cc4c65468ab06d6f4bbda5c3c/element/0e99a63e-cd4d-47d3-a248-d93b7e25e899/value'
18:33:41.003 [AsyncHttpClient-1-2] DEBUG org.asynchttpclient.netty.handler.HttpHandler - 

Request DefaultHttpRequest(decodeResult: success, version: HTTP/1.1)
POST /session/57d71f7cc4c65468ab06d6f4bbda5c3c/element/0e99a63e-cd4d-47d3-a248-d93b7e25e899/value HTTP/1.1
User-Agent: selenium/4.1.4 (java windows)
Content-Length: 191
Content-Type: application/json; charset=utf-8
host: localhost:62106
accept: */*

Response DefaultHttpResponse(decodeResult: success, version: HTTP/1.1)
HTTP/1.1 200 OK
Content-Type: application/json; charset=utf-8
cache-control: no-cache
content-length: 14

18:33:41.003 [AsyncHttpClient-1-2] DEBUG org.asynchttpclient.netty.channel.ChannelManager - Adding key: http://localhost:62106 for channel [id: 0x2b1e143b, L:/127.0.0.1:49999 - R:localhost/127.0.0.1:62106]
18:33:41.005 [Forwarding findElement on session 57d71f7cc4c65468ab06d6f4bbda5c3c to remote] DEBUG org.asynchttpclient.netty.request.NettyRequestSender - Using pooled Channel '[id: 0x2b1e143b, L:/127.0.0.1:49999 - R:localhost/127.0.0.1:62106]' for 'POST' to 'http://localhost:62106/session/57d71f7cc4c65468ab06d6f4bbda5c3c/element'
18:33:41.005 [Forwarding findElement on session 57d71f7cc4c65468ab06d6f4bbda5c3c to remote] DEBUG org.asynchttpclient.netty.request.NettyRequestSender - Using open Channel [id: 0x2b1e143b, L:/127.0.0.1:49999 - R:localhost/127.0.0.1:62106] for POST '/session/57d71f7cc4c65468ab06d6f4bbda5c3c/element'
18:33:41.017 [AsyncHttpClient-1-2] DEBUG org.asynchttpclient.netty.handler.HttpHandler - 

Request DefaultHttpRequest(decodeResult: success, version: HTTP/1.1)
POST /session/57d71f7cc4c65468ab06d6f4bbda5c3c/element HTTP/1.1
User-Agent: selenium/4.1.4 (java windows)
Content-Length: 68
Content-Type: application/json; charset=utf-8
host: localhost:62106
accept: */*

Response DefaultHttpResponse(decodeResult: success, version: HTTP/1.1)
HTTP/1.1 200 OK
Content-Type: application/json; charset=utf-8
cache-control: no-cache
content-length: 88

18:33:41.017 [AsyncHttpClient-1-2] DEBUG org.asynchttpclient.netty.channel.ChannelManager - Adding key: http://localhost:62106 for channel [id: 0x2b1e143b, L:/127.0.0.1:49999 - R:localhost/127.0.0.1:62106]
18:33:41.018 [Forwarding sendKeysToElement on session 57d71f7cc4c65468ab06d6f4bbda5c3c to remote] DEBUG org.asynchttpclient.netty.request.NettyRequestSender - Using pooled Channel '[id: 0x2b1e143b, L:/127.0.0.1:49999 - R:localhost/127.0.0.1:62106]' for 'POST' to 'http://localhost:62106/session/57d71f7cc4c65468ab06d6f4bbda5c3c/element/738e354b-5c3f-47f1-80ef-7e4668f68aa6/value'
18:33:41.018 [Forwarding sendKeysToElement on session 57d71f7cc4c65468ab06d6f4bbda5c3c to remote] DEBUG org.asynchttpclient.netty.request.NettyRequestSender - Using open Channel [id: 0x2b1e143b, L:/127.0.0.1:49999 - R:localhost/127.0.0.1:62106] for POST '/session/57d71f7cc4c65468ab06d6f4bbda5c3c/element/738e354b-5c3f-47f1-80ef-7e4668f68aa6/value'
18:33:41.197 [AsyncHttpClient-1-2] DEBUG org.asynchttpclient.netty.handler.HttpHandler - 

Request DefaultHttpRequest(decodeResult: success, version: HTTP/1.1)
POST /session/57d71f7cc4c65468ab06d6f4bbda5c3c/element/738e354b-5c3f-47f1-80ef-7e4668f68aa6/value HTTP/1.1
User-Agent: selenium/4.1.4 (java windows)
Content-Length: 209
Content-Type: application/json; charset=utf-8
host: localhost:62106
accept: */*

Response DefaultHttpResponse(decodeResult: success, version: HTTP/1.1)
HTTP/1.1 200 OK
Content-Type: application/json; charset=utf-8
cache-control: no-cache
content-length: 14

18:33:41.197 [AsyncHttpClient-1-2] DEBUG org.asynchttpclient.netty.channel.ChannelManager - Adding key: http://localhost:62106 for channel [id: 0x2b1e143b, L:/127.0.0.1:49999 - R:localhost/127.0.0.1:62106]
18:33:41.198 [Forwarding findElement on session 57d71f7cc4c65468ab06d6f4bbda5c3c to remote] DEBUG org.asynchttpclient.netty.request.NettyRequestSender - Using pooled Channel '[id: 0x2b1e143b, L:/127.0.0.1:49999 - R:localhost/127.0.0.1:62106]' for 'POST' to 'http://localhost:62106/session/57d71f7cc4c65468ab06d6f4bbda5c3c/element'
18:33:41.198 [Forwarding findElement on session 57d71f7cc4c65468ab06d6f4bbda5c3c to remote] DEBUG org.asynchttpclient.netty.request.NettyRequestSender - Using open Channel [id: 0x2b1e143b, L:/127.0.0.1:49999 - R:localhost/127.0.0.1:62106] for POST '/session/57d71f7cc4c65468ab06d6f4bbda5c3c/element'
18:33:41.213 [AsyncHttpClient-1-2] DEBUG org.asynchttpclient.netty.handler.HttpHandler - 

Request DefaultHttpRequest(decodeResult: success, version: HTTP/1.1)
POST /session/57d71f7cc4c65468ab06d6f4bbda5c3c/element HTTP/1.1
User-Agent: selenium/4.1.4 (java windows)
Content-Length: 68
Content-Type: application/json; charset=utf-8
host: localhost:62106
accept: */*

Response DefaultHttpResponse(decodeResult: success, version: HTTP/1.1)
HTTP/1.1 200 OK
Content-Type: application/json; charset=utf-8
cache-control: no-cache
content-length: 88

18:33:41.213 [AsyncHttpClient-1-2] DEBUG org.asynchttpclient.netty.channel.ChannelManager - Adding key: http://localhost:62106 for channel [id: 0x2b1e143b, L:/127.0.0.1:49999 - R:localhost/127.0.0.1:62106]
18:33:41.214 [Forwarding sendKeysToElement on session 57d71f7cc4c65468ab06d6f4bbda5c3c to remote] DEBUG org.asynchttpclient.netty.request.NettyRequestSender - Using pooled Channel '[id: 0x2b1e143b, L:/127.0.0.1:49999 - R:localhost/127.0.0.1:62106]' for 'POST' to 'http://localhost:62106/session/57d71f7cc4c65468ab06d6f4bbda5c3c/element/738e354b-5c3f-47f1-80ef-7e4668f68aa6/value'
18:33:41.214 [Forwarding sendKeysToElement on session 57d71f7cc4c65468ab06d6f4bbda5c3c to remote] DEBUG org.asynchttpclient.netty.request.NettyRequestSender - Using open Channel [id: 0x2b1e143b, L:/127.0.0.1:49999 - R:localhost/127.0.0.1:62106] for POST '/session/57d71f7cc4c65468ab06d6f4bbda5c3c/element/738e354b-5c3f-47f1-80ef-7e4668f68aa6/value'
18:33:41.321 [AsyncHttpClient-1-2] DEBUG org.asynchttpclient.netty.handler.HttpHandler - 

Request DefaultHttpRequest(decodeResult: success, version: HTTP/1.1)
POST /session/57d71f7cc4c65468ab06d6f4bbda5c3c/element/738e354b-5c3f-47f1-80ef-7e4668f68aa6/value HTTP/1.1
User-Agent: selenium/4.1.4 (java windows)
Content-Length: 171
Content-Type: application/json; charset=utf-8
host: localhost:62106
accept: */*

Response DefaultHttpResponse(decodeResult: success, version: HTTP/1.1)
HTTP/1.1 200 OK
Content-Type: application/json; charset=utf-8
cache-control: no-cache
content-length: 14

18:33:41.321 [AsyncHttpClient-1-2] DEBUG org.asynchttpclient.netty.channel.ChannelManager - Adding key: http://localhost:62106 for channel [id: 0x2b1e143b, L:/127.0.0.1:49999 - R:localhost/127.0.0.1:62106]
18:33:41.323 [Forwarding findElement on session 57d71f7cc4c65468ab06d6f4bbda5c3c to remote] DEBUG org.asynchttpclient.netty.request.NettyRequestSender - Using pooled Channel '[id: 0x2b1e143b, L:/127.0.0.1:49999 - R:localhost/127.0.0.1:62106]' for 'POST' to 'http://localhost:62106/session/57d71f7cc4c65468ab06d6f4bbda5c3c/element'
18:33:41.323 [Forwarding findElement on session 57d71f7cc4c65468ab06d6f4bbda5c3c to remote] DEBUG org.asynchttpclient.netty.request.NettyRequestSender - Using open Channel [id: 0x2b1e143b, L:/127.0.0.1:49999 - R:localhost/127.0.0.1:62106] for POST '/session/57d71f7cc4c65468ab06d6f4bbda5c3c/element'
18:33:41.332 [AsyncHttpClient-1-2] DEBUG org.asynchttpclient.netty.handler.HttpHandler - 

Request DefaultHttpRequest(decodeResult: success, version: HTTP/1.1)
POST /session/57d71f7cc4c65468ab06d6f4bbda5c3c/element HTTP/1.1
User-Agent: selenium/4.1.4 (java windows)
Content-Length: 66
Content-Type: application/json; charset=utf-8
host: localhost:62106
accept: */*

Response DefaultHttpResponse(decodeResult: success, version: HTTP/1.1)
HTTP/1.1 200 OK
Content-Type: application/json; charset=utf-8
cache-control: no-cache
content-length: 88

18:33:41.332 [AsyncHttpClient-1-2] DEBUG org.asynchttpclient.netty.channel.ChannelManager - Adding key: http://localhost:62106 for channel [id: 0x2b1e143b, L:/127.0.0.1:49999 - R:localhost/127.0.0.1:62106]
18:33:41.333 [Forwarding sendKeysToElement on session 57d71f7cc4c65468ab06d6f4bbda5c3c to remote] DEBUG org.asynchttpclient.netty.request.NettyRequestSender - Using pooled Channel '[id: 0x2b1e143b, L:/127.0.0.1:49999 - R:localhost/127.0.0.1:62106]' for 'POST' to 'http://localhost:62106/session/57d71f7cc4c65468ab06d6f4bbda5c3c/element/f95a1b45-5a35-45ce-acb4-bb78bdb50574/value'
18:33:41.333 [Forwarding sendKeysToElement on session 57d71f7cc4c65468ab06d6f4bbda5c3c to remote] DEBUG org.asynchttpclient.netty.request.NettyRequestSender - Using open Channel [id: 0x2b1e143b, L:/127.0.0.1:49999 - R:localhost/127.0.0.1:62106] for POST '/session/57d71f7cc4c65468ab06d6f4bbda5c3c/element/f95a1b45-5a35-45ce-acb4-bb78bdb50574/value'
18:33:41.393 [AsyncHttpClient-1-2] DEBUG org.asynchttpclient.netty.handler.HttpHandler - 

Request DefaultHttpRequest(decodeResult: success, version: HTTP/1.1)
POST /session/57d71f7cc4c65468ab06d6f4bbda5c3c/element/f95a1b45-5a35-45ce-acb4-bb78bdb50574/value HTTP/1.1
User-Agent: selenium/4.1.4 (java windows)
Content-Length: 129
Content-Type: application/json; charset=utf-8
host: localhost:62106
accept: */*

Response DefaultHttpResponse(decodeResult: success, version: HTTP/1.1)
HTTP/1.1 200 OK
Content-Type: application/json; charset=utf-8
cache-control: no-cache
content-length: 14

18:33:41.393 [AsyncHttpClient-1-2] DEBUG org.asynchttpclient.netty.channel.ChannelManager - Adding key: http://localhost:62106 for channel [id: 0x2b1e143b, L:/127.0.0.1:49999 - R:localhost/127.0.0.1:62106]
18:33:41.394 [Forwarding findElement on session 57d71f7cc4c65468ab06d6f4bbda5c3c to remote] DEBUG org.asynchttpclient.netty.request.NettyRequestSender - Using pooled Channel '[id: 0x2b1e143b, L:/127.0.0.1:49999 - R:localhost/127.0.0.1:62106]' for 'POST' to 'http://localhost:62106/session/57d71f7cc4c65468ab06d6f4bbda5c3c/element'
18:33:41.394 [Forwarding findElement on session 57d71f7cc4c65468ab06d6f4bbda5c3c to remote] DEBUG org.asynchttpclient.netty.request.NettyRequestSender - Using open Channel [id: 0x2b1e143b, L:/127.0.0.1:49999 - R:localhost/127.0.0.1:62106] for POST '/session/57d71f7cc4c65468ab06d6f4bbda5c3c/element'
18:33:41.400 [AsyncHttpClient-1-2] DEBUG org.asynchttpclient.netty.handler.HttpHandler - 

Request DefaultHttpRequest(decodeResult: success, version: HTTP/1.1)
POST /session/57d71f7cc4c65468ab06d6f4bbda5c3c/element HTTP/1.1
User-Agent: selenium/4.1.4 (java windows)
Content-Length: 66
Content-Type: application/json; charset=utf-8
host: localhost:62106
accept: */*

Response DefaultHttpResponse(decodeResult: success, version: HTTP/1.1)
HTTP/1.1 200 OK
Content-Type: application/json; charset=utf-8
cache-control: no-cache
content-length: 88

18:33:41.400 [AsyncHttpClient-1-2] DEBUG org.asynchttpclient.netty.channel.ChannelManager - Adding key: http://localhost:62106 for channel [id: 0x2b1e143b, L:/127.0.0.1:49999 - R:localhost/127.0.0.1:62106]
18:33:41.401 [Forwarding sendKeysToElement on session 57d71f7cc4c65468ab06d6f4bbda5c3c to remote] DEBUG org.asynchttpclient.netty.request.NettyRequestSender - Using pooled Channel '[id: 0x2b1e143b, L:/127.0.0.1:49999 - R:localhost/127.0.0.1:62106]' for 'POST' to 'http://localhost:62106/session/57d71f7cc4c65468ab06d6f4bbda5c3c/element/f95a1b45-5a35-45ce-acb4-bb78bdb50574/value'
18:33:41.401 [Forwarding sendKeysToElement on session 57d71f7cc4c65468ab06d6f4bbda5c3c to remote] DEBUG org.asynchttpclient.netty.request.NettyRequestSender - Using open Channel [id: 0x2b1e143b, L:/127.0.0.1:49999 - R:localhost/127.0.0.1:62106] for POST '/session/57d71f7cc4c65468ab06d6f4bbda5c3c/element/f95a1b45-5a35-45ce-acb4-bb78bdb50574/value'
18:33:41.440 [AsyncHttpClient-1-2] DEBUG org.asynchttpclient.netty.handler.HttpHandler - 

Request DefaultHttpRequest(decodeResult: success, version: HTTP/1.1)
POST /session/57d71f7cc4c65468ab06d6f4bbda5c3c/element/f95a1b45-5a35-45ce-acb4-bb78bdb50574/value HTTP/1.1
User-Agent: selenium/4.1.4 (java windows)
Content-Length: 91
Content-Type: application/json; charset=utf-8
host: localhost:62106
accept: */*

Response DefaultHttpResponse(decodeResult: success, version: HTTP/1.1)
HTTP/1.1 200 OK
Content-Type: application/json; charset=utf-8
cache-control: no-cache
content-length: 14

18:33:41.440 [AsyncHttpClient-1-2] DEBUG org.asynchttpclient.netty.channel.ChannelManager - Adding key: http://localhost:62106 for channel [id: 0x2b1e143b, L:/127.0.0.1:49999 - R:localhost/127.0.0.1:62106]
18:33:41.444 [Forwarding screenshot on session 57d71f7cc4c65468ab06d6f4bbda5c3c to remote] DEBUG org.asynchttpclient.netty.request.NettyRequestSender - Using pooled Channel '[id: 0x2b1e143b, L:/127.0.0.1:49999 - R:localhost/127.0.0.1:62106]' for 'GET' to 'http://localhost:62106/session/57d71f7cc4c65468ab06d6f4bbda5c3c/screenshot'
18:33:41.444 [Forwarding screenshot on session 57d71f7cc4c65468ab06d6f4bbda5c3c to remote] DEBUG org.asynchttpclient.netty.request.NettyRequestSender - Using open Channel [id: 0x2b1e143b, L:/127.0.0.1:49999 - R:localhost/127.0.0.1:62106] for GET '/session/57d71f7cc4c65468ab06d6f4bbda5c3c/screenshot'
18:33:41.536 [AsyncHttpClient-1-1] DEBUG org.asynchttpclient.netty.channel.DefaultChannelPool - Entry count for : http://localhost:50000 : 1
18:33:41.711 [AsyncHttpClient-1-2] DEBUG org.asynchttpclient.netty.handler.HttpHandler - 

Request DefaultFullHttpRequest(decodeResult: success, version: HTTP/1.1, content: EmptyByteBufBE)
GET /session/57d71f7cc4c65468ab06d6f4bbda5c3c/screenshot HTTP/1.1
User-Agent: selenium/4.1.4 (java windows)
Cache-Control: no-cache
Content-Type: application/json; charset=utf-8
host: localhost:62106
accept: */*

Response DefaultHttpResponse(decodeResult: success, version: HTTP/1.1)
HTTP/1.1 200 OK
Content-Type: application/json; charset=utf-8
cache-control: no-cache
content-length: 208996

18:33:41.712 [AsyncHttpClient-1-2] DEBUG org.asynchttpclient.netty.channel.ChannelManager - Adding key: http://localhost:62106 for channel [id: 0x2b1e143b, L:/127.0.0.1:49999 - R:localhost/127.0.0.1:62106]
18:33:41.713 [main] DEBUG net.serenitybdd.core.photography.Darkroom - Send negative for processing for target\site\serenity\4255587c0e366fb18133ae5d82ddeacbe2e5e2272fe96e39f89addc915b2718a.png
18:33:41.713 [main] DEBUG net.thucydides.core.steps.StepInterceptor - STEP DONE: inputDataPasienEdit
  &amp#27;[32mThen &amp#27;[0m&amp#27;[32mI input edit &amp#27;[0m&amp#27;[32m&amp#27;[1m"56712"&amp#27;[0m&amp#27;[32m &amp#27;[0m&amp#27;[32m&amp#27;[1m"11221212"&amp#27;[0m&amp#27;[32m &amp#27;[0m&amp#27;[32m&amp#27;[1m"1"&amp#27;[0m&amp#27;[32m &amp#27;[0m&amp#27;[32m&amp#27;[1m"jngasjgxbba"&amp#27;[0m&amp#27;[32m &amp#27;[0m&amp#27;[32m&amp#27;[1m"970194371"&amp#27;[0m&amp#27;[32m patient&amp#27;[0m     &amp#27;[90m# starter.stepdefinitios.PatientDataSteps.iInputEditPatient(java.lang.String,java.lang.String,java.lang.String,java.lang.String,java.lang.String)&amp#27;[0m
18:33:41.713 [Darkroom Processing Line] DEBUG net.serenitybdd.core.photography.DarkroomProcessingLine - Processing screenshot image in /var/screenshots/screenshot-16847043508901792166
18:33:41.713 [Darkroom Processing Line] DEBUG net.serenitybdd.core.photography.DarkroomProcessingLine - Saving screenshot to target\site\serenity\4255587c0e366fb18133ae5d82ddeacbe2e5e2272fe96e39f89addc915b2718a.png
18:33:41.722 [main] DEBUG net.thucydides.core.steps.StepInterceptor - STARTING STEP: PatientDataSteps.iClickButtonJenisKelaminPerempuan - clickPerempuan
18:33:41.730 [Forwarding findElement on session 57d71f7cc4c65468ab06d6f4bbda5c3c to remote] DEBUG org.asynchttpclient.netty.request.NettyRequestSender - Using pooled Channel '[id: 0x2b1e143b, L:/127.0.0.1:49999 - R:localhost/127.0.0.1:62106]' for 'POST' to 'http://localhost:62106/session/57d71f7cc4c65468ab06d6f4bbda5c3c/element'
18:33:41.730 [Forwarding findElement on session 57d71f7cc4c65468ab06d6f4bbda5c3c to remote] DEBUG org.asynchttpclient.netty.request.NettyRequestSender - Using open Channel [id: 0x2b1e143b, L:/127.0.0.1:49999 - R:localhost/127.0.0.1:62106] for POST '/session/57d71f7cc4c65468ab06d6f4bbda5c3c/element'
18:33:41.742 [AsyncHttpClient-1-2] DEBUG org.asynchttpclient.netty.handler.HttpHandler - 

Request DefaultHttpRequest(decodeResult: success, version: HTTP/1.1)
POST /session/57d71f7cc4c65468ab06d6f4bbda5c3c/element HTTP/1.1
User-Agent: selenium/4.1.4 (java windows)
Content-Length: 182
Content-Type: application/json; charset=utf-8
host: localhost:62106
accept: */*

Response DefaultHttpResponse(decodeResult: success, version: HTTP/1.1)
HTTP/1.1 200 OK
Content-Type: application/json; charset=utf-8
cache-control: no-cache
content-length: 88

18:33:41.742 [AsyncHttpClient-1-2] DEBUG org.asynchttpclient.netty.channel.ChannelManager - Adding key: http://localhost:62106 for channel [id: 0x2b1e143b, L:/127.0.0.1:49999 - R:localhost/127.0.0.1:62106]
18:33:41.743 [Forwarding getElementTagName on session 57d71f7cc4c65468ab06d6f4bbda5c3c to remote] DEBUG org.asynchttpclient.netty.request.NettyRequestSender - Using pooled Channel '[id: 0x2b1e143b, L:/127.0.0.1:49999 - R:localhost/127.0.0.1:62106]' for 'GET' to 'http://localhost:62106/session/57d71f7cc4c65468ab06d6f4bbda5c3c/element/6648cb0a-7364-407c-8612-1d004e1f0983/name'
18:33:41.743 [Forwarding getElementTagName on session 57d71f7cc4c65468ab06d6f4bbda5c3c to remote] DEBUG org.asynchttpclient.netty.request.NettyRequestSender - Using open Channel [id: 0x2b1e143b, L:/127.0.0.1:49999 - R:localhost/127.0.0.1:62106] for GET '/session/57d71f7cc4c65468ab06d6f4bbda5c3c/element/6648cb0a-7364-407c-8612-1d004e1f0983/name'
18:33:41.748 [AsyncHttpClient-1-2] DEBUG org.asynchttpclient.netty.handler.HttpHandler - 

Request DefaultFullHttpRequest(decodeResult: success, version: HTTP/1.1, content: EmptyByteBufBE)
GET /session/57d71f7cc4c65468ab06d6f4bbda5c3c/element/6648cb0a-7364-407c-8612-1d004e1f0983/name HTTP/1.1
User-Agent: selenium/4.1.4 (java windows)
Cache-Control: no-cache
Content-Type: application/json; charset=utf-8
host: localhost:62106
accept: */*

Response DefaultHttpResponse(decodeResult: success, version: HTTP/1.1)
HTTP/1.1 200 OK
Content-Type: application/json; charset=utf-8
cache-control: no-cache
content-length: 16

18:33:41.748 [AsyncHttpClient-1-2] DEBUG org.asynchttpclient.netty.channel.ChannelManager - Adding key: http://localhost:62106 for channel [id: 0x2b1e143b, L:/127.0.0.1:49999 - R:localhost/127.0.0.1:62106]
18:33:41.748 [Forwarding getElementTagName on session 57d71f7cc4c65468ab06d6f4bbda5c3c to remote] DEBUG org.asynchttpclient.netty.request.NettyRequestSender - Using pooled Channel '[id: 0x2b1e143b, L:/127.0.0.1:49999 - R:localhost/127.0.0.1:62106]' for 'GET' to 'http://localhost:62106/session/57d71f7cc4c65468ab06d6f4bbda5c3c/element/6648cb0a-7364-407c-8612-1d004e1f0983/name'
18:33:41.748 [Forwarding getElementTagName on session 57d71f7cc4c65468ab06d6f4bbda5c3c to remote] DEBUG org.asynchttpclient.netty.request.NettyRequestSender - Using open Channel [id: 0x2b1e143b, L:/127.0.0.1:49999 - R:localhost/127.0.0.1:62106] for GET '/session/57d71f7cc4c65468ab06d6f4bbda5c3c/element/6648cb0a-7364-407c-8612-1d004e1f0983/name'
18:33:41.753 [AsyncHttpClient-1-2] DEBUG org.asynchttpclient.netty.handler.HttpHandler - 

Request DefaultFullHttpRequest(decodeResult: success, version: HTTP/1.1, content: EmptyByteBufBE)
GET /session/57d71f7cc4c65468ab06d6f4bbda5c3c/element/6648cb0a-7364-407c-8612-1d004e1f0983/name HTTP/1.1
User-Agent: selenium/4.1.4 (java windows)
Cache-Control: no-cache
Content-Type: application/json; charset=utf-8
host: localhost:62106
accept: */*

Response DefaultHttpResponse(decodeResult: success, version: HTTP/1.1)
HTTP/1.1 200 OK
Content-Type: application/json; charset=utf-8
cache-control: no-cache
content-length: 16

18:33:41.753 [AsyncHttpClient-1-2] DEBUG org.asynchttpclient.netty.channel.ChannelManager - Adding key: http://localhost:62106 for channel [id: 0x2b1e143b, L:/127.0.0.1:49999 - R:localhost/127.0.0.1:62106]
18:33:41.754 [Forwarding findElement on session 57d71f7cc4c65468ab06d6f4bbda5c3c to remote] DEBUG org.asynchttpclient.netty.request.NettyRequestSender - Using pooled Channel '[id: 0x2b1e143b, L:/127.0.0.1:49999 - R:localhost/127.0.0.1:62106]' for 'POST' to 'http://localhost:62106/session/57d71f7cc4c65468ab06d6f4bbda5c3c/element'
18:33:41.754 [Forwarding findElement on session 57d71f7cc4c65468ab06d6f4bbda5c3c to remote] DEBUG org.asynchttpclient.netty.request.NettyRequestSender - Using open Channel [id: 0x2b1e143b, L:/127.0.0.1:49999 - R:localhost/127.0.0.1:62106] for POST '/session/57d71f7cc4c65468ab06d6f4bbda5c3c/element'
18:33:41.761 [AsyncHttpClient-1-2] DEBUG org.asynchttpclient.netty.handler.HttpHandler - 

Request DefaultHttpRequest(decodeResult: success, version: HTTP/1.1)
POST /session/57d71f7cc4c65468ab06d6f4bbda5c3c/element HTTP/1.1
User-Agent: selenium/4.1.4 (java windows)
Content-Length: 182
Content-Type: application/json; charset=utf-8
host: localhost:62106
accept: */*

Response DefaultHttpResponse(decodeResult: success, version: HTTP/1.1)
HTTP/1.1 200 OK
Content-Type: application/json; charset=utf-8
cache-control: no-cache
content-length: 88

18:33:41.761 [AsyncHttpClient-1-2] DEBUG org.asynchttpclient.netty.channel.ChannelManager - Adding key: http://localhost:62106 for channel [id: 0x2b1e143b, L:/127.0.0.1:49999 - R:localhost/127.0.0.1:62106]
18:33:41.762 [Forwarding clickElement on session 57d71f7cc4c65468ab06d6f4bbda5c3c to remote] DEBUG org.asynchttpclient.netty.request.NettyRequestSender - Using pooled Channel '[id: 0x2b1e143b, L:/127.0.0.1:49999 - R:localhost/127.0.0.1:62106]' for 'POST' to 'http://localhost:62106/session/57d71f7cc4c65468ab06d6f4bbda5c3c/element/6648cb0a-7364-407c-8612-1d004e1f0983/click'
18:33:41.762 [Forwarding clickElement on session 57d71f7cc4c65468ab06d6f4bbda5c3c to remote] DEBUG org.asynchttpclient.netty.request.NettyRequestSender - Using open Channel [id: 0x2b1e143b, L:/127.0.0.1:49999 - R:localhost/127.0.0.1:62106] for POST '/session/57d71f7cc4c65468ab06d6f4bbda5c3c/element/6648cb0a-7364-407c-8612-1d004e1f0983/click'
18:33:41.828 [AsyncHttpClient-1-2] DEBUG org.asynchttpclient.netty.handler.HttpHandler - 

Request DefaultHttpRequest(decodeResult: success, version: HTTP/1.1)
POST /session/57d71f7cc4c65468ab06d6f4bbda5c3c/element/6648cb0a-7364-407c-8612-1d004e1f0983/click HTTP/1.1
User-Agent: selenium/4.1.4 (java windows)
Content-Length: 50
Content-Type: application/json; charset=utf-8
host: localhost:62106
accept: */*

Response DefaultHttpResponse(decodeResult: success, version: HTTP/1.1)
HTTP/1.1 200 OK
Content-Type: application/json; charset=utf-8
cache-control: no-cache
content-length: 14

18:33:41.828 [AsyncHttpClient-1-2] DEBUG org.asynchttpclient.netty.channel.ChannelManager - Adding key: http://localhost:62106 for channel [id: 0x2b1e143b, L:/127.0.0.1:49999 - R:localhost/127.0.0.1:62106]
18:33:41.836 [Forwarding screenshot on session 57d71f7cc4c65468ab06d6f4bbda5c3c to remote] DEBUG org.asynchttpclient.netty.request.NettyRequestSender - Using pooled Channel '[id: 0x2b1e143b, L:/127.0.0.1:49999 - R:localhost/127.0.0.1:62106]' for 'GET' to 'http://localhost:62106/session/57d71f7cc4c65468ab06d6f4bbda5c3c/screenshot'
18:33:41.836 [Forwarding screenshot on session 57d71f7cc4c65468ab06d6f4bbda5c3c to remote] DEBUG org.asynchttpclient.netty.request.NettyRequestSender - Using open Channel [id: 0x2b1e143b, L:/127.0.0.1:49999 - R:localhost/127.0.0.1:62106] for GET '/session/57d71f7cc4c65468ab06d6f4bbda5c3c/screenshot'
18:33:42.049 [AsyncHttpClient-1-2] DEBUG org.asynchttpclient.netty.handler.HttpHandler - 

Request DefaultFullHttpRequest(decodeResult: success, version: HTTP/1.1, content: EmptyByteBufBE)
GET /session/57d71f7cc4c65468ab06d6f4bbda5c3c/screenshot HTTP/1.1
User-Agent: selenium/4.1.4 (java windows)
Cache-Control: no-cache
Content-Type: application/json; charset=utf-8
host: localhost:62106
accept: */*

Response DefaultHttpResponse(decodeResult: success, version: HTTP/1.1)
HTTP/1.1 200 OK
Content-Type: application/json; charset=utf-8
cache-control: no-cache
content-length: 208440

18:33:42.049 [AsyncHttpClient-1-2] DEBUG org.asynchttpclient.netty.channel.ChannelManager - Adding key: http://localhost:62106 for channel [id: 0x2b1e143b, L:/127.0.0.1:49999 - R:localhost/127.0.0.1:62106]
18:33:42.052 [main] DEBUG net.serenitybdd.core.photography.Darkroom - Send negative for processing for target\site\serenity\9d1257cf11166099f7dfd38d543d948ce55c19bd6aa8a002cddd5cabaf0d9585.png
18:33:42.052 [main] DEBUG net.thucydides.core.steps.StepInterceptor - STEP DONE: clickPerempuan
  &amp#27;[32mAnd &amp#27;[0m&amp#27;[32mI click button jenis kelamin perempuan&amp#27;[0m                                     &amp#27;[90m# starter.stepdefinitios.PatientDataSteps.iClickButtonJenisKelaminPerempuan()&amp#27;[0m
18:33:42.052 [Darkroom Processing Line] DEBUG net.serenitybdd.core.photography.DarkroomProcessingLine - Processing screenshot image in /var/screenshots/screenshot-10366375437162396914
18:33:42.057 [Darkroom Processing Line] DEBUG net.serenitybdd.core.photography.DarkroomProcessingLine - Saving screenshot to target\site\serenity\9d1257cf11166099f7dfd38d543d948ce55c19bd6aa8a002cddd5cabaf0d9585.png
18:33:42.082 [main] DEBUG net.thucydides.core.steps.StepInterceptor - STARTING STEP: PatientDataSteps.clickButtonSimpan - clickButtonSave
18:33:42.085 [Forwarding findElement on session 57d71f7cc4c65468ab06d6f4bbda5c3c to remote] DEBUG org.asynchttpclient.netty.request.NettyRequestSender - Using pooled Channel '[id: 0x2b1e143b, L:/127.0.0.1:49999 - R:localhost/127.0.0.1:62106]' for 'POST' to 'http://localhost:62106/session/57d71f7cc4c65468ab06d6f4bbda5c3c/element'
18:33:42.085 [Forwarding findElement on session 57d71f7cc4c65468ab06d6f4bbda5c3c to remote] DEBUG org.asynchttpclient.netty.request.NettyRequestSender - Using open Channel [id: 0x2b1e143b, L:/127.0.0.1:49999 - R:localhost/127.0.0.1:62106] for POST '/session/57d71f7cc4c65468ab06d6f4bbda5c3c/element'
18:33:42.101 [AsyncHttpClient-1-2] DEBUG org.asynchttpclient.netty.handler.HttpHandler - 

Request DefaultHttpRequest(decodeResult: success, version: HTTP/1.1)
POST /session/57d71f7cc4c65468ab06d6f4bbda5c3c/element HTTP/1.1
User-Agent: selenium/4.1.4 (java windows)
Content-Length: 68
Content-Type: application/json; charset=utf-8
host: localhost:62106
accept: */*

Response DefaultHttpResponse(decodeResult: success, version: HTTP/1.1)
HTTP/1.1 200 OK
Content-Type: application/json; charset=utf-8
cache-control: no-cache
content-length: 88

18:33:42.101 [AsyncHttpClient-1-2] DEBUG org.asynchttpclient.netty.channel.ChannelManager - Adding key: http://localhost:62106 for channel [id: 0x2b1e143b, L:/127.0.0.1:49999 - R:localhost/127.0.0.1:62106]
18:33:42.103 [Forwarding getElementTagName on session 57d71f7cc4c65468ab06d6f4bbda5c3c to remote] DEBUG org.asynchttpclient.netty.request.NettyRequestSender - Using pooled Channel '[id: 0x2b1e143b, L:/127.0.0.1:49999 - R:localhost/127.0.0.1:62106]' for 'GET' to 'http://localhost:62106/session/57d71f7cc4c65468ab06d6f4bbda5c3c/element/4b881156-5112-4b89-b9bc-df7dbdc83747/name'
18:33:42.103 [Forwarding getElementTagName on session 57d71f7cc4c65468ab06d6f4bbda5c3c to remote] DEBUG org.asynchttpclient.netty.request.NettyRequestSender - Using open Channel [id: 0x2b1e143b, L:/127.0.0.1:49999 - R:localhost/127.0.0.1:62106] for GET '/session/57d71f7cc4c65468ab06d6f4bbda5c3c/element/4b881156-5112-4b89-b9bc-df7dbdc83747/name'
18:33:42.109 [AsyncHttpClient-1-2] DEBUG org.asynchttpclient.netty.handler.HttpHandler - 

Request DefaultFullHttpRequest(decodeResult: success, version: HTTP/1.1, content: EmptyByteBufBE)
GET /session/57d71f7cc4c65468ab06d6f4bbda5c3c/element/4b881156-5112-4b89-b9bc-df7dbdc83747/name HTTP/1.1
User-Agent: selenium/4.1.4 (java windows)
Cache-Control: no-cache
Content-Type: application/json; charset=utf-8
host: localhost:62106
accept: */*

Response DefaultHttpResponse(decodeResult: success, version: HTTP/1.1)
HTTP/1.1 200 OK
Content-Type: application/json; charset=utf-8
cache-control: no-cache
content-length: 18

18:33:42.109 [AsyncHttpClient-1-2] DEBUG org.asynchttpclient.netty.channel.ChannelManager - Adding key: http://localhost:62106 for channel [id: 0x2b1e143b, L:/127.0.0.1:49999 - R:localhost/127.0.0.1:62106]
18:33:42.110 [Forwarding getElementTagName on session 57d71f7cc4c65468ab06d6f4bbda5c3c to remote] DEBUG org.asynchttpclient.netty.request.NettyRequestSender - Using pooled Channel '[id: 0x2b1e143b, L:/127.0.0.1:49999 - R:localhost/127.0.0.1:62106]' for 'GET' to 'http://localhost:62106/session/57d71f7cc4c65468ab06d6f4bbda5c3c/element/4b881156-5112-4b89-b9bc-df7dbdc83747/name'
18:33:42.110 [Forwarding getElementTagName on session 57d71f7cc4c65468ab06d6f4bbda5c3c to remote] DEBUG org.asynchttpclient.netty.request.NettyRequestSender - Using open Channel [id: 0x2b1e143b, L:/127.0.0.1:49999 - R:localhost/127.0.0.1:62106] for GET '/session/57d71f7cc4c65468ab06d6f4bbda5c3c/element/4b881156-5112-4b89-b9bc-df7dbdc83747/name'
18:33:42.115 [AsyncHttpClient-1-2] DEBUG org.asynchttpclient.netty.handler.HttpHandler - 

Request DefaultFullHttpRequest(decodeResult: success, version: HTTP/1.1, content: EmptyByteBufBE)
GET /session/57d71f7cc4c65468ab06d6f4bbda5c3c/element/4b881156-5112-4b89-b9bc-df7dbdc83747/name HTTP/1.1
User-Agent: selenium/4.1.4 (java windows)
Cache-Control: no-cache
Content-Type: application/json; charset=utf-8
host: localhost:62106
accept: */*

Response DefaultHttpResponse(decodeResult: success, version: HTTP/1.1)
HTTP/1.1 200 OK
Content-Type: application/json; charset=utf-8
cache-control: no-cache
content-length: 18

18:33:42.115 [AsyncHttpClient-1-2] DEBUG org.asynchttpclient.netty.channel.ChannelManager - Adding key: http://localhost:62106 for channel [id: 0x2b1e143b, L:/127.0.0.1:49999 - R:localhost/127.0.0.1:62106]
18:33:42.117 [Forwarding isElementEnabled on session 57d71f7cc4c65468ab06d6f4bbda5c3c to remote] DEBUG org.asynchttpclient.netty.request.NettyRequestSender - Using pooled Channel '[id: 0x2b1e143b, L:/127.0.0.1:49999 - R:localhost/127.0.0.1:62106]' for 'GET' to 'http://localhost:62106/session/57d71f7cc4c65468ab06d6f4bbda5c3c/element/4b881156-5112-4b89-b9bc-df7dbdc83747/enabled'
18:33:42.117 [Forwarding isElementEnabled on session 57d71f7cc4c65468ab06d6f4bbda5c3c to remote] DEBUG org.asynchttpclient.netty.request.NettyRequestSender - Using open Channel [id: 0x2b1e143b, L:/127.0.0.1:49999 - R:localhost/127.0.0.1:62106] for GET '/session/57d71f7cc4c65468ab06d6f4bbda5c3c/element/4b881156-5112-4b89-b9bc-df7dbdc83747/enabled'
18:33:42.129 [AsyncHttpClient-1-2] DEBUG org.asynchttpclient.netty.handler.HttpHandler - 

Request DefaultFullHttpRequest(decodeResult: success, version: HTTP/1.1, content: EmptyByteBufBE)
GET /session/57d71f7cc4c65468ab06d6f4bbda5c3c/element/4b881156-5112-4b89-b9bc-df7dbdc83747/enabled HTTP/1.1
User-Agent: selenium/4.1.4 (java windows)
Cache-Control: no-cache
Content-Type: application/json; charset=utf-8
host: localhost:62106
accept: */*

Response DefaultHttpResponse(decodeResult: success, version: HTTP/1.1)
HTTP/1.1 200 OK
Content-Type: application/json; charset=utf-8
cache-control: no-cache
content-length: 14

18:33:42.129 [AsyncHttpClient-1-2] DEBUG org.asynchttpclient.netty.channel.ChannelManager - Adding key: http://localhost:62106 for channel [id: 0x2b1e143b, L:/127.0.0.1:49999 - R:localhost/127.0.0.1:62106]
18:33:42.130 [Forwarding isElementEnabled on session 57d71f7cc4c65468ab06d6f4bbda5c3c to remote] DEBUG org.asynchttpclient.netty.request.NettyRequestSender - Using pooled Channel '[id: 0x2b1e143b, L:/127.0.0.1:49999 - R:localhost/127.0.0.1:62106]' for 'GET' to 'http://localhost:62106/session/57d71f7cc4c65468ab06d6f4bbda5c3c/element/4b881156-5112-4b89-b9bc-df7dbdc83747/enabled'
18:33:42.130 [Forwarding isElementEnabled on session 57d71f7cc4c65468ab06d6f4bbda5c3c to remote] DEBUG org.asynchttpclient.netty.request.NettyRequestSender - Using open Channel [id: 0x2b1e143b, L:/127.0.0.1:49999 - R:localhost/127.0.0.1:62106] for GET '/session/57d71f7cc4c65468ab06d6f4bbda5c3c/element/4b881156-5112-4b89-b9bc-df7dbdc83747/enabled'
18:33:42.139 [AsyncHttpClient-1-2] DEBUG org.asynchttpclient.netty.handler.HttpHandler - 

Request DefaultFullHttpRequest(decodeResult: success, version: HTTP/1.1, content: EmptyByteBufBE)
GET /session/57d71f7cc4c65468ab06d6f4bbda5c3c/element/4b881156-5112-4b89-b9bc-df7dbdc83747/enabled HTTP/1.1
User-Agent: selenium/4.1.4 (java windows)
Cache-Control: no-cache
Content-Type: application/json; charset=utf-8
host: localhost:62106
accept: */*

Response DefaultHttpResponse(decodeResult: success, version: HTTP/1.1)
HTTP/1.1 200 OK
Content-Type: application/json; charset=utf-8
cache-control: no-cache
content-length: 14

18:33:42.139 [AsyncHttpClient-1-2] DEBUG org.asynchttpclient.netty.channel.ChannelManager - Adding key: http://localhost:62106 for channel [id: 0x2b1e143b, L:/127.0.0.1:49999 - R:localhost/127.0.0.1:62106]
18:33:42.141 [Forwarding findElement on session 57d71f7cc4c65468ab06d6f4bbda5c3c to remote] DEBUG org.asynchttpclient.netty.request.NettyRequestSender - Using pooled Channel '[id: 0x2b1e143b, L:/127.0.0.1:49999 - R:localhost/127.0.0.1:62106]' for 'POST' to 'http://localhost:62106/session/57d71f7cc4c65468ab06d6f4bbda5c3c/element'
18:33:42.141 [Forwarding findElement on session 57d71f7cc4c65468ab06d6f4bbda5c3c to remote] DEBUG org.asynchttpclient.netty.request.NettyRequestSender - Using open Channel [id: 0x2b1e143b, L:/127.0.0.1:49999 - R:localhost/127.0.0.1:62106] for POST '/session/57d71f7cc4c65468ab06d6f4bbda5c3c/element'
18:33:42.153 [AsyncHttpClient-1-2] DEBUG org.asynchttpclient.netty.handler.HttpHandler - 

Request DefaultHttpRequest(decodeResult: success, version: HTTP/1.1)
POST /session/57d71f7cc4c65468ab06d6f4bbda5c3c/element HTTP/1.1
User-Agent: selenium/4.1.4 (java windows)
Content-Length: 68
Content-Type: application/json; charset=utf-8
host: localhost:62106
accept: */*

Response DefaultHttpResponse(decodeResult: success, version: HTTP/1.1)
HTTP/1.1 200 OK
Content-Type: application/json; charset=utf-8
cache-control: no-cache
content-length: 88

18:33:42.153 [AsyncHttpClient-1-2] DEBUG org.asynchttpclient.netty.channel.ChannelManager - Adding key: http://localhost:62106 for channel [id: 0x2b1e143b, L:/127.0.0.1:49999 - R:localhost/127.0.0.1:62106]
18:33:42.154 [Forwarding clickElement on session 57d71f7cc4c65468ab06d6f4bbda5c3c to remote] DEBUG org.asynchttpclient.netty.request.NettyRequestSender - Using pooled Channel '[id: 0x2b1e143b, L:/127.0.0.1:49999 - R:localhost/127.0.0.1:62106]' for 'POST' to 'http://localhost:62106/session/57d71f7cc4c65468ab06d6f4bbda5c3c/element/4b881156-5112-4b89-b9bc-df7dbdc83747/click'
18:33:42.154 [Forwarding clickElement on session 57d71f7cc4c65468ab06d6f4bbda5c3c to remote] DEBUG org.asynchttpclient.netty.request.NettyRequestSender - Using open Channel [id: 0x2b1e143b, L:/127.0.0.1:49999 - R:localhost/127.0.0.1:62106] for POST '/session/57d71f7cc4c65468ab06d6f4bbda5c3c/element/4b881156-5112-4b89-b9bc-df7dbdc83747/click'
18:33:42.262 [AsyncHttpClient-1-2] DEBUG org.asynchttpclient.netty.handler.HttpHandler - 

Request DefaultHttpRequest(decodeResult: success, version: HTTP/1.1)
POST /session/57d71f7cc4c65468ab06d6f4bbda5c3c/element/4b881156-5112-4b89-b9bc-df7dbdc83747/click HTTP/1.1
User-Agent: selenium/4.1.4 (java windows)
Content-Length: 50
Content-Type: application/json; charset=utf-8
host: localhost:62106
accept: */*

Response DefaultHttpResponse(decodeResult: success, version: HTTP/1.1)
HTTP/1.1 200 OK
Content-Type: application/json; charset=utf-8
cache-control: no-cache
content-length: 14

18:33:42.262 [AsyncHttpClient-1-2] DEBUG org.asynchttpclient.netty.channel.ChannelManager - Adding key: http://localhost:62106 for channel [id: 0x2b1e143b, L:/127.0.0.1:49999 - R:localhost/127.0.0.1:62106]
18:33:42.264 [Forwarding screenshot on session 57d71f7cc4c65468ab06d6f4bbda5c3c to remote] DEBUG org.asynchttpclient.netty.request.NettyRequestSender - Using pooled Channel '[id: 0x2b1e143b, L:/127.0.0.1:49999 - R:localhost/127.0.0.1:62106]' for 'GET' to 'http://localhost:62106/session/57d71f7cc4c65468ab06d6f4bbda5c3c/screenshot'
18:33:42.264 [Forwarding screenshot on session 57d71f7cc4c65468ab06d6f4bbda5c3c to remote] DEBUG org.asynchttpclient.netty.request.NettyRequestSender - Using open Channel [id: 0x2b1e143b, L:/127.0.0.1:49999 - R:localhost/127.0.0.1:62106] for GET '/session/57d71f7cc4c65468ab06d6f4bbda5c3c/screenshot'
18:33:42.585 [AsyncHttpClient-1-2] DEBUG org.asynchttpclient.netty.handler.HttpHandler - 

Request DefaultFullHttpRequest(decodeResult: success, version: HTTP/1.1, content: EmptyByteBufBE)
GET /session/57d71f7cc4c65468ab06d6f4bbda5c3c/screenshot HTTP/1.1
User-Agent: selenium/4.1.4 (java windows)
Cache-Control: no-cache
Content-Type: application/json; charset=utf-8
host: localhost:62106
accept: */*

Response DefaultHttpResponse(decodeResult: success, version: HTTP/1.1)
HTTP/1.1 200 OK
Content-Type: application/json; charset=utf-8
cache-control: no-cache
content-length: 215736

18:33:42.585 [AsyncHttpClient-1-2] DEBUG org.asynchttpclient.netty.channel.ChannelManager - Adding key: http://localhost:62106 for channel [id: 0x2b1e143b, L:/127.0.0.1:49999 - R:localhost/127.0.0.1:62106]
18:33:42.594 [main] DEBUG net.serenitybdd.core.photography.Darkroom - Send negative for processing for target\site\serenity\4dd42a061cba633b1b40e78d4e6708beb95084904ff77cb91ff5d5b58481208d.png
18:33:42.594 [main] DEBUG net.thucydides.core.steps.StepInterceptor - STEP DONE: clickButtonSave
18:33:42.594 [Darkroom Processing Line] DEBUG net.serenitybdd.core.photography.DarkroomProcessingLine - Processing screenshot image in /var/screenshots/screenshot-10225907800063529513
18:33:42.594 [Darkroom Processing Line] DEBUG net.serenitybdd.core.photography.DarkroomProcessingLine - Saving screenshot to target\site\serenity\4dd42a061cba633b1b40e78d4e6708beb95084904ff77cb91ff5d5b58481208d.png
18:33:42.635 [AsyncHttpClient-1-1] DEBUG org.asynchttpclient.netty.channel.DefaultChannelPool - Entry count for : http://localhost:50000 : 1
18:33:42.635 [AsyncHttpClient-1-1] DEBUG org.asynchttpclient.netty.channel.DefaultChannelPool - Entry count for : http://localhost:62106 : 1
  &amp#27;[32mAnd &amp#27;[0m&amp#27;[32mClick button simpan&amp#27;[0m                                                        &amp#27;[90m# starter.stepdefinitios.PatientDataSteps.clickButtonSimpan()&amp#27;[0m
18:33:43.607 [Forwarding screenshot on session 57d71f7cc4c65468ab06d6f4bbda5c3c to remote] DEBUG org.asynchttpclient.netty.request.NettyRequestSender - Using pooled Channel '[id: 0x2b1e143b, L:/127.0.0.1:49999 - R:localhost/127.0.0.1:62106]' for 'GET' to 'http://localhost:62106/session/57d71f7cc4c65468ab06d6f4bbda5c3c/screenshot'
18:33:43.607 [Forwarding screenshot on session 57d71f7cc4c65468ab06d6f4bbda5c3c to remote] DEBUG org.asynchttpclient.netty.request.NettyRequestSender - Using open Channel [id: 0x2b1e143b, L:/127.0.0.1:49999 - R:localhost/127.0.0.1:62106] for GET '/session/57d71f7cc4c65468ab06d6f4bbda5c3c/screenshot'
18:33:43.742 [AsyncHttpClient-1-1] DEBUG org.asynchttpclient.netty.channel.DefaultChannelPool - Entry count for : http://localhost:50000 : 1
18:33:43.860 [AsyncHttpClient-1-2] DEBUG org.asynchttpclient.netty.handler.HttpHandler - 

Request DefaultFullHttpRequest(decodeResult: success, version: HTTP/1.1, content: EmptyByteBufBE)
GET /session/57d71f7cc4c65468ab06d6f4bbda5c3c/screenshot HTTP/1.1
User-Agent: selenium/4.1.4 (java windows)
Cache-Control: no-cache
Content-Type: application/json; charset=utf-8
host: localhost:62106
accept: */*

Response DefaultHttpResponse(decodeResult: success, version: HTTP/1.1)
HTTP/1.1 200 OK
Content-Type: application/json; charset=utf-8
cache-control: no-cache
content-length: 215684

18:33:43.860 [AsyncHttpClient-1-2] DEBUG org.asynchttpclient.netty.channel.ChannelManager - Adding key: http://localhost:62106 for channel [id: 0x2b1e143b, L:/127.0.0.1:49999 - R:localhost/127.0.0.1:62106]
18:33:43.864 [main] DEBUG net.serenitybdd.core.photography.Darkroom - Send negative for processing for target\site\serenity\fe3933894386159ee0da783772e85378566cff7fe8d2e60c47f2a78ad0162036.png
18:33:43.864 [Darkroom Processing Line] DEBUG net.serenitybdd.core.photography.DarkroomProcessingLine - Processing screenshot image in /var/screenshots/screenshot-12982457507740628711
18:33:43.864 [Darkroom Processing Line] DEBUG net.serenitybdd.core.photography.DarkroomProcessingLine - Saving screenshot to target\site\serenity\fe3933894386159ee0da783772e85378566cff7fe8d2e60c47f2a78ad0162036.png
18:33:44.837 [AsyncHttpClient-1-1] DEBUG org.asynchttpclient.netty.channel.DefaultChannelPool - Entry count for : http://localhost:50000 : 1
18:33:44.837 [AsyncHttpClient-1-1] DEBUG org.asynchttpclient.netty.channel.DefaultChannelPool - Entry count for : http://localhost:62106 : 1
18:33:44.880 [Forwarding screenshot on session 57d71f7cc4c65468ab06d6f4bbda5c3c to remote] DEBUG org.asynchttpclient.netty.request.NettyRequestSender - Using pooled Channel '[id: 0x2b1e143b, L:/127.0.0.1:49999 - R:localhost/127.0.0.1:62106]' for 'GET' to 'http://localhost:62106/session/57d71f7cc4c65468ab06d6f4bbda5c3c/screenshot'
18:33:44.880 [Forwarding screenshot on session 57d71f7cc4c65468ab06d6f4bbda5c3c to remote] DEBUG org.asynchttpclient.netty.request.NettyRequestSender - Using open Channel [id: 0x2b1e143b, L:/127.0.0.1:49999 - R:localhost/127.0.0.1:62106] for GET '/session/57d71f7cc4c65468ab06d6f4bbda5c3c/screenshot'
18:33:45.072 [AsyncHttpClient-1-2] DEBUG org.asynchttpclient.netty.handler.HttpHandler - 

Request DefaultFullHttpRequest(decodeResult: success, version: HTTP/1.1, content: EmptyByteBufBE)
GET /session/57d71f7cc4c65468ab06d6f4bbda5c3c/screenshot HTTP/1.1
User-Agent: selenium/4.1.4 (java windows)
Cache-Control: no-cache
Content-Type: application/json; charset=utf-8
host: localhost:62106
accept: */*

Response DefaultHttpResponse(decodeResult: success, version: HTTP/1.1)
HTTP/1.1 200 OK
Content-Type: application/json; charset=utf-8
cache-control: no-cache
content-length: 228740

18:33:45.073 [AsyncHttpClient-1-2] DEBUG org.asynchttpclient.netty.channel.ChannelManager - Adding key: http://localhost:62106 for channel [id: 0x2b1e143b, L:/127.0.0.1:49999 - R:localhost/127.0.0.1:62106]
18:33:45.079 [main] DEBUG net.serenitybdd.core.photography.Darkroom - Send negative for processing for target\site\serenity\2323f17780b7da6bd9155fdb2b4299c10195c2eefc35bf5d2ca3866f8850906c.png
18:33:45.079 [main] DEBUG net.thucydides.core.steps.StepInterceptor - STARTING STEP: PatientDataSteps.validateAddErrorMessengerPasien - validateTextMessegerDokter
18:33:45.079 [Darkroom Processing Line] DEBUG net.serenitybdd.core.photography.DarkroomProcessingLine - Processing screenshot image in /var/screenshots/screenshot-4704087113687779489
18:33:45.079 [Darkroom Processing Line] DEBUG net.serenitybdd.core.photography.DarkroomProcessingLine - Saving screenshot to target\site\serenity\2323f17780b7da6bd9155fdb2b4299c10195c2eefc35bf5d2ca3866f8850906c.png
18:33:45.081 [Forwarding findElement on session 57d71f7cc4c65468ab06d6f4bbda5c3c to remote] DEBUG org.asynchttpclient.netty.request.NettyRequestSender - Using pooled Channel '[id: 0x2b1e143b, L:/127.0.0.1:49999 - R:localhost/127.0.0.1:62106]' for 'POST' to 'http://localhost:62106/session/57d71f7cc4c65468ab06d6f4bbda5c3c/element'
18:33:45.081 [Forwarding findElement on session 57d71f7cc4c65468ab06d6f4bbda5c3c to remote] DEBUG org.asynchttpclient.netty.request.NettyRequestSender - Using open Channel [id: 0x2b1e143b, L:/127.0.0.1:49999 - R:localhost/127.0.0.1:62106] for POST '/session/57d71f7cc4c65468ab06d6f4bbda5c3c/element'
18:33:45.091 [AsyncHttpClient-1-2] DEBUG org.asynchttpclient.netty.handler.HttpHandler - 

Request DefaultHttpRequest(decodeResult: success, version: HTTP/1.1)
POST /session/57d71f7cc4c65468ab06d6f4bbda5c3c/element HTTP/1.1
User-Agent: selenium/4.1.4 (java windows)
Content-Length: 143
Content-Type: application/json; charset=utf-8
host: localhost:62106
accept: */*

Response DefaultHttpResponse(decodeResult: success, version: HTTP/1.1)
HTTP/1.1 200 OK
Content-Type: application/json; charset=utf-8
cache-control: no-cache
content-length: 88

18:33:45.091 [AsyncHttpClient-1-2] DEBUG org.asynchttpclient.netty.channel.ChannelManager - Adding key: http://localhost:62106 for channel [id: 0x2b1e143b, L:/127.0.0.1:49999 - R:localhost/127.0.0.1:62106]
18:33:45.091 [Forwarding getElementText on session 57d71f7cc4c65468ab06d6f4bbda5c3c to remote] DEBUG org.asynchttpclient.netty.request.NettyRequestSender - Using pooled Channel '[id: 0x2b1e143b, L:/127.0.0.1:49999 - R:localhost/127.0.0.1:62106]' for 'GET' to 'http://localhost:62106/session/57d71f7cc4c65468ab06d6f4bbda5c3c/element/c58c275a-7b80-43da-b51d-6ebbbf5377ea/text'
18:33:45.091 [Forwarding getElementText on session 57d71f7cc4c65468ab06d6f4bbda5c3c to remote] DEBUG org.asynchttpclient.netty.request.NettyRequestSender - Using open Channel [id: 0x2b1e143b, L:/127.0.0.1:49999 - R:localhost/127.0.0.1:62106] for GET '/session/57d71f7cc4c65468ab06d6f4bbda5c3c/element/c58c275a-7b80-43da-b51d-6ebbbf5377ea/text'
18:33:45.129 [AsyncHttpClient-1-2] DEBUG org.asynchttpclient.netty.handler.HttpHandler - 

Request DefaultFullHttpRequest(decodeResult: success, version: HTTP/1.1, content: EmptyByteBufBE)
GET /session/57d71f7cc4c65468ab06d6f4bbda5c3c/element/c58c275a-7b80-43da-b51d-6ebbbf5377ea/text HTTP/1.1
User-Agent: selenium/4.1.4 (java windows)
Cache-Control: no-cache
Content-Type: application/json; charset=utf-8
host: localhost:62106
accept: */*

Response DefaultHttpResponse(decodeResult: success, version: HTTP/1.1)
HTTP/1.1 200 OK
Content-Type: application/json; charset=utf-8
cache-control: no-cache
content-length: 195

18:33:45.130 [AsyncHttpClient-1-2] DEBUG org.asynchttpclient.netty.channel.ChannelManager - Adding key: http://localhost:62106 for channel [id: 0x2b1e143b, L:/127.0.0.1:49999 - R:localhost/127.0.0.1:62106]
18:33:45.133 [Forwarding screenshot on session 57d71f7cc4c65468ab06d6f4bbda5c3c to remote] DEBUG org.asynchttpclient.netty.request.NettyRequestSender - Using pooled Channel '[id: 0x2b1e143b, L:/127.0.0.1:49999 - R:localhost/127.0.0.1:62106]' for 'GET' to 'http://localhost:62106/session/57d71f7cc4c65468ab06d6f4bbda5c3c/screenshot'
18:33:45.133 [Forwarding screenshot on session 57d71f7cc4c65468ab06d6f4bbda5c3c to remote] DEBUG org.asynchttpclient.netty.request.NettyRequestSender - Using open Channel [id: 0x2b1e143b, L:/127.0.0.1:49999 - R:localhost/127.0.0.1:62106] for GET '/session/57d71f7cc4c65468ab06d6f4bbda5c3c/screenshot'
18:33:45.466 [AsyncHttpClient-1-2] DEBUG org.asynchttpclient.netty.handler.HttpHandler - 

Request DefaultFullHttpRequest(decodeResult: success, version: HTTP/1.1, content: EmptyByteBufBE)
GET /session/57d71f7cc4c65468ab06d6f4bbda5c3c/screenshot HTTP/1.1
User-Agent: selenium/4.1.4 (java windows)
Cache-Control: no-cache
Content-Type: application/json; charset=utf-8
host: localhost:62106
accept: */*

Response DefaultHttpResponse(decodeResult: success, version: HTTP/1.1)
HTTP/1.1 200 OK
Content-Type: application/json; charset=utf-8
cache-control: no-cache
content-length: 392740

18:33:45.466 [AsyncHttpClient-1-2] DEBUG org.asynchttpclient.netty.channel.ChannelManager - Adding key: http://localhost:62106 for channel [id: 0x2b1e143b, L:/127.0.0.1:49999 - R:localhost/127.0.0.1:62106]
18:33:45.486 [main] DEBUG net.serenitybdd.core.photography.Darkroom - Send negative for processing for target\site\serenity\f888885dc531be1b44eec1ab1fedb3092f0da69d6bddfcbe4a97be4e98453a95.png
18:33:45.486 [main] DEBUG net.thucydides.core.steps.StepInterceptor - STEP DONE: validateTextMessegerDokter
  &amp#27;[32mAnd &amp#27;[0m&amp#27;[32mValidate add error messenger &amp#27;[0m&amp#27;[32m&amp#27;[1m""&amp#27;[0m&amp#27;[32m Pasien&amp#27;[0m                                     &amp#27;[90m# starter.stepdefinitios.PatientDataSteps.validateAddErrorMessengerPasien(java.lang.String)&amp#27;[0m
18:33:45.486 [Darkroom Processing Line] DEBUG net.serenitybdd.core.photography.DarkroomProcessingLine - Processing screenshot image in /var/screenshots/screenshot-6929226102814304960
18:33:45.486 [Darkroom Processing Line] DEBUG net.serenitybdd.core.photography.DarkroomProcessingLine - Saving screenshot to target\site\serenity\f888885dc531be1b44eec1ab1fedb3092f0da69d6bddfcbe4a97be4e98453a95.png
18:33:45.508 [AsyncHttpClient-1-4] DEBUG org.asynchttpclient.netty.handler.WebSocketHandler - Channel Closed: [id: 0x2ac912b1, L:/127.0.0.1:50007 ! R:localhost/127.0.0.1:50000] with attribute NettyResponseFuture{currentRetry=5,
	isDone=1,
	isCancelled=0,
	asyncHandler=org.asynchttpclient.ws.WebSocketUpgradeHandler@16e16209,
	nettyRequest=org.asynchttpclient.netty.request.NettyRequest@7e2e1f43,
	future=java.util.concurrent.CompletableFuture@3511ea2[Completed normally],
	uri=ws://localhost:50000/devtools/browser/a31833ea-0d5d-4416-8968-0e41f2e138b4,
	keepAlive=true,
	redirectCount=0,
	timeoutsHolder=null,
	inAuth=0,
	touch=1658057591102}
18:33:45.508 [Driver Command Executor] DEBUG org.asynchttpclient.netty.request.NettyRequestSender - Using pooled Channel '[id: 0x2b1e143b, L:/127.0.0.1:49999 - R:localhost/127.0.0.1:62106]' for 'DELETE' to 'http://localhost:62106/session/57d71f7cc4c65468ab06d6f4bbda5c3c'
18:33:45.508 [Driver Command Executor] DEBUG org.asynchttpclient.netty.request.NettyRequestSender - Using open Channel [id: 0x2b1e143b, L:/127.0.0.1:49999 - R:localhost/127.0.0.1:62106] for DELETE '/session/57d71f7cc4c65468ab06d6f4bbda5c3c'
18:33:45.508 [AsyncHttpClient-1-4] DEBUG org.asynchttpclient.netty.channel.ChannelManager - Closing Channel [id: 0x2ac912b1, L:/127.0.0.1:50007 ! R:localhost/127.0.0.1:50000] 
18:33:45.590 [AsyncHttpClient-1-3] DEBUG org.asynchttpclient.netty.handler.HttpHandler - Unexpected I/O exception on channel [id: 0x4dcfc63d, L:/127.0.0.1:50006 - R:localhost/127.0.0.1:50000]
java.io.IOException: An existing connection was forcibly closed by the remote host
	at java.base/sun.nio.ch.SocketDispatcher.read0(Native Method)
	at java.base/sun.nio.ch.SocketDispatcher.read(SocketDispatcher.java:43)
	at java.base/sun.nio.ch.IOUtil.readIntoNativeBuffer(IOUtil.java:276)
	at java.base/sun.nio.ch.IOUtil.read(IOUtil.java:233)
	at java.base/sun.nio.ch.IOUtil.read(IOUtil.java:223)
	at java.base/sun.nio.ch.SocketChannelImpl.read(SocketChannelImpl.java:356)
	at io.netty.buffer.PooledByteBuf.setBytes(PooledByteBuf.java:258)
	at io.netty.buffer.AbstractByteBuf.writeBytes(AbstractByteBuf.java:1132)
	at io.netty.channel.socket.nio.NioSocketChannel.doReadBytes(NioSocketChannel.java:357)
	at io.netty.channel.nio.AbstractNioByteChannel$NioByteUnsafe.read(AbstractNioByteChannel.java:151)
	at io.netty.channel.nio.NioEventLoop.processSelectedKey(NioEventLoop.java:722)
	at io.netty.channel.nio.NioEventLoop.processSelectedKeysOptimized(NioEventLoop.java:658)
	at io.netty.channel.nio.NioEventLoop.processSelectedKeys(NioEventLoop.java:584)
	at io.netty.channel.nio.NioEventLoop.run(NioEventLoop.java:496)
	at io.netty.util.concurrent.SingleThreadEventExecutor$4.run(SingleThreadEventExecutor.java:986)
	at io.netty.util.internal.ThreadExecutorMap$2.run(ThreadExecutorMap.java:74)
	at io.netty.util.concurrent.FastThreadLocalRunnable.run(FastThreadLocalRunnable.java:30)
	at java.base/java.lang.Thread.run(Thread.java:829)
18:33:45.590 [AsyncHttpClient-1-3] DEBUG org.asynchttpclient.netty.channel.ChannelManager - Closing Channel [id: 0x4dcfc63d, L:/127.0.0.1:50006 - R:localhost/127.0.0.1:50000] 
18:33:45.590 [AsyncHttpClient-1-3] DEBUG org.asynchttpclient.netty.handler.HttpHandler - Channel Closed: [id: 0x4dcfc63d, L:/127.0.0.1:50006 ! R:localhost/127.0.0.1:50000] with attribute DISCARD
18:33:45.644 [AsyncHttpClient-1-2] DEBUG org.asynchttpclient.netty.handler.HttpHandler - 

Request DefaultFullHttpRequest(decodeResult: success, version: HTTP/1.1, content: EmptyByteBufBE)
DELETE /session/57d71f7cc4c65468ab06d6f4bbda5c3c HTTP/1.1
User-Agent: selenium/4.1.4 (java windows)
Content-Type: application/json; charset=utf-8
host: localhost:62106
accept: */*

Response DefaultHttpResponse(decodeResult: success, version: HTTP/1.1)
HTTP/1.1 200 OK
Content-Type: application/json; charset=utf-8
cache-control: no-cache
content-length: 14

18:33:45.644 [AsyncHttpClient-1-2] DEBUG org.asynchttpclient.netty.channel.ChannelManager - Adding key: http://localhost:62106 for channel [id: 0x2b1e143b, L:/127.0.0.1:49999 - R:localhost/127.0.0.1:62106]
18:33:45.717 [AsyncHttpClient-1-2] DEBUG org.asynchttpclient.netty.handler.HttpHandler - Channel Closed: [id: 0x2b1e143b, L:/127.0.0.1:49999 ! R:localhost/127.0.0.1:62106] with attribute DISCARD
18:33:45.746 [main] INFO  - 
  _____   ___   ___   _____     ___     _     ___   ___   ___   ___  
 |_   _| | __| / __| |_   _|   | _ \   /_\   / __| / __| | __| |   \ 
   | |   | _|  \__ \   | |     |  _/  / _ \  \__ \ \__ \ | _|  | |) |
   |_|   |___| |___/   |_|     |_|   /_/ \_\ |___/ |___/ |___| |___/ 

As a admin i want to edit data pasien (JK Perempuan) - Invalid
----------------------------------------------------------------------
]]></system-out>
    <system-err><![CDATA[Starting ChromeDriver 103.0.5060.53 (a1711811edd74ff1cf2150f36ffa3b0dae40b17f-refs/branch-heads/5060@{#853}) on port 62106
Only local connections are allowed.
Please see https://chromedriver.chromium.org/security-considerations for suggestions on keeping ChromeDriver safe.
ChromeDriver was started successfully.
Jul 17, 2022 6:33:11 PM org.openqa.selenium.remote.ProtocolHandshake createSession
INFO: Detected dialect: W3C
Jul 17, 2022 6:33:11 PM org.openqa.selenium.devtools.CdpVersionFinder findNearestMatch
WARNING: Unable to find an exact match for CDP version 103, so returning the closest version found: 101
Jul 17, 2022 6:33:11 PM org.openqa.selenium.devtools.CdpVersionFinder findNearestMatch
INFO: Found CDP implementation for version 103 of 101
]]></system-err>
  </testcase>
  <testcase name="As a admin i want to edit data pasien (JK Perempuan) - Invalid #2" classname="Data Pasien - Admin" time="36.781">
    <system-out><![CDATA[
@DataPasien111 @EditPatientDataInvalid
Scenario Outline: As a admin i want to edit data pasien (JK Perempuan) - Invalid      &amp#27;[90m# src/test/resources/features/4DataPasien.feature:144&amp#27;[0m
18:33:45.759 [main] INFO io.cucumber.core.plugin.SerenityReporter - Running feature from file:///C:/Alterra/CapstoneBaru/QE/TestingWebUpdate/src/test/resources/features/4DataPasien.feature
18:33:45.785 [main] DEBUG net.thucydides.core.steps.StepInterceptor - STARTING STEP: LoginSteps.openLoginPage - openLogin
18:33:45.785 [main] INFO net.serenitybdd.core.webdriver.driverproviders.ChromeDriverProvider - Using automatically driver download
18:33:45.896 [main] DEBUG io.github.bonigarcia.wdm.cache.ResolutionCache - Resolution chrome=103 in cache (valid until 18:54:33 17/07/2022 ICT)
18:33:45.899 [main] DEBUG io.github.bonigarcia.wdm.cache.ResolutionCache - Resolution chrome103=103.0.5060.53 in cache (valid until 17:54:33 18/07/2022 ICT)
18:33:45.901 [main] INFO io.github.bonigarcia.wdm.WebDriverManager - Using chromedriver 103.0.5060.53 (resolved driver for Chrome 103)
18:33:45.909 [main] DEBUG io.github.bonigarcia.wdm.WebDriverManager - Driver chromedriver 103.0.5060.53 found in cache
18:33:45.910 [main] INFO io.github.bonigarcia.wdm.WebDriverManager - Exporting webdriver.chrome.driver as C:\Users\Bagas Dwi Saputra\.cache\selenium\chromedriver\win32\103.0.5060.53\chromedriver.exe
18:33:45.950 [AsyncHttpClient-1-1] DEBUG org.asynchttpclient.netty.channel.DefaultChannelPool - Entry count for : http://localhost:50000 : 1
18:33:45.950 [AsyncHttpClient-1-1] DEBUG org.asynchttpclient.netty.channel.DefaultChannelPool - Entry count for : http://localhost:62106 : 1
18:33:45.950 [AsyncHttpClient-1-1] DEBUG org.asynchttpclient.netty.channel.DefaultChannelPool - Adding Candidate expired Channel [id: 0x4dcfc63d, L:/127.0.0.1:50006 ! R:localhost/127.0.0.1:50000] isIdleTimeoutExpired=false isRemotelyClosed=true isTtlExpired=false
18:33:45.950 [AsyncHttpClient-1-1] DEBUG org.asynchttpclient.netty.channel.DefaultChannelPool - Closing Idle Channel [id: 0x4dcfc63d, L:/127.0.0.1:50006 ! R:localhost/127.0.0.1:50000]
18:33:45.950 [AsyncHttpClient-1-1] DEBUG org.asynchttpclient.netty.channel.DefaultChannelPool - Adding Candidate expired Channel [id: 0x2b1e143b, L:/127.0.0.1:49999 ! R:localhost/127.0.0.1:62106] isIdleTimeoutExpired=false isRemotelyClosed=true isTtlExpired=false
18:33:45.950 [AsyncHttpClient-1-1] DEBUG org.asynchttpclient.netty.channel.DefaultChannelPool - Closing Idle Channel [id: 0x2b1e143b, L:/127.0.0.1:49999 ! R:localhost/127.0.0.1:62106]
18:33:45.950 [AsyncHttpClient-1-1] DEBUG org.asynchttpclient.netty.channel.DefaultChannelPool - Closed 2 connections out of 2 in 0 ms
18:33:46.079 [main] DEBUG net.serenitybdd.core.webdriver.driverproviders.ProvideNewDriver - Instantiating driver
18:33:46.079 [main] DEBUG net.serenitybdd.core.webdriver.driverproviders.ProvideNewDriver - Driver capabilities: Capabilities {acceptInsecureCerts: false, base.url: https://fanciful-trifle-360..., browserName: chrome, chorme.driver: src/test/resources/webdrive..., driver: chrome, goog:chromeOptions: {args: [], extensions: []}}
18:33:46.135 [AsyncHttpClient-1-5] DEBUG org.asynchttpclient.netty.channel.NettyConnectListener - Using new Channel '[id: 0x33e1f89c, L:/127.0.0.1:50024 - R:localhost/127.0.0.1:50191]' for 'POST' to '/session'
18:33:47.525 [AsyncHttpClient-1-5] DEBUG org.asynchttpclient.netty.handler.HttpHandler - 

Request DefaultHttpRequest(decodeResult: success, version: HTTP/1.1)
POST /session HTTP/1.1
User-Agent: selenium/4.1.4 (java windows)
Content-Length: 629
Content-Type: application/json; charset=utf-8
host: localhost:50191
accept: */*

Response DefaultHttpResponse(decodeResult: success, version: HTTP/1.1)
HTTP/1.1 200 OK
Content-Type: application/json; charset=utf-8
cache-control: no-cache
content-length: 794

18:33:47.525 [AsyncHttpClient-1-5] DEBUG org.asynchttpclient.netty.channel.ChannelManager - Adding key: http://localhost:50191 for channel [id: 0x33e1f89c, L:/127.0.0.1:50024 - R:localhost/127.0.0.1:50191]
18:33:47.532 [AsyncHttpClient-1-6] DEBUG org.asynchttpclient.netty.channel.NettyConnectListener - Using new Channel '[id: 0xde61c198, L:/127.0.0.1:50031 - R:localhost/127.0.0.1:50025]' for 'GET' to '/json/version'
18:33:47.532 [AsyncHttpClient-1-6] DEBUG org.asynchttpclient.netty.handler.HttpHandler - 

Request DefaultFullHttpRequest(decodeResult: success, version: HTTP/1.1, content: EmptyByteBufBE)
GET /json/version HTTP/1.1
User-Agent: selenium/4.1.4 (java windows)
host: localhost:50025
accept: */*

Response DefaultHttpResponse(decodeResult: success, version: HTTP/1.1)
HTTP/1.1 200 OK
Content-Type: application/json; charset=UTF-8
content-length: 429

18:33:47.532 [AsyncHttpClient-1-6] DEBUG org.asynchttpclient.netty.channel.ChannelManager - Adding key: http://localhost:50025 for channel [id: 0xde61c198, L:/127.0.0.1:50031 - R:localhost/127.0.0.1:50025]
18:33:47.534 [AsyncHttpClient-1-7] DEBUG org.asynchttpclient.netty.channel.NettyConnectListener - Using new Channel '[id: 0x3025ecaf, L:/127.0.0.1:50032 - R:localhost/127.0.0.1:50025]' for 'GET' to '/devtools/browser/289be92d-35f6-4c59-8846-0fdfa67b9e00'
18:33:47.535 [AsyncHttpClient-1-7] DEBUG org.asynchttpclient.netty.handler.WebSocketHandler - 

Request DefaultFullHttpRequest(decodeResult: success, version: HTTP/1.1, content: EmptyByteBufBE)
GET /devtools/browser/289be92d-35f6-4c59-8846-0fdfa67b9e00 HTTP/1.1
upgrade: websocket
connection: upgrade
sec-websocket-key: f+gLmLKnUSRLqymXujn8dQ==
sec-websocket-version: 13
origin: http://localhost:50025
host: localhost:50025
accept: */*
user-agent: AHC/2.1

Response DefaultHttpResponse(decodeResult: success, version: HTTP/1.1)
HTTP/1.1 101 WebSocket Protocol Handshake
Upgrade: WebSocket
Connection: Upgrade
Sec-WebSocket-Accept: XwAdLqQMhhkDPS0e4bkl4CIQgss=

18:33:47.539 [Forwarding get on session 1c747b2f8da135efb764ecbc6105dc4e to remote] DEBUG org.asynchttpclient.netty.request.NettyRequestSender - Using pooled Channel '[id: 0x33e1f89c, L:/127.0.0.1:50024 - R:localhost/127.0.0.1:50191]' for 'POST' to 'http://localhost:50191/session/1c747b2f8da135efb764ecbc6105dc4e/url'
18:33:47.539 [Forwarding get on session 1c747b2f8da135efb764ecbc6105dc4e to remote] DEBUG org.asynchttpclient.netty.request.NettyRequestSender - Using open Channel [id: 0x33e1f89c, L:/127.0.0.1:50024 - R:localhost/127.0.0.1:50191] for POST '/session/1c747b2f8da135efb764ecbc6105dc4e/url'
18:33:48.239 [AsyncHttpClient-1-1] DEBUG org.asynchttpclient.netty.channel.DefaultChannelPool - Entry count for : http://localhost:50025 : 1
18:33:48.389 [AsyncHttpClient-1-5] DEBUG org.asynchttpclient.netty.handler.HttpHandler - 

Request DefaultHttpRequest(decodeResult: success, version: HTTP/1.1)
POST /session/1c747b2f8da135efb764ecbc6105dc4e/url HTTP/1.1
User-Agent: selenium/4.1.4 (java windows)
Content-Length: 78
Content-Type: application/json; charset=utf-8
host: localhost:50191
accept: */*

Response DefaultHttpResponse(decodeResult: success, version: HTTP/1.1)
HTTP/1.1 200 OK
Content-Type: application/json; charset=utf-8
cache-control: no-cache
content-length: 14

18:33:48.389 [AsyncHttpClient-1-5] DEBUG org.asynchttpclient.netty.channel.ChannelManager - Adding key: http://localhost:50191 for channel [id: 0x33e1f89c, L:/127.0.0.1:50024 - R:localhost/127.0.0.1:50191]
18:33:48.390 [Forwarding setTimeout on session 1c747b2f8da135efb764ecbc6105dc4e to remote] DEBUG org.asynchttpclient.netty.request.NettyRequestSender - Using pooled Channel '[id: 0x33e1f89c, L:/127.0.0.1:50024 - R:localhost/127.0.0.1:50191]' for 'POST' to 'http://localhost:50191/session/1c747b2f8da135efb764ecbc6105dc4e/timeouts'
18:33:48.390 [Forwarding setTimeout on session 1c747b2f8da135efb764ecbc6105dc4e to remote] DEBUG org.asynchttpclient.netty.request.NettyRequestSender - Using open Channel [id: 0x33e1f89c, L:/127.0.0.1:50024 - R:localhost/127.0.0.1:50191] for POST '/session/1c747b2f8da135efb764ecbc6105dc4e/timeouts'
18:33:48.391 [AsyncHttpClient-1-5] DEBUG org.asynchttpclient.netty.handler.HttpHandler - 

Request DefaultHttpRequest(decodeResult: success, version: HTTP/1.1)
POST /session/1c747b2f8da135efb764ecbc6105dc4e/timeouts HTTP/1.1
User-Agent: selenium/4.1.4 (java windows)
Content-Length: 22
Content-Type: application/json; charset=utf-8
host: localhost:50191
accept: */*

Response DefaultHttpResponse(decodeResult: success, version: HTTP/1.1)
HTTP/1.1 200 OK
Content-Type: application/json; charset=utf-8
cache-control: no-cache
content-length: 14

18:33:48.392 [AsyncHttpClient-1-5] DEBUG org.asynchttpclient.netty.channel.ChannelManager - Adding key: http://localhost:50191 for channel [id: 0x33e1f89c, L:/127.0.0.1:50024 - R:localhost/127.0.0.1:50191]
18:33:48.398 [Forwarding getCurrentUrl on session 1c747b2f8da135efb764ecbc6105dc4e to remote] DEBUG org.asynchttpclient.netty.request.NettyRequestSender - Using pooled Channel '[id: 0x33e1f89c, L:/127.0.0.1:50024 - R:localhost/127.0.0.1:50191]' for 'GET' to 'http://localhost:50191/session/1c747b2f8da135efb764ecbc6105dc4e/url'
18:33:48.398 [Forwarding getCurrentUrl on session 1c747b2f8da135efb764ecbc6105dc4e to remote] DEBUG org.asynchttpclient.netty.request.NettyRequestSender - Using open Channel [id: 0x33e1f89c, L:/127.0.0.1:50024 - R:localhost/127.0.0.1:50191] for GET '/session/1c747b2f8da135efb764ecbc6105dc4e/url'
18:33:48.445 [AsyncHttpClient-1-5] DEBUG org.asynchttpclient.netty.handler.HttpHandler - 

Request DefaultFullHttpRequest(decodeResult: success, version: HTTP/1.1, content: EmptyByteBufBE)
GET /session/1c747b2f8da135efb764ecbc6105dc4e/url HTTP/1.1
User-Agent: selenium/4.1.4 (java windows)
Cache-Control: no-cache
Content-Type: application/json; charset=utf-8
host: localhost:50191
accept: */*

Response DefaultHttpResponse(decodeResult: success, version: HTTP/1.1)
HTTP/1.1 200 OK
Content-Type: application/json; charset=utf-8
cache-control: no-cache
content-length: 60

18:33:48.445 [AsyncHttpClient-1-5] DEBUG org.asynchttpclient.netty.channel.ChannelManager - Adding key: http://localhost:50191 for channel [id: 0x33e1f89c, L:/127.0.0.1:50024 - R:localhost/127.0.0.1:50191]
18:33:48.446 [Forwarding screenshot on session 1c747b2f8da135efb764ecbc6105dc4e to remote] DEBUG org.asynchttpclient.netty.request.NettyRequestSender - Using pooled Channel '[id: 0x33e1f89c, L:/127.0.0.1:50024 - R:localhost/127.0.0.1:50191]' for 'GET' to 'http://localhost:50191/session/1c747b2f8da135efb764ecbc6105dc4e/screenshot'
18:33:48.446 [Forwarding screenshot on session 1c747b2f8da135efb764ecbc6105dc4e to remote] DEBUG org.asynchttpclient.netty.request.NettyRequestSender - Using open Channel [id: 0x33e1f89c, L:/127.0.0.1:50024 - R:localhost/127.0.0.1:50191] for GET '/session/1c747b2f8da135efb764ecbc6105dc4e/screenshot'
18:33:48.747 [AsyncHttpClient-1-5] DEBUG org.asynchttpclient.netty.handler.HttpHandler - 

Request DefaultFullHttpRequest(decodeResult: success, version: HTTP/1.1, content: EmptyByteBufBE)
GET /session/1c747b2f8da135efb764ecbc6105dc4e/screenshot HTTP/1.1
User-Agent: selenium/4.1.4 (java windows)
Cache-Control: no-cache
Content-Type: application/json; charset=utf-8
host: localhost:50191
accept: */*

Response DefaultHttpResponse(decodeResult: success, version: HTTP/1.1)
HTTP/1.1 200 OK
Content-Type: application/json; charset=utf-8
cache-control: no-cache
content-length: 380436

18:33:48.747 [AsyncHttpClient-1-5] DEBUG org.asynchttpclient.netty.channel.ChannelManager - Adding key: http://localhost:50191 for channel [id: 0x33e1f89c, L:/127.0.0.1:50024 - R:localhost/127.0.0.1:50191]
18:33:48.749 [main] DEBUG net.serenitybdd.core.photography.Darkroom - Send negative for processing for target\site\serenity\d122c364c40ece9db0ad32cd97c3fcf63e95ba606118dda8d3e5a1d2b8235ce2.png
18:33:48.749 [main] DEBUG net.thucydides.core.steps.StepInterceptor - STEP DONE: openLogin
  &amp#27;[32mGiven &amp#27;[0m&amp#27;[32mOpen login page&amp#27;[0m                                                               &amp#27;[90m# starter.stepdefinitios.LoginSteps.openLoginPage()&amp#27;[0m
18:33:49.286 [Forwarding findElement on session 1c747b2f8da135efb764ecbc6105dc4e to remote] DEBUG org.asynchttpclient.netty.request.NettyRequestSender - Using pooled Channel '[id: 0x33e1f89c, L:/127.0.0.1:50024 - R:localhost/127.0.0.1:50191]' for 'POST' to 'http://localhost:50191/session/1c747b2f8da135efb764ecbc6105dc4e/element'
18:33:49.286 [Forwarding findElement on session 1c747b2f8da135efb764ecbc6105dc4e to remote] DEBUG org.asynchttpclient.netty.request.NettyRequestSender - Using open Channel [id: 0x33e1f89c, L:/127.0.0.1:50024 - R:localhost/127.0.0.1:50191] for POST '/session/1c747b2f8da135efb764ecbc6105dc4e/element'
18:33:49.300 [AsyncHttpClient-1-5] DEBUG org.asynchttpclient.netty.handler.HttpHandler - 

Request DefaultHttpRequest(decodeResult: success, version: HTTP/1.1)
POST /session/1c747b2f8da135efb764ecbc6105dc4e/element HTTP/1.1
User-Agent: selenium/4.1.4 (java windows)
Content-Length: 70
Content-Type: application/json; charset=utf-8
host: localhost:50191
accept: */*

Response DefaultHttpResponse(decodeResult: success, version: HTTP/1.1)
HTTP/1.1 200 OK
Content-Type: application/json; charset=utf-8
cache-control: no-cache
content-length: 88

18:33:49.300 [AsyncHttpClient-1-5] DEBUG org.asynchttpclient.netty.channel.ChannelManager - Adding key: http://localhost:50191 for channel [id: 0x33e1f89c, L:/127.0.0.1:50024 - R:localhost/127.0.0.1:50191]
18:33:49.301 [Forwarding sendKeysToElement on session 1c747b2f8da135efb764ecbc6105dc4e to remote] DEBUG org.asynchttpclient.netty.request.NettyRequestSender - Using pooled Channel '[id: 0x33e1f89c, L:/127.0.0.1:50024 - R:localhost/127.0.0.1:50191]' for 'POST' to 'http://localhost:50191/session/1c747b2f8da135efb764ecbc6105dc4e/element/3e572a6a-182d-486c-ba0a-7989f13e3e00/value'
18:33:49.301 [Forwarding sendKeysToElement on session 1c747b2f8da135efb764ecbc6105dc4e to remote] DEBUG org.asynchttpclient.netty.request.NettyRequestSender - Using open Channel [id: 0x33e1f89c, L:/127.0.0.1:50024 - R:localhost/127.0.0.1:50191] for POST '/session/1c747b2f8da135efb764ecbc6105dc4e/element/3e572a6a-182d-486c-ba0a-7989f13e3e00/value'
18:33:49.336 [AsyncHttpClient-1-1] DEBUG org.asynchttpclient.netty.channel.DefaultChannelPool - Entry count for : http://localhost:50025 : 1
18:33:49.375 [AsyncHttpClient-1-5] DEBUG org.asynchttpclient.netty.handler.HttpHandler - 

Request DefaultHttpRequest(decodeResult: success, version: HTTP/1.1)
POST /session/1c747b2f8da135efb764ecbc6105dc4e/element/3e572a6a-182d-486c-ba0a-7989f13e3e00/value HTTP/1.1
User-Agent: selenium/4.1.4 (java windows)
Content-Length: 131
Content-Type: application/json; charset=utf-8
host: localhost:50191
accept: */*

Response DefaultHttpResponse(decodeResult: success, version: HTTP/1.1)
HTTP/1.1 200 OK
Content-Type: application/json; charset=utf-8
cache-control: no-cache
content-length: 14

18:33:49.376 [AsyncHttpClient-1-5] DEBUG org.asynchttpclient.netty.channel.ChannelManager - Adding key: http://localhost:50191 for channel [id: 0x33e1f89c, L:/127.0.0.1:50024 - R:localhost/127.0.0.1:50191]
  &amp#27;[32mAnd &amp#27;[0m&amp#27;[32mI input &amp#27;[0m&amp#27;[32m&amp#27;[1m"admin"&amp#27;[0m&amp#27;[32m login email valid&amp#27;[0m                                               &amp#27;[90m# starter.stepdefinitios.LoginSteps.iInputLoginEmailValid(java.lang.String)&amp#27;[0m
18:33:49.379 [Forwarding screenshot on session 1c747b2f8da135efb764ecbc6105dc4e to remote] DEBUG org.asynchttpclient.netty.request.NettyRequestSender - Using pooled Channel '[id: 0x33e1f89c, L:/127.0.0.1:50024 - R:localhost/127.0.0.1:50191]' for 'GET' to 'http://localhost:50191/session/1c747b2f8da135efb764ecbc6105dc4e/screenshot'
18:33:49.379 [Forwarding screenshot on session 1c747b2f8da135efb764ecbc6105dc4e to remote] DEBUG org.asynchttpclient.netty.request.NettyRequestSender - Using open Channel [id: 0x33e1f89c, L:/127.0.0.1:50024 - R:localhost/127.0.0.1:50191] for GET '/session/1c747b2f8da135efb764ecbc6105dc4e/screenshot'
18:33:49.586 [AsyncHttpClient-1-5] DEBUG org.asynchttpclient.netty.handler.HttpHandler - 

Request DefaultFullHttpRequest(decodeResult: success, version: HTTP/1.1, content: EmptyByteBufBE)
GET /session/1c747b2f8da135efb764ecbc6105dc4e/screenshot HTTP/1.1
User-Agent: selenium/4.1.4 (java windows)
Cache-Control: no-cache
Content-Type: application/json; charset=utf-8
host: localhost:50191
accept: */*

Response DefaultHttpResponse(decodeResult: success, version: HTTP/1.1)
HTTP/1.1 200 OK
Content-Type: application/json; charset=utf-8
cache-control: no-cache
content-length: 379420

18:33:49.586 [AsyncHttpClient-1-5] DEBUG org.asynchttpclient.netty.channel.ChannelManager - Adding key: http://localhost:50191 for channel [id: 0x33e1f89c, L:/127.0.0.1:50024 - R:localhost/127.0.0.1:50191]
18:33:49.597 [main] DEBUG net.serenitybdd.core.photography.Darkroom - Send negative for processing for target\site\serenity\93df20195d3751dea78ac30a105f84d37c410e0341f58ded6fb231b5b47402e6.png
18:33:50.112 [Forwarding screenshot on session 1c747b2f8da135efb764ecbc6105dc4e to remote] DEBUG org.asynchttpclient.netty.request.NettyRequestSender - Using pooled Channel '[id: 0x33e1f89c, L:/127.0.0.1:50024 - R:localhost/127.0.0.1:50191]' for 'GET' to 'http://localhost:50191/session/1c747b2f8da135efb764ecbc6105dc4e/screenshot'
18:33:50.112 [Forwarding screenshot on session 1c747b2f8da135efb764ecbc6105dc4e to remote] DEBUG org.asynchttpclient.netty.request.NettyRequestSender - Using open Channel [id: 0x33e1f89c, L:/127.0.0.1:50024 - R:localhost/127.0.0.1:50191] for GET '/session/1c747b2f8da135efb764ecbc6105dc4e/screenshot'
18:33:50.426 [AsyncHttpClient-1-5] DEBUG org.asynchttpclient.netty.handler.HttpHandler - 

Request DefaultFullHttpRequest(decodeResult: success, version: HTTP/1.1, content: EmptyByteBufBE)
GET /session/1c747b2f8da135efb764ecbc6105dc4e/screenshot HTTP/1.1
User-Agent: selenium/4.1.4 (java windows)
Cache-Control: no-cache
Content-Type: application/json; charset=utf-8
host: localhost:50191
accept: */*

Response DefaultHttpResponse(decodeResult: success, version: HTTP/1.1)
HTTP/1.1 200 OK
Content-Type: application/json; charset=utf-8
cache-control: no-cache
content-length: 379404

18:33:50.426 [AsyncHttpClient-1-5] DEBUG org.asynchttpclient.netty.channel.ChannelManager - Adding key: http://localhost:50191 for channel [id: 0x33e1f89c, L:/127.0.0.1:50024 - R:localhost/127.0.0.1:50191]
18:33:50.431 [main] DEBUG net.serenitybdd.core.photography.Darkroom - Send negative for processing for target\site\serenity\f684e1524ced0278b0b6c6b37709a7cbfb8281aeb576b04a4743fda17448b798.png
18:33:50.436 [main] DEBUG net.thucydides.core.steps.StepInterceptor - STARTING STEP: LoginSteps.iInputLoginPasswordValid - inputPasswordLogin
18:33:50.438 [Forwarding findElement on session 1c747b2f8da135efb764ecbc6105dc4e to remote] DEBUG org.asynchttpclient.netty.request.NettyRequestSender - Using pooled Channel '[id: 0x33e1f89c, L:/127.0.0.1:50024 - R:localhost/127.0.0.1:50191]' for 'POST' to 'http://localhost:50191/session/1c747b2f8da135efb764ecbc6105dc4e/element'
18:33:50.438 [Forwarding findElement on session 1c747b2f8da135efb764ecbc6105dc4e to remote] DEBUG org.asynchttpclient.netty.request.NettyRequestSender - Using open Channel [id: 0x33e1f89c, L:/127.0.0.1:50024 - R:localhost/127.0.0.1:50191] for POST '/session/1c747b2f8da135efb764ecbc6105dc4e/element'
18:33:50.442 [AsyncHttpClient-1-1] DEBUG org.asynchttpclient.netty.channel.DefaultChannelPool - Entry count for : http://localhost:50025 : 1
18:33:50.451 [AsyncHttpClient-1-5] DEBUG org.asynchttpclient.netty.handler.HttpHandler - 

Request DefaultHttpRequest(decodeResult: success, version: HTTP/1.1)
POST /session/1c747b2f8da135efb764ecbc6105dc4e/element HTTP/1.1
User-Agent: selenium/4.1.4 (java windows)
Content-Length: 70
Content-Type: application/json; charset=utf-8
host: localhost:50191
accept: */*

Response DefaultHttpResponse(decodeResult: success, version: HTTP/1.1)
HTTP/1.1 200 OK
Content-Type: application/json; charset=utf-8
cache-control: no-cache
content-length: 88

18:33:50.451 [AsyncHttpClient-1-5] DEBUG org.asynchttpclient.netty.channel.ChannelManager - Adding key: http://localhost:50191 for channel [id: 0x33e1f89c, L:/127.0.0.1:50024 - R:localhost/127.0.0.1:50191]
18:33:50.452 [Forwarding sendKeysToElement on session 1c747b2f8da135efb764ecbc6105dc4e to remote] DEBUG org.asynchttpclient.netty.request.NettyRequestSender - Using pooled Channel '[id: 0x33e1f89c, L:/127.0.0.1:50024 - R:localhost/127.0.0.1:50191]' for 'POST' to 'http://localhost:50191/session/1c747b2f8da135efb764ecbc6105dc4e/element/06e6867c-8d18-4479-a501-b9f0b8bf81f5/value'
18:33:50.452 [Forwarding sendKeysToElement on session 1c747b2f8da135efb764ecbc6105dc4e to remote] DEBUG org.asynchttpclient.netty.request.NettyRequestSender - Using open Channel [id: 0x33e1f89c, L:/127.0.0.1:50024 - R:localhost/127.0.0.1:50191] for POST '/session/1c747b2f8da135efb764ecbc6105dc4e/element/06e6867c-8d18-4479-a501-b9f0b8bf81f5/value'
18:33:50.535 [AsyncHttpClient-1-5] DEBUG org.asynchttpclient.netty.handler.HttpHandler - 

Request DefaultHttpRequest(decodeResult: success, version: HTTP/1.1)
POST /session/1c747b2f8da135efb764ecbc6105dc4e/element/06e6867c-8d18-4479-a501-b9f0b8bf81f5/value HTTP/1.1
User-Agent: selenium/4.1.4 (java windows)
Content-Length: 161
Content-Type: application/json; charset=utf-8
host: localhost:50191
accept: */*

Response DefaultHttpResponse(decodeResult: success, version: HTTP/1.1)
HTTP/1.1 200 OK
Content-Type: application/json; charset=utf-8
cache-control: no-cache
content-length: 14

18:33:50.535 [AsyncHttpClient-1-5] DEBUG org.asynchttpclient.netty.channel.ChannelManager - Adding key: http://localhost:50191 for channel [id: 0x33e1f89c, L:/127.0.0.1:50024 - R:localhost/127.0.0.1:50191]
18:33:50.540 [Forwarding screenshot on session 1c747b2f8da135efb764ecbc6105dc4e to remote] DEBUG org.asynchttpclient.netty.request.NettyRequestSender - Using pooled Channel '[id: 0x33e1f89c, L:/127.0.0.1:50024 - R:localhost/127.0.0.1:50191]' for 'GET' to 'http://localhost:50191/session/1c747b2f8da135efb764ecbc6105dc4e/screenshot'
18:33:50.540 [Forwarding screenshot on session 1c747b2f8da135efb764ecbc6105dc4e to remote] DEBUG org.asynchttpclient.netty.request.NettyRequestSender - Using open Channel [id: 0x33e1f89c, L:/127.0.0.1:50024 - R:localhost/127.0.0.1:50191] for GET '/session/1c747b2f8da135efb764ecbc6105dc4e/screenshot'
18:33:50.734 [AsyncHttpClient-1-5] DEBUG org.asynchttpclient.netty.handler.HttpHandler - 

Request DefaultFullHttpRequest(decodeResult: success, version: HTTP/1.1, content: EmptyByteBufBE)
GET /session/1c747b2f8da135efb764ecbc6105dc4e/screenshot HTTP/1.1
User-Agent: selenium/4.1.4 (java windows)
Cache-Control: no-cache
Content-Type: application/json; charset=utf-8
host: localhost:50191
accept: */*

Response DefaultHttpResponse(decodeResult: success, version: HTTP/1.1)
HTTP/1.1 200 OK
Content-Type: application/json; charset=utf-8
cache-control: no-cache
content-length: 377580

18:33:50.734 [AsyncHttpClient-1-5] DEBUG org.asynchttpclient.netty.channel.ChannelManager - Adding key: http://localhost:50191 for channel [id: 0x33e1f89c, L:/127.0.0.1:50024 - R:localhost/127.0.0.1:50191]
18:33:50.744 [main] DEBUG net.serenitybdd.core.photography.Darkroom - Send negative for processing for target\site\serenity\44fa0aa493cf3a3837a7fab79c30bded8f584eda85d2cfd055a7ef5b4e3f0a4a.png
18:33:50.744 [main] DEBUG net.thucydides.core.steps.StepInterceptor - STEP DONE: inputPasswordLogin
  &amp#27;[32mAnd &amp#27;[0m&amp#27;[32mI input &amp#27;[0m&amp#27;[32m&amp#27;[1m"admin123"&amp#27;[0m&amp#27;[32m login password valid&amp#27;[0m                                         &amp#27;[90m# starter.stepdefinitios.LoginSteps.iInputLoginPasswordValid(java.lang.String)&amp#27;[0m
18:33:50.760 [main] DEBUG net.thucydides.core.steps.StepInterceptor - STARTING STEP: LoginSteps.iClickButtonLogin - clickButtonLogin
18:33:50.763 [Forwarding findElement on session 1c747b2f8da135efb764ecbc6105dc4e to remote] DEBUG org.asynchttpclient.netty.request.NettyRequestSender - Using pooled Channel '[id: 0x33e1f89c, L:/127.0.0.1:50024 - R:localhost/127.0.0.1:50191]' for 'POST' to 'http://localhost:50191/session/1c747b2f8da135efb764ecbc6105dc4e/element'
18:33:50.763 [Forwarding findElement on session 1c747b2f8da135efb764ecbc6105dc4e to remote] DEBUG org.asynchttpclient.netty.request.NettyRequestSender - Using open Channel [id: 0x33e1f89c, L:/127.0.0.1:50024 - R:localhost/127.0.0.1:50191] for POST '/session/1c747b2f8da135efb764ecbc6105dc4e/element'
18:33:50.782 [AsyncHttpClient-1-5] DEBUG org.asynchttpclient.netty.handler.HttpHandler - 

Request DefaultHttpRequest(decodeResult: success, version: HTTP/1.1)
POST /session/1c747b2f8da135efb764ecbc6105dc4e/element HTTP/1.1
User-Agent: selenium/4.1.4 (java windows)
Content-Length: 68
Content-Type: application/json; charset=utf-8
host: localhost:50191
accept: */*

Response DefaultHttpResponse(decodeResult: success, version: HTTP/1.1)
HTTP/1.1 200 OK
Content-Type: application/json; charset=utf-8
cache-control: no-cache
content-length: 88

18:33:50.782 [AsyncHttpClient-1-5] DEBUG org.asynchttpclient.netty.channel.ChannelManager - Adding key: http://localhost:50191 for channel [id: 0x33e1f89c, L:/127.0.0.1:50024 - R:localhost/127.0.0.1:50191]
18:33:50.783 [Forwarding getElementTagName on session 1c747b2f8da135efb764ecbc6105dc4e to remote] DEBUG org.asynchttpclient.netty.request.NettyRequestSender - Using pooled Channel '[id: 0x33e1f89c, L:/127.0.0.1:50024 - R:localhost/127.0.0.1:50191]' for 'GET' to 'http://localhost:50191/session/1c747b2f8da135efb764ecbc6105dc4e/element/1c03e619-8cc9-4401-9c53-4778cc66ec81/name'
18:33:50.783 [Forwarding getElementTagName on session 1c747b2f8da135efb764ecbc6105dc4e to remote] DEBUG org.asynchttpclient.netty.request.NettyRequestSender - Using open Channel [id: 0x33e1f89c, L:/127.0.0.1:50024 - R:localhost/127.0.0.1:50191] for GET '/session/1c747b2f8da135efb764ecbc6105dc4e/element/1c03e619-8cc9-4401-9c53-4778cc66ec81/name'
18:33:50.788 [AsyncHttpClient-1-5] DEBUG org.asynchttpclient.netty.handler.HttpHandler - 

Request DefaultFullHttpRequest(decodeResult: success, version: HTTP/1.1, content: EmptyByteBufBE)
GET /session/1c747b2f8da135efb764ecbc6105dc4e/element/1c03e619-8cc9-4401-9c53-4778cc66ec81/name HTTP/1.1
User-Agent: selenium/4.1.4 (java windows)
Cache-Control: no-cache
Content-Type: application/json; charset=utf-8
host: localhost:50191
accept: */*

Response DefaultHttpResponse(decodeResult: success, version: HTTP/1.1)
HTTP/1.1 200 OK
Content-Type: application/json; charset=utf-8
cache-control: no-cache
content-length: 18

18:33:50.788 [AsyncHttpClient-1-5] DEBUG org.asynchttpclient.netty.channel.ChannelManager - Adding key: http://localhost:50191 for channel [id: 0x33e1f89c, L:/127.0.0.1:50024 - R:localhost/127.0.0.1:50191]
18:33:50.789 [Forwarding getElementTagName on session 1c747b2f8da135efb764ecbc6105dc4e to remote] DEBUG org.asynchttpclient.netty.request.NettyRequestSender - Using pooled Channel '[id: 0x33e1f89c, L:/127.0.0.1:50024 - R:localhost/127.0.0.1:50191]' for 'GET' to 'http://localhost:50191/session/1c747b2f8da135efb764ecbc6105dc4e/element/1c03e619-8cc9-4401-9c53-4778cc66ec81/name'
18:33:50.789 [Forwarding getElementTagName on session 1c747b2f8da135efb764ecbc6105dc4e to remote] DEBUG org.asynchttpclient.netty.request.NettyRequestSender - Using open Channel [id: 0x33e1f89c, L:/127.0.0.1:50024 - R:localhost/127.0.0.1:50191] for GET '/session/1c747b2f8da135efb764ecbc6105dc4e/element/1c03e619-8cc9-4401-9c53-4778cc66ec81/name'
18:33:50.793 [AsyncHttpClient-1-5] DEBUG org.asynchttpclient.netty.handler.HttpHandler - 

Request DefaultFullHttpRequest(decodeResult: success, version: HTTP/1.1, content: EmptyByteBufBE)
GET /session/1c747b2f8da135efb764ecbc6105dc4e/element/1c03e619-8cc9-4401-9c53-4778cc66ec81/name HTTP/1.1
User-Agent: selenium/4.1.4 (java windows)
Cache-Control: no-cache
Content-Type: application/json; charset=utf-8
host: localhost:50191
accept: */*

Response DefaultHttpResponse(decodeResult: success, version: HTTP/1.1)
HTTP/1.1 200 OK
Content-Type: application/json; charset=utf-8
cache-control: no-cache
content-length: 18

18:33:50.793 [AsyncHttpClient-1-5] DEBUG org.asynchttpclient.netty.channel.ChannelManager - Adding key: http://localhost:50191 for channel [id: 0x33e1f89c, L:/127.0.0.1:50024 - R:localhost/127.0.0.1:50191]
18:33:50.794 [Forwarding isElementEnabled on session 1c747b2f8da135efb764ecbc6105dc4e to remote] DEBUG org.asynchttpclient.netty.request.NettyRequestSender - Using pooled Channel '[id: 0x33e1f89c, L:/127.0.0.1:50024 - R:localhost/127.0.0.1:50191]' for 'GET' to 'http://localhost:50191/session/1c747b2f8da135efb764ecbc6105dc4e/element/1c03e619-8cc9-4401-9c53-4778cc66ec81/enabled'
18:33:50.795 [Forwarding isElementEnabled on session 1c747b2f8da135efb764ecbc6105dc4e to remote] DEBUG org.asynchttpclient.netty.request.NettyRequestSender - Using open Channel [id: 0x33e1f89c, L:/127.0.0.1:50024 - R:localhost/127.0.0.1:50191] for GET '/session/1c747b2f8da135efb764ecbc6105dc4e/element/1c03e619-8cc9-4401-9c53-4778cc66ec81/enabled'
18:33:50.804 [AsyncHttpClient-1-5] DEBUG org.asynchttpclient.netty.handler.HttpHandler - 

Request DefaultFullHttpRequest(decodeResult: success, version: HTTP/1.1, content: EmptyByteBufBE)
GET /session/1c747b2f8da135efb764ecbc6105dc4e/element/1c03e619-8cc9-4401-9c53-4778cc66ec81/enabled HTTP/1.1
User-Agent: selenium/4.1.4 (java windows)
Cache-Control: no-cache
Content-Type: application/json; charset=utf-8
host: localhost:50191
accept: */*

Response DefaultHttpResponse(decodeResult: success, version: HTTP/1.1)
HTTP/1.1 200 OK
Content-Type: application/json; charset=utf-8
cache-control: no-cache
content-length: 14

18:33:50.804 [AsyncHttpClient-1-5] DEBUG org.asynchttpclient.netty.channel.ChannelManager - Adding key: http://localhost:50191 for channel [id: 0x33e1f89c, L:/127.0.0.1:50024 - R:localhost/127.0.0.1:50191]
18:33:50.805 [Forwarding isElementEnabled on session 1c747b2f8da135efb764ecbc6105dc4e to remote] DEBUG org.asynchttpclient.netty.request.NettyRequestSender - Using pooled Channel '[id: 0x33e1f89c, L:/127.0.0.1:50024 - R:localhost/127.0.0.1:50191]' for 'GET' to 'http://localhost:50191/session/1c747b2f8da135efb764ecbc6105dc4e/element/1c03e619-8cc9-4401-9c53-4778cc66ec81/enabled'
18:33:50.805 [Forwarding isElementEnabled on session 1c747b2f8da135efb764ecbc6105dc4e to remote] DEBUG org.asynchttpclient.netty.request.NettyRequestSender - Using open Channel [id: 0x33e1f89c, L:/127.0.0.1:50024 - R:localhost/127.0.0.1:50191] for GET '/session/1c747b2f8da135efb764ecbc6105dc4e/element/1c03e619-8cc9-4401-9c53-4778cc66ec81/enabled'
18:33:50.812 [AsyncHttpClient-1-5] DEBUG org.asynchttpclient.netty.handler.HttpHandler - 

Request DefaultFullHttpRequest(decodeResult: success, version: HTTP/1.1, content: EmptyByteBufBE)
GET /session/1c747b2f8da135efb764ecbc6105dc4e/element/1c03e619-8cc9-4401-9c53-4778cc66ec81/enabled HTTP/1.1
User-Agent: selenium/4.1.4 (java windows)
Cache-Control: no-cache
Content-Type: application/json; charset=utf-8
host: localhost:50191
accept: */*

Response DefaultHttpResponse(decodeResult: success, version: HTTP/1.1)
HTTP/1.1 200 OK
Content-Type: application/json; charset=utf-8
cache-control: no-cache
content-length: 14

18:33:50.818 [AsyncHttpClient-1-5] DEBUG org.asynchttpclient.netty.channel.ChannelManager - Adding key: http://localhost:50191 for channel [id: 0x33e1f89c, L:/127.0.0.1:50024 - R:localhost/127.0.0.1:50191]
18:33:50.819 [Forwarding findElement on session 1c747b2f8da135efb764ecbc6105dc4e to remote] DEBUG org.asynchttpclient.netty.request.NettyRequestSender - Using pooled Channel '[id: 0x33e1f89c, L:/127.0.0.1:50024 - R:localhost/127.0.0.1:50191]' for 'POST' to 'http://localhost:50191/session/1c747b2f8da135efb764ecbc6105dc4e/element'
18:33:50.819 [Forwarding findElement on session 1c747b2f8da135efb764ecbc6105dc4e to remote] DEBUG org.asynchttpclient.netty.request.NettyRequestSender - Using open Channel [id: 0x33e1f89c, L:/127.0.0.1:50024 - R:localhost/127.0.0.1:50191] for POST '/session/1c747b2f8da135efb764ecbc6105dc4e/element'
18:33:50.826 [AsyncHttpClient-1-5] DEBUG org.asynchttpclient.netty.handler.HttpHandler - 

Request DefaultHttpRequest(decodeResult: success, version: HTTP/1.1)
POST /session/1c747b2f8da135efb764ecbc6105dc4e/element HTTP/1.1
User-Agent: selenium/4.1.4 (java windows)
Content-Length: 68
Content-Type: application/json; charset=utf-8
host: localhost:50191
accept: */*

Response DefaultHttpResponse(decodeResult: success, version: HTTP/1.1)
HTTP/1.1 200 OK
Content-Type: application/json; charset=utf-8
cache-control: no-cache
content-length: 88

18:33:50.826 [AsyncHttpClient-1-5] DEBUG org.asynchttpclient.netty.channel.ChannelManager - Adding key: http://localhost:50191 for channel [id: 0x33e1f89c, L:/127.0.0.1:50024 - R:localhost/127.0.0.1:50191]
18:33:50.827 [Forwarding clickElement on session 1c747b2f8da135efb764ecbc6105dc4e to remote] DEBUG org.asynchttpclient.netty.request.NettyRequestSender - Using pooled Channel '[id: 0x33e1f89c, L:/127.0.0.1:50024 - R:localhost/127.0.0.1:50191]' for 'POST' to 'http://localhost:50191/session/1c747b2f8da135efb764ecbc6105dc4e/element/1c03e619-8cc9-4401-9c53-4778cc66ec81/click'
18:33:50.827 [Forwarding clickElement on session 1c747b2f8da135efb764ecbc6105dc4e to remote] DEBUG org.asynchttpclient.netty.request.NettyRequestSender - Using open Channel [id: 0x33e1f89c, L:/127.0.0.1:50024 - R:localhost/127.0.0.1:50191] for POST '/session/1c747b2f8da135efb764ecbc6105dc4e/element/1c03e619-8cc9-4401-9c53-4778cc66ec81/click'
18:33:50.876 [AsyncHttpClient-1-5] DEBUG org.asynchttpclient.netty.handler.HttpHandler - 

Request DefaultHttpRequest(decodeResult: success, version: HTTP/1.1)
POST /session/1c747b2f8da135efb764ecbc6105dc4e/element/1c03e619-8cc9-4401-9c53-4778cc66ec81/click HTTP/1.1
User-Agent: selenium/4.1.4 (java windows)
Content-Length: 50
Content-Type: application/json; charset=utf-8
host: localhost:50191
accept: */*

Response DefaultHttpResponse(decodeResult: success, version: HTTP/1.1)
HTTP/1.1 200 OK
Content-Type: application/json; charset=utf-8
cache-control: no-cache
content-length: 14

18:33:50.876 [AsyncHttpClient-1-5] DEBUG org.asynchttpclient.netty.channel.ChannelManager - Adding key: http://localhost:50191 for channel [id: 0x33e1f89c, L:/127.0.0.1:50024 - R:localhost/127.0.0.1:50191]
18:33:50.881 [Forwarding screenshot on session 1c747b2f8da135efb764ecbc6105dc4e to remote] DEBUG org.asynchttpclient.netty.request.NettyRequestSender - Using pooled Channel '[id: 0x33e1f89c, L:/127.0.0.1:50024 - R:localhost/127.0.0.1:50191]' for 'GET' to 'http://localhost:50191/session/1c747b2f8da135efb764ecbc6105dc4e/screenshot'
18:33:50.881 [Forwarding screenshot on session 1c747b2f8da135efb764ecbc6105dc4e to remote] DEBUG org.asynchttpclient.netty.request.NettyRequestSender - Using open Channel [id: 0x33e1f89c, L:/127.0.0.1:50024 - R:localhost/127.0.0.1:50191] for GET '/session/1c747b2f8da135efb764ecbc6105dc4e/screenshot'
18:33:51.164 [AsyncHttpClient-1-5] DEBUG org.asynchttpclient.netty.handler.HttpHandler - 

Request DefaultFullHttpRequest(decodeResult: success, version: HTTP/1.1, content: EmptyByteBufBE)
GET /session/1c747b2f8da135efb764ecbc6105dc4e/screenshot HTTP/1.1
User-Agent: selenium/4.1.4 (java windows)
Cache-Control: no-cache
Content-Type: application/json; charset=utf-8
host: localhost:50191
accept: */*

Response DefaultHttpResponse(decodeResult: success, version: HTTP/1.1)
HTTP/1.1 200 OK
Content-Type: application/json; charset=utf-8
cache-control: no-cache
content-length: 372936

18:33:51.165 [AsyncHttpClient-1-5] DEBUG org.asynchttpclient.netty.channel.ChannelManager - Adding key: http://localhost:50191 for channel [id: 0x33e1f89c, L:/127.0.0.1:50024 - R:localhost/127.0.0.1:50191]
18:33:51.179 [main] DEBUG net.serenitybdd.core.photography.Darkroom - Send negative for processing for target\site\serenity\c01b6361c2251e6a840427ed88176b821df9c32b1167449c65e587fbbce5976d.png
18:33:51.179 [main] DEBUG net.thucydides.core.steps.StepInterceptor - STEP DONE: clickButtonLogin
18:33:51.180 [Darkroom Processing Line] DEBUG net.serenitybdd.core.photography.DarkroomProcessingLine - Processing screenshot image in /var/screenshots/screenshot-7610204292153954066
18:33:51.180 [Darkroom Processing Line] DEBUG net.serenitybdd.core.photography.DarkroomProcessingLine - Saving screenshot to target\site\serenity\c01b6361c2251e6a840427ed88176b821df9c32b1167449c65e587fbbce5976d.png
18:33:51.535 [AsyncHttpClient-1-1] DEBUG org.asynchttpclient.netty.channel.DefaultChannelPool - Entry count for : http://localhost:50025 : 1
18:33:51.535 [AsyncHttpClient-1-1] DEBUG org.asynchttpclient.netty.channel.DefaultChannelPool - Entry count for : http://localhost:50191 : 1
  &amp#27;[32mAnd &amp#27;[0m&amp#27;[32mI click button login&amp#27;[0m                                                            &amp#27;[90m# starter.stepdefinitios.LoginSteps.iClickButtonLogin()&amp#27;[0m
18:33:52.183 [Forwarding screenshot on session 1c747b2f8da135efb764ecbc6105dc4e to remote] DEBUG org.asynchttpclient.netty.request.NettyRequestSender - Using pooled Channel '[id: 0x33e1f89c, L:/127.0.0.1:50024 - R:localhost/127.0.0.1:50191]' for 'GET' to 'http://localhost:50191/session/1c747b2f8da135efb764ecbc6105dc4e/screenshot'
18:33:52.183 [Forwarding screenshot on session 1c747b2f8da135efb764ecbc6105dc4e to remote] DEBUG org.asynchttpclient.netty.request.NettyRequestSender - Using open Channel [id: 0x33e1f89c, L:/127.0.0.1:50024 - R:localhost/127.0.0.1:50191] for GET '/session/1c747b2f8da135efb764ecbc6105dc4e/screenshot'
18:33:52.377 [AsyncHttpClient-1-5] DEBUG org.asynchttpclient.netty.handler.HttpHandler - 

Request DefaultFullHttpRequest(decodeResult: success, version: HTTP/1.1, content: EmptyByteBufBE)
GET /session/1c747b2f8da135efb764ecbc6105dc4e/screenshot HTTP/1.1
User-Agent: selenium/4.1.4 (java windows)
Cache-Control: no-cache
Content-Type: application/json; charset=utf-8
host: localhost:50191
accept: */*

Response DefaultHttpResponse(decodeResult: success, version: HTTP/1.1)
HTTP/1.1 200 OK
Content-Type: application/json; charset=utf-8
cache-control: no-cache
content-length: 313268

18:33:52.377 [AsyncHttpClient-1-5] DEBUG org.asynchttpclient.netty.channel.ChannelManager - Adding key: http://localhost:50191 for channel [id: 0x33e1f89c, L:/127.0.0.1:50024 - R:localhost/127.0.0.1:50191]
18:33:52.389 [main] DEBUG net.serenitybdd.core.photography.Darkroom - Send negative for processing for target\site\serenity\b6f0904714cfdad7aeb9a4a44c6a38982cf2f0fba5bd28c7c2cb76bcd102dc5e.png
18:33:52.390 [Darkroom Processing Line] DEBUG net.serenitybdd.core.photography.DarkroomProcessingLine - Processing screenshot image in /var/screenshots/screenshot-15085651028376891637
18:33:52.390 [Darkroom Processing Line] DEBUG net.serenitybdd.core.photography.DarkroomProcessingLine - Saving screenshot to target\site\serenity\b6f0904714cfdad7aeb9a4a44c6a38982cf2f0fba5bd28c7c2cb76bcd102dc5e.png
18:33:52.637 [AsyncHttpClient-1-1] DEBUG org.asynchttpclient.netty.channel.DefaultChannelPool - Entry count for : http://localhost:50025 : 1
18:33:52.637 [AsyncHttpClient-1-1] DEBUG org.asynchttpclient.netty.channel.DefaultChannelPool - Entry count for : http://localhost:50191 : 1
18:33:53.742 [AsyncHttpClient-1-1] DEBUG org.asynchttpclient.netty.channel.DefaultChannelPool - Entry count for : http://localhost:50025 : 1
18:33:53.742 [AsyncHttpClient-1-1] DEBUG org.asynchttpclient.netty.channel.DefaultChannelPool - Entry count for : http://localhost:50191 : 1
18:33:54.842 [AsyncHttpClient-1-1] DEBUG org.asynchttpclient.netty.channel.DefaultChannelPool - Entry count for : http://localhost:50025 : 1
18:33:54.842 [AsyncHttpClient-1-1] DEBUG org.asynchttpclient.netty.channel.DefaultChannelPool - Entry count for : http://localhost:50191 : 1
18:33:55.942 [AsyncHttpClient-1-1] DEBUG org.asynchttpclient.netty.channel.DefaultChannelPool - Entry count for : http://localhost:50025 : 1
18:33:55.942 [AsyncHttpClient-1-1] DEBUG org.asynchttpclient.netty.channel.DefaultChannelPool - Entry count for : http://localhost:50191 : 1
18:33:57.042 [AsyncHttpClient-1-1] DEBUG org.asynchttpclient.netty.channel.DefaultChannelPool - Entry count for : http://localhost:50025 : 1
18:33:57.042 [AsyncHttpClient-1-1] DEBUG org.asynchttpclient.netty.channel.DefaultChannelPool - Entry count for : http://localhost:50191 : 1
18:33:57.413 [Forwarding findElement on session 1c747b2f8da135efb764ecbc6105dc4e to remote] DEBUG org.asynchttpclient.netty.request.NettyRequestSender - Using pooled Channel '[id: 0x33e1f89c, L:/127.0.0.1:50024 - R:localhost/127.0.0.1:50191]' for 'POST' to 'http://localhost:50191/session/1c747b2f8da135efb764ecbc6105dc4e/element'
18:33:57.413 [Forwarding findElement on session 1c747b2f8da135efb764ecbc6105dc4e to remote] DEBUG org.asynchttpclient.netty.request.NettyRequestSender - Using open Channel [id: 0x33e1f89c, L:/127.0.0.1:50024 - R:localhost/127.0.0.1:50191] for POST '/session/1c747b2f8da135efb764ecbc6105dc4e/element'
18:33:57.439 [AsyncHttpClient-1-5] DEBUG org.asynchttpclient.netty.handler.HttpHandler - 

Request DefaultHttpRequest(decodeResult: success, version: HTTP/1.1)
POST /session/1c747b2f8da135efb764ecbc6105dc4e/element HTTP/1.1
User-Agent: selenium/4.1.4 (java windows)
Content-Length: 68
Content-Type: application/json; charset=utf-8
host: localhost:50191
accept: */*

Response DefaultHttpResponse(decodeResult: success, version: HTTP/1.1)
HTTP/1.1 200 OK
Content-Type: application/json; charset=utf-8
cache-control: no-cache
content-length: 88

18:33:57.439 [AsyncHttpClient-1-5] DEBUG org.asynchttpclient.netty.channel.ChannelManager - Adding key: http://localhost:50191 for channel [id: 0x33e1f89c, L:/127.0.0.1:50024 - R:localhost/127.0.0.1:50191]
18:33:57.439 [Forwarding isElementEnabled on session 1c747b2f8da135efb764ecbc6105dc4e to remote] DEBUG org.asynchttpclient.netty.request.NettyRequestSender - Using pooled Channel '[id: 0x33e1f89c, L:/127.0.0.1:50024 - R:localhost/127.0.0.1:50191]' for 'GET' to 'http://localhost:50191/session/1c747b2f8da135efb764ecbc6105dc4e/element/5910272a-09e9-4d16-b716-345169688e9e/enabled'
18:33:57.439 [Forwarding isElementEnabled on session 1c747b2f8da135efb764ecbc6105dc4e to remote] DEBUG org.asynchttpclient.netty.request.NettyRequestSender - Using open Channel [id: 0x33e1f89c, L:/127.0.0.1:50024 - R:localhost/127.0.0.1:50191] for GET '/session/1c747b2f8da135efb764ecbc6105dc4e/element/5910272a-09e9-4d16-b716-345169688e9e/enabled'
18:33:57.455 [AsyncHttpClient-1-5] DEBUG org.asynchttpclient.netty.handler.HttpHandler - 

Request DefaultFullHttpRequest(decodeResult: success, version: HTTP/1.1, content: EmptyByteBufBE)
GET /session/1c747b2f8da135efb764ecbc6105dc4e/element/5910272a-09e9-4d16-b716-345169688e9e/enabled HTTP/1.1
User-Agent: selenium/4.1.4 (java windows)
Cache-Control: no-cache
Content-Type: application/json; charset=utf-8
host: localhost:50191
accept: */*

Response DefaultHttpResponse(decodeResult: success, version: HTTP/1.1)
HTTP/1.1 200 OK
Content-Type: application/json; charset=utf-8
cache-control: no-cache
content-length: 14

18:33:57.455 [AsyncHttpClient-1-5] DEBUG org.asynchttpclient.netty.channel.ChannelManager - Adding key: http://localhost:50191 for channel [id: 0x33e1f89c, L:/127.0.0.1:50024 - R:localhost/127.0.0.1:50191]
18:33:57.961 [Forwarding screenshot on session 1c747b2f8da135efb764ecbc6105dc4e to remote] DEBUG org.asynchttpclient.netty.request.NettyRequestSender - Using pooled Channel '[id: 0x33e1f89c, L:/127.0.0.1:50024 - R:localhost/127.0.0.1:50191]' for 'GET' to 'http://localhost:50191/session/1c747b2f8da135efb764ecbc6105dc4e/screenshot'
18:33:57.961 [Forwarding screenshot on session 1c747b2f8da135efb764ecbc6105dc4e to remote] DEBUG org.asynchttpclient.netty.request.NettyRequestSender - Using open Channel [id: 0x33e1f89c, L:/127.0.0.1:50024 - R:localhost/127.0.0.1:50191] for GET '/session/1c747b2f8da135efb764ecbc6105dc4e/screenshot'
18:33:58.142 [AsyncHttpClient-1-1] DEBUG org.asynchttpclient.netty.channel.DefaultChannelPool - Entry count for : http://localhost:50025 : 1
18:33:58.152 [AsyncHttpClient-1-5] DEBUG org.asynchttpclient.netty.handler.HttpHandler - 

Request DefaultFullHttpRequest(decodeResult: success, version: HTTP/1.1, content: EmptyByteBufBE)
GET /session/1c747b2f8da135efb764ecbc6105dc4e/screenshot HTTP/1.1
User-Agent: selenium/4.1.4 (java windows)
Cache-Control: no-cache
Content-Type: application/json; charset=utf-8
host: localhost:50191
accept: */*

Response DefaultHttpResponse(decodeResult: success, version: HTTP/1.1)
HTTP/1.1 200 OK
Content-Type: application/json; charset=utf-8
cache-control: no-cache
content-length: 301044

18:33:58.152 [AsyncHttpClient-1-5] DEBUG org.asynchttpclient.netty.channel.ChannelManager - Adding key: http://localhost:50191 for channel [id: 0x33e1f89c, L:/127.0.0.1:50024 - R:localhost/127.0.0.1:50191]
18:33:58.161 [main] DEBUG net.serenitybdd.core.photography.Darkroom - Send negative for processing for target\site\serenity\163e386af0b12517552a74a3d5043b94e8c0f9215c0f21d464e3b04d27a0859d.png
18:33:58.161 [main] DEBUG net.thucydides.core.steps.StepInterceptor - STARTING STEP: LoginSteps.loginValidationInvalid - clickButtonErrorOK
18:33:58.168 [Forwarding findElement on session 1c747b2f8da135efb764ecbc6105dc4e to remote] DEBUG org.asynchttpclient.netty.request.NettyRequestSender - Using pooled Channel '[id: 0x33e1f89c, L:/127.0.0.1:50024 - R:localhost/127.0.0.1:50191]' for 'POST' to 'http://localhost:50191/session/1c747b2f8da135efb764ecbc6105dc4e/element'
18:33:58.168 [Forwarding findElement on session 1c747b2f8da135efb764ecbc6105dc4e to remote] DEBUG org.asynchttpclient.netty.request.NettyRequestSender - Using open Channel [id: 0x33e1f89c, L:/127.0.0.1:50024 - R:localhost/127.0.0.1:50191] for POST '/session/1c747b2f8da135efb764ecbc6105dc4e/element'
18:33:58.179 [AsyncHttpClient-1-5] DEBUG org.asynchttpclient.netty.handler.HttpHandler - 

Request DefaultHttpRequest(decodeResult: success, version: HTTP/1.1)
POST /session/1c747b2f8da135efb764ecbc6105dc4e/element HTTP/1.1
User-Agent: selenium/4.1.4 (java windows)
Content-Length: 88
Content-Type: application/json; charset=utf-8
host: localhost:50191
accept: */*

Response DefaultHttpResponse(decodeResult: success, version: HTTP/1.1)
HTTP/1.1 200 OK
Content-Type: application/json; charset=utf-8
cache-control: no-cache
content-length: 88

18:33:58.179 [AsyncHttpClient-1-5] DEBUG org.asynchttpclient.netty.channel.ChannelManager - Adding key: http://localhost:50191 for channel [id: 0x33e1f89c, L:/127.0.0.1:50024 - R:localhost/127.0.0.1:50191]
18:33:58.180 [Forwarding getElementTagName on session 1c747b2f8da135efb764ecbc6105dc4e to remote] DEBUG org.asynchttpclient.netty.request.NettyRequestSender - Using pooled Channel '[id: 0x33e1f89c, L:/127.0.0.1:50024 - R:localhost/127.0.0.1:50191]' for 'GET' to 'http://localhost:50191/session/1c747b2f8da135efb764ecbc6105dc4e/element/9ac6521c-fb20-4cfb-ab70-c091fc970a61/name'
18:33:58.180 [Forwarding getElementTagName on session 1c747b2f8da135efb764ecbc6105dc4e to remote] DEBUG org.asynchttpclient.netty.request.NettyRequestSender - Using open Channel [id: 0x33e1f89c, L:/127.0.0.1:50024 - R:localhost/127.0.0.1:50191] for GET '/session/1c747b2f8da135efb764ecbc6105dc4e/element/9ac6521c-fb20-4cfb-ab70-c091fc970a61/name'
18:33:58.183 [AsyncHttpClient-1-5] DEBUG org.asynchttpclient.netty.handler.HttpHandler - 

Request DefaultFullHttpRequest(decodeResult: success, version: HTTP/1.1, content: EmptyByteBufBE)
GET /session/1c747b2f8da135efb764ecbc6105dc4e/element/9ac6521c-fb20-4cfb-ab70-c091fc970a61/name HTTP/1.1
User-Agent: selenium/4.1.4 (java windows)
Cache-Control: no-cache
Content-Type: application/json; charset=utf-8
host: localhost:50191
accept: */*

Response DefaultHttpResponse(decodeResult: success, version: HTTP/1.1)
HTTP/1.1 200 OK
Content-Type: application/json; charset=utf-8
cache-control: no-cache
content-length: 18

18:33:58.183 [AsyncHttpClient-1-5] DEBUG org.asynchttpclient.netty.channel.ChannelManager - Adding key: http://localhost:50191 for channel [id: 0x33e1f89c, L:/127.0.0.1:50024 - R:localhost/127.0.0.1:50191]
18:33:58.184 [Forwarding getElementTagName on session 1c747b2f8da135efb764ecbc6105dc4e to remote] DEBUG org.asynchttpclient.netty.request.NettyRequestSender - Using pooled Channel '[id: 0x33e1f89c, L:/127.0.0.1:50024 - R:localhost/127.0.0.1:50191]' for 'GET' to 'http://localhost:50191/session/1c747b2f8da135efb764ecbc6105dc4e/element/9ac6521c-fb20-4cfb-ab70-c091fc970a61/name'
18:33:58.184 [Forwarding getElementTagName on session 1c747b2f8da135efb764ecbc6105dc4e to remote] DEBUG org.asynchttpclient.netty.request.NettyRequestSender - Using open Channel [id: 0x33e1f89c, L:/127.0.0.1:50024 - R:localhost/127.0.0.1:50191] for GET '/session/1c747b2f8da135efb764ecbc6105dc4e/element/9ac6521c-fb20-4cfb-ab70-c091fc970a61/name'
18:33:58.188 [AsyncHttpClient-1-5] DEBUG org.asynchttpclient.netty.handler.HttpHandler - 

Request DefaultFullHttpRequest(decodeResult: success, version: HTTP/1.1, content: EmptyByteBufBE)
GET /session/1c747b2f8da135efb764ecbc6105dc4e/element/9ac6521c-fb20-4cfb-ab70-c091fc970a61/name HTTP/1.1
User-Agent: selenium/4.1.4 (java windows)
Cache-Control: no-cache
Content-Type: application/json; charset=utf-8
host: localhost:50191
accept: */*

Response DefaultHttpResponse(decodeResult: success, version: HTTP/1.1)
HTTP/1.1 200 OK
Content-Type: application/json; charset=utf-8
cache-control: no-cache
content-length: 18

18:33:58.188 [AsyncHttpClient-1-5] DEBUG org.asynchttpclient.netty.channel.ChannelManager - Adding key: http://localhost:50191 for channel [id: 0x33e1f89c, L:/127.0.0.1:50024 - R:localhost/127.0.0.1:50191]
18:33:58.189 [Forwarding isElementEnabled on session 1c747b2f8da135efb764ecbc6105dc4e to remote] DEBUG org.asynchttpclient.netty.request.NettyRequestSender - Using pooled Channel '[id: 0x33e1f89c, L:/127.0.0.1:50024 - R:localhost/127.0.0.1:50191]' for 'GET' to 'http://localhost:50191/session/1c747b2f8da135efb764ecbc6105dc4e/element/9ac6521c-fb20-4cfb-ab70-c091fc970a61/enabled'
18:33:58.189 [Forwarding isElementEnabled on session 1c747b2f8da135efb764ecbc6105dc4e to remote] DEBUG org.asynchttpclient.netty.request.NettyRequestSender - Using open Channel [id: 0x33e1f89c, L:/127.0.0.1:50024 - R:localhost/127.0.0.1:50191] for GET '/session/1c747b2f8da135efb764ecbc6105dc4e/element/9ac6521c-fb20-4cfb-ab70-c091fc970a61/enabled'
18:33:58.197 [AsyncHttpClient-1-5] DEBUG org.asynchttpclient.netty.handler.HttpHandler - 

Request DefaultFullHttpRequest(decodeResult: success, version: HTTP/1.1, content: EmptyByteBufBE)
GET /session/1c747b2f8da135efb764ecbc6105dc4e/element/9ac6521c-fb20-4cfb-ab70-c091fc970a61/enabled HTTP/1.1
User-Agent: selenium/4.1.4 (java windows)
Cache-Control: no-cache
Content-Type: application/json; charset=utf-8
host: localhost:50191
accept: */*

Response DefaultHttpResponse(decodeResult: success, version: HTTP/1.1)
HTTP/1.1 200 OK
Content-Type: application/json; charset=utf-8
cache-control: no-cache
content-length: 14

18:33:58.197 [AsyncHttpClient-1-5] DEBUG org.asynchttpclient.netty.channel.ChannelManager - Adding key: http://localhost:50191 for channel [id: 0x33e1f89c, L:/127.0.0.1:50024 - R:localhost/127.0.0.1:50191]
18:33:58.198 [Forwarding isElementEnabled on session 1c747b2f8da135efb764ecbc6105dc4e to remote] DEBUG org.asynchttpclient.netty.request.NettyRequestSender - Using pooled Channel '[id: 0x33e1f89c, L:/127.0.0.1:50024 - R:localhost/127.0.0.1:50191]' for 'GET' to 'http://localhost:50191/session/1c747b2f8da135efb764ecbc6105dc4e/element/9ac6521c-fb20-4cfb-ab70-c091fc970a61/enabled'
18:33:58.198 [Forwarding isElementEnabled on session 1c747b2f8da135efb764ecbc6105dc4e to remote] DEBUG org.asynchttpclient.netty.request.NettyRequestSender - Using open Channel [id: 0x33e1f89c, L:/127.0.0.1:50024 - R:localhost/127.0.0.1:50191] for GET '/session/1c747b2f8da135efb764ecbc6105dc4e/element/9ac6521c-fb20-4cfb-ab70-c091fc970a61/enabled'
18:33:58.202 [AsyncHttpClient-1-5] DEBUG org.asynchttpclient.netty.handler.HttpHandler - 

Request DefaultFullHttpRequest(decodeResult: success, version: HTTP/1.1, content: EmptyByteBufBE)
GET /session/1c747b2f8da135efb764ecbc6105dc4e/element/9ac6521c-fb20-4cfb-ab70-c091fc970a61/enabled HTTP/1.1
User-Agent: selenium/4.1.4 (java windows)
Cache-Control: no-cache
Content-Type: application/json; charset=utf-8
host: localhost:50191
accept: */*

Response DefaultHttpResponse(decodeResult: success, version: HTTP/1.1)
HTTP/1.1 200 OK
Content-Type: application/json; charset=utf-8
cache-control: no-cache
content-length: 14

18:33:58.203 [AsyncHttpClient-1-5] DEBUG org.asynchttpclient.netty.channel.ChannelManager - Adding key: http://localhost:50191 for channel [id: 0x33e1f89c, L:/127.0.0.1:50024 - R:localhost/127.0.0.1:50191]
18:33:58.204 [Forwarding findElement on session 1c747b2f8da135efb764ecbc6105dc4e to remote] DEBUG org.asynchttpclient.netty.request.NettyRequestSender - Using pooled Channel '[id: 0x33e1f89c, L:/127.0.0.1:50024 - R:localhost/127.0.0.1:50191]' for 'POST' to 'http://localhost:50191/session/1c747b2f8da135efb764ecbc6105dc4e/element'
18:33:58.204 [Forwarding findElement on session 1c747b2f8da135efb764ecbc6105dc4e to remote] DEBUG org.asynchttpclient.netty.request.NettyRequestSender - Using open Channel [id: 0x33e1f89c, L:/127.0.0.1:50024 - R:localhost/127.0.0.1:50191] for POST '/session/1c747b2f8da135efb764ecbc6105dc4e/element'
18:33:58.209 [AsyncHttpClient-1-5] DEBUG org.asynchttpclient.netty.handler.HttpHandler - 

Request DefaultHttpRequest(decodeResult: success, version: HTTP/1.1)
POST /session/1c747b2f8da135efb764ecbc6105dc4e/element HTTP/1.1
User-Agent: selenium/4.1.4 (java windows)
Content-Length: 88
Content-Type: application/json; charset=utf-8
host: localhost:50191
accept: */*

Response DefaultHttpResponse(decodeResult: success, version: HTTP/1.1)
HTTP/1.1 200 OK
Content-Type: application/json; charset=utf-8
cache-control: no-cache
content-length: 88

18:33:58.210 [AsyncHttpClient-1-5] DEBUG org.asynchttpclient.netty.channel.ChannelManager - Adding key: http://localhost:50191 for channel [id: 0x33e1f89c, L:/127.0.0.1:50024 - R:localhost/127.0.0.1:50191]
18:33:58.210 [Forwarding clickElement on session 1c747b2f8da135efb764ecbc6105dc4e to remote] DEBUG org.asynchttpclient.netty.request.NettyRequestSender - Using pooled Channel '[id: 0x33e1f89c, L:/127.0.0.1:50024 - R:localhost/127.0.0.1:50191]' for 'POST' to 'http://localhost:50191/session/1c747b2f8da135efb764ecbc6105dc4e/element/9ac6521c-fb20-4cfb-ab70-c091fc970a61/click'
18:33:58.210 [Forwarding clickElement on session 1c747b2f8da135efb764ecbc6105dc4e to remote] DEBUG org.asynchttpclient.netty.request.NettyRequestSender - Using open Channel [id: 0x33e1f89c, L:/127.0.0.1:50024 - R:localhost/127.0.0.1:50191] for POST '/session/1c747b2f8da135efb764ecbc6105dc4e/element/9ac6521c-fb20-4cfb-ab70-c091fc970a61/click'
18:33:58.270 [AsyncHttpClient-1-5] DEBUG org.asynchttpclient.netty.handler.HttpHandler - 

Request DefaultHttpRequest(decodeResult: success, version: HTTP/1.1)
POST /session/1c747b2f8da135efb764ecbc6105dc4e/element/9ac6521c-fb20-4cfb-ab70-c091fc970a61/click HTTP/1.1
User-Agent: selenium/4.1.4 (java windows)
Content-Length: 50
Content-Type: application/json; charset=utf-8
host: localhost:50191
accept: */*

Response DefaultHttpResponse(decodeResult: success, version: HTTP/1.1)
HTTP/1.1 200 OK
Content-Type: application/json; charset=utf-8
cache-control: no-cache
content-length: 14

18:33:58.270 [AsyncHttpClient-1-5] DEBUG org.asynchttpclient.netty.channel.ChannelManager - Adding key: http://localhost:50191 for channel [id: 0x33e1f89c, L:/127.0.0.1:50024 - R:localhost/127.0.0.1:50191]
18:33:58.274 [Forwarding screenshot on session 1c747b2f8da135efb764ecbc6105dc4e to remote] DEBUG org.asynchttpclient.netty.request.NettyRequestSender - Using pooled Channel '[id: 0x33e1f89c, L:/127.0.0.1:50024 - R:localhost/127.0.0.1:50191]' for 'GET' to 'http://localhost:50191/session/1c747b2f8da135efb764ecbc6105dc4e/screenshot'
18:33:58.274 [Forwarding screenshot on session 1c747b2f8da135efb764ecbc6105dc4e to remote] DEBUG org.asynchttpclient.netty.request.NettyRequestSender - Using open Channel [id: 0x33e1f89c, L:/127.0.0.1:50024 - R:localhost/127.0.0.1:50191] for GET '/session/1c747b2f8da135efb764ecbc6105dc4e/screenshot'
18:33:58.629 [AsyncHttpClient-1-5] DEBUG org.asynchttpclient.netty.handler.HttpHandler - 

Request DefaultFullHttpRequest(decodeResult: success, version: HTTP/1.1, content: EmptyByteBufBE)
GET /session/1c747b2f8da135efb764ecbc6105dc4e/screenshot HTTP/1.1
User-Agent: selenium/4.1.4 (java windows)
Cache-Control: no-cache
Content-Type: application/json; charset=utf-8
host: localhost:50191
accept: */*

Response DefaultHttpResponse(decodeResult: success, version: HTTP/1.1)
HTTP/1.1 200 OK
Content-Type: application/json; charset=utf-8
cache-control: no-cache
content-length: 73808

18:33:58.629 [AsyncHttpClient-1-5] DEBUG org.asynchttpclient.netty.channel.ChannelManager - Adding key: http://localhost:50191 for channel [id: 0x33e1f89c, L:/127.0.0.1:50024 - R:localhost/127.0.0.1:50191]
18:33:58.629 [main] DEBUG net.serenitybdd.core.photography.Darkroom - Send negative for processing for target\site\serenity\ef01aaf4d0de5b90709510340d14d85a0a29d2f3f75c79ee4c315163452cd1b3.png
18:33:58.629 [main] DEBUG net.thucydides.core.steps.StepInterceptor - STEP DONE: clickButtonErrorOK
  &amp#27;[32mAnd &amp#27;[0m&amp#27;[32mLogin validation invalid&amp#27;[0m                                                        &amp#27;[90m# starter.stepdefinitios.LoginSteps.loginValidationInvalid()&amp#27;[0m
18:33:58.629 [Darkroom Processing Line] DEBUG net.serenitybdd.core.photography.DarkroomProcessingLine - Processing screenshot image in /var/screenshots/screenshot-3404849205593562816
18:33:58.629 [Darkroom Processing Line] DEBUG net.serenitybdd.core.photography.DarkroomProcessingLine - Saving screenshot to target\site\serenity\ef01aaf4d0de5b90709510340d14d85a0a29d2f3f75c79ee4c315163452cd1b3.png
18:33:59.243 [AsyncHttpClient-1-1] DEBUG org.asynchttpclient.netty.channel.DefaultChannelPool - Entry count for : http://localhost:50025 : 1
18:33:59.243 [AsyncHttpClient-1-1] DEBUG org.asynchttpclient.netty.channel.DefaultChannelPool - Entry count for : http://localhost:50191 : 1
18:34:00.341 [AsyncHttpClient-1-1] DEBUG org.asynchttpclient.netty.channel.DefaultChannelPool - Entry count for : http://localhost:50025 : 1
18:34:00.342 [AsyncHttpClient-1-1] DEBUG org.asynchttpclient.netty.channel.DefaultChannelPool - Entry count for : http://localhost:50191 : 1
18:34:01.442 [AsyncHttpClient-1-1] DEBUG org.asynchttpclient.netty.channel.DefaultChannelPool - Entry count for : http://localhost:50025 : 1
18:34:01.442 [AsyncHttpClient-1-1] DEBUG org.asynchttpclient.netty.channel.DefaultChannelPool - Entry count for : http://localhost:50191 : 1
18:34:02.538 [AsyncHttpClient-1-1] DEBUG org.asynchttpclient.netty.channel.DefaultChannelPool - Entry count for : http://localhost:50025 : 1
18:34:02.538 [AsyncHttpClient-1-1] DEBUG org.asynchttpclient.netty.channel.DefaultChannelPool - Entry count for : http://localhost:50191 : 1
18:34:03.636 [AsyncHttpClient-1-1] DEBUG org.asynchttpclient.netty.channel.DefaultChannelPool - Entry count for : http://localhost:50025 : 1
18:34:03.636 [AsyncHttpClient-1-1] DEBUG org.asynchttpclient.netty.channel.DefaultChannelPool - Entry count for : http://localhost:50191 : 1
18:34:03.690 [Forwarding screenshot on session 1c747b2f8da135efb764ecbc6105dc4e to remote] DEBUG org.asynchttpclient.netty.request.NettyRequestSender - Using pooled Channel '[id: 0x33e1f89c, L:/127.0.0.1:50024 - R:localhost/127.0.0.1:50191]' for 'GET' to 'http://localhost:50191/session/1c747b2f8da135efb764ecbc6105dc4e/screenshot'
18:34:03.690 [Forwarding screenshot on session 1c747b2f8da135efb764ecbc6105dc4e to remote] DEBUG org.asynchttpclient.netty.request.NettyRequestSender - Using open Channel [id: 0x33e1f89c, L:/127.0.0.1:50024 - R:localhost/127.0.0.1:50191] for GET '/session/1c747b2f8da135efb764ecbc6105dc4e/screenshot'
18:34:03.852 [AsyncHttpClient-1-5] DEBUG org.asynchttpclient.netty.handler.HttpHandler - 

Request DefaultFullHttpRequest(decodeResult: success, version: HTTP/1.1, content: EmptyByteBufBE)
GET /session/1c747b2f8da135efb764ecbc6105dc4e/screenshot HTTP/1.1
User-Agent: selenium/4.1.4 (java windows)
Cache-Control: no-cache
Content-Type: application/json; charset=utf-8
host: localhost:50191
accept: */*

Response DefaultHttpResponse(decodeResult: success, version: HTTP/1.1)
HTTP/1.1 200 OK
Content-Type: application/json; charset=utf-8
cache-control: no-cache
content-length: 78860

18:34:03.852 [AsyncHttpClient-1-5] DEBUG org.asynchttpclient.netty.channel.ChannelManager - Adding key: http://localhost:50191 for channel [id: 0x33e1f89c, L:/127.0.0.1:50024 - R:localhost/127.0.0.1:50191]
18:34:03.854 [main] DEBUG net.serenitybdd.core.photography.Darkroom - Send negative for processing for target\site\serenity\e3902e4e6d497170d59aa0c0c2930d955492166dca27ad580f2b08c08bf103aa.png
18:34:03.854 [main] DEBUG net.thucydides.core.steps.StepInterceptor - STARTING STEP: PatientDataSteps.clickButtonDataPasien - clickButtonDataPasien
18:34:03.857 [Forwarding findElement on session 1c747b2f8da135efb764ecbc6105dc4e to remote] DEBUG org.asynchttpclient.netty.request.NettyRequestSender - Using pooled Channel '[id: 0x33e1f89c, L:/127.0.0.1:50024 - R:localhost/127.0.0.1:50191]' for 'POST' to 'http://localhost:50191/session/1c747b2f8da135efb764ecbc6105dc4e/element'
18:34:03.857 [Forwarding findElement on session 1c747b2f8da135efb764ecbc6105dc4e to remote] DEBUG org.asynchttpclient.netty.request.NettyRequestSender - Using open Channel [id: 0x33e1f89c, L:/127.0.0.1:50024 - R:localhost/127.0.0.1:50191] for POST '/session/1c747b2f8da135efb764ecbc6105dc4e/element'
18:34:03.869 [AsyncHttpClient-1-5] DEBUG org.asynchttpclient.netty.handler.HttpHandler - 

Request DefaultHttpRequest(decodeResult: success, version: HTTP/1.1)
POST /session/1c747b2f8da135efb764ecbc6105dc4e/element HTTP/1.1
User-Agent: selenium/4.1.4 (java windows)
Content-Length: 114
Content-Type: application/json; charset=utf-8
host: localhost:50191
accept: */*

Response DefaultHttpResponse(decodeResult: success, version: HTTP/1.1)
HTTP/1.1 200 OK
Content-Type: application/json; charset=utf-8
cache-control: no-cache
content-length: 88

18:34:03.869 [AsyncHttpClient-1-5] DEBUG org.asynchttpclient.netty.channel.ChannelManager - Adding key: http://localhost:50191 for channel [id: 0x33e1f89c, L:/127.0.0.1:50024 - R:localhost/127.0.0.1:50191]
18:34:03.870 [Forwarding getElementTagName on session 1c747b2f8da135efb764ecbc6105dc4e to remote] DEBUG org.asynchttpclient.netty.request.NettyRequestSender - Using pooled Channel '[id: 0x33e1f89c, L:/127.0.0.1:50024 - R:localhost/127.0.0.1:50191]' for 'GET' to 'http://localhost:50191/session/1c747b2f8da135efb764ecbc6105dc4e/element/c6e0c0f4-ec23-4bba-b47a-e4bc16ab269f/name'
18:34:03.870 [Forwarding getElementTagName on session 1c747b2f8da135efb764ecbc6105dc4e to remote] DEBUG org.asynchttpclient.netty.request.NettyRequestSender - Using open Channel [id: 0x33e1f89c, L:/127.0.0.1:50024 - R:localhost/127.0.0.1:50191] for GET '/session/1c747b2f8da135efb764ecbc6105dc4e/element/c6e0c0f4-ec23-4bba-b47a-e4bc16ab269f/name'
18:34:03.874 [AsyncHttpClient-1-5] DEBUG org.asynchttpclient.netty.handler.HttpHandler - 

Request DefaultFullHttpRequest(decodeResult: success, version: HTTP/1.1, content: EmptyByteBufBE)
GET /session/1c747b2f8da135efb764ecbc6105dc4e/element/c6e0c0f4-ec23-4bba-b47a-e4bc16ab269f/name HTTP/1.1
User-Agent: selenium/4.1.4 (java windows)
Cache-Control: no-cache
Content-Type: application/json; charset=utf-8
host: localhost:50191
accept: */*

Response DefaultHttpResponse(decodeResult: success, version: HTTP/1.1)
HTTP/1.1 200 OK
Content-Type: application/json; charset=utf-8
cache-control: no-cache
content-length: 13

18:34:03.874 [AsyncHttpClient-1-5] DEBUG org.asynchttpclient.netty.channel.ChannelManager - Adding key: http://localhost:50191 for channel [id: 0x33e1f89c, L:/127.0.0.1:50024 - R:localhost/127.0.0.1:50191]
18:34:03.874 [Forwarding getElementTagName on session 1c747b2f8da135efb764ecbc6105dc4e to remote] DEBUG org.asynchttpclient.netty.request.NettyRequestSender - Using pooled Channel '[id: 0x33e1f89c, L:/127.0.0.1:50024 - R:localhost/127.0.0.1:50191]' for 'GET' to 'http://localhost:50191/session/1c747b2f8da135efb764ecbc6105dc4e/element/c6e0c0f4-ec23-4bba-b47a-e4bc16ab269f/name'
18:34:03.874 [Forwarding getElementTagName on session 1c747b2f8da135efb764ecbc6105dc4e to remote] DEBUG org.asynchttpclient.netty.request.NettyRequestSender - Using open Channel [id: 0x33e1f89c, L:/127.0.0.1:50024 - R:localhost/127.0.0.1:50191] for GET '/session/1c747b2f8da135efb764ecbc6105dc4e/element/c6e0c0f4-ec23-4bba-b47a-e4bc16ab269f/name'
18:34:03.878 [AsyncHttpClient-1-5] DEBUG org.asynchttpclient.netty.handler.HttpHandler - 

Request DefaultFullHttpRequest(decodeResult: success, version: HTTP/1.1, content: EmptyByteBufBE)
GET /session/1c747b2f8da135efb764ecbc6105dc4e/element/c6e0c0f4-ec23-4bba-b47a-e4bc16ab269f/name HTTP/1.1
User-Agent: selenium/4.1.4 (java windows)
Cache-Control: no-cache
Content-Type: application/json; charset=utf-8
host: localhost:50191
accept: */*

Response DefaultHttpResponse(decodeResult: success, version: HTTP/1.1)
HTTP/1.1 200 OK
Content-Type: application/json; charset=utf-8
cache-control: no-cache
content-length: 13

18:34:03.878 [AsyncHttpClient-1-5] DEBUG org.asynchttpclient.netty.channel.ChannelManager - Adding key: http://localhost:50191 for channel [id: 0x33e1f89c, L:/127.0.0.1:50024 - R:localhost/127.0.0.1:50191]
18:34:03.879 [Forwarding findElement on session 1c747b2f8da135efb764ecbc6105dc4e to remote] DEBUG org.asynchttpclient.netty.request.NettyRequestSender - Using pooled Channel '[id: 0x33e1f89c, L:/127.0.0.1:50024 - R:localhost/127.0.0.1:50191]' for 'POST' to 'http://localhost:50191/session/1c747b2f8da135efb764ecbc6105dc4e/element'
18:34:03.879 [Forwarding findElement on session 1c747b2f8da135efb764ecbc6105dc4e to remote] DEBUG org.asynchttpclient.netty.request.NettyRequestSender - Using open Channel [id: 0x33e1f89c, L:/127.0.0.1:50024 - R:localhost/127.0.0.1:50191] for POST '/session/1c747b2f8da135efb764ecbc6105dc4e/element'
18:34:03.886 [AsyncHttpClient-1-5] DEBUG org.asynchttpclient.netty.handler.HttpHandler - 

Request DefaultHttpRequest(decodeResult: success, version: HTTP/1.1)
POST /session/1c747b2f8da135efb764ecbc6105dc4e/element HTTP/1.1
User-Agent: selenium/4.1.4 (java windows)
Content-Length: 114
Content-Type: application/json; charset=utf-8
host: localhost:50191
accept: */*

Response DefaultHttpResponse(decodeResult: success, version: HTTP/1.1)
HTTP/1.1 200 OK
Content-Type: application/json; charset=utf-8
cache-control: no-cache
content-length: 88

18:34:03.886 [AsyncHttpClient-1-5] DEBUG org.asynchttpclient.netty.channel.ChannelManager - Adding key: http://localhost:50191 for channel [id: 0x33e1f89c, L:/127.0.0.1:50024 - R:localhost/127.0.0.1:50191]
18:34:03.887 [Forwarding clickElement on session 1c747b2f8da135efb764ecbc6105dc4e to remote] DEBUG org.asynchttpclient.netty.request.NettyRequestSender - Using pooled Channel '[id: 0x33e1f89c, L:/127.0.0.1:50024 - R:localhost/127.0.0.1:50191]' for 'POST' to 'http://localhost:50191/session/1c747b2f8da135efb764ecbc6105dc4e/element/c6e0c0f4-ec23-4bba-b47a-e4bc16ab269f/click'
18:34:03.887 [Forwarding clickElement on session 1c747b2f8da135efb764ecbc6105dc4e to remote] DEBUG org.asynchttpclient.netty.request.NettyRequestSender - Using open Channel [id: 0x33e1f89c, L:/127.0.0.1:50024 - R:localhost/127.0.0.1:50191] for POST '/session/1c747b2f8da135efb764ecbc6105dc4e/element/c6e0c0f4-ec23-4bba-b47a-e4bc16ab269f/click'
18:34:03.967 [AsyncHttpClient-1-5] DEBUG org.asynchttpclient.netty.handler.HttpHandler - 

Request DefaultHttpRequest(decodeResult: success, version: HTTP/1.1)
POST /session/1c747b2f8da135efb764ecbc6105dc4e/element/c6e0c0f4-ec23-4bba-b47a-e4bc16ab269f/click HTTP/1.1
User-Agent: selenium/4.1.4 (java windows)
Content-Length: 50
Content-Type: application/json; charset=utf-8
host: localhost:50191
accept: */*

Response DefaultHttpResponse(decodeResult: success, version: HTTP/1.1)
HTTP/1.1 200 OK
Content-Type: application/json; charset=utf-8
cache-control: no-cache
content-length: 14

18:34:03.967 [AsyncHttpClient-1-5] DEBUG org.asynchttpclient.netty.channel.ChannelManager - Adding key: http://localhost:50191 for channel [id: 0x33e1f89c, L:/127.0.0.1:50024 - R:localhost/127.0.0.1:50191]
18:34:03.974 [Forwarding screenshot on session 1c747b2f8da135efb764ecbc6105dc4e to remote] DEBUG org.asynchttpclient.netty.request.NettyRequestSender - Using pooled Channel '[id: 0x33e1f89c, L:/127.0.0.1:50024 - R:localhost/127.0.0.1:50191]' for 'GET' to 'http://localhost:50191/session/1c747b2f8da135efb764ecbc6105dc4e/screenshot'
18:34:03.974 [Forwarding screenshot on session 1c747b2f8da135efb764ecbc6105dc4e to remote] DEBUG org.asynchttpclient.netty.request.NettyRequestSender - Using open Channel [id: 0x33e1f89c, L:/127.0.0.1:50024 - R:localhost/127.0.0.1:50191] for GET '/session/1c747b2f8da135efb764ecbc6105dc4e/screenshot'
18:34:04.122 [AsyncHttpClient-1-5] DEBUG org.asynchttpclient.netty.handler.HttpHandler - 

Request DefaultFullHttpRequest(decodeResult: success, version: HTTP/1.1, content: EmptyByteBufBE)
GET /session/1c747b2f8da135efb764ecbc6105dc4e/screenshot HTTP/1.1
User-Agent: selenium/4.1.4 (java windows)
Cache-Control: no-cache
Content-Type: application/json; charset=utf-8
host: localhost:50191
accept: */*

Response DefaultHttpResponse(decodeResult: success, version: HTTP/1.1)
HTTP/1.1 200 OK
Content-Type: application/json; charset=utf-8
cache-control: no-cache
content-length: 114804

18:34:04.122 [AsyncHttpClient-1-5] DEBUG org.asynchttpclient.netty.channel.ChannelManager - Adding key: http://localhost:50191 for channel [id: 0x33e1f89c, L:/127.0.0.1:50024 - R:localhost/127.0.0.1:50191]
18:34:04.126 [main] DEBUG net.serenitybdd.core.photography.Darkroom - Send negative for processing for target\site\serenity\54a63ed0ce9c2440efb5b6b1d33b1008e6cdebb43124bd8289c747a504033900.png
18:34:04.126 [main] DEBUG net.thucydides.core.steps.StepInterceptor - STEP DONE: clickButtonDataPasien
  &amp#27;[32mWhen &amp#27;[0m&amp#27;[32mClick button data pasien&amp#27;[0m                                                       &amp#27;[90m# starter.stepdefinitios.PatientDataSteps.clickButtonDataPasien()&amp#27;[0m
18:34:04.126 [Darkroom Processing Line] DEBUG net.serenitybdd.core.photography.DarkroomProcessingLine - Processing screenshot image in /var/screenshots/screenshot-12967274911015609458
18:34:04.126 [Darkroom Processing Line] DEBUG net.serenitybdd.core.photography.DarkroomProcessingLine - Saving screenshot to target\site\serenity\54a63ed0ce9c2440efb5b6b1d33b1008e6cdebb43124bd8289c747a504033900.png
18:34:04.735 [AsyncHttpClient-1-1] DEBUG org.asynchttpclient.netty.channel.DefaultChannelPool - Entry count for : http://localhost:50025 : 1
18:34:04.735 [AsyncHttpClient-1-1] DEBUG org.asynchttpclient.netty.channel.DefaultChannelPool - Entry count for : http://localhost:50191 : 1
18:34:05.836 [AsyncHttpClient-1-1] DEBUG org.asynchttpclient.netty.channel.DefaultChannelPool - Entry count for : http://localhost:50025 : 1
18:34:05.836 [AsyncHttpClient-1-1] DEBUG org.asynchttpclient.netty.channel.DefaultChannelPool - Entry count for : http://localhost:50191 : 1
18:34:06.938 [AsyncHttpClient-1-1] DEBUG org.asynchttpclient.netty.channel.DefaultChannelPool - Entry count for : http://localhost:50025 : 1
18:34:06.938 [AsyncHttpClient-1-1] DEBUG org.asynchttpclient.netty.channel.DefaultChannelPool - Entry count for : http://localhost:50191 : 1
18:34:08.037 [AsyncHttpClient-1-1] DEBUG org.asynchttpclient.netty.channel.DefaultChannelPool - Entry count for : http://localhost:50025 : 1
18:34:08.037 [AsyncHttpClient-1-1] DEBUG org.asynchttpclient.netty.channel.DefaultChannelPool - Entry count for : http://localhost:50191 : 1
18:34:09.144 [AsyncHttpClient-1-1] DEBUG org.asynchttpclient.netty.channel.DefaultChannelPool - Entry count for : http://localhost:50025 : 1
18:34:09.144 [AsyncHttpClient-1-1] DEBUG org.asynchttpclient.netty.channel.DefaultChannelPool - Entry count for : http://localhost:50191 : 1
18:34:09.150 [Forwarding screenshot on session 1c747b2f8da135efb764ecbc6105dc4e to remote] DEBUG org.asynchttpclient.netty.request.NettyRequestSender - Using pooled Channel '[id: 0x33e1f89c, L:/127.0.0.1:50024 - R:localhost/127.0.0.1:50191]' for 'GET' to 'http://localhost:50191/session/1c747b2f8da135efb764ecbc6105dc4e/screenshot'
18:34:09.150 [Forwarding screenshot on session 1c747b2f8da135efb764ecbc6105dc4e to remote] DEBUG org.asynchttpclient.netty.request.NettyRequestSender - Using open Channel [id: 0x33e1f89c, L:/127.0.0.1:50024 - R:localhost/127.0.0.1:50191] for GET '/session/1c747b2f8da135efb764ecbc6105dc4e/screenshot'
18:34:09.338 [AsyncHttpClient-1-5] DEBUG org.asynchttpclient.netty.handler.HttpHandler - 

Request DefaultFullHttpRequest(decodeResult: success, version: HTTP/1.1, content: EmptyByteBufBE)
GET /session/1c747b2f8da135efb764ecbc6105dc4e/screenshot HTTP/1.1
User-Agent: selenium/4.1.4 (java windows)
Cache-Control: no-cache
Content-Type: application/json; charset=utf-8
host: localhost:50191
accept: */*

Response DefaultHttpResponse(decodeResult: success, version: HTTP/1.1)
HTTP/1.1 200 OK
Content-Type: application/json; charset=utf-8
cache-control: no-cache
content-length: 98488

18:34:09.338 [AsyncHttpClient-1-5] DEBUG org.asynchttpclient.netty.channel.ChannelManager - Adding key: http://localhost:50191 for channel [id: 0x33e1f89c, L:/127.0.0.1:50024 - R:localhost/127.0.0.1:50191]
18:34:09.339 [main] DEBUG net.serenitybdd.core.photography.Darkroom - Send negative for processing for target\site\serenity\addaf5ec6239e0d3e4425671756968a7a7455f25f8897a214886f8eb6a377d89.png
18:34:09.339 [main] DEBUG net.thucydides.core.steps.StepInterceptor - STARTING STEP: PatientDataSteps.clickDetailPatientData - clickButtonDetail
18:34:09.339 [Darkroom Processing Line] DEBUG net.serenitybdd.core.photography.DarkroomProcessingLine - Processing screenshot image in /var/screenshots/screenshot-13593666316975572506
18:34:09.339 [Darkroom Processing Line] DEBUG net.serenitybdd.core.photography.DarkroomProcessingLine - Saving screenshot to target\site\serenity\addaf5ec6239e0d3e4425671756968a7a7455f25f8897a214886f8eb6a377d89.png
18:34:09.345 [Forwarding findElement on session 1c747b2f8da135efb764ecbc6105dc4e to remote] DEBUG org.asynchttpclient.netty.request.NettyRequestSender - Using pooled Channel '[id: 0x33e1f89c, L:/127.0.0.1:50024 - R:localhost/127.0.0.1:50191]' for 'POST' to 'http://localhost:50191/session/1c747b2f8da135efb764ecbc6105dc4e/element'
18:34:09.345 [Forwarding findElement on session 1c747b2f8da135efb764ecbc6105dc4e to remote] DEBUG org.asynchttpclient.netty.request.NettyRequestSender - Using open Channel [id: 0x33e1f89c, L:/127.0.0.1:50024 - R:localhost/127.0.0.1:50191] for POST '/session/1c747b2f8da135efb764ecbc6105dc4e/element'
18:34:09.361 [AsyncHttpClient-1-5] DEBUG org.asynchttpclient.netty.handler.HttpHandler - 

Request DefaultHttpRequest(decodeResult: success, version: HTTP/1.1)
POST /session/1c747b2f8da135efb764ecbc6105dc4e/element HTTP/1.1
User-Agent: selenium/4.1.4 (java windows)
Content-Length: 92
Content-Type: application/json; charset=utf-8
host: localhost:50191
accept: */*

Response DefaultHttpResponse(decodeResult: success, version: HTTP/1.1)
HTTP/1.1 200 OK
Content-Type: application/json; charset=utf-8
cache-control: no-cache
content-length: 88

18:34:09.361 [AsyncHttpClient-1-5] DEBUG org.asynchttpclient.netty.channel.ChannelManager - Adding key: http://localhost:50191 for channel [id: 0x33e1f89c, L:/127.0.0.1:50024 - R:localhost/127.0.0.1:50191]
18:34:09.362 [Forwarding getElementTagName on session 1c747b2f8da135efb764ecbc6105dc4e to remote] DEBUG org.asynchttpclient.netty.request.NettyRequestSender - Using pooled Channel '[id: 0x33e1f89c, L:/127.0.0.1:50024 - R:localhost/127.0.0.1:50191]' for 'GET' to 'http://localhost:50191/session/1c747b2f8da135efb764ecbc6105dc4e/element/dc4b433f-7c89-49c3-8d01-58c6db086d13/name'
18:34:09.362 [Forwarding getElementTagName on session 1c747b2f8da135efb764ecbc6105dc4e to remote] DEBUG org.asynchttpclient.netty.request.NettyRequestSender - Using open Channel [id: 0x33e1f89c, L:/127.0.0.1:50024 - R:localhost/127.0.0.1:50191] for GET '/session/1c747b2f8da135efb764ecbc6105dc4e/element/dc4b433f-7c89-49c3-8d01-58c6db086d13/name'
18:34:09.367 [AsyncHttpClient-1-5] DEBUG org.asynchttpclient.netty.handler.HttpHandler - 

Request DefaultFullHttpRequest(decodeResult: success, version: HTTP/1.1, content: EmptyByteBufBE)
GET /session/1c747b2f8da135efb764ecbc6105dc4e/element/dc4b433f-7c89-49c3-8d01-58c6db086d13/name HTTP/1.1
User-Agent: selenium/4.1.4 (java windows)
Cache-Control: no-cache
Content-Type: application/json; charset=utf-8
host: localhost:50191
accept: */*

Response DefaultHttpResponse(decodeResult: success, version: HTTP/1.1)
HTTP/1.1 200 OK
Content-Type: application/json; charset=utf-8
cache-control: no-cache
content-length: 15

18:34:09.367 [AsyncHttpClient-1-5] DEBUG org.asynchttpclient.netty.channel.ChannelManager - Adding key: http://localhost:50191 for channel [id: 0x33e1f89c, L:/127.0.0.1:50024 - R:localhost/127.0.0.1:50191]
18:34:09.368 [Forwarding getElementTagName on session 1c747b2f8da135efb764ecbc6105dc4e to remote] DEBUG org.asynchttpclient.netty.request.NettyRequestSender - Using pooled Channel '[id: 0x33e1f89c, L:/127.0.0.1:50024 - R:localhost/127.0.0.1:50191]' for 'GET' to 'http://localhost:50191/session/1c747b2f8da135efb764ecbc6105dc4e/element/dc4b433f-7c89-49c3-8d01-58c6db086d13/name'
18:34:09.368 [Forwarding getElementTagName on session 1c747b2f8da135efb764ecbc6105dc4e to remote] DEBUG org.asynchttpclient.netty.request.NettyRequestSender - Using open Channel [id: 0x33e1f89c, L:/127.0.0.1:50024 - R:localhost/127.0.0.1:50191] for GET '/session/1c747b2f8da135efb764ecbc6105dc4e/element/dc4b433f-7c89-49c3-8d01-58c6db086d13/name'
18:34:09.371 [AsyncHttpClient-1-5] DEBUG org.asynchttpclient.netty.handler.HttpHandler - 

Request DefaultFullHttpRequest(decodeResult: success, version: HTTP/1.1, content: EmptyByteBufBE)
GET /session/1c747b2f8da135efb764ecbc6105dc4e/element/dc4b433f-7c89-49c3-8d01-58c6db086d13/name HTTP/1.1
User-Agent: selenium/4.1.4 (java windows)
Cache-Control: no-cache
Content-Type: application/json; charset=utf-8
host: localhost:50191
accept: */*

Response DefaultHttpResponse(decodeResult: success, version: HTTP/1.1)
HTTP/1.1 200 OK
Content-Type: application/json; charset=utf-8
cache-control: no-cache
content-length: 15

18:34:09.372 [AsyncHttpClient-1-5] DEBUG org.asynchttpclient.netty.channel.ChannelManager - Adding key: http://localhost:50191 for channel [id: 0x33e1f89c, L:/127.0.0.1:50024 - R:localhost/127.0.0.1:50191]
18:34:09.374 [Forwarding findElement on session 1c747b2f8da135efb764ecbc6105dc4e to remote] DEBUG org.asynchttpclient.netty.request.NettyRequestSender - Using pooled Channel '[id: 0x33e1f89c, L:/127.0.0.1:50024 - R:localhost/127.0.0.1:50191]' for 'POST' to 'http://localhost:50191/session/1c747b2f8da135efb764ecbc6105dc4e/element'
18:34:09.374 [Forwarding findElement on session 1c747b2f8da135efb764ecbc6105dc4e to remote] DEBUG org.asynchttpclient.netty.request.NettyRequestSender - Using open Channel [id: 0x33e1f89c, L:/127.0.0.1:50024 - R:localhost/127.0.0.1:50191] for POST '/session/1c747b2f8da135efb764ecbc6105dc4e/element'
18:34:09.386 [AsyncHttpClient-1-5] DEBUG org.asynchttpclient.netty.handler.HttpHandler - 

Request DefaultHttpRequest(decodeResult: success, version: HTTP/1.1)
POST /session/1c747b2f8da135efb764ecbc6105dc4e/element HTTP/1.1
User-Agent: selenium/4.1.4 (java windows)
Content-Length: 92
Content-Type: application/json; charset=utf-8
host: localhost:50191
accept: */*

Response DefaultHttpResponse(decodeResult: success, version: HTTP/1.1)
HTTP/1.1 200 OK
Content-Type: application/json; charset=utf-8
cache-control: no-cache
content-length: 88

18:34:09.386 [AsyncHttpClient-1-5] DEBUG org.asynchttpclient.netty.channel.ChannelManager - Adding key: http://localhost:50191 for channel [id: 0x33e1f89c, L:/127.0.0.1:50024 - R:localhost/127.0.0.1:50191]
18:34:09.387 [Forwarding clickElement on session 1c747b2f8da135efb764ecbc6105dc4e to remote] DEBUG org.asynchttpclient.netty.request.NettyRequestSender - Using pooled Channel '[id: 0x33e1f89c, L:/127.0.0.1:50024 - R:localhost/127.0.0.1:50191]' for 'POST' to 'http://localhost:50191/session/1c747b2f8da135efb764ecbc6105dc4e/element/dc4b433f-7c89-49c3-8d01-58c6db086d13/click'
18:34:09.387 [Forwarding clickElement on session 1c747b2f8da135efb764ecbc6105dc4e to remote] DEBUG org.asynchttpclient.netty.request.NettyRequestSender - Using open Channel [id: 0x33e1f89c, L:/127.0.0.1:50024 - R:localhost/127.0.0.1:50191] for POST '/session/1c747b2f8da135efb764ecbc6105dc4e/element/dc4b433f-7c89-49c3-8d01-58c6db086d13/click'
18:34:09.571 [AsyncHttpClient-1-5] DEBUG org.asynchttpclient.netty.handler.HttpHandler - 

Request DefaultHttpRequest(decodeResult: success, version: HTTP/1.1)
POST /session/1c747b2f8da135efb764ecbc6105dc4e/element/dc4b433f-7c89-49c3-8d01-58c6db086d13/click HTTP/1.1
User-Agent: selenium/4.1.4 (java windows)
Content-Length: 50
Content-Type: application/json; charset=utf-8
host: localhost:50191
accept: */*

Response DefaultHttpResponse(decodeResult: success, version: HTTP/1.1)
HTTP/1.1 200 OK
Content-Type: application/json; charset=utf-8
cache-control: no-cache
content-length: 14

18:34:09.571 [AsyncHttpClient-1-5] DEBUG org.asynchttpclient.netty.channel.ChannelManager - Adding key: http://localhost:50191 for channel [id: 0x33e1f89c, L:/127.0.0.1:50024 - R:localhost/127.0.0.1:50191]
18:34:09.580 [Forwarding screenshot on session 1c747b2f8da135efb764ecbc6105dc4e to remote] DEBUG org.asynchttpclient.netty.request.NettyRequestSender - Using pooled Channel '[id: 0x33e1f89c, L:/127.0.0.1:50024 - R:localhost/127.0.0.1:50191]' for 'GET' to 'http://localhost:50191/session/1c747b2f8da135efb764ecbc6105dc4e/screenshot'
18:34:09.580 [Forwarding screenshot on session 1c747b2f8da135efb764ecbc6105dc4e to remote] DEBUG org.asynchttpclient.netty.request.NettyRequestSender - Using open Channel [id: 0x33e1f89c, L:/127.0.0.1:50024 - R:localhost/127.0.0.1:50191] for GET '/session/1c747b2f8da135efb764ecbc6105dc4e/screenshot'
18:34:09.855 [AsyncHttpClient-1-5] DEBUG org.asynchttpclient.netty.handler.HttpHandler - 

Request DefaultFullHttpRequest(decodeResult: success, version: HTTP/1.1, content: EmptyByteBufBE)
GET /session/1c747b2f8da135efb764ecbc6105dc4e/screenshot HTTP/1.1
User-Agent: selenium/4.1.4 (java windows)
Cache-Control: no-cache
Content-Type: application/json; charset=utf-8
host: localhost:50191
accept: */*

Response DefaultHttpResponse(decodeResult: success, version: HTTP/1.1)
HTTP/1.1 200 OK
Content-Type: application/json; charset=utf-8
cache-control: no-cache
content-length: 35168

18:34:09.855 [AsyncHttpClient-1-5] DEBUG org.asynchttpclient.netty.channel.ChannelManager - Adding key: http://localhost:50191 for channel [id: 0x33e1f89c, L:/127.0.0.1:50024 - R:localhost/127.0.0.1:50191]
18:34:09.858 [main] DEBUG net.serenitybdd.core.photography.Darkroom - Send negative for processing for target\site\serenity\688743cd3f40d3990764f63bbe09ec778421f2669d841d5802e4fcd61e599575.png
18:34:09.858 [main] DEBUG net.thucydides.core.steps.StepInterceptor - STEP DONE: clickButtonDetail
  &amp#27;[32mAnd &amp#27;[0m&amp#27;[32mClick Detail Patient data&amp#27;[0m                                                       &amp#27;[90m# starter.stepdefinitios.PatientDataSteps.clickDetailPatientData()&amp#27;[0m
18:34:09.858 [Darkroom Processing Line] DEBUG net.serenitybdd.core.photography.DarkroomProcessingLine - Processing screenshot image in /var/screenshots/screenshot-17554468782399127974
18:34:09.858 [Darkroom Processing Line] DEBUG net.serenitybdd.core.photography.DarkroomProcessingLine - Saving screenshot to target\site\serenity\688743cd3f40d3990764f63bbe09ec778421f2669d841d5802e4fcd61e599575.png
18:34:10.236 [AsyncHttpClient-1-1] DEBUG org.asynchttpclient.netty.channel.DefaultChannelPool - Entry count for : http://localhost:50025 : 1
18:34:10.236 [AsyncHttpClient-1-1] DEBUG org.asynchttpclient.netty.channel.DefaultChannelPool - Entry count for : http://localhost:50191 : 1
18:34:11.340 [AsyncHttpClient-1-1] DEBUG org.asynchttpclient.netty.channel.DefaultChannelPool - Entry count for : http://localhost:50025 : 1
18:34:11.340 [AsyncHttpClient-1-1] DEBUG org.asynchttpclient.netty.channel.DefaultChannelPool - Entry count for : http://localhost:50191 : 1
18:34:11.409 [Forwarding screenshot on session 1c747b2f8da135efb764ecbc6105dc4e to remote] DEBUG org.asynchttpclient.netty.request.NettyRequestSender - Using pooled Channel '[id: 0x33e1f89c, L:/127.0.0.1:50024 - R:localhost/127.0.0.1:50191]' for 'GET' to 'http://localhost:50191/session/1c747b2f8da135efb764ecbc6105dc4e/screenshot'
18:34:11.409 [Forwarding screenshot on session 1c747b2f8da135efb764ecbc6105dc4e to remote] DEBUG org.asynchttpclient.netty.request.NettyRequestSender - Using open Channel [id: 0x33e1f89c, L:/127.0.0.1:50024 - R:localhost/127.0.0.1:50191] for GET '/session/1c747b2f8da135efb764ecbc6105dc4e/screenshot'
18:34:11.583 [AsyncHttpClient-1-5] DEBUG org.asynchttpclient.netty.handler.HttpHandler - 

Request DefaultFullHttpRequest(decodeResult: success, version: HTTP/1.1, content: EmptyByteBufBE)
GET /session/1c747b2f8da135efb764ecbc6105dc4e/screenshot HTTP/1.1
User-Agent: selenium/4.1.4 (java windows)
Cache-Control: no-cache
Content-Type: application/json; charset=utf-8
host: localhost:50191
accept: */*

Response DefaultHttpResponse(decodeResult: success, version: HTTP/1.1)
HTTP/1.1 200 OK
Content-Type: application/json; charset=utf-8
cache-control: no-cache
content-length: 65456

18:34:11.583 [AsyncHttpClient-1-5] DEBUG org.asynchttpclient.netty.channel.ChannelManager - Adding key: http://localhost:50191 for channel [id: 0x33e1f89c, L:/127.0.0.1:50024 - R:localhost/127.0.0.1:50191]
18:34:11.585 [main] DEBUG net.serenitybdd.core.photography.Darkroom - Send negative for processing for target\site\serenity\0ebc5218cd6f263e7cc0cda80128ff8945c79744f9cc3b38c9a4eb570f12b296.png
18:34:11.585 [main] DEBUG net.thucydides.core.steps.StepInterceptor - STARTING STEP: PatientDataSteps.validData - checkValidDataPasien
18:34:11.585 [Darkroom Processing Line] DEBUG net.serenitybdd.core.photography.DarkroomProcessingLine - Processing screenshot image in /var/screenshots/screenshot-14667717781016376266
18:34:11.585 [Darkroom Processing Line] DEBUG net.serenitybdd.core.photography.DarkroomProcessingLine - Saving screenshot to target\site\serenity\0ebc5218cd6f263e7cc0cda80128ff8945c79744f9cc3b38c9a4eb570f12b296.png
18:34:11.587 [Forwarding findElement on session 1c747b2f8da135efb764ecbc6105dc4e to remote] DEBUG org.asynchttpclient.netty.request.NettyRequestSender - Using pooled Channel '[id: 0x33e1f89c, L:/127.0.0.1:50024 - R:localhost/127.0.0.1:50191]' for 'POST' to 'http://localhost:50191/session/1c747b2f8da135efb764ecbc6105dc4e/element'
18:34:11.587 [Forwarding findElement on session 1c747b2f8da135efb764ecbc6105dc4e to remote] DEBUG org.asynchttpclient.netty.request.NettyRequestSender - Using open Channel [id: 0x33e1f89c, L:/127.0.0.1:50024 - R:localhost/127.0.0.1:50191] for POST '/session/1c747b2f8da135efb764ecbc6105dc4e/element'
18:34:11.597 [AsyncHttpClient-1-5] DEBUG org.asynchttpclient.netty.handler.HttpHandler - 

Request DefaultHttpRequest(decodeResult: success, version: HTTP/1.1)
POST /session/1c747b2f8da135efb764ecbc6105dc4e/element HTTP/1.1
User-Agent: selenium/4.1.4 (java windows)
Content-Length: 95
Content-Type: application/json; charset=utf-8
host: localhost:50191
accept: */*

Response DefaultHttpResponse(decodeResult: success, version: HTTP/1.1)
HTTP/1.1 200 OK
Content-Type: application/json; charset=utf-8
cache-control: no-cache
content-length: 88

18:34:11.597 [AsyncHttpClient-1-5] DEBUG org.asynchttpclient.netty.channel.ChannelManager - Adding key: http://localhost:50191 for channel [id: 0x33e1f89c, L:/127.0.0.1:50024 - R:localhost/127.0.0.1:50191]
18:34:11.597 [Forwarding isElementEnabled on session 1c747b2f8da135efb764ecbc6105dc4e to remote] DEBUG org.asynchttpclient.netty.request.NettyRequestSender - Using pooled Channel '[id: 0x33e1f89c, L:/127.0.0.1:50024 - R:localhost/127.0.0.1:50191]' for 'GET' to 'http://localhost:50191/session/1c747b2f8da135efb764ecbc6105dc4e/element/68db1ce7-0aad-4708-8079-c50dd6bd89be/enabled'
18:34:11.597 [Forwarding isElementEnabled on session 1c747b2f8da135efb764ecbc6105dc4e to remote] DEBUG org.asynchttpclient.netty.request.NettyRequestSender - Using open Channel [id: 0x33e1f89c, L:/127.0.0.1:50024 - R:localhost/127.0.0.1:50191] for GET '/session/1c747b2f8da135efb764ecbc6105dc4e/element/68db1ce7-0aad-4708-8079-c50dd6bd89be/enabled'
18:34:11.603 [AsyncHttpClient-1-5] DEBUG org.asynchttpclient.netty.handler.HttpHandler - 

Request DefaultFullHttpRequest(decodeResult: success, version: HTTP/1.1, content: EmptyByteBufBE)
GET /session/1c747b2f8da135efb764ecbc6105dc4e/element/68db1ce7-0aad-4708-8079-c50dd6bd89be/enabled HTTP/1.1
User-Agent: selenium/4.1.4 (java windows)
Cache-Control: no-cache
Content-Type: application/json; charset=utf-8
host: localhost:50191
accept: */*

Response DefaultHttpResponse(decodeResult: success, version: HTTP/1.1)
HTTP/1.1 200 OK
Content-Type: application/json; charset=utf-8
cache-control: no-cache
content-length: 14

18:34:11.603 [AsyncHttpClient-1-5] DEBUG org.asynchttpclient.netty.channel.ChannelManager - Adding key: http://localhost:50191 for channel [id: 0x33e1f89c, L:/127.0.0.1:50024 - R:localhost/127.0.0.1:50191]
18:34:11.605 [main] DEBUG net.thucydides.core.steps.StepInterceptor - STEP DONE: checkValidDataPasien
  &amp#27;[32mAnd &amp#27;[0m&amp#27;[32mValid data detail pasien&amp#27;[0m                                                        &amp#27;[90m# starter.stepdefinitios.PatientDataSteps.validData()&amp#27;[0m
18:34:12.436 [AsyncHttpClient-1-1] DEBUG org.asynchttpclient.netty.channel.DefaultChannelPool - Entry count for : http://localhost:50025 : 1
18:34:12.436 [AsyncHttpClient-1-1] DEBUG org.asynchttpclient.netty.channel.DefaultChannelPool - Entry count for : http://localhost:50191 : 1
18:34:13.535 [AsyncHttpClient-1-1] DEBUG org.asynchttpclient.netty.channel.DefaultChannelPool - Entry count for : http://localhost:50025 : 1
18:34:13.535 [AsyncHttpClient-1-1] DEBUG org.asynchttpclient.netty.channel.DefaultChannelPool - Entry count for : http://localhost:50191 : 1
18:34:14.634 [Forwarding screenshot on session 1c747b2f8da135efb764ecbc6105dc4e to remote] DEBUG org.asynchttpclient.netty.request.NettyRequestSender - Using pooled Channel '[id: 0x33e1f89c, L:/127.0.0.1:50024 - R:localhost/127.0.0.1:50191]' for 'GET' to 'http://localhost:50191/session/1c747b2f8da135efb764ecbc6105dc4e/screenshot'
18:34:14.635 [Forwarding screenshot on session 1c747b2f8da135efb764ecbc6105dc4e to remote] DEBUG org.asynchttpclient.netty.request.NettyRequestSender - Using open Channel [id: 0x33e1f89c, L:/127.0.0.1:50024 - R:localhost/127.0.0.1:50191] for GET '/session/1c747b2f8da135efb764ecbc6105dc4e/screenshot'
18:34:14.636 [AsyncHttpClient-1-1] DEBUG org.asynchttpclient.netty.channel.DefaultChannelPool - Entry count for : http://localhost:50025 : 1
18:34:14.810 [AsyncHttpClient-1-5] DEBUG org.asynchttpclient.netty.handler.HttpHandler - 

Request DefaultFullHttpRequest(decodeResult: success, version: HTTP/1.1, content: EmptyByteBufBE)
GET /session/1c747b2f8da135efb764ecbc6105dc4e/screenshot HTTP/1.1
User-Agent: selenium/4.1.4 (java windows)
Cache-Control: no-cache
Content-Type: application/json; charset=utf-8
host: localhost:50191
accept: */*

Response DefaultHttpResponse(decodeResult: success, version: HTTP/1.1)
HTTP/1.1 200 OK
Content-Type: application/json; charset=utf-8
cache-control: no-cache
content-length: 118112

18:34:14.810 [AsyncHttpClient-1-5] DEBUG org.asynchttpclient.netty.channel.ChannelManager - Adding key: http://localhost:50191 for channel [id: 0x33e1f89c, L:/127.0.0.1:50024 - R:localhost/127.0.0.1:50191]
18:34:14.812 [main] DEBUG net.serenitybdd.core.photography.Darkroom - Send negative for processing for target\site\serenity\cf0121d287a9252e4650dd0820ea812163b4d822f5969ae778b71fdfa0493cef.png
18:34:14.812 [main] DEBUG net.thucydides.core.steps.StepInterceptor - STARTING STEP: PatientDataSteps.clickButtonEditProfil - clickButtonEditDataPasien
18:34:14.812 [Darkroom Processing Line] DEBUG net.serenitybdd.core.photography.DarkroomProcessingLine - Processing screenshot image in /var/screenshots/screenshot-17582674096820370645
18:34:14.812 [Darkroom Processing Line] DEBUG net.serenitybdd.core.photography.DarkroomProcessingLine - Saving screenshot to target\site\serenity\cf0121d287a9252e4650dd0820ea812163b4d822f5969ae778b71fdfa0493cef.png
18:34:14.814 [Forwarding findElement on session 1c747b2f8da135efb764ecbc6105dc4e to remote] DEBUG org.asynchttpclient.netty.request.NettyRequestSender - Using pooled Channel '[id: 0x33e1f89c, L:/127.0.0.1:50024 - R:localhost/127.0.0.1:50191]' for 'POST' to 'http://localhost:50191/session/1c747b2f8da135efb764ecbc6105dc4e/element'
18:34:14.814 [Forwarding findElement on session 1c747b2f8da135efb764ecbc6105dc4e to remote] DEBUG org.asynchttpclient.netty.request.NettyRequestSender - Using open Channel [id: 0x33e1f89c, L:/127.0.0.1:50024 - R:localhost/127.0.0.1:50191] for POST '/session/1c747b2f8da135efb764ecbc6105dc4e/element'
18:34:14.824 [AsyncHttpClient-1-5] DEBUG org.asynchttpclient.netty.handler.HttpHandler - 

Request DefaultHttpRequest(decodeResult: success, version: HTTP/1.1)
POST /session/1c747b2f8da135efb764ecbc6105dc4e/element HTTP/1.1
User-Agent: selenium/4.1.4 (java windows)
Content-Length: 116
Content-Type: application/json; charset=utf-8
host: localhost:50191
accept: */*

Response DefaultHttpResponse(decodeResult: success, version: HTTP/1.1)
HTTP/1.1 200 OK
Content-Type: application/json; charset=utf-8
cache-control: no-cache
content-length: 88

18:34:14.824 [AsyncHttpClient-1-5] DEBUG org.asynchttpclient.netty.channel.ChannelManager - Adding key: http://localhost:50191 for channel [id: 0x33e1f89c, L:/127.0.0.1:50024 - R:localhost/127.0.0.1:50191]
18:34:14.824 [Forwarding getElementTagName on session 1c747b2f8da135efb764ecbc6105dc4e to remote] DEBUG org.asynchttpclient.netty.request.NettyRequestSender - Using pooled Channel '[id: 0x33e1f89c, L:/127.0.0.1:50024 - R:localhost/127.0.0.1:50191]' for 'GET' to 'http://localhost:50191/session/1c747b2f8da135efb764ecbc6105dc4e/element/ba7360c7-e185-4529-a24e-938925f34aa8/name'
18:34:14.824 [Forwarding getElementTagName on session 1c747b2f8da135efb764ecbc6105dc4e to remote] DEBUG org.asynchttpclient.netty.request.NettyRequestSender - Using open Channel [id: 0x33e1f89c, L:/127.0.0.1:50024 - R:localhost/127.0.0.1:50191] for GET '/session/1c747b2f8da135efb764ecbc6105dc4e/element/ba7360c7-e185-4529-a24e-938925f34aa8/name'
18:34:14.828 [AsyncHttpClient-1-5] DEBUG org.asynchttpclient.netty.handler.HttpHandler - 

Request DefaultFullHttpRequest(decodeResult: success, version: HTTP/1.1, content: EmptyByteBufBE)
GET /session/1c747b2f8da135efb764ecbc6105dc4e/element/ba7360c7-e185-4529-a24e-938925f34aa8/name HTTP/1.1
User-Agent: selenium/4.1.4 (java windows)
Cache-Control: no-cache
Content-Type: application/json; charset=utf-8
host: localhost:50191
accept: */*

Response DefaultHttpResponse(decodeResult: success, version: HTTP/1.1)
HTTP/1.1 200 OK
Content-Type: application/json; charset=utf-8
cache-control: no-cache
content-length: 18

18:34:14.828 [AsyncHttpClient-1-5] DEBUG org.asynchttpclient.netty.channel.ChannelManager - Adding key: http://localhost:50191 for channel [id: 0x33e1f89c, L:/127.0.0.1:50024 - R:localhost/127.0.0.1:50191]
18:34:14.829 [Forwarding getElementTagName on session 1c747b2f8da135efb764ecbc6105dc4e to remote] DEBUG org.asynchttpclient.netty.request.NettyRequestSender - Using pooled Channel '[id: 0x33e1f89c, L:/127.0.0.1:50024 - R:localhost/127.0.0.1:50191]' for 'GET' to 'http://localhost:50191/session/1c747b2f8da135efb764ecbc6105dc4e/element/ba7360c7-e185-4529-a24e-938925f34aa8/name'
18:34:14.829 [Forwarding getElementTagName on session 1c747b2f8da135efb764ecbc6105dc4e to remote] DEBUG org.asynchttpclient.netty.request.NettyRequestSender - Using open Channel [id: 0x33e1f89c, L:/127.0.0.1:50024 - R:localhost/127.0.0.1:50191] for GET '/session/1c747b2f8da135efb764ecbc6105dc4e/element/ba7360c7-e185-4529-a24e-938925f34aa8/name'
18:34:14.832 [AsyncHttpClient-1-5] DEBUG org.asynchttpclient.netty.handler.HttpHandler - 

Request DefaultFullHttpRequest(decodeResult: success, version: HTTP/1.1, content: EmptyByteBufBE)
GET /session/1c747b2f8da135efb764ecbc6105dc4e/element/ba7360c7-e185-4529-a24e-938925f34aa8/name HTTP/1.1
User-Agent: selenium/4.1.4 (java windows)
Cache-Control: no-cache
Content-Type: application/json; charset=utf-8
host: localhost:50191
accept: */*

Response DefaultHttpResponse(decodeResult: success, version: HTTP/1.1)
HTTP/1.1 200 OK
Content-Type: application/json; charset=utf-8
cache-control: no-cache
content-length: 18

18:34:14.832 [AsyncHttpClient-1-5] DEBUG org.asynchttpclient.netty.channel.ChannelManager - Adding key: http://localhost:50191 for channel [id: 0x33e1f89c, L:/127.0.0.1:50024 - R:localhost/127.0.0.1:50191]
18:34:14.833 [Forwarding isElementEnabled on session 1c747b2f8da135efb764ecbc6105dc4e to remote] DEBUG org.asynchttpclient.netty.request.NettyRequestSender - Using pooled Channel '[id: 0x33e1f89c, L:/127.0.0.1:50024 - R:localhost/127.0.0.1:50191]' for 'GET' to 'http://localhost:50191/session/1c747b2f8da135efb764ecbc6105dc4e/element/ba7360c7-e185-4529-a24e-938925f34aa8/enabled'
18:34:14.833 [Forwarding isElementEnabled on session 1c747b2f8da135efb764ecbc6105dc4e to remote] DEBUG org.asynchttpclient.netty.request.NettyRequestSender - Using open Channel [id: 0x33e1f89c, L:/127.0.0.1:50024 - R:localhost/127.0.0.1:50191] for GET '/session/1c747b2f8da135efb764ecbc6105dc4e/element/ba7360c7-e185-4529-a24e-938925f34aa8/enabled'
18:34:14.841 [AsyncHttpClient-1-5] DEBUG org.asynchttpclient.netty.handler.HttpHandler - 

Request DefaultFullHttpRequest(decodeResult: success, version: HTTP/1.1, content: EmptyByteBufBE)
GET /session/1c747b2f8da135efb764ecbc6105dc4e/element/ba7360c7-e185-4529-a24e-938925f34aa8/enabled HTTP/1.1
User-Agent: selenium/4.1.4 (java windows)
Cache-Control: no-cache
Content-Type: application/json; charset=utf-8
host: localhost:50191
accept: */*

Response DefaultHttpResponse(decodeResult: success, version: HTTP/1.1)
HTTP/1.1 200 OK
Content-Type: application/json; charset=utf-8
cache-control: no-cache
content-length: 14

18:34:14.841 [AsyncHttpClient-1-5] DEBUG org.asynchttpclient.netty.channel.ChannelManager - Adding key: http://localhost:50191 for channel [id: 0x33e1f89c, L:/127.0.0.1:50024 - R:localhost/127.0.0.1:50191]
18:34:14.842 [Forwarding isElementEnabled on session 1c747b2f8da135efb764ecbc6105dc4e to remote] DEBUG org.asynchttpclient.netty.request.NettyRequestSender - Using pooled Channel '[id: 0x33e1f89c, L:/127.0.0.1:50024 - R:localhost/127.0.0.1:50191]' for 'GET' to 'http://localhost:50191/session/1c747b2f8da135efb764ecbc6105dc4e/element/ba7360c7-e185-4529-a24e-938925f34aa8/enabled'
18:34:14.842 [Forwarding isElementEnabled on session 1c747b2f8da135efb764ecbc6105dc4e to remote] DEBUG org.asynchttpclient.netty.request.NettyRequestSender - Using open Channel [id: 0x33e1f89c, L:/127.0.0.1:50024 - R:localhost/127.0.0.1:50191] for GET '/session/1c747b2f8da135efb764ecbc6105dc4e/element/ba7360c7-e185-4529-a24e-938925f34aa8/enabled'
18:34:14.845 [AsyncHttpClient-1-5] DEBUG org.asynchttpclient.netty.handler.HttpHandler - 

Request DefaultFullHttpRequest(decodeResult: success, version: HTTP/1.1, content: EmptyByteBufBE)
GET /session/1c747b2f8da135efb764ecbc6105dc4e/element/ba7360c7-e185-4529-a24e-938925f34aa8/enabled HTTP/1.1
User-Agent: selenium/4.1.4 (java windows)
Cache-Control: no-cache
Content-Type: application/json; charset=utf-8
host: localhost:50191
accept: */*

Response DefaultHttpResponse(decodeResult: success, version: HTTP/1.1)
HTTP/1.1 200 OK
Content-Type: application/json; charset=utf-8
cache-control: no-cache
content-length: 14

18:34:14.845 [AsyncHttpClient-1-5] DEBUG org.asynchttpclient.netty.channel.ChannelManager - Adding key: http://localhost:50191 for channel [id: 0x33e1f89c, L:/127.0.0.1:50024 - R:localhost/127.0.0.1:50191]
18:34:14.847 [Forwarding findElement on session 1c747b2f8da135efb764ecbc6105dc4e to remote] DEBUG org.asynchttpclient.netty.request.NettyRequestSender - Using pooled Channel '[id: 0x33e1f89c, L:/127.0.0.1:50024 - R:localhost/127.0.0.1:50191]' for 'POST' to 'http://localhost:50191/session/1c747b2f8da135efb764ecbc6105dc4e/element'
18:34:14.847 [Forwarding findElement on session 1c747b2f8da135efb764ecbc6105dc4e to remote] DEBUG org.asynchttpclient.netty.request.NettyRequestSender - Using open Channel [id: 0x33e1f89c, L:/127.0.0.1:50024 - R:localhost/127.0.0.1:50191] for POST '/session/1c747b2f8da135efb764ecbc6105dc4e/element'
18:34:14.852 [AsyncHttpClient-1-5] DEBUG org.asynchttpclient.netty.handler.HttpHandler - 

Request DefaultHttpRequest(decodeResult: success, version: HTTP/1.1)
POST /session/1c747b2f8da135efb764ecbc6105dc4e/element HTTP/1.1
User-Agent: selenium/4.1.4 (java windows)
Content-Length: 116
Content-Type: application/json; charset=utf-8
host: localhost:50191
accept: */*

Response DefaultHttpResponse(decodeResult: success, version: HTTP/1.1)
HTTP/1.1 200 OK
Content-Type: application/json; charset=utf-8
cache-control: no-cache
content-length: 88

18:34:14.852 [AsyncHttpClient-1-5] DEBUG org.asynchttpclient.netty.channel.ChannelManager - Adding key: http://localhost:50191 for channel [id: 0x33e1f89c, L:/127.0.0.1:50024 - R:localhost/127.0.0.1:50191]
18:34:14.853 [Forwarding clickElement on session 1c747b2f8da135efb764ecbc6105dc4e to remote] DEBUG org.asynchttpclient.netty.request.NettyRequestSender - Using pooled Channel '[id: 0x33e1f89c, L:/127.0.0.1:50024 - R:localhost/127.0.0.1:50191]' for 'POST' to 'http://localhost:50191/session/1c747b2f8da135efb764ecbc6105dc4e/element/ba7360c7-e185-4529-a24e-938925f34aa8/click'
18:34:14.853 [Forwarding clickElement on session 1c747b2f8da135efb764ecbc6105dc4e to remote] DEBUG org.asynchttpclient.netty.request.NettyRequestSender - Using open Channel [id: 0x33e1f89c, L:/127.0.0.1:50024 - R:localhost/127.0.0.1:50191] for POST '/session/1c747b2f8da135efb764ecbc6105dc4e/element/ba7360c7-e185-4529-a24e-938925f34aa8/click'
18:34:14.939 [AsyncHttpClient-1-5] DEBUG org.asynchttpclient.netty.handler.HttpHandler - 

Request DefaultHttpRequest(decodeResult: success, version: HTTP/1.1)
POST /session/1c747b2f8da135efb764ecbc6105dc4e/element/ba7360c7-e185-4529-a24e-938925f34aa8/click HTTP/1.1
User-Agent: selenium/4.1.4 (java windows)
Content-Length: 50
Content-Type: application/json; charset=utf-8
host: localhost:50191
accept: */*

Response DefaultHttpResponse(decodeResult: success, version: HTTP/1.1)
HTTP/1.1 200 OK
Content-Type: application/json; charset=utf-8
cache-control: no-cache
content-length: 14

18:34:14.939 [AsyncHttpClient-1-5] DEBUG org.asynchttpclient.netty.channel.ChannelManager - Adding key: http://localhost:50191 for channel [id: 0x33e1f89c, L:/127.0.0.1:50024 - R:localhost/127.0.0.1:50191]
18:34:14.943 [Forwarding screenshot on session 1c747b2f8da135efb764ecbc6105dc4e to remote] DEBUG org.asynchttpclient.netty.request.NettyRequestSender - Using pooled Channel '[id: 0x33e1f89c, L:/127.0.0.1:50024 - R:localhost/127.0.0.1:50191]' for 'GET' to 'http://localhost:50191/session/1c747b2f8da135efb764ecbc6105dc4e/screenshot'
18:34:14.943 [Forwarding screenshot on session 1c747b2f8da135efb764ecbc6105dc4e to remote] DEBUG org.asynchttpclient.netty.request.NettyRequestSender - Using open Channel [id: 0x33e1f89c, L:/127.0.0.1:50024 - R:localhost/127.0.0.1:50191] for GET '/session/1c747b2f8da135efb764ecbc6105dc4e/screenshot'
18:34:15.180 [AsyncHttpClient-1-5] DEBUG org.asynchttpclient.netty.handler.HttpHandler - 

Request DefaultFullHttpRequest(decodeResult: success, version: HTTP/1.1, content: EmptyByteBufBE)
GET /session/1c747b2f8da135efb764ecbc6105dc4e/screenshot HTTP/1.1
User-Agent: selenium/4.1.4 (java windows)
Cache-Control: no-cache
Content-Type: application/json; charset=utf-8
host: localhost:50191
accept: */*

Response DefaultHttpResponse(decodeResult: success, version: HTTP/1.1)
HTTP/1.1 200 OK
Content-Type: application/json; charset=utf-8
cache-control: no-cache
content-length: 120840

18:34:15.180 [AsyncHttpClient-1-5] DEBUG org.asynchttpclient.netty.channel.ChannelManager - Adding key: http://localhost:50191 for channel [id: 0x33e1f89c, L:/127.0.0.1:50024 - R:localhost/127.0.0.1:50191]
18:34:15.187 [main] DEBUG net.serenitybdd.core.photography.Darkroom - Send negative for processing for target\site\serenity\b63f11376674381b7b232b59d11d796dc52d17ca0f0b5129264b084945625783.png
18:34:15.188 [main] DEBUG net.thucydides.core.steps.StepInterceptor - STEP DONE: clickButtonEditDataPasien
  &amp#27;[32mAnd &amp#27;[0m&amp#27;[32mClick button edit profil&amp#27;[0m                                                        &amp#27;[90m# starter.stepdefinitios.PatientDataSteps.clickButtonEditProfil()&amp#27;[0m
18:34:15.188 [Darkroom Processing Line] DEBUG net.serenitybdd.core.photography.DarkroomProcessingLine - Processing screenshot image in /var/screenshots/screenshot-15296145372200406387
18:34:15.188 [Darkroom Processing Line] DEBUG net.serenitybdd.core.photography.DarkroomProcessingLine - Saving screenshot to target\site\serenity\b63f11376674381b7b232b59d11d796dc52d17ca0f0b5129264b084945625783.png
18:34:15.736 [AsyncHttpClient-1-1] DEBUG org.asynchttpclient.netty.channel.DefaultChannelPool - Entry count for : http://localhost:50025 : 1
18:34:15.736 [AsyncHttpClient-1-1] DEBUG org.asynchttpclient.netty.channel.DefaultChannelPool - Entry count for : http://localhost:50191 : 1
18:34:16.223 [Forwarding screenshot on session 1c747b2f8da135efb764ecbc6105dc4e to remote] DEBUG org.asynchttpclient.netty.request.NettyRequestSender - Using pooled Channel '[id: 0x33e1f89c, L:/127.0.0.1:50024 - R:localhost/127.0.0.1:50191]' for 'GET' to 'http://localhost:50191/session/1c747b2f8da135efb764ecbc6105dc4e/screenshot'
18:34:16.223 [Forwarding screenshot on session 1c747b2f8da135efb764ecbc6105dc4e to remote] DEBUG org.asynchttpclient.netty.request.NettyRequestSender - Using open Channel [id: 0x33e1f89c, L:/127.0.0.1:50024 - R:localhost/127.0.0.1:50191] for GET '/session/1c747b2f8da135efb764ecbc6105dc4e/screenshot'
18:34:16.436 [AsyncHttpClient-1-5] DEBUG org.asynchttpclient.netty.handler.HttpHandler - 

Request DefaultFullHttpRequest(decodeResult: success, version: HTTP/1.1, content: EmptyByteBufBE)
GET /session/1c747b2f8da135efb764ecbc6105dc4e/screenshot HTTP/1.1
User-Agent: selenium/4.1.4 (java windows)
Cache-Control: no-cache
Content-Type: application/json; charset=utf-8
host: localhost:50191
accept: */*

Response DefaultHttpResponse(decodeResult: success, version: HTTP/1.1)
HTTP/1.1 200 OK
Content-Type: application/json; charset=utf-8
cache-control: no-cache
content-length: 159032

18:34:16.436 [AsyncHttpClient-1-5] DEBUG org.asynchttpclient.netty.channel.ChannelManager - Adding key: http://localhost:50191 for channel [id: 0x33e1f89c, L:/127.0.0.1:50024 - R:localhost/127.0.0.1:50191]
18:34:16.439 [main] DEBUG net.serenitybdd.core.photography.Darkroom - Send negative for processing for target\site\serenity\8eddcc4cb991fd84f8d02410bd2bb7bfb2f6f0429be29a9b90c941dec631cb4a.png
18:34:16.439 [main] DEBUG net.thucydides.core.steps.StepInterceptor - STARTING STEP: PatientDataSteps.iInputEditPatient - inputDataPasienEdit
18:34:16.439 [Darkroom Processing Line] DEBUG net.serenitybdd.core.photography.DarkroomProcessingLine - Processing screenshot image in /var/screenshots/screenshot-4114102829982417191
18:34:16.439 [Darkroom Processing Line] DEBUG net.serenitybdd.core.photography.DarkroomProcessingLine - Saving screenshot to target\site\serenity\8eddcc4cb991fd84f8d02410bd2bb7bfb2f6f0429be29a9b90c941dec631cb4a.png
18:34:16.441 [Forwarding findElement on session 1c747b2f8da135efb764ecbc6105dc4e to remote] DEBUG org.asynchttpclient.netty.request.NettyRequestSender - Using pooled Channel '[id: 0x33e1f89c, L:/127.0.0.1:50024 - R:localhost/127.0.0.1:50191]' for 'POST' to 'http://localhost:50191/session/1c747b2f8da135efb764ecbc6105dc4e/element'
18:34:16.441 [Forwarding findElement on session 1c747b2f8da135efb764ecbc6105dc4e to remote] DEBUG org.asynchttpclient.netty.request.NettyRequestSender - Using open Channel [id: 0x33e1f89c, L:/127.0.0.1:50024 - R:localhost/127.0.0.1:50191] for POST '/session/1c747b2f8da135efb764ecbc6105dc4e/element'
18:34:16.450 [AsyncHttpClient-1-5] DEBUG org.asynchttpclient.netty.handler.HttpHandler - 

Request DefaultHttpRequest(decodeResult: success, version: HTTP/1.1)
POST /session/1c747b2f8da135efb764ecbc6105dc4e/element HTTP/1.1
User-Agent: selenium/4.1.4 (java windows)
Content-Length: 72
Content-Type: application/json; charset=utf-8
host: localhost:50191
accept: */*

Response DefaultHttpResponse(decodeResult: success, version: HTTP/1.1)
HTTP/1.1 200 OK
Content-Type: application/json; charset=utf-8
cache-control: no-cache
content-length: 88

18:34:16.450 [AsyncHttpClient-1-5] DEBUG org.asynchttpclient.netty.channel.ChannelManager - Adding key: http://localhost:50191 for channel [id: 0x33e1f89c, L:/127.0.0.1:50024 - R:localhost/127.0.0.1:50191]
18:34:16.451 [Forwarding sendKeysToElement on session 1c747b2f8da135efb764ecbc6105dc4e to remote] DEBUG org.asynchttpclient.netty.request.NettyRequestSender - Using pooled Channel '[id: 0x33e1f89c, L:/127.0.0.1:50024 - R:localhost/127.0.0.1:50191]' for 'POST' to 'http://localhost:50191/session/1c747b2f8da135efb764ecbc6105dc4e/element/ad90d570-b2a7-4f87-9e01-0990e7c64dfe/value'
18:34:16.451 [Forwarding sendKeysToElement on session 1c747b2f8da135efb764ecbc6105dc4e to remote] DEBUG org.asynchttpclient.netty.request.NettyRequestSender - Using open Channel [id: 0x33e1f89c, L:/127.0.0.1:50024 - R:localhost/127.0.0.1:50191] for POST '/session/1c747b2f8da135efb764ecbc6105dc4e/element/ad90d570-b2a7-4f87-9e01-0990e7c64dfe/value'
18:34:16.612 [AsyncHttpClient-1-5] DEBUG org.asynchttpclient.netty.handler.HttpHandler - 

Request DefaultHttpRequest(decodeResult: success, version: HTTP/1.1)
POST /session/1c747b2f8da135efb764ecbc6105dc4e/element/ad90d570-b2a7-4f87-9e01-0990e7c64dfe/value HTTP/1.1
User-Agent: selenium/4.1.4 (java windows)
Content-Length: 169
Content-Type: application/json; charset=utf-8
host: localhost:50191
accept: */*

Response DefaultHttpResponse(decodeResult: success, version: HTTP/1.1)
HTTP/1.1 200 OK
Content-Type: application/json; charset=utf-8
cache-control: no-cache
content-length: 14

18:34:16.612 [AsyncHttpClient-1-5] DEBUG org.asynchttpclient.netty.channel.ChannelManager - Adding key: http://localhost:50191 for channel [id: 0x33e1f89c, L:/127.0.0.1:50024 - R:localhost/127.0.0.1:50191]
18:34:16.614 [Forwarding findElement on session 1c747b2f8da135efb764ecbc6105dc4e to remote] DEBUG org.asynchttpclient.netty.request.NettyRequestSender - Using pooled Channel '[id: 0x33e1f89c, L:/127.0.0.1:50024 - R:localhost/127.0.0.1:50191]' for 'POST' to 'http://localhost:50191/session/1c747b2f8da135efb764ecbc6105dc4e/element'
18:34:16.614 [Forwarding findElement on session 1c747b2f8da135efb764ecbc6105dc4e to remote] DEBUG org.asynchttpclient.netty.request.NettyRequestSender - Using open Channel [id: 0x33e1f89c, L:/127.0.0.1:50024 - R:localhost/127.0.0.1:50191] for POST '/session/1c747b2f8da135efb764ecbc6105dc4e/element'
18:34:16.622 [AsyncHttpClient-1-5] DEBUG org.asynchttpclient.netty.handler.HttpHandler - 

Request DefaultHttpRequest(decodeResult: success, version: HTTP/1.1)
POST /session/1c747b2f8da135efb764ecbc6105dc4e/element HTTP/1.1
User-Agent: selenium/4.1.4 (java windows)
Content-Length: 72
Content-Type: application/json; charset=utf-8
host: localhost:50191
accept: */*

Response DefaultHttpResponse(decodeResult: success, version: HTTP/1.1)
HTTP/1.1 200 OK
Content-Type: application/json; charset=utf-8
cache-control: no-cache
content-length: 88

18:34:16.622 [AsyncHttpClient-1-5] DEBUG org.asynchttpclient.netty.channel.ChannelManager - Adding key: http://localhost:50191 for channel [id: 0x33e1f89c, L:/127.0.0.1:50024 - R:localhost/127.0.0.1:50191]
18:34:16.622 [Forwarding sendKeysToElement on session 1c747b2f8da135efb764ecbc6105dc4e to remote] DEBUG org.asynchttpclient.netty.request.NettyRequestSender - Using pooled Channel '[id: 0x33e1f89c, L:/127.0.0.1:50024 - R:localhost/127.0.0.1:50191]' for 'POST' to 'http://localhost:50191/session/1c747b2f8da135efb764ecbc6105dc4e/element/ad90d570-b2a7-4f87-9e01-0990e7c64dfe/value'
18:34:16.622 [Forwarding sendKeysToElement on session 1c747b2f8da135efb764ecbc6105dc4e to remote] DEBUG org.asynchttpclient.netty.request.NettyRequestSender - Using open Channel [id: 0x33e1f89c, L:/127.0.0.1:50024 - R:localhost/127.0.0.1:50191] for POST '/session/1c747b2f8da135efb764ecbc6105dc4e/element/ad90d570-b2a7-4f87-9e01-0990e7c64dfe/value'
18:34:16.703 [AsyncHttpClient-1-5] DEBUG org.asynchttpclient.netty.handler.HttpHandler - 

Request DefaultHttpRequest(decodeResult: success, version: HTTP/1.1)
POST /session/1c747b2f8da135efb764ecbc6105dc4e/element/ad90d570-b2a7-4f87-9e01-0990e7c64dfe/value HTTP/1.1
User-Agent: selenium/4.1.4 (java windows)
Content-Length: 131
Content-Type: application/json; charset=utf-8
host: localhost:50191
accept: */*

Response DefaultHttpResponse(decodeResult: success, version: HTTP/1.1)
HTTP/1.1 200 OK
Content-Type: application/json; charset=utf-8
cache-control: no-cache
content-length: 14

18:34:16.704 [AsyncHttpClient-1-5] DEBUG org.asynchttpclient.netty.channel.ChannelManager - Adding key: http://localhost:50191 for channel [id: 0x33e1f89c, L:/127.0.0.1:50024 - R:localhost/127.0.0.1:50191]
18:34:16.705 [Forwarding findElement on session 1c747b2f8da135efb764ecbc6105dc4e to remote] DEBUG org.asynchttpclient.netty.request.NettyRequestSender - Using pooled Channel '[id: 0x33e1f89c, L:/127.0.0.1:50024 - R:localhost/127.0.0.1:50191]' for 'POST' to 'http://localhost:50191/session/1c747b2f8da135efb764ecbc6105dc4e/element'
18:34:16.705 [Forwarding findElement on session 1c747b2f8da135efb764ecbc6105dc4e to remote] DEBUG org.asynchttpclient.netty.request.NettyRequestSender - Using open Channel [id: 0x33e1f89c, L:/127.0.0.1:50024 - R:localhost/127.0.0.1:50191] for POST '/session/1c747b2f8da135efb764ecbc6105dc4e/element'
18:34:16.716 [AsyncHttpClient-1-5] DEBUG org.asynchttpclient.netty.handler.HttpHandler - 

Request DefaultHttpRequest(decodeResult: success, version: HTTP/1.1)
POST /session/1c747b2f8da135efb764ecbc6105dc4e/element HTTP/1.1
User-Agent: selenium/4.1.4 (java windows)
Content-Length: 65
Content-Type: application/json; charset=utf-8
host: localhost:50191
accept: */*

Response DefaultHttpResponse(decodeResult: success, version: HTTP/1.1)
HTTP/1.1 200 OK
Content-Type: application/json; charset=utf-8
cache-control: no-cache
content-length: 88

18:34:16.716 [AsyncHttpClient-1-5] DEBUG org.asynchttpclient.netty.channel.ChannelManager - Adding key: http://localhost:50191 for channel [id: 0x33e1f89c, L:/127.0.0.1:50024 - R:localhost/127.0.0.1:50191]
18:34:16.717 [Forwarding sendKeysToElement on session 1c747b2f8da135efb764ecbc6105dc4e to remote] DEBUG org.asynchttpclient.netty.request.NettyRequestSender - Using pooled Channel '[id: 0x33e1f89c, L:/127.0.0.1:50024 - R:localhost/127.0.0.1:50191]' for 'POST' to 'http://localhost:50191/session/1c747b2f8da135efb764ecbc6105dc4e/element/ec51d299-f8b6-4835-946c-aacd63a85d39/value'
18:34:16.717 [Forwarding sendKeysToElement on session 1c747b2f8da135efb764ecbc6105dc4e to remote] DEBUG org.asynchttpclient.netty.request.NettyRequestSender - Using open Channel [id: 0x33e1f89c, L:/127.0.0.1:50024 - R:localhost/127.0.0.1:50191] for POST '/session/1c747b2f8da135efb764ecbc6105dc4e/element/ec51d299-f8b6-4835-946c-aacd63a85d39/value'
18:34:16.834 [AsyncHttpClient-1-1] DEBUG org.asynchttpclient.netty.channel.DefaultChannelPool - Entry count for : http://localhost:50025 : 1
18:34:16.988 [AsyncHttpClient-1-5] DEBUG org.asynchttpclient.netty.handler.HttpHandler - 

Request DefaultHttpRequest(decodeResult: success, version: HTTP/1.1)
POST /session/1c747b2f8da135efb764ecbc6105dc4e/element/ec51d299-f8b6-4835-946c-aacd63a85d39/value HTTP/1.1
User-Agent: selenium/4.1.4 (java windows)
Content-Length: 279
Content-Type: application/json; charset=utf-8
host: localhost:50191
accept: */*

Response DefaultHttpResponse(decodeResult: success, version: HTTP/1.1)
HTTP/1.1 200 OK
Content-Type: application/json; charset=utf-8
cache-control: no-cache
content-length: 14

18:34:16.988 [AsyncHttpClient-1-5] DEBUG org.asynchttpclient.netty.channel.ChannelManager - Adding key: http://localhost:50191 for channel [id: 0x33e1f89c, L:/127.0.0.1:50024 - R:localhost/127.0.0.1:50191]
18:34:16.990 [Forwarding findElement on session 1c747b2f8da135efb764ecbc6105dc4e to remote] DEBUG org.asynchttpclient.netty.request.NettyRequestSender - Using pooled Channel '[id: 0x33e1f89c, L:/127.0.0.1:50024 - R:localhost/127.0.0.1:50191]' for 'POST' to 'http://localhost:50191/session/1c747b2f8da135efb764ecbc6105dc4e/element'
18:34:16.990 [Forwarding findElement on session 1c747b2f8da135efb764ecbc6105dc4e to remote] DEBUG org.asynchttpclient.netty.request.NettyRequestSender - Using open Channel [id: 0x33e1f89c, L:/127.0.0.1:50024 - R:localhost/127.0.0.1:50191] for POST '/session/1c747b2f8da135efb764ecbc6105dc4e/element'
18:34:16.998 [AsyncHttpClient-1-5] DEBUG org.asynchttpclient.netty.handler.HttpHandler - 

Request DefaultHttpRequest(decodeResult: success, version: HTTP/1.1)
POST /session/1c747b2f8da135efb764ecbc6105dc4e/element HTTP/1.1
User-Agent: selenium/4.1.4 (java windows)
Content-Length: 65
Content-Type: application/json; charset=utf-8
host: localhost:50191
accept: */*

Response DefaultHttpResponse(decodeResult: success, version: HTTP/1.1)
HTTP/1.1 200 OK
Content-Type: application/json; charset=utf-8
cache-control: no-cache
content-length: 88

18:34:16.998 [AsyncHttpClient-1-5] DEBUG org.asynchttpclient.netty.channel.ChannelManager - Adding key: http://localhost:50191 for channel [id: 0x33e1f89c, L:/127.0.0.1:50024 - R:localhost/127.0.0.1:50191]
18:34:16.999 [Forwarding sendKeysToElement on session 1c747b2f8da135efb764ecbc6105dc4e to remote] DEBUG org.asynchttpclient.netty.request.NettyRequestSender - Using pooled Channel '[id: 0x33e1f89c, L:/127.0.0.1:50024 - R:localhost/127.0.0.1:50191]' for 'POST' to 'http://localhost:50191/session/1c747b2f8da135efb764ecbc6105dc4e/element/ec51d299-f8b6-4835-946c-aacd63a85d39/value'
18:34:16.999 [Forwarding sendKeysToElement on session 1c747b2f8da135efb764ecbc6105dc4e to remote] DEBUG org.asynchttpclient.netty.request.NettyRequestSender - Using open Channel [id: 0x33e1f89c, L:/127.0.0.1:50024 - R:localhost/127.0.0.1:50191] for POST '/session/1c747b2f8da135efb764ecbc6105dc4e/element/ec51d299-f8b6-4835-946c-aacd63a85d39/value'
18:34:17.229 [AsyncHttpClient-1-5] DEBUG org.asynchttpclient.netty.handler.HttpHandler - 

Request DefaultHttpRequest(decodeResult: success, version: HTTP/1.1)
POST /session/1c747b2f8da135efb764ecbc6105dc4e/element/ec51d299-f8b6-4835-946c-aacd63a85d39/value HTTP/1.1
User-Agent: selenium/4.1.4 (java windows)
Content-Length: 241
Content-Type: application/json; charset=utf-8
host: localhost:50191
accept: */*

Response DefaultHttpResponse(decodeResult: success, version: HTTP/1.1)
HTTP/1.1 200 OK
Content-Type: application/json; charset=utf-8
cache-control: no-cache
content-length: 14

18:34:17.229 [AsyncHttpClient-1-5] DEBUG org.asynchttpclient.netty.channel.ChannelManager - Adding key: http://localhost:50191 for channel [id: 0x33e1f89c, L:/127.0.0.1:50024 - R:localhost/127.0.0.1:50191]
18:34:17.231 [Forwarding findElement on session 1c747b2f8da135efb764ecbc6105dc4e to remote] DEBUG org.asynchttpclient.netty.request.NettyRequestSender - Using pooled Channel '[id: 0x33e1f89c, L:/127.0.0.1:50024 - R:localhost/127.0.0.1:50191]' for 'POST' to 'http://localhost:50191/session/1c747b2f8da135efb764ecbc6105dc4e/element'
18:34:17.231 [Forwarding findElement on session 1c747b2f8da135efb764ecbc6105dc4e to remote] DEBUG org.asynchttpclient.netty.request.NettyRequestSender - Using open Channel [id: 0x33e1f89c, L:/127.0.0.1:50024 - R:localhost/127.0.0.1:50191] for POST '/session/1c747b2f8da135efb764ecbc6105dc4e/element'
18:34:17.245 [AsyncHttpClient-1-5] DEBUG org.asynchttpclient.netty.handler.HttpHandler - 

Request DefaultHttpRequest(decodeResult: success, version: HTTP/1.1)
POST /session/1c747b2f8da135efb764ecbc6105dc4e/element HTTP/1.1
User-Agent: selenium/4.1.4 (java windows)
Content-Length: 66
Content-Type: application/json; charset=utf-8
host: localhost:50191
accept: */*

Response DefaultHttpResponse(decodeResult: success, version: HTTP/1.1)
HTTP/1.1 200 OK
Content-Type: application/json; charset=utf-8
cache-control: no-cache
content-length: 88

18:34:17.245 [AsyncHttpClient-1-5] DEBUG org.asynchttpclient.netty.channel.ChannelManager - Adding key: http://localhost:50191 for channel [id: 0x33e1f89c, L:/127.0.0.1:50024 - R:localhost/127.0.0.1:50191]
18:34:17.246 [Forwarding sendKeysToElement on session 1c747b2f8da135efb764ecbc6105dc4e to remote] DEBUG org.asynchttpclient.netty.request.NettyRequestSender - Using pooled Channel '[id: 0x33e1f89c, L:/127.0.0.1:50024 - R:localhost/127.0.0.1:50191]' for 'POST' to 'http://localhost:50191/session/1c747b2f8da135efb764ecbc6105dc4e/element/ea73f9d6-c446-4cca-8dbb-73880782e104/value'
18:34:17.246 [Forwarding sendKeysToElement on session 1c747b2f8da135efb764ecbc6105dc4e to remote] DEBUG org.asynchttpclient.netty.request.NettyRequestSender - Using open Channel [id: 0x33e1f89c, L:/127.0.0.1:50024 - R:localhost/127.0.0.1:50191] for POST '/session/1c747b2f8da135efb764ecbc6105dc4e/element/ea73f9d6-c446-4cca-8dbb-73880782e104/value'
18:34:17.469 [AsyncHttpClient-1-5] DEBUG org.asynchttpclient.netty.handler.HttpHandler - 

Request DefaultHttpRequest(decodeResult: success, version: HTTP/1.1)
POST /session/1c747b2f8da135efb764ecbc6105dc4e/element/ea73f9d6-c446-4cca-8dbb-73880782e104/value HTTP/1.1
User-Agent: selenium/4.1.4 (java windows)
Content-Length: 229
Content-Type: application/json; charset=utf-8
host: localhost:50191
accept: */*

Response DefaultHttpResponse(decodeResult: success, version: HTTP/1.1)
HTTP/1.1 200 OK
Content-Type: application/json; charset=utf-8
cache-control: no-cache
content-length: 14

18:34:17.469 [AsyncHttpClient-1-5] DEBUG org.asynchttpclient.netty.channel.ChannelManager - Adding key: http://localhost:50191 for channel [id: 0x33e1f89c, L:/127.0.0.1:50024 - R:localhost/127.0.0.1:50191]
18:34:17.471 [Forwarding findElement on session 1c747b2f8da135efb764ecbc6105dc4e to remote] DEBUG org.asynchttpclient.netty.request.NettyRequestSender - Using pooled Channel '[id: 0x33e1f89c, L:/127.0.0.1:50024 - R:localhost/127.0.0.1:50191]' for 'POST' to 'http://localhost:50191/session/1c747b2f8da135efb764ecbc6105dc4e/element'
18:34:17.471 [Forwarding findElement on session 1c747b2f8da135efb764ecbc6105dc4e to remote] DEBUG org.asynchttpclient.netty.request.NettyRequestSender - Using open Channel [id: 0x33e1f89c, L:/127.0.0.1:50024 - R:localhost/127.0.0.1:50191] for POST '/session/1c747b2f8da135efb764ecbc6105dc4e/element'
18:34:17.480 [AsyncHttpClient-1-5] DEBUG org.asynchttpclient.netty.handler.HttpHandler - 

Request DefaultHttpRequest(decodeResult: success, version: HTTP/1.1)
POST /session/1c747b2f8da135efb764ecbc6105dc4e/element HTTP/1.1
User-Agent: selenium/4.1.4 (java windows)
Content-Length: 66
Content-Type: application/json; charset=utf-8
host: localhost:50191
accept: */*

Response DefaultHttpResponse(decodeResult: success, version: HTTP/1.1)
HTTP/1.1 200 OK
Content-Type: application/json; charset=utf-8
cache-control: no-cache
content-length: 88

18:34:17.480 [AsyncHttpClient-1-5] DEBUG org.asynchttpclient.netty.channel.ChannelManager - Adding key: http://localhost:50191 for channel [id: 0x33e1f89c, L:/127.0.0.1:50024 - R:localhost/127.0.0.1:50191]
18:34:17.481 [Forwarding sendKeysToElement on session 1c747b2f8da135efb764ecbc6105dc4e to remote] DEBUG org.asynchttpclient.netty.request.NettyRequestSender - Using pooled Channel '[id: 0x33e1f89c, L:/127.0.0.1:50024 - R:localhost/127.0.0.1:50191]' for 'POST' to 'http://localhost:50191/session/1c747b2f8da135efb764ecbc6105dc4e/element/ea73f9d6-c446-4cca-8dbb-73880782e104/value'
18:34:17.481 [Forwarding sendKeysToElement on session 1c747b2f8da135efb764ecbc6105dc4e to remote] DEBUG org.asynchttpclient.netty.request.NettyRequestSender - Using open Channel [id: 0x33e1f89c, L:/127.0.0.1:50024 - R:localhost/127.0.0.1:50191] for POST '/session/1c747b2f8da135efb764ecbc6105dc4e/element/ea73f9d6-c446-4cca-8dbb-73880782e104/value'
18:34:17.654 [AsyncHttpClient-1-5] DEBUG org.asynchttpclient.netty.handler.HttpHandler - 

Request DefaultHttpRequest(decodeResult: success, version: HTTP/1.1)
POST /session/1c747b2f8da135efb764ecbc6105dc4e/element/ea73f9d6-c446-4cca-8dbb-73880782e104/value HTTP/1.1
User-Agent: selenium/4.1.4 (java windows)
Content-Length: 191
Content-Type: application/json; charset=utf-8
host: localhost:50191
accept: */*

Response DefaultHttpResponse(decodeResult: success, version: HTTP/1.1)
HTTP/1.1 200 OK
Content-Type: application/json; charset=utf-8
cache-control: no-cache
content-length: 14

18:34:17.654 [AsyncHttpClient-1-5] DEBUG org.asynchttpclient.netty.channel.ChannelManager - Adding key: http://localhost:50191 for channel [id: 0x33e1f89c, L:/127.0.0.1:50024 - R:localhost/127.0.0.1:50191]
18:34:17.656 [Forwarding findElement on session 1c747b2f8da135efb764ecbc6105dc4e to remote] DEBUG org.asynchttpclient.netty.request.NettyRequestSender - Using pooled Channel '[id: 0x33e1f89c, L:/127.0.0.1:50024 - R:localhost/127.0.0.1:50191]' for 'POST' to 'http://localhost:50191/session/1c747b2f8da135efb764ecbc6105dc4e/element'
18:34:17.656 [Forwarding findElement on session 1c747b2f8da135efb764ecbc6105dc4e to remote] DEBUG org.asynchttpclient.netty.request.NettyRequestSender - Using open Channel [id: 0x33e1f89c, L:/127.0.0.1:50024 - R:localhost/127.0.0.1:50191] for POST '/session/1c747b2f8da135efb764ecbc6105dc4e/element'
18:34:17.668 [AsyncHttpClient-1-5] DEBUG org.asynchttpclient.netty.handler.HttpHandler - 

Request DefaultHttpRequest(decodeResult: success, version: HTTP/1.1)
POST /session/1c747b2f8da135efb764ecbc6105dc4e/element HTTP/1.1
User-Agent: selenium/4.1.4 (java windows)
Content-Length: 68
Content-Type: application/json; charset=utf-8
host: localhost:50191
accept: */*

Response DefaultHttpResponse(decodeResult: success, version: HTTP/1.1)
HTTP/1.1 200 OK
Content-Type: application/json; charset=utf-8
cache-control: no-cache
content-length: 88

18:34:17.668 [AsyncHttpClient-1-5] DEBUG org.asynchttpclient.netty.channel.ChannelManager - Adding key: http://localhost:50191 for channel [id: 0x33e1f89c, L:/127.0.0.1:50024 - R:localhost/127.0.0.1:50191]
18:34:17.669 [Forwarding sendKeysToElement on session 1c747b2f8da135efb764ecbc6105dc4e to remote] DEBUG org.asynchttpclient.netty.request.NettyRequestSender - Using pooled Channel '[id: 0x33e1f89c, L:/127.0.0.1:50024 - R:localhost/127.0.0.1:50191]' for 'POST' to 'http://localhost:50191/session/1c747b2f8da135efb764ecbc6105dc4e/element/36673170-5057-46b7-8772-4bee9af6fe77/value'
18:34:17.670 [Forwarding sendKeysToElement on session 1c747b2f8da135efb764ecbc6105dc4e to remote] DEBUG org.asynchttpclient.netty.request.NettyRequestSender - Using open Channel [id: 0x33e1f89c, L:/127.0.0.1:50024 - R:localhost/127.0.0.1:50191] for POST '/session/1c747b2f8da135efb764ecbc6105dc4e/element/36673170-5057-46b7-8772-4bee9af6fe77/value'
18:34:17.812 [AsyncHttpClient-1-5] DEBUG org.asynchttpclient.netty.handler.HttpHandler - 

Request DefaultHttpRequest(decodeResult: success, version: HTTP/1.1)
POST /session/1c747b2f8da135efb764ecbc6105dc4e/element/36673170-5057-46b7-8772-4bee9af6fe77/value HTTP/1.1
User-Agent: selenium/4.1.4 (java windows)
Content-Length: 209
Content-Type: application/json; charset=utf-8
host: localhost:50191
accept: */*

Response DefaultHttpResponse(decodeResult: success, version: HTTP/1.1)
HTTP/1.1 200 OK
Content-Type: application/json; charset=utf-8
cache-control: no-cache
content-length: 14

18:34:17.812 [AsyncHttpClient-1-5] DEBUG org.asynchttpclient.netty.channel.ChannelManager - Adding key: http://localhost:50191 for channel [id: 0x33e1f89c, L:/127.0.0.1:50024 - R:localhost/127.0.0.1:50191]
18:34:17.815 [Forwarding findElement on session 1c747b2f8da135efb764ecbc6105dc4e to remote] DEBUG org.asynchttpclient.netty.request.NettyRequestSender - Using pooled Channel '[id: 0x33e1f89c, L:/127.0.0.1:50024 - R:localhost/127.0.0.1:50191]' for 'POST' to 'http://localhost:50191/session/1c747b2f8da135efb764ecbc6105dc4e/element'
18:34:17.815 [Forwarding findElement on session 1c747b2f8da135efb764ecbc6105dc4e to remote] DEBUG org.asynchttpclient.netty.request.NettyRequestSender - Using open Channel [id: 0x33e1f89c, L:/127.0.0.1:50024 - R:localhost/127.0.0.1:50191] for POST '/session/1c747b2f8da135efb764ecbc6105dc4e/element'
18:34:17.824 [AsyncHttpClient-1-5] DEBUG org.asynchttpclient.netty.handler.HttpHandler - 

Request DefaultHttpRequest(decodeResult: success, version: HTTP/1.1)
POST /session/1c747b2f8da135efb764ecbc6105dc4e/element HTTP/1.1
User-Agent: selenium/4.1.4 (java windows)
Content-Length: 68
Content-Type: application/json; charset=utf-8
host: localhost:50191
accept: */*

Response DefaultHttpResponse(decodeResult: success, version: HTTP/1.1)
HTTP/1.1 200 OK
Content-Type: application/json; charset=utf-8
cache-control: no-cache
content-length: 88

18:34:17.824 [AsyncHttpClient-1-5] DEBUG org.asynchttpclient.netty.channel.ChannelManager - Adding key: http://localhost:50191 for channel [id: 0x33e1f89c, L:/127.0.0.1:50024 - R:localhost/127.0.0.1:50191]
18:34:17.825 [Forwarding sendKeysToElement on session 1c747b2f8da135efb764ecbc6105dc4e to remote] DEBUG org.asynchttpclient.netty.request.NettyRequestSender - Using pooled Channel '[id: 0x33e1f89c, L:/127.0.0.1:50024 - R:localhost/127.0.0.1:50191]' for 'POST' to 'http://localhost:50191/session/1c747b2f8da135efb764ecbc6105dc4e/element/36673170-5057-46b7-8772-4bee9af6fe77/value'
18:34:17.825 [Forwarding sendKeysToElement on session 1c747b2f8da135efb764ecbc6105dc4e to remote] DEBUG org.asynchttpclient.netty.request.NettyRequestSender - Using open Channel [id: 0x33e1f89c, L:/127.0.0.1:50024 - R:localhost/127.0.0.1:50191] for POST '/session/1c747b2f8da135efb764ecbc6105dc4e/element/36673170-5057-46b7-8772-4bee9af6fe77/value'
18:34:17.953 [AsyncHttpClient-1-1] DEBUG org.asynchttpclient.netty.channel.DefaultChannelPool - Entry count for : http://localhost:50025 : 1
18:34:17.986 [AsyncHttpClient-1-5] DEBUG org.asynchttpclient.netty.handler.HttpHandler - 

Request DefaultHttpRequest(decodeResult: success, version: HTTP/1.1)
POST /session/1c747b2f8da135efb764ecbc6105dc4e/element/36673170-5057-46b7-8772-4bee9af6fe77/value HTTP/1.1
User-Agent: selenium/4.1.4 (java windows)
Content-Length: 171
Content-Type: application/json; charset=utf-8
host: localhost:50191
accept: */*

Response DefaultHttpResponse(decodeResult: success, version: HTTP/1.1)
HTTP/1.1 200 OK
Content-Type: application/json; charset=utf-8
cache-control: no-cache
content-length: 14

18:34:17.986 [AsyncHttpClient-1-5] DEBUG org.asynchttpclient.netty.channel.ChannelManager - Adding key: http://localhost:50191 for channel [id: 0x33e1f89c, L:/127.0.0.1:50024 - R:localhost/127.0.0.1:50191]
18:34:17.989 [Forwarding findElement on session 1c747b2f8da135efb764ecbc6105dc4e to remote] DEBUG org.asynchttpclient.netty.request.NettyRequestSender - Using pooled Channel '[id: 0x33e1f89c, L:/127.0.0.1:50024 - R:localhost/127.0.0.1:50191]' for 'POST' to 'http://localhost:50191/session/1c747b2f8da135efb764ecbc6105dc4e/element'
18:34:17.989 [Forwarding findElement on session 1c747b2f8da135efb764ecbc6105dc4e to remote] DEBUG org.asynchttpclient.netty.request.NettyRequestSender - Using open Channel [id: 0x33e1f89c, L:/127.0.0.1:50024 - R:localhost/127.0.0.1:50191] for POST '/session/1c747b2f8da135efb764ecbc6105dc4e/element'
18:34:18.002 [AsyncHttpClient-1-5] DEBUG org.asynchttpclient.netty.handler.HttpHandler - 

Request DefaultHttpRequest(decodeResult: success, version: HTTP/1.1)
POST /session/1c747b2f8da135efb764ecbc6105dc4e/element HTTP/1.1
User-Agent: selenium/4.1.4 (java windows)
Content-Length: 66
Content-Type: application/json; charset=utf-8
host: localhost:50191
accept: */*

Response DefaultHttpResponse(decodeResult: success, version: HTTP/1.1)
HTTP/1.1 200 OK
Content-Type: application/json; charset=utf-8
cache-control: no-cache
content-length: 88

18:34:18.002 [AsyncHttpClient-1-5] DEBUG org.asynchttpclient.netty.channel.ChannelManager - Adding key: http://localhost:50191 for channel [id: 0x33e1f89c, L:/127.0.0.1:50024 - R:localhost/127.0.0.1:50191]
18:34:18.003 [Forwarding sendKeysToElement on session 1c747b2f8da135efb764ecbc6105dc4e to remote] DEBUG org.asynchttpclient.netty.request.NettyRequestSender - Using pooled Channel '[id: 0x33e1f89c, L:/127.0.0.1:50024 - R:localhost/127.0.0.1:50191]' for 'POST' to 'http://localhost:50191/session/1c747b2f8da135efb764ecbc6105dc4e/element/7f0f0f65-b243-4da8-b645-85a1be41edb8/value'
18:34:18.003 [Forwarding sendKeysToElement on session 1c747b2f8da135efb764ecbc6105dc4e to remote] DEBUG org.asynchttpclient.netty.request.NettyRequestSender - Using open Channel [id: 0x33e1f89c, L:/127.0.0.1:50024 - R:localhost/127.0.0.1:50191] for POST '/session/1c747b2f8da135efb764ecbc6105dc4e/element/7f0f0f65-b243-4da8-b645-85a1be41edb8/value'
18:34:18.103 [AsyncHttpClient-1-5] DEBUG org.asynchttpclient.netty.handler.HttpHandler - 

Request DefaultHttpRequest(decodeResult: success, version: HTTP/1.1)
POST /session/1c747b2f8da135efb764ecbc6105dc4e/element/7f0f0f65-b243-4da8-b645-85a1be41edb8/value HTTP/1.1
User-Agent: selenium/4.1.4 (java windows)
Content-Length: 139
Content-Type: application/json; charset=utf-8
host: localhost:50191
accept: */*

Response DefaultHttpResponse(decodeResult: success, version: HTTP/1.1)
HTTP/1.1 200 OK
Content-Type: application/json; charset=utf-8
cache-control: no-cache
content-length: 14

18:34:18.103 [AsyncHttpClient-1-5] DEBUG org.asynchttpclient.netty.channel.ChannelManager - Adding key: http://localhost:50191 for channel [id: 0x33e1f89c, L:/127.0.0.1:50024 - R:localhost/127.0.0.1:50191]
18:34:18.105 [Forwarding findElement on session 1c747b2f8da135efb764ecbc6105dc4e to remote] DEBUG org.asynchttpclient.netty.request.NettyRequestSender - Using pooled Channel '[id: 0x33e1f89c, L:/127.0.0.1:50024 - R:localhost/127.0.0.1:50191]' for 'POST' to 'http://localhost:50191/session/1c747b2f8da135efb764ecbc6105dc4e/element'
18:34:18.105 [Forwarding findElement on session 1c747b2f8da135efb764ecbc6105dc4e to remote] DEBUG org.asynchttpclient.netty.request.NettyRequestSender - Using open Channel [id: 0x33e1f89c, L:/127.0.0.1:50024 - R:localhost/127.0.0.1:50191] for POST '/session/1c747b2f8da135efb764ecbc6105dc4e/element'
18:34:18.114 [AsyncHttpClient-1-5] DEBUG org.asynchttpclient.netty.handler.HttpHandler - 

Request DefaultHttpRequest(decodeResult: success, version: HTTP/1.1)
POST /session/1c747b2f8da135efb764ecbc6105dc4e/element HTTP/1.1
User-Agent: selenium/4.1.4 (java windows)
Content-Length: 66
Content-Type: application/json; charset=utf-8
host: localhost:50191
accept: */*

Response DefaultHttpResponse(decodeResult: success, version: HTTP/1.1)
HTTP/1.1 200 OK
Content-Type: application/json; charset=utf-8
cache-control: no-cache
content-length: 88

18:34:18.114 [AsyncHttpClient-1-5] DEBUG org.asynchttpclient.netty.channel.ChannelManager - Adding key: http://localhost:50191 for channel [id: 0x33e1f89c, L:/127.0.0.1:50024 - R:localhost/127.0.0.1:50191]
18:34:18.115 [Forwarding sendKeysToElement on session 1c747b2f8da135efb764ecbc6105dc4e to remote] DEBUG org.asynchttpclient.netty.request.NettyRequestSender - Using pooled Channel '[id: 0x33e1f89c, L:/127.0.0.1:50024 - R:localhost/127.0.0.1:50191]' for 'POST' to 'http://localhost:50191/session/1c747b2f8da135efb764ecbc6105dc4e/element/7f0f0f65-b243-4da8-b645-85a1be41edb8/value'
18:34:18.115 [Forwarding sendKeysToElement on session 1c747b2f8da135efb764ecbc6105dc4e to remote] DEBUG org.asynchttpclient.netty.request.NettyRequestSender - Using open Channel [id: 0x33e1f89c, L:/127.0.0.1:50024 - R:localhost/127.0.0.1:50191] for POST '/session/1c747b2f8da135efb764ecbc6105dc4e/element/7f0f0f65-b243-4da8-b645-85a1be41edb8/value'
18:34:18.178 [AsyncHttpClient-1-5] DEBUG org.asynchttpclient.netty.handler.HttpHandler - 

Request DefaultHttpRequest(decodeResult: success, version: HTTP/1.1)
POST /session/1c747b2f8da135efb764ecbc6105dc4e/element/7f0f0f65-b243-4da8-b645-85a1be41edb8/value HTTP/1.1
User-Agent: selenium/4.1.4 (java windows)
Content-Length: 101
Content-Type: application/json; charset=utf-8
host: localhost:50191
accept: */*

Response DefaultHttpResponse(decodeResult: success, version: HTTP/1.1)
HTTP/1.1 200 OK
Content-Type: application/json; charset=utf-8
cache-control: no-cache
content-length: 14

18:34:18.178 [AsyncHttpClient-1-5] DEBUG org.asynchttpclient.netty.channel.ChannelManager - Adding key: http://localhost:50191 for channel [id: 0x33e1f89c, L:/127.0.0.1:50024 - R:localhost/127.0.0.1:50191]
18:34:18.183 [Forwarding screenshot on session 1c747b2f8da135efb764ecbc6105dc4e to remote] DEBUG org.asynchttpclient.netty.request.NettyRequestSender - Using pooled Channel '[id: 0x33e1f89c, L:/127.0.0.1:50024 - R:localhost/127.0.0.1:50191]' for 'GET' to 'http://localhost:50191/session/1c747b2f8da135efb764ecbc6105dc4e/screenshot'
18:34:18.183 [Forwarding screenshot on session 1c747b2f8da135efb764ecbc6105dc4e to remote] DEBUG org.asynchttpclient.netty.request.NettyRequestSender - Using open Channel [id: 0x33e1f89c, L:/127.0.0.1:50024 - R:localhost/127.0.0.1:50191] for GET '/session/1c747b2f8da135efb764ecbc6105dc4e/screenshot'
18:34:18.375 [AsyncHttpClient-1-5] DEBUG org.asynchttpclient.netty.handler.HttpHandler - 

Request DefaultFullHttpRequest(decodeResult: success, version: HTTP/1.1, content: EmptyByteBufBE)
GET /session/1c747b2f8da135efb764ecbc6105dc4e/screenshot HTTP/1.1
User-Agent: selenium/4.1.4 (java windows)
Cache-Control: no-cache
Content-Type: application/json; charset=utf-8
host: localhost:50191
accept: */*

Response DefaultHttpResponse(decodeResult: success, version: HTTP/1.1)
HTTP/1.1 200 OK
Content-Type: application/json; charset=utf-8
cache-control: no-cache
content-length: 163132

18:34:18.375 [AsyncHttpClient-1-5] DEBUG org.asynchttpclient.netty.channel.ChannelManager - Adding key: http://localhost:50191 for channel [id: 0x33e1f89c, L:/127.0.0.1:50024 - R:localhost/127.0.0.1:50191]
18:34:18.377 [main] DEBUG net.serenitybdd.core.photography.Darkroom - Send negative for processing for target\site\serenity\2c9a111720c4697c2c7d1e9f101eb59a88b4266f633a4f762bf6015deb3eac19.png
18:34:18.377 [main] DEBUG net.thucydides.core.steps.StepInterceptor - STEP DONE: inputDataPasienEdit
  &amp#27;[32mThen &amp#27;[0m&amp#27;[32mI input edit &amp#27;[0m&amp#27;[32m&amp#27;[1m"56712"&amp#27;[0m&amp#27;[32m &amp#27;[0m&amp#27;[32m&amp#27;[1m"1234567891234567"&amp#27;[0m&amp#27;[32m &amp#27;[0m&amp#27;[32m&amp#27;[1m"20"&amp#27;[0m&amp#27;[32m &amp#27;[0m&amp#27;[32m&amp#27;[1m"01294657612"&amp#27;[0m&amp#27;[32m &amp#27;[0m&amp#27;[32m&amp#27;[1m"perumahan"&amp#27;[0m&amp#27;[32m patient&amp#27;[0m &amp#27;[90m# starter.stepdefinitios.PatientDataSteps.iInputEditPatient(java.lang.String,java.lang.String,java.lang.String,java.lang.String,java.lang.String)&amp#27;[0m
18:34:18.379 [Darkroom Processing Line] DEBUG net.serenitybdd.core.photography.DarkroomProcessingLine - Processing screenshot image in /var/screenshots/screenshot-15359460505675023720
18:34:18.379 [Darkroom Processing Line] DEBUG net.serenitybdd.core.photography.DarkroomProcessingLine - Saving screenshot to target\site\serenity\2c9a111720c4697c2c7d1e9f101eb59a88b4266f633a4f762bf6015deb3eac19.png
18:34:18.384 [main] DEBUG net.thucydides.core.steps.StepInterceptor - STARTING STEP: PatientDataSteps.iClickButtonJenisKelaminPerempuan - clickPerempuan
18:34:18.384 [Forwarding findElement on session 1c747b2f8da135efb764ecbc6105dc4e to remote] DEBUG org.asynchttpclient.netty.request.NettyRequestSender - Using pooled Channel '[id: 0x33e1f89c, L:/127.0.0.1:50024 - R:localhost/127.0.0.1:50191]' for 'POST' to 'http://localhost:50191/session/1c747b2f8da135efb764ecbc6105dc4e/element'
18:34:18.384 [Forwarding findElement on session 1c747b2f8da135efb764ecbc6105dc4e to remote] DEBUG org.asynchttpclient.netty.request.NettyRequestSender - Using open Channel [id: 0x33e1f89c, L:/127.0.0.1:50024 - R:localhost/127.0.0.1:50191] for POST '/session/1c747b2f8da135efb764ecbc6105dc4e/element'
18:34:18.400 [AsyncHttpClient-1-5] DEBUG org.asynchttpclient.netty.handler.HttpHandler - 

Request DefaultHttpRequest(decodeResult: success, version: HTTP/1.1)
POST /session/1c747b2f8da135efb764ecbc6105dc4e/element HTTP/1.1
User-Agent: selenium/4.1.4 (java windows)
Content-Length: 182
Content-Type: application/json; charset=utf-8
host: localhost:50191
accept: */*

Response DefaultHttpResponse(decodeResult: success, version: HTTP/1.1)
HTTP/1.1 200 OK
Content-Type: application/json; charset=utf-8
cache-control: no-cache
content-length: 88

18:34:18.400 [AsyncHttpClient-1-5] DEBUG org.asynchttpclient.netty.channel.ChannelManager - Adding key: http://localhost:50191 for channel [id: 0x33e1f89c, L:/127.0.0.1:50024 - R:localhost/127.0.0.1:50191]
18:34:18.400 [Forwarding getElementTagName on session 1c747b2f8da135efb764ecbc6105dc4e to remote] DEBUG org.asynchttpclient.netty.request.NettyRequestSender - Using pooled Channel '[id: 0x33e1f89c, L:/127.0.0.1:50024 - R:localhost/127.0.0.1:50191]' for 'GET' to 'http://localhost:50191/session/1c747b2f8da135efb764ecbc6105dc4e/element/f195d178-6dfa-4738-b4c1-77b35b4fbc26/name'
18:34:18.400 [Forwarding getElementTagName on session 1c747b2f8da135efb764ecbc6105dc4e to remote] DEBUG org.asynchttpclient.netty.request.NettyRequestSender - Using open Channel [id: 0x33e1f89c, L:/127.0.0.1:50024 - R:localhost/127.0.0.1:50191] for GET '/session/1c747b2f8da135efb764ecbc6105dc4e/element/f195d178-6dfa-4738-b4c1-77b35b4fbc26/name'
18:34:18.404 [AsyncHttpClient-1-5] DEBUG org.asynchttpclient.netty.handler.HttpHandler - 

Request DefaultFullHttpRequest(decodeResult: success, version: HTTP/1.1, content: EmptyByteBufBE)
GET /session/1c747b2f8da135efb764ecbc6105dc4e/element/f195d178-6dfa-4738-b4c1-77b35b4fbc26/name HTTP/1.1
User-Agent: selenium/4.1.4 (java windows)
Cache-Control: no-cache
Content-Type: application/json; charset=utf-8
host: localhost:50191
accept: */*

Response DefaultHttpResponse(decodeResult: success, version: HTTP/1.1)
HTTP/1.1 200 OK
Content-Type: application/json; charset=utf-8
cache-control: no-cache
content-length: 16

18:34:18.404 [AsyncHttpClient-1-5] DEBUG org.asynchttpclient.netty.channel.ChannelManager - Adding key: http://localhost:50191 for channel [id: 0x33e1f89c, L:/127.0.0.1:50024 - R:localhost/127.0.0.1:50191]
18:34:18.405 [Forwarding getElementTagName on session 1c747b2f8da135efb764ecbc6105dc4e to remote] DEBUG org.asynchttpclient.netty.request.NettyRequestSender - Using pooled Channel '[id: 0x33e1f89c, L:/127.0.0.1:50024 - R:localhost/127.0.0.1:50191]' for 'GET' to 'http://localhost:50191/session/1c747b2f8da135efb764ecbc6105dc4e/element/f195d178-6dfa-4738-b4c1-77b35b4fbc26/name'
18:34:18.405 [Forwarding getElementTagName on session 1c747b2f8da135efb764ecbc6105dc4e to remote] DEBUG org.asynchttpclient.netty.request.NettyRequestSender - Using open Channel [id: 0x33e1f89c, L:/127.0.0.1:50024 - R:localhost/127.0.0.1:50191] for GET '/session/1c747b2f8da135efb764ecbc6105dc4e/element/f195d178-6dfa-4738-b4c1-77b35b4fbc26/name'
18:34:18.408 [AsyncHttpClient-1-5] DEBUG org.asynchttpclient.netty.handler.HttpHandler - 

Request DefaultFullHttpRequest(decodeResult: success, version: HTTP/1.1, content: EmptyByteBufBE)
GET /session/1c747b2f8da135efb764ecbc6105dc4e/element/f195d178-6dfa-4738-b4c1-77b35b4fbc26/name HTTP/1.1
User-Agent: selenium/4.1.4 (java windows)
Cache-Control: no-cache
Content-Type: application/json; charset=utf-8
host: localhost:50191
accept: */*

Response DefaultHttpResponse(decodeResult: success, version: HTTP/1.1)
HTTP/1.1 200 OK
Content-Type: application/json; charset=utf-8
cache-control: no-cache
content-length: 16

18:34:18.408 [AsyncHttpClient-1-5] DEBUG org.asynchttpclient.netty.channel.ChannelManager - Adding key: http://localhost:50191 for channel [id: 0x33e1f89c, L:/127.0.0.1:50024 - R:localhost/127.0.0.1:50191]
18:34:18.409 [Forwarding findElement on session 1c747b2f8da135efb764ecbc6105dc4e to remote] DEBUG org.asynchttpclient.netty.request.NettyRequestSender - Using pooled Channel '[id: 0x33e1f89c, L:/127.0.0.1:50024 - R:localhost/127.0.0.1:50191]' for 'POST' to 'http://localhost:50191/session/1c747b2f8da135efb764ecbc6105dc4e/element'
18:34:18.409 [Forwarding findElement on session 1c747b2f8da135efb764ecbc6105dc4e to remote] DEBUG org.asynchttpclient.netty.request.NettyRequestSender - Using open Channel [id: 0x33e1f89c, L:/127.0.0.1:50024 - R:localhost/127.0.0.1:50191] for POST '/session/1c747b2f8da135efb764ecbc6105dc4e/element'
18:34:18.415 [AsyncHttpClient-1-5] DEBUG org.asynchttpclient.netty.handler.HttpHandler - 

Request DefaultHttpRequest(decodeResult: success, version: HTTP/1.1)
POST /session/1c747b2f8da135efb764ecbc6105dc4e/element HTTP/1.1
User-Agent: selenium/4.1.4 (java windows)
Content-Length: 182
Content-Type: application/json; charset=utf-8
host: localhost:50191
accept: */*

Response DefaultHttpResponse(decodeResult: success, version: HTTP/1.1)
HTTP/1.1 200 OK
Content-Type: application/json; charset=utf-8
cache-control: no-cache
content-length: 88

18:34:18.415 [AsyncHttpClient-1-5] DEBUG org.asynchttpclient.netty.channel.ChannelManager - Adding key: http://localhost:50191 for channel [id: 0x33e1f89c, L:/127.0.0.1:50024 - R:localhost/127.0.0.1:50191]
18:34:18.416 [Forwarding clickElement on session 1c747b2f8da135efb764ecbc6105dc4e to remote] DEBUG org.asynchttpclient.netty.request.NettyRequestSender - Using pooled Channel '[id: 0x33e1f89c, L:/127.0.0.1:50024 - R:localhost/127.0.0.1:50191]' for 'POST' to 'http://localhost:50191/session/1c747b2f8da135efb764ecbc6105dc4e/element/f195d178-6dfa-4738-b4c1-77b35b4fbc26/click'
18:34:18.416 [Forwarding clickElement on session 1c747b2f8da135efb764ecbc6105dc4e to remote] DEBUG org.asynchttpclient.netty.request.NettyRequestSender - Using open Channel [id: 0x33e1f89c, L:/127.0.0.1:50024 - R:localhost/127.0.0.1:50191] for POST '/session/1c747b2f8da135efb764ecbc6105dc4e/element/f195d178-6dfa-4738-b4c1-77b35b4fbc26/click'
18:34:18.469 [AsyncHttpClient-1-5] DEBUG org.asynchttpclient.netty.handler.HttpHandler - 

Request DefaultHttpRequest(decodeResult: success, version: HTTP/1.1)
POST /session/1c747b2f8da135efb764ecbc6105dc4e/element/f195d178-6dfa-4738-b4c1-77b35b4fbc26/click HTTP/1.1
User-Agent: selenium/4.1.4 (java windows)
Content-Length: 50
Content-Type: application/json; charset=utf-8
host: localhost:50191
accept: */*

Response DefaultHttpResponse(decodeResult: success, version: HTTP/1.1)
HTTP/1.1 200 OK
Content-Type: application/json; charset=utf-8
cache-control: no-cache
content-length: 14

18:34:18.469 [AsyncHttpClient-1-5] DEBUG org.asynchttpclient.netty.channel.ChannelManager - Adding key: http://localhost:50191 for channel [id: 0x33e1f89c, L:/127.0.0.1:50024 - R:localhost/127.0.0.1:50191]
18:34:18.477 [Forwarding screenshot on session 1c747b2f8da135efb764ecbc6105dc4e to remote] DEBUG org.asynchttpclient.netty.request.NettyRequestSender - Using pooled Channel '[id: 0x33e1f89c, L:/127.0.0.1:50024 - R:localhost/127.0.0.1:50191]' for 'GET' to 'http://localhost:50191/session/1c747b2f8da135efb764ecbc6105dc4e/screenshot'
18:34:18.477 [Forwarding screenshot on session 1c747b2f8da135efb764ecbc6105dc4e to remote] DEBUG org.asynchttpclient.netty.request.NettyRequestSender - Using open Channel [id: 0x33e1f89c, L:/127.0.0.1:50024 - R:localhost/127.0.0.1:50191] for GET '/session/1c747b2f8da135efb764ecbc6105dc4e/screenshot'
18:34:18.705 [AsyncHttpClient-1-5] DEBUG org.asynchttpclient.netty.handler.HttpHandler - 

Request DefaultFullHttpRequest(decodeResult: success, version: HTTP/1.1, content: EmptyByteBufBE)
GET /session/1c747b2f8da135efb764ecbc6105dc4e/screenshot HTTP/1.1
User-Agent: selenium/4.1.4 (java windows)
Cache-Control: no-cache
Content-Type: application/json; charset=utf-8
host: localhost:50191
accept: */*

Response DefaultHttpResponse(decodeResult: success, version: HTTP/1.1)
HTTP/1.1 200 OK
Content-Type: application/json; charset=utf-8
cache-control: no-cache
content-length: 162504

18:34:18.705 [AsyncHttpClient-1-5] DEBUG org.asynchttpclient.netty.channel.ChannelManager - Adding key: http://localhost:50191 for channel [id: 0x33e1f89c, L:/127.0.0.1:50024 - R:localhost/127.0.0.1:50191]
18:34:18.714 [main] DEBUG net.serenitybdd.core.photography.Darkroom - Send negative for processing for target\site\serenity\1416d8945b82c0b117b197791325aa566ae7dd87fa99785e210a2ecb8a0d9942.png
18:34:18.714 [main] DEBUG net.thucydides.core.steps.StepInterceptor - STEP DONE: clickPerempuan
  &amp#27;[32mAnd &amp#27;[0m&amp#27;[32mI click button jenis kelamin perempuan&amp#27;[0m                                          &amp#27;[90m# starter.stepdefinitios.PatientDataSteps.iClickButtonJenisKelaminPerempuan()&amp#27;[0m
18:34:18.724 [Darkroom Processing Line] DEBUG net.serenitybdd.core.photography.DarkroomProcessingLine - Processing screenshot image in /var/screenshots/screenshot-7608414857189266617
18:34:18.724 [Darkroom Processing Line] DEBUG net.serenitybdd.core.photography.DarkroomProcessingLine - Saving screenshot to target\site\serenity\1416d8945b82c0b117b197791325aa566ae7dd87fa99785e210a2ecb8a0d9942.png
18:34:18.744 [main] DEBUG net.thucydides.core.steps.StepInterceptor - STARTING STEP: PatientDataSteps.clickButtonSimpan - clickButtonSave
18:34:18.750 [Forwarding findElement on session 1c747b2f8da135efb764ecbc6105dc4e to remote] DEBUG org.asynchttpclient.netty.request.NettyRequestSender - Using pooled Channel '[id: 0x33e1f89c, L:/127.0.0.1:50024 - R:localhost/127.0.0.1:50191]' for 'POST' to 'http://localhost:50191/session/1c747b2f8da135efb764ecbc6105dc4e/element'
18:34:18.751 [Forwarding findElement on session 1c747b2f8da135efb764ecbc6105dc4e to remote] DEBUG org.asynchttpclient.netty.request.NettyRequestSender - Using open Channel [id: 0x33e1f89c, L:/127.0.0.1:50024 - R:localhost/127.0.0.1:50191] for POST '/session/1c747b2f8da135efb764ecbc6105dc4e/element'
18:34:18.773 [AsyncHttpClient-1-5] DEBUG org.asynchttpclient.netty.handler.HttpHandler - 

Request DefaultHttpRequest(decodeResult: success, version: HTTP/1.1)
POST /session/1c747b2f8da135efb764ecbc6105dc4e/element HTTP/1.1
User-Agent: selenium/4.1.4 (java windows)
Content-Length: 68
Content-Type: application/json; charset=utf-8
host: localhost:50191
accept: */*

Response DefaultHttpResponse(decodeResult: success, version: HTTP/1.1)
HTTP/1.1 200 OK
Content-Type: application/json; charset=utf-8
cache-control: no-cache
content-length: 88

18:34:18.773 [AsyncHttpClient-1-5] DEBUG org.asynchttpclient.netty.channel.ChannelManager - Adding key: http://localhost:50191 for channel [id: 0x33e1f89c, L:/127.0.0.1:50024 - R:localhost/127.0.0.1:50191]
18:34:18.776 [Forwarding getElementTagName on session 1c747b2f8da135efb764ecbc6105dc4e to remote] DEBUG org.asynchttpclient.netty.request.NettyRequestSender - Using pooled Channel '[id: 0x33e1f89c, L:/127.0.0.1:50024 - R:localhost/127.0.0.1:50191]' for 'GET' to 'http://localhost:50191/session/1c747b2f8da135efb764ecbc6105dc4e/element/19280162-4d54-43d0-9b90-3e3318ca3be9/name'
18:34:18.776 [Forwarding getElementTagName on session 1c747b2f8da135efb764ecbc6105dc4e to remote] DEBUG org.asynchttpclient.netty.request.NettyRequestSender - Using open Channel [id: 0x33e1f89c, L:/127.0.0.1:50024 - R:localhost/127.0.0.1:50191] for GET '/session/1c747b2f8da135efb764ecbc6105dc4e/element/19280162-4d54-43d0-9b90-3e3318ca3be9/name'
18:34:18.782 [AsyncHttpClient-1-5] DEBUG org.asynchttpclient.netty.handler.HttpHandler - 

Request DefaultFullHttpRequest(decodeResult: success, version: HTTP/1.1, content: EmptyByteBufBE)
GET /session/1c747b2f8da135efb764ecbc6105dc4e/element/19280162-4d54-43d0-9b90-3e3318ca3be9/name HTTP/1.1
User-Agent: selenium/4.1.4 (java windows)
Cache-Control: no-cache
Content-Type: application/json; charset=utf-8
host: localhost:50191
accept: */*

Response DefaultHttpResponse(decodeResult: success, version: HTTP/1.1)
HTTP/1.1 200 OK
Content-Type: application/json; charset=utf-8
cache-control: no-cache
content-length: 18

18:34:18.782 [AsyncHttpClient-1-5] DEBUG org.asynchttpclient.netty.channel.ChannelManager - Adding key: http://localhost:50191 for channel [id: 0x33e1f89c, L:/127.0.0.1:50024 - R:localhost/127.0.0.1:50191]
18:34:18.783 [Forwarding getElementTagName on session 1c747b2f8da135efb764ecbc6105dc4e to remote] DEBUG org.asynchttpclient.netty.request.NettyRequestSender - Using pooled Channel '[id: 0x33e1f89c, L:/127.0.0.1:50024 - R:localhost/127.0.0.1:50191]' for 'GET' to 'http://localhost:50191/session/1c747b2f8da135efb764ecbc6105dc4e/element/19280162-4d54-43d0-9b90-3e3318ca3be9/name'
18:34:18.783 [Forwarding getElementTagName on session 1c747b2f8da135efb764ecbc6105dc4e to remote] DEBUG org.asynchttpclient.netty.request.NettyRequestSender - Using open Channel [id: 0x33e1f89c, L:/127.0.0.1:50024 - R:localhost/127.0.0.1:50191] for GET '/session/1c747b2f8da135efb764ecbc6105dc4e/element/19280162-4d54-43d0-9b90-3e3318ca3be9/name'
18:34:18.788 [AsyncHttpClient-1-5] DEBUG org.asynchttpclient.netty.handler.HttpHandler - 

Request DefaultFullHttpRequest(decodeResult: success, version: HTTP/1.1, content: EmptyByteBufBE)
GET /session/1c747b2f8da135efb764ecbc6105dc4e/element/19280162-4d54-43d0-9b90-3e3318ca3be9/name HTTP/1.1
User-Agent: selenium/4.1.4 (java windows)
Cache-Control: no-cache
Content-Type: application/json; charset=utf-8
host: localhost:50191
accept: */*

Response DefaultHttpResponse(decodeResult: success, version: HTTP/1.1)
HTTP/1.1 200 OK
Content-Type: application/json; charset=utf-8
cache-control: no-cache
content-length: 18

18:34:18.788 [AsyncHttpClient-1-5] DEBUG org.asynchttpclient.netty.channel.ChannelManager - Adding key: http://localhost:50191 for channel [id: 0x33e1f89c, L:/127.0.0.1:50024 - R:localhost/127.0.0.1:50191]
18:34:18.789 [Forwarding isElementEnabled on session 1c747b2f8da135efb764ecbc6105dc4e to remote] DEBUG org.asynchttpclient.netty.request.NettyRequestSender - Using pooled Channel '[id: 0x33e1f89c, L:/127.0.0.1:50024 - R:localhost/127.0.0.1:50191]' for 'GET' to 'http://localhost:50191/session/1c747b2f8da135efb764ecbc6105dc4e/element/19280162-4d54-43d0-9b90-3e3318ca3be9/enabled'
18:34:18.789 [Forwarding isElementEnabled on session 1c747b2f8da135efb764ecbc6105dc4e to remote] DEBUG org.asynchttpclient.netty.request.NettyRequestSender - Using open Channel [id: 0x33e1f89c, L:/127.0.0.1:50024 - R:localhost/127.0.0.1:50191] for GET '/session/1c747b2f8da135efb764ecbc6105dc4e/element/19280162-4d54-43d0-9b90-3e3318ca3be9/enabled'
18:34:18.805 [AsyncHttpClient-1-5] DEBUG org.asynchttpclient.netty.handler.HttpHandler - 

Request DefaultFullHttpRequest(decodeResult: success, version: HTTP/1.1, content: EmptyByteBufBE)
GET /session/1c747b2f8da135efb764ecbc6105dc4e/element/19280162-4d54-43d0-9b90-3e3318ca3be9/enabled HTTP/1.1
User-Agent: selenium/4.1.4 (java windows)
Cache-Control: no-cache
Content-Type: application/json; charset=utf-8
host: localhost:50191
accept: */*

Response DefaultHttpResponse(decodeResult: success, version: HTTP/1.1)
HTTP/1.1 200 OK
Content-Type: application/json; charset=utf-8
cache-control: no-cache
content-length: 14

18:34:18.805 [AsyncHttpClient-1-5] DEBUG org.asynchttpclient.netty.channel.ChannelManager - Adding key: http://localhost:50191 for channel [id: 0x33e1f89c, L:/127.0.0.1:50024 - R:localhost/127.0.0.1:50191]
18:34:18.806 [Forwarding isElementEnabled on session 1c747b2f8da135efb764ecbc6105dc4e to remote] DEBUG org.asynchttpclient.netty.request.NettyRequestSender - Using pooled Channel '[id: 0x33e1f89c, L:/127.0.0.1:50024 - R:localhost/127.0.0.1:50191]' for 'GET' to 'http://localhost:50191/session/1c747b2f8da135efb764ecbc6105dc4e/element/19280162-4d54-43d0-9b90-3e3318ca3be9/enabled'
18:34:18.807 [Forwarding isElementEnabled on session 1c747b2f8da135efb764ecbc6105dc4e to remote] DEBUG org.asynchttpclient.netty.request.NettyRequestSender - Using open Channel [id: 0x33e1f89c, L:/127.0.0.1:50024 - R:localhost/127.0.0.1:50191] for GET '/session/1c747b2f8da135efb764ecbc6105dc4e/element/19280162-4d54-43d0-9b90-3e3318ca3be9/enabled'
18:34:18.816 [AsyncHttpClient-1-5] DEBUG org.asynchttpclient.netty.handler.HttpHandler - 

Request DefaultFullHttpRequest(decodeResult: success, version: HTTP/1.1, content: EmptyByteBufBE)
GET /session/1c747b2f8da135efb764ecbc6105dc4e/element/19280162-4d54-43d0-9b90-3e3318ca3be9/enabled HTTP/1.1
User-Agent: selenium/4.1.4 (java windows)
Cache-Control: no-cache
Content-Type: application/json; charset=utf-8
host: localhost:50191
accept: */*

Response DefaultHttpResponse(decodeResult: success, version: HTTP/1.1)
HTTP/1.1 200 OK
Content-Type: application/json; charset=utf-8
cache-control: no-cache
content-length: 14

18:34:18.816 [AsyncHttpClient-1-5] DEBUG org.asynchttpclient.netty.channel.ChannelManager - Adding key: http://localhost:50191 for channel [id: 0x33e1f89c, L:/127.0.0.1:50024 - R:localhost/127.0.0.1:50191]
18:34:18.818 [Forwarding findElement on session 1c747b2f8da135efb764ecbc6105dc4e to remote] DEBUG org.asynchttpclient.netty.request.NettyRequestSender - Using pooled Channel '[id: 0x33e1f89c, L:/127.0.0.1:50024 - R:localhost/127.0.0.1:50191]' for 'POST' to 'http://localhost:50191/session/1c747b2f8da135efb764ecbc6105dc4e/element'
18:34:18.819 [Forwarding findElement on session 1c747b2f8da135efb764ecbc6105dc4e to remote] DEBUG org.asynchttpclient.netty.request.NettyRequestSender - Using open Channel [id: 0x33e1f89c, L:/127.0.0.1:50024 - R:localhost/127.0.0.1:50191] for POST '/session/1c747b2f8da135efb764ecbc6105dc4e/element'
18:34:18.848 [AsyncHttpClient-1-5] DEBUG org.asynchttpclient.netty.handler.HttpHandler - 

Request DefaultHttpRequest(decodeResult: success, version: HTTP/1.1)
POST /session/1c747b2f8da135efb764ecbc6105dc4e/element HTTP/1.1
User-Agent: selenium/4.1.4 (java windows)
Content-Length: 68
Content-Type: application/json; charset=utf-8
host: localhost:50191
accept: */*

Response DefaultHttpResponse(decodeResult: success, version: HTTP/1.1)
HTTP/1.1 200 OK
Content-Type: application/json; charset=utf-8
cache-control: no-cache
content-length: 88

18:34:18.848 [AsyncHttpClient-1-5] DEBUG org.asynchttpclient.netty.channel.ChannelManager - Adding key: http://localhost:50191 for channel [id: 0x33e1f89c, L:/127.0.0.1:50024 - R:localhost/127.0.0.1:50191]
18:34:18.848 [Forwarding clickElement on session 1c747b2f8da135efb764ecbc6105dc4e to remote] DEBUG org.asynchttpclient.netty.request.NettyRequestSender - Using pooled Channel '[id: 0x33e1f89c, L:/127.0.0.1:50024 - R:localhost/127.0.0.1:50191]' for 'POST' to 'http://localhost:50191/session/1c747b2f8da135efb764ecbc6105dc4e/element/19280162-4d54-43d0-9b90-3e3318ca3be9/click'
18:34:18.848 [Forwarding clickElement on session 1c747b2f8da135efb764ecbc6105dc4e to remote] DEBUG org.asynchttpclient.netty.request.NettyRequestSender - Using open Channel [id: 0x33e1f89c, L:/127.0.0.1:50024 - R:localhost/127.0.0.1:50191] for POST '/session/1c747b2f8da135efb764ecbc6105dc4e/element/19280162-4d54-43d0-9b90-3e3318ca3be9/click'
18:34:18.969 [AsyncHttpClient-1-5] DEBUG org.asynchttpclient.netty.handler.HttpHandler - 

Request DefaultHttpRequest(decodeResult: success, version: HTTP/1.1)
POST /session/1c747b2f8da135efb764ecbc6105dc4e/element/19280162-4d54-43d0-9b90-3e3318ca3be9/click HTTP/1.1
User-Agent: selenium/4.1.4 (java windows)
Content-Length: 50
Content-Type: application/json; charset=utf-8
host: localhost:50191
accept: */*

Response DefaultHttpResponse(decodeResult: success, version: HTTP/1.1)
HTTP/1.1 200 OK
Content-Type: application/json; charset=utf-8
cache-control: no-cache
content-length: 14

18:34:18.969 [AsyncHttpClient-1-5] DEBUG org.asynchttpclient.netty.channel.ChannelManager - Adding key: http://localhost:50191 for channel [id: 0x33e1f89c, L:/127.0.0.1:50024 - R:localhost/127.0.0.1:50191]
18:34:18.978 [Forwarding screenshot on session 1c747b2f8da135efb764ecbc6105dc4e to remote] DEBUG org.asynchttpclient.netty.request.NettyRequestSender - Using pooled Channel '[id: 0x33e1f89c, L:/127.0.0.1:50024 - R:localhost/127.0.0.1:50191]' for 'GET' to 'http://localhost:50191/session/1c747b2f8da135efb764ecbc6105dc4e/screenshot'
18:34:18.978 [Forwarding screenshot on session 1c747b2f8da135efb764ecbc6105dc4e to remote] DEBUG org.asynchttpclient.netty.request.NettyRequestSender - Using open Channel [id: 0x33e1f89c, L:/127.0.0.1:50024 - R:localhost/127.0.0.1:50191] for GET '/session/1c747b2f8da135efb764ecbc6105dc4e/screenshot'
18:34:19.040 [AsyncHttpClient-1-1] DEBUG org.asynchttpclient.netty.channel.DefaultChannelPool - Entry count for : http://localhost:50025 : 1
18:34:19.677 [AsyncHttpClient-1-5] DEBUG org.asynchttpclient.netty.handler.HttpHandler - 

Request DefaultFullHttpRequest(decodeResult: success, version: HTTP/1.1, content: EmptyByteBufBE)
GET /session/1c747b2f8da135efb764ecbc6105dc4e/screenshot HTTP/1.1
User-Agent: selenium/4.1.4 (java windows)
Cache-Control: no-cache
Content-Type: application/json; charset=utf-8
host: localhost:50191
accept: */*

Response DefaultHttpResponse(decodeResult: success, version: HTTP/1.1)
HTTP/1.1 200 OK
Content-Type: application/json; charset=utf-8
cache-control: no-cache
content-length: 164516

18:34:19.677 [AsyncHttpClient-1-5] DEBUG org.asynchttpclient.netty.channel.ChannelManager - Adding key: http://localhost:50191 for channel [id: 0x33e1f89c, L:/127.0.0.1:50024 - R:localhost/127.0.0.1:50191]
18:34:19.684 [main] DEBUG net.serenitybdd.core.photography.Darkroom - Send negative for processing for target\site\serenity\bfb4b6d9d90f48ffdacba5cb4b9b7aec5383b0102ec1f2cf28951edb2ce7545d.png
18:34:19.684 [main] DEBUG net.thucydides.core.steps.StepInterceptor - STEP DONE: clickButtonSave
18:34:19.684 [Darkroom Processing Line] DEBUG net.serenitybdd.core.photography.DarkroomProcessingLine - Processing screenshot image in /var/screenshots/screenshot-397093894161834425
18:34:19.684 [Darkroom Processing Line] DEBUG net.serenitybdd.core.photography.DarkroomProcessingLine - Saving screenshot to target\site\serenity\bfb4b6d9d90f48ffdacba5cb4b9b7aec5383b0102ec1f2cf28951edb2ce7545d.png
18:34:20.136 [AsyncHttpClient-1-1] DEBUG org.asynchttpclient.netty.channel.DefaultChannelPool - Entry count for : http://localhost:50025 : 1
18:34:20.136 [AsyncHttpClient-1-1] DEBUG org.asynchttpclient.netty.channel.DefaultChannelPool - Entry count for : http://localhost:50191 : 1
  &amp#27;[32mAnd &amp#27;[0m&amp#27;[32mClick button simpan&amp#27;[0m                                                             &amp#27;[90m# starter.stepdefinitios.PatientDataSteps.clickButtonSimpan()&amp#27;[0m
18:34:20.687 [Forwarding screenshot on session 1c747b2f8da135efb764ecbc6105dc4e to remote] DEBUG org.asynchttpclient.netty.request.NettyRequestSender - Using pooled Channel '[id: 0x33e1f89c, L:/127.0.0.1:50024 - R:localhost/127.0.0.1:50191]' for 'GET' to 'http://localhost:50191/session/1c747b2f8da135efb764ecbc6105dc4e/screenshot'
18:34:20.687 [Forwarding screenshot on session 1c747b2f8da135efb764ecbc6105dc4e to remote] DEBUG org.asynchttpclient.netty.request.NettyRequestSender - Using open Channel [id: 0x33e1f89c, L:/127.0.0.1:50024 - R:localhost/127.0.0.1:50191] for GET '/session/1c747b2f8da135efb764ecbc6105dc4e/screenshot'
18:34:20.900 [AsyncHttpClient-1-5] DEBUG org.asynchttpclient.netty.handler.HttpHandler - 

Request DefaultFullHttpRequest(decodeResult: success, version: HTTP/1.1, content: EmptyByteBufBE)
GET /session/1c747b2f8da135efb764ecbc6105dc4e/screenshot HTTP/1.1
User-Agent: selenium/4.1.4 (java windows)
Cache-Control: no-cache
Content-Type: application/json; charset=utf-8
host: localhost:50191
accept: */*

Response DefaultHttpResponse(decodeResult: success, version: HTTP/1.1)
HTTP/1.1 200 OK
Content-Type: application/json; charset=utf-8
cache-control: no-cache
content-length: 189184

18:34:20.901 [AsyncHttpClient-1-5] DEBUG org.asynchttpclient.netty.channel.ChannelManager - Adding key: http://localhost:50191 for channel [id: 0x33e1f89c, L:/127.0.0.1:50024 - R:localhost/127.0.0.1:50191]
18:34:20.902 [main] DEBUG net.serenitybdd.core.photography.Darkroom - Send negative for processing for target\site\serenity\92a6d73c994faf0bc191fbadc3ca319570e491627c2a4216c4d15e3a5bf9c403.png
18:34:20.902 [Darkroom Processing Line] DEBUG net.serenitybdd.core.photography.DarkroomProcessingLine - Processing screenshot image in /var/screenshots/screenshot-14854043940632729814
18:34:20.902 [Darkroom Processing Line] DEBUG net.serenitybdd.core.photography.DarkroomProcessingLine - Saving screenshot to target\site\serenity\92a6d73c994faf0bc191fbadc3ca319570e491627c2a4216c4d15e3a5bf9c403.png
18:34:21.240 [AsyncHttpClient-1-1] DEBUG org.asynchttpclient.netty.channel.DefaultChannelPool - Entry count for : http://localhost:50025 : 1
18:34:21.240 [AsyncHttpClient-1-1] DEBUG org.asynchttpclient.netty.channel.DefaultChannelPool - Entry count for : http://localhost:50191 : 1
18:34:21.929 [Forwarding screenshot on session 1c747b2f8da135efb764ecbc6105dc4e to remote] DEBUG org.asynchttpclient.netty.request.NettyRequestSender - Using pooled Channel '[id: 0x33e1f89c, L:/127.0.0.1:50024 - R:localhost/127.0.0.1:50191]' for 'GET' to 'http://localhost:50191/session/1c747b2f8da135efb764ecbc6105dc4e/screenshot'
18:34:21.929 [Forwarding screenshot on session 1c747b2f8da135efb764ecbc6105dc4e to remote] DEBUG org.asynchttpclient.netty.request.NettyRequestSender - Using open Channel [id: 0x33e1f89c, L:/127.0.0.1:50024 - R:localhost/127.0.0.1:50191] for GET '/session/1c747b2f8da135efb764ecbc6105dc4e/screenshot'
18:34:22.129 [AsyncHttpClient-1-5] DEBUG org.asynchttpclient.netty.handler.HttpHandler - 

Request DefaultFullHttpRequest(decodeResult: success, version: HTTP/1.1, content: EmptyByteBufBE)
GET /session/1c747b2f8da135efb764ecbc6105dc4e/screenshot HTTP/1.1
User-Agent: selenium/4.1.4 (java windows)
Cache-Control: no-cache
Content-Type: application/json; charset=utf-8
host: localhost:50191
accept: */*

Response DefaultHttpResponse(decodeResult: success, version: HTTP/1.1)
HTTP/1.1 200 OK
Content-Type: application/json; charset=utf-8
cache-control: no-cache
content-length: 201760

18:34:22.129 [AsyncHttpClient-1-5] DEBUG org.asynchttpclient.netty.channel.ChannelManager - Adding key: http://localhost:50191 for channel [id: 0x33e1f89c, L:/127.0.0.1:50024 - R:localhost/127.0.0.1:50191]
18:34:22.130 [main] DEBUG net.serenitybdd.core.photography.Darkroom - Send negative for processing for target\site\serenity\571f530f04956267453f39f1a6af7623e1c56ecbfcfefc985c5ab7b359406b2c.png
18:34:22.130 [main] DEBUG net.thucydides.core.steps.StepInterceptor - STARTING STEP: PatientDataSteps.validateAddErrorMessengerPasien - validateTextMessegerDokter
18:34:22.130 [Darkroom Processing Line] DEBUG net.serenitybdd.core.photography.DarkroomProcessingLine - Processing screenshot image in /var/screenshots/screenshot-12600860968425470242
18:34:22.130 [Darkroom Processing Line] DEBUG net.serenitybdd.core.photography.DarkroomProcessingLine - Saving screenshot to target\site\serenity\571f530f04956267453f39f1a6af7623e1c56ecbfcfefc985c5ab7b359406b2c.png
18:34:22.135 [Forwarding findElement on session 1c747b2f8da135efb764ecbc6105dc4e to remote] DEBUG org.asynchttpclient.netty.request.NettyRequestSender - Using pooled Channel '[id: 0x33e1f89c, L:/127.0.0.1:50024 - R:localhost/127.0.0.1:50191]' for 'POST' to 'http://localhost:50191/session/1c747b2f8da135efb764ecbc6105dc4e/element'
18:34:22.135 [Forwarding findElement on session 1c747b2f8da135efb764ecbc6105dc4e to remote] DEBUG org.asynchttpclient.netty.request.NettyRequestSender - Using open Channel [id: 0x33e1f89c, L:/127.0.0.1:50024 - R:localhost/127.0.0.1:50191] for POST '/session/1c747b2f8da135efb764ecbc6105dc4e/element'
18:34:22.143 [AsyncHttpClient-1-5] DEBUG org.asynchttpclient.netty.handler.HttpHandler - 

Request DefaultHttpRequest(decodeResult: success, version: HTTP/1.1)
POST /session/1c747b2f8da135efb764ecbc6105dc4e/element HTTP/1.1
User-Agent: selenium/4.1.4 (java windows)
Content-Length: 143
Content-Type: application/json; charset=utf-8
host: localhost:50191
accept: */*

Response DefaultHttpResponse(decodeResult: success, version: HTTP/1.1)
HTTP/1.1 200 OK
Content-Type: application/json; charset=utf-8
cache-control: no-cache
content-length: 88

18:34:22.143 [AsyncHttpClient-1-5] DEBUG org.asynchttpclient.netty.channel.ChannelManager - Adding key: http://localhost:50191 for channel [id: 0x33e1f89c, L:/127.0.0.1:50024 - R:localhost/127.0.0.1:50191]
18:34:22.144 [Forwarding getElementText on session 1c747b2f8da135efb764ecbc6105dc4e to remote] DEBUG org.asynchttpclient.netty.request.NettyRequestSender - Using pooled Channel '[id: 0x33e1f89c, L:/127.0.0.1:50024 - R:localhost/127.0.0.1:50191]' for 'GET' to 'http://localhost:50191/session/1c747b2f8da135efb764ecbc6105dc4e/element/7a96036c-ee3c-4f7e-bdad-11c1873456c0/text'
18:34:22.144 [Forwarding getElementText on session 1c747b2f8da135efb764ecbc6105dc4e to remote] DEBUG org.asynchttpclient.netty.request.NettyRequestSender - Using open Channel [id: 0x33e1f89c, L:/127.0.0.1:50024 - R:localhost/127.0.0.1:50191] for GET '/session/1c747b2f8da135efb764ecbc6105dc4e/element/7a96036c-ee3c-4f7e-bdad-11c1873456c0/text'
18:34:22.182 [AsyncHttpClient-1-5] DEBUG org.asynchttpclient.netty.handler.HttpHandler - 

Request DefaultFullHttpRequest(decodeResult: success, version: HTTP/1.1, content: EmptyByteBufBE)
GET /session/1c747b2f8da135efb764ecbc6105dc4e/element/7a96036c-ee3c-4f7e-bdad-11c1873456c0/text HTTP/1.1
User-Agent: selenium/4.1.4 (java windows)
Cache-Control: no-cache
Content-Type: application/json; charset=utf-8
host: localhost:50191
accept: */*

Response DefaultHttpResponse(decodeResult: success, version: HTTP/1.1)
HTTP/1.1 200 OK
Content-Type: application/json; charset=utf-8
cache-control: no-cache
content-length: 142

18:34:22.182 [AsyncHttpClient-1-5] DEBUG org.asynchttpclient.netty.channel.ChannelManager - Adding key: http://localhost:50191 for channel [id: 0x33e1f89c, L:/127.0.0.1:50024 - R:localhost/127.0.0.1:50191]
18:34:22.187 [Forwarding screenshot on session 1c747b2f8da135efb764ecbc6105dc4e to remote] DEBUG org.asynchttpclient.netty.request.NettyRequestSender - Using pooled Channel '[id: 0x33e1f89c, L:/127.0.0.1:50024 - R:localhost/127.0.0.1:50191]' for 'GET' to 'http://localhost:50191/session/1c747b2f8da135efb764ecbc6105dc4e/screenshot'
18:34:22.187 [Forwarding screenshot on session 1c747b2f8da135efb764ecbc6105dc4e to remote] DEBUG org.asynchttpclient.netty.request.NettyRequestSender - Using open Channel [id: 0x33e1f89c, L:/127.0.0.1:50024 - R:localhost/127.0.0.1:50191] for GET '/session/1c747b2f8da135efb764ecbc6105dc4e/screenshot'
18:34:22.331 [AsyncHttpClient-1-5] DEBUG org.asynchttpclient.netty.handler.HttpHandler - 

Request DefaultFullHttpRequest(decodeResult: success, version: HTTP/1.1, content: EmptyByteBufBE)
GET /session/1c747b2f8da135efb764ecbc6105dc4e/screenshot HTTP/1.1
User-Agent: selenium/4.1.4 (java windows)
Cache-Control: no-cache
Content-Type: application/json; charset=utf-8
host: localhost:50191
accept: */*

Response DefaultHttpResponse(decodeResult: success, version: HTTP/1.1)
HTTP/1.1 200 OK
Content-Type: application/json; charset=utf-8
cache-control: no-cache
content-length: 201760

18:34:22.331 [AsyncHttpClient-1-5] DEBUG org.asynchttpclient.netty.channel.ChannelManager - Adding key: http://localhost:50191 for channel [id: 0x33e1f89c, L:/127.0.0.1:50024 - R:localhost/127.0.0.1:50191]
18:34:22.331 [main] DEBUG net.serenitybdd.core.photography.Darkroom - Send negative for processing for target\site\serenity\571f530f04956267453f39f1a6af7623e1c56ecbfcfefc985c5ab7b359406b2c.png
18:34:22.331 [main] DEBUG net.thucydides.core.steps.StepInterceptor - STEP DONE: validateTextMessegerDokter
  &amp#27;[32mAnd &amp#27;[0m&amp#27;[32mValidate add error messenger &amp#27;[0m&amp#27;[32m&amp#27;[1m"hanya mengandung huruf"&amp#27;[0m&amp#27;[32m Pasien&amp#27;[0m                    &amp#27;[90m# starter.stepdefinitios.PatientDataSteps.validateAddErrorMessengerPasien(java.lang.String)&amp#27;[0m
18:34:22.341 [AsyncHttpClient-1-7] DEBUG org.asynchttpclient.netty.handler.WebSocketHandler - Channel Closed: [id: 0x3025ecaf, L:/127.0.0.1:50032 ! R:localhost/127.0.0.1:50025] with attribute NettyResponseFuture{currentRetry=5,
	isDone=1,
	isCancelled=0,
	asyncHandler=org.asynchttpclient.ws.WebSocketUpgradeHandler@7a42e7ca,
	nettyRequest=org.asynchttpclient.netty.request.NettyRequest@3a8711db,
	future=java.util.concurrent.CompletableFuture@35232940[Completed normally],
	uri=ws://localhost:50025/devtools/browser/289be92d-35f6-4c59-8846-0fdfa67b9e00,
	keepAlive=true,
	redirectCount=0,
	timeoutsHolder=null,
	inAuth=0,
	touch=1658057627535}
18:34:22.341 [AsyncHttpClient-1-7] DEBUG org.asynchttpclient.netty.channel.ChannelManager - Closing Channel [id: 0x3025ecaf, L:/127.0.0.1:50032 ! R:localhost/127.0.0.1:50025] 
18:34:22.348 [Driver Command Executor] DEBUG org.asynchttpclient.netty.request.NettyRequestSender - Using pooled Channel '[id: 0x33e1f89c, L:/127.0.0.1:50024 - R:localhost/127.0.0.1:50191]' for 'DELETE' to 'http://localhost:50191/session/1c747b2f8da135efb764ecbc6105dc4e'
18:34:22.348 [Driver Command Executor] DEBUG org.asynchttpclient.netty.request.NettyRequestSender - Using open Channel [id: 0x33e1f89c, L:/127.0.0.1:50024 - R:localhost/127.0.0.1:50191] for DELETE '/session/1c747b2f8da135efb764ecbc6105dc4e'
18:34:22.348 [AsyncHttpClient-1-1] DEBUG org.asynchttpclient.netty.channel.DefaultChannelPool - Entry count for : http://localhost:50025 : 1
18:34:22.396 [AsyncHttpClient-1-6] DEBUG org.asynchttpclient.netty.handler.HttpHandler - Unexpected I/O exception on channel [id: 0xde61c198, L:/127.0.0.1:50031 - R:localhost/127.0.0.1:50025]
java.io.IOException: An existing connection was forcibly closed by the remote host
	at java.base/sun.nio.ch.SocketDispatcher.read0(Native Method)
	at java.base/sun.nio.ch.SocketDispatcher.read(SocketDispatcher.java:43)
	at java.base/sun.nio.ch.IOUtil.readIntoNativeBuffer(IOUtil.java:276)
	at java.base/sun.nio.ch.IOUtil.read(IOUtil.java:233)
	at java.base/sun.nio.ch.IOUtil.read(IOUtil.java:223)
	at java.base/sun.nio.ch.SocketChannelImpl.read(SocketChannelImpl.java:356)
	at io.netty.buffer.PooledByteBuf.setBytes(PooledByteBuf.java:258)
	at io.netty.buffer.AbstractByteBuf.writeBytes(AbstractByteBuf.java:1132)
	at io.netty.channel.socket.nio.NioSocketChannel.doReadBytes(NioSocketChannel.java:357)
	at io.netty.channel.nio.AbstractNioByteChannel$NioByteUnsafe.read(AbstractNioByteChannel.java:151)
	at io.netty.channel.nio.NioEventLoop.processSelectedKey(NioEventLoop.java:722)
	at io.netty.channel.nio.NioEventLoop.processSelectedKeysOptimized(NioEventLoop.java:658)
	at io.netty.channel.nio.NioEventLoop.processSelectedKeys(NioEventLoop.java:584)
	at io.netty.channel.nio.NioEventLoop.run(NioEventLoop.java:496)
	at io.netty.util.concurrent.SingleThreadEventExecutor$4.run(SingleThreadEventExecutor.java:986)
	at io.netty.util.internal.ThreadExecutorMap$2.run(ThreadExecutorMap.java:74)
	at io.netty.util.concurrent.FastThreadLocalRunnable.run(FastThreadLocalRunnable.java:30)
	at java.base/java.lang.Thread.run(Thread.java:829)
18:34:22.396 [AsyncHttpClient-1-6] DEBUG org.asynchttpclient.netty.channel.ChannelManager - Closing Channel [id: 0xde61c198, L:/127.0.0.1:50031 - R:localhost/127.0.0.1:50025] 
18:34:22.397 [AsyncHttpClient-1-6] DEBUG org.asynchttpclient.netty.handler.HttpHandler - Channel Closed: [id: 0xde61c198, L:/127.0.0.1:50031 ! R:localhost/127.0.0.1:50025] with attribute DISCARD
18:34:22.415 [AsyncHttpClient-1-5] DEBUG org.asynchttpclient.netty.handler.HttpHandler - 

Request DefaultFullHttpRequest(decodeResult: success, version: HTTP/1.1, content: EmptyByteBufBE)
DELETE /session/1c747b2f8da135efb764ecbc6105dc4e HTTP/1.1
User-Agent: selenium/4.1.4 (java windows)
Content-Type: application/json; charset=utf-8
host: localhost:50191
accept: */*

Response DefaultHttpResponse(decodeResult: success, version: HTTP/1.1)
HTTP/1.1 200 OK
Content-Type: application/json; charset=utf-8
cache-control: no-cache
content-length: 14

18:34:22.415 [AsyncHttpClient-1-5] DEBUG org.asynchttpclient.netty.channel.ChannelManager - Adding key: http://localhost:50191 for channel [id: 0x33e1f89c, L:/127.0.0.1:50024 - R:localhost/127.0.0.1:50191]
18:34:22.485 [AsyncHttpClient-1-5] DEBUG org.asynchttpclient.netty.handler.HttpHandler - Channel Closed: [id: 0x33e1f89c, L:/127.0.0.1:50024 ! R:localhost/127.0.0.1:50191] with attribute DISCARD
18:34:22.527 [main] INFO  - 
  _____   ___   ___   _____     ___     _     ___   ___   ___   ___  
 |_   _| | __| / __| |_   _|   | _ \   /_\   / __| / __| | __| |   \ 
   | |   | _|  \__ \   | |     |  _/  / _ \  \__ \ \__ \ | _|  | |) |
   |_|   |___| |___/   |_|     |_|   /_/ \_\ |___/ |___/ |___| |___/ 

As a admin i want to edit data pasien (JK Perempuan) - Invalid
----------------------------------------------------------------------
]]></system-out>
    <system-err><![CDATA[Starting ChromeDriver 103.0.5060.53 (a1711811edd74ff1cf2150f36ffa3b0dae40b17f-refs/branch-heads/5060@{#853}) on port 50191
Only local connections are allowed.
Please see https://chromedriver.chromium.org/security-considerations for suggestions on keeping ChromeDriver safe.
ChromeDriver was started successfully.
Jul 17, 2022 6:33:47 PM org.openqa.selenium.remote.ProtocolHandshake createSession
INFO: Detected dialect: W3C
Jul 17, 2022 6:33:47 PM org.openqa.selenium.devtools.CdpVersionFinder findNearestMatch
WARNING: Unable to find an exact match for CDP version 103, so returning the closest version found: 101
Jul 17, 2022 6:33:47 PM org.openqa.selenium.devtools.CdpVersionFinder findNearestMatch
INFO: Found CDP implementation for version 103 of 101
]]></system-err>
  </testcase>
  <testcase name="As a admin i want to edit data pasien (JK Perempuan) - Invalid #3" classname="Data Pasien - Admin" time="36.952">
    <system-out><![CDATA[
@DataPasien111 @EditPatientDataInvalid
Scenario Outline: As a admin i want to edit data pasien (JK Perempuan) - Invalid &amp#27;[90m# src/test/resources/features/4DataPasien.feature:145&amp#27;[0m
18:34:22.545 [main] INFO io.cucumber.core.plugin.SerenityReporter - Running feature from file:///C:/Alterra/CapstoneBaru/QE/TestingWebUpdate/src/test/resources/features/4DataPasien.feature
18:34:22.572 [main] DEBUG net.thucydides.core.steps.StepInterceptor - STARTING STEP: LoginSteps.openLoginPage - openLogin
18:34:22.581 [main] INFO net.serenitybdd.core.webdriver.driverproviders.ChromeDriverProvider - Using automatically driver download
18:34:22.725 [main] DEBUG io.github.bonigarcia.wdm.cache.ResolutionCache - Resolution chrome=103 in cache (valid until 18:54:33 17/07/2022 ICT)
18:34:22.730 [main] DEBUG io.github.bonigarcia.wdm.cache.ResolutionCache - Resolution chrome103=103.0.5060.53 in cache (valid until 17:54:33 18/07/2022 ICT)
18:34:22.730 [main] INFO io.github.bonigarcia.wdm.WebDriverManager - Using chromedriver 103.0.5060.53 (resolved driver for Chrome 103)
18:34:22.748 [main] DEBUG io.github.bonigarcia.wdm.WebDriverManager - Driver chromedriver 103.0.5060.53 found in cache
18:34:22.749 [main] INFO io.github.bonigarcia.wdm.WebDriverManager - Exporting webdriver.chrome.driver as C:\Users\Bagas Dwi Saputra\.cache\selenium\chromedriver\win32\103.0.5060.53\chromedriver.exe
18:34:22.941 [main] DEBUG net.serenitybdd.core.webdriver.driverproviders.ProvideNewDriver - Instantiating driver
18:34:22.941 [main] DEBUG net.serenitybdd.core.webdriver.driverproviders.ProvideNewDriver - Driver capabilities: Capabilities {acceptInsecureCerts: false, base.url: https://fanciful-trifle-360..., browserName: chrome, chorme.driver: src/test/resources/webdrive..., driver: chrome, goog:chromeOptions: {args: [], extensions: []}}
18:34:23.062 [AsyncHttpClient-1-8] DEBUG org.asynchttpclient.netty.channel.NettyConnectListener - Using new Channel '[id: 0x47859993, L:/127.0.0.1:50050 - R:localhost/127.0.0.1:58470]' for 'POST' to '/session'
18:34:23.456 [AsyncHttpClient-1-1] DEBUG org.asynchttpclient.netty.channel.DefaultChannelPool - Entry count for : http://localhost:50025 : 1
18:34:23.456 [AsyncHttpClient-1-1] DEBUG org.asynchttpclient.netty.channel.DefaultChannelPool - Entry count for : http://localhost:50191 : 1
18:34:23.456 [AsyncHttpClient-1-1] DEBUG org.asynchttpclient.netty.channel.DefaultChannelPool - Adding Candidate expired Channel [id: 0xde61c198, L:/127.0.0.1:50031 ! R:localhost/127.0.0.1:50025] isIdleTimeoutExpired=false isRemotelyClosed=true isTtlExpired=false
18:34:23.456 [AsyncHttpClient-1-1] DEBUG org.asynchttpclient.netty.channel.DefaultChannelPool - Closing Idle Channel [id: 0xde61c198, L:/127.0.0.1:50031 ! R:localhost/127.0.0.1:50025]
18:34:23.456 [AsyncHttpClient-1-1] DEBUG org.asynchttpclient.netty.channel.DefaultChannelPool - Adding Candidate expired Channel [id: 0x33e1f89c, L:/127.0.0.1:50024 ! R:localhost/127.0.0.1:50191] isIdleTimeoutExpired=false isRemotelyClosed=true isTtlExpired=false
18:34:23.456 [AsyncHttpClient-1-1] DEBUG org.asynchttpclient.netty.channel.DefaultChannelPool - Closing Idle Channel [id: 0x33e1f89c, L:/127.0.0.1:50024 ! R:localhost/127.0.0.1:50191]
18:34:23.456 [AsyncHttpClient-1-1] DEBUG org.asynchttpclient.netty.channel.DefaultChannelPool - Closed 2 connections out of 2 in 0 ms
18:34:24.294 [AsyncHttpClient-1-8] DEBUG org.asynchttpclient.netty.handler.HttpHandler - 

Request DefaultHttpRequest(decodeResult: success, version: HTTP/1.1)
POST /session HTTP/1.1
User-Agent: selenium/4.1.4 (java windows)
Content-Length: 629
Content-Type: application/json; charset=utf-8
host: localhost:58470
accept: */*

Response DefaultHttpResponse(decodeResult: success, version: HTTP/1.1)
HTTP/1.1 200 OK
Content-Type: application/json; charset=utf-8
cache-control: no-cache
content-length: 794

18:34:24.294 [AsyncHttpClient-1-8] DEBUG org.asynchttpclient.netty.channel.ChannelManager - Adding key: http://localhost:58470 for channel [id: 0x47859993, L:/127.0.0.1:50050 - R:localhost/127.0.0.1:58470]
18:34:24.300 [AsyncHttpClient-1-9] DEBUG org.asynchttpclient.netty.channel.NettyConnectListener - Using new Channel '[id: 0x22080b57, L:/127.0.0.1:50057 - R:localhost/127.0.0.1:50051]' for 'GET' to '/json/version'
18:34:24.301 [AsyncHttpClient-1-9] DEBUG org.asynchttpclient.netty.handler.HttpHandler - 

Request DefaultFullHttpRequest(decodeResult: success, version: HTTP/1.1, content: EmptyByteBufBE)
GET /json/version HTTP/1.1
User-Agent: selenium/4.1.4 (java windows)
host: localhost:50051
accept: */*

Response DefaultHttpResponse(decodeResult: success, version: HTTP/1.1)
HTTP/1.1 200 OK
Content-Type: application/json; charset=UTF-8
content-length: 429

18:34:24.301 [AsyncHttpClient-1-9] DEBUG org.asynchttpclient.netty.channel.ChannelManager - Adding key: http://localhost:50051 for channel [id: 0x22080b57, L:/127.0.0.1:50057 - R:localhost/127.0.0.1:50051]
18:34:24.303 [AsyncHttpClient-1-2] DEBUG org.asynchttpclient.netty.channel.NettyConnectListener - Using new Channel '[id: 0xcb3ca682, L:/127.0.0.1:50058 - R:localhost/127.0.0.1:50051]' for 'GET' to '/devtools/browser/18a0132a-bbc4-4cc1-b69f-b1e3bde9bf0d'
18:34:24.303 [AsyncHttpClient-1-2] DEBUG org.asynchttpclient.netty.handler.WebSocketHandler - 

Request DefaultFullHttpRequest(decodeResult: success, version: HTTP/1.1, content: EmptyByteBufBE)
GET /devtools/browser/18a0132a-bbc4-4cc1-b69f-b1e3bde9bf0d HTTP/1.1
upgrade: websocket
connection: upgrade
sec-websocket-key: tuowRq/G6M6Jnr6oPKskDw==
sec-websocket-version: 13
origin: http://localhost:50051
host: localhost:50051
accept: */*
user-agent: AHC/2.1

Response DefaultHttpResponse(decodeResult: success, version: HTTP/1.1)
HTTP/1.1 101 WebSocket Protocol Handshake
Upgrade: WebSocket
Connection: Upgrade
Sec-WebSocket-Accept: S8aBIXm0CrnyOCymcpOSZCO7PH0=

18:34:24.307 [Forwarding get on session ba3d12bb4ecdc24b838011dccea968f5 to remote] DEBUG org.asynchttpclient.netty.request.NettyRequestSender - Using pooled Channel '[id: 0x47859993, L:/127.0.0.1:50050 - R:localhost/127.0.0.1:58470]' for 'POST' to 'http://localhost:58470/session/ba3d12bb4ecdc24b838011dccea968f5/url'
18:34:24.307 [Forwarding get on session ba3d12bb4ecdc24b838011dccea968f5 to remote] DEBUG org.asynchttpclient.netty.request.NettyRequestSender - Using open Channel [id: 0x47859993, L:/127.0.0.1:50050 - R:localhost/127.0.0.1:58470] for POST '/session/ba3d12bb4ecdc24b838011dccea968f5/url'
18:34:24.541 [AsyncHttpClient-1-1] DEBUG org.asynchttpclient.netty.channel.DefaultChannelPool - Entry count for : http://localhost:50051 : 1
18:34:25.094 [AsyncHttpClient-1-8] DEBUG org.asynchttpclient.netty.handler.HttpHandler - 

Request DefaultHttpRequest(decodeResult: success, version: HTTP/1.1)
POST /session/ba3d12bb4ecdc24b838011dccea968f5/url HTTP/1.1
User-Agent: selenium/4.1.4 (java windows)
Content-Length: 78
Content-Type: application/json; charset=utf-8
host: localhost:58470
accept: */*

Response DefaultHttpResponse(decodeResult: success, version: HTTP/1.1)
HTTP/1.1 200 OK
Content-Type: application/json; charset=utf-8
cache-control: no-cache
content-length: 14

18:34:25.094 [AsyncHttpClient-1-8] DEBUG org.asynchttpclient.netty.channel.ChannelManager - Adding key: http://localhost:58470 for channel [id: 0x47859993, L:/127.0.0.1:50050 - R:localhost/127.0.0.1:58470]
18:34:25.095 [Forwarding setTimeout on session ba3d12bb4ecdc24b838011dccea968f5 to remote] DEBUG org.asynchttpclient.netty.request.NettyRequestSender - Using pooled Channel '[id: 0x47859993, L:/127.0.0.1:50050 - R:localhost/127.0.0.1:58470]' for 'POST' to 'http://localhost:58470/session/ba3d12bb4ecdc24b838011dccea968f5/timeouts'
18:34:25.095 [Forwarding setTimeout on session ba3d12bb4ecdc24b838011dccea968f5 to remote] DEBUG org.asynchttpclient.netty.request.NettyRequestSender - Using open Channel [id: 0x47859993, L:/127.0.0.1:50050 - R:localhost/127.0.0.1:58470] for POST '/session/ba3d12bb4ecdc24b838011dccea968f5/timeouts'
18:34:25.096 [AsyncHttpClient-1-8] DEBUG org.asynchttpclient.netty.handler.HttpHandler - 

Request DefaultHttpRequest(decodeResult: success, version: HTTP/1.1)
POST /session/ba3d12bb4ecdc24b838011dccea968f5/timeouts HTTP/1.1
User-Agent: selenium/4.1.4 (java windows)
Content-Length: 22
Content-Type: application/json; charset=utf-8
host: localhost:58470
accept: */*

Response DefaultHttpResponse(decodeResult: success, version: HTTP/1.1)
HTTP/1.1 200 OK
Content-Type: application/json; charset=utf-8
cache-control: no-cache
content-length: 14

18:34:25.096 [AsyncHttpClient-1-8] DEBUG org.asynchttpclient.netty.channel.ChannelManager - Adding key: http://localhost:58470 for channel [id: 0x47859993, L:/127.0.0.1:50050 - R:localhost/127.0.0.1:58470]
18:34:25.099 [Forwarding getCurrentUrl on session ba3d12bb4ecdc24b838011dccea968f5 to remote] DEBUG org.asynchttpclient.netty.request.NettyRequestSender - Using pooled Channel '[id: 0x47859993, L:/127.0.0.1:50050 - R:localhost/127.0.0.1:58470]' for 'GET' to 'http://localhost:58470/session/ba3d12bb4ecdc24b838011dccea968f5/url'
18:34:25.099 [Forwarding getCurrentUrl on session ba3d12bb4ecdc24b838011dccea968f5 to remote] DEBUG org.asynchttpclient.netty.request.NettyRequestSender - Using open Channel [id: 0x47859993, L:/127.0.0.1:50050 - R:localhost/127.0.0.1:58470] for GET '/session/ba3d12bb4ecdc24b838011dccea968f5/url'
18:34:25.106 [AsyncHttpClient-1-8] DEBUG org.asynchttpclient.netty.handler.HttpHandler - 

Request DefaultFullHttpRequest(decodeResult: success, version: HTTP/1.1, content: EmptyByteBufBE)
GET /session/ba3d12bb4ecdc24b838011dccea968f5/url HTTP/1.1
User-Agent: selenium/4.1.4 (java windows)
Cache-Control: no-cache
Content-Type: application/json; charset=utf-8
host: localhost:58470
accept: */*

Response DefaultHttpResponse(decodeResult: success, version: HTTP/1.1)
HTTP/1.1 200 OK
Content-Type: application/json; charset=utf-8
cache-control: no-cache
content-length: 60

18:34:25.106 [AsyncHttpClient-1-8] DEBUG org.asynchttpclient.netty.channel.ChannelManager - Adding key: http://localhost:58470 for channel [id: 0x47859993, L:/127.0.0.1:50050 - R:localhost/127.0.0.1:58470]
18:34:25.111 [Forwarding screenshot on session ba3d12bb4ecdc24b838011dccea968f5 to remote] DEBUG org.asynchttpclient.netty.request.NettyRequestSender - Using pooled Channel '[id: 0x47859993, L:/127.0.0.1:50050 - R:localhost/127.0.0.1:58470]' for 'GET' to 'http://localhost:58470/session/ba3d12bb4ecdc24b838011dccea968f5/screenshot'
18:34:25.111 [Forwarding screenshot on session ba3d12bb4ecdc24b838011dccea968f5 to remote] DEBUG org.asynchttpclient.netty.request.NettyRequestSender - Using open Channel [id: 0x47859993, L:/127.0.0.1:50050 - R:localhost/127.0.0.1:58470] for GET '/session/ba3d12bb4ecdc24b838011dccea968f5/screenshot'
18:34:25.458 [AsyncHttpClient-1-8] DEBUG org.asynchttpclient.netty.handler.HttpHandler - 

Request DefaultFullHttpRequest(decodeResult: success, version: HTTP/1.1, content: EmptyByteBufBE)
GET /session/ba3d12bb4ecdc24b838011dccea968f5/screenshot HTTP/1.1
User-Agent: selenium/4.1.4 (java windows)
Cache-Control: no-cache
Content-Type: application/json; charset=utf-8
host: localhost:58470
accept: */*

Response DefaultHttpResponse(decodeResult: success, version: HTTP/1.1)
HTTP/1.1 200 OK
Content-Type: application/json; charset=utf-8
cache-control: no-cache
content-length: 380436

18:34:25.458 [AsyncHttpClient-1-8] DEBUG org.asynchttpclient.netty.channel.ChannelManager - Adding key: http://localhost:58470 for channel [id: 0x47859993, L:/127.0.0.1:50050 - R:localhost/127.0.0.1:58470]
18:34:25.550 [main] DEBUG net.serenitybdd.core.photography.Darkroom - Send negative for processing for target\site\serenity\d122c364c40ece9db0ad32cd97c3fcf63e95ba606118dda8d3e5a1d2b8235ce2.png
18:34:25.550 [main] DEBUG net.thucydides.core.steps.StepInterceptor - STEP DONE: openLogin
  &amp#27;[32mGiven &amp#27;[0m&amp#27;[32mOpen login page&amp#27;[0m                                                          &amp#27;[90m# starter.stepdefinitios.LoginSteps.openLoginPage()&amp#27;[0m
18:34:25.635 [AsyncHttpClient-1-1] DEBUG org.asynchttpclient.netty.channel.DefaultChannelPool - Entry count for : http://localhost:58470 : 1
18:34:25.635 [AsyncHttpClient-1-1] DEBUG org.asynchttpclient.netty.channel.DefaultChannelPool - Entry count for : http://localhost:50051 : 1
18:34:26.072 [Forwarding findElement on session ba3d12bb4ecdc24b838011dccea968f5 to remote] DEBUG org.asynchttpclient.netty.request.NettyRequestSender - Using pooled Channel '[id: 0x47859993, L:/127.0.0.1:50050 - R:localhost/127.0.0.1:58470]' for 'POST' to 'http://localhost:58470/session/ba3d12bb4ecdc24b838011dccea968f5/element'
18:34:26.072 [Forwarding findElement on session ba3d12bb4ecdc24b838011dccea968f5 to remote] DEBUG org.asynchttpclient.netty.request.NettyRequestSender - Using open Channel [id: 0x47859993, L:/127.0.0.1:50050 - R:localhost/127.0.0.1:58470] for POST '/session/ba3d12bb4ecdc24b838011dccea968f5/element'
18:34:26.083 [AsyncHttpClient-1-8] DEBUG org.asynchttpclient.netty.handler.HttpHandler - 

Request DefaultHttpRequest(decodeResult: success, version: HTTP/1.1)
POST /session/ba3d12bb4ecdc24b838011dccea968f5/element HTTP/1.1
User-Agent: selenium/4.1.4 (java windows)
Content-Length: 70
Content-Type: application/json; charset=utf-8
host: localhost:58470
accept: */*

Response DefaultHttpResponse(decodeResult: success, version: HTTP/1.1)
HTTP/1.1 200 OK
Content-Type: application/json; charset=utf-8
cache-control: no-cache
content-length: 88

18:34:26.083 [AsyncHttpClient-1-8] DEBUG org.asynchttpclient.netty.channel.ChannelManager - Adding key: http://localhost:58470 for channel [id: 0x47859993, L:/127.0.0.1:50050 - R:localhost/127.0.0.1:58470]
18:34:26.084 [Forwarding sendKeysToElement on session ba3d12bb4ecdc24b838011dccea968f5 to remote] DEBUG org.asynchttpclient.netty.request.NettyRequestSender - Using pooled Channel '[id: 0x47859993, L:/127.0.0.1:50050 - R:localhost/127.0.0.1:58470]' for 'POST' to 'http://localhost:58470/session/ba3d12bb4ecdc24b838011dccea968f5/element/65fb1762-1664-408e-8024-983db07d9adc/value'
18:34:26.084 [Forwarding sendKeysToElement on session ba3d12bb4ecdc24b838011dccea968f5 to remote] DEBUG org.asynchttpclient.netty.request.NettyRequestSender - Using open Channel [id: 0x47859993, L:/127.0.0.1:50050 - R:localhost/127.0.0.1:58470] for POST '/session/ba3d12bb4ecdc24b838011dccea968f5/element/65fb1762-1664-408e-8024-983db07d9adc/value'
18:34:26.157 [AsyncHttpClient-1-8] DEBUG org.asynchttpclient.netty.handler.HttpHandler - 

Request DefaultHttpRequest(decodeResult: success, version: HTTP/1.1)
POST /session/ba3d12bb4ecdc24b838011dccea968f5/element/65fb1762-1664-408e-8024-983db07d9adc/value HTTP/1.1
User-Agent: selenium/4.1.4 (java windows)
Content-Length: 131
Content-Type: application/json; charset=utf-8
host: localhost:58470
accept: */*

Response DefaultHttpResponse(decodeResult: success, version: HTTP/1.1)
HTTP/1.1 200 OK
Content-Type: application/json; charset=utf-8
cache-control: no-cache
content-length: 14

18:34:26.157 [AsyncHttpClient-1-8] DEBUG org.asynchttpclient.netty.channel.ChannelManager - Adding key: http://localhost:58470 for channel [id: 0x47859993, L:/127.0.0.1:50050 - R:localhost/127.0.0.1:58470]
  &amp#27;[32mAnd &amp#27;[0m&amp#27;[32mI input &amp#27;[0m&amp#27;[32m&amp#27;[1m"admin"&amp#27;[0m&amp#27;[32m login email valid&amp#27;[0m                                          &amp#27;[90m# starter.stepdefinitios.LoginSteps.iInputLoginEmailValid(java.lang.String)&amp#27;[0m
18:34:26.163 [Forwarding screenshot on session ba3d12bb4ecdc24b838011dccea968f5 to remote] DEBUG org.asynchttpclient.netty.request.NettyRequestSender - Using pooled Channel '[id: 0x47859993, L:/127.0.0.1:50050 - R:localhost/127.0.0.1:58470]' for 'GET' to 'http://localhost:58470/session/ba3d12bb4ecdc24b838011dccea968f5/screenshot'
18:34:26.163 [Forwarding screenshot on session ba3d12bb4ecdc24b838011dccea968f5 to remote] DEBUG org.asynchttpclient.netty.request.NettyRequestSender - Using open Channel [id: 0x47859993, L:/127.0.0.1:50050 - R:localhost/127.0.0.1:58470] for GET '/session/ba3d12bb4ecdc24b838011dccea968f5/screenshot'
18:34:26.366 [AsyncHttpClient-1-8] DEBUG org.asynchttpclient.netty.handler.HttpHandler - 

Request DefaultFullHttpRequest(decodeResult: success, version: HTTP/1.1, content: EmptyByteBufBE)
GET /session/ba3d12bb4ecdc24b838011dccea968f5/screenshot HTTP/1.1
User-Agent: selenium/4.1.4 (java windows)
Cache-Control: no-cache
Content-Type: application/json; charset=utf-8
host: localhost:58470
accept: */*

Response DefaultHttpResponse(decodeResult: success, version: HTTP/1.1)
HTTP/1.1 200 OK
Content-Type: application/json; charset=utf-8
cache-control: no-cache
content-length: 379420

18:34:26.366 [AsyncHttpClient-1-8] DEBUG org.asynchttpclient.netty.channel.ChannelManager - Adding key: http://localhost:58470 for channel [id: 0x47859993, L:/127.0.0.1:50050 - R:localhost/127.0.0.1:58470]
18:34:26.383 [main] DEBUG net.serenitybdd.core.photography.Darkroom - Send negative for processing for target\site\serenity\93df20195d3751dea78ac30a105f84d37c410e0341f58ded6fb231b5b47402e6.png
18:34:26.743 [AsyncHttpClient-1-1] DEBUG org.asynchttpclient.netty.channel.DefaultChannelPool - Entry count for : http://localhost:58470 : 1
18:34:26.743 [AsyncHttpClient-1-1] DEBUG org.asynchttpclient.netty.channel.DefaultChannelPool - Entry count for : http://localhost:50051 : 1
18:34:26.904 [Forwarding screenshot on session ba3d12bb4ecdc24b838011dccea968f5 to remote] DEBUG org.asynchttpclient.netty.request.NettyRequestSender - Using pooled Channel '[id: 0x47859993, L:/127.0.0.1:50050 - R:localhost/127.0.0.1:58470]' for 'GET' to 'http://localhost:58470/session/ba3d12bb4ecdc24b838011dccea968f5/screenshot'
18:34:26.904 [Forwarding screenshot on session ba3d12bb4ecdc24b838011dccea968f5 to remote] DEBUG org.asynchttpclient.netty.request.NettyRequestSender - Using open Channel [id: 0x47859993, L:/127.0.0.1:50050 - R:localhost/127.0.0.1:58470] for GET '/session/ba3d12bb4ecdc24b838011dccea968f5/screenshot'
18:34:27.107 [AsyncHttpClient-1-8] DEBUG org.asynchttpclient.netty.handler.HttpHandler - 

Request DefaultFullHttpRequest(decodeResult: success, version: HTTP/1.1, content: EmptyByteBufBE)
GET /session/ba3d12bb4ecdc24b838011dccea968f5/screenshot HTTP/1.1
User-Agent: selenium/4.1.4 (java windows)
Cache-Control: no-cache
Content-Type: application/json; charset=utf-8
host: localhost:58470
accept: */*

Response DefaultHttpResponse(decodeResult: success, version: HTTP/1.1)
HTTP/1.1 200 OK
Content-Type: application/json; charset=utf-8
cache-control: no-cache
content-length: 379404

18:34:27.107 [AsyncHttpClient-1-8] DEBUG org.asynchttpclient.netty.channel.ChannelManager - Adding key: http://localhost:58470 for channel [id: 0x47859993, L:/127.0.0.1:50050 - R:localhost/127.0.0.1:58470]
18:34:27.122 [main] DEBUG net.serenitybdd.core.photography.Darkroom - Send negative for processing for target\site\serenity\f684e1524ced0278b0b6c6b37709a7cbfb8281aeb576b04a4743fda17448b798.png
18:34:27.122 [main] DEBUG net.thucydides.core.steps.StepInterceptor - STARTING STEP: LoginSteps.iInputLoginPasswordValid - inputPasswordLogin
18:34:27.124 [Forwarding findElement on session ba3d12bb4ecdc24b838011dccea968f5 to remote] DEBUG org.asynchttpclient.netty.request.NettyRequestSender - Using pooled Channel '[id: 0x47859993, L:/127.0.0.1:50050 - R:localhost/127.0.0.1:58470]' for 'POST' to 'http://localhost:58470/session/ba3d12bb4ecdc24b838011dccea968f5/element'
18:34:27.124 [Forwarding findElement on session ba3d12bb4ecdc24b838011dccea968f5 to remote] DEBUG org.asynchttpclient.netty.request.NettyRequestSender - Using open Channel [id: 0x47859993, L:/127.0.0.1:50050 - R:localhost/127.0.0.1:58470] for POST '/session/ba3d12bb4ecdc24b838011dccea968f5/element'
18:34:27.132 [AsyncHttpClient-1-8] DEBUG org.asynchttpclient.netty.handler.HttpHandler - 

Request DefaultHttpRequest(decodeResult: success, version: HTTP/1.1)
POST /session/ba3d12bb4ecdc24b838011dccea968f5/element HTTP/1.1
User-Agent: selenium/4.1.4 (java windows)
Content-Length: 70
Content-Type: application/json; charset=utf-8
host: localhost:58470
accept: */*

Response DefaultHttpResponse(decodeResult: success, version: HTTP/1.1)
HTTP/1.1 200 OK
Content-Type: application/json; charset=utf-8
cache-control: no-cache
content-length: 88

18:34:27.132 [AsyncHttpClient-1-8] DEBUG org.asynchttpclient.netty.channel.ChannelManager - Adding key: http://localhost:58470 for channel [id: 0x47859993, L:/127.0.0.1:50050 - R:localhost/127.0.0.1:58470]
18:34:27.133 [Forwarding sendKeysToElement on session ba3d12bb4ecdc24b838011dccea968f5 to remote] DEBUG org.asynchttpclient.netty.request.NettyRequestSender - Using pooled Channel '[id: 0x47859993, L:/127.0.0.1:50050 - R:localhost/127.0.0.1:58470]' for 'POST' to 'http://localhost:58470/session/ba3d12bb4ecdc24b838011dccea968f5/element/2da7d54d-5db5-493f-8c3f-c0ccbcad46b6/value'
18:34:27.133 [Forwarding sendKeysToElement on session ba3d12bb4ecdc24b838011dccea968f5 to remote] DEBUG org.asynchttpclient.netty.request.NettyRequestSender - Using open Channel [id: 0x47859993, L:/127.0.0.1:50050 - R:localhost/127.0.0.1:58470] for POST '/session/ba3d12bb4ecdc24b838011dccea968f5/element/2da7d54d-5db5-493f-8c3f-c0ccbcad46b6/value'
18:34:27.200 [AsyncHttpClient-1-8] DEBUG org.asynchttpclient.netty.handler.HttpHandler - 

Request DefaultHttpRequest(decodeResult: success, version: HTTP/1.1)
POST /session/ba3d12bb4ecdc24b838011dccea968f5/element/2da7d54d-5db5-493f-8c3f-c0ccbcad46b6/value HTTP/1.1
User-Agent: selenium/4.1.4 (java windows)
Content-Length: 161
Content-Type: application/json; charset=utf-8
host: localhost:58470
accept: */*

Response DefaultHttpResponse(decodeResult: success, version: HTTP/1.1)
HTTP/1.1 200 OK
Content-Type: application/json; charset=utf-8
cache-control: no-cache
content-length: 14

18:34:27.200 [AsyncHttpClient-1-8] DEBUG org.asynchttpclient.netty.channel.ChannelManager - Adding key: http://localhost:58470 for channel [id: 0x47859993, L:/127.0.0.1:50050 - R:localhost/127.0.0.1:58470]
18:34:27.204 [Forwarding screenshot on session ba3d12bb4ecdc24b838011dccea968f5 to remote] DEBUG org.asynchttpclient.netty.request.NettyRequestSender - Using pooled Channel '[id: 0x47859993, L:/127.0.0.1:50050 - R:localhost/127.0.0.1:58470]' for 'GET' to 'http://localhost:58470/session/ba3d12bb4ecdc24b838011dccea968f5/screenshot'
18:34:27.204 [Forwarding screenshot on session ba3d12bb4ecdc24b838011dccea968f5 to remote] DEBUG org.asynchttpclient.netty.request.NettyRequestSender - Using open Channel [id: 0x47859993, L:/127.0.0.1:50050 - R:localhost/127.0.0.1:58470] for GET '/session/ba3d12bb4ecdc24b838011dccea968f5/screenshot'
18:34:27.454 [AsyncHttpClient-1-8] DEBUG org.asynchttpclient.netty.handler.HttpHandler - 

Request DefaultFullHttpRequest(decodeResult: success, version: HTTP/1.1, content: EmptyByteBufBE)
GET /session/ba3d12bb4ecdc24b838011dccea968f5/screenshot HTTP/1.1
User-Agent: selenium/4.1.4 (java windows)
Cache-Control: no-cache
Content-Type: application/json; charset=utf-8
host: localhost:58470
accept: */*

Response DefaultHttpResponse(decodeResult: success, version: HTTP/1.1)
HTTP/1.1 200 OK
Content-Type: application/json; charset=utf-8
cache-control: no-cache
content-length: 377580

18:34:27.465 [AsyncHttpClient-1-8] DEBUG org.asynchttpclient.netty.channel.ChannelManager - Adding key: http://localhost:58470 for channel [id: 0x47859993, L:/127.0.0.1:50050 - R:localhost/127.0.0.1:58470]
18:34:27.474 [main] DEBUG net.serenitybdd.core.photography.Darkroom - Send negative for processing for target\site\serenity\44fa0aa493cf3a3837a7fab79c30bded8f584eda85d2cfd055a7ef5b4e3f0a4a.png
18:34:27.474 [main] DEBUG net.thucydides.core.steps.StepInterceptor - STEP DONE: inputPasswordLogin
  &amp#27;[32mAnd &amp#27;[0m&amp#27;[32mI input &amp#27;[0m&amp#27;[32m&amp#27;[1m"admin123"&amp#27;[0m&amp#27;[32m login password valid&amp#27;[0m                                    &amp#27;[90m# starter.stepdefinitios.LoginSteps.iInputLoginPasswordValid(java.lang.String)&amp#27;[0m
18:34:27.490 [main] DEBUG net.thucydides.core.steps.StepInterceptor - STARTING STEP: LoginSteps.iClickButtonLogin - clickButtonLogin
18:34:27.493 [Forwarding findElement on session ba3d12bb4ecdc24b838011dccea968f5 to remote] DEBUG org.asynchttpclient.netty.request.NettyRequestSender - Using pooled Channel '[id: 0x47859993, L:/127.0.0.1:50050 - R:localhost/127.0.0.1:58470]' for 'POST' to 'http://localhost:58470/session/ba3d12bb4ecdc24b838011dccea968f5/element'
18:34:27.493 [Forwarding findElement on session ba3d12bb4ecdc24b838011dccea968f5 to remote] DEBUG org.asynchttpclient.netty.request.NettyRequestSender - Using open Channel [id: 0x47859993, L:/127.0.0.1:50050 - R:localhost/127.0.0.1:58470] for POST '/session/ba3d12bb4ecdc24b838011dccea968f5/element'
18:34:27.505 [AsyncHttpClient-1-8] DEBUG org.asynchttpclient.netty.handler.HttpHandler - 

Request DefaultHttpRequest(decodeResult: success, version: HTTP/1.1)
POST /session/ba3d12bb4ecdc24b838011dccea968f5/element HTTP/1.1
User-Agent: selenium/4.1.4 (java windows)
Content-Length: 68
Content-Type: application/json; charset=utf-8
host: localhost:58470
accept: */*

Response DefaultHttpResponse(decodeResult: success, version: HTTP/1.1)
HTTP/1.1 200 OK
Content-Type: application/json; charset=utf-8
cache-control: no-cache
content-length: 88

18:34:27.506 [AsyncHttpClient-1-8] DEBUG org.asynchttpclient.netty.channel.ChannelManager - Adding key: http://localhost:58470 for channel [id: 0x47859993, L:/127.0.0.1:50050 - R:localhost/127.0.0.1:58470]
18:34:27.507 [Forwarding getElementTagName on session ba3d12bb4ecdc24b838011dccea968f5 to remote] DEBUG org.asynchttpclient.netty.request.NettyRequestSender - Using pooled Channel '[id: 0x47859993, L:/127.0.0.1:50050 - R:localhost/127.0.0.1:58470]' for 'GET' to 'http://localhost:58470/session/ba3d12bb4ecdc24b838011dccea968f5/element/248cb3ae-0538-4f51-b433-898b87fa9227/name'
18:34:27.507 [Forwarding getElementTagName on session ba3d12bb4ecdc24b838011dccea968f5 to remote] DEBUG org.asynchttpclient.netty.request.NettyRequestSender - Using open Channel [id: 0x47859993, L:/127.0.0.1:50050 - R:localhost/127.0.0.1:58470] for GET '/session/ba3d12bb4ecdc24b838011dccea968f5/element/248cb3ae-0538-4f51-b433-898b87fa9227/name'
18:34:27.509 [AsyncHttpClient-1-8] DEBUG org.asynchttpclient.netty.handler.HttpHandler - 

Request DefaultFullHttpRequest(decodeResult: success, version: HTTP/1.1, content: EmptyByteBufBE)
GET /session/ba3d12bb4ecdc24b838011dccea968f5/element/248cb3ae-0538-4f51-b433-898b87fa9227/name HTTP/1.1
User-Agent: selenium/4.1.4 (java windows)
Cache-Control: no-cache
Content-Type: application/json; charset=utf-8
host: localhost:58470
accept: */*

Response DefaultHttpResponse(decodeResult: success, version: HTTP/1.1)
HTTP/1.1 200 OK
Content-Type: application/json; charset=utf-8
cache-control: no-cache
content-length: 18

18:34:27.509 [AsyncHttpClient-1-8] DEBUG org.asynchttpclient.netty.channel.ChannelManager - Adding key: http://localhost:58470 for channel [id: 0x47859993, L:/127.0.0.1:50050 - R:localhost/127.0.0.1:58470]
18:34:27.510 [Forwarding getElementTagName on session ba3d12bb4ecdc24b838011dccea968f5 to remote] DEBUG org.asynchttpclient.netty.request.NettyRequestSender - Using pooled Channel '[id: 0x47859993, L:/127.0.0.1:50050 - R:localhost/127.0.0.1:58470]' for 'GET' to 'http://localhost:58470/session/ba3d12bb4ecdc24b838011dccea968f5/element/248cb3ae-0538-4f51-b433-898b87fa9227/name'
18:34:27.510 [Forwarding getElementTagName on session ba3d12bb4ecdc24b838011dccea968f5 to remote] DEBUG org.asynchttpclient.netty.request.NettyRequestSender - Using open Channel [id: 0x47859993, L:/127.0.0.1:50050 - R:localhost/127.0.0.1:58470] for GET '/session/ba3d12bb4ecdc24b838011dccea968f5/element/248cb3ae-0538-4f51-b433-898b87fa9227/name'
18:34:27.513 [AsyncHttpClient-1-8] DEBUG org.asynchttpclient.netty.handler.HttpHandler - 

Request DefaultFullHttpRequest(decodeResult: success, version: HTTP/1.1, content: EmptyByteBufBE)
GET /session/ba3d12bb4ecdc24b838011dccea968f5/element/248cb3ae-0538-4f51-b433-898b87fa9227/name HTTP/1.1
User-Agent: selenium/4.1.4 (java windows)
Cache-Control: no-cache
Content-Type: application/json; charset=utf-8
host: localhost:58470
accept: */*

Response DefaultHttpResponse(decodeResult: success, version: HTTP/1.1)
HTTP/1.1 200 OK
Content-Type: application/json; charset=utf-8
cache-control: no-cache
content-length: 18

18:34:27.513 [AsyncHttpClient-1-8] DEBUG org.asynchttpclient.netty.channel.ChannelManager - Adding key: http://localhost:58470 for channel [id: 0x47859993, L:/127.0.0.1:50050 - R:localhost/127.0.0.1:58470]
18:34:27.515 [Forwarding isElementEnabled on session ba3d12bb4ecdc24b838011dccea968f5 to remote] DEBUG org.asynchttpclient.netty.request.NettyRequestSender - Using pooled Channel '[id: 0x47859993, L:/127.0.0.1:50050 - R:localhost/127.0.0.1:58470]' for 'GET' to 'http://localhost:58470/session/ba3d12bb4ecdc24b838011dccea968f5/element/248cb3ae-0538-4f51-b433-898b87fa9227/enabled'
18:34:27.515 [Forwarding isElementEnabled on session ba3d12bb4ecdc24b838011dccea968f5 to remote] DEBUG org.asynchttpclient.netty.request.NettyRequestSender - Using open Channel [id: 0x47859993, L:/127.0.0.1:50050 - R:localhost/127.0.0.1:58470] for GET '/session/ba3d12bb4ecdc24b838011dccea968f5/element/248cb3ae-0538-4f51-b433-898b87fa9227/enabled'
18:34:27.522 [AsyncHttpClient-1-8] DEBUG org.asynchttpclient.netty.handler.HttpHandler - 

Request DefaultFullHttpRequest(decodeResult: success, version: HTTP/1.1, content: EmptyByteBufBE)
GET /session/ba3d12bb4ecdc24b838011dccea968f5/element/248cb3ae-0538-4f51-b433-898b87fa9227/enabled HTTP/1.1
User-Agent: selenium/4.1.4 (java windows)
Cache-Control: no-cache
Content-Type: application/json; charset=utf-8
host: localhost:58470
accept: */*

Response DefaultHttpResponse(decodeResult: success, version: HTTP/1.1)
HTTP/1.1 200 OK
Content-Type: application/json; charset=utf-8
cache-control: no-cache
content-length: 14

18:34:27.522 [AsyncHttpClient-1-8] DEBUG org.asynchttpclient.netty.channel.ChannelManager - Adding key: http://localhost:58470 for channel [id: 0x47859993, L:/127.0.0.1:50050 - R:localhost/127.0.0.1:58470]
18:34:27.523 [Forwarding isElementEnabled on session ba3d12bb4ecdc24b838011dccea968f5 to remote] DEBUG org.asynchttpclient.netty.request.NettyRequestSender - Using pooled Channel '[id: 0x47859993, L:/127.0.0.1:50050 - R:localhost/127.0.0.1:58470]' for 'GET' to 'http://localhost:58470/session/ba3d12bb4ecdc24b838011dccea968f5/element/248cb3ae-0538-4f51-b433-898b87fa9227/enabled'
18:34:27.524 [Forwarding isElementEnabled on session ba3d12bb4ecdc24b838011dccea968f5 to remote] DEBUG org.asynchttpclient.netty.request.NettyRequestSender - Using open Channel [id: 0x47859993, L:/127.0.0.1:50050 - R:localhost/127.0.0.1:58470] for GET '/session/ba3d12bb4ecdc24b838011dccea968f5/element/248cb3ae-0538-4f51-b433-898b87fa9227/enabled'
18:34:27.529 [AsyncHttpClient-1-8] DEBUG org.asynchttpclient.netty.handler.HttpHandler - 

Request DefaultFullHttpRequest(decodeResult: success, version: HTTP/1.1, content: EmptyByteBufBE)
GET /session/ba3d12bb4ecdc24b838011dccea968f5/element/248cb3ae-0538-4f51-b433-898b87fa9227/enabled HTTP/1.1
User-Agent: selenium/4.1.4 (java windows)
Cache-Control: no-cache
Content-Type: application/json; charset=utf-8
host: localhost:58470
accept: */*

Response DefaultHttpResponse(decodeResult: success, version: HTTP/1.1)
HTTP/1.1 200 OK
Content-Type: application/json; charset=utf-8
cache-control: no-cache
content-length: 14

18:34:27.529 [AsyncHttpClient-1-8] DEBUG org.asynchttpclient.netty.channel.ChannelManager - Adding key: http://localhost:58470 for channel [id: 0x47859993, L:/127.0.0.1:50050 - R:localhost/127.0.0.1:58470]
18:34:27.530 [Forwarding findElement on session ba3d12bb4ecdc24b838011dccea968f5 to remote] DEBUG org.asynchttpclient.netty.request.NettyRequestSender - Using pooled Channel '[id: 0x47859993, L:/127.0.0.1:50050 - R:localhost/127.0.0.1:58470]' for 'POST' to 'http://localhost:58470/session/ba3d12bb4ecdc24b838011dccea968f5/element'
18:34:27.530 [Forwarding findElement on session ba3d12bb4ecdc24b838011dccea968f5 to remote] DEBUG org.asynchttpclient.netty.request.NettyRequestSender - Using open Channel [id: 0x47859993, L:/127.0.0.1:50050 - R:localhost/127.0.0.1:58470] for POST '/session/ba3d12bb4ecdc24b838011dccea968f5/element'
18:34:27.536 [AsyncHttpClient-1-8] DEBUG org.asynchttpclient.netty.handler.HttpHandler - 

Request DefaultHttpRequest(decodeResult: success, version: HTTP/1.1)
POST /session/ba3d12bb4ecdc24b838011dccea968f5/element HTTP/1.1
User-Agent: selenium/4.1.4 (java windows)
Content-Length: 68
Content-Type: application/json; charset=utf-8
host: localhost:58470
accept: */*

Response DefaultHttpResponse(decodeResult: success, version: HTTP/1.1)
HTTP/1.1 200 OK
Content-Type: application/json; charset=utf-8
cache-control: no-cache
content-length: 88

18:34:27.536 [AsyncHttpClient-1-8] DEBUG org.asynchttpclient.netty.channel.ChannelManager - Adding key: http://localhost:58470 for channel [id: 0x47859993, L:/127.0.0.1:50050 - R:localhost/127.0.0.1:58470]
18:34:27.536 [Forwarding clickElement on session ba3d12bb4ecdc24b838011dccea968f5 to remote] DEBUG org.asynchttpclient.netty.request.NettyRequestSender - Using pooled Channel '[id: 0x47859993, L:/127.0.0.1:50050 - R:localhost/127.0.0.1:58470]' for 'POST' to 'http://localhost:58470/session/ba3d12bb4ecdc24b838011dccea968f5/element/248cb3ae-0538-4f51-b433-898b87fa9227/click'
18:34:27.537 [Forwarding clickElement on session ba3d12bb4ecdc24b838011dccea968f5 to remote] DEBUG org.asynchttpclient.netty.request.NettyRequestSender - Using open Channel [id: 0x47859993, L:/127.0.0.1:50050 - R:localhost/127.0.0.1:58470] for POST '/session/ba3d12bb4ecdc24b838011dccea968f5/element/248cb3ae-0538-4f51-b433-898b87fa9227/click'
18:34:27.613 [AsyncHttpClient-1-8] DEBUG org.asynchttpclient.netty.handler.HttpHandler - 

Request DefaultHttpRequest(decodeResult: success, version: HTTP/1.1)
POST /session/ba3d12bb4ecdc24b838011dccea968f5/element/248cb3ae-0538-4f51-b433-898b87fa9227/click HTTP/1.1
User-Agent: selenium/4.1.4 (java windows)
Content-Length: 50
Content-Type: application/json; charset=utf-8
host: localhost:58470
accept: */*

Response DefaultHttpResponse(decodeResult: success, version: HTTP/1.1)
HTTP/1.1 200 OK
Content-Type: application/json; charset=utf-8
cache-control: no-cache
content-length: 14

18:34:27.613 [AsyncHttpClient-1-8] DEBUG org.asynchttpclient.netty.channel.ChannelManager - Adding key: http://localhost:58470 for channel [id: 0x47859993, L:/127.0.0.1:50050 - R:localhost/127.0.0.1:58470]
18:34:27.623 [Forwarding screenshot on session ba3d12bb4ecdc24b838011dccea968f5 to remote] DEBUG org.asynchttpclient.netty.request.NettyRequestSender - Using pooled Channel '[id: 0x47859993, L:/127.0.0.1:50050 - R:localhost/127.0.0.1:58470]' for 'GET' to 'http://localhost:58470/session/ba3d12bb4ecdc24b838011dccea968f5/screenshot'
18:34:27.623 [Forwarding screenshot on session ba3d12bb4ecdc24b838011dccea968f5 to remote] DEBUG org.asynchttpclient.netty.request.NettyRequestSender - Using open Channel [id: 0x47859993, L:/127.0.0.1:50050 - R:localhost/127.0.0.1:58470] for GET '/session/ba3d12bb4ecdc24b838011dccea968f5/screenshot'
18:34:27.841 [AsyncHttpClient-1-1] DEBUG org.asynchttpclient.netty.channel.DefaultChannelPool - Entry count for : http://localhost:50051 : 1
18:34:27.926 [AsyncHttpClient-1-8] DEBUG org.asynchttpclient.netty.handler.HttpHandler - 

Request DefaultFullHttpRequest(decodeResult: success, version: HTTP/1.1, content: EmptyByteBufBE)
GET /session/ba3d12bb4ecdc24b838011dccea968f5/screenshot HTTP/1.1
User-Agent: selenium/4.1.4 (java windows)
Cache-Control: no-cache
Content-Type: application/json; charset=utf-8
host: localhost:58470
accept: */*

Response DefaultHttpResponse(decodeResult: success, version: HTTP/1.1)
HTTP/1.1 200 OK
Content-Type: application/json; charset=utf-8
cache-control: no-cache
content-length: 342700

18:34:27.926 [AsyncHttpClient-1-8] DEBUG org.asynchttpclient.netty.channel.ChannelManager - Adding key: http://localhost:58470 for channel [id: 0x47859993, L:/127.0.0.1:50050 - R:localhost/127.0.0.1:58470]
18:34:27.935 [main] DEBUG net.serenitybdd.core.photography.Darkroom - Send negative for processing for target\site\serenity\ae461d008f440d86030961e5c92cb12e95f8979a5b329efcf591fcf58f1f9270.png
18:34:27.935 [main] DEBUG net.thucydides.core.steps.StepInterceptor - STEP DONE: clickButtonLogin
18:34:27.935 [Darkroom Processing Line] DEBUG net.serenitybdd.core.photography.DarkroomProcessingLine - Processing screenshot image in /var/screenshots/screenshot-6294361199586649910
18:34:27.935 [Darkroom Processing Line] DEBUG net.serenitybdd.core.photography.DarkroomProcessingLine - Saving screenshot to target\site\serenity\ae461d008f440d86030961e5c92cb12e95f8979a5b329efcf591fcf58f1f9270.png
18:34:28.936 [AsyncHttpClient-1-1] DEBUG org.asynchttpclient.netty.channel.DefaultChannelPool - Entry count for : http://localhost:58470 : 1
18:34:28.936 [AsyncHttpClient-1-1] DEBUG org.asynchttpclient.netty.channel.DefaultChannelPool - Entry count for : http://localhost:50051 : 1
  &amp#27;[32mAnd &amp#27;[0m&amp#27;[32mI click button login&amp#27;[0m                                                       &amp#27;[90m# starter.stepdefinitios.LoginSteps.iClickButtonLogin()&amp#27;[0m
18:34:28.951 [Forwarding screenshot on session ba3d12bb4ecdc24b838011dccea968f5 to remote] DEBUG org.asynchttpclient.netty.request.NettyRequestSender - Using pooled Channel '[id: 0x47859993, L:/127.0.0.1:50050 - R:localhost/127.0.0.1:58470]' for 'GET' to 'http://localhost:58470/session/ba3d12bb4ecdc24b838011dccea968f5/screenshot'
18:34:28.951 [Forwarding screenshot on session ba3d12bb4ecdc24b838011dccea968f5 to remote] DEBUG org.asynchttpclient.netty.request.NettyRequestSender - Using open Channel [id: 0x47859993, L:/127.0.0.1:50050 - R:localhost/127.0.0.1:58470] for GET '/session/ba3d12bb4ecdc24b838011dccea968f5/screenshot'
18:34:29.209 [AsyncHttpClient-1-8] DEBUG org.asynchttpclient.netty.handler.HttpHandler - 

Request DefaultFullHttpRequest(decodeResult: success, version: HTTP/1.1, content: EmptyByteBufBE)
GET /session/ba3d12bb4ecdc24b838011dccea968f5/screenshot HTTP/1.1
User-Agent: selenium/4.1.4 (java windows)
Cache-Control: no-cache
Content-Type: application/json; charset=utf-8
host: localhost:58470
accept: */*

Response DefaultHttpResponse(decodeResult: success, version: HTTP/1.1)
HTTP/1.1 200 OK
Content-Type: application/json; charset=utf-8
cache-control: no-cache
content-length: 313124

18:34:29.209 [AsyncHttpClient-1-8] DEBUG org.asynchttpclient.netty.channel.ChannelManager - Adding key: http://localhost:58470 for channel [id: 0x47859993, L:/127.0.0.1:50050 - R:localhost/127.0.0.1:58470]
18:34:29.217 [main] DEBUG net.serenitybdd.core.photography.Darkroom - Send negative for processing for target\site\serenity\860d4e5d13f8b7721a3d3e9aac8b0a4c66ca0c3a4a7474cef11bc8b474b2af9d.png
18:34:29.218 [Darkroom Processing Line] DEBUG net.serenitybdd.core.photography.DarkroomProcessingLine - Processing screenshot image in /var/screenshots/screenshot-12898925155401098861
18:34:29.218 [Darkroom Processing Line] DEBUG net.serenitybdd.core.photography.DarkroomProcessingLine - Saving screenshot to target\site\serenity\860d4e5d13f8b7721a3d3e9aac8b0a4c66ca0c3a4a7474cef11bc8b474b2af9d.png
18:34:30.042 [AsyncHttpClient-1-1] DEBUG org.asynchttpclient.netty.channel.DefaultChannelPool - Entry count for : http://localhost:58470 : 1
18:34:30.042 [AsyncHttpClient-1-1] DEBUG org.asynchttpclient.netty.channel.DefaultChannelPool - Entry count for : http://localhost:50051 : 1
18:34:31.140 [AsyncHttpClient-1-1] DEBUG org.asynchttpclient.netty.channel.DefaultChannelPool - Entry count for : http://localhost:58470 : 1
18:34:31.140 [AsyncHttpClient-1-1] DEBUG org.asynchttpclient.netty.channel.DefaultChannelPool - Entry count for : http://localhost:50051 : 1
18:34:32.240 [AsyncHttpClient-1-1] DEBUG org.asynchttpclient.netty.channel.DefaultChannelPool - Entry count for : http://localhost:58470 : 1
18:34:32.240 [AsyncHttpClient-1-1] DEBUG org.asynchttpclient.netty.channel.DefaultChannelPool - Entry count for : http://localhost:50051 : 1
18:34:33.339 [AsyncHttpClient-1-1] DEBUG org.asynchttpclient.netty.channel.DefaultChannelPool - Entry count for : http://localhost:58470 : 1
18:34:33.339 [AsyncHttpClient-1-1] DEBUG org.asynchttpclient.netty.channel.DefaultChannelPool - Entry count for : http://localhost:50051 : 1
18:34:34.228 [Forwarding findElement on session ba3d12bb4ecdc24b838011dccea968f5 to remote] DEBUG org.asynchttpclient.netty.request.NettyRequestSender - Using pooled Channel '[id: 0x47859993, L:/127.0.0.1:50050 - R:localhost/127.0.0.1:58470]' for 'POST' to 'http://localhost:58470/session/ba3d12bb4ecdc24b838011dccea968f5/element'
18:34:34.228 [Forwarding findElement on session ba3d12bb4ecdc24b838011dccea968f5 to remote] DEBUG org.asynchttpclient.netty.request.NettyRequestSender - Using open Channel [id: 0x47859993, L:/127.0.0.1:50050 - R:localhost/127.0.0.1:58470] for POST '/session/ba3d12bb4ecdc24b838011dccea968f5/element'
18:34:34.244 [AsyncHttpClient-1-8] DEBUG org.asynchttpclient.netty.handler.HttpHandler - 

Request DefaultHttpRequest(decodeResult: success, version: HTTP/1.1)
POST /session/ba3d12bb4ecdc24b838011dccea968f5/element HTTP/1.1
User-Agent: selenium/4.1.4 (java windows)
Content-Length: 68
Content-Type: application/json; charset=utf-8
host: localhost:58470
accept: */*

Response DefaultHttpResponse(decodeResult: success, version: HTTP/1.1)
HTTP/1.1 200 OK
Content-Type: application/json; charset=utf-8
cache-control: no-cache
content-length: 88

18:34:34.244 [AsyncHttpClient-1-8] DEBUG org.asynchttpclient.netty.channel.ChannelManager - Adding key: http://localhost:58470 for channel [id: 0x47859993, L:/127.0.0.1:50050 - R:localhost/127.0.0.1:58470]
18:34:34.244 [Forwarding isElementEnabled on session ba3d12bb4ecdc24b838011dccea968f5 to remote] DEBUG org.asynchttpclient.netty.request.NettyRequestSender - Using pooled Channel '[id: 0x47859993, L:/127.0.0.1:50050 - R:localhost/127.0.0.1:58470]' for 'GET' to 'http://localhost:58470/session/ba3d12bb4ecdc24b838011dccea968f5/element/241a1e45-333e-49ac-8744-c01baa0e35eb/enabled'
18:34:34.244 [Forwarding isElementEnabled on session ba3d12bb4ecdc24b838011dccea968f5 to remote] DEBUG org.asynchttpclient.netty.request.NettyRequestSender - Using open Channel [id: 0x47859993, L:/127.0.0.1:50050 - R:localhost/127.0.0.1:58470] for GET '/session/ba3d12bb4ecdc24b838011dccea968f5/element/241a1e45-333e-49ac-8744-c01baa0e35eb/enabled'
18:34:34.255 [AsyncHttpClient-1-8] DEBUG org.asynchttpclient.netty.handler.HttpHandler - 

Request DefaultFullHttpRequest(decodeResult: success, version: HTTP/1.1, content: EmptyByteBufBE)
GET /session/ba3d12bb4ecdc24b838011dccea968f5/element/241a1e45-333e-49ac-8744-c01baa0e35eb/enabled HTTP/1.1
User-Agent: selenium/4.1.4 (java windows)
Cache-Control: no-cache
Content-Type: application/json; charset=utf-8
host: localhost:58470
accept: */*

Response DefaultHttpResponse(decodeResult: success, version: HTTP/1.1)
HTTP/1.1 200 OK
Content-Type: application/json; charset=utf-8
cache-control: no-cache
content-length: 14

18:34:34.255 [AsyncHttpClient-1-8] DEBUG org.asynchttpclient.netty.channel.ChannelManager - Adding key: http://localhost:58470 for channel [id: 0x47859993, L:/127.0.0.1:50050 - R:localhost/127.0.0.1:58470]
18:34:34.443 [AsyncHttpClient-1-1] DEBUG org.asynchttpclient.netty.channel.DefaultChannelPool - Entry count for : http://localhost:58470 : 1
18:34:34.443 [AsyncHttpClient-1-1] DEBUG org.asynchttpclient.netty.channel.DefaultChannelPool - Entry count for : http://localhost:50051 : 1
18:34:34.764 [Forwarding screenshot on session ba3d12bb4ecdc24b838011dccea968f5 to remote] DEBUG org.asynchttpclient.netty.request.NettyRequestSender - Using pooled Channel '[id: 0x47859993, L:/127.0.0.1:50050 - R:localhost/127.0.0.1:58470]' for 'GET' to 'http://localhost:58470/session/ba3d12bb4ecdc24b838011dccea968f5/screenshot'
18:34:34.764 [Forwarding screenshot on session ba3d12bb4ecdc24b838011dccea968f5 to remote] DEBUG org.asynchttpclient.netty.request.NettyRequestSender - Using open Channel [id: 0x47859993, L:/127.0.0.1:50050 - R:localhost/127.0.0.1:58470] for GET '/session/ba3d12bb4ecdc24b838011dccea968f5/screenshot'
18:34:35.007 [AsyncHttpClient-1-8] DEBUG org.asynchttpclient.netty.handler.HttpHandler - 

Request DefaultFullHttpRequest(decodeResult: success, version: HTTP/1.1, content: EmptyByteBufBE)
GET /session/ba3d12bb4ecdc24b838011dccea968f5/screenshot HTTP/1.1
User-Agent: selenium/4.1.4 (java windows)
Cache-Control: no-cache
Content-Type: application/json; charset=utf-8
host: localhost:58470
accept: */*

Response DefaultHttpResponse(decodeResult: success, version: HTTP/1.1)
HTTP/1.1 200 OK
Content-Type: application/json; charset=utf-8
cache-control: no-cache
content-length: 301044

18:34:35.007 [AsyncHttpClient-1-8] DEBUG org.asynchttpclient.netty.channel.ChannelManager - Adding key: http://localhost:58470 for channel [id: 0x47859993, L:/127.0.0.1:50050 - R:localhost/127.0.0.1:58470]
18:34:35.016 [main] DEBUG net.serenitybdd.core.photography.Darkroom - Send negative for processing for target\site\serenity\163e386af0b12517552a74a3d5043b94e8c0f9215c0f21d464e3b04d27a0859d.png
18:34:35.016 [main] DEBUG net.thucydides.core.steps.StepInterceptor - STARTING STEP: LoginSteps.loginValidationInvalid - clickButtonErrorOK
18:34:35.021 [Forwarding findElement on session ba3d12bb4ecdc24b838011dccea968f5 to remote] DEBUG org.asynchttpclient.netty.request.NettyRequestSender - Using pooled Channel '[id: 0x47859993, L:/127.0.0.1:50050 - R:localhost/127.0.0.1:58470]' for 'POST' to 'http://localhost:58470/session/ba3d12bb4ecdc24b838011dccea968f5/element'
18:34:35.021 [Forwarding findElement on session ba3d12bb4ecdc24b838011dccea968f5 to remote] DEBUG org.asynchttpclient.netty.request.NettyRequestSender - Using open Channel [id: 0x47859993, L:/127.0.0.1:50050 - R:localhost/127.0.0.1:58470] for POST '/session/ba3d12bb4ecdc24b838011dccea968f5/element'
18:34:35.033 [AsyncHttpClient-1-8] DEBUG org.asynchttpclient.netty.handler.HttpHandler - 

Request DefaultHttpRequest(decodeResult: success, version: HTTP/1.1)
POST /session/ba3d12bb4ecdc24b838011dccea968f5/element HTTP/1.1
User-Agent: selenium/4.1.4 (java windows)
Content-Length: 88
Content-Type: application/json; charset=utf-8
host: localhost:58470
accept: */*

Response DefaultHttpResponse(decodeResult: success, version: HTTP/1.1)
HTTP/1.1 200 OK
Content-Type: application/json; charset=utf-8
cache-control: no-cache
content-length: 88

18:34:35.033 [AsyncHttpClient-1-8] DEBUG org.asynchttpclient.netty.channel.ChannelManager - Adding key: http://localhost:58470 for channel [id: 0x47859993, L:/127.0.0.1:50050 - R:localhost/127.0.0.1:58470]
18:34:35.034 [Forwarding getElementTagName on session ba3d12bb4ecdc24b838011dccea968f5 to remote] DEBUG org.asynchttpclient.netty.request.NettyRequestSender - Using pooled Channel '[id: 0x47859993, L:/127.0.0.1:50050 - R:localhost/127.0.0.1:58470]' for 'GET' to 'http://localhost:58470/session/ba3d12bb4ecdc24b838011dccea968f5/element/a1ecbb36-43ef-4712-b466-6851ea9c1d77/name'
18:34:35.034 [Forwarding getElementTagName on session ba3d12bb4ecdc24b838011dccea968f5 to remote] DEBUG org.asynchttpclient.netty.request.NettyRequestSender - Using open Channel [id: 0x47859993, L:/127.0.0.1:50050 - R:localhost/127.0.0.1:58470] for GET '/session/ba3d12bb4ecdc24b838011dccea968f5/element/a1ecbb36-43ef-4712-b466-6851ea9c1d77/name'
18:34:35.038 [AsyncHttpClient-1-8] DEBUG org.asynchttpclient.netty.handler.HttpHandler - 

Request DefaultFullHttpRequest(decodeResult: success, version: HTTP/1.1, content: EmptyByteBufBE)
GET /session/ba3d12bb4ecdc24b838011dccea968f5/element/a1ecbb36-43ef-4712-b466-6851ea9c1d77/name HTTP/1.1
User-Agent: selenium/4.1.4 (java windows)
Cache-Control: no-cache
Content-Type: application/json; charset=utf-8
host: localhost:58470
accept: */*

Response DefaultHttpResponse(decodeResult: success, version: HTTP/1.1)
HTTP/1.1 200 OK
Content-Type: application/json; charset=utf-8
cache-control: no-cache
content-length: 18

18:34:35.038 [AsyncHttpClient-1-8] DEBUG org.asynchttpclient.netty.channel.ChannelManager - Adding key: http://localhost:58470 for channel [id: 0x47859993, L:/127.0.0.1:50050 - R:localhost/127.0.0.1:58470]
18:34:35.038 [Forwarding getElementTagName on session ba3d12bb4ecdc24b838011dccea968f5 to remote] DEBUG org.asynchttpclient.netty.request.NettyRequestSender - Using pooled Channel '[id: 0x47859993, L:/127.0.0.1:50050 - R:localhost/127.0.0.1:58470]' for 'GET' to 'http://localhost:58470/session/ba3d12bb4ecdc24b838011dccea968f5/element/a1ecbb36-43ef-4712-b466-6851ea9c1d77/name'
18:34:35.038 [Forwarding getElementTagName on session ba3d12bb4ecdc24b838011dccea968f5 to remote] DEBUG org.asynchttpclient.netty.request.NettyRequestSender - Using open Channel [id: 0x47859993, L:/127.0.0.1:50050 - R:localhost/127.0.0.1:58470] for GET '/session/ba3d12bb4ecdc24b838011dccea968f5/element/a1ecbb36-43ef-4712-b466-6851ea9c1d77/name'
18:34:35.042 [AsyncHttpClient-1-8] DEBUG org.asynchttpclient.netty.handler.HttpHandler - 

Request DefaultFullHttpRequest(decodeResult: success, version: HTTP/1.1, content: EmptyByteBufBE)
GET /session/ba3d12bb4ecdc24b838011dccea968f5/element/a1ecbb36-43ef-4712-b466-6851ea9c1d77/name HTTP/1.1
User-Agent: selenium/4.1.4 (java windows)
Cache-Control: no-cache
Content-Type: application/json; charset=utf-8
host: localhost:58470
accept: */*

Response DefaultHttpResponse(decodeResult: success, version: HTTP/1.1)
HTTP/1.1 200 OK
Content-Type: application/json; charset=utf-8
cache-control: no-cache
content-length: 18

18:34:35.042 [AsyncHttpClient-1-8] DEBUG org.asynchttpclient.netty.channel.ChannelManager - Adding key: http://localhost:58470 for channel [id: 0x47859993, L:/127.0.0.1:50050 - R:localhost/127.0.0.1:58470]
18:34:35.043 [Forwarding isElementEnabled on session ba3d12bb4ecdc24b838011dccea968f5 to remote] DEBUG org.asynchttpclient.netty.request.NettyRequestSender - Using pooled Channel '[id: 0x47859993, L:/127.0.0.1:50050 - R:localhost/127.0.0.1:58470]' for 'GET' to 'http://localhost:58470/session/ba3d12bb4ecdc24b838011dccea968f5/element/a1ecbb36-43ef-4712-b466-6851ea9c1d77/enabled'
18:34:35.043 [Forwarding isElementEnabled on session ba3d12bb4ecdc24b838011dccea968f5 to remote] DEBUG org.asynchttpclient.netty.request.NettyRequestSender - Using open Channel [id: 0x47859993, L:/127.0.0.1:50050 - R:localhost/127.0.0.1:58470] for GET '/session/ba3d12bb4ecdc24b838011dccea968f5/element/a1ecbb36-43ef-4712-b466-6851ea9c1d77/enabled'
18:34:35.049 [AsyncHttpClient-1-8] DEBUG org.asynchttpclient.netty.handler.HttpHandler - 

Request DefaultFullHttpRequest(decodeResult: success, version: HTTP/1.1, content: EmptyByteBufBE)
GET /session/ba3d12bb4ecdc24b838011dccea968f5/element/a1ecbb36-43ef-4712-b466-6851ea9c1d77/enabled HTTP/1.1
User-Agent: selenium/4.1.4 (java windows)
Cache-Control: no-cache
Content-Type: application/json; charset=utf-8
host: localhost:58470
accept: */*

Response DefaultHttpResponse(decodeResult: success, version: HTTP/1.1)
HTTP/1.1 200 OK
Content-Type: application/json; charset=utf-8
cache-control: no-cache
content-length: 14

18:34:35.049 [AsyncHttpClient-1-8] DEBUG org.asynchttpclient.netty.channel.ChannelManager - Adding key: http://localhost:58470 for channel [id: 0x47859993, L:/127.0.0.1:50050 - R:localhost/127.0.0.1:58470]
18:34:35.050 [Forwarding isElementEnabled on session ba3d12bb4ecdc24b838011dccea968f5 to remote] DEBUG org.asynchttpclient.netty.request.NettyRequestSender - Using pooled Channel '[id: 0x47859993, L:/127.0.0.1:50050 - R:localhost/127.0.0.1:58470]' for 'GET' to 'http://localhost:58470/session/ba3d12bb4ecdc24b838011dccea968f5/element/a1ecbb36-43ef-4712-b466-6851ea9c1d77/enabled'
18:34:35.050 [Forwarding isElementEnabled on session ba3d12bb4ecdc24b838011dccea968f5 to remote] DEBUG org.asynchttpclient.netty.request.NettyRequestSender - Using open Channel [id: 0x47859993, L:/127.0.0.1:50050 - R:localhost/127.0.0.1:58470] for GET '/session/ba3d12bb4ecdc24b838011dccea968f5/element/a1ecbb36-43ef-4712-b466-6851ea9c1d77/enabled'
18:34:35.054 [AsyncHttpClient-1-8] DEBUG org.asynchttpclient.netty.handler.HttpHandler - 

Request DefaultFullHttpRequest(decodeResult: success, version: HTTP/1.1, content: EmptyByteBufBE)
GET /session/ba3d12bb4ecdc24b838011dccea968f5/element/a1ecbb36-43ef-4712-b466-6851ea9c1d77/enabled HTTP/1.1
User-Agent: selenium/4.1.4 (java windows)
Cache-Control: no-cache
Content-Type: application/json; charset=utf-8
host: localhost:58470
accept: */*

Response DefaultHttpResponse(decodeResult: success, version: HTTP/1.1)
HTTP/1.1 200 OK
Content-Type: application/json; charset=utf-8
cache-control: no-cache
content-length: 14

18:34:35.054 [AsyncHttpClient-1-8] DEBUG org.asynchttpclient.netty.channel.ChannelManager - Adding key: http://localhost:58470 for channel [id: 0x47859993, L:/127.0.0.1:50050 - R:localhost/127.0.0.1:58470]
18:34:35.055 [Forwarding findElement on session ba3d12bb4ecdc24b838011dccea968f5 to remote] DEBUG org.asynchttpclient.netty.request.NettyRequestSender - Using pooled Channel '[id: 0x47859993, L:/127.0.0.1:50050 - R:localhost/127.0.0.1:58470]' for 'POST' to 'http://localhost:58470/session/ba3d12bb4ecdc24b838011dccea968f5/element'
18:34:35.055 [Forwarding findElement on session ba3d12bb4ecdc24b838011dccea968f5 to remote] DEBUG org.asynchttpclient.netty.request.NettyRequestSender - Using open Channel [id: 0x47859993, L:/127.0.0.1:50050 - R:localhost/127.0.0.1:58470] for POST '/session/ba3d12bb4ecdc24b838011dccea968f5/element'
18:34:35.060 [AsyncHttpClient-1-8] DEBUG org.asynchttpclient.netty.handler.HttpHandler - 

Request DefaultHttpRequest(decodeResult: success, version: HTTP/1.1)
POST /session/ba3d12bb4ecdc24b838011dccea968f5/element HTTP/1.1
User-Agent: selenium/4.1.4 (java windows)
Content-Length: 88
Content-Type: application/json; charset=utf-8
host: localhost:58470
accept: */*

Response DefaultHttpResponse(decodeResult: success, version: HTTP/1.1)
HTTP/1.1 200 OK
Content-Type: application/json; charset=utf-8
cache-control: no-cache
content-length: 88

18:34:35.060 [AsyncHttpClient-1-8] DEBUG org.asynchttpclient.netty.channel.ChannelManager - Adding key: http://localhost:58470 for channel [id: 0x47859993, L:/127.0.0.1:50050 - R:localhost/127.0.0.1:58470]
18:34:35.061 [Forwarding clickElement on session ba3d12bb4ecdc24b838011dccea968f5 to remote] DEBUG org.asynchttpclient.netty.request.NettyRequestSender - Using pooled Channel '[id: 0x47859993, L:/127.0.0.1:50050 - R:localhost/127.0.0.1:58470]' for 'POST' to 'http://localhost:58470/session/ba3d12bb4ecdc24b838011dccea968f5/element/a1ecbb36-43ef-4712-b466-6851ea9c1d77/click'
18:34:35.061 [Forwarding clickElement on session ba3d12bb4ecdc24b838011dccea968f5 to remote] DEBUG org.asynchttpclient.netty.request.NettyRequestSender - Using open Channel [id: 0x47859993, L:/127.0.0.1:50050 - R:localhost/127.0.0.1:58470] for POST '/session/ba3d12bb4ecdc24b838011dccea968f5/element/a1ecbb36-43ef-4712-b466-6851ea9c1d77/click'
18:34:35.129 [AsyncHttpClient-1-8] DEBUG org.asynchttpclient.netty.handler.HttpHandler - 

Request DefaultHttpRequest(decodeResult: success, version: HTTP/1.1)
POST /session/ba3d12bb4ecdc24b838011dccea968f5/element/a1ecbb36-43ef-4712-b466-6851ea9c1d77/click HTTP/1.1
User-Agent: selenium/4.1.4 (java windows)
Content-Length: 50
Content-Type: application/json; charset=utf-8
host: localhost:58470
accept: */*

Response DefaultHttpResponse(decodeResult: success, version: HTTP/1.1)
HTTP/1.1 200 OK
Content-Type: application/json; charset=utf-8
cache-control: no-cache
content-length: 14

18:34:35.129 [AsyncHttpClient-1-8] DEBUG org.asynchttpclient.netty.channel.ChannelManager - Adding key: http://localhost:58470 for channel [id: 0x47859993, L:/127.0.0.1:50050 - R:localhost/127.0.0.1:58470]
18:34:35.133 [Forwarding screenshot on session ba3d12bb4ecdc24b838011dccea968f5 to remote] DEBUG org.asynchttpclient.netty.request.NettyRequestSender - Using pooled Channel '[id: 0x47859993, L:/127.0.0.1:50050 - R:localhost/127.0.0.1:58470]' for 'GET' to 'http://localhost:58470/session/ba3d12bb4ecdc24b838011dccea968f5/screenshot'
18:34:35.133 [Forwarding screenshot on session ba3d12bb4ecdc24b838011dccea968f5 to remote] DEBUG org.asynchttpclient.netty.request.NettyRequestSender - Using open Channel [id: 0x47859993, L:/127.0.0.1:50050 - R:localhost/127.0.0.1:58470] for GET '/session/ba3d12bb4ecdc24b838011dccea968f5/screenshot'
18:34:35.436 [AsyncHttpClient-1-8] DEBUG org.asynchttpclient.netty.handler.HttpHandler - 

Request DefaultFullHttpRequest(decodeResult: success, version: HTTP/1.1, content: EmptyByteBufBE)
GET /session/ba3d12bb4ecdc24b838011dccea968f5/screenshot HTTP/1.1
User-Agent: selenium/4.1.4 (java windows)
Cache-Control: no-cache
Content-Type: application/json; charset=utf-8
host: localhost:58470
accept: */*

Response DefaultHttpResponse(decodeResult: success, version: HTTP/1.1)
HTTP/1.1 200 OK
Content-Type: application/json; charset=utf-8
cache-control: no-cache
content-length: 74256

18:34:35.436 [AsyncHttpClient-1-8] DEBUG org.asynchttpclient.netty.channel.ChannelManager - Adding key: http://localhost:58470 for channel [id: 0x47859993, L:/127.0.0.1:50050 - R:localhost/127.0.0.1:58470]
18:34:35.444 [main] DEBUG net.serenitybdd.core.photography.Darkroom - Send negative for processing for target\site\serenity\503fbb5dc0efc1da668f778192c72d4249b80666ed274cd9265372894a7fcb78.png
18:34:35.444 [main] DEBUG net.thucydides.core.steps.StepInterceptor - STEP DONE: clickButtonErrorOK
  &amp#27;[32mAnd &amp#27;[0m&amp#27;[32mLogin validation invalid&amp#27;[0m                                                   &amp#27;[90m# starter.stepdefinitios.LoginSteps.loginValidationInvalid()&amp#27;[0m
18:34:35.444 [Darkroom Processing Line] DEBUG net.serenitybdd.core.photography.DarkroomProcessingLine - Processing screenshot image in /var/screenshots/screenshot-14853941775589547533
18:34:35.444 [Darkroom Processing Line] DEBUG net.serenitybdd.core.photography.DarkroomProcessingLine - Saving screenshot to target\site\serenity\503fbb5dc0efc1da668f778192c72d4249b80666ed274cd9265372894a7fcb78.png
18:34:35.537 [AsyncHttpClient-1-1] DEBUG org.asynchttpclient.netty.channel.DefaultChannelPool - Entry count for : http://localhost:58470 : 1
18:34:35.537 [AsyncHttpClient-1-1] DEBUG org.asynchttpclient.netty.channel.DefaultChannelPool - Entry count for : http://localhost:50051 : 1
18:34:36.643 [AsyncHttpClient-1-1] DEBUG org.asynchttpclient.netty.channel.DefaultChannelPool - Entry count for : http://localhost:58470 : 1
18:34:36.643 [AsyncHttpClient-1-1] DEBUG org.asynchttpclient.netty.channel.DefaultChannelPool - Entry count for : http://localhost:50051 : 1
18:34:37.749 [AsyncHttpClient-1-1] DEBUG org.asynchttpclient.netty.channel.DefaultChannelPool - Entry count for : http://localhost:58470 : 1
18:34:37.749 [AsyncHttpClient-1-1] DEBUG org.asynchttpclient.netty.channel.DefaultChannelPool - Entry count for : http://localhost:50051 : 1
18:34:38.842 [AsyncHttpClient-1-1] DEBUG org.asynchttpclient.netty.channel.DefaultChannelPool - Entry count for : http://localhost:58470 : 1
18:34:38.842 [AsyncHttpClient-1-1] DEBUG org.asynchttpclient.netty.channel.DefaultChannelPool - Entry count for : http://localhost:50051 : 1
18:34:39.937 [AsyncHttpClient-1-1] DEBUG org.asynchttpclient.netty.channel.DefaultChannelPool - Entry count for : http://localhost:58470 : 1
18:34:39.937 [AsyncHttpClient-1-1] DEBUG org.asynchttpclient.netty.channel.DefaultChannelPool - Entry count for : http://localhost:50051 : 1
18:34:40.487 [Forwarding screenshot on session ba3d12bb4ecdc24b838011dccea968f5 to remote] DEBUG org.asynchttpclient.netty.request.NettyRequestSender - Using pooled Channel '[id: 0x47859993, L:/127.0.0.1:50050 - R:localhost/127.0.0.1:58470]' for 'GET' to 'http://localhost:58470/session/ba3d12bb4ecdc24b838011dccea968f5/screenshot'
18:34:40.487 [Forwarding screenshot on session ba3d12bb4ecdc24b838011dccea968f5 to remote] DEBUG org.asynchttpclient.netty.request.NettyRequestSender - Using open Channel [id: 0x47859993, L:/127.0.0.1:50050 - R:localhost/127.0.0.1:58470] for GET '/session/ba3d12bb4ecdc24b838011dccea968f5/screenshot'
18:34:40.663 [AsyncHttpClient-1-8] DEBUG org.asynchttpclient.netty.handler.HttpHandler - 

Request DefaultFullHttpRequest(decodeResult: success, version: HTTP/1.1, content: EmptyByteBufBE)
GET /session/ba3d12bb4ecdc24b838011dccea968f5/screenshot HTTP/1.1
User-Agent: selenium/4.1.4 (java windows)
Cache-Control: no-cache
Content-Type: application/json; charset=utf-8
host: localhost:58470
accept: */*

Response DefaultHttpResponse(decodeResult: success, version: HTTP/1.1)
HTTP/1.1 200 OK
Content-Type: application/json; charset=utf-8
cache-control: no-cache
content-length: 78860

18:34:40.663 [AsyncHttpClient-1-8] DEBUG org.asynchttpclient.netty.channel.ChannelManager - Adding key: http://localhost:58470 for channel [id: 0x47859993, L:/127.0.0.1:50050 - R:localhost/127.0.0.1:58470]
18:34:40.666 [main] DEBUG net.serenitybdd.core.photography.Darkroom - Send negative for processing for target\site\serenity\e3902e4e6d497170d59aa0c0c2930d955492166dca27ad580f2b08c08bf103aa.png
18:34:40.666 [main] DEBUG net.thucydides.core.steps.StepInterceptor - STARTING STEP: PatientDataSteps.clickButtonDataPasien - clickButtonDataPasien
18:34:40.670 [Forwarding findElement on session ba3d12bb4ecdc24b838011dccea968f5 to remote] DEBUG org.asynchttpclient.netty.request.NettyRequestSender - Using pooled Channel '[id: 0x47859993, L:/127.0.0.1:50050 - R:localhost/127.0.0.1:58470]' for 'POST' to 'http://localhost:58470/session/ba3d12bb4ecdc24b838011dccea968f5/element'
18:34:40.670 [Forwarding findElement on session ba3d12bb4ecdc24b838011dccea968f5 to remote] DEBUG org.asynchttpclient.netty.request.NettyRequestSender - Using open Channel [id: 0x47859993, L:/127.0.0.1:50050 - R:localhost/127.0.0.1:58470] for POST '/session/ba3d12bb4ecdc24b838011dccea968f5/element'
18:34:40.693 [AsyncHttpClient-1-8] DEBUG org.asynchttpclient.netty.handler.HttpHandler - 

Request DefaultHttpRequest(decodeResult: success, version: HTTP/1.1)
POST /session/ba3d12bb4ecdc24b838011dccea968f5/element HTTP/1.1
User-Agent: selenium/4.1.4 (java windows)
Content-Length: 114
Content-Type: application/json; charset=utf-8
host: localhost:58470
accept: */*

Response DefaultHttpResponse(decodeResult: success, version: HTTP/1.1)
HTTP/1.1 200 OK
Content-Type: application/json; charset=utf-8
cache-control: no-cache
content-length: 88

18:34:40.693 [AsyncHttpClient-1-8] DEBUG org.asynchttpclient.netty.channel.ChannelManager - Adding key: http://localhost:58470 for channel [id: 0x47859993, L:/127.0.0.1:50050 - R:localhost/127.0.0.1:58470]
18:34:40.695 [Forwarding getElementTagName on session ba3d12bb4ecdc24b838011dccea968f5 to remote] DEBUG org.asynchttpclient.netty.request.NettyRequestSender - Using pooled Channel '[id: 0x47859993, L:/127.0.0.1:50050 - R:localhost/127.0.0.1:58470]' for 'GET' to 'http://localhost:58470/session/ba3d12bb4ecdc24b838011dccea968f5/element/534c0fc6-94d4-48ad-9e99-cb9a8a139a3b/name'
18:34:40.695 [Forwarding getElementTagName on session ba3d12bb4ecdc24b838011dccea968f5 to remote] DEBUG org.asynchttpclient.netty.request.NettyRequestSender - Using open Channel [id: 0x47859993, L:/127.0.0.1:50050 - R:localhost/127.0.0.1:58470] for GET '/session/ba3d12bb4ecdc24b838011dccea968f5/element/534c0fc6-94d4-48ad-9e99-cb9a8a139a3b/name'
18:34:40.701 [AsyncHttpClient-1-8] DEBUG org.asynchttpclient.netty.handler.HttpHandler - 

Request DefaultFullHttpRequest(decodeResult: success, version: HTTP/1.1, content: EmptyByteBufBE)
GET /session/ba3d12bb4ecdc24b838011dccea968f5/element/534c0fc6-94d4-48ad-9e99-cb9a8a139a3b/name HTTP/1.1
User-Agent: selenium/4.1.4 (java windows)
Cache-Control: no-cache
Content-Type: application/json; charset=utf-8
host: localhost:58470
accept: */*

Response DefaultHttpResponse(decodeResult: success, version: HTTP/1.1)
HTTP/1.1 200 OK
Content-Type: application/json; charset=utf-8
cache-control: no-cache
content-length: 13

18:34:40.701 [AsyncHttpClient-1-8] DEBUG org.asynchttpclient.netty.channel.ChannelManager - Adding key: http://localhost:58470 for channel [id: 0x47859993, L:/127.0.0.1:50050 - R:localhost/127.0.0.1:58470]
18:34:40.703 [Forwarding getElementTagName on session ba3d12bb4ecdc24b838011dccea968f5 to remote] DEBUG org.asynchttpclient.netty.request.NettyRequestSender - Using pooled Channel '[id: 0x47859993, L:/127.0.0.1:50050 - R:localhost/127.0.0.1:58470]' for 'GET' to 'http://localhost:58470/session/ba3d12bb4ecdc24b838011dccea968f5/element/534c0fc6-94d4-48ad-9e99-cb9a8a139a3b/name'
18:34:40.703 [Forwarding getElementTagName on session ba3d12bb4ecdc24b838011dccea968f5 to remote] DEBUG org.asynchttpclient.netty.request.NettyRequestSender - Using open Channel [id: 0x47859993, L:/127.0.0.1:50050 - R:localhost/127.0.0.1:58470] for GET '/session/ba3d12bb4ecdc24b838011dccea968f5/element/534c0fc6-94d4-48ad-9e99-cb9a8a139a3b/name'
18:34:40.708 [AsyncHttpClient-1-8] DEBUG org.asynchttpclient.netty.handler.HttpHandler - 

Request DefaultFullHttpRequest(decodeResult: success, version: HTTP/1.1, content: EmptyByteBufBE)
GET /session/ba3d12bb4ecdc24b838011dccea968f5/element/534c0fc6-94d4-48ad-9e99-cb9a8a139a3b/name HTTP/1.1
User-Agent: selenium/4.1.4 (java windows)
Cache-Control: no-cache
Content-Type: application/json; charset=utf-8
host: localhost:58470
accept: */*

Response DefaultHttpResponse(decodeResult: success, version: HTTP/1.1)
HTTP/1.1 200 OK
Content-Type: application/json; charset=utf-8
cache-control: no-cache
content-length: 13

18:34:40.708 [AsyncHttpClient-1-8] DEBUG org.asynchttpclient.netty.channel.ChannelManager - Adding key: http://localhost:58470 for channel [id: 0x47859993, L:/127.0.0.1:50050 - R:localhost/127.0.0.1:58470]
18:34:40.710 [Forwarding findElement on session ba3d12bb4ecdc24b838011dccea968f5 to remote] DEBUG org.asynchttpclient.netty.request.NettyRequestSender - Using pooled Channel '[id: 0x47859993, L:/127.0.0.1:50050 - R:localhost/127.0.0.1:58470]' for 'POST' to 'http://localhost:58470/session/ba3d12bb4ecdc24b838011dccea968f5/element'
18:34:40.710 [Forwarding findElement on session ba3d12bb4ecdc24b838011dccea968f5 to remote] DEBUG org.asynchttpclient.netty.request.NettyRequestSender - Using open Channel [id: 0x47859993, L:/127.0.0.1:50050 - R:localhost/127.0.0.1:58470] for POST '/session/ba3d12bb4ecdc24b838011dccea968f5/element'
18:34:40.723 [AsyncHttpClient-1-8] DEBUG org.asynchttpclient.netty.handler.HttpHandler - 

Request DefaultHttpRequest(decodeResult: success, version: HTTP/1.1)
POST /session/ba3d12bb4ecdc24b838011dccea968f5/element HTTP/1.1
User-Agent: selenium/4.1.4 (java windows)
Content-Length: 114
Content-Type: application/json; charset=utf-8
host: localhost:58470
accept: */*

Response DefaultHttpResponse(decodeResult: success, version: HTTP/1.1)
HTTP/1.1 200 OK
Content-Type: application/json; charset=utf-8
cache-control: no-cache
content-length: 88

18:34:40.723 [AsyncHttpClient-1-8] DEBUG org.asynchttpclient.netty.channel.ChannelManager - Adding key: http://localhost:58470 for channel [id: 0x47859993, L:/127.0.0.1:50050 - R:localhost/127.0.0.1:58470]
18:34:40.724 [Forwarding clickElement on session ba3d12bb4ecdc24b838011dccea968f5 to remote] DEBUG org.asynchttpclient.netty.request.NettyRequestSender - Using pooled Channel '[id: 0x47859993, L:/127.0.0.1:50050 - R:localhost/127.0.0.1:58470]' for 'POST' to 'http://localhost:58470/session/ba3d12bb4ecdc24b838011dccea968f5/element/534c0fc6-94d4-48ad-9e99-cb9a8a139a3b/click'
18:34:40.724 [Forwarding clickElement on session ba3d12bb4ecdc24b838011dccea968f5 to remote] DEBUG org.asynchttpclient.netty.request.NettyRequestSender - Using open Channel [id: 0x47859993, L:/127.0.0.1:50050 - R:localhost/127.0.0.1:58470] for POST '/session/ba3d12bb4ecdc24b838011dccea968f5/element/534c0fc6-94d4-48ad-9e99-cb9a8a139a3b/click'
18:34:40.856 [AsyncHttpClient-1-8] DEBUG org.asynchttpclient.netty.handler.HttpHandler - 

Request DefaultHttpRequest(decodeResult: success, version: HTTP/1.1)
POST /session/ba3d12bb4ecdc24b838011dccea968f5/element/534c0fc6-94d4-48ad-9e99-cb9a8a139a3b/click HTTP/1.1
User-Agent: selenium/4.1.4 (java windows)
Content-Length: 50
Content-Type: application/json; charset=utf-8
host: localhost:58470
accept: */*

Response DefaultHttpResponse(decodeResult: success, version: HTTP/1.1)
HTTP/1.1 200 OK
Content-Type: application/json; charset=utf-8
cache-control: no-cache
content-length: 14

18:34:40.856 [AsyncHttpClient-1-8] DEBUG org.asynchttpclient.netty.channel.ChannelManager - Adding key: http://localhost:58470 for channel [id: 0x47859993, L:/127.0.0.1:50050 - R:localhost/127.0.0.1:58470]
18:34:40.863 [Forwarding screenshot on session ba3d12bb4ecdc24b838011dccea968f5 to remote] DEBUG org.asynchttpclient.netty.request.NettyRequestSender - Using pooled Channel '[id: 0x47859993, L:/127.0.0.1:50050 - R:localhost/127.0.0.1:58470]' for 'GET' to 'http://localhost:58470/session/ba3d12bb4ecdc24b838011dccea968f5/screenshot'
18:34:40.863 [Forwarding screenshot on session ba3d12bb4ecdc24b838011dccea968f5 to remote] DEBUG org.asynchttpclient.netty.request.NettyRequestSender - Using open Channel [id: 0x47859993, L:/127.0.0.1:50050 - R:localhost/127.0.0.1:58470] for GET '/session/ba3d12bb4ecdc24b838011dccea968f5/screenshot'
18:34:41.036 [AsyncHttpClient-1-1] DEBUG org.asynchttpclient.netty.channel.DefaultChannelPool - Entry count for : http://localhost:50051 : 1
18:34:41.182 [AsyncHttpClient-1-8] DEBUG org.asynchttpclient.netty.handler.HttpHandler - 

Request DefaultFullHttpRequest(decodeResult: success, version: HTTP/1.1, content: EmptyByteBufBE)
GET /session/ba3d12bb4ecdc24b838011dccea968f5/screenshot HTTP/1.1
User-Agent: selenium/4.1.4 (java windows)
Cache-Control: no-cache
Content-Type: application/json; charset=utf-8
host: localhost:58470
accept: */*

Response DefaultHttpResponse(decodeResult: success, version: HTTP/1.1)
HTTP/1.1 200 OK
Content-Type: application/json; charset=utf-8
cache-control: no-cache
content-length: 113680

18:34:41.182 [AsyncHttpClient-1-8] DEBUG org.asynchttpclient.netty.channel.ChannelManager - Adding key: http://localhost:58470 for channel [id: 0x47859993, L:/127.0.0.1:50050 - R:localhost/127.0.0.1:58470]
18:34:41.193 [main] DEBUG net.serenitybdd.core.photography.Darkroom - Send negative for processing for target\site\serenity\465df177015720e37431ec0466ba029e560a4e2b4eb2df005ad8bdd11a34cc7f.png
18:34:41.193 [main] DEBUG net.thucydides.core.steps.StepInterceptor - STEP DONE: clickButtonDataPasien
  &amp#27;[32mWhen &amp#27;[0m&amp#27;[32mClick button data pasien&amp#27;[0m                                                  &amp#27;[90m# starter.stepdefinitios.PatientDataSteps.clickButtonDataPasien()&amp#27;[0m
18:34:41.193 [Darkroom Processing Line] DEBUG net.serenitybdd.core.photography.DarkroomProcessingLine - Processing screenshot image in /var/screenshots/screenshot-10593333456609839532
18:34:41.193 [Darkroom Processing Line] DEBUG net.serenitybdd.core.photography.DarkroomProcessingLine - Saving screenshot to target\site\serenity\465df177015720e37431ec0466ba029e560a4e2b4eb2df005ad8bdd11a34cc7f.png
18:34:42.146 [AsyncHttpClient-1-1] DEBUG org.asynchttpclient.netty.channel.DefaultChannelPool - Entry count for : http://localhost:58470 : 1
18:34:42.146 [AsyncHttpClient-1-1] DEBUG org.asynchttpclient.netty.channel.DefaultChannelPool - Entry count for : http://localhost:50051 : 1
18:34:43.250 [AsyncHttpClient-1-1] DEBUG org.asynchttpclient.netty.channel.DefaultChannelPool - Entry count for : http://localhost:58470 : 1
18:34:43.250 [AsyncHttpClient-1-1] DEBUG org.asynchttpclient.netty.channel.DefaultChannelPool - Entry count for : http://localhost:50051 : 1
18:34:44.343 [AsyncHttpClient-1-1] DEBUG org.asynchttpclient.netty.channel.DefaultChannelPool - Entry count for : http://localhost:58470 : 1
18:34:44.343 [AsyncHttpClient-1-1] DEBUG org.asynchttpclient.netty.channel.DefaultChannelPool - Entry count for : http://localhost:50051 : 1
18:34:45.437 [AsyncHttpClient-1-1] DEBUG org.asynchttpclient.netty.channel.DefaultChannelPool - Entry count for : http://localhost:58470 : 1
18:34:45.437 [AsyncHttpClient-1-1] DEBUG org.asynchttpclient.netty.channel.DefaultChannelPool - Entry count for : http://localhost:50051 : 1
18:34:46.227 [Forwarding screenshot on session ba3d12bb4ecdc24b838011dccea968f5 to remote] DEBUG org.asynchttpclient.netty.request.NettyRequestSender - Using pooled Channel '[id: 0x47859993, L:/127.0.0.1:50050 - R:localhost/127.0.0.1:58470]' for 'GET' to 'http://localhost:58470/session/ba3d12bb4ecdc24b838011dccea968f5/screenshot'
18:34:46.227 [Forwarding screenshot on session ba3d12bb4ecdc24b838011dccea968f5 to remote] DEBUG org.asynchttpclient.netty.request.NettyRequestSender - Using open Channel [id: 0x47859993, L:/127.0.0.1:50050 - R:localhost/127.0.0.1:58470] for GET '/session/ba3d12bb4ecdc24b838011dccea968f5/screenshot'
18:34:46.361 [AsyncHttpClient-1-8] DEBUG org.asynchttpclient.netty.handler.HttpHandler - 

Request DefaultFullHttpRequest(decodeResult: success, version: HTTP/1.1, content: EmptyByteBufBE)
GET /session/ba3d12bb4ecdc24b838011dccea968f5/screenshot HTTP/1.1
User-Agent: selenium/4.1.4 (java windows)
Cache-Control: no-cache
Content-Type: application/json; charset=utf-8
host: localhost:58470
accept: */*

Response DefaultHttpResponse(decodeResult: success, version: HTTP/1.1)
HTTP/1.1 200 OK
Content-Type: application/json; charset=utf-8
cache-control: no-cache
content-length: 98488

18:34:46.361 [AsyncHttpClient-1-8] DEBUG org.asynchttpclient.netty.channel.ChannelManager - Adding key: http://localhost:58470 for channel [id: 0x47859993, L:/127.0.0.1:50050 - R:localhost/127.0.0.1:58470]
18:34:46.363 [main] DEBUG net.serenitybdd.core.photography.Darkroom - Send negative for processing for target\site\serenity\addaf5ec6239e0d3e4425671756968a7a7455f25f8897a214886f8eb6a377d89.png
18:34:46.363 [main] DEBUG net.thucydides.core.steps.StepInterceptor - STARTING STEP: PatientDataSteps.clickDetailPatientData - clickButtonDetail
18:34:46.365 [Forwarding findElement on session ba3d12bb4ecdc24b838011dccea968f5 to remote] DEBUG org.asynchttpclient.netty.request.NettyRequestSender - Using pooled Channel '[id: 0x47859993, L:/127.0.0.1:50050 - R:localhost/127.0.0.1:58470]' for 'POST' to 'http://localhost:58470/session/ba3d12bb4ecdc24b838011dccea968f5/element'
18:34:46.365 [Forwarding findElement on session ba3d12bb4ecdc24b838011dccea968f5 to remote] DEBUG org.asynchttpclient.netty.request.NettyRequestSender - Using open Channel [id: 0x47859993, L:/127.0.0.1:50050 - R:localhost/127.0.0.1:58470] for POST '/session/ba3d12bb4ecdc24b838011dccea968f5/element'
18:34:46.377 [AsyncHttpClient-1-8] DEBUG org.asynchttpclient.netty.handler.HttpHandler - 

Request DefaultHttpRequest(decodeResult: success, version: HTTP/1.1)
POST /session/ba3d12bb4ecdc24b838011dccea968f5/element HTTP/1.1
User-Agent: selenium/4.1.4 (java windows)
Content-Length: 92
Content-Type: application/json; charset=utf-8
host: localhost:58470
accept: */*

Response DefaultHttpResponse(decodeResult: success, version: HTTP/1.1)
HTTP/1.1 200 OK
Content-Type: application/json; charset=utf-8
cache-control: no-cache
content-length: 88

18:34:46.377 [AsyncHttpClient-1-8] DEBUG org.asynchttpclient.netty.channel.ChannelManager - Adding key: http://localhost:58470 for channel [id: 0x47859993, L:/127.0.0.1:50050 - R:localhost/127.0.0.1:58470]
18:34:46.377 [Forwarding getElementTagName on session ba3d12bb4ecdc24b838011dccea968f5 to remote] DEBUG org.asynchttpclient.netty.request.NettyRequestSender - Using pooled Channel '[id: 0x47859993, L:/127.0.0.1:50050 - R:localhost/127.0.0.1:58470]' for 'GET' to 'http://localhost:58470/session/ba3d12bb4ecdc24b838011dccea968f5/element/6ac001bc-9e3c-4a7b-84a0-7e07aea80d65/name'
18:34:46.377 [Forwarding getElementTagName on session ba3d12bb4ecdc24b838011dccea968f5 to remote] DEBUG org.asynchttpclient.netty.request.NettyRequestSender - Using open Channel [id: 0x47859993, L:/127.0.0.1:50050 - R:localhost/127.0.0.1:58470] for GET '/session/ba3d12bb4ecdc24b838011dccea968f5/element/6ac001bc-9e3c-4a7b-84a0-7e07aea80d65/name'
18:34:46.381 [AsyncHttpClient-1-8] DEBUG org.asynchttpclient.netty.handler.HttpHandler - 

Request DefaultFullHttpRequest(decodeResult: success, version: HTTP/1.1, content: EmptyByteBufBE)
GET /session/ba3d12bb4ecdc24b838011dccea968f5/element/6ac001bc-9e3c-4a7b-84a0-7e07aea80d65/name HTTP/1.1
User-Agent: selenium/4.1.4 (java windows)
Cache-Control: no-cache
Content-Type: application/json; charset=utf-8
host: localhost:58470
accept: */*

Response DefaultHttpResponse(decodeResult: success, version: HTTP/1.1)
HTTP/1.1 200 OK
Content-Type: application/json; charset=utf-8
cache-control: no-cache
content-length: 15

18:34:46.382 [AsyncHttpClient-1-8] DEBUG org.asynchttpclient.netty.channel.ChannelManager - Adding key: http://localhost:58470 for channel [id: 0x47859993, L:/127.0.0.1:50050 - R:localhost/127.0.0.1:58470]
18:34:46.382 [Forwarding getElementTagName on session ba3d12bb4ecdc24b838011dccea968f5 to remote] DEBUG org.asynchttpclient.netty.request.NettyRequestSender - Using pooled Channel '[id: 0x47859993, L:/127.0.0.1:50050 - R:localhost/127.0.0.1:58470]' for 'GET' to 'http://localhost:58470/session/ba3d12bb4ecdc24b838011dccea968f5/element/6ac001bc-9e3c-4a7b-84a0-7e07aea80d65/name'
18:34:46.382 [Forwarding getElementTagName on session ba3d12bb4ecdc24b838011dccea968f5 to remote] DEBUG org.asynchttpclient.netty.request.NettyRequestSender - Using open Channel [id: 0x47859993, L:/127.0.0.1:50050 - R:localhost/127.0.0.1:58470] for GET '/session/ba3d12bb4ecdc24b838011dccea968f5/element/6ac001bc-9e3c-4a7b-84a0-7e07aea80d65/name'
18:34:46.386 [AsyncHttpClient-1-8] DEBUG org.asynchttpclient.netty.handler.HttpHandler - 

Request DefaultFullHttpRequest(decodeResult: success, version: HTTP/1.1, content: EmptyByteBufBE)
GET /session/ba3d12bb4ecdc24b838011dccea968f5/element/6ac001bc-9e3c-4a7b-84a0-7e07aea80d65/name HTTP/1.1
User-Agent: selenium/4.1.4 (java windows)
Cache-Control: no-cache
Content-Type: application/json; charset=utf-8
host: localhost:58470
accept: */*

Response DefaultHttpResponse(decodeResult: success, version: HTTP/1.1)
HTTP/1.1 200 OK
Content-Type: application/json; charset=utf-8
cache-control: no-cache
content-length: 15

18:34:46.386 [AsyncHttpClient-1-8] DEBUG org.asynchttpclient.netty.channel.ChannelManager - Adding key: http://localhost:58470 for channel [id: 0x47859993, L:/127.0.0.1:50050 - R:localhost/127.0.0.1:58470]
18:34:46.387 [Forwarding findElement on session ba3d12bb4ecdc24b838011dccea968f5 to remote] DEBUG org.asynchttpclient.netty.request.NettyRequestSender - Using pooled Channel '[id: 0x47859993, L:/127.0.0.1:50050 - R:localhost/127.0.0.1:58470]' for 'POST' to 'http://localhost:58470/session/ba3d12bb4ecdc24b838011dccea968f5/element'
18:34:46.387 [Forwarding findElement on session ba3d12bb4ecdc24b838011dccea968f5 to remote] DEBUG org.asynchttpclient.netty.request.NettyRequestSender - Using open Channel [id: 0x47859993, L:/127.0.0.1:50050 - R:localhost/127.0.0.1:58470] for POST '/session/ba3d12bb4ecdc24b838011dccea968f5/element'
18:34:46.393 [AsyncHttpClient-1-8] DEBUG org.asynchttpclient.netty.handler.HttpHandler - 

Request DefaultHttpRequest(decodeResult: success, version: HTTP/1.1)
POST /session/ba3d12bb4ecdc24b838011dccea968f5/element HTTP/1.1
User-Agent: selenium/4.1.4 (java windows)
Content-Length: 92
Content-Type: application/json; charset=utf-8
host: localhost:58470
accept: */*

Response DefaultHttpResponse(decodeResult: success, version: HTTP/1.1)
HTTP/1.1 200 OK
Content-Type: application/json; charset=utf-8
cache-control: no-cache
content-length: 88

18:34:46.393 [AsyncHttpClient-1-8] DEBUG org.asynchttpclient.netty.channel.ChannelManager - Adding key: http://localhost:58470 for channel [id: 0x47859993, L:/127.0.0.1:50050 - R:localhost/127.0.0.1:58470]
18:34:46.393 [Forwarding clickElement on session ba3d12bb4ecdc24b838011dccea968f5 to remote] DEBUG org.asynchttpclient.netty.request.NettyRequestSender - Using pooled Channel '[id: 0x47859993, L:/127.0.0.1:50050 - R:localhost/127.0.0.1:58470]' for 'POST' to 'http://localhost:58470/session/ba3d12bb4ecdc24b838011dccea968f5/element/6ac001bc-9e3c-4a7b-84a0-7e07aea80d65/click'
18:34:46.393 [Forwarding clickElement on session ba3d12bb4ecdc24b838011dccea968f5 to remote] DEBUG org.asynchttpclient.netty.request.NettyRequestSender - Using open Channel [id: 0x47859993, L:/127.0.0.1:50050 - R:localhost/127.0.0.1:58470] for POST '/session/ba3d12bb4ecdc24b838011dccea968f5/element/6ac001bc-9e3c-4a7b-84a0-7e07aea80d65/click'
18:34:46.517 [AsyncHttpClient-1-8] DEBUG org.asynchttpclient.netty.handler.HttpHandler - 

Request DefaultHttpRequest(decodeResult: success, version: HTTP/1.1)
POST /session/ba3d12bb4ecdc24b838011dccea968f5/element/6ac001bc-9e3c-4a7b-84a0-7e07aea80d65/click HTTP/1.1
User-Agent: selenium/4.1.4 (java windows)
Content-Length: 50
Content-Type: application/json; charset=utf-8
host: localhost:58470
accept: */*

Response DefaultHttpResponse(decodeResult: success, version: HTTP/1.1)
HTTP/1.1 200 OK
Content-Type: application/json; charset=utf-8
cache-control: no-cache
content-length: 14

18:34:46.517 [AsyncHttpClient-1-8] DEBUG org.asynchttpclient.netty.channel.ChannelManager - Adding key: http://localhost:58470 for channel [id: 0x47859993, L:/127.0.0.1:50050 - R:localhost/127.0.0.1:58470]
18:34:46.523 [Forwarding screenshot on session ba3d12bb4ecdc24b838011dccea968f5 to remote] DEBUG org.asynchttpclient.netty.request.NettyRequestSender - Using pooled Channel '[id: 0x47859993, L:/127.0.0.1:50050 - R:localhost/127.0.0.1:58470]' for 'GET' to 'http://localhost:58470/session/ba3d12bb4ecdc24b838011dccea968f5/screenshot'
18:34:46.523 [Forwarding screenshot on session ba3d12bb4ecdc24b838011dccea968f5 to remote] DEBUG org.asynchttpclient.netty.request.NettyRequestSender - Using open Channel [id: 0x47859993, L:/127.0.0.1:50050 - R:localhost/127.0.0.1:58470] for GET '/session/ba3d12bb4ecdc24b838011dccea968f5/screenshot'
18:34:46.535 [AsyncHttpClient-1-1] DEBUG org.asynchttpclient.netty.channel.DefaultChannelPool - Entry count for : http://localhost:50051 : 1
18:34:46.710 [AsyncHttpClient-1-8] DEBUG org.asynchttpclient.netty.handler.HttpHandler - 

Request DefaultFullHttpRequest(decodeResult: success, version: HTTP/1.1, content: EmptyByteBufBE)
GET /session/ba3d12bb4ecdc24b838011dccea968f5/screenshot HTTP/1.1
User-Agent: selenium/4.1.4 (java windows)
Cache-Control: no-cache
Content-Type: application/json; charset=utf-8
host: localhost:58470
accept: */*

Response DefaultHttpResponse(decodeResult: success, version: HTTP/1.1)
HTTP/1.1 200 OK
Content-Type: application/json; charset=utf-8
cache-control: no-cache
content-length: 30284

18:34:46.710 [AsyncHttpClient-1-8] DEBUG org.asynchttpclient.netty.channel.ChannelManager - Adding key: http://localhost:58470 for channel [id: 0x47859993, L:/127.0.0.1:50050 - R:localhost/127.0.0.1:58470]
18:34:46.713 [main] DEBUG net.serenitybdd.core.photography.Darkroom - Send negative for processing for target\site\serenity\45bea020b361125d1edd01ad363eb41f90ec13315f8b31b5987cf83435120413.png
18:34:46.713 [main] DEBUG net.thucydides.core.steps.StepInterceptor - STEP DONE: clickButtonDetail
  &amp#27;[32mAnd &amp#27;[0m&amp#27;[32mClick Detail Patient data&amp#27;[0m                                                  &amp#27;[90m# starter.stepdefinitios.PatientDataSteps.clickDetailPatientData()&amp#27;[0m
18:34:46.713 [Darkroom Processing Line] DEBUG net.serenitybdd.core.photography.DarkroomProcessingLine - Processing screenshot image in /var/screenshots/screenshot-10872137535684723644
18:34:46.713 [Darkroom Processing Line] DEBUG net.serenitybdd.core.photography.DarkroomProcessingLine - Saving screenshot to target\site\serenity\45bea020b361125d1edd01ad363eb41f90ec13315f8b31b5987cf83435120413.png
18:34:47.637 [AsyncHttpClient-1-1] DEBUG org.asynchttpclient.netty.channel.DefaultChannelPool - Entry count for : http://localhost:58470 : 1
18:34:47.637 [AsyncHttpClient-1-1] DEBUG org.asynchttpclient.netty.channel.DefaultChannelPool - Entry count for : http://localhost:50051 : 1
18:34:48.253 [Forwarding screenshot on session ba3d12bb4ecdc24b838011dccea968f5 to remote] DEBUG org.asynchttpclient.netty.request.NettyRequestSender - Using pooled Channel '[id: 0x47859993, L:/127.0.0.1:50050 - R:localhost/127.0.0.1:58470]' for 'GET' to 'http://localhost:58470/session/ba3d12bb4ecdc24b838011dccea968f5/screenshot'
18:34:48.253 [Forwarding screenshot on session ba3d12bb4ecdc24b838011dccea968f5 to remote] DEBUG org.asynchttpclient.netty.request.NettyRequestSender - Using open Channel [id: 0x47859993, L:/127.0.0.1:50050 - R:localhost/127.0.0.1:58470] for GET '/session/ba3d12bb4ecdc24b838011dccea968f5/screenshot'
18:34:48.434 [AsyncHttpClient-1-8] DEBUG org.asynchttpclient.netty.handler.HttpHandler - 

Request DefaultFullHttpRequest(decodeResult: success, version: HTTP/1.1, content: EmptyByteBufBE)
GET /session/ba3d12bb4ecdc24b838011dccea968f5/screenshot HTTP/1.1
User-Agent: selenium/4.1.4 (java windows)
Cache-Control: no-cache
Content-Type: application/json; charset=utf-8
host: localhost:58470
accept: */*

Response DefaultHttpResponse(decodeResult: success, version: HTTP/1.1)
HTTP/1.1 200 OK
Content-Type: application/json; charset=utf-8
cache-control: no-cache
content-length: 65456

18:34:48.434 [AsyncHttpClient-1-8] DEBUG org.asynchttpclient.netty.channel.ChannelManager - Adding key: http://localhost:58470 for channel [id: 0x47859993, L:/127.0.0.1:50050 - R:localhost/127.0.0.1:58470]
18:34:48.436 [main] DEBUG net.serenitybdd.core.photography.Darkroom - Send negative for processing for target\site\serenity\0ebc5218cd6f263e7cc0cda80128ff8945c79744f9cc3b38c9a4eb570f12b296.png
18:34:48.436 [main] DEBUG net.thucydides.core.steps.StepInterceptor - STARTING STEP: PatientDataSteps.validData - checkValidDataPasien
18:34:48.437 [Forwarding findElement on session ba3d12bb4ecdc24b838011dccea968f5 to remote] DEBUG org.asynchttpclient.netty.request.NettyRequestSender - Using pooled Channel '[id: 0x47859993, L:/127.0.0.1:50050 - R:localhost/127.0.0.1:58470]' for 'POST' to 'http://localhost:58470/session/ba3d12bb4ecdc24b838011dccea968f5/element'
18:34:48.438 [Forwarding findElement on session ba3d12bb4ecdc24b838011dccea968f5 to remote] DEBUG org.asynchttpclient.netty.request.NettyRequestSender - Using open Channel [id: 0x47859993, L:/127.0.0.1:50050 - R:localhost/127.0.0.1:58470] for POST '/session/ba3d12bb4ecdc24b838011dccea968f5/element'
18:34:48.450 [AsyncHttpClient-1-8] DEBUG org.asynchttpclient.netty.handler.HttpHandler - 

Request DefaultHttpRequest(decodeResult: success, version: HTTP/1.1)
POST /session/ba3d12bb4ecdc24b838011dccea968f5/element HTTP/1.1
User-Agent: selenium/4.1.4 (java windows)
Content-Length: 95
Content-Type: application/json; charset=utf-8
host: localhost:58470
accept: */*

Response DefaultHttpResponse(decodeResult: success, version: HTTP/1.1)
HTTP/1.1 200 OK
Content-Type: application/json; charset=utf-8
cache-control: no-cache
content-length: 88

18:34:48.450 [AsyncHttpClient-1-8] DEBUG org.asynchttpclient.netty.channel.ChannelManager - Adding key: http://localhost:58470 for channel [id: 0x47859993, L:/127.0.0.1:50050 - R:localhost/127.0.0.1:58470]
18:34:48.450 [Forwarding isElementEnabled on session ba3d12bb4ecdc24b838011dccea968f5 to remote] DEBUG org.asynchttpclient.netty.request.NettyRequestSender - Using pooled Channel '[id: 0x47859993, L:/127.0.0.1:50050 - R:localhost/127.0.0.1:58470]' for 'GET' to 'http://localhost:58470/session/ba3d12bb4ecdc24b838011dccea968f5/element/4688fcad-f156-4f58-a966-4f78ada211a4/enabled'
18:34:48.450 [Forwarding isElementEnabled on session ba3d12bb4ecdc24b838011dccea968f5 to remote] DEBUG org.asynchttpclient.netty.request.NettyRequestSender - Using open Channel [id: 0x47859993, L:/127.0.0.1:50050 - R:localhost/127.0.0.1:58470] for GET '/session/ba3d12bb4ecdc24b838011dccea968f5/element/4688fcad-f156-4f58-a966-4f78ada211a4/enabled'
18:34:48.456 [AsyncHttpClient-1-8] DEBUG org.asynchttpclient.netty.handler.HttpHandler - 

Request DefaultFullHttpRequest(decodeResult: success, version: HTTP/1.1, content: EmptyByteBufBE)
GET /session/ba3d12bb4ecdc24b838011dccea968f5/element/4688fcad-f156-4f58-a966-4f78ada211a4/enabled HTTP/1.1
User-Agent: selenium/4.1.4 (java windows)
Cache-Control: no-cache
Content-Type: application/json; charset=utf-8
host: localhost:58470
accept: */*

Response DefaultHttpResponse(decodeResult: success, version: HTTP/1.1)
HTTP/1.1 200 OK
Content-Type: application/json; charset=utf-8
cache-control: no-cache
content-length: 14

18:34:48.457 [AsyncHttpClient-1-8] DEBUG org.asynchttpclient.netty.channel.ChannelManager - Adding key: http://localhost:58470 for channel [id: 0x47859993, L:/127.0.0.1:50050 - R:localhost/127.0.0.1:58470]
18:34:48.458 [main] DEBUG net.thucydides.core.steps.StepInterceptor - STEP DONE: checkValidDataPasien
  &amp#27;[32mAnd &amp#27;[0m&amp#27;[32mValid data detail pasien&amp#27;[0m                                                   &amp#27;[90m# starter.stepdefinitios.PatientDataSteps.validData()&amp#27;[0m
18:34:48.735 [AsyncHttpClient-1-1] DEBUG org.asynchttpclient.netty.channel.DefaultChannelPool - Entry count for : http://localhost:58470 : 1
18:34:48.735 [AsyncHttpClient-1-1] DEBUG org.asynchttpclient.netty.channel.DefaultChannelPool - Entry count for : http://localhost:50051 : 1
18:34:49.838 [AsyncHttpClient-1-1] DEBUG org.asynchttpclient.netty.channel.DefaultChannelPool - Entry count for : http://localhost:58470 : 1
18:34:49.838 [AsyncHttpClient-1-1] DEBUG org.asynchttpclient.netty.channel.DefaultChannelPool - Entry count for : http://localhost:50051 : 1
18:34:50.937 [AsyncHttpClient-1-1] DEBUG org.asynchttpclient.netty.channel.DefaultChannelPool - Entry count for : http://localhost:58470 : 1
18:34:50.937 [AsyncHttpClient-1-1] DEBUG org.asynchttpclient.netty.channel.DefaultChannelPool - Entry count for : http://localhost:50051 : 1
18:34:51.472 [Forwarding screenshot on session ba3d12bb4ecdc24b838011dccea968f5 to remote] DEBUG org.asynchttpclient.netty.request.NettyRequestSender - Using pooled Channel '[id: 0x47859993, L:/127.0.0.1:50050 - R:localhost/127.0.0.1:58470]' for 'GET' to 'http://localhost:58470/session/ba3d12bb4ecdc24b838011dccea968f5/screenshot'
18:34:51.472 [Forwarding screenshot on session ba3d12bb4ecdc24b838011dccea968f5 to remote] DEBUG org.asynchttpclient.netty.request.NettyRequestSender - Using open Channel [id: 0x47859993, L:/127.0.0.1:50050 - R:localhost/127.0.0.1:58470] for GET '/session/ba3d12bb4ecdc24b838011dccea968f5/screenshot'
18:34:51.688 [AsyncHttpClient-1-8] DEBUG org.asynchttpclient.netty.handler.HttpHandler - 

Request DefaultFullHttpRequest(decodeResult: success, version: HTTP/1.1, content: EmptyByteBufBE)
GET /session/ba3d12bb4ecdc24b838011dccea968f5/screenshot HTTP/1.1
User-Agent: selenium/4.1.4 (java windows)
Cache-Control: no-cache
Content-Type: application/json; charset=utf-8
host: localhost:58470
accept: */*

Response DefaultHttpResponse(decodeResult: success, version: HTTP/1.1)
HTTP/1.1 200 OK
Content-Type: application/json; charset=utf-8
cache-control: no-cache
content-length: 266500

18:34:51.688 [AsyncHttpClient-1-8] DEBUG org.asynchttpclient.netty.channel.ChannelManager - Adding key: http://localhost:58470 for channel [id: 0x47859993, L:/127.0.0.1:50050 - R:localhost/127.0.0.1:58470]
18:34:51.690 [main] DEBUG net.serenitybdd.core.photography.Darkroom - Send negative for processing for target\site\serenity\d81c95d206d3a9fa218f83a316cbdca7c0c350957244db7b889092de45e9a30e.png
18:34:51.690 [main] DEBUG net.thucydides.core.steps.StepInterceptor - STARTING STEP: PatientDataSteps.clickButtonEditProfil - clickButtonEditDataPasien
18:34:51.690 [Darkroom Processing Line] DEBUG net.serenitybdd.core.photography.DarkroomProcessingLine - Processing screenshot image in /var/screenshots/screenshot-6964289336746882889
18:34:51.690 [Darkroom Processing Line] DEBUG net.serenitybdd.core.photography.DarkroomProcessingLine - Saving screenshot to target\site\serenity\d81c95d206d3a9fa218f83a316cbdca7c0c350957244db7b889092de45e9a30e.png
18:34:51.696 [Forwarding findElement on session ba3d12bb4ecdc24b838011dccea968f5 to remote] DEBUG org.asynchttpclient.netty.request.NettyRequestSender - Using pooled Channel '[id: 0x47859993, L:/127.0.0.1:50050 - R:localhost/127.0.0.1:58470]' for 'POST' to 'http://localhost:58470/session/ba3d12bb4ecdc24b838011dccea968f5/element'
18:34:51.696 [Forwarding findElement on session ba3d12bb4ecdc24b838011dccea968f5 to remote] DEBUG org.asynchttpclient.netty.request.NettyRequestSender - Using open Channel [id: 0x47859993, L:/127.0.0.1:50050 - R:localhost/127.0.0.1:58470] for POST '/session/ba3d12bb4ecdc24b838011dccea968f5/element'
18:34:51.706 [AsyncHttpClient-1-8] DEBUG org.asynchttpclient.netty.handler.HttpHandler - 

Request DefaultHttpRequest(decodeResult: success, version: HTTP/1.1)
POST /session/ba3d12bb4ecdc24b838011dccea968f5/element HTTP/1.1
User-Agent: selenium/4.1.4 (java windows)
Content-Length: 116
Content-Type: application/json; charset=utf-8
host: localhost:58470
accept: */*

Response DefaultHttpResponse(decodeResult: success, version: HTTP/1.1)
HTTP/1.1 200 OK
Content-Type: application/json; charset=utf-8
cache-control: no-cache
content-length: 88

18:34:51.706 [AsyncHttpClient-1-8] DEBUG org.asynchttpclient.netty.channel.ChannelManager - Adding key: http://localhost:58470 for channel [id: 0x47859993, L:/127.0.0.1:50050 - R:localhost/127.0.0.1:58470]
18:34:51.707 [Forwarding getElementTagName on session ba3d12bb4ecdc24b838011dccea968f5 to remote] DEBUG org.asynchttpclient.netty.request.NettyRequestSender - Using pooled Channel '[id: 0x47859993, L:/127.0.0.1:50050 - R:localhost/127.0.0.1:58470]' for 'GET' to 'http://localhost:58470/session/ba3d12bb4ecdc24b838011dccea968f5/element/2ee770ee-4c2a-4215-86b4-ed9647d4460d/name'
18:34:51.707 [Forwarding getElementTagName on session ba3d12bb4ecdc24b838011dccea968f5 to remote] DEBUG org.asynchttpclient.netty.request.NettyRequestSender - Using open Channel [id: 0x47859993, L:/127.0.0.1:50050 - R:localhost/127.0.0.1:58470] for GET '/session/ba3d12bb4ecdc24b838011dccea968f5/element/2ee770ee-4c2a-4215-86b4-ed9647d4460d/name'
18:34:51.710 [AsyncHttpClient-1-8] DEBUG org.asynchttpclient.netty.handler.HttpHandler - 

Request DefaultFullHttpRequest(decodeResult: success, version: HTTP/1.1, content: EmptyByteBufBE)
GET /session/ba3d12bb4ecdc24b838011dccea968f5/element/2ee770ee-4c2a-4215-86b4-ed9647d4460d/name HTTP/1.1
User-Agent: selenium/4.1.4 (java windows)
Cache-Control: no-cache
Content-Type: application/json; charset=utf-8
host: localhost:58470
accept: */*

Response DefaultHttpResponse(decodeResult: success, version: HTTP/1.1)
HTTP/1.1 200 OK
Content-Type: application/json; charset=utf-8
cache-control: no-cache
content-length: 18

18:34:51.710 [AsyncHttpClient-1-8] DEBUG org.asynchttpclient.netty.channel.ChannelManager - Adding key: http://localhost:58470 for channel [id: 0x47859993, L:/127.0.0.1:50050 - R:localhost/127.0.0.1:58470]
18:34:51.710 [Forwarding getElementTagName on session ba3d12bb4ecdc24b838011dccea968f5 to remote] DEBUG org.asynchttpclient.netty.request.NettyRequestSender - Using pooled Channel '[id: 0x47859993, L:/127.0.0.1:50050 - R:localhost/127.0.0.1:58470]' for 'GET' to 'http://localhost:58470/session/ba3d12bb4ecdc24b838011dccea968f5/element/2ee770ee-4c2a-4215-86b4-ed9647d4460d/name'
18:34:51.710 [Forwarding getElementTagName on session ba3d12bb4ecdc24b838011dccea968f5 to remote] DEBUG org.asynchttpclient.netty.request.NettyRequestSender - Using open Channel [id: 0x47859993, L:/127.0.0.1:50050 - R:localhost/127.0.0.1:58470] for GET '/session/ba3d12bb4ecdc24b838011dccea968f5/element/2ee770ee-4c2a-4215-86b4-ed9647d4460d/name'
18:34:51.714 [AsyncHttpClient-1-8] DEBUG org.asynchttpclient.netty.handler.HttpHandler - 

Request DefaultFullHttpRequest(decodeResult: success, version: HTTP/1.1, content: EmptyByteBufBE)
GET /session/ba3d12bb4ecdc24b838011dccea968f5/element/2ee770ee-4c2a-4215-86b4-ed9647d4460d/name HTTP/1.1
User-Agent: selenium/4.1.4 (java windows)
Cache-Control: no-cache
Content-Type: application/json; charset=utf-8
host: localhost:58470
accept: */*

Response DefaultHttpResponse(decodeResult: success, version: HTTP/1.1)
HTTP/1.1 200 OK
Content-Type: application/json; charset=utf-8
cache-control: no-cache
content-length: 18

18:34:51.714 [AsyncHttpClient-1-8] DEBUG org.asynchttpclient.netty.channel.ChannelManager - Adding key: http://localhost:58470 for channel [id: 0x47859993, L:/127.0.0.1:50050 - R:localhost/127.0.0.1:58470]
18:34:51.715 [Forwarding isElementEnabled on session ba3d12bb4ecdc24b838011dccea968f5 to remote] DEBUG org.asynchttpclient.netty.request.NettyRequestSender - Using pooled Channel '[id: 0x47859993, L:/127.0.0.1:50050 - R:localhost/127.0.0.1:58470]' for 'GET' to 'http://localhost:58470/session/ba3d12bb4ecdc24b838011dccea968f5/element/2ee770ee-4c2a-4215-86b4-ed9647d4460d/enabled'
18:34:51.715 [Forwarding isElementEnabled on session ba3d12bb4ecdc24b838011dccea968f5 to remote] DEBUG org.asynchttpclient.netty.request.NettyRequestSender - Using open Channel [id: 0x47859993, L:/127.0.0.1:50050 - R:localhost/127.0.0.1:58470] for GET '/session/ba3d12bb4ecdc24b838011dccea968f5/element/2ee770ee-4c2a-4215-86b4-ed9647d4460d/enabled'
18:34:51.722 [AsyncHttpClient-1-8] DEBUG org.asynchttpclient.netty.handler.HttpHandler - 

Request DefaultFullHttpRequest(decodeResult: success, version: HTTP/1.1, content: EmptyByteBufBE)
GET /session/ba3d12bb4ecdc24b838011dccea968f5/element/2ee770ee-4c2a-4215-86b4-ed9647d4460d/enabled HTTP/1.1
User-Agent: selenium/4.1.4 (java windows)
Cache-Control: no-cache
Content-Type: application/json; charset=utf-8
host: localhost:58470
accept: */*

Response DefaultHttpResponse(decodeResult: success, version: HTTP/1.1)
HTTP/1.1 200 OK
Content-Type: application/json; charset=utf-8
cache-control: no-cache
content-length: 14

18:34:51.722 [AsyncHttpClient-1-8] DEBUG org.asynchttpclient.netty.channel.ChannelManager - Adding key: http://localhost:58470 for channel [id: 0x47859993, L:/127.0.0.1:50050 - R:localhost/127.0.0.1:58470]
18:34:51.723 [Forwarding isElementEnabled on session ba3d12bb4ecdc24b838011dccea968f5 to remote] DEBUG org.asynchttpclient.netty.request.NettyRequestSender - Using pooled Channel '[id: 0x47859993, L:/127.0.0.1:50050 - R:localhost/127.0.0.1:58470]' for 'GET' to 'http://localhost:58470/session/ba3d12bb4ecdc24b838011dccea968f5/element/2ee770ee-4c2a-4215-86b4-ed9647d4460d/enabled'
18:34:51.723 [Forwarding isElementEnabled on session ba3d12bb4ecdc24b838011dccea968f5 to remote] DEBUG org.asynchttpclient.netty.request.NettyRequestSender - Using open Channel [id: 0x47859993, L:/127.0.0.1:50050 - R:localhost/127.0.0.1:58470] for GET '/session/ba3d12bb4ecdc24b838011dccea968f5/element/2ee770ee-4c2a-4215-86b4-ed9647d4460d/enabled'
18:34:51.727 [AsyncHttpClient-1-8] DEBUG org.asynchttpclient.netty.handler.HttpHandler - 

Request DefaultFullHttpRequest(decodeResult: success, version: HTTP/1.1, content: EmptyByteBufBE)
GET /session/ba3d12bb4ecdc24b838011dccea968f5/element/2ee770ee-4c2a-4215-86b4-ed9647d4460d/enabled HTTP/1.1
User-Agent: selenium/4.1.4 (java windows)
Cache-Control: no-cache
Content-Type: application/json; charset=utf-8
host: localhost:58470
accept: */*

Response DefaultHttpResponse(decodeResult: success, version: HTTP/1.1)
HTTP/1.1 200 OK
Content-Type: application/json; charset=utf-8
cache-control: no-cache
content-length: 14

18:34:51.727 [AsyncHttpClient-1-8] DEBUG org.asynchttpclient.netty.channel.ChannelManager - Adding key: http://localhost:58470 for channel [id: 0x47859993, L:/127.0.0.1:50050 - R:localhost/127.0.0.1:58470]
18:34:51.729 [Forwarding findElement on session ba3d12bb4ecdc24b838011dccea968f5 to remote] DEBUG org.asynchttpclient.netty.request.NettyRequestSender - Using pooled Channel '[id: 0x47859993, L:/127.0.0.1:50050 - R:localhost/127.0.0.1:58470]' for 'POST' to 'http://localhost:58470/session/ba3d12bb4ecdc24b838011dccea968f5/element'
18:34:51.729 [Forwarding findElement on session ba3d12bb4ecdc24b838011dccea968f5 to remote] DEBUG org.asynchttpclient.netty.request.NettyRequestSender - Using open Channel [id: 0x47859993, L:/127.0.0.1:50050 - R:localhost/127.0.0.1:58470] for POST '/session/ba3d12bb4ecdc24b838011dccea968f5/element'
18:34:51.733 [AsyncHttpClient-1-8] DEBUG org.asynchttpclient.netty.handler.HttpHandler - 

Request DefaultHttpRequest(decodeResult: success, version: HTTP/1.1)
POST /session/ba3d12bb4ecdc24b838011dccea968f5/element HTTP/1.1
User-Agent: selenium/4.1.4 (java windows)
Content-Length: 116
Content-Type: application/json; charset=utf-8
host: localhost:58470
accept: */*

Response DefaultHttpResponse(decodeResult: success, version: HTTP/1.1)
HTTP/1.1 200 OK
Content-Type: application/json; charset=utf-8
cache-control: no-cache
content-length: 88

18:34:51.734 [AsyncHttpClient-1-8] DEBUG org.asynchttpclient.netty.channel.ChannelManager - Adding key: http://localhost:58470 for channel [id: 0x47859993, L:/127.0.0.1:50050 - R:localhost/127.0.0.1:58470]
18:34:51.734 [Forwarding clickElement on session ba3d12bb4ecdc24b838011dccea968f5 to remote] DEBUG org.asynchttpclient.netty.request.NettyRequestSender - Using pooled Channel '[id: 0x47859993, L:/127.0.0.1:50050 - R:localhost/127.0.0.1:58470]' for 'POST' to 'http://localhost:58470/session/ba3d12bb4ecdc24b838011dccea968f5/element/2ee770ee-4c2a-4215-86b4-ed9647d4460d/click'
18:34:51.734 [Forwarding clickElement on session ba3d12bb4ecdc24b838011dccea968f5 to remote] DEBUG org.asynchttpclient.netty.request.NettyRequestSender - Using open Channel [id: 0x47859993, L:/127.0.0.1:50050 - R:localhost/127.0.0.1:58470] for POST '/session/ba3d12bb4ecdc24b838011dccea968f5/element/2ee770ee-4c2a-4215-86b4-ed9647d4460d/click'
18:34:51.808 [AsyncHttpClient-1-8] DEBUG org.asynchttpclient.netty.handler.HttpHandler - 

Request DefaultHttpRequest(decodeResult: success, version: HTTP/1.1)
POST /session/ba3d12bb4ecdc24b838011dccea968f5/element/2ee770ee-4c2a-4215-86b4-ed9647d4460d/click HTTP/1.1
User-Agent: selenium/4.1.4 (java windows)
Content-Length: 50
Content-Type: application/json; charset=utf-8
host: localhost:58470
accept: */*

Response DefaultHttpResponse(decodeResult: success, version: HTTP/1.1)
HTTP/1.1 200 OK
Content-Type: application/json; charset=utf-8
cache-control: no-cache
content-length: 14

18:34:51.808 [AsyncHttpClient-1-8] DEBUG org.asynchttpclient.netty.channel.ChannelManager - Adding key: http://localhost:58470 for channel [id: 0x47859993, L:/127.0.0.1:50050 - R:localhost/127.0.0.1:58470]
18:34:51.814 [Forwarding screenshot on session ba3d12bb4ecdc24b838011dccea968f5 to remote] DEBUG org.asynchttpclient.netty.request.NettyRequestSender - Using pooled Channel '[id: 0x47859993, L:/127.0.0.1:50050 - R:localhost/127.0.0.1:58470]' for 'GET' to 'http://localhost:58470/session/ba3d12bb4ecdc24b838011dccea968f5/screenshot'
18:34:51.814 [Forwarding screenshot on session ba3d12bb4ecdc24b838011dccea968f5 to remote] DEBUG org.asynchttpclient.netty.request.NettyRequestSender - Using open Channel [id: 0x47859993, L:/127.0.0.1:50050 - R:localhost/127.0.0.1:58470] for GET '/session/ba3d12bb4ecdc24b838011dccea968f5/screenshot'
18:34:52.016 [AsyncHttpClient-1-8] DEBUG org.asynchttpclient.netty.handler.HttpHandler - 

Request DefaultFullHttpRequest(decodeResult: success, version: HTTP/1.1, content: EmptyByteBufBE)
GET /session/ba3d12bb4ecdc24b838011dccea968f5/screenshot HTTP/1.1
User-Agent: selenium/4.1.4 (java windows)
Cache-Control: no-cache
Content-Type: application/json; charset=utf-8
host: localhost:58470
accept: */*

Response DefaultHttpResponse(decodeResult: success, version: HTTP/1.1)
HTTP/1.1 200 OK
Content-Type: application/json; charset=utf-8
cache-control: no-cache
content-length: 270828

18:34:52.016 [AsyncHttpClient-1-8] DEBUG org.asynchttpclient.netty.channel.ChannelManager - Adding key: http://localhost:58470 for channel [id: 0x47859993, L:/127.0.0.1:50050 - R:localhost/127.0.0.1:58470]
18:34:52.024 [main] DEBUG net.serenitybdd.core.photography.Darkroom - Send negative for processing for target\site\serenity\fbc2703768b002303e129f5d05efef8ad37d4e849db10d15bb01118ee73c80a6.png
18:34:52.024 [main] DEBUG net.thucydides.core.steps.StepInterceptor - STEP DONE: clickButtonEditDataPasien
  &amp#27;[32mAnd &amp#27;[0m&amp#27;[32mClick button edit profil&amp#27;[0m                                                   &amp#27;[90m# starter.stepdefinitios.PatientDataSteps.clickButtonEditProfil()&amp#27;[0m
18:34:52.024 [Darkroom Processing Line] DEBUG net.serenitybdd.core.photography.DarkroomProcessingLine - Processing screenshot image in /var/screenshots/screenshot-11811315634791237028
18:34:52.024 [Darkroom Processing Line] DEBUG net.serenitybdd.core.photography.DarkroomProcessingLine - Saving screenshot to target\site\serenity\fbc2703768b002303e129f5d05efef8ad37d4e849db10d15bb01118ee73c80a6.png
18:34:52.036 [AsyncHttpClient-1-1] DEBUG org.asynchttpclient.netty.channel.DefaultChannelPool - Entry count for : http://localhost:58470 : 1
18:34:52.036 [AsyncHttpClient-1-1] DEBUG org.asynchttpclient.netty.channel.DefaultChannelPool - Entry count for : http://localhost:50051 : 1
18:34:53.047 [Forwarding screenshot on session ba3d12bb4ecdc24b838011dccea968f5 to remote] DEBUG org.asynchttpclient.netty.request.NettyRequestSender - Using pooled Channel '[id: 0x47859993, L:/127.0.0.1:50050 - R:localhost/127.0.0.1:58470]' for 'GET' to 'http://localhost:58470/session/ba3d12bb4ecdc24b838011dccea968f5/screenshot'
18:34:53.047 [Forwarding screenshot on session ba3d12bb4ecdc24b838011dccea968f5 to remote] DEBUG org.asynchttpclient.netty.request.NettyRequestSender - Using open Channel [id: 0x47859993, L:/127.0.0.1:50050 - R:localhost/127.0.0.1:58470] for GET '/session/ba3d12bb4ecdc24b838011dccea968f5/screenshot'
18:34:53.142 [AsyncHttpClient-1-1] DEBUG org.asynchttpclient.netty.channel.DefaultChannelPool - Entry count for : http://localhost:50051 : 1
18:34:53.291 [AsyncHttpClient-1-8] DEBUG org.asynchttpclient.netty.handler.HttpHandler - 

Request DefaultFullHttpRequest(decodeResult: success, version: HTTP/1.1, content: EmptyByteBufBE)
GET /session/ba3d12bb4ecdc24b838011dccea968f5/screenshot HTTP/1.1
User-Agent: selenium/4.1.4 (java windows)
Cache-Control: no-cache
Content-Type: application/json; charset=utf-8
host: localhost:58470
accept: */*

Response DefaultHttpResponse(decodeResult: success, version: HTTP/1.1)
HTTP/1.1 200 OK
Content-Type: application/json; charset=utf-8
cache-control: no-cache
content-length: 391412

18:34:53.291 [AsyncHttpClient-1-8] DEBUG org.asynchttpclient.netty.channel.ChannelManager - Adding key: http://localhost:58470 for channel [id: 0x47859993, L:/127.0.0.1:50050 - R:localhost/127.0.0.1:58470]
18:34:53.298 [main] DEBUG net.serenitybdd.core.photography.Darkroom - Send negative for processing for target\site\serenity\44da6b97e39b00ca0fa2623cb76e1f5cc5e25e8a7c713590c28bcf34493751f0.png
18:34:53.298 [main] DEBUG net.thucydides.core.steps.StepInterceptor - STARTING STEP: PatientDataSteps.iInputEditPatient - inputDataPasienEdit
18:34:53.298 [Darkroom Processing Line] DEBUG net.serenitybdd.core.photography.DarkroomProcessingLine - Processing screenshot image in /var/screenshots/screenshot-17637306061385901837
18:34:53.298 [Darkroom Processing Line] DEBUG net.serenitybdd.core.photography.DarkroomProcessingLine - Saving screenshot to target\site\serenity\44da6b97e39b00ca0fa2623cb76e1f5cc5e25e8a7c713590c28bcf34493751f0.png
18:34:53.299 [Forwarding findElement on session ba3d12bb4ecdc24b838011dccea968f5 to remote] DEBUG org.asynchttpclient.netty.request.NettyRequestSender - Using pooled Channel '[id: 0x47859993, L:/127.0.0.1:50050 - R:localhost/127.0.0.1:58470]' for 'POST' to 'http://localhost:58470/session/ba3d12bb4ecdc24b838011dccea968f5/element'
18:34:53.299 [Forwarding findElement on session ba3d12bb4ecdc24b838011dccea968f5 to remote] DEBUG org.asynchttpclient.netty.request.NettyRequestSender - Using open Channel [id: 0x47859993, L:/127.0.0.1:50050 - R:localhost/127.0.0.1:58470] for POST '/session/ba3d12bb4ecdc24b838011dccea968f5/element'
18:34:53.310 [AsyncHttpClient-1-8] DEBUG org.asynchttpclient.netty.handler.HttpHandler - 

Request DefaultHttpRequest(decodeResult: success, version: HTTP/1.1)
POST /session/ba3d12bb4ecdc24b838011dccea968f5/element HTTP/1.1
User-Agent: selenium/4.1.4 (java windows)
Content-Length: 72
Content-Type: application/json; charset=utf-8
host: localhost:58470
accept: */*

Response DefaultHttpResponse(decodeResult: success, version: HTTP/1.1)
HTTP/1.1 200 OK
Content-Type: application/json; charset=utf-8
cache-control: no-cache
content-length: 88

18:34:53.311 [AsyncHttpClient-1-8] DEBUG org.asynchttpclient.netty.channel.ChannelManager - Adding key: http://localhost:58470 for channel [id: 0x47859993, L:/127.0.0.1:50050 - R:localhost/127.0.0.1:58470]
18:34:53.311 [Forwarding sendKeysToElement on session ba3d12bb4ecdc24b838011dccea968f5 to remote] DEBUG org.asynchttpclient.netty.request.NettyRequestSender - Using pooled Channel '[id: 0x47859993, L:/127.0.0.1:50050 - R:localhost/127.0.0.1:58470]' for 'POST' to 'http://localhost:58470/session/ba3d12bb4ecdc24b838011dccea968f5/element/4d8636c3-f714-405f-b861-bdbe15408dc3/value'
18:34:53.311 [Forwarding sendKeysToElement on session ba3d12bb4ecdc24b838011dccea968f5 to remote] DEBUG org.asynchttpclient.netty.request.NettyRequestSender - Using open Channel [id: 0x47859993, L:/127.0.0.1:50050 - R:localhost/127.0.0.1:58470] for POST '/session/ba3d12bb4ecdc24b838011dccea968f5/element/4d8636c3-f714-405f-b861-bdbe15408dc3/value'
18:34:53.433 [AsyncHttpClient-1-8] DEBUG org.asynchttpclient.netty.handler.HttpHandler - 

Request DefaultHttpRequest(decodeResult: success, version: HTTP/1.1)
POST /session/ba3d12bb4ecdc24b838011dccea968f5/element/4d8636c3-f714-405f-b861-bdbe15408dc3/value HTTP/1.1
User-Agent: selenium/4.1.4 (java windows)
Content-Length: 169
Content-Type: application/json; charset=utf-8
host: localhost:58470
accept: */*

Response DefaultHttpResponse(decodeResult: success, version: HTTP/1.1)
HTTP/1.1 200 OK
Content-Type: application/json; charset=utf-8
cache-control: no-cache
content-length: 14

18:34:53.433 [AsyncHttpClient-1-8] DEBUG org.asynchttpclient.netty.channel.ChannelManager - Adding key: http://localhost:58470 for channel [id: 0x47859993, L:/127.0.0.1:50050 - R:localhost/127.0.0.1:58470]
18:34:53.435 [Forwarding findElement on session ba3d12bb4ecdc24b838011dccea968f5 to remote] DEBUG org.asynchttpclient.netty.request.NettyRequestSender - Using pooled Channel '[id: 0x47859993, L:/127.0.0.1:50050 - R:localhost/127.0.0.1:58470]' for 'POST' to 'http://localhost:58470/session/ba3d12bb4ecdc24b838011dccea968f5/element'
18:34:53.435 [Forwarding findElement on session ba3d12bb4ecdc24b838011dccea968f5 to remote] DEBUG org.asynchttpclient.netty.request.NettyRequestSender - Using open Channel [id: 0x47859993, L:/127.0.0.1:50050 - R:localhost/127.0.0.1:58470] for POST '/session/ba3d12bb4ecdc24b838011dccea968f5/element'
18:34:53.440 [AsyncHttpClient-1-8] DEBUG org.asynchttpclient.netty.handler.HttpHandler - 

Request DefaultHttpRequest(decodeResult: success, version: HTTP/1.1)
POST /session/ba3d12bb4ecdc24b838011dccea968f5/element HTTP/1.1
User-Agent: selenium/4.1.4 (java windows)
Content-Length: 72
Content-Type: application/json; charset=utf-8
host: localhost:58470
accept: */*

Response DefaultHttpResponse(decodeResult: success, version: HTTP/1.1)
HTTP/1.1 200 OK
Content-Type: application/json; charset=utf-8
cache-control: no-cache
content-length: 88

18:34:53.440 [AsyncHttpClient-1-8] DEBUG org.asynchttpclient.netty.channel.ChannelManager - Adding key: http://localhost:58470 for channel [id: 0x47859993, L:/127.0.0.1:50050 - R:localhost/127.0.0.1:58470]
18:34:53.441 [Forwarding sendKeysToElement on session ba3d12bb4ecdc24b838011dccea968f5 to remote] DEBUG org.asynchttpclient.netty.request.NettyRequestSender - Using pooled Channel '[id: 0x47859993, L:/127.0.0.1:50050 - R:localhost/127.0.0.1:58470]' for 'POST' to 'http://localhost:58470/session/ba3d12bb4ecdc24b838011dccea968f5/element/4d8636c3-f714-405f-b861-bdbe15408dc3/value'
18:34:53.441 [Forwarding sendKeysToElement on session ba3d12bb4ecdc24b838011dccea968f5 to remote] DEBUG org.asynchttpclient.netty.request.NettyRequestSender - Using open Channel [id: 0x47859993, L:/127.0.0.1:50050 - R:localhost/127.0.0.1:58470] for POST '/session/ba3d12bb4ecdc24b838011dccea968f5/element/4d8636c3-f714-405f-b861-bdbe15408dc3/value'
18:34:53.528 [AsyncHttpClient-1-8] DEBUG org.asynchttpclient.netty.handler.HttpHandler - 

Request DefaultHttpRequest(decodeResult: success, version: HTTP/1.1)
POST /session/ba3d12bb4ecdc24b838011dccea968f5/element/4d8636c3-f714-405f-b861-bdbe15408dc3/value HTTP/1.1
User-Agent: selenium/4.1.4 (java windows)
Content-Length: 131
Content-Type: application/json; charset=utf-8
host: localhost:58470
accept: */*

Response DefaultHttpResponse(decodeResult: success, version: HTTP/1.1)
HTTP/1.1 200 OK
Content-Type: application/json; charset=utf-8
cache-control: no-cache
content-length: 14

18:34:53.528 [AsyncHttpClient-1-8] DEBUG org.asynchttpclient.netty.channel.ChannelManager - Adding key: http://localhost:58470 for channel [id: 0x47859993, L:/127.0.0.1:50050 - R:localhost/127.0.0.1:58470]
18:34:53.530 [Forwarding findElement on session ba3d12bb4ecdc24b838011dccea968f5 to remote] DEBUG org.asynchttpclient.netty.request.NettyRequestSender - Using pooled Channel '[id: 0x47859993, L:/127.0.0.1:50050 - R:localhost/127.0.0.1:58470]' for 'POST' to 'http://localhost:58470/session/ba3d12bb4ecdc24b838011dccea968f5/element'
18:34:53.530 [Forwarding findElement on session ba3d12bb4ecdc24b838011dccea968f5 to remote] DEBUG org.asynchttpclient.netty.request.NettyRequestSender - Using open Channel [id: 0x47859993, L:/127.0.0.1:50050 - R:localhost/127.0.0.1:58470] for POST '/session/ba3d12bb4ecdc24b838011dccea968f5/element'
18:34:53.540 [AsyncHttpClient-1-8] DEBUG org.asynchttpclient.netty.handler.HttpHandler - 

Request DefaultHttpRequest(decodeResult: success, version: HTTP/1.1)
POST /session/ba3d12bb4ecdc24b838011dccea968f5/element HTTP/1.1
User-Agent: selenium/4.1.4 (java windows)
Content-Length: 65
Content-Type: application/json; charset=utf-8
host: localhost:58470
accept: */*

Response DefaultHttpResponse(decodeResult: success, version: HTTP/1.1)
HTTP/1.1 200 OK
Content-Type: application/json; charset=utf-8
cache-control: no-cache
content-length: 88

18:34:53.540 [AsyncHttpClient-1-8] DEBUG org.asynchttpclient.netty.channel.ChannelManager - Adding key: http://localhost:58470 for channel [id: 0x47859993, L:/127.0.0.1:50050 - R:localhost/127.0.0.1:58470]
18:34:53.541 [Forwarding sendKeysToElement on session ba3d12bb4ecdc24b838011dccea968f5 to remote] DEBUG org.asynchttpclient.netty.request.NettyRequestSender - Using pooled Channel '[id: 0x47859993, L:/127.0.0.1:50050 - R:localhost/127.0.0.1:58470]' for 'POST' to 'http://localhost:58470/session/ba3d12bb4ecdc24b838011dccea968f5/element/20437fed-40ba-424c-b97a-fd356206a927/value'
18:34:53.541 [Forwarding sendKeysToElement on session ba3d12bb4ecdc24b838011dccea968f5 to remote] DEBUG org.asynchttpclient.netty.request.NettyRequestSender - Using open Channel [id: 0x47859993, L:/127.0.0.1:50050 - R:localhost/127.0.0.1:58470] for POST '/session/ba3d12bb4ecdc24b838011dccea968f5/element/20437fed-40ba-424c-b97a-fd356206a927/value'
18:34:53.706 [AsyncHttpClient-1-8] DEBUG org.asynchttpclient.netty.handler.HttpHandler - 

Request DefaultHttpRequest(decodeResult: success, version: HTTP/1.1)
POST /session/ba3d12bb4ecdc24b838011dccea968f5/element/20437fed-40ba-424c-b97a-fd356206a927/value HTTP/1.1
User-Agent: selenium/4.1.4 (java windows)
Content-Length: 199
Content-Type: application/json; charset=utf-8
host: localhost:58470
accept: */*

Response DefaultHttpResponse(decodeResult: success, version: HTTP/1.1)
HTTP/1.1 200 OK
Content-Type: application/json; charset=utf-8
cache-control: no-cache
content-length: 14

18:34:53.706 [AsyncHttpClient-1-8] DEBUG org.asynchttpclient.netty.channel.ChannelManager - Adding key: http://localhost:58470 for channel [id: 0x47859993, L:/127.0.0.1:50050 - R:localhost/127.0.0.1:58470]
18:34:53.708 [Forwarding findElement on session ba3d12bb4ecdc24b838011dccea968f5 to remote] DEBUG org.asynchttpclient.netty.request.NettyRequestSender - Using pooled Channel '[id: 0x47859993, L:/127.0.0.1:50050 - R:localhost/127.0.0.1:58470]' for 'POST' to 'http://localhost:58470/session/ba3d12bb4ecdc24b838011dccea968f5/element'
18:34:53.708 [Forwarding findElement on session ba3d12bb4ecdc24b838011dccea968f5 to remote] DEBUG org.asynchttpclient.netty.request.NettyRequestSender - Using open Channel [id: 0x47859993, L:/127.0.0.1:50050 - R:localhost/127.0.0.1:58470] for POST '/session/ba3d12bb4ecdc24b838011dccea968f5/element'
18:34:53.713 [AsyncHttpClient-1-8] DEBUG org.asynchttpclient.netty.handler.HttpHandler - 

Request DefaultHttpRequest(decodeResult: success, version: HTTP/1.1)
POST /session/ba3d12bb4ecdc24b838011dccea968f5/element HTTP/1.1
User-Agent: selenium/4.1.4 (java windows)
Content-Length: 65
Content-Type: application/json; charset=utf-8
host: localhost:58470
accept: */*

Response DefaultHttpResponse(decodeResult: success, version: HTTP/1.1)
HTTP/1.1 200 OK
Content-Type: application/json; charset=utf-8
cache-control: no-cache
content-length: 88

18:34:53.713 [AsyncHttpClient-1-8] DEBUG org.asynchttpclient.netty.channel.ChannelManager - Adding key: http://localhost:58470 for channel [id: 0x47859993, L:/127.0.0.1:50050 - R:localhost/127.0.0.1:58470]
18:34:53.714 [Forwarding sendKeysToElement on session ba3d12bb4ecdc24b838011dccea968f5 to remote] DEBUG org.asynchttpclient.netty.request.NettyRequestSender - Using pooled Channel '[id: 0x47859993, L:/127.0.0.1:50050 - R:localhost/127.0.0.1:58470]' for 'POST' to 'http://localhost:58470/session/ba3d12bb4ecdc24b838011dccea968f5/element/20437fed-40ba-424c-b97a-fd356206a927/value'
18:34:53.714 [Forwarding sendKeysToElement on session ba3d12bb4ecdc24b838011dccea968f5 to remote] DEBUG org.asynchttpclient.netty.request.NettyRequestSender - Using open Channel [id: 0x47859993, L:/127.0.0.1:50050 - R:localhost/127.0.0.1:58470] for POST '/session/ba3d12bb4ecdc24b838011dccea968f5/element/20437fed-40ba-424c-b97a-fd356206a927/value'
18:34:53.818 [AsyncHttpClient-1-8] DEBUG org.asynchttpclient.netty.handler.HttpHandler - 

Request DefaultHttpRequest(decodeResult: success, version: HTTP/1.1)
POST /session/ba3d12bb4ecdc24b838011dccea968f5/element/20437fed-40ba-424c-b97a-fd356206a927/value HTTP/1.1
User-Agent: selenium/4.1.4 (java windows)
Content-Length: 161
Content-Type: application/json; charset=utf-8
host: localhost:58470
accept: */*

Response DefaultHttpResponse(decodeResult: success, version: HTTP/1.1)
HTTP/1.1 200 OK
Content-Type: application/json; charset=utf-8
cache-control: no-cache
content-length: 14

18:34:53.818 [AsyncHttpClient-1-8] DEBUG org.asynchttpclient.netty.channel.ChannelManager - Adding key: http://localhost:58470 for channel [id: 0x47859993, L:/127.0.0.1:50050 - R:localhost/127.0.0.1:58470]
18:34:53.820 [Forwarding findElement on session ba3d12bb4ecdc24b838011dccea968f5 to remote] DEBUG org.asynchttpclient.netty.request.NettyRequestSender - Using pooled Channel '[id: 0x47859993, L:/127.0.0.1:50050 - R:localhost/127.0.0.1:58470]' for 'POST' to 'http://localhost:58470/session/ba3d12bb4ecdc24b838011dccea968f5/element'
18:34:53.820 [Forwarding findElement on session ba3d12bb4ecdc24b838011dccea968f5 to remote] DEBUG org.asynchttpclient.netty.request.NettyRequestSender - Using open Channel [id: 0x47859993, L:/127.0.0.1:50050 - R:localhost/127.0.0.1:58470] for POST '/session/ba3d12bb4ecdc24b838011dccea968f5/element'
18:34:53.830 [AsyncHttpClient-1-8] DEBUG org.asynchttpclient.netty.handler.HttpHandler - 

Request DefaultHttpRequest(decodeResult: success, version: HTTP/1.1)
POST /session/ba3d12bb4ecdc24b838011dccea968f5/element HTTP/1.1
User-Agent: selenium/4.1.4 (java windows)
Content-Length: 66
Content-Type: application/json; charset=utf-8
host: localhost:58470
accept: */*

Response DefaultHttpResponse(decodeResult: success, version: HTTP/1.1)
HTTP/1.1 200 OK
Content-Type: application/json; charset=utf-8
cache-control: no-cache
content-length: 88

18:34:53.830 [AsyncHttpClient-1-8] DEBUG org.asynchttpclient.netty.channel.ChannelManager - Adding key: http://localhost:58470 for channel [id: 0x47859993, L:/127.0.0.1:50050 - R:localhost/127.0.0.1:58470]
18:34:53.830 [Forwarding sendKeysToElement on session ba3d12bb4ecdc24b838011dccea968f5 to remote] DEBUG org.asynchttpclient.netty.request.NettyRequestSender - Using pooled Channel '[id: 0x47859993, L:/127.0.0.1:50050 - R:localhost/127.0.0.1:58470]' for 'POST' to 'http://localhost:58470/session/ba3d12bb4ecdc24b838011dccea968f5/element/3e1b6436-25e9-4b61-8a41-79576e9beece/value'
18:34:53.830 [Forwarding sendKeysToElement on session ba3d12bb4ecdc24b838011dccea968f5 to remote] DEBUG org.asynchttpclient.netty.request.NettyRequestSender - Using open Channel [id: 0x47859993, L:/127.0.0.1:50050 - R:localhost/127.0.0.1:58470] for POST '/session/ba3d12bb4ecdc24b838011dccea968f5/element/3e1b6436-25e9-4b61-8a41-79576e9beece/value'
18:34:54.004 [AsyncHttpClient-1-8] DEBUG org.asynchttpclient.netty.handler.HttpHandler - 

Request DefaultHttpRequest(decodeResult: success, version: HTTP/1.1)
POST /session/ba3d12bb4ecdc24b838011dccea968f5/element/3e1b6436-25e9-4b61-8a41-79576e9beece/value HTTP/1.1
User-Agent: selenium/4.1.4 (java windows)
Content-Length: 229
Content-Type: application/json; charset=utf-8
host: localhost:58470
accept: */*

Response DefaultHttpResponse(decodeResult: success, version: HTTP/1.1)
HTTP/1.1 200 OK
Content-Type: application/json; charset=utf-8
cache-control: no-cache
content-length: 14

18:34:54.004 [AsyncHttpClient-1-8] DEBUG org.asynchttpclient.netty.channel.ChannelManager - Adding key: http://localhost:58470 for channel [id: 0x47859993, L:/127.0.0.1:50050 - R:localhost/127.0.0.1:58470]
18:34:54.007 [Forwarding findElement on session ba3d12bb4ecdc24b838011dccea968f5 to remote] DEBUG org.asynchttpclient.netty.request.NettyRequestSender - Using pooled Channel '[id: 0x47859993, L:/127.0.0.1:50050 - R:localhost/127.0.0.1:58470]' for 'POST' to 'http://localhost:58470/session/ba3d12bb4ecdc24b838011dccea968f5/element'
18:34:54.007 [Forwarding findElement on session ba3d12bb4ecdc24b838011dccea968f5 to remote] DEBUG org.asynchttpclient.netty.request.NettyRequestSender - Using open Channel [id: 0x47859993, L:/127.0.0.1:50050 - R:localhost/127.0.0.1:58470] for POST '/session/ba3d12bb4ecdc24b838011dccea968f5/element'
18:34:54.015 [AsyncHttpClient-1-8] DEBUG org.asynchttpclient.netty.handler.HttpHandler - 

Request DefaultHttpRequest(decodeResult: success, version: HTTP/1.1)
POST /session/ba3d12bb4ecdc24b838011dccea968f5/element HTTP/1.1
User-Agent: selenium/4.1.4 (java windows)
Content-Length: 66
Content-Type: application/json; charset=utf-8
host: localhost:58470
accept: */*

Response DefaultHttpResponse(decodeResult: success, version: HTTP/1.1)
HTTP/1.1 200 OK
Content-Type: application/json; charset=utf-8
cache-control: no-cache
content-length: 88

18:34:54.015 [AsyncHttpClient-1-8] DEBUG org.asynchttpclient.netty.channel.ChannelManager - Adding key: http://localhost:58470 for channel [id: 0x47859993, L:/127.0.0.1:50050 - R:localhost/127.0.0.1:58470]
18:34:54.016 [Forwarding sendKeysToElement on session ba3d12bb4ecdc24b838011dccea968f5 to remote] DEBUG org.asynchttpclient.netty.request.NettyRequestSender - Using pooled Channel '[id: 0x47859993, L:/127.0.0.1:50050 - R:localhost/127.0.0.1:58470]' for 'POST' to 'http://localhost:58470/session/ba3d12bb4ecdc24b838011dccea968f5/element/3e1b6436-25e9-4b61-8a41-79576e9beece/value'
18:34:54.016 [Forwarding sendKeysToElement on session ba3d12bb4ecdc24b838011dccea968f5 to remote] DEBUG org.asynchttpclient.netty.request.NettyRequestSender - Using open Channel [id: 0x47859993, L:/127.0.0.1:50050 - R:localhost/127.0.0.1:58470] for POST '/session/ba3d12bb4ecdc24b838011dccea968f5/element/3e1b6436-25e9-4b61-8a41-79576e9beece/value'
18:34:54.235 [AsyncHttpClient-1-1] DEBUG org.asynchttpclient.netty.channel.DefaultChannelPool - Entry count for : http://localhost:50051 : 1
18:34:54.265 [AsyncHttpClient-1-8] DEBUG org.asynchttpclient.netty.handler.HttpHandler - 

Request DefaultHttpRequest(decodeResult: success, version: HTTP/1.1)
POST /session/ba3d12bb4ecdc24b838011dccea968f5/element/3e1b6436-25e9-4b61-8a41-79576e9beece/value HTTP/1.1
User-Agent: selenium/4.1.4 (java windows)
Content-Length: 191
Content-Type: application/json; charset=utf-8
host: localhost:58470
accept: */*

Response DefaultHttpResponse(decodeResult: success, version: HTTP/1.1)
HTTP/1.1 200 OK
Content-Type: application/json; charset=utf-8
cache-control: no-cache
content-length: 14

18:34:54.265 [AsyncHttpClient-1-8] DEBUG org.asynchttpclient.netty.channel.ChannelManager - Adding key: http://localhost:58470 for channel [id: 0x47859993, L:/127.0.0.1:50050 - R:localhost/127.0.0.1:58470]
18:34:54.267 [Forwarding findElement on session ba3d12bb4ecdc24b838011dccea968f5 to remote] DEBUG org.asynchttpclient.netty.request.NettyRequestSender - Using pooled Channel '[id: 0x47859993, L:/127.0.0.1:50050 - R:localhost/127.0.0.1:58470]' for 'POST' to 'http://localhost:58470/session/ba3d12bb4ecdc24b838011dccea968f5/element'
18:34:54.267 [Forwarding findElement on session ba3d12bb4ecdc24b838011dccea968f5 to remote] DEBUG org.asynchttpclient.netty.request.NettyRequestSender - Using open Channel [id: 0x47859993, L:/127.0.0.1:50050 - R:localhost/127.0.0.1:58470] for POST '/session/ba3d12bb4ecdc24b838011dccea968f5/element'
18:34:54.285 [AsyncHttpClient-1-8] DEBUG org.asynchttpclient.netty.handler.HttpHandler - 

Request DefaultHttpRequest(decodeResult: success, version: HTTP/1.1)
POST /session/ba3d12bb4ecdc24b838011dccea968f5/element HTTP/1.1
User-Agent: selenium/4.1.4 (java windows)
Content-Length: 68
Content-Type: application/json; charset=utf-8
host: localhost:58470
accept: */*

Response DefaultHttpResponse(decodeResult: success, version: HTTP/1.1)
HTTP/1.1 200 OK
Content-Type: application/json; charset=utf-8
cache-control: no-cache
content-length: 88

18:34:54.285 [AsyncHttpClient-1-8] DEBUG org.asynchttpclient.netty.channel.ChannelManager - Adding key: http://localhost:58470 for channel [id: 0x47859993, L:/127.0.0.1:50050 - R:localhost/127.0.0.1:58470]
18:34:54.286 [Forwarding sendKeysToElement on session ba3d12bb4ecdc24b838011dccea968f5 to remote] DEBUG org.asynchttpclient.netty.request.NettyRequestSender - Using pooled Channel '[id: 0x47859993, L:/127.0.0.1:50050 - R:localhost/127.0.0.1:58470]' for 'POST' to 'http://localhost:58470/session/ba3d12bb4ecdc24b838011dccea968f5/element/d40016dc-209e-473f-89c6-9e2ec120a098/value'
18:34:54.286 [Forwarding sendKeysToElement on session ba3d12bb4ecdc24b838011dccea968f5 to remote] DEBUG org.asynchttpclient.netty.request.NettyRequestSender - Using open Channel [id: 0x47859993, L:/127.0.0.1:50050 - R:localhost/127.0.0.1:58470] for POST '/session/ba3d12bb4ecdc24b838011dccea968f5/element/d40016dc-209e-473f-89c6-9e2ec120a098/value'
18:34:54.573 [AsyncHttpClient-1-8] DEBUG org.asynchttpclient.netty.handler.HttpHandler - 

Request DefaultHttpRequest(decodeResult: success, version: HTTP/1.1)
POST /session/ba3d12bb4ecdc24b838011dccea968f5/element/d40016dc-209e-473f-89c6-9e2ec120a098/value HTTP/1.1
User-Agent: selenium/4.1.4 (java windows)
Content-Length: 209
Content-Type: application/json; charset=utf-8
host: localhost:58470
accept: */*

Response DefaultHttpResponse(decodeResult: success, version: HTTP/1.1)
HTTP/1.1 200 OK
Content-Type: application/json; charset=utf-8
cache-control: no-cache
content-length: 14

18:34:54.573 [AsyncHttpClient-1-8] DEBUG org.asynchttpclient.netty.channel.ChannelManager - Adding key: http://localhost:58470 for channel [id: 0x47859993, L:/127.0.0.1:50050 - R:localhost/127.0.0.1:58470]
18:34:54.574 [Forwarding findElement on session ba3d12bb4ecdc24b838011dccea968f5 to remote] DEBUG org.asynchttpclient.netty.request.NettyRequestSender - Using pooled Channel '[id: 0x47859993, L:/127.0.0.1:50050 - R:localhost/127.0.0.1:58470]' for 'POST' to 'http://localhost:58470/session/ba3d12bb4ecdc24b838011dccea968f5/element'
18:34:54.574 [Forwarding findElement on session ba3d12bb4ecdc24b838011dccea968f5 to remote] DEBUG org.asynchttpclient.netty.request.NettyRequestSender - Using open Channel [id: 0x47859993, L:/127.0.0.1:50050 - R:localhost/127.0.0.1:58470] for POST '/session/ba3d12bb4ecdc24b838011dccea968f5/element'
18:34:54.585 [AsyncHttpClient-1-8] DEBUG org.asynchttpclient.netty.handler.HttpHandler - 

Request DefaultHttpRequest(decodeResult: success, version: HTTP/1.1)
POST /session/ba3d12bb4ecdc24b838011dccea968f5/element HTTP/1.1
User-Agent: selenium/4.1.4 (java windows)
Content-Length: 68
Content-Type: application/json; charset=utf-8
host: localhost:58470
accept: */*

Response DefaultHttpResponse(decodeResult: success, version: HTTP/1.1)
HTTP/1.1 200 OK
Content-Type: application/json; charset=utf-8
cache-control: no-cache
content-length: 88

18:34:54.585 [AsyncHttpClient-1-8] DEBUG org.asynchttpclient.netty.channel.ChannelManager - Adding key: http://localhost:58470 for channel [id: 0x47859993, L:/127.0.0.1:50050 - R:localhost/127.0.0.1:58470]
18:34:54.586 [Forwarding sendKeysToElement on session ba3d12bb4ecdc24b838011dccea968f5 to remote] DEBUG org.asynchttpclient.netty.request.NettyRequestSender - Using pooled Channel '[id: 0x47859993, L:/127.0.0.1:50050 - R:localhost/127.0.0.1:58470]' for 'POST' to 'http://localhost:58470/session/ba3d12bb4ecdc24b838011dccea968f5/element/d40016dc-209e-473f-89c6-9e2ec120a098/value'
18:34:54.586 [Forwarding sendKeysToElement on session ba3d12bb4ecdc24b838011dccea968f5 to remote] DEBUG org.asynchttpclient.netty.request.NettyRequestSender - Using open Channel [id: 0x47859993, L:/127.0.0.1:50050 - R:localhost/127.0.0.1:58470] for POST '/session/ba3d12bb4ecdc24b838011dccea968f5/element/d40016dc-209e-473f-89c6-9e2ec120a098/value'
18:34:54.688 [AsyncHttpClient-1-8] DEBUG org.asynchttpclient.netty.handler.HttpHandler - 

Request DefaultHttpRequest(decodeResult: success, version: HTTP/1.1)
POST /session/ba3d12bb4ecdc24b838011dccea968f5/element/d40016dc-209e-473f-89c6-9e2ec120a098/value HTTP/1.1
User-Agent: selenium/4.1.4 (java windows)
Content-Length: 171
Content-Type: application/json; charset=utf-8
host: localhost:58470
accept: */*

Response DefaultHttpResponse(decodeResult: success, version: HTTP/1.1)
HTTP/1.1 200 OK
Content-Type: application/json; charset=utf-8
cache-control: no-cache
content-length: 14

18:34:54.688 [AsyncHttpClient-1-8] DEBUG org.asynchttpclient.netty.channel.ChannelManager - Adding key: http://localhost:58470 for channel [id: 0x47859993, L:/127.0.0.1:50050 - R:localhost/127.0.0.1:58470]
18:34:54.689 [Forwarding findElement on session ba3d12bb4ecdc24b838011dccea968f5 to remote] DEBUG org.asynchttpclient.netty.request.NettyRequestSender - Using pooled Channel '[id: 0x47859993, L:/127.0.0.1:50050 - R:localhost/127.0.0.1:58470]' for 'POST' to 'http://localhost:58470/session/ba3d12bb4ecdc24b838011dccea968f5/element'
18:34:54.689 [Forwarding findElement on session ba3d12bb4ecdc24b838011dccea968f5 to remote] DEBUG org.asynchttpclient.netty.request.NettyRequestSender - Using open Channel [id: 0x47859993, L:/127.0.0.1:50050 - R:localhost/127.0.0.1:58470] for POST '/session/ba3d12bb4ecdc24b838011dccea968f5/element'
18:34:54.697 [AsyncHttpClient-1-8] DEBUG org.asynchttpclient.netty.handler.HttpHandler - 

Request DefaultHttpRequest(decodeResult: success, version: HTTP/1.1)
POST /session/ba3d12bb4ecdc24b838011dccea968f5/element HTTP/1.1
User-Agent: selenium/4.1.4 (java windows)
Content-Length: 66
Content-Type: application/json; charset=utf-8
host: localhost:58470
accept: */*

Response DefaultHttpResponse(decodeResult: success, version: HTTP/1.1)
HTTP/1.1 200 OK
Content-Type: application/json; charset=utf-8
cache-control: no-cache
content-length: 88

18:34:54.697 [AsyncHttpClient-1-8] DEBUG org.asynchttpclient.netty.channel.ChannelManager - Adding key: http://localhost:58470 for channel [id: 0x47859993, L:/127.0.0.1:50050 - R:localhost/127.0.0.1:58470]
18:34:54.699 [Forwarding sendKeysToElement on session ba3d12bb4ecdc24b838011dccea968f5 to remote] DEBUG org.asynchttpclient.netty.request.NettyRequestSender - Using pooled Channel '[id: 0x47859993, L:/127.0.0.1:50050 - R:localhost/127.0.0.1:58470]' for 'POST' to 'http://localhost:58470/session/ba3d12bb4ecdc24b838011dccea968f5/element/64a0439e-d07d-4d60-96e2-d9555c119144/value'
18:34:54.699 [Forwarding sendKeysToElement on session ba3d12bb4ecdc24b838011dccea968f5 to remote] DEBUG org.asynchttpclient.netty.request.NettyRequestSender - Using open Channel [id: 0x47859993, L:/127.0.0.1:50050 - R:localhost/127.0.0.1:58470] for POST '/session/ba3d12bb4ecdc24b838011dccea968f5/element/64a0439e-d07d-4d60-96e2-d9555c119144/value'
18:34:54.756 [AsyncHttpClient-1-8] DEBUG org.asynchttpclient.netty.handler.HttpHandler - 

Request DefaultHttpRequest(decodeResult: success, version: HTTP/1.1)
POST /session/ba3d12bb4ecdc24b838011dccea968f5/element/64a0439e-d07d-4d60-96e2-d9555c119144/value HTTP/1.1
User-Agent: selenium/4.1.4 (java windows)
Content-Length: 139
Content-Type: application/json; charset=utf-8
host: localhost:58470
accept: */*

Response DefaultHttpResponse(decodeResult: success, version: HTTP/1.1)
HTTP/1.1 200 OK
Content-Type: application/json; charset=utf-8
cache-control: no-cache
content-length: 14

18:34:54.756 [AsyncHttpClient-1-8] DEBUG org.asynchttpclient.netty.channel.ChannelManager - Adding key: http://localhost:58470 for channel [id: 0x47859993, L:/127.0.0.1:50050 - R:localhost/127.0.0.1:58470]
18:34:54.758 [Forwarding findElement on session ba3d12bb4ecdc24b838011dccea968f5 to remote] DEBUG org.asynchttpclient.netty.request.NettyRequestSender - Using pooled Channel '[id: 0x47859993, L:/127.0.0.1:50050 - R:localhost/127.0.0.1:58470]' for 'POST' to 'http://localhost:58470/session/ba3d12bb4ecdc24b838011dccea968f5/element'
18:34:54.758 [Forwarding findElement on session ba3d12bb4ecdc24b838011dccea968f5 to remote] DEBUG org.asynchttpclient.netty.request.NettyRequestSender - Using open Channel [id: 0x47859993, L:/127.0.0.1:50050 - R:localhost/127.0.0.1:58470] for POST '/session/ba3d12bb4ecdc24b838011dccea968f5/element'
18:34:54.764 [AsyncHttpClient-1-8] DEBUG org.asynchttpclient.netty.handler.HttpHandler - 

Request DefaultHttpRequest(decodeResult: success, version: HTTP/1.1)
POST /session/ba3d12bb4ecdc24b838011dccea968f5/element HTTP/1.1
User-Agent: selenium/4.1.4 (java windows)
Content-Length: 66
Content-Type: application/json; charset=utf-8
host: localhost:58470
accept: */*

Response DefaultHttpResponse(decodeResult: success, version: HTTP/1.1)
HTTP/1.1 200 OK
Content-Type: application/json; charset=utf-8
cache-control: no-cache
content-length: 88

18:34:54.764 [AsyncHttpClient-1-8] DEBUG org.asynchttpclient.netty.channel.ChannelManager - Adding key: http://localhost:58470 for channel [id: 0x47859993, L:/127.0.0.1:50050 - R:localhost/127.0.0.1:58470]
18:34:54.765 [Forwarding sendKeysToElement on session ba3d12bb4ecdc24b838011dccea968f5 to remote] DEBUG org.asynchttpclient.netty.request.NettyRequestSender - Using pooled Channel '[id: 0x47859993, L:/127.0.0.1:50050 - R:localhost/127.0.0.1:58470]' for 'POST' to 'http://localhost:58470/session/ba3d12bb4ecdc24b838011dccea968f5/element/64a0439e-d07d-4d60-96e2-d9555c119144/value'
18:34:54.765 [Forwarding sendKeysToElement on session ba3d12bb4ecdc24b838011dccea968f5 to remote] DEBUG org.asynchttpclient.netty.request.NettyRequestSender - Using open Channel [id: 0x47859993, L:/127.0.0.1:50050 - R:localhost/127.0.0.1:58470] for POST '/session/ba3d12bb4ecdc24b838011dccea968f5/element/64a0439e-d07d-4d60-96e2-d9555c119144/value'
18:34:54.810 [AsyncHttpClient-1-8] DEBUG org.asynchttpclient.netty.handler.HttpHandler - 

Request DefaultHttpRequest(decodeResult: success, version: HTTP/1.1)
POST /session/ba3d12bb4ecdc24b838011dccea968f5/element/64a0439e-d07d-4d60-96e2-d9555c119144/value HTTP/1.1
User-Agent: selenium/4.1.4 (java windows)
Content-Length: 101
Content-Type: application/json; charset=utf-8
host: localhost:58470
accept: */*

Response DefaultHttpResponse(decodeResult: success, version: HTTP/1.1)
HTTP/1.1 200 OK
Content-Type: application/json; charset=utf-8
cache-control: no-cache
content-length: 14

18:34:54.810 [AsyncHttpClient-1-8] DEBUG org.asynchttpclient.netty.channel.ChannelManager - Adding key: http://localhost:58470 for channel [id: 0x47859993, L:/127.0.0.1:50050 - R:localhost/127.0.0.1:58470]
18:34:54.816 [Forwarding screenshot on session ba3d12bb4ecdc24b838011dccea968f5 to remote] DEBUG org.asynchttpclient.netty.request.NettyRequestSender - Using pooled Channel '[id: 0x47859993, L:/127.0.0.1:50050 - R:localhost/127.0.0.1:58470]' for 'GET' to 'http://localhost:58470/session/ba3d12bb4ecdc24b838011dccea968f5/screenshot'
18:34:54.816 [Forwarding screenshot on session ba3d12bb4ecdc24b838011dccea968f5 to remote] DEBUG org.asynchttpclient.netty.request.NettyRequestSender - Using open Channel [id: 0x47859993, L:/127.0.0.1:50050 - R:localhost/127.0.0.1:58470] for GET '/session/ba3d12bb4ecdc24b838011dccea968f5/screenshot'
18:34:55.124 [AsyncHttpClient-1-8] DEBUG org.asynchttpclient.netty.handler.HttpHandler - 

Request DefaultFullHttpRequest(decodeResult: success, version: HTTP/1.1, content: EmptyByteBufBE)
GET /session/ba3d12bb4ecdc24b838011dccea968f5/screenshot HTTP/1.1
User-Agent: selenium/4.1.4 (java windows)
Cache-Control: no-cache
Content-Type: application/json; charset=utf-8
host: localhost:58470
accept: */*

Response DefaultHttpResponse(decodeResult: success, version: HTTP/1.1)
HTTP/1.1 200 OK
Content-Type: application/json; charset=utf-8
cache-control: no-cache
content-length: 394520

18:34:55.130 [AsyncHttpClient-1-8] DEBUG org.asynchttpclient.netty.channel.ChannelManager - Adding key: http://localhost:58470 for channel [id: 0x47859993, L:/127.0.0.1:50050 - R:localhost/127.0.0.1:58470]
18:34:55.137 [main] DEBUG net.serenitybdd.core.photography.Darkroom - Send negative for processing for target\site\serenity\a34816b1717a7cfa175838534aa263dd61656e4bcd6ab188246557dc500d6821.png
18:34:55.137 [main] DEBUG net.thucydides.core.steps.StepInterceptor - STEP DONE: inputDataPasienEdit
  &amp#27;[32mThen &amp#27;[0m&amp#27;[32mI input edit &amp#27;[0m&amp#27;[32m&amp#27;[1m"Bagas"&amp#27;[0m&amp#27;[32m &amp#27;[0m&amp#27;[32m&amp#27;[1m"11221212"&amp#27;[0m&amp#27;[32m &amp#27;[0m&amp#27;[32m&amp#27;[1m"20"&amp#27;[0m&amp#27;[32m &amp#27;[0m&amp#27;[32m&amp#27;[1m"01294657612"&amp#27;[0m&amp#27;[32m &amp#27;[0m&amp#27;[32m&amp#27;[1m"perumahan"&amp#27;[0m&amp#27;[32m patient&amp#27;[0m    &amp#27;[90m# starter.stepdefinitios.PatientDataSteps.iInputEditPatient(java.lang.String,java.lang.String,java.lang.String,java.lang.String,java.lang.String)&amp#27;[0m
18:34:55.137 [Darkroom Processing Line] DEBUG net.serenitybdd.core.photography.DarkroomProcessingLine - Processing screenshot image in /var/screenshots/screenshot-2161335343074876923
18:34:55.137 [Darkroom Processing Line] DEBUG net.serenitybdd.core.photography.DarkroomProcessingLine - Saving screenshot to target\site\serenity\a34816b1717a7cfa175838534aa263dd61656e4bcd6ab188246557dc500d6821.png
18:34:55.147 [main] DEBUG net.thucydides.core.steps.StepInterceptor - STARTING STEP: PatientDataSteps.iClickButtonJenisKelaminPerempuan - clickPerempuan
18:34:55.148 [Forwarding findElement on session ba3d12bb4ecdc24b838011dccea968f5 to remote] DEBUG org.asynchttpclient.netty.request.NettyRequestSender - Using pooled Channel '[id: 0x47859993, L:/127.0.0.1:50050 - R:localhost/127.0.0.1:58470]' for 'POST' to 'http://localhost:58470/session/ba3d12bb4ecdc24b838011dccea968f5/element'
18:34:55.148 [Forwarding findElement on session ba3d12bb4ecdc24b838011dccea968f5 to remote] DEBUG org.asynchttpclient.netty.request.NettyRequestSender - Using open Channel [id: 0x47859993, L:/127.0.0.1:50050 - R:localhost/127.0.0.1:58470] for POST '/session/ba3d12bb4ecdc24b838011dccea968f5/element'
18:34:55.158 [AsyncHttpClient-1-8] DEBUG org.asynchttpclient.netty.handler.HttpHandler - 

Request DefaultHttpRequest(decodeResult: success, version: HTTP/1.1)
POST /session/ba3d12bb4ecdc24b838011dccea968f5/element HTTP/1.1
User-Agent: selenium/4.1.4 (java windows)
Content-Length: 182
Content-Type: application/json; charset=utf-8
host: localhost:58470
accept: */*

Response DefaultHttpResponse(decodeResult: success, version: HTTP/1.1)
HTTP/1.1 200 OK
Content-Type: application/json; charset=utf-8
cache-control: no-cache
content-length: 88

18:34:55.159 [AsyncHttpClient-1-8] DEBUG org.asynchttpclient.netty.channel.ChannelManager - Adding key: http://localhost:58470 for channel [id: 0x47859993, L:/127.0.0.1:50050 - R:localhost/127.0.0.1:58470]
18:34:55.159 [Forwarding getElementTagName on session ba3d12bb4ecdc24b838011dccea968f5 to remote] DEBUG org.asynchttpclient.netty.request.NettyRequestSender - Using pooled Channel '[id: 0x47859993, L:/127.0.0.1:50050 - R:localhost/127.0.0.1:58470]' for 'GET' to 'http://localhost:58470/session/ba3d12bb4ecdc24b838011dccea968f5/element/0fa052d0-2389-41ae-96d9-2434f23eba84/name'
18:34:55.159 [Forwarding getElementTagName on session ba3d12bb4ecdc24b838011dccea968f5 to remote] DEBUG org.asynchttpclient.netty.request.NettyRequestSender - Using open Channel [id: 0x47859993, L:/127.0.0.1:50050 - R:localhost/127.0.0.1:58470] for GET '/session/ba3d12bb4ecdc24b838011dccea968f5/element/0fa052d0-2389-41ae-96d9-2434f23eba84/name'
18:34:55.163 [AsyncHttpClient-1-8] DEBUG org.asynchttpclient.netty.handler.HttpHandler - 

Request DefaultFullHttpRequest(decodeResult: success, version: HTTP/1.1, content: EmptyByteBufBE)
GET /session/ba3d12bb4ecdc24b838011dccea968f5/element/0fa052d0-2389-41ae-96d9-2434f23eba84/name HTTP/1.1
User-Agent: selenium/4.1.4 (java windows)
Cache-Control: no-cache
Content-Type: application/json; charset=utf-8
host: localhost:58470
accept: */*

Response DefaultHttpResponse(decodeResult: success, version: HTTP/1.1)
HTTP/1.1 200 OK
Content-Type: application/json; charset=utf-8
cache-control: no-cache
content-length: 16

18:34:55.163 [AsyncHttpClient-1-8] DEBUG org.asynchttpclient.netty.channel.ChannelManager - Adding key: http://localhost:58470 for channel [id: 0x47859993, L:/127.0.0.1:50050 - R:localhost/127.0.0.1:58470]
18:34:55.164 [Forwarding getElementTagName on session ba3d12bb4ecdc24b838011dccea968f5 to remote] DEBUG org.asynchttpclient.netty.request.NettyRequestSender - Using pooled Channel '[id: 0x47859993, L:/127.0.0.1:50050 - R:localhost/127.0.0.1:58470]' for 'GET' to 'http://localhost:58470/session/ba3d12bb4ecdc24b838011dccea968f5/element/0fa052d0-2389-41ae-96d9-2434f23eba84/name'
18:34:55.164 [Forwarding getElementTagName on session ba3d12bb4ecdc24b838011dccea968f5 to remote] DEBUG org.asynchttpclient.netty.request.NettyRequestSender - Using open Channel [id: 0x47859993, L:/127.0.0.1:50050 - R:localhost/127.0.0.1:58470] for GET '/session/ba3d12bb4ecdc24b838011dccea968f5/element/0fa052d0-2389-41ae-96d9-2434f23eba84/name'
18:34:55.166 [AsyncHttpClient-1-8] DEBUG org.asynchttpclient.netty.handler.HttpHandler - 

Request DefaultFullHttpRequest(decodeResult: success, version: HTTP/1.1, content: EmptyByteBufBE)
GET /session/ba3d12bb4ecdc24b838011dccea968f5/element/0fa052d0-2389-41ae-96d9-2434f23eba84/name HTTP/1.1
User-Agent: selenium/4.1.4 (java windows)
Cache-Control: no-cache
Content-Type: application/json; charset=utf-8
host: localhost:58470
accept: */*

Response DefaultHttpResponse(decodeResult: success, version: HTTP/1.1)
HTTP/1.1 200 OK
Content-Type: application/json; charset=utf-8
cache-control: no-cache
content-length: 16

18:34:55.166 [AsyncHttpClient-1-8] DEBUG org.asynchttpclient.netty.channel.ChannelManager - Adding key: http://localhost:58470 for channel [id: 0x47859993, L:/127.0.0.1:50050 - R:localhost/127.0.0.1:58470]
18:34:55.167 [Forwarding findElement on session ba3d12bb4ecdc24b838011dccea968f5 to remote] DEBUG org.asynchttpclient.netty.request.NettyRequestSender - Using pooled Channel '[id: 0x47859993, L:/127.0.0.1:50050 - R:localhost/127.0.0.1:58470]' for 'POST' to 'http://localhost:58470/session/ba3d12bb4ecdc24b838011dccea968f5/element'
18:34:55.167 [Forwarding findElement on session ba3d12bb4ecdc24b838011dccea968f5 to remote] DEBUG org.asynchttpclient.netty.request.NettyRequestSender - Using open Channel [id: 0x47859993, L:/127.0.0.1:50050 - R:localhost/127.0.0.1:58470] for POST '/session/ba3d12bb4ecdc24b838011dccea968f5/element'
18:34:55.174 [AsyncHttpClient-1-8] DEBUG org.asynchttpclient.netty.handler.HttpHandler - 

Request DefaultHttpRequest(decodeResult: success, version: HTTP/1.1)
POST /session/ba3d12bb4ecdc24b838011dccea968f5/element HTTP/1.1
User-Agent: selenium/4.1.4 (java windows)
Content-Length: 182
Content-Type: application/json; charset=utf-8
host: localhost:58470
accept: */*

Response DefaultHttpResponse(decodeResult: success, version: HTTP/1.1)
HTTP/1.1 200 OK
Content-Type: application/json; charset=utf-8
cache-control: no-cache
content-length: 88

18:34:55.174 [AsyncHttpClient-1-8] DEBUG org.asynchttpclient.netty.channel.ChannelManager - Adding key: http://localhost:58470 for channel [id: 0x47859993, L:/127.0.0.1:50050 - R:localhost/127.0.0.1:58470]
18:34:55.175 [Forwarding clickElement on session ba3d12bb4ecdc24b838011dccea968f5 to remote] DEBUG org.asynchttpclient.netty.request.NettyRequestSender - Using pooled Channel '[id: 0x47859993, L:/127.0.0.1:50050 - R:localhost/127.0.0.1:58470]' for 'POST' to 'http://localhost:58470/session/ba3d12bb4ecdc24b838011dccea968f5/element/0fa052d0-2389-41ae-96d9-2434f23eba84/click'
18:34:55.175 [Forwarding clickElement on session ba3d12bb4ecdc24b838011dccea968f5 to remote] DEBUG org.asynchttpclient.netty.request.NettyRequestSender - Using open Channel [id: 0x47859993, L:/127.0.0.1:50050 - R:localhost/127.0.0.1:58470] for POST '/session/ba3d12bb4ecdc24b838011dccea968f5/element/0fa052d0-2389-41ae-96d9-2434f23eba84/click'
18:34:55.222 [AsyncHttpClient-1-8] DEBUG org.asynchttpclient.netty.handler.HttpHandler - 

Request DefaultHttpRequest(decodeResult: success, version: HTTP/1.1)
POST /session/ba3d12bb4ecdc24b838011dccea968f5/element/0fa052d0-2389-41ae-96d9-2434f23eba84/click HTTP/1.1
User-Agent: selenium/4.1.4 (java windows)
Content-Length: 50
Content-Type: application/json; charset=utf-8
host: localhost:58470
accept: */*

Response DefaultHttpResponse(decodeResult: success, version: HTTP/1.1)
HTTP/1.1 200 OK
Content-Type: application/json; charset=utf-8
cache-control: no-cache
content-length: 14

18:34:55.222 [AsyncHttpClient-1-8] DEBUG org.asynchttpclient.netty.channel.ChannelManager - Adding key: http://localhost:58470 for channel [id: 0x47859993, L:/127.0.0.1:50050 - R:localhost/127.0.0.1:58470]
18:34:55.227 [Forwarding screenshot on session ba3d12bb4ecdc24b838011dccea968f5 to remote] DEBUG org.asynchttpclient.netty.request.NettyRequestSender - Using pooled Channel '[id: 0x47859993, L:/127.0.0.1:50050 - R:localhost/127.0.0.1:58470]' for 'GET' to 'http://localhost:58470/session/ba3d12bb4ecdc24b838011dccea968f5/screenshot'
18:34:55.227 [Forwarding screenshot on session ba3d12bb4ecdc24b838011dccea968f5 to remote] DEBUG org.asynchttpclient.netty.request.NettyRequestSender - Using open Channel [id: 0x47859993, L:/127.0.0.1:50050 - R:localhost/127.0.0.1:58470] for GET '/session/ba3d12bb4ecdc24b838011dccea968f5/screenshot'
18:34:55.345 [AsyncHttpClient-1-1] DEBUG org.asynchttpclient.netty.channel.DefaultChannelPool - Entry count for : http://localhost:50051 : 1
18:34:55.619 [AsyncHttpClient-1-8] DEBUG org.asynchttpclient.netty.handler.HttpHandler - 

Request DefaultFullHttpRequest(decodeResult: success, version: HTTP/1.1, content: EmptyByteBufBE)
GET /session/ba3d12bb4ecdc24b838011dccea968f5/screenshot HTTP/1.1
User-Agent: selenium/4.1.4 (java windows)
Cache-Control: no-cache
Content-Type: application/json; charset=utf-8
host: localhost:58470
accept: */*

Response DefaultHttpResponse(decodeResult: success, version: HTTP/1.1)
HTTP/1.1 200 OK
Content-Type: application/json; charset=utf-8
cache-control: no-cache
content-length: 393484

18:34:55.620 [AsyncHttpClient-1-8] DEBUG org.asynchttpclient.netty.channel.ChannelManager - Adding key: http://localhost:58470 for channel [id: 0x47859993, L:/127.0.0.1:50050 - R:localhost/127.0.0.1:58470]
18:34:55.631 [main] DEBUG net.serenitybdd.core.photography.Darkroom - Send negative for processing for target\site\serenity\6a62acc25f7d17301d665d98f3fefa53859604971eca48abcd19b66f746c8072.png
18:34:55.632 [main] DEBUG net.thucydides.core.steps.StepInterceptor - STEP DONE: clickPerempuan
  &amp#27;[32mAnd &amp#27;[0m&amp#27;[32mI click button jenis kelamin perempuan&amp#27;[0m                                     &amp#27;[90m# starter.stepdefinitios.PatientDataSteps.iClickButtonJenisKelaminPerempuan()&amp#27;[0m
18:34:55.632 [Darkroom Processing Line] DEBUG net.serenitybdd.core.photography.DarkroomProcessingLine - Processing screenshot image in /var/screenshots/screenshot-13219762061873810886
18:34:55.632 [Darkroom Processing Line] DEBUG net.serenitybdd.core.photography.DarkroomProcessingLine - Saving screenshot to target\site\serenity\6a62acc25f7d17301d665d98f3fefa53859604971eca48abcd19b66f746c8072.png
18:34:55.645 [main] DEBUG net.thucydides.core.steps.StepInterceptor - STARTING STEP: PatientDataSteps.clickButtonSimpan - clickButtonSave
18:34:55.648 [Forwarding findElement on session ba3d12bb4ecdc24b838011dccea968f5 to remote] DEBUG org.asynchttpclient.netty.request.NettyRequestSender - Using pooled Channel '[id: 0x47859993, L:/127.0.0.1:50050 - R:localhost/127.0.0.1:58470]' for 'POST' to 'http://localhost:58470/session/ba3d12bb4ecdc24b838011dccea968f5/element'
18:34:55.648 [Forwarding findElement on session ba3d12bb4ecdc24b838011dccea968f5 to remote] DEBUG org.asynchttpclient.netty.request.NettyRequestSender - Using open Channel [id: 0x47859993, L:/127.0.0.1:50050 - R:localhost/127.0.0.1:58470] for POST '/session/ba3d12bb4ecdc24b838011dccea968f5/element'
18:34:55.660 [AsyncHttpClient-1-8] DEBUG org.asynchttpclient.netty.handler.HttpHandler - 

Request DefaultHttpRequest(decodeResult: success, version: HTTP/1.1)
POST /session/ba3d12bb4ecdc24b838011dccea968f5/element HTTP/1.1
User-Agent: selenium/4.1.4 (java windows)
Content-Length: 68
Content-Type: application/json; charset=utf-8
host: localhost:58470
accept: */*

Response DefaultHttpResponse(decodeResult: success, version: HTTP/1.1)
HTTP/1.1 200 OK
Content-Type: application/json; charset=utf-8
cache-control: no-cache
content-length: 88

18:34:55.660 [AsyncHttpClient-1-8] DEBUG org.asynchttpclient.netty.channel.ChannelManager - Adding key: http://localhost:58470 for channel [id: 0x47859993, L:/127.0.0.1:50050 - R:localhost/127.0.0.1:58470]
18:34:55.661 [Forwarding getElementTagName on session ba3d12bb4ecdc24b838011dccea968f5 to remote] DEBUG org.asynchttpclient.netty.request.NettyRequestSender - Using pooled Channel '[id: 0x47859993, L:/127.0.0.1:50050 - R:localhost/127.0.0.1:58470]' for 'GET' to 'http://localhost:58470/session/ba3d12bb4ecdc24b838011dccea968f5/element/0c1672f7-f99e-4272-aee3-3ea1d491cd7f/name'
18:34:55.661 [Forwarding getElementTagName on session ba3d12bb4ecdc24b838011dccea968f5 to remote] DEBUG org.asynchttpclient.netty.request.NettyRequestSender - Using open Channel [id: 0x47859993, L:/127.0.0.1:50050 - R:localhost/127.0.0.1:58470] for GET '/session/ba3d12bb4ecdc24b838011dccea968f5/element/0c1672f7-f99e-4272-aee3-3ea1d491cd7f/name'
18:34:55.666 [AsyncHttpClient-1-8] DEBUG org.asynchttpclient.netty.handler.HttpHandler - 

Request DefaultFullHttpRequest(decodeResult: success, version: HTTP/1.1, content: EmptyByteBufBE)
GET /session/ba3d12bb4ecdc24b838011dccea968f5/element/0c1672f7-f99e-4272-aee3-3ea1d491cd7f/name HTTP/1.1
User-Agent: selenium/4.1.4 (java windows)
Cache-Control: no-cache
Content-Type: application/json; charset=utf-8
host: localhost:58470
accept: */*

Response DefaultHttpResponse(decodeResult: success, version: HTTP/1.1)
HTTP/1.1 200 OK
Content-Type: application/json; charset=utf-8
cache-control: no-cache
content-length: 18

18:34:55.666 [AsyncHttpClient-1-8] DEBUG org.asynchttpclient.netty.channel.ChannelManager - Adding key: http://localhost:58470 for channel [id: 0x47859993, L:/127.0.0.1:50050 - R:localhost/127.0.0.1:58470]
18:34:55.667 [Forwarding getElementTagName on session ba3d12bb4ecdc24b838011dccea968f5 to remote] DEBUG org.asynchttpclient.netty.request.NettyRequestSender - Using pooled Channel '[id: 0x47859993, L:/127.0.0.1:50050 - R:localhost/127.0.0.1:58470]' for 'GET' to 'http://localhost:58470/session/ba3d12bb4ecdc24b838011dccea968f5/element/0c1672f7-f99e-4272-aee3-3ea1d491cd7f/name'
18:34:55.667 [Forwarding getElementTagName on session ba3d12bb4ecdc24b838011dccea968f5 to remote] DEBUG org.asynchttpclient.netty.request.NettyRequestSender - Using open Channel [id: 0x47859993, L:/127.0.0.1:50050 - R:localhost/127.0.0.1:58470] for GET '/session/ba3d12bb4ecdc24b838011dccea968f5/element/0c1672f7-f99e-4272-aee3-3ea1d491cd7f/name'
18:34:55.670 [AsyncHttpClient-1-8] DEBUG org.asynchttpclient.netty.handler.HttpHandler - 

Request DefaultFullHttpRequest(decodeResult: success, version: HTTP/1.1, content: EmptyByteBufBE)
GET /session/ba3d12bb4ecdc24b838011dccea968f5/element/0c1672f7-f99e-4272-aee3-3ea1d491cd7f/name HTTP/1.1
User-Agent: selenium/4.1.4 (java windows)
Cache-Control: no-cache
Content-Type: application/json; charset=utf-8
host: localhost:58470
accept: */*

Response DefaultHttpResponse(decodeResult: success, version: HTTP/1.1)
HTTP/1.1 200 OK
Content-Type: application/json; charset=utf-8
cache-control: no-cache
content-length: 18

18:34:55.670 [AsyncHttpClient-1-8] DEBUG org.asynchttpclient.netty.channel.ChannelManager - Adding key: http://localhost:58470 for channel [id: 0x47859993, L:/127.0.0.1:50050 - R:localhost/127.0.0.1:58470]
18:34:55.673 [Forwarding isElementEnabled on session ba3d12bb4ecdc24b838011dccea968f5 to remote] DEBUG org.asynchttpclient.netty.request.NettyRequestSender - Using pooled Channel '[id: 0x47859993, L:/127.0.0.1:50050 - R:localhost/127.0.0.1:58470]' for 'GET' to 'http://localhost:58470/session/ba3d12bb4ecdc24b838011dccea968f5/element/0c1672f7-f99e-4272-aee3-3ea1d491cd7f/enabled'
18:34:55.673 [Forwarding isElementEnabled on session ba3d12bb4ecdc24b838011dccea968f5 to remote] DEBUG org.asynchttpclient.netty.request.NettyRequestSender - Using open Channel [id: 0x47859993, L:/127.0.0.1:50050 - R:localhost/127.0.0.1:58470] for GET '/session/ba3d12bb4ecdc24b838011dccea968f5/element/0c1672f7-f99e-4272-aee3-3ea1d491cd7f/enabled'
18:34:55.682 [AsyncHttpClient-1-8] DEBUG org.asynchttpclient.netty.handler.HttpHandler - 

Request DefaultFullHttpRequest(decodeResult: success, version: HTTP/1.1, content: EmptyByteBufBE)
GET /session/ba3d12bb4ecdc24b838011dccea968f5/element/0c1672f7-f99e-4272-aee3-3ea1d491cd7f/enabled HTTP/1.1
User-Agent: selenium/4.1.4 (java windows)
Cache-Control: no-cache
Content-Type: application/json; charset=utf-8
host: localhost:58470
accept: */*

Response DefaultHttpResponse(decodeResult: success, version: HTTP/1.1)
HTTP/1.1 200 OK
Content-Type: application/json; charset=utf-8
cache-control: no-cache
content-length: 14

18:34:55.682 [AsyncHttpClient-1-8] DEBUG org.asynchttpclient.netty.channel.ChannelManager - Adding key: http://localhost:58470 for channel [id: 0x47859993, L:/127.0.0.1:50050 - R:localhost/127.0.0.1:58470]
18:34:55.683 [Forwarding isElementEnabled on session ba3d12bb4ecdc24b838011dccea968f5 to remote] DEBUG org.asynchttpclient.netty.request.NettyRequestSender - Using pooled Channel '[id: 0x47859993, L:/127.0.0.1:50050 - R:localhost/127.0.0.1:58470]' for 'GET' to 'http://localhost:58470/session/ba3d12bb4ecdc24b838011dccea968f5/element/0c1672f7-f99e-4272-aee3-3ea1d491cd7f/enabled'
18:34:55.683 [Forwarding isElementEnabled on session ba3d12bb4ecdc24b838011dccea968f5 to remote] DEBUG org.asynchttpclient.netty.request.NettyRequestSender - Using open Channel [id: 0x47859993, L:/127.0.0.1:50050 - R:localhost/127.0.0.1:58470] for GET '/session/ba3d12bb4ecdc24b838011dccea968f5/element/0c1672f7-f99e-4272-aee3-3ea1d491cd7f/enabled'
18:34:55.688 [AsyncHttpClient-1-8] DEBUG org.asynchttpclient.netty.handler.HttpHandler - 

Request DefaultFullHttpRequest(decodeResult: success, version: HTTP/1.1, content: EmptyByteBufBE)
GET /session/ba3d12bb4ecdc24b838011dccea968f5/element/0c1672f7-f99e-4272-aee3-3ea1d491cd7f/enabled HTTP/1.1
User-Agent: selenium/4.1.4 (java windows)
Cache-Control: no-cache
Content-Type: application/json; charset=utf-8
host: localhost:58470
accept: */*

Response DefaultHttpResponse(decodeResult: success, version: HTTP/1.1)
HTTP/1.1 200 OK
Content-Type: application/json; charset=utf-8
cache-control: no-cache
content-length: 14

18:34:55.688 [AsyncHttpClient-1-8] DEBUG org.asynchttpclient.netty.channel.ChannelManager - Adding key: http://localhost:58470 for channel [id: 0x47859993, L:/127.0.0.1:50050 - R:localhost/127.0.0.1:58470]
18:34:55.689 [Forwarding findElement on session ba3d12bb4ecdc24b838011dccea968f5 to remote] DEBUG org.asynchttpclient.netty.request.NettyRequestSender - Using pooled Channel '[id: 0x47859993, L:/127.0.0.1:50050 - R:localhost/127.0.0.1:58470]' for 'POST' to 'http://localhost:58470/session/ba3d12bb4ecdc24b838011dccea968f5/element'
18:34:55.689 [Forwarding findElement on session ba3d12bb4ecdc24b838011dccea968f5 to remote] DEBUG org.asynchttpclient.netty.request.NettyRequestSender - Using open Channel [id: 0x47859993, L:/127.0.0.1:50050 - R:localhost/127.0.0.1:58470] for POST '/session/ba3d12bb4ecdc24b838011dccea968f5/element'
18:34:55.696 [AsyncHttpClient-1-8] DEBUG org.asynchttpclient.netty.handler.HttpHandler - 

Request DefaultHttpRequest(decodeResult: success, version: HTTP/1.1)
POST /session/ba3d12bb4ecdc24b838011dccea968f5/element HTTP/1.1
User-Agent: selenium/4.1.4 (java windows)
Content-Length: 68
Content-Type: application/json; charset=utf-8
host: localhost:58470
accept: */*

Response DefaultHttpResponse(decodeResult: success, version: HTTP/1.1)
HTTP/1.1 200 OK
Content-Type: application/json; charset=utf-8
cache-control: no-cache
content-length: 88

18:34:55.696 [AsyncHttpClient-1-8] DEBUG org.asynchttpclient.netty.channel.ChannelManager - Adding key: http://localhost:58470 for channel [id: 0x47859993, L:/127.0.0.1:50050 - R:localhost/127.0.0.1:58470]
18:34:55.697 [Forwarding clickElement on session ba3d12bb4ecdc24b838011dccea968f5 to remote] DEBUG org.asynchttpclient.netty.request.NettyRequestSender - Using pooled Channel '[id: 0x47859993, L:/127.0.0.1:50050 - R:localhost/127.0.0.1:58470]' for 'POST' to 'http://localhost:58470/session/ba3d12bb4ecdc24b838011dccea968f5/element/0c1672f7-f99e-4272-aee3-3ea1d491cd7f/click'
18:34:55.697 [Forwarding clickElement on session ba3d12bb4ecdc24b838011dccea968f5 to remote] DEBUG org.asynchttpclient.netty.request.NettyRequestSender - Using open Channel [id: 0x47859993, L:/127.0.0.1:50050 - R:localhost/127.0.0.1:58470] for POST '/session/ba3d12bb4ecdc24b838011dccea968f5/element/0c1672f7-f99e-4272-aee3-3ea1d491cd7f/click'
18:34:55.761 [AsyncHttpClient-1-8] DEBUG org.asynchttpclient.netty.handler.HttpHandler - 

Request DefaultHttpRequest(decodeResult: success, version: HTTP/1.1)
POST /session/ba3d12bb4ecdc24b838011dccea968f5/element/0c1672f7-f99e-4272-aee3-3ea1d491cd7f/click HTTP/1.1
User-Agent: selenium/4.1.4 (java windows)
Content-Length: 50
Content-Type: application/json; charset=utf-8
host: localhost:58470
accept: */*

Response DefaultHttpResponse(decodeResult: success, version: HTTP/1.1)
HTTP/1.1 200 OK
Content-Type: application/json; charset=utf-8
cache-control: no-cache
content-length: 14

18:34:55.761 [AsyncHttpClient-1-8] DEBUG org.asynchttpclient.netty.channel.ChannelManager - Adding key: http://localhost:58470 for channel [id: 0x47859993, L:/127.0.0.1:50050 - R:localhost/127.0.0.1:58470]
18:34:55.767 [Forwarding screenshot on session ba3d12bb4ecdc24b838011dccea968f5 to remote] DEBUG org.asynchttpclient.netty.request.NettyRequestSender - Using pooled Channel '[id: 0x47859993, L:/127.0.0.1:50050 - R:localhost/127.0.0.1:58470]' for 'GET' to 'http://localhost:58470/session/ba3d12bb4ecdc24b838011dccea968f5/screenshot'
18:34:55.767 [Forwarding screenshot on session ba3d12bb4ecdc24b838011dccea968f5 to remote] DEBUG org.asynchttpclient.netty.request.NettyRequestSender - Using open Channel [id: 0x47859993, L:/127.0.0.1:50050 - R:localhost/127.0.0.1:58470] for GET '/session/ba3d12bb4ecdc24b838011dccea968f5/screenshot'
18:34:56.438 [AsyncHttpClient-1-1] DEBUG org.asynchttpclient.netty.channel.DefaultChannelPool - Entry count for : http://localhost:50051 : 1
18:34:56.461 [AsyncHttpClient-1-8] DEBUG org.asynchttpclient.netty.handler.HttpHandler - 

Request DefaultFullHttpRequest(decodeResult: success, version: HTTP/1.1, content: EmptyByteBufBE)
GET /session/ba3d12bb4ecdc24b838011dccea968f5/screenshot HTTP/1.1
User-Agent: selenium/4.1.4 (java windows)
Cache-Control: no-cache
Content-Type: application/json; charset=utf-8
host: localhost:58470
accept: */*

Response DefaultHttpResponse(decodeResult: success, version: HTTP/1.1)
HTTP/1.1 200 OK
Content-Type: application/json; charset=utf-8
cache-control: no-cache
content-length: 393396

18:34:56.462 [AsyncHttpClient-1-8] DEBUG org.asynchttpclient.netty.channel.ChannelManager - Adding key: http://localhost:58470 for channel [id: 0x47859993, L:/127.0.0.1:50050 - R:localhost/127.0.0.1:58470]
18:34:56.476 [main] DEBUG net.serenitybdd.core.photography.Darkroom - Send negative for processing for target\site\serenity\b043cede1c9535d75144cc12ed1bdb87ebcc9bdd5f468f6207c2ce885ea9db7b.png
18:34:56.476 [main] DEBUG net.thucydides.core.steps.StepInterceptor - STEP DONE: clickButtonSave
18:34:56.476 [Darkroom Processing Line] DEBUG net.serenitybdd.core.photography.DarkroomProcessingLine - Processing screenshot image in /var/screenshots/screenshot-5606032387713947940
18:34:56.476 [Darkroom Processing Line] DEBUG net.serenitybdd.core.photography.DarkroomProcessingLine - Saving screenshot to target\site\serenity\b043cede1c9535d75144cc12ed1bdb87ebcc9bdd5f468f6207c2ce885ea9db7b.png
  &amp#27;[32mAnd &amp#27;[0m&amp#27;[32mClick button simpan&amp#27;[0m                                                        &amp#27;[90m# starter.stepdefinitios.PatientDataSteps.clickButtonSimpan()&amp#27;[0m
18:34:57.488 [Forwarding screenshot on session ba3d12bb4ecdc24b838011dccea968f5 to remote] DEBUG org.asynchttpclient.netty.request.NettyRequestSender - Using pooled Channel '[id: 0x47859993, L:/127.0.0.1:50050 - R:localhost/127.0.0.1:58470]' for 'GET' to 'http://localhost:58470/session/ba3d12bb4ecdc24b838011dccea968f5/screenshot'
18:34:57.488 [Forwarding screenshot on session ba3d12bb4ecdc24b838011dccea968f5 to remote] DEBUG org.asynchttpclient.netty.request.NettyRequestSender - Using open Channel [id: 0x47859993, L:/127.0.0.1:50050 - R:localhost/127.0.0.1:58470] for GET '/session/ba3d12bb4ecdc24b838011dccea968f5/screenshot'
18:34:57.546 [AsyncHttpClient-1-1] DEBUG org.asynchttpclient.netty.channel.DefaultChannelPool - Entry count for : http://localhost:50051 : 1
18:34:57.733 [AsyncHttpClient-1-8] DEBUG org.asynchttpclient.netty.handler.HttpHandler - 

Request DefaultFullHttpRequest(decodeResult: success, version: HTTP/1.1, content: EmptyByteBufBE)
GET /session/ba3d12bb4ecdc24b838011dccea968f5/screenshot HTTP/1.1
User-Agent: selenium/4.1.4 (java windows)
Cache-Control: no-cache
Content-Type: application/json; charset=utf-8
host: localhost:58470
accept: */*

Response DefaultHttpResponse(decodeResult: success, version: HTTP/1.1)
HTTP/1.1 200 OK
Content-Type: application/json; charset=utf-8
cache-control: no-cache
content-length: 393072

18:34:57.733 [AsyncHttpClient-1-8] DEBUG org.asynchttpclient.netty.channel.ChannelManager - Adding key: http://localhost:58470 for channel [id: 0x47859993, L:/127.0.0.1:50050 - R:localhost/127.0.0.1:58470]
18:34:57.741 [main] DEBUG net.serenitybdd.core.photography.Darkroom - Send negative for processing for target\site\serenity\bcc59be4f91341d7e69891af0dd503296375fb3a3fbe3efc7391954a46165e3f.png
18:34:57.741 [Darkroom Processing Line] DEBUG net.serenitybdd.core.photography.DarkroomProcessingLine - Processing screenshot image in /var/screenshots/screenshot-227387657662116146
18:34:57.741 [Darkroom Processing Line] DEBUG net.serenitybdd.core.photography.DarkroomProcessingLine - Saving screenshot to target\site\serenity\bcc59be4f91341d7e69891af0dd503296375fb3a3fbe3efc7391954a46165e3f.png
18:34:58.635 [AsyncHttpClient-1-1] DEBUG org.asynchttpclient.netty.channel.DefaultChannelPool - Entry count for : http://localhost:58470 : 1
18:34:58.635 [AsyncHttpClient-1-1] DEBUG org.asynchttpclient.netty.channel.DefaultChannelPool - Entry count for : http://localhost:50051 : 1
18:34:58.758 [Forwarding screenshot on session ba3d12bb4ecdc24b838011dccea968f5 to remote] DEBUG org.asynchttpclient.netty.request.NettyRequestSender - Using pooled Channel '[id: 0x47859993, L:/127.0.0.1:50050 - R:localhost/127.0.0.1:58470]' for 'GET' to 'http://localhost:58470/session/ba3d12bb4ecdc24b838011dccea968f5/screenshot'
18:34:58.758 [Forwarding screenshot on session ba3d12bb4ecdc24b838011dccea968f5 to remote] DEBUG org.asynchttpclient.netty.request.NettyRequestSender - Using open Channel [id: 0x47859993, L:/127.0.0.1:50050 - R:localhost/127.0.0.1:58470] for GET '/session/ba3d12bb4ecdc24b838011dccea968f5/screenshot'
18:34:59.027 [AsyncHttpClient-1-8] DEBUG org.asynchttpclient.netty.handler.HttpHandler - 

Request DefaultFullHttpRequest(decodeResult: success, version: HTTP/1.1, content: EmptyByteBufBE)
GET /session/ba3d12bb4ecdc24b838011dccea968f5/screenshot HTTP/1.1
User-Agent: selenium/4.1.4 (java windows)
Cache-Control: no-cache
Content-Type: application/json; charset=utf-8
host: localhost:58470
accept: */*

Response DefaultHttpResponse(decodeResult: success, version: HTTP/1.1)
HTTP/1.1 200 OK
Content-Type: application/json; charset=utf-8
cache-control: no-cache
content-length: 393072

18:34:59.027 [AsyncHttpClient-1-8] DEBUG org.asynchttpclient.netty.channel.ChannelManager - Adding key: http://localhost:58470 for channel [id: 0x47859993, L:/127.0.0.1:50050 - R:localhost/127.0.0.1:58470]
18:34:59.041 [main] DEBUG net.serenitybdd.core.photography.Darkroom - Send negative for processing for target\site\serenity\bcc59be4f91341d7e69891af0dd503296375fb3a3fbe3efc7391954a46165e3f.png
18:34:59.041 [main] DEBUG net.thucydides.core.steps.StepInterceptor - STARTING STEP: PatientDataSteps.validateAddErrorMessengerPasien - validateTextMessegerDokter
18:34:59.043 [Forwarding findElement on session ba3d12bb4ecdc24b838011dccea968f5 to remote] DEBUG org.asynchttpclient.netty.request.NettyRequestSender - Using pooled Channel '[id: 0x47859993, L:/127.0.0.1:50050 - R:localhost/127.0.0.1:58470]' for 'POST' to 'http://localhost:58470/session/ba3d12bb4ecdc24b838011dccea968f5/element'
18:34:59.043 [Forwarding findElement on session ba3d12bb4ecdc24b838011dccea968f5 to remote] DEBUG org.asynchttpclient.netty.request.NettyRequestSender - Using open Channel [id: 0x47859993, L:/127.0.0.1:50050 - R:localhost/127.0.0.1:58470] for POST '/session/ba3d12bb4ecdc24b838011dccea968f5/element'
18:34:59.052 [AsyncHttpClient-1-8] DEBUG org.asynchttpclient.netty.handler.HttpHandler - 

Request DefaultHttpRequest(decodeResult: success, version: HTTP/1.1)
POST /session/ba3d12bb4ecdc24b838011dccea968f5/element HTTP/1.1
User-Agent: selenium/4.1.4 (java windows)
Content-Length: 143
Content-Type: application/json; charset=utf-8
host: localhost:58470
accept: */*

Response DefaultHttpResponse(decodeResult: success, version: HTTP/1.1)
HTTP/1.1 200 OK
Content-Type: application/json; charset=utf-8
cache-control: no-cache
content-length: 88

18:34:59.052 [AsyncHttpClient-1-8] DEBUG org.asynchttpclient.netty.channel.ChannelManager - Adding key: http://localhost:58470 for channel [id: 0x47859993, L:/127.0.0.1:50050 - R:localhost/127.0.0.1:58470]
18:34:59.052 [Forwarding getElementText on session ba3d12bb4ecdc24b838011dccea968f5 to remote] DEBUG org.asynchttpclient.netty.request.NettyRequestSender - Using pooled Channel '[id: 0x47859993, L:/127.0.0.1:50050 - R:localhost/127.0.0.1:58470]' for 'GET' to 'http://localhost:58470/session/ba3d12bb4ecdc24b838011dccea968f5/element/acb533b3-bfdf-4c3f-b635-1cc7695301c6/text'
18:34:59.052 [Forwarding getElementText on session ba3d12bb4ecdc24b838011dccea968f5 to remote] DEBUG org.asynchttpclient.netty.request.NettyRequestSender - Using open Channel [id: 0x47859993, L:/127.0.0.1:50050 - R:localhost/127.0.0.1:58470] for GET '/session/ba3d12bb4ecdc24b838011dccea968f5/element/acb533b3-bfdf-4c3f-b635-1cc7695301c6/text'
18:34:59.083 [AsyncHttpClient-1-8] DEBUG org.asynchttpclient.netty.handler.HttpHandler - 

Request DefaultFullHttpRequest(decodeResult: success, version: HTTP/1.1, content: EmptyByteBufBE)
GET /session/ba3d12bb4ecdc24b838011dccea968f5/element/acb533b3-bfdf-4c3f-b635-1cc7695301c6/text HTTP/1.1
User-Agent: selenium/4.1.4 (java windows)
Cache-Control: no-cache
Content-Type: application/json; charset=utf-8
host: localhost:58470
accept: */*

Response DefaultHttpResponse(decodeResult: success, version: HTTP/1.1)
HTTP/1.1 200 OK
Content-Type: application/json; charset=utf-8
cache-control: no-cache
content-length: 138

18:34:59.083 [AsyncHttpClient-1-8] DEBUG org.asynchttpclient.netty.channel.ChannelManager - Adding key: http://localhost:58470 for channel [id: 0x47859993, L:/127.0.0.1:50050 - R:localhost/127.0.0.1:58470]
18:34:59.086 [main] DEBUG net.thucydides.core.steps.StepInterceptor - STEP DONE: validateTextMessegerDokter
  &amp#27;[32mAnd &amp#27;[0m&amp#27;[32mValidate add error messenger &amp#27;[0m&amp#27;[32m&amp#27;[1m"nik perlu 16 digit"&amp#27;[0m&amp#27;[32m Pasien&amp#27;[0m                   &amp#27;[90m# starter.stepdefinitios.PatientDataSteps.validateAddErrorMessengerPasien(java.lang.String)&amp#27;[0m
18:34:59.092 [Forwarding screenshot on session ba3d12bb4ecdc24b838011dccea968f5 to remote] DEBUG org.asynchttpclient.netty.request.NettyRequestSender - Using pooled Channel '[id: 0x47859993, L:/127.0.0.1:50050 - R:localhost/127.0.0.1:58470]' for 'GET' to 'http://localhost:58470/session/ba3d12bb4ecdc24b838011dccea968f5/screenshot'
18:34:59.092 [Forwarding screenshot on session ba3d12bb4ecdc24b838011dccea968f5 to remote] DEBUG org.asynchttpclient.netty.request.NettyRequestSender - Using open Channel [id: 0x47859993, L:/127.0.0.1:50050 - R:localhost/127.0.0.1:58470] for GET '/session/ba3d12bb4ecdc24b838011dccea968f5/screenshot'
18:34:59.266 [AsyncHttpClient-1-8] DEBUG org.asynchttpclient.netty.handler.HttpHandler - 

Request DefaultFullHttpRequest(decodeResult: success, version: HTTP/1.1, content: EmptyByteBufBE)
GET /session/ba3d12bb4ecdc24b838011dccea968f5/screenshot HTTP/1.1
User-Agent: selenium/4.1.4 (java windows)
Cache-Control: no-cache
Content-Type: application/json; charset=utf-8
host: localhost:58470
accept: */*

Response DefaultHttpResponse(decodeResult: success, version: HTTP/1.1)
HTTP/1.1 200 OK
Content-Type: application/json; charset=utf-8
cache-control: no-cache
content-length: 393072

18:34:59.267 [AsyncHttpClient-1-8] DEBUG org.asynchttpclient.netty.channel.ChannelManager - Adding key: http://localhost:58470 for channel [id: 0x47859993, L:/127.0.0.1:50050 - R:localhost/127.0.0.1:58470]
18:34:59.268 [main] DEBUG net.serenitybdd.core.photography.Darkroom - Send negative for processing for target\site\serenity\bcc59be4f91341d7e69891af0dd503296375fb3a3fbe3efc7391954a46165e3f.png
18:34:59.276 [AsyncHttpClient-1-2] DEBUG org.asynchttpclient.netty.handler.WebSocketHandler - Channel Closed: [id: 0xcb3ca682, L:/127.0.0.1:50058 ! R:localhost/127.0.0.1:50051] with attribute NettyResponseFuture{currentRetry=5,
	isDone=1,
	isCancelled=0,
	asyncHandler=org.asynchttpclient.ws.WebSocketUpgradeHandler@4aafa4bd,
	nettyRequest=org.asynchttpclient.netty.request.NettyRequest@3e936579,
	future=java.util.concurrent.CompletableFuture@4ea5f4ab[Completed normally],
	uri=ws://localhost:50051/devtools/browser/18a0132a-bbc4-4cc1-b69f-b1e3bde9bf0d,
	keepAlive=true,
	redirectCount=0,
	timeoutsHolder=null,
	inAuth=0,
	touch=1658057664303}
18:34:59.276 [AsyncHttpClient-1-2] DEBUG org.asynchttpclient.netty.channel.ChannelManager - Closing Channel [id: 0xcb3ca682, L:/127.0.0.1:50058 ! R:localhost/127.0.0.1:50051] 
18:34:59.276 [Driver Command Executor] DEBUG org.asynchttpclient.netty.request.NettyRequestSender - Using pooled Channel '[id: 0x47859993, L:/127.0.0.1:50050 - R:localhost/127.0.0.1:58470]' for 'DELETE' to 'http://localhost:58470/session/ba3d12bb4ecdc24b838011dccea968f5'
18:34:59.276 [Driver Command Executor] DEBUG org.asynchttpclient.netty.request.NettyRequestSender - Using open Channel [id: 0x47859993, L:/127.0.0.1:50050 - R:localhost/127.0.0.1:58470] for DELETE '/session/ba3d12bb4ecdc24b838011dccea968f5'
18:34:59.328 [AsyncHttpClient-1-9] DEBUG org.asynchttpclient.netty.handler.HttpHandler - Unexpected I/O exception on channel [id: 0x22080b57, L:/127.0.0.1:50057 - R:localhost/127.0.0.1:50051]
java.io.IOException: An existing connection was forcibly closed by the remote host
	at java.base/sun.nio.ch.SocketDispatcher.read0(Native Method)
	at java.base/sun.nio.ch.SocketDispatcher.read(SocketDispatcher.java:43)
	at java.base/sun.nio.ch.IOUtil.readIntoNativeBuffer(IOUtil.java:276)
	at java.base/sun.nio.ch.IOUtil.read(IOUtil.java:233)
	at java.base/sun.nio.ch.IOUtil.read(IOUtil.java:223)
	at java.base/sun.nio.ch.SocketChannelImpl.read(SocketChannelImpl.java:356)
	at io.netty.buffer.PooledByteBuf.setBytes(PooledByteBuf.java:258)
	at io.netty.buffer.AbstractByteBuf.writeBytes(AbstractByteBuf.java:1132)
	at io.netty.channel.socket.nio.NioSocketChannel.doReadBytes(NioSocketChannel.java:357)
	at io.netty.channel.nio.AbstractNioByteChannel$NioByteUnsafe.read(AbstractNioByteChannel.java:151)
	at io.netty.channel.nio.NioEventLoop.processSelectedKey(NioEventLoop.java:722)
	at io.netty.channel.nio.NioEventLoop.processSelectedKeysOptimized(NioEventLoop.java:658)
	at io.netty.channel.nio.NioEventLoop.processSelectedKeys(NioEventLoop.java:584)
	at io.netty.channel.nio.NioEventLoop.run(NioEventLoop.java:496)
	at io.netty.util.concurrent.SingleThreadEventExecutor$4.run(SingleThreadEventExecutor.java:986)
	at io.netty.util.internal.ThreadExecutorMap$2.run(ThreadExecutorMap.java:74)
	at io.netty.util.concurrent.FastThreadLocalRunnable.run(FastThreadLocalRunnable.java:30)
	at java.base/java.lang.Thread.run(Thread.java:829)
18:34:59.328 [AsyncHttpClient-1-9] DEBUG org.asynchttpclient.netty.channel.ChannelManager - Closing Channel [id: 0x22080b57, L:/127.0.0.1:50057 - R:localhost/127.0.0.1:50051] 
18:34:59.328 [AsyncHttpClient-1-9] DEBUG org.asynchttpclient.netty.handler.HttpHandler - Channel Closed: [id: 0x22080b57, L:/127.0.0.1:50057 ! R:localhost/127.0.0.1:50051] with attribute DISCARD
18:34:59.382 [AsyncHttpClient-1-8] DEBUG org.asynchttpclient.netty.handler.HttpHandler - 

Request DefaultFullHttpRequest(decodeResult: success, version: HTTP/1.1, content: EmptyByteBufBE)
DELETE /session/ba3d12bb4ecdc24b838011dccea968f5 HTTP/1.1
User-Agent: selenium/4.1.4 (java windows)
Content-Type: application/json; charset=utf-8
host: localhost:58470
accept: */*

Response DefaultHttpResponse(decodeResult: success, version: HTTP/1.1)
HTTP/1.1 200 OK
Content-Type: application/json; charset=utf-8
cache-control: no-cache
content-length: 14

18:34:59.382 [AsyncHttpClient-1-8] DEBUG org.asynchttpclient.netty.channel.ChannelManager - Adding key: http://localhost:58470 for channel [id: 0x47859993, L:/127.0.0.1:50050 - R:localhost/127.0.0.1:58470]
18:34:59.436 [AsyncHttpClient-1-8] DEBUG org.asynchttpclient.netty.handler.HttpHandler - Channel Closed: [id: 0x47859993, L:/127.0.0.1:50050 ! R:localhost/127.0.0.1:58470] with attribute DISCARD
]]></system-out>
    <system-err><![CDATA[Starting ChromeDriver 103.0.5060.53 (a1711811edd74ff1cf2150f36ffa3b0dae40b17f-refs/branch-heads/5060@{#853}) on port 58470
Only local connections are allowed.
Please see https://chromedriver.chromium.org/security-considerations for suggestions on keeping ChromeDriver safe.
ChromeDriver was started successfully.
Jul 17, 2022 6:34:24 PM org.openqa.selenium.remote.ProtocolHandshake createSession
INFO: Detected dialect: W3C
Jul 17, 2022 6:34:24 PM org.openqa.selenium.devtools.CdpVersionFinder findNearestMatch
WARNING: Unable to find an exact match for CDP version 103, so returning the closest version found: 101
Jul 17, 2022 6:34:24 PM org.openqa.selenium.devtools.CdpVersionFinder findNearestMatch
INFO: Found CDP implementation for version 103 of 101
]]></system-err>
  </testcase>
  <testcase name="As a admin i want to edit data pasien (JK Perempuan) - Invalid #4" classname="Data Pasien - Admin" time="38.12">
    <system-out><![CDATA[
@DataPasien111 @EditPatientDataInvalid
Scenario Outline: As a admin i want to edit data pasien (JK Perempuan) - Invalid     &amp#27;[90m# src/test/resources/features/4DataPasien.feature:146&amp#27;[0m
18:34:59.503 [main] INFO io.cucumber.core.plugin.SerenityReporter - Running feature from file:///C:/Alterra/CapstoneBaru/QE/TestingWebUpdate/src/test/resources/features/4DataPasien.feature
18:34:59.572 [main] DEBUG net.thucydides.core.steps.StepInterceptor - STARTING STEP: LoginSteps.openLoginPage - openLogin
18:34:59.580 [main] INFO net.serenitybdd.core.webdriver.driverproviders.ChromeDriverProvider - Using automatically driver download
18:34:59.739 [AsyncHttpClient-1-1] DEBUG org.asynchttpclient.netty.channel.DefaultChannelPool - Entry count for : http://localhost:58470 : 1
18:34:59.739 [AsyncHttpClient-1-1] DEBUG org.asynchttpclient.netty.channel.DefaultChannelPool - Entry count for : http://localhost:50051 : 1
18:34:59.739 [AsyncHttpClient-1-1] DEBUG org.asynchttpclient.netty.channel.DefaultChannelPool - Adding Candidate expired Channel [id: 0x47859993, L:/127.0.0.1:50050 ! R:localhost/127.0.0.1:58470] isIdleTimeoutExpired=false isRemotelyClosed=true isTtlExpired=false
18:34:59.739 [AsyncHttpClient-1-1] DEBUG org.asynchttpclient.netty.channel.DefaultChannelPool - Closing Idle Channel [id: 0x47859993, L:/127.0.0.1:50050 ! R:localhost/127.0.0.1:58470]
18:34:59.739 [AsyncHttpClient-1-1] DEBUG org.asynchttpclient.netty.channel.DefaultChannelPool - Adding Candidate expired Channel [id: 0x22080b57, L:/127.0.0.1:50057 ! R:localhost/127.0.0.1:50051] isIdleTimeoutExpired=false isRemotelyClosed=true isTtlExpired=false
18:34:59.739 [AsyncHttpClient-1-1] DEBUG org.asynchttpclient.netty.channel.DefaultChannelPool - Closing Idle Channel [id: 0x22080b57, L:/127.0.0.1:50057 ! R:localhost/127.0.0.1:50051]
18:34:59.739 [AsyncHttpClient-1-1] DEBUG org.asynchttpclient.netty.channel.DefaultChannelPool - Closed 2 connections out of 2 in 0 ms
18:34:59.871 [main] DEBUG io.github.bonigarcia.wdm.cache.ResolutionCache - Resolution chrome=103 in cache (valid until 18:54:33 17/07/2022 ICT)
18:34:59.875 [main] DEBUG io.github.bonigarcia.wdm.cache.ResolutionCache - Resolution chrome103=103.0.5060.53 in cache (valid until 17:54:33 18/07/2022 ICT)
18:34:59.877 [main] INFO io.github.bonigarcia.wdm.WebDriverManager - Using chromedriver 103.0.5060.53 (resolved driver for Chrome 103)
18:34:59.884 [main] DEBUG io.github.bonigarcia.wdm.WebDriverManager - Driver chromedriver 103.0.5060.53 found in cache
18:34:59.885 [main] INFO io.github.bonigarcia.wdm.WebDriverManager - Exporting webdriver.chrome.driver as C:\Users\Bagas Dwi Saputra\.cache\selenium\chromedriver\win32\103.0.5060.53\chromedriver.exe
18:35:00.051 [main] DEBUG net.serenitybdd.core.webdriver.driverproviders.ProvideNewDriver - Instantiating driver
18:35:00.051 [main] DEBUG net.serenitybdd.core.webdriver.driverproviders.ProvideNewDriver - Driver capabilities: Capabilities {acceptInsecureCerts: false, base.url: https://fanciful-trifle-360..., browserName: chrome, chorme.driver: src/test/resources/webdrive..., driver: chrome, goog:chromeOptions: {args: [], extensions: []}}
18:35:00.413 [AsyncHttpClient-1-3] DEBUG org.asynchttpclient.netty.channel.NettyConnectListener - Using new Channel '[id: 0xc59d382e, L:/127.0.0.1:50076 - R:localhost/127.0.0.1:56938]' for 'POST' to '/session'
18:35:01.368 [AsyncHttpClient-1-3] DEBUG org.asynchttpclient.netty.handler.HttpHandler - 

Request DefaultHttpRequest(decodeResult: success, version: HTTP/1.1)
POST /session HTTP/1.1
User-Agent: selenium/4.1.4 (java windows)
Content-Length: 629
Content-Type: application/json; charset=utf-8
host: localhost:56938
accept: */*

Response DefaultHttpResponse(decodeResult: success, version: HTTP/1.1)
HTTP/1.1 200 OK
Content-Type: application/json; charset=utf-8
cache-control: no-cache
content-length: 794

18:35:01.368 [AsyncHttpClient-1-3] DEBUG org.asynchttpclient.netty.channel.ChannelManager - Adding key: http://localhost:56938 for channel [id: 0xc59d382e, L:/127.0.0.1:50076 - R:localhost/127.0.0.1:56938]
18:35:01.375 [AsyncHttpClient-1-4] DEBUG org.asynchttpclient.netty.channel.NettyConnectListener - Using new Channel '[id: 0xeceb3410, L:/127.0.0.1:50083 - R:localhost/127.0.0.1:50077]' for 'GET' to '/json/version'
18:35:01.376 [AsyncHttpClient-1-4] DEBUG org.asynchttpclient.netty.handler.HttpHandler - 

Request DefaultFullHttpRequest(decodeResult: success, version: HTTP/1.1, content: EmptyByteBufBE)
GET /json/version HTTP/1.1
User-Agent: selenium/4.1.4 (java windows)
host: localhost:50077
accept: */*

Response DefaultHttpResponse(decodeResult: success, version: HTTP/1.1)
HTTP/1.1 200 OK
Content-Type: application/json; charset=UTF-8
content-length: 429

18:35:01.376 [AsyncHttpClient-1-4] DEBUG org.asynchttpclient.netty.channel.ChannelManager - Adding key: http://localhost:50077 for channel [id: 0xeceb3410, L:/127.0.0.1:50083 - R:localhost/127.0.0.1:50077]
18:35:01.378 [AsyncHttpClient-1-5] DEBUG org.asynchttpclient.netty.channel.NettyConnectListener - Using new Channel '[id: 0xe7d8f9e8, L:/127.0.0.1:50084 - R:localhost/127.0.0.1:50077]' for 'GET' to '/devtools/browser/0af55725-6da5-48dd-986f-d1ee5480134b'
18:35:01.378 [AsyncHttpClient-1-5] DEBUG org.asynchttpclient.netty.handler.WebSocketHandler - 

Request DefaultFullHttpRequest(decodeResult: success, version: HTTP/1.1, content: EmptyByteBufBE)
GET /devtools/browser/0af55725-6da5-48dd-986f-d1ee5480134b HTTP/1.1
upgrade: websocket
connection: upgrade
sec-websocket-key: SljsP5EPEgYcGgyIghKlfQ==
sec-websocket-version: 13
origin: http://localhost:50077
host: localhost:50077
accept: */*
user-agent: AHC/2.1

Response DefaultHttpResponse(decodeResult: success, version: HTTP/1.1)
HTTP/1.1 101 WebSocket Protocol Handshake
Upgrade: WebSocket
Connection: Upgrade
Sec-WebSocket-Accept: /t9kBGDwY6rT2rO1Cstr8rFupIg=

18:35:01.381 [Forwarding get on session 1dd15390feb32c6e0832b49e91ba78b6 to remote] DEBUG org.asynchttpclient.netty.request.NettyRequestSender - Using pooled Channel '[id: 0xc59d382e, L:/127.0.0.1:50076 - R:localhost/127.0.0.1:56938]' for 'POST' to 'http://localhost:56938/session/1dd15390feb32c6e0832b49e91ba78b6/url'
18:35:01.381 [Forwarding get on session 1dd15390feb32c6e0832b49e91ba78b6 to remote] DEBUG org.asynchttpclient.netty.request.NettyRequestSender - Using open Channel [id: 0xc59d382e, L:/127.0.0.1:50076 - R:localhost/127.0.0.1:56938] for POST '/session/1dd15390feb32c6e0832b49e91ba78b6/url'
18:35:01.869 [AsyncHttpClient-1-3] DEBUG org.asynchttpclient.netty.handler.HttpHandler - 

Request DefaultHttpRequest(decodeResult: success, version: HTTP/1.1)
POST /session/1dd15390feb32c6e0832b49e91ba78b6/url HTTP/1.1
User-Agent: selenium/4.1.4 (java windows)
Content-Length: 78
Content-Type: application/json; charset=utf-8
host: localhost:56938
accept: */*

Response DefaultHttpResponse(decodeResult: success, version: HTTP/1.1)
HTTP/1.1 200 OK
Content-Type: application/json; charset=utf-8
cache-control: no-cache
content-length: 14

18:35:01.869 [AsyncHttpClient-1-3] DEBUG org.asynchttpclient.netty.channel.ChannelManager - Adding key: http://localhost:56938 for channel [id: 0xc59d382e, L:/127.0.0.1:50076 - R:localhost/127.0.0.1:56938]
18:35:01.869 [Forwarding setTimeout on session 1dd15390feb32c6e0832b49e91ba78b6 to remote] DEBUG org.asynchttpclient.netty.request.NettyRequestSender - Using pooled Channel '[id: 0xc59d382e, L:/127.0.0.1:50076 - R:localhost/127.0.0.1:56938]' for 'POST' to 'http://localhost:56938/session/1dd15390feb32c6e0832b49e91ba78b6/timeouts'
18:35:01.869 [Forwarding setTimeout on session 1dd15390feb32c6e0832b49e91ba78b6 to remote] DEBUG org.asynchttpclient.netty.request.NettyRequestSender - Using open Channel [id: 0xc59d382e, L:/127.0.0.1:50076 - R:localhost/127.0.0.1:56938] for POST '/session/1dd15390feb32c6e0832b49e91ba78b6/timeouts'
18:35:01.869 [AsyncHttpClient-1-3] DEBUG org.asynchttpclient.netty.handler.HttpHandler - 

Request DefaultHttpRequest(decodeResult: success, version: HTTP/1.1)
POST /session/1dd15390feb32c6e0832b49e91ba78b6/timeouts HTTP/1.1
User-Agent: selenium/4.1.4 (java windows)
Content-Length: 22
Content-Type: application/json; charset=utf-8
host: localhost:56938
accept: */*

Response DefaultHttpResponse(decodeResult: success, version: HTTP/1.1)
HTTP/1.1 200 OK
Content-Type: application/json; charset=utf-8
cache-control: no-cache
content-length: 14

18:35:01.869 [AsyncHttpClient-1-3] DEBUG org.asynchttpclient.netty.channel.ChannelManager - Adding key: http://localhost:56938 for channel [id: 0xc59d382e, L:/127.0.0.1:50076 - R:localhost/127.0.0.1:56938]
18:35:01.869 [Forwarding getCurrentUrl on session 1dd15390feb32c6e0832b49e91ba78b6 to remote] DEBUG org.asynchttpclient.netty.request.NettyRequestSender - Using pooled Channel '[id: 0xc59d382e, L:/127.0.0.1:50076 - R:localhost/127.0.0.1:56938]' for 'GET' to 'http://localhost:56938/session/1dd15390feb32c6e0832b49e91ba78b6/url'
18:35:01.869 [Forwarding getCurrentUrl on session 1dd15390feb32c6e0832b49e91ba78b6 to remote] DEBUG org.asynchttpclient.netty.request.NettyRequestSender - Using open Channel [id: 0xc59d382e, L:/127.0.0.1:50076 - R:localhost/127.0.0.1:56938] for GET '/session/1dd15390feb32c6e0832b49e91ba78b6/url'
18:35:01.914 [AsyncHttpClient-1-3] DEBUG org.asynchttpclient.netty.handler.HttpHandler - 

Request DefaultFullHttpRequest(decodeResult: success, version: HTTP/1.1, content: EmptyByteBufBE)
GET /session/1dd15390feb32c6e0832b49e91ba78b6/url HTTP/1.1
User-Agent: selenium/4.1.4 (java windows)
Cache-Control: no-cache
Content-Type: application/json; charset=utf-8
host: localhost:56938
accept: */*

Response DefaultHttpResponse(decodeResult: success, version: HTTP/1.1)
HTTP/1.1 200 OK
Content-Type: application/json; charset=utf-8
cache-control: no-cache
content-length: 60

18:35:01.914 [AsyncHttpClient-1-3] DEBUG org.asynchttpclient.netty.channel.ChannelManager - Adding key: http://localhost:56938 for channel [id: 0xc59d382e, L:/127.0.0.1:50076 - R:localhost/127.0.0.1:56938]
18:35:01.919 [Forwarding screenshot on session 1dd15390feb32c6e0832b49e91ba78b6 to remote] DEBUG org.asynchttpclient.netty.request.NettyRequestSender - Using pooled Channel '[id: 0xc59d382e, L:/127.0.0.1:50076 - R:localhost/127.0.0.1:56938]' for 'GET' to 'http://localhost:56938/session/1dd15390feb32c6e0832b49e91ba78b6/screenshot'
18:35:01.919 [Forwarding screenshot on session 1dd15390feb32c6e0832b49e91ba78b6 to remote] DEBUG org.asynchttpclient.netty.request.NettyRequestSender - Using open Channel [id: 0xc59d382e, L:/127.0.0.1:50076 - R:localhost/127.0.0.1:56938] for GET '/session/1dd15390feb32c6e0832b49e91ba78b6/screenshot'
18:35:01.944 [AsyncHttpClient-1-1] DEBUG org.asynchttpclient.netty.channel.DefaultChannelPool - Entry count for : http://localhost:50077 : 1
18:35:02.435 [AsyncHttpClient-1-3] DEBUG org.asynchttpclient.netty.handler.HttpHandler - 

Request DefaultFullHttpRequest(decodeResult: success, version: HTTP/1.1, content: EmptyByteBufBE)
GET /session/1dd15390feb32c6e0832b49e91ba78b6/screenshot HTTP/1.1
User-Agent: selenium/4.1.4 (java windows)
Cache-Control: no-cache
Content-Type: application/json; charset=utf-8
host: localhost:56938
accept: */*

Response DefaultHttpResponse(decodeResult: success, version: HTTP/1.1)
HTTP/1.1 200 OK
Content-Type: application/json; charset=utf-8
cache-control: no-cache
content-length: 380436

18:35:02.435 [AsyncHttpClient-1-3] DEBUG org.asynchttpclient.netty.channel.ChannelManager - Adding key: http://localhost:56938 for channel [id: 0xc59d382e, L:/127.0.0.1:50076 - R:localhost/127.0.0.1:56938]
18:35:02.451 [main] DEBUG net.serenitybdd.core.photography.Darkroom - Send negative for processing for target\site\serenity\d122c364c40ece9db0ad32cd97c3fcf63e95ba606118dda8d3e5a1d2b8235ce2.png
18:35:02.451 [main] DEBUG net.thucydides.core.steps.StepInterceptor - STEP DONE: openLogin
  &amp#27;[32mGiven &amp#27;[0m&amp#27;[32mOpen login page&amp#27;[0m                                                              &amp#27;[90m# starter.stepdefinitios.LoginSteps.openLoginPage()&amp#27;[0m
18:35:02.968 [Forwarding findElement on session 1dd15390feb32c6e0832b49e91ba78b6 to remote] DEBUG org.asynchttpclient.netty.request.NettyRequestSender - Using pooled Channel '[id: 0xc59d382e, L:/127.0.0.1:50076 - R:localhost/127.0.0.1:56938]' for 'POST' to 'http://localhost:56938/session/1dd15390feb32c6e0832b49e91ba78b6/element'
18:35:02.968 [Forwarding findElement on session 1dd15390feb32c6e0832b49e91ba78b6 to remote] DEBUG org.asynchttpclient.netty.request.NettyRequestSender - Using open Channel [id: 0xc59d382e, L:/127.0.0.1:50076 - R:localhost/127.0.0.1:56938] for POST '/session/1dd15390feb32c6e0832b49e91ba78b6/element'
18:35:02.991 [AsyncHttpClient-1-3] DEBUG org.asynchttpclient.netty.handler.HttpHandler - 

Request DefaultHttpRequest(decodeResult: success, version: HTTP/1.1)
POST /session/1dd15390feb32c6e0832b49e91ba78b6/element HTTP/1.1
User-Agent: selenium/4.1.4 (java windows)
Content-Length: 70
Content-Type: application/json; charset=utf-8
host: localhost:56938
accept: */*

Response DefaultHttpResponse(decodeResult: success, version: HTTP/1.1)
HTTP/1.1 200 OK
Content-Type: application/json; charset=utf-8
cache-control: no-cache
content-length: 88

18:35:02.991 [AsyncHttpClient-1-3] DEBUG org.asynchttpclient.netty.channel.ChannelManager - Adding key: http://localhost:56938 for channel [id: 0xc59d382e, L:/127.0.0.1:50076 - R:localhost/127.0.0.1:56938]
18:35:02.992 [Forwarding sendKeysToElement on session 1dd15390feb32c6e0832b49e91ba78b6 to remote] DEBUG org.asynchttpclient.netty.request.NettyRequestSender - Using pooled Channel '[id: 0xc59d382e, L:/127.0.0.1:50076 - R:localhost/127.0.0.1:56938]' for 'POST' to 'http://localhost:56938/session/1dd15390feb32c6e0832b49e91ba78b6/element/5d9fbbc2-71ce-4a46-a914-dc5b23fbb779/value'
18:35:02.992 [Forwarding sendKeysToElement on session 1dd15390feb32c6e0832b49e91ba78b6 to remote] DEBUG org.asynchttpclient.netty.request.NettyRequestSender - Using open Channel [id: 0xc59d382e, L:/127.0.0.1:50076 - R:localhost/127.0.0.1:56938] for POST '/session/1dd15390feb32c6e0832b49e91ba78b6/element/5d9fbbc2-71ce-4a46-a914-dc5b23fbb779/value'
18:35:03.049 [AsyncHttpClient-1-1] DEBUG org.asynchttpclient.netty.channel.DefaultChannelPool - Entry count for : http://localhost:50077 : 1
18:35:03.091 [AsyncHttpClient-1-3] DEBUG org.asynchttpclient.netty.handler.HttpHandler - 

Request DefaultHttpRequest(decodeResult: success, version: HTTP/1.1)
POST /session/1dd15390feb32c6e0832b49e91ba78b6/element/5d9fbbc2-71ce-4a46-a914-dc5b23fbb779/value HTTP/1.1
User-Agent: selenium/4.1.4 (java windows)
Content-Length: 131
Content-Type: application/json; charset=utf-8
host: localhost:56938
accept: */*

Response DefaultHttpResponse(decodeResult: success, version: HTTP/1.1)
HTTP/1.1 200 OK
Content-Type: application/json; charset=utf-8
cache-control: no-cache
content-length: 14

18:35:03.091 [AsyncHttpClient-1-3] DEBUG org.asynchttpclient.netty.channel.ChannelManager - Adding key: http://localhost:56938 for channel [id: 0xc59d382e, L:/127.0.0.1:50076 - R:localhost/127.0.0.1:56938]
  &amp#27;[32mAnd &amp#27;[0m&amp#27;[32mI input &amp#27;[0m&amp#27;[32m&amp#27;[1m"admin"&amp#27;[0m&amp#27;[32m login email valid&amp#27;[0m                                              &amp#27;[90m# starter.stepdefinitios.LoginSteps.iInputLoginEmailValid(java.lang.String)&amp#27;[0m
18:35:03.094 [Forwarding screenshot on session 1dd15390feb32c6e0832b49e91ba78b6 to remote] DEBUG org.asynchttpclient.netty.request.NettyRequestSender - Using pooled Channel '[id: 0xc59d382e, L:/127.0.0.1:50076 - R:localhost/127.0.0.1:56938]' for 'GET' to 'http://localhost:56938/session/1dd15390feb32c6e0832b49e91ba78b6/screenshot'
18:35:03.094 [Forwarding screenshot on session 1dd15390feb32c6e0832b49e91ba78b6 to remote] DEBUG org.asynchttpclient.netty.request.NettyRequestSender - Using open Channel [id: 0xc59d382e, L:/127.0.0.1:50076 - R:localhost/127.0.0.1:56938] for GET '/session/1dd15390feb32c6e0832b49e91ba78b6/screenshot'
18:35:03.364 [AsyncHttpClient-1-3] DEBUG org.asynchttpclient.netty.handler.HttpHandler - 

Request DefaultFullHttpRequest(decodeResult: success, version: HTTP/1.1, content: EmptyByteBufBE)
GET /session/1dd15390feb32c6e0832b49e91ba78b6/screenshot HTTP/1.1
User-Agent: selenium/4.1.4 (java windows)
Cache-Control: no-cache
Content-Type: application/json; charset=utf-8
host: localhost:56938
accept: */*

Response DefaultHttpResponse(decodeResult: success, version: HTTP/1.1)
HTTP/1.1 200 OK
Content-Type: application/json; charset=utf-8
cache-control: no-cache
content-length: 379420

18:35:03.364 [AsyncHttpClient-1-3] DEBUG org.asynchttpclient.netty.channel.ChannelManager - Adding key: http://localhost:56938 for channel [id: 0xc59d382e, L:/127.0.0.1:50076 - R:localhost/127.0.0.1:56938]
18:35:03.371 [main] DEBUG net.serenitybdd.core.photography.Darkroom - Send negative for processing for target\site\serenity\93df20195d3751dea78ac30a105f84d37c410e0341f58ded6fb231b5b47402e6.png
18:35:03.894 [Forwarding screenshot on session 1dd15390feb32c6e0832b49e91ba78b6 to remote] DEBUG org.asynchttpclient.netty.request.NettyRequestSender - Using pooled Channel '[id: 0xc59d382e, L:/127.0.0.1:50076 - R:localhost/127.0.0.1:56938]' for 'GET' to 'http://localhost:56938/session/1dd15390feb32c6e0832b49e91ba78b6/screenshot'
18:35:03.894 [Forwarding screenshot on session 1dd15390feb32c6e0832b49e91ba78b6 to remote] DEBUG org.asynchttpclient.netty.request.NettyRequestSender - Using open Channel [id: 0xc59d382e, L:/127.0.0.1:50076 - R:localhost/127.0.0.1:56938] for GET '/session/1dd15390feb32c6e0832b49e91ba78b6/screenshot'
18:35:04.136 [AsyncHttpClient-1-1] DEBUG org.asynchttpclient.netty.channel.DefaultChannelPool - Entry count for : http://localhost:50077 : 1
18:35:04.140 [AsyncHttpClient-1-3] DEBUG org.asynchttpclient.netty.handler.HttpHandler - 

Request DefaultFullHttpRequest(decodeResult: success, version: HTTP/1.1, content: EmptyByteBufBE)
GET /session/1dd15390feb32c6e0832b49e91ba78b6/screenshot HTTP/1.1
User-Agent: selenium/4.1.4 (java windows)
Cache-Control: no-cache
Content-Type: application/json; charset=utf-8
host: localhost:56938
accept: */*

Response DefaultHttpResponse(decodeResult: success, version: HTTP/1.1)
HTTP/1.1 200 OK
Content-Type: application/json; charset=utf-8
cache-control: no-cache
content-length: 379404

18:35:04.140 [AsyncHttpClient-1-3] DEBUG org.asynchttpclient.netty.channel.ChannelManager - Adding key: http://localhost:56938 for channel [id: 0xc59d382e, L:/127.0.0.1:50076 - R:localhost/127.0.0.1:56938]
18:35:04.145 [main] DEBUG net.serenitybdd.core.photography.Darkroom - Send negative for processing for target\site\serenity\f684e1524ced0278b0b6c6b37709a7cbfb8281aeb576b04a4743fda17448b798.png
18:35:04.145 [main] DEBUG net.thucydides.core.steps.StepInterceptor - STARTING STEP: LoginSteps.iInputLoginPasswordValid - inputPasswordLogin
18:35:04.155 [Forwarding findElement on session 1dd15390feb32c6e0832b49e91ba78b6 to remote] DEBUG org.asynchttpclient.netty.request.NettyRequestSender - Using pooled Channel '[id: 0xc59d382e, L:/127.0.0.1:50076 - R:localhost/127.0.0.1:56938]' for 'POST' to 'http://localhost:56938/session/1dd15390feb32c6e0832b49e91ba78b6/element'
18:35:04.155 [Forwarding findElement on session 1dd15390feb32c6e0832b49e91ba78b6 to remote] DEBUG org.asynchttpclient.netty.request.NettyRequestSender - Using open Channel [id: 0xc59d382e, L:/127.0.0.1:50076 - R:localhost/127.0.0.1:56938] for POST '/session/1dd15390feb32c6e0832b49e91ba78b6/element'
18:35:04.169 [AsyncHttpClient-1-3] DEBUG org.asynchttpclient.netty.handler.HttpHandler - 

Request DefaultHttpRequest(decodeResult: success, version: HTTP/1.1)
POST /session/1dd15390feb32c6e0832b49e91ba78b6/element HTTP/1.1
User-Agent: selenium/4.1.4 (java windows)
Content-Length: 70
Content-Type: application/json; charset=utf-8
host: localhost:56938
accept: */*

Response DefaultHttpResponse(decodeResult: success, version: HTTP/1.1)
HTTP/1.1 200 OK
Content-Type: application/json; charset=utf-8
cache-control: no-cache
content-length: 88

18:35:04.169 [AsyncHttpClient-1-3] DEBUG org.asynchttpclient.netty.channel.ChannelManager - Adding key: http://localhost:56938 for channel [id: 0xc59d382e, L:/127.0.0.1:50076 - R:localhost/127.0.0.1:56938]
18:35:04.171 [Forwarding sendKeysToElement on session 1dd15390feb32c6e0832b49e91ba78b6 to remote] DEBUG org.asynchttpclient.netty.request.NettyRequestSender - Using pooled Channel '[id: 0xc59d382e, L:/127.0.0.1:50076 - R:localhost/127.0.0.1:56938]' for 'POST' to 'http://localhost:56938/session/1dd15390feb32c6e0832b49e91ba78b6/element/b3e480ce-14a4-4fb9-b911-c4ca31387468/value'
18:35:04.171 [Forwarding sendKeysToElement on session 1dd15390feb32c6e0832b49e91ba78b6 to remote] DEBUG org.asynchttpclient.netty.request.NettyRequestSender - Using open Channel [id: 0xc59d382e, L:/127.0.0.1:50076 - R:localhost/127.0.0.1:56938] for POST '/session/1dd15390feb32c6e0832b49e91ba78b6/element/b3e480ce-14a4-4fb9-b911-c4ca31387468/value'
18:35:04.247 [AsyncHttpClient-1-3] DEBUG org.asynchttpclient.netty.handler.HttpHandler - 

Request DefaultHttpRequest(decodeResult: success, version: HTTP/1.1)
POST /session/1dd15390feb32c6e0832b49e91ba78b6/element/b3e480ce-14a4-4fb9-b911-c4ca31387468/value HTTP/1.1
User-Agent: selenium/4.1.4 (java windows)
Content-Length: 161
Content-Type: application/json; charset=utf-8
host: localhost:56938
accept: */*

Response DefaultHttpResponse(decodeResult: success, version: HTTP/1.1)
HTTP/1.1 200 OK
Content-Type: application/json; charset=utf-8
cache-control: no-cache
content-length: 14

18:35:04.247 [AsyncHttpClient-1-3] DEBUG org.asynchttpclient.netty.channel.ChannelManager - Adding key: http://localhost:56938 for channel [id: 0xc59d382e, L:/127.0.0.1:50076 - R:localhost/127.0.0.1:56938]
18:35:04.251 [Forwarding screenshot on session 1dd15390feb32c6e0832b49e91ba78b6 to remote] DEBUG org.asynchttpclient.netty.request.NettyRequestSender - Using pooled Channel '[id: 0xc59d382e, L:/127.0.0.1:50076 - R:localhost/127.0.0.1:56938]' for 'GET' to 'http://localhost:56938/session/1dd15390feb32c6e0832b49e91ba78b6/screenshot'
18:35:04.251 [Forwarding screenshot on session 1dd15390feb32c6e0832b49e91ba78b6 to remote] DEBUG org.asynchttpclient.netty.request.NettyRequestSender - Using open Channel [id: 0xc59d382e, L:/127.0.0.1:50076 - R:localhost/127.0.0.1:56938] for GET '/session/1dd15390feb32c6e0832b49e91ba78b6/screenshot'
18:35:04.504 [AsyncHttpClient-1-3] DEBUG org.asynchttpclient.netty.handler.HttpHandler - 

Request DefaultFullHttpRequest(decodeResult: success, version: HTTP/1.1, content: EmptyByteBufBE)
GET /session/1dd15390feb32c6e0832b49e91ba78b6/screenshot HTTP/1.1
User-Agent: selenium/4.1.4 (java windows)
Cache-Control: no-cache
Content-Type: application/json; charset=utf-8
host: localhost:56938
accept: */*

Response DefaultHttpResponse(decodeResult: success, version: HTTP/1.1)
HTTP/1.1 200 OK
Content-Type: application/json; charset=utf-8
cache-control: no-cache
content-length: 377580

18:35:04.504 [AsyncHttpClient-1-3] DEBUG org.asynchttpclient.netty.channel.ChannelManager - Adding key: http://localhost:56938 for channel [id: 0xc59d382e, L:/127.0.0.1:50076 - R:localhost/127.0.0.1:56938]
18:35:04.524 [main] DEBUG net.serenitybdd.core.photography.Darkroom - Send negative for processing for target\site\serenity\44fa0aa493cf3a3837a7fab79c30bded8f584eda85d2cfd055a7ef5b4e3f0a4a.png
18:35:04.524 [main] DEBUG net.thucydides.core.steps.StepInterceptor - STEP DONE: inputPasswordLogin
  &amp#27;[32mAnd &amp#27;[0m&amp#27;[32mI input &amp#27;[0m&amp#27;[32m&amp#27;[1m"admin123"&amp#27;[0m&amp#27;[32m login password valid&amp#27;[0m                                        &amp#27;[90m# starter.stepdefinitios.LoginSteps.iInputLoginPasswordValid(java.lang.String)&amp#27;[0m
18:35:04.540 [main] DEBUG net.thucydides.core.steps.StepInterceptor - STARTING STEP: LoginSteps.iClickButtonLogin - clickButtonLogin
18:35:04.543 [Forwarding findElement on session 1dd15390feb32c6e0832b49e91ba78b6 to remote] DEBUG org.asynchttpclient.netty.request.NettyRequestSender - Using pooled Channel '[id: 0xc59d382e, L:/127.0.0.1:50076 - R:localhost/127.0.0.1:56938]' for 'POST' to 'http://localhost:56938/session/1dd15390feb32c6e0832b49e91ba78b6/element'
18:35:04.543 [Forwarding findElement on session 1dd15390feb32c6e0832b49e91ba78b6 to remote] DEBUG org.asynchttpclient.netty.request.NettyRequestSender - Using open Channel [id: 0xc59d382e, L:/127.0.0.1:50076 - R:localhost/127.0.0.1:56938] for POST '/session/1dd15390feb32c6e0832b49e91ba78b6/element'
18:35:04.555 [AsyncHttpClient-1-3] DEBUG org.asynchttpclient.netty.handler.HttpHandler - 

Request DefaultHttpRequest(decodeResult: success, version: HTTP/1.1)
POST /session/1dd15390feb32c6e0832b49e91ba78b6/element HTTP/1.1
User-Agent: selenium/4.1.4 (java windows)
Content-Length: 68
Content-Type: application/json; charset=utf-8
host: localhost:56938
accept: */*

Response DefaultHttpResponse(decodeResult: success, version: HTTP/1.1)
HTTP/1.1 200 OK
Content-Type: application/json; charset=utf-8
cache-control: no-cache
content-length: 88

18:35:04.555 [AsyncHttpClient-1-3] DEBUG org.asynchttpclient.netty.channel.ChannelManager - Adding key: http://localhost:56938 for channel [id: 0xc59d382e, L:/127.0.0.1:50076 - R:localhost/127.0.0.1:56938]
18:35:04.556 [Forwarding getElementTagName on session 1dd15390feb32c6e0832b49e91ba78b6 to remote] DEBUG org.asynchttpclient.netty.request.NettyRequestSender - Using pooled Channel '[id: 0xc59d382e, L:/127.0.0.1:50076 - R:localhost/127.0.0.1:56938]' for 'GET' to 'http://localhost:56938/session/1dd15390feb32c6e0832b49e91ba78b6/element/bc4e52ec-e10c-4ba5-a0d2-0930290fcf62/name'
18:35:04.557 [Forwarding getElementTagName on session 1dd15390feb32c6e0832b49e91ba78b6 to remote] DEBUG org.asynchttpclient.netty.request.NettyRequestSender - Using open Channel [id: 0xc59d382e, L:/127.0.0.1:50076 - R:localhost/127.0.0.1:56938] for GET '/session/1dd15390feb32c6e0832b49e91ba78b6/element/bc4e52ec-e10c-4ba5-a0d2-0930290fcf62/name'
18:35:04.560 [AsyncHttpClient-1-3] DEBUG org.asynchttpclient.netty.handler.HttpHandler - 

Request DefaultFullHttpRequest(decodeResult: success, version: HTTP/1.1, content: EmptyByteBufBE)
GET /session/1dd15390feb32c6e0832b49e91ba78b6/element/bc4e52ec-e10c-4ba5-a0d2-0930290fcf62/name HTTP/1.1
User-Agent: selenium/4.1.4 (java windows)
Cache-Control: no-cache
Content-Type: application/json; charset=utf-8
host: localhost:56938
accept: */*

Response DefaultHttpResponse(decodeResult: success, version: HTTP/1.1)
HTTP/1.1 200 OK
Content-Type: application/json; charset=utf-8
cache-control: no-cache
content-length: 18

18:35:04.560 [AsyncHttpClient-1-3] DEBUG org.asynchttpclient.netty.channel.ChannelManager - Adding key: http://localhost:56938 for channel [id: 0xc59d382e, L:/127.0.0.1:50076 - R:localhost/127.0.0.1:56938]
18:35:04.561 [Forwarding getElementTagName on session 1dd15390feb32c6e0832b49e91ba78b6 to remote] DEBUG org.asynchttpclient.netty.request.NettyRequestSender - Using pooled Channel '[id: 0xc59d382e, L:/127.0.0.1:50076 - R:localhost/127.0.0.1:56938]' for 'GET' to 'http://localhost:56938/session/1dd15390feb32c6e0832b49e91ba78b6/element/bc4e52ec-e10c-4ba5-a0d2-0930290fcf62/name'
18:35:04.561 [Forwarding getElementTagName on session 1dd15390feb32c6e0832b49e91ba78b6 to remote] DEBUG org.asynchttpclient.netty.request.NettyRequestSender - Using open Channel [id: 0xc59d382e, L:/127.0.0.1:50076 - R:localhost/127.0.0.1:56938] for GET '/session/1dd15390feb32c6e0832b49e91ba78b6/element/bc4e52ec-e10c-4ba5-a0d2-0930290fcf62/name'
18:35:04.564 [AsyncHttpClient-1-3] DEBUG org.asynchttpclient.netty.handler.HttpHandler - 

Request DefaultFullHttpRequest(decodeResult: success, version: HTTP/1.1, content: EmptyByteBufBE)
GET /session/1dd15390feb32c6e0832b49e91ba78b6/element/bc4e52ec-e10c-4ba5-a0d2-0930290fcf62/name HTTP/1.1
User-Agent: selenium/4.1.4 (java windows)
Cache-Control: no-cache
Content-Type: application/json; charset=utf-8
host: localhost:56938
accept: */*

Response DefaultHttpResponse(decodeResult: success, version: HTTP/1.1)
HTTP/1.1 200 OK
Content-Type: application/json; charset=utf-8
cache-control: no-cache
content-length: 18

18:35:04.564 [AsyncHttpClient-1-3] DEBUG org.asynchttpclient.netty.channel.ChannelManager - Adding key: http://localhost:56938 for channel [id: 0xc59d382e, L:/127.0.0.1:50076 - R:localhost/127.0.0.1:56938]
18:35:04.566 [Forwarding isElementEnabled on session 1dd15390feb32c6e0832b49e91ba78b6 to remote] DEBUG org.asynchttpclient.netty.request.NettyRequestSender - Using pooled Channel '[id: 0xc59d382e, L:/127.0.0.1:50076 - R:localhost/127.0.0.1:56938]' for 'GET' to 'http://localhost:56938/session/1dd15390feb32c6e0832b49e91ba78b6/element/bc4e52ec-e10c-4ba5-a0d2-0930290fcf62/enabled'
18:35:04.566 [Forwarding isElementEnabled on session 1dd15390feb32c6e0832b49e91ba78b6 to remote] DEBUG org.asynchttpclient.netty.request.NettyRequestSender - Using open Channel [id: 0xc59d382e, L:/127.0.0.1:50076 - R:localhost/127.0.0.1:56938] for GET '/session/1dd15390feb32c6e0832b49e91ba78b6/element/bc4e52ec-e10c-4ba5-a0d2-0930290fcf62/enabled'
18:35:04.574 [AsyncHttpClient-1-3] DEBUG org.asynchttpclient.netty.handler.HttpHandler - 

Request DefaultFullHttpRequest(decodeResult: success, version: HTTP/1.1, content: EmptyByteBufBE)
GET /session/1dd15390feb32c6e0832b49e91ba78b6/element/bc4e52ec-e10c-4ba5-a0d2-0930290fcf62/enabled HTTP/1.1
User-Agent: selenium/4.1.4 (java windows)
Cache-Control: no-cache
Content-Type: application/json; charset=utf-8
host: localhost:56938
accept: */*

Response DefaultHttpResponse(decodeResult: success, version: HTTP/1.1)
HTTP/1.1 200 OK
Content-Type: application/json; charset=utf-8
cache-control: no-cache
content-length: 14

18:35:04.574 [AsyncHttpClient-1-3] DEBUG org.asynchttpclient.netty.channel.ChannelManager - Adding key: http://localhost:56938 for channel [id: 0xc59d382e, L:/127.0.0.1:50076 - R:localhost/127.0.0.1:56938]
18:35:04.575 [Forwarding isElementEnabled on session 1dd15390feb32c6e0832b49e91ba78b6 to remote] DEBUG org.asynchttpclient.netty.request.NettyRequestSender - Using pooled Channel '[id: 0xc59d382e, L:/127.0.0.1:50076 - R:localhost/127.0.0.1:56938]' for 'GET' to 'http://localhost:56938/session/1dd15390feb32c6e0832b49e91ba78b6/element/bc4e52ec-e10c-4ba5-a0d2-0930290fcf62/enabled'
18:35:04.575 [Forwarding isElementEnabled on session 1dd15390feb32c6e0832b49e91ba78b6 to remote] DEBUG org.asynchttpclient.netty.request.NettyRequestSender - Using open Channel [id: 0xc59d382e, L:/127.0.0.1:50076 - R:localhost/127.0.0.1:56938] for GET '/session/1dd15390feb32c6e0832b49e91ba78b6/element/bc4e52ec-e10c-4ba5-a0d2-0930290fcf62/enabled'
18:35:04.589 [AsyncHttpClient-1-3] DEBUG org.asynchttpclient.netty.handler.HttpHandler - 

Request DefaultFullHttpRequest(decodeResult: success, version: HTTP/1.1, content: EmptyByteBufBE)
GET /session/1dd15390feb32c6e0832b49e91ba78b6/element/bc4e52ec-e10c-4ba5-a0d2-0930290fcf62/enabled HTTP/1.1
User-Agent: selenium/4.1.4 (java windows)
Cache-Control: no-cache
Content-Type: application/json; charset=utf-8
host: localhost:56938
accept: */*

Response DefaultHttpResponse(decodeResult: success, version: HTTP/1.1)
HTTP/1.1 200 OK
Content-Type: application/json; charset=utf-8
cache-control: no-cache
content-length: 14

18:35:04.589 [AsyncHttpClient-1-3] DEBUG org.asynchttpclient.netty.channel.ChannelManager - Adding key: http://localhost:56938 for channel [id: 0xc59d382e, L:/127.0.0.1:50076 - R:localhost/127.0.0.1:56938]
18:35:04.591 [Forwarding findElement on session 1dd15390feb32c6e0832b49e91ba78b6 to remote] DEBUG org.asynchttpclient.netty.request.NettyRequestSender - Using pooled Channel '[id: 0xc59d382e, L:/127.0.0.1:50076 - R:localhost/127.0.0.1:56938]' for 'POST' to 'http://localhost:56938/session/1dd15390feb32c6e0832b49e91ba78b6/element'
18:35:04.591 [Forwarding findElement on session 1dd15390feb32c6e0832b49e91ba78b6 to remote] DEBUG org.asynchttpclient.netty.request.NettyRequestSender - Using open Channel [id: 0xc59d382e, L:/127.0.0.1:50076 - R:localhost/127.0.0.1:56938] for POST '/session/1dd15390feb32c6e0832b49e91ba78b6/element'
18:35:04.614 [AsyncHttpClient-1-3] DEBUG org.asynchttpclient.netty.handler.HttpHandler - 

Request DefaultHttpRequest(decodeResult: success, version: HTTP/1.1)
POST /session/1dd15390feb32c6e0832b49e91ba78b6/element HTTP/1.1
User-Agent: selenium/4.1.4 (java windows)
Content-Length: 68
Content-Type: application/json; charset=utf-8
host: localhost:56938
accept: */*

Response DefaultHttpResponse(decodeResult: success, version: HTTP/1.1)
HTTP/1.1 200 OK
Content-Type: application/json; charset=utf-8
cache-control: no-cache
content-length: 88

18:35:04.614 [AsyncHttpClient-1-3] DEBUG org.asynchttpclient.netty.channel.ChannelManager - Adding key: http://localhost:56938 for channel [id: 0xc59d382e, L:/127.0.0.1:50076 - R:localhost/127.0.0.1:56938]
18:35:04.614 [Forwarding clickElement on session 1dd15390feb32c6e0832b49e91ba78b6 to remote] DEBUG org.asynchttpclient.netty.request.NettyRequestSender - Using pooled Channel '[id: 0xc59d382e, L:/127.0.0.1:50076 - R:localhost/127.0.0.1:56938]' for 'POST' to 'http://localhost:56938/session/1dd15390feb32c6e0832b49e91ba78b6/element/bc4e52ec-e10c-4ba5-a0d2-0930290fcf62/click'
18:35:04.614 [Forwarding clickElement on session 1dd15390feb32c6e0832b49e91ba78b6 to remote] DEBUG org.asynchttpclient.netty.request.NettyRequestSender - Using open Channel [id: 0xc59d382e, L:/127.0.0.1:50076 - R:localhost/127.0.0.1:56938] for POST '/session/1dd15390feb32c6e0832b49e91ba78b6/element/bc4e52ec-e10c-4ba5-a0d2-0930290fcf62/click'
18:35:04.682 [AsyncHttpClient-1-3] DEBUG org.asynchttpclient.netty.handler.HttpHandler - 

Request DefaultHttpRequest(decodeResult: success, version: HTTP/1.1)
POST /session/1dd15390feb32c6e0832b49e91ba78b6/element/bc4e52ec-e10c-4ba5-a0d2-0930290fcf62/click HTTP/1.1
User-Agent: selenium/4.1.4 (java windows)
Content-Length: 50
Content-Type: application/json; charset=utf-8
host: localhost:56938
accept: */*

Response DefaultHttpResponse(decodeResult: success, version: HTTP/1.1)
HTTP/1.1 200 OK
Content-Type: application/json; charset=utf-8
cache-control: no-cache
content-length: 14

18:35:04.682 [AsyncHttpClient-1-3] DEBUG org.asynchttpclient.netty.channel.ChannelManager - Adding key: http://localhost:56938 for channel [id: 0xc59d382e, L:/127.0.0.1:50076 - R:localhost/127.0.0.1:56938]
18:35:04.690 [Forwarding screenshot on session 1dd15390feb32c6e0832b49e91ba78b6 to remote] DEBUG org.asynchttpclient.netty.request.NettyRequestSender - Using pooled Channel '[id: 0xc59d382e, L:/127.0.0.1:50076 - R:localhost/127.0.0.1:56938]' for 'GET' to 'http://localhost:56938/session/1dd15390feb32c6e0832b49e91ba78b6/screenshot'
18:35:04.690 [Forwarding screenshot on session 1dd15390feb32c6e0832b49e91ba78b6 to remote] DEBUG org.asynchttpclient.netty.request.NettyRequestSender - Using open Channel [id: 0xc59d382e, L:/127.0.0.1:50076 - R:localhost/127.0.0.1:56938] for GET '/session/1dd15390feb32c6e0832b49e91ba78b6/screenshot'
18:35:04.954 [AsyncHttpClient-1-3] DEBUG org.asynchttpclient.netty.handler.HttpHandler - 

Request DefaultFullHttpRequest(decodeResult: success, version: HTTP/1.1, content: EmptyByteBufBE)
GET /session/1dd15390feb32c6e0832b49e91ba78b6/screenshot HTTP/1.1
User-Agent: selenium/4.1.4 (java windows)
Cache-Control: no-cache
Content-Type: application/json; charset=utf-8
host: localhost:56938
accept: */*

Response DefaultHttpResponse(decodeResult: success, version: HTTP/1.1)
HTTP/1.1 200 OK
Content-Type: application/json; charset=utf-8
cache-control: no-cache
content-length: 360764

18:35:04.955 [AsyncHttpClient-1-3] DEBUG org.asynchttpclient.netty.channel.ChannelManager - Adding key: http://localhost:56938 for channel [id: 0xc59d382e, L:/127.0.0.1:50076 - R:localhost/127.0.0.1:56938]
18:35:04.965 [main] DEBUG net.serenitybdd.core.photography.Darkroom - Send negative for processing for target\site\serenity\a00791e7a4942da0f50d6d1cbd6e1eae663d35794cde955f42c068a726d16e94.png
18:35:04.966 [main] DEBUG net.thucydides.core.steps.StepInterceptor - STEP DONE: clickButtonLogin
18:35:05.236 [AsyncHttpClient-1-1] DEBUG org.asynchttpclient.netty.channel.DefaultChannelPool - Entry count for : http://localhost:56938 : 1
18:35:05.236 [AsyncHttpClient-1-1] DEBUG org.asynchttpclient.netty.channel.DefaultChannelPool - Entry count for : http://localhost:50077 : 1
  &amp#27;[32mAnd &amp#27;[0m&amp#27;[32mI click button login&amp#27;[0m                                                           &amp#27;[90m# starter.stepdefinitios.LoginSteps.iClickButtonLogin()&amp#27;[0m
18:35:05.974 [Forwarding screenshot on session 1dd15390feb32c6e0832b49e91ba78b6 to remote] DEBUG org.asynchttpclient.netty.request.NettyRequestSender - Using pooled Channel '[id: 0xc59d382e, L:/127.0.0.1:50076 - R:localhost/127.0.0.1:56938]' for 'GET' to 'http://localhost:56938/session/1dd15390feb32c6e0832b49e91ba78b6/screenshot'
18:35:05.974 [Forwarding screenshot on session 1dd15390feb32c6e0832b49e91ba78b6 to remote] DEBUG org.asynchttpclient.netty.request.NettyRequestSender - Using open Channel [id: 0xc59d382e, L:/127.0.0.1:50076 - R:localhost/127.0.0.1:56938] for GET '/session/1dd15390feb32c6e0832b49e91ba78b6/screenshot'
18:35:06.247 [AsyncHttpClient-1-3] DEBUG org.asynchttpclient.netty.handler.HttpHandler - 

Request DefaultFullHttpRequest(decodeResult: success, version: HTTP/1.1, content: EmptyByteBufBE)
GET /session/1dd15390feb32c6e0832b49e91ba78b6/screenshot HTTP/1.1
User-Agent: selenium/4.1.4 (java windows)
Cache-Control: no-cache
Content-Type: application/json; charset=utf-8
host: localhost:56938
accept: */*

Response DefaultHttpResponse(decodeResult: success, version: HTTP/1.1)
HTTP/1.1 200 OK
Content-Type: application/json; charset=utf-8
cache-control: no-cache
content-length: 313180

18:35:06.249 [AsyncHttpClient-1-3] DEBUG org.asynchttpclient.netty.channel.ChannelManager - Adding key: http://localhost:56938 for channel [id: 0xc59d382e, L:/127.0.0.1:50076 - R:localhost/127.0.0.1:56938]
18:35:06.257 [main] DEBUG net.serenitybdd.core.photography.Darkroom - Send negative for processing for target\site\serenity\e059c88c6b54d9d0632a4600712c7653099a270d0f9f1a2f3440f99e6a20f53b.png
18:35:06.257 [Darkroom Processing Line] DEBUG net.serenitybdd.core.photography.DarkroomProcessingLine - Processing screenshot image in /var/screenshots/screenshot-9435403001131510535
18:35:06.257 [Darkroom Processing Line] DEBUG net.serenitybdd.core.photography.DarkroomProcessingLine - Saving screenshot to target\site\serenity\e059c88c6b54d9d0632a4600712c7653099a270d0f9f1a2f3440f99e6a20f53b.png
18:35:06.336 [AsyncHttpClient-1-1] DEBUG org.asynchttpclient.netty.channel.DefaultChannelPool - Entry count for : http://localhost:56938 : 1
18:35:06.336 [AsyncHttpClient-1-1] DEBUG org.asynchttpclient.netty.channel.DefaultChannelPool - Entry count for : http://localhost:50077 : 1
18:35:07.438 [AsyncHttpClient-1-1] DEBUG org.asynchttpclient.netty.channel.DefaultChannelPool - Entry count for : http://localhost:56938 : 1
18:35:07.438 [AsyncHttpClient-1-1] DEBUG org.asynchttpclient.netty.channel.DefaultChannelPool - Entry count for : http://localhost:50077 : 1
18:35:08.538 [AsyncHttpClient-1-1] DEBUG org.asynchttpclient.netty.channel.DefaultChannelPool - Entry count for : http://localhost:56938 : 1
18:35:08.538 [AsyncHttpClient-1-1] DEBUG org.asynchttpclient.netty.channel.DefaultChannelPool - Entry count for : http://localhost:50077 : 1
18:35:09.637 [AsyncHttpClient-1-1] DEBUG org.asynchttpclient.netty.channel.DefaultChannelPool - Entry count for : http://localhost:56938 : 1
18:35:09.637 [AsyncHttpClient-1-1] DEBUG org.asynchttpclient.netty.channel.DefaultChannelPool - Entry count for : http://localhost:50077 : 1
18:35:10.735 [AsyncHttpClient-1-1] DEBUG org.asynchttpclient.netty.channel.DefaultChannelPool - Entry count for : http://localhost:56938 : 1
18:35:10.735 [AsyncHttpClient-1-1] DEBUG org.asynchttpclient.netty.channel.DefaultChannelPool - Entry count for : http://localhost:50077 : 1
18:35:11.270 [Forwarding findElement on session 1dd15390feb32c6e0832b49e91ba78b6 to remote] DEBUG org.asynchttpclient.netty.request.NettyRequestSender - Using pooled Channel '[id: 0xc59d382e, L:/127.0.0.1:50076 - R:localhost/127.0.0.1:56938]' for 'POST' to 'http://localhost:56938/session/1dd15390feb32c6e0832b49e91ba78b6/element'
18:35:11.270 [Forwarding findElement on session 1dd15390feb32c6e0832b49e91ba78b6 to remote] DEBUG org.asynchttpclient.netty.request.NettyRequestSender - Using open Channel [id: 0xc59d382e, L:/127.0.0.1:50076 - R:localhost/127.0.0.1:56938] for POST '/session/1dd15390feb32c6e0832b49e91ba78b6/element'
18:35:11.287 [AsyncHttpClient-1-3] DEBUG org.asynchttpclient.netty.handler.HttpHandler - 

Request DefaultHttpRequest(decodeResult: success, version: HTTP/1.1)
POST /session/1dd15390feb32c6e0832b49e91ba78b6/element HTTP/1.1
User-Agent: selenium/4.1.4 (java windows)
Content-Length: 68
Content-Type: application/json; charset=utf-8
host: localhost:56938
accept: */*

Response DefaultHttpResponse(decodeResult: success, version: HTTP/1.1)
HTTP/1.1 200 OK
Content-Type: application/json; charset=utf-8
cache-control: no-cache
content-length: 88

18:35:11.287 [AsyncHttpClient-1-3] DEBUG org.asynchttpclient.netty.channel.ChannelManager - Adding key: http://localhost:56938 for channel [id: 0xc59d382e, L:/127.0.0.1:50076 - R:localhost/127.0.0.1:56938]
18:35:11.288 [Forwarding isElementEnabled on session 1dd15390feb32c6e0832b49e91ba78b6 to remote] DEBUG org.asynchttpclient.netty.request.NettyRequestSender - Using pooled Channel '[id: 0xc59d382e, L:/127.0.0.1:50076 - R:localhost/127.0.0.1:56938]' for 'GET' to 'http://localhost:56938/session/1dd15390feb32c6e0832b49e91ba78b6/element/820a2cca-5771-4a14-9156-4f576f17d576/enabled'
18:35:11.288 [Forwarding isElementEnabled on session 1dd15390feb32c6e0832b49e91ba78b6 to remote] DEBUG org.asynchttpclient.netty.request.NettyRequestSender - Using open Channel [id: 0xc59d382e, L:/127.0.0.1:50076 - R:localhost/127.0.0.1:56938] for GET '/session/1dd15390feb32c6e0832b49e91ba78b6/element/820a2cca-5771-4a14-9156-4f576f17d576/enabled'
18:35:11.298 [AsyncHttpClient-1-3] DEBUG org.asynchttpclient.netty.handler.HttpHandler - 

Request DefaultFullHttpRequest(decodeResult: success, version: HTTP/1.1, content: EmptyByteBufBE)
GET /session/1dd15390feb32c6e0832b49e91ba78b6/element/820a2cca-5771-4a14-9156-4f576f17d576/enabled HTTP/1.1
User-Agent: selenium/4.1.4 (java windows)
Cache-Control: no-cache
Content-Type: application/json; charset=utf-8
host: localhost:56938
accept: */*

Response DefaultHttpResponse(decodeResult: success, version: HTTP/1.1)
HTTP/1.1 200 OK
Content-Type: application/json; charset=utf-8
cache-control: no-cache
content-length: 14

18:35:11.298 [AsyncHttpClient-1-3] DEBUG org.asynchttpclient.netty.channel.ChannelManager - Adding key: http://localhost:56938 for channel [id: 0xc59d382e, L:/127.0.0.1:50076 - R:localhost/127.0.0.1:56938]
18:35:11.805 [Forwarding screenshot on session 1dd15390feb32c6e0832b49e91ba78b6 to remote] DEBUG org.asynchttpclient.netty.request.NettyRequestSender - Using pooled Channel '[id: 0xc59d382e, L:/127.0.0.1:50076 - R:localhost/127.0.0.1:56938]' for 'GET' to 'http://localhost:56938/session/1dd15390feb32c6e0832b49e91ba78b6/screenshot'
18:35:11.805 [Forwarding screenshot on session 1dd15390feb32c6e0832b49e91ba78b6 to remote] DEBUG org.asynchttpclient.netty.request.NettyRequestSender - Using open Channel [id: 0xc59d382e, L:/127.0.0.1:50076 - R:localhost/127.0.0.1:56938] for GET '/session/1dd15390feb32c6e0832b49e91ba78b6/screenshot'
18:35:11.835 [AsyncHttpClient-1-1] DEBUG org.asynchttpclient.netty.channel.DefaultChannelPool - Entry count for : http://localhost:50077 : 1
18:35:12.043 [AsyncHttpClient-1-3] DEBUG org.asynchttpclient.netty.handler.HttpHandler - 

Request DefaultFullHttpRequest(decodeResult: success, version: HTTP/1.1, content: EmptyByteBufBE)
GET /session/1dd15390feb32c6e0832b49e91ba78b6/screenshot HTTP/1.1
User-Agent: selenium/4.1.4 (java windows)
Cache-Control: no-cache
Content-Type: application/json; charset=utf-8
host: localhost:56938
accept: */*

Response DefaultHttpResponse(decodeResult: success, version: HTTP/1.1)
HTTP/1.1 200 OK
Content-Type: application/json; charset=utf-8
cache-control: no-cache
content-length: 301044

18:35:12.043 [AsyncHttpClient-1-3] DEBUG org.asynchttpclient.netty.channel.ChannelManager - Adding key: http://localhost:56938 for channel [id: 0xc59d382e, L:/127.0.0.1:50076 - R:localhost/127.0.0.1:56938]
18:35:12.053 [main] DEBUG net.serenitybdd.core.photography.Darkroom - Send negative for processing for target\site\serenity\163e386af0b12517552a74a3d5043b94e8c0f9215c0f21d464e3b04d27a0859d.png
18:35:12.061 [main] DEBUG net.thucydides.core.steps.StepInterceptor - STARTING STEP: LoginSteps.loginValidationInvalid - clickButtonErrorOK
18:35:12.063 [Forwarding findElement on session 1dd15390feb32c6e0832b49e91ba78b6 to remote] DEBUG org.asynchttpclient.netty.request.NettyRequestSender - Using pooled Channel '[id: 0xc59d382e, L:/127.0.0.1:50076 - R:localhost/127.0.0.1:56938]' for 'POST' to 'http://localhost:56938/session/1dd15390feb32c6e0832b49e91ba78b6/element'
18:35:12.063 [Forwarding findElement on session 1dd15390feb32c6e0832b49e91ba78b6 to remote] DEBUG org.asynchttpclient.netty.request.NettyRequestSender - Using open Channel [id: 0xc59d382e, L:/127.0.0.1:50076 - R:localhost/127.0.0.1:56938] for POST '/session/1dd15390feb32c6e0832b49e91ba78b6/element'
18:35:12.082 [AsyncHttpClient-1-3] DEBUG org.asynchttpclient.netty.handler.HttpHandler - 

Request DefaultHttpRequest(decodeResult: success, version: HTTP/1.1)
POST /session/1dd15390feb32c6e0832b49e91ba78b6/element HTTP/1.1
User-Agent: selenium/4.1.4 (java windows)
Content-Length: 88
Content-Type: application/json; charset=utf-8
host: localhost:56938
accept: */*

Response DefaultHttpResponse(decodeResult: success, version: HTTP/1.1)
HTTP/1.1 200 OK
Content-Type: application/json; charset=utf-8
cache-control: no-cache
content-length: 88

18:35:12.082 [AsyncHttpClient-1-3] DEBUG org.asynchttpclient.netty.channel.ChannelManager - Adding key: http://localhost:56938 for channel [id: 0xc59d382e, L:/127.0.0.1:50076 - R:localhost/127.0.0.1:56938]
18:35:12.083 [Forwarding getElementTagName on session 1dd15390feb32c6e0832b49e91ba78b6 to remote] DEBUG org.asynchttpclient.netty.request.NettyRequestSender - Using pooled Channel '[id: 0xc59d382e, L:/127.0.0.1:50076 - R:localhost/127.0.0.1:56938]' for 'GET' to 'http://localhost:56938/session/1dd15390feb32c6e0832b49e91ba78b6/element/bb992150-5698-49c6-8535-9f6d01ee41a6/name'
18:35:12.083 [Forwarding getElementTagName on session 1dd15390feb32c6e0832b49e91ba78b6 to remote] DEBUG org.asynchttpclient.netty.request.NettyRequestSender - Using open Channel [id: 0xc59d382e, L:/127.0.0.1:50076 - R:localhost/127.0.0.1:56938] for GET '/session/1dd15390feb32c6e0832b49e91ba78b6/element/bb992150-5698-49c6-8535-9f6d01ee41a6/name'
18:35:12.089 [AsyncHttpClient-1-3] DEBUG org.asynchttpclient.netty.handler.HttpHandler - 

Request DefaultFullHttpRequest(decodeResult: success, version: HTTP/1.1, content: EmptyByteBufBE)
GET /session/1dd15390feb32c6e0832b49e91ba78b6/element/bb992150-5698-49c6-8535-9f6d01ee41a6/name HTTP/1.1
User-Agent: selenium/4.1.4 (java windows)
Cache-Control: no-cache
Content-Type: application/json; charset=utf-8
host: localhost:56938
accept: */*

Response DefaultHttpResponse(decodeResult: success, version: HTTP/1.1)
HTTP/1.1 200 OK
Content-Type: application/json; charset=utf-8
cache-control: no-cache
content-length: 18

18:35:12.089 [AsyncHttpClient-1-3] DEBUG org.asynchttpclient.netty.channel.ChannelManager - Adding key: http://localhost:56938 for channel [id: 0xc59d382e, L:/127.0.0.1:50076 - R:localhost/127.0.0.1:56938]
18:35:12.090 [Forwarding getElementTagName on session 1dd15390feb32c6e0832b49e91ba78b6 to remote] DEBUG org.asynchttpclient.netty.request.NettyRequestSender - Using pooled Channel '[id: 0xc59d382e, L:/127.0.0.1:50076 - R:localhost/127.0.0.1:56938]' for 'GET' to 'http://localhost:56938/session/1dd15390feb32c6e0832b49e91ba78b6/element/bb992150-5698-49c6-8535-9f6d01ee41a6/name'
18:35:12.090 [Forwarding getElementTagName on session 1dd15390feb32c6e0832b49e91ba78b6 to remote] DEBUG org.asynchttpclient.netty.request.NettyRequestSender - Using open Channel [id: 0xc59d382e, L:/127.0.0.1:50076 - R:localhost/127.0.0.1:56938] for GET '/session/1dd15390feb32c6e0832b49e91ba78b6/element/bb992150-5698-49c6-8535-9f6d01ee41a6/name'
18:35:12.094 [AsyncHttpClient-1-3] DEBUG org.asynchttpclient.netty.handler.HttpHandler - 

Request DefaultFullHttpRequest(decodeResult: success, version: HTTP/1.1, content: EmptyByteBufBE)
GET /session/1dd15390feb32c6e0832b49e91ba78b6/element/bb992150-5698-49c6-8535-9f6d01ee41a6/name HTTP/1.1
User-Agent: selenium/4.1.4 (java windows)
Cache-Control: no-cache
Content-Type: application/json; charset=utf-8
host: localhost:56938
accept: */*

Response DefaultHttpResponse(decodeResult: success, version: HTTP/1.1)
HTTP/1.1 200 OK
Content-Type: application/json; charset=utf-8
cache-control: no-cache
content-length: 18

18:35:12.095 [AsyncHttpClient-1-3] DEBUG org.asynchttpclient.netty.channel.ChannelManager - Adding key: http://localhost:56938 for channel [id: 0xc59d382e, L:/127.0.0.1:50076 - R:localhost/127.0.0.1:56938]
18:35:12.097 [Forwarding isElementEnabled on session 1dd15390feb32c6e0832b49e91ba78b6 to remote] DEBUG org.asynchttpclient.netty.request.NettyRequestSender - Using pooled Channel '[id: 0xc59d382e, L:/127.0.0.1:50076 - R:localhost/127.0.0.1:56938]' for 'GET' to 'http://localhost:56938/session/1dd15390feb32c6e0832b49e91ba78b6/element/bb992150-5698-49c6-8535-9f6d01ee41a6/enabled'
18:35:12.097 [Forwarding isElementEnabled on session 1dd15390feb32c6e0832b49e91ba78b6 to remote] DEBUG org.asynchttpclient.netty.request.NettyRequestSender - Using open Channel [id: 0xc59d382e, L:/127.0.0.1:50076 - R:localhost/127.0.0.1:56938] for GET '/session/1dd15390feb32c6e0832b49e91ba78b6/element/bb992150-5698-49c6-8535-9f6d01ee41a6/enabled'
18:35:12.112 [AsyncHttpClient-1-3] DEBUG org.asynchttpclient.netty.handler.HttpHandler - 

Request DefaultFullHttpRequest(decodeResult: success, version: HTTP/1.1, content: EmptyByteBufBE)
GET /session/1dd15390feb32c6e0832b49e91ba78b6/element/bb992150-5698-49c6-8535-9f6d01ee41a6/enabled HTTP/1.1
User-Agent: selenium/4.1.4 (java windows)
Cache-Control: no-cache
Content-Type: application/json; charset=utf-8
host: localhost:56938
accept: */*

Response DefaultHttpResponse(decodeResult: success, version: HTTP/1.1)
HTTP/1.1 200 OK
Content-Type: application/json; charset=utf-8
cache-control: no-cache
content-length: 14

18:35:12.112 [AsyncHttpClient-1-3] DEBUG org.asynchttpclient.netty.channel.ChannelManager - Adding key: http://localhost:56938 for channel [id: 0xc59d382e, L:/127.0.0.1:50076 - R:localhost/127.0.0.1:56938]
18:35:12.113 [Forwarding isElementEnabled on session 1dd15390feb32c6e0832b49e91ba78b6 to remote] DEBUG org.asynchttpclient.netty.request.NettyRequestSender - Using pooled Channel '[id: 0xc59d382e, L:/127.0.0.1:50076 - R:localhost/127.0.0.1:56938]' for 'GET' to 'http://localhost:56938/session/1dd15390feb32c6e0832b49e91ba78b6/element/bb992150-5698-49c6-8535-9f6d01ee41a6/enabled'
18:35:12.113 [Forwarding isElementEnabled on session 1dd15390feb32c6e0832b49e91ba78b6 to remote] DEBUG org.asynchttpclient.netty.request.NettyRequestSender - Using open Channel [id: 0xc59d382e, L:/127.0.0.1:50076 - R:localhost/127.0.0.1:56938] for GET '/session/1dd15390feb32c6e0832b49e91ba78b6/element/bb992150-5698-49c6-8535-9f6d01ee41a6/enabled'
18:35:12.122 [AsyncHttpClient-1-3] DEBUG org.asynchttpclient.netty.handler.HttpHandler - 

Request DefaultFullHttpRequest(decodeResult: success, version: HTTP/1.1, content: EmptyByteBufBE)
GET /session/1dd15390feb32c6e0832b49e91ba78b6/element/bb992150-5698-49c6-8535-9f6d01ee41a6/enabled HTTP/1.1
User-Agent: selenium/4.1.4 (java windows)
Cache-Control: no-cache
Content-Type: application/json; charset=utf-8
host: localhost:56938
accept: */*

Response DefaultHttpResponse(decodeResult: success, version: HTTP/1.1)
HTTP/1.1 200 OK
Content-Type: application/json; charset=utf-8
cache-control: no-cache
content-length: 14

18:35:12.122 [AsyncHttpClient-1-3] DEBUG org.asynchttpclient.netty.channel.ChannelManager - Adding key: http://localhost:56938 for channel [id: 0xc59d382e, L:/127.0.0.1:50076 - R:localhost/127.0.0.1:56938]
18:35:12.124 [Forwarding findElement on session 1dd15390feb32c6e0832b49e91ba78b6 to remote] DEBUG org.asynchttpclient.netty.request.NettyRequestSender - Using pooled Channel '[id: 0xc59d382e, L:/127.0.0.1:50076 - R:localhost/127.0.0.1:56938]' for 'POST' to 'http://localhost:56938/session/1dd15390feb32c6e0832b49e91ba78b6/element'
18:35:12.124 [Forwarding findElement on session 1dd15390feb32c6e0832b49e91ba78b6 to remote] DEBUG org.asynchttpclient.netty.request.NettyRequestSender - Using open Channel [id: 0xc59d382e, L:/127.0.0.1:50076 - R:localhost/127.0.0.1:56938] for POST '/session/1dd15390feb32c6e0832b49e91ba78b6/element'
18:35:12.135 [AsyncHttpClient-1-3] DEBUG org.asynchttpclient.netty.handler.HttpHandler - 

Request DefaultHttpRequest(decodeResult: success, version: HTTP/1.1)
POST /session/1dd15390feb32c6e0832b49e91ba78b6/element HTTP/1.1
User-Agent: selenium/4.1.4 (java windows)
Content-Length: 88
Content-Type: application/json; charset=utf-8
host: localhost:56938
accept: */*

Response DefaultHttpResponse(decodeResult: success, version: HTTP/1.1)
HTTP/1.1 200 OK
Content-Type: application/json; charset=utf-8
cache-control: no-cache
content-length: 88

18:35:12.135 [AsyncHttpClient-1-3] DEBUG org.asynchttpclient.netty.channel.ChannelManager - Adding key: http://localhost:56938 for channel [id: 0xc59d382e, L:/127.0.0.1:50076 - R:localhost/127.0.0.1:56938]
18:35:12.136 [Forwarding clickElement on session 1dd15390feb32c6e0832b49e91ba78b6 to remote] DEBUG org.asynchttpclient.netty.request.NettyRequestSender - Using pooled Channel '[id: 0xc59d382e, L:/127.0.0.1:50076 - R:localhost/127.0.0.1:56938]' for 'POST' to 'http://localhost:56938/session/1dd15390feb32c6e0832b49e91ba78b6/element/bb992150-5698-49c6-8535-9f6d01ee41a6/click'
18:35:12.136 [Forwarding clickElement on session 1dd15390feb32c6e0832b49e91ba78b6 to remote] DEBUG org.asynchttpclient.netty.request.NettyRequestSender - Using open Channel [id: 0xc59d382e, L:/127.0.0.1:50076 - R:localhost/127.0.0.1:56938] for POST '/session/1dd15390feb32c6e0832b49e91ba78b6/element/bb992150-5698-49c6-8535-9f6d01ee41a6/click'
18:35:12.258 [AsyncHttpClient-1-3] DEBUG org.asynchttpclient.netty.handler.HttpHandler - 

Request DefaultHttpRequest(decodeResult: success, version: HTTP/1.1)
POST /session/1dd15390feb32c6e0832b49e91ba78b6/element/bb992150-5698-49c6-8535-9f6d01ee41a6/click HTTP/1.1
User-Agent: selenium/4.1.4 (java windows)
Content-Length: 50
Content-Type: application/json; charset=utf-8
host: localhost:56938
accept: */*

Response DefaultHttpResponse(decodeResult: success, version: HTTP/1.1)
HTTP/1.1 200 OK
Content-Type: application/json; charset=utf-8
cache-control: no-cache
content-length: 14

18:35:12.258 [AsyncHttpClient-1-3] DEBUG org.asynchttpclient.netty.channel.ChannelManager - Adding key: http://localhost:56938 for channel [id: 0xc59d382e, L:/127.0.0.1:50076 - R:localhost/127.0.0.1:56938]
18:35:12.270 [Forwarding screenshot on session 1dd15390feb32c6e0832b49e91ba78b6 to remote] DEBUG org.asynchttpclient.netty.request.NettyRequestSender - Using pooled Channel '[id: 0xc59d382e, L:/127.0.0.1:50076 - R:localhost/127.0.0.1:56938]' for 'GET' to 'http://localhost:56938/session/1dd15390feb32c6e0832b49e91ba78b6/screenshot'
18:35:12.270 [Forwarding screenshot on session 1dd15390feb32c6e0832b49e91ba78b6 to remote] DEBUG org.asynchttpclient.netty.request.NettyRequestSender - Using open Channel [id: 0xc59d382e, L:/127.0.0.1:50076 - R:localhost/127.0.0.1:56938] for GET '/session/1dd15390feb32c6e0832b49e91ba78b6/screenshot'
18:35:12.630 [AsyncHttpClient-1-3] DEBUG org.asynchttpclient.netty.handler.HttpHandler - 

Request DefaultFullHttpRequest(decodeResult: success, version: HTTP/1.1, content: EmptyByteBufBE)
GET /session/1dd15390feb32c6e0832b49e91ba78b6/screenshot HTTP/1.1
User-Agent: selenium/4.1.4 (java windows)
Cache-Control: no-cache
Content-Type: application/json; charset=utf-8
host: localhost:56938
accept: */*

Response DefaultHttpResponse(decodeResult: success, version: HTTP/1.1)
HTTP/1.1 200 OK
Content-Type: application/json; charset=utf-8
cache-control: no-cache
content-length: 73940

18:35:12.630 [AsyncHttpClient-1-3] DEBUG org.asynchttpclient.netty.channel.ChannelManager - Adding key: http://localhost:56938 for channel [id: 0xc59d382e, L:/127.0.0.1:50076 - R:localhost/127.0.0.1:56938]
18:35:12.640 [main] DEBUG net.serenitybdd.core.photography.Darkroom - Send negative for processing for target\site\serenity\0318f95f28f8d50abdb3833e20e2db29b7f7bf96c6365ee5ab1264bac89f9af5.png
18:35:12.640 [main] DEBUG net.thucydides.core.steps.StepInterceptor - STEP DONE: clickButtonErrorOK
  &amp#27;[32mAnd &amp#27;[0m&amp#27;[32mLogin validation invalid&amp#27;[0m                                                       &amp#27;[90m# starter.stepdefinitios.LoginSteps.loginValidationInvalid()&amp#27;[0m
18:35:12.640 [Darkroom Processing Line] DEBUG net.serenitybdd.core.photography.DarkroomProcessingLine - Processing screenshot image in /var/screenshots/screenshot-6783122174713609836
18:35:12.640 [Darkroom Processing Line] DEBUG net.serenitybdd.core.photography.DarkroomProcessingLine - Saving screenshot to target\site\serenity\0318f95f28f8d50abdb3833e20e2db29b7f7bf96c6365ee5ab1264bac89f9af5.png
18:35:12.948 [AsyncHttpClient-1-1] DEBUG org.asynchttpclient.netty.channel.DefaultChannelPool - Entry count for : http://localhost:56938 : 1
18:35:12.948 [AsyncHttpClient-1-1] DEBUG org.asynchttpclient.netty.channel.DefaultChannelPool - Entry count for : http://localhost:50077 : 1
18:35:14.042 [AsyncHttpClient-1-1] DEBUG org.asynchttpclient.netty.channel.DefaultChannelPool - Entry count for : http://localhost:56938 : 1
18:35:14.042 [AsyncHttpClient-1-1] DEBUG org.asynchttpclient.netty.channel.DefaultChannelPool - Entry count for : http://localhost:50077 : 1
18:35:15.145 [AsyncHttpClient-1-1] DEBUG org.asynchttpclient.netty.channel.DefaultChannelPool - Entry count for : http://localhost:56938 : 1
18:35:15.145 [AsyncHttpClient-1-1] DEBUG org.asynchttpclient.netty.channel.DefaultChannelPool - Entry count for : http://localhost:50077 : 1
18:35:16.250 [AsyncHttpClient-1-1] DEBUG org.asynchttpclient.netty.channel.DefaultChannelPool - Entry count for : http://localhost:56938 : 1
18:35:16.250 [AsyncHttpClient-1-1] DEBUG org.asynchttpclient.netty.channel.DefaultChannelPool - Entry count for : http://localhost:50077 : 1
18:35:17.348 [AsyncHttpClient-1-1] DEBUG org.asynchttpclient.netty.channel.DefaultChannelPool - Entry count for : http://localhost:56938 : 1
18:35:17.348 [AsyncHttpClient-1-1] DEBUG org.asynchttpclient.netty.channel.DefaultChannelPool - Entry count for : http://localhost:50077 : 1
18:35:17.701 [Forwarding screenshot on session 1dd15390feb32c6e0832b49e91ba78b6 to remote] DEBUG org.asynchttpclient.netty.request.NettyRequestSender - Using pooled Channel '[id: 0xc59d382e, L:/127.0.0.1:50076 - R:localhost/127.0.0.1:56938]' for 'GET' to 'http://localhost:56938/session/1dd15390feb32c6e0832b49e91ba78b6/screenshot'
18:35:17.701 [Forwarding screenshot on session 1dd15390feb32c6e0832b49e91ba78b6 to remote] DEBUG org.asynchttpclient.netty.request.NettyRequestSender - Using open Channel [id: 0xc59d382e, L:/127.0.0.1:50076 - R:localhost/127.0.0.1:56938] for GET '/session/1dd15390feb32c6e0832b49e91ba78b6/screenshot'
18:35:17.843 [AsyncHttpClient-1-3] DEBUG org.asynchttpclient.netty.handler.HttpHandler - 

Request DefaultFullHttpRequest(decodeResult: success, version: HTTP/1.1, content: EmptyByteBufBE)
GET /session/1dd15390feb32c6e0832b49e91ba78b6/screenshot HTTP/1.1
User-Agent: selenium/4.1.4 (java windows)
Cache-Control: no-cache
Content-Type: application/json; charset=utf-8
host: localhost:56938
accept: */*

Response DefaultHttpResponse(decodeResult: success, version: HTTP/1.1)
HTTP/1.1 200 OK
Content-Type: application/json; charset=utf-8
cache-control: no-cache
content-length: 78860

18:35:17.843 [AsyncHttpClient-1-3] DEBUG org.asynchttpclient.netty.channel.ChannelManager - Adding key: http://localhost:56938 for channel [id: 0xc59d382e, L:/127.0.0.1:50076 - R:localhost/127.0.0.1:56938]
18:35:17.844 [main] DEBUG net.serenitybdd.core.photography.Darkroom - Send negative for processing for target\site\serenity\e3902e4e6d497170d59aa0c0c2930d955492166dca27ad580f2b08c08bf103aa.png
18:35:17.844 [main] DEBUG net.thucydides.core.steps.StepInterceptor - STARTING STEP: PatientDataSteps.clickButtonDataPasien - clickButtonDataPasien
18:35:17.848 [Forwarding findElement on session 1dd15390feb32c6e0832b49e91ba78b6 to remote] DEBUG org.asynchttpclient.netty.request.NettyRequestSender - Using pooled Channel '[id: 0xc59d382e, L:/127.0.0.1:50076 - R:localhost/127.0.0.1:56938]' for 'POST' to 'http://localhost:56938/session/1dd15390feb32c6e0832b49e91ba78b6/element'
18:35:17.848 [Forwarding findElement on session 1dd15390feb32c6e0832b49e91ba78b6 to remote] DEBUG org.asynchttpclient.netty.request.NettyRequestSender - Using open Channel [id: 0xc59d382e, L:/127.0.0.1:50076 - R:localhost/127.0.0.1:56938] for POST '/session/1dd15390feb32c6e0832b49e91ba78b6/element'
18:35:17.861 [AsyncHttpClient-1-3] DEBUG org.asynchttpclient.netty.handler.HttpHandler - 

Request DefaultHttpRequest(decodeResult: success, version: HTTP/1.1)
POST /session/1dd15390feb32c6e0832b49e91ba78b6/element HTTP/1.1
User-Agent: selenium/4.1.4 (java windows)
Content-Length: 114
Content-Type: application/json; charset=utf-8
host: localhost:56938
accept: */*

Response DefaultHttpResponse(decodeResult: success, version: HTTP/1.1)
HTTP/1.1 200 OK
Content-Type: application/json; charset=utf-8
cache-control: no-cache
content-length: 88

18:35:17.862 [AsyncHttpClient-1-3] DEBUG org.asynchttpclient.netty.channel.ChannelManager - Adding key: http://localhost:56938 for channel [id: 0xc59d382e, L:/127.0.0.1:50076 - R:localhost/127.0.0.1:56938]
18:35:17.863 [Forwarding getElementTagName on session 1dd15390feb32c6e0832b49e91ba78b6 to remote] DEBUG org.asynchttpclient.netty.request.NettyRequestSender - Using pooled Channel '[id: 0xc59d382e, L:/127.0.0.1:50076 - R:localhost/127.0.0.1:56938]' for 'GET' to 'http://localhost:56938/session/1dd15390feb32c6e0832b49e91ba78b6/element/dc9b5cbb-9057-4577-abe9-a4665c77eab0/name'
18:35:17.863 [Forwarding getElementTagName on session 1dd15390feb32c6e0832b49e91ba78b6 to remote] DEBUG org.asynchttpclient.netty.request.NettyRequestSender - Using open Channel [id: 0xc59d382e, L:/127.0.0.1:50076 - R:localhost/127.0.0.1:56938] for GET '/session/1dd15390feb32c6e0832b49e91ba78b6/element/dc9b5cbb-9057-4577-abe9-a4665c77eab0/name'
18:35:17.867 [AsyncHttpClient-1-3] DEBUG org.asynchttpclient.netty.handler.HttpHandler - 

Request DefaultFullHttpRequest(decodeResult: success, version: HTTP/1.1, content: EmptyByteBufBE)
GET /session/1dd15390feb32c6e0832b49e91ba78b6/element/dc9b5cbb-9057-4577-abe9-a4665c77eab0/name HTTP/1.1
User-Agent: selenium/4.1.4 (java windows)
Cache-Control: no-cache
Content-Type: application/json; charset=utf-8
host: localhost:56938
accept: */*

Response DefaultHttpResponse(decodeResult: success, version: HTTP/1.1)
HTTP/1.1 200 OK
Content-Type: application/json; charset=utf-8
cache-control: no-cache
content-length: 13

18:35:17.867 [AsyncHttpClient-1-3] DEBUG org.asynchttpclient.netty.channel.ChannelManager - Adding key: http://localhost:56938 for channel [id: 0xc59d382e, L:/127.0.0.1:50076 - R:localhost/127.0.0.1:56938]
18:35:17.868 [Forwarding getElementTagName on session 1dd15390feb32c6e0832b49e91ba78b6 to remote] DEBUG org.asynchttpclient.netty.request.NettyRequestSender - Using pooled Channel '[id: 0xc59d382e, L:/127.0.0.1:50076 - R:localhost/127.0.0.1:56938]' for 'GET' to 'http://localhost:56938/session/1dd15390feb32c6e0832b49e91ba78b6/element/dc9b5cbb-9057-4577-abe9-a4665c77eab0/name'
18:35:17.868 [Forwarding getElementTagName on session 1dd15390feb32c6e0832b49e91ba78b6 to remote] DEBUG org.asynchttpclient.netty.request.NettyRequestSender - Using open Channel [id: 0xc59d382e, L:/127.0.0.1:50076 - R:localhost/127.0.0.1:56938] for GET '/session/1dd15390feb32c6e0832b49e91ba78b6/element/dc9b5cbb-9057-4577-abe9-a4665c77eab0/name'
18:35:17.872 [AsyncHttpClient-1-3] DEBUG org.asynchttpclient.netty.handler.HttpHandler - 

Request DefaultFullHttpRequest(decodeResult: success, version: HTTP/1.1, content: EmptyByteBufBE)
GET /session/1dd15390feb32c6e0832b49e91ba78b6/element/dc9b5cbb-9057-4577-abe9-a4665c77eab0/name HTTP/1.1
User-Agent: selenium/4.1.4 (java windows)
Cache-Control: no-cache
Content-Type: application/json; charset=utf-8
host: localhost:56938
accept: */*

Response DefaultHttpResponse(decodeResult: success, version: HTTP/1.1)
HTTP/1.1 200 OK
Content-Type: application/json; charset=utf-8
cache-control: no-cache
content-length: 13

18:35:17.872 [AsyncHttpClient-1-3] DEBUG org.asynchttpclient.netty.channel.ChannelManager - Adding key: http://localhost:56938 for channel [id: 0xc59d382e, L:/127.0.0.1:50076 - R:localhost/127.0.0.1:56938]
18:35:17.873 [Forwarding findElement on session 1dd15390feb32c6e0832b49e91ba78b6 to remote] DEBUG org.asynchttpclient.netty.request.NettyRequestSender - Using pooled Channel '[id: 0xc59d382e, L:/127.0.0.1:50076 - R:localhost/127.0.0.1:56938]' for 'POST' to 'http://localhost:56938/session/1dd15390feb32c6e0832b49e91ba78b6/element'
18:35:17.873 [Forwarding findElement on session 1dd15390feb32c6e0832b49e91ba78b6 to remote] DEBUG org.asynchttpclient.netty.request.NettyRequestSender - Using open Channel [id: 0xc59d382e, L:/127.0.0.1:50076 - R:localhost/127.0.0.1:56938] for POST '/session/1dd15390feb32c6e0832b49e91ba78b6/element'
18:35:17.881 [AsyncHttpClient-1-3] DEBUG org.asynchttpclient.netty.handler.HttpHandler - 

Request DefaultHttpRequest(decodeResult: success, version: HTTP/1.1)
POST /session/1dd15390feb32c6e0832b49e91ba78b6/element HTTP/1.1
User-Agent: selenium/4.1.4 (java windows)
Content-Length: 114
Content-Type: application/json; charset=utf-8
host: localhost:56938
accept: */*

Response DefaultHttpResponse(decodeResult: success, version: HTTP/1.1)
HTTP/1.1 200 OK
Content-Type: application/json; charset=utf-8
cache-control: no-cache
content-length: 88

18:35:17.881 [AsyncHttpClient-1-3] DEBUG org.asynchttpclient.netty.channel.ChannelManager - Adding key: http://localhost:56938 for channel [id: 0xc59d382e, L:/127.0.0.1:50076 - R:localhost/127.0.0.1:56938]
18:35:17.881 [Forwarding clickElement on session 1dd15390feb32c6e0832b49e91ba78b6 to remote] DEBUG org.asynchttpclient.netty.request.NettyRequestSender - Using pooled Channel '[id: 0xc59d382e, L:/127.0.0.1:50076 - R:localhost/127.0.0.1:56938]' for 'POST' to 'http://localhost:56938/session/1dd15390feb32c6e0832b49e91ba78b6/element/dc9b5cbb-9057-4577-abe9-a4665c77eab0/click'
18:35:17.881 [Forwarding clickElement on session 1dd15390feb32c6e0832b49e91ba78b6 to remote] DEBUG org.asynchttpclient.netty.request.NettyRequestSender - Using open Channel [id: 0xc59d382e, L:/127.0.0.1:50076 - R:localhost/127.0.0.1:56938] for POST '/session/1dd15390feb32c6e0832b49e91ba78b6/element/dc9b5cbb-9057-4577-abe9-a4665c77eab0/click'
18:35:17.951 [AsyncHttpClient-1-3] DEBUG org.asynchttpclient.netty.handler.HttpHandler - 

Request DefaultHttpRequest(decodeResult: success, version: HTTP/1.1)
POST /session/1dd15390feb32c6e0832b49e91ba78b6/element/dc9b5cbb-9057-4577-abe9-a4665c77eab0/click HTTP/1.1
User-Agent: selenium/4.1.4 (java windows)
Content-Length: 50
Content-Type: application/json; charset=utf-8
host: localhost:56938
accept: */*

Response DefaultHttpResponse(decodeResult: success, version: HTTP/1.1)
HTTP/1.1 200 OK
Content-Type: application/json; charset=utf-8
cache-control: no-cache
content-length: 14

18:35:17.951 [AsyncHttpClient-1-3] DEBUG org.asynchttpclient.netty.channel.ChannelManager - Adding key: http://localhost:56938 for channel [id: 0xc59d382e, L:/127.0.0.1:50076 - R:localhost/127.0.0.1:56938]
18:35:17.958 [Forwarding screenshot on session 1dd15390feb32c6e0832b49e91ba78b6 to remote] DEBUG org.asynchttpclient.netty.request.NettyRequestSender - Using pooled Channel '[id: 0xc59d382e, L:/127.0.0.1:50076 - R:localhost/127.0.0.1:56938]' for 'GET' to 'http://localhost:56938/session/1dd15390feb32c6e0832b49e91ba78b6/screenshot'
18:35:17.958 [Forwarding screenshot on session 1dd15390feb32c6e0832b49e91ba78b6 to remote] DEBUG org.asynchttpclient.netty.request.NettyRequestSender - Using open Channel [id: 0xc59d382e, L:/127.0.0.1:50076 - R:localhost/127.0.0.1:56938] for GET '/session/1dd15390feb32c6e0832b49e91ba78b6/screenshot'
18:35:18.149 [AsyncHttpClient-1-3] DEBUG org.asynchttpclient.netty.handler.HttpHandler - 

Request DefaultFullHttpRequest(decodeResult: success, version: HTTP/1.1, content: EmptyByteBufBE)
GET /session/1dd15390feb32c6e0832b49e91ba78b6/screenshot HTTP/1.1
User-Agent: selenium/4.1.4 (java windows)
Cache-Control: no-cache
Content-Type: application/json; charset=utf-8
host: localhost:56938
accept: */*

Response DefaultHttpResponse(decodeResult: success, version: HTTP/1.1)
HTTP/1.1 200 OK
Content-Type: application/json; charset=utf-8
cache-control: no-cache
content-length: 114804

18:35:18.156 [AsyncHttpClient-1-3] DEBUG org.asynchttpclient.netty.channel.ChannelManager - Adding key: http://localhost:56938 for channel [id: 0xc59d382e, L:/127.0.0.1:50076 - R:localhost/127.0.0.1:56938]
18:35:18.162 [main] DEBUG net.serenitybdd.core.photography.Darkroom - Send negative for processing for target\site\serenity\52a538477d50210396a2db28a47ec35b4d460ac20f49ce24eb0aeecfc6e675a3.png
18:35:18.162 [main] DEBUG net.thucydides.core.steps.StepInterceptor - STEP DONE: clickButtonDataPasien
  &amp#27;[32mWhen &amp#27;[0m&amp#27;[32mClick button data pasien&amp#27;[0m                                                      &amp#27;[90m# starter.stepdefinitios.PatientDataSteps.clickButtonDataPasien()&amp#27;[0m
18:35:18.163 [Darkroom Processing Line] DEBUG net.serenitybdd.core.photography.DarkroomProcessingLine - Processing screenshot image in /var/screenshots/screenshot-14235619856725408110
18:35:18.163 [Darkroom Processing Line] DEBUG net.serenitybdd.core.photography.DarkroomProcessingLine - Saving screenshot to target\site\serenity\52a538477d50210396a2db28a47ec35b4d460ac20f49ce24eb0aeecfc6e675a3.png
18:35:18.436 [AsyncHttpClient-1-1] DEBUG org.asynchttpclient.netty.channel.DefaultChannelPool - Entry count for : http://localhost:56938 : 1
18:35:18.436 [AsyncHttpClient-1-1] DEBUG org.asynchttpclient.netty.channel.DefaultChannelPool - Entry count for : http://localhost:50077 : 1
18:35:19.535 [AsyncHttpClient-1-1] DEBUG org.asynchttpclient.netty.channel.DefaultChannelPool - Entry count for : http://localhost:56938 : 1
18:35:19.535 [AsyncHttpClient-1-1] DEBUG org.asynchttpclient.netty.channel.DefaultChannelPool - Entry count for : http://localhost:50077 : 1
18:35:20.640 [AsyncHttpClient-1-1] DEBUG org.asynchttpclient.netty.channel.DefaultChannelPool - Entry count for : http://localhost:56938 : 1
18:35:20.640 [AsyncHttpClient-1-1] DEBUG org.asynchttpclient.netty.channel.DefaultChannelPool - Entry count for : http://localhost:50077 : 1
18:35:21.738 [AsyncHttpClient-1-1] DEBUG org.asynchttpclient.netty.channel.DefaultChannelPool - Entry count for : http://localhost:56938 : 1
18:35:21.738 [AsyncHttpClient-1-1] DEBUG org.asynchttpclient.netty.channel.DefaultChannelPool - Entry count for : http://localhost:50077 : 1
18:35:22.836 [AsyncHttpClient-1-1] DEBUG org.asynchttpclient.netty.channel.DefaultChannelPool - Entry count for : http://localhost:56938 : 1
18:35:22.836 [AsyncHttpClient-1-1] DEBUG org.asynchttpclient.netty.channel.DefaultChannelPool - Entry count for : http://localhost:50077 : 1
18:35:23.195 [Forwarding screenshot on session 1dd15390feb32c6e0832b49e91ba78b6 to remote] DEBUG org.asynchttpclient.netty.request.NettyRequestSender - Using pooled Channel '[id: 0xc59d382e, L:/127.0.0.1:50076 - R:localhost/127.0.0.1:56938]' for 'GET' to 'http://localhost:56938/session/1dd15390feb32c6e0832b49e91ba78b6/screenshot'
18:35:23.195 [Forwarding screenshot on session 1dd15390feb32c6e0832b49e91ba78b6 to remote] DEBUG org.asynchttpclient.netty.request.NettyRequestSender - Using open Channel [id: 0xc59d382e, L:/127.0.0.1:50076 - R:localhost/127.0.0.1:56938] for GET '/session/1dd15390feb32c6e0832b49e91ba78b6/screenshot'
18:35:23.397 [AsyncHttpClient-1-3] DEBUG org.asynchttpclient.netty.handler.HttpHandler - 

Request DefaultFullHttpRequest(decodeResult: success, version: HTTP/1.1, content: EmptyByteBufBE)
GET /session/1dd15390feb32c6e0832b49e91ba78b6/screenshot HTTP/1.1
User-Agent: selenium/4.1.4 (java windows)
Cache-Control: no-cache
Content-Type: application/json; charset=utf-8
host: localhost:56938
accept: */*

Response DefaultHttpResponse(decodeResult: success, version: HTTP/1.1)
HTTP/1.1 200 OK
Content-Type: application/json; charset=utf-8
cache-control: no-cache
content-length: 98488

18:35:23.398 [AsyncHttpClient-1-3] DEBUG org.asynchttpclient.netty.channel.ChannelManager - Adding key: http://localhost:56938 for channel [id: 0xc59d382e, L:/127.0.0.1:50076 - R:localhost/127.0.0.1:56938]
18:35:23.400 [main] DEBUG net.serenitybdd.core.photography.Darkroom - Send negative for processing for target\site\serenity\addaf5ec6239e0d3e4425671756968a7a7455f25f8897a214886f8eb6a377d89.png
18:35:23.401 [main] DEBUG net.thucydides.core.steps.StepInterceptor - STARTING STEP: PatientDataSteps.clickDetailPatientData - clickButtonDetail
18:35:23.405 [Forwarding findElement on session 1dd15390feb32c6e0832b49e91ba78b6 to remote] DEBUG org.asynchttpclient.netty.request.NettyRequestSender - Using pooled Channel '[id: 0xc59d382e, L:/127.0.0.1:50076 - R:localhost/127.0.0.1:56938]' for 'POST' to 'http://localhost:56938/session/1dd15390feb32c6e0832b49e91ba78b6/element'
18:35:23.405 [Forwarding findElement on session 1dd15390feb32c6e0832b49e91ba78b6 to remote] DEBUG org.asynchttpclient.netty.request.NettyRequestSender - Using open Channel [id: 0xc59d382e, L:/127.0.0.1:50076 - R:localhost/127.0.0.1:56938] for POST '/session/1dd15390feb32c6e0832b49e91ba78b6/element'
18:35:23.419 [AsyncHttpClient-1-3] DEBUG org.asynchttpclient.netty.handler.HttpHandler - 

Request DefaultHttpRequest(decodeResult: success, version: HTTP/1.1)
POST /session/1dd15390feb32c6e0832b49e91ba78b6/element HTTP/1.1
User-Agent: selenium/4.1.4 (java windows)
Content-Length: 92
Content-Type: application/json; charset=utf-8
host: localhost:56938
accept: */*

Response DefaultHttpResponse(decodeResult: success, version: HTTP/1.1)
HTTP/1.1 200 OK
Content-Type: application/json; charset=utf-8
cache-control: no-cache
content-length: 88

18:35:23.419 [AsyncHttpClient-1-3] DEBUG org.asynchttpclient.netty.channel.ChannelManager - Adding key: http://localhost:56938 for channel [id: 0xc59d382e, L:/127.0.0.1:50076 - R:localhost/127.0.0.1:56938]
18:35:23.420 [Forwarding getElementTagName on session 1dd15390feb32c6e0832b49e91ba78b6 to remote] DEBUG org.asynchttpclient.netty.request.NettyRequestSender - Using pooled Channel '[id: 0xc59d382e, L:/127.0.0.1:50076 - R:localhost/127.0.0.1:56938]' for 'GET' to 'http://localhost:56938/session/1dd15390feb32c6e0832b49e91ba78b6/element/f950db9d-c4dc-4f77-8e73-fa9acf492fe3/name'
18:35:23.420 [Forwarding getElementTagName on session 1dd15390feb32c6e0832b49e91ba78b6 to remote] DEBUG org.asynchttpclient.netty.request.NettyRequestSender - Using open Channel [id: 0xc59d382e, L:/127.0.0.1:50076 - R:localhost/127.0.0.1:56938] for GET '/session/1dd15390feb32c6e0832b49e91ba78b6/element/f950db9d-c4dc-4f77-8e73-fa9acf492fe3/name'
18:35:23.424 [AsyncHttpClient-1-3] DEBUG org.asynchttpclient.netty.handler.HttpHandler - 

Request DefaultFullHttpRequest(decodeResult: success, version: HTTP/1.1, content: EmptyByteBufBE)
GET /session/1dd15390feb32c6e0832b49e91ba78b6/element/f950db9d-c4dc-4f77-8e73-fa9acf492fe3/name HTTP/1.1
User-Agent: selenium/4.1.4 (java windows)
Cache-Control: no-cache
Content-Type: application/json; charset=utf-8
host: localhost:56938
accept: */*

Response DefaultHttpResponse(decodeResult: success, version: HTTP/1.1)
HTTP/1.1 200 OK
Content-Type: application/json; charset=utf-8
cache-control: no-cache
content-length: 15

18:35:23.424 [AsyncHttpClient-1-3] DEBUG org.asynchttpclient.netty.channel.ChannelManager - Adding key: http://localhost:56938 for channel [id: 0xc59d382e, L:/127.0.0.1:50076 - R:localhost/127.0.0.1:56938]
18:35:23.425 [Forwarding getElementTagName on session 1dd15390feb32c6e0832b49e91ba78b6 to remote] DEBUG org.asynchttpclient.netty.request.NettyRequestSender - Using pooled Channel '[id: 0xc59d382e, L:/127.0.0.1:50076 - R:localhost/127.0.0.1:56938]' for 'GET' to 'http://localhost:56938/session/1dd15390feb32c6e0832b49e91ba78b6/element/f950db9d-c4dc-4f77-8e73-fa9acf492fe3/name'
18:35:23.425 [Forwarding getElementTagName on session 1dd15390feb32c6e0832b49e91ba78b6 to remote] DEBUG org.asynchttpclient.netty.request.NettyRequestSender - Using open Channel [id: 0xc59d382e, L:/127.0.0.1:50076 - R:localhost/127.0.0.1:56938] for GET '/session/1dd15390feb32c6e0832b49e91ba78b6/element/f950db9d-c4dc-4f77-8e73-fa9acf492fe3/name'
18:35:23.428 [AsyncHttpClient-1-3] DEBUG org.asynchttpclient.netty.handler.HttpHandler - 

Request DefaultFullHttpRequest(decodeResult: success, version: HTTP/1.1, content: EmptyByteBufBE)
GET /session/1dd15390feb32c6e0832b49e91ba78b6/element/f950db9d-c4dc-4f77-8e73-fa9acf492fe3/name HTTP/1.1
User-Agent: selenium/4.1.4 (java windows)
Cache-Control: no-cache
Content-Type: application/json; charset=utf-8
host: localhost:56938
accept: */*

Response DefaultHttpResponse(decodeResult: success, version: HTTP/1.1)
HTTP/1.1 200 OK
Content-Type: application/json; charset=utf-8
cache-control: no-cache
content-length: 15

18:35:23.428 [AsyncHttpClient-1-3] DEBUG org.asynchttpclient.netty.channel.ChannelManager - Adding key: http://localhost:56938 for channel [id: 0xc59d382e, L:/127.0.0.1:50076 - R:localhost/127.0.0.1:56938]
18:35:23.429 [Forwarding findElement on session 1dd15390feb32c6e0832b49e91ba78b6 to remote] DEBUG org.asynchttpclient.netty.request.NettyRequestSender - Using pooled Channel '[id: 0xc59d382e, L:/127.0.0.1:50076 - R:localhost/127.0.0.1:56938]' for 'POST' to 'http://localhost:56938/session/1dd15390feb32c6e0832b49e91ba78b6/element'
18:35:23.429 [Forwarding findElement on session 1dd15390feb32c6e0832b49e91ba78b6 to remote] DEBUG org.asynchttpclient.netty.request.NettyRequestSender - Using open Channel [id: 0xc59d382e, L:/127.0.0.1:50076 - R:localhost/127.0.0.1:56938] for POST '/session/1dd15390feb32c6e0832b49e91ba78b6/element'
18:35:23.434 [AsyncHttpClient-1-3] DEBUG org.asynchttpclient.netty.handler.HttpHandler - 

Request DefaultHttpRequest(decodeResult: success, version: HTTP/1.1)
POST /session/1dd15390feb32c6e0832b49e91ba78b6/element HTTP/1.1
User-Agent: selenium/4.1.4 (java windows)
Content-Length: 92
Content-Type: application/json; charset=utf-8
host: localhost:56938
accept: */*

Response DefaultHttpResponse(decodeResult: success, version: HTTP/1.1)
HTTP/1.1 200 OK
Content-Type: application/json; charset=utf-8
cache-control: no-cache
content-length: 88

18:35:23.434 [AsyncHttpClient-1-3] DEBUG org.asynchttpclient.netty.channel.ChannelManager - Adding key: http://localhost:56938 for channel [id: 0xc59d382e, L:/127.0.0.1:50076 - R:localhost/127.0.0.1:56938]
18:35:23.435 [Forwarding clickElement on session 1dd15390feb32c6e0832b49e91ba78b6 to remote] DEBUG org.asynchttpclient.netty.request.NettyRequestSender - Using pooled Channel '[id: 0xc59d382e, L:/127.0.0.1:50076 - R:localhost/127.0.0.1:56938]' for 'POST' to 'http://localhost:56938/session/1dd15390feb32c6e0832b49e91ba78b6/element/f950db9d-c4dc-4f77-8e73-fa9acf492fe3/click'
18:35:23.435 [Forwarding clickElement on session 1dd15390feb32c6e0832b49e91ba78b6 to remote] DEBUG org.asynchttpclient.netty.request.NettyRequestSender - Using open Channel [id: 0xc59d382e, L:/127.0.0.1:50076 - R:localhost/127.0.0.1:56938] for POST '/session/1dd15390feb32c6e0832b49e91ba78b6/element/f950db9d-c4dc-4f77-8e73-fa9acf492fe3/click'
18:35:23.578 [AsyncHttpClient-1-3] DEBUG org.asynchttpclient.netty.handler.HttpHandler - 

Request DefaultHttpRequest(decodeResult: success, version: HTTP/1.1)
POST /session/1dd15390feb32c6e0832b49e91ba78b6/element/f950db9d-c4dc-4f77-8e73-fa9acf492fe3/click HTTP/1.1
User-Agent: selenium/4.1.4 (java windows)
Content-Length: 50
Content-Type: application/json; charset=utf-8
host: localhost:56938
accept: */*

Response DefaultHttpResponse(decodeResult: success, version: HTTP/1.1)
HTTP/1.1 200 OK
Content-Type: application/json; charset=utf-8
cache-control: no-cache
content-length: 14

18:35:23.578 [AsyncHttpClient-1-3] DEBUG org.asynchttpclient.netty.channel.ChannelManager - Adding key: http://localhost:56938 for channel [id: 0xc59d382e, L:/127.0.0.1:50076 - R:localhost/127.0.0.1:56938]
18:35:23.584 [Forwarding screenshot on session 1dd15390feb32c6e0832b49e91ba78b6 to remote] DEBUG org.asynchttpclient.netty.request.NettyRequestSender - Using pooled Channel '[id: 0xc59d382e, L:/127.0.0.1:50076 - R:localhost/127.0.0.1:56938]' for 'GET' to 'http://localhost:56938/session/1dd15390feb32c6e0832b49e91ba78b6/screenshot'
18:35:23.584 [Forwarding screenshot on session 1dd15390feb32c6e0832b49e91ba78b6 to remote] DEBUG org.asynchttpclient.netty.request.NettyRequestSender - Using open Channel [id: 0xc59d382e, L:/127.0.0.1:50076 - R:localhost/127.0.0.1:56938] for GET '/session/1dd15390feb32c6e0832b49e91ba78b6/screenshot'
18:35:23.772 [AsyncHttpClient-1-3] DEBUG org.asynchttpclient.netty.handler.HttpHandler - 

Request DefaultFullHttpRequest(decodeResult: success, version: HTTP/1.1, content: EmptyByteBufBE)
GET /session/1dd15390feb32c6e0832b49e91ba78b6/screenshot HTTP/1.1
User-Agent: selenium/4.1.4 (java windows)
Cache-Control: no-cache
Content-Type: application/json; charset=utf-8
host: localhost:56938
accept: */*

Response DefaultHttpResponse(decodeResult: success, version: HTTP/1.1)
HTTP/1.1 200 OK
Content-Type: application/json; charset=utf-8
cache-control: no-cache
content-length: 35172

18:35:23.773 [AsyncHttpClient-1-3] DEBUG org.asynchttpclient.netty.channel.ChannelManager - Adding key: http://localhost:56938 for channel [id: 0xc59d382e, L:/127.0.0.1:50076 - R:localhost/127.0.0.1:56938]
18:35:23.776 [main] DEBUG net.serenitybdd.core.photography.Darkroom - Send negative for processing for target\site\serenity\07e2bda76f98bc657bb863b482b35d56cc560409cb6ee00ab0a663dfa9675819.png
18:35:23.776 [main] DEBUG net.thucydides.core.steps.StepInterceptor - STEP DONE: clickButtonDetail
  &amp#27;[32mAnd &amp#27;[0m&amp#27;[32mClick Detail Patient data&amp#27;[0m                                                      &amp#27;[90m# starter.stepdefinitios.PatientDataSteps.clickDetailPatientData()&amp#27;[0m
18:35:23.777 [Darkroom Processing Line] DEBUG net.serenitybdd.core.photography.DarkroomProcessingLine - Processing screenshot image in /var/screenshots/screenshot-12495672155529168208
18:35:23.777 [Darkroom Processing Line] DEBUG net.serenitybdd.core.photography.DarkroomProcessingLine - Saving screenshot to target\site\serenity\07e2bda76f98bc657bb863b482b35d56cc560409cb6ee00ab0a663dfa9675819.png
18:35:23.937 [AsyncHttpClient-1-1] DEBUG org.asynchttpclient.netty.channel.DefaultChannelPool - Entry count for : http://localhost:56938 : 1
18:35:23.937 [AsyncHttpClient-1-1] DEBUG org.asynchttpclient.netty.channel.DefaultChannelPool - Entry count for : http://localhost:50077 : 1
18:35:25.035 [AsyncHttpClient-1-1] DEBUG org.asynchttpclient.netty.channel.DefaultChannelPool - Entry count for : http://localhost:56938 : 1
18:35:25.035 [AsyncHttpClient-1-1] DEBUG org.asynchttpclient.netty.channel.DefaultChannelPool - Entry count for : http://localhost:50077 : 1
18:35:25.313 [Forwarding screenshot on session 1dd15390feb32c6e0832b49e91ba78b6 to remote] DEBUG org.asynchttpclient.netty.request.NettyRequestSender - Using pooled Channel '[id: 0xc59d382e, L:/127.0.0.1:50076 - R:localhost/127.0.0.1:56938]' for 'GET' to 'http://localhost:56938/session/1dd15390feb32c6e0832b49e91ba78b6/screenshot'
18:35:25.313 [Forwarding screenshot on session 1dd15390feb32c6e0832b49e91ba78b6 to remote] DEBUG org.asynchttpclient.netty.request.NettyRequestSender - Using open Channel [id: 0xc59d382e, L:/127.0.0.1:50076 - R:localhost/127.0.0.1:56938] for GET '/session/1dd15390feb32c6e0832b49e91ba78b6/screenshot'
18:35:25.519 [AsyncHttpClient-1-3] DEBUG org.asynchttpclient.netty.handler.HttpHandler - 

Request DefaultFullHttpRequest(decodeResult: success, version: HTTP/1.1, content: EmptyByteBufBE)
GET /session/1dd15390feb32c6e0832b49e91ba78b6/screenshot HTTP/1.1
User-Agent: selenium/4.1.4 (java windows)
Cache-Control: no-cache
Content-Type: application/json; charset=utf-8
host: localhost:56938
accept: */*

Response DefaultHttpResponse(decodeResult: success, version: HTTP/1.1)
HTTP/1.1 200 OK
Content-Type: application/json; charset=utf-8
cache-control: no-cache
content-length: 164644

18:35:25.519 [AsyncHttpClient-1-3] DEBUG org.asynchttpclient.netty.channel.ChannelManager - Adding key: http://localhost:56938 for channel [id: 0xc59d382e, L:/127.0.0.1:50076 - R:localhost/127.0.0.1:56938]
18:35:25.522 [main] DEBUG net.serenitybdd.core.photography.Darkroom - Send negative for processing for target\site\serenity\84c8b1c96652d3173a625c615caeba2881934d72fb73964a8efa969173530bff.png
18:35:25.522 [main] DEBUG net.thucydides.core.steps.StepInterceptor - STARTING STEP: PatientDataSteps.validData - checkValidDataPasien
18:35:25.522 [Darkroom Processing Line] DEBUG net.serenitybdd.core.photography.DarkroomProcessingLine - Processing screenshot image in /var/screenshots/screenshot-17965588394507712525
18:35:25.522 [Darkroom Processing Line] DEBUG net.serenitybdd.core.photography.DarkroomProcessingLine - Saving screenshot to target\site\serenity\84c8b1c96652d3173a625c615caeba2881934d72fb73964a8efa969173530bff.png
18:35:25.524 [Forwarding findElement on session 1dd15390feb32c6e0832b49e91ba78b6 to remote] DEBUG org.asynchttpclient.netty.request.NettyRequestSender - Using pooled Channel '[id: 0xc59d382e, L:/127.0.0.1:50076 - R:localhost/127.0.0.1:56938]' for 'POST' to 'http://localhost:56938/session/1dd15390feb32c6e0832b49e91ba78b6/element'
18:35:25.524 [Forwarding findElement on session 1dd15390feb32c6e0832b49e91ba78b6 to remote] DEBUG org.asynchttpclient.netty.request.NettyRequestSender - Using open Channel [id: 0xc59d382e, L:/127.0.0.1:50076 - R:localhost/127.0.0.1:56938] for POST '/session/1dd15390feb32c6e0832b49e91ba78b6/element'
18:35:25.533 [AsyncHttpClient-1-3] DEBUG org.asynchttpclient.netty.handler.HttpHandler - 

Request DefaultHttpRequest(decodeResult: success, version: HTTP/1.1)
POST /session/1dd15390feb32c6e0832b49e91ba78b6/element HTTP/1.1
User-Agent: selenium/4.1.4 (java windows)
Content-Length: 95
Content-Type: application/json; charset=utf-8
host: localhost:56938
accept: */*

Response DefaultHttpResponse(decodeResult: success, version: HTTP/1.1)
HTTP/1.1 200 OK
Content-Type: application/json; charset=utf-8
cache-control: no-cache
content-length: 88

18:35:25.533 [AsyncHttpClient-1-3] DEBUG org.asynchttpclient.netty.channel.ChannelManager - Adding key: http://localhost:56938 for channel [id: 0xc59d382e, L:/127.0.0.1:50076 - R:localhost/127.0.0.1:56938]
18:35:25.533 [Forwarding isElementEnabled on session 1dd15390feb32c6e0832b49e91ba78b6 to remote] DEBUG org.asynchttpclient.netty.request.NettyRequestSender - Using pooled Channel '[id: 0xc59d382e, L:/127.0.0.1:50076 - R:localhost/127.0.0.1:56938]' for 'GET' to 'http://localhost:56938/session/1dd15390feb32c6e0832b49e91ba78b6/element/f8cf2f79-c4ee-4ad4-ae61-a5bc7b37a42a/enabled'
18:35:25.533 [Forwarding isElementEnabled on session 1dd15390feb32c6e0832b49e91ba78b6 to remote] DEBUG org.asynchttpclient.netty.request.NettyRequestSender - Using open Channel [id: 0xc59d382e, L:/127.0.0.1:50076 - R:localhost/127.0.0.1:56938] for GET '/session/1dd15390feb32c6e0832b49e91ba78b6/element/f8cf2f79-c4ee-4ad4-ae61-a5bc7b37a42a/enabled'
18:35:25.540 [AsyncHttpClient-1-3] DEBUG org.asynchttpclient.netty.handler.HttpHandler - 

Request DefaultFullHttpRequest(decodeResult: success, version: HTTP/1.1, content: EmptyByteBufBE)
GET /session/1dd15390feb32c6e0832b49e91ba78b6/element/f8cf2f79-c4ee-4ad4-ae61-a5bc7b37a42a/enabled HTTP/1.1
User-Agent: selenium/4.1.4 (java windows)
Cache-Control: no-cache
Content-Type: application/json; charset=utf-8
host: localhost:56938
accept: */*

Response DefaultHttpResponse(decodeResult: success, version: HTTP/1.1)
HTTP/1.1 200 OK
Content-Type: application/json; charset=utf-8
cache-control: no-cache
content-length: 14

18:35:25.540 [AsyncHttpClient-1-3] DEBUG org.asynchttpclient.netty.channel.ChannelManager - Adding key: http://localhost:56938 for channel [id: 0xc59d382e, L:/127.0.0.1:50076 - R:localhost/127.0.0.1:56938]
18:35:25.543 [main] DEBUG net.thucydides.core.steps.StepInterceptor - STEP DONE: checkValidDataPasien
  &amp#27;[32mAnd &amp#27;[0m&amp#27;[32mValid data detail pasien&amp#27;[0m                                                       &amp#27;[90m# starter.stepdefinitios.PatientDataSteps.validData()&amp#27;[0m
18:35:26.136 [AsyncHttpClient-1-1] DEBUG org.asynchttpclient.netty.channel.DefaultChannelPool - Entry count for : http://localhost:56938 : 1
18:35:26.136 [AsyncHttpClient-1-1] DEBUG org.asynchttpclient.netty.channel.DefaultChannelPool - Entry count for : http://localhost:50077 : 1
18:35:27.242 [AsyncHttpClient-1-1] DEBUG org.asynchttpclient.netty.channel.DefaultChannelPool - Entry count for : http://localhost:56938 : 1
18:35:27.242 [AsyncHttpClient-1-1] DEBUG org.asynchttpclient.netty.channel.DefaultChannelPool - Entry count for : http://localhost:50077 : 1
18:35:28.336 [AsyncHttpClient-1-1] DEBUG org.asynchttpclient.netty.channel.DefaultChannelPool - Entry count for : http://localhost:56938 : 1
18:35:28.336 [AsyncHttpClient-1-1] DEBUG org.asynchttpclient.netty.channel.DefaultChannelPool - Entry count for : http://localhost:50077 : 1
18:35:28.557 [Forwarding screenshot on session 1dd15390feb32c6e0832b49e91ba78b6 to remote] DEBUG org.asynchttpclient.netty.request.NettyRequestSender - Using pooled Channel '[id: 0xc59d382e, L:/127.0.0.1:50076 - R:localhost/127.0.0.1:56938]' for 'GET' to 'http://localhost:56938/session/1dd15390feb32c6e0832b49e91ba78b6/screenshot'
18:35:28.557 [Forwarding screenshot on session 1dd15390feb32c6e0832b49e91ba78b6 to remote] DEBUG org.asynchttpclient.netty.request.NettyRequestSender - Using open Channel [id: 0xc59d382e, L:/127.0.0.1:50076 - R:localhost/127.0.0.1:56938] for GET '/session/1dd15390feb32c6e0832b49e91ba78b6/screenshot'
18:35:28.810 [AsyncHttpClient-1-3] DEBUG org.asynchttpclient.netty.handler.HttpHandler - 

Request DefaultFullHttpRequest(decodeResult: success, version: HTTP/1.1, content: EmptyByteBufBE)
GET /session/1dd15390feb32c6e0832b49e91ba78b6/screenshot HTTP/1.1
User-Agent: selenium/4.1.4 (java windows)
Cache-Control: no-cache
Content-Type: application/json; charset=utf-8
host: localhost:56938
accept: */*

Response DefaultHttpResponse(decodeResult: success, version: HTTP/1.1)
HTTP/1.1 200 OK
Content-Type: application/json; charset=utf-8
cache-control: no-cache
content-length: 344140

18:35:28.810 [AsyncHttpClient-1-3] DEBUG org.asynchttpclient.netty.channel.ChannelManager - Adding key: http://localhost:56938 for channel [id: 0xc59d382e, L:/127.0.0.1:50076 - R:localhost/127.0.0.1:56938]
18:35:28.817 [main] DEBUG net.serenitybdd.core.photography.Darkroom - Send negative for processing for target\site\serenity\16e994d2ff37ef0b8f40a7838c249999fc2b4ba86c4b34c23e44bac5c28ab916.png
18:35:28.817 [main] DEBUG net.thucydides.core.steps.StepInterceptor - STARTING STEP: PatientDataSteps.clickButtonEditProfil - clickButtonEditDataPasien
18:35:28.817 [Darkroom Processing Line] DEBUG net.serenitybdd.core.photography.DarkroomProcessingLine - Processing screenshot image in /var/screenshots/screenshot-15238329114893770506
18:35:28.817 [Darkroom Processing Line] DEBUG net.serenitybdd.core.photography.DarkroomProcessingLine - Saving screenshot to target\site\serenity\16e994d2ff37ef0b8f40a7838c249999fc2b4ba86c4b34c23e44bac5c28ab916.png
18:35:28.820 [Forwarding findElement on session 1dd15390feb32c6e0832b49e91ba78b6 to remote] DEBUG org.asynchttpclient.netty.request.NettyRequestSender - Using pooled Channel '[id: 0xc59d382e, L:/127.0.0.1:50076 - R:localhost/127.0.0.1:56938]' for 'POST' to 'http://localhost:56938/session/1dd15390feb32c6e0832b49e91ba78b6/element'
18:35:28.820 [Forwarding findElement on session 1dd15390feb32c6e0832b49e91ba78b6 to remote] DEBUG org.asynchttpclient.netty.request.NettyRequestSender - Using open Channel [id: 0xc59d382e, L:/127.0.0.1:50076 - R:localhost/127.0.0.1:56938] for POST '/session/1dd15390feb32c6e0832b49e91ba78b6/element'
18:35:28.829 [AsyncHttpClient-1-3] DEBUG org.asynchttpclient.netty.handler.HttpHandler - 

Request DefaultHttpRequest(decodeResult: success, version: HTTP/1.1)
POST /session/1dd15390feb32c6e0832b49e91ba78b6/element HTTP/1.1
User-Agent: selenium/4.1.4 (java windows)
Content-Length: 116
Content-Type: application/json; charset=utf-8
host: localhost:56938
accept: */*

Response DefaultHttpResponse(decodeResult: success, version: HTTP/1.1)
HTTP/1.1 200 OK
Content-Type: application/json; charset=utf-8
cache-control: no-cache
content-length: 88

18:35:28.829 [AsyncHttpClient-1-3] DEBUG org.asynchttpclient.netty.channel.ChannelManager - Adding key: http://localhost:56938 for channel [id: 0xc59d382e, L:/127.0.0.1:50076 - R:localhost/127.0.0.1:56938]
18:35:28.829 [Forwarding getElementTagName on session 1dd15390feb32c6e0832b49e91ba78b6 to remote] DEBUG org.asynchttpclient.netty.request.NettyRequestSender - Using pooled Channel '[id: 0xc59d382e, L:/127.0.0.1:50076 - R:localhost/127.0.0.1:56938]' for 'GET' to 'http://localhost:56938/session/1dd15390feb32c6e0832b49e91ba78b6/element/6517370d-b0db-4d1d-a923-8ed51d7b96e4/name'
18:35:28.829 [Forwarding getElementTagName on session 1dd15390feb32c6e0832b49e91ba78b6 to remote] DEBUG org.asynchttpclient.netty.request.NettyRequestSender - Using open Channel [id: 0xc59d382e, L:/127.0.0.1:50076 - R:localhost/127.0.0.1:56938] for GET '/session/1dd15390feb32c6e0832b49e91ba78b6/element/6517370d-b0db-4d1d-a923-8ed51d7b96e4/name'
18:35:28.833 [AsyncHttpClient-1-3] DEBUG org.asynchttpclient.netty.handler.HttpHandler - 

Request DefaultFullHttpRequest(decodeResult: success, version: HTTP/1.1, content: EmptyByteBufBE)
GET /session/1dd15390feb32c6e0832b49e91ba78b6/element/6517370d-b0db-4d1d-a923-8ed51d7b96e4/name HTTP/1.1
User-Agent: selenium/4.1.4 (java windows)
Cache-Control: no-cache
Content-Type: application/json; charset=utf-8
host: localhost:56938
accept: */*

Response DefaultHttpResponse(decodeResult: success, version: HTTP/1.1)
HTTP/1.1 200 OK
Content-Type: application/json; charset=utf-8
cache-control: no-cache
content-length: 18

18:35:28.833 [AsyncHttpClient-1-3] DEBUG org.asynchttpclient.netty.channel.ChannelManager - Adding key: http://localhost:56938 for channel [id: 0xc59d382e, L:/127.0.0.1:50076 - R:localhost/127.0.0.1:56938]
18:35:28.834 [Forwarding getElementTagName on session 1dd15390feb32c6e0832b49e91ba78b6 to remote] DEBUG org.asynchttpclient.netty.request.NettyRequestSender - Using pooled Channel '[id: 0xc59d382e, L:/127.0.0.1:50076 - R:localhost/127.0.0.1:56938]' for 'GET' to 'http://localhost:56938/session/1dd15390feb32c6e0832b49e91ba78b6/element/6517370d-b0db-4d1d-a923-8ed51d7b96e4/name'
18:35:28.834 [Forwarding getElementTagName on session 1dd15390feb32c6e0832b49e91ba78b6 to remote] DEBUG org.asynchttpclient.netty.request.NettyRequestSender - Using open Channel [id: 0xc59d382e, L:/127.0.0.1:50076 - R:localhost/127.0.0.1:56938] for GET '/session/1dd15390feb32c6e0832b49e91ba78b6/element/6517370d-b0db-4d1d-a923-8ed51d7b96e4/name'
18:35:28.837 [AsyncHttpClient-1-3] DEBUG org.asynchttpclient.netty.handler.HttpHandler - 

Request DefaultFullHttpRequest(decodeResult: success, version: HTTP/1.1, content: EmptyByteBufBE)
GET /session/1dd15390feb32c6e0832b49e91ba78b6/element/6517370d-b0db-4d1d-a923-8ed51d7b96e4/name HTTP/1.1
User-Agent: selenium/4.1.4 (java windows)
Cache-Control: no-cache
Content-Type: application/json; charset=utf-8
host: localhost:56938
accept: */*

Response DefaultHttpResponse(decodeResult: success, version: HTTP/1.1)
HTTP/1.1 200 OK
Content-Type: application/json; charset=utf-8
cache-control: no-cache
content-length: 18

18:35:28.837 [AsyncHttpClient-1-3] DEBUG org.asynchttpclient.netty.channel.ChannelManager - Adding key: http://localhost:56938 for channel [id: 0xc59d382e, L:/127.0.0.1:50076 - R:localhost/127.0.0.1:56938]
18:35:28.839 [Forwarding isElementEnabled on session 1dd15390feb32c6e0832b49e91ba78b6 to remote] DEBUG org.asynchttpclient.netty.request.NettyRequestSender - Using pooled Channel '[id: 0xc59d382e, L:/127.0.0.1:50076 - R:localhost/127.0.0.1:56938]' for 'GET' to 'http://localhost:56938/session/1dd15390feb32c6e0832b49e91ba78b6/element/6517370d-b0db-4d1d-a923-8ed51d7b96e4/enabled'
18:35:28.839 [Forwarding isElementEnabled on session 1dd15390feb32c6e0832b49e91ba78b6 to remote] DEBUG org.asynchttpclient.netty.request.NettyRequestSender - Using open Channel [id: 0xc59d382e, L:/127.0.0.1:50076 - R:localhost/127.0.0.1:56938] for GET '/session/1dd15390feb32c6e0832b49e91ba78b6/element/6517370d-b0db-4d1d-a923-8ed51d7b96e4/enabled'
18:35:28.845 [AsyncHttpClient-1-3] DEBUG org.asynchttpclient.netty.handler.HttpHandler - 

Request DefaultFullHttpRequest(decodeResult: success, version: HTTP/1.1, content: EmptyByteBufBE)
GET /session/1dd15390feb32c6e0832b49e91ba78b6/element/6517370d-b0db-4d1d-a923-8ed51d7b96e4/enabled HTTP/1.1
User-Agent: selenium/4.1.4 (java windows)
Cache-Control: no-cache
Content-Type: application/json; charset=utf-8
host: localhost:56938
accept: */*

Response DefaultHttpResponse(decodeResult: success, version: HTTP/1.1)
HTTP/1.1 200 OK
Content-Type: application/json; charset=utf-8
cache-control: no-cache
content-length: 14

18:35:28.845 [AsyncHttpClient-1-3] DEBUG org.asynchttpclient.netty.channel.ChannelManager - Adding key: http://localhost:56938 for channel [id: 0xc59d382e, L:/127.0.0.1:50076 - R:localhost/127.0.0.1:56938]
18:35:28.846 [Forwarding isElementEnabled on session 1dd15390feb32c6e0832b49e91ba78b6 to remote] DEBUG org.asynchttpclient.netty.request.NettyRequestSender - Using pooled Channel '[id: 0xc59d382e, L:/127.0.0.1:50076 - R:localhost/127.0.0.1:56938]' for 'GET' to 'http://localhost:56938/session/1dd15390feb32c6e0832b49e91ba78b6/element/6517370d-b0db-4d1d-a923-8ed51d7b96e4/enabled'
18:35:28.846 [Forwarding isElementEnabled on session 1dd15390feb32c6e0832b49e91ba78b6 to remote] DEBUG org.asynchttpclient.netty.request.NettyRequestSender - Using open Channel [id: 0xc59d382e, L:/127.0.0.1:50076 - R:localhost/127.0.0.1:56938] for GET '/session/1dd15390feb32c6e0832b49e91ba78b6/element/6517370d-b0db-4d1d-a923-8ed51d7b96e4/enabled'
18:35:28.850 [AsyncHttpClient-1-3] DEBUG org.asynchttpclient.netty.handler.HttpHandler - 

Request DefaultFullHttpRequest(decodeResult: success, version: HTTP/1.1, content: EmptyByteBufBE)
GET /session/1dd15390feb32c6e0832b49e91ba78b6/element/6517370d-b0db-4d1d-a923-8ed51d7b96e4/enabled HTTP/1.1
User-Agent: selenium/4.1.4 (java windows)
Cache-Control: no-cache
Content-Type: application/json; charset=utf-8
host: localhost:56938
accept: */*

Response DefaultHttpResponse(decodeResult: success, version: HTTP/1.1)
HTTP/1.1 200 OK
Content-Type: application/json; charset=utf-8
cache-control: no-cache
content-length: 14

18:35:28.851 [AsyncHttpClient-1-3] DEBUG org.asynchttpclient.netty.channel.ChannelManager - Adding key: http://localhost:56938 for channel [id: 0xc59d382e, L:/127.0.0.1:50076 - R:localhost/127.0.0.1:56938]
18:35:28.852 [Forwarding findElement on session 1dd15390feb32c6e0832b49e91ba78b6 to remote] DEBUG org.asynchttpclient.netty.request.NettyRequestSender - Using pooled Channel '[id: 0xc59d382e, L:/127.0.0.1:50076 - R:localhost/127.0.0.1:56938]' for 'POST' to 'http://localhost:56938/session/1dd15390feb32c6e0832b49e91ba78b6/element'
18:35:28.852 [Forwarding findElement on session 1dd15390feb32c6e0832b49e91ba78b6 to remote] DEBUG org.asynchttpclient.netty.request.NettyRequestSender - Using open Channel [id: 0xc59d382e, L:/127.0.0.1:50076 - R:localhost/127.0.0.1:56938] for POST '/session/1dd15390feb32c6e0832b49e91ba78b6/element'
18:35:28.858 [AsyncHttpClient-1-3] DEBUG org.asynchttpclient.netty.handler.HttpHandler - 

Request DefaultHttpRequest(decodeResult: success, version: HTTP/1.1)
POST /session/1dd15390feb32c6e0832b49e91ba78b6/element HTTP/1.1
User-Agent: selenium/4.1.4 (java windows)
Content-Length: 116
Content-Type: application/json; charset=utf-8
host: localhost:56938
accept: */*

Response DefaultHttpResponse(decodeResult: success, version: HTTP/1.1)
HTTP/1.1 200 OK
Content-Type: application/json; charset=utf-8
cache-control: no-cache
content-length: 88

18:35:28.858 [AsyncHttpClient-1-3] DEBUG org.asynchttpclient.netty.channel.ChannelManager - Adding key: http://localhost:56938 for channel [id: 0xc59d382e, L:/127.0.0.1:50076 - R:localhost/127.0.0.1:56938]
18:35:28.858 [Forwarding clickElement on session 1dd15390feb32c6e0832b49e91ba78b6 to remote] DEBUG org.asynchttpclient.netty.request.NettyRequestSender - Using pooled Channel '[id: 0xc59d382e, L:/127.0.0.1:50076 - R:localhost/127.0.0.1:56938]' for 'POST' to 'http://localhost:56938/session/1dd15390feb32c6e0832b49e91ba78b6/element/6517370d-b0db-4d1d-a923-8ed51d7b96e4/click'
18:35:28.858 [Forwarding clickElement on session 1dd15390feb32c6e0832b49e91ba78b6 to remote] DEBUG org.asynchttpclient.netty.request.NettyRequestSender - Using open Channel [id: 0xc59d382e, L:/127.0.0.1:50076 - R:localhost/127.0.0.1:56938] for POST '/session/1dd15390feb32c6e0832b49e91ba78b6/element/6517370d-b0db-4d1d-a923-8ed51d7b96e4/click'
18:35:28.945 [AsyncHttpClient-1-3] DEBUG org.asynchttpclient.netty.handler.HttpHandler - 

Request DefaultHttpRequest(decodeResult: success, version: HTTP/1.1)
POST /session/1dd15390feb32c6e0832b49e91ba78b6/element/6517370d-b0db-4d1d-a923-8ed51d7b96e4/click HTTP/1.1
User-Agent: selenium/4.1.4 (java windows)
Content-Length: 50
Content-Type: application/json; charset=utf-8
host: localhost:56938
accept: */*

Response DefaultHttpResponse(decodeResult: success, version: HTTP/1.1)
HTTP/1.1 200 OK
Content-Type: application/json; charset=utf-8
cache-control: no-cache
content-length: 14

18:35:28.945 [AsyncHttpClient-1-3] DEBUG org.asynchttpclient.netty.channel.ChannelManager - Adding key: http://localhost:56938 for channel [id: 0xc59d382e, L:/127.0.0.1:50076 - R:localhost/127.0.0.1:56938]
18:35:28.949 [Forwarding screenshot on session 1dd15390feb32c6e0832b49e91ba78b6 to remote] DEBUG org.asynchttpclient.netty.request.NettyRequestSender - Using pooled Channel '[id: 0xc59d382e, L:/127.0.0.1:50076 - R:localhost/127.0.0.1:56938]' for 'GET' to 'http://localhost:56938/session/1dd15390feb32c6e0832b49e91ba78b6/screenshot'
18:35:28.949 [Forwarding screenshot on session 1dd15390feb32c6e0832b49e91ba78b6 to remote] DEBUG org.asynchttpclient.netty.request.NettyRequestSender - Using open Channel [id: 0xc59d382e, L:/127.0.0.1:50076 - R:localhost/127.0.0.1:56938] for GET '/session/1dd15390feb32c6e0832b49e91ba78b6/screenshot'
18:35:29.317 [AsyncHttpClient-1-3] DEBUG org.asynchttpclient.netty.handler.HttpHandler - 

Request DefaultFullHttpRequest(decodeResult: success, version: HTTP/1.1, content: EmptyByteBufBE)
GET /session/1dd15390feb32c6e0832b49e91ba78b6/screenshot HTTP/1.1
User-Agent: selenium/4.1.4 (java windows)
Cache-Control: no-cache
Content-Type: application/json; charset=utf-8
host: localhost:56938
accept: */*

Response DefaultHttpResponse(decodeResult: success, version: HTTP/1.1)
HTTP/1.1 200 OK
Content-Type: application/json; charset=utf-8
cache-control: no-cache
content-length: 360944

18:35:29.317 [AsyncHttpClient-1-3] DEBUG org.asynchttpclient.netty.channel.ChannelManager - Adding key: http://localhost:56938 for channel [id: 0xc59d382e, L:/127.0.0.1:50076 - R:localhost/127.0.0.1:56938]
18:35:29.332 [main] DEBUG net.serenitybdd.core.photography.Darkroom - Send negative for processing for target\site\serenity\bb8c6cb0e03a0f89101b1b4c5d049aecf9721caa1c23216548c8869e63aff963.png
18:35:29.332 [main] DEBUG net.thucydides.core.steps.StepInterceptor - STEP DONE: clickButtonEditDataPasien
  &amp#27;[32mAnd &amp#27;[0m&amp#27;[32mClick button edit profil&amp#27;[0m                                                       &amp#27;[90m# starter.stepdefinitios.PatientDataSteps.clickButtonEditProfil()&amp#27;[0m
18:35:29.332 [Darkroom Processing Line] DEBUG net.serenitybdd.core.photography.DarkroomProcessingLine - Processing screenshot image in /var/screenshots/screenshot-14760246707748391641
18:35:29.332 [Darkroom Processing Line] DEBUG net.serenitybdd.core.photography.DarkroomProcessingLine - Saving screenshot to target\site\serenity\bb8c6cb0e03a0f89101b1b4c5d049aecf9721caa1c23216548c8869e63aff963.png
18:35:29.440 [AsyncHttpClient-1-1] DEBUG org.asynchttpclient.netty.channel.DefaultChannelPool - Entry count for : http://localhost:56938 : 1
18:35:29.440 [AsyncHttpClient-1-1] DEBUG org.asynchttpclient.netty.channel.DefaultChannelPool - Entry count for : http://localhost:50077 : 1
18:35:30.356 [Forwarding screenshot on session 1dd15390feb32c6e0832b49e91ba78b6 to remote] DEBUG org.asynchttpclient.netty.request.NettyRequestSender - Using pooled Channel '[id: 0xc59d382e, L:/127.0.0.1:50076 - R:localhost/127.0.0.1:56938]' for 'GET' to 'http://localhost:56938/session/1dd15390feb32c6e0832b49e91ba78b6/screenshot'
18:35:30.356 [Forwarding screenshot on session 1dd15390feb32c6e0832b49e91ba78b6 to remote] DEBUG org.asynchttpclient.netty.request.NettyRequestSender - Using open Channel [id: 0xc59d382e, L:/127.0.0.1:50076 - R:localhost/127.0.0.1:56938] for GET '/session/1dd15390feb32c6e0832b49e91ba78b6/screenshot'
18:35:30.536 [AsyncHttpClient-1-1] DEBUG org.asynchttpclient.netty.channel.DefaultChannelPool - Entry count for : http://localhost:50077 : 1
18:35:30.584 [AsyncHttpClient-1-3] DEBUG org.asynchttpclient.netty.handler.HttpHandler - 

Request DefaultFullHttpRequest(decodeResult: success, version: HTTP/1.1, content: EmptyByteBufBE)
GET /session/1dd15390feb32c6e0832b49e91ba78b6/screenshot HTTP/1.1
User-Agent: selenium/4.1.4 (java windows)
Cache-Control: no-cache
Content-Type: application/json; charset=utf-8
host: localhost:56938
accept: */*

Response DefaultHttpResponse(decodeResult: success, version: HTTP/1.1)
HTTP/1.1 200 OK
Content-Type: application/json; charset=utf-8
cache-control: no-cache
content-length: 391412

18:35:30.585 [AsyncHttpClient-1-3] DEBUG org.asynchttpclient.netty.channel.ChannelManager - Adding key: http://localhost:56938 for channel [id: 0xc59d382e, L:/127.0.0.1:50076 - R:localhost/127.0.0.1:56938]
18:35:30.597 [main] DEBUG net.serenitybdd.core.photography.Darkroom - Send negative for processing for target\site\serenity\44da6b97e39b00ca0fa2623cb76e1f5cc5e25e8a7c713590c28bcf34493751f0.png
18:35:30.597 [main] DEBUG net.thucydides.core.steps.StepInterceptor - STARTING STEP: PatientDataSteps.iInputEditPatient - inputDataPasienEdit
18:35:30.598 [Forwarding findElement on session 1dd15390feb32c6e0832b49e91ba78b6 to remote] DEBUG org.asynchttpclient.netty.request.NettyRequestSender - Using pooled Channel '[id: 0xc59d382e, L:/127.0.0.1:50076 - R:localhost/127.0.0.1:56938]' for 'POST' to 'http://localhost:56938/session/1dd15390feb32c6e0832b49e91ba78b6/element'
18:35:30.598 [Forwarding findElement on session 1dd15390feb32c6e0832b49e91ba78b6 to remote] DEBUG org.asynchttpclient.netty.request.NettyRequestSender - Using open Channel [id: 0xc59d382e, L:/127.0.0.1:50076 - R:localhost/127.0.0.1:56938] for POST '/session/1dd15390feb32c6e0832b49e91ba78b6/element'
18:35:30.607 [AsyncHttpClient-1-3] DEBUG org.asynchttpclient.netty.handler.HttpHandler - 

Request DefaultHttpRequest(decodeResult: success, version: HTTP/1.1)
POST /session/1dd15390feb32c6e0832b49e91ba78b6/element HTTP/1.1
User-Agent: selenium/4.1.4 (java windows)
Content-Length: 72
Content-Type: application/json; charset=utf-8
host: localhost:56938
accept: */*

Response DefaultHttpResponse(decodeResult: success, version: HTTP/1.1)
HTTP/1.1 200 OK
Content-Type: application/json; charset=utf-8
cache-control: no-cache
content-length: 88

18:35:30.607 [AsyncHttpClient-1-3] DEBUG org.asynchttpclient.netty.channel.ChannelManager - Adding key: http://localhost:56938 for channel [id: 0xc59d382e, L:/127.0.0.1:50076 - R:localhost/127.0.0.1:56938]
18:35:30.607 [Forwarding sendKeysToElement on session 1dd15390feb32c6e0832b49e91ba78b6 to remote] DEBUG org.asynchttpclient.netty.request.NettyRequestSender - Using pooled Channel '[id: 0xc59d382e, L:/127.0.0.1:50076 - R:localhost/127.0.0.1:56938]' for 'POST' to 'http://localhost:56938/session/1dd15390feb32c6e0832b49e91ba78b6/element/e1a57b2a-ef13-497c-b5e7-82de9858ba3c/value'
18:35:30.607 [Forwarding sendKeysToElement on session 1dd15390feb32c6e0832b49e91ba78b6 to remote] DEBUG org.asynchttpclient.netty.request.NettyRequestSender - Using open Channel [id: 0xc59d382e, L:/127.0.0.1:50076 - R:localhost/127.0.0.1:56938] for POST '/session/1dd15390feb32c6e0832b49e91ba78b6/element/e1a57b2a-ef13-497c-b5e7-82de9858ba3c/value'
18:35:30.735 [AsyncHttpClient-1-3] DEBUG org.asynchttpclient.netty.handler.HttpHandler - 

Request DefaultHttpRequest(decodeResult: success, version: HTTP/1.1)
POST /session/1dd15390feb32c6e0832b49e91ba78b6/element/e1a57b2a-ef13-497c-b5e7-82de9858ba3c/value HTTP/1.1
User-Agent: selenium/4.1.4 (java windows)
Content-Length: 169
Content-Type: application/json; charset=utf-8
host: localhost:56938
accept: */*

Response DefaultHttpResponse(decodeResult: success, version: HTTP/1.1)
HTTP/1.1 200 OK
Content-Type: application/json; charset=utf-8
cache-control: no-cache
content-length: 14

18:35:30.735 [AsyncHttpClient-1-3] DEBUG org.asynchttpclient.netty.channel.ChannelManager - Adding key: http://localhost:56938 for channel [id: 0xc59d382e, L:/127.0.0.1:50076 - R:localhost/127.0.0.1:56938]
18:35:30.737 [Forwarding findElement on session 1dd15390feb32c6e0832b49e91ba78b6 to remote] DEBUG org.asynchttpclient.netty.request.NettyRequestSender - Using pooled Channel '[id: 0xc59d382e, L:/127.0.0.1:50076 - R:localhost/127.0.0.1:56938]' for 'POST' to 'http://localhost:56938/session/1dd15390feb32c6e0832b49e91ba78b6/element'
18:35:30.737 [Forwarding findElement on session 1dd15390feb32c6e0832b49e91ba78b6 to remote] DEBUG org.asynchttpclient.netty.request.NettyRequestSender - Using open Channel [id: 0xc59d382e, L:/127.0.0.1:50076 - R:localhost/127.0.0.1:56938] for POST '/session/1dd15390feb32c6e0832b49e91ba78b6/element'
18:35:30.742 [AsyncHttpClient-1-3] DEBUG org.asynchttpclient.netty.handler.HttpHandler - 

Request DefaultHttpRequest(decodeResult: success, version: HTTP/1.1)
POST /session/1dd15390feb32c6e0832b49e91ba78b6/element HTTP/1.1
User-Agent: selenium/4.1.4 (java windows)
Content-Length: 72
Content-Type: application/json; charset=utf-8
host: localhost:56938
accept: */*

Response DefaultHttpResponse(decodeResult: success, version: HTTP/1.1)
HTTP/1.1 200 OK
Content-Type: application/json; charset=utf-8
cache-control: no-cache
content-length: 88

18:35:30.743 [AsyncHttpClient-1-3] DEBUG org.asynchttpclient.netty.channel.ChannelManager - Adding key: http://localhost:56938 for channel [id: 0xc59d382e, L:/127.0.0.1:50076 - R:localhost/127.0.0.1:56938]
18:35:30.743 [Forwarding sendKeysToElement on session 1dd15390feb32c6e0832b49e91ba78b6 to remote] DEBUG org.asynchttpclient.netty.request.NettyRequestSender - Using pooled Channel '[id: 0xc59d382e, L:/127.0.0.1:50076 - R:localhost/127.0.0.1:56938]' for 'POST' to 'http://localhost:56938/session/1dd15390feb32c6e0832b49e91ba78b6/element/e1a57b2a-ef13-497c-b5e7-82de9858ba3c/value'
18:35:30.743 [Forwarding sendKeysToElement on session 1dd15390feb32c6e0832b49e91ba78b6 to remote] DEBUG org.asynchttpclient.netty.request.NettyRequestSender - Using open Channel [id: 0xc59d382e, L:/127.0.0.1:50076 - R:localhost/127.0.0.1:56938] for POST '/session/1dd15390feb32c6e0832b49e91ba78b6/element/e1a57b2a-ef13-497c-b5e7-82de9858ba3c/value'
18:35:30.827 [AsyncHttpClient-1-3] DEBUG org.asynchttpclient.netty.handler.HttpHandler - 

Request DefaultHttpRequest(decodeResult: success, version: HTTP/1.1)
POST /session/1dd15390feb32c6e0832b49e91ba78b6/element/e1a57b2a-ef13-497c-b5e7-82de9858ba3c/value HTTP/1.1
User-Agent: selenium/4.1.4 (java windows)
Content-Length: 131
Content-Type: application/json; charset=utf-8
host: localhost:56938
accept: */*

Response DefaultHttpResponse(decodeResult: success, version: HTTP/1.1)
HTTP/1.1 200 OK
Content-Type: application/json; charset=utf-8
cache-control: no-cache
content-length: 14

18:35:30.827 [AsyncHttpClient-1-3] DEBUG org.asynchttpclient.netty.channel.ChannelManager - Adding key: http://localhost:56938 for channel [id: 0xc59d382e, L:/127.0.0.1:50076 - R:localhost/127.0.0.1:56938]
18:35:30.829 [Forwarding findElement on session 1dd15390feb32c6e0832b49e91ba78b6 to remote] DEBUG org.asynchttpclient.netty.request.NettyRequestSender - Using pooled Channel '[id: 0xc59d382e, L:/127.0.0.1:50076 - R:localhost/127.0.0.1:56938]' for 'POST' to 'http://localhost:56938/session/1dd15390feb32c6e0832b49e91ba78b6/element'
18:35:30.829 [Forwarding findElement on session 1dd15390feb32c6e0832b49e91ba78b6 to remote] DEBUG org.asynchttpclient.netty.request.NettyRequestSender - Using open Channel [id: 0xc59d382e, L:/127.0.0.1:50076 - R:localhost/127.0.0.1:56938] for POST '/session/1dd15390feb32c6e0832b49e91ba78b6/element'
18:35:30.839 [AsyncHttpClient-1-3] DEBUG org.asynchttpclient.netty.handler.HttpHandler - 

Request DefaultHttpRequest(decodeResult: success, version: HTTP/1.1)
POST /session/1dd15390feb32c6e0832b49e91ba78b6/element HTTP/1.1
User-Agent: selenium/4.1.4 (java windows)
Content-Length: 65
Content-Type: application/json; charset=utf-8
host: localhost:56938
accept: */*

Response DefaultHttpResponse(decodeResult: success, version: HTTP/1.1)
HTTP/1.1 200 OK
Content-Type: application/json; charset=utf-8
cache-control: no-cache
content-length: 88

18:35:30.839 [AsyncHttpClient-1-3] DEBUG org.asynchttpclient.netty.channel.ChannelManager - Adding key: http://localhost:56938 for channel [id: 0xc59d382e, L:/127.0.0.1:50076 - R:localhost/127.0.0.1:56938]
18:35:30.840 [Forwarding sendKeysToElement on session 1dd15390feb32c6e0832b49e91ba78b6 to remote] DEBUG org.asynchttpclient.netty.request.NettyRequestSender - Using pooled Channel '[id: 0xc59d382e, L:/127.0.0.1:50076 - R:localhost/127.0.0.1:56938]' for 'POST' to 'http://localhost:56938/session/1dd15390feb32c6e0832b49e91ba78b6/element/65a18555-2175-4e96-821b-a17716f26fd6/value'
18:35:30.840 [Forwarding sendKeysToElement on session 1dd15390feb32c6e0832b49e91ba78b6 to remote] DEBUG org.asynchttpclient.netty.request.NettyRequestSender - Using open Channel [id: 0xc59d382e, L:/127.0.0.1:50076 - R:localhost/127.0.0.1:56938] for POST '/session/1dd15390feb32c6e0832b49e91ba78b6/element/65a18555-2175-4e96-821b-a17716f26fd6/value'
18:35:31.158 [AsyncHttpClient-1-3] DEBUG org.asynchttpclient.netty.handler.HttpHandler - 

Request DefaultHttpRequest(decodeResult: success, version: HTTP/1.1)
POST /session/1dd15390feb32c6e0832b49e91ba78b6/element/65a18555-2175-4e96-821b-a17716f26fd6/value HTTP/1.1
User-Agent: selenium/4.1.4 (java windows)
Content-Length: 279
Content-Type: application/json; charset=utf-8
host: localhost:56938
accept: */*

Response DefaultHttpResponse(decodeResult: success, version: HTTP/1.1)
HTTP/1.1 200 OK
Content-Type: application/json; charset=utf-8
cache-control: no-cache
content-length: 14

18:35:31.158 [AsyncHttpClient-1-3] DEBUG org.asynchttpclient.netty.channel.ChannelManager - Adding key: http://localhost:56938 for channel [id: 0xc59d382e, L:/127.0.0.1:50076 - R:localhost/127.0.0.1:56938]
18:35:31.160 [Forwarding findElement on session 1dd15390feb32c6e0832b49e91ba78b6 to remote] DEBUG org.asynchttpclient.netty.request.NettyRequestSender - Using pooled Channel '[id: 0xc59d382e, L:/127.0.0.1:50076 - R:localhost/127.0.0.1:56938]' for 'POST' to 'http://localhost:56938/session/1dd15390feb32c6e0832b49e91ba78b6/element'
18:35:31.160 [Forwarding findElement on session 1dd15390feb32c6e0832b49e91ba78b6 to remote] DEBUG org.asynchttpclient.netty.request.NettyRequestSender - Using open Channel [id: 0xc59d382e, L:/127.0.0.1:50076 - R:localhost/127.0.0.1:56938] for POST '/session/1dd15390feb32c6e0832b49e91ba78b6/element'
18:35:31.167 [AsyncHttpClient-1-3] DEBUG org.asynchttpclient.netty.handler.HttpHandler - 

Request DefaultHttpRequest(decodeResult: success, version: HTTP/1.1)
POST /session/1dd15390feb32c6e0832b49e91ba78b6/element HTTP/1.1
User-Agent: selenium/4.1.4 (java windows)
Content-Length: 65
Content-Type: application/json; charset=utf-8
host: localhost:56938
accept: */*

Response DefaultHttpResponse(decodeResult: success, version: HTTP/1.1)
HTTP/1.1 200 OK
Content-Type: application/json; charset=utf-8
cache-control: no-cache
content-length: 88

18:35:31.167 [AsyncHttpClient-1-3] DEBUG org.asynchttpclient.netty.channel.ChannelManager - Adding key: http://localhost:56938 for channel [id: 0xc59d382e, L:/127.0.0.1:50076 - R:localhost/127.0.0.1:56938]
18:35:31.167 [Forwarding sendKeysToElement on session 1dd15390feb32c6e0832b49e91ba78b6 to remote] DEBUG org.asynchttpclient.netty.request.NettyRequestSender - Using pooled Channel '[id: 0xc59d382e, L:/127.0.0.1:50076 - R:localhost/127.0.0.1:56938]' for 'POST' to 'http://localhost:56938/session/1dd15390feb32c6e0832b49e91ba78b6/element/65a18555-2175-4e96-821b-a17716f26fd6/value'
18:35:31.167 [Forwarding sendKeysToElement on session 1dd15390feb32c6e0832b49e91ba78b6 to remote] DEBUG org.asynchttpclient.netty.request.NettyRequestSender - Using open Channel [id: 0xc59d382e, L:/127.0.0.1:50076 - R:localhost/127.0.0.1:56938] for POST '/session/1dd15390feb32c6e0832b49e91ba78b6/element/65a18555-2175-4e96-821b-a17716f26fd6/value'
18:35:31.380 [AsyncHttpClient-1-3] DEBUG org.asynchttpclient.netty.handler.HttpHandler - 

Request DefaultHttpRequest(decodeResult: success, version: HTTP/1.1)
POST /session/1dd15390feb32c6e0832b49e91ba78b6/element/65a18555-2175-4e96-821b-a17716f26fd6/value HTTP/1.1
User-Agent: selenium/4.1.4 (java windows)
Content-Length: 241
Content-Type: application/json; charset=utf-8
host: localhost:56938
accept: */*

Response DefaultHttpResponse(decodeResult: success, version: HTTP/1.1)
HTTP/1.1 200 OK
Content-Type: application/json; charset=utf-8
cache-control: no-cache
content-length: 14

18:35:31.380 [AsyncHttpClient-1-3] DEBUG org.asynchttpclient.netty.channel.ChannelManager - Adding key: http://localhost:56938 for channel [id: 0xc59d382e, L:/127.0.0.1:50076 - R:localhost/127.0.0.1:56938]
18:35:31.381 [Forwarding findElement on session 1dd15390feb32c6e0832b49e91ba78b6 to remote] DEBUG org.asynchttpclient.netty.request.NettyRequestSender - Using pooled Channel '[id: 0xc59d382e, L:/127.0.0.1:50076 - R:localhost/127.0.0.1:56938]' for 'POST' to 'http://localhost:56938/session/1dd15390feb32c6e0832b49e91ba78b6/element'
18:35:31.381 [Forwarding findElement on session 1dd15390feb32c6e0832b49e91ba78b6 to remote] DEBUG org.asynchttpclient.netty.request.NettyRequestSender - Using open Channel [id: 0xc59d382e, L:/127.0.0.1:50076 - R:localhost/127.0.0.1:56938] for POST '/session/1dd15390feb32c6e0832b49e91ba78b6/element'
18:35:31.394 [AsyncHttpClient-1-3] DEBUG org.asynchttpclient.netty.handler.HttpHandler - 

Request DefaultHttpRequest(decodeResult: success, version: HTTP/1.1)
POST /session/1dd15390feb32c6e0832b49e91ba78b6/element HTTP/1.1
User-Agent: selenium/4.1.4 (java windows)
Content-Length: 66
Content-Type: application/json; charset=utf-8
host: localhost:56938
accept: */*

Response DefaultHttpResponse(decodeResult: success, version: HTTP/1.1)
HTTP/1.1 200 OK
Content-Type: application/json; charset=utf-8
cache-control: no-cache
content-length: 88

18:35:31.394 [AsyncHttpClient-1-3] DEBUG org.asynchttpclient.netty.channel.ChannelManager - Adding key: http://localhost:56938 for channel [id: 0xc59d382e, L:/127.0.0.1:50076 - R:localhost/127.0.0.1:56938]
18:35:31.395 [Forwarding sendKeysToElement on session 1dd15390feb32c6e0832b49e91ba78b6 to remote] DEBUG org.asynchttpclient.netty.request.NettyRequestSender - Using pooled Channel '[id: 0xc59d382e, L:/127.0.0.1:50076 - R:localhost/127.0.0.1:56938]' for 'POST' to 'http://localhost:56938/session/1dd15390feb32c6e0832b49e91ba78b6/element/ab55bfc4-7b35-4975-92ad-cd3c2414bbdf/value'
18:35:31.395 [Forwarding sendKeysToElement on session 1dd15390feb32c6e0832b49e91ba78b6 to remote] DEBUG org.asynchttpclient.netty.request.NettyRequestSender - Using open Channel [id: 0xc59d382e, L:/127.0.0.1:50076 - R:localhost/127.0.0.1:56938] for POST '/session/1dd15390feb32c6e0832b49e91ba78b6/element/ab55bfc4-7b35-4975-92ad-cd3c2414bbdf/value'
18:35:31.582 [AsyncHttpClient-1-3] DEBUG org.asynchttpclient.netty.handler.HttpHandler - 

Request DefaultHttpRequest(decodeResult: success, version: HTTP/1.1)
POST /session/1dd15390feb32c6e0832b49e91ba78b6/element/ab55bfc4-7b35-4975-92ad-cd3c2414bbdf/value HTTP/1.1
User-Agent: selenium/4.1.4 (java windows)
Content-Length: 229
Content-Type: application/json; charset=utf-8
host: localhost:56938
accept: */*

Response DefaultHttpResponse(decodeResult: success, version: HTTP/1.1)
HTTP/1.1 200 OK
Content-Type: application/json; charset=utf-8
cache-control: no-cache
content-length: 14

18:35:31.582 [AsyncHttpClient-1-3] DEBUG org.asynchttpclient.netty.channel.ChannelManager - Adding key: http://localhost:56938 for channel [id: 0xc59d382e, L:/127.0.0.1:50076 - R:localhost/127.0.0.1:56938]
18:35:31.585 [Forwarding findElement on session 1dd15390feb32c6e0832b49e91ba78b6 to remote] DEBUG org.asynchttpclient.netty.request.NettyRequestSender - Using pooled Channel '[id: 0xc59d382e, L:/127.0.0.1:50076 - R:localhost/127.0.0.1:56938]' for 'POST' to 'http://localhost:56938/session/1dd15390feb32c6e0832b49e91ba78b6/element'
18:35:31.585 [Forwarding findElement on session 1dd15390feb32c6e0832b49e91ba78b6 to remote] DEBUG org.asynchttpclient.netty.request.NettyRequestSender - Using open Channel [id: 0xc59d382e, L:/127.0.0.1:50076 - R:localhost/127.0.0.1:56938] for POST '/session/1dd15390feb32c6e0832b49e91ba78b6/element'
18:35:31.591 [AsyncHttpClient-1-3] DEBUG org.asynchttpclient.netty.handler.HttpHandler - 

Request DefaultHttpRequest(decodeResult: success, version: HTTP/1.1)
POST /session/1dd15390feb32c6e0832b49e91ba78b6/element HTTP/1.1
User-Agent: selenium/4.1.4 (java windows)
Content-Length: 66
Content-Type: application/json; charset=utf-8
host: localhost:56938
accept: */*

Response DefaultHttpResponse(decodeResult: success, version: HTTP/1.1)
HTTP/1.1 200 OK
Content-Type: application/json; charset=utf-8
cache-control: no-cache
content-length: 88

18:35:31.591 [AsyncHttpClient-1-3] DEBUG org.asynchttpclient.netty.channel.ChannelManager - Adding key: http://localhost:56938 for channel [id: 0xc59d382e, L:/127.0.0.1:50076 - R:localhost/127.0.0.1:56938]
18:35:31.592 [Forwarding sendKeysToElement on session 1dd15390feb32c6e0832b49e91ba78b6 to remote] DEBUG org.asynchttpclient.netty.request.NettyRequestSender - Using pooled Channel '[id: 0xc59d382e, L:/127.0.0.1:50076 - R:localhost/127.0.0.1:56938]' for 'POST' to 'http://localhost:56938/session/1dd15390feb32c6e0832b49e91ba78b6/element/ab55bfc4-7b35-4975-92ad-cd3c2414bbdf/value'
18:35:31.592 [Forwarding sendKeysToElement on session 1dd15390feb32c6e0832b49e91ba78b6 to remote] DEBUG org.asynchttpclient.netty.request.NettyRequestSender - Using open Channel [id: 0xc59d382e, L:/127.0.0.1:50076 - R:localhost/127.0.0.1:56938] for POST '/session/1dd15390feb32c6e0832b49e91ba78b6/element/ab55bfc4-7b35-4975-92ad-cd3c2414bbdf/value'
18:35:31.645 [AsyncHttpClient-1-1] DEBUG org.asynchttpclient.netty.channel.DefaultChannelPool - Entry count for : http://localhost:50077 : 1
18:35:31.746 [AsyncHttpClient-1-3] DEBUG org.asynchttpclient.netty.handler.HttpHandler - 

Request DefaultHttpRequest(decodeResult: success, version: HTTP/1.1)
POST /session/1dd15390feb32c6e0832b49e91ba78b6/element/ab55bfc4-7b35-4975-92ad-cd3c2414bbdf/value HTTP/1.1
User-Agent: selenium/4.1.4 (java windows)
Content-Length: 191
Content-Type: application/json; charset=utf-8
host: localhost:56938
accept: */*

Response DefaultHttpResponse(decodeResult: success, version: HTTP/1.1)
HTTP/1.1 200 OK
Content-Type: application/json; charset=utf-8
cache-control: no-cache
content-length: 14

18:35:31.746 [AsyncHttpClient-1-3] DEBUG org.asynchttpclient.netty.channel.ChannelManager - Adding key: http://localhost:56938 for channel [id: 0xc59d382e, L:/127.0.0.1:50076 - R:localhost/127.0.0.1:56938]
18:35:31.748 [Forwarding findElement on session 1dd15390feb32c6e0832b49e91ba78b6 to remote] DEBUG org.asynchttpclient.netty.request.NettyRequestSender - Using pooled Channel '[id: 0xc59d382e, L:/127.0.0.1:50076 - R:localhost/127.0.0.1:56938]' for 'POST' to 'http://localhost:56938/session/1dd15390feb32c6e0832b49e91ba78b6/element'
18:35:31.748 [Forwarding findElement on session 1dd15390feb32c6e0832b49e91ba78b6 to remote] DEBUG org.asynchttpclient.netty.request.NettyRequestSender - Using open Channel [id: 0xc59d382e, L:/127.0.0.1:50076 - R:localhost/127.0.0.1:56938] for POST '/session/1dd15390feb32c6e0832b49e91ba78b6/element'
18:35:31.758 [AsyncHttpClient-1-3] DEBUG org.asynchttpclient.netty.handler.HttpHandler - 

Request DefaultHttpRequest(decodeResult: success, version: HTTP/1.1)
POST /session/1dd15390feb32c6e0832b49e91ba78b6/element HTTP/1.1
User-Agent: selenium/4.1.4 (java windows)
Content-Length: 68
Content-Type: application/json; charset=utf-8
host: localhost:56938
accept: */*

Response DefaultHttpResponse(decodeResult: success, version: HTTP/1.1)
HTTP/1.1 200 OK
Content-Type: application/json; charset=utf-8
cache-control: no-cache
content-length: 88

18:35:31.758 [AsyncHttpClient-1-3] DEBUG org.asynchttpclient.netty.channel.ChannelManager - Adding key: http://localhost:56938 for channel [id: 0xc59d382e, L:/127.0.0.1:50076 - R:localhost/127.0.0.1:56938]
18:35:31.759 [Forwarding sendKeysToElement on session 1dd15390feb32c6e0832b49e91ba78b6 to remote] DEBUG org.asynchttpclient.netty.request.NettyRequestSender - Using pooled Channel '[id: 0xc59d382e, L:/127.0.0.1:50076 - R:localhost/127.0.0.1:56938]' for 'POST' to 'http://localhost:56938/session/1dd15390feb32c6e0832b49e91ba78b6/element/afbaeaa0-ebba-46fd-b447-64947591493d/value'
18:35:31.759 [Forwarding sendKeysToElement on session 1dd15390feb32c6e0832b49e91ba78b6 to remote] DEBUG org.asynchttpclient.netty.request.NettyRequestSender - Using open Channel [id: 0xc59d382e, L:/127.0.0.1:50076 - R:localhost/127.0.0.1:56938] for POST '/session/1dd15390feb32c6e0832b49e91ba78b6/element/afbaeaa0-ebba-46fd-b447-64947591493d/value'
18:35:31.890 [AsyncHttpClient-1-3] DEBUG org.asynchttpclient.netty.handler.HttpHandler - 

Request DefaultHttpRequest(decodeResult: success, version: HTTP/1.1)
POST /session/1dd15390feb32c6e0832b49e91ba78b6/element/afbaeaa0-ebba-46fd-b447-64947591493d/value HTTP/1.1
User-Agent: selenium/4.1.4 (java windows)
Content-Length: 209
Content-Type: application/json; charset=utf-8
host: localhost:56938
accept: */*

Response DefaultHttpResponse(decodeResult: success, version: HTTP/1.1)
HTTP/1.1 200 OK
Content-Type: application/json; charset=utf-8
cache-control: no-cache
content-length: 14

18:35:31.890 [AsyncHttpClient-1-3] DEBUG org.asynchttpclient.netty.channel.ChannelManager - Adding key: http://localhost:56938 for channel [id: 0xc59d382e, L:/127.0.0.1:50076 - R:localhost/127.0.0.1:56938]
18:35:31.893 [Forwarding findElement on session 1dd15390feb32c6e0832b49e91ba78b6 to remote] DEBUG org.asynchttpclient.netty.request.NettyRequestSender - Using pooled Channel '[id: 0xc59d382e, L:/127.0.0.1:50076 - R:localhost/127.0.0.1:56938]' for 'POST' to 'http://localhost:56938/session/1dd15390feb32c6e0832b49e91ba78b6/element'
18:35:31.893 [Forwarding findElement on session 1dd15390feb32c6e0832b49e91ba78b6 to remote] DEBUG org.asynchttpclient.netty.request.NettyRequestSender - Using open Channel [id: 0xc59d382e, L:/127.0.0.1:50076 - R:localhost/127.0.0.1:56938] for POST '/session/1dd15390feb32c6e0832b49e91ba78b6/element'
18:35:31.900 [AsyncHttpClient-1-3] DEBUG org.asynchttpclient.netty.handler.HttpHandler - 

Request DefaultHttpRequest(decodeResult: success, version: HTTP/1.1)
POST /session/1dd15390feb32c6e0832b49e91ba78b6/element HTTP/1.1
User-Agent: selenium/4.1.4 (java windows)
Content-Length: 68
Content-Type: application/json; charset=utf-8
host: localhost:56938
accept: */*

Response DefaultHttpResponse(decodeResult: success, version: HTTP/1.1)
HTTP/1.1 200 OK
Content-Type: application/json; charset=utf-8
cache-control: no-cache
content-length: 88

18:35:31.900 [AsyncHttpClient-1-3] DEBUG org.asynchttpclient.netty.channel.ChannelManager - Adding key: http://localhost:56938 for channel [id: 0xc59d382e, L:/127.0.0.1:50076 - R:localhost/127.0.0.1:56938]
18:35:31.900 [Forwarding sendKeysToElement on session 1dd15390feb32c6e0832b49e91ba78b6 to remote] DEBUG org.asynchttpclient.netty.request.NettyRequestSender - Using pooled Channel '[id: 0xc59d382e, L:/127.0.0.1:50076 - R:localhost/127.0.0.1:56938]' for 'POST' to 'http://localhost:56938/session/1dd15390feb32c6e0832b49e91ba78b6/element/afbaeaa0-ebba-46fd-b447-64947591493d/value'
18:35:31.900 [Forwarding sendKeysToElement on session 1dd15390feb32c6e0832b49e91ba78b6 to remote] DEBUG org.asynchttpclient.netty.request.NettyRequestSender - Using open Channel [id: 0xc59d382e, L:/127.0.0.1:50076 - R:localhost/127.0.0.1:56938] for POST '/session/1dd15390feb32c6e0832b49e91ba78b6/element/afbaeaa0-ebba-46fd-b447-64947591493d/value'
18:35:32.042 [AsyncHttpClient-1-3] DEBUG org.asynchttpclient.netty.handler.HttpHandler - 

Request DefaultHttpRequest(decodeResult: success, version: HTTP/1.1)
POST /session/1dd15390feb32c6e0832b49e91ba78b6/element/afbaeaa0-ebba-46fd-b447-64947591493d/value HTTP/1.1
User-Agent: selenium/4.1.4 (java windows)
Content-Length: 171
Content-Type: application/json; charset=utf-8
host: localhost:56938
accept: */*

Response DefaultHttpResponse(decodeResult: success, version: HTTP/1.1)
HTTP/1.1 200 OK
Content-Type: application/json; charset=utf-8
cache-control: no-cache
content-length: 14

18:35:32.042 [AsyncHttpClient-1-3] DEBUG org.asynchttpclient.netty.channel.ChannelManager - Adding key: http://localhost:56938 for channel [id: 0xc59d382e, L:/127.0.0.1:50076 - R:localhost/127.0.0.1:56938]
18:35:32.044 [Forwarding findElement on session 1dd15390feb32c6e0832b49e91ba78b6 to remote] DEBUG org.asynchttpclient.netty.request.NettyRequestSender - Using pooled Channel '[id: 0xc59d382e, L:/127.0.0.1:50076 - R:localhost/127.0.0.1:56938]' for 'POST' to 'http://localhost:56938/session/1dd15390feb32c6e0832b49e91ba78b6/element'
18:35:32.044 [Forwarding findElement on session 1dd15390feb32c6e0832b49e91ba78b6 to remote] DEBUG org.asynchttpclient.netty.request.NettyRequestSender - Using open Channel [id: 0xc59d382e, L:/127.0.0.1:50076 - R:localhost/127.0.0.1:56938] for POST '/session/1dd15390feb32c6e0832b49e91ba78b6/element'
18:35:32.056 [AsyncHttpClient-1-3] DEBUG org.asynchttpclient.netty.handler.HttpHandler - 

Request DefaultHttpRequest(decodeResult: success, version: HTTP/1.1)
POST /session/1dd15390feb32c6e0832b49e91ba78b6/element HTTP/1.1
User-Agent: selenium/4.1.4 (java windows)
Content-Length: 66
Content-Type: application/json; charset=utf-8
host: localhost:56938
accept: */*

Response DefaultHttpResponse(decodeResult: success, version: HTTP/1.1)
HTTP/1.1 200 OK
Content-Type: application/json; charset=utf-8
cache-control: no-cache
content-length: 88

18:35:32.056 [AsyncHttpClient-1-3] DEBUG org.asynchttpclient.netty.channel.ChannelManager - Adding key: http://localhost:56938 for channel [id: 0xc59d382e, L:/127.0.0.1:50076 - R:localhost/127.0.0.1:56938]
18:35:32.057 [Forwarding sendKeysToElement on session 1dd15390feb32c6e0832b49e91ba78b6 to remote] DEBUG org.asynchttpclient.netty.request.NettyRequestSender - Using pooled Channel '[id: 0xc59d382e, L:/127.0.0.1:50076 - R:localhost/127.0.0.1:56938]' for 'POST' to 'http://localhost:56938/session/1dd15390feb32c6e0832b49e91ba78b6/element/511072b1-20e3-412a-9ece-c4a97a9dd535/value'
18:35:32.057 [Forwarding sendKeysToElement on session 1dd15390feb32c6e0832b49e91ba78b6 to remote] DEBUG org.asynchttpclient.netty.request.NettyRequestSender - Using open Channel [id: 0xc59d382e, L:/127.0.0.1:50076 - R:localhost/127.0.0.1:56938] for POST '/session/1dd15390feb32c6e0832b49e91ba78b6/element/511072b1-20e3-412a-9ece-c4a97a9dd535/value'
18:35:32.131 [AsyncHttpClient-1-3] DEBUG org.asynchttpclient.netty.handler.HttpHandler - 

Request DefaultHttpRequest(decodeResult: success, version: HTTP/1.1)
POST /session/1dd15390feb32c6e0832b49e91ba78b6/element/511072b1-20e3-412a-9ece-c4a97a9dd535/value HTTP/1.1
User-Agent: selenium/4.1.4 (java windows)
Content-Length: 129
Content-Type: application/json; charset=utf-8
host: localhost:56938
accept: */*

Response DefaultHttpResponse(decodeResult: success, version: HTTP/1.1)
HTTP/1.1 200 OK
Content-Type: application/json; charset=utf-8
cache-control: no-cache
content-length: 14

18:35:32.131 [AsyncHttpClient-1-3] DEBUG org.asynchttpclient.netty.channel.ChannelManager - Adding key: http://localhost:56938 for channel [id: 0xc59d382e, L:/127.0.0.1:50076 - R:localhost/127.0.0.1:56938]
18:35:32.133 [Forwarding findElement on session 1dd15390feb32c6e0832b49e91ba78b6 to remote] DEBUG org.asynchttpclient.netty.request.NettyRequestSender - Using pooled Channel '[id: 0xc59d382e, L:/127.0.0.1:50076 - R:localhost/127.0.0.1:56938]' for 'POST' to 'http://localhost:56938/session/1dd15390feb32c6e0832b49e91ba78b6/element'
18:35:32.133 [Forwarding findElement on session 1dd15390feb32c6e0832b49e91ba78b6 to remote] DEBUG org.asynchttpclient.netty.request.NettyRequestSender - Using open Channel [id: 0xc59d382e, L:/127.0.0.1:50076 - R:localhost/127.0.0.1:56938] for POST '/session/1dd15390feb32c6e0832b49e91ba78b6/element'
18:35:32.140 [AsyncHttpClient-1-3] DEBUG org.asynchttpclient.netty.handler.HttpHandler - 

Request DefaultHttpRequest(decodeResult: success, version: HTTP/1.1)
POST /session/1dd15390feb32c6e0832b49e91ba78b6/element HTTP/1.1
User-Agent: selenium/4.1.4 (java windows)
Content-Length: 66
Content-Type: application/json; charset=utf-8
host: localhost:56938
accept: */*

Response DefaultHttpResponse(decodeResult: success, version: HTTP/1.1)
HTTP/1.1 200 OK
Content-Type: application/json; charset=utf-8
cache-control: no-cache
content-length: 88

18:35:32.140 [AsyncHttpClient-1-3] DEBUG org.asynchttpclient.netty.channel.ChannelManager - Adding key: http://localhost:56938 for channel [id: 0xc59d382e, L:/127.0.0.1:50076 - R:localhost/127.0.0.1:56938]
18:35:32.140 [Forwarding sendKeysToElement on session 1dd15390feb32c6e0832b49e91ba78b6 to remote] DEBUG org.asynchttpclient.netty.request.NettyRequestSender - Using pooled Channel '[id: 0xc59d382e, L:/127.0.0.1:50076 - R:localhost/127.0.0.1:56938]' for 'POST' to 'http://localhost:56938/session/1dd15390feb32c6e0832b49e91ba78b6/element/511072b1-20e3-412a-9ece-c4a97a9dd535/value'
18:35:32.140 [Forwarding sendKeysToElement on session 1dd15390feb32c6e0832b49e91ba78b6 to remote] DEBUG org.asynchttpclient.netty.request.NettyRequestSender - Using open Channel [id: 0xc59d382e, L:/127.0.0.1:50076 - R:localhost/127.0.0.1:56938] for POST '/session/1dd15390feb32c6e0832b49e91ba78b6/element/511072b1-20e3-412a-9ece-c4a97a9dd535/value'
18:35:32.167 [AsyncHttpClient-1-3] DEBUG org.asynchttpclient.netty.handler.HttpHandler - 

Request DefaultHttpRequest(decodeResult: success, version: HTTP/1.1)
POST /session/1dd15390feb32c6e0832b49e91ba78b6/element/511072b1-20e3-412a-9ece-c4a97a9dd535/value HTTP/1.1
User-Agent: selenium/4.1.4 (java windows)
Content-Length: 91
Content-Type: application/json; charset=utf-8
host: localhost:56938
accept: */*

Response DefaultHttpResponse(decodeResult: success, version: HTTP/1.1)
HTTP/1.1 200 OK
Content-Type: application/json; charset=utf-8
cache-control: no-cache
content-length: 14

18:35:32.167 [AsyncHttpClient-1-3] DEBUG org.asynchttpclient.netty.channel.ChannelManager - Adding key: http://localhost:56938 for channel [id: 0xc59d382e, L:/127.0.0.1:50076 - R:localhost/127.0.0.1:56938]
18:35:32.173 [Forwarding screenshot on session 1dd15390feb32c6e0832b49e91ba78b6 to remote] DEBUG org.asynchttpclient.netty.request.NettyRequestSender - Using pooled Channel '[id: 0xc59d382e, L:/127.0.0.1:50076 - R:localhost/127.0.0.1:56938]' for 'GET' to 'http://localhost:56938/session/1dd15390feb32c6e0832b49e91ba78b6/screenshot'
18:35:32.173 [Forwarding screenshot on session 1dd15390feb32c6e0832b49e91ba78b6 to remote] DEBUG org.asynchttpclient.netty.request.NettyRequestSender - Using open Channel [id: 0xc59d382e, L:/127.0.0.1:50076 - R:localhost/127.0.0.1:56938] for GET '/session/1dd15390feb32c6e0832b49e91ba78b6/screenshot'
18:35:32.448 [AsyncHttpClient-1-3] DEBUG org.asynchttpclient.netty.handler.HttpHandler - 

Request DefaultFullHttpRequest(decodeResult: success, version: HTTP/1.1, content: EmptyByteBufBE)
GET /session/1dd15390feb32c6e0832b49e91ba78b6/screenshot HTTP/1.1
User-Agent: selenium/4.1.4 (java windows)
Cache-Control: no-cache
Content-Type: application/json; charset=utf-8
host: localhost:56938
accept: */*

Response DefaultHttpResponse(decodeResult: success, version: HTTP/1.1)
HTTP/1.1 200 OK
Content-Type: application/json; charset=utf-8
cache-control: no-cache
content-length: 396692

18:35:32.448 [AsyncHttpClient-1-3] DEBUG org.asynchttpclient.netty.channel.ChannelManager - Adding key: http://localhost:56938 for channel [id: 0xc59d382e, L:/127.0.0.1:50076 - R:localhost/127.0.0.1:56938]
18:35:32.455 [main] DEBUG net.serenitybdd.core.photography.Darkroom - Send negative for processing for target\site\serenity\735db4fa425e05dba2c1f9a3df24b37a2f78cdc8c194c52c5e8f79cd67a8ccdd.png
18:35:32.455 [main] DEBUG net.thucydides.core.steps.StepInterceptor - STEP DONE: inputDataPasienEdit
  &amp#27;[32mThen &amp#27;[0m&amp#27;[32mI input edit &amp#27;[0m&amp#27;[32m&amp#27;[1m"Bagas"&amp#27;[0m&amp#27;[32m &amp#27;[0m&amp#27;[32m&amp#27;[1m"1234567891234567"&amp#27;[0m&amp#27;[32m &amp#27;[0m&amp#27;[32m&amp#27;[1m"e"&amp#27;[0m&amp#27;[32m &amp#27;[0m&amp#27;[32m&amp#27;[1m"01294657612"&amp#27;[0m&amp#27;[32m &amp#27;[0m&amp#27;[32m&amp#27;[1m"perumahan"&amp#27;[0m&amp#27;[32m patient&amp#27;[0m &amp#27;[90m# starter.stepdefinitios.PatientDataSteps.iInputEditPatient(java.lang.String,java.lang.String,java.lang.String,java.lang.String,java.lang.String)&amp#27;[0m
18:35:32.456 [Darkroom Processing Line] DEBUG net.serenitybdd.core.photography.DarkroomProcessingLine - Processing screenshot image in /var/screenshots/screenshot-1197846729864544463
18:35:32.456 [Darkroom Processing Line] DEBUG net.serenitybdd.core.photography.DarkroomProcessingLine - Saving screenshot to target\site\serenity\735db4fa425e05dba2c1f9a3df24b37a2f78cdc8c194c52c5e8f79cd67a8ccdd.png
18:35:32.458 [main] DEBUG net.thucydides.core.steps.StepInterceptor - STARTING STEP: PatientDataSteps.iClickButtonJenisKelaminPerempuan - clickPerempuan
18:35:32.466 [Forwarding findElement on session 1dd15390feb32c6e0832b49e91ba78b6 to remote] DEBUG org.asynchttpclient.netty.request.NettyRequestSender - Using pooled Channel '[id: 0xc59d382e, L:/127.0.0.1:50076 - R:localhost/127.0.0.1:56938]' for 'POST' to 'http://localhost:56938/session/1dd15390feb32c6e0832b49e91ba78b6/element'
18:35:32.466 [Forwarding findElement on session 1dd15390feb32c6e0832b49e91ba78b6 to remote] DEBUG org.asynchttpclient.netty.request.NettyRequestSender - Using open Channel [id: 0xc59d382e, L:/127.0.0.1:50076 - R:localhost/127.0.0.1:56938] for POST '/session/1dd15390feb32c6e0832b49e91ba78b6/element'
18:35:32.478 [AsyncHttpClient-1-3] DEBUG org.asynchttpclient.netty.handler.HttpHandler - 

Request DefaultHttpRequest(decodeResult: success, version: HTTP/1.1)
POST /session/1dd15390feb32c6e0832b49e91ba78b6/element HTTP/1.1
User-Agent: selenium/4.1.4 (java windows)
Content-Length: 182
Content-Type: application/json; charset=utf-8
host: localhost:56938
accept: */*

Response DefaultHttpResponse(decodeResult: success, version: HTTP/1.1)
HTTP/1.1 200 OK
Content-Type: application/json; charset=utf-8
cache-control: no-cache
content-length: 88

18:35:32.478 [AsyncHttpClient-1-3] DEBUG org.asynchttpclient.netty.channel.ChannelManager - Adding key: http://localhost:56938 for channel [id: 0xc59d382e, L:/127.0.0.1:50076 - R:localhost/127.0.0.1:56938]
18:35:32.478 [Forwarding getElementTagName on session 1dd15390feb32c6e0832b49e91ba78b6 to remote] DEBUG org.asynchttpclient.netty.request.NettyRequestSender - Using pooled Channel '[id: 0xc59d382e, L:/127.0.0.1:50076 - R:localhost/127.0.0.1:56938]' for 'GET' to 'http://localhost:56938/session/1dd15390feb32c6e0832b49e91ba78b6/element/bfc80987-da8d-4133-9986-dd2c95dba547/name'
18:35:32.478 [Forwarding getElementTagName on session 1dd15390feb32c6e0832b49e91ba78b6 to remote] DEBUG org.asynchttpclient.netty.request.NettyRequestSender - Using open Channel [id: 0xc59d382e, L:/127.0.0.1:50076 - R:localhost/127.0.0.1:56938] for GET '/session/1dd15390feb32c6e0832b49e91ba78b6/element/bfc80987-da8d-4133-9986-dd2c95dba547/name'
18:35:32.483 [AsyncHttpClient-1-3] DEBUG org.asynchttpclient.netty.handler.HttpHandler - 

Request DefaultFullHttpRequest(decodeResult: success, version: HTTP/1.1, content: EmptyByteBufBE)
GET /session/1dd15390feb32c6e0832b49e91ba78b6/element/bfc80987-da8d-4133-9986-dd2c95dba547/name HTTP/1.1
User-Agent: selenium/4.1.4 (java windows)
Cache-Control: no-cache
Content-Type: application/json; charset=utf-8
host: localhost:56938
accept: */*

Response DefaultHttpResponse(decodeResult: success, version: HTTP/1.1)
HTTP/1.1 200 OK
Content-Type: application/json; charset=utf-8
cache-control: no-cache
content-length: 16

18:35:32.483 [AsyncHttpClient-1-3] DEBUG org.asynchttpclient.netty.channel.ChannelManager - Adding key: http://localhost:56938 for channel [id: 0xc59d382e, L:/127.0.0.1:50076 - R:localhost/127.0.0.1:56938]
18:35:32.483 [Forwarding getElementTagName on session 1dd15390feb32c6e0832b49e91ba78b6 to remote] DEBUG org.asynchttpclient.netty.request.NettyRequestSender - Using pooled Channel '[id: 0xc59d382e, L:/127.0.0.1:50076 - R:localhost/127.0.0.1:56938]' for 'GET' to 'http://localhost:56938/session/1dd15390feb32c6e0832b49e91ba78b6/element/bfc80987-da8d-4133-9986-dd2c95dba547/name'
18:35:32.483 [Forwarding getElementTagName on session 1dd15390feb32c6e0832b49e91ba78b6 to remote] DEBUG org.asynchttpclient.netty.request.NettyRequestSender - Using open Channel [id: 0xc59d382e, L:/127.0.0.1:50076 - R:localhost/127.0.0.1:56938] for GET '/session/1dd15390feb32c6e0832b49e91ba78b6/element/bfc80987-da8d-4133-9986-dd2c95dba547/name'
18:35:32.487 [AsyncHttpClient-1-3] DEBUG org.asynchttpclient.netty.handler.HttpHandler - 

Request DefaultFullHttpRequest(decodeResult: success, version: HTTP/1.1, content: EmptyByteBufBE)
GET /session/1dd15390feb32c6e0832b49e91ba78b6/element/bfc80987-da8d-4133-9986-dd2c95dba547/name HTTP/1.1
User-Agent: selenium/4.1.4 (java windows)
Cache-Control: no-cache
Content-Type: application/json; charset=utf-8
host: localhost:56938
accept: */*

Response DefaultHttpResponse(decodeResult: success, version: HTTP/1.1)
HTTP/1.1 200 OK
Content-Type: application/json; charset=utf-8
cache-control: no-cache
content-length: 16

18:35:32.487 [AsyncHttpClient-1-3] DEBUG org.asynchttpclient.netty.channel.ChannelManager - Adding key: http://localhost:56938 for channel [id: 0xc59d382e, L:/127.0.0.1:50076 - R:localhost/127.0.0.1:56938]
18:35:32.488 [Forwarding findElement on session 1dd15390feb32c6e0832b49e91ba78b6 to remote] DEBUG org.asynchttpclient.netty.request.NettyRequestSender - Using pooled Channel '[id: 0xc59d382e, L:/127.0.0.1:50076 - R:localhost/127.0.0.1:56938]' for 'POST' to 'http://localhost:56938/session/1dd15390feb32c6e0832b49e91ba78b6/element'
18:35:32.488 [Forwarding findElement on session 1dd15390feb32c6e0832b49e91ba78b6 to remote] DEBUG org.asynchttpclient.netty.request.NettyRequestSender - Using open Channel [id: 0xc59d382e, L:/127.0.0.1:50076 - R:localhost/127.0.0.1:56938] for POST '/session/1dd15390feb32c6e0832b49e91ba78b6/element'
18:35:32.493 [AsyncHttpClient-1-3] DEBUG org.asynchttpclient.netty.handler.HttpHandler - 

Request DefaultHttpRequest(decodeResult: success, version: HTTP/1.1)
POST /session/1dd15390feb32c6e0832b49e91ba78b6/element HTTP/1.1
User-Agent: selenium/4.1.4 (java windows)
Content-Length: 182
Content-Type: application/json; charset=utf-8
host: localhost:56938
accept: */*

Response DefaultHttpResponse(decodeResult: success, version: HTTP/1.1)
HTTP/1.1 200 OK
Content-Type: application/json; charset=utf-8
cache-control: no-cache
content-length: 88

18:35:32.493 [AsyncHttpClient-1-3] DEBUG org.asynchttpclient.netty.channel.ChannelManager - Adding key: http://localhost:56938 for channel [id: 0xc59d382e, L:/127.0.0.1:50076 - R:localhost/127.0.0.1:56938]
18:35:32.494 [Forwarding clickElement on session 1dd15390feb32c6e0832b49e91ba78b6 to remote] DEBUG org.asynchttpclient.netty.request.NettyRequestSender - Using pooled Channel '[id: 0xc59d382e, L:/127.0.0.1:50076 - R:localhost/127.0.0.1:56938]' for 'POST' to 'http://localhost:56938/session/1dd15390feb32c6e0832b49e91ba78b6/element/bfc80987-da8d-4133-9986-dd2c95dba547/click'
18:35:32.494 [Forwarding clickElement on session 1dd15390feb32c6e0832b49e91ba78b6 to remote] DEBUG org.asynchttpclient.netty.request.NettyRequestSender - Using open Channel [id: 0xc59d382e, L:/127.0.0.1:50076 - R:localhost/127.0.0.1:56938] for POST '/session/1dd15390feb32c6e0832b49e91ba78b6/element/bfc80987-da8d-4133-9986-dd2c95dba547/click'
18:35:32.547 [AsyncHttpClient-1-3] DEBUG org.asynchttpclient.netty.handler.HttpHandler - 

Request DefaultHttpRequest(decodeResult: success, version: HTTP/1.1)
POST /session/1dd15390feb32c6e0832b49e91ba78b6/element/bfc80987-da8d-4133-9986-dd2c95dba547/click HTTP/1.1
User-Agent: selenium/4.1.4 (java windows)
Content-Length: 50
Content-Type: application/json; charset=utf-8
host: localhost:56938
accept: */*

Response DefaultHttpResponse(decodeResult: success, version: HTTP/1.1)
HTTP/1.1 200 OK
Content-Type: application/json; charset=utf-8
cache-control: no-cache
content-length: 14

18:35:32.549 [AsyncHttpClient-1-3] DEBUG org.asynchttpclient.netty.channel.ChannelManager - Adding key: http://localhost:56938 for channel [id: 0xc59d382e, L:/127.0.0.1:50076 - R:localhost/127.0.0.1:56938]
18:35:32.552 [Forwarding screenshot on session 1dd15390feb32c6e0832b49e91ba78b6 to remote] DEBUG org.asynchttpclient.netty.request.NettyRequestSender - Using pooled Channel '[id: 0xc59d382e, L:/127.0.0.1:50076 - R:localhost/127.0.0.1:56938]' for 'GET' to 'http://localhost:56938/session/1dd15390feb32c6e0832b49e91ba78b6/screenshot'
18:35:32.552 [Forwarding screenshot on session 1dd15390feb32c6e0832b49e91ba78b6 to remote] DEBUG org.asynchttpclient.netty.request.NettyRequestSender - Using open Channel [id: 0xc59d382e, L:/127.0.0.1:50076 - R:localhost/127.0.0.1:56938] for GET '/session/1dd15390feb32c6e0832b49e91ba78b6/screenshot'
18:35:32.751 [AsyncHttpClient-1-1] DEBUG org.asynchttpclient.netty.channel.DefaultChannelPool - Entry count for : http://localhost:50077 : 1
18:35:32.932 [AsyncHttpClient-1-3] DEBUG org.asynchttpclient.netty.handler.HttpHandler - 

Request DefaultFullHttpRequest(decodeResult: success, version: HTTP/1.1, content: EmptyByteBufBE)
GET /session/1dd15390feb32c6e0832b49e91ba78b6/screenshot HTTP/1.1
User-Agent: selenium/4.1.4 (java windows)
Cache-Control: no-cache
Content-Type: application/json; charset=utf-8
host: localhost:56938
accept: */*

Response DefaultHttpResponse(decodeResult: success, version: HTTP/1.1)
HTTP/1.1 200 OK
Content-Type: application/json; charset=utf-8
cache-control: no-cache
content-length: 395408

18:35:32.932 [AsyncHttpClient-1-3] DEBUG org.asynchttpclient.netty.channel.ChannelManager - Adding key: http://localhost:56938 for channel [id: 0xc59d382e, L:/127.0.0.1:50076 - R:localhost/127.0.0.1:56938]
18:35:32.948 [main] DEBUG net.serenitybdd.core.photography.Darkroom - Send negative for processing for target\site\serenity\3b4a2497c4c1deed797141d9ef2e7278891adc3448e81d47ddfc8f25bcb412f9.png
18:35:32.949 [main] DEBUG net.thucydides.core.steps.StepInterceptor - STEP DONE: clickPerempuan
  &amp#27;[32mAnd &amp#27;[0m&amp#27;[32mI click button jenis kelamin perempuan&amp#27;[0m                                         &amp#27;[90m# starter.stepdefinitios.PatientDataSteps.iClickButtonJenisKelaminPerempuan()&amp#27;[0m
18:35:32.949 [Darkroom Processing Line] DEBUG net.serenitybdd.core.photography.DarkroomProcessingLine - Processing screenshot image in /var/screenshots/screenshot-1186997013229919438
18:35:32.949 [Darkroom Processing Line] DEBUG net.serenitybdd.core.photography.DarkroomProcessingLine - Saving screenshot to target\site\serenity\3b4a2497c4c1deed797141d9ef2e7278891adc3448e81d47ddfc8f25bcb412f9.png
18:35:32.972 [main] DEBUG net.thucydides.core.steps.StepInterceptor - STARTING STEP: PatientDataSteps.clickButtonSimpan - clickButtonSave
18:35:32.977 [Forwarding findElement on session 1dd15390feb32c6e0832b49e91ba78b6 to remote] DEBUG org.asynchttpclient.netty.request.NettyRequestSender - Using pooled Channel '[id: 0xc59d382e, L:/127.0.0.1:50076 - R:localhost/127.0.0.1:56938]' for 'POST' to 'http://localhost:56938/session/1dd15390feb32c6e0832b49e91ba78b6/element'
18:35:32.977 [Forwarding findElement on session 1dd15390feb32c6e0832b49e91ba78b6 to remote] DEBUG org.asynchttpclient.netty.request.NettyRequestSender - Using open Channel [id: 0xc59d382e, L:/127.0.0.1:50076 - R:localhost/127.0.0.1:56938] for POST '/session/1dd15390feb32c6e0832b49e91ba78b6/element'
18:35:32.998 [AsyncHttpClient-1-3] DEBUG org.asynchttpclient.netty.handler.HttpHandler - 

Request DefaultHttpRequest(decodeResult: success, version: HTTP/1.1)
POST /session/1dd15390feb32c6e0832b49e91ba78b6/element HTTP/1.1
User-Agent: selenium/4.1.4 (java windows)
Content-Length: 68
Content-Type: application/json; charset=utf-8
host: localhost:56938
accept: */*

Response DefaultHttpResponse(decodeResult: success, version: HTTP/1.1)
HTTP/1.1 200 OK
Content-Type: application/json; charset=utf-8
cache-control: no-cache
content-length: 88

18:35:32.998 [AsyncHttpClient-1-3] DEBUG org.asynchttpclient.netty.channel.ChannelManager - Adding key: http://localhost:56938 for channel [id: 0xc59d382e, L:/127.0.0.1:50076 - R:localhost/127.0.0.1:56938]
18:35:32.998 [Forwarding getElementTagName on session 1dd15390feb32c6e0832b49e91ba78b6 to remote] DEBUG org.asynchttpclient.netty.request.NettyRequestSender - Using pooled Channel '[id: 0xc59d382e, L:/127.0.0.1:50076 - R:localhost/127.0.0.1:56938]' for 'GET' to 'http://localhost:56938/session/1dd15390feb32c6e0832b49e91ba78b6/element/e28235e9-4afb-4f0e-a945-7867704acce8/name'
18:35:32.998 [Forwarding getElementTagName on session 1dd15390feb32c6e0832b49e91ba78b6 to remote] DEBUG org.asynchttpclient.netty.request.NettyRequestSender - Using open Channel [id: 0xc59d382e, L:/127.0.0.1:50076 - R:localhost/127.0.0.1:56938] for GET '/session/1dd15390feb32c6e0832b49e91ba78b6/element/e28235e9-4afb-4f0e-a945-7867704acce8/name'
18:35:33.008 [AsyncHttpClient-1-3] DEBUG org.asynchttpclient.netty.handler.HttpHandler - 

Request DefaultFullHttpRequest(decodeResult: success, version: HTTP/1.1, content: EmptyByteBufBE)
GET /session/1dd15390feb32c6e0832b49e91ba78b6/element/e28235e9-4afb-4f0e-a945-7867704acce8/name HTTP/1.1
User-Agent: selenium/4.1.4 (java windows)
Cache-Control: no-cache
Content-Type: application/json; charset=utf-8
host: localhost:56938
accept: */*

Response DefaultHttpResponse(decodeResult: success, version: HTTP/1.1)
HTTP/1.1 200 OK
Content-Type: application/json; charset=utf-8
cache-control: no-cache
content-length: 18

18:35:33.008 [AsyncHttpClient-1-3] DEBUG org.asynchttpclient.netty.channel.ChannelManager - Adding key: http://localhost:56938 for channel [id: 0xc59d382e, L:/127.0.0.1:50076 - R:localhost/127.0.0.1:56938]
18:35:33.010 [Forwarding getElementTagName on session 1dd15390feb32c6e0832b49e91ba78b6 to remote] DEBUG org.asynchttpclient.netty.request.NettyRequestSender - Using pooled Channel '[id: 0xc59d382e, L:/127.0.0.1:50076 - R:localhost/127.0.0.1:56938]' for 'GET' to 'http://localhost:56938/session/1dd15390feb32c6e0832b49e91ba78b6/element/e28235e9-4afb-4f0e-a945-7867704acce8/name'
18:35:33.010 [Forwarding getElementTagName on session 1dd15390feb32c6e0832b49e91ba78b6 to remote] DEBUG org.asynchttpclient.netty.request.NettyRequestSender - Using open Channel [id: 0xc59d382e, L:/127.0.0.1:50076 - R:localhost/127.0.0.1:56938] for GET '/session/1dd15390feb32c6e0832b49e91ba78b6/element/e28235e9-4afb-4f0e-a945-7867704acce8/name'
18:35:33.015 [AsyncHttpClient-1-3] DEBUG org.asynchttpclient.netty.handler.HttpHandler - 

Request DefaultFullHttpRequest(decodeResult: success, version: HTTP/1.1, content: EmptyByteBufBE)
GET /session/1dd15390feb32c6e0832b49e91ba78b6/element/e28235e9-4afb-4f0e-a945-7867704acce8/name HTTP/1.1
User-Agent: selenium/4.1.4 (java windows)
Cache-Control: no-cache
Content-Type: application/json; charset=utf-8
host: localhost:56938
accept: */*

Response DefaultHttpResponse(decodeResult: success, version: HTTP/1.1)
HTTP/1.1 200 OK
Content-Type: application/json; charset=utf-8
cache-control: no-cache
content-length: 18

18:35:33.015 [AsyncHttpClient-1-3] DEBUG org.asynchttpclient.netty.channel.ChannelManager - Adding key: http://localhost:56938 for channel [id: 0xc59d382e, L:/127.0.0.1:50076 - R:localhost/127.0.0.1:56938]
18:35:33.018 [Forwarding isElementEnabled on session 1dd15390feb32c6e0832b49e91ba78b6 to remote] DEBUG org.asynchttpclient.netty.request.NettyRequestSender - Using pooled Channel '[id: 0xc59d382e, L:/127.0.0.1:50076 - R:localhost/127.0.0.1:56938]' for 'GET' to 'http://localhost:56938/session/1dd15390feb32c6e0832b49e91ba78b6/element/e28235e9-4afb-4f0e-a945-7867704acce8/enabled'
18:35:33.018 [Forwarding isElementEnabled on session 1dd15390feb32c6e0832b49e91ba78b6 to remote] DEBUG org.asynchttpclient.netty.request.NettyRequestSender - Using open Channel [id: 0xc59d382e, L:/127.0.0.1:50076 - R:localhost/127.0.0.1:56938] for GET '/session/1dd15390feb32c6e0832b49e91ba78b6/element/e28235e9-4afb-4f0e-a945-7867704acce8/enabled'
18:35:33.031 [AsyncHttpClient-1-3] DEBUG org.asynchttpclient.netty.handler.HttpHandler - 

Request DefaultFullHttpRequest(decodeResult: success, version: HTTP/1.1, content: EmptyByteBufBE)
GET /session/1dd15390feb32c6e0832b49e91ba78b6/element/e28235e9-4afb-4f0e-a945-7867704acce8/enabled HTTP/1.1
User-Agent: selenium/4.1.4 (java windows)
Cache-Control: no-cache
Content-Type: application/json; charset=utf-8
host: localhost:56938
accept: */*

Response DefaultHttpResponse(decodeResult: success, version: HTTP/1.1)
HTTP/1.1 200 OK
Content-Type: application/json; charset=utf-8
cache-control: no-cache
content-length: 14

18:35:33.031 [AsyncHttpClient-1-3] DEBUG org.asynchttpclient.netty.channel.ChannelManager - Adding key: http://localhost:56938 for channel [id: 0xc59d382e, L:/127.0.0.1:50076 - R:localhost/127.0.0.1:56938]
18:35:33.032 [Forwarding isElementEnabled on session 1dd15390feb32c6e0832b49e91ba78b6 to remote] DEBUG org.asynchttpclient.netty.request.NettyRequestSender - Using pooled Channel '[id: 0xc59d382e, L:/127.0.0.1:50076 - R:localhost/127.0.0.1:56938]' for 'GET' to 'http://localhost:56938/session/1dd15390feb32c6e0832b49e91ba78b6/element/e28235e9-4afb-4f0e-a945-7867704acce8/enabled'
18:35:33.032 [Forwarding isElementEnabled on session 1dd15390feb32c6e0832b49e91ba78b6 to remote] DEBUG org.asynchttpclient.netty.request.NettyRequestSender - Using open Channel [id: 0xc59d382e, L:/127.0.0.1:50076 - R:localhost/127.0.0.1:56938] for GET '/session/1dd15390feb32c6e0832b49e91ba78b6/element/e28235e9-4afb-4f0e-a945-7867704acce8/enabled'
18:35:33.042 [AsyncHttpClient-1-3] DEBUG org.asynchttpclient.netty.handler.HttpHandler - 

Request DefaultFullHttpRequest(decodeResult: success, version: HTTP/1.1, content: EmptyByteBufBE)
GET /session/1dd15390feb32c6e0832b49e91ba78b6/element/e28235e9-4afb-4f0e-a945-7867704acce8/enabled HTTP/1.1
User-Agent: selenium/4.1.4 (java windows)
Cache-Control: no-cache
Content-Type: application/json; charset=utf-8
host: localhost:56938
accept: */*

Response DefaultHttpResponse(decodeResult: success, version: HTTP/1.1)
HTTP/1.1 200 OK
Content-Type: application/json; charset=utf-8
cache-control: no-cache
content-length: 14

18:35:33.042 [AsyncHttpClient-1-3] DEBUG org.asynchttpclient.netty.channel.ChannelManager - Adding key: http://localhost:56938 for channel [id: 0xc59d382e, L:/127.0.0.1:50076 - R:localhost/127.0.0.1:56938]
18:35:33.045 [Forwarding findElement on session 1dd15390feb32c6e0832b49e91ba78b6 to remote] DEBUG org.asynchttpclient.netty.request.NettyRequestSender - Using pooled Channel '[id: 0xc59d382e, L:/127.0.0.1:50076 - R:localhost/127.0.0.1:56938]' for 'POST' to 'http://localhost:56938/session/1dd15390feb32c6e0832b49e91ba78b6/element'
18:35:33.045 [Forwarding findElement on session 1dd15390feb32c6e0832b49e91ba78b6 to remote] DEBUG org.asynchttpclient.netty.request.NettyRequestSender - Using open Channel [id: 0xc59d382e, L:/127.0.0.1:50076 - R:localhost/127.0.0.1:56938] for POST '/session/1dd15390feb32c6e0832b49e91ba78b6/element'
18:35:33.055 [AsyncHttpClient-1-3] DEBUG org.asynchttpclient.netty.handler.HttpHandler - 

Request DefaultHttpRequest(decodeResult: success, version: HTTP/1.1)
POST /session/1dd15390feb32c6e0832b49e91ba78b6/element HTTP/1.1
User-Agent: selenium/4.1.4 (java windows)
Content-Length: 68
Content-Type: application/json; charset=utf-8
host: localhost:56938
accept: */*

Response DefaultHttpResponse(decodeResult: success, version: HTTP/1.1)
HTTP/1.1 200 OK
Content-Type: application/json; charset=utf-8
cache-control: no-cache
content-length: 88

18:35:33.055 [AsyncHttpClient-1-3] DEBUG org.asynchttpclient.netty.channel.ChannelManager - Adding key: http://localhost:56938 for channel [id: 0xc59d382e, L:/127.0.0.1:50076 - R:localhost/127.0.0.1:56938]
18:35:33.058 [Forwarding clickElement on session 1dd15390feb32c6e0832b49e91ba78b6 to remote] DEBUG org.asynchttpclient.netty.request.NettyRequestSender - Using pooled Channel '[id: 0xc59d382e, L:/127.0.0.1:50076 - R:localhost/127.0.0.1:56938]' for 'POST' to 'http://localhost:56938/session/1dd15390feb32c6e0832b49e91ba78b6/element/e28235e9-4afb-4f0e-a945-7867704acce8/click'
18:35:33.058 [Forwarding clickElement on session 1dd15390feb32c6e0832b49e91ba78b6 to remote] DEBUG org.asynchttpclient.netty.request.NettyRequestSender - Using open Channel [id: 0xc59d382e, L:/127.0.0.1:50076 - R:localhost/127.0.0.1:56938] for POST '/session/1dd15390feb32c6e0832b49e91ba78b6/element/e28235e9-4afb-4f0e-a945-7867704acce8/click'
18:35:33.194 [AsyncHttpClient-1-3] DEBUG org.asynchttpclient.netty.handler.HttpHandler - 

Request DefaultHttpRequest(decodeResult: success, version: HTTP/1.1)
POST /session/1dd15390feb32c6e0832b49e91ba78b6/element/e28235e9-4afb-4f0e-a945-7867704acce8/click HTTP/1.1
User-Agent: selenium/4.1.4 (java windows)
Content-Length: 50
Content-Type: application/json; charset=utf-8
host: localhost:56938
accept: */*

Response DefaultHttpResponse(decodeResult: success, version: HTTP/1.1)
HTTP/1.1 200 OK
Content-Type: application/json; charset=utf-8
cache-control: no-cache
content-length: 14

18:35:33.194 [AsyncHttpClient-1-3] DEBUG org.asynchttpclient.netty.channel.ChannelManager - Adding key: http://localhost:56938 for channel [id: 0xc59d382e, L:/127.0.0.1:50076 - R:localhost/127.0.0.1:56938]
18:35:33.203 [Forwarding screenshot on session 1dd15390feb32c6e0832b49e91ba78b6 to remote] DEBUG org.asynchttpclient.netty.request.NettyRequestSender - Using pooled Channel '[id: 0xc59d382e, L:/127.0.0.1:50076 - R:localhost/127.0.0.1:56938]' for 'GET' to 'http://localhost:56938/session/1dd15390feb32c6e0832b49e91ba78b6/screenshot'
18:35:33.203 [Forwarding screenshot on session 1dd15390feb32c6e0832b49e91ba78b6 to remote] DEBUG org.asynchttpclient.netty.request.NettyRequestSender - Using open Channel [id: 0xc59d382e, L:/127.0.0.1:50076 - R:localhost/127.0.0.1:56938] for GET '/session/1dd15390feb32c6e0832b49e91ba78b6/screenshot'
18:35:33.615 [AsyncHttpClient-1-3] DEBUG org.asynchttpclient.netty.handler.HttpHandler - 

Request DefaultFullHttpRequest(decodeResult: success, version: HTTP/1.1, content: EmptyByteBufBE)
GET /session/1dd15390feb32c6e0832b49e91ba78b6/screenshot HTTP/1.1
User-Agent: selenium/4.1.4 (java windows)
Cache-Control: no-cache
Content-Type: application/json; charset=utf-8
host: localhost:56938
accept: */*

Response DefaultHttpResponse(decodeResult: success, version: HTTP/1.1)
HTTP/1.1 200 OK
Content-Type: application/json; charset=utf-8
cache-control: no-cache
content-length: 401928

18:35:33.616 [AsyncHttpClient-1-3] DEBUG org.asynchttpclient.netty.channel.ChannelManager - Adding key: http://localhost:56938 for channel [id: 0xc59d382e, L:/127.0.0.1:50076 - R:localhost/127.0.0.1:56938]
18:35:33.628 [main] DEBUG net.serenitybdd.core.photography.Darkroom - Send negative for processing for target\site\serenity\eea85e32e8d07f310c3d7cbef0d3c0b80eb555a99d8aab6c0af7ccc29679d1fe.png
18:35:33.628 [main] DEBUG net.thucydides.core.steps.StepInterceptor - STEP DONE: clickButtonSave
18:35:33.628 [Darkroom Processing Line] DEBUG net.serenitybdd.core.photography.DarkroomProcessingLine - Processing screenshot image in /var/screenshots/screenshot-9528248215036878309
18:35:33.628 [Darkroom Processing Line] DEBUG net.serenitybdd.core.photography.DarkroomProcessingLine - Saving screenshot to target\site\serenity\eea85e32e8d07f310c3d7cbef0d3c0b80eb555a99d8aab6c0af7ccc29679d1fe.png
18:35:33.836 [AsyncHttpClient-1-1] DEBUG org.asynchttpclient.netty.channel.DefaultChannelPool - Entry count for : http://localhost:56938 : 1
18:35:33.836 [AsyncHttpClient-1-1] DEBUG org.asynchttpclient.netty.channel.DefaultChannelPool - Entry count for : http://localhost:50077 : 1
  &amp#27;[32mAnd &amp#27;[0m&amp#27;[32mClick button simpan&amp#27;[0m                                                            &amp#27;[90m# starter.stepdefinitios.PatientDataSteps.clickButtonSimpan()&amp#27;[0m
18:35:34.646 [Forwarding screenshot on session 1dd15390feb32c6e0832b49e91ba78b6 to remote] DEBUG org.asynchttpclient.netty.request.NettyRequestSender - Using pooled Channel '[id: 0xc59d382e, L:/127.0.0.1:50076 - R:localhost/127.0.0.1:56938]' for 'GET' to 'http://localhost:56938/session/1dd15390feb32c6e0832b49e91ba78b6/screenshot'
18:35:34.646 [Forwarding screenshot on session 1dd15390feb32c6e0832b49e91ba78b6 to remote] DEBUG org.asynchttpclient.netty.request.NettyRequestSender - Using open Channel [id: 0xc59d382e, L:/127.0.0.1:50076 - R:localhost/127.0.0.1:56938] for GET '/session/1dd15390feb32c6e0832b49e91ba78b6/screenshot'
18:35:34.935 [AsyncHttpClient-1-1] DEBUG org.asynchttpclient.netty.channel.DefaultChannelPool - Entry count for : http://localhost:50077 : 1
18:35:35.363 [AsyncHttpClient-1-3] DEBUG org.asynchttpclient.netty.handler.HttpHandler - 

Request DefaultFullHttpRequest(decodeResult: success, version: HTTP/1.1, content: EmptyByteBufBE)
GET /session/1dd15390feb32c6e0832b49e91ba78b6/screenshot HTTP/1.1
User-Agent: selenium/4.1.4 (java windows)
Cache-Control: no-cache
Content-Type: application/json; charset=utf-8
host: localhost:56938
accept: */*

Response DefaultHttpResponse(decodeResult: success, version: HTTP/1.1)
HTTP/1.1 200 OK
Content-Type: application/json; charset=utf-8
cache-control: no-cache
content-length: 401484

18:35:35.364 [AsyncHttpClient-1-3] DEBUG org.asynchttpclient.netty.channel.ChannelManager - Adding key: http://localhost:56938 for channel [id: 0xc59d382e, L:/127.0.0.1:50076 - R:localhost/127.0.0.1:56938]
18:35:35.394 [main] DEBUG net.serenitybdd.core.photography.Darkroom - Send negative for processing for target\site\serenity\9b461fc0e559400dd31acd82ca3eefba6968bef7bfe8f6b691e65b8f80c0093f.png
18:35:35.395 [Darkroom Processing Line] DEBUG net.serenitybdd.core.photography.DarkroomProcessingLine - Processing screenshot image in /var/screenshots/screenshot-6310435741508074560
18:35:35.395 [Darkroom Processing Line] DEBUG net.serenitybdd.core.photography.DarkroomProcessingLine - Saving screenshot to target\site\serenity\9b461fc0e559400dd31acd82ca3eefba6968bef7bfe8f6b691e65b8f80c0093f.png
18:35:36.042 [AsyncHttpClient-1-1] DEBUG org.asynchttpclient.netty.channel.DefaultChannelPool - Entry count for : http://localhost:56938 : 1
18:35:36.042 [AsyncHttpClient-1-1] DEBUG org.asynchttpclient.netty.channel.DefaultChannelPool - Entry count for : http://localhost:50077 : 1
18:35:36.444 [Forwarding screenshot on session 1dd15390feb32c6e0832b49e91ba78b6 to remote] DEBUG org.asynchttpclient.netty.request.NettyRequestSender - Using pooled Channel '[id: 0xc59d382e, L:/127.0.0.1:50076 - R:localhost/127.0.0.1:56938]' for 'GET' to 'http://localhost:56938/session/1dd15390feb32c6e0832b49e91ba78b6/screenshot'
18:35:36.444 [Forwarding screenshot on session 1dd15390feb32c6e0832b49e91ba78b6 to remote] DEBUG org.asynchttpclient.netty.request.NettyRequestSender - Using open Channel [id: 0xc59d382e, L:/127.0.0.1:50076 - R:localhost/127.0.0.1:56938] for GET '/session/1dd15390feb32c6e0832b49e91ba78b6/screenshot'
18:35:36.843 [AsyncHttpClient-1-3] DEBUG org.asynchttpclient.netty.handler.HttpHandler - 

Request DefaultFullHttpRequest(decodeResult: success, version: HTTP/1.1, content: EmptyByteBufBE)
GET /session/1dd15390feb32c6e0832b49e91ba78b6/screenshot HTTP/1.1
User-Agent: selenium/4.1.4 (java windows)
Cache-Control: no-cache
Content-Type: application/json; charset=utf-8
host: localhost:56938
accept: */*

Response DefaultHttpResponse(decodeResult: success, version: HTTP/1.1)
HTTP/1.1 200 OK
Content-Type: application/json; charset=utf-8
cache-control: no-cache
content-length: 401484

18:35:36.843 [AsyncHttpClient-1-3] DEBUG org.asynchttpclient.netty.channel.ChannelManager - Adding key: http://localhost:56938 for channel [id: 0xc59d382e, L:/127.0.0.1:50076 - R:localhost/127.0.0.1:56938]
18:35:36.854 [main] DEBUG net.serenitybdd.core.photography.Darkroom - Send negative for processing for target\site\serenity\9b461fc0e559400dd31acd82ca3eefba6968bef7bfe8f6b691e65b8f80c0093f.png
18:35:36.855 [main] DEBUG net.thucydides.core.steps.StepInterceptor - STARTING STEP: PatientDataSteps.validateAddErrorMessengerPasien - validateTextMessegerDokter
18:35:36.858 [Forwarding findElement on session 1dd15390feb32c6e0832b49e91ba78b6 to remote] DEBUG org.asynchttpclient.netty.request.NettyRequestSender - Using pooled Channel '[id: 0xc59d382e, L:/127.0.0.1:50076 - R:localhost/127.0.0.1:56938]' for 'POST' to 'http://localhost:56938/session/1dd15390feb32c6e0832b49e91ba78b6/element'
18:35:36.858 [Forwarding findElement on session 1dd15390feb32c6e0832b49e91ba78b6 to remote] DEBUG org.asynchttpclient.netty.request.NettyRequestSender - Using open Channel [id: 0xc59d382e, L:/127.0.0.1:50076 - R:localhost/127.0.0.1:56938] for POST '/session/1dd15390feb32c6e0832b49e91ba78b6/element'
18:35:36.866 [AsyncHttpClient-1-3] DEBUG org.asynchttpclient.netty.handler.HttpHandler - 

Request DefaultHttpRequest(decodeResult: success, version: HTTP/1.1)
POST /session/1dd15390feb32c6e0832b49e91ba78b6/element HTTP/1.1
User-Agent: selenium/4.1.4 (java windows)
Content-Length: 143
Content-Type: application/json; charset=utf-8
host: localhost:56938
accept: */*

Response DefaultHttpResponse(decodeResult: success, version: HTTP/1.1)
HTTP/1.1 200 OK
Content-Type: application/json; charset=utf-8
cache-control: no-cache
content-length: 88

18:35:36.866 [AsyncHttpClient-1-3] DEBUG org.asynchttpclient.netty.channel.ChannelManager - Adding key: http://localhost:56938 for channel [id: 0xc59d382e, L:/127.0.0.1:50076 - R:localhost/127.0.0.1:56938]
18:35:36.867 [Forwarding getElementText on session 1dd15390feb32c6e0832b49e91ba78b6 to remote] DEBUG org.asynchttpclient.netty.request.NettyRequestSender - Using pooled Channel '[id: 0xc59d382e, L:/127.0.0.1:50076 - R:localhost/127.0.0.1:56938]' for 'GET' to 'http://localhost:56938/session/1dd15390feb32c6e0832b49e91ba78b6/element/3ed150a4-7382-409b-a872-5da31e1821b0/text'
18:35:36.867 [Forwarding getElementText on session 1dd15390feb32c6e0832b49e91ba78b6 to remote] DEBUG org.asynchttpclient.netty.request.NettyRequestSender - Using open Channel [id: 0xc59d382e, L:/127.0.0.1:50076 - R:localhost/127.0.0.1:56938] for GET '/session/1dd15390feb32c6e0832b49e91ba78b6/element/3ed150a4-7382-409b-a872-5da31e1821b0/text'
18:35:36.901 [AsyncHttpClient-1-3] DEBUG org.asynchttpclient.netty.handler.HttpHandler - 

Request DefaultFullHttpRequest(decodeResult: success, version: HTTP/1.1, content: EmptyByteBufBE)
GET /session/1dd15390feb32c6e0832b49e91ba78b6/element/3ed150a4-7382-409b-a872-5da31e1821b0/text HTTP/1.1
User-Agent: selenium/4.1.4 (java windows)
Cache-Control: no-cache
Content-Type: application/json; charset=utf-8
host: localhost:56938
accept: */*

Response DefaultHttpResponse(decodeResult: success, version: HTTP/1.1)
HTTP/1.1 200 OK
Content-Type: application/json; charset=utf-8
cache-control: no-cache
content-length: 118

18:35:36.901 [AsyncHttpClient-1-3] DEBUG org.asynchttpclient.netty.channel.ChannelManager - Adding key: http://localhost:56938 for channel [id: 0xc59d382e, L:/127.0.0.1:50076 - R:localhost/127.0.0.1:56938]
18:35:36.906 [Forwarding screenshot on session 1dd15390feb32c6e0832b49e91ba78b6 to remote] DEBUG org.asynchttpclient.netty.request.NettyRequestSender - Using pooled Channel '[id: 0xc59d382e, L:/127.0.0.1:50076 - R:localhost/127.0.0.1:56938]' for 'GET' to 'http://localhost:56938/session/1dd15390feb32c6e0832b49e91ba78b6/screenshot'
18:35:36.906 [Forwarding screenshot on session 1dd15390feb32c6e0832b49e91ba78b6 to remote] DEBUG org.asynchttpclient.netty.request.NettyRequestSender - Using open Channel [id: 0xc59d382e, L:/127.0.0.1:50076 - R:localhost/127.0.0.1:56938] for GET '/session/1dd15390feb32c6e0832b49e91ba78b6/screenshot'
18:35:37.141 [AsyncHttpClient-1-1] DEBUG org.asynchttpclient.netty.channel.DefaultChannelPool - Entry count for : http://localhost:50077 : 1
18:35:37.221 [AsyncHttpClient-1-3] DEBUG org.asynchttpclient.netty.handler.HttpHandler - 

Request DefaultFullHttpRequest(decodeResult: success, version: HTTP/1.1, content: EmptyByteBufBE)
GET /session/1dd15390feb32c6e0832b49e91ba78b6/screenshot HTTP/1.1
User-Agent: selenium/4.1.4 (java windows)
Cache-Control: no-cache
Content-Type: application/json; charset=utf-8
host: localhost:56938
accept: */*

Response DefaultHttpResponse(decodeResult: success, version: HTTP/1.1)
HTTP/1.1 200 OK
Content-Type: application/json; charset=utf-8
cache-control: no-cache
content-length: 401436

18:35:37.222 [AsyncHttpClient-1-3] DEBUG org.asynchttpclient.netty.channel.ChannelManager - Adding key: http://localhost:56938 for channel [id: 0xc59d382e, L:/127.0.0.1:50076 - R:localhost/127.0.0.1:56938]
18:35:37.230 [main] DEBUG net.serenitybdd.core.photography.Darkroom - Send negative for processing for target\site\serenity\81171cf5a1e5139a1bbd865f793bda5a3ed789801281c9328037e40742aff095.png
18:35:37.230 [main] DEBUG net.thucydides.core.steps.StepInterceptor - STEP DONE: validateTextMessegerDokter
  &amp#27;[32mAnd &amp#27;[0m&amp#27;[32mValidate add error messenger &amp#27;[0m&amp#27;[32m&amp#27;[1m""&amp#27;[0m&amp#27;[32m Pasien&amp#27;[0m                                         &amp#27;[90m# starter.stepdefinitios.PatientDataSteps.validateAddErrorMessengerPasien(java.lang.String)&amp#27;[0m
18:35:37.230 [Darkroom Processing Line] DEBUG net.serenitybdd.core.photography.DarkroomProcessingLine - Processing screenshot image in /var/screenshots/screenshot-5774075366988845921
18:35:37.230 [Darkroom Processing Line] DEBUG net.serenitybdd.core.photography.DarkroomProcessingLine - Saving screenshot to target\site\serenity\81171cf5a1e5139a1bbd865f793bda5a3ed789801281c9328037e40742aff095.png
18:35:37.242 [AsyncHttpClient-1-5] DEBUG org.asynchttpclient.netty.handler.WebSocketHandler - Channel Closed: [id: 0xe7d8f9e8, L:/127.0.0.1:50084 ! R:localhost/127.0.0.1:50077] with attribute NettyResponseFuture{currentRetry=5,
	isDone=1,
	isCancelled=0,
	asyncHandler=org.asynchttpclient.ws.WebSocketUpgradeHandler@58f8e759,
	nettyRequest=org.asynchttpclient.netty.request.NettyRequest@5ee59bad,
	future=java.util.concurrent.CompletableFuture@45026b56[Completed normally],
	uri=ws://localhost:50077/devtools/browser/0af55725-6da5-48dd-986f-d1ee5480134b,
	keepAlive=true,
	redirectCount=0,
	timeoutsHolder=null,
	inAuth=0,
	touch=1658057701378}
18:35:37.242 [AsyncHttpClient-1-5] DEBUG org.asynchttpclient.netty.channel.ChannelManager - Closing Channel [id: 0xe7d8f9e8, L:/127.0.0.1:50084 ! R:localhost/127.0.0.1:50077] 
18:35:37.242 [Driver Command Executor] DEBUG org.asynchttpclient.netty.request.NettyRequestSender - Using pooled Channel '[id: 0xc59d382e, L:/127.0.0.1:50076 - R:localhost/127.0.0.1:56938]' for 'DELETE' to 'http://localhost:56938/session/1dd15390feb32c6e0832b49e91ba78b6'
18:35:37.242 [Driver Command Executor] DEBUG org.asynchttpclient.netty.request.NettyRequestSender - Using open Channel [id: 0xc59d382e, L:/127.0.0.1:50076 - R:localhost/127.0.0.1:56938] for DELETE '/session/1dd15390feb32c6e0832b49e91ba78b6'
18:35:37.332 [AsyncHttpClient-1-4] DEBUG org.asynchttpclient.netty.handler.HttpHandler - Unexpected I/O exception on channel [id: 0xeceb3410, L:/127.0.0.1:50083 - R:localhost/127.0.0.1:50077]
java.io.IOException: An existing connection was forcibly closed by the remote host
	at java.base/sun.nio.ch.SocketDispatcher.read0(Native Method)
	at java.base/sun.nio.ch.SocketDispatcher.read(SocketDispatcher.java:43)
	at java.base/sun.nio.ch.IOUtil.readIntoNativeBuffer(IOUtil.java:276)
	at java.base/sun.nio.ch.IOUtil.read(IOUtil.java:233)
	at java.base/sun.nio.ch.IOUtil.read(IOUtil.java:223)
	at java.base/sun.nio.ch.SocketChannelImpl.read(SocketChannelImpl.java:356)
	at io.netty.buffer.PooledByteBuf.setBytes(PooledByteBuf.java:258)
	at io.netty.buffer.AbstractByteBuf.writeBytes(AbstractByteBuf.java:1132)
	at io.netty.channel.socket.nio.NioSocketChannel.doReadBytes(NioSocketChannel.java:357)
	at io.netty.channel.nio.AbstractNioByteChannel$NioByteUnsafe.read(AbstractNioByteChannel.java:151)
	at io.netty.channel.nio.NioEventLoop.processSelectedKey(NioEventLoop.java:722)
	at io.netty.channel.nio.NioEventLoop.processSelectedKeysOptimized(NioEventLoop.java:658)
	at io.netty.channel.nio.NioEventLoop.processSelectedKeys(NioEventLoop.java:584)
	at io.netty.channel.nio.NioEventLoop.run(NioEventLoop.java:496)
	at io.netty.util.concurrent.SingleThreadEventExecutor$4.run(SingleThreadEventExecutor.java:986)
	at io.netty.util.internal.ThreadExecutorMap$2.run(ThreadExecutorMap.java:74)
	at io.netty.util.concurrent.FastThreadLocalRunnable.run(FastThreadLocalRunnable.java:30)
	at java.base/java.lang.Thread.run(Thread.java:829)
18:35:37.332 [AsyncHttpClient-1-4] DEBUG org.asynchttpclient.netty.channel.ChannelManager - Closing Channel [id: 0xeceb3410, L:/127.0.0.1:50083 - R:localhost/127.0.0.1:50077] 
18:35:37.332 [AsyncHttpClient-1-4] DEBUG org.asynchttpclient.netty.handler.HttpHandler - Channel Closed: [id: 0xeceb3410, L:/127.0.0.1:50083 ! R:localhost/127.0.0.1:50077] with attribute DISCARD
18:35:37.416 [AsyncHttpClient-1-3] DEBUG org.asynchttpclient.netty.handler.HttpHandler - 

Request DefaultFullHttpRequest(decodeResult: success, version: HTTP/1.1, content: EmptyByteBufBE)
DELETE /session/1dd15390feb32c6e0832b49e91ba78b6 HTTP/1.1
User-Agent: selenium/4.1.4 (java windows)
Content-Type: application/json; charset=utf-8
host: localhost:56938
accept: */*

Response DefaultHttpResponse(decodeResult: success, version: HTTP/1.1)
HTTP/1.1 200 OK
Content-Type: application/json; charset=utf-8
cache-control: no-cache
content-length: 14

18:35:37.416 [AsyncHttpClient-1-3] DEBUG org.asynchttpclient.netty.channel.ChannelManager - Adding key: http://localhost:56938 for channel [id: 0xc59d382e, L:/127.0.0.1:50076 - R:localhost/127.0.0.1:56938]
18:35:37.555 [AsyncHttpClient-1-3] DEBUG org.asynchttpclient.netty.handler.HttpHandler - Channel Closed: [id: 0xc59d382e, L:/127.0.0.1:50076 ! R:localhost/127.0.0.1:56938] with attribute DISCARD
]]></system-out>
    <system-err><![CDATA[Starting ChromeDriver 103.0.5060.53 (a1711811edd74ff1cf2150f36ffa3b0dae40b17f-refs/branch-heads/5060@{#853}) on port 56938
Only local connections are allowed.
Please see https://chromedriver.chromium.org/security-considerations for suggestions on keeping ChromeDriver safe.
ChromeDriver was started successfully.
Jul 17, 2022 6:35:01 PM org.openqa.selenium.remote.ProtocolHandshake createSession
INFO: Detected dialect: W3C
Jul 17, 2022 6:35:01 PM org.openqa.selenium.devtools.CdpVersionFinder findNearestMatch
WARNING: Unable to find an exact match for CDP version 103, so returning the closest version found: 101
Jul 17, 2022 6:35:01 PM org.openqa.selenium.devtools.CdpVersionFinder findNearestMatch
INFO: Found CDP implementation for version 103 of 101
]]></system-err>
  </testcase>
  <testcase name="As a admin i want to edit data pasien (JK Perempuan) - Invalid #5" classname="Data Pasien - Admin" time="36.355">
    <system-out><![CDATA[
@DataPasien111 @EditPatientDataInvalid
Scenario Outline: As a admin i want to edit data pasien (JK Perempuan) - Invalid      &amp#27;[90m# src/test/resources/features/4DataPasien.feature:147&amp#27;[0m
18:35:37.602 [main] INFO io.cucumber.core.plugin.SerenityReporter - Running feature from file:///C:/Alterra/CapstoneBaru/QE/TestingWebUpdate/src/test/resources/features/4DataPasien.feature
18:35:37.664 [main] DEBUG net.thucydides.core.steps.StepInterceptor - STARTING STEP: LoginSteps.openLoginPage - openLogin
18:35:37.669 [main] INFO net.serenitybdd.core.webdriver.driverproviders.ChromeDriverProvider - Using automatically driver download
18:35:37.836 [main] DEBUG io.github.bonigarcia.wdm.cache.ResolutionCache - Resolution chrome=103 in cache (valid until 18:54:33 17/07/2022 ICT)
18:35:37.839 [main] DEBUG io.github.bonigarcia.wdm.cache.ResolutionCache - Resolution chrome103=103.0.5060.53 in cache (valid until 17:54:33 18/07/2022 ICT)
18:35:37.842 [main] INFO io.github.bonigarcia.wdm.WebDriverManager - Using chromedriver 103.0.5060.53 (resolved driver for Chrome 103)
18:35:37.854 [main] DEBUG io.github.bonigarcia.wdm.WebDriverManager - Driver chromedriver 103.0.5060.53 found in cache
18:35:37.854 [main] INFO io.github.bonigarcia.wdm.WebDriverManager - Exporting webdriver.chrome.driver as C:\Users\Bagas Dwi Saputra\.cache\selenium\chromedriver\win32\103.0.5060.53\chromedriver.exe
18:35:38.019 [main] DEBUG net.serenitybdd.core.webdriver.driverproviders.ProvideNewDriver - Instantiating driver
18:35:38.019 [main] DEBUG net.serenitybdd.core.webdriver.driverproviders.ProvideNewDriver - Driver capabilities: Capabilities {acceptInsecureCerts: false, base.url: https://fanciful-trifle-360..., browserName: chrome, chorme.driver: src/test/resources/webdrive..., driver: chrome, goog:chromeOptions: {args: [], extensions: []}}
18:35:38.261 [AsyncHttpClient-1-1] DEBUG org.asynchttpclient.netty.channel.DefaultChannelPool - Entry count for : http://localhost:56938 : 1
18:35:38.261 [AsyncHttpClient-1-1] DEBUG org.asynchttpclient.netty.channel.DefaultChannelPool - Entry count for : http://localhost:50077 : 1
18:35:38.261 [AsyncHttpClient-1-1] DEBUG org.asynchttpclient.netty.channel.DefaultChannelPool - Adding Candidate expired Channel [id: 0xc59d382e, L:/127.0.0.1:50076 ! R:localhost/127.0.0.1:56938] isIdleTimeoutExpired=false isRemotelyClosed=true isTtlExpired=false
18:35:38.261 [AsyncHttpClient-1-1] DEBUG org.asynchttpclient.netty.channel.DefaultChannelPool - Closing Idle Channel [id: 0xc59d382e, L:/127.0.0.1:50076 ! R:localhost/127.0.0.1:56938]
18:35:38.261 [AsyncHttpClient-1-1] DEBUG org.asynchttpclient.netty.channel.DefaultChannelPool - Adding Candidate expired Channel [id: 0xeceb3410, L:/127.0.0.1:50083 ! R:localhost/127.0.0.1:50077] isIdleTimeoutExpired=false isRemotelyClosed=true isTtlExpired=false
18:35:38.261 [AsyncHttpClient-1-1] DEBUG org.asynchttpclient.netty.channel.DefaultChannelPool - Closing Idle Channel [id: 0xeceb3410, L:/127.0.0.1:50083 ! R:localhost/127.0.0.1:50077]
18:35:38.261 [AsyncHttpClient-1-1] DEBUG org.asynchttpclient.netty.channel.DefaultChannelPool - Closed 2 connections out of 2 in 0 ms
18:35:38.482 [AsyncHttpClient-1-6] DEBUG org.asynchttpclient.netty.channel.NettyConnectListener - Using new Channel '[id: 0x51d1da52, L:/127.0.0.1:50102 - R:localhost/127.0.0.1:50078]' for 'POST' to '/session'
18:35:39.545 [AsyncHttpClient-1-6] DEBUG org.asynchttpclient.netty.handler.HttpHandler - 

Request DefaultHttpRequest(decodeResult: success, version: HTTP/1.1)
POST /session HTTP/1.1
User-Agent: selenium/4.1.4 (java windows)
Content-Length: 629
Content-Type: application/json; charset=utf-8
host: localhost:50078
accept: */*

Response DefaultHttpResponse(decodeResult: success, version: HTTP/1.1)
HTTP/1.1 200 OK
Content-Type: application/json; charset=utf-8
cache-control: no-cache
content-length: 794

18:35:39.546 [AsyncHttpClient-1-6] DEBUG org.asynchttpclient.netty.channel.ChannelManager - Adding key: http://localhost:50078 for channel [id: 0x51d1da52, L:/127.0.0.1:50102 - R:localhost/127.0.0.1:50078]
18:35:39.553 [AsyncHttpClient-1-7] DEBUG org.asynchttpclient.netty.channel.NettyConnectListener - Using new Channel '[id: 0xa0de6ccc, L:/127.0.0.1:50109 - R:localhost/127.0.0.1:50103]' for 'GET' to '/json/version'
18:35:39.554 [AsyncHttpClient-1-7] DEBUG org.asynchttpclient.netty.handler.HttpHandler - 

Request DefaultFullHttpRequest(decodeResult: success, version: HTTP/1.1, content: EmptyByteBufBE)
GET /json/version HTTP/1.1
User-Agent: selenium/4.1.4 (java windows)
host: localhost:50103
accept: */*

Response DefaultHttpResponse(decodeResult: success, version: HTTP/1.1)
HTTP/1.1 200 OK
Content-Type: application/json; charset=UTF-8
content-length: 429

18:35:39.554 [AsyncHttpClient-1-7] DEBUG org.asynchttpclient.netty.channel.ChannelManager - Adding key: http://localhost:50103 for channel [id: 0xa0de6ccc, L:/127.0.0.1:50109 - R:localhost/127.0.0.1:50103]
18:35:39.556 [AsyncHttpClient-1-8] DEBUG org.asynchttpclient.netty.channel.NettyConnectListener - Using new Channel '[id: 0x988250f3, L:/127.0.0.1:50110 - R:localhost/127.0.0.1:50103]' for 'GET' to '/devtools/browser/ce17219c-2fed-4ff1-9c61-6a402ce5b604'
18:35:39.556 [AsyncHttpClient-1-8] DEBUG org.asynchttpclient.netty.handler.WebSocketHandler - 

Request DefaultFullHttpRequest(decodeResult: success, version: HTTP/1.1, content: EmptyByteBufBE)
GET /devtools/browser/ce17219c-2fed-4ff1-9c61-6a402ce5b604 HTTP/1.1
upgrade: websocket
connection: upgrade
sec-websocket-key: usheN7T3lEj45zgcGLPtYw==
sec-websocket-version: 13
origin: http://localhost:50103
host: localhost:50103
accept: */*
user-agent: AHC/2.1

Response DefaultHttpResponse(decodeResult: success, version: HTTP/1.1)
HTTP/1.1 101 WebSocket Protocol Handshake
Upgrade: WebSocket
Connection: Upgrade
Sec-WebSocket-Accept: /wf+HsyzP6iG25Ac87CHLC7SEik=

18:35:39.559 [Forwarding get on session 9f023918ccc7622ca2e25dd9fdc4fe8c to remote] DEBUG org.asynchttpclient.netty.request.NettyRequestSender - Using pooled Channel '[id: 0x51d1da52, L:/127.0.0.1:50102 - R:localhost/127.0.0.1:50078]' for 'POST' to 'http://localhost:50078/session/9f023918ccc7622ca2e25dd9fdc4fe8c/url'
18:35:39.559 [Forwarding get on session 9f023918ccc7622ca2e25dd9fdc4fe8c to remote] DEBUG org.asynchttpclient.netty.request.NettyRequestSender - Using open Channel [id: 0x51d1da52, L:/127.0.0.1:50102 - R:localhost/127.0.0.1:50078] for POST '/session/9f023918ccc7622ca2e25dd9fdc4fe8c/url'
18:35:40.250 [AsyncHttpClient-1-6] DEBUG org.asynchttpclient.netty.handler.HttpHandler - 

Request DefaultHttpRequest(decodeResult: success, version: HTTP/1.1)
POST /session/9f023918ccc7622ca2e25dd9fdc4fe8c/url HTTP/1.1
User-Agent: selenium/4.1.4 (java windows)
Content-Length: 78
Content-Type: application/json; charset=utf-8
host: localhost:50078
accept: */*

Response DefaultHttpResponse(decodeResult: success, version: HTTP/1.1)
HTTP/1.1 200 OK
Content-Type: application/json; charset=utf-8
cache-control: no-cache
content-length: 14

18:35:40.250 [AsyncHttpClient-1-6] DEBUG org.asynchttpclient.netty.channel.ChannelManager - Adding key: http://localhost:50078 for channel [id: 0x51d1da52, L:/127.0.0.1:50102 - R:localhost/127.0.0.1:50078]
18:35:40.251 [Forwarding setTimeout on session 9f023918ccc7622ca2e25dd9fdc4fe8c to remote] DEBUG org.asynchttpclient.netty.request.NettyRequestSender - Using pooled Channel '[id: 0x51d1da52, L:/127.0.0.1:50102 - R:localhost/127.0.0.1:50078]' for 'POST' to 'http://localhost:50078/session/9f023918ccc7622ca2e25dd9fdc4fe8c/timeouts'
18:35:40.251 [Forwarding setTimeout on session 9f023918ccc7622ca2e25dd9fdc4fe8c to remote] DEBUG org.asynchttpclient.netty.request.NettyRequestSender - Using open Channel [id: 0x51d1da52, L:/127.0.0.1:50102 - R:localhost/127.0.0.1:50078] for POST '/session/9f023918ccc7622ca2e25dd9fdc4fe8c/timeouts'
18:35:40.252 [AsyncHttpClient-1-6] DEBUG org.asynchttpclient.netty.handler.HttpHandler - 

Request DefaultHttpRequest(decodeResult: success, version: HTTP/1.1)
POST /session/9f023918ccc7622ca2e25dd9fdc4fe8c/timeouts HTTP/1.1
User-Agent: selenium/4.1.4 (java windows)
Content-Length: 22
Content-Type: application/json; charset=utf-8
host: localhost:50078
accept: */*

Response DefaultHttpResponse(decodeResult: success, version: HTTP/1.1)
HTTP/1.1 200 OK
Content-Type: application/json; charset=utf-8
cache-control: no-cache
content-length: 14

18:35:40.252 [AsyncHttpClient-1-6] DEBUG org.asynchttpclient.netty.channel.ChannelManager - Adding key: http://localhost:50078 for channel [id: 0x51d1da52, L:/127.0.0.1:50102 - R:localhost/127.0.0.1:50078]
18:35:40.253 [Forwarding getCurrentUrl on session 9f023918ccc7622ca2e25dd9fdc4fe8c to remote] DEBUG org.asynchttpclient.netty.request.NettyRequestSender - Using pooled Channel '[id: 0x51d1da52, L:/127.0.0.1:50102 - R:localhost/127.0.0.1:50078]' for 'GET' to 'http://localhost:50078/session/9f023918ccc7622ca2e25dd9fdc4fe8c/url'
18:35:40.253 [Forwarding getCurrentUrl on session 9f023918ccc7622ca2e25dd9fdc4fe8c to remote] DEBUG org.asynchttpclient.netty.request.NettyRequestSender - Using open Channel [id: 0x51d1da52, L:/127.0.0.1:50102 - R:localhost/127.0.0.1:50078] for GET '/session/9f023918ccc7622ca2e25dd9fdc4fe8c/url'
18:35:40.290 [AsyncHttpClient-1-6] DEBUG org.asynchttpclient.netty.handler.HttpHandler - 

Request DefaultFullHttpRequest(decodeResult: success, version: HTTP/1.1, content: EmptyByteBufBE)
GET /session/9f023918ccc7622ca2e25dd9fdc4fe8c/url HTTP/1.1
User-Agent: selenium/4.1.4 (java windows)
Cache-Control: no-cache
Content-Type: application/json; charset=utf-8
host: localhost:50078
accept: */*

Response DefaultHttpResponse(decodeResult: success, version: HTTP/1.1)
HTTP/1.1 200 OK
Content-Type: application/json; charset=utf-8
cache-control: no-cache
content-length: 60

18:35:40.290 [AsyncHttpClient-1-6] DEBUG org.asynchttpclient.netty.channel.ChannelManager - Adding key: http://localhost:50078 for channel [id: 0x51d1da52, L:/127.0.0.1:50102 - R:localhost/127.0.0.1:50078]
18:35:40.290 [Forwarding screenshot on session 9f023918ccc7622ca2e25dd9fdc4fe8c to remote] DEBUG org.asynchttpclient.netty.request.NettyRequestSender - Using pooled Channel '[id: 0x51d1da52, L:/127.0.0.1:50102 - R:localhost/127.0.0.1:50078]' for 'GET' to 'http://localhost:50078/session/9f023918ccc7622ca2e25dd9fdc4fe8c/screenshot'
18:35:40.290 [Forwarding screenshot on session 9f023918ccc7622ca2e25dd9fdc4fe8c to remote] DEBUG org.asynchttpclient.netty.request.NettyRequestSender - Using open Channel [id: 0x51d1da52, L:/127.0.0.1:50102 - R:localhost/127.0.0.1:50078] for GET '/session/9f023918ccc7622ca2e25dd9fdc4fe8c/screenshot'
18:35:40.494 [AsyncHttpClient-1-1] DEBUG org.asynchttpclient.netty.channel.DefaultChannelPool - Entry count for : http://localhost:50103 : 1
18:35:40.711 [AsyncHttpClient-1-6] DEBUG org.asynchttpclient.netty.handler.HttpHandler - 

Request DefaultFullHttpRequest(decodeResult: success, version: HTTP/1.1, content: EmptyByteBufBE)
GET /session/9f023918ccc7622ca2e25dd9fdc4fe8c/screenshot HTTP/1.1
User-Agent: selenium/4.1.4 (java windows)
Cache-Control: no-cache
Content-Type: application/json; charset=utf-8
host: localhost:50078
accept: */*

Response DefaultHttpResponse(decodeResult: success, version: HTTP/1.1)
HTTP/1.1 200 OK
Content-Type: application/json; charset=utf-8
cache-control: no-cache
content-length: 380436

18:35:40.711 [AsyncHttpClient-1-6] DEBUG org.asynchttpclient.netty.channel.ChannelManager - Adding key: http://localhost:50078 for channel [id: 0x51d1da52, L:/127.0.0.1:50102 - R:localhost/127.0.0.1:50078]
18:35:40.726 [main] DEBUG net.serenitybdd.core.photography.Darkroom - Send negative for processing for target\site\serenity\d122c364c40ece9db0ad32cd97c3fcf63e95ba606118dda8d3e5a1d2b8235ce2.png
18:35:40.726 [main] DEBUG net.thucydides.core.steps.StepInterceptor - STEP DONE: openLogin
  &amp#27;[32mGiven &amp#27;[0m&amp#27;[32mOpen login page&amp#27;[0m                                                               &amp#27;[90m# starter.stepdefinitios.LoginSteps.openLoginPage()&amp#27;[0m
18:35:41.256 [Forwarding findElement on session 9f023918ccc7622ca2e25dd9fdc4fe8c to remote] DEBUG org.asynchttpclient.netty.request.NettyRequestSender - Using pooled Channel '[id: 0x51d1da52, L:/127.0.0.1:50102 - R:localhost/127.0.0.1:50078]' for 'POST' to 'http://localhost:50078/session/9f023918ccc7622ca2e25dd9fdc4fe8c/element'
18:35:41.256 [Forwarding findElement on session 9f023918ccc7622ca2e25dd9fdc4fe8c to remote] DEBUG org.asynchttpclient.netty.request.NettyRequestSender - Using open Channel [id: 0x51d1da52, L:/127.0.0.1:50102 - R:localhost/127.0.0.1:50078] for POST '/session/9f023918ccc7622ca2e25dd9fdc4fe8c/element'
18:35:41.280 [AsyncHttpClient-1-6] DEBUG org.asynchttpclient.netty.handler.HttpHandler - 

Request DefaultHttpRequest(decodeResult: success, version: HTTP/1.1)
POST /session/9f023918ccc7622ca2e25dd9fdc4fe8c/element HTTP/1.1
User-Agent: selenium/4.1.4 (java windows)
Content-Length: 70
Content-Type: application/json; charset=utf-8
host: localhost:50078
accept: */*

Response DefaultHttpResponse(decodeResult: success, version: HTTP/1.1)
HTTP/1.1 200 OK
Content-Type: application/json; charset=utf-8
cache-control: no-cache
content-length: 88

18:35:41.281 [AsyncHttpClient-1-6] DEBUG org.asynchttpclient.netty.channel.ChannelManager - Adding key: http://localhost:50078 for channel [id: 0x51d1da52, L:/127.0.0.1:50102 - R:localhost/127.0.0.1:50078]
18:35:41.282 [Forwarding sendKeysToElement on session 9f023918ccc7622ca2e25dd9fdc4fe8c to remote] DEBUG org.asynchttpclient.netty.request.NettyRequestSender - Using pooled Channel '[id: 0x51d1da52, L:/127.0.0.1:50102 - R:localhost/127.0.0.1:50078]' for 'POST' to 'http://localhost:50078/session/9f023918ccc7622ca2e25dd9fdc4fe8c/element/72fa9c76-44f4-4ad7-ba1f-d4462ef7ed83/value'
18:35:41.282 [Forwarding sendKeysToElement on session 9f023918ccc7622ca2e25dd9fdc4fe8c to remote] DEBUG org.asynchttpclient.netty.request.NettyRequestSender - Using open Channel [id: 0x51d1da52, L:/127.0.0.1:50102 - R:localhost/127.0.0.1:50078] for POST '/session/9f023918ccc7622ca2e25dd9fdc4fe8c/element/72fa9c76-44f4-4ad7-ba1f-d4462ef7ed83/value'
18:35:41.354 [AsyncHttpClient-1-6] DEBUG org.asynchttpclient.netty.handler.HttpHandler - 

Request DefaultHttpRequest(decodeResult: success, version: HTTP/1.1)
POST /session/9f023918ccc7622ca2e25dd9fdc4fe8c/element/72fa9c76-44f4-4ad7-ba1f-d4462ef7ed83/value HTTP/1.1
User-Agent: selenium/4.1.4 (java windows)
Content-Length: 131
Content-Type: application/json; charset=utf-8
host: localhost:50078
accept: */*

Response DefaultHttpResponse(decodeResult: success, version: HTTP/1.1)
HTTP/1.1 200 OK
Content-Type: application/json; charset=utf-8
cache-control: no-cache
content-length: 14

18:35:41.354 [AsyncHttpClient-1-6] DEBUG org.asynchttpclient.netty.channel.ChannelManager - Adding key: http://localhost:50078 for channel [id: 0x51d1da52, L:/127.0.0.1:50102 - R:localhost/127.0.0.1:50078]
  &amp#27;[32mAnd &amp#27;[0m&amp#27;[32mI input &amp#27;[0m&amp#27;[32m&amp#27;[1m"admin"&amp#27;[0m&amp#27;[32m login email valid&amp#27;[0m                                               &amp#27;[90m# starter.stepdefinitios.LoginSteps.iInputLoginEmailValid(java.lang.String)&amp#27;[0m
18:35:41.358 [Forwarding screenshot on session 9f023918ccc7622ca2e25dd9fdc4fe8c to remote] DEBUG org.asynchttpclient.netty.request.NettyRequestSender - Using pooled Channel '[id: 0x51d1da52, L:/127.0.0.1:50102 - R:localhost/127.0.0.1:50078]' for 'GET' to 'http://localhost:50078/session/9f023918ccc7622ca2e25dd9fdc4fe8c/screenshot'
18:35:41.358 [Forwarding screenshot on session 9f023918ccc7622ca2e25dd9fdc4fe8c to remote] DEBUG org.asynchttpclient.netty.request.NettyRequestSender - Using open Channel [id: 0x51d1da52, L:/127.0.0.1:50102 - R:localhost/127.0.0.1:50078] for GET '/session/9f023918ccc7622ca2e25dd9fdc4fe8c/screenshot'
18:35:41.537 [AsyncHttpClient-1-1] DEBUG org.asynchttpclient.netty.channel.DefaultChannelPool - Entry count for : http://localhost:50103 : 1
18:35:41.563 [AsyncHttpClient-1-6] DEBUG org.asynchttpclient.netty.handler.HttpHandler - 

Request DefaultFullHttpRequest(decodeResult: success, version: HTTP/1.1, content: EmptyByteBufBE)
GET /session/9f023918ccc7622ca2e25dd9fdc4fe8c/screenshot HTTP/1.1
User-Agent: selenium/4.1.4 (java windows)
Cache-Control: no-cache
Content-Type: application/json; charset=utf-8
host: localhost:50078
accept: */*

Response DefaultHttpResponse(decodeResult: success, version: HTTP/1.1)
HTTP/1.1 200 OK
Content-Type: application/json; charset=utf-8
cache-control: no-cache
content-length: 379420

18:35:41.564 [AsyncHttpClient-1-6] DEBUG org.asynchttpclient.netty.channel.ChannelManager - Adding key: http://localhost:50078 for channel [id: 0x51d1da52, L:/127.0.0.1:50102 - R:localhost/127.0.0.1:50078]
18:35:41.573 [main] DEBUG net.serenitybdd.core.photography.Darkroom - Send negative for processing for target\site\serenity\93df20195d3751dea78ac30a105f84d37c410e0341f58ded6fb231b5b47402e6.png
18:35:42.111 [Forwarding screenshot on session 9f023918ccc7622ca2e25dd9fdc4fe8c to remote] DEBUG org.asynchttpclient.netty.request.NettyRequestSender - Using pooled Channel '[id: 0x51d1da52, L:/127.0.0.1:50102 - R:localhost/127.0.0.1:50078]' for 'GET' to 'http://localhost:50078/session/9f023918ccc7622ca2e25dd9fdc4fe8c/screenshot'
18:35:42.111 [Forwarding screenshot on session 9f023918ccc7622ca2e25dd9fdc4fe8c to remote] DEBUG org.asynchttpclient.netty.request.NettyRequestSender - Using open Channel [id: 0x51d1da52, L:/127.0.0.1:50102 - R:localhost/127.0.0.1:50078] for GET '/session/9f023918ccc7622ca2e25dd9fdc4fe8c/screenshot'
18:35:42.309 [AsyncHttpClient-1-6] DEBUG org.asynchttpclient.netty.handler.HttpHandler - 

Request DefaultFullHttpRequest(decodeResult: success, version: HTTP/1.1, content: EmptyByteBufBE)
GET /session/9f023918ccc7622ca2e25dd9fdc4fe8c/screenshot HTTP/1.1
User-Agent: selenium/4.1.4 (java windows)
Cache-Control: no-cache
Content-Type: application/json; charset=utf-8
host: localhost:50078
accept: */*

Response DefaultHttpResponse(decodeResult: success, version: HTTP/1.1)
HTTP/1.1 200 OK
Content-Type: application/json; charset=utf-8
cache-control: no-cache
content-length: 379404

18:35:42.313 [AsyncHttpClient-1-6] DEBUG org.asynchttpclient.netty.channel.ChannelManager - Adding key: http://localhost:50078 for channel [id: 0x51d1da52, L:/127.0.0.1:50102 - R:localhost/127.0.0.1:50078]
18:35:42.323 [main] DEBUG net.serenitybdd.core.photography.Darkroom - Send negative for processing for target\site\serenity\f684e1524ced0278b0b6c6b37709a7cbfb8281aeb576b04a4743fda17448b798.png
18:35:42.323 [main] DEBUG net.thucydides.core.steps.StepInterceptor - STARTING STEP: LoginSteps.iInputLoginPasswordValid - inputPasswordLogin
18:35:42.325 [Forwarding findElement on session 9f023918ccc7622ca2e25dd9fdc4fe8c to remote] DEBUG org.asynchttpclient.netty.request.NettyRequestSender - Using pooled Channel '[id: 0x51d1da52, L:/127.0.0.1:50102 - R:localhost/127.0.0.1:50078]' for 'POST' to 'http://localhost:50078/session/9f023918ccc7622ca2e25dd9fdc4fe8c/element'
18:35:42.325 [Forwarding findElement on session 9f023918ccc7622ca2e25dd9fdc4fe8c to remote] DEBUG org.asynchttpclient.netty.request.NettyRequestSender - Using open Channel [id: 0x51d1da52, L:/127.0.0.1:50102 - R:localhost/127.0.0.1:50078] for POST '/session/9f023918ccc7622ca2e25dd9fdc4fe8c/element'
18:35:42.336 [AsyncHttpClient-1-6] DEBUG org.asynchttpclient.netty.handler.HttpHandler - 

Request DefaultHttpRequest(decodeResult: success, version: HTTP/1.1)
POST /session/9f023918ccc7622ca2e25dd9fdc4fe8c/element HTTP/1.1
User-Agent: selenium/4.1.4 (java windows)
Content-Length: 70
Content-Type: application/json; charset=utf-8
host: localhost:50078
accept: */*

Response DefaultHttpResponse(decodeResult: success, version: HTTP/1.1)
HTTP/1.1 200 OK
Content-Type: application/json; charset=utf-8
cache-control: no-cache
content-length: 88

18:35:42.336 [AsyncHttpClient-1-6] DEBUG org.asynchttpclient.netty.channel.ChannelManager - Adding key: http://localhost:50078 for channel [id: 0x51d1da52, L:/127.0.0.1:50102 - R:localhost/127.0.0.1:50078]
18:35:42.337 [Forwarding sendKeysToElement on session 9f023918ccc7622ca2e25dd9fdc4fe8c to remote] DEBUG org.asynchttpclient.netty.request.NettyRequestSender - Using pooled Channel '[id: 0x51d1da52, L:/127.0.0.1:50102 - R:localhost/127.0.0.1:50078]' for 'POST' to 'http://localhost:50078/session/9f023918ccc7622ca2e25dd9fdc4fe8c/element/ea724e39-a495-4889-8806-4a9de1fcc164/value'
18:35:42.337 [Forwarding sendKeysToElement on session 9f023918ccc7622ca2e25dd9fdc4fe8c to remote] DEBUG org.asynchttpclient.netty.request.NettyRequestSender - Using open Channel [id: 0x51d1da52, L:/127.0.0.1:50102 - R:localhost/127.0.0.1:50078] for POST '/session/9f023918ccc7622ca2e25dd9fdc4fe8c/element/ea724e39-a495-4889-8806-4a9de1fcc164/value'
18:35:42.415 [AsyncHttpClient-1-6] DEBUG org.asynchttpclient.netty.handler.HttpHandler - 

Request DefaultHttpRequest(decodeResult: success, version: HTTP/1.1)
POST /session/9f023918ccc7622ca2e25dd9fdc4fe8c/element/ea724e39-a495-4889-8806-4a9de1fcc164/value HTTP/1.1
User-Agent: selenium/4.1.4 (java windows)
Content-Length: 161
Content-Type: application/json; charset=utf-8
host: localhost:50078
accept: */*

Response DefaultHttpResponse(decodeResult: success, version: HTTP/1.1)
HTTP/1.1 200 OK
Content-Type: application/json; charset=utf-8
cache-control: no-cache
content-length: 14

18:35:42.415 [AsyncHttpClient-1-6] DEBUG org.asynchttpclient.netty.channel.ChannelManager - Adding key: http://localhost:50078 for channel [id: 0x51d1da52, L:/127.0.0.1:50102 - R:localhost/127.0.0.1:50078]
18:35:42.417 [Forwarding screenshot on session 9f023918ccc7622ca2e25dd9fdc4fe8c to remote] DEBUG org.asynchttpclient.netty.request.NettyRequestSender - Using pooled Channel '[id: 0x51d1da52, L:/127.0.0.1:50102 - R:localhost/127.0.0.1:50078]' for 'GET' to 'http://localhost:50078/session/9f023918ccc7622ca2e25dd9fdc4fe8c/screenshot'
18:35:42.417 [Forwarding screenshot on session 9f023918ccc7622ca2e25dd9fdc4fe8c to remote] DEBUG org.asynchttpclient.netty.request.NettyRequestSender - Using open Channel [id: 0x51d1da52, L:/127.0.0.1:50102 - R:localhost/127.0.0.1:50078] for GET '/session/9f023918ccc7622ca2e25dd9fdc4fe8c/screenshot'
18:35:42.626 [AsyncHttpClient-1-6] DEBUG org.asynchttpclient.netty.handler.HttpHandler - 

Request DefaultFullHttpRequest(decodeResult: success, version: HTTP/1.1, content: EmptyByteBufBE)
GET /session/9f023918ccc7622ca2e25dd9fdc4fe8c/screenshot HTTP/1.1
User-Agent: selenium/4.1.4 (java windows)
Cache-Control: no-cache
Content-Type: application/json; charset=utf-8
host: localhost:50078
accept: */*

Response DefaultHttpResponse(decodeResult: success, version: HTTP/1.1)
HTTP/1.1 200 OK
Content-Type: application/json; charset=utf-8
cache-control: no-cache
content-length: 377580

18:35:42.626 [AsyncHttpClient-1-6] DEBUG org.asynchttpclient.netty.channel.ChannelManager - Adding key: http://localhost:50078 for channel [id: 0x51d1da52, L:/127.0.0.1:50102 - R:localhost/127.0.0.1:50078]
18:35:42.635 [AsyncHttpClient-1-1] DEBUG org.asynchttpclient.netty.channel.DefaultChannelPool - Entry count for : http://localhost:50078 : 1
18:35:42.635 [AsyncHttpClient-1-1] DEBUG org.asynchttpclient.netty.channel.DefaultChannelPool - Entry count for : http://localhost:50103 : 1
18:35:42.642 [main] DEBUG net.serenitybdd.core.photography.Darkroom - Send negative for processing for target\site\serenity\44fa0aa493cf3a3837a7fab79c30bded8f584eda85d2cfd055a7ef5b4e3f0a4a.png
18:35:42.642 [main] DEBUG net.thucydides.core.steps.StepInterceptor - STEP DONE: inputPasswordLogin
  &amp#27;[32mAnd &amp#27;[0m&amp#27;[32mI input &amp#27;[0m&amp#27;[32m&amp#27;[1m"admin123"&amp#27;[0m&amp#27;[32m login password valid&amp#27;[0m                                         &amp#27;[90m# starter.stepdefinitios.LoginSteps.iInputLoginPasswordValid(java.lang.String)&amp#27;[0m
18:35:42.655 [main] DEBUG net.thucydides.core.steps.StepInterceptor - STARTING STEP: LoginSteps.iClickButtonLogin - clickButtonLogin
18:35:42.655 [Forwarding findElement on session 9f023918ccc7622ca2e25dd9fdc4fe8c to remote] DEBUG org.asynchttpclient.netty.request.NettyRequestSender - Using pooled Channel '[id: 0x51d1da52, L:/127.0.0.1:50102 - R:localhost/127.0.0.1:50078]' for 'POST' to 'http://localhost:50078/session/9f023918ccc7622ca2e25dd9fdc4fe8c/element'
18:35:42.655 [Forwarding findElement on session 9f023918ccc7622ca2e25dd9fdc4fe8c to remote] DEBUG org.asynchttpclient.netty.request.NettyRequestSender - Using open Channel [id: 0x51d1da52, L:/127.0.0.1:50102 - R:localhost/127.0.0.1:50078] for POST '/session/9f023918ccc7622ca2e25dd9fdc4fe8c/element'
18:35:42.671 [AsyncHttpClient-1-6] DEBUG org.asynchttpclient.netty.handler.HttpHandler - 

Request DefaultHttpRequest(decodeResult: success, version: HTTP/1.1)
POST /session/9f023918ccc7622ca2e25dd9fdc4fe8c/element HTTP/1.1
User-Agent: selenium/4.1.4 (java windows)
Content-Length: 68
Content-Type: application/json; charset=utf-8
host: localhost:50078
accept: */*

Response DefaultHttpResponse(decodeResult: success, version: HTTP/1.1)
HTTP/1.1 200 OK
Content-Type: application/json; charset=utf-8
cache-control: no-cache
content-length: 88

18:35:42.671 [AsyncHttpClient-1-6] DEBUG org.asynchttpclient.netty.channel.ChannelManager - Adding key: http://localhost:50078 for channel [id: 0x51d1da52, L:/127.0.0.1:50102 - R:localhost/127.0.0.1:50078]
18:35:42.672 [Forwarding getElementTagName on session 9f023918ccc7622ca2e25dd9fdc4fe8c to remote] DEBUG org.asynchttpclient.netty.request.NettyRequestSender - Using pooled Channel '[id: 0x51d1da52, L:/127.0.0.1:50102 - R:localhost/127.0.0.1:50078]' for 'GET' to 'http://localhost:50078/session/9f023918ccc7622ca2e25dd9fdc4fe8c/element/62781ba9-0db2-4035-8526-12e81b838747/name'
18:35:42.672 [Forwarding getElementTagName on session 9f023918ccc7622ca2e25dd9fdc4fe8c to remote] DEBUG org.asynchttpclient.netty.request.NettyRequestSender - Using open Channel [id: 0x51d1da52, L:/127.0.0.1:50102 - R:localhost/127.0.0.1:50078] for GET '/session/9f023918ccc7622ca2e25dd9fdc4fe8c/element/62781ba9-0db2-4035-8526-12e81b838747/name'
18:35:42.675 [AsyncHttpClient-1-6] DEBUG org.asynchttpclient.netty.handler.HttpHandler - 

Request DefaultFullHttpRequest(decodeResult: success, version: HTTP/1.1, content: EmptyByteBufBE)
GET /session/9f023918ccc7622ca2e25dd9fdc4fe8c/element/62781ba9-0db2-4035-8526-12e81b838747/name HTTP/1.1
User-Agent: selenium/4.1.4 (java windows)
Cache-Control: no-cache
Content-Type: application/json; charset=utf-8
host: localhost:50078
accept: */*

Response DefaultHttpResponse(decodeResult: success, version: HTTP/1.1)
HTTP/1.1 200 OK
Content-Type: application/json; charset=utf-8
cache-control: no-cache
content-length: 18

18:35:42.675 [AsyncHttpClient-1-6] DEBUG org.asynchttpclient.netty.channel.ChannelManager - Adding key: http://localhost:50078 for channel [id: 0x51d1da52, L:/127.0.0.1:50102 - R:localhost/127.0.0.1:50078]
18:35:42.676 [Forwarding getElementTagName on session 9f023918ccc7622ca2e25dd9fdc4fe8c to remote] DEBUG org.asynchttpclient.netty.request.NettyRequestSender - Using pooled Channel '[id: 0x51d1da52, L:/127.0.0.1:50102 - R:localhost/127.0.0.1:50078]' for 'GET' to 'http://localhost:50078/session/9f023918ccc7622ca2e25dd9fdc4fe8c/element/62781ba9-0db2-4035-8526-12e81b838747/name'
18:35:42.676 [Forwarding getElementTagName on session 9f023918ccc7622ca2e25dd9fdc4fe8c to remote] DEBUG org.asynchttpclient.netty.request.NettyRequestSender - Using open Channel [id: 0x51d1da52, L:/127.0.0.1:50102 - R:localhost/127.0.0.1:50078] for GET '/session/9f023918ccc7622ca2e25dd9fdc4fe8c/element/62781ba9-0db2-4035-8526-12e81b838747/name'
18:35:42.679 [AsyncHttpClient-1-6] DEBUG org.asynchttpclient.netty.handler.HttpHandler - 

Request DefaultFullHttpRequest(decodeResult: success, version: HTTP/1.1, content: EmptyByteBufBE)
GET /session/9f023918ccc7622ca2e25dd9fdc4fe8c/element/62781ba9-0db2-4035-8526-12e81b838747/name HTTP/1.1
User-Agent: selenium/4.1.4 (java windows)
Cache-Control: no-cache
Content-Type: application/json; charset=utf-8
host: localhost:50078
accept: */*

Response DefaultHttpResponse(decodeResult: success, version: HTTP/1.1)
HTTP/1.1 200 OK
Content-Type: application/json; charset=utf-8
cache-control: no-cache
content-length: 18

18:35:42.679 [AsyncHttpClient-1-6] DEBUG org.asynchttpclient.netty.channel.ChannelManager - Adding key: http://localhost:50078 for channel [id: 0x51d1da52, L:/127.0.0.1:50102 - R:localhost/127.0.0.1:50078]
18:35:42.680 [Forwarding isElementEnabled on session 9f023918ccc7622ca2e25dd9fdc4fe8c to remote] DEBUG org.asynchttpclient.netty.request.NettyRequestSender - Using pooled Channel '[id: 0x51d1da52, L:/127.0.0.1:50102 - R:localhost/127.0.0.1:50078]' for 'GET' to 'http://localhost:50078/session/9f023918ccc7622ca2e25dd9fdc4fe8c/element/62781ba9-0db2-4035-8526-12e81b838747/enabled'
18:35:42.680 [Forwarding isElementEnabled on session 9f023918ccc7622ca2e25dd9fdc4fe8c to remote] DEBUG org.asynchttpclient.netty.request.NettyRequestSender - Using open Channel [id: 0x51d1da52, L:/127.0.0.1:50102 - R:localhost/127.0.0.1:50078] for GET '/session/9f023918ccc7622ca2e25dd9fdc4fe8c/element/62781ba9-0db2-4035-8526-12e81b838747/enabled'
18:35:42.688 [AsyncHttpClient-1-6] DEBUG org.asynchttpclient.netty.handler.HttpHandler - 

Request DefaultFullHttpRequest(decodeResult: success, version: HTTP/1.1, content: EmptyByteBufBE)
GET /session/9f023918ccc7622ca2e25dd9fdc4fe8c/element/62781ba9-0db2-4035-8526-12e81b838747/enabled HTTP/1.1
User-Agent: selenium/4.1.4 (java windows)
Cache-Control: no-cache
Content-Type: application/json; charset=utf-8
host: localhost:50078
accept: */*

Response DefaultHttpResponse(decodeResult: success, version: HTTP/1.1)
HTTP/1.1 200 OK
Content-Type: application/json; charset=utf-8
cache-control: no-cache
content-length: 14

18:35:42.688 [AsyncHttpClient-1-6] DEBUG org.asynchttpclient.netty.channel.ChannelManager - Adding key: http://localhost:50078 for channel [id: 0x51d1da52, L:/127.0.0.1:50102 - R:localhost/127.0.0.1:50078]
18:35:42.689 [Forwarding isElementEnabled on session 9f023918ccc7622ca2e25dd9fdc4fe8c to remote] DEBUG org.asynchttpclient.netty.request.NettyRequestSender - Using pooled Channel '[id: 0x51d1da52, L:/127.0.0.1:50102 - R:localhost/127.0.0.1:50078]' for 'GET' to 'http://localhost:50078/session/9f023918ccc7622ca2e25dd9fdc4fe8c/element/62781ba9-0db2-4035-8526-12e81b838747/enabled'
18:35:42.689 [Forwarding isElementEnabled on session 9f023918ccc7622ca2e25dd9fdc4fe8c to remote] DEBUG org.asynchttpclient.netty.request.NettyRequestSender - Using open Channel [id: 0x51d1da52, L:/127.0.0.1:50102 - R:localhost/127.0.0.1:50078] for GET '/session/9f023918ccc7622ca2e25dd9fdc4fe8c/element/62781ba9-0db2-4035-8526-12e81b838747/enabled'
18:35:42.694 [AsyncHttpClient-1-6] DEBUG org.asynchttpclient.netty.handler.HttpHandler - 

Request DefaultFullHttpRequest(decodeResult: success, version: HTTP/1.1, content: EmptyByteBufBE)
GET /session/9f023918ccc7622ca2e25dd9fdc4fe8c/element/62781ba9-0db2-4035-8526-12e81b838747/enabled HTTP/1.1
User-Agent: selenium/4.1.4 (java windows)
Cache-Control: no-cache
Content-Type: application/json; charset=utf-8
host: localhost:50078
accept: */*

Response DefaultHttpResponse(decodeResult: success, version: HTTP/1.1)
HTTP/1.1 200 OK
Content-Type: application/json; charset=utf-8
cache-control: no-cache
content-length: 14

18:35:42.694 [AsyncHttpClient-1-6] DEBUG org.asynchttpclient.netty.channel.ChannelManager - Adding key: http://localhost:50078 for channel [id: 0x51d1da52, L:/127.0.0.1:50102 - R:localhost/127.0.0.1:50078]
18:35:42.696 [Forwarding findElement on session 9f023918ccc7622ca2e25dd9fdc4fe8c to remote] DEBUG org.asynchttpclient.netty.request.NettyRequestSender - Using pooled Channel '[id: 0x51d1da52, L:/127.0.0.1:50102 - R:localhost/127.0.0.1:50078]' for 'POST' to 'http://localhost:50078/session/9f023918ccc7622ca2e25dd9fdc4fe8c/element'
18:35:42.696 [Forwarding findElement on session 9f023918ccc7622ca2e25dd9fdc4fe8c to remote] DEBUG org.asynchttpclient.netty.request.NettyRequestSender - Using open Channel [id: 0x51d1da52, L:/127.0.0.1:50102 - R:localhost/127.0.0.1:50078] for POST '/session/9f023918ccc7622ca2e25dd9fdc4fe8c/element'
18:35:42.698 [AsyncHttpClient-1-6] DEBUG org.asynchttpclient.netty.handler.HttpHandler - 

Request DefaultHttpRequest(decodeResult: success, version: HTTP/1.1)
POST /session/9f023918ccc7622ca2e25dd9fdc4fe8c/element HTTP/1.1
User-Agent: selenium/4.1.4 (java windows)
Content-Length: 68
Content-Type: application/json; charset=utf-8
host: localhost:50078
accept: */*

Response DefaultHttpResponse(decodeResult: success, version: HTTP/1.1)
HTTP/1.1 200 OK
Content-Type: application/json; charset=utf-8
cache-control: no-cache
content-length: 88

18:35:42.698 [AsyncHttpClient-1-6] DEBUG org.asynchttpclient.netty.channel.ChannelManager - Adding key: http://localhost:50078 for channel [id: 0x51d1da52, L:/127.0.0.1:50102 - R:localhost/127.0.0.1:50078]
18:35:42.698 [Forwarding clickElement on session 9f023918ccc7622ca2e25dd9fdc4fe8c to remote] DEBUG org.asynchttpclient.netty.request.NettyRequestSender - Using pooled Channel '[id: 0x51d1da52, L:/127.0.0.1:50102 - R:localhost/127.0.0.1:50078]' for 'POST' to 'http://localhost:50078/session/9f023918ccc7622ca2e25dd9fdc4fe8c/element/62781ba9-0db2-4035-8526-12e81b838747/click'
18:35:42.698 [Forwarding clickElement on session 9f023918ccc7622ca2e25dd9fdc4fe8c to remote] DEBUG org.asynchttpclient.netty.request.NettyRequestSender - Using open Channel [id: 0x51d1da52, L:/127.0.0.1:50102 - R:localhost/127.0.0.1:50078] for POST '/session/9f023918ccc7622ca2e25dd9fdc4fe8c/element/62781ba9-0db2-4035-8526-12e81b838747/click'
18:35:42.782 [AsyncHttpClient-1-6] DEBUG org.asynchttpclient.netty.handler.HttpHandler - 

Request DefaultHttpRequest(decodeResult: success, version: HTTP/1.1)
POST /session/9f023918ccc7622ca2e25dd9fdc4fe8c/element/62781ba9-0db2-4035-8526-12e81b838747/click HTTP/1.1
User-Agent: selenium/4.1.4 (java windows)
Content-Length: 50
Content-Type: application/json; charset=utf-8
host: localhost:50078
accept: */*

Response DefaultHttpResponse(decodeResult: success, version: HTTP/1.1)
HTTP/1.1 200 OK
Content-Type: application/json; charset=utf-8
cache-control: no-cache
content-length: 14

18:35:42.782 [AsyncHttpClient-1-6] DEBUG org.asynchttpclient.netty.channel.ChannelManager - Adding key: http://localhost:50078 for channel [id: 0x51d1da52, L:/127.0.0.1:50102 - R:localhost/127.0.0.1:50078]
18:35:42.791 [Forwarding screenshot on session 9f023918ccc7622ca2e25dd9fdc4fe8c to remote] DEBUG org.asynchttpclient.netty.request.NettyRequestSender - Using pooled Channel '[id: 0x51d1da52, L:/127.0.0.1:50102 - R:localhost/127.0.0.1:50078]' for 'GET' to 'http://localhost:50078/session/9f023918ccc7622ca2e25dd9fdc4fe8c/screenshot'
18:35:42.791 [Forwarding screenshot on session 9f023918ccc7622ca2e25dd9fdc4fe8c to remote] DEBUG org.asynchttpclient.netty.request.NettyRequestSender - Using open Channel [id: 0x51d1da52, L:/127.0.0.1:50102 - R:localhost/127.0.0.1:50078] for GET '/session/9f023918ccc7622ca2e25dd9fdc4fe8c/screenshot'
18:35:43.054 [AsyncHttpClient-1-6] DEBUG org.asynchttpclient.netty.handler.HttpHandler - 

Request DefaultFullHttpRequest(decodeResult: success, version: HTTP/1.1, content: EmptyByteBufBE)
GET /session/9f023918ccc7622ca2e25dd9fdc4fe8c/screenshot HTTP/1.1
User-Agent: selenium/4.1.4 (java windows)
Cache-Control: no-cache
Content-Type: application/json; charset=utf-8
host: localhost:50078
accept: */*

Response DefaultHttpResponse(decodeResult: success, version: HTTP/1.1)
HTTP/1.1 200 OK
Content-Type: application/json; charset=utf-8
cache-control: no-cache
content-length: 360768

18:35:43.055 [AsyncHttpClient-1-6] DEBUG org.asynchttpclient.netty.channel.ChannelManager - Adding key: http://localhost:50078 for channel [id: 0x51d1da52, L:/127.0.0.1:50102 - R:localhost/127.0.0.1:50078]
18:35:43.064 [main] DEBUG net.serenitybdd.core.photography.Darkroom - Send negative for processing for target\site\serenity\bad73fc1cfbd50c77e86052696411305d27948fee8a76cd7197d0c159dda7e4a.png
18:35:43.064 [main] DEBUG net.thucydides.core.steps.StepInterceptor - STEP DONE: clickButtonLogin
18:35:43.065 [Darkroom Processing Line] DEBUG net.serenitybdd.core.photography.DarkroomProcessingLine - Processing screenshot image in /var/screenshots/screenshot-9015056642700353595
18:35:43.065 [Darkroom Processing Line] DEBUG net.serenitybdd.core.photography.DarkroomProcessingLine - Saving screenshot to target\site\serenity\bad73fc1cfbd50c77e86052696411305d27948fee8a76cd7197d0c159dda7e4a.png
18:35:43.735 [AsyncHttpClient-1-1] DEBUG org.asynchttpclient.netty.channel.DefaultChannelPool - Entry count for : http://localhost:50078 : 1
18:35:43.735 [AsyncHttpClient-1-1] DEBUG org.asynchttpclient.netty.channel.DefaultChannelPool - Entry count for : http://localhost:50103 : 1
  &amp#27;[32mAnd &amp#27;[0m&amp#27;[32mI click button login&amp#27;[0m                                                            &amp#27;[90m# starter.stepdefinitios.LoginSteps.iClickButtonLogin()&amp#27;[0m
18:35:44.079 [Forwarding screenshot on session 9f023918ccc7622ca2e25dd9fdc4fe8c to remote] DEBUG org.asynchttpclient.netty.request.NettyRequestSender - Using pooled Channel '[id: 0x51d1da52, L:/127.0.0.1:50102 - R:localhost/127.0.0.1:50078]' for 'GET' to 'http://localhost:50078/session/9f023918ccc7622ca2e25dd9fdc4fe8c/screenshot'
18:35:44.079 [Forwarding screenshot on session 9f023918ccc7622ca2e25dd9fdc4fe8c to remote] DEBUG org.asynchttpclient.netty.request.NettyRequestSender - Using open Channel [id: 0x51d1da52, L:/127.0.0.1:50102 - R:localhost/127.0.0.1:50078] for GET '/session/9f023918ccc7622ca2e25dd9fdc4fe8c/screenshot'
18:35:44.375 [AsyncHttpClient-1-6] DEBUG org.asynchttpclient.netty.handler.HttpHandler - 

Request DefaultFullHttpRequest(decodeResult: success, version: HTTP/1.1, content: EmptyByteBufBE)
GET /session/9f023918ccc7622ca2e25dd9fdc4fe8c/screenshot HTTP/1.1
User-Agent: selenium/4.1.4 (java windows)
Cache-Control: no-cache
Content-Type: application/json; charset=utf-8
host: localhost:50078
accept: */*

Response DefaultHttpResponse(decodeResult: success, version: HTTP/1.1)
HTTP/1.1 200 OK
Content-Type: application/json; charset=utf-8
cache-control: no-cache
content-length: 313232

18:35:44.375 [AsyncHttpClient-1-6] DEBUG org.asynchttpclient.netty.channel.ChannelManager - Adding key: http://localhost:50078 for channel [id: 0x51d1da52, L:/127.0.0.1:50102 - R:localhost/127.0.0.1:50078]
18:35:44.383 [main] DEBUG net.serenitybdd.core.photography.Darkroom - Send negative for processing for target\site\serenity\1105e78d378c2f06d5aa25b71c1d317c9879574433deccf4642f40575f63dcf9.png
18:35:44.383 [Darkroom Processing Line] DEBUG net.serenitybdd.core.photography.DarkroomProcessingLine - Processing screenshot image in /var/screenshots/screenshot-16070584536857727364
18:35:44.383 [Darkroom Processing Line] DEBUG net.serenitybdd.core.photography.DarkroomProcessingLine - Saving screenshot to target\site\serenity\1105e78d378c2f06d5aa25b71c1d317c9879574433deccf4642f40575f63dcf9.png
18:35:44.836 [AsyncHttpClient-1-1] DEBUG org.asynchttpclient.netty.channel.DefaultChannelPool - Entry count for : http://localhost:50078 : 1
18:35:44.836 [AsyncHttpClient-1-1] DEBUG org.asynchttpclient.netty.channel.DefaultChannelPool - Entry count for : http://localhost:50103 : 1
18:35:45.937 [AsyncHttpClient-1-1] DEBUG org.asynchttpclient.netty.channel.DefaultChannelPool - Entry count for : http://localhost:50078 : 1
18:35:45.937 [AsyncHttpClient-1-1] DEBUG org.asynchttpclient.netty.channel.DefaultChannelPool - Entry count for : http://localhost:50103 : 1
18:35:47.035 [AsyncHttpClient-1-1] DEBUG org.asynchttpclient.netty.channel.DefaultChannelPool - Entry count for : http://localhost:50078 : 1
18:35:47.035 [AsyncHttpClient-1-1] DEBUG org.asynchttpclient.netty.channel.DefaultChannelPool - Entry count for : http://localhost:50103 : 1
18:35:48.152 [AsyncHttpClient-1-1] DEBUG org.asynchttpclient.netty.channel.DefaultChannelPool - Entry count for : http://localhost:50078 : 1
18:35:48.152 [AsyncHttpClient-1-1] DEBUG org.asynchttpclient.netty.channel.DefaultChannelPool - Entry count for : http://localhost:50103 : 1
18:35:49.237 [AsyncHttpClient-1-1] DEBUG org.asynchttpclient.netty.channel.DefaultChannelPool - Entry count for : http://localhost:50078 : 1
18:35:49.237 [AsyncHttpClient-1-1] DEBUG org.asynchttpclient.netty.channel.DefaultChannelPool - Entry count for : http://localhost:50103 : 1
18:35:49.402 [Forwarding findElement on session 9f023918ccc7622ca2e25dd9fdc4fe8c to remote] DEBUG org.asynchttpclient.netty.request.NettyRequestSender - Using pooled Channel '[id: 0x51d1da52, L:/127.0.0.1:50102 - R:localhost/127.0.0.1:50078]' for 'POST' to 'http://localhost:50078/session/9f023918ccc7622ca2e25dd9fdc4fe8c/element'
18:35:49.402 [Forwarding findElement on session 9f023918ccc7622ca2e25dd9fdc4fe8c to remote] DEBUG org.asynchttpclient.netty.request.NettyRequestSender - Using open Channel [id: 0x51d1da52, L:/127.0.0.1:50102 - R:localhost/127.0.0.1:50078] for POST '/session/9f023918ccc7622ca2e25dd9fdc4fe8c/element'
18:35:49.422 [AsyncHttpClient-1-6] DEBUG org.asynchttpclient.netty.handler.HttpHandler - 

Request DefaultHttpRequest(decodeResult: success, version: HTTP/1.1)
POST /session/9f023918ccc7622ca2e25dd9fdc4fe8c/element HTTP/1.1
User-Agent: selenium/4.1.4 (java windows)
Content-Length: 68
Content-Type: application/json; charset=utf-8
host: localhost:50078
accept: */*

Response DefaultHttpResponse(decodeResult: success, version: HTTP/1.1)
HTTP/1.1 200 OK
Content-Type: application/json; charset=utf-8
cache-control: no-cache
content-length: 88

18:35:49.422 [AsyncHttpClient-1-6] DEBUG org.asynchttpclient.netty.channel.ChannelManager - Adding key: http://localhost:50078 for channel [id: 0x51d1da52, L:/127.0.0.1:50102 - R:localhost/127.0.0.1:50078]
18:35:49.423 [Forwarding isElementEnabled on session 9f023918ccc7622ca2e25dd9fdc4fe8c to remote] DEBUG org.asynchttpclient.netty.request.NettyRequestSender - Using pooled Channel '[id: 0x51d1da52, L:/127.0.0.1:50102 - R:localhost/127.0.0.1:50078]' for 'GET' to 'http://localhost:50078/session/9f023918ccc7622ca2e25dd9fdc4fe8c/element/1898ffc7-74fd-4e9f-990e-a49ecda2da4c/enabled'
18:35:49.423 [Forwarding isElementEnabled on session 9f023918ccc7622ca2e25dd9fdc4fe8c to remote] DEBUG org.asynchttpclient.netty.request.NettyRequestSender - Using open Channel [id: 0x51d1da52, L:/127.0.0.1:50102 - R:localhost/127.0.0.1:50078] for GET '/session/9f023918ccc7622ca2e25dd9fdc4fe8c/element/1898ffc7-74fd-4e9f-990e-a49ecda2da4c/enabled'
18:35:49.438 [AsyncHttpClient-1-6] DEBUG org.asynchttpclient.netty.handler.HttpHandler - 

Request DefaultFullHttpRequest(decodeResult: success, version: HTTP/1.1, content: EmptyByteBufBE)
GET /session/9f023918ccc7622ca2e25dd9fdc4fe8c/element/1898ffc7-74fd-4e9f-990e-a49ecda2da4c/enabled HTTP/1.1
User-Agent: selenium/4.1.4 (java windows)
Cache-Control: no-cache
Content-Type: application/json; charset=utf-8
host: localhost:50078
accept: */*

Response DefaultHttpResponse(decodeResult: success, version: HTTP/1.1)
HTTP/1.1 200 OK
Content-Type: application/json; charset=utf-8
cache-control: no-cache
content-length: 14

18:35:49.438 [AsyncHttpClient-1-6] DEBUG org.asynchttpclient.netty.channel.ChannelManager - Adding key: http://localhost:50078 for channel [id: 0x51d1da52, L:/127.0.0.1:50102 - R:localhost/127.0.0.1:50078]
18:35:49.953 [Forwarding screenshot on session 9f023918ccc7622ca2e25dd9fdc4fe8c to remote] DEBUG org.asynchttpclient.netty.request.NettyRequestSender - Using pooled Channel '[id: 0x51d1da52, L:/127.0.0.1:50102 - R:localhost/127.0.0.1:50078]' for 'GET' to 'http://localhost:50078/session/9f023918ccc7622ca2e25dd9fdc4fe8c/screenshot'
18:35:49.953 [Forwarding screenshot on session 9f023918ccc7622ca2e25dd9fdc4fe8c to remote] DEBUG org.asynchttpclient.netty.request.NettyRequestSender - Using open Channel [id: 0x51d1da52, L:/127.0.0.1:50102 - R:localhost/127.0.0.1:50078] for GET '/session/9f023918ccc7622ca2e25dd9fdc4fe8c/screenshot'
18:35:50.197 [AsyncHttpClient-1-6] DEBUG org.asynchttpclient.netty.handler.HttpHandler - 

Request DefaultFullHttpRequest(decodeResult: success, version: HTTP/1.1, content: EmptyByteBufBE)
GET /session/9f023918ccc7622ca2e25dd9fdc4fe8c/screenshot HTTP/1.1
User-Agent: selenium/4.1.4 (java windows)
Cache-Control: no-cache
Content-Type: application/json; charset=utf-8
host: localhost:50078
accept: */*

Response DefaultHttpResponse(decodeResult: success, version: HTTP/1.1)
HTTP/1.1 200 OK
Content-Type: application/json; charset=utf-8
cache-control: no-cache
content-length: 301044

18:35:50.197 [AsyncHttpClient-1-6] DEBUG org.asynchttpclient.netty.channel.ChannelManager - Adding key: http://localhost:50078 for channel [id: 0x51d1da52, L:/127.0.0.1:50102 - R:localhost/127.0.0.1:50078]
18:35:50.205 [main] DEBUG net.serenitybdd.core.photography.Darkroom - Send negative for processing for target\site\serenity\163e386af0b12517552a74a3d5043b94e8c0f9215c0f21d464e3b04d27a0859d.png
18:35:50.205 [main] DEBUG net.thucydides.core.steps.StepInterceptor - STARTING STEP: LoginSteps.loginValidationInvalid - clickButtonErrorOK
18:35:50.211 [Forwarding findElement on session 9f023918ccc7622ca2e25dd9fdc4fe8c to remote] DEBUG org.asynchttpclient.netty.request.NettyRequestSender - Using pooled Channel '[id: 0x51d1da52, L:/127.0.0.1:50102 - R:localhost/127.0.0.1:50078]' for 'POST' to 'http://localhost:50078/session/9f023918ccc7622ca2e25dd9fdc4fe8c/element'
18:35:50.211 [Forwarding findElement on session 9f023918ccc7622ca2e25dd9fdc4fe8c to remote] DEBUG org.asynchttpclient.netty.request.NettyRequestSender - Using open Channel [id: 0x51d1da52, L:/127.0.0.1:50102 - R:localhost/127.0.0.1:50078] for POST '/session/9f023918ccc7622ca2e25dd9fdc4fe8c/element'
18:35:50.221 [AsyncHttpClient-1-6] DEBUG org.asynchttpclient.netty.handler.HttpHandler - 

Request DefaultHttpRequest(decodeResult: success, version: HTTP/1.1)
POST /session/9f023918ccc7622ca2e25dd9fdc4fe8c/element HTTP/1.1
User-Agent: selenium/4.1.4 (java windows)
Content-Length: 88
Content-Type: application/json; charset=utf-8
host: localhost:50078
accept: */*

Response DefaultHttpResponse(decodeResult: success, version: HTTP/1.1)
HTTP/1.1 200 OK
Content-Type: application/json; charset=utf-8
cache-control: no-cache
content-length: 88

18:35:50.221 [AsyncHttpClient-1-6] DEBUG org.asynchttpclient.netty.channel.ChannelManager - Adding key: http://localhost:50078 for channel [id: 0x51d1da52, L:/127.0.0.1:50102 - R:localhost/127.0.0.1:50078]
18:35:50.222 [Forwarding getElementTagName on session 9f023918ccc7622ca2e25dd9fdc4fe8c to remote] DEBUG org.asynchttpclient.netty.request.NettyRequestSender - Using pooled Channel '[id: 0x51d1da52, L:/127.0.0.1:50102 - R:localhost/127.0.0.1:50078]' for 'GET' to 'http://localhost:50078/session/9f023918ccc7622ca2e25dd9fdc4fe8c/element/6796ce44-c5fa-4069-98a8-fc869204fe12/name'
18:35:50.222 [Forwarding getElementTagName on session 9f023918ccc7622ca2e25dd9fdc4fe8c to remote] DEBUG org.asynchttpclient.netty.request.NettyRequestSender - Using open Channel [id: 0x51d1da52, L:/127.0.0.1:50102 - R:localhost/127.0.0.1:50078] for GET '/session/9f023918ccc7622ca2e25dd9fdc4fe8c/element/6796ce44-c5fa-4069-98a8-fc869204fe12/name'
18:35:50.225 [AsyncHttpClient-1-6] DEBUG org.asynchttpclient.netty.handler.HttpHandler - 

Request DefaultFullHttpRequest(decodeResult: success, version: HTTP/1.1, content: EmptyByteBufBE)
GET /session/9f023918ccc7622ca2e25dd9fdc4fe8c/element/6796ce44-c5fa-4069-98a8-fc869204fe12/name HTTP/1.1
User-Agent: selenium/4.1.4 (java windows)
Cache-Control: no-cache
Content-Type: application/json; charset=utf-8
host: localhost:50078
accept: */*

Response DefaultHttpResponse(decodeResult: success, version: HTTP/1.1)
HTTP/1.1 200 OK
Content-Type: application/json; charset=utf-8
cache-control: no-cache
content-length: 18

18:35:50.225 [AsyncHttpClient-1-6] DEBUG org.asynchttpclient.netty.channel.ChannelManager - Adding key: http://localhost:50078 for channel [id: 0x51d1da52, L:/127.0.0.1:50102 - R:localhost/127.0.0.1:50078]
18:35:50.226 [Forwarding getElementTagName on session 9f023918ccc7622ca2e25dd9fdc4fe8c to remote] DEBUG org.asynchttpclient.netty.request.NettyRequestSender - Using pooled Channel '[id: 0x51d1da52, L:/127.0.0.1:50102 - R:localhost/127.0.0.1:50078]' for 'GET' to 'http://localhost:50078/session/9f023918ccc7622ca2e25dd9fdc4fe8c/element/6796ce44-c5fa-4069-98a8-fc869204fe12/name'
18:35:50.226 [Forwarding getElementTagName on session 9f023918ccc7622ca2e25dd9fdc4fe8c to remote] DEBUG org.asynchttpclient.netty.request.NettyRequestSender - Using open Channel [id: 0x51d1da52, L:/127.0.0.1:50102 - R:localhost/127.0.0.1:50078] for GET '/session/9f023918ccc7622ca2e25dd9fdc4fe8c/element/6796ce44-c5fa-4069-98a8-fc869204fe12/name'
18:35:50.229 [AsyncHttpClient-1-6] DEBUG org.asynchttpclient.netty.handler.HttpHandler - 

Request DefaultFullHttpRequest(decodeResult: success, version: HTTP/1.1, content: EmptyByteBufBE)
GET /session/9f023918ccc7622ca2e25dd9fdc4fe8c/element/6796ce44-c5fa-4069-98a8-fc869204fe12/name HTTP/1.1
User-Agent: selenium/4.1.4 (java windows)
Cache-Control: no-cache
Content-Type: application/json; charset=utf-8
host: localhost:50078
accept: */*

Response DefaultHttpResponse(decodeResult: success, version: HTTP/1.1)
HTTP/1.1 200 OK
Content-Type: application/json; charset=utf-8
cache-control: no-cache
content-length: 18

18:35:50.229 [AsyncHttpClient-1-6] DEBUG org.asynchttpclient.netty.channel.ChannelManager - Adding key: http://localhost:50078 for channel [id: 0x51d1da52, L:/127.0.0.1:50102 - R:localhost/127.0.0.1:50078]
18:35:50.230 [Forwarding isElementEnabled on session 9f023918ccc7622ca2e25dd9fdc4fe8c to remote] DEBUG org.asynchttpclient.netty.request.NettyRequestSender - Using pooled Channel '[id: 0x51d1da52, L:/127.0.0.1:50102 - R:localhost/127.0.0.1:50078]' for 'GET' to 'http://localhost:50078/session/9f023918ccc7622ca2e25dd9fdc4fe8c/element/6796ce44-c5fa-4069-98a8-fc869204fe12/enabled'
18:35:50.230 [Forwarding isElementEnabled on session 9f023918ccc7622ca2e25dd9fdc4fe8c to remote] DEBUG org.asynchttpclient.netty.request.NettyRequestSender - Using open Channel [id: 0x51d1da52, L:/127.0.0.1:50102 - R:localhost/127.0.0.1:50078] for GET '/session/9f023918ccc7622ca2e25dd9fdc4fe8c/element/6796ce44-c5fa-4069-98a8-fc869204fe12/enabled'
18:35:50.237 [AsyncHttpClient-1-6] DEBUG org.asynchttpclient.netty.handler.HttpHandler - 

Request DefaultFullHttpRequest(decodeResult: success, version: HTTP/1.1, content: EmptyByteBufBE)
GET /session/9f023918ccc7622ca2e25dd9fdc4fe8c/element/6796ce44-c5fa-4069-98a8-fc869204fe12/enabled HTTP/1.1
User-Agent: selenium/4.1.4 (java windows)
Cache-Control: no-cache
Content-Type: application/json; charset=utf-8
host: localhost:50078
accept: */*

Response DefaultHttpResponse(decodeResult: success, version: HTTP/1.1)
HTTP/1.1 200 OK
Content-Type: application/json; charset=utf-8
cache-control: no-cache
content-length: 14

18:35:50.237 [AsyncHttpClient-1-6] DEBUG org.asynchttpclient.netty.channel.ChannelManager - Adding key: http://localhost:50078 for channel [id: 0x51d1da52, L:/127.0.0.1:50102 - R:localhost/127.0.0.1:50078]
18:35:50.238 [Forwarding isElementEnabled on session 9f023918ccc7622ca2e25dd9fdc4fe8c to remote] DEBUG org.asynchttpclient.netty.request.NettyRequestSender - Using pooled Channel '[id: 0x51d1da52, L:/127.0.0.1:50102 - R:localhost/127.0.0.1:50078]' for 'GET' to 'http://localhost:50078/session/9f023918ccc7622ca2e25dd9fdc4fe8c/element/6796ce44-c5fa-4069-98a8-fc869204fe12/enabled'
18:35:50.238 [Forwarding isElementEnabled on session 9f023918ccc7622ca2e25dd9fdc4fe8c to remote] DEBUG org.asynchttpclient.netty.request.NettyRequestSender - Using open Channel [id: 0x51d1da52, L:/127.0.0.1:50102 - R:localhost/127.0.0.1:50078] for GET '/session/9f023918ccc7622ca2e25dd9fdc4fe8c/element/6796ce44-c5fa-4069-98a8-fc869204fe12/enabled'
18:35:50.243 [AsyncHttpClient-1-6] DEBUG org.asynchttpclient.netty.handler.HttpHandler - 

Request DefaultFullHttpRequest(decodeResult: success, version: HTTP/1.1, content: EmptyByteBufBE)
GET /session/9f023918ccc7622ca2e25dd9fdc4fe8c/element/6796ce44-c5fa-4069-98a8-fc869204fe12/enabled HTTP/1.1
User-Agent: selenium/4.1.4 (java windows)
Cache-Control: no-cache
Content-Type: application/json; charset=utf-8
host: localhost:50078
accept: */*

Response DefaultHttpResponse(decodeResult: success, version: HTTP/1.1)
HTTP/1.1 200 OK
Content-Type: application/json; charset=utf-8
cache-control: no-cache
content-length: 14

18:35:50.243 [AsyncHttpClient-1-6] DEBUG org.asynchttpclient.netty.channel.ChannelManager - Adding key: http://localhost:50078 for channel [id: 0x51d1da52, L:/127.0.0.1:50102 - R:localhost/127.0.0.1:50078]
18:35:50.245 [Forwarding findElement on session 9f023918ccc7622ca2e25dd9fdc4fe8c to remote] DEBUG org.asynchttpclient.netty.request.NettyRequestSender - Using pooled Channel '[id: 0x51d1da52, L:/127.0.0.1:50102 - R:localhost/127.0.0.1:50078]' for 'POST' to 'http://localhost:50078/session/9f023918ccc7622ca2e25dd9fdc4fe8c/element'
18:35:50.245 [Forwarding findElement on session 9f023918ccc7622ca2e25dd9fdc4fe8c to remote] DEBUG org.asynchttpclient.netty.request.NettyRequestSender - Using open Channel [id: 0x51d1da52, L:/127.0.0.1:50102 - R:localhost/127.0.0.1:50078] for POST '/session/9f023918ccc7622ca2e25dd9fdc4fe8c/element'
18:35:50.251 [AsyncHttpClient-1-6] DEBUG org.asynchttpclient.netty.handler.HttpHandler - 

Request DefaultHttpRequest(decodeResult: success, version: HTTP/1.1)
POST /session/9f023918ccc7622ca2e25dd9fdc4fe8c/element HTTP/1.1
User-Agent: selenium/4.1.4 (java windows)
Content-Length: 88
Content-Type: application/json; charset=utf-8
host: localhost:50078
accept: */*

Response DefaultHttpResponse(decodeResult: success, version: HTTP/1.1)
HTTP/1.1 200 OK
Content-Type: application/json; charset=utf-8
cache-control: no-cache
content-length: 88

18:35:50.257 [AsyncHttpClient-1-6] DEBUG org.asynchttpclient.netty.channel.ChannelManager - Adding key: http://localhost:50078 for channel [id: 0x51d1da52, L:/127.0.0.1:50102 - R:localhost/127.0.0.1:50078]
18:35:50.258 [Forwarding clickElement on session 9f023918ccc7622ca2e25dd9fdc4fe8c to remote] DEBUG org.asynchttpclient.netty.request.NettyRequestSender - Using pooled Channel '[id: 0x51d1da52, L:/127.0.0.1:50102 - R:localhost/127.0.0.1:50078]' for 'POST' to 'http://localhost:50078/session/9f023918ccc7622ca2e25dd9fdc4fe8c/element/6796ce44-c5fa-4069-98a8-fc869204fe12/click'
18:35:50.258 [Forwarding clickElement on session 9f023918ccc7622ca2e25dd9fdc4fe8c to remote] DEBUG org.asynchttpclient.netty.request.NettyRequestSender - Using open Channel [id: 0x51d1da52, L:/127.0.0.1:50102 - R:localhost/127.0.0.1:50078] for POST '/session/9f023918ccc7622ca2e25dd9fdc4fe8c/element/6796ce44-c5fa-4069-98a8-fc869204fe12/click'
18:35:50.320 [AsyncHttpClient-1-6] DEBUG org.asynchttpclient.netty.handler.HttpHandler - 

Request DefaultHttpRequest(decodeResult: success, version: HTTP/1.1)
POST /session/9f023918ccc7622ca2e25dd9fdc4fe8c/element/6796ce44-c5fa-4069-98a8-fc869204fe12/click HTTP/1.1
User-Agent: selenium/4.1.4 (java windows)
Content-Length: 50
Content-Type: application/json; charset=utf-8
host: localhost:50078
accept: */*

Response DefaultHttpResponse(decodeResult: success, version: HTTP/1.1)
HTTP/1.1 200 OK
Content-Type: application/json; charset=utf-8
cache-control: no-cache
content-length: 14

18:35:50.320 [AsyncHttpClient-1-6] DEBUG org.asynchttpclient.netty.channel.ChannelManager - Adding key: http://localhost:50078 for channel [id: 0x51d1da52, L:/127.0.0.1:50102 - R:localhost/127.0.0.1:50078]
18:35:50.325 [Forwarding screenshot on session 9f023918ccc7622ca2e25dd9fdc4fe8c to remote] DEBUG org.asynchttpclient.netty.request.NettyRequestSender - Using pooled Channel '[id: 0x51d1da52, L:/127.0.0.1:50102 - R:localhost/127.0.0.1:50078]' for 'GET' to 'http://localhost:50078/session/9f023918ccc7622ca2e25dd9fdc4fe8c/screenshot'
18:35:50.325 [Forwarding screenshot on session 9f023918ccc7622ca2e25dd9fdc4fe8c to remote] DEBUG org.asynchttpclient.netty.request.NettyRequestSender - Using open Channel [id: 0x51d1da52, L:/127.0.0.1:50102 - R:localhost/127.0.0.1:50078] for GET '/session/9f023918ccc7622ca2e25dd9fdc4fe8c/screenshot'
18:35:50.347 [AsyncHttpClient-1-1] DEBUG org.asynchttpclient.netty.channel.DefaultChannelPool - Entry count for : http://localhost:50103 : 1
18:35:50.656 [AsyncHttpClient-1-6] DEBUG org.asynchttpclient.netty.handler.HttpHandler - 

Request DefaultFullHttpRequest(decodeResult: success, version: HTTP/1.1, content: EmptyByteBufBE)
GET /session/9f023918ccc7622ca2e25dd9fdc4fe8c/screenshot HTTP/1.1
User-Agent: selenium/4.1.4 (java windows)
Cache-Control: no-cache
Content-Type: application/json; charset=utf-8
host: localhost:50078
accept: */*

Response DefaultHttpResponse(decodeResult: success, version: HTTP/1.1)
HTTP/1.1 200 OK
Content-Type: application/json; charset=utf-8
cache-control: no-cache
content-length: 73636

18:35:50.656 [AsyncHttpClient-1-6] DEBUG org.asynchttpclient.netty.channel.ChannelManager - Adding key: http://localhost:50078 for channel [id: 0x51d1da52, L:/127.0.0.1:50102 - R:localhost/127.0.0.1:50078]
18:35:50.660 [main] DEBUG net.serenitybdd.core.photography.Darkroom - Send negative for processing for target\site\serenity\21c929e75ffdb49d9dca5f7e7ca5f5f22848677ae18af84d460fef467d5b1311.png
18:35:50.660 [main] DEBUG net.thucydides.core.steps.StepInterceptor - STEP DONE: clickButtonErrorOK
  &amp#27;[32mAnd &amp#27;[0m&amp#27;[32mLogin validation invalid&amp#27;[0m                                                        &amp#27;[90m# starter.stepdefinitios.LoginSteps.loginValidationInvalid()&amp#27;[0m
18:35:50.660 [Darkroom Processing Line] DEBUG net.serenitybdd.core.photography.DarkroomProcessingLine - Processing screenshot image in /var/screenshots/screenshot-14627832685665892226
18:35:50.660 [Darkroom Processing Line] DEBUG net.serenitybdd.core.photography.DarkroomProcessingLine - Saving screenshot to target\site\serenity\21c929e75ffdb49d9dca5f7e7ca5f5f22848677ae18af84d460fef467d5b1311.png
18:35:51.444 [AsyncHttpClient-1-1] DEBUG org.asynchttpclient.netty.channel.DefaultChannelPool - Entry count for : http://localhost:50078 : 1
18:35:51.444 [AsyncHttpClient-1-1] DEBUG org.asynchttpclient.netty.channel.DefaultChannelPool - Entry count for : http://localhost:50103 : 1
18:35:52.537 [AsyncHttpClient-1-1] DEBUG org.asynchttpclient.netty.channel.DefaultChannelPool - Entry count for : http://localhost:50078 : 1
18:35:52.537 [AsyncHttpClient-1-1] DEBUG org.asynchttpclient.netty.channel.DefaultChannelPool - Entry count for : http://localhost:50103 : 1
18:35:53.637 [AsyncHttpClient-1-1] DEBUG org.asynchttpclient.netty.channel.DefaultChannelPool - Entry count for : http://localhost:50078 : 1
18:35:53.637 [AsyncHttpClient-1-1] DEBUG org.asynchttpclient.netty.channel.DefaultChannelPool - Entry count for : http://localhost:50103 : 1
18:35:54.735 [AsyncHttpClient-1-1] DEBUG org.asynchttpclient.netty.channel.DefaultChannelPool - Entry count for : http://localhost:50078 : 1
18:35:54.735 [AsyncHttpClient-1-1] DEBUG org.asynchttpclient.netty.channel.DefaultChannelPool - Entry count for : http://localhost:50103 : 1
18:35:55.718 [Forwarding screenshot on session 9f023918ccc7622ca2e25dd9fdc4fe8c to remote] DEBUG org.asynchttpclient.netty.request.NettyRequestSender - Using pooled Channel '[id: 0x51d1da52, L:/127.0.0.1:50102 - R:localhost/127.0.0.1:50078]' for 'GET' to 'http://localhost:50078/session/9f023918ccc7622ca2e25dd9fdc4fe8c/screenshot'
18:35:55.718 [Forwarding screenshot on session 9f023918ccc7622ca2e25dd9fdc4fe8c to remote] DEBUG org.asynchttpclient.netty.request.NettyRequestSender - Using open Channel [id: 0x51d1da52, L:/127.0.0.1:50102 - R:localhost/127.0.0.1:50078] for GET '/session/9f023918ccc7622ca2e25dd9fdc4fe8c/screenshot'
18:35:55.836 [AsyncHttpClient-1-1] DEBUG org.asynchttpclient.netty.channel.DefaultChannelPool - Entry count for : http://localhost:50103 : 1
18:35:55.852 [AsyncHttpClient-1-6] DEBUG org.asynchttpclient.netty.handler.HttpHandler - 

Request DefaultFullHttpRequest(decodeResult: success, version: HTTP/1.1, content: EmptyByteBufBE)
GET /session/9f023918ccc7622ca2e25dd9fdc4fe8c/screenshot HTTP/1.1
User-Agent: selenium/4.1.4 (java windows)
Cache-Control: no-cache
Content-Type: application/json; charset=utf-8
host: localhost:50078
accept: */*

Response DefaultHttpResponse(decodeResult: success, version: HTTP/1.1)
HTTP/1.1 200 OK
Content-Type: application/json; charset=utf-8
cache-control: no-cache
content-length: 78860

18:35:55.852 [AsyncHttpClient-1-6] DEBUG org.asynchttpclient.netty.channel.ChannelManager - Adding key: http://localhost:50078 for channel [id: 0x51d1da52, L:/127.0.0.1:50102 - R:localhost/127.0.0.1:50078]
18:35:55.854 [main] DEBUG net.serenitybdd.core.photography.Darkroom - Send negative for processing for target\site\serenity\e3902e4e6d497170d59aa0c0c2930d955492166dca27ad580f2b08c08bf103aa.png
18:35:55.854 [main] DEBUG net.thucydides.core.steps.StepInterceptor - STARTING STEP: PatientDataSteps.clickButtonDataPasien - clickButtonDataPasien
18:35:55.857 [Forwarding findElement on session 9f023918ccc7622ca2e25dd9fdc4fe8c to remote] DEBUG org.asynchttpclient.netty.request.NettyRequestSender - Using pooled Channel '[id: 0x51d1da52, L:/127.0.0.1:50102 - R:localhost/127.0.0.1:50078]' for 'POST' to 'http://localhost:50078/session/9f023918ccc7622ca2e25dd9fdc4fe8c/element'
18:35:55.857 [Forwarding findElement on session 9f023918ccc7622ca2e25dd9fdc4fe8c to remote] DEBUG org.asynchttpclient.netty.request.NettyRequestSender - Using open Channel [id: 0x51d1da52, L:/127.0.0.1:50102 - R:localhost/127.0.0.1:50078] for POST '/session/9f023918ccc7622ca2e25dd9fdc4fe8c/element'
18:35:55.869 [AsyncHttpClient-1-6] DEBUG org.asynchttpclient.netty.handler.HttpHandler - 

Request DefaultHttpRequest(decodeResult: success, version: HTTP/1.1)
POST /session/9f023918ccc7622ca2e25dd9fdc4fe8c/element HTTP/1.1
User-Agent: selenium/4.1.4 (java windows)
Content-Length: 114
Content-Type: application/json; charset=utf-8
host: localhost:50078
accept: */*

Response DefaultHttpResponse(decodeResult: success, version: HTTP/1.1)
HTTP/1.1 200 OK
Content-Type: application/json; charset=utf-8
cache-control: no-cache
content-length: 88

18:35:55.869 [AsyncHttpClient-1-6] DEBUG org.asynchttpclient.netty.channel.ChannelManager - Adding key: http://localhost:50078 for channel [id: 0x51d1da52, L:/127.0.0.1:50102 - R:localhost/127.0.0.1:50078]
18:35:55.870 [Forwarding getElementTagName on session 9f023918ccc7622ca2e25dd9fdc4fe8c to remote] DEBUG org.asynchttpclient.netty.request.NettyRequestSender - Using pooled Channel '[id: 0x51d1da52, L:/127.0.0.1:50102 - R:localhost/127.0.0.1:50078]' for 'GET' to 'http://localhost:50078/session/9f023918ccc7622ca2e25dd9fdc4fe8c/element/1a59ebd8-3931-4d70-8314-1a5b8bc11a51/name'
18:35:55.870 [Forwarding getElementTagName on session 9f023918ccc7622ca2e25dd9fdc4fe8c to remote] DEBUG org.asynchttpclient.netty.request.NettyRequestSender - Using open Channel [id: 0x51d1da52, L:/127.0.0.1:50102 - R:localhost/127.0.0.1:50078] for GET '/session/9f023918ccc7622ca2e25dd9fdc4fe8c/element/1a59ebd8-3931-4d70-8314-1a5b8bc11a51/name'
18:35:55.873 [AsyncHttpClient-1-6] DEBUG org.asynchttpclient.netty.handler.HttpHandler - 

Request DefaultFullHttpRequest(decodeResult: success, version: HTTP/1.1, content: EmptyByteBufBE)
GET /session/9f023918ccc7622ca2e25dd9fdc4fe8c/element/1a59ebd8-3931-4d70-8314-1a5b8bc11a51/name HTTP/1.1
User-Agent: selenium/4.1.4 (java windows)
Cache-Control: no-cache
Content-Type: application/json; charset=utf-8
host: localhost:50078
accept: */*

Response DefaultHttpResponse(decodeResult: success, version: HTTP/1.1)
HTTP/1.1 200 OK
Content-Type: application/json; charset=utf-8
cache-control: no-cache
content-length: 13

18:35:55.873 [AsyncHttpClient-1-6] DEBUG org.asynchttpclient.netty.channel.ChannelManager - Adding key: http://localhost:50078 for channel [id: 0x51d1da52, L:/127.0.0.1:50102 - R:localhost/127.0.0.1:50078]
18:35:55.874 [Forwarding getElementTagName on session 9f023918ccc7622ca2e25dd9fdc4fe8c to remote] DEBUG org.asynchttpclient.netty.request.NettyRequestSender - Using pooled Channel '[id: 0x51d1da52, L:/127.0.0.1:50102 - R:localhost/127.0.0.1:50078]' for 'GET' to 'http://localhost:50078/session/9f023918ccc7622ca2e25dd9fdc4fe8c/element/1a59ebd8-3931-4d70-8314-1a5b8bc11a51/name'
18:35:55.874 [Forwarding getElementTagName on session 9f023918ccc7622ca2e25dd9fdc4fe8c to remote] DEBUG org.asynchttpclient.netty.request.NettyRequestSender - Using open Channel [id: 0x51d1da52, L:/127.0.0.1:50102 - R:localhost/127.0.0.1:50078] for GET '/session/9f023918ccc7622ca2e25dd9fdc4fe8c/element/1a59ebd8-3931-4d70-8314-1a5b8bc11a51/name'
18:35:55.877 [AsyncHttpClient-1-6] DEBUG org.asynchttpclient.netty.handler.HttpHandler - 

Request DefaultFullHttpRequest(decodeResult: success, version: HTTP/1.1, content: EmptyByteBufBE)
GET /session/9f023918ccc7622ca2e25dd9fdc4fe8c/element/1a59ebd8-3931-4d70-8314-1a5b8bc11a51/name HTTP/1.1
User-Agent: selenium/4.1.4 (java windows)
Cache-Control: no-cache
Content-Type: application/json; charset=utf-8
host: localhost:50078
accept: */*

Response DefaultHttpResponse(decodeResult: success, version: HTTP/1.1)
HTTP/1.1 200 OK
Content-Type: application/json; charset=utf-8
cache-control: no-cache
content-length: 13

18:35:55.877 [AsyncHttpClient-1-6] DEBUG org.asynchttpclient.netty.channel.ChannelManager - Adding key: http://localhost:50078 for channel [id: 0x51d1da52, L:/127.0.0.1:50102 - R:localhost/127.0.0.1:50078]
18:35:55.878 [Forwarding findElement on session 9f023918ccc7622ca2e25dd9fdc4fe8c to remote] DEBUG org.asynchttpclient.netty.request.NettyRequestSender - Using pooled Channel '[id: 0x51d1da52, L:/127.0.0.1:50102 - R:localhost/127.0.0.1:50078]' for 'POST' to 'http://localhost:50078/session/9f023918ccc7622ca2e25dd9fdc4fe8c/element'
18:35:55.878 [Forwarding findElement on session 9f023918ccc7622ca2e25dd9fdc4fe8c to remote] DEBUG org.asynchttpclient.netty.request.NettyRequestSender - Using open Channel [id: 0x51d1da52, L:/127.0.0.1:50102 - R:localhost/127.0.0.1:50078] for POST '/session/9f023918ccc7622ca2e25dd9fdc4fe8c/element'
18:35:55.885 [AsyncHttpClient-1-6] DEBUG org.asynchttpclient.netty.handler.HttpHandler - 

Request DefaultHttpRequest(decodeResult: success, version: HTTP/1.1)
POST /session/9f023918ccc7622ca2e25dd9fdc4fe8c/element HTTP/1.1
User-Agent: selenium/4.1.4 (java windows)
Content-Length: 114
Content-Type: application/json; charset=utf-8
host: localhost:50078
accept: */*

Response DefaultHttpResponse(decodeResult: success, version: HTTP/1.1)
HTTP/1.1 200 OK
Content-Type: application/json; charset=utf-8
cache-control: no-cache
content-length: 88

18:35:55.885 [AsyncHttpClient-1-6] DEBUG org.asynchttpclient.netty.channel.ChannelManager - Adding key: http://localhost:50078 for channel [id: 0x51d1da52, L:/127.0.0.1:50102 - R:localhost/127.0.0.1:50078]
18:35:55.885 [Forwarding clickElement on session 9f023918ccc7622ca2e25dd9fdc4fe8c to remote] DEBUG org.asynchttpclient.netty.request.NettyRequestSender - Using pooled Channel '[id: 0x51d1da52, L:/127.0.0.1:50102 - R:localhost/127.0.0.1:50078]' for 'POST' to 'http://localhost:50078/session/9f023918ccc7622ca2e25dd9fdc4fe8c/element/1a59ebd8-3931-4d70-8314-1a5b8bc11a51/click'
18:35:55.885 [Forwarding clickElement on session 9f023918ccc7622ca2e25dd9fdc4fe8c to remote] DEBUG org.asynchttpclient.netty.request.NettyRequestSender - Using open Channel [id: 0x51d1da52, L:/127.0.0.1:50102 - R:localhost/127.0.0.1:50078] for POST '/session/9f023918ccc7622ca2e25dd9fdc4fe8c/element/1a59ebd8-3931-4d70-8314-1a5b8bc11a51/click'
18:35:55.946 [AsyncHttpClient-1-6] DEBUG org.asynchttpclient.netty.handler.HttpHandler - 

Request DefaultHttpRequest(decodeResult: success, version: HTTP/1.1)
POST /session/9f023918ccc7622ca2e25dd9fdc4fe8c/element/1a59ebd8-3931-4d70-8314-1a5b8bc11a51/click HTTP/1.1
User-Agent: selenium/4.1.4 (java windows)
Content-Length: 50
Content-Type: application/json; charset=utf-8
host: localhost:50078
accept: */*

Response DefaultHttpResponse(decodeResult: success, version: HTTP/1.1)
HTTP/1.1 200 OK
Content-Type: application/json; charset=utf-8
cache-control: no-cache
content-length: 14

18:35:55.947 [AsyncHttpClient-1-6] DEBUG org.asynchttpclient.netty.channel.ChannelManager - Adding key: http://localhost:50078 for channel [id: 0x51d1da52, L:/127.0.0.1:50102 - R:localhost/127.0.0.1:50078]
18:35:55.951 [Forwarding screenshot on session 9f023918ccc7622ca2e25dd9fdc4fe8c to remote] DEBUG org.asynchttpclient.netty.request.NettyRequestSender - Using pooled Channel '[id: 0x51d1da52, L:/127.0.0.1:50102 - R:localhost/127.0.0.1:50078]' for 'GET' to 'http://localhost:50078/session/9f023918ccc7622ca2e25dd9fdc4fe8c/screenshot'
18:35:55.951 [Forwarding screenshot on session 9f023918ccc7622ca2e25dd9fdc4fe8c to remote] DEBUG org.asynchttpclient.netty.request.NettyRequestSender - Using open Channel [id: 0x51d1da52, L:/127.0.0.1:50102 - R:localhost/127.0.0.1:50078] for GET '/session/9f023918ccc7622ca2e25dd9fdc4fe8c/screenshot'
18:35:56.142 [AsyncHttpClient-1-6] DEBUG org.asynchttpclient.netty.handler.HttpHandler - 

Request DefaultFullHttpRequest(decodeResult: success, version: HTTP/1.1, content: EmptyByteBufBE)
GET /session/9f023918ccc7622ca2e25dd9fdc4fe8c/screenshot HTTP/1.1
User-Agent: selenium/4.1.4 (java windows)
Cache-Control: no-cache
Content-Type: application/json; charset=utf-8
host: localhost:50078
accept: */*

Response DefaultHttpResponse(decodeResult: success, version: HTTP/1.1)
HTTP/1.1 200 OK
Content-Type: application/json; charset=utf-8
cache-control: no-cache
content-length: 115620

18:35:56.142 [AsyncHttpClient-1-6] DEBUG org.asynchttpclient.netty.channel.ChannelManager - Adding key: http://localhost:50078 for channel [id: 0x51d1da52, L:/127.0.0.1:50102 - R:localhost/127.0.0.1:50078]
18:35:56.146 [main] DEBUG net.serenitybdd.core.photography.Darkroom - Send negative for processing for target\site\serenity\81c07b56d3038549e370acffd115455cb2379bcd67749f18fe6eb6117033c741.png
18:35:56.146 [main] DEBUG net.thucydides.core.steps.StepInterceptor - STEP DONE: clickButtonDataPasien
  &amp#27;[32mWhen &amp#27;[0m&amp#27;[32mClick button data pasien&amp#27;[0m                                                       &amp#27;[90m# starter.stepdefinitios.PatientDataSteps.clickButtonDataPasien()&amp#27;[0m
18:35:56.146 [Darkroom Processing Line] DEBUG net.serenitybdd.core.photography.DarkroomProcessingLine - Processing screenshot image in /var/screenshots/screenshot-11835210220236040413
18:35:56.146 [Darkroom Processing Line] DEBUG net.serenitybdd.core.photography.DarkroomProcessingLine - Saving screenshot to target\site\serenity\81c07b56d3038549e370acffd115455cb2379bcd67749f18fe6eb6117033c741.png
18:35:56.938 [AsyncHttpClient-1-1] DEBUG org.asynchttpclient.netty.channel.DefaultChannelPool - Entry count for : http://localhost:50078 : 1
18:35:56.938 [AsyncHttpClient-1-1] DEBUG org.asynchttpclient.netty.channel.DefaultChannelPool - Entry count for : http://localhost:50103 : 1
18:35:58.036 [AsyncHttpClient-1-1] DEBUG org.asynchttpclient.netty.channel.DefaultChannelPool - Entry count for : http://localhost:50078 : 1
18:35:58.036 [AsyncHttpClient-1-1] DEBUG org.asynchttpclient.netty.channel.DefaultChannelPool - Entry count for : http://localhost:50103 : 1
18:35:59.142 [AsyncHttpClient-1-1] DEBUG org.asynchttpclient.netty.channel.DefaultChannelPool - Entry count for : http://localhost:50078 : 1
18:35:59.142 [AsyncHttpClient-1-1] DEBUG org.asynchttpclient.netty.channel.DefaultChannelPool - Entry count for : http://localhost:50103 : 1
18:36:00.236 [AsyncHttpClient-1-1] DEBUG org.asynchttpclient.netty.channel.DefaultChannelPool - Entry count for : http://localhost:50078 : 1
18:36:00.236 [AsyncHttpClient-1-1] DEBUG org.asynchttpclient.netty.channel.DefaultChannelPool - Entry count for : http://localhost:50103 : 1
18:36:01.175 [Forwarding screenshot on session 9f023918ccc7622ca2e25dd9fdc4fe8c to remote] DEBUG org.asynchttpclient.netty.request.NettyRequestSender - Using pooled Channel '[id: 0x51d1da52, L:/127.0.0.1:50102 - R:localhost/127.0.0.1:50078]' for 'GET' to 'http://localhost:50078/session/9f023918ccc7622ca2e25dd9fdc4fe8c/screenshot'
18:36:01.175 [Forwarding screenshot on session 9f023918ccc7622ca2e25dd9fdc4fe8c to remote] DEBUG org.asynchttpclient.netty.request.NettyRequestSender - Using open Channel [id: 0x51d1da52, L:/127.0.0.1:50102 - R:localhost/127.0.0.1:50078] for GET '/session/9f023918ccc7622ca2e25dd9fdc4fe8c/screenshot'
18:36:01.340 [AsyncHttpClient-1-1] DEBUG org.asynchttpclient.netty.channel.DefaultChannelPool - Entry count for : http://localhost:50103 : 1
18:36:01.361 [AsyncHttpClient-1-6] DEBUG org.asynchttpclient.netty.handler.HttpHandler - 

Request DefaultFullHttpRequest(decodeResult: success, version: HTTP/1.1, content: EmptyByteBufBE)
GET /session/9f023918ccc7622ca2e25dd9fdc4fe8c/screenshot HTTP/1.1
User-Agent: selenium/4.1.4 (java windows)
Cache-Control: no-cache
Content-Type: application/json; charset=utf-8
host: localhost:50078
accept: */*

Response DefaultHttpResponse(decodeResult: success, version: HTTP/1.1)
HTTP/1.1 200 OK
Content-Type: application/json; charset=utf-8
cache-control: no-cache
content-length: 98488

18:36:01.361 [AsyncHttpClient-1-6] DEBUG org.asynchttpclient.netty.channel.ChannelManager - Adding key: http://localhost:50078 for channel [id: 0x51d1da52, L:/127.0.0.1:50102 - R:localhost/127.0.0.1:50078]
18:36:01.367 [main] DEBUG net.serenitybdd.core.photography.Darkroom - Send negative for processing for target\site\serenity\382e83dcfc7187e7fc61d0671ee201628243b60b304439c29588db327157beff.png
18:36:01.367 [main] DEBUG net.thucydides.core.steps.StepInterceptor - STARTING STEP: PatientDataSteps.clickDetailPatientData - clickButtonDetail
18:36:01.367 [Darkroom Processing Line] DEBUG net.serenitybdd.core.photography.DarkroomProcessingLine - Processing screenshot image in /var/screenshots/screenshot-8165755032534163153
18:36:01.367 [Darkroom Processing Line] DEBUG net.serenitybdd.core.photography.DarkroomProcessingLine - Saving screenshot to target\site\serenity\382e83dcfc7187e7fc61d0671ee201628243b60b304439c29588db327157beff.png
18:36:01.371 [Forwarding findElement on session 9f023918ccc7622ca2e25dd9fdc4fe8c to remote] DEBUG org.asynchttpclient.netty.request.NettyRequestSender - Using pooled Channel '[id: 0x51d1da52, L:/127.0.0.1:50102 - R:localhost/127.0.0.1:50078]' for 'POST' to 'http://localhost:50078/session/9f023918ccc7622ca2e25dd9fdc4fe8c/element'
18:36:01.371 [Forwarding findElement on session 9f023918ccc7622ca2e25dd9fdc4fe8c to remote] DEBUG org.asynchttpclient.netty.request.NettyRequestSender - Using open Channel [id: 0x51d1da52, L:/127.0.0.1:50102 - R:localhost/127.0.0.1:50078] for POST '/session/9f023918ccc7622ca2e25dd9fdc4fe8c/element'
18:36:01.402 [AsyncHttpClient-1-6] DEBUG org.asynchttpclient.netty.handler.HttpHandler - 

Request DefaultHttpRequest(decodeResult: success, version: HTTP/1.1)
POST /session/9f023918ccc7622ca2e25dd9fdc4fe8c/element HTTP/1.1
User-Agent: selenium/4.1.4 (java windows)
Content-Length: 92
Content-Type: application/json; charset=utf-8
host: localhost:50078
accept: */*

Response DefaultHttpResponse(decodeResult: success, version: HTTP/1.1)
HTTP/1.1 200 OK
Content-Type: application/json; charset=utf-8
cache-control: no-cache
content-length: 88

18:36:01.402 [AsyncHttpClient-1-6] DEBUG org.asynchttpclient.netty.channel.ChannelManager - Adding key: http://localhost:50078 for channel [id: 0x51d1da52, L:/127.0.0.1:50102 - R:localhost/127.0.0.1:50078]
18:36:01.404 [Forwarding getElementTagName on session 9f023918ccc7622ca2e25dd9fdc4fe8c to remote] DEBUG org.asynchttpclient.netty.request.NettyRequestSender - Using pooled Channel '[id: 0x51d1da52, L:/127.0.0.1:50102 - R:localhost/127.0.0.1:50078]' for 'GET' to 'http://localhost:50078/session/9f023918ccc7622ca2e25dd9fdc4fe8c/element/af1cefbd-f8aa-4c68-aa11-f35bd0e7509c/name'
18:36:01.404 [Forwarding getElementTagName on session 9f023918ccc7622ca2e25dd9fdc4fe8c to remote] DEBUG org.asynchttpclient.netty.request.NettyRequestSender - Using open Channel [id: 0x51d1da52, L:/127.0.0.1:50102 - R:localhost/127.0.0.1:50078] for GET '/session/9f023918ccc7622ca2e25dd9fdc4fe8c/element/af1cefbd-f8aa-4c68-aa11-f35bd0e7509c/name'
18:36:01.413 [AsyncHttpClient-1-6] DEBUG org.asynchttpclient.netty.handler.HttpHandler - 

Request DefaultFullHttpRequest(decodeResult: success, version: HTTP/1.1, content: EmptyByteBufBE)
GET /session/9f023918ccc7622ca2e25dd9fdc4fe8c/element/af1cefbd-f8aa-4c68-aa11-f35bd0e7509c/name HTTP/1.1
User-Agent: selenium/4.1.4 (java windows)
Cache-Control: no-cache
Content-Type: application/json; charset=utf-8
host: localhost:50078
accept: */*

Response DefaultHttpResponse(decodeResult: success, version: HTTP/1.1)
HTTP/1.1 200 OK
Content-Type: application/json; charset=utf-8
cache-control: no-cache
content-length: 15

18:36:01.413 [AsyncHttpClient-1-6] DEBUG org.asynchttpclient.netty.channel.ChannelManager - Adding key: http://localhost:50078 for channel [id: 0x51d1da52, L:/127.0.0.1:50102 - R:localhost/127.0.0.1:50078]
18:36:01.414 [Forwarding getElementTagName on session 9f023918ccc7622ca2e25dd9fdc4fe8c to remote] DEBUG org.asynchttpclient.netty.request.NettyRequestSender - Using pooled Channel '[id: 0x51d1da52, L:/127.0.0.1:50102 - R:localhost/127.0.0.1:50078]' for 'GET' to 'http://localhost:50078/session/9f023918ccc7622ca2e25dd9fdc4fe8c/element/af1cefbd-f8aa-4c68-aa11-f35bd0e7509c/name'
18:36:01.414 [Forwarding getElementTagName on session 9f023918ccc7622ca2e25dd9fdc4fe8c to remote] DEBUG org.asynchttpclient.netty.request.NettyRequestSender - Using open Channel [id: 0x51d1da52, L:/127.0.0.1:50102 - R:localhost/127.0.0.1:50078] for GET '/session/9f023918ccc7622ca2e25dd9fdc4fe8c/element/af1cefbd-f8aa-4c68-aa11-f35bd0e7509c/name'
18:36:01.422 [AsyncHttpClient-1-6] DEBUG org.asynchttpclient.netty.handler.HttpHandler - 

Request DefaultFullHttpRequest(decodeResult: success, version: HTTP/1.1, content: EmptyByteBufBE)
GET /session/9f023918ccc7622ca2e25dd9fdc4fe8c/element/af1cefbd-f8aa-4c68-aa11-f35bd0e7509c/name HTTP/1.1
User-Agent: selenium/4.1.4 (java windows)
Cache-Control: no-cache
Content-Type: application/json; charset=utf-8
host: localhost:50078
accept: */*

Response DefaultHttpResponse(decodeResult: success, version: HTTP/1.1)
HTTP/1.1 200 OK
Content-Type: application/json; charset=utf-8
cache-control: no-cache
content-length: 15

18:36:01.422 [AsyncHttpClient-1-6] DEBUG org.asynchttpclient.netty.channel.ChannelManager - Adding key: http://localhost:50078 for channel [id: 0x51d1da52, L:/127.0.0.1:50102 - R:localhost/127.0.0.1:50078]
18:36:01.424 [Forwarding findElement on session 9f023918ccc7622ca2e25dd9fdc4fe8c to remote] DEBUG org.asynchttpclient.netty.request.NettyRequestSender - Using pooled Channel '[id: 0x51d1da52, L:/127.0.0.1:50102 - R:localhost/127.0.0.1:50078]' for 'POST' to 'http://localhost:50078/session/9f023918ccc7622ca2e25dd9fdc4fe8c/element'
18:36:01.424 [Forwarding findElement on session 9f023918ccc7622ca2e25dd9fdc4fe8c to remote] DEBUG org.asynchttpclient.netty.request.NettyRequestSender - Using open Channel [id: 0x51d1da52, L:/127.0.0.1:50102 - R:localhost/127.0.0.1:50078] for POST '/session/9f023918ccc7622ca2e25dd9fdc4fe8c/element'
18:36:01.438 [AsyncHttpClient-1-6] DEBUG org.asynchttpclient.netty.handler.HttpHandler - 

Request DefaultHttpRequest(decodeResult: success, version: HTTP/1.1)
POST /session/9f023918ccc7622ca2e25dd9fdc4fe8c/element HTTP/1.1
User-Agent: selenium/4.1.4 (java windows)
Content-Length: 92
Content-Type: application/json; charset=utf-8
host: localhost:50078
accept: */*

Response DefaultHttpResponse(decodeResult: success, version: HTTP/1.1)
HTTP/1.1 200 OK
Content-Type: application/json; charset=utf-8
cache-control: no-cache
content-length: 88

18:36:01.438 [AsyncHttpClient-1-6] DEBUG org.asynchttpclient.netty.channel.ChannelManager - Adding key: http://localhost:50078 for channel [id: 0x51d1da52, L:/127.0.0.1:50102 - R:localhost/127.0.0.1:50078]
18:36:01.439 [Forwarding clickElement on session 9f023918ccc7622ca2e25dd9fdc4fe8c to remote] DEBUG org.asynchttpclient.netty.request.NettyRequestSender - Using pooled Channel '[id: 0x51d1da52, L:/127.0.0.1:50102 - R:localhost/127.0.0.1:50078]' for 'POST' to 'http://localhost:50078/session/9f023918ccc7622ca2e25dd9fdc4fe8c/element/af1cefbd-f8aa-4c68-aa11-f35bd0e7509c/click'
18:36:01.439 [Forwarding clickElement on session 9f023918ccc7622ca2e25dd9fdc4fe8c to remote] DEBUG org.asynchttpclient.netty.request.NettyRequestSender - Using open Channel [id: 0x51d1da52, L:/127.0.0.1:50102 - R:localhost/127.0.0.1:50078] for POST '/session/9f023918ccc7622ca2e25dd9fdc4fe8c/element/af1cefbd-f8aa-4c68-aa11-f35bd0e7509c/click'
18:36:01.769 [AsyncHttpClient-1-6] DEBUG org.asynchttpclient.netty.handler.HttpHandler - 

Request DefaultHttpRequest(decodeResult: success, version: HTTP/1.1)
POST /session/9f023918ccc7622ca2e25dd9fdc4fe8c/element/af1cefbd-f8aa-4c68-aa11-f35bd0e7509c/click HTTP/1.1
User-Agent: selenium/4.1.4 (java windows)
Content-Length: 50
Content-Type: application/json; charset=utf-8
host: localhost:50078
accept: */*

Response DefaultHttpResponse(decodeResult: success, version: HTTP/1.1)
HTTP/1.1 200 OK
Content-Type: application/json; charset=utf-8
cache-control: no-cache
content-length: 14

18:36:01.769 [AsyncHttpClient-1-6] DEBUG org.asynchttpclient.netty.channel.ChannelManager - Adding key: http://localhost:50078 for channel [id: 0x51d1da52, L:/127.0.0.1:50102 - R:localhost/127.0.0.1:50078]
18:36:01.775 [Forwarding screenshot on session 9f023918ccc7622ca2e25dd9fdc4fe8c to remote] DEBUG org.asynchttpclient.netty.request.NettyRequestSender - Using pooled Channel '[id: 0x51d1da52, L:/127.0.0.1:50102 - R:localhost/127.0.0.1:50078]' for 'GET' to 'http://localhost:50078/session/9f023918ccc7622ca2e25dd9fdc4fe8c/screenshot'
18:36:01.775 [Forwarding screenshot on session 9f023918ccc7622ca2e25dd9fdc4fe8c to remote] DEBUG org.asynchttpclient.netty.request.NettyRequestSender - Using open Channel [id: 0x51d1da52, L:/127.0.0.1:50102 - R:localhost/127.0.0.1:50078] for GET '/session/9f023918ccc7622ca2e25dd9fdc4fe8c/screenshot'
18:36:02.014 [AsyncHttpClient-1-6] DEBUG org.asynchttpclient.netty.handler.HttpHandler - 

Request DefaultFullHttpRequest(decodeResult: success, version: HTTP/1.1, content: EmptyByteBufBE)
GET /session/9f023918ccc7622ca2e25dd9fdc4fe8c/screenshot HTTP/1.1
User-Agent: selenium/4.1.4 (java windows)
Cache-Control: no-cache
Content-Type: application/json; charset=utf-8
host: localhost:50078
accept: */*

Response DefaultHttpResponse(decodeResult: success, version: HTTP/1.1)
HTTP/1.1 200 OK
Content-Type: application/json; charset=utf-8
cache-control: no-cache
content-length: 35172

18:36:02.014 [AsyncHttpClient-1-6] DEBUG org.asynchttpclient.netty.channel.ChannelManager - Adding key: http://localhost:50078 for channel [id: 0x51d1da52, L:/127.0.0.1:50102 - R:localhost/127.0.0.1:50078]
18:36:02.020 [main] DEBUG net.serenitybdd.core.photography.Darkroom - Send negative for processing for target\site\serenity\9ca8aba9135da53031f38233767127a718f5f015bc7a856db392e56e1ee7ddc0.png
18:36:02.020 [main] DEBUG net.thucydides.core.steps.StepInterceptor - STEP DONE: clickButtonDetail
  &amp#27;[32mAnd &amp#27;[0m&amp#27;[32mClick Detail Patient data&amp#27;[0m                                                       &amp#27;[90m# starter.stepdefinitios.PatientDataSteps.clickDetailPatientData()&amp#27;[0m
18:36:02.020 [Darkroom Processing Line] DEBUG net.serenitybdd.core.photography.DarkroomProcessingLine - Processing screenshot image in /var/screenshots/screenshot-10093563853083645414
18:36:02.020 [Darkroom Processing Line] DEBUG net.serenitybdd.core.photography.DarkroomProcessingLine - Saving screenshot to target\site\serenity\9ca8aba9135da53031f38233767127a718f5f015bc7a856db392e56e1ee7ddc0.png
18:36:02.437 [AsyncHttpClient-1-1] DEBUG org.asynchttpclient.netty.channel.DefaultChannelPool - Entry count for : http://localhost:50078 : 1
18:36:02.437 [AsyncHttpClient-1-1] DEBUG org.asynchttpclient.netty.channel.DefaultChannelPool - Entry count for : http://localhost:50103 : 1
18:36:03.537 [AsyncHttpClient-1-1] DEBUG org.asynchttpclient.netty.channel.DefaultChannelPool - Entry count for : http://localhost:50078 : 1
18:36:03.537 [AsyncHttpClient-1-1] DEBUG org.asynchttpclient.netty.channel.DefaultChannelPool - Entry count for : http://localhost:50103 : 1
18:36:03.559 [Forwarding screenshot on session 9f023918ccc7622ca2e25dd9fdc4fe8c to remote] DEBUG org.asynchttpclient.netty.request.NettyRequestSender - Using pooled Channel '[id: 0x51d1da52, L:/127.0.0.1:50102 - R:localhost/127.0.0.1:50078]' for 'GET' to 'http://localhost:50078/session/9f023918ccc7622ca2e25dd9fdc4fe8c/screenshot'
18:36:03.560 [Forwarding screenshot on session 9f023918ccc7622ca2e25dd9fdc4fe8c to remote] DEBUG org.asynchttpclient.netty.request.NettyRequestSender - Using open Channel [id: 0x51d1da52, L:/127.0.0.1:50102 - R:localhost/127.0.0.1:50078] for GET '/session/9f023918ccc7622ca2e25dd9fdc4fe8c/screenshot'
18:36:03.744 [AsyncHttpClient-1-6] DEBUG org.asynchttpclient.netty.handler.HttpHandler - 

Request DefaultFullHttpRequest(decodeResult: success, version: HTTP/1.1, content: EmptyByteBufBE)
GET /session/9f023918ccc7622ca2e25dd9fdc4fe8c/screenshot HTTP/1.1
User-Agent: selenium/4.1.4 (java windows)
Cache-Control: no-cache
Content-Type: application/json; charset=utf-8
host: localhost:50078
accept: */*

Response DefaultHttpResponse(decodeResult: success, version: HTTP/1.1)
HTTP/1.1 200 OK
Content-Type: application/json; charset=utf-8
cache-control: no-cache
content-length: 47192

18:36:03.744 [AsyncHttpClient-1-6] DEBUG org.asynchttpclient.netty.channel.ChannelManager - Adding key: http://localhost:50078 for channel [id: 0x51d1da52, L:/127.0.0.1:50102 - R:localhost/127.0.0.1:50078]
18:36:03.746 [main] DEBUG net.serenitybdd.core.photography.Darkroom - Send negative for processing for target\site\serenity\7ee96a4d5569f8dbeef752f2196a6214791f30d0b7be2f6fa48c242af709f91a.png
18:36:03.746 [main] DEBUG net.thucydides.core.steps.StepInterceptor - STARTING STEP: PatientDataSteps.validData - checkValidDataPasien
18:36:03.746 [Darkroom Processing Line] DEBUG net.serenitybdd.core.photography.DarkroomProcessingLine - Processing screenshot image in /var/screenshots/screenshot-8672098791482063044
18:36:03.746 [Darkroom Processing Line] DEBUG net.serenitybdd.core.photography.DarkroomProcessingLine - Saving screenshot to target\site\serenity\7ee96a4d5569f8dbeef752f2196a6214791f30d0b7be2f6fa48c242af709f91a.png
18:36:03.748 [Forwarding findElement on session 9f023918ccc7622ca2e25dd9fdc4fe8c to remote] DEBUG org.asynchttpclient.netty.request.NettyRequestSender - Using pooled Channel '[id: 0x51d1da52, L:/127.0.0.1:50102 - R:localhost/127.0.0.1:50078]' for 'POST' to 'http://localhost:50078/session/9f023918ccc7622ca2e25dd9fdc4fe8c/element'
18:36:03.748 [Forwarding findElement on session 9f023918ccc7622ca2e25dd9fdc4fe8c to remote] DEBUG org.asynchttpclient.netty.request.NettyRequestSender - Using open Channel [id: 0x51d1da52, L:/127.0.0.1:50102 - R:localhost/127.0.0.1:50078] for POST '/session/9f023918ccc7622ca2e25dd9fdc4fe8c/element'
18:36:03.763 [AsyncHttpClient-1-6] DEBUG org.asynchttpclient.netty.handler.HttpHandler - 

Request DefaultHttpRequest(decodeResult: success, version: HTTP/1.1)
POST /session/9f023918ccc7622ca2e25dd9fdc4fe8c/element HTTP/1.1
User-Agent: selenium/4.1.4 (java windows)
Content-Length: 95
Content-Type: application/json; charset=utf-8
host: localhost:50078
accept: */*

Response DefaultHttpResponse(decodeResult: success, version: HTTP/1.1)
HTTP/1.1 200 OK
Content-Type: application/json; charset=utf-8
cache-control: no-cache
content-length: 88

18:36:03.763 [AsyncHttpClient-1-6] DEBUG org.asynchttpclient.netty.channel.ChannelManager - Adding key: http://localhost:50078 for channel [id: 0x51d1da52, L:/127.0.0.1:50102 - R:localhost/127.0.0.1:50078]
18:36:03.763 [Forwarding isElementEnabled on session 9f023918ccc7622ca2e25dd9fdc4fe8c to remote] DEBUG org.asynchttpclient.netty.request.NettyRequestSender - Using pooled Channel '[id: 0x51d1da52, L:/127.0.0.1:50102 - R:localhost/127.0.0.1:50078]' for 'GET' to 'http://localhost:50078/session/9f023918ccc7622ca2e25dd9fdc4fe8c/element/2decac98-b540-41fe-9547-e3fb4165ce8f/enabled'
18:36:03.763 [Forwarding isElementEnabled on session 9f023918ccc7622ca2e25dd9fdc4fe8c to remote] DEBUG org.asynchttpclient.netty.request.NettyRequestSender - Using open Channel [id: 0x51d1da52, L:/127.0.0.1:50102 - R:localhost/127.0.0.1:50078] for GET '/session/9f023918ccc7622ca2e25dd9fdc4fe8c/element/2decac98-b540-41fe-9547-e3fb4165ce8f/enabled'
18:36:03.775 [AsyncHttpClient-1-6] DEBUG org.asynchttpclient.netty.handler.HttpHandler - 

Request DefaultFullHttpRequest(decodeResult: success, version: HTTP/1.1, content: EmptyByteBufBE)
GET /session/9f023918ccc7622ca2e25dd9fdc4fe8c/element/2decac98-b540-41fe-9547-e3fb4165ce8f/enabled HTTP/1.1
User-Agent: selenium/4.1.4 (java windows)
Cache-Control: no-cache
Content-Type: application/json; charset=utf-8
host: localhost:50078
accept: */*

Response DefaultHttpResponse(decodeResult: success, version: HTTP/1.1)
HTTP/1.1 200 OK
Content-Type: application/json; charset=utf-8
cache-control: no-cache
content-length: 14

18:36:03.775 [AsyncHttpClient-1-6] DEBUG org.asynchttpclient.netty.channel.ChannelManager - Adding key: http://localhost:50078 for channel [id: 0x51d1da52, L:/127.0.0.1:50102 - R:localhost/127.0.0.1:50078]
18:36:03.776 [main] DEBUG net.thucydides.core.steps.StepInterceptor - STEP DONE: checkValidDataPasien
  &amp#27;[32mAnd &amp#27;[0m&amp#27;[32mValid data detail pasien&amp#27;[0m                                                        &amp#27;[90m# starter.stepdefinitios.PatientDataSteps.validData()&amp#27;[0m
18:36:04.639 [AsyncHttpClient-1-1] DEBUG org.asynchttpclient.netty.channel.DefaultChannelPool - Entry count for : http://localhost:50078 : 1
18:36:04.639 [AsyncHttpClient-1-1] DEBUG org.asynchttpclient.netty.channel.DefaultChannelPool - Entry count for : http://localhost:50103 : 1
18:36:05.736 [AsyncHttpClient-1-1] DEBUG org.asynchttpclient.netty.channel.DefaultChannelPool - Entry count for : http://localhost:50078 : 1
18:36:05.736 [AsyncHttpClient-1-1] DEBUG org.asynchttpclient.netty.channel.DefaultChannelPool - Entry count for : http://localhost:50103 : 1
18:36:06.809 [Forwarding screenshot on session 9f023918ccc7622ca2e25dd9fdc4fe8c to remote] DEBUG org.asynchttpclient.netty.request.NettyRequestSender - Using pooled Channel '[id: 0x51d1da52, L:/127.0.0.1:50102 - R:localhost/127.0.0.1:50078]' for 'GET' to 'http://localhost:50078/session/9f023918ccc7622ca2e25dd9fdc4fe8c/screenshot'
18:36:06.809 [Forwarding screenshot on session 9f023918ccc7622ca2e25dd9fdc4fe8c to remote] DEBUG org.asynchttpclient.netty.request.NettyRequestSender - Using open Channel [id: 0x51d1da52, L:/127.0.0.1:50102 - R:localhost/127.0.0.1:50078] for GET '/session/9f023918ccc7622ca2e25dd9fdc4fe8c/screenshot'
18:36:06.836 [AsyncHttpClient-1-1] DEBUG org.asynchttpclient.netty.channel.DefaultChannelPool - Entry count for : http://localhost:50103 : 1
18:36:06.993 [AsyncHttpClient-1-6] DEBUG org.asynchttpclient.netty.handler.HttpHandler - 

Request DefaultFullHttpRequest(decodeResult: success, version: HTTP/1.1, content: EmptyByteBufBE)
GET /session/9f023918ccc7622ca2e25dd9fdc4fe8c/screenshot HTTP/1.1
User-Agent: selenium/4.1.4 (java windows)
Cache-Control: no-cache
Content-Type: application/json; charset=utf-8
host: localhost:50078
accept: */*

Response DefaultHttpResponse(decodeResult: success, version: HTTP/1.1)
HTTP/1.1 200 OK
Content-Type: application/json; charset=utf-8
cache-control: no-cache
content-length: 47192

18:36:06.993 [AsyncHttpClient-1-6] DEBUG org.asynchttpclient.netty.channel.ChannelManager - Adding key: http://localhost:50078 for channel [id: 0x51d1da52, L:/127.0.0.1:50102 - R:localhost/127.0.0.1:50078]
18:36:06.997 [main] DEBUG net.serenitybdd.core.photography.Darkroom - Send negative for processing for target\site\serenity\7ee96a4d5569f8dbeef752f2196a6214791f30d0b7be2f6fa48c242af709f91a.png
18:36:06.997 [main] DEBUG net.thucydides.core.steps.StepInterceptor - STARTING STEP: PatientDataSteps.clickButtonEditProfil - clickButtonEditDataPasien
18:36:07.003 [Forwarding findElement on session 9f023918ccc7622ca2e25dd9fdc4fe8c to remote] DEBUG org.asynchttpclient.netty.request.NettyRequestSender - Using pooled Channel '[id: 0x51d1da52, L:/127.0.0.1:50102 - R:localhost/127.0.0.1:50078]' for 'POST' to 'http://localhost:50078/session/9f023918ccc7622ca2e25dd9fdc4fe8c/element'
18:36:07.003 [Forwarding findElement on session 9f023918ccc7622ca2e25dd9fdc4fe8c to remote] DEBUG org.asynchttpclient.netty.request.NettyRequestSender - Using open Channel [id: 0x51d1da52, L:/127.0.0.1:50102 - R:localhost/127.0.0.1:50078] for POST '/session/9f023918ccc7622ca2e25dd9fdc4fe8c/element'
18:36:07.026 [AsyncHttpClient-1-6] DEBUG org.asynchttpclient.netty.handler.HttpHandler - 

Request DefaultHttpRequest(decodeResult: success, version: HTTP/1.1)
POST /session/9f023918ccc7622ca2e25dd9fdc4fe8c/element HTTP/1.1
User-Agent: selenium/4.1.4 (java windows)
Content-Length: 116
Content-Type: application/json; charset=utf-8
host: localhost:50078
accept: */*

Response DefaultHttpResponse(decodeResult: success, version: HTTP/1.1)
HTTP/1.1 200 OK
Content-Type: application/json; charset=utf-8
cache-control: no-cache
content-length: 88

18:36:07.026 [AsyncHttpClient-1-6] DEBUG org.asynchttpclient.netty.channel.ChannelManager - Adding key: http://localhost:50078 for channel [id: 0x51d1da52, L:/127.0.0.1:50102 - R:localhost/127.0.0.1:50078]
18:36:07.028 [Forwarding getElementTagName on session 9f023918ccc7622ca2e25dd9fdc4fe8c to remote] DEBUG org.asynchttpclient.netty.request.NettyRequestSender - Using pooled Channel '[id: 0x51d1da52, L:/127.0.0.1:50102 - R:localhost/127.0.0.1:50078]' for 'GET' to 'http://localhost:50078/session/9f023918ccc7622ca2e25dd9fdc4fe8c/element/f259d444-eff1-4df8-b5c1-a00d9eb656fb/name'
18:36:07.028 [Forwarding getElementTagName on session 9f023918ccc7622ca2e25dd9fdc4fe8c to remote] DEBUG org.asynchttpclient.netty.request.NettyRequestSender - Using open Channel [id: 0x51d1da52, L:/127.0.0.1:50102 - R:localhost/127.0.0.1:50078] for GET '/session/9f023918ccc7622ca2e25dd9fdc4fe8c/element/f259d444-eff1-4df8-b5c1-a00d9eb656fb/name'
18:36:07.035 [AsyncHttpClient-1-6] DEBUG org.asynchttpclient.netty.handler.HttpHandler - 

Request DefaultFullHttpRequest(decodeResult: success, version: HTTP/1.1, content: EmptyByteBufBE)
GET /session/9f023918ccc7622ca2e25dd9fdc4fe8c/element/f259d444-eff1-4df8-b5c1-a00d9eb656fb/name HTTP/1.1
User-Agent: selenium/4.1.4 (java windows)
Cache-Control: no-cache
Content-Type: application/json; charset=utf-8
host: localhost:50078
accept: */*

Response DefaultHttpResponse(decodeResult: success, version: HTTP/1.1)
HTTP/1.1 200 OK
Content-Type: application/json; charset=utf-8
cache-control: no-cache
content-length: 18

18:36:07.035 [AsyncHttpClient-1-6] DEBUG org.asynchttpclient.netty.channel.ChannelManager - Adding key: http://localhost:50078 for channel [id: 0x51d1da52, L:/127.0.0.1:50102 - R:localhost/127.0.0.1:50078]
18:36:07.036 [Forwarding getElementTagName on session 9f023918ccc7622ca2e25dd9fdc4fe8c to remote] DEBUG org.asynchttpclient.netty.request.NettyRequestSender - Using pooled Channel '[id: 0x51d1da52, L:/127.0.0.1:50102 - R:localhost/127.0.0.1:50078]' for 'GET' to 'http://localhost:50078/session/9f023918ccc7622ca2e25dd9fdc4fe8c/element/f259d444-eff1-4df8-b5c1-a00d9eb656fb/name'
18:36:07.036 [Forwarding getElementTagName on session 9f023918ccc7622ca2e25dd9fdc4fe8c to remote] DEBUG org.asynchttpclient.netty.request.NettyRequestSender - Using open Channel [id: 0x51d1da52, L:/127.0.0.1:50102 - R:localhost/127.0.0.1:50078] for GET '/session/9f023918ccc7622ca2e25dd9fdc4fe8c/element/f259d444-eff1-4df8-b5c1-a00d9eb656fb/name'
18:36:07.042 [AsyncHttpClient-1-6] DEBUG org.asynchttpclient.netty.handler.HttpHandler - 

Request DefaultFullHttpRequest(decodeResult: success, version: HTTP/1.1, content: EmptyByteBufBE)
GET /session/9f023918ccc7622ca2e25dd9fdc4fe8c/element/f259d444-eff1-4df8-b5c1-a00d9eb656fb/name HTTP/1.1
User-Agent: selenium/4.1.4 (java windows)
Cache-Control: no-cache
Content-Type: application/json; charset=utf-8
host: localhost:50078
accept: */*

Response DefaultHttpResponse(decodeResult: success, version: HTTP/1.1)
HTTP/1.1 200 OK
Content-Type: application/json; charset=utf-8
cache-control: no-cache
content-length: 18

18:36:07.043 [AsyncHttpClient-1-6] DEBUG org.asynchttpclient.netty.channel.ChannelManager - Adding key: http://localhost:50078 for channel [id: 0x51d1da52, L:/127.0.0.1:50102 - R:localhost/127.0.0.1:50078]
18:36:07.044 [Forwarding isElementEnabled on session 9f023918ccc7622ca2e25dd9fdc4fe8c to remote] DEBUG org.asynchttpclient.netty.request.NettyRequestSender - Using pooled Channel '[id: 0x51d1da52, L:/127.0.0.1:50102 - R:localhost/127.0.0.1:50078]' for 'GET' to 'http://localhost:50078/session/9f023918ccc7622ca2e25dd9fdc4fe8c/element/f259d444-eff1-4df8-b5c1-a00d9eb656fb/enabled'
18:36:07.044 [Forwarding isElementEnabled on session 9f023918ccc7622ca2e25dd9fdc4fe8c to remote] DEBUG org.asynchttpclient.netty.request.NettyRequestSender - Using open Channel [id: 0x51d1da52, L:/127.0.0.1:50102 - R:localhost/127.0.0.1:50078] for GET '/session/9f023918ccc7622ca2e25dd9fdc4fe8c/element/f259d444-eff1-4df8-b5c1-a00d9eb656fb/enabled'
18:36:07.061 [AsyncHttpClient-1-6] DEBUG org.asynchttpclient.netty.handler.HttpHandler - 

Request DefaultFullHttpRequest(decodeResult: success, version: HTTP/1.1, content: EmptyByteBufBE)
GET /session/9f023918ccc7622ca2e25dd9fdc4fe8c/element/f259d444-eff1-4df8-b5c1-a00d9eb656fb/enabled HTTP/1.1
User-Agent: selenium/4.1.4 (java windows)
Cache-Control: no-cache
Content-Type: application/json; charset=utf-8
host: localhost:50078
accept: */*

Response DefaultHttpResponse(decodeResult: success, version: HTTP/1.1)
HTTP/1.1 200 OK
Content-Type: application/json; charset=utf-8
cache-control: no-cache
content-length: 14

18:36:07.062 [AsyncHttpClient-1-6] DEBUG org.asynchttpclient.netty.channel.ChannelManager - Adding key: http://localhost:50078 for channel [id: 0x51d1da52, L:/127.0.0.1:50102 - R:localhost/127.0.0.1:50078]
18:36:07.063 [Forwarding isElementEnabled on session 9f023918ccc7622ca2e25dd9fdc4fe8c to remote] DEBUG org.asynchttpclient.netty.request.NettyRequestSender - Using pooled Channel '[id: 0x51d1da52, L:/127.0.0.1:50102 - R:localhost/127.0.0.1:50078]' for 'GET' to 'http://localhost:50078/session/9f023918ccc7622ca2e25dd9fdc4fe8c/element/f259d444-eff1-4df8-b5c1-a00d9eb656fb/enabled'
18:36:07.063 [Forwarding isElementEnabled on session 9f023918ccc7622ca2e25dd9fdc4fe8c to remote] DEBUG org.asynchttpclient.netty.request.NettyRequestSender - Using open Channel [id: 0x51d1da52, L:/127.0.0.1:50102 - R:localhost/127.0.0.1:50078] for GET '/session/9f023918ccc7622ca2e25dd9fdc4fe8c/element/f259d444-eff1-4df8-b5c1-a00d9eb656fb/enabled'
18:36:07.073 [AsyncHttpClient-1-6] DEBUG org.asynchttpclient.netty.handler.HttpHandler - 

Request DefaultFullHttpRequest(decodeResult: success, version: HTTP/1.1, content: EmptyByteBufBE)
GET /session/9f023918ccc7622ca2e25dd9fdc4fe8c/element/f259d444-eff1-4df8-b5c1-a00d9eb656fb/enabled HTTP/1.1
User-Agent: selenium/4.1.4 (java windows)
Cache-Control: no-cache
Content-Type: application/json; charset=utf-8
host: localhost:50078
accept: */*

Response DefaultHttpResponse(decodeResult: success, version: HTTP/1.1)
HTTP/1.1 200 OK
Content-Type: application/json; charset=utf-8
cache-control: no-cache
content-length: 14

18:36:07.073 [AsyncHttpClient-1-6] DEBUG org.asynchttpclient.netty.channel.ChannelManager - Adding key: http://localhost:50078 for channel [id: 0x51d1da52, L:/127.0.0.1:50102 - R:localhost/127.0.0.1:50078]
18:36:07.075 [Forwarding findElement on session 9f023918ccc7622ca2e25dd9fdc4fe8c to remote] DEBUG org.asynchttpclient.netty.request.NettyRequestSender - Using pooled Channel '[id: 0x51d1da52, L:/127.0.0.1:50102 - R:localhost/127.0.0.1:50078]' for 'POST' to 'http://localhost:50078/session/9f023918ccc7622ca2e25dd9fdc4fe8c/element'
18:36:07.075 [Forwarding findElement on session 9f023918ccc7622ca2e25dd9fdc4fe8c to remote] DEBUG org.asynchttpclient.netty.request.NettyRequestSender - Using open Channel [id: 0x51d1da52, L:/127.0.0.1:50102 - R:localhost/127.0.0.1:50078] for POST '/session/9f023918ccc7622ca2e25dd9fdc4fe8c/element'
18:36:07.089 [AsyncHttpClient-1-6] DEBUG org.asynchttpclient.netty.handler.HttpHandler - 

Request DefaultHttpRequest(decodeResult: success, version: HTTP/1.1)
POST /session/9f023918ccc7622ca2e25dd9fdc4fe8c/element HTTP/1.1
User-Agent: selenium/4.1.4 (java windows)
Content-Length: 116
Content-Type: application/json; charset=utf-8
host: localhost:50078
accept: */*

Response DefaultHttpResponse(decodeResult: success, version: HTTP/1.1)
HTTP/1.1 200 OK
Content-Type: application/json; charset=utf-8
cache-control: no-cache
content-length: 88

18:36:07.089 [AsyncHttpClient-1-6] DEBUG org.asynchttpclient.netty.channel.ChannelManager - Adding key: http://localhost:50078 for channel [id: 0x51d1da52, L:/127.0.0.1:50102 - R:localhost/127.0.0.1:50078]
18:36:07.090 [Forwarding clickElement on session 9f023918ccc7622ca2e25dd9fdc4fe8c to remote] DEBUG org.asynchttpclient.netty.request.NettyRequestSender - Using pooled Channel '[id: 0x51d1da52, L:/127.0.0.1:50102 - R:localhost/127.0.0.1:50078]' for 'POST' to 'http://localhost:50078/session/9f023918ccc7622ca2e25dd9fdc4fe8c/element/f259d444-eff1-4df8-b5c1-a00d9eb656fb/click'
18:36:07.090 [Forwarding clickElement on session 9f023918ccc7622ca2e25dd9fdc4fe8c to remote] DEBUG org.asynchttpclient.netty.request.NettyRequestSender - Using open Channel [id: 0x51d1da52, L:/127.0.0.1:50102 - R:localhost/127.0.0.1:50078] for POST '/session/9f023918ccc7622ca2e25dd9fdc4fe8c/element/f259d444-eff1-4df8-b5c1-a00d9eb656fb/click'
18:36:07.268 [AsyncHttpClient-1-6] DEBUG org.asynchttpclient.netty.handler.HttpHandler - 

Request DefaultHttpRequest(decodeResult: success, version: HTTP/1.1)
POST /session/9f023918ccc7622ca2e25dd9fdc4fe8c/element/f259d444-eff1-4df8-b5c1-a00d9eb656fb/click HTTP/1.1
User-Agent: selenium/4.1.4 (java windows)
Content-Length: 50
Content-Type: application/json; charset=utf-8
host: localhost:50078
accept: */*

Response DefaultHttpResponse(decodeResult: success, version: HTTP/1.1)
HTTP/1.1 200 OK
Content-Type: application/json; charset=utf-8
cache-control: no-cache
content-length: 14

18:36:07.268 [AsyncHttpClient-1-6] DEBUG org.asynchttpclient.netty.channel.ChannelManager - Adding key: http://localhost:50078 for channel [id: 0x51d1da52, L:/127.0.0.1:50102 - R:localhost/127.0.0.1:50078]
18:36:07.275 [Forwarding screenshot on session 9f023918ccc7622ca2e25dd9fdc4fe8c to remote] DEBUG org.asynchttpclient.netty.request.NettyRequestSender - Using pooled Channel '[id: 0x51d1da52, L:/127.0.0.1:50102 - R:localhost/127.0.0.1:50078]' for 'GET' to 'http://localhost:50078/session/9f023918ccc7622ca2e25dd9fdc4fe8c/screenshot'
18:36:07.275 [Forwarding screenshot on session 9f023918ccc7622ca2e25dd9fdc4fe8c to remote] DEBUG org.asynchttpclient.netty.request.NettyRequestSender - Using open Channel [id: 0x51d1da52, L:/127.0.0.1:50102 - R:localhost/127.0.0.1:50078] for GET '/session/9f023918ccc7622ca2e25dd9fdc4fe8c/screenshot'
18:36:07.457 [AsyncHttpClient-1-6] DEBUG org.asynchttpclient.netty.handler.HttpHandler - 

Request DefaultFullHttpRequest(decodeResult: success, version: HTTP/1.1, content: EmptyByteBufBE)
GET /session/9f023918ccc7622ca2e25dd9fdc4fe8c/screenshot HTTP/1.1
User-Agent: selenium/4.1.4 (java windows)
Cache-Control: no-cache
Content-Type: application/json; charset=utf-8
host: localhost:50078
accept: */*

Response DefaultHttpResponse(decodeResult: success, version: HTTP/1.1)
HTTP/1.1 200 OK
Content-Type: application/json; charset=utf-8
cache-control: no-cache
content-length: 49432

18:36:07.457 [AsyncHttpClient-1-6] DEBUG org.asynchttpclient.netty.channel.ChannelManager - Adding key: http://localhost:50078 for channel [id: 0x51d1da52, L:/127.0.0.1:50102 - R:localhost/127.0.0.1:50078]
18:36:07.460 [main] DEBUG net.serenitybdd.core.photography.Darkroom - Send negative for processing for target\site\serenity\f70bf0442ea66228e79a26a193b86a5305fa20f5a916ae814d29113f5613d79b.png
18:36:07.460 [main] DEBUG net.thucydides.core.steps.StepInterceptor - STEP DONE: clickButtonEditDataPasien
  &amp#27;[32mAnd &amp#27;[0m&amp#27;[32mClick button edit profil&amp#27;[0m                                                        &amp#27;[90m# starter.stepdefinitios.PatientDataSteps.clickButtonEditProfil()&amp#27;[0m
18:36:07.461 [Darkroom Processing Line] DEBUG net.serenitybdd.core.photography.DarkroomProcessingLine - Processing screenshot image in /var/screenshots/screenshot-11244052908107596544
18:36:07.461 [Darkroom Processing Line] DEBUG net.serenitybdd.core.photography.DarkroomProcessingLine - Saving screenshot to target\site\serenity\f70bf0442ea66228e79a26a193b86a5305fa20f5a916ae814d29113f5613d79b.png
18:36:07.935 [AsyncHttpClient-1-1] DEBUG org.asynchttpclient.netty.channel.DefaultChannelPool - Entry count for : http://localhost:50078 : 1
18:36:07.935 [AsyncHttpClient-1-1] DEBUG org.asynchttpclient.netty.channel.DefaultChannelPool - Entry count for : http://localhost:50103 : 1
18:36:08.498 [Forwarding screenshot on session 9f023918ccc7622ca2e25dd9fdc4fe8c to remote] DEBUG org.asynchttpclient.netty.request.NettyRequestSender - Using pooled Channel '[id: 0x51d1da52, L:/127.0.0.1:50102 - R:localhost/127.0.0.1:50078]' for 'GET' to 'http://localhost:50078/session/9f023918ccc7622ca2e25dd9fdc4fe8c/screenshot'
18:36:08.498 [Forwarding screenshot on session 9f023918ccc7622ca2e25dd9fdc4fe8c to remote] DEBUG org.asynchttpclient.netty.request.NettyRequestSender - Using open Channel [id: 0x51d1da52, L:/127.0.0.1:50102 - R:localhost/127.0.0.1:50078] for GET '/session/9f023918ccc7622ca2e25dd9fdc4fe8c/screenshot'
18:36:08.641 [AsyncHttpClient-1-6] DEBUG org.asynchttpclient.netty.handler.HttpHandler - 

Request DefaultFullHttpRequest(decodeResult: success, version: HTTP/1.1, content: EmptyByteBufBE)
GET /session/9f023918ccc7622ca2e25dd9fdc4fe8c/screenshot HTTP/1.1
User-Agent: selenium/4.1.4 (java windows)
Cache-Control: no-cache
Content-Type: application/json; charset=utf-8
host: localhost:50078
accept: */*

Response DefaultHttpResponse(decodeResult: success, version: HTTP/1.1)
HTTP/1.1 200 OK
Content-Type: application/json; charset=utf-8
cache-control: no-cache
content-length: 49432

18:36:08.641 [AsyncHttpClient-1-6] DEBUG org.asynchttpclient.netty.channel.ChannelManager - Adding key: http://localhost:50078 for channel [id: 0x51d1da52, L:/127.0.0.1:50102 - R:localhost/127.0.0.1:50078]
18:36:08.642 [main] DEBUG net.serenitybdd.core.photography.Darkroom - Send negative for processing for target\site\serenity\f70bf0442ea66228e79a26a193b86a5305fa20f5a916ae814d29113f5613d79b.png
18:36:08.642 [main] DEBUG net.thucydides.core.steps.StepInterceptor - STARTING STEP: PatientDataSteps.iInputEditPatient - inputDataPasienEdit
18:36:08.644 [Forwarding findElement on session 9f023918ccc7622ca2e25dd9fdc4fe8c to remote] DEBUG org.asynchttpclient.netty.request.NettyRequestSender - Using pooled Channel '[id: 0x51d1da52, L:/127.0.0.1:50102 - R:localhost/127.0.0.1:50078]' for 'POST' to 'http://localhost:50078/session/9f023918ccc7622ca2e25dd9fdc4fe8c/element'
18:36:08.644 [Forwarding findElement on session 9f023918ccc7622ca2e25dd9fdc4fe8c to remote] DEBUG org.asynchttpclient.netty.request.NettyRequestSender - Using open Channel [id: 0x51d1da52, L:/127.0.0.1:50102 - R:localhost/127.0.0.1:50078] for POST '/session/9f023918ccc7622ca2e25dd9fdc4fe8c/element'
18:36:08.655 [AsyncHttpClient-1-6] DEBUG org.asynchttpclient.netty.handler.HttpHandler - 

Request DefaultHttpRequest(decodeResult: success, version: HTTP/1.1)
POST /session/9f023918ccc7622ca2e25dd9fdc4fe8c/element HTTP/1.1
User-Agent: selenium/4.1.4 (java windows)
Content-Length: 72
Content-Type: application/json; charset=utf-8
host: localhost:50078
accept: */*

Response DefaultHttpResponse(decodeResult: success, version: HTTP/1.1)
HTTP/1.1 200 OK
Content-Type: application/json; charset=utf-8
cache-control: no-cache
content-length: 88

18:36:08.655 [AsyncHttpClient-1-6] DEBUG org.asynchttpclient.netty.channel.ChannelManager - Adding key: http://localhost:50078 for channel [id: 0x51d1da52, L:/127.0.0.1:50102 - R:localhost/127.0.0.1:50078]
18:36:08.655 [Forwarding sendKeysToElement on session 9f023918ccc7622ca2e25dd9fdc4fe8c to remote] DEBUG org.asynchttpclient.netty.request.NettyRequestSender - Using pooled Channel '[id: 0x51d1da52, L:/127.0.0.1:50102 - R:localhost/127.0.0.1:50078]' for 'POST' to 'http://localhost:50078/session/9f023918ccc7622ca2e25dd9fdc4fe8c/element/35aef475-7220-4f22-81cb-b3b75ddecdc1/value'
18:36:08.655 [Forwarding sendKeysToElement on session 9f023918ccc7622ca2e25dd9fdc4fe8c to remote] DEBUG org.asynchttpclient.netty.request.NettyRequestSender - Using open Channel [id: 0x51d1da52, L:/127.0.0.1:50102 - R:localhost/127.0.0.1:50078] for POST '/session/9f023918ccc7622ca2e25dd9fdc4fe8c/element/35aef475-7220-4f22-81cb-b3b75ddecdc1/value'
18:36:08.773 [AsyncHttpClient-1-6] DEBUG org.asynchttpclient.netty.handler.HttpHandler - 

Request DefaultHttpRequest(decodeResult: success, version: HTTP/1.1)
POST /session/9f023918ccc7622ca2e25dd9fdc4fe8c/element/35aef475-7220-4f22-81cb-b3b75ddecdc1/value HTTP/1.1
User-Agent: selenium/4.1.4 (java windows)
Content-Length: 169
Content-Type: application/json; charset=utf-8
host: localhost:50078
accept: */*

Response DefaultHttpResponse(decodeResult: success, version: HTTP/1.1)
HTTP/1.1 200 OK
Content-Type: application/json; charset=utf-8
cache-control: no-cache
content-length: 14

18:36:08.773 [AsyncHttpClient-1-6] DEBUG org.asynchttpclient.netty.channel.ChannelManager - Adding key: http://localhost:50078 for channel [id: 0x51d1da52, L:/127.0.0.1:50102 - R:localhost/127.0.0.1:50078]
18:36:08.775 [Forwarding findElement on session 9f023918ccc7622ca2e25dd9fdc4fe8c to remote] DEBUG org.asynchttpclient.netty.request.NettyRequestSender - Using pooled Channel '[id: 0x51d1da52, L:/127.0.0.1:50102 - R:localhost/127.0.0.1:50078]' for 'POST' to 'http://localhost:50078/session/9f023918ccc7622ca2e25dd9fdc4fe8c/element'
18:36:08.775 [Forwarding findElement on session 9f023918ccc7622ca2e25dd9fdc4fe8c to remote] DEBUG org.asynchttpclient.netty.request.NettyRequestSender - Using open Channel [id: 0x51d1da52, L:/127.0.0.1:50102 - R:localhost/127.0.0.1:50078] for POST '/session/9f023918ccc7622ca2e25dd9fdc4fe8c/element'
18:36:08.781 [AsyncHttpClient-1-6] DEBUG org.asynchttpclient.netty.handler.HttpHandler - 

Request DefaultHttpRequest(decodeResult: success, version: HTTP/1.1)
POST /session/9f023918ccc7622ca2e25dd9fdc4fe8c/element HTTP/1.1
User-Agent: selenium/4.1.4 (java windows)
Content-Length: 72
Content-Type: application/json; charset=utf-8
host: localhost:50078
accept: */*

Response DefaultHttpResponse(decodeResult: success, version: HTTP/1.1)
HTTP/1.1 200 OK
Content-Type: application/json; charset=utf-8
cache-control: no-cache
content-length: 88

18:36:08.781 [AsyncHttpClient-1-6] DEBUG org.asynchttpclient.netty.channel.ChannelManager - Adding key: http://localhost:50078 for channel [id: 0x51d1da52, L:/127.0.0.1:50102 - R:localhost/127.0.0.1:50078]
18:36:08.782 [Forwarding sendKeysToElement on session 9f023918ccc7622ca2e25dd9fdc4fe8c to remote] DEBUG org.asynchttpclient.netty.request.NettyRequestSender - Using pooled Channel '[id: 0x51d1da52, L:/127.0.0.1:50102 - R:localhost/127.0.0.1:50078]' for 'POST' to 'http://localhost:50078/session/9f023918ccc7622ca2e25dd9fdc4fe8c/element/35aef475-7220-4f22-81cb-b3b75ddecdc1/value'
18:36:08.782 [Forwarding sendKeysToElement on session 9f023918ccc7622ca2e25dd9fdc4fe8c to remote] DEBUG org.asynchttpclient.netty.request.NettyRequestSender - Using open Channel [id: 0x51d1da52, L:/127.0.0.1:50102 - R:localhost/127.0.0.1:50078] for POST '/session/9f023918ccc7622ca2e25dd9fdc4fe8c/element/35aef475-7220-4f22-81cb-b3b75ddecdc1/value'
18:36:08.867 [AsyncHttpClient-1-6] DEBUG org.asynchttpclient.netty.handler.HttpHandler - 

Request DefaultHttpRequest(decodeResult: success, version: HTTP/1.1)
POST /session/9f023918ccc7622ca2e25dd9fdc4fe8c/element/35aef475-7220-4f22-81cb-b3b75ddecdc1/value HTTP/1.1
User-Agent: selenium/4.1.4 (java windows)
Content-Length: 131
Content-Type: application/json; charset=utf-8
host: localhost:50078
accept: */*

Response DefaultHttpResponse(decodeResult: success, version: HTTP/1.1)
HTTP/1.1 200 OK
Content-Type: application/json; charset=utf-8
cache-control: no-cache
content-length: 14

18:36:08.867 [AsyncHttpClient-1-6] DEBUG org.asynchttpclient.netty.channel.ChannelManager - Adding key: http://localhost:50078 for channel [id: 0x51d1da52, L:/127.0.0.1:50102 - R:localhost/127.0.0.1:50078]
18:36:08.869 [Forwarding findElement on session 9f023918ccc7622ca2e25dd9fdc4fe8c to remote] DEBUG org.asynchttpclient.netty.request.NettyRequestSender - Using pooled Channel '[id: 0x51d1da52, L:/127.0.0.1:50102 - R:localhost/127.0.0.1:50078]' for 'POST' to 'http://localhost:50078/session/9f023918ccc7622ca2e25dd9fdc4fe8c/element'
18:36:08.869 [Forwarding findElement on session 9f023918ccc7622ca2e25dd9fdc4fe8c to remote] DEBUG org.asynchttpclient.netty.request.NettyRequestSender - Using open Channel [id: 0x51d1da52, L:/127.0.0.1:50102 - R:localhost/127.0.0.1:50078] for POST '/session/9f023918ccc7622ca2e25dd9fdc4fe8c/element'
18:36:08.879 [AsyncHttpClient-1-6] DEBUG org.asynchttpclient.netty.handler.HttpHandler - 

Request DefaultHttpRequest(decodeResult: success, version: HTTP/1.1)
POST /session/9f023918ccc7622ca2e25dd9fdc4fe8c/element HTTP/1.1
User-Agent: selenium/4.1.4 (java windows)
Content-Length: 65
Content-Type: application/json; charset=utf-8
host: localhost:50078
accept: */*

Response DefaultHttpResponse(decodeResult: success, version: HTTP/1.1)
HTTP/1.1 200 OK
Content-Type: application/json; charset=utf-8
cache-control: no-cache
content-length: 88

18:36:08.879 [AsyncHttpClient-1-6] DEBUG org.asynchttpclient.netty.channel.ChannelManager - Adding key: http://localhost:50078 for channel [id: 0x51d1da52, L:/127.0.0.1:50102 - R:localhost/127.0.0.1:50078]
18:36:08.880 [Forwarding sendKeysToElement on session 9f023918ccc7622ca2e25dd9fdc4fe8c to remote] DEBUG org.asynchttpclient.netty.request.NettyRequestSender - Using pooled Channel '[id: 0x51d1da52, L:/127.0.0.1:50102 - R:localhost/127.0.0.1:50078]' for 'POST' to 'http://localhost:50078/session/9f023918ccc7622ca2e25dd9fdc4fe8c/element/f661785e-3496-449c-992e-6d6a22ef7232/value'
18:36:08.880 [Forwarding sendKeysToElement on session 9f023918ccc7622ca2e25dd9fdc4fe8c to remote] DEBUG org.asynchttpclient.netty.request.NettyRequestSender - Using open Channel [id: 0x51d1da52, L:/127.0.0.1:50102 - R:localhost/127.0.0.1:50078] for POST '/session/9f023918ccc7622ca2e25dd9fdc4fe8c/element/f661785e-3496-449c-992e-6d6a22ef7232/value'
18:36:09.036 [AsyncHttpClient-1-1] DEBUG org.asynchttpclient.netty.channel.DefaultChannelPool - Entry count for : http://localhost:50103 : 1
18:36:09.155 [AsyncHttpClient-1-6] DEBUG org.asynchttpclient.netty.handler.HttpHandler - 

Request DefaultHttpRequest(decodeResult: success, version: HTTP/1.1)
POST /session/9f023918ccc7622ca2e25dd9fdc4fe8c/element/f661785e-3496-449c-992e-6d6a22ef7232/value HTTP/1.1
User-Agent: selenium/4.1.4 (java windows)
Content-Length: 279
Content-Type: application/json; charset=utf-8
host: localhost:50078
accept: */*

Response DefaultHttpResponse(decodeResult: success, version: HTTP/1.1)
HTTP/1.1 200 OK
Content-Type: application/json; charset=utf-8
cache-control: no-cache
content-length: 14

18:36:09.155 [AsyncHttpClient-1-6] DEBUG org.asynchttpclient.netty.channel.ChannelManager - Adding key: http://localhost:50078 for channel [id: 0x51d1da52, L:/127.0.0.1:50102 - R:localhost/127.0.0.1:50078]
18:36:09.157 [Forwarding findElement on session 9f023918ccc7622ca2e25dd9fdc4fe8c to remote] DEBUG org.asynchttpclient.netty.request.NettyRequestSender - Using pooled Channel '[id: 0x51d1da52, L:/127.0.0.1:50102 - R:localhost/127.0.0.1:50078]' for 'POST' to 'http://localhost:50078/session/9f023918ccc7622ca2e25dd9fdc4fe8c/element'
18:36:09.157 [Forwarding findElement on session 9f023918ccc7622ca2e25dd9fdc4fe8c to remote] DEBUG org.asynchttpclient.netty.request.NettyRequestSender - Using open Channel [id: 0x51d1da52, L:/127.0.0.1:50102 - R:localhost/127.0.0.1:50078] for POST '/session/9f023918ccc7622ca2e25dd9fdc4fe8c/element'
18:36:09.163 [AsyncHttpClient-1-6] DEBUG org.asynchttpclient.netty.handler.HttpHandler - 

Request DefaultHttpRequest(decodeResult: success, version: HTTP/1.1)
POST /session/9f023918ccc7622ca2e25dd9fdc4fe8c/element HTTP/1.1
User-Agent: selenium/4.1.4 (java windows)
Content-Length: 65
Content-Type: application/json; charset=utf-8
host: localhost:50078
accept: */*

Response DefaultHttpResponse(decodeResult: success, version: HTTP/1.1)
HTTP/1.1 200 OK
Content-Type: application/json; charset=utf-8
cache-control: no-cache
content-length: 88

18:36:09.163 [AsyncHttpClient-1-6] DEBUG org.asynchttpclient.netty.channel.ChannelManager - Adding key: http://localhost:50078 for channel [id: 0x51d1da52, L:/127.0.0.1:50102 - R:localhost/127.0.0.1:50078]
18:36:09.163 [Forwarding sendKeysToElement on session 9f023918ccc7622ca2e25dd9fdc4fe8c to remote] DEBUG org.asynchttpclient.netty.request.NettyRequestSender - Using pooled Channel '[id: 0x51d1da52, L:/127.0.0.1:50102 - R:localhost/127.0.0.1:50078]' for 'POST' to 'http://localhost:50078/session/9f023918ccc7622ca2e25dd9fdc4fe8c/element/f661785e-3496-449c-992e-6d6a22ef7232/value'
18:36:09.163 [Forwarding sendKeysToElement on session 9f023918ccc7622ca2e25dd9fdc4fe8c to remote] DEBUG org.asynchttpclient.netty.request.NettyRequestSender - Using open Channel [id: 0x51d1da52, L:/127.0.0.1:50102 - R:localhost/127.0.0.1:50078] for POST '/session/9f023918ccc7622ca2e25dd9fdc4fe8c/element/f661785e-3496-449c-992e-6d6a22ef7232/value'
18:36:09.365 [AsyncHttpClient-1-6] DEBUG org.asynchttpclient.netty.handler.HttpHandler - 

Request DefaultHttpRequest(decodeResult: success, version: HTTP/1.1)
POST /session/9f023918ccc7622ca2e25dd9fdc4fe8c/element/f661785e-3496-449c-992e-6d6a22ef7232/value HTTP/1.1
User-Agent: selenium/4.1.4 (java windows)
Content-Length: 241
Content-Type: application/json; charset=utf-8
host: localhost:50078
accept: */*

Response DefaultHttpResponse(decodeResult: success, version: HTTP/1.1)
HTTP/1.1 200 OK
Content-Type: application/json; charset=utf-8
cache-control: no-cache
content-length: 14

18:36:09.365 [AsyncHttpClient-1-6] DEBUG org.asynchttpclient.netty.channel.ChannelManager - Adding key: http://localhost:50078 for channel [id: 0x51d1da52, L:/127.0.0.1:50102 - R:localhost/127.0.0.1:50078]
18:36:09.365 [Forwarding findElement on session 9f023918ccc7622ca2e25dd9fdc4fe8c to remote] DEBUG org.asynchttpclient.netty.request.NettyRequestSender - Using pooled Channel '[id: 0x51d1da52, L:/127.0.0.1:50102 - R:localhost/127.0.0.1:50078]' for 'POST' to 'http://localhost:50078/session/9f023918ccc7622ca2e25dd9fdc4fe8c/element'
18:36:09.365 [Forwarding findElement on session 9f023918ccc7622ca2e25dd9fdc4fe8c to remote] DEBUG org.asynchttpclient.netty.request.NettyRequestSender - Using open Channel [id: 0x51d1da52, L:/127.0.0.1:50102 - R:localhost/127.0.0.1:50078] for POST '/session/9f023918ccc7622ca2e25dd9fdc4fe8c/element'
18:36:09.382 [AsyncHttpClient-1-6] DEBUG org.asynchttpclient.netty.handler.HttpHandler - 

Request DefaultHttpRequest(decodeResult: success, version: HTTP/1.1)
POST /session/9f023918ccc7622ca2e25dd9fdc4fe8c/element HTTP/1.1
User-Agent: selenium/4.1.4 (java windows)
Content-Length: 66
Content-Type: application/json; charset=utf-8
host: localhost:50078
accept: */*

Response DefaultHttpResponse(decodeResult: success, version: HTTP/1.1)
HTTP/1.1 200 OK
Content-Type: application/json; charset=utf-8
cache-control: no-cache
content-length: 88

18:36:09.382 [AsyncHttpClient-1-6] DEBUG org.asynchttpclient.netty.channel.ChannelManager - Adding key: http://localhost:50078 for channel [id: 0x51d1da52, L:/127.0.0.1:50102 - R:localhost/127.0.0.1:50078]
18:36:09.383 [Forwarding sendKeysToElement on session 9f023918ccc7622ca2e25dd9fdc4fe8c to remote] DEBUG org.asynchttpclient.netty.request.NettyRequestSender - Using pooled Channel '[id: 0x51d1da52, L:/127.0.0.1:50102 - R:localhost/127.0.0.1:50078]' for 'POST' to 'http://localhost:50078/session/9f023918ccc7622ca2e25dd9fdc4fe8c/element/13afac3f-e63b-41fb-9b1e-b716c7b9c5de/value'
18:36:09.383 [Forwarding sendKeysToElement on session 9f023918ccc7622ca2e25dd9fdc4fe8c to remote] DEBUG org.asynchttpclient.netty.request.NettyRequestSender - Using open Channel [id: 0x51d1da52, L:/127.0.0.1:50102 - R:localhost/127.0.0.1:50078] for POST '/session/9f023918ccc7622ca2e25dd9fdc4fe8c/element/13afac3f-e63b-41fb-9b1e-b716c7b9c5de/value'
18:36:09.551 [AsyncHttpClient-1-6] DEBUG org.asynchttpclient.netty.handler.HttpHandler - 

Request DefaultHttpRequest(decodeResult: success, version: HTTP/1.1)
POST /session/9f023918ccc7622ca2e25dd9fdc4fe8c/element/13afac3f-e63b-41fb-9b1e-b716c7b9c5de/value HTTP/1.1
User-Agent: selenium/4.1.4 (java windows)
Content-Length: 229
Content-Type: application/json; charset=utf-8
host: localhost:50078
accept: */*

Response DefaultHttpResponse(decodeResult: success, version: HTTP/1.1)
HTTP/1.1 200 OK
Content-Type: application/json; charset=utf-8
cache-control: no-cache
content-length: 14

18:36:09.551 [AsyncHttpClient-1-6] DEBUG org.asynchttpclient.netty.channel.ChannelManager - Adding key: http://localhost:50078 for channel [id: 0x51d1da52, L:/127.0.0.1:50102 - R:localhost/127.0.0.1:50078]
18:36:09.554 [Forwarding findElement on session 9f023918ccc7622ca2e25dd9fdc4fe8c to remote] DEBUG org.asynchttpclient.netty.request.NettyRequestSender - Using pooled Channel '[id: 0x51d1da52, L:/127.0.0.1:50102 - R:localhost/127.0.0.1:50078]' for 'POST' to 'http://localhost:50078/session/9f023918ccc7622ca2e25dd9fdc4fe8c/element'
18:36:09.554 [Forwarding findElement on session 9f023918ccc7622ca2e25dd9fdc4fe8c to remote] DEBUG org.asynchttpclient.netty.request.NettyRequestSender - Using open Channel [id: 0x51d1da52, L:/127.0.0.1:50102 - R:localhost/127.0.0.1:50078] for POST '/session/9f023918ccc7622ca2e25dd9fdc4fe8c/element'
18:36:09.560 [AsyncHttpClient-1-6] DEBUG org.asynchttpclient.netty.handler.HttpHandler - 

Request DefaultHttpRequest(decodeResult: success, version: HTTP/1.1)
POST /session/9f023918ccc7622ca2e25dd9fdc4fe8c/element HTTP/1.1
User-Agent: selenium/4.1.4 (java windows)
Content-Length: 66
Content-Type: application/json; charset=utf-8
host: localhost:50078
accept: */*

Response DefaultHttpResponse(decodeResult: success, version: HTTP/1.1)
HTTP/1.1 200 OK
Content-Type: application/json; charset=utf-8
cache-control: no-cache
content-length: 88

18:36:09.560 [AsyncHttpClient-1-6] DEBUG org.asynchttpclient.netty.channel.ChannelManager - Adding key: http://localhost:50078 for channel [id: 0x51d1da52, L:/127.0.0.1:50102 - R:localhost/127.0.0.1:50078]
18:36:09.560 [Forwarding sendKeysToElement on session 9f023918ccc7622ca2e25dd9fdc4fe8c to remote] DEBUG org.asynchttpclient.netty.request.NettyRequestSender - Using pooled Channel '[id: 0x51d1da52, L:/127.0.0.1:50102 - R:localhost/127.0.0.1:50078]' for 'POST' to 'http://localhost:50078/session/9f023918ccc7622ca2e25dd9fdc4fe8c/element/13afac3f-e63b-41fb-9b1e-b716c7b9c5de/value'
18:36:09.560 [Forwarding sendKeysToElement on session 9f023918ccc7622ca2e25dd9fdc4fe8c to remote] DEBUG org.asynchttpclient.netty.request.NettyRequestSender - Using open Channel [id: 0x51d1da52, L:/127.0.0.1:50102 - R:localhost/127.0.0.1:50078] for POST '/session/9f023918ccc7622ca2e25dd9fdc4fe8c/element/13afac3f-e63b-41fb-9b1e-b716c7b9c5de/value'
18:36:09.707 [AsyncHttpClient-1-6] DEBUG org.asynchttpclient.netty.handler.HttpHandler - 

Request DefaultHttpRequest(decodeResult: success, version: HTTP/1.1)
POST /session/9f023918ccc7622ca2e25dd9fdc4fe8c/element/13afac3f-e63b-41fb-9b1e-b716c7b9c5de/value HTTP/1.1
User-Agent: selenium/4.1.4 (java windows)
Content-Length: 191
Content-Type: application/json; charset=utf-8
host: localhost:50078
accept: */*

Response DefaultHttpResponse(decodeResult: success, version: HTTP/1.1)
HTTP/1.1 200 OK
Content-Type: application/json; charset=utf-8
cache-control: no-cache
content-length: 14

18:36:09.708 [AsyncHttpClient-1-6] DEBUG org.asynchttpclient.netty.channel.ChannelManager - Adding key: http://localhost:50078 for channel [id: 0x51d1da52, L:/127.0.0.1:50102 - R:localhost/127.0.0.1:50078]
18:36:09.709 [Forwarding findElement on session 9f023918ccc7622ca2e25dd9fdc4fe8c to remote] DEBUG org.asynchttpclient.netty.request.NettyRequestSender - Using pooled Channel '[id: 0x51d1da52, L:/127.0.0.1:50102 - R:localhost/127.0.0.1:50078]' for 'POST' to 'http://localhost:50078/session/9f023918ccc7622ca2e25dd9fdc4fe8c/element'
18:36:09.709 [Forwarding findElement on session 9f023918ccc7622ca2e25dd9fdc4fe8c to remote] DEBUG org.asynchttpclient.netty.request.NettyRequestSender - Using open Channel [id: 0x51d1da52, L:/127.0.0.1:50102 - R:localhost/127.0.0.1:50078] for POST '/session/9f023918ccc7622ca2e25dd9fdc4fe8c/element'
18:36:09.719 [AsyncHttpClient-1-6] DEBUG org.asynchttpclient.netty.handler.HttpHandler - 

Request DefaultHttpRequest(decodeResult: success, version: HTTP/1.1)
POST /session/9f023918ccc7622ca2e25dd9fdc4fe8c/element HTTP/1.1
User-Agent: selenium/4.1.4 (java windows)
Content-Length: 68
Content-Type: application/json; charset=utf-8
host: localhost:50078
accept: */*

Response DefaultHttpResponse(decodeResult: success, version: HTTP/1.1)
HTTP/1.1 200 OK
Content-Type: application/json; charset=utf-8
cache-control: no-cache
content-length: 88

18:36:09.719 [AsyncHttpClient-1-6] DEBUG org.asynchttpclient.netty.channel.ChannelManager - Adding key: http://localhost:50078 for channel [id: 0x51d1da52, L:/127.0.0.1:50102 - R:localhost/127.0.0.1:50078]
18:36:09.720 [Forwarding sendKeysToElement on session 9f023918ccc7622ca2e25dd9fdc4fe8c to remote] DEBUG org.asynchttpclient.netty.request.NettyRequestSender - Using pooled Channel '[id: 0x51d1da52, L:/127.0.0.1:50102 - R:localhost/127.0.0.1:50078]' for 'POST' to 'http://localhost:50078/session/9f023918ccc7622ca2e25dd9fdc4fe8c/element/18f5a1a4-4356-4169-8a30-4bf4c6346fd9/value'
18:36:09.720 [Forwarding sendKeysToElement on session 9f023918ccc7622ca2e25dd9fdc4fe8c to remote] DEBUG org.asynchttpclient.netty.request.NettyRequestSender - Using open Channel [id: 0x51d1da52, L:/127.0.0.1:50102 - R:localhost/127.0.0.1:50078] for POST '/session/9f023918ccc7622ca2e25dd9fdc4fe8c/element/18f5a1a4-4356-4169-8a30-4bf4c6346fd9/value'
18:36:09.858 [AsyncHttpClient-1-6] DEBUG org.asynchttpclient.netty.handler.HttpHandler - 

Request DefaultHttpRequest(decodeResult: success, version: HTTP/1.1)
POST /session/9f023918ccc7622ca2e25dd9fdc4fe8c/element/18f5a1a4-4356-4169-8a30-4bf4c6346fd9/value HTTP/1.1
User-Agent: selenium/4.1.4 (java windows)
Content-Length: 209
Content-Type: application/json; charset=utf-8
host: localhost:50078
accept: */*

Response DefaultHttpResponse(decodeResult: success, version: HTTP/1.1)
HTTP/1.1 200 OK
Content-Type: application/json; charset=utf-8
cache-control: no-cache
content-length: 14

18:36:09.858 [AsyncHttpClient-1-6] DEBUG org.asynchttpclient.netty.channel.ChannelManager - Adding key: http://localhost:50078 for channel [id: 0x51d1da52, L:/127.0.0.1:50102 - R:localhost/127.0.0.1:50078]
18:36:09.860 [Forwarding findElement on session 9f023918ccc7622ca2e25dd9fdc4fe8c to remote] DEBUG org.asynchttpclient.netty.request.NettyRequestSender - Using pooled Channel '[id: 0x51d1da52, L:/127.0.0.1:50102 - R:localhost/127.0.0.1:50078]' for 'POST' to 'http://localhost:50078/session/9f023918ccc7622ca2e25dd9fdc4fe8c/element'
18:36:09.860 [Forwarding findElement on session 9f023918ccc7622ca2e25dd9fdc4fe8c to remote] DEBUG org.asynchttpclient.netty.request.NettyRequestSender - Using open Channel [id: 0x51d1da52, L:/127.0.0.1:50102 - R:localhost/127.0.0.1:50078] for POST '/session/9f023918ccc7622ca2e25dd9fdc4fe8c/element'
18:36:09.866 [AsyncHttpClient-1-6] DEBUG org.asynchttpclient.netty.handler.HttpHandler - 

Request DefaultHttpRequest(decodeResult: success, version: HTTP/1.1)
POST /session/9f023918ccc7622ca2e25dd9fdc4fe8c/element HTTP/1.1
User-Agent: selenium/4.1.4 (java windows)
Content-Length: 68
Content-Type: application/json; charset=utf-8
host: localhost:50078
accept: */*

Response DefaultHttpResponse(decodeResult: success, version: HTTP/1.1)
HTTP/1.1 200 OK
Content-Type: application/json; charset=utf-8
cache-control: no-cache
content-length: 88

18:36:09.866 [AsyncHttpClient-1-6] DEBUG org.asynchttpclient.netty.channel.ChannelManager - Adding key: http://localhost:50078 for channel [id: 0x51d1da52, L:/127.0.0.1:50102 - R:localhost/127.0.0.1:50078]
18:36:09.867 [Forwarding sendKeysToElement on session 9f023918ccc7622ca2e25dd9fdc4fe8c to remote] DEBUG org.asynchttpclient.netty.request.NettyRequestSender - Using pooled Channel '[id: 0x51d1da52, L:/127.0.0.1:50102 - R:localhost/127.0.0.1:50078]' for 'POST' to 'http://localhost:50078/session/9f023918ccc7622ca2e25dd9fdc4fe8c/element/18f5a1a4-4356-4169-8a30-4bf4c6346fd9/value'
18:36:09.867 [Forwarding sendKeysToElement on session 9f023918ccc7622ca2e25dd9fdc4fe8c to remote] DEBUG org.asynchttpclient.netty.request.NettyRequestSender - Using open Channel [id: 0x51d1da52, L:/127.0.0.1:50102 - R:localhost/127.0.0.1:50078] for POST '/session/9f023918ccc7622ca2e25dd9fdc4fe8c/element/18f5a1a4-4356-4169-8a30-4bf4c6346fd9/value'
18:36:09.991 [AsyncHttpClient-1-6] DEBUG org.asynchttpclient.netty.handler.HttpHandler - 

Request DefaultHttpRequest(decodeResult: success, version: HTTP/1.1)
POST /session/9f023918ccc7622ca2e25dd9fdc4fe8c/element/18f5a1a4-4356-4169-8a30-4bf4c6346fd9/value HTTP/1.1
User-Agent: selenium/4.1.4 (java windows)
Content-Length: 171
Content-Type: application/json; charset=utf-8
host: localhost:50078
accept: */*

Response DefaultHttpResponse(decodeResult: success, version: HTTP/1.1)
HTTP/1.1 200 OK
Content-Type: application/json; charset=utf-8
cache-control: no-cache
content-length: 14

18:36:09.991 [AsyncHttpClient-1-6] DEBUG org.asynchttpclient.netty.channel.ChannelManager - Adding key: http://localhost:50078 for channel [id: 0x51d1da52, L:/127.0.0.1:50102 - R:localhost/127.0.0.1:50078]
18:36:09.992 [Forwarding findElement on session 9f023918ccc7622ca2e25dd9fdc4fe8c to remote] DEBUG org.asynchttpclient.netty.request.NettyRequestSender - Using pooled Channel '[id: 0x51d1da52, L:/127.0.0.1:50102 - R:localhost/127.0.0.1:50078]' for 'POST' to 'http://localhost:50078/session/9f023918ccc7622ca2e25dd9fdc4fe8c/element'
18:36:09.992 [Forwarding findElement on session 9f023918ccc7622ca2e25dd9fdc4fe8c to remote] DEBUG org.asynchttpclient.netty.request.NettyRequestSender - Using open Channel [id: 0x51d1da52, L:/127.0.0.1:50102 - R:localhost/127.0.0.1:50078] for POST '/session/9f023918ccc7622ca2e25dd9fdc4fe8c/element'
18:36:10.003 [AsyncHttpClient-1-6] DEBUG org.asynchttpclient.netty.handler.HttpHandler - 

Request DefaultHttpRequest(decodeResult: success, version: HTTP/1.1)
POST /session/9f023918ccc7622ca2e25dd9fdc4fe8c/element HTTP/1.1
User-Agent: selenium/4.1.4 (java windows)
Content-Length: 66
Content-Type: application/json; charset=utf-8
host: localhost:50078
accept: */*

Response DefaultHttpResponse(decodeResult: success, version: HTTP/1.1)
HTTP/1.1 200 OK
Content-Type: application/json; charset=utf-8
cache-control: no-cache
content-length: 88

18:36:10.003 [AsyncHttpClient-1-6] DEBUG org.asynchttpclient.netty.channel.ChannelManager - Adding key: http://localhost:50078 for channel [id: 0x51d1da52, L:/127.0.0.1:50102 - R:localhost/127.0.0.1:50078]
18:36:10.004 [Forwarding sendKeysToElement on session 9f023918ccc7622ca2e25dd9fdc4fe8c to remote] DEBUG org.asynchttpclient.netty.request.NettyRequestSender - Using pooled Channel '[id: 0x51d1da52, L:/127.0.0.1:50102 - R:localhost/127.0.0.1:50078]' for 'POST' to 'http://localhost:50078/session/9f023918ccc7622ca2e25dd9fdc4fe8c/element/605890a0-3a8a-4f14-8b33-dbbff31799b5/value'
18:36:10.004 [Forwarding sendKeysToElement on session 9f023918ccc7622ca2e25dd9fdc4fe8c to remote] DEBUG org.asynchttpclient.netty.request.NettyRequestSender - Using open Channel [id: 0x51d1da52, L:/127.0.0.1:50102 - R:localhost/127.0.0.1:50078] for POST '/session/9f023918ccc7622ca2e25dd9fdc4fe8c/element/605890a0-3a8a-4f14-8b33-dbbff31799b5/value'
18:36:10.075 [AsyncHttpClient-1-6] DEBUG org.asynchttpclient.netty.handler.HttpHandler - 

Request DefaultHttpRequest(decodeResult: success, version: HTTP/1.1)
POST /session/9f023918ccc7622ca2e25dd9fdc4fe8c/element/605890a0-3a8a-4f14-8b33-dbbff31799b5/value HTTP/1.1
User-Agent: selenium/4.1.4 (java windows)
Content-Length: 139
Content-Type: application/json; charset=utf-8
host: localhost:50078
accept: */*

Response DefaultHttpResponse(decodeResult: success, version: HTTP/1.1)
HTTP/1.1 200 OK
Content-Type: application/json; charset=utf-8
cache-control: no-cache
content-length: 14

18:36:10.075 [AsyncHttpClient-1-6] DEBUG org.asynchttpclient.netty.channel.ChannelManager - Adding key: http://localhost:50078 for channel [id: 0x51d1da52, L:/127.0.0.1:50102 - R:localhost/127.0.0.1:50078]
18:36:10.077 [Forwarding findElement on session 9f023918ccc7622ca2e25dd9fdc4fe8c to remote] DEBUG org.asynchttpclient.netty.request.NettyRequestSender - Using pooled Channel '[id: 0x51d1da52, L:/127.0.0.1:50102 - R:localhost/127.0.0.1:50078]' for 'POST' to 'http://localhost:50078/session/9f023918ccc7622ca2e25dd9fdc4fe8c/element'
18:36:10.077 [Forwarding findElement on session 9f023918ccc7622ca2e25dd9fdc4fe8c to remote] DEBUG org.asynchttpclient.netty.request.NettyRequestSender - Using open Channel [id: 0x51d1da52, L:/127.0.0.1:50102 - R:localhost/127.0.0.1:50078] for POST '/session/9f023918ccc7622ca2e25dd9fdc4fe8c/element'
18:36:10.083 [AsyncHttpClient-1-6] DEBUG org.asynchttpclient.netty.handler.HttpHandler - 

Request DefaultHttpRequest(decodeResult: success, version: HTTP/1.1)
POST /session/9f023918ccc7622ca2e25dd9fdc4fe8c/element HTTP/1.1
User-Agent: selenium/4.1.4 (java windows)
Content-Length: 66
Content-Type: application/json; charset=utf-8
host: localhost:50078
accept: */*

Response DefaultHttpResponse(decodeResult: success, version: HTTP/1.1)
HTTP/1.1 200 OK
Content-Type: application/json; charset=utf-8
cache-control: no-cache
content-length: 88

18:36:10.083 [AsyncHttpClient-1-6] DEBUG org.asynchttpclient.netty.channel.ChannelManager - Adding key: http://localhost:50078 for channel [id: 0x51d1da52, L:/127.0.0.1:50102 - R:localhost/127.0.0.1:50078]
18:36:10.084 [Forwarding sendKeysToElement on session 9f023918ccc7622ca2e25dd9fdc4fe8c to remote] DEBUG org.asynchttpclient.netty.request.NettyRequestSender - Using pooled Channel '[id: 0x51d1da52, L:/127.0.0.1:50102 - R:localhost/127.0.0.1:50078]' for 'POST' to 'http://localhost:50078/session/9f023918ccc7622ca2e25dd9fdc4fe8c/element/605890a0-3a8a-4f14-8b33-dbbff31799b5/value'
18:36:10.084 [Forwarding sendKeysToElement on session 9f023918ccc7622ca2e25dd9fdc4fe8c to remote] DEBUG org.asynchttpclient.netty.request.NettyRequestSender - Using open Channel [id: 0x51d1da52, L:/127.0.0.1:50102 - R:localhost/127.0.0.1:50078] for POST '/session/9f023918ccc7622ca2e25dd9fdc4fe8c/element/605890a0-3a8a-4f14-8b33-dbbff31799b5/value'
18:36:10.133 [AsyncHttpClient-1-6] DEBUG org.asynchttpclient.netty.handler.HttpHandler - 

Request DefaultHttpRequest(decodeResult: success, version: HTTP/1.1)
POST /session/9f023918ccc7622ca2e25dd9fdc4fe8c/element/605890a0-3a8a-4f14-8b33-dbbff31799b5/value HTTP/1.1
User-Agent: selenium/4.1.4 (java windows)
Content-Length: 101
Content-Type: application/json; charset=utf-8
host: localhost:50078
accept: */*

Response DefaultHttpResponse(decodeResult: success, version: HTTP/1.1)
HTTP/1.1 200 OK
Content-Type: application/json; charset=utf-8
cache-control: no-cache
content-length: 14

18:36:10.133 [AsyncHttpClient-1-6] DEBUG org.asynchttpclient.netty.channel.ChannelManager - Adding key: http://localhost:50078 for channel [id: 0x51d1da52, L:/127.0.0.1:50102 - R:localhost/127.0.0.1:50078]
18:36:10.136 [AsyncHttpClient-1-1] DEBUG org.asynchttpclient.netty.channel.DefaultChannelPool - Entry count for : http://localhost:50078 : 1
18:36:10.136 [AsyncHttpClient-1-1] DEBUG org.asynchttpclient.netty.channel.DefaultChannelPool - Entry count for : http://localhost:50103 : 1
18:36:10.136 [Forwarding screenshot on session 9f023918ccc7622ca2e25dd9fdc4fe8c to remote] DEBUG org.asynchttpclient.netty.request.NettyRequestSender - Using pooled Channel '[id: 0x51d1da52, L:/127.0.0.1:50102 - R:localhost/127.0.0.1:50078]' for 'GET' to 'http://localhost:50078/session/9f023918ccc7622ca2e25dd9fdc4fe8c/screenshot'
18:36:10.136 [Forwarding screenshot on session 9f023918ccc7622ca2e25dd9fdc4fe8c to remote] DEBUG org.asynchttpclient.netty.request.NettyRequestSender - Using open Channel [id: 0x51d1da52, L:/127.0.0.1:50102 - R:localhost/127.0.0.1:50078] for GET '/session/9f023918ccc7622ca2e25dd9fdc4fe8c/screenshot'
18:36:10.291 [AsyncHttpClient-1-6] DEBUG org.asynchttpclient.netty.handler.HttpHandler - 

Request DefaultFullHttpRequest(decodeResult: success, version: HTTP/1.1, content: EmptyByteBufBE)
GET /session/9f023918ccc7622ca2e25dd9fdc4fe8c/screenshot HTTP/1.1
User-Agent: selenium/4.1.4 (java windows)
Cache-Control: no-cache
Content-Type: application/json; charset=utf-8
host: localhost:50078
accept: */*

Response DefaultHttpResponse(decodeResult: success, version: HTTP/1.1)
HTTP/1.1 200 OK
Content-Type: application/json; charset=utf-8
cache-control: no-cache
content-length: 66392

18:36:10.292 [AsyncHttpClient-1-6] DEBUG org.asynchttpclient.netty.channel.ChannelManager - Adding key: http://localhost:50078 for channel [id: 0x51d1da52, L:/127.0.0.1:50102 - R:localhost/127.0.0.1:50078]
18:36:10.293 [main] DEBUG net.serenitybdd.core.photography.Darkroom - Send negative for processing for target\site\serenity\979e3b392c1777f5d2d7f123ee90d7ef33a5e4f85d70d22627f971649321b70b.png
18:36:10.293 [main] DEBUG net.thucydides.core.steps.StepInterceptor - STEP DONE: inputDataPasienEdit
  &amp#27;[32mThen &amp#27;[0m&amp#27;[32mI input edit &amp#27;[0m&amp#27;[32m&amp#27;[1m"Bagas"&amp#27;[0m&amp#27;[32m &amp#27;[0m&amp#27;[32m&amp#27;[1m"1234567891234567"&amp#27;[0m&amp#27;[32m &amp#27;[0m&amp#27;[32m&amp#27;[1m"20"&amp#27;[0m&amp#27;[32m &amp#27;[0m&amp#27;[32m&amp#27;[1m"jngasjgxbba"&amp#27;[0m&amp#27;[32m &amp#27;[0m&amp#27;[32m&amp#27;[1m"perumahan"&amp#27;[0m&amp#27;[32m patient&amp#27;[0m &amp#27;[90m# starter.stepdefinitios.PatientDataSteps.iInputEditPatient(java.lang.String,java.lang.String,java.lang.String,java.lang.String,java.lang.String)&amp#27;[0m
18:36:10.293 [Darkroom Processing Line] DEBUG net.serenitybdd.core.photography.DarkroomProcessingLine - Processing screenshot image in /var/screenshots/screenshot-15171494745772007593
18:36:10.293 [Darkroom Processing Line] DEBUG net.serenitybdd.core.photography.DarkroomProcessingLine - Saving screenshot to target\site\serenity\979e3b392c1777f5d2d7f123ee90d7ef33a5e4f85d70d22627f971649321b70b.png
18:36:10.308 [main] DEBUG net.thucydides.core.steps.StepInterceptor - STARTING STEP: PatientDataSteps.iClickButtonJenisKelaminPerempuan - clickPerempuan
18:36:10.310 [Forwarding findElement on session 9f023918ccc7622ca2e25dd9fdc4fe8c to remote] DEBUG org.asynchttpclient.netty.request.NettyRequestSender - Using pooled Channel '[id: 0x51d1da52, L:/127.0.0.1:50102 - R:localhost/127.0.0.1:50078]' for 'POST' to 'http://localhost:50078/session/9f023918ccc7622ca2e25dd9fdc4fe8c/element'
18:36:10.310 [Forwarding findElement on session 9f023918ccc7622ca2e25dd9fdc4fe8c to remote] DEBUG org.asynchttpclient.netty.request.NettyRequestSender - Using open Channel [id: 0x51d1da52, L:/127.0.0.1:50102 - R:localhost/127.0.0.1:50078] for POST '/session/9f023918ccc7622ca2e25dd9fdc4fe8c/element'
18:36:10.326 [AsyncHttpClient-1-6] DEBUG org.asynchttpclient.netty.handler.HttpHandler - 

Request DefaultHttpRequest(decodeResult: success, version: HTTP/1.1)
POST /session/9f023918ccc7622ca2e25dd9fdc4fe8c/element HTTP/1.1
User-Agent: selenium/4.1.4 (java windows)
Content-Length: 182
Content-Type: application/json; charset=utf-8
host: localhost:50078
accept: */*

Response DefaultHttpResponse(decodeResult: success, version: HTTP/1.1)
HTTP/1.1 200 OK
Content-Type: application/json; charset=utf-8
cache-control: no-cache
content-length: 88

18:36:10.326 [AsyncHttpClient-1-6] DEBUG org.asynchttpclient.netty.channel.ChannelManager - Adding key: http://localhost:50078 for channel [id: 0x51d1da52, L:/127.0.0.1:50102 - R:localhost/127.0.0.1:50078]
18:36:10.327 [Forwarding getElementTagName on session 9f023918ccc7622ca2e25dd9fdc4fe8c to remote] DEBUG org.asynchttpclient.netty.request.NettyRequestSender - Using pooled Channel '[id: 0x51d1da52, L:/127.0.0.1:50102 - R:localhost/127.0.0.1:50078]' for 'GET' to 'http://localhost:50078/session/9f023918ccc7622ca2e25dd9fdc4fe8c/element/94cf4181-dc3d-444a-a4a3-b88aa4a0ec80/name'
18:36:10.327 [Forwarding getElementTagName on session 9f023918ccc7622ca2e25dd9fdc4fe8c to remote] DEBUG org.asynchttpclient.netty.request.NettyRequestSender - Using open Channel [id: 0x51d1da52, L:/127.0.0.1:50102 - R:localhost/127.0.0.1:50078] for GET '/session/9f023918ccc7622ca2e25dd9fdc4fe8c/element/94cf4181-dc3d-444a-a4a3-b88aa4a0ec80/name'
18:36:10.332 [AsyncHttpClient-1-6] DEBUG org.asynchttpclient.netty.handler.HttpHandler - 

Request DefaultFullHttpRequest(decodeResult: success, version: HTTP/1.1, content: EmptyByteBufBE)
GET /session/9f023918ccc7622ca2e25dd9fdc4fe8c/element/94cf4181-dc3d-444a-a4a3-b88aa4a0ec80/name HTTP/1.1
User-Agent: selenium/4.1.4 (java windows)
Cache-Control: no-cache
Content-Type: application/json; charset=utf-8
host: localhost:50078
accept: */*

Response DefaultHttpResponse(decodeResult: success, version: HTTP/1.1)
HTTP/1.1 200 OK
Content-Type: application/json; charset=utf-8
cache-control: no-cache
content-length: 16

18:36:10.332 [AsyncHttpClient-1-6] DEBUG org.asynchttpclient.netty.channel.ChannelManager - Adding key: http://localhost:50078 for channel [id: 0x51d1da52, L:/127.0.0.1:50102 - R:localhost/127.0.0.1:50078]
18:36:10.333 [Forwarding getElementTagName on session 9f023918ccc7622ca2e25dd9fdc4fe8c to remote] DEBUG org.asynchttpclient.netty.request.NettyRequestSender - Using pooled Channel '[id: 0x51d1da52, L:/127.0.0.1:50102 - R:localhost/127.0.0.1:50078]' for 'GET' to 'http://localhost:50078/session/9f023918ccc7622ca2e25dd9fdc4fe8c/element/94cf4181-dc3d-444a-a4a3-b88aa4a0ec80/name'
18:36:10.333 [Forwarding getElementTagName on session 9f023918ccc7622ca2e25dd9fdc4fe8c to remote] DEBUG org.asynchttpclient.netty.request.NettyRequestSender - Using open Channel [id: 0x51d1da52, L:/127.0.0.1:50102 - R:localhost/127.0.0.1:50078] for GET '/session/9f023918ccc7622ca2e25dd9fdc4fe8c/element/94cf4181-dc3d-444a-a4a3-b88aa4a0ec80/name'
18:36:10.338 [AsyncHttpClient-1-6] DEBUG org.asynchttpclient.netty.handler.HttpHandler - 

Request DefaultFullHttpRequest(decodeResult: success, version: HTTP/1.1, content: EmptyByteBufBE)
GET /session/9f023918ccc7622ca2e25dd9fdc4fe8c/element/94cf4181-dc3d-444a-a4a3-b88aa4a0ec80/name HTTP/1.1
User-Agent: selenium/4.1.4 (java windows)
Cache-Control: no-cache
Content-Type: application/json; charset=utf-8
host: localhost:50078
accept: */*

Response DefaultHttpResponse(decodeResult: success, version: HTTP/1.1)
HTTP/1.1 200 OK
Content-Type: application/json; charset=utf-8
cache-control: no-cache
content-length: 16

18:36:10.338 [AsyncHttpClient-1-6] DEBUG org.asynchttpclient.netty.channel.ChannelManager - Adding key: http://localhost:50078 for channel [id: 0x51d1da52, L:/127.0.0.1:50102 - R:localhost/127.0.0.1:50078]
18:36:10.341 [Forwarding findElement on session 9f023918ccc7622ca2e25dd9fdc4fe8c to remote] DEBUG org.asynchttpclient.netty.request.NettyRequestSender - Using pooled Channel '[id: 0x51d1da52, L:/127.0.0.1:50102 - R:localhost/127.0.0.1:50078]' for 'POST' to 'http://localhost:50078/session/9f023918ccc7622ca2e25dd9fdc4fe8c/element'
18:36:10.341 [Forwarding findElement on session 9f023918ccc7622ca2e25dd9fdc4fe8c to remote] DEBUG org.asynchttpclient.netty.request.NettyRequestSender - Using open Channel [id: 0x51d1da52, L:/127.0.0.1:50102 - R:localhost/127.0.0.1:50078] for POST '/session/9f023918ccc7622ca2e25dd9fdc4fe8c/element'
18:36:10.353 [AsyncHttpClient-1-6] DEBUG org.asynchttpclient.netty.handler.HttpHandler - 

Request DefaultHttpRequest(decodeResult: success, version: HTTP/1.1)
POST /session/9f023918ccc7622ca2e25dd9fdc4fe8c/element HTTP/1.1
User-Agent: selenium/4.1.4 (java windows)
Content-Length: 182
Content-Type: application/json; charset=utf-8
host: localhost:50078
accept: */*

Response DefaultHttpResponse(decodeResult: success, version: HTTP/1.1)
HTTP/1.1 200 OK
Content-Type: application/json; charset=utf-8
cache-control: no-cache
content-length: 88

18:36:10.353 [AsyncHttpClient-1-6] DEBUG org.asynchttpclient.netty.channel.ChannelManager - Adding key: http://localhost:50078 for channel [id: 0x51d1da52, L:/127.0.0.1:50102 - R:localhost/127.0.0.1:50078]
18:36:10.354 [Forwarding clickElement on session 9f023918ccc7622ca2e25dd9fdc4fe8c to remote] DEBUG org.asynchttpclient.netty.request.NettyRequestSender - Using pooled Channel '[id: 0x51d1da52, L:/127.0.0.1:50102 - R:localhost/127.0.0.1:50078]' for 'POST' to 'http://localhost:50078/session/9f023918ccc7622ca2e25dd9fdc4fe8c/element/94cf4181-dc3d-444a-a4a3-b88aa4a0ec80/click'
18:36:10.354 [Forwarding clickElement on session 9f023918ccc7622ca2e25dd9fdc4fe8c to remote] DEBUG org.asynchttpclient.netty.request.NettyRequestSender - Using open Channel [id: 0x51d1da52, L:/127.0.0.1:50102 - R:localhost/127.0.0.1:50078] for POST '/session/9f023918ccc7622ca2e25dd9fdc4fe8c/element/94cf4181-dc3d-444a-a4a3-b88aa4a0ec80/click'
18:36:10.456 [AsyncHttpClient-1-6] DEBUG org.asynchttpclient.netty.handler.HttpHandler - 

Request DefaultHttpRequest(decodeResult: success, version: HTTP/1.1)
POST /session/9f023918ccc7622ca2e25dd9fdc4fe8c/element/94cf4181-dc3d-444a-a4a3-b88aa4a0ec80/click HTTP/1.1
User-Agent: selenium/4.1.4 (java windows)
Content-Length: 50
Content-Type: application/json; charset=utf-8
host: localhost:50078
accept: */*

Response DefaultHttpResponse(decodeResult: success, version: HTTP/1.1)
HTTP/1.1 200 OK
Content-Type: application/json; charset=utf-8
cache-control: no-cache
content-length: 14

18:36:10.456 [AsyncHttpClient-1-6] DEBUG org.asynchttpclient.netty.channel.ChannelManager - Adding key: http://localhost:50078 for channel [id: 0x51d1da52, L:/127.0.0.1:50102 - R:localhost/127.0.0.1:50078]
18:36:10.461 [Forwarding screenshot on session 9f023918ccc7622ca2e25dd9fdc4fe8c to remote] DEBUG org.asynchttpclient.netty.request.NettyRequestSender - Using pooled Channel '[id: 0x51d1da52, L:/127.0.0.1:50102 - R:localhost/127.0.0.1:50078]' for 'GET' to 'http://localhost:50078/session/9f023918ccc7622ca2e25dd9fdc4fe8c/screenshot'
18:36:10.461 [Forwarding screenshot on session 9f023918ccc7622ca2e25dd9fdc4fe8c to remote] DEBUG org.asynchttpclient.netty.request.NettyRequestSender - Using open Channel [id: 0x51d1da52, L:/127.0.0.1:50102 - R:localhost/127.0.0.1:50078] for GET '/session/9f023918ccc7622ca2e25dd9fdc4fe8c/screenshot'
18:36:10.661 [AsyncHttpClient-1-6] DEBUG org.asynchttpclient.netty.handler.HttpHandler - 

Request DefaultFullHttpRequest(decodeResult: success, version: HTTP/1.1, content: EmptyByteBufBE)
GET /session/9f023918ccc7622ca2e25dd9fdc4fe8c/screenshot HTTP/1.1
User-Agent: selenium/4.1.4 (java windows)
Cache-Control: no-cache
Content-Type: application/json; charset=utf-8
host: localhost:50078
accept: */*

Response DefaultHttpResponse(decodeResult: success, version: HTTP/1.1)
HTTP/1.1 200 OK
Content-Type: application/json; charset=utf-8
cache-control: no-cache
content-length: 65972

18:36:10.661 [AsyncHttpClient-1-6] DEBUG org.asynchttpclient.netty.channel.ChannelManager - Adding key: http://localhost:50078 for channel [id: 0x51d1da52, L:/127.0.0.1:50102 - R:localhost/127.0.0.1:50078]
18:36:10.665 [main] DEBUG net.serenitybdd.core.photography.Darkroom - Send negative for processing for target\site\serenity\c9d6accf128a0a625ae89d9740f6aa9668cb3934b81e73c76b02a957b6e45533.png
18:36:10.665 [main] DEBUG net.thucydides.core.steps.StepInterceptor - STEP DONE: clickPerempuan
  &amp#27;[32mAnd &amp#27;[0m&amp#27;[32mI click button jenis kelamin perempuan&amp#27;[0m                                          &amp#27;[90m# starter.stepdefinitios.PatientDataSteps.iClickButtonJenisKelaminPerempuan()&amp#27;[0m
18:36:10.665 [Darkroom Processing Line] DEBUG net.serenitybdd.core.photography.DarkroomProcessingLine - Processing screenshot image in /var/screenshots/screenshot-16766545905897924896
18:36:10.665 [Darkroom Processing Line] DEBUG net.serenitybdd.core.photography.DarkroomProcessingLine - Saving screenshot to target\site\serenity\c9d6accf128a0a625ae89d9740f6aa9668cb3934b81e73c76b02a957b6e45533.png
18:36:10.689 [main] DEBUG net.thucydides.core.steps.StepInterceptor - STARTING STEP: PatientDataSteps.clickButtonSimpan - clickButtonSave
18:36:10.705 [Forwarding findElement on session 9f023918ccc7622ca2e25dd9fdc4fe8c to remote] DEBUG org.asynchttpclient.netty.request.NettyRequestSender - Using pooled Channel '[id: 0x51d1da52, L:/127.0.0.1:50102 - R:localhost/127.0.0.1:50078]' for 'POST' to 'http://localhost:50078/session/9f023918ccc7622ca2e25dd9fdc4fe8c/element'
18:36:10.705 [Forwarding findElement on session 9f023918ccc7622ca2e25dd9fdc4fe8c to remote] DEBUG org.asynchttpclient.netty.request.NettyRequestSender - Using open Channel [id: 0x51d1da52, L:/127.0.0.1:50102 - R:localhost/127.0.0.1:50078] for POST '/session/9f023918ccc7622ca2e25dd9fdc4fe8c/element'
18:36:10.729 [AsyncHttpClient-1-6] DEBUG org.asynchttpclient.netty.handler.HttpHandler - 

Request DefaultHttpRequest(decodeResult: success, version: HTTP/1.1)
POST /session/9f023918ccc7622ca2e25dd9fdc4fe8c/element HTTP/1.1
User-Agent: selenium/4.1.4 (java windows)
Content-Length: 68
Content-Type: application/json; charset=utf-8
host: localhost:50078
accept: */*

Response DefaultHttpResponse(decodeResult: success, version: HTTP/1.1)
HTTP/1.1 200 OK
Content-Type: application/json; charset=utf-8
cache-control: no-cache
content-length: 88

18:36:10.729 [AsyncHttpClient-1-6] DEBUG org.asynchttpclient.netty.channel.ChannelManager - Adding key: http://localhost:50078 for channel [id: 0x51d1da52, L:/127.0.0.1:50102 - R:localhost/127.0.0.1:50078]
18:36:10.731 [Forwarding getElementTagName on session 9f023918ccc7622ca2e25dd9fdc4fe8c to remote] DEBUG org.asynchttpclient.netty.request.NettyRequestSender - Using pooled Channel '[id: 0x51d1da52, L:/127.0.0.1:50102 - R:localhost/127.0.0.1:50078]' for 'GET' to 'http://localhost:50078/session/9f023918ccc7622ca2e25dd9fdc4fe8c/element/222986cf-d1b0-4470-913c-fbd5d3ad8e38/name'
18:36:10.731 [Forwarding getElementTagName on session 9f023918ccc7622ca2e25dd9fdc4fe8c to remote] DEBUG org.asynchttpclient.netty.request.NettyRequestSender - Using open Channel [id: 0x51d1da52, L:/127.0.0.1:50102 - R:localhost/127.0.0.1:50078] for GET '/session/9f023918ccc7622ca2e25dd9fdc4fe8c/element/222986cf-d1b0-4470-913c-fbd5d3ad8e38/name'
18:36:10.739 [AsyncHttpClient-1-6] DEBUG org.asynchttpclient.netty.handler.HttpHandler - 

Request DefaultFullHttpRequest(decodeResult: success, version: HTTP/1.1, content: EmptyByteBufBE)
GET /session/9f023918ccc7622ca2e25dd9fdc4fe8c/element/222986cf-d1b0-4470-913c-fbd5d3ad8e38/name HTTP/1.1
User-Agent: selenium/4.1.4 (java windows)
Cache-Control: no-cache
Content-Type: application/json; charset=utf-8
host: localhost:50078
accept: */*

Response DefaultHttpResponse(decodeResult: success, version: HTTP/1.1)
HTTP/1.1 200 OK
Content-Type: application/json; charset=utf-8
cache-control: no-cache
content-length: 18

18:36:10.739 [AsyncHttpClient-1-6] DEBUG org.asynchttpclient.netty.channel.ChannelManager - Adding key: http://localhost:50078 for channel [id: 0x51d1da52, L:/127.0.0.1:50102 - R:localhost/127.0.0.1:50078]
18:36:10.741 [Forwarding getElementTagName on session 9f023918ccc7622ca2e25dd9fdc4fe8c to remote] DEBUG org.asynchttpclient.netty.request.NettyRequestSender - Using pooled Channel '[id: 0x51d1da52, L:/127.0.0.1:50102 - R:localhost/127.0.0.1:50078]' for 'GET' to 'http://localhost:50078/session/9f023918ccc7622ca2e25dd9fdc4fe8c/element/222986cf-d1b0-4470-913c-fbd5d3ad8e38/name'
18:36:10.741 [Forwarding getElementTagName on session 9f023918ccc7622ca2e25dd9fdc4fe8c to remote] DEBUG org.asynchttpclient.netty.request.NettyRequestSender - Using open Channel [id: 0x51d1da52, L:/127.0.0.1:50102 - R:localhost/127.0.0.1:50078] for GET '/session/9f023918ccc7622ca2e25dd9fdc4fe8c/element/222986cf-d1b0-4470-913c-fbd5d3ad8e38/name'
18:36:10.747 [AsyncHttpClient-1-6] DEBUG org.asynchttpclient.netty.handler.HttpHandler - 

Request DefaultFullHttpRequest(decodeResult: success, version: HTTP/1.1, content: EmptyByteBufBE)
GET /session/9f023918ccc7622ca2e25dd9fdc4fe8c/element/222986cf-d1b0-4470-913c-fbd5d3ad8e38/name HTTP/1.1
User-Agent: selenium/4.1.4 (java windows)
Cache-Control: no-cache
Content-Type: application/json; charset=utf-8
host: localhost:50078
accept: */*

Response DefaultHttpResponse(decodeResult: success, version: HTTP/1.1)
HTTP/1.1 200 OK
Content-Type: application/json; charset=utf-8
cache-control: no-cache
content-length: 18

18:36:10.747 [AsyncHttpClient-1-6] DEBUG org.asynchttpclient.netty.channel.ChannelManager - Adding key: http://localhost:50078 for channel [id: 0x51d1da52, L:/127.0.0.1:50102 - R:localhost/127.0.0.1:50078]
18:36:10.754 [Forwarding isElementEnabled on session 9f023918ccc7622ca2e25dd9fdc4fe8c to remote] DEBUG org.asynchttpclient.netty.request.NettyRequestSender - Using pooled Channel '[id: 0x51d1da52, L:/127.0.0.1:50102 - R:localhost/127.0.0.1:50078]' for 'GET' to 'http://localhost:50078/session/9f023918ccc7622ca2e25dd9fdc4fe8c/element/222986cf-d1b0-4470-913c-fbd5d3ad8e38/enabled'
18:36:10.754 [Forwarding isElementEnabled on session 9f023918ccc7622ca2e25dd9fdc4fe8c to remote] DEBUG org.asynchttpclient.netty.request.NettyRequestSender - Using open Channel [id: 0x51d1da52, L:/127.0.0.1:50102 - R:localhost/127.0.0.1:50078] for GET '/session/9f023918ccc7622ca2e25dd9fdc4fe8c/element/222986cf-d1b0-4470-913c-fbd5d3ad8e38/enabled'
18:36:10.770 [AsyncHttpClient-1-6] DEBUG org.asynchttpclient.netty.handler.HttpHandler - 

Request DefaultFullHttpRequest(decodeResult: success, version: HTTP/1.1, content: EmptyByteBufBE)
GET /session/9f023918ccc7622ca2e25dd9fdc4fe8c/element/222986cf-d1b0-4470-913c-fbd5d3ad8e38/enabled HTTP/1.1
User-Agent: selenium/4.1.4 (java windows)
Cache-Control: no-cache
Content-Type: application/json; charset=utf-8
host: localhost:50078
accept: */*

Response DefaultHttpResponse(decodeResult: success, version: HTTP/1.1)
HTTP/1.1 200 OK
Content-Type: application/json; charset=utf-8
cache-control: no-cache
content-length: 14

18:36:10.770 [AsyncHttpClient-1-6] DEBUG org.asynchttpclient.netty.channel.ChannelManager - Adding key: http://localhost:50078 for channel [id: 0x51d1da52, L:/127.0.0.1:50102 - R:localhost/127.0.0.1:50078]
18:36:10.772 [Forwarding isElementEnabled on session 9f023918ccc7622ca2e25dd9fdc4fe8c to remote] DEBUG org.asynchttpclient.netty.request.NettyRequestSender - Using pooled Channel '[id: 0x51d1da52, L:/127.0.0.1:50102 - R:localhost/127.0.0.1:50078]' for 'GET' to 'http://localhost:50078/session/9f023918ccc7622ca2e25dd9fdc4fe8c/element/222986cf-d1b0-4470-913c-fbd5d3ad8e38/enabled'
18:36:10.772 [Forwarding isElementEnabled on session 9f023918ccc7622ca2e25dd9fdc4fe8c to remote] DEBUG org.asynchttpclient.netty.request.NettyRequestSender - Using open Channel [id: 0x51d1da52, L:/127.0.0.1:50102 - R:localhost/127.0.0.1:50078] for GET '/session/9f023918ccc7622ca2e25dd9fdc4fe8c/element/222986cf-d1b0-4470-913c-fbd5d3ad8e38/enabled'
18:36:10.782 [AsyncHttpClient-1-6] DEBUG org.asynchttpclient.netty.handler.HttpHandler - 

Request DefaultFullHttpRequest(decodeResult: success, version: HTTP/1.1, content: EmptyByteBufBE)
GET /session/9f023918ccc7622ca2e25dd9fdc4fe8c/element/222986cf-d1b0-4470-913c-fbd5d3ad8e38/enabled HTTP/1.1
User-Agent: selenium/4.1.4 (java windows)
Cache-Control: no-cache
Content-Type: application/json; charset=utf-8
host: localhost:50078
accept: */*

Response DefaultHttpResponse(decodeResult: success, version: HTTP/1.1)
HTTP/1.1 200 OK
Content-Type: application/json; charset=utf-8
cache-control: no-cache
content-length: 14

18:36:10.782 [AsyncHttpClient-1-6] DEBUG org.asynchttpclient.netty.channel.ChannelManager - Adding key: http://localhost:50078 for channel [id: 0x51d1da52, L:/127.0.0.1:50102 - R:localhost/127.0.0.1:50078]
18:36:10.786 [Forwarding findElement on session 9f023918ccc7622ca2e25dd9fdc4fe8c to remote] DEBUG org.asynchttpclient.netty.request.NettyRequestSender - Using pooled Channel '[id: 0x51d1da52, L:/127.0.0.1:50102 - R:localhost/127.0.0.1:50078]' for 'POST' to 'http://localhost:50078/session/9f023918ccc7622ca2e25dd9fdc4fe8c/element'
18:36:10.786 [Forwarding findElement on session 9f023918ccc7622ca2e25dd9fdc4fe8c to remote] DEBUG org.asynchttpclient.netty.request.NettyRequestSender - Using open Channel [id: 0x51d1da52, L:/127.0.0.1:50102 - R:localhost/127.0.0.1:50078] for POST '/session/9f023918ccc7622ca2e25dd9fdc4fe8c/element'
18:36:10.799 [AsyncHttpClient-1-6] DEBUG org.asynchttpclient.netty.handler.HttpHandler - 

Request DefaultHttpRequest(decodeResult: success, version: HTTP/1.1)
POST /session/9f023918ccc7622ca2e25dd9fdc4fe8c/element HTTP/1.1
User-Agent: selenium/4.1.4 (java windows)
Content-Length: 68
Content-Type: application/json; charset=utf-8
host: localhost:50078
accept: */*

Response DefaultHttpResponse(decodeResult: success, version: HTTP/1.1)
HTTP/1.1 200 OK
Content-Type: application/json; charset=utf-8
cache-control: no-cache
content-length: 88

18:36:10.799 [AsyncHttpClient-1-6] DEBUG org.asynchttpclient.netty.channel.ChannelManager - Adding key: http://localhost:50078 for channel [id: 0x51d1da52, L:/127.0.0.1:50102 - R:localhost/127.0.0.1:50078]
18:36:10.800 [Forwarding clickElement on session 9f023918ccc7622ca2e25dd9fdc4fe8c to remote] DEBUG org.asynchttpclient.netty.request.NettyRequestSender - Using pooled Channel '[id: 0x51d1da52, L:/127.0.0.1:50102 - R:localhost/127.0.0.1:50078]' for 'POST' to 'http://localhost:50078/session/9f023918ccc7622ca2e25dd9fdc4fe8c/element/222986cf-d1b0-4470-913c-fbd5d3ad8e38/click'
18:36:10.800 [Forwarding clickElement on session 9f023918ccc7622ca2e25dd9fdc4fe8c to remote] DEBUG org.asynchttpclient.netty.request.NettyRequestSender - Using open Channel [id: 0x51d1da52, L:/127.0.0.1:50102 - R:localhost/127.0.0.1:50078] for POST '/session/9f023918ccc7622ca2e25dd9fdc4fe8c/element/222986cf-d1b0-4470-913c-fbd5d3ad8e38/click'
18:36:10.949 [AsyncHttpClient-1-6] DEBUG org.asynchttpclient.netty.handler.HttpHandler - 

Request DefaultHttpRequest(decodeResult: success, version: HTTP/1.1)
POST /session/9f023918ccc7622ca2e25dd9fdc4fe8c/element/222986cf-d1b0-4470-913c-fbd5d3ad8e38/click HTTP/1.1
User-Agent: selenium/4.1.4 (java windows)
Content-Length: 50
Content-Type: application/json; charset=utf-8
host: localhost:50078
accept: */*

Response DefaultHttpResponse(decodeResult: success, version: HTTP/1.1)
HTTP/1.1 200 OK
Content-Type: application/json; charset=utf-8
cache-control: no-cache
content-length: 14

18:36:10.949 [AsyncHttpClient-1-6] DEBUG org.asynchttpclient.netty.channel.ChannelManager - Adding key: http://localhost:50078 for channel [id: 0x51d1da52, L:/127.0.0.1:50102 - R:localhost/127.0.0.1:50078]
18:36:10.957 [Forwarding screenshot on session 9f023918ccc7622ca2e25dd9fdc4fe8c to remote] DEBUG org.asynchttpclient.netty.request.NettyRequestSender - Using pooled Channel '[id: 0x51d1da52, L:/127.0.0.1:50102 - R:localhost/127.0.0.1:50078]' for 'GET' to 'http://localhost:50078/session/9f023918ccc7622ca2e25dd9fdc4fe8c/screenshot'
18:36:10.957 [Forwarding screenshot on session 9f023918ccc7622ca2e25dd9fdc4fe8c to remote] DEBUG org.asynchttpclient.netty.request.NettyRequestSender - Using open Channel [id: 0x51d1da52, L:/127.0.0.1:50102 - R:localhost/127.0.0.1:50078] for GET '/session/9f023918ccc7622ca2e25dd9fdc4fe8c/screenshot'
18:36:11.192 [AsyncHttpClient-1-6] DEBUG org.asynchttpclient.netty.handler.HttpHandler - 

Request DefaultFullHttpRequest(decodeResult: success, version: HTTP/1.1, content: EmptyByteBufBE)
GET /session/9f023918ccc7622ca2e25dd9fdc4fe8c/screenshot HTTP/1.1
User-Agent: selenium/4.1.4 (java windows)
Cache-Control: no-cache
Content-Type: application/json; charset=utf-8
host: localhost:50078
accept: */*

Response DefaultHttpResponse(decodeResult: success, version: HTTP/1.1)
HTTP/1.1 200 OK
Content-Type: application/json; charset=utf-8
cache-control: no-cache
content-length: 61332

18:36:11.192 [AsyncHttpClient-1-6] DEBUG org.asynchttpclient.netty.channel.ChannelManager - Adding key: http://localhost:50078 for channel [id: 0x51d1da52, L:/127.0.0.1:50102 - R:localhost/127.0.0.1:50078]
18:36:11.197 [main] DEBUG net.serenitybdd.core.photography.Darkroom - Send negative for processing for target\site\serenity\f7533a6c7a24a25826484ad0d95accdb8d0cdb93bfe24c3ccef06092efe2d6fc.png
18:36:11.197 [main] DEBUG net.thucydides.core.steps.StepInterceptor - STEP DONE: clickButtonSave
18:36:11.197 [Darkroom Processing Line] DEBUG net.serenitybdd.core.photography.DarkroomProcessingLine - Processing screenshot image in /var/screenshots/screenshot-1843351607743457921
18:36:11.197 [Darkroom Processing Line] DEBUG net.serenitybdd.core.photography.DarkroomProcessingLine - Saving screenshot to target\site\serenity\f7533a6c7a24a25826484ad0d95accdb8d0cdb93bfe24c3ccef06092efe2d6fc.png
18:36:11.236 [AsyncHttpClient-1-1] DEBUG org.asynchttpclient.netty.channel.DefaultChannelPool - Entry count for : http://localhost:50078 : 1
18:36:11.236 [AsyncHttpClient-1-1] DEBUG org.asynchttpclient.netty.channel.DefaultChannelPool - Entry count for : http://localhost:50103 : 1
  &amp#27;[32mAnd &amp#27;[0m&amp#27;[32mClick button simpan&amp#27;[0m                                                             &amp#27;[90m# starter.stepdefinitios.PatientDataSteps.clickButtonSimpan()&amp#27;[0m
18:36:12.206 [Forwarding screenshot on session 9f023918ccc7622ca2e25dd9fdc4fe8c to remote] DEBUG org.asynchttpclient.netty.request.NettyRequestSender - Using pooled Channel '[id: 0x51d1da52, L:/127.0.0.1:50102 - R:localhost/127.0.0.1:50078]' for 'GET' to 'http://localhost:50078/session/9f023918ccc7622ca2e25dd9fdc4fe8c/screenshot'
18:36:12.206 [Forwarding screenshot on session 9f023918ccc7622ca2e25dd9fdc4fe8c to remote] DEBUG org.asynchttpclient.netty.request.NettyRequestSender - Using open Channel [id: 0x51d1da52, L:/127.0.0.1:50102 - R:localhost/127.0.0.1:50078] for GET '/session/9f023918ccc7622ca2e25dd9fdc4fe8c/screenshot'
18:36:12.342 [AsyncHttpClient-1-1] DEBUG org.asynchttpclient.netty.channel.DefaultChannelPool - Entry count for : http://localhost:50103 : 1
18:36:12.358 [AsyncHttpClient-1-6] DEBUG org.asynchttpclient.netty.handler.HttpHandler - 

Request DefaultFullHttpRequest(decodeResult: success, version: HTTP/1.1, content: EmptyByteBufBE)
GET /session/9f023918ccc7622ca2e25dd9fdc4fe8c/screenshot HTTP/1.1
User-Agent: selenium/4.1.4 (java windows)
Cache-Control: no-cache
Content-Type: application/json; charset=utf-8
host: localhost:50078
accept: */*

Response DefaultHttpResponse(decodeResult: success, version: HTTP/1.1)
HTTP/1.1 200 OK
Content-Type: application/json; charset=utf-8
cache-control: no-cache
content-length: 61212

18:36:12.358 [AsyncHttpClient-1-6] DEBUG org.asynchttpclient.netty.channel.ChannelManager - Adding key: http://localhost:50078 for channel [id: 0x51d1da52, L:/127.0.0.1:50102 - R:localhost/127.0.0.1:50078]
18:36:12.359 [main] DEBUG net.serenitybdd.core.photography.Darkroom - Send negative for processing for target\site\serenity\8fad99628e82396dd8fcd26a23b2945bedcf36dae1085208f9f068abb1d62afa.png
18:36:12.359 [Darkroom Processing Line] DEBUG net.serenitybdd.core.photography.DarkroomProcessingLine - Processing screenshot image in /var/screenshots/screenshot-17752546438390756373
18:36:12.359 [Darkroom Processing Line] DEBUG net.serenitybdd.core.photography.DarkroomProcessingLine - Saving screenshot to target\site\serenity\8fad99628e82396dd8fcd26a23b2945bedcf36dae1085208f9f068abb1d62afa.png
18:36:13.369 [Forwarding screenshot on session 9f023918ccc7622ca2e25dd9fdc4fe8c to remote] DEBUG org.asynchttpclient.netty.request.NettyRequestSender - Using pooled Channel '[id: 0x51d1da52, L:/127.0.0.1:50102 - R:localhost/127.0.0.1:50078]' for 'GET' to 'http://localhost:50078/session/9f023918ccc7622ca2e25dd9fdc4fe8c/screenshot'
18:36:13.369 [Forwarding screenshot on session 9f023918ccc7622ca2e25dd9fdc4fe8c to remote] DEBUG org.asynchttpclient.netty.request.NettyRequestSender - Using open Channel [id: 0x51d1da52, L:/127.0.0.1:50102 - R:localhost/127.0.0.1:50078] for GET '/session/9f023918ccc7622ca2e25dd9fdc4fe8c/screenshot'
18:36:13.443 [AsyncHttpClient-1-1] DEBUG org.asynchttpclient.netty.channel.DefaultChannelPool - Entry count for : http://localhost:50103 : 1
18:36:13.537 [AsyncHttpClient-1-6] DEBUG org.asynchttpclient.netty.handler.HttpHandler - 

Request DefaultFullHttpRequest(decodeResult: success, version: HTTP/1.1, content: EmptyByteBufBE)
GET /session/9f023918ccc7622ca2e25dd9fdc4fe8c/screenshot HTTP/1.1
User-Agent: selenium/4.1.4 (java windows)
Cache-Control: no-cache
Content-Type: application/json; charset=utf-8
host: localhost:50078
accept: */*

Response DefaultHttpResponse(decodeResult: success, version: HTTP/1.1)
HTTP/1.1 200 OK
Content-Type: application/json; charset=utf-8
cache-control: no-cache
content-length: 61212

18:36:13.537 [AsyncHttpClient-1-6] DEBUG org.asynchttpclient.netty.channel.ChannelManager - Adding key: http://localhost:50078 for channel [id: 0x51d1da52, L:/127.0.0.1:50102 - R:localhost/127.0.0.1:50078]
18:36:13.541 [main] DEBUG net.serenitybdd.core.photography.Darkroom - Send negative for processing for target\site\serenity\8fad99628e82396dd8fcd26a23b2945bedcf36dae1085208f9f068abb1d62afa.png
18:36:13.541 [main] DEBUG net.thucydides.core.steps.StepInterceptor - STARTING STEP: PatientDataSteps.validateAddErrorMessengerPasien - validateTextMessegerDokter
18:36:13.545 [Forwarding findElement on session 9f023918ccc7622ca2e25dd9fdc4fe8c to remote] DEBUG org.asynchttpclient.netty.request.NettyRequestSender - Using pooled Channel '[id: 0x51d1da52, L:/127.0.0.1:50102 - R:localhost/127.0.0.1:50078]' for 'POST' to 'http://localhost:50078/session/9f023918ccc7622ca2e25dd9fdc4fe8c/element'
18:36:13.545 [Forwarding findElement on session 9f023918ccc7622ca2e25dd9fdc4fe8c to remote] DEBUG org.asynchttpclient.netty.request.NettyRequestSender - Using open Channel [id: 0x51d1da52, L:/127.0.0.1:50102 - R:localhost/127.0.0.1:50078] for POST '/session/9f023918ccc7622ca2e25dd9fdc4fe8c/element'
18:36:13.566 [AsyncHttpClient-1-6] DEBUG org.asynchttpclient.netty.handler.HttpHandler - 

Request DefaultHttpRequest(decodeResult: success, version: HTTP/1.1)
POST /session/9f023918ccc7622ca2e25dd9fdc4fe8c/element HTTP/1.1
User-Agent: selenium/4.1.4 (java windows)
Content-Length: 143
Content-Type: application/json; charset=utf-8
host: localhost:50078
accept: */*

Response DefaultHttpResponse(decodeResult: success, version: HTTP/1.1)
HTTP/1.1 200 OK
Content-Type: application/json; charset=utf-8
cache-control: no-cache
content-length: 88

18:36:13.566 [AsyncHttpClient-1-6] DEBUG org.asynchttpclient.netty.channel.ChannelManager - Adding key: http://localhost:50078 for channel [id: 0x51d1da52, L:/127.0.0.1:50102 - R:localhost/127.0.0.1:50078]
18:36:13.567 [Forwarding getElementText on session 9f023918ccc7622ca2e25dd9fdc4fe8c to remote] DEBUG org.asynchttpclient.netty.request.NettyRequestSender - Using pooled Channel '[id: 0x51d1da52, L:/127.0.0.1:50102 - R:localhost/127.0.0.1:50078]' for 'GET' to 'http://localhost:50078/session/9f023918ccc7622ca2e25dd9fdc4fe8c/element/0bd39c1b-3b52-4eda-8cf7-0427a9847740/text'
18:36:13.567 [Forwarding getElementText on session 9f023918ccc7622ca2e25dd9fdc4fe8c to remote] DEBUG org.asynchttpclient.netty.request.NettyRequestSender - Using open Channel [id: 0x51d1da52, L:/127.0.0.1:50102 - R:localhost/127.0.0.1:50078] for GET '/session/9f023918ccc7622ca2e25dd9fdc4fe8c/element/0bd39c1b-3b52-4eda-8cf7-0427a9847740/text'
18:36:13.629 [AsyncHttpClient-1-6] DEBUG org.asynchttpclient.netty.handler.HttpHandler - 

Request DefaultFullHttpRequest(decodeResult: success, version: HTTP/1.1, content: EmptyByteBufBE)
GET /session/9f023918ccc7622ca2e25dd9fdc4fe8c/element/0bd39c1b-3b52-4eda-8cf7-0427a9847740/text HTTP/1.1
User-Agent: selenium/4.1.4 (java windows)
Cache-Control: no-cache
Content-Type: application/json; charset=utf-8
host: localhost:50078
accept: */*

Response DefaultHttpResponse(decodeResult: success, version: HTTP/1.1)
HTTP/1.1 200 OK
Content-Type: application/json; charset=utf-8
cache-control: no-cache
content-length: 151

18:36:13.629 [AsyncHttpClient-1-6] DEBUG org.asynchttpclient.netty.channel.ChannelManager - Adding key: http://localhost:50078 for channel [id: 0x51d1da52, L:/127.0.0.1:50102 - R:localhost/127.0.0.1:50078]
18:36:13.631 [Forwarding screenshot on session 9f023918ccc7622ca2e25dd9fdc4fe8c to remote] DEBUG org.asynchttpclient.netty.request.NettyRequestSender - Using pooled Channel '[id: 0x51d1da52, L:/127.0.0.1:50102 - R:localhost/127.0.0.1:50078]' for 'GET' to 'http://localhost:50078/session/9f023918ccc7622ca2e25dd9fdc4fe8c/screenshot'
18:36:13.631 [Forwarding screenshot on session 9f023918ccc7622ca2e25dd9fdc4fe8c to remote] DEBUG org.asynchttpclient.netty.request.NettyRequestSender - Using open Channel [id: 0x51d1da52, L:/127.0.0.1:50102 - R:localhost/127.0.0.1:50078] for GET '/session/9f023918ccc7622ca2e25dd9fdc4fe8c/screenshot'
18:36:13.776 [AsyncHttpClient-1-6] DEBUG org.asynchttpclient.netty.handler.HttpHandler - 

Request DefaultFullHttpRequest(decodeResult: success, version: HTTP/1.1, content: EmptyByteBufBE)
GET /session/9f023918ccc7622ca2e25dd9fdc4fe8c/screenshot HTTP/1.1
User-Agent: selenium/4.1.4 (java windows)
Cache-Control: no-cache
Content-Type: application/json; charset=utf-8
host: localhost:50078
accept: */*

Response DefaultHttpResponse(decodeResult: success, version: HTTP/1.1)
HTTP/1.1 200 OK
Content-Type: application/json; charset=utf-8
cache-control: no-cache
content-length: 61212

18:36:13.776 [AsyncHttpClient-1-6] DEBUG org.asynchttpclient.netty.channel.ChannelManager - Adding key: http://localhost:50078 for channel [id: 0x51d1da52, L:/127.0.0.1:50102 - R:localhost/127.0.0.1:50078]
18:36:13.778 [main] DEBUG net.serenitybdd.core.photography.Darkroom - Send negative for processing for target\site\serenity\8fad99628e82396dd8fcd26a23b2945bedcf36dae1085208f9f068abb1d62afa.png
18:36:13.778 [main] DEBUG net.thucydides.core.steps.StepInterceptor - STEP DONE: validateTextMessegerDokter
  &amp#27;[32mAnd &amp#27;[0m&amp#27;[32mValidate add error messenger &amp#27;[0m&amp#27;[32m&amp#27;[1m"nomor telpon harus berupa angka"&amp#27;[0m&amp#27;[32m Pasien&amp#27;[0m           &amp#27;[90m# starter.stepdefinitios.PatientDataSteps.validateAddErrorMessengerPasien(java.lang.String)&amp#27;[0m
18:36:13.785 [AsyncHttpClient-1-8] DEBUG org.asynchttpclient.netty.handler.WebSocketHandler - Channel Closed: [id: 0x988250f3, L:/127.0.0.1:50110 ! R:localhost/127.0.0.1:50103] with attribute NettyResponseFuture{currentRetry=5,
	isDone=1,
	isCancelled=0,
	asyncHandler=org.asynchttpclient.ws.WebSocketUpgradeHandler@2fecf33c,
	nettyRequest=org.asynchttpclient.netty.request.NettyRequest@1fb369a0,
	future=java.util.concurrent.CompletableFuture@59f170a4[Completed normally],
	uri=ws://localhost:50103/devtools/browser/ce17219c-2fed-4ff1-9c61-6a402ce5b604,
	keepAlive=true,
	redirectCount=0,
	timeoutsHolder=null,
	inAuth=0,
	touch=1658057739557}
18:36:13.785 [Driver Command Executor] DEBUG org.asynchttpclient.netty.request.NettyRequestSender - Using pooled Channel '[id: 0x51d1da52, L:/127.0.0.1:50102 - R:localhost/127.0.0.1:50078]' for 'DELETE' to 'http://localhost:50078/session/9f023918ccc7622ca2e25dd9fdc4fe8c'
18:36:13.785 [Driver Command Executor] DEBUG org.asynchttpclient.netty.request.NettyRequestSender - Using open Channel [id: 0x51d1da52, L:/127.0.0.1:50102 - R:localhost/127.0.0.1:50078] for DELETE '/session/9f023918ccc7622ca2e25dd9fdc4fe8c'
18:36:13.785 [AsyncHttpClient-1-8] DEBUG org.asynchttpclient.netty.channel.ChannelManager - Closing Channel [id: 0x988250f3, L:/127.0.0.1:50110 ! R:localhost/127.0.0.1:50103] 
18:36:13.825 [AsyncHttpClient-1-7] DEBUG org.asynchttpclient.netty.handler.HttpHandler - Unexpected I/O exception on channel [id: 0xa0de6ccc, L:/127.0.0.1:50109 - R:localhost/127.0.0.1:50103]
java.io.IOException: An existing connection was forcibly closed by the remote host
	at java.base/sun.nio.ch.SocketDispatcher.read0(Native Method)
	at java.base/sun.nio.ch.SocketDispatcher.read(SocketDispatcher.java:43)
	at java.base/sun.nio.ch.IOUtil.readIntoNativeBuffer(IOUtil.java:276)
	at java.base/sun.nio.ch.IOUtil.read(IOUtil.java:233)
	at java.base/sun.nio.ch.IOUtil.read(IOUtil.java:223)
	at java.base/sun.nio.ch.SocketChannelImpl.read(SocketChannelImpl.java:356)
	at io.netty.buffer.PooledByteBuf.setBytes(PooledByteBuf.java:258)
	at io.netty.buffer.AbstractByteBuf.writeBytes(AbstractByteBuf.java:1132)
	at io.netty.buffer.WrappedByteBuf.writeBytes(WrappedByteBuf.java:821)
	at io.netty.channel.socket.nio.NioSocketChannel.doReadBytes(NioSocketChannel.java:357)
	at io.netty.channel.nio.AbstractNioByteChannel$NioByteUnsafe.read(AbstractNioByteChannel.java:151)
	at io.netty.channel.nio.NioEventLoop.processSelectedKey(NioEventLoop.java:722)
	at io.netty.channel.nio.NioEventLoop.processSelectedKeysOptimized(NioEventLoop.java:658)
	at io.netty.channel.nio.NioEventLoop.processSelectedKeys(NioEventLoop.java:584)
	at io.netty.channel.nio.NioEventLoop.run(NioEventLoop.java:496)
	at io.netty.util.concurrent.SingleThreadEventExecutor$4.run(SingleThreadEventExecutor.java:986)
	at io.netty.util.internal.ThreadExecutorMap$2.run(ThreadExecutorMap.java:74)
	at io.netty.util.concurrent.FastThreadLocalRunnable.run(FastThreadLocalRunnable.java:30)
	at java.base/java.lang.Thread.run(Thread.java:829)
18:36:13.826 [AsyncHttpClient-1-7] DEBUG org.asynchttpclient.netty.channel.ChannelManager - Closing Channel [id: 0xa0de6ccc, L:/127.0.0.1:50109 - R:localhost/127.0.0.1:50103] 
18:36:13.826 [AsyncHttpClient-1-7] DEBUG org.asynchttpclient.netty.handler.HttpHandler - Channel Closed: [id: 0xa0de6ccc, L:/127.0.0.1:50109 ! R:localhost/127.0.0.1:50103] with attribute DISCARD
18:36:13.880 [AsyncHttpClient-1-6] DEBUG org.asynchttpclient.netty.handler.HttpHandler - 

Request DefaultFullHttpRequest(decodeResult: success, version: HTTP/1.1, content: EmptyByteBufBE)
DELETE /session/9f023918ccc7622ca2e25dd9fdc4fe8c HTTP/1.1
User-Agent: selenium/4.1.4 (java windows)
Content-Type: application/json; charset=utf-8
host: localhost:50078
accept: */*

Response DefaultHttpResponse(decodeResult: success, version: HTTP/1.1)
HTTP/1.1 200 OK
Content-Type: application/json; charset=utf-8
cache-control: no-cache
content-length: 14

18:36:13.880 [AsyncHttpClient-1-6] DEBUG org.asynchttpclient.netty.channel.ChannelManager - Adding key: http://localhost:50078 for channel [id: 0x51d1da52, L:/127.0.0.1:50102 - R:localhost/127.0.0.1:50078]
18:36:13.941 [AsyncHttpClient-1-6] DEBUG org.asynchttpclient.netty.handler.HttpHandler - Channel Closed: [id: 0x51d1da52, L:/127.0.0.1:50102 ! R:localhost/127.0.0.1:50078] with attribute DISCARD
]]></system-out>
    <system-err><![CDATA[Starting ChromeDriver 103.0.5060.53 (a1711811edd74ff1cf2150f36ffa3b0dae40b17f-refs/branch-heads/5060@{#853}) on port 50078
Only local connections are allowed.
Please see https://chromedriver.chromium.org/security-considerations for suggestions on keeping ChromeDriver safe.
ChromeDriver was started successfully.
Jul 17, 2022 6:35:39 PM org.openqa.selenium.remote.ProtocolHandshake createSession
INFO: Detected dialect: W3C
Jul 17, 2022 6:35:39 PM org.openqa.selenium.devtools.CdpVersionFinder findNearestMatch
WARNING: Unable to find an exact match for CDP version 103, so returning the closest version found: 101
Jul 17, 2022 6:35:39 PM org.openqa.selenium.devtools.CdpVersionFinder findNearestMatch
INFO: Found CDP implementation for version 103 of 101
]]></system-err>
  </testcase>
  <testcase name="As a admin i want to delete data pasien - No" classname="Data Pasien - Admin" time="31.016">
    <system-out><![CDATA[
@DataPasien111 @NoDeletePatientData
Scenario Outline: As a admin i want to delete data pasien - No &amp#27;[90m# src/test/resources/features/4DataPasien.feature:162&amp#27;[0m
18:36:13.963 [main] INFO io.cucumber.core.plugin.SerenityReporter - Running feature from file:///C:/Alterra/CapstoneBaru/QE/TestingWebUpdate/src/test/resources/features/4DataPasien.feature
18:36:13.965 [main] INFO  - 
  _____   ___   ___   _____     ___   _____     _     ___   _____   ___   ___  
 |_   _| | __| / __| |_   _|   / __| |_   _|   /_\   | _ \ |_   _| | __| |   \ 
   | |   | _|  \__ \   | |     \__ \   | |    / _ \  |   /   | |   | _|  | |) |
   |_|   |___| |___/   |_|     |___/   |_|   /_/ \_\ |_|_\   |_|   |___| |___/ 

As a admin i want to delete data pasien - No(data-pasien---admin;as-a-admin-i-want-to-delete-data-pasien---no)
--------------------------------------------------------------------------------
18:36:13.995 [main] DEBUG net.thucydides.core.steps.StepInterceptor - STARTING STEP: LoginSteps.openLoginPage - openLogin
18:36:13.997 [main] INFO net.serenitybdd.core.webdriver.driverproviders.ChromeDriverProvider - Using automatically driver download
18:36:14.119 [main] DEBUG io.github.bonigarcia.wdm.cache.ResolutionCache - Resolution chrome=103 in cache (valid until 18:54:33 17/07/2022 ICT)
18:36:14.125 [main] DEBUG io.github.bonigarcia.wdm.cache.ResolutionCache - Resolution chrome103=103.0.5060.53 in cache (valid until 17:54:33 18/07/2022 ICT)
18:36:14.127 [main] INFO io.github.bonigarcia.wdm.WebDriverManager - Using chromedriver 103.0.5060.53 (resolved driver for Chrome 103)
18:36:14.136 [main] DEBUG io.github.bonigarcia.wdm.WebDriverManager - Driver chromedriver 103.0.5060.53 found in cache
18:36:14.137 [main] INFO io.github.bonigarcia.wdm.WebDriverManager - Exporting webdriver.chrome.driver as C:\Users\Bagas Dwi Saputra\.cache\selenium\chromedriver\win32\103.0.5060.53\chromedriver.exe
18:36:14.285 [main] DEBUG net.serenitybdd.core.webdriver.driverproviders.ProvideNewDriver - Instantiating driver
18:36:14.285 [main] DEBUG net.serenitybdd.core.webdriver.driverproviders.ProvideNewDriver - Driver capabilities: Capabilities {acceptInsecureCerts: false, base.url: https://fanciful-trifle-360..., browserName: chrome, chorme.driver: src/test/resources/webdrive..., driver: chrome, goog:chromeOptions: {args: [], extensions: []}}
18:36:14.368 [AsyncHttpClient-1-9] DEBUG org.asynchttpclient.netty.channel.NettyConnectListener - Using new Channel '[id: 0xb676d290, L:/127.0.0.1:50127 - R:localhost/127.0.0.1:49790]' for 'POST' to '/session'
18:36:14.536 [AsyncHttpClient-1-1] DEBUG org.asynchttpclient.netty.channel.DefaultChannelPool - Entry count for : http://localhost:50078 : 1
18:36:14.536 [AsyncHttpClient-1-1] DEBUG org.asynchttpclient.netty.channel.DefaultChannelPool - Entry count for : http://localhost:50103 : 1
18:36:14.536 [AsyncHttpClient-1-1] DEBUG org.asynchttpclient.netty.channel.DefaultChannelPool - Adding Candidate expired Channel [id: 0x51d1da52, L:/127.0.0.1:50102 ! R:localhost/127.0.0.1:50078] isIdleTimeoutExpired=false isRemotelyClosed=true isTtlExpired=false
18:36:14.536 [AsyncHttpClient-1-1] DEBUG org.asynchttpclient.netty.channel.DefaultChannelPool - Closing Idle Channel [id: 0x51d1da52, L:/127.0.0.1:50102 ! R:localhost/127.0.0.1:50078]
18:36:14.537 [AsyncHttpClient-1-1] DEBUG org.asynchttpclient.netty.channel.DefaultChannelPool - Adding Candidate expired Channel [id: 0xa0de6ccc, L:/127.0.0.1:50109 ! R:localhost/127.0.0.1:50103] isIdleTimeoutExpired=false isRemotelyClosed=true isTtlExpired=false
18:36:14.537 [AsyncHttpClient-1-1] DEBUG org.asynchttpclient.netty.channel.DefaultChannelPool - Closing Idle Channel [id: 0xa0de6ccc, L:/127.0.0.1:50109 ! R:localhost/127.0.0.1:50103]
18:36:14.537 [AsyncHttpClient-1-1] DEBUG org.asynchttpclient.netty.channel.DefaultChannelPool - Closed 2 connections out of 2 in 1 ms
18:36:15.761 [AsyncHttpClient-1-9] DEBUG org.asynchttpclient.netty.handler.HttpHandler - 

Request DefaultHttpRequest(decodeResult: success, version: HTTP/1.1)
POST /session HTTP/1.1
User-Agent: selenium/4.1.4 (java windows)
Content-Length: 629
Content-Type: application/json; charset=utf-8
host: localhost:49790
accept: */*

Response DefaultHttpResponse(decodeResult: success, version: HTTP/1.1)
HTTP/1.1 200 OK
Content-Type: application/json; charset=utf-8
cache-control: no-cache
content-length: 794

18:36:15.761 [AsyncHttpClient-1-9] DEBUG org.asynchttpclient.netty.channel.ChannelManager - Adding key: http://localhost:49790 for channel [id: 0xb676d290, L:/127.0.0.1:50127 - R:localhost/127.0.0.1:49790]
18:36:15.766 [AsyncHttpClient-1-2] DEBUG org.asynchttpclient.netty.channel.NettyConnectListener - Using new Channel '[id: 0x6e7089de, L:/127.0.0.1:50134 - R:localhost/127.0.0.1:50128]' for 'GET' to '/json/version'
18:36:15.766 [AsyncHttpClient-1-2] DEBUG org.asynchttpclient.netty.handler.HttpHandler - 

Request DefaultFullHttpRequest(decodeResult: success, version: HTTP/1.1, content: EmptyByteBufBE)
GET /json/version HTTP/1.1
User-Agent: selenium/4.1.4 (java windows)
host: localhost:50128
accept: */*

Response DefaultHttpResponse(decodeResult: success, version: HTTP/1.1)
HTTP/1.1 200 OK
Content-Type: application/json; charset=UTF-8
content-length: 429

18:36:15.766 [AsyncHttpClient-1-2] DEBUG org.asynchttpclient.netty.channel.ChannelManager - Adding key: http://localhost:50128 for channel [id: 0x6e7089de, L:/127.0.0.1:50134 - R:localhost/127.0.0.1:50128]
18:36:15.769 [AsyncHttpClient-1-3] DEBUG org.asynchttpclient.netty.channel.NettyConnectListener - Using new Channel '[id: 0xc37ed477, L:/127.0.0.1:50135 - R:localhost/127.0.0.1:50128]' for 'GET' to '/devtools/browser/b11e10ba-bebc-4d73-9b4b-4bacb743691b'
18:36:15.769 [AsyncHttpClient-1-3] DEBUG org.asynchttpclient.netty.handler.WebSocketHandler - 

Request DefaultFullHttpRequest(decodeResult: success, version: HTTP/1.1, content: EmptyByteBufBE)
GET /devtools/browser/b11e10ba-bebc-4d73-9b4b-4bacb743691b HTTP/1.1
upgrade: websocket
connection: upgrade
sec-websocket-key: nBJvMlDgkAhd2pFCMGLziA==
sec-websocket-version: 13
origin: http://localhost:50128
host: localhost:50128
accept: */*
user-agent: AHC/2.1

Response DefaultHttpResponse(decodeResult: success, version: HTTP/1.1)
HTTP/1.1 101 WebSocket Protocol Handshake
Upgrade: WebSocket
Connection: Upgrade
Sec-WebSocket-Accept: OgrxxtOiDeeJ6rLDAfDLG7BxTtw=

18:36:15.772 [Forwarding get on session 67d5567c917277c62ba474aee5738c38 to remote] DEBUG org.asynchttpclient.netty.request.NettyRequestSender - Using pooled Channel '[id: 0xb676d290, L:/127.0.0.1:50127 - R:localhost/127.0.0.1:49790]' for 'POST' to 'http://localhost:49790/session/67d5567c917277c62ba474aee5738c38/url'
18:36:15.772 [Forwarding get on session 67d5567c917277c62ba474aee5738c38 to remote] DEBUG org.asynchttpclient.netty.request.NettyRequestSender - Using open Channel [id: 0xb676d290, L:/127.0.0.1:50127 - R:localhost/127.0.0.1:49790] for POST '/session/67d5567c917277c62ba474aee5738c38/url'
18:36:16.633 [AsyncHttpClient-1-9] DEBUG org.asynchttpclient.netty.handler.HttpHandler - 

Request DefaultHttpRequest(decodeResult: success, version: HTTP/1.1)
POST /session/67d5567c917277c62ba474aee5738c38/url HTTP/1.1
User-Agent: selenium/4.1.4 (java windows)
Content-Length: 78
Content-Type: application/json; charset=utf-8
host: localhost:49790
accept: */*

Response DefaultHttpResponse(decodeResult: success, version: HTTP/1.1)
HTTP/1.1 200 OK
Content-Type: application/json; charset=utf-8
cache-control: no-cache
content-length: 14

18:36:16.633 [AsyncHttpClient-1-9] DEBUG org.asynchttpclient.netty.channel.ChannelManager - Adding key: http://localhost:49790 for channel [id: 0xb676d290, L:/127.0.0.1:50127 - R:localhost/127.0.0.1:49790]
18:36:16.634 [Forwarding setTimeout on session 67d5567c917277c62ba474aee5738c38 to remote] DEBUG org.asynchttpclient.netty.request.NettyRequestSender - Using pooled Channel '[id: 0xb676d290, L:/127.0.0.1:50127 - R:localhost/127.0.0.1:49790]' for 'POST' to 'http://localhost:49790/session/67d5567c917277c62ba474aee5738c38/timeouts'
18:36:16.634 [Forwarding setTimeout on session 67d5567c917277c62ba474aee5738c38 to remote] DEBUG org.asynchttpclient.netty.request.NettyRequestSender - Using open Channel [id: 0xb676d290, L:/127.0.0.1:50127 - R:localhost/127.0.0.1:49790] for POST '/session/67d5567c917277c62ba474aee5738c38/timeouts'
18:36:16.635 [AsyncHttpClient-1-9] DEBUG org.asynchttpclient.netty.handler.HttpHandler - 

Request DefaultHttpRequest(decodeResult: success, version: HTTP/1.1)
POST /session/67d5567c917277c62ba474aee5738c38/timeouts HTTP/1.1
User-Agent: selenium/4.1.4 (java windows)
Content-Length: 22
Content-Type: application/json; charset=utf-8
host: localhost:49790
accept: */*

Response DefaultHttpResponse(decodeResult: success, version: HTTP/1.1)
HTTP/1.1 200 OK
Content-Type: application/json; charset=utf-8
cache-control: no-cache
content-length: 14

18:36:16.635 [AsyncHttpClient-1-9] DEBUG org.asynchttpclient.netty.channel.ChannelManager - Adding key: http://localhost:49790 for channel [id: 0xb676d290, L:/127.0.0.1:50127 - R:localhost/127.0.0.1:49790]
18:36:16.636 [Forwarding getCurrentUrl on session 67d5567c917277c62ba474aee5738c38 to remote] DEBUG org.asynchttpclient.netty.request.NettyRequestSender - Using pooled Channel '[id: 0xb676d290, L:/127.0.0.1:50127 - R:localhost/127.0.0.1:49790]' for 'GET' to 'http://localhost:49790/session/67d5567c917277c62ba474aee5738c38/url'
18:36:16.636 [Forwarding getCurrentUrl on session 67d5567c917277c62ba474aee5738c38 to remote] DEBUG org.asynchttpclient.netty.request.NettyRequestSender - Using open Channel [id: 0xb676d290, L:/127.0.0.1:50127 - R:localhost/127.0.0.1:49790] for GET '/session/67d5567c917277c62ba474aee5738c38/url'
18:36:16.643 [AsyncHttpClient-1-9] DEBUG org.asynchttpclient.netty.handler.HttpHandler - 

Request DefaultFullHttpRequest(decodeResult: success, version: HTTP/1.1, content: EmptyByteBufBE)
GET /session/67d5567c917277c62ba474aee5738c38/url HTTP/1.1
User-Agent: selenium/4.1.4 (java windows)
Cache-Control: no-cache
Content-Type: application/json; charset=utf-8
host: localhost:49790
accept: */*

Response DefaultHttpResponse(decodeResult: success, version: HTTP/1.1)
HTTP/1.1 200 OK
Content-Type: application/json; charset=utf-8
cache-control: no-cache
content-length: 60

18:36:16.643 [AsyncHttpClient-1-9] DEBUG org.asynchttpclient.netty.channel.ChannelManager - Adding key: http://localhost:49790 for channel [id: 0xb676d290, L:/127.0.0.1:50127 - R:localhost/127.0.0.1:49790]
18:36:16.648 [Forwarding screenshot on session 67d5567c917277c62ba474aee5738c38 to remote] DEBUG org.asynchttpclient.netty.request.NettyRequestSender - Using pooled Channel '[id: 0xb676d290, L:/127.0.0.1:50127 - R:localhost/127.0.0.1:49790]' for 'GET' to 'http://localhost:49790/session/67d5567c917277c62ba474aee5738c38/screenshot'
18:36:16.648 [Forwarding screenshot on session 67d5567c917277c62ba474aee5738c38 to remote] DEBUG org.asynchttpclient.netty.request.NettyRequestSender - Using open Channel [id: 0xb676d290, L:/127.0.0.1:50127 - R:localhost/127.0.0.1:49790] for GET '/session/67d5567c917277c62ba474aee5738c38/screenshot'
18:36:16.745 [AsyncHttpClient-1-1] DEBUG org.asynchttpclient.netty.channel.DefaultChannelPool - Entry count for : http://localhost:50128 : 1
18:36:16.947 [AsyncHttpClient-1-9] DEBUG org.asynchttpclient.netty.handler.HttpHandler - 

Request DefaultFullHttpRequest(decodeResult: success, version: HTTP/1.1, content: EmptyByteBufBE)
GET /session/67d5567c917277c62ba474aee5738c38/screenshot HTTP/1.1
User-Agent: selenium/4.1.4 (java windows)
Cache-Control: no-cache
Content-Type: application/json; charset=utf-8
host: localhost:49790
accept: */*

Response DefaultHttpResponse(decodeResult: success, version: HTTP/1.1)
HTTP/1.1 200 OK
Content-Type: application/json; charset=utf-8
cache-control: no-cache
content-length: 380436

18:36:16.948 [AsyncHttpClient-1-9] DEBUG org.asynchttpclient.netty.channel.ChannelManager - Adding key: http://localhost:49790 for channel [id: 0xb676d290, L:/127.0.0.1:50127 - R:localhost/127.0.0.1:49790]
18:36:16.948 [main] DEBUG net.serenitybdd.core.photography.Darkroom - Send negative for processing for target\site\serenity\d122c364c40ece9db0ad32cd97c3fcf63e95ba606118dda8d3e5a1d2b8235ce2.png
18:36:16.948 [main] DEBUG net.thucydides.core.steps.StepInterceptor - STEP DONE: openLogin
  &amp#27;[32mGiven &amp#27;[0m&amp#27;[32mOpen login page&amp#27;[0m                                        &amp#27;[90m# starter.stepdefinitios.LoginSteps.openLoginPage()&amp#27;[0m
18:36:17.474 [Forwarding findElement on session 67d5567c917277c62ba474aee5738c38 to remote] DEBUG org.asynchttpclient.netty.request.NettyRequestSender - Using pooled Channel '[id: 0xb676d290, L:/127.0.0.1:50127 - R:localhost/127.0.0.1:49790]' for 'POST' to 'http://localhost:49790/session/67d5567c917277c62ba474aee5738c38/element'
18:36:17.474 [Forwarding findElement on session 67d5567c917277c62ba474aee5738c38 to remote] DEBUG org.asynchttpclient.netty.request.NettyRequestSender - Using open Channel [id: 0xb676d290, L:/127.0.0.1:50127 - R:localhost/127.0.0.1:49790] for POST '/session/67d5567c917277c62ba474aee5738c38/element'
18:36:17.493 [AsyncHttpClient-1-9] DEBUG org.asynchttpclient.netty.handler.HttpHandler - 

Request DefaultHttpRequest(decodeResult: success, version: HTTP/1.1)
POST /session/67d5567c917277c62ba474aee5738c38/element HTTP/1.1
User-Agent: selenium/4.1.4 (java windows)
Content-Length: 70
Content-Type: application/json; charset=utf-8
host: localhost:49790
accept: */*

Response DefaultHttpResponse(decodeResult: success, version: HTTP/1.1)
HTTP/1.1 200 OK
Content-Type: application/json; charset=utf-8
cache-control: no-cache
content-length: 88

18:36:17.493 [AsyncHttpClient-1-9] DEBUG org.asynchttpclient.netty.channel.ChannelManager - Adding key: http://localhost:49790 for channel [id: 0xb676d290, L:/127.0.0.1:50127 - R:localhost/127.0.0.1:49790]
18:36:17.494 [Forwarding sendKeysToElement on session 67d5567c917277c62ba474aee5738c38 to remote] DEBUG org.asynchttpclient.netty.request.NettyRequestSender - Using pooled Channel '[id: 0xb676d290, L:/127.0.0.1:50127 - R:localhost/127.0.0.1:49790]' for 'POST' to 'http://localhost:49790/session/67d5567c917277c62ba474aee5738c38/element/6e20a3c2-2cf6-4067-af0e-e5849d26ba69/value'
18:36:17.494 [Forwarding sendKeysToElement on session 67d5567c917277c62ba474aee5738c38 to remote] DEBUG org.asynchttpclient.netty.request.NettyRequestSender - Using open Channel [id: 0xb676d290, L:/127.0.0.1:50127 - R:localhost/127.0.0.1:49790] for POST '/session/67d5567c917277c62ba474aee5738c38/element/6e20a3c2-2cf6-4067-af0e-e5849d26ba69/value'
18:36:17.574 [AsyncHttpClient-1-9] DEBUG org.asynchttpclient.netty.handler.HttpHandler - 

Request DefaultHttpRequest(decodeResult: success, version: HTTP/1.1)
POST /session/67d5567c917277c62ba474aee5738c38/element/6e20a3c2-2cf6-4067-af0e-e5849d26ba69/value HTTP/1.1
User-Agent: selenium/4.1.4 (java windows)
Content-Length: 131
Content-Type: application/json; charset=utf-8
host: localhost:49790
accept: */*

Response DefaultHttpResponse(decodeResult: success, version: HTTP/1.1)
HTTP/1.1 200 OK
Content-Type: application/json; charset=utf-8
cache-control: no-cache
content-length: 14

18:36:17.574 [AsyncHttpClient-1-9] DEBUG org.asynchttpclient.netty.channel.ChannelManager - Adding key: http://localhost:49790 for channel [id: 0xb676d290, L:/127.0.0.1:50127 - R:localhost/127.0.0.1:49790]
  &amp#27;[32mAnd &amp#27;[0m&amp#27;[32mI input &amp#27;[0m&amp#27;[32m&amp#27;[1m"admin"&amp#27;[0m&amp#27;[32m login email valid&amp#27;[0m                        &amp#27;[90m# starter.stepdefinitios.LoginSteps.iInputLoginEmailValid(java.lang.String)&amp#27;[0m
18:36:17.578 [Forwarding screenshot on session 67d5567c917277c62ba474aee5738c38 to remote] DEBUG org.asynchttpclient.netty.request.NettyRequestSender - Using pooled Channel '[id: 0xb676d290, L:/127.0.0.1:50127 - R:localhost/127.0.0.1:49790]' for 'GET' to 'http://localhost:49790/session/67d5567c917277c62ba474aee5738c38/screenshot'
18:36:17.578 [Forwarding screenshot on session 67d5567c917277c62ba474aee5738c38 to remote] DEBUG org.asynchttpclient.netty.request.NettyRequestSender - Using open Channel [id: 0xb676d290, L:/127.0.0.1:50127 - R:localhost/127.0.0.1:49790] for GET '/session/67d5567c917277c62ba474aee5738c38/screenshot'
18:36:17.815 [AsyncHttpClient-1-9] DEBUG org.asynchttpclient.netty.handler.HttpHandler - 

Request DefaultFullHttpRequest(decodeResult: success, version: HTTP/1.1, content: EmptyByteBufBE)
GET /session/67d5567c917277c62ba474aee5738c38/screenshot HTTP/1.1
User-Agent: selenium/4.1.4 (java windows)
Cache-Control: no-cache
Content-Type: application/json; charset=utf-8
host: localhost:49790
accept: */*

Response DefaultHttpResponse(decodeResult: success, version: HTTP/1.1)
HTTP/1.1 200 OK
Content-Type: application/json; charset=utf-8
cache-control: no-cache
content-length: 379420

18:36:17.815 [AsyncHttpClient-1-9] DEBUG org.asynchttpclient.netty.channel.ChannelManager - Adding key: http://localhost:49790 for channel [id: 0xb676d290, L:/127.0.0.1:50127 - R:localhost/127.0.0.1:49790]
18:36:17.831 [main] DEBUG net.serenitybdd.core.photography.Darkroom - Send negative for processing for target\site\serenity\93df20195d3751dea78ac30a105f84d37c410e0341f58ded6fb231b5b47402e6.png
18:36:17.852 [AsyncHttpClient-1-1] DEBUG org.asynchttpclient.netty.channel.DefaultChannelPool - Entry count for : http://localhost:49790 : 1
18:36:17.852 [AsyncHttpClient-1-1] DEBUG org.asynchttpclient.netty.channel.DefaultChannelPool - Entry count for : http://localhost:50128 : 1
18:36:18.358 [Forwarding screenshot on session 67d5567c917277c62ba474aee5738c38 to remote] DEBUG org.asynchttpclient.netty.request.NettyRequestSender - Using pooled Channel '[id: 0xb676d290, L:/127.0.0.1:50127 - R:localhost/127.0.0.1:49790]' for 'GET' to 'http://localhost:49790/session/67d5567c917277c62ba474aee5738c38/screenshot'
18:36:18.358 [Forwarding screenshot on session 67d5567c917277c62ba474aee5738c38 to remote] DEBUG org.asynchttpclient.netty.request.NettyRequestSender - Using open Channel [id: 0xb676d290, L:/127.0.0.1:50127 - R:localhost/127.0.0.1:49790] for GET '/session/67d5567c917277c62ba474aee5738c38/screenshot'
18:36:18.561 [AsyncHttpClient-1-9] DEBUG org.asynchttpclient.netty.handler.HttpHandler - 

Request DefaultFullHttpRequest(decodeResult: success, version: HTTP/1.1, content: EmptyByteBufBE)
GET /session/67d5567c917277c62ba474aee5738c38/screenshot HTTP/1.1
User-Agent: selenium/4.1.4 (java windows)
Cache-Control: no-cache
Content-Type: application/json; charset=utf-8
host: localhost:49790
accept: */*

Response DefaultHttpResponse(decodeResult: success, version: HTTP/1.1)
HTTP/1.1 200 OK
Content-Type: application/json; charset=utf-8
cache-control: no-cache
content-length: 379404

18:36:18.564 [AsyncHttpClient-1-9] DEBUG org.asynchttpclient.netty.channel.ChannelManager - Adding key: http://localhost:49790 for channel [id: 0xb676d290, L:/127.0.0.1:50127 - R:localhost/127.0.0.1:49790]
18:36:18.570 [main] DEBUG net.serenitybdd.core.photography.Darkroom - Send negative for processing for target\site\serenity\f684e1524ced0278b0b6c6b37709a7cbfb8281aeb576b04a4743fda17448b798.png
18:36:18.574 [main] DEBUG net.thucydides.core.steps.StepInterceptor - STARTING STEP: LoginSteps.iInputLoginPasswordValid - inputPasswordLogin
18:36:18.576 [Forwarding findElement on session 67d5567c917277c62ba474aee5738c38 to remote] DEBUG org.asynchttpclient.netty.request.NettyRequestSender - Using pooled Channel '[id: 0xb676d290, L:/127.0.0.1:50127 - R:localhost/127.0.0.1:49790]' for 'POST' to 'http://localhost:49790/session/67d5567c917277c62ba474aee5738c38/element'
18:36:18.576 [Forwarding findElement on session 67d5567c917277c62ba474aee5738c38 to remote] DEBUG org.asynchttpclient.netty.request.NettyRequestSender - Using open Channel [id: 0xb676d290, L:/127.0.0.1:50127 - R:localhost/127.0.0.1:49790] for POST '/session/67d5567c917277c62ba474aee5738c38/element'
18:36:18.588 [AsyncHttpClient-1-9] DEBUG org.asynchttpclient.netty.handler.HttpHandler - 

Request DefaultHttpRequest(decodeResult: success, version: HTTP/1.1)
POST /session/67d5567c917277c62ba474aee5738c38/element HTTP/1.1
User-Agent: selenium/4.1.4 (java windows)
Content-Length: 70
Content-Type: application/json; charset=utf-8
host: localhost:49790
accept: */*

Response DefaultHttpResponse(decodeResult: success, version: HTTP/1.1)
HTTP/1.1 200 OK
Content-Type: application/json; charset=utf-8
cache-control: no-cache
content-length: 88

18:36:18.588 [AsyncHttpClient-1-9] DEBUG org.asynchttpclient.netty.channel.ChannelManager - Adding key: http://localhost:49790 for channel [id: 0xb676d290, L:/127.0.0.1:50127 - R:localhost/127.0.0.1:49790]
18:36:18.589 [Forwarding sendKeysToElement on session 67d5567c917277c62ba474aee5738c38 to remote] DEBUG org.asynchttpclient.netty.request.NettyRequestSender - Using pooled Channel '[id: 0xb676d290, L:/127.0.0.1:50127 - R:localhost/127.0.0.1:49790]' for 'POST' to 'http://localhost:49790/session/67d5567c917277c62ba474aee5738c38/element/4abe5e0a-3dc8-44b1-997a-861db053e1a8/value'
18:36:18.589 [Forwarding sendKeysToElement on session 67d5567c917277c62ba474aee5738c38 to remote] DEBUG org.asynchttpclient.netty.request.NettyRequestSender - Using open Channel [id: 0xb676d290, L:/127.0.0.1:50127 - R:localhost/127.0.0.1:49790] for POST '/session/67d5567c917277c62ba474aee5738c38/element/4abe5e0a-3dc8-44b1-997a-861db053e1a8/value'
18:36:18.667 [AsyncHttpClient-1-9] DEBUG org.asynchttpclient.netty.handler.HttpHandler - 

Request DefaultHttpRequest(decodeResult: success, version: HTTP/1.1)
POST /session/67d5567c917277c62ba474aee5738c38/element/4abe5e0a-3dc8-44b1-997a-861db053e1a8/value HTTP/1.1
User-Agent: selenium/4.1.4 (java windows)
Content-Length: 161
Content-Type: application/json; charset=utf-8
host: localhost:49790
accept: */*

Response DefaultHttpResponse(decodeResult: success, version: HTTP/1.1)
HTTP/1.1 200 OK
Content-Type: application/json; charset=utf-8
cache-control: no-cache
content-length: 14

18:36:18.667 [AsyncHttpClient-1-9] DEBUG org.asynchttpclient.netty.channel.ChannelManager - Adding key: http://localhost:49790 for channel [id: 0xb676d290, L:/127.0.0.1:50127 - R:localhost/127.0.0.1:49790]
18:36:18.672 [Forwarding screenshot on session 67d5567c917277c62ba474aee5738c38 to remote] DEBUG org.asynchttpclient.netty.request.NettyRequestSender - Using pooled Channel '[id: 0xb676d290, L:/127.0.0.1:50127 - R:localhost/127.0.0.1:49790]' for 'GET' to 'http://localhost:49790/session/67d5567c917277c62ba474aee5738c38/screenshot'
18:36:18.672 [Forwarding screenshot on session 67d5567c917277c62ba474aee5738c38 to remote] DEBUG org.asynchttpclient.netty.request.NettyRequestSender - Using open Channel [id: 0xb676d290, L:/127.0.0.1:50127 - R:localhost/127.0.0.1:49790] for GET '/session/67d5567c917277c62ba474aee5738c38/screenshot'
18:36:18.872 [AsyncHttpClient-1-9] DEBUG org.asynchttpclient.netty.handler.HttpHandler - 

Request DefaultFullHttpRequest(decodeResult: success, version: HTTP/1.1, content: EmptyByteBufBE)
GET /session/67d5567c917277c62ba474aee5738c38/screenshot HTTP/1.1
User-Agent: selenium/4.1.4 (java windows)
Cache-Control: no-cache
Content-Type: application/json; charset=utf-8
host: localhost:49790
accept: */*

Response DefaultHttpResponse(decodeResult: success, version: HTTP/1.1)
HTTP/1.1 200 OK
Content-Type: application/json; charset=utf-8
cache-control: no-cache
content-length: 377580

18:36:18.880 [AsyncHttpClient-1-9] DEBUG org.asynchttpclient.netty.channel.ChannelManager - Adding key: http://localhost:49790 for channel [id: 0xb676d290, L:/127.0.0.1:50127 - R:localhost/127.0.0.1:49790]
18:36:18.889 [main] DEBUG net.serenitybdd.core.photography.Darkroom - Send negative for processing for target\site\serenity\44fa0aa493cf3a3837a7fab79c30bded8f584eda85d2cfd055a7ef5b4e3f0a4a.png
18:36:18.889 [main] DEBUG net.thucydides.core.steps.StepInterceptor - STEP DONE: inputPasswordLogin
  &amp#27;[32mAnd &amp#27;[0m&amp#27;[32mI input &amp#27;[0m&amp#27;[32m&amp#27;[1m"admin123"&amp#27;[0m&amp#27;[32m login password valid&amp#27;[0m                  &amp#27;[90m# starter.stepdefinitios.LoginSteps.iInputLoginPasswordValid(java.lang.String)&amp#27;[0m
18:36:18.904 [main] DEBUG net.thucydides.core.steps.StepInterceptor - STARTING STEP: LoginSteps.iClickButtonLogin - clickButtonLogin
18:36:18.906 [Forwarding findElement on session 67d5567c917277c62ba474aee5738c38 to remote] DEBUG org.asynchttpclient.netty.request.NettyRequestSender - Using pooled Channel '[id: 0xb676d290, L:/127.0.0.1:50127 - R:localhost/127.0.0.1:49790]' for 'POST' to 'http://localhost:49790/session/67d5567c917277c62ba474aee5738c38/element'
18:36:18.906 [Forwarding findElement on session 67d5567c917277c62ba474aee5738c38 to remote] DEBUG org.asynchttpclient.netty.request.NettyRequestSender - Using open Channel [id: 0xb676d290, L:/127.0.0.1:50127 - R:localhost/127.0.0.1:49790] for POST '/session/67d5567c917277c62ba474aee5738c38/element'
18:36:18.918 [AsyncHttpClient-1-9] DEBUG org.asynchttpclient.netty.handler.HttpHandler - 

Request DefaultHttpRequest(decodeResult: success, version: HTTP/1.1)
POST /session/67d5567c917277c62ba474aee5738c38/element HTTP/1.1
User-Agent: selenium/4.1.4 (java windows)
Content-Length: 68
Content-Type: application/json; charset=utf-8
host: localhost:49790
accept: */*

Response DefaultHttpResponse(decodeResult: success, version: HTTP/1.1)
HTTP/1.1 200 OK
Content-Type: application/json; charset=utf-8
cache-control: no-cache
content-length: 88

18:36:18.918 [AsyncHttpClient-1-9] DEBUG org.asynchttpclient.netty.channel.ChannelManager - Adding key: http://localhost:49790 for channel [id: 0xb676d290, L:/127.0.0.1:50127 - R:localhost/127.0.0.1:49790]
18:36:18.919 [Forwarding getElementTagName on session 67d5567c917277c62ba474aee5738c38 to remote] DEBUG org.asynchttpclient.netty.request.NettyRequestSender - Using pooled Channel '[id: 0xb676d290, L:/127.0.0.1:50127 - R:localhost/127.0.0.1:49790]' for 'GET' to 'http://localhost:49790/session/67d5567c917277c62ba474aee5738c38/element/2d7534fb-c000-4267-b79b-b98e0c7bdbc7/name'
18:36:18.919 [Forwarding getElementTagName on session 67d5567c917277c62ba474aee5738c38 to remote] DEBUG org.asynchttpclient.netty.request.NettyRequestSender - Using open Channel [id: 0xb676d290, L:/127.0.0.1:50127 - R:localhost/127.0.0.1:49790] for GET '/session/67d5567c917277c62ba474aee5738c38/element/2d7534fb-c000-4267-b79b-b98e0c7bdbc7/name'
18:36:18.922 [AsyncHttpClient-1-9] DEBUG org.asynchttpclient.netty.handler.HttpHandler - 

Request DefaultFullHttpRequest(decodeResult: success, version: HTTP/1.1, content: EmptyByteBufBE)
GET /session/67d5567c917277c62ba474aee5738c38/element/2d7534fb-c000-4267-b79b-b98e0c7bdbc7/name HTTP/1.1
User-Agent: selenium/4.1.4 (java windows)
Cache-Control: no-cache
Content-Type: application/json; charset=utf-8
host: localhost:49790
accept: */*

Response DefaultHttpResponse(decodeResult: success, version: HTTP/1.1)
HTTP/1.1 200 OK
Content-Type: application/json; charset=utf-8
cache-control: no-cache
content-length: 18

18:36:18.922 [AsyncHttpClient-1-9] DEBUG org.asynchttpclient.netty.channel.ChannelManager - Adding key: http://localhost:49790 for channel [id: 0xb676d290, L:/127.0.0.1:50127 - R:localhost/127.0.0.1:49790]
18:36:18.923 [Forwarding getElementTagName on session 67d5567c917277c62ba474aee5738c38 to remote] DEBUG org.asynchttpclient.netty.request.NettyRequestSender - Using pooled Channel '[id: 0xb676d290, L:/127.0.0.1:50127 - R:localhost/127.0.0.1:49790]' for 'GET' to 'http://localhost:49790/session/67d5567c917277c62ba474aee5738c38/element/2d7534fb-c000-4267-b79b-b98e0c7bdbc7/name'
18:36:18.923 [Forwarding getElementTagName on session 67d5567c917277c62ba474aee5738c38 to remote] DEBUG org.asynchttpclient.netty.request.NettyRequestSender - Using open Channel [id: 0xb676d290, L:/127.0.0.1:50127 - R:localhost/127.0.0.1:49790] for GET '/session/67d5567c917277c62ba474aee5738c38/element/2d7534fb-c000-4267-b79b-b98e0c7bdbc7/name'
18:36:18.926 [AsyncHttpClient-1-9] DEBUG org.asynchttpclient.netty.handler.HttpHandler - 

Request DefaultFullHttpRequest(decodeResult: success, version: HTTP/1.1, content: EmptyByteBufBE)
GET /session/67d5567c917277c62ba474aee5738c38/element/2d7534fb-c000-4267-b79b-b98e0c7bdbc7/name HTTP/1.1
User-Agent: selenium/4.1.4 (java windows)
Cache-Control: no-cache
Content-Type: application/json; charset=utf-8
host: localhost:49790
accept: */*

Response DefaultHttpResponse(decodeResult: success, version: HTTP/1.1)
HTTP/1.1 200 OK
Content-Type: application/json; charset=utf-8
cache-control: no-cache
content-length: 18

18:36:18.926 [AsyncHttpClient-1-9] DEBUG org.asynchttpclient.netty.channel.ChannelManager - Adding key: http://localhost:49790 for channel [id: 0xb676d290, L:/127.0.0.1:50127 - R:localhost/127.0.0.1:49790]
18:36:18.927 [Forwarding isElementEnabled on session 67d5567c917277c62ba474aee5738c38 to remote] DEBUG org.asynchttpclient.netty.request.NettyRequestSender - Using pooled Channel '[id: 0xb676d290, L:/127.0.0.1:50127 - R:localhost/127.0.0.1:49790]' for 'GET' to 'http://localhost:49790/session/67d5567c917277c62ba474aee5738c38/element/2d7534fb-c000-4267-b79b-b98e0c7bdbc7/enabled'
18:36:18.927 [Forwarding isElementEnabled on session 67d5567c917277c62ba474aee5738c38 to remote] DEBUG org.asynchttpclient.netty.request.NettyRequestSender - Using open Channel [id: 0xb676d290, L:/127.0.0.1:50127 - R:localhost/127.0.0.1:49790] for GET '/session/67d5567c917277c62ba474aee5738c38/element/2d7534fb-c000-4267-b79b-b98e0c7bdbc7/enabled'
18:36:18.936 [AsyncHttpClient-1-9] DEBUG org.asynchttpclient.netty.handler.HttpHandler - 

Request DefaultFullHttpRequest(decodeResult: success, version: HTTP/1.1, content: EmptyByteBufBE)
GET /session/67d5567c917277c62ba474aee5738c38/element/2d7534fb-c000-4267-b79b-b98e0c7bdbc7/enabled HTTP/1.1
User-Agent: selenium/4.1.4 (java windows)
Cache-Control: no-cache
Content-Type: application/json; charset=utf-8
host: localhost:49790
accept: */*

Response DefaultHttpResponse(decodeResult: success, version: HTTP/1.1)
HTTP/1.1 200 OK
Content-Type: application/json; charset=utf-8
cache-control: no-cache
content-length: 14

18:36:18.936 [AsyncHttpClient-1-9] DEBUG org.asynchttpclient.netty.channel.ChannelManager - Adding key: http://localhost:49790 for channel [id: 0xb676d290, L:/127.0.0.1:50127 - R:localhost/127.0.0.1:49790]
18:36:18.943 [Forwarding isElementEnabled on session 67d5567c917277c62ba474aee5738c38 to remote] DEBUG org.asynchttpclient.netty.request.NettyRequestSender - Using pooled Channel '[id: 0xb676d290, L:/127.0.0.1:50127 - R:localhost/127.0.0.1:49790]' for 'GET' to 'http://localhost:49790/session/67d5567c917277c62ba474aee5738c38/element/2d7534fb-c000-4267-b79b-b98e0c7bdbc7/enabled'
18:36:18.943 [Forwarding isElementEnabled on session 67d5567c917277c62ba474aee5738c38 to remote] DEBUG org.asynchttpclient.netty.request.NettyRequestSender - Using open Channel [id: 0xb676d290, L:/127.0.0.1:50127 - R:localhost/127.0.0.1:49790] for GET '/session/67d5567c917277c62ba474aee5738c38/element/2d7534fb-c000-4267-b79b-b98e0c7bdbc7/enabled'
18:36:18.948 [AsyncHttpClient-1-9] DEBUG org.asynchttpclient.netty.handler.HttpHandler - 

Request DefaultFullHttpRequest(decodeResult: success, version: HTTP/1.1, content: EmptyByteBufBE)
GET /session/67d5567c917277c62ba474aee5738c38/element/2d7534fb-c000-4267-b79b-b98e0c7bdbc7/enabled HTTP/1.1
User-Agent: selenium/4.1.4 (java windows)
Cache-Control: no-cache
Content-Type: application/json; charset=utf-8
host: localhost:49790
accept: */*

Response DefaultHttpResponse(decodeResult: success, version: HTTP/1.1)
HTTP/1.1 200 OK
Content-Type: application/json; charset=utf-8
cache-control: no-cache
content-length: 14

18:36:18.948 [AsyncHttpClient-1-9] DEBUG org.asynchttpclient.netty.channel.ChannelManager - Adding key: http://localhost:49790 for channel [id: 0xb676d290, L:/127.0.0.1:50127 - R:localhost/127.0.0.1:49790]
18:36:18.948 [Forwarding findElement on session 67d5567c917277c62ba474aee5738c38 to remote] DEBUG org.asynchttpclient.netty.request.NettyRequestSender - Using pooled Channel '[id: 0xb676d290, L:/127.0.0.1:50127 - R:localhost/127.0.0.1:49790]' for 'POST' to 'http://localhost:49790/session/67d5567c917277c62ba474aee5738c38/element'
18:36:18.948 [Forwarding findElement on session 67d5567c917277c62ba474aee5738c38 to remote] DEBUG org.asynchttpclient.netty.request.NettyRequestSender - Using open Channel [id: 0xb676d290, L:/127.0.0.1:50127 - R:localhost/127.0.0.1:49790] for POST '/session/67d5567c917277c62ba474aee5738c38/element'
18:36:18.948 [AsyncHttpClient-1-9] DEBUG org.asynchttpclient.netty.handler.HttpHandler - 

Request DefaultHttpRequest(decodeResult: success, version: HTTP/1.1)
POST /session/67d5567c917277c62ba474aee5738c38/element HTTP/1.1
User-Agent: selenium/4.1.4 (java windows)
Content-Length: 68
Content-Type: application/json; charset=utf-8
host: localhost:49790
accept: */*

Response DefaultHttpResponse(decodeResult: success, version: HTTP/1.1)
HTTP/1.1 200 OK
Content-Type: application/json; charset=utf-8
cache-control: no-cache
content-length: 88

18:36:18.948 [AsyncHttpClient-1-9] DEBUG org.asynchttpclient.netty.channel.ChannelManager - Adding key: http://localhost:49790 for channel [id: 0xb676d290, L:/127.0.0.1:50127 - R:localhost/127.0.0.1:49790]
18:36:18.948 [Forwarding clickElement on session 67d5567c917277c62ba474aee5738c38 to remote] DEBUG org.asynchttpclient.netty.request.NettyRequestSender - Using pooled Channel '[id: 0xb676d290, L:/127.0.0.1:50127 - R:localhost/127.0.0.1:49790]' for 'POST' to 'http://localhost:49790/session/67d5567c917277c62ba474aee5738c38/element/2d7534fb-c000-4267-b79b-b98e0c7bdbc7/click'
18:36:18.948 [Forwarding clickElement on session 67d5567c917277c62ba474aee5738c38 to remote] DEBUG org.asynchttpclient.netty.request.NettyRequestSender - Using open Channel [id: 0xb676d290, L:/127.0.0.1:50127 - R:localhost/127.0.0.1:49790] for POST '/session/67d5567c917277c62ba474aee5738c38/element/2d7534fb-c000-4267-b79b-b98e0c7bdbc7/click'
18:36:18.964 [AsyncHttpClient-1-1] DEBUG org.asynchttpclient.netty.channel.DefaultChannelPool - Entry count for : http://localhost:50128 : 1
18:36:19.019 [AsyncHttpClient-1-9] DEBUG org.asynchttpclient.netty.handler.HttpHandler - 

Request DefaultHttpRequest(decodeResult: success, version: HTTP/1.1)
POST /session/67d5567c917277c62ba474aee5738c38/element/2d7534fb-c000-4267-b79b-b98e0c7bdbc7/click HTTP/1.1
User-Agent: selenium/4.1.4 (java windows)
Content-Length: 50
Content-Type: application/json; charset=utf-8
host: localhost:49790
accept: */*

Response DefaultHttpResponse(decodeResult: success, version: HTTP/1.1)
HTTP/1.1 200 OK
Content-Type: application/json; charset=utf-8
cache-control: no-cache
content-length: 14

18:36:19.019 [AsyncHttpClient-1-9] DEBUG org.asynchttpclient.netty.channel.ChannelManager - Adding key: http://localhost:49790 for channel [id: 0xb676d290, L:/127.0.0.1:50127 - R:localhost/127.0.0.1:49790]
18:36:19.024 [Forwarding screenshot on session 67d5567c917277c62ba474aee5738c38 to remote] DEBUG org.asynchttpclient.netty.request.NettyRequestSender - Using pooled Channel '[id: 0xb676d290, L:/127.0.0.1:50127 - R:localhost/127.0.0.1:49790]' for 'GET' to 'http://localhost:49790/session/67d5567c917277c62ba474aee5738c38/screenshot'
18:36:19.024 [Forwarding screenshot on session 67d5567c917277c62ba474aee5738c38 to remote] DEBUG org.asynchttpclient.netty.request.NettyRequestSender - Using open Channel [id: 0xb676d290, L:/127.0.0.1:50127 - R:localhost/127.0.0.1:49790] for GET '/session/67d5567c917277c62ba474aee5738c38/screenshot'
18:36:19.276 [AsyncHttpClient-1-9] DEBUG org.asynchttpclient.netty.handler.HttpHandler - 

Request DefaultFullHttpRequest(decodeResult: success, version: HTTP/1.1, content: EmptyByteBufBE)
GET /session/67d5567c917277c62ba474aee5738c38/screenshot HTTP/1.1
User-Agent: selenium/4.1.4 (java windows)
Cache-Control: no-cache
Content-Type: application/json; charset=utf-8
host: localhost:49790
accept: */*

Response DefaultHttpResponse(decodeResult: success, version: HTTP/1.1)
HTTP/1.1 200 OK
Content-Type: application/json; charset=utf-8
cache-control: no-cache
content-length: 372940

18:36:19.276 [AsyncHttpClient-1-9] DEBUG org.asynchttpclient.netty.channel.ChannelManager - Adding key: http://localhost:49790 for channel [id: 0xb676d290, L:/127.0.0.1:50127 - R:localhost/127.0.0.1:49790]
18:36:19.285 [main] DEBUG net.serenitybdd.core.photography.Darkroom - Send negative for processing for target\site\serenity\fcd6a76fc001cd08719aada07f96cb9cefba0d989e51295803a6f278ff8f3ce0.png
18:36:19.286 [main] DEBUG net.thucydides.core.steps.StepInterceptor - STEP DONE: clickButtonLogin
18:36:19.286 [Darkroom Processing Line] DEBUG net.serenitybdd.core.photography.DarkroomProcessingLine - Processing screenshot image in /var/screenshots/screenshot-13262754429511144430
18:36:19.286 [Darkroom Processing Line] DEBUG net.serenitybdd.core.photography.DarkroomProcessingLine - Saving screenshot to target\site\serenity\fcd6a76fc001cd08719aada07f96cb9cefba0d989e51295803a6f278ff8f3ce0.png
18:36:20.036 [AsyncHttpClient-1-1] DEBUG org.asynchttpclient.netty.channel.DefaultChannelPool - Entry count for : http://localhost:49790 : 1
18:36:20.036 [AsyncHttpClient-1-1] DEBUG org.asynchttpclient.netty.channel.DefaultChannelPool - Entry count for : http://localhost:50128 : 1
  &amp#27;[32mWhen &amp#27;[0m&amp#27;[32mI click button login&amp#27;[0m                                    &amp#27;[90m# starter.stepdefinitios.LoginSteps.iClickButtonLogin()&amp#27;[0m
18:36:20.295 [Forwarding screenshot on session 67d5567c917277c62ba474aee5738c38 to remote] DEBUG org.asynchttpclient.netty.request.NettyRequestSender - Using pooled Channel '[id: 0xb676d290, L:/127.0.0.1:50127 - R:localhost/127.0.0.1:49790]' for 'GET' to 'http://localhost:49790/session/67d5567c917277c62ba474aee5738c38/screenshot'
18:36:20.295 [Forwarding screenshot on session 67d5567c917277c62ba474aee5738c38 to remote] DEBUG org.asynchttpclient.netty.request.NettyRequestSender - Using open Channel [id: 0xb676d290, L:/127.0.0.1:50127 - R:localhost/127.0.0.1:49790] for GET '/session/67d5567c917277c62ba474aee5738c38/screenshot'
18:36:20.540 [AsyncHttpClient-1-9] DEBUG org.asynchttpclient.netty.handler.HttpHandler - 

Request DefaultFullHttpRequest(decodeResult: success, version: HTTP/1.1, content: EmptyByteBufBE)
GET /session/67d5567c917277c62ba474aee5738c38/screenshot HTTP/1.1
User-Agent: selenium/4.1.4 (java windows)
Cache-Control: no-cache
Content-Type: application/json; charset=utf-8
host: localhost:49790
accept: */*

Response DefaultHttpResponse(decodeResult: success, version: HTTP/1.1)
HTTP/1.1 200 OK
Content-Type: application/json; charset=utf-8
cache-control: no-cache
content-length: 313324

18:36:20.540 [AsyncHttpClient-1-9] DEBUG org.asynchttpclient.netty.channel.ChannelManager - Adding key: http://localhost:49790 for channel [id: 0xb676d290, L:/127.0.0.1:50127 - R:localhost/127.0.0.1:49790]
18:36:20.541 [main] DEBUG net.serenitybdd.core.photography.Darkroom - Send negative for processing for target\site\serenity\4ce5667d2596056b8f4dddc849e392f82fa2d289baea3e6aa5ebe92a6e5a775a.png
18:36:20.549 [Darkroom Processing Line] DEBUG net.serenitybdd.core.photography.DarkroomProcessingLine - Processing screenshot image in /var/screenshots/screenshot-5984428798296040194
18:36:20.549 [Darkroom Processing Line] DEBUG net.serenitybdd.core.photography.DarkroomProcessingLine - Saving screenshot to target\site\serenity\4ce5667d2596056b8f4dddc849e392f82fa2d289baea3e6aa5ebe92a6e5a775a.png
18:36:21.135 [AsyncHttpClient-1-1] DEBUG org.asynchttpclient.netty.channel.DefaultChannelPool - Entry count for : http://localhost:49790 : 1
18:36:21.135 [AsyncHttpClient-1-1] DEBUG org.asynchttpclient.netty.channel.DefaultChannelPool - Entry count for : http://localhost:50128 : 1
18:36:22.235 [AsyncHttpClient-1-1] DEBUG org.asynchttpclient.netty.channel.DefaultChannelPool - Entry count for : http://localhost:49790 : 1
18:36:22.235 [AsyncHttpClient-1-1] DEBUG org.asynchttpclient.netty.channel.DefaultChannelPool - Entry count for : http://localhost:50128 : 1
18:36:23.350 [AsyncHttpClient-1-1] DEBUG org.asynchttpclient.netty.channel.DefaultChannelPool - Entry count for : http://localhost:49790 : 1
18:36:23.350 [AsyncHttpClient-1-1] DEBUG org.asynchttpclient.netty.channel.DefaultChannelPool - Entry count for : http://localhost:50128 : 1
18:36:24.449 [AsyncHttpClient-1-1] DEBUG org.asynchttpclient.netty.channel.DefaultChannelPool - Entry count for : http://localhost:49790 : 1
18:36:24.449 [AsyncHttpClient-1-1] DEBUG org.asynchttpclient.netty.channel.DefaultChannelPool - Entry count for : http://localhost:50128 : 1
18:36:25.541 [AsyncHttpClient-1-1] DEBUG org.asynchttpclient.netty.channel.DefaultChannelPool - Entry count for : http://localhost:49790 : 1
18:36:25.541 [AsyncHttpClient-1-1] DEBUG org.asynchttpclient.netty.channel.DefaultChannelPool - Entry count for : http://localhost:50128 : 1
18:36:25.562 [Forwarding findElement on session 67d5567c917277c62ba474aee5738c38 to remote] DEBUG org.asynchttpclient.netty.request.NettyRequestSender - Using pooled Channel '[id: 0xb676d290, L:/127.0.0.1:50127 - R:localhost/127.0.0.1:49790]' for 'POST' to 'http://localhost:49790/session/67d5567c917277c62ba474aee5738c38/element'
18:36:25.562 [Forwarding findElement on session 67d5567c917277c62ba474aee5738c38 to remote] DEBUG org.asynchttpclient.netty.request.NettyRequestSender - Using open Channel [id: 0xb676d290, L:/127.0.0.1:50127 - R:localhost/127.0.0.1:49790] for POST '/session/67d5567c917277c62ba474aee5738c38/element'
18:36:25.601 [AsyncHttpClient-1-9] DEBUG org.asynchttpclient.netty.handler.HttpHandler - 

Request DefaultHttpRequest(decodeResult: success, version: HTTP/1.1)
POST /session/67d5567c917277c62ba474aee5738c38/element HTTP/1.1
User-Agent: selenium/4.1.4 (java windows)
Content-Length: 68
Content-Type: application/json; charset=utf-8
host: localhost:49790
accept: */*

Response DefaultHttpResponse(decodeResult: success, version: HTTP/1.1)
HTTP/1.1 200 OK
Content-Type: application/json; charset=utf-8
cache-control: no-cache
content-length: 88

18:36:25.601 [AsyncHttpClient-1-9] DEBUG org.asynchttpclient.netty.channel.ChannelManager - Adding key: http://localhost:49790 for channel [id: 0xb676d290, L:/127.0.0.1:50127 - R:localhost/127.0.0.1:49790]
18:36:25.602 [Forwarding isElementEnabled on session 67d5567c917277c62ba474aee5738c38 to remote] DEBUG org.asynchttpclient.netty.request.NettyRequestSender - Using pooled Channel '[id: 0xb676d290, L:/127.0.0.1:50127 - R:localhost/127.0.0.1:49790]' for 'GET' to 'http://localhost:49790/session/67d5567c917277c62ba474aee5738c38/element/d2c769b3-1b28-4b56-835b-f2eb74028a3d/enabled'
18:36:25.602 [Forwarding isElementEnabled on session 67d5567c917277c62ba474aee5738c38 to remote] DEBUG org.asynchttpclient.netty.request.NettyRequestSender - Using open Channel [id: 0xb676d290, L:/127.0.0.1:50127 - R:localhost/127.0.0.1:49790] for GET '/session/67d5567c917277c62ba474aee5738c38/element/d2c769b3-1b28-4b56-835b-f2eb74028a3d/enabled'
18:36:25.616 [AsyncHttpClient-1-9] DEBUG org.asynchttpclient.netty.handler.HttpHandler - 

Request DefaultFullHttpRequest(decodeResult: success, version: HTTP/1.1, content: EmptyByteBufBE)
GET /session/67d5567c917277c62ba474aee5738c38/element/d2c769b3-1b28-4b56-835b-f2eb74028a3d/enabled HTTP/1.1
User-Agent: selenium/4.1.4 (java windows)
Cache-Control: no-cache
Content-Type: application/json; charset=utf-8
host: localhost:49790
accept: */*

Response DefaultHttpResponse(decodeResult: success, version: HTTP/1.1)
HTTP/1.1 200 OK
Content-Type: application/json; charset=utf-8
cache-control: no-cache
content-length: 14

18:36:25.616 [AsyncHttpClient-1-9] DEBUG org.asynchttpclient.netty.channel.ChannelManager - Adding key: http://localhost:49790 for channel [id: 0xb676d290, L:/127.0.0.1:50127 - R:localhost/127.0.0.1:49790]
18:36:26.127 [Forwarding screenshot on session 67d5567c917277c62ba474aee5738c38 to remote] DEBUG org.asynchttpclient.netty.request.NettyRequestSender - Using pooled Channel '[id: 0xb676d290, L:/127.0.0.1:50127 - R:localhost/127.0.0.1:49790]' for 'GET' to 'http://localhost:49790/session/67d5567c917277c62ba474aee5738c38/screenshot'
18:36:26.127 [Forwarding screenshot on session 67d5567c917277c62ba474aee5738c38 to remote] DEBUG org.asynchttpclient.netty.request.NettyRequestSender - Using open Channel [id: 0xb676d290, L:/127.0.0.1:50127 - R:localhost/127.0.0.1:49790] for GET '/session/67d5567c917277c62ba474aee5738c38/screenshot'
18:36:26.428 [AsyncHttpClient-1-9] DEBUG org.asynchttpclient.netty.handler.HttpHandler - 

Request DefaultFullHttpRequest(decodeResult: success, version: HTTP/1.1, content: EmptyByteBufBE)
GET /session/67d5567c917277c62ba474aee5738c38/screenshot HTTP/1.1
User-Agent: selenium/4.1.4 (java windows)
Cache-Control: no-cache
Content-Type: application/json; charset=utf-8
host: localhost:49790
accept: */*

Response DefaultHttpResponse(decodeResult: success, version: HTTP/1.1)
HTTP/1.1 200 OK
Content-Type: application/json; charset=utf-8
cache-control: no-cache
content-length: 301044

18:36:26.428 [AsyncHttpClient-1-9] DEBUG org.asynchttpclient.netty.channel.ChannelManager - Adding key: http://localhost:49790 for channel [id: 0xb676d290, L:/127.0.0.1:50127 - R:localhost/127.0.0.1:49790]
18:36:26.428 [main] DEBUG net.serenitybdd.core.photography.Darkroom - Send negative for processing for target\site\serenity\163e386af0b12517552a74a3d5043b94e8c0f9215c0f21d464e3b04d27a0859d.png
18:36:26.428 [main] DEBUG net.thucydides.core.steps.StepInterceptor - STARTING STEP: LoginSteps.loginValidationInvalid - clickButtonErrorOK
18:36:26.445 [Forwarding findElement on session 67d5567c917277c62ba474aee5738c38 to remote] DEBUG org.asynchttpclient.netty.request.NettyRequestSender - Using pooled Channel '[id: 0xb676d290, L:/127.0.0.1:50127 - R:localhost/127.0.0.1:49790]' for 'POST' to 'http://localhost:49790/session/67d5567c917277c62ba474aee5738c38/element'
18:36:26.445 [Forwarding findElement on session 67d5567c917277c62ba474aee5738c38 to remote] DEBUG org.asynchttpclient.netty.request.NettyRequestSender - Using open Channel [id: 0xb676d290, L:/127.0.0.1:50127 - R:localhost/127.0.0.1:49790] for POST '/session/67d5567c917277c62ba474aee5738c38/element'
18:36:26.455 [AsyncHttpClient-1-9] DEBUG org.asynchttpclient.netty.handler.HttpHandler - 

Request DefaultHttpRequest(decodeResult: success, version: HTTP/1.1)
POST /session/67d5567c917277c62ba474aee5738c38/element HTTP/1.1
User-Agent: selenium/4.1.4 (java windows)
Content-Length: 88
Content-Type: application/json; charset=utf-8
host: localhost:49790
accept: */*

Response DefaultHttpResponse(decodeResult: success, version: HTTP/1.1)
HTTP/1.1 200 OK
Content-Type: application/json; charset=utf-8
cache-control: no-cache
content-length: 88

18:36:26.455 [AsyncHttpClient-1-9] DEBUG org.asynchttpclient.netty.channel.ChannelManager - Adding key: http://localhost:49790 for channel [id: 0xb676d290, L:/127.0.0.1:50127 - R:localhost/127.0.0.1:49790]
18:36:26.456 [Forwarding getElementTagName on session 67d5567c917277c62ba474aee5738c38 to remote] DEBUG org.asynchttpclient.netty.request.NettyRequestSender - Using pooled Channel '[id: 0xb676d290, L:/127.0.0.1:50127 - R:localhost/127.0.0.1:49790]' for 'GET' to 'http://localhost:49790/session/67d5567c917277c62ba474aee5738c38/element/30e97ddf-5d25-4f94-9e11-7571f16a042b/name'
18:36:26.456 [Forwarding getElementTagName on session 67d5567c917277c62ba474aee5738c38 to remote] DEBUG org.asynchttpclient.netty.request.NettyRequestSender - Using open Channel [id: 0xb676d290, L:/127.0.0.1:50127 - R:localhost/127.0.0.1:49790] for GET '/session/67d5567c917277c62ba474aee5738c38/element/30e97ddf-5d25-4f94-9e11-7571f16a042b/name'
18:36:26.461 [AsyncHttpClient-1-9] DEBUG org.asynchttpclient.netty.handler.HttpHandler - 

Request DefaultFullHttpRequest(decodeResult: success, version: HTTP/1.1, content: EmptyByteBufBE)
GET /session/67d5567c917277c62ba474aee5738c38/element/30e97ddf-5d25-4f94-9e11-7571f16a042b/name HTTP/1.1
User-Agent: selenium/4.1.4 (java windows)
Cache-Control: no-cache
Content-Type: application/json; charset=utf-8
host: localhost:49790
accept: */*

Response DefaultHttpResponse(decodeResult: success, version: HTTP/1.1)
HTTP/1.1 200 OK
Content-Type: application/json; charset=utf-8
cache-control: no-cache
content-length: 18

18:36:26.461 [AsyncHttpClient-1-9] DEBUG org.asynchttpclient.netty.channel.ChannelManager - Adding key: http://localhost:49790 for channel [id: 0xb676d290, L:/127.0.0.1:50127 - R:localhost/127.0.0.1:49790]
18:36:26.462 [Forwarding getElementTagName on session 67d5567c917277c62ba474aee5738c38 to remote] DEBUG org.asynchttpclient.netty.request.NettyRequestSender - Using pooled Channel '[id: 0xb676d290, L:/127.0.0.1:50127 - R:localhost/127.0.0.1:49790]' for 'GET' to 'http://localhost:49790/session/67d5567c917277c62ba474aee5738c38/element/30e97ddf-5d25-4f94-9e11-7571f16a042b/name'
18:36:26.462 [Forwarding getElementTagName on session 67d5567c917277c62ba474aee5738c38 to remote] DEBUG org.asynchttpclient.netty.request.NettyRequestSender - Using open Channel [id: 0xb676d290, L:/127.0.0.1:50127 - R:localhost/127.0.0.1:49790] for GET '/session/67d5567c917277c62ba474aee5738c38/element/30e97ddf-5d25-4f94-9e11-7571f16a042b/name'
18:36:26.466 [AsyncHttpClient-1-9] DEBUG org.asynchttpclient.netty.handler.HttpHandler - 

Request DefaultFullHttpRequest(decodeResult: success, version: HTTP/1.1, content: EmptyByteBufBE)
GET /session/67d5567c917277c62ba474aee5738c38/element/30e97ddf-5d25-4f94-9e11-7571f16a042b/name HTTP/1.1
User-Agent: selenium/4.1.4 (java windows)
Cache-Control: no-cache
Content-Type: application/json; charset=utf-8
host: localhost:49790
accept: */*

Response DefaultHttpResponse(decodeResult: success, version: HTTP/1.1)
HTTP/1.1 200 OK
Content-Type: application/json; charset=utf-8
cache-control: no-cache
content-length: 18

18:36:26.466 [AsyncHttpClient-1-9] DEBUG org.asynchttpclient.netty.channel.ChannelManager - Adding key: http://localhost:49790 for channel [id: 0xb676d290, L:/127.0.0.1:50127 - R:localhost/127.0.0.1:49790]
18:36:26.467 [Forwarding isElementEnabled on session 67d5567c917277c62ba474aee5738c38 to remote] DEBUG org.asynchttpclient.netty.request.NettyRequestSender - Using pooled Channel '[id: 0xb676d290, L:/127.0.0.1:50127 - R:localhost/127.0.0.1:49790]' for 'GET' to 'http://localhost:49790/session/67d5567c917277c62ba474aee5738c38/element/30e97ddf-5d25-4f94-9e11-7571f16a042b/enabled'
18:36:26.467 [Forwarding isElementEnabled on session 67d5567c917277c62ba474aee5738c38 to remote] DEBUG org.asynchttpclient.netty.request.NettyRequestSender - Using open Channel [id: 0xb676d290, L:/127.0.0.1:50127 - R:localhost/127.0.0.1:49790] for GET '/session/67d5567c917277c62ba474aee5738c38/element/30e97ddf-5d25-4f94-9e11-7571f16a042b/enabled'
18:36:26.474 [AsyncHttpClient-1-9] DEBUG org.asynchttpclient.netty.handler.HttpHandler - 

Request DefaultFullHttpRequest(decodeResult: success, version: HTTP/1.1, content: EmptyByteBufBE)
GET /session/67d5567c917277c62ba474aee5738c38/element/30e97ddf-5d25-4f94-9e11-7571f16a042b/enabled HTTP/1.1
User-Agent: selenium/4.1.4 (java windows)
Cache-Control: no-cache
Content-Type: application/json; charset=utf-8
host: localhost:49790
accept: */*

Response DefaultHttpResponse(decodeResult: success, version: HTTP/1.1)
HTTP/1.1 200 OK
Content-Type: application/json; charset=utf-8
cache-control: no-cache
content-length: 14

18:36:26.474 [AsyncHttpClient-1-9] DEBUG org.asynchttpclient.netty.channel.ChannelManager - Adding key: http://localhost:49790 for channel [id: 0xb676d290, L:/127.0.0.1:50127 - R:localhost/127.0.0.1:49790]
18:36:26.474 [Forwarding isElementEnabled on session 67d5567c917277c62ba474aee5738c38 to remote] DEBUG org.asynchttpclient.netty.request.NettyRequestSender - Using pooled Channel '[id: 0xb676d290, L:/127.0.0.1:50127 - R:localhost/127.0.0.1:49790]' for 'GET' to 'http://localhost:49790/session/67d5567c917277c62ba474aee5738c38/element/30e97ddf-5d25-4f94-9e11-7571f16a042b/enabled'
18:36:26.474 [Forwarding isElementEnabled on session 67d5567c917277c62ba474aee5738c38 to remote] DEBUG org.asynchttpclient.netty.request.NettyRequestSender - Using open Channel [id: 0xb676d290, L:/127.0.0.1:50127 - R:localhost/127.0.0.1:49790] for GET '/session/67d5567c917277c62ba474aee5738c38/element/30e97ddf-5d25-4f94-9e11-7571f16a042b/enabled'
18:36:26.478 [AsyncHttpClient-1-9] DEBUG org.asynchttpclient.netty.handler.HttpHandler - 

Request DefaultFullHttpRequest(decodeResult: success, version: HTTP/1.1, content: EmptyByteBufBE)
GET /session/67d5567c917277c62ba474aee5738c38/element/30e97ddf-5d25-4f94-9e11-7571f16a042b/enabled HTTP/1.1
User-Agent: selenium/4.1.4 (java windows)
Cache-Control: no-cache
Content-Type: application/json; charset=utf-8
host: localhost:49790
accept: */*

Response DefaultHttpResponse(decodeResult: success, version: HTTP/1.1)
HTTP/1.1 200 OK
Content-Type: application/json; charset=utf-8
cache-control: no-cache
content-length: 14

18:36:26.478 [AsyncHttpClient-1-9] DEBUG org.asynchttpclient.netty.channel.ChannelManager - Adding key: http://localhost:49790 for channel [id: 0xb676d290, L:/127.0.0.1:50127 - R:localhost/127.0.0.1:49790]
18:36:26.481 [Forwarding findElement on session 67d5567c917277c62ba474aee5738c38 to remote] DEBUG org.asynchttpclient.netty.request.NettyRequestSender - Using pooled Channel '[id: 0xb676d290, L:/127.0.0.1:50127 - R:localhost/127.0.0.1:49790]' for 'POST' to 'http://localhost:49790/session/67d5567c917277c62ba474aee5738c38/element'
18:36:26.481 [Forwarding findElement on session 67d5567c917277c62ba474aee5738c38 to remote] DEBUG org.asynchttpclient.netty.request.NettyRequestSender - Using open Channel [id: 0xb676d290, L:/127.0.0.1:50127 - R:localhost/127.0.0.1:49790] for POST '/session/67d5567c917277c62ba474aee5738c38/element'
18:36:26.486 [AsyncHttpClient-1-9] DEBUG org.asynchttpclient.netty.handler.HttpHandler - 

Request DefaultHttpRequest(decodeResult: success, version: HTTP/1.1)
POST /session/67d5567c917277c62ba474aee5738c38/element HTTP/1.1
User-Agent: selenium/4.1.4 (java windows)
Content-Length: 88
Content-Type: application/json; charset=utf-8
host: localhost:49790
accept: */*

Response DefaultHttpResponse(decodeResult: success, version: HTTP/1.1)
HTTP/1.1 200 OK
Content-Type: application/json; charset=utf-8
cache-control: no-cache
content-length: 88

18:36:26.486 [AsyncHttpClient-1-9] DEBUG org.asynchttpclient.netty.channel.ChannelManager - Adding key: http://localhost:49790 for channel [id: 0xb676d290, L:/127.0.0.1:50127 - R:localhost/127.0.0.1:49790]
18:36:26.486 [Forwarding clickElement on session 67d5567c917277c62ba474aee5738c38 to remote] DEBUG org.asynchttpclient.netty.request.NettyRequestSender - Using pooled Channel '[id: 0xb676d290, L:/127.0.0.1:50127 - R:localhost/127.0.0.1:49790]' for 'POST' to 'http://localhost:49790/session/67d5567c917277c62ba474aee5738c38/element/30e97ddf-5d25-4f94-9e11-7571f16a042b/click'
18:36:26.486 [Forwarding clickElement on session 67d5567c917277c62ba474aee5738c38 to remote] DEBUG org.asynchttpclient.netty.request.NettyRequestSender - Using open Channel [id: 0xb676d290, L:/127.0.0.1:50127 - R:localhost/127.0.0.1:49790] for POST '/session/67d5567c917277c62ba474aee5738c38/element/30e97ddf-5d25-4f94-9e11-7571f16a042b/click'
18:36:26.545 [AsyncHttpClient-1-9] DEBUG org.asynchttpclient.netty.handler.HttpHandler - 

Request DefaultHttpRequest(decodeResult: success, version: HTTP/1.1)
POST /session/67d5567c917277c62ba474aee5738c38/element/30e97ddf-5d25-4f94-9e11-7571f16a042b/click HTTP/1.1
User-Agent: selenium/4.1.4 (java windows)
Content-Length: 50
Content-Type: application/json; charset=utf-8
host: localhost:49790
accept: */*

Response DefaultHttpResponse(decodeResult: success, version: HTTP/1.1)
HTTP/1.1 200 OK
Content-Type: application/json; charset=utf-8
cache-control: no-cache
content-length: 14

18:36:26.545 [AsyncHttpClient-1-9] DEBUG org.asynchttpclient.netty.channel.ChannelManager - Adding key: http://localhost:49790 for channel [id: 0xb676d290, L:/127.0.0.1:50127 - R:localhost/127.0.0.1:49790]
18:36:26.553 [Forwarding screenshot on session 67d5567c917277c62ba474aee5738c38 to remote] DEBUG org.asynchttpclient.netty.request.NettyRequestSender - Using pooled Channel '[id: 0xb676d290, L:/127.0.0.1:50127 - R:localhost/127.0.0.1:49790]' for 'GET' to 'http://localhost:49790/session/67d5567c917277c62ba474aee5738c38/screenshot'
18:36:26.553 [Forwarding screenshot on session 67d5567c917277c62ba474aee5738c38 to remote] DEBUG org.asynchttpclient.netty.request.NettyRequestSender - Using open Channel [id: 0xb676d290, L:/127.0.0.1:50127 - R:localhost/127.0.0.1:49790] for GET '/session/67d5567c917277c62ba474aee5738c38/screenshot'
18:36:26.647 [AsyncHttpClient-1-1] DEBUG org.asynchttpclient.netty.channel.DefaultChannelPool - Entry count for : http://localhost:50128 : 1
18:36:26.862 [AsyncHttpClient-1-9] DEBUG org.asynchttpclient.netty.handler.HttpHandler - 

Request DefaultFullHttpRequest(decodeResult: success, version: HTTP/1.1, content: EmptyByteBufBE)
GET /session/67d5567c917277c62ba474aee5738c38/screenshot HTTP/1.1
User-Agent: selenium/4.1.4 (java windows)
Cache-Control: no-cache
Content-Type: application/json; charset=utf-8
host: localhost:49790
accept: */*

Response DefaultHttpResponse(decodeResult: success, version: HTTP/1.1)
HTTP/1.1 200 OK
Content-Type: application/json; charset=utf-8
cache-control: no-cache
content-length: 73656

18:36:26.862 [AsyncHttpClient-1-9] DEBUG org.asynchttpclient.netty.channel.ChannelManager - Adding key: http://localhost:49790 for channel [id: 0xb676d290, L:/127.0.0.1:50127 - R:localhost/127.0.0.1:49790]
18:36:26.869 [main] DEBUG net.serenitybdd.core.photography.Darkroom - Send negative for processing for target\site\serenity\af506f508135d1628f403ac78c110341513c1025bee48bab21be862406994f8c.png
18:36:26.869 [main] DEBUG net.thucydides.core.steps.StepInterceptor - STEP DONE: clickButtonErrorOK
  &amp#27;[32mAnd &amp#27;[0m&amp#27;[32mLogin validation invalid&amp#27;[0m                                 &amp#27;[90m# starter.stepdefinitios.LoginSteps.loginValidationInvalid()&amp#27;[0m
18:36:26.869 [Darkroom Processing Line] DEBUG net.serenitybdd.core.photography.DarkroomProcessingLine - Processing screenshot image in /var/screenshots/screenshot-17011251085956093386
18:36:26.869 [Darkroom Processing Line] DEBUG net.serenitybdd.core.photography.DarkroomProcessingLine - Saving screenshot to target\site\serenity\af506f508135d1628f403ac78c110341513c1025bee48bab21be862406994f8c.png
18:36:27.735 [AsyncHttpClient-1-1] DEBUG org.asynchttpclient.netty.channel.DefaultChannelPool - Entry count for : http://localhost:49790 : 1
18:36:27.735 [AsyncHttpClient-1-1] DEBUG org.asynchttpclient.netty.channel.DefaultChannelPool - Entry count for : http://localhost:50128 : 1
18:36:28.835 [AsyncHttpClient-1-1] DEBUG org.asynchttpclient.netty.channel.DefaultChannelPool - Entry count for : http://localhost:49790 : 1
18:36:28.835 [AsyncHttpClient-1-1] DEBUG org.asynchttpclient.netty.channel.DefaultChannelPool - Entry count for : http://localhost:50128 : 1
18:36:29.939 [AsyncHttpClient-1-1] DEBUG org.asynchttpclient.netty.channel.DefaultChannelPool - Entry count for : http://localhost:49790 : 1
18:36:29.939 [AsyncHttpClient-1-1] DEBUG org.asynchttpclient.netty.channel.DefaultChannelPool - Entry count for : http://localhost:50128 : 1
18:36:31.035 [AsyncHttpClient-1-1] DEBUG org.asynchttpclient.netty.channel.DefaultChannelPool - Entry count for : http://localhost:49790 : 1
18:36:31.035 [AsyncHttpClient-1-1] DEBUG org.asynchttpclient.netty.channel.DefaultChannelPool - Entry count for : http://localhost:50128 : 1
18:36:31.906 [Forwarding screenshot on session 67d5567c917277c62ba474aee5738c38 to remote] DEBUG org.asynchttpclient.netty.request.NettyRequestSender - Using pooled Channel '[id: 0xb676d290, L:/127.0.0.1:50127 - R:localhost/127.0.0.1:49790]' for 'GET' to 'http://localhost:49790/session/67d5567c917277c62ba474aee5738c38/screenshot'
18:36:31.906 [Forwarding screenshot on session 67d5567c917277c62ba474aee5738c38 to remote] DEBUG org.asynchttpclient.netty.request.NettyRequestSender - Using open Channel [id: 0xb676d290, L:/127.0.0.1:50127 - R:localhost/127.0.0.1:49790] for GET '/session/67d5567c917277c62ba474aee5738c38/screenshot'
18:36:32.089 [AsyncHttpClient-1-9] DEBUG org.asynchttpclient.netty.handler.HttpHandler - 

Request DefaultFullHttpRequest(decodeResult: success, version: HTTP/1.1, content: EmptyByteBufBE)
GET /session/67d5567c917277c62ba474aee5738c38/screenshot HTTP/1.1
User-Agent: selenium/4.1.4 (java windows)
Cache-Control: no-cache
Content-Type: application/json; charset=utf-8
host: localhost:49790
accept: */*

Response DefaultHttpResponse(decodeResult: success, version: HTTP/1.1)
HTTP/1.1 200 OK
Content-Type: application/json; charset=utf-8
cache-control: no-cache
content-length: 78860

18:36:32.089 [AsyncHttpClient-1-9] DEBUG org.asynchttpclient.netty.channel.ChannelManager - Adding key: http://localhost:49790 for channel [id: 0xb676d290, L:/127.0.0.1:50127 - R:localhost/127.0.0.1:49790]
18:36:32.091 [main] DEBUG net.serenitybdd.core.photography.Darkroom - Send negative for processing for target\site\serenity\e3902e4e6d497170d59aa0c0c2930d955492166dca27ad580f2b08c08bf103aa.png
18:36:32.091 [main] DEBUG net.thucydides.core.steps.StepInterceptor - STARTING STEP: PatientDataSteps.clickButtonDataPasien - clickButtonDataPasien
18:36:32.093 [Forwarding findElement on session 67d5567c917277c62ba474aee5738c38 to remote] DEBUG org.asynchttpclient.netty.request.NettyRequestSender - Using pooled Channel '[id: 0xb676d290, L:/127.0.0.1:50127 - R:localhost/127.0.0.1:49790]' for 'POST' to 'http://localhost:49790/session/67d5567c917277c62ba474aee5738c38/element'
18:36:32.093 [Forwarding findElement on session 67d5567c917277c62ba474aee5738c38 to remote] DEBUG org.asynchttpclient.netty.request.NettyRequestSender - Using open Channel [id: 0xb676d290, L:/127.0.0.1:50127 - R:localhost/127.0.0.1:49790] for POST '/session/67d5567c917277c62ba474aee5738c38/element'
18:36:32.107 [AsyncHttpClient-1-9] DEBUG org.asynchttpclient.netty.handler.HttpHandler - 

Request DefaultHttpRequest(decodeResult: success, version: HTTP/1.1)
POST /session/67d5567c917277c62ba474aee5738c38/element HTTP/1.1
User-Agent: selenium/4.1.4 (java windows)
Content-Length: 114
Content-Type: application/json; charset=utf-8
host: localhost:49790
accept: */*

Response DefaultHttpResponse(decodeResult: success, version: HTTP/1.1)
HTTP/1.1 200 OK
Content-Type: application/json; charset=utf-8
cache-control: no-cache
content-length: 88

18:36:32.107 [AsyncHttpClient-1-9] DEBUG org.asynchttpclient.netty.channel.ChannelManager - Adding key: http://localhost:49790 for channel [id: 0xb676d290, L:/127.0.0.1:50127 - R:localhost/127.0.0.1:49790]
18:36:32.108 [Forwarding getElementTagName on session 67d5567c917277c62ba474aee5738c38 to remote] DEBUG org.asynchttpclient.netty.request.NettyRequestSender - Using pooled Channel '[id: 0xb676d290, L:/127.0.0.1:50127 - R:localhost/127.0.0.1:49790]' for 'GET' to 'http://localhost:49790/session/67d5567c917277c62ba474aee5738c38/element/785e7f1a-d2c6-472b-9306-8387b450908b/name'
18:36:32.108 [Forwarding getElementTagName on session 67d5567c917277c62ba474aee5738c38 to remote] DEBUG org.asynchttpclient.netty.request.NettyRequestSender - Using open Channel [id: 0xb676d290, L:/127.0.0.1:50127 - R:localhost/127.0.0.1:49790] for GET '/session/67d5567c917277c62ba474aee5738c38/element/785e7f1a-d2c6-472b-9306-8387b450908b/name'
18:36:32.113 [AsyncHttpClient-1-9] DEBUG org.asynchttpclient.netty.handler.HttpHandler - 

Request DefaultFullHttpRequest(decodeResult: success, version: HTTP/1.1, content: EmptyByteBufBE)
GET /session/67d5567c917277c62ba474aee5738c38/element/785e7f1a-d2c6-472b-9306-8387b450908b/name HTTP/1.1
User-Agent: selenium/4.1.4 (java windows)
Cache-Control: no-cache
Content-Type: application/json; charset=utf-8
host: localhost:49790
accept: */*

Response DefaultHttpResponse(decodeResult: success, version: HTTP/1.1)
HTTP/1.1 200 OK
Content-Type: application/json; charset=utf-8
cache-control: no-cache
content-length: 13

18:36:32.113 [AsyncHttpClient-1-9] DEBUG org.asynchttpclient.netty.channel.ChannelManager - Adding key: http://localhost:49790 for channel [id: 0xb676d290, L:/127.0.0.1:50127 - R:localhost/127.0.0.1:49790]
18:36:32.114 [Forwarding getElementTagName on session 67d5567c917277c62ba474aee5738c38 to remote] DEBUG org.asynchttpclient.netty.request.NettyRequestSender - Using pooled Channel '[id: 0xb676d290, L:/127.0.0.1:50127 - R:localhost/127.0.0.1:49790]' for 'GET' to 'http://localhost:49790/session/67d5567c917277c62ba474aee5738c38/element/785e7f1a-d2c6-472b-9306-8387b450908b/name'
18:36:32.114 [Forwarding getElementTagName on session 67d5567c917277c62ba474aee5738c38 to remote] DEBUG org.asynchttpclient.netty.request.NettyRequestSender - Using open Channel [id: 0xb676d290, L:/127.0.0.1:50127 - R:localhost/127.0.0.1:49790] for GET '/session/67d5567c917277c62ba474aee5738c38/element/785e7f1a-d2c6-472b-9306-8387b450908b/name'
18:36:32.118 [AsyncHttpClient-1-9] DEBUG org.asynchttpclient.netty.handler.HttpHandler - 

Request DefaultFullHttpRequest(decodeResult: success, version: HTTP/1.1, content: EmptyByteBufBE)
GET /session/67d5567c917277c62ba474aee5738c38/element/785e7f1a-d2c6-472b-9306-8387b450908b/name HTTP/1.1
User-Agent: selenium/4.1.4 (java windows)
Cache-Control: no-cache
Content-Type: application/json; charset=utf-8
host: localhost:49790
accept: */*

Response DefaultHttpResponse(decodeResult: success, version: HTTP/1.1)
HTTP/1.1 200 OK
Content-Type: application/json; charset=utf-8
cache-control: no-cache
content-length: 13

18:36:32.118 [AsyncHttpClient-1-9] DEBUG org.asynchttpclient.netty.channel.ChannelManager - Adding key: http://localhost:49790 for channel [id: 0xb676d290, L:/127.0.0.1:50127 - R:localhost/127.0.0.1:49790]
18:36:32.120 [Forwarding findElement on session 67d5567c917277c62ba474aee5738c38 to remote] DEBUG org.asynchttpclient.netty.request.NettyRequestSender - Using pooled Channel '[id: 0xb676d290, L:/127.0.0.1:50127 - R:localhost/127.0.0.1:49790]' for 'POST' to 'http://localhost:49790/session/67d5567c917277c62ba474aee5738c38/element'
18:36:32.120 [Forwarding findElement on session 67d5567c917277c62ba474aee5738c38 to remote] DEBUG org.asynchttpclient.netty.request.NettyRequestSender - Using open Channel [id: 0xb676d290, L:/127.0.0.1:50127 - R:localhost/127.0.0.1:49790] for POST '/session/67d5567c917277c62ba474aee5738c38/element'
18:36:32.128 [AsyncHttpClient-1-9] DEBUG org.asynchttpclient.netty.handler.HttpHandler - 

Request DefaultHttpRequest(decodeResult: success, version: HTTP/1.1)
POST /session/67d5567c917277c62ba474aee5738c38/element HTTP/1.1
User-Agent: selenium/4.1.4 (java windows)
Content-Length: 114
Content-Type: application/json; charset=utf-8
host: localhost:49790
accept: */*

Response DefaultHttpResponse(decodeResult: success, version: HTTP/1.1)
HTTP/1.1 200 OK
Content-Type: application/json; charset=utf-8
cache-control: no-cache
content-length: 88

18:36:32.128 [AsyncHttpClient-1-9] DEBUG org.asynchttpclient.netty.channel.ChannelManager - Adding key: http://localhost:49790 for channel [id: 0xb676d290, L:/127.0.0.1:50127 - R:localhost/127.0.0.1:49790]
18:36:32.129 [Forwarding clickElement on session 67d5567c917277c62ba474aee5738c38 to remote] DEBUG org.asynchttpclient.netty.request.NettyRequestSender - Using pooled Channel '[id: 0xb676d290, L:/127.0.0.1:50127 - R:localhost/127.0.0.1:49790]' for 'POST' to 'http://localhost:49790/session/67d5567c917277c62ba474aee5738c38/element/785e7f1a-d2c6-472b-9306-8387b450908b/click'
18:36:32.129 [Forwarding clickElement on session 67d5567c917277c62ba474aee5738c38 to remote] DEBUG org.asynchttpclient.netty.request.NettyRequestSender - Using open Channel [id: 0xb676d290, L:/127.0.0.1:50127 - R:localhost/127.0.0.1:49790] for POST '/session/67d5567c917277c62ba474aee5738c38/element/785e7f1a-d2c6-472b-9306-8387b450908b/click'
18:36:32.135 [AsyncHttpClient-1-1] DEBUG org.asynchttpclient.netty.channel.DefaultChannelPool - Entry count for : http://localhost:50128 : 1
18:36:32.199 [AsyncHttpClient-1-9] DEBUG org.asynchttpclient.netty.handler.HttpHandler - 

Request DefaultHttpRequest(decodeResult: success, version: HTTP/1.1)
POST /session/67d5567c917277c62ba474aee5738c38/element/785e7f1a-d2c6-472b-9306-8387b450908b/click HTTP/1.1
User-Agent: selenium/4.1.4 (java windows)
Content-Length: 50
Content-Type: application/json; charset=utf-8
host: localhost:49790
accept: */*

Response DefaultHttpResponse(decodeResult: success, version: HTTP/1.1)
HTTP/1.1 200 OK
Content-Type: application/json; charset=utf-8
cache-control: no-cache
content-length: 14

18:36:32.199 [AsyncHttpClient-1-9] DEBUG org.asynchttpclient.netty.channel.ChannelManager - Adding key: http://localhost:49790 for channel [id: 0xb676d290, L:/127.0.0.1:50127 - R:localhost/127.0.0.1:49790]
18:36:32.206 [Forwarding screenshot on session 67d5567c917277c62ba474aee5738c38 to remote] DEBUG org.asynchttpclient.netty.request.NettyRequestSender - Using pooled Channel '[id: 0xb676d290, L:/127.0.0.1:50127 - R:localhost/127.0.0.1:49790]' for 'GET' to 'http://localhost:49790/session/67d5567c917277c62ba474aee5738c38/screenshot'
18:36:32.206 [Forwarding screenshot on session 67d5567c917277c62ba474aee5738c38 to remote] DEBUG org.asynchttpclient.netty.request.NettyRequestSender - Using open Channel [id: 0xb676d290, L:/127.0.0.1:50127 - R:localhost/127.0.0.1:49790] for GET '/session/67d5567c917277c62ba474aee5738c38/screenshot'
18:36:32.464 [AsyncHttpClient-1-9] DEBUG org.asynchttpclient.netty.handler.HttpHandler - 

Request DefaultFullHttpRequest(decodeResult: success, version: HTTP/1.1, content: EmptyByteBufBE)
GET /session/67d5567c917277c62ba474aee5738c38/screenshot HTTP/1.1
User-Agent: selenium/4.1.4 (java windows)
Cache-Control: no-cache
Content-Type: application/json; charset=utf-8
host: localhost:49790
accept: */*

Response DefaultHttpResponse(decodeResult: success, version: HTTP/1.1)
HTTP/1.1 200 OK
Content-Type: application/json; charset=utf-8
cache-control: no-cache
content-length: 114804

18:36:32.464 [AsyncHttpClient-1-9] DEBUG org.asynchttpclient.netty.channel.ChannelManager - Adding key: http://localhost:49790 for channel [id: 0xb676d290, L:/127.0.0.1:50127 - R:localhost/127.0.0.1:49790]
18:36:32.474 [main] DEBUG net.serenitybdd.core.photography.Darkroom - Send negative for processing for target\site\serenity\54a63ed0ce9c2440efb5b6b1d33b1008e6cdebb43124bd8289c747a504033900.png
18:36:32.474 [main] DEBUG net.thucydides.core.steps.StepInterceptor - STEP DONE: clickButtonDataPasien
  &amp#27;[32mAnd &amp#27;[0m&amp#27;[32mClick button data pasien&amp#27;[0m                                 &amp#27;[90m# starter.stepdefinitios.PatientDataSteps.clickButtonDataPasien()&amp#27;[0m
18:36:33.239 [AsyncHttpClient-1-1] DEBUG org.asynchttpclient.netty.channel.DefaultChannelPool - Entry count for : http://localhost:49790 : 1
18:36:33.239 [AsyncHttpClient-1-1] DEBUG org.asynchttpclient.netty.channel.DefaultChannelPool - Entry count for : http://localhost:50128 : 1
18:36:34.343 [AsyncHttpClient-1-1] DEBUG org.asynchttpclient.netty.channel.DefaultChannelPool - Entry count for : http://localhost:49790 : 1
18:36:34.343 [AsyncHttpClient-1-1] DEBUG org.asynchttpclient.netty.channel.DefaultChannelPool - Entry count for : http://localhost:50128 : 1
18:36:35.443 [AsyncHttpClient-1-1] DEBUG org.asynchttpclient.netty.channel.DefaultChannelPool - Entry count for : http://localhost:49790 : 1
18:36:35.443 [AsyncHttpClient-1-1] DEBUG org.asynchttpclient.netty.channel.DefaultChannelPool - Entry count for : http://localhost:50128 : 1
18:36:36.539 [AsyncHttpClient-1-1] DEBUG org.asynchttpclient.netty.channel.DefaultChannelPool - Entry count for : http://localhost:49790 : 1
18:36:36.539 [AsyncHttpClient-1-1] DEBUG org.asynchttpclient.netty.channel.DefaultChannelPool - Entry count for : http://localhost:50128 : 1
18:36:37.519 [Forwarding screenshot on session 67d5567c917277c62ba474aee5738c38 to remote] DEBUG org.asynchttpclient.netty.request.NettyRequestSender - Using pooled Channel '[id: 0xb676d290, L:/127.0.0.1:50127 - R:localhost/127.0.0.1:49790]' for 'GET' to 'http://localhost:49790/session/67d5567c917277c62ba474aee5738c38/screenshot'
18:36:37.519 [Forwarding screenshot on session 67d5567c917277c62ba474aee5738c38 to remote] DEBUG org.asynchttpclient.netty.request.NettyRequestSender - Using open Channel [id: 0xb676d290, L:/127.0.0.1:50127 - R:localhost/127.0.0.1:49790] for GET '/session/67d5567c917277c62ba474aee5738c38/screenshot'
18:36:37.636 [AsyncHttpClient-1-1] DEBUG org.asynchttpclient.netty.channel.DefaultChannelPool - Entry count for : http://localhost:50128 : 1
18:36:37.709 [AsyncHttpClient-1-9] DEBUG org.asynchttpclient.netty.handler.HttpHandler - 

Request DefaultFullHttpRequest(decodeResult: success, version: HTTP/1.1, content: EmptyByteBufBE)
GET /session/67d5567c917277c62ba474aee5738c38/screenshot HTTP/1.1
User-Agent: selenium/4.1.4 (java windows)
Cache-Control: no-cache
Content-Type: application/json; charset=utf-8
host: localhost:49790
accept: */*

Response DefaultHttpResponse(decodeResult: success, version: HTTP/1.1)
HTTP/1.1 200 OK
Content-Type: application/json; charset=utf-8
cache-control: no-cache
content-length: 98488

18:36:37.710 [AsyncHttpClient-1-9] DEBUG org.asynchttpclient.netty.channel.ChannelManager - Adding key: http://localhost:49790 for channel [id: 0xb676d290, L:/127.0.0.1:50127 - R:localhost/127.0.0.1:49790]
18:36:37.712 [main] DEBUG net.serenitybdd.core.photography.Darkroom - Send negative for processing for target\site\serenity\382e83dcfc7187e7fc61d0671ee201628243b60b304439c29588db327157beff.png
18:36:37.712 [main] DEBUG net.thucydides.core.steps.StepInterceptor - STARTING STEP: PatientDataSteps.clickDeletePatientData - clickButtonSampah
18:36:37.715 [Forwarding findElement on session 67d5567c917277c62ba474aee5738c38 to remote] DEBUG org.asynchttpclient.netty.request.NettyRequestSender - Using pooled Channel '[id: 0xb676d290, L:/127.0.0.1:50127 - R:localhost/127.0.0.1:49790]' for 'POST' to 'http://localhost:49790/session/67d5567c917277c62ba474aee5738c38/element'
18:36:37.715 [Forwarding findElement on session 67d5567c917277c62ba474aee5738c38 to remote] DEBUG org.asynchttpclient.netty.request.NettyRequestSender - Using open Channel [id: 0xb676d290, L:/127.0.0.1:50127 - R:localhost/127.0.0.1:49790] for POST '/session/67d5567c917277c62ba474aee5738c38/element'
18:36:37.728 [AsyncHttpClient-1-9] DEBUG org.asynchttpclient.netty.handler.HttpHandler - 

Request DefaultHttpRequest(decodeResult: success, version: HTTP/1.1)
POST /session/67d5567c917277c62ba474aee5738c38/element HTTP/1.1
User-Agent: selenium/4.1.4 (java windows)
Content-Length: 92
Content-Type: application/json; charset=utf-8
host: localhost:49790
accept: */*

Response DefaultHttpResponse(decodeResult: success, version: HTTP/1.1)
HTTP/1.1 200 OK
Content-Type: application/json; charset=utf-8
cache-control: no-cache
content-length: 88

18:36:37.728 [AsyncHttpClient-1-9] DEBUG org.asynchttpclient.netty.channel.ChannelManager - Adding key: http://localhost:49790 for channel [id: 0xb676d290, L:/127.0.0.1:50127 - R:localhost/127.0.0.1:49790]
18:36:37.728 [Forwarding getElementTagName on session 67d5567c917277c62ba474aee5738c38 to remote] DEBUG org.asynchttpclient.netty.request.NettyRequestSender - Using pooled Channel '[id: 0xb676d290, L:/127.0.0.1:50127 - R:localhost/127.0.0.1:49790]' for 'GET' to 'http://localhost:49790/session/67d5567c917277c62ba474aee5738c38/element/74cc58f7-7a61-446f-b793-c899b81a2c52/name'
18:36:37.728 [Forwarding getElementTagName on session 67d5567c917277c62ba474aee5738c38 to remote] DEBUG org.asynchttpclient.netty.request.NettyRequestSender - Using open Channel [id: 0xb676d290, L:/127.0.0.1:50127 - R:localhost/127.0.0.1:49790] for GET '/session/67d5567c917277c62ba474aee5738c38/element/74cc58f7-7a61-446f-b793-c899b81a2c52/name'
18:36:37.732 [AsyncHttpClient-1-9] DEBUG org.asynchttpclient.netty.handler.HttpHandler - 

Request DefaultFullHttpRequest(decodeResult: success, version: HTTP/1.1, content: EmptyByteBufBE)
GET /session/67d5567c917277c62ba474aee5738c38/element/74cc58f7-7a61-446f-b793-c899b81a2c52/name HTTP/1.1
User-Agent: selenium/4.1.4 (java windows)
Cache-Control: no-cache
Content-Type: application/json; charset=utf-8
host: localhost:49790
accept: */*

Response DefaultHttpResponse(decodeResult: success, version: HTTP/1.1)
HTTP/1.1 200 OK
Content-Type: application/json; charset=utf-8
cache-control: no-cache
content-length: 15

18:36:37.732 [AsyncHttpClient-1-9] DEBUG org.asynchttpclient.netty.channel.ChannelManager - Adding key: http://localhost:49790 for channel [id: 0xb676d290, L:/127.0.0.1:50127 - R:localhost/127.0.0.1:49790]
18:36:37.734 [Forwarding getElementTagName on session 67d5567c917277c62ba474aee5738c38 to remote] DEBUG org.asynchttpclient.netty.request.NettyRequestSender - Using pooled Channel '[id: 0xb676d290, L:/127.0.0.1:50127 - R:localhost/127.0.0.1:49790]' for 'GET' to 'http://localhost:49790/session/67d5567c917277c62ba474aee5738c38/element/74cc58f7-7a61-446f-b793-c899b81a2c52/name'
18:36:37.734 [Forwarding getElementTagName on session 67d5567c917277c62ba474aee5738c38 to remote] DEBUG org.asynchttpclient.netty.request.NettyRequestSender - Using open Channel [id: 0xb676d290, L:/127.0.0.1:50127 - R:localhost/127.0.0.1:49790] for GET '/session/67d5567c917277c62ba474aee5738c38/element/74cc58f7-7a61-446f-b793-c899b81a2c52/name'
18:36:37.736 [AsyncHttpClient-1-9] DEBUG org.asynchttpclient.netty.handler.HttpHandler - 

Request DefaultFullHttpRequest(decodeResult: success, version: HTTP/1.1, content: EmptyByteBufBE)
GET /session/67d5567c917277c62ba474aee5738c38/element/74cc58f7-7a61-446f-b793-c899b81a2c52/name HTTP/1.1
User-Agent: selenium/4.1.4 (java windows)
Cache-Control: no-cache
Content-Type: application/json; charset=utf-8
host: localhost:49790
accept: */*

Response DefaultHttpResponse(decodeResult: success, version: HTTP/1.1)
HTTP/1.1 200 OK
Content-Type: application/json; charset=utf-8
cache-control: no-cache
content-length: 15

18:36:37.736 [AsyncHttpClient-1-9] DEBUG org.asynchttpclient.netty.channel.ChannelManager - Adding key: http://localhost:49790 for channel [id: 0xb676d290, L:/127.0.0.1:50127 - R:localhost/127.0.0.1:49790]
18:36:37.737 [Forwarding findElement on session 67d5567c917277c62ba474aee5738c38 to remote] DEBUG org.asynchttpclient.netty.request.NettyRequestSender - Using pooled Channel '[id: 0xb676d290, L:/127.0.0.1:50127 - R:localhost/127.0.0.1:49790]' for 'POST' to 'http://localhost:49790/session/67d5567c917277c62ba474aee5738c38/element'
18:36:37.737 [Forwarding findElement on session 67d5567c917277c62ba474aee5738c38 to remote] DEBUG org.asynchttpclient.netty.request.NettyRequestSender - Using open Channel [id: 0xb676d290, L:/127.0.0.1:50127 - R:localhost/127.0.0.1:49790] for POST '/session/67d5567c917277c62ba474aee5738c38/element'
18:36:37.744 [AsyncHttpClient-1-9] DEBUG org.asynchttpclient.netty.handler.HttpHandler - 

Request DefaultHttpRequest(decodeResult: success, version: HTTP/1.1)
POST /session/67d5567c917277c62ba474aee5738c38/element HTTP/1.1
User-Agent: selenium/4.1.4 (java windows)
Content-Length: 92
Content-Type: application/json; charset=utf-8
host: localhost:49790
accept: */*

Response DefaultHttpResponse(decodeResult: success, version: HTTP/1.1)
HTTP/1.1 200 OK
Content-Type: application/json; charset=utf-8
cache-control: no-cache
content-length: 88

18:36:37.744 [AsyncHttpClient-1-9] DEBUG org.asynchttpclient.netty.channel.ChannelManager - Adding key: http://localhost:49790 for channel [id: 0xb676d290, L:/127.0.0.1:50127 - R:localhost/127.0.0.1:49790]
18:36:37.745 [Forwarding clickElement on session 67d5567c917277c62ba474aee5738c38 to remote] DEBUG org.asynchttpclient.netty.request.NettyRequestSender - Using pooled Channel '[id: 0xb676d290, L:/127.0.0.1:50127 - R:localhost/127.0.0.1:49790]' for 'POST' to 'http://localhost:49790/session/67d5567c917277c62ba474aee5738c38/element/74cc58f7-7a61-446f-b793-c899b81a2c52/click'
18:36:37.745 [Forwarding clickElement on session 67d5567c917277c62ba474aee5738c38 to remote] DEBUG org.asynchttpclient.netty.request.NettyRequestSender - Using open Channel [id: 0xb676d290, L:/127.0.0.1:50127 - R:localhost/127.0.0.1:49790] for POST '/session/67d5567c917277c62ba474aee5738c38/element/74cc58f7-7a61-446f-b793-c899b81a2c52/click'
18:36:37.785 [AsyncHttpClient-1-9] DEBUG org.asynchttpclient.netty.handler.HttpHandler - 

Request DefaultHttpRequest(decodeResult: success, version: HTTP/1.1)
POST /session/67d5567c917277c62ba474aee5738c38/element/74cc58f7-7a61-446f-b793-c899b81a2c52/click HTTP/1.1
User-Agent: selenium/4.1.4 (java windows)
Content-Length: 50
Content-Type: application/json; charset=utf-8
host: localhost:49790
accept: */*

Response DefaultHttpResponse(decodeResult: success, version: HTTP/1.1)
HTTP/1.1 200 OK
Content-Type: application/json; charset=utf-8
cache-control: no-cache
content-length: 14

18:36:37.785 [AsyncHttpClient-1-9] DEBUG org.asynchttpclient.netty.channel.ChannelManager - Adding key: http://localhost:49790 for channel [id: 0xb676d290, L:/127.0.0.1:50127 - R:localhost/127.0.0.1:49790]
18:36:37.790 [Forwarding screenshot on session 67d5567c917277c62ba474aee5738c38 to remote] DEBUG org.asynchttpclient.netty.request.NettyRequestSender - Using pooled Channel '[id: 0xb676d290, L:/127.0.0.1:50127 - R:localhost/127.0.0.1:49790]' for 'GET' to 'http://localhost:49790/session/67d5567c917277c62ba474aee5738c38/screenshot'
18:36:37.790 [Forwarding screenshot on session 67d5567c917277c62ba474aee5738c38 to remote] DEBUG org.asynchttpclient.netty.request.NettyRequestSender - Using open Channel [id: 0xb676d290, L:/127.0.0.1:50127 - R:localhost/127.0.0.1:49790] for GET '/session/67d5567c917277c62ba474aee5738c38/screenshot'
18:36:38.020 [AsyncHttpClient-1-9] DEBUG org.asynchttpclient.netty.handler.HttpHandler - 

Request DefaultFullHttpRequest(decodeResult: success, version: HTTP/1.1, content: EmptyByteBufBE)
GET /session/67d5567c917277c62ba474aee5738c38/screenshot HTTP/1.1
User-Agent: selenium/4.1.4 (java windows)
Cache-Control: no-cache
Content-Type: application/json; charset=utf-8
host: localhost:49790
accept: */*

Response DefaultHttpResponse(decodeResult: success, version: HTTP/1.1)
HTTP/1.1 200 OK
Content-Type: application/json; charset=utf-8
cache-control: no-cache
content-length: 112316

18:36:38.021 [AsyncHttpClient-1-9] DEBUG org.asynchttpclient.netty.channel.ChannelManager - Adding key: http://localhost:49790 for channel [id: 0xb676d290, L:/127.0.0.1:50127 - R:localhost/127.0.0.1:49790]
18:36:38.028 [main] DEBUG net.serenitybdd.core.photography.Darkroom - Send negative for processing for target\site\serenity\d034c5639546c20861b34b004f70422e35bccad8d39e90019d0bc89cbe9e8276.png
18:36:38.028 [main] DEBUG net.thucydides.core.steps.StepInterceptor - STEP DONE: clickButtonSampah
  &amp#27;[32mThen &amp#27;[0m&amp#27;[32mClick Delete Patient data&amp#27;[0m                               &amp#27;[90m# starter.stepdefinitios.PatientDataSteps.clickDeletePatientData()&amp#27;[0m
18:36:38.029 [Darkroom Processing Line] DEBUG net.serenitybdd.core.photography.DarkroomProcessingLine - Processing screenshot image in /var/screenshots/screenshot-18337289387768956846
18:36:38.029 [Darkroom Processing Line] DEBUG net.serenitybdd.core.photography.DarkroomProcessingLine - Saving screenshot to target\site\serenity\d034c5639546c20861b34b004f70422e35bccad8d39e90019d0bc89cbe9e8276.png
18:36:38.740 [AsyncHttpClient-1-1] DEBUG org.asynchttpclient.netty.channel.DefaultChannelPool - Entry count for : http://localhost:49790 : 1
18:36:38.740 [AsyncHttpClient-1-1] DEBUG org.asynchttpclient.netty.channel.DefaultChannelPool - Entry count for : http://localhost:50128 : 1
18:36:39.836 [AsyncHttpClient-1-1] DEBUG org.asynchttpclient.netty.channel.DefaultChannelPool - Entry count for : http://localhost:49790 : 1
18:36:39.836 [AsyncHttpClient-1-1] DEBUG org.asynchttpclient.netty.channel.DefaultChannelPool - Entry count for : http://localhost:50128 : 1
18:36:40.939 [AsyncHttpClient-1-1] DEBUG org.asynchttpclient.netty.channel.DefaultChannelPool - Entry count for : http://localhost:49790 : 1
18:36:40.939 [AsyncHttpClient-1-1] DEBUG org.asynchttpclient.netty.channel.DefaultChannelPool - Entry count for : http://localhost:50128 : 1
18:36:41.075 [Forwarding screenshot on session 67d5567c917277c62ba474aee5738c38 to remote] DEBUG org.asynchttpclient.netty.request.NettyRequestSender - Using pooled Channel '[id: 0xb676d290, L:/127.0.0.1:50127 - R:localhost/127.0.0.1:49790]' for 'GET' to 'http://localhost:49790/session/67d5567c917277c62ba474aee5738c38/screenshot'
18:36:41.075 [Forwarding screenshot on session 67d5567c917277c62ba474aee5738c38 to remote] DEBUG org.asynchttpclient.netty.request.NettyRequestSender - Using open Channel [id: 0xb676d290, L:/127.0.0.1:50127 - R:localhost/127.0.0.1:49790] for GET '/session/67d5567c917277c62ba474aee5738c38/screenshot'
18:36:41.240 [AsyncHttpClient-1-9] DEBUG org.asynchttpclient.netty.handler.HttpHandler - 

Request DefaultFullHttpRequest(decodeResult: success, version: HTTP/1.1, content: EmptyByteBufBE)
GET /session/67d5567c917277c62ba474aee5738c38/screenshot HTTP/1.1
User-Agent: selenium/4.1.4 (java windows)
Cache-Control: no-cache
Content-Type: application/json; charset=utf-8
host: localhost:49790
accept: */*

Response DefaultHttpResponse(decodeResult: success, version: HTTP/1.1)
HTTP/1.1 200 OK
Content-Type: application/json; charset=utf-8
cache-control: no-cache
content-length: 104476

18:36:41.240 [AsyncHttpClient-1-9] DEBUG org.asynchttpclient.netty.channel.ChannelManager - Adding key: http://localhost:49790 for channel [id: 0xb676d290, L:/127.0.0.1:50127 - R:localhost/127.0.0.1:49790]
18:36:41.242 [main] DEBUG net.serenitybdd.core.photography.Darkroom - Send negative for processing for target\site\serenity\49e455bdef8c70dc9468399103f535eee23fc9c5b97cdc61d17fcaf8b0014a84.png
18:36:41.242 [main] DEBUG net.thucydides.core.steps.StepInterceptor - STARTING STEP: PatientDataSteps.clickButtonHapusTidak - clickButtonDeleteTidak
18:36:41.242 [Darkroom Processing Line] DEBUG net.serenitybdd.core.photography.DarkroomProcessingLine - Processing screenshot image in /var/screenshots/screenshot-8781659920621219568
18:36:41.243 [Darkroom Processing Line] DEBUG net.serenitybdd.core.photography.DarkroomProcessingLine - Saving screenshot to target\site\serenity\49e455bdef8c70dc9468399103f535eee23fc9c5b97cdc61d17fcaf8b0014a84.png
18:36:41.245 [Forwarding findElement on session 67d5567c917277c62ba474aee5738c38 to remote] DEBUG org.asynchttpclient.netty.request.NettyRequestSender - Using pooled Channel '[id: 0xb676d290, L:/127.0.0.1:50127 - R:localhost/127.0.0.1:49790]' for 'POST' to 'http://localhost:49790/session/67d5567c917277c62ba474aee5738c38/element'
18:36:41.245 [Forwarding findElement on session 67d5567c917277c62ba474aee5738c38 to remote] DEBUG org.asynchttpclient.netty.request.NettyRequestSender - Using open Channel [id: 0xb676d290, L:/127.0.0.1:50127 - R:localhost/127.0.0.1:49790] for POST '/session/67d5567c917277c62ba474aee5738c38/element'
18:36:41.254 [AsyncHttpClient-1-9] DEBUG org.asynchttpclient.netty.handler.HttpHandler - 

Request DefaultHttpRequest(decodeResult: success, version: HTTP/1.1)
POST /session/67d5567c917277c62ba474aee5738c38/element HTTP/1.1
User-Agent: selenium/4.1.4 (java windows)
Content-Length: 91
Content-Type: application/json; charset=utf-8
host: localhost:49790
accept: */*

Response DefaultHttpResponse(decodeResult: success, version: HTTP/1.1)
HTTP/1.1 200 OK
Content-Type: application/json; charset=utf-8
cache-control: no-cache
content-length: 88

18:36:41.254 [AsyncHttpClient-1-9] DEBUG org.asynchttpclient.netty.channel.ChannelManager - Adding key: http://localhost:49790 for channel [id: 0xb676d290, L:/127.0.0.1:50127 - R:localhost/127.0.0.1:49790]
18:36:41.255 [Forwarding getElementTagName on session 67d5567c917277c62ba474aee5738c38 to remote] DEBUG org.asynchttpclient.netty.request.NettyRequestSender - Using pooled Channel '[id: 0xb676d290, L:/127.0.0.1:50127 - R:localhost/127.0.0.1:49790]' for 'GET' to 'http://localhost:49790/session/67d5567c917277c62ba474aee5738c38/element/55fd2f20-e40d-4245-91c9-7627128cff18/name'
18:36:41.255 [Forwarding getElementTagName on session 67d5567c917277c62ba474aee5738c38 to remote] DEBUG org.asynchttpclient.netty.request.NettyRequestSender - Using open Channel [id: 0xb676d290, L:/127.0.0.1:50127 - R:localhost/127.0.0.1:49790] for GET '/session/67d5567c917277c62ba474aee5738c38/element/55fd2f20-e40d-4245-91c9-7627128cff18/name'
18:36:41.259 [AsyncHttpClient-1-9] DEBUG org.asynchttpclient.netty.handler.HttpHandler - 

Request DefaultFullHttpRequest(decodeResult: success, version: HTTP/1.1, content: EmptyByteBufBE)
GET /session/67d5567c917277c62ba474aee5738c38/element/55fd2f20-e40d-4245-91c9-7627128cff18/name HTTP/1.1
User-Agent: selenium/4.1.4 (java windows)
Cache-Control: no-cache
Content-Type: application/json; charset=utf-8
host: localhost:49790
accept: */*

Response DefaultHttpResponse(decodeResult: success, version: HTTP/1.1)
HTTP/1.1 200 OK
Content-Type: application/json; charset=utf-8
cache-control: no-cache
content-length: 18

18:36:41.259 [AsyncHttpClient-1-9] DEBUG org.asynchttpclient.netty.channel.ChannelManager - Adding key: http://localhost:49790 for channel [id: 0xb676d290, L:/127.0.0.1:50127 - R:localhost/127.0.0.1:49790]
18:36:41.260 [Forwarding getElementTagName on session 67d5567c917277c62ba474aee5738c38 to remote] DEBUG org.asynchttpclient.netty.request.NettyRequestSender - Using pooled Channel '[id: 0xb676d290, L:/127.0.0.1:50127 - R:localhost/127.0.0.1:49790]' for 'GET' to 'http://localhost:49790/session/67d5567c917277c62ba474aee5738c38/element/55fd2f20-e40d-4245-91c9-7627128cff18/name'
18:36:41.260 [Forwarding getElementTagName on session 67d5567c917277c62ba474aee5738c38 to remote] DEBUG org.asynchttpclient.netty.request.NettyRequestSender - Using open Channel [id: 0xb676d290, L:/127.0.0.1:50127 - R:localhost/127.0.0.1:49790] for GET '/session/67d5567c917277c62ba474aee5738c38/element/55fd2f20-e40d-4245-91c9-7627128cff18/name'
18:36:41.262 [AsyncHttpClient-1-9] DEBUG org.asynchttpclient.netty.handler.HttpHandler - 

Request DefaultFullHttpRequest(decodeResult: success, version: HTTP/1.1, content: EmptyByteBufBE)
GET /session/67d5567c917277c62ba474aee5738c38/element/55fd2f20-e40d-4245-91c9-7627128cff18/name HTTP/1.1
User-Agent: selenium/4.1.4 (java windows)
Cache-Control: no-cache
Content-Type: application/json; charset=utf-8
host: localhost:49790
accept: */*

Response DefaultHttpResponse(decodeResult: success, version: HTTP/1.1)
HTTP/1.1 200 OK
Content-Type: application/json; charset=utf-8
cache-control: no-cache
content-length: 18

18:36:41.262 [AsyncHttpClient-1-9] DEBUG org.asynchttpclient.netty.channel.ChannelManager - Adding key: http://localhost:49790 for channel [id: 0xb676d290, L:/127.0.0.1:50127 - R:localhost/127.0.0.1:49790]
18:36:41.263 [Forwarding isElementEnabled on session 67d5567c917277c62ba474aee5738c38 to remote] DEBUG org.asynchttpclient.netty.request.NettyRequestSender - Using pooled Channel '[id: 0xb676d290, L:/127.0.0.1:50127 - R:localhost/127.0.0.1:49790]' for 'GET' to 'http://localhost:49790/session/67d5567c917277c62ba474aee5738c38/element/55fd2f20-e40d-4245-91c9-7627128cff18/enabled'
18:36:41.263 [Forwarding isElementEnabled on session 67d5567c917277c62ba474aee5738c38 to remote] DEBUG org.asynchttpclient.netty.request.NettyRequestSender - Using open Channel [id: 0xb676d290, L:/127.0.0.1:50127 - R:localhost/127.0.0.1:49790] for GET '/session/67d5567c917277c62ba474aee5738c38/element/55fd2f20-e40d-4245-91c9-7627128cff18/enabled'
18:36:41.270 [AsyncHttpClient-1-9] DEBUG org.asynchttpclient.netty.handler.HttpHandler - 

Request DefaultFullHttpRequest(decodeResult: success, version: HTTP/1.1, content: EmptyByteBufBE)
GET /session/67d5567c917277c62ba474aee5738c38/element/55fd2f20-e40d-4245-91c9-7627128cff18/enabled HTTP/1.1
User-Agent: selenium/4.1.4 (java windows)
Cache-Control: no-cache
Content-Type: application/json; charset=utf-8
host: localhost:49790
accept: */*

Response DefaultHttpResponse(decodeResult: success, version: HTTP/1.1)
HTTP/1.1 200 OK
Content-Type: application/json; charset=utf-8
cache-control: no-cache
content-length: 14

18:36:41.270 [AsyncHttpClient-1-9] DEBUG org.asynchttpclient.netty.channel.ChannelManager - Adding key: http://localhost:49790 for channel [id: 0xb676d290, L:/127.0.0.1:50127 - R:localhost/127.0.0.1:49790]
18:36:41.270 [Forwarding isElementEnabled on session 67d5567c917277c62ba474aee5738c38 to remote] DEBUG org.asynchttpclient.netty.request.NettyRequestSender - Using pooled Channel '[id: 0xb676d290, L:/127.0.0.1:50127 - R:localhost/127.0.0.1:49790]' for 'GET' to 'http://localhost:49790/session/67d5567c917277c62ba474aee5738c38/element/55fd2f20-e40d-4245-91c9-7627128cff18/enabled'
18:36:41.270 [Forwarding isElementEnabled on session 67d5567c917277c62ba474aee5738c38 to remote] DEBUG org.asynchttpclient.netty.request.NettyRequestSender - Using open Channel [id: 0xb676d290, L:/127.0.0.1:50127 - R:localhost/127.0.0.1:49790] for GET '/session/67d5567c917277c62ba474aee5738c38/element/55fd2f20-e40d-4245-91c9-7627128cff18/enabled'
18:36:41.276 [AsyncHttpClient-1-9] DEBUG org.asynchttpclient.netty.handler.HttpHandler - 

Request DefaultFullHttpRequest(decodeResult: success, version: HTTP/1.1, content: EmptyByteBufBE)
GET /session/67d5567c917277c62ba474aee5738c38/element/55fd2f20-e40d-4245-91c9-7627128cff18/enabled HTTP/1.1
User-Agent: selenium/4.1.4 (java windows)
Cache-Control: no-cache
Content-Type: application/json; charset=utf-8
host: localhost:49790
accept: */*

Response DefaultHttpResponse(decodeResult: success, version: HTTP/1.1)
HTTP/1.1 200 OK
Content-Type: application/json; charset=utf-8
cache-control: no-cache
content-length: 14

18:36:41.276 [AsyncHttpClient-1-9] DEBUG org.asynchttpclient.netty.channel.ChannelManager - Adding key: http://localhost:49790 for channel [id: 0xb676d290, L:/127.0.0.1:50127 - R:localhost/127.0.0.1:49790]
18:36:41.277 [Forwarding findElement on session 67d5567c917277c62ba474aee5738c38 to remote] DEBUG org.asynchttpclient.netty.request.NettyRequestSender - Using pooled Channel '[id: 0xb676d290, L:/127.0.0.1:50127 - R:localhost/127.0.0.1:49790]' for 'POST' to 'http://localhost:49790/session/67d5567c917277c62ba474aee5738c38/element'
18:36:41.277 [Forwarding findElement on session 67d5567c917277c62ba474aee5738c38 to remote] DEBUG org.asynchttpclient.netty.request.NettyRequestSender - Using open Channel [id: 0xb676d290, L:/127.0.0.1:50127 - R:localhost/127.0.0.1:49790] for POST '/session/67d5567c917277c62ba474aee5738c38/element'
18:36:41.282 [AsyncHttpClient-1-9] DEBUG org.asynchttpclient.netty.handler.HttpHandler - 

Request DefaultHttpRequest(decodeResult: success, version: HTTP/1.1)
POST /session/67d5567c917277c62ba474aee5738c38/element HTTP/1.1
User-Agent: selenium/4.1.4 (java windows)
Content-Length: 91
Content-Type: application/json; charset=utf-8
host: localhost:49790
accept: */*

Response DefaultHttpResponse(decodeResult: success, version: HTTP/1.1)
HTTP/1.1 200 OK
Content-Type: application/json; charset=utf-8
cache-control: no-cache
content-length: 88

18:36:41.283 [AsyncHttpClient-1-9] DEBUG org.asynchttpclient.netty.channel.ChannelManager - Adding key: http://localhost:49790 for channel [id: 0xb676d290, L:/127.0.0.1:50127 - R:localhost/127.0.0.1:49790]
18:36:41.283 [Forwarding clickElement on session 67d5567c917277c62ba474aee5738c38 to remote] DEBUG org.asynchttpclient.netty.request.NettyRequestSender - Using pooled Channel '[id: 0xb676d290, L:/127.0.0.1:50127 - R:localhost/127.0.0.1:49790]' for 'POST' to 'http://localhost:49790/session/67d5567c917277c62ba474aee5738c38/element/55fd2f20-e40d-4245-91c9-7627128cff18/click'
18:36:41.283 [Forwarding clickElement on session 67d5567c917277c62ba474aee5738c38 to remote] DEBUG org.asynchttpclient.netty.request.NettyRequestSender - Using open Channel [id: 0xb676d290, L:/127.0.0.1:50127 - R:localhost/127.0.0.1:49790] for POST '/session/67d5567c917277c62ba474aee5738c38/element/55fd2f20-e40d-4245-91c9-7627128cff18/click'
18:36:41.313 [AsyncHttpClient-1-9] DEBUG org.asynchttpclient.netty.handler.HttpHandler - 

Request DefaultHttpRequest(decodeResult: success, version: HTTP/1.1)
POST /session/67d5567c917277c62ba474aee5738c38/element/55fd2f20-e40d-4245-91c9-7627128cff18/click HTTP/1.1
User-Agent: selenium/4.1.4 (java windows)
Content-Length: 50
Content-Type: application/json; charset=utf-8
host: localhost:49790
accept: */*

Response DefaultHttpResponse(decodeResult: success, version: HTTP/1.1)
HTTP/1.1 200 OK
Content-Type: application/json; charset=utf-8
cache-control: no-cache
content-length: 14

18:36:41.313 [AsyncHttpClient-1-9] DEBUG org.asynchttpclient.netty.channel.ChannelManager - Adding key: http://localhost:49790 for channel [id: 0xb676d290, L:/127.0.0.1:50127 - R:localhost/127.0.0.1:49790]
18:36:41.317 [Forwarding screenshot on session 67d5567c917277c62ba474aee5738c38 to remote] DEBUG org.asynchttpclient.netty.request.NettyRequestSender - Using pooled Channel '[id: 0xb676d290, L:/127.0.0.1:50127 - R:localhost/127.0.0.1:49790]' for 'GET' to 'http://localhost:49790/session/67d5567c917277c62ba474aee5738c38/screenshot'
18:36:41.317 [Forwarding screenshot on session 67d5567c917277c62ba474aee5738c38 to remote] DEBUG org.asynchttpclient.netty.request.NettyRequestSender - Using open Channel [id: 0xb676d290, L:/127.0.0.1:50127 - R:localhost/127.0.0.1:49790] for GET '/session/67d5567c917277c62ba474aee5738c38/screenshot'
18:36:41.472 [AsyncHttpClient-1-9] DEBUG org.asynchttpclient.netty.handler.HttpHandler - 

Request DefaultFullHttpRequest(decodeResult: success, version: HTTP/1.1, content: EmptyByteBufBE)
GET /session/67d5567c917277c62ba474aee5738c38/screenshot HTTP/1.1
User-Agent: selenium/4.1.4 (java windows)
Cache-Control: no-cache
Content-Type: application/json; charset=utf-8
host: localhost:49790
accept: */*

Response DefaultHttpResponse(decodeResult: success, version: HTTP/1.1)
HTTP/1.1 200 OK
Content-Type: application/json; charset=utf-8
cache-control: no-cache
content-length: 111848

18:36:41.472 [AsyncHttpClient-1-9] DEBUG org.asynchttpclient.netty.channel.ChannelManager - Adding key: http://localhost:49790 for channel [id: 0xb676d290, L:/127.0.0.1:50127 - R:localhost/127.0.0.1:49790]
18:36:41.476 [main] DEBUG net.serenitybdd.core.photography.Darkroom - Send negative for processing for target\site\serenity\7e6db8c42e56be975bf448e882db85517f17ae8720072a966328ad70278ea154.png
18:36:41.476 [main] DEBUG net.thucydides.core.steps.StepInterceptor - STEP DONE: clickButtonDeleteTidak
  &amp#27;[32mAnd &amp#27;[0m&amp#27;[32mClick button hapus tidak&amp#27;[0m                                 &amp#27;[90m# starter.stepdefinitios.PatientDataSteps.clickButtonHapusTidak()&amp#27;[0m
18:36:41.476 [Darkroom Processing Line] DEBUG net.serenitybdd.core.photography.DarkroomProcessingLine - Processing screenshot image in /var/screenshots/screenshot-8191592671579027177
18:36:41.476 [Darkroom Processing Line] DEBUG net.serenitybdd.core.photography.DarkroomProcessingLine - Saving screenshot to target\site\serenity\7e6db8c42e56be975bf448e882db85517f17ae8720072a966328ad70278ea154.png
18:36:42.042 [AsyncHttpClient-1-1] DEBUG org.asynchttpclient.netty.channel.DefaultChannelPool - Entry count for : http://localhost:49790 : 1
18:36:42.042 [AsyncHttpClient-1-1] DEBUG org.asynchttpclient.netty.channel.DefaultChannelPool - Entry count for : http://localhost:50128 : 1
18:36:43.136 [AsyncHttpClient-1-1] DEBUG org.asynchttpclient.netty.channel.DefaultChannelPool - Entry count for : http://localhost:49790 : 1
18:36:43.136 [AsyncHttpClient-1-1] DEBUG org.asynchttpclient.netty.channel.DefaultChannelPool - Entry count for : http://localhost:50128 : 1
18:36:44.235 [AsyncHttpClient-1-1] DEBUG org.asynchttpclient.netty.channel.DefaultChannelPool - Entry count for : http://localhost:49790 : 1
18:36:44.235 [AsyncHttpClient-1-1] DEBUG org.asynchttpclient.netty.channel.DefaultChannelPool - Entry count for : http://localhost:50128 : 1
18:36:44.492 [Forwarding screenshot on session 67d5567c917277c62ba474aee5738c38 to remote] DEBUG org.asynchttpclient.netty.request.NettyRequestSender - Using pooled Channel '[id: 0xb676d290, L:/127.0.0.1:50127 - R:localhost/127.0.0.1:49790]' for 'GET' to 'http://localhost:49790/session/67d5567c917277c62ba474aee5738c38/screenshot'
18:36:44.500 [Forwarding screenshot on session 67d5567c917277c62ba474aee5738c38 to remote] DEBUG org.asynchttpclient.netty.request.NettyRequestSender - Using open Channel [id: 0xb676d290, L:/127.0.0.1:50127 - R:localhost/127.0.0.1:49790] for GET '/session/67d5567c917277c62ba474aee5738c38/screenshot'
18:36:44.673 [AsyncHttpClient-1-9] DEBUG org.asynchttpclient.netty.handler.HttpHandler - 

Request DefaultFullHttpRequest(decodeResult: success, version: HTTP/1.1, content: EmptyByteBufBE)
GET /session/67d5567c917277c62ba474aee5738c38/screenshot HTTP/1.1
User-Agent: selenium/4.1.4 (java windows)
Cache-Control: no-cache
Content-Type: application/json; charset=utf-8
host: localhost:49790
accept: */*

Response DefaultHttpResponse(decodeResult: success, version: HTTP/1.1)
HTTP/1.1 200 OK
Content-Type: application/json; charset=utf-8
cache-control: no-cache
content-length: 98488

18:36:44.673 [AsyncHttpClient-1-9] DEBUG org.asynchttpclient.netty.channel.ChannelManager - Adding key: http://localhost:49790 for channel [id: 0xb676d290, L:/127.0.0.1:50127 - R:localhost/127.0.0.1:49790]
18:36:44.676 [main] DEBUG net.serenitybdd.core.photography.Darkroom - Send negative for processing for target\site\serenity\382e83dcfc7187e7fc61d0671ee201628243b60b304439c29588db327157beff.png
18:36:44.677 [main] DEBUG net.thucydides.core.steps.StepInterceptor - STARTING STEP: PatientDataSteps.validDataDeletePasien - validPagePasien
18:36:44.679 [Forwarding findElement on session 67d5567c917277c62ba474aee5738c38 to remote] DEBUG org.asynchttpclient.netty.request.NettyRequestSender - Using pooled Channel '[id: 0xb676d290, L:/127.0.0.1:50127 - R:localhost/127.0.0.1:49790]' for 'POST' to 'http://localhost:49790/session/67d5567c917277c62ba474aee5738c38/element'
18:36:44.679 [Forwarding findElement on session 67d5567c917277c62ba474aee5738c38 to remote] DEBUG org.asynchttpclient.netty.request.NettyRequestSender - Using open Channel [id: 0xb676d290, L:/127.0.0.1:50127 - R:localhost/127.0.0.1:49790] for POST '/session/67d5567c917277c62ba474aee5738c38/element'
18:36:44.693 [AsyncHttpClient-1-9] DEBUG org.asynchttpclient.netty.handler.HttpHandler - 

Request DefaultHttpRequest(decodeResult: success, version: HTTP/1.1)
POST /session/67d5567c917277c62ba474aee5738c38/element HTTP/1.1
User-Agent: selenium/4.1.4 (java windows)
Content-Length: 126
Content-Type: application/json; charset=utf-8
host: localhost:49790
accept: */*

Response DefaultHttpResponse(decodeResult: success, version: HTTP/1.1)
HTTP/1.1 200 OK
Content-Type: application/json; charset=utf-8
cache-control: no-cache
content-length: 88

18:36:44.693 [AsyncHttpClient-1-9] DEBUG org.asynchttpclient.netty.channel.ChannelManager - Adding key: http://localhost:49790 for channel [id: 0xb676d290, L:/127.0.0.1:50127 - R:localhost/127.0.0.1:49790]
18:36:44.693 [Forwarding isElementEnabled on session 67d5567c917277c62ba474aee5738c38 to remote] DEBUG org.asynchttpclient.netty.request.NettyRequestSender - Using pooled Channel '[id: 0xb676d290, L:/127.0.0.1:50127 - R:localhost/127.0.0.1:49790]' for 'GET' to 'http://localhost:49790/session/67d5567c917277c62ba474aee5738c38/element/2d55f9c3-aa74-43ab-b5a3-ec75461c1d66/enabled'
18:36:44.693 [Forwarding isElementEnabled on session 67d5567c917277c62ba474aee5738c38 to remote] DEBUG org.asynchttpclient.netty.request.NettyRequestSender - Using open Channel [id: 0xb676d290, L:/127.0.0.1:50127 - R:localhost/127.0.0.1:49790] for GET '/session/67d5567c917277c62ba474aee5738c38/element/2d55f9c3-aa74-43ab-b5a3-ec75461c1d66/enabled'
18:36:44.706 [AsyncHttpClient-1-9] DEBUG org.asynchttpclient.netty.handler.HttpHandler - 

Request DefaultFullHttpRequest(decodeResult: success, version: HTTP/1.1, content: EmptyByteBufBE)
GET /session/67d5567c917277c62ba474aee5738c38/element/2d55f9c3-aa74-43ab-b5a3-ec75461c1d66/enabled HTTP/1.1
User-Agent: selenium/4.1.4 (java windows)
Cache-Control: no-cache
Content-Type: application/json; charset=utf-8
host: localhost:49790
accept: */*

Response DefaultHttpResponse(decodeResult: success, version: HTTP/1.1)
HTTP/1.1 200 OK
Content-Type: application/json; charset=utf-8
cache-control: no-cache
content-length: 14

18:36:44.706 [AsyncHttpClient-1-9] DEBUG org.asynchttpclient.netty.channel.ChannelManager - Adding key: http://localhost:49790 for channel [id: 0xb676d290, L:/127.0.0.1:50127 - R:localhost/127.0.0.1:49790]
18:36:44.714 [main] DEBUG net.thucydides.core.steps.StepInterceptor - STEP DONE: validPagePasien
  &amp#27;[32mAnd &amp#27;[0m&amp#27;[32mValid data delete pasien&amp#27;[0m                                 &amp#27;[90m# starter.stepdefinitios.PatientDataSteps.validDataDeletePasien()&amp#27;[0m
18:36:44.725 [AsyncHttpClient-1-3] DEBUG org.asynchttpclient.netty.handler.WebSocketHandler - Channel Closed: [id: 0xc37ed477, L:/127.0.0.1:50135 ! R:localhost/127.0.0.1:50128] with attribute NettyResponseFuture{currentRetry=5,
	isDone=1,
	isCancelled=0,
	asyncHandler=org.asynchttpclient.ws.WebSocketUpgradeHandler@21d5ac67,
	nettyRequest=org.asynchttpclient.netty.request.NettyRequest@6134f191,
	future=java.util.concurrent.CompletableFuture@f68ec59[Completed normally],
	uri=ws://localhost:50128/devtools/browser/b11e10ba-bebc-4d73-9b4b-4bacb743691b,
	keepAlive=true,
	redirectCount=0,
	timeoutsHolder=null,
	inAuth=0,
	touch=1658057775770}
18:36:44.725 [AsyncHttpClient-1-3] DEBUG org.asynchttpclient.netty.channel.ChannelManager - Closing Channel [id: 0xc37ed477, L:/127.0.0.1:50135 ! R:localhost/127.0.0.1:50128] 
18:36:44.725 [Driver Command Executor] DEBUG org.asynchttpclient.netty.request.NettyRequestSender - Using pooled Channel '[id: 0xb676d290, L:/127.0.0.1:50127 - R:localhost/127.0.0.1:49790]' for 'DELETE' to 'http://localhost:49790/session/67d5567c917277c62ba474aee5738c38'
18:36:44.725 [Driver Command Executor] DEBUG org.asynchttpclient.netty.request.NettyRequestSender - Using open Channel [id: 0xb676d290, L:/127.0.0.1:50127 - R:localhost/127.0.0.1:49790] for DELETE '/session/67d5567c917277c62ba474aee5738c38'
18:36:44.829 [AsyncHttpClient-1-2] DEBUG org.asynchttpclient.netty.handler.HttpHandler - Unexpected I/O exception on channel [id: 0x6e7089de, L:/127.0.0.1:50134 - R:localhost/127.0.0.1:50128]
java.io.IOException: An existing connection was forcibly closed by the remote host
	at java.base/sun.nio.ch.SocketDispatcher.read0(Native Method)
	at java.base/sun.nio.ch.SocketDispatcher.read(SocketDispatcher.java:43)
	at java.base/sun.nio.ch.IOUtil.readIntoNativeBuffer(IOUtil.java:276)
	at java.base/sun.nio.ch.IOUtil.read(IOUtil.java:233)
	at java.base/sun.nio.ch.IOUtil.read(IOUtil.java:223)
	at java.base/sun.nio.ch.SocketChannelImpl.read(SocketChannelImpl.java:356)
	at io.netty.buffer.PooledByteBuf.setBytes(PooledByteBuf.java:258)
	at io.netty.buffer.AbstractByteBuf.writeBytes(AbstractByteBuf.java:1132)
	at io.netty.channel.socket.nio.NioSocketChannel.doReadBytes(NioSocketChannel.java:357)
	at io.netty.channel.nio.AbstractNioByteChannel$NioByteUnsafe.read(AbstractNioByteChannel.java:151)
	at io.netty.channel.nio.NioEventLoop.processSelectedKey(NioEventLoop.java:722)
	at io.netty.channel.nio.NioEventLoop.processSelectedKeysOptimized(NioEventLoop.java:658)
	at io.netty.channel.nio.NioEventLoop.processSelectedKeys(NioEventLoop.java:584)
	at io.netty.channel.nio.NioEventLoop.run(NioEventLoop.java:496)
	at io.netty.util.concurrent.SingleThreadEventExecutor$4.run(SingleThreadEventExecutor.java:986)
	at io.netty.util.internal.ThreadExecutorMap$2.run(ThreadExecutorMap.java:74)
	at io.netty.util.concurrent.FastThreadLocalRunnable.run(FastThreadLocalRunnable.java:30)
	at java.base/java.lang.Thread.run(Thread.java:829)
18:36:44.829 [AsyncHttpClient-1-2] DEBUG org.asynchttpclient.netty.channel.ChannelManager - Closing Channel [id: 0x6e7089de, L:/127.0.0.1:50134 - R:localhost/127.0.0.1:50128] 
18:36:44.829 [AsyncHttpClient-1-2] DEBUG org.asynchttpclient.netty.handler.HttpHandler - Channel Closed: [id: 0x6e7089de, L:/127.0.0.1:50134 ! R:localhost/127.0.0.1:50128] with attribute DISCARD
18:36:44.874 [AsyncHttpClient-1-9] DEBUG org.asynchttpclient.netty.handler.HttpHandler - 

Request DefaultFullHttpRequest(decodeResult: success, version: HTTP/1.1, content: EmptyByteBufBE)
DELETE /session/67d5567c917277c62ba474aee5738c38 HTTP/1.1
User-Agent: selenium/4.1.4 (java windows)
Content-Type: application/json; charset=utf-8
host: localhost:49790
accept: */*

Response DefaultHttpResponse(decodeResult: success, version: HTTP/1.1)
HTTP/1.1 200 OK
Content-Type: application/json; charset=utf-8
cache-control: no-cache
content-length: 14

18:36:44.874 [AsyncHttpClient-1-9] DEBUG org.asynchttpclient.netty.channel.ChannelManager - Adding key: http://localhost:49790 for channel [id: 0xb676d290, L:/127.0.0.1:50127 - R:localhost/127.0.0.1:49790]
18:36:44.944 [AsyncHttpClient-1-9] DEBUG org.asynchttpclient.netty.handler.HttpHandler - Channel Closed: [id: 0xb676d290, L:/127.0.0.1:50127 ! R:localhost/127.0.0.1:49790] with attribute DISCARD
18:36:44.972 [main] INFO  - 
  _____   ___   ___   _____     ___     _     ___   ___   ___   ___  
 |_   _| | __| / __| |_   _|   | _ \   /_\   / __| / __| | __| |   \ 
   | |   | _|  \__ \   | |     |  _/  / _ \  \__ \ \__ \ | _|  | |) |
   |_|   |___| |___/   |_|     |_|   /_/ \_\ |___/ |___/ |___| |___/ 

As a admin i want to delete data pasien - No
----------------------------------------------------------------------
]]></system-out>
    <system-err><![CDATA[Starting ChromeDriver 103.0.5060.53 (a1711811edd74ff1cf2150f36ffa3b0dae40b17f-refs/branch-heads/5060@{#853}) on port 49790
Only local connections are allowed.
Please see https://chromedriver.chromium.org/security-considerations for suggestions on keeping ChromeDriver safe.
ChromeDriver was started successfully.
Jul 17, 2022 6:36:15 PM org.openqa.selenium.remote.ProtocolHandshake createSession
INFO: Detected dialect: W3C
Jul 17, 2022 6:36:15 PM org.openqa.selenium.devtools.CdpVersionFinder findNearestMatch
WARNING: Unable to find an exact match for CDP version 103, so returning the closest version found: 101
Jul 17, 2022 6:36:15 PM org.openqa.selenium.devtools.CdpVersionFinder findNearestMatch
INFO: Found CDP implementation for version 103 of 101
]]></system-err>
  </testcase>
  <testcase name="As a admin i want to delete data pasien - Yes" classname="Data Pasien - Admin" time="30.676">
    <system-out><![CDATA[
@DataPasien111 @YesDeletePatientData
Scenario Outline: As a admin i want to delete data pasien - Yes &amp#27;[90m# src/test/resources/features/4DataPasien.feature:177&amp#27;[0m
18:36:44.984 [main] INFO io.cucumber.core.plugin.SerenityReporter - Running feature from file:///C:/Alterra/CapstoneBaru/QE/TestingWebUpdate/src/test/resources/features/4DataPasien.feature
18:36:44.984 [main] INFO  - 
  _____   ___   ___   _____     ___   _____     _     ___   _____   ___   ___  
 |_   _| | __| / __| |_   _|   / __| |_   _|   /_\   | _ \ |_   _| | __| |   \ 
   | |   | _|  \__ \   | |     \__ \   | |    / _ \  |   /   | |   | _|  | |) |
   |_|   |___| |___/   |_|     |___/   |_|   /_/ \_\ |_|_\   |_|   |___| |___/ 

As a admin i want to delete data pasien - Yes(data-pasien---admin;as-a-admin-i-want-to-delete-data-pasien---yes)
--------------------------------------------------------------------------------
18:36:45.008 [main] DEBUG net.thucydides.core.steps.StepInterceptor - STARTING STEP: LoginSteps.openLoginPage - openLogin
18:36:45.008 [main] INFO net.serenitybdd.core.webdriver.driverproviders.ChromeDriverProvider - Using automatically driver download
18:36:45.196 [main] DEBUG io.github.bonigarcia.wdm.cache.ResolutionCache - Resolution chrome=103 in cache (valid until 18:54:33 17/07/2022 ICT)
18:36:45.209 [main] DEBUG io.github.bonigarcia.wdm.cache.ResolutionCache - Resolution chrome103=103.0.5060.53 in cache (valid until 17:54:33 18/07/2022 ICT)
18:36:45.211 [main] INFO io.github.bonigarcia.wdm.WebDriverManager - Using chromedriver 103.0.5060.53 (resolved driver for Chrome 103)
18:36:45.212 [main] DEBUG io.github.bonigarcia.wdm.WebDriverManager - Driver chromedriver 103.0.5060.53 found in cache
18:36:45.212 [main] INFO io.github.bonigarcia.wdm.WebDriverManager - Exporting webdriver.chrome.driver as C:\Users\Bagas Dwi Saputra\.cache\selenium\chromedriver\win32\103.0.5060.53\chromedriver.exe
18:36:45.351 [AsyncHttpClient-1-1] DEBUG org.asynchttpclient.netty.channel.DefaultChannelPool - Entry count for : http://localhost:49790 : 1
18:36:45.351 [AsyncHttpClient-1-1] DEBUG org.asynchttpclient.netty.channel.DefaultChannelPool - Entry count for : http://localhost:50128 : 1
18:36:45.351 [AsyncHttpClient-1-1] DEBUG org.asynchttpclient.netty.channel.DefaultChannelPool - Adding Candidate expired Channel [id: 0xb676d290, L:/127.0.0.1:50127 ! R:localhost/127.0.0.1:49790] isIdleTimeoutExpired=false isRemotelyClosed=true isTtlExpired=false
18:36:45.351 [AsyncHttpClient-1-1] DEBUG org.asynchttpclient.netty.channel.DefaultChannelPool - Closing Idle Channel [id: 0xb676d290, L:/127.0.0.1:50127 ! R:localhost/127.0.0.1:49790]
18:36:45.351 [AsyncHttpClient-1-1] DEBUG org.asynchttpclient.netty.channel.DefaultChannelPool - Adding Candidate expired Channel [id: 0x6e7089de, L:/127.0.0.1:50134 ! R:localhost/127.0.0.1:50128] isIdleTimeoutExpired=false isRemotelyClosed=true isTtlExpired=false
18:36:45.351 [AsyncHttpClient-1-1] DEBUG org.asynchttpclient.netty.channel.DefaultChannelPool - Closing Idle Channel [id: 0x6e7089de, L:/127.0.0.1:50134 ! R:localhost/127.0.0.1:50128]
18:36:45.351 [AsyncHttpClient-1-1] DEBUG org.asynchttpclient.netty.channel.DefaultChannelPool - Closed 2 connections out of 2 in 0 ms
18:36:45.361 [main] DEBUG net.serenitybdd.core.webdriver.driverproviders.ProvideNewDriver - Instantiating driver
18:36:45.361 [main] DEBUG net.serenitybdd.core.webdriver.driverproviders.ProvideNewDriver - Driver capabilities: Capabilities {acceptInsecureCerts: false, base.url: https://fanciful-trifle-360..., browserName: chrome, chorme.driver: src/test/resources/webdrive..., driver: chrome, goog:chromeOptions: {args: [], extensions: []}}
18:36:45.420 [AsyncHttpClient-1-4] DEBUG org.asynchttpclient.netty.channel.NettyConnectListener - Using new Channel '[id: 0xf1d6ca68, L:/127.0.0.1:50152 - R:localhost/127.0.0.1:53465]' for 'POST' to '/session'
18:36:46.645 [AsyncHttpClient-1-4] DEBUG org.asynchttpclient.netty.handler.HttpHandler - 

Request DefaultHttpRequest(decodeResult: success, version: HTTP/1.1)
POST /session HTTP/1.1
User-Agent: selenium/4.1.4 (java windows)
Content-Length: 629
Content-Type: application/json; charset=utf-8
host: localhost:53465
accept: */*

Response DefaultHttpResponse(decodeResult: success, version: HTTP/1.1)
HTTP/1.1 200 OK
Content-Type: application/json; charset=utf-8
cache-control: no-cache
content-length: 793

18:36:46.645 [AsyncHttpClient-1-4] DEBUG org.asynchttpclient.netty.channel.ChannelManager - Adding key: http://localhost:53465 for channel [id: 0xf1d6ca68, L:/127.0.0.1:50152 - R:localhost/127.0.0.1:53465]
18:36:46.651 [AsyncHttpClient-1-5] DEBUG org.asynchttpclient.netty.channel.NettyConnectListener - Using new Channel '[id: 0xf2f5f05d, L:/127.0.0.1:50160 - R:localhost/127.0.0.1:50153]' for 'GET' to '/json/version'
18:36:46.651 [AsyncHttpClient-1-5] DEBUG org.asynchttpclient.netty.handler.HttpHandler - 

Request DefaultFullHttpRequest(decodeResult: success, version: HTTP/1.1, content: EmptyByteBufBE)
GET /json/version HTTP/1.1
User-Agent: selenium/4.1.4 (java windows)
host: localhost:50153
accept: */*

Response DefaultHttpResponse(decodeResult: success, version: HTTP/1.1)
HTTP/1.1 200 OK
Content-Type: application/json; charset=UTF-8
content-length: 429

18:36:46.651 [AsyncHttpClient-1-5] DEBUG org.asynchttpclient.netty.channel.ChannelManager - Adding key: http://localhost:50153 for channel [id: 0xf2f5f05d, L:/127.0.0.1:50160 - R:localhost/127.0.0.1:50153]
18:36:46.653 [AsyncHttpClient-1-6] DEBUG org.asynchttpclient.netty.channel.NettyConnectListener - Using new Channel '[id: 0x8398ba55, L:/127.0.0.1:50161 - R:localhost/127.0.0.1:50153]' for 'GET' to '/devtools/browser/96e13f90-8c13-4a00-84c9-e82b87712c7e'
18:36:46.654 [AsyncHttpClient-1-6] DEBUG org.asynchttpclient.netty.handler.WebSocketHandler - 

Request DefaultFullHttpRequest(decodeResult: success, version: HTTP/1.1, content: EmptyByteBufBE)
GET /devtools/browser/96e13f90-8c13-4a00-84c9-e82b87712c7e HTTP/1.1
upgrade: websocket
connection: upgrade
sec-websocket-key: /KANGqPEqkevow3MHiIpAQ==
sec-websocket-version: 13
origin: http://localhost:50153
host: localhost:50153
accept: */*
user-agent: AHC/2.1

Response DefaultHttpResponse(decodeResult: success, version: HTTP/1.1)
HTTP/1.1 101 WebSocket Protocol Handshake
Upgrade: WebSocket
Connection: Upgrade
Sec-WebSocket-Accept: YBStg5g5h+/vBLwhKO2PoAKJReQ=

18:36:46.654 [Forwarding get on session 82683645990a1b399022aed9cef81e23 to remote] DEBUG org.asynchttpclient.netty.request.NettyRequestSender - Using pooled Channel '[id: 0xf1d6ca68, L:/127.0.0.1:50152 - R:localhost/127.0.0.1:53465]' for 'POST' to 'http://localhost:53465/session/82683645990a1b399022aed9cef81e23/url'
18:36:46.654 [Forwarding get on session 82683645990a1b399022aed9cef81e23 to remote] DEBUG org.asynchttpclient.netty.request.NettyRequestSender - Using open Channel [id: 0xf1d6ca68, L:/127.0.0.1:50152 - R:localhost/127.0.0.1:53465] for POST '/session/82683645990a1b399022aed9cef81e23/url'
18:36:47.249 [AsyncHttpClient-1-4] DEBUG org.asynchttpclient.netty.handler.HttpHandler - 

Request DefaultHttpRequest(decodeResult: success, version: HTTP/1.1)
POST /session/82683645990a1b399022aed9cef81e23/url HTTP/1.1
User-Agent: selenium/4.1.4 (java windows)
Content-Length: 78
Content-Type: application/json; charset=utf-8
host: localhost:53465
accept: */*

Response DefaultHttpResponse(decodeResult: success, version: HTTP/1.1)
HTTP/1.1 200 OK
Content-Type: application/json; charset=utf-8
cache-control: no-cache
content-length: 14

18:36:47.249 [AsyncHttpClient-1-4] DEBUG org.asynchttpclient.netty.channel.ChannelManager - Adding key: http://localhost:53465 for channel [id: 0xf1d6ca68, L:/127.0.0.1:50152 - R:localhost/127.0.0.1:53465]
18:36:47.250 [Forwarding setTimeout on session 82683645990a1b399022aed9cef81e23 to remote] DEBUG org.asynchttpclient.netty.request.NettyRequestSender - Using pooled Channel '[id: 0xf1d6ca68, L:/127.0.0.1:50152 - R:localhost/127.0.0.1:53465]' for 'POST' to 'http://localhost:53465/session/82683645990a1b399022aed9cef81e23/timeouts'
18:36:47.250 [Forwarding setTimeout on session 82683645990a1b399022aed9cef81e23 to remote] DEBUG org.asynchttpclient.netty.request.NettyRequestSender - Using open Channel [id: 0xf1d6ca68, L:/127.0.0.1:50152 - R:localhost/127.0.0.1:53465] for POST '/session/82683645990a1b399022aed9cef81e23/timeouts'
18:36:47.251 [AsyncHttpClient-1-4] DEBUG org.asynchttpclient.netty.handler.HttpHandler - 

Request DefaultHttpRequest(decodeResult: success, version: HTTP/1.1)
POST /session/82683645990a1b399022aed9cef81e23/timeouts HTTP/1.1
User-Agent: selenium/4.1.4 (java windows)
Content-Length: 22
Content-Type: application/json; charset=utf-8
host: localhost:53465
accept: */*

Response DefaultHttpResponse(decodeResult: success, version: HTTP/1.1)
HTTP/1.1 200 OK
Content-Type: application/json; charset=utf-8
cache-control: no-cache
content-length: 14

18:36:47.251 [AsyncHttpClient-1-4] DEBUG org.asynchttpclient.netty.channel.ChannelManager - Adding key: http://localhost:53465 for channel [id: 0xf1d6ca68, L:/127.0.0.1:50152 - R:localhost/127.0.0.1:53465]
18:36:47.255 [Forwarding getCurrentUrl on session 82683645990a1b399022aed9cef81e23 to remote] DEBUG org.asynchttpclient.netty.request.NettyRequestSender - Using pooled Channel '[id: 0xf1d6ca68, L:/127.0.0.1:50152 - R:localhost/127.0.0.1:53465]' for 'GET' to 'http://localhost:53465/session/82683645990a1b399022aed9cef81e23/url'
18:36:47.255 [Forwarding getCurrentUrl on session 82683645990a1b399022aed9cef81e23 to remote] DEBUG org.asynchttpclient.netty.request.NettyRequestSender - Using open Channel [id: 0xf1d6ca68, L:/127.0.0.1:50152 - R:localhost/127.0.0.1:53465] for GET '/session/82683645990a1b399022aed9cef81e23/url'
18:36:47.259 [AsyncHttpClient-1-4] DEBUG org.asynchttpclient.netty.handler.HttpHandler - 

Request DefaultFullHttpRequest(decodeResult: success, version: HTTP/1.1, content: EmptyByteBufBE)
GET /session/82683645990a1b399022aed9cef81e23/url HTTP/1.1
User-Agent: selenium/4.1.4 (java windows)
Cache-Control: no-cache
Content-Type: application/json; charset=utf-8
host: localhost:53465
accept: */*

Response DefaultHttpResponse(decodeResult: success, version: HTTP/1.1)
HTTP/1.1 200 OK
Content-Type: application/json; charset=utf-8
cache-control: no-cache
content-length: 60

18:36:47.259 [AsyncHttpClient-1-4] DEBUG org.asynchttpclient.netty.channel.ChannelManager - Adding key: http://localhost:53465 for channel [id: 0xf1d6ca68, L:/127.0.0.1:50152 - R:localhost/127.0.0.1:53465]
18:36:47.264 [Forwarding screenshot on session 82683645990a1b399022aed9cef81e23 to remote] DEBUG org.asynchttpclient.netty.request.NettyRequestSender - Using pooled Channel '[id: 0xf1d6ca68, L:/127.0.0.1:50152 - R:localhost/127.0.0.1:53465]' for 'GET' to 'http://localhost:53465/session/82683645990a1b399022aed9cef81e23/screenshot'
18:36:47.264 [Forwarding screenshot on session 82683645990a1b399022aed9cef81e23 to remote] DEBUG org.asynchttpclient.netty.request.NettyRequestSender - Using open Channel [id: 0xf1d6ca68, L:/127.0.0.1:50152 - R:localhost/127.0.0.1:53465] for GET '/session/82683645990a1b399022aed9cef81e23/screenshot'
18:36:47.537 [AsyncHttpClient-1-1] DEBUG org.asynchttpclient.netty.channel.DefaultChannelPool - Entry count for : http://localhost:50153 : 1
18:36:47.711 [AsyncHttpClient-1-4] DEBUG org.asynchttpclient.netty.handler.HttpHandler - 

Request DefaultFullHttpRequest(decodeResult: success, version: HTTP/1.1, content: EmptyByteBufBE)
GET /session/82683645990a1b399022aed9cef81e23/screenshot HTTP/1.1
User-Agent: selenium/4.1.4 (java windows)
Cache-Control: no-cache
Content-Type: application/json; charset=utf-8
host: localhost:53465
accept: */*

Response DefaultHttpResponse(decodeResult: success, version: HTTP/1.1)
HTTP/1.1 200 OK
Content-Type: application/json; charset=utf-8
cache-control: no-cache
content-length: 380436

18:36:47.711 [AsyncHttpClient-1-4] DEBUG org.asynchttpclient.netty.channel.ChannelManager - Adding key: http://localhost:53465 for channel [id: 0xf1d6ca68, L:/127.0.0.1:50152 - R:localhost/127.0.0.1:53465]
18:36:47.719 [main] DEBUG net.serenitybdd.core.photography.Darkroom - Send negative for processing for target\site\serenity\d122c364c40ece9db0ad32cd97c3fcf63e95ba606118dda8d3e5a1d2b8235ce2.png
18:36:47.719 [main] DEBUG net.thucydides.core.steps.StepInterceptor - STEP DONE: openLogin
  &amp#27;[32mGiven &amp#27;[0m&amp#27;[32mOpen login page&amp#27;[0m                                         &amp#27;[90m# starter.stepdefinitios.LoginSteps.openLoginPage()&amp#27;[0m
18:36:48.237 [Forwarding findElement on session 82683645990a1b399022aed9cef81e23 to remote] DEBUG org.asynchttpclient.netty.request.NettyRequestSender - Using pooled Channel '[id: 0xf1d6ca68, L:/127.0.0.1:50152 - R:localhost/127.0.0.1:53465]' for 'POST' to 'http://localhost:53465/session/82683645990a1b399022aed9cef81e23/element'
18:36:48.237 [Forwarding findElement on session 82683645990a1b399022aed9cef81e23 to remote] DEBUG org.asynchttpclient.netty.request.NettyRequestSender - Using open Channel [id: 0xf1d6ca68, L:/127.0.0.1:50152 - R:localhost/127.0.0.1:53465] for POST '/session/82683645990a1b399022aed9cef81e23/element'
18:36:48.251 [AsyncHttpClient-1-4] DEBUG org.asynchttpclient.netty.handler.HttpHandler - 

Request DefaultHttpRequest(decodeResult: success, version: HTTP/1.1)
POST /session/82683645990a1b399022aed9cef81e23/element HTTP/1.1
User-Agent: selenium/4.1.4 (java windows)
Content-Length: 70
Content-Type: application/json; charset=utf-8
host: localhost:53465
accept: */*

Response DefaultHttpResponse(decodeResult: success, version: HTTP/1.1)
HTTP/1.1 200 OK
Content-Type: application/json; charset=utf-8
cache-control: no-cache
content-length: 88

18:36:48.251 [AsyncHttpClient-1-4] DEBUG org.asynchttpclient.netty.channel.ChannelManager - Adding key: http://localhost:53465 for channel [id: 0xf1d6ca68, L:/127.0.0.1:50152 - R:localhost/127.0.0.1:53465]
18:36:48.251 [Forwarding sendKeysToElement on session 82683645990a1b399022aed9cef81e23 to remote] DEBUG org.asynchttpclient.netty.request.NettyRequestSender - Using pooled Channel '[id: 0xf1d6ca68, L:/127.0.0.1:50152 - R:localhost/127.0.0.1:53465]' for 'POST' to 'http://localhost:53465/session/82683645990a1b399022aed9cef81e23/element/1327116e-7724-4e17-b60f-1cc085e7e1c2/value'
18:36:48.251 [Forwarding sendKeysToElement on session 82683645990a1b399022aed9cef81e23 to remote] DEBUG org.asynchttpclient.netty.request.NettyRequestSender - Using open Channel [id: 0xf1d6ca68, L:/127.0.0.1:50152 - R:localhost/127.0.0.1:53465] for POST '/session/82683645990a1b399022aed9cef81e23/element/1327116e-7724-4e17-b60f-1cc085e7e1c2/value'
18:36:48.335 [AsyncHttpClient-1-4] DEBUG org.asynchttpclient.netty.handler.HttpHandler - 

Request DefaultHttpRequest(decodeResult: success, version: HTTP/1.1)
POST /session/82683645990a1b399022aed9cef81e23/element/1327116e-7724-4e17-b60f-1cc085e7e1c2/value HTTP/1.1
User-Agent: selenium/4.1.4 (java windows)
Content-Length: 131
Content-Type: application/json; charset=utf-8
host: localhost:53465
accept: */*

Response DefaultHttpResponse(decodeResult: success, version: HTTP/1.1)
HTTP/1.1 200 OK
Content-Type: application/json; charset=utf-8
cache-control: no-cache
content-length: 14

18:36:48.335 [AsyncHttpClient-1-4] DEBUG org.asynchttpclient.netty.channel.ChannelManager - Adding key: http://localhost:53465 for channel [id: 0xf1d6ca68, L:/127.0.0.1:50152 - R:localhost/127.0.0.1:53465]
  &amp#27;[32mAnd &amp#27;[0m&amp#27;[32mI input &amp#27;[0m&amp#27;[32m&amp#27;[1m"admin"&amp#27;[0m&amp#27;[32m login email valid&amp#27;[0m                         &amp#27;[90m# starter.stepdefinitios.LoginSteps.iInputLoginEmailValid(java.lang.String)&amp#27;[0m
18:36:48.336 [Forwarding screenshot on session 82683645990a1b399022aed9cef81e23 to remote] DEBUG org.asynchttpclient.netty.request.NettyRequestSender - Using pooled Channel '[id: 0xf1d6ca68, L:/127.0.0.1:50152 - R:localhost/127.0.0.1:53465]' for 'GET' to 'http://localhost:53465/session/82683645990a1b399022aed9cef81e23/screenshot'
18:36:48.336 [Forwarding screenshot on session 82683645990a1b399022aed9cef81e23 to remote] DEBUG org.asynchttpclient.netty.request.NettyRequestSender - Using open Channel [id: 0xf1d6ca68, L:/127.0.0.1:50152 - R:localhost/127.0.0.1:53465] for GET '/session/82683645990a1b399022aed9cef81e23/screenshot'
18:36:48.535 [AsyncHttpClient-1-4] DEBUG org.asynchttpclient.netty.handler.HttpHandler - 

Request DefaultFullHttpRequest(decodeResult: success, version: HTTP/1.1, content: EmptyByteBufBE)
GET /session/82683645990a1b399022aed9cef81e23/screenshot HTTP/1.1
User-Agent: selenium/4.1.4 (java windows)
Cache-Control: no-cache
Content-Type: application/json; charset=utf-8
host: localhost:53465
accept: */*

Response DefaultHttpResponse(decodeResult: success, version: HTTP/1.1)
HTTP/1.1 200 OK
Content-Type: application/json; charset=utf-8
cache-control: no-cache
content-length: 379420

18:36:48.535 [AsyncHttpClient-1-4] DEBUG org.asynchttpclient.netty.channel.ChannelManager - Adding key: http://localhost:53465 for channel [id: 0xf1d6ca68, L:/127.0.0.1:50152 - R:localhost/127.0.0.1:53465]
18:36:48.540 [main] DEBUG net.serenitybdd.core.photography.Darkroom - Send negative for processing for target\site\serenity\93df20195d3751dea78ac30a105f84d37c410e0341f58ded6fb231b5b47402e6.png
18:36:48.646 [AsyncHttpClient-1-1] DEBUG org.asynchttpclient.netty.channel.DefaultChannelPool - Entry count for : http://localhost:50153 : 1
18:36:48.646 [AsyncHttpClient-1-1] DEBUG org.asynchttpclient.netty.channel.DefaultChannelPool - Entry count for : http://localhost:53465 : 1
18:36:49.066 [Forwarding screenshot on session 82683645990a1b399022aed9cef81e23 to remote] DEBUG org.asynchttpclient.netty.request.NettyRequestSender - Using pooled Channel '[id: 0xf1d6ca68, L:/127.0.0.1:50152 - R:localhost/127.0.0.1:53465]' for 'GET' to 'http://localhost:53465/session/82683645990a1b399022aed9cef81e23/screenshot'
18:36:49.066 [Forwarding screenshot on session 82683645990a1b399022aed9cef81e23 to remote] DEBUG org.asynchttpclient.netty.request.NettyRequestSender - Using open Channel [id: 0xf1d6ca68, L:/127.0.0.1:50152 - R:localhost/127.0.0.1:53465] for GET '/session/82683645990a1b399022aed9cef81e23/screenshot'
18:36:49.263 [AsyncHttpClient-1-4] DEBUG org.asynchttpclient.netty.handler.HttpHandler - 

Request DefaultFullHttpRequest(decodeResult: success, version: HTTP/1.1, content: EmptyByteBufBE)
GET /session/82683645990a1b399022aed9cef81e23/screenshot HTTP/1.1
User-Agent: selenium/4.1.4 (java windows)
Cache-Control: no-cache
Content-Type: application/json; charset=utf-8
host: localhost:53465
accept: */*

Response DefaultHttpResponse(decodeResult: success, version: HTTP/1.1)
HTTP/1.1 200 OK
Content-Type: application/json; charset=utf-8
cache-control: no-cache
content-length: 379404

18:36:49.263 [AsyncHttpClient-1-4] DEBUG org.asynchttpclient.netty.channel.ChannelManager - Adding key: http://localhost:53465 for channel [id: 0xf1d6ca68, L:/127.0.0.1:50152 - R:localhost/127.0.0.1:53465]
18:36:49.273 [main] DEBUG net.serenitybdd.core.photography.Darkroom - Send negative for processing for target\site\serenity\f684e1524ced0278b0b6c6b37709a7cbfb8281aeb576b04a4743fda17448b798.png
18:36:49.273 [main] DEBUG net.thucydides.core.steps.StepInterceptor - STARTING STEP: LoginSteps.iInputLoginPasswordValid - inputPasswordLogin
18:36:49.275 [Forwarding findElement on session 82683645990a1b399022aed9cef81e23 to remote] DEBUG org.asynchttpclient.netty.request.NettyRequestSender - Using pooled Channel '[id: 0xf1d6ca68, L:/127.0.0.1:50152 - R:localhost/127.0.0.1:53465]' for 'POST' to 'http://localhost:53465/session/82683645990a1b399022aed9cef81e23/element'
18:36:49.275 [Forwarding findElement on session 82683645990a1b399022aed9cef81e23 to remote] DEBUG org.asynchttpclient.netty.request.NettyRequestSender - Using open Channel [id: 0xf1d6ca68, L:/127.0.0.1:50152 - R:localhost/127.0.0.1:53465] for POST '/session/82683645990a1b399022aed9cef81e23/element'
18:36:49.286 [AsyncHttpClient-1-4] DEBUG org.asynchttpclient.netty.handler.HttpHandler - 

Request DefaultHttpRequest(decodeResult: success, version: HTTP/1.1)
POST /session/82683645990a1b399022aed9cef81e23/element HTTP/1.1
User-Agent: selenium/4.1.4 (java windows)
Content-Length: 70
Content-Type: application/json; charset=utf-8
host: localhost:53465
accept: */*

Response DefaultHttpResponse(decodeResult: success, version: HTTP/1.1)
HTTP/1.1 200 OK
Content-Type: application/json; charset=utf-8
cache-control: no-cache
content-length: 88

18:36:49.286 [AsyncHttpClient-1-4] DEBUG org.asynchttpclient.netty.channel.ChannelManager - Adding key: http://localhost:53465 for channel [id: 0xf1d6ca68, L:/127.0.0.1:50152 - R:localhost/127.0.0.1:53465]
18:36:49.287 [Forwarding sendKeysToElement on session 82683645990a1b399022aed9cef81e23 to remote] DEBUG org.asynchttpclient.netty.request.NettyRequestSender - Using pooled Channel '[id: 0xf1d6ca68, L:/127.0.0.1:50152 - R:localhost/127.0.0.1:53465]' for 'POST' to 'http://localhost:53465/session/82683645990a1b399022aed9cef81e23/element/7bc1fefe-bc5e-492a-96e2-296d7f4d09f3/value'
18:36:49.287 [Forwarding sendKeysToElement on session 82683645990a1b399022aed9cef81e23 to remote] DEBUG org.asynchttpclient.netty.request.NettyRequestSender - Using open Channel [id: 0xf1d6ca68, L:/127.0.0.1:50152 - R:localhost/127.0.0.1:53465] for POST '/session/82683645990a1b399022aed9cef81e23/element/7bc1fefe-bc5e-492a-96e2-296d7f4d09f3/value'
18:36:49.359 [AsyncHttpClient-1-4] DEBUG org.asynchttpclient.netty.handler.HttpHandler - 

Request DefaultHttpRequest(decodeResult: success, version: HTTP/1.1)
POST /session/82683645990a1b399022aed9cef81e23/element/7bc1fefe-bc5e-492a-96e2-296d7f4d09f3/value HTTP/1.1
User-Agent: selenium/4.1.4 (java windows)
Content-Length: 161
Content-Type: application/json; charset=utf-8
host: localhost:53465
accept: */*

Response DefaultHttpResponse(decodeResult: success, version: HTTP/1.1)
HTTP/1.1 200 OK
Content-Type: application/json; charset=utf-8
cache-control: no-cache
content-length: 14

18:36:49.359 [AsyncHttpClient-1-4] DEBUG org.asynchttpclient.netty.channel.ChannelManager - Adding key: http://localhost:53465 for channel [id: 0xf1d6ca68, L:/127.0.0.1:50152 - R:localhost/127.0.0.1:53465]
18:36:49.364 [Forwarding screenshot on session 82683645990a1b399022aed9cef81e23 to remote] DEBUG org.asynchttpclient.netty.request.NettyRequestSender - Using pooled Channel '[id: 0xf1d6ca68, L:/127.0.0.1:50152 - R:localhost/127.0.0.1:53465]' for 'GET' to 'http://localhost:53465/session/82683645990a1b399022aed9cef81e23/screenshot'
18:36:49.364 [Forwarding screenshot on session 82683645990a1b399022aed9cef81e23 to remote] DEBUG org.asynchttpclient.netty.request.NettyRequestSender - Using open Channel [id: 0xf1d6ca68, L:/127.0.0.1:50152 - R:localhost/127.0.0.1:53465] for GET '/session/82683645990a1b399022aed9cef81e23/screenshot'
18:36:49.663 [AsyncHttpClient-1-4] DEBUG org.asynchttpclient.netty.handler.HttpHandler - 

Request DefaultFullHttpRequest(decodeResult: success, version: HTTP/1.1, content: EmptyByteBufBE)
GET /session/82683645990a1b399022aed9cef81e23/screenshot HTTP/1.1
User-Agent: selenium/4.1.4 (java windows)
Cache-Control: no-cache
Content-Type: application/json; charset=utf-8
host: localhost:53465
accept: */*

Response DefaultHttpResponse(decodeResult: success, version: HTTP/1.1)
HTTP/1.1 200 OK
Content-Type: application/json; charset=utf-8
cache-control: no-cache
content-length: 377580

18:36:49.663 [AsyncHttpClient-1-4] DEBUG org.asynchttpclient.netty.channel.ChannelManager - Adding key: http://localhost:53465 for channel [id: 0xf1d6ca68, L:/127.0.0.1:50152 - R:localhost/127.0.0.1:53465]
18:36:49.675 [main] DEBUG net.serenitybdd.core.photography.Darkroom - Send negative for processing for target\site\serenity\44fa0aa493cf3a3837a7fab79c30bded8f584eda85d2cfd055a7ef5b4e3f0a4a.png
18:36:49.675 [main] DEBUG net.thucydides.core.steps.StepInterceptor - STEP DONE: inputPasswordLogin
  &amp#27;[32mAnd &amp#27;[0m&amp#27;[32mI input &amp#27;[0m&amp#27;[32m&amp#27;[1m"admin123"&amp#27;[0m&amp#27;[32m login password valid&amp#27;[0m                   &amp#27;[90m# starter.stepdefinitios.LoginSteps.iInputLoginPasswordValid(java.lang.String)&amp#27;[0m
18:36:49.699 [main] DEBUG net.thucydides.core.steps.StepInterceptor - STARTING STEP: LoginSteps.iClickButtonLogin - clickButtonLogin
18:36:49.700 [Forwarding findElement on session 82683645990a1b399022aed9cef81e23 to remote] DEBUG org.asynchttpclient.netty.request.NettyRequestSender - Using pooled Channel '[id: 0xf1d6ca68, L:/127.0.0.1:50152 - R:localhost/127.0.0.1:53465]' for 'POST' to 'http://localhost:53465/session/82683645990a1b399022aed9cef81e23/element'
18:36:49.700 [Forwarding findElement on session 82683645990a1b399022aed9cef81e23 to remote] DEBUG org.asynchttpclient.netty.request.NettyRequestSender - Using open Channel [id: 0xf1d6ca68, L:/127.0.0.1:50152 - R:localhost/127.0.0.1:53465] for POST '/session/82683645990a1b399022aed9cef81e23/element'
18:36:49.713 [AsyncHttpClient-1-4] DEBUG org.asynchttpclient.netty.handler.HttpHandler - 

Request DefaultHttpRequest(decodeResult: success, version: HTTP/1.1)
POST /session/82683645990a1b399022aed9cef81e23/element HTTP/1.1
User-Agent: selenium/4.1.4 (java windows)
Content-Length: 68
Content-Type: application/json; charset=utf-8
host: localhost:53465
accept: */*

Response DefaultHttpResponse(decodeResult: success, version: HTTP/1.1)
HTTP/1.1 200 OK
Content-Type: application/json; charset=utf-8
cache-control: no-cache
content-length: 88

18:36:49.713 [AsyncHttpClient-1-4] DEBUG org.asynchttpclient.netty.channel.ChannelManager - Adding key: http://localhost:53465 for channel [id: 0xf1d6ca68, L:/127.0.0.1:50152 - R:localhost/127.0.0.1:53465]
18:36:49.714 [Forwarding getElementTagName on session 82683645990a1b399022aed9cef81e23 to remote] DEBUG org.asynchttpclient.netty.request.NettyRequestSender - Using pooled Channel '[id: 0xf1d6ca68, L:/127.0.0.1:50152 - R:localhost/127.0.0.1:53465]' for 'GET' to 'http://localhost:53465/session/82683645990a1b399022aed9cef81e23/element/9086f62f-f9ae-4acc-899b-7f6251b55160/name'
18:36:49.714 [Forwarding getElementTagName on session 82683645990a1b399022aed9cef81e23 to remote] DEBUG org.asynchttpclient.netty.request.NettyRequestSender - Using open Channel [id: 0xf1d6ca68, L:/127.0.0.1:50152 - R:localhost/127.0.0.1:53465] for GET '/session/82683645990a1b399022aed9cef81e23/element/9086f62f-f9ae-4acc-899b-7f6251b55160/name'
18:36:49.718 [AsyncHttpClient-1-4] DEBUG org.asynchttpclient.netty.handler.HttpHandler - 

Request DefaultFullHttpRequest(decodeResult: success, version: HTTP/1.1, content: EmptyByteBufBE)
GET /session/82683645990a1b399022aed9cef81e23/element/9086f62f-f9ae-4acc-899b-7f6251b55160/name HTTP/1.1
User-Agent: selenium/4.1.4 (java windows)
Cache-Control: no-cache
Content-Type: application/json; charset=utf-8
host: localhost:53465
accept: */*

Response DefaultHttpResponse(decodeResult: success, version: HTTP/1.1)
HTTP/1.1 200 OK
Content-Type: application/json; charset=utf-8
cache-control: no-cache
content-length: 18

18:36:49.718 [AsyncHttpClient-1-4] DEBUG org.asynchttpclient.netty.channel.ChannelManager - Adding key: http://localhost:53465 for channel [id: 0xf1d6ca68, L:/127.0.0.1:50152 - R:localhost/127.0.0.1:53465]
18:36:49.719 [Forwarding getElementTagName on session 82683645990a1b399022aed9cef81e23 to remote] DEBUG org.asynchttpclient.netty.request.NettyRequestSender - Using pooled Channel '[id: 0xf1d6ca68, L:/127.0.0.1:50152 - R:localhost/127.0.0.1:53465]' for 'GET' to 'http://localhost:53465/session/82683645990a1b399022aed9cef81e23/element/9086f62f-f9ae-4acc-899b-7f6251b55160/name'
18:36:49.719 [Forwarding getElementTagName on session 82683645990a1b399022aed9cef81e23 to remote] DEBUG org.asynchttpclient.netty.request.NettyRequestSender - Using open Channel [id: 0xf1d6ca68, L:/127.0.0.1:50152 - R:localhost/127.0.0.1:53465] for GET '/session/82683645990a1b399022aed9cef81e23/element/9086f62f-f9ae-4acc-899b-7f6251b55160/name'
18:36:49.722 [AsyncHttpClient-1-4] DEBUG org.asynchttpclient.netty.handler.HttpHandler - 

Request DefaultFullHttpRequest(decodeResult: success, version: HTTP/1.1, content: EmptyByteBufBE)
GET /session/82683645990a1b399022aed9cef81e23/element/9086f62f-f9ae-4acc-899b-7f6251b55160/name HTTP/1.1
User-Agent: selenium/4.1.4 (java windows)
Cache-Control: no-cache
Content-Type: application/json; charset=utf-8
host: localhost:53465
accept: */*

Response DefaultHttpResponse(decodeResult: success, version: HTTP/1.1)
HTTP/1.1 200 OK
Content-Type: application/json; charset=utf-8
cache-control: no-cache
content-length: 18

18:36:49.722 [AsyncHttpClient-1-4] DEBUG org.asynchttpclient.netty.channel.ChannelManager - Adding key: http://localhost:53465 for channel [id: 0xf1d6ca68, L:/127.0.0.1:50152 - R:localhost/127.0.0.1:53465]
18:36:49.723 [Forwarding isElementEnabled on session 82683645990a1b399022aed9cef81e23 to remote] DEBUG org.asynchttpclient.netty.request.NettyRequestSender - Using pooled Channel '[id: 0xf1d6ca68, L:/127.0.0.1:50152 - R:localhost/127.0.0.1:53465]' for 'GET' to 'http://localhost:53465/session/82683645990a1b399022aed9cef81e23/element/9086f62f-f9ae-4acc-899b-7f6251b55160/enabled'
18:36:49.723 [Forwarding isElementEnabled on session 82683645990a1b399022aed9cef81e23 to remote] DEBUG org.asynchttpclient.netty.request.NettyRequestSender - Using open Channel [id: 0xf1d6ca68, L:/127.0.0.1:50152 - R:localhost/127.0.0.1:53465] for GET '/session/82683645990a1b399022aed9cef81e23/element/9086f62f-f9ae-4acc-899b-7f6251b55160/enabled'
18:36:49.732 [AsyncHttpClient-1-4] DEBUG org.asynchttpclient.netty.handler.HttpHandler - 

Request DefaultFullHttpRequest(decodeResult: success, version: HTTP/1.1, content: EmptyByteBufBE)
GET /session/82683645990a1b399022aed9cef81e23/element/9086f62f-f9ae-4acc-899b-7f6251b55160/enabled HTTP/1.1
User-Agent: selenium/4.1.4 (java windows)
Cache-Control: no-cache
Content-Type: application/json; charset=utf-8
host: localhost:53465
accept: */*

Response DefaultHttpResponse(decodeResult: success, version: HTTP/1.1)
HTTP/1.1 200 OK
Content-Type: application/json; charset=utf-8
cache-control: no-cache
content-length: 14

18:36:49.732 [AsyncHttpClient-1-4] DEBUG org.asynchttpclient.netty.channel.ChannelManager - Adding key: http://localhost:53465 for channel [id: 0xf1d6ca68, L:/127.0.0.1:50152 - R:localhost/127.0.0.1:53465]
18:36:49.748 [AsyncHttpClient-1-1] DEBUG org.asynchttpclient.netty.channel.DefaultChannelPool - Entry count for : http://localhost:50153 : 1
18:36:49.748 [AsyncHttpClient-1-1] DEBUG org.asynchttpclient.netty.channel.DefaultChannelPool - Entry count for : http://localhost:53465 : 1
18:36:49.752 [Forwarding isElementEnabled on session 82683645990a1b399022aed9cef81e23 to remote] DEBUG org.asynchttpclient.netty.request.NettyRequestSender - Using pooled Channel '[id: 0xf1d6ca68, L:/127.0.0.1:50152 - R:localhost/127.0.0.1:53465]' for 'GET' to 'http://localhost:53465/session/82683645990a1b399022aed9cef81e23/element/9086f62f-f9ae-4acc-899b-7f6251b55160/enabled'
18:36:49.752 [Forwarding isElementEnabled on session 82683645990a1b399022aed9cef81e23 to remote] DEBUG org.asynchttpclient.netty.request.NettyRequestSender - Using open Channel [id: 0xf1d6ca68, L:/127.0.0.1:50152 - R:localhost/127.0.0.1:53465] for GET '/session/82683645990a1b399022aed9cef81e23/element/9086f62f-f9ae-4acc-899b-7f6251b55160/enabled'
18:36:49.760 [AsyncHttpClient-1-4] DEBUG org.asynchttpclient.netty.handler.HttpHandler - 

Request DefaultFullHttpRequest(decodeResult: success, version: HTTP/1.1, content: EmptyByteBufBE)
GET /session/82683645990a1b399022aed9cef81e23/element/9086f62f-f9ae-4acc-899b-7f6251b55160/enabled HTTP/1.1
User-Agent: selenium/4.1.4 (java windows)
Cache-Control: no-cache
Content-Type: application/json; charset=utf-8
host: localhost:53465
accept: */*

Response DefaultHttpResponse(decodeResult: success, version: HTTP/1.1)
HTTP/1.1 200 OK
Content-Type: application/json; charset=utf-8
cache-control: no-cache
content-length: 14

18:36:49.760 [AsyncHttpClient-1-4] DEBUG org.asynchttpclient.netty.channel.ChannelManager - Adding key: http://localhost:53465 for channel [id: 0xf1d6ca68, L:/127.0.0.1:50152 - R:localhost/127.0.0.1:53465]
18:36:49.761 [Forwarding findElement on session 82683645990a1b399022aed9cef81e23 to remote] DEBUG org.asynchttpclient.netty.request.NettyRequestSender - Using pooled Channel '[id: 0xf1d6ca68, L:/127.0.0.1:50152 - R:localhost/127.0.0.1:53465]' for 'POST' to 'http://localhost:53465/session/82683645990a1b399022aed9cef81e23/element'
18:36:49.761 [Forwarding findElement on session 82683645990a1b399022aed9cef81e23 to remote] DEBUG org.asynchttpclient.netty.request.NettyRequestSender - Using open Channel [id: 0xf1d6ca68, L:/127.0.0.1:50152 - R:localhost/127.0.0.1:53465] for POST '/session/82683645990a1b399022aed9cef81e23/element'
18:36:49.768 [AsyncHttpClient-1-4] DEBUG org.asynchttpclient.netty.handler.HttpHandler - 

Request DefaultHttpRequest(decodeResult: success, version: HTTP/1.1)
POST /session/82683645990a1b399022aed9cef81e23/element HTTP/1.1
User-Agent: selenium/4.1.4 (java windows)
Content-Length: 68
Content-Type: application/json; charset=utf-8
host: localhost:53465
accept: */*

Response DefaultHttpResponse(decodeResult: success, version: HTTP/1.1)
HTTP/1.1 200 OK
Content-Type: application/json; charset=utf-8
cache-control: no-cache
content-length: 88

18:36:49.768 [AsyncHttpClient-1-4] DEBUG org.asynchttpclient.netty.channel.ChannelManager - Adding key: http://localhost:53465 for channel [id: 0xf1d6ca68, L:/127.0.0.1:50152 - R:localhost/127.0.0.1:53465]
18:36:49.790 [Forwarding clickElement on session 82683645990a1b399022aed9cef81e23 to remote] DEBUG org.asynchttpclient.netty.request.NettyRequestSender - Using pooled Channel '[id: 0xf1d6ca68, L:/127.0.0.1:50152 - R:localhost/127.0.0.1:53465]' for 'POST' to 'http://localhost:53465/session/82683645990a1b399022aed9cef81e23/element/9086f62f-f9ae-4acc-899b-7f6251b55160/click'
18:36:49.790 [Forwarding clickElement on session 82683645990a1b399022aed9cef81e23 to remote] DEBUG org.asynchttpclient.netty.request.NettyRequestSender - Using open Channel [id: 0xf1d6ca68, L:/127.0.0.1:50152 - R:localhost/127.0.0.1:53465] for POST '/session/82683645990a1b399022aed9cef81e23/element/9086f62f-f9ae-4acc-899b-7f6251b55160/click'
18:36:49.851 [AsyncHttpClient-1-4] DEBUG org.asynchttpclient.netty.handler.HttpHandler - 

Request DefaultHttpRequest(decodeResult: success, version: HTTP/1.1)
POST /session/82683645990a1b399022aed9cef81e23/element/9086f62f-f9ae-4acc-899b-7f6251b55160/click HTTP/1.1
User-Agent: selenium/4.1.4 (java windows)
Content-Length: 50
Content-Type: application/json; charset=utf-8
host: localhost:53465
accept: */*

Response DefaultHttpResponse(decodeResult: success, version: HTTP/1.1)
HTTP/1.1 200 OK
Content-Type: application/json; charset=utf-8
cache-control: no-cache
content-length: 14

18:36:49.851 [AsyncHttpClient-1-4] DEBUG org.asynchttpclient.netty.channel.ChannelManager - Adding key: http://localhost:53465 for channel [id: 0xf1d6ca68, L:/127.0.0.1:50152 - R:localhost/127.0.0.1:53465]
18:36:49.856 [Forwarding screenshot on session 82683645990a1b399022aed9cef81e23 to remote] DEBUG org.asynchttpclient.netty.request.NettyRequestSender - Using pooled Channel '[id: 0xf1d6ca68, L:/127.0.0.1:50152 - R:localhost/127.0.0.1:53465]' for 'GET' to 'http://localhost:53465/session/82683645990a1b399022aed9cef81e23/screenshot'
18:36:49.856 [Forwarding screenshot on session 82683645990a1b399022aed9cef81e23 to remote] DEBUG org.asynchttpclient.netty.request.NettyRequestSender - Using open Channel [id: 0xf1d6ca68, L:/127.0.0.1:50152 - R:localhost/127.0.0.1:53465] for GET '/session/82683645990a1b399022aed9cef81e23/screenshot'
18:36:50.156 [AsyncHttpClient-1-4] DEBUG org.asynchttpclient.netty.handler.HttpHandler - 

Request DefaultFullHttpRequest(decodeResult: success, version: HTTP/1.1, content: EmptyByteBufBE)
GET /session/82683645990a1b399022aed9cef81e23/screenshot HTTP/1.1
User-Agent: selenium/4.1.4 (java windows)
Cache-Control: no-cache
Content-Type: application/json; charset=utf-8
host: localhost:53465
accept: */*

Response DefaultHttpResponse(decodeResult: success, version: HTTP/1.1)
HTTP/1.1 200 OK
Content-Type: application/json; charset=utf-8
cache-control: no-cache
content-length: 360756

18:36:50.156 [AsyncHttpClient-1-4] DEBUG org.asynchttpclient.netty.channel.ChannelManager - Adding key: http://localhost:53465 for channel [id: 0xf1d6ca68, L:/127.0.0.1:50152 - R:localhost/127.0.0.1:53465]
18:36:50.165 [main] DEBUG net.serenitybdd.core.photography.Darkroom - Send negative for processing for target\site\serenity\d35b91ce3d07a9fee4a431adcd1b0719dc7cb4a166e6b1b6f49fd9899092a5f7.png
18:36:50.165 [main] DEBUG net.thucydides.core.steps.StepInterceptor - STEP DONE: clickButtonLogin
18:36:50.844 [AsyncHttpClient-1-1] DEBUG org.asynchttpclient.netty.channel.DefaultChannelPool - Entry count for : http://localhost:50153 : 1
18:36:50.844 [AsyncHttpClient-1-1] DEBUG org.asynchttpclient.netty.channel.DefaultChannelPool - Entry count for : http://localhost:53465 : 1
  &amp#27;[32mWhen &amp#27;[0m&amp#27;[32mI click button login&amp#27;[0m                                     &amp#27;[90m# starter.stepdefinitios.LoginSteps.iClickButtonLogin()&amp#27;[0m
18:36:51.176 [Forwarding screenshot on session 82683645990a1b399022aed9cef81e23 to remote] DEBUG org.asynchttpclient.netty.request.NettyRequestSender - Using pooled Channel '[id: 0xf1d6ca68, L:/127.0.0.1:50152 - R:localhost/127.0.0.1:53465]' for 'GET' to 'http://localhost:53465/session/82683645990a1b399022aed9cef81e23/screenshot'
18:36:51.176 [Forwarding screenshot on session 82683645990a1b399022aed9cef81e23 to remote] DEBUG org.asynchttpclient.netty.request.NettyRequestSender - Using open Channel [id: 0xf1d6ca68, L:/127.0.0.1:50152 - R:localhost/127.0.0.1:53465] for GET '/session/82683645990a1b399022aed9cef81e23/screenshot'
18:36:51.470 [AsyncHttpClient-1-4] DEBUG org.asynchttpclient.netty.handler.HttpHandler - 

Request DefaultFullHttpRequest(decodeResult: success, version: HTTP/1.1, content: EmptyByteBufBE)
GET /session/82683645990a1b399022aed9cef81e23/screenshot HTTP/1.1
User-Agent: selenium/4.1.4 (java windows)
Cache-Control: no-cache
Content-Type: application/json; charset=utf-8
host: localhost:53465
accept: */*

Response DefaultHttpResponse(decodeResult: success, version: HTTP/1.1)
HTTP/1.1 200 OK
Content-Type: application/json; charset=utf-8
cache-control: no-cache
content-length: 313192

18:36:51.471 [AsyncHttpClient-1-4] DEBUG org.asynchttpclient.netty.channel.ChannelManager - Adding key: http://localhost:53465 for channel [id: 0xf1d6ca68, L:/127.0.0.1:50152 - R:localhost/127.0.0.1:53465]
18:36:51.478 [main] DEBUG net.serenitybdd.core.photography.Darkroom - Send negative for processing for target\site\serenity\aa05d0043c14d3e2162c17bd8af0a31264f560b28ab2eb0434dc36aaf28d9740.png
18:36:51.479 [Darkroom Processing Line] DEBUG net.serenitybdd.core.photography.DarkroomProcessingLine - Processing screenshot image in /var/screenshots/screenshot-2297243063401139379
18:36:51.479 [Darkroom Processing Line] DEBUG net.serenitybdd.core.photography.DarkroomProcessingLine - Saving screenshot to target\site\serenity\aa05d0043c14d3e2162c17bd8af0a31264f560b28ab2eb0434dc36aaf28d9740.png
18:36:51.944 [AsyncHttpClient-1-1] DEBUG org.asynchttpclient.netty.channel.DefaultChannelPool - Entry count for : http://localhost:50153 : 1
18:36:51.944 [AsyncHttpClient-1-1] DEBUG org.asynchttpclient.netty.channel.DefaultChannelPool - Entry count for : http://localhost:53465 : 1
18:36:53.042 [AsyncHttpClient-1-1] DEBUG org.asynchttpclient.netty.channel.DefaultChannelPool - Entry count for : http://localhost:50153 : 1
18:36:53.042 [AsyncHttpClient-1-1] DEBUG org.asynchttpclient.netty.channel.DefaultChannelPool - Entry count for : http://localhost:53465 : 1
18:36:54.135 [AsyncHttpClient-1-1] DEBUG org.asynchttpclient.netty.channel.DefaultChannelPool - Entry count for : http://localhost:50153 : 1
18:36:54.135 [AsyncHttpClient-1-1] DEBUG org.asynchttpclient.netty.channel.DefaultChannelPool - Entry count for : http://localhost:53465 : 1
18:36:55.247 [AsyncHttpClient-1-1] DEBUG org.asynchttpclient.netty.channel.DefaultChannelPool - Entry count for : http://localhost:50153 : 1
18:36:55.247 [AsyncHttpClient-1-1] DEBUG org.asynchttpclient.netty.channel.DefaultChannelPool - Entry count for : http://localhost:53465 : 1
18:36:56.337 [AsyncHttpClient-1-1] DEBUG org.asynchttpclient.netty.channel.DefaultChannelPool - Entry count for : http://localhost:50153 : 1
18:36:56.337 [AsyncHttpClient-1-1] DEBUG org.asynchttpclient.netty.channel.DefaultChannelPool - Entry count for : http://localhost:53465 : 1
18:36:56.494 [Forwarding findElement on session 82683645990a1b399022aed9cef81e23 to remote] DEBUG org.asynchttpclient.netty.request.NettyRequestSender - Using pooled Channel '[id: 0xf1d6ca68, L:/127.0.0.1:50152 - R:localhost/127.0.0.1:53465]' for 'POST' to 'http://localhost:53465/session/82683645990a1b399022aed9cef81e23/element'
18:36:56.494 [Forwarding findElement on session 82683645990a1b399022aed9cef81e23 to remote] DEBUG org.asynchttpclient.netty.request.NettyRequestSender - Using open Channel [id: 0xf1d6ca68, L:/127.0.0.1:50152 - R:localhost/127.0.0.1:53465] for POST '/session/82683645990a1b399022aed9cef81e23/element'
18:36:56.514 [AsyncHttpClient-1-4] DEBUG org.asynchttpclient.netty.handler.HttpHandler - 

Request DefaultHttpRequest(decodeResult: success, version: HTTP/1.1)
POST /session/82683645990a1b399022aed9cef81e23/element HTTP/1.1
User-Agent: selenium/4.1.4 (java windows)
Content-Length: 68
Content-Type: application/json; charset=utf-8
host: localhost:53465
accept: */*

Response DefaultHttpResponse(decodeResult: success, version: HTTP/1.1)
HTTP/1.1 200 OK
Content-Type: application/json; charset=utf-8
cache-control: no-cache
content-length: 88

18:36:56.514 [AsyncHttpClient-1-4] DEBUG org.asynchttpclient.netty.channel.ChannelManager - Adding key: http://localhost:53465 for channel [id: 0xf1d6ca68, L:/127.0.0.1:50152 - R:localhost/127.0.0.1:53465]
18:36:56.515 [Forwarding isElementEnabled on session 82683645990a1b399022aed9cef81e23 to remote] DEBUG org.asynchttpclient.netty.request.NettyRequestSender - Using pooled Channel '[id: 0xf1d6ca68, L:/127.0.0.1:50152 - R:localhost/127.0.0.1:53465]' for 'GET' to 'http://localhost:53465/session/82683645990a1b399022aed9cef81e23/element/02e3b195-a584-4174-952c-a21d958c5bf0/enabled'
18:36:56.515 [Forwarding isElementEnabled on session 82683645990a1b399022aed9cef81e23 to remote] DEBUG org.asynchttpclient.netty.request.NettyRequestSender - Using open Channel [id: 0xf1d6ca68, L:/127.0.0.1:50152 - R:localhost/127.0.0.1:53465] for GET '/session/82683645990a1b399022aed9cef81e23/element/02e3b195-a584-4174-952c-a21d958c5bf0/enabled'
18:36:56.528 [AsyncHttpClient-1-4] DEBUG org.asynchttpclient.netty.handler.HttpHandler - 

Request DefaultFullHttpRequest(decodeResult: success, version: HTTP/1.1, content: EmptyByteBufBE)
GET /session/82683645990a1b399022aed9cef81e23/element/02e3b195-a584-4174-952c-a21d958c5bf0/enabled HTTP/1.1
User-Agent: selenium/4.1.4 (java windows)
Cache-Control: no-cache
Content-Type: application/json; charset=utf-8
host: localhost:53465
accept: */*

Response DefaultHttpResponse(decodeResult: success, version: HTTP/1.1)
HTTP/1.1 200 OK
Content-Type: application/json; charset=utf-8
cache-control: no-cache
content-length: 14

18:36:56.528 [AsyncHttpClient-1-4] DEBUG org.asynchttpclient.netty.channel.ChannelManager - Adding key: http://localhost:53465 for channel [id: 0xf1d6ca68, L:/127.0.0.1:50152 - R:localhost/127.0.0.1:53465]
18:36:57.033 [Forwarding screenshot on session 82683645990a1b399022aed9cef81e23 to remote] DEBUG org.asynchttpclient.netty.request.NettyRequestSender - Using pooled Channel '[id: 0xf1d6ca68, L:/127.0.0.1:50152 - R:localhost/127.0.0.1:53465]' for 'GET' to 'http://localhost:53465/session/82683645990a1b399022aed9cef81e23/screenshot'
18:36:57.033 [Forwarding screenshot on session 82683645990a1b399022aed9cef81e23 to remote] DEBUG org.asynchttpclient.netty.request.NettyRequestSender - Using open Channel [id: 0xf1d6ca68, L:/127.0.0.1:50152 - R:localhost/127.0.0.1:53465] for GET '/session/82683645990a1b399022aed9cef81e23/screenshot'
18:36:57.282 [AsyncHttpClient-1-4] DEBUG org.asynchttpclient.netty.handler.HttpHandler - 

Request DefaultFullHttpRequest(decodeResult: success, version: HTTP/1.1, content: EmptyByteBufBE)
GET /session/82683645990a1b399022aed9cef81e23/screenshot HTTP/1.1
User-Agent: selenium/4.1.4 (java windows)
Cache-Control: no-cache
Content-Type: application/json; charset=utf-8
host: localhost:53465
accept: */*

Response DefaultHttpResponse(decodeResult: success, version: HTTP/1.1)
HTTP/1.1 200 OK
Content-Type: application/json; charset=utf-8
cache-control: no-cache
content-length: 301044

18:36:57.282 [AsyncHttpClient-1-4] DEBUG org.asynchttpclient.netty.channel.ChannelManager - Adding key: http://localhost:53465 for channel [id: 0xf1d6ca68, L:/127.0.0.1:50152 - R:localhost/127.0.0.1:53465]
18:36:57.294 [main] DEBUG net.serenitybdd.core.photography.Darkroom - Send negative for processing for target\site\serenity\163e386af0b12517552a74a3d5043b94e8c0f9215c0f21d464e3b04d27a0859d.png
18:36:57.296 [main] DEBUG net.thucydides.core.steps.StepInterceptor - STARTING STEP: LoginSteps.loginValidationInvalid - clickButtonErrorOK
18:36:57.298 [Forwarding findElement on session 82683645990a1b399022aed9cef81e23 to remote] DEBUG org.asynchttpclient.netty.request.NettyRequestSender - Using pooled Channel '[id: 0xf1d6ca68, L:/127.0.0.1:50152 - R:localhost/127.0.0.1:53465]' for 'POST' to 'http://localhost:53465/session/82683645990a1b399022aed9cef81e23/element'
18:36:57.298 [Forwarding findElement on session 82683645990a1b399022aed9cef81e23 to remote] DEBUG org.asynchttpclient.netty.request.NettyRequestSender - Using open Channel [id: 0xf1d6ca68, L:/127.0.0.1:50152 - R:localhost/127.0.0.1:53465] for POST '/session/82683645990a1b399022aed9cef81e23/element'
18:36:57.308 [AsyncHttpClient-1-4] DEBUG org.asynchttpclient.netty.handler.HttpHandler - 

Request DefaultHttpRequest(decodeResult: success, version: HTTP/1.1)
POST /session/82683645990a1b399022aed9cef81e23/element HTTP/1.1
User-Agent: selenium/4.1.4 (java windows)
Content-Length: 88
Content-Type: application/json; charset=utf-8
host: localhost:53465
accept: */*

Response DefaultHttpResponse(decodeResult: success, version: HTTP/1.1)
HTTP/1.1 200 OK
Content-Type: application/json; charset=utf-8
cache-control: no-cache
content-length: 88

18:36:57.308 [AsyncHttpClient-1-4] DEBUG org.asynchttpclient.netty.channel.ChannelManager - Adding key: http://localhost:53465 for channel [id: 0xf1d6ca68, L:/127.0.0.1:50152 - R:localhost/127.0.0.1:53465]
18:36:57.309 [Forwarding getElementTagName on session 82683645990a1b399022aed9cef81e23 to remote] DEBUG org.asynchttpclient.netty.request.NettyRequestSender - Using pooled Channel '[id: 0xf1d6ca68, L:/127.0.0.1:50152 - R:localhost/127.0.0.1:53465]' for 'GET' to 'http://localhost:53465/session/82683645990a1b399022aed9cef81e23/element/74a7e8d7-eb93-4f4a-8d8a-8a425a9e4b29/name'
18:36:57.309 [Forwarding getElementTagName on session 82683645990a1b399022aed9cef81e23 to remote] DEBUG org.asynchttpclient.netty.request.NettyRequestSender - Using open Channel [id: 0xf1d6ca68, L:/127.0.0.1:50152 - R:localhost/127.0.0.1:53465] for GET '/session/82683645990a1b399022aed9cef81e23/element/74a7e8d7-eb93-4f4a-8d8a-8a425a9e4b29/name'
18:36:57.312 [AsyncHttpClient-1-4] DEBUG org.asynchttpclient.netty.handler.HttpHandler - 

Request DefaultFullHttpRequest(decodeResult: success, version: HTTP/1.1, content: EmptyByteBufBE)
GET /session/82683645990a1b399022aed9cef81e23/element/74a7e8d7-eb93-4f4a-8d8a-8a425a9e4b29/name HTTP/1.1
User-Agent: selenium/4.1.4 (java windows)
Cache-Control: no-cache
Content-Type: application/json; charset=utf-8
host: localhost:53465
accept: */*

Response DefaultHttpResponse(decodeResult: success, version: HTTP/1.1)
HTTP/1.1 200 OK
Content-Type: application/json; charset=utf-8
cache-control: no-cache
content-length: 18

18:36:57.313 [AsyncHttpClient-1-4] DEBUG org.asynchttpclient.netty.channel.ChannelManager - Adding key: http://localhost:53465 for channel [id: 0xf1d6ca68, L:/127.0.0.1:50152 - R:localhost/127.0.0.1:53465]
18:36:57.313 [Forwarding getElementTagName on session 82683645990a1b399022aed9cef81e23 to remote] DEBUG org.asynchttpclient.netty.request.NettyRequestSender - Using pooled Channel '[id: 0xf1d6ca68, L:/127.0.0.1:50152 - R:localhost/127.0.0.1:53465]' for 'GET' to 'http://localhost:53465/session/82683645990a1b399022aed9cef81e23/element/74a7e8d7-eb93-4f4a-8d8a-8a425a9e4b29/name'
18:36:57.313 [Forwarding getElementTagName on session 82683645990a1b399022aed9cef81e23 to remote] DEBUG org.asynchttpclient.netty.request.NettyRequestSender - Using open Channel [id: 0xf1d6ca68, L:/127.0.0.1:50152 - R:localhost/127.0.0.1:53465] for GET '/session/82683645990a1b399022aed9cef81e23/element/74a7e8d7-eb93-4f4a-8d8a-8a425a9e4b29/name'
18:36:57.318 [AsyncHttpClient-1-4] DEBUG org.asynchttpclient.netty.handler.HttpHandler - 

Request DefaultFullHttpRequest(decodeResult: success, version: HTTP/1.1, content: EmptyByteBufBE)
GET /session/82683645990a1b399022aed9cef81e23/element/74a7e8d7-eb93-4f4a-8d8a-8a425a9e4b29/name HTTP/1.1
User-Agent: selenium/4.1.4 (java windows)
Cache-Control: no-cache
Content-Type: application/json; charset=utf-8
host: localhost:53465
accept: */*

Response DefaultHttpResponse(decodeResult: success, version: HTTP/1.1)
HTTP/1.1 200 OK
Content-Type: application/json; charset=utf-8
cache-control: no-cache
content-length: 18

18:36:57.318 [AsyncHttpClient-1-4] DEBUG org.asynchttpclient.netty.channel.ChannelManager - Adding key: http://localhost:53465 for channel [id: 0xf1d6ca68, L:/127.0.0.1:50152 - R:localhost/127.0.0.1:53465]
18:36:57.319 [Forwarding isElementEnabled on session 82683645990a1b399022aed9cef81e23 to remote] DEBUG org.asynchttpclient.netty.request.NettyRequestSender - Using pooled Channel '[id: 0xf1d6ca68, L:/127.0.0.1:50152 - R:localhost/127.0.0.1:53465]' for 'GET' to 'http://localhost:53465/session/82683645990a1b399022aed9cef81e23/element/74a7e8d7-eb93-4f4a-8d8a-8a425a9e4b29/enabled'
18:36:57.319 [Forwarding isElementEnabled on session 82683645990a1b399022aed9cef81e23 to remote] DEBUG org.asynchttpclient.netty.request.NettyRequestSender - Using open Channel [id: 0xf1d6ca68, L:/127.0.0.1:50152 - R:localhost/127.0.0.1:53465] for GET '/session/82683645990a1b399022aed9cef81e23/element/74a7e8d7-eb93-4f4a-8d8a-8a425a9e4b29/enabled'
18:36:57.327 [AsyncHttpClient-1-4] DEBUG org.asynchttpclient.netty.handler.HttpHandler - 

Request DefaultFullHttpRequest(decodeResult: success, version: HTTP/1.1, content: EmptyByteBufBE)
GET /session/82683645990a1b399022aed9cef81e23/element/74a7e8d7-eb93-4f4a-8d8a-8a425a9e4b29/enabled HTTP/1.1
User-Agent: selenium/4.1.4 (java windows)
Cache-Control: no-cache
Content-Type: application/json; charset=utf-8
host: localhost:53465
accept: */*

Response DefaultHttpResponse(decodeResult: success, version: HTTP/1.1)
HTTP/1.1 200 OK
Content-Type: application/json; charset=utf-8
cache-control: no-cache
content-length: 14

18:36:57.327 [AsyncHttpClient-1-4] DEBUG org.asynchttpclient.netty.channel.ChannelManager - Adding key: http://localhost:53465 for channel [id: 0xf1d6ca68, L:/127.0.0.1:50152 - R:localhost/127.0.0.1:53465]
18:36:57.327 [Forwarding isElementEnabled on session 82683645990a1b399022aed9cef81e23 to remote] DEBUG org.asynchttpclient.netty.request.NettyRequestSender - Using pooled Channel '[id: 0xf1d6ca68, L:/127.0.0.1:50152 - R:localhost/127.0.0.1:53465]' for 'GET' to 'http://localhost:53465/session/82683645990a1b399022aed9cef81e23/element/74a7e8d7-eb93-4f4a-8d8a-8a425a9e4b29/enabled'
18:36:57.327 [Forwarding isElementEnabled on session 82683645990a1b399022aed9cef81e23 to remote] DEBUG org.asynchttpclient.netty.request.NettyRequestSender - Using open Channel [id: 0xf1d6ca68, L:/127.0.0.1:50152 - R:localhost/127.0.0.1:53465] for GET '/session/82683645990a1b399022aed9cef81e23/element/74a7e8d7-eb93-4f4a-8d8a-8a425a9e4b29/enabled'
18:36:57.331 [AsyncHttpClient-1-4] DEBUG org.asynchttpclient.netty.handler.HttpHandler - 

Request DefaultFullHttpRequest(decodeResult: success, version: HTTP/1.1, content: EmptyByteBufBE)
GET /session/82683645990a1b399022aed9cef81e23/element/74a7e8d7-eb93-4f4a-8d8a-8a425a9e4b29/enabled HTTP/1.1
User-Agent: selenium/4.1.4 (java windows)
Cache-Control: no-cache
Content-Type: application/json; charset=utf-8
host: localhost:53465
accept: */*

Response DefaultHttpResponse(decodeResult: success, version: HTTP/1.1)
HTTP/1.1 200 OK
Content-Type: application/json; charset=utf-8
cache-control: no-cache
content-length: 14

18:36:57.331 [AsyncHttpClient-1-4] DEBUG org.asynchttpclient.netty.channel.ChannelManager - Adding key: http://localhost:53465 for channel [id: 0xf1d6ca68, L:/127.0.0.1:50152 - R:localhost/127.0.0.1:53465]
18:36:57.332 [Forwarding findElement on session 82683645990a1b399022aed9cef81e23 to remote] DEBUG org.asynchttpclient.netty.request.NettyRequestSender - Using pooled Channel '[id: 0xf1d6ca68, L:/127.0.0.1:50152 - R:localhost/127.0.0.1:53465]' for 'POST' to 'http://localhost:53465/session/82683645990a1b399022aed9cef81e23/element'
18:36:57.332 [Forwarding findElement on session 82683645990a1b399022aed9cef81e23 to remote] DEBUG org.asynchttpclient.netty.request.NettyRequestSender - Using open Channel [id: 0xf1d6ca68, L:/127.0.0.1:50152 - R:localhost/127.0.0.1:53465] for POST '/session/82683645990a1b399022aed9cef81e23/element'
18:36:57.338 [AsyncHttpClient-1-4] DEBUG org.asynchttpclient.netty.handler.HttpHandler - 

Request DefaultHttpRequest(decodeResult: success, version: HTTP/1.1)
POST /session/82683645990a1b399022aed9cef81e23/element HTTP/1.1
User-Agent: selenium/4.1.4 (java windows)
Content-Length: 88
Content-Type: application/json; charset=utf-8
host: localhost:53465
accept: */*

Response DefaultHttpResponse(decodeResult: success, version: HTTP/1.1)
HTTP/1.1 200 OK
Content-Type: application/json; charset=utf-8
cache-control: no-cache
content-length: 88

18:36:57.338 [AsyncHttpClient-1-4] DEBUG org.asynchttpclient.netty.channel.ChannelManager - Adding key: http://localhost:53465 for channel [id: 0xf1d6ca68, L:/127.0.0.1:50152 - R:localhost/127.0.0.1:53465]
18:36:57.338 [Forwarding clickElement on session 82683645990a1b399022aed9cef81e23 to remote] DEBUG org.asynchttpclient.netty.request.NettyRequestSender - Using pooled Channel '[id: 0xf1d6ca68, L:/127.0.0.1:50152 - R:localhost/127.0.0.1:53465]' for 'POST' to 'http://localhost:53465/session/82683645990a1b399022aed9cef81e23/element/74a7e8d7-eb93-4f4a-8d8a-8a425a9e4b29/click'
18:36:57.338 [Forwarding clickElement on session 82683645990a1b399022aed9cef81e23 to remote] DEBUG org.asynchttpclient.netty.request.NettyRequestSender - Using open Channel [id: 0xf1d6ca68, L:/127.0.0.1:50152 - R:localhost/127.0.0.1:53465] for POST '/session/82683645990a1b399022aed9cef81e23/element/74a7e8d7-eb93-4f4a-8d8a-8a425a9e4b29/click'
18:36:57.403 [AsyncHttpClient-1-4] DEBUG org.asynchttpclient.netty.handler.HttpHandler - 

Request DefaultHttpRequest(decodeResult: success, version: HTTP/1.1)
POST /session/82683645990a1b399022aed9cef81e23/element/74a7e8d7-eb93-4f4a-8d8a-8a425a9e4b29/click HTTP/1.1
User-Agent: selenium/4.1.4 (java windows)
Content-Length: 50
Content-Type: application/json; charset=utf-8
host: localhost:53465
accept: */*

Response DefaultHttpResponse(decodeResult: success, version: HTTP/1.1)
HTTP/1.1 200 OK
Content-Type: application/json; charset=utf-8
cache-control: no-cache
content-length: 14

18:36:57.403 [AsyncHttpClient-1-4] DEBUG org.asynchttpclient.netty.channel.ChannelManager - Adding key: http://localhost:53465 for channel [id: 0xf1d6ca68, L:/127.0.0.1:50152 - R:localhost/127.0.0.1:53465]
18:36:57.409 [Forwarding screenshot on session 82683645990a1b399022aed9cef81e23 to remote] DEBUG org.asynchttpclient.netty.request.NettyRequestSender - Using pooled Channel '[id: 0xf1d6ca68, L:/127.0.0.1:50152 - R:localhost/127.0.0.1:53465]' for 'GET' to 'http://localhost:53465/session/82683645990a1b399022aed9cef81e23/screenshot'
18:36:57.409 [Forwarding screenshot on session 82683645990a1b399022aed9cef81e23 to remote] DEBUG org.asynchttpclient.netty.request.NettyRequestSender - Using open Channel [id: 0xf1d6ca68, L:/127.0.0.1:50152 - R:localhost/127.0.0.1:53465] for GET '/session/82683645990a1b399022aed9cef81e23/screenshot'
18:36:57.436 [AsyncHttpClient-1-1] DEBUG org.asynchttpclient.netty.channel.DefaultChannelPool - Entry count for : http://localhost:50153 : 1
18:36:57.707 [AsyncHttpClient-1-4] DEBUG org.asynchttpclient.netty.handler.HttpHandler - 

Request DefaultFullHttpRequest(decodeResult: success, version: HTTP/1.1, content: EmptyByteBufBE)
GET /session/82683645990a1b399022aed9cef81e23/screenshot HTTP/1.1
User-Agent: selenium/4.1.4 (java windows)
Cache-Control: no-cache
Content-Type: application/json; charset=utf-8
host: localhost:53465
accept: */*

Response DefaultHttpResponse(decodeResult: success, version: HTTP/1.1)
HTTP/1.1 200 OK
Content-Type: application/json; charset=utf-8
cache-control: no-cache
content-length: 74512

18:36:57.707 [AsyncHttpClient-1-4] DEBUG org.asynchttpclient.netty.channel.ChannelManager - Adding key: http://localhost:53465 for channel [id: 0xf1d6ca68, L:/127.0.0.1:50152 - R:localhost/127.0.0.1:53465]
18:36:57.717 [main] DEBUG net.serenitybdd.core.photography.Darkroom - Send negative for processing for target\site\serenity\9188dc5f5484cd7c8cef5a498d282b6f7c0afa3e63f353ef001377777c3a1e5d.png
18:36:57.717 [main] DEBUG net.thucydides.core.steps.StepInterceptor - STEP DONE: clickButtonErrorOK
  &amp#27;[32mAnd &amp#27;[0m&amp#27;[32mLogin validation invalid&amp#27;[0m                                  &amp#27;[90m# starter.stepdefinitios.LoginSteps.loginValidationInvalid()&amp#27;[0m
18:36:57.718 [Darkroom Processing Line] DEBUG net.serenitybdd.core.photography.DarkroomProcessingLine - Processing screenshot image in /var/screenshots/screenshot-18058837961667618798
18:36:57.718 [Darkroom Processing Line] DEBUG net.serenitybdd.core.photography.DarkroomProcessingLine - Saving screenshot to target\site\serenity\9188dc5f5484cd7c8cef5a498d282b6f7c0afa3e63f353ef001377777c3a1e5d.png
18:36:58.551 [AsyncHttpClient-1-1] DEBUG org.asynchttpclient.netty.channel.DefaultChannelPool - Entry count for : http://localhost:50153 : 1
18:36:58.551 [AsyncHttpClient-1-1] DEBUG org.asynchttpclient.netty.channel.DefaultChannelPool - Entry count for : http://localhost:53465 : 1
18:36:59.640 [AsyncHttpClient-1-1] DEBUG org.asynchttpclient.netty.channel.DefaultChannelPool - Entry count for : http://localhost:50153 : 1
18:36:59.640 [AsyncHttpClient-1-1] DEBUG org.asynchttpclient.netty.channel.DefaultChannelPool - Entry count for : http://localhost:53465 : 1
18:37:00.747 [AsyncHttpClient-1-1] DEBUG org.asynchttpclient.netty.channel.DefaultChannelPool - Entry count for : http://localhost:50153 : 1
18:37:00.747 [AsyncHttpClient-1-1] DEBUG org.asynchttpclient.netty.channel.DefaultChannelPool - Entry count for : http://localhost:53465 : 1
18:37:01.842 [AsyncHttpClient-1-1] DEBUG org.asynchttpclient.netty.channel.DefaultChannelPool - Entry count for : http://localhost:50153 : 1
18:37:01.842 [AsyncHttpClient-1-1] DEBUG org.asynchttpclient.netty.channel.DefaultChannelPool - Entry count for : http://localhost:53465 : 1
18:37:02.766 [Forwarding screenshot on session 82683645990a1b399022aed9cef81e23 to remote] DEBUG org.asynchttpclient.netty.request.NettyRequestSender - Using pooled Channel '[id: 0xf1d6ca68, L:/127.0.0.1:50152 - R:localhost/127.0.0.1:53465]' for 'GET' to 'http://localhost:53465/session/82683645990a1b399022aed9cef81e23/screenshot'
18:37:02.767 [Forwarding screenshot on session 82683645990a1b399022aed9cef81e23 to remote] DEBUG org.asynchttpclient.netty.request.NettyRequestSender - Using open Channel [id: 0xf1d6ca68, L:/127.0.0.1:50152 - R:localhost/127.0.0.1:53465] for GET '/session/82683645990a1b399022aed9cef81e23/screenshot'
18:37:02.895 [AsyncHttpClient-1-4] DEBUG org.asynchttpclient.netty.handler.HttpHandler - 

Request DefaultFullHttpRequest(decodeResult: success, version: HTTP/1.1, content: EmptyByteBufBE)
GET /session/82683645990a1b399022aed9cef81e23/screenshot HTTP/1.1
User-Agent: selenium/4.1.4 (java windows)
Cache-Control: no-cache
Content-Type: application/json; charset=utf-8
host: localhost:53465
accept: */*

Response DefaultHttpResponse(decodeResult: success, version: HTTP/1.1)
HTTP/1.1 200 OK
Content-Type: application/json; charset=utf-8
cache-control: no-cache
content-length: 78860

18:37:02.895 [AsyncHttpClient-1-4] DEBUG org.asynchttpclient.netty.channel.ChannelManager - Adding key: http://localhost:53465 for channel [id: 0xf1d6ca68, L:/127.0.0.1:50152 - R:localhost/127.0.0.1:53465]
18:37:02.896 [main] DEBUG net.serenitybdd.core.photography.Darkroom - Send negative for processing for target\site\serenity\e3902e4e6d497170d59aa0c0c2930d955492166dca27ad580f2b08c08bf103aa.png
18:37:02.897 [main] DEBUG net.thucydides.core.steps.StepInterceptor - STARTING STEP: PatientDataSteps.clickButtonDataPasien - clickButtonDataPasien
18:37:02.899 [Forwarding findElement on session 82683645990a1b399022aed9cef81e23 to remote] DEBUG org.asynchttpclient.netty.request.NettyRequestSender - Using pooled Channel '[id: 0xf1d6ca68, L:/127.0.0.1:50152 - R:localhost/127.0.0.1:53465]' for 'POST' to 'http://localhost:53465/session/82683645990a1b399022aed9cef81e23/element'
18:37:02.899 [Forwarding findElement on session 82683645990a1b399022aed9cef81e23 to remote] DEBUG org.asynchttpclient.netty.request.NettyRequestSender - Using open Channel [id: 0xf1d6ca68, L:/127.0.0.1:50152 - R:localhost/127.0.0.1:53465] for POST '/session/82683645990a1b399022aed9cef81e23/element'
18:37:02.909 [AsyncHttpClient-1-4] DEBUG org.asynchttpclient.netty.handler.HttpHandler - 

Request DefaultHttpRequest(decodeResult: success, version: HTTP/1.1)
POST /session/82683645990a1b399022aed9cef81e23/element HTTP/1.1
User-Agent: selenium/4.1.4 (java windows)
Content-Length: 114
Content-Type: application/json; charset=utf-8
host: localhost:53465
accept: */*

Response DefaultHttpResponse(decodeResult: success, version: HTTP/1.1)
HTTP/1.1 200 OK
Content-Type: application/json; charset=utf-8
cache-control: no-cache
content-length: 88

18:37:02.910 [AsyncHttpClient-1-4] DEBUG org.asynchttpclient.netty.channel.ChannelManager - Adding key: http://localhost:53465 for channel [id: 0xf1d6ca68, L:/127.0.0.1:50152 - R:localhost/127.0.0.1:53465]
18:37:02.910 [Forwarding getElementTagName on session 82683645990a1b399022aed9cef81e23 to remote] DEBUG org.asynchttpclient.netty.request.NettyRequestSender - Using pooled Channel '[id: 0xf1d6ca68, L:/127.0.0.1:50152 - R:localhost/127.0.0.1:53465]' for 'GET' to 'http://localhost:53465/session/82683645990a1b399022aed9cef81e23/element/853204b0-11a6-485a-90cc-2642f28a1b25/name'
18:37:02.910 [Forwarding getElementTagName on session 82683645990a1b399022aed9cef81e23 to remote] DEBUG org.asynchttpclient.netty.request.NettyRequestSender - Using open Channel [id: 0xf1d6ca68, L:/127.0.0.1:50152 - R:localhost/127.0.0.1:53465] for GET '/session/82683645990a1b399022aed9cef81e23/element/853204b0-11a6-485a-90cc-2642f28a1b25/name'
18:37:02.915 [AsyncHttpClient-1-4] DEBUG org.asynchttpclient.netty.handler.HttpHandler - 

Request DefaultFullHttpRequest(decodeResult: success, version: HTTP/1.1, content: EmptyByteBufBE)
GET /session/82683645990a1b399022aed9cef81e23/element/853204b0-11a6-485a-90cc-2642f28a1b25/name HTTP/1.1
User-Agent: selenium/4.1.4 (java windows)
Cache-Control: no-cache
Content-Type: application/json; charset=utf-8
host: localhost:53465
accept: */*

Response DefaultHttpResponse(decodeResult: success, version: HTTP/1.1)
HTTP/1.1 200 OK
Content-Type: application/json; charset=utf-8
cache-control: no-cache
content-length: 13

18:37:02.915 [AsyncHttpClient-1-4] DEBUG org.asynchttpclient.netty.channel.ChannelManager - Adding key: http://localhost:53465 for channel [id: 0xf1d6ca68, L:/127.0.0.1:50152 - R:localhost/127.0.0.1:53465]
18:37:02.915 [Forwarding getElementTagName on session 82683645990a1b399022aed9cef81e23 to remote] DEBUG org.asynchttpclient.netty.request.NettyRequestSender - Using pooled Channel '[id: 0xf1d6ca68, L:/127.0.0.1:50152 - R:localhost/127.0.0.1:53465]' for 'GET' to 'http://localhost:53465/session/82683645990a1b399022aed9cef81e23/element/853204b0-11a6-485a-90cc-2642f28a1b25/name'
18:37:02.915 [Forwarding getElementTagName on session 82683645990a1b399022aed9cef81e23 to remote] DEBUG org.asynchttpclient.netty.request.NettyRequestSender - Using open Channel [id: 0xf1d6ca68, L:/127.0.0.1:50152 - R:localhost/127.0.0.1:53465] for GET '/session/82683645990a1b399022aed9cef81e23/element/853204b0-11a6-485a-90cc-2642f28a1b25/name'
18:37:02.918 [AsyncHttpClient-1-4] DEBUG org.asynchttpclient.netty.handler.HttpHandler - 

Request DefaultFullHttpRequest(decodeResult: success, version: HTTP/1.1, content: EmptyByteBufBE)
GET /session/82683645990a1b399022aed9cef81e23/element/853204b0-11a6-485a-90cc-2642f28a1b25/name HTTP/1.1
User-Agent: selenium/4.1.4 (java windows)
Cache-Control: no-cache
Content-Type: application/json; charset=utf-8
host: localhost:53465
accept: */*

Response DefaultHttpResponse(decodeResult: success, version: HTTP/1.1)
HTTP/1.1 200 OK
Content-Type: application/json; charset=utf-8
cache-control: no-cache
content-length: 13

18:37:02.918 [AsyncHttpClient-1-4] DEBUG org.asynchttpclient.netty.channel.ChannelManager - Adding key: http://localhost:53465 for channel [id: 0xf1d6ca68, L:/127.0.0.1:50152 - R:localhost/127.0.0.1:53465]
18:37:02.919 [Forwarding findElement on session 82683645990a1b399022aed9cef81e23 to remote] DEBUG org.asynchttpclient.netty.request.NettyRequestSender - Using pooled Channel '[id: 0xf1d6ca68, L:/127.0.0.1:50152 - R:localhost/127.0.0.1:53465]' for 'POST' to 'http://localhost:53465/session/82683645990a1b399022aed9cef81e23/element'
18:37:02.919 [Forwarding findElement on session 82683645990a1b399022aed9cef81e23 to remote] DEBUG org.asynchttpclient.netty.request.NettyRequestSender - Using open Channel [id: 0xf1d6ca68, L:/127.0.0.1:50152 - R:localhost/127.0.0.1:53465] for POST '/session/82683645990a1b399022aed9cef81e23/element'
18:37:02.925 [AsyncHttpClient-1-4] DEBUG org.asynchttpclient.netty.handler.HttpHandler - 

Request DefaultHttpRequest(decodeResult: success, version: HTTP/1.1)
POST /session/82683645990a1b399022aed9cef81e23/element HTTP/1.1
User-Agent: selenium/4.1.4 (java windows)
Content-Length: 114
Content-Type: application/json; charset=utf-8
host: localhost:53465
accept: */*

Response DefaultHttpResponse(decodeResult: success, version: HTTP/1.1)
HTTP/1.1 200 OK
Content-Type: application/json; charset=utf-8
cache-control: no-cache
content-length: 88

18:37:02.925 [AsyncHttpClient-1-4] DEBUG org.asynchttpclient.netty.channel.ChannelManager - Adding key: http://localhost:53465 for channel [id: 0xf1d6ca68, L:/127.0.0.1:50152 - R:localhost/127.0.0.1:53465]
18:37:02.926 [Forwarding clickElement on session 82683645990a1b399022aed9cef81e23 to remote] DEBUG org.asynchttpclient.netty.request.NettyRequestSender - Using pooled Channel '[id: 0xf1d6ca68, L:/127.0.0.1:50152 - R:localhost/127.0.0.1:53465]' for 'POST' to 'http://localhost:53465/session/82683645990a1b399022aed9cef81e23/element/853204b0-11a6-485a-90cc-2642f28a1b25/click'
18:37:02.926 [Forwarding clickElement on session 82683645990a1b399022aed9cef81e23 to remote] DEBUG org.asynchttpclient.netty.request.NettyRequestSender - Using open Channel [id: 0xf1d6ca68, L:/127.0.0.1:50152 - R:localhost/127.0.0.1:53465] for POST '/session/82683645990a1b399022aed9cef81e23/element/853204b0-11a6-485a-90cc-2642f28a1b25/click'
18:37:02.940 [AsyncHttpClient-1-1] DEBUG org.asynchttpclient.netty.channel.DefaultChannelPool - Entry count for : http://localhost:50153 : 1
18:37:02.985 [AsyncHttpClient-1-4] DEBUG org.asynchttpclient.netty.handler.HttpHandler - 

Request DefaultHttpRequest(decodeResult: success, version: HTTP/1.1)
POST /session/82683645990a1b399022aed9cef81e23/element/853204b0-11a6-485a-90cc-2642f28a1b25/click HTTP/1.1
User-Agent: selenium/4.1.4 (java windows)
Content-Length: 50
Content-Type: application/json; charset=utf-8
host: localhost:53465
accept: */*

Response DefaultHttpResponse(decodeResult: success, version: HTTP/1.1)
HTTP/1.1 200 OK
Content-Type: application/json; charset=utf-8
cache-control: no-cache
content-length: 14

18:37:02.986 [AsyncHttpClient-1-4] DEBUG org.asynchttpclient.netty.channel.ChannelManager - Adding key: http://localhost:53465 for channel [id: 0xf1d6ca68, L:/127.0.0.1:50152 - R:localhost/127.0.0.1:53465]
18:37:02.991 [Forwarding screenshot on session 82683645990a1b399022aed9cef81e23 to remote] DEBUG org.asynchttpclient.netty.request.NettyRequestSender - Using pooled Channel '[id: 0xf1d6ca68, L:/127.0.0.1:50152 - R:localhost/127.0.0.1:53465]' for 'GET' to 'http://localhost:53465/session/82683645990a1b399022aed9cef81e23/screenshot'
18:37:02.991 [Forwarding screenshot on session 82683645990a1b399022aed9cef81e23 to remote] DEBUG org.asynchttpclient.netty.request.NettyRequestSender - Using open Channel [id: 0xf1d6ca68, L:/127.0.0.1:50152 - R:localhost/127.0.0.1:53465] for GET '/session/82683645990a1b399022aed9cef81e23/screenshot'
18:37:03.172 [AsyncHttpClient-1-4] DEBUG org.asynchttpclient.netty.handler.HttpHandler - 

Request DefaultFullHttpRequest(decodeResult: success, version: HTTP/1.1, content: EmptyByteBufBE)
GET /session/82683645990a1b399022aed9cef81e23/screenshot HTTP/1.1
User-Agent: selenium/4.1.4 (java windows)
Cache-Control: no-cache
Content-Type: application/json; charset=utf-8
host: localhost:53465
accept: */*

Response DefaultHttpResponse(decodeResult: success, version: HTTP/1.1)
HTTP/1.1 200 OK
Content-Type: application/json; charset=utf-8
cache-control: no-cache
content-length: 116432

18:37:03.172 [AsyncHttpClient-1-4] DEBUG org.asynchttpclient.netty.channel.ChannelManager - Adding key: http://localhost:53465 for channel [id: 0xf1d6ca68, L:/127.0.0.1:50152 - R:localhost/127.0.0.1:53465]
18:37:03.174 [main] DEBUG net.serenitybdd.core.photography.Darkroom - Send negative for processing for target\site\serenity\78d31a591bf914cf9f3b005ad06d3f1ddd1b44584497e469df38f4ddf7325f71.png
18:37:03.174 [main] DEBUG net.thucydides.core.steps.StepInterceptor - STEP DONE: clickButtonDataPasien
  &amp#27;[32mAnd &amp#27;[0m&amp#27;[32mClick button data pasien&amp#27;[0m                                  &amp#27;[90m# starter.stepdefinitios.PatientDataSteps.clickButtonDataPasien()&amp#27;[0m
18:37:03.174 [Darkroom Processing Line] DEBUG net.serenitybdd.core.photography.DarkroomProcessingLine - Processing screenshot image in /var/screenshots/screenshot-5430098168551827764
18:37:03.174 [Darkroom Processing Line] DEBUG net.serenitybdd.core.photography.DarkroomProcessingLine - Saving screenshot to target\site\serenity\78d31a591bf914cf9f3b005ad06d3f1ddd1b44584497e469df38f4ddf7325f71.png
18:37:04.035 [AsyncHttpClient-1-1] DEBUG org.asynchttpclient.netty.channel.DefaultChannelPool - Entry count for : http://localhost:50153 : 1
18:37:04.035 [AsyncHttpClient-1-1] DEBUG org.asynchttpclient.netty.channel.DefaultChannelPool - Entry count for : http://localhost:53465 : 1
18:37:05.135 [AsyncHttpClient-1-1] DEBUG org.asynchttpclient.netty.channel.DefaultChannelPool - Entry count for : http://localhost:50153 : 1
18:37:05.135 [AsyncHttpClient-1-1] DEBUG org.asynchttpclient.netty.channel.DefaultChannelPool - Entry count for : http://localhost:53465 : 1
18:37:06.235 [AsyncHttpClient-1-1] DEBUG org.asynchttpclient.netty.channel.DefaultChannelPool - Entry count for : http://localhost:50153 : 1
18:37:06.235 [AsyncHttpClient-1-1] DEBUG org.asynchttpclient.netty.channel.DefaultChannelPool - Entry count for : http://localhost:53465 : 1
18:37:07.343 [AsyncHttpClient-1-1] DEBUG org.asynchttpclient.netty.channel.DefaultChannelPool - Entry count for : http://localhost:50153 : 1
18:37:07.343 [AsyncHttpClient-1-1] DEBUG org.asynchttpclient.netty.channel.DefaultChannelPool - Entry count for : http://localhost:53465 : 1
18:37:08.208 [Forwarding screenshot on session 82683645990a1b399022aed9cef81e23 to remote] DEBUG org.asynchttpclient.netty.request.NettyRequestSender - Using pooled Channel '[id: 0xf1d6ca68, L:/127.0.0.1:50152 - R:localhost/127.0.0.1:53465]' for 'GET' to 'http://localhost:53465/session/82683645990a1b399022aed9cef81e23/screenshot'
18:37:08.209 [Forwarding screenshot on session 82683645990a1b399022aed9cef81e23 to remote] DEBUG org.asynchttpclient.netty.request.NettyRequestSender - Using open Channel [id: 0xf1d6ca68, L:/127.0.0.1:50152 - R:localhost/127.0.0.1:53465] for GET '/session/82683645990a1b399022aed9cef81e23/screenshot'
18:37:08.366 [AsyncHttpClient-1-4] DEBUG org.asynchttpclient.netty.handler.HttpHandler - 

Request DefaultFullHttpRequest(decodeResult: success, version: HTTP/1.1, content: EmptyByteBufBE)
GET /session/82683645990a1b399022aed9cef81e23/screenshot HTTP/1.1
User-Agent: selenium/4.1.4 (java windows)
Cache-Control: no-cache
Content-Type: application/json; charset=utf-8
host: localhost:53465
accept: */*

Response DefaultHttpResponse(decodeResult: success, version: HTTP/1.1)
HTTP/1.1 200 OK
Content-Type: application/json; charset=utf-8
cache-control: no-cache
content-length: 98488

18:37:08.366 [AsyncHttpClient-1-4] DEBUG org.asynchttpclient.netty.channel.ChannelManager - Adding key: http://localhost:53465 for channel [id: 0xf1d6ca68, L:/127.0.0.1:50152 - R:localhost/127.0.0.1:53465]
18:37:08.370 [main] DEBUG net.serenitybdd.core.photography.Darkroom - Send negative for processing for target\site\serenity\382e83dcfc7187e7fc61d0671ee201628243b60b304439c29588db327157beff.png
18:37:08.370 [main] DEBUG net.thucydides.core.steps.StepInterceptor - STARTING STEP: PatientDataSteps.clickDeletePatientData - clickButtonSampah
18:37:08.372 [Forwarding findElement on session 82683645990a1b399022aed9cef81e23 to remote] DEBUG org.asynchttpclient.netty.request.NettyRequestSender - Using pooled Channel '[id: 0xf1d6ca68, L:/127.0.0.1:50152 - R:localhost/127.0.0.1:53465]' for 'POST' to 'http://localhost:53465/session/82683645990a1b399022aed9cef81e23/element'
18:37:08.372 [Forwarding findElement on session 82683645990a1b399022aed9cef81e23 to remote] DEBUG org.asynchttpclient.netty.request.NettyRequestSender - Using open Channel [id: 0xf1d6ca68, L:/127.0.0.1:50152 - R:localhost/127.0.0.1:53465] for POST '/session/82683645990a1b399022aed9cef81e23/element'
18:37:08.388 [AsyncHttpClient-1-4] DEBUG org.asynchttpclient.netty.handler.HttpHandler - 

Request DefaultHttpRequest(decodeResult: success, version: HTTP/1.1)
POST /session/82683645990a1b399022aed9cef81e23/element HTTP/1.1
User-Agent: selenium/4.1.4 (java windows)
Content-Length: 92
Content-Type: application/json; charset=utf-8
host: localhost:53465
accept: */*

Response DefaultHttpResponse(decodeResult: success, version: HTTP/1.1)
HTTP/1.1 200 OK
Content-Type: application/json; charset=utf-8
cache-control: no-cache
content-length: 88

18:37:08.388 [AsyncHttpClient-1-4] DEBUG org.asynchttpclient.netty.channel.ChannelManager - Adding key: http://localhost:53465 for channel [id: 0xf1d6ca68, L:/127.0.0.1:50152 - R:localhost/127.0.0.1:53465]
18:37:08.389 [Forwarding getElementTagName on session 82683645990a1b399022aed9cef81e23 to remote] DEBUG org.asynchttpclient.netty.request.NettyRequestSender - Using pooled Channel '[id: 0xf1d6ca68, L:/127.0.0.1:50152 - R:localhost/127.0.0.1:53465]' for 'GET' to 'http://localhost:53465/session/82683645990a1b399022aed9cef81e23/element/93d37078-884a-4a46-95ec-7a562503255d/name'
18:37:08.389 [Forwarding getElementTagName on session 82683645990a1b399022aed9cef81e23 to remote] DEBUG org.asynchttpclient.netty.request.NettyRequestSender - Using open Channel [id: 0xf1d6ca68, L:/127.0.0.1:50152 - R:localhost/127.0.0.1:53465] for GET '/session/82683645990a1b399022aed9cef81e23/element/93d37078-884a-4a46-95ec-7a562503255d/name'
18:37:08.400 [AsyncHttpClient-1-4] DEBUG org.asynchttpclient.netty.handler.HttpHandler - 

Request DefaultFullHttpRequest(decodeResult: success, version: HTTP/1.1, content: EmptyByteBufBE)
GET /session/82683645990a1b399022aed9cef81e23/element/93d37078-884a-4a46-95ec-7a562503255d/name HTTP/1.1
User-Agent: selenium/4.1.4 (java windows)
Cache-Control: no-cache
Content-Type: application/json; charset=utf-8
host: localhost:53465
accept: */*

Response DefaultHttpResponse(decodeResult: success, version: HTTP/1.1)
HTTP/1.1 200 OK
Content-Type: application/json; charset=utf-8
cache-control: no-cache
content-length: 15

18:37:08.400 [AsyncHttpClient-1-4] DEBUG org.asynchttpclient.netty.channel.ChannelManager - Adding key: http://localhost:53465 for channel [id: 0xf1d6ca68, L:/127.0.0.1:50152 - R:localhost/127.0.0.1:53465]
18:37:08.401 [Forwarding getElementTagName on session 82683645990a1b399022aed9cef81e23 to remote] DEBUG org.asynchttpclient.netty.request.NettyRequestSender - Using pooled Channel '[id: 0xf1d6ca68, L:/127.0.0.1:50152 - R:localhost/127.0.0.1:53465]' for 'GET' to 'http://localhost:53465/session/82683645990a1b399022aed9cef81e23/element/93d37078-884a-4a46-95ec-7a562503255d/name'
18:37:08.401 [Forwarding getElementTagName on session 82683645990a1b399022aed9cef81e23 to remote] DEBUG org.asynchttpclient.netty.request.NettyRequestSender - Using open Channel [id: 0xf1d6ca68, L:/127.0.0.1:50152 - R:localhost/127.0.0.1:53465] for GET '/session/82683645990a1b399022aed9cef81e23/element/93d37078-884a-4a46-95ec-7a562503255d/name'
18:37:08.406 [AsyncHttpClient-1-4] DEBUG org.asynchttpclient.netty.handler.HttpHandler - 

Request DefaultFullHttpRequest(decodeResult: success, version: HTTP/1.1, content: EmptyByteBufBE)
GET /session/82683645990a1b399022aed9cef81e23/element/93d37078-884a-4a46-95ec-7a562503255d/name HTTP/1.1
User-Agent: selenium/4.1.4 (java windows)
Cache-Control: no-cache
Content-Type: application/json; charset=utf-8
host: localhost:53465
accept: */*

Response DefaultHttpResponse(decodeResult: success, version: HTTP/1.1)
HTTP/1.1 200 OK
Content-Type: application/json; charset=utf-8
cache-control: no-cache
content-length: 15

18:37:08.406 [AsyncHttpClient-1-4] DEBUG org.asynchttpclient.netty.channel.ChannelManager - Adding key: http://localhost:53465 for channel [id: 0xf1d6ca68, L:/127.0.0.1:50152 - R:localhost/127.0.0.1:53465]
18:37:08.407 [Forwarding findElement on session 82683645990a1b399022aed9cef81e23 to remote] DEBUG org.asynchttpclient.netty.request.NettyRequestSender - Using pooled Channel '[id: 0xf1d6ca68, L:/127.0.0.1:50152 - R:localhost/127.0.0.1:53465]' for 'POST' to 'http://localhost:53465/session/82683645990a1b399022aed9cef81e23/element'
18:37:08.407 [Forwarding findElement on session 82683645990a1b399022aed9cef81e23 to remote] DEBUG org.asynchttpclient.netty.request.NettyRequestSender - Using open Channel [id: 0xf1d6ca68, L:/127.0.0.1:50152 - R:localhost/127.0.0.1:53465] for POST '/session/82683645990a1b399022aed9cef81e23/element'
18:37:08.415 [AsyncHttpClient-1-4] DEBUG org.asynchttpclient.netty.handler.HttpHandler - 

Request DefaultHttpRequest(decodeResult: success, version: HTTP/1.1)
POST /session/82683645990a1b399022aed9cef81e23/element HTTP/1.1
User-Agent: selenium/4.1.4 (java windows)
Content-Length: 92
Content-Type: application/json; charset=utf-8
host: localhost:53465
accept: */*

Response DefaultHttpResponse(decodeResult: success, version: HTTP/1.1)
HTTP/1.1 200 OK
Content-Type: application/json; charset=utf-8
cache-control: no-cache
content-length: 88

18:37:08.415 [AsyncHttpClient-1-4] DEBUG org.asynchttpclient.netty.channel.ChannelManager - Adding key: http://localhost:53465 for channel [id: 0xf1d6ca68, L:/127.0.0.1:50152 - R:localhost/127.0.0.1:53465]
18:37:08.416 [Forwarding clickElement on session 82683645990a1b399022aed9cef81e23 to remote] DEBUG org.asynchttpclient.netty.request.NettyRequestSender - Using pooled Channel '[id: 0xf1d6ca68, L:/127.0.0.1:50152 - R:localhost/127.0.0.1:53465]' for 'POST' to 'http://localhost:53465/session/82683645990a1b399022aed9cef81e23/element/93d37078-884a-4a46-95ec-7a562503255d/click'
18:37:08.416 [Forwarding clickElement on session 82683645990a1b399022aed9cef81e23 to remote] DEBUG org.asynchttpclient.netty.request.NettyRequestSender - Using open Channel [id: 0xf1d6ca68, L:/127.0.0.1:50152 - R:localhost/127.0.0.1:53465] for POST '/session/82683645990a1b399022aed9cef81e23/element/93d37078-884a-4a46-95ec-7a562503255d/click'
18:37:08.436 [AsyncHttpClient-1-1] DEBUG org.asynchttpclient.netty.channel.DefaultChannelPool - Entry count for : http://localhost:50153 : 1
18:37:08.472 [AsyncHttpClient-1-4] DEBUG org.asynchttpclient.netty.handler.HttpHandler - 

Request DefaultHttpRequest(decodeResult: success, version: HTTP/1.1)
POST /session/82683645990a1b399022aed9cef81e23/element/93d37078-884a-4a46-95ec-7a562503255d/click HTTP/1.1
User-Agent: selenium/4.1.4 (java windows)
Content-Length: 50
Content-Type: application/json; charset=utf-8
host: localhost:53465
accept: */*

Response DefaultHttpResponse(decodeResult: success, version: HTTP/1.1)
HTTP/1.1 200 OK
Content-Type: application/json; charset=utf-8
cache-control: no-cache
content-length: 14

18:37:08.472 [AsyncHttpClient-1-4] DEBUG org.asynchttpclient.netty.channel.ChannelManager - Adding key: http://localhost:53465 for channel [id: 0xf1d6ca68, L:/127.0.0.1:50152 - R:localhost/127.0.0.1:53465]
18:37:08.482 [Forwarding screenshot on session 82683645990a1b399022aed9cef81e23 to remote] DEBUG org.asynchttpclient.netty.request.NettyRequestSender - Using pooled Channel '[id: 0xf1d6ca68, L:/127.0.0.1:50152 - R:localhost/127.0.0.1:53465]' for 'GET' to 'http://localhost:53465/session/82683645990a1b399022aed9cef81e23/screenshot'
18:37:08.482 [Forwarding screenshot on session 82683645990a1b399022aed9cef81e23 to remote] DEBUG org.asynchttpclient.netty.request.NettyRequestSender - Using open Channel [id: 0xf1d6ca68, L:/127.0.0.1:50152 - R:localhost/127.0.0.1:53465] for GET '/session/82683645990a1b399022aed9cef81e23/screenshot'
18:37:08.652 [AsyncHttpClient-1-4] DEBUG org.asynchttpclient.netty.handler.HttpHandler - 

Request DefaultFullHttpRequest(decodeResult: success, version: HTTP/1.1, content: EmptyByteBufBE)
GET /session/82683645990a1b399022aed9cef81e23/screenshot HTTP/1.1
User-Agent: selenium/4.1.4 (java windows)
Cache-Control: no-cache
Content-Type: application/json; charset=utf-8
host: localhost:53465
accept: */*

Response DefaultHttpResponse(decodeResult: success, version: HTTP/1.1)
HTTP/1.1 200 OK
Content-Type: application/json; charset=utf-8
cache-control: no-cache
content-length: 113956

18:37:08.652 [AsyncHttpClient-1-4] DEBUG org.asynchttpclient.netty.channel.ChannelManager - Adding key: http://localhost:53465 for channel [id: 0xf1d6ca68, L:/127.0.0.1:50152 - R:localhost/127.0.0.1:53465]
18:37:08.657 [main] DEBUG net.serenitybdd.core.photography.Darkroom - Send negative for processing for target\site\serenity\ddbea7aa0bd77d89f71e6a087fc2b282f3d61bde58fed2ededb2fda446b762f7.png
18:37:08.657 [main] DEBUG net.thucydides.core.steps.StepInterceptor - STEP DONE: clickButtonSampah
  &amp#27;[32mThen &amp#27;[0m&amp#27;[32mClick Delete Patient data&amp#27;[0m                                &amp#27;[90m# starter.stepdefinitios.PatientDataSteps.clickDeletePatientData()&amp#27;[0m
18:37:08.657 [Darkroom Processing Line] DEBUG net.serenitybdd.core.photography.DarkroomProcessingLine - Processing screenshot image in /var/screenshots/screenshot-4367101178541872556
18:37:08.657 [Darkroom Processing Line] DEBUG net.serenitybdd.core.photography.DarkroomProcessingLine - Saving screenshot to target\site\serenity\ddbea7aa0bd77d89f71e6a087fc2b282f3d61bde58fed2ededb2fda446b762f7.png
18:37:09.543 [AsyncHttpClient-1-1] DEBUG org.asynchttpclient.netty.channel.DefaultChannelPool - Entry count for : http://localhost:50153 : 1
18:37:09.543 [AsyncHttpClient-1-1] DEBUG org.asynchttpclient.netty.channel.DefaultChannelPool - Entry count for : http://localhost:53465 : 1
18:37:10.637 [AsyncHttpClient-1-1] DEBUG org.asynchttpclient.netty.channel.DefaultChannelPool - Entry count for : http://localhost:50153 : 1
18:37:10.637 [AsyncHttpClient-1-1] DEBUG org.asynchttpclient.netty.channel.DefaultChannelPool - Entry count for : http://localhost:53465 : 1
18:37:11.701 [Forwarding screenshot on session 82683645990a1b399022aed9cef81e23 to remote] DEBUG org.asynchttpclient.netty.request.NettyRequestSender - Using pooled Channel '[id: 0xf1d6ca68, L:/127.0.0.1:50152 - R:localhost/127.0.0.1:53465]' for 'GET' to 'http://localhost:53465/session/82683645990a1b399022aed9cef81e23/screenshot'
18:37:11.701 [Forwarding screenshot on session 82683645990a1b399022aed9cef81e23 to remote] DEBUG org.asynchttpclient.netty.request.NettyRequestSender - Using open Channel [id: 0xf1d6ca68, L:/127.0.0.1:50152 - R:localhost/127.0.0.1:53465] for GET '/session/82683645990a1b399022aed9cef81e23/screenshot'
18:37:11.736 [AsyncHttpClient-1-1] DEBUG org.asynchttpclient.netty.channel.DefaultChannelPool - Entry count for : http://localhost:50153 : 1
18:37:11.851 [AsyncHttpClient-1-4] DEBUG org.asynchttpclient.netty.handler.HttpHandler - 

Request DefaultFullHttpRequest(decodeResult: success, version: HTTP/1.1, content: EmptyByteBufBE)
GET /session/82683645990a1b399022aed9cef81e23/screenshot HTTP/1.1
User-Agent: selenium/4.1.4 (java windows)
Cache-Control: no-cache
Content-Type: application/json; charset=utf-8
host: localhost:53465
accept: */*

Response DefaultHttpResponse(decodeResult: success, version: HTTP/1.1)
HTTP/1.1 200 OK
Content-Type: application/json; charset=utf-8
cache-control: no-cache
content-length: 104476

18:37:11.853 [AsyncHttpClient-1-4] DEBUG org.asynchttpclient.netty.channel.ChannelManager - Adding key: http://localhost:53465 for channel [id: 0xf1d6ca68, L:/127.0.0.1:50152 - R:localhost/127.0.0.1:53465]
18:37:11.855 [main] DEBUG net.serenitybdd.core.photography.Darkroom - Send negative for processing for target\site\serenity\49e455bdef8c70dc9468399103f535eee23fc9c5b97cdc61d17fcaf8b0014a84.png
18:37:11.856 [main] DEBUG net.thucydides.core.steps.StepInterceptor - STARTING STEP: PatientDataSteps.clickButtonHapusYa - clickButtonDeleteYa
18:37:11.858 [Forwarding findElement on session 82683645990a1b399022aed9cef81e23 to remote] DEBUG org.asynchttpclient.netty.request.NettyRequestSender - Using pooled Channel '[id: 0xf1d6ca68, L:/127.0.0.1:50152 - R:localhost/127.0.0.1:53465]' for 'POST' to 'http://localhost:53465/session/82683645990a1b399022aed9cef81e23/element'
18:37:11.858 [Forwarding findElement on session 82683645990a1b399022aed9cef81e23 to remote] DEBUG org.asynchttpclient.netty.request.NettyRequestSender - Using open Channel [id: 0xf1d6ca68, L:/127.0.0.1:50152 - R:localhost/127.0.0.1:53465] for POST '/session/82683645990a1b399022aed9cef81e23/element'
18:37:11.868 [AsyncHttpClient-1-4] DEBUG org.asynchttpclient.netty.handler.HttpHandler - 

Request DefaultHttpRequest(decodeResult: success, version: HTTP/1.1)
POST /session/82683645990a1b399022aed9cef81e23/element HTTP/1.1
User-Agent: selenium/4.1.4 (java windows)
Content-Length: 91
Content-Type: application/json; charset=utf-8
host: localhost:53465
accept: */*

Response DefaultHttpResponse(decodeResult: success, version: HTTP/1.1)
HTTP/1.1 200 OK
Content-Type: application/json; charset=utf-8
cache-control: no-cache
content-length: 88

18:37:11.868 [AsyncHttpClient-1-4] DEBUG org.asynchttpclient.netty.channel.ChannelManager - Adding key: http://localhost:53465 for channel [id: 0xf1d6ca68, L:/127.0.0.1:50152 - R:localhost/127.0.0.1:53465]
18:37:11.868 [Forwarding getElementTagName on session 82683645990a1b399022aed9cef81e23 to remote] DEBUG org.asynchttpclient.netty.request.NettyRequestSender - Using pooled Channel '[id: 0xf1d6ca68, L:/127.0.0.1:50152 - R:localhost/127.0.0.1:53465]' for 'GET' to 'http://localhost:53465/session/82683645990a1b399022aed9cef81e23/element/a68bcfe5-086a-4343-a632-55814889069e/name'
18:37:11.868 [Forwarding getElementTagName on session 82683645990a1b399022aed9cef81e23 to remote] DEBUG org.asynchttpclient.netty.request.NettyRequestSender - Using open Channel [id: 0xf1d6ca68, L:/127.0.0.1:50152 - R:localhost/127.0.0.1:53465] for GET '/session/82683645990a1b399022aed9cef81e23/element/a68bcfe5-086a-4343-a632-55814889069e/name'
18:37:11.872 [AsyncHttpClient-1-4] DEBUG org.asynchttpclient.netty.handler.HttpHandler - 

Request DefaultFullHttpRequest(decodeResult: success, version: HTTP/1.1, content: EmptyByteBufBE)
GET /session/82683645990a1b399022aed9cef81e23/element/a68bcfe5-086a-4343-a632-55814889069e/name HTTP/1.1
User-Agent: selenium/4.1.4 (java windows)
Cache-Control: no-cache
Content-Type: application/json; charset=utf-8
host: localhost:53465
accept: */*

Response DefaultHttpResponse(decodeResult: success, version: HTTP/1.1)
HTTP/1.1 200 OK
Content-Type: application/json; charset=utf-8
cache-control: no-cache
content-length: 18

18:37:11.872 [AsyncHttpClient-1-4] DEBUG org.asynchttpclient.netty.channel.ChannelManager - Adding key: http://localhost:53465 for channel [id: 0xf1d6ca68, L:/127.0.0.1:50152 - R:localhost/127.0.0.1:53465]
18:37:11.873 [Forwarding getElementTagName on session 82683645990a1b399022aed9cef81e23 to remote] DEBUG org.asynchttpclient.netty.request.NettyRequestSender - Using pooled Channel '[id: 0xf1d6ca68, L:/127.0.0.1:50152 - R:localhost/127.0.0.1:53465]' for 'GET' to 'http://localhost:53465/session/82683645990a1b399022aed9cef81e23/element/a68bcfe5-086a-4343-a632-55814889069e/name'
18:37:11.873 [Forwarding getElementTagName on session 82683645990a1b399022aed9cef81e23 to remote] DEBUG org.asynchttpclient.netty.request.NettyRequestSender - Using open Channel [id: 0xf1d6ca68, L:/127.0.0.1:50152 - R:localhost/127.0.0.1:53465] for GET '/session/82683645990a1b399022aed9cef81e23/element/a68bcfe5-086a-4343-a632-55814889069e/name'
18:37:11.876 [AsyncHttpClient-1-4] DEBUG org.asynchttpclient.netty.handler.HttpHandler - 

Request DefaultFullHttpRequest(decodeResult: success, version: HTTP/1.1, content: EmptyByteBufBE)
GET /session/82683645990a1b399022aed9cef81e23/element/a68bcfe5-086a-4343-a632-55814889069e/name HTTP/1.1
User-Agent: selenium/4.1.4 (java windows)
Cache-Control: no-cache
Content-Type: application/json; charset=utf-8
host: localhost:53465
accept: */*

Response DefaultHttpResponse(decodeResult: success, version: HTTP/1.1)
HTTP/1.1 200 OK
Content-Type: application/json; charset=utf-8
cache-control: no-cache
content-length: 18

18:37:11.876 [AsyncHttpClient-1-4] DEBUG org.asynchttpclient.netty.channel.ChannelManager - Adding key: http://localhost:53465 for channel [id: 0xf1d6ca68, L:/127.0.0.1:50152 - R:localhost/127.0.0.1:53465]
18:37:11.877 [Forwarding isElementEnabled on session 82683645990a1b399022aed9cef81e23 to remote] DEBUG org.asynchttpclient.netty.request.NettyRequestSender - Using pooled Channel '[id: 0xf1d6ca68, L:/127.0.0.1:50152 - R:localhost/127.0.0.1:53465]' for 'GET' to 'http://localhost:53465/session/82683645990a1b399022aed9cef81e23/element/a68bcfe5-086a-4343-a632-55814889069e/enabled'
18:37:11.877 [Forwarding isElementEnabled on session 82683645990a1b399022aed9cef81e23 to remote] DEBUG org.asynchttpclient.netty.request.NettyRequestSender - Using open Channel [id: 0xf1d6ca68, L:/127.0.0.1:50152 - R:localhost/127.0.0.1:53465] for GET '/session/82683645990a1b399022aed9cef81e23/element/a68bcfe5-086a-4343-a632-55814889069e/enabled'
18:37:11.885 [AsyncHttpClient-1-4] DEBUG org.asynchttpclient.netty.handler.HttpHandler - 

Request DefaultFullHttpRequest(decodeResult: success, version: HTTP/1.1, content: EmptyByteBufBE)
GET /session/82683645990a1b399022aed9cef81e23/element/a68bcfe5-086a-4343-a632-55814889069e/enabled HTTP/1.1
User-Agent: selenium/4.1.4 (java windows)
Cache-Control: no-cache
Content-Type: application/json; charset=utf-8
host: localhost:53465
accept: */*

Response DefaultHttpResponse(decodeResult: success, version: HTTP/1.1)
HTTP/1.1 200 OK
Content-Type: application/json; charset=utf-8
cache-control: no-cache
content-length: 14

18:37:11.885 [AsyncHttpClient-1-4] DEBUG org.asynchttpclient.netty.channel.ChannelManager - Adding key: http://localhost:53465 for channel [id: 0xf1d6ca68, L:/127.0.0.1:50152 - R:localhost/127.0.0.1:53465]
18:37:11.886 [Forwarding isElementEnabled on session 82683645990a1b399022aed9cef81e23 to remote] DEBUG org.asynchttpclient.netty.request.NettyRequestSender - Using pooled Channel '[id: 0xf1d6ca68, L:/127.0.0.1:50152 - R:localhost/127.0.0.1:53465]' for 'GET' to 'http://localhost:53465/session/82683645990a1b399022aed9cef81e23/element/a68bcfe5-086a-4343-a632-55814889069e/enabled'
18:37:11.886 [Forwarding isElementEnabled on session 82683645990a1b399022aed9cef81e23 to remote] DEBUG org.asynchttpclient.netty.request.NettyRequestSender - Using open Channel [id: 0xf1d6ca68, L:/127.0.0.1:50152 - R:localhost/127.0.0.1:53465] for GET '/session/82683645990a1b399022aed9cef81e23/element/a68bcfe5-086a-4343-a632-55814889069e/enabled'
18:37:11.891 [AsyncHttpClient-1-4] DEBUG org.asynchttpclient.netty.handler.HttpHandler - 

Request DefaultFullHttpRequest(decodeResult: success, version: HTTP/1.1, content: EmptyByteBufBE)
GET /session/82683645990a1b399022aed9cef81e23/element/a68bcfe5-086a-4343-a632-55814889069e/enabled HTTP/1.1
User-Agent: selenium/4.1.4 (java windows)
Cache-Control: no-cache
Content-Type: application/json; charset=utf-8
host: localhost:53465
accept: */*

Response DefaultHttpResponse(decodeResult: success, version: HTTP/1.1)
HTTP/1.1 200 OK
Content-Type: application/json; charset=utf-8
cache-control: no-cache
content-length: 14

18:37:11.891 [AsyncHttpClient-1-4] DEBUG org.asynchttpclient.netty.channel.ChannelManager - Adding key: http://localhost:53465 for channel [id: 0xf1d6ca68, L:/127.0.0.1:50152 - R:localhost/127.0.0.1:53465]
18:37:11.892 [Forwarding findElement on session 82683645990a1b399022aed9cef81e23 to remote] DEBUG org.asynchttpclient.netty.request.NettyRequestSender - Using pooled Channel '[id: 0xf1d6ca68, L:/127.0.0.1:50152 - R:localhost/127.0.0.1:53465]' for 'POST' to 'http://localhost:53465/session/82683645990a1b399022aed9cef81e23/element'
18:37:11.892 [Forwarding findElement on session 82683645990a1b399022aed9cef81e23 to remote] DEBUG org.asynchttpclient.netty.request.NettyRequestSender - Using open Channel [id: 0xf1d6ca68, L:/127.0.0.1:50152 - R:localhost/127.0.0.1:53465] for POST '/session/82683645990a1b399022aed9cef81e23/element'
18:37:11.898 [AsyncHttpClient-1-4] DEBUG org.asynchttpclient.netty.handler.HttpHandler - 

Request DefaultHttpRequest(decodeResult: success, version: HTTP/1.1)
POST /session/82683645990a1b399022aed9cef81e23/element HTTP/1.1
User-Agent: selenium/4.1.4 (java windows)
Content-Length: 91
Content-Type: application/json; charset=utf-8
host: localhost:53465
accept: */*

Response DefaultHttpResponse(decodeResult: success, version: HTTP/1.1)
HTTP/1.1 200 OK
Content-Type: application/json; charset=utf-8
cache-control: no-cache
content-length: 88

18:37:11.898 [AsyncHttpClient-1-4] DEBUG org.asynchttpclient.netty.channel.ChannelManager - Adding key: http://localhost:53465 for channel [id: 0xf1d6ca68, L:/127.0.0.1:50152 - R:localhost/127.0.0.1:53465]
18:37:11.898 [Forwarding clickElement on session 82683645990a1b399022aed9cef81e23 to remote] DEBUG org.asynchttpclient.netty.request.NettyRequestSender - Using pooled Channel '[id: 0xf1d6ca68, L:/127.0.0.1:50152 - R:localhost/127.0.0.1:53465]' for 'POST' to 'http://localhost:53465/session/82683645990a1b399022aed9cef81e23/element/a68bcfe5-086a-4343-a632-55814889069e/click'
18:37:11.898 [Forwarding clickElement on session 82683645990a1b399022aed9cef81e23 to remote] DEBUG org.asynchttpclient.netty.request.NettyRequestSender - Using open Channel [id: 0xf1d6ca68, L:/127.0.0.1:50152 - R:localhost/127.0.0.1:53465] for POST '/session/82683645990a1b399022aed9cef81e23/element/a68bcfe5-086a-4343-a632-55814889069e/click'
18:37:11.936 [AsyncHttpClient-1-4] DEBUG org.asynchttpclient.netty.handler.HttpHandler - 

Request DefaultHttpRequest(decodeResult: success, version: HTTP/1.1)
POST /session/82683645990a1b399022aed9cef81e23/element/a68bcfe5-086a-4343-a632-55814889069e/click HTTP/1.1
User-Agent: selenium/4.1.4 (java windows)
Content-Length: 50
Content-Type: application/json; charset=utf-8
host: localhost:53465
accept: */*

Response DefaultHttpResponse(decodeResult: success, version: HTTP/1.1)
HTTP/1.1 200 OK
Content-Type: application/json; charset=utf-8
cache-control: no-cache
content-length: 14

18:37:11.936 [AsyncHttpClient-1-4] DEBUG org.asynchttpclient.netty.channel.ChannelManager - Adding key: http://localhost:53465 for channel [id: 0xf1d6ca68, L:/127.0.0.1:50152 - R:localhost/127.0.0.1:53465]
18:37:11.941 [Forwarding screenshot on session 82683645990a1b399022aed9cef81e23 to remote] DEBUG org.asynchttpclient.netty.request.NettyRequestSender - Using pooled Channel '[id: 0xf1d6ca68, L:/127.0.0.1:50152 - R:localhost/127.0.0.1:53465]' for 'GET' to 'http://localhost:53465/session/82683645990a1b399022aed9cef81e23/screenshot'
18:37:11.941 [Forwarding screenshot on session 82683645990a1b399022aed9cef81e23 to remote] DEBUG org.asynchttpclient.netty.request.NettyRequestSender - Using open Channel [id: 0xf1d6ca68, L:/127.0.0.1:50152 - R:localhost/127.0.0.1:53465] for GET '/session/82683645990a1b399022aed9cef81e23/screenshot'
18:37:12.074 [AsyncHttpClient-1-4] DEBUG org.asynchttpclient.netty.handler.HttpHandler - 

Request DefaultFullHttpRequest(decodeResult: success, version: HTTP/1.1, content: EmptyByteBufBE)
GET /session/82683645990a1b399022aed9cef81e23/screenshot HTTP/1.1
User-Agent: selenium/4.1.4 (java windows)
Cache-Control: no-cache
Content-Type: application/json; charset=utf-8
host: localhost:53465
accept: */*

Response DefaultHttpResponse(decodeResult: success, version: HTTP/1.1)
HTTP/1.1 200 OK
Content-Type: application/json; charset=utf-8
cache-control: no-cache
content-length: 111352

18:37:12.075 [AsyncHttpClient-1-4] DEBUG org.asynchttpclient.netty.channel.ChannelManager - Adding key: http://localhost:53465 for channel [id: 0xf1d6ca68, L:/127.0.0.1:50152 - R:localhost/127.0.0.1:53465]
18:37:12.077 [main] DEBUG net.serenitybdd.core.photography.Darkroom - Send negative for processing for target\site\serenity\7a088b845d0bc477e5d4bd1e9fdedfe50a525276c09ed51b3526e88d53cef97f.png
18:37:12.077 [main] DEBUG net.thucydides.core.steps.StepInterceptor - STEP DONE: clickButtonDeleteYa
  &amp#27;[32mAnd &amp#27;[0m&amp#27;[32mClick button hapus ya&amp#27;[0m                                     &amp#27;[90m# starter.stepdefinitios.PatientDataSteps.clickButtonHapusYa()&amp#27;[0m
18:37:12.077 [Darkroom Processing Line] DEBUG net.serenitybdd.core.photography.DarkroomProcessingLine - Processing screenshot image in /var/screenshots/screenshot-10191113329167239443
18:37:12.077 [Darkroom Processing Line] DEBUG net.serenitybdd.core.photography.DarkroomProcessingLine - Saving screenshot to target\site\serenity\7a088b845d0bc477e5d4bd1e9fdedfe50a525276c09ed51b3526e88d53cef97f.png
18:37:12.837 [AsyncHttpClient-1-1] DEBUG org.asynchttpclient.netty.channel.DefaultChannelPool - Entry count for : http://localhost:50153 : 1
18:37:12.837 [AsyncHttpClient-1-1] DEBUG org.asynchttpclient.netty.channel.DefaultChannelPool - Entry count for : http://localhost:53465 : 1
18:37:13.935 [AsyncHttpClient-1-1] DEBUG org.asynchttpclient.netty.channel.DefaultChannelPool - Entry count for : http://localhost:50153 : 1
18:37:13.935 [AsyncHttpClient-1-1] DEBUG org.asynchttpclient.netty.channel.DefaultChannelPool - Entry count for : http://localhost:53465 : 1
18:37:15.035 [AsyncHttpClient-1-1] DEBUG org.asynchttpclient.netty.channel.DefaultChannelPool - Entry count for : http://localhost:50153 : 1
18:37:15.035 [AsyncHttpClient-1-1] DEBUG org.asynchttpclient.netty.channel.DefaultChannelPool - Entry count for : http://localhost:53465 : 1
18:37:15.111 [Forwarding screenshot on session 82683645990a1b399022aed9cef81e23 to remote] DEBUG org.asynchttpclient.netty.request.NettyRequestSender - Using pooled Channel '[id: 0xf1d6ca68, L:/127.0.0.1:50152 - R:localhost/127.0.0.1:53465]' for 'GET' to 'http://localhost:53465/session/82683645990a1b399022aed9cef81e23/screenshot'
18:37:15.111 [Forwarding screenshot on session 82683645990a1b399022aed9cef81e23 to remote] DEBUG org.asynchttpclient.netty.request.NettyRequestSender - Using open Channel [id: 0xf1d6ca68, L:/127.0.0.1:50152 - R:localhost/127.0.0.1:53465] for GET '/session/82683645990a1b399022aed9cef81e23/screenshot'
18:37:15.294 [AsyncHttpClient-1-4] DEBUG org.asynchttpclient.netty.handler.HttpHandler - 

Request DefaultFullHttpRequest(decodeResult: success, version: HTTP/1.1, content: EmptyByteBufBE)
GET /session/82683645990a1b399022aed9cef81e23/screenshot HTTP/1.1
User-Agent: selenium/4.1.4 (java windows)
Cache-Control: no-cache
Content-Type: application/json; charset=utf-8
host: localhost:53465
accept: */*

Response DefaultHttpResponse(decodeResult: success, version: HTTP/1.1)
HTTP/1.1 200 OK
Content-Type: application/json; charset=utf-8
cache-control: no-cache
content-length: 91172

18:37:15.294 [AsyncHttpClient-1-4] DEBUG org.asynchttpclient.netty.channel.ChannelManager - Adding key: http://localhost:53465 for channel [id: 0xf1d6ca68, L:/127.0.0.1:50152 - R:localhost/127.0.0.1:53465]
18:37:15.297 [main] DEBUG net.serenitybdd.core.photography.Darkroom - Send negative for processing for target\site\serenity\603885ffd5c98c2b7b4b367f949664495535e1b7c1a6f442d216ec8625be0762.png
18:37:15.297 [main] DEBUG net.thucydides.core.steps.StepInterceptor - STARTING STEP: PatientDataSteps.validDataDeletePasien - validPagePasien
18:37:15.297 [Darkroom Processing Line] DEBUG net.serenitybdd.core.photography.DarkroomProcessingLine - Processing screenshot image in /var/screenshots/screenshot-1963097711544368131
18:37:15.297 [Darkroom Processing Line] DEBUG net.serenitybdd.core.photography.DarkroomProcessingLine - Saving screenshot to target\site\serenity\603885ffd5c98c2b7b4b367f949664495535e1b7c1a6f442d216ec8625be0762.png
18:37:15.300 [Forwarding findElement on session 82683645990a1b399022aed9cef81e23 to remote] DEBUG org.asynchttpclient.netty.request.NettyRequestSender - Using pooled Channel '[id: 0xf1d6ca68, L:/127.0.0.1:50152 - R:localhost/127.0.0.1:53465]' for 'POST' to 'http://localhost:53465/session/82683645990a1b399022aed9cef81e23/element'
18:37:15.300 [Forwarding findElement on session 82683645990a1b399022aed9cef81e23 to remote] DEBUG org.asynchttpclient.netty.request.NettyRequestSender - Using open Channel [id: 0xf1d6ca68, L:/127.0.0.1:50152 - R:localhost/127.0.0.1:53465] for POST '/session/82683645990a1b399022aed9cef81e23/element'
18:37:15.312 [AsyncHttpClient-1-4] DEBUG org.asynchttpclient.netty.handler.HttpHandler - 

Request DefaultHttpRequest(decodeResult: success, version: HTTP/1.1)
POST /session/82683645990a1b399022aed9cef81e23/element HTTP/1.1
User-Agent: selenium/4.1.4 (java windows)
Content-Length: 126
Content-Type: application/json; charset=utf-8
host: localhost:53465
accept: */*

Response DefaultHttpResponse(decodeResult: success, version: HTTP/1.1)
HTTP/1.1 200 OK
Content-Type: application/json; charset=utf-8
cache-control: no-cache
content-length: 88

18:37:15.312 [AsyncHttpClient-1-4] DEBUG org.asynchttpclient.netty.channel.ChannelManager - Adding key: http://localhost:53465 for channel [id: 0xf1d6ca68, L:/127.0.0.1:50152 - R:localhost/127.0.0.1:53465]
18:37:15.312 [Forwarding isElementEnabled on session 82683645990a1b399022aed9cef81e23 to remote] DEBUG org.asynchttpclient.netty.request.NettyRequestSender - Using pooled Channel '[id: 0xf1d6ca68, L:/127.0.0.1:50152 - R:localhost/127.0.0.1:53465]' for 'GET' to 'http://localhost:53465/session/82683645990a1b399022aed9cef81e23/element/34237dbf-a9be-45f1-a940-be7f4251f9a8/enabled'
18:37:15.312 [Forwarding isElementEnabled on session 82683645990a1b399022aed9cef81e23 to remote] DEBUG org.asynchttpclient.netty.request.NettyRequestSender - Using open Channel [id: 0xf1d6ca68, L:/127.0.0.1:50152 - R:localhost/127.0.0.1:53465] for GET '/session/82683645990a1b399022aed9cef81e23/element/34237dbf-a9be-45f1-a940-be7f4251f9a8/enabled'
18:37:15.323 [AsyncHttpClient-1-4] DEBUG org.asynchttpclient.netty.handler.HttpHandler - 

Request DefaultFullHttpRequest(decodeResult: success, version: HTTP/1.1, content: EmptyByteBufBE)
GET /session/82683645990a1b399022aed9cef81e23/element/34237dbf-a9be-45f1-a940-be7f4251f9a8/enabled HTTP/1.1
User-Agent: selenium/4.1.4 (java windows)
Cache-Control: no-cache
Content-Type: application/json; charset=utf-8
host: localhost:53465
accept: */*

Response DefaultHttpResponse(decodeResult: success, version: HTTP/1.1)
HTTP/1.1 200 OK
Content-Type: application/json; charset=utf-8
cache-control: no-cache
content-length: 14

18:37:15.323 [AsyncHttpClient-1-4] DEBUG org.asynchttpclient.netty.channel.ChannelManager - Adding key: http://localhost:53465 for channel [id: 0xf1d6ca68, L:/127.0.0.1:50152 - R:localhost/127.0.0.1:53465]
18:37:15.328 [main] DEBUG net.thucydides.core.steps.StepInterceptor - STEP DONE: validPagePasien
  &amp#27;[32mAnd &amp#27;[0m&amp#27;[32mValid data delete pasien&amp#27;[0m                                  &amp#27;[90m# starter.stepdefinitios.PatientDataSteps.validDataDeletePasien()&amp#27;[0m
18:37:15.342 [AsyncHttpClient-1-6] DEBUG org.asynchttpclient.netty.handler.WebSocketHandler - Channel Closed: [id: 0x8398ba55, L:/127.0.0.1:50161 ! R:localhost/127.0.0.1:50153] with attribute NettyResponseFuture{currentRetry=5,
	isDone=1,
	isCancelled=0,
	asyncHandler=org.asynchttpclient.ws.WebSocketUpgradeHandler@32c5818a,
	nettyRequest=org.asynchttpclient.netty.request.NettyRequest@7213a760,
	future=java.util.concurrent.CompletableFuture@3f460a6a[Completed normally],
	uri=ws://localhost:50153/devtools/browser/96e13f90-8c13-4a00-84c9-e82b87712c7e,
	keepAlive=true,
	redirectCount=0,
	timeoutsHolder=null,
	inAuth=0,
	touch=1658057806654}
18:37:15.342 [AsyncHttpClient-1-6] DEBUG org.asynchttpclient.netty.channel.ChannelManager - Closing Channel [id: 0x8398ba55, L:/127.0.0.1:50161 ! R:localhost/127.0.0.1:50153] 
18:37:15.342 [Driver Command Executor] DEBUG org.asynchttpclient.netty.request.NettyRequestSender - Using pooled Channel '[id: 0xf1d6ca68, L:/127.0.0.1:50152 - R:localhost/127.0.0.1:53465]' for 'DELETE' to 'http://localhost:53465/session/82683645990a1b399022aed9cef81e23'
18:37:15.342 [Driver Command Executor] DEBUG org.asynchttpclient.netty.request.NettyRequestSender - Using open Channel [id: 0xf1d6ca68, L:/127.0.0.1:50152 - R:localhost/127.0.0.1:53465] for DELETE '/session/82683645990a1b399022aed9cef81e23'
18:37:15.471 [AsyncHttpClient-1-5] DEBUG org.asynchttpclient.netty.handler.HttpHandler - Unexpected I/O exception on channel [id: 0xf2f5f05d, L:/127.0.0.1:50160 - R:localhost/127.0.0.1:50153]
java.io.IOException: An existing connection was forcibly closed by the remote host
	at java.base/sun.nio.ch.SocketDispatcher.read0(Native Method)
	at java.base/sun.nio.ch.SocketDispatcher.read(SocketDispatcher.java:43)
	at java.base/sun.nio.ch.IOUtil.readIntoNativeBuffer(IOUtil.java:276)
	at java.base/sun.nio.ch.IOUtil.read(IOUtil.java:233)
	at java.base/sun.nio.ch.IOUtil.read(IOUtil.java:223)
	at java.base/sun.nio.ch.SocketChannelImpl.read(SocketChannelImpl.java:356)
	at io.netty.buffer.PooledByteBuf.setBytes(PooledByteBuf.java:258)
	at io.netty.buffer.AbstractByteBuf.writeBytes(AbstractByteBuf.java:1132)
	at io.netty.channel.socket.nio.NioSocketChannel.doReadBytes(NioSocketChannel.java:357)
	at io.netty.channel.nio.AbstractNioByteChannel$NioByteUnsafe.read(AbstractNioByteChannel.java:151)
	at io.netty.channel.nio.NioEventLoop.processSelectedKey(NioEventLoop.java:722)
	at io.netty.channel.nio.NioEventLoop.processSelectedKeysOptimized(NioEventLoop.java:658)
	at io.netty.channel.nio.NioEventLoop.processSelectedKeys(NioEventLoop.java:584)
	at io.netty.channel.nio.NioEventLoop.run(NioEventLoop.java:496)
	at io.netty.util.concurrent.SingleThreadEventExecutor$4.run(SingleThreadEventExecutor.java:986)
	at io.netty.util.internal.ThreadExecutorMap$2.run(ThreadExecutorMap.java:74)
	at io.netty.util.concurrent.FastThreadLocalRunnable.run(FastThreadLocalRunnable.java:30)
	at java.base/java.lang.Thread.run(Thread.java:829)
18:37:15.471 [AsyncHttpClient-1-5] DEBUG org.asynchttpclient.netty.channel.ChannelManager - Closing Channel [id: 0xf2f5f05d, L:/127.0.0.1:50160 - R:localhost/127.0.0.1:50153] 
18:37:15.471 [AsyncHttpClient-1-5] DEBUG org.asynchttpclient.netty.handler.HttpHandler - Channel Closed: [id: 0xf2f5f05d, L:/127.0.0.1:50160 ! R:localhost/127.0.0.1:50153] with attribute DISCARD
18:37:15.536 [AsyncHttpClient-1-4] DEBUG org.asynchttpclient.netty.handler.HttpHandler - 

Request DefaultFullHttpRequest(decodeResult: success, version: HTTP/1.1, content: EmptyByteBufBE)
DELETE /session/82683645990a1b399022aed9cef81e23 HTTP/1.1
User-Agent: selenium/4.1.4 (java windows)
Content-Type: application/json; charset=utf-8
host: localhost:53465
accept: */*

Response DefaultHttpResponse(decodeResult: success, version: HTTP/1.1)
HTTP/1.1 200 OK
Content-Type: application/json; charset=utf-8
cache-control: no-cache
content-length: 14

18:37:15.536 [AsyncHttpClient-1-4] DEBUG org.asynchttpclient.netty.channel.ChannelManager - Adding key: http://localhost:53465 for channel [id: 0xf1d6ca68, L:/127.0.0.1:50152 - R:localhost/127.0.0.1:53465]
18:37:15.623 [AsyncHttpClient-1-4] DEBUG org.asynchttpclient.netty.handler.HttpHandler - Channel Closed: [id: 0xf1d6ca68, L:/127.0.0.1:50152 ! R:localhost/127.0.0.1:53465] with attribute DISCARD
18:37:15.648 [main] INFO  - 
  _____   ___   ___   _____     ___     _     ___   ___   ___   ___  
 |_   _| | __| / __| |_   _|   | _ \   /_\   / __| / __| | __| |   \ 
   | |   | _|  \__ \   | |     |  _/  / _ \  \__ \ \__ \ | _|  | |) |
   |_|   |___| |___/   |_|     |_|   /_/ \_\ |___/ |___/ |___| |___/ 

As a admin i want to delete data pasien - Yes
----------------------------------------------------------------------
]]></system-out>
    <system-err><![CDATA[Starting ChromeDriver 103.0.5060.53 (a1711811edd74ff1cf2150f36ffa3b0dae40b17f-refs/branch-heads/5060@{#853}) on port 53465
Only local connections are allowed.
Please see https://chromedriver.chromium.org/security-considerations for suggestions on keeping ChromeDriver safe.
ChromeDriver was started successfully.
Jul 17, 2022 6:36:46 PM org.openqa.selenium.remote.ProtocolHandshake createSession
INFO: Detected dialect: W3C
Jul 17, 2022 6:36:46 PM org.openqa.selenium.devtools.CdpVersionFinder findNearestMatch
WARNING: Unable to find an exact match for CDP version 103, so returning the closest version found: 101
Jul 17, 2022 6:36:46 PM org.openqa.selenium.devtools.CdpVersionFinder findNearestMatch
INFO: Found CDP implementation for version 103 of 101
]]></system-err>
  </testcase>
  <testcase name="As a admin i want to search data pasien #1" classname="Data Pasien - Admin" time="33.809">
    <system-out><![CDATA[
@DataPasien111 @SearchPatientData
Scenario Outline: As a admin i want to search data pasien &amp#27;[90m# src/test/resources/features/4DataPasien.feature:193&amp#27;[0m
18:37:15.668 [main] INFO io.cucumber.core.plugin.SerenityReporter - Running feature from file:///C:/Alterra/CapstoneBaru/QE/TestingWebUpdate/src/test/resources/features/4DataPasien.feature
18:37:15.668 [main] INFO  - 
  _____   ___   ___   _____     ___   _____     _     ___   _____   ___   ___  
 |_   _| | __| / __| |_   _|   / __| |_   _|   /_\   | _ \ |_   _| | __| |   \ 
   | |   | _|  \__ \   | |     \__ \   | |    / _ \  |   /   | |   | _|  | |) |
   |_|   |___| |___/   |_|     |___/   |_|   /_/ \_\ |_|_\   |_|   |___| |___/ 

As a admin i want to search data pasien(data-pasien---admin;as-a-admin-i-want-to-search-data-pasien)
--------------------------------------------------------------------------------
18:37:15.762 [main] DEBUG net.thucydides.core.steps.StepInterceptor - STARTING STEP: LoginSteps.openLoginPage - openLogin
18:37:15.764 [main] INFO net.serenitybdd.core.webdriver.driverproviders.ChromeDriverProvider - Using automatically driver download
18:37:15.972 [main] DEBUG io.github.bonigarcia.wdm.cache.ResolutionCache - Resolution chrome=103 in cache (valid until 18:54:33 17/07/2022 ICT)
18:37:15.976 [main] DEBUG io.github.bonigarcia.wdm.cache.ResolutionCache - Resolution chrome103=103.0.5060.53 in cache (valid until 17:54:33 18/07/2022 ICT)
18:37:15.978 [main] INFO io.github.bonigarcia.wdm.WebDriverManager - Using chromedriver 103.0.5060.53 (resolved driver for Chrome 103)
18:37:15.985 [main] DEBUG io.github.bonigarcia.wdm.WebDriverManager - Driver chromedriver 103.0.5060.53 found in cache
18:37:15.987 [main] INFO io.github.bonigarcia.wdm.WebDriverManager - Exporting webdriver.chrome.driver as C:\Users\Bagas Dwi Saputra\.cache\selenium\chromedriver\win32\103.0.5060.53\chromedriver.exe
18:37:16.114 [main] DEBUG net.serenitybdd.core.webdriver.driverproviders.ProvideNewDriver - Instantiating driver
18:37:16.114 [main] DEBUG net.serenitybdd.core.webdriver.driverproviders.ProvideNewDriver - Driver capabilities: Capabilities {acceptInsecureCerts: false, base.url: https://fanciful-trifle-360..., browserName: chrome, chorme.driver: src/test/resources/webdrive..., driver: chrome, goog:chromeOptions: {args: [], extensions: []}}
18:37:16.155 [AsyncHttpClient-1-1] DEBUG org.asynchttpclient.netty.channel.DefaultChannelPool - Entry count for : http://localhost:50153 : 1
18:37:16.155 [AsyncHttpClient-1-1] DEBUG org.asynchttpclient.netty.channel.DefaultChannelPool - Entry count for : http://localhost:53465 : 1
18:37:16.155 [AsyncHttpClient-1-1] DEBUG org.asynchttpclient.netty.channel.DefaultChannelPool - Adding Candidate expired Channel [id: 0xf2f5f05d, L:/127.0.0.1:50160 ! R:localhost/127.0.0.1:50153] isIdleTimeoutExpired=false isRemotelyClosed=true isTtlExpired=false
18:37:16.155 [AsyncHttpClient-1-1] DEBUG org.asynchttpclient.netty.channel.DefaultChannelPool - Closing Idle Channel [id: 0xf2f5f05d, L:/127.0.0.1:50160 ! R:localhost/127.0.0.1:50153]
18:37:16.155 [AsyncHttpClient-1-1] DEBUG org.asynchttpclient.netty.channel.DefaultChannelPool - Adding Candidate expired Channel [id: 0xf1d6ca68, L:/127.0.0.1:50152 ! R:localhost/127.0.0.1:53465] isIdleTimeoutExpired=false isRemotelyClosed=true isTtlExpired=false
18:37:16.155 [AsyncHttpClient-1-1] DEBUG org.asynchttpclient.netty.channel.DefaultChannelPool - Closing Idle Channel [id: 0xf1d6ca68, L:/127.0.0.1:50152 ! R:localhost/127.0.0.1:53465]
18:37:16.155 [AsyncHttpClient-1-1] DEBUG org.asynchttpclient.netty.channel.DefaultChannelPool - Closed 2 connections out of 2 in 0 ms
18:37:16.522 [AsyncHttpClient-1-7] DEBUG org.asynchttpclient.netty.channel.NettyConnectListener - Using new Channel '[id: 0x40f56009, L:/127.0.0.1:50180 - R:localhost/127.0.0.1:55327]' for 'POST' to '/session'
18:37:17.335 [AsyncHttpClient-1-7] DEBUG org.asynchttpclient.netty.handler.HttpHandler - 

Request DefaultHttpRequest(decodeResult: success, version: HTTP/1.1)
POST /session HTTP/1.1
User-Agent: selenium/4.1.4 (java windows)
Content-Length: 629
Content-Type: application/json; charset=utf-8
host: localhost:55327
accept: */*

Response DefaultHttpResponse(decodeResult: success, version: HTTP/1.1)
HTTP/1.1 200 OK
Content-Type: application/json; charset=utf-8
cache-control: no-cache
content-length: 793

18:37:17.335 [AsyncHttpClient-1-7] DEBUG org.asynchttpclient.netty.channel.ChannelManager - Adding key: http://localhost:55327 for channel [id: 0x40f56009, L:/127.0.0.1:50180 - R:localhost/127.0.0.1:55327]
18:37:17.342 [AsyncHttpClient-1-8] DEBUG org.asynchttpclient.netty.channel.NettyConnectListener - Using new Channel '[id: 0xee5c1951, L:/127.0.0.1:50187 - R:localhost/127.0.0.1:50181]' for 'GET' to '/json/version'
18:37:17.342 [AsyncHttpClient-1-8] DEBUG org.asynchttpclient.netty.handler.HttpHandler - 

Request DefaultFullHttpRequest(decodeResult: success, version: HTTP/1.1, content: EmptyByteBufBE)
GET /json/version HTTP/1.1
User-Agent: selenium/4.1.4 (java windows)
host: localhost:50181
accept: */*

Response DefaultHttpResponse(decodeResult: success, version: HTTP/1.1)
HTTP/1.1 200 OK
Content-Type: application/json; charset=UTF-8
content-length: 429

18:37:17.342 [AsyncHttpClient-1-8] DEBUG org.asynchttpclient.netty.channel.ChannelManager - Adding key: http://localhost:50181 for channel [id: 0xee5c1951, L:/127.0.0.1:50187 - R:localhost/127.0.0.1:50181]
18:37:17.344 [AsyncHttpClient-1-9] DEBUG org.asynchttpclient.netty.channel.NettyConnectListener - Using new Channel '[id: 0x270b789a, L:/127.0.0.1:50188 - R:localhost/127.0.0.1:50181]' for 'GET' to '/devtools/browser/97d8ddd3-5b7b-48f5-b795-38fb6cb4e9d4'
18:37:17.344 [AsyncHttpClient-1-9] DEBUG org.asynchttpclient.netty.handler.WebSocketHandler - 

Request DefaultFullHttpRequest(decodeResult: success, version: HTTP/1.1, content: EmptyByteBufBE)
GET /devtools/browser/97d8ddd3-5b7b-48f5-b795-38fb6cb4e9d4 HTTP/1.1
upgrade: websocket
connection: upgrade
sec-websocket-key: ELBx/ZNQU9dq0SeBXilzOg==
sec-websocket-version: 13
origin: http://localhost:50181
host: localhost:50181
accept: */*
user-agent: AHC/2.1

Response DefaultHttpResponse(decodeResult: success, version: HTTP/1.1)
HTTP/1.1 101 WebSocket Protocol Handshake
Upgrade: WebSocket
Connection: Upgrade
Sec-WebSocket-Accept: b6ZVU/hH3TTMfb8rJbPIfWHDJDM=

18:37:17.346 [Forwarding get on session 3249280389f4a503f23b2144482b58b6 to remote] DEBUG org.asynchttpclient.netty.request.NettyRequestSender - Using pooled Channel '[id: 0x40f56009, L:/127.0.0.1:50180 - R:localhost/127.0.0.1:55327]' for 'POST' to 'http://localhost:55327/session/3249280389f4a503f23b2144482b58b6/url'
18:37:17.346 [Forwarding get on session 3249280389f4a503f23b2144482b58b6 to remote] DEBUG org.asynchttpclient.netty.request.NettyRequestSender - Using open Channel [id: 0x40f56009, L:/127.0.0.1:50180 - R:localhost/127.0.0.1:55327] for POST '/session/3249280389f4a503f23b2144482b58b6/url'
18:37:18.039 [AsyncHttpClient-1-7] DEBUG org.asynchttpclient.netty.handler.HttpHandler - 

Request DefaultHttpRequest(decodeResult: success, version: HTTP/1.1)
POST /session/3249280389f4a503f23b2144482b58b6/url HTTP/1.1
User-Agent: selenium/4.1.4 (java windows)
Content-Length: 78
Content-Type: application/json; charset=utf-8
host: localhost:55327
accept: */*

Response DefaultHttpResponse(decodeResult: success, version: HTTP/1.1)
HTTP/1.1 200 OK
Content-Type: application/json; charset=utf-8
cache-control: no-cache
content-length: 14

18:37:18.039 [AsyncHttpClient-1-7] DEBUG org.asynchttpclient.netty.channel.ChannelManager - Adding key: http://localhost:55327 for channel [id: 0x40f56009, L:/127.0.0.1:50180 - R:localhost/127.0.0.1:55327]
18:37:18.041 [Forwarding setTimeout on session 3249280389f4a503f23b2144482b58b6 to remote] DEBUG org.asynchttpclient.netty.request.NettyRequestSender - Using pooled Channel '[id: 0x40f56009, L:/127.0.0.1:50180 - R:localhost/127.0.0.1:55327]' for 'POST' to 'http://localhost:55327/session/3249280389f4a503f23b2144482b58b6/timeouts'
18:37:18.041 [Forwarding setTimeout on session 3249280389f4a503f23b2144482b58b6 to remote] DEBUG org.asynchttpclient.netty.request.NettyRequestSender - Using open Channel [id: 0x40f56009, L:/127.0.0.1:50180 - R:localhost/127.0.0.1:55327] for POST '/session/3249280389f4a503f23b2144482b58b6/timeouts'
18:37:18.052 [AsyncHttpClient-1-7] DEBUG org.asynchttpclient.netty.handler.HttpHandler - 

Request DefaultHttpRequest(decodeResult: success, version: HTTP/1.1)
POST /session/3249280389f4a503f23b2144482b58b6/timeouts HTTP/1.1
User-Agent: selenium/4.1.4 (java windows)
Content-Length: 22
Content-Type: application/json; charset=utf-8
host: localhost:55327
accept: */*

Response DefaultHttpResponse(decodeResult: success, version: HTTP/1.1)
HTTP/1.1 200 OK
Content-Type: application/json; charset=utf-8
cache-control: no-cache
content-length: 14

18:37:18.052 [AsyncHttpClient-1-7] DEBUG org.asynchttpclient.netty.channel.ChannelManager - Adding key: http://localhost:55327 for channel [id: 0x40f56009, L:/127.0.0.1:50180 - R:localhost/127.0.0.1:55327]
18:37:18.057 [Forwarding getCurrentUrl on session 3249280389f4a503f23b2144482b58b6 to remote] DEBUG org.asynchttpclient.netty.request.NettyRequestSender - Using pooled Channel '[id: 0x40f56009, L:/127.0.0.1:50180 - R:localhost/127.0.0.1:55327]' for 'GET' to 'http://localhost:55327/session/3249280389f4a503f23b2144482b58b6/url'
18:37:18.057 [Forwarding getCurrentUrl on session 3249280389f4a503f23b2144482b58b6 to remote] DEBUG org.asynchttpclient.netty.request.NettyRequestSender - Using open Channel [id: 0x40f56009, L:/127.0.0.1:50180 - R:localhost/127.0.0.1:55327] for GET '/session/3249280389f4a503f23b2144482b58b6/url'
18:37:18.070 [AsyncHttpClient-1-7] DEBUG org.asynchttpclient.netty.handler.HttpHandler - 

Request DefaultFullHttpRequest(decodeResult: success, version: HTTP/1.1, content: EmptyByteBufBE)
GET /session/3249280389f4a503f23b2144482b58b6/url HTTP/1.1
User-Agent: selenium/4.1.4 (java windows)
Cache-Control: no-cache
Content-Type: application/json; charset=utf-8
host: localhost:55327
accept: */*

Response DefaultHttpResponse(decodeResult: success, version: HTTP/1.1)
HTTP/1.1 200 OK
Content-Type: application/json; charset=utf-8
cache-control: no-cache
content-length: 60

18:37:18.070 [AsyncHttpClient-1-7] DEBUG org.asynchttpclient.netty.channel.ChannelManager - Adding key: http://localhost:55327 for channel [id: 0x40f56009, L:/127.0.0.1:50180 - R:localhost/127.0.0.1:55327]
18:37:18.073 [Forwarding screenshot on session 3249280389f4a503f23b2144482b58b6 to remote] DEBUG org.asynchttpclient.netty.request.NettyRequestSender - Using pooled Channel '[id: 0x40f56009, L:/127.0.0.1:50180 - R:localhost/127.0.0.1:55327]' for 'GET' to 'http://localhost:55327/session/3249280389f4a503f23b2144482b58b6/screenshot'
18:37:18.073 [Forwarding screenshot on session 3249280389f4a503f23b2144482b58b6 to remote] DEBUG org.asynchttpclient.netty.request.NettyRequestSender - Using open Channel [id: 0x40f56009, L:/127.0.0.1:50180 - R:localhost/127.0.0.1:55327] for GET '/session/3249280389f4a503f23b2144482b58b6/screenshot'
18:37:18.342 [AsyncHttpClient-1-1] DEBUG org.asynchttpclient.netty.channel.DefaultChannelPool - Entry count for : http://localhost:50181 : 1
18:37:18.442 [AsyncHttpClient-1-7] DEBUG org.asynchttpclient.netty.handler.HttpHandler - 

Request DefaultFullHttpRequest(decodeResult: success, version: HTTP/1.1, content: EmptyByteBufBE)
GET /session/3249280389f4a503f23b2144482b58b6/screenshot HTTP/1.1
User-Agent: selenium/4.1.4 (java windows)
Cache-Control: no-cache
Content-Type: application/json; charset=utf-8
host: localhost:55327
accept: */*

Response DefaultHttpResponse(decodeResult: success, version: HTTP/1.1)
HTTP/1.1 200 OK
Content-Type: application/json; charset=utf-8
cache-control: no-cache
content-length: 380436

18:37:18.442 [AsyncHttpClient-1-7] DEBUG org.asynchttpclient.netty.channel.ChannelManager - Adding key: http://localhost:55327 for channel [id: 0x40f56009, L:/127.0.0.1:50180 - R:localhost/127.0.0.1:55327]
18:37:18.446 [main] DEBUG net.serenitybdd.core.photography.Darkroom - Send negative for processing for target\site\serenity\d122c364c40ece9db0ad32cd97c3fcf63e95ba606118dda8d3e5a1d2b8235ce2.png
18:37:18.446 [main] DEBUG net.thucydides.core.steps.StepInterceptor - STEP DONE: openLogin
  &amp#27;[32mGiven &amp#27;[0m&amp#27;[32mOpen login page&amp#27;[0m                                   &amp#27;[90m# starter.stepdefinitios.LoginSteps.openLoginPage()&amp#27;[0m
18:37:18.962 [Forwarding findElement on session 3249280389f4a503f23b2144482b58b6 to remote] DEBUG org.asynchttpclient.netty.request.NettyRequestSender - Using pooled Channel '[id: 0x40f56009, L:/127.0.0.1:50180 - R:localhost/127.0.0.1:55327]' for 'POST' to 'http://localhost:55327/session/3249280389f4a503f23b2144482b58b6/element'
18:37:18.962 [Forwarding findElement on session 3249280389f4a503f23b2144482b58b6 to remote] DEBUG org.asynchttpclient.netty.request.NettyRequestSender - Using open Channel [id: 0x40f56009, L:/127.0.0.1:50180 - R:localhost/127.0.0.1:55327] for POST '/session/3249280389f4a503f23b2144482b58b6/element'
18:37:18.983 [AsyncHttpClient-1-7] DEBUG org.asynchttpclient.netty.handler.HttpHandler - 

Request DefaultHttpRequest(decodeResult: success, version: HTTP/1.1)
POST /session/3249280389f4a503f23b2144482b58b6/element HTTP/1.1
User-Agent: selenium/4.1.4 (java windows)
Content-Length: 70
Content-Type: application/json; charset=utf-8
host: localhost:55327
accept: */*

Response DefaultHttpResponse(decodeResult: success, version: HTTP/1.1)
HTTP/1.1 200 OK
Content-Type: application/json; charset=utf-8
cache-control: no-cache
content-length: 88

18:37:18.983 [AsyncHttpClient-1-7] DEBUG org.asynchttpclient.netty.channel.ChannelManager - Adding key: http://localhost:55327 for channel [id: 0x40f56009, L:/127.0.0.1:50180 - R:localhost/127.0.0.1:55327]
18:37:18.985 [Forwarding sendKeysToElement on session 3249280389f4a503f23b2144482b58b6 to remote] DEBUG org.asynchttpclient.netty.request.NettyRequestSender - Using pooled Channel '[id: 0x40f56009, L:/127.0.0.1:50180 - R:localhost/127.0.0.1:55327]' for 'POST' to 'http://localhost:55327/session/3249280389f4a503f23b2144482b58b6/element/26cd1396-b5b0-4a0b-a7e7-79ab688066b3/value'
18:37:18.985 [Forwarding sendKeysToElement on session 3249280389f4a503f23b2144482b58b6 to remote] DEBUG org.asynchttpclient.netty.request.NettyRequestSender - Using open Channel [id: 0x40f56009, L:/127.0.0.1:50180 - R:localhost/127.0.0.1:55327] for POST '/session/3249280389f4a503f23b2144482b58b6/element/26cd1396-b5b0-4a0b-a7e7-79ab688066b3/value'
18:37:19.115 [AsyncHttpClient-1-7] DEBUG org.asynchttpclient.netty.handler.HttpHandler - 

Request DefaultHttpRequest(decodeResult: success, version: HTTP/1.1)
POST /session/3249280389f4a503f23b2144482b58b6/element/26cd1396-b5b0-4a0b-a7e7-79ab688066b3/value HTTP/1.1
User-Agent: selenium/4.1.4 (java windows)
Content-Length: 131
Content-Type: application/json; charset=utf-8
host: localhost:55327
accept: */*

Response DefaultHttpResponse(decodeResult: success, version: HTTP/1.1)
HTTP/1.1 200 OK
Content-Type: application/json; charset=utf-8
cache-control: no-cache
content-length: 14

18:37:19.115 [AsyncHttpClient-1-7] DEBUG org.asynchttpclient.netty.channel.ChannelManager - Adding key: http://localhost:55327 for channel [id: 0x40f56009, L:/127.0.0.1:50180 - R:localhost/127.0.0.1:55327]
  &amp#27;[32mAnd &amp#27;[0m&amp#27;[32mI input &amp#27;[0m&amp#27;[32m&amp#27;[1m"admin"&amp#27;[0m&amp#27;[32m login email valid&amp#27;[0m                   &amp#27;[90m# starter.stepdefinitios.LoginSteps.iInputLoginEmailValid(java.lang.String)&amp#27;[0m
18:37:19.120 [Forwarding screenshot on session 3249280389f4a503f23b2144482b58b6 to remote] DEBUG org.asynchttpclient.netty.request.NettyRequestSender - Using pooled Channel '[id: 0x40f56009, L:/127.0.0.1:50180 - R:localhost/127.0.0.1:55327]' for 'GET' to 'http://localhost:55327/session/3249280389f4a503f23b2144482b58b6/screenshot'
18:37:19.120 [Forwarding screenshot on session 3249280389f4a503f23b2144482b58b6 to remote] DEBUG org.asynchttpclient.netty.request.NettyRequestSender - Using open Channel [id: 0x40f56009, L:/127.0.0.1:50180 - R:localhost/127.0.0.1:55327] for GET '/session/3249280389f4a503f23b2144482b58b6/screenshot'
18:37:19.442 [AsyncHttpClient-1-1] DEBUG org.asynchttpclient.netty.channel.DefaultChannelPool - Entry count for : http://localhost:50181 : 1
18:37:19.444 [AsyncHttpClient-1-7] DEBUG org.asynchttpclient.netty.handler.HttpHandler - 

Request DefaultFullHttpRequest(decodeResult: success, version: HTTP/1.1, content: EmptyByteBufBE)
GET /session/3249280389f4a503f23b2144482b58b6/screenshot HTTP/1.1
User-Agent: selenium/4.1.4 (java windows)
Cache-Control: no-cache
Content-Type: application/json; charset=utf-8
host: localhost:55327
accept: */*

Response DefaultHttpResponse(decodeResult: success, version: HTTP/1.1)
HTTP/1.1 200 OK
Content-Type: application/json; charset=utf-8
cache-control: no-cache
content-length: 379420

18:37:19.445 [AsyncHttpClient-1-7] DEBUG org.asynchttpclient.netty.channel.ChannelManager - Adding key: http://localhost:55327 for channel [id: 0x40f56009, L:/127.0.0.1:50180 - R:localhost/127.0.0.1:55327]
18:37:19.454 [main] DEBUG net.serenitybdd.core.photography.Darkroom - Send negative for processing for target\site\serenity\93df20195d3751dea78ac30a105f84d37c410e0341f58ded6fb231b5b47402e6.png
18:37:19.975 [Forwarding screenshot on session 3249280389f4a503f23b2144482b58b6 to remote] DEBUG org.asynchttpclient.netty.request.NettyRequestSender - Using pooled Channel '[id: 0x40f56009, L:/127.0.0.1:50180 - R:localhost/127.0.0.1:55327]' for 'GET' to 'http://localhost:55327/session/3249280389f4a503f23b2144482b58b6/screenshot'
18:37:19.975 [Forwarding screenshot on session 3249280389f4a503f23b2144482b58b6 to remote] DEBUG org.asynchttpclient.netty.request.NettyRequestSender - Using open Channel [id: 0x40f56009, L:/127.0.0.1:50180 - R:localhost/127.0.0.1:55327] for GET '/session/3249280389f4a503f23b2144482b58b6/screenshot'
18:37:20.150 [AsyncHttpClient-1-7] DEBUG org.asynchttpclient.netty.handler.HttpHandler - 

Request DefaultFullHttpRequest(decodeResult: success, version: HTTP/1.1, content: EmptyByteBufBE)
GET /session/3249280389f4a503f23b2144482b58b6/screenshot HTTP/1.1
User-Agent: selenium/4.1.4 (java windows)
Cache-Control: no-cache
Content-Type: application/json; charset=utf-8
host: localhost:55327
accept: */*

Response DefaultHttpResponse(decodeResult: success, version: HTTP/1.1)
HTTP/1.1 200 OK
Content-Type: application/json; charset=utf-8
cache-control: no-cache
content-length: 379404

18:37:20.150 [AsyncHttpClient-1-7] DEBUG org.asynchttpclient.netty.channel.ChannelManager - Adding key: http://localhost:55327 for channel [id: 0x40f56009, L:/127.0.0.1:50180 - R:localhost/127.0.0.1:55327]
18:37:20.150 [main] DEBUG net.serenitybdd.core.photography.Darkroom - Send negative for processing for target\site\serenity\f684e1524ced0278b0b6c6b37709a7cbfb8281aeb576b04a4743fda17448b798.png
18:37:20.150 [main] DEBUG net.thucydides.core.steps.StepInterceptor - STARTING STEP: LoginSteps.iInputLoginPasswordValid - inputPasswordLogin
18:37:20.166 [Forwarding findElement on session 3249280389f4a503f23b2144482b58b6 to remote] DEBUG org.asynchttpclient.netty.request.NettyRequestSender - Using pooled Channel '[id: 0x40f56009, L:/127.0.0.1:50180 - R:localhost/127.0.0.1:55327]' for 'POST' to 'http://localhost:55327/session/3249280389f4a503f23b2144482b58b6/element'
18:37:20.166 [Forwarding findElement on session 3249280389f4a503f23b2144482b58b6 to remote] DEBUG org.asynchttpclient.netty.request.NettyRequestSender - Using open Channel [id: 0x40f56009, L:/127.0.0.1:50180 - R:localhost/127.0.0.1:55327] for POST '/session/3249280389f4a503f23b2144482b58b6/element'
18:37:20.175 [AsyncHttpClient-1-7] DEBUG org.asynchttpclient.netty.handler.HttpHandler - 

Request DefaultHttpRequest(decodeResult: success, version: HTTP/1.1)
POST /session/3249280389f4a503f23b2144482b58b6/element HTTP/1.1
User-Agent: selenium/4.1.4 (java windows)
Content-Length: 70
Content-Type: application/json; charset=utf-8
host: localhost:55327
accept: */*

Response DefaultHttpResponse(decodeResult: success, version: HTTP/1.1)
HTTP/1.1 200 OK
Content-Type: application/json; charset=utf-8
cache-control: no-cache
content-length: 88

18:37:20.175 [AsyncHttpClient-1-7] DEBUG org.asynchttpclient.netty.channel.ChannelManager - Adding key: http://localhost:55327 for channel [id: 0x40f56009, L:/127.0.0.1:50180 - R:localhost/127.0.0.1:55327]
18:37:20.175 [Forwarding sendKeysToElement on session 3249280389f4a503f23b2144482b58b6 to remote] DEBUG org.asynchttpclient.netty.request.NettyRequestSender - Using pooled Channel '[id: 0x40f56009, L:/127.0.0.1:50180 - R:localhost/127.0.0.1:55327]' for 'POST' to 'http://localhost:55327/session/3249280389f4a503f23b2144482b58b6/element/9ffdd771-6cb6-4c47-aed2-3ac4eb1b2e44/value'
18:37:20.175 [Forwarding sendKeysToElement on session 3249280389f4a503f23b2144482b58b6 to remote] DEBUG org.asynchttpclient.netty.request.NettyRequestSender - Using open Channel [id: 0x40f56009, L:/127.0.0.1:50180 - R:localhost/127.0.0.1:55327] for POST '/session/3249280389f4a503f23b2144482b58b6/element/9ffdd771-6cb6-4c47-aed2-3ac4eb1b2e44/value'
18:37:20.277 [AsyncHttpClient-1-7] DEBUG org.asynchttpclient.netty.handler.HttpHandler - 

Request DefaultHttpRequest(decodeResult: success, version: HTTP/1.1)
POST /session/3249280389f4a503f23b2144482b58b6/element/9ffdd771-6cb6-4c47-aed2-3ac4eb1b2e44/value HTTP/1.1
User-Agent: selenium/4.1.4 (java windows)
Content-Length: 161
Content-Type: application/json; charset=utf-8
host: localhost:55327
accept: */*

Response DefaultHttpResponse(decodeResult: success, version: HTTP/1.1)
HTTP/1.1 200 OK
Content-Type: application/json; charset=utf-8
cache-control: no-cache
content-length: 14

18:37:20.277 [AsyncHttpClient-1-7] DEBUG org.asynchttpclient.netty.channel.ChannelManager - Adding key: http://localhost:55327 for channel [id: 0x40f56009, L:/127.0.0.1:50180 - R:localhost/127.0.0.1:55327]
18:37:20.282 [Forwarding screenshot on session 3249280389f4a503f23b2144482b58b6 to remote] DEBUG org.asynchttpclient.netty.request.NettyRequestSender - Using pooled Channel '[id: 0x40f56009, L:/127.0.0.1:50180 - R:localhost/127.0.0.1:55327]' for 'GET' to 'http://localhost:55327/session/3249280389f4a503f23b2144482b58b6/screenshot'
18:37:20.282 [Forwarding screenshot on session 3249280389f4a503f23b2144482b58b6 to remote] DEBUG org.asynchttpclient.netty.request.NettyRequestSender - Using open Channel [id: 0x40f56009, L:/127.0.0.1:50180 - R:localhost/127.0.0.1:55327] for GET '/session/3249280389f4a503f23b2144482b58b6/screenshot'
18:37:20.474 [AsyncHttpClient-1-7] DEBUG org.asynchttpclient.netty.handler.HttpHandler - 

Request DefaultFullHttpRequest(decodeResult: success, version: HTTP/1.1, content: EmptyByteBufBE)
GET /session/3249280389f4a503f23b2144482b58b6/screenshot HTTP/1.1
User-Agent: selenium/4.1.4 (java windows)
Cache-Control: no-cache
Content-Type: application/json; charset=utf-8
host: localhost:55327
accept: */*

Response DefaultHttpResponse(decodeResult: success, version: HTTP/1.1)
HTTP/1.1 200 OK
Content-Type: application/json; charset=utf-8
cache-control: no-cache
content-length: 377580

18:37:20.474 [AsyncHttpClient-1-7] DEBUG org.asynchttpclient.netty.channel.ChannelManager - Adding key: http://localhost:55327 for channel [id: 0x40f56009, L:/127.0.0.1:50180 - R:localhost/127.0.0.1:55327]
18:37:20.485 [main] DEBUG net.serenitybdd.core.photography.Darkroom - Send negative for processing for target\site\serenity\44fa0aa493cf3a3837a7fab79c30bded8f584eda85d2cfd055a7ef5b4e3f0a4a.png
18:37:20.485 [main] DEBUG net.thucydides.core.steps.StepInterceptor - STEP DONE: inputPasswordLogin
  &amp#27;[32mAnd &amp#27;[0m&amp#27;[32mI input &amp#27;[0m&amp#27;[32m&amp#27;[1m"admin123"&amp#27;[0m&amp#27;[32m login password valid&amp#27;[0m             &amp#27;[90m# starter.stepdefinitios.LoginSteps.iInputLoginPasswordValid(java.lang.String)&amp#27;[0m
18:37:20.497 [main] DEBUG net.thucydides.core.steps.StepInterceptor - STARTING STEP: LoginSteps.iClickButtonLogin - clickButtonLogin
18:37:20.497 [Forwarding findElement on session 3249280389f4a503f23b2144482b58b6 to remote] DEBUG org.asynchttpclient.netty.request.NettyRequestSender - Using pooled Channel '[id: 0x40f56009, L:/127.0.0.1:50180 - R:localhost/127.0.0.1:55327]' for 'POST' to 'http://localhost:55327/session/3249280389f4a503f23b2144482b58b6/element'
18:37:20.497 [Forwarding findElement on session 3249280389f4a503f23b2144482b58b6 to remote] DEBUG org.asynchttpclient.netty.request.NettyRequestSender - Using open Channel [id: 0x40f56009, L:/127.0.0.1:50180 - R:localhost/127.0.0.1:55327] for POST '/session/3249280389f4a503f23b2144482b58b6/element'
18:37:20.520 [AsyncHttpClient-1-7] DEBUG org.asynchttpclient.netty.handler.HttpHandler - 

Request DefaultHttpRequest(decodeResult: success, version: HTTP/1.1)
POST /session/3249280389f4a503f23b2144482b58b6/element HTTP/1.1
User-Agent: selenium/4.1.4 (java windows)
Content-Length: 68
Content-Type: application/json; charset=utf-8
host: localhost:55327
accept: */*

Response DefaultHttpResponse(decodeResult: success, version: HTTP/1.1)
HTTP/1.1 200 OK
Content-Type: application/json; charset=utf-8
cache-control: no-cache
content-length: 88

18:37:20.520 [AsyncHttpClient-1-7] DEBUG org.asynchttpclient.netty.channel.ChannelManager - Adding key: http://localhost:55327 for channel [id: 0x40f56009, L:/127.0.0.1:50180 - R:localhost/127.0.0.1:55327]
18:37:20.521 [Forwarding getElementTagName on session 3249280389f4a503f23b2144482b58b6 to remote] DEBUG org.asynchttpclient.netty.request.NettyRequestSender - Using pooled Channel '[id: 0x40f56009, L:/127.0.0.1:50180 - R:localhost/127.0.0.1:55327]' for 'GET' to 'http://localhost:55327/session/3249280389f4a503f23b2144482b58b6/element/ba26e2b3-839c-4d17-a060-4dd9e49f5aee/name'
18:37:20.521 [Forwarding getElementTagName on session 3249280389f4a503f23b2144482b58b6 to remote] DEBUG org.asynchttpclient.netty.request.NettyRequestSender - Using open Channel [id: 0x40f56009, L:/127.0.0.1:50180 - R:localhost/127.0.0.1:55327] for GET '/session/3249280389f4a503f23b2144482b58b6/element/ba26e2b3-839c-4d17-a060-4dd9e49f5aee/name'
18:37:20.525 [AsyncHttpClient-1-7] DEBUG org.asynchttpclient.netty.handler.HttpHandler - 

Request DefaultFullHttpRequest(decodeResult: success, version: HTTP/1.1, content: EmptyByteBufBE)
GET /session/3249280389f4a503f23b2144482b58b6/element/ba26e2b3-839c-4d17-a060-4dd9e49f5aee/name HTTP/1.1
User-Agent: selenium/4.1.4 (java windows)
Cache-Control: no-cache
Content-Type: application/json; charset=utf-8
host: localhost:55327
accept: */*

Response DefaultHttpResponse(decodeResult: success, version: HTTP/1.1)
HTTP/1.1 200 OK
Content-Type: application/json; charset=utf-8
cache-control: no-cache
content-length: 18

18:37:20.525 [AsyncHttpClient-1-7] DEBUG org.asynchttpclient.netty.channel.ChannelManager - Adding key: http://localhost:55327 for channel [id: 0x40f56009, L:/127.0.0.1:50180 - R:localhost/127.0.0.1:55327]
18:37:20.526 [Forwarding getElementTagName on session 3249280389f4a503f23b2144482b58b6 to remote] DEBUG org.asynchttpclient.netty.request.NettyRequestSender - Using pooled Channel '[id: 0x40f56009, L:/127.0.0.1:50180 - R:localhost/127.0.0.1:55327]' for 'GET' to 'http://localhost:55327/session/3249280389f4a503f23b2144482b58b6/element/ba26e2b3-839c-4d17-a060-4dd9e49f5aee/name'
18:37:20.526 [Forwarding getElementTagName on session 3249280389f4a503f23b2144482b58b6 to remote] DEBUG org.asynchttpclient.netty.request.NettyRequestSender - Using open Channel [id: 0x40f56009, L:/127.0.0.1:50180 - R:localhost/127.0.0.1:55327] for GET '/session/3249280389f4a503f23b2144482b58b6/element/ba26e2b3-839c-4d17-a060-4dd9e49f5aee/name'
18:37:20.529 [AsyncHttpClient-1-7] DEBUG org.asynchttpclient.netty.handler.HttpHandler - 

Request DefaultFullHttpRequest(decodeResult: success, version: HTTP/1.1, content: EmptyByteBufBE)
GET /session/3249280389f4a503f23b2144482b58b6/element/ba26e2b3-839c-4d17-a060-4dd9e49f5aee/name HTTP/1.1
User-Agent: selenium/4.1.4 (java windows)
Cache-Control: no-cache
Content-Type: application/json; charset=utf-8
host: localhost:55327
accept: */*

Response DefaultHttpResponse(decodeResult: success, version: HTTP/1.1)
HTTP/1.1 200 OK
Content-Type: application/json; charset=utf-8
cache-control: no-cache
content-length: 18

18:37:20.529 [AsyncHttpClient-1-7] DEBUG org.asynchttpclient.netty.channel.ChannelManager - Adding key: http://localhost:55327 for channel [id: 0x40f56009, L:/127.0.0.1:50180 - R:localhost/127.0.0.1:55327]
18:37:20.531 [Forwarding isElementEnabled on session 3249280389f4a503f23b2144482b58b6 to remote] DEBUG org.asynchttpclient.netty.request.NettyRequestSender - Using pooled Channel '[id: 0x40f56009, L:/127.0.0.1:50180 - R:localhost/127.0.0.1:55327]' for 'GET' to 'http://localhost:55327/session/3249280389f4a503f23b2144482b58b6/element/ba26e2b3-839c-4d17-a060-4dd9e49f5aee/enabled'
18:37:20.531 [Forwarding isElementEnabled on session 3249280389f4a503f23b2144482b58b6 to remote] DEBUG org.asynchttpclient.netty.request.NettyRequestSender - Using open Channel [id: 0x40f56009, L:/127.0.0.1:50180 - R:localhost/127.0.0.1:55327] for GET '/session/3249280389f4a503f23b2144482b58b6/element/ba26e2b3-839c-4d17-a060-4dd9e49f5aee/enabled'
18:37:20.538 [AsyncHttpClient-1-7] DEBUG org.asynchttpclient.netty.handler.HttpHandler - 

Request DefaultFullHttpRequest(decodeResult: success, version: HTTP/1.1, content: EmptyByteBufBE)
GET /session/3249280389f4a503f23b2144482b58b6/element/ba26e2b3-839c-4d17-a060-4dd9e49f5aee/enabled HTTP/1.1
User-Agent: selenium/4.1.4 (java windows)
Cache-Control: no-cache
Content-Type: application/json; charset=utf-8
host: localhost:55327
accept: */*

Response DefaultHttpResponse(decodeResult: success, version: HTTP/1.1)
HTTP/1.1 200 OK
Content-Type: application/json; charset=utf-8
cache-control: no-cache
content-length: 14

18:37:20.538 [AsyncHttpClient-1-7] DEBUG org.asynchttpclient.netty.channel.ChannelManager - Adding key: http://localhost:55327 for channel [id: 0x40f56009, L:/127.0.0.1:50180 - R:localhost/127.0.0.1:55327]
18:37:20.539 [Forwarding isElementEnabled on session 3249280389f4a503f23b2144482b58b6 to remote] DEBUG org.asynchttpclient.netty.request.NettyRequestSender - Using pooled Channel '[id: 0x40f56009, L:/127.0.0.1:50180 - R:localhost/127.0.0.1:55327]' for 'GET' to 'http://localhost:55327/session/3249280389f4a503f23b2144482b58b6/element/ba26e2b3-839c-4d17-a060-4dd9e49f5aee/enabled'
18:37:20.540 [Forwarding isElementEnabled on session 3249280389f4a503f23b2144482b58b6 to remote] DEBUG org.asynchttpclient.netty.request.NettyRequestSender - Using open Channel [id: 0x40f56009, L:/127.0.0.1:50180 - R:localhost/127.0.0.1:55327] for GET '/session/3249280389f4a503f23b2144482b58b6/element/ba26e2b3-839c-4d17-a060-4dd9e49f5aee/enabled'
18:37:20.543 [AsyncHttpClient-1-1] DEBUG org.asynchttpclient.netty.channel.DefaultChannelPool - Entry count for : http://localhost:50181 : 1
18:37:20.547 [AsyncHttpClient-1-7] DEBUG org.asynchttpclient.netty.handler.HttpHandler - 

Request DefaultFullHttpRequest(decodeResult: success, version: HTTP/1.1, content: EmptyByteBufBE)
GET /session/3249280389f4a503f23b2144482b58b6/element/ba26e2b3-839c-4d17-a060-4dd9e49f5aee/enabled HTTP/1.1
User-Agent: selenium/4.1.4 (java windows)
Cache-Control: no-cache
Content-Type: application/json; charset=utf-8
host: localhost:55327
accept: */*

Response DefaultHttpResponse(decodeResult: success, version: HTTP/1.1)
HTTP/1.1 200 OK
Content-Type: application/json; charset=utf-8
cache-control: no-cache
content-length: 14

18:37:20.547 [AsyncHttpClient-1-7] DEBUG org.asynchttpclient.netty.channel.ChannelManager - Adding key: http://localhost:55327 for channel [id: 0x40f56009, L:/127.0.0.1:50180 - R:localhost/127.0.0.1:55327]
18:37:20.551 [Forwarding findElement on session 3249280389f4a503f23b2144482b58b6 to remote] DEBUG org.asynchttpclient.netty.request.NettyRequestSender - Using pooled Channel '[id: 0x40f56009, L:/127.0.0.1:50180 - R:localhost/127.0.0.1:55327]' for 'POST' to 'http://localhost:55327/session/3249280389f4a503f23b2144482b58b6/element'
18:37:20.551 [Forwarding findElement on session 3249280389f4a503f23b2144482b58b6 to remote] DEBUG org.asynchttpclient.netty.request.NettyRequestSender - Using open Channel [id: 0x40f56009, L:/127.0.0.1:50180 - R:localhost/127.0.0.1:55327] for POST '/session/3249280389f4a503f23b2144482b58b6/element'
18:37:20.566 [AsyncHttpClient-1-7] DEBUG org.asynchttpclient.netty.handler.HttpHandler - 

Request DefaultHttpRequest(decodeResult: success, version: HTTP/1.1)
POST /session/3249280389f4a503f23b2144482b58b6/element HTTP/1.1
User-Agent: selenium/4.1.4 (java windows)
Content-Length: 68
Content-Type: application/json; charset=utf-8
host: localhost:55327
accept: */*

Response DefaultHttpResponse(decodeResult: success, version: HTTP/1.1)
HTTP/1.1 200 OK
Content-Type: application/json; charset=utf-8
cache-control: no-cache
content-length: 88

18:37:20.566 [AsyncHttpClient-1-7] DEBUG org.asynchttpclient.netty.channel.ChannelManager - Adding key: http://localhost:55327 for channel [id: 0x40f56009, L:/127.0.0.1:50180 - R:localhost/127.0.0.1:55327]
18:37:20.567 [Forwarding clickElement on session 3249280389f4a503f23b2144482b58b6 to remote] DEBUG org.asynchttpclient.netty.request.NettyRequestSender - Using pooled Channel '[id: 0x40f56009, L:/127.0.0.1:50180 - R:localhost/127.0.0.1:55327]' for 'POST' to 'http://localhost:55327/session/3249280389f4a503f23b2144482b58b6/element/ba26e2b3-839c-4d17-a060-4dd9e49f5aee/click'
18:37:20.567 [Forwarding clickElement on session 3249280389f4a503f23b2144482b58b6 to remote] DEBUG org.asynchttpclient.netty.request.NettyRequestSender - Using open Channel [id: 0x40f56009, L:/127.0.0.1:50180 - R:localhost/127.0.0.1:55327] for POST '/session/3249280389f4a503f23b2144482b58b6/element/ba26e2b3-839c-4d17-a060-4dd9e49f5aee/click'
18:37:20.627 [AsyncHttpClient-1-7] DEBUG org.asynchttpclient.netty.handler.HttpHandler - 

Request DefaultHttpRequest(decodeResult: success, version: HTTP/1.1)
POST /session/3249280389f4a503f23b2144482b58b6/element/ba26e2b3-839c-4d17-a060-4dd9e49f5aee/click HTTP/1.1
User-Agent: selenium/4.1.4 (java windows)
Content-Length: 50
Content-Type: application/json; charset=utf-8
host: localhost:55327
accept: */*

Response DefaultHttpResponse(decodeResult: success, version: HTTP/1.1)
HTTP/1.1 200 OK
Content-Type: application/json; charset=utf-8
cache-control: no-cache
content-length: 14

18:37:20.627 [AsyncHttpClient-1-7] DEBUG org.asynchttpclient.netty.channel.ChannelManager - Adding key: http://localhost:55327 for channel [id: 0x40f56009, L:/127.0.0.1:50180 - R:localhost/127.0.0.1:55327]
18:37:20.630 [Forwarding screenshot on session 3249280389f4a503f23b2144482b58b6 to remote] DEBUG org.asynchttpclient.netty.request.NettyRequestSender - Using pooled Channel '[id: 0x40f56009, L:/127.0.0.1:50180 - R:localhost/127.0.0.1:55327]' for 'GET' to 'http://localhost:55327/session/3249280389f4a503f23b2144482b58b6/screenshot'
18:37:20.630 [Forwarding screenshot on session 3249280389f4a503f23b2144482b58b6 to remote] DEBUG org.asynchttpclient.netty.request.NettyRequestSender - Using open Channel [id: 0x40f56009, L:/127.0.0.1:50180 - R:localhost/127.0.0.1:55327] for GET '/session/3249280389f4a503f23b2144482b58b6/screenshot'
18:37:20.900 [AsyncHttpClient-1-7] DEBUG org.asynchttpclient.netty.handler.HttpHandler - 

Request DefaultFullHttpRequest(decodeResult: success, version: HTTP/1.1, content: EmptyByteBufBE)
GET /session/3249280389f4a503f23b2144482b58b6/screenshot HTTP/1.1
User-Agent: selenium/4.1.4 (java windows)
Cache-Control: no-cache
Content-Type: application/json; charset=utf-8
host: localhost:55327
accept: */*

Response DefaultHttpResponse(decodeResult: success, version: HTTP/1.1)
HTTP/1.1 200 OK
Content-Type: application/json; charset=utf-8
cache-control: no-cache
content-length: 360768

18:37:20.908 [AsyncHttpClient-1-7] DEBUG org.asynchttpclient.netty.channel.ChannelManager - Adding key: http://localhost:55327 for channel [id: 0x40f56009, L:/127.0.0.1:50180 - R:localhost/127.0.0.1:55327]
18:37:20.918 [main] DEBUG net.serenitybdd.core.photography.Darkroom - Send negative for processing for target\site\serenity\7657d450407f63d208ce761bc197a9c24d23ae8107f796db06890a214bb27e7b.png
18:37:20.919 [main] DEBUG net.thucydides.core.steps.StepInterceptor - STEP DONE: clickButtonLogin
18:37:20.919 [Darkroom Processing Line] DEBUG net.serenitybdd.core.photography.DarkroomProcessingLine - Processing screenshot image in /var/screenshots/screenshot-5903975874505558031
18:37:20.919 [Darkroom Processing Line] DEBUG net.serenitybdd.core.photography.DarkroomProcessingLine - Saving screenshot to target\site\serenity\7657d450407f63d208ce761bc197a9c24d23ae8107f796db06890a214bb27e7b.png
18:37:21.635 [AsyncHttpClient-1-1] DEBUG org.asynchttpclient.netty.channel.DefaultChannelPool - Entry count for : http://localhost:55327 : 1
18:37:21.635 [AsyncHttpClient-1-1] DEBUG org.asynchttpclient.netty.channel.DefaultChannelPool - Entry count for : http://localhost:50181 : 1
  &amp#27;[32mWhen &amp#27;[0m&amp#27;[32mI click button login&amp#27;[0m                               &amp#27;[90m# starter.stepdefinitios.LoginSteps.iClickButtonLogin()&amp#27;[0m
18:37:21.934 [Forwarding screenshot on session 3249280389f4a503f23b2144482b58b6 to remote] DEBUG org.asynchttpclient.netty.request.NettyRequestSender - Using pooled Channel '[id: 0x40f56009, L:/127.0.0.1:50180 - R:localhost/127.0.0.1:55327]' for 'GET' to 'http://localhost:55327/session/3249280389f4a503f23b2144482b58b6/screenshot'
18:37:21.934 [Forwarding screenshot on session 3249280389f4a503f23b2144482b58b6 to remote] DEBUG org.asynchttpclient.netty.request.NettyRequestSender - Using open Channel [id: 0x40f56009, L:/127.0.0.1:50180 - R:localhost/127.0.0.1:55327] for GET '/session/3249280389f4a503f23b2144482b58b6/screenshot'
18:37:22.166 [AsyncHttpClient-1-7] DEBUG org.asynchttpclient.netty.handler.HttpHandler - 

Request DefaultFullHttpRequest(decodeResult: success, version: HTTP/1.1, content: EmptyByteBufBE)
GET /session/3249280389f4a503f23b2144482b58b6/screenshot HTTP/1.1
User-Agent: selenium/4.1.4 (java windows)
Cache-Control: no-cache
Content-Type: application/json; charset=utf-8
host: localhost:55327
accept: */*

Response DefaultHttpResponse(decodeResult: success, version: HTTP/1.1)
HTTP/1.1 200 OK
Content-Type: application/json; charset=utf-8
cache-control: no-cache
content-length: 313184

18:37:22.166 [AsyncHttpClient-1-7] DEBUG org.asynchttpclient.netty.channel.ChannelManager - Adding key: http://localhost:55327 for channel [id: 0x40f56009, L:/127.0.0.1:50180 - R:localhost/127.0.0.1:55327]
18:37:22.169 [main] DEBUG net.serenitybdd.core.photography.Darkroom - Send negative for processing for target\site\serenity\31bc1e376d6c54b18b52a967478f2199c8ad42c5b4a5d9972f78ffdef49ae726.png
18:37:22.169 [Darkroom Processing Line] DEBUG net.serenitybdd.core.photography.DarkroomProcessingLine - Processing screenshot image in /var/screenshots/screenshot-12163169372873612480
18:37:22.169 [Darkroom Processing Line] DEBUG net.serenitybdd.core.photography.DarkroomProcessingLine - Saving screenshot to target\site\serenity\31bc1e376d6c54b18b52a967478f2199c8ad42c5b4a5d9972f78ffdef49ae726.png
18:37:22.736 [AsyncHttpClient-1-1] DEBUG org.asynchttpclient.netty.channel.DefaultChannelPool - Entry count for : http://localhost:55327 : 1
18:37:22.736 [AsyncHttpClient-1-1] DEBUG org.asynchttpclient.netty.channel.DefaultChannelPool - Entry count for : http://localhost:50181 : 1
18:37:23.846 [AsyncHttpClient-1-1] DEBUG org.asynchttpclient.netty.channel.DefaultChannelPool - Entry count for : http://localhost:55327 : 1
18:37:23.846 [AsyncHttpClient-1-1] DEBUG org.asynchttpclient.netty.channel.DefaultChannelPool - Entry count for : http://localhost:50181 : 1
18:37:24.937 [AsyncHttpClient-1-1] DEBUG org.asynchttpclient.netty.channel.DefaultChannelPool - Entry count for : http://localhost:55327 : 1
18:37:24.937 [AsyncHttpClient-1-1] DEBUG org.asynchttpclient.netty.channel.DefaultChannelPool - Entry count for : http://localhost:50181 : 1
18:37:26.036 [AsyncHttpClient-1-1] DEBUG org.asynchttpclient.netty.channel.DefaultChannelPool - Entry count for : http://localhost:55327 : 1
18:37:26.036 [AsyncHttpClient-1-1] DEBUG org.asynchttpclient.netty.channel.DefaultChannelPool - Entry count for : http://localhost:50181 : 1
18:37:27.135 [AsyncHttpClient-1-1] DEBUG org.asynchttpclient.netty.channel.DefaultChannelPool - Entry count for : http://localhost:55327 : 1
18:37:27.135 [AsyncHttpClient-1-1] DEBUG org.asynchttpclient.netty.channel.DefaultChannelPool - Entry count for : http://localhost:50181 : 1
18:37:27.185 [Forwarding findElement on session 3249280389f4a503f23b2144482b58b6 to remote] DEBUG org.asynchttpclient.netty.request.NettyRequestSender - Using pooled Channel '[id: 0x40f56009, L:/127.0.0.1:50180 - R:localhost/127.0.0.1:55327]' for 'POST' to 'http://localhost:55327/session/3249280389f4a503f23b2144482b58b6/element'
18:37:27.185 [Forwarding findElement on session 3249280389f4a503f23b2144482b58b6 to remote] DEBUG org.asynchttpclient.netty.request.NettyRequestSender - Using open Channel [id: 0x40f56009, L:/127.0.0.1:50180 - R:localhost/127.0.0.1:55327] for POST '/session/3249280389f4a503f23b2144482b58b6/element'
18:37:27.203 [AsyncHttpClient-1-7] DEBUG org.asynchttpclient.netty.handler.HttpHandler - 

Request DefaultHttpRequest(decodeResult: success, version: HTTP/1.1)
POST /session/3249280389f4a503f23b2144482b58b6/element HTTP/1.1
User-Agent: selenium/4.1.4 (java windows)
Content-Length: 68
Content-Type: application/json; charset=utf-8
host: localhost:55327
accept: */*

Response DefaultHttpResponse(decodeResult: success, version: HTTP/1.1)
HTTP/1.1 200 OK
Content-Type: application/json; charset=utf-8
cache-control: no-cache
content-length: 88

18:37:27.203 [AsyncHttpClient-1-7] DEBUG org.asynchttpclient.netty.channel.ChannelManager - Adding key: http://localhost:55327 for channel [id: 0x40f56009, L:/127.0.0.1:50180 - R:localhost/127.0.0.1:55327]
18:37:27.203 [Forwarding isElementEnabled on session 3249280389f4a503f23b2144482b58b6 to remote] DEBUG org.asynchttpclient.netty.request.NettyRequestSender - Using pooled Channel '[id: 0x40f56009, L:/127.0.0.1:50180 - R:localhost/127.0.0.1:55327]' for 'GET' to 'http://localhost:55327/session/3249280389f4a503f23b2144482b58b6/element/0b2f7a1f-882f-47f7-8d36-203521f19291/enabled'
18:37:27.203 [Forwarding isElementEnabled on session 3249280389f4a503f23b2144482b58b6 to remote] DEBUG org.asynchttpclient.netty.request.NettyRequestSender - Using open Channel [id: 0x40f56009, L:/127.0.0.1:50180 - R:localhost/127.0.0.1:55327] for GET '/session/3249280389f4a503f23b2144482b58b6/element/0b2f7a1f-882f-47f7-8d36-203521f19291/enabled'
18:37:27.217 [AsyncHttpClient-1-7] DEBUG org.asynchttpclient.netty.handler.HttpHandler - 

Request DefaultFullHttpRequest(decodeResult: success, version: HTTP/1.1, content: EmptyByteBufBE)
GET /session/3249280389f4a503f23b2144482b58b6/element/0b2f7a1f-882f-47f7-8d36-203521f19291/enabled HTTP/1.1
User-Agent: selenium/4.1.4 (java windows)
Cache-Control: no-cache
Content-Type: application/json; charset=utf-8
host: localhost:55327
accept: */*

Response DefaultHttpResponse(decodeResult: success, version: HTTP/1.1)
HTTP/1.1 200 OK
Content-Type: application/json; charset=utf-8
cache-control: no-cache
content-length: 14

18:37:27.217 [AsyncHttpClient-1-7] DEBUG org.asynchttpclient.netty.channel.ChannelManager - Adding key: http://localhost:55327 for channel [id: 0x40f56009, L:/127.0.0.1:50180 - R:localhost/127.0.0.1:55327]
18:37:27.725 [Forwarding screenshot on session 3249280389f4a503f23b2144482b58b6 to remote] DEBUG org.asynchttpclient.netty.request.NettyRequestSender - Using pooled Channel '[id: 0x40f56009, L:/127.0.0.1:50180 - R:localhost/127.0.0.1:55327]' for 'GET' to 'http://localhost:55327/session/3249280389f4a503f23b2144482b58b6/screenshot'
18:37:27.725 [Forwarding screenshot on session 3249280389f4a503f23b2144482b58b6 to remote] DEBUG org.asynchttpclient.netty.request.NettyRequestSender - Using open Channel [id: 0x40f56009, L:/127.0.0.1:50180 - R:localhost/127.0.0.1:55327] for GET '/session/3249280389f4a503f23b2144482b58b6/screenshot'
18:37:28.066 [AsyncHttpClient-1-7] DEBUG org.asynchttpclient.netty.handler.HttpHandler - 

Request DefaultFullHttpRequest(decodeResult: success, version: HTTP/1.1, content: EmptyByteBufBE)
GET /session/3249280389f4a503f23b2144482b58b6/screenshot HTTP/1.1
User-Agent: selenium/4.1.4 (java windows)
Cache-Control: no-cache
Content-Type: application/json; charset=utf-8
host: localhost:55327
accept: */*

Response DefaultHttpResponse(decodeResult: success, version: HTTP/1.1)
HTTP/1.1 200 OK
Content-Type: application/json; charset=utf-8
cache-control: no-cache
content-length: 301044

18:37:28.068 [AsyncHttpClient-1-7] DEBUG org.asynchttpclient.netty.channel.ChannelManager - Adding key: http://localhost:55327 for channel [id: 0x40f56009, L:/127.0.0.1:50180 - R:localhost/127.0.0.1:55327]
18:37:28.073 [main] DEBUG net.serenitybdd.core.photography.Darkroom - Send negative for processing for target\site\serenity\163e386af0b12517552a74a3d5043b94e8c0f9215c0f21d464e3b04d27a0859d.png
18:37:28.073 [main] DEBUG net.thucydides.core.steps.StepInterceptor - STARTING STEP: LoginSteps.loginValidationInvalid - clickButtonErrorOK
18:37:28.075 [Forwarding findElement on session 3249280389f4a503f23b2144482b58b6 to remote] DEBUG org.asynchttpclient.netty.request.NettyRequestSender - Using pooled Channel '[id: 0x40f56009, L:/127.0.0.1:50180 - R:localhost/127.0.0.1:55327]' for 'POST' to 'http://localhost:55327/session/3249280389f4a503f23b2144482b58b6/element'
18:37:28.075 [Forwarding findElement on session 3249280389f4a503f23b2144482b58b6 to remote] DEBUG org.asynchttpclient.netty.request.NettyRequestSender - Using open Channel [id: 0x40f56009, L:/127.0.0.1:50180 - R:localhost/127.0.0.1:55327] for POST '/session/3249280389f4a503f23b2144482b58b6/element'
18:37:28.085 [AsyncHttpClient-1-7] DEBUG org.asynchttpclient.netty.handler.HttpHandler - 

Request DefaultHttpRequest(decodeResult: success, version: HTTP/1.1)
POST /session/3249280389f4a503f23b2144482b58b6/element HTTP/1.1
User-Agent: selenium/4.1.4 (java windows)
Content-Length: 88
Content-Type: application/json; charset=utf-8
host: localhost:55327
accept: */*

Response DefaultHttpResponse(decodeResult: success, version: HTTP/1.1)
HTTP/1.1 200 OK
Content-Type: application/json; charset=utf-8
cache-control: no-cache
content-length: 88

18:37:28.085 [AsyncHttpClient-1-7] DEBUG org.asynchttpclient.netty.channel.ChannelManager - Adding key: http://localhost:55327 for channel [id: 0x40f56009, L:/127.0.0.1:50180 - R:localhost/127.0.0.1:55327]
18:37:28.086 [Forwarding getElementTagName on session 3249280389f4a503f23b2144482b58b6 to remote] DEBUG org.asynchttpclient.netty.request.NettyRequestSender - Using pooled Channel '[id: 0x40f56009, L:/127.0.0.1:50180 - R:localhost/127.0.0.1:55327]' for 'GET' to 'http://localhost:55327/session/3249280389f4a503f23b2144482b58b6/element/7e0e58dd-5e55-4ac6-8ca3-64e8e49da5e6/name'
18:37:28.086 [Forwarding getElementTagName on session 3249280389f4a503f23b2144482b58b6 to remote] DEBUG org.asynchttpclient.netty.request.NettyRequestSender - Using open Channel [id: 0x40f56009, L:/127.0.0.1:50180 - R:localhost/127.0.0.1:55327] for GET '/session/3249280389f4a503f23b2144482b58b6/element/7e0e58dd-5e55-4ac6-8ca3-64e8e49da5e6/name'
18:37:28.090 [AsyncHttpClient-1-7] DEBUG org.asynchttpclient.netty.handler.HttpHandler - 

Request DefaultFullHttpRequest(decodeResult: success, version: HTTP/1.1, content: EmptyByteBufBE)
GET /session/3249280389f4a503f23b2144482b58b6/element/7e0e58dd-5e55-4ac6-8ca3-64e8e49da5e6/name HTTP/1.1
User-Agent: selenium/4.1.4 (java windows)
Cache-Control: no-cache
Content-Type: application/json; charset=utf-8
host: localhost:55327
accept: */*

Response DefaultHttpResponse(decodeResult: success, version: HTTP/1.1)
HTTP/1.1 200 OK
Content-Type: application/json; charset=utf-8
cache-control: no-cache
content-length: 18

18:37:28.090 [AsyncHttpClient-1-7] DEBUG org.asynchttpclient.netty.channel.ChannelManager - Adding key: http://localhost:55327 for channel [id: 0x40f56009, L:/127.0.0.1:50180 - R:localhost/127.0.0.1:55327]
18:37:28.091 [Forwarding getElementTagName on session 3249280389f4a503f23b2144482b58b6 to remote] DEBUG org.asynchttpclient.netty.request.NettyRequestSender - Using pooled Channel '[id: 0x40f56009, L:/127.0.0.1:50180 - R:localhost/127.0.0.1:55327]' for 'GET' to 'http://localhost:55327/session/3249280389f4a503f23b2144482b58b6/element/7e0e58dd-5e55-4ac6-8ca3-64e8e49da5e6/name'
18:37:28.091 [Forwarding getElementTagName on session 3249280389f4a503f23b2144482b58b6 to remote] DEBUG org.asynchttpclient.netty.request.NettyRequestSender - Using open Channel [id: 0x40f56009, L:/127.0.0.1:50180 - R:localhost/127.0.0.1:55327] for GET '/session/3249280389f4a503f23b2144482b58b6/element/7e0e58dd-5e55-4ac6-8ca3-64e8e49da5e6/name'
18:37:28.094 [AsyncHttpClient-1-7] DEBUG org.asynchttpclient.netty.handler.HttpHandler - 

Request DefaultFullHttpRequest(decodeResult: success, version: HTTP/1.1, content: EmptyByteBufBE)
GET /session/3249280389f4a503f23b2144482b58b6/element/7e0e58dd-5e55-4ac6-8ca3-64e8e49da5e6/name HTTP/1.1
User-Agent: selenium/4.1.4 (java windows)
Cache-Control: no-cache
Content-Type: application/json; charset=utf-8
host: localhost:55327
accept: */*

Response DefaultHttpResponse(decodeResult: success, version: HTTP/1.1)
HTTP/1.1 200 OK
Content-Type: application/json; charset=utf-8
cache-control: no-cache
content-length: 18

18:37:28.094 [AsyncHttpClient-1-7] DEBUG org.asynchttpclient.netty.channel.ChannelManager - Adding key: http://localhost:55327 for channel [id: 0x40f56009, L:/127.0.0.1:50180 - R:localhost/127.0.0.1:55327]
18:37:28.096 [Forwarding isElementEnabled on session 3249280389f4a503f23b2144482b58b6 to remote] DEBUG org.asynchttpclient.netty.request.NettyRequestSender - Using pooled Channel '[id: 0x40f56009, L:/127.0.0.1:50180 - R:localhost/127.0.0.1:55327]' for 'GET' to 'http://localhost:55327/session/3249280389f4a503f23b2144482b58b6/element/7e0e58dd-5e55-4ac6-8ca3-64e8e49da5e6/enabled'
18:37:28.096 [Forwarding isElementEnabled on session 3249280389f4a503f23b2144482b58b6 to remote] DEBUG org.asynchttpclient.netty.request.NettyRequestSender - Using open Channel [id: 0x40f56009, L:/127.0.0.1:50180 - R:localhost/127.0.0.1:55327] for GET '/session/3249280389f4a503f23b2144482b58b6/element/7e0e58dd-5e55-4ac6-8ca3-64e8e49da5e6/enabled'
18:37:28.101 [AsyncHttpClient-1-7] DEBUG org.asynchttpclient.netty.handler.HttpHandler - 

Request DefaultFullHttpRequest(decodeResult: success, version: HTTP/1.1, content: EmptyByteBufBE)
GET /session/3249280389f4a503f23b2144482b58b6/element/7e0e58dd-5e55-4ac6-8ca3-64e8e49da5e6/enabled HTTP/1.1
User-Agent: selenium/4.1.4 (java windows)
Cache-Control: no-cache
Content-Type: application/json; charset=utf-8
host: localhost:55327
accept: */*

Response DefaultHttpResponse(decodeResult: success, version: HTTP/1.1)
HTTP/1.1 200 OK
Content-Type: application/json; charset=utf-8
cache-control: no-cache
content-length: 14

18:37:28.101 [AsyncHttpClient-1-7] DEBUG org.asynchttpclient.netty.channel.ChannelManager - Adding key: http://localhost:55327 for channel [id: 0x40f56009, L:/127.0.0.1:50180 - R:localhost/127.0.0.1:55327]
18:37:28.102 [Forwarding isElementEnabled on session 3249280389f4a503f23b2144482b58b6 to remote] DEBUG org.asynchttpclient.netty.request.NettyRequestSender - Using pooled Channel '[id: 0x40f56009, L:/127.0.0.1:50180 - R:localhost/127.0.0.1:55327]' for 'GET' to 'http://localhost:55327/session/3249280389f4a503f23b2144482b58b6/element/7e0e58dd-5e55-4ac6-8ca3-64e8e49da5e6/enabled'
18:37:28.102 [Forwarding isElementEnabled on session 3249280389f4a503f23b2144482b58b6 to remote] DEBUG org.asynchttpclient.netty.request.NettyRequestSender - Using open Channel [id: 0x40f56009, L:/127.0.0.1:50180 - R:localhost/127.0.0.1:55327] for GET '/session/3249280389f4a503f23b2144482b58b6/element/7e0e58dd-5e55-4ac6-8ca3-64e8e49da5e6/enabled'
18:37:28.106 [AsyncHttpClient-1-7] DEBUG org.asynchttpclient.netty.handler.HttpHandler - 

Request DefaultFullHttpRequest(decodeResult: success, version: HTTP/1.1, content: EmptyByteBufBE)
GET /session/3249280389f4a503f23b2144482b58b6/element/7e0e58dd-5e55-4ac6-8ca3-64e8e49da5e6/enabled HTTP/1.1
User-Agent: selenium/4.1.4 (java windows)
Cache-Control: no-cache
Content-Type: application/json; charset=utf-8
host: localhost:55327
accept: */*

Response DefaultHttpResponse(decodeResult: success, version: HTTP/1.1)
HTTP/1.1 200 OK
Content-Type: application/json; charset=utf-8
cache-control: no-cache
content-length: 14

18:37:28.106 [AsyncHttpClient-1-7] DEBUG org.asynchttpclient.netty.channel.ChannelManager - Adding key: http://localhost:55327 for channel [id: 0x40f56009, L:/127.0.0.1:50180 - R:localhost/127.0.0.1:55327]
18:37:28.109 [Forwarding findElement on session 3249280389f4a503f23b2144482b58b6 to remote] DEBUG org.asynchttpclient.netty.request.NettyRequestSender - Using pooled Channel '[id: 0x40f56009, L:/127.0.0.1:50180 - R:localhost/127.0.0.1:55327]' for 'POST' to 'http://localhost:55327/session/3249280389f4a503f23b2144482b58b6/element'
18:37:28.109 [Forwarding findElement on session 3249280389f4a503f23b2144482b58b6 to remote] DEBUG org.asynchttpclient.netty.request.NettyRequestSender - Using open Channel [id: 0x40f56009, L:/127.0.0.1:50180 - R:localhost/127.0.0.1:55327] for POST '/session/3249280389f4a503f23b2144482b58b6/element'
18:37:28.114 [AsyncHttpClient-1-7] DEBUG org.asynchttpclient.netty.handler.HttpHandler - 

Request DefaultHttpRequest(decodeResult: success, version: HTTP/1.1)
POST /session/3249280389f4a503f23b2144482b58b6/element HTTP/1.1
User-Agent: selenium/4.1.4 (java windows)
Content-Length: 88
Content-Type: application/json; charset=utf-8
host: localhost:55327
accept: */*

Response DefaultHttpResponse(decodeResult: success, version: HTTP/1.1)
HTTP/1.1 200 OK
Content-Type: application/json; charset=utf-8
cache-control: no-cache
content-length: 88

18:37:28.114 [AsyncHttpClient-1-7] DEBUG org.asynchttpclient.netty.channel.ChannelManager - Adding key: http://localhost:55327 for channel [id: 0x40f56009, L:/127.0.0.1:50180 - R:localhost/127.0.0.1:55327]
18:37:28.114 [Forwarding clickElement on session 3249280389f4a503f23b2144482b58b6 to remote] DEBUG org.asynchttpclient.netty.request.NettyRequestSender - Using pooled Channel '[id: 0x40f56009, L:/127.0.0.1:50180 - R:localhost/127.0.0.1:55327]' for 'POST' to 'http://localhost:55327/session/3249280389f4a503f23b2144482b58b6/element/7e0e58dd-5e55-4ac6-8ca3-64e8e49da5e6/click'
18:37:28.114 [Forwarding clickElement on session 3249280389f4a503f23b2144482b58b6 to remote] DEBUG org.asynchttpclient.netty.request.NettyRequestSender - Using open Channel [id: 0x40f56009, L:/127.0.0.1:50180 - R:localhost/127.0.0.1:55327] for POST '/session/3249280389f4a503f23b2144482b58b6/element/7e0e58dd-5e55-4ac6-8ca3-64e8e49da5e6/click'
18:37:28.189 [AsyncHttpClient-1-7] DEBUG org.asynchttpclient.netty.handler.HttpHandler - 

Request DefaultHttpRequest(decodeResult: success, version: HTTP/1.1)
POST /session/3249280389f4a503f23b2144482b58b6/element/7e0e58dd-5e55-4ac6-8ca3-64e8e49da5e6/click HTTP/1.1
User-Agent: selenium/4.1.4 (java windows)
Content-Length: 50
Content-Type: application/json; charset=utf-8
host: localhost:55327
accept: */*

Response DefaultHttpResponse(decodeResult: success, version: HTTP/1.1)
HTTP/1.1 200 OK
Content-Type: application/json; charset=utf-8
cache-control: no-cache
content-length: 14

18:37:28.189 [AsyncHttpClient-1-7] DEBUG org.asynchttpclient.netty.channel.ChannelManager - Adding key: http://localhost:55327 for channel [id: 0x40f56009, L:/127.0.0.1:50180 - R:localhost/127.0.0.1:55327]
18:37:28.198 [Forwarding screenshot on session 3249280389f4a503f23b2144482b58b6 to remote] DEBUG org.asynchttpclient.netty.request.NettyRequestSender - Using pooled Channel '[id: 0x40f56009, L:/127.0.0.1:50180 - R:localhost/127.0.0.1:55327]' for 'GET' to 'http://localhost:55327/session/3249280389f4a503f23b2144482b58b6/screenshot'
18:37:28.198 [Forwarding screenshot on session 3249280389f4a503f23b2144482b58b6 to remote] DEBUG org.asynchttpclient.netty.request.NettyRequestSender - Using open Channel [id: 0x40f56009, L:/127.0.0.1:50180 - R:localhost/127.0.0.1:55327] for GET '/session/3249280389f4a503f23b2144482b58b6/screenshot'
18:37:28.250 [AsyncHttpClient-1-1] DEBUG org.asynchttpclient.netty.channel.DefaultChannelPool - Entry count for : http://localhost:50181 : 1
18:37:28.528 [AsyncHttpClient-1-7] DEBUG org.asynchttpclient.netty.handler.HttpHandler - 

Request DefaultFullHttpRequest(decodeResult: success, version: HTTP/1.1, content: EmptyByteBufBE)
GET /session/3249280389f4a503f23b2144482b58b6/screenshot HTTP/1.1
User-Agent: selenium/4.1.4 (java windows)
Cache-Control: no-cache
Content-Type: application/json; charset=utf-8
host: localhost:55327
accept: */*

Response DefaultHttpResponse(decodeResult: success, version: HTTP/1.1)
HTTP/1.1 200 OK
Content-Type: application/json; charset=utf-8
cache-control: no-cache
content-length: 73344

18:37:28.528 [AsyncHttpClient-1-7] DEBUG org.asynchttpclient.netty.channel.ChannelManager - Adding key: http://localhost:55327 for channel [id: 0x40f56009, L:/127.0.0.1:50180 - R:localhost/127.0.0.1:55327]
18:37:28.531 [main] DEBUG net.serenitybdd.core.photography.Darkroom - Send negative for processing for target\site\serenity\e4ccf0ae43874b1c22174cbde2c83544c7a1a4b668bc7020196c7bd1e4cafe81.png
18:37:28.531 [main] DEBUG net.thucydides.core.steps.StepInterceptor - STEP DONE: clickButtonErrorOK
  &amp#27;[32mAnd &amp#27;[0m&amp#27;[32mLogin validation invalid&amp#27;[0m                            &amp#27;[90m# starter.stepdefinitios.LoginSteps.loginValidationInvalid()&amp#27;[0m
18:37:28.531 [Darkroom Processing Line] DEBUG net.serenitybdd.core.photography.DarkroomProcessingLine - Processing screenshot image in /var/screenshots/screenshot-11818157718736646816
18:37:28.531 [Darkroom Processing Line] DEBUG net.serenitybdd.core.photography.DarkroomProcessingLine - Saving screenshot to target\site\serenity\e4ccf0ae43874b1c22174cbde2c83544c7a1a4b668bc7020196c7bd1e4cafe81.png
18:37:29.341 [AsyncHttpClient-1-1] DEBUG org.asynchttpclient.netty.channel.DefaultChannelPool - Entry count for : http://localhost:55327 : 1
18:37:29.341 [AsyncHttpClient-1-1] DEBUG org.asynchttpclient.netty.channel.DefaultChannelPool - Entry count for : http://localhost:50181 : 1
18:37:30.436 [AsyncHttpClient-1-1] DEBUG org.asynchttpclient.netty.channel.DefaultChannelPool - Entry count for : http://localhost:55327 : 1
18:37:30.436 [AsyncHttpClient-1-1] DEBUG org.asynchttpclient.netty.channel.DefaultChannelPool - Entry count for : http://localhost:50181 : 1
18:37:31.538 [AsyncHttpClient-1-1] DEBUG org.asynchttpclient.netty.channel.DefaultChannelPool - Entry count for : http://localhost:55327 : 1
18:37:31.538 [AsyncHttpClient-1-1] DEBUG org.asynchttpclient.netty.channel.DefaultChannelPool - Entry count for : http://localhost:50181 : 1
18:37:32.638 [AsyncHttpClient-1-1] DEBUG org.asynchttpclient.netty.channel.DefaultChannelPool - Entry count for : http://localhost:55327 : 1
18:37:32.638 [AsyncHttpClient-1-1] DEBUG org.asynchttpclient.netty.channel.DefaultChannelPool - Entry count for : http://localhost:50181 : 1
18:37:33.593 [Forwarding screenshot on session 3249280389f4a503f23b2144482b58b6 to remote] DEBUG org.asynchttpclient.netty.request.NettyRequestSender - Using pooled Channel '[id: 0x40f56009, L:/127.0.0.1:50180 - R:localhost/127.0.0.1:55327]' for 'GET' to 'http://localhost:55327/session/3249280389f4a503f23b2144482b58b6/screenshot'
18:37:33.594 [Forwarding screenshot on session 3249280389f4a503f23b2144482b58b6 to remote] DEBUG org.asynchttpclient.netty.request.NettyRequestSender - Using open Channel [id: 0x40f56009, L:/127.0.0.1:50180 - R:localhost/127.0.0.1:55327] for GET '/session/3249280389f4a503f23b2144482b58b6/screenshot'
18:37:33.738 [AsyncHttpClient-1-1] DEBUG org.asynchttpclient.netty.channel.DefaultChannelPool - Entry count for : http://localhost:50181 : 1
18:37:33.787 [AsyncHttpClient-1-7] DEBUG org.asynchttpclient.netty.handler.HttpHandler - 

Request DefaultFullHttpRequest(decodeResult: success, version: HTTP/1.1, content: EmptyByteBufBE)
GET /session/3249280389f4a503f23b2144482b58b6/screenshot HTTP/1.1
User-Agent: selenium/4.1.4 (java windows)
Cache-Control: no-cache
Content-Type: application/json; charset=utf-8
host: localhost:55327
accept: */*

Response DefaultHttpResponse(decodeResult: success, version: HTTP/1.1)
HTTP/1.1 200 OK
Content-Type: application/json; charset=utf-8
cache-control: no-cache
content-length: 78860

18:37:33.787 [AsyncHttpClient-1-7] DEBUG org.asynchttpclient.netty.channel.ChannelManager - Adding key: http://localhost:55327 for channel [id: 0x40f56009, L:/127.0.0.1:50180 - R:localhost/127.0.0.1:55327]
18:37:33.792 [main] DEBUG net.serenitybdd.core.photography.Darkroom - Send negative for processing for target\site\serenity\e3902e4e6d497170d59aa0c0c2930d955492166dca27ad580f2b08c08bf103aa.png
18:37:33.793 [main] DEBUG net.thucydides.core.steps.StepInterceptor - STARTING STEP: PatientDataSteps.clickButtonDataPasien - clickButtonDataPasien
18:37:33.803 [Forwarding findElement on session 3249280389f4a503f23b2144482b58b6 to remote] DEBUG org.asynchttpclient.netty.request.NettyRequestSender - Using pooled Channel '[id: 0x40f56009, L:/127.0.0.1:50180 - R:localhost/127.0.0.1:55327]' for 'POST' to 'http://localhost:55327/session/3249280389f4a503f23b2144482b58b6/element'
18:37:33.803 [Forwarding findElement on session 3249280389f4a503f23b2144482b58b6 to remote] DEBUG org.asynchttpclient.netty.request.NettyRequestSender - Using open Channel [id: 0x40f56009, L:/127.0.0.1:50180 - R:localhost/127.0.0.1:55327] for POST '/session/3249280389f4a503f23b2144482b58b6/element'
18:37:33.838 [AsyncHttpClient-1-7] DEBUG org.asynchttpclient.netty.handler.HttpHandler - 

Request DefaultHttpRequest(decodeResult: success, version: HTTP/1.1)
POST /session/3249280389f4a503f23b2144482b58b6/element HTTP/1.1
User-Agent: selenium/4.1.4 (java windows)
Content-Length: 114
Content-Type: application/json; charset=utf-8
host: localhost:55327
accept: */*

Response DefaultHttpResponse(decodeResult: success, version: HTTP/1.1)
HTTP/1.1 200 OK
Content-Type: application/json; charset=utf-8
cache-control: no-cache
content-length: 88

18:37:33.839 [AsyncHttpClient-1-7] DEBUG org.asynchttpclient.netty.channel.ChannelManager - Adding key: http://localhost:55327 for channel [id: 0x40f56009, L:/127.0.0.1:50180 - R:localhost/127.0.0.1:55327]
18:37:33.840 [Forwarding getElementTagName on session 3249280389f4a503f23b2144482b58b6 to remote] DEBUG org.asynchttpclient.netty.request.NettyRequestSender - Using pooled Channel '[id: 0x40f56009, L:/127.0.0.1:50180 - R:localhost/127.0.0.1:55327]' for 'GET' to 'http://localhost:55327/session/3249280389f4a503f23b2144482b58b6/element/bf8c1e91-e56a-4ec4-a4eb-644a6ed3412a/name'
18:37:33.840 [Forwarding getElementTagName on session 3249280389f4a503f23b2144482b58b6 to remote] DEBUG org.asynchttpclient.netty.request.NettyRequestSender - Using open Channel [id: 0x40f56009, L:/127.0.0.1:50180 - R:localhost/127.0.0.1:55327] for GET '/session/3249280389f4a503f23b2144482b58b6/element/bf8c1e91-e56a-4ec4-a4eb-644a6ed3412a/name'
18:37:33.846 [AsyncHttpClient-1-7] DEBUG org.asynchttpclient.netty.handler.HttpHandler - 

Request DefaultFullHttpRequest(decodeResult: success, version: HTTP/1.1, content: EmptyByteBufBE)
GET /session/3249280389f4a503f23b2144482b58b6/element/bf8c1e91-e56a-4ec4-a4eb-644a6ed3412a/name HTTP/1.1
User-Agent: selenium/4.1.4 (java windows)
Cache-Control: no-cache
Content-Type: application/json; charset=utf-8
host: localhost:55327
accept: */*

Response DefaultHttpResponse(decodeResult: success, version: HTTP/1.1)
HTTP/1.1 200 OK
Content-Type: application/json; charset=utf-8
cache-control: no-cache
content-length: 13

18:37:33.846 [AsyncHttpClient-1-7] DEBUG org.asynchttpclient.netty.channel.ChannelManager - Adding key: http://localhost:55327 for channel [id: 0x40f56009, L:/127.0.0.1:50180 - R:localhost/127.0.0.1:55327]
18:37:33.849 [Forwarding getElementTagName on session 3249280389f4a503f23b2144482b58b6 to remote] DEBUG org.asynchttpclient.netty.request.NettyRequestSender - Using pooled Channel '[id: 0x40f56009, L:/127.0.0.1:50180 - R:localhost/127.0.0.1:55327]' for 'GET' to 'http://localhost:55327/session/3249280389f4a503f23b2144482b58b6/element/bf8c1e91-e56a-4ec4-a4eb-644a6ed3412a/name'
18:37:33.849 [Forwarding getElementTagName on session 3249280389f4a503f23b2144482b58b6 to remote] DEBUG org.asynchttpclient.netty.request.NettyRequestSender - Using open Channel [id: 0x40f56009, L:/127.0.0.1:50180 - R:localhost/127.0.0.1:55327] for GET '/session/3249280389f4a503f23b2144482b58b6/element/bf8c1e91-e56a-4ec4-a4eb-644a6ed3412a/name'
18:37:33.852 [AsyncHttpClient-1-7] DEBUG org.asynchttpclient.netty.handler.HttpHandler - 

Request DefaultFullHttpRequest(decodeResult: success, version: HTTP/1.1, content: EmptyByteBufBE)
GET /session/3249280389f4a503f23b2144482b58b6/element/bf8c1e91-e56a-4ec4-a4eb-644a6ed3412a/name HTTP/1.1
User-Agent: selenium/4.1.4 (java windows)
Cache-Control: no-cache
Content-Type: application/json; charset=utf-8
host: localhost:55327
accept: */*

Response DefaultHttpResponse(decodeResult: success, version: HTTP/1.1)
HTTP/1.1 200 OK
Content-Type: application/json; charset=utf-8
cache-control: no-cache
content-length: 13

18:37:33.852 [AsyncHttpClient-1-7] DEBUG org.asynchttpclient.netty.channel.ChannelManager - Adding key: http://localhost:55327 for channel [id: 0x40f56009, L:/127.0.0.1:50180 - R:localhost/127.0.0.1:55327]
18:37:33.855 [Forwarding findElement on session 3249280389f4a503f23b2144482b58b6 to remote] DEBUG org.asynchttpclient.netty.request.NettyRequestSender - Using pooled Channel '[id: 0x40f56009, L:/127.0.0.1:50180 - R:localhost/127.0.0.1:55327]' for 'POST' to 'http://localhost:55327/session/3249280389f4a503f23b2144482b58b6/element'
18:37:33.855 [Forwarding findElement on session 3249280389f4a503f23b2144482b58b6 to remote] DEBUG org.asynchttpclient.netty.request.NettyRequestSender - Using open Channel [id: 0x40f56009, L:/127.0.0.1:50180 - R:localhost/127.0.0.1:55327] for POST '/session/3249280389f4a503f23b2144482b58b6/element'
18:37:33.865 [AsyncHttpClient-1-7] DEBUG org.asynchttpclient.netty.handler.HttpHandler - 

Request DefaultHttpRequest(decodeResult: success, version: HTTP/1.1)
POST /session/3249280389f4a503f23b2144482b58b6/element HTTP/1.1
User-Agent: selenium/4.1.4 (java windows)
Content-Length: 114
Content-Type: application/json; charset=utf-8
host: localhost:55327
accept: */*

Response DefaultHttpResponse(decodeResult: success, version: HTTP/1.1)
HTTP/1.1 200 OK
Content-Type: application/json; charset=utf-8
cache-control: no-cache
content-length: 88

18:37:33.866 [AsyncHttpClient-1-7] DEBUG org.asynchttpclient.netty.channel.ChannelManager - Adding key: http://localhost:55327 for channel [id: 0x40f56009, L:/127.0.0.1:50180 - R:localhost/127.0.0.1:55327]
18:37:33.866 [Forwarding clickElement on session 3249280389f4a503f23b2144482b58b6 to remote] DEBUG org.asynchttpclient.netty.request.NettyRequestSender - Using pooled Channel '[id: 0x40f56009, L:/127.0.0.1:50180 - R:localhost/127.0.0.1:55327]' for 'POST' to 'http://localhost:55327/session/3249280389f4a503f23b2144482b58b6/element/bf8c1e91-e56a-4ec4-a4eb-644a6ed3412a/click'
18:37:33.866 [Forwarding clickElement on session 3249280389f4a503f23b2144482b58b6 to remote] DEBUG org.asynchttpclient.netty.request.NettyRequestSender - Using open Channel [id: 0x40f56009, L:/127.0.0.1:50180 - R:localhost/127.0.0.1:55327] for POST '/session/3249280389f4a503f23b2144482b58b6/element/bf8c1e91-e56a-4ec4-a4eb-644a6ed3412a/click'
18:37:33.963 [AsyncHttpClient-1-7] DEBUG org.asynchttpclient.netty.handler.HttpHandler - 

Request DefaultHttpRequest(decodeResult: success, version: HTTP/1.1)
POST /session/3249280389f4a503f23b2144482b58b6/element/bf8c1e91-e56a-4ec4-a4eb-644a6ed3412a/click HTTP/1.1
User-Agent: selenium/4.1.4 (java windows)
Content-Length: 50
Content-Type: application/json; charset=utf-8
host: localhost:55327
accept: */*

Response DefaultHttpResponse(decodeResult: success, version: HTTP/1.1)
HTTP/1.1 200 OK
Content-Type: application/json; charset=utf-8
cache-control: no-cache
content-length: 14

18:37:33.965 [AsyncHttpClient-1-7] DEBUG org.asynchttpclient.netty.channel.ChannelManager - Adding key: http://localhost:55327 for channel [id: 0x40f56009, L:/127.0.0.1:50180 - R:localhost/127.0.0.1:55327]
18:37:33.973 [Forwarding screenshot on session 3249280389f4a503f23b2144482b58b6 to remote] DEBUG org.asynchttpclient.netty.request.NettyRequestSender - Using pooled Channel '[id: 0x40f56009, L:/127.0.0.1:50180 - R:localhost/127.0.0.1:55327]' for 'GET' to 'http://localhost:55327/session/3249280389f4a503f23b2144482b58b6/screenshot'
18:37:33.973 [Forwarding screenshot on session 3249280389f4a503f23b2144482b58b6 to remote] DEBUG org.asynchttpclient.netty.request.NettyRequestSender - Using open Channel [id: 0x40f56009, L:/127.0.0.1:50180 - R:localhost/127.0.0.1:55327] for GET '/session/3249280389f4a503f23b2144482b58b6/screenshot'
18:37:34.224 [AsyncHttpClient-1-7] DEBUG org.asynchttpclient.netty.handler.HttpHandler - 

Request DefaultFullHttpRequest(decodeResult: success, version: HTTP/1.1, content: EmptyByteBufBE)
GET /session/3249280389f4a503f23b2144482b58b6/screenshot HTTP/1.1
User-Agent: selenium/4.1.4 (java windows)
Cache-Control: no-cache
Content-Type: application/json; charset=utf-8
host: localhost:55327
accept: */*

Response DefaultHttpResponse(decodeResult: success, version: HTTP/1.1)
HTTP/1.1 200 OK
Content-Type: application/json; charset=utf-8
cache-control: no-cache
content-length: 114480

18:37:34.224 [AsyncHttpClient-1-7] DEBUG org.asynchttpclient.netty.channel.ChannelManager - Adding key: http://localhost:55327 for channel [id: 0x40f56009, L:/127.0.0.1:50180 - R:localhost/127.0.0.1:55327]
18:37:34.234 [main] DEBUG net.serenitybdd.core.photography.Darkroom - Send negative for processing for target\site\serenity\1ac8287b56ab8dcd88dcc54c5b68973e39ece07c05b959dfabb6c51f45b55924.png
18:37:34.234 [main] DEBUG net.thucydides.core.steps.StepInterceptor - STEP DONE: clickButtonDataPasien
  &amp#27;[32mAnd &amp#27;[0m&amp#27;[32mClick button data pasien&amp#27;[0m                            &amp#27;[90m# starter.stepdefinitios.PatientDataSteps.clickButtonDataPasien()&amp#27;[0m
18:37:34.235 [Darkroom Processing Line] DEBUG net.serenitybdd.core.photography.DarkroomProcessingLine - Processing screenshot image in /var/screenshots/screenshot-16004708458772919956
18:37:34.235 [Darkroom Processing Line] DEBUG net.serenitybdd.core.photography.DarkroomProcessingLine - Saving screenshot to target\site\serenity\1ac8287b56ab8dcd88dcc54c5b68973e39ece07c05b959dfabb6c51f45b55924.png
18:37:34.915 [AsyncHttpClient-1-1] DEBUG org.asynchttpclient.netty.channel.DefaultChannelPool - Entry count for : http://localhost:55327 : 1
18:37:34.915 [AsyncHttpClient-1-1] DEBUG org.asynchttpclient.netty.channel.DefaultChannelPool - Entry count for : http://localhost:50181 : 1
18:37:35.947 [AsyncHttpClient-1-1] DEBUG org.asynchttpclient.netty.channel.DefaultChannelPool - Entry count for : http://localhost:55327 : 1
18:37:35.947 [AsyncHttpClient-1-1] DEBUG org.asynchttpclient.netty.channel.DefaultChannelPool - Entry count for : http://localhost:50181 : 1
18:37:37.036 [AsyncHttpClient-1-1] DEBUG org.asynchttpclient.netty.channel.DefaultChannelPool - Entry count for : http://localhost:55327 : 1
18:37:37.036 [AsyncHttpClient-1-1] DEBUG org.asynchttpclient.netty.channel.DefaultChannelPool - Entry count for : http://localhost:50181 : 1
18:37:38.143 [AsyncHttpClient-1-1] DEBUG org.asynchttpclient.netty.channel.DefaultChannelPool - Entry count for : http://localhost:55327 : 1
18:37:38.144 [AsyncHttpClient-1-1] DEBUG org.asynchttpclient.netty.channel.DefaultChannelPool - Entry count for : http://localhost:50181 : 1
18:37:39.245 [AsyncHttpClient-1-1] DEBUG org.asynchttpclient.netty.channel.DefaultChannelPool - Entry count for : http://localhost:55327 : 1
18:37:39.245 [AsyncHttpClient-1-1] DEBUG org.asynchttpclient.netty.channel.DefaultChannelPool - Entry count for : http://localhost:50181 : 1
18:37:39.278 [Forwarding screenshot on session 3249280389f4a503f23b2144482b58b6 to remote] DEBUG org.asynchttpclient.netty.request.NettyRequestSender - Using pooled Channel '[id: 0x40f56009, L:/127.0.0.1:50180 - R:localhost/127.0.0.1:55327]' for 'GET' to 'http://localhost:55327/session/3249280389f4a503f23b2144482b58b6/screenshot'
18:37:39.278 [Forwarding screenshot on session 3249280389f4a503f23b2144482b58b6 to remote] DEBUG org.asynchttpclient.netty.request.NettyRequestSender - Using open Channel [id: 0x40f56009, L:/127.0.0.1:50180 - R:localhost/127.0.0.1:55327] for GET '/session/3249280389f4a503f23b2144482b58b6/screenshot'
18:37:39.444 [AsyncHttpClient-1-7] DEBUG org.asynchttpclient.netty.handler.HttpHandler - 

Request DefaultFullHttpRequest(decodeResult: success, version: HTTP/1.1, content: EmptyByteBufBE)
GET /session/3249280389f4a503f23b2144482b58b6/screenshot HTTP/1.1
User-Agent: selenium/4.1.4 (java windows)
Cache-Control: no-cache
Content-Type: application/json; charset=utf-8
host: localhost:55327
accept: */*

Response DefaultHttpResponse(decodeResult: success, version: HTTP/1.1)
HTTP/1.1 200 OK
Content-Type: application/json; charset=utf-8
cache-control: no-cache
content-length: 99056

18:37:39.444 [AsyncHttpClient-1-7] DEBUG org.asynchttpclient.netty.channel.ChannelManager - Adding key: http://localhost:55327 for channel [id: 0x40f56009, L:/127.0.0.1:50180 - R:localhost/127.0.0.1:55327]
18:37:39.446 [main] DEBUG net.serenitybdd.core.photography.Darkroom - Send negative for processing for target\site\serenity\49d82df0ee32e1f02f2a1d99d29dccbc3ced327a6f37bdb317d01d4089a75b6d.png
18:37:39.446 [Darkroom Processing Line] DEBUG net.serenitybdd.core.photography.DarkroomProcessingLine - Processing screenshot image in /var/screenshots/screenshot-1073889417412569450
18:37:39.446 [Darkroom Processing Line] DEBUG net.serenitybdd.core.photography.DarkroomProcessingLine - Saving screenshot to target\site\serenity\49d82df0ee32e1f02f2a1d99d29dccbc3ced327a6f37bdb317d01d4089a75b6d.png
18:37:39.446 [main] DEBUG net.thucydides.core.steps.StepInterceptor - STARTING STEP: PatientDataSteps.clickSearchAllCategoryPatientData - clickButtonAllCategory
18:37:39.452 [Forwarding findElement on session 3249280389f4a503f23b2144482b58b6 to remote] DEBUG org.asynchttpclient.netty.request.NettyRequestSender - Using pooled Channel '[id: 0x40f56009, L:/127.0.0.1:50180 - R:localhost/127.0.0.1:55327]' for 'POST' to 'http://localhost:55327/session/3249280389f4a503f23b2144482b58b6/element'
18:37:39.452 [Forwarding findElement on session 3249280389f4a503f23b2144482b58b6 to remote] DEBUG org.asynchttpclient.netty.request.NettyRequestSender - Using open Channel [id: 0x40f56009, L:/127.0.0.1:50180 - R:localhost/127.0.0.1:55327] for POST '/session/3249280389f4a503f23b2144482b58b6/element'
18:37:39.464 [AsyncHttpClient-1-7] DEBUG org.asynchttpclient.netty.handler.HttpHandler - 

Request DefaultHttpRequest(decodeResult: success, version: HTTP/1.1)
POST /session/3249280389f4a503f23b2144482b58b6/element HTTP/1.1
User-Agent: selenium/4.1.4 (java windows)
Content-Length: 68
Content-Type: application/json; charset=utf-8
host: localhost:55327
accept: */*

Response DefaultHttpResponse(decodeResult: success, version: HTTP/1.1)
HTTP/1.1 200 OK
Content-Type: application/json; charset=utf-8
cache-control: no-cache
content-length: 88

18:37:39.464 [AsyncHttpClient-1-7] DEBUG org.asynchttpclient.netty.channel.ChannelManager - Adding key: http://localhost:55327 for channel [id: 0x40f56009, L:/127.0.0.1:50180 - R:localhost/127.0.0.1:55327]
18:37:39.465 [Forwarding getElementTagName on session 3249280389f4a503f23b2144482b58b6 to remote] DEBUG org.asynchttpclient.netty.request.NettyRequestSender - Using pooled Channel '[id: 0x40f56009, L:/127.0.0.1:50180 - R:localhost/127.0.0.1:55327]' for 'GET' to 'http://localhost:55327/session/3249280389f4a503f23b2144482b58b6/element/2f799f19-a992-47a9-9cda-d6fe333e3ef4/name'
18:37:39.465 [Forwarding getElementTagName on session 3249280389f4a503f23b2144482b58b6 to remote] DEBUG org.asynchttpclient.netty.request.NettyRequestSender - Using open Channel [id: 0x40f56009, L:/127.0.0.1:50180 - R:localhost/127.0.0.1:55327] for GET '/session/3249280389f4a503f23b2144482b58b6/element/2f799f19-a992-47a9-9cda-d6fe333e3ef4/name'
18:37:39.469 [AsyncHttpClient-1-7] DEBUG org.asynchttpclient.netty.handler.HttpHandler - 

Request DefaultFullHttpRequest(decodeResult: success, version: HTTP/1.1, content: EmptyByteBufBE)
GET /session/3249280389f4a503f23b2144482b58b6/element/2f799f19-a992-47a9-9cda-d6fe333e3ef4/name HTTP/1.1
User-Agent: selenium/4.1.4 (java windows)
Cache-Control: no-cache
Content-Type: application/json; charset=utf-8
host: localhost:55327
accept: */*

Response DefaultHttpResponse(decodeResult: success, version: HTTP/1.1)
HTTP/1.1 200 OK
Content-Type: application/json; charset=utf-8
cache-control: no-cache
content-length: 18

18:37:39.469 [AsyncHttpClient-1-7] DEBUG org.asynchttpclient.netty.channel.ChannelManager - Adding key: http://localhost:55327 for channel [id: 0x40f56009, L:/127.0.0.1:50180 - R:localhost/127.0.0.1:55327]
18:37:39.470 [Forwarding getElementTagName on session 3249280389f4a503f23b2144482b58b6 to remote] DEBUG org.asynchttpclient.netty.request.NettyRequestSender - Using pooled Channel '[id: 0x40f56009, L:/127.0.0.1:50180 - R:localhost/127.0.0.1:55327]' for 'GET' to 'http://localhost:55327/session/3249280389f4a503f23b2144482b58b6/element/2f799f19-a992-47a9-9cda-d6fe333e3ef4/name'
18:37:39.470 [Forwarding getElementTagName on session 3249280389f4a503f23b2144482b58b6 to remote] DEBUG org.asynchttpclient.netty.request.NettyRequestSender - Using open Channel [id: 0x40f56009, L:/127.0.0.1:50180 - R:localhost/127.0.0.1:55327] for GET '/session/3249280389f4a503f23b2144482b58b6/element/2f799f19-a992-47a9-9cda-d6fe333e3ef4/name'
18:37:39.472 [AsyncHttpClient-1-7] DEBUG org.asynchttpclient.netty.handler.HttpHandler - 

Request DefaultFullHttpRequest(decodeResult: success, version: HTTP/1.1, content: EmptyByteBufBE)
GET /session/3249280389f4a503f23b2144482b58b6/element/2f799f19-a992-47a9-9cda-d6fe333e3ef4/name HTTP/1.1
User-Agent: selenium/4.1.4 (java windows)
Cache-Control: no-cache
Content-Type: application/json; charset=utf-8
host: localhost:55327
accept: */*

Response DefaultHttpResponse(decodeResult: success, version: HTTP/1.1)
HTTP/1.1 200 OK
Content-Type: application/json; charset=utf-8
cache-control: no-cache
content-length: 18

18:37:39.472 [AsyncHttpClient-1-7] DEBUG org.asynchttpclient.netty.channel.ChannelManager - Adding key: http://localhost:55327 for channel [id: 0x40f56009, L:/127.0.0.1:50180 - R:localhost/127.0.0.1:55327]
18:37:39.473 [Forwarding isElementEnabled on session 3249280389f4a503f23b2144482b58b6 to remote] DEBUG org.asynchttpclient.netty.request.NettyRequestSender - Using pooled Channel '[id: 0x40f56009, L:/127.0.0.1:50180 - R:localhost/127.0.0.1:55327]' for 'GET' to 'http://localhost:55327/session/3249280389f4a503f23b2144482b58b6/element/2f799f19-a992-47a9-9cda-d6fe333e3ef4/enabled'
18:37:39.473 [Forwarding isElementEnabled on session 3249280389f4a503f23b2144482b58b6 to remote] DEBUG org.asynchttpclient.netty.request.NettyRequestSender - Using open Channel [id: 0x40f56009, L:/127.0.0.1:50180 - R:localhost/127.0.0.1:55327] for GET '/session/3249280389f4a503f23b2144482b58b6/element/2f799f19-a992-47a9-9cda-d6fe333e3ef4/enabled'
18:37:39.483 [AsyncHttpClient-1-7] DEBUG org.asynchttpclient.netty.handler.HttpHandler - 

Request DefaultFullHttpRequest(decodeResult: success, version: HTTP/1.1, content: EmptyByteBufBE)
GET /session/3249280389f4a503f23b2144482b58b6/element/2f799f19-a992-47a9-9cda-d6fe333e3ef4/enabled HTTP/1.1
User-Agent: selenium/4.1.4 (java windows)
Cache-Control: no-cache
Content-Type: application/json; charset=utf-8
host: localhost:55327
accept: */*

Response DefaultHttpResponse(decodeResult: success, version: HTTP/1.1)
HTTP/1.1 200 OK
Content-Type: application/json; charset=utf-8
cache-control: no-cache
content-length: 14

18:37:39.483 [AsyncHttpClient-1-7] DEBUG org.asynchttpclient.netty.channel.ChannelManager - Adding key: http://localhost:55327 for channel [id: 0x40f56009, L:/127.0.0.1:50180 - R:localhost/127.0.0.1:55327]
18:37:39.484 [Forwarding isElementEnabled on session 3249280389f4a503f23b2144482b58b6 to remote] DEBUG org.asynchttpclient.netty.request.NettyRequestSender - Using pooled Channel '[id: 0x40f56009, L:/127.0.0.1:50180 - R:localhost/127.0.0.1:55327]' for 'GET' to 'http://localhost:55327/session/3249280389f4a503f23b2144482b58b6/element/2f799f19-a992-47a9-9cda-d6fe333e3ef4/enabled'
18:37:39.484 [Forwarding isElementEnabled on session 3249280389f4a503f23b2144482b58b6 to remote] DEBUG org.asynchttpclient.netty.request.NettyRequestSender - Using open Channel [id: 0x40f56009, L:/127.0.0.1:50180 - R:localhost/127.0.0.1:55327] for GET '/session/3249280389f4a503f23b2144482b58b6/element/2f799f19-a992-47a9-9cda-d6fe333e3ef4/enabled'
18:37:39.492 [AsyncHttpClient-1-7] DEBUG org.asynchttpclient.netty.handler.HttpHandler - 

Request DefaultFullHttpRequest(decodeResult: success, version: HTTP/1.1, content: EmptyByteBufBE)
GET /session/3249280389f4a503f23b2144482b58b6/element/2f799f19-a992-47a9-9cda-d6fe333e3ef4/enabled HTTP/1.1
User-Agent: selenium/4.1.4 (java windows)
Cache-Control: no-cache
Content-Type: application/json; charset=utf-8
host: localhost:55327
accept: */*

Response DefaultHttpResponse(decodeResult: success, version: HTTP/1.1)
HTTP/1.1 200 OK
Content-Type: application/json; charset=utf-8
cache-control: no-cache
content-length: 14

18:37:39.492 [AsyncHttpClient-1-7] DEBUG org.asynchttpclient.netty.channel.ChannelManager - Adding key: http://localhost:55327 for channel [id: 0x40f56009, L:/127.0.0.1:50180 - R:localhost/127.0.0.1:55327]
18:37:39.493 [Forwarding findElement on session 3249280389f4a503f23b2144482b58b6 to remote] DEBUG org.asynchttpclient.netty.request.NettyRequestSender - Using pooled Channel '[id: 0x40f56009, L:/127.0.0.1:50180 - R:localhost/127.0.0.1:55327]' for 'POST' to 'http://localhost:55327/session/3249280389f4a503f23b2144482b58b6/element'
18:37:39.493 [Forwarding findElement on session 3249280389f4a503f23b2144482b58b6 to remote] DEBUG org.asynchttpclient.netty.request.NettyRequestSender - Using open Channel [id: 0x40f56009, L:/127.0.0.1:50180 - R:localhost/127.0.0.1:55327] for POST '/session/3249280389f4a503f23b2144482b58b6/element'
18:37:39.501 [AsyncHttpClient-1-7] DEBUG org.asynchttpclient.netty.handler.HttpHandler - 

Request DefaultHttpRequest(decodeResult: success, version: HTTP/1.1)
POST /session/3249280389f4a503f23b2144482b58b6/element HTTP/1.1
User-Agent: selenium/4.1.4 (java windows)
Content-Length: 68
Content-Type: application/json; charset=utf-8
host: localhost:55327
accept: */*

Response DefaultHttpResponse(decodeResult: success, version: HTTP/1.1)
HTTP/1.1 200 OK
Content-Type: application/json; charset=utf-8
cache-control: no-cache
content-length: 88

18:37:39.502 [AsyncHttpClient-1-7] DEBUG org.asynchttpclient.netty.channel.ChannelManager - Adding key: http://localhost:55327 for channel [id: 0x40f56009, L:/127.0.0.1:50180 - R:localhost/127.0.0.1:55327]
18:37:39.502 [Forwarding clickElement on session 3249280389f4a503f23b2144482b58b6 to remote] DEBUG org.asynchttpclient.netty.request.NettyRequestSender - Using pooled Channel '[id: 0x40f56009, L:/127.0.0.1:50180 - R:localhost/127.0.0.1:55327]' for 'POST' to 'http://localhost:55327/session/3249280389f4a503f23b2144482b58b6/element/2f799f19-a992-47a9-9cda-d6fe333e3ef4/click'
18:37:39.502 [Forwarding clickElement on session 3249280389f4a503f23b2144482b58b6 to remote] DEBUG org.asynchttpclient.netty.request.NettyRequestSender - Using open Channel [id: 0x40f56009, L:/127.0.0.1:50180 - R:localhost/127.0.0.1:55327] for POST '/session/3249280389f4a503f23b2144482b58b6/element/2f799f19-a992-47a9-9cda-d6fe333e3ef4/click'
18:37:39.607 [AsyncHttpClient-1-7] DEBUG org.asynchttpclient.netty.handler.HttpHandler - 

Request DefaultHttpRequest(decodeResult: success, version: HTTP/1.1)
POST /session/3249280389f4a503f23b2144482b58b6/element/2f799f19-a992-47a9-9cda-d6fe333e3ef4/click HTTP/1.1
User-Agent: selenium/4.1.4 (java windows)
Content-Length: 50
Content-Type: application/json; charset=utf-8
host: localhost:55327
accept: */*

Response DefaultHttpResponse(decodeResult: success, version: HTTP/1.1)
HTTP/1.1 200 OK
Content-Type: application/json; charset=utf-8
cache-control: no-cache
content-length: 14

18:37:39.607 [AsyncHttpClient-1-7] DEBUG org.asynchttpclient.netty.channel.ChannelManager - Adding key: http://localhost:55327 for channel [id: 0x40f56009, L:/127.0.0.1:50180 - R:localhost/127.0.0.1:55327]
18:37:39.616 [Forwarding screenshot on session 3249280389f4a503f23b2144482b58b6 to remote] DEBUG org.asynchttpclient.netty.request.NettyRequestSender - Using pooled Channel '[id: 0x40f56009, L:/127.0.0.1:50180 - R:localhost/127.0.0.1:55327]' for 'GET' to 'http://localhost:55327/session/3249280389f4a503f23b2144482b58b6/screenshot'
18:37:39.616 [Forwarding screenshot on session 3249280389f4a503f23b2144482b58b6 to remote] DEBUG org.asynchttpclient.netty.request.NettyRequestSender - Using open Channel [id: 0x40f56009, L:/127.0.0.1:50180 - R:localhost/127.0.0.1:55327] for GET '/session/3249280389f4a503f23b2144482b58b6/screenshot'
18:37:39.813 [AsyncHttpClient-1-7] DEBUG org.asynchttpclient.netty.handler.HttpHandler - 

Request DefaultFullHttpRequest(decodeResult: success, version: HTTP/1.1, content: EmptyByteBufBE)
GET /session/3249280389f4a503f23b2144482b58b6/screenshot HTTP/1.1
User-Agent: selenium/4.1.4 (java windows)
Cache-Control: no-cache
Content-Type: application/json; charset=utf-8
host: localhost:55327
accept: */*

Response DefaultHttpResponse(decodeResult: success, version: HTTP/1.1)
HTTP/1.1 200 OK
Content-Type: application/json; charset=utf-8
cache-control: no-cache
content-length: 103964

18:37:39.813 [AsyncHttpClient-1-7] DEBUG org.asynchttpclient.netty.channel.ChannelManager - Adding key: http://localhost:55327 for channel [id: 0x40f56009, L:/127.0.0.1:50180 - R:localhost/127.0.0.1:55327]
18:37:39.815 [main] DEBUG net.serenitybdd.core.photography.Darkroom - Send negative for processing for target\site\serenity\44dfc7de65bd2293220e025c3124de9a257fa996979ee4c39f69fd8529229cbc.png
18:37:39.815 [main] DEBUG net.thucydides.core.steps.StepInterceptor - STEP DONE: clickButtonAllCategory
  &amp#27;[32mThen &amp#27;[0m&amp#27;[32mClick search all category Patient data&amp#27;[0m             &amp#27;[90m# starter.stepdefinitios.PatientDataSteps.clickSearchAllCategoryPatientData()&amp#27;[0m
18:37:39.816 [Darkroom Processing Line] DEBUG net.serenitybdd.core.photography.DarkroomProcessingLine - Processing screenshot image in /var/screenshots/screenshot-15139676164205148485
18:37:39.816 [Darkroom Processing Line] DEBUG net.serenitybdd.core.photography.DarkroomProcessingLine - Saving screenshot to target\site\serenity\44dfc7de65bd2293220e025c3124de9a257fa996979ee4c39f69fd8529229cbc.png
18:37:40.337 [AsyncHttpClient-1-1] DEBUG org.asynchttpclient.netty.channel.DefaultChannelPool - Entry count for : http://localhost:55327 : 1
18:37:40.337 [AsyncHttpClient-1-1] DEBUG org.asynchttpclient.netty.channel.DefaultChannelPool - Entry count for : http://localhost:50181 : 1
18:37:41.448 [AsyncHttpClient-1-1] DEBUG org.asynchttpclient.netty.channel.DefaultChannelPool - Entry count for : http://localhost:55327 : 1
18:37:41.448 [AsyncHttpClient-1-1] DEBUG org.asynchttpclient.netty.channel.DefaultChannelPool - Entry count for : http://localhost:50181 : 1
18:37:42.538 [AsyncHttpClient-1-1] DEBUG org.asynchttpclient.netty.channel.DefaultChannelPool - Entry count for : http://localhost:55327 : 1
18:37:42.538 [AsyncHttpClient-1-1] DEBUG org.asynchttpclient.netty.channel.DefaultChannelPool - Entry count for : http://localhost:50181 : 1
18:37:42.838 [Forwarding screenshot on session 3249280389f4a503f23b2144482b58b6 to remote] DEBUG org.asynchttpclient.netty.request.NettyRequestSender - Using pooled Channel '[id: 0x40f56009, L:/127.0.0.1:50180 - R:localhost/127.0.0.1:55327]' for 'GET' to 'http://localhost:55327/session/3249280389f4a503f23b2144482b58b6/screenshot'
18:37:42.838 [Forwarding screenshot on session 3249280389f4a503f23b2144482b58b6 to remote] DEBUG org.asynchttpclient.netty.request.NettyRequestSender - Using open Channel [id: 0x40f56009, L:/127.0.0.1:50180 - R:localhost/127.0.0.1:55327] for GET '/session/3249280389f4a503f23b2144482b58b6/screenshot'
18:37:43.467 [AsyncHttpClient-1-7] DEBUG org.asynchttpclient.netty.handler.HttpHandler - 

Request DefaultFullHttpRequest(decodeResult: success, version: HTTP/1.1, content: EmptyByteBufBE)
GET /session/3249280389f4a503f23b2144482b58b6/screenshot HTTP/1.1
User-Agent: selenium/4.1.4 (java windows)
Cache-Control: no-cache
Content-Type: application/json; charset=utf-8
host: localhost:55327
accept: */*

Response DefaultHttpResponse(decodeResult: success, version: HTTP/1.1)
HTTP/1.1 200 OK
Content-Type: application/json; charset=utf-8
cache-control: no-cache
content-length: 103964

18:37:43.467 [AsyncHttpClient-1-7] DEBUG org.asynchttpclient.netty.channel.ChannelManager - Adding key: http://localhost:55327 for channel [id: 0x40f56009, L:/127.0.0.1:50180 - R:localhost/127.0.0.1:55327]
18:37:43.475 [main] DEBUG net.serenitybdd.core.photography.Darkroom - Send negative for processing for target\site\serenity\44dfc7de65bd2293220e025c3124de9a257fa996979ee4c39f69fd8529229cbc.png
18:37:43.475 [main] DEBUG net.thucydides.core.steps.StepInterceptor - STARTING STEP: PatientDataSteps.clickChoseNama - clickButtonChooseCategoryNama
18:37:43.479 [Forwarding findElement on session 3249280389f4a503f23b2144482b58b6 to remote] DEBUG org.asynchttpclient.netty.request.NettyRequestSender - Using pooled Channel '[id: 0x40f56009, L:/127.0.0.1:50180 - R:localhost/127.0.0.1:55327]' for 'POST' to 'http://localhost:55327/session/3249280389f4a503f23b2144482b58b6/element'
18:37:43.479 [Forwarding findElement on session 3249280389f4a503f23b2144482b58b6 to remote] DEBUG org.asynchttpclient.netty.request.NettyRequestSender - Using open Channel [id: 0x40f56009, L:/127.0.0.1:50180 - R:localhost/127.0.0.1:55327] for POST '/session/3249280389f4a503f23b2144482b58b6/element'
18:37:43.558 [AsyncHttpClient-1-7] DEBUG org.asynchttpclient.netty.handler.HttpHandler - 

Request DefaultHttpRequest(decodeResult: success, version: HTTP/1.1)
POST /session/3249280389f4a503f23b2144482b58b6/element HTTP/1.1
User-Agent: selenium/4.1.4 (java windows)
Content-Length: 67
Content-Type: application/json; charset=utf-8
host: localhost:55327
accept: */*

Response DefaultHttpResponse(decodeResult: success, version: HTTP/1.1)
HTTP/1.1 200 OK
Content-Type: application/json; charset=utf-8
cache-control: no-cache
content-length: 88

18:37:43.558 [AsyncHttpClient-1-7] DEBUG org.asynchttpclient.netty.channel.ChannelManager - Adding key: http://localhost:55327 for channel [id: 0x40f56009, L:/127.0.0.1:50180 - R:localhost/127.0.0.1:55327]
18:37:43.559 [Forwarding getElementTagName on session 3249280389f4a503f23b2144482b58b6 to remote] DEBUG org.asynchttpclient.netty.request.NettyRequestSender - Using pooled Channel '[id: 0x40f56009, L:/127.0.0.1:50180 - R:localhost/127.0.0.1:55327]' for 'GET' to 'http://localhost:55327/session/3249280389f4a503f23b2144482b58b6/element/15c72430-4c5f-4ed2-b422-6550ebaa4278/name'
18:37:43.559 [Forwarding getElementTagName on session 3249280389f4a503f23b2144482b58b6 to remote] DEBUG org.asynchttpclient.netty.request.NettyRequestSender - Using open Channel [id: 0x40f56009, L:/127.0.0.1:50180 - R:localhost/127.0.0.1:55327] for GET '/session/3249280389f4a503f23b2144482b58b6/element/15c72430-4c5f-4ed2-b422-6550ebaa4278/name'
18:37:43.595 [AsyncHttpClient-1-7] DEBUG org.asynchttpclient.netty.handler.HttpHandler - 

Request DefaultFullHttpRequest(decodeResult: success, version: HTTP/1.1, content: EmptyByteBufBE)
GET /session/3249280389f4a503f23b2144482b58b6/element/15c72430-4c5f-4ed2-b422-6550ebaa4278/name HTTP/1.1
User-Agent: selenium/4.1.4 (java windows)
Cache-Control: no-cache
Content-Type: application/json; charset=utf-8
host: localhost:55327
accept: */*

Response DefaultHttpResponse(decodeResult: success, version: HTTP/1.1)
HTTP/1.1 200 OK
Content-Type: application/json; charset=utf-8
cache-control: no-cache
content-length: 18

18:37:43.595 [AsyncHttpClient-1-7] DEBUG org.asynchttpclient.netty.channel.ChannelManager - Adding key: http://localhost:55327 for channel [id: 0x40f56009, L:/127.0.0.1:50180 - R:localhost/127.0.0.1:55327]
18:37:43.595 [Forwarding getElementTagName on session 3249280389f4a503f23b2144482b58b6 to remote] DEBUG org.asynchttpclient.netty.request.NettyRequestSender - Using pooled Channel '[id: 0x40f56009, L:/127.0.0.1:50180 - R:localhost/127.0.0.1:55327]' for 'GET' to 'http://localhost:55327/session/3249280389f4a503f23b2144482b58b6/element/15c72430-4c5f-4ed2-b422-6550ebaa4278/name'
18:37:43.595 [Forwarding getElementTagName on session 3249280389f4a503f23b2144482b58b6 to remote] DEBUG org.asynchttpclient.netty.request.NettyRequestSender - Using open Channel [id: 0x40f56009, L:/127.0.0.1:50180 - R:localhost/127.0.0.1:55327] for GET '/session/3249280389f4a503f23b2144482b58b6/element/15c72430-4c5f-4ed2-b422-6550ebaa4278/name'
18:37:43.640 [AsyncHttpClient-1-7] DEBUG org.asynchttpclient.netty.handler.HttpHandler - 

Request DefaultFullHttpRequest(decodeResult: success, version: HTTP/1.1, content: EmptyByteBufBE)
GET /session/3249280389f4a503f23b2144482b58b6/element/15c72430-4c5f-4ed2-b422-6550ebaa4278/name HTTP/1.1
User-Agent: selenium/4.1.4 (java windows)
Cache-Control: no-cache
Content-Type: application/json; charset=utf-8
host: localhost:55327
accept: */*

Response DefaultHttpResponse(decodeResult: success, version: HTTP/1.1)
HTTP/1.1 200 OK
Content-Type: application/json; charset=utf-8
cache-control: no-cache
content-length: 18

18:37:43.640 [AsyncHttpClient-1-7] DEBUG org.asynchttpclient.netty.channel.ChannelManager - Adding key: http://localhost:55327 for channel [id: 0x40f56009, L:/127.0.0.1:50180 - R:localhost/127.0.0.1:55327]
18:37:43.640 [Forwarding isElementEnabled on session 3249280389f4a503f23b2144482b58b6 to remote] DEBUG org.asynchttpclient.netty.request.NettyRequestSender - Using pooled Channel '[id: 0x40f56009, L:/127.0.0.1:50180 - R:localhost/127.0.0.1:55327]' for 'GET' to 'http://localhost:55327/session/3249280389f4a503f23b2144482b58b6/element/15c72430-4c5f-4ed2-b422-6550ebaa4278/enabled'
18:37:43.640 [Forwarding isElementEnabled on session 3249280389f4a503f23b2144482b58b6 to remote] DEBUG org.asynchttpclient.netty.request.NettyRequestSender - Using open Channel [id: 0x40f56009, L:/127.0.0.1:50180 - R:localhost/127.0.0.1:55327] for GET '/session/3249280389f4a503f23b2144482b58b6/element/15c72430-4c5f-4ed2-b422-6550ebaa4278/enabled'
18:37:43.640 [AsyncHttpClient-1-1] DEBUG org.asynchttpclient.netty.channel.DefaultChannelPool - Entry count for : http://localhost:50181 : 1
18:37:43.670 [AsyncHttpClient-1-7] DEBUG org.asynchttpclient.netty.handler.HttpHandler - 

Request DefaultFullHttpRequest(decodeResult: success, version: HTTP/1.1, content: EmptyByteBufBE)
GET /session/3249280389f4a503f23b2144482b58b6/element/15c72430-4c5f-4ed2-b422-6550ebaa4278/enabled HTTP/1.1
User-Agent: selenium/4.1.4 (java windows)
Cache-Control: no-cache
Content-Type: application/json; charset=utf-8
host: localhost:55327
accept: */*

Response DefaultHttpResponse(decodeResult: success, version: HTTP/1.1)
HTTP/1.1 200 OK
Content-Type: application/json; charset=utf-8
cache-control: no-cache
content-length: 14

18:37:43.670 [AsyncHttpClient-1-7] DEBUG org.asynchttpclient.netty.channel.ChannelManager - Adding key: http://localhost:55327 for channel [id: 0x40f56009, L:/127.0.0.1:50180 - R:localhost/127.0.0.1:55327]
18:37:43.671 [Forwarding isElementEnabled on session 3249280389f4a503f23b2144482b58b6 to remote] DEBUG org.asynchttpclient.netty.request.NettyRequestSender - Using pooled Channel '[id: 0x40f56009, L:/127.0.0.1:50180 - R:localhost/127.0.0.1:55327]' for 'GET' to 'http://localhost:55327/session/3249280389f4a503f23b2144482b58b6/element/15c72430-4c5f-4ed2-b422-6550ebaa4278/enabled'
18:37:43.671 [Forwarding isElementEnabled on session 3249280389f4a503f23b2144482b58b6 to remote] DEBUG org.asynchttpclient.netty.request.NettyRequestSender - Using open Channel [id: 0x40f56009, L:/127.0.0.1:50180 - R:localhost/127.0.0.1:55327] for GET '/session/3249280389f4a503f23b2144482b58b6/element/15c72430-4c5f-4ed2-b422-6550ebaa4278/enabled'
18:37:43.677 [AsyncHttpClient-1-7] DEBUG org.asynchttpclient.netty.handler.HttpHandler - 

Request DefaultFullHttpRequest(decodeResult: success, version: HTTP/1.1, content: EmptyByteBufBE)
GET /session/3249280389f4a503f23b2144482b58b6/element/15c72430-4c5f-4ed2-b422-6550ebaa4278/enabled HTTP/1.1
User-Agent: selenium/4.1.4 (java windows)
Cache-Control: no-cache
Content-Type: application/json; charset=utf-8
host: localhost:55327
accept: */*

Response DefaultHttpResponse(decodeResult: success, version: HTTP/1.1)
HTTP/1.1 200 OK
Content-Type: application/json; charset=utf-8
cache-control: no-cache
content-length: 14

18:37:43.677 [AsyncHttpClient-1-7] DEBUG org.asynchttpclient.netty.channel.ChannelManager - Adding key: http://localhost:55327 for channel [id: 0x40f56009, L:/127.0.0.1:50180 - R:localhost/127.0.0.1:55327]
18:37:43.680 [Forwarding findElement on session 3249280389f4a503f23b2144482b58b6 to remote] DEBUG org.asynchttpclient.netty.request.NettyRequestSender - Using pooled Channel '[id: 0x40f56009, L:/127.0.0.1:50180 - R:localhost/127.0.0.1:55327]' for 'POST' to 'http://localhost:55327/session/3249280389f4a503f23b2144482b58b6/element'
18:37:43.680 [Forwarding findElement on session 3249280389f4a503f23b2144482b58b6 to remote] DEBUG org.asynchttpclient.netty.request.NettyRequestSender - Using open Channel [id: 0x40f56009, L:/127.0.0.1:50180 - R:localhost/127.0.0.1:55327] for POST '/session/3249280389f4a503f23b2144482b58b6/element'
18:37:43.698 [AsyncHttpClient-1-7] DEBUG org.asynchttpclient.netty.handler.HttpHandler - 

Request DefaultHttpRequest(decodeResult: success, version: HTTP/1.1)
POST /session/3249280389f4a503f23b2144482b58b6/element HTTP/1.1
User-Agent: selenium/4.1.4 (java windows)
Content-Length: 67
Content-Type: application/json; charset=utf-8
host: localhost:55327
accept: */*

Response DefaultHttpResponse(decodeResult: success, version: HTTP/1.1)
HTTP/1.1 200 OK
Content-Type: application/json; charset=utf-8
cache-control: no-cache
content-length: 88

18:37:43.698 [AsyncHttpClient-1-7] DEBUG org.asynchttpclient.netty.channel.ChannelManager - Adding key: http://localhost:55327 for channel [id: 0x40f56009, L:/127.0.0.1:50180 - R:localhost/127.0.0.1:55327]
18:37:43.699 [Forwarding clickElement on session 3249280389f4a503f23b2144482b58b6 to remote] DEBUG org.asynchttpclient.netty.request.NettyRequestSender - Using pooled Channel '[id: 0x40f56009, L:/127.0.0.1:50180 - R:localhost/127.0.0.1:55327]' for 'POST' to 'http://localhost:55327/session/3249280389f4a503f23b2144482b58b6/element/15c72430-4c5f-4ed2-b422-6550ebaa4278/click'
18:37:43.699 [Forwarding clickElement on session 3249280389f4a503f23b2144482b58b6 to remote] DEBUG org.asynchttpclient.netty.request.NettyRequestSender - Using open Channel [id: 0x40f56009, L:/127.0.0.1:50180 - R:localhost/127.0.0.1:55327] for POST '/session/3249280389f4a503f23b2144482b58b6/element/15c72430-4c5f-4ed2-b422-6550ebaa4278/click'
18:37:43.782 [AsyncHttpClient-1-7] DEBUG org.asynchttpclient.netty.handler.HttpHandler - 

Request DefaultHttpRequest(decodeResult: success, version: HTTP/1.1)
POST /session/3249280389f4a503f23b2144482b58b6/element/15c72430-4c5f-4ed2-b422-6550ebaa4278/click HTTP/1.1
User-Agent: selenium/4.1.4 (java windows)
Content-Length: 50
Content-Type: application/json; charset=utf-8
host: localhost:55327
accept: */*

Response DefaultHttpResponse(decodeResult: success, version: HTTP/1.1)
HTTP/1.1 200 OK
Content-Type: application/json; charset=utf-8
cache-control: no-cache
content-length: 14

18:37:43.782 [AsyncHttpClient-1-7] DEBUG org.asynchttpclient.netty.channel.ChannelManager - Adding key: http://localhost:55327 for channel [id: 0x40f56009, L:/127.0.0.1:50180 - R:localhost/127.0.0.1:55327]
18:37:43.782 [Forwarding screenshot on session 3249280389f4a503f23b2144482b58b6 to remote] DEBUG org.asynchttpclient.netty.request.NettyRequestSender - Using pooled Channel '[id: 0x40f56009, L:/127.0.0.1:50180 - R:localhost/127.0.0.1:55327]' for 'GET' to 'http://localhost:55327/session/3249280389f4a503f23b2144482b58b6/screenshot'
18:37:43.782 [Forwarding screenshot on session 3249280389f4a503f23b2144482b58b6 to remote] DEBUG org.asynchttpclient.netty.request.NettyRequestSender - Using open Channel [id: 0x40f56009, L:/127.0.0.1:50180 - R:localhost/127.0.0.1:55327] for GET '/session/3249280389f4a503f23b2144482b58b6/screenshot'
18:37:44.356 [AsyncHttpClient-1-7] DEBUG org.asynchttpclient.netty.handler.HttpHandler - 

Request DefaultFullHttpRequest(decodeResult: success, version: HTTP/1.1, content: EmptyByteBufBE)
GET /session/3249280389f4a503f23b2144482b58b6/screenshot HTTP/1.1
User-Agent: selenium/4.1.4 (java windows)
Cache-Control: no-cache
Content-Type: application/json; charset=utf-8
host: localhost:55327
accept: */*

Response DefaultHttpResponse(decodeResult: success, version: HTTP/1.1)
HTTP/1.1 200 OK
Content-Type: application/json; charset=utf-8
cache-control: no-cache
content-length: 103728

18:37:44.356 [AsyncHttpClient-1-7] DEBUG org.asynchttpclient.netty.channel.ChannelManager - Adding key: http://localhost:55327 for channel [id: 0x40f56009, L:/127.0.0.1:50180 - R:localhost/127.0.0.1:55327]
18:37:44.356 [main] DEBUG net.serenitybdd.core.photography.Darkroom - Send negative for processing for target\site\serenity\c0d3abdc97efbfb6cb7ebcdb971230f30af81428b227e734ceaf2bc21d5c882e.png
18:37:44.356 [main] DEBUG net.thucydides.core.steps.StepInterceptor - STEP DONE: clickButtonChooseCategoryNama
  &amp#27;[32mAnd &amp#27;[0m&amp#27;[32mClick chose nama&amp#27;[0m                                    &amp#27;[90m# starter.stepdefinitios.PatientDataSteps.clickChoseNama()&amp#27;[0m
18:37:44.356 [Darkroom Processing Line] DEBUG net.serenitybdd.core.photography.DarkroomProcessingLine - Processing screenshot image in /var/screenshots/screenshot-241358483760236903
18:37:44.356 [Darkroom Processing Line] DEBUG net.serenitybdd.core.photography.DarkroomProcessingLine - Saving screenshot to target\site\serenity\c0d3abdc97efbfb6cb7ebcdb971230f30af81428b227e734ceaf2bc21d5c882e.png
18:37:44.740 [AsyncHttpClient-1-1] DEBUG org.asynchttpclient.netty.channel.DefaultChannelPool - Entry count for : http://localhost:55327 : 1
18:37:44.740 [AsyncHttpClient-1-1] DEBUG org.asynchttpclient.netty.channel.DefaultChannelPool - Entry count for : http://localhost:50181 : 1
18:37:45.836 [AsyncHttpClient-1-1] DEBUG org.asynchttpclient.netty.channel.DefaultChannelPool - Entry count for : http://localhost:55327 : 1
18:37:45.836 [AsyncHttpClient-1-1] DEBUG org.asynchttpclient.netty.channel.DefaultChannelPool - Entry count for : http://localhost:50181 : 1
18:37:46.374 [Forwarding screenshot on session 3249280389f4a503f23b2144482b58b6 to remote] DEBUG org.asynchttpclient.netty.request.NettyRequestSender - Using pooled Channel '[id: 0x40f56009, L:/127.0.0.1:50180 - R:localhost/127.0.0.1:55327]' for 'GET' to 'http://localhost:55327/session/3249280389f4a503f23b2144482b58b6/screenshot'
18:37:46.374 [Forwarding screenshot on session 3249280389f4a503f23b2144482b58b6 to remote] DEBUG org.asynchttpclient.netty.request.NettyRequestSender - Using open Channel [id: 0x40f56009, L:/127.0.0.1:50180 - R:localhost/127.0.0.1:55327] for GET '/session/3249280389f4a503f23b2144482b58b6/screenshot'
18:37:46.538 [AsyncHttpClient-1-7] DEBUG org.asynchttpclient.netty.handler.HttpHandler - 

Request DefaultFullHttpRequest(decodeResult: success, version: HTTP/1.1, content: EmptyByteBufBE)
GET /session/3249280389f4a503f23b2144482b58b6/screenshot HTTP/1.1
User-Agent: selenium/4.1.4 (java windows)
Cache-Control: no-cache
Content-Type: application/json; charset=utf-8
host: localhost:55327
accept: */*

Response DefaultHttpResponse(decodeResult: success, version: HTTP/1.1)
HTTP/1.1 200 OK
Content-Type: application/json; charset=utf-8
cache-control: no-cache
content-length: 103728

18:37:46.538 [AsyncHttpClient-1-7] DEBUG org.asynchttpclient.netty.channel.ChannelManager - Adding key: http://localhost:55327 for channel [id: 0x40f56009, L:/127.0.0.1:50180 - R:localhost/127.0.0.1:55327]
18:37:46.538 [main] DEBUG net.serenitybdd.core.photography.Darkroom - Send negative for processing for target\site\serenity\c0d3abdc97efbfb6cb7ebcdb971230f30af81428b227e734ceaf2bc21d5c882e.png
18:37:46.538 [main] DEBUG net.thucydides.core.steps.StepInterceptor - STARTING STEP: PatientDataSteps.inputDataCategory - inputDataCategory
18:37:46.548 [Forwarding findElement on session 3249280389f4a503f23b2144482b58b6 to remote] DEBUG org.asynchttpclient.netty.request.NettyRequestSender - Using pooled Channel '[id: 0x40f56009, L:/127.0.0.1:50180 - R:localhost/127.0.0.1:55327]' for 'POST' to 'http://localhost:55327/session/3249280389f4a503f23b2144482b58b6/element'
18:37:46.548 [Forwarding findElement on session 3249280389f4a503f23b2144482b58b6 to remote] DEBUG org.asynchttpclient.netty.request.NettyRequestSender - Using open Channel [id: 0x40f56009, L:/127.0.0.1:50180 - R:localhost/127.0.0.1:55327] for POST '/session/3249280389f4a503f23b2144482b58b6/element'
18:37:46.566 [AsyncHttpClient-1-7] DEBUG org.asynchttpclient.netty.handler.HttpHandler - 

Request DefaultHttpRequest(decodeResult: success, version: HTTP/1.1)
POST /session/3249280389f4a503f23b2144482b58b6/element HTTP/1.1
User-Agent: selenium/4.1.4 (java windows)
Content-Length: 102
Content-Type: application/json; charset=utf-8
host: localhost:55327
accept: */*

Response DefaultHttpResponse(decodeResult: success, version: HTTP/1.1)
HTTP/1.1 200 OK
Content-Type: application/json; charset=utf-8
cache-control: no-cache
content-length: 88

18:37:46.566 [AsyncHttpClient-1-7] DEBUG org.asynchttpclient.netty.channel.ChannelManager - Adding key: http://localhost:55327 for channel [id: 0x40f56009, L:/127.0.0.1:50180 - R:localhost/127.0.0.1:55327]
18:37:46.567 [Forwarding clearElement on session 3249280389f4a503f23b2144482b58b6 to remote] DEBUG org.asynchttpclient.netty.request.NettyRequestSender - Using pooled Channel '[id: 0x40f56009, L:/127.0.0.1:50180 - R:localhost/127.0.0.1:55327]' for 'POST' to 'http://localhost:55327/session/3249280389f4a503f23b2144482b58b6/element/402016e6-f11b-48c1-962d-fd481a4cfd87/clear'
18:37:46.567 [Forwarding clearElement on session 3249280389f4a503f23b2144482b58b6 to remote] DEBUG org.asynchttpclient.netty.request.NettyRequestSender - Using open Channel [id: 0x40f56009, L:/127.0.0.1:50180 - R:localhost/127.0.0.1:55327] for POST '/session/3249280389f4a503f23b2144482b58b6/element/402016e6-f11b-48c1-962d-fd481a4cfd87/clear'
18:37:46.619 [AsyncHttpClient-1-7] DEBUG org.asynchttpclient.netty.handler.HttpHandler - 

Request DefaultHttpRequest(decodeResult: success, version: HTTP/1.1)
POST /session/3249280389f4a503f23b2144482b58b6/element/402016e6-f11b-48c1-962d-fd481a4cfd87/clear HTTP/1.1
User-Agent: selenium/4.1.4 (java windows)
Content-Length: 50
Content-Type: application/json; charset=utf-8
host: localhost:55327
accept: */*

Response DefaultHttpResponse(decodeResult: success, version: HTTP/1.1)
HTTP/1.1 200 OK
Content-Type: application/json; charset=utf-8
cache-control: no-cache
content-length: 14

18:37:46.619 [AsyncHttpClient-1-7] DEBUG org.asynchttpclient.netty.channel.ChannelManager - Adding key: http://localhost:55327 for channel [id: 0x40f56009, L:/127.0.0.1:50180 - R:localhost/127.0.0.1:55327]
18:37:46.619 [Forwarding sendKeysToElement on session 3249280389f4a503f23b2144482b58b6 to remote] DEBUG org.asynchttpclient.netty.request.NettyRequestSender - Using pooled Channel '[id: 0x40f56009, L:/127.0.0.1:50180 - R:localhost/127.0.0.1:55327]' for 'POST' to 'http://localhost:55327/session/3249280389f4a503f23b2144482b58b6/element/402016e6-f11b-48c1-962d-fd481a4cfd87/value'
18:37:46.619 [Forwarding sendKeysToElement on session 3249280389f4a503f23b2144482b58b6 to remote] DEBUG org.asynchttpclient.netty.request.NettyRequestSender - Using open Channel [id: 0x40f56009, L:/127.0.0.1:50180 - R:localhost/127.0.0.1:55327] for POST '/session/3249280389f4a503f23b2144482b58b6/element/402016e6-f11b-48c1-962d-fd481a4cfd87/value'
18:37:46.731 [AsyncHttpClient-1-7] DEBUG org.asynchttpclient.netty.handler.HttpHandler - 

Request DefaultHttpRequest(decodeResult: success, version: HTTP/1.1)
POST /session/3249280389f4a503f23b2144482b58b6/element/402016e6-f11b-48c1-962d-fd481a4cfd87/value HTTP/1.1
User-Agent: selenium/4.1.4 (java windows)
Content-Length: 131
Content-Type: application/json; charset=utf-8
host: localhost:55327
accept: */*

Response DefaultHttpResponse(decodeResult: success, version: HTTP/1.1)
HTTP/1.1 200 OK
Content-Type: application/json; charset=utf-8
cache-control: no-cache
content-length: 14

18:37:46.731 [AsyncHttpClient-1-7] DEBUG org.asynchttpclient.netty.channel.ChannelManager - Adding key: http://localhost:55327 for channel [id: 0x40f56009, L:/127.0.0.1:50180 - R:localhost/127.0.0.1:55327]
18:37:46.736 [Forwarding screenshot on session 3249280389f4a503f23b2144482b58b6 to remote] DEBUG org.asynchttpclient.netty.request.NettyRequestSender - Using pooled Channel '[id: 0x40f56009, L:/127.0.0.1:50180 - R:localhost/127.0.0.1:55327]' for 'GET' to 'http://localhost:55327/session/3249280389f4a503f23b2144482b58b6/screenshot'
18:37:46.736 [Forwarding screenshot on session 3249280389f4a503f23b2144482b58b6 to remote] DEBUG org.asynchttpclient.netty.request.NettyRequestSender - Using open Channel [id: 0x40f56009, L:/127.0.0.1:50180 - R:localhost/127.0.0.1:55327] for GET '/session/3249280389f4a503f23b2144482b58b6/screenshot'
18:37:46.830 [AsyncHttpClient-1-7] DEBUG org.asynchttpclient.netty.handler.HttpHandler - 

Request DefaultFullHttpRequest(decodeResult: success, version: HTTP/1.1, content: EmptyByteBufBE)
GET /session/3249280389f4a503f23b2144482b58b6/screenshot HTTP/1.1
User-Agent: selenium/4.1.4 (java windows)
Cache-Control: no-cache
Content-Type: application/json; charset=utf-8
host: localhost:55327
accept: */*

Response DefaultHttpResponse(decodeResult: success, version: HTTP/1.1)
HTTP/1.1 200 OK
Content-Type: application/json; charset=utf-8
cache-control: no-cache
content-length: 86468

18:37:46.830 [AsyncHttpClient-1-7] DEBUG org.asynchttpclient.netty.channel.ChannelManager - Adding key: http://localhost:55327 for channel [id: 0x40f56009, L:/127.0.0.1:50180 - R:localhost/127.0.0.1:55327]
18:37:46.832 [main] DEBUG net.serenitybdd.core.photography.Darkroom - Send negative for processing for target\site\serenity\408c582f87f8af5ea4d1e7c193552ebb101d441d0223bc7377df6848ab1ef599.png
18:37:46.832 [main] DEBUG net.thucydides.core.steps.StepInterceptor - STEP DONE: inputDataCategory
  &amp#27;[32mAnd &amp#27;[0m&amp#27;[32mInput data &amp#27;[0m&amp#27;[32m&amp#27;[1m"bagas"&amp#27;[0m&amp#27;[32m category&amp#27;[0m                         &amp#27;[90m# starter.stepdefinitios.PatientDataSteps.inputDataCategory(java.lang.String)&amp#27;[0m
18:37:46.832 [Darkroom Processing Line] DEBUG net.serenitybdd.core.photography.DarkroomProcessingLine - Processing screenshot image in /var/screenshots/screenshot-8514990612116393821
18:37:46.832 [Darkroom Processing Line] DEBUG net.serenitybdd.core.photography.DarkroomProcessingLine - Saving screenshot to target\site\serenity\408c582f87f8af5ea4d1e7c193552ebb101d441d0223bc7377df6848ab1ef599.png
18:37:46.948 [AsyncHttpClient-1-1] DEBUG org.asynchttpclient.netty.channel.DefaultChannelPool - Entry count for : http://localhost:55327 : 1
18:37:46.948 [AsyncHttpClient-1-1] DEBUG org.asynchttpclient.netty.channel.DefaultChannelPool - Entry count for : http://localhost:50181 : 1
18:37:48.036 [AsyncHttpClient-1-1] DEBUG org.asynchttpclient.netty.channel.DefaultChannelPool - Entry count for : http://localhost:55327 : 1
18:37:48.036 [AsyncHttpClient-1-1] DEBUG org.asynchttpclient.netty.channel.DefaultChannelPool - Entry count for : http://localhost:50181 : 1
18:37:48.854 [Forwarding screenshot on session 3249280389f4a503f23b2144482b58b6 to remote] DEBUG org.asynchttpclient.netty.request.NettyRequestSender - Using pooled Channel '[id: 0x40f56009, L:/127.0.0.1:50180 - R:localhost/127.0.0.1:55327]' for 'GET' to 'http://localhost:55327/session/3249280389f4a503f23b2144482b58b6/screenshot'
18:37:48.854 [Forwarding screenshot on session 3249280389f4a503f23b2144482b58b6 to remote] DEBUG org.asynchttpclient.netty.request.NettyRequestSender - Using open Channel [id: 0x40f56009, L:/127.0.0.1:50180 - R:localhost/127.0.0.1:55327] for GET '/session/3249280389f4a503f23b2144482b58b6/screenshot'
18:37:49.077 [AsyncHttpClient-1-7] DEBUG org.asynchttpclient.netty.handler.HttpHandler - 

Request DefaultFullHttpRequest(decodeResult: success, version: HTTP/1.1, content: EmptyByteBufBE)
GET /session/3249280389f4a503f23b2144482b58b6/screenshot HTTP/1.1
User-Agent: selenium/4.1.4 (java windows)
Cache-Control: no-cache
Content-Type: application/json; charset=utf-8
host: localhost:55327
accept: */*

Response DefaultHttpResponse(decodeResult: success, version: HTTP/1.1)
HTTP/1.1 200 OK
Content-Type: application/json; charset=utf-8
cache-control: no-cache
content-length: 86516

18:37:49.078 [AsyncHttpClient-1-7] DEBUG org.asynchttpclient.netty.channel.ChannelManager - Adding key: http://localhost:55327 for channel [id: 0x40f56009, L:/127.0.0.1:50180 - R:localhost/127.0.0.1:55327]
18:37:49.085 [main] DEBUG net.serenitybdd.core.photography.Darkroom - Send negative for processing for target\site\serenity\4c716fa9cdaf79fe255a00b922f2880a1381b2e2fca61bc11611dd62b01adeb5.png
18:37:49.086 [Darkroom Processing Line] DEBUG net.serenitybdd.core.photography.DarkroomProcessingLine - Processing screenshot image in /var/screenshots/screenshot-13563036554540874220
18:37:49.086 [Darkroom Processing Line] DEBUG net.serenitybdd.core.photography.DarkroomProcessingLine - Saving screenshot to target\site\serenity\4c716fa9cdaf79fe255a00b922f2880a1381b2e2fca61bc11611dd62b01adeb5.png
18:37:49.087 [main] DEBUG net.thucydides.core.steps.StepInterceptor - STARTING STEP: PatientDataSteps.validDataCategoryPasien - validPagePasien
18:37:49.096 [Forwarding findElement on session 3249280389f4a503f23b2144482b58b6 to remote] DEBUG org.asynchttpclient.netty.request.NettyRequestSender - Using pooled Channel '[id: 0x40f56009, L:/127.0.0.1:50180 - R:localhost/127.0.0.1:55327]' for 'POST' to 'http://localhost:55327/session/3249280389f4a503f23b2144482b58b6/element'
18:37:49.096 [Forwarding findElement on session 3249280389f4a503f23b2144482b58b6 to remote] DEBUG org.asynchttpclient.netty.request.NettyRequestSender - Using open Channel [id: 0x40f56009, L:/127.0.0.1:50180 - R:localhost/127.0.0.1:55327] for POST '/session/3249280389f4a503f23b2144482b58b6/element'
18:37:49.143 [AsyncHttpClient-1-1] DEBUG org.asynchttpclient.netty.channel.DefaultChannelPool - Entry count for : http://localhost:50181 : 1
18:37:49.148 [AsyncHttpClient-1-7] DEBUG org.asynchttpclient.netty.handler.HttpHandler - 

Request DefaultHttpRequest(decodeResult: success, version: HTTP/1.1)
POST /session/3249280389f4a503f23b2144482b58b6/element HTTP/1.1
User-Agent: selenium/4.1.4 (java windows)
Content-Length: 126
Content-Type: application/json; charset=utf-8
host: localhost:55327
accept: */*

Response DefaultHttpResponse(decodeResult: success, version: HTTP/1.1)
HTTP/1.1 200 OK
Content-Type: application/json; charset=utf-8
cache-control: no-cache
content-length: 88

18:37:49.148 [AsyncHttpClient-1-7] DEBUG org.asynchttpclient.netty.channel.ChannelManager - Adding key: http://localhost:55327 for channel [id: 0x40f56009, L:/127.0.0.1:50180 - R:localhost/127.0.0.1:55327]
18:37:49.149 [Forwarding isElementEnabled on session 3249280389f4a503f23b2144482b58b6 to remote] DEBUG org.asynchttpclient.netty.request.NettyRequestSender - Using pooled Channel '[id: 0x40f56009, L:/127.0.0.1:50180 - R:localhost/127.0.0.1:55327]' for 'GET' to 'http://localhost:55327/session/3249280389f4a503f23b2144482b58b6/element/23679e85-898c-4999-8555-548d5930e2ef/enabled'
18:37:49.149 [Forwarding isElementEnabled on session 3249280389f4a503f23b2144482b58b6 to remote] DEBUG org.asynchttpclient.netty.request.NettyRequestSender - Using open Channel [id: 0x40f56009, L:/127.0.0.1:50180 - R:localhost/127.0.0.1:55327] for GET '/session/3249280389f4a503f23b2144482b58b6/element/23679e85-898c-4999-8555-548d5930e2ef/enabled'
18:37:49.158 [AsyncHttpClient-1-7] DEBUG org.asynchttpclient.netty.handler.HttpHandler - 

Request DefaultFullHttpRequest(decodeResult: success, version: HTTP/1.1, content: EmptyByteBufBE)
GET /session/3249280389f4a503f23b2144482b58b6/element/23679e85-898c-4999-8555-548d5930e2ef/enabled HTTP/1.1
User-Agent: selenium/4.1.4 (java windows)
Cache-Control: no-cache
Content-Type: application/json; charset=utf-8
host: localhost:55327
accept: */*

Response DefaultHttpResponse(decodeResult: success, version: HTTP/1.1)
HTTP/1.1 200 OK
Content-Type: application/json; charset=utf-8
cache-control: no-cache
content-length: 14

18:37:49.158 [AsyncHttpClient-1-7] DEBUG org.asynchttpclient.netty.channel.ChannelManager - Adding key: http://localhost:55327 for channel [id: 0x40f56009, L:/127.0.0.1:50180 - R:localhost/127.0.0.1:55327]
18:37:49.164 [Forwarding screenshot on session 3249280389f4a503f23b2144482b58b6 to remote] DEBUG org.asynchttpclient.netty.request.NettyRequestSender - Using pooled Channel '[id: 0x40f56009, L:/127.0.0.1:50180 - R:localhost/127.0.0.1:55327]' for 'GET' to 'http://localhost:55327/session/3249280389f4a503f23b2144482b58b6/screenshot'
18:37:49.164 [Forwarding screenshot on session 3249280389f4a503f23b2144482b58b6 to remote] DEBUG org.asynchttpclient.netty.request.NettyRequestSender - Using open Channel [id: 0x40f56009, L:/127.0.0.1:50180 - R:localhost/127.0.0.1:55327] for GET '/session/3249280389f4a503f23b2144482b58b6/screenshot'
18:37:49.261 [AsyncHttpClient-1-7] DEBUG org.asynchttpclient.netty.handler.HttpHandler - 

Request DefaultFullHttpRequest(decodeResult: success, version: HTTP/1.1, content: EmptyByteBufBE)
GET /session/3249280389f4a503f23b2144482b58b6/screenshot HTTP/1.1
User-Agent: selenium/4.1.4 (java windows)
Cache-Control: no-cache
Content-Type: application/json; charset=utf-8
host: localhost:55327
accept: */*

Response DefaultHttpResponse(decodeResult: success, version: HTTP/1.1)
HTTP/1.1 200 OK
Content-Type: application/json; charset=utf-8
cache-control: no-cache
content-length: 86516

18:37:49.261 [AsyncHttpClient-1-7] DEBUG org.asynchttpclient.netty.channel.ChannelManager - Adding key: http://localhost:55327 for channel [id: 0x40f56009, L:/127.0.0.1:50180 - R:localhost/127.0.0.1:55327]
18:37:49.263 [main] DEBUG net.serenitybdd.core.photography.Darkroom - Send negative for processing for target\site\serenity\4c716fa9cdaf79fe255a00b922f2880a1381b2e2fca61bc11611dd62b01adeb5.png
18:37:49.263 [main] DEBUG net.thucydides.core.steps.StepInterceptor - STEP DONE: validPagePasien
  &amp#27;[32mAnd &amp#27;[0m&amp#27;[32mValid data category pasien&amp#27;[0m                          &amp#27;[90m# starter.stepdefinitios.PatientDataSteps.validDataCategoryPasien()&amp#27;[0m
18:37:49.272 [AsyncHttpClient-1-9] DEBUG org.asynchttpclient.netty.handler.WebSocketHandler - Channel Closed: [id: 0x270b789a, L:/127.0.0.1:50188 ! R:localhost/127.0.0.1:50181] with attribute NettyResponseFuture{currentRetry=5,
	isDone=1,
	isCancelled=0,
	asyncHandler=org.asynchttpclient.ws.WebSocketUpgradeHandler@4556bc0c,
	nettyRequest=org.asynchttpclient.netty.request.NettyRequest@3d4a61e5,
	future=java.util.concurrent.CompletableFuture@330f8e1a[Completed normally],
	uri=ws://localhost:50181/devtools/browser/97d8ddd3-5b7b-48f5-b795-38fb6cb4e9d4,
	keepAlive=true,
	redirectCount=0,
	timeoutsHolder=null,
	inAuth=0,
	touch=1658057837344}
18:37:49.272 [AsyncHttpClient-1-9] DEBUG org.asynchttpclient.netty.channel.ChannelManager - Closing Channel [id: 0x270b789a, L:/127.0.0.1:50188 ! R:localhost/127.0.0.1:50181] 
18:37:49.272 [Driver Command Executor] DEBUG org.asynchttpclient.netty.request.NettyRequestSender - Using pooled Channel '[id: 0x40f56009, L:/127.0.0.1:50180 - R:localhost/127.0.0.1:55327]' for 'DELETE' to 'http://localhost:55327/session/3249280389f4a503f23b2144482b58b6'
18:37:49.272 [Driver Command Executor] DEBUG org.asynchttpclient.netty.request.NettyRequestSender - Using open Channel [id: 0x40f56009, L:/127.0.0.1:50180 - R:localhost/127.0.0.1:55327] for DELETE '/session/3249280389f4a503f23b2144482b58b6'
18:37:49.311 [AsyncHttpClient-1-8] DEBUG org.asynchttpclient.netty.handler.HttpHandler - Unexpected I/O exception on channel [id: 0xee5c1951, L:/127.0.0.1:50187 - R:localhost/127.0.0.1:50181]
java.io.IOException: An existing connection was forcibly closed by the remote host
	at java.base/sun.nio.ch.SocketDispatcher.read0(Native Method)
	at java.base/sun.nio.ch.SocketDispatcher.read(SocketDispatcher.java:43)
	at java.base/sun.nio.ch.IOUtil.readIntoNativeBuffer(IOUtil.java:276)
	at java.base/sun.nio.ch.IOUtil.read(IOUtil.java:233)
	at java.base/sun.nio.ch.IOUtil.read(IOUtil.java:223)
	at java.base/sun.nio.ch.SocketChannelImpl.read(SocketChannelImpl.java:356)
	at io.netty.buffer.PooledByteBuf.setBytes(PooledByteBuf.java:258)
	at io.netty.buffer.AbstractByteBuf.writeBytes(AbstractByteBuf.java:1132)
	at io.netty.channel.socket.nio.NioSocketChannel.doReadBytes(NioSocketChannel.java:357)
	at io.netty.channel.nio.AbstractNioByteChannel$NioByteUnsafe.read(AbstractNioByteChannel.java:151)
	at io.netty.channel.nio.NioEventLoop.processSelectedKey(NioEventLoop.java:722)
	at io.netty.channel.nio.NioEventLoop.processSelectedKeysOptimized(NioEventLoop.java:658)
	at io.netty.channel.nio.NioEventLoop.processSelectedKeys(NioEventLoop.java:584)
	at io.netty.channel.nio.NioEventLoop.run(NioEventLoop.java:496)
	at io.netty.util.concurrent.SingleThreadEventExecutor$4.run(SingleThreadEventExecutor.java:986)
	at io.netty.util.internal.ThreadExecutorMap$2.run(ThreadExecutorMap.java:74)
	at io.netty.util.concurrent.FastThreadLocalRunnable.run(FastThreadLocalRunnable.java:30)
	at java.base/java.lang.Thread.run(Thread.java:829)
18:37:49.311 [AsyncHttpClient-1-8] DEBUG org.asynchttpclient.netty.channel.ChannelManager - Closing Channel [id: 0xee5c1951, L:/127.0.0.1:50187 - R:localhost/127.0.0.1:50181] 
18:37:49.312 [AsyncHttpClient-1-8] DEBUG org.asynchttpclient.netty.handler.HttpHandler - Channel Closed: [id: 0xee5c1951, L:/127.0.0.1:50187 ! R:localhost/127.0.0.1:50181] with attribute DISCARD
18:37:49.338 [AsyncHttpClient-1-7] DEBUG org.asynchttpclient.netty.handler.HttpHandler - 

Request DefaultFullHttpRequest(decodeResult: success, version: HTTP/1.1, content: EmptyByteBufBE)
DELETE /session/3249280389f4a503f23b2144482b58b6 HTTP/1.1
User-Agent: selenium/4.1.4 (java windows)
Content-Type: application/json; charset=utf-8
host: localhost:55327
accept: */*

Response DefaultHttpResponse(decodeResult: success, version: HTTP/1.1)
HTTP/1.1 200 OK
Content-Type: application/json; charset=utf-8
cache-control: no-cache
content-length: 14

18:37:49.338 [AsyncHttpClient-1-7] DEBUG org.asynchttpclient.netty.channel.ChannelManager - Adding key: http://localhost:55327 for channel [id: 0x40f56009, L:/127.0.0.1:50180 - R:localhost/127.0.0.1:55327]
18:37:49.408 [AsyncHttpClient-1-7] DEBUG org.asynchttpclient.netty.handler.HttpHandler - Channel Closed: [id: 0x40f56009, L:/127.0.0.1:50180 ! R:localhost/127.0.0.1:55327] with attribute DISCARD
18:37:49.461 [main] INFO  - 
  _____   ___   ___   _____     ___     _     ___   ___   ___   ___  
 |_   _| | __| / __| |_   _|   | _ \   /_\   / __| / __| | __| |   \ 
   | |   | _|  \__ \   | |     |  _/  / _ \  \__ \ \__ \ | _|  | |) |
   |_|   |___| |___/   |_|     |_|   /_/ \_\ |___/ |___/ |___| |___/ 

As a admin i want to search data pasien
----------------------------------------------------------------------
]]></system-out>
    <system-err><![CDATA[Starting ChromeDriver 103.0.5060.53 (a1711811edd74ff1cf2150f36ffa3b0dae40b17f-refs/branch-heads/5060@{#853}) on port 55327
Only local connections are allowed.
Please see https://chromedriver.chromium.org/security-considerations for suggestions on keeping ChromeDriver safe.
ChromeDriver was started successfully.
Jul 17, 2022 6:37:17 PM org.openqa.selenium.remote.ProtocolHandshake createSession
INFO: Detected dialect: W3C
Jul 17, 2022 6:37:17 PM org.openqa.selenium.devtools.CdpVersionFinder findNearestMatch
WARNING: Unable to find an exact match for CDP version 103, so returning the closest version found: 101
Jul 17, 2022 6:37:17 PM org.openqa.selenium.devtools.CdpVersionFinder findNearestMatch
INFO: Found CDP implementation for version 103 of 101
]]></system-err>
  </testcase>
  <testcase name="As a admin i want to search data pasien #2" classname="Data Pasien - Admin" time="35.162">
    <system-out><![CDATA[
@DataPasien111 @SearchPatientData
Scenario Outline: As a admin i want to search data pasien &amp#27;[90m# src/test/resources/features/4DataPasien.feature:194&amp#27;[0m
18:37:49.571 [main] INFO io.cucumber.core.plugin.SerenityReporter - Running feature from file:///C:/Alterra/CapstoneBaru/QE/TestingWebUpdate/src/test/resources/features/4DataPasien.feature
18:37:49.609 [main] DEBUG net.thucydides.core.steps.StepInterceptor - STARTING STEP: LoginSteps.openLoginPage - openLogin
18:37:49.611 [main] INFO net.serenitybdd.core.webdriver.driverproviders.ChromeDriverProvider - Using automatically driver download
18:37:49.757 [main] DEBUG io.github.bonigarcia.wdm.cache.ResolutionCache - Resolution chrome=103 in cache (valid until 18:54:33 17/07/2022 ICT)
18:37:49.764 [main] DEBUG io.github.bonigarcia.wdm.cache.ResolutionCache - Resolution chrome103=103.0.5060.53 in cache (valid until 17:54:33 18/07/2022 ICT)
18:37:49.766 [main] INFO io.github.bonigarcia.wdm.WebDriverManager - Using chromedriver 103.0.5060.53 (resolved driver for Chrome 103)
18:37:49.775 [main] DEBUG io.github.bonigarcia.wdm.WebDriverManager - Driver chromedriver 103.0.5060.53 found in cache
18:37:49.776 [main] INFO io.github.bonigarcia.wdm.WebDriverManager - Exporting webdriver.chrome.driver as C:\Users\Bagas Dwi Saputra\.cache\selenium\chromedriver\win32\103.0.5060.53\chromedriver.exe
18:37:49.941 [main] DEBUG net.serenitybdd.core.webdriver.driverproviders.ProvideNewDriver - Instantiating driver
18:37:49.941 [main] DEBUG net.serenitybdd.core.webdriver.driverproviders.ProvideNewDriver - Driver capabilities: Capabilities {acceptInsecureCerts: false, base.url: https://fanciful-trifle-360..., browserName: chrome, chorme.driver: src/test/resources/webdrive..., driver: chrome, goog:chromeOptions: {args: [], extensions: []}}
18:37:50.049 [AsyncHttpClient-1-2] DEBUG org.asynchttpclient.netty.channel.NettyConnectListener - Using new Channel '[id: 0xa3326aff, L:/127.0.0.1:50205 - R:localhost/127.0.0.1:60350]' for 'POST' to '/session'
18:37:50.249 [AsyncHttpClient-1-1] DEBUG org.asynchttpclient.netty.channel.DefaultChannelPool - Entry count for : http://localhost:55327 : 1
18:37:50.249 [AsyncHttpClient-1-1] DEBUG org.asynchttpclient.netty.channel.DefaultChannelPool - Entry count for : http://localhost:50181 : 1
18:37:50.249 [AsyncHttpClient-1-1] DEBUG org.asynchttpclient.netty.channel.DefaultChannelPool - Adding Candidate expired Channel [id: 0x40f56009, L:/127.0.0.1:50180 ! R:localhost/127.0.0.1:55327] isIdleTimeoutExpired=false isRemotelyClosed=true isTtlExpired=false
18:37:50.249 [AsyncHttpClient-1-1] DEBUG org.asynchttpclient.netty.channel.DefaultChannelPool - Closing Idle Channel [id: 0x40f56009, L:/127.0.0.1:50180 ! R:localhost/127.0.0.1:55327]
18:37:50.249 [AsyncHttpClient-1-1] DEBUG org.asynchttpclient.netty.channel.DefaultChannelPool - Adding Candidate expired Channel [id: 0xee5c1951, L:/127.0.0.1:50187 ! R:localhost/127.0.0.1:50181] isIdleTimeoutExpired=false isRemotelyClosed=true isTtlExpired=false
18:37:50.249 [AsyncHttpClient-1-1] DEBUG org.asynchttpclient.netty.channel.DefaultChannelPool - Closing Idle Channel [id: 0xee5c1951, L:/127.0.0.1:50187 ! R:localhost/127.0.0.1:50181]
18:37:50.249 [AsyncHttpClient-1-1] DEBUG org.asynchttpclient.netty.channel.DefaultChannelPool - Closed 2 connections out of 2 in 0 ms
18:37:51.096 [AsyncHttpClient-1-2] DEBUG org.asynchttpclient.netty.handler.HttpHandler - 

Request DefaultHttpRequest(decodeResult: success, version: HTTP/1.1)
POST /session HTTP/1.1
User-Agent: selenium/4.1.4 (java windows)
Content-Length: 629
Content-Type: application/json; charset=utf-8
host: localhost:60350
accept: */*

Response DefaultHttpResponse(decodeResult: success, version: HTTP/1.1)
HTTP/1.1 200 OK
Content-Type: application/json; charset=utf-8
cache-control: no-cache
content-length: 794

18:37:51.096 [AsyncHttpClient-1-2] DEBUG org.asynchttpclient.netty.channel.ChannelManager - Adding key: http://localhost:60350 for channel [id: 0xa3326aff, L:/127.0.0.1:50205 - R:localhost/127.0.0.1:60350]
18:37:51.102 [AsyncHttpClient-1-3] DEBUG org.asynchttpclient.netty.channel.NettyConnectListener - Using new Channel '[id: 0x5581ac5f, L:/127.0.0.1:50212 - R:localhost/127.0.0.1:50206]' for 'GET' to '/json/version'
18:37:51.102 [AsyncHttpClient-1-3] DEBUG org.asynchttpclient.netty.handler.HttpHandler - 

Request DefaultFullHttpRequest(decodeResult: success, version: HTTP/1.1, content: EmptyByteBufBE)
GET /json/version HTTP/1.1
User-Agent: selenium/4.1.4 (java windows)
host: localhost:50206
accept: */*

Response DefaultHttpResponse(decodeResult: success, version: HTTP/1.1)
HTTP/1.1 200 OK
Content-Type: application/json; charset=UTF-8
content-length: 429

18:37:51.102 [AsyncHttpClient-1-3] DEBUG org.asynchttpclient.netty.channel.ChannelManager - Adding key: http://localhost:50206 for channel [id: 0x5581ac5f, L:/127.0.0.1:50212 - R:localhost/127.0.0.1:50206]
18:37:51.110 [AsyncHttpClient-1-4] DEBUG org.asynchttpclient.netty.channel.NettyConnectListener - Using new Channel '[id: 0x10c06f8b, L:/127.0.0.1:50213 - R:localhost/127.0.0.1:50206]' for 'GET' to '/devtools/browser/04ca074d-3403-487e-b76d-aa0cdf414805'
18:37:51.110 [AsyncHttpClient-1-4] DEBUG org.asynchttpclient.netty.handler.WebSocketHandler - 

Request DefaultFullHttpRequest(decodeResult: success, version: HTTP/1.1, content: EmptyByteBufBE)
GET /devtools/browser/04ca074d-3403-487e-b76d-aa0cdf414805 HTTP/1.1
upgrade: websocket
connection: upgrade
sec-websocket-key: 1Nmq5tMcf/zU+XiTQIN8KA==
sec-websocket-version: 13
origin: http://localhost:50206
host: localhost:50206
accept: */*
user-agent: AHC/2.1

Response DefaultHttpResponse(decodeResult: success, version: HTTP/1.1)
HTTP/1.1 101 WebSocket Protocol Handshake
Upgrade: WebSocket
Connection: Upgrade
Sec-WebSocket-Accept: UdRDS4nGIByXv3vgh7HhzFWc7bI=

18:37:51.118 [Forwarding get on session 29b533b94b4f0cf7fd7736965494f083 to remote] DEBUG org.asynchttpclient.netty.request.NettyRequestSender - Using pooled Channel '[id: 0xa3326aff, L:/127.0.0.1:50205 - R:localhost/127.0.0.1:60350]' for 'POST' to 'http://localhost:60350/session/29b533b94b4f0cf7fd7736965494f083/url'
18:37:51.118 [Forwarding get on session 29b533b94b4f0cf7fd7736965494f083 to remote] DEBUG org.asynchttpclient.netty.request.NettyRequestSender - Using open Channel [id: 0xa3326aff, L:/127.0.0.1:50205 - R:localhost/127.0.0.1:60350] for POST '/session/29b533b94b4f0cf7fd7736965494f083/url'
18:37:51.357 [AsyncHttpClient-1-1] DEBUG org.asynchttpclient.netty.channel.DefaultChannelPool - Entry count for : http://localhost:50206 : 1
18:37:51.953 [AsyncHttpClient-1-2] DEBUG org.asynchttpclient.netty.handler.HttpHandler - 

Request DefaultHttpRequest(decodeResult: success, version: HTTP/1.1)
POST /session/29b533b94b4f0cf7fd7736965494f083/url HTTP/1.1
User-Agent: selenium/4.1.4 (java windows)
Content-Length: 78
Content-Type: application/json; charset=utf-8
host: localhost:60350
accept: */*

Response DefaultHttpResponse(decodeResult: success, version: HTTP/1.1)
HTTP/1.1 200 OK
Content-Type: application/json; charset=utf-8
cache-control: no-cache
content-length: 14

18:37:51.953 [AsyncHttpClient-1-2] DEBUG org.asynchttpclient.netty.channel.ChannelManager - Adding key: http://localhost:60350 for channel [id: 0xa3326aff, L:/127.0.0.1:50205 - R:localhost/127.0.0.1:60350]
18:37:51.953 [Forwarding setTimeout on session 29b533b94b4f0cf7fd7736965494f083 to remote] DEBUG org.asynchttpclient.netty.request.NettyRequestSender - Using pooled Channel '[id: 0xa3326aff, L:/127.0.0.1:50205 - R:localhost/127.0.0.1:60350]' for 'POST' to 'http://localhost:60350/session/29b533b94b4f0cf7fd7736965494f083/timeouts'
18:37:51.953 [Forwarding setTimeout on session 29b533b94b4f0cf7fd7736965494f083 to remote] DEBUG org.asynchttpclient.netty.request.NettyRequestSender - Using open Channel [id: 0xa3326aff, L:/127.0.0.1:50205 - R:localhost/127.0.0.1:60350] for POST '/session/29b533b94b4f0cf7fd7736965494f083/timeouts'
18:37:51.954 [AsyncHttpClient-1-2] DEBUG org.asynchttpclient.netty.handler.HttpHandler - 

Request DefaultHttpRequest(decodeResult: success, version: HTTP/1.1)
POST /session/29b533b94b4f0cf7fd7736965494f083/timeouts HTTP/1.1
User-Agent: selenium/4.1.4 (java windows)
Content-Length: 22
Content-Type: application/json; charset=utf-8
host: localhost:60350
accept: */*

Response DefaultHttpResponse(decodeResult: success, version: HTTP/1.1)
HTTP/1.1 200 OK
Content-Type: application/json; charset=utf-8
cache-control: no-cache
content-length: 14

18:37:51.954 [AsyncHttpClient-1-2] DEBUG org.asynchttpclient.netty.channel.ChannelManager - Adding key: http://localhost:60350 for channel [id: 0xa3326aff, L:/127.0.0.1:50205 - R:localhost/127.0.0.1:60350]
18:37:51.954 [Forwarding getCurrentUrl on session 29b533b94b4f0cf7fd7736965494f083 to remote] DEBUG org.asynchttpclient.netty.request.NettyRequestSender - Using pooled Channel '[id: 0xa3326aff, L:/127.0.0.1:50205 - R:localhost/127.0.0.1:60350]' for 'GET' to 'http://localhost:60350/session/29b533b94b4f0cf7fd7736965494f083/url'
18:37:51.954 [Forwarding getCurrentUrl on session 29b533b94b4f0cf7fd7736965494f083 to remote] DEBUG org.asynchttpclient.netty.request.NettyRequestSender - Using open Channel [id: 0xa3326aff, L:/127.0.0.1:50205 - R:localhost/127.0.0.1:60350] for GET '/session/29b533b94b4f0cf7fd7736965494f083/url'
18:37:51.960 [AsyncHttpClient-1-2] DEBUG org.asynchttpclient.netty.handler.HttpHandler - 

Request DefaultFullHttpRequest(decodeResult: success, version: HTTP/1.1, content: EmptyByteBufBE)
GET /session/29b533b94b4f0cf7fd7736965494f083/url HTTP/1.1
User-Agent: selenium/4.1.4 (java windows)
Cache-Control: no-cache
Content-Type: application/json; charset=utf-8
host: localhost:60350
accept: */*

Response DefaultHttpResponse(decodeResult: success, version: HTTP/1.1)
HTTP/1.1 200 OK
Content-Type: application/json; charset=utf-8
cache-control: no-cache
content-length: 60

18:37:51.960 [AsyncHttpClient-1-2] DEBUG org.asynchttpclient.netty.channel.ChannelManager - Adding key: http://localhost:60350 for channel [id: 0xa3326aff, L:/127.0.0.1:50205 - R:localhost/127.0.0.1:60350]
18:37:51.961 [Forwarding screenshot on session 29b533b94b4f0cf7fd7736965494f083 to remote] DEBUG org.asynchttpclient.netty.request.NettyRequestSender - Using pooled Channel '[id: 0xa3326aff, L:/127.0.0.1:50205 - R:localhost/127.0.0.1:60350]' for 'GET' to 'http://localhost:60350/session/29b533b94b4f0cf7fd7736965494f083/screenshot'
18:37:51.961 [Forwarding screenshot on session 29b533b94b4f0cf7fd7736965494f083 to remote] DEBUG org.asynchttpclient.netty.request.NettyRequestSender - Using open Channel [id: 0xa3326aff, L:/127.0.0.1:50205 - R:localhost/127.0.0.1:60350] for GET '/session/29b533b94b4f0cf7fd7736965494f083/screenshot'
18:37:52.460 [AsyncHttpClient-1-1] DEBUG org.asynchttpclient.netty.channel.DefaultChannelPool - Entry count for : http://localhost:50206 : 1
18:37:52.707 [AsyncHttpClient-1-2] DEBUG org.asynchttpclient.netty.handler.HttpHandler - 

Request DefaultFullHttpRequest(decodeResult: success, version: HTTP/1.1, content: EmptyByteBufBE)
GET /session/29b533b94b4f0cf7fd7736965494f083/screenshot HTTP/1.1
User-Agent: selenium/4.1.4 (java windows)
Cache-Control: no-cache
Content-Type: application/json; charset=utf-8
host: localhost:60350
accept: */*

Response DefaultHttpResponse(decodeResult: success, version: HTTP/1.1)
HTTP/1.1 200 OK
Content-Type: application/json; charset=utf-8
cache-control: no-cache
content-length: 380436

18:37:52.707 [AsyncHttpClient-1-2] DEBUG org.asynchttpclient.netty.channel.ChannelManager - Adding key: http://localhost:60350 for channel [id: 0xa3326aff, L:/127.0.0.1:50205 - R:localhost/127.0.0.1:60350]
18:37:52.737 [main] DEBUG net.serenitybdd.core.photography.Darkroom - Send negative for processing for target\site\serenity\d122c364c40ece9db0ad32cd97c3fcf63e95ba606118dda8d3e5a1d2b8235ce2.png
18:37:52.737 [main] DEBUG net.thucydides.core.steps.StepInterceptor - STEP DONE: openLogin
  &amp#27;[32mGiven &amp#27;[0m&amp#27;[32mOpen login page&amp#27;[0m                                   &amp#27;[90m# starter.stepdefinitios.LoginSteps.openLoginPage()&amp#27;[0m
18:37:52.807 [Forwarding screenshot on session 29b533b94b4f0cf7fd7736965494f083 to remote] DEBUG org.asynchttpclient.netty.request.NettyRequestSender - Using pooled Channel '[id: 0xa3326aff, L:/127.0.0.1:50205 - R:localhost/127.0.0.1:60350]' for 'GET' to 'http://localhost:60350/session/29b533b94b4f0cf7fd7736965494f083/screenshot'
18:37:52.807 [Forwarding screenshot on session 29b533b94b4f0cf7fd7736965494f083 to remote] DEBUG org.asynchttpclient.netty.request.NettyRequestSender - Using open Channel [id: 0xa3326aff, L:/127.0.0.1:50205 - R:localhost/127.0.0.1:60350] for GET '/session/29b533b94b4f0cf7fd7736965494f083/screenshot'
18:37:53.080 [AsyncHttpClient-1-2] DEBUG org.asynchttpclient.netty.handler.HttpHandler - 

Request DefaultFullHttpRequest(decodeResult: success, version: HTTP/1.1, content: EmptyByteBufBE)
GET /session/29b533b94b4f0cf7fd7736965494f083/screenshot HTTP/1.1
User-Agent: selenium/4.1.4 (java windows)
Cache-Control: no-cache
Content-Type: application/json; charset=utf-8
host: localhost:60350
accept: */*

Response DefaultHttpResponse(decodeResult: success, version: HTTP/1.1)
HTTP/1.1 200 OK
Content-Type: application/json; charset=utf-8
cache-control: no-cache
content-length: 380436

18:37:53.083 [AsyncHttpClient-1-2] DEBUG org.asynchttpclient.netty.channel.ChannelManager - Adding key: http://localhost:60350 for channel [id: 0xa3326aff, L:/127.0.0.1:50205 - R:localhost/127.0.0.1:60350]
18:37:53.092 [main] DEBUG net.serenitybdd.core.photography.Darkroom - Send negative for processing for target\site\serenity\d122c364c40ece9db0ad32cd97c3fcf63e95ba606118dda8d3e5a1d2b8235ce2.png
18:37:53.541 [AsyncHttpClient-1-1] DEBUG org.asynchttpclient.netty.channel.DefaultChannelPool - Entry count for : http://localhost:60350 : 1
18:37:53.541 [AsyncHttpClient-1-1] DEBUG org.asynchttpclient.netty.channel.DefaultChannelPool - Entry count for : http://localhost:50206 : 1
18:37:53.605 [Forwarding findElement on session 29b533b94b4f0cf7fd7736965494f083 to remote] DEBUG org.asynchttpclient.netty.request.NettyRequestSender - Using pooled Channel '[id: 0xa3326aff, L:/127.0.0.1:50205 - R:localhost/127.0.0.1:60350]' for 'POST' to 'http://localhost:60350/session/29b533b94b4f0cf7fd7736965494f083/element'
18:37:53.605 [Forwarding findElement on session 29b533b94b4f0cf7fd7736965494f083 to remote] DEBUG org.asynchttpclient.netty.request.NettyRequestSender - Using open Channel [id: 0xa3326aff, L:/127.0.0.1:50205 - R:localhost/127.0.0.1:60350] for POST '/session/29b533b94b4f0cf7fd7736965494f083/element'
18:37:53.630 [AsyncHttpClient-1-2] DEBUG org.asynchttpclient.netty.handler.HttpHandler - 

Request DefaultHttpRequest(decodeResult: success, version: HTTP/1.1)
POST /session/29b533b94b4f0cf7fd7736965494f083/element HTTP/1.1
User-Agent: selenium/4.1.4 (java windows)
Content-Length: 70
Content-Type: application/json; charset=utf-8
host: localhost:60350
accept: */*

Response DefaultHttpResponse(decodeResult: success, version: HTTP/1.1)
HTTP/1.1 200 OK
Content-Type: application/json; charset=utf-8
cache-control: no-cache
content-length: 88

18:37:53.630 [AsyncHttpClient-1-2] DEBUG org.asynchttpclient.netty.channel.ChannelManager - Adding key: http://localhost:60350 for channel [id: 0xa3326aff, L:/127.0.0.1:50205 - R:localhost/127.0.0.1:60350]
18:37:53.631 [Forwarding sendKeysToElement on session 29b533b94b4f0cf7fd7736965494f083 to remote] DEBUG org.asynchttpclient.netty.request.NettyRequestSender - Using pooled Channel '[id: 0xa3326aff, L:/127.0.0.1:50205 - R:localhost/127.0.0.1:60350]' for 'POST' to 'http://localhost:60350/session/29b533b94b4f0cf7fd7736965494f083/element/82e0d1db-dda1-4a99-b76d-704a1aee727c/value'
18:37:53.631 [Forwarding sendKeysToElement on session 29b533b94b4f0cf7fd7736965494f083 to remote] DEBUG org.asynchttpclient.netty.request.NettyRequestSender - Using open Channel [id: 0xa3326aff, L:/127.0.0.1:50205 - R:localhost/127.0.0.1:60350] for POST '/session/29b533b94b4f0cf7fd7736965494f083/element/82e0d1db-dda1-4a99-b76d-704a1aee727c/value'
18:37:53.748 [AsyncHttpClient-1-2] DEBUG org.asynchttpclient.netty.handler.HttpHandler - 

Request DefaultHttpRequest(decodeResult: success, version: HTTP/1.1)
POST /session/29b533b94b4f0cf7fd7736965494f083/element/82e0d1db-dda1-4a99-b76d-704a1aee727c/value HTTP/1.1
User-Agent: selenium/4.1.4 (java windows)
Content-Length: 131
Content-Type: application/json; charset=utf-8
host: localhost:60350
accept: */*

Response DefaultHttpResponse(decodeResult: success, version: HTTP/1.1)
HTTP/1.1 200 OK
Content-Type: application/json; charset=utf-8
cache-control: no-cache
content-length: 14

18:37:53.748 [AsyncHttpClient-1-2] DEBUG org.asynchttpclient.netty.channel.ChannelManager - Adding key: http://localhost:60350 for channel [id: 0xa3326aff, L:/127.0.0.1:50205 - R:localhost/127.0.0.1:60350]
  &amp#27;[32mAnd &amp#27;[0m&amp#27;[32mI input &amp#27;[0m&amp#27;[32m&amp#27;[1m"admin"&amp#27;[0m&amp#27;[32m login email valid&amp#27;[0m                   &amp#27;[90m# starter.stepdefinitios.LoginSteps.iInputLoginEmailValid(java.lang.String)&amp#27;[0m
18:37:53.751 [Forwarding screenshot on session 29b533b94b4f0cf7fd7736965494f083 to remote] DEBUG org.asynchttpclient.netty.request.NettyRequestSender - Using pooled Channel '[id: 0xa3326aff, L:/127.0.0.1:50205 - R:localhost/127.0.0.1:60350]' for 'GET' to 'http://localhost:60350/session/29b533b94b4f0cf7fd7736965494f083/screenshot'
18:37:53.751 [Forwarding screenshot on session 29b533b94b4f0cf7fd7736965494f083 to remote] DEBUG org.asynchttpclient.netty.request.NettyRequestSender - Using open Channel [id: 0xa3326aff, L:/127.0.0.1:50205 - R:localhost/127.0.0.1:60350] for GET '/session/29b533b94b4f0cf7fd7736965494f083/screenshot'
18:37:54.057 [AsyncHttpClient-1-2] DEBUG org.asynchttpclient.netty.handler.HttpHandler - 

Request DefaultFullHttpRequest(decodeResult: success, version: HTTP/1.1, content: EmptyByteBufBE)
GET /session/29b533b94b4f0cf7fd7736965494f083/screenshot HTTP/1.1
User-Agent: selenium/4.1.4 (java windows)
Cache-Control: no-cache
Content-Type: application/json; charset=utf-8
host: localhost:60350
accept: */*

Response DefaultHttpResponse(decodeResult: success, version: HTTP/1.1)
HTTP/1.1 200 OK
Content-Type: application/json; charset=utf-8
cache-control: no-cache
content-length: 379420

18:37:54.057 [AsyncHttpClient-1-2] DEBUG org.asynchttpclient.netty.channel.ChannelManager - Adding key: http://localhost:60350 for channel [id: 0xa3326aff, L:/127.0.0.1:50205 - R:localhost/127.0.0.1:60350]
18:37:54.071 [main] DEBUG net.serenitybdd.core.photography.Darkroom - Send negative for processing for target\site\serenity\93df20195d3751dea78ac30a105f84d37c410e0341f58ded6fb231b5b47402e6.png
18:37:54.617 [Forwarding screenshot on session 29b533b94b4f0cf7fd7736965494f083 to remote] DEBUG org.asynchttpclient.netty.request.NettyRequestSender - Using pooled Channel '[id: 0xa3326aff, L:/127.0.0.1:50205 - R:localhost/127.0.0.1:60350]' for 'GET' to 'http://localhost:60350/session/29b533b94b4f0cf7fd7736965494f083/screenshot'
18:37:54.617 [Forwarding screenshot on session 29b533b94b4f0cf7fd7736965494f083 to remote] DEBUG org.asynchttpclient.netty.request.NettyRequestSender - Using open Channel [id: 0xa3326aff, L:/127.0.0.1:50205 - R:localhost/127.0.0.1:60350] for GET '/session/29b533b94b4f0cf7fd7736965494f083/screenshot'
18:37:54.637 [AsyncHttpClient-1-1] DEBUG org.asynchttpclient.netty.channel.DefaultChannelPool - Entry count for : http://localhost:50206 : 1
18:37:54.941 [AsyncHttpClient-1-2] DEBUG org.asynchttpclient.netty.handler.HttpHandler - 

Request DefaultFullHttpRequest(decodeResult: success, version: HTTP/1.1, content: EmptyByteBufBE)
GET /session/29b533b94b4f0cf7fd7736965494f083/screenshot HTTP/1.1
User-Agent: selenium/4.1.4 (java windows)
Cache-Control: no-cache
Content-Type: application/json; charset=utf-8
host: localhost:60350
accept: */*

Response DefaultHttpResponse(decodeResult: success, version: HTTP/1.1)
HTTP/1.1 200 OK
Content-Type: application/json; charset=utf-8
cache-control: no-cache
content-length: 379404

18:37:54.941 [AsyncHttpClient-1-2] DEBUG org.asynchttpclient.netty.channel.ChannelManager - Adding key: http://localhost:60350 for channel [id: 0xa3326aff, L:/127.0.0.1:50205 - R:localhost/127.0.0.1:60350]
18:37:54.944 [main] DEBUG net.serenitybdd.core.photography.Darkroom - Send negative for processing for target\site\serenity\f684e1524ced0278b0b6c6b37709a7cbfb8281aeb576b04a4743fda17448b798.png
18:37:54.944 [main] DEBUG net.thucydides.core.steps.StepInterceptor - STARTING STEP: LoginSteps.iInputLoginPasswordValid - inputPasswordLogin
18:37:54.944 [Forwarding findElement on session 29b533b94b4f0cf7fd7736965494f083 to remote] DEBUG org.asynchttpclient.netty.request.NettyRequestSender - Using pooled Channel '[id: 0xa3326aff, L:/127.0.0.1:50205 - R:localhost/127.0.0.1:60350]' for 'POST' to 'http://localhost:60350/session/29b533b94b4f0cf7fd7736965494f083/element'
18:37:54.944 [Forwarding findElement on session 29b533b94b4f0cf7fd7736965494f083 to remote] DEBUG org.asynchttpclient.netty.request.NettyRequestSender - Using open Channel [id: 0xa3326aff, L:/127.0.0.1:50205 - R:localhost/127.0.0.1:60350] for POST '/session/29b533b94b4f0cf7fd7736965494f083/element'
18:37:54.996 [AsyncHttpClient-1-2] DEBUG org.asynchttpclient.netty.handler.HttpHandler - 

Request DefaultHttpRequest(decodeResult: success, version: HTTP/1.1)
POST /session/29b533b94b4f0cf7fd7736965494f083/element HTTP/1.1
User-Agent: selenium/4.1.4 (java windows)
Content-Length: 70
Content-Type: application/json; charset=utf-8
host: localhost:60350
accept: */*

Response DefaultHttpResponse(decodeResult: success, version: HTTP/1.1)
HTTP/1.1 200 OK
Content-Type: application/json; charset=utf-8
cache-control: no-cache
content-length: 88

18:37:54.996 [AsyncHttpClient-1-2] DEBUG org.asynchttpclient.netty.channel.ChannelManager - Adding key: http://localhost:60350 for channel [id: 0xa3326aff, L:/127.0.0.1:50205 - R:localhost/127.0.0.1:60350]
18:37:54.997 [Forwarding sendKeysToElement on session 29b533b94b4f0cf7fd7736965494f083 to remote] DEBUG org.asynchttpclient.netty.request.NettyRequestSender - Using pooled Channel '[id: 0xa3326aff, L:/127.0.0.1:50205 - R:localhost/127.0.0.1:60350]' for 'POST' to 'http://localhost:60350/session/29b533b94b4f0cf7fd7736965494f083/element/d98f0bdf-9efd-4faf-aef1-c07d59866b8b/value'
18:37:54.997 [Forwarding sendKeysToElement on session 29b533b94b4f0cf7fd7736965494f083 to remote] DEBUG org.asynchttpclient.netty.request.NettyRequestSender - Using open Channel [id: 0xa3326aff, L:/127.0.0.1:50205 - R:localhost/127.0.0.1:60350] for POST '/session/29b533b94b4f0cf7fd7736965494f083/element/d98f0bdf-9efd-4faf-aef1-c07d59866b8b/value'
18:37:55.063 [AsyncHttpClient-1-2] DEBUG org.asynchttpclient.netty.handler.HttpHandler - 

Request DefaultHttpRequest(decodeResult: success, version: HTTP/1.1)
POST /session/29b533b94b4f0cf7fd7736965494f083/element/d98f0bdf-9efd-4faf-aef1-c07d59866b8b/value HTTP/1.1
User-Agent: selenium/4.1.4 (java windows)
Content-Length: 161
Content-Type: application/json; charset=utf-8
host: localhost:60350
accept: */*

Response DefaultHttpResponse(decodeResult: success, version: HTTP/1.1)
HTTP/1.1 200 OK
Content-Type: application/json; charset=utf-8
cache-control: no-cache
content-length: 14

18:37:55.063 [AsyncHttpClient-1-2] DEBUG org.asynchttpclient.netty.channel.ChannelManager - Adding key: http://localhost:60350 for channel [id: 0xa3326aff, L:/127.0.0.1:50205 - R:localhost/127.0.0.1:60350]
18:37:55.065 [Forwarding screenshot on session 29b533b94b4f0cf7fd7736965494f083 to remote] DEBUG org.asynchttpclient.netty.request.NettyRequestSender - Using pooled Channel '[id: 0xa3326aff, L:/127.0.0.1:50205 - R:localhost/127.0.0.1:60350]' for 'GET' to 'http://localhost:60350/session/29b533b94b4f0cf7fd7736965494f083/screenshot'
18:37:55.065 [Forwarding screenshot on session 29b533b94b4f0cf7fd7736965494f083 to remote] DEBUG org.asynchttpclient.netty.request.NettyRequestSender - Using open Channel [id: 0xa3326aff, L:/127.0.0.1:50205 - R:localhost/127.0.0.1:60350] for GET '/session/29b533b94b4f0cf7fd7736965494f083/screenshot'
18:37:55.251 [AsyncHttpClient-1-2] DEBUG org.asynchttpclient.netty.handler.HttpHandler - 

Request DefaultFullHttpRequest(decodeResult: success, version: HTTP/1.1, content: EmptyByteBufBE)
GET /session/29b533b94b4f0cf7fd7736965494f083/screenshot HTTP/1.1
User-Agent: selenium/4.1.4 (java windows)
Cache-Control: no-cache
Content-Type: application/json; charset=utf-8
host: localhost:60350
accept: */*

Response DefaultHttpResponse(decodeResult: success, version: HTTP/1.1)
HTTP/1.1 200 OK
Content-Type: application/json; charset=utf-8
cache-control: no-cache
content-length: 377580

18:37:55.252 [AsyncHttpClient-1-2] DEBUG org.asynchttpclient.netty.channel.ChannelManager - Adding key: http://localhost:60350 for channel [id: 0xa3326aff, L:/127.0.0.1:50205 - R:localhost/127.0.0.1:60350]
18:37:55.262 [main] DEBUG net.serenitybdd.core.photography.Darkroom - Send negative for processing for target\site\serenity\44fa0aa493cf3a3837a7fab79c30bded8f584eda85d2cfd055a7ef5b4e3f0a4a.png
18:37:55.262 [main] DEBUG net.thucydides.core.steps.StepInterceptor - STEP DONE: inputPasswordLogin
  &amp#27;[32mAnd &amp#27;[0m&amp#27;[32mI input &amp#27;[0m&amp#27;[32m&amp#27;[1m"admin123"&amp#27;[0m&amp#27;[32m login password valid&amp#27;[0m             &amp#27;[90m# starter.stepdefinitios.LoginSteps.iInputLoginPasswordValid(java.lang.String)&amp#27;[0m
18:37:55.277 [main] DEBUG net.thucydides.core.steps.StepInterceptor - STARTING STEP: LoginSteps.iClickButtonLogin - clickButtonLogin
18:37:55.279 [Forwarding findElement on session 29b533b94b4f0cf7fd7736965494f083 to remote] DEBUG org.asynchttpclient.netty.request.NettyRequestSender - Using pooled Channel '[id: 0xa3326aff, L:/127.0.0.1:50205 - R:localhost/127.0.0.1:60350]' for 'POST' to 'http://localhost:60350/session/29b533b94b4f0cf7fd7736965494f083/element'
18:37:55.279 [Forwarding findElement on session 29b533b94b4f0cf7fd7736965494f083 to remote] DEBUG org.asynchttpclient.netty.request.NettyRequestSender - Using open Channel [id: 0xa3326aff, L:/127.0.0.1:50205 - R:localhost/127.0.0.1:60350] for POST '/session/29b533b94b4f0cf7fd7736965494f083/element'
18:37:55.288 [AsyncHttpClient-1-2] DEBUG org.asynchttpclient.netty.handler.HttpHandler - 

Request DefaultHttpRequest(decodeResult: success, version: HTTP/1.1)
POST /session/29b533b94b4f0cf7fd7736965494f083/element HTTP/1.1
User-Agent: selenium/4.1.4 (java windows)
Content-Length: 68
Content-Type: application/json; charset=utf-8
host: localhost:60350
accept: */*

Response DefaultHttpResponse(decodeResult: success, version: HTTP/1.1)
HTTP/1.1 200 OK
Content-Type: application/json; charset=utf-8
cache-control: no-cache
content-length: 88

18:37:55.288 [AsyncHttpClient-1-2] DEBUG org.asynchttpclient.netty.channel.ChannelManager - Adding key: http://localhost:60350 for channel [id: 0xa3326aff, L:/127.0.0.1:50205 - R:localhost/127.0.0.1:60350]
18:37:55.289 [Forwarding getElementTagName on session 29b533b94b4f0cf7fd7736965494f083 to remote] DEBUG org.asynchttpclient.netty.request.NettyRequestSender - Using pooled Channel '[id: 0xa3326aff, L:/127.0.0.1:50205 - R:localhost/127.0.0.1:60350]' for 'GET' to 'http://localhost:60350/session/29b533b94b4f0cf7fd7736965494f083/element/c360fbb1-67df-48e5-851f-ed4a0e83eaf1/name'
18:37:55.289 [Forwarding getElementTagName on session 29b533b94b4f0cf7fd7736965494f083 to remote] DEBUG org.asynchttpclient.netty.request.NettyRequestSender - Using open Channel [id: 0xa3326aff, L:/127.0.0.1:50205 - R:localhost/127.0.0.1:60350] for GET '/session/29b533b94b4f0cf7fd7736965494f083/element/c360fbb1-67df-48e5-851f-ed4a0e83eaf1/name'
18:37:55.293 [AsyncHttpClient-1-2] DEBUG org.asynchttpclient.netty.handler.HttpHandler - 

Request DefaultFullHttpRequest(decodeResult: success, version: HTTP/1.1, content: EmptyByteBufBE)
GET /session/29b533b94b4f0cf7fd7736965494f083/element/c360fbb1-67df-48e5-851f-ed4a0e83eaf1/name HTTP/1.1
User-Agent: selenium/4.1.4 (java windows)
Cache-Control: no-cache
Content-Type: application/json; charset=utf-8
host: localhost:60350
accept: */*

Response DefaultHttpResponse(decodeResult: success, version: HTTP/1.1)
HTTP/1.1 200 OK
Content-Type: application/json; charset=utf-8
cache-control: no-cache
content-length: 18

18:37:55.293 [AsyncHttpClient-1-2] DEBUG org.asynchttpclient.netty.channel.ChannelManager - Adding key: http://localhost:60350 for channel [id: 0xa3326aff, L:/127.0.0.1:50205 - R:localhost/127.0.0.1:60350]
18:37:55.294 [Forwarding getElementTagName on session 29b533b94b4f0cf7fd7736965494f083 to remote] DEBUG org.asynchttpclient.netty.request.NettyRequestSender - Using pooled Channel '[id: 0xa3326aff, L:/127.0.0.1:50205 - R:localhost/127.0.0.1:60350]' for 'GET' to 'http://localhost:60350/session/29b533b94b4f0cf7fd7736965494f083/element/c360fbb1-67df-48e5-851f-ed4a0e83eaf1/name'
18:37:55.294 [Forwarding getElementTagName on session 29b533b94b4f0cf7fd7736965494f083 to remote] DEBUG org.asynchttpclient.netty.request.NettyRequestSender - Using open Channel [id: 0xa3326aff, L:/127.0.0.1:50205 - R:localhost/127.0.0.1:60350] for GET '/session/29b533b94b4f0cf7fd7736965494f083/element/c360fbb1-67df-48e5-851f-ed4a0e83eaf1/name'
18:37:55.297 [AsyncHttpClient-1-2] DEBUG org.asynchttpclient.netty.handler.HttpHandler - 

Request DefaultFullHttpRequest(decodeResult: success, version: HTTP/1.1, content: EmptyByteBufBE)
GET /session/29b533b94b4f0cf7fd7736965494f083/element/c360fbb1-67df-48e5-851f-ed4a0e83eaf1/name HTTP/1.1
User-Agent: selenium/4.1.4 (java windows)
Cache-Control: no-cache
Content-Type: application/json; charset=utf-8
host: localhost:60350
accept: */*

Response DefaultHttpResponse(decodeResult: success, version: HTTP/1.1)
HTTP/1.1 200 OK
Content-Type: application/json; charset=utf-8
cache-control: no-cache
content-length: 18

18:37:55.297 [AsyncHttpClient-1-2] DEBUG org.asynchttpclient.netty.channel.ChannelManager - Adding key: http://localhost:60350 for channel [id: 0xa3326aff, L:/127.0.0.1:50205 - R:localhost/127.0.0.1:60350]
18:37:55.298 [Forwarding isElementEnabled on session 29b533b94b4f0cf7fd7736965494f083 to remote] DEBUG org.asynchttpclient.netty.request.NettyRequestSender - Using pooled Channel '[id: 0xa3326aff, L:/127.0.0.1:50205 - R:localhost/127.0.0.1:60350]' for 'GET' to 'http://localhost:60350/session/29b533b94b4f0cf7fd7736965494f083/element/c360fbb1-67df-48e5-851f-ed4a0e83eaf1/enabled'
18:37:55.298 [Forwarding isElementEnabled on session 29b533b94b4f0cf7fd7736965494f083 to remote] DEBUG org.asynchttpclient.netty.request.NettyRequestSender - Using open Channel [id: 0xa3326aff, L:/127.0.0.1:50205 - R:localhost/127.0.0.1:60350] for GET '/session/29b533b94b4f0cf7fd7736965494f083/element/c360fbb1-67df-48e5-851f-ed4a0e83eaf1/enabled'
18:37:55.306 [AsyncHttpClient-1-2] DEBUG org.asynchttpclient.netty.handler.HttpHandler - 

Request DefaultFullHttpRequest(decodeResult: success, version: HTTP/1.1, content: EmptyByteBufBE)
GET /session/29b533b94b4f0cf7fd7736965494f083/element/c360fbb1-67df-48e5-851f-ed4a0e83eaf1/enabled HTTP/1.1
User-Agent: selenium/4.1.4 (java windows)
Cache-Control: no-cache
Content-Type: application/json; charset=utf-8
host: localhost:60350
accept: */*

Response DefaultHttpResponse(decodeResult: success, version: HTTP/1.1)
HTTP/1.1 200 OK
Content-Type: application/json; charset=utf-8
cache-control: no-cache
content-length: 14

18:37:55.306 [AsyncHttpClient-1-2] DEBUG org.asynchttpclient.netty.channel.ChannelManager - Adding key: http://localhost:60350 for channel [id: 0xa3326aff, L:/127.0.0.1:50205 - R:localhost/127.0.0.1:60350]
18:37:55.307 [Forwarding isElementEnabled on session 29b533b94b4f0cf7fd7736965494f083 to remote] DEBUG org.asynchttpclient.netty.request.NettyRequestSender - Using pooled Channel '[id: 0xa3326aff, L:/127.0.0.1:50205 - R:localhost/127.0.0.1:60350]' for 'GET' to 'http://localhost:60350/session/29b533b94b4f0cf7fd7736965494f083/element/c360fbb1-67df-48e5-851f-ed4a0e83eaf1/enabled'
18:37:55.307 [Forwarding isElementEnabled on session 29b533b94b4f0cf7fd7736965494f083 to remote] DEBUG org.asynchttpclient.netty.request.NettyRequestSender - Using open Channel [id: 0xa3326aff, L:/127.0.0.1:50205 - R:localhost/127.0.0.1:60350] for GET '/session/29b533b94b4f0cf7fd7736965494f083/element/c360fbb1-67df-48e5-851f-ed4a0e83eaf1/enabled'
18:37:55.312 [AsyncHttpClient-1-2] DEBUG org.asynchttpclient.netty.handler.HttpHandler - 

Request DefaultFullHttpRequest(decodeResult: success, version: HTTP/1.1, content: EmptyByteBufBE)
GET /session/29b533b94b4f0cf7fd7736965494f083/element/c360fbb1-67df-48e5-851f-ed4a0e83eaf1/enabled HTTP/1.1
User-Agent: selenium/4.1.4 (java windows)
Cache-Control: no-cache
Content-Type: application/json; charset=utf-8
host: localhost:60350
accept: */*

Response DefaultHttpResponse(decodeResult: success, version: HTTP/1.1)
HTTP/1.1 200 OK
Content-Type: application/json; charset=utf-8
cache-control: no-cache
content-length: 14

18:37:55.312 [AsyncHttpClient-1-2] DEBUG org.asynchttpclient.netty.channel.ChannelManager - Adding key: http://localhost:60350 for channel [id: 0xa3326aff, L:/127.0.0.1:50205 - R:localhost/127.0.0.1:60350]
18:37:55.314 [Forwarding findElement on session 29b533b94b4f0cf7fd7736965494f083 to remote] DEBUG org.asynchttpclient.netty.request.NettyRequestSender - Using pooled Channel '[id: 0xa3326aff, L:/127.0.0.1:50205 - R:localhost/127.0.0.1:60350]' for 'POST' to 'http://localhost:60350/session/29b533b94b4f0cf7fd7736965494f083/element'
18:37:55.314 [Forwarding findElement on session 29b533b94b4f0cf7fd7736965494f083 to remote] DEBUG org.asynchttpclient.netty.request.NettyRequestSender - Using open Channel [id: 0xa3326aff, L:/127.0.0.1:50205 - R:localhost/127.0.0.1:60350] for POST '/session/29b533b94b4f0cf7fd7736965494f083/element'
18:37:55.320 [AsyncHttpClient-1-2] DEBUG org.asynchttpclient.netty.handler.HttpHandler - 

Request DefaultHttpRequest(decodeResult: success, version: HTTP/1.1)
POST /session/29b533b94b4f0cf7fd7736965494f083/element HTTP/1.1
User-Agent: selenium/4.1.4 (java windows)
Content-Length: 68
Content-Type: application/json; charset=utf-8
host: localhost:60350
accept: */*

Response DefaultHttpResponse(decodeResult: success, version: HTTP/1.1)
HTTP/1.1 200 OK
Content-Type: application/json; charset=utf-8
cache-control: no-cache
content-length: 88

18:37:55.320 [AsyncHttpClient-1-2] DEBUG org.asynchttpclient.netty.channel.ChannelManager - Adding key: http://localhost:60350 for channel [id: 0xa3326aff, L:/127.0.0.1:50205 - R:localhost/127.0.0.1:60350]
18:37:55.321 [Forwarding clickElement on session 29b533b94b4f0cf7fd7736965494f083 to remote] DEBUG org.asynchttpclient.netty.request.NettyRequestSender - Using pooled Channel '[id: 0xa3326aff, L:/127.0.0.1:50205 - R:localhost/127.0.0.1:60350]' for 'POST' to 'http://localhost:60350/session/29b533b94b4f0cf7fd7736965494f083/element/c360fbb1-67df-48e5-851f-ed4a0e83eaf1/click'
18:37:55.321 [Forwarding clickElement on session 29b533b94b4f0cf7fd7736965494f083 to remote] DEBUG org.asynchttpclient.netty.request.NettyRequestSender - Using open Channel [id: 0xa3326aff, L:/127.0.0.1:50205 - R:localhost/127.0.0.1:60350] for POST '/session/29b533b94b4f0cf7fd7736965494f083/element/c360fbb1-67df-48e5-851f-ed4a0e83eaf1/click'
18:37:55.370 [AsyncHttpClient-1-2] DEBUG org.asynchttpclient.netty.handler.HttpHandler - 

Request DefaultHttpRequest(decodeResult: success, version: HTTP/1.1)
POST /session/29b533b94b4f0cf7fd7736965494f083/element/c360fbb1-67df-48e5-851f-ed4a0e83eaf1/click HTTP/1.1
User-Agent: selenium/4.1.4 (java windows)
Content-Length: 50
Content-Type: application/json; charset=utf-8
host: localhost:60350
accept: */*

Response DefaultHttpResponse(decodeResult: success, version: HTTP/1.1)
HTTP/1.1 200 OK
Content-Type: application/json; charset=utf-8
cache-control: no-cache
content-length: 14

18:37:55.370 [AsyncHttpClient-1-2] DEBUG org.asynchttpclient.netty.channel.ChannelManager - Adding key: http://localhost:60350 for channel [id: 0xa3326aff, L:/127.0.0.1:50205 - R:localhost/127.0.0.1:60350]
18:37:55.373 [Forwarding screenshot on session 29b533b94b4f0cf7fd7736965494f083 to remote] DEBUG org.asynchttpclient.netty.request.NettyRequestSender - Using pooled Channel '[id: 0xa3326aff, L:/127.0.0.1:50205 - R:localhost/127.0.0.1:60350]' for 'GET' to 'http://localhost:60350/session/29b533b94b4f0cf7fd7736965494f083/screenshot'
18:37:55.373 [Forwarding screenshot on session 29b533b94b4f0cf7fd7736965494f083 to remote] DEBUG org.asynchttpclient.netty.request.NettyRequestSender - Using open Channel [id: 0xa3326aff, L:/127.0.0.1:50205 - R:localhost/127.0.0.1:60350] for GET '/session/29b533b94b4f0cf7fd7736965494f083/screenshot'
18:37:55.722 [AsyncHttpClient-1-2] DEBUG org.asynchttpclient.netty.handler.HttpHandler - 

Request DefaultFullHttpRequest(decodeResult: success, version: HTTP/1.1, content: EmptyByteBufBE)
GET /session/29b533b94b4f0cf7fd7736965494f083/screenshot HTTP/1.1
User-Agent: selenium/4.1.4 (java windows)
Cache-Control: no-cache
Content-Type: application/json; charset=utf-8
host: localhost:60350
accept: */*

Response DefaultHttpResponse(decodeResult: success, version: HTTP/1.1)
HTTP/1.1 200 OK
Content-Type: application/json; charset=utf-8
cache-control: no-cache
content-length: 342712

18:37:55.723 [AsyncHttpClient-1-2] DEBUG org.asynchttpclient.netty.channel.ChannelManager - Adding key: http://localhost:60350 for channel [id: 0xa3326aff, L:/127.0.0.1:50205 - R:localhost/127.0.0.1:60350]
18:37:55.734 [main] DEBUG net.serenitybdd.core.photography.Darkroom - Send negative for processing for target\site\serenity\fa002e6c0bbadfba10a7af62e1e729939a9f3099ff6f10aa8a6e7df6112568f4.png
18:37:55.735 [main] DEBUG net.thucydides.core.steps.StepInterceptor - STEP DONE: clickButtonLogin
18:37:55.735 [AsyncHttpClient-1-1] DEBUG org.asynchttpclient.netty.channel.DefaultChannelPool - Entry count for : http://localhost:60350 : 1
18:37:55.735 [AsyncHttpClient-1-1] DEBUG org.asynchttpclient.netty.channel.DefaultChannelPool - Entry count for : http://localhost:50206 : 1
18:37:55.735 [Darkroom Processing Line] DEBUG net.serenitybdd.core.photography.DarkroomProcessingLine - Processing screenshot image in /var/screenshots/screenshot-16024965632460106162
18:37:55.735 [Darkroom Processing Line] DEBUG net.serenitybdd.core.photography.DarkroomProcessingLine - Saving screenshot to target\site\serenity\fa002e6c0bbadfba10a7af62e1e729939a9f3099ff6f10aa8a6e7df6112568f4.png
18:37:57.091 [AsyncHttpClient-1-1] DEBUG org.asynchttpclient.netty.channel.DefaultChannelPool - Entry count for : http://localhost:60350 : 1
18:37:57.091 [AsyncHttpClient-1-1] DEBUG org.asynchttpclient.netty.channel.DefaultChannelPool - Entry count for : http://localhost:50206 : 1
  &amp#27;[32mWhen &amp#27;[0m&amp#27;[32mI click button login&amp#27;[0m                               &amp#27;[90m# starter.stepdefinitios.LoginSteps.iClickButtonLogin()&amp#27;[0m
18:37:57.105 [Forwarding screenshot on session 29b533b94b4f0cf7fd7736965494f083 to remote] DEBUG org.asynchttpclient.netty.request.NettyRequestSender - Using pooled Channel '[id: 0xa3326aff, L:/127.0.0.1:50205 - R:localhost/127.0.0.1:60350]' for 'GET' to 'http://localhost:60350/session/29b533b94b4f0cf7fd7736965494f083/screenshot'
18:37:57.105 [Forwarding screenshot on session 29b533b94b4f0cf7fd7736965494f083 to remote] DEBUG org.asynchttpclient.netty.request.NettyRequestSender - Using open Channel [id: 0xa3326aff, L:/127.0.0.1:50205 - R:localhost/127.0.0.1:60350] for GET '/session/29b533b94b4f0cf7fd7736965494f083/screenshot'
18:37:57.706 [AsyncHttpClient-1-2] DEBUG org.asynchttpclient.netty.handler.HttpHandler - 

Request DefaultFullHttpRequest(decodeResult: success, version: HTTP/1.1, content: EmptyByteBufBE)
GET /session/29b533b94b4f0cf7fd7736965494f083/screenshot HTTP/1.1
User-Agent: selenium/4.1.4 (java windows)
Cache-Control: no-cache
Content-Type: application/json; charset=utf-8
host: localhost:60350
accept: */*

Response DefaultHttpResponse(decodeResult: success, version: HTTP/1.1)
HTTP/1.1 200 OK
Content-Type: application/json; charset=utf-8
cache-control: no-cache
content-length: 316156

18:37:57.707 [AsyncHttpClient-1-2] DEBUG org.asynchttpclient.netty.channel.ChannelManager - Adding key: http://localhost:60350 for channel [id: 0xa3326aff, L:/127.0.0.1:50205 - R:localhost/127.0.0.1:60350]
18:37:57.718 [main] DEBUG net.serenitybdd.core.photography.Darkroom - Send negative for processing for target\site\serenity\46122e68b1844cc2c4820aedbd1cfd89366ab4314f40af35ea587d9eb3b3c25f.png
18:37:57.718 [Darkroom Processing Line] DEBUG net.serenitybdd.core.photography.DarkroomProcessingLine - Processing screenshot image in /var/screenshots/screenshot-2912651260846110845
18:37:57.718 [Darkroom Processing Line] DEBUG net.serenitybdd.core.photography.DarkroomProcessingLine - Saving screenshot to target\site\serenity\46122e68b1844cc2c4820aedbd1cfd89366ab4314f40af35ea587d9eb3b3c25f.png
18:37:58.137 [AsyncHttpClient-1-1] DEBUG org.asynchttpclient.netty.channel.DefaultChannelPool - Entry count for : http://localhost:60350 : 1
18:37:58.137 [AsyncHttpClient-1-1] DEBUG org.asynchttpclient.netty.channel.DefaultChannelPool - Entry count for : http://localhost:50206 : 1
18:37:59.244 [AsyncHttpClient-1-1] DEBUG org.asynchttpclient.netty.channel.DefaultChannelPool - Entry count for : http://localhost:60350 : 1
18:37:59.244 [AsyncHttpClient-1-1] DEBUG org.asynchttpclient.netty.channel.DefaultChannelPool - Entry count for : http://localhost:50206 : 1
18:38:00.343 [AsyncHttpClient-1-1] DEBUG org.asynchttpclient.netty.channel.DefaultChannelPool - Entry count for : http://localhost:60350 : 1
18:38:00.343 [AsyncHttpClient-1-1] DEBUG org.asynchttpclient.netty.channel.DefaultChannelPool - Entry count for : http://localhost:50206 : 1
18:38:01.444 [AsyncHttpClient-1-1] DEBUG org.asynchttpclient.netty.channel.DefaultChannelPool - Entry count for : http://localhost:60350 : 1
18:38:01.444 [AsyncHttpClient-1-1] DEBUG org.asynchttpclient.netty.channel.DefaultChannelPool - Entry count for : http://localhost:50206 : 1
18:38:02.545 [AsyncHttpClient-1-1] DEBUG org.asynchttpclient.netty.channel.DefaultChannelPool - Entry count for : http://localhost:60350 : 1
18:38:02.545 [AsyncHttpClient-1-1] DEBUG org.asynchttpclient.netty.channel.DefaultChannelPool - Entry count for : http://localhost:50206 : 1
18:38:02.737 [Forwarding findElement on session 29b533b94b4f0cf7fd7736965494f083 to remote] DEBUG org.asynchttpclient.netty.request.NettyRequestSender - Using pooled Channel '[id: 0xa3326aff, L:/127.0.0.1:50205 - R:localhost/127.0.0.1:60350]' for 'POST' to 'http://localhost:60350/session/29b533b94b4f0cf7fd7736965494f083/element'
18:38:02.737 [Forwarding findElement on session 29b533b94b4f0cf7fd7736965494f083 to remote] DEBUG org.asynchttpclient.netty.request.NettyRequestSender - Using open Channel [id: 0xa3326aff, L:/127.0.0.1:50205 - R:localhost/127.0.0.1:60350] for POST '/session/29b533b94b4f0cf7fd7736965494f083/element'
18:38:02.758 [AsyncHttpClient-1-2] DEBUG org.asynchttpclient.netty.handler.HttpHandler - 

Request DefaultHttpRequest(decodeResult: success, version: HTTP/1.1)
POST /session/29b533b94b4f0cf7fd7736965494f083/element HTTP/1.1
User-Agent: selenium/4.1.4 (java windows)
Content-Length: 68
Content-Type: application/json; charset=utf-8
host: localhost:60350
accept: */*

Response DefaultHttpResponse(decodeResult: success, version: HTTP/1.1)
HTTP/1.1 200 OK
Content-Type: application/json; charset=utf-8
cache-control: no-cache
content-length: 88

18:38:02.758 [AsyncHttpClient-1-2] DEBUG org.asynchttpclient.netty.channel.ChannelManager - Adding key: http://localhost:60350 for channel [id: 0xa3326aff, L:/127.0.0.1:50205 - R:localhost/127.0.0.1:60350]
18:38:02.758 [Forwarding isElementEnabled on session 29b533b94b4f0cf7fd7736965494f083 to remote] DEBUG org.asynchttpclient.netty.request.NettyRequestSender - Using pooled Channel '[id: 0xa3326aff, L:/127.0.0.1:50205 - R:localhost/127.0.0.1:60350]' for 'GET' to 'http://localhost:60350/session/29b533b94b4f0cf7fd7736965494f083/element/f25be293-e007-439b-8a9e-80a42c2f5d94/enabled'
18:38:02.758 [Forwarding isElementEnabled on session 29b533b94b4f0cf7fd7736965494f083 to remote] DEBUG org.asynchttpclient.netty.request.NettyRequestSender - Using open Channel [id: 0xa3326aff, L:/127.0.0.1:50205 - R:localhost/127.0.0.1:60350] for GET '/session/29b533b94b4f0cf7fd7736965494f083/element/f25be293-e007-439b-8a9e-80a42c2f5d94/enabled'
18:38:02.773 [AsyncHttpClient-1-2] DEBUG org.asynchttpclient.netty.handler.HttpHandler - 

Request DefaultFullHttpRequest(decodeResult: success, version: HTTP/1.1, content: EmptyByteBufBE)
GET /session/29b533b94b4f0cf7fd7736965494f083/element/f25be293-e007-439b-8a9e-80a42c2f5d94/enabled HTTP/1.1
User-Agent: selenium/4.1.4 (java windows)
Cache-Control: no-cache
Content-Type: application/json; charset=utf-8
host: localhost:60350
accept: */*

Response DefaultHttpResponse(decodeResult: success, version: HTTP/1.1)
HTTP/1.1 200 OK
Content-Type: application/json; charset=utf-8
cache-control: no-cache
content-length: 14

18:38:02.773 [AsyncHttpClient-1-2] DEBUG org.asynchttpclient.netty.channel.ChannelManager - Adding key: http://localhost:60350 for channel [id: 0xa3326aff, L:/127.0.0.1:50205 - R:localhost/127.0.0.1:60350]
18:38:03.294 [Forwarding screenshot on session 29b533b94b4f0cf7fd7736965494f083 to remote] DEBUG org.asynchttpclient.netty.request.NettyRequestSender - Using pooled Channel '[id: 0xa3326aff, L:/127.0.0.1:50205 - R:localhost/127.0.0.1:60350]' for 'GET' to 'http://localhost:60350/session/29b533b94b4f0cf7fd7736965494f083/screenshot'
18:38:03.294 [Forwarding screenshot on session 29b533b94b4f0cf7fd7736965494f083 to remote] DEBUG org.asynchttpclient.netty.request.NettyRequestSender - Using open Channel [id: 0xa3326aff, L:/127.0.0.1:50205 - R:localhost/127.0.0.1:60350] for GET '/session/29b533b94b4f0cf7fd7736965494f083/screenshot'
18:38:03.638 [AsyncHttpClient-1-1] DEBUG org.asynchttpclient.netty.channel.DefaultChannelPool - Entry count for : http://localhost:50206 : 1
18:38:03.666 [AsyncHttpClient-1-2] DEBUG org.asynchttpclient.netty.handler.HttpHandler - 

Request DefaultFullHttpRequest(decodeResult: success, version: HTTP/1.1, content: EmptyByteBufBE)
GET /session/29b533b94b4f0cf7fd7736965494f083/screenshot HTTP/1.1
User-Agent: selenium/4.1.4 (java windows)
Cache-Control: no-cache
Content-Type: application/json; charset=utf-8
host: localhost:60350
accept: */*

Response DefaultHttpResponse(decodeResult: success, version: HTTP/1.1)
HTTP/1.1 200 OK
Content-Type: application/json; charset=utf-8
cache-control: no-cache
content-length: 301044

18:38:03.682 [AsyncHttpClient-1-2] DEBUG org.asynchttpclient.netty.channel.ChannelManager - Adding key: http://localhost:60350 for channel [id: 0xa3326aff, L:/127.0.0.1:50205 - R:localhost/127.0.0.1:60350]
18:38:03.683 [main] DEBUG net.serenitybdd.core.photography.Darkroom - Send negative for processing for target\site\serenity\163e386af0b12517552a74a3d5043b94e8c0f9215c0f21d464e3b04d27a0859d.png
18:38:03.683 [main] DEBUG net.thucydides.core.steps.StepInterceptor - STARTING STEP: LoginSteps.loginValidationInvalid - clickButtonErrorOK
18:38:03.698 [Forwarding findElement on session 29b533b94b4f0cf7fd7736965494f083 to remote] DEBUG org.asynchttpclient.netty.request.NettyRequestSender - Using pooled Channel '[id: 0xa3326aff, L:/127.0.0.1:50205 - R:localhost/127.0.0.1:60350]' for 'POST' to 'http://localhost:60350/session/29b533b94b4f0cf7fd7736965494f083/element'
18:38:03.698 [Forwarding findElement on session 29b533b94b4f0cf7fd7736965494f083 to remote] DEBUG org.asynchttpclient.netty.request.NettyRequestSender - Using open Channel [id: 0xa3326aff, L:/127.0.0.1:50205 - R:localhost/127.0.0.1:60350] for POST '/session/29b533b94b4f0cf7fd7736965494f083/element'
18:38:03.719 [AsyncHttpClient-1-2] DEBUG org.asynchttpclient.netty.handler.HttpHandler - 

Request DefaultHttpRequest(decodeResult: success, version: HTTP/1.1)
POST /session/29b533b94b4f0cf7fd7736965494f083/element HTTP/1.1
User-Agent: selenium/4.1.4 (java windows)
Content-Length: 88
Content-Type: application/json; charset=utf-8
host: localhost:60350
accept: */*

Response DefaultHttpResponse(decodeResult: success, version: HTTP/1.1)
HTTP/1.1 200 OK
Content-Type: application/json; charset=utf-8
cache-control: no-cache
content-length: 88

18:38:03.719 [AsyncHttpClient-1-2] DEBUG org.asynchttpclient.netty.channel.ChannelManager - Adding key: http://localhost:60350 for channel [id: 0xa3326aff, L:/127.0.0.1:50205 - R:localhost/127.0.0.1:60350]
18:38:03.720 [Forwarding getElementTagName on session 29b533b94b4f0cf7fd7736965494f083 to remote] DEBUG org.asynchttpclient.netty.request.NettyRequestSender - Using pooled Channel '[id: 0xa3326aff, L:/127.0.0.1:50205 - R:localhost/127.0.0.1:60350]' for 'GET' to 'http://localhost:60350/session/29b533b94b4f0cf7fd7736965494f083/element/4c38776a-7784-4a14-aa61-2c898bf3997b/name'
18:38:03.720 [Forwarding getElementTagName on session 29b533b94b4f0cf7fd7736965494f083 to remote] DEBUG org.asynchttpclient.netty.request.NettyRequestSender - Using open Channel [id: 0xa3326aff, L:/127.0.0.1:50205 - R:localhost/127.0.0.1:60350] for GET '/session/29b533b94b4f0cf7fd7736965494f083/element/4c38776a-7784-4a14-aa61-2c898bf3997b/name'
18:38:03.726 [AsyncHttpClient-1-2] DEBUG org.asynchttpclient.netty.handler.HttpHandler - 

Request DefaultFullHttpRequest(decodeResult: success, version: HTTP/1.1, content: EmptyByteBufBE)
GET /session/29b533b94b4f0cf7fd7736965494f083/element/4c38776a-7784-4a14-aa61-2c898bf3997b/name HTTP/1.1
User-Agent: selenium/4.1.4 (java windows)
Cache-Control: no-cache
Content-Type: application/json; charset=utf-8
host: localhost:60350
accept: */*

Response DefaultHttpResponse(decodeResult: success, version: HTTP/1.1)
HTTP/1.1 200 OK
Content-Type: application/json; charset=utf-8
cache-control: no-cache
content-length: 18

18:38:03.726 [AsyncHttpClient-1-2] DEBUG org.asynchttpclient.netty.channel.ChannelManager - Adding key: http://localhost:60350 for channel [id: 0xa3326aff, L:/127.0.0.1:50205 - R:localhost/127.0.0.1:60350]
18:38:03.729 [Forwarding getElementTagName on session 29b533b94b4f0cf7fd7736965494f083 to remote] DEBUG org.asynchttpclient.netty.request.NettyRequestSender - Using pooled Channel '[id: 0xa3326aff, L:/127.0.0.1:50205 - R:localhost/127.0.0.1:60350]' for 'GET' to 'http://localhost:60350/session/29b533b94b4f0cf7fd7736965494f083/element/4c38776a-7784-4a14-aa61-2c898bf3997b/name'
18:38:03.729 [Forwarding getElementTagName on session 29b533b94b4f0cf7fd7736965494f083 to remote] DEBUG org.asynchttpclient.netty.request.NettyRequestSender - Using open Channel [id: 0xa3326aff, L:/127.0.0.1:50205 - R:localhost/127.0.0.1:60350] for GET '/session/29b533b94b4f0cf7fd7736965494f083/element/4c38776a-7784-4a14-aa61-2c898bf3997b/name'
18:38:03.735 [AsyncHttpClient-1-2] DEBUG org.asynchttpclient.netty.handler.HttpHandler - 

Request DefaultFullHttpRequest(decodeResult: success, version: HTTP/1.1, content: EmptyByteBufBE)
GET /session/29b533b94b4f0cf7fd7736965494f083/element/4c38776a-7784-4a14-aa61-2c898bf3997b/name HTTP/1.1
User-Agent: selenium/4.1.4 (java windows)
Cache-Control: no-cache
Content-Type: application/json; charset=utf-8
host: localhost:60350
accept: */*

Response DefaultHttpResponse(decodeResult: success, version: HTTP/1.1)
HTTP/1.1 200 OK
Content-Type: application/json; charset=utf-8
cache-control: no-cache
content-length: 18

18:38:03.735 [AsyncHttpClient-1-2] DEBUG org.asynchttpclient.netty.channel.ChannelManager - Adding key: http://localhost:60350 for channel [id: 0xa3326aff, L:/127.0.0.1:50205 - R:localhost/127.0.0.1:60350]
18:38:03.738 [Forwarding isElementEnabled on session 29b533b94b4f0cf7fd7736965494f083 to remote] DEBUG org.asynchttpclient.netty.request.NettyRequestSender - Using pooled Channel '[id: 0xa3326aff, L:/127.0.0.1:50205 - R:localhost/127.0.0.1:60350]' for 'GET' to 'http://localhost:60350/session/29b533b94b4f0cf7fd7736965494f083/element/4c38776a-7784-4a14-aa61-2c898bf3997b/enabled'
18:38:03.738 [Forwarding isElementEnabled on session 29b533b94b4f0cf7fd7736965494f083 to remote] DEBUG org.asynchttpclient.netty.request.NettyRequestSender - Using open Channel [id: 0xa3326aff, L:/127.0.0.1:50205 - R:localhost/127.0.0.1:60350] for GET '/session/29b533b94b4f0cf7fd7736965494f083/element/4c38776a-7784-4a14-aa61-2c898bf3997b/enabled'
18:38:03.752 [AsyncHttpClient-1-2] DEBUG org.asynchttpclient.netty.handler.HttpHandler - 

Request DefaultFullHttpRequest(decodeResult: success, version: HTTP/1.1, content: EmptyByteBufBE)
GET /session/29b533b94b4f0cf7fd7736965494f083/element/4c38776a-7784-4a14-aa61-2c898bf3997b/enabled HTTP/1.1
User-Agent: selenium/4.1.4 (java windows)
Cache-Control: no-cache
Content-Type: application/json; charset=utf-8
host: localhost:60350
accept: */*

Response DefaultHttpResponse(decodeResult: success, version: HTTP/1.1)
HTTP/1.1 200 OK
Content-Type: application/json; charset=utf-8
cache-control: no-cache
content-length: 14

18:38:03.752 [AsyncHttpClient-1-2] DEBUG org.asynchttpclient.netty.channel.ChannelManager - Adding key: http://localhost:60350 for channel [id: 0xa3326aff, L:/127.0.0.1:50205 - R:localhost/127.0.0.1:60350]
18:38:03.753 [Forwarding isElementEnabled on session 29b533b94b4f0cf7fd7736965494f083 to remote] DEBUG org.asynchttpclient.netty.request.NettyRequestSender - Using pooled Channel '[id: 0xa3326aff, L:/127.0.0.1:50205 - R:localhost/127.0.0.1:60350]' for 'GET' to 'http://localhost:60350/session/29b533b94b4f0cf7fd7736965494f083/element/4c38776a-7784-4a14-aa61-2c898bf3997b/enabled'
18:38:03.753 [Forwarding isElementEnabled on session 29b533b94b4f0cf7fd7736965494f083 to remote] DEBUG org.asynchttpclient.netty.request.NettyRequestSender - Using open Channel [id: 0xa3326aff, L:/127.0.0.1:50205 - R:localhost/127.0.0.1:60350] for GET '/session/29b533b94b4f0cf7fd7736965494f083/element/4c38776a-7784-4a14-aa61-2c898bf3997b/enabled'
18:38:03.763 [AsyncHttpClient-1-2] DEBUG org.asynchttpclient.netty.handler.HttpHandler - 

Request DefaultFullHttpRequest(decodeResult: success, version: HTTP/1.1, content: EmptyByteBufBE)
GET /session/29b533b94b4f0cf7fd7736965494f083/element/4c38776a-7784-4a14-aa61-2c898bf3997b/enabled HTTP/1.1
User-Agent: selenium/4.1.4 (java windows)
Cache-Control: no-cache
Content-Type: application/json; charset=utf-8
host: localhost:60350
accept: */*

Response DefaultHttpResponse(decodeResult: success, version: HTTP/1.1)
HTTP/1.1 200 OK
Content-Type: application/json; charset=utf-8
cache-control: no-cache
content-length: 14

18:38:03.763 [AsyncHttpClient-1-2] DEBUG org.asynchttpclient.netty.channel.ChannelManager - Adding key: http://localhost:60350 for channel [id: 0xa3326aff, L:/127.0.0.1:50205 - R:localhost/127.0.0.1:60350]
18:38:03.764 [Forwarding findElement on session 29b533b94b4f0cf7fd7736965494f083 to remote] DEBUG org.asynchttpclient.netty.request.NettyRequestSender - Using pooled Channel '[id: 0xa3326aff, L:/127.0.0.1:50205 - R:localhost/127.0.0.1:60350]' for 'POST' to 'http://localhost:60350/session/29b533b94b4f0cf7fd7736965494f083/element'
18:38:03.764 [Forwarding findElement on session 29b533b94b4f0cf7fd7736965494f083 to remote] DEBUG org.asynchttpclient.netty.request.NettyRequestSender - Using open Channel [id: 0xa3326aff, L:/127.0.0.1:50205 - R:localhost/127.0.0.1:60350] for POST '/session/29b533b94b4f0cf7fd7736965494f083/element'
18:38:03.777 [AsyncHttpClient-1-2] DEBUG org.asynchttpclient.netty.handler.HttpHandler - 

Request DefaultHttpRequest(decodeResult: success, version: HTTP/1.1)
POST /session/29b533b94b4f0cf7fd7736965494f083/element HTTP/1.1
User-Agent: selenium/4.1.4 (java windows)
Content-Length: 88
Content-Type: application/json; charset=utf-8
host: localhost:60350
accept: */*

Response DefaultHttpResponse(decodeResult: success, version: HTTP/1.1)
HTTP/1.1 200 OK
Content-Type: application/json; charset=utf-8
cache-control: no-cache
content-length: 88

18:38:03.777 [AsyncHttpClient-1-2] DEBUG org.asynchttpclient.netty.channel.ChannelManager - Adding key: http://localhost:60350 for channel [id: 0xa3326aff, L:/127.0.0.1:50205 - R:localhost/127.0.0.1:60350]
18:38:03.778 [Forwarding clickElement on session 29b533b94b4f0cf7fd7736965494f083 to remote] DEBUG org.asynchttpclient.netty.request.NettyRequestSender - Using pooled Channel '[id: 0xa3326aff, L:/127.0.0.1:50205 - R:localhost/127.0.0.1:60350]' for 'POST' to 'http://localhost:60350/session/29b533b94b4f0cf7fd7736965494f083/element/4c38776a-7784-4a14-aa61-2c898bf3997b/click'
18:38:03.778 [Forwarding clickElement on session 29b533b94b4f0cf7fd7736965494f083 to remote] DEBUG org.asynchttpclient.netty.request.NettyRequestSender - Using open Channel [id: 0xa3326aff, L:/127.0.0.1:50205 - R:localhost/127.0.0.1:60350] for POST '/session/29b533b94b4f0cf7fd7736965494f083/element/4c38776a-7784-4a14-aa61-2c898bf3997b/click'
18:38:03.904 [AsyncHttpClient-1-2] DEBUG org.asynchttpclient.netty.handler.HttpHandler - 

Request DefaultHttpRequest(decodeResult: success, version: HTTP/1.1)
POST /session/29b533b94b4f0cf7fd7736965494f083/element/4c38776a-7784-4a14-aa61-2c898bf3997b/click HTTP/1.1
User-Agent: selenium/4.1.4 (java windows)
Content-Length: 50
Content-Type: application/json; charset=utf-8
host: localhost:60350
accept: */*

Response DefaultHttpResponse(decodeResult: success, version: HTTP/1.1)
HTTP/1.1 200 OK
Content-Type: application/json; charset=utf-8
cache-control: no-cache
content-length: 14

18:38:03.904 [AsyncHttpClient-1-2] DEBUG org.asynchttpclient.netty.channel.ChannelManager - Adding key: http://localhost:60350 for channel [id: 0xa3326aff, L:/127.0.0.1:50205 - R:localhost/127.0.0.1:60350]
18:38:03.926 [Forwarding screenshot on session 29b533b94b4f0cf7fd7736965494f083 to remote] DEBUG org.asynchttpclient.netty.request.NettyRequestSender - Using pooled Channel '[id: 0xa3326aff, L:/127.0.0.1:50205 - R:localhost/127.0.0.1:60350]' for 'GET' to 'http://localhost:60350/session/29b533b94b4f0cf7fd7736965494f083/screenshot'
18:38:03.926 [Forwarding screenshot on session 29b533b94b4f0cf7fd7736965494f083 to remote] DEBUG org.asynchttpclient.netty.request.NettyRequestSender - Using open Channel [id: 0xa3326aff, L:/127.0.0.1:50205 - R:localhost/127.0.0.1:60350] for GET '/session/29b533b94b4f0cf7fd7736965494f083/screenshot'
18:38:04.314 [AsyncHttpClient-1-2] DEBUG org.asynchttpclient.netty.handler.HttpHandler - 

Request DefaultFullHttpRequest(decodeResult: success, version: HTTP/1.1, content: EmptyByteBufBE)
GET /session/29b533b94b4f0cf7fd7736965494f083/screenshot HTTP/1.1
User-Agent: selenium/4.1.4 (java windows)
Cache-Control: no-cache
Content-Type: application/json; charset=utf-8
host: localhost:60350
accept: */*

Response DefaultHttpResponse(decodeResult: success, version: HTTP/1.1)
HTTP/1.1 200 OK
Content-Type: application/json; charset=utf-8
cache-control: no-cache
content-length: 73944

18:38:04.315 [AsyncHttpClient-1-2] DEBUG org.asynchttpclient.netty.channel.ChannelManager - Adding key: http://localhost:60350 for channel [id: 0xa3326aff, L:/127.0.0.1:50205 - R:localhost/127.0.0.1:60350]
18:38:04.316 [main] DEBUG net.serenitybdd.core.photography.Darkroom - Send negative for processing for target\site\serenity\942c8ff3ba376017ae98e74e27e149d3ae43c47bc9466e38ffca9abedc82ab2a.png
18:38:04.316 [main] DEBUG net.thucydides.core.steps.StepInterceptor - STEP DONE: clickButtonErrorOK
  &amp#27;[32mAnd &amp#27;[0m&amp#27;[32mLogin validation invalid&amp#27;[0m                            &amp#27;[90m# starter.stepdefinitios.LoginSteps.loginValidationInvalid()&amp#27;[0m
18:38:04.316 [Darkroom Processing Line] DEBUG net.serenitybdd.core.photography.DarkroomProcessingLine - Processing screenshot image in /var/screenshots/screenshot-993734712807237873
18:38:04.316 [Darkroom Processing Line] DEBUG net.serenitybdd.core.photography.DarkroomProcessingLine - Saving screenshot to target\site\serenity\942c8ff3ba376017ae98e74e27e149d3ae43c47bc9466e38ffca9abedc82ab2a.png
18:38:04.744 [AsyncHttpClient-1-1] DEBUG org.asynchttpclient.netty.channel.DefaultChannelPool - Entry count for : http://localhost:60350 : 1
18:38:04.744 [AsyncHttpClient-1-1] DEBUG org.asynchttpclient.netty.channel.DefaultChannelPool - Entry count for : http://localhost:50206 : 1
18:38:05.841 [AsyncHttpClient-1-1] DEBUG org.asynchttpclient.netty.channel.DefaultChannelPool - Entry count for : http://localhost:60350 : 1
18:38:05.841 [AsyncHttpClient-1-1] DEBUG org.asynchttpclient.netty.channel.DefaultChannelPool - Entry count for : http://localhost:50206 : 1
18:38:06.942 [AsyncHttpClient-1-1] DEBUG org.asynchttpclient.netty.channel.DefaultChannelPool - Entry count for : http://localhost:60350 : 1
18:38:06.942 [AsyncHttpClient-1-1] DEBUG org.asynchttpclient.netty.channel.DefaultChannelPool - Entry count for : http://localhost:50206 : 1
18:38:08.036 [AsyncHttpClient-1-1] DEBUG org.asynchttpclient.netty.channel.DefaultChannelPool - Entry count for : http://localhost:60350 : 1
18:38:08.036 [AsyncHttpClient-1-1] DEBUG org.asynchttpclient.netty.channel.DefaultChannelPool - Entry count for : http://localhost:50206 : 1
18:38:09.135 [AsyncHttpClient-1-1] DEBUG org.asynchttpclient.netty.channel.DefaultChannelPool - Entry count for : http://localhost:60350 : 1
18:38:09.135 [AsyncHttpClient-1-1] DEBUG org.asynchttpclient.netty.channel.DefaultChannelPool - Entry count for : http://localhost:50206 : 1
18:38:09.400 [Forwarding screenshot on session 29b533b94b4f0cf7fd7736965494f083 to remote] DEBUG org.asynchttpclient.netty.request.NettyRequestSender - Using pooled Channel '[id: 0xa3326aff, L:/127.0.0.1:50205 - R:localhost/127.0.0.1:60350]' for 'GET' to 'http://localhost:60350/session/29b533b94b4f0cf7fd7736965494f083/screenshot'
18:38:09.400 [Forwarding screenshot on session 29b533b94b4f0cf7fd7736965494f083 to remote] DEBUG org.asynchttpclient.netty.request.NettyRequestSender - Using open Channel [id: 0xa3326aff, L:/127.0.0.1:50205 - R:localhost/127.0.0.1:60350] for GET '/session/29b533b94b4f0cf7fd7736965494f083/screenshot'
18:38:09.573 [AsyncHttpClient-1-2] DEBUG org.asynchttpclient.netty.handler.HttpHandler - 

Request DefaultFullHttpRequest(decodeResult: success, version: HTTP/1.1, content: EmptyByteBufBE)
GET /session/29b533b94b4f0cf7fd7736965494f083/screenshot HTTP/1.1
User-Agent: selenium/4.1.4 (java windows)
Cache-Control: no-cache
Content-Type: application/json; charset=utf-8
host: localhost:60350
accept: */*

Response DefaultHttpResponse(decodeResult: success, version: HTTP/1.1)
HTTP/1.1 200 OK
Content-Type: application/json; charset=utf-8
cache-control: no-cache
content-length: 78860

18:38:09.573 [AsyncHttpClient-1-2] DEBUG org.asynchttpclient.netty.channel.ChannelManager - Adding key: http://localhost:60350 for channel [id: 0xa3326aff, L:/127.0.0.1:50205 - R:localhost/127.0.0.1:60350]
18:38:09.577 [main] DEBUG net.serenitybdd.core.photography.Darkroom - Send negative for processing for target\site\serenity\e3902e4e6d497170d59aa0c0c2930d955492166dca27ad580f2b08c08bf103aa.png
18:38:09.578 [main] DEBUG net.thucydides.core.steps.StepInterceptor - STARTING STEP: PatientDataSteps.clickButtonDataPasien - clickButtonDataPasien
18:38:09.585 [Forwarding findElement on session 29b533b94b4f0cf7fd7736965494f083 to remote] DEBUG org.asynchttpclient.netty.request.NettyRequestSender - Using pooled Channel '[id: 0xa3326aff, L:/127.0.0.1:50205 - R:localhost/127.0.0.1:60350]' for 'POST' to 'http://localhost:60350/session/29b533b94b4f0cf7fd7736965494f083/element'
18:38:09.585 [Forwarding findElement on session 29b533b94b4f0cf7fd7736965494f083 to remote] DEBUG org.asynchttpclient.netty.request.NettyRequestSender - Using open Channel [id: 0xa3326aff, L:/127.0.0.1:50205 - R:localhost/127.0.0.1:60350] for POST '/session/29b533b94b4f0cf7fd7736965494f083/element'
18:38:09.607 [AsyncHttpClient-1-2] DEBUG org.asynchttpclient.netty.handler.HttpHandler - 

Request DefaultHttpRequest(decodeResult: success, version: HTTP/1.1)
POST /session/29b533b94b4f0cf7fd7736965494f083/element HTTP/1.1
User-Agent: selenium/4.1.4 (java windows)
Content-Length: 114
Content-Type: application/json; charset=utf-8
host: localhost:60350
accept: */*

Response DefaultHttpResponse(decodeResult: success, version: HTTP/1.1)
HTTP/1.1 200 OK
Content-Type: application/json; charset=utf-8
cache-control: no-cache
content-length: 88

18:38:09.607 [AsyncHttpClient-1-2] DEBUG org.asynchttpclient.netty.channel.ChannelManager - Adding key: http://localhost:60350 for channel [id: 0xa3326aff, L:/127.0.0.1:50205 - R:localhost/127.0.0.1:60350]
18:38:09.609 [Forwarding getElementTagName on session 29b533b94b4f0cf7fd7736965494f083 to remote] DEBUG org.asynchttpclient.netty.request.NettyRequestSender - Using pooled Channel '[id: 0xa3326aff, L:/127.0.0.1:50205 - R:localhost/127.0.0.1:60350]' for 'GET' to 'http://localhost:60350/session/29b533b94b4f0cf7fd7736965494f083/element/8bd0453f-ed61-4d9e-81e0-6762ba2c4b1a/name'
18:38:09.609 [Forwarding getElementTagName on session 29b533b94b4f0cf7fd7736965494f083 to remote] DEBUG org.asynchttpclient.netty.request.NettyRequestSender - Using open Channel [id: 0xa3326aff, L:/127.0.0.1:50205 - R:localhost/127.0.0.1:60350] for GET '/session/29b533b94b4f0cf7fd7736965494f083/element/8bd0453f-ed61-4d9e-81e0-6762ba2c4b1a/name'
18:38:09.617 [AsyncHttpClient-1-2] DEBUG org.asynchttpclient.netty.handler.HttpHandler - 

Request DefaultFullHttpRequest(decodeResult: success, version: HTTP/1.1, content: EmptyByteBufBE)
GET /session/29b533b94b4f0cf7fd7736965494f083/element/8bd0453f-ed61-4d9e-81e0-6762ba2c4b1a/name HTTP/1.1
User-Agent: selenium/4.1.4 (java windows)
Cache-Control: no-cache
Content-Type: application/json; charset=utf-8
host: localhost:60350
accept: */*

Response DefaultHttpResponse(decodeResult: success, version: HTTP/1.1)
HTTP/1.1 200 OK
Content-Type: application/json; charset=utf-8
cache-control: no-cache
content-length: 13

18:38:09.617 [AsyncHttpClient-1-2] DEBUG org.asynchttpclient.netty.channel.ChannelManager - Adding key: http://localhost:60350 for channel [id: 0xa3326aff, L:/127.0.0.1:50205 - R:localhost/127.0.0.1:60350]
18:38:09.619 [Forwarding getElementTagName on session 29b533b94b4f0cf7fd7736965494f083 to remote] DEBUG org.asynchttpclient.netty.request.NettyRequestSender - Using pooled Channel '[id: 0xa3326aff, L:/127.0.0.1:50205 - R:localhost/127.0.0.1:60350]' for 'GET' to 'http://localhost:60350/session/29b533b94b4f0cf7fd7736965494f083/element/8bd0453f-ed61-4d9e-81e0-6762ba2c4b1a/name'
18:38:09.619 [Forwarding getElementTagName on session 29b533b94b4f0cf7fd7736965494f083 to remote] DEBUG org.asynchttpclient.netty.request.NettyRequestSender - Using open Channel [id: 0xa3326aff, L:/127.0.0.1:50205 - R:localhost/127.0.0.1:60350] for GET '/session/29b533b94b4f0cf7fd7736965494f083/element/8bd0453f-ed61-4d9e-81e0-6762ba2c4b1a/name'
18:38:09.624 [AsyncHttpClient-1-2] DEBUG org.asynchttpclient.netty.handler.HttpHandler - 

Request DefaultFullHttpRequest(decodeResult: success, version: HTTP/1.1, content: EmptyByteBufBE)
GET /session/29b533b94b4f0cf7fd7736965494f083/element/8bd0453f-ed61-4d9e-81e0-6762ba2c4b1a/name HTTP/1.1
User-Agent: selenium/4.1.4 (java windows)
Cache-Control: no-cache
Content-Type: application/json; charset=utf-8
host: localhost:60350
accept: */*

Response DefaultHttpResponse(decodeResult: success, version: HTTP/1.1)
HTTP/1.1 200 OK
Content-Type: application/json; charset=utf-8
cache-control: no-cache
content-length: 13

18:38:09.624 [AsyncHttpClient-1-2] DEBUG org.asynchttpclient.netty.channel.ChannelManager - Adding key: http://localhost:60350 for channel [id: 0xa3326aff, L:/127.0.0.1:50205 - R:localhost/127.0.0.1:60350]
18:38:09.627 [Forwarding findElement on session 29b533b94b4f0cf7fd7736965494f083 to remote] DEBUG org.asynchttpclient.netty.request.NettyRequestSender - Using pooled Channel '[id: 0xa3326aff, L:/127.0.0.1:50205 - R:localhost/127.0.0.1:60350]' for 'POST' to 'http://localhost:60350/session/29b533b94b4f0cf7fd7736965494f083/element'
18:38:09.627 [Forwarding findElement on session 29b533b94b4f0cf7fd7736965494f083 to remote] DEBUG org.asynchttpclient.netty.request.NettyRequestSender - Using open Channel [id: 0xa3326aff, L:/127.0.0.1:50205 - R:localhost/127.0.0.1:60350] for POST '/session/29b533b94b4f0cf7fd7736965494f083/element'
18:38:09.641 [AsyncHttpClient-1-2] DEBUG org.asynchttpclient.netty.handler.HttpHandler - 

Request DefaultHttpRequest(decodeResult: success, version: HTTP/1.1)
POST /session/29b533b94b4f0cf7fd7736965494f083/element HTTP/1.1
User-Agent: selenium/4.1.4 (java windows)
Content-Length: 114
Content-Type: application/json; charset=utf-8
host: localhost:60350
accept: */*

Response DefaultHttpResponse(decodeResult: success, version: HTTP/1.1)
HTTP/1.1 200 OK
Content-Type: application/json; charset=utf-8
cache-control: no-cache
content-length: 88

18:38:09.641 [AsyncHttpClient-1-2] DEBUG org.asynchttpclient.netty.channel.ChannelManager - Adding key: http://localhost:60350 for channel [id: 0xa3326aff, L:/127.0.0.1:50205 - R:localhost/127.0.0.1:60350]
18:38:09.642 [Forwarding clickElement on session 29b533b94b4f0cf7fd7736965494f083 to remote] DEBUG org.asynchttpclient.netty.request.NettyRequestSender - Using pooled Channel '[id: 0xa3326aff, L:/127.0.0.1:50205 - R:localhost/127.0.0.1:60350]' for 'POST' to 'http://localhost:60350/session/29b533b94b4f0cf7fd7736965494f083/element/8bd0453f-ed61-4d9e-81e0-6762ba2c4b1a/click'
18:38:09.642 [Forwarding clickElement on session 29b533b94b4f0cf7fd7736965494f083 to remote] DEBUG org.asynchttpclient.netty.request.NettyRequestSender - Using open Channel [id: 0xa3326aff, L:/127.0.0.1:50205 - R:localhost/127.0.0.1:60350] for POST '/session/29b533b94b4f0cf7fd7736965494f083/element/8bd0453f-ed61-4d9e-81e0-6762ba2c4b1a/click'
18:38:09.816 [AsyncHttpClient-1-2] DEBUG org.asynchttpclient.netty.handler.HttpHandler - 

Request DefaultHttpRequest(decodeResult: success, version: HTTP/1.1)
POST /session/29b533b94b4f0cf7fd7736965494f083/element/8bd0453f-ed61-4d9e-81e0-6762ba2c4b1a/click HTTP/1.1
User-Agent: selenium/4.1.4 (java windows)
Content-Length: 50
Content-Type: application/json; charset=utf-8
host: localhost:60350
accept: */*

Response DefaultHttpResponse(decodeResult: success, version: HTTP/1.1)
HTTP/1.1 200 OK
Content-Type: application/json; charset=utf-8
cache-control: no-cache
content-length: 14

18:38:09.816 [AsyncHttpClient-1-2] DEBUG org.asynchttpclient.netty.channel.ChannelManager - Adding key: http://localhost:60350 for channel [id: 0xa3326aff, L:/127.0.0.1:50205 - R:localhost/127.0.0.1:60350]
18:38:09.831 [Forwarding screenshot on session 29b533b94b4f0cf7fd7736965494f083 to remote] DEBUG org.asynchttpclient.netty.request.NettyRequestSender - Using pooled Channel '[id: 0xa3326aff, L:/127.0.0.1:50205 - R:localhost/127.0.0.1:60350]' for 'GET' to 'http://localhost:60350/session/29b533b94b4f0cf7fd7736965494f083/screenshot'
18:38:09.831 [Forwarding screenshot on session 29b533b94b4f0cf7fd7736965494f083 to remote] DEBUG org.asynchttpclient.netty.request.NettyRequestSender - Using open Channel [id: 0xa3326aff, L:/127.0.0.1:50205 - R:localhost/127.0.0.1:60350] for GET '/session/29b533b94b4f0cf7fd7736965494f083/screenshot'
18:38:10.181 [AsyncHttpClient-1-2] DEBUG org.asynchttpclient.netty.handler.HttpHandler - 

Request DefaultFullHttpRequest(decodeResult: success, version: HTTP/1.1, content: EmptyByteBufBE)
GET /session/29b533b94b4f0cf7fd7736965494f083/screenshot HTTP/1.1
User-Agent: selenium/4.1.4 (java windows)
Cache-Control: no-cache
Content-Type: application/json; charset=utf-8
host: localhost:60350
accept: */*

Response DefaultHttpResponse(decodeResult: success, version: HTTP/1.1)
HTTP/1.1 200 OK
Content-Type: application/json; charset=utf-8
cache-control: no-cache
content-length: 112436

18:38:10.181 [AsyncHttpClient-1-2] DEBUG org.asynchttpclient.netty.channel.ChannelManager - Adding key: http://localhost:60350 for channel [id: 0xa3326aff, L:/127.0.0.1:50205 - R:localhost/127.0.0.1:60350]
18:38:10.190 [main] DEBUG net.serenitybdd.core.photography.Darkroom - Send negative for processing for target\site\serenity\7281c223524dbdc961b4a58d2c92f4ed66b863e5c2e78c7aa6b9de61380f51d7.png
18:38:10.191 [main] DEBUG net.thucydides.core.steps.StepInterceptor - STEP DONE: clickButtonDataPasien
  &amp#27;[32mAnd &amp#27;[0m&amp#27;[32mClick button data pasien&amp#27;[0m                            &amp#27;[90m# starter.stepdefinitios.PatientDataSteps.clickButtonDataPasien()&amp#27;[0m
18:38:10.191 [Darkroom Processing Line] DEBUG net.serenitybdd.core.photography.DarkroomProcessingLine - Processing screenshot image in /var/screenshots/screenshot-1073771613751466223
18:38:10.191 [Darkroom Processing Line] DEBUG net.serenitybdd.core.photography.DarkroomProcessingLine - Saving screenshot to target\site\serenity\7281c223524dbdc961b4a58d2c92f4ed66b863e5c2e78c7aa6b9de61380f51d7.png
18:38:10.239 [AsyncHttpClient-1-1] DEBUG org.asynchttpclient.netty.channel.DefaultChannelPool - Entry count for : http://localhost:60350 : 1
18:38:10.239 [AsyncHttpClient-1-1] DEBUG org.asynchttpclient.netty.channel.DefaultChannelPool - Entry count for : http://localhost:50206 : 1
18:38:11.344 [AsyncHttpClient-1-1] DEBUG org.asynchttpclient.netty.channel.DefaultChannelPool - Entry count for : http://localhost:60350 : 1
18:38:11.344 [AsyncHttpClient-1-1] DEBUG org.asynchttpclient.netty.channel.DefaultChannelPool - Entry count for : http://localhost:50206 : 1
18:38:12.440 [AsyncHttpClient-1-1] DEBUG org.asynchttpclient.netty.channel.DefaultChannelPool - Entry count for : http://localhost:60350 : 1
18:38:12.440 [AsyncHttpClient-1-1] DEBUG org.asynchttpclient.netty.channel.DefaultChannelPool - Entry count for : http://localhost:50206 : 1
18:38:13.538 [AsyncHttpClient-1-1] DEBUG org.asynchttpclient.netty.channel.DefaultChannelPool - Entry count for : http://localhost:60350 : 1
18:38:13.538 [AsyncHttpClient-1-1] DEBUG org.asynchttpclient.netty.channel.DefaultChannelPool - Entry count for : http://localhost:50206 : 1
18:38:14.635 [AsyncHttpClient-1-1] DEBUG org.asynchttpclient.netty.channel.DefaultChannelPool - Entry count for : http://localhost:60350 : 1
18:38:14.635 [AsyncHttpClient-1-1] DEBUG org.asynchttpclient.netty.channel.DefaultChannelPool - Entry count for : http://localhost:50206 : 1
18:38:15.249 [Forwarding screenshot on session 29b533b94b4f0cf7fd7736965494f083 to remote] DEBUG org.asynchttpclient.netty.request.NettyRequestSender - Using pooled Channel '[id: 0xa3326aff, L:/127.0.0.1:50205 - R:localhost/127.0.0.1:60350]' for 'GET' to 'http://localhost:60350/session/29b533b94b4f0cf7fd7736965494f083/screenshot'
18:38:15.249 [Forwarding screenshot on session 29b533b94b4f0cf7fd7736965494f083 to remote] DEBUG org.asynchttpclient.netty.request.NettyRequestSender - Using open Channel [id: 0xa3326aff, L:/127.0.0.1:50205 - R:localhost/127.0.0.1:60350] for GET '/session/29b533b94b4f0cf7fd7736965494f083/screenshot'
18:38:15.456 [AsyncHttpClient-1-2] DEBUG org.asynchttpclient.netty.handler.HttpHandler - 

Request DefaultFullHttpRequest(decodeResult: success, version: HTTP/1.1, content: EmptyByteBufBE)
GET /session/29b533b94b4f0cf7fd7736965494f083/screenshot HTTP/1.1
User-Agent: selenium/4.1.4 (java windows)
Cache-Control: no-cache
Content-Type: application/json; charset=utf-8
host: localhost:60350
accept: */*

Response DefaultHttpResponse(decodeResult: success, version: HTTP/1.1)
HTTP/1.1 200 OK
Content-Type: application/json; charset=utf-8
cache-control: no-cache
content-length: 99056

18:38:15.456 [AsyncHttpClient-1-2] DEBUG org.asynchttpclient.netty.channel.ChannelManager - Adding key: http://localhost:60350 for channel [id: 0xa3326aff, L:/127.0.0.1:50205 - R:localhost/127.0.0.1:60350]
18:38:15.463 [main] DEBUG net.serenitybdd.core.photography.Darkroom - Send negative for processing for target\site\serenity\58b502301c258b2a2c363f5b2f0808fb817fb7b2455f31484826fa9dfacb40e3.png
18:38:15.464 [main] DEBUG net.thucydides.core.steps.StepInterceptor - STARTING STEP: PatientDataSteps.clickSearchAllCategoryPatientData - clickButtonAllCategory
18:38:15.464 [Darkroom Processing Line] DEBUG net.serenitybdd.core.photography.DarkroomProcessingLine - Processing screenshot image in /var/screenshots/screenshot-10127819771359826493
18:38:15.464 [Darkroom Processing Line] DEBUG net.serenitybdd.core.photography.DarkroomProcessingLine - Saving screenshot to target\site\serenity\58b502301c258b2a2c363f5b2f0808fb817fb7b2455f31484826fa9dfacb40e3.png
18:38:15.470 [Forwarding findElement on session 29b533b94b4f0cf7fd7736965494f083 to remote] DEBUG org.asynchttpclient.netty.request.NettyRequestSender - Using pooled Channel '[id: 0xa3326aff, L:/127.0.0.1:50205 - R:localhost/127.0.0.1:60350]' for 'POST' to 'http://localhost:60350/session/29b533b94b4f0cf7fd7736965494f083/element'
18:38:15.470 [Forwarding findElement on session 29b533b94b4f0cf7fd7736965494f083 to remote] DEBUG org.asynchttpclient.netty.request.NettyRequestSender - Using open Channel [id: 0xa3326aff, L:/127.0.0.1:50205 - R:localhost/127.0.0.1:60350] for POST '/session/29b533b94b4f0cf7fd7736965494f083/element'
18:38:15.496 [AsyncHttpClient-1-2] DEBUG org.asynchttpclient.netty.handler.HttpHandler - 

Request DefaultHttpRequest(decodeResult: success, version: HTTP/1.1)
POST /session/29b533b94b4f0cf7fd7736965494f083/element HTTP/1.1
User-Agent: selenium/4.1.4 (java windows)
Content-Length: 68
Content-Type: application/json; charset=utf-8
host: localhost:60350
accept: */*

Response DefaultHttpResponse(decodeResult: success, version: HTTP/1.1)
HTTP/1.1 200 OK
Content-Type: application/json; charset=utf-8
cache-control: no-cache
content-length: 88

18:38:15.496 [AsyncHttpClient-1-2] DEBUG org.asynchttpclient.netty.channel.ChannelManager - Adding key: http://localhost:60350 for channel [id: 0xa3326aff, L:/127.0.0.1:50205 - R:localhost/127.0.0.1:60350]
18:38:15.497 [Forwarding getElementTagName on session 29b533b94b4f0cf7fd7736965494f083 to remote] DEBUG org.asynchttpclient.netty.request.NettyRequestSender - Using pooled Channel '[id: 0xa3326aff, L:/127.0.0.1:50205 - R:localhost/127.0.0.1:60350]' for 'GET' to 'http://localhost:60350/session/29b533b94b4f0cf7fd7736965494f083/element/f0806301-02bd-4772-acc5-253d11edb8ff/name'
18:38:15.497 [Forwarding getElementTagName on session 29b533b94b4f0cf7fd7736965494f083 to remote] DEBUG org.asynchttpclient.netty.request.NettyRequestSender - Using open Channel [id: 0xa3326aff, L:/127.0.0.1:50205 - R:localhost/127.0.0.1:60350] for GET '/session/29b533b94b4f0cf7fd7736965494f083/element/f0806301-02bd-4772-acc5-253d11edb8ff/name'
18:38:15.507 [AsyncHttpClient-1-2] DEBUG org.asynchttpclient.netty.handler.HttpHandler - 

Request DefaultFullHttpRequest(decodeResult: success, version: HTTP/1.1, content: EmptyByteBufBE)
GET /session/29b533b94b4f0cf7fd7736965494f083/element/f0806301-02bd-4772-acc5-253d11edb8ff/name HTTP/1.1
User-Agent: selenium/4.1.4 (java windows)
Cache-Control: no-cache
Content-Type: application/json; charset=utf-8
host: localhost:60350
accept: */*

Response DefaultHttpResponse(decodeResult: success, version: HTTP/1.1)
HTTP/1.1 200 OK
Content-Type: application/json; charset=utf-8
cache-control: no-cache
content-length: 18

18:38:15.507 [AsyncHttpClient-1-2] DEBUG org.asynchttpclient.netty.channel.ChannelManager - Adding key: http://localhost:60350 for channel [id: 0xa3326aff, L:/127.0.0.1:50205 - R:localhost/127.0.0.1:60350]
18:38:15.508 [Forwarding getElementTagName on session 29b533b94b4f0cf7fd7736965494f083 to remote] DEBUG org.asynchttpclient.netty.request.NettyRequestSender - Using pooled Channel '[id: 0xa3326aff, L:/127.0.0.1:50205 - R:localhost/127.0.0.1:60350]' for 'GET' to 'http://localhost:60350/session/29b533b94b4f0cf7fd7736965494f083/element/f0806301-02bd-4772-acc5-253d11edb8ff/name'
18:38:15.508 [Forwarding getElementTagName on session 29b533b94b4f0cf7fd7736965494f083 to remote] DEBUG org.asynchttpclient.netty.request.NettyRequestSender - Using open Channel [id: 0xa3326aff, L:/127.0.0.1:50205 - R:localhost/127.0.0.1:60350] for GET '/session/29b533b94b4f0cf7fd7736965494f083/element/f0806301-02bd-4772-acc5-253d11edb8ff/name'
18:38:15.515 [AsyncHttpClient-1-2] DEBUG org.asynchttpclient.netty.handler.HttpHandler - 

Request DefaultFullHttpRequest(decodeResult: success, version: HTTP/1.1, content: EmptyByteBufBE)
GET /session/29b533b94b4f0cf7fd7736965494f083/element/f0806301-02bd-4772-acc5-253d11edb8ff/name HTTP/1.1
User-Agent: selenium/4.1.4 (java windows)
Cache-Control: no-cache
Content-Type: application/json; charset=utf-8
host: localhost:60350
accept: */*

Response DefaultHttpResponse(decodeResult: success, version: HTTP/1.1)
HTTP/1.1 200 OK
Content-Type: application/json; charset=utf-8
cache-control: no-cache
content-length: 18

18:38:15.515 [AsyncHttpClient-1-2] DEBUG org.asynchttpclient.netty.channel.ChannelManager - Adding key: http://localhost:60350 for channel [id: 0xa3326aff, L:/127.0.0.1:50205 - R:localhost/127.0.0.1:60350]
18:38:15.517 [Forwarding isElementEnabled on session 29b533b94b4f0cf7fd7736965494f083 to remote] DEBUG org.asynchttpclient.netty.request.NettyRequestSender - Using pooled Channel '[id: 0xa3326aff, L:/127.0.0.1:50205 - R:localhost/127.0.0.1:60350]' for 'GET' to 'http://localhost:60350/session/29b533b94b4f0cf7fd7736965494f083/element/f0806301-02bd-4772-acc5-253d11edb8ff/enabled'
18:38:15.517 [Forwarding isElementEnabled on session 29b533b94b4f0cf7fd7736965494f083 to remote] DEBUG org.asynchttpclient.netty.request.NettyRequestSender - Using open Channel [id: 0xa3326aff, L:/127.0.0.1:50205 - R:localhost/127.0.0.1:60350] for GET '/session/29b533b94b4f0cf7fd7736965494f083/element/f0806301-02bd-4772-acc5-253d11edb8ff/enabled'
18:38:15.537 [AsyncHttpClient-1-2] DEBUG org.asynchttpclient.netty.handler.HttpHandler - 

Request DefaultFullHttpRequest(decodeResult: success, version: HTTP/1.1, content: EmptyByteBufBE)
GET /session/29b533b94b4f0cf7fd7736965494f083/element/f0806301-02bd-4772-acc5-253d11edb8ff/enabled HTTP/1.1
User-Agent: selenium/4.1.4 (java windows)
Cache-Control: no-cache
Content-Type: application/json; charset=utf-8
host: localhost:60350
accept: */*

Response DefaultHttpResponse(decodeResult: success, version: HTTP/1.1)
HTTP/1.1 200 OK
Content-Type: application/json; charset=utf-8
cache-control: no-cache
content-length: 14

18:38:15.537 [AsyncHttpClient-1-2] DEBUG org.asynchttpclient.netty.channel.ChannelManager - Adding key: http://localhost:60350 for channel [id: 0xa3326aff, L:/127.0.0.1:50205 - R:localhost/127.0.0.1:60350]
18:38:15.538 [Forwarding isElementEnabled on session 29b533b94b4f0cf7fd7736965494f083 to remote] DEBUG org.asynchttpclient.netty.request.NettyRequestSender - Using pooled Channel '[id: 0xa3326aff, L:/127.0.0.1:50205 - R:localhost/127.0.0.1:60350]' for 'GET' to 'http://localhost:60350/session/29b533b94b4f0cf7fd7736965494f083/element/f0806301-02bd-4772-acc5-253d11edb8ff/enabled'
18:38:15.538 [Forwarding isElementEnabled on session 29b533b94b4f0cf7fd7736965494f083 to remote] DEBUG org.asynchttpclient.netty.request.NettyRequestSender - Using open Channel [id: 0xa3326aff, L:/127.0.0.1:50205 - R:localhost/127.0.0.1:60350] for GET '/session/29b533b94b4f0cf7fd7736965494f083/element/f0806301-02bd-4772-acc5-253d11edb8ff/enabled'
18:38:15.551 [AsyncHttpClient-1-2] DEBUG org.asynchttpclient.netty.handler.HttpHandler - 

Request DefaultFullHttpRequest(decodeResult: success, version: HTTP/1.1, content: EmptyByteBufBE)
GET /session/29b533b94b4f0cf7fd7736965494f083/element/f0806301-02bd-4772-acc5-253d11edb8ff/enabled HTTP/1.1
User-Agent: selenium/4.1.4 (java windows)
Cache-Control: no-cache
Content-Type: application/json; charset=utf-8
host: localhost:60350
accept: */*

Response DefaultHttpResponse(decodeResult: success, version: HTTP/1.1)
HTTP/1.1 200 OK
Content-Type: application/json; charset=utf-8
cache-control: no-cache
content-length: 14

18:38:15.551 [AsyncHttpClient-1-2] DEBUG org.asynchttpclient.netty.channel.ChannelManager - Adding key: http://localhost:60350 for channel [id: 0xa3326aff, L:/127.0.0.1:50205 - R:localhost/127.0.0.1:60350]
18:38:15.554 [Forwarding findElement on session 29b533b94b4f0cf7fd7736965494f083 to remote] DEBUG org.asynchttpclient.netty.request.NettyRequestSender - Using pooled Channel '[id: 0xa3326aff, L:/127.0.0.1:50205 - R:localhost/127.0.0.1:60350]' for 'POST' to 'http://localhost:60350/session/29b533b94b4f0cf7fd7736965494f083/element'
18:38:15.554 [Forwarding findElement on session 29b533b94b4f0cf7fd7736965494f083 to remote] DEBUG org.asynchttpclient.netty.request.NettyRequestSender - Using open Channel [id: 0xa3326aff, L:/127.0.0.1:50205 - R:localhost/127.0.0.1:60350] for POST '/session/29b533b94b4f0cf7fd7736965494f083/element'
18:38:15.568 [AsyncHttpClient-1-2] DEBUG org.asynchttpclient.netty.handler.HttpHandler - 

Request DefaultHttpRequest(decodeResult: success, version: HTTP/1.1)
POST /session/29b533b94b4f0cf7fd7736965494f083/element HTTP/1.1
User-Agent: selenium/4.1.4 (java windows)
Content-Length: 68
Content-Type: application/json; charset=utf-8
host: localhost:60350
accept: */*

Response DefaultHttpResponse(decodeResult: success, version: HTTP/1.1)
HTTP/1.1 200 OK
Content-Type: application/json; charset=utf-8
cache-control: no-cache
content-length: 88

18:38:15.568 [AsyncHttpClient-1-2] DEBUG org.asynchttpclient.netty.channel.ChannelManager - Adding key: http://localhost:60350 for channel [id: 0xa3326aff, L:/127.0.0.1:50205 - R:localhost/127.0.0.1:60350]
18:38:15.569 [Forwarding clickElement on session 29b533b94b4f0cf7fd7736965494f083 to remote] DEBUG org.asynchttpclient.netty.request.NettyRequestSender - Using pooled Channel '[id: 0xa3326aff, L:/127.0.0.1:50205 - R:localhost/127.0.0.1:60350]' for 'POST' to 'http://localhost:60350/session/29b533b94b4f0cf7fd7736965494f083/element/f0806301-02bd-4772-acc5-253d11edb8ff/click'
18:38:15.569 [Forwarding clickElement on session 29b533b94b4f0cf7fd7736965494f083 to remote] DEBUG org.asynchttpclient.netty.request.NettyRequestSender - Using open Channel [id: 0xa3326aff, L:/127.0.0.1:50205 - R:localhost/127.0.0.1:60350] for POST '/session/29b533b94b4f0cf7fd7736965494f083/element/f0806301-02bd-4772-acc5-253d11edb8ff/click'
18:38:15.708 [AsyncHttpClient-1-2] DEBUG org.asynchttpclient.netty.handler.HttpHandler - 

Request DefaultHttpRequest(decodeResult: success, version: HTTP/1.1)
POST /session/29b533b94b4f0cf7fd7736965494f083/element/f0806301-02bd-4772-acc5-253d11edb8ff/click HTTP/1.1
User-Agent: selenium/4.1.4 (java windows)
Content-Length: 50
Content-Type: application/json; charset=utf-8
host: localhost:60350
accept: */*

Response DefaultHttpResponse(decodeResult: success, version: HTTP/1.1)
HTTP/1.1 200 OK
Content-Type: application/json; charset=utf-8
cache-control: no-cache
content-length: 14

18:38:15.709 [AsyncHttpClient-1-2] DEBUG org.asynchttpclient.netty.channel.ChannelManager - Adding key: http://localhost:60350 for channel [id: 0xa3326aff, L:/127.0.0.1:50205 - R:localhost/127.0.0.1:60350]
18:38:15.734 [AsyncHttpClient-1-1] DEBUG org.asynchttpclient.netty.channel.DefaultChannelPool - Entry count for : http://localhost:60350 : 1
18:38:15.734 [AsyncHttpClient-1-1] DEBUG org.asynchttpclient.netty.channel.DefaultChannelPool - Entry count for : http://localhost:50206 : 1
18:38:15.735 [Forwarding screenshot on session 29b533b94b4f0cf7fd7736965494f083 to remote] DEBUG org.asynchttpclient.netty.request.NettyRequestSender - Using pooled Channel '[id: 0xa3326aff, L:/127.0.0.1:50205 - R:localhost/127.0.0.1:60350]' for 'GET' to 'http://localhost:60350/session/29b533b94b4f0cf7fd7736965494f083/screenshot'
18:38:15.735 [Forwarding screenshot on session 29b533b94b4f0cf7fd7736965494f083 to remote] DEBUG org.asynchttpclient.netty.request.NettyRequestSender - Using open Channel [id: 0xa3326aff, L:/127.0.0.1:50205 - R:localhost/127.0.0.1:60350] for GET '/session/29b533b94b4f0cf7fd7736965494f083/screenshot'
18:38:15.935 [AsyncHttpClient-1-2] DEBUG org.asynchttpclient.netty.handler.HttpHandler - 

Request DefaultFullHttpRequest(decodeResult: success, version: HTTP/1.1, content: EmptyByteBufBE)
GET /session/29b533b94b4f0cf7fd7736965494f083/screenshot HTTP/1.1
User-Agent: selenium/4.1.4 (java windows)
Cache-Control: no-cache
Content-Type: application/json; charset=utf-8
host: localhost:60350
accept: */*

Response DefaultHttpResponse(decodeResult: success, version: HTTP/1.1)
HTTP/1.1 200 OK
Content-Type: application/json; charset=utf-8
cache-control: no-cache
content-length: 103948

18:38:15.935 [AsyncHttpClient-1-2] DEBUG org.asynchttpclient.netty.channel.ChannelManager - Adding key: http://localhost:60350 for channel [id: 0xa3326aff, L:/127.0.0.1:50205 - R:localhost/127.0.0.1:60350]
18:38:15.936 [main] DEBUG net.serenitybdd.core.photography.Darkroom - Send negative for processing for target\site\serenity\9f986da4fee6c19b7abe0b03fd5af397a7063638d29bbdc9882dcd9aecd24a28.png
18:38:15.936 [main] DEBUG net.thucydides.core.steps.StepInterceptor - STEP DONE: clickButtonAllCategory
  &amp#27;[32mThen &amp#27;[0m&amp#27;[32mClick search all category Patient data&amp#27;[0m             &amp#27;[90m# starter.stepdefinitios.PatientDataSteps.clickSearchAllCategoryPatientData()&amp#27;[0m
18:38:15.936 [Darkroom Processing Line] DEBUG net.serenitybdd.core.photography.DarkroomProcessingLine - Processing screenshot image in /var/screenshots/screenshot-6558151128634154317
18:38:15.936 [Darkroom Processing Line] DEBUG net.serenitybdd.core.photography.DarkroomProcessingLine - Saving screenshot to target\site\serenity\9f986da4fee6c19b7abe0b03fd5af397a7063638d29bbdc9882dcd9aecd24a28.png
18:38:16.837 [AsyncHttpClient-1-1] DEBUG org.asynchttpclient.netty.channel.DefaultChannelPool - Entry count for : http://localhost:60350 : 1
18:38:16.837 [AsyncHttpClient-1-1] DEBUG org.asynchttpclient.netty.channel.DefaultChannelPool - Entry count for : http://localhost:50206 : 1
18:38:17.936 [AsyncHttpClient-1-1] DEBUG org.asynchttpclient.netty.channel.DefaultChannelPool - Entry count for : http://localhost:60350 : 1
18:38:17.936 [AsyncHttpClient-1-1] DEBUG org.asynchttpclient.netty.channel.DefaultChannelPool - Entry count for : http://localhost:50206 : 1
18:38:19.003 [Forwarding screenshot on session 29b533b94b4f0cf7fd7736965494f083 to remote] DEBUG org.asynchttpclient.netty.request.NettyRequestSender - Using pooled Channel '[id: 0xa3326aff, L:/127.0.0.1:50205 - R:localhost/127.0.0.1:60350]' for 'GET' to 'http://localhost:60350/session/29b533b94b4f0cf7fd7736965494f083/screenshot'
18:38:19.003 [Forwarding screenshot on session 29b533b94b4f0cf7fd7736965494f083 to remote] DEBUG org.asynchttpclient.netty.request.NettyRequestSender - Using open Channel [id: 0xa3326aff, L:/127.0.0.1:50205 - R:localhost/127.0.0.1:60350] for GET '/session/29b533b94b4f0cf7fd7736965494f083/screenshot'
18:38:19.036 [AsyncHttpClient-1-1] DEBUG org.asynchttpclient.netty.channel.DefaultChannelPool - Entry count for : http://localhost:50206 : 1
18:38:19.158 [AsyncHttpClient-1-2] DEBUG org.asynchttpclient.netty.handler.HttpHandler - 

Request DefaultFullHttpRequest(decodeResult: success, version: HTTP/1.1, content: EmptyByteBufBE)
GET /session/29b533b94b4f0cf7fd7736965494f083/screenshot HTTP/1.1
User-Agent: selenium/4.1.4 (java windows)
Cache-Control: no-cache
Content-Type: application/json; charset=utf-8
host: localhost:60350
accept: */*

Response DefaultHttpResponse(decodeResult: success, version: HTTP/1.1)
HTTP/1.1 200 OK
Content-Type: application/json; charset=utf-8
cache-control: no-cache
content-length: 103948

18:38:19.159 [AsyncHttpClient-1-2] DEBUG org.asynchttpclient.netty.channel.ChannelManager - Adding key: http://localhost:60350 for channel [id: 0xa3326aff, L:/127.0.0.1:50205 - R:localhost/127.0.0.1:60350]
18:38:19.161 [main] DEBUG net.serenitybdd.core.photography.Darkroom - Send negative for processing for target\site\serenity\9f986da4fee6c19b7abe0b03fd5af397a7063638d29bbdc9882dcd9aecd24a28.png
18:38:19.161 [main] DEBUG net.thucydides.core.steps.StepInterceptor - STARTING STEP: PatientDataSteps.clickChoseNama - clickButtonChooseCategoryNama
18:38:19.163 [Forwarding findElement on session 29b533b94b4f0cf7fd7736965494f083 to remote] DEBUG org.asynchttpclient.netty.request.NettyRequestSender - Using pooled Channel '[id: 0xa3326aff, L:/127.0.0.1:50205 - R:localhost/127.0.0.1:60350]' for 'POST' to 'http://localhost:60350/session/29b533b94b4f0cf7fd7736965494f083/element'
18:38:19.163 [Forwarding findElement on session 29b533b94b4f0cf7fd7736965494f083 to remote] DEBUG org.asynchttpclient.netty.request.NettyRequestSender - Using open Channel [id: 0xa3326aff, L:/127.0.0.1:50205 - R:localhost/127.0.0.1:60350] for POST '/session/29b533b94b4f0cf7fd7736965494f083/element'
18:38:19.173 [AsyncHttpClient-1-2] DEBUG org.asynchttpclient.netty.handler.HttpHandler - 

Request DefaultHttpRequest(decodeResult: success, version: HTTP/1.1)
POST /session/29b533b94b4f0cf7fd7736965494f083/element HTTP/1.1
User-Agent: selenium/4.1.4 (java windows)
Content-Length: 67
Content-Type: application/json; charset=utf-8
host: localhost:60350
accept: */*

Response DefaultHttpResponse(decodeResult: success, version: HTTP/1.1)
HTTP/1.1 200 OK
Content-Type: application/json; charset=utf-8
cache-control: no-cache
content-length: 88

18:38:19.173 [AsyncHttpClient-1-2] DEBUG org.asynchttpclient.netty.channel.ChannelManager - Adding key: http://localhost:60350 for channel [id: 0xa3326aff, L:/127.0.0.1:50205 - R:localhost/127.0.0.1:60350]
18:38:19.175 [Forwarding getElementTagName on session 29b533b94b4f0cf7fd7736965494f083 to remote] DEBUG org.asynchttpclient.netty.request.NettyRequestSender - Using pooled Channel '[id: 0xa3326aff, L:/127.0.0.1:50205 - R:localhost/127.0.0.1:60350]' for 'GET' to 'http://localhost:60350/session/29b533b94b4f0cf7fd7736965494f083/element/1a1f34dd-db7d-46c5-acd9-30d890f5d846/name'
18:38:19.175 [Forwarding getElementTagName on session 29b533b94b4f0cf7fd7736965494f083 to remote] DEBUG org.asynchttpclient.netty.request.NettyRequestSender - Using open Channel [id: 0xa3326aff, L:/127.0.0.1:50205 - R:localhost/127.0.0.1:60350] for GET '/session/29b533b94b4f0cf7fd7736965494f083/element/1a1f34dd-db7d-46c5-acd9-30d890f5d846/name'
18:38:19.178 [AsyncHttpClient-1-2] DEBUG org.asynchttpclient.netty.handler.HttpHandler - 

Request DefaultFullHttpRequest(decodeResult: success, version: HTTP/1.1, content: EmptyByteBufBE)
GET /session/29b533b94b4f0cf7fd7736965494f083/element/1a1f34dd-db7d-46c5-acd9-30d890f5d846/name HTTP/1.1
User-Agent: selenium/4.1.4 (java windows)
Cache-Control: no-cache
Content-Type: application/json; charset=utf-8
host: localhost:60350
accept: */*

Response DefaultHttpResponse(decodeResult: success, version: HTTP/1.1)
HTTP/1.1 200 OK
Content-Type: application/json; charset=utf-8
cache-control: no-cache
content-length: 18

18:38:19.178 [AsyncHttpClient-1-2] DEBUG org.asynchttpclient.netty.channel.ChannelManager - Adding key: http://localhost:60350 for channel [id: 0xa3326aff, L:/127.0.0.1:50205 - R:localhost/127.0.0.1:60350]
18:38:19.179 [Forwarding getElementTagName on session 29b533b94b4f0cf7fd7736965494f083 to remote] DEBUG org.asynchttpclient.netty.request.NettyRequestSender - Using pooled Channel '[id: 0xa3326aff, L:/127.0.0.1:50205 - R:localhost/127.0.0.1:60350]' for 'GET' to 'http://localhost:60350/session/29b533b94b4f0cf7fd7736965494f083/element/1a1f34dd-db7d-46c5-acd9-30d890f5d846/name'
18:38:19.179 [Forwarding getElementTagName on session 29b533b94b4f0cf7fd7736965494f083 to remote] DEBUG org.asynchttpclient.netty.request.NettyRequestSender - Using open Channel [id: 0xa3326aff, L:/127.0.0.1:50205 - R:localhost/127.0.0.1:60350] for GET '/session/29b533b94b4f0cf7fd7736965494f083/element/1a1f34dd-db7d-46c5-acd9-30d890f5d846/name'
18:38:19.182 [AsyncHttpClient-1-2] DEBUG org.asynchttpclient.netty.handler.HttpHandler - 

Request DefaultFullHttpRequest(decodeResult: success, version: HTTP/1.1, content: EmptyByteBufBE)
GET /session/29b533b94b4f0cf7fd7736965494f083/element/1a1f34dd-db7d-46c5-acd9-30d890f5d846/name HTTP/1.1
User-Agent: selenium/4.1.4 (java windows)
Cache-Control: no-cache
Content-Type: application/json; charset=utf-8
host: localhost:60350
accept: */*

Response DefaultHttpResponse(decodeResult: success, version: HTTP/1.1)
HTTP/1.1 200 OK
Content-Type: application/json; charset=utf-8
cache-control: no-cache
content-length: 18

18:38:19.182 [AsyncHttpClient-1-2] DEBUG org.asynchttpclient.netty.channel.ChannelManager - Adding key: http://localhost:60350 for channel [id: 0xa3326aff, L:/127.0.0.1:50205 - R:localhost/127.0.0.1:60350]
18:38:19.184 [Forwarding isElementEnabled on session 29b533b94b4f0cf7fd7736965494f083 to remote] DEBUG org.asynchttpclient.netty.request.NettyRequestSender - Using pooled Channel '[id: 0xa3326aff, L:/127.0.0.1:50205 - R:localhost/127.0.0.1:60350]' for 'GET' to 'http://localhost:60350/session/29b533b94b4f0cf7fd7736965494f083/element/1a1f34dd-db7d-46c5-acd9-30d890f5d846/enabled'
18:38:19.184 [Forwarding isElementEnabled on session 29b533b94b4f0cf7fd7736965494f083 to remote] DEBUG org.asynchttpclient.netty.request.NettyRequestSender - Using open Channel [id: 0xa3326aff, L:/127.0.0.1:50205 - R:localhost/127.0.0.1:60350] for GET '/session/29b533b94b4f0cf7fd7736965494f083/element/1a1f34dd-db7d-46c5-acd9-30d890f5d846/enabled'
18:38:19.195 [AsyncHttpClient-1-2] DEBUG org.asynchttpclient.netty.handler.HttpHandler - 

Request DefaultFullHttpRequest(decodeResult: success, version: HTTP/1.1, content: EmptyByteBufBE)
GET /session/29b533b94b4f0cf7fd7736965494f083/element/1a1f34dd-db7d-46c5-acd9-30d890f5d846/enabled HTTP/1.1
User-Agent: selenium/4.1.4 (java windows)
Cache-Control: no-cache
Content-Type: application/json; charset=utf-8
host: localhost:60350
accept: */*

Response DefaultHttpResponse(decodeResult: success, version: HTTP/1.1)
HTTP/1.1 200 OK
Content-Type: application/json; charset=utf-8
cache-control: no-cache
content-length: 14

18:38:19.195 [AsyncHttpClient-1-2] DEBUG org.asynchttpclient.netty.channel.ChannelManager - Adding key: http://localhost:60350 for channel [id: 0xa3326aff, L:/127.0.0.1:50205 - R:localhost/127.0.0.1:60350]
18:38:19.196 [Forwarding isElementEnabled on session 29b533b94b4f0cf7fd7736965494f083 to remote] DEBUG org.asynchttpclient.netty.request.NettyRequestSender - Using pooled Channel '[id: 0xa3326aff, L:/127.0.0.1:50205 - R:localhost/127.0.0.1:60350]' for 'GET' to 'http://localhost:60350/session/29b533b94b4f0cf7fd7736965494f083/element/1a1f34dd-db7d-46c5-acd9-30d890f5d846/enabled'
18:38:19.196 [Forwarding isElementEnabled on session 29b533b94b4f0cf7fd7736965494f083 to remote] DEBUG org.asynchttpclient.netty.request.NettyRequestSender - Using open Channel [id: 0xa3326aff, L:/127.0.0.1:50205 - R:localhost/127.0.0.1:60350] for GET '/session/29b533b94b4f0cf7fd7736965494f083/element/1a1f34dd-db7d-46c5-acd9-30d890f5d846/enabled'
18:38:19.200 [AsyncHttpClient-1-2] DEBUG org.asynchttpclient.netty.handler.HttpHandler - 

Request DefaultFullHttpRequest(decodeResult: success, version: HTTP/1.1, content: EmptyByteBufBE)
GET /session/29b533b94b4f0cf7fd7736965494f083/element/1a1f34dd-db7d-46c5-acd9-30d890f5d846/enabled HTTP/1.1
User-Agent: selenium/4.1.4 (java windows)
Cache-Control: no-cache
Content-Type: application/json; charset=utf-8
host: localhost:60350
accept: */*

Response DefaultHttpResponse(decodeResult: success, version: HTTP/1.1)
HTTP/1.1 200 OK
Content-Type: application/json; charset=utf-8
cache-control: no-cache
content-length: 14

18:38:19.200 [AsyncHttpClient-1-2] DEBUG org.asynchttpclient.netty.channel.ChannelManager - Adding key: http://localhost:60350 for channel [id: 0xa3326aff, L:/127.0.0.1:50205 - R:localhost/127.0.0.1:60350]
18:38:19.202 [Forwarding findElement on session 29b533b94b4f0cf7fd7736965494f083 to remote] DEBUG org.asynchttpclient.netty.request.NettyRequestSender - Using pooled Channel '[id: 0xa3326aff, L:/127.0.0.1:50205 - R:localhost/127.0.0.1:60350]' for 'POST' to 'http://localhost:60350/session/29b533b94b4f0cf7fd7736965494f083/element'
18:38:19.202 [Forwarding findElement on session 29b533b94b4f0cf7fd7736965494f083 to remote] DEBUG org.asynchttpclient.netty.request.NettyRequestSender - Using open Channel [id: 0xa3326aff, L:/127.0.0.1:50205 - R:localhost/127.0.0.1:60350] for POST '/session/29b533b94b4f0cf7fd7736965494f083/element'
18:38:19.207 [AsyncHttpClient-1-2] DEBUG org.asynchttpclient.netty.handler.HttpHandler - 

Request DefaultHttpRequest(decodeResult: success, version: HTTP/1.1)
POST /session/29b533b94b4f0cf7fd7736965494f083/element HTTP/1.1
User-Agent: selenium/4.1.4 (java windows)
Content-Length: 67
Content-Type: application/json; charset=utf-8
host: localhost:60350
accept: */*

Response DefaultHttpResponse(decodeResult: success, version: HTTP/1.1)
HTTP/1.1 200 OK
Content-Type: application/json; charset=utf-8
cache-control: no-cache
content-length: 88

18:38:19.207 [AsyncHttpClient-1-2] DEBUG org.asynchttpclient.netty.channel.ChannelManager - Adding key: http://localhost:60350 for channel [id: 0xa3326aff, L:/127.0.0.1:50205 - R:localhost/127.0.0.1:60350]
18:38:19.208 [Forwarding clickElement on session 29b533b94b4f0cf7fd7736965494f083 to remote] DEBUG org.asynchttpclient.netty.request.NettyRequestSender - Using pooled Channel '[id: 0xa3326aff, L:/127.0.0.1:50205 - R:localhost/127.0.0.1:60350]' for 'POST' to 'http://localhost:60350/session/29b533b94b4f0cf7fd7736965494f083/element/1a1f34dd-db7d-46c5-acd9-30d890f5d846/click'
18:38:19.208 [Forwarding clickElement on session 29b533b94b4f0cf7fd7736965494f083 to remote] DEBUG org.asynchttpclient.netty.request.NettyRequestSender - Using open Channel [id: 0xa3326aff, L:/127.0.0.1:50205 - R:localhost/127.0.0.1:60350] for POST '/session/29b533b94b4f0cf7fd7736965494f083/element/1a1f34dd-db7d-46c5-acd9-30d890f5d846/click'
18:38:19.247 [AsyncHttpClient-1-2] DEBUG org.asynchttpclient.netty.handler.HttpHandler - 

Request DefaultHttpRequest(decodeResult: success, version: HTTP/1.1)
POST /session/29b533b94b4f0cf7fd7736965494f083/element/1a1f34dd-db7d-46c5-acd9-30d890f5d846/click HTTP/1.1
User-Agent: selenium/4.1.4 (java windows)
Content-Length: 50
Content-Type: application/json; charset=utf-8
host: localhost:60350
accept: */*

Response DefaultHttpResponse(decodeResult: success, version: HTTP/1.1)
HTTP/1.1 200 OK
Content-Type: application/json; charset=utf-8
cache-control: no-cache
content-length: 14

18:38:19.247 [AsyncHttpClient-1-2] DEBUG org.asynchttpclient.netty.channel.ChannelManager - Adding key: http://localhost:60350 for channel [id: 0xa3326aff, L:/127.0.0.1:50205 - R:localhost/127.0.0.1:60350]
18:38:19.253 [Forwarding screenshot on session 29b533b94b4f0cf7fd7736965494f083 to remote] DEBUG org.asynchttpclient.netty.request.NettyRequestSender - Using pooled Channel '[id: 0xa3326aff, L:/127.0.0.1:50205 - R:localhost/127.0.0.1:60350]' for 'GET' to 'http://localhost:60350/session/29b533b94b4f0cf7fd7736965494f083/screenshot'
18:38:19.253 [Forwarding screenshot on session 29b533b94b4f0cf7fd7736965494f083 to remote] DEBUG org.asynchttpclient.netty.request.NettyRequestSender - Using open Channel [id: 0xa3326aff, L:/127.0.0.1:50205 - R:localhost/127.0.0.1:60350] for GET '/session/29b533b94b4f0cf7fd7736965494f083/screenshot'
18:38:19.508 [AsyncHttpClient-1-2] DEBUG org.asynchttpclient.netty.handler.HttpHandler - 

Request DefaultFullHttpRequest(decodeResult: success, version: HTTP/1.1, content: EmptyByteBufBE)
GET /session/29b533b94b4f0cf7fd7736965494f083/screenshot HTTP/1.1
User-Agent: selenium/4.1.4 (java windows)
Cache-Control: no-cache
Content-Type: application/json; charset=utf-8
host: localhost:60350
accept: */*

Response DefaultHttpResponse(decodeResult: success, version: HTTP/1.1)
HTTP/1.1 200 OK
Content-Type: application/json; charset=utf-8
cache-control: no-cache
content-length: 103732

18:38:19.508 [AsyncHttpClient-1-2] DEBUG org.asynchttpclient.netty.channel.ChannelManager - Adding key: http://localhost:60350 for channel [id: 0xa3326aff, L:/127.0.0.1:50205 - R:localhost/127.0.0.1:60350]
18:38:19.515 [main] DEBUG net.serenitybdd.core.photography.Darkroom - Send negative for processing for target\site\serenity\3356ec799ee4b60fcb3fd692f98a84955eef25c968a6d5db124fcc2161929bf2.png
18:38:19.515 [main] DEBUG net.thucydides.core.steps.StepInterceptor - STEP DONE: clickButtonChooseCategoryNama
  &amp#27;[32mAnd &amp#27;[0m&amp#27;[32mClick chose nama&amp#27;[0m                                    &amp#27;[90m# starter.stepdefinitios.PatientDataSteps.clickChoseNama()&amp#27;[0m
18:38:19.515 [Darkroom Processing Line] DEBUG net.serenitybdd.core.photography.DarkroomProcessingLine - Processing screenshot image in /var/screenshots/screenshot-13028686615246213412
18:38:19.515 [Darkroom Processing Line] DEBUG net.serenitybdd.core.photography.DarkroomProcessingLine - Saving screenshot to target\site\serenity\3356ec799ee4b60fcb3fd692f98a84955eef25c968a6d5db124fcc2161929bf2.png
18:38:20.139 [AsyncHttpClient-1-1] DEBUG org.asynchttpclient.netty.channel.DefaultChannelPool - Entry count for : http://localhost:60350 : 1
18:38:20.139 [AsyncHttpClient-1-1] DEBUG org.asynchttpclient.netty.channel.DefaultChannelPool - Entry count for : http://localhost:50206 : 1
18:38:21.242 [AsyncHttpClient-1-1] DEBUG org.asynchttpclient.netty.channel.DefaultChannelPool - Entry count for : http://localhost:60350 : 1
18:38:21.242 [AsyncHttpClient-1-1] DEBUG org.asynchttpclient.netty.channel.DefaultChannelPool - Entry count for : http://localhost:50206 : 1
18:38:21.545 [Forwarding screenshot on session 29b533b94b4f0cf7fd7736965494f083 to remote] DEBUG org.asynchttpclient.netty.request.NettyRequestSender - Using pooled Channel '[id: 0xa3326aff, L:/127.0.0.1:50205 - R:localhost/127.0.0.1:60350]' for 'GET' to 'http://localhost:60350/session/29b533b94b4f0cf7fd7736965494f083/screenshot'
18:38:21.545 [Forwarding screenshot on session 29b533b94b4f0cf7fd7736965494f083 to remote] DEBUG org.asynchttpclient.netty.request.NettyRequestSender - Using open Channel [id: 0xa3326aff, L:/127.0.0.1:50205 - R:localhost/127.0.0.1:60350] for GET '/session/29b533b94b4f0cf7fd7736965494f083/screenshot'
18:38:21.764 [AsyncHttpClient-1-2] DEBUG org.asynchttpclient.netty.handler.HttpHandler - 

Request DefaultFullHttpRequest(decodeResult: success, version: HTTP/1.1, content: EmptyByteBufBE)
GET /session/29b533b94b4f0cf7fd7736965494f083/screenshot HTTP/1.1
User-Agent: selenium/4.1.4 (java windows)
Cache-Control: no-cache
Content-Type: application/json; charset=utf-8
host: localhost:60350
accept: */*

Response DefaultHttpResponse(decodeResult: success, version: HTTP/1.1)
HTTP/1.1 200 OK
Content-Type: application/json; charset=utf-8
cache-control: no-cache
content-length: 103732

18:38:21.764 [AsyncHttpClient-1-2] DEBUG org.asynchttpclient.netty.channel.ChannelManager - Adding key: http://localhost:60350 for channel [id: 0xa3326aff, L:/127.0.0.1:50205 - R:localhost/127.0.0.1:60350]
18:38:21.770 [main] DEBUG net.serenitybdd.core.photography.Darkroom - Send negative for processing for target\site\serenity\3356ec799ee4b60fcb3fd692f98a84955eef25c968a6d5db124fcc2161929bf2.png
18:38:21.770 [main] DEBUG net.thucydides.core.steps.StepInterceptor - STARTING STEP: PatientDataSteps.inputDataCategory - inputDataCategory
18:38:21.776 [Forwarding findElement on session 29b533b94b4f0cf7fd7736965494f083 to remote] DEBUG org.asynchttpclient.netty.request.NettyRequestSender - Using pooled Channel '[id: 0xa3326aff, L:/127.0.0.1:50205 - R:localhost/127.0.0.1:60350]' for 'POST' to 'http://localhost:60350/session/29b533b94b4f0cf7fd7736965494f083/element'
18:38:21.777 [Forwarding findElement on session 29b533b94b4f0cf7fd7736965494f083 to remote] DEBUG org.asynchttpclient.netty.request.NettyRequestSender - Using open Channel [id: 0xa3326aff, L:/127.0.0.1:50205 - R:localhost/127.0.0.1:60350] for POST '/session/29b533b94b4f0cf7fd7736965494f083/element'
18:38:21.802 [AsyncHttpClient-1-2] DEBUG org.asynchttpclient.netty.handler.HttpHandler - 

Request DefaultHttpRequest(decodeResult: success, version: HTTP/1.1)
POST /session/29b533b94b4f0cf7fd7736965494f083/element HTTP/1.1
User-Agent: selenium/4.1.4 (java windows)
Content-Length: 102
Content-Type: application/json; charset=utf-8
host: localhost:60350
accept: */*

Response DefaultHttpResponse(decodeResult: success, version: HTTP/1.1)
HTTP/1.1 200 OK
Content-Type: application/json; charset=utf-8
cache-control: no-cache
content-length: 88

18:38:21.802 [AsyncHttpClient-1-2] DEBUG org.asynchttpclient.netty.channel.ChannelManager - Adding key: http://localhost:60350 for channel [id: 0xa3326aff, L:/127.0.0.1:50205 - R:localhost/127.0.0.1:60350]
18:38:21.803 [Forwarding clearElement on session 29b533b94b4f0cf7fd7736965494f083 to remote] DEBUG org.asynchttpclient.netty.request.NettyRequestSender - Using pooled Channel '[id: 0xa3326aff, L:/127.0.0.1:50205 - R:localhost/127.0.0.1:60350]' for 'POST' to 'http://localhost:60350/session/29b533b94b4f0cf7fd7736965494f083/element/b9ff839f-3a55-46d2-bdb7-f75fa5f3cb9d/clear'
18:38:21.803 [Forwarding clearElement on session 29b533b94b4f0cf7fd7736965494f083 to remote] DEBUG org.asynchttpclient.netty.request.NettyRequestSender - Using open Channel [id: 0xa3326aff, L:/127.0.0.1:50205 - R:localhost/127.0.0.1:60350] for POST '/session/29b533b94b4f0cf7fd7736965494f083/element/b9ff839f-3a55-46d2-bdb7-f75fa5f3cb9d/clear'
18:38:21.865 [AsyncHttpClient-1-2] DEBUG org.asynchttpclient.netty.handler.HttpHandler - 

Request DefaultHttpRequest(decodeResult: success, version: HTTP/1.1)
POST /session/29b533b94b4f0cf7fd7736965494f083/element/b9ff839f-3a55-46d2-bdb7-f75fa5f3cb9d/clear HTTP/1.1
User-Agent: selenium/4.1.4 (java windows)
Content-Length: 50
Content-Type: application/json; charset=utf-8
host: localhost:60350
accept: */*

Response DefaultHttpResponse(decodeResult: success, version: HTTP/1.1)
HTTP/1.1 200 OK
Content-Type: application/json; charset=utf-8
cache-control: no-cache
content-length: 14

18:38:21.865 [AsyncHttpClient-1-2] DEBUG org.asynchttpclient.netty.channel.ChannelManager - Adding key: http://localhost:60350 for channel [id: 0xa3326aff, L:/127.0.0.1:50205 - R:localhost/127.0.0.1:60350]
18:38:21.866 [Forwarding sendKeysToElement on session 29b533b94b4f0cf7fd7736965494f083 to remote] DEBUG org.asynchttpclient.netty.request.NettyRequestSender - Using pooled Channel '[id: 0xa3326aff, L:/127.0.0.1:50205 - R:localhost/127.0.0.1:60350]' for 'POST' to 'http://localhost:60350/session/29b533b94b4f0cf7fd7736965494f083/element/b9ff839f-3a55-46d2-bdb7-f75fa5f3cb9d/value'
18:38:21.866 [Forwarding sendKeysToElement on session 29b533b94b4f0cf7fd7736965494f083 to remote] DEBUG org.asynchttpclient.netty.request.NettyRequestSender - Using open Channel [id: 0xa3326aff, L:/127.0.0.1:50205 - R:localhost/127.0.0.1:60350] for POST '/session/29b533b94b4f0cf7fd7736965494f083/element/b9ff839f-3a55-46d2-bdb7-f75fa5f3cb9d/value'
18:38:21.978 [AsyncHttpClient-1-2] DEBUG org.asynchttpclient.netty.handler.HttpHandler - 

Request DefaultHttpRequest(decodeResult: success, version: HTTP/1.1)
POST /session/29b533b94b4f0cf7fd7736965494f083/element/b9ff839f-3a55-46d2-bdb7-f75fa5f3cb9d/value HTTP/1.1
User-Agent: selenium/4.1.4 (java windows)
Content-Length: 171
Content-Type: application/json; charset=utf-8
host: localhost:60350
accept: */*

Response DefaultHttpResponse(decodeResult: success, version: HTTP/1.1)
HTTP/1.1 200 OK
Content-Type: application/json; charset=utf-8
cache-control: no-cache
content-length: 14

18:38:21.978 [AsyncHttpClient-1-2] DEBUG org.asynchttpclient.netty.channel.ChannelManager - Adding key: http://localhost:60350 for channel [id: 0xa3326aff, L:/127.0.0.1:50205 - R:localhost/127.0.0.1:60350]
18:38:21.989 [Forwarding screenshot on session 29b533b94b4f0cf7fd7736965494f083 to remote] DEBUG org.asynchttpclient.netty.request.NettyRequestSender - Using pooled Channel '[id: 0xa3326aff, L:/127.0.0.1:50205 - R:localhost/127.0.0.1:60350]' for 'GET' to 'http://localhost:60350/session/29b533b94b4f0cf7fd7736965494f083/screenshot'
18:38:21.989 [Forwarding screenshot on session 29b533b94b4f0cf7fd7736965494f083 to remote] DEBUG org.asynchttpclient.netty.request.NettyRequestSender - Using open Channel [id: 0xa3326aff, L:/127.0.0.1:50205 - R:localhost/127.0.0.1:60350] for GET '/session/29b533b94b4f0cf7fd7736965494f083/screenshot'
18:38:22.141 [AsyncHttpClient-1-2] DEBUG org.asynchttpclient.netty.handler.HttpHandler - 

Request DefaultFullHttpRequest(decodeResult: success, version: HTTP/1.1, content: EmptyByteBufBE)
GET /session/29b533b94b4f0cf7fd7736965494f083/screenshot HTTP/1.1
User-Agent: selenium/4.1.4 (java windows)
Cache-Control: no-cache
Content-Type: application/json; charset=utf-8
host: localhost:60350
accept: */*

Response DefaultHttpResponse(decodeResult: success, version: HTTP/1.1)
HTTP/1.1 200 OK
Content-Type: application/json; charset=utf-8
cache-control: no-cache
content-length: 116480

18:38:22.141 [AsyncHttpClient-1-2] DEBUG org.asynchttpclient.netty.channel.ChannelManager - Adding key: http://localhost:60350 for channel [id: 0xa3326aff, L:/127.0.0.1:50205 - R:localhost/127.0.0.1:60350]
18:38:22.146 [main] DEBUG net.serenitybdd.core.photography.Darkroom - Send negative for processing for target\site\serenity\9b6d84559f65df2403d4b3cb53206703156b10739254a73adf8558d632744339.png
18:38:22.147 [main] DEBUG net.thucydides.core.steps.StepInterceptor - STEP DONE: inputDataCategory
  &amp#27;[32mAnd &amp#27;[0m&amp#27;[32mInput data &amp#27;[0m&amp#27;[32m&amp#27;[1m"&%^%^*)%"&amp#27;[0m&amp#27;[32m category&amp#27;[0m                      &amp#27;[90m# starter.stepdefinitios.PatientDataSteps.inputDataCategory(java.lang.String)&amp#27;[0m
18:38:22.147 [Darkroom Processing Line] DEBUG net.serenitybdd.core.photography.DarkroomProcessingLine - Processing screenshot image in /var/screenshots/screenshot-3362657417210357546
18:38:22.147 [Darkroom Processing Line] DEBUG net.serenitybdd.core.photography.DarkroomProcessingLine - Saving screenshot to target\site\serenity\9b6d84559f65df2403d4b3cb53206703156b10739254a73adf8558d632744339.png
18:38:22.336 [AsyncHttpClient-1-1] DEBUG org.asynchttpclient.netty.channel.DefaultChannelPool - Entry count for : http://localhost:60350 : 1
18:38:22.336 [AsyncHttpClient-1-1] DEBUG org.asynchttpclient.netty.channel.DefaultChannelPool - Entry count for : http://localhost:50206 : 1
18:38:23.435 [AsyncHttpClient-1-1] DEBUG org.asynchttpclient.netty.channel.DefaultChannelPool - Entry count for : http://localhost:60350 : 1
18:38:23.435 [AsyncHttpClient-1-1] DEBUG org.asynchttpclient.netty.channel.DefaultChannelPool - Entry count for : http://localhost:50206 : 1
18:38:24.171 [Forwarding screenshot on session 29b533b94b4f0cf7fd7736965494f083 to remote] DEBUG org.asynchttpclient.netty.request.NettyRequestSender - Using pooled Channel '[id: 0xa3326aff, L:/127.0.0.1:50205 - R:localhost/127.0.0.1:60350]' for 'GET' to 'http://localhost:60350/session/29b533b94b4f0cf7fd7736965494f083/screenshot'
18:38:24.171 [Forwarding screenshot on session 29b533b94b4f0cf7fd7736965494f083 to remote] DEBUG org.asynchttpclient.netty.request.NettyRequestSender - Using open Channel [id: 0xa3326aff, L:/127.0.0.1:50205 - R:localhost/127.0.0.1:60350] for GET '/session/29b533b94b4f0cf7fd7736965494f083/screenshot'
18:38:24.392 [AsyncHttpClient-1-2] DEBUG org.asynchttpclient.netty.handler.HttpHandler - 

Request DefaultFullHttpRequest(decodeResult: success, version: HTTP/1.1, content: EmptyByteBufBE)
GET /session/29b533b94b4f0cf7fd7736965494f083/screenshot HTTP/1.1
User-Agent: selenium/4.1.4 (java windows)
Cache-Control: no-cache
Content-Type: application/json; charset=utf-8
host: localhost:60350
accept: */*

Response DefaultHttpResponse(decodeResult: success, version: HTTP/1.1)
HTTP/1.1 200 OK
Content-Type: application/json; charset=utf-8
cache-control: no-cache
content-length: 116480

18:38:24.392 [AsyncHttpClient-1-2] DEBUG org.asynchttpclient.netty.channel.ChannelManager - Adding key: http://localhost:60350 for channel [id: 0xa3326aff, L:/127.0.0.1:50205 - R:localhost/127.0.0.1:60350]
18:38:24.397 [main] DEBUG net.serenitybdd.core.photography.Darkroom - Send negative for processing for target\site\serenity\9b6d84559f65df2403d4b3cb53206703156b10739254a73adf8558d632744339.png
18:38:24.397 [main] DEBUG net.thucydides.core.steps.StepInterceptor - STARTING STEP: PatientDataSteps.validDataCategoryPasien - validPagePasien
18:38:24.400 [Forwarding findElement on session 29b533b94b4f0cf7fd7736965494f083 to remote] DEBUG org.asynchttpclient.netty.request.NettyRequestSender - Using pooled Channel '[id: 0xa3326aff, L:/127.0.0.1:50205 - R:localhost/127.0.0.1:60350]' for 'POST' to 'http://localhost:60350/session/29b533b94b4f0cf7fd7736965494f083/element'
18:38:24.400 [Forwarding findElement on session 29b533b94b4f0cf7fd7736965494f083 to remote] DEBUG org.asynchttpclient.netty.request.NettyRequestSender - Using open Channel [id: 0xa3326aff, L:/127.0.0.1:50205 - R:localhost/127.0.0.1:60350] for POST '/session/29b533b94b4f0cf7fd7736965494f083/element'
18:38:24.420 [AsyncHttpClient-1-2] DEBUG org.asynchttpclient.netty.handler.HttpHandler - 

Request DefaultHttpRequest(decodeResult: success, version: HTTP/1.1)
POST /session/29b533b94b4f0cf7fd7736965494f083/element HTTP/1.1
User-Agent: selenium/4.1.4 (java windows)
Content-Length: 126
Content-Type: application/json; charset=utf-8
host: localhost:60350
accept: */*

Response DefaultHttpResponse(decodeResult: success, version: HTTP/1.1)
HTTP/1.1 200 OK
Content-Type: application/json; charset=utf-8
cache-control: no-cache
content-length: 88

18:38:24.420 [AsyncHttpClient-1-2] DEBUG org.asynchttpclient.netty.channel.ChannelManager - Adding key: http://localhost:60350 for channel [id: 0xa3326aff, L:/127.0.0.1:50205 - R:localhost/127.0.0.1:60350]
18:38:24.420 [Forwarding isElementEnabled on session 29b533b94b4f0cf7fd7736965494f083 to remote] DEBUG org.asynchttpclient.netty.request.NettyRequestSender - Using pooled Channel '[id: 0xa3326aff, L:/127.0.0.1:50205 - R:localhost/127.0.0.1:60350]' for 'GET' to 'http://localhost:60350/session/29b533b94b4f0cf7fd7736965494f083/element/2beafc6f-c718-4f1a-9951-31c80a6bd7ab/enabled'
18:38:24.420 [Forwarding isElementEnabled on session 29b533b94b4f0cf7fd7736965494f083 to remote] DEBUG org.asynchttpclient.netty.request.NettyRequestSender - Using open Channel [id: 0xa3326aff, L:/127.0.0.1:50205 - R:localhost/127.0.0.1:60350] for GET '/session/29b533b94b4f0cf7fd7736965494f083/element/2beafc6f-c718-4f1a-9951-31c80a6bd7ab/enabled'
18:38:24.433 [AsyncHttpClient-1-2] DEBUG org.asynchttpclient.netty.handler.HttpHandler - 

Request DefaultFullHttpRequest(decodeResult: success, version: HTTP/1.1, content: EmptyByteBufBE)
GET /session/29b533b94b4f0cf7fd7736965494f083/element/2beafc6f-c718-4f1a-9951-31c80a6bd7ab/enabled HTTP/1.1
User-Agent: selenium/4.1.4 (java windows)
Cache-Control: no-cache
Content-Type: application/json; charset=utf-8
host: localhost:60350
accept: */*

Response DefaultHttpResponse(decodeResult: success, version: HTTP/1.1)
HTTP/1.1 200 OK
Content-Type: application/json; charset=utf-8
cache-control: no-cache
content-length: 14

18:38:24.433 [AsyncHttpClient-1-2] DEBUG org.asynchttpclient.netty.channel.ChannelManager - Adding key: http://localhost:60350 for channel [id: 0xa3326aff, L:/127.0.0.1:50205 - R:localhost/127.0.0.1:60350]
18:38:24.435 [main] DEBUG net.thucydides.core.steps.StepInterceptor - STEP DONE: validPagePasien
  &amp#27;[32mAnd &amp#27;[0m&amp#27;[32mValid data category pasien&amp#27;[0m                          &amp#27;[90m# starter.stepdefinitios.PatientDataSteps.validDataCategoryPasien()&amp#27;[0m
18:38:24.450 [AsyncHttpClient-1-4] DEBUG org.asynchttpclient.netty.handler.WebSocketHandler - Channel Closed: [id: 0x10c06f8b, L:/127.0.0.1:50213 ! R:localhost/127.0.0.1:50206] with attribute NettyResponseFuture{currentRetry=5,
	isDone=1,
	isCancelled=0,
	asyncHandler=org.asynchttpclient.ws.WebSocketUpgradeHandler@1b98fef,
	nettyRequest=org.asynchttpclient.netty.request.NettyRequest@bcdedfa,
	future=java.util.concurrent.CompletableFuture@311680e2[Completed normally],
	uri=ws://localhost:50206/devtools/browser/04ca074d-3403-487e-b76d-aa0cdf414805,
	keepAlive=true,
	redirectCount=0,
	timeoutsHolder=null,
	inAuth=0,
	touch=1658057871110}
18:38:24.450 [AsyncHttpClient-1-4] DEBUG org.asynchttpclient.netty.channel.ChannelManager - Closing Channel [id: 0x10c06f8b, L:/127.0.0.1:50213 ! R:localhost/127.0.0.1:50206] 
18:38:24.451 [Driver Command Executor] DEBUG org.asynchttpclient.netty.request.NettyRequestSender - Using pooled Channel '[id: 0xa3326aff, L:/127.0.0.1:50205 - R:localhost/127.0.0.1:60350]' for 'DELETE' to 'http://localhost:60350/session/29b533b94b4f0cf7fd7736965494f083'
18:38:24.451 [Driver Command Executor] DEBUG org.asynchttpclient.netty.request.NettyRequestSender - Using open Channel [id: 0xa3326aff, L:/127.0.0.1:50205 - R:localhost/127.0.0.1:60350] for DELETE '/session/29b533b94b4f0cf7fd7736965494f083'
18:38:24.518 [AsyncHttpClient-1-3] DEBUG org.asynchttpclient.netty.handler.HttpHandler - Unexpected I/O exception on channel [id: 0x5581ac5f, L:/127.0.0.1:50212 - R:localhost/127.0.0.1:50206]
java.io.IOException: An existing connection was forcibly closed by the remote host
	at java.base/sun.nio.ch.SocketDispatcher.read0(Native Method)
	at java.base/sun.nio.ch.SocketDispatcher.read(SocketDispatcher.java:43)
	at java.base/sun.nio.ch.IOUtil.readIntoNativeBuffer(IOUtil.java:276)
	at java.base/sun.nio.ch.IOUtil.read(IOUtil.java:233)
	at java.base/sun.nio.ch.IOUtil.read(IOUtil.java:223)
	at java.base/sun.nio.ch.SocketChannelImpl.read(SocketChannelImpl.java:356)
	at io.netty.buffer.PooledByteBuf.setBytes(PooledByteBuf.java:258)
	at io.netty.buffer.AbstractByteBuf.writeBytes(AbstractByteBuf.java:1132)
	at io.netty.channel.socket.nio.NioSocketChannel.doReadBytes(NioSocketChannel.java:357)
	at io.netty.channel.nio.AbstractNioByteChannel$NioByteUnsafe.read(AbstractNioByteChannel.java:151)
	at io.netty.channel.nio.NioEventLoop.processSelectedKey(NioEventLoop.java:722)
	at io.netty.channel.nio.NioEventLoop.processSelectedKeysOptimized(NioEventLoop.java:658)
	at io.netty.channel.nio.NioEventLoop.processSelectedKeys(NioEventLoop.java:584)
	at io.netty.channel.nio.NioEventLoop.run(NioEventLoop.java:496)
	at io.netty.util.concurrent.SingleThreadEventExecutor$4.run(SingleThreadEventExecutor.java:986)
	at io.netty.util.internal.ThreadExecutorMap$2.run(ThreadExecutorMap.java:74)
	at io.netty.util.concurrent.FastThreadLocalRunnable.run(FastThreadLocalRunnable.java:30)
	at java.base/java.lang.Thread.run(Thread.java:829)
18:38:24.518 [AsyncHttpClient-1-3] DEBUG org.asynchttpclient.netty.channel.ChannelManager - Closing Channel [id: 0x5581ac5f, L:/127.0.0.1:50212 - R:localhost/127.0.0.1:50206] 
18:38:24.518 [AsyncHttpClient-1-3] DEBUG org.asynchttpclient.netty.handler.HttpHandler - Channel Closed: [id: 0x5581ac5f, L:/127.0.0.1:50212 ! R:localhost/127.0.0.1:50206] with attribute DISCARD
18:38:24.545 [AsyncHttpClient-1-1] DEBUG org.asynchttpclient.netty.channel.DefaultChannelPool - Entry count for : http://localhost:50206 : 1
18:38:24.545 [AsyncHttpClient-1-1] DEBUG org.asynchttpclient.netty.channel.DefaultChannelPool - Adding Candidate expired Channel [id: 0x5581ac5f, L:/127.0.0.1:50212 ! R:localhost/127.0.0.1:50206] isIdleTimeoutExpired=false isRemotelyClosed=true isTtlExpired=false
18:38:24.545 [AsyncHttpClient-1-1] DEBUG org.asynchttpclient.netty.channel.DefaultChannelPool - Closing Idle Channel [id: 0x5581ac5f, L:/127.0.0.1:50212 ! R:localhost/127.0.0.1:50206]
18:38:24.545 [AsyncHttpClient-1-1] DEBUG org.asynchttpclient.netty.channel.DefaultChannelPool - Closed 1 connections out of 1 in 0 ms
18:38:24.548 [AsyncHttpClient-1-2] DEBUG org.asynchttpclient.netty.handler.HttpHandler - 

Request DefaultFullHttpRequest(decodeResult: success, version: HTTP/1.1, content: EmptyByteBufBE)
DELETE /session/29b533b94b4f0cf7fd7736965494f083 HTTP/1.1
User-Agent: selenium/4.1.4 (java windows)
Content-Type: application/json; charset=utf-8
host: localhost:60350
accept: */*

Response DefaultHttpResponse(decodeResult: success, version: HTTP/1.1)
HTTP/1.1 200 OK
Content-Type: application/json; charset=utf-8
cache-control: no-cache
content-length: 14

18:38:24.548 [AsyncHttpClient-1-2] DEBUG org.asynchttpclient.netty.channel.ChannelManager - Adding key: http://localhost:60350 for channel [id: 0xa3326aff, L:/127.0.0.1:50205 - R:localhost/127.0.0.1:60350]
18:38:24.611 [AsyncHttpClient-1-2] DEBUG org.asynchttpclient.netty.handler.HttpHandler - Channel Closed: [id: 0xa3326aff, L:/127.0.0.1:50205 ! R:localhost/127.0.0.1:60350] with attribute DISCARD
18:38:24.633 [main] INFO  - 
  _____   ___   ___   _____     ___     _     ___   ___   ___   ___  
 |_   _| | __| / __| |_   _|   | _ \   /_\   / __| / __| | __| |   \ 
   | |   | _|  \__ \   | |     |  _/  / _ \  \__ \ \__ \ | _|  | |) |
   |_|   |___| |___/   |_|     |_|   /_/ \_\ |___/ |___/ |___| |___/ 

As a admin i want to search data pasien
----------------------------------------------------------------------
]]></system-out>
    <system-err><![CDATA[Starting ChromeDriver 103.0.5060.53 (a1711811edd74ff1cf2150f36ffa3b0dae40b17f-refs/branch-heads/5060@{#853}) on port 60350
Only local connections are allowed.
Please see https://chromedriver.chromium.org/security-considerations for suggestions on keeping ChromeDriver safe.
ChromeDriver was started successfully.
Jul 17, 2022 6:37:51 PM org.openqa.selenium.remote.ProtocolHandshake createSession
INFO: Detected dialect: W3C
Jul 17, 2022 6:37:51 PM org.openqa.selenium.devtools.CdpVersionFinder findNearestMatch
WARNING: Unable to find an exact match for CDP version 103, so returning the closest version found: 101
Jul 17, 2022 6:37:51 PM org.openqa.selenium.devtools.CdpVersionFinder findNearestMatch
INFO: Found CDP implementation for version 103 of 101
]]></system-err>
  </testcase>
</testsuite>