<?xml version="1.0" encoding="UTF-8"?>
<testsuite xmlns:xsi="http://www.w3.org/2001/XMLSchema-instance" xsi:noNamespaceSchemaLocation="https://maven.apache.org/surefire/maven-failsafe-plugin/xsd/failsafe-test-report-3.0.xsd" version="3.0" name="CucumberTestSuite" time="347.443" tests="8" errors="0" skipped="0" failures="0">
  <properties>
    <property name="sun.desktop" value="windows"/>
    <property name="awt.toolkit" value="sun.awt.windows.WToolkit"/>
    <property name="java.specification.version" value="11"/>
    <property name="webdriver.chrome.driver" value="C:\Users\Bagas Dwi Saputra\.cache\selenium\chromedriver\win32\103.0.5060.53\chromedriver.exe"/>
    <property name="sun.cpu.isalist" value="amd64"/>
    <property name="sun.jnu.encoding" value="Cp1252"/>
    <property name="java.class.path" value="C:\Alterra\CapstoneBaru\QE\TestingWebUpdate\target\test-classes;C:\Users\Bagas Dwi Saputra\.m2\repository\net\serenity-bdd\serenity-cucumber\3.2.1\serenity-cucumber-3.2.1.jar;C:\Users\Bagas Dwi Saputra\.m2\repository\net\serenity-bdd\serenity-model\3.2.1\serenity-model-3.2.1.jar;C:\Users\Bagas Dwi Saputra\.m2\repository\org\apache\commons\commons-text\1.9\commons-text-1.9.jar;C:\Users\Bagas Dwi Saputra\.m2\repository\commons-net\commons-net\3.8.0\commons-net-3.8.0.jar;C:\Users\Bagas Dwi Saputra\.m2\repository\com\google\guava\guava\31.1-jre\guava-31.1-jre.jar;C:\Users\Bagas Dwi Saputra\.m2\repository\com\google\guava\failureaccess\1.0.1\failureaccess-1.0.1.jar;C:\Users\Bagas Dwi Saputra\.m2\repository\com\google\guava\listenablefuture\9999.0-empty-to-avoid-conflict-with-guava\listenablefuture-9999.0-empty-to-avoid-conflict-with-guava.jar;C:\Users\Bagas Dwi Saputra\.m2\repository\com\google\code\findbugs\jsr305\3.0.2\jsr305-3.0.2.jar;C:\Users\Bagas Dwi Saputra\.m2\repository\org\checkerframework\checker-qual\3.12.0\checker-qual-3.12.0.jar;C:\Users\Bagas Dwi Saputra\.m2\repository\com\google\errorprone\error_prone_annotations\2.11.0\error_prone_annotations-2.11.0.jar;C:\Users\Bagas Dwi Saputra\.m2\repository\com\google\j2objc\j2objc-annotations\1.3\j2objc-annotations-1.3.jar;C:\Users\Bagas Dwi Saputra\.m2\repository\com\google\inject\guice\5.1.0\guice-5.1.0.jar;C:\Users\Bagas Dwi Saputra\.m2\repository\javax\inject\javax.inject\1\javax.inject-1.jar;C:\Users\Bagas Dwi Saputra\.m2\repository\aopalliance\aopalliance\1.0\aopalliance-1.0.jar;C:\Users\Bagas Dwi Saputra\.m2\repository\org\jsoup\jsoup\1.14.3\jsoup-1.14.3.jar;C:\Users\Bagas Dwi Saputra\.m2\repository\com\thoughtworks\xstream\xstream\1.4.19\xstream-1.4.19.jar;C:\Users\Bagas Dwi Saputra\.m2\repository\io\github\x-stream\mxparser\1.2.2\mxparser-1.2.2.jar;C:\Users\Bagas Dwi Saputra\.m2\repository\xmlpull\xmlpull\1.1.3.1\xmlpull-1.1.3.1.jar;C:\Users\Bagas Dwi Saputra\.m2\repository\com\typesafe\config\1.4.2\config-1.4.2.jar;C:\Users\Bagas Dwi Saputra\.m2\repository\org\imgscalr\imgscalr-lib\4.2\imgscalr-lib-4.2.jar;C:\Users\Bagas Dwi Saputra\.m2\repository\org\awaitility\awaitility\4.2.0\awaitility-4.2.0.jar;C:\Users\Bagas Dwi Saputra\.m2\repository\org\freemarker\freemarker\2.3.31\freemarker-2.3.31.jar;C:\Users\Bagas Dwi Saputra\.m2\repository\io\github\classgraph\classgraph\4.8.138\classgraph-4.8.138.jar;C:\Users\Bagas Dwi Saputra\.m2\repository\net\sourceforge\jexcelapi\jxl\2.6.12\jxl-2.6.12.jar;C:\Users\Bagas Dwi Saputra\.m2\repository\net\bytebuddy\byte-buddy\1.12.8\byte-buddy-1.12.8.jar;C:\Users\Bagas Dwi Saputra\.m2\repository\net\bytebuddy\byte-buddy-agent\1.12.8\byte-buddy-agent-1.12.8.jar;C:\Users\Bagas Dwi Saputra\.m2\repository\org\objenesis\objenesis\3.1\objenesis-3.1.jar;C:\Users\Bagas Dwi Saputra\.m2\repository\io\cucumber\cucumber-core\7.2.3\cucumber-core-7.2.3.jar;C:\Users\Bagas Dwi Saputra\.m2\repository\io\cucumber\cucumber-gherkin\7.2.3\cucumber-gherkin-7.2.3.jar;C:\Users\Bagas Dwi Saputra\.m2\repository\io\cucumber\cucumber-gherkin-messages\7.2.3\cucumber-gherkin-messages-7.2.3.jar;C:\Users\Bagas Dwi Saputra\.m2\repository\io\cucumber\messages\17.1.1\messages-17.1.1.jar;C:\Users\Bagas Dwi Saputra\.m2\repository\io\cucumber\tag-expressions\4.1.0\tag-expressions-4.1.0.jar;C:\Users\Bagas Dwi Saputra\.m2\repository\io\cucumber\cucumber-expressions\15.0.1\cucumber-expressions-15.0.1.jar;C:\Users\Bagas Dwi Saputra\.m2\repository\io\cucumber\datatable\7.2.3\datatable-7.2.3.jar;C:\Users\Bagas Dwi Saputra\.m2\repository\io\cucumber\cucumber-plugin\7.2.3\cucumber-plugin-7.2.3.jar;C:\Users\Bagas Dwi Saputra\.m2\repository\io\cucumber\docstring\7.2.3\docstring-7.2.3.jar;C:\Users\Bagas Dwi Saputra\.m2\repository\io\cucumber\html-formatter\17.0.0\html-formatter-17.0.0.jar;C:\Users\Bagas Dwi Saputra\.m2\repository\io\cucumber\ci-environment\8.1.0\ci-environment-8.1.0.jar;C:\Users\Bagas Dwi Saputra\.m2\repository\io\cucumber\cucumber-junit\7.2.3\cucumber-junit-7.2.3.jar;C:\Users\Bagas Dwi Saputra\.m2\repository\org\apache\commons\commons-csv\1.5\commons-csv-1.5.jar;C:\Users\Bagas Dwi Saputra\.m2\repository\net\serenity-bdd\serenity-screenplay\3.2.1\serenity-screenplay-3.2.1.jar;C:\Users\Bagas Dwi Saputra\.m2\repository\net\serenity-bdd\serenity-screenplay-webdriver\3.2.1\serenity-screenplay-webdriver-3.2.1.jar;C:\Users\Bagas Dwi Saputra\.m2\repository\net\serenity-bdd\serenity-ensure\3.2.1\serenity-ensure-3.2.1.jar;C:\Users\Bagas Dwi Saputra\.m2\repository\net\serenity-bdd\serenity-junit\3.2.1\serenity-junit-3.2.1.jar;C:\Users\Bagas Dwi Saputra\.m2\repository\org\jetbrains\kotlin\kotlin-stdlib\1.6.0\kotlin-stdlib-1.6.0.jar;C:\Users\Bagas Dwi Saputra\.m2\repository\org\jetbrains\annotations\13.0\annotations-13.0.jar;C:\Users\Bagas Dwi Saputra\.m2\repository\org\jetbrains\kotlin\kotlin-stdlib-common\1.6.0\kotlin-stdlib-common-1.6.0.jar;C:\Users\Bagas Dwi Saputra\.m2\repository\org\junit\platform\junit-platform-launcher\1.8.2\junit-platform-launcher-1.8.2.jar;C:\Users\Bagas Dwi Saputra\.m2\repository\org\junit\platform\junit-platform-engine\1.8.2\junit-platform-engine-1.8.2.jar;C:\Users\Bagas Dwi Saputra\.m2\repository\org\junit\platform\junit-platform-commons\1.8.2\junit-platform-commons-1.8.2.jar;C:\Users\Bagas Dwi Saputra\.m2\repository\org\apiguardian\apiguardian-api\1.1.2\apiguardian-api-1.1.2.jar;C:\Users\Bagas Dwi Saputra\.m2\repository\org\junit\jupiter\junit-jupiter-engine\5.8.2\junit-jupiter-engine-5.8.2.jar;C:\Users\Bagas Dwi Saputra\.m2\repository\org\junit\jupiter\junit-jupiter-api\5.8.2\junit-jupiter-api-5.8.2.jar;C:\Users\Bagas Dwi Saputra\.m2\repository\org\junit\vintage\junit-vintage-engine\5.8.2\junit-vintage-engine-5.8.2.jar;C:\Users\Bagas Dwi Saputra\.m2\repository\junit\junit\4.13.2\junit-4.13.2.jar;C:\Users\Bagas Dwi Saputra\.m2\repository\org\hamcrest\hamcrest-core\1.3\hamcrest-core-1.3.jar;C:\Users\Bagas Dwi Saputra\.m2\repository\ch\qos\logback\logback-classic\1.2.11\logback-classic-1.2.11.jar;C:\Users\Bagas Dwi Saputra\.m2\repository\ch\qos\logback\logback-core\1.2.11\logback-core-1.2.11.jar;C:\Users\Bagas Dwi Saputra\.m2\repository\org\slf4j\slf4j-api\1.7.32\slf4j-api-1.7.32.jar;C:\Users\Bagas Dwi Saputra\.m2\repository\org\assertj\assertj-core\3.22.0\assertj-core-3.22.0.jar;C:\Users\Bagas Dwi Saputra\.m2\repository\net\serenity-bdd\serenity-rest-assured\3.2.1\serenity-rest-assured-3.2.1.jar;C:\Users\Bagas Dwi Saputra\.m2\repository\org\apache\httpcomponents\httpclient\4.5.13\httpclient-4.5.13.jar;C:\Users\Bagas Dwi Saputra\.m2\repository\org\apache\httpcomponents\httpcore\4.4.13\httpcore-4.4.13.jar;C:\Users\Bagas Dwi Saputra\.m2\repository\commons-logging\commons-logging\1.2\commons-logging-1.2.jar;C:\Users\Bagas Dwi Saputra\.m2\repository\org\codehaus\groovy\groovy-json\3.0.10\groovy-json-3.0.10.jar;C:\Users\Bagas Dwi Saputra\.m2\repository\org\opentest4j\opentest4j\1.2.0\opentest4j-1.2.0.jar;C:\Users\Bagas Dwi Saputra\.m2\repository\org\apache\maven\plugins\maven-surefire-plugin\3.0.0-M5\maven-surefire-plugin-3.0.0-M5.jar;C:\Users\Bagas Dwi Saputra\.m2\repository\org\apache\maven\surefire\maven-surefire-common\3.0.0-M5\maven-surefire-common-3.0.0-M5.jar;C:\Users\Bagas Dwi Saputra\.m2\repository\org\apache\maven\surefire\surefire-api\3.0.0-M5\surefire-api-3.0.0-M5.jar;C:\Users\Bagas Dwi Saputra\.m2\repository\org\apache\maven\surefire\surefire-logger-api\3.0.0-M5\surefire-logger-api-3.0.0-M5.jar;C:\Users\Bagas Dwi Saputra\.m2\repository\org\apache\maven\surefire\surefire-extensions-api\3.0.0-M5\surefire-extensions-api-3.0.0-M5.jar;C:\Users\Bagas Dwi Saputra\.m2\repository\org\apache\maven\surefire\surefire-booter\3.0.0-M5\surefire-booter-3.0.0-M5.jar;C:\Users\Bagas Dwi Saputra\.m2\repository\org\apache\maven\surefire\surefire-extensions-spi\3.0.0-M5\surefire-extensions-spi-3.0.0-M5.jar;C:\Users\Bagas Dwi Saputra\.m2\repository\org\apache\maven\maven-toolchain\3.0-alpha-2\maven-toolchain-3.0-alpha-2.jar;C:\Users\Bagas Dwi Saputra\.m2\repository\org\apache\maven\shared\maven-artifact-transfer\0.11.0\maven-artifact-transfer-0.11.0.jar;C:\Users\Bagas Dwi Saputra\.m2\repository\org\apache\maven\shared\maven-common-artifact-filters\3.0.1\maven-common-artifact-filters-3.0.1.jar;C:\Users\Bagas Dwi Saputra\.m2\repository\org\apache\maven\maven-model\3.0\maven-model-3.0.jar;C:\Users\Bagas Dwi Saputra\.m2\repository\org\apache\maven\maven-plugin-api\3.0\maven-plugin-api-3.0.jar;C:\Users\Bagas Dwi Saputra\.m2\repository\org\sonatype\sisu\sisu-inject-plexus\1.4.2\sisu-inject-plexus-1.4.2.jar;C:\Users\Bagas Dwi Saputra\.m2\repository\org\codehaus\plexus\plexus-classworlds\2.2.3\plexus-classworlds-2.2.3.jar;C:\Users\Bagas Dwi Saputra\.m2\repository\org\sonatype\sisu\sisu-inject-bean\1.4.2\sisu-inject-bean-1.4.2.jar;C:\Users\Bagas Dwi Saputra\.m2\repository\org\sonatype\sisu\sisu-guice\2.1.7\sisu-guice-2.1.7-noaop.jar;C:\Users\Bagas Dwi Saputra\.m2\repository\org\apache\maven\shared\maven-shared-utils\3.1.0\maven-shared-utils-3.1.0.jar;C:\Users\Bagas Dwi Saputra\.m2\repository\org\codehaus\plexus\plexus-java\1.0.5\plexus-java-1.0.5.jar;C:\Users\Bagas Dwi Saputra\.m2\repository\org\ow2\asm\asm\7.2\asm-7.2.jar;C:\Users\Bagas Dwi Saputra\.m2\repository\com\thoughtworks\qdox\qdox\2.0-M9\qdox-2.0-M9.jar;C:\Users\Bagas Dwi Saputra\.m2\repository\org\apache\maven\surefire\surefire-shared-utils\3.0.0-M4\surefire-shared-utils-3.0.0-M4.jar;C:\Users\Bagas Dwi Saputra\.m2\repository\io\rest-assured\rest-assured\4.5.1\rest-assured-4.5.1.jar;C:\Users\Bagas Dwi Saputra\.m2\repository\org\apache\httpcomponents\httpmime\4.5.13\httpmime-4.5.13.jar;C:\Users\Bagas Dwi Saputra\.m2\repository\org\hamcrest\hamcrest\2.1\hamcrest-2.1.jar;C:\Users\Bagas Dwi Saputra\.m2\repository\org\ccil\cowan\tagsoup\tagsoup\1.2.1\tagsoup-1.2.1.jar;C:\Users\Bagas Dwi Saputra\.m2\repository\io\rest-assured\json-path\4.5.1\json-path-4.5.1.jar;C:\Users\Bagas Dwi Saputra\.m2\repository\io\rest-assured\rest-assured-common\4.5.1\rest-assured-common-4.5.1.jar;C:\Users\Bagas Dwi Saputra\.m2\repository\io\rest-assured\xml-path\4.5.1\xml-path-4.5.1.jar;C:\Users\Bagas Dwi Saputra\.m2\repository\org\apache\commons\commons-lang3\3.11\commons-lang3-3.11.jar;C:\Users\Bagas Dwi Saputra\.m2\repository\org\codehaus\groovy\groovy\3.0.10\groovy-3.0.10.jar;C:\Users\Bagas Dwi Saputra\.m2\repository\org\codehaus\groovy\groovy-xml\3.0.10\groovy-xml-3.0.10.jar;C:\Users\Bagas Dwi Saputra\.m2\repository\com\googlecode\json-simple\json-simple\1.1.1\json-simple-1.1.1.jar;C:\Users\Bagas Dwi Saputra\.m2\repository\com\github\javafaker\javafaker\1.0.2\javafaker-1.0.2.jar;C:\Users\Bagas Dwi Saputra\.m2\repository\org\yaml\snakeyaml\1.23\snakeyaml-1.23-android.jar;C:\Users\Bagas Dwi Saputra\.m2\repository\com\github\mifmif\generex\1.0.2\generex-1.0.2.jar;C:\Users\Bagas Dwi Saputra\.m2\repository\dk\brics\automaton\automaton\1.11-8\automaton-1.11-8.jar;C:\Users\Bagas Dwi Saputra\.m2\repository\io\cucumber\cucumber-java\7.2.3\cucumber-java-7.2.3.jar;C:\Users\Bagas Dwi Saputra\.m2\repository\net\serenity-bdd\serenity-core\3.2.5\serenity-core-3.2.5.jar;C:\Users\Bagas Dwi Saputra\.m2\repository\net\serenity-bdd\serenity-reports\3.2.5\serenity-reports-3.2.5.jar;C:\Users\Bagas Dwi Saputra\.m2\repository\net\serenity-bdd\serenity-stats\3.2.5\serenity-stats-3.2.5.jar;C:\Users\Bagas Dwi Saputra\.m2\repository\net\serenity-bdd\serenity-reports-configuration\3.2.5\serenity-reports-configuration-3.2.5.jar;C:\Users\Bagas Dwi Saputra\.m2\repository\com\vladsch\flexmark\flexmark-all\0.34.30\flexmark-all-0.34.30.jar;C:\Users\Bagas Dwi Saputra\.m2\repository\com\vladsch\flexmark\flexmark\0.34.30\flexmark-0.34.30.jar;C:\Users\Bagas Dwi Saputra\.m2\repository\com\vladsch\flexmark\flexmark-ext-abbreviation\0.34.30\flexmark-ext-abbreviation-0.34.30.jar;C:\Users\Bagas Dwi Saputra\.m2\repository\com\vladsch\flexmark\flexmark-ext-admonition\0.34.30\flexmark-ext-admonition-0.34.30.jar;C:\Users\Bagas Dwi Saputra\.m2\repository\com\vladsch\flexmark\flexmark-ext-anchorlink\0.34.30\flexmark-ext-anchorlink-0.34.30.jar;C:\Users\Bagas Dwi Saputra\.m2\repository\com\vladsch\flexmark\flexmark-ext-aside\0.34.30\flexmark-ext-aside-0.34.30.jar;C:\Users\Bagas Dwi Saputra\.m2\repository\com\vladsch\flexmark\flexmark-ext-attributes\0.34.30\flexmark-ext-attributes-0.34.30.jar;C:\Users\Bagas Dwi Saputra\.m2\repository\com\vladsch\flexmark\flexmark-ext-autolink\0.34.30\flexmark-ext-autolink-0.34.30.jar;C:\Users\Bagas Dwi Saputra\.m2\repository\org\nibor\autolink\autolink\0.6.0\autolink-0.6.0.jar;C:\Users\Bagas Dwi Saputra\.m2\repository\com\vladsch\flexmark\flexmark-ext-definition\0.34.30\flexmark-ext-definition-0.34.30.jar;C:\Users\Bagas Dwi Saputra\.m2\repository\com\vladsch\flexmark\flexmark-ext-emoji\0.34.30\flexmark-ext-emoji-0.34.30.jar;C:\Users\Bagas Dwi Saputra\.m2\repository\com\vladsch\flexmark\flexmark-ext-enumerated-reference\0.34.30\flexmark-ext-enumerated-reference-0.34.30.jar;C:\Users\Bagas Dwi Saputra\.m2\repository\com\vladsch\flexmark\flexmark-ext-escaped-character\0.34.30\flexmark-ext-escaped-character-0.34.30.jar;C:\Users\Bagas Dwi Saputra\.m2\repository\com\vladsch\flexmark\flexmark-ext-footnotes\0.34.30\flexmark-ext-footnotes-0.34.30.jar;C:\Users\Bagas Dwi Saputra\.m2\repository\com\vladsch\flexmark\flexmark-ext-gfm-issues\0.34.30\flexmark-ext-gfm-issues-0.34.30.jar;C:\Users\Bagas Dwi Saputra\.m2\repository\com\vladsch\flexmark\flexmark-ext-gfm-strikethrough\0.34.30\flexmark-ext-gfm-strikethrough-0.34.30.jar;C:\Users\Bagas Dwi Saputra\.m2\repository\com\vladsch\flexmark\flexmark-ext-gfm-tables\0.34.30\flexmark-ext-gfm-tables-0.34.30.jar;C:\Users\Bagas Dwi Saputra\.m2\repository\com\vladsch\flexmark\flexmark-ext-gfm-tasklist\0.34.30\flexmark-ext-gfm-tasklist-0.34.30.jar;C:\Users\Bagas Dwi Saputra\.m2\repository\com\vladsch\flexmark\flexmark-ext-gfm-users\0.34.30\flexmark-ext-gfm-users-0.34.30.jar;C:\Users\Bagas Dwi Saputra\.m2\repository\com\vladsch\flexmark\flexmark-ext-gitlab\0.34.30\flexmark-ext-gitlab-0.34.30.jar;C:\Users\Bagas Dwi Saputra\.m2\repository\com\vladsch\flexmark\flexmark-ext-jekyll-front-matter\0.34.30\flexmark-ext-jekyll-front-matter-0.34.30.jar;C:\Users\Bagas Dwi Saputra\.m2\repository\com\vladsch\flexmark\flexmark-ext-jekyll-tag\0.34.30\flexmark-ext-jekyll-tag-0.34.30.jar;C:\Users\Bagas Dwi Saputra\.m2\repository\com\vladsch\flexmark\flexmark-ext-media-tags\0.34.30\flexmark-ext-media-tags-0.34.30.jar;C:\Users\Bagas Dwi Saputra\.m2\repository\com\vladsch\flexmark\flexmark-test-util\0.34.30\flexmark-test-util-0.34.30.jar;C:\Users\Bagas Dwi Saputra\.m2\repository\com\vladsch\flexmark\flexmark-ext-ins\0.34.30\flexmark-ext-ins-0.34.30.jar;C:\Users\Bagas Dwi Saputra\.m2\repository\com\vladsch\flexmark\flexmark-ext-xwiki-macros\0.34.30\flexmark-ext-xwiki-macros-0.34.30.jar;C:\Users\Bagas Dwi Saputra\.m2\repository\com\vladsch\flexmark\flexmark-ext-superscript\0.34.30\flexmark-ext-superscript-0.34.30.jar;C:\Users\Bagas Dwi Saputra\.m2\repository\com\vladsch\flexmark\flexmark-ext-tables\0.34.30\flexmark-ext-tables-0.34.30.jar;C:\Users\Bagas Dwi Saputra\.m2\repository\com\vladsch\flexmark\flexmark-ext-toc\0.34.30\flexmark-ext-toc-0.34.30.jar;C:\Users\Bagas Dwi Saputra\.m2\repository\com\vladsch\flexmark\flexmark-ext-typographic\0.34.30\flexmark-ext-typographic-0.34.30.jar;C:\Users\Bagas Dwi Saputra\.m2\repository\com\vladsch\flexmark\flexmark-ext-wikilink\0.34.30\flexmark-ext-wikilink-0.34.30.jar;C:\Users\Bagas Dwi Saputra\.m2\repository\com\vladsch\flexmark\flexmark-ext-yaml-front-matter\0.34.30\flexmark-ext-yaml-front-matter-0.34.30.jar;C:\Users\Bagas Dwi Saputra\.m2\repository\com\vladsch\flexmark\flexmark-ext-youtube-embedded\0.34.30\flexmark-ext-youtube-embedded-0.34.30.jar;C:\Users\Bagas Dwi Saputra\.m2\repository\com\vladsch\flexmark\flexmark-formatter\0.34.30\flexmark-formatter-0.34.30.jar;C:\Users\Bagas Dwi Saputra\.m2\repository\com\vladsch\flexmark\flexmark-html-parser\0.34.30\flexmark-html-parser-0.34.30.jar;C:\Users\Bagas Dwi Saputra\.m2\repository\com\vladsch\flexmark\flexmark-jira-converter\0.34.30\flexmark-jira-converter-0.34.30.jar;C:\Users\Bagas Dwi Saputra\.m2\repository\com\vladsch\flexmark\flexmark-pdf-converter\0.34.30\flexmark-pdf-converter-0.34.30.jar;C:\Users\Bagas Dwi Saputra\.m2\repository\com\openhtmltopdf\openhtmltopdf-core\0.0.1-RC13\openhtmltopdf-core-0.0.1-RC13.jar;C:\Users\Bagas Dwi Saputra\.m2\repository\com\openhtmltopdf\openhtmltopdf-pdfbox\0.0.1-RC13\openhtmltopdf-pdfbox-0.0.1-RC13.jar;C:\Users\Bagas Dwi Saputra\.m2\repository\org\apache\pdfbox\pdfbox\2.0.8\pdfbox-2.0.8.jar;C:\Users\Bagas Dwi Saputra\.m2\repository\org\apache\pdfbox\fontbox\2.0.8\fontbox-2.0.8.jar;C:\Users\Bagas Dwi Saputra\.m2\repository\org\apache\pdfbox\xmpbox\2.0.8\xmpbox-2.0.8.jar;C:\Users\Bagas Dwi Saputra\.m2\repository\de\rototor\pdfbox\graphics2d\0.12\graphics2d-0.12.jar;C:\Users\Bagas Dwi Saputra\.m2\repository\com\openhtmltopdf\openhtmltopdf-rtl-support\0.0.1-RC13\openhtmltopdf-rtl-support-0.0.1-RC13.jar;C:\Users\Bagas Dwi Saputra\.m2\repository\com\ibm\icu\icu4j\59.1\icu4j-59.1.jar;C:\Users\Bagas Dwi Saputra\.m2\repository\com\openhtmltopdf\openhtmltopdf-jsoup-dom-converter\0.0.1-RC13\openhtmltopdf-jsoup-dom-converter-0.0.1-RC13.jar;C:\Users\Bagas Dwi Saputra\.m2\repository\com\vladsch\flexmark\flexmark-profile-pegdown\0.34.30\flexmark-profile-pegdown-0.34.30.jar;C:\Users\Bagas Dwi Saputra\.m2\repository\com\vladsch\flexmark\flexmark-util\0.34.30\flexmark-util-0.34.30.jar;C:\Users\Bagas Dwi Saputra\.m2\repository\com\vladsch\flexmark\flexmark-youtrack-converter\0.34.30\flexmark-youtrack-converter-0.34.30.jar;C:\Users\Bagas Dwi Saputra\.m2\repository\es\nitaur\markdown\txtmark\0.16\txtmark-0.16.jar;C:\Users\Bagas Dwi Saputra\.m2\repository\net\serenity-bdd\serenity-report-resources\3.2.5\serenity-report-resources-3.2.5.jar;C:\Users\Bagas Dwi Saputra\.m2\repository\com\google\code\gson\gson\2.9.0\gson-2.9.0.jar;C:\Users\Bagas Dwi Saputra\.m2\repository\com\fasterxml\jackson\core\jackson-core\2.13.2\jackson-core-2.13.2.jar;C:\Users\Bagas Dwi Saputra\.m2\repository\com\fasterxml\jackson\core\jackson-databind\2.13.2\jackson-databind-2.13.2.jar;C:\Users\Bagas Dwi Saputra\.m2\repository\com\fasterxml\jackson\core\jackson-annotations\2.13.2\jackson-annotations-2.13.2.jar;C:\Users\Bagas Dwi Saputra\.m2\repository\commons-codec\commons-codec\1.15\commons-codec-1.15.jar;C:\Users\Bagas Dwi Saputra\.m2\repository\commons-io\commons-io\2.11.0\commons-io-2.11.0.jar;C:\Users\Bagas Dwi Saputra\.m2\repository\org\seleniumhq\selenium\selenium-java\4.1.4\selenium-java-4.1.4.jar;C:\Users\Bagas Dwi Saputra\.m2\repository\org\seleniumhq\selenium\selenium-devtools-v100\4.1.4\selenium-devtools-v100-4.1.4.jar;C:\Users\Bagas Dwi Saputra\.m2\repository\org\seleniumhq\selenium\selenium-devtools-v101\4.1.4\selenium-devtools-v101-4.1.4.jar;C:\Users\Bagas Dwi Saputra\.m2\repository\org\seleniumhq\selenium\selenium-devtools-v85\4.1.4\selenium-devtools-v85-4.1.4.jar;C:\Users\Bagas Dwi Saputra\.m2\repository\org\seleniumhq\selenium\selenium-devtools-v99\4.1.4\selenium-devtools-v99-4.1.4.jar;C:\Users\Bagas Dwi Saputra\.m2\repository\org\seleniumhq\selenium\selenium-opera-driver\4.1.4\selenium-opera-driver-4.1.4.jar;C:\Users\Bagas Dwi Saputra\.m2\repository\org\seleniumhq\selenium\selenium-remote-driver\4.1.4\selenium-remote-driver-4.1.4.jar;C:\Users\Bagas Dwi Saputra\.m2\repository\com\beust\jcommander\1.82\jcommander-1.82.jar;C:\Users\Bagas Dwi Saputra\.m2\repository\io\netty\netty-buffer\4.1.76.Final\netty-buffer-4.1.76.Final.jar;C:\Users\Bagas Dwi Saputra\.m2\repository\io\netty\netty-codec-http\4.1.76.Final\netty-codec-http-4.1.76.Final.jar;C:\Users\Bagas Dwi Saputra\.m2\repository\io\netty\netty-codec\4.1.76.Final\netty-codec-4.1.76.Final.jar;C:\Users\Bagas Dwi Saputra\.m2\repository\io\netty\netty-handler\4.1.76.Final\netty-handler-4.1.76.Final.jar;C:\Users\Bagas Dwi Saputra\.m2\repository\io\netty\netty-common\4.1.76.Final\netty-common-4.1.76.Final.jar;C:\Users\Bagas Dwi Saputra\.m2\repository\io\netty\netty-transport-classes-epoll\4.1.76.Final\netty-transport-classes-epoll-4.1.76.Final.jar;C:\Users\Bagas Dwi Saputra\.m2\repository\io\netty\netty-transport-classes-kqueue\4.1.76.Final\netty-transport-classes-kqueue-4.1.76.Final.jar;C:\Users\Bagas Dwi Saputra\.m2\repository\io\netty\netty-transport-native-epoll\4.1.76.Final\netty-transport-native-epoll-4.1.76.Final.jar;C:\Users\Bagas Dwi Saputra\.m2\repository\io\netty\netty-transport-native-kqueue\4.1.76.Final\netty-transport-native-kqueue-4.1.76.Final.jar;C:\Users\Bagas Dwi Saputra\.m2\repository\io\netty\netty-transport-native-unix-common\4.1.76.Final\netty-transport-native-unix-common-4.1.76.Final.jar;C:\Users\Bagas Dwi Saputra\.m2\repository\io\netty\netty-transport\4.1.76.Final\netty-transport-4.1.76.Final.jar;C:\Users\Bagas Dwi Saputra\.m2\repository\io\netty\netty-resolver\4.1.76.Final\netty-resolver-4.1.76.Final.jar;C:\Users\Bagas Dwi Saputra\.m2\repository\io\opentelemetry\opentelemetry-api\1.13.0\opentelemetry-api-1.13.0.jar;C:\Users\Bagas Dwi Saputra\.m2\repository\io\opentelemetry\opentelemetry-context\1.13.0\opentelemetry-context-1.13.0.jar;C:\Users\Bagas Dwi Saputra\.m2\repository\io\opentelemetry\opentelemetry-exporter-logging\1.13.0\opentelemetry-exporter-logging-1.13.0.jar;C:\Users\Bagas Dwi Saputra\.m2\repository\io\opentelemetry\opentelemetry-sdk-metrics\1.13.0-alpha\opentelemetry-sdk-metrics-1.13.0-alpha.jar;C:\Users\Bagas Dwi Saputra\.m2\repository\io\opentelemetry\opentelemetry-sdk-logs\1.13.0-alpha\opentelemetry-sdk-logs-1.13.0-alpha.jar;C:\Users\Bagas Dwi Saputra\.m2\repository\io\opentelemetry\opentelemetry-sdk-common\1.13.0\opentelemetry-sdk-common-1.13.0.jar;C:\Users\Bagas Dwi Saputra\.m2\repository\io\opentelemetry\opentelemetry-sdk-extension-autoconfigure-spi\1.13.0\opentelemetry-sdk-extension-autoconfigure-spi-1.13.0.jar;C:\Users\Bagas Dwi Saputra\.m2\repository\io\opentelemetry\opentelemetry-sdk-extension-autoconfigure\1.13.0-alpha\opentelemetry-sdk-extension-autoconfigure-1.13.0-alpha.jar;C:\Users\Bagas Dwi Saputra\.m2\repository\io\opentelemetry\opentelemetry-sdk-trace\1.13.0\opentelemetry-sdk-trace-1.13.0.jar;C:\Users\Bagas Dwi Saputra\.m2\repository\io\opentelemetry\opentelemetry-sdk\1.13.0\opentelemetry-sdk-1.13.0.jar;C:\Users\Bagas Dwi Saputra\.m2\repository\io\opentelemetry\opentelemetry-semconv\1.13.0-alpha\opentelemetry-semconv-1.13.0-alpha.jar;C:\Users\Bagas Dwi Saputra\.m2\repository\io\ous\jtoml\2.0.0\jtoml-2.0.0.jar;C:\Users\Bagas Dwi Saputra\.m2\repository\org\apache\commons\commons-exec\1.3\commons-exec-1.3.jar;C:\Users\Bagas Dwi Saputra\.m2\repository\org\asynchttpclient\async-http-client\2.12.3\async-http-client-2.12.3.jar;C:\Users\Bagas Dwi Saputra\.m2\repository\org\asynchttpclient\async-http-client-netty-utils\2.12.3\async-http-client-netty-utils-2.12.3.jar;C:\Users\Bagas Dwi Saputra\.m2\repository\io\netty\netty-codec-socks\4.1.60.Final\netty-codec-socks-4.1.60.Final.jar;C:\Users\Bagas Dwi Saputra\.m2\repository\io\netty\netty-handler-proxy\4.1.60.Final\netty-handler-proxy-4.1.60.Final.jar;C:\Users\Bagas Dwi Saputra\.m2\repository\io\netty\netty-transport-native-epoll\4.1.60.Final\netty-transport-native-epoll-4.1.60.Final-linux-x86_64.jar;C:\Users\Bagas Dwi Saputra\.m2\repository\io\netty\netty-transport-native-kqueue\4.1.60.Final\netty-transport-native-kqueue-4.1.60.Final-osx-x86_64.jar;C:\Users\Bagas Dwi Saputra\.m2\repository\org\reactivestreams\reactive-streams\1.0.3\reactive-streams-1.0.3.jar;C:\Users\Bagas Dwi Saputra\.m2\repository\com\typesafe\netty\netty-reactive-streams\2.0.4\netty-reactive-streams-2.0.4.jar;C:\Users\Bagas Dwi Saputra\.m2\repository\org\seleniumhq\selenium\selenium-http\4.1.4\selenium-http-4.1.4.jar;C:\Users\Bagas Dwi Saputra\.m2\repository\dev\failsafe\failsafe\3.2.3\failsafe-3.2.3.jar;C:\Users\Bagas Dwi Saputra\.m2\repository\org\seleniumhq\selenium\selenium-safari-driver\4.1.4\selenium-safari-driver-4.1.4.jar;C:\Users\Bagas Dwi Saputra\.m2\repository\org\seleniumhq\selenium\selenium-api\4.1.4\selenium-api-4.1.4.jar;C:\Users\Bagas Dwi Saputra\.m2\repository\org\seleniumhq\selenium\selenium-support\4.1.4\selenium-support-4.1.4.jar;C:\Users\Bagas Dwi Saputra\.m2\repository\com\google\auto\service\auto-service-annotations\1.0.1\auto-service-annotations-1.0.1.jar;C:\Users\Bagas Dwi Saputra\.m2\repository\com\google\auto\service\auto-service\1.0.1\auto-service-1.0.1.jar;C:\Users\Bagas Dwi Saputra\.m2\repository\com\google\auto\auto-common\1.2\auto-common-1.2.jar;C:\Users\Bagas Dwi Saputra\.m2\repository\org\seleniumhq\selenium\selenium-json\4.1.4\selenium-json-4.1.4.jar;C:\Users\Bagas Dwi Saputra\.m2\repository\org\seleniumhq\selenium\selenium-chrome-driver\4.1.4\selenium-chrome-driver-4.1.4.jar;C:\Users\Bagas Dwi Saputra\.m2\repository\org\seleniumhq\selenium\selenium-chromium-driver\4.1.4\selenium-chromium-driver-4.1.4.jar;C:\Users\Bagas Dwi Saputra\.m2\repository\org\seleniumhq\selenium\selenium-firefox-driver\4.1.4\selenium-firefox-driver-4.1.4.jar;C:\Users\Bagas Dwi Saputra\.m2\repository\org\seleniumhq\selenium\selenium-edge-driver\4.1.4\selenium-edge-driver-4.1.4.jar;C:\Users\Bagas Dwi Saputra\.m2\repository\org\seleniumhq\selenium\selenium-ie-driver\4.1.4\selenium-ie-driver-4.1.4.jar;C:\Users\Bagas Dwi Saputra\.m2\repository\org\projectlombok\lombok\1.18.20\lombok-1.18.20.jar;C:\Users\Bagas Dwi Saputra\.m2\repository\io\appium\java-client\8.0.0\java-client-8.0.0.jar;C:\Users\Bagas Dwi Saputra\.m2\repository\commons-validator\commons-validator\1.7\commons-validator-1.7.jar;C:\Users\Bagas Dwi Saputra\.m2\repository\commons-digester\commons-digester\2.1\commons-digester-2.1.jar;C:\Users\Bagas Dwi Saputra\.m2\repository\org\aspectj\aspectjweaver\1.9.8\aspectjweaver-1.9.8.jar;C:\Users\Bagas Dwi Saputra\.m2\repository\org\apache\groovy\groovy\4.0.1\groovy-4.0.1.jar;C:\Users\Bagas Dwi Saputra\.m2\repository\net\sf\opencsv\opencsv\2.0\opencsv-2.0.jar;C:\Users\Bagas Dwi Saputra\.m2\repository\commons-beanutils\commons-beanutils\1.9.4\commons-beanutils-1.9.4.jar;C:\Users\Bagas Dwi Saputra\.m2\repository\commons-collections\commons-collections\3.2.2\commons-collections-3.2.2.jar;C:\Users\Bagas Dwi Saputra\.m2\repository\org\fluentlenium\fluentlenium-core\0.10.2\fluentlenium-core-0.10.2.jar;C:\Users\Bagas Dwi Saputra\.m2\repository\io\github\bonigarcia\webdrivermanager\5.1.0\webdrivermanager-5.1.0.jar;C:\Users\Bagas Dwi Saputra\.m2\repository\com\github\docker-java\docker-java\3.2.13\docker-java-3.2.13.jar;C:\Users\Bagas Dwi Saputra\.m2\repository\com\github\docker-java\docker-java-core\3.2.13\docker-java-core-3.2.13.jar;C:\Users\Bagas Dwi Saputra\.m2\repository\com\github\docker-java\docker-java-api\3.2.13\docker-java-api-3.2.13.jar;C:\Users\Bagas Dwi Saputra\.m2\repository\org\apache\commons\commons-compress\1.21\commons-compress-1.21.jar;C:\Users\Bagas Dwi Saputra\.m2\repository\org\bouncycastle\bcpkix-jdk15on\1.64\bcpkix-jdk15on-1.64.jar;C:\Users\Bagas Dwi Saputra\.m2\repository\org\bouncycastle\bcprov-jdk15on\1.64\bcprov-jdk15on-1.64.jar;C:\Users\Bagas Dwi Saputra\.m2\repository\org\slf4j\jcl-over-slf4j\1.7.30\jcl-over-slf4j-1.7.30.jar;C:\Users\Bagas Dwi Saputra\.m2\repository\com\github\docker-java\docker-java-transport-httpclient5\3.2.13\docker-java-transport-httpclient5-3.2.13.jar;C:\Users\Bagas Dwi Saputra\.m2\repository\com\github\docker-java\docker-java-transport\3.2.13\docker-java-transport-3.2.13.jar;C:\Users\Bagas Dwi Saputra\.m2\repository\org\apache\httpcomponents\client5\httpclient5\5.0.3\httpclient5-5.0.3.jar;C:\Users\Bagas Dwi Saputra\.m2\repository\org\apache\httpcomponents\core5\httpcore5\5.0.2\httpcore5-5.0.2.jar;C:\Users\Bagas Dwi Saputra\.m2\repository\net\java\dev\jna\jna\5.8.0\jna-5.8.0.jar;C:\Users\Bagas Dwi Saputra\.m2\repository\org\brotli\dec\0.1.2\dec-0.1.2.jar;C:\Users\Bagas Dwi Saputra\.m2\repository\com\jhlabs\filters\2.0.235\filters-2.0.235.jar;C:\Users\Bagas Dwi Saputra\.m2\repository\com\paulhammant\ngwebdriver\1.1.6\ngwebdriver-1.1.6.jar;C:\Users\Bagas Dwi Saputra\.m2\repository\joda-time\joda-time\2.8.2\joda-time-2.8.2.jar;C:\Users\Bagas Dwi Saputra\.m2\repository\com\google\jimfs\jimfs\1.2\jimfs-1.2.jar;C:\Users\Bagas Dwi Saputra\.m2\repository\org\mockito\mockito-core\3.3.3\mockito-core-3.3.3.jar;C:\Users\Bagas Dwi Saputra\.m2\repository\javax\xml\bind\jaxb-api\2.3.1\jaxb-api-2.3.1.jar;C:\Users\Bagas Dwi Saputra\.m2\repository\javax\activation\javax.activation-api\1.2.0\javax.activation-api-1.2.0.jar;C:\Users\Bagas Dwi Saputra\.m2\repository\com\sun\xml\bind\jaxb-core\2.3.0.1\jaxb-core-2.3.0.1.jar;C:\Users\Bagas Dwi Saputra\.m2\repository\com\sun\xml\bind\jaxb-impl\2.3.3\jaxb-impl-2.3.3.jar;C:\Users\Bagas Dwi Saputra\.m2\repository\jakarta\xml\bind\jakarta.xml.bind-api\2.3.3\jakarta.xml.bind-api-2.3.3.jar;C:\Users\Bagas Dwi Saputra\.m2\repository\com\sun\activation\jakarta.activation\1.2.2\jakarta.activation-1.2.2.jar;C:\Users\Bagas Dwi Saputra\.m2\repository\javax\activation\activation\1.1.1\activation-1.1.1.jar;"/>
    <property name="java.vm.vendor" value="OpenLogic"/>
    <property name="sun.arch.data.model" value="64"/>
    <property name="user.variant" value=""/>
    <property name="java.vendor.url" value="https://openlogic.com/"/>
    <property name="user.timezone" value="Asia/Bangkok"/>
    <property name="log4j2.formatMsgNoLookups" value="true"/>
    <property name="java.vm.specification.version" value="11"/>
    <property name="os.name" value="Windows 11"/>
    <property name="sun.java.launcher" value="SUN_STANDARD"/>
    <property name="user.country" value="ID"/>
    <property name="sun.boot.library.path" value="C:\Program Files\jdk\jdk-11.0.15\bin"/>
    <property name="sun.java.command" value="org.apache.maven.surefire.booter.ForkedBooter C:\Users\Bagas Dwi Saputra\AppData\Local\Temp\surefire1992208786210007420 2022-07-17T19-56-42_147-jvmRun1 surefire9166047537151810395tmp surefire_012536731527267279331tmp"/>
    <property name="jdk.debug" value="release"/>
    <property name="surefire.test.class.path" value="C:\Alterra\CapstoneBaru\QE\TestingWebUpdate\target\test-classes;C:\Users\Bagas Dwi Saputra\.m2\repository\net\serenity-bdd\serenity-cucumber\3.2.1\serenity-cucumber-3.2.1.jar;C:\Users\Bagas Dwi Saputra\.m2\repository\net\serenity-bdd\serenity-model\3.2.1\serenity-model-3.2.1.jar;C:\Users\Bagas Dwi Saputra\.m2\repository\org\apache\commons\commons-text\1.9\commons-text-1.9.jar;C:\Users\Bagas Dwi Saputra\.m2\repository\commons-net\commons-net\3.8.0\commons-net-3.8.0.jar;C:\Users\Bagas Dwi Saputra\.m2\repository\com\google\guava\guava\31.1-jre\guava-31.1-jre.jar;C:\Users\Bagas Dwi Saputra\.m2\repository\com\google\guava\failureaccess\1.0.1\failureaccess-1.0.1.jar;C:\Users\Bagas Dwi Saputra\.m2\repository\com\google\guava\listenablefuture\9999.0-empty-to-avoid-conflict-with-guava\listenablefuture-9999.0-empty-to-avoid-conflict-with-guava.jar;C:\Users\Bagas Dwi Saputra\.m2\repository\com\google\code\findbugs\jsr305\3.0.2\jsr305-3.0.2.jar;C:\Users\Bagas Dwi Saputra\.m2\repository\org\checkerframework\checker-qual\3.12.0\checker-qual-3.12.0.jar;C:\Users\Bagas Dwi Saputra\.m2\repository\com\google\errorprone\error_prone_annotations\2.11.0\error_prone_annotations-2.11.0.jar;C:\Users\Bagas Dwi Saputra\.m2\repository\com\google\j2objc\j2objc-annotations\1.3\j2objc-annotations-1.3.jar;C:\Users\Bagas Dwi Saputra\.m2\repository\com\google\inject\guice\5.1.0\guice-5.1.0.jar;C:\Users\Bagas Dwi Saputra\.m2\repository\javax\inject\javax.inject\1\javax.inject-1.jar;C:\Users\Bagas Dwi Saputra\.m2\repository\aopalliance\aopalliance\1.0\aopalliance-1.0.jar;C:\Users\Bagas Dwi Saputra\.m2\repository\org\jsoup\jsoup\1.14.3\jsoup-1.14.3.jar;C:\Users\Bagas Dwi Saputra\.m2\repository\com\thoughtworks\xstream\xstream\1.4.19\xstream-1.4.19.jar;C:\Users\Bagas Dwi Saputra\.m2\repository\io\github\x-stream\mxparser\1.2.2\mxparser-1.2.2.jar;C:\Users\Bagas Dwi Saputra\.m2\repository\xmlpull\xmlpull\1.1.3.1\xmlpull-1.1.3.1.jar;C:\Users\Bagas Dwi Saputra\.m2\repository\com\typesafe\config\1.4.2\config-1.4.2.jar;C:\Users\Bagas Dwi Saputra\.m2\repository\org\imgscalr\imgscalr-lib\4.2\imgscalr-lib-4.2.jar;C:\Users\Bagas Dwi Saputra\.m2\repository\org\awaitility\awaitility\4.2.0\awaitility-4.2.0.jar;C:\Users\Bagas Dwi Saputra\.m2\repository\org\freemarker\freemarker\2.3.31\freemarker-2.3.31.jar;C:\Users\Bagas Dwi Saputra\.m2\repository\io\github\classgraph\classgraph\4.8.138\classgraph-4.8.138.jar;C:\Users\Bagas Dwi Saputra\.m2\repository\net\sourceforge\jexcelapi\jxl\2.6.12\jxl-2.6.12.jar;C:\Users\Bagas Dwi Saputra\.m2\repository\net\bytebuddy\byte-buddy\1.12.8\byte-buddy-1.12.8.jar;C:\Users\Bagas Dwi Saputra\.m2\repository\net\bytebuddy\byte-buddy-agent\1.12.8\byte-buddy-agent-1.12.8.jar;C:\Users\Bagas Dwi Saputra\.m2\repository\org\objenesis\objenesis\3.1\objenesis-3.1.jar;C:\Users\Bagas Dwi Saputra\.m2\repository\io\cucumber\cucumber-core\7.2.3\cucumber-core-7.2.3.jar;C:\Users\Bagas Dwi Saputra\.m2\repository\io\cucumber\cucumber-gherkin\7.2.3\cucumber-gherkin-7.2.3.jar;C:\Users\Bagas Dwi Saputra\.m2\repository\io\cucumber\cucumber-gherkin-messages\7.2.3\cucumber-gherkin-messages-7.2.3.jar;C:\Users\Bagas Dwi Saputra\.m2\repository\io\cucumber\messages\17.1.1\messages-17.1.1.jar;C:\Users\Bagas Dwi Saputra\.m2\repository\io\cucumber\tag-expressions\4.1.0\tag-expressions-4.1.0.jar;C:\Users\Bagas Dwi Saputra\.m2\repository\io\cucumber\cucumber-expressions\15.0.1\cucumber-expressions-15.0.1.jar;C:\Users\Bagas Dwi Saputra\.m2\repository\io\cucumber\datatable\7.2.3\datatable-7.2.3.jar;C:\Users\Bagas Dwi Saputra\.m2\repository\io\cucumber\cucumber-plugin\7.2.3\cucumber-plugin-7.2.3.jar;C:\Users\Bagas Dwi Saputra\.m2\repository\io\cucumber\docstring\7.2.3\docstring-7.2.3.jar;C:\Users\Bagas Dwi Saputra\.m2\repository\io\cucumber\html-formatter\17.0.0\html-formatter-17.0.0.jar;C:\Users\Bagas Dwi Saputra\.m2\repository\io\cucumber\ci-environment\8.1.0\ci-environment-8.1.0.jar;C:\Users\Bagas Dwi Saputra\.m2\repository\io\cucumber\cucumber-junit\7.2.3\cucumber-junit-7.2.3.jar;C:\Users\Bagas Dwi Saputra\.m2\repository\org\apache\commons\commons-csv\1.5\commons-csv-1.5.jar;C:\Users\Bagas Dwi Saputra\.m2\repository\net\serenity-bdd\serenity-screenplay\3.2.1\serenity-screenplay-3.2.1.jar;C:\Users\Bagas Dwi Saputra\.m2\repository\net\serenity-bdd\serenity-screenplay-webdriver\3.2.1\serenity-screenplay-webdriver-3.2.1.jar;C:\Users\Bagas Dwi Saputra\.m2\repository\net\serenity-bdd\serenity-ensure\3.2.1\serenity-ensure-3.2.1.jar;C:\Users\Bagas Dwi Saputra\.m2\repository\net\serenity-bdd\serenity-junit\3.2.1\serenity-junit-3.2.1.jar;C:\Users\Bagas Dwi Saputra\.m2\repository\org\jetbrains\kotlin\kotlin-stdlib\1.6.0\kotlin-stdlib-1.6.0.jar;C:\Users\Bagas Dwi Saputra\.m2\repository\org\jetbrains\annotations\13.0\annotations-13.0.jar;C:\Users\Bagas Dwi Saputra\.m2\repository\org\jetbrains\kotlin\kotlin-stdlib-common\1.6.0\kotlin-stdlib-common-1.6.0.jar;C:\Users\Bagas Dwi Saputra\.m2\repository\org\junit\platform\junit-platform-launcher\1.8.2\junit-platform-launcher-1.8.2.jar;C:\Users\Bagas Dwi Saputra\.m2\repository\org\junit\platform\junit-platform-engine\1.8.2\junit-platform-engine-1.8.2.jar;C:\Users\Bagas Dwi Saputra\.m2\repository\org\junit\platform\junit-platform-commons\1.8.2\junit-platform-commons-1.8.2.jar;C:\Users\Bagas Dwi Saputra\.m2\repository\org\apiguardian\apiguardian-api\1.1.2\apiguardian-api-1.1.2.jar;C:\Users\Bagas Dwi Saputra\.m2\repository\org\junit\jupiter\junit-jupiter-engine\5.8.2\junit-jupiter-engine-5.8.2.jar;C:\Users\Bagas Dwi Saputra\.m2\repository\org\junit\jupiter\junit-jupiter-api\5.8.2\junit-jupiter-api-5.8.2.jar;C:\Users\Bagas Dwi Saputra\.m2\repository\org\junit\vintage\junit-vintage-engine\5.8.2\junit-vintage-engine-5.8.2.jar;C:\Users\Bagas Dwi Saputra\.m2\repository\junit\junit\4.13.2\junit-4.13.2.jar;C:\Users\Bagas Dwi Saputra\.m2\repository\org\hamcrest\hamcrest-core\1.3\hamcrest-core-1.3.jar;C:\Users\Bagas Dwi Saputra\.m2\repository\ch\qos\logback\logback-classic\1.2.11\logback-classic-1.2.11.jar;C:\Users\Bagas Dwi Saputra\.m2\repository\ch\qos\logback\logback-core\1.2.11\logback-core-1.2.11.jar;C:\Users\Bagas Dwi Saputra\.m2\repository\org\slf4j\slf4j-api\1.7.32\slf4j-api-1.7.32.jar;C:\Users\Bagas Dwi Saputra\.m2\repository\org\assertj\assertj-core\3.22.0\assertj-core-3.22.0.jar;C:\Users\Bagas Dwi Saputra\.m2\repository\net\serenity-bdd\serenity-rest-assured\3.2.1\serenity-rest-assured-3.2.1.jar;C:\Users\Bagas Dwi Saputra\.m2\repository\org\apache\httpcomponents\httpclient\4.5.13\httpclient-4.5.13.jar;C:\Users\Bagas Dwi Saputra\.m2\repository\org\apache\httpcomponents\httpcore\4.4.13\httpcore-4.4.13.jar;C:\Users\Bagas Dwi Saputra\.m2\repository\commons-logging\commons-logging\1.2\commons-logging-1.2.jar;C:\Users\Bagas Dwi Saputra\.m2\repository\org\codehaus\groovy\groovy-json\3.0.10\groovy-json-3.0.10.jar;C:\Users\Bagas Dwi Saputra\.m2\repository\org\opentest4j\opentest4j\1.2.0\opentest4j-1.2.0.jar;C:\Users\Bagas Dwi Saputra\.m2\repository\org\apache\maven\plugins\maven-surefire-plugin\3.0.0-M5\maven-surefire-plugin-3.0.0-M5.jar;C:\Users\Bagas Dwi Saputra\.m2\repository\org\apache\maven\surefire\maven-surefire-common\3.0.0-M5\maven-surefire-common-3.0.0-M5.jar;C:\Users\Bagas Dwi Saputra\.m2\repository\org\apache\maven\surefire\surefire-api\3.0.0-M5\surefire-api-3.0.0-M5.jar;C:\Users\Bagas Dwi Saputra\.m2\repository\org\apache\maven\surefire\surefire-logger-api\3.0.0-M5\surefire-logger-api-3.0.0-M5.jar;C:\Users\Bagas Dwi Saputra\.m2\repository\org\apache\maven\surefire\surefire-extensions-api\3.0.0-M5\surefire-extensions-api-3.0.0-M5.jar;C:\Users\Bagas Dwi Saputra\.m2\repository\org\apache\maven\surefire\surefire-booter\3.0.0-M5\surefire-booter-3.0.0-M5.jar;C:\Users\Bagas Dwi Saputra\.m2\repository\org\apache\maven\surefire\surefire-extensions-spi\3.0.0-M5\surefire-extensions-spi-3.0.0-M5.jar;C:\Users\Bagas Dwi Saputra\.m2\repository\org\apache\maven\maven-toolchain\3.0-alpha-2\maven-toolchain-3.0-alpha-2.jar;C:\Users\Bagas Dwi Saputra\.m2\repository\org\apache\maven\shared\maven-artifact-transfer\0.11.0\maven-artifact-transfer-0.11.0.jar;C:\Users\Bagas Dwi Saputra\.m2\repository\org\apache\maven\shared\maven-common-artifact-filters\3.0.1\maven-common-artifact-filters-3.0.1.jar;C:\Users\Bagas Dwi Saputra\.m2\repository\org\apache\maven\maven-model\3.0\maven-model-3.0.jar;C:\Users\Bagas Dwi Saputra\.m2\repository\org\apache\maven\maven-plugin-api\3.0\maven-plugin-api-3.0.jar;C:\Users\Bagas Dwi Saputra\.m2\repository\org\sonatype\sisu\sisu-inject-plexus\1.4.2\sisu-inject-plexus-1.4.2.jar;C:\Users\Bagas Dwi Saputra\.m2\repository\org\codehaus\plexus\plexus-classworlds\2.2.3\plexus-classworlds-2.2.3.jar;C:\Users\Bagas Dwi Saputra\.m2\repository\org\sonatype\sisu\sisu-inject-bean\1.4.2\sisu-inject-bean-1.4.2.jar;C:\Users\Bagas Dwi Saputra\.m2\repository\org\sonatype\sisu\sisu-guice\2.1.7\sisu-guice-2.1.7-noaop.jar;C:\Users\Bagas Dwi Saputra\.m2\repository\org\apache\maven\shared\maven-shared-utils\3.1.0\maven-shared-utils-3.1.0.jar;C:\Users\Bagas Dwi Saputra\.m2\repository\org\codehaus\plexus\plexus-java\1.0.5\plexus-java-1.0.5.jar;C:\Users\Bagas Dwi Saputra\.m2\repository\org\ow2\asm\asm\7.2\asm-7.2.jar;C:\Users\Bagas Dwi Saputra\.m2\repository\com\thoughtworks\qdox\qdox\2.0-M9\qdox-2.0-M9.jar;C:\Users\Bagas Dwi Saputra\.m2\repository\org\apache\maven\surefire\surefire-shared-utils\3.0.0-M4\surefire-shared-utils-3.0.0-M4.jar;C:\Users\Bagas Dwi Saputra\.m2\repository\io\rest-assured\rest-assured\4.5.1\rest-assured-4.5.1.jar;C:\Users\Bagas Dwi Saputra\.m2\repository\org\apache\httpcomponents\httpmime\4.5.13\httpmime-4.5.13.jar;C:\Users\Bagas Dwi Saputra\.m2\repository\org\hamcrest\hamcrest\2.1\hamcrest-2.1.jar;C:\Users\Bagas Dwi Saputra\.m2\repository\org\ccil\cowan\tagsoup\tagsoup\1.2.1\tagsoup-1.2.1.jar;C:\Users\Bagas Dwi Saputra\.m2\repository\io\rest-assured\json-path\4.5.1\json-path-4.5.1.jar;C:\Users\Bagas Dwi Saputra\.m2\repository\io\rest-assured\rest-assured-common\4.5.1\rest-assured-common-4.5.1.jar;C:\Users\Bagas Dwi Saputra\.m2\repository\io\rest-assured\xml-path\4.5.1\xml-path-4.5.1.jar;C:\Users\Bagas Dwi Saputra\.m2\repository\org\apache\commons\commons-lang3\3.11\commons-lang3-3.11.jar;C:\Users\Bagas Dwi Saputra\.m2\repository\org\codehaus\groovy\groovy\3.0.10\groovy-3.0.10.jar;C:\Users\Bagas Dwi Saputra\.m2\repository\org\codehaus\groovy\groovy-xml\3.0.10\groovy-xml-3.0.10.jar;C:\Users\Bagas Dwi Saputra\.m2\repository\com\googlecode\json-simple\json-simple\1.1.1\json-simple-1.1.1.jar;C:\Users\Bagas Dwi Saputra\.m2\repository\com\github\javafaker\javafaker\1.0.2\javafaker-1.0.2.jar;C:\Users\Bagas Dwi Saputra\.m2\repository\org\yaml\snakeyaml\1.23\snakeyaml-1.23-android.jar;C:\Users\Bagas Dwi Saputra\.m2\repository\com\github\mifmif\generex\1.0.2\generex-1.0.2.jar;C:\Users\Bagas Dwi Saputra\.m2\repository\dk\brics\automaton\automaton\1.11-8\automaton-1.11-8.jar;C:\Users\Bagas Dwi Saputra\.m2\repository\io\cucumber\cucumber-java\7.2.3\cucumber-java-7.2.3.jar;C:\Users\Bagas Dwi Saputra\.m2\repository\net\serenity-bdd\serenity-core\3.2.5\serenity-core-3.2.5.jar;C:\Users\Bagas Dwi Saputra\.m2\repository\net\serenity-bdd\serenity-reports\3.2.5\serenity-reports-3.2.5.jar;C:\Users\Bagas Dwi Saputra\.m2\repository\net\serenity-bdd\serenity-stats\3.2.5\serenity-stats-3.2.5.jar;C:\Users\Bagas Dwi Saputra\.m2\repository\net\serenity-bdd\serenity-reports-configuration\3.2.5\serenity-reports-configuration-3.2.5.jar;C:\Users\Bagas Dwi Saputra\.m2\repository\com\vladsch\flexmark\flexmark-all\0.34.30\flexmark-all-0.34.30.jar;C:\Users\Bagas Dwi Saputra\.m2\repository\com\vladsch\flexmark\flexmark\0.34.30\flexmark-0.34.30.jar;C:\Users\Bagas Dwi Saputra\.m2\repository\com\vladsch\flexmark\flexmark-ext-abbreviation\0.34.30\flexmark-ext-abbreviation-0.34.30.jar;C:\Users\Bagas Dwi Saputra\.m2\repository\com\vladsch\flexmark\flexmark-ext-admonition\0.34.30\flexmark-ext-admonition-0.34.30.jar;C:\Users\Bagas Dwi Saputra\.m2\repository\com\vladsch\flexmark\flexmark-ext-anchorlink\0.34.30\flexmark-ext-anchorlink-0.34.30.jar;C:\Users\Bagas Dwi Saputra\.m2\repository\com\vladsch\flexmark\flexmark-ext-aside\0.34.30\flexmark-ext-aside-0.34.30.jar;C:\Users\Bagas Dwi Saputra\.m2\repository\com\vladsch\flexmark\flexmark-ext-attributes\0.34.30\flexmark-ext-attributes-0.34.30.jar;C:\Users\Bagas Dwi Saputra\.m2\repository\com\vladsch\flexmark\flexmark-ext-autolink\0.34.30\flexmark-ext-autolink-0.34.30.jar;C:\Users\Bagas Dwi Saputra\.m2\repository\org\nibor\autolink\autolink\0.6.0\autolink-0.6.0.jar;C:\Users\Bagas Dwi Saputra\.m2\repository\com\vladsch\flexmark\flexmark-ext-definition\0.34.30\flexmark-ext-definition-0.34.30.jar;C:\Users\Bagas Dwi Saputra\.m2\repository\com\vladsch\flexmark\flexmark-ext-emoji\0.34.30\flexmark-ext-emoji-0.34.30.jar;C:\Users\Bagas Dwi Saputra\.m2\repository\com\vladsch\flexmark\flexmark-ext-enumerated-reference\0.34.30\flexmark-ext-enumerated-reference-0.34.30.jar;C:\Users\Bagas Dwi Saputra\.m2\repository\com\vladsch\flexmark\flexmark-ext-escaped-character\0.34.30\flexmark-ext-escaped-character-0.34.30.jar;C:\Users\Bagas Dwi Saputra\.m2\repository\com\vladsch\flexmark\flexmark-ext-footnotes\0.34.30\flexmark-ext-footnotes-0.34.30.jar;C:\Users\Bagas Dwi Saputra\.m2\repository\com\vladsch\flexmark\flexmark-ext-gfm-issues\0.34.30\flexmark-ext-gfm-issues-0.34.30.jar;C:\Users\Bagas Dwi Saputra\.m2\repository\com\vladsch\flexmark\flexmark-ext-gfm-strikethrough\0.34.30\flexmark-ext-gfm-strikethrough-0.34.30.jar;C:\Users\Bagas Dwi Saputra\.m2\repository\com\vladsch\flexmark\flexmark-ext-gfm-tables\0.34.30\flexmark-ext-gfm-tables-0.34.30.jar;C:\Users\Bagas Dwi Saputra\.m2\repository\com\vladsch\flexmark\flexmark-ext-gfm-tasklist\0.34.30\flexmark-ext-gfm-tasklist-0.34.30.jar;C:\Users\Bagas Dwi Saputra\.m2\repository\com\vladsch\flexmark\flexmark-ext-gfm-users\0.34.30\flexmark-ext-gfm-users-0.34.30.jar;C:\Users\Bagas Dwi Saputra\.m2\repository\com\vladsch\flexmark\flexmark-ext-gitlab\0.34.30\flexmark-ext-gitlab-0.34.30.jar;C:\Users\Bagas Dwi Saputra\.m2\repository\com\vladsch\flexmark\flexmark-ext-jekyll-front-matter\0.34.30\flexmark-ext-jekyll-front-matter-0.34.30.jar;C:\Users\Bagas Dwi Saputra\.m2\repository\com\vladsch\flexmark\flexmark-ext-jekyll-tag\0.34.30\flexmark-ext-jekyll-tag-0.34.30.jar;C:\Users\Bagas Dwi Saputra\.m2\repository\com\vladsch\flexmark\flexmark-ext-media-tags\0.34.30\flexmark-ext-media-tags-0.34.30.jar;C:\Users\Bagas Dwi Saputra\.m2\repository\com\vladsch\flexmark\flexmark-test-util\0.34.30\flexmark-test-util-0.34.30.jar;C:\Users\Bagas Dwi Saputra\.m2\repository\com\vladsch\flexmark\flexmark-ext-ins\0.34.30\flexmark-ext-ins-0.34.30.jar;C:\Users\Bagas Dwi Saputra\.m2\repository\com\vladsch\flexmark\flexmark-ext-xwiki-macros\0.34.30\flexmark-ext-xwiki-macros-0.34.30.jar;C:\Users\Bagas Dwi Saputra\.m2\repository\com\vladsch\flexmark\flexmark-ext-superscript\0.34.30\flexmark-ext-superscript-0.34.30.jar;C:\Users\Bagas Dwi Saputra\.m2\repository\com\vladsch\flexmark\flexmark-ext-tables\0.34.30\flexmark-ext-tables-0.34.30.jar;C:\Users\Bagas Dwi Saputra\.m2\repository\com\vladsch\flexmark\flexmark-ext-toc\0.34.30\flexmark-ext-toc-0.34.30.jar;C:\Users\Bagas Dwi Saputra\.m2\repository\com\vladsch\flexmark\flexmark-ext-typographic\0.34.30\flexmark-ext-typographic-0.34.30.jar;C:\Users\Bagas Dwi Saputra\.m2\repository\com\vladsch\flexmark\flexmark-ext-wikilink\0.34.30\flexmark-ext-wikilink-0.34.30.jar;C:\Users\Bagas Dwi Saputra\.m2\repository\com\vladsch\flexmark\flexmark-ext-yaml-front-matter\0.34.30\flexmark-ext-yaml-front-matter-0.34.30.jar;C:\Users\Bagas Dwi Saputra\.m2\repository\com\vladsch\flexmark\flexmark-ext-youtube-embedded\0.34.30\flexmark-ext-youtube-embedded-0.34.30.jar;C:\Users\Bagas Dwi Saputra\.m2\repository\com\vladsch\flexmark\flexmark-formatter\0.34.30\flexmark-formatter-0.34.30.jar;C:\Users\Bagas Dwi Saputra\.m2\repository\com\vladsch\flexmark\flexmark-html-parser\0.34.30\flexmark-html-parser-0.34.30.jar;C:\Users\Bagas Dwi Saputra\.m2\repository\com\vladsch\flexmark\flexmark-jira-converter\0.34.30\flexmark-jira-converter-0.34.30.jar;C:\Users\Bagas Dwi Saputra\.m2\repository\com\vladsch\flexmark\flexmark-pdf-converter\0.34.30\flexmark-pdf-converter-0.34.30.jar;C:\Users\Bagas Dwi Saputra\.m2\repository\com\openhtmltopdf\openhtmltopdf-core\0.0.1-RC13\openhtmltopdf-core-0.0.1-RC13.jar;C:\Users\Bagas Dwi Saputra\.m2\repository\com\openhtmltopdf\openhtmltopdf-pdfbox\0.0.1-RC13\openhtmltopdf-pdfbox-0.0.1-RC13.jar;C:\Users\Bagas Dwi Saputra\.m2\repository\org\apache\pdfbox\pdfbox\2.0.8\pdfbox-2.0.8.jar;C:\Users\Bagas Dwi Saputra\.m2\repository\org\apache\pdfbox\fontbox\2.0.8\fontbox-2.0.8.jar;C:\Users\Bagas Dwi Saputra\.m2\repository\org\apache\pdfbox\xmpbox\2.0.8\xmpbox-2.0.8.jar;C:\Users\Bagas Dwi Saputra\.m2\repository\de\rototor\pdfbox\graphics2d\0.12\graphics2d-0.12.jar;C:\Users\Bagas Dwi Saputra\.m2\repository\com\openhtmltopdf\openhtmltopdf-rtl-support\0.0.1-RC13\openhtmltopdf-rtl-support-0.0.1-RC13.jar;C:\Users\Bagas Dwi Saputra\.m2\repository\com\ibm\icu\icu4j\59.1\icu4j-59.1.jar;C:\Users\Bagas Dwi Saputra\.m2\repository\com\openhtmltopdf\openhtmltopdf-jsoup-dom-converter\0.0.1-RC13\openhtmltopdf-jsoup-dom-converter-0.0.1-RC13.jar;C:\Users\Bagas Dwi Saputra\.m2\repository\com\vladsch\flexmark\flexmark-profile-pegdown\0.34.30\flexmark-profile-pegdown-0.34.30.jar;C:\Users\Bagas Dwi Saputra\.m2\repository\com\vladsch\flexmark\flexmark-util\0.34.30\flexmark-util-0.34.30.jar;C:\Users\Bagas Dwi Saputra\.m2\repository\com\vladsch\flexmark\flexmark-youtrack-converter\0.34.30\flexmark-youtrack-converter-0.34.30.jar;C:\Users\Bagas Dwi Saputra\.m2\repository\es\nitaur\markdown\txtmark\0.16\txtmark-0.16.jar;C:\Users\Bagas Dwi Saputra\.m2\repository\net\serenity-bdd\serenity-report-resources\3.2.5\serenity-report-resources-3.2.5.jar;C:\Users\Bagas Dwi Saputra\.m2\repository\com\google\code\gson\gson\2.9.0\gson-2.9.0.jar;C:\Users\Bagas Dwi Saputra\.m2\repository\com\fasterxml\jackson\core\jackson-core\2.13.2\jackson-core-2.13.2.jar;C:\Users\Bagas Dwi Saputra\.m2\repository\com\fasterxml\jackson\core\jackson-databind\2.13.2\jackson-databind-2.13.2.jar;C:\Users\Bagas Dwi Saputra\.m2\repository\com\fasterxml\jackson\core\jackson-annotations\2.13.2\jackson-annotations-2.13.2.jar;C:\Users\Bagas Dwi Saputra\.m2\repository\commons-codec\commons-codec\1.15\commons-codec-1.15.jar;C:\Users\Bagas Dwi Saputra\.m2\repository\commons-io\commons-io\2.11.0\commons-io-2.11.0.jar;C:\Users\Bagas Dwi Saputra\.m2\repository\org\seleniumhq\selenium\selenium-java\4.1.4\selenium-java-4.1.4.jar;C:\Users\Bagas Dwi Saputra\.m2\repository\org\seleniumhq\selenium\selenium-devtools-v100\4.1.4\selenium-devtools-v100-4.1.4.jar;C:\Users\Bagas Dwi Saputra\.m2\repository\org\seleniumhq\selenium\selenium-devtools-v101\4.1.4\selenium-devtools-v101-4.1.4.jar;C:\Users\Bagas Dwi Saputra\.m2\repository\org\seleniumhq\selenium\selenium-devtools-v85\4.1.4\selenium-devtools-v85-4.1.4.jar;C:\Users\Bagas Dwi Saputra\.m2\repository\org\seleniumhq\selenium\selenium-devtools-v99\4.1.4\selenium-devtools-v99-4.1.4.jar;C:\Users\Bagas Dwi Saputra\.m2\repository\org\seleniumhq\selenium\selenium-opera-driver\4.1.4\selenium-opera-driver-4.1.4.jar;C:\Users\Bagas Dwi Saputra\.m2\repository\org\seleniumhq\selenium\selenium-remote-driver\4.1.4\selenium-remote-driver-4.1.4.jar;C:\Users\Bagas Dwi Saputra\.m2\repository\com\beust\jcommander\1.82\jcommander-1.82.jar;C:\Users\Bagas Dwi Saputra\.m2\repository\io\netty\netty-buffer\4.1.76.Final\netty-buffer-4.1.76.Final.jar;C:\Users\Bagas Dwi Saputra\.m2\repository\io\netty\netty-codec-http\4.1.76.Final\netty-codec-http-4.1.76.Final.jar;C:\Users\Bagas Dwi Saputra\.m2\repository\io\netty\netty-codec\4.1.76.Final\netty-codec-4.1.76.Final.jar;C:\Users\Bagas Dwi Saputra\.m2\repository\io\netty\netty-handler\4.1.76.Final\netty-handler-4.1.76.Final.jar;C:\Users\Bagas Dwi Saputra\.m2\repository\io\netty\netty-common\4.1.76.Final\netty-common-4.1.76.Final.jar;C:\Users\Bagas Dwi Saputra\.m2\repository\io\netty\netty-transport-classes-epoll\4.1.76.Final\netty-transport-classes-epoll-4.1.76.Final.jar;C:\Users\Bagas Dwi Saputra\.m2\repository\io\netty\netty-transport-classes-kqueue\4.1.76.Final\netty-transport-classes-kqueue-4.1.76.Final.jar;C:\Users\Bagas Dwi Saputra\.m2\repository\io\netty\netty-transport-native-epoll\4.1.76.Final\netty-transport-native-epoll-4.1.76.Final.jar;C:\Users\Bagas Dwi Saputra\.m2\repository\io\netty\netty-transport-native-kqueue\4.1.76.Final\netty-transport-native-kqueue-4.1.76.Final.jar;C:\Users\Bagas Dwi Saputra\.m2\repository\io\netty\netty-transport-native-unix-common\4.1.76.Final\netty-transport-native-unix-common-4.1.76.Final.jar;C:\Users\Bagas Dwi Saputra\.m2\repository\io\netty\netty-transport\4.1.76.Final\netty-transport-4.1.76.Final.jar;C:\Users\Bagas Dwi Saputra\.m2\repository\io\netty\netty-resolver\4.1.76.Final\netty-resolver-4.1.76.Final.jar;C:\Users\Bagas Dwi Saputra\.m2\repository\io\opentelemetry\opentelemetry-api\1.13.0\opentelemetry-api-1.13.0.jar;C:\Users\Bagas Dwi Saputra\.m2\repository\io\opentelemetry\opentelemetry-context\1.13.0\opentelemetry-context-1.13.0.jar;C:\Users\Bagas Dwi Saputra\.m2\repository\io\opentelemetry\opentelemetry-exporter-logging\1.13.0\opentelemetry-exporter-logging-1.13.0.jar;C:\Users\Bagas Dwi Saputra\.m2\repository\io\opentelemetry\opentelemetry-sdk-metrics\1.13.0-alpha\opentelemetry-sdk-metrics-1.13.0-alpha.jar;C:\Users\Bagas Dwi Saputra\.m2\repository\io\opentelemetry\opentelemetry-sdk-logs\1.13.0-alpha\opentelemetry-sdk-logs-1.13.0-alpha.jar;C:\Users\Bagas Dwi Saputra\.m2\repository\io\opentelemetry\opentelemetry-sdk-common\1.13.0\opentelemetry-sdk-common-1.13.0.jar;C:\Users\Bagas Dwi Saputra\.m2\repository\io\opentelemetry\opentelemetry-sdk-extension-autoconfigure-spi\1.13.0\opentelemetry-sdk-extension-autoconfigure-spi-1.13.0.jar;C:\Users\Bagas Dwi Saputra\.m2\repository\io\opentelemetry\opentelemetry-sdk-extension-autoconfigure\1.13.0-alpha\opentelemetry-sdk-extension-autoconfigure-1.13.0-alpha.jar;C:\Users\Bagas Dwi Saputra\.m2\repository\io\opentelemetry\opentelemetry-sdk-trace\1.13.0\opentelemetry-sdk-trace-1.13.0.jar;C:\Users\Bagas Dwi Saputra\.m2\repository\io\opentelemetry\opentelemetry-sdk\1.13.0\opentelemetry-sdk-1.13.0.jar;C:\Users\Bagas Dwi Saputra\.m2\repository\io\opentelemetry\opentelemetry-semconv\1.13.0-alpha\opentelemetry-semconv-1.13.0-alpha.jar;C:\Users\Bagas Dwi Saputra\.m2\repository\io\ous\jtoml\2.0.0\jtoml-2.0.0.jar;C:\Users\Bagas Dwi Saputra\.m2\repository\org\apache\commons\commons-exec\1.3\commons-exec-1.3.jar;C:\Users\Bagas Dwi Saputra\.m2\repository\org\asynchttpclient\async-http-client\2.12.3\async-http-client-2.12.3.jar;C:\Users\Bagas Dwi Saputra\.m2\repository\org\asynchttpclient\async-http-client-netty-utils\2.12.3\async-http-client-netty-utils-2.12.3.jar;C:\Users\Bagas Dwi Saputra\.m2\repository\io\netty\netty-codec-socks\4.1.60.Final\netty-codec-socks-4.1.60.Final.jar;C:\Users\Bagas Dwi Saputra\.m2\repository\io\netty\netty-handler-proxy\4.1.60.Final\netty-handler-proxy-4.1.60.Final.jar;C:\Users\Bagas Dwi Saputra\.m2\repository\io\netty\netty-transport-native-epoll\4.1.60.Final\netty-transport-native-epoll-4.1.60.Final-linux-x86_64.jar;C:\Users\Bagas Dwi Saputra\.m2\repository\io\netty\netty-transport-native-kqueue\4.1.60.Final\netty-transport-native-kqueue-4.1.60.Final-osx-x86_64.jar;C:\Users\Bagas Dwi Saputra\.m2\repository\org\reactivestreams\reactive-streams\1.0.3\reactive-streams-1.0.3.jar;C:\Users\Bagas Dwi Saputra\.m2\repository\com\typesafe\netty\netty-reactive-streams\2.0.4\netty-reactive-streams-2.0.4.jar;C:\Users\Bagas Dwi Saputra\.m2\repository\org\seleniumhq\selenium\selenium-http\4.1.4\selenium-http-4.1.4.jar;C:\Users\Bagas Dwi Saputra\.m2\repository\dev\failsafe\failsafe\3.2.3\failsafe-3.2.3.jar;C:\Users\Bagas Dwi Saputra\.m2\repository\org\seleniumhq\selenium\selenium-safari-driver\4.1.4\selenium-safari-driver-4.1.4.jar;C:\Users\Bagas Dwi Saputra\.m2\repository\org\seleniumhq\selenium\selenium-api\4.1.4\selenium-api-4.1.4.jar;C:\Users\Bagas Dwi Saputra\.m2\repository\org\seleniumhq\selenium\selenium-support\4.1.4\selenium-support-4.1.4.jar;C:\Users\Bagas Dwi Saputra\.m2\repository\com\google\auto\service\auto-service-annotations\1.0.1\auto-service-annotations-1.0.1.jar;C:\Users\Bagas Dwi Saputra\.m2\repository\com\google\auto\service\auto-service\1.0.1\auto-service-1.0.1.jar;C:\Users\Bagas Dwi Saputra\.m2\repository\com\google\auto\auto-common\1.2\auto-common-1.2.jar;C:\Users\Bagas Dwi Saputra\.m2\repository\org\seleniumhq\selenium\selenium-json\4.1.4\selenium-json-4.1.4.jar;C:\Users\Bagas Dwi Saputra\.m2\repository\org\seleniumhq\selenium\selenium-chrome-driver\4.1.4\selenium-chrome-driver-4.1.4.jar;C:\Users\Bagas Dwi Saputra\.m2\repository\org\seleniumhq\selenium\selenium-chromium-driver\4.1.4\selenium-chromium-driver-4.1.4.jar;C:\Users\Bagas Dwi Saputra\.m2\repository\org\seleniumhq\selenium\selenium-firefox-driver\4.1.4\selenium-firefox-driver-4.1.4.jar;C:\Users\Bagas Dwi Saputra\.m2\repository\org\seleniumhq\selenium\selenium-edge-driver\4.1.4\selenium-edge-driver-4.1.4.jar;C:\Users\Bagas Dwi Saputra\.m2\repository\org\seleniumhq\selenium\selenium-ie-driver\4.1.4\selenium-ie-driver-4.1.4.jar;C:\Users\Bagas Dwi Saputra\.m2\repository\org\projectlombok\lombok\1.18.20\lombok-1.18.20.jar;C:\Users\Bagas Dwi Saputra\.m2\repository\io\appium\java-client\8.0.0\java-client-8.0.0.jar;C:\Users\Bagas Dwi Saputra\.m2\repository\commons-validator\commons-validator\1.7\commons-validator-1.7.jar;C:\Users\Bagas Dwi Saputra\.m2\repository\commons-digester\commons-digester\2.1\commons-digester-2.1.jar;C:\Users\Bagas Dwi Saputra\.m2\repository\org\aspectj\aspectjweaver\1.9.8\aspectjweaver-1.9.8.jar;C:\Users\Bagas Dwi Saputra\.m2\repository\org\apache\groovy\groovy\4.0.1\groovy-4.0.1.jar;C:\Users\Bagas Dwi Saputra\.m2\repository\net\sf\opencsv\opencsv\2.0\opencsv-2.0.jar;C:\Users\Bagas Dwi Saputra\.m2\repository\commons-beanutils\commons-beanutils\1.9.4\commons-beanutils-1.9.4.jar;C:\Users\Bagas Dwi Saputra\.m2\repository\commons-collections\commons-collections\3.2.2\commons-collections-3.2.2.jar;C:\Users\Bagas Dwi Saputra\.m2\repository\org\fluentlenium\fluentlenium-core\0.10.2\fluentlenium-core-0.10.2.jar;C:\Users\Bagas Dwi Saputra\.m2\repository\io\github\bonigarcia\webdrivermanager\5.1.0\webdrivermanager-5.1.0.jar;C:\Users\Bagas Dwi Saputra\.m2\repository\com\github\docker-java\docker-java\3.2.13\docker-java-3.2.13.jar;C:\Users\Bagas Dwi Saputra\.m2\repository\com\github\docker-java\docker-java-core\3.2.13\docker-java-core-3.2.13.jar;C:\Users\Bagas Dwi Saputra\.m2\repository\com\github\docker-java\docker-java-api\3.2.13\docker-java-api-3.2.13.jar;C:\Users\Bagas Dwi Saputra\.m2\repository\org\apache\commons\commons-compress\1.21\commons-compress-1.21.jar;C:\Users\Bagas Dwi Saputra\.m2\repository\org\bouncycastle\bcpkix-jdk15on\1.64\bcpkix-jdk15on-1.64.jar;C:\Users\Bagas Dwi Saputra\.m2\repository\org\bouncycastle\bcprov-jdk15on\1.64\bcprov-jdk15on-1.64.jar;C:\Users\Bagas Dwi Saputra\.m2\repository\org\slf4j\jcl-over-slf4j\1.7.30\jcl-over-slf4j-1.7.30.jar;C:\Users\Bagas Dwi Saputra\.m2\repository\com\github\docker-java\docker-java-transport-httpclient5\3.2.13\docker-java-transport-httpclient5-3.2.13.jar;C:\Users\Bagas Dwi Saputra\.m2\repository\com\github\docker-java\docker-java-transport\3.2.13\docker-java-transport-3.2.13.jar;C:\Users\Bagas Dwi Saputra\.m2\repository\org\apache\httpcomponents\client5\httpclient5\5.0.3\httpclient5-5.0.3.jar;C:\Users\Bagas Dwi Saputra\.m2\repository\org\apache\httpcomponents\core5\httpcore5\5.0.2\httpcore5-5.0.2.jar;C:\Users\Bagas Dwi Saputra\.m2\repository\net\java\dev\jna\jna\5.8.0\jna-5.8.0.jar;C:\Users\Bagas Dwi Saputra\.m2\repository\org\brotli\dec\0.1.2\dec-0.1.2.jar;C:\Users\Bagas Dwi Saputra\.m2\repository\com\jhlabs\filters\2.0.235\filters-2.0.235.jar;C:\Users\Bagas Dwi Saputra\.m2\repository\com\paulhammant\ngwebdriver\1.1.6\ngwebdriver-1.1.6.jar;C:\Users\Bagas Dwi Saputra\.m2\repository\joda-time\joda-time\2.8.2\joda-time-2.8.2.jar;C:\Users\Bagas Dwi Saputra\.m2\repository\com\google\jimfs\jimfs\1.2\jimfs-1.2.jar;C:\Users\Bagas Dwi Saputra\.m2\repository\org\mockito\mockito-core\3.3.3\mockito-core-3.3.3.jar;C:\Users\Bagas Dwi Saputra\.m2\repository\javax\xml\bind\jaxb-api\2.3.1\jaxb-api-2.3.1.jar;C:\Users\Bagas Dwi Saputra\.m2\repository\javax\activation\javax.activation-api\1.2.0\javax.activation-api-1.2.0.jar;C:\Users\Bagas Dwi Saputra\.m2\repository\com\sun\xml\bind\jaxb-core\2.3.0.1\jaxb-core-2.3.0.1.jar;C:\Users\Bagas Dwi Saputra\.m2\repository\com\sun\xml\bind\jaxb-impl\2.3.3\jaxb-impl-2.3.3.jar;C:\Users\Bagas Dwi Saputra\.m2\repository\jakarta\xml\bind\jakarta.xml.bind-api\2.3.3\jakarta.xml.bind-api-2.3.3.jar;C:\Users\Bagas Dwi Saputra\.m2\repository\com\sun\activation\jakarta.activation\1.2.2\jakarta.activation-1.2.2.jar;C:\Users\Bagas Dwi Saputra\.m2\repository\javax\activation\activation\1.1.1\activation-1.1.1.jar;"/>
    <property name="sun.cpu.endian" value="little"/>
    <property name="user.home" value="C:\Users\Bagas Dwi Saputra"/>
    <property name="user.language" value="en"/>
    <property name="java.specification.vendor" value="Oracle Corporation"/>
    <property name="jdk.module.path" value="C:\Alterra\CapstoneBaru\QE\TestingWebUpdate\target\TestingWeb-1.0-SNAPSHOT.jar"/>
    <property name="java.version.date" value="2022-04-19"/>
    <property name="java.home" value="C:\Program Files\jdk\jdk-11.0.15"/>
    <property name="tags" value="@KelolaJadwal111"/>
    <property name="file.separator" value="\"/>
    <property name="basedir" value="C:\Alterra\CapstoneBaru\QE\TestingWebUpdate"/>
    <property name="java.vm.compressedOopsMode" value="Zero based"/>
    <property name="line.separator" value="&#10;"/>
    <property name="java.specification.name" value="Java Platform API Specification"/>
    <property name="java.vm.specification.vendor" value="Oracle Corporation"/>
    <property name="java.awt.graphicsenv" value="sun.awt.Win32GraphicsEnvironment"/>
    <property name="surefire.real.class.path" value="C:\Users\Bagas Dwi Saputra\.m2\repository\org\apache\maven\surefire\surefire-booter\3.0.0-M5\surefire-booter-3.0.0-M5.jar;C:\Users\Bagas Dwi Saputra\.m2\repository\org\apache\maven\surefire\surefire-api\3.0.0-M5\surefire-api-3.0.0-M5.jar;C:\Users\Bagas Dwi Saputra\.m2\repository\org\apache\maven\surefire\surefire-logger-api\3.0.0-M5\surefire-logger-api-3.0.0-M5.jar;C:\Users\Bagas Dwi Saputra\.m2\repository\org\apache\maven\surefire\surefire-shared-utils\3.0.0-M4\surefire-shared-utils-3.0.0-M4.jar;C:\Users\Bagas Dwi Saputra\.m2\repository\org\apache\maven\surefire\surefire-extensions-spi\3.0.0-M5\surefire-extensions-spi-3.0.0-M5.jar;C:\Alterra\CapstoneBaru\QE\TestingWebUpdate\target\test-classes;C:\Users\Bagas Dwi Saputra\.m2\repository\net\serenity-bdd\serenity-cucumber\3.2.1\serenity-cucumber-3.2.1.jar;C:\Users\Bagas Dwi Saputra\.m2\repository\net\serenity-bdd\serenity-model\3.2.1\serenity-model-3.2.1.jar;C:\Users\Bagas Dwi Saputra\.m2\repository\org\apache\commons\commons-text\1.9\commons-text-1.9.jar;C:\Users\Bagas Dwi Saputra\.m2\repository\commons-net\commons-net\3.8.0\commons-net-3.8.0.jar;C:\Users\Bagas Dwi Saputra\.m2\repository\com\google\guava\guava\31.1-jre\guava-31.1-jre.jar;C:\Users\Bagas Dwi Saputra\.m2\repository\com\google\guava\failureaccess\1.0.1\failureaccess-1.0.1.jar;C:\Users\Bagas Dwi Saputra\.m2\repository\com\google\guava\listenablefuture\9999.0-empty-to-avoid-conflict-with-guava\listenablefuture-9999.0-empty-to-avoid-conflict-with-guava.jar;C:\Users\Bagas Dwi Saputra\.m2\repository\com\google\code\findbugs\jsr305\3.0.2\jsr305-3.0.2.jar;C:\Users\Bagas Dwi Saputra\.m2\repository\org\checkerframework\checker-qual\3.12.0\checker-qual-3.12.0.jar;C:\Users\Bagas Dwi Saputra\.m2\repository\com\google\errorprone\error_prone_annotations\2.11.0\error_prone_annotations-2.11.0.jar;C:\Users\Bagas Dwi Saputra\.m2\repository\com\google\j2objc\j2objc-annotations\1.3\j2objc-annotations-1.3.jar;C:\Users\Bagas Dwi Saputra\.m2\repository\com\google\inject\guice\5.1.0\guice-5.1.0.jar;C:\Users\Bagas Dwi Saputra\.m2\repository\javax\inject\javax.inject\1\javax.inject-1.jar;C:\Users\Bagas Dwi Saputra\.m2\repository\aopalliance\aopalliance\1.0\aopalliance-1.0.jar;C:\Users\Bagas Dwi Saputra\.m2\repository\org\jsoup\jsoup\1.14.3\jsoup-1.14.3.jar;C:\Users\Bagas Dwi Saputra\.m2\repository\com\thoughtworks\xstream\xstream\1.4.19\xstream-1.4.19.jar;C:\Users\Bagas Dwi Saputra\.m2\repository\io\github\x-stream\mxparser\1.2.2\mxparser-1.2.2.jar;C:\Users\Bagas Dwi Saputra\.m2\repository\xmlpull\xmlpull\1.1.3.1\xmlpull-1.1.3.1.jar;C:\Users\Bagas Dwi Saputra\.m2\repository\com\typesafe\config\1.4.2\config-1.4.2.jar;C:\Users\Bagas Dwi Saputra\.m2\repository\org\imgscalr\imgscalr-lib\4.2\imgscalr-lib-4.2.jar;C:\Users\Bagas Dwi Saputra\.m2\repository\org\awaitility\awaitility\4.2.0\awaitility-4.2.0.jar;C:\Users\Bagas Dwi Saputra\.m2\repository\org\freemarker\freemarker\2.3.31\freemarker-2.3.31.jar;C:\Users\Bagas Dwi Saputra\.m2\repository\io\github\classgraph\classgraph\4.8.138\classgraph-4.8.138.jar;C:\Users\Bagas Dwi Saputra\.m2\repository\net\sourceforge\jexcelapi\jxl\2.6.12\jxl-2.6.12.jar;C:\Users\Bagas Dwi Saputra\.m2\repository\net\bytebuddy\byte-buddy\1.12.8\byte-buddy-1.12.8.jar;C:\Users\Bagas Dwi Saputra\.m2\repository\net\bytebuddy\byte-buddy-agent\1.12.8\byte-buddy-agent-1.12.8.jar;C:\Users\Bagas Dwi Saputra\.m2\repository\org\objenesis\objenesis\3.1\objenesis-3.1.jar;C:\Users\Bagas Dwi Saputra\.m2\repository\io\cucumber\cucumber-core\7.2.3\cucumber-core-7.2.3.jar;C:\Users\Bagas Dwi Saputra\.m2\repository\io\cucumber\cucumber-gherkin\7.2.3\cucumber-gherkin-7.2.3.jar;C:\Users\Bagas Dwi Saputra\.m2\repository\io\cucumber\cucumber-gherkin-messages\7.2.3\cucumber-gherkin-messages-7.2.3.jar;C:\Users\Bagas Dwi Saputra\.m2\repository\io\cucumber\messages\17.1.1\messages-17.1.1.jar;C:\Users\Bagas Dwi Saputra\.m2\repository\io\cucumber\tag-expressions\4.1.0\tag-expressions-4.1.0.jar;C:\Users\Bagas Dwi Saputra\.m2\repository\io\cucumber\cucumber-expressions\15.0.1\cucumber-expressions-15.0.1.jar;C:\Users\Bagas Dwi Saputra\.m2\repository\io\cucumber\datatable\7.2.3\datatable-7.2.3.jar;C:\Users\Bagas Dwi Saputra\.m2\repository\io\cucumber\cucumber-plugin\7.2.3\cucumber-plugin-7.2.3.jar;C:\Users\Bagas Dwi Saputra\.m2\repository\io\cucumber\docstring\7.2.3\docstring-7.2.3.jar;C:\Users\Bagas Dwi Saputra\.m2\repository\io\cucumber\html-formatter\17.0.0\html-formatter-17.0.0.jar;C:\Users\Bagas Dwi Saputra\.m2\repository\io\cucumber\ci-environment\8.1.0\ci-environment-8.1.0.jar;C:\Users\Bagas Dwi Saputra\.m2\repository\io\cucumber\cucumber-junit\7.2.3\cucumber-junit-7.2.3.jar;C:\Users\Bagas Dwi Saputra\.m2\repository\org\apache\commons\commons-csv\1.5\commons-csv-1.5.jar;C:\Users\Bagas Dwi Saputra\.m2\repository\net\serenity-bdd\serenity-screenplay\3.2.1\serenity-screenplay-3.2.1.jar;C:\Users\Bagas Dwi Saputra\.m2\repository\net\serenity-bdd\serenity-screenplay-webdriver\3.2.1\serenity-screenplay-webdriver-3.2.1.jar;C:\Users\Bagas Dwi Saputra\.m2\repository\net\serenity-bdd\serenity-ensure\3.2.1\serenity-ensure-3.2.1.jar;C:\Users\Bagas Dwi Saputra\.m2\repository\net\serenity-bdd\serenity-junit\3.2.1\serenity-junit-3.2.1.jar;C:\Users\Bagas Dwi Saputra\.m2\repository\org\jetbrains\kotlin\kotlin-stdlib\1.6.0\kotlin-stdlib-1.6.0.jar;C:\Users\Bagas Dwi Saputra\.m2\repository\org\jetbrains\annotations\13.0\annotations-13.0.jar;C:\Users\Bagas Dwi Saputra\.m2\repository\org\jetbrains\kotlin\kotlin-stdlib-common\1.6.0\kotlin-stdlib-common-1.6.0.jar;C:\Users\Bagas Dwi Saputra\.m2\repository\org\junit\platform\junit-platform-launcher\1.8.2\junit-platform-launcher-1.8.2.jar;C:\Users\Bagas Dwi Saputra\.m2\repository\org\junit\platform\junit-platform-engine\1.8.2\junit-platform-engine-1.8.2.jar;C:\Users\Bagas Dwi Saputra\.m2\repository\org\junit\platform\junit-platform-commons\1.8.2\junit-platform-commons-1.8.2.jar;C:\Users\Bagas Dwi Saputra\.m2\repository\org\apiguardian\apiguardian-api\1.1.2\apiguardian-api-1.1.2.jar;C:\Users\Bagas Dwi Saputra\.m2\repository\org\junit\jupiter\junit-jupiter-engine\5.8.2\junit-jupiter-engine-5.8.2.jar;C:\Users\Bagas Dwi Saputra\.m2\repository\org\junit\jupiter\junit-jupiter-api\5.8.2\junit-jupiter-api-5.8.2.jar;C:\Users\Bagas Dwi Saputra\.m2\repository\org\junit\vintage\junit-vintage-engine\5.8.2\junit-vintage-engine-5.8.2.jar;C:\Users\Bagas Dwi Saputra\.m2\repository\junit\junit\4.13.2\junit-4.13.2.jar;C:\Users\Bagas Dwi Saputra\.m2\repository\org\hamcrest\hamcrest-core\1.3\hamcrest-core-1.3.jar;C:\Users\Bagas Dwi Saputra\.m2\repository\ch\qos\logback\logback-classic\1.2.11\logback-classic-1.2.11.jar;C:\Users\Bagas Dwi Saputra\.m2\repository\ch\qos\logback\logback-core\1.2.11\logback-core-1.2.11.jar;C:\Users\Bagas Dwi Saputra\.m2\repository\org\slf4j\slf4j-api\1.7.32\slf4j-api-1.7.32.jar;C:\Users\Bagas Dwi Saputra\.m2\repository\org\assertj\assertj-core\3.22.0\assertj-core-3.22.0.jar;C:\Users\Bagas Dwi Saputra\.m2\repository\net\serenity-bdd\serenity-rest-assured\3.2.1\serenity-rest-assured-3.2.1.jar;C:\Users\Bagas Dwi Saputra\.m2\repository\org\apache\httpcomponents\httpclient\4.5.13\httpclient-4.5.13.jar;C:\Users\Bagas Dwi Saputra\.m2\repository\org\apache\httpcomponents\httpcore\4.4.13\httpcore-4.4.13.jar;C:\Users\Bagas Dwi Saputra\.m2\repository\commons-logging\commons-logging\1.2\commons-logging-1.2.jar;C:\Users\Bagas Dwi Saputra\.m2\repository\org\codehaus\groovy\groovy-json\3.0.10\groovy-json-3.0.10.jar;C:\Users\Bagas Dwi Saputra\.m2\repository\org\opentest4j\opentest4j\1.2.0\opentest4j-1.2.0.jar;C:\Users\Bagas Dwi Saputra\.m2\repository\org\apache\maven\plugins\maven-surefire-plugin\3.0.0-M5\maven-surefire-plugin-3.0.0-M5.jar;C:\Users\Bagas Dwi Saputra\.m2\repository\org\apache\maven\surefire\maven-surefire-common\3.0.0-M5\maven-surefire-common-3.0.0-M5.jar;C:\Users\Bagas Dwi Saputra\.m2\repository\org\apache\maven\surefire\surefire-extensions-api\3.0.0-M5\surefire-extensions-api-3.0.0-M5.jar;C:\Users\Bagas Dwi Saputra\.m2\repository\org\apache\maven\maven-toolchain\3.0-alpha-2\maven-toolchain-3.0-alpha-2.jar;C:\Users\Bagas Dwi Saputra\.m2\repository\org\apache\maven\shared\maven-artifact-transfer\0.11.0\maven-artifact-transfer-0.11.0.jar;C:\Users\Bagas Dwi Saputra\.m2\repository\org\apache\maven\shared\maven-common-artifact-filters\3.0.1\maven-common-artifact-filters-3.0.1.jar;C:\Users\Bagas Dwi Saputra\.m2\repository\org\apache\maven\maven-model\3.0\maven-model-3.0.jar;C:\Users\Bagas Dwi Saputra\.m2\repository\org\apache\maven\maven-plugin-api\3.0\maven-plugin-api-3.0.jar;C:\Users\Bagas Dwi Saputra\.m2\repository\org\sonatype\sisu\sisu-inject-plexus\1.4.2\sisu-inject-plexus-1.4.2.jar;C:\Users\Bagas Dwi Saputra\.m2\repository\org\codehaus\plexus\plexus-classworlds\2.2.3\plexus-classworlds-2.2.3.jar;C:\Users\Bagas Dwi Saputra\.m2\repository\org\sonatype\sisu\sisu-inject-bean\1.4.2\sisu-inject-bean-1.4.2.jar;C:\Users\Bagas Dwi Saputra\.m2\repository\org\sonatype\sisu\sisu-guice\2.1.7\sisu-guice-2.1.7-noaop.jar;C:\Users\Bagas Dwi Saputra\.m2\repository\org\apache\maven\shared\maven-shared-utils\3.1.0\maven-shared-utils-3.1.0.jar;C:\Users\Bagas Dwi Saputra\.m2\repository\org\codehaus\plexus\plexus-java\1.0.5\plexus-java-1.0.5.jar;C:\Users\Bagas Dwi Saputra\.m2\repository\org\ow2\asm\asm\7.2\asm-7.2.jar;C:\Users\Bagas Dwi Saputra\.m2\repository\com\thoughtworks\qdox\qdox\2.0-M9\qdox-2.0-M9.jar;C:\Users\Bagas Dwi Saputra\.m2\repository\io\rest-assured\rest-assured\4.5.1\rest-assured-4.5.1.jar;C:\Users\Bagas Dwi Saputra\.m2\repository\org\apache\httpcomponents\httpmime\4.5.13\httpmime-4.5.13.jar;C:\Users\Bagas Dwi Saputra\.m2\repository\org\hamcrest\hamcrest\2.1\hamcrest-2.1.jar;C:\Users\Bagas Dwi Saputra\.m2\repository\org\ccil\cowan\tagsoup\tagsoup\1.2.1\tagsoup-1.2.1.jar;C:\Users\Bagas Dwi Saputra\.m2\repository\io\rest-assured\json-path\4.5.1\json-path-4.5.1.jar;C:\Users\Bagas Dwi Saputra\.m2\repository\io\rest-assured\rest-assured-common\4.5.1\rest-assured-common-4.5.1.jar;C:\Users\Bagas Dwi Saputra\.m2\repository\io\rest-assured\xml-path\4.5.1\xml-path-4.5.1.jar;C:\Users\Bagas Dwi Saputra\.m2\repository\org\apache\commons\commons-lang3\3.11\commons-lang3-3.11.jar;C:\Users\Bagas Dwi Saputra\.m2\repository\org\codehaus\groovy\groovy\3.0.10\groovy-3.0.10.jar;C:\Users\Bagas Dwi Saputra\.m2\repository\org\codehaus\groovy\groovy-xml\3.0.10\groovy-xml-3.0.10.jar;C:\Users\Bagas Dwi Saputra\.m2\repository\com\googlecode\json-simple\json-simple\1.1.1\json-simple-1.1.1.jar;C:\Users\Bagas Dwi Saputra\.m2\repository\com\github\javafaker\javafaker\1.0.2\javafaker-1.0.2.jar;C:\Users\Bagas Dwi Saputra\.m2\repository\org\yaml\snakeyaml\1.23\snakeyaml-1.23-android.jar;C:\Users\Bagas Dwi Saputra\.m2\repository\com\github\mifmif\generex\1.0.2\generex-1.0.2.jar;C:\Users\Bagas Dwi Saputra\.m2\repository\dk\brics\automaton\automaton\1.11-8\automaton-1.11-8.jar;C:\Users\Bagas Dwi Saputra\.m2\repository\io\cucumber\cucumber-java\7.2.3\cucumber-java-7.2.3.jar;C:\Users\Bagas Dwi Saputra\.m2\repository\net\serenity-bdd\serenity-core\3.2.5\serenity-core-3.2.5.jar;C:\Users\Bagas Dwi Saputra\.m2\repository\net\serenity-bdd\serenity-reports\3.2.5\serenity-reports-3.2.5.jar;C:\Users\Bagas Dwi Saputra\.m2\repository\net\serenity-bdd\serenity-stats\3.2.5\serenity-stats-3.2.5.jar;C:\Users\Bagas Dwi Saputra\.m2\repository\net\serenity-bdd\serenity-reports-configuration\3.2.5\serenity-reports-configuration-3.2.5.jar;C:\Users\Bagas Dwi Saputra\.m2\repository\com\vladsch\flexmark\flexmark-all\0.34.30\flexmark-all-0.34.30.jar;C:\Users\Bagas Dwi Saputra\.m2\repository\com\vladsch\flexmark\flexmark\0.34.30\flexmark-0.34.30.jar;C:\Users\Bagas Dwi Saputra\.m2\repository\com\vladsch\flexmark\flexmark-ext-abbreviation\0.34.30\flexmark-ext-abbreviation-0.34.30.jar;C:\Users\Bagas Dwi Saputra\.m2\repository\com\vladsch\flexmark\flexmark-ext-admonition\0.34.30\flexmark-ext-admonition-0.34.30.jar;C:\Users\Bagas Dwi Saputra\.m2\repository\com\vladsch\flexmark\flexmark-ext-anchorlink\0.34.30\flexmark-ext-anchorlink-0.34.30.jar;C:\Users\Bagas Dwi Saputra\.m2\repository\com\vladsch\flexmark\flexmark-ext-aside\0.34.30\flexmark-ext-aside-0.34.30.jar;C:\Users\Bagas Dwi Saputra\.m2\repository\com\vladsch\flexmark\flexmark-ext-attributes\0.34.30\flexmark-ext-attributes-0.34.30.jar;C:\Users\Bagas Dwi Saputra\.m2\repository\com\vladsch\flexmark\flexmark-ext-autolink\0.34.30\flexmark-ext-autolink-0.34.30.jar;C:\Users\Bagas Dwi Saputra\.m2\repository\org\nibor\autolink\autolink\0.6.0\autolink-0.6.0.jar;C:\Users\Bagas Dwi Saputra\.m2\repository\com\vladsch\flexmark\flexmark-ext-definition\0.34.30\flexmark-ext-definition-0.34.30.jar;C:\Users\Bagas Dwi Saputra\.m2\repository\com\vladsch\flexmark\flexmark-ext-emoji\0.34.30\flexmark-ext-emoji-0.34.30.jar;C:\Users\Bagas Dwi Saputra\.m2\repository\com\vladsch\flexmark\flexmark-ext-enumerated-reference\0.34.30\flexmark-ext-enumerated-reference-0.34.30.jar;C:\Users\Bagas Dwi Saputra\.m2\repository\com\vladsch\flexmark\flexmark-ext-escaped-character\0.34.30\flexmark-ext-escaped-character-0.34.30.jar;C:\Users\Bagas Dwi Saputra\.m2\repository\com\vladsch\flexmark\flexmark-ext-footnotes\0.34.30\flexmark-ext-footnotes-0.34.30.jar;C:\Users\Bagas Dwi Saputra\.m2\repository\com\vladsch\flexmark\flexmark-ext-gfm-issues\0.34.30\flexmark-ext-gfm-issues-0.34.30.jar;C:\Users\Bagas Dwi Saputra\.m2\repository\com\vladsch\flexmark\flexmark-ext-gfm-strikethrough\0.34.30\flexmark-ext-gfm-strikethrough-0.34.30.jar;C:\Users\Bagas Dwi Saputra\.m2\repository\com\vladsch\flexmark\flexmark-ext-gfm-tables\0.34.30\flexmark-ext-gfm-tables-0.34.30.jar;C:\Users\Bagas Dwi Saputra\.m2\repository\com\vladsch\flexmark\flexmark-ext-gfm-tasklist\0.34.30\flexmark-ext-gfm-tasklist-0.34.30.jar;C:\Users\Bagas Dwi Saputra\.m2\repository\com\vladsch\flexmark\flexmark-ext-gfm-users\0.34.30\flexmark-ext-gfm-users-0.34.30.jar;C:\Users\Bagas Dwi Saputra\.m2\repository\com\vladsch\flexmark\flexmark-ext-gitlab\0.34.30\flexmark-ext-gitlab-0.34.30.jar;C:\Users\Bagas Dwi Saputra\.m2\repository\com\vladsch\flexmark\flexmark-ext-jekyll-front-matter\0.34.30\flexmark-ext-jekyll-front-matter-0.34.30.jar;C:\Users\Bagas Dwi Saputra\.m2\repository\com\vladsch\flexmark\flexmark-ext-jekyll-tag\0.34.30\flexmark-ext-jekyll-tag-0.34.30.jar;C:\Users\Bagas Dwi Saputra\.m2\repository\com\vladsch\flexmark\flexmark-ext-media-tags\0.34.30\flexmark-ext-media-tags-0.34.30.jar;C:\Users\Bagas Dwi Saputra\.m2\repository\com\vladsch\flexmark\flexmark-test-util\0.34.30\flexmark-test-util-0.34.30.jar;C:\Users\Bagas Dwi Saputra\.m2\repository\com\vladsch\flexmark\flexmark-ext-ins\0.34.30\flexmark-ext-ins-0.34.30.jar;C:\Users\Bagas Dwi Saputra\.m2\repository\com\vladsch\flexmark\flexmark-ext-xwiki-macros\0.34.30\flexmark-ext-xwiki-macros-0.34.30.jar;C:\Users\Bagas Dwi Saputra\.m2\repository\com\vladsch\flexmark\flexmark-ext-superscript\0.34.30\flexmark-ext-superscript-0.34.30.jar;C:\Users\Bagas Dwi Saputra\.m2\repository\com\vladsch\flexmark\flexmark-ext-tables\0.34.30\flexmark-ext-tables-0.34.30.jar;C:\Users\Bagas Dwi Saputra\.m2\repository\com\vladsch\flexmark\flexmark-ext-toc\0.34.30\flexmark-ext-toc-0.34.30.jar;C:\Users\Bagas Dwi Saputra\.m2\repository\com\vladsch\flexmark\flexmark-ext-typographic\0.34.30\flexmark-ext-typographic-0.34.30.jar;C:\Users\Bagas Dwi Saputra\.m2\repository\com\vladsch\flexmark\flexmark-ext-wikilink\0.34.30\flexmark-ext-wikilink-0.34.30.jar;C:\Users\Bagas Dwi Saputra\.m2\repository\com\vladsch\flexmark\flexmark-ext-yaml-front-matter\0.34.30\flexmark-ext-yaml-front-matter-0.34.30.jar;C:\Users\Bagas Dwi Saputra\.m2\repository\com\vladsch\flexmark\flexmark-ext-youtube-embedded\0.34.30\flexmark-ext-youtube-embedded-0.34.30.jar;C:\Users\Bagas Dwi Saputra\.m2\repository\com\vladsch\flexmark\flexmark-formatter\0.34.30\flexmark-formatter-0.34.30.jar;C:\Users\Bagas Dwi Saputra\.m2\repository\com\vladsch\flexmark\flexmark-html-parser\0.34.30\flexmark-html-parser-0.34.30.jar;C:\Users\Bagas Dwi Saputra\.m2\repository\com\vladsch\flexmark\flexmark-jira-converter\0.34.30\flexmark-jira-converter-0.34.30.jar;C:\Users\Bagas Dwi Saputra\.m2\repository\com\vladsch\flexmark\flexmark-pdf-converter\0.34.30\flexmark-pdf-converter-0.34.30.jar;C:\Users\Bagas Dwi Saputra\.m2\repository\com\openhtmltopdf\openhtmltopdf-core\0.0.1-RC13\openhtmltopdf-core-0.0.1-RC13.jar;C:\Users\Bagas Dwi Saputra\.m2\repository\com\openhtmltopdf\openhtmltopdf-pdfbox\0.0.1-RC13\openhtmltopdf-pdfbox-0.0.1-RC13.jar;C:\Users\Bagas Dwi Saputra\.m2\repository\org\apache\pdfbox\pdfbox\2.0.8\pdfbox-2.0.8.jar;C:\Users\Bagas Dwi Saputra\.m2\repository\org\apache\pdfbox\fontbox\2.0.8\fontbox-2.0.8.jar;C:\Users\Bagas Dwi Saputra\.m2\repository\org\apache\pdfbox\xmpbox\2.0.8\xmpbox-2.0.8.jar;C:\Users\Bagas Dwi Saputra\.m2\repository\de\rototor\pdfbox\graphics2d\0.12\graphics2d-0.12.jar;C:\Users\Bagas Dwi Saputra\.m2\repository\com\openhtmltopdf\openhtmltopdf-rtl-support\0.0.1-RC13\openhtmltopdf-rtl-support-0.0.1-RC13.jar;C:\Users\Bagas Dwi Saputra\.m2\repository\com\ibm\icu\icu4j\59.1\icu4j-59.1.jar;C:\Users\Bagas Dwi Saputra\.m2\repository\com\openhtmltopdf\openhtmltopdf-jsoup-dom-converter\0.0.1-RC13\openhtmltopdf-jsoup-dom-converter-0.0.1-RC13.jar;C:\Users\Bagas Dwi Saputra\.m2\repository\com\vladsch\flexmark\flexmark-profile-pegdown\0.34.30\flexmark-profile-pegdown-0.34.30.jar;C:\Users\Bagas Dwi Saputra\.m2\repository\com\vladsch\flexmark\flexmark-util\0.34.30\flexmark-util-0.34.30.jar;C:\Users\Bagas Dwi Saputra\.m2\repository\com\vladsch\flexmark\flexmark-youtrack-converter\0.34.30\flexmark-youtrack-converter-0.34.30.jar;C:\Users\Bagas Dwi Saputra\.m2\repository\es\nitaur\markdown\txtmark\0.16\txtmark-0.16.jar;C:\Users\Bagas Dwi Saputra\.m2\repository\net\serenity-bdd\serenity-report-resources\3.2.5\serenity-report-resources-3.2.5.jar;C:\Users\Bagas Dwi Saputra\.m2\repository\com\google\code\gson\gson\2.9.0\gson-2.9.0.jar;C:\Users\Bagas Dwi Saputra\.m2\repository\com\fasterxml\jackson\core\jackson-core\2.13.2\jackson-core-2.13.2.jar;C:\Users\Bagas Dwi Saputra\.m2\repository\com\fasterxml\jackson\core\jackson-databind\2.13.2\jackson-databind-2.13.2.jar;C:\Users\Bagas Dwi Saputra\.m2\repository\com\fasterxml\jackson\core\jackson-annotations\2.13.2\jackson-annotations-2.13.2.jar;C:\Users\Bagas Dwi Saputra\.m2\repository\commons-codec\commons-codec\1.15\commons-codec-1.15.jar;C:\Users\Bagas Dwi Saputra\.m2\repository\commons-io\commons-io\2.11.0\commons-io-2.11.0.jar;C:\Users\Bagas Dwi Saputra\.m2\repository\org\seleniumhq\selenium\selenium-java\4.1.4\selenium-java-4.1.4.jar;C:\Users\Bagas Dwi Saputra\.m2\repository\org\seleniumhq\selenium\selenium-devtools-v100\4.1.4\selenium-devtools-v100-4.1.4.jar;C:\Users\Bagas Dwi Saputra\.m2\repository\org\seleniumhq\selenium\selenium-devtools-v101\4.1.4\selenium-devtools-v101-4.1.4.jar;C:\Users\Bagas Dwi Saputra\.m2\repository\org\seleniumhq\selenium\selenium-devtools-v85\4.1.4\selenium-devtools-v85-4.1.4.jar;C:\Users\Bagas Dwi Saputra\.m2\repository\org\seleniumhq\selenium\selenium-devtools-v99\4.1.4\selenium-devtools-v99-4.1.4.jar;C:\Users\Bagas Dwi Saputra\.m2\repository\org\seleniumhq\selenium\selenium-opera-driver\4.1.4\selenium-opera-driver-4.1.4.jar;C:\Users\Bagas Dwi Saputra\.m2\repository\org\seleniumhq\selenium\selenium-remote-driver\4.1.4\selenium-remote-driver-4.1.4.jar;C:\Users\Bagas Dwi Saputra\.m2\repository\com\beust\jcommander\1.82\jcommander-1.82.jar;C:\Users\Bagas Dwi Saputra\.m2\repository\io\netty\netty-buffer\4.1.76.Final\netty-buffer-4.1.76.Final.jar;C:\Users\Bagas Dwi Saputra\.m2\repository\io\netty\netty-codec-http\4.1.76.Final\netty-codec-http-4.1.76.Final.jar;C:\Users\Bagas Dwi Saputra\.m2\repository\io\netty\netty-codec\4.1.76.Final\netty-codec-4.1.76.Final.jar;C:\Users\Bagas Dwi Saputra\.m2\repository\io\netty\netty-handler\4.1.76.Final\netty-handler-4.1.76.Final.jar;C:\Users\Bagas Dwi Saputra\.m2\repository\io\netty\netty-common\4.1.76.Final\netty-common-4.1.76.Final.jar;C:\Users\Bagas Dwi Saputra\.m2\repository\io\netty\netty-transport-classes-epoll\4.1.76.Final\netty-transport-classes-epoll-4.1.76.Final.jar;C:\Users\Bagas Dwi Saputra\.m2\repository\io\netty\netty-transport-classes-kqueue\4.1.76.Final\netty-transport-classes-kqueue-4.1.76.Final.jar;C:\Users\Bagas Dwi Saputra\.m2\repository\io\netty\netty-transport-native-epoll\4.1.76.Final\netty-transport-native-epoll-4.1.76.Final.jar;C:\Users\Bagas Dwi Saputra\.m2\repository\io\netty\netty-transport-native-kqueue\4.1.76.Final\netty-transport-native-kqueue-4.1.76.Final.jar;C:\Users\Bagas Dwi Saputra\.m2\repository\io\netty\netty-transport-native-unix-common\4.1.76.Final\netty-transport-native-unix-common-4.1.76.Final.jar;C:\Users\Bagas Dwi Saputra\.m2\repository\io\netty\netty-transport\4.1.76.Final\netty-transport-4.1.76.Final.jar;C:\Users\Bagas Dwi Saputra\.m2\repository\io\netty\netty-resolver\4.1.76.Final\netty-resolver-4.1.76.Final.jar;C:\Users\Bagas Dwi Saputra\.m2\repository\io\opentelemetry\opentelemetry-api\1.13.0\opentelemetry-api-1.13.0.jar;C:\Users\Bagas Dwi Saputra\.m2\repository\io\opentelemetry\opentelemetry-context\1.13.0\opentelemetry-context-1.13.0.jar;C:\Users\Bagas Dwi Saputra\.m2\repository\io\opentelemetry\opentelemetry-exporter-logging\1.13.0\opentelemetry-exporter-logging-1.13.0.jar;C:\Users\Bagas Dwi Saputra\.m2\repository\io\opentelemetry\opentelemetry-sdk-metrics\1.13.0-alpha\opentelemetry-sdk-metrics-1.13.0-alpha.jar;C:\Users\Bagas Dwi Saputra\.m2\repository\io\opentelemetry\opentelemetry-sdk-logs\1.13.0-alpha\opentelemetry-sdk-logs-1.13.0-alpha.jar;C:\Users\Bagas Dwi Saputra\.m2\repository\io\opentelemetry\opentelemetry-sdk-common\1.13.0\opentelemetry-sdk-common-1.13.0.jar;C:\Users\Bagas Dwi Saputra\.m2\repository\io\opentelemetry\opentelemetry-sdk-extension-autoconfigure-spi\1.13.0\opentelemetry-sdk-extension-autoconfigure-spi-1.13.0.jar;C:\Users\Bagas Dwi Saputra\.m2\repository\io\opentelemetry\opentelemetry-sdk-extension-autoconfigure\1.13.0-alpha\opentelemetry-sdk-extension-autoconfigure-1.13.0-alpha.jar;C:\Users\Bagas Dwi Saputra\.m2\repository\io\opentelemetry\opentelemetry-sdk-trace\1.13.0\opentelemetry-sdk-trace-1.13.0.jar;C:\Users\Bagas Dwi Saputra\.m2\repository\io\opentelemetry\opentelemetry-sdk\1.13.0\opentelemetry-sdk-1.13.0.jar;C:\Users\Bagas Dwi Saputra\.m2\repository\io\opentelemetry\opentelemetry-semconv\1.13.0-alpha\opentelemetry-semconv-1.13.0-alpha.jar;C:\Users\Bagas Dwi Saputra\.m2\repository\io\ous\jtoml\2.0.0\jtoml-2.0.0.jar;C:\Users\Bagas Dwi Saputra\.m2\repository\org\apache\commons\commons-exec\1.3\commons-exec-1.3.jar;C:\Users\Bagas Dwi Saputra\.m2\repository\org\asynchttpclient\async-http-client\2.12.3\async-http-client-2.12.3.jar;C:\Users\Bagas Dwi Saputra\.m2\repository\org\asynchttpclient\async-http-client-netty-utils\2.12.3\async-http-client-netty-utils-2.12.3.jar;C:\Users\Bagas Dwi Saputra\.m2\repository\io\netty\netty-codec-socks\4.1.60.Final\netty-codec-socks-4.1.60.Final.jar;C:\Users\Bagas Dwi Saputra\.m2\repository\io\netty\netty-handler-proxy\4.1.60.Final\netty-handler-proxy-4.1.60.Final.jar;C:\Users\Bagas Dwi Saputra\.m2\repository\io\netty\netty-transport-native-epoll\4.1.60.Final\netty-transport-native-epoll-4.1.60.Final-linux-x86_64.jar;C:\Users\Bagas Dwi Saputra\.m2\repository\io\netty\netty-transport-native-kqueue\4.1.60.Final\netty-transport-native-kqueue-4.1.60.Final-osx-x86_64.jar;C:\Users\Bagas Dwi Saputra\.m2\repository\org\reactivestreams\reactive-streams\1.0.3\reactive-streams-1.0.3.jar;C:\Users\Bagas Dwi Saputra\.m2\repository\com\typesafe\netty\netty-reactive-streams\2.0.4\netty-reactive-streams-2.0.4.jar;C:\Users\Bagas Dwi Saputra\.m2\repository\org\seleniumhq\selenium\selenium-http\4.1.4\selenium-http-4.1.4.jar;C:\Users\Bagas Dwi Saputra\.m2\repository\dev\failsafe\failsafe\3.2.3\failsafe-3.2.3.jar;C:\Users\Bagas Dwi Saputra\.m2\repository\org\seleniumhq\selenium\selenium-safari-driver\4.1.4\selenium-safari-driver-4.1.4.jar;C:\Users\Bagas Dwi Saputra\.m2\repository\org\seleniumhq\selenium\selenium-api\4.1.4\selenium-api-4.1.4.jar;C:\Users\Bagas Dwi Saputra\.m2\repository\org\seleniumhq\selenium\selenium-support\4.1.4\selenium-support-4.1.4.jar;C:\Users\Bagas Dwi Saputra\.m2\repository\com\google\auto\service\auto-service-annotations\1.0.1\auto-service-annotations-1.0.1.jar;C:\Users\Bagas Dwi Saputra\.m2\repository\com\google\auto\service\auto-service\1.0.1\auto-service-1.0.1.jar;C:\Users\Bagas Dwi Saputra\.m2\repository\com\google\auto\auto-common\1.2\auto-common-1.2.jar;C:\Users\Bagas Dwi Saputra\.m2\repository\org\seleniumhq\selenium\selenium-json\4.1.4\selenium-json-4.1.4.jar;C:\Users\Bagas Dwi Saputra\.m2\repository\org\seleniumhq\selenium\selenium-chrome-driver\4.1.4\selenium-chrome-driver-4.1.4.jar;C:\Users\Bagas Dwi Saputra\.m2\repository\org\seleniumhq\selenium\selenium-chromium-driver\4.1.4\selenium-chromium-driver-4.1.4.jar;C:\Users\Bagas Dwi Saputra\.m2\repository\org\seleniumhq\selenium\selenium-firefox-driver\4.1.4\selenium-firefox-driver-4.1.4.jar;C:\Users\Bagas Dwi Saputra\.m2\repository\org\seleniumhq\selenium\selenium-edge-driver\4.1.4\selenium-edge-driver-4.1.4.jar;C:\Users\Bagas Dwi Saputra\.m2\repository\org\seleniumhq\selenium\selenium-ie-driver\4.1.4\selenium-ie-driver-4.1.4.jar;C:\Users\Bagas Dwi Saputra\.m2\repository\org\projectlombok\lombok\1.18.20\lombok-1.18.20.jar;C:\Users\Bagas Dwi Saputra\.m2\repository\io\appium\java-client\8.0.0\java-client-8.0.0.jar;C:\Users\Bagas Dwi Saputra\.m2\repository\commons-validator\commons-validator\1.7\commons-validator-1.7.jar;C:\Users\Bagas Dwi Saputra\.m2\repository\commons-digester\commons-digester\2.1\commons-digester-2.1.jar;C:\Users\Bagas Dwi Saputra\.m2\repository\org\aspectj\aspectjweaver\1.9.8\aspectjweaver-1.9.8.jar;C:\Users\Bagas Dwi Saputra\.m2\repository\org\apache\groovy\groovy\4.0.1\groovy-4.0.1.jar;C:\Users\Bagas Dwi Saputra\.m2\repository\net\sf\opencsv\opencsv\2.0\opencsv-2.0.jar;C:\Users\Bagas Dwi Saputra\.m2\repository\commons-beanutils\commons-beanutils\1.9.4\commons-beanutils-1.9.4.jar;C:\Users\Bagas Dwi Saputra\.m2\repository\commons-collections\commons-collections\3.2.2\commons-collections-3.2.2.jar;C:\Users\Bagas Dwi Saputra\.m2\repository\org\fluentlenium\fluentlenium-core\0.10.2\fluentlenium-core-0.10.2.jar;C:\Users\Bagas Dwi Saputra\.m2\repository\io\github\bonigarcia\webdrivermanager\5.1.0\webdrivermanager-5.1.0.jar;C:\Users\Bagas Dwi Saputra\.m2\repository\com\github\docker-java\docker-java\3.2.13\docker-java-3.2.13.jar;C:\Users\Bagas Dwi Saputra\.m2\repository\com\github\docker-java\docker-java-core\3.2.13\docker-java-core-3.2.13.jar;C:\Users\Bagas Dwi Saputra\.m2\repository\com\github\docker-java\docker-java-api\3.2.13\docker-java-api-3.2.13.jar;C:\Users\Bagas Dwi Saputra\.m2\repository\org\apache\commons\commons-compress\1.21\commons-compress-1.21.jar;C:\Users\Bagas Dwi Saputra\.m2\repository\org\bouncycastle\bcpkix-jdk15on\1.64\bcpkix-jdk15on-1.64.jar;C:\Users\Bagas Dwi Saputra\.m2\repository\org\bouncycastle\bcprov-jdk15on\1.64\bcprov-jdk15on-1.64.jar;C:\Users\Bagas Dwi Saputra\.m2\repository\org\slf4j\jcl-over-slf4j\1.7.30\jcl-over-slf4j-1.7.30.jar;C:\Users\Bagas Dwi Saputra\.m2\repository\com\github\docker-java\docker-java-transport-httpclient5\3.2.13\docker-java-transport-httpclient5-3.2.13.jar;C:\Users\Bagas Dwi Saputra\.m2\repository\com\github\docker-java\docker-java-transport\3.2.13\docker-java-transport-3.2.13.jar;C:\Users\Bagas Dwi Saputra\.m2\repository\org\apache\httpcomponents\client5\httpclient5\5.0.3\httpclient5-5.0.3.jar;C:\Users\Bagas Dwi Saputra\.m2\repository\org\apache\httpcomponents\core5\httpcore5\5.0.2\httpcore5-5.0.2.jar;C:\Users\Bagas Dwi Saputra\.m2\repository\net\java\dev\jna\jna\5.8.0\jna-5.8.0.jar;C:\Users\Bagas Dwi Saputra\.m2\repository\org\brotli\dec\0.1.2\dec-0.1.2.jar;C:\Users\Bagas Dwi Saputra\.m2\repository\com\jhlabs\filters\2.0.235\filters-2.0.235.jar;C:\Users\Bagas Dwi Saputra\.m2\repository\com\paulhammant\ngwebdriver\1.1.6\ngwebdriver-1.1.6.jar;C:\Users\Bagas Dwi Saputra\.m2\repository\joda-time\joda-time\2.8.2\joda-time-2.8.2.jar;C:\Users\Bagas Dwi Saputra\.m2\repository\com\google\jimfs\jimfs\1.2\jimfs-1.2.jar;C:\Users\Bagas Dwi Saputra\.m2\repository\org\mockito\mockito-core\3.3.3\mockito-core-3.3.3.jar;C:\Users\Bagas Dwi Saputra\.m2\repository\javax\xml\bind\jaxb-api\2.3.1\jaxb-api-2.3.1.jar;C:\Users\Bagas Dwi Saputra\.m2\repository\javax\activation\javax.activation-api\1.2.0\javax.activation-api-1.2.0.jar;C:\Users\Bagas Dwi Saputra\.m2\repository\com\sun\xml\bind\jaxb-core\2.3.0.1\jaxb-core-2.3.0.1.jar;C:\Users\Bagas Dwi Saputra\.m2\repository\com\sun\xml\bind\jaxb-impl\2.3.3\jaxb-impl-2.3.3.jar;C:\Users\Bagas Dwi Saputra\.m2\repository\jakarta\xml\bind\jakarta.xml.bind-api\2.3.3\jakarta.xml.bind-api-2.3.3.jar;C:\Users\Bagas Dwi Saputra\.m2\repository\com\sun\activation\jakarta.activation\1.2.2\jakarta.activation-1.2.2.jar;C:\Users\Bagas Dwi Saputra\.m2\repository\javax\activation\activation\1.1.1\activation-1.1.1.jar;C:\Users\Bagas Dwi Saputra\.m2\repository\org\apache\maven\surefire\surefire-junit-platform\3.0.0-M5\surefire-junit-platform-3.0.0-M5.jar;C:\Users\Bagas Dwi Saputra\.m2\repository\org\apache\maven\surefire\common-java5\3.0.0-M5\common-java5-3.0.0-M5.jar"/>
    <property name="user.script" value=""/>
    <property name="java.protocol.handler.pkgs" value="com.google.common"/>
    <property name="sun.management.compiler" value="HotSpot 64-Bit Tiered Compilers"/>
    <property name="java.runtime.version" value="11.0.15+10-adhoc..jdk11u"/>
    <property name="user.name" value="Bagas Dwi Saputra"/>
    <property name="path.separator" value=";"/>
    <property name="os.version" value="10.0"/>
    <property name="java.runtime.name" value="OpenJDK Runtime Environment"/>
    <property name="file.encoding" value="Cp1252"/>
    <property name="java.vm.name" value="OpenJDK 64-Bit Server VM"/>
    <property name="java.vendor.version" value="OpenLogic-OpenJDK"/>
    <property name="localRepository" value="C:\Users\Bagas Dwi Saputra\.m2\repository"/>
    <property name="java.vendor.url.bug" value="https://techsupport.roguewave.com/"/>
    <property name="java.io.tmpdir" value="C:\Users\BAGASD~1\AppData\Local\Temp\"/>
    <property name="java.version" value="11.0.15"/>
    <property name="user.dir" value="C:\Alterra\CapstoneBaru\QE\TestingWebUpdate"/>
    <property name="os.arch" value="amd64"/>
    <property name="java.vm.specification.name" value="Java Virtual Machine Specification"/>
    <property name="java.awt.printerjob" value="sun.awt.windows.WPrinterJob"/>
    <property name="sun.os.patch.level" value=""/>
    <property name="java.library.path" value="C:\Program Files\jdk\jdk-11.0.15\bin;C:\Windows\Sun\Java\bin;C:\Windows\system32;C:\Windows;C:\Windows\system32;C:\Windows;C:\Windows\system32\Wbem;C:\Windows\system32\OpenSSH\;C:\Windows\System32\WindowsPowerShell\v1.0;C:\Windows\System32\WindowsPowerShell\v1.0;C:\Users\Bagas Dwi Saputra\AppData\Local\Microsoft\WindowsApps;C:\Program Files\jdk\apache-maven-3.8.5\bin;C:\Program Files\jdk\apache-maven-3.8.5\bin;;."/>
    <property name="java.vm.info" value="mixed mode"/>
    <property name="java.vendor" value="OpenLogic"/>
    <property name="java.vm.version" value="11.0.15+10-adhoc..jdk11u"/>
    <property name="sun.io.unicode.encoding" value="UnicodeLittle"/>
    <property name="java.class.version" value="55.0"/>
  </properties>
  <testcase name="As a admin i want to View Manage Schedule" classname="Kelola jadwal - admin" time="40.897">
    <system-out><![CDATA[19:56:47.563 [main] INFO io.cucumber.core.plugin.SerenityReporter - Running feature from file:///C:/Alterra/CapstoneBaru/QE/TestingWebUpdate/src/test/resources/features/2LogOut.feature
19:56:47.793 [main] INFO  - 

-------------------------------------------------------------------------------------
     _______. _______ .______       _______ .__   __.  __  .___________.____    ____ 
    /       ||   ____||   _  \     |   ____||  \ |  | |  | |           |\   \  /   / 
   |   (----`|  |__   |  |_)  |    |  |__   |   \|  | |  | `---|  |----` \   \/   /  
    \   \    |   __|  |      /     |   __|  |  . `  | |  |     |  |       \_    _/   
.----)   |   |  |____ |  |\  \----.|  |____ |  |\   | |  |     |  |         |  |     
|_______/    |_______|| _| `._____||_______||__| \__| |__|     |__|         |__|    
                                                                                     
 News and tutorials at http://www.serenity-bdd.info                                  
 Documentation at https://wakaleo.gitbooks.io/the-serenity-book/content/             
 Join the Serenity Community on Gitter: https://gitter.im/serenity-bdd/serenity-core 
 Serenity BDD Support and Training at http://serenity-bdd.info/#/trainingandsupport  
-------------------------------------------------------------------------------------

19:56:47.802 [main] DEBUG net.thucydides.core.steps.StepEventBus - Test suite started for story net.thucydides.core.model.Story@3f0256d1
19:56:47.803 [main] INFO  - Test Suite Started: LogOut Acount - Admin
19:56:47.820 [main] INFO io.cucumber.core.plugin.SerenityReporter - Running feature from file:///C:/Alterra/CapstoneBaru/QE/TestingWebUpdate/src/test/resources/features/4DataPasien.feature
19:56:47.841 [main] DEBUG net.thucydides.core.steps.StepEventBus - Test suite started for story net.thucydides.core.model.Story@b5b91de1
19:56:47.841 [main] INFO  - Test Suite Started: Data Pasien - Admin
19:56:47.841 [main] INFO io.cucumber.core.plugin.SerenityReporter - Running feature from file:///C:/Alterra/CapstoneBaru/QE/TestingWebUpdate/src/test/resources/features/5KelolaJadwal.feature
19:56:47.853 [main] DEBUG net.thucydides.core.steps.StepEventBus - Test suite started for story net.thucydides.core.model.Story@aff70ed2
19:56:47.853 [main] INFO  - Test Suite Started: Kelola jadwal - admin
19:56:47.853 [main] INFO io.cucumber.core.plugin.SerenityReporter - Running feature from file:///C:/Alterra/CapstoneBaru/QE/TestingWebUpdate/src/test/resources/features/6ArsipJadwal.feature
19:56:47.857 [main] DEBUG net.thucydides.core.steps.StepEventBus - Test suite started for story net.thucydides.core.model.Story@49b25d95
19:56:47.857 [main] INFO  - Test Suite Started: Arsip jadwal - admin
19:56:47.857 [main] INFO io.cucumber.core.plugin.SerenityReporter - Running feature from file:///C:/Alterra/CapstoneBaru/QE/TestingWebUpdate/src/test/resources/features/AddDataDokter.feature
19:56:47.870 [main] DEBUG net.thucydides.core.steps.StepEventBus - Test suite started for story net.thucydides.core.model.Story@f27570ba
19:56:47.870 [main] INFO  - Test Suite Started: Add Data Dokter - Admin
19:56:47.870 [main] INFO io.cucumber.core.plugin.SerenityReporter - Running feature from file:///C:/Alterra/CapstoneBaru/QE/TestingWebUpdate/src/test/resources/features/AddDataPasien.feature
19:56:47.880 [main] DEBUG net.thucydides.core.steps.StepEventBus - Test suite started for story net.thucydides.core.model.Story@2ed0929a
19:56:47.880 [main] INFO  - Test Suite Started: Add Data Pasien - Admin
19:56:47.880 [main] INFO io.cucumber.core.plugin.SerenityReporter - Running feature from file:///C:/Alterra/CapstoneBaru/QE/TestingWebUpdate/src/test/resources/features/AddKelolaJadwal.feature
19:56:47.887 [main] DEBUG net.thucydides.core.steps.StepEventBus - Test suite started for story net.thucydides.core.model.Story@346b43ca
19:56:47.887 [main] INFO  - Test Suite Started: Add Kelola Jadwal - Admin
19:56:47.887 [main] INFO io.cucumber.core.plugin.SerenityReporter - Running feature from file:///C:/Alterra/CapstoneBaru/QE/TestingWebUpdate/src/test/resources/features/DeleteDataDokter.feature
19:56:47.896 [main] DEBUG net.thucydides.core.steps.StepEventBus - Test suite started for story net.thucydides.core.model.Story@f29440ba
19:56:47.897 [main] INFO  - Test Suite Started: Delete Data Dokter - Admin
19:56:47.897 [main] INFO io.cucumber.core.plugin.SerenityReporter - Running feature from file:///C:/Alterra/CapstoneBaru/QE/TestingWebUpdate/src/test/resources/features/DeleteDataPasien.feature
19:56:47.897 [main] DEBUG net.thucydides.core.steps.StepEventBus - Test suite started for story net.thucydides.core.model.Story@2eef629a
19:56:47.904 [main] INFO  - Test Suite Started: Delete Data Pasien - Admin
19:56:47.905 [main] INFO io.cucumber.core.plugin.SerenityReporter - Running feature from file:///C:/Alterra/CapstoneBaru/QE/TestingWebUpdate/src/test/resources/features/DetailDataDokter.feature
19:56:47.911 [main] DEBUG net.thucydides.core.steps.StepEventBus - Test suite started for story net.thucydides.core.model.Story@4f1566fa
19:56:47.911 [main] INFO  - Test Suite Started: Detail Data Dokter - Admin
19:56:47.911 [main] INFO io.cucumber.core.plugin.SerenityReporter - Running feature from file:///C:/Alterra/CapstoneBaru/QE/TestingWebUpdate/src/test/resources/features/DetailDataPasien.feature
19:56:47.924 [main] DEBUG net.thucydides.core.steps.StepEventBus - Test suite started for story net.thucydides.core.model.Story@8b7088da
19:56:47.924 [main] INFO  - Test Suite Started: Detail Data Pasien - Admin
19:56:47.926 [main] INFO io.cucumber.core.plugin.SerenityReporter - Running feature from file:///C:/Alterra/CapstoneBaru/QE/TestingWebUpdate/src/test/resources/features/DetailDataReviewArsipJadwal.feature
19:56:47.926 [main] DEBUG net.thucydides.core.steps.StepEventBus - Test suite started for story net.thucydides.core.model.Story@8abb42ff
19:56:47.926 [main] INFO  - Test Suite Started: Detail Review Arsip Jadwal - Admin
19:56:47.926 [main] INFO io.cucumber.core.plugin.SerenityReporter - Running feature from file:///C:/Alterra/CapstoneBaru/QE/TestingWebUpdate/src/test/resources/features/EditDataDokter.feature
19:56:47.944 [main] DEBUG net.thucydides.core.steps.StepEventBus - Test suite started for story net.thucydides.core.model.Story@44a0505a
19:56:47.944 [main] INFO  - Test Suite Started: Edit Data Dokter - Admin
19:56:47.944 [main] INFO io.cucumber.core.plugin.SerenityReporter - Running feature from file:///C:/Alterra/CapstoneBaru/QE/TestingWebUpdate/src/test/resources/features/EditDataPasien.feature
19:56:47.955 [main] DEBUG net.thucydides.core.steps.StepEventBus - Test suite started for story net.thucydides.core.model.Story@80fb723a
19:56:47.956 [main] INFO  - Test Suite Started: Edit Data Pasien - Admin
19:56:47.956 [main] INFO io.cucumber.core.plugin.SerenityReporter - Running feature from file:///C:/Alterra/CapstoneBaru/QE/TestingWebUpdate/src/test/resources/features/SearchArsipJadwal.feature
19:56:47.962 [main] DEBUG net.thucydides.core.steps.StepEventBus - Test suite started for story net.thucydides.core.model.Story@4d12b45e
19:56:47.962 [main] INFO  - Test Suite Started: Search Arsip Jadwal - Admin
19:56:47.962 [main] INFO io.cucumber.core.plugin.SerenityReporter - Running feature from file:///C:/Alterra/CapstoneBaru/QE/TestingWebUpdate/src/test/resources/features/SearchDataDokter.feature
19:56:47.968 [main] DEBUG net.thucydides.core.steps.StepEventBus - Test suite started for story net.thucydides.core.model.Story@b9f7eb9a
19:56:47.969 [main] INFO  - Test Suite Started: Search Data Dokter - Admin
19:56:47.969 [main] INFO io.cucumber.core.plugin.SerenityReporter - Running feature from file:///C:/Alterra/CapstoneBaru/QE/TestingWebUpdate/src/test/resources/features/SearchDataPasien.feature
19:56:47.974 [main] DEBUG net.thucydides.core.steps.StepEventBus - Test suite started for story net.thucydides.core.model.Story@f6530d7a
19:56:47.975 [main] INFO  - Test Suite Started: Search Data Pasien - Admin
19:56:47.975 [main] INFO io.cucumber.core.plugin.SerenityReporter - Running feature from file:///C:/Alterra/CapstoneBaru/QE/TestingWebUpdate/src/test/resources/features/SearchKelolaJadwal.feature
19:56:47.980 [main] DEBUG net.thucydides.core.steps.StepEventBus - Test suite started for story net.thucydides.core.model.Story@253a86aa
19:56:47.980 [main] INFO  - Test Suite Started: Search Kelola Jadwal - Admin
19:56:47.980 [main] INFO io.cucumber.core.plugin.SerenityReporter - Running feature from file:///C:/Alterra/CapstoneBaru/QE/TestingWebUpdate/src/test/resources/features/ViewArsipJadwal.feature
19:56:47.985 [main] DEBUG net.thucydides.core.steps.StepEventBus - Test suite started for story net.thucydides.core.model.Story@cccefd7e
19:56:47.987 [main] INFO  - Test Suite Started: View Arsip Jadwal - Admin
19:56:47.987 [main] INFO io.cucumber.core.plugin.SerenityReporter - Running feature from file:///C:/Alterra/CapstoneBaru/QE/TestingWebUpdate/src/test/resources/features/ViewDataDokter.feature
19:56:47.990 [main] DEBUG net.thucydides.core.steps.StepEventBus - Test suite started for story net.thucydides.core.model.Story@5afdfe7a
19:56:47.990 [main] INFO  - Test Suite Started: View Data Dokter - Admin
19:56:47.990 [main] INFO io.cucumber.core.plugin.SerenityReporter - Running feature from file:///C:/Alterra/CapstoneBaru/QE/TestingWebUpdate/src/test/resources/features/ViewDataPasien.feature
19:56:47.990 [main] DEBUG net.thucydides.core.steps.StepEventBus - Test suite started for story net.thucydides.core.model.Story@9759205a
19:56:47.990 [main] INFO  - Test Suite Started: View Data Pasien - Admin
19:56:47.990 [main] INFO io.cucumber.core.plugin.SerenityReporter - Running feature from file:///C:/Alterra/CapstoneBaru/QE/TestingWebUpdate/src/test/resources/features/ViewKelolaJadwal.feature
19:56:48.003 [main] DEBUG net.thucydides.core.steps.StepEventBus - Test suite started for story net.thucydides.core.model.Story@9d07618a
19:56:48.008 [main] INFO  - Test Suite Started: View Kelola Jadwal - Admin
19:56:48.009 [main] INFO io.cucumber.core.plugin.SerenityReporter - Running feature from file:///C:/Alterra/CapstoneBaru/QE/TestingWebUpdate/src/test/resources/features/5KelolaJadwal.feature
19:56:48.011 [main] DEBUG net.thucydides.core.steps.StepEventBus - Test suite started for story net.thucydides.core.model.Story@aff70ed2
19:56:48.011 [main] INFO  - Test Suite Started: Kelola jadwal - admin

@KelolaJadwal111 @ViewKelolaJadwal
Scenario Outline: As a admin i want to View Manage Schedule &amp#27;[90m# src/test/resources/features/5KelolaJadwal.feature:15&amp#27;[0m
19:56:48.138 [main] INFO io.cucumber.core.plugin.SerenityReporter - Running feature from file:///C:/Alterra/CapstoneBaru/QE/TestingWebUpdate/src/test/resources/features/5KelolaJadwal.feature
19:56:48.248 [main] INFO  - 
  _____   ___   ___   _____     ___   _____     _     ___   _____   ___   ___  
 |_   _| | __| / __| |_   _|   / __| |_   _|   /_\   | _ \ |_   _| | __| |   \ 
   | |   | _|  \__ \   | |     \__ \   | |    / _ \  |   /   | |   | _|  | |) |
   |_|   |___| |___/   |_|     |___/   |_|   /_/ \_\ |_|_\   |_|   |___| |___/ 

As a admin i want to View Manage Schedule(kelola-jadwal---admin;as-a-admin-i-want-to-view-manage-schedule)
--------------------------------------------------------------------------------
19:56:49.422 [main] DEBUG net.thucydides.core.steps.StepInterceptor - STARTING STEP: LoginSteps.openLoginPage - openLogin
19:56:49.464 [main] INFO net.serenitybdd.core.webdriver.driverproviders.ChromeDriverProvider - Using automatically driver download
19:56:50.619 [main] DEBUG io.github.bonigarcia.wdm.cache.ResolutionCache - Resolution chrome=103 in cache (valid until 20:05:23 17/07/2022 ICT)
19:56:50.634 [main] DEBUG io.github.bonigarcia.wdm.cache.ResolutionCache - Resolution chrome103=103.0.5060.53 in cache (valid until 17:54:33 18/07/2022 ICT)
19:56:50.639 [main] INFO io.github.bonigarcia.wdm.WebDriverManager - Using chromedriver 103.0.5060.53 (resolved driver for Chrome 103)
19:56:50.666 [main] DEBUG io.github.bonigarcia.wdm.WebDriverManager - Driver chromedriver 103.0.5060.53 found in cache
19:56:50.668 [main] INFO io.github.bonigarcia.wdm.WebDriverManager - Exporting webdriver.chrome.driver as C:\Users\Bagas Dwi Saputra\.cache\selenium\chromedriver\win32\103.0.5060.53\chromedriver.exe
19:56:51.563 [main] DEBUG net.thucydides.core.reflection.ClassFinder - Could not load class .CucumberTestSuite
19:56:51.563 [main] DEBUG net.thucydides.core.reflection.ClassFinder - Could not load class .starter.pages.ArsipJadwalPage
19:56:51.563 [main] DEBUG net.thucydides.core.reflection.ClassFinder - Could not load class .starter.pages.DashboardPage
19:56:51.563 [main] DEBUG net.thucydides.core.reflection.ClassFinder - Could not load class .starter.pages.DokterDataPage
19:56:51.563 [main] DEBUG net.thucydides.core.reflection.ClassFinder - Could not load class .starter.pages.KelolaJadwalPage
19:56:51.566 [main] DEBUG net.thucydides.core.reflection.ClassFinder - Could not load class .starter.pages.LoginPage
19:56:51.566 [main] DEBUG net.thucydides.core.reflection.ClassFinder - Could not load class .starter.pages.PatientDataPage
19:56:51.566 [main] DEBUG net.thucydides.core.reflection.ClassFinder - Could not load class .starter.stepdefinitios.ArsipJadwalSteps
19:56:51.566 [main] DEBUG net.thucydides.core.reflection.ClassFinder - Could not load class .starter.stepdefinitios.DokterDataSteps
19:56:51.566 [main] DEBUG net.thucydides.core.reflection.ClassFinder - Could not load class .starter.stepdefinitios.KelolaJadwalSteps
19:56:51.566 [main] DEBUG net.thucydides.core.reflection.ClassFinder - Could not load class .starter.stepdefinitios.LoginSteps
19:56:51.566 [main] DEBUG net.thucydides.core.reflection.ClassFinder - Could not load class .starter.stepdefinitios.PatientDataSteps
19:56:51.566 [main] DEBUG net.thucydides.core.reflection.ClassFinder - Could not load class META-INF.versions.9.com.sun.istack.logging.StackHelper
19:56:51.567 [main] DEBUG net.thucydides.core.reflection.ClassFinder - Could not load class META-INF.versions.9.com.sun.xml.bind.v2.runtime.reflect.opt.AccessorInjector
19:56:51.567 [main] DEBUG net.thucydides.core.reflection.ClassFinder - Could not load class META-INF.versions.9.com.sun.xml.bind.v2.runtime.reflect.opt.Injector
19:56:51.567 [main] DEBUG net.thucydides.core.reflection.ClassFinder - Could not load class META-INF.versions.9.com.sun.xml.bind.v2.runtime.reflect.opt.OptimizedAccessorFactory
19:56:51.567 [main] DEBUG net.thucydides.core.reflection.ClassFinder - Could not load class META-INF.versions.9.com.sun.xml.bind.v2.runtime.reflect.opt.OptimizedTransducedAccessorFactory
19:56:51.567 [main] DEBUG net.thucydides.core.reflection.ClassFinder - Could not load class META-INF.versions.9.io.opentelemetry.sdk.internal.CurrentJavaVersionSpecific
19:56:51.567 [main] DEBUG net.thucydides.core.reflection.ClassFinder - Could not load class META-INF.versions.9.io.opentelemetry.sdk.internal.Java9VersionSpecific
19:56:51.567 [main] DEBUG net.thucydides.core.reflection.ClassFinder - Could not load class META-INF.versions.9.javax.xml.bind.ModuleUtil
19:56:51.569 [main] DEBUG net.thucydides.core.reflection.ClassFinder - Could not load class META-INF.versions.9.module-info
19:56:51.569 [main] DEBUG net.thucydides.core.reflection.ClassFinder - Could not load class META-INF.versions.9.org.codehaus.plexus.languages.java.jpms.BinaryModuleInfoParser
19:56:51.570 [main] DEBUG net.thucydides.core.reflection.ClassFinder - Could not load class META-INF.versions.9.org.codehaus.plexus.languages.java.jpms.CmdModuleNameExtractor
19:56:51.570 [main] DEBUG net.thucydides.core.reflection.ClassFinder - Could not load class META-INF.versions.9.org.junit.platform.commons.util.ModuleUtils
19:56:51.993 [main] DEBUG net.thucydides.core.reflection.ClassFinder - Could not load class com.google.gson.internal.
19:56:52.247 [main] DEBUG net.thucydides.core.reflection.ClassFinder - Could not load class com.sun.xml.bind.v2.runtime.output.FastInfosetStreamWriterOutput
19:56:52.730 [main] DEBUG net.thucydides.core.reflection.ClassFinder - Could not load class module-info
19:57:00.598 [main] DEBUG io.netty.util.internal.logging.InternalLoggerFactory - Using SLF4J as the default logging framework
19:57:00.614 [main] DEBUG io.netty.util.ResourceLeakDetector - -Dio.netty.leakDetection.level: simple
19:57:00.614 [main] DEBUG io.netty.util.ResourceLeakDetector - -Dio.netty.leakDetection.targetRecords: 4
19:57:00.614 [main] DEBUG io.netty.util.ResourceLeakDetectorFactory - Loaded default ResourceLeakDetector: io.netty.util.ResourceLeakDetector@53ac6bb4
19:57:00.662 [main] DEBUG io.netty.util.internal.PlatformDependent0 - -Dio.netty.noUnsafe: false
19:57:00.662 [main] DEBUG io.netty.util.internal.PlatformDependent0 - Java version: 11
19:57:00.662 [main] DEBUG io.netty.util.internal.PlatformDependent0 - sun.misc.Unsafe.theUnsafe: available
19:57:00.662 [main] DEBUG io.netty.util.internal.PlatformDependent0 - sun.misc.Unsafe.copyMemory: available
19:57:00.662 [main] DEBUG io.netty.util.internal.PlatformDependent0 - java.nio.Buffer.address: available
19:57:00.662 [main] DEBUG io.netty.util.internal.PlatformDependent0 - direct buffer constructor: unavailable: Reflective setAccessible(true) disabled
19:57:00.662 [main] DEBUG io.netty.util.internal.PlatformDependent0 - java.nio.Bits.unaligned: available, true
19:57:00.662 [main] DEBUG io.netty.util.internal.PlatformDependent0 - jdk.internal.misc.Unsafe.allocateUninitializedArray(int): unavailable: class io.netty.util.internal.PlatformDependent0$6 cannot access class jdk.internal.misc.Unsafe (in module java.base) because module java.base does not export jdk.internal.misc to unnamed module @29d2d081
19:57:00.678 [main] DEBUG io.netty.util.internal.PlatformDependent0 - java.nio.DirectByteBuffer.<init>(long, int): unavailable
19:57:00.678 [main] DEBUG io.netty.util.internal.PlatformDependent - sun.misc.Unsafe: available
19:57:00.678 [main] DEBUG io.netty.util.internal.PlatformDependent - maxDirectMemory: 3179282432 bytes (maybe)
19:57:00.678 [main] DEBUG io.netty.util.internal.PlatformDependent - -Dio.netty.tmpdir: C:\Users\BAGASD~1\AppData\Local\Temp (java.io.tmpdir)
19:57:00.678 [main] DEBUG io.netty.util.internal.PlatformDependent - -Dio.netty.bitMode: 64 (sun.arch.data.model)
19:57:00.678 [main] DEBUG io.netty.util.internal.PlatformDependent - Platform: Windows
19:57:00.678 [main] DEBUG io.netty.util.internal.PlatformDependent - -Dio.netty.maxDirectMemory: -1 bytes
19:57:00.678 [main] DEBUG io.netty.util.internal.PlatformDependent - -Dio.netty.uninitializedArrayAllocationThreshold: -1
19:57:00.678 [main] DEBUG io.netty.util.internal.CleanerJava9 - java.nio.ByteBuffer.cleaner(): available
19:57:00.678 [main] DEBUG io.netty.util.internal.PlatformDependent - -Dio.netty.noPreferDirect: false
19:57:00.693 [main] DEBUG io.netty.util.internal.PlatformDependent - org.jctools-core.MpscChunkedArrayQueue: available
19:57:00.724 [main] DEBUG io.netty.util.internal.InternalThreadLocalMap - -Dio.netty.threadLocalMap.stringBuilder.initialSize: 1024
19:57:00.724 [main] DEBUG io.netty.util.internal.InternalThreadLocalMap - -Dio.netty.threadLocalMap.stringBuilder.maxSize: 4096
19:57:00.773 [main] DEBUG io.netty.handler.ssl.JdkSslContext - Default protocols (JDK): [TLSv1.3, TLSv1.2] 
19:57:00.773 [main] DEBUG io.netty.handler.ssl.JdkSslContext - Default cipher suites (JDK): [TLS_ECDHE_ECDSA_WITH_AES_256_GCM_SHA384, TLS_ECDHE_ECDSA_WITH_AES_128_GCM_SHA256, TLS_ECDHE_RSA_WITH_AES_128_GCM_SHA256, TLS_ECDHE_RSA_WITH_AES_256_GCM_SHA384, TLS_ECDHE_RSA_WITH_AES_128_CBC_SHA, TLS_ECDHE_RSA_WITH_AES_256_CBC_SHA, TLS_RSA_WITH_AES_128_GCM_SHA256, TLS_RSA_WITH_AES_128_CBC_SHA, TLS_RSA_WITH_AES_256_CBC_SHA, TLS_AES_128_GCM_SHA256, TLS_AES_256_GCM_SHA384]
19:57:00.853 [main] DEBUG io.netty.channel.MultithreadEventLoopGroup - -Dio.netty.eventLoopThreads: 8
19:57:00.868 [main] DEBUG io.netty.channel.nio.NioEventLoop - -Dio.netty.noKeySetOptimization: false
19:57:00.868 [main] DEBUG io.netty.channel.nio.NioEventLoop - -Dio.netty.selectorAutoRebuildThreshold: 512
19:57:00.967 [main] DEBUG io.netty.buffer.PooledByteBufAllocator - -Dio.netty.allocator.numHeapArenas: 8
19:57:00.967 [main] DEBUG io.netty.buffer.PooledByteBufAllocator - -Dio.netty.allocator.numDirectArenas: 8
19:57:00.967 [main] DEBUG io.netty.buffer.PooledByteBufAllocator - -Dio.netty.allocator.pageSize: 8192
19:57:00.967 [main] DEBUG io.netty.buffer.PooledByteBufAllocator - -Dio.netty.allocator.maxOrder: 9
19:57:00.967 [main] DEBUG io.netty.buffer.PooledByteBufAllocator - -Dio.netty.allocator.chunkSize: 4194304
19:57:00.967 [main] DEBUG io.netty.buffer.PooledByteBufAllocator - -Dio.netty.allocator.smallCacheSize: 256
19:57:00.967 [main] DEBUG io.netty.buffer.PooledByteBufAllocator - -Dio.netty.allocator.normalCacheSize: 64
19:57:00.967 [main] DEBUG io.netty.buffer.PooledByteBufAllocator - -Dio.netty.allocator.maxCachedBufferCapacity: 32768
19:57:00.967 [main] DEBUG io.netty.buffer.PooledByteBufAllocator - -Dio.netty.allocator.cacheTrimInterval: 8192
19:57:00.967 [main] DEBUG io.netty.buffer.PooledByteBufAllocator - -Dio.netty.allocator.cacheTrimIntervalMillis: 0
19:57:00.967 [main] DEBUG io.netty.buffer.PooledByteBufAllocator - -Dio.netty.allocator.useCacheForAllThreads: false
19:57:00.967 [main] DEBUG io.netty.buffer.PooledByteBufAllocator - -Dio.netty.allocator.maxCachedByteBuffersPerChunk: 1023
19:57:00.993 [main] DEBUG io.netty.buffer.ByteBufUtil - -Dio.netty.allocator.type: pooled
19:57:00.993 [main] DEBUG io.netty.buffer.ByteBufUtil - -Dio.netty.threadLocalDirectBufferSize: 0
19:57:00.993 [main] DEBUG io.netty.buffer.ByteBufUtil - -Dio.netty.maxThreadLocalCharBufferSize: 16384
19:57:01.500 [main] DEBUG net.serenitybdd.core.webdriver.driverproviders.ProvideNewDriver - Instantiating driver
19:57:01.500 [main] DEBUG net.serenitybdd.core.webdriver.driverproviders.ProvideNewDriver - Driver capabilities: Capabilities {acceptInsecureCerts: false, base.url: https://fanciful-trifle-360..., browserName: chrome, chorme.driver: src/test/resources/webdrive..., driver: chrome, goog:chromeOptions: {args: [], extensions: []}}
19:57:01.944 [Forwarding newSession on session null to remote] DEBUG io.netty.channel.DefaultChannelId - -Dio.netty.processId: 20520 (auto-detected)
19:57:01.962 [Forwarding newSession on session null to remote] DEBUG io.netty.util.NetUtil - -Djava.net.preferIPv4Stack: false
19:57:01.962 [Forwarding newSession on session null to remote] DEBUG io.netty.util.NetUtil - -Djava.net.preferIPv6Addresses: false
19:57:02.240 [Forwarding newSession on session null to remote] DEBUG io.netty.util.NetUtilInitializations - Loopback interface: lo (Software Loopback Interface 1, 127.0.0.1)
19:57:02.240 [Forwarding newSession on session null to remote] DEBUG io.netty.util.NetUtil - Failed to get SOMAXCONN from sysctl and file \proc\sys\net\core\somaxconn. Default: 200
19:57:02.503 [Forwarding newSession on session null to remote] DEBUG io.netty.channel.DefaultChannelId - -Dio.netty.machineId: 80:38:fb:ff:fe:ac:4a:4a (auto-detected)
19:57:02.607 [AsyncHttpClient-1-2] DEBUG io.netty.buffer.AbstractByteBuf - -Dio.netty.buffer.checkAccessible: true
19:57:02.608 [AsyncHttpClient-1-2] DEBUG io.netty.buffer.AbstractByteBuf - -Dio.netty.buffer.checkBounds: true
19:57:02.608 [AsyncHttpClient-1-2] DEBUG io.netty.util.ResourceLeakDetectorFactory - Loaded default ResourceLeakDetector: io.netty.util.ResourceLeakDetector@20ebf012
19:57:02.628 [AsyncHttpClient-1-2] DEBUG org.asynchttpclient.netty.channel.NettyConnectListener - Using new Channel '[id: 0xcc82b84a, L:/127.0.0.1:51056 - R:localhost/127.0.0.1:61087]' for 'POST' to '/session'
19:57:02.660 [AsyncHttpClient-1-2] DEBUG io.netty.util.Recycler - -Dio.netty.recycler.maxCapacityPerThread: 4096
19:57:02.660 [AsyncHttpClient-1-2] DEBUG io.netty.util.Recycler - -Dio.netty.recycler.ratio: 8
19:57:02.660 [AsyncHttpClient-1-2] DEBUG io.netty.util.Recycler - -Dio.netty.recycler.chunkSize: 32
19:57:02.660 [AsyncHttpClient-1-2] DEBUG io.netty.util.Recycler - -Dio.netty.recycler.blocking: false
19:57:03.280 [AsyncHttpClient-1-2] DEBUG io.netty.handler.codec.compression.Brotli - brotli4j not in the classpath; Brotli support will be unavailable.
19:57:03.281 [AsyncHttpClient-1-2] DEBUG org.asynchttpclient.netty.handler.HttpHandler - 

Request DefaultHttpRequest(decodeResult: success, version: HTTP/1.1)
POST /session HTTP/1.1
User-Agent: selenium/4.1.4 (java windows)
Content-Length: 629
Content-Type: application/json; charset=utf-8
host: localhost:61087
accept: */*

Response DefaultHttpResponse(decodeResult: success, version: HTTP/1.1)
HTTP/1.1 200 OK
Content-Type: application/json; charset=utf-8
cache-control: no-cache
content-length: 794

19:57:03.294 [AsyncHttpClient-1-2] DEBUG org.asynchttpclient.netty.channel.ChannelManager - Adding key: http://localhost:61087 for channel [id: 0xcc82b84a, L:/127.0.0.1:51056 - R:localhost/127.0.0.1:61087]
19:57:03.386 [AsyncHttpClient-1-3] DEBUG org.asynchttpclient.netty.channel.NettyConnectListener - Using new Channel '[id: 0x714fa2a9, L:/127.0.0.1:51063 - R:localhost/127.0.0.1:51057]' for 'GET' to '/json/version'
19:57:03.395 [AsyncHttpClient-1-3] DEBUG org.asynchttpclient.netty.handler.HttpHandler - 

Request DefaultFullHttpRequest(decodeResult: success, version: HTTP/1.1, content: EmptyByteBufBE)
GET /json/version HTTP/1.1
User-Agent: selenium/4.1.4 (java windows)
host: localhost:51057
accept: */*

Response DefaultHttpResponse(decodeResult: success, version: HTTP/1.1)
HTTP/1.1 200 OK
Content-Type: application/json; charset=UTF-8
content-length: 429

19:57:03.396 [AsyncHttpClient-1-3] DEBUG org.asynchttpclient.netty.channel.ChannelManager - Adding key: http://localhost:51057 for channel [id: 0x714fa2a9, L:/127.0.0.1:51063 - R:localhost/127.0.0.1:51057]
19:57:03.414 [main] DEBUG io.netty.util.internal.ThreadLocalRandom - -Dio.netty.initialSeedUniquifier: 0x028a75d6ab68d8a5
19:57:03.447 [AsyncHttpClient-1-4] DEBUG org.asynchttpclient.netty.channel.NettyConnectListener - Using new Channel '[id: 0x8b70f759, L:/127.0.0.1:51064 - R:localhost/127.0.0.1:51057]' for 'GET' to '/devtools/browser/16262052-dca4-44fd-8478-eff86d29ca9a'
19:57:03.452 [AsyncHttpClient-1-4] DEBUG org.asynchttpclient.netty.handler.WebSocketHandler - 

Request DefaultFullHttpRequest(decodeResult: success, version: HTTP/1.1, content: EmptyByteBufBE)
GET /devtools/browser/16262052-dca4-44fd-8478-eff86d29ca9a HTTP/1.1
upgrade: websocket
connection: upgrade
sec-websocket-key: 8pyHRkYBc86dxPA9gnYbLw==
sec-websocket-version: 13
origin: http://localhost:51057
host: localhost:51057
accept: */*
user-agent: AHC/2.1

Response DefaultHttpResponse(decodeResult: success, version: HTTP/1.1)
HTTP/1.1 101 WebSocket Protocol Handshake
Upgrade: WebSocket
Connection: Upgrade
Sec-WebSocket-Accept: OEamPISn7jwtJ+NJAEDHpIXqCWA=

19:57:04.014 [AsyncHttpClient-1-1] DEBUG org.asynchttpclient.netty.channel.DefaultChannelPool - Entry count for : http://localhost:61087 : 1
19:57:04.014 [AsyncHttpClient-1-1] DEBUG org.asynchttpclient.netty.channel.DefaultChannelPool - Entry count for : http://localhost:51057 : 1
19:57:05.122 [AsyncHttpClient-1-1] DEBUG org.asynchttpclient.netty.channel.DefaultChannelPool - Entry count for : http://localhost:61087 : 1
19:57:05.122 [AsyncHttpClient-1-1] DEBUG org.asynchttpclient.netty.channel.DefaultChannelPool - Entry count for : http://localhost:51057 : 1
19:57:05.247 [main] DEBUG net.thucydides.core.reflection.ClassFinder - Could not load class .CucumberTestSuite
19:57:05.248 [main] DEBUG net.thucydides.core.reflection.ClassFinder - Could not load class .starter.pages.ArsipJadwalPage
19:57:05.248 [main] DEBUG net.thucydides.core.reflection.ClassFinder - Could not load class .starter.pages.DashboardPage
19:57:05.248 [main] DEBUG net.thucydides.core.reflection.ClassFinder - Could not load class .starter.pages.DokterDataPage
19:57:05.248 [main] DEBUG net.thucydides.core.reflection.ClassFinder - Could not load class .starter.pages.KelolaJadwalPage
19:57:05.248 [main] DEBUG net.thucydides.core.reflection.ClassFinder - Could not load class .starter.pages.LoginPage
19:57:05.248 [main] DEBUG net.thucydides.core.reflection.ClassFinder - Could not load class .starter.pages.PatientDataPage
19:57:05.248 [main] DEBUG net.thucydides.core.reflection.ClassFinder - Could not load class .starter.stepdefinitios.ArsipJadwalSteps
19:57:05.248 [main] DEBUG net.thucydides.core.reflection.ClassFinder - Could not load class .starter.stepdefinitios.DokterDataSteps
19:57:05.249 [main] DEBUG net.thucydides.core.reflection.ClassFinder - Could not load class .starter.stepdefinitios.KelolaJadwalSteps
19:57:05.249 [main] DEBUG net.thucydides.core.reflection.ClassFinder - Could not load class .starter.stepdefinitios.LoginSteps
19:57:05.249 [main] DEBUG net.thucydides.core.reflection.ClassFinder - Could not load class .starter.stepdefinitios.PatientDataSteps
19:57:05.250 [main] DEBUG net.thucydides.core.reflection.ClassFinder - Could not load class META-INF.versions.9.com.sun.istack.logging.StackHelper
19:57:05.250 [main] DEBUG net.thucydides.core.reflection.ClassFinder - Could not load class META-INF.versions.9.com.sun.xml.bind.v2.runtime.reflect.opt.AccessorInjector
19:57:05.251 [main] DEBUG net.thucydides.core.reflection.ClassFinder - Could not load class META-INF.versions.9.com.sun.xml.bind.v2.runtime.reflect.opt.Injector
19:57:05.252 [main] DEBUG net.thucydides.core.reflection.ClassFinder - Could not load class META-INF.versions.9.com.sun.xml.bind.v2.runtime.reflect.opt.OptimizedAccessorFactory
19:57:05.253 [main] DEBUG net.thucydides.core.reflection.ClassFinder - Could not load class META-INF.versions.9.com.sun.xml.bind.v2.runtime.reflect.opt.OptimizedTransducedAccessorFactory
19:57:05.253 [main] DEBUG net.thucydides.core.reflection.ClassFinder - Could not load class META-INF.versions.9.io.opentelemetry.sdk.internal.CurrentJavaVersionSpecific
19:57:05.254 [main] DEBUG net.thucydides.core.reflection.ClassFinder - Could not load class META-INF.versions.9.io.opentelemetry.sdk.internal.Java9VersionSpecific
19:57:05.255 [main] DEBUG net.thucydides.core.reflection.ClassFinder - Could not load class META-INF.versions.9.javax.xml.bind.ModuleUtil
19:57:05.256 [main] DEBUG net.thucydides.core.reflection.ClassFinder - Could not load class META-INF.versions.9.module-info
19:57:05.256 [main] DEBUG net.thucydides.core.reflection.ClassFinder - Could not load class META-INF.versions.9.org.codehaus.plexus.languages.java.jpms.BinaryModuleInfoParser
19:57:05.256 [main] DEBUG net.thucydides.core.reflection.ClassFinder - Could not load class META-INF.versions.9.org.codehaus.plexus.languages.java.jpms.CmdModuleNameExtractor
19:57:05.257 [main] DEBUG net.thucydides.core.reflection.ClassFinder - Could not load class META-INF.versions.9.org.junit.platform.commons.util.ModuleUtils
19:57:05.261 [main] DEBUG net.thucydides.core.reflection.ClassFinder - Could not load class com.google.gson.internal.
19:57:05.264 [main] DEBUG net.thucydides.core.reflection.ClassFinder - Could not load class com.sun.xml.bind.v2.runtime.output.FastInfosetStreamWriterOutput
19:57:05.268 [main] DEBUG net.thucydides.core.reflection.ClassFinder - Could not load class module-info
19:57:05.305 [Forwarding get on session e32baf8e3be6566a7be6559f4eaecc39 to remote] DEBUG org.asynchttpclient.netty.request.NettyRequestSender - Using pooled Channel '[id: 0xcc82b84a, L:/127.0.0.1:51056 - R:localhost/127.0.0.1:61087]' for 'POST' to 'http://localhost:61087/session/e32baf8e3be6566a7be6559f4eaecc39/url'
19:57:05.306 [Forwarding get on session e32baf8e3be6566a7be6559f4eaecc39 to remote] DEBUG org.asynchttpclient.netty.request.NettyRequestSender - Using open Channel [id: 0xcc82b84a, L:/127.0.0.1:51056 - R:localhost/127.0.0.1:61087] for POST '/session/e32baf8e3be6566a7be6559f4eaecc39/url'
19:57:05.854 [AsyncHttpClient-1-2] DEBUG org.asynchttpclient.netty.handler.HttpHandler - 

Request DefaultHttpRequest(decodeResult: success, version: HTTP/1.1)
POST /session/e32baf8e3be6566a7be6559f4eaecc39/url HTTP/1.1
User-Agent: selenium/4.1.4 (java windows)
Content-Length: 78
Content-Type: application/json; charset=utf-8
host: localhost:61087
accept: */*

Response DefaultHttpResponse(decodeResult: success, version: HTTP/1.1)
HTTP/1.1 200 OK
Content-Type: application/json; charset=utf-8
cache-control: no-cache
content-length: 14

19:57:05.855 [AsyncHttpClient-1-2] DEBUG org.asynchttpclient.netty.channel.ChannelManager - Adding key: http://localhost:61087 for channel [id: 0xcc82b84a, L:/127.0.0.1:51056 - R:localhost/127.0.0.1:61087]
19:57:05.857 [Forwarding setTimeout on session e32baf8e3be6566a7be6559f4eaecc39 to remote] DEBUG org.asynchttpclient.netty.request.NettyRequestSender - Using pooled Channel '[id: 0xcc82b84a, L:/127.0.0.1:51056 - R:localhost/127.0.0.1:61087]' for 'POST' to 'http://localhost:61087/session/e32baf8e3be6566a7be6559f4eaecc39/timeouts'
19:57:05.857 [Forwarding setTimeout on session e32baf8e3be6566a7be6559f4eaecc39 to remote] DEBUG org.asynchttpclient.netty.request.NettyRequestSender - Using open Channel [id: 0xcc82b84a, L:/127.0.0.1:51056 - R:localhost/127.0.0.1:61087] for POST '/session/e32baf8e3be6566a7be6559f4eaecc39/timeouts'
19:57:05.864 [AsyncHttpClient-1-2] DEBUG org.asynchttpclient.netty.handler.HttpHandler - 

Request DefaultHttpRequest(decodeResult: success, version: HTTP/1.1)
POST /session/e32baf8e3be6566a7be6559f4eaecc39/timeouts HTTP/1.1
User-Agent: selenium/4.1.4 (java windows)
Content-Length: 22
Content-Type: application/json; charset=utf-8
host: localhost:61087
accept: */*

Response DefaultHttpResponse(decodeResult: success, version: HTTP/1.1)
HTTP/1.1 200 OK
Content-Type: application/json; charset=utf-8
cache-control: no-cache
content-length: 14

19:57:05.864 [AsyncHttpClient-1-2] DEBUG org.asynchttpclient.netty.channel.ChannelManager - Adding key: http://localhost:61087 for channel [id: 0xcc82b84a, L:/127.0.0.1:51056 - R:localhost/127.0.0.1:61087]
19:57:05.876 [Forwarding getCurrentUrl on session e32baf8e3be6566a7be6559f4eaecc39 to remote] DEBUG org.asynchttpclient.netty.request.NettyRequestSender - Using pooled Channel '[id: 0xcc82b84a, L:/127.0.0.1:51056 - R:localhost/127.0.0.1:61087]' for 'GET' to 'http://localhost:61087/session/e32baf8e3be6566a7be6559f4eaecc39/url'
19:57:05.876 [Forwarding getCurrentUrl on session e32baf8e3be6566a7be6559f4eaecc39 to remote] DEBUG org.asynchttpclient.netty.request.NettyRequestSender - Using open Channel [id: 0xcc82b84a, L:/127.0.0.1:51056 - R:localhost/127.0.0.1:61087] for GET '/session/e32baf8e3be6566a7be6559f4eaecc39/url'
19:57:05.889 [AsyncHttpClient-1-2] DEBUG org.asynchttpclient.netty.handler.HttpHandler - 

Request DefaultFullHttpRequest(decodeResult: success, version: HTTP/1.1, content: EmptyByteBufBE)
GET /session/e32baf8e3be6566a7be6559f4eaecc39/url HTTP/1.1
User-Agent: selenium/4.1.4 (java windows)
Cache-Control: no-cache
Content-Type: application/json; charset=utf-8
host: localhost:61087
accept: */*

Response DefaultHttpResponse(decodeResult: success, version: HTTP/1.1)
HTTP/1.1 200 OK
Content-Type: application/json; charset=utf-8
cache-control: no-cache
content-length: 60

19:57:05.890 [AsyncHttpClient-1-2] DEBUG org.asynchttpclient.netty.channel.ChannelManager - Adding key: http://localhost:61087 for channel [id: 0xcc82b84a, L:/127.0.0.1:51056 - R:localhost/127.0.0.1:61087]
19:57:05.916 [main] DEBUG net.serenitybdd.core.photography.Darkroom - Opening darkroom
19:57:05.922 [Forwarding screenshot on session e32baf8e3be6566a7be6559f4eaecc39 to remote] DEBUG org.asynchttpclient.netty.request.NettyRequestSender - Using pooled Channel '[id: 0xcc82b84a, L:/127.0.0.1:51056 - R:localhost/127.0.0.1:61087]' for 'GET' to 'http://localhost:61087/session/e32baf8e3be6566a7be6559f4eaecc39/screenshot'
19:57:05.922 [Forwarding screenshot on session e32baf8e3be6566a7be6559f4eaecc39 to remote] DEBUG org.asynchttpclient.netty.request.NettyRequestSender - Using open Channel [id: 0xcc82b84a, L:/127.0.0.1:51056 - R:localhost/127.0.0.1:61087] for GET '/session/e32baf8e3be6566a7be6559f4eaecc39/screenshot'
19:57:05.927 [Darkroom Processing Line] DEBUG net.serenitybdd.core.photography.DarkroomProcessingLine - Darkroom processing line starting up
19:57:06.188 [AsyncHttpClient-1-2] DEBUG org.asynchttpclient.netty.handler.HttpHandler - 

Request DefaultFullHttpRequest(decodeResult: success, version: HTTP/1.1, content: EmptyByteBufBE)
GET /session/e32baf8e3be6566a7be6559f4eaecc39/screenshot HTTP/1.1
User-Agent: selenium/4.1.4 (java windows)
Cache-Control: no-cache
Content-Type: application/json; charset=utf-8
host: localhost:61087
accept: */*

Response DefaultHttpResponse(decodeResult: success, version: HTTP/1.1)
HTTP/1.1 200 OK
Content-Type: application/json; charset=utf-8
cache-control: no-cache
content-length: 380436

19:57:06.191 [AsyncHttpClient-1-2] DEBUG org.asynchttpclient.netty.channel.ChannelManager - Adding key: http://localhost:61087 for channel [id: 0xcc82b84a, L:/127.0.0.1:51056 - R:localhost/127.0.0.1:61087]
19:57:06.211 [AsyncHttpClient-1-1] DEBUG org.asynchttpclient.netty.channel.DefaultChannelPool - Entry count for : http://localhost:61087 : 1
19:57:06.211 [AsyncHttpClient-1-1] DEBUG org.asynchttpclient.netty.channel.DefaultChannelPool - Entry count for : http://localhost:51057 : 1
19:57:06.261 [main] DEBUG net.serenitybdd.core.photography.Darkroom - Send negative for processing for target\site\serenity\d122c364c40ece9db0ad32cd97c3fcf63e95ba606118dda8d3e5a1d2b8235ce2.png
19:57:06.261 [Darkroom Processing Line] DEBUG net.serenitybdd.core.photography.DarkroomProcessingLine - Processing screenshot image in /var/screenshots/screenshot-13339429545321015338
19:57:06.261 [Darkroom Processing Line] DEBUG net.serenitybdd.core.photography.DarkroomProcessingLine - Saving screenshot to target\site\serenity\d122c364c40ece9db0ad32cd97c3fcf63e95ba606118dda8d3e5a1d2b8235ce2.png
19:57:06.277 [main] DEBUG net.thucydides.core.steps.StepInterceptor - STEP DONE: openLogin
  &amp#27;[32mGiven &amp#27;[0m&amp#27;[32mOpen login page&amp#27;[0m                                     &amp#27;[90m# starter.stepdefinitios.LoginSteps.openLoginPage()&amp#27;[0m
19:57:06.320 [Forwarding screenshot on session e32baf8e3be6566a7be6559f4eaecc39 to remote] DEBUG org.asynchttpclient.netty.request.NettyRequestSender - Using pooled Channel '[id: 0xcc82b84a, L:/127.0.0.1:51056 - R:localhost/127.0.0.1:61087]' for 'GET' to 'http://localhost:61087/session/e32baf8e3be6566a7be6559f4eaecc39/screenshot'
19:57:06.320 [Forwarding screenshot on session e32baf8e3be6566a7be6559f4eaecc39 to remote] DEBUG org.asynchttpclient.netty.request.NettyRequestSender - Using open Channel [id: 0xcc82b84a, L:/127.0.0.1:51056 - R:localhost/127.0.0.1:61087] for GET '/session/e32baf8e3be6566a7be6559f4eaecc39/screenshot'
19:57:06.507 [AsyncHttpClient-1-2] DEBUG org.asynchttpclient.netty.handler.HttpHandler - 

Request DefaultFullHttpRequest(decodeResult: success, version: HTTP/1.1, content: EmptyByteBufBE)
GET /session/e32baf8e3be6566a7be6559f4eaecc39/screenshot HTTP/1.1
User-Agent: selenium/4.1.4 (java windows)
Cache-Control: no-cache
Content-Type: application/json; charset=utf-8
host: localhost:61087
accept: */*

Response DefaultHttpResponse(decodeResult: success, version: HTTP/1.1)
HTTP/1.1 200 OK
Content-Type: application/json; charset=utf-8
cache-control: no-cache
content-length: 380436

19:57:06.512 [AsyncHttpClient-1-2] DEBUG org.asynchttpclient.netty.channel.ChannelManager - Adding key: http://localhost:61087 for channel [id: 0xcc82b84a, L:/127.0.0.1:51056 - R:localhost/127.0.0.1:61087]
19:57:06.547 [main] DEBUG net.serenitybdd.core.photography.Darkroom - Send negative for processing for target\site\serenity\d122c364c40ece9db0ad32cd97c3fcf63e95ba606118dda8d3e5a1d2b8235ce2.png
19:57:07.139 [Forwarding findElement on session e32baf8e3be6566a7be6559f4eaecc39 to remote] DEBUG org.asynchttpclient.netty.request.NettyRequestSender - Using pooled Channel '[id: 0xcc82b84a, L:/127.0.0.1:51056 - R:localhost/127.0.0.1:61087]' for 'POST' to 'http://localhost:61087/session/e32baf8e3be6566a7be6559f4eaecc39/element'
19:57:07.139 [Forwarding findElement on session e32baf8e3be6566a7be6559f4eaecc39 to remote] DEBUG org.asynchttpclient.netty.request.NettyRequestSender - Using open Channel [id: 0xcc82b84a, L:/127.0.0.1:51056 - R:localhost/127.0.0.1:61087] for POST '/session/e32baf8e3be6566a7be6559f4eaecc39/element'
19:57:07.169 [AsyncHttpClient-1-2] DEBUG org.asynchttpclient.netty.handler.HttpHandler - 

Request DefaultHttpRequest(decodeResult: success, version: HTTP/1.1)
POST /session/e32baf8e3be6566a7be6559f4eaecc39/element HTTP/1.1
User-Agent: selenium/4.1.4 (java windows)
Content-Length: 70
Content-Type: application/json; charset=utf-8
host: localhost:61087
accept: */*

Response DefaultHttpResponse(decodeResult: success, version: HTTP/1.1)
HTTP/1.1 200 OK
Content-Type: application/json; charset=utf-8
cache-control: no-cache
content-length: 88

19:57:07.171 [AsyncHttpClient-1-2] DEBUG org.asynchttpclient.netty.channel.ChannelManager - Adding key: http://localhost:61087 for channel [id: 0xcc82b84a, L:/127.0.0.1:51056 - R:localhost/127.0.0.1:61087]
19:57:07.175 [Forwarding sendKeysToElement on session e32baf8e3be6566a7be6559f4eaecc39 to remote] DEBUG org.asynchttpclient.netty.request.NettyRequestSender - Using pooled Channel '[id: 0xcc82b84a, L:/127.0.0.1:51056 - R:localhost/127.0.0.1:61087]' for 'POST' to 'http://localhost:61087/session/e32baf8e3be6566a7be6559f4eaecc39/element/244d0fc1-ced5-4820-a5f0-434deb54f401/value'
19:57:07.175 [Forwarding sendKeysToElement on session e32baf8e3be6566a7be6559f4eaecc39 to remote] DEBUG org.asynchttpclient.netty.request.NettyRequestSender - Using open Channel [id: 0xcc82b84a, L:/127.0.0.1:51056 - R:localhost/127.0.0.1:61087] for POST '/session/e32baf8e3be6566a7be6559f4eaecc39/element/244d0fc1-ced5-4820-a5f0-434deb54f401/value'
19:57:07.268 [AsyncHttpClient-1-2] DEBUG org.asynchttpclient.netty.handler.HttpHandler - 

Request DefaultHttpRequest(decodeResult: success, version: HTTP/1.1)
POST /session/e32baf8e3be6566a7be6559f4eaecc39/element/244d0fc1-ced5-4820-a5f0-434deb54f401/value HTTP/1.1
User-Agent: selenium/4.1.4 (java windows)
Content-Length: 131
Content-Type: application/json; charset=utf-8
host: localhost:61087
accept: */*

Response DefaultHttpResponse(decodeResult: success, version: HTTP/1.1)
HTTP/1.1 200 OK
Content-Type: application/json; charset=utf-8
cache-control: no-cache
content-length: 14

19:57:07.268 [AsyncHttpClient-1-2] DEBUG org.asynchttpclient.netty.channel.ChannelManager - Adding key: http://localhost:61087 for channel [id: 0xcc82b84a, L:/127.0.0.1:51056 - R:localhost/127.0.0.1:61087]
  &amp#27;[32mAnd &amp#27;[0m&amp#27;[32mI input &amp#27;[0m&amp#27;[32m&amp#27;[1m"admin"&amp#27;[0m&amp#27;[32m login email valid&amp#27;[0m                     &amp#27;[90m# starter.stepdefinitios.LoginSteps.iInputLoginEmailValid(java.lang.String)&amp#27;[0m
19:57:07.274 [Forwarding screenshot on session e32baf8e3be6566a7be6559f4eaecc39 to remote] DEBUG org.asynchttpclient.netty.request.NettyRequestSender - Using pooled Channel '[id: 0xcc82b84a, L:/127.0.0.1:51056 - R:localhost/127.0.0.1:61087]' for 'GET' to 'http://localhost:61087/session/e32baf8e3be6566a7be6559f4eaecc39/screenshot'
19:57:07.274 [Forwarding screenshot on session e32baf8e3be6566a7be6559f4eaecc39 to remote] DEBUG org.asynchttpclient.netty.request.NettyRequestSender - Using open Channel [id: 0xcc82b84a, L:/127.0.0.1:51056 - R:localhost/127.0.0.1:61087] for GET '/session/e32baf8e3be6566a7be6559f4eaecc39/screenshot'
19:57:07.319 [AsyncHttpClient-1-1] DEBUG org.asynchttpclient.netty.channel.DefaultChannelPool - Entry count for : http://localhost:51057 : 1
19:57:07.457 [AsyncHttpClient-1-2] DEBUG org.asynchttpclient.netty.handler.HttpHandler - 

Request DefaultFullHttpRequest(decodeResult: success, version: HTTP/1.1, content: EmptyByteBufBE)
GET /session/e32baf8e3be6566a7be6559f4eaecc39/screenshot HTTP/1.1
User-Agent: selenium/4.1.4 (java windows)
Cache-Control: no-cache
Content-Type: application/json; charset=utf-8
host: localhost:61087
accept: */*

Response DefaultHttpResponse(decodeResult: success, version: HTTP/1.1)
HTTP/1.1 200 OK
Content-Type: application/json; charset=utf-8
cache-control: no-cache
content-length: 379420

19:57:07.457 [AsyncHttpClient-1-2] DEBUG org.asynchttpclient.netty.channel.ChannelManager - Adding key: http://localhost:61087 for channel [id: 0xcc82b84a, L:/127.0.0.1:51056 - R:localhost/127.0.0.1:61087]
19:57:07.473 [main] DEBUG net.serenitybdd.core.photography.Darkroom - Send negative for processing for target\site\serenity\93df20195d3751dea78ac30a105f84d37c410e0341f58ded6fb231b5b47402e6.png
19:57:07.473 [Darkroom Processing Line] DEBUG net.serenitybdd.core.photography.DarkroomProcessingLine - Processing screenshot image in /var/screenshots/screenshot-3248397629995755339
19:57:07.473 [Darkroom Processing Line] DEBUG net.serenitybdd.core.photography.DarkroomProcessingLine - Saving screenshot to target\site\serenity\93df20195d3751dea78ac30a105f84d37c410e0341f58ded6fb231b5b47402e6.png
19:57:08.011 [Forwarding screenshot on session e32baf8e3be6566a7be6559f4eaecc39 to remote] DEBUG org.asynchttpclient.netty.request.NettyRequestSender - Using pooled Channel '[id: 0xcc82b84a, L:/127.0.0.1:51056 - R:localhost/127.0.0.1:61087]' for 'GET' to 'http://localhost:61087/session/e32baf8e3be6566a7be6559f4eaecc39/screenshot'
19:57:08.011 [Forwarding screenshot on session e32baf8e3be6566a7be6559f4eaecc39 to remote] DEBUG org.asynchttpclient.netty.request.NettyRequestSender - Using open Channel [id: 0xcc82b84a, L:/127.0.0.1:51056 - R:localhost/127.0.0.1:61087] for GET '/session/e32baf8e3be6566a7be6559f4eaecc39/screenshot'
19:57:08.187 [AsyncHttpClient-1-2] DEBUG org.asynchttpclient.netty.handler.HttpHandler - 

Request DefaultFullHttpRequest(decodeResult: success, version: HTTP/1.1, content: EmptyByteBufBE)
GET /session/e32baf8e3be6566a7be6559f4eaecc39/screenshot HTTP/1.1
User-Agent: selenium/4.1.4 (java windows)
Cache-Control: no-cache
Content-Type: application/json; charset=utf-8
host: localhost:61087
accept: */*

Response DefaultHttpResponse(decodeResult: success, version: HTTP/1.1)
HTTP/1.1 200 OK
Content-Type: application/json; charset=utf-8
cache-control: no-cache
content-length: 379404

19:57:08.187 [AsyncHttpClient-1-2] DEBUG org.asynchttpclient.netty.channel.ChannelManager - Adding key: http://localhost:61087 for channel [id: 0xcc82b84a, L:/127.0.0.1:51056 - R:localhost/127.0.0.1:61087]
19:57:08.204 [main] DEBUG net.serenitybdd.core.photography.Darkroom - Send negative for processing for target\site\serenity\f684e1524ced0278b0b6c6b37709a7cbfb8281aeb576b04a4743fda17448b798.png
19:57:08.204 [Darkroom Processing Line] DEBUG net.serenitybdd.core.photography.DarkroomProcessingLine - Processing screenshot image in /var/screenshots/screenshot-12490036559413711186
19:57:08.204 [Darkroom Processing Line] DEBUG net.serenitybdd.core.photography.DarkroomProcessingLine - Saving screenshot to target\site\serenity\f684e1524ced0278b0b6c6b37709a7cbfb8281aeb576b04a4743fda17448b798.png
19:57:08.204 [main] DEBUG net.thucydides.core.steps.StepInterceptor - STARTING STEP: LoginSteps.iInputLoginPasswordValid - inputPasswordLogin
19:57:08.212 [Forwarding findElement on session e32baf8e3be6566a7be6559f4eaecc39 to remote] DEBUG org.asynchttpclient.netty.request.NettyRequestSender - Using pooled Channel '[id: 0xcc82b84a, L:/127.0.0.1:51056 - R:localhost/127.0.0.1:61087]' for 'POST' to 'http://localhost:61087/session/e32baf8e3be6566a7be6559f4eaecc39/element'
19:57:08.212 [Forwarding findElement on session e32baf8e3be6566a7be6559f4eaecc39 to remote] DEBUG org.asynchttpclient.netty.request.NettyRequestSender - Using open Channel [id: 0xcc82b84a, L:/127.0.0.1:51056 - R:localhost/127.0.0.1:61087] for POST '/session/e32baf8e3be6566a7be6559f4eaecc39/element'
19:57:08.221 [AsyncHttpClient-1-2] DEBUG org.asynchttpclient.netty.handler.HttpHandler - 

Request DefaultHttpRequest(decodeResult: success, version: HTTP/1.1)
POST /session/e32baf8e3be6566a7be6559f4eaecc39/element HTTP/1.1
User-Agent: selenium/4.1.4 (java windows)
Content-Length: 70
Content-Type: application/json; charset=utf-8
host: localhost:61087
accept: */*

Response DefaultHttpResponse(decodeResult: success, version: HTTP/1.1)
HTTP/1.1 200 OK
Content-Type: application/json; charset=utf-8
cache-control: no-cache
content-length: 88

19:57:08.221 [AsyncHttpClient-1-2] DEBUG org.asynchttpclient.netty.channel.ChannelManager - Adding key: http://localhost:61087 for channel [id: 0xcc82b84a, L:/127.0.0.1:51056 - R:localhost/127.0.0.1:61087]
19:57:08.223 [Forwarding sendKeysToElement on session e32baf8e3be6566a7be6559f4eaecc39 to remote] DEBUG org.asynchttpclient.netty.request.NettyRequestSender - Using pooled Channel '[id: 0xcc82b84a, L:/127.0.0.1:51056 - R:localhost/127.0.0.1:61087]' for 'POST' to 'http://localhost:61087/session/e32baf8e3be6566a7be6559f4eaecc39/element/4f4d7f1e-ac6c-4711-b20b-d79dde458601/value'
19:57:08.223 [Forwarding sendKeysToElement on session e32baf8e3be6566a7be6559f4eaecc39 to remote] DEBUG org.asynchttpclient.netty.request.NettyRequestSender - Using open Channel [id: 0xcc82b84a, L:/127.0.0.1:51056 - R:localhost/127.0.0.1:61087] for POST '/session/e32baf8e3be6566a7be6559f4eaecc39/element/4f4d7f1e-ac6c-4711-b20b-d79dde458601/value'
19:57:08.287 [AsyncHttpClient-1-2] DEBUG org.asynchttpclient.netty.handler.HttpHandler - 

Request DefaultHttpRequest(decodeResult: success, version: HTTP/1.1)
POST /session/e32baf8e3be6566a7be6559f4eaecc39/element/4f4d7f1e-ac6c-4711-b20b-d79dde458601/value HTTP/1.1
User-Agent: selenium/4.1.4 (java windows)
Content-Length: 161
Content-Type: application/json; charset=utf-8
host: localhost:61087
accept: */*

Response DefaultHttpResponse(decodeResult: success, version: HTTP/1.1)
HTTP/1.1 200 OK
Content-Type: application/json; charset=utf-8
cache-control: no-cache
content-length: 14

19:57:08.287 [AsyncHttpClient-1-2] DEBUG org.asynchttpclient.netty.channel.ChannelManager - Adding key: http://localhost:61087 for channel [id: 0xcc82b84a, L:/127.0.0.1:51056 - R:localhost/127.0.0.1:61087]
19:57:08.291 [Forwarding screenshot on session e32baf8e3be6566a7be6559f4eaecc39 to remote] DEBUG org.asynchttpclient.netty.request.NettyRequestSender - Using pooled Channel '[id: 0xcc82b84a, L:/127.0.0.1:51056 - R:localhost/127.0.0.1:61087]' for 'GET' to 'http://localhost:61087/session/e32baf8e3be6566a7be6559f4eaecc39/screenshot'
19:57:08.291 [Forwarding screenshot on session e32baf8e3be6566a7be6559f4eaecc39 to remote] DEBUG org.asynchttpclient.netty.request.NettyRequestSender - Using open Channel [id: 0xcc82b84a, L:/127.0.0.1:51056 - R:localhost/127.0.0.1:61087] for GET '/session/e32baf8e3be6566a7be6559f4eaecc39/screenshot'
19:57:08.415 [AsyncHttpClient-1-1] DEBUG org.asynchttpclient.netty.channel.DefaultChannelPool - Entry count for : http://localhost:51057 : 1
19:57:08.457 [AsyncHttpClient-1-2] DEBUG org.asynchttpclient.netty.handler.HttpHandler - 

Request DefaultFullHttpRequest(decodeResult: success, version: HTTP/1.1, content: EmptyByteBufBE)
GET /session/e32baf8e3be6566a7be6559f4eaecc39/screenshot HTTP/1.1
User-Agent: selenium/4.1.4 (java windows)
Cache-Control: no-cache
Content-Type: application/json; charset=utf-8
host: localhost:61087
accept: */*

Response DefaultHttpResponse(decodeResult: success, version: HTTP/1.1)
HTTP/1.1 200 OK
Content-Type: application/json; charset=utf-8
cache-control: no-cache
content-length: 377580

19:57:08.457 [AsyncHttpClient-1-2] DEBUG org.asynchttpclient.netty.channel.ChannelManager - Adding key: http://localhost:61087 for channel [id: 0xcc82b84a, L:/127.0.0.1:51056 - R:localhost/127.0.0.1:61087]
19:57:08.472 [main] DEBUG net.serenitybdd.core.photography.Darkroom - Send negative for processing for target\site\serenity\44fa0aa493cf3a3837a7fab79c30bded8f584eda85d2cfd055a7ef5b4e3f0a4a.png
19:57:08.472 [main] DEBUG net.thucydides.core.steps.StepInterceptor - STEP DONE: inputPasswordLogin
  &amp#27;[32mAnd &amp#27;[0m&amp#27;[32mI input &amp#27;[0m&amp#27;[32m&amp#27;[1m"admin123"&amp#27;[0m&amp#27;[32m login password valid&amp#27;[0m               &amp#27;[90m# starter.stepdefinitios.LoginSteps.iInputLoginPasswordValid(java.lang.String)&amp#27;[0m
19:57:08.472 [Darkroom Processing Line] DEBUG net.serenitybdd.core.photography.DarkroomProcessingLine - Processing screenshot image in /var/screenshots/screenshot-10159725261928665246
19:57:08.472 [Darkroom Processing Line] DEBUG net.serenitybdd.core.photography.DarkroomProcessingLine - Saving screenshot to target\site\serenity\44fa0aa493cf3a3837a7fab79c30bded8f584eda85d2cfd055a7ef5b4e3f0a4a.png
19:57:08.501 [main] DEBUG net.thucydides.core.steps.StepInterceptor - STARTING STEP: LoginSteps.iClickButtonLogin - clickButtonLogin
19:57:08.513 [Forwarding findElement on session e32baf8e3be6566a7be6559f4eaecc39 to remote] DEBUG org.asynchttpclient.netty.request.NettyRequestSender - Using pooled Channel '[id: 0xcc82b84a, L:/127.0.0.1:51056 - R:localhost/127.0.0.1:61087]' for 'POST' to 'http://localhost:61087/session/e32baf8e3be6566a7be6559f4eaecc39/element'
19:57:08.513 [Forwarding findElement on session e32baf8e3be6566a7be6559f4eaecc39 to remote] DEBUG org.asynchttpclient.netty.request.NettyRequestSender - Using open Channel [id: 0xcc82b84a, L:/127.0.0.1:51056 - R:localhost/127.0.0.1:61087] for POST '/session/e32baf8e3be6566a7be6559f4eaecc39/element'
19:57:08.539 [AsyncHttpClient-1-2] DEBUG org.asynchttpclient.netty.handler.HttpHandler - 

Request DefaultHttpRequest(decodeResult: success, version: HTTP/1.1)
POST /session/e32baf8e3be6566a7be6559f4eaecc39/element HTTP/1.1
User-Agent: selenium/4.1.4 (java windows)
Content-Length: 68
Content-Type: application/json; charset=utf-8
host: localhost:61087
accept: */*

Response DefaultHttpResponse(decodeResult: success, version: HTTP/1.1)
HTTP/1.1 200 OK
Content-Type: application/json; charset=utf-8
cache-control: no-cache
content-length: 88

19:57:08.539 [AsyncHttpClient-1-2] DEBUG org.asynchttpclient.netty.channel.ChannelManager - Adding key: http://localhost:61087 for channel [id: 0xcc82b84a, L:/127.0.0.1:51056 - R:localhost/127.0.0.1:61087]
19:57:08.542 [Forwarding getElementTagName on session e32baf8e3be6566a7be6559f4eaecc39 to remote] DEBUG org.asynchttpclient.netty.request.NettyRequestSender - Using pooled Channel '[id: 0xcc82b84a, L:/127.0.0.1:51056 - R:localhost/127.0.0.1:61087]' for 'GET' to 'http://localhost:61087/session/e32baf8e3be6566a7be6559f4eaecc39/element/d208261b-c354-4b9b-87f9-a3b58078d1aa/name'
19:57:08.542 [Forwarding getElementTagName on session e32baf8e3be6566a7be6559f4eaecc39 to remote] DEBUG org.asynchttpclient.netty.request.NettyRequestSender - Using open Channel [id: 0xcc82b84a, L:/127.0.0.1:51056 - R:localhost/127.0.0.1:61087] for GET '/session/e32baf8e3be6566a7be6559f4eaecc39/element/d208261b-c354-4b9b-87f9-a3b58078d1aa/name'
19:57:08.551 [AsyncHttpClient-1-2] DEBUG org.asynchttpclient.netty.handler.HttpHandler - 

Request DefaultFullHttpRequest(decodeResult: success, version: HTTP/1.1, content: EmptyByteBufBE)
GET /session/e32baf8e3be6566a7be6559f4eaecc39/element/d208261b-c354-4b9b-87f9-a3b58078d1aa/name HTTP/1.1
User-Agent: selenium/4.1.4 (java windows)
Cache-Control: no-cache
Content-Type: application/json; charset=utf-8
host: localhost:61087
accept: */*

Response DefaultHttpResponse(decodeResult: success, version: HTTP/1.1)
HTTP/1.1 200 OK
Content-Type: application/json; charset=utf-8
cache-control: no-cache
content-length: 18

19:57:08.551 [AsyncHttpClient-1-2] DEBUG org.asynchttpclient.netty.channel.ChannelManager - Adding key: http://localhost:61087 for channel [id: 0xcc82b84a, L:/127.0.0.1:51056 - R:localhost/127.0.0.1:61087]
19:57:08.552 [Forwarding getElementTagName on session e32baf8e3be6566a7be6559f4eaecc39 to remote] DEBUG org.asynchttpclient.netty.request.NettyRequestSender - Using pooled Channel '[id: 0xcc82b84a, L:/127.0.0.1:51056 - R:localhost/127.0.0.1:61087]' for 'GET' to 'http://localhost:61087/session/e32baf8e3be6566a7be6559f4eaecc39/element/d208261b-c354-4b9b-87f9-a3b58078d1aa/name'
19:57:08.552 [Forwarding getElementTagName on session e32baf8e3be6566a7be6559f4eaecc39 to remote] DEBUG org.asynchttpclient.netty.request.NettyRequestSender - Using open Channel [id: 0xcc82b84a, L:/127.0.0.1:51056 - R:localhost/127.0.0.1:61087] for GET '/session/e32baf8e3be6566a7be6559f4eaecc39/element/d208261b-c354-4b9b-87f9-a3b58078d1aa/name'
19:57:08.556 [AsyncHttpClient-1-2] DEBUG org.asynchttpclient.netty.handler.HttpHandler - 

Request DefaultFullHttpRequest(decodeResult: success, version: HTTP/1.1, content: EmptyByteBufBE)
GET /session/e32baf8e3be6566a7be6559f4eaecc39/element/d208261b-c354-4b9b-87f9-a3b58078d1aa/name HTTP/1.1
User-Agent: selenium/4.1.4 (java windows)
Cache-Control: no-cache
Content-Type: application/json; charset=utf-8
host: localhost:61087
accept: */*

Response DefaultHttpResponse(decodeResult: success, version: HTTP/1.1)
HTTP/1.1 200 OK
Content-Type: application/json; charset=utf-8
cache-control: no-cache
content-length: 18

19:57:08.556 [AsyncHttpClient-1-2] DEBUG org.asynchttpclient.netty.channel.ChannelManager - Adding key: http://localhost:61087 for channel [id: 0xcc82b84a, L:/127.0.0.1:51056 - R:localhost/127.0.0.1:61087]
19:57:08.559 [Forwarding isElementEnabled on session e32baf8e3be6566a7be6559f4eaecc39 to remote] DEBUG org.asynchttpclient.netty.request.NettyRequestSender - Using pooled Channel '[id: 0xcc82b84a, L:/127.0.0.1:51056 - R:localhost/127.0.0.1:61087]' for 'GET' to 'http://localhost:61087/session/e32baf8e3be6566a7be6559f4eaecc39/element/d208261b-c354-4b9b-87f9-a3b58078d1aa/enabled'
19:57:08.559 [Forwarding isElementEnabled on session e32baf8e3be6566a7be6559f4eaecc39 to remote] DEBUG org.asynchttpclient.netty.request.NettyRequestSender - Using open Channel [id: 0xcc82b84a, L:/127.0.0.1:51056 - R:localhost/127.0.0.1:61087] for GET '/session/e32baf8e3be6566a7be6559f4eaecc39/element/d208261b-c354-4b9b-87f9-a3b58078d1aa/enabled'
19:57:08.570 [AsyncHttpClient-1-2] DEBUG org.asynchttpclient.netty.handler.HttpHandler - 

Request DefaultFullHttpRequest(decodeResult: success, version: HTTP/1.1, content: EmptyByteBufBE)
GET /session/e32baf8e3be6566a7be6559f4eaecc39/element/d208261b-c354-4b9b-87f9-a3b58078d1aa/enabled HTTP/1.1
User-Agent: selenium/4.1.4 (java windows)
Cache-Control: no-cache
Content-Type: application/json; charset=utf-8
host: localhost:61087
accept: */*

Response DefaultHttpResponse(decodeResult: success, version: HTTP/1.1)
HTTP/1.1 200 OK
Content-Type: application/json; charset=utf-8
cache-control: no-cache
content-length: 14

19:57:08.570 [AsyncHttpClient-1-2] DEBUG org.asynchttpclient.netty.channel.ChannelManager - Adding key: http://localhost:61087 for channel [id: 0xcc82b84a, L:/127.0.0.1:51056 - R:localhost/127.0.0.1:61087]
19:57:08.571 [Forwarding isElementEnabled on session e32baf8e3be6566a7be6559f4eaecc39 to remote] DEBUG org.asynchttpclient.netty.request.NettyRequestSender - Using pooled Channel '[id: 0xcc82b84a, L:/127.0.0.1:51056 - R:localhost/127.0.0.1:61087]' for 'GET' to 'http://localhost:61087/session/e32baf8e3be6566a7be6559f4eaecc39/element/d208261b-c354-4b9b-87f9-a3b58078d1aa/enabled'
19:57:08.571 [Forwarding isElementEnabled on session e32baf8e3be6566a7be6559f4eaecc39 to remote] DEBUG org.asynchttpclient.netty.request.NettyRequestSender - Using open Channel [id: 0xcc82b84a, L:/127.0.0.1:51056 - R:localhost/127.0.0.1:61087] for GET '/session/e32baf8e3be6566a7be6559f4eaecc39/element/d208261b-c354-4b9b-87f9-a3b58078d1aa/enabled'
19:57:08.577 [AsyncHttpClient-1-2] DEBUG org.asynchttpclient.netty.handler.HttpHandler - 

Request DefaultFullHttpRequest(decodeResult: success, version: HTTP/1.1, content: EmptyByteBufBE)
GET /session/e32baf8e3be6566a7be6559f4eaecc39/element/d208261b-c354-4b9b-87f9-a3b58078d1aa/enabled HTTP/1.1
User-Agent: selenium/4.1.4 (java windows)
Cache-Control: no-cache
Content-Type: application/json; charset=utf-8
host: localhost:61087
accept: */*

Response DefaultHttpResponse(decodeResult: success, version: HTTP/1.1)
HTTP/1.1 200 OK
Content-Type: application/json; charset=utf-8
cache-control: no-cache
content-length: 14

19:57:08.577 [AsyncHttpClient-1-2] DEBUG org.asynchttpclient.netty.channel.ChannelManager - Adding key: http://localhost:61087 for channel [id: 0xcc82b84a, L:/127.0.0.1:51056 - R:localhost/127.0.0.1:61087]
19:57:08.577 [Forwarding findElement on session e32baf8e3be6566a7be6559f4eaecc39 to remote] DEBUG org.asynchttpclient.netty.request.NettyRequestSender - Using pooled Channel '[id: 0xcc82b84a, L:/127.0.0.1:51056 - R:localhost/127.0.0.1:61087]' for 'POST' to 'http://localhost:61087/session/e32baf8e3be6566a7be6559f4eaecc39/element'
19:57:08.577 [Forwarding findElement on session e32baf8e3be6566a7be6559f4eaecc39 to remote] DEBUG org.asynchttpclient.netty.request.NettyRequestSender - Using open Channel [id: 0xcc82b84a, L:/127.0.0.1:51056 - R:localhost/127.0.0.1:61087] for POST '/session/e32baf8e3be6566a7be6559f4eaecc39/element'
19:57:08.585 [AsyncHttpClient-1-2] DEBUG org.asynchttpclient.netty.handler.HttpHandler - 

Request DefaultHttpRequest(decodeResult: success, version: HTTP/1.1)
POST /session/e32baf8e3be6566a7be6559f4eaecc39/element HTTP/1.1
User-Agent: selenium/4.1.4 (java windows)
Content-Length: 68
Content-Type: application/json; charset=utf-8
host: localhost:61087
accept: */*

Response DefaultHttpResponse(decodeResult: success, version: HTTP/1.1)
HTTP/1.1 200 OK
Content-Type: application/json; charset=utf-8
cache-control: no-cache
content-length: 88

19:57:08.586 [AsyncHttpClient-1-2] DEBUG org.asynchttpclient.netty.channel.ChannelManager - Adding key: http://localhost:61087 for channel [id: 0xcc82b84a, L:/127.0.0.1:51056 - R:localhost/127.0.0.1:61087]
19:57:08.586 [Forwarding clickElement on session e32baf8e3be6566a7be6559f4eaecc39 to remote] DEBUG org.asynchttpclient.netty.request.NettyRequestSender - Using pooled Channel '[id: 0xcc82b84a, L:/127.0.0.1:51056 - R:localhost/127.0.0.1:61087]' for 'POST' to 'http://localhost:61087/session/e32baf8e3be6566a7be6559f4eaecc39/element/d208261b-c354-4b9b-87f9-a3b58078d1aa/click'
19:57:08.586 [Forwarding clickElement on session e32baf8e3be6566a7be6559f4eaecc39 to remote] DEBUG org.asynchttpclient.netty.request.NettyRequestSender - Using open Channel [id: 0xcc82b84a, L:/127.0.0.1:51056 - R:localhost/127.0.0.1:61087] for POST '/session/e32baf8e3be6566a7be6559f4eaecc39/element/d208261b-c354-4b9b-87f9-a3b58078d1aa/click'
19:57:08.634 [AsyncHttpClient-1-2] DEBUG org.asynchttpclient.netty.handler.HttpHandler - 

Request DefaultHttpRequest(decodeResult: success, version: HTTP/1.1)
POST /session/e32baf8e3be6566a7be6559f4eaecc39/element/d208261b-c354-4b9b-87f9-a3b58078d1aa/click HTTP/1.1
User-Agent: selenium/4.1.4 (java windows)
Content-Length: 50
Content-Type: application/json; charset=utf-8
host: localhost:61087
accept: */*

Response DefaultHttpResponse(decodeResult: success, version: HTTP/1.1)
HTTP/1.1 200 OK
Content-Type: application/json; charset=utf-8
cache-control: no-cache
content-length: 14

19:57:08.636 [AsyncHttpClient-1-2] DEBUG org.asynchttpclient.netty.channel.ChannelManager - Adding key: http://localhost:61087 for channel [id: 0xcc82b84a, L:/127.0.0.1:51056 - R:localhost/127.0.0.1:61087]
19:57:08.646 [Forwarding screenshot on session e32baf8e3be6566a7be6559f4eaecc39 to remote] DEBUG org.asynchttpclient.netty.request.NettyRequestSender - Using pooled Channel '[id: 0xcc82b84a, L:/127.0.0.1:51056 - R:localhost/127.0.0.1:61087]' for 'GET' to 'http://localhost:61087/session/e32baf8e3be6566a7be6559f4eaecc39/screenshot'
19:57:08.646 [Forwarding screenshot on session e32baf8e3be6566a7be6559f4eaecc39 to remote] DEBUG org.asynchttpclient.netty.request.NettyRequestSender - Using open Channel [id: 0xcc82b84a, L:/127.0.0.1:51056 - R:localhost/127.0.0.1:61087] for GET '/session/e32baf8e3be6566a7be6559f4eaecc39/screenshot'
19:57:08.901 [AsyncHttpClient-1-2] DEBUG org.asynchttpclient.netty.handler.HttpHandler - 

Request DefaultFullHttpRequest(decodeResult: success, version: HTTP/1.1, content: EmptyByteBufBE)
GET /session/e32baf8e3be6566a7be6559f4eaecc39/screenshot HTTP/1.1
User-Agent: selenium/4.1.4 (java windows)
Cache-Control: no-cache
Content-Type: application/json; charset=utf-8
host: localhost:61087
accept: */*

Response DefaultHttpResponse(decodeResult: success, version: HTTP/1.1)
HTTP/1.1 200 OK
Content-Type: application/json; charset=utf-8
cache-control: no-cache
content-length: 360760

19:57:08.905 [AsyncHttpClient-1-2] DEBUG org.asynchttpclient.netty.channel.ChannelManager - Adding key: http://localhost:61087 for channel [id: 0xcc82b84a, L:/127.0.0.1:51056 - R:localhost/127.0.0.1:61087]
19:57:08.918 [main] DEBUG net.serenitybdd.core.photography.Darkroom - Send negative for processing for target\site\serenity\22afa1fec8d326b4fdbd359fb2d3457a7e4303340a3bb6a2ee4ff0571d7a81ad.png
19:57:08.918 [main] DEBUG net.thucydides.core.steps.StepInterceptor - STEP DONE: clickButtonLogin
19:57:08.918 [Darkroom Processing Line] DEBUG net.serenitybdd.core.photography.DarkroomProcessingLine - Processing screenshot image in /var/screenshots/screenshot-2524183240189253420
19:57:08.918 [Darkroom Processing Line] DEBUG net.serenitybdd.core.photography.DarkroomProcessingLine - Saving screenshot to target\site\serenity\22afa1fec8d326b4fdbd359fb2d3457a7e4303340a3bb6a2ee4ff0571d7a81ad.png
19:57:09.519 [AsyncHttpClient-1-1] DEBUG org.asynchttpclient.netty.channel.DefaultChannelPool - Entry count for : http://localhost:61087 : 1
19:57:09.519 [AsyncHttpClient-1-1] DEBUG org.asynchttpclient.netty.channel.DefaultChannelPool - Entry count for : http://localhost:51057 : 1
  &amp#27;[32mWhen &amp#27;[0m&amp#27;[32mI click button login&amp#27;[0m                                 &amp#27;[90m# starter.stepdefinitios.LoginSteps.iClickButtonLogin()&amp#27;[0m
19:57:09.935 [Forwarding screenshot on session e32baf8e3be6566a7be6559f4eaecc39 to remote] DEBUG org.asynchttpclient.netty.request.NettyRequestSender - Using pooled Channel '[id: 0xcc82b84a, L:/127.0.0.1:51056 - R:localhost/127.0.0.1:61087]' for 'GET' to 'http://localhost:61087/session/e32baf8e3be6566a7be6559f4eaecc39/screenshot'
19:57:09.935 [Forwarding screenshot on session e32baf8e3be6566a7be6559f4eaecc39 to remote] DEBUG org.asynchttpclient.netty.request.NettyRequestSender - Using open Channel [id: 0xcc82b84a, L:/127.0.0.1:51056 - R:localhost/127.0.0.1:61087] for GET '/session/e32baf8e3be6566a7be6559f4eaecc39/screenshot'
19:57:10.180 [AsyncHttpClient-1-2] DEBUG org.asynchttpclient.netty.handler.HttpHandler - 

Request DefaultFullHttpRequest(decodeResult: success, version: HTTP/1.1, content: EmptyByteBufBE)
GET /session/e32baf8e3be6566a7be6559f4eaecc39/screenshot HTTP/1.1
User-Agent: selenium/4.1.4 (java windows)
Cache-Control: no-cache
Content-Type: application/json; charset=utf-8
host: localhost:61087
accept: */*

Response DefaultHttpResponse(decodeResult: success, version: HTTP/1.1)
HTTP/1.1 200 OK
Content-Type: application/json; charset=utf-8
cache-control: no-cache
content-length: 313184

19:57:10.187 [AsyncHttpClient-1-2] DEBUG org.asynchttpclient.netty.channel.ChannelManager - Adding key: http://localhost:61087 for channel [id: 0xcc82b84a, L:/127.0.0.1:51056 - R:localhost/127.0.0.1:61087]
19:57:10.199 [main] DEBUG net.serenitybdd.core.photography.Darkroom - Send negative for processing for target\site\serenity\2ee9522a79255e02b029cf630947a77c9c7a74355a59a314e3849d8f91c46b4d.png
19:57:10.199 [Darkroom Processing Line] DEBUG net.serenitybdd.core.photography.DarkroomProcessingLine - Processing screenshot image in /var/screenshots/screenshot-14434649401542123947
19:57:10.199 [Darkroom Processing Line] DEBUG net.serenitybdd.core.photography.DarkroomProcessingLine - Saving screenshot to target\site\serenity\2ee9522a79255e02b029cf630947a77c9c7a74355a59a314e3849d8f91c46b4d.png
19:57:10.616 [AsyncHttpClient-1-1] DEBUG org.asynchttpclient.netty.channel.DefaultChannelPool - Entry count for : http://localhost:61087 : 1
19:57:10.616 [AsyncHttpClient-1-1] DEBUG org.asynchttpclient.netty.channel.DefaultChannelPool - Entry count for : http://localhost:51057 : 1
19:57:11.722 [AsyncHttpClient-1-1] DEBUG org.asynchttpclient.netty.channel.DefaultChannelPool - Entry count for : http://localhost:61087 : 1
19:57:11.722 [AsyncHttpClient-1-1] DEBUG org.asynchttpclient.netty.channel.DefaultChannelPool - Entry count for : http://localhost:51057 : 1
19:57:12.817 [AsyncHttpClient-1-1] DEBUG org.asynchttpclient.netty.channel.DefaultChannelPool - Entry count for : http://localhost:61087 : 1
19:57:12.817 [AsyncHttpClient-1-1] DEBUG org.asynchttpclient.netty.channel.DefaultChannelPool - Entry count for : http://localhost:51057 : 1
19:57:13.922 [AsyncHttpClient-1-1] DEBUG org.asynchttpclient.netty.channel.DefaultChannelPool - Entry count for : http://localhost:61087 : 1
19:57:13.922 [AsyncHttpClient-1-1] DEBUG org.asynchttpclient.netty.channel.DefaultChannelPool - Entry count for : http://localhost:51057 : 1
19:57:15.018 [AsyncHttpClient-1-1] DEBUG org.asynchttpclient.netty.channel.DefaultChannelPool - Entry count for : http://localhost:61087 : 1
19:57:15.018 [AsyncHttpClient-1-1] DEBUG org.asynchttpclient.netty.channel.DefaultChannelPool - Entry count for : http://localhost:51057 : 1
19:57:15.225 [Forwarding findElement on session e32baf8e3be6566a7be6559f4eaecc39 to remote] DEBUG org.asynchttpclient.netty.request.NettyRequestSender - Using pooled Channel '[id: 0xcc82b84a, L:/127.0.0.1:51056 - R:localhost/127.0.0.1:61087]' for 'POST' to 'http://localhost:61087/session/e32baf8e3be6566a7be6559f4eaecc39/element'
19:57:15.225 [Forwarding findElement on session e32baf8e3be6566a7be6559f4eaecc39 to remote] DEBUG org.asynchttpclient.netty.request.NettyRequestSender - Using open Channel [id: 0xcc82b84a, L:/127.0.0.1:51056 - R:localhost/127.0.0.1:61087] for POST '/session/e32baf8e3be6566a7be6559f4eaecc39/element'
19:57:15.258 [AsyncHttpClient-1-2] DEBUG org.asynchttpclient.netty.handler.HttpHandler - 

Request DefaultHttpRequest(decodeResult: success, version: HTTP/1.1)
POST /session/e32baf8e3be6566a7be6559f4eaecc39/element HTTP/1.1
User-Agent: selenium/4.1.4 (java windows)
Content-Length: 68
Content-Type: application/json; charset=utf-8
host: localhost:61087
accept: */*

Response DefaultHttpResponse(decodeResult: success, version: HTTP/1.1)
HTTP/1.1 200 OK
Content-Type: application/json; charset=utf-8
cache-control: no-cache
content-length: 88

19:57:15.259 [AsyncHttpClient-1-2] DEBUG org.asynchttpclient.netty.channel.ChannelManager - Adding key: http://localhost:61087 for channel [id: 0xcc82b84a, L:/127.0.0.1:51056 - R:localhost/127.0.0.1:61087]
19:57:15.259 [Forwarding isElementEnabled on session e32baf8e3be6566a7be6559f4eaecc39 to remote] DEBUG org.asynchttpclient.netty.request.NettyRequestSender - Using pooled Channel '[id: 0xcc82b84a, L:/127.0.0.1:51056 - R:localhost/127.0.0.1:61087]' for 'GET' to 'http://localhost:61087/session/e32baf8e3be6566a7be6559f4eaecc39/element/169b99bb-7c5e-449d-abef-932568ce3f3a/enabled'
19:57:15.259 [Forwarding isElementEnabled on session e32baf8e3be6566a7be6559f4eaecc39 to remote] DEBUG org.asynchttpclient.netty.request.NettyRequestSender - Using open Channel [id: 0xcc82b84a, L:/127.0.0.1:51056 - R:localhost/127.0.0.1:61087] for GET '/session/e32baf8e3be6566a7be6559f4eaecc39/element/169b99bb-7c5e-449d-abef-932568ce3f3a/enabled'
19:57:15.280 [AsyncHttpClient-1-2] DEBUG org.asynchttpclient.netty.handler.HttpHandler - 

Request DefaultFullHttpRequest(decodeResult: success, version: HTTP/1.1, content: EmptyByteBufBE)
GET /session/e32baf8e3be6566a7be6559f4eaecc39/element/169b99bb-7c5e-449d-abef-932568ce3f3a/enabled HTTP/1.1
User-Agent: selenium/4.1.4 (java windows)
Cache-Control: no-cache
Content-Type: application/json; charset=utf-8
host: localhost:61087
accept: */*

Response DefaultHttpResponse(decodeResult: success, version: HTTP/1.1)
HTTP/1.1 200 OK
Content-Type: application/json; charset=utf-8
cache-control: no-cache
content-length: 14

19:57:15.280 [AsyncHttpClient-1-2] DEBUG org.asynchttpclient.netty.channel.ChannelManager - Adding key: http://localhost:61087 for channel [id: 0xcc82b84a, L:/127.0.0.1:51056 - R:localhost/127.0.0.1:61087]
19:57:15.801 [Forwarding screenshot on session e32baf8e3be6566a7be6559f4eaecc39 to remote] DEBUG org.asynchttpclient.netty.request.NettyRequestSender - Using pooled Channel '[id: 0xcc82b84a, L:/127.0.0.1:51056 - R:localhost/127.0.0.1:61087]' for 'GET' to 'http://localhost:61087/session/e32baf8e3be6566a7be6559f4eaecc39/screenshot'
19:57:15.801 [Forwarding screenshot on session e32baf8e3be6566a7be6559f4eaecc39 to remote] DEBUG org.asynchttpclient.netty.request.NettyRequestSender - Using open Channel [id: 0xcc82b84a, L:/127.0.0.1:51056 - R:localhost/127.0.0.1:61087] for GET '/session/e32baf8e3be6566a7be6559f4eaecc39/screenshot'
19:57:16.036 [AsyncHttpClient-1-2] DEBUG org.asynchttpclient.netty.handler.HttpHandler - 

Request DefaultFullHttpRequest(decodeResult: success, version: HTTP/1.1, content: EmptyByteBufBE)
GET /session/e32baf8e3be6566a7be6559f4eaecc39/screenshot HTTP/1.1
User-Agent: selenium/4.1.4 (java windows)
Cache-Control: no-cache
Content-Type: application/json; charset=utf-8
host: localhost:61087
accept: */*

Response DefaultHttpResponse(decodeResult: success, version: HTTP/1.1)
HTTP/1.1 200 OK
Content-Type: application/json; charset=utf-8
cache-control: no-cache
content-length: 301044

19:57:16.039 [AsyncHttpClient-1-2] DEBUG org.asynchttpclient.netty.channel.ChannelManager - Adding key: http://localhost:61087 for channel [id: 0xcc82b84a, L:/127.0.0.1:51056 - R:localhost/127.0.0.1:61087]
19:57:16.052 [main] DEBUG net.serenitybdd.core.photography.Darkroom - Send negative for processing for target\site\serenity\163e386af0b12517552a74a3d5043b94e8c0f9215c0f21d464e3b04d27a0859d.png
19:57:16.052 [Darkroom Processing Line] DEBUG net.serenitybdd.core.photography.DarkroomProcessingLine - Processing screenshot image in /var/screenshots/screenshot-13696711311198721156
19:57:16.052 [Darkroom Processing Line] DEBUG net.serenitybdd.core.photography.DarkroomProcessingLine - Saving screenshot to target\site\serenity\163e386af0b12517552a74a3d5043b94e8c0f9215c0f21d464e3b04d27a0859d.png
19:57:16.052 [main] DEBUG net.thucydides.core.steps.StepInterceptor - STARTING STEP: LoginSteps.loginValidationInvalid - clickButtonErrorOK
19:57:16.065 [Forwarding findElement on session e32baf8e3be6566a7be6559f4eaecc39 to remote] DEBUG org.asynchttpclient.netty.request.NettyRequestSender - Using pooled Channel '[id: 0xcc82b84a, L:/127.0.0.1:51056 - R:localhost/127.0.0.1:61087]' for 'POST' to 'http://localhost:61087/session/e32baf8e3be6566a7be6559f4eaecc39/element'
19:57:16.065 [Forwarding findElement on session e32baf8e3be6566a7be6559f4eaecc39 to remote] DEBUG org.asynchttpclient.netty.request.NettyRequestSender - Using open Channel [id: 0xcc82b84a, L:/127.0.0.1:51056 - R:localhost/127.0.0.1:61087] for POST '/session/e32baf8e3be6566a7be6559f4eaecc39/element'
19:57:16.077 [AsyncHttpClient-1-2] DEBUG org.asynchttpclient.netty.handler.HttpHandler - 

Request DefaultHttpRequest(decodeResult: success, version: HTTP/1.1)
POST /session/e32baf8e3be6566a7be6559f4eaecc39/element HTTP/1.1
User-Agent: selenium/4.1.4 (java windows)
Content-Length: 88
Content-Type: application/json; charset=utf-8
host: localhost:61087
accept: */*

Response DefaultHttpResponse(decodeResult: success, version: HTTP/1.1)
HTTP/1.1 200 OK
Content-Type: application/json; charset=utf-8
cache-control: no-cache
content-length: 88

19:57:16.077 [AsyncHttpClient-1-2] DEBUG org.asynchttpclient.netty.channel.ChannelManager - Adding key: http://localhost:61087 for channel [id: 0xcc82b84a, L:/127.0.0.1:51056 - R:localhost/127.0.0.1:61087]
19:57:16.080 [Forwarding getElementTagName on session e32baf8e3be6566a7be6559f4eaecc39 to remote] DEBUG org.asynchttpclient.netty.request.NettyRequestSender - Using pooled Channel '[id: 0xcc82b84a, L:/127.0.0.1:51056 - R:localhost/127.0.0.1:61087]' for 'GET' to 'http://localhost:61087/session/e32baf8e3be6566a7be6559f4eaecc39/element/570a06eb-b2a9-46cf-b4b2-981de9ceefb0/name'
19:57:16.080 [Forwarding getElementTagName on session e32baf8e3be6566a7be6559f4eaecc39 to remote] DEBUG org.asynchttpclient.netty.request.NettyRequestSender - Using open Channel [id: 0xcc82b84a, L:/127.0.0.1:51056 - R:localhost/127.0.0.1:61087] for GET '/session/e32baf8e3be6566a7be6559f4eaecc39/element/570a06eb-b2a9-46cf-b4b2-981de9ceefb0/name'
19:57:16.085 [AsyncHttpClient-1-2] DEBUG org.asynchttpclient.netty.handler.HttpHandler - 

Request DefaultFullHttpRequest(decodeResult: success, version: HTTP/1.1, content: EmptyByteBufBE)
GET /session/e32baf8e3be6566a7be6559f4eaecc39/element/570a06eb-b2a9-46cf-b4b2-981de9ceefb0/name HTTP/1.1
User-Agent: selenium/4.1.4 (java windows)
Cache-Control: no-cache
Content-Type: application/json; charset=utf-8
host: localhost:61087
accept: */*

Response DefaultHttpResponse(decodeResult: success, version: HTTP/1.1)
HTTP/1.1 200 OK
Content-Type: application/json; charset=utf-8
cache-control: no-cache
content-length: 18

19:57:16.086 [AsyncHttpClient-1-2] DEBUG org.asynchttpclient.netty.channel.ChannelManager - Adding key: http://localhost:61087 for channel [id: 0xcc82b84a, L:/127.0.0.1:51056 - R:localhost/127.0.0.1:61087]
19:57:16.087 [Forwarding getElementTagName on session e32baf8e3be6566a7be6559f4eaecc39 to remote] DEBUG org.asynchttpclient.netty.request.NettyRequestSender - Using pooled Channel '[id: 0xcc82b84a, L:/127.0.0.1:51056 - R:localhost/127.0.0.1:61087]' for 'GET' to 'http://localhost:61087/session/e32baf8e3be6566a7be6559f4eaecc39/element/570a06eb-b2a9-46cf-b4b2-981de9ceefb0/name'
19:57:16.087 [Forwarding getElementTagName on session e32baf8e3be6566a7be6559f4eaecc39 to remote] DEBUG org.asynchttpclient.netty.request.NettyRequestSender - Using open Channel [id: 0xcc82b84a, L:/127.0.0.1:51056 - R:localhost/127.0.0.1:61087] for GET '/session/e32baf8e3be6566a7be6559f4eaecc39/element/570a06eb-b2a9-46cf-b4b2-981de9ceefb0/name'
19:57:16.092 [AsyncHttpClient-1-2] DEBUG org.asynchttpclient.netty.handler.HttpHandler - 

Request DefaultFullHttpRequest(decodeResult: success, version: HTTP/1.1, content: EmptyByteBufBE)
GET /session/e32baf8e3be6566a7be6559f4eaecc39/element/570a06eb-b2a9-46cf-b4b2-981de9ceefb0/name HTTP/1.1
User-Agent: selenium/4.1.4 (java windows)
Cache-Control: no-cache
Content-Type: application/json; charset=utf-8
host: localhost:61087
accept: */*

Response DefaultHttpResponse(decodeResult: success, version: HTTP/1.1)
HTTP/1.1 200 OK
Content-Type: application/json; charset=utf-8
cache-control: no-cache
content-length: 18

19:57:16.092 [AsyncHttpClient-1-2] DEBUG org.asynchttpclient.netty.channel.ChannelManager - Adding key: http://localhost:61087 for channel [id: 0xcc82b84a, L:/127.0.0.1:51056 - R:localhost/127.0.0.1:61087]
19:57:16.093 [Forwarding isElementEnabled on session e32baf8e3be6566a7be6559f4eaecc39 to remote] DEBUG org.asynchttpclient.netty.request.NettyRequestSender - Using pooled Channel '[id: 0xcc82b84a, L:/127.0.0.1:51056 - R:localhost/127.0.0.1:61087]' for 'GET' to 'http://localhost:61087/session/e32baf8e3be6566a7be6559f4eaecc39/element/570a06eb-b2a9-46cf-b4b2-981de9ceefb0/enabled'
19:57:16.093 [Forwarding isElementEnabled on session e32baf8e3be6566a7be6559f4eaecc39 to remote] DEBUG org.asynchttpclient.netty.request.NettyRequestSender - Using open Channel [id: 0xcc82b84a, L:/127.0.0.1:51056 - R:localhost/127.0.0.1:61087] for GET '/session/e32baf8e3be6566a7be6559f4eaecc39/element/570a06eb-b2a9-46cf-b4b2-981de9ceefb0/enabled'
19:57:16.110 [AsyncHttpClient-1-2] DEBUG org.asynchttpclient.netty.handler.HttpHandler - 

Request DefaultFullHttpRequest(decodeResult: success, version: HTTP/1.1, content: EmptyByteBufBE)
GET /session/e32baf8e3be6566a7be6559f4eaecc39/element/570a06eb-b2a9-46cf-b4b2-981de9ceefb0/enabled HTTP/1.1
User-Agent: selenium/4.1.4 (java windows)
Cache-Control: no-cache
Content-Type: application/json; charset=utf-8
host: localhost:61087
accept: */*

Response DefaultHttpResponse(decodeResult: success, version: HTTP/1.1)
HTTP/1.1 200 OK
Content-Type: application/json; charset=utf-8
cache-control: no-cache
content-length: 14

19:57:16.111 [AsyncHttpClient-1-2] DEBUG org.asynchttpclient.netty.channel.ChannelManager - Adding key: http://localhost:61087 for channel [id: 0xcc82b84a, L:/127.0.0.1:51056 - R:localhost/127.0.0.1:61087]
19:57:16.111 [Forwarding isElementEnabled on session e32baf8e3be6566a7be6559f4eaecc39 to remote] DEBUG org.asynchttpclient.netty.request.NettyRequestSender - Using pooled Channel '[id: 0xcc82b84a, L:/127.0.0.1:51056 - R:localhost/127.0.0.1:61087]' for 'GET' to 'http://localhost:61087/session/e32baf8e3be6566a7be6559f4eaecc39/element/570a06eb-b2a9-46cf-b4b2-981de9ceefb0/enabled'
19:57:16.111 [Forwarding isElementEnabled on session e32baf8e3be6566a7be6559f4eaecc39 to remote] DEBUG org.asynchttpclient.netty.request.NettyRequestSender - Using open Channel [id: 0xcc82b84a, L:/127.0.0.1:51056 - R:localhost/127.0.0.1:61087] for GET '/session/e32baf8e3be6566a7be6559f4eaecc39/element/570a06eb-b2a9-46cf-b4b2-981de9ceefb0/enabled'
19:57:16.132 [AsyncHttpClient-1-1] DEBUG org.asynchttpclient.netty.channel.DefaultChannelPool - Entry count for : http://localhost:51057 : 1
19:57:16.134 [AsyncHttpClient-1-2] DEBUG org.asynchttpclient.netty.handler.HttpHandler - 

Request DefaultFullHttpRequest(decodeResult: success, version: HTTP/1.1, content: EmptyByteBufBE)
GET /session/e32baf8e3be6566a7be6559f4eaecc39/element/570a06eb-b2a9-46cf-b4b2-981de9ceefb0/enabled HTTP/1.1
User-Agent: selenium/4.1.4 (java windows)
Cache-Control: no-cache
Content-Type: application/json; charset=utf-8
host: localhost:61087
accept: */*

Response DefaultHttpResponse(decodeResult: success, version: HTTP/1.1)
HTTP/1.1 200 OK
Content-Type: application/json; charset=utf-8
cache-control: no-cache
content-length: 14

19:57:16.134 [AsyncHttpClient-1-2] DEBUG org.asynchttpclient.netty.channel.ChannelManager - Adding key: http://localhost:61087 for channel [id: 0xcc82b84a, L:/127.0.0.1:51056 - R:localhost/127.0.0.1:61087]
19:57:16.134 [Forwarding findElement on session e32baf8e3be6566a7be6559f4eaecc39 to remote] DEBUG org.asynchttpclient.netty.request.NettyRequestSender - Using pooled Channel '[id: 0xcc82b84a, L:/127.0.0.1:51056 - R:localhost/127.0.0.1:61087]' for 'POST' to 'http://localhost:61087/session/e32baf8e3be6566a7be6559f4eaecc39/element'
19:57:16.134 [Forwarding findElement on session e32baf8e3be6566a7be6559f4eaecc39 to remote] DEBUG org.asynchttpclient.netty.request.NettyRequestSender - Using open Channel [id: 0xcc82b84a, L:/127.0.0.1:51056 - R:localhost/127.0.0.1:61087] for POST '/session/e32baf8e3be6566a7be6559f4eaecc39/element'
19:57:16.180 [AsyncHttpClient-1-2] DEBUG org.asynchttpclient.netty.handler.HttpHandler - 

Request DefaultHttpRequest(decodeResult: success, version: HTTP/1.1)
POST /session/e32baf8e3be6566a7be6559f4eaecc39/element HTTP/1.1
User-Agent: selenium/4.1.4 (java windows)
Content-Length: 88
Content-Type: application/json; charset=utf-8
host: localhost:61087
accept: */*

Response DefaultHttpResponse(decodeResult: success, version: HTTP/1.1)
HTTP/1.1 200 OK
Content-Type: application/json; charset=utf-8
cache-control: no-cache
content-length: 88

19:57:16.181 [AsyncHttpClient-1-2] DEBUG org.asynchttpclient.netty.channel.ChannelManager - Adding key: http://localhost:61087 for channel [id: 0xcc82b84a, L:/127.0.0.1:51056 - R:localhost/127.0.0.1:61087]
19:57:16.181 [Forwarding clickElement on session e32baf8e3be6566a7be6559f4eaecc39 to remote] DEBUG org.asynchttpclient.netty.request.NettyRequestSender - Using pooled Channel '[id: 0xcc82b84a, L:/127.0.0.1:51056 - R:localhost/127.0.0.1:61087]' for 'POST' to 'http://localhost:61087/session/e32baf8e3be6566a7be6559f4eaecc39/element/570a06eb-b2a9-46cf-b4b2-981de9ceefb0/click'
19:57:16.181 [Forwarding clickElement on session e32baf8e3be6566a7be6559f4eaecc39 to remote] DEBUG org.asynchttpclient.netty.request.NettyRequestSender - Using open Channel [id: 0xcc82b84a, L:/127.0.0.1:51056 - R:localhost/127.0.0.1:61087] for POST '/session/e32baf8e3be6566a7be6559f4eaecc39/element/570a06eb-b2a9-46cf-b4b2-981de9ceefb0/click'
19:57:16.319 [AsyncHttpClient-1-2] DEBUG org.asynchttpclient.netty.handler.HttpHandler - 

Request DefaultHttpRequest(decodeResult: success, version: HTTP/1.1)
POST /session/e32baf8e3be6566a7be6559f4eaecc39/element/570a06eb-b2a9-46cf-b4b2-981de9ceefb0/click HTTP/1.1
User-Agent: selenium/4.1.4 (java windows)
Content-Length: 50
Content-Type: application/json; charset=utf-8
host: localhost:61087
accept: */*

Response DefaultHttpResponse(decodeResult: success, version: HTTP/1.1)
HTTP/1.1 200 OK
Content-Type: application/json; charset=utf-8
cache-control: no-cache
content-length: 14

19:57:16.319 [AsyncHttpClient-1-2] DEBUG org.asynchttpclient.netty.channel.ChannelManager - Adding key: http://localhost:61087 for channel [id: 0xcc82b84a, L:/127.0.0.1:51056 - R:localhost/127.0.0.1:61087]
19:57:16.335 [Forwarding screenshot on session e32baf8e3be6566a7be6559f4eaecc39 to remote] DEBUG org.asynchttpclient.netty.request.NettyRequestSender - Using pooled Channel '[id: 0xcc82b84a, L:/127.0.0.1:51056 - R:localhost/127.0.0.1:61087]' for 'GET' to 'http://localhost:61087/session/e32baf8e3be6566a7be6559f4eaecc39/screenshot'
19:57:16.335 [Forwarding screenshot on session e32baf8e3be6566a7be6559f4eaecc39 to remote] DEBUG org.asynchttpclient.netty.request.NettyRequestSender - Using open Channel [id: 0xcc82b84a, L:/127.0.0.1:51056 - R:localhost/127.0.0.1:61087] for GET '/session/e32baf8e3be6566a7be6559f4eaecc39/screenshot'
19:57:16.698 [AsyncHttpClient-1-2] DEBUG org.asynchttpclient.netty.handler.HttpHandler - 

Request DefaultFullHttpRequest(decodeResult: success, version: HTTP/1.1, content: EmptyByteBufBE)
GET /session/e32baf8e3be6566a7be6559f4eaecc39/screenshot HTTP/1.1
User-Agent: selenium/4.1.4 (java windows)
Cache-Control: no-cache
Content-Type: application/json; charset=utf-8
host: localhost:61087
accept: */*

Response DefaultHttpResponse(decodeResult: success, version: HTTP/1.1)
HTTP/1.1 200 OK
Content-Type: application/json; charset=utf-8
cache-control: no-cache
content-length: 73892

19:57:16.700 [AsyncHttpClient-1-2] DEBUG org.asynchttpclient.netty.channel.ChannelManager - Adding key: http://localhost:61087 for channel [id: 0xcc82b84a, L:/127.0.0.1:51056 - R:localhost/127.0.0.1:61087]
19:57:16.708 [main] DEBUG net.serenitybdd.core.photography.Darkroom - Send negative for processing for target\site\serenity\e1788b602092597e94bedc47b818aa13101f90a3a1d4ca69b0a621a2d997c9ec.png
19:57:16.709 [main] DEBUG net.thucydides.core.steps.StepInterceptor - STEP DONE: clickButtonErrorOK
  &amp#27;[32mAnd &amp#27;[0m&amp#27;[32mLogin validation invalid&amp#27;[0m                              &amp#27;[90m# starter.stepdefinitios.LoginSteps.loginValidationInvalid()&amp#27;[0m
19:57:16.709 [Darkroom Processing Line] DEBUG net.serenitybdd.core.photography.DarkroomProcessingLine - Processing screenshot image in /var/screenshots/screenshot-17248981153536430522
19:57:16.709 [Darkroom Processing Line] DEBUG net.serenitybdd.core.photography.DarkroomProcessingLine - Saving screenshot to target\site\serenity\e1788b602092597e94bedc47b818aa13101f90a3a1d4ca69b0a621a2d997c9ec.png
19:57:17.209 [AsyncHttpClient-1-1] DEBUG org.asynchttpclient.netty.channel.DefaultChannelPool - Entry count for : http://localhost:61087 : 1
19:57:17.209 [AsyncHttpClient-1-1] DEBUG org.asynchttpclient.netty.channel.DefaultChannelPool - Entry count for : http://localhost:51057 : 1
19:57:18.313 [AsyncHttpClient-1-1] DEBUG org.asynchttpclient.netty.channel.DefaultChannelPool - Entry count for : http://localhost:61087 : 1
19:57:18.313 [AsyncHttpClient-1-1] DEBUG org.asynchttpclient.netty.channel.DefaultChannelPool - Entry count for : http://localhost:51057 : 1
19:57:19.415 [AsyncHttpClient-1-1] DEBUG org.asynchttpclient.netty.channel.DefaultChannelPool - Entry count for : http://localhost:61087 : 1
19:57:19.415 [AsyncHttpClient-1-1] DEBUG org.asynchttpclient.netty.channel.DefaultChannelPool - Entry count for : http://localhost:51057 : 1
19:57:20.510 [AsyncHttpClient-1-1] DEBUG org.asynchttpclient.netty.channel.DefaultChannelPool - Entry count for : http://localhost:61087 : 1
19:57:20.510 [AsyncHttpClient-1-1] DEBUG org.asynchttpclient.netty.channel.DefaultChannelPool - Entry count for : http://localhost:51057 : 1
19:57:21.616 [AsyncHttpClient-1-1] DEBUG org.asynchttpclient.netty.channel.DefaultChannelPool - Entry count for : http://localhost:61087 : 1
19:57:21.616 [AsyncHttpClient-1-1] DEBUG org.asynchttpclient.netty.channel.DefaultChannelPool - Entry count for : http://localhost:51057 : 1
19:57:22.174 [Forwarding screenshot on session e32baf8e3be6566a7be6559f4eaecc39 to remote] DEBUG org.asynchttpclient.netty.request.NettyRequestSender - Using pooled Channel '[id: 0xcc82b84a, L:/127.0.0.1:51056 - R:localhost/127.0.0.1:61087]' for 'GET' to 'http://localhost:61087/session/e32baf8e3be6566a7be6559f4eaecc39/screenshot'
19:57:22.176 [Forwarding screenshot on session e32baf8e3be6566a7be6559f4eaecc39 to remote] DEBUG org.asynchttpclient.netty.request.NettyRequestSender - Using open Channel [id: 0xcc82b84a, L:/127.0.0.1:51056 - R:localhost/127.0.0.1:61087] for GET '/session/e32baf8e3be6566a7be6559f4eaecc39/screenshot'
19:57:22.345 [AsyncHttpClient-1-2] DEBUG org.asynchttpclient.netty.handler.HttpHandler - 

Request DefaultFullHttpRequest(decodeResult: success, version: HTTP/1.1, content: EmptyByteBufBE)
GET /session/e32baf8e3be6566a7be6559f4eaecc39/screenshot HTTP/1.1
User-Agent: selenium/4.1.4 (java windows)
Cache-Control: no-cache
Content-Type: application/json; charset=utf-8
host: localhost:61087
accept: */*

Response DefaultHttpResponse(decodeResult: success, version: HTTP/1.1)
HTTP/1.1 200 OK
Content-Type: application/json; charset=utf-8
cache-control: no-cache
content-length: 78916

19:57:22.346 [AsyncHttpClient-1-2] DEBUG org.asynchttpclient.netty.channel.ChannelManager - Adding key: http://localhost:61087 for channel [id: 0xcc82b84a, L:/127.0.0.1:51056 - R:localhost/127.0.0.1:61087]
19:57:22.349 [main] DEBUG net.serenitybdd.core.photography.Darkroom - Send negative for processing for target\site\serenity\6ddfb86c3e40e80f5cf75f5473ea4a13b4be8ddc07b6bfa170e30cd2276a987b.png
19:57:22.354 [Darkroom Processing Line] DEBUG net.serenitybdd.core.photography.DarkroomProcessingLine - Processing screenshot image in /var/screenshots/screenshot-10387863483302642260
19:57:22.354 [Darkroom Processing Line] DEBUG net.serenitybdd.core.photography.DarkroomProcessingLine - Saving screenshot to target\site\serenity\6ddfb86c3e40e80f5cf75f5473ea4a13b4be8ddc07b6bfa170e30cd2276a987b.png
19:57:22.355 [main] DEBUG net.thucydides.core.steps.StepInterceptor - STARTING STEP: KelolaJadwalSteps.clickButtonManageSchedule - clickButtonKelolaJadwal
19:57:22.363 [Forwarding findElement on session e32baf8e3be6566a7be6559f4eaecc39 to remote] DEBUG org.asynchttpclient.netty.request.NettyRequestSender - Using pooled Channel '[id: 0xcc82b84a, L:/127.0.0.1:51056 - R:localhost/127.0.0.1:61087]' for 'POST' to 'http://localhost:61087/session/e32baf8e3be6566a7be6559f4eaecc39/element'
19:57:22.363 [Forwarding findElement on session e32baf8e3be6566a7be6559f4eaecc39 to remote] DEBUG org.asynchttpclient.netty.request.NettyRequestSender - Using open Channel [id: 0xcc82b84a, L:/127.0.0.1:51056 - R:localhost/127.0.0.1:61087] for POST '/session/e32baf8e3be6566a7be6559f4eaecc39/element'
19:57:22.379 [AsyncHttpClient-1-2] DEBUG org.asynchttpclient.netty.handler.HttpHandler - 

Request DefaultHttpRequest(decodeResult: success, version: HTTP/1.1)
POST /session/e32baf8e3be6566a7be6559f4eaecc39/element HTTP/1.1
User-Agent: selenium/4.1.4 (java windows)
Content-Length: 114
Content-Type: application/json; charset=utf-8
host: localhost:61087
accept: */*

Response DefaultHttpResponse(decodeResult: success, version: HTTP/1.1)
HTTP/1.1 200 OK
Content-Type: application/json; charset=utf-8
cache-control: no-cache
content-length: 88

19:57:22.379 [AsyncHttpClient-1-2] DEBUG org.asynchttpclient.netty.channel.ChannelManager - Adding key: http://localhost:61087 for channel [id: 0xcc82b84a, L:/127.0.0.1:51056 - R:localhost/127.0.0.1:61087]
19:57:22.382 [Forwarding getElementTagName on session e32baf8e3be6566a7be6559f4eaecc39 to remote] DEBUG org.asynchttpclient.netty.request.NettyRequestSender - Using pooled Channel '[id: 0xcc82b84a, L:/127.0.0.1:51056 - R:localhost/127.0.0.1:61087]' for 'GET' to 'http://localhost:61087/session/e32baf8e3be6566a7be6559f4eaecc39/element/65014744-a348-453a-a8f4-e0bcb6534520/name'
19:57:22.383 [Forwarding getElementTagName on session e32baf8e3be6566a7be6559f4eaecc39 to remote] DEBUG org.asynchttpclient.netty.request.NettyRequestSender - Using open Channel [id: 0xcc82b84a, L:/127.0.0.1:51056 - R:localhost/127.0.0.1:61087] for GET '/session/e32baf8e3be6566a7be6559f4eaecc39/element/65014744-a348-453a-a8f4-e0bcb6534520/name'
19:57:22.386 [AsyncHttpClient-1-2] DEBUG org.asynchttpclient.netty.handler.HttpHandler - 

Request DefaultFullHttpRequest(decodeResult: success, version: HTTP/1.1, content: EmptyByteBufBE)
GET /session/e32baf8e3be6566a7be6559f4eaecc39/element/65014744-a348-453a-a8f4-e0bcb6534520/name HTTP/1.1
User-Agent: selenium/4.1.4 (java windows)
Cache-Control: no-cache
Content-Type: application/json; charset=utf-8
host: localhost:61087
accept: */*

Response DefaultHttpResponse(decodeResult: success, version: HTTP/1.1)
HTTP/1.1 200 OK
Content-Type: application/json; charset=utf-8
cache-control: no-cache
content-length: 13

19:57:22.387 [AsyncHttpClient-1-2] DEBUG org.asynchttpclient.netty.channel.ChannelManager - Adding key: http://localhost:61087 for channel [id: 0xcc82b84a, L:/127.0.0.1:51056 - R:localhost/127.0.0.1:61087]
19:57:22.389 [Forwarding getElementTagName on session e32baf8e3be6566a7be6559f4eaecc39 to remote] DEBUG org.asynchttpclient.netty.request.NettyRequestSender - Using pooled Channel '[id: 0xcc82b84a, L:/127.0.0.1:51056 - R:localhost/127.0.0.1:61087]' for 'GET' to 'http://localhost:61087/session/e32baf8e3be6566a7be6559f4eaecc39/element/65014744-a348-453a-a8f4-e0bcb6534520/name'
19:57:22.389 [Forwarding getElementTagName on session e32baf8e3be6566a7be6559f4eaecc39 to remote] DEBUG org.asynchttpclient.netty.request.NettyRequestSender - Using open Channel [id: 0xcc82b84a, L:/127.0.0.1:51056 - R:localhost/127.0.0.1:61087] for GET '/session/e32baf8e3be6566a7be6559f4eaecc39/element/65014744-a348-453a-a8f4-e0bcb6534520/name'
19:57:22.394 [AsyncHttpClient-1-2] DEBUG org.asynchttpclient.netty.handler.HttpHandler - 

Request DefaultFullHttpRequest(decodeResult: success, version: HTTP/1.1, content: EmptyByteBufBE)
GET /session/e32baf8e3be6566a7be6559f4eaecc39/element/65014744-a348-453a-a8f4-e0bcb6534520/name HTTP/1.1
User-Agent: selenium/4.1.4 (java windows)
Cache-Control: no-cache
Content-Type: application/json; charset=utf-8
host: localhost:61087
accept: */*

Response DefaultHttpResponse(decodeResult: success, version: HTTP/1.1)
HTTP/1.1 200 OK
Content-Type: application/json; charset=utf-8
cache-control: no-cache
content-length: 13

19:57:22.394 [AsyncHttpClient-1-2] DEBUG org.asynchttpclient.netty.channel.ChannelManager - Adding key: http://localhost:61087 for channel [id: 0xcc82b84a, L:/127.0.0.1:51056 - R:localhost/127.0.0.1:61087]
19:57:22.398 [Forwarding findElement on session e32baf8e3be6566a7be6559f4eaecc39 to remote] DEBUG org.asynchttpclient.netty.request.NettyRequestSender - Using pooled Channel '[id: 0xcc82b84a, L:/127.0.0.1:51056 - R:localhost/127.0.0.1:61087]' for 'POST' to 'http://localhost:61087/session/e32baf8e3be6566a7be6559f4eaecc39/element'
19:57:22.398 [Forwarding findElement on session e32baf8e3be6566a7be6559f4eaecc39 to remote] DEBUG org.asynchttpclient.netty.request.NettyRequestSender - Using open Channel [id: 0xcc82b84a, L:/127.0.0.1:51056 - R:localhost/127.0.0.1:61087] for POST '/session/e32baf8e3be6566a7be6559f4eaecc39/element'
19:57:22.409 [AsyncHttpClient-1-2] DEBUG org.asynchttpclient.netty.handler.HttpHandler - 

Request DefaultHttpRequest(decodeResult: success, version: HTTP/1.1)
POST /session/e32baf8e3be6566a7be6559f4eaecc39/element HTTP/1.1
User-Agent: selenium/4.1.4 (java windows)
Content-Length: 114
Content-Type: application/json; charset=utf-8
host: localhost:61087
accept: */*

Response DefaultHttpResponse(decodeResult: success, version: HTTP/1.1)
HTTP/1.1 200 OK
Content-Type: application/json; charset=utf-8
cache-control: no-cache
content-length: 88

19:57:22.409 [AsyncHttpClient-1-2] DEBUG org.asynchttpclient.netty.channel.ChannelManager - Adding key: http://localhost:61087 for channel [id: 0xcc82b84a, L:/127.0.0.1:51056 - R:localhost/127.0.0.1:61087]
19:57:22.409 [Forwarding clickElement on session e32baf8e3be6566a7be6559f4eaecc39 to remote] DEBUG org.asynchttpclient.netty.request.NettyRequestSender - Using pooled Channel '[id: 0xcc82b84a, L:/127.0.0.1:51056 - R:localhost/127.0.0.1:61087]' for 'POST' to 'http://localhost:61087/session/e32baf8e3be6566a7be6559f4eaecc39/element/65014744-a348-453a-a8f4-e0bcb6534520/click'
19:57:22.409 [Forwarding clickElement on session e32baf8e3be6566a7be6559f4eaecc39 to remote] DEBUG org.asynchttpclient.netty.request.NettyRequestSender - Using open Channel [id: 0xcc82b84a, L:/127.0.0.1:51056 - R:localhost/127.0.0.1:61087] for POST '/session/e32baf8e3be6566a7be6559f4eaecc39/element/65014744-a348-453a-a8f4-e0bcb6534520/click'
19:57:22.500 [AsyncHttpClient-1-2] DEBUG org.asynchttpclient.netty.handler.HttpHandler - 

Request DefaultHttpRequest(decodeResult: success, version: HTTP/1.1)
POST /session/e32baf8e3be6566a7be6559f4eaecc39/element/65014744-a348-453a-a8f4-e0bcb6534520/click HTTP/1.1
User-Agent: selenium/4.1.4 (java windows)
Content-Length: 50
Content-Type: application/json; charset=utf-8
host: localhost:61087
accept: */*

Response DefaultHttpResponse(decodeResult: success, version: HTTP/1.1)
HTTP/1.1 200 OK
Content-Type: application/json; charset=utf-8
cache-control: no-cache
content-length: 14

19:57:22.501 [AsyncHttpClient-1-2] DEBUG org.asynchttpclient.netty.channel.ChannelManager - Adding key: http://localhost:61087 for channel [id: 0xcc82b84a, L:/127.0.0.1:51056 - R:localhost/127.0.0.1:61087]
19:57:22.526 [Forwarding screenshot on session e32baf8e3be6566a7be6559f4eaecc39 to remote] DEBUG org.asynchttpclient.netty.request.NettyRequestSender - Using pooled Channel '[id: 0xcc82b84a, L:/127.0.0.1:51056 - R:localhost/127.0.0.1:61087]' for 'GET' to 'http://localhost:61087/session/e32baf8e3be6566a7be6559f4eaecc39/screenshot'
19:57:22.526 [Forwarding screenshot on session e32baf8e3be6566a7be6559f4eaecc39 to remote] DEBUG org.asynchttpclient.netty.request.NettyRequestSender - Using open Channel [id: 0xcc82b84a, L:/127.0.0.1:51056 - R:localhost/127.0.0.1:61087] for GET '/session/e32baf8e3be6566a7be6559f4eaecc39/screenshot'
19:57:22.714 [AsyncHttpClient-1-1] DEBUG org.asynchttpclient.netty.channel.DefaultChannelPool - Entry count for : http://localhost:51057 : 1
19:57:22.804 [AsyncHttpClient-1-2] DEBUG org.asynchttpclient.netty.handler.HttpHandler - 

Request DefaultFullHttpRequest(decodeResult: success, version: HTTP/1.1, content: EmptyByteBufBE)
GET /session/e32baf8e3be6566a7be6559f4eaecc39/screenshot HTTP/1.1
User-Agent: selenium/4.1.4 (java windows)
Cache-Control: no-cache
Content-Type: application/json; charset=utf-8
host: localhost:61087
accept: */*

Response DefaultHttpResponse(decodeResult: success, version: HTTP/1.1)
HTTP/1.1 200 OK
Content-Type: application/json; charset=utf-8
cache-control: no-cache
content-length: 83520

19:57:22.809 [AsyncHttpClient-1-2] DEBUG org.asynchttpclient.netty.channel.ChannelManager - Adding key: http://localhost:61087 for channel [id: 0xcc82b84a, L:/127.0.0.1:51056 - R:localhost/127.0.0.1:61087]
19:57:22.822 [main] DEBUG net.serenitybdd.core.photography.Darkroom - Send negative for processing for target\site\serenity\7ed2c2167a1b086a95f7ee42a126392ce36c42764cf557af74bf93cc767179a2.png
19:57:22.823 [main] DEBUG net.thucydides.core.steps.StepInterceptor - STEP DONE: clickButtonKelolaJadwal
  &amp#27;[32mThen &amp#27;[0m&amp#27;[32mClick button manage schedule&amp#27;[0m                         &amp#27;[90m# starter.stepdefinitios.KelolaJadwalSteps.clickButtonManageSchedule()&amp#27;[0m
19:57:22.823 [Darkroom Processing Line] DEBUG net.serenitybdd.core.photography.DarkroomProcessingLine - Processing screenshot image in /var/screenshots/screenshot-8466788260241878422
19:57:22.823 [Darkroom Processing Line] DEBUG net.serenitybdd.core.photography.DarkroomProcessingLine - Saving screenshot to target\site\serenity\7ed2c2167a1b086a95f7ee42a126392ce36c42764cf557af74bf93cc767179a2.png
19:57:23.809 [AsyncHttpClient-1-1] DEBUG org.asynchttpclient.netty.channel.DefaultChannelPool - Entry count for : http://localhost:61087 : 1
19:57:23.809 [AsyncHttpClient-1-1] DEBUG org.asynchttpclient.netty.channel.DefaultChannelPool - Entry count for : http://localhost:51057 : 1
19:57:24.907 [AsyncHttpClient-1-1] DEBUG org.asynchttpclient.netty.channel.DefaultChannelPool - Entry count for : http://localhost:61087 : 1
19:57:24.908 [AsyncHttpClient-1-1] DEBUG org.asynchttpclient.netty.channel.DefaultChannelPool - Entry count for : http://localhost:51057 : 1
19:57:26.014 [AsyncHttpClient-1-1] DEBUG org.asynchttpclient.netty.channel.DefaultChannelPool - Entry count for : http://localhost:61087 : 1
19:57:26.014 [AsyncHttpClient-1-1] DEBUG org.asynchttpclient.netty.channel.DefaultChannelPool - Entry count for : http://localhost:51057 : 1
19:57:27.115 [AsyncHttpClient-1-1] DEBUG org.asynchttpclient.netty.channel.DefaultChannelPool - Entry count for : http://localhost:61087 : 1
19:57:27.115 [AsyncHttpClient-1-1] DEBUG org.asynchttpclient.netty.channel.DefaultChannelPool - Entry count for : http://localhost:51057 : 1
19:57:27.894 [Forwarding screenshot on session e32baf8e3be6566a7be6559f4eaecc39 to remote] DEBUG org.asynchttpclient.netty.request.NettyRequestSender - Using pooled Channel '[id: 0xcc82b84a, L:/127.0.0.1:51056 - R:localhost/127.0.0.1:61087]' for 'GET' to 'http://localhost:61087/session/e32baf8e3be6566a7be6559f4eaecc39/screenshot'
19:57:27.894 [Forwarding screenshot on session e32baf8e3be6566a7be6559f4eaecc39 to remote] DEBUG org.asynchttpclient.netty.request.NettyRequestSender - Using open Channel [id: 0xcc82b84a, L:/127.0.0.1:51056 - R:localhost/127.0.0.1:61087] for GET '/session/e32baf8e3be6566a7be6559f4eaecc39/screenshot'
19:57:28.069 [AsyncHttpClient-1-2] DEBUG org.asynchttpclient.netty.handler.HttpHandler - 

Request DefaultFullHttpRequest(decodeResult: success, version: HTTP/1.1, content: EmptyByteBufBE)
GET /session/e32baf8e3be6566a7be6559f4eaecc39/screenshot HTTP/1.1
User-Agent: selenium/4.1.4 (java windows)
Cache-Control: no-cache
Content-Type: application/json; charset=utf-8
host: localhost:61087
accept: */*

Response DefaultHttpResponse(decodeResult: success, version: HTTP/1.1)
HTTP/1.1 200 OK
Content-Type: application/json; charset=utf-8
cache-control: no-cache
content-length: 93240

19:57:28.070 [AsyncHttpClient-1-2] DEBUG org.asynchttpclient.netty.channel.ChannelManager - Adding key: http://localhost:61087 for channel [id: 0xcc82b84a, L:/127.0.0.1:51056 - R:localhost/127.0.0.1:61087]
19:57:28.076 [main] DEBUG net.serenitybdd.core.photography.Darkroom - Send negative for processing for target\site\serenity\08c41087c38b50b251d8753d459577fc28c49853c9547ac7a7c7c041fd8b1428.png
19:57:28.077 [Darkroom Processing Line] DEBUG net.serenitybdd.core.photography.DarkroomProcessingLine - Processing screenshot image in /var/screenshots/screenshot-4486733106631543477
19:57:28.077 [Darkroom Processing Line] DEBUG net.serenitybdd.core.photography.DarkroomProcessingLine - Saving screenshot to target\site\serenity\08c41087c38b50b251d8753d459577fc28c49853c9547ac7a7c7c041fd8b1428.png
19:57:28.077 [main] DEBUG net.thucydides.core.steps.StepInterceptor - STARTING STEP: KelolaJadwalSteps.viewManageSchedule - validPagePasien
19:57:28.080 [Forwarding findElement on session e32baf8e3be6566a7be6559f4eaecc39 to remote] DEBUG org.asynchttpclient.netty.request.NettyRequestSender - Using pooled Channel '[id: 0xcc82b84a, L:/127.0.0.1:51056 - R:localhost/127.0.0.1:61087]' for 'POST' to 'http://localhost:61087/session/e32baf8e3be6566a7be6559f4eaecc39/element'
19:57:28.080 [Forwarding findElement on session e32baf8e3be6566a7be6559f4eaecc39 to remote] DEBUG org.asynchttpclient.netty.request.NettyRequestSender - Using open Channel [id: 0xcc82b84a, L:/127.0.0.1:51056 - R:localhost/127.0.0.1:61087] for POST '/session/e32baf8e3be6566a7be6559f4eaecc39/element'
19:57:28.099 [AsyncHttpClient-1-2] DEBUG org.asynchttpclient.netty.handler.HttpHandler - 

Request DefaultHttpRequest(decodeResult: success, version: HTTP/1.1)
POST /session/e32baf8e3be6566a7be6559f4eaecc39/element HTTP/1.1
User-Agent: selenium/4.1.4 (java windows)
Content-Length: 126
Content-Type: application/json; charset=utf-8
host: localhost:61087
accept: */*

Response DefaultHttpResponse(decodeResult: success, version: HTTP/1.1)
HTTP/1.1 200 OK
Content-Type: application/json; charset=utf-8
cache-control: no-cache
content-length: 88

19:57:28.100 [AsyncHttpClient-1-2] DEBUG org.asynchttpclient.netty.channel.ChannelManager - Adding key: http://localhost:61087 for channel [id: 0xcc82b84a, L:/127.0.0.1:51056 - R:localhost/127.0.0.1:61087]
19:57:28.102 [Forwarding isElementEnabled on session e32baf8e3be6566a7be6559f4eaecc39 to remote] DEBUG org.asynchttpclient.netty.request.NettyRequestSender - Using pooled Channel '[id: 0xcc82b84a, L:/127.0.0.1:51056 - R:localhost/127.0.0.1:61087]' for 'GET' to 'http://localhost:61087/session/e32baf8e3be6566a7be6559f4eaecc39/element/1b4e99e5-53d5-4d53-be59-f65f06830137/enabled'
19:57:28.102 [Forwarding isElementEnabled on session e32baf8e3be6566a7be6559f4eaecc39 to remote] DEBUG org.asynchttpclient.netty.request.NettyRequestSender - Using open Channel [id: 0xcc82b84a, L:/127.0.0.1:51056 - R:localhost/127.0.0.1:61087] for GET '/session/e32baf8e3be6566a7be6559f4eaecc39/element/1b4e99e5-53d5-4d53-be59-f65f06830137/enabled'
19:57:28.118 [AsyncHttpClient-1-2] DEBUG org.asynchttpclient.netty.handler.HttpHandler - 

Request DefaultFullHttpRequest(decodeResult: success, version: HTTP/1.1, content: EmptyByteBufBE)
GET /session/e32baf8e3be6566a7be6559f4eaecc39/element/1b4e99e5-53d5-4d53-be59-f65f06830137/enabled HTTP/1.1
User-Agent: selenium/4.1.4 (java windows)
Cache-Control: no-cache
Content-Type: application/json; charset=utf-8
host: localhost:61087
accept: */*

Response DefaultHttpResponse(decodeResult: success, version: HTTP/1.1)
HTTP/1.1 200 OK
Content-Type: application/json; charset=utf-8
cache-control: no-cache
content-length: 14

19:57:28.118 [AsyncHttpClient-1-2] DEBUG org.asynchttpclient.netty.channel.ChannelManager - Adding key: http://localhost:61087 for channel [id: 0xcc82b84a, L:/127.0.0.1:51056 - R:localhost/127.0.0.1:61087]
19:57:28.124 [main] DEBUG net.thucydides.core.steps.StepInterceptor - STEP DONE: validPagePasien
  &amp#27;[32mAnd &amp#27;[0m&amp#27;[32mView manage schedule&amp#27;[0m                                  &amp#27;[90m# starter.stepdefinitios.KelolaJadwalSteps.viewManageSchedule()&amp#27;[0m
19:57:28.138 [Forwarding screenshot on session e32baf8e3be6566a7be6559f4eaecc39 to remote] DEBUG org.asynchttpclient.netty.request.NettyRequestSender - Using pooled Channel '[id: 0xcc82b84a, L:/127.0.0.1:51056 - R:localhost/127.0.0.1:61087]' for 'GET' to 'http://localhost:61087/session/e32baf8e3be6566a7be6559f4eaecc39/screenshot'
19:57:28.138 [Forwarding screenshot on session e32baf8e3be6566a7be6559f4eaecc39 to remote] DEBUG org.asynchttpclient.netty.request.NettyRequestSender - Using open Channel [id: 0xcc82b84a, L:/127.0.0.1:51056 - R:localhost/127.0.0.1:61087] for GET '/session/e32baf8e3be6566a7be6559f4eaecc39/screenshot'
19:57:28.215 [AsyncHttpClient-1-1] DEBUG org.asynchttpclient.netty.channel.DefaultChannelPool - Entry count for : http://localhost:51057 : 1
19:57:28.336 [AsyncHttpClient-1-2] DEBUG org.asynchttpclient.netty.handler.HttpHandler - 

Request DefaultFullHttpRequest(decodeResult: success, version: HTTP/1.1, content: EmptyByteBufBE)
GET /session/e32baf8e3be6566a7be6559f4eaecc39/screenshot HTTP/1.1
User-Agent: selenium/4.1.4 (java windows)
Cache-Control: no-cache
Content-Type: application/json; charset=utf-8
host: localhost:61087
accept: */*

Response DefaultHttpResponse(decodeResult: success, version: HTTP/1.1)
HTTP/1.1 200 OK
Content-Type: application/json; charset=utf-8
cache-control: no-cache
content-length: 93240

19:57:28.338 [AsyncHttpClient-1-2] DEBUG org.asynchttpclient.netty.channel.ChannelManager - Adding key: http://localhost:61087 for channel [id: 0xcc82b84a, L:/127.0.0.1:51056 - R:localhost/127.0.0.1:61087]
19:57:28.344 [main] DEBUG net.serenitybdd.core.photography.Darkroom - Send negative for processing for target\site\serenity\08c41087c38b50b251d8753d459577fc28c49853c9547ac7a7c7c041fd8b1428.png
19:57:28.615 [Driver Command Executor] DEBUG org.asynchttpclient.netty.request.NettyRequestSender - Using pooled Channel '[id: 0xcc82b84a, L:/127.0.0.1:51056 - R:localhost/127.0.0.1:61087]' for 'DELETE' to 'http://localhost:61087/session/e32baf8e3be6566a7be6559f4eaecc39'
19:57:28.616 [Driver Command Executor] DEBUG org.asynchttpclient.netty.request.NettyRequestSender - Using open Channel [id: 0xcc82b84a, L:/127.0.0.1:51056 - R:localhost/127.0.0.1:61087] for DELETE '/session/e32baf8e3be6566a7be6559f4eaecc39'
19:57:28.623 [AsyncHttpClient-1-4] DEBUG org.asynchttpclient.netty.handler.WebSocketHandler - Channel Closed: [id: 0x8b70f759, L:/127.0.0.1:51064 ! R:localhost/127.0.0.1:51057] with attribute NettyResponseFuture{currentRetry=5,
	isDone=1,
	isCancelled=0,
	asyncHandler=org.asynchttpclient.ws.WebSocketUpgradeHandler@320dd3a4,
	nettyRequest=org.asynchttpclient.netty.request.NettyRequest@4bae63cc,
	future=java.util.concurrent.CompletableFuture@164d8ec5[Completed normally],
	uri=ws://localhost:51057/devtools/browser/16262052-dca4-44fd-8478-eff86d29ca9a,
	keepAlive=true,
	redirectCount=0,
	timeoutsHolder=null,
	inAuth=0,
	touch=1658062623478}
19:57:28.632 [AsyncHttpClient-1-4] DEBUG org.asynchttpclient.netty.channel.ChannelManager - Closing Channel [id: 0x8b70f759, L:/127.0.0.1:51064 ! R:localhost/127.0.0.1:51057] 
19:57:28.687 [AsyncHttpClient-1-3] DEBUG org.asynchttpclient.netty.handler.HttpHandler - Unexpected I/O exception on channel [id: 0x714fa2a9, L:/127.0.0.1:51063 - R:localhost/127.0.0.1:51057]
java.io.IOException: An existing connection was forcibly closed by the remote host
	at java.base/sun.nio.ch.SocketDispatcher.read0(Native Method)
	at java.base/sun.nio.ch.SocketDispatcher.read(SocketDispatcher.java:43)
	at java.base/sun.nio.ch.IOUtil.readIntoNativeBuffer(IOUtil.java:276)
	at java.base/sun.nio.ch.IOUtil.read(IOUtil.java:233)
	at java.base/sun.nio.ch.IOUtil.read(IOUtil.java:223)
	at java.base/sun.nio.ch.SocketChannelImpl.read(SocketChannelImpl.java:356)
	at io.netty.buffer.PooledByteBuf.setBytes(PooledByteBuf.java:258)
	at io.netty.buffer.AbstractByteBuf.writeBytes(AbstractByteBuf.java:1132)
	at io.netty.channel.socket.nio.NioSocketChannel.doReadBytes(NioSocketChannel.java:357)
	at io.netty.channel.nio.AbstractNioByteChannel$NioByteUnsafe.read(AbstractNioByteChannel.java:151)
	at io.netty.channel.nio.NioEventLoop.processSelectedKey(NioEventLoop.java:722)
	at io.netty.channel.nio.NioEventLoop.processSelectedKeysOptimized(NioEventLoop.java:658)
	at io.netty.channel.nio.NioEventLoop.processSelectedKeys(NioEventLoop.java:584)
	at io.netty.channel.nio.NioEventLoop.run(NioEventLoop.java:496)
	at io.netty.util.concurrent.SingleThreadEventExecutor$4.run(SingleThreadEventExecutor.java:986)
	at io.netty.util.internal.ThreadExecutorMap$2.run(ThreadExecutorMap.java:74)
	at io.netty.util.concurrent.FastThreadLocalRunnable.run(FastThreadLocalRunnable.java:30)
	at java.base/java.lang.Thread.run(Thread.java:829)
19:57:28.687 [AsyncHttpClient-1-3] DEBUG org.asynchttpclient.netty.channel.ChannelManager - Closing Channel [id: 0x714fa2a9, L:/127.0.0.1:51063 - R:localhost/127.0.0.1:51057] 
19:57:28.690 [AsyncHttpClient-1-3] DEBUG org.asynchttpclient.netty.handler.HttpHandler - Channel Closed: [id: 0x714fa2a9, L:/127.0.0.1:51063 ! R:localhost/127.0.0.1:51057] with attribute DISCARD
19:57:28.768 [AsyncHttpClient-1-2] DEBUG org.asynchttpclient.netty.handler.HttpHandler - 

Request DefaultFullHttpRequest(decodeResult: success, version: HTTP/1.1, content: EmptyByteBufBE)
DELETE /session/e32baf8e3be6566a7be6559f4eaecc39 HTTP/1.1
User-Agent: selenium/4.1.4 (java windows)
Content-Type: application/json; charset=utf-8
host: localhost:61087
accept: */*

Response DefaultHttpResponse(decodeResult: success, version: HTTP/1.1)
HTTP/1.1 200 OK
Content-Type: application/json; charset=utf-8
cache-control: no-cache
content-length: 14

19:57:28.768 [AsyncHttpClient-1-2] DEBUG org.asynchttpclient.netty.channel.ChannelManager - Adding key: http://localhost:61087 for channel [id: 0xcc82b84a, L:/127.0.0.1:51056 - R:localhost/127.0.0.1:61087]
19:57:28.894 [AsyncHttpClient-1-2] DEBUG org.asynchttpclient.netty.handler.HttpHandler - Channel Closed: [id: 0xcc82b84a, L:/127.0.0.1:51056 ! R:localhost/127.0.0.1:61087] with attribute DISCARD
19:57:28.914 [main] INFO  - 
  _____   ___   ___   _____     ___     _     ___   ___   ___   ___  
 |_   _| | __| / __| |_   _|   | _ \   /_\   / __| / __| | __| |   \ 
   | |   | _|  \__ \   | |     |  _/  / _ \  \__ \ \__ \ | _|  | |) |
   |_|   |___| |___/   |_|     |_|   /_/ \_\ |___/ |___/ |___| |___/ 

As a admin i want to View Manage Schedule
----------------------------------------------------------------------
]]></system-out>
    <system-err><![CDATA[Starting ChromeDriver 103.0.5060.53 (a1711811edd74ff1cf2150f36ffa3b0dae40b17f-refs/branch-heads/5060@{#853}) on port 61087
Only local connections are allowed.
Please see https://chromedriver.chromium.org/security-considerations for suggestions on keeping ChromeDriver safe.
ChromeDriver was started successfully.
Jul 17, 2022 7:57:03 PM org.openqa.selenium.remote.ProtocolHandshake createSession
INFO: Detected dialect: W3C
Jul 17, 2022 7:57:03 PM org.openqa.selenium.devtools.CdpVersionFinder findNearestMatch
WARNING: Unable to find an exact match for CDP version 103, so returning the closest version found: 101
Jul 17, 2022 7:57:03 PM org.openqa.selenium.devtools.CdpVersionFinder findNearestMatch
INFO: Found CDP implementation for version 103 of 101
]]></system-err>
  </testcase>
  <testcase name="As a admin i want to search archive #1" classname="Kelola jadwal - admin" time="32.712">
    <system-out><![CDATA[
@KelolaJadwal111 @SearchKelolaJadwal
Scenario Outline: As a admin i want to search archive &amp#27;[90m# src/test/resources/features/5KelolaJadwal.feature:31&amp#27;[0m
19:57:28.944 [main] INFO io.cucumber.core.plugin.SerenityReporter - Running feature from file:///C:/Alterra/CapstoneBaru/QE/TestingWebUpdate/src/test/resources/features/5KelolaJadwal.feature
19:57:28.961 [main] INFO  - 
  _____   ___   ___   _____     ___   _____     _     ___   _____   ___   ___  
 |_   _| | __| / __| |_   _|   / __| |_   _|   /_\   | _ \ |_   _| | __| |   \ 
   | |   | _|  \__ \   | |     \__ \   | |    / _ \  |   /   | |   | _|  | |) |
   |_|   |___| |___/   |_|     |___/   |_|   /_/ \_\ |_|_\   |_|   |___| |___/ 

As a admin i want to search archive(kelola-jadwal---admin;as-a-admin-i-want-to-search-archive)
--------------------------------------------------------------------------------
19:57:29.045 [main] DEBUG net.thucydides.core.steps.StepInterceptor - STARTING STEP: LoginSteps.openLoginPage - openLogin
19:57:29.048 [main] INFO net.serenitybdd.core.webdriver.driverproviders.ChromeDriverProvider - Using automatically driver download
19:57:29.375 [AsyncHttpClient-1-1] DEBUG org.asynchttpclient.netty.channel.DefaultChannelPool - Entry count for : http://localhost:61087 : 1
19:57:29.375 [AsyncHttpClient-1-1] DEBUG org.asynchttpclient.netty.channel.DefaultChannelPool - Entry count for : http://localhost:51057 : 1
19:57:29.375 [AsyncHttpClient-1-1] DEBUG org.asynchttpclient.netty.channel.DefaultChannelPool - Adding Candidate expired Channel [id: 0xcc82b84a, L:/127.0.0.1:51056 ! R:localhost/127.0.0.1:61087] isIdleTimeoutExpired=false isRemotelyClosed=true isTtlExpired=false
19:57:29.375 [AsyncHttpClient-1-1] DEBUG org.asynchttpclient.netty.channel.DefaultChannelPool - Closing Idle Channel [id: 0xcc82b84a, L:/127.0.0.1:51056 ! R:localhost/127.0.0.1:61087]
19:57:29.375 [AsyncHttpClient-1-1] DEBUG org.asynchttpclient.netty.channel.DefaultChannelPool - Adding Candidate expired Channel [id: 0x714fa2a9, L:/127.0.0.1:51063 ! R:localhost/127.0.0.1:51057] isIdleTimeoutExpired=false isRemotelyClosed=true isTtlExpired=false
19:57:29.375 [AsyncHttpClient-1-1] DEBUG org.asynchttpclient.netty.channel.DefaultChannelPool - Closing Idle Channel [id: 0x714fa2a9, L:/127.0.0.1:51063 ! R:localhost/127.0.0.1:51057]
19:57:29.375 [AsyncHttpClient-1-1] DEBUG org.asynchttpclient.netty.channel.DefaultChannelPool - Closed 2 connections out of 2 in 0 ms
19:57:29.606 [main] DEBUG io.github.bonigarcia.wdm.cache.ResolutionCache - Resolution chrome=103 in cache (valid until 20:05:23 17/07/2022 ICT)
19:57:29.620 [main] DEBUG io.github.bonigarcia.wdm.cache.ResolutionCache - Resolution chrome103=103.0.5060.53 in cache (valid until 17:54:33 18/07/2022 ICT)
19:57:29.626 [main] INFO io.github.bonigarcia.wdm.WebDriverManager - Using chromedriver 103.0.5060.53 (resolved driver for Chrome 103)
19:57:29.645 [main] DEBUG io.github.bonigarcia.wdm.WebDriverManager - Driver chromedriver 103.0.5060.53 found in cache
19:57:29.645 [main] INFO io.github.bonigarcia.wdm.WebDriverManager - Exporting webdriver.chrome.driver as C:\Users\Bagas Dwi Saputra\.cache\selenium\chromedriver\win32\103.0.5060.53\chromedriver.exe
19:57:29.957 [main] DEBUG net.serenitybdd.core.webdriver.driverproviders.ProvideNewDriver - Instantiating driver
19:57:29.957 [main] DEBUG net.serenitybdd.core.webdriver.driverproviders.ProvideNewDriver - Driver capabilities: Capabilities {acceptInsecureCerts: false, base.url: https://fanciful-trifle-360..., browserName: chrome, chorme.driver: src/test/resources/webdrive..., driver: chrome, goog:chromeOptions: {args: [], extensions: []}}
19:57:30.197 [AsyncHttpClient-1-5] DEBUG org.asynchttpclient.netty.channel.NettyConnectListener - Using new Channel '[id: 0x623c6654, L:/127.0.0.1:51083 - R:localhost/127.0.0.1:55097]' for 'POST' to '/session'
19:57:31.235 [AsyncHttpClient-1-5] DEBUG org.asynchttpclient.netty.handler.HttpHandler - 

Request DefaultHttpRequest(decodeResult: success, version: HTTP/1.1)
POST /session HTTP/1.1
User-Agent: selenium/4.1.4 (java windows)
Content-Length: 629
Content-Type: application/json; charset=utf-8
host: localhost:55097
accept: */*

Response DefaultHttpResponse(decodeResult: success, version: HTTP/1.1)
HTTP/1.1 200 OK
Content-Type: application/json; charset=utf-8
cache-control: no-cache
content-length: 793

19:57:31.236 [AsyncHttpClient-1-5] DEBUG org.asynchttpclient.netty.channel.ChannelManager - Adding key: http://localhost:55097 for channel [id: 0x623c6654, L:/127.0.0.1:51083 - R:localhost/127.0.0.1:55097]
19:57:31.269 [AsyncHttpClient-1-6] DEBUG org.asynchttpclient.netty.channel.NettyConnectListener - Using new Channel '[id: 0x705036be, L:/127.0.0.1:51090 - R:localhost/127.0.0.1:51084]' for 'GET' to '/json/version'
19:57:31.278 [AsyncHttpClient-1-6] DEBUG org.asynchttpclient.netty.handler.HttpHandler - 

Request DefaultFullHttpRequest(decodeResult: success, version: HTTP/1.1, content: EmptyByteBufBE)
GET /json/version HTTP/1.1
User-Agent: selenium/4.1.4 (java windows)
host: localhost:51084
accept: */*

Response DefaultHttpResponse(decodeResult: success, version: HTTP/1.1)
HTTP/1.1 200 OK
Content-Type: application/json; charset=UTF-8
content-length: 429

19:57:31.278 [AsyncHttpClient-1-6] DEBUG org.asynchttpclient.netty.channel.ChannelManager - Adding key: http://localhost:51084 for channel [id: 0x705036be, L:/127.0.0.1:51090 - R:localhost/127.0.0.1:51084]
19:57:31.298 [AsyncHttpClient-1-7] DEBUG org.asynchttpclient.netty.channel.NettyConnectListener - Using new Channel '[id: 0x7063dbba, L:/127.0.0.1:51091 - R:localhost/127.0.0.1:51084]' for 'GET' to '/devtools/browser/8dce5d37-1f71-4218-9499-8f47d40baac7'
19:57:31.308 [AsyncHttpClient-1-7] DEBUG org.asynchttpclient.netty.handler.WebSocketHandler - 

Request DefaultFullHttpRequest(decodeResult: success, version: HTTP/1.1, content: EmptyByteBufBE)
GET /devtools/browser/8dce5d37-1f71-4218-9499-8f47d40baac7 HTTP/1.1
upgrade: websocket
connection: upgrade
sec-websocket-key: AC/ESUiAQFofsBHbkHuumg==
sec-websocket-version: 13
origin: http://localhost:51084
host: localhost:51084
accept: */*
user-agent: AHC/2.1

Response DefaultHttpResponse(decodeResult: success, version: HTTP/1.1)
HTTP/1.1 101 WebSocket Protocol Handshake
Upgrade: WebSocket
Connection: Upgrade
Sec-WebSocket-Accept: eFtgRPY3CMUcrEtPWWKr01QywO8=

19:57:31.327 [Forwarding get on session afa2541bcf9685b38b7bdb6952637a5e to remote] DEBUG org.asynchttpclient.netty.request.NettyRequestSender - Using pooled Channel '[id: 0x623c6654, L:/127.0.0.1:51083 - R:localhost/127.0.0.1:55097]' for 'POST' to 'http://localhost:55097/session/afa2541bcf9685b38b7bdb6952637a5e/url'
19:57:31.327 [Forwarding get on session afa2541bcf9685b38b7bdb6952637a5e to remote] DEBUG org.asynchttpclient.netty.request.NettyRequestSender - Using open Channel [id: 0x623c6654, L:/127.0.0.1:51083 - R:localhost/127.0.0.1:55097] for POST '/session/afa2541bcf9685b38b7bdb6952637a5e/url'
19:57:31.509 [AsyncHttpClient-1-1] DEBUG org.asynchttpclient.netty.channel.DefaultChannelPool - Entry count for : http://localhost:51084 : 1
19:57:32.614 [AsyncHttpClient-1-1] DEBUG org.asynchttpclient.netty.channel.DefaultChannelPool - Entry count for : http://localhost:51084 : 1
19:57:33.231 [AsyncHttpClient-1-5] DEBUG org.asynchttpclient.netty.handler.HttpHandler - 

Request DefaultHttpRequest(decodeResult: success, version: HTTP/1.1)
POST /session/afa2541bcf9685b38b7bdb6952637a5e/url HTTP/1.1
User-Agent: selenium/4.1.4 (java windows)
Content-Length: 78
Content-Type: application/json; charset=utf-8
host: localhost:55097
accept: */*

Response DefaultHttpResponse(decodeResult: success, version: HTTP/1.1)
HTTP/1.1 200 OK
Content-Type: application/json; charset=utf-8
cache-control: no-cache
content-length: 14

19:57:33.231 [AsyncHttpClient-1-5] DEBUG org.asynchttpclient.netty.channel.ChannelManager - Adding key: http://localhost:55097 for channel [id: 0x623c6654, L:/127.0.0.1:51083 - R:localhost/127.0.0.1:55097]
19:57:33.233 [Forwarding setTimeout on session afa2541bcf9685b38b7bdb6952637a5e to remote] DEBUG org.asynchttpclient.netty.request.NettyRequestSender - Using pooled Channel '[id: 0x623c6654, L:/127.0.0.1:51083 - R:localhost/127.0.0.1:55097]' for 'POST' to 'http://localhost:55097/session/afa2541bcf9685b38b7bdb6952637a5e/timeouts'
19:57:33.233 [Forwarding setTimeout on session afa2541bcf9685b38b7bdb6952637a5e to remote] DEBUG org.asynchttpclient.netty.request.NettyRequestSender - Using open Channel [id: 0x623c6654, L:/127.0.0.1:51083 - R:localhost/127.0.0.1:55097] for POST '/session/afa2541bcf9685b38b7bdb6952637a5e/timeouts'
19:57:33.237 [AsyncHttpClient-1-5] DEBUG org.asynchttpclient.netty.handler.HttpHandler - 

Request DefaultHttpRequest(decodeResult: success, version: HTTP/1.1)
POST /session/afa2541bcf9685b38b7bdb6952637a5e/timeouts HTTP/1.1
User-Agent: selenium/4.1.4 (java windows)
Content-Length: 22
Content-Type: application/json; charset=utf-8
host: localhost:55097
accept: */*

Response DefaultHttpResponse(decodeResult: success, version: HTTP/1.1)
HTTP/1.1 200 OK
Content-Type: application/json; charset=utf-8
cache-control: no-cache
content-length: 14

19:57:33.237 [AsyncHttpClient-1-5] DEBUG org.asynchttpclient.netty.channel.ChannelManager - Adding key: http://localhost:55097 for channel [id: 0x623c6654, L:/127.0.0.1:51083 - R:localhost/127.0.0.1:55097]
19:57:33.239 [Forwarding getCurrentUrl on session afa2541bcf9685b38b7bdb6952637a5e to remote] DEBUG org.asynchttpclient.netty.request.NettyRequestSender - Using pooled Channel '[id: 0x623c6654, L:/127.0.0.1:51083 - R:localhost/127.0.0.1:55097]' for 'GET' to 'http://localhost:55097/session/afa2541bcf9685b38b7bdb6952637a5e/url'
19:57:33.239 [Forwarding getCurrentUrl on session afa2541bcf9685b38b7bdb6952637a5e to remote] DEBUG org.asynchttpclient.netty.request.NettyRequestSender - Using open Channel [id: 0x623c6654, L:/127.0.0.1:51083 - R:localhost/127.0.0.1:55097] for GET '/session/afa2541bcf9685b38b7bdb6952637a5e/url'
19:57:33.253 [AsyncHttpClient-1-5] DEBUG org.asynchttpclient.netty.handler.HttpHandler - 

Request DefaultFullHttpRequest(decodeResult: success, version: HTTP/1.1, content: EmptyByteBufBE)
GET /session/afa2541bcf9685b38b7bdb6952637a5e/url HTTP/1.1
User-Agent: selenium/4.1.4 (java windows)
Cache-Control: no-cache
Content-Type: application/json; charset=utf-8
host: localhost:55097
accept: */*

Response DefaultHttpResponse(decodeResult: success, version: HTTP/1.1)
HTTP/1.1 200 OK
Content-Type: application/json; charset=utf-8
cache-control: no-cache
content-length: 60

19:57:33.254 [AsyncHttpClient-1-5] DEBUG org.asynchttpclient.netty.channel.ChannelManager - Adding key: http://localhost:55097 for channel [id: 0x623c6654, L:/127.0.0.1:51083 - R:localhost/127.0.0.1:55097]
19:57:33.269 [Forwarding screenshot on session afa2541bcf9685b38b7bdb6952637a5e to remote] DEBUG org.asynchttpclient.netty.request.NettyRequestSender - Using pooled Channel '[id: 0x623c6654, L:/127.0.0.1:51083 - R:localhost/127.0.0.1:55097]' for 'GET' to 'http://localhost:55097/session/afa2541bcf9685b38b7bdb6952637a5e/screenshot'
19:57:33.270 [Forwarding screenshot on session afa2541bcf9685b38b7bdb6952637a5e to remote] DEBUG org.asynchttpclient.netty.request.NettyRequestSender - Using open Channel [id: 0x623c6654, L:/127.0.0.1:51083 - R:localhost/127.0.0.1:55097] for GET '/session/afa2541bcf9685b38b7bdb6952637a5e/screenshot'
19:57:33.534 [AsyncHttpClient-1-5] DEBUG org.asynchttpclient.netty.handler.HttpHandler - 

Request DefaultFullHttpRequest(decodeResult: success, version: HTTP/1.1, content: EmptyByteBufBE)
GET /session/afa2541bcf9685b38b7bdb6952637a5e/screenshot HTTP/1.1
User-Agent: selenium/4.1.4 (java windows)
Cache-Control: no-cache
Content-Type: application/json; charset=utf-8
host: localhost:55097
accept: */*

Response DefaultHttpResponse(decodeResult: success, version: HTTP/1.1)
HTTP/1.1 200 OK
Content-Type: application/json; charset=utf-8
cache-control: no-cache
content-length: 380436

19:57:33.552 [AsyncHttpClient-1-5] DEBUG org.asynchttpclient.netty.channel.ChannelManager - Adding key: http://localhost:55097 for channel [id: 0x623c6654, L:/127.0.0.1:51083 - R:localhost/127.0.0.1:55097]
19:57:33.569 [main] DEBUG net.serenitybdd.core.photography.Darkroom - Send negative for processing for target\site\serenity\d122c364c40ece9db0ad32cd97c3fcf63e95ba606118dda8d3e5a1d2b8235ce2.png
19:57:33.569 [main] DEBUG net.thucydides.core.steps.StepInterceptor - STEP DONE: openLogin
  &amp#27;[32mGiven &amp#27;[0m&amp#27;[32mOpen login page&amp#27;[0m                               &amp#27;[90m# starter.stepdefinitios.LoginSteps.openLoginPage()&amp#27;[0m
19:57:33.712 [AsyncHttpClient-1-1] DEBUG org.asynchttpclient.netty.channel.DefaultChannelPool - Entry count for : http://localhost:55097 : 1
19:57:33.712 [AsyncHttpClient-1-1] DEBUG org.asynchttpclient.netty.channel.DefaultChannelPool - Entry count for : http://localhost:51084 : 1
19:57:34.078 [Forwarding findElement on session afa2541bcf9685b38b7bdb6952637a5e to remote] DEBUG org.asynchttpclient.netty.request.NettyRequestSender - Using pooled Channel '[id: 0x623c6654, L:/127.0.0.1:51083 - R:localhost/127.0.0.1:55097]' for 'POST' to 'http://localhost:55097/session/afa2541bcf9685b38b7bdb6952637a5e/element'
19:57:34.078 [Forwarding findElement on session afa2541bcf9685b38b7bdb6952637a5e to remote] DEBUG org.asynchttpclient.netty.request.NettyRequestSender - Using open Channel [id: 0x623c6654, L:/127.0.0.1:51083 - R:localhost/127.0.0.1:55097] for POST '/session/afa2541bcf9685b38b7bdb6952637a5e/element'
19:57:34.121 [AsyncHttpClient-1-5] DEBUG org.asynchttpclient.netty.handler.HttpHandler - 

Request DefaultHttpRequest(decodeResult: success, version: HTTP/1.1)
POST /session/afa2541bcf9685b38b7bdb6952637a5e/element HTTP/1.1
User-Agent: selenium/4.1.4 (java windows)
Content-Length: 70
Content-Type: application/json; charset=utf-8
host: localhost:55097
accept: */*

Response DefaultHttpResponse(decodeResult: success, version: HTTP/1.1)
HTTP/1.1 200 OK
Content-Type: application/json; charset=utf-8
cache-control: no-cache
content-length: 88

19:57:34.121 [AsyncHttpClient-1-5] DEBUG org.asynchttpclient.netty.channel.ChannelManager - Adding key: http://localhost:55097 for channel [id: 0x623c6654, L:/127.0.0.1:51083 - R:localhost/127.0.0.1:55097]
19:57:34.122 [Forwarding sendKeysToElement on session afa2541bcf9685b38b7bdb6952637a5e to remote] DEBUG org.asynchttpclient.netty.request.NettyRequestSender - Using pooled Channel '[id: 0x623c6654, L:/127.0.0.1:51083 - R:localhost/127.0.0.1:55097]' for 'POST' to 'http://localhost:55097/session/afa2541bcf9685b38b7bdb6952637a5e/element/fb50379b-064e-4c7e-ab3c-c7a913f7a3b9/value'
19:57:34.122 [Forwarding sendKeysToElement on session afa2541bcf9685b38b7bdb6952637a5e to remote] DEBUG org.asynchttpclient.netty.request.NettyRequestSender - Using open Channel [id: 0x623c6654, L:/127.0.0.1:51083 - R:localhost/127.0.0.1:55097] for POST '/session/afa2541bcf9685b38b7bdb6952637a5e/element/fb50379b-064e-4c7e-ab3c-c7a913f7a3b9/value'
19:57:34.350 [AsyncHttpClient-1-5] DEBUG org.asynchttpclient.netty.handler.HttpHandler - 

Request DefaultHttpRequest(decodeResult: success, version: HTTP/1.1)
POST /session/afa2541bcf9685b38b7bdb6952637a5e/element/fb50379b-064e-4c7e-ab3c-c7a913f7a3b9/value HTTP/1.1
User-Agent: selenium/4.1.4 (java windows)
Content-Length: 131
Content-Type: application/json; charset=utf-8
host: localhost:55097
accept: */*

Response DefaultHttpResponse(decodeResult: success, version: HTTP/1.1)
HTTP/1.1 200 OK
Content-Type: application/json; charset=utf-8
cache-control: no-cache
content-length: 14

19:57:34.352 [AsyncHttpClient-1-5] DEBUG org.asynchttpclient.netty.channel.ChannelManager - Adding key: http://localhost:55097 for channel [id: 0x623c6654, L:/127.0.0.1:51083 - R:localhost/127.0.0.1:55097]
  &amp#27;[32mAnd &amp#27;[0m&amp#27;[32mI input &amp#27;[0m&amp#27;[32m&amp#27;[1m"admin"&amp#27;[0m&amp#27;[32m login email valid&amp#27;[0m               &amp#27;[90m# starter.stepdefinitios.LoginSteps.iInputLoginEmailValid(java.lang.String)&amp#27;[0m
19:57:34.364 [Forwarding screenshot on session afa2541bcf9685b38b7bdb6952637a5e to remote] DEBUG org.asynchttpclient.netty.request.NettyRequestSender - Using pooled Channel '[id: 0x623c6654, L:/127.0.0.1:51083 - R:localhost/127.0.0.1:55097]' for 'GET' to 'http://localhost:55097/session/afa2541bcf9685b38b7bdb6952637a5e/screenshot'
19:57:34.364 [Forwarding screenshot on session afa2541bcf9685b38b7bdb6952637a5e to remote] DEBUG org.asynchttpclient.netty.request.NettyRequestSender - Using open Channel [id: 0x623c6654, L:/127.0.0.1:51083 - R:localhost/127.0.0.1:55097] for GET '/session/afa2541bcf9685b38b7bdb6952637a5e/screenshot'
19:57:34.624 [AsyncHttpClient-1-5] DEBUG org.asynchttpclient.netty.handler.HttpHandler - 

Request DefaultFullHttpRequest(decodeResult: success, version: HTTP/1.1, content: EmptyByteBufBE)
GET /session/afa2541bcf9685b38b7bdb6952637a5e/screenshot HTTP/1.1
User-Agent: selenium/4.1.4 (java windows)
Cache-Control: no-cache
Content-Type: application/json; charset=utf-8
host: localhost:55097
accept: */*

Response DefaultHttpResponse(decodeResult: success, version: HTTP/1.1)
HTTP/1.1 200 OK
Content-Type: application/json; charset=utf-8
cache-control: no-cache
content-length: 379420

19:57:34.624 [AsyncHttpClient-1-5] DEBUG org.asynchttpclient.netty.channel.ChannelManager - Adding key: http://localhost:55097 for channel [id: 0x623c6654, L:/127.0.0.1:51083 - R:localhost/127.0.0.1:55097]
19:57:34.640 [main] DEBUG net.serenitybdd.core.photography.Darkroom - Send negative for processing for target\site\serenity\93df20195d3751dea78ac30a105f84d37c410e0341f58ded6fb231b5b47402e6.png
19:57:34.819 [AsyncHttpClient-1-1] DEBUG org.asynchttpclient.netty.channel.DefaultChannelPool - Entry count for : http://localhost:55097 : 1
19:57:34.819 [AsyncHttpClient-1-1] DEBUG org.asynchttpclient.netty.channel.DefaultChannelPool - Entry count for : http://localhost:51084 : 1
19:57:35.206 [Forwarding screenshot on session afa2541bcf9685b38b7bdb6952637a5e to remote] DEBUG org.asynchttpclient.netty.request.NettyRequestSender - Using pooled Channel '[id: 0x623c6654, L:/127.0.0.1:51083 - R:localhost/127.0.0.1:55097]' for 'GET' to 'http://localhost:55097/session/afa2541bcf9685b38b7bdb6952637a5e/screenshot'
19:57:35.206 [Forwarding screenshot on session afa2541bcf9685b38b7bdb6952637a5e to remote] DEBUG org.asynchttpclient.netty.request.NettyRequestSender - Using open Channel [id: 0x623c6654, L:/127.0.0.1:51083 - R:localhost/127.0.0.1:55097] for GET '/session/afa2541bcf9685b38b7bdb6952637a5e/screenshot'
19:57:35.449 [AsyncHttpClient-1-5] DEBUG org.asynchttpclient.netty.handler.HttpHandler - 

Request DefaultFullHttpRequest(decodeResult: success, version: HTTP/1.1, content: EmptyByteBufBE)
GET /session/afa2541bcf9685b38b7bdb6952637a5e/screenshot HTTP/1.1
User-Agent: selenium/4.1.4 (java windows)
Cache-Control: no-cache
Content-Type: application/json; charset=utf-8
host: localhost:55097
accept: */*

Response DefaultHttpResponse(decodeResult: success, version: HTTP/1.1)
HTTP/1.1 200 OK
Content-Type: application/json; charset=utf-8
cache-control: no-cache
content-length: 379404

19:57:35.451 [AsyncHttpClient-1-5] DEBUG org.asynchttpclient.netty.channel.ChannelManager - Adding key: http://localhost:55097 for channel [id: 0x623c6654, L:/127.0.0.1:51083 - R:localhost/127.0.0.1:55097]
19:57:35.463 [main] DEBUG net.serenitybdd.core.photography.Darkroom - Send negative for processing for target\site\serenity\f684e1524ced0278b0b6c6b37709a7cbfb8281aeb576b04a4743fda17448b798.png
19:57:35.463 [main] DEBUG net.thucydides.core.steps.StepInterceptor - STARTING STEP: LoginSteps.iInputLoginPasswordValid - inputPasswordLogin
19:57:35.465 [Forwarding findElement on session afa2541bcf9685b38b7bdb6952637a5e to remote] DEBUG org.asynchttpclient.netty.request.NettyRequestSender - Using pooled Channel '[id: 0x623c6654, L:/127.0.0.1:51083 - R:localhost/127.0.0.1:55097]' for 'POST' to 'http://localhost:55097/session/afa2541bcf9685b38b7bdb6952637a5e/element'
19:57:35.465 [Forwarding findElement on session afa2541bcf9685b38b7bdb6952637a5e to remote] DEBUG org.asynchttpclient.netty.request.NettyRequestSender - Using open Channel [id: 0x623c6654, L:/127.0.0.1:51083 - R:localhost/127.0.0.1:55097] for POST '/session/afa2541bcf9685b38b7bdb6952637a5e/element'
19:57:35.478 [AsyncHttpClient-1-5] DEBUG org.asynchttpclient.netty.handler.HttpHandler - 

Request DefaultHttpRequest(decodeResult: success, version: HTTP/1.1)
POST /session/afa2541bcf9685b38b7bdb6952637a5e/element HTTP/1.1
User-Agent: selenium/4.1.4 (java windows)
Content-Length: 70
Content-Type: application/json; charset=utf-8
host: localhost:55097
accept: */*

Response DefaultHttpResponse(decodeResult: success, version: HTTP/1.1)
HTTP/1.1 200 OK
Content-Type: application/json; charset=utf-8
cache-control: no-cache
content-length: 88

19:57:35.478 [AsyncHttpClient-1-5] DEBUG org.asynchttpclient.netty.channel.ChannelManager - Adding key: http://localhost:55097 for channel [id: 0x623c6654, L:/127.0.0.1:51083 - R:localhost/127.0.0.1:55097]
19:57:35.480 [Forwarding sendKeysToElement on session afa2541bcf9685b38b7bdb6952637a5e to remote] DEBUG org.asynchttpclient.netty.request.NettyRequestSender - Using pooled Channel '[id: 0x623c6654, L:/127.0.0.1:51083 - R:localhost/127.0.0.1:55097]' for 'POST' to 'http://localhost:55097/session/afa2541bcf9685b38b7bdb6952637a5e/element/cf6b440d-5a9e-4ada-beca-7583833b396e/value'
19:57:35.480 [Forwarding sendKeysToElement on session afa2541bcf9685b38b7bdb6952637a5e to remote] DEBUG org.asynchttpclient.netty.request.NettyRequestSender - Using open Channel [id: 0x623c6654, L:/127.0.0.1:51083 - R:localhost/127.0.0.1:55097] for POST '/session/afa2541bcf9685b38b7bdb6952637a5e/element/cf6b440d-5a9e-4ada-beca-7583833b396e/value'
19:57:35.556 [AsyncHttpClient-1-5] DEBUG org.asynchttpclient.netty.handler.HttpHandler - 

Request DefaultHttpRequest(decodeResult: success, version: HTTP/1.1)
POST /session/afa2541bcf9685b38b7bdb6952637a5e/element/cf6b440d-5a9e-4ada-beca-7583833b396e/value HTTP/1.1
User-Agent: selenium/4.1.4 (java windows)
Content-Length: 161
Content-Type: application/json; charset=utf-8
host: localhost:55097
accept: */*

Response DefaultHttpResponse(decodeResult: success, version: HTTP/1.1)
HTTP/1.1 200 OK
Content-Type: application/json; charset=utf-8
cache-control: no-cache
content-length: 14

19:57:35.556 [AsyncHttpClient-1-5] DEBUG org.asynchttpclient.netty.channel.ChannelManager - Adding key: http://localhost:55097 for channel [id: 0x623c6654, L:/127.0.0.1:51083 - R:localhost/127.0.0.1:55097]
19:57:35.559 [Forwarding screenshot on session afa2541bcf9685b38b7bdb6952637a5e to remote] DEBUG org.asynchttpclient.netty.request.NettyRequestSender - Using pooled Channel '[id: 0x623c6654, L:/127.0.0.1:51083 - R:localhost/127.0.0.1:55097]' for 'GET' to 'http://localhost:55097/session/afa2541bcf9685b38b7bdb6952637a5e/screenshot'
19:57:35.559 [Forwarding screenshot on session afa2541bcf9685b38b7bdb6952637a5e to remote] DEBUG org.asynchttpclient.netty.request.NettyRequestSender - Using open Channel [id: 0x623c6654, L:/127.0.0.1:51083 - R:localhost/127.0.0.1:55097] for GET '/session/afa2541bcf9685b38b7bdb6952637a5e/screenshot'
19:57:35.745 [AsyncHttpClient-1-5] DEBUG org.asynchttpclient.netty.handler.HttpHandler - 

Request DefaultFullHttpRequest(decodeResult: success, version: HTTP/1.1, content: EmptyByteBufBE)
GET /session/afa2541bcf9685b38b7bdb6952637a5e/screenshot HTTP/1.1
User-Agent: selenium/4.1.4 (java windows)
Cache-Control: no-cache
Content-Type: application/json; charset=utf-8
host: localhost:55097
accept: */*

Response DefaultHttpResponse(decodeResult: success, version: HTTP/1.1)
HTTP/1.1 200 OK
Content-Type: application/json; charset=utf-8
cache-control: no-cache
content-length: 377580

19:57:35.745 [AsyncHttpClient-1-5] DEBUG org.asynchttpclient.netty.channel.ChannelManager - Adding key: http://localhost:55097 for channel [id: 0x623c6654, L:/127.0.0.1:51083 - R:localhost/127.0.0.1:55097]
19:57:35.756 [main] DEBUG net.serenitybdd.core.photography.Darkroom - Send negative for processing for target\site\serenity\44fa0aa493cf3a3837a7fab79c30bded8f584eda85d2cfd055a7ef5b4e3f0a4a.png
19:57:35.756 [main] DEBUG net.thucydides.core.steps.StepInterceptor - STEP DONE: inputPasswordLogin
  &amp#27;[32mAnd &amp#27;[0m&amp#27;[32mI input &amp#27;[0m&amp#27;[32m&amp#27;[1m"admin123"&amp#27;[0m&amp#27;[32m login password valid&amp#27;[0m         &amp#27;[90m# starter.stepdefinitios.LoginSteps.iInputLoginPasswordValid(java.lang.String)&amp#27;[0m
19:57:35.768 [main] DEBUG net.thucydides.core.steps.StepInterceptor - STARTING STEP: LoginSteps.iClickButtonLogin - clickButtonLogin
19:57:35.778 [Forwarding findElement on session afa2541bcf9685b38b7bdb6952637a5e to remote] DEBUG org.asynchttpclient.netty.request.NettyRequestSender - Using pooled Channel '[id: 0x623c6654, L:/127.0.0.1:51083 - R:localhost/127.0.0.1:55097]' for 'POST' to 'http://localhost:55097/session/afa2541bcf9685b38b7bdb6952637a5e/element'
19:57:35.778 [Forwarding findElement on session afa2541bcf9685b38b7bdb6952637a5e to remote] DEBUG org.asynchttpclient.netty.request.NettyRequestSender - Using open Channel [id: 0x623c6654, L:/127.0.0.1:51083 - R:localhost/127.0.0.1:55097] for POST '/session/afa2541bcf9685b38b7bdb6952637a5e/element'
19:57:35.789 [AsyncHttpClient-1-5] DEBUG org.asynchttpclient.netty.handler.HttpHandler - 

Request DefaultHttpRequest(decodeResult: success, version: HTTP/1.1)
POST /session/afa2541bcf9685b38b7bdb6952637a5e/element HTTP/1.1
User-Agent: selenium/4.1.4 (java windows)
Content-Length: 68
Content-Type: application/json; charset=utf-8
host: localhost:55097
accept: */*

Response DefaultHttpResponse(decodeResult: success, version: HTTP/1.1)
HTTP/1.1 200 OK
Content-Type: application/json; charset=utf-8
cache-control: no-cache
content-length: 88

19:57:35.789 [AsyncHttpClient-1-5] DEBUG org.asynchttpclient.netty.channel.ChannelManager - Adding key: http://localhost:55097 for channel [id: 0x623c6654, L:/127.0.0.1:51083 - R:localhost/127.0.0.1:55097]
19:57:35.789 [Forwarding getElementTagName on session afa2541bcf9685b38b7bdb6952637a5e to remote] DEBUG org.asynchttpclient.netty.request.NettyRequestSender - Using pooled Channel '[id: 0x623c6654, L:/127.0.0.1:51083 - R:localhost/127.0.0.1:55097]' for 'GET' to 'http://localhost:55097/session/afa2541bcf9685b38b7bdb6952637a5e/element/951ec9e3-eb15-4913-9e7b-fc680be9c200/name'
19:57:35.789 [Forwarding getElementTagName on session afa2541bcf9685b38b7bdb6952637a5e to remote] DEBUG org.asynchttpclient.netty.request.NettyRequestSender - Using open Channel [id: 0x623c6654, L:/127.0.0.1:51083 - R:localhost/127.0.0.1:55097] for GET '/session/afa2541bcf9685b38b7bdb6952637a5e/element/951ec9e3-eb15-4913-9e7b-fc680be9c200/name'
19:57:35.793 [AsyncHttpClient-1-5] DEBUG org.asynchttpclient.netty.handler.HttpHandler - 

Request DefaultFullHttpRequest(decodeResult: success, version: HTTP/1.1, content: EmptyByteBufBE)
GET /session/afa2541bcf9685b38b7bdb6952637a5e/element/951ec9e3-eb15-4913-9e7b-fc680be9c200/name HTTP/1.1
User-Agent: selenium/4.1.4 (java windows)
Cache-Control: no-cache
Content-Type: application/json; charset=utf-8
host: localhost:55097
accept: */*

Response DefaultHttpResponse(decodeResult: success, version: HTTP/1.1)
HTTP/1.1 200 OK
Content-Type: application/json; charset=utf-8
cache-control: no-cache
content-length: 18

19:57:35.793 [AsyncHttpClient-1-5] DEBUG org.asynchttpclient.netty.channel.ChannelManager - Adding key: http://localhost:55097 for channel [id: 0x623c6654, L:/127.0.0.1:51083 - R:localhost/127.0.0.1:55097]
19:57:35.794 [Forwarding getElementTagName on session afa2541bcf9685b38b7bdb6952637a5e to remote] DEBUG org.asynchttpclient.netty.request.NettyRequestSender - Using pooled Channel '[id: 0x623c6654, L:/127.0.0.1:51083 - R:localhost/127.0.0.1:55097]' for 'GET' to 'http://localhost:55097/session/afa2541bcf9685b38b7bdb6952637a5e/element/951ec9e3-eb15-4913-9e7b-fc680be9c200/name'
19:57:35.794 [Forwarding getElementTagName on session afa2541bcf9685b38b7bdb6952637a5e to remote] DEBUG org.asynchttpclient.netty.request.NettyRequestSender - Using open Channel [id: 0x623c6654, L:/127.0.0.1:51083 - R:localhost/127.0.0.1:55097] for GET '/session/afa2541bcf9685b38b7bdb6952637a5e/element/951ec9e3-eb15-4913-9e7b-fc680be9c200/name'
19:57:35.798 [AsyncHttpClient-1-5] DEBUG org.asynchttpclient.netty.handler.HttpHandler - 

Request DefaultFullHttpRequest(decodeResult: success, version: HTTP/1.1, content: EmptyByteBufBE)
GET /session/afa2541bcf9685b38b7bdb6952637a5e/element/951ec9e3-eb15-4913-9e7b-fc680be9c200/name HTTP/1.1
User-Agent: selenium/4.1.4 (java windows)
Cache-Control: no-cache
Content-Type: application/json; charset=utf-8
host: localhost:55097
accept: */*

Response DefaultHttpResponse(decodeResult: success, version: HTTP/1.1)
HTTP/1.1 200 OK
Content-Type: application/json; charset=utf-8
cache-control: no-cache
content-length: 18

19:57:35.798 [AsyncHttpClient-1-5] DEBUG org.asynchttpclient.netty.channel.ChannelManager - Adding key: http://localhost:55097 for channel [id: 0x623c6654, L:/127.0.0.1:51083 - R:localhost/127.0.0.1:55097]
19:57:35.801 [Forwarding isElementEnabled on session afa2541bcf9685b38b7bdb6952637a5e to remote] DEBUG org.asynchttpclient.netty.request.NettyRequestSender - Using pooled Channel '[id: 0x623c6654, L:/127.0.0.1:51083 - R:localhost/127.0.0.1:55097]' for 'GET' to 'http://localhost:55097/session/afa2541bcf9685b38b7bdb6952637a5e/element/951ec9e3-eb15-4913-9e7b-fc680be9c200/enabled'
19:57:35.801 [Forwarding isElementEnabled on session afa2541bcf9685b38b7bdb6952637a5e to remote] DEBUG org.asynchttpclient.netty.request.NettyRequestSender - Using open Channel [id: 0x623c6654, L:/127.0.0.1:51083 - R:localhost/127.0.0.1:55097] for GET '/session/afa2541bcf9685b38b7bdb6952637a5e/element/951ec9e3-eb15-4913-9e7b-fc680be9c200/enabled'
19:57:35.813 [AsyncHttpClient-1-5] DEBUG org.asynchttpclient.netty.handler.HttpHandler - 

Request DefaultFullHttpRequest(decodeResult: success, version: HTTP/1.1, content: EmptyByteBufBE)
GET /session/afa2541bcf9685b38b7bdb6952637a5e/element/951ec9e3-eb15-4913-9e7b-fc680be9c200/enabled HTTP/1.1
User-Agent: selenium/4.1.4 (java windows)
Cache-Control: no-cache
Content-Type: application/json; charset=utf-8
host: localhost:55097
accept: */*

Response DefaultHttpResponse(decodeResult: success, version: HTTP/1.1)
HTTP/1.1 200 OK
Content-Type: application/json; charset=utf-8
cache-control: no-cache
content-length: 14

19:57:35.813 [AsyncHttpClient-1-5] DEBUG org.asynchttpclient.netty.channel.ChannelManager - Adding key: http://localhost:55097 for channel [id: 0x623c6654, L:/127.0.0.1:51083 - R:localhost/127.0.0.1:55097]
19:57:35.814 [Forwarding isElementEnabled on session afa2541bcf9685b38b7bdb6952637a5e to remote] DEBUG org.asynchttpclient.netty.request.NettyRequestSender - Using pooled Channel '[id: 0x623c6654, L:/127.0.0.1:51083 - R:localhost/127.0.0.1:55097]' for 'GET' to 'http://localhost:55097/session/afa2541bcf9685b38b7bdb6952637a5e/element/951ec9e3-eb15-4913-9e7b-fc680be9c200/enabled'
19:57:35.814 [Forwarding isElementEnabled on session afa2541bcf9685b38b7bdb6952637a5e to remote] DEBUG org.asynchttpclient.netty.request.NettyRequestSender - Using open Channel [id: 0x623c6654, L:/127.0.0.1:51083 - R:localhost/127.0.0.1:55097] for GET '/session/afa2541bcf9685b38b7bdb6952637a5e/element/951ec9e3-eb15-4913-9e7b-fc680be9c200/enabled'
19:57:35.819 [AsyncHttpClient-1-5] DEBUG org.asynchttpclient.netty.handler.HttpHandler - 

Request DefaultFullHttpRequest(decodeResult: success, version: HTTP/1.1, content: EmptyByteBufBE)
GET /session/afa2541bcf9685b38b7bdb6952637a5e/element/951ec9e3-eb15-4913-9e7b-fc680be9c200/enabled HTTP/1.1
User-Agent: selenium/4.1.4 (java windows)
Cache-Control: no-cache
Content-Type: application/json; charset=utf-8
host: localhost:55097
accept: */*

Response DefaultHttpResponse(decodeResult: success, version: HTTP/1.1)
HTTP/1.1 200 OK
Content-Type: application/json; charset=utf-8
cache-control: no-cache
content-length: 14

19:57:35.819 [AsyncHttpClient-1-5] DEBUG org.asynchttpclient.netty.channel.ChannelManager - Adding key: http://localhost:55097 for channel [id: 0x623c6654, L:/127.0.0.1:51083 - R:localhost/127.0.0.1:55097]
19:57:35.822 [Forwarding findElement on session afa2541bcf9685b38b7bdb6952637a5e to remote] DEBUG org.asynchttpclient.netty.request.NettyRequestSender - Using pooled Channel '[id: 0x623c6654, L:/127.0.0.1:51083 - R:localhost/127.0.0.1:55097]' for 'POST' to 'http://localhost:55097/session/afa2541bcf9685b38b7bdb6952637a5e/element'
19:57:35.823 [Forwarding findElement on session afa2541bcf9685b38b7bdb6952637a5e to remote] DEBUG org.asynchttpclient.netty.request.NettyRequestSender - Using open Channel [id: 0x623c6654, L:/127.0.0.1:51083 - R:localhost/127.0.0.1:55097] for POST '/session/afa2541bcf9685b38b7bdb6952637a5e/element'
19:57:35.830 [AsyncHttpClient-1-5] DEBUG org.asynchttpclient.netty.handler.HttpHandler - 

Request DefaultHttpRequest(decodeResult: success, version: HTTP/1.1)
POST /session/afa2541bcf9685b38b7bdb6952637a5e/element HTTP/1.1
User-Agent: selenium/4.1.4 (java windows)
Content-Length: 68
Content-Type: application/json; charset=utf-8
host: localhost:55097
accept: */*

Response DefaultHttpResponse(decodeResult: success, version: HTTP/1.1)
HTTP/1.1 200 OK
Content-Type: application/json; charset=utf-8
cache-control: no-cache
content-length: 88

19:57:35.830 [AsyncHttpClient-1-5] DEBUG org.asynchttpclient.netty.channel.ChannelManager - Adding key: http://localhost:55097 for channel [id: 0x623c6654, L:/127.0.0.1:51083 - R:localhost/127.0.0.1:55097]
19:57:35.832 [Forwarding clickElement on session afa2541bcf9685b38b7bdb6952637a5e to remote] DEBUG org.asynchttpclient.netty.request.NettyRequestSender - Using pooled Channel '[id: 0x623c6654, L:/127.0.0.1:51083 - R:localhost/127.0.0.1:55097]' for 'POST' to 'http://localhost:55097/session/afa2541bcf9685b38b7bdb6952637a5e/element/951ec9e3-eb15-4913-9e7b-fc680be9c200/click'
19:57:35.832 [Forwarding clickElement on session afa2541bcf9685b38b7bdb6952637a5e to remote] DEBUG org.asynchttpclient.netty.request.NettyRequestSender - Using open Channel [id: 0x623c6654, L:/127.0.0.1:51083 - R:localhost/127.0.0.1:55097] for POST '/session/afa2541bcf9685b38b7bdb6952637a5e/element/951ec9e3-eb15-4913-9e7b-fc680be9c200/click'
19:57:35.883 [AsyncHttpClient-1-5] DEBUG org.asynchttpclient.netty.handler.HttpHandler - 

Request DefaultHttpRequest(decodeResult: success, version: HTTP/1.1)
POST /session/afa2541bcf9685b38b7bdb6952637a5e/element/951ec9e3-eb15-4913-9e7b-fc680be9c200/click HTTP/1.1
User-Agent: selenium/4.1.4 (java windows)
Content-Length: 50
Content-Type: application/json; charset=utf-8
host: localhost:55097
accept: */*

Response DefaultHttpResponse(decodeResult: success, version: HTTP/1.1)
HTTP/1.1 200 OK
Content-Type: application/json; charset=utf-8
cache-control: no-cache
content-length: 14

19:57:35.884 [AsyncHttpClient-1-5] DEBUG org.asynchttpclient.netty.channel.ChannelManager - Adding key: http://localhost:55097 for channel [id: 0x623c6654, L:/127.0.0.1:51083 - R:localhost/127.0.0.1:55097]
19:57:35.893 [Forwarding screenshot on session afa2541bcf9685b38b7bdb6952637a5e to remote] DEBUG org.asynchttpclient.netty.request.NettyRequestSender - Using pooled Channel '[id: 0x623c6654, L:/127.0.0.1:51083 - R:localhost/127.0.0.1:55097]' for 'GET' to 'http://localhost:55097/session/afa2541bcf9685b38b7bdb6952637a5e/screenshot'
19:57:35.893 [Forwarding screenshot on session afa2541bcf9685b38b7bdb6952637a5e to remote] DEBUG org.asynchttpclient.netty.request.NettyRequestSender - Using open Channel [id: 0x623c6654, L:/127.0.0.1:51083 - R:localhost/127.0.0.1:55097] for GET '/session/afa2541bcf9685b38b7bdb6952637a5e/screenshot'
19:57:35.911 [AsyncHttpClient-1-1] DEBUG org.asynchttpclient.netty.channel.DefaultChannelPool - Entry count for : http://localhost:51084 : 1
19:57:36.126 [AsyncHttpClient-1-5] DEBUG org.asynchttpclient.netty.handler.HttpHandler - 

Request DefaultFullHttpRequest(decodeResult: success, version: HTTP/1.1, content: EmptyByteBufBE)
GET /session/afa2541bcf9685b38b7bdb6952637a5e/screenshot HTTP/1.1
User-Agent: selenium/4.1.4 (java windows)
Cache-Control: no-cache
Content-Type: application/json; charset=utf-8
host: localhost:55097
accept: */*

Response DefaultHttpResponse(decodeResult: success, version: HTTP/1.1)
HTTP/1.1 200 OK
Content-Type: application/json; charset=utf-8
cache-control: no-cache
content-length: 360768

19:57:36.126 [AsyncHttpClient-1-5] DEBUG org.asynchttpclient.netty.channel.ChannelManager - Adding key: http://localhost:55097 for channel [id: 0x623c6654, L:/127.0.0.1:51083 - R:localhost/127.0.0.1:55097]
19:57:36.141 [main] DEBUG net.serenitybdd.core.photography.Darkroom - Send negative for processing for target\site\serenity\0b3d353b007649796014909712e3570b96252494066306b55bcf530f5d2a304e.png
19:57:36.141 [main] DEBUG net.thucydides.core.steps.StepInterceptor - STEP DONE: clickButtonLogin
19:57:36.141 [Darkroom Processing Line] DEBUG net.serenitybdd.core.photography.DarkroomProcessingLine - Processing screenshot image in /var/screenshots/screenshot-18173995427362952936
19:57:36.141 [Darkroom Processing Line] DEBUG net.serenitybdd.core.photography.DarkroomProcessingLine - Saving screenshot to target\site\serenity\0b3d353b007649796014909712e3570b96252494066306b55bcf530f5d2a304e.png
19:57:37.015 [AsyncHttpClient-1-1] DEBUG org.asynchttpclient.netty.channel.DefaultChannelPool - Entry count for : http://localhost:55097 : 1
19:57:37.015 [AsyncHttpClient-1-1] DEBUG org.asynchttpclient.netty.channel.DefaultChannelPool - Entry count for : http://localhost:51084 : 1
  &amp#27;[32mWhen &amp#27;[0m&amp#27;[32mI click button login&amp#27;[0m                           &amp#27;[90m# starter.stepdefinitios.LoginSteps.iClickButtonLogin()&amp#27;[0m
19:57:37.155 [Forwarding screenshot on session afa2541bcf9685b38b7bdb6952637a5e to remote] DEBUG org.asynchttpclient.netty.request.NettyRequestSender - Using pooled Channel '[id: 0x623c6654, L:/127.0.0.1:51083 - R:localhost/127.0.0.1:55097]' for 'GET' to 'http://localhost:55097/session/afa2541bcf9685b38b7bdb6952637a5e/screenshot'
19:57:37.155 [Forwarding screenshot on session afa2541bcf9685b38b7bdb6952637a5e to remote] DEBUG org.asynchttpclient.netty.request.NettyRequestSender - Using open Channel [id: 0x623c6654, L:/127.0.0.1:51083 - R:localhost/127.0.0.1:55097] for GET '/session/afa2541bcf9685b38b7bdb6952637a5e/screenshot'
19:57:37.400 [AsyncHttpClient-1-5] DEBUG org.asynchttpclient.netty.handler.HttpHandler - 

Request DefaultFullHttpRequest(decodeResult: success, version: HTTP/1.1, content: EmptyByteBufBE)
GET /session/afa2541bcf9685b38b7bdb6952637a5e/screenshot HTTP/1.1
User-Agent: selenium/4.1.4 (java windows)
Cache-Control: no-cache
Content-Type: application/json; charset=utf-8
host: localhost:55097
accept: */*

Response DefaultHttpResponse(decodeResult: success, version: HTTP/1.1)
HTTP/1.1 200 OK
Content-Type: application/json; charset=utf-8
cache-control: no-cache
content-length: 313328

19:57:37.401 [AsyncHttpClient-1-5] DEBUG org.asynchttpclient.netty.channel.ChannelManager - Adding key: http://localhost:55097 for channel [id: 0x623c6654, L:/127.0.0.1:51083 - R:localhost/127.0.0.1:55097]
19:57:37.411 [main] DEBUG net.serenitybdd.core.photography.Darkroom - Send negative for processing for target\site\serenity\0e39c84478bcd84c49b7a113848168fd151ca8521871b214b6c9117d5efe935a.png
19:57:37.411 [Darkroom Processing Line] DEBUG net.serenitybdd.core.photography.DarkroomProcessingLine - Processing screenshot image in /var/screenshots/screenshot-11188162617967684947
19:57:37.411 [Darkroom Processing Line] DEBUG net.serenitybdd.core.photography.DarkroomProcessingLine - Saving screenshot to target\site\serenity\0e39c84478bcd84c49b7a113848168fd151ca8521871b214b6c9117d5efe935a.png
19:57:38.116 [AsyncHttpClient-1-1] DEBUG org.asynchttpclient.netty.channel.DefaultChannelPool - Entry count for : http://localhost:55097 : 1
19:57:38.116 [AsyncHttpClient-1-1] DEBUG org.asynchttpclient.netty.channel.DefaultChannelPool - Entry count for : http://localhost:51084 : 1
19:57:39.220 [AsyncHttpClient-1-1] DEBUG org.asynchttpclient.netty.channel.DefaultChannelPool - Entry count for : http://localhost:55097 : 1
19:57:39.220 [AsyncHttpClient-1-1] DEBUG org.asynchttpclient.netty.channel.DefaultChannelPool - Entry count for : http://localhost:51084 : 1
19:57:40.320 [AsyncHttpClient-1-1] DEBUG org.asynchttpclient.netty.channel.DefaultChannelPool - Entry count for : http://localhost:55097 : 1
19:57:40.320 [AsyncHttpClient-1-1] DEBUG org.asynchttpclient.netty.channel.DefaultChannelPool - Entry count for : http://localhost:51084 : 1
19:57:41.420 [AsyncHttpClient-1-1] DEBUG org.asynchttpclient.netty.channel.DefaultChannelPool - Entry count for : http://localhost:55097 : 1
19:57:41.420 [AsyncHttpClient-1-1] DEBUG org.asynchttpclient.netty.channel.DefaultChannelPool - Entry count for : http://localhost:51084 : 1
19:57:42.422 [Forwarding findElement on session afa2541bcf9685b38b7bdb6952637a5e to remote] DEBUG org.asynchttpclient.netty.request.NettyRequestSender - Using pooled Channel '[id: 0x623c6654, L:/127.0.0.1:51083 - R:localhost/127.0.0.1:55097]' for 'POST' to 'http://localhost:55097/session/afa2541bcf9685b38b7bdb6952637a5e/element'
19:57:42.422 [Forwarding findElement on session afa2541bcf9685b38b7bdb6952637a5e to remote] DEBUG org.asynchttpclient.netty.request.NettyRequestSender - Using open Channel [id: 0x623c6654, L:/127.0.0.1:51083 - R:localhost/127.0.0.1:55097] for POST '/session/afa2541bcf9685b38b7bdb6952637a5e/element'
19:57:42.451 [AsyncHttpClient-1-5] DEBUG org.asynchttpclient.netty.handler.HttpHandler - 

Request DefaultHttpRequest(decodeResult: success, version: HTTP/1.1)
POST /session/afa2541bcf9685b38b7bdb6952637a5e/element HTTP/1.1
User-Agent: selenium/4.1.4 (java windows)
Content-Length: 68
Content-Type: application/json; charset=utf-8
host: localhost:55097
accept: */*

Response DefaultHttpResponse(decodeResult: success, version: HTTP/1.1)
HTTP/1.1 200 OK
Content-Type: application/json; charset=utf-8
cache-control: no-cache
content-length: 88

19:57:42.452 [AsyncHttpClient-1-5] DEBUG org.asynchttpclient.netty.channel.ChannelManager - Adding key: http://localhost:55097 for channel [id: 0x623c6654, L:/127.0.0.1:51083 - R:localhost/127.0.0.1:55097]
19:57:42.452 [Forwarding isElementEnabled on session afa2541bcf9685b38b7bdb6952637a5e to remote] DEBUG org.asynchttpclient.netty.request.NettyRequestSender - Using pooled Channel '[id: 0x623c6654, L:/127.0.0.1:51083 - R:localhost/127.0.0.1:55097]' for 'GET' to 'http://localhost:55097/session/afa2541bcf9685b38b7bdb6952637a5e/element/149a56da-154b-42bd-8512-fbdeb63c0396/enabled'
19:57:42.452 [Forwarding isElementEnabled on session afa2541bcf9685b38b7bdb6952637a5e to remote] DEBUG org.asynchttpclient.netty.request.NettyRequestSender - Using open Channel [id: 0x623c6654, L:/127.0.0.1:51083 - R:localhost/127.0.0.1:55097] for GET '/session/afa2541bcf9685b38b7bdb6952637a5e/element/149a56da-154b-42bd-8512-fbdeb63c0396/enabled'
19:57:42.469 [AsyncHttpClient-1-5] DEBUG org.asynchttpclient.netty.handler.HttpHandler - 

Request DefaultFullHttpRequest(decodeResult: success, version: HTTP/1.1, content: EmptyByteBufBE)
GET /session/afa2541bcf9685b38b7bdb6952637a5e/element/149a56da-154b-42bd-8512-fbdeb63c0396/enabled HTTP/1.1
User-Agent: selenium/4.1.4 (java windows)
Cache-Control: no-cache
Content-Type: application/json; charset=utf-8
host: localhost:55097
accept: */*

Response DefaultHttpResponse(decodeResult: success, version: HTTP/1.1)
HTTP/1.1 200 OK
Content-Type: application/json; charset=utf-8
cache-control: no-cache
content-length: 14

19:57:42.469 [AsyncHttpClient-1-5] DEBUG org.asynchttpclient.netty.channel.ChannelManager - Adding key: http://localhost:55097 for channel [id: 0x623c6654, L:/127.0.0.1:51083 - R:localhost/127.0.0.1:55097]
19:57:42.517 [AsyncHttpClient-1-1] DEBUG org.asynchttpclient.netty.channel.DefaultChannelPool - Entry count for : http://localhost:55097 : 1
19:57:42.517 [AsyncHttpClient-1-1] DEBUG org.asynchttpclient.netty.channel.DefaultChannelPool - Entry count for : http://localhost:51084 : 1
19:57:42.987 [Forwarding screenshot on session afa2541bcf9685b38b7bdb6952637a5e to remote] DEBUG org.asynchttpclient.netty.request.NettyRequestSender - Using pooled Channel '[id: 0x623c6654, L:/127.0.0.1:51083 - R:localhost/127.0.0.1:55097]' for 'GET' to 'http://localhost:55097/session/afa2541bcf9685b38b7bdb6952637a5e/screenshot'
19:57:42.987 [Forwarding screenshot on session afa2541bcf9685b38b7bdb6952637a5e to remote] DEBUG org.asynchttpclient.netty.request.NettyRequestSender - Using open Channel [id: 0x623c6654, L:/127.0.0.1:51083 - R:localhost/127.0.0.1:55097] for GET '/session/afa2541bcf9685b38b7bdb6952637a5e/screenshot'
19:57:43.218 [AsyncHttpClient-1-5] DEBUG org.asynchttpclient.netty.handler.HttpHandler - 

Request DefaultFullHttpRequest(decodeResult: success, version: HTTP/1.1, content: EmptyByteBufBE)
GET /session/afa2541bcf9685b38b7bdb6952637a5e/screenshot HTTP/1.1
User-Agent: selenium/4.1.4 (java windows)
Cache-Control: no-cache
Content-Type: application/json; charset=utf-8
host: localhost:55097
accept: */*

Response DefaultHttpResponse(decodeResult: success, version: HTTP/1.1)
HTTP/1.1 200 OK
Content-Type: application/json; charset=utf-8
cache-control: no-cache
content-length: 301044

19:57:43.234 [AsyncHttpClient-1-5] DEBUG org.asynchttpclient.netty.channel.ChannelManager - Adding key: http://localhost:55097 for channel [id: 0x623c6654, L:/127.0.0.1:51083 - R:localhost/127.0.0.1:55097]
19:57:43.234 [main] DEBUG net.serenitybdd.core.photography.Darkroom - Send negative for processing for target\site\serenity\163e386af0b12517552a74a3d5043b94e8c0f9215c0f21d464e3b04d27a0859d.png
19:57:43.234 [main] DEBUG net.thucydides.core.steps.StepInterceptor - STARTING STEP: LoginSteps.loginValidationInvalid - clickButtonErrorOK
19:57:43.249 [Forwarding findElement on session afa2541bcf9685b38b7bdb6952637a5e to remote] DEBUG org.asynchttpclient.netty.request.NettyRequestSender - Using pooled Channel '[id: 0x623c6654, L:/127.0.0.1:51083 - R:localhost/127.0.0.1:55097]' for 'POST' to 'http://localhost:55097/session/afa2541bcf9685b38b7bdb6952637a5e/element'
19:57:43.249 [Forwarding findElement on session afa2541bcf9685b38b7bdb6952637a5e to remote] DEBUG org.asynchttpclient.netty.request.NettyRequestSender - Using open Channel [id: 0x623c6654, L:/127.0.0.1:51083 - R:localhost/127.0.0.1:55097] for POST '/session/afa2541bcf9685b38b7bdb6952637a5e/element'
19:57:43.272 [AsyncHttpClient-1-5] DEBUG org.asynchttpclient.netty.handler.HttpHandler - 

Request DefaultHttpRequest(decodeResult: success, version: HTTP/1.1)
POST /session/afa2541bcf9685b38b7bdb6952637a5e/element HTTP/1.1
User-Agent: selenium/4.1.4 (java windows)
Content-Length: 88
Content-Type: application/json; charset=utf-8
host: localhost:55097
accept: */*

Response DefaultHttpResponse(decodeResult: success, version: HTTP/1.1)
HTTP/1.1 200 OK
Content-Type: application/json; charset=utf-8
cache-control: no-cache
content-length: 88

19:57:43.272 [AsyncHttpClient-1-5] DEBUG org.asynchttpclient.netty.channel.ChannelManager - Adding key: http://localhost:55097 for channel [id: 0x623c6654, L:/127.0.0.1:51083 - R:localhost/127.0.0.1:55097]
19:57:43.272 [Forwarding getElementTagName on session afa2541bcf9685b38b7bdb6952637a5e to remote] DEBUG org.asynchttpclient.netty.request.NettyRequestSender - Using pooled Channel '[id: 0x623c6654, L:/127.0.0.1:51083 - R:localhost/127.0.0.1:55097]' for 'GET' to 'http://localhost:55097/session/afa2541bcf9685b38b7bdb6952637a5e/element/951d2c03-90ab-4505-9723-b41c455b0080/name'
19:57:43.272 [Forwarding getElementTagName on session afa2541bcf9685b38b7bdb6952637a5e to remote] DEBUG org.asynchttpclient.netty.request.NettyRequestSender - Using open Channel [id: 0x623c6654, L:/127.0.0.1:51083 - R:localhost/127.0.0.1:55097] for GET '/session/afa2541bcf9685b38b7bdb6952637a5e/element/951d2c03-90ab-4505-9723-b41c455b0080/name'
19:57:43.279 [AsyncHttpClient-1-5] DEBUG org.asynchttpclient.netty.handler.HttpHandler - 

Request DefaultFullHttpRequest(decodeResult: success, version: HTTP/1.1, content: EmptyByteBufBE)
GET /session/afa2541bcf9685b38b7bdb6952637a5e/element/951d2c03-90ab-4505-9723-b41c455b0080/name HTTP/1.1
User-Agent: selenium/4.1.4 (java windows)
Cache-Control: no-cache
Content-Type: application/json; charset=utf-8
host: localhost:55097
accept: */*

Response DefaultHttpResponse(decodeResult: success, version: HTTP/1.1)
HTTP/1.1 200 OK
Content-Type: application/json; charset=utf-8
cache-control: no-cache
content-length: 18

19:57:43.279 [AsyncHttpClient-1-5] DEBUG org.asynchttpclient.netty.channel.ChannelManager - Adding key: http://localhost:55097 for channel [id: 0x623c6654, L:/127.0.0.1:51083 - R:localhost/127.0.0.1:55097]
19:57:43.279 [Forwarding getElementTagName on session afa2541bcf9685b38b7bdb6952637a5e to remote] DEBUG org.asynchttpclient.netty.request.NettyRequestSender - Using pooled Channel '[id: 0x623c6654, L:/127.0.0.1:51083 - R:localhost/127.0.0.1:55097]' for 'GET' to 'http://localhost:55097/session/afa2541bcf9685b38b7bdb6952637a5e/element/951d2c03-90ab-4505-9723-b41c455b0080/name'
19:57:43.279 [Forwarding getElementTagName on session afa2541bcf9685b38b7bdb6952637a5e to remote] DEBUG org.asynchttpclient.netty.request.NettyRequestSender - Using open Channel [id: 0x623c6654, L:/127.0.0.1:51083 - R:localhost/127.0.0.1:55097] for GET '/session/afa2541bcf9685b38b7bdb6952637a5e/element/951d2c03-90ab-4505-9723-b41c455b0080/name'
19:57:43.288 [AsyncHttpClient-1-5] DEBUG org.asynchttpclient.netty.handler.HttpHandler - 

Request DefaultFullHttpRequest(decodeResult: success, version: HTTP/1.1, content: EmptyByteBufBE)
GET /session/afa2541bcf9685b38b7bdb6952637a5e/element/951d2c03-90ab-4505-9723-b41c455b0080/name HTTP/1.1
User-Agent: selenium/4.1.4 (java windows)
Cache-Control: no-cache
Content-Type: application/json; charset=utf-8
host: localhost:55097
accept: */*

Response DefaultHttpResponse(decodeResult: success, version: HTTP/1.1)
HTTP/1.1 200 OK
Content-Type: application/json; charset=utf-8
cache-control: no-cache
content-length: 18

19:57:43.288 [AsyncHttpClient-1-5] DEBUG org.asynchttpclient.netty.channel.ChannelManager - Adding key: http://localhost:55097 for channel [id: 0x623c6654, L:/127.0.0.1:51083 - R:localhost/127.0.0.1:55097]
19:57:43.289 [Forwarding isElementEnabled on session afa2541bcf9685b38b7bdb6952637a5e to remote] DEBUG org.asynchttpclient.netty.request.NettyRequestSender - Using pooled Channel '[id: 0x623c6654, L:/127.0.0.1:51083 - R:localhost/127.0.0.1:55097]' for 'GET' to 'http://localhost:55097/session/afa2541bcf9685b38b7bdb6952637a5e/element/951d2c03-90ab-4505-9723-b41c455b0080/enabled'
19:57:43.289 [Forwarding isElementEnabled on session afa2541bcf9685b38b7bdb6952637a5e to remote] DEBUG org.asynchttpclient.netty.request.NettyRequestSender - Using open Channel [id: 0x623c6654, L:/127.0.0.1:51083 - R:localhost/127.0.0.1:55097] for GET '/session/afa2541bcf9685b38b7bdb6952637a5e/element/951d2c03-90ab-4505-9723-b41c455b0080/enabled'
19:57:43.304 [AsyncHttpClient-1-5] DEBUG org.asynchttpclient.netty.handler.HttpHandler - 

Request DefaultFullHttpRequest(decodeResult: success, version: HTTP/1.1, content: EmptyByteBufBE)
GET /session/afa2541bcf9685b38b7bdb6952637a5e/element/951d2c03-90ab-4505-9723-b41c455b0080/enabled HTTP/1.1
User-Agent: selenium/4.1.4 (java windows)
Cache-Control: no-cache
Content-Type: application/json; charset=utf-8
host: localhost:55097
accept: */*

Response DefaultHttpResponse(decodeResult: success, version: HTTP/1.1)
HTTP/1.1 200 OK
Content-Type: application/json; charset=utf-8
cache-control: no-cache
content-length: 14

19:57:43.304 [AsyncHttpClient-1-5] DEBUG org.asynchttpclient.netty.channel.ChannelManager - Adding key: http://localhost:55097 for channel [id: 0x623c6654, L:/127.0.0.1:51083 - R:localhost/127.0.0.1:55097]
19:57:43.304 [Forwarding isElementEnabled on session afa2541bcf9685b38b7bdb6952637a5e to remote] DEBUG org.asynchttpclient.netty.request.NettyRequestSender - Using pooled Channel '[id: 0x623c6654, L:/127.0.0.1:51083 - R:localhost/127.0.0.1:55097]' for 'GET' to 'http://localhost:55097/session/afa2541bcf9685b38b7bdb6952637a5e/element/951d2c03-90ab-4505-9723-b41c455b0080/enabled'
19:57:43.304 [Forwarding isElementEnabled on session afa2541bcf9685b38b7bdb6952637a5e to remote] DEBUG org.asynchttpclient.netty.request.NettyRequestSender - Using open Channel [id: 0x623c6654, L:/127.0.0.1:51083 - R:localhost/127.0.0.1:55097] for GET '/session/afa2541bcf9685b38b7bdb6952637a5e/element/951d2c03-90ab-4505-9723-b41c455b0080/enabled'
19:57:43.313 [AsyncHttpClient-1-5] DEBUG org.asynchttpclient.netty.handler.HttpHandler - 

Request DefaultFullHttpRequest(decodeResult: success, version: HTTP/1.1, content: EmptyByteBufBE)
GET /session/afa2541bcf9685b38b7bdb6952637a5e/element/951d2c03-90ab-4505-9723-b41c455b0080/enabled HTTP/1.1
User-Agent: selenium/4.1.4 (java windows)
Cache-Control: no-cache
Content-Type: application/json; charset=utf-8
host: localhost:55097
accept: */*

Response DefaultHttpResponse(decodeResult: success, version: HTTP/1.1)
HTTP/1.1 200 OK
Content-Type: application/json; charset=utf-8
cache-control: no-cache
content-length: 14

19:57:43.313 [AsyncHttpClient-1-5] DEBUG org.asynchttpclient.netty.channel.ChannelManager - Adding key: http://localhost:55097 for channel [id: 0x623c6654, L:/127.0.0.1:51083 - R:localhost/127.0.0.1:55097]
19:57:43.314 [Forwarding findElement on session afa2541bcf9685b38b7bdb6952637a5e to remote] DEBUG org.asynchttpclient.netty.request.NettyRequestSender - Using pooled Channel '[id: 0x623c6654, L:/127.0.0.1:51083 - R:localhost/127.0.0.1:55097]' for 'POST' to 'http://localhost:55097/session/afa2541bcf9685b38b7bdb6952637a5e/element'
19:57:43.314 [Forwarding findElement on session afa2541bcf9685b38b7bdb6952637a5e to remote] DEBUG org.asynchttpclient.netty.request.NettyRequestSender - Using open Channel [id: 0x623c6654, L:/127.0.0.1:51083 - R:localhost/127.0.0.1:55097] for POST '/session/afa2541bcf9685b38b7bdb6952637a5e/element'
19:57:43.329 [AsyncHttpClient-1-5] DEBUG org.asynchttpclient.netty.handler.HttpHandler - 

Request DefaultHttpRequest(decodeResult: success, version: HTTP/1.1)
POST /session/afa2541bcf9685b38b7bdb6952637a5e/element HTTP/1.1
User-Agent: selenium/4.1.4 (java windows)
Content-Length: 88
Content-Type: application/json; charset=utf-8
host: localhost:55097
accept: */*

Response DefaultHttpResponse(decodeResult: success, version: HTTP/1.1)
HTTP/1.1 200 OK
Content-Type: application/json; charset=utf-8
cache-control: no-cache
content-length: 88

19:57:43.329 [AsyncHttpClient-1-5] DEBUG org.asynchttpclient.netty.channel.ChannelManager - Adding key: http://localhost:55097 for channel [id: 0x623c6654, L:/127.0.0.1:51083 - R:localhost/127.0.0.1:55097]
19:57:43.330 [Forwarding clickElement on session afa2541bcf9685b38b7bdb6952637a5e to remote] DEBUG org.asynchttpclient.netty.request.NettyRequestSender - Using pooled Channel '[id: 0x623c6654, L:/127.0.0.1:51083 - R:localhost/127.0.0.1:55097]' for 'POST' to 'http://localhost:55097/session/afa2541bcf9685b38b7bdb6952637a5e/element/951d2c03-90ab-4505-9723-b41c455b0080/click'
19:57:43.330 [Forwarding clickElement on session afa2541bcf9685b38b7bdb6952637a5e to remote] DEBUG org.asynchttpclient.netty.request.NettyRequestSender - Using open Channel [id: 0x623c6654, L:/127.0.0.1:51083 - R:localhost/127.0.0.1:55097] for POST '/session/afa2541bcf9685b38b7bdb6952637a5e/element/951d2c03-90ab-4505-9723-b41c455b0080/click'
19:57:43.426 [AsyncHttpClient-1-5] DEBUG org.asynchttpclient.netty.handler.HttpHandler - 

Request DefaultHttpRequest(decodeResult: success, version: HTTP/1.1)
POST /session/afa2541bcf9685b38b7bdb6952637a5e/element/951d2c03-90ab-4505-9723-b41c455b0080/click HTTP/1.1
User-Agent: selenium/4.1.4 (java windows)
Content-Length: 50
Content-Type: application/json; charset=utf-8
host: localhost:55097
accept: */*

Response DefaultHttpResponse(decodeResult: success, version: HTTP/1.1)
HTTP/1.1 200 OK
Content-Type: application/json; charset=utf-8
cache-control: no-cache
content-length: 14

19:57:43.426 [AsyncHttpClient-1-5] DEBUG org.asynchttpclient.netty.channel.ChannelManager - Adding key: http://localhost:55097 for channel [id: 0x623c6654, L:/127.0.0.1:51083 - R:localhost/127.0.0.1:55097]
19:57:43.430 [Forwarding screenshot on session afa2541bcf9685b38b7bdb6952637a5e to remote] DEBUG org.asynchttpclient.netty.request.NettyRequestSender - Using pooled Channel '[id: 0x623c6654, L:/127.0.0.1:51083 - R:localhost/127.0.0.1:55097]' for 'GET' to 'http://localhost:55097/session/afa2541bcf9685b38b7bdb6952637a5e/screenshot'
19:57:43.430 [Forwarding screenshot on session afa2541bcf9685b38b7bdb6952637a5e to remote] DEBUG org.asynchttpclient.netty.request.NettyRequestSender - Using open Channel [id: 0x623c6654, L:/127.0.0.1:51083 - R:localhost/127.0.0.1:55097] for GET '/session/afa2541bcf9685b38b7bdb6952637a5e/screenshot'
19:57:43.609 [AsyncHttpClient-1-1] DEBUG org.asynchttpclient.netty.channel.DefaultChannelPool - Entry count for : http://localhost:51084 : 1
19:57:43.806 [AsyncHttpClient-1-5] DEBUG org.asynchttpclient.netty.handler.HttpHandler - 

Request DefaultFullHttpRequest(decodeResult: success, version: HTTP/1.1, content: EmptyByteBufBE)
GET /session/afa2541bcf9685b38b7bdb6952637a5e/screenshot HTTP/1.1
User-Agent: selenium/4.1.4 (java windows)
Cache-Control: no-cache
Content-Type: application/json; charset=utf-8
host: localhost:55097
accept: */*

Response DefaultHttpResponse(decodeResult: success, version: HTTP/1.1)
HTTP/1.1 200 OK
Content-Type: application/json; charset=utf-8
cache-control: no-cache
content-length: 51092

19:57:43.807 [AsyncHttpClient-1-5] DEBUG org.asynchttpclient.netty.channel.ChannelManager - Adding key: http://localhost:55097 for channel [id: 0x623c6654, L:/127.0.0.1:51083 - R:localhost/127.0.0.1:55097]
19:57:43.812 [main] DEBUG net.serenitybdd.core.photography.Darkroom - Send negative for processing for target\site\serenity\a0f72fe399b14a8002d97a6bd18e81a07a40403b9a5fd0ea26369abad6524288.png
19:57:43.813 [main] DEBUG net.thucydides.core.steps.StepInterceptor - STEP DONE: clickButtonErrorOK
  &amp#27;[32mAnd &amp#27;[0m&amp#27;[32mLogin validation invalid&amp#27;[0m                        &amp#27;[90m# starter.stepdefinitios.LoginSteps.loginValidationInvalid()&amp#27;[0m
19:57:43.814 [Darkroom Processing Line] DEBUG net.serenitybdd.core.photography.DarkroomProcessingLine - Processing screenshot image in /var/screenshots/screenshot-7649679031455840949
19:57:43.814 [Darkroom Processing Line] DEBUG net.serenitybdd.core.photography.DarkroomProcessingLine - Saving screenshot to target\site\serenity\a0f72fe399b14a8002d97a6bd18e81a07a40403b9a5fd0ea26369abad6524288.png
19:57:44.716 [AsyncHttpClient-1-1] DEBUG org.asynchttpclient.netty.channel.DefaultChannelPool - Entry count for : http://localhost:55097 : 1
19:57:44.716 [AsyncHttpClient-1-1] DEBUG org.asynchttpclient.netty.channel.DefaultChannelPool - Entry count for : http://localhost:51084 : 1
19:57:45.813 [AsyncHttpClient-1-1] DEBUG org.asynchttpclient.netty.channel.DefaultChannelPool - Entry count for : http://localhost:55097 : 1
19:57:45.813 [AsyncHttpClient-1-1] DEBUG org.asynchttpclient.netty.channel.DefaultChannelPool - Entry count for : http://localhost:51084 : 1
19:57:46.916 [AsyncHttpClient-1-1] DEBUG org.asynchttpclient.netty.channel.DefaultChannelPool - Entry count for : http://localhost:55097 : 1
19:57:46.916 [AsyncHttpClient-1-1] DEBUG org.asynchttpclient.netty.channel.DefaultChannelPool - Entry count for : http://localhost:51084 : 1
19:57:48.010 [AsyncHttpClient-1-1] DEBUG org.asynchttpclient.netty.channel.DefaultChannelPool - Entry count for : http://localhost:55097 : 1
19:57:48.010 [AsyncHttpClient-1-1] DEBUG org.asynchttpclient.netty.channel.DefaultChannelPool - Entry count for : http://localhost:51084 : 1
19:57:48.907 [Forwarding screenshot on session afa2541bcf9685b38b7bdb6952637a5e to remote] DEBUG org.asynchttpclient.netty.request.NettyRequestSender - Using pooled Channel '[id: 0x623c6654, L:/127.0.0.1:51083 - R:localhost/127.0.0.1:55097]' for 'GET' to 'http://localhost:55097/session/afa2541bcf9685b38b7bdb6952637a5e/screenshot'
19:57:48.907 [Forwarding screenshot on session afa2541bcf9685b38b7bdb6952637a5e to remote] DEBUG org.asynchttpclient.netty.request.NettyRequestSender - Using open Channel [id: 0x623c6654, L:/127.0.0.1:51083 - R:localhost/127.0.0.1:55097] for GET '/session/afa2541bcf9685b38b7bdb6952637a5e/screenshot'
19:57:49.069 [AsyncHttpClient-1-5] DEBUG org.asynchttpclient.netty.handler.HttpHandler - 

Request DefaultFullHttpRequest(decodeResult: success, version: HTTP/1.1, content: EmptyByteBufBE)
GET /session/afa2541bcf9685b38b7bdb6952637a5e/screenshot HTTP/1.1
User-Agent: selenium/4.1.4 (java windows)
Cache-Control: no-cache
Content-Type: application/json; charset=utf-8
host: localhost:55097
accept: */*

Response DefaultHttpResponse(decodeResult: success, version: HTTP/1.1)
HTTP/1.1 200 OK
Content-Type: application/json; charset=utf-8
cache-control: no-cache
content-length: 78916

19:57:49.069 [AsyncHttpClient-1-5] DEBUG org.asynchttpclient.netty.channel.ChannelManager - Adding key: http://localhost:55097 for channel [id: 0x623c6654, L:/127.0.0.1:51083 - R:localhost/127.0.0.1:55097]
19:57:49.074 [main] DEBUG net.serenitybdd.core.photography.Darkroom - Send negative for processing for target\site\serenity\6ddfb86c3e40e80f5cf75f5473ea4a13b4be8ddc07b6bfa170e30cd2276a987b.png
19:57:49.075 [main] DEBUG net.thucydides.core.steps.StepInterceptor - STARTING STEP: KelolaJadwalSteps.clickButtonManageSchedule - clickButtonKelolaJadwal
19:57:49.077 [Forwarding findElement on session afa2541bcf9685b38b7bdb6952637a5e to remote] DEBUG org.asynchttpclient.netty.request.NettyRequestSender - Using pooled Channel '[id: 0x623c6654, L:/127.0.0.1:51083 - R:localhost/127.0.0.1:55097]' for 'POST' to 'http://localhost:55097/session/afa2541bcf9685b38b7bdb6952637a5e/element'
19:57:49.077 [Forwarding findElement on session afa2541bcf9685b38b7bdb6952637a5e to remote] DEBUG org.asynchttpclient.netty.request.NettyRequestSender - Using open Channel [id: 0x623c6654, L:/127.0.0.1:51083 - R:localhost/127.0.0.1:55097] for POST '/session/afa2541bcf9685b38b7bdb6952637a5e/element'
19:57:49.089 [AsyncHttpClient-1-5] DEBUG org.asynchttpclient.netty.handler.HttpHandler - 

Request DefaultHttpRequest(decodeResult: success, version: HTTP/1.1)
POST /session/afa2541bcf9685b38b7bdb6952637a5e/element HTTP/1.1
User-Agent: selenium/4.1.4 (java windows)
Content-Length: 114
Content-Type: application/json; charset=utf-8
host: localhost:55097
accept: */*

Response DefaultHttpResponse(decodeResult: success, version: HTTP/1.1)
HTTP/1.1 200 OK
Content-Type: application/json; charset=utf-8
cache-control: no-cache
content-length: 88

19:57:49.089 [AsyncHttpClient-1-5] DEBUG org.asynchttpclient.netty.channel.ChannelManager - Adding key: http://localhost:55097 for channel [id: 0x623c6654, L:/127.0.0.1:51083 - R:localhost/127.0.0.1:55097]
19:57:49.091 [Forwarding getElementTagName on session afa2541bcf9685b38b7bdb6952637a5e to remote] DEBUG org.asynchttpclient.netty.request.NettyRequestSender - Using pooled Channel '[id: 0x623c6654, L:/127.0.0.1:51083 - R:localhost/127.0.0.1:55097]' for 'GET' to 'http://localhost:55097/session/afa2541bcf9685b38b7bdb6952637a5e/element/a1db5025-e456-4f85-80b7-eaf187c40430/name'
19:57:49.091 [Forwarding getElementTagName on session afa2541bcf9685b38b7bdb6952637a5e to remote] DEBUG org.asynchttpclient.netty.request.NettyRequestSender - Using open Channel [id: 0x623c6654, L:/127.0.0.1:51083 - R:localhost/127.0.0.1:55097] for GET '/session/afa2541bcf9685b38b7bdb6952637a5e/element/a1db5025-e456-4f85-80b7-eaf187c40430/name'
19:57:49.096 [AsyncHttpClient-1-5] DEBUG org.asynchttpclient.netty.handler.HttpHandler - 

Request DefaultFullHttpRequest(decodeResult: success, version: HTTP/1.1, content: EmptyByteBufBE)
GET /session/afa2541bcf9685b38b7bdb6952637a5e/element/a1db5025-e456-4f85-80b7-eaf187c40430/name HTTP/1.1
User-Agent: selenium/4.1.4 (java windows)
Cache-Control: no-cache
Content-Type: application/json; charset=utf-8
host: localhost:55097
accept: */*

Response DefaultHttpResponse(decodeResult: success, version: HTTP/1.1)
HTTP/1.1 200 OK
Content-Type: application/json; charset=utf-8
cache-control: no-cache
content-length: 13

19:57:49.096 [AsyncHttpClient-1-5] DEBUG org.asynchttpclient.netty.channel.ChannelManager - Adding key: http://localhost:55097 for channel [id: 0x623c6654, L:/127.0.0.1:51083 - R:localhost/127.0.0.1:55097]
19:57:49.098 [Forwarding getElementTagName on session afa2541bcf9685b38b7bdb6952637a5e to remote] DEBUG org.asynchttpclient.netty.request.NettyRequestSender - Using pooled Channel '[id: 0x623c6654, L:/127.0.0.1:51083 - R:localhost/127.0.0.1:55097]' for 'GET' to 'http://localhost:55097/session/afa2541bcf9685b38b7bdb6952637a5e/element/a1db5025-e456-4f85-80b7-eaf187c40430/name'
19:57:49.098 [Forwarding getElementTagName on session afa2541bcf9685b38b7bdb6952637a5e to remote] DEBUG org.asynchttpclient.netty.request.NettyRequestSender - Using open Channel [id: 0x623c6654, L:/127.0.0.1:51083 - R:localhost/127.0.0.1:55097] for GET '/session/afa2541bcf9685b38b7bdb6952637a5e/element/a1db5025-e456-4f85-80b7-eaf187c40430/name'
19:57:49.101 [AsyncHttpClient-1-5] DEBUG org.asynchttpclient.netty.handler.HttpHandler - 

Request DefaultFullHttpRequest(decodeResult: success, version: HTTP/1.1, content: EmptyByteBufBE)
GET /session/afa2541bcf9685b38b7bdb6952637a5e/element/a1db5025-e456-4f85-80b7-eaf187c40430/name HTTP/1.1
User-Agent: selenium/4.1.4 (java windows)
Cache-Control: no-cache
Content-Type: application/json; charset=utf-8
host: localhost:55097
accept: */*

Response DefaultHttpResponse(decodeResult: success, version: HTTP/1.1)
HTTP/1.1 200 OK
Content-Type: application/json; charset=utf-8
cache-control: no-cache
content-length: 13

19:57:49.102 [AsyncHttpClient-1-5] DEBUG org.asynchttpclient.netty.channel.ChannelManager - Adding key: http://localhost:55097 for channel [id: 0x623c6654, L:/127.0.0.1:51083 - R:localhost/127.0.0.1:55097]
19:57:49.103 [Forwarding findElement on session afa2541bcf9685b38b7bdb6952637a5e to remote] DEBUG org.asynchttpclient.netty.request.NettyRequestSender - Using pooled Channel '[id: 0x623c6654, L:/127.0.0.1:51083 - R:localhost/127.0.0.1:55097]' for 'POST' to 'http://localhost:55097/session/afa2541bcf9685b38b7bdb6952637a5e/element'
19:57:49.103 [Forwarding findElement on session afa2541bcf9685b38b7bdb6952637a5e to remote] DEBUG org.asynchttpclient.netty.request.NettyRequestSender - Using open Channel [id: 0x623c6654, L:/127.0.0.1:51083 - R:localhost/127.0.0.1:55097] for POST '/session/afa2541bcf9685b38b7bdb6952637a5e/element'
19:57:49.111 [AsyncHttpClient-1-1] DEBUG org.asynchttpclient.netty.channel.DefaultChannelPool - Entry count for : http://localhost:51084 : 1
19:57:49.111 [AsyncHttpClient-1-5] DEBUG org.asynchttpclient.netty.handler.HttpHandler - 

Request DefaultHttpRequest(decodeResult: success, version: HTTP/1.1)
POST /session/afa2541bcf9685b38b7bdb6952637a5e/element HTTP/1.1
User-Agent: selenium/4.1.4 (java windows)
Content-Length: 114
Content-Type: application/json; charset=utf-8
host: localhost:55097
accept: */*

Response DefaultHttpResponse(decodeResult: success, version: HTTP/1.1)
HTTP/1.1 200 OK
Content-Type: application/json; charset=utf-8
cache-control: no-cache
content-length: 88

19:57:49.111 [AsyncHttpClient-1-5] DEBUG org.asynchttpclient.netty.channel.ChannelManager - Adding key: http://localhost:55097 for channel [id: 0x623c6654, L:/127.0.0.1:51083 - R:localhost/127.0.0.1:55097]
19:57:49.113 [Forwarding clickElement on session afa2541bcf9685b38b7bdb6952637a5e to remote] DEBUG org.asynchttpclient.netty.request.NettyRequestSender - Using pooled Channel '[id: 0x623c6654, L:/127.0.0.1:51083 - R:localhost/127.0.0.1:55097]' for 'POST' to 'http://localhost:55097/session/afa2541bcf9685b38b7bdb6952637a5e/element/a1db5025-e456-4f85-80b7-eaf187c40430/click'
19:57:49.113 [Forwarding clickElement on session afa2541bcf9685b38b7bdb6952637a5e to remote] DEBUG org.asynchttpclient.netty.request.NettyRequestSender - Using open Channel [id: 0x623c6654, L:/127.0.0.1:51083 - R:localhost/127.0.0.1:55097] for POST '/session/afa2541bcf9685b38b7bdb6952637a5e/element/a1db5025-e456-4f85-80b7-eaf187c40430/click'
19:57:49.179 [AsyncHttpClient-1-5] DEBUG org.asynchttpclient.netty.handler.HttpHandler - 

Request DefaultHttpRequest(decodeResult: success, version: HTTP/1.1)
POST /session/afa2541bcf9685b38b7bdb6952637a5e/element/a1db5025-e456-4f85-80b7-eaf187c40430/click HTTP/1.1
User-Agent: selenium/4.1.4 (java windows)
Content-Length: 50
Content-Type: application/json; charset=utf-8
host: localhost:55097
accept: */*

Response DefaultHttpResponse(decodeResult: success, version: HTTP/1.1)
HTTP/1.1 200 OK
Content-Type: application/json; charset=utf-8
cache-control: no-cache
content-length: 14

19:57:49.179 [AsyncHttpClient-1-5] DEBUG org.asynchttpclient.netty.channel.ChannelManager - Adding key: http://localhost:55097 for channel [id: 0x623c6654, L:/127.0.0.1:51083 - R:localhost/127.0.0.1:55097]
19:57:49.185 [Forwarding screenshot on session afa2541bcf9685b38b7bdb6952637a5e to remote] DEBUG org.asynchttpclient.netty.request.NettyRequestSender - Using pooled Channel '[id: 0x623c6654, L:/127.0.0.1:51083 - R:localhost/127.0.0.1:55097]' for 'GET' to 'http://localhost:55097/session/afa2541bcf9685b38b7bdb6952637a5e/screenshot'
19:57:49.187 [Forwarding screenshot on session afa2541bcf9685b38b7bdb6952637a5e to remote] DEBUG org.asynchttpclient.netty.request.NettyRequestSender - Using open Channel [id: 0x623c6654, L:/127.0.0.1:51083 - R:localhost/127.0.0.1:55097] for GET '/session/afa2541bcf9685b38b7bdb6952637a5e/screenshot'
19:57:49.366 [AsyncHttpClient-1-5] DEBUG org.asynchttpclient.netty.handler.HttpHandler - 

Request DefaultFullHttpRequest(decodeResult: success, version: HTTP/1.1, content: EmptyByteBufBE)
GET /session/afa2541bcf9685b38b7bdb6952637a5e/screenshot HTTP/1.1
User-Agent: selenium/4.1.4 (java windows)
Cache-Control: no-cache
Content-Type: application/json; charset=utf-8
host: localhost:55097
accept: */*

Response DefaultHttpResponse(decodeResult: success, version: HTTP/1.1)
HTTP/1.1 200 OK
Content-Type: application/json; charset=utf-8
cache-control: no-cache
content-length: 83844

19:57:49.367 [AsyncHttpClient-1-5] DEBUG org.asynchttpclient.netty.channel.ChannelManager - Adding key: http://localhost:55097 for channel [id: 0x623c6654, L:/127.0.0.1:51083 - R:localhost/127.0.0.1:55097]
19:57:49.375 [main] DEBUG net.serenitybdd.core.photography.Darkroom - Send negative for processing for target\site\serenity\4cd156e238faaaacef465216716d5548cb51580f9c8ec665d13ed10ceefe9c19.png
19:57:49.376 [main] DEBUG net.thucydides.core.steps.StepInterceptor - STEP DONE: clickButtonKelolaJadwal
  &amp#27;[32mAnd &amp#27;[0m&amp#27;[32mClick button manage schedule&amp#27;[0m                    &amp#27;[90m# starter.stepdefinitios.KelolaJadwalSteps.clickButtonManageSchedule()&amp#27;[0m
19:57:49.376 [Darkroom Processing Line] DEBUG net.serenitybdd.core.photography.DarkroomProcessingLine - Processing screenshot image in /var/screenshots/screenshot-9563998666859330666
19:57:49.376 [Darkroom Processing Line] DEBUG net.serenitybdd.core.photography.DarkroomProcessingLine - Saving screenshot to target\site\serenity\4cd156e238faaaacef465216716d5548cb51580f9c8ec665d13ed10ceefe9c19.png
19:57:50.216 [AsyncHttpClient-1-1] DEBUG org.asynchttpclient.netty.channel.DefaultChannelPool - Entry count for : http://localhost:55097 : 1
19:57:50.216 [AsyncHttpClient-1-1] DEBUG org.asynchttpclient.netty.channel.DefaultChannelPool - Entry count for : http://localhost:51084 : 1
19:57:51.314 [AsyncHttpClient-1-1] DEBUG org.asynchttpclient.netty.channel.DefaultChannelPool - Entry count for : http://localhost:55097 : 1
19:57:51.314 [AsyncHttpClient-1-1] DEBUG org.asynchttpclient.netty.channel.DefaultChannelPool - Entry count for : http://localhost:51084 : 1
19:57:52.411 [AsyncHttpClient-1-1] DEBUG org.asynchttpclient.netty.channel.DefaultChannelPool - Entry count for : http://localhost:55097 : 1
19:57:52.413 [AsyncHttpClient-1-1] DEBUG org.asynchttpclient.netty.channel.DefaultChannelPool - Entry count for : http://localhost:51084 : 1
19:57:53.518 [AsyncHttpClient-1-1] DEBUG org.asynchttpclient.netty.channel.DefaultChannelPool - Entry count for : http://localhost:55097 : 1
19:57:53.518 [AsyncHttpClient-1-1] DEBUG org.asynchttpclient.netty.channel.DefaultChannelPool - Entry count for : http://localhost:51084 : 1
19:57:54.425 [Forwarding screenshot on session afa2541bcf9685b38b7bdb6952637a5e to remote] DEBUG org.asynchttpclient.netty.request.NettyRequestSender - Using pooled Channel '[id: 0x623c6654, L:/127.0.0.1:51083 - R:localhost/127.0.0.1:55097]' for 'GET' to 'http://localhost:55097/session/afa2541bcf9685b38b7bdb6952637a5e/screenshot'
19:57:54.425 [Forwarding screenshot on session afa2541bcf9685b38b7bdb6952637a5e to remote] DEBUG org.asynchttpclient.netty.request.NettyRequestSender - Using open Channel [id: 0x623c6654, L:/127.0.0.1:51083 - R:localhost/127.0.0.1:55097] for GET '/session/afa2541bcf9685b38b7bdb6952637a5e/screenshot'
19:57:54.613 [AsyncHttpClient-1-1] DEBUG org.asynchttpclient.netty.channel.DefaultChannelPool - Entry count for : http://localhost:51084 : 1
19:57:54.619 [AsyncHttpClient-1-5] DEBUG org.asynchttpclient.netty.handler.HttpHandler - 

Request DefaultFullHttpRequest(decodeResult: success, version: HTTP/1.1, content: EmptyByteBufBE)
GET /session/afa2541bcf9685b38b7bdb6952637a5e/screenshot HTTP/1.1
User-Agent: selenium/4.1.4 (java windows)
Cache-Control: no-cache
Content-Type: application/json; charset=utf-8
host: localhost:55097
accept: */*

Response DefaultHttpResponse(decodeResult: success, version: HTTP/1.1)
HTTP/1.1 200 OK
Content-Type: application/json; charset=utf-8
cache-control: no-cache
content-length: 94428

19:57:54.619 [AsyncHttpClient-1-5] DEBUG org.asynchttpclient.netty.channel.ChannelManager - Adding key: http://localhost:55097 for channel [id: 0x623c6654, L:/127.0.0.1:51083 - R:localhost/127.0.0.1:55097]
19:57:54.622 [main] DEBUG net.serenitybdd.core.photography.Darkroom - Send negative for processing for target\site\serenity\52f049b13ee86bce1d2fefb80926b582975a5e8583e0e16983bbd511ad943ac3.png
19:57:54.622 [Darkroom Processing Line] DEBUG net.serenitybdd.core.photography.DarkroomProcessingLine - Processing screenshot image in /var/screenshots/screenshot-14401197826798519396
19:57:54.623 [main] DEBUG net.thucydides.core.steps.StepInterceptor - STARTING STEP: KelolaJadwalSteps.clickSearchAllCategoryManageSchedule - clickButtonChooseCategoryNamaOnArsip
19:57:54.623 [Darkroom Processing Line] DEBUG net.serenitybdd.core.photography.DarkroomProcessingLine - Saving screenshot to target\site\serenity\52f049b13ee86bce1d2fefb80926b582975a5e8583e0e16983bbd511ad943ac3.png
19:57:54.625 [Forwarding findElement on session afa2541bcf9685b38b7bdb6952637a5e to remote] DEBUG org.asynchttpclient.netty.request.NettyRequestSender - Using pooled Channel '[id: 0x623c6654, L:/127.0.0.1:51083 - R:localhost/127.0.0.1:55097]' for 'POST' to 'http://localhost:55097/session/afa2541bcf9685b38b7bdb6952637a5e/element'
19:57:54.625 [Forwarding findElement on session afa2541bcf9685b38b7bdb6952637a5e to remote] DEBUG org.asynchttpclient.netty.request.NettyRequestSender - Using open Channel [id: 0x623c6654, L:/127.0.0.1:51083 - R:localhost/127.0.0.1:55097] for POST '/session/afa2541bcf9685b38b7bdb6952637a5e/element'
19:57:54.641 [AsyncHttpClient-1-5] DEBUG org.asynchttpclient.netty.handler.HttpHandler - 

Request DefaultHttpRequest(decodeResult: success, version: HTTP/1.1)
POST /session/afa2541bcf9685b38b7bdb6952637a5e/element HTTP/1.1
User-Agent: selenium/4.1.4 (java windows)
Content-Length: 73
Content-Type: application/json; charset=utf-8
host: localhost:55097
accept: */*

Response DefaultHttpResponse(decodeResult: success, version: HTTP/1.1)
HTTP/1.1 200 OK
Content-Type: application/json; charset=utf-8
cache-control: no-cache
content-length: 88

19:57:54.641 [AsyncHttpClient-1-5] DEBUG org.asynchttpclient.netty.channel.ChannelManager - Adding key: http://localhost:55097 for channel [id: 0x623c6654, L:/127.0.0.1:51083 - R:localhost/127.0.0.1:55097]
19:57:54.641 [Forwarding getElementTagName on session afa2541bcf9685b38b7bdb6952637a5e to remote] DEBUG org.asynchttpclient.netty.request.NettyRequestSender - Using pooled Channel '[id: 0x623c6654, L:/127.0.0.1:51083 - R:localhost/127.0.0.1:55097]' for 'GET' to 'http://localhost:55097/session/afa2541bcf9685b38b7bdb6952637a5e/element/d90dba03-dff5-4ce5-b15a-3ab4e7dce250/name'
19:57:54.641 [Forwarding getElementTagName on session afa2541bcf9685b38b7bdb6952637a5e to remote] DEBUG org.asynchttpclient.netty.request.NettyRequestSender - Using open Channel [id: 0x623c6654, L:/127.0.0.1:51083 - R:localhost/127.0.0.1:55097] for GET '/session/afa2541bcf9685b38b7bdb6952637a5e/element/d90dba03-dff5-4ce5-b15a-3ab4e7dce250/name'
19:57:54.648 [AsyncHttpClient-1-5] DEBUG org.asynchttpclient.netty.handler.HttpHandler - 

Request DefaultFullHttpRequest(decodeResult: success, version: HTTP/1.1, content: EmptyByteBufBE)
GET /session/afa2541bcf9685b38b7bdb6952637a5e/element/d90dba03-dff5-4ce5-b15a-3ab4e7dce250/name HTTP/1.1
User-Agent: selenium/4.1.4 (java windows)
Cache-Control: no-cache
Content-Type: application/json; charset=utf-8
host: localhost:55097
accept: */*

Response DefaultHttpResponse(decodeResult: success, version: HTTP/1.1)
HTTP/1.1 200 OK
Content-Type: application/json; charset=utf-8
cache-control: no-cache
content-length: 18

19:57:54.648 [AsyncHttpClient-1-5] DEBUG org.asynchttpclient.netty.channel.ChannelManager - Adding key: http://localhost:55097 for channel [id: 0x623c6654, L:/127.0.0.1:51083 - R:localhost/127.0.0.1:55097]
19:57:54.650 [Forwarding getElementTagName on session afa2541bcf9685b38b7bdb6952637a5e to remote] DEBUG org.asynchttpclient.netty.request.NettyRequestSender - Using pooled Channel '[id: 0x623c6654, L:/127.0.0.1:51083 - R:localhost/127.0.0.1:55097]' for 'GET' to 'http://localhost:55097/session/afa2541bcf9685b38b7bdb6952637a5e/element/d90dba03-dff5-4ce5-b15a-3ab4e7dce250/name'
19:57:54.650 [Forwarding getElementTagName on session afa2541bcf9685b38b7bdb6952637a5e to remote] DEBUG org.asynchttpclient.netty.request.NettyRequestSender - Using open Channel [id: 0x623c6654, L:/127.0.0.1:51083 - R:localhost/127.0.0.1:55097] for GET '/session/afa2541bcf9685b38b7bdb6952637a5e/element/d90dba03-dff5-4ce5-b15a-3ab4e7dce250/name'
19:57:54.652 [AsyncHttpClient-1-5] DEBUG org.asynchttpclient.netty.handler.HttpHandler - 

Request DefaultFullHttpRequest(decodeResult: success, version: HTTP/1.1, content: EmptyByteBufBE)
GET /session/afa2541bcf9685b38b7bdb6952637a5e/element/d90dba03-dff5-4ce5-b15a-3ab4e7dce250/name HTTP/1.1
User-Agent: selenium/4.1.4 (java windows)
Cache-Control: no-cache
Content-Type: application/json; charset=utf-8
host: localhost:55097
accept: */*

Response DefaultHttpResponse(decodeResult: success, version: HTTP/1.1)
HTTP/1.1 200 OK
Content-Type: application/json; charset=utf-8
cache-control: no-cache
content-length: 18

19:57:54.653 [AsyncHttpClient-1-5] DEBUG org.asynchttpclient.netty.channel.ChannelManager - Adding key: http://localhost:55097 for channel [id: 0x623c6654, L:/127.0.0.1:51083 - R:localhost/127.0.0.1:55097]
19:57:54.655 [Forwarding isElementEnabled on session afa2541bcf9685b38b7bdb6952637a5e to remote] DEBUG org.asynchttpclient.netty.request.NettyRequestSender - Using pooled Channel '[id: 0x623c6654, L:/127.0.0.1:51083 - R:localhost/127.0.0.1:55097]' for 'GET' to 'http://localhost:55097/session/afa2541bcf9685b38b7bdb6952637a5e/element/d90dba03-dff5-4ce5-b15a-3ab4e7dce250/enabled'
19:57:54.656 [Forwarding isElementEnabled on session afa2541bcf9685b38b7bdb6952637a5e to remote] DEBUG org.asynchttpclient.netty.request.NettyRequestSender - Using open Channel [id: 0x623c6654, L:/127.0.0.1:51083 - R:localhost/127.0.0.1:55097] for GET '/session/afa2541bcf9685b38b7bdb6952637a5e/element/d90dba03-dff5-4ce5-b15a-3ab4e7dce250/enabled'
19:57:54.665 [AsyncHttpClient-1-5] DEBUG org.asynchttpclient.netty.handler.HttpHandler - 

Request DefaultFullHttpRequest(decodeResult: success, version: HTTP/1.1, content: EmptyByteBufBE)
GET /session/afa2541bcf9685b38b7bdb6952637a5e/element/d90dba03-dff5-4ce5-b15a-3ab4e7dce250/enabled HTTP/1.1
User-Agent: selenium/4.1.4 (java windows)
Cache-Control: no-cache
Content-Type: application/json; charset=utf-8
host: localhost:55097
accept: */*

Response DefaultHttpResponse(decodeResult: success, version: HTTP/1.1)
HTTP/1.1 200 OK
Content-Type: application/json; charset=utf-8
cache-control: no-cache
content-length: 14

19:57:54.665 [AsyncHttpClient-1-5] DEBUG org.asynchttpclient.netty.channel.ChannelManager - Adding key: http://localhost:55097 for channel [id: 0x623c6654, L:/127.0.0.1:51083 - R:localhost/127.0.0.1:55097]
19:57:54.667 [Forwarding isElementEnabled on session afa2541bcf9685b38b7bdb6952637a5e to remote] DEBUG org.asynchttpclient.netty.request.NettyRequestSender - Using pooled Channel '[id: 0x623c6654, L:/127.0.0.1:51083 - R:localhost/127.0.0.1:55097]' for 'GET' to 'http://localhost:55097/session/afa2541bcf9685b38b7bdb6952637a5e/element/d90dba03-dff5-4ce5-b15a-3ab4e7dce250/enabled'
19:57:54.667 [Forwarding isElementEnabled on session afa2541bcf9685b38b7bdb6952637a5e to remote] DEBUG org.asynchttpclient.netty.request.NettyRequestSender - Using open Channel [id: 0x623c6654, L:/127.0.0.1:51083 - R:localhost/127.0.0.1:55097] for GET '/session/afa2541bcf9685b38b7bdb6952637a5e/element/d90dba03-dff5-4ce5-b15a-3ab4e7dce250/enabled'
19:57:54.673 [AsyncHttpClient-1-5] DEBUG org.asynchttpclient.netty.handler.HttpHandler - 

Request DefaultFullHttpRequest(decodeResult: success, version: HTTP/1.1, content: EmptyByteBufBE)
GET /session/afa2541bcf9685b38b7bdb6952637a5e/element/d90dba03-dff5-4ce5-b15a-3ab4e7dce250/enabled HTTP/1.1
User-Agent: selenium/4.1.4 (java windows)
Cache-Control: no-cache
Content-Type: application/json; charset=utf-8
host: localhost:55097
accept: */*

Response DefaultHttpResponse(decodeResult: success, version: HTTP/1.1)
HTTP/1.1 200 OK
Content-Type: application/json; charset=utf-8
cache-control: no-cache
content-length: 14

19:57:54.673 [AsyncHttpClient-1-5] DEBUG org.asynchttpclient.netty.channel.ChannelManager - Adding key: http://localhost:55097 for channel [id: 0x623c6654, L:/127.0.0.1:51083 - R:localhost/127.0.0.1:55097]
19:57:54.675 [Forwarding findElement on session afa2541bcf9685b38b7bdb6952637a5e to remote] DEBUG org.asynchttpclient.netty.request.NettyRequestSender - Using pooled Channel '[id: 0x623c6654, L:/127.0.0.1:51083 - R:localhost/127.0.0.1:55097]' for 'POST' to 'http://localhost:55097/session/afa2541bcf9685b38b7bdb6952637a5e/element'
19:57:54.675 [Forwarding findElement on session afa2541bcf9685b38b7bdb6952637a5e to remote] DEBUG org.asynchttpclient.netty.request.NettyRequestSender - Using open Channel [id: 0x623c6654, L:/127.0.0.1:51083 - R:localhost/127.0.0.1:55097] for POST '/session/afa2541bcf9685b38b7bdb6952637a5e/element'
19:57:54.687 [AsyncHttpClient-1-5] DEBUG org.asynchttpclient.netty.handler.HttpHandler - 

Request DefaultHttpRequest(decodeResult: success, version: HTTP/1.1)
POST /session/afa2541bcf9685b38b7bdb6952637a5e/element HTTP/1.1
User-Agent: selenium/4.1.4 (java windows)
Content-Length: 73
Content-Type: application/json; charset=utf-8
host: localhost:55097
accept: */*

Response DefaultHttpResponse(decodeResult: success, version: HTTP/1.1)
HTTP/1.1 200 OK
Content-Type: application/json; charset=utf-8
cache-control: no-cache
content-length: 88

19:57:54.688 [AsyncHttpClient-1-5] DEBUG org.asynchttpclient.netty.channel.ChannelManager - Adding key: http://localhost:55097 for channel [id: 0x623c6654, L:/127.0.0.1:51083 - R:localhost/127.0.0.1:55097]
19:57:54.688 [Forwarding clickElement on session afa2541bcf9685b38b7bdb6952637a5e to remote] DEBUG org.asynchttpclient.netty.request.NettyRequestSender - Using pooled Channel '[id: 0x623c6654, L:/127.0.0.1:51083 - R:localhost/127.0.0.1:55097]' for 'POST' to 'http://localhost:55097/session/afa2541bcf9685b38b7bdb6952637a5e/element/d90dba03-dff5-4ce5-b15a-3ab4e7dce250/click'
19:57:54.688 [Forwarding clickElement on session afa2541bcf9685b38b7bdb6952637a5e to remote] DEBUG org.asynchttpclient.netty.request.NettyRequestSender - Using open Channel [id: 0x623c6654, L:/127.0.0.1:51083 - R:localhost/127.0.0.1:55097] for POST '/session/afa2541bcf9685b38b7bdb6952637a5e/element/d90dba03-dff5-4ce5-b15a-3ab4e7dce250/click'
19:57:54.730 [AsyncHttpClient-1-5] DEBUG org.asynchttpclient.netty.handler.HttpHandler - 

Request DefaultHttpRequest(decodeResult: success, version: HTTP/1.1)
POST /session/afa2541bcf9685b38b7bdb6952637a5e/element/d90dba03-dff5-4ce5-b15a-3ab4e7dce250/click HTTP/1.1
User-Agent: selenium/4.1.4 (java windows)
Content-Length: 50
Content-Type: application/json; charset=utf-8
host: localhost:55097
accept: */*

Response DefaultHttpResponse(decodeResult: success, version: HTTP/1.1)
HTTP/1.1 200 OK
Content-Type: application/json; charset=utf-8
cache-control: no-cache
content-length: 14

19:57:54.731 [AsyncHttpClient-1-5] DEBUG org.asynchttpclient.netty.channel.ChannelManager - Adding key: http://localhost:55097 for channel [id: 0x623c6654, L:/127.0.0.1:51083 - R:localhost/127.0.0.1:55097]
19:57:54.739 [Forwarding screenshot on session afa2541bcf9685b38b7bdb6952637a5e to remote] DEBUG org.asynchttpclient.netty.request.NettyRequestSender - Using pooled Channel '[id: 0x623c6654, L:/127.0.0.1:51083 - R:localhost/127.0.0.1:55097]' for 'GET' to 'http://localhost:55097/session/afa2541bcf9685b38b7bdb6952637a5e/screenshot'
19:57:54.739 [Forwarding screenshot on session afa2541bcf9685b38b7bdb6952637a5e to remote] DEBUG org.asynchttpclient.netty.request.NettyRequestSender - Using open Channel [id: 0x623c6654, L:/127.0.0.1:51083 - R:localhost/127.0.0.1:55097] for GET '/session/afa2541bcf9685b38b7bdb6952637a5e/screenshot'
19:57:54.841 [AsyncHttpClient-1-5] DEBUG org.asynchttpclient.netty.handler.HttpHandler - 

Request DefaultFullHttpRequest(decodeResult: success, version: HTTP/1.1, content: EmptyByteBufBE)
GET /session/afa2541bcf9685b38b7bdb6952637a5e/screenshot HTTP/1.1
User-Agent: selenium/4.1.4 (java windows)
Cache-Control: no-cache
Content-Type: application/json; charset=utf-8
host: localhost:55097
accept: */*

Response DefaultHttpResponse(decodeResult: success, version: HTTP/1.1)
HTTP/1.1 200 OK
Content-Type: application/json; charset=utf-8
cache-control: no-cache
content-length: 94028

19:57:54.842 [AsyncHttpClient-1-5] DEBUG org.asynchttpclient.netty.channel.ChannelManager - Adding key: http://localhost:55097 for channel [id: 0x623c6654, L:/127.0.0.1:51083 - R:localhost/127.0.0.1:55097]
19:57:54.845 [main] DEBUG net.serenitybdd.core.photography.Darkroom - Send negative for processing for target\site\serenity\348a5e78e662c6c9d65d05b69619e36d5e7f300084a2ce8fe450bf8df1339050.png
19:57:54.845 [main] DEBUG net.thucydides.core.steps.StepInterceptor - STEP DONE: clickButtonChooseCategoryNamaOnArsip
  &amp#27;[32mAnd &amp#27;[0m&amp#27;[32mClick search all category manage schedule&amp#27;[0m       &amp#27;[90m# starter.stepdefinitios.KelolaJadwalSteps.clickSearchAllCategoryManageSchedule()&amp#27;[0m
19:57:54.846 [Darkroom Processing Line] DEBUG net.serenitybdd.core.photography.DarkroomProcessingLine - Processing screenshot image in /var/screenshots/screenshot-9711953461135728853
19:57:54.846 [Darkroom Processing Line] DEBUG net.serenitybdd.core.photography.DarkroomProcessingLine - Saving screenshot to target\site\serenity\348a5e78e662c6c9d65d05b69619e36d5e7f300084a2ce8fe450bf8df1339050.png
19:57:55.709 [AsyncHttpClient-1-1] DEBUG org.asynchttpclient.netty.channel.DefaultChannelPool - Entry count for : http://localhost:55097 : 1
19:57:55.709 [AsyncHttpClient-1-1] DEBUG org.asynchttpclient.netty.channel.DefaultChannelPool - Entry count for : http://localhost:51084 : 1
19:57:55.915 [Forwarding screenshot on session afa2541bcf9685b38b7bdb6952637a5e to remote] DEBUG org.asynchttpclient.netty.request.NettyRequestSender - Using pooled Channel '[id: 0x623c6654, L:/127.0.0.1:51083 - R:localhost/127.0.0.1:55097]' for 'GET' to 'http://localhost:55097/session/afa2541bcf9685b38b7bdb6952637a5e/screenshot'
19:57:55.915 [Forwarding screenshot on session afa2541bcf9685b38b7bdb6952637a5e to remote] DEBUG org.asynchttpclient.netty.request.NettyRequestSender - Using open Channel [id: 0x623c6654, L:/127.0.0.1:51083 - R:localhost/127.0.0.1:55097] for GET '/session/afa2541bcf9685b38b7bdb6952637a5e/screenshot'
19:57:56.099 [AsyncHttpClient-1-5] DEBUG org.asynchttpclient.netty.handler.HttpHandler - 

Request DefaultFullHttpRequest(decodeResult: success, version: HTTP/1.1, content: EmptyByteBufBE)
GET /session/afa2541bcf9685b38b7bdb6952637a5e/screenshot HTTP/1.1
User-Agent: selenium/4.1.4 (java windows)
Cache-Control: no-cache
Content-Type: application/json; charset=utf-8
host: localhost:55097
accept: */*

Response DefaultHttpResponse(decodeResult: success, version: HTTP/1.1)
HTTP/1.1 200 OK
Content-Type: application/json; charset=utf-8
cache-control: no-cache
content-length: 94028

19:57:56.100 [AsyncHttpClient-1-5] DEBUG org.asynchttpclient.netty.channel.ChannelManager - Adding key: http://localhost:55097 for channel [id: 0x623c6654, L:/127.0.0.1:51083 - R:localhost/127.0.0.1:55097]
19:57:56.105 [main] DEBUG net.serenitybdd.core.photography.Darkroom - Send negative for processing for target\site\serenity\348a5e78e662c6c9d65d05b69619e36d5e7f300084a2ce8fe450bf8df1339050.png
19:57:56.105 [main] DEBUG net.thucydides.core.steps.StepInterceptor - STARTING STEP: ArsipJadwalSteps.clickChoseNamaPasien - clickButtonChooseCategoryNamaOnArsip
19:57:56.112 [Forwarding findElement on session afa2541bcf9685b38b7bdb6952637a5e to remote] DEBUG org.asynchttpclient.netty.request.NettyRequestSender - Using pooled Channel '[id: 0x623c6654, L:/127.0.0.1:51083 - R:localhost/127.0.0.1:55097]' for 'POST' to 'http://localhost:55097/session/afa2541bcf9685b38b7bdb6952637a5e/element'
19:57:56.112 [Forwarding findElement on session afa2541bcf9685b38b7bdb6952637a5e to remote] DEBUG org.asynchttpclient.netty.request.NettyRequestSender - Using open Channel [id: 0x623c6654, L:/127.0.0.1:51083 - R:localhost/127.0.0.1:55097] for POST '/session/afa2541bcf9685b38b7bdb6952637a5e/element'
19:57:56.127 [AsyncHttpClient-1-5] DEBUG org.asynchttpclient.netty.handler.HttpHandler - 

Request DefaultHttpRequest(decodeResult: success, version: HTTP/1.1)
POST /session/afa2541bcf9685b38b7bdb6952637a5e/element HTTP/1.1
User-Agent: selenium/4.1.4 (java windows)
Content-Length: 73
Content-Type: application/json; charset=utf-8
host: localhost:55097
accept: */*

Response DefaultHttpResponse(decodeResult: success, version: HTTP/1.1)
HTTP/1.1 200 OK
Content-Type: application/json; charset=utf-8
cache-control: no-cache
content-length: 88

19:57:56.128 [AsyncHttpClient-1-5] DEBUG org.asynchttpclient.netty.channel.ChannelManager - Adding key: http://localhost:55097 for channel [id: 0x623c6654, L:/127.0.0.1:51083 - R:localhost/127.0.0.1:55097]
19:57:56.132 [Forwarding getElementTagName on session afa2541bcf9685b38b7bdb6952637a5e to remote] DEBUG org.asynchttpclient.netty.request.NettyRequestSender - Using pooled Channel '[id: 0x623c6654, L:/127.0.0.1:51083 - R:localhost/127.0.0.1:55097]' for 'GET' to 'http://localhost:55097/session/afa2541bcf9685b38b7bdb6952637a5e/element/d90dba03-dff5-4ce5-b15a-3ab4e7dce250/name'
19:57:56.132 [Forwarding getElementTagName on session afa2541bcf9685b38b7bdb6952637a5e to remote] DEBUG org.asynchttpclient.netty.request.NettyRequestSender - Using open Channel [id: 0x623c6654, L:/127.0.0.1:51083 - R:localhost/127.0.0.1:55097] for GET '/session/afa2541bcf9685b38b7bdb6952637a5e/element/d90dba03-dff5-4ce5-b15a-3ab4e7dce250/name'
19:57:56.137 [AsyncHttpClient-1-5] DEBUG org.asynchttpclient.netty.handler.HttpHandler - 

Request DefaultFullHttpRequest(decodeResult: success, version: HTTP/1.1, content: EmptyByteBufBE)
GET /session/afa2541bcf9685b38b7bdb6952637a5e/element/d90dba03-dff5-4ce5-b15a-3ab4e7dce250/name HTTP/1.1
User-Agent: selenium/4.1.4 (java windows)
Cache-Control: no-cache
Content-Type: application/json; charset=utf-8
host: localhost:55097
accept: */*

Response DefaultHttpResponse(decodeResult: success, version: HTTP/1.1)
HTTP/1.1 200 OK
Content-Type: application/json; charset=utf-8
cache-control: no-cache
content-length: 18

19:57:56.138 [AsyncHttpClient-1-5] DEBUG org.asynchttpclient.netty.channel.ChannelManager - Adding key: http://localhost:55097 for channel [id: 0x623c6654, L:/127.0.0.1:51083 - R:localhost/127.0.0.1:55097]
19:57:56.140 [Forwarding getElementTagName on session afa2541bcf9685b38b7bdb6952637a5e to remote] DEBUG org.asynchttpclient.netty.request.NettyRequestSender - Using pooled Channel '[id: 0x623c6654, L:/127.0.0.1:51083 - R:localhost/127.0.0.1:55097]' for 'GET' to 'http://localhost:55097/session/afa2541bcf9685b38b7bdb6952637a5e/element/d90dba03-dff5-4ce5-b15a-3ab4e7dce250/name'
19:57:56.140 [Forwarding getElementTagName on session afa2541bcf9685b38b7bdb6952637a5e to remote] DEBUG org.asynchttpclient.netty.request.NettyRequestSender - Using open Channel [id: 0x623c6654, L:/127.0.0.1:51083 - R:localhost/127.0.0.1:55097] for GET '/session/afa2541bcf9685b38b7bdb6952637a5e/element/d90dba03-dff5-4ce5-b15a-3ab4e7dce250/name'
19:57:56.145 [AsyncHttpClient-1-5] DEBUG org.asynchttpclient.netty.handler.HttpHandler - 

Request DefaultFullHttpRequest(decodeResult: success, version: HTTP/1.1, content: EmptyByteBufBE)
GET /session/afa2541bcf9685b38b7bdb6952637a5e/element/d90dba03-dff5-4ce5-b15a-3ab4e7dce250/name HTTP/1.1
User-Agent: selenium/4.1.4 (java windows)
Cache-Control: no-cache
Content-Type: application/json; charset=utf-8
host: localhost:55097
accept: */*

Response DefaultHttpResponse(decodeResult: success, version: HTTP/1.1)
HTTP/1.1 200 OK
Content-Type: application/json; charset=utf-8
cache-control: no-cache
content-length: 18

19:57:56.146 [AsyncHttpClient-1-5] DEBUG org.asynchttpclient.netty.channel.ChannelManager - Adding key: http://localhost:55097 for channel [id: 0x623c6654, L:/127.0.0.1:51083 - R:localhost/127.0.0.1:55097]
19:57:56.150 [Forwarding isElementEnabled on session afa2541bcf9685b38b7bdb6952637a5e to remote] DEBUG org.asynchttpclient.netty.request.NettyRequestSender - Using pooled Channel '[id: 0x623c6654, L:/127.0.0.1:51083 - R:localhost/127.0.0.1:55097]' for 'GET' to 'http://localhost:55097/session/afa2541bcf9685b38b7bdb6952637a5e/element/d90dba03-dff5-4ce5-b15a-3ab4e7dce250/enabled'
19:57:56.150 [Forwarding isElementEnabled on session afa2541bcf9685b38b7bdb6952637a5e to remote] DEBUG org.asynchttpclient.netty.request.NettyRequestSender - Using open Channel [id: 0x623c6654, L:/127.0.0.1:51083 - R:localhost/127.0.0.1:55097] for GET '/session/afa2541bcf9685b38b7bdb6952637a5e/element/d90dba03-dff5-4ce5-b15a-3ab4e7dce250/enabled'
19:57:56.160 [AsyncHttpClient-1-5] DEBUG org.asynchttpclient.netty.handler.HttpHandler - 

Request DefaultFullHttpRequest(decodeResult: success, version: HTTP/1.1, content: EmptyByteBufBE)
GET /session/afa2541bcf9685b38b7bdb6952637a5e/element/d90dba03-dff5-4ce5-b15a-3ab4e7dce250/enabled HTTP/1.1
User-Agent: selenium/4.1.4 (java windows)
Cache-Control: no-cache
Content-Type: application/json; charset=utf-8
host: localhost:55097
accept: */*

Response DefaultHttpResponse(decodeResult: success, version: HTTP/1.1)
HTTP/1.1 200 OK
Content-Type: application/json; charset=utf-8
cache-control: no-cache
content-length: 14

19:57:56.160 [AsyncHttpClient-1-5] DEBUG org.asynchttpclient.netty.channel.ChannelManager - Adding key: http://localhost:55097 for channel [id: 0x623c6654, L:/127.0.0.1:51083 - R:localhost/127.0.0.1:55097]
19:57:56.163 [Forwarding isElementEnabled on session afa2541bcf9685b38b7bdb6952637a5e to remote] DEBUG org.asynchttpclient.netty.request.NettyRequestSender - Using pooled Channel '[id: 0x623c6654, L:/127.0.0.1:51083 - R:localhost/127.0.0.1:55097]' for 'GET' to 'http://localhost:55097/session/afa2541bcf9685b38b7bdb6952637a5e/element/d90dba03-dff5-4ce5-b15a-3ab4e7dce250/enabled'
19:57:56.163 [Forwarding isElementEnabled on session afa2541bcf9685b38b7bdb6952637a5e to remote] DEBUG org.asynchttpclient.netty.request.NettyRequestSender - Using open Channel [id: 0x623c6654, L:/127.0.0.1:51083 - R:localhost/127.0.0.1:55097] for GET '/session/afa2541bcf9685b38b7bdb6952637a5e/element/d90dba03-dff5-4ce5-b15a-3ab4e7dce250/enabled'
19:57:56.171 [AsyncHttpClient-1-5] DEBUG org.asynchttpclient.netty.handler.HttpHandler - 

Request DefaultFullHttpRequest(decodeResult: success, version: HTTP/1.1, content: EmptyByteBufBE)
GET /session/afa2541bcf9685b38b7bdb6952637a5e/element/d90dba03-dff5-4ce5-b15a-3ab4e7dce250/enabled HTTP/1.1
User-Agent: selenium/4.1.4 (java windows)
Cache-Control: no-cache
Content-Type: application/json; charset=utf-8
host: localhost:55097
accept: */*

Response DefaultHttpResponse(decodeResult: success, version: HTTP/1.1)
HTTP/1.1 200 OK
Content-Type: application/json; charset=utf-8
cache-control: no-cache
content-length: 14

19:57:56.172 [AsyncHttpClient-1-5] DEBUG org.asynchttpclient.netty.channel.ChannelManager - Adding key: http://localhost:55097 for channel [id: 0x623c6654, L:/127.0.0.1:51083 - R:localhost/127.0.0.1:55097]
19:57:56.175 [Forwarding findElement on session afa2541bcf9685b38b7bdb6952637a5e to remote] DEBUG org.asynchttpclient.netty.request.NettyRequestSender - Using pooled Channel '[id: 0x623c6654, L:/127.0.0.1:51083 - R:localhost/127.0.0.1:55097]' for 'POST' to 'http://localhost:55097/session/afa2541bcf9685b38b7bdb6952637a5e/element'
19:57:56.175 [Forwarding findElement on session afa2541bcf9685b38b7bdb6952637a5e to remote] DEBUG org.asynchttpclient.netty.request.NettyRequestSender - Using open Channel [id: 0x623c6654, L:/127.0.0.1:51083 - R:localhost/127.0.0.1:55097] for POST '/session/afa2541bcf9685b38b7bdb6952637a5e/element'
19:57:56.189 [AsyncHttpClient-1-5] DEBUG org.asynchttpclient.netty.handler.HttpHandler - 

Request DefaultHttpRequest(decodeResult: success, version: HTTP/1.1)
POST /session/afa2541bcf9685b38b7bdb6952637a5e/element HTTP/1.1
User-Agent: selenium/4.1.4 (java windows)
Content-Length: 73
Content-Type: application/json; charset=utf-8
host: localhost:55097
accept: */*

Response DefaultHttpResponse(decodeResult: success, version: HTTP/1.1)
HTTP/1.1 200 OK
Content-Type: application/json; charset=utf-8
cache-control: no-cache
content-length: 88

19:57:56.189 [AsyncHttpClient-1-5] DEBUG org.asynchttpclient.netty.channel.ChannelManager - Adding key: http://localhost:55097 for channel [id: 0x623c6654, L:/127.0.0.1:51083 - R:localhost/127.0.0.1:55097]
19:57:56.190 [Forwarding clickElement on session afa2541bcf9685b38b7bdb6952637a5e to remote] DEBUG org.asynchttpclient.netty.request.NettyRequestSender - Using pooled Channel '[id: 0x623c6654, L:/127.0.0.1:51083 - R:localhost/127.0.0.1:55097]' for 'POST' to 'http://localhost:55097/session/afa2541bcf9685b38b7bdb6952637a5e/element/d90dba03-dff5-4ce5-b15a-3ab4e7dce250/click'
19:57:56.193 [Forwarding clickElement on session afa2541bcf9685b38b7bdb6952637a5e to remote] DEBUG org.asynchttpclient.netty.request.NettyRequestSender - Using open Channel [id: 0x623c6654, L:/127.0.0.1:51083 - R:localhost/127.0.0.1:55097] for POST '/session/afa2541bcf9685b38b7bdb6952637a5e/element/d90dba03-dff5-4ce5-b15a-3ab4e7dce250/click'
19:57:56.213 [AsyncHttpClient-1-5] DEBUG org.asynchttpclient.netty.handler.HttpHandler - 

Request DefaultHttpRequest(decodeResult: success, version: HTTP/1.1)
POST /session/afa2541bcf9685b38b7bdb6952637a5e/element/d90dba03-dff5-4ce5-b15a-3ab4e7dce250/click HTTP/1.1
User-Agent: selenium/4.1.4 (java windows)
Content-Length: 50
Content-Type: application/json; charset=utf-8
host: localhost:55097
accept: */*

Response DefaultHttpResponse(decodeResult: success, version: HTTP/1.1)
HTTP/1.1 200 OK
Content-Type: application/json; charset=utf-8
cache-control: no-cache
content-length: 14

19:57:56.213 [AsyncHttpClient-1-5] DEBUG org.asynchttpclient.netty.channel.ChannelManager - Adding key: http://localhost:55097 for channel [id: 0x623c6654, L:/127.0.0.1:51083 - R:localhost/127.0.0.1:55097]
19:57:56.217 [Forwarding screenshot on session afa2541bcf9685b38b7bdb6952637a5e to remote] DEBUG org.asynchttpclient.netty.request.NettyRequestSender - Using pooled Channel '[id: 0x623c6654, L:/127.0.0.1:51083 - R:localhost/127.0.0.1:55097]' for 'GET' to 'http://localhost:55097/session/afa2541bcf9685b38b7bdb6952637a5e/screenshot'
19:57:56.217 [Forwarding screenshot on session afa2541bcf9685b38b7bdb6952637a5e to remote] DEBUG org.asynchttpclient.netty.request.NettyRequestSender - Using open Channel [id: 0x623c6654, L:/127.0.0.1:51083 - R:localhost/127.0.0.1:55097] for GET '/session/afa2541bcf9685b38b7bdb6952637a5e/screenshot'
19:57:56.373 [AsyncHttpClient-1-5] DEBUG org.asynchttpclient.netty.handler.HttpHandler - 

Request DefaultFullHttpRequest(decodeResult: success, version: HTTP/1.1, content: EmptyByteBufBE)
GET /session/afa2541bcf9685b38b7bdb6952637a5e/screenshot HTTP/1.1
User-Agent: selenium/4.1.4 (java windows)
Cache-Control: no-cache
Content-Type: application/json; charset=utf-8
host: localhost:55097
accept: */*

Response DefaultHttpResponse(decodeResult: success, version: HTTP/1.1)
HTTP/1.1 200 OK
Content-Type: application/json; charset=utf-8
cache-control: no-cache
content-length: 94028

19:57:56.374 [AsyncHttpClient-1-5] DEBUG org.asynchttpclient.netty.channel.ChannelManager - Adding key: http://localhost:55097 for channel [id: 0x623c6654, L:/127.0.0.1:51083 - R:localhost/127.0.0.1:55097]
19:57:56.378 [main] DEBUG net.serenitybdd.core.photography.Darkroom - Send negative for processing for target\site\serenity\348a5e78e662c6c9d65d05b69619e36d5e7f300084a2ce8fe450bf8df1339050.png
19:57:56.378 [main] DEBUG net.thucydides.core.steps.StepInterceptor - STEP DONE: clickButtonChooseCategoryNamaOnArsip
  &amp#27;[32mThen &amp#27;[0m&amp#27;[32mClick chose nama pasien&amp#27;[0m                        &amp#27;[90m# starter.stepdefinitios.ArsipJadwalSteps.clickChoseNamaPasien()&amp#27;[0m
19:57:56.811 [AsyncHttpClient-1-1] DEBUG org.asynchttpclient.netty.channel.DefaultChannelPool - Entry count for : http://localhost:55097 : 1
19:57:56.811 [AsyncHttpClient-1-1] DEBUG org.asynchttpclient.netty.channel.DefaultChannelPool - Entry count for : http://localhost:51084 : 1
19:57:57.917 [AsyncHttpClient-1-1] DEBUG org.asynchttpclient.netty.channel.DefaultChannelPool - Entry count for : http://localhost:55097 : 1
19:57:57.917 [AsyncHttpClient-1-1] DEBUG org.asynchttpclient.netty.channel.DefaultChannelPool - Entry count for : http://localhost:51084 : 1
19:57:58.590 [Forwarding screenshot on session afa2541bcf9685b38b7bdb6952637a5e to remote] DEBUG org.asynchttpclient.netty.request.NettyRequestSender - Using pooled Channel '[id: 0x623c6654, L:/127.0.0.1:51083 - R:localhost/127.0.0.1:55097]' for 'GET' to 'http://localhost:55097/session/afa2541bcf9685b38b7bdb6952637a5e/screenshot'
19:57:58.590 [Forwarding screenshot on session afa2541bcf9685b38b7bdb6952637a5e to remote] DEBUG org.asynchttpclient.netty.request.NettyRequestSender - Using open Channel [id: 0x623c6654, L:/127.0.0.1:51083 - R:localhost/127.0.0.1:55097] for GET '/session/afa2541bcf9685b38b7bdb6952637a5e/screenshot'
19:57:58.744 [AsyncHttpClient-1-5] DEBUG org.asynchttpclient.netty.handler.HttpHandler - 

Request DefaultFullHttpRequest(decodeResult: success, version: HTTP/1.1, content: EmptyByteBufBE)
GET /session/afa2541bcf9685b38b7bdb6952637a5e/screenshot HTTP/1.1
User-Agent: selenium/4.1.4 (java windows)
Cache-Control: no-cache
Content-Type: application/json; charset=utf-8
host: localhost:55097
accept: */*

Response DefaultHttpResponse(decodeResult: success, version: HTTP/1.1)
HTTP/1.1 200 OK
Content-Type: application/json; charset=utf-8
cache-control: no-cache
content-length: 94028

19:57:58.745 [AsyncHttpClient-1-5] DEBUG org.asynchttpclient.netty.channel.ChannelManager - Adding key: http://localhost:55097 for channel [id: 0x623c6654, L:/127.0.0.1:51083 - R:localhost/127.0.0.1:55097]
19:57:58.751 [main] DEBUG net.serenitybdd.core.photography.Darkroom - Send negative for processing for target\site\serenity\348a5e78e662c6c9d65d05b69619e36d5e7f300084a2ce8fe450bf8df1339050.png
19:57:58.751 [main] DEBUG net.thucydides.core.steps.StepInterceptor - STARTING STEP: PatientDataSteps.inputDataCategory - inputDataCategory
19:57:58.757 [Forwarding findElement on session afa2541bcf9685b38b7bdb6952637a5e to remote] DEBUG org.asynchttpclient.netty.request.NettyRequestSender - Using pooled Channel '[id: 0x623c6654, L:/127.0.0.1:51083 - R:localhost/127.0.0.1:55097]' for 'POST' to 'http://localhost:55097/session/afa2541bcf9685b38b7bdb6952637a5e/element'
19:57:58.757 [Forwarding findElement on session afa2541bcf9685b38b7bdb6952637a5e to remote] DEBUG org.asynchttpclient.netty.request.NettyRequestSender - Using open Channel [id: 0x623c6654, L:/127.0.0.1:51083 - R:localhost/127.0.0.1:55097] for POST '/session/afa2541bcf9685b38b7bdb6952637a5e/element'
19:57:58.778 [AsyncHttpClient-1-5] DEBUG org.asynchttpclient.netty.handler.HttpHandler - 

Request DefaultHttpRequest(decodeResult: success, version: HTTP/1.1)
POST /session/afa2541bcf9685b38b7bdb6952637a5e/element HTTP/1.1
User-Agent: selenium/4.1.4 (java windows)
Content-Length: 102
Content-Type: application/json; charset=utf-8
host: localhost:55097
accept: */*

Response DefaultHttpResponse(decodeResult: success, version: HTTP/1.1)
HTTP/1.1 200 OK
Content-Type: application/json; charset=utf-8
cache-control: no-cache
content-length: 88

19:57:58.779 [AsyncHttpClient-1-5] DEBUG org.asynchttpclient.netty.channel.ChannelManager - Adding key: http://localhost:55097 for channel [id: 0x623c6654, L:/127.0.0.1:51083 - R:localhost/127.0.0.1:55097]
19:57:58.786 [Forwarding clearElement on session afa2541bcf9685b38b7bdb6952637a5e to remote] DEBUG org.asynchttpclient.netty.request.NettyRequestSender - Using pooled Channel '[id: 0x623c6654, L:/127.0.0.1:51083 - R:localhost/127.0.0.1:55097]' for 'POST' to 'http://localhost:55097/session/afa2541bcf9685b38b7bdb6952637a5e/element/c6f06771-b77f-4004-8d38-db47a10f4c38/clear'
19:57:58.786 [Forwarding clearElement on session afa2541bcf9685b38b7bdb6952637a5e to remote] DEBUG org.asynchttpclient.netty.request.NettyRequestSender - Using open Channel [id: 0x623c6654, L:/127.0.0.1:51083 - R:localhost/127.0.0.1:55097] for POST '/session/afa2541bcf9685b38b7bdb6952637a5e/element/c6f06771-b77f-4004-8d38-db47a10f4c38/clear'
19:57:58.831 [AsyncHttpClient-1-5] DEBUG org.asynchttpclient.netty.handler.HttpHandler - 

Request DefaultHttpRequest(decodeResult: success, version: HTTP/1.1)
POST /session/afa2541bcf9685b38b7bdb6952637a5e/element/c6f06771-b77f-4004-8d38-db47a10f4c38/clear HTTP/1.1
User-Agent: selenium/4.1.4 (java windows)
Content-Length: 50
Content-Type: application/json; charset=utf-8
host: localhost:55097
accept: */*

Response DefaultHttpResponse(decodeResult: success, version: HTTP/1.1)
HTTP/1.1 200 OK
Content-Type: application/json; charset=utf-8
cache-control: no-cache
content-length: 14

19:57:58.831 [AsyncHttpClient-1-5] DEBUG org.asynchttpclient.netty.channel.ChannelManager - Adding key: http://localhost:55097 for channel [id: 0x623c6654, L:/127.0.0.1:51083 - R:localhost/127.0.0.1:55097]
19:57:58.832 [Forwarding sendKeysToElement on session afa2541bcf9685b38b7bdb6952637a5e to remote] DEBUG org.asynchttpclient.netty.request.NettyRequestSender - Using pooled Channel '[id: 0x623c6654, L:/127.0.0.1:51083 - R:localhost/127.0.0.1:55097]' for 'POST' to 'http://localhost:55097/session/afa2541bcf9685b38b7bdb6952637a5e/element/c6f06771-b77f-4004-8d38-db47a10f4c38/value'
19:57:58.832 [Forwarding sendKeysToElement on session afa2541bcf9685b38b7bdb6952637a5e to remote] DEBUG org.asynchttpclient.netty.request.NettyRequestSender - Using open Channel [id: 0x623c6654, L:/127.0.0.1:51083 - R:localhost/127.0.0.1:55097] for POST '/session/afa2541bcf9685b38b7bdb6952637a5e/element/c6f06771-b77f-4004-8d38-db47a10f4c38/value'
19:57:58.898 [AsyncHttpClient-1-5] DEBUG org.asynchttpclient.netty.handler.HttpHandler - 

Request DefaultHttpRequest(decodeResult: success, version: HTTP/1.1)
POST /session/afa2541bcf9685b38b7bdb6952637a5e/element/c6f06771-b77f-4004-8d38-db47a10f4c38/value HTTP/1.1
User-Agent: selenium/4.1.4 (java windows)
Content-Length: 131
Content-Type: application/json; charset=utf-8
host: localhost:55097
accept: */*

Response DefaultHttpResponse(decodeResult: success, version: HTTP/1.1)
HTTP/1.1 200 OK
Content-Type: application/json; charset=utf-8
cache-control: no-cache
content-length: 14

19:57:58.898 [AsyncHttpClient-1-5] DEBUG org.asynchttpclient.netty.channel.ChannelManager - Adding key: http://localhost:55097 for channel [id: 0x623c6654, L:/127.0.0.1:51083 - R:localhost/127.0.0.1:55097]
19:57:58.905 [Forwarding screenshot on session afa2541bcf9685b38b7bdb6952637a5e to remote] DEBUG org.asynchttpclient.netty.request.NettyRequestSender - Using pooled Channel '[id: 0x623c6654, L:/127.0.0.1:51083 - R:localhost/127.0.0.1:55097]' for 'GET' to 'http://localhost:55097/session/afa2541bcf9685b38b7bdb6952637a5e/screenshot'
19:57:58.905 [Forwarding screenshot on session afa2541bcf9685b38b7bdb6952637a5e to remote] DEBUG org.asynchttpclient.netty.request.NettyRequestSender - Using open Channel [id: 0x623c6654, L:/127.0.0.1:51083 - R:localhost/127.0.0.1:55097] for GET '/session/afa2541bcf9685b38b7bdb6952637a5e/screenshot'
19:57:59.007 [AsyncHttpClient-1-5] DEBUG org.asynchttpclient.netty.handler.HttpHandler - 

Request DefaultFullHttpRequest(decodeResult: success, version: HTTP/1.1, content: EmptyByteBufBE)
GET /session/afa2541bcf9685b38b7bdb6952637a5e/screenshot HTTP/1.1
User-Agent: selenium/4.1.4 (java windows)
Cache-Control: no-cache
Content-Type: application/json; charset=utf-8
host: localhost:55097
accept: */*

Response DefaultHttpResponse(decodeResult: success, version: HTTP/1.1)
HTTP/1.1 200 OK
Content-Type: application/json; charset=utf-8
cache-control: no-cache
content-length: 94824

19:57:59.008 [AsyncHttpClient-1-5] DEBUG org.asynchttpclient.netty.channel.ChannelManager - Adding key: http://localhost:55097 for channel [id: 0x623c6654, L:/127.0.0.1:51083 - R:localhost/127.0.0.1:55097]
19:57:59.011 [main] DEBUG net.serenitybdd.core.photography.Darkroom - Send negative for processing for target\site\serenity\44c9ac42fb44a576e9ba93e28b1b20fe81c8e1fe457b9d67502491f1641ee86c.png
19:57:59.011 [main] DEBUG net.thucydides.core.steps.StepInterceptor - STEP DONE: inputDataCategory
  &amp#27;[32mAnd &amp#27;[0m&amp#27;[32mInput data &amp#27;[0m&amp#27;[32m&amp#27;[1m"bagas"&amp#27;[0m&amp#27;[32m category&amp#27;[0m                     &amp#27;[90m# starter.stepdefinitios.PatientDataSteps.inputDataCategory(java.lang.String)&amp#27;[0m
19:57:59.011 [Darkroom Processing Line] DEBUG net.serenitybdd.core.photography.DarkroomProcessingLine - Processing screenshot image in /var/screenshots/screenshot-3371673565044870343
19:57:59.011 [Darkroom Processing Line] DEBUG net.serenitybdd.core.photography.DarkroomProcessingLine - Saving screenshot to target\site\serenity\44c9ac42fb44a576e9ba93e28b1b20fe81c8e1fe457b9d67502491f1641ee86c.png
19:57:59.013 [AsyncHttpClient-1-1] DEBUG org.asynchttpclient.netty.channel.DefaultChannelPool - Entry count for : http://localhost:55097 : 1
19:57:59.013 [AsyncHttpClient-1-1] DEBUG org.asynchttpclient.netty.channel.DefaultChannelPool - Entry count for : http://localhost:51084 : 1
19:58:00.114 [AsyncHttpClient-1-1] DEBUG org.asynchttpclient.netty.channel.DefaultChannelPool - Entry count for : http://localhost:55097 : 1
19:58:00.114 [AsyncHttpClient-1-1] DEBUG org.asynchttpclient.netty.channel.DefaultChannelPool - Entry count for : http://localhost:51084 : 1
19:58:01.052 [Forwarding screenshot on session afa2541bcf9685b38b7bdb6952637a5e to remote] DEBUG org.asynchttpclient.netty.request.NettyRequestSender - Using pooled Channel '[id: 0x623c6654, L:/127.0.0.1:51083 - R:localhost/127.0.0.1:55097]' for 'GET' to 'http://localhost:55097/session/afa2541bcf9685b38b7bdb6952637a5e/screenshot'
19:58:01.053 [Forwarding screenshot on session afa2541bcf9685b38b7bdb6952637a5e to remote] DEBUG org.asynchttpclient.netty.request.NettyRequestSender - Using open Channel [id: 0x623c6654, L:/127.0.0.1:51083 - R:localhost/127.0.0.1:55097] for GET '/session/afa2541bcf9685b38b7bdb6952637a5e/screenshot'
19:58:01.212 [AsyncHttpClient-1-1] DEBUG org.asynchttpclient.netty.channel.DefaultChannelPool - Entry count for : http://localhost:51084 : 1
19:58:01.217 [AsyncHttpClient-1-5] DEBUG org.asynchttpclient.netty.handler.HttpHandler - 

Request DefaultFullHttpRequest(decodeResult: success, version: HTTP/1.1, content: EmptyByteBufBE)
GET /session/afa2541bcf9685b38b7bdb6952637a5e/screenshot HTTP/1.1
User-Agent: selenium/4.1.4 (java windows)
Cache-Control: no-cache
Content-Type: application/json; charset=utf-8
host: localhost:55097
accept: */*

Response DefaultHttpResponse(decodeResult: success, version: HTTP/1.1)
HTTP/1.1 200 OK
Content-Type: application/json; charset=utf-8
cache-control: no-cache
content-length: 94900

19:58:01.217 [AsyncHttpClient-1-5] DEBUG org.asynchttpclient.netty.channel.ChannelManager - Adding key: http://localhost:55097 for channel [id: 0x623c6654, L:/127.0.0.1:51083 - R:localhost/127.0.0.1:55097]
19:58:01.222 [main] DEBUG net.serenitybdd.core.photography.Darkroom - Send negative for processing for target\site\serenity\db658789eb4003e8298ba52f9d974b04e578c929a1ca4d9046d967ed2444c03e.png
19:58:01.222 [Darkroom Processing Line] DEBUG net.serenitybdd.core.photography.DarkroomProcessingLine - Processing screenshot image in /var/screenshots/screenshot-14663280393616648413
19:58:01.222 [Darkroom Processing Line] DEBUG net.serenitybdd.core.photography.DarkroomProcessingLine - Saving screenshot to target\site\serenity\db658789eb4003e8298ba52f9d974b04e578c929a1ca4d9046d967ed2444c03e.png
19:58:01.222 [main] DEBUG net.thucydides.core.steps.StepInterceptor - STARTING STEP: ArsipJadwalSteps.validDataCategoryArchive - validPagePasien
19:58:01.225 [Forwarding findElement on session afa2541bcf9685b38b7bdb6952637a5e to remote] DEBUG org.asynchttpclient.netty.request.NettyRequestSender - Using pooled Channel '[id: 0x623c6654, L:/127.0.0.1:51083 - R:localhost/127.0.0.1:55097]' for 'POST' to 'http://localhost:55097/session/afa2541bcf9685b38b7bdb6952637a5e/element'
19:58:01.225 [Forwarding findElement on session afa2541bcf9685b38b7bdb6952637a5e to remote] DEBUG org.asynchttpclient.netty.request.NettyRequestSender - Using open Channel [id: 0x623c6654, L:/127.0.0.1:51083 - R:localhost/127.0.0.1:55097] for POST '/session/afa2541bcf9685b38b7bdb6952637a5e/element'
19:58:01.246 [AsyncHttpClient-1-5] DEBUG org.asynchttpclient.netty.handler.HttpHandler - 

Request DefaultHttpRequest(decodeResult: success, version: HTTP/1.1)
POST /session/afa2541bcf9685b38b7bdb6952637a5e/element HTTP/1.1
User-Agent: selenium/4.1.4 (java windows)
Content-Length: 126
Content-Type: application/json; charset=utf-8
host: localhost:55097
accept: */*

Response DefaultHttpResponse(decodeResult: success, version: HTTP/1.1)
HTTP/1.1 200 OK
Content-Type: application/json; charset=utf-8
cache-control: no-cache
content-length: 88

19:58:01.246 [AsyncHttpClient-1-5] DEBUG org.asynchttpclient.netty.channel.ChannelManager - Adding key: http://localhost:55097 for channel [id: 0x623c6654, L:/127.0.0.1:51083 - R:localhost/127.0.0.1:55097]
19:58:01.248 [Forwarding isElementEnabled on session afa2541bcf9685b38b7bdb6952637a5e to remote] DEBUG org.asynchttpclient.netty.request.NettyRequestSender - Using pooled Channel '[id: 0x623c6654, L:/127.0.0.1:51083 - R:localhost/127.0.0.1:55097]' for 'GET' to 'http://localhost:55097/session/afa2541bcf9685b38b7bdb6952637a5e/element/d97749e7-68be-43cc-9572-4b1cede35518/enabled'
19:58:01.248 [Forwarding isElementEnabled on session afa2541bcf9685b38b7bdb6952637a5e to remote] DEBUG org.asynchttpclient.netty.request.NettyRequestSender - Using open Channel [id: 0x623c6654, L:/127.0.0.1:51083 - R:localhost/127.0.0.1:55097] for GET '/session/afa2541bcf9685b38b7bdb6952637a5e/element/d97749e7-68be-43cc-9572-4b1cede35518/enabled'
19:58:01.267 [AsyncHttpClient-1-5] DEBUG org.asynchttpclient.netty.handler.HttpHandler - 

Request DefaultFullHttpRequest(decodeResult: success, version: HTTP/1.1, content: EmptyByteBufBE)
GET /session/afa2541bcf9685b38b7bdb6952637a5e/element/d97749e7-68be-43cc-9572-4b1cede35518/enabled HTTP/1.1
User-Agent: selenium/4.1.4 (java windows)
Cache-Control: no-cache
Content-Type: application/json; charset=utf-8
host: localhost:55097
accept: */*

Response DefaultHttpResponse(decodeResult: success, version: HTTP/1.1)
HTTP/1.1 200 OK
Content-Type: application/json; charset=utf-8
cache-control: no-cache
content-length: 14

19:58:01.267 [AsyncHttpClient-1-5] DEBUG org.asynchttpclient.netty.channel.ChannelManager - Adding key: http://localhost:55097 for channel [id: 0x623c6654, L:/127.0.0.1:51083 - R:localhost/127.0.0.1:55097]
19:58:01.276 [Forwarding screenshot on session afa2541bcf9685b38b7bdb6952637a5e to remote] DEBUG org.asynchttpclient.netty.request.NettyRequestSender - Using pooled Channel '[id: 0x623c6654, L:/127.0.0.1:51083 - R:localhost/127.0.0.1:55097]' for 'GET' to 'http://localhost:55097/session/afa2541bcf9685b38b7bdb6952637a5e/screenshot'
19:58:01.276 [Forwarding screenshot on session afa2541bcf9685b38b7bdb6952637a5e to remote] DEBUG org.asynchttpclient.netty.request.NettyRequestSender - Using open Channel [id: 0x623c6654, L:/127.0.0.1:51083 - R:localhost/127.0.0.1:55097] for GET '/session/afa2541bcf9685b38b7bdb6952637a5e/screenshot'
19:58:01.363 [AsyncHttpClient-1-5] DEBUG org.asynchttpclient.netty.handler.HttpHandler - 

Request DefaultFullHttpRequest(decodeResult: success, version: HTTP/1.1, content: EmptyByteBufBE)
GET /session/afa2541bcf9685b38b7bdb6952637a5e/screenshot HTTP/1.1
User-Agent: selenium/4.1.4 (java windows)
Cache-Control: no-cache
Content-Type: application/json; charset=utf-8
host: localhost:55097
accept: */*

Response DefaultHttpResponse(decodeResult: success, version: HTTP/1.1)
HTTP/1.1 200 OK
Content-Type: application/json; charset=utf-8
cache-control: no-cache
content-length: 94900

19:58:01.364 [AsyncHttpClient-1-5] DEBUG org.asynchttpclient.netty.channel.ChannelManager - Adding key: http://localhost:55097 for channel [id: 0x623c6654, L:/127.0.0.1:51083 - R:localhost/127.0.0.1:55097]
19:58:01.365 [main] DEBUG net.serenitybdd.core.photography.Darkroom - Send negative for processing for target\site\serenity\db658789eb4003e8298ba52f9d974b04e578c929a1ca4d9046d967ed2444c03e.png
19:58:01.365 [main] DEBUG net.thucydides.core.steps.StepInterceptor - STEP DONE: validPagePasien
  &amp#27;[32mAnd &amp#27;[0m&amp#27;[32mValid data category archive&amp#27;[0m                     &amp#27;[90m# starter.stepdefinitios.ArsipJadwalSteps.validDataCategoryArchive()&amp#27;[0m
19:58:01.387 [AsyncHttpClient-1-7] DEBUG org.asynchttpclient.netty.handler.WebSocketHandler - Channel Closed: [id: 0x7063dbba, L:/127.0.0.1:51091 ! R:localhost/127.0.0.1:51084] with attribute NettyResponseFuture{currentRetry=5,
	isDone=1,
	isCancelled=0,
	asyncHandler=org.asynchttpclient.ws.WebSocketUpgradeHandler@603294cb,
	nettyRequest=org.asynchttpclient.netty.request.NettyRequest@253006a9,
	future=java.util.concurrent.CompletableFuture@183a0293[Completed normally],
	uri=ws://localhost:51084/devtools/browser/8dce5d37-1f71-4218-9499-8f47d40baac7,
	keepAlive=true,
	redirectCount=0,
	timeoutsHolder=null,
	inAuth=0,
	touch=1658062651310}
19:58:01.387 [AsyncHttpClient-1-7] DEBUG org.asynchttpclient.netty.channel.ChannelManager - Closing Channel [id: 0x7063dbba, L:/127.0.0.1:51091 ! R:localhost/127.0.0.1:51084] 
19:58:01.387 [Driver Command Executor] DEBUG org.asynchttpclient.netty.request.NettyRequestSender - Using pooled Channel '[id: 0x623c6654, L:/127.0.0.1:51083 - R:localhost/127.0.0.1:55097]' for 'DELETE' to 'http://localhost:55097/session/afa2541bcf9685b38b7bdb6952637a5e'
19:58:01.387 [Driver Command Executor] DEBUG org.asynchttpclient.netty.request.NettyRequestSender - Using open Channel [id: 0x623c6654, L:/127.0.0.1:51083 - R:localhost/127.0.0.1:55097] for DELETE '/session/afa2541bcf9685b38b7bdb6952637a5e'
19:58:01.481 [AsyncHttpClient-1-6] DEBUG org.asynchttpclient.netty.handler.HttpHandler - Unexpected I/O exception on channel [id: 0x705036be, L:/127.0.0.1:51090 - R:localhost/127.0.0.1:51084]
java.io.IOException: An existing connection was forcibly closed by the remote host
	at java.base/sun.nio.ch.SocketDispatcher.read0(Native Method)
	at java.base/sun.nio.ch.SocketDispatcher.read(SocketDispatcher.java:43)
	at java.base/sun.nio.ch.IOUtil.readIntoNativeBuffer(IOUtil.java:276)
	at java.base/sun.nio.ch.IOUtil.read(IOUtil.java:233)
	at java.base/sun.nio.ch.IOUtil.read(IOUtil.java:223)
	at java.base/sun.nio.ch.SocketChannelImpl.read(SocketChannelImpl.java:356)
	at io.netty.buffer.PooledByteBuf.setBytes(PooledByteBuf.java:258)
	at io.netty.buffer.AbstractByteBuf.writeBytes(AbstractByteBuf.java:1132)
	at io.netty.channel.socket.nio.NioSocketChannel.doReadBytes(NioSocketChannel.java:357)
	at io.netty.channel.nio.AbstractNioByteChannel$NioByteUnsafe.read(AbstractNioByteChannel.java:151)
	at io.netty.channel.nio.NioEventLoop.processSelectedKey(NioEventLoop.java:722)
	at io.netty.channel.nio.NioEventLoop.processSelectedKeysOptimized(NioEventLoop.java:658)
	at io.netty.channel.nio.NioEventLoop.processSelectedKeys(NioEventLoop.java:584)
	at io.netty.channel.nio.NioEventLoop.run(NioEventLoop.java:496)
	at io.netty.util.concurrent.SingleThreadEventExecutor$4.run(SingleThreadEventExecutor.java:986)
	at io.netty.util.internal.ThreadExecutorMap$2.run(ThreadExecutorMap.java:74)
	at io.netty.util.concurrent.FastThreadLocalRunnable.run(FastThreadLocalRunnable.java:30)
	at java.base/java.lang.Thread.run(Thread.java:829)
19:58:01.481 [AsyncHttpClient-1-6] DEBUG org.asynchttpclient.netty.channel.ChannelManager - Closing Channel [id: 0x705036be, L:/127.0.0.1:51090 - R:localhost/127.0.0.1:51084] 
19:58:01.482 [AsyncHttpClient-1-6] DEBUG org.asynchttpclient.netty.handler.HttpHandler - Channel Closed: [id: 0x705036be, L:/127.0.0.1:51090 ! R:localhost/127.0.0.1:51084] with attribute DISCARD
19:58:01.508 [AsyncHttpClient-1-5] DEBUG org.asynchttpclient.netty.handler.HttpHandler - 

Request DefaultFullHttpRequest(decodeResult: success, version: HTTP/1.1, content: EmptyByteBufBE)
DELETE /session/afa2541bcf9685b38b7bdb6952637a5e HTTP/1.1
User-Agent: selenium/4.1.4 (java windows)
Content-Type: application/json; charset=utf-8
host: localhost:55097
accept: */*

Response DefaultHttpResponse(decodeResult: success, version: HTTP/1.1)
HTTP/1.1 200 OK
Content-Type: application/json; charset=utf-8
cache-control: no-cache
content-length: 14

19:58:01.508 [AsyncHttpClient-1-5] DEBUG org.asynchttpclient.netty.channel.ChannelManager - Adding key: http://localhost:55097 for channel [id: 0x623c6654, L:/127.0.0.1:51083 - R:localhost/127.0.0.1:55097]
19:58:01.575 [AsyncHttpClient-1-5] DEBUG org.asynchttpclient.netty.handler.HttpHandler - Channel Closed: [id: 0x623c6654, L:/127.0.0.1:51083 ! R:localhost/127.0.0.1:55097] with attribute DISCARD
19:58:01.624 [main] INFO  - 
  _____   ___   ___   _____     ___     _     ___   ___   ___   ___  
 |_   _| | __| / __| |_   _|   | _ \   /_\   / __| / __| | __| |   \ 
   | |   | _|  \__ \   | |     |  _/  / _ \  \__ \ \__ \ | _|  | |) |
   |_|   |___| |___/   |_|     |_|   /_/ \_\ |___/ |___/ |___| |___/ 

As a admin i want to search archive
----------------------------------------------------------------------
]]></system-out>
    <system-err><![CDATA[Starting ChromeDriver 103.0.5060.53 (a1711811edd74ff1cf2150f36ffa3b0dae40b17f-refs/branch-heads/5060@{#853}) on port 55097
Only local connections are allowed.
Please see https://chromedriver.chromium.org/security-considerations for suggestions on keeping ChromeDriver safe.
ChromeDriver was started successfully.
Jul 17, 2022 7:57:31 PM org.openqa.selenium.remote.ProtocolHandshake createSession
INFO: Detected dialect: W3C
Jul 17, 2022 7:57:31 PM org.openqa.selenium.devtools.CdpVersionFinder findNearestMatch
WARNING: Unable to find an exact match for CDP version 103, so returning the closest version found: 101
Jul 17, 2022 7:57:31 PM org.openqa.selenium.devtools.CdpVersionFinder findNearestMatch
INFO: Found CDP implementation for version 103 of 101
]]></system-err>
  </testcase>
  <testcase name="As a admin i want to search archive #2" classname="Kelola jadwal - admin" time="32.062">
    <system-out><![CDATA[
@KelolaJadwal111 @SearchKelolaJadwal
Scenario Outline: As a admin i want to search archive &amp#27;[90m# src/test/resources/features/5KelolaJadwal.feature:32&amp#27;[0m
19:58:01.643 [main] INFO io.cucumber.core.plugin.SerenityReporter - Running feature from file:///C:/Alterra/CapstoneBaru/QE/TestingWebUpdate/src/test/resources/features/5KelolaJadwal.feature
19:58:01.674 [main] DEBUG net.thucydides.core.steps.StepInterceptor - STARTING STEP: LoginSteps.openLoginPage - openLogin
19:58:01.674 [main] INFO net.serenitybdd.core.webdriver.driverproviders.ChromeDriverProvider - Using automatically driver download
19:58:01.941 [main] DEBUG io.github.bonigarcia.wdm.cache.ResolutionCache - Resolution chrome=103 in cache (valid until 20:05:23 17/07/2022 ICT)
19:58:01.955 [main] DEBUG io.github.bonigarcia.wdm.cache.ResolutionCache - Resolution chrome103=103.0.5060.53 in cache (valid until 17:54:33 18/07/2022 ICT)
19:58:01.960 [main] INFO io.github.bonigarcia.wdm.WebDriverManager - Using chromedriver 103.0.5060.53 (resolved driver for Chrome 103)
19:58:01.980 [main] DEBUG io.github.bonigarcia.wdm.WebDriverManager - Driver chromedriver 103.0.5060.53 found in cache
19:58:01.980 [main] INFO io.github.bonigarcia.wdm.WebDriverManager - Exporting webdriver.chrome.driver as C:\Users\Bagas Dwi Saputra\.cache\selenium\chromedriver\win32\103.0.5060.53\chromedriver.exe
19:58:02.208 [main] DEBUG net.serenitybdd.core.webdriver.driverproviders.ProvideNewDriver - Instantiating driver
19:58:02.208 [main] DEBUG net.serenitybdd.core.webdriver.driverproviders.ProvideNewDriver - Driver capabilities: Capabilities {acceptInsecureCerts: false, base.url: https://fanciful-trifle-360..., browserName: chrome, chorme.driver: src/test/resources/webdrive..., driver: chrome, goog:chromeOptions: {args: [], extensions: []}}
19:58:02.316 [AsyncHttpClient-1-1] DEBUG org.asynchttpclient.netty.channel.DefaultChannelPool - Entry count for : http://localhost:55097 : 1
19:58:02.316 [AsyncHttpClient-1-1] DEBUG org.asynchttpclient.netty.channel.DefaultChannelPool - Entry count for : http://localhost:51084 : 1
19:58:02.316 [AsyncHttpClient-1-1] DEBUG org.asynchttpclient.netty.channel.DefaultChannelPool - Adding Candidate expired Channel [id: 0x623c6654, L:/127.0.0.1:51083 ! R:localhost/127.0.0.1:55097] isIdleTimeoutExpired=false isRemotelyClosed=true isTtlExpired=false
19:58:02.316 [AsyncHttpClient-1-1] DEBUG org.asynchttpclient.netty.channel.DefaultChannelPool - Closing Idle Channel [id: 0x623c6654, L:/127.0.0.1:51083 ! R:localhost/127.0.0.1:55097]
19:58:02.316 [AsyncHttpClient-1-1] DEBUG org.asynchttpclient.netty.channel.DefaultChannelPool - Adding Candidate expired Channel [id: 0x705036be, L:/127.0.0.1:51090 ! R:localhost/127.0.0.1:51084] isIdleTimeoutExpired=false isRemotelyClosed=true isTtlExpired=false
19:58:02.316 [AsyncHttpClient-1-1] DEBUG org.asynchttpclient.netty.channel.DefaultChannelPool - Closing Idle Channel [id: 0x705036be, L:/127.0.0.1:51090 ! R:localhost/127.0.0.1:51084]
19:58:02.316 [AsyncHttpClient-1-1] DEBUG org.asynchttpclient.netty.channel.DefaultChannelPool - Closed 2 connections out of 2 in 0 ms
19:58:02.337 [AsyncHttpClient-1-8] DEBUG org.asynchttpclient.netty.channel.NettyConnectListener - Using new Channel '[id: 0x5ea5f342, L:/127.0.0.1:51109 - R:localhost/127.0.0.1:59357]' for 'POST' to '/session'
19:58:03.244 [AsyncHttpClient-1-8] DEBUG org.asynchttpclient.netty.handler.HttpHandler - 

Request DefaultHttpRequest(decodeResult: success, version: HTTP/1.1)
POST /session HTTP/1.1
User-Agent: selenium/4.1.4 (java windows)
Content-Length: 629
Content-Type: application/json; charset=utf-8
host: localhost:59357
accept: */*

Response DefaultHttpResponse(decodeResult: success, version: HTTP/1.1)
HTTP/1.1 200 OK
Content-Type: application/json; charset=utf-8
cache-control: no-cache
content-length: 794

19:58:03.244 [AsyncHttpClient-1-8] DEBUG org.asynchttpclient.netty.channel.ChannelManager - Adding key: http://localhost:59357 for channel [id: 0x5ea5f342, L:/127.0.0.1:51109 - R:localhost/127.0.0.1:59357]
19:58:03.252 [AsyncHttpClient-1-9] DEBUG org.asynchttpclient.netty.channel.NettyConnectListener - Using new Channel '[id: 0xd16e5753, L:/127.0.0.1:51116 - R:localhost/127.0.0.1:51110]' for 'GET' to '/json/version'
19:58:03.254 [AsyncHttpClient-1-9] DEBUG org.asynchttpclient.netty.handler.HttpHandler - 

Request DefaultFullHttpRequest(decodeResult: success, version: HTTP/1.1, content: EmptyByteBufBE)
GET /json/version HTTP/1.1
User-Agent: selenium/4.1.4 (java windows)
host: localhost:51110
accept: */*

Response DefaultHttpResponse(decodeResult: success, version: HTTP/1.1)
HTTP/1.1 200 OK
Content-Type: application/json; charset=UTF-8
content-length: 429

19:58:03.255 [AsyncHttpClient-1-9] DEBUG org.asynchttpclient.netty.channel.ChannelManager - Adding key: http://localhost:51110 for channel [id: 0xd16e5753, L:/127.0.0.1:51116 - R:localhost/127.0.0.1:51110]
19:58:03.259 [AsyncHttpClient-1-2] DEBUG org.asynchttpclient.netty.channel.NettyConnectListener - Using new Channel '[id: 0xd21dbcb4, L:/127.0.0.1:51117 - R:localhost/127.0.0.1:51110]' for 'GET' to '/devtools/browser/0881dd73-6b09-4210-89d8-e147499ea879'
19:58:03.259 [AsyncHttpClient-1-2] DEBUG org.asynchttpclient.netty.handler.WebSocketHandler - 

Request DefaultFullHttpRequest(decodeResult: success, version: HTTP/1.1, content: EmptyByteBufBE)
GET /devtools/browser/0881dd73-6b09-4210-89d8-e147499ea879 HTTP/1.1
upgrade: websocket
connection: upgrade
sec-websocket-key: j3qKpOsVXI0MatrpPmsX5g==
sec-websocket-version: 13
origin: http://localhost:51110
host: localhost:51110
accept: */*
user-agent: AHC/2.1

Response DefaultHttpResponse(decodeResult: success, version: HTTP/1.1)
HTTP/1.1 101 WebSocket Protocol Handshake
Upgrade: WebSocket
Connection: Upgrade
Sec-WebSocket-Accept: tt4rG+U1jCgZHpQfHR1ctbU61zI=

19:58:03.264 [Forwarding get on session 49f718cf2ee75ddb7b16e05151dcb231 to remote] DEBUG org.asynchttpclient.netty.request.NettyRequestSender - Using pooled Channel '[id: 0x5ea5f342, L:/127.0.0.1:51109 - R:localhost/127.0.0.1:59357]' for 'POST' to 'http://localhost:59357/session/49f718cf2ee75ddb7b16e05151dcb231/url'
19:58:03.264 [Forwarding get on session 49f718cf2ee75ddb7b16e05151dcb231 to remote] DEBUG org.asynchttpclient.netty.request.NettyRequestSender - Using open Channel [id: 0x5ea5f342, L:/127.0.0.1:51109 - R:localhost/127.0.0.1:59357] for POST '/session/49f718cf2ee75ddb7b16e05151dcb231/url'
19:58:03.408 [AsyncHttpClient-1-1] DEBUG org.asynchttpclient.netty.channel.DefaultChannelPool - Entry count for : http://localhost:51110 : 1
19:58:04.510 [AsyncHttpClient-1-1] DEBUG org.asynchttpclient.netty.channel.DefaultChannelPool - Entry count for : http://localhost:51110 : 1
19:58:05.250 [AsyncHttpClient-1-8] DEBUG org.asynchttpclient.netty.handler.HttpHandler - 

Request DefaultHttpRequest(decodeResult: success, version: HTTP/1.1)
POST /session/49f718cf2ee75ddb7b16e05151dcb231/url HTTP/1.1
User-Agent: selenium/4.1.4 (java windows)
Content-Length: 78
Content-Type: application/json; charset=utf-8
host: localhost:59357
accept: */*

Response DefaultHttpResponse(decodeResult: success, version: HTTP/1.1)
HTTP/1.1 200 OK
Content-Type: application/json; charset=utf-8
cache-control: no-cache
content-length: 14

19:58:05.250 [AsyncHttpClient-1-8] DEBUG org.asynchttpclient.netty.channel.ChannelManager - Adding key: http://localhost:59357 for channel [id: 0x5ea5f342, L:/127.0.0.1:51109 - R:localhost/127.0.0.1:59357]
19:58:05.253 [Forwarding setTimeout on session 49f718cf2ee75ddb7b16e05151dcb231 to remote] DEBUG org.asynchttpclient.netty.request.NettyRequestSender - Using pooled Channel '[id: 0x5ea5f342, L:/127.0.0.1:51109 - R:localhost/127.0.0.1:59357]' for 'POST' to 'http://localhost:59357/session/49f718cf2ee75ddb7b16e05151dcb231/timeouts'
19:58:05.254 [Forwarding setTimeout on session 49f718cf2ee75ddb7b16e05151dcb231 to remote] DEBUG org.asynchttpclient.netty.request.NettyRequestSender - Using open Channel [id: 0x5ea5f342, L:/127.0.0.1:51109 - R:localhost/127.0.0.1:59357] for POST '/session/49f718cf2ee75ddb7b16e05151dcb231/timeouts'
19:58:05.257 [AsyncHttpClient-1-8] DEBUG org.asynchttpclient.netty.handler.HttpHandler - 

Request DefaultHttpRequest(decodeResult: success, version: HTTP/1.1)
POST /session/49f718cf2ee75ddb7b16e05151dcb231/timeouts HTTP/1.1
User-Agent: selenium/4.1.4 (java windows)
Content-Length: 22
Content-Type: application/json; charset=utf-8
host: localhost:59357
accept: */*

Response DefaultHttpResponse(decodeResult: success, version: HTTP/1.1)
HTTP/1.1 200 OK
Content-Type: application/json; charset=utf-8
cache-control: no-cache
content-length: 14

19:58:05.257 [AsyncHttpClient-1-8] DEBUG org.asynchttpclient.netty.channel.ChannelManager - Adding key: http://localhost:59357 for channel [id: 0x5ea5f342, L:/127.0.0.1:51109 - R:localhost/127.0.0.1:59357]
19:58:05.259 [Forwarding getCurrentUrl on session 49f718cf2ee75ddb7b16e05151dcb231 to remote] DEBUG org.asynchttpclient.netty.request.NettyRequestSender - Using pooled Channel '[id: 0x5ea5f342, L:/127.0.0.1:51109 - R:localhost/127.0.0.1:59357]' for 'GET' to 'http://localhost:59357/session/49f718cf2ee75ddb7b16e05151dcb231/url'
19:58:05.259 [Forwarding getCurrentUrl on session 49f718cf2ee75ddb7b16e05151dcb231 to remote] DEBUG org.asynchttpclient.netty.request.NettyRequestSender - Using open Channel [id: 0x5ea5f342, L:/127.0.0.1:51109 - R:localhost/127.0.0.1:59357] for GET '/session/49f718cf2ee75ddb7b16e05151dcb231/url'
19:58:05.274 [AsyncHttpClient-1-8] DEBUG org.asynchttpclient.netty.handler.HttpHandler - 

Request DefaultFullHttpRequest(decodeResult: success, version: HTTP/1.1, content: EmptyByteBufBE)
GET /session/49f718cf2ee75ddb7b16e05151dcb231/url HTTP/1.1
User-Agent: selenium/4.1.4 (java windows)
Cache-Control: no-cache
Content-Type: application/json; charset=utf-8
host: localhost:59357
accept: */*

Response DefaultHttpResponse(decodeResult: success, version: HTTP/1.1)
HTTP/1.1 200 OK
Content-Type: application/json; charset=utf-8
cache-control: no-cache
content-length: 60

19:58:05.274 [AsyncHttpClient-1-8] DEBUG org.asynchttpclient.netty.channel.ChannelManager - Adding key: http://localhost:59357 for channel [id: 0x5ea5f342, L:/127.0.0.1:51109 - R:localhost/127.0.0.1:59357]
19:58:05.280 [Forwarding screenshot on session 49f718cf2ee75ddb7b16e05151dcb231 to remote] DEBUG org.asynchttpclient.netty.request.NettyRequestSender - Using pooled Channel '[id: 0x5ea5f342, L:/127.0.0.1:51109 - R:localhost/127.0.0.1:59357]' for 'GET' to 'http://localhost:59357/session/49f718cf2ee75ddb7b16e05151dcb231/screenshot'
19:58:05.280 [Forwarding screenshot on session 49f718cf2ee75ddb7b16e05151dcb231 to remote] DEBUG org.asynchttpclient.netty.request.NettyRequestSender - Using open Channel [id: 0x5ea5f342, L:/127.0.0.1:51109 - R:localhost/127.0.0.1:59357] for GET '/session/49f718cf2ee75ddb7b16e05151dcb231/screenshot'
19:58:05.583 [AsyncHttpClient-1-8] DEBUG org.asynchttpclient.netty.handler.HttpHandler - 

Request DefaultFullHttpRequest(decodeResult: success, version: HTTP/1.1, content: EmptyByteBufBE)
GET /session/49f718cf2ee75ddb7b16e05151dcb231/screenshot HTTP/1.1
User-Agent: selenium/4.1.4 (java windows)
Cache-Control: no-cache
Content-Type: application/json; charset=utf-8
host: localhost:59357
accept: */*

Response DefaultHttpResponse(decodeResult: success, version: HTTP/1.1)
HTTP/1.1 200 OK
Content-Type: application/json; charset=utf-8
cache-control: no-cache
content-length: 380436

19:58:05.584 [AsyncHttpClient-1-8] DEBUG org.asynchttpclient.netty.channel.ChannelManager - Adding key: http://localhost:59357 for channel [id: 0x5ea5f342, L:/127.0.0.1:51109 - R:localhost/127.0.0.1:59357]
19:58:05.603 [main] DEBUG net.serenitybdd.core.photography.Darkroom - Send negative for processing for target\site\serenity\d122c364c40ece9db0ad32cd97c3fcf63e95ba606118dda8d3e5a1d2b8235ce2.png
19:58:05.603 [main] DEBUG net.thucydides.core.steps.StepInterceptor - STEP DONE: openLogin
  &amp#27;[32mGiven &amp#27;[0m&amp#27;[32mOpen login page&amp#27;[0m                               &amp#27;[90m# starter.stepdefinitios.LoginSteps.openLoginPage()&amp#27;[0m
19:58:05.614 [AsyncHttpClient-1-1] DEBUG org.asynchttpclient.netty.channel.DefaultChannelPool - Entry count for : http://localhost:51110 : 1
19:58:05.614 [AsyncHttpClient-1-1] DEBUG org.asynchttpclient.netty.channel.DefaultChannelPool - Entry count for : http://localhost:59357 : 1
19:58:06.145 [Forwarding findElement on session 49f718cf2ee75ddb7b16e05151dcb231 to remote] DEBUG org.asynchttpclient.netty.request.NettyRequestSender - Using pooled Channel '[id: 0x5ea5f342, L:/127.0.0.1:51109 - R:localhost/127.0.0.1:59357]' for 'POST' to 'http://localhost:59357/session/49f718cf2ee75ddb7b16e05151dcb231/element'
19:58:06.145 [Forwarding findElement on session 49f718cf2ee75ddb7b16e05151dcb231 to remote] DEBUG org.asynchttpclient.netty.request.NettyRequestSender - Using open Channel [id: 0x5ea5f342, L:/127.0.0.1:51109 - R:localhost/127.0.0.1:59357] for POST '/session/49f718cf2ee75ddb7b16e05151dcb231/element'
19:58:06.179 [AsyncHttpClient-1-8] DEBUG org.asynchttpclient.netty.handler.HttpHandler - 

Request DefaultHttpRequest(decodeResult: success, version: HTTP/1.1)
POST /session/49f718cf2ee75ddb7b16e05151dcb231/element HTTP/1.1
User-Agent: selenium/4.1.4 (java windows)
Content-Length: 70
Content-Type: application/json; charset=utf-8
host: localhost:59357
accept: */*

Response DefaultHttpResponse(decodeResult: success, version: HTTP/1.1)
HTTP/1.1 200 OK
Content-Type: application/json; charset=utf-8
cache-control: no-cache
content-length: 88

19:58:06.179 [AsyncHttpClient-1-8] DEBUG org.asynchttpclient.netty.channel.ChannelManager - Adding key: http://localhost:59357 for channel [id: 0x5ea5f342, L:/127.0.0.1:51109 - R:localhost/127.0.0.1:59357]
19:58:06.180 [Forwarding sendKeysToElement on session 49f718cf2ee75ddb7b16e05151dcb231 to remote] DEBUG org.asynchttpclient.netty.request.NettyRequestSender - Using pooled Channel '[id: 0x5ea5f342, L:/127.0.0.1:51109 - R:localhost/127.0.0.1:59357]' for 'POST' to 'http://localhost:59357/session/49f718cf2ee75ddb7b16e05151dcb231/element/b2ae5c1e-27b4-4a39-9d21-2c911b4e72de/value'
19:58:06.180 [Forwarding sendKeysToElement on session 49f718cf2ee75ddb7b16e05151dcb231 to remote] DEBUG org.asynchttpclient.netty.request.NettyRequestSender - Using open Channel [id: 0x5ea5f342, L:/127.0.0.1:51109 - R:localhost/127.0.0.1:59357] for POST '/session/49f718cf2ee75ddb7b16e05151dcb231/element/b2ae5c1e-27b4-4a39-9d21-2c911b4e72de/value'
19:58:06.259 [AsyncHttpClient-1-8] DEBUG org.asynchttpclient.netty.handler.HttpHandler - 

Request DefaultHttpRequest(decodeResult: success, version: HTTP/1.1)
POST /session/49f718cf2ee75ddb7b16e05151dcb231/element/b2ae5c1e-27b4-4a39-9d21-2c911b4e72de/value HTTP/1.1
User-Agent: selenium/4.1.4 (java windows)
Content-Length: 131
Content-Type: application/json; charset=utf-8
host: localhost:59357
accept: */*

Response DefaultHttpResponse(decodeResult: success, version: HTTP/1.1)
HTTP/1.1 200 OK
Content-Type: application/json; charset=utf-8
cache-control: no-cache
content-length: 14

19:58:06.259 [AsyncHttpClient-1-8] DEBUG org.asynchttpclient.netty.channel.ChannelManager - Adding key: http://localhost:59357 for channel [id: 0x5ea5f342, L:/127.0.0.1:51109 - R:localhost/127.0.0.1:59357]
  &amp#27;[32mAnd &amp#27;[0m&amp#27;[32mI input &amp#27;[0m&amp#27;[32m&amp#27;[1m"admin"&amp#27;[0m&amp#27;[32m login email valid&amp#27;[0m               &amp#27;[90m# starter.stepdefinitios.LoginSteps.iInputLoginEmailValid(java.lang.String)&amp#27;[0m
19:58:06.261 [Forwarding screenshot on session 49f718cf2ee75ddb7b16e05151dcb231 to remote] DEBUG org.asynchttpclient.netty.request.NettyRequestSender - Using pooled Channel '[id: 0x5ea5f342, L:/127.0.0.1:51109 - R:localhost/127.0.0.1:59357]' for 'GET' to 'http://localhost:59357/session/49f718cf2ee75ddb7b16e05151dcb231/screenshot'
19:58:06.261 [Forwarding screenshot on session 49f718cf2ee75ddb7b16e05151dcb231 to remote] DEBUG org.asynchttpclient.netty.request.NettyRequestSender - Using open Channel [id: 0x5ea5f342, L:/127.0.0.1:51109 - R:localhost/127.0.0.1:59357] for GET '/session/49f718cf2ee75ddb7b16e05151dcb231/screenshot'
19:58:06.526 [AsyncHttpClient-1-8] DEBUG org.asynchttpclient.netty.handler.HttpHandler - 

Request DefaultFullHttpRequest(decodeResult: success, version: HTTP/1.1, content: EmptyByteBufBE)
GET /session/49f718cf2ee75ddb7b16e05151dcb231/screenshot HTTP/1.1
User-Agent: selenium/4.1.4 (java windows)
Cache-Control: no-cache
Content-Type: application/json; charset=utf-8
host: localhost:59357
accept: */*

Response DefaultHttpResponse(decodeResult: success, version: HTTP/1.1)
HTTP/1.1 200 OK
Content-Type: application/json; charset=utf-8
cache-control: no-cache
content-length: 379420

19:58:06.526 [AsyncHttpClient-1-8] DEBUG org.asynchttpclient.netty.channel.ChannelManager - Adding key: http://localhost:59357 for channel [id: 0x5ea5f342, L:/127.0.0.1:51109 - R:localhost/127.0.0.1:59357]
19:58:06.541 [main] DEBUG net.serenitybdd.core.photography.Darkroom - Send negative for processing for target\site\serenity\93df20195d3751dea78ac30a105f84d37c410e0341f58ded6fb231b5b47402e6.png
19:58:06.719 [AsyncHttpClient-1-1] DEBUG org.asynchttpclient.netty.channel.DefaultChannelPool - Entry count for : http://localhost:51110 : 1
19:58:06.719 [AsyncHttpClient-1-1] DEBUG org.asynchttpclient.netty.channel.DefaultChannelPool - Entry count for : http://localhost:59357 : 1
19:58:07.106 [Forwarding screenshot on session 49f718cf2ee75ddb7b16e05151dcb231 to remote] DEBUG org.asynchttpclient.netty.request.NettyRequestSender - Using pooled Channel '[id: 0x5ea5f342, L:/127.0.0.1:51109 - R:localhost/127.0.0.1:59357]' for 'GET' to 'http://localhost:59357/session/49f718cf2ee75ddb7b16e05151dcb231/screenshot'
19:58:07.106 [Forwarding screenshot on session 49f718cf2ee75ddb7b16e05151dcb231 to remote] DEBUG org.asynchttpclient.netty.request.NettyRequestSender - Using open Channel [id: 0x5ea5f342, L:/127.0.0.1:51109 - R:localhost/127.0.0.1:59357] for GET '/session/49f718cf2ee75ddb7b16e05151dcb231/screenshot'
19:58:07.355 [AsyncHttpClient-1-8] DEBUG org.asynchttpclient.netty.handler.HttpHandler - 

Request DefaultFullHttpRequest(decodeResult: success, version: HTTP/1.1, content: EmptyByteBufBE)
GET /session/49f718cf2ee75ddb7b16e05151dcb231/screenshot HTTP/1.1
User-Agent: selenium/4.1.4 (java windows)
Cache-Control: no-cache
Content-Type: application/json; charset=utf-8
host: localhost:59357
accept: */*

Response DefaultHttpResponse(decodeResult: success, version: HTTP/1.1)
HTTP/1.1 200 OK
Content-Type: application/json; charset=utf-8
cache-control: no-cache
content-length: 379404

19:58:07.357 [AsyncHttpClient-1-8] DEBUG org.asynchttpclient.netty.channel.ChannelManager - Adding key: http://localhost:59357 for channel [id: 0x5ea5f342, L:/127.0.0.1:51109 - R:localhost/127.0.0.1:59357]
19:58:07.367 [main] DEBUG net.serenitybdd.core.photography.Darkroom - Send negative for processing for target\site\serenity\f684e1524ced0278b0b6c6b37709a7cbfb8281aeb576b04a4743fda17448b798.png
19:58:07.368 [main] DEBUG net.thucydides.core.steps.StepInterceptor - STARTING STEP: LoginSteps.iInputLoginPasswordValid - inputPasswordLogin
19:58:07.369 [Forwarding findElement on session 49f718cf2ee75ddb7b16e05151dcb231 to remote] DEBUG org.asynchttpclient.netty.request.NettyRequestSender - Using pooled Channel '[id: 0x5ea5f342, L:/127.0.0.1:51109 - R:localhost/127.0.0.1:59357]' for 'POST' to 'http://localhost:59357/session/49f718cf2ee75ddb7b16e05151dcb231/element'
19:58:07.369 [Forwarding findElement on session 49f718cf2ee75ddb7b16e05151dcb231 to remote] DEBUG org.asynchttpclient.netty.request.NettyRequestSender - Using open Channel [id: 0x5ea5f342, L:/127.0.0.1:51109 - R:localhost/127.0.0.1:59357] for POST '/session/49f718cf2ee75ddb7b16e05151dcb231/element'
19:58:07.378 [AsyncHttpClient-1-8] DEBUG org.asynchttpclient.netty.handler.HttpHandler - 

Request DefaultHttpRequest(decodeResult: success, version: HTTP/1.1)
POST /session/49f718cf2ee75ddb7b16e05151dcb231/element HTTP/1.1
User-Agent: selenium/4.1.4 (java windows)
Content-Length: 70
Content-Type: application/json; charset=utf-8
host: localhost:59357
accept: */*

Response DefaultHttpResponse(decodeResult: success, version: HTTP/1.1)
HTTP/1.1 200 OK
Content-Type: application/json; charset=utf-8
cache-control: no-cache
content-length: 88

19:58:07.378 [AsyncHttpClient-1-8] DEBUG org.asynchttpclient.netty.channel.ChannelManager - Adding key: http://localhost:59357 for channel [id: 0x5ea5f342, L:/127.0.0.1:51109 - R:localhost/127.0.0.1:59357]
19:58:07.380 [Forwarding sendKeysToElement on session 49f718cf2ee75ddb7b16e05151dcb231 to remote] DEBUG org.asynchttpclient.netty.request.NettyRequestSender - Using pooled Channel '[id: 0x5ea5f342, L:/127.0.0.1:51109 - R:localhost/127.0.0.1:59357]' for 'POST' to 'http://localhost:59357/session/49f718cf2ee75ddb7b16e05151dcb231/element/28d9907f-115f-4f2c-9ec1-43e3ae5bf8e8/value'
19:58:07.381 [Forwarding sendKeysToElement on session 49f718cf2ee75ddb7b16e05151dcb231 to remote] DEBUG org.asynchttpclient.netty.request.NettyRequestSender - Using open Channel [id: 0x5ea5f342, L:/127.0.0.1:51109 - R:localhost/127.0.0.1:59357] for POST '/session/49f718cf2ee75ddb7b16e05151dcb231/element/28d9907f-115f-4f2c-9ec1-43e3ae5bf8e8/value'
19:58:07.443 [AsyncHttpClient-1-8] DEBUG org.asynchttpclient.netty.handler.HttpHandler - 

Request DefaultHttpRequest(decodeResult: success, version: HTTP/1.1)
POST /session/49f718cf2ee75ddb7b16e05151dcb231/element/28d9907f-115f-4f2c-9ec1-43e3ae5bf8e8/value HTTP/1.1
User-Agent: selenium/4.1.4 (java windows)
Content-Length: 161
Content-Type: application/json; charset=utf-8
host: localhost:59357
accept: */*

Response DefaultHttpResponse(decodeResult: success, version: HTTP/1.1)
HTTP/1.1 200 OK
Content-Type: application/json; charset=utf-8
cache-control: no-cache
content-length: 14

19:58:07.443 [AsyncHttpClient-1-8] DEBUG org.asynchttpclient.netty.channel.ChannelManager - Adding key: http://localhost:59357 for channel [id: 0x5ea5f342, L:/127.0.0.1:51109 - R:localhost/127.0.0.1:59357]
19:58:07.448 [Forwarding screenshot on session 49f718cf2ee75ddb7b16e05151dcb231 to remote] DEBUG org.asynchttpclient.netty.request.NettyRequestSender - Using pooled Channel '[id: 0x5ea5f342, L:/127.0.0.1:51109 - R:localhost/127.0.0.1:59357]' for 'GET' to 'http://localhost:59357/session/49f718cf2ee75ddb7b16e05151dcb231/screenshot'
19:58:07.448 [Forwarding screenshot on session 49f718cf2ee75ddb7b16e05151dcb231 to remote] DEBUG org.asynchttpclient.netty.request.NettyRequestSender - Using open Channel [id: 0x5ea5f342, L:/127.0.0.1:51109 - R:localhost/127.0.0.1:59357] for GET '/session/49f718cf2ee75ddb7b16e05151dcb231/screenshot'
19:58:07.654 [AsyncHttpClient-1-8] DEBUG org.asynchttpclient.netty.handler.HttpHandler - 

Request DefaultFullHttpRequest(decodeResult: success, version: HTTP/1.1, content: EmptyByteBufBE)
GET /session/49f718cf2ee75ddb7b16e05151dcb231/screenshot HTTP/1.1
User-Agent: selenium/4.1.4 (java windows)
Cache-Control: no-cache
Content-Type: application/json; charset=utf-8
host: localhost:59357
accept: */*

Response DefaultHttpResponse(decodeResult: success, version: HTTP/1.1)
HTTP/1.1 200 OK
Content-Type: application/json; charset=utf-8
cache-control: no-cache
content-length: 377580

19:58:07.655 [AsyncHttpClient-1-8] DEBUG org.asynchttpclient.netty.channel.ChannelManager - Adding key: http://localhost:59357 for channel [id: 0x5ea5f342, L:/127.0.0.1:51109 - R:localhost/127.0.0.1:59357]
19:58:07.666 [main] DEBUG net.serenitybdd.core.photography.Darkroom - Send negative for processing for target\site\serenity\44fa0aa493cf3a3837a7fab79c30bded8f584eda85d2cfd055a7ef5b4e3f0a4a.png
19:58:07.667 [main] DEBUG net.thucydides.core.steps.StepInterceptor - STEP DONE: inputPasswordLogin
  &amp#27;[32mAnd &amp#27;[0m&amp#27;[32mI input &amp#27;[0m&amp#27;[32m&amp#27;[1m"admin123"&amp#27;[0m&amp#27;[32m login password valid&amp#27;[0m         &amp#27;[90m# starter.stepdefinitios.LoginSteps.iInputLoginPasswordValid(java.lang.String)&amp#27;[0m
19:58:07.682 [main] DEBUG net.thucydides.core.steps.StepInterceptor - STARTING STEP: LoginSteps.iClickButtonLogin - clickButtonLogin
19:58:07.683 [Forwarding findElement on session 49f718cf2ee75ddb7b16e05151dcb231 to remote] DEBUG org.asynchttpclient.netty.request.NettyRequestSender - Using pooled Channel '[id: 0x5ea5f342, L:/127.0.0.1:51109 - R:localhost/127.0.0.1:59357]' for 'POST' to 'http://localhost:59357/session/49f718cf2ee75ddb7b16e05151dcb231/element'
19:58:07.683 [Forwarding findElement on session 49f718cf2ee75ddb7b16e05151dcb231 to remote] DEBUG org.asynchttpclient.netty.request.NettyRequestSender - Using open Channel [id: 0x5ea5f342, L:/127.0.0.1:51109 - R:localhost/127.0.0.1:59357] for POST '/session/49f718cf2ee75ddb7b16e05151dcb231/element'
19:58:07.693 [AsyncHttpClient-1-8] DEBUG org.asynchttpclient.netty.handler.HttpHandler - 

Request DefaultHttpRequest(decodeResult: success, version: HTTP/1.1)
POST /session/49f718cf2ee75ddb7b16e05151dcb231/element HTTP/1.1
User-Agent: selenium/4.1.4 (java windows)
Content-Length: 68
Content-Type: application/json; charset=utf-8
host: localhost:59357
accept: */*

Response DefaultHttpResponse(decodeResult: success, version: HTTP/1.1)
HTTP/1.1 200 OK
Content-Type: application/json; charset=utf-8
cache-control: no-cache
content-length: 88

19:58:07.694 [AsyncHttpClient-1-8] DEBUG org.asynchttpclient.netty.channel.ChannelManager - Adding key: http://localhost:59357 for channel [id: 0x5ea5f342, L:/127.0.0.1:51109 - R:localhost/127.0.0.1:59357]
19:58:07.695 [Forwarding getElementTagName on session 49f718cf2ee75ddb7b16e05151dcb231 to remote] DEBUG org.asynchttpclient.netty.request.NettyRequestSender - Using pooled Channel '[id: 0x5ea5f342, L:/127.0.0.1:51109 - R:localhost/127.0.0.1:59357]' for 'GET' to 'http://localhost:59357/session/49f718cf2ee75ddb7b16e05151dcb231/element/4264d6f8-fa06-49fe-bb33-110f2dff81fe/name'
19:58:07.695 [Forwarding getElementTagName on session 49f718cf2ee75ddb7b16e05151dcb231 to remote] DEBUG org.asynchttpclient.netty.request.NettyRequestSender - Using open Channel [id: 0x5ea5f342, L:/127.0.0.1:51109 - R:localhost/127.0.0.1:59357] for GET '/session/49f718cf2ee75ddb7b16e05151dcb231/element/4264d6f8-fa06-49fe-bb33-110f2dff81fe/name'
19:58:07.699 [AsyncHttpClient-1-8] DEBUG org.asynchttpclient.netty.handler.HttpHandler - 

Request DefaultFullHttpRequest(decodeResult: success, version: HTTP/1.1, content: EmptyByteBufBE)
GET /session/49f718cf2ee75ddb7b16e05151dcb231/element/4264d6f8-fa06-49fe-bb33-110f2dff81fe/name HTTP/1.1
User-Agent: selenium/4.1.4 (java windows)
Cache-Control: no-cache
Content-Type: application/json; charset=utf-8
host: localhost:59357
accept: */*

Response DefaultHttpResponse(decodeResult: success, version: HTTP/1.1)
HTTP/1.1 200 OK
Content-Type: application/json; charset=utf-8
cache-control: no-cache
content-length: 18

19:58:07.700 [AsyncHttpClient-1-8] DEBUG org.asynchttpclient.netty.channel.ChannelManager - Adding key: http://localhost:59357 for channel [id: 0x5ea5f342, L:/127.0.0.1:51109 - R:localhost/127.0.0.1:59357]
19:58:07.700 [Forwarding getElementTagName on session 49f718cf2ee75ddb7b16e05151dcb231 to remote] DEBUG org.asynchttpclient.netty.request.NettyRequestSender - Using pooled Channel '[id: 0x5ea5f342, L:/127.0.0.1:51109 - R:localhost/127.0.0.1:59357]' for 'GET' to 'http://localhost:59357/session/49f718cf2ee75ddb7b16e05151dcb231/element/4264d6f8-fa06-49fe-bb33-110f2dff81fe/name'
19:58:07.700 [Forwarding getElementTagName on session 49f718cf2ee75ddb7b16e05151dcb231 to remote] DEBUG org.asynchttpclient.netty.request.NettyRequestSender - Using open Channel [id: 0x5ea5f342, L:/127.0.0.1:51109 - R:localhost/127.0.0.1:59357] for GET '/session/49f718cf2ee75ddb7b16e05151dcb231/element/4264d6f8-fa06-49fe-bb33-110f2dff81fe/name'
19:58:07.705 [AsyncHttpClient-1-8] DEBUG org.asynchttpclient.netty.handler.HttpHandler - 

Request DefaultFullHttpRequest(decodeResult: success, version: HTTP/1.1, content: EmptyByteBufBE)
GET /session/49f718cf2ee75ddb7b16e05151dcb231/element/4264d6f8-fa06-49fe-bb33-110f2dff81fe/name HTTP/1.1
User-Agent: selenium/4.1.4 (java windows)
Cache-Control: no-cache
Content-Type: application/json; charset=utf-8
host: localhost:59357
accept: */*

Response DefaultHttpResponse(decodeResult: success, version: HTTP/1.1)
HTTP/1.1 200 OK
Content-Type: application/json; charset=utf-8
cache-control: no-cache
content-length: 18

19:58:07.705 [AsyncHttpClient-1-8] DEBUG org.asynchttpclient.netty.channel.ChannelManager - Adding key: http://localhost:59357 for channel [id: 0x5ea5f342, L:/127.0.0.1:51109 - R:localhost/127.0.0.1:59357]
19:58:07.707 [Forwarding isElementEnabled on session 49f718cf2ee75ddb7b16e05151dcb231 to remote] DEBUG org.asynchttpclient.netty.request.NettyRequestSender - Using pooled Channel '[id: 0x5ea5f342, L:/127.0.0.1:51109 - R:localhost/127.0.0.1:59357]' for 'GET' to 'http://localhost:59357/session/49f718cf2ee75ddb7b16e05151dcb231/element/4264d6f8-fa06-49fe-bb33-110f2dff81fe/enabled'
19:58:07.707 [Forwarding isElementEnabled on session 49f718cf2ee75ddb7b16e05151dcb231 to remote] DEBUG org.asynchttpclient.netty.request.NettyRequestSender - Using open Channel [id: 0x5ea5f342, L:/127.0.0.1:51109 - R:localhost/127.0.0.1:59357] for GET '/session/49f718cf2ee75ddb7b16e05151dcb231/element/4264d6f8-fa06-49fe-bb33-110f2dff81fe/enabled'
19:58:07.713 [AsyncHttpClient-1-8] DEBUG org.asynchttpclient.netty.handler.HttpHandler - 

Request DefaultFullHttpRequest(decodeResult: success, version: HTTP/1.1, content: EmptyByteBufBE)
GET /session/49f718cf2ee75ddb7b16e05151dcb231/element/4264d6f8-fa06-49fe-bb33-110f2dff81fe/enabled HTTP/1.1
User-Agent: selenium/4.1.4 (java windows)
Cache-Control: no-cache
Content-Type: application/json; charset=utf-8
host: localhost:59357
accept: */*

Response DefaultHttpResponse(decodeResult: success, version: HTTP/1.1)
HTTP/1.1 200 OK
Content-Type: application/json; charset=utf-8
cache-control: no-cache
content-length: 14

19:58:07.713 [AsyncHttpClient-1-8] DEBUG org.asynchttpclient.netty.channel.ChannelManager - Adding key: http://localhost:59357 for channel [id: 0x5ea5f342, L:/127.0.0.1:51109 - R:localhost/127.0.0.1:59357]
19:58:07.714 [Forwarding isElementEnabled on session 49f718cf2ee75ddb7b16e05151dcb231 to remote] DEBUG org.asynchttpclient.netty.request.NettyRequestSender - Using pooled Channel '[id: 0x5ea5f342, L:/127.0.0.1:51109 - R:localhost/127.0.0.1:59357]' for 'GET' to 'http://localhost:59357/session/49f718cf2ee75ddb7b16e05151dcb231/element/4264d6f8-fa06-49fe-bb33-110f2dff81fe/enabled'
19:58:07.714 [Forwarding isElementEnabled on session 49f718cf2ee75ddb7b16e05151dcb231 to remote] DEBUG org.asynchttpclient.netty.request.NettyRequestSender - Using open Channel [id: 0x5ea5f342, L:/127.0.0.1:51109 - R:localhost/127.0.0.1:59357] for GET '/session/49f718cf2ee75ddb7b16e05151dcb231/element/4264d6f8-fa06-49fe-bb33-110f2dff81fe/enabled'
19:58:07.726 [AsyncHttpClient-1-8] DEBUG org.asynchttpclient.netty.handler.HttpHandler - 

Request DefaultFullHttpRequest(decodeResult: success, version: HTTP/1.1, content: EmptyByteBufBE)
GET /session/49f718cf2ee75ddb7b16e05151dcb231/element/4264d6f8-fa06-49fe-bb33-110f2dff81fe/enabled HTTP/1.1
User-Agent: selenium/4.1.4 (java windows)
Cache-Control: no-cache
Content-Type: application/json; charset=utf-8
host: localhost:59357
accept: */*

Response DefaultHttpResponse(decodeResult: success, version: HTTP/1.1)
HTTP/1.1 200 OK
Content-Type: application/json; charset=utf-8
cache-control: no-cache
content-length: 14

19:58:07.726 [AsyncHttpClient-1-8] DEBUG org.asynchttpclient.netty.channel.ChannelManager - Adding key: http://localhost:59357 for channel [id: 0x5ea5f342, L:/127.0.0.1:51109 - R:localhost/127.0.0.1:59357]
19:58:07.727 [Forwarding findElement on session 49f718cf2ee75ddb7b16e05151dcb231 to remote] DEBUG org.asynchttpclient.netty.request.NettyRequestSender - Using pooled Channel '[id: 0x5ea5f342, L:/127.0.0.1:51109 - R:localhost/127.0.0.1:59357]' for 'POST' to 'http://localhost:59357/session/49f718cf2ee75ddb7b16e05151dcb231/element'
19:58:07.727 [Forwarding findElement on session 49f718cf2ee75ddb7b16e05151dcb231 to remote] DEBUG org.asynchttpclient.netty.request.NettyRequestSender - Using open Channel [id: 0x5ea5f342, L:/127.0.0.1:51109 - R:localhost/127.0.0.1:59357] for POST '/session/49f718cf2ee75ddb7b16e05151dcb231/element'
19:58:07.737 [AsyncHttpClient-1-8] DEBUG org.asynchttpclient.netty.handler.HttpHandler - 

Request DefaultHttpRequest(decodeResult: success, version: HTTP/1.1)
POST /session/49f718cf2ee75ddb7b16e05151dcb231/element HTTP/1.1
User-Agent: selenium/4.1.4 (java windows)
Content-Length: 68
Content-Type: application/json; charset=utf-8
host: localhost:59357
accept: */*

Response DefaultHttpResponse(decodeResult: success, version: HTTP/1.1)
HTTP/1.1 200 OK
Content-Type: application/json; charset=utf-8
cache-control: no-cache
content-length: 88

19:58:07.737 [AsyncHttpClient-1-8] DEBUG org.asynchttpclient.netty.channel.ChannelManager - Adding key: http://localhost:59357 for channel [id: 0x5ea5f342, L:/127.0.0.1:51109 - R:localhost/127.0.0.1:59357]
19:58:07.738 [Forwarding clickElement on session 49f718cf2ee75ddb7b16e05151dcb231 to remote] DEBUG org.asynchttpclient.netty.request.NettyRequestSender - Using pooled Channel '[id: 0x5ea5f342, L:/127.0.0.1:51109 - R:localhost/127.0.0.1:59357]' for 'POST' to 'http://localhost:59357/session/49f718cf2ee75ddb7b16e05151dcb231/element/4264d6f8-fa06-49fe-bb33-110f2dff81fe/click'
19:58:07.738 [Forwarding clickElement on session 49f718cf2ee75ddb7b16e05151dcb231 to remote] DEBUG org.asynchttpclient.netty.request.NettyRequestSender - Using open Channel [id: 0x5ea5f342, L:/127.0.0.1:51109 - R:localhost/127.0.0.1:59357] for POST '/session/49f718cf2ee75ddb7b16e05151dcb231/element/4264d6f8-fa06-49fe-bb33-110f2dff81fe/click'
19:58:07.792 [AsyncHttpClient-1-8] DEBUG org.asynchttpclient.netty.handler.HttpHandler - 

Request DefaultHttpRequest(decodeResult: success, version: HTTP/1.1)
POST /session/49f718cf2ee75ddb7b16e05151dcb231/element/4264d6f8-fa06-49fe-bb33-110f2dff81fe/click HTTP/1.1
User-Agent: selenium/4.1.4 (java windows)
Content-Length: 50
Content-Type: application/json; charset=utf-8
host: localhost:59357
accept: */*

Response DefaultHttpResponse(decodeResult: success, version: HTTP/1.1)
HTTP/1.1 200 OK
Content-Type: application/json; charset=utf-8
cache-control: no-cache
content-length: 14

19:58:07.792 [AsyncHttpClient-1-8] DEBUG org.asynchttpclient.netty.channel.ChannelManager - Adding key: http://localhost:59357 for channel [id: 0x5ea5f342, L:/127.0.0.1:51109 - R:localhost/127.0.0.1:59357]
19:58:07.796 [Forwarding screenshot on session 49f718cf2ee75ddb7b16e05151dcb231 to remote] DEBUG org.asynchttpclient.netty.request.NettyRequestSender - Using pooled Channel '[id: 0x5ea5f342, L:/127.0.0.1:51109 - R:localhost/127.0.0.1:59357]' for 'GET' to 'http://localhost:59357/session/49f718cf2ee75ddb7b16e05151dcb231/screenshot'
19:58:07.796 [Forwarding screenshot on session 49f718cf2ee75ddb7b16e05151dcb231 to remote] DEBUG org.asynchttpclient.netty.request.NettyRequestSender - Using open Channel [id: 0x5ea5f342, L:/127.0.0.1:51109 - R:localhost/127.0.0.1:59357] for GET '/session/49f718cf2ee75ddb7b16e05151dcb231/screenshot'
19:58:07.817 [AsyncHttpClient-1-1] DEBUG org.asynchttpclient.netty.channel.DefaultChannelPool - Entry count for : http://localhost:51110 : 1
19:58:08.033 [AsyncHttpClient-1-8] DEBUG org.asynchttpclient.netty.handler.HttpHandler - 

Request DefaultFullHttpRequest(decodeResult: success, version: HTTP/1.1, content: EmptyByteBufBE)
GET /session/49f718cf2ee75ddb7b16e05151dcb231/screenshot HTTP/1.1
User-Agent: selenium/4.1.4 (java windows)
Cache-Control: no-cache
Content-Type: application/json; charset=utf-8
host: localhost:59357
accept: */*

Response DefaultHttpResponse(decodeResult: success, version: HTTP/1.1)
HTTP/1.1 200 OK
Content-Type: application/json; charset=utf-8
cache-control: no-cache
content-length: 360772

19:58:08.034 [AsyncHttpClient-1-8] DEBUG org.asynchttpclient.netty.channel.ChannelManager - Adding key: http://localhost:59357 for channel [id: 0x5ea5f342, L:/127.0.0.1:51109 - R:localhost/127.0.0.1:59357]
19:58:08.040 [main] DEBUG net.serenitybdd.core.photography.Darkroom - Send negative for processing for target\site\serenity\acae9bcca3691ada922204b4bbca3754a34e9142001c1160924f1163813c5f8c.png
19:58:08.040 [main] DEBUG net.thucydides.core.steps.StepInterceptor - STEP DONE: clickButtonLogin
19:58:08.040 [Darkroom Processing Line] DEBUG net.serenitybdd.core.photography.DarkroomProcessingLine - Processing screenshot image in /var/screenshots/screenshot-10930041272717106854
19:58:08.040 [Darkroom Processing Line] DEBUG net.serenitybdd.core.photography.DarkroomProcessingLine - Saving screenshot to target\site\serenity\acae9bcca3691ada922204b4bbca3754a34e9142001c1160924f1163813c5f8c.png
19:58:08.914 [AsyncHttpClient-1-1] DEBUG org.asynchttpclient.netty.channel.DefaultChannelPool - Entry count for : http://localhost:51110 : 1
19:58:08.914 [AsyncHttpClient-1-1] DEBUG org.asynchttpclient.netty.channel.DefaultChannelPool - Entry count for : http://localhost:59357 : 1
  &amp#27;[32mWhen &amp#27;[0m&amp#27;[32mI click button login&amp#27;[0m                           &amp#27;[90m# starter.stepdefinitios.LoginSteps.iClickButtonLogin()&amp#27;[0m
19:58:09.055 [Forwarding screenshot on session 49f718cf2ee75ddb7b16e05151dcb231 to remote] DEBUG org.asynchttpclient.netty.request.NettyRequestSender - Using pooled Channel '[id: 0x5ea5f342, L:/127.0.0.1:51109 - R:localhost/127.0.0.1:59357]' for 'GET' to 'http://localhost:59357/session/49f718cf2ee75ddb7b16e05151dcb231/screenshot'
19:58:09.055 [Forwarding screenshot on session 49f718cf2ee75ddb7b16e05151dcb231 to remote] DEBUG org.asynchttpclient.netty.request.NettyRequestSender - Using open Channel [id: 0x5ea5f342, L:/127.0.0.1:51109 - R:localhost/127.0.0.1:59357] for GET '/session/49f718cf2ee75ddb7b16e05151dcb231/screenshot'
19:58:09.305 [AsyncHttpClient-1-8] DEBUG org.asynchttpclient.netty.handler.HttpHandler - 

Request DefaultFullHttpRequest(decodeResult: success, version: HTTP/1.1, content: EmptyByteBufBE)
GET /session/49f718cf2ee75ddb7b16e05151dcb231/screenshot HTTP/1.1
User-Agent: selenium/4.1.4 (java windows)
Cache-Control: no-cache
Content-Type: application/json; charset=utf-8
host: localhost:59357
accept: */*

Response DefaultHttpResponse(decodeResult: success, version: HTTP/1.1)
HTTP/1.1 200 OK
Content-Type: application/json; charset=utf-8
cache-control: no-cache
content-length: 313440

19:58:09.305 [AsyncHttpClient-1-8] DEBUG org.asynchttpclient.netty.channel.ChannelManager - Adding key: http://localhost:59357 for channel [id: 0x5ea5f342, L:/127.0.0.1:51109 - R:localhost/127.0.0.1:59357]
19:58:09.315 [main] DEBUG net.serenitybdd.core.photography.Darkroom - Send negative for processing for target\site\serenity\c6cb2b019f91f2732d550e2b76f2bb638bd25a4188758c621e032032a04b6aa5.png
19:58:09.315 [Darkroom Processing Line] DEBUG net.serenitybdd.core.photography.DarkroomProcessingLine - Processing screenshot image in /var/screenshots/screenshot-11904699574702310621
19:58:09.315 [Darkroom Processing Line] DEBUG net.serenitybdd.core.photography.DarkroomProcessingLine - Saving screenshot to target\site\serenity\c6cb2b019f91f2732d550e2b76f2bb638bd25a4188758c621e032032a04b6aa5.png
19:58:10.014 [AsyncHttpClient-1-1] DEBUG org.asynchttpclient.netty.channel.DefaultChannelPool - Entry count for : http://localhost:51110 : 1
19:58:10.014 [AsyncHttpClient-1-1] DEBUG org.asynchttpclient.netty.channel.DefaultChannelPool - Entry count for : http://localhost:59357 : 1
19:58:11.112 [AsyncHttpClient-1-1] DEBUG org.asynchttpclient.netty.channel.DefaultChannelPool - Entry count for : http://localhost:51110 : 1
19:58:11.112 [AsyncHttpClient-1-1] DEBUG org.asynchttpclient.netty.channel.DefaultChannelPool - Entry count for : http://localhost:59357 : 1
19:58:12.218 [AsyncHttpClient-1-1] DEBUG org.asynchttpclient.netty.channel.DefaultChannelPool - Entry count for : http://localhost:51110 : 1
19:58:12.218 [AsyncHttpClient-1-1] DEBUG org.asynchttpclient.netty.channel.DefaultChannelPool - Entry count for : http://localhost:59357 : 1
19:58:13.318 [AsyncHttpClient-1-1] DEBUG org.asynchttpclient.netty.channel.DefaultChannelPool - Entry count for : http://localhost:51110 : 1
19:58:13.318 [AsyncHttpClient-1-1] DEBUG org.asynchttpclient.netty.channel.DefaultChannelPool - Entry count for : http://localhost:59357 : 1
19:58:14.334 [Forwarding findElement on session 49f718cf2ee75ddb7b16e05151dcb231 to remote] DEBUG org.asynchttpclient.netty.request.NettyRequestSender - Using pooled Channel '[id: 0x5ea5f342, L:/127.0.0.1:51109 - R:localhost/127.0.0.1:59357]' for 'POST' to 'http://localhost:59357/session/49f718cf2ee75ddb7b16e05151dcb231/element'
19:58:14.334 [Forwarding findElement on session 49f718cf2ee75ddb7b16e05151dcb231 to remote] DEBUG org.asynchttpclient.netty.request.NettyRequestSender - Using open Channel [id: 0x5ea5f342, L:/127.0.0.1:51109 - R:localhost/127.0.0.1:59357] for POST '/session/49f718cf2ee75ddb7b16e05151dcb231/element'
19:58:14.361 [AsyncHttpClient-1-8] DEBUG org.asynchttpclient.netty.handler.HttpHandler - 

Request DefaultHttpRequest(decodeResult: success, version: HTTP/1.1)
POST /session/49f718cf2ee75ddb7b16e05151dcb231/element HTTP/1.1
User-Agent: selenium/4.1.4 (java windows)
Content-Length: 68
Content-Type: application/json; charset=utf-8
host: localhost:59357
accept: */*

Response DefaultHttpResponse(decodeResult: success, version: HTTP/1.1)
HTTP/1.1 200 OK
Content-Type: application/json; charset=utf-8
cache-control: no-cache
content-length: 88

19:58:14.361 [AsyncHttpClient-1-8] DEBUG org.asynchttpclient.netty.channel.ChannelManager - Adding key: http://localhost:59357 for channel [id: 0x5ea5f342, L:/127.0.0.1:51109 - R:localhost/127.0.0.1:59357]
19:58:14.361 [Forwarding isElementEnabled on session 49f718cf2ee75ddb7b16e05151dcb231 to remote] DEBUG org.asynchttpclient.netty.request.NettyRequestSender - Using pooled Channel '[id: 0x5ea5f342, L:/127.0.0.1:51109 - R:localhost/127.0.0.1:59357]' for 'GET' to 'http://localhost:59357/session/49f718cf2ee75ddb7b16e05151dcb231/element/697582c7-f924-4d12-a163-08e475e60213/enabled'
19:58:14.361 [Forwarding isElementEnabled on session 49f718cf2ee75ddb7b16e05151dcb231 to remote] DEBUG org.asynchttpclient.netty.request.NettyRequestSender - Using open Channel [id: 0x5ea5f342, L:/127.0.0.1:51109 - R:localhost/127.0.0.1:59357] for GET '/session/49f718cf2ee75ddb7b16e05151dcb231/element/697582c7-f924-4d12-a163-08e475e60213/enabled'
19:58:14.378 [AsyncHttpClient-1-8] DEBUG org.asynchttpclient.netty.handler.HttpHandler - 

Request DefaultFullHttpRequest(decodeResult: success, version: HTTP/1.1, content: EmptyByteBufBE)
GET /session/49f718cf2ee75ddb7b16e05151dcb231/element/697582c7-f924-4d12-a163-08e475e60213/enabled HTTP/1.1
User-Agent: selenium/4.1.4 (java windows)
Cache-Control: no-cache
Content-Type: application/json; charset=utf-8
host: localhost:59357
accept: */*

Response DefaultHttpResponse(decodeResult: success, version: HTTP/1.1)
HTTP/1.1 200 OK
Content-Type: application/json; charset=utf-8
cache-control: no-cache
content-length: 14

19:58:14.378 [AsyncHttpClient-1-8] DEBUG org.asynchttpclient.netty.channel.ChannelManager - Adding key: http://localhost:59357 for channel [id: 0x5ea5f342, L:/127.0.0.1:51109 - R:localhost/127.0.0.1:59357]
19:58:14.411 [AsyncHttpClient-1-1] DEBUG org.asynchttpclient.netty.channel.DefaultChannelPool - Entry count for : http://localhost:51110 : 1
19:58:14.411 [AsyncHttpClient-1-1] DEBUG org.asynchttpclient.netty.channel.DefaultChannelPool - Entry count for : http://localhost:59357 : 1
19:58:14.892 [Forwarding screenshot on session 49f718cf2ee75ddb7b16e05151dcb231 to remote] DEBUG org.asynchttpclient.netty.request.NettyRequestSender - Using pooled Channel '[id: 0x5ea5f342, L:/127.0.0.1:51109 - R:localhost/127.0.0.1:59357]' for 'GET' to 'http://localhost:59357/session/49f718cf2ee75ddb7b16e05151dcb231/screenshot'
19:58:14.892 [Forwarding screenshot on session 49f718cf2ee75ddb7b16e05151dcb231 to remote] DEBUG org.asynchttpclient.netty.request.NettyRequestSender - Using open Channel [id: 0x5ea5f342, L:/127.0.0.1:51109 - R:localhost/127.0.0.1:59357] for GET '/session/49f718cf2ee75ddb7b16e05151dcb231/screenshot'
19:58:15.143 [AsyncHttpClient-1-8] DEBUG org.asynchttpclient.netty.handler.HttpHandler - 

Request DefaultFullHttpRequest(decodeResult: success, version: HTTP/1.1, content: EmptyByteBufBE)
GET /session/49f718cf2ee75ddb7b16e05151dcb231/screenshot HTTP/1.1
User-Agent: selenium/4.1.4 (java windows)
Cache-Control: no-cache
Content-Type: application/json; charset=utf-8
host: localhost:59357
accept: */*

Response DefaultHttpResponse(decodeResult: success, version: HTTP/1.1)
HTTP/1.1 200 OK
Content-Type: application/json; charset=utf-8
cache-control: no-cache
content-length: 301044

19:58:15.143 [AsyncHttpClient-1-8] DEBUG org.asynchttpclient.netty.channel.ChannelManager - Adding key: http://localhost:59357 for channel [id: 0x5ea5f342, L:/127.0.0.1:51109 - R:localhost/127.0.0.1:59357]
19:58:15.158 [main] DEBUG net.serenitybdd.core.photography.Darkroom - Send negative for processing for target\site\serenity\163e386af0b12517552a74a3d5043b94e8c0f9215c0f21d464e3b04d27a0859d.png
19:58:15.158 [main] DEBUG net.thucydides.core.steps.StepInterceptor - STARTING STEP: LoginSteps.loginValidationInvalid - clickButtonErrorOK
19:58:15.172 [Forwarding findElement on session 49f718cf2ee75ddb7b16e05151dcb231 to remote] DEBUG org.asynchttpclient.netty.request.NettyRequestSender - Using pooled Channel '[id: 0x5ea5f342, L:/127.0.0.1:51109 - R:localhost/127.0.0.1:59357]' for 'POST' to 'http://localhost:59357/session/49f718cf2ee75ddb7b16e05151dcb231/element'
19:58:15.172 [Forwarding findElement on session 49f718cf2ee75ddb7b16e05151dcb231 to remote] DEBUG org.asynchttpclient.netty.request.NettyRequestSender - Using open Channel [id: 0x5ea5f342, L:/127.0.0.1:51109 - R:localhost/127.0.0.1:59357] for POST '/session/49f718cf2ee75ddb7b16e05151dcb231/element'
19:58:15.192 [AsyncHttpClient-1-8] DEBUG org.asynchttpclient.netty.handler.HttpHandler - 

Request DefaultHttpRequest(decodeResult: success, version: HTTP/1.1)
POST /session/49f718cf2ee75ddb7b16e05151dcb231/element HTTP/1.1
User-Agent: selenium/4.1.4 (java windows)
Content-Length: 88
Content-Type: application/json; charset=utf-8
host: localhost:59357
accept: */*

Response DefaultHttpResponse(decodeResult: success, version: HTTP/1.1)
HTTP/1.1 200 OK
Content-Type: application/json; charset=utf-8
cache-control: no-cache
content-length: 88

19:58:15.192 [AsyncHttpClient-1-8] DEBUG org.asynchttpclient.netty.channel.ChannelManager - Adding key: http://localhost:59357 for channel [id: 0x5ea5f342, L:/127.0.0.1:51109 - R:localhost/127.0.0.1:59357]
19:58:15.193 [Forwarding getElementTagName on session 49f718cf2ee75ddb7b16e05151dcb231 to remote] DEBUG org.asynchttpclient.netty.request.NettyRequestSender - Using pooled Channel '[id: 0x5ea5f342, L:/127.0.0.1:51109 - R:localhost/127.0.0.1:59357]' for 'GET' to 'http://localhost:59357/session/49f718cf2ee75ddb7b16e05151dcb231/element/4a7096aa-1c86-46a5-8bb5-2273dd7fe7f5/name'
19:58:15.193 [Forwarding getElementTagName on session 49f718cf2ee75ddb7b16e05151dcb231 to remote] DEBUG org.asynchttpclient.netty.request.NettyRequestSender - Using open Channel [id: 0x5ea5f342, L:/127.0.0.1:51109 - R:localhost/127.0.0.1:59357] for GET '/session/49f718cf2ee75ddb7b16e05151dcb231/element/4a7096aa-1c86-46a5-8bb5-2273dd7fe7f5/name'
19:58:15.201 [AsyncHttpClient-1-8] DEBUG org.asynchttpclient.netty.handler.HttpHandler - 

Request DefaultFullHttpRequest(decodeResult: success, version: HTTP/1.1, content: EmptyByteBufBE)
GET /session/49f718cf2ee75ddb7b16e05151dcb231/element/4a7096aa-1c86-46a5-8bb5-2273dd7fe7f5/name HTTP/1.1
User-Agent: selenium/4.1.4 (java windows)
Cache-Control: no-cache
Content-Type: application/json; charset=utf-8
host: localhost:59357
accept: */*

Response DefaultHttpResponse(decodeResult: success, version: HTTP/1.1)
HTTP/1.1 200 OK
Content-Type: application/json; charset=utf-8
cache-control: no-cache
content-length: 18

19:58:15.202 [AsyncHttpClient-1-8] DEBUG org.asynchttpclient.netty.channel.ChannelManager - Adding key: http://localhost:59357 for channel [id: 0x5ea5f342, L:/127.0.0.1:51109 - R:localhost/127.0.0.1:59357]
19:58:15.203 [Forwarding getElementTagName on session 49f718cf2ee75ddb7b16e05151dcb231 to remote] DEBUG org.asynchttpclient.netty.request.NettyRequestSender - Using pooled Channel '[id: 0x5ea5f342, L:/127.0.0.1:51109 - R:localhost/127.0.0.1:59357]' for 'GET' to 'http://localhost:59357/session/49f718cf2ee75ddb7b16e05151dcb231/element/4a7096aa-1c86-46a5-8bb5-2273dd7fe7f5/name'
19:58:15.203 [Forwarding getElementTagName on session 49f718cf2ee75ddb7b16e05151dcb231 to remote] DEBUG org.asynchttpclient.netty.request.NettyRequestSender - Using open Channel [id: 0x5ea5f342, L:/127.0.0.1:51109 - R:localhost/127.0.0.1:59357] for GET '/session/49f718cf2ee75ddb7b16e05151dcb231/element/4a7096aa-1c86-46a5-8bb5-2273dd7fe7f5/name'
19:58:15.210 [AsyncHttpClient-1-8] DEBUG org.asynchttpclient.netty.handler.HttpHandler - 

Request DefaultFullHttpRequest(decodeResult: success, version: HTTP/1.1, content: EmptyByteBufBE)
GET /session/49f718cf2ee75ddb7b16e05151dcb231/element/4a7096aa-1c86-46a5-8bb5-2273dd7fe7f5/name HTTP/1.1
User-Agent: selenium/4.1.4 (java windows)
Cache-Control: no-cache
Content-Type: application/json; charset=utf-8
host: localhost:59357
accept: */*

Response DefaultHttpResponse(decodeResult: success, version: HTTP/1.1)
HTTP/1.1 200 OK
Content-Type: application/json; charset=utf-8
cache-control: no-cache
content-length: 18

19:58:15.210 [AsyncHttpClient-1-8] DEBUG org.asynchttpclient.netty.channel.ChannelManager - Adding key: http://localhost:59357 for channel [id: 0x5ea5f342, L:/127.0.0.1:51109 - R:localhost/127.0.0.1:59357]
19:58:15.210 [Forwarding isElementEnabled on session 49f718cf2ee75ddb7b16e05151dcb231 to remote] DEBUG org.asynchttpclient.netty.request.NettyRequestSender - Using pooled Channel '[id: 0x5ea5f342, L:/127.0.0.1:51109 - R:localhost/127.0.0.1:59357]' for 'GET' to 'http://localhost:59357/session/49f718cf2ee75ddb7b16e05151dcb231/element/4a7096aa-1c86-46a5-8bb5-2273dd7fe7f5/enabled'
19:58:15.210 [Forwarding isElementEnabled on session 49f718cf2ee75ddb7b16e05151dcb231 to remote] DEBUG org.asynchttpclient.netty.request.NettyRequestSender - Using open Channel [id: 0x5ea5f342, L:/127.0.0.1:51109 - R:localhost/127.0.0.1:59357] for GET '/session/49f718cf2ee75ddb7b16e05151dcb231/element/4a7096aa-1c86-46a5-8bb5-2273dd7fe7f5/enabled'
19:58:15.227 [AsyncHttpClient-1-8] DEBUG org.asynchttpclient.netty.handler.HttpHandler - 

Request DefaultFullHttpRequest(decodeResult: success, version: HTTP/1.1, content: EmptyByteBufBE)
GET /session/49f718cf2ee75ddb7b16e05151dcb231/element/4a7096aa-1c86-46a5-8bb5-2273dd7fe7f5/enabled HTTP/1.1
User-Agent: selenium/4.1.4 (java windows)
Cache-Control: no-cache
Content-Type: application/json; charset=utf-8
host: localhost:59357
accept: */*

Response DefaultHttpResponse(decodeResult: success, version: HTTP/1.1)
HTTP/1.1 200 OK
Content-Type: application/json; charset=utf-8
cache-control: no-cache
content-length: 14

19:58:15.228 [AsyncHttpClient-1-8] DEBUG org.asynchttpclient.netty.channel.ChannelManager - Adding key: http://localhost:59357 for channel [id: 0x5ea5f342, L:/127.0.0.1:51109 - R:localhost/127.0.0.1:59357]
19:58:15.228 [Forwarding isElementEnabled on session 49f718cf2ee75ddb7b16e05151dcb231 to remote] DEBUG org.asynchttpclient.netty.request.NettyRequestSender - Using pooled Channel '[id: 0x5ea5f342, L:/127.0.0.1:51109 - R:localhost/127.0.0.1:59357]' for 'GET' to 'http://localhost:59357/session/49f718cf2ee75ddb7b16e05151dcb231/element/4a7096aa-1c86-46a5-8bb5-2273dd7fe7f5/enabled'
19:58:15.228 [Forwarding isElementEnabled on session 49f718cf2ee75ddb7b16e05151dcb231 to remote] DEBUG org.asynchttpclient.netty.request.NettyRequestSender - Using open Channel [id: 0x5ea5f342, L:/127.0.0.1:51109 - R:localhost/127.0.0.1:59357] for GET '/session/49f718cf2ee75ddb7b16e05151dcb231/element/4a7096aa-1c86-46a5-8bb5-2273dd7fe7f5/enabled'
19:58:15.238 [AsyncHttpClient-1-8] DEBUG org.asynchttpclient.netty.handler.HttpHandler - 

Request DefaultFullHttpRequest(decodeResult: success, version: HTTP/1.1, content: EmptyByteBufBE)
GET /session/49f718cf2ee75ddb7b16e05151dcb231/element/4a7096aa-1c86-46a5-8bb5-2273dd7fe7f5/enabled HTTP/1.1
User-Agent: selenium/4.1.4 (java windows)
Cache-Control: no-cache
Content-Type: application/json; charset=utf-8
host: localhost:59357
accept: */*

Response DefaultHttpResponse(decodeResult: success, version: HTTP/1.1)
HTTP/1.1 200 OK
Content-Type: application/json; charset=utf-8
cache-control: no-cache
content-length: 14

19:58:15.239 [AsyncHttpClient-1-8] DEBUG org.asynchttpclient.netty.channel.ChannelManager - Adding key: http://localhost:59357 for channel [id: 0x5ea5f342, L:/127.0.0.1:51109 - R:localhost/127.0.0.1:59357]
19:58:15.239 [Forwarding findElement on session 49f718cf2ee75ddb7b16e05151dcb231 to remote] DEBUG org.asynchttpclient.netty.request.NettyRequestSender - Using pooled Channel '[id: 0x5ea5f342, L:/127.0.0.1:51109 - R:localhost/127.0.0.1:59357]' for 'POST' to 'http://localhost:59357/session/49f718cf2ee75ddb7b16e05151dcb231/element'
19:58:15.239 [Forwarding findElement on session 49f718cf2ee75ddb7b16e05151dcb231 to remote] DEBUG org.asynchttpclient.netty.request.NettyRequestSender - Using open Channel [id: 0x5ea5f342, L:/127.0.0.1:51109 - R:localhost/127.0.0.1:59357] for POST '/session/49f718cf2ee75ddb7b16e05151dcb231/element'
19:58:15.252 [AsyncHttpClient-1-8] DEBUG org.asynchttpclient.netty.handler.HttpHandler - 

Request DefaultHttpRequest(decodeResult: success, version: HTTP/1.1)
POST /session/49f718cf2ee75ddb7b16e05151dcb231/element HTTP/1.1
User-Agent: selenium/4.1.4 (java windows)
Content-Length: 88
Content-Type: application/json; charset=utf-8
host: localhost:59357
accept: */*

Response DefaultHttpResponse(decodeResult: success, version: HTTP/1.1)
HTTP/1.1 200 OK
Content-Type: application/json; charset=utf-8
cache-control: no-cache
content-length: 88

19:58:15.252 [AsyncHttpClient-1-8] DEBUG org.asynchttpclient.netty.channel.ChannelManager - Adding key: http://localhost:59357 for channel [id: 0x5ea5f342, L:/127.0.0.1:51109 - R:localhost/127.0.0.1:59357]
19:58:15.252 [Forwarding clickElement on session 49f718cf2ee75ddb7b16e05151dcb231 to remote] DEBUG org.asynchttpclient.netty.request.NettyRequestSender - Using pooled Channel '[id: 0x5ea5f342, L:/127.0.0.1:51109 - R:localhost/127.0.0.1:59357]' for 'POST' to 'http://localhost:59357/session/49f718cf2ee75ddb7b16e05151dcb231/element/4a7096aa-1c86-46a5-8bb5-2273dd7fe7f5/click'
19:58:15.252 [Forwarding clickElement on session 49f718cf2ee75ddb7b16e05151dcb231 to remote] DEBUG org.asynchttpclient.netty.request.NettyRequestSender - Using open Channel [id: 0x5ea5f342, L:/127.0.0.1:51109 - R:localhost/127.0.0.1:59357] for POST '/session/49f718cf2ee75ddb7b16e05151dcb231/element/4a7096aa-1c86-46a5-8bb5-2273dd7fe7f5/click'
19:58:15.367 [AsyncHttpClient-1-8] DEBUG org.asynchttpclient.netty.handler.HttpHandler - 

Request DefaultHttpRequest(decodeResult: success, version: HTTP/1.1)
POST /session/49f718cf2ee75ddb7b16e05151dcb231/element/4a7096aa-1c86-46a5-8bb5-2273dd7fe7f5/click HTTP/1.1
User-Agent: selenium/4.1.4 (java windows)
Content-Length: 50
Content-Type: application/json; charset=utf-8
host: localhost:59357
accept: */*

Response DefaultHttpResponse(decodeResult: success, version: HTTP/1.1)
HTTP/1.1 200 OK
Content-Type: application/json; charset=utf-8
cache-control: no-cache
content-length: 14

19:58:15.368 [AsyncHttpClient-1-8] DEBUG org.asynchttpclient.netty.channel.ChannelManager - Adding key: http://localhost:59357 for channel [id: 0x5ea5f342, L:/127.0.0.1:51109 - R:localhost/127.0.0.1:59357]
19:58:15.373 [Forwarding screenshot on session 49f718cf2ee75ddb7b16e05151dcb231 to remote] DEBUG org.asynchttpclient.netty.request.NettyRequestSender - Using pooled Channel '[id: 0x5ea5f342, L:/127.0.0.1:51109 - R:localhost/127.0.0.1:59357]' for 'GET' to 'http://localhost:59357/session/49f718cf2ee75ddb7b16e05151dcb231/screenshot'
19:58:15.373 [Forwarding screenshot on session 49f718cf2ee75ddb7b16e05151dcb231 to remote] DEBUG org.asynchttpclient.netty.request.NettyRequestSender - Using open Channel [id: 0x5ea5f342, L:/127.0.0.1:51109 - R:localhost/127.0.0.1:59357] for GET '/session/49f718cf2ee75ddb7b16e05151dcb231/screenshot'
19:58:15.519 [AsyncHttpClient-1-1] DEBUG org.asynchttpclient.netty.channel.DefaultChannelPool - Entry count for : http://localhost:51110 : 1
19:58:15.802 [AsyncHttpClient-1-8] DEBUG org.asynchttpclient.netty.handler.HttpHandler - 

Request DefaultFullHttpRequest(decodeResult: success, version: HTTP/1.1, content: EmptyByteBufBE)
GET /session/49f718cf2ee75ddb7b16e05151dcb231/screenshot HTTP/1.1
User-Agent: selenium/4.1.4 (java windows)
Cache-Control: no-cache
Content-Type: application/json; charset=utf-8
host: localhost:59357
accept: */*

Response DefaultHttpResponse(decodeResult: success, version: HTTP/1.1)
HTTP/1.1 200 OK
Content-Type: application/json; charset=utf-8
cache-control: no-cache
content-length: 51068

19:58:15.803 [AsyncHttpClient-1-8] DEBUG org.asynchttpclient.netty.channel.ChannelManager - Adding key: http://localhost:59357 for channel [id: 0x5ea5f342, L:/127.0.0.1:51109 - R:localhost/127.0.0.1:59357]
19:58:15.811 [main] DEBUG net.serenitybdd.core.photography.Darkroom - Send negative for processing for target\site\serenity\e2fc0b658dff23a95a1db156dcba603b5327bc6088f40a22d84b22c6ddafe62f.png
19:58:15.811 [main] DEBUG net.thucydides.core.steps.StepInterceptor - STEP DONE: clickButtonErrorOK
  &amp#27;[32mAnd &amp#27;[0m&amp#27;[32mLogin validation invalid&amp#27;[0m                        &amp#27;[90m# starter.stepdefinitios.LoginSteps.loginValidationInvalid()&amp#27;[0m
19:58:15.811 [Darkroom Processing Line] DEBUG net.serenitybdd.core.photography.DarkroomProcessingLine - Processing screenshot image in /var/screenshots/screenshot-4177192574166135423
19:58:15.811 [Darkroom Processing Line] DEBUG net.serenitybdd.core.photography.DarkroomProcessingLine - Saving screenshot to target\site\serenity\e2fc0b658dff23a95a1db156dcba603b5327bc6088f40a22d84b22c6ddafe62f.png
19:58:16.616 [AsyncHttpClient-1-1] DEBUG org.asynchttpclient.netty.channel.DefaultChannelPool - Entry count for : http://localhost:51110 : 1
19:58:16.616 [AsyncHttpClient-1-1] DEBUG org.asynchttpclient.netty.channel.DefaultChannelPool - Entry count for : http://localhost:59357 : 1
19:58:17.720 [AsyncHttpClient-1-1] DEBUG org.asynchttpclient.netty.channel.DefaultChannelPool - Entry count for : http://localhost:51110 : 1
19:58:17.720 [AsyncHttpClient-1-1] DEBUG org.asynchttpclient.netty.channel.DefaultChannelPool - Entry count for : http://localhost:59357 : 1
19:58:18.821 [AsyncHttpClient-1-1] DEBUG org.asynchttpclient.netty.channel.DefaultChannelPool - Entry count for : http://localhost:51110 : 1
19:58:18.821 [AsyncHttpClient-1-1] DEBUG org.asynchttpclient.netty.channel.DefaultChannelPool - Entry count for : http://localhost:59357 : 1
19:58:19.920 [AsyncHttpClient-1-1] DEBUG org.asynchttpclient.netty.channel.DefaultChannelPool - Entry count for : http://localhost:51110 : 1
19:58:19.920 [AsyncHttpClient-1-1] DEBUG org.asynchttpclient.netty.channel.DefaultChannelPool - Entry count for : http://localhost:59357 : 1
19:58:20.892 [Forwarding screenshot on session 49f718cf2ee75ddb7b16e05151dcb231 to remote] DEBUG org.asynchttpclient.netty.request.NettyRequestSender - Using pooled Channel '[id: 0x5ea5f342, L:/127.0.0.1:51109 - R:localhost/127.0.0.1:59357]' for 'GET' to 'http://localhost:59357/session/49f718cf2ee75ddb7b16e05151dcb231/screenshot'
19:58:20.892 [Forwarding screenshot on session 49f718cf2ee75ddb7b16e05151dcb231 to remote] DEBUG org.asynchttpclient.netty.request.NettyRequestSender - Using open Channel [id: 0x5ea5f342, L:/127.0.0.1:51109 - R:localhost/127.0.0.1:59357] for GET '/session/49f718cf2ee75ddb7b16e05151dcb231/screenshot'
19:58:21.010 [AsyncHttpClient-1-1] DEBUG org.asynchttpclient.netty.channel.DefaultChannelPool - Entry count for : http://localhost:51110 : 1
19:58:21.072 [AsyncHttpClient-1-8] DEBUG org.asynchttpclient.netty.handler.HttpHandler - 

Request DefaultFullHttpRequest(decodeResult: success, version: HTTP/1.1, content: EmptyByteBufBE)
GET /session/49f718cf2ee75ddb7b16e05151dcb231/screenshot HTTP/1.1
User-Agent: selenium/4.1.4 (java windows)
Cache-Control: no-cache
Content-Type: application/json; charset=utf-8
host: localhost:59357
accept: */*

Response DefaultHttpResponse(decodeResult: success, version: HTTP/1.1)
HTTP/1.1 200 OK
Content-Type: application/json; charset=utf-8
cache-control: no-cache
content-length: 78916

19:58:21.072 [AsyncHttpClient-1-8] DEBUG org.asynchttpclient.netty.channel.ChannelManager - Adding key: http://localhost:59357 for channel [id: 0x5ea5f342, L:/127.0.0.1:51109 - R:localhost/127.0.0.1:59357]
19:58:21.076 [main] DEBUG net.serenitybdd.core.photography.Darkroom - Send negative for processing for target\site\serenity\6ddfb86c3e40e80f5cf75f5473ea4a13b4be8ddc07b6bfa170e30cd2276a987b.png
19:58:21.077 [main] DEBUG net.thucydides.core.steps.StepInterceptor - STARTING STEP: KelolaJadwalSteps.clickButtonManageSchedule - clickButtonKelolaJadwal
19:58:21.080 [Forwarding findElement on session 49f718cf2ee75ddb7b16e05151dcb231 to remote] DEBUG org.asynchttpclient.netty.request.NettyRequestSender - Using pooled Channel '[id: 0x5ea5f342, L:/127.0.0.1:51109 - R:localhost/127.0.0.1:59357]' for 'POST' to 'http://localhost:59357/session/49f718cf2ee75ddb7b16e05151dcb231/element'
19:58:21.080 [Forwarding findElement on session 49f718cf2ee75ddb7b16e05151dcb231 to remote] DEBUG org.asynchttpclient.netty.request.NettyRequestSender - Using open Channel [id: 0x5ea5f342, L:/127.0.0.1:51109 - R:localhost/127.0.0.1:59357] for POST '/session/49f718cf2ee75ddb7b16e05151dcb231/element'
19:58:21.093 [AsyncHttpClient-1-8] DEBUG org.asynchttpclient.netty.handler.HttpHandler - 

Request DefaultHttpRequest(decodeResult: success, version: HTTP/1.1)
POST /session/49f718cf2ee75ddb7b16e05151dcb231/element HTTP/1.1
User-Agent: selenium/4.1.4 (java windows)
Content-Length: 114
Content-Type: application/json; charset=utf-8
host: localhost:59357
accept: */*

Response DefaultHttpResponse(decodeResult: success, version: HTTP/1.1)
HTTP/1.1 200 OK
Content-Type: application/json; charset=utf-8
cache-control: no-cache
content-length: 88

19:58:21.093 [AsyncHttpClient-1-8] DEBUG org.asynchttpclient.netty.channel.ChannelManager - Adding key: http://localhost:59357 for channel [id: 0x5ea5f342, L:/127.0.0.1:51109 - R:localhost/127.0.0.1:59357]
19:58:21.095 [Forwarding getElementTagName on session 49f718cf2ee75ddb7b16e05151dcb231 to remote] DEBUG org.asynchttpclient.netty.request.NettyRequestSender - Using pooled Channel '[id: 0x5ea5f342, L:/127.0.0.1:51109 - R:localhost/127.0.0.1:59357]' for 'GET' to 'http://localhost:59357/session/49f718cf2ee75ddb7b16e05151dcb231/element/2ec25af5-9e1b-40d1-8046-3c60c5ae5954/name'
19:58:21.095 [Forwarding getElementTagName on session 49f718cf2ee75ddb7b16e05151dcb231 to remote] DEBUG org.asynchttpclient.netty.request.NettyRequestSender - Using open Channel [id: 0x5ea5f342, L:/127.0.0.1:51109 - R:localhost/127.0.0.1:59357] for GET '/session/49f718cf2ee75ddb7b16e05151dcb231/element/2ec25af5-9e1b-40d1-8046-3c60c5ae5954/name'
19:58:21.100 [AsyncHttpClient-1-8] DEBUG org.asynchttpclient.netty.handler.HttpHandler - 

Request DefaultFullHttpRequest(decodeResult: success, version: HTTP/1.1, content: EmptyByteBufBE)
GET /session/49f718cf2ee75ddb7b16e05151dcb231/element/2ec25af5-9e1b-40d1-8046-3c60c5ae5954/name HTTP/1.1
User-Agent: selenium/4.1.4 (java windows)
Cache-Control: no-cache
Content-Type: application/json; charset=utf-8
host: localhost:59357
accept: */*

Response DefaultHttpResponse(decodeResult: success, version: HTTP/1.1)
HTTP/1.1 200 OK
Content-Type: application/json; charset=utf-8
cache-control: no-cache
content-length: 13

19:58:21.100 [AsyncHttpClient-1-8] DEBUG org.asynchttpclient.netty.channel.ChannelManager - Adding key: http://localhost:59357 for channel [id: 0x5ea5f342, L:/127.0.0.1:51109 - R:localhost/127.0.0.1:59357]
19:58:21.101 [Forwarding getElementTagName on session 49f718cf2ee75ddb7b16e05151dcb231 to remote] DEBUG org.asynchttpclient.netty.request.NettyRequestSender - Using pooled Channel '[id: 0x5ea5f342, L:/127.0.0.1:51109 - R:localhost/127.0.0.1:59357]' for 'GET' to 'http://localhost:59357/session/49f718cf2ee75ddb7b16e05151dcb231/element/2ec25af5-9e1b-40d1-8046-3c60c5ae5954/name'
19:58:21.101 [Forwarding getElementTagName on session 49f718cf2ee75ddb7b16e05151dcb231 to remote] DEBUG org.asynchttpclient.netty.request.NettyRequestSender - Using open Channel [id: 0x5ea5f342, L:/127.0.0.1:51109 - R:localhost/127.0.0.1:59357] for GET '/session/49f718cf2ee75ddb7b16e05151dcb231/element/2ec25af5-9e1b-40d1-8046-3c60c5ae5954/name'
19:58:21.107 [AsyncHttpClient-1-8] DEBUG org.asynchttpclient.netty.handler.HttpHandler - 

Request DefaultFullHttpRequest(decodeResult: success, version: HTTP/1.1, content: EmptyByteBufBE)
GET /session/49f718cf2ee75ddb7b16e05151dcb231/element/2ec25af5-9e1b-40d1-8046-3c60c5ae5954/name HTTP/1.1
User-Agent: selenium/4.1.4 (java windows)
Cache-Control: no-cache
Content-Type: application/json; charset=utf-8
host: localhost:59357
accept: */*

Response DefaultHttpResponse(decodeResult: success, version: HTTP/1.1)
HTTP/1.1 200 OK
Content-Type: application/json; charset=utf-8
cache-control: no-cache
content-length: 13

19:58:21.107 [AsyncHttpClient-1-8] DEBUG org.asynchttpclient.netty.channel.ChannelManager - Adding key: http://localhost:59357 for channel [id: 0x5ea5f342, L:/127.0.0.1:51109 - R:localhost/127.0.0.1:59357]
19:58:21.109 [Forwarding findElement on session 49f718cf2ee75ddb7b16e05151dcb231 to remote] DEBUG org.asynchttpclient.netty.request.NettyRequestSender - Using pooled Channel '[id: 0x5ea5f342, L:/127.0.0.1:51109 - R:localhost/127.0.0.1:59357]' for 'POST' to 'http://localhost:59357/session/49f718cf2ee75ddb7b16e05151dcb231/element'
19:58:21.109 [Forwarding findElement on session 49f718cf2ee75ddb7b16e05151dcb231 to remote] DEBUG org.asynchttpclient.netty.request.NettyRequestSender - Using open Channel [id: 0x5ea5f342, L:/127.0.0.1:51109 - R:localhost/127.0.0.1:59357] for POST '/session/49f718cf2ee75ddb7b16e05151dcb231/element'
19:58:21.119 [AsyncHttpClient-1-8] DEBUG org.asynchttpclient.netty.handler.HttpHandler - 

Request DefaultHttpRequest(decodeResult: success, version: HTTP/1.1)
POST /session/49f718cf2ee75ddb7b16e05151dcb231/element HTTP/1.1
User-Agent: selenium/4.1.4 (java windows)
Content-Length: 114
Content-Type: application/json; charset=utf-8
host: localhost:59357
accept: */*

Response DefaultHttpResponse(decodeResult: success, version: HTTP/1.1)
HTTP/1.1 200 OK
Content-Type: application/json; charset=utf-8
cache-control: no-cache
content-length: 88

19:58:21.119 [AsyncHttpClient-1-8] DEBUG org.asynchttpclient.netty.channel.ChannelManager - Adding key: http://localhost:59357 for channel [id: 0x5ea5f342, L:/127.0.0.1:51109 - R:localhost/127.0.0.1:59357]
19:58:21.120 [Forwarding clickElement on session 49f718cf2ee75ddb7b16e05151dcb231 to remote] DEBUG org.asynchttpclient.netty.request.NettyRequestSender - Using pooled Channel '[id: 0x5ea5f342, L:/127.0.0.1:51109 - R:localhost/127.0.0.1:59357]' for 'POST' to 'http://localhost:59357/session/49f718cf2ee75ddb7b16e05151dcb231/element/2ec25af5-9e1b-40d1-8046-3c60c5ae5954/click'
19:58:21.120 [Forwarding clickElement on session 49f718cf2ee75ddb7b16e05151dcb231 to remote] DEBUG org.asynchttpclient.netty.request.NettyRequestSender - Using open Channel [id: 0x5ea5f342, L:/127.0.0.1:51109 - R:localhost/127.0.0.1:59357] for POST '/session/49f718cf2ee75ddb7b16e05151dcb231/element/2ec25af5-9e1b-40d1-8046-3c60c5ae5954/click'
19:58:21.237 [AsyncHttpClient-1-8] DEBUG org.asynchttpclient.netty.handler.HttpHandler - 

Request DefaultHttpRequest(decodeResult: success, version: HTTP/1.1)
POST /session/49f718cf2ee75ddb7b16e05151dcb231/element/2ec25af5-9e1b-40d1-8046-3c60c5ae5954/click HTTP/1.1
User-Agent: selenium/4.1.4 (java windows)
Content-Length: 50
Content-Type: application/json; charset=utf-8
host: localhost:59357
accept: */*

Response DefaultHttpResponse(decodeResult: success, version: HTTP/1.1)
HTTP/1.1 200 OK
Content-Type: application/json; charset=utf-8
cache-control: no-cache
content-length: 14

19:58:21.237 [AsyncHttpClient-1-8] DEBUG org.asynchttpclient.netty.channel.ChannelManager - Adding key: http://localhost:59357 for channel [id: 0x5ea5f342, L:/127.0.0.1:51109 - R:localhost/127.0.0.1:59357]
19:58:21.248 [Forwarding screenshot on session 49f718cf2ee75ddb7b16e05151dcb231 to remote] DEBUG org.asynchttpclient.netty.request.NettyRequestSender - Using pooled Channel '[id: 0x5ea5f342, L:/127.0.0.1:51109 - R:localhost/127.0.0.1:59357]' for 'GET' to 'http://localhost:59357/session/49f718cf2ee75ddb7b16e05151dcb231/screenshot'
19:58:21.248 [Forwarding screenshot on session 49f718cf2ee75ddb7b16e05151dcb231 to remote] DEBUG org.asynchttpclient.netty.request.NettyRequestSender - Using open Channel [id: 0x5ea5f342, L:/127.0.0.1:51109 - R:localhost/127.0.0.1:59357] for GET '/session/49f718cf2ee75ddb7b16e05151dcb231/screenshot'
19:58:21.510 [AsyncHttpClient-1-8] DEBUG org.asynchttpclient.netty.handler.HttpHandler - 

Request DefaultFullHttpRequest(decodeResult: success, version: HTTP/1.1, content: EmptyByteBufBE)
GET /session/49f718cf2ee75ddb7b16e05151dcb231/screenshot HTTP/1.1
User-Agent: selenium/4.1.4 (java windows)
Cache-Control: no-cache
Content-Type: application/json; charset=utf-8
host: localhost:59357
accept: */*

Response DefaultHttpResponse(decodeResult: success, version: HTTP/1.1)
HTTP/1.1 200 OK
Content-Type: application/json; charset=utf-8
cache-control: no-cache
content-length: 113484

19:58:21.511 [AsyncHttpClient-1-8] DEBUG org.asynchttpclient.netty.channel.ChannelManager - Adding key: http://localhost:59357 for channel [id: 0x5ea5f342, L:/127.0.0.1:51109 - R:localhost/127.0.0.1:59357]
19:58:21.524 [main] DEBUG net.serenitybdd.core.photography.Darkroom - Send negative for processing for target\site\serenity\cc33ea517b3f0e586dff6dea55095db782de2be0f65cd7b672e564abe3d26d14.png
19:58:21.524 [main] DEBUG net.thucydides.core.steps.StepInterceptor - STEP DONE: clickButtonKelolaJadwal
  &amp#27;[32mAnd &amp#27;[0m&amp#27;[32mClick button manage schedule&amp#27;[0m                    &amp#27;[90m# starter.stepdefinitios.KelolaJadwalSteps.clickButtonManageSchedule()&amp#27;[0m
19:58:21.524 [Darkroom Processing Line] DEBUG net.serenitybdd.core.photography.DarkroomProcessingLine - Processing screenshot image in /var/screenshots/screenshot-5840303350288805000
19:58:21.524 [Darkroom Processing Line] DEBUG net.serenitybdd.core.photography.DarkroomProcessingLine - Saving screenshot to target\site\serenity\cc33ea517b3f0e586dff6dea55095db782de2be0f65cd7b672e564abe3d26d14.png
19:58:22.110 [AsyncHttpClient-1-1] DEBUG org.asynchttpclient.netty.channel.DefaultChannelPool - Entry count for : http://localhost:51110 : 1
19:58:22.110 [AsyncHttpClient-1-1] DEBUG org.asynchttpclient.netty.channel.DefaultChannelPool - Entry count for : http://localhost:59357 : 1
19:58:23.211 [AsyncHttpClient-1-1] DEBUG org.asynchttpclient.netty.channel.DefaultChannelPool - Entry count for : http://localhost:51110 : 1
19:58:23.211 [AsyncHttpClient-1-1] DEBUG org.asynchttpclient.netty.channel.DefaultChannelPool - Entry count for : http://localhost:59357 : 1
19:58:24.308 [AsyncHttpClient-1-1] DEBUG org.asynchttpclient.netty.channel.DefaultChannelPool - Entry count for : http://localhost:51110 : 1
19:58:24.308 [AsyncHttpClient-1-1] DEBUG org.asynchttpclient.netty.channel.DefaultChannelPool - Entry count for : http://localhost:59357 : 1
19:58:25.410 [AsyncHttpClient-1-1] DEBUG org.asynchttpclient.netty.channel.DefaultChannelPool - Entry count for : http://localhost:51110 : 1
19:58:25.411 [AsyncHttpClient-1-1] DEBUG org.asynchttpclient.netty.channel.DefaultChannelPool - Entry count for : http://localhost:59357 : 1
19:58:26.508 [AsyncHttpClient-1-1] DEBUG org.asynchttpclient.netty.channel.DefaultChannelPool - Entry count for : http://localhost:51110 : 1
19:58:26.508 [AsyncHttpClient-1-1] DEBUG org.asynchttpclient.netty.channel.DefaultChannelPool - Entry count for : http://localhost:59357 : 1
19:58:26.580 [Forwarding screenshot on session 49f718cf2ee75ddb7b16e05151dcb231 to remote] DEBUG org.asynchttpclient.netty.request.NettyRequestSender - Using pooled Channel '[id: 0x5ea5f342, L:/127.0.0.1:51109 - R:localhost/127.0.0.1:59357]' for 'GET' to 'http://localhost:59357/session/49f718cf2ee75ddb7b16e05151dcb231/screenshot'
19:58:26.580 [Forwarding screenshot on session 49f718cf2ee75ddb7b16e05151dcb231 to remote] DEBUG org.asynchttpclient.netty.request.NettyRequestSender - Using open Channel [id: 0x5ea5f342, L:/127.0.0.1:51109 - R:localhost/127.0.0.1:59357] for GET '/session/49f718cf2ee75ddb7b16e05151dcb231/screenshot'
19:58:26.751 [AsyncHttpClient-1-8] DEBUG org.asynchttpclient.netty.handler.HttpHandler - 

Request DefaultFullHttpRequest(decodeResult: success, version: HTTP/1.1, content: EmptyByteBufBE)
GET /session/49f718cf2ee75ddb7b16e05151dcb231/screenshot HTTP/1.1
User-Agent: selenium/4.1.4 (java windows)
Cache-Control: no-cache
Content-Type: application/json; charset=utf-8
host: localhost:59357
accept: */*

Response DefaultHttpResponse(decodeResult: success, version: HTTP/1.1)
HTTP/1.1 200 OK
Content-Type: application/json; charset=utf-8
cache-control: no-cache
content-length: 94224

19:58:26.751 [AsyncHttpClient-1-8] DEBUG org.asynchttpclient.netty.channel.ChannelManager - Adding key: http://localhost:59357 for channel [id: 0x5ea5f342, L:/127.0.0.1:51109 - R:localhost/127.0.0.1:59357]
19:58:26.756 [main] DEBUG net.serenitybdd.core.photography.Darkroom - Send negative for processing for target\site\serenity\d8995d53355f339f4fb28b83e217ed31623948699f05bcabf3cfc0d4f7aa0783.png
19:58:26.756 [main] DEBUG net.thucydides.core.steps.StepInterceptor - STARTING STEP: KelolaJadwalSteps.clickSearchAllCategoryManageSchedule - clickButtonChooseCategoryNamaOnArsip
19:58:26.756 [Darkroom Processing Line] DEBUG net.serenitybdd.core.photography.DarkroomProcessingLine - Processing screenshot image in /var/screenshots/screenshot-197613984719227106
19:58:26.757 [Darkroom Processing Line] DEBUG net.serenitybdd.core.photography.DarkroomProcessingLine - Saving screenshot to target\site\serenity\d8995d53355f339f4fb28b83e217ed31623948699f05bcabf3cfc0d4f7aa0783.png
19:58:26.762 [Forwarding findElement on session 49f718cf2ee75ddb7b16e05151dcb231 to remote] DEBUG org.asynchttpclient.netty.request.NettyRequestSender - Using pooled Channel '[id: 0x5ea5f342, L:/127.0.0.1:51109 - R:localhost/127.0.0.1:59357]' for 'POST' to 'http://localhost:59357/session/49f718cf2ee75ddb7b16e05151dcb231/element'
19:58:26.762 [Forwarding findElement on session 49f718cf2ee75ddb7b16e05151dcb231 to remote] DEBUG org.asynchttpclient.netty.request.NettyRequestSender - Using open Channel [id: 0x5ea5f342, L:/127.0.0.1:51109 - R:localhost/127.0.0.1:59357] for POST '/session/49f718cf2ee75ddb7b16e05151dcb231/element'
19:58:26.777 [AsyncHttpClient-1-8] DEBUG org.asynchttpclient.netty.handler.HttpHandler - 

Request DefaultHttpRequest(decodeResult: success, version: HTTP/1.1)
POST /session/49f718cf2ee75ddb7b16e05151dcb231/element HTTP/1.1
User-Agent: selenium/4.1.4 (java windows)
Content-Length: 73
Content-Type: application/json; charset=utf-8
host: localhost:59357
accept: */*

Response DefaultHttpResponse(decodeResult: success, version: HTTP/1.1)
HTTP/1.1 200 OK
Content-Type: application/json; charset=utf-8
cache-control: no-cache
content-length: 88

19:58:26.778 [AsyncHttpClient-1-8] DEBUG org.asynchttpclient.netty.channel.ChannelManager - Adding key: http://localhost:59357 for channel [id: 0x5ea5f342, L:/127.0.0.1:51109 - R:localhost/127.0.0.1:59357]
19:58:26.779 [Forwarding getElementTagName on session 49f718cf2ee75ddb7b16e05151dcb231 to remote] DEBUG org.asynchttpclient.netty.request.NettyRequestSender - Using pooled Channel '[id: 0x5ea5f342, L:/127.0.0.1:51109 - R:localhost/127.0.0.1:59357]' for 'GET' to 'http://localhost:59357/session/49f718cf2ee75ddb7b16e05151dcb231/element/6568961a-8f8a-4971-afc5-6af555800592/name'
19:58:26.779 [Forwarding getElementTagName on session 49f718cf2ee75ddb7b16e05151dcb231 to remote] DEBUG org.asynchttpclient.netty.request.NettyRequestSender - Using open Channel [id: 0x5ea5f342, L:/127.0.0.1:51109 - R:localhost/127.0.0.1:59357] for GET '/session/49f718cf2ee75ddb7b16e05151dcb231/element/6568961a-8f8a-4971-afc5-6af555800592/name'
19:58:26.785 [AsyncHttpClient-1-8] DEBUG org.asynchttpclient.netty.handler.HttpHandler - 

Request DefaultFullHttpRequest(decodeResult: success, version: HTTP/1.1, content: EmptyByteBufBE)
GET /session/49f718cf2ee75ddb7b16e05151dcb231/element/6568961a-8f8a-4971-afc5-6af555800592/name HTTP/1.1
User-Agent: selenium/4.1.4 (java windows)
Cache-Control: no-cache
Content-Type: application/json; charset=utf-8
host: localhost:59357
accept: */*

Response DefaultHttpResponse(decodeResult: success, version: HTTP/1.1)
HTTP/1.1 200 OK
Content-Type: application/json; charset=utf-8
cache-control: no-cache
content-length: 18

19:58:26.785 [AsyncHttpClient-1-8] DEBUG org.asynchttpclient.netty.channel.ChannelManager - Adding key: http://localhost:59357 for channel [id: 0x5ea5f342, L:/127.0.0.1:51109 - R:localhost/127.0.0.1:59357]
19:58:26.787 [Forwarding getElementTagName on session 49f718cf2ee75ddb7b16e05151dcb231 to remote] DEBUG org.asynchttpclient.netty.request.NettyRequestSender - Using pooled Channel '[id: 0x5ea5f342, L:/127.0.0.1:51109 - R:localhost/127.0.0.1:59357]' for 'GET' to 'http://localhost:59357/session/49f718cf2ee75ddb7b16e05151dcb231/element/6568961a-8f8a-4971-afc5-6af555800592/name'
19:58:26.787 [Forwarding getElementTagName on session 49f718cf2ee75ddb7b16e05151dcb231 to remote] DEBUG org.asynchttpclient.netty.request.NettyRequestSender - Using open Channel [id: 0x5ea5f342, L:/127.0.0.1:51109 - R:localhost/127.0.0.1:59357] for GET '/session/49f718cf2ee75ddb7b16e05151dcb231/element/6568961a-8f8a-4971-afc5-6af555800592/name'
19:58:26.792 [AsyncHttpClient-1-8] DEBUG org.asynchttpclient.netty.handler.HttpHandler - 

Request DefaultFullHttpRequest(decodeResult: success, version: HTTP/1.1, content: EmptyByteBufBE)
GET /session/49f718cf2ee75ddb7b16e05151dcb231/element/6568961a-8f8a-4971-afc5-6af555800592/name HTTP/1.1
User-Agent: selenium/4.1.4 (java windows)
Cache-Control: no-cache
Content-Type: application/json; charset=utf-8
host: localhost:59357
accept: */*

Response DefaultHttpResponse(decodeResult: success, version: HTTP/1.1)
HTTP/1.1 200 OK
Content-Type: application/json; charset=utf-8
cache-control: no-cache
content-length: 18

19:58:26.792 [AsyncHttpClient-1-8] DEBUG org.asynchttpclient.netty.channel.ChannelManager - Adding key: http://localhost:59357 for channel [id: 0x5ea5f342, L:/127.0.0.1:51109 - R:localhost/127.0.0.1:59357]
19:58:26.794 [Forwarding isElementEnabled on session 49f718cf2ee75ddb7b16e05151dcb231 to remote] DEBUG org.asynchttpclient.netty.request.NettyRequestSender - Using pooled Channel '[id: 0x5ea5f342, L:/127.0.0.1:51109 - R:localhost/127.0.0.1:59357]' for 'GET' to 'http://localhost:59357/session/49f718cf2ee75ddb7b16e05151dcb231/element/6568961a-8f8a-4971-afc5-6af555800592/enabled'
19:58:26.794 [Forwarding isElementEnabled on session 49f718cf2ee75ddb7b16e05151dcb231 to remote] DEBUG org.asynchttpclient.netty.request.NettyRequestSender - Using open Channel [id: 0x5ea5f342, L:/127.0.0.1:51109 - R:localhost/127.0.0.1:59357] for GET '/session/49f718cf2ee75ddb7b16e05151dcb231/element/6568961a-8f8a-4971-afc5-6af555800592/enabled'
19:58:26.806 [AsyncHttpClient-1-8] DEBUG org.asynchttpclient.netty.handler.HttpHandler - 

Request DefaultFullHttpRequest(decodeResult: success, version: HTTP/1.1, content: EmptyByteBufBE)
GET /session/49f718cf2ee75ddb7b16e05151dcb231/element/6568961a-8f8a-4971-afc5-6af555800592/enabled HTTP/1.1
User-Agent: selenium/4.1.4 (java windows)
Cache-Control: no-cache
Content-Type: application/json; charset=utf-8
host: localhost:59357
accept: */*

Response DefaultHttpResponse(decodeResult: success, version: HTTP/1.1)
HTTP/1.1 200 OK
Content-Type: application/json; charset=utf-8
cache-control: no-cache
content-length: 14

19:58:26.806 [AsyncHttpClient-1-8] DEBUG org.asynchttpclient.netty.channel.ChannelManager - Adding key: http://localhost:59357 for channel [id: 0x5ea5f342, L:/127.0.0.1:51109 - R:localhost/127.0.0.1:59357]
19:58:26.808 [Forwarding isElementEnabled on session 49f718cf2ee75ddb7b16e05151dcb231 to remote] DEBUG org.asynchttpclient.netty.request.NettyRequestSender - Using pooled Channel '[id: 0x5ea5f342, L:/127.0.0.1:51109 - R:localhost/127.0.0.1:59357]' for 'GET' to 'http://localhost:59357/session/49f718cf2ee75ddb7b16e05151dcb231/element/6568961a-8f8a-4971-afc5-6af555800592/enabled'
19:58:26.809 [Forwarding isElementEnabled on session 49f718cf2ee75ddb7b16e05151dcb231 to remote] DEBUG org.asynchttpclient.netty.request.NettyRequestSender - Using open Channel [id: 0x5ea5f342, L:/127.0.0.1:51109 - R:localhost/127.0.0.1:59357] for GET '/session/49f718cf2ee75ddb7b16e05151dcb231/element/6568961a-8f8a-4971-afc5-6af555800592/enabled'
19:58:26.816 [AsyncHttpClient-1-8] DEBUG org.asynchttpclient.netty.handler.HttpHandler - 

Request DefaultFullHttpRequest(decodeResult: success, version: HTTP/1.1, content: EmptyByteBufBE)
GET /session/49f718cf2ee75ddb7b16e05151dcb231/element/6568961a-8f8a-4971-afc5-6af555800592/enabled HTTP/1.1
User-Agent: selenium/4.1.4 (java windows)
Cache-Control: no-cache
Content-Type: application/json; charset=utf-8
host: localhost:59357
accept: */*

Response DefaultHttpResponse(decodeResult: success, version: HTTP/1.1)
HTTP/1.1 200 OK
Content-Type: application/json; charset=utf-8
cache-control: no-cache
content-length: 14

19:58:26.817 [AsyncHttpClient-1-8] DEBUG org.asynchttpclient.netty.channel.ChannelManager - Adding key: http://localhost:59357 for channel [id: 0x5ea5f342, L:/127.0.0.1:51109 - R:localhost/127.0.0.1:59357]
19:58:26.817 [Forwarding findElement on session 49f718cf2ee75ddb7b16e05151dcb231 to remote] DEBUG org.asynchttpclient.netty.request.NettyRequestSender - Using pooled Channel '[id: 0x5ea5f342, L:/127.0.0.1:51109 - R:localhost/127.0.0.1:59357]' for 'POST' to 'http://localhost:59357/session/49f718cf2ee75ddb7b16e05151dcb231/element'
19:58:26.817 [Forwarding findElement on session 49f718cf2ee75ddb7b16e05151dcb231 to remote] DEBUG org.asynchttpclient.netty.request.NettyRequestSender - Using open Channel [id: 0x5ea5f342, L:/127.0.0.1:51109 - R:localhost/127.0.0.1:59357] for POST '/session/49f718cf2ee75ddb7b16e05151dcb231/element'
19:58:26.830 [AsyncHttpClient-1-8] DEBUG org.asynchttpclient.netty.handler.HttpHandler - 

Request DefaultHttpRequest(decodeResult: success, version: HTTP/1.1)
POST /session/49f718cf2ee75ddb7b16e05151dcb231/element HTTP/1.1
User-Agent: selenium/4.1.4 (java windows)
Content-Length: 73
Content-Type: application/json; charset=utf-8
host: localhost:59357
accept: */*

Response DefaultHttpResponse(decodeResult: success, version: HTTP/1.1)
HTTP/1.1 200 OK
Content-Type: application/json; charset=utf-8
cache-control: no-cache
content-length: 88

19:58:26.830 [AsyncHttpClient-1-8] DEBUG org.asynchttpclient.netty.channel.ChannelManager - Adding key: http://localhost:59357 for channel [id: 0x5ea5f342, L:/127.0.0.1:51109 - R:localhost/127.0.0.1:59357]
19:58:26.831 [Forwarding clickElement on session 49f718cf2ee75ddb7b16e05151dcb231 to remote] DEBUG org.asynchttpclient.netty.request.NettyRequestSender - Using pooled Channel '[id: 0x5ea5f342, L:/127.0.0.1:51109 - R:localhost/127.0.0.1:59357]' for 'POST' to 'http://localhost:59357/session/49f718cf2ee75ddb7b16e05151dcb231/element/6568961a-8f8a-4971-afc5-6af555800592/click'
19:58:26.831 [Forwarding clickElement on session 49f718cf2ee75ddb7b16e05151dcb231 to remote] DEBUG org.asynchttpclient.netty.request.NettyRequestSender - Using open Channel [id: 0x5ea5f342, L:/127.0.0.1:51109 - R:localhost/127.0.0.1:59357] for POST '/session/49f718cf2ee75ddb7b16e05151dcb231/element/6568961a-8f8a-4971-afc5-6af555800592/click'
19:58:26.895 [AsyncHttpClient-1-8] DEBUG org.asynchttpclient.netty.handler.HttpHandler - 

Request DefaultHttpRequest(decodeResult: success, version: HTTP/1.1)
POST /session/49f718cf2ee75ddb7b16e05151dcb231/element/6568961a-8f8a-4971-afc5-6af555800592/click HTTP/1.1
User-Agent: selenium/4.1.4 (java windows)
Content-Length: 50
Content-Type: application/json; charset=utf-8
host: localhost:59357
accept: */*

Response DefaultHttpResponse(decodeResult: success, version: HTTP/1.1)
HTTP/1.1 200 OK
Content-Type: application/json; charset=utf-8
cache-control: no-cache
content-length: 14

19:58:26.896 [AsyncHttpClient-1-8] DEBUG org.asynchttpclient.netty.channel.ChannelManager - Adding key: http://localhost:59357 for channel [id: 0x5ea5f342, L:/127.0.0.1:51109 - R:localhost/127.0.0.1:59357]
19:58:26.908 [Forwarding screenshot on session 49f718cf2ee75ddb7b16e05151dcb231 to remote] DEBUG org.asynchttpclient.netty.request.NettyRequestSender - Using pooled Channel '[id: 0x5ea5f342, L:/127.0.0.1:51109 - R:localhost/127.0.0.1:59357]' for 'GET' to 'http://localhost:59357/session/49f718cf2ee75ddb7b16e05151dcb231/screenshot'
19:58:26.908 [Forwarding screenshot on session 49f718cf2ee75ddb7b16e05151dcb231 to remote] DEBUG org.asynchttpclient.netty.request.NettyRequestSender - Using open Channel [id: 0x5ea5f342, L:/127.0.0.1:51109 - R:localhost/127.0.0.1:59357] for GET '/session/49f718cf2ee75ddb7b16e05151dcb231/screenshot'
19:58:27.034 [AsyncHttpClient-1-8] DEBUG org.asynchttpclient.netty.handler.HttpHandler - 

Request DefaultFullHttpRequest(decodeResult: success, version: HTTP/1.1, content: EmptyByteBufBE)
GET /session/49f718cf2ee75ddb7b16e05151dcb231/screenshot HTTP/1.1
User-Agent: selenium/4.1.4 (java windows)
Cache-Control: no-cache
Content-Type: application/json; charset=utf-8
host: localhost:59357
accept: */*

Response DefaultHttpResponse(decodeResult: success, version: HTTP/1.1)
HTTP/1.1 200 OK
Content-Type: application/json; charset=utf-8
cache-control: no-cache
content-length: 93860

19:58:27.035 [AsyncHttpClient-1-8] DEBUG org.asynchttpclient.netty.channel.ChannelManager - Adding key: http://localhost:59357 for channel [id: 0x5ea5f342, L:/127.0.0.1:51109 - R:localhost/127.0.0.1:59357]
19:58:27.038 [main] DEBUG net.serenitybdd.core.photography.Darkroom - Send negative for processing for target\site\serenity\bf8908bceb6dc9d7f2339d6ce41558dbaf27d857252ac9cf42fdeb8759ac9508.png
19:58:27.038 [main] DEBUG net.thucydides.core.steps.StepInterceptor - STEP DONE: clickButtonChooseCategoryNamaOnArsip
  &amp#27;[32mAnd &amp#27;[0m&amp#27;[32mClick search all category manage schedule&amp#27;[0m       &amp#27;[90m# starter.stepdefinitios.KelolaJadwalSteps.clickSearchAllCategoryManageSchedule()&amp#27;[0m
19:58:27.038 [Darkroom Processing Line] DEBUG net.serenitybdd.core.photography.DarkroomProcessingLine - Processing screenshot image in /var/screenshots/screenshot-11667067975030109995
19:58:27.038 [Darkroom Processing Line] DEBUG net.serenitybdd.core.photography.DarkroomProcessingLine - Saving screenshot to target\site\serenity\bf8908bceb6dc9d7f2339d6ce41558dbaf27d857252ac9cf42fdeb8759ac9508.png
19:58:27.608 [AsyncHttpClient-1-1] DEBUG org.asynchttpclient.netty.channel.DefaultChannelPool - Entry count for : http://localhost:51110 : 1
19:58:27.608 [AsyncHttpClient-1-1] DEBUG org.asynchttpclient.netty.channel.DefaultChannelPool - Entry count for : http://localhost:59357 : 1
19:58:28.117 [Forwarding screenshot on session 49f718cf2ee75ddb7b16e05151dcb231 to remote] DEBUG org.asynchttpclient.netty.request.NettyRequestSender - Using pooled Channel '[id: 0x5ea5f342, L:/127.0.0.1:51109 - R:localhost/127.0.0.1:59357]' for 'GET' to 'http://localhost:59357/session/49f718cf2ee75ddb7b16e05151dcb231/screenshot'
19:58:28.117 [Forwarding screenshot on session 49f718cf2ee75ddb7b16e05151dcb231 to remote] DEBUG org.asynchttpclient.netty.request.NettyRequestSender - Using open Channel [id: 0x5ea5f342, L:/127.0.0.1:51109 - R:localhost/127.0.0.1:59357] for GET '/session/49f718cf2ee75ddb7b16e05151dcb231/screenshot'
19:58:28.323 [AsyncHttpClient-1-8] DEBUG org.asynchttpclient.netty.handler.HttpHandler - 

Request DefaultFullHttpRequest(decodeResult: success, version: HTTP/1.1, content: EmptyByteBufBE)
GET /session/49f718cf2ee75ddb7b16e05151dcb231/screenshot HTTP/1.1
User-Agent: selenium/4.1.4 (java windows)
Cache-Control: no-cache
Content-Type: application/json; charset=utf-8
host: localhost:59357
accept: */*

Response DefaultHttpResponse(decodeResult: success, version: HTTP/1.1)
HTTP/1.1 200 OK
Content-Type: application/json; charset=utf-8
cache-control: no-cache
content-length: 93860

19:58:28.324 [AsyncHttpClient-1-8] DEBUG org.asynchttpclient.netty.channel.ChannelManager - Adding key: http://localhost:59357 for channel [id: 0x5ea5f342, L:/127.0.0.1:51109 - R:localhost/127.0.0.1:59357]
19:58:28.325 [main] DEBUG net.serenitybdd.core.photography.Darkroom - Send negative for processing for target\site\serenity\bf8908bceb6dc9d7f2339d6ce41558dbaf27d857252ac9cf42fdeb8759ac9508.png
19:58:28.325 [main] DEBUG net.thucydides.core.steps.StepInterceptor - STARTING STEP: ArsipJadwalSteps.clickChoseNamaPasien - clickButtonChooseCategoryNamaOnArsip
19:58:28.332 [Forwarding findElement on session 49f718cf2ee75ddb7b16e05151dcb231 to remote] DEBUG org.asynchttpclient.netty.request.NettyRequestSender - Using pooled Channel '[id: 0x5ea5f342, L:/127.0.0.1:51109 - R:localhost/127.0.0.1:59357]' for 'POST' to 'http://localhost:59357/session/49f718cf2ee75ddb7b16e05151dcb231/element'
19:58:28.332 [Forwarding findElement on session 49f718cf2ee75ddb7b16e05151dcb231 to remote] DEBUG org.asynchttpclient.netty.request.NettyRequestSender - Using open Channel [id: 0x5ea5f342, L:/127.0.0.1:51109 - R:localhost/127.0.0.1:59357] for POST '/session/49f718cf2ee75ddb7b16e05151dcb231/element'
19:58:28.345 [AsyncHttpClient-1-8] DEBUG org.asynchttpclient.netty.handler.HttpHandler - 

Request DefaultHttpRequest(decodeResult: success, version: HTTP/1.1)
POST /session/49f718cf2ee75ddb7b16e05151dcb231/element HTTP/1.1
User-Agent: selenium/4.1.4 (java windows)
Content-Length: 73
Content-Type: application/json; charset=utf-8
host: localhost:59357
accept: */*

Response DefaultHttpResponse(decodeResult: success, version: HTTP/1.1)
HTTP/1.1 200 OK
Content-Type: application/json; charset=utf-8
cache-control: no-cache
content-length: 88

19:58:28.346 [AsyncHttpClient-1-8] DEBUG org.asynchttpclient.netty.channel.ChannelManager - Adding key: http://localhost:59357 for channel [id: 0x5ea5f342, L:/127.0.0.1:51109 - R:localhost/127.0.0.1:59357]
19:58:28.347 [Forwarding getElementTagName on session 49f718cf2ee75ddb7b16e05151dcb231 to remote] DEBUG org.asynchttpclient.netty.request.NettyRequestSender - Using pooled Channel '[id: 0x5ea5f342, L:/127.0.0.1:51109 - R:localhost/127.0.0.1:59357]' for 'GET' to 'http://localhost:59357/session/49f718cf2ee75ddb7b16e05151dcb231/element/6568961a-8f8a-4971-afc5-6af555800592/name'
19:58:28.347 [Forwarding getElementTagName on session 49f718cf2ee75ddb7b16e05151dcb231 to remote] DEBUG org.asynchttpclient.netty.request.NettyRequestSender - Using open Channel [id: 0x5ea5f342, L:/127.0.0.1:51109 - R:localhost/127.0.0.1:59357] for GET '/session/49f718cf2ee75ddb7b16e05151dcb231/element/6568961a-8f8a-4971-afc5-6af555800592/name'
19:58:28.353 [AsyncHttpClient-1-8] DEBUG org.asynchttpclient.netty.handler.HttpHandler - 

Request DefaultFullHttpRequest(decodeResult: success, version: HTTP/1.1, content: EmptyByteBufBE)
GET /session/49f718cf2ee75ddb7b16e05151dcb231/element/6568961a-8f8a-4971-afc5-6af555800592/name HTTP/1.1
User-Agent: selenium/4.1.4 (java windows)
Cache-Control: no-cache
Content-Type: application/json; charset=utf-8
host: localhost:59357
accept: */*

Response DefaultHttpResponse(decodeResult: success, version: HTTP/1.1)
HTTP/1.1 200 OK
Content-Type: application/json; charset=utf-8
cache-control: no-cache
content-length: 18

19:58:28.353 [AsyncHttpClient-1-8] DEBUG org.asynchttpclient.netty.channel.ChannelManager - Adding key: http://localhost:59357 for channel [id: 0x5ea5f342, L:/127.0.0.1:51109 - R:localhost/127.0.0.1:59357]
19:58:28.355 [Forwarding getElementTagName on session 49f718cf2ee75ddb7b16e05151dcb231 to remote] DEBUG org.asynchttpclient.netty.request.NettyRequestSender - Using pooled Channel '[id: 0x5ea5f342, L:/127.0.0.1:51109 - R:localhost/127.0.0.1:59357]' for 'GET' to 'http://localhost:59357/session/49f718cf2ee75ddb7b16e05151dcb231/element/6568961a-8f8a-4971-afc5-6af555800592/name'
19:58:28.355 [Forwarding getElementTagName on session 49f718cf2ee75ddb7b16e05151dcb231 to remote] DEBUG org.asynchttpclient.netty.request.NettyRequestSender - Using open Channel [id: 0x5ea5f342, L:/127.0.0.1:51109 - R:localhost/127.0.0.1:59357] for GET '/session/49f718cf2ee75ddb7b16e05151dcb231/element/6568961a-8f8a-4971-afc5-6af555800592/name'
19:58:28.361 [AsyncHttpClient-1-8] DEBUG org.asynchttpclient.netty.handler.HttpHandler - 

Request DefaultFullHttpRequest(decodeResult: success, version: HTTP/1.1, content: EmptyByteBufBE)
GET /session/49f718cf2ee75ddb7b16e05151dcb231/element/6568961a-8f8a-4971-afc5-6af555800592/name HTTP/1.1
User-Agent: selenium/4.1.4 (java windows)
Cache-Control: no-cache
Content-Type: application/json; charset=utf-8
host: localhost:59357
accept: */*

Response DefaultHttpResponse(decodeResult: success, version: HTTP/1.1)
HTTP/1.1 200 OK
Content-Type: application/json; charset=utf-8
cache-control: no-cache
content-length: 18

19:58:28.361 [AsyncHttpClient-1-8] DEBUG org.asynchttpclient.netty.channel.ChannelManager - Adding key: http://localhost:59357 for channel [id: 0x5ea5f342, L:/127.0.0.1:51109 - R:localhost/127.0.0.1:59357]
19:58:28.364 [Forwarding isElementEnabled on session 49f718cf2ee75ddb7b16e05151dcb231 to remote] DEBUG org.asynchttpclient.netty.request.NettyRequestSender - Using pooled Channel '[id: 0x5ea5f342, L:/127.0.0.1:51109 - R:localhost/127.0.0.1:59357]' for 'GET' to 'http://localhost:59357/session/49f718cf2ee75ddb7b16e05151dcb231/element/6568961a-8f8a-4971-afc5-6af555800592/enabled'
19:58:28.364 [Forwarding isElementEnabled on session 49f718cf2ee75ddb7b16e05151dcb231 to remote] DEBUG org.asynchttpclient.netty.request.NettyRequestSender - Using open Channel [id: 0x5ea5f342, L:/127.0.0.1:51109 - R:localhost/127.0.0.1:59357] for GET '/session/49f718cf2ee75ddb7b16e05151dcb231/element/6568961a-8f8a-4971-afc5-6af555800592/enabled'
19:58:28.373 [AsyncHttpClient-1-8] DEBUG org.asynchttpclient.netty.handler.HttpHandler - 

Request DefaultFullHttpRequest(decodeResult: success, version: HTTP/1.1, content: EmptyByteBufBE)
GET /session/49f718cf2ee75ddb7b16e05151dcb231/element/6568961a-8f8a-4971-afc5-6af555800592/enabled HTTP/1.1
User-Agent: selenium/4.1.4 (java windows)
Cache-Control: no-cache
Content-Type: application/json; charset=utf-8
host: localhost:59357
accept: */*

Response DefaultHttpResponse(decodeResult: success, version: HTTP/1.1)
HTTP/1.1 200 OK
Content-Type: application/json; charset=utf-8
cache-control: no-cache
content-length: 14

19:58:28.374 [AsyncHttpClient-1-8] DEBUG org.asynchttpclient.netty.channel.ChannelManager - Adding key: http://localhost:59357 for channel [id: 0x5ea5f342, L:/127.0.0.1:51109 - R:localhost/127.0.0.1:59357]
19:58:28.375 [Forwarding isElementEnabled on session 49f718cf2ee75ddb7b16e05151dcb231 to remote] DEBUG org.asynchttpclient.netty.request.NettyRequestSender - Using pooled Channel '[id: 0x5ea5f342, L:/127.0.0.1:51109 - R:localhost/127.0.0.1:59357]' for 'GET' to 'http://localhost:59357/session/49f718cf2ee75ddb7b16e05151dcb231/element/6568961a-8f8a-4971-afc5-6af555800592/enabled'
19:58:28.375 [Forwarding isElementEnabled on session 49f718cf2ee75ddb7b16e05151dcb231 to remote] DEBUG org.asynchttpclient.netty.request.NettyRequestSender - Using open Channel [id: 0x5ea5f342, L:/127.0.0.1:51109 - R:localhost/127.0.0.1:59357] for GET '/session/49f718cf2ee75ddb7b16e05151dcb231/element/6568961a-8f8a-4971-afc5-6af555800592/enabled'
19:58:28.385 [AsyncHttpClient-1-8] DEBUG org.asynchttpclient.netty.handler.HttpHandler - 

Request DefaultFullHttpRequest(decodeResult: success, version: HTTP/1.1, content: EmptyByteBufBE)
GET /session/49f718cf2ee75ddb7b16e05151dcb231/element/6568961a-8f8a-4971-afc5-6af555800592/enabled HTTP/1.1
User-Agent: selenium/4.1.4 (java windows)
Cache-Control: no-cache
Content-Type: application/json; charset=utf-8
host: localhost:59357
accept: */*

Response DefaultHttpResponse(decodeResult: success, version: HTTP/1.1)
HTTP/1.1 200 OK
Content-Type: application/json; charset=utf-8
cache-control: no-cache
content-length: 14

19:58:28.385 [AsyncHttpClient-1-8] DEBUG org.asynchttpclient.netty.channel.ChannelManager - Adding key: http://localhost:59357 for channel [id: 0x5ea5f342, L:/127.0.0.1:51109 - R:localhost/127.0.0.1:59357]
19:58:28.388 [Forwarding findElement on session 49f718cf2ee75ddb7b16e05151dcb231 to remote] DEBUG org.asynchttpclient.netty.request.NettyRequestSender - Using pooled Channel '[id: 0x5ea5f342, L:/127.0.0.1:51109 - R:localhost/127.0.0.1:59357]' for 'POST' to 'http://localhost:59357/session/49f718cf2ee75ddb7b16e05151dcb231/element'
19:58:28.388 [Forwarding findElement on session 49f718cf2ee75ddb7b16e05151dcb231 to remote] DEBUG org.asynchttpclient.netty.request.NettyRequestSender - Using open Channel [id: 0x5ea5f342, L:/127.0.0.1:51109 - R:localhost/127.0.0.1:59357] for POST '/session/49f718cf2ee75ddb7b16e05151dcb231/element'
19:58:28.399 [AsyncHttpClient-1-8] DEBUG org.asynchttpclient.netty.handler.HttpHandler - 

Request DefaultHttpRequest(decodeResult: success, version: HTTP/1.1)
POST /session/49f718cf2ee75ddb7b16e05151dcb231/element HTTP/1.1
User-Agent: selenium/4.1.4 (java windows)
Content-Length: 73
Content-Type: application/json; charset=utf-8
host: localhost:59357
accept: */*

Response DefaultHttpResponse(decodeResult: success, version: HTTP/1.1)
HTTP/1.1 200 OK
Content-Type: application/json; charset=utf-8
cache-control: no-cache
content-length: 88

19:58:28.399 [AsyncHttpClient-1-8] DEBUG org.asynchttpclient.netty.channel.ChannelManager - Adding key: http://localhost:59357 for channel [id: 0x5ea5f342, L:/127.0.0.1:51109 - R:localhost/127.0.0.1:59357]
19:58:28.401 [Forwarding clickElement on session 49f718cf2ee75ddb7b16e05151dcb231 to remote] DEBUG org.asynchttpclient.netty.request.NettyRequestSender - Using pooled Channel '[id: 0x5ea5f342, L:/127.0.0.1:51109 - R:localhost/127.0.0.1:59357]' for 'POST' to 'http://localhost:59357/session/49f718cf2ee75ddb7b16e05151dcb231/element/6568961a-8f8a-4971-afc5-6af555800592/click'
19:58:28.401 [Forwarding clickElement on session 49f718cf2ee75ddb7b16e05151dcb231 to remote] DEBUG org.asynchttpclient.netty.request.NettyRequestSender - Using open Channel [id: 0x5ea5f342, L:/127.0.0.1:51109 - R:localhost/127.0.0.1:59357] for POST '/session/49f718cf2ee75ddb7b16e05151dcb231/element/6568961a-8f8a-4971-afc5-6af555800592/click'
19:58:28.423 [AsyncHttpClient-1-8] DEBUG org.asynchttpclient.netty.handler.HttpHandler - 

Request DefaultHttpRequest(decodeResult: success, version: HTTP/1.1)
POST /session/49f718cf2ee75ddb7b16e05151dcb231/element/6568961a-8f8a-4971-afc5-6af555800592/click HTTP/1.1
User-Agent: selenium/4.1.4 (java windows)
Content-Length: 50
Content-Type: application/json; charset=utf-8
host: localhost:59357
accept: */*

Response DefaultHttpResponse(decodeResult: success, version: HTTP/1.1)
HTTP/1.1 200 OK
Content-Type: application/json; charset=utf-8
cache-control: no-cache
content-length: 14

19:58:28.423 [AsyncHttpClient-1-8] DEBUG org.asynchttpclient.netty.channel.ChannelManager - Adding key: http://localhost:59357 for channel [id: 0x5ea5f342, L:/127.0.0.1:51109 - R:localhost/127.0.0.1:59357]
19:58:28.433 [Forwarding screenshot on session 49f718cf2ee75ddb7b16e05151dcb231 to remote] DEBUG org.asynchttpclient.netty.request.NettyRequestSender - Using pooled Channel '[id: 0x5ea5f342, L:/127.0.0.1:51109 - R:localhost/127.0.0.1:59357]' for 'GET' to 'http://localhost:59357/session/49f718cf2ee75ddb7b16e05151dcb231/screenshot'
19:58:28.433 [Forwarding screenshot on session 49f718cf2ee75ddb7b16e05151dcb231 to remote] DEBUG org.asynchttpclient.netty.request.NettyRequestSender - Using open Channel [id: 0x5ea5f342, L:/127.0.0.1:51109 - R:localhost/127.0.0.1:59357] for GET '/session/49f718cf2ee75ddb7b16e05151dcb231/screenshot'
19:58:28.596 [AsyncHttpClient-1-8] DEBUG org.asynchttpclient.netty.handler.HttpHandler - 

Request DefaultFullHttpRequest(decodeResult: success, version: HTTP/1.1, content: EmptyByteBufBE)
GET /session/49f718cf2ee75ddb7b16e05151dcb231/screenshot HTTP/1.1
User-Agent: selenium/4.1.4 (java windows)
Cache-Control: no-cache
Content-Type: application/json; charset=utf-8
host: localhost:59357
accept: */*

Response DefaultHttpResponse(decodeResult: success, version: HTTP/1.1)
HTTP/1.1 200 OK
Content-Type: application/json; charset=utf-8
cache-control: no-cache
content-length: 93860

19:58:28.596 [AsyncHttpClient-1-8] DEBUG org.asynchttpclient.netty.channel.ChannelManager - Adding key: http://localhost:59357 for channel [id: 0x5ea5f342, L:/127.0.0.1:51109 - R:localhost/127.0.0.1:59357]
19:58:28.603 [main] DEBUG net.serenitybdd.core.photography.Darkroom - Send negative for processing for target\site\serenity\bf8908bceb6dc9d7f2339d6ce41558dbaf27d857252ac9cf42fdeb8759ac9508.png
19:58:28.604 [main] DEBUG net.thucydides.core.steps.StepInterceptor - STEP DONE: clickButtonChooseCategoryNamaOnArsip
  &amp#27;[32mThen &amp#27;[0m&amp#27;[32mClick chose nama pasien&amp#27;[0m                        &amp#27;[90m# starter.stepdefinitios.ArsipJadwalSteps.clickChoseNamaPasien()&amp#27;[0m
19:58:28.715 [AsyncHttpClient-1-1] DEBUG org.asynchttpclient.netty.channel.DefaultChannelPool - Entry count for : http://localhost:51110 : 1
19:58:28.715 [AsyncHttpClient-1-1] DEBUG org.asynchttpclient.netty.channel.DefaultChannelPool - Entry count for : http://localhost:59357 : 1
19:58:29.814 [AsyncHttpClient-1-1] DEBUG org.asynchttpclient.netty.channel.DefaultChannelPool - Entry count for : http://localhost:51110 : 1
19:58:29.814 [AsyncHttpClient-1-1] DEBUG org.asynchttpclient.netty.channel.DefaultChannelPool - Entry count for : http://localhost:59357 : 1
19:58:30.662 [Forwarding screenshot on session 49f718cf2ee75ddb7b16e05151dcb231 to remote] DEBUG org.asynchttpclient.netty.request.NettyRequestSender - Using pooled Channel '[id: 0x5ea5f342, L:/127.0.0.1:51109 - R:localhost/127.0.0.1:59357]' for 'GET' to 'http://localhost:59357/session/49f718cf2ee75ddb7b16e05151dcb231/screenshot'
19:58:30.662 [Forwarding screenshot on session 49f718cf2ee75ddb7b16e05151dcb231 to remote] DEBUG org.asynchttpclient.netty.request.NettyRequestSender - Using open Channel [id: 0x5ea5f342, L:/127.0.0.1:51109 - R:localhost/127.0.0.1:59357] for GET '/session/49f718cf2ee75ddb7b16e05151dcb231/screenshot'
19:58:30.814 [AsyncHttpClient-1-8] DEBUG org.asynchttpclient.netty.handler.HttpHandler - 

Request DefaultFullHttpRequest(decodeResult: success, version: HTTP/1.1, content: EmptyByteBufBE)
GET /session/49f718cf2ee75ddb7b16e05151dcb231/screenshot HTTP/1.1
User-Agent: selenium/4.1.4 (java windows)
Cache-Control: no-cache
Content-Type: application/json; charset=utf-8
host: localhost:59357
accept: */*

Response DefaultHttpResponse(decodeResult: success, version: HTTP/1.1)
HTTP/1.1 200 OK
Content-Type: application/json; charset=utf-8
cache-control: no-cache
content-length: 93860

19:58:30.814 [AsyncHttpClient-1-8] DEBUG org.asynchttpclient.netty.channel.ChannelManager - Adding key: http://localhost:59357 for channel [id: 0x5ea5f342, L:/127.0.0.1:51109 - R:localhost/127.0.0.1:59357]
19:58:30.819 [main] DEBUG net.serenitybdd.core.photography.Darkroom - Send negative for processing for target\site\serenity\bf8908bceb6dc9d7f2339d6ce41558dbaf27d857252ac9cf42fdeb8759ac9508.png
19:58:30.820 [main] DEBUG net.thucydides.core.steps.StepInterceptor - STARTING STEP: PatientDataSteps.inputDataCategory - inputDataCategory
19:58:30.824 [Forwarding findElement on session 49f718cf2ee75ddb7b16e05151dcb231 to remote] DEBUG org.asynchttpclient.netty.request.NettyRequestSender - Using pooled Channel '[id: 0x5ea5f342, L:/127.0.0.1:51109 - R:localhost/127.0.0.1:59357]' for 'POST' to 'http://localhost:59357/session/49f718cf2ee75ddb7b16e05151dcb231/element'
19:58:30.824 [Forwarding findElement on session 49f718cf2ee75ddb7b16e05151dcb231 to remote] DEBUG org.asynchttpclient.netty.request.NettyRequestSender - Using open Channel [id: 0x5ea5f342, L:/127.0.0.1:51109 - R:localhost/127.0.0.1:59357] for POST '/session/49f718cf2ee75ddb7b16e05151dcb231/element'
19:58:30.840 [AsyncHttpClient-1-8] DEBUG org.asynchttpclient.netty.handler.HttpHandler - 

Request DefaultHttpRequest(decodeResult: success, version: HTTP/1.1)
POST /session/49f718cf2ee75ddb7b16e05151dcb231/element HTTP/1.1
User-Agent: selenium/4.1.4 (java windows)
Content-Length: 102
Content-Type: application/json; charset=utf-8
host: localhost:59357
accept: */*

Response DefaultHttpResponse(decodeResult: success, version: HTTP/1.1)
HTTP/1.1 200 OK
Content-Type: application/json; charset=utf-8
cache-control: no-cache
content-length: 88

19:58:30.840 [AsyncHttpClient-1-8] DEBUG org.asynchttpclient.netty.channel.ChannelManager - Adding key: http://localhost:59357 for channel [id: 0x5ea5f342, L:/127.0.0.1:51109 - R:localhost/127.0.0.1:59357]
19:58:30.842 [Forwarding clearElement on session 49f718cf2ee75ddb7b16e05151dcb231 to remote] DEBUG org.asynchttpclient.netty.request.NettyRequestSender - Using pooled Channel '[id: 0x5ea5f342, L:/127.0.0.1:51109 - R:localhost/127.0.0.1:59357]' for 'POST' to 'http://localhost:59357/session/49f718cf2ee75ddb7b16e05151dcb231/element/9484db89-b483-4506-b215-9e317fe48a11/clear'
19:58:30.842 [Forwarding clearElement on session 49f718cf2ee75ddb7b16e05151dcb231 to remote] DEBUG org.asynchttpclient.netty.request.NettyRequestSender - Using open Channel [id: 0x5ea5f342, L:/127.0.0.1:51109 - R:localhost/127.0.0.1:59357] for POST '/session/49f718cf2ee75ddb7b16e05151dcb231/element/9484db89-b483-4506-b215-9e317fe48a11/clear'
19:58:30.885 [AsyncHttpClient-1-8] DEBUG org.asynchttpclient.netty.handler.HttpHandler - 

Request DefaultHttpRequest(decodeResult: success, version: HTTP/1.1)
POST /session/49f718cf2ee75ddb7b16e05151dcb231/element/9484db89-b483-4506-b215-9e317fe48a11/clear HTTP/1.1
User-Agent: selenium/4.1.4 (java windows)
Content-Length: 50
Content-Type: application/json; charset=utf-8
host: localhost:59357
accept: */*

Response DefaultHttpResponse(decodeResult: success, version: HTTP/1.1)
HTTP/1.1 200 OK
Content-Type: application/json; charset=utf-8
cache-control: no-cache
content-length: 14

19:58:30.885 [AsyncHttpClient-1-8] DEBUG org.asynchttpclient.netty.channel.ChannelManager - Adding key: http://localhost:59357 for channel [id: 0x5ea5f342, L:/127.0.0.1:51109 - R:localhost/127.0.0.1:59357]
19:58:30.887 [Forwarding sendKeysToElement on session 49f718cf2ee75ddb7b16e05151dcb231 to remote] DEBUG org.asynchttpclient.netty.request.NettyRequestSender - Using pooled Channel '[id: 0x5ea5f342, L:/127.0.0.1:51109 - R:localhost/127.0.0.1:59357]' for 'POST' to 'http://localhost:59357/session/49f718cf2ee75ddb7b16e05151dcb231/element/9484db89-b483-4506-b215-9e317fe48a11/value'
19:58:30.887 [Forwarding sendKeysToElement on session 49f718cf2ee75ddb7b16e05151dcb231 to remote] DEBUG org.asynchttpclient.netty.request.NettyRequestSender - Using open Channel [id: 0x5ea5f342, L:/127.0.0.1:51109 - R:localhost/127.0.0.1:59357] for POST '/session/49f718cf2ee75ddb7b16e05151dcb231/element/9484db89-b483-4506-b215-9e317fe48a11/value'
19:58:30.910 [AsyncHttpClient-1-1] DEBUG org.asynchttpclient.netty.channel.DefaultChannelPool - Entry count for : http://localhost:51110 : 1
19:58:30.982 [AsyncHttpClient-1-8] DEBUG org.asynchttpclient.netty.handler.HttpHandler - 

Request DefaultHttpRequest(decodeResult: success, version: HTTP/1.1)
POST /session/49f718cf2ee75ddb7b16e05151dcb231/element/9484db89-b483-4506-b215-9e317fe48a11/value HTTP/1.1
User-Agent: selenium/4.1.4 (java windows)
Content-Length: 171
Content-Type: application/json; charset=utf-8
host: localhost:59357
accept: */*

Response DefaultHttpResponse(decodeResult: success, version: HTTP/1.1)
HTTP/1.1 200 OK
Content-Type: application/json; charset=utf-8
cache-control: no-cache
content-length: 14

19:58:30.982 [AsyncHttpClient-1-8] DEBUG org.asynchttpclient.netty.channel.ChannelManager - Adding key: http://localhost:59357 for channel [id: 0x5ea5f342, L:/127.0.0.1:51109 - R:localhost/127.0.0.1:59357]
19:58:30.993 [Forwarding screenshot on session 49f718cf2ee75ddb7b16e05151dcb231 to remote] DEBUG org.asynchttpclient.netty.request.NettyRequestSender - Using pooled Channel '[id: 0x5ea5f342, L:/127.0.0.1:51109 - R:localhost/127.0.0.1:59357]' for 'GET' to 'http://localhost:59357/session/49f718cf2ee75ddb7b16e05151dcb231/screenshot'
19:58:30.993 [Forwarding screenshot on session 49f718cf2ee75ddb7b16e05151dcb231 to remote] DEBUG org.asynchttpclient.netty.request.NettyRequestSender - Using open Channel [id: 0x5ea5f342, L:/127.0.0.1:51109 - R:localhost/127.0.0.1:59357] for GET '/session/49f718cf2ee75ddb7b16e05151dcb231/screenshot'
19:58:31.132 [AsyncHttpClient-1-8] DEBUG org.asynchttpclient.netty.handler.HttpHandler - 

Request DefaultFullHttpRequest(decodeResult: success, version: HTTP/1.1, content: EmptyByteBufBE)
GET /session/49f718cf2ee75ddb7b16e05151dcb231/screenshot HTTP/1.1
User-Agent: selenium/4.1.4 (java windows)
Cache-Control: no-cache
Content-Type: application/json; charset=utf-8
host: localhost:59357
accept: */*

Response DefaultHttpResponse(decodeResult: success, version: HTTP/1.1)
HTTP/1.1 200 OK
Content-Type: application/json; charset=utf-8
cache-control: no-cache
content-length: 116952

19:58:31.132 [AsyncHttpClient-1-8] DEBUG org.asynchttpclient.netty.channel.ChannelManager - Adding key: http://localhost:59357 for channel [id: 0x5ea5f342, L:/127.0.0.1:51109 - R:localhost/127.0.0.1:59357]
19:58:31.135 [main] DEBUG net.serenitybdd.core.photography.Darkroom - Send negative for processing for target\site\serenity\f9d2e503424840340a5efe7a7e468b88c2d7b3085425ea665f6a7c4912203b63.png
19:58:31.135 [main] DEBUG net.thucydides.core.steps.StepInterceptor - STEP DONE: inputDataCategory
19:58:31.135 [Darkroom Processing Line] DEBUG net.serenitybdd.core.photography.DarkroomProcessingLine - Processing screenshot image in /var/screenshots/screenshot-15515235129209802570
  &amp#27;[32mAnd &amp#27;[0m&amp#27;[32mInput data &amp#27;[0m&amp#27;[32m&amp#27;[1m"&%^%^*)%"&amp#27;[0m&amp#27;[32m category&amp#27;[0m                  &amp#27;[90m# starter.stepdefinitios.PatientDataSteps.inputDataCategory(java.lang.String)&amp#27;[0m
19:58:31.135 [Darkroom Processing Line] DEBUG net.serenitybdd.core.photography.DarkroomProcessingLine - Saving screenshot to target\site\serenity\f9d2e503424840340a5efe7a7e468b88c2d7b3085425ea665f6a7c4912203b63.png
19:58:32.010 [AsyncHttpClient-1-1] DEBUG org.asynchttpclient.netty.channel.DefaultChannelPool - Entry count for : http://localhost:51110 : 1
19:58:32.010 [AsyncHttpClient-1-1] DEBUG org.asynchttpclient.netty.channel.DefaultChannelPool - Entry count for : http://localhost:59357 : 1
19:58:33.118 [AsyncHttpClient-1-1] DEBUG org.asynchttpclient.netty.channel.DefaultChannelPool - Entry count for : http://localhost:51110 : 1
19:58:33.118 [AsyncHttpClient-1-1] DEBUG org.asynchttpclient.netty.channel.DefaultChannelPool - Entry count for : http://localhost:59357 : 1
19:58:33.158 [Forwarding screenshot on session 49f718cf2ee75ddb7b16e05151dcb231 to remote] DEBUG org.asynchttpclient.netty.request.NettyRequestSender - Using pooled Channel '[id: 0x5ea5f342, L:/127.0.0.1:51109 - R:localhost/127.0.0.1:59357]' for 'GET' to 'http://localhost:59357/session/49f718cf2ee75ddb7b16e05151dcb231/screenshot'
19:58:33.158 [Forwarding screenshot on session 49f718cf2ee75ddb7b16e05151dcb231 to remote] DEBUG org.asynchttpclient.netty.request.NettyRequestSender - Using open Channel [id: 0x5ea5f342, L:/127.0.0.1:51109 - R:localhost/127.0.0.1:59357] for GET '/session/49f718cf2ee75ddb7b16e05151dcb231/screenshot'
19:58:33.308 [AsyncHttpClient-1-8] DEBUG org.asynchttpclient.netty.handler.HttpHandler - 

Request DefaultFullHttpRequest(decodeResult: success, version: HTTP/1.1, content: EmptyByteBufBE)
GET /session/49f718cf2ee75ddb7b16e05151dcb231/screenshot HTTP/1.1
User-Agent: selenium/4.1.4 (java windows)
Cache-Control: no-cache
Content-Type: application/json; charset=utf-8
host: localhost:59357
accept: */*

Response DefaultHttpResponse(decodeResult: success, version: HTTP/1.1)
HTTP/1.1 200 OK
Content-Type: application/json; charset=utf-8
cache-control: no-cache
content-length: 116952

19:58:33.310 [AsyncHttpClient-1-8] DEBUG org.asynchttpclient.netty.channel.ChannelManager - Adding key: http://localhost:59357 for channel [id: 0x5ea5f342, L:/127.0.0.1:51109 - R:localhost/127.0.0.1:59357]
19:58:33.317 [main] DEBUG net.serenitybdd.core.photography.Darkroom - Send negative for processing for target\site\serenity\f9d2e503424840340a5efe7a7e468b88c2d7b3085425ea665f6a7c4912203b63.png
19:58:33.318 [main] DEBUG net.thucydides.core.steps.StepInterceptor - STARTING STEP: ArsipJadwalSteps.validDataCategoryArchive - validPagePasien
19:58:33.320 [Forwarding findElement on session 49f718cf2ee75ddb7b16e05151dcb231 to remote] DEBUG org.asynchttpclient.netty.request.NettyRequestSender - Using pooled Channel '[id: 0x5ea5f342, L:/127.0.0.1:51109 - R:localhost/127.0.0.1:59357]' for 'POST' to 'http://localhost:59357/session/49f718cf2ee75ddb7b16e05151dcb231/element'
19:58:33.320 [Forwarding findElement on session 49f718cf2ee75ddb7b16e05151dcb231 to remote] DEBUG org.asynchttpclient.netty.request.NettyRequestSender - Using open Channel [id: 0x5ea5f342, L:/127.0.0.1:51109 - R:localhost/127.0.0.1:59357] for POST '/session/49f718cf2ee75ddb7b16e05151dcb231/element'
19:58:33.336 [AsyncHttpClient-1-8] DEBUG org.asynchttpclient.netty.handler.HttpHandler - 

Request DefaultHttpRequest(decodeResult: success, version: HTTP/1.1)
POST /session/49f718cf2ee75ddb7b16e05151dcb231/element HTTP/1.1
User-Agent: selenium/4.1.4 (java windows)
Content-Length: 126
Content-Type: application/json; charset=utf-8
host: localhost:59357
accept: */*

Response DefaultHttpResponse(decodeResult: success, version: HTTP/1.1)
HTTP/1.1 200 OK
Content-Type: application/json; charset=utf-8
cache-control: no-cache
content-length: 88

19:58:33.336 [AsyncHttpClient-1-8] DEBUG org.asynchttpclient.netty.channel.ChannelManager - Adding key: http://localhost:59357 for channel [id: 0x5ea5f342, L:/127.0.0.1:51109 - R:localhost/127.0.0.1:59357]
19:58:33.337 [Forwarding isElementEnabled on session 49f718cf2ee75ddb7b16e05151dcb231 to remote] DEBUG org.asynchttpclient.netty.request.NettyRequestSender - Using pooled Channel '[id: 0x5ea5f342, L:/127.0.0.1:51109 - R:localhost/127.0.0.1:59357]' for 'GET' to 'http://localhost:59357/session/49f718cf2ee75ddb7b16e05151dcb231/element/d9e2f8c0-2331-4d62-8600-826499e120df/enabled'
19:58:33.337 [Forwarding isElementEnabled on session 49f718cf2ee75ddb7b16e05151dcb231 to remote] DEBUG org.asynchttpclient.netty.request.NettyRequestSender - Using open Channel [id: 0x5ea5f342, L:/127.0.0.1:51109 - R:localhost/127.0.0.1:59357] for GET '/session/49f718cf2ee75ddb7b16e05151dcb231/element/d9e2f8c0-2331-4d62-8600-826499e120df/enabled'
19:58:33.348 [AsyncHttpClient-1-8] DEBUG org.asynchttpclient.netty.handler.HttpHandler - 

Request DefaultFullHttpRequest(decodeResult: success, version: HTTP/1.1, content: EmptyByteBufBE)
GET /session/49f718cf2ee75ddb7b16e05151dcb231/element/d9e2f8c0-2331-4d62-8600-826499e120df/enabled HTTP/1.1
User-Agent: selenium/4.1.4 (java windows)
Cache-Control: no-cache
Content-Type: application/json; charset=utf-8
host: localhost:59357
accept: */*

Response DefaultHttpResponse(decodeResult: success, version: HTTP/1.1)
HTTP/1.1 200 OK
Content-Type: application/json; charset=utf-8
cache-control: no-cache
content-length: 14

19:58:33.349 [AsyncHttpClient-1-8] DEBUG org.asynchttpclient.netty.channel.ChannelManager - Adding key: http://localhost:59357 for channel [id: 0x5ea5f342, L:/127.0.0.1:51109 - R:localhost/127.0.0.1:59357]
19:58:33.354 [main] DEBUG net.thucydides.core.steps.StepInterceptor - STEP DONE: validPagePasien
  &amp#27;[32mAnd &amp#27;[0m&amp#27;[32mValid data category archive&amp#27;[0m                     &amp#27;[90m# starter.stepdefinitios.ArsipJadwalSteps.validDataCategoryArchive()&amp#27;[0m
19:58:33.376 [Forwarding screenshot on session 49f718cf2ee75ddb7b16e05151dcb231 to remote] DEBUG org.asynchttpclient.netty.request.NettyRequestSender - Using pooled Channel '[id: 0x5ea5f342, L:/127.0.0.1:51109 - R:localhost/127.0.0.1:59357]' for 'GET' to 'http://localhost:59357/session/49f718cf2ee75ddb7b16e05151dcb231/screenshot'
19:58:33.376 [Forwarding screenshot on session 49f718cf2ee75ddb7b16e05151dcb231 to remote] DEBUG org.asynchttpclient.netty.request.NettyRequestSender - Using open Channel [id: 0x5ea5f342, L:/127.0.0.1:51109 - R:localhost/127.0.0.1:59357] for GET '/session/49f718cf2ee75ddb7b16e05151dcb231/screenshot'
19:58:33.491 [AsyncHttpClient-1-8] DEBUG org.asynchttpclient.netty.handler.HttpHandler - 

Request DefaultFullHttpRequest(decodeResult: success, version: HTTP/1.1, content: EmptyByteBufBE)
GET /session/49f718cf2ee75ddb7b16e05151dcb231/screenshot HTTP/1.1
User-Agent: selenium/4.1.4 (java windows)
Cache-Control: no-cache
Content-Type: application/json; charset=utf-8
host: localhost:59357
accept: */*

Response DefaultHttpResponse(decodeResult: success, version: HTTP/1.1)
HTTP/1.1 200 OK
Content-Type: application/json; charset=utf-8
cache-control: no-cache
content-length: 116952

19:58:33.491 [AsyncHttpClient-1-8] DEBUG org.asynchttpclient.netty.channel.ChannelManager - Adding key: http://localhost:59357 for channel [id: 0x5ea5f342, L:/127.0.0.1:51109 - R:localhost/127.0.0.1:59357]
19:58:33.502 [main] DEBUG net.serenitybdd.core.photography.Darkroom - Send negative for processing for target\site\serenity\f9d2e503424840340a5efe7a7e468b88c2d7b3085425ea665f6a7c4912203b63.png
19:58:33.506 [AsyncHttpClient-1-2] DEBUG org.asynchttpclient.netty.handler.WebSocketHandler - Channel Closed: [id: 0xd21dbcb4, L:/127.0.0.1:51117 ! R:localhost/127.0.0.1:51110] with attribute NettyResponseFuture{currentRetry=5,
	isDone=1,
	isCancelled=0,
	asyncHandler=org.asynchttpclient.ws.WebSocketUpgradeHandler@12093b00,
	nettyRequest=org.asynchttpclient.netty.request.NettyRequest@52fb4c4b,
	future=java.util.concurrent.CompletableFuture@6b81241c[Completed normally],
	uri=ws://localhost:51110/devtools/browser/0881dd73-6b09-4210-89d8-e147499ea879,
	keepAlive=true,
	redirectCount=0,
	timeoutsHolder=null,
	inAuth=0,
	touch=1658062683260}
19:58:33.506 [AsyncHttpClient-1-2] DEBUG org.asynchttpclient.netty.channel.ChannelManager - Closing Channel [id: 0xd21dbcb4, L:/127.0.0.1:51117 ! R:localhost/127.0.0.1:51110] 
19:58:33.506 [Driver Command Executor] DEBUG org.asynchttpclient.netty.request.NettyRequestSender - Using pooled Channel '[id: 0x5ea5f342, L:/127.0.0.1:51109 - R:localhost/127.0.0.1:59357]' for 'DELETE' to 'http://localhost:59357/session/49f718cf2ee75ddb7b16e05151dcb231'
19:58:33.506 [Driver Command Executor] DEBUG org.asynchttpclient.netty.request.NettyRequestSender - Using open Channel [id: 0x5ea5f342, L:/127.0.0.1:51109 - R:localhost/127.0.0.1:59357] for DELETE '/session/49f718cf2ee75ddb7b16e05151dcb231'
19:58:33.545 [AsyncHttpClient-1-9] DEBUG org.asynchttpclient.netty.handler.HttpHandler - Unexpected I/O exception on channel [id: 0xd16e5753, L:/127.0.0.1:51116 - R:localhost/127.0.0.1:51110]
java.io.IOException: An existing connection was forcibly closed by the remote host
	at java.base/sun.nio.ch.SocketDispatcher.read0(Native Method)
	at java.base/sun.nio.ch.SocketDispatcher.read(SocketDispatcher.java:43)
	at java.base/sun.nio.ch.IOUtil.readIntoNativeBuffer(IOUtil.java:276)
	at java.base/sun.nio.ch.IOUtil.read(IOUtil.java:233)
	at java.base/sun.nio.ch.IOUtil.read(IOUtil.java:223)
	at java.base/sun.nio.ch.SocketChannelImpl.read(SocketChannelImpl.java:356)
	at io.netty.buffer.PooledByteBuf.setBytes(PooledByteBuf.java:258)
	at io.netty.buffer.AbstractByteBuf.writeBytes(AbstractByteBuf.java:1132)
	at io.netty.channel.socket.nio.NioSocketChannel.doReadBytes(NioSocketChannel.java:357)
	at io.netty.channel.nio.AbstractNioByteChannel$NioByteUnsafe.read(AbstractNioByteChannel.java:151)
	at io.netty.channel.nio.NioEventLoop.processSelectedKey(NioEventLoop.java:722)
	at io.netty.channel.nio.NioEventLoop.processSelectedKeysOptimized(NioEventLoop.java:658)
	at io.netty.channel.nio.NioEventLoop.processSelectedKeys(NioEventLoop.java:584)
	at io.netty.channel.nio.NioEventLoop.run(NioEventLoop.java:496)
	at io.netty.util.concurrent.SingleThreadEventExecutor$4.run(SingleThreadEventExecutor.java:986)
	at io.netty.util.internal.ThreadExecutorMap$2.run(ThreadExecutorMap.java:74)
	at io.netty.util.concurrent.FastThreadLocalRunnable.run(FastThreadLocalRunnable.java:30)
	at java.base/java.lang.Thread.run(Thread.java:829)
19:58:33.545 [AsyncHttpClient-1-9] DEBUG org.asynchttpclient.netty.channel.ChannelManager - Closing Channel [id: 0xd16e5753, L:/127.0.0.1:51116 - R:localhost/127.0.0.1:51110] 
19:58:33.545 [AsyncHttpClient-1-9] DEBUG org.asynchttpclient.netty.handler.HttpHandler - Channel Closed: [id: 0xd16e5753, L:/127.0.0.1:51116 ! R:localhost/127.0.0.1:51110] with attribute DISCARD
19:58:33.597 [AsyncHttpClient-1-8] DEBUG org.asynchttpclient.netty.handler.HttpHandler - 

Request DefaultFullHttpRequest(decodeResult: success, version: HTTP/1.1, content: EmptyByteBufBE)
DELETE /session/49f718cf2ee75ddb7b16e05151dcb231 HTTP/1.1
User-Agent: selenium/4.1.4 (java windows)
Content-Type: application/json; charset=utf-8
host: localhost:59357
accept: */*

Response DefaultHttpResponse(decodeResult: success, version: HTTP/1.1)
HTTP/1.1 200 OK
Content-Type: application/json; charset=utf-8
cache-control: no-cache
content-length: 14

19:58:33.597 [AsyncHttpClient-1-8] DEBUG org.asynchttpclient.netty.channel.ChannelManager - Adding key: http://localhost:59357 for channel [id: 0x5ea5f342, L:/127.0.0.1:51109 - R:localhost/127.0.0.1:59357]
19:58:33.647 [AsyncHttpClient-1-8] DEBUG org.asynchttpclient.netty.handler.HttpHandler - Channel Closed: [id: 0x5ea5f342, L:/127.0.0.1:51109 ! R:localhost/127.0.0.1:59357] with attribute DISCARD
19:58:33.688 [main] INFO  - 
  _____   ___   ___   _____     ___     _     ___   ___   ___   ___  
 |_   _| | __| / __| |_   _|   | _ \   /_\   / __| / __| | __| |   \ 
   | |   | _|  \__ \   | |     |  _/  / _ \  \__ \ \__ \ | _|  | |) |
   |_|   |___| |___/   |_|     |_|   /_/ \_\ |___/ |___/ |___| |___/ 

As a admin i want to search archive
----------------------------------------------------------------------
]]></system-out>
    <system-err><![CDATA[Starting ChromeDriver 103.0.5060.53 (a1711811edd74ff1cf2150f36ffa3b0dae40b17f-refs/branch-heads/5060@{#853}) on port 59357
Only local connections are allowed.
Please see https://chromedriver.chromium.org/security-considerations for suggestions on keeping ChromeDriver safe.
ChromeDriver was started successfully.
Jul 17, 2022 7:58:03 PM org.openqa.selenium.remote.ProtocolHandshake createSession
INFO: Detected dialect: W3C
Jul 17, 2022 7:58:03 PM org.openqa.selenium.devtools.CdpVersionFinder findNearestMatch
WARNING: Unable to find an exact match for CDP version 103, so returning the closest version found: 101
Jul 17, 2022 7:58:03 PM org.openqa.selenium.devtools.CdpVersionFinder findNearestMatch
INFO: Found CDP implementation for version 103 of 101
]]></system-err>
  </testcase>
  <testcase name="As a admin i want to Add Manage Schedule Rawat Jalan" classname="Kelola jadwal - admin" time="52.081">
    <system-out><![CDATA[
@KelolaJadwal111 @AddKelolaJadwalRawatJalan
Scenario Outline: As a admin i want to Add Manage Schedule Rawat Jalan &amp#27;[90m# src/test/resources/features/5KelolaJadwal.feature:52&amp#27;[0m
19:58:33.708 [main] INFO io.cucumber.core.plugin.SerenityReporter - Running feature from file:///C:/Alterra/CapstoneBaru/QE/TestingWebUpdate/src/test/resources/features/5KelolaJadwal.feature
19:58:33.725 [main] INFO  - 
  _____   ___   ___   _____     ___   _____     _     ___   _____   ___   ___  
 |_   _| | __| / __| |_   _|   / __| |_   _|   /_\   | _ \ |_   _| | __| |   \ 
   | |   | _|  \__ \   | |     \__ \   | |    / _ \  |   /   | |   | _|  | |) |
   |_|   |___| |___/   |_|     |___/   |_|   /_/ \_\ |_|_\   |_|   |___| |___/ 

As a admin i want to Add Manage Schedule Rawat Jalan(kelola-jadwal---admin;as-a-admin-i-want-to-add-manage-schedule-rawat-jalan)
--------------------------------------------------------------------------------
19:58:33.772 [main] DEBUG net.thucydides.core.steps.StepInterceptor - STARTING STEP: LoginSteps.openLoginPage - openLogin
19:58:33.773 [main] INFO net.serenitybdd.core.webdriver.driverproviders.ChromeDriverProvider - Using automatically driver download
19:58:34.007 [main] DEBUG io.github.bonigarcia.wdm.cache.ResolutionCache - Resolution chrome=103 in cache (valid until 20:05:23 17/07/2022 ICT)
19:58:34.023 [main] DEBUG io.github.bonigarcia.wdm.cache.ResolutionCache - Resolution chrome103=103.0.5060.53 in cache (valid until 17:54:33 18/07/2022 ICT)
19:58:34.024 [main] INFO io.github.bonigarcia.wdm.WebDriverManager - Using chromedriver 103.0.5060.53 (resolved driver for Chrome 103)
19:58:34.038 [main] DEBUG io.github.bonigarcia.wdm.WebDriverManager - Driver chromedriver 103.0.5060.53 found in cache
19:58:34.038 [main] INFO io.github.bonigarcia.wdm.WebDriverManager - Exporting webdriver.chrome.driver as C:\Users\Bagas Dwi Saputra\.cache\selenium\chromedriver\win32\103.0.5060.53\chromedriver.exe
19:58:34.220 [AsyncHttpClient-1-1] DEBUG org.asynchttpclient.netty.channel.DefaultChannelPool - Entry count for : http://localhost:51110 : 1
19:58:34.220 [AsyncHttpClient-1-1] DEBUG org.asynchttpclient.netty.channel.DefaultChannelPool - Entry count for : http://localhost:59357 : 1
19:58:34.220 [AsyncHttpClient-1-1] DEBUG org.asynchttpclient.netty.channel.DefaultChannelPool - Adding Candidate expired Channel [id: 0xd16e5753, L:/127.0.0.1:51116 ! R:localhost/127.0.0.1:51110] isIdleTimeoutExpired=false isRemotelyClosed=true isTtlExpired=false
19:58:34.220 [AsyncHttpClient-1-1] DEBUG org.asynchttpclient.netty.channel.DefaultChannelPool - Closing Idle Channel [id: 0xd16e5753, L:/127.0.0.1:51116 ! R:localhost/127.0.0.1:51110]
19:58:34.220 [AsyncHttpClient-1-1] DEBUG org.asynchttpclient.netty.channel.DefaultChannelPool - Adding Candidate expired Channel [id: 0x5ea5f342, L:/127.0.0.1:51109 ! R:localhost/127.0.0.1:59357] isIdleTimeoutExpired=false isRemotelyClosed=true isTtlExpired=false
19:58:34.220 [AsyncHttpClient-1-1] DEBUG org.asynchttpclient.netty.channel.DefaultChannelPool - Closing Idle Channel [id: 0x5ea5f342, L:/127.0.0.1:51109 ! R:localhost/127.0.0.1:59357]
19:58:34.220 [AsyncHttpClient-1-1] DEBUG org.asynchttpclient.netty.channel.DefaultChannelPool - Closed 2 connections out of 2 in 0 ms
19:58:34.313 [main] DEBUG net.serenitybdd.core.webdriver.driverproviders.ProvideNewDriver - Instantiating driver
19:58:34.313 [main] DEBUG net.serenitybdd.core.webdriver.driverproviders.ProvideNewDriver - Driver capabilities: Capabilities {acceptInsecureCerts: false, base.url: https://fanciful-trifle-360..., browserName: chrome, chorme.driver: src/test/resources/webdrive..., driver: chrome, goog:chromeOptions: {args: [], extensions: []}}
19:58:34.445 [AsyncHttpClient-1-3] DEBUG org.asynchttpclient.netty.channel.NettyConnectListener - Using new Channel '[id: 0xe5291416, L:/127.0.0.1:51135 - R:localhost/127.0.0.1:61885]' for 'POST' to '/session'
19:58:35.273 [AsyncHttpClient-1-3] DEBUG org.asynchttpclient.netty.handler.HttpHandler - 

Request DefaultHttpRequest(decodeResult: success, version: HTTP/1.1)
POST /session HTTP/1.1
User-Agent: selenium/4.1.4 (java windows)
Content-Length: 629
Content-Type: application/json; charset=utf-8
host: localhost:61885
accept: */*

Response DefaultHttpResponse(decodeResult: success, version: HTTP/1.1)
HTTP/1.1 200 OK
Content-Type: application/json; charset=utf-8
cache-control: no-cache
content-length: 792

19:58:35.274 [AsyncHttpClient-1-3] DEBUG org.asynchttpclient.netty.channel.ChannelManager - Adding key: http://localhost:61885 for channel [id: 0xe5291416, L:/127.0.0.1:51135 - R:localhost/127.0.0.1:61885]
19:58:35.290 [AsyncHttpClient-1-4] DEBUG org.asynchttpclient.netty.channel.NettyConnectListener - Using new Channel '[id: 0xfb11e5ab, L:/127.0.0.1:51143 - R:localhost/127.0.0.1:51137]' for 'GET' to '/json/version'
19:58:35.291 [AsyncHttpClient-1-4] DEBUG org.asynchttpclient.netty.handler.HttpHandler - 

Request DefaultFullHttpRequest(decodeResult: success, version: HTTP/1.1, content: EmptyByteBufBE)
GET /json/version HTTP/1.1
User-Agent: selenium/4.1.4 (java windows)
host: localhost:51137
accept: */*

Response DefaultHttpResponse(decodeResult: success, version: HTTP/1.1)
HTTP/1.1 200 OK
Content-Type: application/json; charset=UTF-8
content-length: 429

19:58:35.291 [AsyncHttpClient-1-4] DEBUG org.asynchttpclient.netty.channel.ChannelManager - Adding key: http://localhost:51137 for channel [id: 0xfb11e5ab, L:/127.0.0.1:51143 - R:localhost/127.0.0.1:51137]
19:58:35.297 [AsyncHttpClient-1-5] DEBUG org.asynchttpclient.netty.channel.NettyConnectListener - Using new Channel '[id: 0x69228745, L:/127.0.0.1:51144 - R:localhost/127.0.0.1:51137]' for 'GET' to '/devtools/browser/393f5664-053b-4273-a5d8-c2a7b57dcfc2'
19:58:35.298 [AsyncHttpClient-1-5] DEBUG org.asynchttpclient.netty.handler.WebSocketHandler - 

Request DefaultFullHttpRequest(decodeResult: success, version: HTTP/1.1, content: EmptyByteBufBE)
GET /devtools/browser/393f5664-053b-4273-a5d8-c2a7b57dcfc2 HTTP/1.1
upgrade: websocket
connection: upgrade
sec-websocket-key: v3j7xuYABqwwDF5oyuoTIQ==
sec-websocket-version: 13
origin: http://localhost:51137
host: localhost:51137
accept: */*
user-agent: AHC/2.1

Response DefaultHttpResponse(decodeResult: success, version: HTTP/1.1)
HTTP/1.1 101 WebSocket Protocol Handshake
Upgrade: WebSocket
Connection: Upgrade
Sec-WebSocket-Accept: 1TbUpxYPUGt8wquIn6+F186BGEY=

19:58:35.310 [Forwarding get on session 739e42bed2270a4d7ac423b39f2337d3 to remote] DEBUG org.asynchttpclient.netty.request.NettyRequestSender - Using pooled Channel '[id: 0xe5291416, L:/127.0.0.1:51135 - R:localhost/127.0.0.1:61885]' for 'POST' to 'http://localhost:61885/session/739e42bed2270a4d7ac423b39f2337d3/url'
19:58:35.310 [Forwarding get on session 739e42bed2270a4d7ac423b39f2337d3 to remote] DEBUG org.asynchttpclient.netty.request.NettyRequestSender - Using open Channel [id: 0xe5291416, L:/127.0.0.1:51135 - R:localhost/127.0.0.1:61885] for POST '/session/739e42bed2270a4d7ac423b39f2337d3/url'
19:58:35.316 [AsyncHttpClient-1-1] DEBUG org.asynchttpclient.netty.channel.DefaultChannelPool - Entry count for : http://localhost:51137 : 1
19:58:35.865 [AsyncHttpClient-1-3] DEBUG org.asynchttpclient.netty.handler.HttpHandler - 

Request DefaultHttpRequest(decodeResult: success, version: HTTP/1.1)
POST /session/739e42bed2270a4d7ac423b39f2337d3/url HTTP/1.1
User-Agent: selenium/4.1.4 (java windows)
Content-Length: 78
Content-Type: application/json; charset=utf-8
host: localhost:61885
accept: */*

Response DefaultHttpResponse(decodeResult: success, version: HTTP/1.1)
HTTP/1.1 200 OK
Content-Type: application/json; charset=utf-8
cache-control: no-cache
content-length: 14

19:58:35.865 [AsyncHttpClient-1-3] DEBUG org.asynchttpclient.netty.channel.ChannelManager - Adding key: http://localhost:61885 for channel [id: 0xe5291416, L:/127.0.0.1:51135 - R:localhost/127.0.0.1:61885]
19:58:35.866 [Forwarding setTimeout on session 739e42bed2270a4d7ac423b39f2337d3 to remote] DEBUG org.asynchttpclient.netty.request.NettyRequestSender - Using pooled Channel '[id: 0xe5291416, L:/127.0.0.1:51135 - R:localhost/127.0.0.1:61885]' for 'POST' to 'http://localhost:61885/session/739e42bed2270a4d7ac423b39f2337d3/timeouts'
19:58:35.866 [Forwarding setTimeout on session 739e42bed2270a4d7ac423b39f2337d3 to remote] DEBUG org.asynchttpclient.netty.request.NettyRequestSender - Using open Channel [id: 0xe5291416, L:/127.0.0.1:51135 - R:localhost/127.0.0.1:61885] for POST '/session/739e42bed2270a4d7ac423b39f2337d3/timeouts'
19:58:35.869 [AsyncHttpClient-1-3] DEBUG org.asynchttpclient.netty.handler.HttpHandler - 

Request DefaultHttpRequest(decodeResult: success, version: HTTP/1.1)
POST /session/739e42bed2270a4d7ac423b39f2337d3/timeouts HTTP/1.1
User-Agent: selenium/4.1.4 (java windows)
Content-Length: 22
Content-Type: application/json; charset=utf-8
host: localhost:61885
accept: */*

Response DefaultHttpResponse(decodeResult: success, version: HTTP/1.1)
HTTP/1.1 200 OK
Content-Type: application/json; charset=utf-8
cache-control: no-cache
content-length: 14

19:58:35.869 [AsyncHttpClient-1-3] DEBUG org.asynchttpclient.netty.channel.ChannelManager - Adding key: http://localhost:61885 for channel [id: 0xe5291416, L:/127.0.0.1:51135 - R:localhost/127.0.0.1:61885]
19:58:35.869 [Forwarding getCurrentUrl on session 739e42bed2270a4d7ac423b39f2337d3 to remote] DEBUG org.asynchttpclient.netty.request.NettyRequestSender - Using pooled Channel '[id: 0xe5291416, L:/127.0.0.1:51135 - R:localhost/127.0.0.1:61885]' for 'GET' to 'http://localhost:61885/session/739e42bed2270a4d7ac423b39f2337d3/url'
19:58:35.869 [Forwarding getCurrentUrl on session 739e42bed2270a4d7ac423b39f2337d3 to remote] DEBUG org.asynchttpclient.netty.request.NettyRequestSender - Using open Channel [id: 0xe5291416, L:/127.0.0.1:51135 - R:localhost/127.0.0.1:61885] for GET '/session/739e42bed2270a4d7ac423b39f2337d3/url'
19:58:35.877 [AsyncHttpClient-1-3] DEBUG org.asynchttpclient.netty.handler.HttpHandler - 

Request DefaultFullHttpRequest(decodeResult: success, version: HTTP/1.1, content: EmptyByteBufBE)
GET /session/739e42bed2270a4d7ac423b39f2337d3/url HTTP/1.1
User-Agent: selenium/4.1.4 (java windows)
Cache-Control: no-cache
Content-Type: application/json; charset=utf-8
host: localhost:61885
accept: */*

Response DefaultHttpResponse(decodeResult: success, version: HTTP/1.1)
HTTP/1.1 200 OK
Content-Type: application/json; charset=utf-8
cache-control: no-cache
content-length: 60

19:58:35.877 [AsyncHttpClient-1-3] DEBUG org.asynchttpclient.netty.channel.ChannelManager - Adding key: http://localhost:61885 for channel [id: 0xe5291416, L:/127.0.0.1:51135 - R:localhost/127.0.0.1:61885]
19:58:35.878 [Forwarding screenshot on session 739e42bed2270a4d7ac423b39f2337d3 to remote] DEBUG org.asynchttpclient.netty.request.NettyRequestSender - Using pooled Channel '[id: 0xe5291416, L:/127.0.0.1:51135 - R:localhost/127.0.0.1:61885]' for 'GET' to 'http://localhost:61885/session/739e42bed2270a4d7ac423b39f2337d3/screenshot'
19:58:35.878 [Forwarding screenshot on session 739e42bed2270a4d7ac423b39f2337d3 to remote] DEBUG org.asynchttpclient.netty.request.NettyRequestSender - Using open Channel [id: 0xe5291416, L:/127.0.0.1:51135 - R:localhost/127.0.0.1:61885] for GET '/session/739e42bed2270a4d7ac423b39f2337d3/screenshot'
19:58:36.194 [AsyncHttpClient-1-3] DEBUG org.asynchttpclient.netty.handler.HttpHandler - 

Request DefaultFullHttpRequest(decodeResult: success, version: HTTP/1.1, content: EmptyByteBufBE)
GET /session/739e42bed2270a4d7ac423b39f2337d3/screenshot HTTP/1.1
User-Agent: selenium/4.1.4 (java windows)
Cache-Control: no-cache
Content-Type: application/json; charset=utf-8
host: localhost:61885
accept: */*

Response DefaultHttpResponse(decodeResult: success, version: HTTP/1.1)
HTTP/1.1 200 OK
Content-Type: application/json; charset=utf-8
cache-control: no-cache
content-length: 380436

19:58:36.194 [AsyncHttpClient-1-3] DEBUG org.asynchttpclient.netty.channel.ChannelManager - Adding key: http://localhost:61885 for channel [id: 0xe5291416, L:/127.0.0.1:51135 - R:localhost/127.0.0.1:61885]
19:58:36.212 [main] DEBUG net.serenitybdd.core.photography.Darkroom - Send negative for processing for target\site\serenity\d122c364c40ece9db0ad32cd97c3fcf63e95ba606118dda8d3e5a1d2b8235ce2.png
19:58:36.212 [main] DEBUG net.thucydides.core.steps.StepInterceptor - STEP DONE: openLogin
  &amp#27;[32mGiven &amp#27;[0m&amp#27;[32mOpen login page&amp#27;[0m                                                &amp#27;[90m# starter.stepdefinitios.LoginSteps.openLoginPage()&amp#27;[0m
19:58:36.420 [AsyncHttpClient-1-1] DEBUG org.asynchttpclient.netty.channel.DefaultChannelPool - Entry count for : http://localhost:51137 : 1
19:58:36.420 [AsyncHttpClient-1-1] DEBUG org.asynchttpclient.netty.channel.DefaultChannelPool - Entry count for : http://localhost:61885 : 1
19:58:36.731 [Forwarding findElement on session 739e42bed2270a4d7ac423b39f2337d3 to remote] DEBUG org.asynchttpclient.netty.request.NettyRequestSender - Using pooled Channel '[id: 0xe5291416, L:/127.0.0.1:51135 - R:localhost/127.0.0.1:61885]' for 'POST' to 'http://localhost:61885/session/739e42bed2270a4d7ac423b39f2337d3/element'
19:58:36.731 [Forwarding findElement on session 739e42bed2270a4d7ac423b39f2337d3 to remote] DEBUG org.asynchttpclient.netty.request.NettyRequestSender - Using open Channel [id: 0xe5291416, L:/127.0.0.1:51135 - R:localhost/127.0.0.1:61885] for POST '/session/739e42bed2270a4d7ac423b39f2337d3/element'
19:58:36.763 [AsyncHttpClient-1-3] DEBUG org.asynchttpclient.netty.handler.HttpHandler - 

Request DefaultHttpRequest(decodeResult: success, version: HTTP/1.1)
POST /session/739e42bed2270a4d7ac423b39f2337d3/element HTTP/1.1
User-Agent: selenium/4.1.4 (java windows)
Content-Length: 70
Content-Type: application/json; charset=utf-8
host: localhost:61885
accept: */*

Response DefaultHttpResponse(decodeResult: success, version: HTTP/1.1)
HTTP/1.1 200 OK
Content-Type: application/json; charset=utf-8
cache-control: no-cache
content-length: 88

19:58:36.763 [AsyncHttpClient-1-3] DEBUG org.asynchttpclient.netty.channel.ChannelManager - Adding key: http://localhost:61885 for channel [id: 0xe5291416, L:/127.0.0.1:51135 - R:localhost/127.0.0.1:61885]
19:58:36.764 [Forwarding sendKeysToElement on session 739e42bed2270a4d7ac423b39f2337d3 to remote] DEBUG org.asynchttpclient.netty.request.NettyRequestSender - Using pooled Channel '[id: 0xe5291416, L:/127.0.0.1:51135 - R:localhost/127.0.0.1:61885]' for 'POST' to 'http://localhost:61885/session/739e42bed2270a4d7ac423b39f2337d3/element/4d91376f-bd7f-472f-a451-180ffc110148/value'
19:58:36.764 [Forwarding sendKeysToElement on session 739e42bed2270a4d7ac423b39f2337d3 to remote] DEBUG org.asynchttpclient.netty.request.NettyRequestSender - Using open Channel [id: 0xe5291416, L:/127.0.0.1:51135 - R:localhost/127.0.0.1:61885] for POST '/session/739e42bed2270a4d7ac423b39f2337d3/element/4d91376f-bd7f-472f-a451-180ffc110148/value'
19:58:36.918 [AsyncHttpClient-1-3] DEBUG org.asynchttpclient.netty.handler.HttpHandler - 

Request DefaultHttpRequest(decodeResult: success, version: HTTP/1.1)
POST /session/739e42bed2270a4d7ac423b39f2337d3/element/4d91376f-bd7f-472f-a451-180ffc110148/value HTTP/1.1
User-Agent: selenium/4.1.4 (java windows)
Content-Length: 131
Content-Type: application/json; charset=utf-8
host: localhost:61885
accept: */*

Response DefaultHttpResponse(decodeResult: success, version: HTTP/1.1)
HTTP/1.1 200 OK
Content-Type: application/json; charset=utf-8
cache-control: no-cache
content-length: 14

19:58:36.919 [AsyncHttpClient-1-3] DEBUG org.asynchttpclient.netty.channel.ChannelManager - Adding key: http://localhost:61885 for channel [id: 0xe5291416, L:/127.0.0.1:51135 - R:localhost/127.0.0.1:61885]
  &amp#27;[32mAnd &amp#27;[0m&amp#27;[32mI input &amp#27;[0m&amp#27;[32m&amp#27;[1m"admin"&amp#27;[0m&amp#27;[32m login email valid&amp#27;[0m                                &amp#27;[90m# starter.stepdefinitios.LoginSteps.iInputLoginEmailValid(java.lang.String)&amp#27;[0m
19:58:36.928 [Forwarding screenshot on session 739e42bed2270a4d7ac423b39f2337d3 to remote] DEBUG org.asynchttpclient.netty.request.NettyRequestSender - Using pooled Channel '[id: 0xe5291416, L:/127.0.0.1:51135 - R:localhost/127.0.0.1:61885]' for 'GET' to 'http://localhost:61885/session/739e42bed2270a4d7ac423b39f2337d3/screenshot'
19:58:36.928 [Forwarding screenshot on session 739e42bed2270a4d7ac423b39f2337d3 to remote] DEBUG org.asynchttpclient.netty.request.NettyRequestSender - Using open Channel [id: 0xe5291416, L:/127.0.0.1:51135 - R:localhost/127.0.0.1:61885] for GET '/session/739e42bed2270a4d7ac423b39f2337d3/screenshot'
19:58:37.121 [AsyncHttpClient-1-3] DEBUG org.asynchttpclient.netty.handler.HttpHandler - 

Request DefaultFullHttpRequest(decodeResult: success, version: HTTP/1.1, content: EmptyByteBufBE)
GET /session/739e42bed2270a4d7ac423b39f2337d3/screenshot HTTP/1.1
User-Agent: selenium/4.1.4 (java windows)
Cache-Control: no-cache
Content-Type: application/json; charset=utf-8
host: localhost:61885
accept: */*

Response DefaultHttpResponse(decodeResult: success, version: HTTP/1.1)
HTTP/1.1 200 OK
Content-Type: application/json; charset=utf-8
cache-control: no-cache
content-length: 379420

19:58:37.121 [AsyncHttpClient-1-3] DEBUG org.asynchttpclient.netty.channel.ChannelManager - Adding key: http://localhost:61885 for channel [id: 0xe5291416, L:/127.0.0.1:51135 - R:localhost/127.0.0.1:61885]
19:58:37.137 [main] DEBUG net.serenitybdd.core.photography.Darkroom - Send negative for processing for target\site\serenity\93df20195d3751dea78ac30a105f84d37c410e0341f58ded6fb231b5b47402e6.png
19:58:37.518 [AsyncHttpClient-1-1] DEBUG org.asynchttpclient.netty.channel.DefaultChannelPool - Entry count for : http://localhost:51137 : 1
19:58:37.518 [AsyncHttpClient-1-1] DEBUG org.asynchttpclient.netty.channel.DefaultChannelPool - Entry count for : http://localhost:61885 : 1
19:58:37.681 [Forwarding screenshot on session 739e42bed2270a4d7ac423b39f2337d3 to remote] DEBUG org.asynchttpclient.netty.request.NettyRequestSender - Using pooled Channel '[id: 0xe5291416, L:/127.0.0.1:51135 - R:localhost/127.0.0.1:61885]' for 'GET' to 'http://localhost:61885/session/739e42bed2270a4d7ac423b39f2337d3/screenshot'
19:58:37.681 [Forwarding screenshot on session 739e42bed2270a4d7ac423b39f2337d3 to remote] DEBUG org.asynchttpclient.netty.request.NettyRequestSender - Using open Channel [id: 0xe5291416, L:/127.0.0.1:51135 - R:localhost/127.0.0.1:61885] for GET '/session/739e42bed2270a4d7ac423b39f2337d3/screenshot'
19:58:37.880 [AsyncHttpClient-1-3] DEBUG org.asynchttpclient.netty.handler.HttpHandler - 

Request DefaultFullHttpRequest(decodeResult: success, version: HTTP/1.1, content: EmptyByteBufBE)
GET /session/739e42bed2270a4d7ac423b39f2337d3/screenshot HTTP/1.1
User-Agent: selenium/4.1.4 (java windows)
Cache-Control: no-cache
Content-Type: application/json; charset=utf-8
host: localhost:61885
accept: */*

Response DefaultHttpResponse(decodeResult: success, version: HTTP/1.1)
HTTP/1.1 200 OK
Content-Type: application/json; charset=utf-8
cache-control: no-cache
content-length: 379404

19:58:37.880 [AsyncHttpClient-1-3] DEBUG org.asynchttpclient.netty.channel.ChannelManager - Adding key: http://localhost:61885 for channel [id: 0xe5291416, L:/127.0.0.1:51135 - R:localhost/127.0.0.1:61885]
19:58:37.880 [main] DEBUG net.serenitybdd.core.photography.Darkroom - Send negative for processing for target\site\serenity\f684e1524ced0278b0b6c6b37709a7cbfb8281aeb576b04a4743fda17448b798.png
19:58:37.894 [main] DEBUG net.thucydides.core.steps.StepInterceptor - STARTING STEP: LoginSteps.iInputLoginPasswordValid - inputPasswordLogin
19:58:37.896 [Forwarding findElement on session 739e42bed2270a4d7ac423b39f2337d3 to remote] DEBUG org.asynchttpclient.netty.request.NettyRequestSender - Using pooled Channel '[id: 0xe5291416, L:/127.0.0.1:51135 - R:localhost/127.0.0.1:61885]' for 'POST' to 'http://localhost:61885/session/739e42bed2270a4d7ac423b39f2337d3/element'
19:58:37.896 [Forwarding findElement on session 739e42bed2270a4d7ac423b39f2337d3 to remote] DEBUG org.asynchttpclient.netty.request.NettyRequestSender - Using open Channel [id: 0xe5291416, L:/127.0.0.1:51135 - R:localhost/127.0.0.1:61885] for POST '/session/739e42bed2270a4d7ac423b39f2337d3/element'
19:58:37.907 [AsyncHttpClient-1-3] DEBUG org.asynchttpclient.netty.handler.HttpHandler - 

Request DefaultHttpRequest(decodeResult: success, version: HTTP/1.1)
POST /session/739e42bed2270a4d7ac423b39f2337d3/element HTTP/1.1
User-Agent: selenium/4.1.4 (java windows)
Content-Length: 70
Content-Type: application/json; charset=utf-8
host: localhost:61885
accept: */*

Response DefaultHttpResponse(decodeResult: success, version: HTTP/1.1)
HTTP/1.1 200 OK
Content-Type: application/json; charset=utf-8
cache-control: no-cache
content-length: 88

19:58:37.907 [AsyncHttpClient-1-3] DEBUG org.asynchttpclient.netty.channel.ChannelManager - Adding key: http://localhost:61885 for channel [id: 0xe5291416, L:/127.0.0.1:51135 - R:localhost/127.0.0.1:61885]
19:58:37.909 [Forwarding sendKeysToElement on session 739e42bed2270a4d7ac423b39f2337d3 to remote] DEBUG org.asynchttpclient.netty.request.NettyRequestSender - Using pooled Channel '[id: 0xe5291416, L:/127.0.0.1:51135 - R:localhost/127.0.0.1:61885]' for 'POST' to 'http://localhost:61885/session/739e42bed2270a4d7ac423b39f2337d3/element/8c9e8ef6-097f-456e-bde1-61231fde0aa8/value'
19:58:37.909 [Forwarding sendKeysToElement on session 739e42bed2270a4d7ac423b39f2337d3 to remote] DEBUG org.asynchttpclient.netty.request.NettyRequestSender - Using open Channel [id: 0xe5291416, L:/127.0.0.1:51135 - R:localhost/127.0.0.1:61885] for POST '/session/739e42bed2270a4d7ac423b39f2337d3/element/8c9e8ef6-097f-456e-bde1-61231fde0aa8/value'
19:58:37.991 [AsyncHttpClient-1-3] DEBUG org.asynchttpclient.netty.handler.HttpHandler - 

Request DefaultHttpRequest(decodeResult: success, version: HTTP/1.1)
POST /session/739e42bed2270a4d7ac423b39f2337d3/element/8c9e8ef6-097f-456e-bde1-61231fde0aa8/value HTTP/1.1
User-Agent: selenium/4.1.4 (java windows)
Content-Length: 161
Content-Type: application/json; charset=utf-8
host: localhost:61885
accept: */*

Response DefaultHttpResponse(decodeResult: success, version: HTTP/1.1)
HTTP/1.1 200 OK
Content-Type: application/json; charset=utf-8
cache-control: no-cache
content-length: 14

19:58:37.991 [AsyncHttpClient-1-3] DEBUG org.asynchttpclient.netty.channel.ChannelManager - Adding key: http://localhost:61885 for channel [id: 0xe5291416, L:/127.0.0.1:51135 - R:localhost/127.0.0.1:61885]
19:58:37.993 [Forwarding screenshot on session 739e42bed2270a4d7ac423b39f2337d3 to remote] DEBUG org.asynchttpclient.netty.request.NettyRequestSender - Using pooled Channel '[id: 0xe5291416, L:/127.0.0.1:51135 - R:localhost/127.0.0.1:61885]' for 'GET' to 'http://localhost:61885/session/739e42bed2270a4d7ac423b39f2337d3/screenshot'
19:58:37.993 [Forwarding screenshot on session 739e42bed2270a4d7ac423b39f2337d3 to remote] DEBUG org.asynchttpclient.netty.request.NettyRequestSender - Using open Channel [id: 0xe5291416, L:/127.0.0.1:51135 - R:localhost/127.0.0.1:61885] for GET '/session/739e42bed2270a4d7ac423b39f2337d3/screenshot'
19:58:38.163 [AsyncHttpClient-1-3] DEBUG org.asynchttpclient.netty.handler.HttpHandler - 

Request DefaultFullHttpRequest(decodeResult: success, version: HTTP/1.1, content: EmptyByteBufBE)
GET /session/739e42bed2270a4d7ac423b39f2337d3/screenshot HTTP/1.1
User-Agent: selenium/4.1.4 (java windows)
Cache-Control: no-cache
Content-Type: application/json; charset=utf-8
host: localhost:61885
accept: */*

Response DefaultHttpResponse(decodeResult: success, version: HTTP/1.1)
HTTP/1.1 200 OK
Content-Type: application/json; charset=utf-8
cache-control: no-cache
content-length: 377580

19:58:38.163 [AsyncHttpClient-1-3] DEBUG org.asynchttpclient.netty.channel.ChannelManager - Adding key: http://localhost:61885 for channel [id: 0xe5291416, L:/127.0.0.1:51135 - R:localhost/127.0.0.1:61885]
19:58:38.180 [main] DEBUG net.serenitybdd.core.photography.Darkroom - Send negative for processing for target\site\serenity\44fa0aa493cf3a3837a7fab79c30bded8f584eda85d2cfd055a7ef5b4e3f0a4a.png
19:58:38.180 [main] DEBUG net.thucydides.core.steps.StepInterceptor - STEP DONE: inputPasswordLogin
  &amp#27;[32mAnd &amp#27;[0m&amp#27;[32mI input &amp#27;[0m&amp#27;[32m&amp#27;[1m"admin123"&amp#27;[0m&amp#27;[32m login password valid&amp#27;[0m                          &amp#27;[90m# starter.stepdefinitios.LoginSteps.iInputLoginPasswordValid(java.lang.String)&amp#27;[0m
19:58:38.195 [main] DEBUG net.thucydides.core.steps.StepInterceptor - STARTING STEP: LoginSteps.iClickButtonLogin - clickButtonLogin
19:58:38.195 [Forwarding findElement on session 739e42bed2270a4d7ac423b39f2337d3 to remote] DEBUG org.asynchttpclient.netty.request.NettyRequestSender - Using pooled Channel '[id: 0xe5291416, L:/127.0.0.1:51135 - R:localhost/127.0.0.1:61885]' for 'POST' to 'http://localhost:61885/session/739e42bed2270a4d7ac423b39f2337d3/element'
19:58:38.195 [Forwarding findElement on session 739e42bed2270a4d7ac423b39f2337d3 to remote] DEBUG org.asynchttpclient.netty.request.NettyRequestSender - Using open Channel [id: 0xe5291416, L:/127.0.0.1:51135 - R:localhost/127.0.0.1:61885] for POST '/session/739e42bed2270a4d7ac423b39f2337d3/element'
19:58:38.205 [AsyncHttpClient-1-3] DEBUG org.asynchttpclient.netty.handler.HttpHandler - 

Request DefaultHttpRequest(decodeResult: success, version: HTTP/1.1)
POST /session/739e42bed2270a4d7ac423b39f2337d3/element HTTP/1.1
User-Agent: selenium/4.1.4 (java windows)
Content-Length: 68
Content-Type: application/json; charset=utf-8
host: localhost:61885
accept: */*

Response DefaultHttpResponse(decodeResult: success, version: HTTP/1.1)
HTTP/1.1 200 OK
Content-Type: application/json; charset=utf-8
cache-control: no-cache
content-length: 88

19:58:38.205 [AsyncHttpClient-1-3] DEBUG org.asynchttpclient.netty.channel.ChannelManager - Adding key: http://localhost:61885 for channel [id: 0xe5291416, L:/127.0.0.1:51135 - R:localhost/127.0.0.1:61885]
19:58:38.206 [Forwarding getElementTagName on session 739e42bed2270a4d7ac423b39f2337d3 to remote] DEBUG org.asynchttpclient.netty.request.NettyRequestSender - Using pooled Channel '[id: 0xe5291416, L:/127.0.0.1:51135 - R:localhost/127.0.0.1:61885]' for 'GET' to 'http://localhost:61885/session/739e42bed2270a4d7ac423b39f2337d3/element/adf90337-2510-428b-a284-5e421e8013f5/name'
19:58:38.206 [Forwarding getElementTagName on session 739e42bed2270a4d7ac423b39f2337d3 to remote] DEBUG org.asynchttpclient.netty.request.NettyRequestSender - Using open Channel [id: 0xe5291416, L:/127.0.0.1:51135 - R:localhost/127.0.0.1:61885] for GET '/session/739e42bed2270a4d7ac423b39f2337d3/element/adf90337-2510-428b-a284-5e421e8013f5/name'
19:58:38.210 [AsyncHttpClient-1-3] DEBUG org.asynchttpclient.netty.handler.HttpHandler - 

Request DefaultFullHttpRequest(decodeResult: success, version: HTTP/1.1, content: EmptyByteBufBE)
GET /session/739e42bed2270a4d7ac423b39f2337d3/element/adf90337-2510-428b-a284-5e421e8013f5/name HTTP/1.1
User-Agent: selenium/4.1.4 (java windows)
Cache-Control: no-cache
Content-Type: application/json; charset=utf-8
host: localhost:61885
accept: */*

Response DefaultHttpResponse(decodeResult: success, version: HTTP/1.1)
HTTP/1.1 200 OK
Content-Type: application/json; charset=utf-8
cache-control: no-cache
content-length: 18

19:58:38.210 [AsyncHttpClient-1-3] DEBUG org.asynchttpclient.netty.channel.ChannelManager - Adding key: http://localhost:61885 for channel [id: 0xe5291416, L:/127.0.0.1:51135 - R:localhost/127.0.0.1:61885]
19:58:38.211 [Forwarding getElementTagName on session 739e42bed2270a4d7ac423b39f2337d3 to remote] DEBUG org.asynchttpclient.netty.request.NettyRequestSender - Using pooled Channel '[id: 0xe5291416, L:/127.0.0.1:51135 - R:localhost/127.0.0.1:61885]' for 'GET' to 'http://localhost:61885/session/739e42bed2270a4d7ac423b39f2337d3/element/adf90337-2510-428b-a284-5e421e8013f5/name'
19:58:38.211 [Forwarding getElementTagName on session 739e42bed2270a4d7ac423b39f2337d3 to remote] DEBUG org.asynchttpclient.netty.request.NettyRequestSender - Using open Channel [id: 0xe5291416, L:/127.0.0.1:51135 - R:localhost/127.0.0.1:61885] for GET '/session/739e42bed2270a4d7ac423b39f2337d3/element/adf90337-2510-428b-a284-5e421e8013f5/name'
19:58:38.214 [AsyncHttpClient-1-3] DEBUG org.asynchttpclient.netty.handler.HttpHandler - 

Request DefaultFullHttpRequest(decodeResult: success, version: HTTP/1.1, content: EmptyByteBufBE)
GET /session/739e42bed2270a4d7ac423b39f2337d3/element/adf90337-2510-428b-a284-5e421e8013f5/name HTTP/1.1
User-Agent: selenium/4.1.4 (java windows)
Cache-Control: no-cache
Content-Type: application/json; charset=utf-8
host: localhost:61885
accept: */*

Response DefaultHttpResponse(decodeResult: success, version: HTTP/1.1)
HTTP/1.1 200 OK
Content-Type: application/json; charset=utf-8
cache-control: no-cache
content-length: 18

19:58:38.214 [AsyncHttpClient-1-3] DEBUG org.asynchttpclient.netty.channel.ChannelManager - Adding key: http://localhost:61885 for channel [id: 0xe5291416, L:/127.0.0.1:51135 - R:localhost/127.0.0.1:61885]
19:58:38.216 [Forwarding isElementEnabled on session 739e42bed2270a4d7ac423b39f2337d3 to remote] DEBUG org.asynchttpclient.netty.request.NettyRequestSender - Using pooled Channel '[id: 0xe5291416, L:/127.0.0.1:51135 - R:localhost/127.0.0.1:61885]' for 'GET' to 'http://localhost:61885/session/739e42bed2270a4d7ac423b39f2337d3/element/adf90337-2510-428b-a284-5e421e8013f5/enabled'
19:58:38.216 [Forwarding isElementEnabled on session 739e42bed2270a4d7ac423b39f2337d3 to remote] DEBUG org.asynchttpclient.netty.request.NettyRequestSender - Using open Channel [id: 0xe5291416, L:/127.0.0.1:51135 - R:localhost/127.0.0.1:61885] for GET '/session/739e42bed2270a4d7ac423b39f2337d3/element/adf90337-2510-428b-a284-5e421e8013f5/enabled'
19:58:38.228 [AsyncHttpClient-1-3] DEBUG org.asynchttpclient.netty.handler.HttpHandler - 

Request DefaultFullHttpRequest(decodeResult: success, version: HTTP/1.1, content: EmptyByteBufBE)
GET /session/739e42bed2270a4d7ac423b39f2337d3/element/adf90337-2510-428b-a284-5e421e8013f5/enabled HTTP/1.1
User-Agent: selenium/4.1.4 (java windows)
Cache-Control: no-cache
Content-Type: application/json; charset=utf-8
host: localhost:61885
accept: */*

Response DefaultHttpResponse(decodeResult: success, version: HTTP/1.1)
HTTP/1.1 200 OK
Content-Type: application/json; charset=utf-8
cache-control: no-cache
content-length: 14

19:58:38.228 [AsyncHttpClient-1-3] DEBUG org.asynchttpclient.netty.channel.ChannelManager - Adding key: http://localhost:61885 for channel [id: 0xe5291416, L:/127.0.0.1:51135 - R:localhost/127.0.0.1:61885]
19:58:38.230 [Forwarding isElementEnabled on session 739e42bed2270a4d7ac423b39f2337d3 to remote] DEBUG org.asynchttpclient.netty.request.NettyRequestSender - Using pooled Channel '[id: 0xe5291416, L:/127.0.0.1:51135 - R:localhost/127.0.0.1:61885]' for 'GET' to 'http://localhost:61885/session/739e42bed2270a4d7ac423b39f2337d3/element/adf90337-2510-428b-a284-5e421e8013f5/enabled'
19:58:38.230 [Forwarding isElementEnabled on session 739e42bed2270a4d7ac423b39f2337d3 to remote] DEBUG org.asynchttpclient.netty.request.NettyRequestSender - Using open Channel [id: 0xe5291416, L:/127.0.0.1:51135 - R:localhost/127.0.0.1:61885] for GET '/session/739e42bed2270a4d7ac423b39f2337d3/element/adf90337-2510-428b-a284-5e421e8013f5/enabled'
19:58:38.234 [AsyncHttpClient-1-3] DEBUG org.asynchttpclient.netty.handler.HttpHandler - 

Request DefaultFullHttpRequest(decodeResult: success, version: HTTP/1.1, content: EmptyByteBufBE)
GET /session/739e42bed2270a4d7ac423b39f2337d3/element/adf90337-2510-428b-a284-5e421e8013f5/enabled HTTP/1.1
User-Agent: selenium/4.1.4 (java windows)
Cache-Control: no-cache
Content-Type: application/json; charset=utf-8
host: localhost:61885
accept: */*

Response DefaultHttpResponse(decodeResult: success, version: HTTP/1.1)
HTTP/1.1 200 OK
Content-Type: application/json; charset=utf-8
cache-control: no-cache
content-length: 14

19:58:38.235 [AsyncHttpClient-1-3] DEBUG org.asynchttpclient.netty.channel.ChannelManager - Adding key: http://localhost:61885 for channel [id: 0xe5291416, L:/127.0.0.1:51135 - R:localhost/127.0.0.1:61885]
19:58:38.237 [Forwarding findElement on session 739e42bed2270a4d7ac423b39f2337d3 to remote] DEBUG org.asynchttpclient.netty.request.NettyRequestSender - Using pooled Channel '[id: 0xe5291416, L:/127.0.0.1:51135 - R:localhost/127.0.0.1:61885]' for 'POST' to 'http://localhost:61885/session/739e42bed2270a4d7ac423b39f2337d3/element'
19:58:38.237 [Forwarding findElement on session 739e42bed2270a4d7ac423b39f2337d3 to remote] DEBUG org.asynchttpclient.netty.request.NettyRequestSender - Using open Channel [id: 0xe5291416, L:/127.0.0.1:51135 - R:localhost/127.0.0.1:61885] for POST '/session/739e42bed2270a4d7ac423b39f2337d3/element'
19:58:38.243 [AsyncHttpClient-1-3] DEBUG org.asynchttpclient.netty.handler.HttpHandler - 

Request DefaultHttpRequest(decodeResult: success, version: HTTP/1.1)
POST /session/739e42bed2270a4d7ac423b39f2337d3/element HTTP/1.1
User-Agent: selenium/4.1.4 (java windows)
Content-Length: 68
Content-Type: application/json; charset=utf-8
host: localhost:61885
accept: */*

Response DefaultHttpResponse(decodeResult: success, version: HTTP/1.1)
HTTP/1.1 200 OK
Content-Type: application/json; charset=utf-8
cache-control: no-cache
content-length: 88

19:58:38.244 [AsyncHttpClient-1-3] DEBUG org.asynchttpclient.netty.channel.ChannelManager - Adding key: http://localhost:61885 for channel [id: 0xe5291416, L:/127.0.0.1:51135 - R:localhost/127.0.0.1:61885]
19:58:38.244 [Forwarding clickElement on session 739e42bed2270a4d7ac423b39f2337d3 to remote] DEBUG org.asynchttpclient.netty.request.NettyRequestSender - Using pooled Channel '[id: 0xe5291416, L:/127.0.0.1:51135 - R:localhost/127.0.0.1:61885]' for 'POST' to 'http://localhost:61885/session/739e42bed2270a4d7ac423b39f2337d3/element/adf90337-2510-428b-a284-5e421e8013f5/click'
19:58:38.244 [Forwarding clickElement on session 739e42bed2270a4d7ac423b39f2337d3 to remote] DEBUG org.asynchttpclient.netty.request.NettyRequestSender - Using open Channel [id: 0xe5291416, L:/127.0.0.1:51135 - R:localhost/127.0.0.1:61885] for POST '/session/739e42bed2270a4d7ac423b39f2337d3/element/adf90337-2510-428b-a284-5e421e8013f5/click'
19:58:38.293 [AsyncHttpClient-1-3] DEBUG org.asynchttpclient.netty.handler.HttpHandler - 

Request DefaultHttpRequest(decodeResult: success, version: HTTP/1.1)
POST /session/739e42bed2270a4d7ac423b39f2337d3/element/adf90337-2510-428b-a284-5e421e8013f5/click HTTP/1.1
User-Agent: selenium/4.1.4 (java windows)
Content-Length: 50
Content-Type: application/json; charset=utf-8
host: localhost:61885
accept: */*

Response DefaultHttpResponse(decodeResult: success, version: HTTP/1.1)
HTTP/1.1 200 OK
Content-Type: application/json; charset=utf-8
cache-control: no-cache
content-length: 14

19:58:38.293 [AsyncHttpClient-1-3] DEBUG org.asynchttpclient.netty.channel.ChannelManager - Adding key: http://localhost:61885 for channel [id: 0xe5291416, L:/127.0.0.1:51135 - R:localhost/127.0.0.1:61885]
19:58:38.303 [Forwarding screenshot on session 739e42bed2270a4d7ac423b39f2337d3 to remote] DEBUG org.asynchttpclient.netty.request.NettyRequestSender - Using pooled Channel '[id: 0xe5291416, L:/127.0.0.1:51135 - R:localhost/127.0.0.1:61885]' for 'GET' to 'http://localhost:61885/session/739e42bed2270a4d7ac423b39f2337d3/screenshot'
19:58:38.304 [Forwarding screenshot on session 739e42bed2270a4d7ac423b39f2337d3 to remote] DEBUG org.asynchttpclient.netty.request.NettyRequestSender - Using open Channel [id: 0xe5291416, L:/127.0.0.1:51135 - R:localhost/127.0.0.1:61885] for GET '/session/739e42bed2270a4d7ac423b39f2337d3/screenshot'
19:58:38.536 [AsyncHttpClient-1-3] DEBUG org.asynchttpclient.netty.handler.HttpHandler - 

Request DefaultFullHttpRequest(decodeResult: success, version: HTTP/1.1, content: EmptyByteBufBE)
GET /session/739e42bed2270a4d7ac423b39f2337d3/screenshot HTTP/1.1
User-Agent: selenium/4.1.4 (java windows)
Cache-Control: no-cache
Content-Type: application/json; charset=utf-8
host: localhost:61885
accept: */*

Response DefaultHttpResponse(decodeResult: success, version: HTTP/1.1)
HTTP/1.1 200 OK
Content-Type: application/json; charset=utf-8
cache-control: no-cache
content-length: 360768

19:58:38.537 [AsyncHttpClient-1-3] DEBUG org.asynchttpclient.netty.channel.ChannelManager - Adding key: http://localhost:61885 for channel [id: 0xe5291416, L:/127.0.0.1:51135 - R:localhost/127.0.0.1:61885]
19:58:38.547 [main] DEBUG net.serenitybdd.core.photography.Darkroom - Send negative for processing for target\site\serenity\bad73fc1cfbd50c77e86052696411305d27948fee8a76cd7197d0c159dda7e4a.png
19:58:38.547 [main] DEBUG net.thucydides.core.steps.StepInterceptor - STEP DONE: clickButtonLogin
19:58:38.547 [Darkroom Processing Line] DEBUG net.serenitybdd.core.photography.DarkroomProcessingLine - Processing screenshot image in /var/screenshots/screenshot-17249205197665572882
19:58:38.547 [Darkroom Processing Line] DEBUG net.serenitybdd.core.photography.DarkroomProcessingLine - Saving screenshot to target\site\serenity\bad73fc1cfbd50c77e86052696411305d27948fee8a76cd7197d0c159dda7e4a.png
19:58:38.611 [AsyncHttpClient-1-1] DEBUG org.asynchttpclient.netty.channel.DefaultChannelPool - Entry count for : http://localhost:51137 : 1
19:58:38.611 [AsyncHttpClient-1-1] DEBUG org.asynchttpclient.netty.channel.DefaultChannelPool - Entry count for : http://localhost:61885 : 1
  &amp#27;[32mAnd &amp#27;[0m&amp#27;[32mI click button login&amp#27;[0m                                             &amp#27;[90m# starter.stepdefinitios.LoginSteps.iClickButtonLogin()&amp#27;[0m
19:58:39.570 [Forwarding screenshot on session 739e42bed2270a4d7ac423b39f2337d3 to remote] DEBUG org.asynchttpclient.netty.request.NettyRequestSender - Using pooled Channel '[id: 0xe5291416, L:/127.0.0.1:51135 - R:localhost/127.0.0.1:61885]' for 'GET' to 'http://localhost:61885/session/739e42bed2270a4d7ac423b39f2337d3/screenshot'
19:58:39.570 [Forwarding screenshot on session 739e42bed2270a4d7ac423b39f2337d3 to remote] DEBUG org.asynchttpclient.netty.request.NettyRequestSender - Using open Channel [id: 0xe5291416, L:/127.0.0.1:51135 - R:localhost/127.0.0.1:61885] for GET '/session/739e42bed2270a4d7ac423b39f2337d3/screenshot'
19:58:39.711 [AsyncHttpClient-1-1] DEBUG org.asynchttpclient.netty.channel.DefaultChannelPool - Entry count for : http://localhost:51137 : 1
19:58:39.835 [AsyncHttpClient-1-3] DEBUG org.asynchttpclient.netty.handler.HttpHandler - 

Request DefaultFullHttpRequest(decodeResult: success, version: HTTP/1.1, content: EmptyByteBufBE)
GET /session/739e42bed2270a4d7ac423b39f2337d3/screenshot HTTP/1.1
User-Agent: selenium/4.1.4 (java windows)
Cache-Control: no-cache
Content-Type: application/json; charset=utf-8
host: localhost:61885
accept: */*

Response DefaultHttpResponse(decodeResult: success, version: HTTP/1.1)
HTTP/1.1 200 OK
Content-Type: application/json; charset=utf-8
cache-control: no-cache
content-length: 313328

19:58:39.836 [AsyncHttpClient-1-3] DEBUG org.asynchttpclient.netty.channel.ChannelManager - Adding key: http://localhost:61885 for channel [id: 0xe5291416, L:/127.0.0.1:51135 - R:localhost/127.0.0.1:61885]
19:58:39.840 [main] DEBUG net.serenitybdd.core.photography.Darkroom - Send negative for processing for target\site\serenity\04712c43dd9582ecb5f5937e787281505e9c23648560a1e9937b2d208e182e7b.png
19:58:39.840 [Darkroom Processing Line] DEBUG net.serenitybdd.core.photography.DarkroomProcessingLine - Processing screenshot image in /var/screenshots/screenshot-14214197701347498430
19:58:39.840 [Darkroom Processing Line] DEBUG net.serenitybdd.core.photography.DarkroomProcessingLine - Saving screenshot to target\site\serenity\04712c43dd9582ecb5f5937e787281505e9c23648560a1e9937b2d208e182e7b.png
19:58:40.817 [AsyncHttpClient-1-1] DEBUG org.asynchttpclient.netty.channel.DefaultChannelPool - Entry count for : http://localhost:51137 : 1
19:58:40.817 [AsyncHttpClient-1-1] DEBUG org.asynchttpclient.netty.channel.DefaultChannelPool - Entry count for : http://localhost:61885 : 1
19:58:41.910 [AsyncHttpClient-1-1] DEBUG org.asynchttpclient.netty.channel.DefaultChannelPool - Entry count for : http://localhost:51137 : 1
19:58:41.910 [AsyncHttpClient-1-1] DEBUG org.asynchttpclient.netty.channel.DefaultChannelPool - Entry count for : http://localhost:61885 : 1
19:58:43.017 [AsyncHttpClient-1-1] DEBUG org.asynchttpclient.netty.channel.DefaultChannelPool - Entry count for : http://localhost:51137 : 1
19:58:43.017 [AsyncHttpClient-1-1] DEBUG org.asynchttpclient.netty.channel.DefaultChannelPool - Entry count for : http://localhost:61885 : 1
19:58:44.115 [AsyncHttpClient-1-1] DEBUG org.asynchttpclient.netty.channel.DefaultChannelPool - Entry count for : http://localhost:51137 : 1
19:58:44.115 [AsyncHttpClient-1-1] DEBUG org.asynchttpclient.netty.channel.DefaultChannelPool - Entry count for : http://localhost:61885 : 1
19:58:44.859 [Forwarding findElement on session 739e42bed2270a4d7ac423b39f2337d3 to remote] DEBUG org.asynchttpclient.netty.request.NettyRequestSender - Using pooled Channel '[id: 0xe5291416, L:/127.0.0.1:51135 - R:localhost/127.0.0.1:61885]' for 'POST' to 'http://localhost:61885/session/739e42bed2270a4d7ac423b39f2337d3/element'
19:58:44.859 [Forwarding findElement on session 739e42bed2270a4d7ac423b39f2337d3 to remote] DEBUG org.asynchttpclient.netty.request.NettyRequestSender - Using open Channel [id: 0xe5291416, L:/127.0.0.1:51135 - R:localhost/127.0.0.1:61885] for POST '/session/739e42bed2270a4d7ac423b39f2337d3/element'
19:58:44.889 [AsyncHttpClient-1-3] DEBUG org.asynchttpclient.netty.handler.HttpHandler - 

Request DefaultHttpRequest(decodeResult: success, version: HTTP/1.1)
POST /session/739e42bed2270a4d7ac423b39f2337d3/element HTTP/1.1
User-Agent: selenium/4.1.4 (java windows)
Content-Length: 68
Content-Type: application/json; charset=utf-8
host: localhost:61885
accept: */*

Response DefaultHttpResponse(decodeResult: success, version: HTTP/1.1)
HTTP/1.1 200 OK
Content-Type: application/json; charset=utf-8
cache-control: no-cache
content-length: 88

19:58:44.889 [AsyncHttpClient-1-3] DEBUG org.asynchttpclient.netty.channel.ChannelManager - Adding key: http://localhost:61885 for channel [id: 0xe5291416, L:/127.0.0.1:51135 - R:localhost/127.0.0.1:61885]
19:58:44.890 [Forwarding isElementEnabled on session 739e42bed2270a4d7ac423b39f2337d3 to remote] DEBUG org.asynchttpclient.netty.request.NettyRequestSender - Using pooled Channel '[id: 0xe5291416, L:/127.0.0.1:51135 - R:localhost/127.0.0.1:61885]' for 'GET' to 'http://localhost:61885/session/739e42bed2270a4d7ac423b39f2337d3/element/24f05f05-62f1-4dad-aa17-f7063ea4dbd6/enabled'
19:58:44.890 [Forwarding isElementEnabled on session 739e42bed2270a4d7ac423b39f2337d3 to remote] DEBUG org.asynchttpclient.netty.request.NettyRequestSender - Using open Channel [id: 0xe5291416, L:/127.0.0.1:51135 - R:localhost/127.0.0.1:61885] for GET '/session/739e42bed2270a4d7ac423b39f2337d3/element/24f05f05-62f1-4dad-aa17-f7063ea4dbd6/enabled'
19:58:44.906 [AsyncHttpClient-1-3] DEBUG org.asynchttpclient.netty.handler.HttpHandler - 

Request DefaultFullHttpRequest(decodeResult: success, version: HTTP/1.1, content: EmptyByteBufBE)
GET /session/739e42bed2270a4d7ac423b39f2337d3/element/24f05f05-62f1-4dad-aa17-f7063ea4dbd6/enabled HTTP/1.1
User-Agent: selenium/4.1.4 (java windows)
Cache-Control: no-cache
Content-Type: application/json; charset=utf-8
host: localhost:61885
accept: */*

Response DefaultHttpResponse(decodeResult: success, version: HTTP/1.1)
HTTP/1.1 200 OK
Content-Type: application/json; charset=utf-8
cache-control: no-cache
content-length: 14

19:58:44.906 [AsyncHttpClient-1-3] DEBUG org.asynchttpclient.netty.channel.ChannelManager - Adding key: http://localhost:61885 for channel [id: 0xe5291416, L:/127.0.0.1:51135 - R:localhost/127.0.0.1:61885]
19:58:45.215 [AsyncHttpClient-1-1] DEBUG org.asynchttpclient.netty.channel.DefaultChannelPool - Entry count for : http://localhost:51137 : 1
19:58:45.215 [AsyncHttpClient-1-1] DEBUG org.asynchttpclient.netty.channel.DefaultChannelPool - Entry count for : http://localhost:61885 : 1
19:58:45.436 [Forwarding screenshot on session 739e42bed2270a4d7ac423b39f2337d3 to remote] DEBUG org.asynchttpclient.netty.request.NettyRequestSender - Using pooled Channel '[id: 0xe5291416, L:/127.0.0.1:51135 - R:localhost/127.0.0.1:61885]' for 'GET' to 'http://localhost:61885/session/739e42bed2270a4d7ac423b39f2337d3/screenshot'
19:58:45.436 [Forwarding screenshot on session 739e42bed2270a4d7ac423b39f2337d3 to remote] DEBUG org.asynchttpclient.netty.request.NettyRequestSender - Using open Channel [id: 0xe5291416, L:/127.0.0.1:51135 - R:localhost/127.0.0.1:61885] for GET '/session/739e42bed2270a4d7ac423b39f2337d3/screenshot'
19:58:45.651 [AsyncHttpClient-1-3] DEBUG org.asynchttpclient.netty.handler.HttpHandler - 

Request DefaultFullHttpRequest(decodeResult: success, version: HTTP/1.1, content: EmptyByteBufBE)
GET /session/739e42bed2270a4d7ac423b39f2337d3/screenshot HTTP/1.1
User-Agent: selenium/4.1.4 (java windows)
Cache-Control: no-cache
Content-Type: application/json; charset=utf-8
host: localhost:61885
accept: */*

Response DefaultHttpResponse(decodeResult: success, version: HTTP/1.1)
HTTP/1.1 200 OK
Content-Type: application/json; charset=utf-8
cache-control: no-cache
content-length: 301044

19:58:45.651 [AsyncHttpClient-1-3] DEBUG org.asynchttpclient.netty.channel.ChannelManager - Adding key: http://localhost:61885 for channel [id: 0xe5291416, L:/127.0.0.1:51135 - R:localhost/127.0.0.1:61885]
19:58:45.668 [main] DEBUG net.serenitybdd.core.photography.Darkroom - Send negative for processing for target\site\serenity\163e386af0b12517552a74a3d5043b94e8c0f9215c0f21d464e3b04d27a0859d.png
19:58:45.668 [main] DEBUG net.thucydides.core.steps.StepInterceptor - STARTING STEP: LoginSteps.loginValidationInvalid - clickButtonErrorOK
19:58:45.680 [Forwarding findElement on session 739e42bed2270a4d7ac423b39f2337d3 to remote] DEBUG org.asynchttpclient.netty.request.NettyRequestSender - Using pooled Channel '[id: 0xe5291416, L:/127.0.0.1:51135 - R:localhost/127.0.0.1:61885]' for 'POST' to 'http://localhost:61885/session/739e42bed2270a4d7ac423b39f2337d3/element'
19:58:45.680 [Forwarding findElement on session 739e42bed2270a4d7ac423b39f2337d3 to remote] DEBUG org.asynchttpclient.netty.request.NettyRequestSender - Using open Channel [id: 0xe5291416, L:/127.0.0.1:51135 - R:localhost/127.0.0.1:61885] for POST '/session/739e42bed2270a4d7ac423b39f2337d3/element'
19:58:45.707 [AsyncHttpClient-1-3] DEBUG org.asynchttpclient.netty.handler.HttpHandler - 

Request DefaultHttpRequest(decodeResult: success, version: HTTP/1.1)
POST /session/739e42bed2270a4d7ac423b39f2337d3/element HTTP/1.1
User-Agent: selenium/4.1.4 (java windows)
Content-Length: 88
Content-Type: application/json; charset=utf-8
host: localhost:61885
accept: */*

Response DefaultHttpResponse(decodeResult: success, version: HTTP/1.1)
HTTP/1.1 200 OK
Content-Type: application/json; charset=utf-8
cache-control: no-cache
content-length: 88

19:58:45.707 [AsyncHttpClient-1-3] DEBUG org.asynchttpclient.netty.channel.ChannelManager - Adding key: http://localhost:61885 for channel [id: 0xe5291416, L:/127.0.0.1:51135 - R:localhost/127.0.0.1:61885]
19:58:45.710 [Forwarding getElementTagName on session 739e42bed2270a4d7ac423b39f2337d3 to remote] DEBUG org.asynchttpclient.netty.request.NettyRequestSender - Using pooled Channel '[id: 0xe5291416, L:/127.0.0.1:51135 - R:localhost/127.0.0.1:61885]' for 'GET' to 'http://localhost:61885/session/739e42bed2270a4d7ac423b39f2337d3/element/02fd75c6-4691-4000-b394-ce0db45103ca/name'
19:58:45.710 [Forwarding getElementTagName on session 739e42bed2270a4d7ac423b39f2337d3 to remote] DEBUG org.asynchttpclient.netty.request.NettyRequestSender - Using open Channel [id: 0xe5291416, L:/127.0.0.1:51135 - R:localhost/127.0.0.1:61885] for GET '/session/739e42bed2270a4d7ac423b39f2337d3/element/02fd75c6-4691-4000-b394-ce0db45103ca/name'
19:58:45.717 [AsyncHttpClient-1-3] DEBUG org.asynchttpclient.netty.handler.HttpHandler - 

Request DefaultFullHttpRequest(decodeResult: success, version: HTTP/1.1, content: EmptyByteBufBE)
GET /session/739e42bed2270a4d7ac423b39f2337d3/element/02fd75c6-4691-4000-b394-ce0db45103ca/name HTTP/1.1
User-Agent: selenium/4.1.4 (java windows)
Cache-Control: no-cache
Content-Type: application/json; charset=utf-8
host: localhost:61885
accept: */*

Response DefaultHttpResponse(decodeResult: success, version: HTTP/1.1)
HTTP/1.1 200 OK
Content-Type: application/json; charset=utf-8
cache-control: no-cache
content-length: 18

19:58:45.717 [AsyncHttpClient-1-3] DEBUG org.asynchttpclient.netty.channel.ChannelManager - Adding key: http://localhost:61885 for channel [id: 0xe5291416, L:/127.0.0.1:51135 - R:localhost/127.0.0.1:61885]
19:58:45.719 [Forwarding getElementTagName on session 739e42bed2270a4d7ac423b39f2337d3 to remote] DEBUG org.asynchttpclient.netty.request.NettyRequestSender - Using pooled Channel '[id: 0xe5291416, L:/127.0.0.1:51135 - R:localhost/127.0.0.1:61885]' for 'GET' to 'http://localhost:61885/session/739e42bed2270a4d7ac423b39f2337d3/element/02fd75c6-4691-4000-b394-ce0db45103ca/name'
19:58:45.719 [Forwarding getElementTagName on session 739e42bed2270a4d7ac423b39f2337d3 to remote] DEBUG org.asynchttpclient.netty.request.NettyRequestSender - Using open Channel [id: 0xe5291416, L:/127.0.0.1:51135 - R:localhost/127.0.0.1:61885] for GET '/session/739e42bed2270a4d7ac423b39f2337d3/element/02fd75c6-4691-4000-b394-ce0db45103ca/name'
19:58:45.725 [AsyncHttpClient-1-3] DEBUG org.asynchttpclient.netty.handler.HttpHandler - 

Request DefaultFullHttpRequest(decodeResult: success, version: HTTP/1.1, content: EmptyByteBufBE)
GET /session/739e42bed2270a4d7ac423b39f2337d3/element/02fd75c6-4691-4000-b394-ce0db45103ca/name HTTP/1.1
User-Agent: selenium/4.1.4 (java windows)
Cache-Control: no-cache
Content-Type: application/json; charset=utf-8
host: localhost:61885
accept: */*

Response DefaultHttpResponse(decodeResult: success, version: HTTP/1.1)
HTTP/1.1 200 OK
Content-Type: application/json; charset=utf-8
cache-control: no-cache
content-length: 18

19:58:45.725 [AsyncHttpClient-1-3] DEBUG org.asynchttpclient.netty.channel.ChannelManager - Adding key: http://localhost:61885 for channel [id: 0xe5291416, L:/127.0.0.1:51135 - R:localhost/127.0.0.1:61885]
19:58:45.729 [Forwarding isElementEnabled on session 739e42bed2270a4d7ac423b39f2337d3 to remote] DEBUG org.asynchttpclient.netty.request.NettyRequestSender - Using pooled Channel '[id: 0xe5291416, L:/127.0.0.1:51135 - R:localhost/127.0.0.1:61885]' for 'GET' to 'http://localhost:61885/session/739e42bed2270a4d7ac423b39f2337d3/element/02fd75c6-4691-4000-b394-ce0db45103ca/enabled'
19:58:45.729 [Forwarding isElementEnabled on session 739e42bed2270a4d7ac423b39f2337d3 to remote] DEBUG org.asynchttpclient.netty.request.NettyRequestSender - Using open Channel [id: 0xe5291416, L:/127.0.0.1:51135 - R:localhost/127.0.0.1:61885] for GET '/session/739e42bed2270a4d7ac423b39f2337d3/element/02fd75c6-4691-4000-b394-ce0db45103ca/enabled'
19:58:45.747 [AsyncHttpClient-1-3] DEBUG org.asynchttpclient.netty.handler.HttpHandler - 

Request DefaultFullHttpRequest(decodeResult: success, version: HTTP/1.1, content: EmptyByteBufBE)
GET /session/739e42bed2270a4d7ac423b39f2337d3/element/02fd75c6-4691-4000-b394-ce0db45103ca/enabled HTTP/1.1
User-Agent: selenium/4.1.4 (java windows)
Cache-Control: no-cache
Content-Type: application/json; charset=utf-8
host: localhost:61885
accept: */*

Response DefaultHttpResponse(decodeResult: success, version: HTTP/1.1)
HTTP/1.1 200 OK
Content-Type: application/json; charset=utf-8
cache-control: no-cache
content-length: 14

19:58:45.747 [AsyncHttpClient-1-3] DEBUG org.asynchttpclient.netty.channel.ChannelManager - Adding key: http://localhost:61885 for channel [id: 0xe5291416, L:/127.0.0.1:51135 - R:localhost/127.0.0.1:61885]
19:58:45.747 [Forwarding isElementEnabled on session 739e42bed2270a4d7ac423b39f2337d3 to remote] DEBUG org.asynchttpclient.netty.request.NettyRequestSender - Using pooled Channel '[id: 0xe5291416, L:/127.0.0.1:51135 - R:localhost/127.0.0.1:61885]' for 'GET' to 'http://localhost:61885/session/739e42bed2270a4d7ac423b39f2337d3/element/02fd75c6-4691-4000-b394-ce0db45103ca/enabled'
19:58:45.747 [Forwarding isElementEnabled on session 739e42bed2270a4d7ac423b39f2337d3 to remote] DEBUG org.asynchttpclient.netty.request.NettyRequestSender - Using open Channel [id: 0xe5291416, L:/127.0.0.1:51135 - R:localhost/127.0.0.1:61885] for GET '/session/739e42bed2270a4d7ac423b39f2337d3/element/02fd75c6-4691-4000-b394-ce0db45103ca/enabled'
19:58:45.758 [AsyncHttpClient-1-3] DEBUG org.asynchttpclient.netty.handler.HttpHandler - 

Request DefaultFullHttpRequest(decodeResult: success, version: HTTP/1.1, content: EmptyByteBufBE)
GET /session/739e42bed2270a4d7ac423b39f2337d3/element/02fd75c6-4691-4000-b394-ce0db45103ca/enabled HTTP/1.1
User-Agent: selenium/4.1.4 (java windows)
Cache-Control: no-cache
Content-Type: application/json; charset=utf-8
host: localhost:61885
accept: */*

Response DefaultHttpResponse(decodeResult: success, version: HTTP/1.1)
HTTP/1.1 200 OK
Content-Type: application/json; charset=utf-8
cache-control: no-cache
content-length: 14

19:58:45.758 [AsyncHttpClient-1-3] DEBUG org.asynchttpclient.netty.channel.ChannelManager - Adding key: http://localhost:61885 for channel [id: 0xe5291416, L:/127.0.0.1:51135 - R:localhost/127.0.0.1:61885]
19:58:45.759 [Forwarding findElement on session 739e42bed2270a4d7ac423b39f2337d3 to remote] DEBUG org.asynchttpclient.netty.request.NettyRequestSender - Using pooled Channel '[id: 0xe5291416, L:/127.0.0.1:51135 - R:localhost/127.0.0.1:61885]' for 'POST' to 'http://localhost:61885/session/739e42bed2270a4d7ac423b39f2337d3/element'
19:58:45.759 [Forwarding findElement on session 739e42bed2270a4d7ac423b39f2337d3 to remote] DEBUG org.asynchttpclient.netty.request.NettyRequestSender - Using open Channel [id: 0xe5291416, L:/127.0.0.1:51135 - R:localhost/127.0.0.1:61885] for POST '/session/739e42bed2270a4d7ac423b39f2337d3/element'
19:58:45.773 [AsyncHttpClient-1-3] DEBUG org.asynchttpclient.netty.handler.HttpHandler - 

Request DefaultHttpRequest(decodeResult: success, version: HTTP/1.1)
POST /session/739e42bed2270a4d7ac423b39f2337d3/element HTTP/1.1
User-Agent: selenium/4.1.4 (java windows)
Content-Length: 88
Content-Type: application/json; charset=utf-8
host: localhost:61885
accept: */*

Response DefaultHttpResponse(decodeResult: success, version: HTTP/1.1)
HTTP/1.1 200 OK
Content-Type: application/json; charset=utf-8
cache-control: no-cache
content-length: 88

19:58:45.773 [AsyncHttpClient-1-3] DEBUG org.asynchttpclient.netty.channel.ChannelManager - Adding key: http://localhost:61885 for channel [id: 0xe5291416, L:/127.0.0.1:51135 - R:localhost/127.0.0.1:61885]
19:58:45.774 [Forwarding clickElement on session 739e42bed2270a4d7ac423b39f2337d3 to remote] DEBUG org.asynchttpclient.netty.request.NettyRequestSender - Using pooled Channel '[id: 0xe5291416, L:/127.0.0.1:51135 - R:localhost/127.0.0.1:61885]' for 'POST' to 'http://localhost:61885/session/739e42bed2270a4d7ac423b39f2337d3/element/02fd75c6-4691-4000-b394-ce0db45103ca/click'
19:58:45.774 [Forwarding clickElement on session 739e42bed2270a4d7ac423b39f2337d3 to remote] DEBUG org.asynchttpclient.netty.request.NettyRequestSender - Using open Channel [id: 0xe5291416, L:/127.0.0.1:51135 - R:localhost/127.0.0.1:61885] for POST '/session/739e42bed2270a4d7ac423b39f2337d3/element/02fd75c6-4691-4000-b394-ce0db45103ca/click'
19:58:45.894 [AsyncHttpClient-1-3] DEBUG org.asynchttpclient.netty.handler.HttpHandler - 

Request DefaultHttpRequest(decodeResult: success, version: HTTP/1.1)
POST /session/739e42bed2270a4d7ac423b39f2337d3/element/02fd75c6-4691-4000-b394-ce0db45103ca/click HTTP/1.1
User-Agent: selenium/4.1.4 (java windows)
Content-Length: 50
Content-Type: application/json; charset=utf-8
host: localhost:61885
accept: */*

Response DefaultHttpResponse(decodeResult: success, version: HTTP/1.1)
HTTP/1.1 200 OK
Content-Type: application/json; charset=utf-8
cache-control: no-cache
content-length: 14

19:58:45.895 [AsyncHttpClient-1-3] DEBUG org.asynchttpclient.netty.channel.ChannelManager - Adding key: http://localhost:61885 for channel [id: 0xe5291416, L:/127.0.0.1:51135 - R:localhost/127.0.0.1:61885]
19:58:45.906 [Forwarding screenshot on session 739e42bed2270a4d7ac423b39f2337d3 to remote] DEBUG org.asynchttpclient.netty.request.NettyRequestSender - Using pooled Channel '[id: 0xe5291416, L:/127.0.0.1:51135 - R:localhost/127.0.0.1:61885]' for 'GET' to 'http://localhost:61885/session/739e42bed2270a4d7ac423b39f2337d3/screenshot'
19:58:45.906 [Forwarding screenshot on session 739e42bed2270a4d7ac423b39f2337d3 to remote] DEBUG org.asynchttpclient.netty.request.NettyRequestSender - Using open Channel [id: 0xe5291416, L:/127.0.0.1:51135 - R:localhost/127.0.0.1:61885] for GET '/session/739e42bed2270a4d7ac423b39f2337d3/screenshot'
19:58:46.309 [AsyncHttpClient-1-1] DEBUG org.asynchttpclient.netty.channel.DefaultChannelPool - Entry count for : http://localhost:51137 : 1
19:58:46.420 [AsyncHttpClient-1-3] DEBUG org.asynchttpclient.netty.handler.HttpHandler - 

Request DefaultFullHttpRequest(decodeResult: success, version: HTTP/1.1, content: EmptyByteBufBE)
GET /session/739e42bed2270a4d7ac423b39f2337d3/screenshot HTTP/1.1
User-Agent: selenium/4.1.4 (java windows)
Cache-Control: no-cache
Content-Type: application/json; charset=utf-8
host: localhost:61885
accept: */*

Response DefaultHttpResponse(decodeResult: success, version: HTTP/1.1)
HTTP/1.1 200 OK
Content-Type: application/json; charset=utf-8
cache-control: no-cache
content-length: 75504

19:58:46.420 [AsyncHttpClient-1-3] DEBUG org.asynchttpclient.netty.channel.ChannelManager - Adding key: http://localhost:61885 for channel [id: 0xe5291416, L:/127.0.0.1:51135 - R:localhost/127.0.0.1:61885]
19:58:46.422 [main] DEBUG net.serenitybdd.core.photography.Darkroom - Send negative for processing for target\site\serenity\a18e32e8165ffe5f91cbfa20014be8aba71027d6d4f61a045ff836085745bed3.png
19:58:46.422 [main] DEBUG net.thucydides.core.steps.StepInterceptor - STEP DONE: clickButtonErrorOK
  &amp#27;[32mAnd &amp#27;[0m&amp#27;[32mLogin validation invalid&amp#27;[0m                                         &amp#27;[90m# starter.stepdefinitios.LoginSteps.loginValidationInvalid()&amp#27;[0m
19:58:46.422 [Darkroom Processing Line] DEBUG net.serenitybdd.core.photography.DarkroomProcessingLine - Processing screenshot image in /var/screenshots/screenshot-17926412655731549734
19:58:46.422 [Darkroom Processing Line] DEBUG net.serenitybdd.core.photography.DarkroomProcessingLine - Saving screenshot to target\site\serenity\a18e32e8165ffe5f91cbfa20014be8aba71027d6d4f61a045ff836085745bed3.png
19:58:47.414 [AsyncHttpClient-1-1] DEBUG org.asynchttpclient.netty.channel.DefaultChannelPool - Entry count for : http://localhost:51137 : 1
19:58:47.414 [AsyncHttpClient-1-1] DEBUG org.asynchttpclient.netty.channel.DefaultChannelPool - Entry count for : http://localhost:61885 : 1
19:58:48.517 [AsyncHttpClient-1-1] DEBUG org.asynchttpclient.netty.channel.DefaultChannelPool - Entry count for : http://localhost:51137 : 1
19:58:48.517 [AsyncHttpClient-1-1] DEBUG org.asynchttpclient.netty.channel.DefaultChannelPool - Entry count for : http://localhost:61885 : 1
19:58:49.614 [AsyncHttpClient-1-1] DEBUG org.asynchttpclient.netty.channel.DefaultChannelPool - Entry count for : http://localhost:51137 : 1
19:58:49.614 [AsyncHttpClient-1-1] DEBUG org.asynchttpclient.netty.channel.DefaultChannelPool - Entry count for : http://localhost:61885 : 1
19:58:50.709 [AsyncHttpClient-1-1] DEBUG org.asynchttpclient.netty.channel.DefaultChannelPool - Entry count for : http://localhost:51137 : 1
19:58:50.709 [AsyncHttpClient-1-1] DEBUG org.asynchttpclient.netty.channel.DefaultChannelPool - Entry count for : http://localhost:61885 : 1
19:58:51.524 [Forwarding screenshot on session 739e42bed2270a4d7ac423b39f2337d3 to remote] DEBUG org.asynchttpclient.netty.request.NettyRequestSender - Using pooled Channel '[id: 0xe5291416, L:/127.0.0.1:51135 - R:localhost/127.0.0.1:61885]' for 'GET' to 'http://localhost:61885/session/739e42bed2270a4d7ac423b39f2337d3/screenshot'
19:58:51.524 [Forwarding screenshot on session 739e42bed2270a4d7ac423b39f2337d3 to remote] DEBUG org.asynchttpclient.netty.request.NettyRequestSender - Using open Channel [id: 0xe5291416, L:/127.0.0.1:51135 - R:localhost/127.0.0.1:61885] for GET '/session/739e42bed2270a4d7ac423b39f2337d3/screenshot'
19:58:51.704 [AsyncHttpClient-1-3] DEBUG org.asynchttpclient.netty.handler.HttpHandler - 

Request DefaultFullHttpRequest(decodeResult: success, version: HTTP/1.1, content: EmptyByteBufBE)
GET /session/739e42bed2270a4d7ac423b39f2337d3/screenshot HTTP/1.1
User-Agent: selenium/4.1.4 (java windows)
Cache-Control: no-cache
Content-Type: application/json; charset=utf-8
host: localhost:61885
accept: */*

Response DefaultHttpResponse(decodeResult: success, version: HTTP/1.1)
HTTP/1.1 200 OK
Content-Type: application/json; charset=utf-8
cache-control: no-cache
content-length: 78916

19:58:51.704 [AsyncHttpClient-1-3] DEBUG org.asynchttpclient.netty.channel.ChannelManager - Adding key: http://localhost:61885 for channel [id: 0xe5291416, L:/127.0.0.1:51135 - R:localhost/127.0.0.1:61885]
19:58:51.709 [main] DEBUG net.serenitybdd.core.photography.Darkroom - Send negative for processing for target\site\serenity\6ddfb86c3e40e80f5cf75f5473ea4a13b4be8ddc07b6bfa170e30cd2276a987b.png
19:58:51.709 [main] DEBUG net.thucydides.core.steps.StepInterceptor - STARTING STEP: KelolaJadwalSteps.clickButtonManageSchedule - clickButtonKelolaJadwal
19:58:51.714 [Forwarding findElement on session 739e42bed2270a4d7ac423b39f2337d3 to remote] DEBUG org.asynchttpclient.netty.request.NettyRequestSender - Using pooled Channel '[id: 0xe5291416, L:/127.0.0.1:51135 - R:localhost/127.0.0.1:61885]' for 'POST' to 'http://localhost:61885/session/739e42bed2270a4d7ac423b39f2337d3/element'
19:58:51.715 [Forwarding findElement on session 739e42bed2270a4d7ac423b39f2337d3 to remote] DEBUG org.asynchttpclient.netty.request.NettyRequestSender - Using open Channel [id: 0xe5291416, L:/127.0.0.1:51135 - R:localhost/127.0.0.1:61885] for POST '/session/739e42bed2270a4d7ac423b39f2337d3/element'
19:58:51.734 [AsyncHttpClient-1-3] DEBUG org.asynchttpclient.netty.handler.HttpHandler - 

Request DefaultHttpRequest(decodeResult: success, version: HTTP/1.1)
POST /session/739e42bed2270a4d7ac423b39f2337d3/element HTTP/1.1
User-Agent: selenium/4.1.4 (java windows)
Content-Length: 114
Content-Type: application/json; charset=utf-8
host: localhost:61885
accept: */*

Response DefaultHttpResponse(decodeResult: success, version: HTTP/1.1)
HTTP/1.1 200 OK
Content-Type: application/json; charset=utf-8
cache-control: no-cache
content-length: 88

19:58:51.734 [AsyncHttpClient-1-3] DEBUG org.asynchttpclient.netty.channel.ChannelManager - Adding key: http://localhost:61885 for channel [id: 0xe5291416, L:/127.0.0.1:51135 - R:localhost/127.0.0.1:61885]
19:58:51.736 [Forwarding getElementTagName on session 739e42bed2270a4d7ac423b39f2337d3 to remote] DEBUG org.asynchttpclient.netty.request.NettyRequestSender - Using pooled Channel '[id: 0xe5291416, L:/127.0.0.1:51135 - R:localhost/127.0.0.1:61885]' for 'GET' to 'http://localhost:61885/session/739e42bed2270a4d7ac423b39f2337d3/element/f12cd9cf-46bc-4a17-a518-80a8bfe2e0aa/name'
19:58:51.736 [Forwarding getElementTagName on session 739e42bed2270a4d7ac423b39f2337d3 to remote] DEBUG org.asynchttpclient.netty.request.NettyRequestSender - Using open Channel [id: 0xe5291416, L:/127.0.0.1:51135 - R:localhost/127.0.0.1:61885] for GET '/session/739e42bed2270a4d7ac423b39f2337d3/element/f12cd9cf-46bc-4a17-a518-80a8bfe2e0aa/name'
19:58:51.744 [AsyncHttpClient-1-3] DEBUG org.asynchttpclient.netty.handler.HttpHandler - 

Request DefaultFullHttpRequest(decodeResult: success, version: HTTP/1.1, content: EmptyByteBufBE)
GET /session/739e42bed2270a4d7ac423b39f2337d3/element/f12cd9cf-46bc-4a17-a518-80a8bfe2e0aa/name HTTP/1.1
User-Agent: selenium/4.1.4 (java windows)
Cache-Control: no-cache
Content-Type: application/json; charset=utf-8
host: localhost:61885
accept: */*

Response DefaultHttpResponse(decodeResult: success, version: HTTP/1.1)
HTTP/1.1 200 OK
Content-Type: application/json; charset=utf-8
cache-control: no-cache
content-length: 13

19:58:51.744 [AsyncHttpClient-1-3] DEBUG org.asynchttpclient.netty.channel.ChannelManager - Adding key: http://localhost:61885 for channel [id: 0xe5291416, L:/127.0.0.1:51135 - R:localhost/127.0.0.1:61885]
19:58:51.745 [Forwarding getElementTagName on session 739e42bed2270a4d7ac423b39f2337d3 to remote] DEBUG org.asynchttpclient.netty.request.NettyRequestSender - Using pooled Channel '[id: 0xe5291416, L:/127.0.0.1:51135 - R:localhost/127.0.0.1:61885]' for 'GET' to 'http://localhost:61885/session/739e42bed2270a4d7ac423b39f2337d3/element/f12cd9cf-46bc-4a17-a518-80a8bfe2e0aa/name'
19:58:51.746 [Forwarding getElementTagName on session 739e42bed2270a4d7ac423b39f2337d3 to remote] DEBUG org.asynchttpclient.netty.request.NettyRequestSender - Using open Channel [id: 0xe5291416, L:/127.0.0.1:51135 - R:localhost/127.0.0.1:61885] for GET '/session/739e42bed2270a4d7ac423b39f2337d3/element/f12cd9cf-46bc-4a17-a518-80a8bfe2e0aa/name'
19:58:51.753 [AsyncHttpClient-1-3] DEBUG org.asynchttpclient.netty.handler.HttpHandler - 

Request DefaultFullHttpRequest(decodeResult: success, version: HTTP/1.1, content: EmptyByteBufBE)
GET /session/739e42bed2270a4d7ac423b39f2337d3/element/f12cd9cf-46bc-4a17-a518-80a8bfe2e0aa/name HTTP/1.1
User-Agent: selenium/4.1.4 (java windows)
Cache-Control: no-cache
Content-Type: application/json; charset=utf-8
host: localhost:61885
accept: */*

Response DefaultHttpResponse(decodeResult: success, version: HTTP/1.1)
HTTP/1.1 200 OK
Content-Type: application/json; charset=utf-8
cache-control: no-cache
content-length: 13

19:58:51.753 [AsyncHttpClient-1-3] DEBUG org.asynchttpclient.netty.channel.ChannelManager - Adding key: http://localhost:61885 for channel [id: 0xe5291416, L:/127.0.0.1:51135 - R:localhost/127.0.0.1:61885]
19:58:51.756 [Forwarding findElement on session 739e42bed2270a4d7ac423b39f2337d3 to remote] DEBUG org.asynchttpclient.netty.request.NettyRequestSender - Using pooled Channel '[id: 0xe5291416, L:/127.0.0.1:51135 - R:localhost/127.0.0.1:61885]' for 'POST' to 'http://localhost:61885/session/739e42bed2270a4d7ac423b39f2337d3/element'
19:58:51.756 [Forwarding findElement on session 739e42bed2270a4d7ac423b39f2337d3 to remote] DEBUG org.asynchttpclient.netty.request.NettyRequestSender - Using open Channel [id: 0xe5291416, L:/127.0.0.1:51135 - R:localhost/127.0.0.1:61885] for POST '/session/739e42bed2270a4d7ac423b39f2337d3/element'
19:58:51.772 [AsyncHttpClient-1-3] DEBUG org.asynchttpclient.netty.handler.HttpHandler - 

Request DefaultHttpRequest(decodeResult: success, version: HTTP/1.1)
POST /session/739e42bed2270a4d7ac423b39f2337d3/element HTTP/1.1
User-Agent: selenium/4.1.4 (java windows)
Content-Length: 114
Content-Type: application/json; charset=utf-8
host: localhost:61885
accept: */*

Response DefaultHttpResponse(decodeResult: success, version: HTTP/1.1)
HTTP/1.1 200 OK
Content-Type: application/json; charset=utf-8
cache-control: no-cache
content-length: 88

19:58:51.772 [AsyncHttpClient-1-3] DEBUG org.asynchttpclient.netty.channel.ChannelManager - Adding key: http://localhost:61885 for channel [id: 0xe5291416, L:/127.0.0.1:51135 - R:localhost/127.0.0.1:61885]
19:58:51.774 [Forwarding clickElement on session 739e42bed2270a4d7ac423b39f2337d3 to remote] DEBUG org.asynchttpclient.netty.request.NettyRequestSender - Using pooled Channel '[id: 0xe5291416, L:/127.0.0.1:51135 - R:localhost/127.0.0.1:61885]' for 'POST' to 'http://localhost:61885/session/739e42bed2270a4d7ac423b39f2337d3/element/f12cd9cf-46bc-4a17-a518-80a8bfe2e0aa/click'
19:58:51.774 [Forwarding clickElement on session 739e42bed2270a4d7ac423b39f2337d3 to remote] DEBUG org.asynchttpclient.netty.request.NettyRequestSender - Using open Channel [id: 0xe5291416, L:/127.0.0.1:51135 - R:localhost/127.0.0.1:61885] for POST '/session/739e42bed2270a4d7ac423b39f2337d3/element/f12cd9cf-46bc-4a17-a518-80a8bfe2e0aa/click'
19:58:51.810 [AsyncHttpClient-1-1] DEBUG org.asynchttpclient.netty.channel.DefaultChannelPool - Entry count for : http://localhost:51137 : 1
19:58:51.895 [AsyncHttpClient-1-3] DEBUG org.asynchttpclient.netty.handler.HttpHandler - 

Request DefaultHttpRequest(decodeResult: success, version: HTTP/1.1)
POST /session/739e42bed2270a4d7ac423b39f2337d3/element/f12cd9cf-46bc-4a17-a518-80a8bfe2e0aa/click HTTP/1.1
User-Agent: selenium/4.1.4 (java windows)
Content-Length: 50
Content-Type: application/json; charset=utf-8
host: localhost:61885
accept: */*

Response DefaultHttpResponse(decodeResult: success, version: HTTP/1.1)
HTTP/1.1 200 OK
Content-Type: application/json; charset=utf-8
cache-control: no-cache
content-length: 14

19:58:51.895 [AsyncHttpClient-1-3] DEBUG org.asynchttpclient.netty.channel.ChannelManager - Adding key: http://localhost:61885 for channel [id: 0xe5291416, L:/127.0.0.1:51135 - R:localhost/127.0.0.1:61885]
19:58:51.906 [Forwarding screenshot on session 739e42bed2270a4d7ac423b39f2337d3 to remote] DEBUG org.asynchttpclient.netty.request.NettyRequestSender - Using pooled Channel '[id: 0xe5291416, L:/127.0.0.1:51135 - R:localhost/127.0.0.1:61885]' for 'GET' to 'http://localhost:61885/session/739e42bed2270a4d7ac423b39f2337d3/screenshot'
19:58:51.906 [Forwarding screenshot on session 739e42bed2270a4d7ac423b39f2337d3 to remote] DEBUG org.asynchttpclient.netty.request.NettyRequestSender - Using open Channel [id: 0xe5291416, L:/127.0.0.1:51135 - R:localhost/127.0.0.1:61885] for GET '/session/739e42bed2270a4d7ac423b39f2337d3/screenshot'
19:58:52.244 [AsyncHttpClient-1-3] DEBUG org.asynchttpclient.netty.handler.HttpHandler - 

Request DefaultFullHttpRequest(decodeResult: success, version: HTTP/1.1, content: EmptyByteBufBE)
GET /session/739e42bed2270a4d7ac423b39f2337d3/screenshot HTTP/1.1
User-Agent: selenium/4.1.4 (java windows)
Cache-Control: no-cache
Content-Type: application/json; charset=utf-8
host: localhost:61885
accept: */*

Response DefaultHttpResponse(decodeResult: success, version: HTTP/1.1)
HTTP/1.1 200 OK
Content-Type: application/json; charset=utf-8
cache-control: no-cache
content-length: 111724

19:58:52.245 [AsyncHttpClient-1-3] DEBUG org.asynchttpclient.netty.channel.ChannelManager - Adding key: http://localhost:61885 for channel [id: 0xe5291416, L:/127.0.0.1:51135 - R:localhost/127.0.0.1:61885]
19:58:52.258 [main] DEBUG net.serenitybdd.core.photography.Darkroom - Send negative for processing for target\site\serenity\4adf6772bba3abcef3c57c9aa3ce36112079a9687981dc81443de525cb730d73.png
19:58:52.258 [main] DEBUG net.thucydides.core.steps.StepInterceptor - STEP DONE: clickButtonKelolaJadwal
19:58:52.258 [Darkroom Processing Line] DEBUG net.serenitybdd.core.photography.DarkroomProcessingLine - Processing screenshot image in /var/screenshots/screenshot-15939359713775261098
  &amp#27;[32mWhen &amp#27;[0m&amp#27;[32mClick button manage schedule&amp#27;[0m                                    &amp#27;[90m# starter.stepdefinitios.KelolaJadwalSteps.clickButtonManageSchedule()&amp#27;[0m
19:58:52.258 [Darkroom Processing Line] DEBUG net.serenitybdd.core.photography.DarkroomProcessingLine - Saving screenshot to target\site\serenity\4adf6772bba3abcef3c57c9aa3ce36112079a9687981dc81443de525cb730d73.png
19:58:52.908 [AsyncHttpClient-1-1] DEBUG org.asynchttpclient.netty.channel.DefaultChannelPool - Entry count for : http://localhost:51137 : 1
19:58:52.908 [AsyncHttpClient-1-1] DEBUG org.asynchttpclient.netty.channel.DefaultChannelPool - Entry count for : http://localhost:61885 : 1
19:58:54.016 [AsyncHttpClient-1-1] DEBUG org.asynchttpclient.netty.channel.DefaultChannelPool - Entry count for : http://localhost:51137 : 1
19:58:54.016 [AsyncHttpClient-1-1] DEBUG org.asynchttpclient.netty.channel.DefaultChannelPool - Entry count for : http://localhost:61885 : 1
19:58:55.112 [AsyncHttpClient-1-1] DEBUG org.asynchttpclient.netty.channel.DefaultChannelPool - Entry count for : http://localhost:51137 : 1
19:58:55.112 [AsyncHttpClient-1-1] DEBUG org.asynchttpclient.netty.channel.DefaultChannelPool - Entry count for : http://localhost:61885 : 1
19:58:56.215 [AsyncHttpClient-1-1] DEBUG org.asynchttpclient.netty.channel.DefaultChannelPool - Entry count for : http://localhost:51137 : 1
19:58:56.216 [AsyncHttpClient-1-1] DEBUG org.asynchttpclient.netty.channel.DefaultChannelPool - Entry count for : http://localhost:61885 : 1
19:58:57.317 [AsyncHttpClient-1-1] DEBUG org.asynchttpclient.netty.channel.DefaultChannelPool - Entry count for : http://localhost:51137 : 1
19:58:57.317 [AsyncHttpClient-1-1] DEBUG org.asynchttpclient.netty.channel.DefaultChannelPool - Entry count for : http://localhost:61885 : 1
19:58:58.370 [Forwarding screenshot on session 739e42bed2270a4d7ac423b39f2337d3 to remote] DEBUG org.asynchttpclient.netty.request.NettyRequestSender - Using pooled Channel '[id: 0xe5291416, L:/127.0.0.1:51135 - R:localhost/127.0.0.1:61885]' for 'GET' to 'http://localhost:61885/session/739e42bed2270a4d7ac423b39f2337d3/screenshot'
19:58:58.370 [Forwarding screenshot on session 739e42bed2270a4d7ac423b39f2337d3 to remote] DEBUG org.asynchttpclient.netty.request.NettyRequestSender - Using open Channel [id: 0xe5291416, L:/127.0.0.1:51135 - R:localhost/127.0.0.1:61885] for GET '/session/739e42bed2270a4d7ac423b39f2337d3/screenshot'
19:58:58.412 [AsyncHttpClient-1-1] DEBUG org.asynchttpclient.netty.channel.DefaultChannelPool - Entry count for : http://localhost:51137 : 1
19:58:58.525 [AsyncHttpClient-1-3] DEBUG org.asynchttpclient.netty.handler.HttpHandler - 

Request DefaultFullHttpRequest(decodeResult: success, version: HTTP/1.1, content: EmptyByteBufBE)
GET /session/739e42bed2270a4d7ac423b39f2337d3/screenshot HTTP/1.1
User-Agent: selenium/4.1.4 (java windows)
Cache-Control: no-cache
Content-Type: application/json; charset=utf-8
host: localhost:61885
accept: */*

Response DefaultHttpResponse(decodeResult: success, version: HTTP/1.1)
HTTP/1.1 200 OK
Content-Type: application/json; charset=utf-8
cache-control: no-cache
content-length: 94224

19:58:58.525 [AsyncHttpClient-1-3] DEBUG org.asynchttpclient.netty.channel.ChannelManager - Adding key: http://localhost:61885 for channel [id: 0xe5291416, L:/127.0.0.1:51135 - R:localhost/127.0.0.1:61885]
19:58:58.526 [main] DEBUG net.serenitybdd.core.photography.Darkroom - Send negative for processing for target\site\serenity\d8995d53355f339f4fb28b83e217ed31623948699f05bcabf3cfc0d4f7aa0783.png
19:58:58.526 [main] DEBUG net.thucydides.core.steps.StepInterceptor - STARTING STEP: PatientDataSteps.clickButtonTambahData - clickButtonTambah
19:58:58.533 [Forwarding findElement on session 739e42bed2270a4d7ac423b39f2337d3 to remote] DEBUG org.asynchttpclient.netty.request.NettyRequestSender - Using pooled Channel '[id: 0xe5291416, L:/127.0.0.1:51135 - R:localhost/127.0.0.1:61885]' for 'POST' to 'http://localhost:61885/session/739e42bed2270a4d7ac423b39f2337d3/element'
19:58:58.533 [Forwarding findElement on session 739e42bed2270a4d7ac423b39f2337d3 to remote] DEBUG org.asynchttpclient.netty.request.NettyRequestSender - Using open Channel [id: 0xe5291416, L:/127.0.0.1:51135 - R:localhost/127.0.0.1:61885] for POST '/session/739e42bed2270a4d7ac423b39f2337d3/element'
19:58:58.543 [AsyncHttpClient-1-3] DEBUG org.asynchttpclient.netty.handler.HttpHandler - 

Request DefaultHttpRequest(decodeResult: success, version: HTTP/1.1)
POST /session/739e42bed2270a4d7ac423b39f2337d3/element HTTP/1.1
User-Agent: selenium/4.1.4 (java windows)
Content-Length: 68
Content-Type: application/json; charset=utf-8
host: localhost:61885
accept: */*

Response DefaultHttpResponse(decodeResult: success, version: HTTP/1.1)
HTTP/1.1 200 OK
Content-Type: application/json; charset=utf-8
cache-control: no-cache
content-length: 88

19:58:58.543 [AsyncHttpClient-1-3] DEBUG org.asynchttpclient.netty.channel.ChannelManager - Adding key: http://localhost:61885 for channel [id: 0xe5291416, L:/127.0.0.1:51135 - R:localhost/127.0.0.1:61885]
19:58:58.545 [Forwarding getElementTagName on session 739e42bed2270a4d7ac423b39f2337d3 to remote] DEBUG org.asynchttpclient.netty.request.NettyRequestSender - Using pooled Channel '[id: 0xe5291416, L:/127.0.0.1:51135 - R:localhost/127.0.0.1:61885]' for 'GET' to 'http://localhost:61885/session/739e42bed2270a4d7ac423b39f2337d3/element/9b4cbc7e-19c1-45a6-be11-3b8c8ef740b9/name'
19:58:58.545 [Forwarding getElementTagName on session 739e42bed2270a4d7ac423b39f2337d3 to remote] DEBUG org.asynchttpclient.netty.request.NettyRequestSender - Using open Channel [id: 0xe5291416, L:/127.0.0.1:51135 - R:localhost/127.0.0.1:61885] for GET '/session/739e42bed2270a4d7ac423b39f2337d3/element/9b4cbc7e-19c1-45a6-be11-3b8c8ef740b9/name'
19:58:58.549 [AsyncHttpClient-1-3] DEBUG org.asynchttpclient.netty.handler.HttpHandler - 

Request DefaultFullHttpRequest(decodeResult: success, version: HTTP/1.1, content: EmptyByteBufBE)
GET /session/739e42bed2270a4d7ac423b39f2337d3/element/9b4cbc7e-19c1-45a6-be11-3b8c8ef740b9/name HTTP/1.1
User-Agent: selenium/4.1.4 (java windows)
Cache-Control: no-cache
Content-Type: application/json; charset=utf-8
host: localhost:61885
accept: */*

Response DefaultHttpResponse(decodeResult: success, version: HTTP/1.1)
HTTP/1.1 200 OK
Content-Type: application/json; charset=utf-8
cache-control: no-cache
content-length: 18

19:58:58.549 [AsyncHttpClient-1-3] DEBUG org.asynchttpclient.netty.channel.ChannelManager - Adding key: http://localhost:61885 for channel [id: 0xe5291416, L:/127.0.0.1:51135 - R:localhost/127.0.0.1:61885]
19:58:58.550 [Forwarding getElementTagName on session 739e42bed2270a4d7ac423b39f2337d3 to remote] DEBUG org.asynchttpclient.netty.request.NettyRequestSender - Using pooled Channel '[id: 0xe5291416, L:/127.0.0.1:51135 - R:localhost/127.0.0.1:61885]' for 'GET' to 'http://localhost:61885/session/739e42bed2270a4d7ac423b39f2337d3/element/9b4cbc7e-19c1-45a6-be11-3b8c8ef740b9/name'
19:58:58.550 [Forwarding getElementTagName on session 739e42bed2270a4d7ac423b39f2337d3 to remote] DEBUG org.asynchttpclient.netty.request.NettyRequestSender - Using open Channel [id: 0xe5291416, L:/127.0.0.1:51135 - R:localhost/127.0.0.1:61885] for GET '/session/739e42bed2270a4d7ac423b39f2337d3/element/9b4cbc7e-19c1-45a6-be11-3b8c8ef740b9/name'
19:58:58.553 [AsyncHttpClient-1-3] DEBUG org.asynchttpclient.netty.handler.HttpHandler - 

Request DefaultFullHttpRequest(decodeResult: success, version: HTTP/1.1, content: EmptyByteBufBE)
GET /session/739e42bed2270a4d7ac423b39f2337d3/element/9b4cbc7e-19c1-45a6-be11-3b8c8ef740b9/name HTTP/1.1
User-Agent: selenium/4.1.4 (java windows)
Cache-Control: no-cache
Content-Type: application/json; charset=utf-8
host: localhost:61885
accept: */*

Response DefaultHttpResponse(decodeResult: success, version: HTTP/1.1)
HTTP/1.1 200 OK
Content-Type: application/json; charset=utf-8
cache-control: no-cache
content-length: 18

19:58:58.553 [AsyncHttpClient-1-3] DEBUG org.asynchttpclient.netty.channel.ChannelManager - Adding key: http://localhost:61885 for channel [id: 0xe5291416, L:/127.0.0.1:51135 - R:localhost/127.0.0.1:61885]
19:58:58.555 [Forwarding isElementEnabled on session 739e42bed2270a4d7ac423b39f2337d3 to remote] DEBUG org.asynchttpclient.netty.request.NettyRequestSender - Using pooled Channel '[id: 0xe5291416, L:/127.0.0.1:51135 - R:localhost/127.0.0.1:61885]' for 'GET' to 'http://localhost:61885/session/739e42bed2270a4d7ac423b39f2337d3/element/9b4cbc7e-19c1-45a6-be11-3b8c8ef740b9/enabled'
19:58:58.555 [Forwarding isElementEnabled on session 739e42bed2270a4d7ac423b39f2337d3 to remote] DEBUG org.asynchttpclient.netty.request.NettyRequestSender - Using open Channel [id: 0xe5291416, L:/127.0.0.1:51135 - R:localhost/127.0.0.1:61885] for GET '/session/739e42bed2270a4d7ac423b39f2337d3/element/9b4cbc7e-19c1-45a6-be11-3b8c8ef740b9/enabled'
19:58:58.562 [AsyncHttpClient-1-3] DEBUG org.asynchttpclient.netty.handler.HttpHandler - 

Request DefaultFullHttpRequest(decodeResult: success, version: HTTP/1.1, content: EmptyByteBufBE)
GET /session/739e42bed2270a4d7ac423b39f2337d3/element/9b4cbc7e-19c1-45a6-be11-3b8c8ef740b9/enabled HTTP/1.1
User-Agent: selenium/4.1.4 (java windows)
Cache-Control: no-cache
Content-Type: application/json; charset=utf-8
host: localhost:61885
accept: */*

Response DefaultHttpResponse(decodeResult: success, version: HTTP/1.1)
HTTP/1.1 200 OK
Content-Type: application/json; charset=utf-8
cache-control: no-cache
content-length: 14

19:58:58.562 [AsyncHttpClient-1-3] DEBUG org.asynchttpclient.netty.channel.ChannelManager - Adding key: http://localhost:61885 for channel [id: 0xe5291416, L:/127.0.0.1:51135 - R:localhost/127.0.0.1:61885]
19:58:58.563 [Forwarding isElementEnabled on session 739e42bed2270a4d7ac423b39f2337d3 to remote] DEBUG org.asynchttpclient.netty.request.NettyRequestSender - Using pooled Channel '[id: 0xe5291416, L:/127.0.0.1:51135 - R:localhost/127.0.0.1:61885]' for 'GET' to 'http://localhost:61885/session/739e42bed2270a4d7ac423b39f2337d3/element/9b4cbc7e-19c1-45a6-be11-3b8c8ef740b9/enabled'
19:58:58.563 [Forwarding isElementEnabled on session 739e42bed2270a4d7ac423b39f2337d3 to remote] DEBUG org.asynchttpclient.netty.request.NettyRequestSender - Using open Channel [id: 0xe5291416, L:/127.0.0.1:51135 - R:localhost/127.0.0.1:61885] for GET '/session/739e42bed2270a4d7ac423b39f2337d3/element/9b4cbc7e-19c1-45a6-be11-3b8c8ef740b9/enabled'
19:58:58.570 [AsyncHttpClient-1-3] DEBUG org.asynchttpclient.netty.handler.HttpHandler - 

Request DefaultFullHttpRequest(decodeResult: success, version: HTTP/1.1, content: EmptyByteBufBE)
GET /session/739e42bed2270a4d7ac423b39f2337d3/element/9b4cbc7e-19c1-45a6-be11-3b8c8ef740b9/enabled HTTP/1.1
User-Agent: selenium/4.1.4 (java windows)
Cache-Control: no-cache
Content-Type: application/json; charset=utf-8
host: localhost:61885
accept: */*

Response DefaultHttpResponse(decodeResult: success, version: HTTP/1.1)
HTTP/1.1 200 OK
Content-Type: application/json; charset=utf-8
cache-control: no-cache
content-length: 14

19:58:58.570 [AsyncHttpClient-1-3] DEBUG org.asynchttpclient.netty.channel.ChannelManager - Adding key: http://localhost:61885 for channel [id: 0xe5291416, L:/127.0.0.1:51135 - R:localhost/127.0.0.1:61885]
19:58:58.571 [Forwarding findElement on session 739e42bed2270a4d7ac423b39f2337d3 to remote] DEBUG org.asynchttpclient.netty.request.NettyRequestSender - Using pooled Channel '[id: 0xe5291416, L:/127.0.0.1:51135 - R:localhost/127.0.0.1:61885]' for 'POST' to 'http://localhost:61885/session/739e42bed2270a4d7ac423b39f2337d3/element'
19:58:58.571 [Forwarding findElement on session 739e42bed2270a4d7ac423b39f2337d3 to remote] DEBUG org.asynchttpclient.netty.request.NettyRequestSender - Using open Channel [id: 0xe5291416, L:/127.0.0.1:51135 - R:localhost/127.0.0.1:61885] for POST '/session/739e42bed2270a4d7ac423b39f2337d3/element'
19:58:58.577 [AsyncHttpClient-1-3] DEBUG org.asynchttpclient.netty.handler.HttpHandler - 

Request DefaultHttpRequest(decodeResult: success, version: HTTP/1.1)
POST /session/739e42bed2270a4d7ac423b39f2337d3/element HTTP/1.1
User-Agent: selenium/4.1.4 (java windows)
Content-Length: 68
Content-Type: application/json; charset=utf-8
host: localhost:61885
accept: */*

Response DefaultHttpResponse(decodeResult: success, version: HTTP/1.1)
HTTP/1.1 200 OK
Content-Type: application/json; charset=utf-8
cache-control: no-cache
content-length: 88

19:58:58.577 [AsyncHttpClient-1-3] DEBUG org.asynchttpclient.netty.channel.ChannelManager - Adding key: http://localhost:61885 for channel [id: 0xe5291416, L:/127.0.0.1:51135 - R:localhost/127.0.0.1:61885]
19:58:58.578 [Forwarding clickElement on session 739e42bed2270a4d7ac423b39f2337d3 to remote] DEBUG org.asynchttpclient.netty.request.NettyRequestSender - Using pooled Channel '[id: 0xe5291416, L:/127.0.0.1:51135 - R:localhost/127.0.0.1:61885]' for 'POST' to 'http://localhost:61885/session/739e42bed2270a4d7ac423b39f2337d3/element/9b4cbc7e-19c1-45a6-be11-3b8c8ef740b9/click'
19:58:58.578 [Forwarding clickElement on session 739e42bed2270a4d7ac423b39f2337d3 to remote] DEBUG org.asynchttpclient.netty.request.NettyRequestSender - Using open Channel [id: 0xe5291416, L:/127.0.0.1:51135 - R:localhost/127.0.0.1:61885] for POST '/session/739e42bed2270a4d7ac423b39f2337d3/element/9b4cbc7e-19c1-45a6-be11-3b8c8ef740b9/click'
19:58:58.640 [AsyncHttpClient-1-3] DEBUG org.asynchttpclient.netty.handler.HttpHandler - 

Request DefaultHttpRequest(decodeResult: success, version: HTTP/1.1)
POST /session/739e42bed2270a4d7ac423b39f2337d3/element/9b4cbc7e-19c1-45a6-be11-3b8c8ef740b9/click HTTP/1.1
User-Agent: selenium/4.1.4 (java windows)
Content-Length: 50
Content-Type: application/json; charset=utf-8
host: localhost:61885
accept: */*

Response DefaultHttpResponse(decodeResult: success, version: HTTP/1.1)
HTTP/1.1 200 OK
Content-Type: application/json; charset=utf-8
cache-control: no-cache
content-length: 14

19:58:58.640 [AsyncHttpClient-1-3] DEBUG org.asynchttpclient.netty.channel.ChannelManager - Adding key: http://localhost:61885 for channel [id: 0xe5291416, L:/127.0.0.1:51135 - R:localhost/127.0.0.1:61885]
19:58:58.646 [Forwarding screenshot on session 739e42bed2270a4d7ac423b39f2337d3 to remote] DEBUG org.asynchttpclient.netty.request.NettyRequestSender - Using pooled Channel '[id: 0xe5291416, L:/127.0.0.1:51135 - R:localhost/127.0.0.1:61885]' for 'GET' to 'http://localhost:61885/session/739e42bed2270a4d7ac423b39f2337d3/screenshot'
19:58:58.646 [Forwarding screenshot on session 739e42bed2270a4d7ac423b39f2337d3 to remote] DEBUG org.asynchttpclient.netty.request.NettyRequestSender - Using open Channel [id: 0xe5291416, L:/127.0.0.1:51135 - R:localhost/127.0.0.1:61885] for GET '/session/739e42bed2270a4d7ac423b39f2337d3/screenshot'
19:58:58.798 [AsyncHttpClient-1-3] DEBUG org.asynchttpclient.netty.handler.HttpHandler - 

Request DefaultFullHttpRequest(decodeResult: success, version: HTTP/1.1, content: EmptyByteBufBE)
GET /session/739e42bed2270a4d7ac423b39f2337d3/screenshot HTTP/1.1
User-Agent: selenium/4.1.4 (java windows)
Cache-Control: no-cache
Content-Type: application/json; charset=utf-8
host: localhost:61885
accept: */*

Response DefaultHttpResponse(decodeResult: success, version: HTTP/1.1)
HTTP/1.1 200 OK
Content-Type: application/json; charset=utf-8
cache-control: no-cache
content-length: 46852

19:58:58.798 [AsyncHttpClient-1-3] DEBUG org.asynchttpclient.netty.channel.ChannelManager - Adding key: http://localhost:61885 for channel [id: 0xe5291416, L:/127.0.0.1:51135 - R:localhost/127.0.0.1:61885]
19:58:58.803 [main] DEBUG net.serenitybdd.core.photography.Darkroom - Send negative for processing for target\site\serenity\bcf879de9248e89b3df5e40e0f6d741a4aea17f62c3efd52fe8cbf09073be8d1.png
19:58:58.803 [main] DEBUG net.thucydides.core.steps.StepInterceptor - STEP DONE: clickButtonTambah
  &amp#27;[32mAnd &amp#27;[0m&amp#27;[32mClick button tambah data&amp#27;[0m                                         &amp#27;[90m# starter.stepdefinitios.PatientDataSteps.clickButtonTambahData()&amp#27;[0m
19:58:58.803 [Darkroom Processing Line] DEBUG net.serenitybdd.core.photography.DarkroomProcessingLine - Processing screenshot image in /var/screenshots/screenshot-6446787257031479505
19:58:58.803 [Darkroom Processing Line] DEBUG net.serenitybdd.core.photography.DarkroomProcessingLine - Saving screenshot to target\site\serenity\bcf879de9248e89b3df5e40e0f6d741a4aea17f62c3efd52fe8cbf09073be8d1.png
19:58:59.513 [AsyncHttpClient-1-1] DEBUG org.asynchttpclient.netty.channel.DefaultChannelPool - Entry count for : http://localhost:51137 : 1
19:58:59.513 [AsyncHttpClient-1-1] DEBUG org.asynchttpclient.netty.channel.DefaultChannelPool - Entry count for : http://localhost:61885 : 1
19:59:00.619 [AsyncHttpClient-1-1] DEBUG org.asynchttpclient.netty.channel.DefaultChannelPool - Entry count for : http://localhost:51137 : 1
19:59:00.619 [AsyncHttpClient-1-1] DEBUG org.asynchttpclient.netty.channel.DefaultChannelPool - Entry count for : http://localhost:61885 : 1
19:59:01.715 [AsyncHttpClient-1-1] DEBUG org.asynchttpclient.netty.channel.DefaultChannelPool - Entry count for : http://localhost:51137 : 1
19:59:01.715 [AsyncHttpClient-1-1] DEBUG org.asynchttpclient.netty.channel.DefaultChannelPool - Entry count for : http://localhost:61885 : 1
19:59:02.808 [AsyncHttpClient-1-1] DEBUG org.asynchttpclient.netty.channel.DefaultChannelPool - Entry count for : http://localhost:51137 : 1
19:59:02.808 [AsyncHttpClient-1-1] DEBUG org.asynchttpclient.netty.channel.DefaultChannelPool - Entry count for : http://localhost:61885 : 1
19:59:03.841 [Forwarding screenshot on session 739e42bed2270a4d7ac423b39f2337d3 to remote] DEBUG org.asynchttpclient.netty.request.NettyRequestSender - Using pooled Channel '[id: 0xe5291416, L:/127.0.0.1:51135 - R:localhost/127.0.0.1:61885]' for 'GET' to 'http://localhost:61885/session/739e42bed2270a4d7ac423b39f2337d3/screenshot'
19:59:03.841 [Forwarding screenshot on session 739e42bed2270a4d7ac423b39f2337d3 to remote] DEBUG org.asynchttpclient.netty.request.NettyRequestSender - Using open Channel [id: 0xe5291416, L:/127.0.0.1:51135 - R:localhost/127.0.0.1:61885] for GET '/session/739e42bed2270a4d7ac423b39f2337d3/screenshot'
19:59:03.919 [AsyncHttpClient-1-1] DEBUG org.asynchttpclient.netty.channel.DefaultChannelPool - Entry count for : http://localhost:51137 : 1
19:59:04.039 [AsyncHttpClient-1-3] DEBUG org.asynchttpclient.netty.handler.HttpHandler - 

Request DefaultFullHttpRequest(decodeResult: success, version: HTTP/1.1, content: EmptyByteBufBE)
GET /session/739e42bed2270a4d7ac423b39f2337d3/screenshot HTTP/1.1
User-Agent: selenium/4.1.4 (java windows)
Cache-Control: no-cache
Content-Type: application/json; charset=utf-8
host: localhost:61885
accept: */*

Response DefaultHttpResponse(decodeResult: success, version: HTTP/1.1)
HTTP/1.1 200 OK
Content-Type: application/json; charset=utf-8
cache-control: no-cache
content-length: 47716

19:59:04.039 [AsyncHttpClient-1-3] DEBUG org.asynchttpclient.netty.channel.ChannelManager - Adding key: http://localhost:61885 for channel [id: 0xe5291416, L:/127.0.0.1:51135 - R:localhost/127.0.0.1:61885]
19:59:04.041 [main] DEBUG net.serenitybdd.core.photography.Darkroom - Send negative for processing for target\site\serenity\ad177091e4acbab0cd01d6b4460c49c80aa2a4502185984912e75c5401e1a307.png
19:59:04.041 [main] DEBUG net.thucydides.core.steps.StepInterceptor - STARTING STEP: KelolaJadwalSteps.clickOnTheSelectPatientActionToSelectAPatient - buttonPilihPasien
19:59:04.041 [Darkroom Processing Line] DEBUG net.serenitybdd.core.photography.DarkroomProcessingLine - Processing screenshot image in /var/screenshots/screenshot-7600731751056970410
19:59:04.041 [Darkroom Processing Line] DEBUG net.serenitybdd.core.photography.DarkroomProcessingLine - Saving screenshot to target\site\serenity\ad177091e4acbab0cd01d6b4460c49c80aa2a4502185984912e75c5401e1a307.png
19:59:04.047 [Forwarding findElement on session 739e42bed2270a4d7ac423b39f2337d3 to remote] DEBUG org.asynchttpclient.netty.request.NettyRequestSender - Using pooled Channel '[id: 0xe5291416, L:/127.0.0.1:51135 - R:localhost/127.0.0.1:61885]' for 'POST' to 'http://localhost:61885/session/739e42bed2270a4d7ac423b39f2337d3/element'
19:59:04.047 [Forwarding findElement on session 739e42bed2270a4d7ac423b39f2337d3 to remote] DEBUG org.asynchttpclient.netty.request.NettyRequestSender - Using open Channel [id: 0xe5291416, L:/127.0.0.1:51135 - R:localhost/127.0.0.1:61885] for POST '/session/739e42bed2270a4d7ac423b39f2337d3/element'
19:59:04.064 [AsyncHttpClient-1-3] DEBUG org.asynchttpclient.netty.handler.HttpHandler - 

Request DefaultHttpRequest(decodeResult: success, version: HTTP/1.1)
POST /session/739e42bed2270a4d7ac423b39f2337d3/element HTTP/1.1
User-Agent: selenium/4.1.4 (java windows)
Content-Length: 147
Content-Type: application/json; charset=utf-8
host: localhost:61885
accept: */*

Response DefaultHttpResponse(decodeResult: success, version: HTTP/1.1)
HTTP/1.1 200 OK
Content-Type: application/json; charset=utf-8
cache-control: no-cache
content-length: 88

19:59:04.064 [AsyncHttpClient-1-3] DEBUG org.asynchttpclient.netty.channel.ChannelManager - Adding key: http://localhost:61885 for channel [id: 0xe5291416, L:/127.0.0.1:51135 - R:localhost/127.0.0.1:61885]
19:59:04.066 [Forwarding getElementTagName on session 739e42bed2270a4d7ac423b39f2337d3 to remote] DEBUG org.asynchttpclient.netty.request.NettyRequestSender - Using pooled Channel '[id: 0xe5291416, L:/127.0.0.1:51135 - R:localhost/127.0.0.1:61885]' for 'GET' to 'http://localhost:61885/session/739e42bed2270a4d7ac423b39f2337d3/element/3ed43aaf-de10-457b-93a3-5072092437f8/name'
19:59:04.066 [Forwarding getElementTagName on session 739e42bed2270a4d7ac423b39f2337d3 to remote] DEBUG org.asynchttpclient.netty.request.NettyRequestSender - Using open Channel [id: 0xe5291416, L:/127.0.0.1:51135 - R:localhost/127.0.0.1:61885] for GET '/session/739e42bed2270a4d7ac423b39f2337d3/element/3ed43aaf-de10-457b-93a3-5072092437f8/name'
19:59:04.072 [AsyncHttpClient-1-3] DEBUG org.asynchttpclient.netty.handler.HttpHandler - 

Request DefaultFullHttpRequest(decodeResult: success, version: HTTP/1.1, content: EmptyByteBufBE)
GET /session/739e42bed2270a4d7ac423b39f2337d3/element/3ed43aaf-de10-457b-93a3-5072092437f8/name HTTP/1.1
User-Agent: selenium/4.1.4 (java windows)
Cache-Control: no-cache
Content-Type: application/json; charset=utf-8
host: localhost:61885
accept: */*

Response DefaultHttpResponse(decodeResult: success, version: HTTP/1.1)
HTTP/1.1 200 OK
Content-Type: application/json; charset=utf-8
cache-control: no-cache
content-length: 15

19:59:04.072 [AsyncHttpClient-1-3] DEBUG org.asynchttpclient.netty.channel.ChannelManager - Adding key: http://localhost:61885 for channel [id: 0xe5291416, L:/127.0.0.1:51135 - R:localhost/127.0.0.1:61885]
19:59:04.073 [Forwarding getElementTagName on session 739e42bed2270a4d7ac423b39f2337d3 to remote] DEBUG org.asynchttpclient.netty.request.NettyRequestSender - Using pooled Channel '[id: 0xe5291416, L:/127.0.0.1:51135 - R:localhost/127.0.0.1:61885]' for 'GET' to 'http://localhost:61885/session/739e42bed2270a4d7ac423b39f2337d3/element/3ed43aaf-de10-457b-93a3-5072092437f8/name'
19:59:04.073 [Forwarding getElementTagName on session 739e42bed2270a4d7ac423b39f2337d3 to remote] DEBUG org.asynchttpclient.netty.request.NettyRequestSender - Using open Channel [id: 0xe5291416, L:/127.0.0.1:51135 - R:localhost/127.0.0.1:61885] for GET '/session/739e42bed2270a4d7ac423b39f2337d3/element/3ed43aaf-de10-457b-93a3-5072092437f8/name'
19:59:04.078 [AsyncHttpClient-1-3] DEBUG org.asynchttpclient.netty.handler.HttpHandler - 

Request DefaultFullHttpRequest(decodeResult: success, version: HTTP/1.1, content: EmptyByteBufBE)
GET /session/739e42bed2270a4d7ac423b39f2337d3/element/3ed43aaf-de10-457b-93a3-5072092437f8/name HTTP/1.1
User-Agent: selenium/4.1.4 (java windows)
Cache-Control: no-cache
Content-Type: application/json; charset=utf-8
host: localhost:61885
accept: */*

Response DefaultHttpResponse(decodeResult: success, version: HTTP/1.1)
HTTP/1.1 200 OK
Content-Type: application/json; charset=utf-8
cache-control: no-cache
content-length: 15

19:59:04.078 [AsyncHttpClient-1-3] DEBUG org.asynchttpclient.netty.channel.ChannelManager - Adding key: http://localhost:61885 for channel [id: 0xe5291416, L:/127.0.0.1:51135 - R:localhost/127.0.0.1:61885]
19:59:04.080 [Forwarding findElement on session 739e42bed2270a4d7ac423b39f2337d3 to remote] DEBUG org.asynchttpclient.netty.request.NettyRequestSender - Using pooled Channel '[id: 0xe5291416, L:/127.0.0.1:51135 - R:localhost/127.0.0.1:61885]' for 'POST' to 'http://localhost:61885/session/739e42bed2270a4d7ac423b39f2337d3/element'
19:59:04.080 [Forwarding findElement on session 739e42bed2270a4d7ac423b39f2337d3 to remote] DEBUG org.asynchttpclient.netty.request.NettyRequestSender - Using open Channel [id: 0xe5291416, L:/127.0.0.1:51135 - R:localhost/127.0.0.1:61885] for POST '/session/739e42bed2270a4d7ac423b39f2337d3/element'
19:59:04.090 [AsyncHttpClient-1-3] DEBUG org.asynchttpclient.netty.handler.HttpHandler - 

Request DefaultHttpRequest(decodeResult: success, version: HTTP/1.1)
POST /session/739e42bed2270a4d7ac423b39f2337d3/element HTTP/1.1
User-Agent: selenium/4.1.4 (java windows)
Content-Length: 147
Content-Type: application/json; charset=utf-8
host: localhost:61885
accept: */*

Response DefaultHttpResponse(decodeResult: success, version: HTTP/1.1)
HTTP/1.1 200 OK
Content-Type: application/json; charset=utf-8
cache-control: no-cache
content-length: 88

19:59:04.090 [AsyncHttpClient-1-3] DEBUG org.asynchttpclient.netty.channel.ChannelManager - Adding key: http://localhost:61885 for channel [id: 0xe5291416, L:/127.0.0.1:51135 - R:localhost/127.0.0.1:61885]
19:59:04.091 [Forwarding clickElement on session 739e42bed2270a4d7ac423b39f2337d3 to remote] DEBUG org.asynchttpclient.netty.request.NettyRequestSender - Using pooled Channel '[id: 0xe5291416, L:/127.0.0.1:51135 - R:localhost/127.0.0.1:61885]' for 'POST' to 'http://localhost:61885/session/739e42bed2270a4d7ac423b39f2337d3/element/3ed43aaf-de10-457b-93a3-5072092437f8/click'
19:59:04.091 [Forwarding clickElement on session 739e42bed2270a4d7ac423b39f2337d3 to remote] DEBUG org.asynchttpclient.netty.request.NettyRequestSender - Using open Channel [id: 0xe5291416, L:/127.0.0.1:51135 - R:localhost/127.0.0.1:61885] for POST '/session/739e42bed2270a4d7ac423b39f2337d3/element/3ed43aaf-de10-457b-93a3-5072092437f8/click'
19:59:04.179 [AsyncHttpClient-1-3] DEBUG org.asynchttpclient.netty.handler.HttpHandler - 

Request DefaultHttpRequest(decodeResult: success, version: HTTP/1.1)
POST /session/739e42bed2270a4d7ac423b39f2337d3/element/3ed43aaf-de10-457b-93a3-5072092437f8/click HTTP/1.1
User-Agent: selenium/4.1.4 (java windows)
Content-Length: 50
Content-Type: application/json; charset=utf-8
host: localhost:61885
accept: */*

Response DefaultHttpResponse(decodeResult: success, version: HTTP/1.1)
HTTP/1.1 200 OK
Content-Type: application/json; charset=utf-8
cache-control: no-cache
content-length: 14

19:59:04.179 [AsyncHttpClient-1-3] DEBUG org.asynchttpclient.netty.channel.ChannelManager - Adding key: http://localhost:61885 for channel [id: 0xe5291416, L:/127.0.0.1:51135 - R:localhost/127.0.0.1:61885]
19:59:04.192 [Forwarding screenshot on session 739e42bed2270a4d7ac423b39f2337d3 to remote] DEBUG org.asynchttpclient.netty.request.NettyRequestSender - Using pooled Channel '[id: 0xe5291416, L:/127.0.0.1:51135 - R:localhost/127.0.0.1:61885]' for 'GET' to 'http://localhost:61885/session/739e42bed2270a4d7ac423b39f2337d3/screenshot'
19:59:04.192 [Forwarding screenshot on session 739e42bed2270a4d7ac423b39f2337d3 to remote] DEBUG org.asynchttpclient.netty.request.NettyRequestSender - Using open Channel [id: 0xe5291416, L:/127.0.0.1:51135 - R:localhost/127.0.0.1:61885] for GET '/session/739e42bed2270a4d7ac423b39f2337d3/screenshot'
19:59:04.410 [AsyncHttpClient-1-3] DEBUG org.asynchttpclient.netty.handler.HttpHandler - 

Request DefaultFullHttpRequest(decodeResult: success, version: HTTP/1.1, content: EmptyByteBufBE)
GET /session/739e42bed2270a4d7ac423b39f2337d3/screenshot HTTP/1.1
User-Agent: selenium/4.1.4 (java windows)
Cache-Control: no-cache
Content-Type: application/json; charset=utf-8
host: localhost:61885
accept: */*

Response DefaultHttpResponse(decodeResult: success, version: HTTP/1.1)
HTTP/1.1 200 OK
Content-Type: application/json; charset=utf-8
cache-control: no-cache
content-length: 52988

19:59:04.411 [AsyncHttpClient-1-3] DEBUG org.asynchttpclient.netty.channel.ChannelManager - Adding key: http://localhost:61885 for channel [id: 0xe5291416, L:/127.0.0.1:51135 - R:localhost/127.0.0.1:61885]
19:59:04.419 [main] DEBUG net.serenitybdd.core.photography.Darkroom - Send negative for processing for target\site\serenity\088f27582b4ff8e7c195958e915607294341c6ba7afda3073b05aac4ec8efdbb.png
19:59:04.420 [main] DEBUG net.thucydides.core.steps.StepInterceptor - STEP DONE: buttonPilihPasien
19:59:04.420 [Darkroom Processing Line] DEBUG net.serenitybdd.core.photography.DarkroomProcessingLine - Processing screenshot image in /var/screenshots/screenshot-85330982740174478
  &amp#27;[32mAnd &amp#27;[0m&amp#27;[32mClick on the select patient action to select a patient&amp#27;[0m           &amp#27;[90m# starter.stepdefinitios.KelolaJadwalSteps.clickOnTheSelectPatientActionToSelectAPatient()&amp#27;[0m
19:59:04.420 [Darkroom Processing Line] DEBUG net.serenitybdd.core.photography.DarkroomProcessingLine - Saving screenshot to target\site\serenity\088f27582b4ff8e7c195958e915607294341c6ba7afda3073b05aac4ec8efdbb.png
19:59:05.010 [AsyncHttpClient-1-1] DEBUG org.asynchttpclient.netty.channel.DefaultChannelPool - Entry count for : http://localhost:51137 : 1
19:59:05.010 [AsyncHttpClient-1-1] DEBUG org.asynchttpclient.netty.channel.DefaultChannelPool - Entry count for : http://localhost:61885 : 1
19:59:06.113 [AsyncHttpClient-1-1] DEBUG org.asynchttpclient.netty.channel.DefaultChannelPool - Entry count for : http://localhost:51137 : 1
19:59:06.113 [AsyncHttpClient-1-1] DEBUG org.asynchttpclient.netty.channel.DefaultChannelPool - Entry count for : http://localhost:61885 : 1
19:59:07.219 [AsyncHttpClient-1-1] DEBUG org.asynchttpclient.netty.channel.DefaultChannelPool - Entry count for : http://localhost:51137 : 1
19:59:07.220 [AsyncHttpClient-1-1] DEBUG org.asynchttpclient.netty.channel.DefaultChannelPool - Entry count for : http://localhost:61885 : 1
19:59:08.315 [AsyncHttpClient-1-1] DEBUG org.asynchttpclient.netty.channel.DefaultChannelPool - Entry count for : http://localhost:51137 : 1
19:59:08.315 [AsyncHttpClient-1-1] DEBUG org.asynchttpclient.netty.channel.DefaultChannelPool - Entry count for : http://localhost:61885 : 1
19:59:09.411 [AsyncHttpClient-1-1] DEBUG org.asynchttpclient.netty.channel.DefaultChannelPool - Entry count for : http://localhost:51137 : 1
19:59:09.411 [AsyncHttpClient-1-1] DEBUG org.asynchttpclient.netty.channel.DefaultChannelPool - Entry count for : http://localhost:61885 : 1
19:59:09.461 [Forwarding screenshot on session 739e42bed2270a4d7ac423b39f2337d3 to remote] DEBUG org.asynchttpclient.netty.request.NettyRequestSender - Using pooled Channel '[id: 0xe5291416, L:/127.0.0.1:51135 - R:localhost/127.0.0.1:61885]' for 'GET' to 'http://localhost:61885/session/739e42bed2270a4d7ac423b39f2337d3/screenshot'
19:59:09.461 [Forwarding screenshot on session 739e42bed2270a4d7ac423b39f2337d3 to remote] DEBUG org.asynchttpclient.netty.request.NettyRequestSender - Using open Channel [id: 0xe5291416, L:/127.0.0.1:51135 - R:localhost/127.0.0.1:61885] for GET '/session/739e42bed2270a4d7ac423b39f2337d3/screenshot'
19:59:09.549 [AsyncHttpClient-1-3] DEBUG org.asynchttpclient.netty.handler.HttpHandler - 

Request DefaultFullHttpRequest(decodeResult: success, version: HTTP/1.1, content: EmptyByteBufBE)
GET /session/739e42bed2270a4d7ac423b39f2337d3/screenshot HTTP/1.1
User-Agent: selenium/4.1.4 (java windows)
Cache-Control: no-cache
Content-Type: application/json; charset=utf-8
host: localhost:61885
accept: */*

Response DefaultHttpResponse(decodeResult: success, version: HTTP/1.1)
HTTP/1.1 200 OK
Content-Type: application/json; charset=utf-8
cache-control: no-cache
content-length: 52960

19:59:09.549 [AsyncHttpClient-1-3] DEBUG org.asynchttpclient.netty.channel.ChannelManager - Adding key: http://localhost:61885 for channel [id: 0xe5291416, L:/127.0.0.1:51135 - R:localhost/127.0.0.1:61885]
19:59:09.552 [main] DEBUG net.serenitybdd.core.photography.Darkroom - Send negative for processing for target\site\serenity\c98a697cb362c1e45d8476a44ab6e7293338b689a16d886c83d00e534ea9deb1.png
19:59:09.552 [Darkroom Processing Line] DEBUG net.serenitybdd.core.photography.DarkroomProcessingLine - Processing screenshot image in /var/screenshots/screenshot-11129025723856731187
19:59:09.552 [Darkroom Processing Line] DEBUG net.serenitybdd.core.photography.DarkroomProcessingLine - Saving screenshot to target\site\serenity\c98a697cb362c1e45d8476a44ab6e7293338b689a16d886c83d00e534ea9deb1.png
19:59:09.552 [main] DEBUG net.thucydides.core.steps.StepInterceptor - STARTING STEP: KelolaJadwalSteps.clickOnTheActionChooseADoctorToChooseADoctor - buttonPilihDokter
19:59:09.556 [Forwarding findElement on session 739e42bed2270a4d7ac423b39f2337d3 to remote] DEBUG org.asynchttpclient.netty.request.NettyRequestSender - Using pooled Channel '[id: 0xe5291416, L:/127.0.0.1:51135 - R:localhost/127.0.0.1:61885]' for 'POST' to 'http://localhost:61885/session/739e42bed2270a4d7ac423b39f2337d3/element'
19:59:09.556 [Forwarding findElement on session 739e42bed2270a4d7ac423b39f2337d3 to remote] DEBUG org.asynchttpclient.netty.request.NettyRequestSender - Using open Channel [id: 0xe5291416, L:/127.0.0.1:51135 - R:localhost/127.0.0.1:61885] for POST '/session/739e42bed2270a4d7ac423b39f2337d3/element'
19:59:09.563 [AsyncHttpClient-1-3] DEBUG org.asynchttpclient.netty.handler.HttpHandler - 

Request DefaultHttpRequest(decodeResult: success, version: HTTP/1.1)
POST /session/739e42bed2270a4d7ac423b39f2337d3/element HTTP/1.1
User-Agent: selenium/4.1.4 (java windows)
Content-Length: 147
Content-Type: application/json; charset=utf-8
host: localhost:61885
accept: */*

Response DefaultHttpResponse(decodeResult: success, version: HTTP/1.1)
HTTP/1.1 200 OK
Content-Type: application/json; charset=utf-8
cache-control: no-cache
content-length: 88

19:59:09.563 [AsyncHttpClient-1-3] DEBUG org.asynchttpclient.netty.channel.ChannelManager - Adding key: http://localhost:61885 for channel [id: 0xe5291416, L:/127.0.0.1:51135 - R:localhost/127.0.0.1:61885]
19:59:09.564 [Forwarding getElementTagName on session 739e42bed2270a4d7ac423b39f2337d3 to remote] DEBUG org.asynchttpclient.netty.request.NettyRequestSender - Using pooled Channel '[id: 0xe5291416, L:/127.0.0.1:51135 - R:localhost/127.0.0.1:61885]' for 'GET' to 'http://localhost:61885/session/739e42bed2270a4d7ac423b39f2337d3/element/986e44d4-39d2-47bf-a882-86ff63f5cf76/name'
19:59:09.564 [Forwarding getElementTagName on session 739e42bed2270a4d7ac423b39f2337d3 to remote] DEBUG org.asynchttpclient.netty.request.NettyRequestSender - Using open Channel [id: 0xe5291416, L:/127.0.0.1:51135 - R:localhost/127.0.0.1:61885] for GET '/session/739e42bed2270a4d7ac423b39f2337d3/element/986e44d4-39d2-47bf-a882-86ff63f5cf76/name'
19:59:09.569 [AsyncHttpClient-1-3] DEBUG org.asynchttpclient.netty.handler.HttpHandler - 

Request DefaultFullHttpRequest(decodeResult: success, version: HTTP/1.1, content: EmptyByteBufBE)
GET /session/739e42bed2270a4d7ac423b39f2337d3/element/986e44d4-39d2-47bf-a882-86ff63f5cf76/name HTTP/1.1
User-Agent: selenium/4.1.4 (java windows)
Cache-Control: no-cache
Content-Type: application/json; charset=utf-8
host: localhost:61885
accept: */*

Response DefaultHttpResponse(decodeResult: success, version: HTTP/1.1)
HTTP/1.1 200 OK
Content-Type: application/json; charset=utf-8
cache-control: no-cache
content-length: 15

19:59:09.569 [AsyncHttpClient-1-3] DEBUG org.asynchttpclient.netty.channel.ChannelManager - Adding key: http://localhost:61885 for channel [id: 0xe5291416, L:/127.0.0.1:51135 - R:localhost/127.0.0.1:61885]
19:59:09.569 [Forwarding getElementTagName on session 739e42bed2270a4d7ac423b39f2337d3 to remote] DEBUG org.asynchttpclient.netty.request.NettyRequestSender - Using pooled Channel '[id: 0xe5291416, L:/127.0.0.1:51135 - R:localhost/127.0.0.1:61885]' for 'GET' to 'http://localhost:61885/session/739e42bed2270a4d7ac423b39f2337d3/element/986e44d4-39d2-47bf-a882-86ff63f5cf76/name'
19:59:09.569 [Forwarding getElementTagName on session 739e42bed2270a4d7ac423b39f2337d3 to remote] DEBUG org.asynchttpclient.netty.request.NettyRequestSender - Using open Channel [id: 0xe5291416, L:/127.0.0.1:51135 - R:localhost/127.0.0.1:61885] for GET '/session/739e42bed2270a4d7ac423b39f2337d3/element/986e44d4-39d2-47bf-a882-86ff63f5cf76/name'
19:59:09.573 [AsyncHttpClient-1-3] DEBUG org.asynchttpclient.netty.handler.HttpHandler - 

Request DefaultFullHttpRequest(decodeResult: success, version: HTTP/1.1, content: EmptyByteBufBE)
GET /session/739e42bed2270a4d7ac423b39f2337d3/element/986e44d4-39d2-47bf-a882-86ff63f5cf76/name HTTP/1.1
User-Agent: selenium/4.1.4 (java windows)
Cache-Control: no-cache
Content-Type: application/json; charset=utf-8
host: localhost:61885
accept: */*

Response DefaultHttpResponse(decodeResult: success, version: HTTP/1.1)
HTTP/1.1 200 OK
Content-Type: application/json; charset=utf-8
cache-control: no-cache
content-length: 15

19:59:09.573 [AsyncHttpClient-1-3] DEBUG org.asynchttpclient.netty.channel.ChannelManager - Adding key: http://localhost:61885 for channel [id: 0xe5291416, L:/127.0.0.1:51135 - R:localhost/127.0.0.1:61885]
19:59:09.573 [Forwarding findElement on session 739e42bed2270a4d7ac423b39f2337d3 to remote] DEBUG org.asynchttpclient.netty.request.NettyRequestSender - Using pooled Channel '[id: 0xe5291416, L:/127.0.0.1:51135 - R:localhost/127.0.0.1:61885]' for 'POST' to 'http://localhost:61885/session/739e42bed2270a4d7ac423b39f2337d3/element'
19:59:09.573 [Forwarding findElement on session 739e42bed2270a4d7ac423b39f2337d3 to remote] DEBUG org.asynchttpclient.netty.request.NettyRequestSender - Using open Channel [id: 0xe5291416, L:/127.0.0.1:51135 - R:localhost/127.0.0.1:61885] for POST '/session/739e42bed2270a4d7ac423b39f2337d3/element'
19:59:09.580 [AsyncHttpClient-1-3] DEBUG org.asynchttpclient.netty.handler.HttpHandler - 

Request DefaultHttpRequest(decodeResult: success, version: HTTP/1.1)
POST /session/739e42bed2270a4d7ac423b39f2337d3/element HTTP/1.1
User-Agent: selenium/4.1.4 (java windows)
Content-Length: 147
Content-Type: application/json; charset=utf-8
host: localhost:61885
accept: */*

Response DefaultHttpResponse(decodeResult: success, version: HTTP/1.1)
HTTP/1.1 200 OK
Content-Type: application/json; charset=utf-8
cache-control: no-cache
content-length: 88

19:59:09.581 [AsyncHttpClient-1-3] DEBUG org.asynchttpclient.netty.channel.ChannelManager - Adding key: http://localhost:61885 for channel [id: 0xe5291416, L:/127.0.0.1:51135 - R:localhost/127.0.0.1:61885]
19:59:09.582 [Forwarding clickElement on session 739e42bed2270a4d7ac423b39f2337d3 to remote] DEBUG org.asynchttpclient.netty.request.NettyRequestSender - Using pooled Channel '[id: 0xe5291416, L:/127.0.0.1:51135 - R:localhost/127.0.0.1:61885]' for 'POST' to 'http://localhost:61885/session/739e42bed2270a4d7ac423b39f2337d3/element/986e44d4-39d2-47bf-a882-86ff63f5cf76/click'
19:59:09.582 [Forwarding clickElement on session 739e42bed2270a4d7ac423b39f2337d3 to remote] DEBUG org.asynchttpclient.netty.request.NettyRequestSender - Using open Channel [id: 0xe5291416, L:/127.0.0.1:51135 - R:localhost/127.0.0.1:61885] for POST '/session/739e42bed2270a4d7ac423b39f2337d3/element/986e44d4-39d2-47bf-a882-86ff63f5cf76/click'
19:59:09.671 [AsyncHttpClient-1-3] DEBUG org.asynchttpclient.netty.handler.HttpHandler - 

Request DefaultHttpRequest(decodeResult: success, version: HTTP/1.1)
POST /session/739e42bed2270a4d7ac423b39f2337d3/element/986e44d4-39d2-47bf-a882-86ff63f5cf76/click HTTP/1.1
User-Agent: selenium/4.1.4 (java windows)
Content-Length: 50
Content-Type: application/json; charset=utf-8
host: localhost:61885
accept: */*

Response DefaultHttpResponse(decodeResult: success, version: HTTP/1.1)
HTTP/1.1 200 OK
Content-Type: application/json; charset=utf-8
cache-control: no-cache
content-length: 14

19:59:09.671 [AsyncHttpClient-1-3] DEBUG org.asynchttpclient.netty.channel.ChannelManager - Adding key: http://localhost:61885 for channel [id: 0xe5291416, L:/127.0.0.1:51135 - R:localhost/127.0.0.1:61885]
19:59:09.677 [Forwarding screenshot on session 739e42bed2270a4d7ac423b39f2337d3 to remote] DEBUG org.asynchttpclient.netty.request.NettyRequestSender - Using pooled Channel '[id: 0xe5291416, L:/127.0.0.1:51135 - R:localhost/127.0.0.1:61885]' for 'GET' to 'http://localhost:61885/session/739e42bed2270a4d7ac423b39f2337d3/screenshot'
19:59:09.677 [Forwarding screenshot on session 739e42bed2270a4d7ac423b39f2337d3 to remote] DEBUG org.asynchttpclient.netty.request.NettyRequestSender - Using open Channel [id: 0xe5291416, L:/127.0.0.1:51135 - R:localhost/127.0.0.1:61885] for GET '/session/739e42bed2270a4d7ac423b39f2337d3/screenshot'
19:59:09.772 [AsyncHttpClient-1-3] DEBUG org.asynchttpclient.netty.handler.HttpHandler - 

Request DefaultFullHttpRequest(decodeResult: success, version: HTTP/1.1, content: EmptyByteBufBE)
GET /session/739e42bed2270a4d7ac423b39f2337d3/screenshot HTTP/1.1
User-Agent: selenium/4.1.4 (java windows)
Cache-Control: no-cache
Content-Type: application/json; charset=utf-8
host: localhost:61885
accept: */*

Response DefaultHttpResponse(decodeResult: success, version: HTTP/1.1)
HTTP/1.1 200 OK
Content-Type: application/json; charset=utf-8
cache-control: no-cache
content-length: 47072

19:59:09.772 [AsyncHttpClient-1-3] DEBUG org.asynchttpclient.netty.channel.ChannelManager - Adding key: http://localhost:61885 for channel [id: 0xe5291416, L:/127.0.0.1:51135 - R:localhost/127.0.0.1:61885]
19:59:09.772 [main] DEBUG net.serenitybdd.core.photography.Darkroom - Send negative for processing for target\site\serenity\c37250a4f24f32673233fc190ea876bb67aa3b7954f93c19e98a2f22de1a37c6.png
19:59:09.772 [main] DEBUG net.thucydides.core.steps.StepInterceptor - STEP DONE: buttonPilihDokter
19:59:09.772 [Darkroom Processing Line] DEBUG net.serenitybdd.core.photography.DarkroomProcessingLine - Processing screenshot image in /var/screenshots/screenshot-14551571765649523955
  &amp#27;[32mAnd &amp#27;[0m&amp#27;[32mClick on the action choose a doctor to choose a doctor&amp#27;[0m           &amp#27;[90m# starter.stepdefinitios.KelolaJadwalSteps.clickOnTheActionChooseADoctorToChooseADoctor()&amp#27;[0m
19:59:09.772 [Darkroom Processing Line] DEBUG net.serenitybdd.core.photography.DarkroomProcessingLine - Saving screenshot to target\site\serenity\c37250a4f24f32673233fc190ea876bb67aa3b7954f93c19e98a2f22de1a37c6.png
19:59:10.297 [Forwarding screenshot on session 739e42bed2270a4d7ac423b39f2337d3 to remote] DEBUG org.asynchttpclient.netty.request.NettyRequestSender - Using pooled Channel '[id: 0xe5291416, L:/127.0.0.1:51135 - R:localhost/127.0.0.1:61885]' for 'GET' to 'http://localhost:61885/session/739e42bed2270a4d7ac423b39f2337d3/screenshot'
19:59:10.297 [Forwarding screenshot on session 739e42bed2270a4d7ac423b39f2337d3 to remote] DEBUG org.asynchttpclient.netty.request.NettyRequestSender - Using open Channel [id: 0xe5291416, L:/127.0.0.1:51135 - R:localhost/127.0.0.1:61885] for GET '/session/739e42bed2270a4d7ac423b39f2337d3/screenshot'
19:59:10.448 [AsyncHttpClient-1-3] DEBUG org.asynchttpclient.netty.handler.HttpHandler - 

Request DefaultFullHttpRequest(decodeResult: success, version: HTTP/1.1, content: EmptyByteBufBE)
GET /session/739e42bed2270a4d7ac423b39f2337d3/screenshot HTTP/1.1
User-Agent: selenium/4.1.4 (java windows)
Cache-Control: no-cache
Content-Type: application/json; charset=utf-8
host: localhost:61885
accept: */*

Response DefaultHttpResponse(decodeResult: success, version: HTTP/1.1)
HTTP/1.1 200 OK
Content-Type: application/json; charset=utf-8
cache-control: no-cache
content-length: 47072

19:59:10.448 [AsyncHttpClient-1-3] DEBUG org.asynchttpclient.netty.channel.ChannelManager - Adding key: http://localhost:61885 for channel [id: 0xe5291416, L:/127.0.0.1:51135 - R:localhost/127.0.0.1:61885]
19:59:10.448 [main] DEBUG net.serenitybdd.core.photography.Darkroom - Send negative for processing for target\site\serenity\c37250a4f24f32673233fc190ea876bb67aa3b7954f93c19e98a2f22de1a37c6.png
19:59:10.448 [main] DEBUG net.thucydides.core.steps.StepInterceptor - STARTING STEP: KelolaJadwalSteps.chooseADate - inputTanggal
19:59:10.461 [Forwarding findElement on session 739e42bed2270a4d7ac423b39f2337d3 to remote] DEBUG org.asynchttpclient.netty.request.NettyRequestSender - Using pooled Channel '[id: 0xe5291416, L:/127.0.0.1:51135 - R:localhost/127.0.0.1:61885]' for 'POST' to 'http://localhost:61885/session/739e42bed2270a4d7ac423b39f2337d3/element'
19:59:10.461 [Forwarding findElement on session 739e42bed2270a4d7ac423b39f2337d3 to remote] DEBUG org.asynchttpclient.netty.request.NettyRequestSender - Using open Channel [id: 0xe5291416, L:/127.0.0.1:51135 - R:localhost/127.0.0.1:61885] for POST '/session/739e42bed2270a4d7ac423b39f2337d3/element'
19:59:10.491 [AsyncHttpClient-1-3] DEBUG org.asynchttpclient.netty.handler.HttpHandler - 

Request DefaultHttpRequest(decodeResult: success, version: HTTP/1.1)
POST /session/739e42bed2270a4d7ac423b39f2337d3/element HTTP/1.1
User-Agent: selenium/4.1.4 (java windows)
Content-Length: 66
Content-Type: application/json; charset=utf-8
host: localhost:61885
accept: */*

Response DefaultHttpResponse(decodeResult: success, version: HTTP/1.1)
HTTP/1.1 200 OK
Content-Type: application/json; charset=utf-8
cache-control: no-cache
content-length: 88

19:59:10.491 [AsyncHttpClient-1-3] DEBUG org.asynchttpclient.netty.channel.ChannelManager - Adding key: http://localhost:61885 for channel [id: 0xe5291416, L:/127.0.0.1:51135 - R:localhost/127.0.0.1:61885]
19:59:10.491 [Forwarding sendKeysToElement on session 739e42bed2270a4d7ac423b39f2337d3 to remote] DEBUG org.asynchttpclient.netty.request.NettyRequestSender - Using pooled Channel '[id: 0xe5291416, L:/127.0.0.1:51135 - R:localhost/127.0.0.1:61885]' for 'POST' to 'http://localhost:61885/session/739e42bed2270a4d7ac423b39f2337d3/element/509f9795-880b-4ade-ab78-9c7d8045fcb8/value'
19:59:10.491 [Forwarding sendKeysToElement on session 739e42bed2270a4d7ac423b39f2337d3 to remote] DEBUG org.asynchttpclient.netty.request.NettyRequestSender - Using open Channel [id: 0xe5291416, L:/127.0.0.1:51135 - R:localhost/127.0.0.1:61885] for POST '/session/739e42bed2270a4d7ac423b39f2337d3/element/509f9795-880b-4ade-ab78-9c7d8045fcb8/value'
19:59:10.520 [AsyncHttpClient-1-1] DEBUG org.asynchttpclient.netty.channel.DefaultChannelPool - Entry count for : http://localhost:51137 : 1
19:59:10.651 [AsyncHttpClient-1-3] DEBUG org.asynchttpclient.netty.handler.HttpHandler - 

Request DefaultHttpRequest(decodeResult: success, version: HTTP/1.1)
POST /session/739e42bed2270a4d7ac423b39f2337d3/element/509f9795-880b-4ade-ab78-9c7d8045fcb8/value HTTP/1.1
User-Agent: selenium/4.1.4 (java windows)
Content-Length: 161
Content-Type: application/json; charset=utf-8
host: localhost:61885
accept: */*

Response DefaultHttpResponse(decodeResult: success, version: HTTP/1.1)
HTTP/1.1 200 OK
Content-Type: application/json; charset=utf-8
cache-control: no-cache
content-length: 14

19:59:10.651 [AsyncHttpClient-1-3] DEBUG org.asynchttpclient.netty.channel.ChannelManager - Adding key: http://localhost:61885 for channel [id: 0xe5291416, L:/127.0.0.1:51135 - R:localhost/127.0.0.1:61885]
19:59:10.654 [Forwarding screenshot on session 739e42bed2270a4d7ac423b39f2337d3 to remote] DEBUG org.asynchttpclient.netty.request.NettyRequestSender - Using pooled Channel '[id: 0xe5291416, L:/127.0.0.1:51135 - R:localhost/127.0.0.1:61885]' for 'GET' to 'http://localhost:61885/session/739e42bed2270a4d7ac423b39f2337d3/screenshot'
19:59:10.654 [Forwarding screenshot on session 739e42bed2270a4d7ac423b39f2337d3 to remote] DEBUG org.asynchttpclient.netty.request.NettyRequestSender - Using open Channel [id: 0xe5291416, L:/127.0.0.1:51135 - R:localhost/127.0.0.1:61885] for GET '/session/739e42bed2270a4d7ac423b39f2337d3/screenshot'
19:59:10.817 [AsyncHttpClient-1-3] DEBUG org.asynchttpclient.netty.handler.HttpHandler - 

Request DefaultFullHttpRequest(decodeResult: success, version: HTTP/1.1, content: EmptyByteBufBE)
GET /session/739e42bed2270a4d7ac423b39f2337d3/screenshot HTTP/1.1
User-Agent: selenium/4.1.4 (java windows)
Cache-Control: no-cache
Content-Type: application/json; charset=utf-8
host: localhost:61885
accept: */*

Response DefaultHttpResponse(decodeResult: success, version: HTTP/1.1)
HTTP/1.1 200 OK
Content-Type: application/json; charset=utf-8
cache-control: no-cache
content-length: 45480

19:59:10.817 [AsyncHttpClient-1-3] DEBUG org.asynchttpclient.netty.channel.ChannelManager - Adding key: http://localhost:61885 for channel [id: 0xe5291416, L:/127.0.0.1:51135 - R:localhost/127.0.0.1:61885]
19:59:10.817 [main] DEBUG net.serenitybdd.core.photography.Darkroom - Send negative for processing for target\site\serenity\0f46215e22372885bf10219dab48482cbf17bc6983980dbf131b5cb912412d28.png
19:59:10.817 [main] DEBUG net.thucydides.core.steps.StepInterceptor - STEP DONE: inputTanggal
  &amp#27;[32mThen &amp#27;[0m&amp#27;[32mChoose a date &amp#27;[0m&amp#27;[32m&amp#27;[1m"21122022"&amp#27;[0m                                        &amp#27;[90m# starter.stepdefinitios.KelolaJadwalSteps.chooseADate(java.lang.String)&amp#27;[0m
19:59:10.817 [Darkroom Processing Line] DEBUG net.serenitybdd.core.photography.DarkroomProcessingLine - Processing screenshot image in /var/screenshots/screenshot-8107443981773319038
19:59:10.817 [Darkroom Processing Line] DEBUG net.serenitybdd.core.photography.DarkroomProcessingLine - Saving screenshot to target\site\serenity\0f46215e22372885bf10219dab48482cbf17bc6983980dbf131b5cb912412d28.png
19:59:11.336 [Forwarding screenshot on session 739e42bed2270a4d7ac423b39f2337d3 to remote] DEBUG org.asynchttpclient.netty.request.NettyRequestSender - Using pooled Channel '[id: 0xe5291416, L:/127.0.0.1:51135 - R:localhost/127.0.0.1:61885]' for 'GET' to 'http://localhost:61885/session/739e42bed2270a4d7ac423b39f2337d3/screenshot'
19:59:11.336 [Forwarding screenshot on session 739e42bed2270a4d7ac423b39f2337d3 to remote] DEBUG org.asynchttpclient.netty.request.NettyRequestSender - Using open Channel [id: 0xe5291416, L:/127.0.0.1:51135 - R:localhost/127.0.0.1:61885] for GET '/session/739e42bed2270a4d7ac423b39f2337d3/screenshot'
19:59:11.494 [AsyncHttpClient-1-3] DEBUG org.asynchttpclient.netty.handler.HttpHandler - 

Request DefaultFullHttpRequest(decodeResult: success, version: HTTP/1.1, content: EmptyByteBufBE)
GET /session/739e42bed2270a4d7ac423b39f2337d3/screenshot HTTP/1.1
User-Agent: selenium/4.1.4 (java windows)
Cache-Control: no-cache
Content-Type: application/json; charset=utf-8
host: localhost:61885
accept: */*

Response DefaultHttpResponse(decodeResult: success, version: HTTP/1.1)
HTTP/1.1 200 OK
Content-Type: application/json; charset=utf-8
cache-control: no-cache
content-length: 45480

19:59:11.494 [AsyncHttpClient-1-3] DEBUG org.asynchttpclient.netty.channel.ChannelManager - Adding key: http://localhost:61885 for channel [id: 0xe5291416, L:/127.0.0.1:51135 - R:localhost/127.0.0.1:61885]
19:59:11.494 [main] DEBUG net.serenitybdd.core.photography.Darkroom - Send negative for processing for target\site\serenity\0f46215e22372885bf10219dab48482cbf17bc6983980dbf131b5cb912412d28.png
19:59:11.494 [main] DEBUG net.thucydides.core.steps.StepInterceptor - STARTING STEP: KelolaJadwalSteps.chooseTheTypeOfTreatment - buttonJenisPerawatan
19:59:11.502 [Forwarding findElement on session 739e42bed2270a4d7ac423b39f2337d3 to remote] DEBUG org.asynchttpclient.netty.request.NettyRequestSender - Using pooled Channel '[id: 0xe5291416, L:/127.0.0.1:51135 - R:localhost/127.0.0.1:61885]' for 'POST' to 'http://localhost:61885/session/739e42bed2270a4d7ac423b39f2337d3/element'
19:59:11.502 [Forwarding findElement on session 739e42bed2270a4d7ac423b39f2337d3 to remote] DEBUG org.asynchttpclient.netty.request.NettyRequestSender - Using open Channel [id: 0xe5291416, L:/127.0.0.1:51135 - R:localhost/127.0.0.1:61885] for POST '/session/739e42bed2270a4d7ac423b39f2337d3/element'
19:59:11.522 [AsyncHttpClient-1-3] DEBUG org.asynchttpclient.netty.handler.HttpHandler - 

Request DefaultHttpRequest(decodeResult: success, version: HTTP/1.1)
POST /session/739e42bed2270a4d7ac423b39f2337d3/element HTTP/1.1
User-Agent: selenium/4.1.4 (java windows)
Content-Length: 103
Content-Type: application/json; charset=utf-8
host: localhost:61885
accept: */*

Response DefaultHttpResponse(decodeResult: success, version: HTTP/1.1)
HTTP/1.1 200 OK
Content-Type: application/json; charset=utf-8
cache-control: no-cache
content-length: 88

19:59:11.522 [AsyncHttpClient-1-3] DEBUG org.asynchttpclient.netty.channel.ChannelManager - Adding key: http://localhost:61885 for channel [id: 0xe5291416, L:/127.0.0.1:51135 - R:localhost/127.0.0.1:61885]
19:59:11.523 [Forwarding getElementTagName on session 739e42bed2270a4d7ac423b39f2337d3 to remote] DEBUG org.asynchttpclient.netty.request.NettyRequestSender - Using pooled Channel '[id: 0xe5291416, L:/127.0.0.1:51135 - R:localhost/127.0.0.1:61885]' for 'GET' to 'http://localhost:61885/session/739e42bed2270a4d7ac423b39f2337d3/element/8e85b4d5-395c-40ec-be03-5fdf06e0e67a/name'
19:59:11.523 [Forwarding getElementTagName on session 739e42bed2270a4d7ac423b39f2337d3 to remote] DEBUG org.asynchttpclient.netty.request.NettyRequestSender - Using open Channel [id: 0xe5291416, L:/127.0.0.1:51135 - R:localhost/127.0.0.1:61885] for GET '/session/739e42bed2270a4d7ac423b39f2337d3/element/8e85b4d5-395c-40ec-be03-5fdf06e0e67a/name'
19:59:11.532 [AsyncHttpClient-1-3] DEBUG org.asynchttpclient.netty.handler.HttpHandler - 

Request DefaultFullHttpRequest(decodeResult: success, version: HTTP/1.1, content: EmptyByteBufBE)
GET /session/739e42bed2270a4d7ac423b39f2337d3/element/8e85b4d5-395c-40ec-be03-5fdf06e0e67a/name HTTP/1.1
User-Agent: selenium/4.1.4 (java windows)
Cache-Control: no-cache
Content-Type: application/json; charset=utf-8
host: localhost:61885
accept: */*

Response DefaultHttpResponse(decodeResult: success, version: HTTP/1.1)
HTTP/1.1 200 OK
Content-Type: application/json; charset=utf-8
cache-control: no-cache
content-length: 18

19:59:11.532 [AsyncHttpClient-1-3] DEBUG org.asynchttpclient.netty.channel.ChannelManager - Adding key: http://localhost:61885 for channel [id: 0xe5291416, L:/127.0.0.1:51135 - R:localhost/127.0.0.1:61885]
19:59:11.533 [Forwarding getElementTagName on session 739e42bed2270a4d7ac423b39f2337d3 to remote] DEBUG org.asynchttpclient.netty.request.NettyRequestSender - Using pooled Channel '[id: 0xe5291416, L:/127.0.0.1:51135 - R:localhost/127.0.0.1:61885]' for 'GET' to 'http://localhost:61885/session/739e42bed2270a4d7ac423b39f2337d3/element/8e85b4d5-395c-40ec-be03-5fdf06e0e67a/name'
19:59:11.533 [Forwarding getElementTagName on session 739e42bed2270a4d7ac423b39f2337d3 to remote] DEBUG org.asynchttpclient.netty.request.NettyRequestSender - Using open Channel [id: 0xe5291416, L:/127.0.0.1:51135 - R:localhost/127.0.0.1:61885] for GET '/session/739e42bed2270a4d7ac423b39f2337d3/element/8e85b4d5-395c-40ec-be03-5fdf06e0e67a/name'
19:59:11.539 [AsyncHttpClient-1-3] DEBUG org.asynchttpclient.netty.handler.HttpHandler - 

Request DefaultFullHttpRequest(decodeResult: success, version: HTTP/1.1, content: EmptyByteBufBE)
GET /session/739e42bed2270a4d7ac423b39f2337d3/element/8e85b4d5-395c-40ec-be03-5fdf06e0e67a/name HTTP/1.1
User-Agent: selenium/4.1.4 (java windows)
Cache-Control: no-cache
Content-Type: application/json; charset=utf-8
host: localhost:61885
accept: */*

Response DefaultHttpResponse(decodeResult: success, version: HTTP/1.1)
HTTP/1.1 200 OK
Content-Type: application/json; charset=utf-8
cache-control: no-cache
content-length: 18

19:59:11.539 [AsyncHttpClient-1-3] DEBUG org.asynchttpclient.netty.channel.ChannelManager - Adding key: http://localhost:61885 for channel [id: 0xe5291416, L:/127.0.0.1:51135 - R:localhost/127.0.0.1:61885]
19:59:11.540 [Forwarding isElementEnabled on session 739e42bed2270a4d7ac423b39f2337d3 to remote] DEBUG org.asynchttpclient.netty.request.NettyRequestSender - Using pooled Channel '[id: 0xe5291416, L:/127.0.0.1:51135 - R:localhost/127.0.0.1:61885]' for 'GET' to 'http://localhost:61885/session/739e42bed2270a4d7ac423b39f2337d3/element/8e85b4d5-395c-40ec-be03-5fdf06e0e67a/enabled'
19:59:11.540 [Forwarding isElementEnabled on session 739e42bed2270a4d7ac423b39f2337d3 to remote] DEBUG org.asynchttpclient.netty.request.NettyRequestSender - Using open Channel [id: 0xe5291416, L:/127.0.0.1:51135 - R:localhost/127.0.0.1:61885] for GET '/session/739e42bed2270a4d7ac423b39f2337d3/element/8e85b4d5-395c-40ec-be03-5fdf06e0e67a/enabled'
19:59:11.556 [AsyncHttpClient-1-3] DEBUG org.asynchttpclient.netty.handler.HttpHandler - 

Request DefaultFullHttpRequest(decodeResult: success, version: HTTP/1.1, content: EmptyByteBufBE)
GET /session/739e42bed2270a4d7ac423b39f2337d3/element/8e85b4d5-395c-40ec-be03-5fdf06e0e67a/enabled HTTP/1.1
User-Agent: selenium/4.1.4 (java windows)
Cache-Control: no-cache
Content-Type: application/json; charset=utf-8
host: localhost:61885
accept: */*

Response DefaultHttpResponse(decodeResult: success, version: HTTP/1.1)
HTTP/1.1 200 OK
Content-Type: application/json; charset=utf-8
cache-control: no-cache
content-length: 14

19:59:11.556 [AsyncHttpClient-1-3] DEBUG org.asynchttpclient.netty.channel.ChannelManager - Adding key: http://localhost:61885 for channel [id: 0xe5291416, L:/127.0.0.1:51135 - R:localhost/127.0.0.1:61885]
19:59:11.557 [Forwarding isElementEnabled on session 739e42bed2270a4d7ac423b39f2337d3 to remote] DEBUG org.asynchttpclient.netty.request.NettyRequestSender - Using pooled Channel '[id: 0xe5291416, L:/127.0.0.1:51135 - R:localhost/127.0.0.1:61885]' for 'GET' to 'http://localhost:61885/session/739e42bed2270a4d7ac423b39f2337d3/element/8e85b4d5-395c-40ec-be03-5fdf06e0e67a/enabled'
19:59:11.557 [Forwarding isElementEnabled on session 739e42bed2270a4d7ac423b39f2337d3 to remote] DEBUG org.asynchttpclient.netty.request.NettyRequestSender - Using open Channel [id: 0xe5291416, L:/127.0.0.1:51135 - R:localhost/127.0.0.1:61885] for GET '/session/739e42bed2270a4d7ac423b39f2337d3/element/8e85b4d5-395c-40ec-be03-5fdf06e0e67a/enabled'
19:59:11.567 [AsyncHttpClient-1-3] DEBUG org.asynchttpclient.netty.handler.HttpHandler - 

Request DefaultFullHttpRequest(decodeResult: success, version: HTTP/1.1, content: EmptyByteBufBE)
GET /session/739e42bed2270a4d7ac423b39f2337d3/element/8e85b4d5-395c-40ec-be03-5fdf06e0e67a/enabled HTTP/1.1
User-Agent: selenium/4.1.4 (java windows)
Cache-Control: no-cache
Content-Type: application/json; charset=utf-8
host: localhost:61885
accept: */*

Response DefaultHttpResponse(decodeResult: success, version: HTTP/1.1)
HTTP/1.1 200 OK
Content-Type: application/json; charset=utf-8
cache-control: no-cache
content-length: 14

19:59:11.568 [AsyncHttpClient-1-3] DEBUG org.asynchttpclient.netty.channel.ChannelManager - Adding key: http://localhost:61885 for channel [id: 0xe5291416, L:/127.0.0.1:51135 - R:localhost/127.0.0.1:61885]
19:59:11.570 [Forwarding findElement on session 739e42bed2270a4d7ac423b39f2337d3 to remote] DEBUG org.asynchttpclient.netty.request.NettyRequestSender - Using pooled Channel '[id: 0xe5291416, L:/127.0.0.1:51135 - R:localhost/127.0.0.1:61885]' for 'POST' to 'http://localhost:61885/session/739e42bed2270a4d7ac423b39f2337d3/element'
19:59:11.570 [Forwarding findElement on session 739e42bed2270a4d7ac423b39f2337d3 to remote] DEBUG org.asynchttpclient.netty.request.NettyRequestSender - Using open Channel [id: 0xe5291416, L:/127.0.0.1:51135 - R:localhost/127.0.0.1:61885] for POST '/session/739e42bed2270a4d7ac423b39f2337d3/element'
19:59:11.583 [AsyncHttpClient-1-3] DEBUG org.asynchttpclient.netty.handler.HttpHandler - 

Request DefaultHttpRequest(decodeResult: success, version: HTTP/1.1)
POST /session/739e42bed2270a4d7ac423b39f2337d3/element HTTP/1.1
User-Agent: selenium/4.1.4 (java windows)
Content-Length: 103
Content-Type: application/json; charset=utf-8
host: localhost:61885
accept: */*

Response DefaultHttpResponse(decodeResult: success, version: HTTP/1.1)
HTTP/1.1 200 OK
Content-Type: application/json; charset=utf-8
cache-control: no-cache
content-length: 88

19:59:11.583 [AsyncHttpClient-1-3] DEBUG org.asynchttpclient.netty.channel.ChannelManager - Adding key: http://localhost:61885 for channel [id: 0xe5291416, L:/127.0.0.1:51135 - R:localhost/127.0.0.1:61885]
19:59:11.584 [Forwarding clickElement on session 739e42bed2270a4d7ac423b39f2337d3 to remote] DEBUG org.asynchttpclient.netty.request.NettyRequestSender - Using pooled Channel '[id: 0xe5291416, L:/127.0.0.1:51135 - R:localhost/127.0.0.1:61885]' for 'POST' to 'http://localhost:61885/session/739e42bed2270a4d7ac423b39f2337d3/element/8e85b4d5-395c-40ec-be03-5fdf06e0e67a/click'
19:59:11.584 [Forwarding clickElement on session 739e42bed2270a4d7ac423b39f2337d3 to remote] DEBUG org.asynchttpclient.netty.request.NettyRequestSender - Using open Channel [id: 0xe5291416, L:/127.0.0.1:51135 - R:localhost/127.0.0.1:61885] for POST '/session/739e42bed2270a4d7ac423b39f2337d3/element/8e85b4d5-395c-40ec-be03-5fdf06e0e67a/click'
19:59:11.618 [AsyncHttpClient-1-1] DEBUG org.asynchttpclient.netty.channel.DefaultChannelPool - Entry count for : http://localhost:51137 : 1
19:59:11.655 [AsyncHttpClient-1-3] DEBUG org.asynchttpclient.netty.handler.HttpHandler - 

Request DefaultHttpRequest(decodeResult: success, version: HTTP/1.1)
POST /session/739e42bed2270a4d7ac423b39f2337d3/element/8e85b4d5-395c-40ec-be03-5fdf06e0e67a/click HTTP/1.1
User-Agent: selenium/4.1.4 (java windows)
Content-Length: 50
Content-Type: application/json; charset=utf-8
host: localhost:61885
accept: */*

Response DefaultHttpResponse(decodeResult: success, version: HTTP/1.1)
HTTP/1.1 200 OK
Content-Type: application/json; charset=utf-8
cache-control: no-cache
content-length: 14

19:59:11.655 [AsyncHttpClient-1-3] DEBUG org.asynchttpclient.netty.channel.ChannelManager - Adding key: http://localhost:61885 for channel [id: 0xe5291416, L:/127.0.0.1:51135 - R:localhost/127.0.0.1:61885]
19:59:11.667 [Forwarding screenshot on session 739e42bed2270a4d7ac423b39f2337d3 to remote] DEBUG org.asynchttpclient.netty.request.NettyRequestSender - Using pooled Channel '[id: 0xe5291416, L:/127.0.0.1:51135 - R:localhost/127.0.0.1:61885]' for 'GET' to 'http://localhost:61885/session/739e42bed2270a4d7ac423b39f2337d3/screenshot'
19:59:11.667 [Forwarding screenshot on session 739e42bed2270a4d7ac423b39f2337d3 to remote] DEBUG org.asynchttpclient.netty.request.NettyRequestSender - Using open Channel [id: 0xe5291416, L:/127.0.0.1:51135 - R:localhost/127.0.0.1:61885] for GET '/session/739e42bed2270a4d7ac423b39f2337d3/screenshot'
19:59:11.809 [AsyncHttpClient-1-3] DEBUG org.asynchttpclient.netty.handler.HttpHandler - 

Request DefaultFullHttpRequest(decodeResult: success, version: HTTP/1.1, content: EmptyByteBufBE)
GET /session/739e42bed2270a4d7ac423b39f2337d3/screenshot HTTP/1.1
User-Agent: selenium/4.1.4 (java windows)
Cache-Control: no-cache
Content-Type: application/json; charset=utf-8
host: localhost:61885
accept: */*

Response DefaultHttpResponse(decodeResult: success, version: HTTP/1.1)
HTTP/1.1 200 OK
Content-Type: application/json; charset=utf-8
cache-control: no-cache
content-length: 48252

19:59:11.809 [AsyncHttpClient-1-3] DEBUG org.asynchttpclient.netty.channel.ChannelManager - Adding key: http://localhost:61885 for channel [id: 0xe5291416, L:/127.0.0.1:51135 - R:localhost/127.0.0.1:61885]
19:59:11.809 [main] DEBUG net.serenitybdd.core.photography.Darkroom - Send negative for processing for target\site\serenity\30aab9987d615a9ee1932a4a563637baaeb17af6a64de2d1bb6faf6b52348542.png
19:59:11.809 [main] DEBUG net.thucydides.core.steps.StepInterceptor - STEP DONE: buttonJenisPerawatan
  &amp#27;[32mAnd &amp#27;[0m&amp#27;[32mChoose the type of treatment&amp#27;[0m                                     &amp#27;[90m# starter.stepdefinitios.KelolaJadwalSteps.chooseTheTypeOfTreatment()&amp#27;[0m
19:59:11.809 [Darkroom Processing Line] DEBUG net.serenitybdd.core.photography.DarkroomProcessingLine - Processing screenshot image in /var/screenshots/screenshot-7879798777728276192
19:59:11.809 [Darkroom Processing Line] DEBUG net.serenitybdd.core.photography.DarkroomProcessingLine - Saving screenshot to target\site\serenity\30aab9987d615a9ee1932a4a563637baaeb17af6a64de2d1bb6faf6b52348542.png
19:59:11.818 [main] DEBUG net.thucydides.core.steps.StepInterceptor - STARTING STEP: KelolaJadwalSteps.clickRawatJalan - buttonRawatJalan
19:59:11.834 [Forwarding findElement on session 739e42bed2270a4d7ac423b39f2337d3 to remote] DEBUG org.asynchttpclient.netty.request.NettyRequestSender - Using pooled Channel '[id: 0xe5291416, L:/127.0.0.1:51135 - R:localhost/127.0.0.1:61885]' for 'POST' to 'http://localhost:61885/session/739e42bed2270a4d7ac423b39f2337d3/element'
19:59:11.834 [Forwarding findElement on session 739e42bed2270a4d7ac423b39f2337d3 to remote] DEBUG org.asynchttpclient.netty.request.NettyRequestSender - Using open Channel [id: 0xe5291416, L:/127.0.0.1:51135 - R:localhost/127.0.0.1:61885] for POST '/session/739e42bed2270a4d7ac423b39f2337d3/element'
19:59:11.850 [AsyncHttpClient-1-3] DEBUG org.asynchttpclient.netty.handler.HttpHandler - 

Request DefaultHttpRequest(decodeResult: success, version: HTTP/1.1)
POST /session/739e42bed2270a4d7ac423b39f2337d3/element HTTP/1.1
User-Agent: selenium/4.1.4 (java windows)
Content-Length: 74
Content-Type: application/json; charset=utf-8
host: localhost:61885
accept: */*

Response DefaultHttpResponse(decodeResult: success, version: HTTP/1.1)
HTTP/1.1 200 OK
Content-Type: application/json; charset=utf-8
cache-control: no-cache
content-length: 88

19:59:11.851 [AsyncHttpClient-1-3] DEBUG org.asynchttpclient.netty.channel.ChannelManager - Adding key: http://localhost:61885 for channel [id: 0xe5291416, L:/127.0.0.1:51135 - R:localhost/127.0.0.1:61885]
19:59:11.852 [Forwarding getElementTagName on session 739e42bed2270a4d7ac423b39f2337d3 to remote] DEBUG org.asynchttpclient.netty.request.NettyRequestSender - Using pooled Channel '[id: 0xe5291416, L:/127.0.0.1:51135 - R:localhost/127.0.0.1:61885]' for 'GET' to 'http://localhost:61885/session/739e42bed2270a4d7ac423b39f2337d3/element/12de2b4f-8e0d-4c8c-b31b-2a412ee49f22/name'
19:59:11.853 [Forwarding getElementTagName on session 739e42bed2270a4d7ac423b39f2337d3 to remote] DEBUG org.asynchttpclient.netty.request.NettyRequestSender - Using open Channel [id: 0xe5291416, L:/127.0.0.1:51135 - R:localhost/127.0.0.1:61885] for GET '/session/739e42bed2270a4d7ac423b39f2337d3/element/12de2b4f-8e0d-4c8c-b31b-2a412ee49f22/name'
19:59:11.858 [AsyncHttpClient-1-3] DEBUG org.asynchttpclient.netty.handler.HttpHandler - 

Request DefaultFullHttpRequest(decodeResult: success, version: HTTP/1.1, content: EmptyByteBufBE)
GET /session/739e42bed2270a4d7ac423b39f2337d3/element/12de2b4f-8e0d-4c8c-b31b-2a412ee49f22/name HTTP/1.1
User-Agent: selenium/4.1.4 (java windows)
Cache-Control: no-cache
Content-Type: application/json; charset=utf-8
host: localhost:61885
accept: */*

Response DefaultHttpResponse(decodeResult: success, version: HTTP/1.1)
HTTP/1.1 200 OK
Content-Type: application/json; charset=utf-8
cache-control: no-cache
content-length: 18

19:59:11.858 [AsyncHttpClient-1-3] DEBUG org.asynchttpclient.netty.channel.ChannelManager - Adding key: http://localhost:61885 for channel [id: 0xe5291416, L:/127.0.0.1:51135 - R:localhost/127.0.0.1:61885]
19:59:11.861 [Forwarding getElementTagName on session 739e42bed2270a4d7ac423b39f2337d3 to remote] DEBUG org.asynchttpclient.netty.request.NettyRequestSender - Using pooled Channel '[id: 0xe5291416, L:/127.0.0.1:51135 - R:localhost/127.0.0.1:61885]' for 'GET' to 'http://localhost:61885/session/739e42bed2270a4d7ac423b39f2337d3/element/12de2b4f-8e0d-4c8c-b31b-2a412ee49f22/name'
19:59:11.861 [Forwarding getElementTagName on session 739e42bed2270a4d7ac423b39f2337d3 to remote] DEBUG org.asynchttpclient.netty.request.NettyRequestSender - Using open Channel [id: 0xe5291416, L:/127.0.0.1:51135 - R:localhost/127.0.0.1:61885] for GET '/session/739e42bed2270a4d7ac423b39f2337d3/element/12de2b4f-8e0d-4c8c-b31b-2a412ee49f22/name'
19:59:11.864 [AsyncHttpClient-1-3] DEBUG org.asynchttpclient.netty.handler.HttpHandler - 

Request DefaultFullHttpRequest(decodeResult: success, version: HTTP/1.1, content: EmptyByteBufBE)
GET /session/739e42bed2270a4d7ac423b39f2337d3/element/12de2b4f-8e0d-4c8c-b31b-2a412ee49f22/name HTTP/1.1
User-Agent: selenium/4.1.4 (java windows)
Cache-Control: no-cache
Content-Type: application/json; charset=utf-8
host: localhost:61885
accept: */*

Response DefaultHttpResponse(decodeResult: success, version: HTTP/1.1)
HTTP/1.1 200 OK
Content-Type: application/json; charset=utf-8
cache-control: no-cache
content-length: 18

19:59:11.864 [AsyncHttpClient-1-3] DEBUG org.asynchttpclient.netty.channel.ChannelManager - Adding key: http://localhost:61885 for channel [id: 0xe5291416, L:/127.0.0.1:51135 - R:localhost/127.0.0.1:61885]
19:59:11.866 [Forwarding isElementEnabled on session 739e42bed2270a4d7ac423b39f2337d3 to remote] DEBUG org.asynchttpclient.netty.request.NettyRequestSender - Using pooled Channel '[id: 0xe5291416, L:/127.0.0.1:51135 - R:localhost/127.0.0.1:61885]' for 'GET' to 'http://localhost:61885/session/739e42bed2270a4d7ac423b39f2337d3/element/12de2b4f-8e0d-4c8c-b31b-2a412ee49f22/enabled'
19:59:11.866 [Forwarding isElementEnabled on session 739e42bed2270a4d7ac423b39f2337d3 to remote] DEBUG org.asynchttpclient.netty.request.NettyRequestSender - Using open Channel [id: 0xe5291416, L:/127.0.0.1:51135 - R:localhost/127.0.0.1:61885] for GET '/session/739e42bed2270a4d7ac423b39f2337d3/element/12de2b4f-8e0d-4c8c-b31b-2a412ee49f22/enabled'
19:59:11.880 [AsyncHttpClient-1-3] DEBUG org.asynchttpclient.netty.handler.HttpHandler - 

Request DefaultFullHttpRequest(decodeResult: success, version: HTTP/1.1, content: EmptyByteBufBE)
GET /session/739e42bed2270a4d7ac423b39f2337d3/element/12de2b4f-8e0d-4c8c-b31b-2a412ee49f22/enabled HTTP/1.1
User-Agent: selenium/4.1.4 (java windows)
Cache-Control: no-cache
Content-Type: application/json; charset=utf-8
host: localhost:61885
accept: */*

Response DefaultHttpResponse(decodeResult: success, version: HTTP/1.1)
HTTP/1.1 200 OK
Content-Type: application/json; charset=utf-8
cache-control: no-cache
content-length: 14

19:59:11.880 [AsyncHttpClient-1-3] DEBUG org.asynchttpclient.netty.channel.ChannelManager - Adding key: http://localhost:61885 for channel [id: 0xe5291416, L:/127.0.0.1:51135 - R:localhost/127.0.0.1:61885]
19:59:11.882 [Forwarding isElementEnabled on session 739e42bed2270a4d7ac423b39f2337d3 to remote] DEBUG org.asynchttpclient.netty.request.NettyRequestSender - Using pooled Channel '[id: 0xe5291416, L:/127.0.0.1:51135 - R:localhost/127.0.0.1:61885]' for 'GET' to 'http://localhost:61885/session/739e42bed2270a4d7ac423b39f2337d3/element/12de2b4f-8e0d-4c8c-b31b-2a412ee49f22/enabled'
19:59:11.882 [Forwarding isElementEnabled on session 739e42bed2270a4d7ac423b39f2337d3 to remote] DEBUG org.asynchttpclient.netty.request.NettyRequestSender - Using open Channel [id: 0xe5291416, L:/127.0.0.1:51135 - R:localhost/127.0.0.1:61885] for GET '/session/739e42bed2270a4d7ac423b39f2337d3/element/12de2b4f-8e0d-4c8c-b31b-2a412ee49f22/enabled'
19:59:11.891 [AsyncHttpClient-1-3] DEBUG org.asynchttpclient.netty.handler.HttpHandler - 

Request DefaultFullHttpRequest(decodeResult: success, version: HTTP/1.1, content: EmptyByteBufBE)
GET /session/739e42bed2270a4d7ac423b39f2337d3/element/12de2b4f-8e0d-4c8c-b31b-2a412ee49f22/enabled HTTP/1.1
User-Agent: selenium/4.1.4 (java windows)
Cache-Control: no-cache
Content-Type: application/json; charset=utf-8
host: localhost:61885
accept: */*

Response DefaultHttpResponse(decodeResult: success, version: HTTP/1.1)
HTTP/1.1 200 OK
Content-Type: application/json; charset=utf-8
cache-control: no-cache
content-length: 14

19:59:11.891 [AsyncHttpClient-1-3] DEBUG org.asynchttpclient.netty.channel.ChannelManager - Adding key: http://localhost:61885 for channel [id: 0xe5291416, L:/127.0.0.1:51135 - R:localhost/127.0.0.1:61885]
19:59:11.892 [Forwarding findElement on session 739e42bed2270a4d7ac423b39f2337d3 to remote] DEBUG org.asynchttpclient.netty.request.NettyRequestSender - Using pooled Channel '[id: 0xe5291416, L:/127.0.0.1:51135 - R:localhost/127.0.0.1:61885]' for 'POST' to 'http://localhost:61885/session/739e42bed2270a4d7ac423b39f2337d3/element'
19:59:11.892 [Forwarding findElement on session 739e42bed2270a4d7ac423b39f2337d3 to remote] DEBUG org.asynchttpclient.netty.request.NettyRequestSender - Using open Channel [id: 0xe5291416, L:/127.0.0.1:51135 - R:localhost/127.0.0.1:61885] for POST '/session/739e42bed2270a4d7ac423b39f2337d3/element'
19:59:11.907 [AsyncHttpClient-1-3] DEBUG org.asynchttpclient.netty.handler.HttpHandler - 

Request DefaultHttpRequest(decodeResult: success, version: HTTP/1.1)
POST /session/739e42bed2270a4d7ac423b39f2337d3/element HTTP/1.1
User-Agent: selenium/4.1.4 (java windows)
Content-Length: 74
Content-Type: application/json; charset=utf-8
host: localhost:61885
accept: */*

Response DefaultHttpResponse(decodeResult: success, version: HTTP/1.1)
HTTP/1.1 200 OK
Content-Type: application/json; charset=utf-8
cache-control: no-cache
content-length: 88

19:59:11.908 [AsyncHttpClient-1-3] DEBUG org.asynchttpclient.netty.channel.ChannelManager - Adding key: http://localhost:61885 for channel [id: 0xe5291416, L:/127.0.0.1:51135 - R:localhost/127.0.0.1:61885]
19:59:11.910 [Forwarding clickElement on session 739e42bed2270a4d7ac423b39f2337d3 to remote] DEBUG org.asynchttpclient.netty.request.NettyRequestSender - Using pooled Channel '[id: 0xe5291416, L:/127.0.0.1:51135 - R:localhost/127.0.0.1:61885]' for 'POST' to 'http://localhost:61885/session/739e42bed2270a4d7ac423b39f2337d3/element/12de2b4f-8e0d-4c8c-b31b-2a412ee49f22/click'
19:59:11.910 [Forwarding clickElement on session 739e42bed2270a4d7ac423b39f2337d3 to remote] DEBUG org.asynchttpclient.netty.request.NettyRequestSender - Using open Channel [id: 0xe5291416, L:/127.0.0.1:51135 - R:localhost/127.0.0.1:61885] for POST '/session/739e42bed2270a4d7ac423b39f2337d3/element/12de2b4f-8e0d-4c8c-b31b-2a412ee49f22/click'
19:59:11.976 [AsyncHttpClient-1-3] DEBUG org.asynchttpclient.netty.handler.HttpHandler - 

Request DefaultHttpRequest(decodeResult: success, version: HTTP/1.1)
POST /session/739e42bed2270a4d7ac423b39f2337d3/element/12de2b4f-8e0d-4c8c-b31b-2a412ee49f22/click HTTP/1.1
User-Agent: selenium/4.1.4 (java windows)
Content-Length: 50
Content-Type: application/json; charset=utf-8
host: localhost:61885
accept: */*

Response DefaultHttpResponse(decodeResult: success, version: HTTP/1.1)
HTTP/1.1 200 OK
Content-Type: application/json; charset=utf-8
cache-control: no-cache
content-length: 14

19:59:11.976 [AsyncHttpClient-1-3] DEBUG org.asynchttpclient.netty.channel.ChannelManager - Adding key: http://localhost:61885 for channel [id: 0xe5291416, L:/127.0.0.1:51135 - R:localhost/127.0.0.1:61885]
19:59:11.985 [Forwarding screenshot on session 739e42bed2270a4d7ac423b39f2337d3 to remote] DEBUG org.asynchttpclient.netty.request.NettyRequestSender - Using pooled Channel '[id: 0xe5291416, L:/127.0.0.1:51135 - R:localhost/127.0.0.1:61885]' for 'GET' to 'http://localhost:61885/session/739e42bed2270a4d7ac423b39f2337d3/screenshot'
19:59:11.985 [Forwarding screenshot on session 739e42bed2270a4d7ac423b39f2337d3 to remote] DEBUG org.asynchttpclient.netty.request.NettyRequestSender - Using open Channel [id: 0xe5291416, L:/127.0.0.1:51135 - R:localhost/127.0.0.1:61885] for GET '/session/739e42bed2270a4d7ac423b39f2337d3/screenshot'
19:59:12.161 [AsyncHttpClient-1-3] DEBUG org.asynchttpclient.netty.handler.HttpHandler - 

Request DefaultFullHttpRequest(decodeResult: success, version: HTTP/1.1, content: EmptyByteBufBE)
GET /session/739e42bed2270a4d7ac423b39f2337d3/screenshot HTTP/1.1
User-Agent: selenium/4.1.4 (java windows)
Cache-Control: no-cache
Content-Type: application/json; charset=utf-8
host: localhost:61885
accept: */*

Response DefaultHttpResponse(decodeResult: success, version: HTTP/1.1)
HTTP/1.1 200 OK
Content-Type: application/json; charset=utf-8
cache-control: no-cache
content-length: 47744

19:59:12.161 [AsyncHttpClient-1-3] DEBUG org.asynchttpclient.netty.channel.ChannelManager - Adding key: http://localhost:61885 for channel [id: 0xe5291416, L:/127.0.0.1:51135 - R:localhost/127.0.0.1:61885]
19:59:12.161 [main] DEBUG net.serenitybdd.core.photography.Darkroom - Send negative for processing for target\site\serenity\ff154762c284fa83260139105e0b173b399edd2b93fc96366b130d84d378805c.png
19:59:12.161 [main] DEBUG net.thucydides.core.steps.StepInterceptor - STEP DONE: buttonRawatJalan
  &amp#27;[32mAnd &amp#27;[0m&amp#27;[32mClick rawat jalan&amp#27;[0m                                                &amp#27;[90m# starter.stepdefinitios.KelolaJadwalSteps.clickRawatJalan()&amp#27;[0m
19:59:12.161 [Darkroom Processing Line] DEBUG net.serenitybdd.core.photography.DarkroomProcessingLine - Processing screenshot image in /var/screenshots/screenshot-9471939133850225680
19:59:12.161 [Darkroom Processing Line] DEBUG net.serenitybdd.core.photography.DarkroomProcessingLine - Saving screenshot to target\site\serenity\ff154762c284fa83260139105e0b173b399edd2b93fc96366b130d84d378805c.png
19:59:12.683 [Forwarding screenshot on session 739e42bed2270a4d7ac423b39f2337d3 to remote] DEBUG org.asynchttpclient.netty.request.NettyRequestSender - Using pooled Channel '[id: 0xe5291416, L:/127.0.0.1:51135 - R:localhost/127.0.0.1:61885]' for 'GET' to 'http://localhost:61885/session/739e42bed2270a4d7ac423b39f2337d3/screenshot'
19:59:12.683 [Forwarding screenshot on session 739e42bed2270a4d7ac423b39f2337d3 to remote] DEBUG org.asynchttpclient.netty.request.NettyRequestSender - Using open Channel [id: 0xe5291416, L:/127.0.0.1:51135 - R:localhost/127.0.0.1:61885] for GET '/session/739e42bed2270a4d7ac423b39f2337d3/screenshot'
19:59:12.724 [AsyncHttpClient-1-1] DEBUG org.asynchttpclient.netty.channel.DefaultChannelPool - Entry count for : http://localhost:51137 : 1
19:59:12.859 [AsyncHttpClient-1-3] DEBUG org.asynchttpclient.netty.handler.HttpHandler - 

Request DefaultFullHttpRequest(decodeResult: success, version: HTTP/1.1, content: EmptyByteBufBE)
GET /session/739e42bed2270a4d7ac423b39f2337d3/screenshot HTTP/1.1
User-Agent: selenium/4.1.4 (java windows)
Cache-Control: no-cache
Content-Type: application/json; charset=utf-8
host: localhost:61885
accept: */*

Response DefaultHttpResponse(decodeResult: success, version: HTTP/1.1)
HTTP/1.1 200 OK
Content-Type: application/json; charset=utf-8
cache-control: no-cache
content-length: 47744

19:59:12.859 [AsyncHttpClient-1-3] DEBUG org.asynchttpclient.netty.channel.ChannelManager - Adding key: http://localhost:61885 for channel [id: 0xe5291416, L:/127.0.0.1:51135 - R:localhost/127.0.0.1:61885]
19:59:12.859 [main] DEBUG net.serenitybdd.core.photography.Darkroom - Send negative for processing for target\site\serenity\ff154762c284fa83260139105e0b173b399edd2b93fc96366b130d84d378805c.png
19:59:12.859 [main] DEBUG net.thucydides.core.steps.StepInterceptor - STARTING STEP: KelolaJadwalSteps.clickSimpan - buttonSave
19:59:12.865 [Forwarding findElement on session 739e42bed2270a4d7ac423b39f2337d3 to remote] DEBUG org.asynchttpclient.netty.request.NettyRequestSender - Using pooled Channel '[id: 0xe5291416, L:/127.0.0.1:51135 - R:localhost/127.0.0.1:61885]' for 'POST' to 'http://localhost:61885/session/739e42bed2270a4d7ac423b39f2337d3/element'
19:59:12.865 [Forwarding findElement on session 739e42bed2270a4d7ac423b39f2337d3 to remote] DEBUG org.asynchttpclient.netty.request.NettyRequestSender - Using open Channel [id: 0xe5291416, L:/127.0.0.1:51135 - R:localhost/127.0.0.1:61885] for POST '/session/739e42bed2270a4d7ac423b39f2337d3/element'
19:59:12.878 [AsyncHttpClient-1-3] DEBUG org.asynchttpclient.netty.handler.HttpHandler - 

Request DefaultHttpRequest(decodeResult: success, version: HTTP/1.1)
POST /session/739e42bed2270a4d7ac423b39f2337d3/element HTTP/1.1
User-Agent: selenium/4.1.4 (java windows)
Content-Length: 68
Content-Type: application/json; charset=utf-8
host: localhost:61885
accept: */*

Response DefaultHttpResponse(decodeResult: success, version: HTTP/1.1)
HTTP/1.1 200 OK
Content-Type: application/json; charset=utf-8
cache-control: no-cache
content-length: 88

19:59:12.878 [AsyncHttpClient-1-3] DEBUG org.asynchttpclient.netty.channel.ChannelManager - Adding key: http://localhost:61885 for channel [id: 0xe5291416, L:/127.0.0.1:51135 - R:localhost/127.0.0.1:61885]
19:59:12.879 [Forwarding getElementTagName on session 739e42bed2270a4d7ac423b39f2337d3 to remote] DEBUG org.asynchttpclient.netty.request.NettyRequestSender - Using pooled Channel '[id: 0xe5291416, L:/127.0.0.1:51135 - R:localhost/127.0.0.1:61885]' for 'GET' to 'http://localhost:61885/session/739e42bed2270a4d7ac423b39f2337d3/element/27cdb6e5-6402-4fdb-9a96-a9045b49124a/name'
19:59:12.879 [Forwarding getElementTagName on session 739e42bed2270a4d7ac423b39f2337d3 to remote] DEBUG org.asynchttpclient.netty.request.NettyRequestSender - Using open Channel [id: 0xe5291416, L:/127.0.0.1:51135 - R:localhost/127.0.0.1:61885] for GET '/session/739e42bed2270a4d7ac423b39f2337d3/element/27cdb6e5-6402-4fdb-9a96-a9045b49124a/name'
19:59:12.887 [AsyncHttpClient-1-3] DEBUG org.asynchttpclient.netty.handler.HttpHandler - 

Request DefaultFullHttpRequest(decodeResult: success, version: HTTP/1.1, content: EmptyByteBufBE)
GET /session/739e42bed2270a4d7ac423b39f2337d3/element/27cdb6e5-6402-4fdb-9a96-a9045b49124a/name HTTP/1.1
User-Agent: selenium/4.1.4 (java windows)
Cache-Control: no-cache
Content-Type: application/json; charset=utf-8
host: localhost:61885
accept: */*

Response DefaultHttpResponse(decodeResult: success, version: HTTP/1.1)
HTTP/1.1 200 OK
Content-Type: application/json; charset=utf-8
cache-control: no-cache
content-length: 18

19:59:12.887 [AsyncHttpClient-1-3] DEBUG org.asynchttpclient.netty.channel.ChannelManager - Adding key: http://localhost:61885 for channel [id: 0xe5291416, L:/127.0.0.1:51135 - R:localhost/127.0.0.1:61885]
19:59:12.888 [Forwarding getElementTagName on session 739e42bed2270a4d7ac423b39f2337d3 to remote] DEBUG org.asynchttpclient.netty.request.NettyRequestSender - Using pooled Channel '[id: 0xe5291416, L:/127.0.0.1:51135 - R:localhost/127.0.0.1:61885]' for 'GET' to 'http://localhost:61885/session/739e42bed2270a4d7ac423b39f2337d3/element/27cdb6e5-6402-4fdb-9a96-a9045b49124a/name'
19:59:12.888 [Forwarding getElementTagName on session 739e42bed2270a4d7ac423b39f2337d3 to remote] DEBUG org.asynchttpclient.netty.request.NettyRequestSender - Using open Channel [id: 0xe5291416, L:/127.0.0.1:51135 - R:localhost/127.0.0.1:61885] for GET '/session/739e42bed2270a4d7ac423b39f2337d3/element/27cdb6e5-6402-4fdb-9a96-a9045b49124a/name'
19:59:12.894 [AsyncHttpClient-1-3] DEBUG org.asynchttpclient.netty.handler.HttpHandler - 

Request DefaultFullHttpRequest(decodeResult: success, version: HTTP/1.1, content: EmptyByteBufBE)
GET /session/739e42bed2270a4d7ac423b39f2337d3/element/27cdb6e5-6402-4fdb-9a96-a9045b49124a/name HTTP/1.1
User-Agent: selenium/4.1.4 (java windows)
Cache-Control: no-cache
Content-Type: application/json; charset=utf-8
host: localhost:61885
accept: */*

Response DefaultHttpResponse(decodeResult: success, version: HTTP/1.1)
HTTP/1.1 200 OK
Content-Type: application/json; charset=utf-8
cache-control: no-cache
content-length: 18

19:59:12.894 [AsyncHttpClient-1-3] DEBUG org.asynchttpclient.netty.channel.ChannelManager - Adding key: http://localhost:61885 for channel [id: 0xe5291416, L:/127.0.0.1:51135 - R:localhost/127.0.0.1:61885]
19:59:12.894 [Forwarding isElementEnabled on session 739e42bed2270a4d7ac423b39f2337d3 to remote] DEBUG org.asynchttpclient.netty.request.NettyRequestSender - Using pooled Channel '[id: 0xe5291416, L:/127.0.0.1:51135 - R:localhost/127.0.0.1:61885]' for 'GET' to 'http://localhost:61885/session/739e42bed2270a4d7ac423b39f2337d3/element/27cdb6e5-6402-4fdb-9a96-a9045b49124a/enabled'
19:59:12.894 [Forwarding isElementEnabled on session 739e42bed2270a4d7ac423b39f2337d3 to remote] DEBUG org.asynchttpclient.netty.request.NettyRequestSender - Using open Channel [id: 0xe5291416, L:/127.0.0.1:51135 - R:localhost/127.0.0.1:61885] for GET '/session/739e42bed2270a4d7ac423b39f2337d3/element/27cdb6e5-6402-4fdb-9a96-a9045b49124a/enabled'
19:59:12.913 [AsyncHttpClient-1-3] DEBUG org.asynchttpclient.netty.handler.HttpHandler - 

Request DefaultFullHttpRequest(decodeResult: success, version: HTTP/1.1, content: EmptyByteBufBE)
GET /session/739e42bed2270a4d7ac423b39f2337d3/element/27cdb6e5-6402-4fdb-9a96-a9045b49124a/enabled HTTP/1.1
User-Agent: selenium/4.1.4 (java windows)
Cache-Control: no-cache
Content-Type: application/json; charset=utf-8
host: localhost:61885
accept: */*

Response DefaultHttpResponse(decodeResult: success, version: HTTP/1.1)
HTTP/1.1 200 OK
Content-Type: application/json; charset=utf-8
cache-control: no-cache
content-length: 14

19:59:12.913 [AsyncHttpClient-1-3] DEBUG org.asynchttpclient.netty.channel.ChannelManager - Adding key: http://localhost:61885 for channel [id: 0xe5291416, L:/127.0.0.1:51135 - R:localhost/127.0.0.1:61885]
19:59:12.915 [Forwarding isElementEnabled on session 739e42bed2270a4d7ac423b39f2337d3 to remote] DEBUG org.asynchttpclient.netty.request.NettyRequestSender - Using pooled Channel '[id: 0xe5291416, L:/127.0.0.1:51135 - R:localhost/127.0.0.1:61885]' for 'GET' to 'http://localhost:61885/session/739e42bed2270a4d7ac423b39f2337d3/element/27cdb6e5-6402-4fdb-9a96-a9045b49124a/enabled'
19:59:12.915 [Forwarding isElementEnabled on session 739e42bed2270a4d7ac423b39f2337d3 to remote] DEBUG org.asynchttpclient.netty.request.NettyRequestSender - Using open Channel [id: 0xe5291416, L:/127.0.0.1:51135 - R:localhost/127.0.0.1:61885] for GET '/session/739e42bed2270a4d7ac423b39f2337d3/element/27cdb6e5-6402-4fdb-9a96-a9045b49124a/enabled'
19:59:12.922 [AsyncHttpClient-1-3] DEBUG org.asynchttpclient.netty.handler.HttpHandler - 

Request DefaultFullHttpRequest(decodeResult: success, version: HTTP/1.1, content: EmptyByteBufBE)
GET /session/739e42bed2270a4d7ac423b39f2337d3/element/27cdb6e5-6402-4fdb-9a96-a9045b49124a/enabled HTTP/1.1
User-Agent: selenium/4.1.4 (java windows)
Cache-Control: no-cache
Content-Type: application/json; charset=utf-8
host: localhost:61885
accept: */*

Response DefaultHttpResponse(decodeResult: success, version: HTTP/1.1)
HTTP/1.1 200 OK
Content-Type: application/json; charset=utf-8
cache-control: no-cache
content-length: 14

19:59:12.922 [AsyncHttpClient-1-3] DEBUG org.asynchttpclient.netty.channel.ChannelManager - Adding key: http://localhost:61885 for channel [id: 0xe5291416, L:/127.0.0.1:51135 - R:localhost/127.0.0.1:61885]
19:59:12.922 [Forwarding findElement on session 739e42bed2270a4d7ac423b39f2337d3 to remote] DEBUG org.asynchttpclient.netty.request.NettyRequestSender - Using pooled Channel '[id: 0xe5291416, L:/127.0.0.1:51135 - R:localhost/127.0.0.1:61885]' for 'POST' to 'http://localhost:61885/session/739e42bed2270a4d7ac423b39f2337d3/element'
19:59:12.922 [Forwarding findElement on session 739e42bed2270a4d7ac423b39f2337d3 to remote] DEBUG org.asynchttpclient.netty.request.NettyRequestSender - Using open Channel [id: 0xe5291416, L:/127.0.0.1:51135 - R:localhost/127.0.0.1:61885] for POST '/session/739e42bed2270a4d7ac423b39f2337d3/element'
19:59:12.939 [AsyncHttpClient-1-3] DEBUG org.asynchttpclient.netty.handler.HttpHandler - 

Request DefaultHttpRequest(decodeResult: success, version: HTTP/1.1)
POST /session/739e42bed2270a4d7ac423b39f2337d3/element HTTP/1.1
User-Agent: selenium/4.1.4 (java windows)
Content-Length: 68
Content-Type: application/json; charset=utf-8
host: localhost:61885
accept: */*

Response DefaultHttpResponse(decodeResult: success, version: HTTP/1.1)
HTTP/1.1 200 OK
Content-Type: application/json; charset=utf-8
cache-control: no-cache
content-length: 88

19:59:12.939 [AsyncHttpClient-1-3] DEBUG org.asynchttpclient.netty.channel.ChannelManager - Adding key: http://localhost:61885 for channel [id: 0xe5291416, L:/127.0.0.1:51135 - R:localhost/127.0.0.1:61885]
19:59:12.939 [Forwarding clickElement on session 739e42bed2270a4d7ac423b39f2337d3 to remote] DEBUG org.asynchttpclient.netty.request.NettyRequestSender - Using pooled Channel '[id: 0xe5291416, L:/127.0.0.1:51135 - R:localhost/127.0.0.1:61885]' for 'POST' to 'http://localhost:61885/session/739e42bed2270a4d7ac423b39f2337d3/element/27cdb6e5-6402-4fdb-9a96-a9045b49124a/click'
19:59:12.939 [Forwarding clickElement on session 739e42bed2270a4d7ac423b39f2337d3 to remote] DEBUG org.asynchttpclient.netty.request.NettyRequestSender - Using open Channel [id: 0xe5291416, L:/127.0.0.1:51135 - R:localhost/127.0.0.1:61885] for POST '/session/739e42bed2270a4d7ac423b39f2337d3/element/27cdb6e5-6402-4fdb-9a96-a9045b49124a/click'
19:59:13.025 [AsyncHttpClient-1-3] DEBUG org.asynchttpclient.netty.handler.HttpHandler - 

Request DefaultHttpRequest(decodeResult: success, version: HTTP/1.1)
POST /session/739e42bed2270a4d7ac423b39f2337d3/element/27cdb6e5-6402-4fdb-9a96-a9045b49124a/click HTTP/1.1
User-Agent: selenium/4.1.4 (java windows)
Content-Length: 50
Content-Type: application/json; charset=utf-8
host: localhost:61885
accept: */*

Response DefaultHttpResponse(decodeResult: success, version: HTTP/1.1)
HTTP/1.1 200 OK
Content-Type: application/json; charset=utf-8
cache-control: no-cache
content-length: 14

19:59:13.026 [AsyncHttpClient-1-3] DEBUG org.asynchttpclient.netty.channel.ChannelManager - Adding key: http://localhost:61885 for channel [id: 0xe5291416, L:/127.0.0.1:51135 - R:localhost/127.0.0.1:61885]
19:59:13.037 [Forwarding screenshot on session 739e42bed2270a4d7ac423b39f2337d3 to remote] DEBUG org.asynchttpclient.netty.request.NettyRequestSender - Using pooled Channel '[id: 0xe5291416, L:/127.0.0.1:51135 - R:localhost/127.0.0.1:61885]' for 'GET' to 'http://localhost:61885/session/739e42bed2270a4d7ac423b39f2337d3/screenshot'
19:59:13.037 [Forwarding screenshot on session 739e42bed2270a4d7ac423b39f2337d3 to remote] DEBUG org.asynchttpclient.netty.request.NettyRequestSender - Using open Channel [id: 0xe5291416, L:/127.0.0.1:51135 - R:localhost/127.0.0.1:61885] for GET '/session/739e42bed2270a4d7ac423b39f2337d3/screenshot'
19:59:13.268 [AsyncHttpClient-1-3] DEBUG org.asynchttpclient.netty.handler.HttpHandler - 

Request DefaultFullHttpRequest(decodeResult: success, version: HTTP/1.1, content: EmptyByteBufBE)
GET /session/739e42bed2270a4d7ac423b39f2337d3/screenshot HTTP/1.1
User-Agent: selenium/4.1.4 (java windows)
Cache-Control: no-cache
Content-Type: application/json; charset=utf-8
host: localhost:61885
accept: */*

Response DefaultHttpResponse(decodeResult: success, version: HTTP/1.1)
HTTP/1.1 200 OK
Content-Type: application/json; charset=utf-8
cache-control: no-cache
content-length: 41388

19:59:13.269 [AsyncHttpClient-1-3] DEBUG org.asynchttpclient.netty.channel.ChannelManager - Adding key: http://localhost:61885 for channel [id: 0xe5291416, L:/127.0.0.1:51135 - R:localhost/127.0.0.1:61885]
19:59:13.271 [main] DEBUG net.serenitybdd.core.photography.Darkroom - Send negative for processing for target\site\serenity\7282d94dcb6285e3c6b916fc4e80c0a1d762eeed76ba9cd50d2069de828f8ffc.png
19:59:13.271 [main] DEBUG net.thucydides.core.steps.StepInterceptor - STEP DONE: buttonSave
  &amp#27;[32mAnd &amp#27;[0m&amp#27;[32mClick simpan&amp#27;[0m                                                     &amp#27;[90m# starter.stepdefinitios.KelolaJadwalSteps.clickSimpan()&amp#27;[0m
19:59:13.271 [Darkroom Processing Line] DEBUG net.serenitybdd.core.photography.DarkroomProcessingLine - Processing screenshot image in /var/screenshots/screenshot-15068547172284217
19:59:13.271 [Darkroom Processing Line] DEBUG net.serenitybdd.core.photography.DarkroomProcessingLine - Saving screenshot to target\site\serenity\7282d94dcb6285e3c6b916fc4e80c0a1d762eeed76ba9cd50d2069de828f8ffc.png
19:59:13.816 [AsyncHttpClient-1-1] DEBUG org.asynchttpclient.netty.channel.DefaultChannelPool - Entry count for : http://localhost:51137 : 1
19:59:13.816 [AsyncHttpClient-1-1] DEBUG org.asynchttpclient.netty.channel.DefaultChannelPool - Entry count for : http://localhost:61885 : 1
19:59:14.911 [AsyncHttpClient-1-1] DEBUG org.asynchttpclient.netty.channel.DefaultChannelPool - Entry count for : http://localhost:51137 : 1
19:59:14.911 [AsyncHttpClient-1-1] DEBUG org.asynchttpclient.netty.channel.DefaultChannelPool - Entry count for : http://localhost:61885 : 1
19:59:16.015 [AsyncHttpClient-1-1] DEBUG org.asynchttpclient.netty.channel.DefaultChannelPool - Entry count for : http://localhost:51137 : 1
19:59:16.015 [AsyncHttpClient-1-1] DEBUG org.asynchttpclient.netty.channel.DefaultChannelPool - Entry count for : http://localhost:61885 : 1
19:59:17.115 [AsyncHttpClient-1-1] DEBUG org.asynchttpclient.netty.channel.DefaultChannelPool - Entry count for : http://localhost:51137 : 1
19:59:17.115 [AsyncHttpClient-1-1] DEBUG org.asynchttpclient.netty.channel.DefaultChannelPool - Entry count for : http://localhost:61885 : 1
19:59:18.215 [AsyncHttpClient-1-1] DEBUG org.asynchttpclient.netty.channel.DefaultChannelPool - Entry count for : http://localhost:51137 : 1
19:59:18.215 [AsyncHttpClient-1-1] DEBUG org.asynchttpclient.netty.channel.DefaultChannelPool - Entry count for : http://localhost:61885 : 1
19:59:18.317 [Forwarding screenshot on session 739e42bed2270a4d7ac423b39f2337d3 to remote] DEBUG org.asynchttpclient.netty.request.NettyRequestSender - Using pooled Channel '[id: 0xe5291416, L:/127.0.0.1:51135 - R:localhost/127.0.0.1:61885]' for 'GET' to 'http://localhost:61885/session/739e42bed2270a4d7ac423b39f2337d3/screenshot'
19:59:18.317 [Forwarding screenshot on session 739e42bed2270a4d7ac423b39f2337d3 to remote] DEBUG org.asynchttpclient.netty.request.NettyRequestSender - Using open Channel [id: 0xe5291416, L:/127.0.0.1:51135 - R:localhost/127.0.0.1:61885] for GET '/session/739e42bed2270a4d7ac423b39f2337d3/screenshot'
19:59:18.473 [AsyncHttpClient-1-3] DEBUG org.asynchttpclient.netty.handler.HttpHandler - 

Request DefaultFullHttpRequest(decodeResult: success, version: HTTP/1.1, content: EmptyByteBufBE)
GET /session/739e42bed2270a4d7ac423b39f2337d3/screenshot HTTP/1.1
User-Agent: selenium/4.1.4 (java windows)
Cache-Control: no-cache
Content-Type: application/json; charset=utf-8
host: localhost:61885
accept: */*

Response DefaultHttpResponse(decodeResult: success, version: HTTP/1.1)
HTTP/1.1 200 OK
Content-Type: application/json; charset=utf-8
cache-control: no-cache
content-length: 55240

19:59:18.473 [AsyncHttpClient-1-3] DEBUG org.asynchttpclient.netty.channel.ChannelManager - Adding key: http://localhost:61885 for channel [id: 0xe5291416, L:/127.0.0.1:51135 - R:localhost/127.0.0.1:61885]
19:59:18.473 [main] DEBUG net.serenitybdd.core.photography.Darkroom - Send negative for processing for target\site\serenity\8e4ce623965bab9684da1450964692263804023c5f1e2ad1bc6efb937eec4dff.png
19:59:18.473 [Darkroom Processing Line] DEBUG net.serenitybdd.core.photography.DarkroomProcessingLine - Processing screenshot image in /var/screenshots/screenshot-6101198550588589448
19:59:18.473 [Darkroom Processing Line] DEBUG net.serenitybdd.core.photography.DarkroomProcessingLine - Saving screenshot to target\site\serenity\8e4ce623965bab9684da1450964692263804023c5f1e2ad1bc6efb937eec4dff.png
19:59:18.473 [main] DEBUG net.thucydides.core.steps.StepInterceptor - STARTING STEP: KelolaJadwalSteps.validateDataKelolaJadwal - validAddData
19:59:18.483 [Forwarding findElement on session 739e42bed2270a4d7ac423b39f2337d3 to remote] DEBUG org.asynchttpclient.netty.request.NettyRequestSender - Using pooled Channel '[id: 0xe5291416, L:/127.0.0.1:51135 - R:localhost/127.0.0.1:61885]' for 'POST' to 'http://localhost:61885/session/739e42bed2270a4d7ac423b39f2337d3/element'
19:59:18.483 [Forwarding findElement on session 739e42bed2270a4d7ac423b39f2337d3 to remote] DEBUG org.asynchttpclient.netty.request.NettyRequestSender - Using open Channel [id: 0xe5291416, L:/127.0.0.1:51135 - R:localhost/127.0.0.1:61885] for POST '/session/739e42bed2270a4d7ac423b39f2337d3/element'
19:59:18.495 [AsyncHttpClient-1-3] DEBUG org.asynchttpclient.netty.handler.HttpHandler - 

Request DefaultHttpRequest(decodeResult: success, version: HTTP/1.1)
POST /session/739e42bed2270a4d7ac423b39f2337d3/element HTTP/1.1
User-Agent: selenium/4.1.4 (java windows)
Content-Length: 68
Content-Type: application/json; charset=utf-8
host: localhost:61885
accept: */*

Response DefaultHttpResponse(decodeResult: success, version: HTTP/1.1)
HTTP/1.1 200 OK
Content-Type: application/json; charset=utf-8
cache-control: no-cache
content-length: 88

19:59:18.495 [AsyncHttpClient-1-3] DEBUG org.asynchttpclient.netty.channel.ChannelManager - Adding key: http://localhost:61885 for channel [id: 0xe5291416, L:/127.0.0.1:51135 - R:localhost/127.0.0.1:61885]
19:59:18.495 [Forwarding isElementEnabled on session 739e42bed2270a4d7ac423b39f2337d3 to remote] DEBUG org.asynchttpclient.netty.request.NettyRequestSender - Using pooled Channel '[id: 0xe5291416, L:/127.0.0.1:51135 - R:localhost/127.0.0.1:61885]' for 'GET' to 'http://localhost:61885/session/739e42bed2270a4d7ac423b39f2337d3/element/78dcbc95-67b4-4c00-b794-35032f939a35/enabled'
19:59:18.495 [Forwarding isElementEnabled on session 739e42bed2270a4d7ac423b39f2337d3 to remote] DEBUG org.asynchttpclient.netty.request.NettyRequestSender - Using open Channel [id: 0xe5291416, L:/127.0.0.1:51135 - R:localhost/127.0.0.1:61885] for GET '/session/739e42bed2270a4d7ac423b39f2337d3/element/78dcbc95-67b4-4c00-b794-35032f939a35/enabled'
19:59:18.510 [AsyncHttpClient-1-3] DEBUG org.asynchttpclient.netty.handler.HttpHandler - 

Request DefaultFullHttpRequest(decodeResult: success, version: HTTP/1.1, content: EmptyByteBufBE)
GET /session/739e42bed2270a4d7ac423b39f2337d3/element/78dcbc95-67b4-4c00-b794-35032f939a35/enabled HTTP/1.1
User-Agent: selenium/4.1.4 (java windows)
Cache-Control: no-cache
Content-Type: application/json; charset=utf-8
host: localhost:61885
accept: */*

Response DefaultHttpResponse(decodeResult: success, version: HTTP/1.1)
HTTP/1.1 200 OK
Content-Type: application/json; charset=utf-8
cache-control: no-cache
content-length: 14

19:59:18.510 [AsyncHttpClient-1-3] DEBUG org.asynchttpclient.netty.channel.ChannelManager - Adding key: http://localhost:61885 for channel [id: 0xe5291416, L:/127.0.0.1:51135 - R:localhost/127.0.0.1:61885]
19:59:18.516 [main] DEBUG net.thucydides.core.steps.StepInterceptor - STEP DONE: validAddData
19:59:19.321 [AsyncHttpClient-1-1] DEBUG org.asynchttpclient.netty.channel.DefaultChannelPool - Entry count for : http://localhost:51137 : 1
19:59:19.321 [AsyncHttpClient-1-1] DEBUG org.asynchttpclient.netty.channel.DefaultChannelPool - Entry count for : http://localhost:61885 : 1
19:59:19.531 [Forwarding screenshot on session 739e42bed2270a4d7ac423b39f2337d3 to remote] DEBUG org.asynchttpclient.netty.request.NettyRequestSender - Using pooled Channel '[id: 0xe5291416, L:/127.0.0.1:51135 - R:localhost/127.0.0.1:61885]' for 'GET' to 'http://localhost:61885/session/739e42bed2270a4d7ac423b39f2337d3/screenshot'
19:59:19.531 [Forwarding screenshot on session 739e42bed2270a4d7ac423b39f2337d3 to remote] DEBUG org.asynchttpclient.netty.request.NettyRequestSender - Using open Channel [id: 0xe5291416, L:/127.0.0.1:51135 - R:localhost/127.0.0.1:61885] for GET '/session/739e42bed2270a4d7ac423b39f2337d3/screenshot'
19:59:19.694 [AsyncHttpClient-1-3] DEBUG org.asynchttpclient.netty.handler.HttpHandler - 

Request DefaultFullHttpRequest(decodeResult: success, version: HTTP/1.1, content: EmptyByteBufBE)
GET /session/739e42bed2270a4d7ac423b39f2337d3/screenshot HTTP/1.1
User-Agent: selenium/4.1.4 (java windows)
Cache-Control: no-cache
Content-Type: application/json; charset=utf-8
host: localhost:61885
accept: */*

Response DefaultHttpResponse(decodeResult: success, version: HTTP/1.1)
HTTP/1.1 200 OK
Content-Type: application/json; charset=utf-8
cache-control: no-cache
content-length: 55232

19:59:19.694 [AsyncHttpClient-1-3] DEBUG org.asynchttpclient.netty.channel.ChannelManager - Adding key: http://localhost:61885 for channel [id: 0xe5291416, L:/127.0.0.1:51135 - R:localhost/127.0.0.1:61885]
19:59:19.694 [main] DEBUG net.serenitybdd.core.photography.Darkroom - Send negative for processing for target\site\serenity\a4b49629d1e22ea3ce7179fe5c9e3efc2c1e59fc490850409d54a9a86e876181.png
19:59:19.694 [main] DEBUG net.thucydides.core.steps.StepInterceptor - STARTING STEP: KelolaJadwalSteps.validateDataKelolaJadwal - buttonClickOK
19:59:19.694 [Darkroom Processing Line] DEBUG net.serenitybdd.core.photography.DarkroomProcessingLine - Processing screenshot image in /var/screenshots/screenshot-9569417570734794707
19:59:19.694 [Darkroom Processing Line] DEBUG net.serenitybdd.core.photography.DarkroomProcessingLine - Saving screenshot to target\site\serenity\a4b49629d1e22ea3ce7179fe5c9e3efc2c1e59fc490850409d54a9a86e876181.png
19:59:19.705 [Forwarding findElement on session 739e42bed2270a4d7ac423b39f2337d3 to remote] DEBUG org.asynchttpclient.netty.request.NettyRequestSender - Using pooled Channel '[id: 0xe5291416, L:/127.0.0.1:51135 - R:localhost/127.0.0.1:61885]' for 'POST' to 'http://localhost:61885/session/739e42bed2270a4d7ac423b39f2337d3/element'
19:59:19.705 [Forwarding findElement on session 739e42bed2270a4d7ac423b39f2337d3 to remote] DEBUG org.asynchttpclient.netty.request.NettyRequestSender - Using open Channel [id: 0xe5291416, L:/127.0.0.1:51135 - R:localhost/127.0.0.1:61885] for POST '/session/739e42bed2270a4d7ac423b39f2337d3/element'
19:59:19.715 [AsyncHttpClient-1-3] DEBUG org.asynchttpclient.netty.handler.HttpHandler - 

Request DefaultHttpRequest(decodeResult: success, version: HTTP/1.1)
POST /session/739e42bed2270a4d7ac423b39f2337d3/element HTTP/1.1
User-Agent: selenium/4.1.4 (java windows)
Content-Length: 88
Content-Type: application/json; charset=utf-8
host: localhost:61885
accept: */*

Response DefaultHttpResponse(decodeResult: success, version: HTTP/1.1)
HTTP/1.1 200 OK
Content-Type: application/json; charset=utf-8
cache-control: no-cache
content-length: 88

19:59:19.715 [AsyncHttpClient-1-3] DEBUG org.asynchttpclient.netty.channel.ChannelManager - Adding key: http://localhost:61885 for channel [id: 0xe5291416, L:/127.0.0.1:51135 - R:localhost/127.0.0.1:61885]
19:59:19.716 [Forwarding getElementTagName on session 739e42bed2270a4d7ac423b39f2337d3 to remote] DEBUG org.asynchttpclient.netty.request.NettyRequestSender - Using pooled Channel '[id: 0xe5291416, L:/127.0.0.1:51135 - R:localhost/127.0.0.1:61885]' for 'GET' to 'http://localhost:61885/session/739e42bed2270a4d7ac423b39f2337d3/element/5cda552d-b101-4d7c-8ced-5888c98bd8bc/name'
19:59:19.716 [Forwarding getElementTagName on session 739e42bed2270a4d7ac423b39f2337d3 to remote] DEBUG org.asynchttpclient.netty.request.NettyRequestSender - Using open Channel [id: 0xe5291416, L:/127.0.0.1:51135 - R:localhost/127.0.0.1:61885] for GET '/session/739e42bed2270a4d7ac423b39f2337d3/element/5cda552d-b101-4d7c-8ced-5888c98bd8bc/name'
19:59:19.724 [AsyncHttpClient-1-3] DEBUG org.asynchttpclient.netty.handler.HttpHandler - 

Request DefaultFullHttpRequest(decodeResult: success, version: HTTP/1.1, content: EmptyByteBufBE)
GET /session/739e42bed2270a4d7ac423b39f2337d3/element/5cda552d-b101-4d7c-8ced-5888c98bd8bc/name HTTP/1.1
User-Agent: selenium/4.1.4 (java windows)
Cache-Control: no-cache
Content-Type: application/json; charset=utf-8
host: localhost:61885
accept: */*

Response DefaultHttpResponse(decodeResult: success, version: HTTP/1.1)
HTTP/1.1 200 OK
Content-Type: application/json; charset=utf-8
cache-control: no-cache
content-length: 18

19:59:19.724 [AsyncHttpClient-1-3] DEBUG org.asynchttpclient.netty.channel.ChannelManager - Adding key: http://localhost:61885 for channel [id: 0xe5291416, L:/127.0.0.1:51135 - R:localhost/127.0.0.1:61885]
19:59:19.724 [Forwarding getElementTagName on session 739e42bed2270a4d7ac423b39f2337d3 to remote] DEBUG org.asynchttpclient.netty.request.NettyRequestSender - Using pooled Channel '[id: 0xe5291416, L:/127.0.0.1:51135 - R:localhost/127.0.0.1:61885]' for 'GET' to 'http://localhost:61885/session/739e42bed2270a4d7ac423b39f2337d3/element/5cda552d-b101-4d7c-8ced-5888c98bd8bc/name'
19:59:19.724 [Forwarding getElementTagName on session 739e42bed2270a4d7ac423b39f2337d3 to remote] DEBUG org.asynchttpclient.netty.request.NettyRequestSender - Using open Channel [id: 0xe5291416, L:/127.0.0.1:51135 - R:localhost/127.0.0.1:61885] for GET '/session/739e42bed2270a4d7ac423b39f2337d3/element/5cda552d-b101-4d7c-8ced-5888c98bd8bc/name'
19:59:19.731 [AsyncHttpClient-1-3] DEBUG org.asynchttpclient.netty.handler.HttpHandler - 

Request DefaultFullHttpRequest(decodeResult: success, version: HTTP/1.1, content: EmptyByteBufBE)
GET /session/739e42bed2270a4d7ac423b39f2337d3/element/5cda552d-b101-4d7c-8ced-5888c98bd8bc/name HTTP/1.1
User-Agent: selenium/4.1.4 (java windows)
Cache-Control: no-cache
Content-Type: application/json; charset=utf-8
host: localhost:61885
accept: */*

Response DefaultHttpResponse(decodeResult: success, version: HTTP/1.1)
HTTP/1.1 200 OK
Content-Type: application/json; charset=utf-8
cache-control: no-cache
content-length: 18

19:59:19.731 [AsyncHttpClient-1-3] DEBUG org.asynchttpclient.netty.channel.ChannelManager - Adding key: http://localhost:61885 for channel [id: 0xe5291416, L:/127.0.0.1:51135 - R:localhost/127.0.0.1:61885]
19:59:19.732 [Forwarding isElementEnabled on session 739e42bed2270a4d7ac423b39f2337d3 to remote] DEBUG org.asynchttpclient.netty.request.NettyRequestSender - Using pooled Channel '[id: 0xe5291416, L:/127.0.0.1:51135 - R:localhost/127.0.0.1:61885]' for 'GET' to 'http://localhost:61885/session/739e42bed2270a4d7ac423b39f2337d3/element/5cda552d-b101-4d7c-8ced-5888c98bd8bc/enabled'
19:59:19.732 [Forwarding isElementEnabled on session 739e42bed2270a4d7ac423b39f2337d3 to remote] DEBUG org.asynchttpclient.netty.request.NettyRequestSender - Using open Channel [id: 0xe5291416, L:/127.0.0.1:51135 - R:localhost/127.0.0.1:61885] for GET '/session/739e42bed2270a4d7ac423b39f2337d3/element/5cda552d-b101-4d7c-8ced-5888c98bd8bc/enabled'
19:59:19.746 [AsyncHttpClient-1-3] DEBUG org.asynchttpclient.netty.handler.HttpHandler - 

Request DefaultFullHttpRequest(decodeResult: success, version: HTTP/1.1, content: EmptyByteBufBE)
GET /session/739e42bed2270a4d7ac423b39f2337d3/element/5cda552d-b101-4d7c-8ced-5888c98bd8bc/enabled HTTP/1.1
User-Agent: selenium/4.1.4 (java windows)
Cache-Control: no-cache
Content-Type: application/json; charset=utf-8
host: localhost:61885
accept: */*

Response DefaultHttpResponse(decodeResult: success, version: HTTP/1.1)
HTTP/1.1 200 OK
Content-Type: application/json; charset=utf-8
cache-control: no-cache
content-length: 14

19:59:19.746 [AsyncHttpClient-1-3] DEBUG org.asynchttpclient.netty.channel.ChannelManager - Adding key: http://localhost:61885 for channel [id: 0xe5291416, L:/127.0.0.1:51135 - R:localhost/127.0.0.1:61885]
19:59:19.748 [Forwarding isElementEnabled on session 739e42bed2270a4d7ac423b39f2337d3 to remote] DEBUG org.asynchttpclient.netty.request.NettyRequestSender - Using pooled Channel '[id: 0xe5291416, L:/127.0.0.1:51135 - R:localhost/127.0.0.1:61885]' for 'GET' to 'http://localhost:61885/session/739e42bed2270a4d7ac423b39f2337d3/element/5cda552d-b101-4d7c-8ced-5888c98bd8bc/enabled'
19:59:19.748 [Forwarding isElementEnabled on session 739e42bed2270a4d7ac423b39f2337d3 to remote] DEBUG org.asynchttpclient.netty.request.NettyRequestSender - Using open Channel [id: 0xe5291416, L:/127.0.0.1:51135 - R:localhost/127.0.0.1:61885] for GET '/session/739e42bed2270a4d7ac423b39f2337d3/element/5cda552d-b101-4d7c-8ced-5888c98bd8bc/enabled'
19:59:19.757 [AsyncHttpClient-1-3] DEBUG org.asynchttpclient.netty.handler.HttpHandler - 

Request DefaultFullHttpRequest(decodeResult: success, version: HTTP/1.1, content: EmptyByteBufBE)
GET /session/739e42bed2270a4d7ac423b39f2337d3/element/5cda552d-b101-4d7c-8ced-5888c98bd8bc/enabled HTTP/1.1
User-Agent: selenium/4.1.4 (java windows)
Cache-Control: no-cache
Content-Type: application/json; charset=utf-8
host: localhost:61885
accept: */*

Response DefaultHttpResponse(decodeResult: success, version: HTTP/1.1)
HTTP/1.1 200 OK
Content-Type: application/json; charset=utf-8
cache-control: no-cache
content-length: 14

19:59:19.757 [AsyncHttpClient-1-3] DEBUG org.asynchttpclient.netty.channel.ChannelManager - Adding key: http://localhost:61885 for channel [id: 0xe5291416, L:/127.0.0.1:51135 - R:localhost/127.0.0.1:61885]
19:59:19.758 [Forwarding findElement on session 739e42bed2270a4d7ac423b39f2337d3 to remote] DEBUG org.asynchttpclient.netty.request.NettyRequestSender - Using pooled Channel '[id: 0xe5291416, L:/127.0.0.1:51135 - R:localhost/127.0.0.1:61885]' for 'POST' to 'http://localhost:61885/session/739e42bed2270a4d7ac423b39f2337d3/element'
19:59:19.758 [Forwarding findElement on session 739e42bed2270a4d7ac423b39f2337d3 to remote] DEBUG org.asynchttpclient.netty.request.NettyRequestSender - Using open Channel [id: 0xe5291416, L:/127.0.0.1:51135 - R:localhost/127.0.0.1:61885] for POST '/session/739e42bed2270a4d7ac423b39f2337d3/element'
19:59:19.770 [AsyncHttpClient-1-3] DEBUG org.asynchttpclient.netty.handler.HttpHandler - 

Request DefaultHttpRequest(decodeResult: success, version: HTTP/1.1)
POST /session/739e42bed2270a4d7ac423b39f2337d3/element HTTP/1.1
User-Agent: selenium/4.1.4 (java windows)
Content-Length: 88
Content-Type: application/json; charset=utf-8
host: localhost:61885
accept: */*

Response DefaultHttpResponse(decodeResult: success, version: HTTP/1.1)
HTTP/1.1 200 OK
Content-Type: application/json; charset=utf-8
cache-control: no-cache
content-length: 88

19:59:19.770 [AsyncHttpClient-1-3] DEBUG org.asynchttpclient.netty.channel.ChannelManager - Adding key: http://localhost:61885 for channel [id: 0xe5291416, L:/127.0.0.1:51135 - R:localhost/127.0.0.1:61885]
19:59:19.770 [Forwarding clickElement on session 739e42bed2270a4d7ac423b39f2337d3 to remote] DEBUG org.asynchttpclient.netty.request.NettyRequestSender - Using pooled Channel '[id: 0xe5291416, L:/127.0.0.1:51135 - R:localhost/127.0.0.1:61885]' for 'POST' to 'http://localhost:61885/session/739e42bed2270a4d7ac423b39f2337d3/element/5cda552d-b101-4d7c-8ced-5888c98bd8bc/click'
19:59:19.770 [Forwarding clickElement on session 739e42bed2270a4d7ac423b39f2337d3 to remote] DEBUG org.asynchttpclient.netty.request.NettyRequestSender - Using open Channel [id: 0xe5291416, L:/127.0.0.1:51135 - R:localhost/127.0.0.1:61885] for POST '/session/739e42bed2270a4d7ac423b39f2337d3/element/5cda552d-b101-4d7c-8ced-5888c98bd8bc/click'
19:59:19.862 [AsyncHttpClient-1-3] DEBUG org.asynchttpclient.netty.handler.HttpHandler - 

Request DefaultHttpRequest(decodeResult: success, version: HTTP/1.1)
POST /session/739e42bed2270a4d7ac423b39f2337d3/element/5cda552d-b101-4d7c-8ced-5888c98bd8bc/click HTTP/1.1
User-Agent: selenium/4.1.4 (java windows)
Content-Length: 50
Content-Type: application/json; charset=utf-8
host: localhost:61885
accept: */*

Response DefaultHttpResponse(decodeResult: success, version: HTTP/1.1)
HTTP/1.1 200 OK
Content-Type: application/json; charset=utf-8
cache-control: no-cache
content-length: 14

19:59:19.862 [AsyncHttpClient-1-3] DEBUG org.asynchttpclient.netty.channel.ChannelManager - Adding key: http://localhost:61885 for channel [id: 0xe5291416, L:/127.0.0.1:51135 - R:localhost/127.0.0.1:61885]
19:59:19.873 [Forwarding screenshot on session 739e42bed2270a4d7ac423b39f2337d3 to remote] DEBUG org.asynchttpclient.netty.request.NettyRequestSender - Using pooled Channel '[id: 0xe5291416, L:/127.0.0.1:51135 - R:localhost/127.0.0.1:61885]' for 'GET' to 'http://localhost:61885/session/739e42bed2270a4d7ac423b39f2337d3/screenshot'
19:59:19.873 [Forwarding screenshot on session 739e42bed2270a4d7ac423b39f2337d3 to remote] DEBUG org.asynchttpclient.netty.request.NettyRequestSender - Using open Channel [id: 0xe5291416, L:/127.0.0.1:51135 - R:localhost/127.0.0.1:61885] for GET '/session/739e42bed2270a4d7ac423b39f2337d3/screenshot'
19:59:20.134 [AsyncHttpClient-1-3] DEBUG org.asynchttpclient.netty.handler.HttpHandler - 

Request DefaultFullHttpRequest(decodeResult: success, version: HTTP/1.1, content: EmptyByteBufBE)
GET /session/739e42bed2270a4d7ac423b39f2337d3/screenshot HTTP/1.1
User-Agent: selenium/4.1.4 (java windows)
Cache-Control: no-cache
Content-Type: application/json; charset=utf-8
host: localhost:61885
accept: */*

Response DefaultHttpResponse(decodeResult: success, version: HTTP/1.1)
HTTP/1.1 200 OK
Content-Type: application/json; charset=utf-8
cache-control: no-cache
content-length: 117344

19:59:20.134 [AsyncHttpClient-1-3] DEBUG org.asynchttpclient.netty.channel.ChannelManager - Adding key: http://localhost:61885 for channel [id: 0xe5291416, L:/127.0.0.1:51135 - R:localhost/127.0.0.1:61885]
19:59:20.138 [main] DEBUG net.serenitybdd.core.photography.Darkroom - Send negative for processing for target\site\serenity\d4151ab19a2c78d2177fbfc03ab95b9a3ec083a89fbd54561eac2d7216c110ce.png
19:59:20.138 [main] DEBUG net.thucydides.core.steps.StepInterceptor - STEP DONE: buttonClickOK
19:59:20.138 [Darkroom Processing Line] DEBUG net.serenitybdd.core.photography.DarkroomProcessingLine - Processing screenshot image in /var/screenshots/screenshot-1024242831074835555
19:59:20.138 [Darkroom Processing Line] DEBUG net.serenitybdd.core.photography.DarkroomProcessingLine - Saving screenshot to target\site\serenity\d4151ab19a2c78d2177fbfc03ab95b9a3ec083a89fbd54561eac2d7216c110ce.png
19:59:20.413 [AsyncHttpClient-1-1] DEBUG org.asynchttpclient.netty.channel.DefaultChannelPool - Entry count for : http://localhost:51137 : 1
19:59:20.413 [AsyncHttpClient-1-1] DEBUG org.asynchttpclient.netty.channel.DefaultChannelPool - Entry count for : http://localhost:61885 : 1
19:59:21.509 [AsyncHttpClient-1-1] DEBUG org.asynchttpclient.netty.channel.DefaultChannelPool - Entry count for : http://localhost:51137 : 1
19:59:21.509 [AsyncHttpClient-1-1] DEBUG org.asynchttpclient.netty.channel.DefaultChannelPool - Entry count for : http://localhost:61885 : 1
19:59:22.620 [AsyncHttpClient-1-1] DEBUG org.asynchttpclient.netty.channel.DefaultChannelPool - Entry count for : http://localhost:51137 : 1
19:59:22.620 [AsyncHttpClient-1-1] DEBUG org.asynchttpclient.netty.channel.DefaultChannelPool - Entry count for : http://localhost:61885 : 1
19:59:23.716 [AsyncHttpClient-1-1] DEBUG org.asynchttpclient.netty.channel.DefaultChannelPool - Entry count for : http://localhost:51137 : 1
19:59:23.716 [AsyncHttpClient-1-1] DEBUG org.asynchttpclient.netty.channel.DefaultChannelPool - Entry count for : http://localhost:61885 : 1
19:59:24.813 [AsyncHttpClient-1-1] DEBUG org.asynchttpclient.netty.channel.DefaultChannelPool - Entry count for : http://localhost:51137 : 1
19:59:24.813 [AsyncHttpClient-1-1] DEBUG org.asynchttpclient.netty.channel.DefaultChannelPool - Entry count for : http://localhost:61885 : 1
19:59:25.151 [Forwarding screenshot on session 739e42bed2270a4d7ac423b39f2337d3 to remote] DEBUG org.asynchttpclient.netty.request.NettyRequestSender - Using pooled Channel '[id: 0xe5291416, L:/127.0.0.1:51135 - R:localhost/127.0.0.1:61885]' for 'GET' to 'http://localhost:61885/session/739e42bed2270a4d7ac423b39f2337d3/screenshot'
19:59:25.166 [Forwarding screenshot on session 739e42bed2270a4d7ac423b39f2337d3 to remote] DEBUG org.asynchttpclient.netty.request.NettyRequestSender - Using open Channel [id: 0xe5291416, L:/127.0.0.1:51135 - R:localhost/127.0.0.1:61885] for GET '/session/739e42bed2270a4d7ac423b39f2337d3/screenshot'
19:59:25.307 [AsyncHttpClient-1-3] DEBUG org.asynchttpclient.netty.handler.HttpHandler - 

Request DefaultFullHttpRequest(decodeResult: success, version: HTTP/1.1, content: EmptyByteBufBE)
GET /session/739e42bed2270a4d7ac423b39f2337d3/screenshot HTTP/1.1
User-Agent: selenium/4.1.4 (java windows)
Cache-Control: no-cache
Content-Type: application/json; charset=utf-8
host: localhost:61885
accept: */*

Response DefaultHttpResponse(decodeResult: success, version: HTTP/1.1)
HTTP/1.1 200 OK
Content-Type: application/json; charset=utf-8
cache-control: no-cache
content-length: 94224

19:59:25.307 [AsyncHttpClient-1-3] DEBUG org.asynchttpclient.netty.channel.ChannelManager - Adding key: http://localhost:61885 for channel [id: 0xe5291416, L:/127.0.0.1:51135 - R:localhost/127.0.0.1:61885]
19:59:25.307 [main] DEBUG net.serenitybdd.core.photography.Darkroom - Send negative for processing for target\site\serenity\d8995d53355f339f4fb28b83e217ed31623948699f05bcabf3cfc0d4f7aa0783.png
19:59:25.307 [main] DEBUG net.thucydides.core.steps.StepInterceptor - STARTING STEP: KelolaJadwalSteps.validateDataKelolaJadwal - validPagePasien
19:59:25.321 [Forwarding findElement on session 739e42bed2270a4d7ac423b39f2337d3 to remote] DEBUG org.asynchttpclient.netty.request.NettyRequestSender - Using pooled Channel '[id: 0xe5291416, L:/127.0.0.1:51135 - R:localhost/127.0.0.1:61885]' for 'POST' to 'http://localhost:61885/session/739e42bed2270a4d7ac423b39f2337d3/element'
19:59:25.321 [Forwarding findElement on session 739e42bed2270a4d7ac423b39f2337d3 to remote] DEBUG org.asynchttpclient.netty.request.NettyRequestSender - Using open Channel [id: 0xe5291416, L:/127.0.0.1:51135 - R:localhost/127.0.0.1:61885] for POST '/session/739e42bed2270a4d7ac423b39f2337d3/element'
19:59:25.341 [AsyncHttpClient-1-3] DEBUG org.asynchttpclient.netty.handler.HttpHandler - 

Request DefaultHttpRequest(decodeResult: success, version: HTTP/1.1)
POST /session/739e42bed2270a4d7ac423b39f2337d3/element HTTP/1.1
User-Agent: selenium/4.1.4 (java windows)
Content-Length: 126
Content-Type: application/json; charset=utf-8
host: localhost:61885
accept: */*

Response DefaultHttpResponse(decodeResult: success, version: HTTP/1.1)
HTTP/1.1 200 OK
Content-Type: application/json; charset=utf-8
cache-control: no-cache
content-length: 88

19:59:25.341 [AsyncHttpClient-1-3] DEBUG org.asynchttpclient.netty.channel.ChannelManager - Adding key: http://localhost:61885 for channel [id: 0xe5291416, L:/127.0.0.1:51135 - R:localhost/127.0.0.1:61885]
19:59:25.342 [Forwarding isElementEnabled on session 739e42bed2270a4d7ac423b39f2337d3 to remote] DEBUG org.asynchttpclient.netty.request.NettyRequestSender - Using pooled Channel '[id: 0xe5291416, L:/127.0.0.1:51135 - R:localhost/127.0.0.1:61885]' for 'GET' to 'http://localhost:61885/session/739e42bed2270a4d7ac423b39f2337d3/element/85f25fef-6aee-49dc-af86-07b932f3d6df/enabled'
19:59:25.342 [Forwarding isElementEnabled on session 739e42bed2270a4d7ac423b39f2337d3 to remote] DEBUG org.asynchttpclient.netty.request.NettyRequestSender - Using open Channel [id: 0xe5291416, L:/127.0.0.1:51135 - R:localhost/127.0.0.1:61885] for GET '/session/739e42bed2270a4d7ac423b39f2337d3/element/85f25fef-6aee-49dc-af86-07b932f3d6df/enabled'
19:59:25.355 [AsyncHttpClient-1-3] DEBUG org.asynchttpclient.netty.handler.HttpHandler - 

Request DefaultFullHttpRequest(decodeResult: success, version: HTTP/1.1, content: EmptyByteBufBE)
GET /session/739e42bed2270a4d7ac423b39f2337d3/element/85f25fef-6aee-49dc-af86-07b932f3d6df/enabled HTTP/1.1
User-Agent: selenium/4.1.4 (java windows)
Cache-Control: no-cache
Content-Type: application/json; charset=utf-8
host: localhost:61885
accept: */*

Response DefaultHttpResponse(decodeResult: success, version: HTTP/1.1)
HTTP/1.1 200 OK
Content-Type: application/json; charset=utf-8
cache-control: no-cache
content-length: 14

19:59:25.356 [AsyncHttpClient-1-3] DEBUG org.asynchttpclient.netty.channel.ChannelManager - Adding key: http://localhost:61885 for channel [id: 0xe5291416, L:/127.0.0.1:51135 - R:localhost/127.0.0.1:61885]
19:59:25.358 [Forwarding screenshot on session 739e42bed2270a4d7ac423b39f2337d3 to remote] DEBUG org.asynchttpclient.netty.request.NettyRequestSender - Using pooled Channel '[id: 0xe5291416, L:/127.0.0.1:51135 - R:localhost/127.0.0.1:61885]' for 'GET' to 'http://localhost:61885/session/739e42bed2270a4d7ac423b39f2337d3/screenshot'
19:59:25.358 [Forwarding screenshot on session 739e42bed2270a4d7ac423b39f2337d3 to remote] DEBUG org.asynchttpclient.netty.request.NettyRequestSender - Using open Channel [id: 0xe5291416, L:/127.0.0.1:51135 - R:localhost/127.0.0.1:61885] for GET '/session/739e42bed2270a4d7ac423b39f2337d3/screenshot'
19:59:25.504 [AsyncHttpClient-1-3] DEBUG org.asynchttpclient.netty.handler.HttpHandler - 

Request DefaultFullHttpRequest(decodeResult: success, version: HTTP/1.1, content: EmptyByteBufBE)
GET /session/739e42bed2270a4d7ac423b39f2337d3/screenshot HTTP/1.1
User-Agent: selenium/4.1.4 (java windows)
Cache-Control: no-cache
Content-Type: application/json; charset=utf-8
host: localhost:61885
accept: */*

Response DefaultHttpResponse(decodeResult: success, version: HTTP/1.1)
HTTP/1.1 200 OK
Content-Type: application/json; charset=utf-8
cache-control: no-cache
content-length: 94224

19:59:25.504 [AsyncHttpClient-1-3] DEBUG org.asynchttpclient.netty.channel.ChannelManager - Adding key: http://localhost:61885 for channel [id: 0xe5291416, L:/127.0.0.1:51135 - R:localhost/127.0.0.1:61885]
19:59:25.504 [main] DEBUG net.serenitybdd.core.photography.Darkroom - Send negative for processing for target\site\serenity\d8995d53355f339f4fb28b83e217ed31623948699f05bcabf3cfc0d4f7aa0783.png
19:59:25.504 [main] DEBUG net.thucydides.core.steps.StepInterceptor - STEP DONE: validPagePasien
  &amp#27;[32mAnd &amp#27;[0m&amp#27;[32mValidate data kelola jadwal&amp#27;[0m                                      &amp#27;[90m# starter.stepdefinitios.KelolaJadwalSteps.validateDataKelolaJadwal()&amp#27;[0m
19:59:25.525 [AsyncHttpClient-1-5] DEBUG org.asynchttpclient.netty.handler.WebSocketHandler - Channel Closed: [id: 0x69228745, L:/127.0.0.1:51144 ! R:localhost/127.0.0.1:51137] with attribute NettyResponseFuture{currentRetry=5,
	isDone=1,
	isCancelled=0,
	asyncHandler=org.asynchttpclient.ws.WebSocketUpgradeHandler@bd1cffb,
	nettyRequest=org.asynchttpclient.netty.request.NettyRequest@8389f82,
	future=java.util.concurrent.CompletableFuture@6101560[Completed normally],
	uri=ws://localhost:51137/devtools/browser/393f5664-053b-4273-a5d8-c2a7b57dcfc2,
	keepAlive=true,
	redirectCount=0,
	timeoutsHolder=null,
	inAuth=0,
	touch=1658062715302}
19:59:25.525 [AsyncHttpClient-1-5] DEBUG org.asynchttpclient.netty.channel.ChannelManager - Closing Channel [id: 0x69228745, L:/127.0.0.1:51144 ! R:localhost/127.0.0.1:51137] 
19:59:25.525 [Driver Command Executor] DEBUG org.asynchttpclient.netty.request.NettyRequestSender - Using pooled Channel '[id: 0xe5291416, L:/127.0.0.1:51135 - R:localhost/127.0.0.1:61885]' for 'DELETE' to 'http://localhost:61885/session/739e42bed2270a4d7ac423b39f2337d3'
19:59:25.525 [Driver Command Executor] DEBUG org.asynchttpclient.netty.request.NettyRequestSender - Using open Channel [id: 0xe5291416, L:/127.0.0.1:51135 - R:localhost/127.0.0.1:61885] for DELETE '/session/739e42bed2270a4d7ac423b39f2337d3'
19:59:25.587 [AsyncHttpClient-1-4] DEBUG org.asynchttpclient.netty.handler.HttpHandler - Unexpected I/O exception on channel [id: 0xfb11e5ab, L:/127.0.0.1:51143 - R:localhost/127.0.0.1:51137]
java.io.IOException: An existing connection was forcibly closed by the remote host
	at java.base/sun.nio.ch.SocketDispatcher.read0(Native Method)
	at java.base/sun.nio.ch.SocketDispatcher.read(SocketDispatcher.java:43)
	at java.base/sun.nio.ch.IOUtil.readIntoNativeBuffer(IOUtil.java:276)
	at java.base/sun.nio.ch.IOUtil.read(IOUtil.java:233)
	at java.base/sun.nio.ch.IOUtil.read(IOUtil.java:223)
	at java.base/sun.nio.ch.SocketChannelImpl.read(SocketChannelImpl.java:356)
	at io.netty.buffer.PooledByteBuf.setBytes(PooledByteBuf.java:258)
	at io.netty.buffer.AbstractByteBuf.writeBytes(AbstractByteBuf.java:1132)
	at io.netty.channel.socket.nio.NioSocketChannel.doReadBytes(NioSocketChannel.java:357)
	at io.netty.channel.nio.AbstractNioByteChannel$NioByteUnsafe.read(AbstractNioByteChannel.java:151)
	at io.netty.channel.nio.NioEventLoop.processSelectedKey(NioEventLoop.java:722)
	at io.netty.channel.nio.NioEventLoop.processSelectedKeysOptimized(NioEventLoop.java:658)
	at io.netty.channel.nio.NioEventLoop.processSelectedKeys(NioEventLoop.java:584)
	at io.netty.channel.nio.NioEventLoop.run(NioEventLoop.java:496)
	at io.netty.util.concurrent.SingleThreadEventExecutor$4.run(SingleThreadEventExecutor.java:986)
	at io.netty.util.internal.ThreadExecutorMap$2.run(ThreadExecutorMap.java:74)
	at io.netty.util.concurrent.FastThreadLocalRunnable.run(FastThreadLocalRunnable.java:30)
	at java.base/java.lang.Thread.run(Thread.java:829)
19:59:25.587 [AsyncHttpClient-1-4] DEBUG org.asynchttpclient.netty.channel.ChannelManager - Closing Channel [id: 0xfb11e5ab, L:/127.0.0.1:51143 - R:localhost/127.0.0.1:51137] 
19:59:25.587 [AsyncHttpClient-1-4] DEBUG org.asynchttpclient.netty.handler.HttpHandler - Channel Closed: [id: 0xfb11e5ab, L:/127.0.0.1:51143 ! R:localhost/127.0.0.1:51137] with attribute DISCARD
19:59:25.653 [AsyncHttpClient-1-3] DEBUG org.asynchttpclient.netty.handler.HttpHandler - 

Request DefaultFullHttpRequest(decodeResult: success, version: HTTP/1.1, content: EmptyByteBufBE)
DELETE /session/739e42bed2270a4d7ac423b39f2337d3 HTTP/1.1
User-Agent: selenium/4.1.4 (java windows)
Content-Type: application/json; charset=utf-8
host: localhost:61885
accept: */*

Response DefaultHttpResponse(decodeResult: success, version: HTTP/1.1)
HTTP/1.1 200 OK
Content-Type: application/json; charset=utf-8
cache-control: no-cache
content-length: 14

19:59:25.654 [AsyncHttpClient-1-3] DEBUG org.asynchttpclient.netty.channel.ChannelManager - Adding key: http://localhost:61885 for channel [id: 0xe5291416, L:/127.0.0.1:51135 - R:localhost/127.0.0.1:61885]
19:59:25.736 [AsyncHttpClient-1-3] DEBUG org.asynchttpclient.netty.handler.HttpHandler - Channel Closed: [id: 0xe5291416, L:/127.0.0.1:51135 ! R:localhost/127.0.0.1:61885] with attribute DISCARD
19:59:25.769 [main] INFO  - 
  _____   ___   ___   _____     ___     _     ___   ___   ___   ___  
 |_   _| | __| / __| |_   _|   | _ \   /_\   / __| / __| | __| |   \ 
   | |   | _|  \__ \   | |     |  _/  / _ \  \__ \ \__ \ | _|  | |) |
   |_|   |___| |___/   |_|     |_|   /_/ \_\ |___/ |___/ |___| |___/ 

As a admin i want to Add Manage Schedule Rawat Jalan
----------------------------------------------------------------------
]]></system-out>
    <system-err><![CDATA[Starting ChromeDriver 103.0.5060.53 (a1711811edd74ff1cf2150f36ffa3b0dae40b17f-refs/branch-heads/5060@{#853}) on port 61885
Only local connections are allowed.
Please see https://chromedriver.chromium.org/security-considerations for suggestions on keeping ChromeDriver safe.
ChromeDriver was started successfully.
Jul 17, 2022 7:58:35 PM org.openqa.selenium.remote.ProtocolHandshake createSession
INFO: Detected dialect: W3C
Jul 17, 2022 7:58:35 PM org.openqa.selenium.devtools.CdpVersionFinder findNearestMatch
WARNING: Unable to find an exact match for CDP version 103, so returning the closest version found: 101
Jul 17, 2022 7:58:35 PM org.openqa.selenium.devtools.CdpVersionFinder findNearestMatch
INFO: Found CDP implementation for version 103 of 101
]]></system-err>
  </testcase>
  <testcase name="As a admin i want to Add Manage Schedule Rawat Biasa" classname="Kelola jadwal - admin" time="53.882">
    <system-out><![CDATA[
@KelolaJadwal111 @AddKelolaJadwalRawatBiasa
Scenario Outline: As a admin i want to Add Manage Schedule Rawat Biasa &amp#27;[90m# src/test/resources/features/5KelolaJadwal.feature:72&amp#27;[0m
19:59:25.786 [main] INFO io.cucumber.core.plugin.SerenityReporter - Running feature from file:///C:/Alterra/CapstoneBaru/QE/TestingWebUpdate/src/test/resources/features/5KelolaJadwal.feature
19:59:25.804 [main] INFO  - 
  _____   ___   ___   _____     ___   _____     _     ___   _____   ___   ___  
 |_   _| | __| / __| |_   _|   / __| |_   _|   /_\   | _ \ |_   _| | __| |   \ 
   | |   | _|  \__ \   | |     \__ \   | |    / _ \  |   /   | |   | _|  | |) |
   |_|   |___| |___/   |_|     |___/   |_|   /_/ \_\ |_|_\   |_|   |___| |___/ 

As a admin i want to Add Manage Schedule Rawat Biasa(kelola-jadwal---admin;as-a-admin-i-want-to-add-manage-schedule-rawat-biasa)
--------------------------------------------------------------------------------
19:59:25.870 [main] DEBUG net.thucydides.core.steps.StepInterceptor - STARTING STEP: LoginSteps.openLoginPage - openLogin
19:59:25.884 [main] INFO net.serenitybdd.core.webdriver.driverproviders.ChromeDriverProvider - Using automatically driver download
19:59:25.918 [AsyncHttpClient-1-1] DEBUG org.asynchttpclient.netty.channel.DefaultChannelPool - Entry count for : http://localhost:51137 : 1
19:59:25.918 [AsyncHttpClient-1-1] DEBUG org.asynchttpclient.netty.channel.DefaultChannelPool - Entry count for : http://localhost:61885 : 1
19:59:25.918 [AsyncHttpClient-1-1] DEBUG org.asynchttpclient.netty.channel.DefaultChannelPool - Adding Candidate expired Channel [id: 0xfb11e5ab, L:/127.0.0.1:51143 ! R:localhost/127.0.0.1:51137] isIdleTimeoutExpired=false isRemotelyClosed=true isTtlExpired=false
19:59:25.918 [AsyncHttpClient-1-1] DEBUG org.asynchttpclient.netty.channel.DefaultChannelPool - Closing Idle Channel [id: 0xfb11e5ab, L:/127.0.0.1:51143 ! R:localhost/127.0.0.1:51137]
19:59:25.918 [AsyncHttpClient-1-1] DEBUG org.asynchttpclient.netty.channel.DefaultChannelPool - Adding Candidate expired Channel [id: 0xe5291416, L:/127.0.0.1:51135 ! R:localhost/127.0.0.1:61885] isIdleTimeoutExpired=false isRemotelyClosed=true isTtlExpired=false
19:59:25.918 [AsyncHttpClient-1-1] DEBUG org.asynchttpclient.netty.channel.DefaultChannelPool - Closing Idle Channel [id: 0xe5291416, L:/127.0.0.1:51135 ! R:localhost/127.0.0.1:61885]
19:59:25.918 [AsyncHttpClient-1-1] DEBUG org.asynchttpclient.netty.channel.DefaultChannelPool - Closed 2 connections out of 2 in 0 ms
19:59:26.178 [main] DEBUG io.github.bonigarcia.wdm.cache.ResolutionCache - Resolution chrome=103 in cache (valid until 20:05:23 17/07/2022 ICT)
19:59:26.179 [main] DEBUG io.github.bonigarcia.wdm.cache.ResolutionCache - Resolution chrome103=103.0.5060.53 in cache (valid until 17:54:33 18/07/2022 ICT)
19:59:26.179 [main] INFO io.github.bonigarcia.wdm.WebDriverManager - Using chromedriver 103.0.5060.53 (resolved driver for Chrome 103)
19:59:26.199 [main] DEBUG io.github.bonigarcia.wdm.WebDriverManager - Driver chromedriver 103.0.5060.53 found in cache
19:59:26.199 [main] INFO io.github.bonigarcia.wdm.WebDriverManager - Exporting webdriver.chrome.driver as C:\Users\Bagas Dwi Saputra\.cache\selenium\chromedriver\win32\103.0.5060.53\chromedriver.exe
19:59:26.420 [main] DEBUG net.serenitybdd.core.webdriver.driverproviders.ProvideNewDriver - Instantiating driver
19:59:26.420 [main] DEBUG net.serenitybdd.core.webdriver.driverproviders.ProvideNewDriver - Driver capabilities: Capabilities {acceptInsecureCerts: false, base.url: https://fanciful-trifle-360..., browserName: chrome, chorme.driver: src/test/resources/webdrive..., driver: chrome, goog:chromeOptions: {args: [], extensions: []}}
19:59:26.518 [AsyncHttpClient-1-6] DEBUG org.asynchttpclient.netty.channel.NettyConnectListener - Using new Channel '[id: 0x8dc6a853, L:/127.0.0.1:51161 - R:localhost/127.0.0.1:58094]' for 'POST' to '/session'
19:59:27.433 [AsyncHttpClient-1-6] DEBUG org.asynchttpclient.netty.handler.HttpHandler - 

Request DefaultHttpRequest(decodeResult: success, version: HTTP/1.1)
POST /session HTTP/1.1
User-Agent: selenium/4.1.4 (java windows)
Content-Length: 629
Content-Type: application/json; charset=utf-8
host: localhost:58094
accept: */*

Response DefaultHttpResponse(decodeResult: success, version: HTTP/1.1)
HTTP/1.1 200 OK
Content-Type: application/json; charset=utf-8
cache-control: no-cache
content-length: 793

19:59:27.433 [AsyncHttpClient-1-6] DEBUG org.asynchttpclient.netty.channel.ChannelManager - Adding key: http://localhost:58094 for channel [id: 0x8dc6a853, L:/127.0.0.1:51161 - R:localhost/127.0.0.1:58094]
19:59:27.442 [AsyncHttpClient-1-7] DEBUG org.asynchttpclient.netty.channel.NettyConnectListener - Using new Channel '[id: 0x646802cb, L:/127.0.0.1:51168 - R:localhost/127.0.0.1:51162]' for 'GET' to '/json/version'
19:59:27.442 [AsyncHttpClient-1-7] DEBUG org.asynchttpclient.netty.handler.HttpHandler - 

Request DefaultFullHttpRequest(decodeResult: success, version: HTTP/1.1, content: EmptyByteBufBE)
GET /json/version HTTP/1.1
User-Agent: selenium/4.1.4 (java windows)
host: localhost:51162
accept: */*

Response DefaultHttpResponse(decodeResult: success, version: HTTP/1.1)
HTTP/1.1 200 OK
Content-Type: application/json; charset=UTF-8
content-length: 429

19:59:27.443 [AsyncHttpClient-1-7] DEBUG org.asynchttpclient.netty.channel.ChannelManager - Adding key: http://localhost:51162 for channel [id: 0x646802cb, L:/127.0.0.1:51168 - R:localhost/127.0.0.1:51162]
19:59:27.446 [AsyncHttpClient-1-8] DEBUG org.asynchttpclient.netty.channel.NettyConnectListener - Using new Channel '[id: 0x3467727a, L:/127.0.0.1:51169 - R:localhost/127.0.0.1:51162]' for 'GET' to '/devtools/browser/216dbe51-8efc-40e4-9365-33787418f5ae'
19:59:27.447 [AsyncHttpClient-1-8] DEBUG org.asynchttpclient.netty.handler.WebSocketHandler - 

Request DefaultFullHttpRequest(decodeResult: success, version: HTTP/1.1, content: EmptyByteBufBE)
GET /devtools/browser/216dbe51-8efc-40e4-9365-33787418f5ae HTTP/1.1
upgrade: websocket
connection: upgrade
sec-websocket-key: WLl/6WyeS7kTZvN0sras0w==
sec-websocket-version: 13
origin: http://localhost:51162
host: localhost:51162
accept: */*
user-agent: AHC/2.1

Response DefaultHttpResponse(decodeResult: success, version: HTTP/1.1)
HTTP/1.1 101 WebSocket Protocol Handshake
Upgrade: WebSocket
Connection: Upgrade
Sec-WebSocket-Accept: g0HvKp9t2RD9p02I+3tZhTtW9dE=

19:59:27.453 [Forwarding get on session 32de8b571a9e4b1eda26c30fc740b3f0 to remote] DEBUG org.asynchttpclient.netty.request.NettyRequestSender - Using pooled Channel '[id: 0x8dc6a853, L:/127.0.0.1:51161 - R:localhost/127.0.0.1:58094]' for 'POST' to 'http://localhost:58094/session/32de8b571a9e4b1eda26c30fc740b3f0/url'
19:59:27.453 [Forwarding get on session 32de8b571a9e4b1eda26c30fc740b3f0 to remote] DEBUG org.asynchttpclient.netty.request.NettyRequestSender - Using open Channel [id: 0x8dc6a853, L:/127.0.0.1:51161 - R:localhost/127.0.0.1:58094] for POST '/session/32de8b571a9e4b1eda26c30fc740b3f0/url'
19:59:28.109 [AsyncHttpClient-1-1] DEBUG org.asynchttpclient.netty.channel.DefaultChannelPool - Entry count for : http://localhost:51162 : 1
19:59:29.209 [AsyncHttpClient-1-1] DEBUG org.asynchttpclient.netty.channel.DefaultChannelPool - Entry count for : http://localhost:51162 : 1
19:59:29.339 [AsyncHttpClient-1-6] DEBUG org.asynchttpclient.netty.handler.HttpHandler - 

Request DefaultHttpRequest(decodeResult: success, version: HTTP/1.1)
POST /session/32de8b571a9e4b1eda26c30fc740b3f0/url HTTP/1.1
User-Agent: selenium/4.1.4 (java windows)
Content-Length: 78
Content-Type: application/json; charset=utf-8
host: localhost:58094
accept: */*

Response DefaultHttpResponse(decodeResult: success, version: HTTP/1.1)
HTTP/1.1 200 OK
Content-Type: application/json; charset=utf-8
cache-control: no-cache
content-length: 14

19:59:29.339 [AsyncHttpClient-1-6] DEBUG org.asynchttpclient.netty.channel.ChannelManager - Adding key: http://localhost:58094 for channel [id: 0x8dc6a853, L:/127.0.0.1:51161 - R:localhost/127.0.0.1:58094]
19:59:29.342 [Forwarding setTimeout on session 32de8b571a9e4b1eda26c30fc740b3f0 to remote] DEBUG org.asynchttpclient.netty.request.NettyRequestSender - Using pooled Channel '[id: 0x8dc6a853, L:/127.0.0.1:51161 - R:localhost/127.0.0.1:58094]' for 'POST' to 'http://localhost:58094/session/32de8b571a9e4b1eda26c30fc740b3f0/timeouts'
19:59:29.342 [Forwarding setTimeout on session 32de8b571a9e4b1eda26c30fc740b3f0 to remote] DEBUG org.asynchttpclient.netty.request.NettyRequestSender - Using open Channel [id: 0x8dc6a853, L:/127.0.0.1:51161 - R:localhost/127.0.0.1:58094] for POST '/session/32de8b571a9e4b1eda26c30fc740b3f0/timeouts'
19:59:29.343 [AsyncHttpClient-1-6] DEBUG org.asynchttpclient.netty.handler.HttpHandler - 

Request DefaultHttpRequest(decodeResult: success, version: HTTP/1.1)
POST /session/32de8b571a9e4b1eda26c30fc740b3f0/timeouts HTTP/1.1
User-Agent: selenium/4.1.4 (java windows)
Content-Length: 22
Content-Type: application/json; charset=utf-8
host: localhost:58094
accept: */*

Response DefaultHttpResponse(decodeResult: success, version: HTTP/1.1)
HTTP/1.1 200 OK
Content-Type: application/json; charset=utf-8
cache-control: no-cache
content-length: 14

19:59:29.343 [AsyncHttpClient-1-6] DEBUG org.asynchttpclient.netty.channel.ChannelManager - Adding key: http://localhost:58094 for channel [id: 0x8dc6a853, L:/127.0.0.1:51161 - R:localhost/127.0.0.1:58094]
19:59:29.345 [Forwarding getCurrentUrl on session 32de8b571a9e4b1eda26c30fc740b3f0 to remote] DEBUG org.asynchttpclient.netty.request.NettyRequestSender - Using pooled Channel '[id: 0x8dc6a853, L:/127.0.0.1:51161 - R:localhost/127.0.0.1:58094]' for 'GET' to 'http://localhost:58094/session/32de8b571a9e4b1eda26c30fc740b3f0/url'
19:59:29.345 [Forwarding getCurrentUrl on session 32de8b571a9e4b1eda26c30fc740b3f0 to remote] DEBUG org.asynchttpclient.netty.request.NettyRequestSender - Using open Channel [id: 0x8dc6a853, L:/127.0.0.1:51161 - R:localhost/127.0.0.1:58094] for GET '/session/32de8b571a9e4b1eda26c30fc740b3f0/url'
19:59:29.351 [AsyncHttpClient-1-6] DEBUG org.asynchttpclient.netty.handler.HttpHandler - 

Request DefaultFullHttpRequest(decodeResult: success, version: HTTP/1.1, content: EmptyByteBufBE)
GET /session/32de8b571a9e4b1eda26c30fc740b3f0/url HTTP/1.1
User-Agent: selenium/4.1.4 (java windows)
Cache-Control: no-cache
Content-Type: application/json; charset=utf-8
host: localhost:58094
accept: */*

Response DefaultHttpResponse(decodeResult: success, version: HTTP/1.1)
HTTP/1.1 200 OK
Content-Type: application/json; charset=utf-8
cache-control: no-cache
content-length: 60

19:59:29.352 [AsyncHttpClient-1-6] DEBUG org.asynchttpclient.netty.channel.ChannelManager - Adding key: http://localhost:58094 for channel [id: 0x8dc6a853, L:/127.0.0.1:51161 - R:localhost/127.0.0.1:58094]
19:59:29.356 [Forwarding screenshot on session 32de8b571a9e4b1eda26c30fc740b3f0 to remote] DEBUG org.asynchttpclient.netty.request.NettyRequestSender - Using pooled Channel '[id: 0x8dc6a853, L:/127.0.0.1:51161 - R:localhost/127.0.0.1:58094]' for 'GET' to 'http://localhost:58094/session/32de8b571a9e4b1eda26c30fc740b3f0/screenshot'
19:59:29.356 [Forwarding screenshot on session 32de8b571a9e4b1eda26c30fc740b3f0 to remote] DEBUG org.asynchttpclient.netty.request.NettyRequestSender - Using open Channel [id: 0x8dc6a853, L:/127.0.0.1:51161 - R:localhost/127.0.0.1:58094] for GET '/session/32de8b571a9e4b1eda26c30fc740b3f0/screenshot'
19:59:29.705 [AsyncHttpClient-1-6] DEBUG org.asynchttpclient.netty.handler.HttpHandler - 

Request DefaultFullHttpRequest(decodeResult: success, version: HTTP/1.1, content: EmptyByteBufBE)
GET /session/32de8b571a9e4b1eda26c30fc740b3f0/screenshot HTTP/1.1
User-Agent: selenium/4.1.4 (java windows)
Cache-Control: no-cache
Content-Type: application/json; charset=utf-8
host: localhost:58094
accept: */*

Response DefaultHttpResponse(decodeResult: success, version: HTTP/1.1)
HTTP/1.1 200 OK
Content-Type: application/json; charset=utf-8
cache-control: no-cache
content-length: 380436

19:59:29.705 [AsyncHttpClient-1-6] DEBUG org.asynchttpclient.netty.channel.ChannelManager - Adding key: http://localhost:58094 for channel [id: 0x8dc6a853, L:/127.0.0.1:51161 - R:localhost/127.0.0.1:58094]
19:59:29.724 [main] DEBUG net.serenitybdd.core.photography.Darkroom - Send negative for processing for target\site\serenity\d122c364c40ece9db0ad32cd97c3fcf63e95ba606118dda8d3e5a1d2b8235ce2.png
19:59:29.724 [main] DEBUG net.thucydides.core.steps.StepInterceptor - STEP DONE: openLogin
  &amp#27;[32mGiven &amp#27;[0m&amp#27;[32mOpen login page&amp#27;[0m                                                &amp#27;[90m# starter.stepdefinitios.LoginSteps.openLoginPage()&amp#27;[0m
19:59:30.249 [Forwarding findElement on session 32de8b571a9e4b1eda26c30fc740b3f0 to remote] DEBUG org.asynchttpclient.netty.request.NettyRequestSender - Using pooled Channel '[id: 0x8dc6a853, L:/127.0.0.1:51161 - R:localhost/127.0.0.1:58094]' for 'POST' to 'http://localhost:58094/session/32de8b571a9e4b1eda26c30fc740b3f0/element'
19:59:30.249 [Forwarding findElement on session 32de8b571a9e4b1eda26c30fc740b3f0 to remote] DEBUG org.asynchttpclient.netty.request.NettyRequestSender - Using open Channel [id: 0x8dc6a853, L:/127.0.0.1:51161 - R:localhost/127.0.0.1:58094] for POST '/session/32de8b571a9e4b1eda26c30fc740b3f0/element'
19:59:30.280 [AsyncHttpClient-1-6] DEBUG org.asynchttpclient.netty.handler.HttpHandler - 

Request DefaultHttpRequest(decodeResult: success, version: HTTP/1.1)
POST /session/32de8b571a9e4b1eda26c30fc740b3f0/element HTTP/1.1
User-Agent: selenium/4.1.4 (java windows)
Content-Length: 70
Content-Type: application/json; charset=utf-8
host: localhost:58094
accept: */*

Response DefaultHttpResponse(decodeResult: success, version: HTTP/1.1)
HTTP/1.1 200 OK
Content-Type: application/json; charset=utf-8
cache-control: no-cache
content-length: 88

19:59:30.280 [AsyncHttpClient-1-6] DEBUG org.asynchttpclient.netty.channel.ChannelManager - Adding key: http://localhost:58094 for channel [id: 0x8dc6a853, L:/127.0.0.1:51161 - R:localhost/127.0.0.1:58094]
19:59:30.281 [Forwarding sendKeysToElement on session 32de8b571a9e4b1eda26c30fc740b3f0 to remote] DEBUG org.asynchttpclient.netty.request.NettyRequestSender - Using pooled Channel '[id: 0x8dc6a853, L:/127.0.0.1:51161 - R:localhost/127.0.0.1:58094]' for 'POST' to 'http://localhost:58094/session/32de8b571a9e4b1eda26c30fc740b3f0/element/8a350ceb-8bd6-4fba-873a-68079ff58a52/value'
19:59:30.281 [Forwarding sendKeysToElement on session 32de8b571a9e4b1eda26c30fc740b3f0 to remote] DEBUG org.asynchttpclient.netty.request.NettyRequestSender - Using open Channel [id: 0x8dc6a853, L:/127.0.0.1:51161 - R:localhost/127.0.0.1:58094] for POST '/session/32de8b571a9e4b1eda26c30fc740b3f0/element/8a350ceb-8bd6-4fba-873a-68079ff58a52/value'
19:59:30.311 [AsyncHttpClient-1-1] DEBUG org.asynchttpclient.netty.channel.DefaultChannelPool - Entry count for : http://localhost:51162 : 1
19:59:30.493 [AsyncHttpClient-1-6] DEBUG org.asynchttpclient.netty.handler.HttpHandler - 

Request DefaultHttpRequest(decodeResult: success, version: HTTP/1.1)
POST /session/32de8b571a9e4b1eda26c30fc740b3f0/element/8a350ceb-8bd6-4fba-873a-68079ff58a52/value HTTP/1.1
User-Agent: selenium/4.1.4 (java windows)
Content-Length: 131
Content-Type: application/json; charset=utf-8
host: localhost:58094
accept: */*

Response DefaultHttpResponse(decodeResult: success, version: HTTP/1.1)
HTTP/1.1 200 OK
Content-Type: application/json; charset=utf-8
cache-control: no-cache
content-length: 14

19:59:30.493 [AsyncHttpClient-1-6] DEBUG org.asynchttpclient.netty.channel.ChannelManager - Adding key: http://localhost:58094 for channel [id: 0x8dc6a853, L:/127.0.0.1:51161 - R:localhost/127.0.0.1:58094]
  &amp#27;[32mAnd &amp#27;[0m&amp#27;[32mI input &amp#27;[0m&amp#27;[32m&amp#27;[1m"admin"&amp#27;[0m&amp#27;[32m login email valid&amp#27;[0m                                &amp#27;[90m# starter.stepdefinitios.LoginSteps.iInputLoginEmailValid(java.lang.String)&amp#27;[0m
19:59:30.503 [Forwarding screenshot on session 32de8b571a9e4b1eda26c30fc740b3f0 to remote] DEBUG org.asynchttpclient.netty.request.NettyRequestSender - Using pooled Channel '[id: 0x8dc6a853, L:/127.0.0.1:51161 - R:localhost/127.0.0.1:58094]' for 'GET' to 'http://localhost:58094/session/32de8b571a9e4b1eda26c30fc740b3f0/screenshot'
19:59:30.503 [Forwarding screenshot on session 32de8b571a9e4b1eda26c30fc740b3f0 to remote] DEBUG org.asynchttpclient.netty.request.NettyRequestSender - Using open Channel [id: 0x8dc6a853, L:/127.0.0.1:51161 - R:localhost/127.0.0.1:58094] for GET '/session/32de8b571a9e4b1eda26c30fc740b3f0/screenshot'
19:59:30.756 [AsyncHttpClient-1-6] DEBUG org.asynchttpclient.netty.handler.HttpHandler - 

Request DefaultFullHttpRequest(decodeResult: success, version: HTTP/1.1, content: EmptyByteBufBE)
GET /session/32de8b571a9e4b1eda26c30fc740b3f0/screenshot HTTP/1.1
User-Agent: selenium/4.1.4 (java windows)
Cache-Control: no-cache
Content-Type: application/json; charset=utf-8
host: localhost:58094
accept: */*

Response DefaultHttpResponse(decodeResult: success, version: HTTP/1.1)
HTTP/1.1 200 OK
Content-Type: application/json; charset=utf-8
cache-control: no-cache
content-length: 379420

19:59:30.756 [AsyncHttpClient-1-6] DEBUG org.asynchttpclient.netty.channel.ChannelManager - Adding key: http://localhost:58094 for channel [id: 0x8dc6a853, L:/127.0.0.1:51161 - R:localhost/127.0.0.1:58094]
19:59:30.773 [main] DEBUG net.serenitybdd.core.photography.Darkroom - Send negative for processing for target\site\serenity\93df20195d3751dea78ac30a105f84d37c410e0341f58ded6fb231b5b47402e6.png
19:59:31.305 [Forwarding screenshot on session 32de8b571a9e4b1eda26c30fc740b3f0 to remote] DEBUG org.asynchttpclient.netty.request.NettyRequestSender - Using pooled Channel '[id: 0x8dc6a853, L:/127.0.0.1:51161 - R:localhost/127.0.0.1:58094]' for 'GET' to 'http://localhost:58094/session/32de8b571a9e4b1eda26c30fc740b3f0/screenshot'
19:59:31.305 [Forwarding screenshot on session 32de8b571a9e4b1eda26c30fc740b3f0 to remote] DEBUG org.asynchttpclient.netty.request.NettyRequestSender - Using open Channel [id: 0x8dc6a853, L:/127.0.0.1:51161 - R:localhost/127.0.0.1:58094] for GET '/session/32de8b571a9e4b1eda26c30fc740b3f0/screenshot'
19:59:31.423 [AsyncHttpClient-1-1] DEBUG org.asynchttpclient.netty.channel.DefaultChannelPool - Entry count for : http://localhost:51162 : 1
19:59:31.600 [AsyncHttpClient-1-6] DEBUG org.asynchttpclient.netty.handler.HttpHandler - 

Request DefaultFullHttpRequest(decodeResult: success, version: HTTP/1.1, content: EmptyByteBufBE)
GET /session/32de8b571a9e4b1eda26c30fc740b3f0/screenshot HTTP/1.1
User-Agent: selenium/4.1.4 (java windows)
Cache-Control: no-cache
Content-Type: application/json; charset=utf-8
host: localhost:58094
accept: */*

Response DefaultHttpResponse(decodeResult: success, version: HTTP/1.1)
HTTP/1.1 200 OK
Content-Type: application/json; charset=utf-8
cache-control: no-cache
content-length: 379404

19:59:31.601 [AsyncHttpClient-1-6] DEBUG org.asynchttpclient.netty.channel.ChannelManager - Adding key: http://localhost:58094 for channel [id: 0x8dc6a853, L:/127.0.0.1:51161 - R:localhost/127.0.0.1:58094]
19:59:31.617 [main] DEBUG net.serenitybdd.core.photography.Darkroom - Send negative for processing for target\site\serenity\f684e1524ced0278b0b6c6b37709a7cbfb8281aeb576b04a4743fda17448b798.png
19:59:31.618 [main] DEBUG net.thucydides.core.steps.StepInterceptor - STARTING STEP: LoginSteps.iInputLoginPasswordValid - inputPasswordLogin
19:59:31.620 [Forwarding findElement on session 32de8b571a9e4b1eda26c30fc740b3f0 to remote] DEBUG org.asynchttpclient.netty.request.NettyRequestSender - Using pooled Channel '[id: 0x8dc6a853, L:/127.0.0.1:51161 - R:localhost/127.0.0.1:58094]' for 'POST' to 'http://localhost:58094/session/32de8b571a9e4b1eda26c30fc740b3f0/element'
19:59:31.620 [Forwarding findElement on session 32de8b571a9e4b1eda26c30fc740b3f0 to remote] DEBUG org.asynchttpclient.netty.request.NettyRequestSender - Using open Channel [id: 0x8dc6a853, L:/127.0.0.1:51161 - R:localhost/127.0.0.1:58094] for POST '/session/32de8b571a9e4b1eda26c30fc740b3f0/element'
19:59:31.637 [AsyncHttpClient-1-6] DEBUG org.asynchttpclient.netty.handler.HttpHandler - 

Request DefaultHttpRequest(decodeResult: success, version: HTTP/1.1)
POST /session/32de8b571a9e4b1eda26c30fc740b3f0/element HTTP/1.1
User-Agent: selenium/4.1.4 (java windows)
Content-Length: 70
Content-Type: application/json; charset=utf-8
host: localhost:58094
accept: */*

Response DefaultHttpResponse(decodeResult: success, version: HTTP/1.1)
HTTP/1.1 200 OK
Content-Type: application/json; charset=utf-8
cache-control: no-cache
content-length: 88

19:59:31.637 [AsyncHttpClient-1-6] DEBUG org.asynchttpclient.netty.channel.ChannelManager - Adding key: http://localhost:58094 for channel [id: 0x8dc6a853, L:/127.0.0.1:51161 - R:localhost/127.0.0.1:58094]
19:59:31.639 [Forwarding sendKeysToElement on session 32de8b571a9e4b1eda26c30fc740b3f0 to remote] DEBUG org.asynchttpclient.netty.request.NettyRequestSender - Using pooled Channel '[id: 0x8dc6a853, L:/127.0.0.1:51161 - R:localhost/127.0.0.1:58094]' for 'POST' to 'http://localhost:58094/session/32de8b571a9e4b1eda26c30fc740b3f0/element/cc55518c-6a4b-4ae8-ab8e-69eba78a1331/value'
19:59:31.640 [Forwarding sendKeysToElement on session 32de8b571a9e4b1eda26c30fc740b3f0 to remote] DEBUG org.asynchttpclient.netty.request.NettyRequestSender - Using open Channel [id: 0x8dc6a853, L:/127.0.0.1:51161 - R:localhost/127.0.0.1:58094] for POST '/session/32de8b571a9e4b1eda26c30fc740b3f0/element/cc55518c-6a4b-4ae8-ab8e-69eba78a1331/value'
19:59:31.770 [AsyncHttpClient-1-6] DEBUG org.asynchttpclient.netty.handler.HttpHandler - 

Request DefaultHttpRequest(decodeResult: success, version: HTTP/1.1)
POST /session/32de8b571a9e4b1eda26c30fc740b3f0/element/cc55518c-6a4b-4ae8-ab8e-69eba78a1331/value HTTP/1.1
User-Agent: selenium/4.1.4 (java windows)
Content-Length: 161
Content-Type: application/json; charset=utf-8
host: localhost:58094
accept: */*

Response DefaultHttpResponse(decodeResult: success, version: HTTP/1.1)
HTTP/1.1 200 OK
Content-Type: application/json; charset=utf-8
cache-control: no-cache
content-length: 14

19:59:31.770 [AsyncHttpClient-1-6] DEBUG org.asynchttpclient.netty.channel.ChannelManager - Adding key: http://localhost:58094 for channel [id: 0x8dc6a853, L:/127.0.0.1:51161 - R:localhost/127.0.0.1:58094]
19:59:31.778 [Forwarding screenshot on session 32de8b571a9e4b1eda26c30fc740b3f0 to remote] DEBUG org.asynchttpclient.netty.request.NettyRequestSender - Using pooled Channel '[id: 0x8dc6a853, L:/127.0.0.1:51161 - R:localhost/127.0.0.1:58094]' for 'GET' to 'http://localhost:58094/session/32de8b571a9e4b1eda26c30fc740b3f0/screenshot'
19:59:31.778 [Forwarding screenshot on session 32de8b571a9e4b1eda26c30fc740b3f0 to remote] DEBUG org.asynchttpclient.netty.request.NettyRequestSender - Using open Channel [id: 0x8dc6a853, L:/127.0.0.1:51161 - R:localhost/127.0.0.1:58094] for GET '/session/32de8b571a9e4b1eda26c30fc740b3f0/screenshot'
19:59:32.006 [AsyncHttpClient-1-6] DEBUG org.asynchttpclient.netty.handler.HttpHandler - 

Request DefaultFullHttpRequest(decodeResult: success, version: HTTP/1.1, content: EmptyByteBufBE)
GET /session/32de8b571a9e4b1eda26c30fc740b3f0/screenshot HTTP/1.1
User-Agent: selenium/4.1.4 (java windows)
Cache-Control: no-cache
Content-Type: application/json; charset=utf-8
host: localhost:58094
accept: */*

Response DefaultHttpResponse(decodeResult: success, version: HTTP/1.1)
HTTP/1.1 200 OK
Content-Type: application/json; charset=utf-8
cache-control: no-cache
content-length: 377580

19:59:32.006 [AsyncHttpClient-1-6] DEBUG org.asynchttpclient.netty.channel.ChannelManager - Adding key: http://localhost:58094 for channel [id: 0x8dc6a853, L:/127.0.0.1:51161 - R:localhost/127.0.0.1:58094]
19:59:32.028 [main] DEBUG net.serenitybdd.core.photography.Darkroom - Send negative for processing for target\site\serenity\44fa0aa493cf3a3837a7fab79c30bded8f584eda85d2cfd055a7ef5b4e3f0a4a.png
19:59:32.028 [main] DEBUG net.thucydides.core.steps.StepInterceptor - STEP DONE: inputPasswordLogin
  &amp#27;[32mAnd &amp#27;[0m&amp#27;[32mI input &amp#27;[0m&amp#27;[32m&amp#27;[1m"admin123"&amp#27;[0m&amp#27;[32m login password valid&amp#27;[0m                          &amp#27;[90m# starter.stepdefinitios.LoginSteps.iInputLoginPasswordValid(java.lang.String)&amp#27;[0m
19:59:32.051 [main] DEBUG net.thucydides.core.steps.StepInterceptor - STARTING STEP: LoginSteps.iClickButtonLogin - clickButtonLogin
19:59:32.053 [Forwarding findElement on session 32de8b571a9e4b1eda26c30fc740b3f0 to remote] DEBUG org.asynchttpclient.netty.request.NettyRequestSender - Using pooled Channel '[id: 0x8dc6a853, L:/127.0.0.1:51161 - R:localhost/127.0.0.1:58094]' for 'POST' to 'http://localhost:58094/session/32de8b571a9e4b1eda26c30fc740b3f0/element'
19:59:32.053 [Forwarding findElement on session 32de8b571a9e4b1eda26c30fc740b3f0 to remote] DEBUG org.asynchttpclient.netty.request.NettyRequestSender - Using open Channel [id: 0x8dc6a853, L:/127.0.0.1:51161 - R:localhost/127.0.0.1:58094] for POST '/session/32de8b571a9e4b1eda26c30fc740b3f0/element'
19:59:32.070 [AsyncHttpClient-1-6] DEBUG org.asynchttpclient.netty.handler.HttpHandler - 

Request DefaultHttpRequest(decodeResult: success, version: HTTP/1.1)
POST /session/32de8b571a9e4b1eda26c30fc740b3f0/element HTTP/1.1
User-Agent: selenium/4.1.4 (java windows)
Content-Length: 68
Content-Type: application/json; charset=utf-8
host: localhost:58094
accept: */*

Response DefaultHttpResponse(decodeResult: success, version: HTTP/1.1)
HTTP/1.1 200 OK
Content-Type: application/json; charset=utf-8
cache-control: no-cache
content-length: 88

19:59:32.070 [AsyncHttpClient-1-6] DEBUG org.asynchttpclient.netty.channel.ChannelManager - Adding key: http://localhost:58094 for channel [id: 0x8dc6a853, L:/127.0.0.1:51161 - R:localhost/127.0.0.1:58094]
19:59:32.071 [Forwarding getElementTagName on session 32de8b571a9e4b1eda26c30fc740b3f0 to remote] DEBUG org.asynchttpclient.netty.request.NettyRequestSender - Using pooled Channel '[id: 0x8dc6a853, L:/127.0.0.1:51161 - R:localhost/127.0.0.1:58094]' for 'GET' to 'http://localhost:58094/session/32de8b571a9e4b1eda26c30fc740b3f0/element/85d42b86-73be-4e9f-a98a-a8c1cacec19c/name'
19:59:32.071 [Forwarding getElementTagName on session 32de8b571a9e4b1eda26c30fc740b3f0 to remote] DEBUG org.asynchttpclient.netty.request.NettyRequestSender - Using open Channel [id: 0x8dc6a853, L:/127.0.0.1:51161 - R:localhost/127.0.0.1:58094] for GET '/session/32de8b571a9e4b1eda26c30fc740b3f0/element/85d42b86-73be-4e9f-a98a-a8c1cacec19c/name'
19:59:32.076 [AsyncHttpClient-1-6] DEBUG org.asynchttpclient.netty.handler.HttpHandler - 

Request DefaultFullHttpRequest(decodeResult: success, version: HTTP/1.1, content: EmptyByteBufBE)
GET /session/32de8b571a9e4b1eda26c30fc740b3f0/element/85d42b86-73be-4e9f-a98a-a8c1cacec19c/name HTTP/1.1
User-Agent: selenium/4.1.4 (java windows)
Cache-Control: no-cache
Content-Type: application/json; charset=utf-8
host: localhost:58094
accept: */*

Response DefaultHttpResponse(decodeResult: success, version: HTTP/1.1)
HTTP/1.1 200 OK
Content-Type: application/json; charset=utf-8
cache-control: no-cache
content-length: 18

19:59:32.076 [AsyncHttpClient-1-6] DEBUG org.asynchttpclient.netty.channel.ChannelManager - Adding key: http://localhost:58094 for channel [id: 0x8dc6a853, L:/127.0.0.1:51161 - R:localhost/127.0.0.1:58094]
19:59:32.077 [Forwarding getElementTagName on session 32de8b571a9e4b1eda26c30fc740b3f0 to remote] DEBUG org.asynchttpclient.netty.request.NettyRequestSender - Using pooled Channel '[id: 0x8dc6a853, L:/127.0.0.1:51161 - R:localhost/127.0.0.1:58094]' for 'GET' to 'http://localhost:58094/session/32de8b571a9e4b1eda26c30fc740b3f0/element/85d42b86-73be-4e9f-a98a-a8c1cacec19c/name'
19:59:32.077 [Forwarding getElementTagName on session 32de8b571a9e4b1eda26c30fc740b3f0 to remote] DEBUG org.asynchttpclient.netty.request.NettyRequestSender - Using open Channel [id: 0x8dc6a853, L:/127.0.0.1:51161 - R:localhost/127.0.0.1:58094] for GET '/session/32de8b571a9e4b1eda26c30fc740b3f0/element/85d42b86-73be-4e9f-a98a-a8c1cacec19c/name'
19:59:32.080 [AsyncHttpClient-1-6] DEBUG org.asynchttpclient.netty.handler.HttpHandler - 

Request DefaultFullHttpRequest(decodeResult: success, version: HTTP/1.1, content: EmptyByteBufBE)
GET /session/32de8b571a9e4b1eda26c30fc740b3f0/element/85d42b86-73be-4e9f-a98a-a8c1cacec19c/name HTTP/1.1
User-Agent: selenium/4.1.4 (java windows)
Cache-Control: no-cache
Content-Type: application/json; charset=utf-8
host: localhost:58094
accept: */*

Response DefaultHttpResponse(decodeResult: success, version: HTTP/1.1)
HTTP/1.1 200 OK
Content-Type: application/json; charset=utf-8
cache-control: no-cache
content-length: 18

19:59:32.080 [AsyncHttpClient-1-6] DEBUG org.asynchttpclient.netty.channel.ChannelManager - Adding key: http://localhost:58094 for channel [id: 0x8dc6a853, L:/127.0.0.1:51161 - R:localhost/127.0.0.1:58094]
19:59:32.082 [Forwarding isElementEnabled on session 32de8b571a9e4b1eda26c30fc740b3f0 to remote] DEBUG org.asynchttpclient.netty.request.NettyRequestSender - Using pooled Channel '[id: 0x8dc6a853, L:/127.0.0.1:51161 - R:localhost/127.0.0.1:58094]' for 'GET' to 'http://localhost:58094/session/32de8b571a9e4b1eda26c30fc740b3f0/element/85d42b86-73be-4e9f-a98a-a8c1cacec19c/enabled'
19:59:32.082 [Forwarding isElementEnabled on session 32de8b571a9e4b1eda26c30fc740b3f0 to remote] DEBUG org.asynchttpclient.netty.request.NettyRequestSender - Using open Channel [id: 0x8dc6a853, L:/127.0.0.1:51161 - R:localhost/127.0.0.1:58094] for GET '/session/32de8b571a9e4b1eda26c30fc740b3f0/element/85d42b86-73be-4e9f-a98a-a8c1cacec19c/enabled'
19:59:32.089 [AsyncHttpClient-1-6] DEBUG org.asynchttpclient.netty.handler.HttpHandler - 

Request DefaultFullHttpRequest(decodeResult: success, version: HTTP/1.1, content: EmptyByteBufBE)
GET /session/32de8b571a9e4b1eda26c30fc740b3f0/element/85d42b86-73be-4e9f-a98a-a8c1cacec19c/enabled HTTP/1.1
User-Agent: selenium/4.1.4 (java windows)
Cache-Control: no-cache
Content-Type: application/json; charset=utf-8
host: localhost:58094
accept: */*

Response DefaultHttpResponse(decodeResult: success, version: HTTP/1.1)
HTTP/1.1 200 OK
Content-Type: application/json; charset=utf-8
cache-control: no-cache
content-length: 14

19:59:32.089 [AsyncHttpClient-1-6] DEBUG org.asynchttpclient.netty.channel.ChannelManager - Adding key: http://localhost:58094 for channel [id: 0x8dc6a853, L:/127.0.0.1:51161 - R:localhost/127.0.0.1:58094]
19:59:32.091 [Forwarding isElementEnabled on session 32de8b571a9e4b1eda26c30fc740b3f0 to remote] DEBUG org.asynchttpclient.netty.request.NettyRequestSender - Using pooled Channel '[id: 0x8dc6a853, L:/127.0.0.1:51161 - R:localhost/127.0.0.1:58094]' for 'GET' to 'http://localhost:58094/session/32de8b571a9e4b1eda26c30fc740b3f0/element/85d42b86-73be-4e9f-a98a-a8c1cacec19c/enabled'
19:59:32.091 [Forwarding isElementEnabled on session 32de8b571a9e4b1eda26c30fc740b3f0 to remote] DEBUG org.asynchttpclient.netty.request.NettyRequestSender - Using open Channel [id: 0x8dc6a853, L:/127.0.0.1:51161 - R:localhost/127.0.0.1:58094] for GET '/session/32de8b571a9e4b1eda26c30fc740b3f0/element/85d42b86-73be-4e9f-a98a-a8c1cacec19c/enabled'
19:59:32.099 [AsyncHttpClient-1-6] DEBUG org.asynchttpclient.netty.handler.HttpHandler - 

Request DefaultFullHttpRequest(decodeResult: success, version: HTTP/1.1, content: EmptyByteBufBE)
GET /session/32de8b571a9e4b1eda26c30fc740b3f0/element/85d42b86-73be-4e9f-a98a-a8c1cacec19c/enabled HTTP/1.1
User-Agent: selenium/4.1.4 (java windows)
Cache-Control: no-cache
Content-Type: application/json; charset=utf-8
host: localhost:58094
accept: */*

Response DefaultHttpResponse(decodeResult: success, version: HTTP/1.1)
HTTP/1.1 200 OK
Content-Type: application/json; charset=utf-8
cache-control: no-cache
content-length: 14

19:59:32.099 [AsyncHttpClient-1-6] DEBUG org.asynchttpclient.netty.channel.ChannelManager - Adding key: http://localhost:58094 for channel [id: 0x8dc6a853, L:/127.0.0.1:51161 - R:localhost/127.0.0.1:58094]
19:59:32.100 [Forwarding findElement on session 32de8b571a9e4b1eda26c30fc740b3f0 to remote] DEBUG org.asynchttpclient.netty.request.NettyRequestSender - Using pooled Channel '[id: 0x8dc6a853, L:/127.0.0.1:51161 - R:localhost/127.0.0.1:58094]' for 'POST' to 'http://localhost:58094/session/32de8b571a9e4b1eda26c30fc740b3f0/element'
19:59:32.100 [Forwarding findElement on session 32de8b571a9e4b1eda26c30fc740b3f0 to remote] DEBUG org.asynchttpclient.netty.request.NettyRequestSender - Using open Channel [id: 0x8dc6a853, L:/127.0.0.1:51161 - R:localhost/127.0.0.1:58094] for POST '/session/32de8b571a9e4b1eda26c30fc740b3f0/element'
19:59:32.107 [AsyncHttpClient-1-6] DEBUG org.asynchttpclient.netty.handler.HttpHandler - 

Request DefaultHttpRequest(decodeResult: success, version: HTTP/1.1)
POST /session/32de8b571a9e4b1eda26c30fc740b3f0/element HTTP/1.1
User-Agent: selenium/4.1.4 (java windows)
Content-Length: 68
Content-Type: application/json; charset=utf-8
host: localhost:58094
accept: */*

Response DefaultHttpResponse(decodeResult: success, version: HTTP/1.1)
HTTP/1.1 200 OK
Content-Type: application/json; charset=utf-8
cache-control: no-cache
content-length: 88

19:59:32.107 [AsyncHttpClient-1-6] DEBUG org.asynchttpclient.netty.channel.ChannelManager - Adding key: http://localhost:58094 for channel [id: 0x8dc6a853, L:/127.0.0.1:51161 - R:localhost/127.0.0.1:58094]
19:59:32.108 [Forwarding clickElement on session 32de8b571a9e4b1eda26c30fc740b3f0 to remote] DEBUG org.asynchttpclient.netty.request.NettyRequestSender - Using pooled Channel '[id: 0x8dc6a853, L:/127.0.0.1:51161 - R:localhost/127.0.0.1:58094]' for 'POST' to 'http://localhost:58094/session/32de8b571a9e4b1eda26c30fc740b3f0/element/85d42b86-73be-4e9f-a98a-a8c1cacec19c/click'
19:59:32.108 [Forwarding clickElement on session 32de8b571a9e4b1eda26c30fc740b3f0 to remote] DEBUG org.asynchttpclient.netty.request.NettyRequestSender - Using open Channel [id: 0x8dc6a853, L:/127.0.0.1:51161 - R:localhost/127.0.0.1:58094] for POST '/session/32de8b571a9e4b1eda26c30fc740b3f0/element/85d42b86-73be-4e9f-a98a-a8c1cacec19c/click'
19:59:32.163 [AsyncHttpClient-1-6] DEBUG org.asynchttpclient.netty.handler.HttpHandler - 

Request DefaultHttpRequest(decodeResult: success, version: HTTP/1.1)
POST /session/32de8b571a9e4b1eda26c30fc740b3f0/element/85d42b86-73be-4e9f-a98a-a8c1cacec19c/click HTTP/1.1
User-Agent: selenium/4.1.4 (java windows)
Content-Length: 50
Content-Type: application/json; charset=utf-8
host: localhost:58094
accept: */*

Response DefaultHttpResponse(decodeResult: success, version: HTTP/1.1)
HTTP/1.1 200 OK
Content-Type: application/json; charset=utf-8
cache-control: no-cache
content-length: 14

19:59:32.163 [AsyncHttpClient-1-6] DEBUG org.asynchttpclient.netty.channel.ChannelManager - Adding key: http://localhost:58094 for channel [id: 0x8dc6a853, L:/127.0.0.1:51161 - R:localhost/127.0.0.1:58094]
19:59:32.170 [Forwarding screenshot on session 32de8b571a9e4b1eda26c30fc740b3f0 to remote] DEBUG org.asynchttpclient.netty.request.NettyRequestSender - Using pooled Channel '[id: 0x8dc6a853, L:/127.0.0.1:51161 - R:localhost/127.0.0.1:58094]' for 'GET' to 'http://localhost:58094/session/32de8b571a9e4b1eda26c30fc740b3f0/screenshot'
19:59:32.170 [Forwarding screenshot on session 32de8b571a9e4b1eda26c30fc740b3f0 to remote] DEBUG org.asynchttpclient.netty.request.NettyRequestSender - Using open Channel [id: 0x8dc6a853, L:/127.0.0.1:51161 - R:localhost/127.0.0.1:58094] for GET '/session/32de8b571a9e4b1eda26c30fc740b3f0/screenshot'
19:59:32.420 [AsyncHttpClient-1-6] DEBUG org.asynchttpclient.netty.handler.HttpHandler - 

Request DefaultFullHttpRequest(decodeResult: success, version: HTTP/1.1, content: EmptyByteBufBE)
GET /session/32de8b571a9e4b1eda26c30fc740b3f0/screenshot HTTP/1.1
User-Agent: selenium/4.1.4 (java windows)
Cache-Control: no-cache
Content-Type: application/json; charset=utf-8
host: localhost:58094
accept: */*

Response DefaultHttpResponse(decodeResult: success, version: HTTP/1.1)
HTTP/1.1 200 OK
Content-Type: application/json; charset=utf-8
cache-control: no-cache
content-length: 360768

19:59:32.420 [AsyncHttpClient-1-6] DEBUG org.asynchttpclient.netty.channel.ChannelManager - Adding key: http://localhost:58094 for channel [id: 0x8dc6a853, L:/127.0.0.1:51161 - R:localhost/127.0.0.1:58094]
19:59:32.429 [main] DEBUG net.serenitybdd.core.photography.Darkroom - Send negative for processing for target\site\serenity\746c6cb4d197706f854136dbd6fd0366ed23e2a9cdaf48d7ab3b35eb00c1a7c9.png
19:59:32.430 [main] DEBUG net.thucydides.core.steps.StepInterceptor - STEP DONE: clickButtonLogin
19:59:32.430 [Darkroom Processing Line] DEBUG net.serenitybdd.core.photography.DarkroomProcessingLine - Processing screenshot image in /var/screenshots/screenshot-2979693251214837695
19:59:32.430 [Darkroom Processing Line] DEBUG net.serenitybdd.core.photography.DarkroomProcessingLine - Saving screenshot to target\site\serenity\746c6cb4d197706f854136dbd6fd0366ed23e2a9cdaf48d7ab3b35eb00c1a7c9.png
19:59:32.516 [AsyncHttpClient-1-1] DEBUG org.asynchttpclient.netty.channel.DefaultChannelPool - Entry count for : http://localhost:51162 : 1
19:59:32.516 [AsyncHttpClient-1-1] DEBUG org.asynchttpclient.netty.channel.DefaultChannelPool - Entry count for : http://localhost:58094 : 1
  &amp#27;[32mAnd &amp#27;[0m&amp#27;[32mI click button login&amp#27;[0m                                             &amp#27;[90m# starter.stepdefinitios.LoginSteps.iClickButtonLogin()&amp#27;[0m
19:59:33.436 [Forwarding screenshot on session 32de8b571a9e4b1eda26c30fc740b3f0 to remote] DEBUG org.asynchttpclient.netty.request.NettyRequestSender - Using pooled Channel '[id: 0x8dc6a853, L:/127.0.0.1:51161 - R:localhost/127.0.0.1:58094]' for 'GET' to 'http://localhost:58094/session/32de8b571a9e4b1eda26c30fc740b3f0/screenshot'
19:59:33.436 [Forwarding screenshot on session 32de8b571a9e4b1eda26c30fc740b3f0 to remote] DEBUG org.asynchttpclient.netty.request.NettyRequestSender - Using open Channel [id: 0x8dc6a853, L:/127.0.0.1:51161 - R:localhost/127.0.0.1:58094] for GET '/session/32de8b571a9e4b1eda26c30fc740b3f0/screenshot'
19:59:33.608 [AsyncHttpClient-1-1] DEBUG org.asynchttpclient.netty.channel.DefaultChannelPool - Entry count for : http://localhost:51162 : 1
19:59:33.730 [AsyncHttpClient-1-6] DEBUG org.asynchttpclient.netty.handler.HttpHandler - 

Request DefaultFullHttpRequest(decodeResult: success, version: HTTP/1.1, content: EmptyByteBufBE)
GET /session/32de8b571a9e4b1eda26c30fc740b3f0/screenshot HTTP/1.1
User-Agent: selenium/4.1.4 (java windows)
Cache-Control: no-cache
Content-Type: application/json; charset=utf-8
host: localhost:58094
accept: */*

Response DefaultHttpResponse(decodeResult: success, version: HTTP/1.1)
HTTP/1.1 200 OK
Content-Type: application/json; charset=utf-8
cache-control: no-cache
content-length: 313328

19:59:33.730 [AsyncHttpClient-1-6] DEBUG org.asynchttpclient.netty.channel.ChannelManager - Adding key: http://localhost:58094 for channel [id: 0x8dc6a853, L:/127.0.0.1:51161 - R:localhost/127.0.0.1:58094]
19:59:33.752 [main] DEBUG net.serenitybdd.core.photography.Darkroom - Send negative for processing for target\site\serenity\4f6038b76d8b0742cdcafb7f277db5bba6734dace0a5a9038ee5790b53f40ede.png
19:59:33.753 [Darkroom Processing Line] DEBUG net.serenitybdd.core.photography.DarkroomProcessingLine - Processing screenshot image in /var/screenshots/screenshot-16759508875475039739
19:59:33.753 [Darkroom Processing Line] DEBUG net.serenitybdd.core.photography.DarkroomProcessingLine - Saving screenshot to target\site\serenity\4f6038b76d8b0742cdcafb7f277db5bba6734dace0a5a9038ee5790b53f40ede.png
19:59:34.710 [AsyncHttpClient-1-1] DEBUG org.asynchttpclient.netty.channel.DefaultChannelPool - Entry count for : http://localhost:51162 : 1
19:59:34.710 [AsyncHttpClient-1-1] DEBUG org.asynchttpclient.netty.channel.DefaultChannelPool - Entry count for : http://localhost:58094 : 1
19:59:35.814 [AsyncHttpClient-1-1] DEBUG org.asynchttpclient.netty.channel.DefaultChannelPool - Entry count for : http://localhost:51162 : 1
19:59:35.814 [AsyncHttpClient-1-1] DEBUG org.asynchttpclient.netty.channel.DefaultChannelPool - Entry count for : http://localhost:58094 : 1
19:59:36.914 [AsyncHttpClient-1-1] DEBUG org.asynchttpclient.netty.channel.DefaultChannelPool - Entry count for : http://localhost:51162 : 1
19:59:36.914 [AsyncHttpClient-1-1] DEBUG org.asynchttpclient.netty.channel.DefaultChannelPool - Entry count for : http://localhost:58094 : 1
19:59:38.012 [AsyncHttpClient-1-1] DEBUG org.asynchttpclient.netty.channel.DefaultChannelPool - Entry count for : http://localhost:51162 : 1
19:59:38.012 [AsyncHttpClient-1-1] DEBUG org.asynchttpclient.netty.channel.DefaultChannelPool - Entry count for : http://localhost:58094 : 1
19:59:38.764 [Forwarding findElement on session 32de8b571a9e4b1eda26c30fc740b3f0 to remote] DEBUG org.asynchttpclient.netty.request.NettyRequestSender - Using pooled Channel '[id: 0x8dc6a853, L:/127.0.0.1:51161 - R:localhost/127.0.0.1:58094]' for 'POST' to 'http://localhost:58094/session/32de8b571a9e4b1eda26c30fc740b3f0/element'
19:59:38.767 [Forwarding findElement on session 32de8b571a9e4b1eda26c30fc740b3f0 to remote] DEBUG org.asynchttpclient.netty.request.NettyRequestSender - Using open Channel [id: 0x8dc6a853, L:/127.0.0.1:51161 - R:localhost/127.0.0.1:58094] for POST '/session/32de8b571a9e4b1eda26c30fc740b3f0/element'
19:59:38.784 [AsyncHttpClient-1-6] DEBUG org.asynchttpclient.netty.handler.HttpHandler - 

Request DefaultHttpRequest(decodeResult: success, version: HTTP/1.1)
POST /session/32de8b571a9e4b1eda26c30fc740b3f0/element HTTP/1.1
User-Agent: selenium/4.1.4 (java windows)
Content-Length: 68
Content-Type: application/json; charset=utf-8
host: localhost:58094
accept: */*

Response DefaultHttpResponse(decodeResult: success, version: HTTP/1.1)
HTTP/1.1 200 OK
Content-Type: application/json; charset=utf-8
cache-control: no-cache
content-length: 88

19:59:38.784 [AsyncHttpClient-1-6] DEBUG org.asynchttpclient.netty.channel.ChannelManager - Adding key: http://localhost:58094 for channel [id: 0x8dc6a853, L:/127.0.0.1:51161 - R:localhost/127.0.0.1:58094]
19:59:38.785 [Forwarding isElementEnabled on session 32de8b571a9e4b1eda26c30fc740b3f0 to remote] DEBUG org.asynchttpclient.netty.request.NettyRequestSender - Using pooled Channel '[id: 0x8dc6a853, L:/127.0.0.1:51161 - R:localhost/127.0.0.1:58094]' for 'GET' to 'http://localhost:58094/session/32de8b571a9e4b1eda26c30fc740b3f0/element/4d98853b-6c29-4dc3-84f9-a7fd63564209/enabled'
19:59:38.785 [Forwarding isElementEnabled on session 32de8b571a9e4b1eda26c30fc740b3f0 to remote] DEBUG org.asynchttpclient.netty.request.NettyRequestSender - Using open Channel [id: 0x8dc6a853, L:/127.0.0.1:51161 - R:localhost/127.0.0.1:58094] for GET '/session/32de8b571a9e4b1eda26c30fc740b3f0/element/4d98853b-6c29-4dc3-84f9-a7fd63564209/enabled'
19:59:38.798 [AsyncHttpClient-1-6] DEBUG org.asynchttpclient.netty.handler.HttpHandler - 

Request DefaultFullHttpRequest(decodeResult: success, version: HTTP/1.1, content: EmptyByteBufBE)
GET /session/32de8b571a9e4b1eda26c30fc740b3f0/element/4d98853b-6c29-4dc3-84f9-a7fd63564209/enabled HTTP/1.1
User-Agent: selenium/4.1.4 (java windows)
Cache-Control: no-cache
Content-Type: application/json; charset=utf-8
host: localhost:58094
accept: */*

Response DefaultHttpResponse(decodeResult: success, version: HTTP/1.1)
HTTP/1.1 200 OK
Content-Type: application/json; charset=utf-8
cache-control: no-cache
content-length: 14

19:59:38.798 [AsyncHttpClient-1-6] DEBUG org.asynchttpclient.netty.channel.ChannelManager - Adding key: http://localhost:58094 for channel [id: 0x8dc6a853, L:/127.0.0.1:51161 - R:localhost/127.0.0.1:58094]
19:59:39.122 [AsyncHttpClient-1-1] DEBUG org.asynchttpclient.netty.channel.DefaultChannelPool - Entry count for : http://localhost:51162 : 1
19:59:39.122 [AsyncHttpClient-1-1] DEBUG org.asynchttpclient.netty.channel.DefaultChannelPool - Entry count for : http://localhost:58094 : 1
19:59:39.310 [Forwarding screenshot on session 32de8b571a9e4b1eda26c30fc740b3f0 to remote] DEBUG org.asynchttpclient.netty.request.NettyRequestSender - Using pooled Channel '[id: 0x8dc6a853, L:/127.0.0.1:51161 - R:localhost/127.0.0.1:58094]' for 'GET' to 'http://localhost:58094/session/32de8b571a9e4b1eda26c30fc740b3f0/screenshot'
19:59:39.310 [Forwarding screenshot on session 32de8b571a9e4b1eda26c30fc740b3f0 to remote] DEBUG org.asynchttpclient.netty.request.NettyRequestSender - Using open Channel [id: 0x8dc6a853, L:/127.0.0.1:51161 - R:localhost/127.0.0.1:58094] for GET '/session/32de8b571a9e4b1eda26c30fc740b3f0/screenshot'
19:59:39.582 [AsyncHttpClient-1-6] DEBUG org.asynchttpclient.netty.handler.HttpHandler - 

Request DefaultFullHttpRequest(decodeResult: success, version: HTTP/1.1, content: EmptyByteBufBE)
GET /session/32de8b571a9e4b1eda26c30fc740b3f0/screenshot HTTP/1.1
User-Agent: selenium/4.1.4 (java windows)
Cache-Control: no-cache
Content-Type: application/json; charset=utf-8
host: localhost:58094
accept: */*

Response DefaultHttpResponse(decodeResult: success, version: HTTP/1.1)
HTTP/1.1 200 OK
Content-Type: application/json; charset=utf-8
cache-control: no-cache
content-length: 301044

19:59:39.582 [AsyncHttpClient-1-6] DEBUG org.asynchttpclient.netty.channel.ChannelManager - Adding key: http://localhost:58094 for channel [id: 0x8dc6a853, L:/127.0.0.1:51161 - R:localhost/127.0.0.1:58094]
19:59:39.599 [main] DEBUG net.serenitybdd.core.photography.Darkroom - Send negative for processing for target\site\serenity\163e386af0b12517552a74a3d5043b94e8c0f9215c0f21d464e3b04d27a0859d.png
19:59:39.599 [main] DEBUG net.thucydides.core.steps.StepInterceptor - STARTING STEP: LoginSteps.loginValidationInvalid - clickButtonErrorOK
19:59:39.613 [Forwarding findElement on session 32de8b571a9e4b1eda26c30fc740b3f0 to remote] DEBUG org.asynchttpclient.netty.request.NettyRequestSender - Using pooled Channel '[id: 0x8dc6a853, L:/127.0.0.1:51161 - R:localhost/127.0.0.1:58094]' for 'POST' to 'http://localhost:58094/session/32de8b571a9e4b1eda26c30fc740b3f0/element'
19:59:39.613 [Forwarding findElement on session 32de8b571a9e4b1eda26c30fc740b3f0 to remote] DEBUG org.asynchttpclient.netty.request.NettyRequestSender - Using open Channel [id: 0x8dc6a853, L:/127.0.0.1:51161 - R:localhost/127.0.0.1:58094] for POST '/session/32de8b571a9e4b1eda26c30fc740b3f0/element'
19:59:39.632 [AsyncHttpClient-1-6] DEBUG org.asynchttpclient.netty.handler.HttpHandler - 

Request DefaultHttpRequest(decodeResult: success, version: HTTP/1.1)
POST /session/32de8b571a9e4b1eda26c30fc740b3f0/element HTTP/1.1
User-Agent: selenium/4.1.4 (java windows)
Content-Length: 88
Content-Type: application/json; charset=utf-8
host: localhost:58094
accept: */*

Response DefaultHttpResponse(decodeResult: success, version: HTTP/1.1)
HTTP/1.1 200 OK
Content-Type: application/json; charset=utf-8
cache-control: no-cache
content-length: 88

19:59:39.633 [AsyncHttpClient-1-6] DEBUG org.asynchttpclient.netty.channel.ChannelManager - Adding key: http://localhost:58094 for channel [id: 0x8dc6a853, L:/127.0.0.1:51161 - R:localhost/127.0.0.1:58094]
19:59:39.634 [Forwarding getElementTagName on session 32de8b571a9e4b1eda26c30fc740b3f0 to remote] DEBUG org.asynchttpclient.netty.request.NettyRequestSender - Using pooled Channel '[id: 0x8dc6a853, L:/127.0.0.1:51161 - R:localhost/127.0.0.1:58094]' for 'GET' to 'http://localhost:58094/session/32de8b571a9e4b1eda26c30fc740b3f0/element/40380476-7b2c-48d3-a7b8-3690f7169708/name'
19:59:39.634 [Forwarding getElementTagName on session 32de8b571a9e4b1eda26c30fc740b3f0 to remote] DEBUG org.asynchttpclient.netty.request.NettyRequestSender - Using open Channel [id: 0x8dc6a853, L:/127.0.0.1:51161 - R:localhost/127.0.0.1:58094] for GET '/session/32de8b571a9e4b1eda26c30fc740b3f0/element/40380476-7b2c-48d3-a7b8-3690f7169708/name'
19:59:39.641 [AsyncHttpClient-1-6] DEBUG org.asynchttpclient.netty.handler.HttpHandler - 

Request DefaultFullHttpRequest(decodeResult: success, version: HTTP/1.1, content: EmptyByteBufBE)
GET /session/32de8b571a9e4b1eda26c30fc740b3f0/element/40380476-7b2c-48d3-a7b8-3690f7169708/name HTTP/1.1
User-Agent: selenium/4.1.4 (java windows)
Cache-Control: no-cache
Content-Type: application/json; charset=utf-8
host: localhost:58094
accept: */*

Response DefaultHttpResponse(decodeResult: success, version: HTTP/1.1)
HTTP/1.1 200 OK
Content-Type: application/json; charset=utf-8
cache-control: no-cache
content-length: 18

19:59:39.642 [AsyncHttpClient-1-6] DEBUG org.asynchttpclient.netty.channel.ChannelManager - Adding key: http://localhost:58094 for channel [id: 0x8dc6a853, L:/127.0.0.1:51161 - R:localhost/127.0.0.1:58094]
19:59:39.642 [Forwarding getElementTagName on session 32de8b571a9e4b1eda26c30fc740b3f0 to remote] DEBUG org.asynchttpclient.netty.request.NettyRequestSender - Using pooled Channel '[id: 0x8dc6a853, L:/127.0.0.1:51161 - R:localhost/127.0.0.1:58094]' for 'GET' to 'http://localhost:58094/session/32de8b571a9e4b1eda26c30fc740b3f0/element/40380476-7b2c-48d3-a7b8-3690f7169708/name'
19:59:39.642 [Forwarding getElementTagName on session 32de8b571a9e4b1eda26c30fc740b3f0 to remote] DEBUG org.asynchttpclient.netty.request.NettyRequestSender - Using open Channel [id: 0x8dc6a853, L:/127.0.0.1:51161 - R:localhost/127.0.0.1:58094] for GET '/session/32de8b571a9e4b1eda26c30fc740b3f0/element/40380476-7b2c-48d3-a7b8-3690f7169708/name'
19:59:39.648 [AsyncHttpClient-1-6] DEBUG org.asynchttpclient.netty.handler.HttpHandler - 

Request DefaultFullHttpRequest(decodeResult: success, version: HTTP/1.1, content: EmptyByteBufBE)
GET /session/32de8b571a9e4b1eda26c30fc740b3f0/element/40380476-7b2c-48d3-a7b8-3690f7169708/name HTTP/1.1
User-Agent: selenium/4.1.4 (java windows)
Cache-Control: no-cache
Content-Type: application/json; charset=utf-8
host: localhost:58094
accept: */*

Response DefaultHttpResponse(decodeResult: success, version: HTTP/1.1)
HTTP/1.1 200 OK
Content-Type: application/json; charset=utf-8
cache-control: no-cache
content-length: 18

19:59:39.648 [AsyncHttpClient-1-6] DEBUG org.asynchttpclient.netty.channel.ChannelManager - Adding key: http://localhost:58094 for channel [id: 0x8dc6a853, L:/127.0.0.1:51161 - R:localhost/127.0.0.1:58094]
19:59:39.649 [Forwarding isElementEnabled on session 32de8b571a9e4b1eda26c30fc740b3f0 to remote] DEBUG org.asynchttpclient.netty.request.NettyRequestSender - Using pooled Channel '[id: 0x8dc6a853, L:/127.0.0.1:51161 - R:localhost/127.0.0.1:58094]' for 'GET' to 'http://localhost:58094/session/32de8b571a9e4b1eda26c30fc740b3f0/element/40380476-7b2c-48d3-a7b8-3690f7169708/enabled'
19:59:39.649 [Forwarding isElementEnabled on session 32de8b571a9e4b1eda26c30fc740b3f0 to remote] DEBUG org.asynchttpclient.netty.request.NettyRequestSender - Using open Channel [id: 0x8dc6a853, L:/127.0.0.1:51161 - R:localhost/127.0.0.1:58094] for GET '/session/32de8b571a9e4b1eda26c30fc740b3f0/element/40380476-7b2c-48d3-a7b8-3690f7169708/enabled'
19:59:39.663 [AsyncHttpClient-1-6] DEBUG org.asynchttpclient.netty.handler.HttpHandler - 

Request DefaultFullHttpRequest(decodeResult: success, version: HTTP/1.1, content: EmptyByteBufBE)
GET /session/32de8b571a9e4b1eda26c30fc740b3f0/element/40380476-7b2c-48d3-a7b8-3690f7169708/enabled HTTP/1.1
User-Agent: selenium/4.1.4 (java windows)
Cache-Control: no-cache
Content-Type: application/json; charset=utf-8
host: localhost:58094
accept: */*

Response DefaultHttpResponse(decodeResult: success, version: HTTP/1.1)
HTTP/1.1 200 OK
Content-Type: application/json; charset=utf-8
cache-control: no-cache
content-length: 14

19:59:39.663 [AsyncHttpClient-1-6] DEBUG org.asynchttpclient.netty.channel.ChannelManager - Adding key: http://localhost:58094 for channel [id: 0x8dc6a853, L:/127.0.0.1:51161 - R:localhost/127.0.0.1:58094]
19:59:39.665 [Forwarding isElementEnabled on session 32de8b571a9e4b1eda26c30fc740b3f0 to remote] DEBUG org.asynchttpclient.netty.request.NettyRequestSender - Using pooled Channel '[id: 0x8dc6a853, L:/127.0.0.1:51161 - R:localhost/127.0.0.1:58094]' for 'GET' to 'http://localhost:58094/session/32de8b571a9e4b1eda26c30fc740b3f0/element/40380476-7b2c-48d3-a7b8-3690f7169708/enabled'
19:59:39.665 [Forwarding isElementEnabled on session 32de8b571a9e4b1eda26c30fc740b3f0 to remote] DEBUG org.asynchttpclient.netty.request.NettyRequestSender - Using open Channel [id: 0x8dc6a853, L:/127.0.0.1:51161 - R:localhost/127.0.0.1:58094] for GET '/session/32de8b571a9e4b1eda26c30fc740b3f0/element/40380476-7b2c-48d3-a7b8-3690f7169708/enabled'
19:59:39.674 [AsyncHttpClient-1-6] DEBUG org.asynchttpclient.netty.handler.HttpHandler - 

Request DefaultFullHttpRequest(decodeResult: success, version: HTTP/1.1, content: EmptyByteBufBE)
GET /session/32de8b571a9e4b1eda26c30fc740b3f0/element/40380476-7b2c-48d3-a7b8-3690f7169708/enabled HTTP/1.1
User-Agent: selenium/4.1.4 (java windows)
Cache-Control: no-cache
Content-Type: application/json; charset=utf-8
host: localhost:58094
accept: */*

Response DefaultHttpResponse(decodeResult: success, version: HTTP/1.1)
HTTP/1.1 200 OK
Content-Type: application/json; charset=utf-8
cache-control: no-cache
content-length: 14

19:59:39.674 [AsyncHttpClient-1-6] DEBUG org.asynchttpclient.netty.channel.ChannelManager - Adding key: http://localhost:58094 for channel [id: 0x8dc6a853, L:/127.0.0.1:51161 - R:localhost/127.0.0.1:58094]
19:59:39.675 [Forwarding findElement on session 32de8b571a9e4b1eda26c30fc740b3f0 to remote] DEBUG org.asynchttpclient.netty.request.NettyRequestSender - Using pooled Channel '[id: 0x8dc6a853, L:/127.0.0.1:51161 - R:localhost/127.0.0.1:58094]' for 'POST' to 'http://localhost:58094/session/32de8b571a9e4b1eda26c30fc740b3f0/element'
19:59:39.675 [Forwarding findElement on session 32de8b571a9e4b1eda26c30fc740b3f0 to remote] DEBUG org.asynchttpclient.netty.request.NettyRequestSender - Using open Channel [id: 0x8dc6a853, L:/127.0.0.1:51161 - R:localhost/127.0.0.1:58094] for POST '/session/32de8b571a9e4b1eda26c30fc740b3f0/element'
19:59:39.686 [AsyncHttpClient-1-6] DEBUG org.asynchttpclient.netty.handler.HttpHandler - 

Request DefaultHttpRequest(decodeResult: success, version: HTTP/1.1)
POST /session/32de8b571a9e4b1eda26c30fc740b3f0/element HTTP/1.1
User-Agent: selenium/4.1.4 (java windows)
Content-Length: 88
Content-Type: application/json; charset=utf-8
host: localhost:58094
accept: */*

Response DefaultHttpResponse(decodeResult: success, version: HTTP/1.1)
HTTP/1.1 200 OK
Content-Type: application/json; charset=utf-8
cache-control: no-cache
content-length: 88

19:59:39.687 [AsyncHttpClient-1-6] DEBUG org.asynchttpclient.netty.channel.ChannelManager - Adding key: http://localhost:58094 for channel [id: 0x8dc6a853, L:/127.0.0.1:51161 - R:localhost/127.0.0.1:58094]
19:59:39.687 [Forwarding clickElement on session 32de8b571a9e4b1eda26c30fc740b3f0 to remote] DEBUG org.asynchttpclient.netty.request.NettyRequestSender - Using pooled Channel '[id: 0x8dc6a853, L:/127.0.0.1:51161 - R:localhost/127.0.0.1:58094]' for 'POST' to 'http://localhost:58094/session/32de8b571a9e4b1eda26c30fc740b3f0/element/40380476-7b2c-48d3-a7b8-3690f7169708/click'
19:59:39.687 [Forwarding clickElement on session 32de8b571a9e4b1eda26c30fc740b3f0 to remote] DEBUG org.asynchttpclient.netty.request.NettyRequestSender - Using open Channel [id: 0x8dc6a853, L:/127.0.0.1:51161 - R:localhost/127.0.0.1:58094] for POST '/session/32de8b571a9e4b1eda26c30fc740b3f0/element/40380476-7b2c-48d3-a7b8-3690f7169708/click'
19:59:39.804 [AsyncHttpClient-1-6] DEBUG org.asynchttpclient.netty.handler.HttpHandler - 

Request DefaultHttpRequest(decodeResult: success, version: HTTP/1.1)
POST /session/32de8b571a9e4b1eda26c30fc740b3f0/element/40380476-7b2c-48d3-a7b8-3690f7169708/click HTTP/1.1
User-Agent: selenium/4.1.4 (java windows)
Content-Length: 50
Content-Type: application/json; charset=utf-8
host: localhost:58094
accept: */*

Response DefaultHttpResponse(decodeResult: success, version: HTTP/1.1)
HTTP/1.1 200 OK
Content-Type: application/json; charset=utf-8
cache-control: no-cache
content-length: 14

19:59:39.804 [AsyncHttpClient-1-6] DEBUG org.asynchttpclient.netty.channel.ChannelManager - Adding key: http://localhost:58094 for channel [id: 0x8dc6a853, L:/127.0.0.1:51161 - R:localhost/127.0.0.1:58094]
19:59:39.823 [Forwarding screenshot on session 32de8b571a9e4b1eda26c30fc740b3f0 to remote] DEBUG org.asynchttpclient.netty.request.NettyRequestSender - Using pooled Channel '[id: 0x8dc6a853, L:/127.0.0.1:51161 - R:localhost/127.0.0.1:58094]' for 'GET' to 'http://localhost:58094/session/32de8b571a9e4b1eda26c30fc740b3f0/screenshot'
19:59:39.823 [Forwarding screenshot on session 32de8b571a9e4b1eda26c30fc740b3f0 to remote] DEBUG org.asynchttpclient.netty.request.NettyRequestSender - Using open Channel [id: 0x8dc6a853, L:/127.0.0.1:51161 - R:localhost/127.0.0.1:58094] for GET '/session/32de8b571a9e4b1eda26c30fc740b3f0/screenshot'
19:59:40.221 [AsyncHttpClient-1-1] DEBUG org.asynchttpclient.netty.channel.DefaultChannelPool - Entry count for : http://localhost:51162 : 1
19:59:40.240 [AsyncHttpClient-1-6] DEBUG org.asynchttpclient.netty.handler.HttpHandler - 

Request DefaultFullHttpRequest(decodeResult: success, version: HTTP/1.1, content: EmptyByteBufBE)
GET /session/32de8b571a9e4b1eda26c30fc740b3f0/screenshot HTTP/1.1
User-Agent: selenium/4.1.4 (java windows)
Cache-Control: no-cache
Content-Type: application/json; charset=utf-8
host: localhost:58094
accept: */*

Response DefaultHttpResponse(decodeResult: success, version: HTTP/1.1)
HTTP/1.1 200 OK
Content-Type: application/json; charset=utf-8
cache-control: no-cache
content-length: 51056

19:59:40.242 [AsyncHttpClient-1-6] DEBUG org.asynchttpclient.netty.channel.ChannelManager - Adding key: http://localhost:58094 for channel [id: 0x8dc6a853, L:/127.0.0.1:51161 - R:localhost/127.0.0.1:58094]
19:59:40.245 [main] DEBUG net.serenitybdd.core.photography.Darkroom - Send negative for processing for target\site\serenity\81b681a848a7fc4d8088941e57d8e39c3bada23522df4bda6ef920886611607e.png
19:59:40.245 [main] DEBUG net.thucydides.core.steps.StepInterceptor - STEP DONE: clickButtonErrorOK
  &amp#27;[32mAnd &amp#27;[0m&amp#27;[32mLogin validation invalid&amp#27;[0m                                         &amp#27;[90m# starter.stepdefinitios.LoginSteps.loginValidationInvalid()&amp#27;[0m
19:59:40.245 [Darkroom Processing Line] DEBUG net.serenitybdd.core.photography.DarkroomProcessingLine - Processing screenshot image in /var/screenshots/screenshot-5058979071007756264
19:59:40.245 [Darkroom Processing Line] DEBUG net.serenitybdd.core.photography.DarkroomProcessingLine - Saving screenshot to target\site\serenity\81b681a848a7fc4d8088941e57d8e39c3bada23522df4bda6ef920886611607e.png
19:59:41.309 [AsyncHttpClient-1-1] DEBUG org.asynchttpclient.netty.channel.DefaultChannelPool - Entry count for : http://localhost:51162 : 1
19:59:41.309 [AsyncHttpClient-1-1] DEBUG org.asynchttpclient.netty.channel.DefaultChannelPool - Entry count for : http://localhost:58094 : 1
19:59:42.419 [AsyncHttpClient-1-1] DEBUG org.asynchttpclient.netty.channel.DefaultChannelPool - Entry count for : http://localhost:51162 : 1
19:59:42.419 [AsyncHttpClient-1-1] DEBUG org.asynchttpclient.netty.channel.DefaultChannelPool - Entry count for : http://localhost:58094 : 1
19:59:43.509 [AsyncHttpClient-1-1] DEBUG org.asynchttpclient.netty.channel.DefaultChannelPool - Entry count for : http://localhost:51162 : 1
19:59:43.509 [AsyncHttpClient-1-1] DEBUG org.asynchttpclient.netty.channel.DefaultChannelPool - Entry count for : http://localhost:58094 : 1
19:59:44.617 [AsyncHttpClient-1-1] DEBUG org.asynchttpclient.netty.channel.DefaultChannelPool - Entry count for : http://localhost:51162 : 1
19:59:44.617 [AsyncHttpClient-1-1] DEBUG org.asynchttpclient.netty.channel.DefaultChannelPool - Entry count for : http://localhost:58094 : 1
19:59:45.326 [Forwarding screenshot on session 32de8b571a9e4b1eda26c30fc740b3f0 to remote] DEBUG org.asynchttpclient.netty.request.NettyRequestSender - Using pooled Channel '[id: 0x8dc6a853, L:/127.0.0.1:51161 - R:localhost/127.0.0.1:58094]' for 'GET' to 'http://localhost:58094/session/32de8b571a9e4b1eda26c30fc740b3f0/screenshot'
19:59:45.327 [Forwarding screenshot on session 32de8b571a9e4b1eda26c30fc740b3f0 to remote] DEBUG org.asynchttpclient.netty.request.NettyRequestSender - Using open Channel [id: 0x8dc6a853, L:/127.0.0.1:51161 - R:localhost/127.0.0.1:58094] for GET '/session/32de8b571a9e4b1eda26c30fc740b3f0/screenshot'
19:59:45.503 [AsyncHttpClient-1-6] DEBUG org.asynchttpclient.netty.handler.HttpHandler - 

Request DefaultFullHttpRequest(decodeResult: success, version: HTTP/1.1, content: EmptyByteBufBE)
GET /session/32de8b571a9e4b1eda26c30fc740b3f0/screenshot HTTP/1.1
User-Agent: selenium/4.1.4 (java windows)
Cache-Control: no-cache
Content-Type: application/json; charset=utf-8
host: localhost:58094
accept: */*

Response DefaultHttpResponse(decodeResult: success, version: HTTP/1.1)
HTTP/1.1 200 OK
Content-Type: application/json; charset=utf-8
cache-control: no-cache
content-length: 78916

19:59:45.503 [AsyncHttpClient-1-6] DEBUG org.asynchttpclient.netty.channel.ChannelManager - Adding key: http://localhost:58094 for channel [id: 0x8dc6a853, L:/127.0.0.1:51161 - R:localhost/127.0.0.1:58094]
19:59:45.509 [main] DEBUG net.serenitybdd.core.photography.Darkroom - Send negative for processing for target\site\serenity\6ddfb86c3e40e80f5cf75f5473ea4a13b4be8ddc07b6bfa170e30cd2276a987b.png
19:59:45.510 [main] DEBUG net.thucydides.core.steps.StepInterceptor - STARTING STEP: KelolaJadwalSteps.clickButtonManageSchedule - clickButtonKelolaJadwal
19:59:45.517 [Forwarding findElement on session 32de8b571a9e4b1eda26c30fc740b3f0 to remote] DEBUG org.asynchttpclient.netty.request.NettyRequestSender - Using pooled Channel '[id: 0x8dc6a853, L:/127.0.0.1:51161 - R:localhost/127.0.0.1:58094]' for 'POST' to 'http://localhost:58094/session/32de8b571a9e4b1eda26c30fc740b3f0/element'
19:59:45.517 [Forwarding findElement on session 32de8b571a9e4b1eda26c30fc740b3f0 to remote] DEBUG org.asynchttpclient.netty.request.NettyRequestSender - Using open Channel [id: 0x8dc6a853, L:/127.0.0.1:51161 - R:localhost/127.0.0.1:58094] for POST '/session/32de8b571a9e4b1eda26c30fc740b3f0/element'
19:59:45.543 [AsyncHttpClient-1-6] DEBUG org.asynchttpclient.netty.handler.HttpHandler - 

Request DefaultHttpRequest(decodeResult: success, version: HTTP/1.1)
POST /session/32de8b571a9e4b1eda26c30fc740b3f0/element HTTP/1.1
User-Agent: selenium/4.1.4 (java windows)
Content-Length: 114
Content-Type: application/json; charset=utf-8
host: localhost:58094
accept: */*

Response DefaultHttpResponse(decodeResult: success, version: HTTP/1.1)
HTTP/1.1 200 OK
Content-Type: application/json; charset=utf-8
cache-control: no-cache
content-length: 88

19:59:45.543 [AsyncHttpClient-1-6] DEBUG org.asynchttpclient.netty.channel.ChannelManager - Adding key: http://localhost:58094 for channel [id: 0x8dc6a853, L:/127.0.0.1:51161 - R:localhost/127.0.0.1:58094]
19:59:45.546 [Forwarding getElementTagName on session 32de8b571a9e4b1eda26c30fc740b3f0 to remote] DEBUG org.asynchttpclient.netty.request.NettyRequestSender - Using pooled Channel '[id: 0x8dc6a853, L:/127.0.0.1:51161 - R:localhost/127.0.0.1:58094]' for 'GET' to 'http://localhost:58094/session/32de8b571a9e4b1eda26c30fc740b3f0/element/a45048e5-2036-41bb-9eb0-08109f8cfe84/name'
19:59:45.546 [Forwarding getElementTagName on session 32de8b571a9e4b1eda26c30fc740b3f0 to remote] DEBUG org.asynchttpclient.netty.request.NettyRequestSender - Using open Channel [id: 0x8dc6a853, L:/127.0.0.1:51161 - R:localhost/127.0.0.1:58094] for GET '/session/32de8b571a9e4b1eda26c30fc740b3f0/element/a45048e5-2036-41bb-9eb0-08109f8cfe84/name'
19:59:45.554 [AsyncHttpClient-1-6] DEBUG org.asynchttpclient.netty.handler.HttpHandler - 

Request DefaultFullHttpRequest(decodeResult: success, version: HTTP/1.1, content: EmptyByteBufBE)
GET /session/32de8b571a9e4b1eda26c30fc740b3f0/element/a45048e5-2036-41bb-9eb0-08109f8cfe84/name HTTP/1.1
User-Agent: selenium/4.1.4 (java windows)
Cache-Control: no-cache
Content-Type: application/json; charset=utf-8
host: localhost:58094
accept: */*

Response DefaultHttpResponse(decodeResult: success, version: HTTP/1.1)
HTTP/1.1 200 OK
Content-Type: application/json; charset=utf-8
cache-control: no-cache
content-length: 13

19:59:45.555 [AsyncHttpClient-1-6] DEBUG org.asynchttpclient.netty.channel.ChannelManager - Adding key: http://localhost:58094 for channel [id: 0x8dc6a853, L:/127.0.0.1:51161 - R:localhost/127.0.0.1:58094]
19:59:45.556 [Forwarding getElementTagName on session 32de8b571a9e4b1eda26c30fc740b3f0 to remote] DEBUG org.asynchttpclient.netty.request.NettyRequestSender - Using pooled Channel '[id: 0x8dc6a853, L:/127.0.0.1:51161 - R:localhost/127.0.0.1:58094]' for 'GET' to 'http://localhost:58094/session/32de8b571a9e4b1eda26c30fc740b3f0/element/a45048e5-2036-41bb-9eb0-08109f8cfe84/name'
19:59:45.556 [Forwarding getElementTagName on session 32de8b571a9e4b1eda26c30fc740b3f0 to remote] DEBUG org.asynchttpclient.netty.request.NettyRequestSender - Using open Channel [id: 0x8dc6a853, L:/127.0.0.1:51161 - R:localhost/127.0.0.1:58094] for GET '/session/32de8b571a9e4b1eda26c30fc740b3f0/element/a45048e5-2036-41bb-9eb0-08109f8cfe84/name'
19:59:45.563 [AsyncHttpClient-1-6] DEBUG org.asynchttpclient.netty.handler.HttpHandler - 

Request DefaultFullHttpRequest(decodeResult: success, version: HTTP/1.1, content: EmptyByteBufBE)
GET /session/32de8b571a9e4b1eda26c30fc740b3f0/element/a45048e5-2036-41bb-9eb0-08109f8cfe84/name HTTP/1.1
User-Agent: selenium/4.1.4 (java windows)
Cache-Control: no-cache
Content-Type: application/json; charset=utf-8
host: localhost:58094
accept: */*

Response DefaultHttpResponse(decodeResult: success, version: HTTP/1.1)
HTTP/1.1 200 OK
Content-Type: application/json; charset=utf-8
cache-control: no-cache
content-length: 13

19:59:45.563 [AsyncHttpClient-1-6] DEBUG org.asynchttpclient.netty.channel.ChannelManager - Adding key: http://localhost:58094 for channel [id: 0x8dc6a853, L:/127.0.0.1:51161 - R:localhost/127.0.0.1:58094]
19:59:45.566 [Forwarding findElement on session 32de8b571a9e4b1eda26c30fc740b3f0 to remote] DEBUG org.asynchttpclient.netty.request.NettyRequestSender - Using pooled Channel '[id: 0x8dc6a853, L:/127.0.0.1:51161 - R:localhost/127.0.0.1:58094]' for 'POST' to 'http://localhost:58094/session/32de8b571a9e4b1eda26c30fc740b3f0/element'
19:59:45.566 [Forwarding findElement on session 32de8b571a9e4b1eda26c30fc740b3f0 to remote] DEBUG org.asynchttpclient.netty.request.NettyRequestSender - Using open Channel [id: 0x8dc6a853, L:/127.0.0.1:51161 - R:localhost/127.0.0.1:58094] for POST '/session/32de8b571a9e4b1eda26c30fc740b3f0/element'
19:59:45.580 [AsyncHttpClient-1-6] DEBUG org.asynchttpclient.netty.handler.HttpHandler - 

Request DefaultHttpRequest(decodeResult: success, version: HTTP/1.1)
POST /session/32de8b571a9e4b1eda26c30fc740b3f0/element HTTP/1.1
User-Agent: selenium/4.1.4 (java windows)
Content-Length: 114
Content-Type: application/json; charset=utf-8
host: localhost:58094
accept: */*

Response DefaultHttpResponse(decodeResult: success, version: HTTP/1.1)
HTTP/1.1 200 OK
Content-Type: application/json; charset=utf-8
cache-control: no-cache
content-length: 88

19:59:45.580 [AsyncHttpClient-1-6] DEBUG org.asynchttpclient.netty.channel.ChannelManager - Adding key: http://localhost:58094 for channel [id: 0x8dc6a853, L:/127.0.0.1:51161 - R:localhost/127.0.0.1:58094]
19:59:45.582 [Forwarding clickElement on session 32de8b571a9e4b1eda26c30fc740b3f0 to remote] DEBUG org.asynchttpclient.netty.request.NettyRequestSender - Using pooled Channel '[id: 0x8dc6a853, L:/127.0.0.1:51161 - R:localhost/127.0.0.1:58094]' for 'POST' to 'http://localhost:58094/session/32de8b571a9e4b1eda26c30fc740b3f0/element/a45048e5-2036-41bb-9eb0-08109f8cfe84/click'
19:59:45.582 [Forwarding clickElement on session 32de8b571a9e4b1eda26c30fc740b3f0 to remote] DEBUG org.asynchttpclient.netty.request.NettyRequestSender - Using open Channel [id: 0x8dc6a853, L:/127.0.0.1:51161 - R:localhost/127.0.0.1:58094] for POST '/session/32de8b571a9e4b1eda26c30fc740b3f0/element/a45048e5-2036-41bb-9eb0-08109f8cfe84/click'
19:59:45.716 [AsyncHttpClient-1-1] DEBUG org.asynchttpclient.netty.channel.DefaultChannelPool - Entry count for : http://localhost:51162 : 1
19:59:45.732 [AsyncHttpClient-1-6] DEBUG org.asynchttpclient.netty.handler.HttpHandler - 

Request DefaultHttpRequest(decodeResult: success, version: HTTP/1.1)
POST /session/32de8b571a9e4b1eda26c30fc740b3f0/element/a45048e5-2036-41bb-9eb0-08109f8cfe84/click HTTP/1.1
User-Agent: selenium/4.1.4 (java windows)
Content-Length: 50
Content-Type: application/json; charset=utf-8
host: localhost:58094
accept: */*

Response DefaultHttpResponse(decodeResult: success, version: HTTP/1.1)
HTTP/1.1 200 OK
Content-Type: application/json; charset=utf-8
cache-control: no-cache
content-length: 14

19:59:45.732 [AsyncHttpClient-1-6] DEBUG org.asynchttpclient.netty.channel.ChannelManager - Adding key: http://localhost:58094 for channel [id: 0x8dc6a853, L:/127.0.0.1:51161 - R:localhost/127.0.0.1:58094]
19:59:45.754 [Forwarding screenshot on session 32de8b571a9e4b1eda26c30fc740b3f0 to remote] DEBUG org.asynchttpclient.netty.request.NettyRequestSender - Using pooled Channel '[id: 0x8dc6a853, L:/127.0.0.1:51161 - R:localhost/127.0.0.1:58094]' for 'GET' to 'http://localhost:58094/session/32de8b571a9e4b1eda26c30fc740b3f0/screenshot'
19:59:45.754 [Forwarding screenshot on session 32de8b571a9e4b1eda26c30fc740b3f0 to remote] DEBUG org.asynchttpclient.netty.request.NettyRequestSender - Using open Channel [id: 0x8dc6a853, L:/127.0.0.1:51161 - R:localhost/127.0.0.1:58094] for GET '/session/32de8b571a9e4b1eda26c30fc740b3f0/screenshot'
19:59:45.957 [AsyncHttpClient-1-6] DEBUG org.asynchttpclient.netty.handler.HttpHandler - 

Request DefaultFullHttpRequest(decodeResult: success, version: HTTP/1.1, content: EmptyByteBufBE)
GET /session/32de8b571a9e4b1eda26c30fc740b3f0/screenshot HTTP/1.1
User-Agent: selenium/4.1.4 (java windows)
Cache-Control: no-cache
Content-Type: application/json; charset=utf-8
host: localhost:58094
accept: */*

Response DefaultHttpResponse(decodeResult: success, version: HTTP/1.1)
HTTP/1.1 200 OK
Content-Type: application/json; charset=utf-8
cache-control: no-cache
content-length: 83972

19:59:45.957 [AsyncHttpClient-1-6] DEBUG org.asynchttpclient.netty.channel.ChannelManager - Adding key: http://localhost:58094 for channel [id: 0x8dc6a853, L:/127.0.0.1:51161 - R:localhost/127.0.0.1:58094]
19:59:45.964 [main] DEBUG net.serenitybdd.core.photography.Darkroom - Send negative for processing for target\site\serenity\b4b5a74b274ba9a2c7363b9c5d5c55271918e5c2533d2904f167a0510b272d75.png
19:59:45.965 [main] DEBUG net.thucydides.core.steps.StepInterceptor - STEP DONE: clickButtonKelolaJadwal
  &amp#27;[32mWhen &amp#27;[0m&amp#27;[32mClick button manage schedule&amp#27;[0m                                    &amp#27;[90m# starter.stepdefinitios.KelolaJadwalSteps.clickButtonManageSchedule()&amp#27;[0m
19:59:45.965 [Darkroom Processing Line] DEBUG net.serenitybdd.core.photography.DarkroomProcessingLine - Processing screenshot image in /var/screenshots/screenshot-6724343316803054610
19:59:45.965 [Darkroom Processing Line] DEBUG net.serenitybdd.core.photography.DarkroomProcessingLine - Saving screenshot to target\site\serenity\b4b5a74b274ba9a2c7363b9c5d5c55271918e5c2533d2904f167a0510b272d75.png
19:59:46.816 [AsyncHttpClient-1-1] DEBUG org.asynchttpclient.netty.channel.DefaultChannelPool - Entry count for : http://localhost:51162 : 1
19:59:46.816 [AsyncHttpClient-1-1] DEBUG org.asynchttpclient.netty.channel.DefaultChannelPool - Entry count for : http://localhost:58094 : 1
19:59:47.908 [AsyncHttpClient-1-1] DEBUG org.asynchttpclient.netty.channel.DefaultChannelPool - Entry count for : http://localhost:51162 : 1
19:59:47.908 [AsyncHttpClient-1-1] DEBUG org.asynchttpclient.netty.channel.DefaultChannelPool - Entry count for : http://localhost:58094 : 1
19:59:49.017 [AsyncHttpClient-1-1] DEBUG org.asynchttpclient.netty.channel.DefaultChannelPool - Entry count for : http://localhost:51162 : 1
19:59:49.017 [AsyncHttpClient-1-1] DEBUG org.asynchttpclient.netty.channel.DefaultChannelPool - Entry count for : http://localhost:58094 : 1
19:59:50.113 [AsyncHttpClient-1-1] DEBUG org.asynchttpclient.netty.channel.DefaultChannelPool - Entry count for : http://localhost:51162 : 1
19:59:50.113 [AsyncHttpClient-1-1] DEBUG org.asynchttpclient.netty.channel.DefaultChannelPool - Entry count for : http://localhost:58094 : 1
19:59:51.222 [AsyncHttpClient-1-1] DEBUG org.asynchttpclient.netty.channel.DefaultChannelPool - Entry count for : http://localhost:51162 : 1
19:59:51.222 [AsyncHttpClient-1-1] DEBUG org.asynchttpclient.netty.channel.DefaultChannelPool - Entry count for : http://localhost:58094 : 1
19:59:52.054 [Forwarding screenshot on session 32de8b571a9e4b1eda26c30fc740b3f0 to remote] DEBUG org.asynchttpclient.netty.request.NettyRequestSender - Using pooled Channel '[id: 0x8dc6a853, L:/127.0.0.1:51161 - R:localhost/127.0.0.1:58094]' for 'GET' to 'http://localhost:58094/session/32de8b571a9e4b1eda26c30fc740b3f0/screenshot'
19:59:52.054 [Forwarding screenshot on session 32de8b571a9e4b1eda26c30fc740b3f0 to remote] DEBUG org.asynchttpclient.netty.request.NettyRequestSender - Using open Channel [id: 0x8dc6a853, L:/127.0.0.1:51161 - R:localhost/127.0.0.1:58094] for GET '/session/32de8b571a9e4b1eda26c30fc740b3f0/screenshot'
19:59:52.232 [AsyncHttpClient-1-6] DEBUG org.asynchttpclient.netty.handler.HttpHandler - 

Request DefaultFullHttpRequest(decodeResult: success, version: HTTP/1.1, content: EmptyByteBufBE)
GET /session/32de8b571a9e4b1eda26c30fc740b3f0/screenshot HTTP/1.1
User-Agent: selenium/4.1.4 (java windows)
Cache-Control: no-cache
Content-Type: application/json; charset=utf-8
host: localhost:58094
accept: */*

Response DefaultHttpResponse(decodeResult: success, version: HTTP/1.1)
HTTP/1.1 200 OK
Content-Type: application/json; charset=utf-8
cache-control: no-cache
content-length: 94428

19:59:52.232 [AsyncHttpClient-1-6] DEBUG org.asynchttpclient.netty.channel.ChannelManager - Adding key: http://localhost:58094 for channel [id: 0x8dc6a853, L:/127.0.0.1:51161 - R:localhost/127.0.0.1:58094]
19:59:52.236 [main] DEBUG net.serenitybdd.core.photography.Darkroom - Send negative for processing for target\site\serenity\52f049b13ee86bce1d2fefb80926b582975a5e8583e0e16983bbd511ad943ac3.png
19:59:52.237 [main] DEBUG net.thucydides.core.steps.StepInterceptor - STARTING STEP: PatientDataSteps.clickButtonTambahData - clickButtonTambah
19:59:52.242 [Forwarding findElement on session 32de8b571a9e4b1eda26c30fc740b3f0 to remote] DEBUG org.asynchttpclient.netty.request.NettyRequestSender - Using pooled Channel '[id: 0x8dc6a853, L:/127.0.0.1:51161 - R:localhost/127.0.0.1:58094]' for 'POST' to 'http://localhost:58094/session/32de8b571a9e4b1eda26c30fc740b3f0/element'
19:59:52.242 [Forwarding findElement on session 32de8b571a9e4b1eda26c30fc740b3f0 to remote] DEBUG org.asynchttpclient.netty.request.NettyRequestSender - Using open Channel [id: 0x8dc6a853, L:/127.0.0.1:51161 - R:localhost/127.0.0.1:58094] for POST '/session/32de8b571a9e4b1eda26c30fc740b3f0/element'
19:59:52.250 [AsyncHttpClient-1-6] DEBUG org.asynchttpclient.netty.handler.HttpHandler - 

Request DefaultHttpRequest(decodeResult: success, version: HTTP/1.1)
POST /session/32de8b571a9e4b1eda26c30fc740b3f0/element HTTP/1.1
User-Agent: selenium/4.1.4 (java windows)
Content-Length: 68
Content-Type: application/json; charset=utf-8
host: localhost:58094
accept: */*

Response DefaultHttpResponse(decodeResult: success, version: HTTP/1.1)
HTTP/1.1 200 OK
Content-Type: application/json; charset=utf-8
cache-control: no-cache
content-length: 88

19:59:52.250 [AsyncHttpClient-1-6] DEBUG org.asynchttpclient.netty.channel.ChannelManager - Adding key: http://localhost:58094 for channel [id: 0x8dc6a853, L:/127.0.0.1:51161 - R:localhost/127.0.0.1:58094]
19:59:52.251 [Forwarding getElementTagName on session 32de8b571a9e4b1eda26c30fc740b3f0 to remote] DEBUG org.asynchttpclient.netty.request.NettyRequestSender - Using pooled Channel '[id: 0x8dc6a853, L:/127.0.0.1:51161 - R:localhost/127.0.0.1:58094]' for 'GET' to 'http://localhost:58094/session/32de8b571a9e4b1eda26c30fc740b3f0/element/ce9565a6-d7a5-46b1-916d-044371cce8f6/name'
19:59:52.251 [Forwarding getElementTagName on session 32de8b571a9e4b1eda26c30fc740b3f0 to remote] DEBUG org.asynchttpclient.netty.request.NettyRequestSender - Using open Channel [id: 0x8dc6a853, L:/127.0.0.1:51161 - R:localhost/127.0.0.1:58094] for GET '/session/32de8b571a9e4b1eda26c30fc740b3f0/element/ce9565a6-d7a5-46b1-916d-044371cce8f6/name'
19:59:52.257 [AsyncHttpClient-1-6] DEBUG org.asynchttpclient.netty.handler.HttpHandler - 

Request DefaultFullHttpRequest(decodeResult: success, version: HTTP/1.1, content: EmptyByteBufBE)
GET /session/32de8b571a9e4b1eda26c30fc740b3f0/element/ce9565a6-d7a5-46b1-916d-044371cce8f6/name HTTP/1.1
User-Agent: selenium/4.1.4 (java windows)
Cache-Control: no-cache
Content-Type: application/json; charset=utf-8
host: localhost:58094
accept: */*

Response DefaultHttpResponse(decodeResult: success, version: HTTP/1.1)
HTTP/1.1 200 OK
Content-Type: application/json; charset=utf-8
cache-control: no-cache
content-length: 18

19:59:52.257 [AsyncHttpClient-1-6] DEBUG org.asynchttpclient.netty.channel.ChannelManager - Adding key: http://localhost:58094 for channel [id: 0x8dc6a853, L:/127.0.0.1:51161 - R:localhost/127.0.0.1:58094]
19:59:52.258 [Forwarding getElementTagName on session 32de8b571a9e4b1eda26c30fc740b3f0 to remote] DEBUG org.asynchttpclient.netty.request.NettyRequestSender - Using pooled Channel '[id: 0x8dc6a853, L:/127.0.0.1:51161 - R:localhost/127.0.0.1:58094]' for 'GET' to 'http://localhost:58094/session/32de8b571a9e4b1eda26c30fc740b3f0/element/ce9565a6-d7a5-46b1-916d-044371cce8f6/name'
19:59:52.258 [Forwarding getElementTagName on session 32de8b571a9e4b1eda26c30fc740b3f0 to remote] DEBUG org.asynchttpclient.netty.request.NettyRequestSender - Using open Channel [id: 0x8dc6a853, L:/127.0.0.1:51161 - R:localhost/127.0.0.1:58094] for GET '/session/32de8b571a9e4b1eda26c30fc740b3f0/element/ce9565a6-d7a5-46b1-916d-044371cce8f6/name'
19:59:52.261 [AsyncHttpClient-1-6] DEBUG org.asynchttpclient.netty.handler.HttpHandler - 

Request DefaultFullHttpRequest(decodeResult: success, version: HTTP/1.1, content: EmptyByteBufBE)
GET /session/32de8b571a9e4b1eda26c30fc740b3f0/element/ce9565a6-d7a5-46b1-916d-044371cce8f6/name HTTP/1.1
User-Agent: selenium/4.1.4 (java windows)
Cache-Control: no-cache
Content-Type: application/json; charset=utf-8
host: localhost:58094
accept: */*

Response DefaultHttpResponse(decodeResult: success, version: HTTP/1.1)
HTTP/1.1 200 OK
Content-Type: application/json; charset=utf-8
cache-control: no-cache
content-length: 18

19:59:52.261 [AsyncHttpClient-1-6] DEBUG org.asynchttpclient.netty.channel.ChannelManager - Adding key: http://localhost:58094 for channel [id: 0x8dc6a853, L:/127.0.0.1:51161 - R:localhost/127.0.0.1:58094]
19:59:52.264 [Forwarding isElementEnabled on session 32de8b571a9e4b1eda26c30fc740b3f0 to remote] DEBUG org.asynchttpclient.netty.request.NettyRequestSender - Using pooled Channel '[id: 0x8dc6a853, L:/127.0.0.1:51161 - R:localhost/127.0.0.1:58094]' for 'GET' to 'http://localhost:58094/session/32de8b571a9e4b1eda26c30fc740b3f0/element/ce9565a6-d7a5-46b1-916d-044371cce8f6/enabled'
19:59:52.264 [Forwarding isElementEnabled on session 32de8b571a9e4b1eda26c30fc740b3f0 to remote] DEBUG org.asynchttpclient.netty.request.NettyRequestSender - Using open Channel [id: 0x8dc6a853, L:/127.0.0.1:51161 - R:localhost/127.0.0.1:58094] for GET '/session/32de8b571a9e4b1eda26c30fc740b3f0/element/ce9565a6-d7a5-46b1-916d-044371cce8f6/enabled'
19:59:52.274 [AsyncHttpClient-1-6] DEBUG org.asynchttpclient.netty.handler.HttpHandler - 

Request DefaultFullHttpRequest(decodeResult: success, version: HTTP/1.1, content: EmptyByteBufBE)
GET /session/32de8b571a9e4b1eda26c30fc740b3f0/element/ce9565a6-d7a5-46b1-916d-044371cce8f6/enabled HTTP/1.1
User-Agent: selenium/4.1.4 (java windows)
Cache-Control: no-cache
Content-Type: application/json; charset=utf-8
host: localhost:58094
accept: */*

Response DefaultHttpResponse(decodeResult: success, version: HTTP/1.1)
HTTP/1.1 200 OK
Content-Type: application/json; charset=utf-8
cache-control: no-cache
content-length: 14

19:59:52.275 [AsyncHttpClient-1-6] DEBUG org.asynchttpclient.netty.channel.ChannelManager - Adding key: http://localhost:58094 for channel [id: 0x8dc6a853, L:/127.0.0.1:51161 - R:localhost/127.0.0.1:58094]
19:59:52.276 [Forwarding isElementEnabled on session 32de8b571a9e4b1eda26c30fc740b3f0 to remote] DEBUG org.asynchttpclient.netty.request.NettyRequestSender - Using pooled Channel '[id: 0x8dc6a853, L:/127.0.0.1:51161 - R:localhost/127.0.0.1:58094]' for 'GET' to 'http://localhost:58094/session/32de8b571a9e4b1eda26c30fc740b3f0/element/ce9565a6-d7a5-46b1-916d-044371cce8f6/enabled'
19:59:52.276 [Forwarding isElementEnabled on session 32de8b571a9e4b1eda26c30fc740b3f0 to remote] DEBUG org.asynchttpclient.netty.request.NettyRequestSender - Using open Channel [id: 0x8dc6a853, L:/127.0.0.1:51161 - R:localhost/127.0.0.1:58094] for GET '/session/32de8b571a9e4b1eda26c30fc740b3f0/element/ce9565a6-d7a5-46b1-916d-044371cce8f6/enabled'
19:59:52.283 [AsyncHttpClient-1-6] DEBUG org.asynchttpclient.netty.handler.HttpHandler - 

Request DefaultFullHttpRequest(decodeResult: success, version: HTTP/1.1, content: EmptyByteBufBE)
GET /session/32de8b571a9e4b1eda26c30fc740b3f0/element/ce9565a6-d7a5-46b1-916d-044371cce8f6/enabled HTTP/1.1
User-Agent: selenium/4.1.4 (java windows)
Cache-Control: no-cache
Content-Type: application/json; charset=utf-8
host: localhost:58094
accept: */*

Response DefaultHttpResponse(decodeResult: success, version: HTTP/1.1)
HTTP/1.1 200 OK
Content-Type: application/json; charset=utf-8
cache-control: no-cache
content-length: 14

19:59:52.283 [AsyncHttpClient-1-6] DEBUG org.asynchttpclient.netty.channel.ChannelManager - Adding key: http://localhost:58094 for channel [id: 0x8dc6a853, L:/127.0.0.1:51161 - R:localhost/127.0.0.1:58094]
19:59:52.285 [Forwarding findElement on session 32de8b571a9e4b1eda26c30fc740b3f0 to remote] DEBUG org.asynchttpclient.netty.request.NettyRequestSender - Using pooled Channel '[id: 0x8dc6a853, L:/127.0.0.1:51161 - R:localhost/127.0.0.1:58094]' for 'POST' to 'http://localhost:58094/session/32de8b571a9e4b1eda26c30fc740b3f0/element'
19:59:52.285 [Forwarding findElement on session 32de8b571a9e4b1eda26c30fc740b3f0 to remote] DEBUG org.asynchttpclient.netty.request.NettyRequestSender - Using open Channel [id: 0x8dc6a853, L:/127.0.0.1:51161 - R:localhost/127.0.0.1:58094] for POST '/session/32de8b571a9e4b1eda26c30fc740b3f0/element'
19:59:52.294 [AsyncHttpClient-1-6] DEBUG org.asynchttpclient.netty.handler.HttpHandler - 

Request DefaultHttpRequest(decodeResult: success, version: HTTP/1.1)
POST /session/32de8b571a9e4b1eda26c30fc740b3f0/element HTTP/1.1
User-Agent: selenium/4.1.4 (java windows)
Content-Length: 68
Content-Type: application/json; charset=utf-8
host: localhost:58094
accept: */*

Response DefaultHttpResponse(decodeResult: success, version: HTTP/1.1)
HTTP/1.1 200 OK
Content-Type: application/json; charset=utf-8
cache-control: no-cache
content-length: 88

19:59:52.294 [AsyncHttpClient-1-6] DEBUG org.asynchttpclient.netty.channel.ChannelManager - Adding key: http://localhost:58094 for channel [id: 0x8dc6a853, L:/127.0.0.1:51161 - R:localhost/127.0.0.1:58094]
19:59:52.295 [Forwarding clickElement on session 32de8b571a9e4b1eda26c30fc740b3f0 to remote] DEBUG org.asynchttpclient.netty.request.NettyRequestSender - Using pooled Channel '[id: 0x8dc6a853, L:/127.0.0.1:51161 - R:localhost/127.0.0.1:58094]' for 'POST' to 'http://localhost:58094/session/32de8b571a9e4b1eda26c30fc740b3f0/element/ce9565a6-d7a5-46b1-916d-044371cce8f6/click'
19:59:52.296 [Forwarding clickElement on session 32de8b571a9e4b1eda26c30fc740b3f0 to remote] DEBUG org.asynchttpclient.netty.request.NettyRequestSender - Using open Channel [id: 0x8dc6a853, L:/127.0.0.1:51161 - R:localhost/127.0.0.1:58094] for POST '/session/32de8b571a9e4b1eda26c30fc740b3f0/element/ce9565a6-d7a5-46b1-916d-044371cce8f6/click'
19:59:52.324 [AsyncHttpClient-1-1] DEBUG org.asynchttpclient.netty.channel.DefaultChannelPool - Entry count for : http://localhost:51162 : 1
19:59:52.374 [AsyncHttpClient-1-6] DEBUG org.asynchttpclient.netty.handler.HttpHandler - 

Request DefaultHttpRequest(decodeResult: success, version: HTTP/1.1)
POST /session/32de8b571a9e4b1eda26c30fc740b3f0/element/ce9565a6-d7a5-46b1-916d-044371cce8f6/click HTTP/1.1
User-Agent: selenium/4.1.4 (java windows)
Content-Length: 50
Content-Type: application/json; charset=utf-8
host: localhost:58094
accept: */*

Response DefaultHttpResponse(decodeResult: success, version: HTTP/1.1)
HTTP/1.1 200 OK
Content-Type: application/json; charset=utf-8
cache-control: no-cache
content-length: 14

19:59:52.374 [AsyncHttpClient-1-6] DEBUG org.asynchttpclient.netty.channel.ChannelManager - Adding key: http://localhost:58094 for channel [id: 0x8dc6a853, L:/127.0.0.1:51161 - R:localhost/127.0.0.1:58094]
19:59:52.383 [Forwarding screenshot on session 32de8b571a9e4b1eda26c30fc740b3f0 to remote] DEBUG org.asynchttpclient.netty.request.NettyRequestSender - Using pooled Channel '[id: 0x8dc6a853, L:/127.0.0.1:51161 - R:localhost/127.0.0.1:58094]' for 'GET' to 'http://localhost:58094/session/32de8b571a9e4b1eda26c30fc740b3f0/screenshot'
19:59:52.383 [Forwarding screenshot on session 32de8b571a9e4b1eda26c30fc740b3f0 to remote] DEBUG org.asynchttpclient.netty.request.NettyRequestSender - Using open Channel [id: 0x8dc6a853, L:/127.0.0.1:51161 - R:localhost/127.0.0.1:58094] for GET '/session/32de8b571a9e4b1eda26c30fc740b3f0/screenshot'
19:59:52.684 [AsyncHttpClient-1-6] DEBUG org.asynchttpclient.netty.handler.HttpHandler - 

Request DefaultFullHttpRequest(decodeResult: success, version: HTTP/1.1, content: EmptyByteBufBE)
GET /session/32de8b571a9e4b1eda26c30fc740b3f0/screenshot HTTP/1.1
User-Agent: selenium/4.1.4 (java windows)
Cache-Control: no-cache
Content-Type: application/json; charset=utf-8
host: localhost:58094
accept: */*

Response DefaultHttpResponse(decodeResult: success, version: HTTP/1.1)
HTTP/1.1 200 OK
Content-Type: application/json; charset=utf-8
cache-control: no-cache
content-length: 46240

19:59:52.684 [AsyncHttpClient-1-6] DEBUG org.asynchttpclient.netty.channel.ChannelManager - Adding key: http://localhost:58094 for channel [id: 0x8dc6a853, L:/127.0.0.1:51161 - R:localhost/127.0.0.1:58094]
19:59:52.690 [main] DEBUG net.serenitybdd.core.photography.Darkroom - Send negative for processing for target\site\serenity\c4acfe9762e722098a36a02e8e78ac42233d68059fbe2a1659fe015449bed286.png
19:59:52.692 [main] DEBUG net.thucydides.core.steps.StepInterceptor - STEP DONE: clickButtonTambah
  &amp#27;[32mAnd &amp#27;[0m&amp#27;[32mClick button tambah data&amp#27;[0m                                         &amp#27;[90m# starter.stepdefinitios.PatientDataSteps.clickButtonTambahData()&amp#27;[0m
19:59:52.692 [Darkroom Processing Line] DEBUG net.serenitybdd.core.photography.DarkroomProcessingLine - Processing screenshot image in /var/screenshots/screenshot-17491855445081579513
19:59:52.692 [Darkroom Processing Line] DEBUG net.serenitybdd.core.photography.DarkroomProcessingLine - Saving screenshot to target\site\serenity\c4acfe9762e722098a36a02e8e78ac42233d68059fbe2a1659fe015449bed286.png
19:59:53.414 [AsyncHttpClient-1-1] DEBUG org.asynchttpclient.netty.channel.DefaultChannelPool - Entry count for : http://localhost:51162 : 1
19:59:53.414 [AsyncHttpClient-1-1] DEBUG org.asynchttpclient.netty.channel.DefaultChannelPool - Entry count for : http://localhost:58094 : 1
19:59:54.510 [AsyncHttpClient-1-1] DEBUG org.asynchttpclient.netty.channel.DefaultChannelPool - Entry count for : http://localhost:51162 : 1
19:59:54.510 [AsyncHttpClient-1-1] DEBUG org.asynchttpclient.netty.channel.DefaultChannelPool - Entry count for : http://localhost:58094 : 1
19:59:55.608 [AsyncHttpClient-1-1] DEBUG org.asynchttpclient.netty.channel.DefaultChannelPool - Entry count for : http://localhost:51162 : 1
19:59:55.608 [AsyncHttpClient-1-1] DEBUG org.asynchttpclient.netty.channel.DefaultChannelPool - Entry count for : http://localhost:58094 : 1
19:59:56.710 [AsyncHttpClient-1-1] DEBUG org.asynchttpclient.netty.channel.DefaultChannelPool - Entry count for : http://localhost:51162 : 1
19:59:56.710 [AsyncHttpClient-1-1] DEBUG org.asynchttpclient.netty.channel.DefaultChannelPool - Entry count for : http://localhost:58094 : 1
19:59:57.745 [Forwarding screenshot on session 32de8b571a9e4b1eda26c30fc740b3f0 to remote] DEBUG org.asynchttpclient.netty.request.NettyRequestSender - Using pooled Channel '[id: 0x8dc6a853, L:/127.0.0.1:51161 - R:localhost/127.0.0.1:58094]' for 'GET' to 'http://localhost:58094/session/32de8b571a9e4b1eda26c30fc740b3f0/screenshot'
19:59:57.745 [Forwarding screenshot on session 32de8b571a9e4b1eda26c30fc740b3f0 to remote] DEBUG org.asynchttpclient.netty.request.NettyRequestSender - Using open Channel [id: 0x8dc6a853, L:/127.0.0.1:51161 - R:localhost/127.0.0.1:58094] for GET '/session/32de8b571a9e4b1eda26c30fc740b3f0/screenshot'
19:59:57.815 [AsyncHttpClient-1-1] DEBUG org.asynchttpclient.netty.channel.DefaultChannelPool - Entry count for : http://localhost:51162 : 1
19:59:57.902 [AsyncHttpClient-1-6] DEBUG org.asynchttpclient.netty.handler.HttpHandler - 

Request DefaultFullHttpRequest(decodeResult: success, version: HTTP/1.1, content: EmptyByteBufBE)
GET /session/32de8b571a9e4b1eda26c30fc740b3f0/screenshot HTTP/1.1
User-Agent: selenium/4.1.4 (java windows)
Cache-Control: no-cache
Content-Type: application/json; charset=utf-8
host: localhost:58094
accept: */*

Response DefaultHttpResponse(decodeResult: success, version: HTTP/1.1)
HTTP/1.1 200 OK
Content-Type: application/json; charset=utf-8
cache-control: no-cache
content-length: 47716

19:59:57.902 [AsyncHttpClient-1-6] DEBUG org.asynchttpclient.netty.channel.ChannelManager - Adding key: http://localhost:58094 for channel [id: 0x8dc6a853, L:/127.0.0.1:51161 - R:localhost/127.0.0.1:58094]
19:59:57.904 [main] DEBUG net.serenitybdd.core.photography.Darkroom - Send negative for processing for target\site\serenity\ad177091e4acbab0cd01d6b4460c49c80aa2a4502185984912e75c5401e1a307.png
19:59:57.905 [main] DEBUG net.thucydides.core.steps.StepInterceptor - STARTING STEP: KelolaJadwalSteps.clickOnTheSelectPatientActionToSelectAPatient - buttonPilihPasien
19:59:57.908 [Forwarding findElement on session 32de8b571a9e4b1eda26c30fc740b3f0 to remote] DEBUG org.asynchttpclient.netty.request.NettyRequestSender - Using pooled Channel '[id: 0x8dc6a853, L:/127.0.0.1:51161 - R:localhost/127.0.0.1:58094]' for 'POST' to 'http://localhost:58094/session/32de8b571a9e4b1eda26c30fc740b3f0/element'
19:59:57.908 [Forwarding findElement on session 32de8b571a9e4b1eda26c30fc740b3f0 to remote] DEBUG org.asynchttpclient.netty.request.NettyRequestSender - Using open Channel [id: 0x8dc6a853, L:/127.0.0.1:51161 - R:localhost/127.0.0.1:58094] for POST '/session/32de8b571a9e4b1eda26c30fc740b3f0/element'
19:59:57.922 [AsyncHttpClient-1-6] DEBUG org.asynchttpclient.netty.handler.HttpHandler - 

Request DefaultHttpRequest(decodeResult: success, version: HTTP/1.1)
POST /session/32de8b571a9e4b1eda26c30fc740b3f0/element HTTP/1.1
User-Agent: selenium/4.1.4 (java windows)
Content-Length: 147
Content-Type: application/json; charset=utf-8
host: localhost:58094
accept: */*

Response DefaultHttpResponse(decodeResult: success, version: HTTP/1.1)
HTTP/1.1 200 OK
Content-Type: application/json; charset=utf-8
cache-control: no-cache
content-length: 88

19:59:57.922 [AsyncHttpClient-1-6] DEBUG org.asynchttpclient.netty.channel.ChannelManager - Adding key: http://localhost:58094 for channel [id: 0x8dc6a853, L:/127.0.0.1:51161 - R:localhost/127.0.0.1:58094]
19:59:57.924 [Forwarding getElementTagName on session 32de8b571a9e4b1eda26c30fc740b3f0 to remote] DEBUG org.asynchttpclient.netty.request.NettyRequestSender - Using pooled Channel '[id: 0x8dc6a853, L:/127.0.0.1:51161 - R:localhost/127.0.0.1:58094]' for 'GET' to 'http://localhost:58094/session/32de8b571a9e4b1eda26c30fc740b3f0/element/3c14250b-6cc5-45db-95d9-58dfada59e5d/name'
19:59:57.924 [Forwarding getElementTagName on session 32de8b571a9e4b1eda26c30fc740b3f0 to remote] DEBUG org.asynchttpclient.netty.request.NettyRequestSender - Using open Channel [id: 0x8dc6a853, L:/127.0.0.1:51161 - R:localhost/127.0.0.1:58094] for GET '/session/32de8b571a9e4b1eda26c30fc740b3f0/element/3c14250b-6cc5-45db-95d9-58dfada59e5d/name'
19:59:57.930 [AsyncHttpClient-1-6] DEBUG org.asynchttpclient.netty.handler.HttpHandler - 

Request DefaultFullHttpRequest(decodeResult: success, version: HTTP/1.1, content: EmptyByteBufBE)
GET /session/32de8b571a9e4b1eda26c30fc740b3f0/element/3c14250b-6cc5-45db-95d9-58dfada59e5d/name HTTP/1.1
User-Agent: selenium/4.1.4 (java windows)
Cache-Control: no-cache
Content-Type: application/json; charset=utf-8
host: localhost:58094
accept: */*

Response DefaultHttpResponse(decodeResult: success, version: HTTP/1.1)
HTTP/1.1 200 OK
Content-Type: application/json; charset=utf-8
cache-control: no-cache
content-length: 15

19:59:57.930 [AsyncHttpClient-1-6] DEBUG org.asynchttpclient.netty.channel.ChannelManager - Adding key: http://localhost:58094 for channel [id: 0x8dc6a853, L:/127.0.0.1:51161 - R:localhost/127.0.0.1:58094]
19:59:57.931 [Forwarding getElementTagName on session 32de8b571a9e4b1eda26c30fc740b3f0 to remote] DEBUG org.asynchttpclient.netty.request.NettyRequestSender - Using pooled Channel '[id: 0x8dc6a853, L:/127.0.0.1:51161 - R:localhost/127.0.0.1:58094]' for 'GET' to 'http://localhost:58094/session/32de8b571a9e4b1eda26c30fc740b3f0/element/3c14250b-6cc5-45db-95d9-58dfada59e5d/name'
19:59:57.931 [Forwarding getElementTagName on session 32de8b571a9e4b1eda26c30fc740b3f0 to remote] DEBUG org.asynchttpclient.netty.request.NettyRequestSender - Using open Channel [id: 0x8dc6a853, L:/127.0.0.1:51161 - R:localhost/127.0.0.1:58094] for GET '/session/32de8b571a9e4b1eda26c30fc740b3f0/element/3c14250b-6cc5-45db-95d9-58dfada59e5d/name'
19:59:57.937 [AsyncHttpClient-1-6] DEBUG org.asynchttpclient.netty.handler.HttpHandler - 

Request DefaultFullHttpRequest(decodeResult: success, version: HTTP/1.1, content: EmptyByteBufBE)
GET /session/32de8b571a9e4b1eda26c30fc740b3f0/element/3c14250b-6cc5-45db-95d9-58dfada59e5d/name HTTP/1.1
User-Agent: selenium/4.1.4 (java windows)
Cache-Control: no-cache
Content-Type: application/json; charset=utf-8
host: localhost:58094
accept: */*

Response DefaultHttpResponse(decodeResult: success, version: HTTP/1.1)
HTTP/1.1 200 OK
Content-Type: application/json; charset=utf-8
cache-control: no-cache
content-length: 15

19:59:57.937 [AsyncHttpClient-1-6] DEBUG org.asynchttpclient.netty.channel.ChannelManager - Adding key: http://localhost:58094 for channel [id: 0x8dc6a853, L:/127.0.0.1:51161 - R:localhost/127.0.0.1:58094]
19:59:57.939 [Forwarding findElement on session 32de8b571a9e4b1eda26c30fc740b3f0 to remote] DEBUG org.asynchttpclient.netty.request.NettyRequestSender - Using pooled Channel '[id: 0x8dc6a853, L:/127.0.0.1:51161 - R:localhost/127.0.0.1:58094]' for 'POST' to 'http://localhost:58094/session/32de8b571a9e4b1eda26c30fc740b3f0/element'
19:59:57.939 [Forwarding findElement on session 32de8b571a9e4b1eda26c30fc740b3f0 to remote] DEBUG org.asynchttpclient.netty.request.NettyRequestSender - Using open Channel [id: 0x8dc6a853, L:/127.0.0.1:51161 - R:localhost/127.0.0.1:58094] for POST '/session/32de8b571a9e4b1eda26c30fc740b3f0/element'
19:59:57.949 [AsyncHttpClient-1-6] DEBUG org.asynchttpclient.netty.handler.HttpHandler - 

Request DefaultHttpRequest(decodeResult: success, version: HTTP/1.1)
POST /session/32de8b571a9e4b1eda26c30fc740b3f0/element HTTP/1.1
User-Agent: selenium/4.1.4 (java windows)
Content-Length: 147
Content-Type: application/json; charset=utf-8
host: localhost:58094
accept: */*

Response DefaultHttpResponse(decodeResult: success, version: HTTP/1.1)
HTTP/1.1 200 OK
Content-Type: application/json; charset=utf-8
cache-control: no-cache
content-length: 88

19:59:57.949 [AsyncHttpClient-1-6] DEBUG org.asynchttpclient.netty.channel.ChannelManager - Adding key: http://localhost:58094 for channel [id: 0x8dc6a853, L:/127.0.0.1:51161 - R:localhost/127.0.0.1:58094]
19:59:57.950 [Forwarding clickElement on session 32de8b571a9e4b1eda26c30fc740b3f0 to remote] DEBUG org.asynchttpclient.netty.request.NettyRequestSender - Using pooled Channel '[id: 0x8dc6a853, L:/127.0.0.1:51161 - R:localhost/127.0.0.1:58094]' for 'POST' to 'http://localhost:58094/session/32de8b571a9e4b1eda26c30fc740b3f0/element/3c14250b-6cc5-45db-95d9-58dfada59e5d/click'
19:59:57.950 [Forwarding clickElement on session 32de8b571a9e4b1eda26c30fc740b3f0 to remote] DEBUG org.asynchttpclient.netty.request.NettyRequestSender - Using open Channel [id: 0x8dc6a853, L:/127.0.0.1:51161 - R:localhost/127.0.0.1:58094] for POST '/session/32de8b571a9e4b1eda26c30fc740b3f0/element/3c14250b-6cc5-45db-95d9-58dfada59e5d/click'
19:59:58.021 [AsyncHttpClient-1-6] DEBUG org.asynchttpclient.netty.handler.HttpHandler - 

Request DefaultHttpRequest(decodeResult: success, version: HTTP/1.1)
POST /session/32de8b571a9e4b1eda26c30fc740b3f0/element/3c14250b-6cc5-45db-95d9-58dfada59e5d/click HTTP/1.1
User-Agent: selenium/4.1.4 (java windows)
Content-Length: 50
Content-Type: application/json; charset=utf-8
host: localhost:58094
accept: */*

Response DefaultHttpResponse(decodeResult: success, version: HTTP/1.1)
HTTP/1.1 200 OK
Content-Type: application/json; charset=utf-8
cache-control: no-cache
content-length: 14

19:59:58.021 [AsyncHttpClient-1-6] DEBUG org.asynchttpclient.netty.channel.ChannelManager - Adding key: http://localhost:58094 for channel [id: 0x8dc6a853, L:/127.0.0.1:51161 - R:localhost/127.0.0.1:58094]
19:59:58.034 [Forwarding screenshot on session 32de8b571a9e4b1eda26c30fc740b3f0 to remote] DEBUG org.asynchttpclient.netty.request.NettyRequestSender - Using pooled Channel '[id: 0x8dc6a853, L:/127.0.0.1:51161 - R:localhost/127.0.0.1:58094]' for 'GET' to 'http://localhost:58094/session/32de8b571a9e4b1eda26c30fc740b3f0/screenshot'
19:59:58.034 [Forwarding screenshot on session 32de8b571a9e4b1eda26c30fc740b3f0 to remote] DEBUG org.asynchttpclient.netty.request.NettyRequestSender - Using open Channel [id: 0x8dc6a853, L:/127.0.0.1:51161 - R:localhost/127.0.0.1:58094] for GET '/session/32de8b571a9e4b1eda26c30fc740b3f0/screenshot'
19:59:58.169 [AsyncHttpClient-1-6] DEBUG org.asynchttpclient.netty.handler.HttpHandler - 

Request DefaultFullHttpRequest(decodeResult: success, version: HTTP/1.1, content: EmptyByteBufBE)
GET /session/32de8b571a9e4b1eda26c30fc740b3f0/screenshot HTTP/1.1
User-Agent: selenium/4.1.4 (java windows)
Cache-Control: no-cache
Content-Type: application/json; charset=utf-8
host: localhost:58094
accept: */*

Response DefaultHttpResponse(decodeResult: success, version: HTTP/1.1)
HTTP/1.1 200 OK
Content-Type: application/json; charset=utf-8
cache-control: no-cache
content-length: 52988

19:59:58.169 [AsyncHttpClient-1-6] DEBUG org.asynchttpclient.netty.channel.ChannelManager - Adding key: http://localhost:58094 for channel [id: 0x8dc6a853, L:/127.0.0.1:51161 - R:localhost/127.0.0.1:58094]
19:59:58.173 [main] DEBUG net.serenitybdd.core.photography.Darkroom - Send negative for processing for target\site\serenity\088f27582b4ff8e7c195958e915607294341c6ba7afda3073b05aac4ec8efdbb.png
19:59:58.173 [main] DEBUG net.thucydides.core.steps.StepInterceptor - STEP DONE: buttonPilihPasien
  &amp#27;[32mAnd &amp#27;[0m&amp#27;[32mClick on the select patient action to select a patient&amp#27;[0m           &amp#27;[90m# starter.stepdefinitios.KelolaJadwalSteps.clickOnTheSelectPatientActionToSelectAPatient()&amp#27;[0m
19:59:58.909 [AsyncHttpClient-1-1] DEBUG org.asynchttpclient.netty.channel.DefaultChannelPool - Entry count for : http://localhost:51162 : 1
19:59:58.909 [AsyncHttpClient-1-1] DEBUG org.asynchttpclient.netty.channel.DefaultChannelPool - Entry count for : http://localhost:58094 : 1
20:00:00.027 [AsyncHttpClient-1-1] DEBUG org.asynchttpclient.netty.channel.DefaultChannelPool - Entry count for : http://localhost:51162 : 1
20:00:00.027 [AsyncHttpClient-1-1] DEBUG org.asynchttpclient.netty.channel.DefaultChannelPool - Entry count for : http://localhost:58094 : 1
20:00:01.110 [AsyncHttpClient-1-1] DEBUG org.asynchttpclient.netty.channel.DefaultChannelPool - Entry count for : http://localhost:51162 : 1
20:00:01.110 [AsyncHttpClient-1-1] DEBUG org.asynchttpclient.netty.channel.DefaultChannelPool - Entry count for : http://localhost:58094 : 1
20:00:02.229 [AsyncHttpClient-1-1] DEBUG org.asynchttpclient.netty.channel.DefaultChannelPool - Entry count for : http://localhost:51162 : 1
20:00:02.229 [AsyncHttpClient-1-1] DEBUG org.asynchttpclient.netty.channel.DefaultChannelPool - Entry count for : http://localhost:58094 : 1
20:00:03.189 [Forwarding screenshot on session 32de8b571a9e4b1eda26c30fc740b3f0 to remote] DEBUG org.asynchttpclient.netty.request.NettyRequestSender - Using pooled Channel '[id: 0x8dc6a853, L:/127.0.0.1:51161 - R:localhost/127.0.0.1:58094]' for 'GET' to 'http://localhost:58094/session/32de8b571a9e4b1eda26c30fc740b3f0/screenshot'
20:00:03.189 [Forwarding screenshot on session 32de8b571a9e4b1eda26c30fc740b3f0 to remote] DEBUG org.asynchttpclient.netty.request.NettyRequestSender - Using open Channel [id: 0x8dc6a853, L:/127.0.0.1:51161 - R:localhost/127.0.0.1:58094] for GET '/session/32de8b571a9e4b1eda26c30fc740b3f0/screenshot'
20:00:03.312 [AsyncHttpClient-1-1] DEBUG org.asynchttpclient.netty.channel.DefaultChannelPool - Entry count for : http://localhost:51162 : 1
20:00:03.318 [AsyncHttpClient-1-6] DEBUG org.asynchttpclient.netty.handler.HttpHandler - 

Request DefaultFullHttpRequest(decodeResult: success, version: HTTP/1.1, content: EmptyByteBufBE)
GET /session/32de8b571a9e4b1eda26c30fc740b3f0/screenshot HTTP/1.1
User-Agent: selenium/4.1.4 (java windows)
Cache-Control: no-cache
Content-Type: application/json; charset=utf-8
host: localhost:58094
accept: */*

Response DefaultHttpResponse(decodeResult: success, version: HTTP/1.1)
HTTP/1.1 200 OK
Content-Type: application/json; charset=utf-8
cache-control: no-cache
content-length: 52960

20:00:03.318 [AsyncHttpClient-1-6] DEBUG org.asynchttpclient.netty.channel.ChannelManager - Adding key: http://localhost:58094 for channel [id: 0x8dc6a853, L:/127.0.0.1:51161 - R:localhost/127.0.0.1:58094]
20:00:03.318 [main] DEBUG net.serenitybdd.core.photography.Darkroom - Send negative for processing for target\site\serenity\c98a697cb362c1e45d8476a44ab6e7293338b689a16d886c83d00e534ea9deb1.png
20:00:03.318 [main] DEBUG net.thucydides.core.steps.StepInterceptor - STARTING STEP: KelolaJadwalSteps.clickOnTheActionChooseADoctorToChooseADoctor - buttonPilihDokter
20:00:03.325 [Forwarding findElement on session 32de8b571a9e4b1eda26c30fc740b3f0 to remote] DEBUG org.asynchttpclient.netty.request.NettyRequestSender - Using pooled Channel '[id: 0x8dc6a853, L:/127.0.0.1:51161 - R:localhost/127.0.0.1:58094]' for 'POST' to 'http://localhost:58094/session/32de8b571a9e4b1eda26c30fc740b3f0/element'
20:00:03.325 [Forwarding findElement on session 32de8b571a9e4b1eda26c30fc740b3f0 to remote] DEBUG org.asynchttpclient.netty.request.NettyRequestSender - Using open Channel [id: 0x8dc6a853, L:/127.0.0.1:51161 - R:localhost/127.0.0.1:58094] for POST '/session/32de8b571a9e4b1eda26c30fc740b3f0/element'
20:00:03.336 [AsyncHttpClient-1-6] DEBUG org.asynchttpclient.netty.handler.HttpHandler - 

Request DefaultHttpRequest(decodeResult: success, version: HTTP/1.1)
POST /session/32de8b571a9e4b1eda26c30fc740b3f0/element HTTP/1.1
User-Agent: selenium/4.1.4 (java windows)
Content-Length: 147
Content-Type: application/json; charset=utf-8
host: localhost:58094
accept: */*

Response DefaultHttpResponse(decodeResult: success, version: HTTP/1.1)
HTTP/1.1 200 OK
Content-Type: application/json; charset=utf-8
cache-control: no-cache
content-length: 88

20:00:03.336 [AsyncHttpClient-1-6] DEBUG org.asynchttpclient.netty.channel.ChannelManager - Adding key: http://localhost:58094 for channel [id: 0x8dc6a853, L:/127.0.0.1:51161 - R:localhost/127.0.0.1:58094]
20:00:03.337 [Forwarding getElementTagName on session 32de8b571a9e4b1eda26c30fc740b3f0 to remote] DEBUG org.asynchttpclient.netty.request.NettyRequestSender - Using pooled Channel '[id: 0x8dc6a853, L:/127.0.0.1:51161 - R:localhost/127.0.0.1:58094]' for 'GET' to 'http://localhost:58094/session/32de8b571a9e4b1eda26c30fc740b3f0/element/3c23ba6c-d523-454d-8485-ec8717598e6c/name'
20:00:03.337 [Forwarding getElementTagName on session 32de8b571a9e4b1eda26c30fc740b3f0 to remote] DEBUG org.asynchttpclient.netty.request.NettyRequestSender - Using open Channel [id: 0x8dc6a853, L:/127.0.0.1:51161 - R:localhost/127.0.0.1:58094] for GET '/session/32de8b571a9e4b1eda26c30fc740b3f0/element/3c23ba6c-d523-454d-8485-ec8717598e6c/name'
20:00:03.343 [AsyncHttpClient-1-6] DEBUG org.asynchttpclient.netty.handler.HttpHandler - 

Request DefaultFullHttpRequest(decodeResult: success, version: HTTP/1.1, content: EmptyByteBufBE)
GET /session/32de8b571a9e4b1eda26c30fc740b3f0/element/3c23ba6c-d523-454d-8485-ec8717598e6c/name HTTP/1.1
User-Agent: selenium/4.1.4 (java windows)
Cache-Control: no-cache
Content-Type: application/json; charset=utf-8
host: localhost:58094
accept: */*

Response DefaultHttpResponse(decodeResult: success, version: HTTP/1.1)
HTTP/1.1 200 OK
Content-Type: application/json; charset=utf-8
cache-control: no-cache
content-length: 15

20:00:03.343 [AsyncHttpClient-1-6] DEBUG org.asynchttpclient.netty.channel.ChannelManager - Adding key: http://localhost:58094 for channel [id: 0x8dc6a853, L:/127.0.0.1:51161 - R:localhost/127.0.0.1:58094]
20:00:03.344 [Forwarding getElementTagName on session 32de8b571a9e4b1eda26c30fc740b3f0 to remote] DEBUG org.asynchttpclient.netty.request.NettyRequestSender - Using pooled Channel '[id: 0x8dc6a853, L:/127.0.0.1:51161 - R:localhost/127.0.0.1:58094]' for 'GET' to 'http://localhost:58094/session/32de8b571a9e4b1eda26c30fc740b3f0/element/3c23ba6c-d523-454d-8485-ec8717598e6c/name'
20:00:03.344 [Forwarding getElementTagName on session 32de8b571a9e4b1eda26c30fc740b3f0 to remote] DEBUG org.asynchttpclient.netty.request.NettyRequestSender - Using open Channel [id: 0x8dc6a853, L:/127.0.0.1:51161 - R:localhost/127.0.0.1:58094] for GET '/session/32de8b571a9e4b1eda26c30fc740b3f0/element/3c23ba6c-d523-454d-8485-ec8717598e6c/name'
20:00:03.347 [AsyncHttpClient-1-6] DEBUG org.asynchttpclient.netty.handler.HttpHandler - 

Request DefaultFullHttpRequest(decodeResult: success, version: HTTP/1.1, content: EmptyByteBufBE)
GET /session/32de8b571a9e4b1eda26c30fc740b3f0/element/3c23ba6c-d523-454d-8485-ec8717598e6c/name HTTP/1.1
User-Agent: selenium/4.1.4 (java windows)
Cache-Control: no-cache
Content-Type: application/json; charset=utf-8
host: localhost:58094
accept: */*

Response DefaultHttpResponse(decodeResult: success, version: HTTP/1.1)
HTTP/1.1 200 OK
Content-Type: application/json; charset=utf-8
cache-control: no-cache
content-length: 15

20:00:03.347 [AsyncHttpClient-1-6] DEBUG org.asynchttpclient.netty.channel.ChannelManager - Adding key: http://localhost:58094 for channel [id: 0x8dc6a853, L:/127.0.0.1:51161 - R:localhost/127.0.0.1:58094]
20:00:03.348 [Forwarding findElement on session 32de8b571a9e4b1eda26c30fc740b3f0 to remote] DEBUG org.asynchttpclient.netty.request.NettyRequestSender - Using pooled Channel '[id: 0x8dc6a853, L:/127.0.0.1:51161 - R:localhost/127.0.0.1:58094]' for 'POST' to 'http://localhost:58094/session/32de8b571a9e4b1eda26c30fc740b3f0/element'
20:00:03.348 [Forwarding findElement on session 32de8b571a9e4b1eda26c30fc740b3f0 to remote] DEBUG org.asynchttpclient.netty.request.NettyRequestSender - Using open Channel [id: 0x8dc6a853, L:/127.0.0.1:51161 - R:localhost/127.0.0.1:58094] for POST '/session/32de8b571a9e4b1eda26c30fc740b3f0/element'
20:00:03.357 [AsyncHttpClient-1-6] DEBUG org.asynchttpclient.netty.handler.HttpHandler - 

Request DefaultHttpRequest(decodeResult: success, version: HTTP/1.1)
POST /session/32de8b571a9e4b1eda26c30fc740b3f0/element HTTP/1.1
User-Agent: selenium/4.1.4 (java windows)
Content-Length: 147
Content-Type: application/json; charset=utf-8
host: localhost:58094
accept: */*

Response DefaultHttpResponse(decodeResult: success, version: HTTP/1.1)
HTTP/1.1 200 OK
Content-Type: application/json; charset=utf-8
cache-control: no-cache
content-length: 88

20:00:03.357 [AsyncHttpClient-1-6] DEBUG org.asynchttpclient.netty.channel.ChannelManager - Adding key: http://localhost:58094 for channel [id: 0x8dc6a853, L:/127.0.0.1:51161 - R:localhost/127.0.0.1:58094]
20:00:03.358 [Forwarding clickElement on session 32de8b571a9e4b1eda26c30fc740b3f0 to remote] DEBUG org.asynchttpclient.netty.request.NettyRequestSender - Using pooled Channel '[id: 0x8dc6a853, L:/127.0.0.1:51161 - R:localhost/127.0.0.1:58094]' for 'POST' to 'http://localhost:58094/session/32de8b571a9e4b1eda26c30fc740b3f0/element/3c23ba6c-d523-454d-8485-ec8717598e6c/click'
20:00:03.358 [Forwarding clickElement on session 32de8b571a9e4b1eda26c30fc740b3f0 to remote] DEBUG org.asynchttpclient.netty.request.NettyRequestSender - Using open Channel [id: 0x8dc6a853, L:/127.0.0.1:51161 - R:localhost/127.0.0.1:58094] for POST '/session/32de8b571a9e4b1eda26c30fc740b3f0/element/3c23ba6c-d523-454d-8485-ec8717598e6c/click'
20:00:03.430 [AsyncHttpClient-1-6] DEBUG org.asynchttpclient.netty.handler.HttpHandler - 

Request DefaultHttpRequest(decodeResult: success, version: HTTP/1.1)
POST /session/32de8b571a9e4b1eda26c30fc740b3f0/element/3c23ba6c-d523-454d-8485-ec8717598e6c/click HTTP/1.1
User-Agent: selenium/4.1.4 (java windows)
Content-Length: 50
Content-Type: application/json; charset=utf-8
host: localhost:58094
accept: */*

Response DefaultHttpResponse(decodeResult: success, version: HTTP/1.1)
HTTP/1.1 200 OK
Content-Type: application/json; charset=utf-8
cache-control: no-cache
content-length: 14

20:00:03.430 [AsyncHttpClient-1-6] DEBUG org.asynchttpclient.netty.channel.ChannelManager - Adding key: http://localhost:58094 for channel [id: 0x8dc6a853, L:/127.0.0.1:51161 - R:localhost/127.0.0.1:58094]
20:00:03.439 [Forwarding screenshot on session 32de8b571a9e4b1eda26c30fc740b3f0 to remote] DEBUG org.asynchttpclient.netty.request.NettyRequestSender - Using pooled Channel '[id: 0x8dc6a853, L:/127.0.0.1:51161 - R:localhost/127.0.0.1:58094]' for 'GET' to 'http://localhost:58094/session/32de8b571a9e4b1eda26c30fc740b3f0/screenshot'
20:00:03.439 [Forwarding screenshot on session 32de8b571a9e4b1eda26c30fc740b3f0 to remote] DEBUG org.asynchttpclient.netty.request.NettyRequestSender - Using open Channel [id: 0x8dc6a853, L:/127.0.0.1:51161 - R:localhost/127.0.0.1:58094] for GET '/session/32de8b571a9e4b1eda26c30fc740b3f0/screenshot'
20:00:03.626 [AsyncHttpClient-1-6] DEBUG org.asynchttpclient.netty.handler.HttpHandler - 

Request DefaultFullHttpRequest(decodeResult: success, version: HTTP/1.1, content: EmptyByteBufBE)
GET /session/32de8b571a9e4b1eda26c30fc740b3f0/screenshot HTTP/1.1
User-Agent: selenium/4.1.4 (java windows)
Cache-Control: no-cache
Content-Type: application/json; charset=utf-8
host: localhost:58094
accept: */*

Response DefaultHttpResponse(decodeResult: success, version: HTTP/1.1)
HTTP/1.1 200 OK
Content-Type: application/json; charset=utf-8
cache-control: no-cache
content-length: 47072

20:00:03.626 [AsyncHttpClient-1-6] DEBUG org.asynchttpclient.netty.channel.ChannelManager - Adding key: http://localhost:58094 for channel [id: 0x8dc6a853, L:/127.0.0.1:51161 - R:localhost/127.0.0.1:58094]
20:00:03.626 [main] DEBUG net.serenitybdd.core.photography.Darkroom - Send negative for processing for target\site\serenity\c37250a4f24f32673233fc190ea876bb67aa3b7954f93c19e98a2f22de1a37c6.png
20:00:03.626 [main] DEBUG net.thucydides.core.steps.StepInterceptor - STEP DONE: buttonPilihDokter
  &amp#27;[32mAnd &amp#27;[0m&amp#27;[32mClick on the action choose a doctor to choose a doctor&amp#27;[0m           &amp#27;[90m# starter.stepdefinitios.KelolaJadwalSteps.clickOnTheActionChooseADoctorToChooseADoctor()&amp#27;[0m
20:00:04.151 [Forwarding screenshot on session 32de8b571a9e4b1eda26c30fc740b3f0 to remote] DEBUG org.asynchttpclient.netty.request.NettyRequestSender - Using pooled Channel '[id: 0x8dc6a853, L:/127.0.0.1:51161 - R:localhost/127.0.0.1:58094]' for 'GET' to 'http://localhost:58094/session/32de8b571a9e4b1eda26c30fc740b3f0/screenshot'
20:00:04.151 [Forwarding screenshot on session 32de8b571a9e4b1eda26c30fc740b3f0 to remote] DEBUG org.asynchttpclient.netty.request.NettyRequestSender - Using open Channel [id: 0x8dc6a853, L:/127.0.0.1:51161 - R:localhost/127.0.0.1:58094] for GET '/session/32de8b571a9e4b1eda26c30fc740b3f0/screenshot'
20:00:04.303 [AsyncHttpClient-1-6] DEBUG org.asynchttpclient.netty.handler.HttpHandler - 

Request DefaultFullHttpRequest(decodeResult: success, version: HTTP/1.1, content: EmptyByteBufBE)
GET /session/32de8b571a9e4b1eda26c30fc740b3f0/screenshot HTTP/1.1
User-Agent: selenium/4.1.4 (java windows)
Cache-Control: no-cache
Content-Type: application/json; charset=utf-8
host: localhost:58094
accept: */*

Response DefaultHttpResponse(decodeResult: success, version: HTTP/1.1)
HTTP/1.1 200 OK
Content-Type: application/json; charset=utf-8
cache-control: no-cache
content-length: 47072

20:00:04.304 [AsyncHttpClient-1-6] DEBUG org.asynchttpclient.netty.channel.ChannelManager - Adding key: http://localhost:58094 for channel [id: 0x8dc6a853, L:/127.0.0.1:51161 - R:localhost/127.0.0.1:58094]
20:00:04.309 [main] DEBUG net.serenitybdd.core.photography.Darkroom - Send negative for processing for target\site\serenity\c37250a4f24f32673233fc190ea876bb67aa3b7954f93c19e98a2f22de1a37c6.png
20:00:04.309 [main] DEBUG net.thucydides.core.steps.StepInterceptor - STARTING STEP: KelolaJadwalSteps.chooseADate - inputTanggal
20:00:04.314 [Forwarding findElement on session 32de8b571a9e4b1eda26c30fc740b3f0 to remote] DEBUG org.asynchttpclient.netty.request.NettyRequestSender - Using pooled Channel '[id: 0x8dc6a853, L:/127.0.0.1:51161 - R:localhost/127.0.0.1:58094]' for 'POST' to 'http://localhost:58094/session/32de8b571a9e4b1eda26c30fc740b3f0/element'
20:00:04.314 [Forwarding findElement on session 32de8b571a9e4b1eda26c30fc740b3f0 to remote] DEBUG org.asynchttpclient.netty.request.NettyRequestSender - Using open Channel [id: 0x8dc6a853, L:/127.0.0.1:51161 - R:localhost/127.0.0.1:58094] for POST '/session/32de8b571a9e4b1eda26c30fc740b3f0/element'
20:00:04.333 [AsyncHttpClient-1-6] DEBUG org.asynchttpclient.netty.handler.HttpHandler - 

Request DefaultHttpRequest(decodeResult: success, version: HTTP/1.1)
POST /session/32de8b571a9e4b1eda26c30fc740b3f0/element HTTP/1.1
User-Agent: selenium/4.1.4 (java windows)
Content-Length: 66
Content-Type: application/json; charset=utf-8
host: localhost:58094
accept: */*

Response DefaultHttpResponse(decodeResult: success, version: HTTP/1.1)
HTTP/1.1 200 OK
Content-Type: application/json; charset=utf-8
cache-control: no-cache
content-length: 88

20:00:04.333 [AsyncHttpClient-1-6] DEBUG org.asynchttpclient.netty.channel.ChannelManager - Adding key: http://localhost:58094 for channel [id: 0x8dc6a853, L:/127.0.0.1:51161 - R:localhost/127.0.0.1:58094]
20:00:04.336 [Forwarding sendKeysToElement on session 32de8b571a9e4b1eda26c30fc740b3f0 to remote] DEBUG org.asynchttpclient.netty.request.NettyRequestSender - Using pooled Channel '[id: 0x8dc6a853, L:/127.0.0.1:51161 - R:localhost/127.0.0.1:58094]' for 'POST' to 'http://localhost:58094/session/32de8b571a9e4b1eda26c30fc740b3f0/element/906dbf35-bf6b-4f47-9334-bed3203964f3/value'
20:00:04.336 [Forwarding sendKeysToElement on session 32de8b571a9e4b1eda26c30fc740b3f0 to remote] DEBUG org.asynchttpclient.netty.request.NettyRequestSender - Using open Channel [id: 0x8dc6a853, L:/127.0.0.1:51161 - R:localhost/127.0.0.1:58094] for POST '/session/32de8b571a9e4b1eda26c30fc740b3f0/element/906dbf35-bf6b-4f47-9334-bed3203964f3/value'
20:00:04.415 [AsyncHttpClient-1-1] DEBUG org.asynchttpclient.netty.channel.DefaultChannelPool - Entry count for : http://localhost:51162 : 1
20:00:04.441 [AsyncHttpClient-1-6] DEBUG org.asynchttpclient.netty.handler.HttpHandler - 

Request DefaultHttpRequest(decodeResult: success, version: HTTP/1.1)
POST /session/32de8b571a9e4b1eda26c30fc740b3f0/element/906dbf35-bf6b-4f47-9334-bed3203964f3/value HTTP/1.1
User-Agent: selenium/4.1.4 (java windows)
Content-Length: 161
Content-Type: application/json; charset=utf-8
host: localhost:58094
accept: */*

Response DefaultHttpResponse(decodeResult: success, version: HTTP/1.1)
HTTP/1.1 200 OK
Content-Type: application/json; charset=utf-8
cache-control: no-cache
content-length: 14

20:00:04.441 [AsyncHttpClient-1-6] DEBUG org.asynchttpclient.netty.channel.ChannelManager - Adding key: http://localhost:58094 for channel [id: 0x8dc6a853, L:/127.0.0.1:51161 - R:localhost/127.0.0.1:58094]
20:00:04.447 [Forwarding screenshot on session 32de8b571a9e4b1eda26c30fc740b3f0 to remote] DEBUG org.asynchttpclient.netty.request.NettyRequestSender - Using pooled Channel '[id: 0x8dc6a853, L:/127.0.0.1:51161 - R:localhost/127.0.0.1:58094]' for 'GET' to 'http://localhost:58094/session/32de8b571a9e4b1eda26c30fc740b3f0/screenshot'
20:00:04.448 [Forwarding screenshot on session 32de8b571a9e4b1eda26c30fc740b3f0 to remote] DEBUG org.asynchttpclient.netty.request.NettyRequestSender - Using open Channel [id: 0x8dc6a853, L:/127.0.0.1:51161 - R:localhost/127.0.0.1:58094] for GET '/session/32de8b571a9e4b1eda26c30fc740b3f0/screenshot'
20:00:04.601 [AsyncHttpClient-1-6] DEBUG org.asynchttpclient.netty.handler.HttpHandler - 

Request DefaultFullHttpRequest(decodeResult: success, version: HTTP/1.1, content: EmptyByteBufBE)
GET /session/32de8b571a9e4b1eda26c30fc740b3f0/screenshot HTTP/1.1
User-Agent: selenium/4.1.4 (java windows)
Cache-Control: no-cache
Content-Type: application/json; charset=utf-8
host: localhost:58094
accept: */*

Response DefaultHttpResponse(decodeResult: success, version: HTTP/1.1)
HTTP/1.1 200 OK
Content-Type: application/json; charset=utf-8
cache-control: no-cache
content-length: 45456

20:00:04.601 [AsyncHttpClient-1-6] DEBUG org.asynchttpclient.netty.channel.ChannelManager - Adding key: http://localhost:58094 for channel [id: 0x8dc6a853, L:/127.0.0.1:51161 - R:localhost/127.0.0.1:58094]
20:00:04.601 [main] DEBUG net.serenitybdd.core.photography.Darkroom - Send negative for processing for target\site\serenity\a46f047d01792aca80f9434862c685d766729f5ed3070e703e43b6d845fdc7ed.png
20:00:04.601 [main] DEBUG net.thucydides.core.steps.StepInterceptor - STEP DONE: inputTanggal
  &amp#27;[32mThen &amp#27;[0m&amp#27;[32mChoose a date &amp#27;[0m&amp#27;[32m&amp#27;[1m"13112022"&amp#27;[0m                                        &amp#27;[90m# starter.stepdefinitios.KelolaJadwalSteps.chooseADate(java.lang.String)&amp#27;[0m
20:00:04.601 [Darkroom Processing Line] DEBUG net.serenitybdd.core.photography.DarkroomProcessingLine - Processing screenshot image in /var/screenshots/screenshot-8189838787115049830
20:00:04.601 [Darkroom Processing Line] DEBUG net.serenitybdd.core.photography.DarkroomProcessingLine - Saving screenshot to target\site\serenity\a46f047d01792aca80f9434862c685d766729f5ed3070e703e43b6d845fdc7ed.png
20:00:05.115 [Forwarding screenshot on session 32de8b571a9e4b1eda26c30fc740b3f0 to remote] DEBUG org.asynchttpclient.netty.request.NettyRequestSender - Using pooled Channel '[id: 0x8dc6a853, L:/127.0.0.1:51161 - R:localhost/127.0.0.1:58094]' for 'GET' to 'http://localhost:58094/session/32de8b571a9e4b1eda26c30fc740b3f0/screenshot'
20:00:05.115 [Forwarding screenshot on session 32de8b571a9e4b1eda26c30fc740b3f0 to remote] DEBUG org.asynchttpclient.netty.request.NettyRequestSender - Using open Channel [id: 0x8dc6a853, L:/127.0.0.1:51161 - R:localhost/127.0.0.1:58094] for GET '/session/32de8b571a9e4b1eda26c30fc740b3f0/screenshot'
20:00:05.290 [AsyncHttpClient-1-6] DEBUG org.asynchttpclient.netty.handler.HttpHandler - 

Request DefaultFullHttpRequest(decodeResult: success, version: HTTP/1.1, content: EmptyByteBufBE)
GET /session/32de8b571a9e4b1eda26c30fc740b3f0/screenshot HTTP/1.1
User-Agent: selenium/4.1.4 (java windows)
Cache-Control: no-cache
Content-Type: application/json; charset=utf-8
host: localhost:58094
accept: */*

Response DefaultHttpResponse(decodeResult: success, version: HTTP/1.1)
HTTP/1.1 200 OK
Content-Type: application/json; charset=utf-8
cache-control: no-cache
content-length: 45456

20:00:05.290 [AsyncHttpClient-1-6] DEBUG org.asynchttpclient.netty.channel.ChannelManager - Adding key: http://localhost:58094 for channel [id: 0x8dc6a853, L:/127.0.0.1:51161 - R:localhost/127.0.0.1:58094]
20:00:05.290 [main] DEBUG net.serenitybdd.core.photography.Darkroom - Send negative for processing for target\site\serenity\a46f047d01792aca80f9434862c685d766729f5ed3070e703e43b6d845fdc7ed.png
20:00:05.290 [main] DEBUG net.thucydides.core.steps.StepInterceptor - STARTING STEP: KelolaJadwalSteps.chooseTheTypeOfTreatment - buttonJenisPerawatan
20:00:05.298 [Forwarding findElement on session 32de8b571a9e4b1eda26c30fc740b3f0 to remote] DEBUG org.asynchttpclient.netty.request.NettyRequestSender - Using pooled Channel '[id: 0x8dc6a853, L:/127.0.0.1:51161 - R:localhost/127.0.0.1:58094]' for 'POST' to 'http://localhost:58094/session/32de8b571a9e4b1eda26c30fc740b3f0/element'
20:00:05.298 [Forwarding findElement on session 32de8b571a9e4b1eda26c30fc740b3f0 to remote] DEBUG org.asynchttpclient.netty.request.NettyRequestSender - Using open Channel [id: 0x8dc6a853, L:/127.0.0.1:51161 - R:localhost/127.0.0.1:58094] for POST '/session/32de8b571a9e4b1eda26c30fc740b3f0/element'
20:00:05.323 [AsyncHttpClient-1-6] DEBUG org.asynchttpclient.netty.handler.HttpHandler - 

Request DefaultHttpRequest(decodeResult: success, version: HTTP/1.1)
POST /session/32de8b571a9e4b1eda26c30fc740b3f0/element HTTP/1.1
User-Agent: selenium/4.1.4 (java windows)
Content-Length: 103
Content-Type: application/json; charset=utf-8
host: localhost:58094
accept: */*

Response DefaultHttpResponse(decodeResult: success, version: HTTP/1.1)
HTTP/1.1 200 OK
Content-Type: application/json; charset=utf-8
cache-control: no-cache
content-length: 88

20:00:05.324 [AsyncHttpClient-1-6] DEBUG org.asynchttpclient.netty.channel.ChannelManager - Adding key: http://localhost:58094 for channel [id: 0x8dc6a853, L:/127.0.0.1:51161 - R:localhost/127.0.0.1:58094]
20:00:05.325 [Forwarding getElementTagName on session 32de8b571a9e4b1eda26c30fc740b3f0 to remote] DEBUG org.asynchttpclient.netty.request.NettyRequestSender - Using pooled Channel '[id: 0x8dc6a853, L:/127.0.0.1:51161 - R:localhost/127.0.0.1:58094]' for 'GET' to 'http://localhost:58094/session/32de8b571a9e4b1eda26c30fc740b3f0/element/8f5f746d-44e4-4816-9eee-78a9e7694afc/name'
20:00:05.325 [Forwarding getElementTagName on session 32de8b571a9e4b1eda26c30fc740b3f0 to remote] DEBUG org.asynchttpclient.netty.request.NettyRequestSender - Using open Channel [id: 0x8dc6a853, L:/127.0.0.1:51161 - R:localhost/127.0.0.1:58094] for GET '/session/32de8b571a9e4b1eda26c30fc740b3f0/element/8f5f746d-44e4-4816-9eee-78a9e7694afc/name'
20:00:05.334 [AsyncHttpClient-1-6] DEBUG org.asynchttpclient.netty.handler.HttpHandler - 

Request DefaultFullHttpRequest(decodeResult: success, version: HTTP/1.1, content: EmptyByteBufBE)
GET /session/32de8b571a9e4b1eda26c30fc740b3f0/element/8f5f746d-44e4-4816-9eee-78a9e7694afc/name HTTP/1.1
User-Agent: selenium/4.1.4 (java windows)
Cache-Control: no-cache
Content-Type: application/json; charset=utf-8
host: localhost:58094
accept: */*

Response DefaultHttpResponse(decodeResult: success, version: HTTP/1.1)
HTTP/1.1 200 OK
Content-Type: application/json; charset=utf-8
cache-control: no-cache
content-length: 18

20:00:05.334 [AsyncHttpClient-1-6] DEBUG org.asynchttpclient.netty.channel.ChannelManager - Adding key: http://localhost:58094 for channel [id: 0x8dc6a853, L:/127.0.0.1:51161 - R:localhost/127.0.0.1:58094]
20:00:05.334 [Forwarding getElementTagName on session 32de8b571a9e4b1eda26c30fc740b3f0 to remote] DEBUG org.asynchttpclient.netty.request.NettyRequestSender - Using pooled Channel '[id: 0x8dc6a853, L:/127.0.0.1:51161 - R:localhost/127.0.0.1:58094]' for 'GET' to 'http://localhost:58094/session/32de8b571a9e4b1eda26c30fc740b3f0/element/8f5f746d-44e4-4816-9eee-78a9e7694afc/name'
20:00:05.334 [Forwarding getElementTagName on session 32de8b571a9e4b1eda26c30fc740b3f0 to remote] DEBUG org.asynchttpclient.netty.request.NettyRequestSender - Using open Channel [id: 0x8dc6a853, L:/127.0.0.1:51161 - R:localhost/127.0.0.1:58094] for GET '/session/32de8b571a9e4b1eda26c30fc740b3f0/element/8f5f746d-44e4-4816-9eee-78a9e7694afc/name'
20:00:05.342 [AsyncHttpClient-1-6] DEBUG org.asynchttpclient.netty.handler.HttpHandler - 

Request DefaultFullHttpRequest(decodeResult: success, version: HTTP/1.1, content: EmptyByteBufBE)
GET /session/32de8b571a9e4b1eda26c30fc740b3f0/element/8f5f746d-44e4-4816-9eee-78a9e7694afc/name HTTP/1.1
User-Agent: selenium/4.1.4 (java windows)
Cache-Control: no-cache
Content-Type: application/json; charset=utf-8
host: localhost:58094
accept: */*

Response DefaultHttpResponse(decodeResult: success, version: HTTP/1.1)
HTTP/1.1 200 OK
Content-Type: application/json; charset=utf-8
cache-control: no-cache
content-length: 18

20:00:05.342 [AsyncHttpClient-1-6] DEBUG org.asynchttpclient.netty.channel.ChannelManager - Adding key: http://localhost:58094 for channel [id: 0x8dc6a853, L:/127.0.0.1:51161 - R:localhost/127.0.0.1:58094]
20:00:05.342 [Forwarding isElementEnabled on session 32de8b571a9e4b1eda26c30fc740b3f0 to remote] DEBUG org.asynchttpclient.netty.request.NettyRequestSender - Using pooled Channel '[id: 0x8dc6a853, L:/127.0.0.1:51161 - R:localhost/127.0.0.1:58094]' for 'GET' to 'http://localhost:58094/session/32de8b571a9e4b1eda26c30fc740b3f0/element/8f5f746d-44e4-4816-9eee-78a9e7694afc/enabled'
20:00:05.342 [Forwarding isElementEnabled on session 32de8b571a9e4b1eda26c30fc740b3f0 to remote] DEBUG org.asynchttpclient.netty.request.NettyRequestSender - Using open Channel [id: 0x8dc6a853, L:/127.0.0.1:51161 - R:localhost/127.0.0.1:58094] for GET '/session/32de8b571a9e4b1eda26c30fc740b3f0/element/8f5f746d-44e4-4816-9eee-78a9e7694afc/enabled'
20:00:05.359 [AsyncHttpClient-1-6] DEBUG org.asynchttpclient.netty.handler.HttpHandler - 

Request DefaultFullHttpRequest(decodeResult: success, version: HTTP/1.1, content: EmptyByteBufBE)
GET /session/32de8b571a9e4b1eda26c30fc740b3f0/element/8f5f746d-44e4-4816-9eee-78a9e7694afc/enabled HTTP/1.1
User-Agent: selenium/4.1.4 (java windows)
Cache-Control: no-cache
Content-Type: application/json; charset=utf-8
host: localhost:58094
accept: */*

Response DefaultHttpResponse(decodeResult: success, version: HTTP/1.1)
HTTP/1.1 200 OK
Content-Type: application/json; charset=utf-8
cache-control: no-cache
content-length: 14

20:00:05.360 [AsyncHttpClient-1-6] DEBUG org.asynchttpclient.netty.channel.ChannelManager - Adding key: http://localhost:58094 for channel [id: 0x8dc6a853, L:/127.0.0.1:51161 - R:localhost/127.0.0.1:58094]
20:00:05.360 [Forwarding isElementEnabled on session 32de8b571a9e4b1eda26c30fc740b3f0 to remote] DEBUG org.asynchttpclient.netty.request.NettyRequestSender - Using pooled Channel '[id: 0x8dc6a853, L:/127.0.0.1:51161 - R:localhost/127.0.0.1:58094]' for 'GET' to 'http://localhost:58094/session/32de8b571a9e4b1eda26c30fc740b3f0/element/8f5f746d-44e4-4816-9eee-78a9e7694afc/enabled'
20:00:05.360 [Forwarding isElementEnabled on session 32de8b571a9e4b1eda26c30fc740b3f0 to remote] DEBUG org.asynchttpclient.netty.request.NettyRequestSender - Using open Channel [id: 0x8dc6a853, L:/127.0.0.1:51161 - R:localhost/127.0.0.1:58094] for GET '/session/32de8b571a9e4b1eda26c30fc740b3f0/element/8f5f746d-44e4-4816-9eee-78a9e7694afc/enabled'
20:00:05.371 [AsyncHttpClient-1-6] DEBUG org.asynchttpclient.netty.handler.HttpHandler - 

Request DefaultFullHttpRequest(decodeResult: success, version: HTTP/1.1, content: EmptyByteBufBE)
GET /session/32de8b571a9e4b1eda26c30fc740b3f0/element/8f5f746d-44e4-4816-9eee-78a9e7694afc/enabled HTTP/1.1
User-Agent: selenium/4.1.4 (java windows)
Cache-Control: no-cache
Content-Type: application/json; charset=utf-8
host: localhost:58094
accept: */*

Response DefaultHttpResponse(decodeResult: success, version: HTTP/1.1)
HTTP/1.1 200 OK
Content-Type: application/json; charset=utf-8
cache-control: no-cache
content-length: 14

20:00:05.372 [AsyncHttpClient-1-6] DEBUG org.asynchttpclient.netty.channel.ChannelManager - Adding key: http://localhost:58094 for channel [id: 0x8dc6a853, L:/127.0.0.1:51161 - R:localhost/127.0.0.1:58094]
20:00:05.372 [Forwarding findElement on session 32de8b571a9e4b1eda26c30fc740b3f0 to remote] DEBUG org.asynchttpclient.netty.request.NettyRequestSender - Using pooled Channel '[id: 0x8dc6a853, L:/127.0.0.1:51161 - R:localhost/127.0.0.1:58094]' for 'POST' to 'http://localhost:58094/session/32de8b571a9e4b1eda26c30fc740b3f0/element'
20:00:05.372 [Forwarding findElement on session 32de8b571a9e4b1eda26c30fc740b3f0 to remote] DEBUG org.asynchttpclient.netty.request.NettyRequestSender - Using open Channel [id: 0x8dc6a853, L:/127.0.0.1:51161 - R:localhost/127.0.0.1:58094] for POST '/session/32de8b571a9e4b1eda26c30fc740b3f0/element'
20:00:05.387 [AsyncHttpClient-1-6] DEBUG org.asynchttpclient.netty.handler.HttpHandler - 

Request DefaultHttpRequest(decodeResult: success, version: HTTP/1.1)
POST /session/32de8b571a9e4b1eda26c30fc740b3f0/element HTTP/1.1
User-Agent: selenium/4.1.4 (java windows)
Content-Length: 103
Content-Type: application/json; charset=utf-8
host: localhost:58094
accept: */*

Response DefaultHttpResponse(decodeResult: success, version: HTTP/1.1)
HTTP/1.1 200 OK
Content-Type: application/json; charset=utf-8
cache-control: no-cache
content-length: 88

20:00:05.387 [AsyncHttpClient-1-6] DEBUG org.asynchttpclient.netty.channel.ChannelManager - Adding key: http://localhost:58094 for channel [id: 0x8dc6a853, L:/127.0.0.1:51161 - R:localhost/127.0.0.1:58094]
20:00:05.387 [Forwarding clickElement on session 32de8b571a9e4b1eda26c30fc740b3f0 to remote] DEBUG org.asynchttpclient.netty.request.NettyRequestSender - Using pooled Channel '[id: 0x8dc6a853, L:/127.0.0.1:51161 - R:localhost/127.0.0.1:58094]' for 'POST' to 'http://localhost:58094/session/32de8b571a9e4b1eda26c30fc740b3f0/element/8f5f746d-44e4-4816-9eee-78a9e7694afc/click'
20:00:05.387 [Forwarding clickElement on session 32de8b571a9e4b1eda26c30fc740b3f0 to remote] DEBUG org.asynchttpclient.netty.request.NettyRequestSender - Using open Channel [id: 0x8dc6a853, L:/127.0.0.1:51161 - R:localhost/127.0.0.1:58094] for POST '/session/32de8b571a9e4b1eda26c30fc740b3f0/element/8f5f746d-44e4-4816-9eee-78a9e7694afc/click'
20:00:05.489 [AsyncHttpClient-1-6] DEBUG org.asynchttpclient.netty.handler.HttpHandler - 

Request DefaultHttpRequest(decodeResult: success, version: HTTP/1.1)
POST /session/32de8b571a9e4b1eda26c30fc740b3f0/element/8f5f746d-44e4-4816-9eee-78a9e7694afc/click HTTP/1.1
User-Agent: selenium/4.1.4 (java windows)
Content-Length: 50
Content-Type: application/json; charset=utf-8
host: localhost:58094
accept: */*

Response DefaultHttpResponse(decodeResult: success, version: HTTP/1.1)
HTTP/1.1 200 OK
Content-Type: application/json; charset=utf-8
cache-control: no-cache
content-length: 14

20:00:05.489 [AsyncHttpClient-1-6] DEBUG org.asynchttpclient.netty.channel.ChannelManager - Adding key: http://localhost:58094 for channel [id: 0x8dc6a853, L:/127.0.0.1:51161 - R:localhost/127.0.0.1:58094]
20:00:05.507 [Forwarding screenshot on session 32de8b571a9e4b1eda26c30fc740b3f0 to remote] DEBUG org.asynchttpclient.netty.request.NettyRequestSender - Using pooled Channel '[id: 0x8dc6a853, L:/127.0.0.1:51161 - R:localhost/127.0.0.1:58094]' for 'GET' to 'http://localhost:58094/session/32de8b571a9e4b1eda26c30fc740b3f0/screenshot'
20:00:05.507 [Forwarding screenshot on session 32de8b571a9e4b1eda26c30fc740b3f0 to remote] DEBUG org.asynchttpclient.netty.request.NettyRequestSender - Using open Channel [id: 0x8dc6a853, L:/127.0.0.1:51161 - R:localhost/127.0.0.1:58094] for GET '/session/32de8b571a9e4b1eda26c30fc740b3f0/screenshot'
20:00:05.511 [AsyncHttpClient-1-1] DEBUG org.asynchttpclient.netty.channel.DefaultChannelPool - Entry count for : http://localhost:51162 : 1
20:00:05.670 [AsyncHttpClient-1-6] DEBUG org.asynchttpclient.netty.handler.HttpHandler - 

Request DefaultFullHttpRequest(decodeResult: success, version: HTTP/1.1, content: EmptyByteBufBE)
GET /session/32de8b571a9e4b1eda26c30fc740b3f0/screenshot HTTP/1.1
User-Agent: selenium/4.1.4 (java windows)
Cache-Control: no-cache
Content-Type: application/json; charset=utf-8
host: localhost:58094
accept: */*

Response DefaultHttpResponse(decodeResult: success, version: HTTP/1.1)
HTTP/1.1 200 OK
Content-Type: application/json; charset=utf-8
cache-control: no-cache
content-length: 48220

20:00:05.670 [AsyncHttpClient-1-6] DEBUG org.asynchttpclient.netty.channel.ChannelManager - Adding key: http://localhost:58094 for channel [id: 0x8dc6a853, L:/127.0.0.1:51161 - R:localhost/127.0.0.1:58094]
20:00:05.670 [main] DEBUG net.serenitybdd.core.photography.Darkroom - Send negative for processing for target\site\serenity\a07a21b50f40d11770318ff4d8a6c38fb110c03f07a0f05f910d2cca564d4a57.png
20:00:05.670 [main] DEBUG net.thucydides.core.steps.StepInterceptor - STEP DONE: buttonJenisPerawatan
  &amp#27;[32mAnd &amp#27;[0m&amp#27;[32mChoose the type of treatment&amp#27;[0m                                     &amp#27;[90m# starter.stepdefinitios.KelolaJadwalSteps.chooseTheTypeOfTreatment()&amp#27;[0m
20:00:05.670 [Darkroom Processing Line] DEBUG net.serenitybdd.core.photography.DarkroomProcessingLine - Processing screenshot image in /var/screenshots/screenshot-11117730583729776792
20:00:05.670 [Darkroom Processing Line] DEBUG net.serenitybdd.core.photography.DarkroomProcessingLine - Saving screenshot to target\site\serenity\a07a21b50f40d11770318ff4d8a6c38fb110c03f07a0f05f910d2cca564d4a57.png
20:00:05.699 [main] DEBUG net.thucydides.core.steps.StepInterceptor - STARTING STEP: KelolaJadwalSteps.clickRawatBiasa - buttonRawatBiasa
20:00:05.703 [Forwarding findElement on session 32de8b571a9e4b1eda26c30fc740b3f0 to remote] DEBUG org.asynchttpclient.netty.request.NettyRequestSender - Using pooled Channel '[id: 0x8dc6a853, L:/127.0.0.1:51161 - R:localhost/127.0.0.1:58094]' for 'POST' to 'http://localhost:58094/session/32de8b571a9e4b1eda26c30fc740b3f0/element'
20:00:05.703 [Forwarding findElement on session 32de8b571a9e4b1eda26c30fc740b3f0 to remote] DEBUG org.asynchttpclient.netty.request.NettyRequestSender - Using open Channel [id: 0x8dc6a853, L:/127.0.0.1:51161 - R:localhost/127.0.0.1:58094] for POST '/session/32de8b571a9e4b1eda26c30fc740b3f0/element'
20:00:05.720 [AsyncHttpClient-1-6] DEBUG org.asynchttpclient.netty.handler.HttpHandler - 

Request DefaultHttpRequest(decodeResult: success, version: HTTP/1.1)
POST /session/32de8b571a9e4b1eda26c30fc740b3f0/element HTTP/1.1
User-Agent: selenium/4.1.4 (java windows)
Content-Length: 78
Content-Type: application/json; charset=utf-8
host: localhost:58094
accept: */*

Response DefaultHttpResponse(decodeResult: success, version: HTTP/1.1)
HTTP/1.1 200 OK
Content-Type: application/json; charset=utf-8
cache-control: no-cache
content-length: 88

20:00:05.721 [AsyncHttpClient-1-6] DEBUG org.asynchttpclient.netty.channel.ChannelManager - Adding key: http://localhost:58094 for channel [id: 0x8dc6a853, L:/127.0.0.1:51161 - R:localhost/127.0.0.1:58094]
20:00:05.722 [Forwarding getElementTagName on session 32de8b571a9e4b1eda26c30fc740b3f0 to remote] DEBUG org.asynchttpclient.netty.request.NettyRequestSender - Using pooled Channel '[id: 0x8dc6a853, L:/127.0.0.1:51161 - R:localhost/127.0.0.1:58094]' for 'GET' to 'http://localhost:58094/session/32de8b571a9e4b1eda26c30fc740b3f0/element/8c04dc40-eb9c-496d-8f39-a5bddc0a633f/name'
20:00:05.722 [Forwarding getElementTagName on session 32de8b571a9e4b1eda26c30fc740b3f0 to remote] DEBUG org.asynchttpclient.netty.request.NettyRequestSender - Using open Channel [id: 0x8dc6a853, L:/127.0.0.1:51161 - R:localhost/127.0.0.1:58094] for GET '/session/32de8b571a9e4b1eda26c30fc740b3f0/element/8c04dc40-eb9c-496d-8f39-a5bddc0a633f/name'
20:00:05.730 [AsyncHttpClient-1-6] DEBUG org.asynchttpclient.netty.handler.HttpHandler - 

Request DefaultFullHttpRequest(decodeResult: success, version: HTTP/1.1, content: EmptyByteBufBE)
GET /session/32de8b571a9e4b1eda26c30fc740b3f0/element/8c04dc40-eb9c-496d-8f39-a5bddc0a633f/name HTTP/1.1
User-Agent: selenium/4.1.4 (java windows)
Cache-Control: no-cache
Content-Type: application/json; charset=utf-8
host: localhost:58094
accept: */*

Response DefaultHttpResponse(decodeResult: success, version: HTTP/1.1)
HTTP/1.1 200 OK
Content-Type: application/json; charset=utf-8
cache-control: no-cache
content-length: 18

20:00:05.731 [AsyncHttpClient-1-6] DEBUG org.asynchttpclient.netty.channel.ChannelManager - Adding key: http://localhost:58094 for channel [id: 0x8dc6a853, L:/127.0.0.1:51161 - R:localhost/127.0.0.1:58094]
20:00:05.731 [Forwarding getElementTagName on session 32de8b571a9e4b1eda26c30fc740b3f0 to remote] DEBUG org.asynchttpclient.netty.request.NettyRequestSender - Using pooled Channel '[id: 0x8dc6a853, L:/127.0.0.1:51161 - R:localhost/127.0.0.1:58094]' for 'GET' to 'http://localhost:58094/session/32de8b571a9e4b1eda26c30fc740b3f0/element/8c04dc40-eb9c-496d-8f39-a5bddc0a633f/name'
20:00:05.731 [Forwarding getElementTagName on session 32de8b571a9e4b1eda26c30fc740b3f0 to remote] DEBUG org.asynchttpclient.netty.request.NettyRequestSender - Using open Channel [id: 0x8dc6a853, L:/127.0.0.1:51161 - R:localhost/127.0.0.1:58094] for GET '/session/32de8b571a9e4b1eda26c30fc740b3f0/element/8c04dc40-eb9c-496d-8f39-a5bddc0a633f/name'
20:00:05.738 [AsyncHttpClient-1-6] DEBUG org.asynchttpclient.netty.handler.HttpHandler - 

Request DefaultFullHttpRequest(decodeResult: success, version: HTTP/1.1, content: EmptyByteBufBE)
GET /session/32de8b571a9e4b1eda26c30fc740b3f0/element/8c04dc40-eb9c-496d-8f39-a5bddc0a633f/name HTTP/1.1
User-Agent: selenium/4.1.4 (java windows)
Cache-Control: no-cache
Content-Type: application/json; charset=utf-8
host: localhost:58094
accept: */*

Response DefaultHttpResponse(decodeResult: success, version: HTTP/1.1)
HTTP/1.1 200 OK
Content-Type: application/json; charset=utf-8
cache-control: no-cache
content-length: 18

20:00:05.738 [AsyncHttpClient-1-6] DEBUG org.asynchttpclient.netty.channel.ChannelManager - Adding key: http://localhost:58094 for channel [id: 0x8dc6a853, L:/127.0.0.1:51161 - R:localhost/127.0.0.1:58094]
20:00:05.738 [Forwarding isElementEnabled on session 32de8b571a9e4b1eda26c30fc740b3f0 to remote] DEBUG org.asynchttpclient.netty.request.NettyRequestSender - Using pooled Channel '[id: 0x8dc6a853, L:/127.0.0.1:51161 - R:localhost/127.0.0.1:58094]' for 'GET' to 'http://localhost:58094/session/32de8b571a9e4b1eda26c30fc740b3f0/element/8c04dc40-eb9c-496d-8f39-a5bddc0a633f/enabled'
20:00:05.738 [Forwarding isElementEnabled on session 32de8b571a9e4b1eda26c30fc740b3f0 to remote] DEBUG org.asynchttpclient.netty.request.NettyRequestSender - Using open Channel [id: 0x8dc6a853, L:/127.0.0.1:51161 - R:localhost/127.0.0.1:58094] for GET '/session/32de8b571a9e4b1eda26c30fc740b3f0/element/8c04dc40-eb9c-496d-8f39-a5bddc0a633f/enabled'
20:00:05.753 [AsyncHttpClient-1-6] DEBUG org.asynchttpclient.netty.handler.HttpHandler - 

Request DefaultFullHttpRequest(decodeResult: success, version: HTTP/1.1, content: EmptyByteBufBE)
GET /session/32de8b571a9e4b1eda26c30fc740b3f0/element/8c04dc40-eb9c-496d-8f39-a5bddc0a633f/enabled HTTP/1.1
User-Agent: selenium/4.1.4 (java windows)
Cache-Control: no-cache
Content-Type: application/json; charset=utf-8
host: localhost:58094
accept: */*

Response DefaultHttpResponse(decodeResult: success, version: HTTP/1.1)
HTTP/1.1 200 OK
Content-Type: application/json; charset=utf-8
cache-control: no-cache
content-length: 14

20:00:05.753 [AsyncHttpClient-1-6] DEBUG org.asynchttpclient.netty.channel.ChannelManager - Adding key: http://localhost:58094 for channel [id: 0x8dc6a853, L:/127.0.0.1:51161 - R:localhost/127.0.0.1:58094]
20:00:05.754 [Forwarding isElementEnabled on session 32de8b571a9e4b1eda26c30fc740b3f0 to remote] DEBUG org.asynchttpclient.netty.request.NettyRequestSender - Using pooled Channel '[id: 0x8dc6a853, L:/127.0.0.1:51161 - R:localhost/127.0.0.1:58094]' for 'GET' to 'http://localhost:58094/session/32de8b571a9e4b1eda26c30fc740b3f0/element/8c04dc40-eb9c-496d-8f39-a5bddc0a633f/enabled'
20:00:05.754 [Forwarding isElementEnabled on session 32de8b571a9e4b1eda26c30fc740b3f0 to remote] DEBUG org.asynchttpclient.netty.request.NettyRequestSender - Using open Channel [id: 0x8dc6a853, L:/127.0.0.1:51161 - R:localhost/127.0.0.1:58094] for GET '/session/32de8b571a9e4b1eda26c30fc740b3f0/element/8c04dc40-eb9c-496d-8f39-a5bddc0a633f/enabled'
20:00:05.764 [AsyncHttpClient-1-6] DEBUG org.asynchttpclient.netty.handler.HttpHandler - 

Request DefaultFullHttpRequest(decodeResult: success, version: HTTP/1.1, content: EmptyByteBufBE)
GET /session/32de8b571a9e4b1eda26c30fc740b3f0/element/8c04dc40-eb9c-496d-8f39-a5bddc0a633f/enabled HTTP/1.1
User-Agent: selenium/4.1.4 (java windows)
Cache-Control: no-cache
Content-Type: application/json; charset=utf-8
host: localhost:58094
accept: */*

Response DefaultHttpResponse(decodeResult: success, version: HTTP/1.1)
HTTP/1.1 200 OK
Content-Type: application/json; charset=utf-8
cache-control: no-cache
content-length: 14

20:00:05.765 [AsyncHttpClient-1-6] DEBUG org.asynchttpclient.netty.channel.ChannelManager - Adding key: http://localhost:58094 for channel [id: 0x8dc6a853, L:/127.0.0.1:51161 - R:localhost/127.0.0.1:58094]
20:00:05.766 [Forwarding findElement on session 32de8b571a9e4b1eda26c30fc740b3f0 to remote] DEBUG org.asynchttpclient.netty.request.NettyRequestSender - Using pooled Channel '[id: 0x8dc6a853, L:/127.0.0.1:51161 - R:localhost/127.0.0.1:58094]' for 'POST' to 'http://localhost:58094/session/32de8b571a9e4b1eda26c30fc740b3f0/element'
20:00:05.766 [Forwarding findElement on session 32de8b571a9e4b1eda26c30fc740b3f0 to remote] DEBUG org.asynchttpclient.netty.request.NettyRequestSender - Using open Channel [id: 0x8dc6a853, L:/127.0.0.1:51161 - R:localhost/127.0.0.1:58094] for POST '/session/32de8b571a9e4b1eda26c30fc740b3f0/element'
20:00:05.779 [AsyncHttpClient-1-6] DEBUG org.asynchttpclient.netty.handler.HttpHandler - 

Request DefaultHttpRequest(decodeResult: success, version: HTTP/1.1)
POST /session/32de8b571a9e4b1eda26c30fc740b3f0/element HTTP/1.1
User-Agent: selenium/4.1.4 (java windows)
Content-Length: 78
Content-Type: application/json; charset=utf-8
host: localhost:58094
accept: */*

Response DefaultHttpResponse(decodeResult: success, version: HTTP/1.1)
HTTP/1.1 200 OK
Content-Type: application/json; charset=utf-8
cache-control: no-cache
content-length: 88

20:00:05.779 [AsyncHttpClient-1-6] DEBUG org.asynchttpclient.netty.channel.ChannelManager - Adding key: http://localhost:58094 for channel [id: 0x8dc6a853, L:/127.0.0.1:51161 - R:localhost/127.0.0.1:58094]
20:00:05.780 [Forwarding clickElement on session 32de8b571a9e4b1eda26c30fc740b3f0 to remote] DEBUG org.asynchttpclient.netty.request.NettyRequestSender - Using pooled Channel '[id: 0x8dc6a853, L:/127.0.0.1:51161 - R:localhost/127.0.0.1:58094]' for 'POST' to 'http://localhost:58094/session/32de8b571a9e4b1eda26c30fc740b3f0/element/8c04dc40-eb9c-496d-8f39-a5bddc0a633f/click'
20:00:05.780 [Forwarding clickElement on session 32de8b571a9e4b1eda26c30fc740b3f0 to remote] DEBUG org.asynchttpclient.netty.request.NettyRequestSender - Using open Channel [id: 0x8dc6a853, L:/127.0.0.1:51161 - R:localhost/127.0.0.1:58094] for POST '/session/32de8b571a9e4b1eda26c30fc740b3f0/element/8c04dc40-eb9c-496d-8f39-a5bddc0a633f/click'
20:00:05.836 [AsyncHttpClient-1-6] DEBUG org.asynchttpclient.netty.handler.HttpHandler - 

Request DefaultHttpRequest(decodeResult: success, version: HTTP/1.1)
POST /session/32de8b571a9e4b1eda26c30fc740b3f0/element/8c04dc40-eb9c-496d-8f39-a5bddc0a633f/click HTTP/1.1
User-Agent: selenium/4.1.4 (java windows)
Content-Length: 50
Content-Type: application/json; charset=utf-8
host: localhost:58094
accept: */*

Response DefaultHttpResponse(decodeResult: success, version: HTTP/1.1)
HTTP/1.1 200 OK
Content-Type: application/json; charset=utf-8
cache-control: no-cache
content-length: 14

20:00:05.836 [AsyncHttpClient-1-6] DEBUG org.asynchttpclient.netty.channel.ChannelManager - Adding key: http://localhost:58094 for channel [id: 0x8dc6a853, L:/127.0.0.1:51161 - R:localhost/127.0.0.1:58094]
20:00:05.848 [Forwarding screenshot on session 32de8b571a9e4b1eda26c30fc740b3f0 to remote] DEBUG org.asynchttpclient.netty.request.NettyRequestSender - Using pooled Channel '[id: 0x8dc6a853, L:/127.0.0.1:51161 - R:localhost/127.0.0.1:58094]' for 'GET' to 'http://localhost:58094/session/32de8b571a9e4b1eda26c30fc740b3f0/screenshot'
20:00:05.848 [Forwarding screenshot on session 32de8b571a9e4b1eda26c30fc740b3f0 to remote] DEBUG org.asynchttpclient.netty.request.NettyRequestSender - Using open Channel [id: 0x8dc6a853, L:/127.0.0.1:51161 - R:localhost/127.0.0.1:58094] for GET '/session/32de8b571a9e4b1eda26c30fc740b3f0/screenshot'
20:00:06.018 [AsyncHttpClient-1-6] DEBUG org.asynchttpclient.netty.handler.HttpHandler - 

Request DefaultFullHttpRequest(decodeResult: success, version: HTTP/1.1, content: EmptyByteBufBE)
GET /session/32de8b571a9e4b1eda26c30fc740b3f0/screenshot HTTP/1.1
User-Agent: selenium/4.1.4 (java windows)
Cache-Control: no-cache
Content-Type: application/json; charset=utf-8
host: localhost:58094
accept: */*

Response DefaultHttpResponse(decodeResult: success, version: HTTP/1.1)
HTTP/1.1 200 OK
Content-Type: application/json; charset=utf-8
cache-control: no-cache
content-length: 48020

20:00:06.018 [AsyncHttpClient-1-6] DEBUG org.asynchttpclient.netty.channel.ChannelManager - Adding key: http://localhost:58094 for channel [id: 0x8dc6a853, L:/127.0.0.1:51161 - R:localhost/127.0.0.1:58094]
20:00:06.018 [main] DEBUG net.serenitybdd.core.photography.Darkroom - Send negative for processing for target\site\serenity\694454d0cddb52014dc82aa635919f036688228f943578539d6527b09c50919e.png
20:00:06.018 [main] DEBUG net.thucydides.core.steps.StepInterceptor - STEP DONE: buttonRawatBiasa
  &amp#27;[32mAnd &amp#27;[0m&amp#27;[32mClick rawat biasa&amp#27;[0m                                                &amp#27;[90m# starter.stepdefinitios.KelolaJadwalSteps.clickRawatBiasa()&amp#27;[0m
20:00:06.018 [Darkroom Processing Line] DEBUG net.serenitybdd.core.photography.DarkroomProcessingLine - Processing screenshot image in /var/screenshots/screenshot-8371956906449828449
20:00:06.018 [Darkroom Processing Line] DEBUG net.serenitybdd.core.photography.DarkroomProcessingLine - Saving screenshot to target\site\serenity\694454d0cddb52014dc82aa635919f036688228f943578539d6527b09c50919e.png
20:00:06.532 [Forwarding screenshot on session 32de8b571a9e4b1eda26c30fc740b3f0 to remote] DEBUG org.asynchttpclient.netty.request.NettyRequestSender - Using pooled Channel '[id: 0x8dc6a853, L:/127.0.0.1:51161 - R:localhost/127.0.0.1:58094]' for 'GET' to 'http://localhost:58094/session/32de8b571a9e4b1eda26c30fc740b3f0/screenshot'
20:00:06.532 [Forwarding screenshot on session 32de8b571a9e4b1eda26c30fc740b3f0 to remote] DEBUG org.asynchttpclient.netty.request.NettyRequestSender - Using open Channel [id: 0x8dc6a853, L:/127.0.0.1:51161 - R:localhost/127.0.0.1:58094] for GET '/session/32de8b571a9e4b1eda26c30fc740b3f0/screenshot'
20:00:06.609 [AsyncHttpClient-1-1] DEBUG org.asynchttpclient.netty.channel.DefaultChannelPool - Entry count for : http://localhost:51162 : 1
20:00:06.697 [AsyncHttpClient-1-6] DEBUG org.asynchttpclient.netty.handler.HttpHandler - 

Request DefaultFullHttpRequest(decodeResult: success, version: HTTP/1.1, content: EmptyByteBufBE)
GET /session/32de8b571a9e4b1eda26c30fc740b3f0/screenshot HTTP/1.1
User-Agent: selenium/4.1.4 (java windows)
Cache-Control: no-cache
Content-Type: application/json; charset=utf-8
host: localhost:58094
accept: */*

Response DefaultHttpResponse(decodeResult: success, version: HTTP/1.1)
HTTP/1.1 200 OK
Content-Type: application/json; charset=utf-8
cache-control: no-cache
content-length: 48020

20:00:06.697 [AsyncHttpClient-1-6] DEBUG org.asynchttpclient.netty.channel.ChannelManager - Adding key: http://localhost:58094 for channel [id: 0x8dc6a853, L:/127.0.0.1:51161 - R:localhost/127.0.0.1:58094]
20:00:06.697 [main] DEBUG net.serenitybdd.core.photography.Darkroom - Send negative for processing for target\site\serenity\694454d0cddb52014dc82aa635919f036688228f943578539d6527b09c50919e.png
20:00:06.697 [main] DEBUG net.thucydides.core.steps.StepInterceptor - STARTING STEP: KelolaJadwalSteps.clickSimpan - buttonSave
20:00:06.704 [Forwarding findElement on session 32de8b571a9e4b1eda26c30fc740b3f0 to remote] DEBUG org.asynchttpclient.netty.request.NettyRequestSender - Using pooled Channel '[id: 0x8dc6a853, L:/127.0.0.1:51161 - R:localhost/127.0.0.1:58094]' for 'POST' to 'http://localhost:58094/session/32de8b571a9e4b1eda26c30fc740b3f0/element'
20:00:06.704 [Forwarding findElement on session 32de8b571a9e4b1eda26c30fc740b3f0 to remote] DEBUG org.asynchttpclient.netty.request.NettyRequestSender - Using open Channel [id: 0x8dc6a853, L:/127.0.0.1:51161 - R:localhost/127.0.0.1:58094] for POST '/session/32de8b571a9e4b1eda26c30fc740b3f0/element'
20:00:06.716 [AsyncHttpClient-1-6] DEBUG org.asynchttpclient.netty.handler.HttpHandler - 

Request DefaultHttpRequest(decodeResult: success, version: HTTP/1.1)
POST /session/32de8b571a9e4b1eda26c30fc740b3f0/element HTTP/1.1
User-Agent: selenium/4.1.4 (java windows)
Content-Length: 68
Content-Type: application/json; charset=utf-8
host: localhost:58094
accept: */*

Response DefaultHttpResponse(decodeResult: success, version: HTTP/1.1)
HTTP/1.1 200 OK
Content-Type: application/json; charset=utf-8
cache-control: no-cache
content-length: 88

20:00:06.716 [AsyncHttpClient-1-6] DEBUG org.asynchttpclient.netty.channel.ChannelManager - Adding key: http://localhost:58094 for channel [id: 0x8dc6a853, L:/127.0.0.1:51161 - R:localhost/127.0.0.1:58094]
20:00:06.717 [Forwarding getElementTagName on session 32de8b571a9e4b1eda26c30fc740b3f0 to remote] DEBUG org.asynchttpclient.netty.request.NettyRequestSender - Using pooled Channel '[id: 0x8dc6a853, L:/127.0.0.1:51161 - R:localhost/127.0.0.1:58094]' for 'GET' to 'http://localhost:58094/session/32de8b571a9e4b1eda26c30fc740b3f0/element/65b5613b-45a0-4758-8ffb-3762914c7ad5/name'
20:00:06.717 [Forwarding getElementTagName on session 32de8b571a9e4b1eda26c30fc740b3f0 to remote] DEBUG org.asynchttpclient.netty.request.NettyRequestSender - Using open Channel [id: 0x8dc6a853, L:/127.0.0.1:51161 - R:localhost/127.0.0.1:58094] for GET '/session/32de8b571a9e4b1eda26c30fc740b3f0/element/65b5613b-45a0-4758-8ffb-3762914c7ad5/name'
20:00:06.725 [AsyncHttpClient-1-6] DEBUG org.asynchttpclient.netty.handler.HttpHandler - 

Request DefaultFullHttpRequest(decodeResult: success, version: HTTP/1.1, content: EmptyByteBufBE)
GET /session/32de8b571a9e4b1eda26c30fc740b3f0/element/65b5613b-45a0-4758-8ffb-3762914c7ad5/name HTTP/1.1
User-Agent: selenium/4.1.4 (java windows)
Cache-Control: no-cache
Content-Type: application/json; charset=utf-8
host: localhost:58094
accept: */*

Response DefaultHttpResponse(decodeResult: success, version: HTTP/1.1)
HTTP/1.1 200 OK
Content-Type: application/json; charset=utf-8
cache-control: no-cache
content-length: 18

20:00:06.725 [AsyncHttpClient-1-6] DEBUG org.asynchttpclient.netty.channel.ChannelManager - Adding key: http://localhost:58094 for channel [id: 0x8dc6a853, L:/127.0.0.1:51161 - R:localhost/127.0.0.1:58094]
20:00:06.726 [Forwarding getElementTagName on session 32de8b571a9e4b1eda26c30fc740b3f0 to remote] DEBUG org.asynchttpclient.netty.request.NettyRequestSender - Using pooled Channel '[id: 0x8dc6a853, L:/127.0.0.1:51161 - R:localhost/127.0.0.1:58094]' for 'GET' to 'http://localhost:58094/session/32de8b571a9e4b1eda26c30fc740b3f0/element/65b5613b-45a0-4758-8ffb-3762914c7ad5/name'
20:00:06.726 [Forwarding getElementTagName on session 32de8b571a9e4b1eda26c30fc740b3f0 to remote] DEBUG org.asynchttpclient.netty.request.NettyRequestSender - Using open Channel [id: 0x8dc6a853, L:/127.0.0.1:51161 - R:localhost/127.0.0.1:58094] for GET '/session/32de8b571a9e4b1eda26c30fc740b3f0/element/65b5613b-45a0-4758-8ffb-3762914c7ad5/name'
20:00:06.733 [AsyncHttpClient-1-6] DEBUG org.asynchttpclient.netty.handler.HttpHandler - 

Request DefaultFullHttpRequest(decodeResult: success, version: HTTP/1.1, content: EmptyByteBufBE)
GET /session/32de8b571a9e4b1eda26c30fc740b3f0/element/65b5613b-45a0-4758-8ffb-3762914c7ad5/name HTTP/1.1
User-Agent: selenium/4.1.4 (java windows)
Cache-Control: no-cache
Content-Type: application/json; charset=utf-8
host: localhost:58094
accept: */*

Response DefaultHttpResponse(decodeResult: success, version: HTTP/1.1)
HTTP/1.1 200 OK
Content-Type: application/json; charset=utf-8
cache-control: no-cache
content-length: 18

20:00:06.733 [AsyncHttpClient-1-6] DEBUG org.asynchttpclient.netty.channel.ChannelManager - Adding key: http://localhost:58094 for channel [id: 0x8dc6a853, L:/127.0.0.1:51161 - R:localhost/127.0.0.1:58094]
20:00:06.735 [Forwarding isElementEnabled on session 32de8b571a9e4b1eda26c30fc740b3f0 to remote] DEBUG org.asynchttpclient.netty.request.NettyRequestSender - Using pooled Channel '[id: 0x8dc6a853, L:/127.0.0.1:51161 - R:localhost/127.0.0.1:58094]' for 'GET' to 'http://localhost:58094/session/32de8b571a9e4b1eda26c30fc740b3f0/element/65b5613b-45a0-4758-8ffb-3762914c7ad5/enabled'
20:00:06.735 [Forwarding isElementEnabled on session 32de8b571a9e4b1eda26c30fc740b3f0 to remote] DEBUG org.asynchttpclient.netty.request.NettyRequestSender - Using open Channel [id: 0x8dc6a853, L:/127.0.0.1:51161 - R:localhost/127.0.0.1:58094] for GET '/session/32de8b571a9e4b1eda26c30fc740b3f0/element/65b5613b-45a0-4758-8ffb-3762914c7ad5/enabled'
20:00:06.750 [AsyncHttpClient-1-6] DEBUG org.asynchttpclient.netty.handler.HttpHandler - 

Request DefaultFullHttpRequest(decodeResult: success, version: HTTP/1.1, content: EmptyByteBufBE)
GET /session/32de8b571a9e4b1eda26c30fc740b3f0/element/65b5613b-45a0-4758-8ffb-3762914c7ad5/enabled HTTP/1.1
User-Agent: selenium/4.1.4 (java windows)
Cache-Control: no-cache
Content-Type: application/json; charset=utf-8
host: localhost:58094
accept: */*

Response DefaultHttpResponse(decodeResult: success, version: HTTP/1.1)
HTTP/1.1 200 OK
Content-Type: application/json; charset=utf-8
cache-control: no-cache
content-length: 14

20:00:06.750 [AsyncHttpClient-1-6] DEBUG org.asynchttpclient.netty.channel.ChannelManager - Adding key: http://localhost:58094 for channel [id: 0x8dc6a853, L:/127.0.0.1:51161 - R:localhost/127.0.0.1:58094]
20:00:06.752 [Forwarding isElementEnabled on session 32de8b571a9e4b1eda26c30fc740b3f0 to remote] DEBUG org.asynchttpclient.netty.request.NettyRequestSender - Using pooled Channel '[id: 0x8dc6a853, L:/127.0.0.1:51161 - R:localhost/127.0.0.1:58094]' for 'GET' to 'http://localhost:58094/session/32de8b571a9e4b1eda26c30fc740b3f0/element/65b5613b-45a0-4758-8ffb-3762914c7ad5/enabled'
20:00:06.752 [Forwarding isElementEnabled on session 32de8b571a9e4b1eda26c30fc740b3f0 to remote] DEBUG org.asynchttpclient.netty.request.NettyRequestSender - Using open Channel [id: 0x8dc6a853, L:/127.0.0.1:51161 - R:localhost/127.0.0.1:58094] for GET '/session/32de8b571a9e4b1eda26c30fc740b3f0/element/65b5613b-45a0-4758-8ffb-3762914c7ad5/enabled'
20:00:06.760 [AsyncHttpClient-1-6] DEBUG org.asynchttpclient.netty.handler.HttpHandler - 

Request DefaultFullHttpRequest(decodeResult: success, version: HTTP/1.1, content: EmptyByteBufBE)
GET /session/32de8b571a9e4b1eda26c30fc740b3f0/element/65b5613b-45a0-4758-8ffb-3762914c7ad5/enabled HTTP/1.1
User-Agent: selenium/4.1.4 (java windows)
Cache-Control: no-cache
Content-Type: application/json; charset=utf-8
host: localhost:58094
accept: */*

Response DefaultHttpResponse(decodeResult: success, version: HTTP/1.1)
HTTP/1.1 200 OK
Content-Type: application/json; charset=utf-8
cache-control: no-cache
content-length: 14

20:00:06.760 [AsyncHttpClient-1-6] DEBUG org.asynchttpclient.netty.channel.ChannelManager - Adding key: http://localhost:58094 for channel [id: 0x8dc6a853, L:/127.0.0.1:51161 - R:localhost/127.0.0.1:58094]
20:00:06.760 [Forwarding findElement on session 32de8b571a9e4b1eda26c30fc740b3f0 to remote] DEBUG org.asynchttpclient.netty.request.NettyRequestSender - Using pooled Channel '[id: 0x8dc6a853, L:/127.0.0.1:51161 - R:localhost/127.0.0.1:58094]' for 'POST' to 'http://localhost:58094/session/32de8b571a9e4b1eda26c30fc740b3f0/element'
20:00:06.760 [Forwarding findElement on session 32de8b571a9e4b1eda26c30fc740b3f0 to remote] DEBUG org.asynchttpclient.netty.request.NettyRequestSender - Using open Channel [id: 0x8dc6a853, L:/127.0.0.1:51161 - R:localhost/127.0.0.1:58094] for POST '/session/32de8b571a9e4b1eda26c30fc740b3f0/element'
20:00:06.774 [AsyncHttpClient-1-6] DEBUG org.asynchttpclient.netty.handler.HttpHandler - 

Request DefaultHttpRequest(decodeResult: success, version: HTTP/1.1)
POST /session/32de8b571a9e4b1eda26c30fc740b3f0/element HTTP/1.1
User-Agent: selenium/4.1.4 (java windows)
Content-Length: 68
Content-Type: application/json; charset=utf-8
host: localhost:58094
accept: */*

Response DefaultHttpResponse(decodeResult: success, version: HTTP/1.1)
HTTP/1.1 200 OK
Content-Type: application/json; charset=utf-8
cache-control: no-cache
content-length: 88

20:00:06.774 [AsyncHttpClient-1-6] DEBUG org.asynchttpclient.netty.channel.ChannelManager - Adding key: http://localhost:58094 for channel [id: 0x8dc6a853, L:/127.0.0.1:51161 - R:localhost/127.0.0.1:58094]
20:00:06.776 [Forwarding clickElement on session 32de8b571a9e4b1eda26c30fc740b3f0 to remote] DEBUG org.asynchttpclient.netty.request.NettyRequestSender - Using pooled Channel '[id: 0x8dc6a853, L:/127.0.0.1:51161 - R:localhost/127.0.0.1:58094]' for 'POST' to 'http://localhost:58094/session/32de8b571a9e4b1eda26c30fc740b3f0/element/65b5613b-45a0-4758-8ffb-3762914c7ad5/click'
20:00:06.776 [Forwarding clickElement on session 32de8b571a9e4b1eda26c30fc740b3f0 to remote] DEBUG org.asynchttpclient.netty.request.NettyRequestSender - Using open Channel [id: 0x8dc6a853, L:/127.0.0.1:51161 - R:localhost/127.0.0.1:58094] for POST '/session/32de8b571a9e4b1eda26c30fc740b3f0/element/65b5613b-45a0-4758-8ffb-3762914c7ad5/click'
20:00:06.900 [AsyncHttpClient-1-6] DEBUG org.asynchttpclient.netty.handler.HttpHandler - 

Request DefaultHttpRequest(decodeResult: success, version: HTTP/1.1)
POST /session/32de8b571a9e4b1eda26c30fc740b3f0/element/65b5613b-45a0-4758-8ffb-3762914c7ad5/click HTTP/1.1
User-Agent: selenium/4.1.4 (java windows)
Content-Length: 50
Content-Type: application/json; charset=utf-8
host: localhost:58094
accept: */*

Response DefaultHttpResponse(decodeResult: success, version: HTTP/1.1)
HTTP/1.1 200 OK
Content-Type: application/json; charset=utf-8
cache-control: no-cache
content-length: 14

20:00:06.900 [AsyncHttpClient-1-6] DEBUG org.asynchttpclient.netty.channel.ChannelManager - Adding key: http://localhost:58094 for channel [id: 0x8dc6a853, L:/127.0.0.1:51161 - R:localhost/127.0.0.1:58094]
20:00:06.901 [Forwarding screenshot on session 32de8b571a9e4b1eda26c30fc740b3f0 to remote] DEBUG org.asynchttpclient.netty.request.NettyRequestSender - Using pooled Channel '[id: 0x8dc6a853, L:/127.0.0.1:51161 - R:localhost/127.0.0.1:58094]' for 'GET' to 'http://localhost:58094/session/32de8b571a9e4b1eda26c30fc740b3f0/screenshot'
20:00:06.901 [Forwarding screenshot on session 32de8b571a9e4b1eda26c30fc740b3f0 to remote] DEBUG org.asynchttpclient.netty.request.NettyRequestSender - Using open Channel [id: 0x8dc6a853, L:/127.0.0.1:51161 - R:localhost/127.0.0.1:58094] for GET '/session/32de8b571a9e4b1eda26c30fc740b3f0/screenshot'
20:00:07.104 [AsyncHttpClient-1-6] DEBUG org.asynchttpclient.netty.handler.HttpHandler - 

Request DefaultFullHttpRequest(decodeResult: success, version: HTTP/1.1, content: EmptyByteBufBE)
GET /session/32de8b571a9e4b1eda26c30fc740b3f0/screenshot HTTP/1.1
User-Agent: selenium/4.1.4 (java windows)
Cache-Control: no-cache
Content-Type: application/json; charset=utf-8
host: localhost:58094
accept: */*

Response DefaultHttpResponse(decodeResult: success, version: HTTP/1.1)
HTTP/1.1 200 OK
Content-Type: application/json; charset=utf-8
cache-control: no-cache
content-length: 41652

20:00:07.104 [AsyncHttpClient-1-6] DEBUG org.asynchttpclient.netty.channel.ChannelManager - Adding key: http://localhost:58094 for channel [id: 0x8dc6a853, L:/127.0.0.1:51161 - R:localhost/127.0.0.1:58094]
20:00:07.108 [main] DEBUG net.serenitybdd.core.photography.Darkroom - Send negative for processing for target\site\serenity\c48326406e94aad5eadf11cb628c197720fd0c86d5480697a07d90116b436895.png
20:00:07.108 [main] DEBUG net.thucydides.core.steps.StepInterceptor - STEP DONE: buttonSave
20:00:07.108 [Darkroom Processing Line] DEBUG net.serenitybdd.core.photography.DarkroomProcessingLine - Processing screenshot image in /var/screenshots/screenshot-13823644485742360352
  &amp#27;[32mAnd &amp#27;[0m&amp#27;[32mClick simpan&amp#27;[0m                                                     &amp#27;[90m# starter.stepdefinitios.KelolaJadwalSteps.clickSimpan()&amp#27;[0m
20:00:07.108 [Darkroom Processing Line] DEBUG net.serenitybdd.core.photography.DarkroomProcessingLine - Saving screenshot to target\site\serenity\c48326406e94aad5eadf11cb628c197720fd0c86d5480697a07d90116b436895.png
20:00:07.709 [AsyncHttpClient-1-1] DEBUG org.asynchttpclient.netty.channel.DefaultChannelPool - Entry count for : http://localhost:51162 : 1
20:00:07.709 [AsyncHttpClient-1-1] DEBUG org.asynchttpclient.netty.channel.DefaultChannelPool - Entry count for : http://localhost:58094 : 1
20:00:08.809 [AsyncHttpClient-1-1] DEBUG org.asynchttpclient.netty.channel.DefaultChannelPool - Entry count for : http://localhost:51162 : 1
20:00:08.809 [AsyncHttpClient-1-1] DEBUG org.asynchttpclient.netty.channel.DefaultChannelPool - Entry count for : http://localhost:58094 : 1
20:00:09.908 [AsyncHttpClient-1-1] DEBUG org.asynchttpclient.netty.channel.DefaultChannelPool - Entry count for : http://localhost:51162 : 1
20:00:09.908 [AsyncHttpClient-1-1] DEBUG org.asynchttpclient.netty.channel.DefaultChannelPool - Entry count for : http://localhost:58094 : 1
20:00:11.012 [AsyncHttpClient-1-1] DEBUG org.asynchttpclient.netty.channel.DefaultChannelPool - Entry count for : http://localhost:51162 : 1
20:00:11.012 [AsyncHttpClient-1-1] DEBUG org.asynchttpclient.netty.channel.DefaultChannelPool - Entry count for : http://localhost:58094 : 1
20:00:12.112 [AsyncHttpClient-1-1] DEBUG org.asynchttpclient.netty.channel.DefaultChannelPool - Entry count for : http://localhost:51162 : 1
20:00:12.112 [AsyncHttpClient-1-1] DEBUG org.asynchttpclient.netty.channel.DefaultChannelPool - Entry count for : http://localhost:58094 : 1
20:00:12.148 [Forwarding screenshot on session 32de8b571a9e4b1eda26c30fc740b3f0 to remote] DEBUG org.asynchttpclient.netty.request.NettyRequestSender - Using pooled Channel '[id: 0x8dc6a853, L:/127.0.0.1:51161 - R:localhost/127.0.0.1:58094]' for 'GET' to 'http://localhost:58094/session/32de8b571a9e4b1eda26c30fc740b3f0/screenshot'
20:00:12.148 [Forwarding screenshot on session 32de8b571a9e4b1eda26c30fc740b3f0 to remote] DEBUG org.asynchttpclient.netty.request.NettyRequestSender - Using open Channel [id: 0x8dc6a853, L:/127.0.0.1:51161 - R:localhost/127.0.0.1:58094] for GET '/session/32de8b571a9e4b1eda26c30fc740b3f0/screenshot'
20:00:12.300 [AsyncHttpClient-1-6] DEBUG org.asynchttpclient.netty.handler.HttpHandler - 

Request DefaultFullHttpRequest(decodeResult: success, version: HTTP/1.1, content: EmptyByteBufBE)
GET /session/32de8b571a9e4b1eda26c30fc740b3f0/screenshot HTTP/1.1
User-Agent: selenium/4.1.4 (java windows)
Cache-Control: no-cache
Content-Type: application/json; charset=utf-8
host: localhost:58094
accept: */*

Response DefaultHttpResponse(decodeResult: success, version: HTTP/1.1)
HTTP/1.1 200 OK
Content-Type: application/json; charset=utf-8
cache-control: no-cache
content-length: 55156

20:00:12.301 [AsyncHttpClient-1-6] DEBUG org.asynchttpclient.netty.channel.ChannelManager - Adding key: http://localhost:58094 for channel [id: 0x8dc6a853, L:/127.0.0.1:51161 - R:localhost/127.0.0.1:58094]
20:00:12.301 [main] DEBUG net.serenitybdd.core.photography.Darkroom - Send negative for processing for target\site\serenity\e9e7f3606b4f6be2025f1a3a5c4eeff84382699458a6ffdded18934b13e84632.png
20:00:12.301 [Darkroom Processing Line] DEBUG net.serenitybdd.core.photography.DarkroomProcessingLine - Processing screenshot image in /var/screenshots/screenshot-5066305670369520147
20:00:12.301 [main] DEBUG net.thucydides.core.steps.StepInterceptor - STARTING STEP: KelolaJadwalSteps.validateDataKelolaJadwal - validAddData
20:00:12.301 [Darkroom Processing Line] DEBUG net.serenitybdd.core.photography.DarkroomProcessingLine - Saving screenshot to target\site\serenity\e9e7f3606b4f6be2025f1a3a5c4eeff84382699458a6ffdded18934b13e84632.png
20:00:12.307 [Forwarding findElement on session 32de8b571a9e4b1eda26c30fc740b3f0 to remote] DEBUG org.asynchttpclient.netty.request.NettyRequestSender - Using pooled Channel '[id: 0x8dc6a853, L:/127.0.0.1:51161 - R:localhost/127.0.0.1:58094]' for 'POST' to 'http://localhost:58094/session/32de8b571a9e4b1eda26c30fc740b3f0/element'
20:00:12.307 [Forwarding findElement on session 32de8b571a9e4b1eda26c30fc740b3f0 to remote] DEBUG org.asynchttpclient.netty.request.NettyRequestSender - Using open Channel [id: 0x8dc6a853, L:/127.0.0.1:51161 - R:localhost/127.0.0.1:58094] for POST '/session/32de8b571a9e4b1eda26c30fc740b3f0/element'
20:00:12.318 [AsyncHttpClient-1-6] DEBUG org.asynchttpclient.netty.handler.HttpHandler - 

Request DefaultHttpRequest(decodeResult: success, version: HTTP/1.1)
POST /session/32de8b571a9e4b1eda26c30fc740b3f0/element HTTP/1.1
User-Agent: selenium/4.1.4 (java windows)
Content-Length: 68
Content-Type: application/json; charset=utf-8
host: localhost:58094
accept: */*

Response DefaultHttpResponse(decodeResult: success, version: HTTP/1.1)
HTTP/1.1 200 OK
Content-Type: application/json; charset=utf-8
cache-control: no-cache
content-length: 88

20:00:12.318 [AsyncHttpClient-1-6] DEBUG org.asynchttpclient.netty.channel.ChannelManager - Adding key: http://localhost:58094 for channel [id: 0x8dc6a853, L:/127.0.0.1:51161 - R:localhost/127.0.0.1:58094]
20:00:12.318 [Forwarding isElementEnabled on session 32de8b571a9e4b1eda26c30fc740b3f0 to remote] DEBUG org.asynchttpclient.netty.request.NettyRequestSender - Using pooled Channel '[id: 0x8dc6a853, L:/127.0.0.1:51161 - R:localhost/127.0.0.1:58094]' for 'GET' to 'http://localhost:58094/session/32de8b571a9e4b1eda26c30fc740b3f0/element/65199377-6c6d-4088-b08f-3f6e040259e9/enabled'
20:00:12.318 [Forwarding isElementEnabled on session 32de8b571a9e4b1eda26c30fc740b3f0 to remote] DEBUG org.asynchttpclient.netty.request.NettyRequestSender - Using open Channel [id: 0x8dc6a853, L:/127.0.0.1:51161 - R:localhost/127.0.0.1:58094] for GET '/session/32de8b571a9e4b1eda26c30fc740b3f0/element/65199377-6c6d-4088-b08f-3f6e040259e9/enabled'
20:00:12.333 [AsyncHttpClient-1-6] DEBUG org.asynchttpclient.netty.handler.HttpHandler - 

Request DefaultFullHttpRequest(decodeResult: success, version: HTTP/1.1, content: EmptyByteBufBE)
GET /session/32de8b571a9e4b1eda26c30fc740b3f0/element/65199377-6c6d-4088-b08f-3f6e040259e9/enabled HTTP/1.1
User-Agent: selenium/4.1.4 (java windows)
Cache-Control: no-cache
Content-Type: application/json; charset=utf-8
host: localhost:58094
accept: */*

Response DefaultHttpResponse(decodeResult: success, version: HTTP/1.1)
HTTP/1.1 200 OK
Content-Type: application/json; charset=utf-8
cache-control: no-cache
content-length: 14

20:00:12.333 [AsyncHttpClient-1-6] DEBUG org.asynchttpclient.netty.channel.ChannelManager - Adding key: http://localhost:58094 for channel [id: 0x8dc6a853, L:/127.0.0.1:51161 - R:localhost/127.0.0.1:58094]
20:00:12.334 [main] DEBUG net.thucydides.core.steps.StepInterceptor - STEP DONE: validAddData
20:00:13.224 [AsyncHttpClient-1-1] DEBUG org.asynchttpclient.netty.channel.DefaultChannelPool - Entry count for : http://localhost:51162 : 1
20:00:13.224 [AsyncHttpClient-1-1] DEBUG org.asynchttpclient.netty.channel.DefaultChannelPool - Entry count for : http://localhost:58094 : 1
20:00:13.368 [Forwarding screenshot on session 32de8b571a9e4b1eda26c30fc740b3f0 to remote] DEBUG org.asynchttpclient.netty.request.NettyRequestSender - Using pooled Channel '[id: 0x8dc6a853, L:/127.0.0.1:51161 - R:localhost/127.0.0.1:58094]' for 'GET' to 'http://localhost:58094/session/32de8b571a9e4b1eda26c30fc740b3f0/screenshot'
20:00:13.368 [Forwarding screenshot on session 32de8b571a9e4b1eda26c30fc740b3f0 to remote] DEBUG org.asynchttpclient.netty.request.NettyRequestSender - Using open Channel [id: 0x8dc6a853, L:/127.0.0.1:51161 - R:localhost/127.0.0.1:58094] for GET '/session/32de8b571a9e4b1eda26c30fc740b3f0/screenshot'
20:00:13.511 [AsyncHttpClient-1-6] DEBUG org.asynchttpclient.netty.handler.HttpHandler - 

Request DefaultFullHttpRequest(decodeResult: success, version: HTTP/1.1, content: EmptyByteBufBE)
GET /session/32de8b571a9e4b1eda26c30fc740b3f0/screenshot HTTP/1.1
User-Agent: selenium/4.1.4 (java windows)
Cache-Control: no-cache
Content-Type: application/json; charset=utf-8
host: localhost:58094
accept: */*

Response DefaultHttpResponse(decodeResult: success, version: HTTP/1.1)
HTTP/1.1 200 OK
Content-Type: application/json; charset=utf-8
cache-control: no-cache
content-length: 55144

20:00:13.511 [AsyncHttpClient-1-6] DEBUG org.asynchttpclient.netty.channel.ChannelManager - Adding key: http://localhost:58094 for channel [id: 0x8dc6a853, L:/127.0.0.1:51161 - R:localhost/127.0.0.1:58094]
20:00:13.511 [main] DEBUG net.serenitybdd.core.photography.Darkroom - Send negative for processing for target\site\serenity\4e1f293d4d1bc2e632a4af9c7ee511b683f182216cf755210e06bb283a9e144f.png
20:00:13.511 [main] DEBUG net.thucydides.core.steps.StepInterceptor - STARTING STEP: KelolaJadwalSteps.validateDataKelolaJadwal - buttonClickOK
20:00:13.511 [Darkroom Processing Line] DEBUG net.serenitybdd.core.photography.DarkroomProcessingLine - Processing screenshot image in /var/screenshots/screenshot-8692215013868599523
20:00:13.511 [Darkroom Processing Line] DEBUG net.serenitybdd.core.photography.DarkroomProcessingLine - Saving screenshot to target\site\serenity\4e1f293d4d1bc2e632a4af9c7ee511b683f182216cf755210e06bb283a9e144f.png
20:00:13.520 [Forwarding findElement on session 32de8b571a9e4b1eda26c30fc740b3f0 to remote] DEBUG org.asynchttpclient.netty.request.NettyRequestSender - Using pooled Channel '[id: 0x8dc6a853, L:/127.0.0.1:51161 - R:localhost/127.0.0.1:58094]' for 'POST' to 'http://localhost:58094/session/32de8b571a9e4b1eda26c30fc740b3f0/element'
20:00:13.520 [Forwarding findElement on session 32de8b571a9e4b1eda26c30fc740b3f0 to remote] DEBUG org.asynchttpclient.netty.request.NettyRequestSender - Using open Channel [id: 0x8dc6a853, L:/127.0.0.1:51161 - R:localhost/127.0.0.1:58094] for POST '/session/32de8b571a9e4b1eda26c30fc740b3f0/element'
20:00:13.531 [AsyncHttpClient-1-6] DEBUG org.asynchttpclient.netty.handler.HttpHandler - 

Request DefaultHttpRequest(decodeResult: success, version: HTTP/1.1)
POST /session/32de8b571a9e4b1eda26c30fc740b3f0/element HTTP/1.1
User-Agent: selenium/4.1.4 (java windows)
Content-Length: 88
Content-Type: application/json; charset=utf-8
host: localhost:58094
accept: */*

Response DefaultHttpResponse(decodeResult: success, version: HTTP/1.1)
HTTP/1.1 200 OK
Content-Type: application/json; charset=utf-8
cache-control: no-cache
content-length: 88

20:00:13.532 [AsyncHttpClient-1-6] DEBUG org.asynchttpclient.netty.channel.ChannelManager - Adding key: http://localhost:58094 for channel [id: 0x8dc6a853, L:/127.0.0.1:51161 - R:localhost/127.0.0.1:58094]
20:00:13.532 [Forwarding getElementTagName on session 32de8b571a9e4b1eda26c30fc740b3f0 to remote] DEBUG org.asynchttpclient.netty.request.NettyRequestSender - Using pooled Channel '[id: 0x8dc6a853, L:/127.0.0.1:51161 - R:localhost/127.0.0.1:58094]' for 'GET' to 'http://localhost:58094/session/32de8b571a9e4b1eda26c30fc740b3f0/element/99d4deb6-5a71-45cb-80ef-cbc0303ccc68/name'
20:00:13.532 [Forwarding getElementTagName on session 32de8b571a9e4b1eda26c30fc740b3f0 to remote] DEBUG org.asynchttpclient.netty.request.NettyRequestSender - Using open Channel [id: 0x8dc6a853, L:/127.0.0.1:51161 - R:localhost/127.0.0.1:58094] for GET '/session/32de8b571a9e4b1eda26c30fc740b3f0/element/99d4deb6-5a71-45cb-80ef-cbc0303ccc68/name'
20:00:13.540 [AsyncHttpClient-1-6] DEBUG org.asynchttpclient.netty.handler.HttpHandler - 

Request DefaultFullHttpRequest(decodeResult: success, version: HTTP/1.1, content: EmptyByteBufBE)
GET /session/32de8b571a9e4b1eda26c30fc740b3f0/element/99d4deb6-5a71-45cb-80ef-cbc0303ccc68/name HTTP/1.1
User-Agent: selenium/4.1.4 (java windows)
Cache-Control: no-cache
Content-Type: application/json; charset=utf-8
host: localhost:58094
accept: */*

Response DefaultHttpResponse(decodeResult: success, version: HTTP/1.1)
HTTP/1.1 200 OK
Content-Type: application/json; charset=utf-8
cache-control: no-cache
content-length: 18

20:00:13.540 [AsyncHttpClient-1-6] DEBUG org.asynchttpclient.netty.channel.ChannelManager - Adding key: http://localhost:58094 for channel [id: 0x8dc6a853, L:/127.0.0.1:51161 - R:localhost/127.0.0.1:58094]
20:00:13.541 [Forwarding getElementTagName on session 32de8b571a9e4b1eda26c30fc740b3f0 to remote] DEBUG org.asynchttpclient.netty.request.NettyRequestSender - Using pooled Channel '[id: 0x8dc6a853, L:/127.0.0.1:51161 - R:localhost/127.0.0.1:58094]' for 'GET' to 'http://localhost:58094/session/32de8b571a9e4b1eda26c30fc740b3f0/element/99d4deb6-5a71-45cb-80ef-cbc0303ccc68/name'
20:00:13.541 [Forwarding getElementTagName on session 32de8b571a9e4b1eda26c30fc740b3f0 to remote] DEBUG org.asynchttpclient.netty.request.NettyRequestSender - Using open Channel [id: 0x8dc6a853, L:/127.0.0.1:51161 - R:localhost/127.0.0.1:58094] for GET '/session/32de8b571a9e4b1eda26c30fc740b3f0/element/99d4deb6-5a71-45cb-80ef-cbc0303ccc68/name'
20:00:13.547 [AsyncHttpClient-1-6] DEBUG org.asynchttpclient.netty.handler.HttpHandler - 

Request DefaultFullHttpRequest(decodeResult: success, version: HTTP/1.1, content: EmptyByteBufBE)
GET /session/32de8b571a9e4b1eda26c30fc740b3f0/element/99d4deb6-5a71-45cb-80ef-cbc0303ccc68/name HTTP/1.1
User-Agent: selenium/4.1.4 (java windows)
Cache-Control: no-cache
Content-Type: application/json; charset=utf-8
host: localhost:58094
accept: */*

Response DefaultHttpResponse(decodeResult: success, version: HTTP/1.1)
HTTP/1.1 200 OK
Content-Type: application/json; charset=utf-8
cache-control: no-cache
content-length: 18

20:00:13.547 [AsyncHttpClient-1-6] DEBUG org.asynchttpclient.netty.channel.ChannelManager - Adding key: http://localhost:58094 for channel [id: 0x8dc6a853, L:/127.0.0.1:51161 - R:localhost/127.0.0.1:58094]
20:00:13.548 [Forwarding isElementEnabled on session 32de8b571a9e4b1eda26c30fc740b3f0 to remote] DEBUG org.asynchttpclient.netty.request.NettyRequestSender - Using pooled Channel '[id: 0x8dc6a853, L:/127.0.0.1:51161 - R:localhost/127.0.0.1:58094]' for 'GET' to 'http://localhost:58094/session/32de8b571a9e4b1eda26c30fc740b3f0/element/99d4deb6-5a71-45cb-80ef-cbc0303ccc68/enabled'
20:00:13.548 [Forwarding isElementEnabled on session 32de8b571a9e4b1eda26c30fc740b3f0 to remote] DEBUG org.asynchttpclient.netty.request.NettyRequestSender - Using open Channel [id: 0x8dc6a853, L:/127.0.0.1:51161 - R:localhost/127.0.0.1:58094] for GET '/session/32de8b571a9e4b1eda26c30fc740b3f0/element/99d4deb6-5a71-45cb-80ef-cbc0303ccc68/enabled'
20:00:13.564 [AsyncHttpClient-1-6] DEBUG org.asynchttpclient.netty.handler.HttpHandler - 

Request DefaultFullHttpRequest(decodeResult: success, version: HTTP/1.1, content: EmptyByteBufBE)
GET /session/32de8b571a9e4b1eda26c30fc740b3f0/element/99d4deb6-5a71-45cb-80ef-cbc0303ccc68/enabled HTTP/1.1
User-Agent: selenium/4.1.4 (java windows)
Cache-Control: no-cache
Content-Type: application/json; charset=utf-8
host: localhost:58094
accept: */*

Response DefaultHttpResponse(decodeResult: success, version: HTTP/1.1)
HTTP/1.1 200 OK
Content-Type: application/json; charset=utf-8
cache-control: no-cache
content-length: 14

20:00:13.564 [AsyncHttpClient-1-6] DEBUG org.asynchttpclient.netty.channel.ChannelManager - Adding key: http://localhost:58094 for channel [id: 0x8dc6a853, L:/127.0.0.1:51161 - R:localhost/127.0.0.1:58094]
20:00:13.565 [Forwarding isElementEnabled on session 32de8b571a9e4b1eda26c30fc740b3f0 to remote] DEBUG org.asynchttpclient.netty.request.NettyRequestSender - Using pooled Channel '[id: 0x8dc6a853, L:/127.0.0.1:51161 - R:localhost/127.0.0.1:58094]' for 'GET' to 'http://localhost:58094/session/32de8b571a9e4b1eda26c30fc740b3f0/element/99d4deb6-5a71-45cb-80ef-cbc0303ccc68/enabled'
20:00:13.565 [Forwarding isElementEnabled on session 32de8b571a9e4b1eda26c30fc740b3f0 to remote] DEBUG org.asynchttpclient.netty.request.NettyRequestSender - Using open Channel [id: 0x8dc6a853, L:/127.0.0.1:51161 - R:localhost/127.0.0.1:58094] for GET '/session/32de8b571a9e4b1eda26c30fc740b3f0/element/99d4deb6-5a71-45cb-80ef-cbc0303ccc68/enabled'
20:00:13.574 [AsyncHttpClient-1-6] DEBUG org.asynchttpclient.netty.handler.HttpHandler - 

Request DefaultFullHttpRequest(decodeResult: success, version: HTTP/1.1, content: EmptyByteBufBE)
GET /session/32de8b571a9e4b1eda26c30fc740b3f0/element/99d4deb6-5a71-45cb-80ef-cbc0303ccc68/enabled HTTP/1.1
User-Agent: selenium/4.1.4 (java windows)
Cache-Control: no-cache
Content-Type: application/json; charset=utf-8
host: localhost:58094
accept: */*

Response DefaultHttpResponse(decodeResult: success, version: HTTP/1.1)
HTTP/1.1 200 OK
Content-Type: application/json; charset=utf-8
cache-control: no-cache
content-length: 14

20:00:13.574 [AsyncHttpClient-1-6] DEBUG org.asynchttpclient.netty.channel.ChannelManager - Adding key: http://localhost:58094 for channel [id: 0x8dc6a853, L:/127.0.0.1:51161 - R:localhost/127.0.0.1:58094]
20:00:13.575 [Forwarding findElement on session 32de8b571a9e4b1eda26c30fc740b3f0 to remote] DEBUG org.asynchttpclient.netty.request.NettyRequestSender - Using pooled Channel '[id: 0x8dc6a853, L:/127.0.0.1:51161 - R:localhost/127.0.0.1:58094]' for 'POST' to 'http://localhost:58094/session/32de8b571a9e4b1eda26c30fc740b3f0/element'
20:00:13.575 [Forwarding findElement on session 32de8b571a9e4b1eda26c30fc740b3f0 to remote] DEBUG org.asynchttpclient.netty.request.NettyRequestSender - Using open Channel [id: 0x8dc6a853, L:/127.0.0.1:51161 - R:localhost/127.0.0.1:58094] for POST '/session/32de8b571a9e4b1eda26c30fc740b3f0/element'
20:00:13.589 [AsyncHttpClient-1-6] DEBUG org.asynchttpclient.netty.handler.HttpHandler - 

Request DefaultHttpRequest(decodeResult: success, version: HTTP/1.1)
POST /session/32de8b571a9e4b1eda26c30fc740b3f0/element HTTP/1.1
User-Agent: selenium/4.1.4 (java windows)
Content-Length: 88
Content-Type: application/json; charset=utf-8
host: localhost:58094
accept: */*

Response DefaultHttpResponse(decodeResult: success, version: HTTP/1.1)
HTTP/1.1 200 OK
Content-Type: application/json; charset=utf-8
cache-control: no-cache
content-length: 88

20:00:13.589 [AsyncHttpClient-1-6] DEBUG org.asynchttpclient.netty.channel.ChannelManager - Adding key: http://localhost:58094 for channel [id: 0x8dc6a853, L:/127.0.0.1:51161 - R:localhost/127.0.0.1:58094]
20:00:13.590 [Forwarding clickElement on session 32de8b571a9e4b1eda26c30fc740b3f0 to remote] DEBUG org.asynchttpclient.netty.request.NettyRequestSender - Using pooled Channel '[id: 0x8dc6a853, L:/127.0.0.1:51161 - R:localhost/127.0.0.1:58094]' for 'POST' to 'http://localhost:58094/session/32de8b571a9e4b1eda26c30fc740b3f0/element/99d4deb6-5a71-45cb-80ef-cbc0303ccc68/click'
20:00:13.590 [Forwarding clickElement on session 32de8b571a9e4b1eda26c30fc740b3f0 to remote] DEBUG org.asynchttpclient.netty.request.NettyRequestSender - Using open Channel [id: 0x8dc6a853, L:/127.0.0.1:51161 - R:localhost/127.0.0.1:58094] for POST '/session/32de8b571a9e4b1eda26c30fc740b3f0/element/99d4deb6-5a71-45cb-80ef-cbc0303ccc68/click'
20:00:13.693 [AsyncHttpClient-1-6] DEBUG org.asynchttpclient.netty.handler.HttpHandler - 

Request DefaultHttpRequest(decodeResult: success, version: HTTP/1.1)
POST /session/32de8b571a9e4b1eda26c30fc740b3f0/element/99d4deb6-5a71-45cb-80ef-cbc0303ccc68/click HTTP/1.1
User-Agent: selenium/4.1.4 (java windows)
Content-Length: 50
Content-Type: application/json; charset=utf-8
host: localhost:58094
accept: */*

Response DefaultHttpResponse(decodeResult: success, version: HTTP/1.1)
HTTP/1.1 200 OK
Content-Type: application/json; charset=utf-8
cache-control: no-cache
content-length: 14

20:00:13.693 [AsyncHttpClient-1-6] DEBUG org.asynchttpclient.netty.channel.ChannelManager - Adding key: http://localhost:58094 for channel [id: 0x8dc6a853, L:/127.0.0.1:51161 - R:localhost/127.0.0.1:58094]
20:00:13.711 [Forwarding screenshot on session 32de8b571a9e4b1eda26c30fc740b3f0 to remote] DEBUG org.asynchttpclient.netty.request.NettyRequestSender - Using pooled Channel '[id: 0x8dc6a853, L:/127.0.0.1:51161 - R:localhost/127.0.0.1:58094]' for 'GET' to 'http://localhost:58094/session/32de8b571a9e4b1eda26c30fc740b3f0/screenshot'
20:00:13.711 [Forwarding screenshot on session 32de8b571a9e4b1eda26c30fc740b3f0 to remote] DEBUG org.asynchttpclient.netty.request.NettyRequestSender - Using open Channel [id: 0x8dc6a853, L:/127.0.0.1:51161 - R:localhost/127.0.0.1:58094] for GET '/session/32de8b571a9e4b1eda26c30fc740b3f0/screenshot'
20:00:13.950 [AsyncHttpClient-1-6] DEBUG org.asynchttpclient.netty.handler.HttpHandler - 

Request DefaultFullHttpRequest(decodeResult: success, version: HTTP/1.1, content: EmptyByteBufBE)
GET /session/32de8b571a9e4b1eda26c30fc740b3f0/screenshot HTTP/1.1
User-Agent: selenium/4.1.4 (java windows)
Cache-Control: no-cache
Content-Type: application/json; charset=utf-8
host: localhost:58094
accept: */*

Response DefaultHttpResponse(decodeResult: success, version: HTTP/1.1)
HTTP/1.1 200 OK
Content-Type: application/json; charset=utf-8
cache-control: no-cache
content-length: 114160

20:00:13.950 [AsyncHttpClient-1-6] DEBUG org.asynchttpclient.netty.channel.ChannelManager - Adding key: http://localhost:58094 for channel [id: 0x8dc6a853, L:/127.0.0.1:51161 - R:localhost/127.0.0.1:58094]
20:00:13.958 [main] DEBUG net.serenitybdd.core.photography.Darkroom - Send negative for processing for target\site\serenity\7bff343794f24bbbe21f8d6ce2018b61cd541ddacae946fb7217357ab3775c25.png
20:00:13.962 [main] DEBUG net.thucydides.core.steps.StepInterceptor - STEP DONE: buttonClickOK
20:00:13.963 [Darkroom Processing Line] DEBUG net.serenitybdd.core.photography.DarkroomProcessingLine - Processing screenshot image in /var/screenshots/screenshot-15726286169944063815
20:00:13.963 [Darkroom Processing Line] DEBUG net.serenitybdd.core.photography.DarkroomProcessingLine - Saving screenshot to target\site\serenity\7bff343794f24bbbe21f8d6ce2018b61cd541ddacae946fb7217357ab3775c25.png
20:00:14.322 [AsyncHttpClient-1-1] DEBUG org.asynchttpclient.netty.channel.DefaultChannelPool - Entry count for : http://localhost:51162 : 1
20:00:14.322 [AsyncHttpClient-1-1] DEBUG org.asynchttpclient.netty.channel.DefaultChannelPool - Entry count for : http://localhost:58094 : 1
20:00:15.414 [AsyncHttpClient-1-1] DEBUG org.asynchttpclient.netty.channel.DefaultChannelPool - Entry count for : http://localhost:51162 : 1
20:00:15.414 [AsyncHttpClient-1-1] DEBUG org.asynchttpclient.netty.channel.DefaultChannelPool - Entry count for : http://localhost:58094 : 1
20:00:16.522 [AsyncHttpClient-1-1] DEBUG org.asynchttpclient.netty.channel.DefaultChannelPool - Entry count for : http://localhost:51162 : 1
20:00:16.522 [AsyncHttpClient-1-1] DEBUG org.asynchttpclient.netty.channel.DefaultChannelPool - Entry count for : http://localhost:58094 : 1
20:00:17.611 [AsyncHttpClient-1-1] DEBUG org.asynchttpclient.netty.channel.DefaultChannelPool - Entry count for : http://localhost:51162 : 1
20:00:17.611 [AsyncHttpClient-1-1] DEBUG org.asynchttpclient.netty.channel.DefaultChannelPool - Entry count for : http://localhost:58094 : 1
20:00:18.715 [AsyncHttpClient-1-1] DEBUG org.asynchttpclient.netty.channel.DefaultChannelPool - Entry count for : http://localhost:51162 : 1
20:00:18.715 [AsyncHttpClient-1-1] DEBUG org.asynchttpclient.netty.channel.DefaultChannelPool - Entry count for : http://localhost:58094 : 1
20:00:18.979 [Forwarding screenshot on session 32de8b571a9e4b1eda26c30fc740b3f0 to remote] DEBUG org.asynchttpclient.netty.request.NettyRequestSender - Using pooled Channel '[id: 0x8dc6a853, L:/127.0.0.1:51161 - R:localhost/127.0.0.1:58094]' for 'GET' to 'http://localhost:58094/session/32de8b571a9e4b1eda26c30fc740b3f0/screenshot'
20:00:18.979 [Forwarding screenshot on session 32de8b571a9e4b1eda26c30fc740b3f0 to remote] DEBUG org.asynchttpclient.netty.request.NettyRequestSender - Using open Channel [id: 0x8dc6a853, L:/127.0.0.1:51161 - R:localhost/127.0.0.1:58094] for GET '/session/32de8b571a9e4b1eda26c30fc740b3f0/screenshot'
20:00:19.129 [AsyncHttpClient-1-6] DEBUG org.asynchttpclient.netty.handler.HttpHandler - 

Request DefaultFullHttpRequest(decodeResult: success, version: HTTP/1.1, content: EmptyByteBufBE)
GET /session/32de8b571a9e4b1eda26c30fc740b3f0/screenshot HTTP/1.1
User-Agent: selenium/4.1.4 (java windows)
Cache-Control: no-cache
Content-Type: application/json; charset=utf-8
host: localhost:58094
accept: */*

Response DefaultHttpResponse(decodeResult: success, version: HTTP/1.1)
HTTP/1.1 200 OK
Content-Type: application/json; charset=utf-8
cache-control: no-cache
content-length: 94224

20:00:19.129 [AsyncHttpClient-1-6] DEBUG org.asynchttpclient.netty.channel.ChannelManager - Adding key: http://localhost:58094 for channel [id: 0x8dc6a853, L:/127.0.0.1:51161 - R:localhost/127.0.0.1:58094]
20:00:19.129 [main] DEBUG net.serenitybdd.core.photography.Darkroom - Send negative for processing for target\site\serenity\d8995d53355f339f4fb28b83e217ed31623948699f05bcabf3cfc0d4f7aa0783.png
20:00:19.129 [main] DEBUG net.thucydides.core.steps.StepInterceptor - STARTING STEP: KelolaJadwalSteps.validateDataKelolaJadwal - validPagePasien
20:00:19.129 [Forwarding findElement on session 32de8b571a9e4b1eda26c30fc740b3f0 to remote] DEBUG org.asynchttpclient.netty.request.NettyRequestSender - Using pooled Channel '[id: 0x8dc6a853, L:/127.0.0.1:51161 - R:localhost/127.0.0.1:58094]' for 'POST' to 'http://localhost:58094/session/32de8b571a9e4b1eda26c30fc740b3f0/element'
20:00:19.129 [Forwarding findElement on session 32de8b571a9e4b1eda26c30fc740b3f0 to remote] DEBUG org.asynchttpclient.netty.request.NettyRequestSender - Using open Channel [id: 0x8dc6a853, L:/127.0.0.1:51161 - R:localhost/127.0.0.1:58094] for POST '/session/32de8b571a9e4b1eda26c30fc740b3f0/element'
20:00:19.158 [AsyncHttpClient-1-6] DEBUG org.asynchttpclient.netty.handler.HttpHandler - 

Request DefaultHttpRequest(decodeResult: success, version: HTTP/1.1)
POST /session/32de8b571a9e4b1eda26c30fc740b3f0/element HTTP/1.1
User-Agent: selenium/4.1.4 (java windows)
Content-Length: 126
Content-Type: application/json; charset=utf-8
host: localhost:58094
accept: */*

Response DefaultHttpResponse(decodeResult: success, version: HTTP/1.1)
HTTP/1.1 200 OK
Content-Type: application/json; charset=utf-8
cache-control: no-cache
content-length: 88

20:00:19.158 [AsyncHttpClient-1-6] DEBUG org.asynchttpclient.netty.channel.ChannelManager - Adding key: http://localhost:58094 for channel [id: 0x8dc6a853, L:/127.0.0.1:51161 - R:localhost/127.0.0.1:58094]
20:00:19.158 [Forwarding isElementEnabled on session 32de8b571a9e4b1eda26c30fc740b3f0 to remote] DEBUG org.asynchttpclient.netty.request.NettyRequestSender - Using pooled Channel '[id: 0x8dc6a853, L:/127.0.0.1:51161 - R:localhost/127.0.0.1:58094]' for 'GET' to 'http://localhost:58094/session/32de8b571a9e4b1eda26c30fc740b3f0/element/ea005160-7596-4f16-92ab-d3319a663fcf/enabled'
20:00:19.158 [Forwarding isElementEnabled on session 32de8b571a9e4b1eda26c30fc740b3f0 to remote] DEBUG org.asynchttpclient.netty.request.NettyRequestSender - Using open Channel [id: 0x8dc6a853, L:/127.0.0.1:51161 - R:localhost/127.0.0.1:58094] for GET '/session/32de8b571a9e4b1eda26c30fc740b3f0/element/ea005160-7596-4f16-92ab-d3319a663fcf/enabled'
20:00:19.173 [AsyncHttpClient-1-6] DEBUG org.asynchttpclient.netty.handler.HttpHandler - 

Request DefaultFullHttpRequest(decodeResult: success, version: HTTP/1.1, content: EmptyByteBufBE)
GET /session/32de8b571a9e4b1eda26c30fc740b3f0/element/ea005160-7596-4f16-92ab-d3319a663fcf/enabled HTTP/1.1
User-Agent: selenium/4.1.4 (java windows)
Cache-Control: no-cache
Content-Type: application/json; charset=utf-8
host: localhost:58094
accept: */*

Response DefaultHttpResponse(decodeResult: success, version: HTTP/1.1)
HTTP/1.1 200 OK
Content-Type: application/json; charset=utf-8
cache-control: no-cache
content-length: 14

20:00:19.173 [AsyncHttpClient-1-6] DEBUG org.asynchttpclient.netty.channel.ChannelManager - Adding key: http://localhost:58094 for channel [id: 0x8dc6a853, L:/127.0.0.1:51161 - R:localhost/127.0.0.1:58094]
20:00:19.174 [main] DEBUG net.thucydides.core.steps.StepInterceptor - STEP DONE: validPagePasien
  &amp#27;[32mAnd &amp#27;[0m&amp#27;[32mValidate data kelola jadwal&amp#27;[0m                                      &amp#27;[90m# starter.stepdefinitios.KelolaJadwalSteps.validateDataKelolaJadwal()&amp#27;[0m
20:00:19.192 [Forwarding screenshot on session 32de8b571a9e4b1eda26c30fc740b3f0 to remote] DEBUG org.asynchttpclient.netty.request.NettyRequestSender - Using pooled Channel '[id: 0x8dc6a853, L:/127.0.0.1:51161 - R:localhost/127.0.0.1:58094]' for 'GET' to 'http://localhost:58094/session/32de8b571a9e4b1eda26c30fc740b3f0/screenshot'
20:00:19.192 [Forwarding screenshot on session 32de8b571a9e4b1eda26c30fc740b3f0 to remote] DEBUG org.asynchttpclient.netty.request.NettyRequestSender - Using open Channel [id: 0x8dc6a853, L:/127.0.0.1:51161 - R:localhost/127.0.0.1:58094] for GET '/session/32de8b571a9e4b1eda26c30fc740b3f0/screenshot'
20:00:19.332 [AsyncHttpClient-1-6] DEBUG org.asynchttpclient.netty.handler.HttpHandler - 

Request DefaultFullHttpRequest(decodeResult: success, version: HTTP/1.1, content: EmptyByteBufBE)
GET /session/32de8b571a9e4b1eda26c30fc740b3f0/screenshot HTTP/1.1
User-Agent: selenium/4.1.4 (java windows)
Cache-Control: no-cache
Content-Type: application/json; charset=utf-8
host: localhost:58094
accept: */*

Response DefaultHttpResponse(decodeResult: success, version: HTTP/1.1)
HTTP/1.1 200 OK
Content-Type: application/json; charset=utf-8
cache-control: no-cache
content-length: 94224

20:00:19.332 [AsyncHttpClient-1-6] DEBUG org.asynchttpclient.netty.channel.ChannelManager - Adding key: http://localhost:58094 for channel [id: 0x8dc6a853, L:/127.0.0.1:51161 - R:localhost/127.0.0.1:58094]
20:00:19.332 [main] DEBUG net.serenitybdd.core.photography.Darkroom - Send negative for processing for target\site\serenity\d8995d53355f339f4fb28b83e217ed31623948699f05bcabf3cfc0d4f7aa0783.png
20:00:19.344 [AsyncHttpClient-1-8] DEBUG org.asynchttpclient.netty.handler.WebSocketHandler - Channel Closed: [id: 0x3467727a, L:/127.0.0.1:51169 ! R:localhost/127.0.0.1:51162] with attribute NettyResponseFuture{currentRetry=5,
	isDone=1,
	isCancelled=0,
	asyncHandler=org.asynchttpclient.ws.WebSocketUpgradeHandler@2f64c194,
	nettyRequest=org.asynchttpclient.netty.request.NettyRequest@4e2b059,
	future=java.util.concurrent.CompletableFuture@86e6c82[Completed normally],
	uri=ws://localhost:51162/devtools/browser/216dbe51-8efc-40e4-9365-33787418f5ae,
	keepAlive=true,
	redirectCount=0,
	timeoutsHolder=null,
	inAuth=0,
	touch=1658062767447}
20:00:19.344 [AsyncHttpClient-1-8] DEBUG org.asynchttpclient.netty.channel.ChannelManager - Closing Channel [id: 0x3467727a, L:/127.0.0.1:51169 ! R:localhost/127.0.0.1:51162] 
20:00:19.344 [Driver Command Executor] DEBUG org.asynchttpclient.netty.request.NettyRequestSender - Using pooled Channel '[id: 0x8dc6a853, L:/127.0.0.1:51161 - R:localhost/127.0.0.1:58094]' for 'DELETE' to 'http://localhost:58094/session/32de8b571a9e4b1eda26c30fc740b3f0'
20:00:19.344 [Driver Command Executor] DEBUG org.asynchttpclient.netty.request.NettyRequestSender - Using open Channel [id: 0x8dc6a853, L:/127.0.0.1:51161 - R:localhost/127.0.0.1:58094] for DELETE '/session/32de8b571a9e4b1eda26c30fc740b3f0'
20:00:19.418 [AsyncHttpClient-1-7] DEBUG org.asynchttpclient.netty.handler.HttpHandler - Unexpected I/O exception on channel [id: 0x646802cb, L:/127.0.0.1:51168 - R:localhost/127.0.0.1:51162]
java.io.IOException: An existing connection was forcibly closed by the remote host
	at java.base/sun.nio.ch.SocketDispatcher.read0(Native Method)
	at java.base/sun.nio.ch.SocketDispatcher.read(SocketDispatcher.java:43)
	at java.base/sun.nio.ch.IOUtil.readIntoNativeBuffer(IOUtil.java:276)
	at java.base/sun.nio.ch.IOUtil.read(IOUtil.java:233)
	at java.base/sun.nio.ch.IOUtil.read(IOUtil.java:223)
	at java.base/sun.nio.ch.SocketChannelImpl.read(SocketChannelImpl.java:356)
	at io.netty.buffer.PooledByteBuf.setBytes(PooledByteBuf.java:258)
	at io.netty.buffer.AbstractByteBuf.writeBytes(AbstractByteBuf.java:1132)
	at io.netty.channel.socket.nio.NioSocketChannel.doReadBytes(NioSocketChannel.java:357)
	at io.netty.channel.nio.AbstractNioByteChannel$NioByteUnsafe.read(AbstractNioByteChannel.java:151)
	at io.netty.channel.nio.NioEventLoop.processSelectedKey(NioEventLoop.java:722)
	at io.netty.channel.nio.NioEventLoop.processSelectedKeysOptimized(NioEventLoop.java:658)
	at io.netty.channel.nio.NioEventLoop.processSelectedKeys(NioEventLoop.java:584)
	at io.netty.channel.nio.NioEventLoop.run(NioEventLoop.java:496)
	at io.netty.util.concurrent.SingleThreadEventExecutor$4.run(SingleThreadEventExecutor.java:986)
	at io.netty.util.internal.ThreadExecutorMap$2.run(ThreadExecutorMap.java:74)
	at io.netty.util.concurrent.FastThreadLocalRunnable.run(FastThreadLocalRunnable.java:30)
	at java.base/java.lang.Thread.run(Thread.java:829)
20:00:19.418 [AsyncHttpClient-1-7] DEBUG org.asynchttpclient.netty.channel.ChannelManager - Closing Channel [id: 0x646802cb, L:/127.0.0.1:51168 - R:localhost/127.0.0.1:51162] 
20:00:19.418 [AsyncHttpClient-1-7] DEBUG org.asynchttpclient.netty.handler.HttpHandler - Channel Closed: [id: 0x646802cb, L:/127.0.0.1:51168 ! R:localhost/127.0.0.1:51162] with attribute DISCARD
20:00:19.513 [AsyncHttpClient-1-6] DEBUG org.asynchttpclient.netty.handler.HttpHandler - 

Request DefaultFullHttpRequest(decodeResult: success, version: HTTP/1.1, content: EmptyByteBufBE)
DELETE /session/32de8b571a9e4b1eda26c30fc740b3f0 HTTP/1.1
User-Agent: selenium/4.1.4 (java windows)
Content-Type: application/json; charset=utf-8
host: localhost:58094
accept: */*

Response DefaultHttpResponse(decodeResult: success, version: HTTP/1.1)
HTTP/1.1 200 OK
Content-Type: application/json; charset=utf-8
cache-control: no-cache
content-length: 14

20:00:19.513 [AsyncHttpClient-1-6] DEBUG org.asynchttpclient.netty.channel.ChannelManager - Adding key: http://localhost:58094 for channel [id: 0x8dc6a853, L:/127.0.0.1:51161 - R:localhost/127.0.0.1:58094]
20:00:19.588 [AsyncHttpClient-1-6] DEBUG org.asynchttpclient.netty.handler.HttpHandler - Channel Closed: [id: 0x8dc6a853, L:/127.0.0.1:51161 ! R:localhost/127.0.0.1:58094] with attribute DISCARD
20:00:19.651 [main] INFO  - 
  _____   ___   ___   _____     ___     _     ___   ___   ___   ___  
 |_   _| | __| / __| |_   _|   | _ \   /_\   / __| / __| | __| |   \ 
   | |   | _|  \__ \   | |     |  _/  / _ \  \__ \ \__ \ | _|  | |) |
   |_|   |___| |___/   |_|     |_|   /_/ \_\ |___/ |___/ |___| |___/ 

As a admin i want to Add Manage Schedule Rawat Biasa
----------------------------------------------------------------------
]]></system-out>
    <system-err><![CDATA[Starting ChromeDriver 103.0.5060.53 (a1711811edd74ff1cf2150f36ffa3b0dae40b17f-refs/branch-heads/5060@{#853}) on port 58094
Only local connections are allowed.
Please see https://chromedriver.chromium.org/security-considerations for suggestions on keeping ChromeDriver safe.
ChromeDriver was started successfully.
Jul 17, 2022 7:59:27 PM org.openqa.selenium.remote.ProtocolHandshake createSession
INFO: Detected dialect: W3C
Jul 17, 2022 7:59:27 PM org.openqa.selenium.devtools.CdpVersionFinder findNearestMatch
WARNING: Unable to find an exact match for CDP version 103, so returning the closest version found: 101
Jul 17, 2022 7:59:27 PM org.openqa.selenium.devtools.CdpVersionFinder findNearestMatch
INFO: Found CDP implementation for version 103 of 101
]]></system-err>
  </testcase>
  <testcase name="As a admin i want to Add Manage Schedule Rawat Biasa - tidak ada tanggal" classname="Kelola jadwal - admin" time="40.699">
    <system-out><![CDATA[
@KelolaJadwal111 @AddKelolaJadwalRawatBiasaNoTanggal
Scenario Outline: As a admin i want to Add Manage Schedule Rawat Biasa - tidak ada tanggal &amp#27;[90m# src/test/resources/features/5KelolaJadwal.feature:92&amp#27;[0m
20:00:19.701 [main] INFO io.cucumber.core.plugin.SerenityReporter - Running feature from file:///C:/Alterra/CapstoneBaru/QE/TestingWebUpdate/src/test/resources/features/5KelolaJadwal.feature
20:00:19.706 [main] INFO  - 
  _____   ___   ___   _____     ___   _____     _     ___   _____   ___   ___  
 |_   _| | __| / __| |_   _|   / __| |_   _|   /_\   | _ \ |_   _| | __| |   \ 
   | |   | _|  \__ \   | |     \__ \   | |    / _ \  |   /   | |   | _|  | |) |
   |_|   |___| |___/   |_|     |___/   |_|   /_/ \_\ |_|_\   |_|   |___| |___/ 

As a admin i want to Add Manage Schedule Rawat Biasa - tidak ada tanggal(kelola-jadwal---admin;as-a-admin-i-want-to-add-manage-schedule-rawat-biasa---tidak-ada-tanggal)
--------------------------------------------------------------------------------
20:00:19.817 [AsyncHttpClient-1-1] DEBUG org.asynchttpclient.netty.channel.DefaultChannelPool - Entry count for : http://localhost:51162 : 1
20:00:19.817 [AsyncHttpClient-1-1] DEBUG org.asynchttpclient.netty.channel.DefaultChannelPool - Entry count for : http://localhost:58094 : 1
20:00:19.817 [AsyncHttpClient-1-1] DEBUG org.asynchttpclient.netty.channel.DefaultChannelPool - Adding Candidate expired Channel [id: 0x646802cb, L:/127.0.0.1:51168 ! R:localhost/127.0.0.1:51162] isIdleTimeoutExpired=false isRemotelyClosed=true isTtlExpired=false
20:00:19.817 [AsyncHttpClient-1-1] DEBUG org.asynchttpclient.netty.channel.DefaultChannelPool - Closing Idle Channel [id: 0x646802cb, L:/127.0.0.1:51168 ! R:localhost/127.0.0.1:51162]
20:00:19.817 [AsyncHttpClient-1-1] DEBUG org.asynchttpclient.netty.channel.DefaultChannelPool - Adding Candidate expired Channel [id: 0x8dc6a853, L:/127.0.0.1:51161 ! R:localhost/127.0.0.1:58094] isIdleTimeoutExpired=false isRemotelyClosed=true isTtlExpired=false
20:00:19.817 [AsyncHttpClient-1-1] DEBUG org.asynchttpclient.netty.channel.DefaultChannelPool - Closing Idle Channel [id: 0x8dc6a853, L:/127.0.0.1:51161 ! R:localhost/127.0.0.1:58094]
20:00:19.817 [AsyncHttpClient-1-1] DEBUG org.asynchttpclient.netty.channel.DefaultChannelPool - Closed 2 connections out of 2 in 0 ms
20:00:19.820 [main] DEBUG net.thucydides.core.steps.StepInterceptor - STARTING STEP: LoginSteps.openLoginPage - openLogin
20:00:19.820 [main] INFO net.serenitybdd.core.webdriver.driverproviders.ChromeDriverProvider - Using automatically driver download
20:00:20.056 [main] DEBUG io.github.bonigarcia.wdm.cache.ResolutionCache - Resolution chrome=103 in cache (valid until 20:05:23 17/07/2022 ICT)
20:00:20.056 [main] DEBUG io.github.bonigarcia.wdm.cache.ResolutionCache - Resolution chrome103=103.0.5060.53 in cache (valid until 17:54:33 18/07/2022 ICT)
20:00:20.073 [main] INFO io.github.bonigarcia.wdm.WebDriverManager - Using chromedriver 103.0.5060.53 (resolved driver for Chrome 103)
20:00:20.074 [main] DEBUG io.github.bonigarcia.wdm.WebDriverManager - Driver chromedriver 103.0.5060.53 found in cache
20:00:20.089 [main] INFO io.github.bonigarcia.wdm.WebDriverManager - Exporting webdriver.chrome.driver as C:\Users\Bagas Dwi Saputra\.cache\selenium\chromedriver\win32\103.0.5060.53\chromedriver.exe
20:00:20.296 [main] DEBUG net.serenitybdd.core.webdriver.driverproviders.ProvideNewDriver - Instantiating driver
20:00:20.296 [main] DEBUG net.serenitybdd.core.webdriver.driverproviders.ProvideNewDriver - Driver capabilities: Capabilities {acceptInsecureCerts: false, base.url: https://fanciful-trifle-360..., browserName: chrome, chorme.driver: src/test/resources/webdrive..., driver: chrome, goog:chromeOptions: {args: [], extensions: []}}
20:00:20.426 [AsyncHttpClient-1-9] DEBUG org.asynchttpclient.netty.channel.NettyConnectListener - Using new Channel '[id: 0x315f677c, L:/127.0.0.1:51187 - R:localhost/127.0.0.1:55294]' for 'POST' to '/session'
20:00:21.204 [AsyncHttpClient-1-9] DEBUG org.asynchttpclient.netty.handler.HttpHandler - 

Request DefaultHttpRequest(decodeResult: success, version: HTTP/1.1)
POST /session HTTP/1.1
User-Agent: selenium/4.1.4 (java windows)
Content-Length: 629
Content-Type: application/json; charset=utf-8
host: localhost:55294
accept: */*

Response DefaultHttpResponse(decodeResult: success, version: HTTP/1.1)
HTTP/1.1 200 OK
Content-Type: application/json; charset=utf-8
cache-control: no-cache
content-length: 794

20:00:21.206 [AsyncHttpClient-1-9] DEBUG org.asynchttpclient.netty.channel.ChannelManager - Adding key: http://localhost:55294 for channel [id: 0x315f677c, L:/127.0.0.1:51187 - R:localhost/127.0.0.1:55294]
20:00:21.222 [AsyncHttpClient-1-2] DEBUG org.asynchttpclient.netty.channel.NettyConnectListener - Using new Channel '[id: 0x95182eac, L:/127.0.0.1:51194 - R:localhost/127.0.0.1:51188]' for 'GET' to '/json/version'
20:00:21.223 [AsyncHttpClient-1-2] DEBUG org.asynchttpclient.netty.handler.HttpHandler - 

Request DefaultFullHttpRequest(decodeResult: success, version: HTTP/1.1, content: EmptyByteBufBE)
GET /json/version HTTP/1.1
User-Agent: selenium/4.1.4 (java windows)
host: localhost:51188
accept: */*

Response DefaultHttpResponse(decodeResult: success, version: HTTP/1.1)
HTTP/1.1 200 OK
Content-Type: application/json; charset=UTF-8
content-length: 429

20:00:21.223 [AsyncHttpClient-1-2] DEBUG org.asynchttpclient.netty.channel.ChannelManager - Adding key: http://localhost:51188 for channel [id: 0x95182eac, L:/127.0.0.1:51194 - R:localhost/127.0.0.1:51188]
20:00:21.230 [AsyncHttpClient-1-3] DEBUG org.asynchttpclient.netty.channel.NettyConnectListener - Using new Channel '[id: 0x907ac062, L:/127.0.0.1:51195 - R:localhost/127.0.0.1:51188]' for 'GET' to '/devtools/browser/a755dc64-55ba-47b9-be63-df037d916390'
20:00:21.233 [AsyncHttpClient-1-3] DEBUG org.asynchttpclient.netty.handler.WebSocketHandler - 

Request DefaultFullHttpRequest(decodeResult: success, version: HTTP/1.1, content: EmptyByteBufBE)
GET /devtools/browser/a755dc64-55ba-47b9-be63-df037d916390 HTTP/1.1
upgrade: websocket
connection: upgrade
sec-websocket-key: z6O/Ydwdw72lexSgFSXFbw==
sec-websocket-version: 13
origin: http://localhost:51188
host: localhost:51188
accept: */*
user-agent: AHC/2.1

Response DefaultHttpResponse(decodeResult: success, version: HTTP/1.1)
HTTP/1.1 101 WebSocket Protocol Handshake
Upgrade: WebSocket
Connection: Upgrade
Sec-WebSocket-Accept: KEFz/Amp5DDbms+I6LnEGSTvqF8=

20:00:21.237 [Forwarding get on session 06f0c06f818f8672f750c1023e918686 to remote] DEBUG org.asynchttpclient.netty.request.NettyRequestSender - Using pooled Channel '[id: 0x315f677c, L:/127.0.0.1:51187 - R:localhost/127.0.0.1:55294]' for 'POST' to 'http://localhost:55294/session/06f0c06f818f8672f750c1023e918686/url'
20:00:21.237 [Forwarding get on session 06f0c06f818f8672f750c1023e918686 to remote] DEBUG org.asynchttpclient.netty.request.NettyRequestSender - Using open Channel [id: 0x315f677c, L:/127.0.0.1:51187 - R:localhost/127.0.0.1:55294] for POST '/session/06f0c06f818f8672f750c1023e918686/url'
20:00:22.019 [AsyncHttpClient-1-1] DEBUG org.asynchttpclient.netty.channel.DefaultChannelPool - Entry count for : http://localhost:51188 : 1
20:00:22.078 [AsyncHttpClient-1-9] DEBUG org.asynchttpclient.netty.handler.HttpHandler - 

Request DefaultHttpRequest(decodeResult: success, version: HTTP/1.1)
POST /session/06f0c06f818f8672f750c1023e918686/url HTTP/1.1
User-Agent: selenium/4.1.4 (java windows)
Content-Length: 78
Content-Type: application/json; charset=utf-8
host: localhost:55294
accept: */*

Response DefaultHttpResponse(decodeResult: success, version: HTTP/1.1)
HTTP/1.1 200 OK
Content-Type: application/json; charset=utf-8
cache-control: no-cache
content-length: 14

20:00:22.078 [AsyncHttpClient-1-9] DEBUG org.asynchttpclient.netty.channel.ChannelManager - Adding key: http://localhost:55294 for channel [id: 0x315f677c, L:/127.0.0.1:51187 - R:localhost/127.0.0.1:55294]
20:00:22.079 [Forwarding setTimeout on session 06f0c06f818f8672f750c1023e918686 to remote] DEBUG org.asynchttpclient.netty.request.NettyRequestSender - Using pooled Channel '[id: 0x315f677c, L:/127.0.0.1:51187 - R:localhost/127.0.0.1:55294]' for 'POST' to 'http://localhost:55294/session/06f0c06f818f8672f750c1023e918686/timeouts'
20:00:22.079 [Forwarding setTimeout on session 06f0c06f818f8672f750c1023e918686 to remote] DEBUG org.asynchttpclient.netty.request.NettyRequestSender - Using open Channel [id: 0x315f677c, L:/127.0.0.1:51187 - R:localhost/127.0.0.1:55294] for POST '/session/06f0c06f818f8672f750c1023e918686/timeouts'
20:00:22.080 [AsyncHttpClient-1-9] DEBUG org.asynchttpclient.netty.handler.HttpHandler - 

Request DefaultHttpRequest(decodeResult: success, version: HTTP/1.1)
POST /session/06f0c06f818f8672f750c1023e918686/timeouts HTTP/1.1
User-Agent: selenium/4.1.4 (java windows)
Content-Length: 22
Content-Type: application/json; charset=utf-8
host: localhost:55294
accept: */*

Response DefaultHttpResponse(decodeResult: success, version: HTTP/1.1)
HTTP/1.1 200 OK
Content-Type: application/json; charset=utf-8
cache-control: no-cache
content-length: 14

20:00:22.080 [AsyncHttpClient-1-9] DEBUG org.asynchttpclient.netty.channel.ChannelManager - Adding key: http://localhost:55294 for channel [id: 0x315f677c, L:/127.0.0.1:51187 - R:localhost/127.0.0.1:55294]
20:00:22.081 [Forwarding getCurrentUrl on session 06f0c06f818f8672f750c1023e918686 to remote] DEBUG org.asynchttpclient.netty.request.NettyRequestSender - Using pooled Channel '[id: 0x315f677c, L:/127.0.0.1:51187 - R:localhost/127.0.0.1:55294]' for 'GET' to 'http://localhost:55294/session/06f0c06f818f8672f750c1023e918686/url'
20:00:22.081 [Forwarding getCurrentUrl on session 06f0c06f818f8672f750c1023e918686 to remote] DEBUG org.asynchttpclient.netty.request.NettyRequestSender - Using open Channel [id: 0x315f677c, L:/127.0.0.1:51187 - R:localhost/127.0.0.1:55294] for GET '/session/06f0c06f818f8672f750c1023e918686/url'
20:00:22.081 [AsyncHttpClient-1-9] DEBUG org.asynchttpclient.netty.handler.HttpHandler - 

Request DefaultFullHttpRequest(decodeResult: success, version: HTTP/1.1, content: EmptyByteBufBE)
GET /session/06f0c06f818f8672f750c1023e918686/url HTTP/1.1
User-Agent: selenium/4.1.4 (java windows)
Cache-Control: no-cache
Content-Type: application/json; charset=utf-8
host: localhost:55294
accept: */*

Response DefaultHttpResponse(decodeResult: success, version: HTTP/1.1)
HTTP/1.1 200 OK
Content-Type: application/json; charset=utf-8
cache-control: no-cache
content-length: 60

20:00:22.081 [AsyncHttpClient-1-9] DEBUG org.asynchttpclient.netty.channel.ChannelManager - Adding key: http://localhost:55294 for channel [id: 0x315f677c, L:/127.0.0.1:51187 - R:localhost/127.0.0.1:55294]
20:00:22.100 [Forwarding screenshot on session 06f0c06f818f8672f750c1023e918686 to remote] DEBUG org.asynchttpclient.netty.request.NettyRequestSender - Using pooled Channel '[id: 0x315f677c, L:/127.0.0.1:51187 - R:localhost/127.0.0.1:55294]' for 'GET' to 'http://localhost:55294/session/06f0c06f818f8672f750c1023e918686/screenshot'
20:00:22.101 [Forwarding screenshot on session 06f0c06f818f8672f750c1023e918686 to remote] DEBUG org.asynchttpclient.netty.request.NettyRequestSender - Using open Channel [id: 0x315f677c, L:/127.0.0.1:51187 - R:localhost/127.0.0.1:55294] for GET '/session/06f0c06f818f8672f750c1023e918686/screenshot'
20:00:22.546 [AsyncHttpClient-1-9] DEBUG org.asynchttpclient.netty.handler.HttpHandler - 

Request DefaultFullHttpRequest(decodeResult: success, version: HTTP/1.1, content: EmptyByteBufBE)
GET /session/06f0c06f818f8672f750c1023e918686/screenshot HTTP/1.1
User-Agent: selenium/4.1.4 (java windows)
Cache-Control: no-cache
Content-Type: application/json; charset=utf-8
host: localhost:55294
accept: */*

Response DefaultHttpResponse(decodeResult: success, version: HTTP/1.1)
HTTP/1.1 200 OK
Content-Type: application/json; charset=utf-8
cache-control: no-cache
content-length: 380436

20:00:22.546 [AsyncHttpClient-1-9] DEBUG org.asynchttpclient.netty.channel.ChannelManager - Adding key: http://localhost:55294 for channel [id: 0x315f677c, L:/127.0.0.1:51187 - R:localhost/127.0.0.1:55294]
20:00:22.570 [main] DEBUG net.serenitybdd.core.photography.Darkroom - Send negative for processing for target\site\serenity\d122c364c40ece9db0ad32cd97c3fcf63e95ba606118dda8d3e5a1d2b8235ce2.png
20:00:22.570 [main] DEBUG net.thucydides.core.steps.StepInterceptor - STEP DONE: openLogin
  &amp#27;[32mGiven &amp#27;[0m&amp#27;[32mOpen login page&amp#27;[0m                                                                    &amp#27;[90m# starter.stepdefinitios.LoginSteps.openLoginPage()&amp#27;[0m
20:00:23.098 [Forwarding findElement on session 06f0c06f818f8672f750c1023e918686 to remote] DEBUG org.asynchttpclient.netty.request.NettyRequestSender - Using pooled Channel '[id: 0x315f677c, L:/127.0.0.1:51187 - R:localhost/127.0.0.1:55294]' for 'POST' to 'http://localhost:55294/session/06f0c06f818f8672f750c1023e918686/element'
20:00:23.098 [Forwarding findElement on session 06f0c06f818f8672f750c1023e918686 to remote] DEBUG org.asynchttpclient.netty.request.NettyRequestSender - Using open Channel [id: 0x315f677c, L:/127.0.0.1:51187 - R:localhost/127.0.0.1:55294] for POST '/session/06f0c06f818f8672f750c1023e918686/element'
20:00:23.113 [AsyncHttpClient-1-1] DEBUG org.asynchttpclient.netty.channel.DefaultChannelPool - Entry count for : http://localhost:51188 : 1
20:00:23.132 [AsyncHttpClient-1-9] DEBUG org.asynchttpclient.netty.handler.HttpHandler - 

Request DefaultHttpRequest(decodeResult: success, version: HTTP/1.1)
POST /session/06f0c06f818f8672f750c1023e918686/element HTTP/1.1
User-Agent: selenium/4.1.4 (java windows)
Content-Length: 70
Content-Type: application/json; charset=utf-8
host: localhost:55294
accept: */*

Response DefaultHttpResponse(decodeResult: success, version: HTTP/1.1)
HTTP/1.1 200 OK
Content-Type: application/json; charset=utf-8
cache-control: no-cache
content-length: 88

20:00:23.132 [AsyncHttpClient-1-9] DEBUG org.asynchttpclient.netty.channel.ChannelManager - Adding key: http://localhost:55294 for channel [id: 0x315f677c, L:/127.0.0.1:51187 - R:localhost/127.0.0.1:55294]
20:00:23.132 [Forwarding sendKeysToElement on session 06f0c06f818f8672f750c1023e918686 to remote] DEBUG org.asynchttpclient.netty.request.NettyRequestSender - Using pooled Channel '[id: 0x315f677c, L:/127.0.0.1:51187 - R:localhost/127.0.0.1:55294]' for 'POST' to 'http://localhost:55294/session/06f0c06f818f8672f750c1023e918686/element/82574644-1ef4-405d-842c-b3adf07435d6/value'
20:00:23.132 [Forwarding sendKeysToElement on session 06f0c06f818f8672f750c1023e918686 to remote] DEBUG org.asynchttpclient.netty.request.NettyRequestSender - Using open Channel [id: 0x315f677c, L:/127.0.0.1:51187 - R:localhost/127.0.0.1:55294] for POST '/session/06f0c06f818f8672f750c1023e918686/element/82574644-1ef4-405d-842c-b3adf07435d6/value'
20:00:23.286 [AsyncHttpClient-1-9] DEBUG org.asynchttpclient.netty.handler.HttpHandler - 

Request DefaultHttpRequest(decodeResult: success, version: HTTP/1.1)
POST /session/06f0c06f818f8672f750c1023e918686/element/82574644-1ef4-405d-842c-b3adf07435d6/value HTTP/1.1
User-Agent: selenium/4.1.4 (java windows)
Content-Length: 131
Content-Type: application/json; charset=utf-8
host: localhost:55294
accept: */*

Response DefaultHttpResponse(decodeResult: success, version: HTTP/1.1)
HTTP/1.1 200 OK
Content-Type: application/json; charset=utf-8
cache-control: no-cache
content-length: 14

20:00:23.286 [AsyncHttpClient-1-9] DEBUG org.asynchttpclient.netty.channel.ChannelManager - Adding key: http://localhost:55294 for channel [id: 0x315f677c, L:/127.0.0.1:51187 - R:localhost/127.0.0.1:55294]
  &amp#27;[32mAnd &amp#27;[0m&amp#27;[32mI input &amp#27;[0m&amp#27;[32m&amp#27;[1m"admin"&amp#27;[0m&amp#27;[32m login email valid&amp#27;[0m                                                    &amp#27;[90m# starter.stepdefinitios.LoginSteps.iInputLoginEmailValid(java.lang.String)&amp#27;[0m
20:00:23.294 [Forwarding screenshot on session 06f0c06f818f8672f750c1023e918686 to remote] DEBUG org.asynchttpclient.netty.request.NettyRequestSender - Using pooled Channel '[id: 0x315f677c, L:/127.0.0.1:51187 - R:localhost/127.0.0.1:55294]' for 'GET' to 'http://localhost:55294/session/06f0c06f818f8672f750c1023e918686/screenshot'
20:00:23.294 [Forwarding screenshot on session 06f0c06f818f8672f750c1023e918686 to remote] DEBUG org.asynchttpclient.netty.request.NettyRequestSender - Using open Channel [id: 0x315f677c, L:/127.0.0.1:51187 - R:localhost/127.0.0.1:55294] for GET '/session/06f0c06f818f8672f750c1023e918686/screenshot'
20:00:23.548 [AsyncHttpClient-1-9] DEBUG org.asynchttpclient.netty.handler.HttpHandler - 

Request DefaultFullHttpRequest(decodeResult: success, version: HTTP/1.1, content: EmptyByteBufBE)
GET /session/06f0c06f818f8672f750c1023e918686/screenshot HTTP/1.1
User-Agent: selenium/4.1.4 (java windows)
Cache-Control: no-cache
Content-Type: application/json; charset=utf-8
host: localhost:55294
accept: */*

Response DefaultHttpResponse(decodeResult: success, version: HTTP/1.1)
HTTP/1.1 200 OK
Content-Type: application/json; charset=utf-8
cache-control: no-cache
content-length: 379420

20:00:23.548 [AsyncHttpClient-1-9] DEBUG org.asynchttpclient.netty.channel.ChannelManager - Adding key: http://localhost:55294 for channel [id: 0x315f677c, L:/127.0.0.1:51187 - R:localhost/127.0.0.1:55294]
20:00:23.565 [main] DEBUG net.serenitybdd.core.photography.Darkroom - Send negative for processing for target\site\serenity\93df20195d3751dea78ac30a105f84d37c410e0341f58ded6fb231b5b47402e6.png
20:00:24.089 [Forwarding screenshot on session 06f0c06f818f8672f750c1023e918686 to remote] DEBUG org.asynchttpclient.netty.request.NettyRequestSender - Using pooled Channel '[id: 0x315f677c, L:/127.0.0.1:51187 - R:localhost/127.0.0.1:55294]' for 'GET' to 'http://localhost:55294/session/06f0c06f818f8672f750c1023e918686/screenshot'
20:00:24.089 [Forwarding screenshot on session 06f0c06f818f8672f750c1023e918686 to remote] DEBUG org.asynchttpclient.netty.request.NettyRequestSender - Using open Channel [id: 0x315f677c, L:/127.0.0.1:51187 - R:localhost/127.0.0.1:55294] for GET '/session/06f0c06f818f8672f750c1023e918686/screenshot'
20:00:24.210 [AsyncHttpClient-1-1] DEBUG org.asynchttpclient.netty.channel.DefaultChannelPool - Entry count for : http://localhost:51188 : 1
20:00:24.468 [AsyncHttpClient-1-9] DEBUG org.asynchttpclient.netty.handler.HttpHandler - 

Request DefaultFullHttpRequest(decodeResult: success, version: HTTP/1.1, content: EmptyByteBufBE)
GET /session/06f0c06f818f8672f750c1023e918686/screenshot HTTP/1.1
User-Agent: selenium/4.1.4 (java windows)
Cache-Control: no-cache
Content-Type: application/json; charset=utf-8
host: localhost:55294
accept: */*

Response DefaultHttpResponse(decodeResult: success, version: HTTP/1.1)
HTTP/1.1 200 OK
Content-Type: application/json; charset=utf-8
cache-control: no-cache
content-length: 379404

20:00:24.470 [AsyncHttpClient-1-9] DEBUG org.asynchttpclient.netty.channel.ChannelManager - Adding key: http://localhost:55294 for channel [id: 0x315f677c, L:/127.0.0.1:51187 - R:localhost/127.0.0.1:55294]
20:00:24.496 [main] DEBUG net.serenitybdd.core.photography.Darkroom - Send negative for processing for target\site\serenity\f684e1524ced0278b0b6c6b37709a7cbfb8281aeb576b04a4743fda17448b798.png
20:00:24.497 [main] DEBUG net.thucydides.core.steps.StepInterceptor - STARTING STEP: LoginSteps.iInputLoginPasswordValid - inputPasswordLogin
20:00:24.499 [Forwarding findElement on session 06f0c06f818f8672f750c1023e918686 to remote] DEBUG org.asynchttpclient.netty.request.NettyRequestSender - Using pooled Channel '[id: 0x315f677c, L:/127.0.0.1:51187 - R:localhost/127.0.0.1:55294]' for 'POST' to 'http://localhost:55294/session/06f0c06f818f8672f750c1023e918686/element'
20:00:24.499 [Forwarding findElement on session 06f0c06f818f8672f750c1023e918686 to remote] DEBUG org.asynchttpclient.netty.request.NettyRequestSender - Using open Channel [id: 0x315f677c, L:/127.0.0.1:51187 - R:localhost/127.0.0.1:55294] for POST '/session/06f0c06f818f8672f750c1023e918686/element'
20:00:24.531 [AsyncHttpClient-1-9] DEBUG org.asynchttpclient.netty.handler.HttpHandler - 

Request DefaultHttpRequest(decodeResult: success, version: HTTP/1.1)
POST /session/06f0c06f818f8672f750c1023e918686/element HTTP/1.1
User-Agent: selenium/4.1.4 (java windows)
Content-Length: 70
Content-Type: application/json; charset=utf-8
host: localhost:55294
accept: */*

Response DefaultHttpResponse(decodeResult: success, version: HTTP/1.1)
HTTP/1.1 200 OK
Content-Type: application/json; charset=utf-8
cache-control: no-cache
content-length: 88

20:00:24.531 [AsyncHttpClient-1-9] DEBUG org.asynchttpclient.netty.channel.ChannelManager - Adding key: http://localhost:55294 for channel [id: 0x315f677c, L:/127.0.0.1:51187 - R:localhost/127.0.0.1:55294]
20:00:24.533 [Forwarding sendKeysToElement on session 06f0c06f818f8672f750c1023e918686 to remote] DEBUG org.asynchttpclient.netty.request.NettyRequestSender - Using pooled Channel '[id: 0x315f677c, L:/127.0.0.1:51187 - R:localhost/127.0.0.1:55294]' for 'POST' to 'http://localhost:55294/session/06f0c06f818f8672f750c1023e918686/element/528583bf-bfed-4053-953b-0aec53fa6954/value'
20:00:24.533 [Forwarding sendKeysToElement on session 06f0c06f818f8672f750c1023e918686 to remote] DEBUG org.asynchttpclient.netty.request.NettyRequestSender - Using open Channel [id: 0x315f677c, L:/127.0.0.1:51187 - R:localhost/127.0.0.1:55294] for POST '/session/06f0c06f818f8672f750c1023e918686/element/528583bf-bfed-4053-953b-0aec53fa6954/value'
20:00:24.652 [AsyncHttpClient-1-9] DEBUG org.asynchttpclient.netty.handler.HttpHandler - 

Request DefaultHttpRequest(decodeResult: success, version: HTTP/1.1)
POST /session/06f0c06f818f8672f750c1023e918686/element/528583bf-bfed-4053-953b-0aec53fa6954/value HTTP/1.1
User-Agent: selenium/4.1.4 (java windows)
Content-Length: 161
Content-Type: application/json; charset=utf-8
host: localhost:55294
accept: */*

Response DefaultHttpResponse(decodeResult: success, version: HTTP/1.1)
HTTP/1.1 200 OK
Content-Type: application/json; charset=utf-8
cache-control: no-cache
content-length: 14

20:00:24.652 [AsyncHttpClient-1-9] DEBUG org.asynchttpclient.netty.channel.ChannelManager - Adding key: http://localhost:55294 for channel [id: 0x315f677c, L:/127.0.0.1:51187 - R:localhost/127.0.0.1:55294]
20:00:24.654 [Forwarding screenshot on session 06f0c06f818f8672f750c1023e918686 to remote] DEBUG org.asynchttpclient.netty.request.NettyRequestSender - Using pooled Channel '[id: 0x315f677c, L:/127.0.0.1:51187 - R:localhost/127.0.0.1:55294]' for 'GET' to 'http://localhost:55294/session/06f0c06f818f8672f750c1023e918686/screenshot'
20:00:24.654 [Forwarding screenshot on session 06f0c06f818f8672f750c1023e918686 to remote] DEBUG org.asynchttpclient.netty.request.NettyRequestSender - Using open Channel [id: 0x315f677c, L:/127.0.0.1:51187 - R:localhost/127.0.0.1:55294] for GET '/session/06f0c06f818f8672f750c1023e918686/screenshot'
20:00:24.929 [AsyncHttpClient-1-9] DEBUG org.asynchttpclient.netty.handler.HttpHandler - 

Request DefaultFullHttpRequest(decodeResult: success, version: HTTP/1.1, content: EmptyByteBufBE)
GET /session/06f0c06f818f8672f750c1023e918686/screenshot HTTP/1.1
User-Agent: selenium/4.1.4 (java windows)
Cache-Control: no-cache
Content-Type: application/json; charset=utf-8
host: localhost:55294
accept: */*

Response DefaultHttpResponse(decodeResult: success, version: HTTP/1.1)
HTTP/1.1 200 OK
Content-Type: application/json; charset=utf-8
cache-control: no-cache
content-length: 377580

20:00:24.929 [AsyncHttpClient-1-9] DEBUG org.asynchttpclient.netty.channel.ChannelManager - Adding key: http://localhost:55294 for channel [id: 0x315f677c, L:/127.0.0.1:51187 - R:localhost/127.0.0.1:55294]
20:00:24.945 [main] DEBUG net.serenitybdd.core.photography.Darkroom - Send negative for processing for target\site\serenity\44fa0aa493cf3a3837a7fab79c30bded8f584eda85d2cfd055a7ef5b4e3f0a4a.png
20:00:24.945 [main] DEBUG net.thucydides.core.steps.StepInterceptor - STEP DONE: inputPasswordLogin
  &amp#27;[32mAnd &amp#27;[0m&amp#27;[32mI input &amp#27;[0m&amp#27;[32m&amp#27;[1m"admin123"&amp#27;[0m&amp#27;[32m login password valid&amp#27;[0m                                              &amp#27;[90m# starter.stepdefinitios.LoginSteps.iInputLoginPasswordValid(java.lang.String)&amp#27;[0m
20:00:24.963 [main] DEBUG net.thucydides.core.steps.StepInterceptor - STARTING STEP: LoginSteps.iClickButtonLogin - clickButtonLogin
20:00:24.963 [Forwarding findElement on session 06f0c06f818f8672f750c1023e918686 to remote] DEBUG org.asynchttpclient.netty.request.NettyRequestSender - Using pooled Channel '[id: 0x315f677c, L:/127.0.0.1:51187 - R:localhost/127.0.0.1:55294]' for 'POST' to 'http://localhost:55294/session/06f0c06f818f8672f750c1023e918686/element'
20:00:24.963 [Forwarding findElement on session 06f0c06f818f8672f750c1023e918686 to remote] DEBUG org.asynchttpclient.netty.request.NettyRequestSender - Using open Channel [id: 0x315f677c, L:/127.0.0.1:51187 - R:localhost/127.0.0.1:55294] for POST '/session/06f0c06f818f8672f750c1023e918686/element'
20:00:24.982 [AsyncHttpClient-1-9] DEBUG org.asynchttpclient.netty.handler.HttpHandler - 

Request DefaultHttpRequest(decodeResult: success, version: HTTP/1.1)
POST /session/06f0c06f818f8672f750c1023e918686/element HTTP/1.1
User-Agent: selenium/4.1.4 (java windows)
Content-Length: 68
Content-Type: application/json; charset=utf-8
host: localhost:55294
accept: */*

Response DefaultHttpResponse(decodeResult: success, version: HTTP/1.1)
HTTP/1.1 200 OK
Content-Type: application/json; charset=utf-8
cache-control: no-cache
content-length: 88

20:00:24.982 [AsyncHttpClient-1-9] DEBUG org.asynchttpclient.netty.channel.ChannelManager - Adding key: http://localhost:55294 for channel [id: 0x315f677c, L:/127.0.0.1:51187 - R:localhost/127.0.0.1:55294]
20:00:24.982 [Forwarding getElementTagName on session 06f0c06f818f8672f750c1023e918686 to remote] DEBUG org.asynchttpclient.netty.request.NettyRequestSender - Using pooled Channel '[id: 0x315f677c, L:/127.0.0.1:51187 - R:localhost/127.0.0.1:55294]' for 'GET' to 'http://localhost:55294/session/06f0c06f818f8672f750c1023e918686/element/c97babc1-2893-4cba-bb71-56dd02d3cac6/name'
20:00:24.982 [Forwarding getElementTagName on session 06f0c06f818f8672f750c1023e918686 to remote] DEBUG org.asynchttpclient.netty.request.NettyRequestSender - Using open Channel [id: 0x315f677c, L:/127.0.0.1:51187 - R:localhost/127.0.0.1:55294] for GET '/session/06f0c06f818f8672f750c1023e918686/element/c97babc1-2893-4cba-bb71-56dd02d3cac6/name'
20:00:24.989 [AsyncHttpClient-1-9] DEBUG org.asynchttpclient.netty.handler.HttpHandler - 

Request DefaultFullHttpRequest(decodeResult: success, version: HTTP/1.1, content: EmptyByteBufBE)
GET /session/06f0c06f818f8672f750c1023e918686/element/c97babc1-2893-4cba-bb71-56dd02d3cac6/name HTTP/1.1
User-Agent: selenium/4.1.4 (java windows)
Cache-Control: no-cache
Content-Type: application/json; charset=utf-8
host: localhost:55294
accept: */*

Response DefaultHttpResponse(decodeResult: success, version: HTTP/1.1)
HTTP/1.1 200 OK
Content-Type: application/json; charset=utf-8
cache-control: no-cache
content-length: 18

20:00:24.989 [AsyncHttpClient-1-9] DEBUG org.asynchttpclient.netty.channel.ChannelManager - Adding key: http://localhost:55294 for channel [id: 0x315f677c, L:/127.0.0.1:51187 - R:localhost/127.0.0.1:55294]
20:00:24.990 [Forwarding getElementTagName on session 06f0c06f818f8672f750c1023e918686 to remote] DEBUG org.asynchttpclient.netty.request.NettyRequestSender - Using pooled Channel '[id: 0x315f677c, L:/127.0.0.1:51187 - R:localhost/127.0.0.1:55294]' for 'GET' to 'http://localhost:55294/session/06f0c06f818f8672f750c1023e918686/element/c97babc1-2893-4cba-bb71-56dd02d3cac6/name'
20:00:24.990 [Forwarding getElementTagName on session 06f0c06f818f8672f750c1023e918686 to remote] DEBUG org.asynchttpclient.netty.request.NettyRequestSender - Using open Channel [id: 0x315f677c, L:/127.0.0.1:51187 - R:localhost/127.0.0.1:55294] for GET '/session/06f0c06f818f8672f750c1023e918686/element/c97babc1-2893-4cba-bb71-56dd02d3cac6/name'
20:00:24.993 [AsyncHttpClient-1-9] DEBUG org.asynchttpclient.netty.handler.HttpHandler - 

Request DefaultFullHttpRequest(decodeResult: success, version: HTTP/1.1, content: EmptyByteBufBE)
GET /session/06f0c06f818f8672f750c1023e918686/element/c97babc1-2893-4cba-bb71-56dd02d3cac6/name HTTP/1.1
User-Agent: selenium/4.1.4 (java windows)
Cache-Control: no-cache
Content-Type: application/json; charset=utf-8
host: localhost:55294
accept: */*

Response DefaultHttpResponse(decodeResult: success, version: HTTP/1.1)
HTTP/1.1 200 OK
Content-Type: application/json; charset=utf-8
cache-control: no-cache
content-length: 18

20:00:24.993 [AsyncHttpClient-1-9] DEBUG org.asynchttpclient.netty.channel.ChannelManager - Adding key: http://localhost:55294 for channel [id: 0x315f677c, L:/127.0.0.1:51187 - R:localhost/127.0.0.1:55294]
20:00:24.994 [Forwarding isElementEnabled on session 06f0c06f818f8672f750c1023e918686 to remote] DEBUG org.asynchttpclient.netty.request.NettyRequestSender - Using pooled Channel '[id: 0x315f677c, L:/127.0.0.1:51187 - R:localhost/127.0.0.1:55294]' for 'GET' to 'http://localhost:55294/session/06f0c06f818f8672f750c1023e918686/element/c97babc1-2893-4cba-bb71-56dd02d3cac6/enabled'
20:00:24.994 [Forwarding isElementEnabled on session 06f0c06f818f8672f750c1023e918686 to remote] DEBUG org.asynchttpclient.netty.request.NettyRequestSender - Using open Channel [id: 0x315f677c, L:/127.0.0.1:51187 - R:localhost/127.0.0.1:55294] for GET '/session/06f0c06f818f8672f750c1023e918686/element/c97babc1-2893-4cba-bb71-56dd02d3cac6/enabled'
20:00:25.005 [AsyncHttpClient-1-9] DEBUG org.asynchttpclient.netty.handler.HttpHandler - 

Request DefaultFullHttpRequest(decodeResult: success, version: HTTP/1.1, content: EmptyByteBufBE)
GET /session/06f0c06f818f8672f750c1023e918686/element/c97babc1-2893-4cba-bb71-56dd02d3cac6/enabled HTTP/1.1
User-Agent: selenium/4.1.4 (java windows)
Cache-Control: no-cache
Content-Type: application/json; charset=utf-8
host: localhost:55294
accept: */*

Response DefaultHttpResponse(decodeResult: success, version: HTTP/1.1)
HTTP/1.1 200 OK
Content-Type: application/json; charset=utf-8
cache-control: no-cache
content-length: 14

20:00:25.005 [AsyncHttpClient-1-9] DEBUG org.asynchttpclient.netty.channel.ChannelManager - Adding key: http://localhost:55294 for channel [id: 0x315f677c, L:/127.0.0.1:51187 - R:localhost/127.0.0.1:55294]
20:00:25.007 [Forwarding isElementEnabled on session 06f0c06f818f8672f750c1023e918686 to remote] DEBUG org.asynchttpclient.netty.request.NettyRequestSender - Using pooled Channel '[id: 0x315f677c, L:/127.0.0.1:51187 - R:localhost/127.0.0.1:55294]' for 'GET' to 'http://localhost:55294/session/06f0c06f818f8672f750c1023e918686/element/c97babc1-2893-4cba-bb71-56dd02d3cac6/enabled'
20:00:25.007 [Forwarding isElementEnabled on session 06f0c06f818f8672f750c1023e918686 to remote] DEBUG org.asynchttpclient.netty.request.NettyRequestSender - Using open Channel [id: 0x315f677c, L:/127.0.0.1:51187 - R:localhost/127.0.0.1:55294] for GET '/session/06f0c06f818f8672f750c1023e918686/element/c97babc1-2893-4cba-bb71-56dd02d3cac6/enabled'
20:00:25.021 [AsyncHttpClient-1-9] DEBUG org.asynchttpclient.netty.handler.HttpHandler - 

Request DefaultFullHttpRequest(decodeResult: success, version: HTTP/1.1, content: EmptyByteBufBE)
GET /session/06f0c06f818f8672f750c1023e918686/element/c97babc1-2893-4cba-bb71-56dd02d3cac6/enabled HTTP/1.1
User-Agent: selenium/4.1.4 (java windows)
Cache-Control: no-cache
Content-Type: application/json; charset=utf-8
host: localhost:55294
accept: */*

Response DefaultHttpResponse(decodeResult: success, version: HTTP/1.1)
HTTP/1.1 200 OK
Content-Type: application/json; charset=utf-8
cache-control: no-cache
content-length: 14

20:00:25.021 [AsyncHttpClient-1-9] DEBUG org.asynchttpclient.netty.channel.ChannelManager - Adding key: http://localhost:55294 for channel [id: 0x315f677c, L:/127.0.0.1:51187 - R:localhost/127.0.0.1:55294]
20:00:25.023 [Forwarding findElement on session 06f0c06f818f8672f750c1023e918686 to remote] DEBUG org.asynchttpclient.netty.request.NettyRequestSender - Using pooled Channel '[id: 0x315f677c, L:/127.0.0.1:51187 - R:localhost/127.0.0.1:55294]' for 'POST' to 'http://localhost:55294/session/06f0c06f818f8672f750c1023e918686/element'
20:00:25.023 [Forwarding findElement on session 06f0c06f818f8672f750c1023e918686 to remote] DEBUG org.asynchttpclient.netty.request.NettyRequestSender - Using open Channel [id: 0x315f677c, L:/127.0.0.1:51187 - R:localhost/127.0.0.1:55294] for POST '/session/06f0c06f818f8672f750c1023e918686/element'
20:00:25.040 [AsyncHttpClient-1-9] DEBUG org.asynchttpclient.netty.handler.HttpHandler - 

Request DefaultHttpRequest(decodeResult: success, version: HTTP/1.1)
POST /session/06f0c06f818f8672f750c1023e918686/element HTTP/1.1
User-Agent: selenium/4.1.4 (java windows)
Content-Length: 68
Content-Type: application/json; charset=utf-8
host: localhost:55294
accept: */*

Response DefaultHttpResponse(decodeResult: success, version: HTTP/1.1)
HTTP/1.1 200 OK
Content-Type: application/json; charset=utf-8
cache-control: no-cache
content-length: 88

20:00:25.041 [AsyncHttpClient-1-9] DEBUG org.asynchttpclient.netty.channel.ChannelManager - Adding key: http://localhost:55294 for channel [id: 0x315f677c, L:/127.0.0.1:51187 - R:localhost/127.0.0.1:55294]
20:00:25.042 [Forwarding clickElement on session 06f0c06f818f8672f750c1023e918686 to remote] DEBUG org.asynchttpclient.netty.request.NettyRequestSender - Using pooled Channel '[id: 0x315f677c, L:/127.0.0.1:51187 - R:localhost/127.0.0.1:55294]' for 'POST' to 'http://localhost:55294/session/06f0c06f818f8672f750c1023e918686/element/c97babc1-2893-4cba-bb71-56dd02d3cac6/click'
20:00:25.042 [Forwarding clickElement on session 06f0c06f818f8672f750c1023e918686 to remote] DEBUG org.asynchttpclient.netty.request.NettyRequestSender - Using open Channel [id: 0x315f677c, L:/127.0.0.1:51187 - R:localhost/127.0.0.1:55294] for POST '/session/06f0c06f818f8672f750c1023e918686/element/c97babc1-2893-4cba-bb71-56dd02d3cac6/click'
20:00:25.121 [AsyncHttpClient-1-9] DEBUG org.asynchttpclient.netty.handler.HttpHandler - 

Request DefaultHttpRequest(decodeResult: success, version: HTTP/1.1)
POST /session/06f0c06f818f8672f750c1023e918686/element/c97babc1-2893-4cba-bb71-56dd02d3cac6/click HTTP/1.1
User-Agent: selenium/4.1.4 (java windows)
Content-Length: 50
Content-Type: application/json; charset=utf-8
host: localhost:55294
accept: */*

Response DefaultHttpResponse(decodeResult: success, version: HTTP/1.1)
HTTP/1.1 200 OK
Content-Type: application/json; charset=utf-8
cache-control: no-cache
content-length: 14

20:00:25.121 [AsyncHttpClient-1-9] DEBUG org.asynchttpclient.netty.channel.ChannelManager - Adding key: http://localhost:55294 for channel [id: 0x315f677c, L:/127.0.0.1:51187 - R:localhost/127.0.0.1:55294]
20:00:25.129 [Forwarding screenshot on session 06f0c06f818f8672f750c1023e918686 to remote] DEBUG org.asynchttpclient.netty.request.NettyRequestSender - Using pooled Channel '[id: 0x315f677c, L:/127.0.0.1:51187 - R:localhost/127.0.0.1:55294]' for 'GET' to 'http://localhost:55294/session/06f0c06f818f8672f750c1023e918686/screenshot'
20:00:25.129 [Forwarding screenshot on session 06f0c06f818f8672f750c1023e918686 to remote] DEBUG org.asynchttpclient.netty.request.NettyRequestSender - Using open Channel [id: 0x315f677c, L:/127.0.0.1:51187 - R:localhost/127.0.0.1:55294] for GET '/session/06f0c06f818f8672f750c1023e918686/screenshot'
20:00:25.312 [AsyncHttpClient-1-1] DEBUG org.asynchttpclient.netty.channel.DefaultChannelPool - Entry count for : http://localhost:51188 : 1
20:00:25.357 [AsyncHttpClient-1-9] DEBUG org.asynchttpclient.netty.handler.HttpHandler - 

Request DefaultFullHttpRequest(decodeResult: success, version: HTTP/1.1, content: EmptyByteBufBE)
GET /session/06f0c06f818f8672f750c1023e918686/screenshot HTTP/1.1
User-Agent: selenium/4.1.4 (java windows)
Cache-Control: no-cache
Content-Type: application/json; charset=utf-8
host: localhost:55294
accept: */*

Response DefaultHttpResponse(decodeResult: success, version: HTTP/1.1)
HTTP/1.1 200 OK
Content-Type: application/json; charset=utf-8
cache-control: no-cache
content-length: 360772

20:00:25.357 [AsyncHttpClient-1-9] DEBUG org.asynchttpclient.netty.channel.ChannelManager - Adding key: http://localhost:55294 for channel [id: 0x315f677c, L:/127.0.0.1:51187 - R:localhost/127.0.0.1:55294]
20:00:25.365 [main] DEBUG net.serenitybdd.core.photography.Darkroom - Send negative for processing for target\site\serenity\9b709229544b3288f2ab1d35761e9b792769730f6aa5d400af4640d3d716c7d5.png
20:00:25.366 [main] DEBUG net.thucydides.core.steps.StepInterceptor - STEP DONE: clickButtonLogin
20:00:25.366 [Darkroom Processing Line] DEBUG net.serenitybdd.core.photography.DarkroomProcessingLine - Processing screenshot image in /var/screenshots/screenshot-12741883287723548901
20:00:25.366 [Darkroom Processing Line] DEBUG net.serenitybdd.core.photography.DarkroomProcessingLine - Saving screenshot to target\site\serenity\9b709229544b3288f2ab1d35761e9b792769730f6aa5d400af4640d3d716c7d5.png
  &amp#27;[32mAnd &amp#27;[0m&amp#27;[32mI click button login&amp#27;[0m                                                                 &amp#27;[90m# starter.stepdefinitios.LoginSteps.iClickButtonLogin()&amp#27;[0m
20:00:26.387 [Forwarding screenshot on session 06f0c06f818f8672f750c1023e918686 to remote] DEBUG org.asynchttpclient.netty.request.NettyRequestSender - Using pooled Channel '[id: 0x315f677c, L:/127.0.0.1:51187 - R:localhost/127.0.0.1:55294]' for 'GET' to 'http://localhost:55294/session/06f0c06f818f8672f750c1023e918686/screenshot'
20:00:26.387 [Forwarding screenshot on session 06f0c06f818f8672f750c1023e918686 to remote] DEBUG org.asynchttpclient.netty.request.NettyRequestSender - Using open Channel [id: 0x315f677c, L:/127.0.0.1:51187 - R:localhost/127.0.0.1:55294] for GET '/session/06f0c06f818f8672f750c1023e918686/screenshot'
20:00:26.412 [AsyncHttpClient-1-1] DEBUG org.asynchttpclient.netty.channel.DefaultChannelPool - Entry count for : http://localhost:51188 : 1
20:00:26.597 [AsyncHttpClient-1-9] DEBUG org.asynchttpclient.netty.handler.HttpHandler - 

Request DefaultFullHttpRequest(decodeResult: success, version: HTTP/1.1, content: EmptyByteBufBE)
GET /session/06f0c06f818f8672f750c1023e918686/screenshot HTTP/1.1
User-Agent: selenium/4.1.4 (java windows)
Cache-Control: no-cache
Content-Type: application/json; charset=utf-8
host: localhost:55294
accept: */*

Response DefaultHttpResponse(decodeResult: success, version: HTTP/1.1)
HTTP/1.1 200 OK
Content-Type: application/json; charset=utf-8
cache-control: no-cache
content-length: 313440

20:00:26.597 [AsyncHttpClient-1-9] DEBUG org.asynchttpclient.netty.channel.ChannelManager - Adding key: http://localhost:55294 for channel [id: 0x315f677c, L:/127.0.0.1:51187 - R:localhost/127.0.0.1:55294]
20:00:26.611 [main] DEBUG net.serenitybdd.core.photography.Darkroom - Send negative for processing for target\site\serenity\e8bae19d2cff0cbef3e89a51b8ceee7cac93438de6600b41e6668cd2d196b7ec.png
20:00:26.612 [Darkroom Processing Line] DEBUG net.serenitybdd.core.photography.DarkroomProcessingLine - Processing screenshot image in /var/screenshots/screenshot-16285333362150301365
20:00:26.612 [Darkroom Processing Line] DEBUG net.serenitybdd.core.photography.DarkroomProcessingLine - Saving screenshot to target\site\serenity\e8bae19d2cff0cbef3e89a51b8ceee7cac93438de6600b41e6668cd2d196b7ec.png
20:00:27.514 [AsyncHttpClient-1-1] DEBUG org.asynchttpclient.netty.channel.DefaultChannelPool - Entry count for : http://localhost:55294 : 1
20:00:27.514 [AsyncHttpClient-1-1] DEBUG org.asynchttpclient.netty.channel.DefaultChannelPool - Entry count for : http://localhost:51188 : 1
20:00:28.611 [AsyncHttpClient-1-1] DEBUG org.asynchttpclient.netty.channel.DefaultChannelPool - Entry count for : http://localhost:55294 : 1
20:00:28.611 [AsyncHttpClient-1-1] DEBUG org.asynchttpclient.netty.channel.DefaultChannelPool - Entry count for : http://localhost:51188 : 1
20:00:29.710 [AsyncHttpClient-1-1] DEBUG org.asynchttpclient.netty.channel.DefaultChannelPool - Entry count for : http://localhost:55294 : 1
20:00:29.710 [AsyncHttpClient-1-1] DEBUG org.asynchttpclient.netty.channel.DefaultChannelPool - Entry count for : http://localhost:51188 : 1
20:00:30.811 [AsyncHttpClient-1-1] DEBUG org.asynchttpclient.netty.channel.DefaultChannelPool - Entry count for : http://localhost:55294 : 1
20:00:30.811 [AsyncHttpClient-1-1] DEBUG org.asynchttpclient.netty.channel.DefaultChannelPool - Entry count for : http://localhost:51188 : 1
20:00:31.621 [Forwarding findElement on session 06f0c06f818f8672f750c1023e918686 to remote] DEBUG org.asynchttpclient.netty.request.NettyRequestSender - Using pooled Channel '[id: 0x315f677c, L:/127.0.0.1:51187 - R:localhost/127.0.0.1:55294]' for 'POST' to 'http://localhost:55294/session/06f0c06f818f8672f750c1023e918686/element'
20:00:31.621 [Forwarding findElement on session 06f0c06f818f8672f750c1023e918686 to remote] DEBUG org.asynchttpclient.netty.request.NettyRequestSender - Using open Channel [id: 0x315f677c, L:/127.0.0.1:51187 - R:localhost/127.0.0.1:55294] for POST '/session/06f0c06f818f8672f750c1023e918686/element'
20:00:31.649 [AsyncHttpClient-1-9] DEBUG org.asynchttpclient.netty.handler.HttpHandler - 

Request DefaultHttpRequest(decodeResult: success, version: HTTP/1.1)
POST /session/06f0c06f818f8672f750c1023e918686/element HTTP/1.1
User-Agent: selenium/4.1.4 (java windows)
Content-Length: 68
Content-Type: application/json; charset=utf-8
host: localhost:55294
accept: */*

Response DefaultHttpResponse(decodeResult: success, version: HTTP/1.1)
HTTP/1.1 200 OK
Content-Type: application/json; charset=utf-8
cache-control: no-cache
content-length: 88

20:00:31.649 [AsyncHttpClient-1-9] DEBUG org.asynchttpclient.netty.channel.ChannelManager - Adding key: http://localhost:55294 for channel [id: 0x315f677c, L:/127.0.0.1:51187 - R:localhost/127.0.0.1:55294]
20:00:31.650 [Forwarding isElementEnabled on session 06f0c06f818f8672f750c1023e918686 to remote] DEBUG org.asynchttpclient.netty.request.NettyRequestSender - Using pooled Channel '[id: 0x315f677c, L:/127.0.0.1:51187 - R:localhost/127.0.0.1:55294]' for 'GET' to 'http://localhost:55294/session/06f0c06f818f8672f750c1023e918686/element/41a8c0be-9bad-4059-a655-8550e4dbade2/enabled'
20:00:31.650 [Forwarding isElementEnabled on session 06f0c06f818f8672f750c1023e918686 to remote] DEBUG org.asynchttpclient.netty.request.NettyRequestSender - Using open Channel [id: 0x315f677c, L:/127.0.0.1:51187 - R:localhost/127.0.0.1:55294] for GET '/session/06f0c06f818f8672f750c1023e918686/element/41a8c0be-9bad-4059-a655-8550e4dbade2/enabled'
20:00:31.666 [AsyncHttpClient-1-9] DEBUG org.asynchttpclient.netty.handler.HttpHandler - 

Request DefaultFullHttpRequest(decodeResult: success, version: HTTP/1.1, content: EmptyByteBufBE)
GET /session/06f0c06f818f8672f750c1023e918686/element/41a8c0be-9bad-4059-a655-8550e4dbade2/enabled HTTP/1.1
User-Agent: selenium/4.1.4 (java windows)
Cache-Control: no-cache
Content-Type: application/json; charset=utf-8
host: localhost:55294
accept: */*

Response DefaultHttpResponse(decodeResult: success, version: HTTP/1.1)
HTTP/1.1 200 OK
Content-Type: application/json; charset=utf-8
cache-control: no-cache
content-length: 14

20:00:31.666 [AsyncHttpClient-1-9] DEBUG org.asynchttpclient.netty.channel.ChannelManager - Adding key: http://localhost:55294 for channel [id: 0x315f677c, L:/127.0.0.1:51187 - R:localhost/127.0.0.1:55294]
20:00:31.909 [AsyncHttpClient-1-1] DEBUG org.asynchttpclient.netty.channel.DefaultChannelPool - Entry count for : http://localhost:55294 : 1
20:00:31.909 [AsyncHttpClient-1-1] DEBUG org.asynchttpclient.netty.channel.DefaultChannelPool - Entry count for : http://localhost:51188 : 1
20:00:32.179 [Forwarding screenshot on session 06f0c06f818f8672f750c1023e918686 to remote] DEBUG org.asynchttpclient.netty.request.NettyRequestSender - Using pooled Channel '[id: 0x315f677c, L:/127.0.0.1:51187 - R:localhost/127.0.0.1:55294]' for 'GET' to 'http://localhost:55294/session/06f0c06f818f8672f750c1023e918686/screenshot'
20:00:32.179 [Forwarding screenshot on session 06f0c06f818f8672f750c1023e918686 to remote] DEBUG org.asynchttpclient.netty.request.NettyRequestSender - Using open Channel [id: 0x315f677c, L:/127.0.0.1:51187 - R:localhost/127.0.0.1:55294] for GET '/session/06f0c06f818f8672f750c1023e918686/screenshot'
20:00:32.500 [AsyncHttpClient-1-9] DEBUG org.asynchttpclient.netty.handler.HttpHandler - 

Request DefaultFullHttpRequest(decodeResult: success, version: HTTP/1.1, content: EmptyByteBufBE)
GET /session/06f0c06f818f8672f750c1023e918686/screenshot HTTP/1.1
User-Agent: selenium/4.1.4 (java windows)
Cache-Control: no-cache
Content-Type: application/json; charset=utf-8
host: localhost:55294
accept: */*

Response DefaultHttpResponse(decodeResult: success, version: HTTP/1.1)
HTTP/1.1 200 OK
Content-Type: application/json; charset=utf-8
cache-control: no-cache
content-length: 301044

20:00:32.501 [AsyncHttpClient-1-9] DEBUG org.asynchttpclient.netty.channel.ChannelManager - Adding key: http://localhost:55294 for channel [id: 0x315f677c, L:/127.0.0.1:51187 - R:localhost/127.0.0.1:55294]
20:00:32.514 [main] DEBUG net.serenitybdd.core.photography.Darkroom - Send negative for processing for target\site\serenity\163e386af0b12517552a74a3d5043b94e8c0f9215c0f21d464e3b04d27a0859d.png
20:00:32.514 [main] DEBUG net.thucydides.core.steps.StepInterceptor - STARTING STEP: LoginSteps.loginValidationInvalid - clickButtonErrorOK
20:00:32.518 [Forwarding findElement on session 06f0c06f818f8672f750c1023e918686 to remote] DEBUG org.asynchttpclient.netty.request.NettyRequestSender - Using pooled Channel '[id: 0x315f677c, L:/127.0.0.1:51187 - R:localhost/127.0.0.1:55294]' for 'POST' to 'http://localhost:55294/session/06f0c06f818f8672f750c1023e918686/element'
20:00:32.518 [Forwarding findElement on session 06f0c06f818f8672f750c1023e918686 to remote] DEBUG org.asynchttpclient.netty.request.NettyRequestSender - Using open Channel [id: 0x315f677c, L:/127.0.0.1:51187 - R:localhost/127.0.0.1:55294] for POST '/session/06f0c06f818f8672f750c1023e918686/element'
20:00:32.532 [AsyncHttpClient-1-9] DEBUG org.asynchttpclient.netty.handler.HttpHandler - 

Request DefaultHttpRequest(decodeResult: success, version: HTTP/1.1)
POST /session/06f0c06f818f8672f750c1023e918686/element HTTP/1.1
User-Agent: selenium/4.1.4 (java windows)
Content-Length: 88
Content-Type: application/json; charset=utf-8
host: localhost:55294
accept: */*

Response DefaultHttpResponse(decodeResult: success, version: HTTP/1.1)
HTTP/1.1 200 OK
Content-Type: application/json; charset=utf-8
cache-control: no-cache
content-length: 88

20:00:32.533 [AsyncHttpClient-1-9] DEBUG org.asynchttpclient.netty.channel.ChannelManager - Adding key: http://localhost:55294 for channel [id: 0x315f677c, L:/127.0.0.1:51187 - R:localhost/127.0.0.1:55294]
20:00:32.534 [Forwarding getElementTagName on session 06f0c06f818f8672f750c1023e918686 to remote] DEBUG org.asynchttpclient.netty.request.NettyRequestSender - Using pooled Channel '[id: 0x315f677c, L:/127.0.0.1:51187 - R:localhost/127.0.0.1:55294]' for 'GET' to 'http://localhost:55294/session/06f0c06f818f8672f750c1023e918686/element/a2feebcd-1b33-4788-9e2c-6e1d9efb8059/name'
20:00:32.534 [Forwarding getElementTagName on session 06f0c06f818f8672f750c1023e918686 to remote] DEBUG org.asynchttpclient.netty.request.NettyRequestSender - Using open Channel [id: 0x315f677c, L:/127.0.0.1:51187 - R:localhost/127.0.0.1:55294] for GET '/session/06f0c06f818f8672f750c1023e918686/element/a2feebcd-1b33-4788-9e2c-6e1d9efb8059/name'
20:00:32.540 [AsyncHttpClient-1-9] DEBUG org.asynchttpclient.netty.handler.HttpHandler - 

Request DefaultFullHttpRequest(decodeResult: success, version: HTTP/1.1, content: EmptyByteBufBE)
GET /session/06f0c06f818f8672f750c1023e918686/element/a2feebcd-1b33-4788-9e2c-6e1d9efb8059/name HTTP/1.1
User-Agent: selenium/4.1.4 (java windows)
Cache-Control: no-cache
Content-Type: application/json; charset=utf-8
host: localhost:55294
accept: */*

Response DefaultHttpResponse(decodeResult: success, version: HTTP/1.1)
HTTP/1.1 200 OK
Content-Type: application/json; charset=utf-8
cache-control: no-cache
content-length: 18

20:00:32.540 [AsyncHttpClient-1-9] DEBUG org.asynchttpclient.netty.channel.ChannelManager - Adding key: http://localhost:55294 for channel [id: 0x315f677c, L:/127.0.0.1:51187 - R:localhost/127.0.0.1:55294]
20:00:32.541 [Forwarding getElementTagName on session 06f0c06f818f8672f750c1023e918686 to remote] DEBUG org.asynchttpclient.netty.request.NettyRequestSender - Using pooled Channel '[id: 0x315f677c, L:/127.0.0.1:51187 - R:localhost/127.0.0.1:55294]' for 'GET' to 'http://localhost:55294/session/06f0c06f818f8672f750c1023e918686/element/a2feebcd-1b33-4788-9e2c-6e1d9efb8059/name'
20:00:32.541 [Forwarding getElementTagName on session 06f0c06f818f8672f750c1023e918686 to remote] DEBUG org.asynchttpclient.netty.request.NettyRequestSender - Using open Channel [id: 0x315f677c, L:/127.0.0.1:51187 - R:localhost/127.0.0.1:55294] for GET '/session/06f0c06f818f8672f750c1023e918686/element/a2feebcd-1b33-4788-9e2c-6e1d9efb8059/name'
20:00:32.547 [AsyncHttpClient-1-9] DEBUG org.asynchttpclient.netty.handler.HttpHandler - 

Request DefaultFullHttpRequest(decodeResult: success, version: HTTP/1.1, content: EmptyByteBufBE)
GET /session/06f0c06f818f8672f750c1023e918686/element/a2feebcd-1b33-4788-9e2c-6e1d9efb8059/name HTTP/1.1
User-Agent: selenium/4.1.4 (java windows)
Cache-Control: no-cache
Content-Type: application/json; charset=utf-8
host: localhost:55294
accept: */*

Response DefaultHttpResponse(decodeResult: success, version: HTTP/1.1)
HTTP/1.1 200 OK
Content-Type: application/json; charset=utf-8
cache-control: no-cache
content-length: 18

20:00:32.547 [AsyncHttpClient-1-9] DEBUG org.asynchttpclient.netty.channel.ChannelManager - Adding key: http://localhost:55294 for channel [id: 0x315f677c, L:/127.0.0.1:51187 - R:localhost/127.0.0.1:55294]
20:00:32.548 [Forwarding isElementEnabled on session 06f0c06f818f8672f750c1023e918686 to remote] DEBUG org.asynchttpclient.netty.request.NettyRequestSender - Using pooled Channel '[id: 0x315f677c, L:/127.0.0.1:51187 - R:localhost/127.0.0.1:55294]' for 'GET' to 'http://localhost:55294/session/06f0c06f818f8672f750c1023e918686/element/a2feebcd-1b33-4788-9e2c-6e1d9efb8059/enabled'
20:00:32.548 [Forwarding isElementEnabled on session 06f0c06f818f8672f750c1023e918686 to remote] DEBUG org.asynchttpclient.netty.request.NettyRequestSender - Using open Channel [id: 0x315f677c, L:/127.0.0.1:51187 - R:localhost/127.0.0.1:55294] for GET '/session/06f0c06f818f8672f750c1023e918686/element/a2feebcd-1b33-4788-9e2c-6e1d9efb8059/enabled'
20:00:32.561 [AsyncHttpClient-1-9] DEBUG org.asynchttpclient.netty.handler.HttpHandler - 

Request DefaultFullHttpRequest(decodeResult: success, version: HTTP/1.1, content: EmptyByteBufBE)
GET /session/06f0c06f818f8672f750c1023e918686/element/a2feebcd-1b33-4788-9e2c-6e1d9efb8059/enabled HTTP/1.1
User-Agent: selenium/4.1.4 (java windows)
Cache-Control: no-cache
Content-Type: application/json; charset=utf-8
host: localhost:55294
accept: */*

Response DefaultHttpResponse(decodeResult: success, version: HTTP/1.1)
HTTP/1.1 200 OK
Content-Type: application/json; charset=utf-8
cache-control: no-cache
content-length: 14

20:00:32.561 [AsyncHttpClient-1-9] DEBUG org.asynchttpclient.netty.channel.ChannelManager - Adding key: http://localhost:55294 for channel [id: 0x315f677c, L:/127.0.0.1:51187 - R:localhost/127.0.0.1:55294]
20:00:32.563 [Forwarding isElementEnabled on session 06f0c06f818f8672f750c1023e918686 to remote] DEBUG org.asynchttpclient.netty.request.NettyRequestSender - Using pooled Channel '[id: 0x315f677c, L:/127.0.0.1:51187 - R:localhost/127.0.0.1:55294]' for 'GET' to 'http://localhost:55294/session/06f0c06f818f8672f750c1023e918686/element/a2feebcd-1b33-4788-9e2c-6e1d9efb8059/enabled'
20:00:32.563 [Forwarding isElementEnabled on session 06f0c06f818f8672f750c1023e918686 to remote] DEBUG org.asynchttpclient.netty.request.NettyRequestSender - Using open Channel [id: 0x315f677c, L:/127.0.0.1:51187 - R:localhost/127.0.0.1:55294] for GET '/session/06f0c06f818f8672f750c1023e918686/element/a2feebcd-1b33-4788-9e2c-6e1d9efb8059/enabled'
20:00:32.573 [AsyncHttpClient-1-9] DEBUG org.asynchttpclient.netty.handler.HttpHandler - 

Request DefaultFullHttpRequest(decodeResult: success, version: HTTP/1.1, content: EmptyByteBufBE)
GET /session/06f0c06f818f8672f750c1023e918686/element/a2feebcd-1b33-4788-9e2c-6e1d9efb8059/enabled HTTP/1.1
User-Agent: selenium/4.1.4 (java windows)
Cache-Control: no-cache
Content-Type: application/json; charset=utf-8
host: localhost:55294
accept: */*

Response DefaultHttpResponse(decodeResult: success, version: HTTP/1.1)
HTTP/1.1 200 OK
Content-Type: application/json; charset=utf-8
cache-control: no-cache
content-length: 14

20:00:32.573 [AsyncHttpClient-1-9] DEBUG org.asynchttpclient.netty.channel.ChannelManager - Adding key: http://localhost:55294 for channel [id: 0x315f677c, L:/127.0.0.1:51187 - R:localhost/127.0.0.1:55294]
20:00:32.576 [Forwarding findElement on session 06f0c06f818f8672f750c1023e918686 to remote] DEBUG org.asynchttpclient.netty.request.NettyRequestSender - Using pooled Channel '[id: 0x315f677c, L:/127.0.0.1:51187 - R:localhost/127.0.0.1:55294]' for 'POST' to 'http://localhost:55294/session/06f0c06f818f8672f750c1023e918686/element'
20:00:32.576 [Forwarding findElement on session 06f0c06f818f8672f750c1023e918686 to remote] DEBUG org.asynchttpclient.netty.request.NettyRequestSender - Using open Channel [id: 0x315f677c, L:/127.0.0.1:51187 - R:localhost/127.0.0.1:55294] for POST '/session/06f0c06f818f8672f750c1023e918686/element'
20:00:32.592 [AsyncHttpClient-1-9] DEBUG org.asynchttpclient.netty.handler.HttpHandler - 

Request DefaultHttpRequest(decodeResult: success, version: HTTP/1.1)
POST /session/06f0c06f818f8672f750c1023e918686/element HTTP/1.1
User-Agent: selenium/4.1.4 (java windows)
Content-Length: 88
Content-Type: application/json; charset=utf-8
host: localhost:55294
accept: */*

Response DefaultHttpResponse(decodeResult: success, version: HTTP/1.1)
HTTP/1.1 200 OK
Content-Type: application/json; charset=utf-8
cache-control: no-cache
content-length: 88

20:00:32.592 [AsyncHttpClient-1-9] DEBUG org.asynchttpclient.netty.channel.ChannelManager - Adding key: http://localhost:55294 for channel [id: 0x315f677c, L:/127.0.0.1:51187 - R:localhost/127.0.0.1:55294]
20:00:32.593 [Forwarding clickElement on session 06f0c06f818f8672f750c1023e918686 to remote] DEBUG org.asynchttpclient.netty.request.NettyRequestSender - Using pooled Channel '[id: 0x315f677c, L:/127.0.0.1:51187 - R:localhost/127.0.0.1:55294]' for 'POST' to 'http://localhost:55294/session/06f0c06f818f8672f750c1023e918686/element/a2feebcd-1b33-4788-9e2c-6e1d9efb8059/click'
20:00:32.593 [Forwarding clickElement on session 06f0c06f818f8672f750c1023e918686 to remote] DEBUG org.asynchttpclient.netty.request.NettyRequestSender - Using open Channel [id: 0x315f677c, L:/127.0.0.1:51187 - R:localhost/127.0.0.1:55294] for POST '/session/06f0c06f818f8672f750c1023e918686/element/a2feebcd-1b33-4788-9e2c-6e1d9efb8059/click'
20:00:32.716 [AsyncHttpClient-1-9] DEBUG org.asynchttpclient.netty.handler.HttpHandler - 

Request DefaultHttpRequest(decodeResult: success, version: HTTP/1.1)
POST /session/06f0c06f818f8672f750c1023e918686/element/a2feebcd-1b33-4788-9e2c-6e1d9efb8059/click HTTP/1.1
User-Agent: selenium/4.1.4 (java windows)
Content-Length: 50
Content-Type: application/json; charset=utf-8
host: localhost:55294
accept: */*

Response DefaultHttpResponse(decodeResult: success, version: HTTP/1.1)
HTTP/1.1 200 OK
Content-Type: application/json; charset=utf-8
cache-control: no-cache
content-length: 14

20:00:32.716 [AsyncHttpClient-1-9] DEBUG org.asynchttpclient.netty.channel.ChannelManager - Adding key: http://localhost:55294 for channel [id: 0x315f677c, L:/127.0.0.1:51187 - R:localhost/127.0.0.1:55294]
20:00:32.732 [Forwarding screenshot on session 06f0c06f818f8672f750c1023e918686 to remote] DEBUG org.asynchttpclient.netty.request.NettyRequestSender - Using pooled Channel '[id: 0x315f677c, L:/127.0.0.1:51187 - R:localhost/127.0.0.1:55294]' for 'GET' to 'http://localhost:55294/session/06f0c06f818f8672f750c1023e918686/screenshot'
20:00:32.733 [Forwarding screenshot on session 06f0c06f818f8672f750c1023e918686 to remote] DEBUG org.asynchttpclient.netty.request.NettyRequestSender - Using open Channel [id: 0x315f677c, L:/127.0.0.1:51187 - R:localhost/127.0.0.1:55294] for GET '/session/06f0c06f818f8672f750c1023e918686/screenshot'
20:00:33.010 [AsyncHttpClient-1-1] DEBUG org.asynchttpclient.netty.channel.DefaultChannelPool - Entry count for : http://localhost:51188 : 1
20:00:33.116 [AsyncHttpClient-1-9] DEBUG org.asynchttpclient.netty.handler.HttpHandler - 

Request DefaultFullHttpRequest(decodeResult: success, version: HTTP/1.1, content: EmptyByteBufBE)
GET /session/06f0c06f818f8672f750c1023e918686/screenshot HTTP/1.1
User-Agent: selenium/4.1.4 (java windows)
Cache-Control: no-cache
Content-Type: application/json; charset=utf-8
host: localhost:55294
accept: */*

Response DefaultHttpResponse(decodeResult: success, version: HTTP/1.1)
HTTP/1.1 200 OK
Content-Type: application/json; charset=utf-8
cache-control: no-cache
content-length: 77072

20:00:33.116 [AsyncHttpClient-1-9] DEBUG org.asynchttpclient.netty.channel.ChannelManager - Adding key: http://localhost:55294 for channel [id: 0x315f677c, L:/127.0.0.1:51187 - R:localhost/127.0.0.1:55294]
20:00:33.116 [main] DEBUG net.serenitybdd.core.photography.Darkroom - Send negative for processing for target\site\serenity\f6a8e6fae4f32bfd7d39de7c7c56f7181dc160d17fe2e9475c377c54fd0f504e.png
20:00:33.116 [main] DEBUG net.thucydides.core.steps.StepInterceptor - STEP DONE: clickButtonErrorOK
  &amp#27;[32mAnd &amp#27;[0m&amp#27;[32mLogin validation invalid&amp#27;[0m                                                             &amp#27;[90m# starter.stepdefinitios.LoginSteps.loginValidationInvalid()&amp#27;[0m
20:00:33.116 [Darkroom Processing Line] DEBUG net.serenitybdd.core.photography.DarkroomProcessingLine - Processing screenshot image in /var/screenshots/screenshot-13624270234510022140
20:00:33.116 [Darkroom Processing Line] DEBUG net.serenitybdd.core.photography.DarkroomProcessingLine - Saving screenshot to target\site\serenity\f6a8e6fae4f32bfd7d39de7c7c56f7181dc160d17fe2e9475c377c54fd0f504e.png
20:00:34.114 [AsyncHttpClient-1-1] DEBUG org.asynchttpclient.netty.channel.DefaultChannelPool - Entry count for : http://localhost:55294 : 1
20:00:34.114 [AsyncHttpClient-1-1] DEBUG org.asynchttpclient.netty.channel.DefaultChannelPool - Entry count for : http://localhost:51188 : 1
20:00:35.218 [AsyncHttpClient-1-1] DEBUG org.asynchttpclient.netty.channel.DefaultChannelPool - Entry count for : http://localhost:55294 : 1
20:00:35.218 [AsyncHttpClient-1-1] DEBUG org.asynchttpclient.netty.channel.DefaultChannelPool - Entry count for : http://localhost:51188 : 1
20:00:36.317 [AsyncHttpClient-1-1] DEBUG org.asynchttpclient.netty.channel.DefaultChannelPool - Entry count for : http://localhost:55294 : 1
20:00:36.317 [AsyncHttpClient-1-1] DEBUG org.asynchttpclient.netty.channel.DefaultChannelPool - Entry count for : http://localhost:51188 : 1
20:00:37.409 [AsyncHttpClient-1-1] DEBUG org.asynchttpclient.netty.channel.DefaultChannelPool - Entry count for : http://localhost:55294 : 1
20:00:37.409 [AsyncHttpClient-1-1] DEBUG org.asynchttpclient.netty.channel.DefaultChannelPool - Entry count for : http://localhost:51188 : 1
20:00:38.195 [Forwarding screenshot on session 06f0c06f818f8672f750c1023e918686 to remote] DEBUG org.asynchttpclient.netty.request.NettyRequestSender - Using pooled Channel '[id: 0x315f677c, L:/127.0.0.1:51187 - R:localhost/127.0.0.1:55294]' for 'GET' to 'http://localhost:55294/session/06f0c06f818f8672f750c1023e918686/screenshot'
20:00:38.195 [Forwarding screenshot on session 06f0c06f818f8672f750c1023e918686 to remote] DEBUG org.asynchttpclient.netty.request.NettyRequestSender - Using open Channel [id: 0x315f677c, L:/127.0.0.1:51187 - R:localhost/127.0.0.1:55294] for GET '/session/06f0c06f818f8672f750c1023e918686/screenshot'
20:00:38.384 [AsyncHttpClient-1-9] DEBUG org.asynchttpclient.netty.handler.HttpHandler - 

Request DefaultFullHttpRequest(decodeResult: success, version: HTTP/1.1, content: EmptyByteBufBE)
GET /session/06f0c06f818f8672f750c1023e918686/screenshot HTTP/1.1
User-Agent: selenium/4.1.4 (java windows)
Cache-Control: no-cache
Content-Type: application/json; charset=utf-8
host: localhost:55294
accept: */*

Response DefaultHttpResponse(decodeResult: success, version: HTTP/1.1)
HTTP/1.1 200 OK
Content-Type: application/json; charset=utf-8
cache-control: no-cache
content-length: 78916

20:00:38.384 [AsyncHttpClient-1-9] DEBUG org.asynchttpclient.netty.channel.ChannelManager - Adding key: http://localhost:55294 for channel [id: 0x315f677c, L:/127.0.0.1:51187 - R:localhost/127.0.0.1:55294]
20:00:38.387 [main] DEBUG net.serenitybdd.core.photography.Darkroom - Send negative for processing for target\site\serenity\6ddfb86c3e40e80f5cf75f5473ea4a13b4be8ddc07b6bfa170e30cd2276a987b.png
20:00:38.387 [main] DEBUG net.thucydides.core.steps.StepInterceptor - STARTING STEP: KelolaJadwalSteps.clickButtonManageSchedule - clickButtonKelolaJadwal
20:00:38.391 [Forwarding findElement on session 06f0c06f818f8672f750c1023e918686 to remote] DEBUG org.asynchttpclient.netty.request.NettyRequestSender - Using pooled Channel '[id: 0x315f677c, L:/127.0.0.1:51187 - R:localhost/127.0.0.1:55294]' for 'POST' to 'http://localhost:55294/session/06f0c06f818f8672f750c1023e918686/element'
20:00:38.391 [Forwarding findElement on session 06f0c06f818f8672f750c1023e918686 to remote] DEBUG org.asynchttpclient.netty.request.NettyRequestSender - Using open Channel [id: 0x315f677c, L:/127.0.0.1:51187 - R:localhost/127.0.0.1:55294] for POST '/session/06f0c06f818f8672f750c1023e918686/element'
20:00:38.403 [AsyncHttpClient-1-9] DEBUG org.asynchttpclient.netty.handler.HttpHandler - 

Request DefaultHttpRequest(decodeResult: success, version: HTTP/1.1)
POST /session/06f0c06f818f8672f750c1023e918686/element HTTP/1.1
User-Agent: selenium/4.1.4 (java windows)
Content-Length: 114
Content-Type: application/json; charset=utf-8
host: localhost:55294
accept: */*

Response DefaultHttpResponse(decodeResult: success, version: HTTP/1.1)
HTTP/1.1 200 OK
Content-Type: application/json; charset=utf-8
cache-control: no-cache
content-length: 88

20:00:38.403 [AsyncHttpClient-1-9] DEBUG org.asynchttpclient.netty.channel.ChannelManager - Adding key: http://localhost:55294 for channel [id: 0x315f677c, L:/127.0.0.1:51187 - R:localhost/127.0.0.1:55294]
20:00:38.404 [Forwarding getElementTagName on session 06f0c06f818f8672f750c1023e918686 to remote] DEBUG org.asynchttpclient.netty.request.NettyRequestSender - Using pooled Channel '[id: 0x315f677c, L:/127.0.0.1:51187 - R:localhost/127.0.0.1:55294]' for 'GET' to 'http://localhost:55294/session/06f0c06f818f8672f750c1023e918686/element/5852359a-072e-4b69-ae6e-0ed3a299781d/name'
20:00:38.404 [Forwarding getElementTagName on session 06f0c06f818f8672f750c1023e918686 to remote] DEBUG org.asynchttpclient.netty.request.NettyRequestSender - Using open Channel [id: 0x315f677c, L:/127.0.0.1:51187 - R:localhost/127.0.0.1:55294] for GET '/session/06f0c06f818f8672f750c1023e918686/element/5852359a-072e-4b69-ae6e-0ed3a299781d/name'
20:00:38.408 [AsyncHttpClient-1-9] DEBUG org.asynchttpclient.netty.handler.HttpHandler - 

Request DefaultFullHttpRequest(decodeResult: success, version: HTTP/1.1, content: EmptyByteBufBE)
GET /session/06f0c06f818f8672f750c1023e918686/element/5852359a-072e-4b69-ae6e-0ed3a299781d/name HTTP/1.1
User-Agent: selenium/4.1.4 (java windows)
Cache-Control: no-cache
Content-Type: application/json; charset=utf-8
host: localhost:55294
accept: */*

Response DefaultHttpResponse(decodeResult: success, version: HTTP/1.1)
HTTP/1.1 200 OK
Content-Type: application/json; charset=utf-8
cache-control: no-cache
content-length: 13

20:00:38.409 [AsyncHttpClient-1-9] DEBUG org.asynchttpclient.netty.channel.ChannelManager - Adding key: http://localhost:55294 for channel [id: 0x315f677c, L:/127.0.0.1:51187 - R:localhost/127.0.0.1:55294]
20:00:38.409 [Forwarding getElementTagName on session 06f0c06f818f8672f750c1023e918686 to remote] DEBUG org.asynchttpclient.netty.request.NettyRequestSender - Using pooled Channel '[id: 0x315f677c, L:/127.0.0.1:51187 - R:localhost/127.0.0.1:55294]' for 'GET' to 'http://localhost:55294/session/06f0c06f818f8672f750c1023e918686/element/5852359a-072e-4b69-ae6e-0ed3a299781d/name'
20:00:38.409 [Forwarding getElementTagName on session 06f0c06f818f8672f750c1023e918686 to remote] DEBUG org.asynchttpclient.netty.request.NettyRequestSender - Using open Channel [id: 0x315f677c, L:/127.0.0.1:51187 - R:localhost/127.0.0.1:55294] for GET '/session/06f0c06f818f8672f750c1023e918686/element/5852359a-072e-4b69-ae6e-0ed3a299781d/name'
20:00:38.414 [AsyncHttpClient-1-9] DEBUG org.asynchttpclient.netty.handler.HttpHandler - 

Request DefaultFullHttpRequest(decodeResult: success, version: HTTP/1.1, content: EmptyByteBufBE)
GET /session/06f0c06f818f8672f750c1023e918686/element/5852359a-072e-4b69-ae6e-0ed3a299781d/name HTTP/1.1
User-Agent: selenium/4.1.4 (java windows)
Cache-Control: no-cache
Content-Type: application/json; charset=utf-8
host: localhost:55294
accept: */*

Response DefaultHttpResponse(decodeResult: success, version: HTTP/1.1)
HTTP/1.1 200 OK
Content-Type: application/json; charset=utf-8
cache-control: no-cache
content-length: 13

20:00:38.414 [AsyncHttpClient-1-9] DEBUG org.asynchttpclient.netty.channel.ChannelManager - Adding key: http://localhost:55294 for channel [id: 0x315f677c, L:/127.0.0.1:51187 - R:localhost/127.0.0.1:55294]
20:00:38.416 [Forwarding findElement on session 06f0c06f818f8672f750c1023e918686 to remote] DEBUG org.asynchttpclient.netty.request.NettyRequestSender - Using pooled Channel '[id: 0x315f677c, L:/127.0.0.1:51187 - R:localhost/127.0.0.1:55294]' for 'POST' to 'http://localhost:55294/session/06f0c06f818f8672f750c1023e918686/element'
20:00:38.416 [Forwarding findElement on session 06f0c06f818f8672f750c1023e918686 to remote] DEBUG org.asynchttpclient.netty.request.NettyRequestSender - Using open Channel [id: 0x315f677c, L:/127.0.0.1:51187 - R:localhost/127.0.0.1:55294] for POST '/session/06f0c06f818f8672f750c1023e918686/element'
20:00:38.423 [AsyncHttpClient-1-9] DEBUG org.asynchttpclient.netty.handler.HttpHandler - 

Request DefaultHttpRequest(decodeResult: success, version: HTTP/1.1)
POST /session/06f0c06f818f8672f750c1023e918686/element HTTP/1.1
User-Agent: selenium/4.1.4 (java windows)
Content-Length: 114
Content-Type: application/json; charset=utf-8
host: localhost:55294
accept: */*

Response DefaultHttpResponse(decodeResult: success, version: HTTP/1.1)
HTTP/1.1 200 OK
Content-Type: application/json; charset=utf-8
cache-control: no-cache
content-length: 88

20:00:38.423 [AsyncHttpClient-1-9] DEBUG org.asynchttpclient.netty.channel.ChannelManager - Adding key: http://localhost:55294 for channel [id: 0x315f677c, L:/127.0.0.1:51187 - R:localhost/127.0.0.1:55294]
20:00:38.424 [Forwarding clickElement on session 06f0c06f818f8672f750c1023e918686 to remote] DEBUG org.asynchttpclient.netty.request.NettyRequestSender - Using pooled Channel '[id: 0x315f677c, L:/127.0.0.1:51187 - R:localhost/127.0.0.1:55294]' for 'POST' to 'http://localhost:55294/session/06f0c06f818f8672f750c1023e918686/element/5852359a-072e-4b69-ae6e-0ed3a299781d/click'
20:00:38.424 [Forwarding clickElement on session 06f0c06f818f8672f750c1023e918686 to remote] DEBUG org.asynchttpclient.netty.request.NettyRequestSender - Using open Channel [id: 0x315f677c, L:/127.0.0.1:51187 - R:localhost/127.0.0.1:55294] for POST '/session/06f0c06f818f8672f750c1023e918686/element/5852359a-072e-4b69-ae6e-0ed3a299781d/click'
20:00:38.496 [AsyncHttpClient-1-9] DEBUG org.asynchttpclient.netty.handler.HttpHandler - 

Request DefaultHttpRequest(decodeResult: success, version: HTTP/1.1)
POST /session/06f0c06f818f8672f750c1023e918686/element/5852359a-072e-4b69-ae6e-0ed3a299781d/click HTTP/1.1
User-Agent: selenium/4.1.4 (java windows)
Content-Length: 50
Content-Type: application/json; charset=utf-8
host: localhost:55294
accept: */*

Response DefaultHttpResponse(decodeResult: success, version: HTTP/1.1)
HTTP/1.1 200 OK
Content-Type: application/json; charset=utf-8
cache-control: no-cache
content-length: 14

20:00:38.496 [AsyncHttpClient-1-9] DEBUG org.asynchttpclient.netty.channel.ChannelManager - Adding key: http://localhost:55294 for channel [id: 0x315f677c, L:/127.0.0.1:51187 - R:localhost/127.0.0.1:55294]
20:00:38.504 [Forwarding screenshot on session 06f0c06f818f8672f750c1023e918686 to remote] DEBUG org.asynchttpclient.netty.request.NettyRequestSender - Using pooled Channel '[id: 0x315f677c, L:/127.0.0.1:51187 - R:localhost/127.0.0.1:55294]' for 'GET' to 'http://localhost:55294/session/06f0c06f818f8672f750c1023e918686/screenshot'
20:00:38.504 [Forwarding screenshot on session 06f0c06f818f8672f750c1023e918686 to remote] DEBUG org.asynchttpclient.netty.request.NettyRequestSender - Using open Channel [id: 0x315f677c, L:/127.0.0.1:51187 - R:localhost/127.0.0.1:55294] for GET '/session/06f0c06f818f8672f750c1023e918686/screenshot'
20:00:38.510 [AsyncHttpClient-1-1] DEBUG org.asynchttpclient.netty.channel.DefaultChannelPool - Entry count for : http://localhost:51188 : 1
20:00:38.629 [AsyncHttpClient-1-9] DEBUG org.asynchttpclient.netty.handler.HttpHandler - 

Request DefaultFullHttpRequest(decodeResult: success, version: HTTP/1.1, content: EmptyByteBufBE)
GET /session/06f0c06f818f8672f750c1023e918686/screenshot HTTP/1.1
User-Agent: selenium/4.1.4 (java windows)
Cache-Control: no-cache
Content-Type: application/json; charset=utf-8
host: localhost:55294
accept: */*

Response DefaultHttpResponse(decodeResult: success, version: HTTP/1.1)
HTTP/1.1 200 OK
Content-Type: application/json; charset=utf-8
cache-control: no-cache
content-length: 85116

20:00:38.630 [AsyncHttpClient-1-9] DEBUG org.asynchttpclient.netty.channel.ChannelManager - Adding key: http://localhost:55294 for channel [id: 0x315f677c, L:/127.0.0.1:51187 - R:localhost/127.0.0.1:55294]
20:00:38.632 [main] DEBUG net.serenitybdd.core.photography.Darkroom - Send negative for processing for target\site\serenity\90f8040e1c87bbfa0ba20d934ee3321956e55a5a76df6fc5c47d56a38c892e7c.png
20:00:38.632 [main] DEBUG net.thucydides.core.steps.StepInterceptor - STEP DONE: clickButtonKelolaJadwal
  &amp#27;[32mWhen &amp#27;[0m&amp#27;[32mClick button manage schedule&amp#27;[0m                                                        &amp#27;[90m# starter.stepdefinitios.KelolaJadwalSteps.clickButtonManageSchedule()&amp#27;[0m
20:00:38.632 [Darkroom Processing Line] DEBUG net.serenitybdd.core.photography.DarkroomProcessingLine - Processing screenshot image in /var/screenshots/screenshot-16724733957117877317
20:00:38.632 [Darkroom Processing Line] DEBUG net.serenitybdd.core.photography.DarkroomProcessingLine - Saving screenshot to target\site\serenity\90f8040e1c87bbfa0ba20d934ee3321956e55a5a76df6fc5c47d56a38c892e7c.png
20:00:39.615 [AsyncHttpClient-1-1] DEBUG org.asynchttpclient.netty.channel.DefaultChannelPool - Entry count for : http://localhost:55294 : 1
20:00:39.615 [AsyncHttpClient-1-1] DEBUG org.asynchttpclient.netty.channel.DefaultChannelPool - Entry count for : http://localhost:51188 : 1
20:00:40.713 [AsyncHttpClient-1-1] DEBUG org.asynchttpclient.netty.channel.DefaultChannelPool - Entry count for : http://localhost:55294 : 1
20:00:40.713 [AsyncHttpClient-1-1] DEBUG org.asynchttpclient.netty.channel.DefaultChannelPool - Entry count for : http://localhost:51188 : 1
20:00:41.814 [AsyncHttpClient-1-1] DEBUG org.asynchttpclient.netty.channel.DefaultChannelPool - Entry count for : http://localhost:55294 : 1
20:00:41.814 [AsyncHttpClient-1-1] DEBUG org.asynchttpclient.netty.channel.DefaultChannelPool - Entry count for : http://localhost:51188 : 1
20:00:42.916 [AsyncHttpClient-1-1] DEBUG org.asynchttpclient.netty.channel.DefaultChannelPool - Entry count for : http://localhost:55294 : 1
20:00:42.916 [AsyncHttpClient-1-1] DEBUG org.asynchttpclient.netty.channel.DefaultChannelPool - Entry count for : http://localhost:51188 : 1
20:00:44.013 [AsyncHttpClient-1-1] DEBUG org.asynchttpclient.netty.channel.DefaultChannelPool - Entry count for : http://localhost:55294 : 1
20:00:44.013 [AsyncHttpClient-1-1] DEBUG org.asynchttpclient.netty.channel.DefaultChannelPool - Entry count for : http://localhost:51188 : 1
20:00:44.700 [Forwarding screenshot on session 06f0c06f818f8672f750c1023e918686 to remote] DEBUG org.asynchttpclient.netty.request.NettyRequestSender - Using pooled Channel '[id: 0x315f677c, L:/127.0.0.1:51187 - R:localhost/127.0.0.1:55294]' for 'GET' to 'http://localhost:55294/session/06f0c06f818f8672f750c1023e918686/screenshot'
20:00:44.700 [Forwarding screenshot on session 06f0c06f818f8672f750c1023e918686 to remote] DEBUG org.asynchttpclient.netty.request.NettyRequestSender - Using open Channel [id: 0x315f677c, L:/127.0.0.1:51187 - R:localhost/127.0.0.1:55294] for GET '/session/06f0c06f818f8672f750c1023e918686/screenshot'
20:00:44.854 [AsyncHttpClient-1-9] DEBUG org.asynchttpclient.netty.handler.HttpHandler - 

Request DefaultFullHttpRequest(decodeResult: success, version: HTTP/1.1, content: EmptyByteBufBE)
GET /session/06f0c06f818f8672f750c1023e918686/screenshot HTTP/1.1
User-Agent: selenium/4.1.4 (java windows)
Cache-Control: no-cache
Content-Type: application/json; charset=utf-8
host: localhost:55294
accept: */*

Response DefaultHttpResponse(decodeResult: success, version: HTTP/1.1)
HTTP/1.1 200 OK
Content-Type: application/json; charset=utf-8
cache-control: no-cache
content-length: 94468

20:00:44.855 [AsyncHttpClient-1-9] DEBUG org.asynchttpclient.netty.channel.ChannelManager - Adding key: http://localhost:55294 for channel [id: 0x315f677c, L:/127.0.0.1:51187 - R:localhost/127.0.0.1:55294]
20:00:44.858 [main] DEBUG net.serenitybdd.core.photography.Darkroom - Send negative for processing for target\site\serenity\80b9d1edb34bf9025d5eaa5b78e137f0e5b68f42473fa97bc63e4ff7a775b50a.png
20:00:44.858 [Darkroom Processing Line] DEBUG net.serenitybdd.core.photography.DarkroomProcessingLine - Processing screenshot image in /var/screenshots/screenshot-9510661299531551020
20:00:44.858 [main] DEBUG net.thucydides.core.steps.StepInterceptor - STARTING STEP: PatientDataSteps.clickButtonTambahData - clickButtonTambah
20:00:44.858 [Darkroom Processing Line] DEBUG net.serenitybdd.core.photography.DarkroomProcessingLine - Saving screenshot to target\site\serenity\80b9d1edb34bf9025d5eaa5b78e137f0e5b68f42473fa97bc63e4ff7a775b50a.png
20:00:44.861 [Forwarding findElement on session 06f0c06f818f8672f750c1023e918686 to remote] DEBUG org.asynchttpclient.netty.request.NettyRequestSender - Using pooled Channel '[id: 0x315f677c, L:/127.0.0.1:51187 - R:localhost/127.0.0.1:55294]' for 'POST' to 'http://localhost:55294/session/06f0c06f818f8672f750c1023e918686/element'
20:00:44.861 [Forwarding findElement on session 06f0c06f818f8672f750c1023e918686 to remote] DEBUG org.asynchttpclient.netty.request.NettyRequestSender - Using open Channel [id: 0x315f677c, L:/127.0.0.1:51187 - R:localhost/127.0.0.1:55294] for POST '/session/06f0c06f818f8672f750c1023e918686/element'
20:00:44.871 [AsyncHttpClient-1-9] DEBUG org.asynchttpclient.netty.handler.HttpHandler - 

Request DefaultHttpRequest(decodeResult: success, version: HTTP/1.1)
POST /session/06f0c06f818f8672f750c1023e918686/element HTTP/1.1
User-Agent: selenium/4.1.4 (java windows)
Content-Length: 68
Content-Type: application/json; charset=utf-8
host: localhost:55294
accept: */*

Response DefaultHttpResponse(decodeResult: success, version: HTTP/1.1)
HTTP/1.1 200 OK
Content-Type: application/json; charset=utf-8
cache-control: no-cache
content-length: 88

20:00:44.871 [AsyncHttpClient-1-9] DEBUG org.asynchttpclient.netty.channel.ChannelManager - Adding key: http://localhost:55294 for channel [id: 0x315f677c, L:/127.0.0.1:51187 - R:localhost/127.0.0.1:55294]
20:00:44.872 [Forwarding getElementTagName on session 06f0c06f818f8672f750c1023e918686 to remote] DEBUG org.asynchttpclient.netty.request.NettyRequestSender - Using pooled Channel '[id: 0x315f677c, L:/127.0.0.1:51187 - R:localhost/127.0.0.1:55294]' for 'GET' to 'http://localhost:55294/session/06f0c06f818f8672f750c1023e918686/element/c8112859-1540-44be-b4ae-1e3bbaa5b1b8/name'
20:00:44.872 [Forwarding getElementTagName on session 06f0c06f818f8672f750c1023e918686 to remote] DEBUG org.asynchttpclient.netty.request.NettyRequestSender - Using open Channel [id: 0x315f677c, L:/127.0.0.1:51187 - R:localhost/127.0.0.1:55294] for GET '/session/06f0c06f818f8672f750c1023e918686/element/c8112859-1540-44be-b4ae-1e3bbaa5b1b8/name'
20:00:44.876 [AsyncHttpClient-1-9] DEBUG org.asynchttpclient.netty.handler.HttpHandler - 

Request DefaultFullHttpRequest(decodeResult: success, version: HTTP/1.1, content: EmptyByteBufBE)
GET /session/06f0c06f818f8672f750c1023e918686/element/c8112859-1540-44be-b4ae-1e3bbaa5b1b8/name HTTP/1.1
User-Agent: selenium/4.1.4 (java windows)
Cache-Control: no-cache
Content-Type: application/json; charset=utf-8
host: localhost:55294
accept: */*

Response DefaultHttpResponse(decodeResult: success, version: HTTP/1.1)
HTTP/1.1 200 OK
Content-Type: application/json; charset=utf-8
cache-control: no-cache
content-length: 18

20:00:44.876 [AsyncHttpClient-1-9] DEBUG org.asynchttpclient.netty.channel.ChannelManager - Adding key: http://localhost:55294 for channel [id: 0x315f677c, L:/127.0.0.1:51187 - R:localhost/127.0.0.1:55294]
20:00:44.876 [Forwarding getElementTagName on session 06f0c06f818f8672f750c1023e918686 to remote] DEBUG org.asynchttpclient.netty.request.NettyRequestSender - Using pooled Channel '[id: 0x315f677c, L:/127.0.0.1:51187 - R:localhost/127.0.0.1:55294]' for 'GET' to 'http://localhost:55294/session/06f0c06f818f8672f750c1023e918686/element/c8112859-1540-44be-b4ae-1e3bbaa5b1b8/name'
20:00:44.876 [Forwarding getElementTagName on session 06f0c06f818f8672f750c1023e918686 to remote] DEBUG org.asynchttpclient.netty.request.NettyRequestSender - Using open Channel [id: 0x315f677c, L:/127.0.0.1:51187 - R:localhost/127.0.0.1:55294] for GET '/session/06f0c06f818f8672f750c1023e918686/element/c8112859-1540-44be-b4ae-1e3bbaa5b1b8/name'
20:00:44.879 [AsyncHttpClient-1-9] DEBUG org.asynchttpclient.netty.handler.HttpHandler - 

Request DefaultFullHttpRequest(decodeResult: success, version: HTTP/1.1, content: EmptyByteBufBE)
GET /session/06f0c06f818f8672f750c1023e918686/element/c8112859-1540-44be-b4ae-1e3bbaa5b1b8/name HTTP/1.1
User-Agent: selenium/4.1.4 (java windows)
Cache-Control: no-cache
Content-Type: application/json; charset=utf-8
host: localhost:55294
accept: */*

Response DefaultHttpResponse(decodeResult: success, version: HTTP/1.1)
HTTP/1.1 200 OK
Content-Type: application/json; charset=utf-8
cache-control: no-cache
content-length: 18

20:00:44.879 [AsyncHttpClient-1-9] DEBUG org.asynchttpclient.netty.channel.ChannelManager - Adding key: http://localhost:55294 for channel [id: 0x315f677c, L:/127.0.0.1:51187 - R:localhost/127.0.0.1:55294]
20:00:44.881 [Forwarding isElementEnabled on session 06f0c06f818f8672f750c1023e918686 to remote] DEBUG org.asynchttpclient.netty.request.NettyRequestSender - Using pooled Channel '[id: 0x315f677c, L:/127.0.0.1:51187 - R:localhost/127.0.0.1:55294]' for 'GET' to 'http://localhost:55294/session/06f0c06f818f8672f750c1023e918686/element/c8112859-1540-44be-b4ae-1e3bbaa5b1b8/enabled'
20:00:44.881 [Forwarding isElementEnabled on session 06f0c06f818f8672f750c1023e918686 to remote] DEBUG org.asynchttpclient.netty.request.NettyRequestSender - Using open Channel [id: 0x315f677c, L:/127.0.0.1:51187 - R:localhost/127.0.0.1:55294] for GET '/session/06f0c06f818f8672f750c1023e918686/element/c8112859-1540-44be-b4ae-1e3bbaa5b1b8/enabled'
20:00:44.889 [AsyncHttpClient-1-9] DEBUG org.asynchttpclient.netty.handler.HttpHandler - 

Request DefaultFullHttpRequest(decodeResult: success, version: HTTP/1.1, content: EmptyByteBufBE)
GET /session/06f0c06f818f8672f750c1023e918686/element/c8112859-1540-44be-b4ae-1e3bbaa5b1b8/enabled HTTP/1.1
User-Agent: selenium/4.1.4 (java windows)
Cache-Control: no-cache
Content-Type: application/json; charset=utf-8
host: localhost:55294
accept: */*

Response DefaultHttpResponse(decodeResult: success, version: HTTP/1.1)
HTTP/1.1 200 OK
Content-Type: application/json; charset=utf-8
cache-control: no-cache
content-length: 14

20:00:44.889 [AsyncHttpClient-1-9] DEBUG org.asynchttpclient.netty.channel.ChannelManager - Adding key: http://localhost:55294 for channel [id: 0x315f677c, L:/127.0.0.1:51187 - R:localhost/127.0.0.1:55294]
20:00:44.889 [Forwarding isElementEnabled on session 06f0c06f818f8672f750c1023e918686 to remote] DEBUG org.asynchttpclient.netty.request.NettyRequestSender - Using pooled Channel '[id: 0x315f677c, L:/127.0.0.1:51187 - R:localhost/127.0.0.1:55294]' for 'GET' to 'http://localhost:55294/session/06f0c06f818f8672f750c1023e918686/element/c8112859-1540-44be-b4ae-1e3bbaa5b1b8/enabled'
20:00:44.889 [Forwarding isElementEnabled on session 06f0c06f818f8672f750c1023e918686 to remote] DEBUG org.asynchttpclient.netty.request.NettyRequestSender - Using open Channel [id: 0x315f677c, L:/127.0.0.1:51187 - R:localhost/127.0.0.1:55294] for GET '/session/06f0c06f818f8672f750c1023e918686/element/c8112859-1540-44be-b4ae-1e3bbaa5b1b8/enabled'
20:00:44.895 [AsyncHttpClient-1-9] DEBUG org.asynchttpclient.netty.handler.HttpHandler - 

Request DefaultFullHttpRequest(decodeResult: success, version: HTTP/1.1, content: EmptyByteBufBE)
GET /session/06f0c06f818f8672f750c1023e918686/element/c8112859-1540-44be-b4ae-1e3bbaa5b1b8/enabled HTTP/1.1
User-Agent: selenium/4.1.4 (java windows)
Cache-Control: no-cache
Content-Type: application/json; charset=utf-8
host: localhost:55294
accept: */*

Response DefaultHttpResponse(decodeResult: success, version: HTTP/1.1)
HTTP/1.1 200 OK
Content-Type: application/json; charset=utf-8
cache-control: no-cache
content-length: 14

20:00:44.895 [AsyncHttpClient-1-9] DEBUG org.asynchttpclient.netty.channel.ChannelManager - Adding key: http://localhost:55294 for channel [id: 0x315f677c, L:/127.0.0.1:51187 - R:localhost/127.0.0.1:55294]
20:00:44.895 [Forwarding findElement on session 06f0c06f818f8672f750c1023e918686 to remote] DEBUG org.asynchttpclient.netty.request.NettyRequestSender - Using pooled Channel '[id: 0x315f677c, L:/127.0.0.1:51187 - R:localhost/127.0.0.1:55294]' for 'POST' to 'http://localhost:55294/session/06f0c06f818f8672f750c1023e918686/element'
20:00:44.895 [Forwarding findElement on session 06f0c06f818f8672f750c1023e918686 to remote] DEBUG org.asynchttpclient.netty.request.NettyRequestSender - Using open Channel [id: 0x315f677c, L:/127.0.0.1:51187 - R:localhost/127.0.0.1:55294] for POST '/session/06f0c06f818f8672f750c1023e918686/element'
20:00:44.903 [AsyncHttpClient-1-9] DEBUG org.asynchttpclient.netty.handler.HttpHandler - 

Request DefaultHttpRequest(decodeResult: success, version: HTTP/1.1)
POST /session/06f0c06f818f8672f750c1023e918686/element HTTP/1.1
User-Agent: selenium/4.1.4 (java windows)
Content-Length: 68
Content-Type: application/json; charset=utf-8
host: localhost:55294
accept: */*

Response DefaultHttpResponse(decodeResult: success, version: HTTP/1.1)
HTTP/1.1 200 OK
Content-Type: application/json; charset=utf-8
cache-control: no-cache
content-length: 88

20:00:44.903 [AsyncHttpClient-1-9] DEBUG org.asynchttpclient.netty.channel.ChannelManager - Adding key: http://localhost:55294 for channel [id: 0x315f677c, L:/127.0.0.1:51187 - R:localhost/127.0.0.1:55294]
20:00:44.904 [Forwarding clickElement on session 06f0c06f818f8672f750c1023e918686 to remote] DEBUG org.asynchttpclient.netty.request.NettyRequestSender - Using pooled Channel '[id: 0x315f677c, L:/127.0.0.1:51187 - R:localhost/127.0.0.1:55294]' for 'POST' to 'http://localhost:55294/session/06f0c06f818f8672f750c1023e918686/element/c8112859-1540-44be-b4ae-1e3bbaa5b1b8/click'
20:00:44.904 [Forwarding clickElement on session 06f0c06f818f8672f750c1023e918686 to remote] DEBUG org.asynchttpclient.netty.request.NettyRequestSender - Using open Channel [id: 0x315f677c, L:/127.0.0.1:51187 - R:localhost/127.0.0.1:55294] for POST '/session/06f0c06f818f8672f750c1023e918686/element/c8112859-1540-44be-b4ae-1e3bbaa5b1b8/click'
20:00:44.966 [AsyncHttpClient-1-9] DEBUG org.asynchttpclient.netty.handler.HttpHandler - 

Request DefaultHttpRequest(decodeResult: success, version: HTTP/1.1)
POST /session/06f0c06f818f8672f750c1023e918686/element/c8112859-1540-44be-b4ae-1e3bbaa5b1b8/click HTTP/1.1
User-Agent: selenium/4.1.4 (java windows)
Content-Length: 50
Content-Type: application/json; charset=utf-8
host: localhost:55294
accept: */*

Response DefaultHttpResponse(decodeResult: success, version: HTTP/1.1)
HTTP/1.1 200 OK
Content-Type: application/json; charset=utf-8
cache-control: no-cache
content-length: 14

20:00:44.966 [AsyncHttpClient-1-9] DEBUG org.asynchttpclient.netty.channel.ChannelManager - Adding key: http://localhost:55294 for channel [id: 0x315f677c, L:/127.0.0.1:51187 - R:localhost/127.0.0.1:55294]
20:00:44.972 [Forwarding screenshot on session 06f0c06f818f8672f750c1023e918686 to remote] DEBUG org.asynchttpclient.netty.request.NettyRequestSender - Using pooled Channel '[id: 0x315f677c, L:/127.0.0.1:51187 - R:localhost/127.0.0.1:55294]' for 'GET' to 'http://localhost:55294/session/06f0c06f818f8672f750c1023e918686/screenshot'
20:00:44.972 [Forwarding screenshot on session 06f0c06f818f8672f750c1023e918686 to remote] DEBUG org.asynchttpclient.netty.request.NettyRequestSender - Using open Channel [id: 0x315f677c, L:/127.0.0.1:51187 - R:localhost/127.0.0.1:55294] for GET '/session/06f0c06f818f8672f750c1023e918686/screenshot'
20:00:45.122 [AsyncHttpClient-1-1] DEBUG org.asynchttpclient.netty.channel.DefaultChannelPool - Entry count for : http://localhost:51188 : 1
20:00:45.126 [AsyncHttpClient-1-9] DEBUG org.asynchttpclient.netty.handler.HttpHandler - 

Request DefaultFullHttpRequest(decodeResult: success, version: HTTP/1.1, content: EmptyByteBufBE)
GET /session/06f0c06f818f8672f750c1023e918686/screenshot HTTP/1.1
User-Agent: selenium/4.1.4 (java windows)
Cache-Control: no-cache
Content-Type: application/json; charset=utf-8
host: localhost:55294
accept: */*

Response DefaultHttpResponse(decodeResult: success, version: HTTP/1.1)
HTTP/1.1 200 OK
Content-Type: application/json; charset=utf-8
cache-control: no-cache
content-length: 46852

20:00:45.126 [AsyncHttpClient-1-9] DEBUG org.asynchttpclient.netty.channel.ChannelManager - Adding key: http://localhost:55294 for channel [id: 0x315f677c, L:/127.0.0.1:51187 - R:localhost/127.0.0.1:55294]
20:00:45.129 [main] DEBUG net.serenitybdd.core.photography.Darkroom - Send negative for processing for target\site\serenity\9820b4da38a7409af7bf563034cd1f8b72fb462eb2c9c14321161e955cd4e2e1.png
20:00:45.129 [main] DEBUG net.thucydides.core.steps.StepInterceptor - STEP DONE: clickButtonTambah
20:00:45.130 [Darkroom Processing Line] DEBUG net.serenitybdd.core.photography.DarkroomProcessingLine - Processing screenshot image in /var/screenshots/screenshot-18343261975790028458
  &amp#27;[32mAnd &amp#27;[0m&amp#27;[32mClick button tambah data&amp#27;[0m                                                             &amp#27;[90m# starter.stepdefinitios.PatientDataSteps.clickButtonTambahData()&amp#27;[0m
20:00:45.130 [Darkroom Processing Line] DEBUG net.serenitybdd.core.photography.DarkroomProcessingLine - Saving screenshot to target\site\serenity\9820b4da38a7409af7bf563034cd1f8b72fb462eb2c9c14321161e955cd4e2e1.png
20:00:46.217 [AsyncHttpClient-1-1] DEBUG org.asynchttpclient.netty.channel.DefaultChannelPool - Entry count for : http://localhost:55294 : 1
20:00:46.217 [AsyncHttpClient-1-1] DEBUG org.asynchttpclient.netty.channel.DefaultChannelPool - Entry count for : http://localhost:51188 : 1
20:00:47.316 [AsyncHttpClient-1-1] DEBUG org.asynchttpclient.netty.channel.DefaultChannelPool - Entry count for : http://localhost:55294 : 1
20:00:47.316 [AsyncHttpClient-1-1] DEBUG org.asynchttpclient.netty.channel.DefaultChannelPool - Entry count for : http://localhost:51188 : 1
20:00:48.414 [AsyncHttpClient-1-1] DEBUG org.asynchttpclient.netty.channel.DefaultChannelPool - Entry count for : http://localhost:55294 : 1
20:00:48.414 [AsyncHttpClient-1-1] DEBUG org.asynchttpclient.netty.channel.DefaultChannelPool - Entry count for : http://localhost:51188 : 1
20:00:49.512 [AsyncHttpClient-1-1] DEBUG org.asynchttpclient.netty.channel.DefaultChannelPool - Entry count for : http://localhost:55294 : 1
20:00:49.512 [AsyncHttpClient-1-1] DEBUG org.asynchttpclient.netty.channel.DefaultChannelPool - Entry count for : http://localhost:51188 : 1
20:00:50.167 [Forwarding screenshot on session 06f0c06f818f8672f750c1023e918686 to remote] DEBUG org.asynchttpclient.netty.request.NettyRequestSender - Using pooled Channel '[id: 0x315f677c, L:/127.0.0.1:51187 - R:localhost/127.0.0.1:55294]' for 'GET' to 'http://localhost:55294/session/06f0c06f818f8672f750c1023e918686/screenshot'
20:00:50.167 [Forwarding screenshot on session 06f0c06f818f8672f750c1023e918686 to remote] DEBUG org.asynchttpclient.netty.request.NettyRequestSender - Using open Channel [id: 0x315f677c, L:/127.0.0.1:51187 - R:localhost/127.0.0.1:55294] for GET '/session/06f0c06f818f8672f750c1023e918686/screenshot'
20:00:50.355 [AsyncHttpClient-1-9] DEBUG org.asynchttpclient.netty.handler.HttpHandler - 

Request DefaultFullHttpRequest(decodeResult: success, version: HTTP/1.1, content: EmptyByteBufBE)
GET /session/06f0c06f818f8672f750c1023e918686/screenshot HTTP/1.1
User-Agent: selenium/4.1.4 (java windows)
Cache-Control: no-cache
Content-Type: application/json; charset=utf-8
host: localhost:55294
accept: */*

Response DefaultHttpResponse(decodeResult: success, version: HTTP/1.1)
HTTP/1.1 200 OK
Content-Type: application/json; charset=utf-8
cache-control: no-cache
content-length: 47716

20:00:50.356 [AsyncHttpClient-1-9] DEBUG org.asynchttpclient.netty.channel.ChannelManager - Adding key: http://localhost:55294 for channel [id: 0x315f677c, L:/127.0.0.1:51187 - R:localhost/127.0.0.1:55294]
20:00:50.357 [main] DEBUG net.serenitybdd.core.photography.Darkroom - Send negative for processing for target\site\serenity\ad177091e4acbab0cd01d6b4460c49c80aa2a4502185984912e75c5401e1a307.png
20:00:50.359 [main] DEBUG net.thucydides.core.steps.StepInterceptor - STARTING STEP: KelolaJadwalSteps.clickOnTheSelectPatientActionToSelectAPatient - buttonPilihPasien
20:00:50.362 [Forwarding findElement on session 06f0c06f818f8672f750c1023e918686 to remote] DEBUG org.asynchttpclient.netty.request.NettyRequestSender - Using pooled Channel '[id: 0x315f677c, L:/127.0.0.1:51187 - R:localhost/127.0.0.1:55294]' for 'POST' to 'http://localhost:55294/session/06f0c06f818f8672f750c1023e918686/element'
20:00:50.362 [Forwarding findElement on session 06f0c06f818f8672f750c1023e918686 to remote] DEBUG org.asynchttpclient.netty.request.NettyRequestSender - Using open Channel [id: 0x315f677c, L:/127.0.0.1:51187 - R:localhost/127.0.0.1:55294] for POST '/session/06f0c06f818f8672f750c1023e918686/element'
20:00:50.378 [AsyncHttpClient-1-9] DEBUG org.asynchttpclient.netty.handler.HttpHandler - 

Request DefaultHttpRequest(decodeResult: success, version: HTTP/1.1)
POST /session/06f0c06f818f8672f750c1023e918686/element HTTP/1.1
User-Agent: selenium/4.1.4 (java windows)
Content-Length: 147
Content-Type: application/json; charset=utf-8
host: localhost:55294
accept: */*

Response DefaultHttpResponse(decodeResult: success, version: HTTP/1.1)
HTTP/1.1 200 OK
Content-Type: application/json; charset=utf-8
cache-control: no-cache
content-length: 88

20:00:50.378 [AsyncHttpClient-1-9] DEBUG org.asynchttpclient.netty.channel.ChannelManager - Adding key: http://localhost:55294 for channel [id: 0x315f677c, L:/127.0.0.1:51187 - R:localhost/127.0.0.1:55294]
20:00:50.379 [Forwarding getElementTagName on session 06f0c06f818f8672f750c1023e918686 to remote] DEBUG org.asynchttpclient.netty.request.NettyRequestSender - Using pooled Channel '[id: 0x315f677c, L:/127.0.0.1:51187 - R:localhost/127.0.0.1:55294]' for 'GET' to 'http://localhost:55294/session/06f0c06f818f8672f750c1023e918686/element/eedfc17b-1839-4027-bdc7-fc698c34ca92/name'
20:00:50.379 [Forwarding getElementTagName on session 06f0c06f818f8672f750c1023e918686 to remote] DEBUG org.asynchttpclient.netty.request.NettyRequestSender - Using open Channel [id: 0x315f677c, L:/127.0.0.1:51187 - R:localhost/127.0.0.1:55294] for GET '/session/06f0c06f818f8672f750c1023e918686/element/eedfc17b-1839-4027-bdc7-fc698c34ca92/name'
20:00:50.384 [AsyncHttpClient-1-9] DEBUG org.asynchttpclient.netty.handler.HttpHandler - 

Request DefaultFullHttpRequest(decodeResult: success, version: HTTP/1.1, content: EmptyByteBufBE)
GET /session/06f0c06f818f8672f750c1023e918686/element/eedfc17b-1839-4027-bdc7-fc698c34ca92/name HTTP/1.1
User-Agent: selenium/4.1.4 (java windows)
Cache-Control: no-cache
Content-Type: application/json; charset=utf-8
host: localhost:55294
accept: */*

Response DefaultHttpResponse(decodeResult: success, version: HTTP/1.1)
HTTP/1.1 200 OK
Content-Type: application/json; charset=utf-8
cache-control: no-cache
content-length: 15

20:00:50.385 [AsyncHttpClient-1-9] DEBUG org.asynchttpclient.netty.channel.ChannelManager - Adding key: http://localhost:55294 for channel [id: 0x315f677c, L:/127.0.0.1:51187 - R:localhost/127.0.0.1:55294]
20:00:50.386 [Forwarding getElementTagName on session 06f0c06f818f8672f750c1023e918686 to remote] DEBUG org.asynchttpclient.netty.request.NettyRequestSender - Using pooled Channel '[id: 0x315f677c, L:/127.0.0.1:51187 - R:localhost/127.0.0.1:55294]' for 'GET' to 'http://localhost:55294/session/06f0c06f818f8672f750c1023e918686/element/eedfc17b-1839-4027-bdc7-fc698c34ca92/name'
20:00:50.386 [Forwarding getElementTagName on session 06f0c06f818f8672f750c1023e918686 to remote] DEBUG org.asynchttpclient.netty.request.NettyRequestSender - Using open Channel [id: 0x315f677c, L:/127.0.0.1:51187 - R:localhost/127.0.0.1:55294] for GET '/session/06f0c06f818f8672f750c1023e918686/element/eedfc17b-1839-4027-bdc7-fc698c34ca92/name'
20:00:50.390 [AsyncHttpClient-1-9] DEBUG org.asynchttpclient.netty.handler.HttpHandler - 

Request DefaultFullHttpRequest(decodeResult: success, version: HTTP/1.1, content: EmptyByteBufBE)
GET /session/06f0c06f818f8672f750c1023e918686/element/eedfc17b-1839-4027-bdc7-fc698c34ca92/name HTTP/1.1
User-Agent: selenium/4.1.4 (java windows)
Cache-Control: no-cache
Content-Type: application/json; charset=utf-8
host: localhost:55294
accept: */*

Response DefaultHttpResponse(decodeResult: success, version: HTTP/1.1)
HTTP/1.1 200 OK
Content-Type: application/json; charset=utf-8
cache-control: no-cache
content-length: 15

20:00:50.391 [AsyncHttpClient-1-9] DEBUG org.asynchttpclient.netty.channel.ChannelManager - Adding key: http://localhost:55294 for channel [id: 0x315f677c, L:/127.0.0.1:51187 - R:localhost/127.0.0.1:55294]
20:00:50.393 [Forwarding findElement on session 06f0c06f818f8672f750c1023e918686 to remote] DEBUG org.asynchttpclient.netty.request.NettyRequestSender - Using pooled Channel '[id: 0x315f677c, L:/127.0.0.1:51187 - R:localhost/127.0.0.1:55294]' for 'POST' to 'http://localhost:55294/session/06f0c06f818f8672f750c1023e918686/element'
20:00:50.393 [Forwarding findElement on session 06f0c06f818f8672f750c1023e918686 to remote] DEBUG org.asynchttpclient.netty.request.NettyRequestSender - Using open Channel [id: 0x315f677c, L:/127.0.0.1:51187 - R:localhost/127.0.0.1:55294] for POST '/session/06f0c06f818f8672f750c1023e918686/element'
20:00:50.402 [AsyncHttpClient-1-9] DEBUG org.asynchttpclient.netty.handler.HttpHandler - 

Request DefaultHttpRequest(decodeResult: success, version: HTTP/1.1)
POST /session/06f0c06f818f8672f750c1023e918686/element HTTP/1.1
User-Agent: selenium/4.1.4 (java windows)
Content-Length: 147
Content-Type: application/json; charset=utf-8
host: localhost:55294
accept: */*

Response DefaultHttpResponse(decodeResult: success, version: HTTP/1.1)
HTTP/1.1 200 OK
Content-Type: application/json; charset=utf-8
cache-control: no-cache
content-length: 88

20:00:50.402 [AsyncHttpClient-1-9] DEBUG org.asynchttpclient.netty.channel.ChannelManager - Adding key: http://localhost:55294 for channel [id: 0x315f677c, L:/127.0.0.1:51187 - R:localhost/127.0.0.1:55294]
20:00:50.403 [Forwarding clickElement on session 06f0c06f818f8672f750c1023e918686 to remote] DEBUG org.asynchttpclient.netty.request.NettyRequestSender - Using pooled Channel '[id: 0x315f677c, L:/127.0.0.1:51187 - R:localhost/127.0.0.1:55294]' for 'POST' to 'http://localhost:55294/session/06f0c06f818f8672f750c1023e918686/element/eedfc17b-1839-4027-bdc7-fc698c34ca92/click'
20:00:50.403 [Forwarding clickElement on session 06f0c06f818f8672f750c1023e918686 to remote] DEBUG org.asynchttpclient.netty.request.NettyRequestSender - Using open Channel [id: 0x315f677c, L:/127.0.0.1:51187 - R:localhost/127.0.0.1:55294] for POST '/session/06f0c06f818f8672f750c1023e918686/element/eedfc17b-1839-4027-bdc7-fc698c34ca92/click'
20:00:50.490 [AsyncHttpClient-1-9] DEBUG org.asynchttpclient.netty.handler.HttpHandler - 

Request DefaultHttpRequest(decodeResult: success, version: HTTP/1.1)
POST /session/06f0c06f818f8672f750c1023e918686/element/eedfc17b-1839-4027-bdc7-fc698c34ca92/click HTTP/1.1
User-Agent: selenium/4.1.4 (java windows)
Content-Length: 50
Content-Type: application/json; charset=utf-8
host: localhost:55294
accept: */*

Response DefaultHttpResponse(decodeResult: success, version: HTTP/1.1)
HTTP/1.1 200 OK
Content-Type: application/json; charset=utf-8
cache-control: no-cache
content-length: 14

20:00:50.490 [AsyncHttpClient-1-9] DEBUG org.asynchttpclient.netty.channel.ChannelManager - Adding key: http://localhost:55294 for channel [id: 0x315f677c, L:/127.0.0.1:51187 - R:localhost/127.0.0.1:55294]
20:00:50.503 [Forwarding screenshot on session 06f0c06f818f8672f750c1023e918686 to remote] DEBUG org.asynchttpclient.netty.request.NettyRequestSender - Using pooled Channel '[id: 0x315f677c, L:/127.0.0.1:51187 - R:localhost/127.0.0.1:55294]' for 'GET' to 'http://localhost:55294/session/06f0c06f818f8672f750c1023e918686/screenshot'
20:00:50.503 [Forwarding screenshot on session 06f0c06f818f8672f750c1023e918686 to remote] DEBUG org.asynchttpclient.netty.request.NettyRequestSender - Using open Channel [id: 0x315f677c, L:/127.0.0.1:51187 - R:localhost/127.0.0.1:55294] for GET '/session/06f0c06f818f8672f750c1023e918686/screenshot'
20:00:50.611 [AsyncHttpClient-1-1] DEBUG org.asynchttpclient.netty.channel.DefaultChannelPool - Entry count for : http://localhost:51188 : 1
20:00:50.676 [AsyncHttpClient-1-9] DEBUG org.asynchttpclient.netty.handler.HttpHandler - 

Request DefaultFullHttpRequest(decodeResult: success, version: HTTP/1.1, content: EmptyByteBufBE)
GET /session/06f0c06f818f8672f750c1023e918686/screenshot HTTP/1.1
User-Agent: selenium/4.1.4 (java windows)
Cache-Control: no-cache
Content-Type: application/json; charset=utf-8
host: localhost:55294
accept: */*

Response DefaultHttpResponse(decodeResult: success, version: HTTP/1.1)
HTTP/1.1 200 OK
Content-Type: application/json; charset=utf-8
cache-control: no-cache
content-length: 52968

20:00:50.676 [AsyncHttpClient-1-9] DEBUG org.asynchttpclient.netty.channel.ChannelManager - Adding key: http://localhost:55294 for channel [id: 0x315f677c, L:/127.0.0.1:51187 - R:localhost/127.0.0.1:55294]
20:00:50.681 [main] DEBUG net.serenitybdd.core.photography.Darkroom - Send negative for processing for target\site\serenity\acc21a1995349d1d59091459735ab3e7c0cb54f26ae0ae3b56dc0f570ffc4c3f.png
20:00:50.682 [Darkroom Processing Line] DEBUG net.serenitybdd.core.photography.DarkroomProcessingLine - Processing screenshot image in /var/screenshots/screenshot-8580709697600869999
20:00:50.682 [Darkroom Processing Line] DEBUG net.serenitybdd.core.photography.DarkroomProcessingLine - Saving screenshot to target\site\serenity\acc21a1995349d1d59091459735ab3e7c0cb54f26ae0ae3b56dc0f570ffc4c3f.png
20:00:50.682 [main] DEBUG net.thucydides.core.steps.StepInterceptor - STEP DONE: buttonPilihPasien
  &amp#27;[32mAnd &amp#27;[0m&amp#27;[32mClick on the select patient action to select a patient&amp#27;[0m                               &amp#27;[90m# starter.stepdefinitios.KelolaJadwalSteps.clickOnTheSelectPatientActionToSelectAPatient()&amp#27;[0m
20:00:51.708 [AsyncHttpClient-1-1] DEBUG org.asynchttpclient.netty.channel.DefaultChannelPool - Entry count for : http://localhost:55294 : 1
20:00:51.708 [AsyncHttpClient-1-1] DEBUG org.asynchttpclient.netty.channel.DefaultChannelPool - Entry count for : http://localhost:51188 : 1
20:00:52.811 [AsyncHttpClient-1-1] DEBUG org.asynchttpclient.netty.channel.DefaultChannelPool - Entry count for : http://localhost:55294 : 1
20:00:52.811 [AsyncHttpClient-1-1] DEBUG org.asynchttpclient.netty.channel.DefaultChannelPool - Entry count for : http://localhost:51188 : 1
20:00:53.914 [AsyncHttpClient-1-1] DEBUG org.asynchttpclient.netty.channel.DefaultChannelPool - Entry count for : http://localhost:55294 : 1
20:00:53.914 [AsyncHttpClient-1-1] DEBUG org.asynchttpclient.netty.channel.DefaultChannelPool - Entry count for : http://localhost:51188 : 1
20:00:55.012 [AsyncHttpClient-1-1] DEBUG org.asynchttpclient.netty.channel.DefaultChannelPool - Entry count for : http://localhost:55294 : 1
20:00:55.012 [AsyncHttpClient-1-1] DEBUG org.asynchttpclient.netty.channel.DefaultChannelPool - Entry count for : http://localhost:51188 : 1
20:00:55.739 [Forwarding screenshot on session 06f0c06f818f8672f750c1023e918686 to remote] DEBUG org.asynchttpclient.netty.request.NettyRequestSender - Using pooled Channel '[id: 0x315f677c, L:/127.0.0.1:51187 - R:localhost/127.0.0.1:55294]' for 'GET' to 'http://localhost:55294/session/06f0c06f818f8672f750c1023e918686/screenshot'
20:00:55.739 [Forwarding screenshot on session 06f0c06f818f8672f750c1023e918686 to remote] DEBUG org.asynchttpclient.netty.request.NettyRequestSender - Using open Channel [id: 0x315f677c, L:/127.0.0.1:51187 - R:localhost/127.0.0.1:55294] for GET '/session/06f0c06f818f8672f750c1023e918686/screenshot'
20:00:55.853 [AsyncHttpClient-1-9] DEBUG org.asynchttpclient.netty.handler.HttpHandler - 

Request DefaultFullHttpRequest(decodeResult: success, version: HTTP/1.1, content: EmptyByteBufBE)
GET /session/06f0c06f818f8672f750c1023e918686/screenshot HTTP/1.1
User-Agent: selenium/4.1.4 (java windows)
Cache-Control: no-cache
Content-Type: application/json; charset=utf-8
host: localhost:55294
accept: */*

Response DefaultHttpResponse(decodeResult: success, version: HTTP/1.1)
HTTP/1.1 200 OK
Content-Type: application/json; charset=utf-8
cache-control: no-cache
content-length: 52960

20:00:55.853 [AsyncHttpClient-1-9] DEBUG org.asynchttpclient.netty.channel.ChannelManager - Adding key: http://localhost:55294 for channel [id: 0x315f677c, L:/127.0.0.1:51187 - R:localhost/127.0.0.1:55294]
20:00:55.854 [main] DEBUG net.serenitybdd.core.photography.Darkroom - Send negative for processing for target\site\serenity\c98a697cb362c1e45d8476a44ab6e7293338b689a16d886c83d00e534ea9deb1.png
20:00:55.855 [main] DEBUG net.thucydides.core.steps.StepInterceptor - STARTING STEP: KelolaJadwalSteps.clickOnTheActionChooseADoctorToChooseADoctor - buttonPilihDokter
20:00:55.856 [Forwarding findElement on session 06f0c06f818f8672f750c1023e918686 to remote] DEBUG org.asynchttpclient.netty.request.NettyRequestSender - Using pooled Channel '[id: 0x315f677c, L:/127.0.0.1:51187 - R:localhost/127.0.0.1:55294]' for 'POST' to 'http://localhost:55294/session/06f0c06f818f8672f750c1023e918686/element'
20:00:55.856 [Forwarding findElement on session 06f0c06f818f8672f750c1023e918686 to remote] DEBUG org.asynchttpclient.netty.request.NettyRequestSender - Using open Channel [id: 0x315f677c, L:/127.0.0.1:51187 - R:localhost/127.0.0.1:55294] for POST '/session/06f0c06f818f8672f750c1023e918686/element'
20:00:55.863 [AsyncHttpClient-1-9] DEBUG org.asynchttpclient.netty.handler.HttpHandler - 

Request DefaultHttpRequest(decodeResult: success, version: HTTP/1.1)
POST /session/06f0c06f818f8672f750c1023e918686/element HTTP/1.1
User-Agent: selenium/4.1.4 (java windows)
Content-Length: 147
Content-Type: application/json; charset=utf-8
host: localhost:55294
accept: */*

Response DefaultHttpResponse(decodeResult: success, version: HTTP/1.1)
HTTP/1.1 200 OK
Content-Type: application/json; charset=utf-8
cache-control: no-cache
content-length: 88

20:00:55.864 [AsyncHttpClient-1-9] DEBUG org.asynchttpclient.netty.channel.ChannelManager - Adding key: http://localhost:55294 for channel [id: 0x315f677c, L:/127.0.0.1:51187 - R:localhost/127.0.0.1:55294]
20:00:55.864 [Forwarding getElementTagName on session 06f0c06f818f8672f750c1023e918686 to remote] DEBUG org.asynchttpclient.netty.request.NettyRequestSender - Using pooled Channel '[id: 0x315f677c, L:/127.0.0.1:51187 - R:localhost/127.0.0.1:55294]' for 'GET' to 'http://localhost:55294/session/06f0c06f818f8672f750c1023e918686/element/a756f50c-abbf-44fe-90da-bc56e55aacfc/name'
20:00:55.864 [Forwarding getElementTagName on session 06f0c06f818f8672f750c1023e918686 to remote] DEBUG org.asynchttpclient.netty.request.NettyRequestSender - Using open Channel [id: 0x315f677c, L:/127.0.0.1:51187 - R:localhost/127.0.0.1:55294] for GET '/session/06f0c06f818f8672f750c1023e918686/element/a756f50c-abbf-44fe-90da-bc56e55aacfc/name'
20:00:55.868 [AsyncHttpClient-1-9] DEBUG org.asynchttpclient.netty.handler.HttpHandler - 

Request DefaultFullHttpRequest(decodeResult: success, version: HTTP/1.1, content: EmptyByteBufBE)
GET /session/06f0c06f818f8672f750c1023e918686/element/a756f50c-abbf-44fe-90da-bc56e55aacfc/name HTTP/1.1
User-Agent: selenium/4.1.4 (java windows)
Cache-Control: no-cache
Content-Type: application/json; charset=utf-8
host: localhost:55294
accept: */*

Response DefaultHttpResponse(decodeResult: success, version: HTTP/1.1)
HTTP/1.1 200 OK
Content-Type: application/json; charset=utf-8
cache-control: no-cache
content-length: 15

20:00:55.869 [AsyncHttpClient-1-9] DEBUG org.asynchttpclient.netty.channel.ChannelManager - Adding key: http://localhost:55294 for channel [id: 0x315f677c, L:/127.0.0.1:51187 - R:localhost/127.0.0.1:55294]
20:00:55.869 [Forwarding getElementTagName on session 06f0c06f818f8672f750c1023e918686 to remote] DEBUG org.asynchttpclient.netty.request.NettyRequestSender - Using pooled Channel '[id: 0x315f677c, L:/127.0.0.1:51187 - R:localhost/127.0.0.1:55294]' for 'GET' to 'http://localhost:55294/session/06f0c06f818f8672f750c1023e918686/element/a756f50c-abbf-44fe-90da-bc56e55aacfc/name'
20:00:55.869 [Forwarding getElementTagName on session 06f0c06f818f8672f750c1023e918686 to remote] DEBUG org.asynchttpclient.netty.request.NettyRequestSender - Using open Channel [id: 0x315f677c, L:/127.0.0.1:51187 - R:localhost/127.0.0.1:55294] for GET '/session/06f0c06f818f8672f750c1023e918686/element/a756f50c-abbf-44fe-90da-bc56e55aacfc/name'
20:00:55.872 [AsyncHttpClient-1-9] DEBUG org.asynchttpclient.netty.handler.HttpHandler - 

Request DefaultFullHttpRequest(decodeResult: success, version: HTTP/1.1, content: EmptyByteBufBE)
GET /session/06f0c06f818f8672f750c1023e918686/element/a756f50c-abbf-44fe-90da-bc56e55aacfc/name HTTP/1.1
User-Agent: selenium/4.1.4 (java windows)
Cache-Control: no-cache
Content-Type: application/json; charset=utf-8
host: localhost:55294
accept: */*

Response DefaultHttpResponse(decodeResult: success, version: HTTP/1.1)
HTTP/1.1 200 OK
Content-Type: application/json; charset=utf-8
cache-control: no-cache
content-length: 15

20:00:55.872 [AsyncHttpClient-1-9] DEBUG org.asynchttpclient.netty.channel.ChannelManager - Adding key: http://localhost:55294 for channel [id: 0x315f677c, L:/127.0.0.1:51187 - R:localhost/127.0.0.1:55294]
20:00:55.873 [Forwarding findElement on session 06f0c06f818f8672f750c1023e918686 to remote] DEBUG org.asynchttpclient.netty.request.NettyRequestSender - Using pooled Channel '[id: 0x315f677c, L:/127.0.0.1:51187 - R:localhost/127.0.0.1:55294]' for 'POST' to 'http://localhost:55294/session/06f0c06f818f8672f750c1023e918686/element'
20:00:55.873 [Forwarding findElement on session 06f0c06f818f8672f750c1023e918686 to remote] DEBUG org.asynchttpclient.netty.request.NettyRequestSender - Using open Channel [id: 0x315f677c, L:/127.0.0.1:51187 - R:localhost/127.0.0.1:55294] for POST '/session/06f0c06f818f8672f750c1023e918686/element'
20:00:55.878 [AsyncHttpClient-1-9] DEBUG org.asynchttpclient.netty.handler.HttpHandler - 

Request DefaultHttpRequest(decodeResult: success, version: HTTP/1.1)
POST /session/06f0c06f818f8672f750c1023e918686/element HTTP/1.1
User-Agent: selenium/4.1.4 (java windows)
Content-Length: 147
Content-Type: application/json; charset=utf-8
host: localhost:55294
accept: */*

Response DefaultHttpResponse(decodeResult: success, version: HTTP/1.1)
HTTP/1.1 200 OK
Content-Type: application/json; charset=utf-8
cache-control: no-cache
content-length: 88

20:00:55.878 [AsyncHttpClient-1-9] DEBUG org.asynchttpclient.netty.channel.ChannelManager - Adding key: http://localhost:55294 for channel [id: 0x315f677c, L:/127.0.0.1:51187 - R:localhost/127.0.0.1:55294]
20:00:55.878 [Forwarding clickElement on session 06f0c06f818f8672f750c1023e918686 to remote] DEBUG org.asynchttpclient.netty.request.NettyRequestSender - Using pooled Channel '[id: 0x315f677c, L:/127.0.0.1:51187 - R:localhost/127.0.0.1:55294]' for 'POST' to 'http://localhost:55294/session/06f0c06f818f8672f750c1023e918686/element/a756f50c-abbf-44fe-90da-bc56e55aacfc/click'
20:00:55.878 [Forwarding clickElement on session 06f0c06f818f8672f750c1023e918686 to remote] DEBUG org.asynchttpclient.netty.request.NettyRequestSender - Using open Channel [id: 0x315f677c, L:/127.0.0.1:51187 - R:localhost/127.0.0.1:55294] for POST '/session/06f0c06f818f8672f750c1023e918686/element/a756f50c-abbf-44fe-90da-bc56e55aacfc/click'
20:00:55.925 [AsyncHttpClient-1-9] DEBUG org.asynchttpclient.netty.handler.HttpHandler - 

Request DefaultHttpRequest(decodeResult: success, version: HTTP/1.1)
POST /session/06f0c06f818f8672f750c1023e918686/element/a756f50c-abbf-44fe-90da-bc56e55aacfc/click HTTP/1.1
User-Agent: selenium/4.1.4 (java windows)
Content-Length: 50
Content-Type: application/json; charset=utf-8
host: localhost:55294
accept: */*

Response DefaultHttpResponse(decodeResult: success, version: HTTP/1.1)
HTTP/1.1 200 OK
Content-Type: application/json; charset=utf-8
cache-control: no-cache
content-length: 14

20:00:55.925 [AsyncHttpClient-1-9] DEBUG org.asynchttpclient.netty.channel.ChannelManager - Adding key: http://localhost:55294 for channel [id: 0x315f677c, L:/127.0.0.1:51187 - R:localhost/127.0.0.1:55294]
20:00:55.932 [Forwarding screenshot on session 06f0c06f818f8672f750c1023e918686 to remote] DEBUG org.asynchttpclient.netty.request.NettyRequestSender - Using pooled Channel '[id: 0x315f677c, L:/127.0.0.1:51187 - R:localhost/127.0.0.1:55294]' for 'GET' to 'http://localhost:55294/session/06f0c06f818f8672f750c1023e918686/screenshot'
20:00:55.932 [Forwarding screenshot on session 06f0c06f818f8672f750c1023e918686 to remote] DEBUG org.asynchttpclient.netty.request.NettyRequestSender - Using open Channel [id: 0x315f677c, L:/127.0.0.1:51187 - R:localhost/127.0.0.1:55294] for GET '/session/06f0c06f818f8672f750c1023e918686/screenshot'
20:00:56.046 [AsyncHttpClient-1-9] DEBUG org.asynchttpclient.netty.handler.HttpHandler - 

Request DefaultFullHttpRequest(decodeResult: success, version: HTTP/1.1, content: EmptyByteBufBE)
GET /session/06f0c06f818f8672f750c1023e918686/screenshot HTTP/1.1
User-Agent: selenium/4.1.4 (java windows)
Cache-Control: no-cache
Content-Type: application/json; charset=utf-8
host: localhost:55294
accept: */*

Response DefaultHttpResponse(decodeResult: success, version: HTTP/1.1)
HTTP/1.1 200 OK
Content-Type: application/json; charset=utf-8
cache-control: no-cache
content-length: 47072

20:00:56.046 [AsyncHttpClient-1-9] DEBUG org.asynchttpclient.netty.channel.ChannelManager - Adding key: http://localhost:55294 for channel [id: 0x315f677c, L:/127.0.0.1:51187 - R:localhost/127.0.0.1:55294]
20:00:56.046 [main] DEBUG net.serenitybdd.core.photography.Darkroom - Send negative for processing for target\site\serenity\c37250a4f24f32673233fc190ea876bb67aa3b7954f93c19e98a2f22de1a37c6.png
20:00:56.046 [main] DEBUG net.thucydides.core.steps.StepInterceptor - STEP DONE: buttonPilihDokter
  &amp#27;[32mAnd &amp#27;[0m&amp#27;[32mClick on the action choose a doctor to choose a doctor&amp#27;[0m                               &amp#27;[90m# starter.stepdefinitios.KelolaJadwalSteps.clickOnTheActionChooseADoctorToChooseADoctor()&amp#27;[0m
20:00:56.114 [AsyncHttpClient-1-1] DEBUG org.asynchttpclient.netty.channel.DefaultChannelPool - Entry count for : http://localhost:55294 : 1
20:00:56.114 [AsyncHttpClient-1-1] DEBUG org.asynchttpclient.netty.channel.DefaultChannelPool - Entry count for : http://localhost:51188 : 1
20:00:56.573 [Forwarding screenshot on session 06f0c06f818f8672f750c1023e918686 to remote] DEBUG org.asynchttpclient.netty.request.NettyRequestSender - Using pooled Channel '[id: 0x315f677c, L:/127.0.0.1:51187 - R:localhost/127.0.0.1:55294]' for 'GET' to 'http://localhost:55294/session/06f0c06f818f8672f750c1023e918686/screenshot'
20:00:56.573 [Forwarding screenshot on session 06f0c06f818f8672f750c1023e918686 to remote] DEBUG org.asynchttpclient.netty.request.NettyRequestSender - Using open Channel [id: 0x315f677c, L:/127.0.0.1:51187 - R:localhost/127.0.0.1:55294] for GET '/session/06f0c06f818f8672f750c1023e918686/screenshot'
20:00:56.708 [AsyncHttpClient-1-9] DEBUG org.asynchttpclient.netty.handler.HttpHandler - 

Request DefaultFullHttpRequest(decodeResult: success, version: HTTP/1.1, content: EmptyByteBufBE)
GET /session/06f0c06f818f8672f750c1023e918686/screenshot HTTP/1.1
User-Agent: selenium/4.1.4 (java windows)
Cache-Control: no-cache
Content-Type: application/json; charset=utf-8
host: localhost:55294
accept: */*

Response DefaultHttpResponse(decodeResult: success, version: HTTP/1.1)
HTTP/1.1 200 OK
Content-Type: application/json; charset=utf-8
cache-control: no-cache
content-length: 47072

20:00:56.708 [AsyncHttpClient-1-9] DEBUG org.asynchttpclient.netty.channel.ChannelManager - Adding key: http://localhost:55294 for channel [id: 0x315f677c, L:/127.0.0.1:51187 - R:localhost/127.0.0.1:55294]
20:00:56.708 [main] DEBUG net.serenitybdd.core.photography.Darkroom - Send negative for processing for target\site\serenity\c37250a4f24f32673233fc190ea876bb67aa3b7954f93c19e98a2f22de1a37c6.png
20:00:56.708 [main] DEBUG net.thucydides.core.steps.StepInterceptor - STARTING STEP: KelolaJadwalSteps.chooseADate - inputTanggal
20:00:56.708 [Forwarding findElement on session 06f0c06f818f8672f750c1023e918686 to remote] DEBUG org.asynchttpclient.netty.request.NettyRequestSender - Using pooled Channel '[id: 0x315f677c, L:/127.0.0.1:51187 - R:localhost/127.0.0.1:55294]' for 'POST' to 'http://localhost:55294/session/06f0c06f818f8672f750c1023e918686/element'
20:00:56.708 [Forwarding findElement on session 06f0c06f818f8672f750c1023e918686 to remote] DEBUG org.asynchttpclient.netty.request.NettyRequestSender - Using open Channel [id: 0x315f677c, L:/127.0.0.1:51187 - R:localhost/127.0.0.1:55294] for POST '/session/06f0c06f818f8672f750c1023e918686/element'
20:00:56.741 [AsyncHttpClient-1-9] DEBUG org.asynchttpclient.netty.handler.HttpHandler - 

Request DefaultHttpRequest(decodeResult: success, version: HTTP/1.1)
POST /session/06f0c06f818f8672f750c1023e918686/element HTTP/1.1
User-Agent: selenium/4.1.4 (java windows)
Content-Length: 66
Content-Type: application/json; charset=utf-8
host: localhost:55294
accept: */*

Response DefaultHttpResponse(decodeResult: success, version: HTTP/1.1)
HTTP/1.1 200 OK
Content-Type: application/json; charset=utf-8
cache-control: no-cache
content-length: 88

20:00:56.741 [AsyncHttpClient-1-9] DEBUG org.asynchttpclient.netty.channel.ChannelManager - Adding key: http://localhost:55294 for channel [id: 0x315f677c, L:/127.0.0.1:51187 - R:localhost/127.0.0.1:55294]
20:00:56.741 [Forwarding sendKeysToElement on session 06f0c06f818f8672f750c1023e918686 to remote] DEBUG org.asynchttpclient.netty.request.NettyRequestSender - Using pooled Channel '[id: 0x315f677c, L:/127.0.0.1:51187 - R:localhost/127.0.0.1:55294]' for 'POST' to 'http://localhost:55294/session/06f0c06f818f8672f750c1023e918686/element/6ace8a89-c5e5-4850-86c0-50a99878f30d/value'
20:00:56.741 [Forwarding sendKeysToElement on session 06f0c06f818f8672f750c1023e918686 to remote] DEBUG org.asynchttpclient.netty.request.NettyRequestSender - Using open Channel [id: 0x315f677c, L:/127.0.0.1:51187 - R:localhost/127.0.0.1:55294] for POST '/session/06f0c06f818f8672f750c1023e918686/element/6ace8a89-c5e5-4850-86c0-50a99878f30d/value'
20:00:56.798 [AsyncHttpClient-1-9] DEBUG org.asynchttpclient.netty.handler.HttpHandler - 

Request DefaultHttpRequest(decodeResult: success, version: HTTP/1.1)
POST /session/06f0c06f818f8672f750c1023e918686/element/6ace8a89-c5e5-4850-86c0-50a99878f30d/value HTTP/1.1
User-Agent: selenium/4.1.4 (java windows)
Content-Length: 82
Content-Type: application/json; charset=utf-8
host: localhost:55294
accept: */*

Response DefaultHttpResponse(decodeResult: success, version: HTTP/1.1)
HTTP/1.1 200 OK
Content-Type: application/json; charset=utf-8
cache-control: no-cache
content-length: 14

20:00:56.798 [AsyncHttpClient-1-9] DEBUG org.asynchttpclient.netty.channel.ChannelManager - Adding key: http://localhost:55294 for channel [id: 0x315f677c, L:/127.0.0.1:51187 - R:localhost/127.0.0.1:55294]
20:00:56.802 [Forwarding screenshot on session 06f0c06f818f8672f750c1023e918686 to remote] DEBUG org.asynchttpclient.netty.request.NettyRequestSender - Using pooled Channel '[id: 0x315f677c, L:/127.0.0.1:51187 - R:localhost/127.0.0.1:55294]' for 'GET' to 'http://localhost:55294/session/06f0c06f818f8672f750c1023e918686/screenshot'
20:00:56.802 [Forwarding screenshot on session 06f0c06f818f8672f750c1023e918686 to remote] DEBUG org.asynchttpclient.netty.request.NettyRequestSender - Using open Channel [id: 0x315f677c, L:/127.0.0.1:51187 - R:localhost/127.0.0.1:55294] for GET '/session/06f0c06f818f8672f750c1023e918686/screenshot'
20:00:56.954 [AsyncHttpClient-1-9] DEBUG org.asynchttpclient.netty.handler.HttpHandler - 

Request DefaultFullHttpRequest(decodeResult: success, version: HTTP/1.1, content: EmptyByteBufBE)
GET /session/06f0c06f818f8672f750c1023e918686/screenshot HTTP/1.1
User-Agent: selenium/4.1.4 (java windows)
Cache-Control: no-cache
Content-Type: application/json; charset=utf-8
host: localhost:55294
accept: */*

Response DefaultHttpResponse(decodeResult: success, version: HTTP/1.1)
HTTP/1.1 200 OK
Content-Type: application/json; charset=utf-8
cache-control: no-cache
content-length: 45396

20:00:56.954 [AsyncHttpClient-1-9] DEBUG org.asynchttpclient.netty.channel.ChannelManager - Adding key: http://localhost:55294 for channel [id: 0x315f677c, L:/127.0.0.1:51187 - R:localhost/127.0.0.1:55294]
20:00:56.954 [main] DEBUG net.serenitybdd.core.photography.Darkroom - Send negative for processing for target\site\serenity\133e13c68a5a2a1f8bb4a0a270221dd53bb3c3c0c55e8817477b10b3a870f581.png
20:00:56.954 [main] DEBUG net.thucydides.core.steps.StepInterceptor - STEP DONE: inputTanggal
  &amp#27;[32mThen &amp#27;[0m&amp#27;[32mChoose a date &amp#27;[0m&amp#27;[32m&amp#27;[1m""&amp#27;[0m                                                                    &amp#27;[90m# starter.stepdefinitios.KelolaJadwalSteps.chooseADate(java.lang.String)&amp#27;[0m
20:00:56.954 [Darkroom Processing Line] DEBUG net.serenitybdd.core.photography.DarkroomProcessingLine - Processing screenshot image in /var/screenshots/screenshot-16826288490506900997
20:00:56.954 [Darkroom Processing Line] DEBUG net.serenitybdd.core.photography.DarkroomProcessingLine - Saving screenshot to target\site\serenity\133e13c68a5a2a1f8bb4a0a270221dd53bb3c3c0c55e8817477b10b3a870f581.png
20:00:57.220 [AsyncHttpClient-1-1] DEBUG org.asynchttpclient.netty.channel.DefaultChannelPool - Entry count for : http://localhost:55294 : 1
20:00:57.220 [AsyncHttpClient-1-1] DEBUG org.asynchttpclient.netty.channel.DefaultChannelPool - Entry count for : http://localhost:51188 : 1
20:00:57.484 [Forwarding screenshot on session 06f0c06f818f8672f750c1023e918686 to remote] DEBUG org.asynchttpclient.netty.request.NettyRequestSender - Using pooled Channel '[id: 0x315f677c, L:/127.0.0.1:51187 - R:localhost/127.0.0.1:55294]' for 'GET' to 'http://localhost:55294/session/06f0c06f818f8672f750c1023e918686/screenshot'
20:00:57.484 [Forwarding screenshot on session 06f0c06f818f8672f750c1023e918686 to remote] DEBUG org.asynchttpclient.netty.request.NettyRequestSender - Using open Channel [id: 0x315f677c, L:/127.0.0.1:51187 - R:localhost/127.0.0.1:55294] for GET '/session/06f0c06f818f8672f750c1023e918686/screenshot'
20:00:57.666 [AsyncHttpClient-1-9] DEBUG org.asynchttpclient.netty.handler.HttpHandler - 

Request DefaultFullHttpRequest(decodeResult: success, version: HTTP/1.1, content: EmptyByteBufBE)
GET /session/06f0c06f818f8672f750c1023e918686/screenshot HTTP/1.1
User-Agent: selenium/4.1.4 (java windows)
Cache-Control: no-cache
Content-Type: application/json; charset=utf-8
host: localhost:55294
accept: */*

Response DefaultHttpResponse(decodeResult: success, version: HTTP/1.1)
HTTP/1.1 200 OK
Content-Type: application/json; charset=utf-8
cache-control: no-cache
content-length: 45396

20:00:57.666 [AsyncHttpClient-1-9] DEBUG org.asynchttpclient.netty.channel.ChannelManager - Adding key: http://localhost:55294 for channel [id: 0x315f677c, L:/127.0.0.1:51187 - R:localhost/127.0.0.1:55294]
20:00:57.666 [main] DEBUG net.serenitybdd.core.photography.Darkroom - Send negative for processing for target\site\serenity\133e13c68a5a2a1f8bb4a0a270221dd53bb3c3c0c55e8817477b10b3a870f581.png
20:00:57.666 [main] DEBUG net.thucydides.core.steps.StepInterceptor - STARTING STEP: KelolaJadwalSteps.chooseTheTypeOfTreatment - buttonJenisPerawatan
20:00:57.678 [Forwarding findElement on session 06f0c06f818f8672f750c1023e918686 to remote] DEBUG org.asynchttpclient.netty.request.NettyRequestSender - Using pooled Channel '[id: 0x315f677c, L:/127.0.0.1:51187 - R:localhost/127.0.0.1:55294]' for 'POST' to 'http://localhost:55294/session/06f0c06f818f8672f750c1023e918686/element'
20:00:57.678 [Forwarding findElement on session 06f0c06f818f8672f750c1023e918686 to remote] DEBUG org.asynchttpclient.netty.request.NettyRequestSender - Using open Channel [id: 0x315f677c, L:/127.0.0.1:51187 - R:localhost/127.0.0.1:55294] for POST '/session/06f0c06f818f8672f750c1023e918686/element'
20:00:57.701 [AsyncHttpClient-1-9] DEBUG org.asynchttpclient.netty.handler.HttpHandler - 

Request DefaultHttpRequest(decodeResult: success, version: HTTP/1.1)
POST /session/06f0c06f818f8672f750c1023e918686/element HTTP/1.1
User-Agent: selenium/4.1.4 (java windows)
Content-Length: 103
Content-Type: application/json; charset=utf-8
host: localhost:55294
accept: */*

Response DefaultHttpResponse(decodeResult: success, version: HTTP/1.1)
HTTP/1.1 200 OK
Content-Type: application/json; charset=utf-8
cache-control: no-cache
content-length: 88

20:00:57.701 [AsyncHttpClient-1-9] DEBUG org.asynchttpclient.netty.channel.ChannelManager - Adding key: http://localhost:55294 for channel [id: 0x315f677c, L:/127.0.0.1:51187 - R:localhost/127.0.0.1:55294]
20:00:57.702 [Forwarding getElementTagName on session 06f0c06f818f8672f750c1023e918686 to remote] DEBUG org.asynchttpclient.netty.request.NettyRequestSender - Using pooled Channel '[id: 0x315f677c, L:/127.0.0.1:51187 - R:localhost/127.0.0.1:55294]' for 'GET' to 'http://localhost:55294/session/06f0c06f818f8672f750c1023e918686/element/094337a1-e813-4533-9282-7e74692ff06f/name'
20:00:57.702 [Forwarding getElementTagName on session 06f0c06f818f8672f750c1023e918686 to remote] DEBUG org.asynchttpclient.netty.request.NettyRequestSender - Using open Channel [id: 0x315f677c, L:/127.0.0.1:51187 - R:localhost/127.0.0.1:55294] for GET '/session/06f0c06f818f8672f750c1023e918686/element/094337a1-e813-4533-9282-7e74692ff06f/name'
20:00:57.710 [AsyncHttpClient-1-9] DEBUG org.asynchttpclient.netty.handler.HttpHandler - 

Request DefaultFullHttpRequest(decodeResult: success, version: HTTP/1.1, content: EmptyByteBufBE)
GET /session/06f0c06f818f8672f750c1023e918686/element/094337a1-e813-4533-9282-7e74692ff06f/name HTTP/1.1
User-Agent: selenium/4.1.4 (java windows)
Cache-Control: no-cache
Content-Type: application/json; charset=utf-8
host: localhost:55294
accept: */*

Response DefaultHttpResponse(decodeResult: success, version: HTTP/1.1)
HTTP/1.1 200 OK
Content-Type: application/json; charset=utf-8
cache-control: no-cache
content-length: 18

20:00:57.710 [AsyncHttpClient-1-9] DEBUG org.asynchttpclient.netty.channel.ChannelManager - Adding key: http://localhost:55294 for channel [id: 0x315f677c, L:/127.0.0.1:51187 - R:localhost/127.0.0.1:55294]
20:00:57.710 [Forwarding getElementTagName on session 06f0c06f818f8672f750c1023e918686 to remote] DEBUG org.asynchttpclient.netty.request.NettyRequestSender - Using pooled Channel '[id: 0x315f677c, L:/127.0.0.1:51187 - R:localhost/127.0.0.1:55294]' for 'GET' to 'http://localhost:55294/session/06f0c06f818f8672f750c1023e918686/element/094337a1-e813-4533-9282-7e74692ff06f/name'
20:00:57.710 [Forwarding getElementTagName on session 06f0c06f818f8672f750c1023e918686 to remote] DEBUG org.asynchttpclient.netty.request.NettyRequestSender - Using open Channel [id: 0x315f677c, L:/127.0.0.1:51187 - R:localhost/127.0.0.1:55294] for GET '/session/06f0c06f818f8672f750c1023e918686/element/094337a1-e813-4533-9282-7e74692ff06f/name'
20:00:57.718 [AsyncHttpClient-1-9] DEBUG org.asynchttpclient.netty.handler.HttpHandler - 

Request DefaultFullHttpRequest(decodeResult: success, version: HTTP/1.1, content: EmptyByteBufBE)
GET /session/06f0c06f818f8672f750c1023e918686/element/094337a1-e813-4533-9282-7e74692ff06f/name HTTP/1.1
User-Agent: selenium/4.1.4 (java windows)
Cache-Control: no-cache
Content-Type: application/json; charset=utf-8
host: localhost:55294
accept: */*

Response DefaultHttpResponse(decodeResult: success, version: HTTP/1.1)
HTTP/1.1 200 OK
Content-Type: application/json; charset=utf-8
cache-control: no-cache
content-length: 18

20:00:57.718 [AsyncHttpClient-1-9] DEBUG org.asynchttpclient.netty.channel.ChannelManager - Adding key: http://localhost:55294 for channel [id: 0x315f677c, L:/127.0.0.1:51187 - R:localhost/127.0.0.1:55294]
20:00:57.722 [Forwarding isElementEnabled on session 06f0c06f818f8672f750c1023e918686 to remote] DEBUG org.asynchttpclient.netty.request.NettyRequestSender - Using pooled Channel '[id: 0x315f677c, L:/127.0.0.1:51187 - R:localhost/127.0.0.1:55294]' for 'GET' to 'http://localhost:55294/session/06f0c06f818f8672f750c1023e918686/element/094337a1-e813-4533-9282-7e74692ff06f/enabled'
20:00:57.722 [Forwarding isElementEnabled on session 06f0c06f818f8672f750c1023e918686 to remote] DEBUG org.asynchttpclient.netty.request.NettyRequestSender - Using open Channel [id: 0x315f677c, L:/127.0.0.1:51187 - R:localhost/127.0.0.1:55294] for GET '/session/06f0c06f818f8672f750c1023e918686/element/094337a1-e813-4533-9282-7e74692ff06f/enabled'
20:00:57.740 [AsyncHttpClient-1-9] DEBUG org.asynchttpclient.netty.handler.HttpHandler - 

Request DefaultFullHttpRequest(decodeResult: success, version: HTTP/1.1, content: EmptyByteBufBE)
GET /session/06f0c06f818f8672f750c1023e918686/element/094337a1-e813-4533-9282-7e74692ff06f/enabled HTTP/1.1
User-Agent: selenium/4.1.4 (java windows)
Cache-Control: no-cache
Content-Type: application/json; charset=utf-8
host: localhost:55294
accept: */*

Response DefaultHttpResponse(decodeResult: success, version: HTTP/1.1)
HTTP/1.1 200 OK
Content-Type: application/json; charset=utf-8
cache-control: no-cache
content-length: 14

20:00:57.740 [AsyncHttpClient-1-9] DEBUG org.asynchttpclient.netty.channel.ChannelManager - Adding key: http://localhost:55294 for channel [id: 0x315f677c, L:/127.0.0.1:51187 - R:localhost/127.0.0.1:55294]
20:00:57.741 [Forwarding isElementEnabled on session 06f0c06f818f8672f750c1023e918686 to remote] DEBUG org.asynchttpclient.netty.request.NettyRequestSender - Using pooled Channel '[id: 0x315f677c, L:/127.0.0.1:51187 - R:localhost/127.0.0.1:55294]' for 'GET' to 'http://localhost:55294/session/06f0c06f818f8672f750c1023e918686/element/094337a1-e813-4533-9282-7e74692ff06f/enabled'
20:00:57.741 [Forwarding isElementEnabled on session 06f0c06f818f8672f750c1023e918686 to remote] DEBUG org.asynchttpclient.netty.request.NettyRequestSender - Using open Channel [id: 0x315f677c, L:/127.0.0.1:51187 - R:localhost/127.0.0.1:55294] for GET '/session/06f0c06f818f8672f750c1023e918686/element/094337a1-e813-4533-9282-7e74692ff06f/enabled'
20:00:57.750 [AsyncHttpClient-1-9] DEBUG org.asynchttpclient.netty.handler.HttpHandler - 

Request DefaultFullHttpRequest(decodeResult: success, version: HTTP/1.1, content: EmptyByteBufBE)
GET /session/06f0c06f818f8672f750c1023e918686/element/094337a1-e813-4533-9282-7e74692ff06f/enabled HTTP/1.1
User-Agent: selenium/4.1.4 (java windows)
Cache-Control: no-cache
Content-Type: application/json; charset=utf-8
host: localhost:55294
accept: */*

Response DefaultHttpResponse(decodeResult: success, version: HTTP/1.1)
HTTP/1.1 200 OK
Content-Type: application/json; charset=utf-8
cache-control: no-cache
content-length: 14

20:00:57.750 [AsyncHttpClient-1-9] DEBUG org.asynchttpclient.netty.channel.ChannelManager - Adding key: http://localhost:55294 for channel [id: 0x315f677c, L:/127.0.0.1:51187 - R:localhost/127.0.0.1:55294]
20:00:57.750 [Forwarding findElement on session 06f0c06f818f8672f750c1023e918686 to remote] DEBUG org.asynchttpclient.netty.request.NettyRequestSender - Using pooled Channel '[id: 0x315f677c, L:/127.0.0.1:51187 - R:localhost/127.0.0.1:55294]' for 'POST' to 'http://localhost:55294/session/06f0c06f818f8672f750c1023e918686/element'
20:00:57.750 [Forwarding findElement on session 06f0c06f818f8672f750c1023e918686 to remote] DEBUG org.asynchttpclient.netty.request.NettyRequestSender - Using open Channel [id: 0x315f677c, L:/127.0.0.1:51187 - R:localhost/127.0.0.1:55294] for POST '/session/06f0c06f818f8672f750c1023e918686/element'
20:00:57.762 [AsyncHttpClient-1-9] DEBUG org.asynchttpclient.netty.handler.HttpHandler - 

Request DefaultHttpRequest(decodeResult: success, version: HTTP/1.1)
POST /session/06f0c06f818f8672f750c1023e918686/element HTTP/1.1
User-Agent: selenium/4.1.4 (java windows)
Content-Length: 103
Content-Type: application/json; charset=utf-8
host: localhost:55294
accept: */*

Response DefaultHttpResponse(decodeResult: success, version: HTTP/1.1)
HTTP/1.1 200 OK
Content-Type: application/json; charset=utf-8
cache-control: no-cache
content-length: 88

20:00:57.762 [AsyncHttpClient-1-9] DEBUG org.asynchttpclient.netty.channel.ChannelManager - Adding key: http://localhost:55294 for channel [id: 0x315f677c, L:/127.0.0.1:51187 - R:localhost/127.0.0.1:55294]
20:00:57.763 [Forwarding clickElement on session 06f0c06f818f8672f750c1023e918686 to remote] DEBUG org.asynchttpclient.netty.request.NettyRequestSender - Using pooled Channel '[id: 0x315f677c, L:/127.0.0.1:51187 - R:localhost/127.0.0.1:55294]' for 'POST' to 'http://localhost:55294/session/06f0c06f818f8672f750c1023e918686/element/094337a1-e813-4533-9282-7e74692ff06f/click'
20:00:57.763 [Forwarding clickElement on session 06f0c06f818f8672f750c1023e918686 to remote] DEBUG org.asynchttpclient.netty.request.NettyRequestSender - Using open Channel [id: 0x315f677c, L:/127.0.0.1:51187 - R:localhost/127.0.0.1:55294] for POST '/session/06f0c06f818f8672f750c1023e918686/element/094337a1-e813-4533-9282-7e74692ff06f/click'
20:00:57.831 [AsyncHttpClient-1-9] DEBUG org.asynchttpclient.netty.handler.HttpHandler - 

Request DefaultHttpRequest(decodeResult: success, version: HTTP/1.1)
POST /session/06f0c06f818f8672f750c1023e918686/element/094337a1-e813-4533-9282-7e74692ff06f/click HTTP/1.1
User-Agent: selenium/4.1.4 (java windows)
Content-Length: 50
Content-Type: application/json; charset=utf-8
host: localhost:55294
accept: */*

Response DefaultHttpResponse(decodeResult: success, version: HTTP/1.1)
HTTP/1.1 200 OK
Content-Type: application/json; charset=utf-8
cache-control: no-cache
content-length: 14

20:00:57.831 [AsyncHttpClient-1-9] DEBUG org.asynchttpclient.netty.channel.ChannelManager - Adding key: http://localhost:55294 for channel [id: 0x315f677c, L:/127.0.0.1:51187 - R:localhost/127.0.0.1:55294]
20:00:57.843 [Forwarding screenshot on session 06f0c06f818f8672f750c1023e918686 to remote] DEBUG org.asynchttpclient.netty.request.NettyRequestSender - Using pooled Channel '[id: 0x315f677c, L:/127.0.0.1:51187 - R:localhost/127.0.0.1:55294]' for 'GET' to 'http://localhost:55294/session/06f0c06f818f8672f750c1023e918686/screenshot'
20:00:57.843 [Forwarding screenshot on session 06f0c06f818f8672f750c1023e918686 to remote] DEBUG org.asynchttpclient.netty.request.NettyRequestSender - Using open Channel [id: 0x315f677c, L:/127.0.0.1:51187 - R:localhost/127.0.0.1:55294] for GET '/session/06f0c06f818f8672f750c1023e918686/screenshot'
20:00:58.000 [AsyncHttpClient-1-9] DEBUG org.asynchttpclient.netty.handler.HttpHandler - 

Request DefaultFullHttpRequest(decodeResult: success, version: HTTP/1.1, content: EmptyByteBufBE)
GET /session/06f0c06f818f8672f750c1023e918686/screenshot HTTP/1.1
User-Agent: selenium/4.1.4 (java windows)
Cache-Control: no-cache
Content-Type: application/json; charset=utf-8
host: localhost:55294
accept: */*

Response DefaultHttpResponse(decodeResult: success, version: HTTP/1.1)
HTTP/1.1 200 OK
Content-Type: application/json; charset=utf-8
cache-control: no-cache
content-length: 48108

20:00:58.000 [AsyncHttpClient-1-9] DEBUG org.asynchttpclient.netty.channel.ChannelManager - Adding key: http://localhost:55294 for channel [id: 0x315f677c, L:/127.0.0.1:51187 - R:localhost/127.0.0.1:55294]
20:00:58.000 [main] DEBUG net.serenitybdd.core.photography.Darkroom - Send negative for processing for target\site\serenity\ee0b0950159c0624df48652404052920f8be600b279f8f90a3cdd9bc1b9b5915.png
20:00:58.000 [main] DEBUG net.thucydides.core.steps.StepInterceptor - STEP DONE: buttonJenisPerawatan
  &amp#27;[32mAnd &amp#27;[0m&amp#27;[32mChoose the type of treatment&amp#27;[0m                                                         &amp#27;[90m# starter.stepdefinitios.KelolaJadwalSteps.chooseTheTypeOfTreatment()&amp#27;[0m
20:00:58.000 [Darkroom Processing Line] DEBUG net.serenitybdd.core.photography.DarkroomProcessingLine - Processing screenshot image in /var/screenshots/screenshot-7687093614288511169
20:00:58.000 [Darkroom Processing Line] DEBUG net.serenitybdd.core.photography.DarkroomProcessingLine - Saving screenshot to target\site\serenity\ee0b0950159c0624df48652404052920f8be600b279f8f90a3cdd9bc1b9b5915.png
20:00:58.025 [main] DEBUG net.thucydides.core.steps.StepInterceptor - STARTING STEP: KelolaJadwalSteps.clickRawatBiasa - buttonRawatBiasa
20:00:58.025 [Forwarding findElement on session 06f0c06f818f8672f750c1023e918686 to remote] DEBUG org.asynchttpclient.netty.request.NettyRequestSender - Using pooled Channel '[id: 0x315f677c, L:/127.0.0.1:51187 - R:localhost/127.0.0.1:55294]' for 'POST' to 'http://localhost:55294/session/06f0c06f818f8672f750c1023e918686/element'
20:00:58.025 [Forwarding findElement on session 06f0c06f818f8672f750c1023e918686 to remote] DEBUG org.asynchttpclient.netty.request.NettyRequestSender - Using open Channel [id: 0x315f677c, L:/127.0.0.1:51187 - R:localhost/127.0.0.1:55294] for POST '/session/06f0c06f818f8672f750c1023e918686/element'
20:00:58.052 [AsyncHttpClient-1-9] DEBUG org.asynchttpclient.netty.handler.HttpHandler - 

Request DefaultHttpRequest(decodeResult: success, version: HTTP/1.1)
POST /session/06f0c06f818f8672f750c1023e918686/element HTTP/1.1
User-Agent: selenium/4.1.4 (java windows)
Content-Length: 78
Content-Type: application/json; charset=utf-8
host: localhost:55294
accept: */*

Response DefaultHttpResponse(decodeResult: success, version: HTTP/1.1)
HTTP/1.1 200 OK
Content-Type: application/json; charset=utf-8
cache-control: no-cache
content-length: 88

20:00:58.052 [AsyncHttpClient-1-9] DEBUG org.asynchttpclient.netty.channel.ChannelManager - Adding key: http://localhost:55294 for channel [id: 0x315f677c, L:/127.0.0.1:51187 - R:localhost/127.0.0.1:55294]
20:00:58.052 [Forwarding getElementTagName on session 06f0c06f818f8672f750c1023e918686 to remote] DEBUG org.asynchttpclient.netty.request.NettyRequestSender - Using pooled Channel '[id: 0x315f677c, L:/127.0.0.1:51187 - R:localhost/127.0.0.1:55294]' for 'GET' to 'http://localhost:55294/session/06f0c06f818f8672f750c1023e918686/element/40502230-a2b1-4f07-a146-1d141389e254/name'
20:00:58.052 [Forwarding getElementTagName on session 06f0c06f818f8672f750c1023e918686 to remote] DEBUG org.asynchttpclient.netty.request.NettyRequestSender - Using open Channel [id: 0x315f677c, L:/127.0.0.1:51187 - R:localhost/127.0.0.1:55294] for GET '/session/06f0c06f818f8672f750c1023e918686/element/40502230-a2b1-4f07-a146-1d141389e254/name'
20:00:58.060 [AsyncHttpClient-1-9] DEBUG org.asynchttpclient.netty.handler.HttpHandler - 

Request DefaultFullHttpRequest(decodeResult: success, version: HTTP/1.1, content: EmptyByteBufBE)
GET /session/06f0c06f818f8672f750c1023e918686/element/40502230-a2b1-4f07-a146-1d141389e254/name HTTP/1.1
User-Agent: selenium/4.1.4 (java windows)
Cache-Control: no-cache
Content-Type: application/json; charset=utf-8
host: localhost:55294
accept: */*

Response DefaultHttpResponse(decodeResult: success, version: HTTP/1.1)
HTTP/1.1 200 OK
Content-Type: application/json; charset=utf-8
cache-control: no-cache
content-length: 18

20:00:58.060 [AsyncHttpClient-1-9] DEBUG org.asynchttpclient.netty.channel.ChannelManager - Adding key: http://localhost:55294 for channel [id: 0x315f677c, L:/127.0.0.1:51187 - R:localhost/127.0.0.1:55294]
20:00:58.061 [Forwarding getElementTagName on session 06f0c06f818f8672f750c1023e918686 to remote] DEBUG org.asynchttpclient.netty.request.NettyRequestSender - Using pooled Channel '[id: 0x315f677c, L:/127.0.0.1:51187 - R:localhost/127.0.0.1:55294]' for 'GET' to 'http://localhost:55294/session/06f0c06f818f8672f750c1023e918686/element/40502230-a2b1-4f07-a146-1d141389e254/name'
20:00:58.061 [Forwarding getElementTagName on session 06f0c06f818f8672f750c1023e918686 to remote] DEBUG org.asynchttpclient.netty.request.NettyRequestSender - Using open Channel [id: 0x315f677c, L:/127.0.0.1:51187 - R:localhost/127.0.0.1:55294] for GET '/session/06f0c06f818f8672f750c1023e918686/element/40502230-a2b1-4f07-a146-1d141389e254/name'
20:00:58.067 [AsyncHttpClient-1-9] DEBUG org.asynchttpclient.netty.handler.HttpHandler - 

Request DefaultFullHttpRequest(decodeResult: success, version: HTTP/1.1, content: EmptyByteBufBE)
GET /session/06f0c06f818f8672f750c1023e918686/element/40502230-a2b1-4f07-a146-1d141389e254/name HTTP/1.1
User-Agent: selenium/4.1.4 (java windows)
Cache-Control: no-cache
Content-Type: application/json; charset=utf-8
host: localhost:55294
accept: */*

Response DefaultHttpResponse(decodeResult: success, version: HTTP/1.1)
HTTP/1.1 200 OK
Content-Type: application/json; charset=utf-8
cache-control: no-cache
content-length: 18

20:00:58.068 [AsyncHttpClient-1-9] DEBUG org.asynchttpclient.netty.channel.ChannelManager - Adding key: http://localhost:55294 for channel [id: 0x315f677c, L:/127.0.0.1:51187 - R:localhost/127.0.0.1:55294]
20:00:58.068 [Forwarding isElementEnabled on session 06f0c06f818f8672f750c1023e918686 to remote] DEBUG org.asynchttpclient.netty.request.NettyRequestSender - Using pooled Channel '[id: 0x315f677c, L:/127.0.0.1:51187 - R:localhost/127.0.0.1:55294]' for 'GET' to 'http://localhost:55294/session/06f0c06f818f8672f750c1023e918686/element/40502230-a2b1-4f07-a146-1d141389e254/enabled'
20:00:58.068 [Forwarding isElementEnabled on session 06f0c06f818f8672f750c1023e918686 to remote] DEBUG org.asynchttpclient.netty.request.NettyRequestSender - Using open Channel [id: 0x315f677c, L:/127.0.0.1:51187 - R:localhost/127.0.0.1:55294] for GET '/session/06f0c06f818f8672f750c1023e918686/element/40502230-a2b1-4f07-a146-1d141389e254/enabled'
20:00:58.083 [AsyncHttpClient-1-9] DEBUG org.asynchttpclient.netty.handler.HttpHandler - 

Request DefaultFullHttpRequest(decodeResult: success, version: HTTP/1.1, content: EmptyByteBufBE)
GET /session/06f0c06f818f8672f750c1023e918686/element/40502230-a2b1-4f07-a146-1d141389e254/enabled HTTP/1.1
User-Agent: selenium/4.1.4 (java windows)
Cache-Control: no-cache
Content-Type: application/json; charset=utf-8
host: localhost:55294
accept: */*

Response DefaultHttpResponse(decodeResult: success, version: HTTP/1.1)
HTTP/1.1 200 OK
Content-Type: application/json; charset=utf-8
cache-control: no-cache
content-length: 14

20:00:58.083 [AsyncHttpClient-1-9] DEBUG org.asynchttpclient.netty.channel.ChannelManager - Adding key: http://localhost:55294 for channel [id: 0x315f677c, L:/127.0.0.1:51187 - R:localhost/127.0.0.1:55294]
20:00:58.084 [Forwarding isElementEnabled on session 06f0c06f818f8672f750c1023e918686 to remote] DEBUG org.asynchttpclient.netty.request.NettyRequestSender - Using pooled Channel '[id: 0x315f677c, L:/127.0.0.1:51187 - R:localhost/127.0.0.1:55294]' for 'GET' to 'http://localhost:55294/session/06f0c06f818f8672f750c1023e918686/element/40502230-a2b1-4f07-a146-1d141389e254/enabled'
20:00:58.084 [Forwarding isElementEnabled on session 06f0c06f818f8672f750c1023e918686 to remote] DEBUG org.asynchttpclient.netty.request.NettyRequestSender - Using open Channel [id: 0x315f677c, L:/127.0.0.1:51187 - R:localhost/127.0.0.1:55294] for GET '/session/06f0c06f818f8672f750c1023e918686/element/40502230-a2b1-4f07-a146-1d141389e254/enabled'
20:00:58.094 [AsyncHttpClient-1-9] DEBUG org.asynchttpclient.netty.handler.HttpHandler - 

Request DefaultFullHttpRequest(decodeResult: success, version: HTTP/1.1, content: EmptyByteBufBE)
GET /session/06f0c06f818f8672f750c1023e918686/element/40502230-a2b1-4f07-a146-1d141389e254/enabled HTTP/1.1
User-Agent: selenium/4.1.4 (java windows)
Cache-Control: no-cache
Content-Type: application/json; charset=utf-8
host: localhost:55294
accept: */*

Response DefaultHttpResponse(decodeResult: success, version: HTTP/1.1)
HTTP/1.1 200 OK
Content-Type: application/json; charset=utf-8
cache-control: no-cache
content-length: 14

20:00:58.094 [AsyncHttpClient-1-9] DEBUG org.asynchttpclient.netty.channel.ChannelManager - Adding key: http://localhost:55294 for channel [id: 0x315f677c, L:/127.0.0.1:51187 - R:localhost/127.0.0.1:55294]
20:00:58.094 [Forwarding findElement on session 06f0c06f818f8672f750c1023e918686 to remote] DEBUG org.asynchttpclient.netty.request.NettyRequestSender - Using pooled Channel '[id: 0x315f677c, L:/127.0.0.1:51187 - R:localhost/127.0.0.1:55294]' for 'POST' to 'http://localhost:55294/session/06f0c06f818f8672f750c1023e918686/element'
20:00:58.094 [Forwarding findElement on session 06f0c06f818f8672f750c1023e918686 to remote] DEBUG org.asynchttpclient.netty.request.NettyRequestSender - Using open Channel [id: 0x315f677c, L:/127.0.0.1:51187 - R:localhost/127.0.0.1:55294] for POST '/session/06f0c06f818f8672f750c1023e918686/element'
20:00:58.106 [AsyncHttpClient-1-9] DEBUG org.asynchttpclient.netty.handler.HttpHandler - 

Request DefaultHttpRequest(decodeResult: success, version: HTTP/1.1)
POST /session/06f0c06f818f8672f750c1023e918686/element HTTP/1.1
User-Agent: selenium/4.1.4 (java windows)
Content-Length: 78
Content-Type: application/json; charset=utf-8
host: localhost:55294
accept: */*

Response DefaultHttpResponse(decodeResult: success, version: HTTP/1.1)
HTTP/1.1 200 OK
Content-Type: application/json; charset=utf-8
cache-control: no-cache
content-length: 88

20:00:58.106 [AsyncHttpClient-1-9] DEBUG org.asynchttpclient.netty.channel.ChannelManager - Adding key: http://localhost:55294 for channel [id: 0x315f677c, L:/127.0.0.1:51187 - R:localhost/127.0.0.1:55294]
20:00:58.108 [Forwarding clickElement on session 06f0c06f818f8672f750c1023e918686 to remote] DEBUG org.asynchttpclient.netty.request.NettyRequestSender - Using pooled Channel '[id: 0x315f677c, L:/127.0.0.1:51187 - R:localhost/127.0.0.1:55294]' for 'POST' to 'http://localhost:55294/session/06f0c06f818f8672f750c1023e918686/element/40502230-a2b1-4f07-a146-1d141389e254/click'
20:00:58.108 [Forwarding clickElement on session 06f0c06f818f8672f750c1023e918686 to remote] DEBUG org.asynchttpclient.netty.request.NettyRequestSender - Using open Channel [id: 0x315f677c, L:/127.0.0.1:51187 - R:localhost/127.0.0.1:55294] for POST '/session/06f0c06f818f8672f750c1023e918686/element/40502230-a2b1-4f07-a146-1d141389e254/click'
20:00:58.161 [AsyncHttpClient-1-9] DEBUG org.asynchttpclient.netty.handler.HttpHandler - 

Request DefaultHttpRequest(decodeResult: success, version: HTTP/1.1)
POST /session/06f0c06f818f8672f750c1023e918686/element/40502230-a2b1-4f07-a146-1d141389e254/click HTTP/1.1
User-Agent: selenium/4.1.4 (java windows)
Content-Length: 50
Content-Type: application/json; charset=utf-8
host: localhost:55294
accept: */*

Response DefaultHttpResponse(decodeResult: success, version: HTTP/1.1)
HTTP/1.1 200 OK
Content-Type: application/json; charset=utf-8
cache-control: no-cache
content-length: 14

20:00:58.163 [AsyncHttpClient-1-9] DEBUG org.asynchttpclient.netty.channel.ChannelManager - Adding key: http://localhost:55294 for channel [id: 0x315f677c, L:/127.0.0.1:51187 - R:localhost/127.0.0.1:55294]
20:00:58.167 [Forwarding screenshot on session 06f0c06f818f8672f750c1023e918686 to remote] DEBUG org.asynchttpclient.netty.request.NettyRequestSender - Using pooled Channel '[id: 0x315f677c, L:/127.0.0.1:51187 - R:localhost/127.0.0.1:55294]' for 'GET' to 'http://localhost:55294/session/06f0c06f818f8672f750c1023e918686/screenshot'
20:00:58.167 [Forwarding screenshot on session 06f0c06f818f8672f750c1023e918686 to remote] DEBUG org.asynchttpclient.netty.request.NettyRequestSender - Using open Channel [id: 0x315f677c, L:/127.0.0.1:51187 - R:localhost/127.0.0.1:55294] for GET '/session/06f0c06f818f8672f750c1023e918686/screenshot'
20:00:58.311 [AsyncHttpClient-1-1] DEBUG org.asynchttpclient.netty.channel.DefaultChannelPool - Entry count for : http://localhost:51188 : 1
20:00:58.352 [AsyncHttpClient-1-9] DEBUG org.asynchttpclient.netty.handler.HttpHandler - 

Request DefaultFullHttpRequest(decodeResult: success, version: HTTP/1.1, content: EmptyByteBufBE)
GET /session/06f0c06f818f8672f750c1023e918686/screenshot HTTP/1.1
User-Agent: selenium/4.1.4 (java windows)
Cache-Control: no-cache
Content-Type: application/json; charset=utf-8
host: localhost:55294
accept: */*

Response DefaultHttpResponse(decodeResult: success, version: HTTP/1.1)
HTTP/1.1 200 OK
Content-Type: application/json; charset=utf-8
cache-control: no-cache
content-length: 47904

20:00:58.352 [AsyncHttpClient-1-9] DEBUG org.asynchttpclient.netty.channel.ChannelManager - Adding key: http://localhost:55294 for channel [id: 0x315f677c, L:/127.0.0.1:51187 - R:localhost/127.0.0.1:55294]
20:00:58.352 [main] DEBUG net.serenitybdd.core.photography.Darkroom - Send negative for processing for target\site\serenity\30a794775b9581bedebea73a961ee6c2cc02d24257ecdd7baa81f532358afaca.png
20:00:58.352 [main] DEBUG net.thucydides.core.steps.StepInterceptor - STEP DONE: buttonRawatBiasa
  &amp#27;[32mAnd &amp#27;[0m&amp#27;[32mClick rawat biasa&amp#27;[0m                                                                    &amp#27;[90m# starter.stepdefinitios.KelolaJadwalSteps.clickRawatBiasa()&amp#27;[0m
20:00:58.352 [Darkroom Processing Line] DEBUG net.serenitybdd.core.photography.DarkroomProcessingLine - Processing screenshot image in /var/screenshots/screenshot-5683670470888124478
20:00:58.352 [Darkroom Processing Line] DEBUG net.serenitybdd.core.photography.DarkroomProcessingLine - Saving screenshot to target\site\serenity\30a794775b9581bedebea73a961ee6c2cc02d24257ecdd7baa81f532358afaca.png
20:00:58.866 [Forwarding screenshot on session 06f0c06f818f8672f750c1023e918686 to remote] DEBUG org.asynchttpclient.netty.request.NettyRequestSender - Using pooled Channel '[id: 0x315f677c, L:/127.0.0.1:51187 - R:localhost/127.0.0.1:55294]' for 'GET' to 'http://localhost:55294/session/06f0c06f818f8672f750c1023e918686/screenshot'
20:00:58.866 [Forwarding screenshot on session 06f0c06f818f8672f750c1023e918686 to remote] DEBUG org.asynchttpclient.netty.request.NettyRequestSender - Using open Channel [id: 0x315f677c, L:/127.0.0.1:51187 - R:localhost/127.0.0.1:55294] for GET '/session/06f0c06f818f8672f750c1023e918686/screenshot'
20:00:59.030 [AsyncHttpClient-1-9] DEBUG org.asynchttpclient.netty.handler.HttpHandler - 

Request DefaultFullHttpRequest(decodeResult: success, version: HTTP/1.1, content: EmptyByteBufBE)
GET /session/06f0c06f818f8672f750c1023e918686/screenshot HTTP/1.1
User-Agent: selenium/4.1.4 (java windows)
Cache-Control: no-cache
Content-Type: application/json; charset=utf-8
host: localhost:55294
accept: */*

Response DefaultHttpResponse(decodeResult: success, version: HTTP/1.1)
HTTP/1.1 200 OK
Content-Type: application/json; charset=utf-8
cache-control: no-cache
content-length: 47904

20:00:59.030 [AsyncHttpClient-1-9] DEBUG org.asynchttpclient.netty.channel.ChannelManager - Adding key: http://localhost:55294 for channel [id: 0x315f677c, L:/127.0.0.1:51187 - R:localhost/127.0.0.1:55294]
20:00:59.030 [main] DEBUG net.serenitybdd.core.photography.Darkroom - Send negative for processing for target\site\serenity\30a794775b9581bedebea73a961ee6c2cc02d24257ecdd7baa81f532358afaca.png
20:00:59.030 [main] DEBUG net.thucydides.core.steps.StepInterceptor - STARTING STEP: KelolaJadwalSteps.clickSimpan - buttonSave
20:00:59.038 [Forwarding findElement on session 06f0c06f818f8672f750c1023e918686 to remote] DEBUG org.asynchttpclient.netty.request.NettyRequestSender - Using pooled Channel '[id: 0x315f677c, L:/127.0.0.1:51187 - R:localhost/127.0.0.1:55294]' for 'POST' to 'http://localhost:55294/session/06f0c06f818f8672f750c1023e918686/element'
20:00:59.038 [Forwarding findElement on session 06f0c06f818f8672f750c1023e918686 to remote] DEBUG org.asynchttpclient.netty.request.NettyRequestSender - Using open Channel [id: 0x315f677c, L:/127.0.0.1:51187 - R:localhost/127.0.0.1:55294] for POST '/session/06f0c06f818f8672f750c1023e918686/element'
20:00:59.053 [AsyncHttpClient-1-9] DEBUG org.asynchttpclient.netty.handler.HttpHandler - 

Request DefaultHttpRequest(decodeResult: success, version: HTTP/1.1)
POST /session/06f0c06f818f8672f750c1023e918686/element HTTP/1.1
User-Agent: selenium/4.1.4 (java windows)
Content-Length: 68
Content-Type: application/json; charset=utf-8
host: localhost:55294
accept: */*

Response DefaultHttpResponse(decodeResult: success, version: HTTP/1.1)
HTTP/1.1 200 OK
Content-Type: application/json; charset=utf-8
cache-control: no-cache
content-length: 88

20:00:59.053 [AsyncHttpClient-1-9] DEBUG org.asynchttpclient.netty.channel.ChannelManager - Adding key: http://localhost:55294 for channel [id: 0x315f677c, L:/127.0.0.1:51187 - R:localhost/127.0.0.1:55294]
20:00:59.053 [Forwarding getElementTagName on session 06f0c06f818f8672f750c1023e918686 to remote] DEBUG org.asynchttpclient.netty.request.NettyRequestSender - Using pooled Channel '[id: 0x315f677c, L:/127.0.0.1:51187 - R:localhost/127.0.0.1:55294]' for 'GET' to 'http://localhost:55294/session/06f0c06f818f8672f750c1023e918686/element/c5a35b17-0697-4181-b2dc-f2e709c16294/name'
20:00:59.053 [Forwarding getElementTagName on session 06f0c06f818f8672f750c1023e918686 to remote] DEBUG org.asynchttpclient.netty.request.NettyRequestSender - Using open Channel [id: 0x315f677c, L:/127.0.0.1:51187 - R:localhost/127.0.0.1:55294] for GET '/session/06f0c06f818f8672f750c1023e918686/element/c5a35b17-0697-4181-b2dc-f2e709c16294/name'
20:00:59.062 [AsyncHttpClient-1-9] DEBUG org.asynchttpclient.netty.handler.HttpHandler - 

Request DefaultFullHttpRequest(decodeResult: success, version: HTTP/1.1, content: EmptyByteBufBE)
GET /session/06f0c06f818f8672f750c1023e918686/element/c5a35b17-0697-4181-b2dc-f2e709c16294/name HTTP/1.1
User-Agent: selenium/4.1.4 (java windows)
Cache-Control: no-cache
Content-Type: application/json; charset=utf-8
host: localhost:55294
accept: */*

Response DefaultHttpResponse(decodeResult: success, version: HTTP/1.1)
HTTP/1.1 200 OK
Content-Type: application/json; charset=utf-8
cache-control: no-cache
content-length: 18

20:00:59.062 [AsyncHttpClient-1-9] DEBUG org.asynchttpclient.netty.channel.ChannelManager - Adding key: http://localhost:55294 for channel [id: 0x315f677c, L:/127.0.0.1:51187 - R:localhost/127.0.0.1:55294]
20:00:59.063 [Forwarding getElementTagName on session 06f0c06f818f8672f750c1023e918686 to remote] DEBUG org.asynchttpclient.netty.request.NettyRequestSender - Using pooled Channel '[id: 0x315f677c, L:/127.0.0.1:51187 - R:localhost/127.0.0.1:55294]' for 'GET' to 'http://localhost:55294/session/06f0c06f818f8672f750c1023e918686/element/c5a35b17-0697-4181-b2dc-f2e709c16294/name'
20:00:59.063 [Forwarding getElementTagName on session 06f0c06f818f8672f750c1023e918686 to remote] DEBUG org.asynchttpclient.netty.request.NettyRequestSender - Using open Channel [id: 0x315f677c, L:/127.0.0.1:51187 - R:localhost/127.0.0.1:55294] for GET '/session/06f0c06f818f8672f750c1023e918686/element/c5a35b17-0697-4181-b2dc-f2e709c16294/name'
20:00:59.069 [AsyncHttpClient-1-9] DEBUG org.asynchttpclient.netty.handler.HttpHandler - 

Request DefaultFullHttpRequest(decodeResult: success, version: HTTP/1.1, content: EmptyByteBufBE)
GET /session/06f0c06f818f8672f750c1023e918686/element/c5a35b17-0697-4181-b2dc-f2e709c16294/name HTTP/1.1
User-Agent: selenium/4.1.4 (java windows)
Cache-Control: no-cache
Content-Type: application/json; charset=utf-8
host: localhost:55294
accept: */*

Response DefaultHttpResponse(decodeResult: success, version: HTTP/1.1)
HTTP/1.1 200 OK
Content-Type: application/json; charset=utf-8
cache-control: no-cache
content-length: 18

20:00:59.070 [AsyncHttpClient-1-9] DEBUG org.asynchttpclient.netty.channel.ChannelManager - Adding key: http://localhost:55294 for channel [id: 0x315f677c, L:/127.0.0.1:51187 - R:localhost/127.0.0.1:55294]
20:00:59.071 [Forwarding isElementEnabled on session 06f0c06f818f8672f750c1023e918686 to remote] DEBUG org.asynchttpclient.netty.request.NettyRequestSender - Using pooled Channel '[id: 0x315f677c, L:/127.0.0.1:51187 - R:localhost/127.0.0.1:55294]' for 'GET' to 'http://localhost:55294/session/06f0c06f818f8672f750c1023e918686/element/c5a35b17-0697-4181-b2dc-f2e709c16294/enabled'
20:00:59.071 [Forwarding isElementEnabled on session 06f0c06f818f8672f750c1023e918686 to remote] DEBUG org.asynchttpclient.netty.request.NettyRequestSender - Using open Channel [id: 0x315f677c, L:/127.0.0.1:51187 - R:localhost/127.0.0.1:55294] for GET '/session/06f0c06f818f8672f750c1023e918686/element/c5a35b17-0697-4181-b2dc-f2e709c16294/enabled'
20:00:59.111 [AsyncHttpClient-1-9] DEBUG org.asynchttpclient.netty.handler.HttpHandler - 

Request DefaultFullHttpRequest(decodeResult: success, version: HTTP/1.1, content: EmptyByteBufBE)
GET /session/06f0c06f818f8672f750c1023e918686/element/c5a35b17-0697-4181-b2dc-f2e709c16294/enabled HTTP/1.1
User-Agent: selenium/4.1.4 (java windows)
Cache-Control: no-cache
Content-Type: application/json; charset=utf-8
host: localhost:55294
accept: */*

Response DefaultHttpResponse(decodeResult: success, version: HTTP/1.1)
HTTP/1.1 200 OK
Content-Type: application/json; charset=utf-8
cache-control: no-cache
content-length: 14

20:00:59.111 [AsyncHttpClient-1-9] DEBUG org.asynchttpclient.netty.channel.ChannelManager - Adding key: http://localhost:55294 for channel [id: 0x315f677c, L:/127.0.0.1:51187 - R:localhost/127.0.0.1:55294]
20:00:59.113 [Forwarding isElementEnabled on session 06f0c06f818f8672f750c1023e918686 to remote] DEBUG org.asynchttpclient.netty.request.NettyRequestSender - Using pooled Channel '[id: 0x315f677c, L:/127.0.0.1:51187 - R:localhost/127.0.0.1:55294]' for 'GET' to 'http://localhost:55294/session/06f0c06f818f8672f750c1023e918686/element/c5a35b17-0697-4181-b2dc-f2e709c16294/enabled'
20:00:59.113 [Forwarding isElementEnabled on session 06f0c06f818f8672f750c1023e918686 to remote] DEBUG org.asynchttpclient.netty.request.NettyRequestSender - Using open Channel [id: 0x315f677c, L:/127.0.0.1:51187 - R:localhost/127.0.0.1:55294] for GET '/session/06f0c06f818f8672f750c1023e918686/element/c5a35b17-0697-4181-b2dc-f2e709c16294/enabled'
20:00:59.122 [AsyncHttpClient-1-9] DEBUG org.asynchttpclient.netty.handler.HttpHandler - 

Request DefaultFullHttpRequest(decodeResult: success, version: HTTP/1.1, content: EmptyByteBufBE)
GET /session/06f0c06f818f8672f750c1023e918686/element/c5a35b17-0697-4181-b2dc-f2e709c16294/enabled HTTP/1.1
User-Agent: selenium/4.1.4 (java windows)
Cache-Control: no-cache
Content-Type: application/json; charset=utf-8
host: localhost:55294
accept: */*

Response DefaultHttpResponse(decodeResult: success, version: HTTP/1.1)
HTTP/1.1 200 OK
Content-Type: application/json; charset=utf-8
cache-control: no-cache
content-length: 14

20:00:59.122 [AsyncHttpClient-1-9] DEBUG org.asynchttpclient.netty.channel.ChannelManager - Adding key: http://localhost:55294 for channel [id: 0x315f677c, L:/127.0.0.1:51187 - R:localhost/127.0.0.1:55294]
20:00:59.123 [Forwarding findElement on session 06f0c06f818f8672f750c1023e918686 to remote] DEBUG org.asynchttpclient.netty.request.NettyRequestSender - Using pooled Channel '[id: 0x315f677c, L:/127.0.0.1:51187 - R:localhost/127.0.0.1:55294]' for 'POST' to 'http://localhost:55294/session/06f0c06f818f8672f750c1023e918686/element'
20:00:59.123 [Forwarding findElement on session 06f0c06f818f8672f750c1023e918686 to remote] DEBUG org.asynchttpclient.netty.request.NettyRequestSender - Using open Channel [id: 0x315f677c, L:/127.0.0.1:51187 - R:localhost/127.0.0.1:55294] for POST '/session/06f0c06f818f8672f750c1023e918686/element'
20:00:59.136 [AsyncHttpClient-1-9] DEBUG org.asynchttpclient.netty.handler.HttpHandler - 

Request DefaultHttpRequest(decodeResult: success, version: HTTP/1.1)
POST /session/06f0c06f818f8672f750c1023e918686/element HTTP/1.1
User-Agent: selenium/4.1.4 (java windows)
Content-Length: 68
Content-Type: application/json; charset=utf-8
host: localhost:55294
accept: */*

Response DefaultHttpResponse(decodeResult: success, version: HTTP/1.1)
HTTP/1.1 200 OK
Content-Type: application/json; charset=utf-8
cache-control: no-cache
content-length: 88

20:00:59.137 [AsyncHttpClient-1-9] DEBUG org.asynchttpclient.netty.channel.ChannelManager - Adding key: http://localhost:55294 for channel [id: 0x315f677c, L:/127.0.0.1:51187 - R:localhost/127.0.0.1:55294]
20:00:59.137 [Forwarding clickElement on session 06f0c06f818f8672f750c1023e918686 to remote] DEBUG org.asynchttpclient.netty.request.NettyRequestSender - Using pooled Channel '[id: 0x315f677c, L:/127.0.0.1:51187 - R:localhost/127.0.0.1:55294]' for 'POST' to 'http://localhost:55294/session/06f0c06f818f8672f750c1023e918686/element/c5a35b17-0697-4181-b2dc-f2e709c16294/click'
20:00:59.137 [Forwarding clickElement on session 06f0c06f818f8672f750c1023e918686 to remote] DEBUG org.asynchttpclient.netty.request.NettyRequestSender - Using open Channel [id: 0x315f677c, L:/127.0.0.1:51187 - R:localhost/127.0.0.1:55294] for POST '/session/06f0c06f818f8672f750c1023e918686/element/c5a35b17-0697-4181-b2dc-f2e709c16294/click'
20:00:59.418 [AsyncHttpClient-1-1] DEBUG org.asynchttpclient.netty.channel.DefaultChannelPool - Entry count for : http://localhost:51188 : 1
20:00:59.446 [AsyncHttpClient-1-9] DEBUG org.asynchttpclient.netty.handler.HttpHandler - 

Request DefaultHttpRequest(decodeResult: success, version: HTTP/1.1)
POST /session/06f0c06f818f8672f750c1023e918686/element/c5a35b17-0697-4181-b2dc-f2e709c16294/click HTTP/1.1
User-Agent: selenium/4.1.4 (java windows)
Content-Length: 50
Content-Type: application/json; charset=utf-8
host: localhost:55294
accept: */*

Response DefaultHttpResponse(decodeResult: success, version: HTTP/1.1)
HTTP/1.1 200 OK
Content-Type: application/json; charset=utf-8
cache-control: no-cache
content-length: 14

20:00:59.446 [AsyncHttpClient-1-9] DEBUG org.asynchttpclient.netty.channel.ChannelManager - Adding key: http://localhost:55294 for channel [id: 0x315f677c, L:/127.0.0.1:51187 - R:localhost/127.0.0.1:55294]
20:00:59.455 [Forwarding screenshot on session 06f0c06f818f8672f750c1023e918686 to remote] DEBUG org.asynchttpclient.netty.request.NettyRequestSender - Using pooled Channel '[id: 0x315f677c, L:/127.0.0.1:51187 - R:localhost/127.0.0.1:55294]' for 'GET' to 'http://localhost:55294/session/06f0c06f818f8672f750c1023e918686/screenshot'
20:00:59.455 [Forwarding screenshot on session 06f0c06f818f8672f750c1023e918686 to remote] DEBUG org.asynchttpclient.netty.request.NettyRequestSender - Using open Channel [id: 0x315f677c, L:/127.0.0.1:51187 - R:localhost/127.0.0.1:55294] for GET '/session/06f0c06f818f8672f750c1023e918686/screenshot'
20:00:59.622 [AsyncHttpClient-1-9] DEBUG org.asynchttpclient.netty.handler.HttpHandler - 

Request DefaultFullHttpRequest(decodeResult: success, version: HTTP/1.1, content: EmptyByteBufBE)
GET /session/06f0c06f818f8672f750c1023e918686/screenshot HTTP/1.1
User-Agent: selenium/4.1.4 (java windows)
Cache-Control: no-cache
Content-Type: application/json; charset=utf-8
host: localhost:55294
accept: */*

Response DefaultHttpResponse(decodeResult: success, version: HTTP/1.1)
HTTP/1.1 200 OK
Content-Type: application/json; charset=utf-8
cache-control: no-cache
content-length: 48820

20:00:59.622 [AsyncHttpClient-1-9] DEBUG org.asynchttpclient.netty.channel.ChannelManager - Adding key: http://localhost:55294 for channel [id: 0x315f677c, L:/127.0.0.1:51187 - R:localhost/127.0.0.1:55294]
20:00:59.628 [main] DEBUG net.serenitybdd.core.photography.Darkroom - Send negative for processing for target\site\serenity\05955d4546ad64482d207088836ba7cc55dccbe974b845f1e7af0336aa961287.png
20:00:59.628 [main] DEBUG net.thucydides.core.steps.StepInterceptor - STEP DONE: buttonSave
  &amp#27;[32mAnd &amp#27;[0m&amp#27;[32mClick simpan&amp#27;[0m                                                                         &amp#27;[90m# starter.stepdefinitios.KelolaJadwalSteps.clickSimpan()&amp#27;[0m
20:00:59.628 [Darkroom Processing Line] DEBUG net.serenitybdd.core.photography.DarkroomProcessingLine - Processing screenshot image in /var/screenshots/screenshot-4734233437591835354
20:00:59.628 [Darkroom Processing Line] DEBUG net.serenitybdd.core.photography.DarkroomProcessingLine - Saving screenshot to target\site\serenity\05955d4546ad64482d207088836ba7cc55dccbe974b845f1e7af0336aa961287.png
20:00:59.664 [main] DEBUG net.thucydides.core.steps.StepInterceptor - STARTING STEP: KelolaJadwalSteps.validateDataErrorKelolaJadwal - validateErrorKelolaJadwal
20:00:59.668 [Forwarding findElement on session 06f0c06f818f8672f750c1023e918686 to remote] DEBUG org.asynchttpclient.netty.request.NettyRequestSender - Using pooled Channel '[id: 0x315f677c, L:/127.0.0.1:51187 - R:localhost/127.0.0.1:55294]' for 'POST' to 'http://localhost:55294/session/06f0c06f818f8672f750c1023e918686/element'
20:00:59.668 [Forwarding findElement on session 06f0c06f818f8672f750c1023e918686 to remote] DEBUG org.asynchttpclient.netty.request.NettyRequestSender - Using open Channel [id: 0x315f677c, L:/127.0.0.1:51187 - R:localhost/127.0.0.1:55294] for POST '/session/06f0c06f818f8672f750c1023e918686/element'
20:00:59.689 [AsyncHttpClient-1-9] DEBUG org.asynchttpclient.netty.handler.HttpHandler - 

Request DefaultHttpRequest(decodeResult: success, version: HTTP/1.1)
POST /session/06f0c06f818f8672f750c1023e918686/element HTTP/1.1
User-Agent: selenium/4.1.4 (java windows)
Content-Length: 100
Content-Type: application/json; charset=utf-8
host: localhost:55294
accept: */*

Response DefaultHttpResponse(decodeResult: success, version: HTTP/1.1)
HTTP/1.1 200 OK
Content-Type: application/json; charset=utf-8
cache-control: no-cache
content-length: 88

20:00:59.689 [AsyncHttpClient-1-9] DEBUG org.asynchttpclient.netty.channel.ChannelManager - Adding key: http://localhost:55294 for channel [id: 0x315f677c, L:/127.0.0.1:51187 - R:localhost/127.0.0.1:55294]
20:00:59.690 [Forwarding isElementEnabled on session 06f0c06f818f8672f750c1023e918686 to remote] DEBUG org.asynchttpclient.netty.request.NettyRequestSender - Using pooled Channel '[id: 0x315f677c, L:/127.0.0.1:51187 - R:localhost/127.0.0.1:55294]' for 'GET' to 'http://localhost:55294/session/06f0c06f818f8672f750c1023e918686/element/73f9a456-410e-4717-b088-b7043de38659/enabled'
20:00:59.690 [Forwarding isElementEnabled on session 06f0c06f818f8672f750c1023e918686 to remote] DEBUG org.asynchttpclient.netty.request.NettyRequestSender - Using open Channel [id: 0x315f677c, L:/127.0.0.1:51187 - R:localhost/127.0.0.1:55294] for GET '/session/06f0c06f818f8672f750c1023e918686/element/73f9a456-410e-4717-b088-b7043de38659/enabled'
20:00:59.706 [AsyncHttpClient-1-9] DEBUG org.asynchttpclient.netty.handler.HttpHandler - 

Request DefaultFullHttpRequest(decodeResult: success, version: HTTP/1.1, content: EmptyByteBufBE)
GET /session/06f0c06f818f8672f750c1023e918686/element/73f9a456-410e-4717-b088-b7043de38659/enabled HTTP/1.1
User-Agent: selenium/4.1.4 (java windows)
Cache-Control: no-cache
Content-Type: application/json; charset=utf-8
host: localhost:55294
accept: */*

Response DefaultHttpResponse(decodeResult: success, version: HTTP/1.1)
HTTP/1.1 200 OK
Content-Type: application/json; charset=utf-8
cache-control: no-cache
content-length: 14

20:00:59.706 [AsyncHttpClient-1-9] DEBUG org.asynchttpclient.netty.channel.ChannelManager - Adding key: http://localhost:55294 for channel [id: 0x315f677c, L:/127.0.0.1:51187 - R:localhost/127.0.0.1:55294]
20:00:59.713 [Forwarding screenshot on session 06f0c06f818f8672f750c1023e918686 to remote] DEBUG org.asynchttpclient.netty.request.NettyRequestSender - Using pooled Channel '[id: 0x315f677c, L:/127.0.0.1:51187 - R:localhost/127.0.0.1:55294]' for 'GET' to 'http://localhost:55294/session/06f0c06f818f8672f750c1023e918686/screenshot'
20:00:59.713 [Forwarding screenshot on session 06f0c06f818f8672f750c1023e918686 to remote] DEBUG org.asynchttpclient.netty.request.NettyRequestSender - Using open Channel [id: 0x315f677c, L:/127.0.0.1:51187 - R:localhost/127.0.0.1:55294] for GET '/session/06f0c06f818f8672f750c1023e918686/screenshot'
20:00:59.967 [AsyncHttpClient-1-9] DEBUG org.asynchttpclient.netty.handler.HttpHandler - 

Request DefaultFullHttpRequest(decodeResult: success, version: HTTP/1.1, content: EmptyByteBufBE)
GET /session/06f0c06f818f8672f750c1023e918686/screenshot HTTP/1.1
User-Agent: selenium/4.1.4 (java windows)
Cache-Control: no-cache
Content-Type: application/json; charset=utf-8
host: localhost:55294
accept: */*

Response DefaultHttpResponse(decodeResult: success, version: HTTP/1.1)
HTTP/1.1 200 OK
Content-Type: application/json; charset=utf-8
cache-control: no-cache
content-length: 48276

20:00:59.967 [AsyncHttpClient-1-9] DEBUG org.asynchttpclient.netty.channel.ChannelManager - Adding key: http://localhost:55294 for channel [id: 0x315f677c, L:/127.0.0.1:51187 - R:localhost/127.0.0.1:55294]
20:00:59.967 [main] DEBUG net.serenitybdd.core.photography.Darkroom - Send negative for processing for target\site\serenity\21441321f8a8e5d941dd9331ed3336b5de8398e7d951671cadca66f515d1cc92.png
20:00:59.967 [main] DEBUG net.thucydides.core.steps.StepInterceptor - STEP DONE: validateErrorKelolaJadwal
  &amp#27;[32mAnd &amp#27;[0m&amp#27;[32mValidate data error kelola jadwal&amp#27;[0m                                                    &amp#27;[90m# starter.stepdefinitios.KelolaJadwalSteps.validateDataErrorKelolaJadwal()&amp#27;[0m
20:00:59.967 [Darkroom Processing Line] DEBUG net.serenitybdd.core.photography.DarkroomProcessingLine - Processing screenshot image in /var/screenshots/screenshot-12121053721683357724
20:00:59.967 [Darkroom Processing Line] DEBUG net.serenitybdd.core.photography.DarkroomProcessingLine - Saving screenshot to target\site\serenity\21441321f8a8e5d941dd9331ed3336b5de8398e7d951671cadca66f515d1cc92.png
20:00:59.999 [AsyncHttpClient-1-3] DEBUG org.asynchttpclient.netty.handler.WebSocketHandler - Channel Closed: [id: 0x907ac062, L:/127.0.0.1:51195 ! R:localhost/127.0.0.1:51188] with attribute NettyResponseFuture{currentRetry=5,
	isDone=1,
	isCancelled=0,
	asyncHandler=org.asynchttpclient.ws.WebSocketUpgradeHandler@57b27d1c,
	nettyRequest=org.asynchttpclient.netty.request.NettyRequest@5211592f,
	future=java.util.concurrent.CompletableFuture@4ffc2ab[Completed normally],
	uri=ws://localhost:51188/devtools/browser/a755dc64-55ba-47b9-be63-df037d916390,
	keepAlive=true,
	redirectCount=0,
	timeoutsHolder=null,
	inAuth=0,
	touch=1658062821234}
20:01:00.000 [AsyncHttpClient-1-3] DEBUG org.asynchttpclient.netty.channel.ChannelManager - Closing Channel [id: 0x907ac062, L:/127.0.0.1:51195 ! R:localhost/127.0.0.1:51188] 
20:01:00.000 [Driver Command Executor] DEBUG org.asynchttpclient.netty.request.NettyRequestSender - Using pooled Channel '[id: 0x315f677c, L:/127.0.0.1:51187 - R:localhost/127.0.0.1:55294]' for 'DELETE' to 'http://localhost:55294/session/06f0c06f818f8672f750c1023e918686'
20:01:00.000 [Driver Command Executor] DEBUG org.asynchttpclient.netty.request.NettyRequestSender - Using open Channel [id: 0x315f677c, L:/127.0.0.1:51187 - R:localhost/127.0.0.1:55294] for DELETE '/session/06f0c06f818f8672f750c1023e918686'
20:01:00.172 [AsyncHttpClient-1-2] DEBUG org.asynchttpclient.netty.handler.HttpHandler - Unexpected I/O exception on channel [id: 0x95182eac, L:/127.0.0.1:51194 - R:localhost/127.0.0.1:51188]
java.io.IOException: An existing connection was forcibly closed by the remote host
	at java.base/sun.nio.ch.SocketDispatcher.read0(Native Method)
	at java.base/sun.nio.ch.SocketDispatcher.read(SocketDispatcher.java:43)
	at java.base/sun.nio.ch.IOUtil.readIntoNativeBuffer(IOUtil.java:276)
	at java.base/sun.nio.ch.IOUtil.read(IOUtil.java:233)
	at java.base/sun.nio.ch.IOUtil.read(IOUtil.java:223)
	at java.base/sun.nio.ch.SocketChannelImpl.read(SocketChannelImpl.java:356)
	at io.netty.buffer.PooledByteBuf.setBytes(PooledByteBuf.java:258)
	at io.netty.buffer.AbstractByteBuf.writeBytes(AbstractByteBuf.java:1132)
	at io.netty.channel.socket.nio.NioSocketChannel.doReadBytes(NioSocketChannel.java:357)
	at io.netty.channel.nio.AbstractNioByteChannel$NioByteUnsafe.read(AbstractNioByteChannel.java:151)
	at io.netty.channel.nio.NioEventLoop.processSelectedKey(NioEventLoop.java:722)
	at io.netty.channel.nio.NioEventLoop.processSelectedKeysOptimized(NioEventLoop.java:658)
	at io.netty.channel.nio.NioEventLoop.processSelectedKeys(NioEventLoop.java:584)
	at io.netty.channel.nio.NioEventLoop.run(NioEventLoop.java:496)
	at io.netty.util.concurrent.SingleThreadEventExecutor$4.run(SingleThreadEventExecutor.java:986)
	at io.netty.util.internal.ThreadExecutorMap$2.run(ThreadExecutorMap.java:74)
	at io.netty.util.concurrent.FastThreadLocalRunnable.run(FastThreadLocalRunnable.java:30)
	at java.base/java.lang.Thread.run(Thread.java:829)
20:01:00.172 [AsyncHttpClient-1-2] DEBUG org.asynchttpclient.netty.channel.ChannelManager - Closing Channel [id: 0x95182eac, L:/127.0.0.1:51194 - R:localhost/127.0.0.1:51188] 
20:01:00.172 [AsyncHttpClient-1-2] DEBUG org.asynchttpclient.netty.handler.HttpHandler - Channel Closed: [id: 0x95182eac, L:/127.0.0.1:51194 ! R:localhost/127.0.0.1:51188] with attribute DISCARD
20:01:00.231 [AsyncHttpClient-1-9] DEBUG org.asynchttpclient.netty.handler.HttpHandler - 

Request DefaultFullHttpRequest(decodeResult: success, version: HTTP/1.1, content: EmptyByteBufBE)
DELETE /session/06f0c06f818f8672f750c1023e918686 HTTP/1.1
User-Agent: selenium/4.1.4 (java windows)
Content-Type: application/json; charset=utf-8
host: localhost:55294
accept: */*

Response DefaultHttpResponse(decodeResult: success, version: HTTP/1.1)
HTTP/1.1 200 OK
Content-Type: application/json; charset=utf-8
cache-control: no-cache
content-length: 14

20:01:00.231 [AsyncHttpClient-1-9] DEBUG org.asynchttpclient.netty.channel.ChannelManager - Adding key: http://localhost:55294 for channel [id: 0x315f677c, L:/127.0.0.1:51187 - R:localhost/127.0.0.1:55294]
20:01:00.320 [AsyncHttpClient-1-9] DEBUG org.asynchttpclient.netty.handler.HttpHandler - Channel Closed: [id: 0x315f677c, L:/127.0.0.1:51187 ! R:localhost/127.0.0.1:55294] with attribute DISCARD
20:01:00.350 [main] INFO  - 
  _____   ___   ___   _____     ___     _     ___   ___   ___   ___  
 |_   _| | __| / __| |_   _|   | _ \   /_\   / __| / __| | __| |   \ 
   | |   | _|  \__ \   | |     |  _/  / _ \  \__ \ \__ \ | _|  | |) |
   |_|   |___| |___/   |_|     |_|   /_/ \_\ |___/ |___/ |___| |___/ 

As a admin i want to Add Manage Schedule Rawat Biasa - tidak ada tanggal
----------------------------------------------------------------------
]]></system-out>
    <system-err><![CDATA[Starting ChromeDriver 103.0.5060.53 (a1711811edd74ff1cf2150f36ffa3b0dae40b17f-refs/branch-heads/5060@{#853}) on port 55294
Only local connections are allowed.
Please see https://chromedriver.chromium.org/security-considerations for suggestions on keeping ChromeDriver safe.
ChromeDriver was started successfully.
Jul 17, 2022 8:00:21 PM org.openqa.selenium.remote.ProtocolHandshake createSession
INFO: Detected dialect: W3C
Jul 17, 2022 8:00:21 PM org.openqa.selenium.devtools.CdpVersionFinder findNearestMatch
WARNING: Unable to find an exact match for CDP version 103, so returning the closest version found: 101
Jul 17, 2022 8:00:21 PM org.openqa.selenium.devtools.CdpVersionFinder findNearestMatch
INFO: Found CDP implementation for version 103 of 101
]]></system-err>
  </testcase>
  <testcase name="As a admin i want to Add Manage Schedule Rawat Biasa - tidak ada perawat" classname="Kelola jadwal - admin" time="40.879">
    <system-out><![CDATA[
@KelolaJadwal111 @AddKelolaJadwalRawatJalanNoPerawat
Scenario Outline: As a admin i want to Add Manage Schedule Rawat Biasa - tidak ada perawat &amp#27;[90m# src/test/resources/features/5KelolaJadwal.feature:111&amp#27;[0m
20:01:00.399 [main] INFO io.cucumber.core.plugin.SerenityReporter - Running feature from file:///C:/Alterra/CapstoneBaru/QE/TestingWebUpdate/src/test/resources/features/5KelolaJadwal.feature
20:01:00.421 [main] INFO  - 
  _____   ___   ___   _____     ___   _____     _     ___   _____   ___   ___  
 |_   _| | __| / __| |_   _|   / __| |_   _|   /_\   | _ \ |_   _| | __| |   \ 
   | |   | _|  \__ \   | |     \__ \   | |    / _ \  |   /   | |   | _|  | |) |
   |_|   |___| |___/   |_|     |___/   |_|   /_/ \_\ |_|_\   |_|   |___| |___/ 

As a admin i want to Add Manage Schedule Rawat Biasa - tidak ada perawat(kelola-jadwal---admin;as-a-admin-i-want-to-add-manage-schedule-rawat-biasa---tidak-ada-perawat)
--------------------------------------------------------------------------------
20:01:00.495 [main] DEBUG net.thucydides.core.steps.StepInterceptor - STARTING STEP: LoginSteps.openLoginPage - openLogin
20:01:00.495 [main] INFO net.serenitybdd.core.webdriver.driverproviders.ChromeDriverProvider - Using automatically driver download
20:01:00.529 [AsyncHttpClient-1-1] DEBUG org.asynchttpclient.netty.channel.DefaultChannelPool - Entry count for : http://localhost:55294 : 1
20:01:00.529 [AsyncHttpClient-1-1] DEBUG org.asynchttpclient.netty.channel.DefaultChannelPool - Entry count for : http://localhost:51188 : 1
20:01:00.529 [AsyncHttpClient-1-1] DEBUG org.asynchttpclient.netty.channel.DefaultChannelPool - Adding Candidate expired Channel [id: 0x315f677c, L:/127.0.0.1:51187 ! R:localhost/127.0.0.1:55294] isIdleTimeoutExpired=false isRemotelyClosed=true isTtlExpired=false
20:01:00.529 [AsyncHttpClient-1-1] DEBUG org.asynchttpclient.netty.channel.DefaultChannelPool - Closing Idle Channel [id: 0x315f677c, L:/127.0.0.1:51187 ! R:localhost/127.0.0.1:55294]
20:01:00.529 [AsyncHttpClient-1-1] DEBUG org.asynchttpclient.netty.channel.DefaultChannelPool - Adding Candidate expired Channel [id: 0x95182eac, L:/127.0.0.1:51194 ! R:localhost/127.0.0.1:51188] isIdleTimeoutExpired=false isRemotelyClosed=true isTtlExpired=false
20:01:00.529 [AsyncHttpClient-1-1] DEBUG org.asynchttpclient.netty.channel.DefaultChannelPool - Closing Idle Channel [id: 0x95182eac, L:/127.0.0.1:51194 ! R:localhost/127.0.0.1:51188]
20:01:00.529 [AsyncHttpClient-1-1] DEBUG org.asynchttpclient.netty.channel.DefaultChannelPool - Closed 2 connections out of 2 in 0 ms
20:01:00.731 [main] DEBUG io.github.bonigarcia.wdm.cache.ResolutionCache - Resolution chrome=103 in cache (valid until 20:05:23 17/07/2022 ICT)
20:01:00.731 [main] DEBUG io.github.bonigarcia.wdm.cache.ResolutionCache - Resolution chrome103=103.0.5060.53 in cache (valid until 17:54:33 18/07/2022 ICT)
20:01:00.731 [main] INFO io.github.bonigarcia.wdm.WebDriverManager - Using chromedriver 103.0.5060.53 (resolved driver for Chrome 103)
20:01:00.764 [main] DEBUG io.github.bonigarcia.wdm.WebDriverManager - Driver chromedriver 103.0.5060.53 found in cache
20:01:00.764 [main] INFO io.github.bonigarcia.wdm.WebDriverManager - Exporting webdriver.chrome.driver as C:\Users\Bagas Dwi Saputra\.cache\selenium\chromedriver\win32\103.0.5060.53\chromedriver.exe
20:01:00.990 [main] DEBUG net.serenitybdd.core.webdriver.driverproviders.ProvideNewDriver - Instantiating driver
20:01:00.990 [main] DEBUG net.serenitybdd.core.webdriver.driverproviders.ProvideNewDriver - Driver capabilities: Capabilities {acceptInsecureCerts: false, base.url: https://fanciful-trifle-360..., browserName: chrome, chorme.driver: src/test/resources/webdrive..., driver: chrome, goog:chromeOptions: {args: [], extensions: []}}
20:01:01.123 [AsyncHttpClient-1-4] DEBUG org.asynchttpclient.netty.channel.NettyConnectListener - Using new Channel '[id: 0x4622e948, L:/127.0.0.1:51213 - R:localhost/127.0.0.1:53890]' for 'POST' to '/session'
20:01:02.031 [AsyncHttpClient-1-4] DEBUG org.asynchttpclient.netty.handler.HttpHandler - 

Request DefaultHttpRequest(decodeResult: success, version: HTTP/1.1)
POST /session HTTP/1.1
User-Agent: selenium/4.1.4 (java windows)
Content-Length: 629
Content-Type: application/json; charset=utf-8
host: localhost:53890
accept: */*

Response DefaultHttpResponse(decodeResult: success, version: HTTP/1.1)
HTTP/1.1 200 OK
Content-Type: application/json; charset=utf-8
cache-control: no-cache
content-length: 793

20:01:02.031 [AsyncHttpClient-1-4] DEBUG org.asynchttpclient.netty.channel.ChannelManager - Adding key: http://localhost:53890 for channel [id: 0x4622e948, L:/127.0.0.1:51213 - R:localhost/127.0.0.1:53890]
20:01:02.050 [AsyncHttpClient-1-5] DEBUG org.asynchttpclient.netty.channel.NettyConnectListener - Using new Channel '[id: 0x5598f09e, L:/127.0.0.1:51220 - R:localhost/127.0.0.1:51214]' for 'GET' to '/json/version'
20:01:02.051 [AsyncHttpClient-1-5] DEBUG org.asynchttpclient.netty.handler.HttpHandler - 

Request DefaultFullHttpRequest(decodeResult: success, version: HTTP/1.1, content: EmptyByteBufBE)
GET /json/version HTTP/1.1
User-Agent: selenium/4.1.4 (java windows)
host: localhost:51214
accept: */*

Response DefaultHttpResponse(decodeResult: success, version: HTTP/1.1)
HTTP/1.1 200 OK
Content-Type: application/json; charset=UTF-8
content-length: 429

20:01:02.051 [AsyncHttpClient-1-5] DEBUG org.asynchttpclient.netty.channel.ChannelManager - Adding key: http://localhost:51214 for channel [id: 0x5598f09e, L:/127.0.0.1:51220 - R:localhost/127.0.0.1:51214]
20:01:02.057 [AsyncHttpClient-1-6] DEBUG org.asynchttpclient.netty.channel.NettyConnectListener - Using new Channel '[id: 0x28ec4689, L:/127.0.0.1:51221 - R:localhost/127.0.0.1:51214]' for 'GET' to '/devtools/browser/6149c3b5-323d-4f6f-ad23-9995d44b0674'
20:01:02.060 [AsyncHttpClient-1-6] DEBUG org.asynchttpclient.netty.handler.WebSocketHandler - 

Request DefaultFullHttpRequest(decodeResult: success, version: HTTP/1.1, content: EmptyByteBufBE)
GET /devtools/browser/6149c3b5-323d-4f6f-ad23-9995d44b0674 HTTP/1.1
upgrade: websocket
connection: upgrade
sec-websocket-key: 3vzqVTYTecN9Jz3Mf+pIXg==
sec-websocket-version: 13
origin: http://localhost:51214
host: localhost:51214
accept: */*
user-agent: AHC/2.1

Response DefaultHttpResponse(decodeResult: success, version: HTTP/1.1)
HTTP/1.1 101 WebSocket Protocol Handshake
Upgrade: WebSocket
Connection: Upgrade
Sec-WebSocket-Accept: lRTRDF5eqfGFE2+/ZzsC0O6qVFc=

20:01:02.067 [Forwarding get on session 9804e146b4de37d52bf29e32b62cccaa to remote] DEBUG org.asynchttpclient.netty.request.NettyRequestSender - Using pooled Channel '[id: 0x4622e948, L:/127.0.0.1:51213 - R:localhost/127.0.0.1:53890]' for 'POST' to 'http://localhost:53890/session/9804e146b4de37d52bf29e32b62cccaa/url'
20:01:02.067 [Forwarding get on session 9804e146b4de37d52bf29e32b62cccaa to remote] DEBUG org.asynchttpclient.netty.request.NettyRequestSender - Using open Channel [id: 0x4622e948, L:/127.0.0.1:51213 - R:localhost/127.0.0.1:53890] for POST '/session/9804e146b4de37d52bf29e32b62cccaa/url'
20:01:02.699 [AsyncHttpClient-1-4] DEBUG org.asynchttpclient.netty.handler.HttpHandler - 

Request DefaultHttpRequest(decodeResult: success, version: HTTP/1.1)
POST /session/9804e146b4de37d52bf29e32b62cccaa/url HTTP/1.1
User-Agent: selenium/4.1.4 (java windows)
Content-Length: 78
Content-Type: application/json; charset=utf-8
host: localhost:53890
accept: */*

Response DefaultHttpResponse(decodeResult: success, version: HTTP/1.1)
HTTP/1.1 200 OK
Content-Type: application/json; charset=utf-8
cache-control: no-cache
content-length: 14

20:01:02.699 [AsyncHttpClient-1-4] DEBUG org.asynchttpclient.netty.channel.ChannelManager - Adding key: http://localhost:53890 for channel [id: 0x4622e948, L:/127.0.0.1:51213 - R:localhost/127.0.0.1:53890]
20:01:02.700 [Forwarding setTimeout on session 9804e146b4de37d52bf29e32b62cccaa to remote] DEBUG org.asynchttpclient.netty.request.NettyRequestSender - Using pooled Channel '[id: 0x4622e948, L:/127.0.0.1:51213 - R:localhost/127.0.0.1:53890]' for 'POST' to 'http://localhost:53890/session/9804e146b4de37d52bf29e32b62cccaa/timeouts'
20:01:02.700 [Forwarding setTimeout on session 9804e146b4de37d52bf29e32b62cccaa to remote] DEBUG org.asynchttpclient.netty.request.NettyRequestSender - Using open Channel [id: 0x4622e948, L:/127.0.0.1:51213 - R:localhost/127.0.0.1:53890] for POST '/session/9804e146b4de37d52bf29e32b62cccaa/timeouts'
20:01:02.703 [AsyncHttpClient-1-4] DEBUG org.asynchttpclient.netty.handler.HttpHandler - 

Request DefaultHttpRequest(decodeResult: success, version: HTTP/1.1)
POST /session/9804e146b4de37d52bf29e32b62cccaa/timeouts HTTP/1.1
User-Agent: selenium/4.1.4 (java windows)
Content-Length: 22
Content-Type: application/json; charset=utf-8
host: localhost:53890
accept: */*

Response DefaultHttpResponse(decodeResult: success, version: HTTP/1.1)
HTTP/1.1 200 OK
Content-Type: application/json; charset=utf-8
cache-control: no-cache
content-length: 14

20:01:02.703 [AsyncHttpClient-1-4] DEBUG org.asynchttpclient.netty.channel.ChannelManager - Adding key: http://localhost:53890 for channel [id: 0x4622e948, L:/127.0.0.1:51213 - R:localhost/127.0.0.1:53890]
20:01:02.703 [Forwarding getCurrentUrl on session 9804e146b4de37d52bf29e32b62cccaa to remote] DEBUG org.asynchttpclient.netty.request.NettyRequestSender - Using pooled Channel '[id: 0x4622e948, L:/127.0.0.1:51213 - R:localhost/127.0.0.1:53890]' for 'GET' to 'http://localhost:53890/session/9804e146b4de37d52bf29e32b62cccaa/url'
20:01:02.703 [Forwarding getCurrentUrl on session 9804e146b4de37d52bf29e32b62cccaa to remote] DEBUG org.asynchttpclient.netty.request.NettyRequestSender - Using open Channel [id: 0x4622e948, L:/127.0.0.1:51213 - R:localhost/127.0.0.1:53890] for GET '/session/9804e146b4de37d52bf29e32b62cccaa/url'
20:01:02.713 [AsyncHttpClient-1-4] DEBUG org.asynchttpclient.netty.handler.HttpHandler - 

Request DefaultFullHttpRequest(decodeResult: success, version: HTTP/1.1, content: EmptyByteBufBE)
GET /session/9804e146b4de37d52bf29e32b62cccaa/url HTTP/1.1
User-Agent: selenium/4.1.4 (java windows)
Cache-Control: no-cache
Content-Type: application/json; charset=utf-8
host: localhost:53890
accept: */*

Response DefaultHttpResponse(decodeResult: success, version: HTTP/1.1)
HTTP/1.1 200 OK
Content-Type: application/json; charset=utf-8
cache-control: no-cache
content-length: 60

20:01:02.714 [AsyncHttpClient-1-4] DEBUG org.asynchttpclient.netty.channel.ChannelManager - Adding key: http://localhost:53890 for channel [id: 0x4622e948, L:/127.0.0.1:51213 - R:localhost/127.0.0.1:53890]
20:01:02.714 [Forwarding screenshot on session 9804e146b4de37d52bf29e32b62cccaa to remote] DEBUG org.asynchttpclient.netty.request.NettyRequestSender - Using pooled Channel '[id: 0x4622e948, L:/127.0.0.1:51213 - R:localhost/127.0.0.1:53890]' for 'GET' to 'http://localhost:53890/session/9804e146b4de37d52bf29e32b62cccaa/screenshot'
20:01:02.714 [Forwarding screenshot on session 9804e146b4de37d52bf29e32b62cccaa to remote] DEBUG org.asynchttpclient.netty.request.NettyRequestSender - Using open Channel [id: 0x4622e948, L:/127.0.0.1:51213 - R:localhost/127.0.0.1:53890] for GET '/session/9804e146b4de37d52bf29e32b62cccaa/screenshot'
20:01:02.735 [AsyncHttpClient-1-1] DEBUG org.asynchttpclient.netty.channel.DefaultChannelPool - Entry count for : http://localhost:51214 : 1
20:01:03.115 [AsyncHttpClient-1-4] DEBUG org.asynchttpclient.netty.handler.HttpHandler - 

Request DefaultFullHttpRequest(decodeResult: success, version: HTTP/1.1, content: EmptyByteBufBE)
GET /session/9804e146b4de37d52bf29e32b62cccaa/screenshot HTTP/1.1
User-Agent: selenium/4.1.4 (java windows)
Cache-Control: no-cache
Content-Type: application/json; charset=utf-8
host: localhost:53890
accept: */*

Response DefaultHttpResponse(decodeResult: success, version: HTTP/1.1)
HTTP/1.1 200 OK
Content-Type: application/json; charset=utf-8
cache-control: no-cache
content-length: 380436

20:01:03.115 [AsyncHttpClient-1-4] DEBUG org.asynchttpclient.netty.channel.ChannelManager - Adding key: http://localhost:53890 for channel [id: 0x4622e948, L:/127.0.0.1:51213 - R:localhost/127.0.0.1:53890]
20:01:03.133 [main] DEBUG net.serenitybdd.core.photography.Darkroom - Send negative for processing for target\site\serenity\d122c364c40ece9db0ad32cd97c3fcf63e95ba606118dda8d3e5a1d2b8235ce2.png
20:01:03.133 [main] DEBUG net.thucydides.core.steps.StepInterceptor - STEP DONE: openLogin
  &amp#27;[32mGiven &amp#27;[0m&amp#27;[32mOpen login page&amp#27;[0m                                                                    &amp#27;[90m# starter.stepdefinitios.LoginSteps.openLoginPage()&amp#27;[0m
20:01:03.651 [Forwarding findElement on session 9804e146b4de37d52bf29e32b62cccaa to remote] DEBUG org.asynchttpclient.netty.request.NettyRequestSender - Using pooled Channel '[id: 0x4622e948, L:/127.0.0.1:51213 - R:localhost/127.0.0.1:53890]' for 'POST' to 'http://localhost:53890/session/9804e146b4de37d52bf29e32b62cccaa/element'
20:01:03.651 [Forwarding findElement on session 9804e146b4de37d52bf29e32b62cccaa to remote] DEBUG org.asynchttpclient.netty.request.NettyRequestSender - Using open Channel [id: 0x4622e948, L:/127.0.0.1:51213 - R:localhost/127.0.0.1:53890] for POST '/session/9804e146b4de37d52bf29e32b62cccaa/element'
20:01:03.687 [AsyncHttpClient-1-4] DEBUG org.asynchttpclient.netty.handler.HttpHandler - 

Request DefaultHttpRequest(decodeResult: success, version: HTTP/1.1)
POST /session/9804e146b4de37d52bf29e32b62cccaa/element HTTP/1.1
User-Agent: selenium/4.1.4 (java windows)
Content-Length: 70
Content-Type: application/json; charset=utf-8
host: localhost:53890
accept: */*

Response DefaultHttpResponse(decodeResult: success, version: HTTP/1.1)
HTTP/1.1 200 OK
Content-Type: application/json; charset=utf-8
cache-control: no-cache
content-length: 88

20:01:03.687 [AsyncHttpClient-1-4] DEBUG org.asynchttpclient.netty.channel.ChannelManager - Adding key: http://localhost:53890 for channel [id: 0x4622e948, L:/127.0.0.1:51213 - R:localhost/127.0.0.1:53890]
20:01:03.691 [Forwarding sendKeysToElement on session 9804e146b4de37d52bf29e32b62cccaa to remote] DEBUG org.asynchttpclient.netty.request.NettyRequestSender - Using pooled Channel '[id: 0x4622e948, L:/127.0.0.1:51213 - R:localhost/127.0.0.1:53890]' for 'POST' to 'http://localhost:53890/session/9804e146b4de37d52bf29e32b62cccaa/element/8b476457-4815-45c9-ba21-07a12eac0acd/value'
20:01:03.691 [Forwarding sendKeysToElement on session 9804e146b4de37d52bf29e32b62cccaa to remote] DEBUG org.asynchttpclient.netty.request.NettyRequestSender - Using open Channel [id: 0x4622e948, L:/127.0.0.1:51213 - R:localhost/127.0.0.1:53890] for POST '/session/9804e146b4de37d52bf29e32b62cccaa/element/8b476457-4815-45c9-ba21-07a12eac0acd/value'
20:01:03.813 [AsyncHttpClient-1-1] DEBUG org.asynchttpclient.netty.channel.DefaultChannelPool - Entry count for : http://localhost:51214 : 1
20:01:03.856 [AsyncHttpClient-1-4] DEBUG org.asynchttpclient.netty.handler.HttpHandler - 

Request DefaultHttpRequest(decodeResult: success, version: HTTP/1.1)
POST /session/9804e146b4de37d52bf29e32b62cccaa/element/8b476457-4815-45c9-ba21-07a12eac0acd/value HTTP/1.1
User-Agent: selenium/4.1.4 (java windows)
Content-Length: 131
Content-Type: application/json; charset=utf-8
host: localhost:53890
accept: */*

Response DefaultHttpResponse(decodeResult: success, version: HTTP/1.1)
HTTP/1.1 200 OK
Content-Type: application/json; charset=utf-8
cache-control: no-cache
content-length: 14

20:01:03.856 [AsyncHttpClient-1-4] DEBUG org.asynchttpclient.netty.channel.ChannelManager - Adding key: http://localhost:53890 for channel [id: 0x4622e948, L:/127.0.0.1:51213 - R:localhost/127.0.0.1:53890]
  &amp#27;[32mAnd &amp#27;[0m&amp#27;[32mI input &amp#27;[0m&amp#27;[32m&amp#27;[1m"admin"&amp#27;[0m&amp#27;[32m login email valid&amp#27;[0m                                                    &amp#27;[90m# starter.stepdefinitios.LoginSteps.iInputLoginEmailValid(java.lang.String)&amp#27;[0m
20:01:03.862 [Forwarding screenshot on session 9804e146b4de37d52bf29e32b62cccaa to remote] DEBUG org.asynchttpclient.netty.request.NettyRequestSender - Using pooled Channel '[id: 0x4622e948, L:/127.0.0.1:51213 - R:localhost/127.0.0.1:53890]' for 'GET' to 'http://localhost:53890/session/9804e146b4de37d52bf29e32b62cccaa/screenshot'
20:01:03.862 [Forwarding screenshot on session 9804e146b4de37d52bf29e32b62cccaa to remote] DEBUG org.asynchttpclient.netty.request.NettyRequestSender - Using open Channel [id: 0x4622e948, L:/127.0.0.1:51213 - R:localhost/127.0.0.1:53890] for GET '/session/9804e146b4de37d52bf29e32b62cccaa/screenshot'
20:01:04.091 [AsyncHttpClient-1-4] DEBUG org.asynchttpclient.netty.handler.HttpHandler - 

Request DefaultFullHttpRequest(decodeResult: success, version: HTTP/1.1, content: EmptyByteBufBE)
GET /session/9804e146b4de37d52bf29e32b62cccaa/screenshot HTTP/1.1
User-Agent: selenium/4.1.4 (java windows)
Cache-Control: no-cache
Content-Type: application/json; charset=utf-8
host: localhost:53890
accept: */*

Response DefaultHttpResponse(decodeResult: success, version: HTTP/1.1)
HTTP/1.1 200 OK
Content-Type: application/json; charset=utf-8
cache-control: no-cache
content-length: 379420

20:01:04.092 [AsyncHttpClient-1-4] DEBUG org.asynchttpclient.netty.channel.ChannelManager - Adding key: http://localhost:53890 for channel [id: 0x4622e948, L:/127.0.0.1:51213 - R:localhost/127.0.0.1:53890]
20:01:04.111 [main] DEBUG net.serenitybdd.core.photography.Darkroom - Send negative for processing for target\site\serenity\93df20195d3751dea78ac30a105f84d37c410e0341f58ded6fb231b5b47402e6.png
20:01:04.625 [Forwarding screenshot on session 9804e146b4de37d52bf29e32b62cccaa to remote] DEBUG org.asynchttpclient.netty.request.NettyRequestSender - Using pooled Channel '[id: 0x4622e948, L:/127.0.0.1:51213 - R:localhost/127.0.0.1:53890]' for 'GET' to 'http://localhost:53890/session/9804e146b4de37d52bf29e32b62cccaa/screenshot'
20:01:04.625 [Forwarding screenshot on session 9804e146b4de37d52bf29e32b62cccaa to remote] DEBUG org.asynchttpclient.netty.request.NettyRequestSender - Using open Channel [id: 0x4622e948, L:/127.0.0.1:51213 - R:localhost/127.0.0.1:53890] for GET '/session/9804e146b4de37d52bf29e32b62cccaa/screenshot'
20:01:04.897 [AsyncHttpClient-1-4] DEBUG org.asynchttpclient.netty.handler.HttpHandler - 

Request DefaultFullHttpRequest(decodeResult: success, version: HTTP/1.1, content: EmptyByteBufBE)
GET /session/9804e146b4de37d52bf29e32b62cccaa/screenshot HTTP/1.1
User-Agent: selenium/4.1.4 (java windows)
Cache-Control: no-cache
Content-Type: application/json; charset=utf-8
host: localhost:53890
accept: */*

Response DefaultHttpResponse(decodeResult: success, version: HTTP/1.1)
HTTP/1.1 200 OK
Content-Type: application/json; charset=utf-8
cache-control: no-cache
content-length: 379404

20:01:04.897 [AsyncHttpClient-1-4] DEBUG org.asynchttpclient.netty.channel.ChannelManager - Adding key: http://localhost:53890 for channel [id: 0x4622e948, L:/127.0.0.1:51213 - R:localhost/127.0.0.1:53890]
20:01:04.913 [AsyncHttpClient-1-1] DEBUG org.asynchttpclient.netty.channel.DefaultChannelPool - Entry count for : http://localhost:53890 : 1
20:01:04.913 [AsyncHttpClient-1-1] DEBUG org.asynchttpclient.netty.channel.DefaultChannelPool - Entry count for : http://localhost:51214 : 1
20:01:04.913 [main] DEBUG net.serenitybdd.core.photography.Darkroom - Send negative for processing for target\site\serenity\f684e1524ced0278b0b6c6b37709a7cbfb8281aeb576b04a4743fda17448b798.png
20:01:04.913 [main] DEBUG net.thucydides.core.steps.StepInterceptor - STARTING STEP: LoginSteps.iInputLoginPasswordValid - inputPasswordLogin
20:01:04.922 [Forwarding findElement on session 9804e146b4de37d52bf29e32b62cccaa to remote] DEBUG org.asynchttpclient.netty.request.NettyRequestSender - Using pooled Channel '[id: 0x4622e948, L:/127.0.0.1:51213 - R:localhost/127.0.0.1:53890]' for 'POST' to 'http://localhost:53890/session/9804e146b4de37d52bf29e32b62cccaa/element'
20:01:04.922 [Forwarding findElement on session 9804e146b4de37d52bf29e32b62cccaa to remote] DEBUG org.asynchttpclient.netty.request.NettyRequestSender - Using open Channel [id: 0x4622e948, L:/127.0.0.1:51213 - R:localhost/127.0.0.1:53890] for POST '/session/9804e146b4de37d52bf29e32b62cccaa/element'
20:01:04.942 [AsyncHttpClient-1-4] DEBUG org.asynchttpclient.netty.handler.HttpHandler - 

Request DefaultHttpRequest(decodeResult: success, version: HTTP/1.1)
POST /session/9804e146b4de37d52bf29e32b62cccaa/element HTTP/1.1
User-Agent: selenium/4.1.4 (java windows)
Content-Length: 70
Content-Type: application/json; charset=utf-8
host: localhost:53890
accept: */*

Response DefaultHttpResponse(decodeResult: success, version: HTTP/1.1)
HTTP/1.1 200 OK
Content-Type: application/json; charset=utf-8
cache-control: no-cache
content-length: 88

20:01:04.942 [AsyncHttpClient-1-4] DEBUG org.asynchttpclient.netty.channel.ChannelManager - Adding key: http://localhost:53890 for channel [id: 0x4622e948, L:/127.0.0.1:51213 - R:localhost/127.0.0.1:53890]
20:01:04.942 [Forwarding sendKeysToElement on session 9804e146b4de37d52bf29e32b62cccaa to remote] DEBUG org.asynchttpclient.netty.request.NettyRequestSender - Using pooled Channel '[id: 0x4622e948, L:/127.0.0.1:51213 - R:localhost/127.0.0.1:53890]' for 'POST' to 'http://localhost:53890/session/9804e146b4de37d52bf29e32b62cccaa/element/a72d33fe-0fb8-4770-807d-19b2ee9e2f6c/value'
20:01:04.942 [Forwarding sendKeysToElement on session 9804e146b4de37d52bf29e32b62cccaa to remote] DEBUG org.asynchttpclient.netty.request.NettyRequestSender - Using open Channel [id: 0x4622e948, L:/127.0.0.1:51213 - R:localhost/127.0.0.1:53890] for POST '/session/9804e146b4de37d52bf29e32b62cccaa/element/a72d33fe-0fb8-4770-807d-19b2ee9e2f6c/value'
20:01:05.093 [AsyncHttpClient-1-4] DEBUG org.asynchttpclient.netty.handler.HttpHandler - 

Request DefaultHttpRequest(decodeResult: success, version: HTTP/1.1)
POST /session/9804e146b4de37d52bf29e32b62cccaa/element/a72d33fe-0fb8-4770-807d-19b2ee9e2f6c/value HTTP/1.1
User-Agent: selenium/4.1.4 (java windows)
Content-Length: 161
Content-Type: application/json; charset=utf-8
host: localhost:53890
accept: */*

Response DefaultHttpResponse(decodeResult: success, version: HTTP/1.1)
HTTP/1.1 200 OK
Content-Type: application/json; charset=utf-8
cache-control: no-cache
content-length: 14

20:01:05.093 [AsyncHttpClient-1-4] DEBUG org.asynchttpclient.netty.channel.ChannelManager - Adding key: http://localhost:53890 for channel [id: 0x4622e948, L:/127.0.0.1:51213 - R:localhost/127.0.0.1:53890]
20:01:05.104 [Forwarding screenshot on session 9804e146b4de37d52bf29e32b62cccaa to remote] DEBUG org.asynchttpclient.netty.request.NettyRequestSender - Using pooled Channel '[id: 0x4622e948, L:/127.0.0.1:51213 - R:localhost/127.0.0.1:53890]' for 'GET' to 'http://localhost:53890/session/9804e146b4de37d52bf29e32b62cccaa/screenshot'
20:01:05.104 [Forwarding screenshot on session 9804e146b4de37d52bf29e32b62cccaa to remote] DEBUG org.asynchttpclient.netty.request.NettyRequestSender - Using open Channel [id: 0x4622e948, L:/127.0.0.1:51213 - R:localhost/127.0.0.1:53890] for GET '/session/9804e146b4de37d52bf29e32b62cccaa/screenshot'
20:01:05.304 [AsyncHttpClient-1-4] DEBUG org.asynchttpclient.netty.handler.HttpHandler - 

Request DefaultFullHttpRequest(decodeResult: success, version: HTTP/1.1, content: EmptyByteBufBE)
GET /session/9804e146b4de37d52bf29e32b62cccaa/screenshot HTTP/1.1
User-Agent: selenium/4.1.4 (java windows)
Cache-Control: no-cache
Content-Type: application/json; charset=utf-8
host: localhost:53890
accept: */*

Response DefaultHttpResponse(decodeResult: success, version: HTTP/1.1)
HTTP/1.1 200 OK
Content-Type: application/json; charset=utf-8
cache-control: no-cache
content-length: 377580

20:01:05.304 [AsyncHttpClient-1-4] DEBUG org.asynchttpclient.netty.channel.ChannelManager - Adding key: http://localhost:53890 for channel [id: 0x4622e948, L:/127.0.0.1:51213 - R:localhost/127.0.0.1:53890]
20:01:05.304 [main] DEBUG net.serenitybdd.core.photography.Darkroom - Send negative for processing for target\site\serenity\44fa0aa493cf3a3837a7fab79c30bded8f584eda85d2cfd055a7ef5b4e3f0a4a.png
20:01:05.304 [main] DEBUG net.thucydides.core.steps.StepInterceptor - STEP DONE: inputPasswordLogin
  &amp#27;[32mAnd &amp#27;[0m&amp#27;[32mI input &amp#27;[0m&amp#27;[32m&amp#27;[1m"admin123"&amp#27;[0m&amp#27;[32m login password valid&amp#27;[0m                                              &amp#27;[90m# starter.stepdefinitios.LoginSteps.iInputLoginPasswordValid(java.lang.String)&amp#27;[0m
20:01:05.331 [main] DEBUG net.thucydides.core.steps.StepInterceptor - STARTING STEP: LoginSteps.iClickButtonLogin - clickButtonLogin
20:01:05.334 [Forwarding findElement on session 9804e146b4de37d52bf29e32b62cccaa to remote] DEBUG org.asynchttpclient.netty.request.NettyRequestSender - Using pooled Channel '[id: 0x4622e948, L:/127.0.0.1:51213 - R:localhost/127.0.0.1:53890]' for 'POST' to 'http://localhost:53890/session/9804e146b4de37d52bf29e32b62cccaa/element'
20:01:05.334 [Forwarding findElement on session 9804e146b4de37d52bf29e32b62cccaa to remote] DEBUG org.asynchttpclient.netty.request.NettyRequestSender - Using open Channel [id: 0x4622e948, L:/127.0.0.1:51213 - R:localhost/127.0.0.1:53890] for POST '/session/9804e146b4de37d52bf29e32b62cccaa/element'
20:01:05.346 [AsyncHttpClient-1-4] DEBUG org.asynchttpclient.netty.handler.HttpHandler - 

Request DefaultHttpRequest(decodeResult: success, version: HTTP/1.1)
POST /session/9804e146b4de37d52bf29e32b62cccaa/element HTTP/1.1
User-Agent: selenium/4.1.4 (java windows)
Content-Length: 68
Content-Type: application/json; charset=utf-8
host: localhost:53890
accept: */*

Response DefaultHttpResponse(decodeResult: success, version: HTTP/1.1)
HTTP/1.1 200 OK
Content-Type: application/json; charset=utf-8
cache-control: no-cache
content-length: 88

20:01:05.346 [AsyncHttpClient-1-4] DEBUG org.asynchttpclient.netty.channel.ChannelManager - Adding key: http://localhost:53890 for channel [id: 0x4622e948, L:/127.0.0.1:51213 - R:localhost/127.0.0.1:53890]
20:01:05.347 [Forwarding getElementTagName on session 9804e146b4de37d52bf29e32b62cccaa to remote] DEBUG org.asynchttpclient.netty.request.NettyRequestSender - Using pooled Channel '[id: 0x4622e948, L:/127.0.0.1:51213 - R:localhost/127.0.0.1:53890]' for 'GET' to 'http://localhost:53890/session/9804e146b4de37d52bf29e32b62cccaa/element/c61afea6-e214-4d91-902c-694b820f32e0/name'
20:01:05.347 [Forwarding getElementTagName on session 9804e146b4de37d52bf29e32b62cccaa to remote] DEBUG org.asynchttpclient.netty.request.NettyRequestSender - Using open Channel [id: 0x4622e948, L:/127.0.0.1:51213 - R:localhost/127.0.0.1:53890] for GET '/session/9804e146b4de37d52bf29e32b62cccaa/element/c61afea6-e214-4d91-902c-694b820f32e0/name'
20:01:05.350 [AsyncHttpClient-1-4] DEBUG org.asynchttpclient.netty.handler.HttpHandler - 

Request DefaultFullHttpRequest(decodeResult: success, version: HTTP/1.1, content: EmptyByteBufBE)
GET /session/9804e146b4de37d52bf29e32b62cccaa/element/c61afea6-e214-4d91-902c-694b820f32e0/name HTTP/1.1
User-Agent: selenium/4.1.4 (java windows)
Cache-Control: no-cache
Content-Type: application/json; charset=utf-8
host: localhost:53890
accept: */*

Response DefaultHttpResponse(decodeResult: success, version: HTTP/1.1)
HTTP/1.1 200 OK
Content-Type: application/json; charset=utf-8
cache-control: no-cache
content-length: 18

20:01:05.350 [AsyncHttpClient-1-4] DEBUG org.asynchttpclient.netty.channel.ChannelManager - Adding key: http://localhost:53890 for channel [id: 0x4622e948, L:/127.0.0.1:51213 - R:localhost/127.0.0.1:53890]
20:01:05.351 [Forwarding getElementTagName on session 9804e146b4de37d52bf29e32b62cccaa to remote] DEBUG org.asynchttpclient.netty.request.NettyRequestSender - Using pooled Channel '[id: 0x4622e948, L:/127.0.0.1:51213 - R:localhost/127.0.0.1:53890]' for 'GET' to 'http://localhost:53890/session/9804e146b4de37d52bf29e32b62cccaa/element/c61afea6-e214-4d91-902c-694b820f32e0/name'
20:01:05.351 [Forwarding getElementTagName on session 9804e146b4de37d52bf29e32b62cccaa to remote] DEBUG org.asynchttpclient.netty.request.NettyRequestSender - Using open Channel [id: 0x4622e948, L:/127.0.0.1:51213 - R:localhost/127.0.0.1:53890] for GET '/session/9804e146b4de37d52bf29e32b62cccaa/element/c61afea6-e214-4d91-902c-694b820f32e0/name'
20:01:05.354 [AsyncHttpClient-1-4] DEBUG org.asynchttpclient.netty.handler.HttpHandler - 

Request DefaultFullHttpRequest(decodeResult: success, version: HTTP/1.1, content: EmptyByteBufBE)
GET /session/9804e146b4de37d52bf29e32b62cccaa/element/c61afea6-e214-4d91-902c-694b820f32e0/name HTTP/1.1
User-Agent: selenium/4.1.4 (java windows)
Cache-Control: no-cache
Content-Type: application/json; charset=utf-8
host: localhost:53890
accept: */*

Response DefaultHttpResponse(decodeResult: success, version: HTTP/1.1)
HTTP/1.1 200 OK
Content-Type: application/json; charset=utf-8
cache-control: no-cache
content-length: 18

20:01:05.354 [AsyncHttpClient-1-4] DEBUG org.asynchttpclient.netty.channel.ChannelManager - Adding key: http://localhost:53890 for channel [id: 0x4622e948, L:/127.0.0.1:51213 - R:localhost/127.0.0.1:53890]
20:01:05.356 [Forwarding isElementEnabled on session 9804e146b4de37d52bf29e32b62cccaa to remote] DEBUG org.asynchttpclient.netty.request.NettyRequestSender - Using pooled Channel '[id: 0x4622e948, L:/127.0.0.1:51213 - R:localhost/127.0.0.1:53890]' for 'GET' to 'http://localhost:53890/session/9804e146b4de37d52bf29e32b62cccaa/element/c61afea6-e214-4d91-902c-694b820f32e0/enabled'
20:01:05.356 [Forwarding isElementEnabled on session 9804e146b4de37d52bf29e32b62cccaa to remote] DEBUG org.asynchttpclient.netty.request.NettyRequestSender - Using open Channel [id: 0x4622e948, L:/127.0.0.1:51213 - R:localhost/127.0.0.1:53890] for GET '/session/9804e146b4de37d52bf29e32b62cccaa/element/c61afea6-e214-4d91-902c-694b820f32e0/enabled'
20:01:05.366 [AsyncHttpClient-1-4] DEBUG org.asynchttpclient.netty.handler.HttpHandler - 

Request DefaultFullHttpRequest(decodeResult: success, version: HTTP/1.1, content: EmptyByteBufBE)
GET /session/9804e146b4de37d52bf29e32b62cccaa/element/c61afea6-e214-4d91-902c-694b820f32e0/enabled HTTP/1.1
User-Agent: selenium/4.1.4 (java windows)
Cache-Control: no-cache
Content-Type: application/json; charset=utf-8
host: localhost:53890
accept: */*

Response DefaultHttpResponse(decodeResult: success, version: HTTP/1.1)
HTTP/1.1 200 OK
Content-Type: application/json; charset=utf-8
cache-control: no-cache
content-length: 14

20:01:05.366 [AsyncHttpClient-1-4] DEBUG org.asynchttpclient.netty.channel.ChannelManager - Adding key: http://localhost:53890 for channel [id: 0x4622e948, L:/127.0.0.1:51213 - R:localhost/127.0.0.1:53890]
20:01:05.367 [Forwarding isElementEnabled on session 9804e146b4de37d52bf29e32b62cccaa to remote] DEBUG org.asynchttpclient.netty.request.NettyRequestSender - Using pooled Channel '[id: 0x4622e948, L:/127.0.0.1:51213 - R:localhost/127.0.0.1:53890]' for 'GET' to 'http://localhost:53890/session/9804e146b4de37d52bf29e32b62cccaa/element/c61afea6-e214-4d91-902c-694b820f32e0/enabled'
20:01:05.367 [Forwarding isElementEnabled on session 9804e146b4de37d52bf29e32b62cccaa to remote] DEBUG org.asynchttpclient.netty.request.NettyRequestSender - Using open Channel [id: 0x4622e948, L:/127.0.0.1:51213 - R:localhost/127.0.0.1:53890] for GET '/session/9804e146b4de37d52bf29e32b62cccaa/element/c61afea6-e214-4d91-902c-694b820f32e0/enabled'
20:01:05.372 [AsyncHttpClient-1-4] DEBUG org.asynchttpclient.netty.handler.HttpHandler - 

Request DefaultFullHttpRequest(decodeResult: success, version: HTTP/1.1, content: EmptyByteBufBE)
GET /session/9804e146b4de37d52bf29e32b62cccaa/element/c61afea6-e214-4d91-902c-694b820f32e0/enabled HTTP/1.1
User-Agent: selenium/4.1.4 (java windows)
Cache-Control: no-cache
Content-Type: application/json; charset=utf-8
host: localhost:53890
accept: */*

Response DefaultHttpResponse(decodeResult: success, version: HTTP/1.1)
HTTP/1.1 200 OK
Content-Type: application/json; charset=utf-8
cache-control: no-cache
content-length: 14

20:01:05.372 [AsyncHttpClient-1-4] DEBUG org.asynchttpclient.netty.channel.ChannelManager - Adding key: http://localhost:53890 for channel [id: 0x4622e948, L:/127.0.0.1:51213 - R:localhost/127.0.0.1:53890]
20:01:05.373 [Forwarding findElement on session 9804e146b4de37d52bf29e32b62cccaa to remote] DEBUG org.asynchttpclient.netty.request.NettyRequestSender - Using pooled Channel '[id: 0x4622e948, L:/127.0.0.1:51213 - R:localhost/127.0.0.1:53890]' for 'POST' to 'http://localhost:53890/session/9804e146b4de37d52bf29e32b62cccaa/element'
20:01:05.373 [Forwarding findElement on session 9804e146b4de37d52bf29e32b62cccaa to remote] DEBUG org.asynchttpclient.netty.request.NettyRequestSender - Using open Channel [id: 0x4622e948, L:/127.0.0.1:51213 - R:localhost/127.0.0.1:53890] for POST '/session/9804e146b4de37d52bf29e32b62cccaa/element'
20:01:05.382 [AsyncHttpClient-1-4] DEBUG org.asynchttpclient.netty.handler.HttpHandler - 

Request DefaultHttpRequest(decodeResult: success, version: HTTP/1.1)
POST /session/9804e146b4de37d52bf29e32b62cccaa/element HTTP/1.1
User-Agent: selenium/4.1.4 (java windows)
Content-Length: 68
Content-Type: application/json; charset=utf-8
host: localhost:53890
accept: */*

Response DefaultHttpResponse(decodeResult: success, version: HTTP/1.1)
HTTP/1.1 200 OK
Content-Type: application/json; charset=utf-8
cache-control: no-cache
content-length: 88

20:01:05.382 [AsyncHttpClient-1-4] DEBUG org.asynchttpclient.netty.channel.ChannelManager - Adding key: http://localhost:53890 for channel [id: 0x4622e948, L:/127.0.0.1:51213 - R:localhost/127.0.0.1:53890]
20:01:05.383 [Forwarding clickElement on session 9804e146b4de37d52bf29e32b62cccaa to remote] DEBUG org.asynchttpclient.netty.request.NettyRequestSender - Using pooled Channel '[id: 0x4622e948, L:/127.0.0.1:51213 - R:localhost/127.0.0.1:53890]' for 'POST' to 'http://localhost:53890/session/9804e146b4de37d52bf29e32b62cccaa/element/c61afea6-e214-4d91-902c-694b820f32e0/click'
20:01:05.383 [Forwarding clickElement on session 9804e146b4de37d52bf29e32b62cccaa to remote] DEBUG org.asynchttpclient.netty.request.NettyRequestSender - Using open Channel [id: 0x4622e948, L:/127.0.0.1:51213 - R:localhost/127.0.0.1:53890] for POST '/session/9804e146b4de37d52bf29e32b62cccaa/element/c61afea6-e214-4d91-902c-694b820f32e0/click'
20:01:05.432 [AsyncHttpClient-1-4] DEBUG org.asynchttpclient.netty.handler.HttpHandler - 

Request DefaultHttpRequest(decodeResult: success, version: HTTP/1.1)
POST /session/9804e146b4de37d52bf29e32b62cccaa/element/c61afea6-e214-4d91-902c-694b820f32e0/click HTTP/1.1
User-Agent: selenium/4.1.4 (java windows)
Content-Length: 50
Content-Type: application/json; charset=utf-8
host: localhost:53890
accept: */*

Response DefaultHttpResponse(decodeResult: success, version: HTTP/1.1)
HTTP/1.1 200 OK
Content-Type: application/json; charset=utf-8
cache-control: no-cache
content-length: 14

20:01:05.433 [AsyncHttpClient-1-4] DEBUG org.asynchttpclient.netty.channel.ChannelManager - Adding key: http://localhost:53890 for channel [id: 0x4622e948, L:/127.0.0.1:51213 - R:localhost/127.0.0.1:53890]
20:01:05.445 [Forwarding screenshot on session 9804e146b4de37d52bf29e32b62cccaa to remote] DEBUG org.asynchttpclient.netty.request.NettyRequestSender - Using pooled Channel '[id: 0x4622e948, L:/127.0.0.1:51213 - R:localhost/127.0.0.1:53890]' for 'GET' to 'http://localhost:53890/session/9804e146b4de37d52bf29e32b62cccaa/screenshot'
20:01:05.445 [Forwarding screenshot on session 9804e146b4de37d52bf29e32b62cccaa to remote] DEBUG org.asynchttpclient.netty.request.NettyRequestSender - Using open Channel [id: 0x4622e948, L:/127.0.0.1:51213 - R:localhost/127.0.0.1:53890] for GET '/session/9804e146b4de37d52bf29e32b62cccaa/screenshot'
20:01:05.696 [AsyncHttpClient-1-4] DEBUG org.asynchttpclient.netty.handler.HttpHandler - 

Request DefaultFullHttpRequest(decodeResult: success, version: HTTP/1.1, content: EmptyByteBufBE)
GET /session/9804e146b4de37d52bf29e32b62cccaa/screenshot HTTP/1.1
User-Agent: selenium/4.1.4 (java windows)
Cache-Control: no-cache
Content-Type: application/json; charset=utf-8
host: localhost:53890
accept: */*

Response DefaultHttpResponse(decodeResult: success, version: HTTP/1.1)
HTTP/1.1 200 OK
Content-Type: application/json; charset=utf-8
cache-control: no-cache
content-length: 360760

20:01:05.696 [AsyncHttpClient-1-4] DEBUG org.asynchttpclient.netty.channel.ChannelManager - Adding key: http://localhost:53890 for channel [id: 0x4622e948, L:/127.0.0.1:51213 - R:localhost/127.0.0.1:53890]
20:01:05.707 [main] DEBUG net.serenitybdd.core.photography.Darkroom - Send negative for processing for target\site\serenity\22afa1fec8d326b4fdbd359fb2d3457a7e4303340a3bb6a2ee4ff0571d7a81ad.png
20:01:05.707 [main] DEBUG net.thucydides.core.steps.StepInterceptor - STEP DONE: clickButtonLogin
20:01:06.013 [AsyncHttpClient-1-1] DEBUG org.asynchttpclient.netty.channel.DefaultChannelPool - Entry count for : http://localhost:53890 : 1
20:01:06.013 [AsyncHttpClient-1-1] DEBUG org.asynchttpclient.netty.channel.DefaultChannelPool - Entry count for : http://localhost:51214 : 1
  &amp#27;[32mAnd &amp#27;[0m&amp#27;[32mI click button login&amp#27;[0m                                                                 &amp#27;[90m# starter.stepdefinitios.LoginSteps.iClickButtonLogin()&amp#27;[0m
20:01:06.728 [Forwarding screenshot on session 9804e146b4de37d52bf29e32b62cccaa to remote] DEBUG org.asynchttpclient.netty.request.NettyRequestSender - Using pooled Channel '[id: 0x4622e948, L:/127.0.0.1:51213 - R:localhost/127.0.0.1:53890]' for 'GET' to 'http://localhost:53890/session/9804e146b4de37d52bf29e32b62cccaa/screenshot'
20:01:06.728 [Forwarding screenshot on session 9804e146b4de37d52bf29e32b62cccaa to remote] DEBUG org.asynchttpclient.netty.request.NettyRequestSender - Using open Channel [id: 0x4622e948, L:/127.0.0.1:51213 - R:localhost/127.0.0.1:53890] for GET '/session/9804e146b4de37d52bf29e32b62cccaa/screenshot'
20:01:07.047 [AsyncHttpClient-1-4] DEBUG org.asynchttpclient.netty.handler.HttpHandler - 

Request DefaultFullHttpRequest(decodeResult: success, version: HTTP/1.1, content: EmptyByteBufBE)
GET /session/9804e146b4de37d52bf29e32b62cccaa/screenshot HTTP/1.1
User-Agent: selenium/4.1.4 (java windows)
Cache-Control: no-cache
Content-Type: application/json; charset=utf-8
host: localhost:53890
accept: */*

Response DefaultHttpResponse(decodeResult: success, version: HTTP/1.1)
HTTP/1.1 200 OK
Content-Type: application/json; charset=utf-8
cache-control: no-cache
content-length: 313232

20:01:07.047 [AsyncHttpClient-1-4] DEBUG org.asynchttpclient.netty.channel.ChannelManager - Adding key: http://localhost:53890 for channel [id: 0x4622e948, L:/127.0.0.1:51213 - R:localhost/127.0.0.1:53890]
20:01:07.060 [main] DEBUG net.serenitybdd.core.photography.Darkroom - Send negative for processing for target\site\serenity\a722f76da03a443d76f364c628a2f9b2258e548b45a8bcda4dfc7a34ebcba8b1.png
20:01:07.061 [Darkroom Processing Line] DEBUG net.serenitybdd.core.photography.DarkroomProcessingLine - Processing screenshot image in /var/screenshots/screenshot-5031871517078392449
20:01:07.061 [Darkroom Processing Line] DEBUG net.serenitybdd.core.photography.DarkroomProcessingLine - Saving screenshot to target\site\serenity\a722f76da03a443d76f364c628a2f9b2258e548b45a8bcda4dfc7a34ebcba8b1.png
20:01:07.121 [AsyncHttpClient-1-1] DEBUG org.asynchttpclient.netty.channel.DefaultChannelPool - Entry count for : http://localhost:53890 : 1
20:01:07.121 [AsyncHttpClient-1-1] DEBUG org.asynchttpclient.netty.channel.DefaultChannelPool - Entry count for : http://localhost:51214 : 1
20:01:08.208 [AsyncHttpClient-1-1] DEBUG org.asynchttpclient.netty.channel.DefaultChannelPool - Entry count for : http://localhost:53890 : 1
20:01:08.208 [AsyncHttpClient-1-1] DEBUG org.asynchttpclient.netty.channel.DefaultChannelPool - Entry count for : http://localhost:51214 : 1
20:01:09.323 [AsyncHttpClient-1-1] DEBUG org.asynchttpclient.netty.channel.DefaultChannelPool - Entry count for : http://localhost:53890 : 1
20:01:09.323 [AsyncHttpClient-1-1] DEBUG org.asynchttpclient.netty.channel.DefaultChannelPool - Entry count for : http://localhost:51214 : 1
20:01:10.418 [AsyncHttpClient-1-1] DEBUG org.asynchttpclient.netty.channel.DefaultChannelPool - Entry count for : http://localhost:53890 : 1
20:01:10.418 [AsyncHttpClient-1-1] DEBUG org.asynchttpclient.netty.channel.DefaultChannelPool - Entry count for : http://localhost:51214 : 1
20:01:11.512 [AsyncHttpClient-1-1] DEBUG org.asynchttpclient.netty.channel.DefaultChannelPool - Entry count for : http://localhost:53890 : 1
20:01:11.512 [AsyncHttpClient-1-1] DEBUG org.asynchttpclient.netty.channel.DefaultChannelPool - Entry count for : http://localhost:51214 : 1
20:01:12.069 [Forwarding findElement on session 9804e146b4de37d52bf29e32b62cccaa to remote] DEBUG org.asynchttpclient.netty.request.NettyRequestSender - Using pooled Channel '[id: 0x4622e948, L:/127.0.0.1:51213 - R:localhost/127.0.0.1:53890]' for 'POST' to 'http://localhost:53890/session/9804e146b4de37d52bf29e32b62cccaa/element'
20:01:12.069 [Forwarding findElement on session 9804e146b4de37d52bf29e32b62cccaa to remote] DEBUG org.asynchttpclient.netty.request.NettyRequestSender - Using open Channel [id: 0x4622e948, L:/127.0.0.1:51213 - R:localhost/127.0.0.1:53890] for POST '/session/9804e146b4de37d52bf29e32b62cccaa/element'
20:01:12.095 [AsyncHttpClient-1-4] DEBUG org.asynchttpclient.netty.handler.HttpHandler - 

Request DefaultHttpRequest(decodeResult: success, version: HTTP/1.1)
POST /session/9804e146b4de37d52bf29e32b62cccaa/element HTTP/1.1
User-Agent: selenium/4.1.4 (java windows)
Content-Length: 68
Content-Type: application/json; charset=utf-8
host: localhost:53890
accept: */*

Response DefaultHttpResponse(decodeResult: success, version: HTTP/1.1)
HTTP/1.1 200 OK
Content-Type: application/json; charset=utf-8
cache-control: no-cache
content-length: 88

20:01:12.095 [AsyncHttpClient-1-4] DEBUG org.asynchttpclient.netty.channel.ChannelManager - Adding key: http://localhost:53890 for channel [id: 0x4622e948, L:/127.0.0.1:51213 - R:localhost/127.0.0.1:53890]
20:01:12.096 [Forwarding isElementEnabled on session 9804e146b4de37d52bf29e32b62cccaa to remote] DEBUG org.asynchttpclient.netty.request.NettyRequestSender - Using pooled Channel '[id: 0x4622e948, L:/127.0.0.1:51213 - R:localhost/127.0.0.1:53890]' for 'GET' to 'http://localhost:53890/session/9804e146b4de37d52bf29e32b62cccaa/element/d72a2280-2838-4b03-adc8-bb1235c07aed/enabled'
20:01:12.096 [Forwarding isElementEnabled on session 9804e146b4de37d52bf29e32b62cccaa to remote] DEBUG org.asynchttpclient.netty.request.NettyRequestSender - Using open Channel [id: 0x4622e948, L:/127.0.0.1:51213 - R:localhost/127.0.0.1:53890] for GET '/session/9804e146b4de37d52bf29e32b62cccaa/element/d72a2280-2838-4b03-adc8-bb1235c07aed/enabled'
20:01:12.110 [AsyncHttpClient-1-4] DEBUG org.asynchttpclient.netty.handler.HttpHandler - 

Request DefaultFullHttpRequest(decodeResult: success, version: HTTP/1.1, content: EmptyByteBufBE)
GET /session/9804e146b4de37d52bf29e32b62cccaa/element/d72a2280-2838-4b03-adc8-bb1235c07aed/enabled HTTP/1.1
User-Agent: selenium/4.1.4 (java windows)
Cache-Control: no-cache
Content-Type: application/json; charset=utf-8
host: localhost:53890
accept: */*

Response DefaultHttpResponse(decodeResult: success, version: HTTP/1.1)
HTTP/1.1 200 OK
Content-Type: application/json; charset=utf-8
cache-control: no-cache
content-length: 14

20:01:12.110 [AsyncHttpClient-1-4] DEBUG org.asynchttpclient.netty.channel.ChannelManager - Adding key: http://localhost:53890 for channel [id: 0x4622e948, L:/127.0.0.1:51213 - R:localhost/127.0.0.1:53890]
20:01:12.612 [AsyncHttpClient-1-1] DEBUG org.asynchttpclient.netty.channel.DefaultChannelPool - Entry count for : http://localhost:53890 : 1
20:01:12.612 [AsyncHttpClient-1-1] DEBUG org.asynchttpclient.netty.channel.DefaultChannelPool - Entry count for : http://localhost:51214 : 1
20:01:12.613 [Forwarding screenshot on session 9804e146b4de37d52bf29e32b62cccaa to remote] DEBUG org.asynchttpclient.netty.request.NettyRequestSender - Using pooled Channel '[id: 0x4622e948, L:/127.0.0.1:51213 - R:localhost/127.0.0.1:53890]' for 'GET' to 'http://localhost:53890/session/9804e146b4de37d52bf29e32b62cccaa/screenshot'
20:01:12.613 [Forwarding screenshot on session 9804e146b4de37d52bf29e32b62cccaa to remote] DEBUG org.asynchttpclient.netty.request.NettyRequestSender - Using open Channel [id: 0x4622e948, L:/127.0.0.1:51213 - R:localhost/127.0.0.1:53890] for GET '/session/9804e146b4de37d52bf29e32b62cccaa/screenshot'
20:01:12.860 [AsyncHttpClient-1-4] DEBUG org.asynchttpclient.netty.handler.HttpHandler - 

Request DefaultFullHttpRequest(decodeResult: success, version: HTTP/1.1, content: EmptyByteBufBE)
GET /session/9804e146b4de37d52bf29e32b62cccaa/screenshot HTTP/1.1
User-Agent: selenium/4.1.4 (java windows)
Cache-Control: no-cache
Content-Type: application/json; charset=utf-8
host: localhost:53890
accept: */*

Response DefaultHttpResponse(decodeResult: success, version: HTTP/1.1)
HTTP/1.1 200 OK
Content-Type: application/json; charset=utf-8
cache-control: no-cache
content-length: 301044

20:01:12.860 [AsyncHttpClient-1-4] DEBUG org.asynchttpclient.netty.channel.ChannelManager - Adding key: http://localhost:53890 for channel [id: 0x4622e948, L:/127.0.0.1:51213 - R:localhost/127.0.0.1:53890]
20:01:12.907 [main] DEBUG net.serenitybdd.core.photography.Darkroom - Send negative for processing for target\site\serenity\163e386af0b12517552a74a3d5043b94e8c0f9215c0f21d464e3b04d27a0859d.png
20:01:12.907 [main] DEBUG net.thucydides.core.steps.StepInterceptor - STARTING STEP: LoginSteps.loginValidationInvalid - clickButtonErrorOK
20:01:12.909 [Forwarding findElement on session 9804e146b4de37d52bf29e32b62cccaa to remote] DEBUG org.asynchttpclient.netty.request.NettyRequestSender - Using pooled Channel '[id: 0x4622e948, L:/127.0.0.1:51213 - R:localhost/127.0.0.1:53890]' for 'POST' to 'http://localhost:53890/session/9804e146b4de37d52bf29e32b62cccaa/element'
20:01:12.909 [Forwarding findElement on session 9804e146b4de37d52bf29e32b62cccaa to remote] DEBUG org.asynchttpclient.netty.request.NettyRequestSender - Using open Channel [id: 0x4622e948, L:/127.0.0.1:51213 - R:localhost/127.0.0.1:53890] for POST '/session/9804e146b4de37d52bf29e32b62cccaa/element'
20:01:12.929 [AsyncHttpClient-1-4] DEBUG org.asynchttpclient.netty.handler.HttpHandler - 

Request DefaultHttpRequest(decodeResult: success, version: HTTP/1.1)
POST /session/9804e146b4de37d52bf29e32b62cccaa/element HTTP/1.1
User-Agent: selenium/4.1.4 (java windows)
Content-Length: 88
Content-Type: application/json; charset=utf-8
host: localhost:53890
accept: */*

Response DefaultHttpResponse(decodeResult: success, version: HTTP/1.1)
HTTP/1.1 200 OK
Content-Type: application/json; charset=utf-8
cache-control: no-cache
content-length: 88

20:01:12.929 [AsyncHttpClient-1-4] DEBUG org.asynchttpclient.netty.channel.ChannelManager - Adding key: http://localhost:53890 for channel [id: 0x4622e948, L:/127.0.0.1:51213 - R:localhost/127.0.0.1:53890]
20:01:12.930 [Forwarding getElementTagName on session 9804e146b4de37d52bf29e32b62cccaa to remote] DEBUG org.asynchttpclient.netty.request.NettyRequestSender - Using pooled Channel '[id: 0x4622e948, L:/127.0.0.1:51213 - R:localhost/127.0.0.1:53890]' for 'GET' to 'http://localhost:53890/session/9804e146b4de37d52bf29e32b62cccaa/element/15e494bd-22a7-4c5b-b6e0-5783b9d8cedc/name'
20:01:12.930 [Forwarding getElementTagName on session 9804e146b4de37d52bf29e32b62cccaa to remote] DEBUG org.asynchttpclient.netty.request.NettyRequestSender - Using open Channel [id: 0x4622e948, L:/127.0.0.1:51213 - R:localhost/127.0.0.1:53890] for GET '/session/9804e146b4de37d52bf29e32b62cccaa/element/15e494bd-22a7-4c5b-b6e0-5783b9d8cedc/name'
20:01:12.937 [AsyncHttpClient-1-4] DEBUG org.asynchttpclient.netty.handler.HttpHandler - 

Request DefaultFullHttpRequest(decodeResult: success, version: HTTP/1.1, content: EmptyByteBufBE)
GET /session/9804e146b4de37d52bf29e32b62cccaa/element/15e494bd-22a7-4c5b-b6e0-5783b9d8cedc/name HTTP/1.1
User-Agent: selenium/4.1.4 (java windows)
Cache-Control: no-cache
Content-Type: application/json; charset=utf-8
host: localhost:53890
accept: */*

Response DefaultHttpResponse(decodeResult: success, version: HTTP/1.1)
HTTP/1.1 200 OK
Content-Type: application/json; charset=utf-8
cache-control: no-cache
content-length: 18

20:01:12.937 [AsyncHttpClient-1-4] DEBUG org.asynchttpclient.netty.channel.ChannelManager - Adding key: http://localhost:53890 for channel [id: 0x4622e948, L:/127.0.0.1:51213 - R:localhost/127.0.0.1:53890]
20:01:12.938 [Forwarding getElementTagName on session 9804e146b4de37d52bf29e32b62cccaa to remote] DEBUG org.asynchttpclient.netty.request.NettyRequestSender - Using pooled Channel '[id: 0x4622e948, L:/127.0.0.1:51213 - R:localhost/127.0.0.1:53890]' for 'GET' to 'http://localhost:53890/session/9804e146b4de37d52bf29e32b62cccaa/element/15e494bd-22a7-4c5b-b6e0-5783b9d8cedc/name'
20:01:12.938 [Forwarding getElementTagName on session 9804e146b4de37d52bf29e32b62cccaa to remote] DEBUG org.asynchttpclient.netty.request.NettyRequestSender - Using open Channel [id: 0x4622e948, L:/127.0.0.1:51213 - R:localhost/127.0.0.1:53890] for GET '/session/9804e146b4de37d52bf29e32b62cccaa/element/15e494bd-22a7-4c5b-b6e0-5783b9d8cedc/name'
20:01:12.944 [AsyncHttpClient-1-4] DEBUG org.asynchttpclient.netty.handler.HttpHandler - 

Request DefaultFullHttpRequest(decodeResult: success, version: HTTP/1.1, content: EmptyByteBufBE)
GET /session/9804e146b4de37d52bf29e32b62cccaa/element/15e494bd-22a7-4c5b-b6e0-5783b9d8cedc/name HTTP/1.1
User-Agent: selenium/4.1.4 (java windows)
Cache-Control: no-cache
Content-Type: application/json; charset=utf-8
host: localhost:53890
accept: */*

Response DefaultHttpResponse(decodeResult: success, version: HTTP/1.1)
HTTP/1.1 200 OK
Content-Type: application/json; charset=utf-8
cache-control: no-cache
content-length: 18

20:01:12.944 [AsyncHttpClient-1-4] DEBUG org.asynchttpclient.netty.channel.ChannelManager - Adding key: http://localhost:53890 for channel [id: 0x4622e948, L:/127.0.0.1:51213 - R:localhost/127.0.0.1:53890]
20:01:12.946 [Forwarding isElementEnabled on session 9804e146b4de37d52bf29e32b62cccaa to remote] DEBUG org.asynchttpclient.netty.request.NettyRequestSender - Using pooled Channel '[id: 0x4622e948, L:/127.0.0.1:51213 - R:localhost/127.0.0.1:53890]' for 'GET' to 'http://localhost:53890/session/9804e146b4de37d52bf29e32b62cccaa/element/15e494bd-22a7-4c5b-b6e0-5783b9d8cedc/enabled'
20:01:12.946 [Forwarding isElementEnabled on session 9804e146b4de37d52bf29e32b62cccaa to remote] DEBUG org.asynchttpclient.netty.request.NettyRequestSender - Using open Channel [id: 0x4622e948, L:/127.0.0.1:51213 - R:localhost/127.0.0.1:53890] for GET '/session/9804e146b4de37d52bf29e32b62cccaa/element/15e494bd-22a7-4c5b-b6e0-5783b9d8cedc/enabled'
20:01:12.959 [AsyncHttpClient-1-4] DEBUG org.asynchttpclient.netty.handler.HttpHandler - 

Request DefaultFullHttpRequest(decodeResult: success, version: HTTP/1.1, content: EmptyByteBufBE)
GET /session/9804e146b4de37d52bf29e32b62cccaa/element/15e494bd-22a7-4c5b-b6e0-5783b9d8cedc/enabled HTTP/1.1
User-Agent: selenium/4.1.4 (java windows)
Cache-Control: no-cache
Content-Type: application/json; charset=utf-8
host: localhost:53890
accept: */*

Response DefaultHttpResponse(decodeResult: success, version: HTTP/1.1)
HTTP/1.1 200 OK
Content-Type: application/json; charset=utf-8
cache-control: no-cache
content-length: 14

20:01:12.959 [AsyncHttpClient-1-4] DEBUG org.asynchttpclient.netty.channel.ChannelManager - Adding key: http://localhost:53890 for channel [id: 0x4622e948, L:/127.0.0.1:51213 - R:localhost/127.0.0.1:53890]
20:01:12.960 [Forwarding isElementEnabled on session 9804e146b4de37d52bf29e32b62cccaa to remote] DEBUG org.asynchttpclient.netty.request.NettyRequestSender - Using pooled Channel '[id: 0x4622e948, L:/127.0.0.1:51213 - R:localhost/127.0.0.1:53890]' for 'GET' to 'http://localhost:53890/session/9804e146b4de37d52bf29e32b62cccaa/element/15e494bd-22a7-4c5b-b6e0-5783b9d8cedc/enabled'
20:01:12.960 [Forwarding isElementEnabled on session 9804e146b4de37d52bf29e32b62cccaa to remote] DEBUG org.asynchttpclient.netty.request.NettyRequestSender - Using open Channel [id: 0x4622e948, L:/127.0.0.1:51213 - R:localhost/127.0.0.1:53890] for GET '/session/9804e146b4de37d52bf29e32b62cccaa/element/15e494bd-22a7-4c5b-b6e0-5783b9d8cedc/enabled'
20:01:12.970 [AsyncHttpClient-1-4] DEBUG org.asynchttpclient.netty.handler.HttpHandler - 

Request DefaultFullHttpRequest(decodeResult: success, version: HTTP/1.1, content: EmptyByteBufBE)
GET /session/9804e146b4de37d52bf29e32b62cccaa/element/15e494bd-22a7-4c5b-b6e0-5783b9d8cedc/enabled HTTP/1.1
User-Agent: selenium/4.1.4 (java windows)
Cache-Control: no-cache
Content-Type: application/json; charset=utf-8
host: localhost:53890
accept: */*

Response DefaultHttpResponse(decodeResult: success, version: HTTP/1.1)
HTTP/1.1 200 OK
Content-Type: application/json; charset=utf-8
cache-control: no-cache
content-length: 14

20:01:12.970 [AsyncHttpClient-1-4] DEBUG org.asynchttpclient.netty.channel.ChannelManager - Adding key: http://localhost:53890 for channel [id: 0x4622e948, L:/127.0.0.1:51213 - R:localhost/127.0.0.1:53890]
20:01:12.971 [Forwarding findElement on session 9804e146b4de37d52bf29e32b62cccaa to remote] DEBUG org.asynchttpclient.netty.request.NettyRequestSender - Using pooled Channel '[id: 0x4622e948, L:/127.0.0.1:51213 - R:localhost/127.0.0.1:53890]' for 'POST' to 'http://localhost:53890/session/9804e146b4de37d52bf29e32b62cccaa/element'
20:01:12.971 [Forwarding findElement on session 9804e146b4de37d52bf29e32b62cccaa to remote] DEBUG org.asynchttpclient.netty.request.NettyRequestSender - Using open Channel [id: 0x4622e948, L:/127.0.0.1:51213 - R:localhost/127.0.0.1:53890] for POST '/session/9804e146b4de37d52bf29e32b62cccaa/element'
20:01:12.983 [AsyncHttpClient-1-4] DEBUG org.asynchttpclient.netty.handler.HttpHandler - 

Request DefaultHttpRequest(decodeResult: success, version: HTTP/1.1)
POST /session/9804e146b4de37d52bf29e32b62cccaa/element HTTP/1.1
User-Agent: selenium/4.1.4 (java windows)
Content-Length: 88
Content-Type: application/json; charset=utf-8
host: localhost:53890
accept: */*

Response DefaultHttpResponse(decodeResult: success, version: HTTP/1.1)
HTTP/1.1 200 OK
Content-Type: application/json; charset=utf-8
cache-control: no-cache
content-length: 88

20:01:12.983 [AsyncHttpClient-1-4] DEBUG org.asynchttpclient.netty.channel.ChannelManager - Adding key: http://localhost:53890 for channel [id: 0x4622e948, L:/127.0.0.1:51213 - R:localhost/127.0.0.1:53890]
20:01:12.984 [Forwarding clickElement on session 9804e146b4de37d52bf29e32b62cccaa to remote] DEBUG org.asynchttpclient.netty.request.NettyRequestSender - Using pooled Channel '[id: 0x4622e948, L:/127.0.0.1:51213 - R:localhost/127.0.0.1:53890]' for 'POST' to 'http://localhost:53890/session/9804e146b4de37d52bf29e32b62cccaa/element/15e494bd-22a7-4c5b-b6e0-5783b9d8cedc/click'
20:01:12.984 [Forwarding clickElement on session 9804e146b4de37d52bf29e32b62cccaa to remote] DEBUG org.asynchttpclient.netty.request.NettyRequestSender - Using open Channel [id: 0x4622e948, L:/127.0.0.1:51213 - R:localhost/127.0.0.1:53890] for POST '/session/9804e146b4de37d52bf29e32b62cccaa/element/15e494bd-22a7-4c5b-b6e0-5783b9d8cedc/click'
20:01:13.105 [AsyncHttpClient-1-4] DEBUG org.asynchttpclient.netty.handler.HttpHandler - 

Request DefaultHttpRequest(decodeResult: success, version: HTTP/1.1)
POST /session/9804e146b4de37d52bf29e32b62cccaa/element/15e494bd-22a7-4c5b-b6e0-5783b9d8cedc/click HTTP/1.1
User-Agent: selenium/4.1.4 (java windows)
Content-Length: 50
Content-Type: application/json; charset=utf-8
host: localhost:53890
accept: */*

Response DefaultHttpResponse(decodeResult: success, version: HTTP/1.1)
HTTP/1.1 200 OK
Content-Type: application/json; charset=utf-8
cache-control: no-cache
content-length: 14

20:01:13.105 [AsyncHttpClient-1-4] DEBUG org.asynchttpclient.netty.channel.ChannelManager - Adding key: http://localhost:53890 for channel [id: 0x4622e948, L:/127.0.0.1:51213 - R:localhost/127.0.0.1:53890]
20:01:13.118 [Forwarding screenshot on session 9804e146b4de37d52bf29e32b62cccaa to remote] DEBUG org.asynchttpclient.netty.request.NettyRequestSender - Using pooled Channel '[id: 0x4622e948, L:/127.0.0.1:51213 - R:localhost/127.0.0.1:53890]' for 'GET' to 'http://localhost:53890/session/9804e146b4de37d52bf29e32b62cccaa/screenshot'
20:01:13.118 [Forwarding screenshot on session 9804e146b4de37d52bf29e32b62cccaa to remote] DEBUG org.asynchttpclient.netty.request.NettyRequestSender - Using open Channel [id: 0x4622e948, L:/127.0.0.1:51213 - R:localhost/127.0.0.1:53890] for GET '/session/9804e146b4de37d52bf29e32b62cccaa/screenshot'
20:01:13.497 [AsyncHttpClient-1-4] DEBUG org.asynchttpclient.netty.handler.HttpHandler - 

Request DefaultFullHttpRequest(decodeResult: success, version: HTTP/1.1, content: EmptyByteBufBE)
GET /session/9804e146b4de37d52bf29e32b62cccaa/screenshot HTTP/1.1
User-Agent: selenium/4.1.4 (java windows)
Cache-Control: no-cache
Content-Type: application/json; charset=utf-8
host: localhost:53890
accept: */*

Response DefaultHttpResponse(decodeResult: success, version: HTTP/1.1)
HTTP/1.1 200 OK
Content-Type: application/json; charset=utf-8
cache-control: no-cache
content-length: 74012

20:01:13.497 [AsyncHttpClient-1-4] DEBUG org.asynchttpclient.netty.channel.ChannelManager - Adding key: http://localhost:53890 for channel [id: 0x4622e948, L:/127.0.0.1:51213 - R:localhost/127.0.0.1:53890]
20:01:13.505 [main] DEBUG net.serenitybdd.core.photography.Darkroom - Send negative for processing for target\site\serenity\e8f9b25ff985bfb0ee384bd1349519210a94fc3787c1d872f4e5c6a3025f1cbe.png
20:01:13.505 [main] DEBUG net.thucydides.core.steps.StepInterceptor - STEP DONE: clickButtonErrorOK
  &amp#27;[32mAnd &amp#27;[0m&amp#27;[32mLogin validation invalid&amp#27;[0m                                                             &amp#27;[90m# starter.stepdefinitios.LoginSteps.loginValidationInvalid()&amp#27;[0m
20:01:13.505 [Darkroom Processing Line] DEBUG net.serenitybdd.core.photography.DarkroomProcessingLine - Processing screenshot image in /var/screenshots/screenshot-2409925944450068497
20:01:13.505 [Darkroom Processing Line] DEBUG net.serenitybdd.core.photography.DarkroomProcessingLine - Saving screenshot to target\site\serenity\e8f9b25ff985bfb0ee384bd1349519210a94fc3787c1d872f4e5c6a3025f1cbe.png
20:01:13.712 [AsyncHttpClient-1-1] DEBUG org.asynchttpclient.netty.channel.DefaultChannelPool - Entry count for : http://localhost:53890 : 1
20:01:13.712 [AsyncHttpClient-1-1] DEBUG org.asynchttpclient.netty.channel.DefaultChannelPool - Entry count for : http://localhost:51214 : 1
20:01:14.820 [AsyncHttpClient-1-1] DEBUG org.asynchttpclient.netty.channel.DefaultChannelPool - Entry count for : http://localhost:53890 : 1
20:01:14.820 [AsyncHttpClient-1-1] DEBUG org.asynchttpclient.netty.channel.DefaultChannelPool - Entry count for : http://localhost:51214 : 1
20:01:15.914 [AsyncHttpClient-1-1] DEBUG org.asynchttpclient.netty.channel.DefaultChannelPool - Entry count for : http://localhost:53890 : 1
20:01:15.914 [AsyncHttpClient-1-1] DEBUG org.asynchttpclient.netty.channel.DefaultChannelPool - Entry count for : http://localhost:51214 : 1
20:01:17.009 [AsyncHttpClient-1-1] DEBUG org.asynchttpclient.netty.channel.DefaultChannelPool - Entry count for : http://localhost:53890 : 1
20:01:17.009 [AsyncHttpClient-1-1] DEBUG org.asynchttpclient.netty.channel.DefaultChannelPool - Entry count for : http://localhost:51214 : 1
20:01:18.115 [AsyncHttpClient-1-1] DEBUG org.asynchttpclient.netty.channel.DefaultChannelPool - Entry count for : http://localhost:53890 : 1
20:01:18.115 [AsyncHttpClient-1-1] DEBUG org.asynchttpclient.netty.channel.DefaultChannelPool - Entry count for : http://localhost:51214 : 1
20:01:18.594 [Forwarding screenshot on session 9804e146b4de37d52bf29e32b62cccaa to remote] DEBUG org.asynchttpclient.netty.request.NettyRequestSender - Using pooled Channel '[id: 0x4622e948, L:/127.0.0.1:51213 - R:localhost/127.0.0.1:53890]' for 'GET' to 'http://localhost:53890/session/9804e146b4de37d52bf29e32b62cccaa/screenshot'
20:01:18.594 [Forwarding screenshot on session 9804e146b4de37d52bf29e32b62cccaa to remote] DEBUG org.asynchttpclient.netty.request.NettyRequestSender - Using open Channel [id: 0x4622e948, L:/127.0.0.1:51213 - R:localhost/127.0.0.1:53890] for GET '/session/9804e146b4de37d52bf29e32b62cccaa/screenshot'
20:01:18.766 [AsyncHttpClient-1-4] DEBUG org.asynchttpclient.netty.handler.HttpHandler - 

Request DefaultFullHttpRequest(decodeResult: success, version: HTTP/1.1, content: EmptyByteBufBE)
GET /session/9804e146b4de37d52bf29e32b62cccaa/screenshot HTTP/1.1
User-Agent: selenium/4.1.4 (java windows)
Cache-Control: no-cache
Content-Type: application/json; charset=utf-8
host: localhost:53890
accept: */*

Response DefaultHttpResponse(decodeResult: success, version: HTTP/1.1)
HTTP/1.1 200 OK
Content-Type: application/json; charset=utf-8
cache-control: no-cache
content-length: 78916

20:01:18.766 [AsyncHttpClient-1-4] DEBUG org.asynchttpclient.netty.channel.ChannelManager - Adding key: http://localhost:53890 for channel [id: 0x4622e948, L:/127.0.0.1:51213 - R:localhost/127.0.0.1:53890]
20:01:18.772 [main] DEBUG net.serenitybdd.core.photography.Darkroom - Send negative for processing for target\site\serenity\6ddfb86c3e40e80f5cf75f5473ea4a13b4be8ddc07b6bfa170e30cd2276a987b.png
20:01:18.773 [main] DEBUG net.thucydides.core.steps.StepInterceptor - STARTING STEP: KelolaJadwalSteps.clickButtonManageSchedule - clickButtonKelolaJadwal
20:01:18.778 [Forwarding findElement on session 9804e146b4de37d52bf29e32b62cccaa to remote] DEBUG org.asynchttpclient.netty.request.NettyRequestSender - Using pooled Channel '[id: 0x4622e948, L:/127.0.0.1:51213 - R:localhost/127.0.0.1:53890]' for 'POST' to 'http://localhost:53890/session/9804e146b4de37d52bf29e32b62cccaa/element'
20:01:18.778 [Forwarding findElement on session 9804e146b4de37d52bf29e32b62cccaa to remote] DEBUG org.asynchttpclient.netty.request.NettyRequestSender - Using open Channel [id: 0x4622e948, L:/127.0.0.1:51213 - R:localhost/127.0.0.1:53890] for POST '/session/9804e146b4de37d52bf29e32b62cccaa/element'
20:01:18.808 [AsyncHttpClient-1-4] DEBUG org.asynchttpclient.netty.handler.HttpHandler - 

Request DefaultHttpRequest(decodeResult: success, version: HTTP/1.1)
POST /session/9804e146b4de37d52bf29e32b62cccaa/element HTTP/1.1
User-Agent: selenium/4.1.4 (java windows)
Content-Length: 114
Content-Type: application/json; charset=utf-8
host: localhost:53890
accept: */*

Response DefaultHttpResponse(decodeResult: success, version: HTTP/1.1)
HTTP/1.1 200 OK
Content-Type: application/json; charset=utf-8
cache-control: no-cache
content-length: 88

20:01:18.808 [AsyncHttpClient-1-4] DEBUG org.asynchttpclient.netty.channel.ChannelManager - Adding key: http://localhost:53890 for channel [id: 0x4622e948, L:/127.0.0.1:51213 - R:localhost/127.0.0.1:53890]
20:01:18.809 [Forwarding getElementTagName on session 9804e146b4de37d52bf29e32b62cccaa to remote] DEBUG org.asynchttpclient.netty.request.NettyRequestSender - Using pooled Channel '[id: 0x4622e948, L:/127.0.0.1:51213 - R:localhost/127.0.0.1:53890]' for 'GET' to 'http://localhost:53890/session/9804e146b4de37d52bf29e32b62cccaa/element/34aaee1b-9e1a-423f-b4ae-0e48cbc2f52e/name'
20:01:18.809 [Forwarding getElementTagName on session 9804e146b4de37d52bf29e32b62cccaa to remote] DEBUG org.asynchttpclient.netty.request.NettyRequestSender - Using open Channel [id: 0x4622e948, L:/127.0.0.1:51213 - R:localhost/127.0.0.1:53890] for GET '/session/9804e146b4de37d52bf29e32b62cccaa/element/34aaee1b-9e1a-423f-b4ae-0e48cbc2f52e/name'
20:01:18.818 [AsyncHttpClient-1-4] DEBUG org.asynchttpclient.netty.handler.HttpHandler - 

Request DefaultFullHttpRequest(decodeResult: success, version: HTTP/1.1, content: EmptyByteBufBE)
GET /session/9804e146b4de37d52bf29e32b62cccaa/element/34aaee1b-9e1a-423f-b4ae-0e48cbc2f52e/name HTTP/1.1
User-Agent: selenium/4.1.4 (java windows)
Cache-Control: no-cache
Content-Type: application/json; charset=utf-8
host: localhost:53890
accept: */*

Response DefaultHttpResponse(decodeResult: success, version: HTTP/1.1)
HTTP/1.1 200 OK
Content-Type: application/json; charset=utf-8
cache-control: no-cache
content-length: 13

20:01:18.818 [AsyncHttpClient-1-4] DEBUG org.asynchttpclient.netty.channel.ChannelManager - Adding key: http://localhost:53890 for channel [id: 0x4622e948, L:/127.0.0.1:51213 - R:localhost/127.0.0.1:53890]
20:01:18.821 [Forwarding getElementTagName on session 9804e146b4de37d52bf29e32b62cccaa to remote] DEBUG org.asynchttpclient.netty.request.NettyRequestSender - Using pooled Channel '[id: 0x4622e948, L:/127.0.0.1:51213 - R:localhost/127.0.0.1:53890]' for 'GET' to 'http://localhost:53890/session/9804e146b4de37d52bf29e32b62cccaa/element/34aaee1b-9e1a-423f-b4ae-0e48cbc2f52e/name'
20:01:18.821 [Forwarding getElementTagName on session 9804e146b4de37d52bf29e32b62cccaa to remote] DEBUG org.asynchttpclient.netty.request.NettyRequestSender - Using open Channel [id: 0x4622e948, L:/127.0.0.1:51213 - R:localhost/127.0.0.1:53890] for GET '/session/9804e146b4de37d52bf29e32b62cccaa/element/34aaee1b-9e1a-423f-b4ae-0e48cbc2f52e/name'
20:01:18.827 [AsyncHttpClient-1-4] DEBUG org.asynchttpclient.netty.handler.HttpHandler - 

Request DefaultFullHttpRequest(decodeResult: success, version: HTTP/1.1, content: EmptyByteBufBE)
GET /session/9804e146b4de37d52bf29e32b62cccaa/element/34aaee1b-9e1a-423f-b4ae-0e48cbc2f52e/name HTTP/1.1
User-Agent: selenium/4.1.4 (java windows)
Cache-Control: no-cache
Content-Type: application/json; charset=utf-8
host: localhost:53890
accept: */*

Response DefaultHttpResponse(decodeResult: success, version: HTTP/1.1)
HTTP/1.1 200 OK
Content-Type: application/json; charset=utf-8
cache-control: no-cache
content-length: 13

20:01:18.827 [AsyncHttpClient-1-4] DEBUG org.asynchttpclient.netty.channel.ChannelManager - Adding key: http://localhost:53890 for channel [id: 0x4622e948, L:/127.0.0.1:51213 - R:localhost/127.0.0.1:53890]
20:01:18.829 [Forwarding findElement on session 9804e146b4de37d52bf29e32b62cccaa to remote] DEBUG org.asynchttpclient.netty.request.NettyRequestSender - Using pooled Channel '[id: 0x4622e948, L:/127.0.0.1:51213 - R:localhost/127.0.0.1:53890]' for 'POST' to 'http://localhost:53890/session/9804e146b4de37d52bf29e32b62cccaa/element'
20:01:18.829 [Forwarding findElement on session 9804e146b4de37d52bf29e32b62cccaa to remote] DEBUG org.asynchttpclient.netty.request.NettyRequestSender - Using open Channel [id: 0x4622e948, L:/127.0.0.1:51213 - R:localhost/127.0.0.1:53890] for POST '/session/9804e146b4de37d52bf29e32b62cccaa/element'
20:01:18.846 [AsyncHttpClient-1-4] DEBUG org.asynchttpclient.netty.handler.HttpHandler - 

Request DefaultHttpRequest(decodeResult: success, version: HTTP/1.1)
POST /session/9804e146b4de37d52bf29e32b62cccaa/element HTTP/1.1
User-Agent: selenium/4.1.4 (java windows)
Content-Length: 114
Content-Type: application/json; charset=utf-8
host: localhost:53890
accept: */*

Response DefaultHttpResponse(decodeResult: success, version: HTTP/1.1)
HTTP/1.1 200 OK
Content-Type: application/json; charset=utf-8
cache-control: no-cache
content-length: 88

20:01:18.846 [AsyncHttpClient-1-4] DEBUG org.asynchttpclient.netty.channel.ChannelManager - Adding key: http://localhost:53890 for channel [id: 0x4622e948, L:/127.0.0.1:51213 - R:localhost/127.0.0.1:53890]
20:01:18.848 [Forwarding clickElement on session 9804e146b4de37d52bf29e32b62cccaa to remote] DEBUG org.asynchttpclient.netty.request.NettyRequestSender - Using pooled Channel '[id: 0x4622e948, L:/127.0.0.1:51213 - R:localhost/127.0.0.1:53890]' for 'POST' to 'http://localhost:53890/session/9804e146b4de37d52bf29e32b62cccaa/element/34aaee1b-9e1a-423f-b4ae-0e48cbc2f52e/click'
20:01:18.848 [Forwarding clickElement on session 9804e146b4de37d52bf29e32b62cccaa to remote] DEBUG org.asynchttpclient.netty.request.NettyRequestSender - Using open Channel [id: 0x4622e948, L:/127.0.0.1:51213 - R:localhost/127.0.0.1:53890] for POST '/session/9804e146b4de37d52bf29e32b62cccaa/element/34aaee1b-9e1a-423f-b4ae-0e48cbc2f52e/click'
20:01:19.019 [AsyncHttpClient-1-4] DEBUG org.asynchttpclient.netty.handler.HttpHandler - 

Request DefaultHttpRequest(decodeResult: success, version: HTTP/1.1)
POST /session/9804e146b4de37d52bf29e32b62cccaa/element/34aaee1b-9e1a-423f-b4ae-0e48cbc2f52e/click HTTP/1.1
User-Agent: selenium/4.1.4 (java windows)
Content-Length: 50
Content-Type: application/json; charset=utf-8
host: localhost:53890
accept: */*

Response DefaultHttpResponse(decodeResult: success, version: HTTP/1.1)
HTTP/1.1 200 OK
Content-Type: application/json; charset=utf-8
cache-control: no-cache
content-length: 14

20:01:19.019 [AsyncHttpClient-1-4] DEBUG org.asynchttpclient.netty.channel.ChannelManager - Adding key: http://localhost:53890 for channel [id: 0x4622e948, L:/127.0.0.1:51213 - R:localhost/127.0.0.1:53890]
20:01:19.028 [Forwarding screenshot on session 9804e146b4de37d52bf29e32b62cccaa to remote] DEBUG org.asynchttpclient.netty.request.NettyRequestSender - Using pooled Channel '[id: 0x4622e948, L:/127.0.0.1:51213 - R:localhost/127.0.0.1:53890]' for 'GET' to 'http://localhost:53890/session/9804e146b4de37d52bf29e32b62cccaa/screenshot'
20:01:19.028 [Forwarding screenshot on session 9804e146b4de37d52bf29e32b62cccaa to remote] DEBUG org.asynchttpclient.netty.request.NettyRequestSender - Using open Channel [id: 0x4622e948, L:/127.0.0.1:51213 - R:localhost/127.0.0.1:53890] for GET '/session/9804e146b4de37d52bf29e32b62cccaa/screenshot'
20:01:19.213 [AsyncHttpClient-1-1] DEBUG org.asynchttpclient.netty.channel.DefaultChannelPool - Entry count for : http://localhost:51214 : 1
20:01:19.336 [AsyncHttpClient-1-4] DEBUG org.asynchttpclient.netty.handler.HttpHandler - 

Request DefaultFullHttpRequest(decodeResult: success, version: HTTP/1.1, content: EmptyByteBufBE)
GET /session/9804e146b4de37d52bf29e32b62cccaa/screenshot HTTP/1.1
User-Agent: selenium/4.1.4 (java windows)
Cache-Control: no-cache
Content-Type: application/json; charset=utf-8
host: localhost:53890
accept: */*

Response DefaultHttpResponse(decodeResult: success, version: HTTP/1.1)
HTTP/1.1 200 OK
Content-Type: application/json; charset=utf-8
cache-control: no-cache
content-length: 113688

20:01:19.337 [AsyncHttpClient-1-4] DEBUG org.asynchttpclient.netty.channel.ChannelManager - Adding key: http://localhost:53890 for channel [id: 0x4622e948, L:/127.0.0.1:51213 - R:localhost/127.0.0.1:53890]
20:01:19.350 [main] DEBUG net.serenitybdd.core.photography.Darkroom - Send negative for processing for target\site\serenity\4cddafae40c1852820bfd7ddfe7f87c5592af9f55b00980ac50aadb7bfc63645.png
20:01:19.350 [main] DEBUG net.thucydides.core.steps.StepInterceptor - STEP DONE: clickButtonKelolaJadwal
  &amp#27;[32mWhen &amp#27;[0m&amp#27;[32mClick button manage schedule&amp#27;[0m                                                        &amp#27;[90m# starter.stepdefinitios.KelolaJadwalSteps.clickButtonManageSchedule()&amp#27;[0m
20:01:19.350 [Darkroom Processing Line] DEBUG net.serenitybdd.core.photography.DarkroomProcessingLine - Processing screenshot image in /var/screenshots/screenshot-7841958979618096605
20:01:19.351 [Darkroom Processing Line] DEBUG net.serenitybdd.core.photography.DarkroomProcessingLine - Saving screenshot to target\site\serenity\4cddafae40c1852820bfd7ddfe7f87c5592af9f55b00980ac50aadb7bfc63645.png
20:01:20.314 [AsyncHttpClient-1-1] DEBUG org.asynchttpclient.netty.channel.DefaultChannelPool - Entry count for : http://localhost:53890 : 1
20:01:20.314 [AsyncHttpClient-1-1] DEBUG org.asynchttpclient.netty.channel.DefaultChannelPool - Entry count for : http://localhost:51214 : 1
20:01:21.422 [AsyncHttpClient-1-1] DEBUG org.asynchttpclient.netty.channel.DefaultChannelPool - Entry count for : http://localhost:53890 : 1
20:01:21.422 [AsyncHttpClient-1-1] DEBUG org.asynchttpclient.netty.channel.DefaultChannelPool - Entry count for : http://localhost:51214 : 1
20:01:22.512 [AsyncHttpClient-1-1] DEBUG org.asynchttpclient.netty.channel.DefaultChannelPool - Entry count for : http://localhost:53890 : 1
20:01:22.512 [AsyncHttpClient-1-1] DEBUG org.asynchttpclient.netty.channel.DefaultChannelPool - Entry count for : http://localhost:51214 : 1
20:01:23.608 [AsyncHttpClient-1-1] DEBUG org.asynchttpclient.netty.channel.DefaultChannelPool - Entry count for : http://localhost:53890 : 1
20:01:23.608 [AsyncHttpClient-1-1] DEBUG org.asynchttpclient.netty.channel.DefaultChannelPool - Entry count for : http://localhost:51214 : 1
20:01:24.712 [AsyncHttpClient-1-1] DEBUG org.asynchttpclient.netty.channel.DefaultChannelPool - Entry count for : http://localhost:53890 : 1
20:01:24.712 [AsyncHttpClient-1-1] DEBUG org.asynchttpclient.netty.channel.DefaultChannelPool - Entry count for : http://localhost:51214 : 1
20:01:25.469 [Forwarding screenshot on session 9804e146b4de37d52bf29e32b62cccaa to remote] DEBUG org.asynchttpclient.netty.request.NettyRequestSender - Using pooled Channel '[id: 0x4622e948, L:/127.0.0.1:51213 - R:localhost/127.0.0.1:53890]' for 'GET' to 'http://localhost:53890/session/9804e146b4de37d52bf29e32b62cccaa/screenshot'
20:01:25.469 [Forwarding screenshot on session 9804e146b4de37d52bf29e32b62cccaa to remote] DEBUG org.asynchttpclient.netty.request.NettyRequestSender - Using open Channel [id: 0x4622e948, L:/127.0.0.1:51213 - R:localhost/127.0.0.1:53890] for GET '/session/9804e146b4de37d52bf29e32b62cccaa/screenshot'
20:01:25.700 [AsyncHttpClient-1-4] DEBUG org.asynchttpclient.netty.handler.HttpHandler - 

Request DefaultFullHttpRequest(decodeResult: success, version: HTTP/1.1, content: EmptyByteBufBE)
GET /session/9804e146b4de37d52bf29e32b62cccaa/screenshot HTTP/1.1
User-Agent: selenium/4.1.4 (java windows)
Cache-Control: no-cache
Content-Type: application/json; charset=utf-8
host: localhost:53890
accept: */*

Response DefaultHttpResponse(decodeResult: success, version: HTTP/1.1)
HTTP/1.1 200 OK
Content-Type: application/json; charset=utf-8
cache-control: no-cache
content-length: 94224

20:01:25.701 [AsyncHttpClient-1-4] DEBUG org.asynchttpclient.netty.channel.ChannelManager - Adding key: http://localhost:53890 for channel [id: 0x4622e948, L:/127.0.0.1:51213 - R:localhost/127.0.0.1:53890]
20:01:25.703 [main] DEBUG net.serenitybdd.core.photography.Darkroom - Send negative for processing for target\site\serenity\d8995d53355f339f4fb28b83e217ed31623948699f05bcabf3cfc0d4f7aa0783.png
20:01:25.703 [main] DEBUG net.thucydides.core.steps.StepInterceptor - STARTING STEP: PatientDataSteps.clickButtonTambahData - clickButtonTambah
20:01:25.714 [Forwarding findElement on session 9804e146b4de37d52bf29e32b62cccaa to remote] DEBUG org.asynchttpclient.netty.request.NettyRequestSender - Using pooled Channel '[id: 0x4622e948, L:/127.0.0.1:51213 - R:localhost/127.0.0.1:53890]' for 'POST' to 'http://localhost:53890/session/9804e146b4de37d52bf29e32b62cccaa/element'
20:01:25.714 [Forwarding findElement on session 9804e146b4de37d52bf29e32b62cccaa to remote] DEBUG org.asynchttpclient.netty.request.NettyRequestSender - Using open Channel [id: 0x4622e948, L:/127.0.0.1:51213 - R:localhost/127.0.0.1:53890] for POST '/session/9804e146b4de37d52bf29e32b62cccaa/element'
20:01:25.730 [AsyncHttpClient-1-4] DEBUG org.asynchttpclient.netty.handler.HttpHandler - 

Request DefaultHttpRequest(decodeResult: success, version: HTTP/1.1)
POST /session/9804e146b4de37d52bf29e32b62cccaa/element HTTP/1.1
User-Agent: selenium/4.1.4 (java windows)
Content-Length: 68
Content-Type: application/json; charset=utf-8
host: localhost:53890
accept: */*

Response DefaultHttpResponse(decodeResult: success, version: HTTP/1.1)
HTTP/1.1 200 OK
Content-Type: application/json; charset=utf-8
cache-control: no-cache
content-length: 88

20:01:25.730 [AsyncHttpClient-1-4] DEBUG org.asynchttpclient.netty.channel.ChannelManager - Adding key: http://localhost:53890 for channel [id: 0x4622e948, L:/127.0.0.1:51213 - R:localhost/127.0.0.1:53890]
20:01:25.732 [Forwarding getElementTagName on session 9804e146b4de37d52bf29e32b62cccaa to remote] DEBUG org.asynchttpclient.netty.request.NettyRequestSender - Using pooled Channel '[id: 0x4622e948, L:/127.0.0.1:51213 - R:localhost/127.0.0.1:53890]' for 'GET' to 'http://localhost:53890/session/9804e146b4de37d52bf29e32b62cccaa/element/583755c3-3dd9-45a7-b944-32e1e3dfa8f5/name'
20:01:25.732 [Forwarding getElementTagName on session 9804e146b4de37d52bf29e32b62cccaa to remote] DEBUG org.asynchttpclient.netty.request.NettyRequestSender - Using open Channel [id: 0x4622e948, L:/127.0.0.1:51213 - R:localhost/127.0.0.1:53890] for GET '/session/9804e146b4de37d52bf29e32b62cccaa/element/583755c3-3dd9-45a7-b944-32e1e3dfa8f5/name'
20:01:25.742 [AsyncHttpClient-1-4] DEBUG org.asynchttpclient.netty.handler.HttpHandler - 

Request DefaultFullHttpRequest(decodeResult: success, version: HTTP/1.1, content: EmptyByteBufBE)
GET /session/9804e146b4de37d52bf29e32b62cccaa/element/583755c3-3dd9-45a7-b944-32e1e3dfa8f5/name HTTP/1.1
User-Agent: selenium/4.1.4 (java windows)
Cache-Control: no-cache
Content-Type: application/json; charset=utf-8
host: localhost:53890
accept: */*

Response DefaultHttpResponse(decodeResult: success, version: HTTP/1.1)
HTTP/1.1 200 OK
Content-Type: application/json; charset=utf-8
cache-control: no-cache
content-length: 18

20:01:25.742 [AsyncHttpClient-1-4] DEBUG org.asynchttpclient.netty.channel.ChannelManager - Adding key: http://localhost:53890 for channel [id: 0x4622e948, L:/127.0.0.1:51213 - R:localhost/127.0.0.1:53890]
20:01:25.742 [Forwarding getElementTagName on session 9804e146b4de37d52bf29e32b62cccaa to remote] DEBUG org.asynchttpclient.netty.request.NettyRequestSender - Using pooled Channel '[id: 0x4622e948, L:/127.0.0.1:51213 - R:localhost/127.0.0.1:53890]' for 'GET' to 'http://localhost:53890/session/9804e146b4de37d52bf29e32b62cccaa/element/583755c3-3dd9-45a7-b944-32e1e3dfa8f5/name'
20:01:25.742 [Forwarding getElementTagName on session 9804e146b4de37d52bf29e32b62cccaa to remote] DEBUG org.asynchttpclient.netty.request.NettyRequestSender - Using open Channel [id: 0x4622e948, L:/127.0.0.1:51213 - R:localhost/127.0.0.1:53890] for GET '/session/9804e146b4de37d52bf29e32b62cccaa/element/583755c3-3dd9-45a7-b944-32e1e3dfa8f5/name'
20:01:25.751 [AsyncHttpClient-1-4] DEBUG org.asynchttpclient.netty.handler.HttpHandler - 

Request DefaultFullHttpRequest(decodeResult: success, version: HTTP/1.1, content: EmptyByteBufBE)
GET /session/9804e146b4de37d52bf29e32b62cccaa/element/583755c3-3dd9-45a7-b944-32e1e3dfa8f5/name HTTP/1.1
User-Agent: selenium/4.1.4 (java windows)
Cache-Control: no-cache
Content-Type: application/json; charset=utf-8
host: localhost:53890
accept: */*

Response DefaultHttpResponse(decodeResult: success, version: HTTP/1.1)
HTTP/1.1 200 OK
Content-Type: application/json; charset=utf-8
cache-control: no-cache
content-length: 18

20:01:25.751 [AsyncHttpClient-1-4] DEBUG org.asynchttpclient.netty.channel.ChannelManager - Adding key: http://localhost:53890 for channel [id: 0x4622e948, L:/127.0.0.1:51213 - R:localhost/127.0.0.1:53890]
20:01:25.756 [Forwarding isElementEnabled on session 9804e146b4de37d52bf29e32b62cccaa to remote] DEBUG org.asynchttpclient.netty.request.NettyRequestSender - Using pooled Channel '[id: 0x4622e948, L:/127.0.0.1:51213 - R:localhost/127.0.0.1:53890]' for 'GET' to 'http://localhost:53890/session/9804e146b4de37d52bf29e32b62cccaa/element/583755c3-3dd9-45a7-b944-32e1e3dfa8f5/enabled'
20:01:25.756 [Forwarding isElementEnabled on session 9804e146b4de37d52bf29e32b62cccaa to remote] DEBUG org.asynchttpclient.netty.request.NettyRequestSender - Using open Channel [id: 0x4622e948, L:/127.0.0.1:51213 - R:localhost/127.0.0.1:53890] for GET '/session/9804e146b4de37d52bf29e32b62cccaa/element/583755c3-3dd9-45a7-b944-32e1e3dfa8f5/enabled'
20:01:25.779 [AsyncHttpClient-1-4] DEBUG org.asynchttpclient.netty.handler.HttpHandler - 

Request DefaultFullHttpRequest(decodeResult: success, version: HTTP/1.1, content: EmptyByteBufBE)
GET /session/9804e146b4de37d52bf29e32b62cccaa/element/583755c3-3dd9-45a7-b944-32e1e3dfa8f5/enabled HTTP/1.1
User-Agent: selenium/4.1.4 (java windows)
Cache-Control: no-cache
Content-Type: application/json; charset=utf-8
host: localhost:53890
accept: */*

Response DefaultHttpResponse(decodeResult: success, version: HTTP/1.1)
HTTP/1.1 200 OK
Content-Type: application/json; charset=utf-8
cache-control: no-cache
content-length: 14

20:01:25.779 [AsyncHttpClient-1-4] DEBUG org.asynchttpclient.netty.channel.ChannelManager - Adding key: http://localhost:53890 for channel [id: 0x4622e948, L:/127.0.0.1:51213 - R:localhost/127.0.0.1:53890]
20:01:25.782 [Forwarding isElementEnabled on session 9804e146b4de37d52bf29e32b62cccaa to remote] DEBUG org.asynchttpclient.netty.request.NettyRequestSender - Using pooled Channel '[id: 0x4622e948, L:/127.0.0.1:51213 - R:localhost/127.0.0.1:53890]' for 'GET' to 'http://localhost:53890/session/9804e146b4de37d52bf29e32b62cccaa/element/583755c3-3dd9-45a7-b944-32e1e3dfa8f5/enabled'
20:01:25.782 [Forwarding isElementEnabled on session 9804e146b4de37d52bf29e32b62cccaa to remote] DEBUG org.asynchttpclient.netty.request.NettyRequestSender - Using open Channel [id: 0x4622e948, L:/127.0.0.1:51213 - R:localhost/127.0.0.1:53890] for GET '/session/9804e146b4de37d52bf29e32b62cccaa/element/583755c3-3dd9-45a7-b944-32e1e3dfa8f5/enabled'
20:01:25.793 [AsyncHttpClient-1-4] DEBUG org.asynchttpclient.netty.handler.HttpHandler - 

Request DefaultFullHttpRequest(decodeResult: success, version: HTTP/1.1, content: EmptyByteBufBE)
GET /session/9804e146b4de37d52bf29e32b62cccaa/element/583755c3-3dd9-45a7-b944-32e1e3dfa8f5/enabled HTTP/1.1
User-Agent: selenium/4.1.4 (java windows)
Cache-Control: no-cache
Content-Type: application/json; charset=utf-8
host: localhost:53890
accept: */*

Response DefaultHttpResponse(decodeResult: success, version: HTTP/1.1)
HTTP/1.1 200 OK
Content-Type: application/json; charset=utf-8
cache-control: no-cache
content-length: 14

20:01:25.794 [AsyncHttpClient-1-4] DEBUG org.asynchttpclient.netty.channel.ChannelManager - Adding key: http://localhost:53890 for channel [id: 0x4622e948, L:/127.0.0.1:51213 - R:localhost/127.0.0.1:53890]
20:01:25.798 [Forwarding findElement on session 9804e146b4de37d52bf29e32b62cccaa to remote] DEBUG org.asynchttpclient.netty.request.NettyRequestSender - Using pooled Channel '[id: 0x4622e948, L:/127.0.0.1:51213 - R:localhost/127.0.0.1:53890]' for 'POST' to 'http://localhost:53890/session/9804e146b4de37d52bf29e32b62cccaa/element'
20:01:25.798 [Forwarding findElement on session 9804e146b4de37d52bf29e32b62cccaa to remote] DEBUG org.asynchttpclient.netty.request.NettyRequestSender - Using open Channel [id: 0x4622e948, L:/127.0.0.1:51213 - R:localhost/127.0.0.1:53890] for POST '/session/9804e146b4de37d52bf29e32b62cccaa/element'
20:01:25.810 [AsyncHttpClient-1-1] DEBUG org.asynchttpclient.netty.channel.DefaultChannelPool - Entry count for : http://localhost:51214 : 1
20:01:25.814 [AsyncHttpClient-1-4] DEBUG org.asynchttpclient.netty.handler.HttpHandler - 

Request DefaultHttpRequest(decodeResult: success, version: HTTP/1.1)
POST /session/9804e146b4de37d52bf29e32b62cccaa/element HTTP/1.1
User-Agent: selenium/4.1.4 (java windows)
Content-Length: 68
Content-Type: application/json; charset=utf-8
host: localhost:53890
accept: */*

Response DefaultHttpResponse(decodeResult: success, version: HTTP/1.1)
HTTP/1.1 200 OK
Content-Type: application/json; charset=utf-8
cache-control: no-cache
content-length: 88

20:01:25.814 [AsyncHttpClient-1-4] DEBUG org.asynchttpclient.netty.channel.ChannelManager - Adding key: http://localhost:53890 for channel [id: 0x4622e948, L:/127.0.0.1:51213 - R:localhost/127.0.0.1:53890]
20:01:25.816 [Forwarding clickElement on session 9804e146b4de37d52bf29e32b62cccaa to remote] DEBUG org.asynchttpclient.netty.request.NettyRequestSender - Using pooled Channel '[id: 0x4622e948, L:/127.0.0.1:51213 - R:localhost/127.0.0.1:53890]' for 'POST' to 'http://localhost:53890/session/9804e146b4de37d52bf29e32b62cccaa/element/583755c3-3dd9-45a7-b944-32e1e3dfa8f5/click'
20:01:25.817 [Forwarding clickElement on session 9804e146b4de37d52bf29e32b62cccaa to remote] DEBUG org.asynchttpclient.netty.request.NettyRequestSender - Using open Channel [id: 0x4622e948, L:/127.0.0.1:51213 - R:localhost/127.0.0.1:53890] for POST '/session/9804e146b4de37d52bf29e32b62cccaa/element/583755c3-3dd9-45a7-b944-32e1e3dfa8f5/click'
20:01:25.964 [AsyncHttpClient-1-4] DEBUG org.asynchttpclient.netty.handler.HttpHandler - 

Request DefaultHttpRequest(decodeResult: success, version: HTTP/1.1)
POST /session/9804e146b4de37d52bf29e32b62cccaa/element/583755c3-3dd9-45a7-b944-32e1e3dfa8f5/click HTTP/1.1
User-Agent: selenium/4.1.4 (java windows)
Content-Length: 50
Content-Type: application/json; charset=utf-8
host: localhost:53890
accept: */*

Response DefaultHttpResponse(decodeResult: success, version: HTTP/1.1)
HTTP/1.1 200 OK
Content-Type: application/json; charset=utf-8
cache-control: no-cache
content-length: 14

20:01:25.964 [AsyncHttpClient-1-4] DEBUG org.asynchttpclient.netty.channel.ChannelManager - Adding key: http://localhost:53890 for channel [id: 0x4622e948, L:/127.0.0.1:51213 - R:localhost/127.0.0.1:53890]
20:01:25.971 [Forwarding screenshot on session 9804e146b4de37d52bf29e32b62cccaa to remote] DEBUG org.asynchttpclient.netty.request.NettyRequestSender - Using pooled Channel '[id: 0x4622e948, L:/127.0.0.1:51213 - R:localhost/127.0.0.1:53890]' for 'GET' to 'http://localhost:53890/session/9804e146b4de37d52bf29e32b62cccaa/screenshot'
20:01:25.971 [Forwarding screenshot on session 9804e146b4de37d52bf29e32b62cccaa to remote] DEBUG org.asynchttpclient.netty.request.NettyRequestSender - Using open Channel [id: 0x4622e948, L:/127.0.0.1:51213 - R:localhost/127.0.0.1:53890] for GET '/session/9804e146b4de37d52bf29e32b62cccaa/screenshot'
20:01:26.243 [AsyncHttpClient-1-4] DEBUG org.asynchttpclient.netty.handler.HttpHandler - 

Request DefaultFullHttpRequest(decodeResult: success, version: HTTP/1.1, content: EmptyByteBufBE)
GET /session/9804e146b4de37d52bf29e32b62cccaa/screenshot HTTP/1.1
User-Agent: selenium/4.1.4 (java windows)
Cache-Control: no-cache
Content-Type: application/json; charset=utf-8
host: localhost:53890
accept: */*

Response DefaultHttpResponse(decodeResult: success, version: HTTP/1.1)
HTTP/1.1 200 OK
Content-Type: application/json; charset=utf-8
cache-control: no-cache
content-length: 46848

20:01:26.243 [AsyncHttpClient-1-4] DEBUG org.asynchttpclient.netty.channel.ChannelManager - Adding key: http://localhost:53890 for channel [id: 0x4622e948, L:/127.0.0.1:51213 - R:localhost/127.0.0.1:53890]
20:01:26.250 [main] DEBUG net.serenitybdd.core.photography.Darkroom - Send negative for processing for target\site\serenity\c73d69a0602f8d2778eddc4eebae81b67aefdf3aec6d86dc3fc6903cf1d4ef17.png
20:01:26.251 [main] DEBUG net.thucydides.core.steps.StepInterceptor - STEP DONE: clickButtonTambah
  &amp#27;[32mAnd &amp#27;[0m&amp#27;[32mClick button tambah data&amp#27;[0m                                                             &amp#27;[90m# starter.stepdefinitios.PatientDataSteps.clickButtonTambahData()&amp#27;[0m
20:01:26.251 [Darkroom Processing Line] DEBUG net.serenitybdd.core.photography.DarkroomProcessingLine - Processing screenshot image in /var/screenshots/screenshot-12824472803075360559
20:01:26.251 [Darkroom Processing Line] DEBUG net.serenitybdd.core.photography.DarkroomProcessingLine - Saving screenshot to target\site\serenity\c73d69a0602f8d2778eddc4eebae81b67aefdf3aec6d86dc3fc6903cf1d4ef17.png
20:01:26.915 [AsyncHttpClient-1-1] DEBUG org.asynchttpclient.netty.channel.DefaultChannelPool - Entry count for : http://localhost:53890 : 1
20:01:26.915 [AsyncHttpClient-1-1] DEBUG org.asynchttpclient.netty.channel.DefaultChannelPool - Entry count for : http://localhost:51214 : 1
20:01:28.013 [AsyncHttpClient-1-1] DEBUG org.asynchttpclient.netty.channel.DefaultChannelPool - Entry count for : http://localhost:53890 : 1
20:01:28.013 [AsyncHttpClient-1-1] DEBUG org.asynchttpclient.netty.channel.DefaultChannelPool - Entry count for : http://localhost:51214 : 1
20:01:29.110 [AsyncHttpClient-1-1] DEBUG org.asynchttpclient.netty.channel.DefaultChannelPool - Entry count for : http://localhost:53890 : 1
20:01:29.110 [AsyncHttpClient-1-1] DEBUG org.asynchttpclient.netty.channel.DefaultChannelPool - Entry count for : http://localhost:51214 : 1
20:01:30.213 [AsyncHttpClient-1-1] DEBUG org.asynchttpclient.netty.channel.DefaultChannelPool - Entry count for : http://localhost:53890 : 1
20:01:30.213 [AsyncHttpClient-1-1] DEBUG org.asynchttpclient.netty.channel.DefaultChannelPool - Entry count for : http://localhost:51214 : 1
20:01:31.287 [Forwarding screenshot on session 9804e146b4de37d52bf29e32b62cccaa to remote] DEBUG org.asynchttpclient.netty.request.NettyRequestSender - Using pooled Channel '[id: 0x4622e948, L:/127.0.0.1:51213 - R:localhost/127.0.0.1:53890]' for 'GET' to 'http://localhost:53890/session/9804e146b4de37d52bf29e32b62cccaa/screenshot'
20:01:31.287 [Forwarding screenshot on session 9804e146b4de37d52bf29e32b62cccaa to remote] DEBUG org.asynchttpclient.netty.request.NettyRequestSender - Using open Channel [id: 0x4622e948, L:/127.0.0.1:51213 - R:localhost/127.0.0.1:53890] for GET '/session/9804e146b4de37d52bf29e32b62cccaa/screenshot'
20:01:31.309 [AsyncHttpClient-1-1] DEBUG org.asynchttpclient.netty.channel.DefaultChannelPool - Entry count for : http://localhost:51214 : 1
20:01:31.474 [AsyncHttpClient-1-4] DEBUG org.asynchttpclient.netty.handler.HttpHandler - 

Request DefaultFullHttpRequest(decodeResult: success, version: HTTP/1.1, content: EmptyByteBufBE)
GET /session/9804e146b4de37d52bf29e32b62cccaa/screenshot HTTP/1.1
User-Agent: selenium/4.1.4 (java windows)
Cache-Control: no-cache
Content-Type: application/json; charset=utf-8
host: localhost:53890
accept: */*

Response DefaultHttpResponse(decodeResult: success, version: HTTP/1.1)
HTTP/1.1 200 OK
Content-Type: application/json; charset=utf-8
cache-control: no-cache
content-length: 47716

20:01:31.475 [AsyncHttpClient-1-4] DEBUG org.asynchttpclient.netty.channel.ChannelManager - Adding key: http://localhost:53890 for channel [id: 0x4622e948, L:/127.0.0.1:51213 - R:localhost/127.0.0.1:53890]
20:01:31.480 [main] DEBUG net.serenitybdd.core.photography.Darkroom - Send negative for processing for target\site\serenity\ad177091e4acbab0cd01d6b4460c49c80aa2a4502185984912e75c5401e1a307.png
20:01:31.481 [main] DEBUG net.thucydides.core.steps.StepInterceptor - STARTING STEP: KelolaJadwalSteps.clickOnTheSelectPatientActionToSelectAPatient - buttonPilihPasien
20:01:31.487 [Forwarding findElement on session 9804e146b4de37d52bf29e32b62cccaa to remote] DEBUG org.asynchttpclient.netty.request.NettyRequestSender - Using pooled Channel '[id: 0x4622e948, L:/127.0.0.1:51213 - R:localhost/127.0.0.1:53890]' for 'POST' to 'http://localhost:53890/session/9804e146b4de37d52bf29e32b62cccaa/element'
20:01:31.487 [Forwarding findElement on session 9804e146b4de37d52bf29e32b62cccaa to remote] DEBUG org.asynchttpclient.netty.request.NettyRequestSender - Using open Channel [id: 0x4622e948, L:/127.0.0.1:51213 - R:localhost/127.0.0.1:53890] for POST '/session/9804e146b4de37d52bf29e32b62cccaa/element'
20:01:31.538 [AsyncHttpClient-1-4] DEBUG org.asynchttpclient.netty.handler.HttpHandler - 

Request DefaultHttpRequest(decodeResult: success, version: HTTP/1.1)
POST /session/9804e146b4de37d52bf29e32b62cccaa/element HTTP/1.1
User-Agent: selenium/4.1.4 (java windows)
Content-Length: 147
Content-Type: application/json; charset=utf-8
host: localhost:53890
accept: */*

Response DefaultHttpResponse(decodeResult: success, version: HTTP/1.1)
HTTP/1.1 200 OK
Content-Type: application/json; charset=utf-8
cache-control: no-cache
content-length: 88

20:01:31.538 [AsyncHttpClient-1-4] DEBUG org.asynchttpclient.netty.channel.ChannelManager - Adding key: http://localhost:53890 for channel [id: 0x4622e948, L:/127.0.0.1:51213 - R:localhost/127.0.0.1:53890]
20:01:31.541 [Forwarding getElementTagName on session 9804e146b4de37d52bf29e32b62cccaa to remote] DEBUG org.asynchttpclient.netty.request.NettyRequestSender - Using pooled Channel '[id: 0x4622e948, L:/127.0.0.1:51213 - R:localhost/127.0.0.1:53890]' for 'GET' to 'http://localhost:53890/session/9804e146b4de37d52bf29e32b62cccaa/element/c317fa03-987a-40cb-b728-e69aa9ca1bc9/name'
20:01:31.541 [Forwarding getElementTagName on session 9804e146b4de37d52bf29e32b62cccaa to remote] DEBUG org.asynchttpclient.netty.request.NettyRequestSender - Using open Channel [id: 0x4622e948, L:/127.0.0.1:51213 - R:localhost/127.0.0.1:53890] for GET '/session/9804e146b4de37d52bf29e32b62cccaa/element/c317fa03-987a-40cb-b728-e69aa9ca1bc9/name'
20:01:31.550 [AsyncHttpClient-1-4] DEBUG org.asynchttpclient.netty.handler.HttpHandler - 

Request DefaultFullHttpRequest(decodeResult: success, version: HTTP/1.1, content: EmptyByteBufBE)
GET /session/9804e146b4de37d52bf29e32b62cccaa/element/c317fa03-987a-40cb-b728-e69aa9ca1bc9/name HTTP/1.1
User-Agent: selenium/4.1.4 (java windows)
Cache-Control: no-cache
Content-Type: application/json; charset=utf-8
host: localhost:53890
accept: */*

Response DefaultHttpResponse(decodeResult: success, version: HTTP/1.1)
HTTP/1.1 200 OK
Content-Type: application/json; charset=utf-8
cache-control: no-cache
content-length: 15

20:01:31.550 [AsyncHttpClient-1-4] DEBUG org.asynchttpclient.netty.channel.ChannelManager - Adding key: http://localhost:53890 for channel [id: 0x4622e948, L:/127.0.0.1:51213 - R:localhost/127.0.0.1:53890]
20:01:31.553 [Forwarding getElementTagName on session 9804e146b4de37d52bf29e32b62cccaa to remote] DEBUG org.asynchttpclient.netty.request.NettyRequestSender - Using pooled Channel '[id: 0x4622e948, L:/127.0.0.1:51213 - R:localhost/127.0.0.1:53890]' for 'GET' to 'http://localhost:53890/session/9804e146b4de37d52bf29e32b62cccaa/element/c317fa03-987a-40cb-b728-e69aa9ca1bc9/name'
20:01:31.553 [Forwarding getElementTagName on session 9804e146b4de37d52bf29e32b62cccaa to remote] DEBUG org.asynchttpclient.netty.request.NettyRequestSender - Using open Channel [id: 0x4622e948, L:/127.0.0.1:51213 - R:localhost/127.0.0.1:53890] for GET '/session/9804e146b4de37d52bf29e32b62cccaa/element/c317fa03-987a-40cb-b728-e69aa9ca1bc9/name'
20:01:31.560 [AsyncHttpClient-1-4] DEBUG org.asynchttpclient.netty.handler.HttpHandler - 

Request DefaultFullHttpRequest(decodeResult: success, version: HTTP/1.1, content: EmptyByteBufBE)
GET /session/9804e146b4de37d52bf29e32b62cccaa/element/c317fa03-987a-40cb-b728-e69aa9ca1bc9/name HTTP/1.1
User-Agent: selenium/4.1.4 (java windows)
Cache-Control: no-cache
Content-Type: application/json; charset=utf-8
host: localhost:53890
accept: */*

Response DefaultHttpResponse(decodeResult: success, version: HTTP/1.1)
HTTP/1.1 200 OK
Content-Type: application/json; charset=utf-8
cache-control: no-cache
content-length: 15

20:01:31.560 [AsyncHttpClient-1-4] DEBUG org.asynchttpclient.netty.channel.ChannelManager - Adding key: http://localhost:53890 for channel [id: 0x4622e948, L:/127.0.0.1:51213 - R:localhost/127.0.0.1:53890]
20:01:31.564 [Forwarding findElement on session 9804e146b4de37d52bf29e32b62cccaa to remote] DEBUG org.asynchttpclient.netty.request.NettyRequestSender - Using pooled Channel '[id: 0x4622e948, L:/127.0.0.1:51213 - R:localhost/127.0.0.1:53890]' for 'POST' to 'http://localhost:53890/session/9804e146b4de37d52bf29e32b62cccaa/element'
20:01:31.564 [Forwarding findElement on session 9804e146b4de37d52bf29e32b62cccaa to remote] DEBUG org.asynchttpclient.netty.request.NettyRequestSender - Using open Channel [id: 0x4622e948, L:/127.0.0.1:51213 - R:localhost/127.0.0.1:53890] for POST '/session/9804e146b4de37d52bf29e32b62cccaa/element'
20:01:31.588 [AsyncHttpClient-1-4] DEBUG org.asynchttpclient.netty.handler.HttpHandler - 

Request DefaultHttpRequest(decodeResult: success, version: HTTP/1.1)
POST /session/9804e146b4de37d52bf29e32b62cccaa/element HTTP/1.1
User-Agent: selenium/4.1.4 (java windows)
Content-Length: 147
Content-Type: application/json; charset=utf-8
host: localhost:53890
accept: */*

Response DefaultHttpResponse(decodeResult: success, version: HTTP/1.1)
HTTP/1.1 200 OK
Content-Type: application/json; charset=utf-8
cache-control: no-cache
content-length: 88

20:01:31.588 [AsyncHttpClient-1-4] DEBUG org.asynchttpclient.netty.channel.ChannelManager - Adding key: http://localhost:53890 for channel [id: 0x4622e948, L:/127.0.0.1:51213 - R:localhost/127.0.0.1:53890]
20:01:31.589 [Forwarding clickElement on session 9804e146b4de37d52bf29e32b62cccaa to remote] DEBUG org.asynchttpclient.netty.request.NettyRequestSender - Using pooled Channel '[id: 0x4622e948, L:/127.0.0.1:51213 - R:localhost/127.0.0.1:53890]' for 'POST' to 'http://localhost:53890/session/9804e146b4de37d52bf29e32b62cccaa/element/c317fa03-987a-40cb-b728-e69aa9ca1bc9/click'
20:01:31.589 [Forwarding clickElement on session 9804e146b4de37d52bf29e32b62cccaa to remote] DEBUG org.asynchttpclient.netty.request.NettyRequestSender - Using open Channel [id: 0x4622e948, L:/127.0.0.1:51213 - R:localhost/127.0.0.1:53890] for POST '/session/9804e146b4de37d52bf29e32b62cccaa/element/c317fa03-987a-40cb-b728-e69aa9ca1bc9/click'
20:01:31.689 [AsyncHttpClient-1-4] DEBUG org.asynchttpclient.netty.handler.HttpHandler - 

Request DefaultHttpRequest(decodeResult: success, version: HTTP/1.1)
POST /session/9804e146b4de37d52bf29e32b62cccaa/element/c317fa03-987a-40cb-b728-e69aa9ca1bc9/click HTTP/1.1
User-Agent: selenium/4.1.4 (java windows)
Content-Length: 50
Content-Type: application/json; charset=utf-8
host: localhost:53890
accept: */*

Response DefaultHttpResponse(decodeResult: success, version: HTTP/1.1)
HTTP/1.1 200 OK
Content-Type: application/json; charset=utf-8
cache-control: no-cache
content-length: 14

20:01:31.690 [AsyncHttpClient-1-4] DEBUG org.asynchttpclient.netty.channel.ChannelManager - Adding key: http://localhost:53890 for channel [id: 0x4622e948, L:/127.0.0.1:51213 - R:localhost/127.0.0.1:53890]
20:01:31.702 [Forwarding screenshot on session 9804e146b4de37d52bf29e32b62cccaa to remote] DEBUG org.asynchttpclient.netty.request.NettyRequestSender - Using pooled Channel '[id: 0x4622e948, L:/127.0.0.1:51213 - R:localhost/127.0.0.1:53890]' for 'GET' to 'http://localhost:53890/session/9804e146b4de37d52bf29e32b62cccaa/screenshot'
20:01:31.702 [Forwarding screenshot on session 9804e146b4de37d52bf29e32b62cccaa to remote] DEBUG org.asynchttpclient.netty.request.NettyRequestSender - Using open Channel [id: 0x4622e948, L:/127.0.0.1:51213 - R:localhost/127.0.0.1:53890] for GET '/session/9804e146b4de37d52bf29e32b62cccaa/screenshot'
20:01:31.862 [AsyncHttpClient-1-4] DEBUG org.asynchttpclient.netty.handler.HttpHandler - 

Request DefaultFullHttpRequest(decodeResult: success, version: HTTP/1.1, content: EmptyByteBufBE)
GET /session/9804e146b4de37d52bf29e32b62cccaa/screenshot HTTP/1.1
User-Agent: selenium/4.1.4 (java windows)
Cache-Control: no-cache
Content-Type: application/json; charset=utf-8
host: localhost:53890
accept: */*

Response DefaultHttpResponse(decodeResult: success, version: HTTP/1.1)
HTTP/1.1 200 OK
Content-Type: application/json; charset=utf-8
cache-control: no-cache
content-length: 52988

20:01:31.862 [AsyncHttpClient-1-4] DEBUG org.asynchttpclient.netty.channel.ChannelManager - Adding key: http://localhost:53890 for channel [id: 0x4622e948, L:/127.0.0.1:51213 - R:localhost/127.0.0.1:53890]
20:01:31.862 [main] DEBUG net.serenitybdd.core.photography.Darkroom - Send negative for processing for target\site\serenity\088f27582b4ff8e7c195958e915607294341c6ba7afda3073b05aac4ec8efdbb.png
20:01:31.862 [main] DEBUG net.thucydides.core.steps.StepInterceptor - STEP DONE: buttonPilihPasien
  &amp#27;[32mAnd &amp#27;[0m&amp#27;[32mClick on the select patient action to select a patient&amp#27;[0m                               &amp#27;[90m# starter.stepdefinitios.KelolaJadwalSteps.clickOnTheSelectPatientActionToSelectAPatient()&amp#27;[0m
20:01:32.408 [AsyncHttpClient-1-1] DEBUG org.asynchttpclient.netty.channel.DefaultChannelPool - Entry count for : http://localhost:53890 : 1
20:01:32.408 [AsyncHttpClient-1-1] DEBUG org.asynchttpclient.netty.channel.DefaultChannelPool - Entry count for : http://localhost:51214 : 1
20:01:33.510 [AsyncHttpClient-1-1] DEBUG org.asynchttpclient.netty.channel.DefaultChannelPool - Entry count for : http://localhost:53890 : 1
20:01:33.510 [AsyncHttpClient-1-1] DEBUG org.asynchttpclient.netty.channel.DefaultChannelPool - Entry count for : http://localhost:51214 : 1
20:01:34.614 [AsyncHttpClient-1-1] DEBUG org.asynchttpclient.netty.channel.DefaultChannelPool - Entry count for : http://localhost:53890 : 1
20:01:34.614 [AsyncHttpClient-1-1] DEBUG org.asynchttpclient.netty.channel.DefaultChannelPool - Entry count for : http://localhost:51214 : 1
20:01:35.709 [AsyncHttpClient-1-1] DEBUG org.asynchttpclient.netty.channel.DefaultChannelPool - Entry count for : http://localhost:53890 : 1
20:01:35.709 [AsyncHttpClient-1-1] DEBUG org.asynchttpclient.netty.channel.DefaultChannelPool - Entry count for : http://localhost:51214 : 1
20:01:36.815 [AsyncHttpClient-1-1] DEBUG org.asynchttpclient.netty.channel.DefaultChannelPool - Entry count for : http://localhost:53890 : 1
20:01:36.815 [AsyncHttpClient-1-1] DEBUG org.asynchttpclient.netty.channel.DefaultChannelPool - Entry count for : http://localhost:51214 : 1
20:01:36.899 [Forwarding screenshot on session 9804e146b4de37d52bf29e32b62cccaa to remote] DEBUG org.asynchttpclient.netty.request.NettyRequestSender - Using pooled Channel '[id: 0x4622e948, L:/127.0.0.1:51213 - R:localhost/127.0.0.1:53890]' for 'GET' to 'http://localhost:53890/session/9804e146b4de37d52bf29e32b62cccaa/screenshot'
20:01:36.899 [Forwarding screenshot on session 9804e146b4de37d52bf29e32b62cccaa to remote] DEBUG org.asynchttpclient.netty.request.NettyRequestSender - Using open Channel [id: 0x4622e948, L:/127.0.0.1:51213 - R:localhost/127.0.0.1:53890] for GET '/session/9804e146b4de37d52bf29e32b62cccaa/screenshot'
20:01:37.079 [AsyncHttpClient-1-4] DEBUG org.asynchttpclient.netty.handler.HttpHandler - 

Request DefaultFullHttpRequest(decodeResult: success, version: HTTP/1.1, content: EmptyByteBufBE)
GET /session/9804e146b4de37d52bf29e32b62cccaa/screenshot HTTP/1.1
User-Agent: selenium/4.1.4 (java windows)
Cache-Control: no-cache
Content-Type: application/json; charset=utf-8
host: localhost:53890
accept: */*

Response DefaultHttpResponse(decodeResult: success, version: HTTP/1.1)
HTTP/1.1 200 OK
Content-Type: application/json; charset=utf-8
cache-control: no-cache
content-length: 52960

20:01:37.079 [AsyncHttpClient-1-4] DEBUG org.asynchttpclient.netty.channel.ChannelManager - Adding key: http://localhost:53890 for channel [id: 0x4622e948, L:/127.0.0.1:51213 - R:localhost/127.0.0.1:53890]
20:01:37.079 [main] DEBUG net.serenitybdd.core.photography.Darkroom - Send negative for processing for target\site\serenity\c98a697cb362c1e45d8476a44ab6e7293338b689a16d886c83d00e534ea9deb1.png
20:01:37.079 [main] DEBUG net.thucydides.core.steps.StepInterceptor - STARTING STEP: KelolaJadwalSteps.clickOnTheActionChooseADoctorToChooseADoctor - buttonPilihDokter
20:01:37.086 [Forwarding findElement on session 9804e146b4de37d52bf29e32b62cccaa to remote] DEBUG org.asynchttpclient.netty.request.NettyRequestSender - Using pooled Channel '[id: 0x4622e948, L:/127.0.0.1:51213 - R:localhost/127.0.0.1:53890]' for 'POST' to 'http://localhost:53890/session/9804e146b4de37d52bf29e32b62cccaa/element'
20:01:37.086 [Forwarding findElement on session 9804e146b4de37d52bf29e32b62cccaa to remote] DEBUG org.asynchttpclient.netty.request.NettyRequestSender - Using open Channel [id: 0x4622e948, L:/127.0.0.1:51213 - R:localhost/127.0.0.1:53890] for POST '/session/9804e146b4de37d52bf29e32b62cccaa/element'
20:01:37.097 [AsyncHttpClient-1-4] DEBUG org.asynchttpclient.netty.handler.HttpHandler - 

Request DefaultHttpRequest(decodeResult: success, version: HTTP/1.1)
POST /session/9804e146b4de37d52bf29e32b62cccaa/element HTTP/1.1
User-Agent: selenium/4.1.4 (java windows)
Content-Length: 147
Content-Type: application/json; charset=utf-8
host: localhost:53890
accept: */*

Response DefaultHttpResponse(decodeResult: success, version: HTTP/1.1)
HTTP/1.1 200 OK
Content-Type: application/json; charset=utf-8
cache-control: no-cache
content-length: 88

20:01:37.097 [AsyncHttpClient-1-4] DEBUG org.asynchttpclient.netty.channel.ChannelManager - Adding key: http://localhost:53890 for channel [id: 0x4622e948, L:/127.0.0.1:51213 - R:localhost/127.0.0.1:53890]
20:01:37.097 [Forwarding getElementTagName on session 9804e146b4de37d52bf29e32b62cccaa to remote] DEBUG org.asynchttpclient.netty.request.NettyRequestSender - Using pooled Channel '[id: 0x4622e948, L:/127.0.0.1:51213 - R:localhost/127.0.0.1:53890]' for 'GET' to 'http://localhost:53890/session/9804e146b4de37d52bf29e32b62cccaa/element/f9376d60-1ed1-469b-bc4a-19965860f536/name'
20:01:37.097 [Forwarding getElementTagName on session 9804e146b4de37d52bf29e32b62cccaa to remote] DEBUG org.asynchttpclient.netty.request.NettyRequestSender - Using open Channel [id: 0x4622e948, L:/127.0.0.1:51213 - R:localhost/127.0.0.1:53890] for GET '/session/9804e146b4de37d52bf29e32b62cccaa/element/f9376d60-1ed1-469b-bc4a-19965860f536/name'
20:01:37.105 [AsyncHttpClient-1-4] DEBUG org.asynchttpclient.netty.handler.HttpHandler - 

Request DefaultFullHttpRequest(decodeResult: success, version: HTTP/1.1, content: EmptyByteBufBE)
GET /session/9804e146b4de37d52bf29e32b62cccaa/element/f9376d60-1ed1-469b-bc4a-19965860f536/name HTTP/1.1
User-Agent: selenium/4.1.4 (java windows)
Cache-Control: no-cache
Content-Type: application/json; charset=utf-8
host: localhost:53890
accept: */*

Response DefaultHttpResponse(decodeResult: success, version: HTTP/1.1)
HTTP/1.1 200 OK
Content-Type: application/json; charset=utf-8
cache-control: no-cache
content-length: 15

20:01:37.105 [AsyncHttpClient-1-4] DEBUG org.asynchttpclient.netty.channel.ChannelManager - Adding key: http://localhost:53890 for channel [id: 0x4622e948, L:/127.0.0.1:51213 - R:localhost/127.0.0.1:53890]
20:01:37.107 [Forwarding getElementTagName on session 9804e146b4de37d52bf29e32b62cccaa to remote] DEBUG org.asynchttpclient.netty.request.NettyRequestSender - Using pooled Channel '[id: 0x4622e948, L:/127.0.0.1:51213 - R:localhost/127.0.0.1:53890]' for 'GET' to 'http://localhost:53890/session/9804e146b4de37d52bf29e32b62cccaa/element/f9376d60-1ed1-469b-bc4a-19965860f536/name'
20:01:37.107 [Forwarding getElementTagName on session 9804e146b4de37d52bf29e32b62cccaa to remote] DEBUG org.asynchttpclient.netty.request.NettyRequestSender - Using open Channel [id: 0x4622e948, L:/127.0.0.1:51213 - R:localhost/127.0.0.1:53890] for GET '/session/9804e146b4de37d52bf29e32b62cccaa/element/f9376d60-1ed1-469b-bc4a-19965860f536/name'
20:01:37.113 [AsyncHttpClient-1-4] DEBUG org.asynchttpclient.netty.handler.HttpHandler - 

Request DefaultFullHttpRequest(decodeResult: success, version: HTTP/1.1, content: EmptyByteBufBE)
GET /session/9804e146b4de37d52bf29e32b62cccaa/element/f9376d60-1ed1-469b-bc4a-19965860f536/name HTTP/1.1
User-Agent: selenium/4.1.4 (java windows)
Cache-Control: no-cache
Content-Type: application/json; charset=utf-8
host: localhost:53890
accept: */*

Response DefaultHttpResponse(decodeResult: success, version: HTTP/1.1)
HTTP/1.1 200 OK
Content-Type: application/json; charset=utf-8
cache-control: no-cache
content-length: 15

20:01:37.113 [AsyncHttpClient-1-4] DEBUG org.asynchttpclient.netty.channel.ChannelManager - Adding key: http://localhost:53890 for channel [id: 0x4622e948, L:/127.0.0.1:51213 - R:localhost/127.0.0.1:53890]
20:01:37.115 [Forwarding findElement on session 9804e146b4de37d52bf29e32b62cccaa to remote] DEBUG org.asynchttpclient.netty.request.NettyRequestSender - Using pooled Channel '[id: 0x4622e948, L:/127.0.0.1:51213 - R:localhost/127.0.0.1:53890]' for 'POST' to 'http://localhost:53890/session/9804e146b4de37d52bf29e32b62cccaa/element'
20:01:37.115 [Forwarding findElement on session 9804e146b4de37d52bf29e32b62cccaa to remote] DEBUG org.asynchttpclient.netty.request.NettyRequestSender - Using open Channel [id: 0x4622e948, L:/127.0.0.1:51213 - R:localhost/127.0.0.1:53890] for POST '/session/9804e146b4de37d52bf29e32b62cccaa/element'
20:01:37.125 [AsyncHttpClient-1-4] DEBUG org.asynchttpclient.netty.handler.HttpHandler - 

Request DefaultHttpRequest(decodeResult: success, version: HTTP/1.1)
POST /session/9804e146b4de37d52bf29e32b62cccaa/element HTTP/1.1
User-Agent: selenium/4.1.4 (java windows)
Content-Length: 147
Content-Type: application/json; charset=utf-8
host: localhost:53890
accept: */*

Response DefaultHttpResponse(decodeResult: success, version: HTTP/1.1)
HTTP/1.1 200 OK
Content-Type: application/json; charset=utf-8
cache-control: no-cache
content-length: 88

20:01:37.125 [AsyncHttpClient-1-4] DEBUG org.asynchttpclient.netty.channel.ChannelManager - Adding key: http://localhost:53890 for channel [id: 0x4622e948, L:/127.0.0.1:51213 - R:localhost/127.0.0.1:53890]
20:01:37.126 [Forwarding clickElement on session 9804e146b4de37d52bf29e32b62cccaa to remote] DEBUG org.asynchttpclient.netty.request.NettyRequestSender - Using pooled Channel '[id: 0x4622e948, L:/127.0.0.1:51213 - R:localhost/127.0.0.1:53890]' for 'POST' to 'http://localhost:53890/session/9804e146b4de37d52bf29e32b62cccaa/element/f9376d60-1ed1-469b-bc4a-19965860f536/click'
20:01:37.126 [Forwarding clickElement on session 9804e146b4de37d52bf29e32b62cccaa to remote] DEBUG org.asynchttpclient.netty.request.NettyRequestSender - Using open Channel [id: 0x4622e948, L:/127.0.0.1:51213 - R:localhost/127.0.0.1:53890] for POST '/session/9804e146b4de37d52bf29e32b62cccaa/element/f9376d60-1ed1-469b-bc4a-19965860f536/click'
20:01:37.233 [AsyncHttpClient-1-4] DEBUG org.asynchttpclient.netty.handler.HttpHandler - 

Request DefaultHttpRequest(decodeResult: success, version: HTTP/1.1)
POST /session/9804e146b4de37d52bf29e32b62cccaa/element/f9376d60-1ed1-469b-bc4a-19965860f536/click HTTP/1.1
User-Agent: selenium/4.1.4 (java windows)
Content-Length: 50
Content-Type: application/json; charset=utf-8
host: localhost:53890
accept: */*

Response DefaultHttpResponse(decodeResult: success, version: HTTP/1.1)
HTTP/1.1 200 OK
Content-Type: application/json; charset=utf-8
cache-control: no-cache
content-length: 14

20:01:37.233 [AsyncHttpClient-1-4] DEBUG org.asynchttpclient.netty.channel.ChannelManager - Adding key: http://localhost:53890 for channel [id: 0x4622e948, L:/127.0.0.1:51213 - R:localhost/127.0.0.1:53890]
20:01:37.245 [Forwarding screenshot on session 9804e146b4de37d52bf29e32b62cccaa to remote] DEBUG org.asynchttpclient.netty.request.NettyRequestSender - Using pooled Channel '[id: 0x4622e948, L:/127.0.0.1:51213 - R:localhost/127.0.0.1:53890]' for 'GET' to 'http://localhost:53890/session/9804e146b4de37d52bf29e32b62cccaa/screenshot'
20:01:37.245 [Forwarding screenshot on session 9804e146b4de37d52bf29e32b62cccaa to remote] DEBUG org.asynchttpclient.netty.request.NettyRequestSender - Using open Channel [id: 0x4622e948, L:/127.0.0.1:51213 - R:localhost/127.0.0.1:53890] for GET '/session/9804e146b4de37d52bf29e32b62cccaa/screenshot'
20:01:37.403 [AsyncHttpClient-1-4] DEBUG org.asynchttpclient.netty.handler.HttpHandler - 

Request DefaultFullHttpRequest(decodeResult: success, version: HTTP/1.1, content: EmptyByteBufBE)
GET /session/9804e146b4de37d52bf29e32b62cccaa/screenshot HTTP/1.1
User-Agent: selenium/4.1.4 (java windows)
Cache-Control: no-cache
Content-Type: application/json; charset=utf-8
host: localhost:53890
accept: */*

Response DefaultHttpResponse(decodeResult: success, version: HTTP/1.1)
HTTP/1.1 200 OK
Content-Type: application/json; charset=utf-8
cache-control: no-cache
content-length: 47072

20:01:37.403 [AsyncHttpClient-1-4] DEBUG org.asynchttpclient.netty.channel.ChannelManager - Adding key: http://localhost:53890 for channel [id: 0x4622e948, L:/127.0.0.1:51213 - R:localhost/127.0.0.1:53890]
20:01:37.403 [main] DEBUG net.serenitybdd.core.photography.Darkroom - Send negative for processing for target\site\serenity\c37250a4f24f32673233fc190ea876bb67aa3b7954f93c19e98a2f22de1a37c6.png
20:01:37.403 [main] DEBUG net.thucydides.core.steps.StepInterceptor - STEP DONE: buttonPilihDokter
  &amp#27;[32mAnd &amp#27;[0m&amp#27;[32mClick on the action choose a doctor to choose a doctor&amp#27;[0m                               &amp#27;[90m# starter.stepdefinitios.KelolaJadwalSteps.clickOnTheActionChooseADoctorToChooseADoctor()&amp#27;[0m
20:01:37.920 [AsyncHttpClient-1-1] DEBUG org.asynchttpclient.netty.channel.DefaultChannelPool - Entry count for : http://localhost:53890 : 1
20:01:37.920 [AsyncHttpClient-1-1] DEBUG org.asynchttpclient.netty.channel.DefaultChannelPool - Entry count for : http://localhost:51214 : 1
20:01:37.925 [Forwarding screenshot on session 9804e146b4de37d52bf29e32b62cccaa to remote] DEBUG org.asynchttpclient.netty.request.NettyRequestSender - Using pooled Channel '[id: 0x4622e948, L:/127.0.0.1:51213 - R:localhost/127.0.0.1:53890]' for 'GET' to 'http://localhost:53890/session/9804e146b4de37d52bf29e32b62cccaa/screenshot'
20:01:37.925 [Forwarding screenshot on session 9804e146b4de37d52bf29e32b62cccaa to remote] DEBUG org.asynchttpclient.netty.request.NettyRequestSender - Using open Channel [id: 0x4622e948, L:/127.0.0.1:51213 - R:localhost/127.0.0.1:53890] for GET '/session/9804e146b4de37d52bf29e32b62cccaa/screenshot'
20:01:38.027 [AsyncHttpClient-1-4] DEBUG org.asynchttpclient.netty.handler.HttpHandler - 

Request DefaultFullHttpRequest(decodeResult: success, version: HTTP/1.1, content: EmptyByteBufBE)
GET /session/9804e146b4de37d52bf29e32b62cccaa/screenshot HTTP/1.1
User-Agent: selenium/4.1.4 (java windows)
Cache-Control: no-cache
Content-Type: application/json; charset=utf-8
host: localhost:53890
accept: */*

Response DefaultHttpResponse(decodeResult: success, version: HTTP/1.1)
HTTP/1.1 200 OK
Content-Type: application/json; charset=utf-8
cache-control: no-cache
content-length: 47072

20:01:38.027 [AsyncHttpClient-1-4] DEBUG org.asynchttpclient.netty.channel.ChannelManager - Adding key: http://localhost:53890 for channel [id: 0x4622e948, L:/127.0.0.1:51213 - R:localhost/127.0.0.1:53890]
20:01:38.027 [main] DEBUG net.serenitybdd.core.photography.Darkroom - Send negative for processing for target\site\serenity\c37250a4f24f32673233fc190ea876bb67aa3b7954f93c19e98a2f22de1a37c6.png
20:01:38.027 [main] DEBUG net.thucydides.core.steps.StepInterceptor - STARTING STEP: KelolaJadwalSteps.chooseADate - inputTanggal
20:01:38.031 [Forwarding findElement on session 9804e146b4de37d52bf29e32b62cccaa to remote] DEBUG org.asynchttpclient.netty.request.NettyRequestSender - Using pooled Channel '[id: 0x4622e948, L:/127.0.0.1:51213 - R:localhost/127.0.0.1:53890]' for 'POST' to 'http://localhost:53890/session/9804e146b4de37d52bf29e32b62cccaa/element'
20:01:38.031 [Forwarding findElement on session 9804e146b4de37d52bf29e32b62cccaa to remote] DEBUG org.asynchttpclient.netty.request.NettyRequestSender - Using open Channel [id: 0x4622e948, L:/127.0.0.1:51213 - R:localhost/127.0.0.1:53890] for POST '/session/9804e146b4de37d52bf29e32b62cccaa/element'
20:01:38.045 [AsyncHttpClient-1-4] DEBUG org.asynchttpclient.netty.handler.HttpHandler - 

Request DefaultHttpRequest(decodeResult: success, version: HTTP/1.1)
POST /session/9804e146b4de37d52bf29e32b62cccaa/element HTTP/1.1
User-Agent: selenium/4.1.4 (java windows)
Content-Length: 66
Content-Type: application/json; charset=utf-8
host: localhost:53890
accept: */*

Response DefaultHttpResponse(decodeResult: success, version: HTTP/1.1)
HTTP/1.1 200 OK
Content-Type: application/json; charset=utf-8
cache-control: no-cache
content-length: 88

20:01:38.045 [AsyncHttpClient-1-4] DEBUG org.asynchttpclient.netty.channel.ChannelManager - Adding key: http://localhost:53890 for channel [id: 0x4622e948, L:/127.0.0.1:51213 - R:localhost/127.0.0.1:53890]
20:01:38.046 [Forwarding sendKeysToElement on session 9804e146b4de37d52bf29e32b62cccaa to remote] DEBUG org.asynchttpclient.netty.request.NettyRequestSender - Using pooled Channel '[id: 0x4622e948, L:/127.0.0.1:51213 - R:localhost/127.0.0.1:53890]' for 'POST' to 'http://localhost:53890/session/9804e146b4de37d52bf29e32b62cccaa/element/a5b28505-3184-40dc-996a-5a9db926b26e/value'
20:01:38.046 [Forwarding sendKeysToElement on session 9804e146b4de37d52bf29e32b62cccaa to remote] DEBUG org.asynchttpclient.netty.request.NettyRequestSender - Using open Channel [id: 0x4622e948, L:/127.0.0.1:51213 - R:localhost/127.0.0.1:53890] for POST '/session/9804e146b4de37d52bf29e32b62cccaa/element/a5b28505-3184-40dc-996a-5a9db926b26e/value'
20:01:38.113 [AsyncHttpClient-1-4] DEBUG org.asynchttpclient.netty.handler.HttpHandler - 

Request DefaultHttpRequest(decodeResult: success, version: HTTP/1.1)
POST /session/9804e146b4de37d52bf29e32b62cccaa/element/a5b28505-3184-40dc-996a-5a9db926b26e/value HTTP/1.1
User-Agent: selenium/4.1.4 (java windows)
Content-Length: 161
Content-Type: application/json; charset=utf-8
host: localhost:53890
accept: */*

Response DefaultHttpResponse(decodeResult: success, version: HTTP/1.1)
HTTP/1.1 200 OK
Content-Type: application/json; charset=utf-8
cache-control: no-cache
content-length: 14

20:01:38.113 [AsyncHttpClient-1-4] DEBUG org.asynchttpclient.netty.channel.ChannelManager - Adding key: http://localhost:53890 for channel [id: 0x4622e948, L:/127.0.0.1:51213 - R:localhost/127.0.0.1:53890]
20:01:38.115 [Forwarding screenshot on session 9804e146b4de37d52bf29e32b62cccaa to remote] DEBUG org.asynchttpclient.netty.request.NettyRequestSender - Using pooled Channel '[id: 0x4622e948, L:/127.0.0.1:51213 - R:localhost/127.0.0.1:53890]' for 'GET' to 'http://localhost:53890/session/9804e146b4de37d52bf29e32b62cccaa/screenshot'
20:01:38.115 [Forwarding screenshot on session 9804e146b4de37d52bf29e32b62cccaa to remote] DEBUG org.asynchttpclient.netty.request.NettyRequestSender - Using open Channel [id: 0x4622e948, L:/127.0.0.1:51213 - R:localhost/127.0.0.1:53890] for GET '/session/9804e146b4de37d52bf29e32b62cccaa/screenshot'
20:01:38.205 [AsyncHttpClient-1-4] DEBUG org.asynchttpclient.netty.handler.HttpHandler - 

Request DefaultFullHttpRequest(decodeResult: success, version: HTTP/1.1, content: EmptyByteBufBE)
GET /session/9804e146b4de37d52bf29e32b62cccaa/screenshot HTTP/1.1
User-Agent: selenium/4.1.4 (java windows)
Cache-Control: no-cache
Content-Type: application/json; charset=utf-8
host: localhost:53890
accept: */*

Response DefaultHttpResponse(decodeResult: success, version: HTTP/1.1)
HTTP/1.1 200 OK
Content-Type: application/json; charset=utf-8
cache-control: no-cache
content-length: 45456

20:01:38.205 [AsyncHttpClient-1-4] DEBUG org.asynchttpclient.netty.channel.ChannelManager - Adding key: http://localhost:53890 for channel [id: 0x4622e948, L:/127.0.0.1:51213 - R:localhost/127.0.0.1:53890]
20:01:38.207 [main] DEBUG net.serenitybdd.core.photography.Darkroom - Send negative for processing for target\site\serenity\a46f047d01792aca80f9434862c685d766729f5ed3070e703e43b6d845fdc7ed.png
20:01:38.207 [main] DEBUG net.thucydides.core.steps.StepInterceptor - STEP DONE: inputTanggal
  &amp#27;[32mThen &amp#27;[0m&amp#27;[32mChoose a date &amp#27;[0m&amp#27;[32m&amp#27;[1m"13112022"&amp#27;[0m                                                            &amp#27;[90m# starter.stepdefinitios.KelolaJadwalSteps.chooseADate(java.lang.String)&amp#27;[0m
20:01:38.730 [Forwarding screenshot on session 9804e146b4de37d52bf29e32b62cccaa to remote] DEBUG org.asynchttpclient.netty.request.NettyRequestSender - Using pooled Channel '[id: 0x4622e948, L:/127.0.0.1:51213 - R:localhost/127.0.0.1:53890]' for 'GET' to 'http://localhost:53890/session/9804e146b4de37d52bf29e32b62cccaa/screenshot'
20:01:38.730 [Forwarding screenshot on session 9804e146b4de37d52bf29e32b62cccaa to remote] DEBUG org.asynchttpclient.netty.request.NettyRequestSender - Using open Channel [id: 0x4622e948, L:/127.0.0.1:51213 - R:localhost/127.0.0.1:53890] for GET '/session/9804e146b4de37d52bf29e32b62cccaa/screenshot'
20:01:38.883 [AsyncHttpClient-1-4] DEBUG org.asynchttpclient.netty.handler.HttpHandler - 

Request DefaultFullHttpRequest(decodeResult: success, version: HTTP/1.1, content: EmptyByteBufBE)
GET /session/9804e146b4de37d52bf29e32b62cccaa/screenshot HTTP/1.1
User-Agent: selenium/4.1.4 (java windows)
Cache-Control: no-cache
Content-Type: application/json; charset=utf-8
host: localhost:53890
accept: */*

Response DefaultHttpResponse(decodeResult: success, version: HTTP/1.1)
HTTP/1.1 200 OK
Content-Type: application/json; charset=utf-8
cache-control: no-cache
content-length: 45456

20:01:38.883 [AsyncHttpClient-1-4] DEBUG org.asynchttpclient.netty.channel.ChannelManager - Adding key: http://localhost:53890 for channel [id: 0x4622e948, L:/127.0.0.1:51213 - R:localhost/127.0.0.1:53890]
20:01:38.883 [main] DEBUG net.serenitybdd.core.photography.Darkroom - Send negative for processing for target\site\serenity\a46f047d01792aca80f9434862c685d766729f5ed3070e703e43b6d845fdc7ed.png
20:01:38.883 [main] DEBUG net.thucydides.core.steps.StepInterceptor - STARTING STEP: KelolaJadwalSteps.chooseTheTypeOfTreatment - buttonJenisPerawatan
20:01:38.889 [Forwarding findElement on session 9804e146b4de37d52bf29e32b62cccaa to remote] DEBUG org.asynchttpclient.netty.request.NettyRequestSender - Using pooled Channel '[id: 0x4622e948, L:/127.0.0.1:51213 - R:localhost/127.0.0.1:53890]' for 'POST' to 'http://localhost:53890/session/9804e146b4de37d52bf29e32b62cccaa/element'
20:01:38.889 [Forwarding findElement on session 9804e146b4de37d52bf29e32b62cccaa to remote] DEBUG org.asynchttpclient.netty.request.NettyRequestSender - Using open Channel [id: 0x4622e948, L:/127.0.0.1:51213 - R:localhost/127.0.0.1:53890] for POST '/session/9804e146b4de37d52bf29e32b62cccaa/element'
20:01:38.906 [AsyncHttpClient-1-4] DEBUG org.asynchttpclient.netty.handler.HttpHandler - 

Request DefaultHttpRequest(decodeResult: success, version: HTTP/1.1)
POST /session/9804e146b4de37d52bf29e32b62cccaa/element HTTP/1.1
User-Agent: selenium/4.1.4 (java windows)
Content-Length: 103
Content-Type: application/json; charset=utf-8
host: localhost:53890
accept: */*

Response DefaultHttpResponse(decodeResult: success, version: HTTP/1.1)
HTTP/1.1 200 OK
Content-Type: application/json; charset=utf-8
cache-control: no-cache
content-length: 88

20:01:38.906 [AsyncHttpClient-1-4] DEBUG org.asynchttpclient.netty.channel.ChannelManager - Adding key: http://localhost:53890 for channel [id: 0x4622e948, L:/127.0.0.1:51213 - R:localhost/127.0.0.1:53890]
20:01:38.907 [Forwarding getElementTagName on session 9804e146b4de37d52bf29e32b62cccaa to remote] DEBUG org.asynchttpclient.netty.request.NettyRequestSender - Using pooled Channel '[id: 0x4622e948, L:/127.0.0.1:51213 - R:localhost/127.0.0.1:53890]' for 'GET' to 'http://localhost:53890/session/9804e146b4de37d52bf29e32b62cccaa/element/1a1a70b3-12af-4728-8c9d-99bfc36a9bc8/name'
20:01:38.907 [Forwarding getElementTagName on session 9804e146b4de37d52bf29e32b62cccaa to remote] DEBUG org.asynchttpclient.netty.request.NettyRequestSender - Using open Channel [id: 0x4622e948, L:/127.0.0.1:51213 - R:localhost/127.0.0.1:53890] for GET '/session/9804e146b4de37d52bf29e32b62cccaa/element/1a1a70b3-12af-4728-8c9d-99bfc36a9bc8/name'
20:01:38.913 [AsyncHttpClient-1-4] DEBUG org.asynchttpclient.netty.handler.HttpHandler - 

Request DefaultFullHttpRequest(decodeResult: success, version: HTTP/1.1, content: EmptyByteBufBE)
GET /session/9804e146b4de37d52bf29e32b62cccaa/element/1a1a70b3-12af-4728-8c9d-99bfc36a9bc8/name HTTP/1.1
User-Agent: selenium/4.1.4 (java windows)
Cache-Control: no-cache
Content-Type: application/json; charset=utf-8
host: localhost:53890
accept: */*

Response DefaultHttpResponse(decodeResult: success, version: HTTP/1.1)
HTTP/1.1 200 OK
Content-Type: application/json; charset=utf-8
cache-control: no-cache
content-length: 18

20:01:38.913 [AsyncHttpClient-1-4] DEBUG org.asynchttpclient.netty.channel.ChannelManager - Adding key: http://localhost:53890 for channel [id: 0x4622e948, L:/127.0.0.1:51213 - R:localhost/127.0.0.1:53890]
20:01:38.913 [Forwarding getElementTagName on session 9804e146b4de37d52bf29e32b62cccaa to remote] DEBUG org.asynchttpclient.netty.request.NettyRequestSender - Using pooled Channel '[id: 0x4622e948, L:/127.0.0.1:51213 - R:localhost/127.0.0.1:53890]' for 'GET' to 'http://localhost:53890/session/9804e146b4de37d52bf29e32b62cccaa/element/1a1a70b3-12af-4728-8c9d-99bfc36a9bc8/name'
20:01:38.913 [Forwarding getElementTagName on session 9804e146b4de37d52bf29e32b62cccaa to remote] DEBUG org.asynchttpclient.netty.request.NettyRequestSender - Using open Channel [id: 0x4622e948, L:/127.0.0.1:51213 - R:localhost/127.0.0.1:53890] for GET '/session/9804e146b4de37d52bf29e32b62cccaa/element/1a1a70b3-12af-4728-8c9d-99bfc36a9bc8/name'
20:01:38.919 [AsyncHttpClient-1-4] DEBUG org.asynchttpclient.netty.handler.HttpHandler - 

Request DefaultFullHttpRequest(decodeResult: success, version: HTTP/1.1, content: EmptyByteBufBE)
GET /session/9804e146b4de37d52bf29e32b62cccaa/element/1a1a70b3-12af-4728-8c9d-99bfc36a9bc8/name HTTP/1.1
User-Agent: selenium/4.1.4 (java windows)
Cache-Control: no-cache
Content-Type: application/json; charset=utf-8
host: localhost:53890
accept: */*

Response DefaultHttpResponse(decodeResult: success, version: HTTP/1.1)
HTTP/1.1 200 OK
Content-Type: application/json; charset=utf-8
cache-control: no-cache
content-length: 18

20:01:38.919 [AsyncHttpClient-1-4] DEBUG org.asynchttpclient.netty.channel.ChannelManager - Adding key: http://localhost:53890 for channel [id: 0x4622e948, L:/127.0.0.1:51213 - R:localhost/127.0.0.1:53890]
20:01:38.921 [Forwarding isElementEnabled on session 9804e146b4de37d52bf29e32b62cccaa to remote] DEBUG org.asynchttpclient.netty.request.NettyRequestSender - Using pooled Channel '[id: 0x4622e948, L:/127.0.0.1:51213 - R:localhost/127.0.0.1:53890]' for 'GET' to 'http://localhost:53890/session/9804e146b4de37d52bf29e32b62cccaa/element/1a1a70b3-12af-4728-8c9d-99bfc36a9bc8/enabled'
20:01:38.921 [Forwarding isElementEnabled on session 9804e146b4de37d52bf29e32b62cccaa to remote] DEBUG org.asynchttpclient.netty.request.NettyRequestSender - Using open Channel [id: 0x4622e948, L:/127.0.0.1:51213 - R:localhost/127.0.0.1:53890] for GET '/session/9804e146b4de37d52bf29e32b62cccaa/element/1a1a70b3-12af-4728-8c9d-99bfc36a9bc8/enabled'
20:01:38.931 [AsyncHttpClient-1-4] DEBUG org.asynchttpclient.netty.handler.HttpHandler - 

Request DefaultFullHttpRequest(decodeResult: success, version: HTTP/1.1, content: EmptyByteBufBE)
GET /session/9804e146b4de37d52bf29e32b62cccaa/element/1a1a70b3-12af-4728-8c9d-99bfc36a9bc8/enabled HTTP/1.1
User-Agent: selenium/4.1.4 (java windows)
Cache-Control: no-cache
Content-Type: application/json; charset=utf-8
host: localhost:53890
accept: */*

Response DefaultHttpResponse(decodeResult: success, version: HTTP/1.1)
HTTP/1.1 200 OK
Content-Type: application/json; charset=utf-8
cache-control: no-cache
content-length: 14

20:01:38.931 [AsyncHttpClient-1-4] DEBUG org.asynchttpclient.netty.channel.ChannelManager - Adding key: http://localhost:53890 for channel [id: 0x4622e948, L:/127.0.0.1:51213 - R:localhost/127.0.0.1:53890]
20:01:38.931 [Forwarding isElementEnabled on session 9804e146b4de37d52bf29e32b62cccaa to remote] DEBUG org.asynchttpclient.netty.request.NettyRequestSender - Using pooled Channel '[id: 0x4622e948, L:/127.0.0.1:51213 - R:localhost/127.0.0.1:53890]' for 'GET' to 'http://localhost:53890/session/9804e146b4de37d52bf29e32b62cccaa/element/1a1a70b3-12af-4728-8c9d-99bfc36a9bc8/enabled'
20:01:38.931 [Forwarding isElementEnabled on session 9804e146b4de37d52bf29e32b62cccaa to remote] DEBUG org.asynchttpclient.netty.request.NettyRequestSender - Using open Channel [id: 0x4622e948, L:/127.0.0.1:51213 - R:localhost/127.0.0.1:53890] for GET '/session/9804e146b4de37d52bf29e32b62cccaa/element/1a1a70b3-12af-4728-8c9d-99bfc36a9bc8/enabled'
20:01:38.938 [AsyncHttpClient-1-4] DEBUG org.asynchttpclient.netty.handler.HttpHandler - 

Request DefaultFullHttpRequest(decodeResult: success, version: HTTP/1.1, content: EmptyByteBufBE)
GET /session/9804e146b4de37d52bf29e32b62cccaa/element/1a1a70b3-12af-4728-8c9d-99bfc36a9bc8/enabled HTTP/1.1
User-Agent: selenium/4.1.4 (java windows)
Cache-Control: no-cache
Content-Type: application/json; charset=utf-8
host: localhost:53890
accept: */*

Response DefaultHttpResponse(decodeResult: success, version: HTTP/1.1)
HTTP/1.1 200 OK
Content-Type: application/json; charset=utf-8
cache-control: no-cache
content-length: 14

20:01:38.938 [AsyncHttpClient-1-4] DEBUG org.asynchttpclient.netty.channel.ChannelManager - Adding key: http://localhost:53890 for channel [id: 0x4622e948, L:/127.0.0.1:51213 - R:localhost/127.0.0.1:53890]
20:01:38.940 [Forwarding findElement on session 9804e146b4de37d52bf29e32b62cccaa to remote] DEBUG org.asynchttpclient.netty.request.NettyRequestSender - Using pooled Channel '[id: 0x4622e948, L:/127.0.0.1:51213 - R:localhost/127.0.0.1:53890]' for 'POST' to 'http://localhost:53890/session/9804e146b4de37d52bf29e32b62cccaa/element'
20:01:38.940 [Forwarding findElement on session 9804e146b4de37d52bf29e32b62cccaa to remote] DEBUG org.asynchttpclient.netty.request.NettyRequestSender - Using open Channel [id: 0x4622e948, L:/127.0.0.1:51213 - R:localhost/127.0.0.1:53890] for POST '/session/9804e146b4de37d52bf29e32b62cccaa/element'
20:01:38.950 [AsyncHttpClient-1-4] DEBUG org.asynchttpclient.netty.handler.HttpHandler - 

Request DefaultHttpRequest(decodeResult: success, version: HTTP/1.1)
POST /session/9804e146b4de37d52bf29e32b62cccaa/element HTTP/1.1
User-Agent: selenium/4.1.4 (java windows)
Content-Length: 103
Content-Type: application/json; charset=utf-8
host: localhost:53890
accept: */*

Response DefaultHttpResponse(decodeResult: success, version: HTTP/1.1)
HTTP/1.1 200 OK
Content-Type: application/json; charset=utf-8
cache-control: no-cache
content-length: 88

20:01:38.950 [AsyncHttpClient-1-4] DEBUG org.asynchttpclient.netty.channel.ChannelManager - Adding key: http://localhost:53890 for channel [id: 0x4622e948, L:/127.0.0.1:51213 - R:localhost/127.0.0.1:53890]
20:01:38.951 [Forwarding clickElement on session 9804e146b4de37d52bf29e32b62cccaa to remote] DEBUG org.asynchttpclient.netty.request.NettyRequestSender - Using pooled Channel '[id: 0x4622e948, L:/127.0.0.1:51213 - R:localhost/127.0.0.1:53890]' for 'POST' to 'http://localhost:53890/session/9804e146b4de37d52bf29e32b62cccaa/element/1a1a70b3-12af-4728-8c9d-99bfc36a9bc8/click'
20:01:38.951 [Forwarding clickElement on session 9804e146b4de37d52bf29e32b62cccaa to remote] DEBUG org.asynchttpclient.netty.request.NettyRequestSender - Using open Channel [id: 0x4622e948, L:/127.0.0.1:51213 - R:localhost/127.0.0.1:53890] for POST '/session/9804e146b4de37d52bf29e32b62cccaa/element/1a1a70b3-12af-4728-8c9d-99bfc36a9bc8/click'
20:01:38.998 [AsyncHttpClient-1-4] DEBUG org.asynchttpclient.netty.handler.HttpHandler - 

Request DefaultHttpRequest(decodeResult: success, version: HTTP/1.1)
POST /session/9804e146b4de37d52bf29e32b62cccaa/element/1a1a70b3-12af-4728-8c9d-99bfc36a9bc8/click HTTP/1.1
User-Agent: selenium/4.1.4 (java windows)
Content-Length: 50
Content-Type: application/json; charset=utf-8
host: localhost:53890
accept: */*

Response DefaultHttpResponse(decodeResult: success, version: HTTP/1.1)
HTTP/1.1 200 OK
Content-Type: application/json; charset=utf-8
cache-control: no-cache
content-length: 14

20:01:38.998 [AsyncHttpClient-1-4] DEBUG org.asynchttpclient.netty.channel.ChannelManager - Adding key: http://localhost:53890 for channel [id: 0x4622e948, L:/127.0.0.1:51213 - R:localhost/127.0.0.1:53890]
20:01:39.005 [Forwarding screenshot on session 9804e146b4de37d52bf29e32b62cccaa to remote] DEBUG org.asynchttpclient.netty.request.NettyRequestSender - Using pooled Channel '[id: 0x4622e948, L:/127.0.0.1:51213 - R:localhost/127.0.0.1:53890]' for 'GET' to 'http://localhost:53890/session/9804e146b4de37d52bf29e32b62cccaa/screenshot'
20:01:39.005 [Forwarding screenshot on session 9804e146b4de37d52bf29e32b62cccaa to remote] DEBUG org.asynchttpclient.netty.request.NettyRequestSender - Using open Channel [id: 0x4622e948, L:/127.0.0.1:51213 - R:localhost/127.0.0.1:53890] for GET '/session/9804e146b4de37d52bf29e32b62cccaa/screenshot'
20:01:39.008 [AsyncHttpClient-1-1] DEBUG org.asynchttpclient.netty.channel.DefaultChannelPool - Entry count for : http://localhost:51214 : 1
20:01:39.148 [AsyncHttpClient-1-4] DEBUG org.asynchttpclient.netty.handler.HttpHandler - 

Request DefaultFullHttpRequest(decodeResult: success, version: HTTP/1.1, content: EmptyByteBufBE)
GET /session/9804e146b4de37d52bf29e32b62cccaa/screenshot HTTP/1.1
User-Agent: selenium/4.1.4 (java windows)
Cache-Control: no-cache
Content-Type: application/json; charset=utf-8
host: localhost:53890
accept: */*

Response DefaultHttpResponse(decodeResult: success, version: HTTP/1.1)
HTTP/1.1 200 OK
Content-Type: application/json; charset=utf-8
cache-control: no-cache
content-length: 48300

20:01:39.148 [AsyncHttpClient-1-4] DEBUG org.asynchttpclient.netty.channel.ChannelManager - Adding key: http://localhost:53890 for channel [id: 0x4622e948, L:/127.0.0.1:51213 - R:localhost/127.0.0.1:53890]
20:01:39.148 [main] DEBUG net.serenitybdd.core.photography.Darkroom - Send negative for processing for target\site\serenity\0bfe7cd95b590e382764ad25b51df7c0b29807a5b90775ddf08b875ae97766e6.png
20:01:39.148 [main] DEBUG net.thucydides.core.steps.StepInterceptor - STEP DONE: buttonJenisPerawatan
  &amp#27;[32mAnd &amp#27;[0m&amp#27;[32mChoose the type of treatment&amp#27;[0m                                                         &amp#27;[90m# starter.stepdefinitios.KelolaJadwalSteps.chooseTheTypeOfTreatment()&amp#27;[0m
20:01:39.148 [Darkroom Processing Line] DEBUG net.serenitybdd.core.photography.DarkroomProcessingLine - Processing screenshot image in /var/screenshots/screenshot-10106445802868570020
20:01:39.148 [Darkroom Processing Line] DEBUG net.serenitybdd.core.photography.DarkroomProcessingLine - Saving screenshot to target\site\serenity\0bfe7cd95b590e382764ad25b51df7c0b29807a5b90775ddf08b875ae97766e6.png
20:01:39.660 [Forwarding screenshot on session 9804e146b4de37d52bf29e32b62cccaa to remote] DEBUG org.asynchttpclient.netty.request.NettyRequestSender - Using pooled Channel '[id: 0x4622e948, L:/127.0.0.1:51213 - R:localhost/127.0.0.1:53890]' for 'GET' to 'http://localhost:53890/session/9804e146b4de37d52bf29e32b62cccaa/screenshot'
20:01:39.660 [Forwarding screenshot on session 9804e146b4de37d52bf29e32b62cccaa to remote] DEBUG org.asynchttpclient.netty.request.NettyRequestSender - Using open Channel [id: 0x4622e948, L:/127.0.0.1:51213 - R:localhost/127.0.0.1:53890] for GET '/session/9804e146b4de37d52bf29e32b62cccaa/screenshot'
20:01:39.826 [AsyncHttpClient-1-4] DEBUG org.asynchttpclient.netty.handler.HttpHandler - 

Request DefaultFullHttpRequest(decodeResult: success, version: HTTP/1.1, content: EmptyByteBufBE)
GET /session/9804e146b4de37d52bf29e32b62cccaa/screenshot HTTP/1.1
User-Agent: selenium/4.1.4 (java windows)
Cache-Control: no-cache
Content-Type: application/json; charset=utf-8
host: localhost:53890
accept: */*

Response DefaultHttpResponse(decodeResult: success, version: HTTP/1.1)
HTTP/1.1 200 OK
Content-Type: application/json; charset=utf-8
cache-control: no-cache
content-length: 48300

20:01:39.826 [AsyncHttpClient-1-4] DEBUG org.asynchttpclient.netty.channel.ChannelManager - Adding key: http://localhost:53890 for channel [id: 0x4622e948, L:/127.0.0.1:51213 - R:localhost/127.0.0.1:53890]
20:01:39.826 [main] DEBUG net.serenitybdd.core.photography.Darkroom - Send negative for processing for target\site\serenity\0bfe7cd95b590e382764ad25b51df7c0b29807a5b90775ddf08b875ae97766e6.png
20:01:39.826 [main] DEBUG net.thucydides.core.steps.StepInterceptor - STARTING STEP: KelolaJadwalSteps.clickSimpan - buttonSave
20:01:39.833 [Forwarding findElement on session 9804e146b4de37d52bf29e32b62cccaa to remote] DEBUG org.asynchttpclient.netty.request.NettyRequestSender - Using pooled Channel '[id: 0x4622e948, L:/127.0.0.1:51213 - R:localhost/127.0.0.1:53890]' for 'POST' to 'http://localhost:53890/session/9804e146b4de37d52bf29e32b62cccaa/element'
20:01:39.833 [Forwarding findElement on session 9804e146b4de37d52bf29e32b62cccaa to remote] DEBUG org.asynchttpclient.netty.request.NettyRequestSender - Using open Channel [id: 0x4622e948, L:/127.0.0.1:51213 - R:localhost/127.0.0.1:53890] for POST '/session/9804e146b4de37d52bf29e32b62cccaa/element'
20:01:39.846 [AsyncHttpClient-1-4] DEBUG org.asynchttpclient.netty.handler.HttpHandler - 

Request DefaultHttpRequest(decodeResult: success, version: HTTP/1.1)
POST /session/9804e146b4de37d52bf29e32b62cccaa/element HTTP/1.1
User-Agent: selenium/4.1.4 (java windows)
Content-Length: 68
Content-Type: application/json; charset=utf-8
host: localhost:53890
accept: */*

Response DefaultHttpResponse(decodeResult: success, version: HTTP/1.1)
HTTP/1.1 200 OK
Content-Type: application/json; charset=utf-8
cache-control: no-cache
content-length: 88

20:01:39.846 [AsyncHttpClient-1-4] DEBUG org.asynchttpclient.netty.channel.ChannelManager - Adding key: http://localhost:53890 for channel [id: 0x4622e948, L:/127.0.0.1:51213 - R:localhost/127.0.0.1:53890]
20:01:39.847 [Forwarding getElementTagName on session 9804e146b4de37d52bf29e32b62cccaa to remote] DEBUG org.asynchttpclient.netty.request.NettyRequestSender - Using pooled Channel '[id: 0x4622e948, L:/127.0.0.1:51213 - R:localhost/127.0.0.1:53890]' for 'GET' to 'http://localhost:53890/session/9804e146b4de37d52bf29e32b62cccaa/element/6eb55c64-4ba1-4ddb-8d2c-6ff1fe66d56b/name'
20:01:39.847 [Forwarding getElementTagName on session 9804e146b4de37d52bf29e32b62cccaa to remote] DEBUG org.asynchttpclient.netty.request.NettyRequestSender - Using open Channel [id: 0x4622e948, L:/127.0.0.1:51213 - R:localhost/127.0.0.1:53890] for GET '/session/9804e146b4de37d52bf29e32b62cccaa/element/6eb55c64-4ba1-4ddb-8d2c-6ff1fe66d56b/name'
20:01:39.854 [AsyncHttpClient-1-4] DEBUG org.asynchttpclient.netty.handler.HttpHandler - 

Request DefaultFullHttpRequest(decodeResult: success, version: HTTP/1.1, content: EmptyByteBufBE)
GET /session/9804e146b4de37d52bf29e32b62cccaa/element/6eb55c64-4ba1-4ddb-8d2c-6ff1fe66d56b/name HTTP/1.1
User-Agent: selenium/4.1.4 (java windows)
Cache-Control: no-cache
Content-Type: application/json; charset=utf-8
host: localhost:53890
accept: */*

Response DefaultHttpResponse(decodeResult: success, version: HTTP/1.1)
HTTP/1.1 200 OK
Content-Type: application/json; charset=utf-8
cache-control: no-cache
content-length: 18

20:01:39.854 [AsyncHttpClient-1-4] DEBUG org.asynchttpclient.netty.channel.ChannelManager - Adding key: http://localhost:53890 for channel [id: 0x4622e948, L:/127.0.0.1:51213 - R:localhost/127.0.0.1:53890]
20:01:39.854 [Forwarding getElementTagName on session 9804e146b4de37d52bf29e32b62cccaa to remote] DEBUG org.asynchttpclient.netty.request.NettyRequestSender - Using pooled Channel '[id: 0x4622e948, L:/127.0.0.1:51213 - R:localhost/127.0.0.1:53890]' for 'GET' to 'http://localhost:53890/session/9804e146b4de37d52bf29e32b62cccaa/element/6eb55c64-4ba1-4ddb-8d2c-6ff1fe66d56b/name'
20:01:39.854 [Forwarding getElementTagName on session 9804e146b4de37d52bf29e32b62cccaa to remote] DEBUG org.asynchttpclient.netty.request.NettyRequestSender - Using open Channel [id: 0x4622e948, L:/127.0.0.1:51213 - R:localhost/127.0.0.1:53890] for GET '/session/9804e146b4de37d52bf29e32b62cccaa/element/6eb55c64-4ba1-4ddb-8d2c-6ff1fe66d56b/name'
20:01:39.860 [AsyncHttpClient-1-4] DEBUG org.asynchttpclient.netty.handler.HttpHandler - 

Request DefaultFullHttpRequest(decodeResult: success, version: HTTP/1.1, content: EmptyByteBufBE)
GET /session/9804e146b4de37d52bf29e32b62cccaa/element/6eb55c64-4ba1-4ddb-8d2c-6ff1fe66d56b/name HTTP/1.1
User-Agent: selenium/4.1.4 (java windows)
Cache-Control: no-cache
Content-Type: application/json; charset=utf-8
host: localhost:53890
accept: */*

Response DefaultHttpResponse(decodeResult: success, version: HTTP/1.1)
HTTP/1.1 200 OK
Content-Type: application/json; charset=utf-8
cache-control: no-cache
content-length: 18

20:01:39.860 [AsyncHttpClient-1-4] DEBUG org.asynchttpclient.netty.channel.ChannelManager - Adding key: http://localhost:53890 for channel [id: 0x4622e948, L:/127.0.0.1:51213 - R:localhost/127.0.0.1:53890]
20:01:39.863 [Forwarding isElementEnabled on session 9804e146b4de37d52bf29e32b62cccaa to remote] DEBUG org.asynchttpclient.netty.request.NettyRequestSender - Using pooled Channel '[id: 0x4622e948, L:/127.0.0.1:51213 - R:localhost/127.0.0.1:53890]' for 'GET' to 'http://localhost:53890/session/9804e146b4de37d52bf29e32b62cccaa/element/6eb55c64-4ba1-4ddb-8d2c-6ff1fe66d56b/enabled'
20:01:39.863 [Forwarding isElementEnabled on session 9804e146b4de37d52bf29e32b62cccaa to remote] DEBUG org.asynchttpclient.netty.request.NettyRequestSender - Using open Channel [id: 0x4622e948, L:/127.0.0.1:51213 - R:localhost/127.0.0.1:53890] for GET '/session/9804e146b4de37d52bf29e32b62cccaa/element/6eb55c64-4ba1-4ddb-8d2c-6ff1fe66d56b/enabled'
20:01:39.875 [AsyncHttpClient-1-4] DEBUG org.asynchttpclient.netty.handler.HttpHandler - 

Request DefaultFullHttpRequest(decodeResult: success, version: HTTP/1.1, content: EmptyByteBufBE)
GET /session/9804e146b4de37d52bf29e32b62cccaa/element/6eb55c64-4ba1-4ddb-8d2c-6ff1fe66d56b/enabled HTTP/1.1
User-Agent: selenium/4.1.4 (java windows)
Cache-Control: no-cache
Content-Type: application/json; charset=utf-8
host: localhost:53890
accept: */*

Response DefaultHttpResponse(decodeResult: success, version: HTTP/1.1)
HTTP/1.1 200 OK
Content-Type: application/json; charset=utf-8
cache-control: no-cache
content-length: 14

20:01:39.875 [AsyncHttpClient-1-4] DEBUG org.asynchttpclient.netty.channel.ChannelManager - Adding key: http://localhost:53890 for channel [id: 0x4622e948, L:/127.0.0.1:51213 - R:localhost/127.0.0.1:53890]
20:01:39.876 [Forwarding isElementEnabled on session 9804e146b4de37d52bf29e32b62cccaa to remote] DEBUG org.asynchttpclient.netty.request.NettyRequestSender - Using pooled Channel '[id: 0x4622e948, L:/127.0.0.1:51213 - R:localhost/127.0.0.1:53890]' for 'GET' to 'http://localhost:53890/session/9804e146b4de37d52bf29e32b62cccaa/element/6eb55c64-4ba1-4ddb-8d2c-6ff1fe66d56b/enabled'
20:01:39.876 [Forwarding isElementEnabled on session 9804e146b4de37d52bf29e32b62cccaa to remote] DEBUG org.asynchttpclient.netty.request.NettyRequestSender - Using open Channel [id: 0x4622e948, L:/127.0.0.1:51213 - R:localhost/127.0.0.1:53890] for GET '/session/9804e146b4de37d52bf29e32b62cccaa/element/6eb55c64-4ba1-4ddb-8d2c-6ff1fe66d56b/enabled'
20:01:39.885 [AsyncHttpClient-1-4] DEBUG org.asynchttpclient.netty.handler.HttpHandler - 

Request DefaultFullHttpRequest(decodeResult: success, version: HTTP/1.1, content: EmptyByteBufBE)
GET /session/9804e146b4de37d52bf29e32b62cccaa/element/6eb55c64-4ba1-4ddb-8d2c-6ff1fe66d56b/enabled HTTP/1.1
User-Agent: selenium/4.1.4 (java windows)
Cache-Control: no-cache
Content-Type: application/json; charset=utf-8
host: localhost:53890
accept: */*

Response DefaultHttpResponse(decodeResult: success, version: HTTP/1.1)
HTTP/1.1 200 OK
Content-Type: application/json; charset=utf-8
cache-control: no-cache
content-length: 14

20:01:39.885 [AsyncHttpClient-1-4] DEBUG org.asynchttpclient.netty.channel.ChannelManager - Adding key: http://localhost:53890 for channel [id: 0x4622e948, L:/127.0.0.1:51213 - R:localhost/127.0.0.1:53890]
20:01:39.886 [Forwarding findElement on session 9804e146b4de37d52bf29e32b62cccaa to remote] DEBUG org.asynchttpclient.netty.request.NettyRequestSender - Using pooled Channel '[id: 0x4622e948, L:/127.0.0.1:51213 - R:localhost/127.0.0.1:53890]' for 'POST' to 'http://localhost:53890/session/9804e146b4de37d52bf29e32b62cccaa/element'
20:01:39.886 [Forwarding findElement on session 9804e146b4de37d52bf29e32b62cccaa to remote] DEBUG org.asynchttpclient.netty.request.NettyRequestSender - Using open Channel [id: 0x4622e948, L:/127.0.0.1:51213 - R:localhost/127.0.0.1:53890] for POST '/session/9804e146b4de37d52bf29e32b62cccaa/element'
20:01:39.899 [AsyncHttpClient-1-4] DEBUG org.asynchttpclient.netty.handler.HttpHandler - 

Request DefaultHttpRequest(decodeResult: success, version: HTTP/1.1)
POST /session/9804e146b4de37d52bf29e32b62cccaa/element HTTP/1.1
User-Agent: selenium/4.1.4 (java windows)
Content-Length: 68
Content-Type: application/json; charset=utf-8
host: localhost:53890
accept: */*

Response DefaultHttpResponse(decodeResult: success, version: HTTP/1.1)
HTTP/1.1 200 OK
Content-Type: application/json; charset=utf-8
cache-control: no-cache
content-length: 88

20:01:39.899 [AsyncHttpClient-1-4] DEBUG org.asynchttpclient.netty.channel.ChannelManager - Adding key: http://localhost:53890 for channel [id: 0x4622e948, L:/127.0.0.1:51213 - R:localhost/127.0.0.1:53890]
20:01:39.901 [Forwarding clickElement on session 9804e146b4de37d52bf29e32b62cccaa to remote] DEBUG org.asynchttpclient.netty.request.NettyRequestSender - Using pooled Channel '[id: 0x4622e948, L:/127.0.0.1:51213 - R:localhost/127.0.0.1:53890]' for 'POST' to 'http://localhost:53890/session/9804e146b4de37d52bf29e32b62cccaa/element/6eb55c64-4ba1-4ddb-8d2c-6ff1fe66d56b/click'
20:01:39.901 [Forwarding clickElement on session 9804e146b4de37d52bf29e32b62cccaa to remote] DEBUG org.asynchttpclient.netty.request.NettyRequestSender - Using open Channel [id: 0x4622e948, L:/127.0.0.1:51213 - R:localhost/127.0.0.1:53890] for POST '/session/9804e146b4de37d52bf29e32b62cccaa/element/6eb55c64-4ba1-4ddb-8d2c-6ff1fe66d56b/click'
20:01:40.121 [AsyncHttpClient-1-1] DEBUG org.asynchttpclient.netty.channel.DefaultChannelPool - Entry count for : http://localhost:51214 : 1
20:01:40.216 [AsyncHttpClient-1-4] DEBUG org.asynchttpclient.netty.handler.HttpHandler - 

Request DefaultHttpRequest(decodeResult: success, version: HTTP/1.1)
POST /session/9804e146b4de37d52bf29e32b62cccaa/element/6eb55c64-4ba1-4ddb-8d2c-6ff1fe66d56b/click HTTP/1.1
User-Agent: selenium/4.1.4 (java windows)
Content-Length: 50
Content-Type: application/json; charset=utf-8
host: localhost:53890
accept: */*

Response DefaultHttpResponse(decodeResult: success, version: HTTP/1.1)
HTTP/1.1 200 OK
Content-Type: application/json; charset=utf-8
cache-control: no-cache
content-length: 14

20:01:40.216 [AsyncHttpClient-1-4] DEBUG org.asynchttpclient.netty.channel.ChannelManager - Adding key: http://localhost:53890 for channel [id: 0x4622e948, L:/127.0.0.1:51213 - R:localhost/127.0.0.1:53890]
20:01:40.225 [Forwarding screenshot on session 9804e146b4de37d52bf29e32b62cccaa to remote] DEBUG org.asynchttpclient.netty.request.NettyRequestSender - Using pooled Channel '[id: 0x4622e948, L:/127.0.0.1:51213 - R:localhost/127.0.0.1:53890]' for 'GET' to 'http://localhost:53890/session/9804e146b4de37d52bf29e32b62cccaa/screenshot'
20:01:40.225 [Forwarding screenshot on session 9804e146b4de37d52bf29e32b62cccaa to remote] DEBUG org.asynchttpclient.netty.request.NettyRequestSender - Using open Channel [id: 0x4622e948, L:/127.0.0.1:51213 - R:localhost/127.0.0.1:53890] for GET '/session/9804e146b4de37d52bf29e32b62cccaa/screenshot'
20:01:40.460 [AsyncHttpClient-1-4] DEBUG org.asynchttpclient.netty.handler.HttpHandler - 

Request DefaultFullHttpRequest(decodeResult: success, version: HTTP/1.1, content: EmptyByteBufBE)
GET /session/9804e146b4de37d52bf29e32b62cccaa/screenshot HTTP/1.1
User-Agent: selenium/4.1.4 (java windows)
Cache-Control: no-cache
Content-Type: application/json; charset=utf-8
host: localhost:53890
accept: */*

Response DefaultHttpResponse(decodeResult: success, version: HTTP/1.1)
HTTP/1.1 200 OK
Content-Type: application/json; charset=utf-8
cache-control: no-cache
content-length: 49460

20:01:40.460 [AsyncHttpClient-1-4] DEBUG org.asynchttpclient.netty.channel.ChannelManager - Adding key: http://localhost:53890 for channel [id: 0x4622e948, L:/127.0.0.1:51213 - R:localhost/127.0.0.1:53890]
20:01:40.464 [main] DEBUG net.serenitybdd.core.photography.Darkroom - Send negative for processing for target\site\serenity\d3b5825e0fec48ca211492e2f9b15bf943c73b3ab2f0ebb761fb4bc1560efe4b.png
20:01:40.464 [main] DEBUG net.thucydides.core.steps.StepInterceptor - STEP DONE: buttonSave
  &amp#27;[32mAnd &amp#27;[0m&amp#27;[32mClick simpan&amp#27;[0m                                                                         &amp#27;[90m# starter.stepdefinitios.KelolaJadwalSteps.clickSimpan()&amp#27;[0m
20:01:40.464 [Darkroom Processing Line] DEBUG net.serenitybdd.core.photography.DarkroomProcessingLine - Processing screenshot image in /var/screenshots/screenshot-11745005894265926639
20:01:40.464 [Darkroom Processing Line] DEBUG net.serenitybdd.core.photography.DarkroomProcessingLine - Saving screenshot to target\site\serenity\d3b5825e0fec48ca211492e2f9b15bf943c73b3ab2f0ebb761fb4bc1560efe4b.png
20:01:40.495 [main] DEBUG net.thucydides.core.steps.StepInterceptor - STARTING STEP: KelolaJadwalSteps.validateDataErrorKelolaJadwal - validateErrorKelolaJadwal
20:01:40.496 [Forwarding findElement on session 9804e146b4de37d52bf29e32b62cccaa to remote] DEBUG org.asynchttpclient.netty.request.NettyRequestSender - Using pooled Channel '[id: 0x4622e948, L:/127.0.0.1:51213 - R:localhost/127.0.0.1:53890]' for 'POST' to 'http://localhost:53890/session/9804e146b4de37d52bf29e32b62cccaa/element'
20:01:40.496 [Forwarding findElement on session 9804e146b4de37d52bf29e32b62cccaa to remote] DEBUG org.asynchttpclient.netty.request.NettyRequestSender - Using open Channel [id: 0x4622e948, L:/127.0.0.1:51213 - R:localhost/127.0.0.1:53890] for POST '/session/9804e146b4de37d52bf29e32b62cccaa/element'
20:01:40.531 [AsyncHttpClient-1-4] DEBUG org.asynchttpclient.netty.handler.HttpHandler - 

Request DefaultHttpRequest(decodeResult: success, version: HTTP/1.1)
POST /session/9804e146b4de37d52bf29e32b62cccaa/element HTTP/1.1
User-Agent: selenium/4.1.4 (java windows)
Content-Length: 100
Content-Type: application/json; charset=utf-8
host: localhost:53890
accept: */*

Response DefaultHttpResponse(decodeResult: success, version: HTTP/1.1)
HTTP/1.1 200 OK
Content-Type: application/json; charset=utf-8
cache-control: no-cache
content-length: 88

20:01:40.531 [AsyncHttpClient-1-4] DEBUG org.asynchttpclient.netty.channel.ChannelManager - Adding key: http://localhost:53890 for channel [id: 0x4622e948, L:/127.0.0.1:51213 - R:localhost/127.0.0.1:53890]
20:01:40.533 [Forwarding isElementEnabled on session 9804e146b4de37d52bf29e32b62cccaa to remote] DEBUG org.asynchttpclient.netty.request.NettyRequestSender - Using pooled Channel '[id: 0x4622e948, L:/127.0.0.1:51213 - R:localhost/127.0.0.1:53890]' for 'GET' to 'http://localhost:53890/session/9804e146b4de37d52bf29e32b62cccaa/element/fcf95eea-42e5-41fa-9143-9a2b44f1bc04/enabled'
20:01:40.533 [Forwarding isElementEnabled on session 9804e146b4de37d52bf29e32b62cccaa to remote] DEBUG org.asynchttpclient.netty.request.NettyRequestSender - Using open Channel [id: 0x4622e948, L:/127.0.0.1:51213 - R:localhost/127.0.0.1:53890] for GET '/session/9804e146b4de37d52bf29e32b62cccaa/element/fcf95eea-42e5-41fa-9143-9a2b44f1bc04/enabled'
20:01:40.552 [AsyncHttpClient-1-4] DEBUG org.asynchttpclient.netty.handler.HttpHandler - 

Request DefaultFullHttpRequest(decodeResult: success, version: HTTP/1.1, content: EmptyByteBufBE)
GET /session/9804e146b4de37d52bf29e32b62cccaa/element/fcf95eea-42e5-41fa-9143-9a2b44f1bc04/enabled HTTP/1.1
User-Agent: selenium/4.1.4 (java windows)
Cache-Control: no-cache
Content-Type: application/json; charset=utf-8
host: localhost:53890
accept: */*

Response DefaultHttpResponse(decodeResult: success, version: HTTP/1.1)
HTTP/1.1 200 OK
Content-Type: application/json; charset=utf-8
cache-control: no-cache
content-length: 14

20:01:40.552 [AsyncHttpClient-1-4] DEBUG org.asynchttpclient.netty.channel.ChannelManager - Adding key: http://localhost:53890 for channel [id: 0x4622e948, L:/127.0.0.1:51213 - R:localhost/127.0.0.1:53890]
20:01:40.564 [Forwarding screenshot on session 9804e146b4de37d52bf29e32b62cccaa to remote] DEBUG org.asynchttpclient.netty.request.NettyRequestSender - Using pooled Channel '[id: 0x4622e948, L:/127.0.0.1:51213 - R:localhost/127.0.0.1:53890]' for 'GET' to 'http://localhost:53890/session/9804e146b4de37d52bf29e32b62cccaa/screenshot'
20:01:40.564 [Forwarding screenshot on session 9804e146b4de37d52bf29e32b62cccaa to remote] DEBUG org.asynchttpclient.netty.request.NettyRequestSender - Using open Channel [id: 0x4622e948, L:/127.0.0.1:51213 - R:localhost/127.0.0.1:53890] for GET '/session/9804e146b4de37d52bf29e32b62cccaa/screenshot'
20:01:40.834 [AsyncHttpClient-1-4] DEBUG org.asynchttpclient.netty.handler.HttpHandler - 

Request DefaultFullHttpRequest(decodeResult: success, version: HTTP/1.1, content: EmptyByteBufBE)
GET /session/9804e146b4de37d52bf29e32b62cccaa/screenshot HTTP/1.1
User-Agent: selenium/4.1.4 (java windows)
Cache-Control: no-cache
Content-Type: application/json; charset=utf-8
host: localhost:53890
accept: */*

Response DefaultHttpResponse(decodeResult: success, version: HTTP/1.1)
HTTP/1.1 200 OK
Content-Type: application/json; charset=utf-8
cache-control: no-cache
content-length: 48580

20:01:40.834 [AsyncHttpClient-1-4] DEBUG org.asynchttpclient.netty.channel.ChannelManager - Adding key: http://localhost:53890 for channel [id: 0x4622e948, L:/127.0.0.1:51213 - R:localhost/127.0.0.1:53890]
20:01:40.838 [main] DEBUG net.serenitybdd.core.photography.Darkroom - Send negative for processing for target\site\serenity\e9d38d69b0aa4841f23bc34803ea6a316652d479d57e9089b5ff887ede5f82b3.png
20:01:40.839 [main] DEBUG net.thucydides.core.steps.StepInterceptor - STEP DONE: validateErrorKelolaJadwal
  &amp#27;[32mAnd &amp#27;[0m&amp#27;[32mValidate data error kelola jadwal&amp#27;[0m                                                    &amp#27;[90m# starter.stepdefinitios.KelolaJadwalSteps.validateDataErrorKelolaJadwal()&amp#27;[0m
20:01:40.839 [Darkroom Processing Line] DEBUG net.serenitybdd.core.photography.DarkroomProcessingLine - Processing screenshot image in /var/screenshots/screenshot-8753466029019230363
20:01:40.839 [Darkroom Processing Line] DEBUG net.serenitybdd.core.photography.DarkroomProcessingLine - Saving screenshot to target\site\serenity\e9d38d69b0aa4841f23bc34803ea6a316652d479d57e9089b5ff887ede5f82b3.png
20:01:40.882 [AsyncHttpClient-1-6] DEBUG org.asynchttpclient.netty.handler.WebSocketHandler - Channel Closed: [id: 0x28ec4689, L:/127.0.0.1:51221 ! R:localhost/127.0.0.1:51214] with attribute NettyResponseFuture{currentRetry=5,
	isDone=1,
	isCancelled=0,
	asyncHandler=org.asynchttpclient.ws.WebSocketUpgradeHandler@37da812b,
	nettyRequest=org.asynchttpclient.netty.request.NettyRequest@5fd4f538,
	future=java.util.concurrent.CompletableFuture@cacf0de[Completed normally],
	uri=ws://localhost:51214/devtools/browser/6149c3b5-323d-4f6f-ad23-9995d44b0674,
	keepAlive=true,
	redirectCount=0,
	timeoutsHolder=null,
	inAuth=0,
	touch=1658062862061}
20:01:40.883 [AsyncHttpClient-1-6] DEBUG org.asynchttpclient.netty.channel.ChannelManager - Closing Channel [id: 0x28ec4689, L:/127.0.0.1:51221 ! R:localhost/127.0.0.1:51214] 
20:01:40.885 [Driver Command Executor] DEBUG org.asynchttpclient.netty.request.NettyRequestSender - Using pooled Channel '[id: 0x4622e948, L:/127.0.0.1:51213 - R:localhost/127.0.0.1:53890]' for 'DELETE' to 'http://localhost:53890/session/9804e146b4de37d52bf29e32b62cccaa'
20:01:40.885 [Driver Command Executor] DEBUG org.asynchttpclient.netty.request.NettyRequestSender - Using open Channel [id: 0x4622e948, L:/127.0.0.1:51213 - R:localhost/127.0.0.1:53890] for DELETE '/session/9804e146b4de37d52bf29e32b62cccaa'
20:01:41.047 [AsyncHttpClient-1-5] DEBUG org.asynchttpclient.netty.handler.HttpHandler - Unexpected I/O exception on channel [id: 0x5598f09e, L:/127.0.0.1:51220 - R:localhost/127.0.0.1:51214]
java.io.IOException: An existing connection was forcibly closed by the remote host
	at java.base/sun.nio.ch.SocketDispatcher.read0(Native Method)
	at java.base/sun.nio.ch.SocketDispatcher.read(SocketDispatcher.java:43)
	at java.base/sun.nio.ch.IOUtil.readIntoNativeBuffer(IOUtil.java:276)
	at java.base/sun.nio.ch.IOUtil.read(IOUtil.java:233)
	at java.base/sun.nio.ch.IOUtil.read(IOUtil.java:223)
	at java.base/sun.nio.ch.SocketChannelImpl.read(SocketChannelImpl.java:356)
	at io.netty.buffer.PooledByteBuf.setBytes(PooledByteBuf.java:258)
	at io.netty.buffer.AbstractByteBuf.writeBytes(AbstractByteBuf.java:1132)
	at io.netty.channel.socket.nio.NioSocketChannel.doReadBytes(NioSocketChannel.java:357)
	at io.netty.channel.nio.AbstractNioByteChannel$NioByteUnsafe.read(AbstractNioByteChannel.java:151)
	at io.netty.channel.nio.NioEventLoop.processSelectedKey(NioEventLoop.java:722)
	at io.netty.channel.nio.NioEventLoop.processSelectedKeysOptimized(NioEventLoop.java:658)
	at io.netty.channel.nio.NioEventLoop.processSelectedKeys(NioEventLoop.java:584)
	at io.netty.channel.nio.NioEventLoop.run(NioEventLoop.java:496)
	at io.netty.util.concurrent.SingleThreadEventExecutor$4.run(SingleThreadEventExecutor.java:986)
	at io.netty.util.internal.ThreadExecutorMap$2.run(ThreadExecutorMap.java:74)
	at io.netty.util.concurrent.FastThreadLocalRunnable.run(FastThreadLocalRunnable.java:30)
	at java.base/java.lang.Thread.run(Thread.java:829)
20:01:41.047 [AsyncHttpClient-1-5] DEBUG org.asynchttpclient.netty.channel.ChannelManager - Closing Channel [id: 0x5598f09e, L:/127.0.0.1:51220 - R:localhost/127.0.0.1:51214] 
20:01:41.047 [AsyncHttpClient-1-5] DEBUG org.asynchttpclient.netty.handler.HttpHandler - Channel Closed: [id: 0x5598f09e, L:/127.0.0.1:51220 ! R:localhost/127.0.0.1:51214] with attribute DISCARD
20:01:41.069 [AsyncHttpClient-1-4] DEBUG org.asynchttpclient.netty.handler.HttpHandler - 

Request DefaultFullHttpRequest(decodeResult: success, version: HTTP/1.1, content: EmptyByteBufBE)
DELETE /session/9804e146b4de37d52bf29e32b62cccaa HTTP/1.1
User-Agent: selenium/4.1.4 (java windows)
Content-Type: application/json; charset=utf-8
host: localhost:53890
accept: */*

Response DefaultHttpResponse(decodeResult: success, version: HTTP/1.1)
HTTP/1.1 200 OK
Content-Type: application/json; charset=utf-8
cache-control: no-cache
content-length: 14

20:01:41.071 [AsyncHttpClient-1-4] DEBUG org.asynchttpclient.netty.channel.ChannelManager - Adding key: http://localhost:53890 for channel [id: 0x4622e948, L:/127.0.0.1:51213 - R:localhost/127.0.0.1:53890]
20:01:41.182 [AsyncHttpClient-1-4] DEBUG org.asynchttpclient.netty.handler.HttpHandler - Channel Closed: [id: 0x4622e948, L:/127.0.0.1:51213 ! R:localhost/127.0.0.1:53890] with attribute DISCARD
20:01:41.209 [AsyncHttpClient-1-1] DEBUG org.asynchttpclient.netty.channel.DefaultChannelPool - Entry count for : http://localhost:53890 : 1
20:01:41.209 [AsyncHttpClient-1-1] DEBUG org.asynchttpclient.netty.channel.DefaultChannelPool - Entry count for : http://localhost:51214 : 1
20:01:41.209 [AsyncHttpClient-1-1] DEBUG org.asynchttpclient.netty.channel.DefaultChannelPool - Adding Candidate expired Channel [id: 0x4622e948, L:/127.0.0.1:51213 ! R:localhost/127.0.0.1:53890] isIdleTimeoutExpired=false isRemotelyClosed=true isTtlExpired=false
20:01:41.209 [AsyncHttpClient-1-1] DEBUG org.asynchttpclient.netty.channel.DefaultChannelPool - Closing Idle Channel [id: 0x4622e948, L:/127.0.0.1:51213 ! R:localhost/127.0.0.1:53890]
20:01:41.209 [AsyncHttpClient-1-1] DEBUG org.asynchttpclient.netty.channel.DefaultChannelPool - Adding Candidate expired Channel [id: 0x5598f09e, L:/127.0.0.1:51220 ! R:localhost/127.0.0.1:51214] isIdleTimeoutExpired=false isRemotelyClosed=true isTtlExpired=false
20:01:41.209 [AsyncHttpClient-1-1] DEBUG org.asynchttpclient.netty.channel.DefaultChannelPool - Closing Idle Channel [id: 0x5598f09e, L:/127.0.0.1:51220 ! R:localhost/127.0.0.1:51214]
20:01:41.209 [AsyncHttpClient-1-1] DEBUG org.asynchttpclient.netty.channel.DefaultChannelPool - Closed 2 connections out of 2 in 0 ms
20:01:41.229 [main] INFO  - 
  _____   ___   ___   _____     ___     _     ___   ___   ___   ___  
 |_   _| | __| / __| |_   _|   | _ \   /_\   / __| / __| | __| |   \ 
   | |   | _|  \__ \   | |     |  _/  / _ \  \__ \ \__ \ | _|  | |) |
   |_|   |___| |___/   |_|     |_|   /_/ \_\ |___/ |___/ |___| |___/ 

As a admin i want to Add Manage Schedule Rawat Biasa - tidak ada perawat
----------------------------------------------------------------------
]]></system-out>
    <system-err><![CDATA[Starting ChromeDriver 103.0.5060.53 (a1711811edd74ff1cf2150f36ffa3b0dae40b17f-refs/branch-heads/5060@{#853}) on port 53890
Only local connections are allowed.
Please see https://chromedriver.chromium.org/security-considerations for suggestions on keeping ChromeDriver safe.
ChromeDriver was started successfully.
Jul 17, 2022 8:01:02 PM org.openqa.selenium.remote.ProtocolHandshake createSession
INFO: Detected dialect: W3C
Jul 17, 2022 8:01:02 PM org.openqa.selenium.devtools.CdpVersionFinder findNearestMatch
WARNING: Unable to find an exact match for CDP version 103, so returning the closest version found: 101
Jul 17, 2022 8:01:02 PM org.openqa.selenium.devtools.CdpVersionFinder findNearestMatch
INFO: Found CDP implementation for version 103 of 101
]]></system-err>
  </testcase>
  <testcase name="As a admin i want to Add Manage Schedule Rawat Biasa - tidak ada perawat &amp; tanggal" classname="Kelola jadwal - admin" time="39.865">
    <system-out><![CDATA[
@KelolaJadwal111 @AddKelolaJadwalRawatJalanNoAll
Scenario Outline: As a admin i want to Add Manage Schedule Rawat Biasa - tidak ada perawat & tanggal &amp#27;[90m# src/test/resources/features/5KelolaJadwal.feature:130&amp#27;[0m
20:01:41.247 [main] INFO io.cucumber.core.plugin.SerenityReporter - Running feature from file:///C:/Alterra/CapstoneBaru/QE/TestingWebUpdate/src/test/resources/features/5KelolaJadwal.feature
20:01:41.264 [main] INFO  - 
  _____   ___   ___   _____     ___   _____     _     ___   _____   ___   ___  
 |_   _| | __| / __| |_   _|   / __| |_   _|   /_\   | _ \ |_   _| | __| |   \ 
   | |   | _|  \__ \   | |     \__ \   | |    / _ \  |   /   | |   | _|  | |) |
   |_|   |___| |___/   |_|     |___/   |_|   /_/ \_\ |_|_\   |_|   |___| |___/ 

As a admin i want to Add Manage Schedule Rawat Biasa - tidak ada perawat & tanggal(kelola-jadwal---admin;as-a-admin-i-want-to-add-manage-schedule-rawat-biasa---tidak-ada-perawat-&-tanggal)
--------------------------------------------------------------------------------
20:01:41.338 [main] DEBUG net.thucydides.core.steps.StepInterceptor - STARTING STEP: LoginSteps.openLoginPage - openLogin
20:01:41.348 [main] INFO net.serenitybdd.core.webdriver.driverproviders.ChromeDriverProvider - Using automatically driver download
20:01:41.624 [main] DEBUG io.github.bonigarcia.wdm.cache.ResolutionCache - Resolution chrome=103 in cache (valid until 20:05:23 17/07/2022 ICT)
20:01:41.640 [main] DEBUG io.github.bonigarcia.wdm.cache.ResolutionCache - Resolution chrome103=103.0.5060.53 in cache (valid until 17:54:33 18/07/2022 ICT)
20:01:41.644 [main] INFO io.github.bonigarcia.wdm.WebDriverManager - Using chromedriver 103.0.5060.53 (resolved driver for Chrome 103)
20:01:41.663 [main] DEBUG io.github.bonigarcia.wdm.WebDriverManager - Driver chromedriver 103.0.5060.53 found in cache
20:01:41.663 [main] INFO io.github.bonigarcia.wdm.WebDriverManager - Exporting webdriver.chrome.driver as C:\Users\Bagas Dwi Saputra\.cache\selenium\chromedriver\win32\103.0.5060.53\chromedriver.exe
20:01:41.899 [main] DEBUG net.serenitybdd.core.webdriver.driverproviders.ProvideNewDriver - Instantiating driver
20:01:41.899 [main] DEBUG net.serenitybdd.core.webdriver.driverproviders.ProvideNewDriver - Driver capabilities: Capabilities {acceptInsecureCerts: false, base.url: https://fanciful-trifle-360..., browserName: chrome, chorme.driver: src/test/resources/webdrive..., driver: chrome, goog:chromeOptions: {args: [], extensions: []}}
20:01:42.028 [AsyncHttpClient-1-7] DEBUG org.asynchttpclient.netty.channel.NettyConnectListener - Using new Channel '[id: 0xdbba77f2, L:/127.0.0.1:51239 - R:localhost/127.0.0.1:63786]' for 'POST' to '/session'
20:01:42.630 [AsyncHttpClient-1-7] DEBUG org.asynchttpclient.netty.handler.HttpHandler - 

Request DefaultHttpRequest(decodeResult: success, version: HTTP/1.1)
POST /session HTTP/1.1
User-Agent: selenium/4.1.4 (java windows)
Content-Length: 629
Content-Type: application/json; charset=utf-8
host: localhost:63786
accept: */*

Response DefaultHttpResponse(decodeResult: success, version: HTTP/1.1)
HTTP/1.1 200 OK
Content-Type: application/json; charset=utf-8
cache-control: no-cache
content-length: 794

20:01:42.630 [AsyncHttpClient-1-7] DEBUG org.asynchttpclient.netty.channel.ChannelManager - Adding key: http://localhost:63786 for channel [id: 0xdbba77f2, L:/127.0.0.1:51239 - R:localhost/127.0.0.1:63786]
20:01:42.637 [AsyncHttpClient-1-8] DEBUG org.asynchttpclient.netty.channel.NettyConnectListener - Using new Channel '[id: 0x321f506e, L:/127.0.0.1:51246 - R:localhost/127.0.0.1:51240]' for 'GET' to '/json/version'
20:01:42.638 [AsyncHttpClient-1-8] DEBUG org.asynchttpclient.netty.handler.HttpHandler - 

Request DefaultFullHttpRequest(decodeResult: success, version: HTTP/1.1, content: EmptyByteBufBE)
GET /json/version HTTP/1.1
User-Agent: selenium/4.1.4 (java windows)
host: localhost:51240
accept: */*

Response DefaultHttpResponse(decodeResult: success, version: HTTP/1.1)
HTTP/1.1 200 OK
Content-Type: application/json; charset=UTF-8
content-length: 429

20:01:42.638 [AsyncHttpClient-1-8] DEBUG org.asynchttpclient.netty.channel.ChannelManager - Adding key: http://localhost:51240 for channel [id: 0x321f506e, L:/127.0.0.1:51246 - R:localhost/127.0.0.1:51240]
20:01:42.641 [AsyncHttpClient-1-9] DEBUG org.asynchttpclient.netty.channel.NettyConnectListener - Using new Channel '[id: 0x476d17cb, L:/127.0.0.1:51247 - R:localhost/127.0.0.1:51240]' for 'GET' to '/devtools/browser/1e65cda1-3828-4fca-8cf8-db90e9fef2b6'
20:01:42.643 [AsyncHttpClient-1-9] DEBUG org.asynchttpclient.netty.handler.WebSocketHandler - 

Request DefaultFullHttpRequest(decodeResult: success, version: HTTP/1.1, content: EmptyByteBufBE)
GET /devtools/browser/1e65cda1-3828-4fca-8cf8-db90e9fef2b6 HTTP/1.1
upgrade: websocket
connection: upgrade
sec-websocket-key: oAnh/4RRbnNcVc24HagMlg==
sec-websocket-version: 13
origin: http://localhost:51240
host: localhost:51240
accept: */*
user-agent: AHC/2.1

Response DefaultHttpResponse(decodeResult: success, version: HTTP/1.1)
HTTP/1.1 101 WebSocket Protocol Handshake
Upgrade: WebSocket
Connection: Upgrade
Sec-WebSocket-Accept: 7iGWf/SmbojI1FA7/hu+BBlTQUw=

20:01:42.647 [Forwarding get on session 0025b467557bd261bbfd2f74f69079db to remote] DEBUG org.asynchttpclient.netty.request.NettyRequestSender - Using pooled Channel '[id: 0xdbba77f2, L:/127.0.0.1:51239 - R:localhost/127.0.0.1:63786]' for 'POST' to 'http://localhost:63786/session/0025b467557bd261bbfd2f74f69079db/url'
20:01:42.647 [Forwarding get on session 0025b467557bd261bbfd2f74f69079db to remote] DEBUG org.asynchttpclient.netty.request.NettyRequestSender - Using open Channel [id: 0xdbba77f2, L:/127.0.0.1:51239 - R:localhost/127.0.0.1:63786] for POST '/session/0025b467557bd261bbfd2f74f69079db/url'
20:01:43.261 [AsyncHttpClient-1-7] DEBUG org.asynchttpclient.netty.handler.HttpHandler - 

Request DefaultHttpRequest(decodeResult: success, version: HTTP/1.1)
POST /session/0025b467557bd261bbfd2f74f69079db/url HTTP/1.1
User-Agent: selenium/4.1.4 (java windows)
Content-Length: 78
Content-Type: application/json; charset=utf-8
host: localhost:63786
accept: */*

Response DefaultHttpResponse(decodeResult: success, version: HTTP/1.1)
HTTP/1.1 200 OK
Content-Type: application/json; charset=utf-8
cache-control: no-cache
content-length: 14

20:01:43.261 [AsyncHttpClient-1-7] DEBUG org.asynchttpclient.netty.channel.ChannelManager - Adding key: http://localhost:63786 for channel [id: 0xdbba77f2, L:/127.0.0.1:51239 - R:localhost/127.0.0.1:63786]
20:01:43.262 [Forwarding setTimeout on session 0025b467557bd261bbfd2f74f69079db to remote] DEBUG org.asynchttpclient.netty.request.NettyRequestSender - Using pooled Channel '[id: 0xdbba77f2, L:/127.0.0.1:51239 - R:localhost/127.0.0.1:63786]' for 'POST' to 'http://localhost:63786/session/0025b467557bd261bbfd2f74f69079db/timeouts'
20:01:43.262 [Forwarding setTimeout on session 0025b467557bd261bbfd2f74f69079db to remote] DEBUG org.asynchttpclient.netty.request.NettyRequestSender - Using open Channel [id: 0xdbba77f2, L:/127.0.0.1:51239 - R:localhost/127.0.0.1:63786] for POST '/session/0025b467557bd261bbfd2f74f69079db/timeouts'
20:01:43.263 [AsyncHttpClient-1-7] DEBUG org.asynchttpclient.netty.handler.HttpHandler - 

Request DefaultHttpRequest(decodeResult: success, version: HTTP/1.1)
POST /session/0025b467557bd261bbfd2f74f69079db/timeouts HTTP/1.1
User-Agent: selenium/4.1.4 (java windows)
Content-Length: 22
Content-Type: application/json; charset=utf-8
host: localhost:63786
accept: */*

Response DefaultHttpResponse(decodeResult: success, version: HTTP/1.1)
HTTP/1.1 200 OK
Content-Type: application/json; charset=utf-8
cache-control: no-cache
content-length: 14

20:01:43.263 [AsyncHttpClient-1-7] DEBUG org.asynchttpclient.netty.channel.ChannelManager - Adding key: http://localhost:63786 for channel [id: 0xdbba77f2, L:/127.0.0.1:51239 - R:localhost/127.0.0.1:63786]
20:01:43.264 [Forwarding getCurrentUrl on session 0025b467557bd261bbfd2f74f69079db to remote] DEBUG org.asynchttpclient.netty.request.NettyRequestSender - Using pooled Channel '[id: 0xdbba77f2, L:/127.0.0.1:51239 - R:localhost/127.0.0.1:63786]' for 'GET' to 'http://localhost:63786/session/0025b467557bd261bbfd2f74f69079db/url'
20:01:43.264 [Forwarding getCurrentUrl on session 0025b467557bd261bbfd2f74f69079db to remote] DEBUG org.asynchttpclient.netty.request.NettyRequestSender - Using open Channel [id: 0xdbba77f2, L:/127.0.0.1:51239 - R:localhost/127.0.0.1:63786] for GET '/session/0025b467557bd261bbfd2f74f69079db/url'
20:01:43.269 [AsyncHttpClient-1-7] DEBUG org.asynchttpclient.netty.handler.HttpHandler - 

Request DefaultFullHttpRequest(decodeResult: success, version: HTTP/1.1, content: EmptyByteBufBE)
GET /session/0025b467557bd261bbfd2f74f69079db/url HTTP/1.1
User-Agent: selenium/4.1.4 (java windows)
Cache-Control: no-cache
Content-Type: application/json; charset=utf-8
host: localhost:63786
accept: */*

Response DefaultHttpResponse(decodeResult: success, version: HTTP/1.1)
HTTP/1.1 200 OK
Content-Type: application/json; charset=utf-8
cache-control: no-cache
content-length: 60

20:01:43.269 [AsyncHttpClient-1-7] DEBUG org.asynchttpclient.netty.channel.ChannelManager - Adding key: http://localhost:63786 for channel [id: 0xdbba77f2, L:/127.0.0.1:51239 - R:localhost/127.0.0.1:63786]
20:01:43.274 [Forwarding screenshot on session 0025b467557bd261bbfd2f74f69079db to remote] DEBUG org.asynchttpclient.netty.request.NettyRequestSender - Using pooled Channel '[id: 0xdbba77f2, L:/127.0.0.1:51239 - R:localhost/127.0.0.1:63786]' for 'GET' to 'http://localhost:63786/session/0025b467557bd261bbfd2f74f69079db/screenshot'
20:01:43.274 [Forwarding screenshot on session 0025b467557bd261bbfd2f74f69079db to remote] DEBUG org.asynchttpclient.netty.request.NettyRequestSender - Using open Channel [id: 0xdbba77f2, L:/127.0.0.1:51239 - R:localhost/127.0.0.1:63786] for GET '/session/0025b467557bd261bbfd2f74f69079db/screenshot'
20:01:43.408 [AsyncHttpClient-1-1] DEBUG org.asynchttpclient.netty.channel.DefaultChannelPool - Entry count for : http://localhost:51240 : 1
20:01:43.650 [AsyncHttpClient-1-7] DEBUG org.asynchttpclient.netty.handler.HttpHandler - 

Request DefaultFullHttpRequest(decodeResult: success, version: HTTP/1.1, content: EmptyByteBufBE)
GET /session/0025b467557bd261bbfd2f74f69079db/screenshot HTTP/1.1
User-Agent: selenium/4.1.4 (java windows)
Cache-Control: no-cache
Content-Type: application/json; charset=utf-8
host: localhost:63786
accept: */*

Response DefaultHttpResponse(decodeResult: success, version: HTTP/1.1)
HTTP/1.1 200 OK
Content-Type: application/json; charset=utf-8
cache-control: no-cache
content-length: 380436

20:01:43.651 [AsyncHttpClient-1-7] DEBUG org.asynchttpclient.netty.channel.ChannelManager - Adding key: http://localhost:63786 for channel [id: 0xdbba77f2, L:/127.0.0.1:51239 - R:localhost/127.0.0.1:63786]
20:01:43.660 [main] DEBUG net.serenitybdd.core.photography.Darkroom - Send negative for processing for target\site\serenity\d122c364c40ece9db0ad32cd97c3fcf63e95ba606118dda8d3e5a1d2b8235ce2.png
20:01:43.661 [main] DEBUG net.thucydides.core.steps.StepInterceptor - STEP DONE: openLogin
  &amp#27;[32mGiven &amp#27;[0m&amp#27;[32mOpen login page&amp#27;[0m                                                                              &amp#27;[90m# starter.stepdefinitios.LoginSteps.openLoginPage()&amp#27;[0m
20:01:44.192 [Forwarding findElement on session 0025b467557bd261bbfd2f74f69079db to remote] DEBUG org.asynchttpclient.netty.request.NettyRequestSender - Using pooled Channel '[id: 0xdbba77f2, L:/127.0.0.1:51239 - R:localhost/127.0.0.1:63786]' for 'POST' to 'http://localhost:63786/session/0025b467557bd261bbfd2f74f69079db/element'
20:01:44.192 [Forwarding findElement on session 0025b467557bd261bbfd2f74f69079db to remote] DEBUG org.asynchttpclient.netty.request.NettyRequestSender - Using open Channel [id: 0xdbba77f2, L:/127.0.0.1:51239 - R:localhost/127.0.0.1:63786] for POST '/session/0025b467557bd261bbfd2f74f69079db/element'
20:01:44.227 [AsyncHttpClient-1-7] DEBUG org.asynchttpclient.netty.handler.HttpHandler - 

Request DefaultHttpRequest(decodeResult: success, version: HTTP/1.1)
POST /session/0025b467557bd261bbfd2f74f69079db/element HTTP/1.1
User-Agent: selenium/4.1.4 (java windows)
Content-Length: 70
Content-Type: application/json; charset=utf-8
host: localhost:63786
accept: */*

Response DefaultHttpResponse(decodeResult: success, version: HTTP/1.1)
HTTP/1.1 200 OK
Content-Type: application/json; charset=utf-8
cache-control: no-cache
content-length: 88

20:01:44.228 [AsyncHttpClient-1-7] DEBUG org.asynchttpclient.netty.channel.ChannelManager - Adding key: http://localhost:63786 for channel [id: 0xdbba77f2, L:/127.0.0.1:51239 - R:localhost/127.0.0.1:63786]
20:01:44.229 [Forwarding sendKeysToElement on session 0025b467557bd261bbfd2f74f69079db to remote] DEBUG org.asynchttpclient.netty.request.NettyRequestSender - Using pooled Channel '[id: 0xdbba77f2, L:/127.0.0.1:51239 - R:localhost/127.0.0.1:63786]' for 'POST' to 'http://localhost:63786/session/0025b467557bd261bbfd2f74f69079db/element/a83960c3-dcb0-4d67-a716-99d8221522bc/value'
20:01:44.229 [Forwarding sendKeysToElement on session 0025b467557bd261bbfd2f74f69079db to remote] DEBUG org.asynchttpclient.netty.request.NettyRequestSender - Using open Channel [id: 0xdbba77f2, L:/127.0.0.1:51239 - R:localhost/127.0.0.1:63786] for POST '/session/0025b467557bd261bbfd2f74f69079db/element/a83960c3-dcb0-4d67-a716-99d8221522bc/value'
20:01:44.381 [AsyncHttpClient-1-7] DEBUG org.asynchttpclient.netty.handler.HttpHandler - 

Request DefaultHttpRequest(decodeResult: success, version: HTTP/1.1)
POST /session/0025b467557bd261bbfd2f74f69079db/element/a83960c3-dcb0-4d67-a716-99d8221522bc/value HTTP/1.1
User-Agent: selenium/4.1.4 (java windows)
Content-Length: 131
Content-Type: application/json; charset=utf-8
host: localhost:63786
accept: */*

Response DefaultHttpResponse(decodeResult: success, version: HTTP/1.1)
HTTP/1.1 200 OK
Content-Type: application/json; charset=utf-8
cache-control: no-cache
content-length: 14

20:01:44.381 [AsyncHttpClient-1-7] DEBUG org.asynchttpclient.netty.channel.ChannelManager - Adding key: http://localhost:63786 for channel [id: 0xdbba77f2, L:/127.0.0.1:51239 - R:localhost/127.0.0.1:63786]
  &amp#27;[32mAnd &amp#27;[0m&amp#27;[32mI input &amp#27;[0m&amp#27;[32m&amp#27;[1m"admin"&amp#27;[0m&amp#27;[32m login email valid&amp#27;[0m                                                              &amp#27;[90m# starter.stepdefinitios.LoginSteps.iInputLoginEmailValid(java.lang.String)&amp#27;[0m
20:01:44.383 [Forwarding screenshot on session 0025b467557bd261bbfd2f74f69079db to remote] DEBUG org.asynchttpclient.netty.request.NettyRequestSender - Using pooled Channel '[id: 0xdbba77f2, L:/127.0.0.1:51239 - R:localhost/127.0.0.1:63786]' for 'GET' to 'http://localhost:63786/session/0025b467557bd261bbfd2f74f69079db/screenshot'
20:01:44.383 [Forwarding screenshot on session 0025b467557bd261bbfd2f74f69079db to remote] DEBUG org.asynchttpclient.netty.request.NettyRequestSender - Using open Channel [id: 0xdbba77f2, L:/127.0.0.1:51239 - R:localhost/127.0.0.1:63786] for GET '/session/0025b467557bd261bbfd2f74f69079db/screenshot'
20:01:44.508 [AsyncHttpClient-1-1] DEBUG org.asynchttpclient.netty.channel.DefaultChannelPool - Entry count for : http://localhost:51240 : 1
20:01:44.653 [AsyncHttpClient-1-7] DEBUG org.asynchttpclient.netty.handler.HttpHandler - 

Request DefaultFullHttpRequest(decodeResult: success, version: HTTP/1.1, content: EmptyByteBufBE)
GET /session/0025b467557bd261bbfd2f74f69079db/screenshot HTTP/1.1
User-Agent: selenium/4.1.4 (java windows)
Cache-Control: no-cache
Content-Type: application/json; charset=utf-8
host: localhost:63786
accept: */*

Response DefaultHttpResponse(decodeResult: success, version: HTTP/1.1)
HTTP/1.1 200 OK
Content-Type: application/json; charset=utf-8
cache-control: no-cache
content-length: 379420

20:01:44.654 [AsyncHttpClient-1-7] DEBUG org.asynchttpclient.netty.channel.ChannelManager - Adding key: http://localhost:63786 for channel [id: 0xdbba77f2, L:/127.0.0.1:51239 - R:localhost/127.0.0.1:63786]
20:01:44.667 [main] DEBUG net.serenitybdd.core.photography.Darkroom - Send negative for processing for target\site\serenity\93df20195d3751dea78ac30a105f84d37c410e0341f58ded6fb231b5b47402e6.png
20:01:45.192 [Forwarding screenshot on session 0025b467557bd261bbfd2f74f69079db to remote] DEBUG org.asynchttpclient.netty.request.NettyRequestSender - Using pooled Channel '[id: 0xdbba77f2, L:/127.0.0.1:51239 - R:localhost/127.0.0.1:63786]' for 'GET' to 'http://localhost:63786/session/0025b467557bd261bbfd2f74f69079db/screenshot'
20:01:45.192 [Forwarding screenshot on session 0025b467557bd261bbfd2f74f69079db to remote] DEBUG org.asynchttpclient.netty.request.NettyRequestSender - Using open Channel [id: 0xdbba77f2, L:/127.0.0.1:51239 - R:localhost/127.0.0.1:63786] for GET '/session/0025b467557bd261bbfd2f74f69079db/screenshot'
20:01:45.385 [AsyncHttpClient-1-7] DEBUG org.asynchttpclient.netty.handler.HttpHandler - 

Request DefaultFullHttpRequest(decodeResult: success, version: HTTP/1.1, content: EmptyByteBufBE)
GET /session/0025b467557bd261bbfd2f74f69079db/screenshot HTTP/1.1
User-Agent: selenium/4.1.4 (java windows)
Cache-Control: no-cache
Content-Type: application/json; charset=utf-8
host: localhost:63786
accept: */*

Response DefaultHttpResponse(decodeResult: success, version: HTTP/1.1)
HTTP/1.1 200 OK
Content-Type: application/json; charset=utf-8
cache-control: no-cache
content-length: 379404

20:01:45.385 [AsyncHttpClient-1-7] DEBUG org.asynchttpclient.netty.channel.ChannelManager - Adding key: http://localhost:63786 for channel [id: 0xdbba77f2, L:/127.0.0.1:51239 - R:localhost/127.0.0.1:63786]
20:01:45.403 [main] DEBUG net.serenitybdd.core.photography.Darkroom - Send negative for processing for target\site\serenity\f684e1524ced0278b0b6c6b37709a7cbfb8281aeb576b04a4743fda17448b798.png
20:01:45.403 [main] DEBUG net.thucydides.core.steps.StepInterceptor - STARTING STEP: LoginSteps.iInputLoginPasswordValid - inputPasswordLogin
20:01:45.406 [Forwarding findElement on session 0025b467557bd261bbfd2f74f69079db to remote] DEBUG org.asynchttpclient.netty.request.NettyRequestSender - Using pooled Channel '[id: 0xdbba77f2, L:/127.0.0.1:51239 - R:localhost/127.0.0.1:63786]' for 'POST' to 'http://localhost:63786/session/0025b467557bd261bbfd2f74f69079db/element'
20:01:45.406 [Forwarding findElement on session 0025b467557bd261bbfd2f74f69079db to remote] DEBUG org.asynchttpclient.netty.request.NettyRequestSender - Using open Channel [id: 0xdbba77f2, L:/127.0.0.1:51239 - R:localhost/127.0.0.1:63786] for POST '/session/0025b467557bd261bbfd2f74f69079db/element'
20:01:45.416 [AsyncHttpClient-1-7] DEBUG org.asynchttpclient.netty.handler.HttpHandler - 

Request DefaultHttpRequest(decodeResult: success, version: HTTP/1.1)
POST /session/0025b467557bd261bbfd2f74f69079db/element HTTP/1.1
User-Agent: selenium/4.1.4 (java windows)
Content-Length: 70
Content-Type: application/json; charset=utf-8
host: localhost:63786
accept: */*

Response DefaultHttpResponse(decodeResult: success, version: HTTP/1.1)
HTTP/1.1 200 OK
Content-Type: application/json; charset=utf-8
cache-control: no-cache
content-length: 88

20:01:45.416 [AsyncHttpClient-1-7] DEBUG org.asynchttpclient.netty.channel.ChannelManager - Adding key: http://localhost:63786 for channel [id: 0xdbba77f2, L:/127.0.0.1:51239 - R:localhost/127.0.0.1:63786]
20:01:45.417 [Forwarding sendKeysToElement on session 0025b467557bd261bbfd2f74f69079db to remote] DEBUG org.asynchttpclient.netty.request.NettyRequestSender - Using pooled Channel '[id: 0xdbba77f2, L:/127.0.0.1:51239 - R:localhost/127.0.0.1:63786]' for 'POST' to 'http://localhost:63786/session/0025b467557bd261bbfd2f74f69079db/element/fbc02c75-3304-465a-be84-22a59b69e635/value'
20:01:45.417 [Forwarding sendKeysToElement on session 0025b467557bd261bbfd2f74f69079db to remote] DEBUG org.asynchttpclient.netty.request.NettyRequestSender - Using open Channel [id: 0xdbba77f2, L:/127.0.0.1:51239 - R:localhost/127.0.0.1:63786] for POST '/session/0025b467557bd261bbfd2f74f69079db/element/fbc02c75-3304-465a-be84-22a59b69e635/value'
20:01:45.481 [AsyncHttpClient-1-7] DEBUG org.asynchttpclient.netty.handler.HttpHandler - 

Request DefaultHttpRequest(decodeResult: success, version: HTTP/1.1)
POST /session/0025b467557bd261bbfd2f74f69079db/element/fbc02c75-3304-465a-be84-22a59b69e635/value HTTP/1.1
User-Agent: selenium/4.1.4 (java windows)
Content-Length: 161
Content-Type: application/json; charset=utf-8
host: localhost:63786
accept: */*

Response DefaultHttpResponse(decodeResult: success, version: HTTP/1.1)
HTTP/1.1 200 OK
Content-Type: application/json; charset=utf-8
cache-control: no-cache
content-length: 14

20:01:45.481 [AsyncHttpClient-1-7] DEBUG org.asynchttpclient.netty.channel.ChannelManager - Adding key: http://localhost:63786 for channel [id: 0xdbba77f2, L:/127.0.0.1:51239 - R:localhost/127.0.0.1:63786]
20:01:45.485 [Forwarding screenshot on session 0025b467557bd261bbfd2f74f69079db to remote] DEBUG org.asynchttpclient.netty.request.NettyRequestSender - Using pooled Channel '[id: 0xdbba77f2, L:/127.0.0.1:51239 - R:localhost/127.0.0.1:63786]' for 'GET' to 'http://localhost:63786/session/0025b467557bd261bbfd2f74f69079db/screenshot'
20:01:45.485 [Forwarding screenshot on session 0025b467557bd261bbfd2f74f69079db to remote] DEBUG org.asynchttpclient.netty.request.NettyRequestSender - Using open Channel [id: 0xdbba77f2, L:/127.0.0.1:51239 - R:localhost/127.0.0.1:63786] for GET '/session/0025b467557bd261bbfd2f74f69079db/screenshot'
20:01:45.622 [AsyncHttpClient-1-1] DEBUG org.asynchttpclient.netty.channel.DefaultChannelPool - Entry count for : http://localhost:51240 : 1
20:01:45.675 [AsyncHttpClient-1-7] DEBUG org.asynchttpclient.netty.handler.HttpHandler - 

Request DefaultFullHttpRequest(decodeResult: success, version: HTTP/1.1, content: EmptyByteBufBE)
GET /session/0025b467557bd261bbfd2f74f69079db/screenshot HTTP/1.1
User-Agent: selenium/4.1.4 (java windows)
Cache-Control: no-cache
Content-Type: application/json; charset=utf-8
host: localhost:63786
accept: */*

Response DefaultHttpResponse(decodeResult: success, version: HTTP/1.1)
HTTP/1.1 200 OK
Content-Type: application/json; charset=utf-8
cache-control: no-cache
content-length: 377580

20:01:45.675 [AsyncHttpClient-1-7] DEBUG org.asynchttpclient.netty.channel.ChannelManager - Adding key: http://localhost:63786 for channel [id: 0xdbba77f2, L:/127.0.0.1:51239 - R:localhost/127.0.0.1:63786]
20:01:45.682 [main] DEBUG net.serenitybdd.core.photography.Darkroom - Send negative for processing for target\site\serenity\44fa0aa493cf3a3837a7fab79c30bded8f584eda85d2cfd055a7ef5b4e3f0a4a.png
20:01:45.682 [main] DEBUG net.thucydides.core.steps.StepInterceptor - STEP DONE: inputPasswordLogin
  &amp#27;[32mAnd &amp#27;[0m&amp#27;[32mI input &amp#27;[0m&amp#27;[32m&amp#27;[1m"admin123"&amp#27;[0m&amp#27;[32m login password valid&amp#27;[0m                                                        &amp#27;[90m# starter.stepdefinitios.LoginSteps.iInputLoginPasswordValid(java.lang.String)&amp#27;[0m
20:01:45.701 [main] DEBUG net.thucydides.core.steps.StepInterceptor - STARTING STEP: LoginSteps.iClickButtonLogin - clickButtonLogin
20:01:45.701 [Forwarding findElement on session 0025b467557bd261bbfd2f74f69079db to remote] DEBUG org.asynchttpclient.netty.request.NettyRequestSender - Using pooled Channel '[id: 0xdbba77f2, L:/127.0.0.1:51239 - R:localhost/127.0.0.1:63786]' for 'POST' to 'http://localhost:63786/session/0025b467557bd261bbfd2f74f69079db/element'
20:01:45.701 [Forwarding findElement on session 0025b467557bd261bbfd2f74f69079db to remote] DEBUG org.asynchttpclient.netty.request.NettyRequestSender - Using open Channel [id: 0xdbba77f2, L:/127.0.0.1:51239 - R:localhost/127.0.0.1:63786] for POST '/session/0025b467557bd261bbfd2f74f69079db/element'
20:01:45.713 [AsyncHttpClient-1-7] DEBUG org.asynchttpclient.netty.handler.HttpHandler - 

Request DefaultHttpRequest(decodeResult: success, version: HTTP/1.1)
POST /session/0025b467557bd261bbfd2f74f69079db/element HTTP/1.1
User-Agent: selenium/4.1.4 (java windows)
Content-Length: 68
Content-Type: application/json; charset=utf-8
host: localhost:63786
accept: */*

Response DefaultHttpResponse(decodeResult: success, version: HTTP/1.1)
HTTP/1.1 200 OK
Content-Type: application/json; charset=utf-8
cache-control: no-cache
content-length: 88

20:01:45.713 [AsyncHttpClient-1-7] DEBUG org.asynchttpclient.netty.channel.ChannelManager - Adding key: http://localhost:63786 for channel [id: 0xdbba77f2, L:/127.0.0.1:51239 - R:localhost/127.0.0.1:63786]
20:01:45.714 [Forwarding getElementTagName on session 0025b467557bd261bbfd2f74f69079db to remote] DEBUG org.asynchttpclient.netty.request.NettyRequestSender - Using pooled Channel '[id: 0xdbba77f2, L:/127.0.0.1:51239 - R:localhost/127.0.0.1:63786]' for 'GET' to 'http://localhost:63786/session/0025b467557bd261bbfd2f74f69079db/element/7b3e1707-849c-4788-93f2-bc57c2fb6fcc/name'
20:01:45.714 [Forwarding getElementTagName on session 0025b467557bd261bbfd2f74f69079db to remote] DEBUG org.asynchttpclient.netty.request.NettyRequestSender - Using open Channel [id: 0xdbba77f2, L:/127.0.0.1:51239 - R:localhost/127.0.0.1:63786] for GET '/session/0025b467557bd261bbfd2f74f69079db/element/7b3e1707-849c-4788-93f2-bc57c2fb6fcc/name'
20:01:45.718 [AsyncHttpClient-1-7] DEBUG org.asynchttpclient.netty.handler.HttpHandler - 

Request DefaultFullHttpRequest(decodeResult: success, version: HTTP/1.1, content: EmptyByteBufBE)
GET /session/0025b467557bd261bbfd2f74f69079db/element/7b3e1707-849c-4788-93f2-bc57c2fb6fcc/name HTTP/1.1
User-Agent: selenium/4.1.4 (java windows)
Cache-Control: no-cache
Content-Type: application/json; charset=utf-8
host: localhost:63786
accept: */*

Response DefaultHttpResponse(decodeResult: success, version: HTTP/1.1)
HTTP/1.1 200 OK
Content-Type: application/json; charset=utf-8
cache-control: no-cache
content-length: 18

20:01:45.718 [AsyncHttpClient-1-7] DEBUG org.asynchttpclient.netty.channel.ChannelManager - Adding key: http://localhost:63786 for channel [id: 0xdbba77f2, L:/127.0.0.1:51239 - R:localhost/127.0.0.1:63786]
20:01:45.718 [Forwarding getElementTagName on session 0025b467557bd261bbfd2f74f69079db to remote] DEBUG org.asynchttpclient.netty.request.NettyRequestSender - Using pooled Channel '[id: 0xdbba77f2, L:/127.0.0.1:51239 - R:localhost/127.0.0.1:63786]' for 'GET' to 'http://localhost:63786/session/0025b467557bd261bbfd2f74f69079db/element/7b3e1707-849c-4788-93f2-bc57c2fb6fcc/name'
20:01:45.718 [Forwarding getElementTagName on session 0025b467557bd261bbfd2f74f69079db to remote] DEBUG org.asynchttpclient.netty.request.NettyRequestSender - Using open Channel [id: 0xdbba77f2, L:/127.0.0.1:51239 - R:localhost/127.0.0.1:63786] for GET '/session/0025b467557bd261bbfd2f74f69079db/element/7b3e1707-849c-4788-93f2-bc57c2fb6fcc/name'
20:01:45.722 [AsyncHttpClient-1-7] DEBUG org.asynchttpclient.netty.handler.HttpHandler - 

Request DefaultFullHttpRequest(decodeResult: success, version: HTTP/1.1, content: EmptyByteBufBE)
GET /session/0025b467557bd261bbfd2f74f69079db/element/7b3e1707-849c-4788-93f2-bc57c2fb6fcc/name HTTP/1.1
User-Agent: selenium/4.1.4 (java windows)
Cache-Control: no-cache
Content-Type: application/json; charset=utf-8
host: localhost:63786
accept: */*

Response DefaultHttpResponse(decodeResult: success, version: HTTP/1.1)
HTTP/1.1 200 OK
Content-Type: application/json; charset=utf-8
cache-control: no-cache
content-length: 18

20:01:45.722 [AsyncHttpClient-1-7] DEBUG org.asynchttpclient.netty.channel.ChannelManager - Adding key: http://localhost:63786 for channel [id: 0xdbba77f2, L:/127.0.0.1:51239 - R:localhost/127.0.0.1:63786]
20:01:45.723 [Forwarding isElementEnabled on session 0025b467557bd261bbfd2f74f69079db to remote] DEBUG org.asynchttpclient.netty.request.NettyRequestSender - Using pooled Channel '[id: 0xdbba77f2, L:/127.0.0.1:51239 - R:localhost/127.0.0.1:63786]' for 'GET' to 'http://localhost:63786/session/0025b467557bd261bbfd2f74f69079db/element/7b3e1707-849c-4788-93f2-bc57c2fb6fcc/enabled'
20:01:45.723 [Forwarding isElementEnabled on session 0025b467557bd261bbfd2f74f69079db to remote] DEBUG org.asynchttpclient.netty.request.NettyRequestSender - Using open Channel [id: 0xdbba77f2, L:/127.0.0.1:51239 - R:localhost/127.0.0.1:63786] for GET '/session/0025b467557bd261bbfd2f74f69079db/element/7b3e1707-849c-4788-93f2-bc57c2fb6fcc/enabled'
20:01:45.730 [AsyncHttpClient-1-7] DEBUG org.asynchttpclient.netty.handler.HttpHandler - 

Request DefaultFullHttpRequest(decodeResult: success, version: HTTP/1.1, content: EmptyByteBufBE)
GET /session/0025b467557bd261bbfd2f74f69079db/element/7b3e1707-849c-4788-93f2-bc57c2fb6fcc/enabled HTTP/1.1
User-Agent: selenium/4.1.4 (java windows)
Cache-Control: no-cache
Content-Type: application/json; charset=utf-8
host: localhost:63786
accept: */*

Response DefaultHttpResponse(decodeResult: success, version: HTTP/1.1)
HTTP/1.1 200 OK
Content-Type: application/json; charset=utf-8
cache-control: no-cache
content-length: 14

20:01:45.730 [AsyncHttpClient-1-7] DEBUG org.asynchttpclient.netty.channel.ChannelManager - Adding key: http://localhost:63786 for channel [id: 0xdbba77f2, L:/127.0.0.1:51239 - R:localhost/127.0.0.1:63786]
20:01:45.731 [Forwarding isElementEnabled on session 0025b467557bd261bbfd2f74f69079db to remote] DEBUG org.asynchttpclient.netty.request.NettyRequestSender - Using pooled Channel '[id: 0xdbba77f2, L:/127.0.0.1:51239 - R:localhost/127.0.0.1:63786]' for 'GET' to 'http://localhost:63786/session/0025b467557bd261bbfd2f74f69079db/element/7b3e1707-849c-4788-93f2-bc57c2fb6fcc/enabled'
20:01:45.731 [Forwarding isElementEnabled on session 0025b467557bd261bbfd2f74f69079db to remote] DEBUG org.asynchttpclient.netty.request.NettyRequestSender - Using open Channel [id: 0xdbba77f2, L:/127.0.0.1:51239 - R:localhost/127.0.0.1:63786] for GET '/session/0025b467557bd261bbfd2f74f69079db/element/7b3e1707-849c-4788-93f2-bc57c2fb6fcc/enabled'
20:01:45.741 [AsyncHttpClient-1-7] DEBUG org.asynchttpclient.netty.handler.HttpHandler - 

Request DefaultFullHttpRequest(decodeResult: success, version: HTTP/1.1, content: EmptyByteBufBE)
GET /session/0025b467557bd261bbfd2f74f69079db/element/7b3e1707-849c-4788-93f2-bc57c2fb6fcc/enabled HTTP/1.1
User-Agent: selenium/4.1.4 (java windows)
Cache-Control: no-cache
Content-Type: application/json; charset=utf-8
host: localhost:63786
accept: */*

Response DefaultHttpResponse(decodeResult: success, version: HTTP/1.1)
HTTP/1.1 200 OK
Content-Type: application/json; charset=utf-8
cache-control: no-cache
content-length: 14

20:01:45.741 [AsyncHttpClient-1-7] DEBUG org.asynchttpclient.netty.channel.ChannelManager - Adding key: http://localhost:63786 for channel [id: 0xdbba77f2, L:/127.0.0.1:51239 - R:localhost/127.0.0.1:63786]
20:01:45.742 [Forwarding findElement on session 0025b467557bd261bbfd2f74f69079db to remote] DEBUG org.asynchttpclient.netty.request.NettyRequestSender - Using pooled Channel '[id: 0xdbba77f2, L:/127.0.0.1:51239 - R:localhost/127.0.0.1:63786]' for 'POST' to 'http://localhost:63786/session/0025b467557bd261bbfd2f74f69079db/element'
20:01:45.742 [Forwarding findElement on session 0025b467557bd261bbfd2f74f69079db to remote] DEBUG org.asynchttpclient.netty.request.NettyRequestSender - Using open Channel [id: 0xdbba77f2, L:/127.0.0.1:51239 - R:localhost/127.0.0.1:63786] for POST '/session/0025b467557bd261bbfd2f74f69079db/element'
20:01:45.748 [AsyncHttpClient-1-7] DEBUG org.asynchttpclient.netty.handler.HttpHandler - 

Request DefaultHttpRequest(decodeResult: success, version: HTTP/1.1)
POST /session/0025b467557bd261bbfd2f74f69079db/element HTTP/1.1
User-Agent: selenium/4.1.4 (java windows)
Content-Length: 68
Content-Type: application/json; charset=utf-8
host: localhost:63786
accept: */*

Response DefaultHttpResponse(decodeResult: success, version: HTTP/1.1)
HTTP/1.1 200 OK
Content-Type: application/json; charset=utf-8
cache-control: no-cache
content-length: 88

20:01:45.749 [AsyncHttpClient-1-7] DEBUG org.asynchttpclient.netty.channel.ChannelManager - Adding key: http://localhost:63786 for channel [id: 0xdbba77f2, L:/127.0.0.1:51239 - R:localhost/127.0.0.1:63786]
20:01:45.749 [Forwarding clickElement on session 0025b467557bd261bbfd2f74f69079db to remote] DEBUG org.asynchttpclient.netty.request.NettyRequestSender - Using pooled Channel '[id: 0xdbba77f2, L:/127.0.0.1:51239 - R:localhost/127.0.0.1:63786]' for 'POST' to 'http://localhost:63786/session/0025b467557bd261bbfd2f74f69079db/element/7b3e1707-849c-4788-93f2-bc57c2fb6fcc/click'
20:01:45.749 [Forwarding clickElement on session 0025b467557bd261bbfd2f74f69079db to remote] DEBUG org.asynchttpclient.netty.request.NettyRequestSender - Using open Channel [id: 0xdbba77f2, L:/127.0.0.1:51239 - R:localhost/127.0.0.1:63786] for POST '/session/0025b467557bd261bbfd2f74f69079db/element/7b3e1707-849c-4788-93f2-bc57c2fb6fcc/click'
20:01:45.799 [AsyncHttpClient-1-7] DEBUG org.asynchttpclient.netty.handler.HttpHandler - 

Request DefaultHttpRequest(decodeResult: success, version: HTTP/1.1)
POST /session/0025b467557bd261bbfd2f74f69079db/element/7b3e1707-849c-4788-93f2-bc57c2fb6fcc/click HTTP/1.1
User-Agent: selenium/4.1.4 (java windows)
Content-Length: 50
Content-Type: application/json; charset=utf-8
host: localhost:63786
accept: */*

Response DefaultHttpResponse(decodeResult: success, version: HTTP/1.1)
HTTP/1.1 200 OK
Content-Type: application/json; charset=utf-8
cache-control: no-cache
content-length: 14

20:01:45.799 [AsyncHttpClient-1-7] DEBUG org.asynchttpclient.netty.channel.ChannelManager - Adding key: http://localhost:63786 for channel [id: 0xdbba77f2, L:/127.0.0.1:51239 - R:localhost/127.0.0.1:63786]
20:01:45.813 [Forwarding screenshot on session 0025b467557bd261bbfd2f74f69079db to remote] DEBUG org.asynchttpclient.netty.request.NettyRequestSender - Using pooled Channel '[id: 0xdbba77f2, L:/127.0.0.1:51239 - R:localhost/127.0.0.1:63786]' for 'GET' to 'http://localhost:63786/session/0025b467557bd261bbfd2f74f69079db/screenshot'
20:01:45.813 [Forwarding screenshot on session 0025b467557bd261bbfd2f74f69079db to remote] DEBUG org.asynchttpclient.netty.request.NettyRequestSender - Using open Channel [id: 0xdbba77f2, L:/127.0.0.1:51239 - R:localhost/127.0.0.1:63786] for GET '/session/0025b467557bd261bbfd2f74f69079db/screenshot'
20:01:46.062 [AsyncHttpClient-1-7] DEBUG org.asynchttpclient.netty.handler.HttpHandler - 

Request DefaultFullHttpRequest(decodeResult: success, version: HTTP/1.1, content: EmptyByteBufBE)
GET /session/0025b467557bd261bbfd2f74f69079db/screenshot HTTP/1.1
User-Agent: selenium/4.1.4 (java windows)
Cache-Control: no-cache
Content-Type: application/json; charset=utf-8
host: localhost:63786
accept: */*

Response DefaultHttpResponse(decodeResult: success, version: HTTP/1.1)
HTTP/1.1 200 OK
Content-Type: application/json; charset=utf-8
cache-control: no-cache
content-length: 360768

20:01:46.064 [AsyncHttpClient-1-7] DEBUG org.asynchttpclient.netty.channel.ChannelManager - Adding key: http://localhost:63786 for channel [id: 0xdbba77f2, L:/127.0.0.1:51239 - R:localhost/127.0.0.1:63786]
20:01:46.072 [main] DEBUG net.serenitybdd.core.photography.Darkroom - Send negative for processing for target\site\serenity\e9117c7fbd091be4af96692c56a1214fbb73ab3437d8143ffe3d9e898e271b62.png
20:01:46.072 [main] DEBUG net.thucydides.core.steps.StepInterceptor - STEP DONE: clickButtonLogin
20:01:46.072 [Darkroom Processing Line] DEBUG net.serenitybdd.core.photography.DarkroomProcessingLine - Processing screenshot image in /var/screenshots/screenshot-5001675694485275876
20:01:46.072 [Darkroom Processing Line] DEBUG net.serenitybdd.core.photography.DarkroomProcessingLine - Saving screenshot to target\site\serenity\e9117c7fbd091be4af96692c56a1214fbb73ab3437d8143ffe3d9e898e271b62.png
20:01:46.709 [AsyncHttpClient-1-1] DEBUG org.asynchttpclient.netty.channel.DefaultChannelPool - Entry count for : http://localhost:63786 : 1
20:01:46.709 [AsyncHttpClient-1-1] DEBUG org.asynchttpclient.netty.channel.DefaultChannelPool - Entry count for : http://localhost:51240 : 1
  &amp#27;[32mAnd &amp#27;[0m&amp#27;[32mI click button login&amp#27;[0m                                                                           &amp#27;[90m# starter.stepdefinitios.LoginSteps.iClickButtonLogin()&amp#27;[0m
20:01:47.078 [Forwarding screenshot on session 0025b467557bd261bbfd2f74f69079db to remote] DEBUG org.asynchttpclient.netty.request.NettyRequestSender - Using pooled Channel '[id: 0xdbba77f2, L:/127.0.0.1:51239 - R:localhost/127.0.0.1:63786]' for 'GET' to 'http://localhost:63786/session/0025b467557bd261bbfd2f74f69079db/screenshot'
20:01:47.078 [Forwarding screenshot on session 0025b467557bd261bbfd2f74f69079db to remote] DEBUG org.asynchttpclient.netty.request.NettyRequestSender - Using open Channel [id: 0xdbba77f2, L:/127.0.0.1:51239 - R:localhost/127.0.0.1:63786] for GET '/session/0025b467557bd261bbfd2f74f69079db/screenshot'
20:01:47.291 [AsyncHttpClient-1-7] DEBUG org.asynchttpclient.netty.handler.HttpHandler - 

Request DefaultFullHttpRequest(decodeResult: success, version: HTTP/1.1, content: EmptyByteBufBE)
GET /session/0025b467557bd261bbfd2f74f69079db/screenshot HTTP/1.1
User-Agent: selenium/4.1.4 (java windows)
Cache-Control: no-cache
Content-Type: application/json; charset=utf-8
host: localhost:63786
accept: */*

Response DefaultHttpResponse(decodeResult: success, version: HTTP/1.1)
HTTP/1.1 200 OK
Content-Type: application/json; charset=utf-8
cache-control: no-cache
content-length: 313328

20:01:47.292 [AsyncHttpClient-1-7] DEBUG org.asynchttpclient.netty.channel.ChannelManager - Adding key: http://localhost:63786 for channel [id: 0xdbba77f2, L:/127.0.0.1:51239 - R:localhost/127.0.0.1:63786]
20:01:47.294 [main] DEBUG net.serenitybdd.core.photography.Darkroom - Send negative for processing for target\site\serenity\4c0f38b0939f23f7af0b1a6d289b84d9f4a9e856df35ef5b28b67986fee4bfe8.png
20:01:47.294 [Darkroom Processing Line] DEBUG net.serenitybdd.core.photography.DarkroomProcessingLine - Processing screenshot image in /var/screenshots/screenshot-13364483270186453373
20:01:47.294 [Darkroom Processing Line] DEBUG net.serenitybdd.core.photography.DarkroomProcessingLine - Saving screenshot to target\site\serenity\4c0f38b0939f23f7af0b1a6d289b84d9f4a9e856df35ef5b28b67986fee4bfe8.png
20:01:47.818 [AsyncHttpClient-1-1] DEBUG org.asynchttpclient.netty.channel.DefaultChannelPool - Entry count for : http://localhost:63786 : 1
20:01:47.818 [AsyncHttpClient-1-1] DEBUG org.asynchttpclient.netty.channel.DefaultChannelPool - Entry count for : http://localhost:51240 : 1
20:01:48.909 [AsyncHttpClient-1-1] DEBUG org.asynchttpclient.netty.channel.DefaultChannelPool - Entry count for : http://localhost:63786 : 1
20:01:48.909 [AsyncHttpClient-1-1] DEBUG org.asynchttpclient.netty.channel.DefaultChannelPool - Entry count for : http://localhost:51240 : 1
20:01:50.016 [AsyncHttpClient-1-1] DEBUG org.asynchttpclient.netty.channel.DefaultChannelPool - Entry count for : http://localhost:63786 : 1
20:01:50.016 [AsyncHttpClient-1-1] DEBUG org.asynchttpclient.netty.channel.DefaultChannelPool - Entry count for : http://localhost:51240 : 1
20:01:51.123 [AsyncHttpClient-1-1] DEBUG org.asynchttpclient.netty.channel.DefaultChannelPool - Entry count for : http://localhost:63786 : 1
20:01:51.123 [AsyncHttpClient-1-1] DEBUG org.asynchttpclient.netty.channel.DefaultChannelPool - Entry count for : http://localhost:51240 : 1
20:01:52.220 [AsyncHttpClient-1-1] DEBUG org.asynchttpclient.netty.channel.DefaultChannelPool - Entry count for : http://localhost:63786 : 1
20:01:52.220 [AsyncHttpClient-1-1] DEBUG org.asynchttpclient.netty.channel.DefaultChannelPool - Entry count for : http://localhost:51240 : 1
20:01:52.304 [Forwarding findElement on session 0025b467557bd261bbfd2f74f69079db to remote] DEBUG org.asynchttpclient.netty.request.NettyRequestSender - Using pooled Channel '[id: 0xdbba77f2, L:/127.0.0.1:51239 - R:localhost/127.0.0.1:63786]' for 'POST' to 'http://localhost:63786/session/0025b467557bd261bbfd2f74f69079db/element'
20:01:52.304 [Forwarding findElement on session 0025b467557bd261bbfd2f74f69079db to remote] DEBUG org.asynchttpclient.netty.request.NettyRequestSender - Using open Channel [id: 0xdbba77f2, L:/127.0.0.1:51239 - R:localhost/127.0.0.1:63786] for POST '/session/0025b467557bd261bbfd2f74f69079db/element'
20:01:52.334 [AsyncHttpClient-1-7] DEBUG org.asynchttpclient.netty.handler.HttpHandler - 

Request DefaultHttpRequest(decodeResult: success, version: HTTP/1.1)
POST /session/0025b467557bd261bbfd2f74f69079db/element HTTP/1.1
User-Agent: selenium/4.1.4 (java windows)
Content-Length: 68
Content-Type: application/json; charset=utf-8
host: localhost:63786
accept: */*

Response DefaultHttpResponse(decodeResult: success, version: HTTP/1.1)
HTTP/1.1 200 OK
Content-Type: application/json; charset=utf-8
cache-control: no-cache
content-length: 88

20:01:52.334 [AsyncHttpClient-1-7] DEBUG org.asynchttpclient.netty.channel.ChannelManager - Adding key: http://localhost:63786 for channel [id: 0xdbba77f2, L:/127.0.0.1:51239 - R:localhost/127.0.0.1:63786]
20:01:52.334 [Forwarding isElementEnabled on session 0025b467557bd261bbfd2f74f69079db to remote] DEBUG org.asynchttpclient.netty.request.NettyRequestSender - Using pooled Channel '[id: 0xdbba77f2, L:/127.0.0.1:51239 - R:localhost/127.0.0.1:63786]' for 'GET' to 'http://localhost:63786/session/0025b467557bd261bbfd2f74f69079db/element/13dde112-0bdc-45ae-ba80-95ece0dab84a/enabled'
20:01:52.334 [Forwarding isElementEnabled on session 0025b467557bd261bbfd2f74f69079db to remote] DEBUG org.asynchttpclient.netty.request.NettyRequestSender - Using open Channel [id: 0xdbba77f2, L:/127.0.0.1:51239 - R:localhost/127.0.0.1:63786] for GET '/session/0025b467557bd261bbfd2f74f69079db/element/13dde112-0bdc-45ae-ba80-95ece0dab84a/enabled'
20:01:52.351 [AsyncHttpClient-1-7] DEBUG org.asynchttpclient.netty.handler.HttpHandler - 

Request DefaultFullHttpRequest(decodeResult: success, version: HTTP/1.1, content: EmptyByteBufBE)
GET /session/0025b467557bd261bbfd2f74f69079db/element/13dde112-0bdc-45ae-ba80-95ece0dab84a/enabled HTTP/1.1
User-Agent: selenium/4.1.4 (java windows)
Cache-Control: no-cache
Content-Type: application/json; charset=utf-8
host: localhost:63786
accept: */*

Response DefaultHttpResponse(decodeResult: success, version: HTTP/1.1)
HTTP/1.1 200 OK
Content-Type: application/json; charset=utf-8
cache-control: no-cache
content-length: 14

20:01:52.351 [AsyncHttpClient-1-7] DEBUG org.asynchttpclient.netty.channel.ChannelManager - Adding key: http://localhost:63786 for channel [id: 0xdbba77f2, L:/127.0.0.1:51239 - R:localhost/127.0.0.1:63786]
20:01:52.859 [Forwarding screenshot on session 0025b467557bd261bbfd2f74f69079db to remote] DEBUG org.asynchttpclient.netty.request.NettyRequestSender - Using pooled Channel '[id: 0xdbba77f2, L:/127.0.0.1:51239 - R:localhost/127.0.0.1:63786]' for 'GET' to 'http://localhost:63786/session/0025b467557bd261bbfd2f74f69079db/screenshot'
20:01:52.859 [Forwarding screenshot on session 0025b467557bd261bbfd2f74f69079db to remote] DEBUG org.asynchttpclient.netty.request.NettyRequestSender - Using open Channel [id: 0xdbba77f2, L:/127.0.0.1:51239 - R:localhost/127.0.0.1:63786] for GET '/session/0025b467557bd261bbfd2f74f69079db/screenshot'
20:01:53.181 [AsyncHttpClient-1-7] DEBUG org.asynchttpclient.netty.handler.HttpHandler - 

Request DefaultFullHttpRequest(decodeResult: success, version: HTTP/1.1, content: EmptyByteBufBE)
GET /session/0025b467557bd261bbfd2f74f69079db/screenshot HTTP/1.1
User-Agent: selenium/4.1.4 (java windows)
Cache-Control: no-cache
Content-Type: application/json; charset=utf-8
host: localhost:63786
accept: */*

Response DefaultHttpResponse(decodeResult: success, version: HTTP/1.1)
HTTP/1.1 200 OK
Content-Type: application/json; charset=utf-8
cache-control: no-cache
content-length: 301044

20:01:53.181 [AsyncHttpClient-1-7] DEBUG org.asynchttpclient.netty.channel.ChannelManager - Adding key: http://localhost:63786 for channel [id: 0xdbba77f2, L:/127.0.0.1:51239 - R:localhost/127.0.0.1:63786]
20:01:53.187 [main] DEBUG net.serenitybdd.core.photography.Darkroom - Send negative for processing for target\site\serenity\163e386af0b12517552a74a3d5043b94e8c0f9215c0f21d464e3b04d27a0859d.png
20:01:53.187 [main] DEBUG net.thucydides.core.steps.StepInterceptor - STARTING STEP: LoginSteps.loginValidationInvalid - clickButtonErrorOK
20:01:53.201 [Forwarding findElement on session 0025b467557bd261bbfd2f74f69079db to remote] DEBUG org.asynchttpclient.netty.request.NettyRequestSender - Using pooled Channel '[id: 0xdbba77f2, L:/127.0.0.1:51239 - R:localhost/127.0.0.1:63786]' for 'POST' to 'http://localhost:63786/session/0025b467557bd261bbfd2f74f69079db/element'
20:01:53.201 [Forwarding findElement on session 0025b467557bd261bbfd2f74f69079db to remote] DEBUG org.asynchttpclient.netty.request.NettyRequestSender - Using open Channel [id: 0xdbba77f2, L:/127.0.0.1:51239 - R:localhost/127.0.0.1:63786] for POST '/session/0025b467557bd261bbfd2f74f69079db/element'
20:01:53.221 [AsyncHttpClient-1-7] DEBUG org.asynchttpclient.netty.handler.HttpHandler - 

Request DefaultHttpRequest(decodeResult: success, version: HTTP/1.1)
POST /session/0025b467557bd261bbfd2f74f69079db/element HTTP/1.1
User-Agent: selenium/4.1.4 (java windows)
Content-Length: 88
Content-Type: application/json; charset=utf-8
host: localhost:63786
accept: */*

Response DefaultHttpResponse(decodeResult: success, version: HTTP/1.1)
HTTP/1.1 200 OK
Content-Type: application/json; charset=utf-8
cache-control: no-cache
content-length: 88

20:01:53.221 [AsyncHttpClient-1-7] DEBUG org.asynchttpclient.netty.channel.ChannelManager - Adding key: http://localhost:63786 for channel [id: 0xdbba77f2, L:/127.0.0.1:51239 - R:localhost/127.0.0.1:63786]
20:01:53.222 [Forwarding getElementTagName on session 0025b467557bd261bbfd2f74f69079db to remote] DEBUG org.asynchttpclient.netty.request.NettyRequestSender - Using pooled Channel '[id: 0xdbba77f2, L:/127.0.0.1:51239 - R:localhost/127.0.0.1:63786]' for 'GET' to 'http://localhost:63786/session/0025b467557bd261bbfd2f74f69079db/element/197989a6-a859-4369-ae8b-43a65462ac14/name'
20:01:53.222 [Forwarding getElementTagName on session 0025b467557bd261bbfd2f74f69079db to remote] DEBUG org.asynchttpclient.netty.request.NettyRequestSender - Using open Channel [id: 0xdbba77f2, L:/127.0.0.1:51239 - R:localhost/127.0.0.1:63786] for GET '/session/0025b467557bd261bbfd2f74f69079db/element/197989a6-a859-4369-ae8b-43a65462ac14/name'
20:01:53.229 [AsyncHttpClient-1-7] DEBUG org.asynchttpclient.netty.handler.HttpHandler - 

Request DefaultFullHttpRequest(decodeResult: success, version: HTTP/1.1, content: EmptyByteBufBE)
GET /session/0025b467557bd261bbfd2f74f69079db/element/197989a6-a859-4369-ae8b-43a65462ac14/name HTTP/1.1
User-Agent: selenium/4.1.4 (java windows)
Cache-Control: no-cache
Content-Type: application/json; charset=utf-8
host: localhost:63786
accept: */*

Response DefaultHttpResponse(decodeResult: success, version: HTTP/1.1)
HTTP/1.1 200 OK
Content-Type: application/json; charset=utf-8
cache-control: no-cache
content-length: 18

20:01:53.229 [AsyncHttpClient-1-7] DEBUG org.asynchttpclient.netty.channel.ChannelManager - Adding key: http://localhost:63786 for channel [id: 0xdbba77f2, L:/127.0.0.1:51239 - R:localhost/127.0.0.1:63786]
20:01:53.230 [Forwarding getElementTagName on session 0025b467557bd261bbfd2f74f69079db to remote] DEBUG org.asynchttpclient.netty.request.NettyRequestSender - Using pooled Channel '[id: 0xdbba77f2, L:/127.0.0.1:51239 - R:localhost/127.0.0.1:63786]' for 'GET' to 'http://localhost:63786/session/0025b467557bd261bbfd2f74f69079db/element/197989a6-a859-4369-ae8b-43a65462ac14/name'
20:01:53.230 [Forwarding getElementTagName on session 0025b467557bd261bbfd2f74f69079db to remote] DEBUG org.asynchttpclient.netty.request.NettyRequestSender - Using open Channel [id: 0xdbba77f2, L:/127.0.0.1:51239 - R:localhost/127.0.0.1:63786] for GET '/session/0025b467557bd261bbfd2f74f69079db/element/197989a6-a859-4369-ae8b-43a65462ac14/name'
20:01:53.236 [AsyncHttpClient-1-7] DEBUG org.asynchttpclient.netty.handler.HttpHandler - 

Request DefaultFullHttpRequest(decodeResult: success, version: HTTP/1.1, content: EmptyByteBufBE)
GET /session/0025b467557bd261bbfd2f74f69079db/element/197989a6-a859-4369-ae8b-43a65462ac14/name HTTP/1.1
User-Agent: selenium/4.1.4 (java windows)
Cache-Control: no-cache
Content-Type: application/json; charset=utf-8
host: localhost:63786
accept: */*

Response DefaultHttpResponse(decodeResult: success, version: HTTP/1.1)
HTTP/1.1 200 OK
Content-Type: application/json; charset=utf-8
cache-control: no-cache
content-length: 18

20:01:53.236 [AsyncHttpClient-1-7] DEBUG org.asynchttpclient.netty.channel.ChannelManager - Adding key: http://localhost:63786 for channel [id: 0xdbba77f2, L:/127.0.0.1:51239 - R:localhost/127.0.0.1:63786]
20:01:53.237 [Forwarding isElementEnabled on session 0025b467557bd261bbfd2f74f69079db to remote] DEBUG org.asynchttpclient.netty.request.NettyRequestSender - Using pooled Channel '[id: 0xdbba77f2, L:/127.0.0.1:51239 - R:localhost/127.0.0.1:63786]' for 'GET' to 'http://localhost:63786/session/0025b467557bd261bbfd2f74f69079db/element/197989a6-a859-4369-ae8b-43a65462ac14/enabled'
20:01:53.237 [Forwarding isElementEnabled on session 0025b467557bd261bbfd2f74f69079db to remote] DEBUG org.asynchttpclient.netty.request.NettyRequestSender - Using open Channel [id: 0xdbba77f2, L:/127.0.0.1:51239 - R:localhost/127.0.0.1:63786] for GET '/session/0025b467557bd261bbfd2f74f69079db/element/197989a6-a859-4369-ae8b-43a65462ac14/enabled'
20:01:53.252 [AsyncHttpClient-1-7] DEBUG org.asynchttpclient.netty.handler.HttpHandler - 

Request DefaultFullHttpRequest(decodeResult: success, version: HTTP/1.1, content: EmptyByteBufBE)
GET /session/0025b467557bd261bbfd2f74f69079db/element/197989a6-a859-4369-ae8b-43a65462ac14/enabled HTTP/1.1
User-Agent: selenium/4.1.4 (java windows)
Cache-Control: no-cache
Content-Type: application/json; charset=utf-8
host: localhost:63786
accept: */*

Response DefaultHttpResponse(decodeResult: success, version: HTTP/1.1)
HTTP/1.1 200 OK
Content-Type: application/json; charset=utf-8
cache-control: no-cache
content-length: 14

20:01:53.252 [AsyncHttpClient-1-7] DEBUG org.asynchttpclient.netty.channel.ChannelManager - Adding key: http://localhost:63786 for channel [id: 0xdbba77f2, L:/127.0.0.1:51239 - R:localhost/127.0.0.1:63786]
20:01:53.252 [Forwarding isElementEnabled on session 0025b467557bd261bbfd2f74f69079db to remote] DEBUG org.asynchttpclient.netty.request.NettyRequestSender - Using pooled Channel '[id: 0xdbba77f2, L:/127.0.0.1:51239 - R:localhost/127.0.0.1:63786]' for 'GET' to 'http://localhost:63786/session/0025b467557bd261bbfd2f74f69079db/element/197989a6-a859-4369-ae8b-43a65462ac14/enabled'
20:01:53.252 [Forwarding isElementEnabled on session 0025b467557bd261bbfd2f74f69079db to remote] DEBUG org.asynchttpclient.netty.request.NettyRequestSender - Using open Channel [id: 0xdbba77f2, L:/127.0.0.1:51239 - R:localhost/127.0.0.1:63786] for GET '/session/0025b467557bd261bbfd2f74f69079db/element/197989a6-a859-4369-ae8b-43a65462ac14/enabled'
20:01:53.263 [AsyncHttpClient-1-7] DEBUG org.asynchttpclient.netty.handler.HttpHandler - 

Request DefaultFullHttpRequest(decodeResult: success, version: HTTP/1.1, content: EmptyByteBufBE)
GET /session/0025b467557bd261bbfd2f74f69079db/element/197989a6-a859-4369-ae8b-43a65462ac14/enabled HTTP/1.1
User-Agent: selenium/4.1.4 (java windows)
Cache-Control: no-cache
Content-Type: application/json; charset=utf-8
host: localhost:63786
accept: */*

Response DefaultHttpResponse(decodeResult: success, version: HTTP/1.1)
HTTP/1.1 200 OK
Content-Type: application/json; charset=utf-8
cache-control: no-cache
content-length: 14

20:01:53.263 [AsyncHttpClient-1-7] DEBUG org.asynchttpclient.netty.channel.ChannelManager - Adding key: http://localhost:63786 for channel [id: 0xdbba77f2, L:/127.0.0.1:51239 - R:localhost/127.0.0.1:63786]
20:01:53.264 [Forwarding findElement on session 0025b467557bd261bbfd2f74f69079db to remote] DEBUG org.asynchttpclient.netty.request.NettyRequestSender - Using pooled Channel '[id: 0xdbba77f2, L:/127.0.0.1:51239 - R:localhost/127.0.0.1:63786]' for 'POST' to 'http://localhost:63786/session/0025b467557bd261bbfd2f74f69079db/element'
20:01:53.264 [Forwarding findElement on session 0025b467557bd261bbfd2f74f69079db to remote] DEBUG org.asynchttpclient.netty.request.NettyRequestSender - Using open Channel [id: 0xdbba77f2, L:/127.0.0.1:51239 - R:localhost/127.0.0.1:63786] for POST '/session/0025b467557bd261bbfd2f74f69079db/element'
20:01:53.277 [AsyncHttpClient-1-7] DEBUG org.asynchttpclient.netty.handler.HttpHandler - 

Request DefaultHttpRequest(decodeResult: success, version: HTTP/1.1)
POST /session/0025b467557bd261bbfd2f74f69079db/element HTTP/1.1
User-Agent: selenium/4.1.4 (java windows)
Content-Length: 88
Content-Type: application/json; charset=utf-8
host: localhost:63786
accept: */*

Response DefaultHttpResponse(decodeResult: success, version: HTTP/1.1)
HTTP/1.1 200 OK
Content-Type: application/json; charset=utf-8
cache-control: no-cache
content-length: 88

20:01:53.277 [AsyncHttpClient-1-7] DEBUG org.asynchttpclient.netty.channel.ChannelManager - Adding key: http://localhost:63786 for channel [id: 0xdbba77f2, L:/127.0.0.1:51239 - R:localhost/127.0.0.1:63786]
20:01:53.278 [Forwarding clickElement on session 0025b467557bd261bbfd2f74f69079db to remote] DEBUG org.asynchttpclient.netty.request.NettyRequestSender - Using pooled Channel '[id: 0xdbba77f2, L:/127.0.0.1:51239 - R:localhost/127.0.0.1:63786]' for 'POST' to 'http://localhost:63786/session/0025b467557bd261bbfd2f74f69079db/element/197989a6-a859-4369-ae8b-43a65462ac14/click'
20:01:53.278 [Forwarding clickElement on session 0025b467557bd261bbfd2f74f69079db to remote] DEBUG org.asynchttpclient.netty.request.NettyRequestSender - Using open Channel [id: 0xdbba77f2, L:/127.0.0.1:51239 - R:localhost/127.0.0.1:63786] for POST '/session/0025b467557bd261bbfd2f74f69079db/element/197989a6-a859-4369-ae8b-43a65462ac14/click'
20:01:53.315 [AsyncHttpClient-1-1] DEBUG org.asynchttpclient.netty.channel.DefaultChannelPool - Entry count for : http://localhost:51240 : 1
20:01:53.381 [AsyncHttpClient-1-7] DEBUG org.asynchttpclient.netty.handler.HttpHandler - 

Request DefaultHttpRequest(decodeResult: success, version: HTTP/1.1)
POST /session/0025b467557bd261bbfd2f74f69079db/element/197989a6-a859-4369-ae8b-43a65462ac14/click HTTP/1.1
User-Agent: selenium/4.1.4 (java windows)
Content-Length: 50
Content-Type: application/json; charset=utf-8
host: localhost:63786
accept: */*

Response DefaultHttpResponse(decodeResult: success, version: HTTP/1.1)
HTTP/1.1 200 OK
Content-Type: application/json; charset=utf-8
cache-control: no-cache
content-length: 14

20:01:53.381 [AsyncHttpClient-1-7] DEBUG org.asynchttpclient.netty.channel.ChannelManager - Adding key: http://localhost:63786 for channel [id: 0xdbba77f2, L:/127.0.0.1:51239 - R:localhost/127.0.0.1:63786]
20:01:53.393 [Forwarding screenshot on session 0025b467557bd261bbfd2f74f69079db to remote] DEBUG org.asynchttpclient.netty.request.NettyRequestSender - Using pooled Channel '[id: 0xdbba77f2, L:/127.0.0.1:51239 - R:localhost/127.0.0.1:63786]' for 'GET' to 'http://localhost:63786/session/0025b467557bd261bbfd2f74f69079db/screenshot'
20:01:53.393 [Forwarding screenshot on session 0025b467557bd261bbfd2f74f69079db to remote] DEBUG org.asynchttpclient.netty.request.NettyRequestSender - Using open Channel [id: 0xdbba77f2, L:/127.0.0.1:51239 - R:localhost/127.0.0.1:63786] for GET '/session/0025b467557bd261bbfd2f74f69079db/screenshot'
20:01:53.810 [AsyncHttpClient-1-7] DEBUG org.asynchttpclient.netty.handler.HttpHandler - 

Request DefaultFullHttpRequest(decodeResult: success, version: HTTP/1.1, content: EmptyByteBufBE)
GET /session/0025b467557bd261bbfd2f74f69079db/screenshot HTTP/1.1
User-Agent: selenium/4.1.4 (java windows)
Cache-Control: no-cache
Content-Type: application/json; charset=utf-8
host: localhost:63786
accept: */*

Response DefaultHttpResponse(decodeResult: success, version: HTTP/1.1)
HTTP/1.1 200 OK
Content-Type: application/json; charset=utf-8
cache-control: no-cache
content-length: 74380

20:01:53.810 [AsyncHttpClient-1-7] DEBUG org.asynchttpclient.netty.channel.ChannelManager - Adding key: http://localhost:63786 for channel [id: 0xdbba77f2, L:/127.0.0.1:51239 - R:localhost/127.0.0.1:63786]
20:01:53.811 [main] DEBUG net.serenitybdd.core.photography.Darkroom - Send negative for processing for target\site\serenity\e98d1690a5cf40510b122553402a77f0ee745854ca990f9de768d7252d850df9.png
20:01:53.811 [main] DEBUG net.thucydides.core.steps.StepInterceptor - STEP DONE: clickButtonErrorOK
  &amp#27;[32mAnd &amp#27;[0m&amp#27;[32mLogin validation invalid&amp#27;[0m                                                                       &amp#27;[90m# starter.stepdefinitios.LoginSteps.loginValidationInvalid()&amp#27;[0m
20:01:53.811 [Darkroom Processing Line] DEBUG net.serenitybdd.core.photography.DarkroomProcessingLine - Processing screenshot image in /var/screenshots/screenshot-12358640008126766544
20:01:53.811 [Darkroom Processing Line] DEBUG net.serenitybdd.core.photography.DarkroomProcessingLine - Saving screenshot to target\site\serenity\e98d1690a5cf40510b122553402a77f0ee745854ca990f9de768d7252d850df9.png
20:01:54.419 [AsyncHttpClient-1-1] DEBUG org.asynchttpclient.netty.channel.DefaultChannelPool - Entry count for : http://localhost:63786 : 1
20:01:54.419 [AsyncHttpClient-1-1] DEBUG org.asynchttpclient.netty.channel.DefaultChannelPool - Entry count for : http://localhost:51240 : 1
20:01:55.511 [AsyncHttpClient-1-1] DEBUG org.asynchttpclient.netty.channel.DefaultChannelPool - Entry count for : http://localhost:63786 : 1
20:01:55.511 [AsyncHttpClient-1-1] DEBUG org.asynchttpclient.netty.channel.DefaultChannelPool - Entry count for : http://localhost:51240 : 1
20:01:56.611 [AsyncHttpClient-1-1] DEBUG org.asynchttpclient.netty.channel.DefaultChannelPool - Entry count for : http://localhost:63786 : 1
20:01:56.611 [AsyncHttpClient-1-1] DEBUG org.asynchttpclient.netty.channel.DefaultChannelPool - Entry count for : http://localhost:51240 : 1
20:01:57.715 [AsyncHttpClient-1-1] DEBUG org.asynchttpclient.netty.channel.DefaultChannelPool - Entry count for : http://localhost:63786 : 1
20:01:57.715 [AsyncHttpClient-1-1] DEBUG org.asynchttpclient.netty.channel.DefaultChannelPool - Entry count for : http://localhost:51240 : 1
20:01:58.819 [AsyncHttpClient-1-1] DEBUG org.asynchttpclient.netty.channel.DefaultChannelPool - Entry count for : http://localhost:63786 : 1
20:01:58.819 [AsyncHttpClient-1-1] DEBUG org.asynchttpclient.netty.channel.DefaultChannelPool - Entry count for : http://localhost:51240 : 1
20:01:58.885 [Forwarding screenshot on session 0025b467557bd261bbfd2f74f69079db to remote] DEBUG org.asynchttpclient.netty.request.NettyRequestSender - Using pooled Channel '[id: 0xdbba77f2, L:/127.0.0.1:51239 - R:localhost/127.0.0.1:63786]' for 'GET' to 'http://localhost:63786/session/0025b467557bd261bbfd2f74f69079db/screenshot'
20:01:58.885 [Forwarding screenshot on session 0025b467557bd261bbfd2f74f69079db to remote] DEBUG org.asynchttpclient.netty.request.NettyRequestSender - Using open Channel [id: 0xdbba77f2, L:/127.0.0.1:51239 - R:localhost/127.0.0.1:63786] for GET '/session/0025b467557bd261bbfd2f74f69079db/screenshot'
20:01:59.040 [AsyncHttpClient-1-7] DEBUG org.asynchttpclient.netty.handler.HttpHandler - 

Request DefaultFullHttpRequest(decodeResult: success, version: HTTP/1.1, content: EmptyByteBufBE)
GET /session/0025b467557bd261bbfd2f74f69079db/screenshot HTTP/1.1
User-Agent: selenium/4.1.4 (java windows)
Cache-Control: no-cache
Content-Type: application/json; charset=utf-8
host: localhost:63786
accept: */*

Response DefaultHttpResponse(decodeResult: success, version: HTTP/1.1)
HTTP/1.1 200 OK
Content-Type: application/json; charset=utf-8
cache-control: no-cache
content-length: 78916

20:01:59.040 [AsyncHttpClient-1-7] DEBUG org.asynchttpclient.netty.channel.ChannelManager - Adding key: http://localhost:63786 for channel [id: 0xdbba77f2, L:/127.0.0.1:51239 - R:localhost/127.0.0.1:63786]
20:01:59.043 [main] DEBUG net.serenitybdd.core.photography.Darkroom - Send negative for processing for target\site\serenity\6ddfb86c3e40e80f5cf75f5473ea4a13b4be8ddc07b6bfa170e30cd2276a987b.png
20:01:59.044 [main] DEBUG net.thucydides.core.steps.StepInterceptor - STARTING STEP: KelolaJadwalSteps.clickButtonManageSchedule - clickButtonKelolaJadwal
20:01:59.047 [Forwarding findElement on session 0025b467557bd261bbfd2f74f69079db to remote] DEBUG org.asynchttpclient.netty.request.NettyRequestSender - Using pooled Channel '[id: 0xdbba77f2, L:/127.0.0.1:51239 - R:localhost/127.0.0.1:63786]' for 'POST' to 'http://localhost:63786/session/0025b467557bd261bbfd2f74f69079db/element'
20:01:59.047 [Forwarding findElement on session 0025b467557bd261bbfd2f74f69079db to remote] DEBUG org.asynchttpclient.netty.request.NettyRequestSender - Using open Channel [id: 0xdbba77f2, L:/127.0.0.1:51239 - R:localhost/127.0.0.1:63786] for POST '/session/0025b467557bd261bbfd2f74f69079db/element'
20:01:59.058 [AsyncHttpClient-1-7] DEBUG org.asynchttpclient.netty.handler.HttpHandler - 

Request DefaultHttpRequest(decodeResult: success, version: HTTP/1.1)
POST /session/0025b467557bd261bbfd2f74f69079db/element HTTP/1.1
User-Agent: selenium/4.1.4 (java windows)
Content-Length: 114
Content-Type: application/json; charset=utf-8
host: localhost:63786
accept: */*

Response DefaultHttpResponse(decodeResult: success, version: HTTP/1.1)
HTTP/1.1 200 OK
Content-Type: application/json; charset=utf-8
cache-control: no-cache
content-length: 88

20:01:59.058 [AsyncHttpClient-1-7] DEBUG org.asynchttpclient.netty.channel.ChannelManager - Adding key: http://localhost:63786 for channel [id: 0xdbba77f2, L:/127.0.0.1:51239 - R:localhost/127.0.0.1:63786]
20:01:59.059 [Forwarding getElementTagName on session 0025b467557bd261bbfd2f74f69079db to remote] DEBUG org.asynchttpclient.netty.request.NettyRequestSender - Using pooled Channel '[id: 0xdbba77f2, L:/127.0.0.1:51239 - R:localhost/127.0.0.1:63786]' for 'GET' to 'http://localhost:63786/session/0025b467557bd261bbfd2f74f69079db/element/dc7a8217-2d9e-483e-92c8-28710ed6744e/name'
20:01:59.059 [Forwarding getElementTagName on session 0025b467557bd261bbfd2f74f69079db to remote] DEBUG org.asynchttpclient.netty.request.NettyRequestSender - Using open Channel [id: 0xdbba77f2, L:/127.0.0.1:51239 - R:localhost/127.0.0.1:63786] for GET '/session/0025b467557bd261bbfd2f74f69079db/element/dc7a8217-2d9e-483e-92c8-28710ed6744e/name'
20:01:59.064 [AsyncHttpClient-1-7] DEBUG org.asynchttpclient.netty.handler.HttpHandler - 

Request DefaultFullHttpRequest(decodeResult: success, version: HTTP/1.1, content: EmptyByteBufBE)
GET /session/0025b467557bd261bbfd2f74f69079db/element/dc7a8217-2d9e-483e-92c8-28710ed6744e/name HTTP/1.1
User-Agent: selenium/4.1.4 (java windows)
Cache-Control: no-cache
Content-Type: application/json; charset=utf-8
host: localhost:63786
accept: */*

Response DefaultHttpResponse(decodeResult: success, version: HTTP/1.1)
HTTP/1.1 200 OK
Content-Type: application/json; charset=utf-8
cache-control: no-cache
content-length: 13

20:01:59.064 [AsyncHttpClient-1-7] DEBUG org.asynchttpclient.netty.channel.ChannelManager - Adding key: http://localhost:63786 for channel [id: 0xdbba77f2, L:/127.0.0.1:51239 - R:localhost/127.0.0.1:63786]
20:01:59.065 [Forwarding getElementTagName on session 0025b467557bd261bbfd2f74f69079db to remote] DEBUG org.asynchttpclient.netty.request.NettyRequestSender - Using pooled Channel '[id: 0xdbba77f2, L:/127.0.0.1:51239 - R:localhost/127.0.0.1:63786]' for 'GET' to 'http://localhost:63786/session/0025b467557bd261bbfd2f74f69079db/element/dc7a8217-2d9e-483e-92c8-28710ed6744e/name'
20:01:59.065 [Forwarding getElementTagName on session 0025b467557bd261bbfd2f74f69079db to remote] DEBUG org.asynchttpclient.netty.request.NettyRequestSender - Using open Channel [id: 0xdbba77f2, L:/127.0.0.1:51239 - R:localhost/127.0.0.1:63786] for GET '/session/0025b467557bd261bbfd2f74f69079db/element/dc7a8217-2d9e-483e-92c8-28710ed6744e/name'
20:01:59.069 [AsyncHttpClient-1-7] DEBUG org.asynchttpclient.netty.handler.HttpHandler - 

Request DefaultFullHttpRequest(decodeResult: success, version: HTTP/1.1, content: EmptyByteBufBE)
GET /session/0025b467557bd261bbfd2f74f69079db/element/dc7a8217-2d9e-483e-92c8-28710ed6744e/name HTTP/1.1
User-Agent: selenium/4.1.4 (java windows)
Cache-Control: no-cache
Content-Type: application/json; charset=utf-8
host: localhost:63786
accept: */*

Response DefaultHttpResponse(decodeResult: success, version: HTTP/1.1)
HTTP/1.1 200 OK
Content-Type: application/json; charset=utf-8
cache-control: no-cache
content-length: 13

20:01:59.069 [AsyncHttpClient-1-7] DEBUG org.asynchttpclient.netty.channel.ChannelManager - Adding key: http://localhost:63786 for channel [id: 0xdbba77f2, L:/127.0.0.1:51239 - R:localhost/127.0.0.1:63786]
20:01:59.090 [Forwarding findElement on session 0025b467557bd261bbfd2f74f69079db to remote] DEBUG org.asynchttpclient.netty.request.NettyRequestSender - Using pooled Channel '[id: 0xdbba77f2, L:/127.0.0.1:51239 - R:localhost/127.0.0.1:63786]' for 'POST' to 'http://localhost:63786/session/0025b467557bd261bbfd2f74f69079db/element'
20:01:59.090 [Forwarding findElement on session 0025b467557bd261bbfd2f74f69079db to remote] DEBUG org.asynchttpclient.netty.request.NettyRequestSender - Using open Channel [id: 0xdbba77f2, L:/127.0.0.1:51239 - R:localhost/127.0.0.1:63786] for POST '/session/0025b467557bd261bbfd2f74f69079db/element'
20:01:59.099 [AsyncHttpClient-1-7] DEBUG org.asynchttpclient.netty.handler.HttpHandler - 

Request DefaultHttpRequest(decodeResult: success, version: HTTP/1.1)
POST /session/0025b467557bd261bbfd2f74f69079db/element HTTP/1.1
User-Agent: selenium/4.1.4 (java windows)
Content-Length: 114
Content-Type: application/json; charset=utf-8
host: localhost:63786
accept: */*

Response DefaultHttpResponse(decodeResult: success, version: HTTP/1.1)
HTTP/1.1 200 OK
Content-Type: application/json; charset=utf-8
cache-control: no-cache
content-length: 88

20:01:59.099 [AsyncHttpClient-1-7] DEBUG org.asynchttpclient.netty.channel.ChannelManager - Adding key: http://localhost:63786 for channel [id: 0xdbba77f2, L:/127.0.0.1:51239 - R:localhost/127.0.0.1:63786]
20:01:59.101 [Forwarding clickElement on session 0025b467557bd261bbfd2f74f69079db to remote] DEBUG org.asynchttpclient.netty.request.NettyRequestSender - Using pooled Channel '[id: 0xdbba77f2, L:/127.0.0.1:51239 - R:localhost/127.0.0.1:63786]' for 'POST' to 'http://localhost:63786/session/0025b467557bd261bbfd2f74f69079db/element/dc7a8217-2d9e-483e-92c8-28710ed6744e/click'
20:01:59.101 [Forwarding clickElement on session 0025b467557bd261bbfd2f74f69079db to remote] DEBUG org.asynchttpclient.netty.request.NettyRequestSender - Using open Channel [id: 0xdbba77f2, L:/127.0.0.1:51239 - R:localhost/127.0.0.1:63786] for POST '/session/0025b467557bd261bbfd2f74f69079db/element/dc7a8217-2d9e-483e-92c8-28710ed6744e/click'
20:01:59.183 [AsyncHttpClient-1-7] DEBUG org.asynchttpclient.netty.handler.HttpHandler - 

Request DefaultHttpRequest(decodeResult: success, version: HTTP/1.1)
POST /session/0025b467557bd261bbfd2f74f69079db/element/dc7a8217-2d9e-483e-92c8-28710ed6744e/click HTTP/1.1
User-Agent: selenium/4.1.4 (java windows)
Content-Length: 50
Content-Type: application/json; charset=utf-8
host: localhost:63786
accept: */*

Response DefaultHttpResponse(decodeResult: success, version: HTTP/1.1)
HTTP/1.1 200 OK
Content-Type: application/json; charset=utf-8
cache-control: no-cache
content-length: 14

20:01:59.183 [AsyncHttpClient-1-7] DEBUG org.asynchttpclient.netty.channel.ChannelManager - Adding key: http://localhost:63786 for channel [id: 0xdbba77f2, L:/127.0.0.1:51239 - R:localhost/127.0.0.1:63786]
20:01:59.191 [Forwarding screenshot on session 0025b467557bd261bbfd2f74f69079db to remote] DEBUG org.asynchttpclient.netty.request.NettyRequestSender - Using pooled Channel '[id: 0xdbba77f2, L:/127.0.0.1:51239 - R:localhost/127.0.0.1:63786]' for 'GET' to 'http://localhost:63786/session/0025b467557bd261bbfd2f74f69079db/screenshot'
20:01:59.191 [Forwarding screenshot on session 0025b467557bd261bbfd2f74f69079db to remote] DEBUG org.asynchttpclient.netty.request.NettyRequestSender - Using open Channel [id: 0xdbba77f2, L:/127.0.0.1:51239 - R:localhost/127.0.0.1:63786] for GET '/session/0025b467557bd261bbfd2f74f69079db/screenshot'
20:01:59.530 [AsyncHttpClient-1-7] DEBUG org.asynchttpclient.netty.handler.HttpHandler - 

Request DefaultFullHttpRequest(decodeResult: success, version: HTTP/1.1, content: EmptyByteBufBE)
GET /session/0025b467557bd261bbfd2f74f69079db/screenshot HTTP/1.1
User-Agent: selenium/4.1.4 (java windows)
Cache-Control: no-cache
Content-Type: application/json; charset=utf-8
host: localhost:63786
accept: */*

Response DefaultHttpResponse(decodeResult: success, version: HTTP/1.1)
HTTP/1.1 200 OK
Content-Type: application/json; charset=utf-8
cache-control: no-cache
content-length: 113688

20:01:59.531 [AsyncHttpClient-1-7] DEBUG org.asynchttpclient.netty.channel.ChannelManager - Adding key: http://localhost:63786 for channel [id: 0xdbba77f2, L:/127.0.0.1:51239 - R:localhost/127.0.0.1:63786]
20:01:59.539 [main] DEBUG net.serenitybdd.core.photography.Darkroom - Send negative for processing for target\site\serenity\9aa0280f6691e5b458c0494e27f8c0acbb8bba2d0f066df2f118de98a4b3fb1a.png
20:01:59.539 [main] DEBUG net.thucydides.core.steps.StepInterceptor - STEP DONE: clickButtonKelolaJadwal
  &amp#27;[32mWhen &amp#27;[0m&amp#27;[32mClick button manage schedule&amp#27;[0m                                                                  &amp#27;[90m# starter.stepdefinitios.KelolaJadwalSteps.clickButtonManageSchedule()&amp#27;[0m
20:01:59.543 [Darkroom Processing Line] DEBUG net.serenitybdd.core.photography.DarkroomProcessingLine - Processing screenshot image in /var/screenshots/screenshot-325745924921913516
20:01:59.543 [Darkroom Processing Line] DEBUG net.serenitybdd.core.photography.DarkroomProcessingLine - Saving screenshot to target\site\serenity\9aa0280f6691e5b458c0494e27f8c0acbb8bba2d0f066df2f118de98a4b3fb1a.png
20:01:59.922 [AsyncHttpClient-1-1] DEBUG org.asynchttpclient.netty.channel.DefaultChannelPool - Entry count for : http://localhost:63786 : 1
20:01:59.922 [AsyncHttpClient-1-1] DEBUG org.asynchttpclient.netty.channel.DefaultChannelPool - Entry count for : http://localhost:51240 : 1
20:02:01.013 [AsyncHttpClient-1-1] DEBUG org.asynchttpclient.netty.channel.DefaultChannelPool - Entry count for : http://localhost:63786 : 1
20:02:01.013 [AsyncHttpClient-1-1] DEBUG org.asynchttpclient.netty.channel.DefaultChannelPool - Entry count for : http://localhost:51240 : 1
20:02:02.111 [AsyncHttpClient-1-1] DEBUG org.asynchttpclient.netty.channel.DefaultChannelPool - Entry count for : http://localhost:63786 : 1
20:02:02.111 [AsyncHttpClient-1-1] DEBUG org.asynchttpclient.netty.channel.DefaultChannelPool - Entry count for : http://localhost:51240 : 1
20:02:03.216 [AsyncHttpClient-1-1] DEBUG org.asynchttpclient.netty.channel.DefaultChannelPool - Entry count for : http://localhost:63786 : 1
20:02:03.216 [AsyncHttpClient-1-1] DEBUG org.asynchttpclient.netty.channel.DefaultChannelPool - Entry count for : http://localhost:51240 : 1
20:02:04.313 [AsyncHttpClient-1-1] DEBUG org.asynchttpclient.netty.channel.DefaultChannelPool - Entry count for : http://localhost:63786 : 1
20:02:04.313 [AsyncHttpClient-1-1] DEBUG org.asynchttpclient.netty.channel.DefaultChannelPool - Entry count for : http://localhost:51240 : 1
20:02:05.419 [AsyncHttpClient-1-1] DEBUG org.asynchttpclient.netty.channel.DefaultChannelPool - Entry count for : http://localhost:63786 : 1
20:02:05.419 [AsyncHttpClient-1-1] DEBUG org.asynchttpclient.netty.channel.DefaultChannelPool - Entry count for : http://localhost:51240 : 1
20:02:05.593 [Forwarding screenshot on session 0025b467557bd261bbfd2f74f69079db to remote] DEBUG org.asynchttpclient.netty.request.NettyRequestSender - Using pooled Channel '[id: 0xdbba77f2, L:/127.0.0.1:51239 - R:localhost/127.0.0.1:63786]' for 'GET' to 'http://localhost:63786/session/0025b467557bd261bbfd2f74f69079db/screenshot'
20:02:05.593 [Forwarding screenshot on session 0025b467557bd261bbfd2f74f69079db to remote] DEBUG org.asynchttpclient.netty.request.NettyRequestSender - Using open Channel [id: 0xdbba77f2, L:/127.0.0.1:51239 - R:localhost/127.0.0.1:63786] for GET '/session/0025b467557bd261bbfd2f74f69079db/screenshot'
20:02:05.789 [AsyncHttpClient-1-7] DEBUG org.asynchttpclient.netty.handler.HttpHandler - 

Request DefaultFullHttpRequest(decodeResult: success, version: HTTP/1.1, content: EmptyByteBufBE)
GET /session/0025b467557bd261bbfd2f74f69079db/screenshot HTTP/1.1
User-Agent: selenium/4.1.4 (java windows)
Cache-Control: no-cache
Content-Type: application/json; charset=utf-8
host: localhost:63786
accept: */*

Response DefaultHttpResponse(decodeResult: success, version: HTTP/1.1)
HTTP/1.1 200 OK
Content-Type: application/json; charset=utf-8
cache-control: no-cache
content-length: 94224

20:02:05.789 [AsyncHttpClient-1-7] DEBUG org.asynchttpclient.netty.channel.ChannelManager - Adding key: http://localhost:63786 for channel [id: 0xdbba77f2, L:/127.0.0.1:51239 - R:localhost/127.0.0.1:63786]
20:02:05.792 [main] DEBUG net.serenitybdd.core.photography.Darkroom - Send negative for processing for target\site\serenity\d8995d53355f339f4fb28b83e217ed31623948699f05bcabf3cfc0d4f7aa0783.png
20:02:05.793 [main] DEBUG net.thucydides.core.steps.StepInterceptor - STARTING STEP: PatientDataSteps.clickButtonTambahData - clickButtonTambah
20:02:05.797 [Forwarding findElement on session 0025b467557bd261bbfd2f74f69079db to remote] DEBUG org.asynchttpclient.netty.request.NettyRequestSender - Using pooled Channel '[id: 0xdbba77f2, L:/127.0.0.1:51239 - R:localhost/127.0.0.1:63786]' for 'POST' to 'http://localhost:63786/session/0025b467557bd261bbfd2f74f69079db/element'
20:02:05.797 [Forwarding findElement on session 0025b467557bd261bbfd2f74f69079db to remote] DEBUG org.asynchttpclient.netty.request.NettyRequestSender - Using open Channel [id: 0xdbba77f2, L:/127.0.0.1:51239 - R:localhost/127.0.0.1:63786] for POST '/session/0025b467557bd261bbfd2f74f69079db/element'
20:02:05.806 [AsyncHttpClient-1-7] DEBUG org.asynchttpclient.netty.handler.HttpHandler - 

Request DefaultHttpRequest(decodeResult: success, version: HTTP/1.1)
POST /session/0025b467557bd261bbfd2f74f69079db/element HTTP/1.1
User-Agent: selenium/4.1.4 (java windows)
Content-Length: 68
Content-Type: application/json; charset=utf-8
host: localhost:63786
accept: */*

Response DefaultHttpResponse(decodeResult: success, version: HTTP/1.1)
HTTP/1.1 200 OK
Content-Type: application/json; charset=utf-8
cache-control: no-cache
content-length: 88

20:02:05.806 [AsyncHttpClient-1-7] DEBUG org.asynchttpclient.netty.channel.ChannelManager - Adding key: http://localhost:63786 for channel [id: 0xdbba77f2, L:/127.0.0.1:51239 - R:localhost/127.0.0.1:63786]
20:02:05.807 [Forwarding getElementTagName on session 0025b467557bd261bbfd2f74f69079db to remote] DEBUG org.asynchttpclient.netty.request.NettyRequestSender - Using pooled Channel '[id: 0xdbba77f2, L:/127.0.0.1:51239 - R:localhost/127.0.0.1:63786]' for 'GET' to 'http://localhost:63786/session/0025b467557bd261bbfd2f74f69079db/element/32637aa7-f2be-4100-9517-85aea981e84e/name'
20:02:05.807 [Forwarding getElementTagName on session 0025b467557bd261bbfd2f74f69079db to remote] DEBUG org.asynchttpclient.netty.request.NettyRequestSender - Using open Channel [id: 0xdbba77f2, L:/127.0.0.1:51239 - R:localhost/127.0.0.1:63786] for GET '/session/0025b467557bd261bbfd2f74f69079db/element/32637aa7-f2be-4100-9517-85aea981e84e/name'
20:02:05.812 [AsyncHttpClient-1-7] DEBUG org.asynchttpclient.netty.handler.HttpHandler - 

Request DefaultFullHttpRequest(decodeResult: success, version: HTTP/1.1, content: EmptyByteBufBE)
GET /session/0025b467557bd261bbfd2f74f69079db/element/32637aa7-f2be-4100-9517-85aea981e84e/name HTTP/1.1
User-Agent: selenium/4.1.4 (java windows)
Cache-Control: no-cache
Content-Type: application/json; charset=utf-8
host: localhost:63786
accept: */*

Response DefaultHttpResponse(decodeResult: success, version: HTTP/1.1)
HTTP/1.1 200 OK
Content-Type: application/json; charset=utf-8
cache-control: no-cache
content-length: 18

20:02:05.812 [AsyncHttpClient-1-7] DEBUG org.asynchttpclient.netty.channel.ChannelManager - Adding key: http://localhost:63786 for channel [id: 0xdbba77f2, L:/127.0.0.1:51239 - R:localhost/127.0.0.1:63786]
20:02:05.813 [Forwarding getElementTagName on session 0025b467557bd261bbfd2f74f69079db to remote] DEBUG org.asynchttpclient.netty.request.NettyRequestSender - Using pooled Channel '[id: 0xdbba77f2, L:/127.0.0.1:51239 - R:localhost/127.0.0.1:63786]' for 'GET' to 'http://localhost:63786/session/0025b467557bd261bbfd2f74f69079db/element/32637aa7-f2be-4100-9517-85aea981e84e/name'
20:02:05.813 [Forwarding getElementTagName on session 0025b467557bd261bbfd2f74f69079db to remote] DEBUG org.asynchttpclient.netty.request.NettyRequestSender - Using open Channel [id: 0xdbba77f2, L:/127.0.0.1:51239 - R:localhost/127.0.0.1:63786] for GET '/session/0025b467557bd261bbfd2f74f69079db/element/32637aa7-f2be-4100-9517-85aea981e84e/name'
20:02:05.818 [AsyncHttpClient-1-7] DEBUG org.asynchttpclient.netty.handler.HttpHandler - 

Request DefaultFullHttpRequest(decodeResult: success, version: HTTP/1.1, content: EmptyByteBufBE)
GET /session/0025b467557bd261bbfd2f74f69079db/element/32637aa7-f2be-4100-9517-85aea981e84e/name HTTP/1.1
User-Agent: selenium/4.1.4 (java windows)
Cache-Control: no-cache
Content-Type: application/json; charset=utf-8
host: localhost:63786
accept: */*

Response DefaultHttpResponse(decodeResult: success, version: HTTP/1.1)
HTTP/1.1 200 OK
Content-Type: application/json; charset=utf-8
cache-control: no-cache
content-length: 18

20:02:05.818 [AsyncHttpClient-1-7] DEBUG org.asynchttpclient.netty.channel.ChannelManager - Adding key: http://localhost:63786 for channel [id: 0xdbba77f2, L:/127.0.0.1:51239 - R:localhost/127.0.0.1:63786]
20:02:05.821 [Forwarding isElementEnabled on session 0025b467557bd261bbfd2f74f69079db to remote] DEBUG org.asynchttpclient.netty.request.NettyRequestSender - Using pooled Channel '[id: 0xdbba77f2, L:/127.0.0.1:51239 - R:localhost/127.0.0.1:63786]' for 'GET' to 'http://localhost:63786/session/0025b467557bd261bbfd2f74f69079db/element/32637aa7-f2be-4100-9517-85aea981e84e/enabled'
20:02:05.821 [Forwarding isElementEnabled on session 0025b467557bd261bbfd2f74f69079db to remote] DEBUG org.asynchttpclient.netty.request.NettyRequestSender - Using open Channel [id: 0xdbba77f2, L:/127.0.0.1:51239 - R:localhost/127.0.0.1:63786] for GET '/session/0025b467557bd261bbfd2f74f69079db/element/32637aa7-f2be-4100-9517-85aea981e84e/enabled'
20:02:05.831 [AsyncHttpClient-1-7] DEBUG org.asynchttpclient.netty.handler.HttpHandler - 

Request DefaultFullHttpRequest(decodeResult: success, version: HTTP/1.1, content: EmptyByteBufBE)
GET /session/0025b467557bd261bbfd2f74f69079db/element/32637aa7-f2be-4100-9517-85aea981e84e/enabled HTTP/1.1
User-Agent: selenium/4.1.4 (java windows)
Cache-Control: no-cache
Content-Type: application/json; charset=utf-8
host: localhost:63786
accept: */*

Response DefaultHttpResponse(decodeResult: success, version: HTTP/1.1)
HTTP/1.1 200 OK
Content-Type: application/json; charset=utf-8
cache-control: no-cache
content-length: 14

20:02:05.831 [AsyncHttpClient-1-7] DEBUG org.asynchttpclient.netty.channel.ChannelManager - Adding key: http://localhost:63786 for channel [id: 0xdbba77f2, L:/127.0.0.1:51239 - R:localhost/127.0.0.1:63786]
20:02:05.832 [Forwarding isElementEnabled on session 0025b467557bd261bbfd2f74f69079db to remote] DEBUG org.asynchttpclient.netty.request.NettyRequestSender - Using pooled Channel '[id: 0xdbba77f2, L:/127.0.0.1:51239 - R:localhost/127.0.0.1:63786]' for 'GET' to 'http://localhost:63786/session/0025b467557bd261bbfd2f74f69079db/element/32637aa7-f2be-4100-9517-85aea981e84e/enabled'
20:02:05.832 [Forwarding isElementEnabled on session 0025b467557bd261bbfd2f74f69079db to remote] DEBUG org.asynchttpclient.netty.request.NettyRequestSender - Using open Channel [id: 0xdbba77f2, L:/127.0.0.1:51239 - R:localhost/127.0.0.1:63786] for GET '/session/0025b467557bd261bbfd2f74f69079db/element/32637aa7-f2be-4100-9517-85aea981e84e/enabled'
20:02:05.838 [AsyncHttpClient-1-7] DEBUG org.asynchttpclient.netty.handler.HttpHandler - 

Request DefaultFullHttpRequest(decodeResult: success, version: HTTP/1.1, content: EmptyByteBufBE)
GET /session/0025b467557bd261bbfd2f74f69079db/element/32637aa7-f2be-4100-9517-85aea981e84e/enabled HTTP/1.1
User-Agent: selenium/4.1.4 (java windows)
Cache-Control: no-cache
Content-Type: application/json; charset=utf-8
host: localhost:63786
accept: */*

Response DefaultHttpResponse(decodeResult: success, version: HTTP/1.1)
HTTP/1.1 200 OK
Content-Type: application/json; charset=utf-8
cache-control: no-cache
content-length: 14

20:02:05.838 [AsyncHttpClient-1-7] DEBUG org.asynchttpclient.netty.channel.ChannelManager - Adding key: http://localhost:63786 for channel [id: 0xdbba77f2, L:/127.0.0.1:51239 - R:localhost/127.0.0.1:63786]
20:02:05.840 [Forwarding findElement on session 0025b467557bd261bbfd2f74f69079db to remote] DEBUG org.asynchttpclient.netty.request.NettyRequestSender - Using pooled Channel '[id: 0xdbba77f2, L:/127.0.0.1:51239 - R:localhost/127.0.0.1:63786]' for 'POST' to 'http://localhost:63786/session/0025b467557bd261bbfd2f74f69079db/element'
20:02:05.840 [Forwarding findElement on session 0025b467557bd261bbfd2f74f69079db to remote] DEBUG org.asynchttpclient.netty.request.NettyRequestSender - Using open Channel [id: 0xdbba77f2, L:/127.0.0.1:51239 - R:localhost/127.0.0.1:63786] for POST '/session/0025b467557bd261bbfd2f74f69079db/element'
20:02:05.847 [AsyncHttpClient-1-7] DEBUG org.asynchttpclient.netty.handler.HttpHandler - 

Request DefaultHttpRequest(decodeResult: success, version: HTTP/1.1)
POST /session/0025b467557bd261bbfd2f74f69079db/element HTTP/1.1
User-Agent: selenium/4.1.4 (java windows)
Content-Length: 68
Content-Type: application/json; charset=utf-8
host: localhost:63786
accept: */*

Response DefaultHttpResponse(decodeResult: success, version: HTTP/1.1)
HTTP/1.1 200 OK
Content-Type: application/json; charset=utf-8
cache-control: no-cache
content-length: 88

20:02:05.847 [AsyncHttpClient-1-7] DEBUG org.asynchttpclient.netty.channel.ChannelManager - Adding key: http://localhost:63786 for channel [id: 0xdbba77f2, L:/127.0.0.1:51239 - R:localhost/127.0.0.1:63786]
20:02:05.848 [Forwarding clickElement on session 0025b467557bd261bbfd2f74f69079db to remote] DEBUG org.asynchttpclient.netty.request.NettyRequestSender - Using pooled Channel '[id: 0xdbba77f2, L:/127.0.0.1:51239 - R:localhost/127.0.0.1:63786]' for 'POST' to 'http://localhost:63786/session/0025b467557bd261bbfd2f74f69079db/element/32637aa7-f2be-4100-9517-85aea981e84e/click'
20:02:05.848 [Forwarding clickElement on session 0025b467557bd261bbfd2f74f69079db to remote] DEBUG org.asynchttpclient.netty.request.NettyRequestSender - Using open Channel [id: 0xdbba77f2, L:/127.0.0.1:51239 - R:localhost/127.0.0.1:63786] for POST '/session/0025b467557bd261bbfd2f74f69079db/element/32637aa7-f2be-4100-9517-85aea981e84e/click'
20:02:05.932 [AsyncHttpClient-1-7] DEBUG org.asynchttpclient.netty.handler.HttpHandler - 

Request DefaultHttpRequest(decodeResult: success, version: HTTP/1.1)
POST /session/0025b467557bd261bbfd2f74f69079db/element/32637aa7-f2be-4100-9517-85aea981e84e/click HTTP/1.1
User-Agent: selenium/4.1.4 (java windows)
Content-Length: 50
Content-Type: application/json; charset=utf-8
host: localhost:63786
accept: */*

Response DefaultHttpResponse(decodeResult: success, version: HTTP/1.1)
HTTP/1.1 200 OK
Content-Type: application/json; charset=utf-8
cache-control: no-cache
content-length: 14

20:02:05.932 [AsyncHttpClient-1-7] DEBUG org.asynchttpclient.netty.channel.ChannelManager - Adding key: http://localhost:63786 for channel [id: 0xdbba77f2, L:/127.0.0.1:51239 - R:localhost/127.0.0.1:63786]
20:02:05.944 [Forwarding screenshot on session 0025b467557bd261bbfd2f74f69079db to remote] DEBUG org.asynchttpclient.netty.request.NettyRequestSender - Using pooled Channel '[id: 0xdbba77f2, L:/127.0.0.1:51239 - R:localhost/127.0.0.1:63786]' for 'GET' to 'http://localhost:63786/session/0025b467557bd261bbfd2f74f69079db/screenshot'
20:02:05.944 [Forwarding screenshot on session 0025b467557bd261bbfd2f74f69079db to remote] DEBUG org.asynchttpclient.netty.request.NettyRequestSender - Using open Channel [id: 0xdbba77f2, L:/127.0.0.1:51239 - R:localhost/127.0.0.1:63786] for GET '/session/0025b467557bd261bbfd2f74f69079db/screenshot'
20:02:06.212 [AsyncHttpClient-1-7] DEBUG org.asynchttpclient.netty.handler.HttpHandler - 

Request DefaultFullHttpRequest(decodeResult: success, version: HTTP/1.1, content: EmptyByteBufBE)
GET /session/0025b467557bd261bbfd2f74f69079db/screenshot HTTP/1.1
User-Agent: selenium/4.1.4 (java windows)
Cache-Control: no-cache
Content-Type: application/json; charset=utf-8
host: localhost:63786
accept: */*

Response DefaultHttpResponse(decodeResult: success, version: HTTP/1.1)
HTTP/1.1 200 OK
Content-Type: application/json; charset=utf-8
cache-control: no-cache
content-length: 46492

20:02:06.212 [AsyncHttpClient-1-7] DEBUG org.asynchttpclient.netty.channel.ChannelManager - Adding key: http://localhost:63786 for channel [id: 0xdbba77f2, L:/127.0.0.1:51239 - R:localhost/127.0.0.1:63786]
20:02:06.213 [main] DEBUG net.serenitybdd.core.photography.Darkroom - Send negative for processing for target\site\serenity\6aa9e60adb3b05b2159fefae5e5dc3c4e4bf2a422a830d24bbc68e53e762243a.png
20:02:06.213 [main] DEBUG net.thucydides.core.steps.StepInterceptor - STEP DONE: clickButtonTambah
  &amp#27;[32mAnd &amp#27;[0m&amp#27;[32mClick button tambah data&amp#27;[0m                                                                       &amp#27;[90m# starter.stepdefinitios.PatientDataSteps.clickButtonTambahData()&amp#27;[0m
20:02:06.213 [Darkroom Processing Line] DEBUG net.serenitybdd.core.photography.DarkroomProcessingLine - Processing screenshot image in /var/screenshots/screenshot-6142599180480863212
20:02:06.213 [Darkroom Processing Line] DEBUG net.serenitybdd.core.photography.DarkroomProcessingLine - Saving screenshot to target\site\serenity\6aa9e60adb3b05b2159fefae5e5dc3c4e4bf2a422a830d24bbc68e53e762243a.png
20:02:06.508 [AsyncHttpClient-1-1] DEBUG org.asynchttpclient.netty.channel.DefaultChannelPool - Entry count for : http://localhost:63786 : 1
20:02:06.508 [AsyncHttpClient-1-1] DEBUG org.asynchttpclient.netty.channel.DefaultChannelPool - Entry count for : http://localhost:51240 : 1
20:02:07.614 [AsyncHttpClient-1-1] DEBUG org.asynchttpclient.netty.channel.DefaultChannelPool - Entry count for : http://localhost:63786 : 1
20:02:07.614 [AsyncHttpClient-1-1] DEBUG org.asynchttpclient.netty.channel.DefaultChannelPool - Entry count for : http://localhost:51240 : 1
20:02:08.708 [AsyncHttpClient-1-1] DEBUG org.asynchttpclient.netty.channel.DefaultChannelPool - Entry count for : http://localhost:63786 : 1
20:02:08.708 [AsyncHttpClient-1-1] DEBUG org.asynchttpclient.netty.channel.DefaultChannelPool - Entry count for : http://localhost:51240 : 1
20:02:09.809 [AsyncHttpClient-1-1] DEBUG org.asynchttpclient.netty.channel.DefaultChannelPool - Entry count for : http://localhost:63786 : 1
20:02:09.810 [AsyncHttpClient-1-1] DEBUG org.asynchttpclient.netty.channel.DefaultChannelPool - Entry count for : http://localhost:51240 : 1
20:02:10.910 [AsyncHttpClient-1-1] DEBUG org.asynchttpclient.netty.channel.DefaultChannelPool - Entry count for : http://localhost:63786 : 1
20:02:10.910 [AsyncHttpClient-1-1] DEBUG org.asynchttpclient.netty.channel.DefaultChannelPool - Entry count for : http://localhost:51240 : 1
20:02:11.238 [Forwarding screenshot on session 0025b467557bd261bbfd2f74f69079db to remote] DEBUG org.asynchttpclient.netty.request.NettyRequestSender - Using pooled Channel '[id: 0xdbba77f2, L:/127.0.0.1:51239 - R:localhost/127.0.0.1:63786]' for 'GET' to 'http://localhost:63786/session/0025b467557bd261bbfd2f74f69079db/screenshot'
20:02:11.238 [Forwarding screenshot on session 0025b467557bd261bbfd2f74f69079db to remote] DEBUG org.asynchttpclient.netty.request.NettyRequestSender - Using open Channel [id: 0xdbba77f2, L:/127.0.0.1:51239 - R:localhost/127.0.0.1:63786] for GET '/session/0025b467557bd261bbfd2f74f69079db/screenshot'
20:02:11.376 [AsyncHttpClient-1-7] DEBUG org.asynchttpclient.netty.handler.HttpHandler - 

Request DefaultFullHttpRequest(decodeResult: success, version: HTTP/1.1, content: EmptyByteBufBE)
GET /session/0025b467557bd261bbfd2f74f69079db/screenshot HTTP/1.1
User-Agent: selenium/4.1.4 (java windows)
Cache-Control: no-cache
Content-Type: application/json; charset=utf-8
host: localhost:63786
accept: */*

Response DefaultHttpResponse(decodeResult: success, version: HTTP/1.1)
HTTP/1.1 200 OK
Content-Type: application/json; charset=utf-8
cache-control: no-cache
content-length: 47716

20:02:11.376 [AsyncHttpClient-1-7] DEBUG org.asynchttpclient.netty.channel.ChannelManager - Adding key: http://localhost:63786 for channel [id: 0xdbba77f2, L:/127.0.0.1:51239 - R:localhost/127.0.0.1:63786]
20:02:11.376 [main] DEBUG net.serenitybdd.core.photography.Darkroom - Send negative for processing for target\site\serenity\ad177091e4acbab0cd01d6b4460c49c80aa2a4502185984912e75c5401e1a307.png
20:02:11.376 [main] DEBUG net.thucydides.core.steps.StepInterceptor - STARTING STEP: KelolaJadwalSteps.clickOnTheSelectPatientActionToSelectAPatient - buttonPilihPasien
20:02:11.384 [Forwarding findElement on session 0025b467557bd261bbfd2f74f69079db to remote] DEBUG org.asynchttpclient.netty.request.NettyRequestSender - Using pooled Channel '[id: 0xdbba77f2, L:/127.0.0.1:51239 - R:localhost/127.0.0.1:63786]' for 'POST' to 'http://localhost:63786/session/0025b467557bd261bbfd2f74f69079db/element'
20:02:11.384 [Forwarding findElement on session 0025b467557bd261bbfd2f74f69079db to remote] DEBUG org.asynchttpclient.netty.request.NettyRequestSender - Using open Channel [id: 0xdbba77f2, L:/127.0.0.1:51239 - R:localhost/127.0.0.1:63786] for POST '/session/0025b467557bd261bbfd2f74f69079db/element'
20:02:11.402 [AsyncHttpClient-1-7] DEBUG org.asynchttpclient.netty.handler.HttpHandler - 

Request DefaultHttpRequest(decodeResult: success, version: HTTP/1.1)
POST /session/0025b467557bd261bbfd2f74f69079db/element HTTP/1.1
User-Agent: selenium/4.1.4 (java windows)
Content-Length: 147
Content-Type: application/json; charset=utf-8
host: localhost:63786
accept: */*

Response DefaultHttpResponse(decodeResult: success, version: HTTP/1.1)
HTTP/1.1 200 OK
Content-Type: application/json; charset=utf-8
cache-control: no-cache
content-length: 88

20:02:11.402 [AsyncHttpClient-1-7] DEBUG org.asynchttpclient.netty.channel.ChannelManager - Adding key: http://localhost:63786 for channel [id: 0xdbba77f2, L:/127.0.0.1:51239 - R:localhost/127.0.0.1:63786]
20:02:11.404 [Forwarding getElementTagName on session 0025b467557bd261bbfd2f74f69079db to remote] DEBUG org.asynchttpclient.netty.request.NettyRequestSender - Using pooled Channel '[id: 0xdbba77f2, L:/127.0.0.1:51239 - R:localhost/127.0.0.1:63786]' for 'GET' to 'http://localhost:63786/session/0025b467557bd261bbfd2f74f69079db/element/60a9520a-c164-4e61-abf8-c7e8f789dac1/name'
20:02:11.404 [Forwarding getElementTagName on session 0025b467557bd261bbfd2f74f69079db to remote] DEBUG org.asynchttpclient.netty.request.NettyRequestSender - Using open Channel [id: 0xdbba77f2, L:/127.0.0.1:51239 - R:localhost/127.0.0.1:63786] for GET '/session/0025b467557bd261bbfd2f74f69079db/element/60a9520a-c164-4e61-abf8-c7e8f789dac1/name'
20:02:11.408 [AsyncHttpClient-1-7] DEBUG org.asynchttpclient.netty.handler.HttpHandler - 

Request DefaultFullHttpRequest(decodeResult: success, version: HTTP/1.1, content: EmptyByteBufBE)
GET /session/0025b467557bd261bbfd2f74f69079db/element/60a9520a-c164-4e61-abf8-c7e8f789dac1/name HTTP/1.1
User-Agent: selenium/4.1.4 (java windows)
Cache-Control: no-cache
Content-Type: application/json; charset=utf-8
host: localhost:63786
accept: */*

Response DefaultHttpResponse(decodeResult: success, version: HTTP/1.1)
HTTP/1.1 200 OK
Content-Type: application/json; charset=utf-8
cache-control: no-cache
content-length: 15

20:02:11.408 [AsyncHttpClient-1-7] DEBUG org.asynchttpclient.netty.channel.ChannelManager - Adding key: http://localhost:63786 for channel [id: 0xdbba77f2, L:/127.0.0.1:51239 - R:localhost/127.0.0.1:63786]
20:02:11.409 [Forwarding getElementTagName on session 0025b467557bd261bbfd2f74f69079db to remote] DEBUG org.asynchttpclient.netty.request.NettyRequestSender - Using pooled Channel '[id: 0xdbba77f2, L:/127.0.0.1:51239 - R:localhost/127.0.0.1:63786]' for 'GET' to 'http://localhost:63786/session/0025b467557bd261bbfd2f74f69079db/element/60a9520a-c164-4e61-abf8-c7e8f789dac1/name'
20:02:11.409 [Forwarding getElementTagName on session 0025b467557bd261bbfd2f74f69079db to remote] DEBUG org.asynchttpclient.netty.request.NettyRequestSender - Using open Channel [id: 0xdbba77f2, L:/127.0.0.1:51239 - R:localhost/127.0.0.1:63786] for GET '/session/0025b467557bd261bbfd2f74f69079db/element/60a9520a-c164-4e61-abf8-c7e8f789dac1/name'
20:02:11.414 [AsyncHttpClient-1-7] DEBUG org.asynchttpclient.netty.handler.HttpHandler - 

Request DefaultFullHttpRequest(decodeResult: success, version: HTTP/1.1, content: EmptyByteBufBE)
GET /session/0025b467557bd261bbfd2f74f69079db/element/60a9520a-c164-4e61-abf8-c7e8f789dac1/name HTTP/1.1
User-Agent: selenium/4.1.4 (java windows)
Cache-Control: no-cache
Content-Type: application/json; charset=utf-8
host: localhost:63786
accept: */*

Response DefaultHttpResponse(decodeResult: success, version: HTTP/1.1)
HTTP/1.1 200 OK
Content-Type: application/json; charset=utf-8
cache-control: no-cache
content-length: 15

20:02:11.414 [AsyncHttpClient-1-7] DEBUG org.asynchttpclient.netty.channel.ChannelManager - Adding key: http://localhost:63786 for channel [id: 0xdbba77f2, L:/127.0.0.1:51239 - R:localhost/127.0.0.1:63786]
20:02:11.416 [Forwarding findElement on session 0025b467557bd261bbfd2f74f69079db to remote] DEBUG org.asynchttpclient.netty.request.NettyRequestSender - Using pooled Channel '[id: 0xdbba77f2, L:/127.0.0.1:51239 - R:localhost/127.0.0.1:63786]' for 'POST' to 'http://localhost:63786/session/0025b467557bd261bbfd2f74f69079db/element'
20:02:11.416 [Forwarding findElement on session 0025b467557bd261bbfd2f74f69079db to remote] DEBUG org.asynchttpclient.netty.request.NettyRequestSender - Using open Channel [id: 0xdbba77f2, L:/127.0.0.1:51239 - R:localhost/127.0.0.1:63786] for POST '/session/0025b467557bd261bbfd2f74f69079db/element'
20:02:11.424 [AsyncHttpClient-1-7] DEBUG org.asynchttpclient.netty.handler.HttpHandler - 

Request DefaultHttpRequest(decodeResult: success, version: HTTP/1.1)
POST /session/0025b467557bd261bbfd2f74f69079db/element HTTP/1.1
User-Agent: selenium/4.1.4 (java windows)
Content-Length: 147
Content-Type: application/json; charset=utf-8
host: localhost:63786
accept: */*

Response DefaultHttpResponse(decodeResult: success, version: HTTP/1.1)
HTTP/1.1 200 OK
Content-Type: application/json; charset=utf-8
cache-control: no-cache
content-length: 88

20:02:11.424 [AsyncHttpClient-1-7] DEBUG org.asynchttpclient.netty.channel.ChannelManager - Adding key: http://localhost:63786 for channel [id: 0xdbba77f2, L:/127.0.0.1:51239 - R:localhost/127.0.0.1:63786]
20:02:11.425 [Forwarding clickElement on session 0025b467557bd261bbfd2f74f69079db to remote] DEBUG org.asynchttpclient.netty.request.NettyRequestSender - Using pooled Channel '[id: 0xdbba77f2, L:/127.0.0.1:51239 - R:localhost/127.0.0.1:63786]' for 'POST' to 'http://localhost:63786/session/0025b467557bd261bbfd2f74f69079db/element/60a9520a-c164-4e61-abf8-c7e8f789dac1/click'
20:02:11.425 [Forwarding clickElement on session 0025b467557bd261bbfd2f74f69079db to remote] DEBUG org.asynchttpclient.netty.request.NettyRequestSender - Using open Channel [id: 0xdbba77f2, L:/127.0.0.1:51239 - R:localhost/127.0.0.1:63786] for POST '/session/0025b467557bd261bbfd2f74f69079db/element/60a9520a-c164-4e61-abf8-c7e8f789dac1/click'
20:02:11.485 [AsyncHttpClient-1-7] DEBUG org.asynchttpclient.netty.handler.HttpHandler - 

Request DefaultHttpRequest(decodeResult: success, version: HTTP/1.1)
POST /session/0025b467557bd261bbfd2f74f69079db/element/60a9520a-c164-4e61-abf8-c7e8f789dac1/click HTTP/1.1
User-Agent: selenium/4.1.4 (java windows)
Content-Length: 50
Content-Type: application/json; charset=utf-8
host: localhost:63786
accept: */*

Response DefaultHttpResponse(decodeResult: success, version: HTTP/1.1)
HTTP/1.1 200 OK
Content-Type: application/json; charset=utf-8
cache-control: no-cache
content-length: 14

20:02:11.485 [AsyncHttpClient-1-7] DEBUG org.asynchttpclient.netty.channel.ChannelManager - Adding key: http://localhost:63786 for channel [id: 0xdbba77f2, L:/127.0.0.1:51239 - R:localhost/127.0.0.1:63786]
20:02:11.498 [Forwarding screenshot on session 0025b467557bd261bbfd2f74f69079db to remote] DEBUG org.asynchttpclient.netty.request.NettyRequestSender - Using pooled Channel '[id: 0xdbba77f2, L:/127.0.0.1:51239 - R:localhost/127.0.0.1:63786]' for 'GET' to 'http://localhost:63786/session/0025b467557bd261bbfd2f74f69079db/screenshot'
20:02:11.498 [Forwarding screenshot on session 0025b467557bd261bbfd2f74f69079db to remote] DEBUG org.asynchttpclient.netty.request.NettyRequestSender - Using open Channel [id: 0xdbba77f2, L:/127.0.0.1:51239 - R:localhost/127.0.0.1:63786] for GET '/session/0025b467557bd261bbfd2f74f69079db/screenshot'
20:02:11.639 [AsyncHttpClient-1-7] DEBUG org.asynchttpclient.netty.handler.HttpHandler - 

Request DefaultFullHttpRequest(decodeResult: success, version: HTTP/1.1, content: EmptyByteBufBE)
GET /session/0025b467557bd261bbfd2f74f69079db/screenshot HTTP/1.1
User-Agent: selenium/4.1.4 (java windows)
Cache-Control: no-cache
Content-Type: application/json; charset=utf-8
host: localhost:63786
accept: */*

Response DefaultHttpResponse(decodeResult: success, version: HTTP/1.1)
HTTP/1.1 200 OK
Content-Type: application/json; charset=utf-8
cache-control: no-cache
content-length: 53016

20:02:11.640 [AsyncHttpClient-1-7] DEBUG org.asynchttpclient.netty.channel.ChannelManager - Adding key: http://localhost:63786 for channel [id: 0xdbba77f2, L:/127.0.0.1:51239 - R:localhost/127.0.0.1:63786]
20:02:11.643 [main] DEBUG net.serenitybdd.core.photography.Darkroom - Send negative for processing for target\site\serenity\8fb3192b2a90be1afe39d69e202ac145770cd6b73a51895c7c7844103b28887f.png
20:02:11.643 [main] DEBUG net.thucydides.core.steps.StepInterceptor - STEP DONE: buttonPilihPasien
  &amp#27;[32mAnd &amp#27;[0m&amp#27;[32mClick on the select patient action to select a patient&amp#27;[0m                                         &amp#27;[90m# starter.stepdefinitios.KelolaJadwalSteps.clickOnTheSelectPatientActionToSelectAPatient()&amp#27;[0m
20:02:11.643 [Darkroom Processing Line] DEBUG net.serenitybdd.core.photography.DarkroomProcessingLine - Processing screenshot image in /var/screenshots/screenshot-16641834672383820035
20:02:11.644 [Darkroom Processing Line] DEBUG net.serenitybdd.core.photography.DarkroomProcessingLine - Saving screenshot to target\site\serenity\8fb3192b2a90be1afe39d69e202ac145770cd6b73a51895c7c7844103b28887f.png
20:02:12.013 [AsyncHttpClient-1-1] DEBUG org.asynchttpclient.netty.channel.DefaultChannelPool - Entry count for : http://localhost:63786 : 1
20:02:12.013 [AsyncHttpClient-1-1] DEBUG org.asynchttpclient.netty.channel.DefaultChannelPool - Entry count for : http://localhost:51240 : 1
20:02:13.122 [AsyncHttpClient-1-1] DEBUG org.asynchttpclient.netty.channel.DefaultChannelPool - Entry count for : http://localhost:63786 : 1
20:02:13.122 [AsyncHttpClient-1-1] DEBUG org.asynchttpclient.netty.channel.DefaultChannelPool - Entry count for : http://localhost:51240 : 1
20:02:14.216 [AsyncHttpClient-1-1] DEBUG org.asynchttpclient.netty.channel.DefaultChannelPool - Entry count for : http://localhost:63786 : 1
20:02:14.216 [AsyncHttpClient-1-1] DEBUG org.asynchttpclient.netty.channel.DefaultChannelPool - Entry count for : http://localhost:51240 : 1
20:02:15.312 [AsyncHttpClient-1-1] DEBUG org.asynchttpclient.netty.channel.DefaultChannelPool - Entry count for : http://localhost:63786 : 1
20:02:15.312 [AsyncHttpClient-1-1] DEBUG org.asynchttpclient.netty.channel.DefaultChannelPool - Entry count for : http://localhost:51240 : 1
20:02:16.412 [AsyncHttpClient-1-1] DEBUG org.asynchttpclient.netty.channel.DefaultChannelPool - Entry count for : http://localhost:63786 : 1
20:02:16.412 [AsyncHttpClient-1-1] DEBUG org.asynchttpclient.netty.channel.DefaultChannelPool - Entry count for : http://localhost:51240 : 1
20:02:16.671 [Forwarding screenshot on session 0025b467557bd261bbfd2f74f69079db to remote] DEBUG org.asynchttpclient.netty.request.NettyRequestSender - Using pooled Channel '[id: 0xdbba77f2, L:/127.0.0.1:51239 - R:localhost/127.0.0.1:63786]' for 'GET' to 'http://localhost:63786/session/0025b467557bd261bbfd2f74f69079db/screenshot'
20:02:16.671 [Forwarding screenshot on session 0025b467557bd261bbfd2f74f69079db to remote] DEBUG org.asynchttpclient.netty.request.NettyRequestSender - Using open Channel [id: 0xdbba77f2, L:/127.0.0.1:51239 - R:localhost/127.0.0.1:63786] for GET '/session/0025b467557bd261bbfd2f74f69079db/screenshot'
20:02:16.831 [AsyncHttpClient-1-7] DEBUG org.asynchttpclient.netty.handler.HttpHandler - 

Request DefaultFullHttpRequest(decodeResult: success, version: HTTP/1.1, content: EmptyByteBufBE)
GET /session/0025b467557bd261bbfd2f74f69079db/screenshot HTTP/1.1
User-Agent: selenium/4.1.4 (java windows)
Cache-Control: no-cache
Content-Type: application/json; charset=utf-8
host: localhost:63786
accept: */*

Response DefaultHttpResponse(decodeResult: success, version: HTTP/1.1)
HTTP/1.1 200 OK
Content-Type: application/json; charset=utf-8
cache-control: no-cache
content-length: 52960

20:02:16.831 [AsyncHttpClient-1-7] DEBUG org.asynchttpclient.netty.channel.ChannelManager - Adding key: http://localhost:63786 for channel [id: 0xdbba77f2, L:/127.0.0.1:51239 - R:localhost/127.0.0.1:63786]
20:02:16.831 [main] DEBUG net.serenitybdd.core.photography.Darkroom - Send negative for processing for target\site\serenity\c98a697cb362c1e45d8476a44ab6e7293338b689a16d886c83d00e534ea9deb1.png
20:02:16.831 [main] DEBUG net.thucydides.core.steps.StepInterceptor - STARTING STEP: KelolaJadwalSteps.clickOnTheActionChooseADoctorToChooseADoctor - buttonPilihDokter
20:02:16.838 [Forwarding findElement on session 0025b467557bd261bbfd2f74f69079db to remote] DEBUG org.asynchttpclient.netty.request.NettyRequestSender - Using pooled Channel '[id: 0xdbba77f2, L:/127.0.0.1:51239 - R:localhost/127.0.0.1:63786]' for 'POST' to 'http://localhost:63786/session/0025b467557bd261bbfd2f74f69079db/element'
20:02:16.838 [Forwarding findElement on session 0025b467557bd261bbfd2f74f69079db to remote] DEBUG org.asynchttpclient.netty.request.NettyRequestSender - Using open Channel [id: 0xdbba77f2, L:/127.0.0.1:51239 - R:localhost/127.0.0.1:63786] for POST '/session/0025b467557bd261bbfd2f74f69079db/element'
20:02:16.849 [AsyncHttpClient-1-7] DEBUG org.asynchttpclient.netty.handler.HttpHandler - 

Request DefaultHttpRequest(decodeResult: success, version: HTTP/1.1)
POST /session/0025b467557bd261bbfd2f74f69079db/element HTTP/1.1
User-Agent: selenium/4.1.4 (java windows)
Content-Length: 147
Content-Type: application/json; charset=utf-8
host: localhost:63786
accept: */*

Response DefaultHttpResponse(decodeResult: success, version: HTTP/1.1)
HTTP/1.1 200 OK
Content-Type: application/json; charset=utf-8
cache-control: no-cache
content-length: 88

20:02:16.849 [AsyncHttpClient-1-7] DEBUG org.asynchttpclient.netty.channel.ChannelManager - Adding key: http://localhost:63786 for channel [id: 0xdbba77f2, L:/127.0.0.1:51239 - R:localhost/127.0.0.1:63786]
20:02:16.850 [Forwarding getElementTagName on session 0025b467557bd261bbfd2f74f69079db to remote] DEBUG org.asynchttpclient.netty.request.NettyRequestSender - Using pooled Channel '[id: 0xdbba77f2, L:/127.0.0.1:51239 - R:localhost/127.0.0.1:63786]' for 'GET' to 'http://localhost:63786/session/0025b467557bd261bbfd2f74f69079db/element/2b343a18-9831-4d85-b6e3-d9e547158e67/name'
20:02:16.850 [Forwarding getElementTagName on session 0025b467557bd261bbfd2f74f69079db to remote] DEBUG org.asynchttpclient.netty.request.NettyRequestSender - Using open Channel [id: 0xdbba77f2, L:/127.0.0.1:51239 - R:localhost/127.0.0.1:63786] for GET '/session/0025b467557bd261bbfd2f74f69079db/element/2b343a18-9831-4d85-b6e3-d9e547158e67/name'
20:02:16.857 [AsyncHttpClient-1-7] DEBUG org.asynchttpclient.netty.handler.HttpHandler - 

Request DefaultFullHttpRequest(decodeResult: success, version: HTTP/1.1, content: EmptyByteBufBE)
GET /session/0025b467557bd261bbfd2f74f69079db/element/2b343a18-9831-4d85-b6e3-d9e547158e67/name HTTP/1.1
User-Agent: selenium/4.1.4 (java windows)
Cache-Control: no-cache
Content-Type: application/json; charset=utf-8
host: localhost:63786
accept: */*

Response DefaultHttpResponse(decodeResult: success, version: HTTP/1.1)
HTTP/1.1 200 OK
Content-Type: application/json; charset=utf-8
cache-control: no-cache
content-length: 15

20:02:16.857 [AsyncHttpClient-1-7] DEBUG org.asynchttpclient.netty.channel.ChannelManager - Adding key: http://localhost:63786 for channel [id: 0xdbba77f2, L:/127.0.0.1:51239 - R:localhost/127.0.0.1:63786]
20:02:16.858 [Forwarding getElementTagName on session 0025b467557bd261bbfd2f74f69079db to remote] DEBUG org.asynchttpclient.netty.request.NettyRequestSender - Using pooled Channel '[id: 0xdbba77f2, L:/127.0.0.1:51239 - R:localhost/127.0.0.1:63786]' for 'GET' to 'http://localhost:63786/session/0025b467557bd261bbfd2f74f69079db/element/2b343a18-9831-4d85-b6e3-d9e547158e67/name'
20:02:16.858 [Forwarding getElementTagName on session 0025b467557bd261bbfd2f74f69079db to remote] DEBUG org.asynchttpclient.netty.request.NettyRequestSender - Using open Channel [id: 0xdbba77f2, L:/127.0.0.1:51239 - R:localhost/127.0.0.1:63786] for GET '/session/0025b467557bd261bbfd2f74f69079db/element/2b343a18-9831-4d85-b6e3-d9e547158e67/name'
20:02:16.863 [AsyncHttpClient-1-7] DEBUG org.asynchttpclient.netty.handler.HttpHandler - 

Request DefaultFullHttpRequest(decodeResult: success, version: HTTP/1.1, content: EmptyByteBufBE)
GET /session/0025b467557bd261bbfd2f74f69079db/element/2b343a18-9831-4d85-b6e3-d9e547158e67/name HTTP/1.1
User-Agent: selenium/4.1.4 (java windows)
Cache-Control: no-cache
Content-Type: application/json; charset=utf-8
host: localhost:63786
accept: */*

Response DefaultHttpResponse(decodeResult: success, version: HTTP/1.1)
HTTP/1.1 200 OK
Content-Type: application/json; charset=utf-8
cache-control: no-cache
content-length: 15

20:02:16.863 [AsyncHttpClient-1-7] DEBUG org.asynchttpclient.netty.channel.ChannelManager - Adding key: http://localhost:63786 for channel [id: 0xdbba77f2, L:/127.0.0.1:51239 - R:localhost/127.0.0.1:63786]
20:02:16.864 [Forwarding findElement on session 0025b467557bd261bbfd2f74f69079db to remote] DEBUG org.asynchttpclient.netty.request.NettyRequestSender - Using pooled Channel '[id: 0xdbba77f2, L:/127.0.0.1:51239 - R:localhost/127.0.0.1:63786]' for 'POST' to 'http://localhost:63786/session/0025b467557bd261bbfd2f74f69079db/element'
20:02:16.864 [Forwarding findElement on session 0025b467557bd261bbfd2f74f69079db to remote] DEBUG org.asynchttpclient.netty.request.NettyRequestSender - Using open Channel [id: 0xdbba77f2, L:/127.0.0.1:51239 - R:localhost/127.0.0.1:63786] for POST '/session/0025b467557bd261bbfd2f74f69079db/element'
20:02:16.874 [AsyncHttpClient-1-7] DEBUG org.asynchttpclient.netty.handler.HttpHandler - 

Request DefaultHttpRequest(decodeResult: success, version: HTTP/1.1)
POST /session/0025b467557bd261bbfd2f74f69079db/element HTTP/1.1
User-Agent: selenium/4.1.4 (java windows)
Content-Length: 147
Content-Type: application/json; charset=utf-8
host: localhost:63786
accept: */*

Response DefaultHttpResponse(decodeResult: success, version: HTTP/1.1)
HTTP/1.1 200 OK
Content-Type: application/json; charset=utf-8
cache-control: no-cache
content-length: 88

20:02:16.874 [AsyncHttpClient-1-7] DEBUG org.asynchttpclient.netty.channel.ChannelManager - Adding key: http://localhost:63786 for channel [id: 0xdbba77f2, L:/127.0.0.1:51239 - R:localhost/127.0.0.1:63786]
20:02:16.875 [Forwarding clickElement on session 0025b467557bd261bbfd2f74f69079db to remote] DEBUG org.asynchttpclient.netty.request.NettyRequestSender - Using pooled Channel '[id: 0xdbba77f2, L:/127.0.0.1:51239 - R:localhost/127.0.0.1:63786]' for 'POST' to 'http://localhost:63786/session/0025b467557bd261bbfd2f74f69079db/element/2b343a18-9831-4d85-b6e3-d9e547158e67/click'
20:02:16.875 [Forwarding clickElement on session 0025b467557bd261bbfd2f74f69079db to remote] DEBUG org.asynchttpclient.netty.request.NettyRequestSender - Using open Channel [id: 0xdbba77f2, L:/127.0.0.1:51239 - R:localhost/127.0.0.1:63786] for POST '/session/0025b467557bd261bbfd2f74f69079db/element/2b343a18-9831-4d85-b6e3-d9e547158e67/click'
20:02:16.952 [AsyncHttpClient-1-7] DEBUG org.asynchttpclient.netty.handler.HttpHandler - 

Request DefaultHttpRequest(decodeResult: success, version: HTTP/1.1)
POST /session/0025b467557bd261bbfd2f74f69079db/element/2b343a18-9831-4d85-b6e3-d9e547158e67/click HTTP/1.1
User-Agent: selenium/4.1.4 (java windows)
Content-Length: 50
Content-Type: application/json; charset=utf-8
host: localhost:63786
accept: */*

Response DefaultHttpResponse(decodeResult: success, version: HTTP/1.1)
HTTP/1.1 200 OK
Content-Type: application/json; charset=utf-8
cache-control: no-cache
content-length: 14

20:02:16.953 [AsyncHttpClient-1-7] DEBUG org.asynchttpclient.netty.channel.ChannelManager - Adding key: http://localhost:63786 for channel [id: 0xdbba77f2, L:/127.0.0.1:51239 - R:localhost/127.0.0.1:63786]
20:02:16.962 [Forwarding screenshot on session 0025b467557bd261bbfd2f74f69079db to remote] DEBUG org.asynchttpclient.netty.request.NettyRequestSender - Using pooled Channel '[id: 0xdbba77f2, L:/127.0.0.1:51239 - R:localhost/127.0.0.1:63786]' for 'GET' to 'http://localhost:63786/session/0025b467557bd261bbfd2f74f69079db/screenshot'
20:02:16.962 [Forwarding screenshot on session 0025b467557bd261bbfd2f74f69079db to remote] DEBUG org.asynchttpclient.netty.request.NettyRequestSender - Using open Channel [id: 0xdbba77f2, L:/127.0.0.1:51239 - R:localhost/127.0.0.1:63786] for GET '/session/0025b467557bd261bbfd2f74f69079db/screenshot'
20:02:17.146 [AsyncHttpClient-1-7] DEBUG org.asynchttpclient.netty.handler.HttpHandler - 

Request DefaultFullHttpRequest(decodeResult: success, version: HTTP/1.1, content: EmptyByteBufBE)
GET /session/0025b467557bd261bbfd2f74f69079db/screenshot HTTP/1.1
User-Agent: selenium/4.1.4 (java windows)
Cache-Control: no-cache
Content-Type: application/json; charset=utf-8
host: localhost:63786
accept: */*

Response DefaultHttpResponse(decodeResult: success, version: HTTP/1.1)
HTTP/1.1 200 OK
Content-Type: application/json; charset=utf-8
cache-control: no-cache
content-length: 47072

20:02:17.146 [AsyncHttpClient-1-7] DEBUG org.asynchttpclient.netty.channel.ChannelManager - Adding key: http://localhost:63786 for channel [id: 0xdbba77f2, L:/127.0.0.1:51239 - R:localhost/127.0.0.1:63786]
20:02:17.146 [main] DEBUG net.serenitybdd.core.photography.Darkroom - Send negative for processing for target\site\serenity\c37250a4f24f32673233fc190ea876bb67aa3b7954f93c19e98a2f22de1a37c6.png
20:02:17.146 [main] DEBUG net.thucydides.core.steps.StepInterceptor - STEP DONE: buttonPilihDokter
  &amp#27;[32mAnd &amp#27;[0m&amp#27;[32mClick on the action choose a doctor to choose a doctor&amp#27;[0m                                         &amp#27;[90m# starter.stepdefinitios.KelolaJadwalSteps.clickOnTheActionChooseADoctorToChooseADoctor()&amp#27;[0m
20:02:17.523 [AsyncHttpClient-1-1] DEBUG org.asynchttpclient.netty.channel.DefaultChannelPool - Entry count for : http://localhost:63786 : 1
20:02:17.523 [AsyncHttpClient-1-1] DEBUG org.asynchttpclient.netty.channel.DefaultChannelPool - Entry count for : http://localhost:51240 : 1
20:02:17.655 [Forwarding screenshot on session 0025b467557bd261bbfd2f74f69079db to remote] DEBUG org.asynchttpclient.netty.request.NettyRequestSender - Using pooled Channel '[id: 0xdbba77f2, L:/127.0.0.1:51239 - R:localhost/127.0.0.1:63786]' for 'GET' to 'http://localhost:63786/session/0025b467557bd261bbfd2f74f69079db/screenshot'
20:02:17.655 [Forwarding screenshot on session 0025b467557bd261bbfd2f74f69079db to remote] DEBUG org.asynchttpclient.netty.request.NettyRequestSender - Using open Channel [id: 0xdbba77f2, L:/127.0.0.1:51239 - R:localhost/127.0.0.1:63786] for GET '/session/0025b467557bd261bbfd2f74f69079db/screenshot'
20:02:17.823 [AsyncHttpClient-1-7] DEBUG org.asynchttpclient.netty.handler.HttpHandler - 

Request DefaultFullHttpRequest(decodeResult: success, version: HTTP/1.1, content: EmptyByteBufBE)
GET /session/0025b467557bd261bbfd2f74f69079db/screenshot HTTP/1.1
User-Agent: selenium/4.1.4 (java windows)
Cache-Control: no-cache
Content-Type: application/json; charset=utf-8
host: localhost:63786
accept: */*

Response DefaultHttpResponse(decodeResult: success, version: HTTP/1.1)
HTTP/1.1 200 OK
Content-Type: application/json; charset=utf-8
cache-control: no-cache
content-length: 47072

20:02:17.823 [AsyncHttpClient-1-7] DEBUG org.asynchttpclient.netty.channel.ChannelManager - Adding key: http://localhost:63786 for channel [id: 0xdbba77f2, L:/127.0.0.1:51239 - R:localhost/127.0.0.1:63786]
20:02:17.823 [main] DEBUG net.serenitybdd.core.photography.Darkroom - Send negative for processing for target\site\serenity\c37250a4f24f32673233fc190ea876bb67aa3b7954f93c19e98a2f22de1a37c6.png
20:02:17.823 [main] DEBUG net.thucydides.core.steps.StepInterceptor - STARTING STEP: KelolaJadwalSteps.chooseADate - inputTanggal
20:02:17.831 [Forwarding findElement on session 0025b467557bd261bbfd2f74f69079db to remote] DEBUG org.asynchttpclient.netty.request.NettyRequestSender - Using pooled Channel '[id: 0xdbba77f2, L:/127.0.0.1:51239 - R:localhost/127.0.0.1:63786]' for 'POST' to 'http://localhost:63786/session/0025b467557bd261bbfd2f74f69079db/element'
20:02:17.831 [Forwarding findElement on session 0025b467557bd261bbfd2f74f69079db to remote] DEBUG org.asynchttpclient.netty.request.NettyRequestSender - Using open Channel [id: 0xdbba77f2, L:/127.0.0.1:51239 - R:localhost/127.0.0.1:63786] for POST '/session/0025b467557bd261bbfd2f74f69079db/element'
20:02:17.853 [AsyncHttpClient-1-7] DEBUG org.asynchttpclient.netty.handler.HttpHandler - 

Request DefaultHttpRequest(decodeResult: success, version: HTTP/1.1)
POST /session/0025b467557bd261bbfd2f74f69079db/element HTTP/1.1
User-Agent: selenium/4.1.4 (java windows)
Content-Length: 66
Content-Type: application/json; charset=utf-8
host: localhost:63786
accept: */*

Response DefaultHttpResponse(decodeResult: success, version: HTTP/1.1)
HTTP/1.1 200 OK
Content-Type: application/json; charset=utf-8
cache-control: no-cache
content-length: 88

20:02:17.853 [AsyncHttpClient-1-7] DEBUG org.asynchttpclient.netty.channel.ChannelManager - Adding key: http://localhost:63786 for channel [id: 0xdbba77f2, L:/127.0.0.1:51239 - R:localhost/127.0.0.1:63786]
20:02:17.853 [Forwarding sendKeysToElement on session 0025b467557bd261bbfd2f74f69079db to remote] DEBUG org.asynchttpclient.netty.request.NettyRequestSender - Using pooled Channel '[id: 0xdbba77f2, L:/127.0.0.1:51239 - R:localhost/127.0.0.1:63786]' for 'POST' to 'http://localhost:63786/session/0025b467557bd261bbfd2f74f69079db/element/5379dd2b-e479-4c7b-91ca-52a5c1c26cf8/value'
20:02:17.853 [Forwarding sendKeysToElement on session 0025b467557bd261bbfd2f74f69079db to remote] DEBUG org.asynchttpclient.netty.request.NettyRequestSender - Using open Channel [id: 0xdbba77f2, L:/127.0.0.1:51239 - R:localhost/127.0.0.1:63786] for POST '/session/0025b467557bd261bbfd2f74f69079db/element/5379dd2b-e479-4c7b-91ca-52a5c1c26cf8/value'
20:02:17.936 [AsyncHttpClient-1-7] DEBUG org.asynchttpclient.netty.handler.HttpHandler - 

Request DefaultHttpRequest(decodeResult: success, version: HTTP/1.1)
POST /session/0025b467557bd261bbfd2f74f69079db/element/5379dd2b-e479-4c7b-91ca-52a5c1c26cf8/value HTTP/1.1
User-Agent: selenium/4.1.4 (java windows)
Content-Length: 82
Content-Type: application/json; charset=utf-8
host: localhost:63786
accept: */*

Response DefaultHttpResponse(decodeResult: success, version: HTTP/1.1)
HTTP/1.1 200 OK
Content-Type: application/json; charset=utf-8
cache-control: no-cache
content-length: 14

20:02:17.936 [AsyncHttpClient-1-7] DEBUG org.asynchttpclient.netty.channel.ChannelManager - Adding key: http://localhost:63786 for channel [id: 0xdbba77f2, L:/127.0.0.1:51239 - R:localhost/127.0.0.1:63786]
20:02:17.941 [Forwarding screenshot on session 0025b467557bd261bbfd2f74f69079db to remote] DEBUG org.asynchttpclient.netty.request.NettyRequestSender - Using pooled Channel '[id: 0xdbba77f2, L:/127.0.0.1:51239 - R:localhost/127.0.0.1:63786]' for 'GET' to 'http://localhost:63786/session/0025b467557bd261bbfd2f74f69079db/screenshot'
20:02:17.941 [Forwarding screenshot on session 0025b467557bd261bbfd2f74f69079db to remote] DEBUG org.asynchttpclient.netty.request.NettyRequestSender - Using open Channel [id: 0xdbba77f2, L:/127.0.0.1:51239 - R:localhost/127.0.0.1:63786] for GET '/session/0025b467557bd261bbfd2f74f69079db/screenshot'
20:02:18.066 [AsyncHttpClient-1-7] DEBUG org.asynchttpclient.netty.handler.HttpHandler - 

Request DefaultFullHttpRequest(decodeResult: success, version: HTTP/1.1, content: EmptyByteBufBE)
GET /session/0025b467557bd261bbfd2f74f69079db/screenshot HTTP/1.1
User-Agent: selenium/4.1.4 (java windows)
Cache-Control: no-cache
Content-Type: application/json; charset=utf-8
host: localhost:63786
accept: */*

Response DefaultHttpResponse(decodeResult: success, version: HTTP/1.1)
HTTP/1.1 200 OK
Content-Type: application/json; charset=utf-8
cache-control: no-cache
content-length: 45396

20:02:18.066 [AsyncHttpClient-1-7] DEBUG org.asynchttpclient.netty.channel.ChannelManager - Adding key: http://localhost:63786 for channel [id: 0xdbba77f2, L:/127.0.0.1:51239 - R:localhost/127.0.0.1:63786]
20:02:18.066 [main] DEBUG net.serenitybdd.core.photography.Darkroom - Send negative for processing for target\site\serenity\133e13c68a5a2a1f8bb4a0a270221dd53bb3c3c0c55e8817477b10b3a870f581.png
20:02:18.066 [main] DEBUG net.thucydides.core.steps.StepInterceptor - STEP DONE: inputTanggal
  &amp#27;[32mThen &amp#27;[0m&amp#27;[32mChoose a date &amp#27;[0m&amp#27;[32m&amp#27;[1m""&amp#27;[0m                                                                              &amp#27;[90m# starter.stepdefinitios.KelolaJadwalSteps.chooseADate(java.lang.String)&amp#27;[0m
20:02:18.577 [Forwarding screenshot on session 0025b467557bd261bbfd2f74f69079db to remote] DEBUG org.asynchttpclient.netty.request.NettyRequestSender - Using pooled Channel '[id: 0xdbba77f2, L:/127.0.0.1:51239 - R:localhost/127.0.0.1:63786]' for 'GET' to 'http://localhost:63786/session/0025b467557bd261bbfd2f74f69079db/screenshot'
20:02:18.577 [Forwarding screenshot on session 0025b467557bd261bbfd2f74f69079db to remote] DEBUG org.asynchttpclient.netty.request.NettyRequestSender - Using open Channel [id: 0xdbba77f2, L:/127.0.0.1:51239 - R:localhost/127.0.0.1:63786] for GET '/session/0025b467557bd261bbfd2f74f69079db/screenshot'
20:02:18.615 [AsyncHttpClient-1-1] DEBUG org.asynchttpclient.netty.channel.DefaultChannelPool - Entry count for : http://localhost:51240 : 1
20:02:18.720 [AsyncHttpClient-1-7] DEBUG org.asynchttpclient.netty.handler.HttpHandler - 

Request DefaultFullHttpRequest(decodeResult: success, version: HTTP/1.1, content: EmptyByteBufBE)
GET /session/0025b467557bd261bbfd2f74f69079db/screenshot HTTP/1.1
User-Agent: selenium/4.1.4 (java windows)
Cache-Control: no-cache
Content-Type: application/json; charset=utf-8
host: localhost:63786
accept: */*

Response DefaultHttpResponse(decodeResult: success, version: HTTP/1.1)
HTTP/1.1 200 OK
Content-Type: application/json; charset=utf-8
cache-control: no-cache
content-length: 45396

20:02:18.721 [AsyncHttpClient-1-7] DEBUG org.asynchttpclient.netty.channel.ChannelManager - Adding key: http://localhost:63786 for channel [id: 0xdbba77f2, L:/127.0.0.1:51239 - R:localhost/127.0.0.1:63786]
20:02:18.721 [main] DEBUG net.serenitybdd.core.photography.Darkroom - Send negative for processing for target\site\serenity\133e13c68a5a2a1f8bb4a0a270221dd53bb3c3c0c55e8817477b10b3a870f581.png
20:02:18.721 [main] DEBUG net.thucydides.core.steps.StepInterceptor - STARTING STEP: KelolaJadwalSteps.chooseTheTypeOfTreatment - buttonJenisPerawatan
20:02:18.726 [Forwarding findElement on session 0025b467557bd261bbfd2f74f69079db to remote] DEBUG org.asynchttpclient.netty.request.NettyRequestSender - Using pooled Channel '[id: 0xdbba77f2, L:/127.0.0.1:51239 - R:localhost/127.0.0.1:63786]' for 'POST' to 'http://localhost:63786/session/0025b467557bd261bbfd2f74f69079db/element'
20:02:18.726 [Forwarding findElement on session 0025b467557bd261bbfd2f74f69079db to remote] DEBUG org.asynchttpclient.netty.request.NettyRequestSender - Using open Channel [id: 0xdbba77f2, L:/127.0.0.1:51239 - R:localhost/127.0.0.1:63786] for POST '/session/0025b467557bd261bbfd2f74f69079db/element'
20:02:18.745 [AsyncHttpClient-1-7] DEBUG org.asynchttpclient.netty.handler.HttpHandler - 

Request DefaultHttpRequest(decodeResult: success, version: HTTP/1.1)
POST /session/0025b467557bd261bbfd2f74f69079db/element HTTP/1.1
User-Agent: selenium/4.1.4 (java windows)
Content-Length: 103
Content-Type: application/json; charset=utf-8
host: localhost:63786
accept: */*

Response DefaultHttpResponse(decodeResult: success, version: HTTP/1.1)
HTTP/1.1 200 OK
Content-Type: application/json; charset=utf-8
cache-control: no-cache
content-length: 88

20:02:18.745 [AsyncHttpClient-1-7] DEBUG org.asynchttpclient.netty.channel.ChannelManager - Adding key: http://localhost:63786 for channel [id: 0xdbba77f2, L:/127.0.0.1:51239 - R:localhost/127.0.0.1:63786]
20:02:18.746 [Forwarding getElementTagName on session 0025b467557bd261bbfd2f74f69079db to remote] DEBUG org.asynchttpclient.netty.request.NettyRequestSender - Using pooled Channel '[id: 0xdbba77f2, L:/127.0.0.1:51239 - R:localhost/127.0.0.1:63786]' for 'GET' to 'http://localhost:63786/session/0025b467557bd261bbfd2f74f69079db/element/8dad52c7-2ef5-4cd2-9151-3f73a0593b7f/name'
20:02:18.746 [Forwarding getElementTagName on session 0025b467557bd261bbfd2f74f69079db to remote] DEBUG org.asynchttpclient.netty.request.NettyRequestSender - Using open Channel [id: 0xdbba77f2, L:/127.0.0.1:51239 - R:localhost/127.0.0.1:63786] for GET '/session/0025b467557bd261bbfd2f74f69079db/element/8dad52c7-2ef5-4cd2-9151-3f73a0593b7f/name'
20:02:18.753 [AsyncHttpClient-1-7] DEBUG org.asynchttpclient.netty.handler.HttpHandler - 

Request DefaultFullHttpRequest(decodeResult: success, version: HTTP/1.1, content: EmptyByteBufBE)
GET /session/0025b467557bd261bbfd2f74f69079db/element/8dad52c7-2ef5-4cd2-9151-3f73a0593b7f/name HTTP/1.1
User-Agent: selenium/4.1.4 (java windows)
Cache-Control: no-cache
Content-Type: application/json; charset=utf-8
host: localhost:63786
accept: */*

Response DefaultHttpResponse(decodeResult: success, version: HTTP/1.1)
HTTP/1.1 200 OK
Content-Type: application/json; charset=utf-8
cache-control: no-cache
content-length: 18

20:02:18.753 [AsyncHttpClient-1-7] DEBUG org.asynchttpclient.netty.channel.ChannelManager - Adding key: http://localhost:63786 for channel [id: 0xdbba77f2, L:/127.0.0.1:51239 - R:localhost/127.0.0.1:63786]
20:02:18.754 [Forwarding getElementTagName on session 0025b467557bd261bbfd2f74f69079db to remote] DEBUG org.asynchttpclient.netty.request.NettyRequestSender - Using pooled Channel '[id: 0xdbba77f2, L:/127.0.0.1:51239 - R:localhost/127.0.0.1:63786]' for 'GET' to 'http://localhost:63786/session/0025b467557bd261bbfd2f74f69079db/element/8dad52c7-2ef5-4cd2-9151-3f73a0593b7f/name'
20:02:18.754 [Forwarding getElementTagName on session 0025b467557bd261bbfd2f74f69079db to remote] DEBUG org.asynchttpclient.netty.request.NettyRequestSender - Using open Channel [id: 0xdbba77f2, L:/127.0.0.1:51239 - R:localhost/127.0.0.1:63786] for GET '/session/0025b467557bd261bbfd2f74f69079db/element/8dad52c7-2ef5-4cd2-9151-3f73a0593b7f/name'
20:02:18.759 [AsyncHttpClient-1-7] DEBUG org.asynchttpclient.netty.handler.HttpHandler - 

Request DefaultFullHttpRequest(decodeResult: success, version: HTTP/1.1, content: EmptyByteBufBE)
GET /session/0025b467557bd261bbfd2f74f69079db/element/8dad52c7-2ef5-4cd2-9151-3f73a0593b7f/name HTTP/1.1
User-Agent: selenium/4.1.4 (java windows)
Cache-Control: no-cache
Content-Type: application/json; charset=utf-8
host: localhost:63786
accept: */*

Response DefaultHttpResponse(decodeResult: success, version: HTTP/1.1)
HTTP/1.1 200 OK
Content-Type: application/json; charset=utf-8
cache-control: no-cache
content-length: 18

20:02:18.759 [AsyncHttpClient-1-7] DEBUG org.asynchttpclient.netty.channel.ChannelManager - Adding key: http://localhost:63786 for channel [id: 0xdbba77f2, L:/127.0.0.1:51239 - R:localhost/127.0.0.1:63786]
20:02:18.761 [Forwarding isElementEnabled on session 0025b467557bd261bbfd2f74f69079db to remote] DEBUG org.asynchttpclient.netty.request.NettyRequestSender - Using pooled Channel '[id: 0xdbba77f2, L:/127.0.0.1:51239 - R:localhost/127.0.0.1:63786]' for 'GET' to 'http://localhost:63786/session/0025b467557bd261bbfd2f74f69079db/element/8dad52c7-2ef5-4cd2-9151-3f73a0593b7f/enabled'
20:02:18.761 [Forwarding isElementEnabled on session 0025b467557bd261bbfd2f74f69079db to remote] DEBUG org.asynchttpclient.netty.request.NettyRequestSender - Using open Channel [id: 0xdbba77f2, L:/127.0.0.1:51239 - R:localhost/127.0.0.1:63786] for GET '/session/0025b467557bd261bbfd2f74f69079db/element/8dad52c7-2ef5-4cd2-9151-3f73a0593b7f/enabled'
20:02:18.775 [AsyncHttpClient-1-7] DEBUG org.asynchttpclient.netty.handler.HttpHandler - 

Request DefaultFullHttpRequest(decodeResult: success, version: HTTP/1.1, content: EmptyByteBufBE)
GET /session/0025b467557bd261bbfd2f74f69079db/element/8dad52c7-2ef5-4cd2-9151-3f73a0593b7f/enabled HTTP/1.1
User-Agent: selenium/4.1.4 (java windows)
Cache-Control: no-cache
Content-Type: application/json; charset=utf-8
host: localhost:63786
accept: */*

Response DefaultHttpResponse(decodeResult: success, version: HTTP/1.1)
HTTP/1.1 200 OK
Content-Type: application/json; charset=utf-8
cache-control: no-cache
content-length: 14

20:02:18.775 [AsyncHttpClient-1-7] DEBUG org.asynchttpclient.netty.channel.ChannelManager - Adding key: http://localhost:63786 for channel [id: 0xdbba77f2, L:/127.0.0.1:51239 - R:localhost/127.0.0.1:63786]
20:02:18.777 [Forwarding isElementEnabled on session 0025b467557bd261bbfd2f74f69079db to remote] DEBUG org.asynchttpclient.netty.request.NettyRequestSender - Using pooled Channel '[id: 0xdbba77f2, L:/127.0.0.1:51239 - R:localhost/127.0.0.1:63786]' for 'GET' to 'http://localhost:63786/session/0025b467557bd261bbfd2f74f69079db/element/8dad52c7-2ef5-4cd2-9151-3f73a0593b7f/enabled'
20:02:18.777 [Forwarding isElementEnabled on session 0025b467557bd261bbfd2f74f69079db to remote] DEBUG org.asynchttpclient.netty.request.NettyRequestSender - Using open Channel [id: 0xdbba77f2, L:/127.0.0.1:51239 - R:localhost/127.0.0.1:63786] for GET '/session/0025b467557bd261bbfd2f74f69079db/element/8dad52c7-2ef5-4cd2-9151-3f73a0593b7f/enabled'
20:02:18.785 [AsyncHttpClient-1-7] DEBUG org.asynchttpclient.netty.handler.HttpHandler - 

Request DefaultFullHttpRequest(decodeResult: success, version: HTTP/1.1, content: EmptyByteBufBE)
GET /session/0025b467557bd261bbfd2f74f69079db/element/8dad52c7-2ef5-4cd2-9151-3f73a0593b7f/enabled HTTP/1.1
User-Agent: selenium/4.1.4 (java windows)
Cache-Control: no-cache
Content-Type: application/json; charset=utf-8
host: localhost:63786
accept: */*

Response DefaultHttpResponse(decodeResult: success, version: HTTP/1.1)
HTTP/1.1 200 OK
Content-Type: application/json; charset=utf-8
cache-control: no-cache
content-length: 14

20:02:18.785 [AsyncHttpClient-1-7] DEBUG org.asynchttpclient.netty.channel.ChannelManager - Adding key: http://localhost:63786 for channel [id: 0xdbba77f2, L:/127.0.0.1:51239 - R:localhost/127.0.0.1:63786]
20:02:18.786 [Forwarding findElement on session 0025b467557bd261bbfd2f74f69079db to remote] DEBUG org.asynchttpclient.netty.request.NettyRequestSender - Using pooled Channel '[id: 0xdbba77f2, L:/127.0.0.1:51239 - R:localhost/127.0.0.1:63786]' for 'POST' to 'http://localhost:63786/session/0025b467557bd261bbfd2f74f69079db/element'
20:02:18.786 [Forwarding findElement on session 0025b467557bd261bbfd2f74f69079db to remote] DEBUG org.asynchttpclient.netty.request.NettyRequestSender - Using open Channel [id: 0xdbba77f2, L:/127.0.0.1:51239 - R:localhost/127.0.0.1:63786] for POST '/session/0025b467557bd261bbfd2f74f69079db/element'
20:02:18.798 [AsyncHttpClient-1-7] DEBUG org.asynchttpclient.netty.handler.HttpHandler - 

Request DefaultHttpRequest(decodeResult: success, version: HTTP/1.1)
POST /session/0025b467557bd261bbfd2f74f69079db/element HTTP/1.1
User-Agent: selenium/4.1.4 (java windows)
Content-Length: 103
Content-Type: application/json; charset=utf-8
host: localhost:63786
accept: */*

Response DefaultHttpResponse(decodeResult: success, version: HTTP/1.1)
HTTP/1.1 200 OK
Content-Type: application/json; charset=utf-8
cache-control: no-cache
content-length: 88

20:02:18.798 [AsyncHttpClient-1-7] DEBUG org.asynchttpclient.netty.channel.ChannelManager - Adding key: http://localhost:63786 for channel [id: 0xdbba77f2, L:/127.0.0.1:51239 - R:localhost/127.0.0.1:63786]
20:02:18.799 [Forwarding clickElement on session 0025b467557bd261bbfd2f74f69079db to remote] DEBUG org.asynchttpclient.netty.request.NettyRequestSender - Using pooled Channel '[id: 0xdbba77f2, L:/127.0.0.1:51239 - R:localhost/127.0.0.1:63786]' for 'POST' to 'http://localhost:63786/session/0025b467557bd261bbfd2f74f69079db/element/8dad52c7-2ef5-4cd2-9151-3f73a0593b7f/click'
20:02:18.799 [Forwarding clickElement on session 0025b467557bd261bbfd2f74f69079db to remote] DEBUG org.asynchttpclient.netty.request.NettyRequestSender - Using open Channel [id: 0xdbba77f2, L:/127.0.0.1:51239 - R:localhost/127.0.0.1:63786] for POST '/session/0025b467557bd261bbfd2f74f69079db/element/8dad52c7-2ef5-4cd2-9151-3f73a0593b7f/click'
20:02:18.881 [AsyncHttpClient-1-7] DEBUG org.asynchttpclient.netty.handler.HttpHandler - 

Request DefaultHttpRequest(decodeResult: success, version: HTTP/1.1)
POST /session/0025b467557bd261bbfd2f74f69079db/element/8dad52c7-2ef5-4cd2-9151-3f73a0593b7f/click HTTP/1.1
User-Agent: selenium/4.1.4 (java windows)
Content-Length: 50
Content-Type: application/json; charset=utf-8
host: localhost:63786
accept: */*

Response DefaultHttpResponse(decodeResult: success, version: HTTP/1.1)
HTTP/1.1 200 OK
Content-Type: application/json; charset=utf-8
cache-control: no-cache
content-length: 14

20:02:18.881 [AsyncHttpClient-1-7] DEBUG org.asynchttpclient.netty.channel.ChannelManager - Adding key: http://localhost:63786 for channel [id: 0xdbba77f2, L:/127.0.0.1:51239 - R:localhost/127.0.0.1:63786]
20:02:18.892 [Forwarding screenshot on session 0025b467557bd261bbfd2f74f69079db to remote] DEBUG org.asynchttpclient.netty.request.NettyRequestSender - Using pooled Channel '[id: 0xdbba77f2, L:/127.0.0.1:51239 - R:localhost/127.0.0.1:63786]' for 'GET' to 'http://localhost:63786/session/0025b467557bd261bbfd2f74f69079db/screenshot'
20:02:18.892 [Forwarding screenshot on session 0025b467557bd261bbfd2f74f69079db to remote] DEBUG org.asynchttpclient.netty.request.NettyRequestSender - Using open Channel [id: 0xdbba77f2, L:/127.0.0.1:51239 - R:localhost/127.0.0.1:63786] for GET '/session/0025b467557bd261bbfd2f74f69079db/screenshot'
20:02:19.043 [AsyncHttpClient-1-7] DEBUG org.asynchttpclient.netty.handler.HttpHandler - 

Request DefaultFullHttpRequest(decodeResult: success, version: HTTP/1.1, content: EmptyByteBufBE)
GET /session/0025b467557bd261bbfd2f74f69079db/screenshot HTTP/1.1
User-Agent: selenium/4.1.4 (java windows)
Cache-Control: no-cache
Content-Type: application/json; charset=utf-8
host: localhost:63786
accept: */*

Response DefaultHttpResponse(decodeResult: success, version: HTTP/1.1)
HTTP/1.1 200 OK
Content-Type: application/json; charset=utf-8
cache-control: no-cache
content-length: 48108

20:02:19.043 [AsyncHttpClient-1-7] DEBUG org.asynchttpclient.netty.channel.ChannelManager - Adding key: http://localhost:63786 for channel [id: 0xdbba77f2, L:/127.0.0.1:51239 - R:localhost/127.0.0.1:63786]
20:02:19.043 [main] DEBUG net.serenitybdd.core.photography.Darkroom - Send negative for processing for target\site\serenity\ee0b0950159c0624df48652404052920f8be600b279f8f90a3cdd9bc1b9b5915.png
20:02:19.043 [main] DEBUG net.thucydides.core.steps.StepInterceptor - STEP DONE: buttonJenisPerawatan
  &amp#27;[32mAnd &amp#27;[0m&amp#27;[32mChoose the type of treatment&amp#27;[0m                                                                   &amp#27;[90m# starter.stepdefinitios.KelolaJadwalSteps.chooseTheTypeOfTreatment()&amp#27;[0m
20:02:19.559 [Forwarding screenshot on session 0025b467557bd261bbfd2f74f69079db to remote] DEBUG org.asynchttpclient.netty.request.NettyRequestSender - Using pooled Channel '[id: 0xdbba77f2, L:/127.0.0.1:51239 - R:localhost/127.0.0.1:63786]' for 'GET' to 'http://localhost:63786/session/0025b467557bd261bbfd2f74f69079db/screenshot'
20:02:19.559 [Forwarding screenshot on session 0025b467557bd261bbfd2f74f69079db to remote] DEBUG org.asynchttpclient.netty.request.NettyRequestSender - Using open Channel [id: 0xdbba77f2, L:/127.0.0.1:51239 - R:localhost/127.0.0.1:63786] for GET '/session/0025b467557bd261bbfd2f74f69079db/screenshot'
20:02:19.721 [AsyncHttpClient-1-1] DEBUG org.asynchttpclient.netty.channel.DefaultChannelPool - Entry count for : http://localhost:51240 : 1
20:02:19.729 [AsyncHttpClient-1-7] DEBUG org.asynchttpclient.netty.handler.HttpHandler - 

Request DefaultFullHttpRequest(decodeResult: success, version: HTTP/1.1, content: EmptyByteBufBE)
GET /session/0025b467557bd261bbfd2f74f69079db/screenshot HTTP/1.1
User-Agent: selenium/4.1.4 (java windows)
Cache-Control: no-cache
Content-Type: application/json; charset=utf-8
host: localhost:63786
accept: */*

Response DefaultHttpResponse(decodeResult: success, version: HTTP/1.1)
HTTP/1.1 200 OK
Content-Type: application/json; charset=utf-8
cache-control: no-cache
content-length: 48108

20:02:19.729 [AsyncHttpClient-1-7] DEBUG org.asynchttpclient.netty.channel.ChannelManager - Adding key: http://localhost:63786 for channel [id: 0xdbba77f2, L:/127.0.0.1:51239 - R:localhost/127.0.0.1:63786]
20:02:19.729 [main] DEBUG net.serenitybdd.core.photography.Darkroom - Send negative for processing for target\site\serenity\ee0b0950159c0624df48652404052920f8be600b279f8f90a3cdd9bc1b9b5915.png
20:02:19.734 [main] DEBUG net.thucydides.core.steps.StepInterceptor - STARTING STEP: KelolaJadwalSteps.clickSimpan - buttonSave
20:02:19.735 [Forwarding findElement on session 0025b467557bd261bbfd2f74f69079db to remote] DEBUG org.asynchttpclient.netty.request.NettyRequestSender - Using pooled Channel '[id: 0xdbba77f2, L:/127.0.0.1:51239 - R:localhost/127.0.0.1:63786]' for 'POST' to 'http://localhost:63786/session/0025b467557bd261bbfd2f74f69079db/element'
20:02:19.735 [Forwarding findElement on session 0025b467557bd261bbfd2f74f69079db to remote] DEBUG org.asynchttpclient.netty.request.NettyRequestSender - Using open Channel [id: 0xdbba77f2, L:/127.0.0.1:51239 - R:localhost/127.0.0.1:63786] for POST '/session/0025b467557bd261bbfd2f74f69079db/element'
20:02:19.750 [AsyncHttpClient-1-7] DEBUG org.asynchttpclient.netty.handler.HttpHandler - 

Request DefaultHttpRequest(decodeResult: success, version: HTTP/1.1)
POST /session/0025b467557bd261bbfd2f74f69079db/element HTTP/1.1
User-Agent: selenium/4.1.4 (java windows)
Content-Length: 68
Content-Type: application/json; charset=utf-8
host: localhost:63786
accept: */*

Response DefaultHttpResponse(decodeResult: success, version: HTTP/1.1)
HTTP/1.1 200 OK
Content-Type: application/json; charset=utf-8
cache-control: no-cache
content-length: 88

20:02:19.750 [AsyncHttpClient-1-7] DEBUG org.asynchttpclient.netty.channel.ChannelManager - Adding key: http://localhost:63786 for channel [id: 0xdbba77f2, L:/127.0.0.1:51239 - R:localhost/127.0.0.1:63786]
20:02:19.750 [Forwarding getElementTagName on session 0025b467557bd261bbfd2f74f69079db to remote] DEBUG org.asynchttpclient.netty.request.NettyRequestSender - Using pooled Channel '[id: 0xdbba77f2, L:/127.0.0.1:51239 - R:localhost/127.0.0.1:63786]' for 'GET' to 'http://localhost:63786/session/0025b467557bd261bbfd2f74f69079db/element/1bab076e-76ac-4144-a32b-b84575433976/name'
20:02:19.750 [Forwarding getElementTagName on session 0025b467557bd261bbfd2f74f69079db to remote] DEBUG org.asynchttpclient.netty.request.NettyRequestSender - Using open Channel [id: 0xdbba77f2, L:/127.0.0.1:51239 - R:localhost/127.0.0.1:63786] for GET '/session/0025b467557bd261bbfd2f74f69079db/element/1bab076e-76ac-4144-a32b-b84575433976/name'
20:02:19.759 [AsyncHttpClient-1-7] DEBUG org.asynchttpclient.netty.handler.HttpHandler - 

Request DefaultFullHttpRequest(decodeResult: success, version: HTTP/1.1, content: EmptyByteBufBE)
GET /session/0025b467557bd261bbfd2f74f69079db/element/1bab076e-76ac-4144-a32b-b84575433976/name HTTP/1.1
User-Agent: selenium/4.1.4 (java windows)
Cache-Control: no-cache
Content-Type: application/json; charset=utf-8
host: localhost:63786
accept: */*

Response DefaultHttpResponse(decodeResult: success, version: HTTP/1.1)
HTTP/1.1 200 OK
Content-Type: application/json; charset=utf-8
cache-control: no-cache
content-length: 18

20:02:19.759 [AsyncHttpClient-1-7] DEBUG org.asynchttpclient.netty.channel.ChannelManager - Adding key: http://localhost:63786 for channel [id: 0xdbba77f2, L:/127.0.0.1:51239 - R:localhost/127.0.0.1:63786]
20:02:19.759 [Forwarding getElementTagName on session 0025b467557bd261bbfd2f74f69079db to remote] DEBUG org.asynchttpclient.netty.request.NettyRequestSender - Using pooled Channel '[id: 0xdbba77f2, L:/127.0.0.1:51239 - R:localhost/127.0.0.1:63786]' for 'GET' to 'http://localhost:63786/session/0025b467557bd261bbfd2f74f69079db/element/1bab076e-76ac-4144-a32b-b84575433976/name'
20:02:19.759 [Forwarding getElementTagName on session 0025b467557bd261bbfd2f74f69079db to remote] DEBUG org.asynchttpclient.netty.request.NettyRequestSender - Using open Channel [id: 0xdbba77f2, L:/127.0.0.1:51239 - R:localhost/127.0.0.1:63786] for GET '/session/0025b467557bd261bbfd2f74f69079db/element/1bab076e-76ac-4144-a32b-b84575433976/name'
20:02:19.766 [AsyncHttpClient-1-7] DEBUG org.asynchttpclient.netty.handler.HttpHandler - 

Request DefaultFullHttpRequest(decodeResult: success, version: HTTP/1.1, content: EmptyByteBufBE)
GET /session/0025b467557bd261bbfd2f74f69079db/element/1bab076e-76ac-4144-a32b-b84575433976/name HTTP/1.1
User-Agent: selenium/4.1.4 (java windows)
Cache-Control: no-cache
Content-Type: application/json; charset=utf-8
host: localhost:63786
accept: */*

Response DefaultHttpResponse(decodeResult: success, version: HTTP/1.1)
HTTP/1.1 200 OK
Content-Type: application/json; charset=utf-8
cache-control: no-cache
content-length: 18

20:02:19.766 [AsyncHttpClient-1-7] DEBUG org.asynchttpclient.netty.channel.ChannelManager - Adding key: http://localhost:63786 for channel [id: 0xdbba77f2, L:/127.0.0.1:51239 - R:localhost/127.0.0.1:63786]
20:02:19.767 [Forwarding isElementEnabled on session 0025b467557bd261bbfd2f74f69079db to remote] DEBUG org.asynchttpclient.netty.request.NettyRequestSender - Using pooled Channel '[id: 0xdbba77f2, L:/127.0.0.1:51239 - R:localhost/127.0.0.1:63786]' for 'GET' to 'http://localhost:63786/session/0025b467557bd261bbfd2f74f69079db/element/1bab076e-76ac-4144-a32b-b84575433976/enabled'
20:02:19.767 [Forwarding isElementEnabled on session 0025b467557bd261bbfd2f74f69079db to remote] DEBUG org.asynchttpclient.netty.request.NettyRequestSender - Using open Channel [id: 0xdbba77f2, L:/127.0.0.1:51239 - R:localhost/127.0.0.1:63786] for GET '/session/0025b467557bd261bbfd2f74f69079db/element/1bab076e-76ac-4144-a32b-b84575433976/enabled'
20:02:19.783 [AsyncHttpClient-1-7] DEBUG org.asynchttpclient.netty.handler.HttpHandler - 

Request DefaultFullHttpRequest(decodeResult: success, version: HTTP/1.1, content: EmptyByteBufBE)
GET /session/0025b467557bd261bbfd2f74f69079db/element/1bab076e-76ac-4144-a32b-b84575433976/enabled HTTP/1.1
User-Agent: selenium/4.1.4 (java windows)
Cache-Control: no-cache
Content-Type: application/json; charset=utf-8
host: localhost:63786
accept: */*

Response DefaultHttpResponse(decodeResult: success, version: HTTP/1.1)
HTTP/1.1 200 OK
Content-Type: application/json; charset=utf-8
cache-control: no-cache
content-length: 14

20:02:19.783 [AsyncHttpClient-1-7] DEBUG org.asynchttpclient.netty.channel.ChannelManager - Adding key: http://localhost:63786 for channel [id: 0xdbba77f2, L:/127.0.0.1:51239 - R:localhost/127.0.0.1:63786]
20:02:19.783 [Forwarding isElementEnabled on session 0025b467557bd261bbfd2f74f69079db to remote] DEBUG org.asynchttpclient.netty.request.NettyRequestSender - Using pooled Channel '[id: 0xdbba77f2, L:/127.0.0.1:51239 - R:localhost/127.0.0.1:63786]' for 'GET' to 'http://localhost:63786/session/0025b467557bd261bbfd2f74f69079db/element/1bab076e-76ac-4144-a32b-b84575433976/enabled'
20:02:19.783 [Forwarding isElementEnabled on session 0025b467557bd261bbfd2f74f69079db to remote] DEBUG org.asynchttpclient.netty.request.NettyRequestSender - Using open Channel [id: 0xdbba77f2, L:/127.0.0.1:51239 - R:localhost/127.0.0.1:63786] for GET '/session/0025b467557bd261bbfd2f74f69079db/element/1bab076e-76ac-4144-a32b-b84575433976/enabled'
20:02:19.792 [AsyncHttpClient-1-7] DEBUG org.asynchttpclient.netty.handler.HttpHandler - 

Request DefaultFullHttpRequest(decodeResult: success, version: HTTP/1.1, content: EmptyByteBufBE)
GET /session/0025b467557bd261bbfd2f74f69079db/element/1bab076e-76ac-4144-a32b-b84575433976/enabled HTTP/1.1
User-Agent: selenium/4.1.4 (java windows)
Cache-Control: no-cache
Content-Type: application/json; charset=utf-8
host: localhost:63786
accept: */*

Response DefaultHttpResponse(decodeResult: success, version: HTTP/1.1)
HTTP/1.1 200 OK
Content-Type: application/json; charset=utf-8
cache-control: no-cache
content-length: 14

20:02:19.793 [AsyncHttpClient-1-7] DEBUG org.asynchttpclient.netty.channel.ChannelManager - Adding key: http://localhost:63786 for channel [id: 0xdbba77f2, L:/127.0.0.1:51239 - R:localhost/127.0.0.1:63786]
20:02:19.795 [Forwarding findElement on session 0025b467557bd261bbfd2f74f69079db to remote] DEBUG org.asynchttpclient.netty.request.NettyRequestSender - Using pooled Channel '[id: 0xdbba77f2, L:/127.0.0.1:51239 - R:localhost/127.0.0.1:63786]' for 'POST' to 'http://localhost:63786/session/0025b467557bd261bbfd2f74f69079db/element'
20:02:19.795 [Forwarding findElement on session 0025b467557bd261bbfd2f74f69079db to remote] DEBUG org.asynchttpclient.netty.request.NettyRequestSender - Using open Channel [id: 0xdbba77f2, L:/127.0.0.1:51239 - R:localhost/127.0.0.1:63786] for POST '/session/0025b467557bd261bbfd2f74f69079db/element'
20:02:19.806 [AsyncHttpClient-1-7] DEBUG org.asynchttpclient.netty.handler.HttpHandler - 

Request DefaultHttpRequest(decodeResult: success, version: HTTP/1.1)
POST /session/0025b467557bd261bbfd2f74f69079db/element HTTP/1.1
User-Agent: selenium/4.1.4 (java windows)
Content-Length: 68
Content-Type: application/json; charset=utf-8
host: localhost:63786
accept: */*

Response DefaultHttpResponse(decodeResult: success, version: HTTP/1.1)
HTTP/1.1 200 OK
Content-Type: application/json; charset=utf-8
cache-control: no-cache
content-length: 88

20:02:19.806 [AsyncHttpClient-1-7] DEBUG org.asynchttpclient.netty.channel.ChannelManager - Adding key: http://localhost:63786 for channel [id: 0xdbba77f2, L:/127.0.0.1:51239 - R:localhost/127.0.0.1:63786]
20:02:19.806 [Forwarding clickElement on session 0025b467557bd261bbfd2f74f69079db to remote] DEBUG org.asynchttpclient.netty.request.NettyRequestSender - Using pooled Channel '[id: 0xdbba77f2, L:/127.0.0.1:51239 - R:localhost/127.0.0.1:63786]' for 'POST' to 'http://localhost:63786/session/0025b467557bd261bbfd2f74f69079db/element/1bab076e-76ac-4144-a32b-b84575433976/click'
20:02:19.806 [Forwarding clickElement on session 0025b467557bd261bbfd2f74f69079db to remote] DEBUG org.asynchttpclient.netty.request.NettyRequestSender - Using open Channel [id: 0xdbba77f2, L:/127.0.0.1:51239 - R:localhost/127.0.0.1:63786] for POST '/session/0025b467557bd261bbfd2f74f69079db/element/1bab076e-76ac-4144-a32b-b84575433976/click'
20:02:20.236 [AsyncHttpClient-1-7] DEBUG org.asynchttpclient.netty.handler.HttpHandler - 

Request DefaultHttpRequest(decodeResult: success, version: HTTP/1.1)
POST /session/0025b467557bd261bbfd2f74f69079db/element/1bab076e-76ac-4144-a32b-b84575433976/click HTTP/1.1
User-Agent: selenium/4.1.4 (java windows)
Content-Length: 50
Content-Type: application/json; charset=utf-8
host: localhost:63786
accept: */*

Response DefaultHttpResponse(decodeResult: success, version: HTTP/1.1)
HTTP/1.1 200 OK
Content-Type: application/json; charset=utf-8
cache-control: no-cache
content-length: 14

20:02:20.236 [AsyncHttpClient-1-7] DEBUG org.asynchttpclient.netty.channel.ChannelManager - Adding key: http://localhost:63786 for channel [id: 0xdbba77f2, L:/127.0.0.1:51239 - R:localhost/127.0.0.1:63786]
20:02:20.246 [Forwarding screenshot on session 0025b467557bd261bbfd2f74f69079db to remote] DEBUG org.asynchttpclient.netty.request.NettyRequestSender - Using pooled Channel '[id: 0xdbba77f2, L:/127.0.0.1:51239 - R:localhost/127.0.0.1:63786]' for 'GET' to 'http://localhost:63786/session/0025b467557bd261bbfd2f74f69079db/screenshot'
20:02:20.246 [Forwarding screenshot on session 0025b467557bd261bbfd2f74f69079db to remote] DEBUG org.asynchttpclient.netty.request.NettyRequestSender - Using open Channel [id: 0xdbba77f2, L:/127.0.0.1:51239 - R:localhost/127.0.0.1:63786] for GET '/session/0025b467557bd261bbfd2f74f69079db/screenshot'
20:02:20.488 [AsyncHttpClient-1-7] DEBUG org.asynchttpclient.netty.handler.HttpHandler - 

Request DefaultFullHttpRequest(decodeResult: success, version: HTTP/1.1, content: EmptyByteBufBE)
GET /session/0025b467557bd261bbfd2f74f69079db/screenshot HTTP/1.1
User-Agent: selenium/4.1.4 (java windows)
Cache-Control: no-cache
Content-Type: application/json; charset=utf-8
host: localhost:63786
accept: */*

Response DefaultHttpResponse(decodeResult: success, version: HTTP/1.1)
HTTP/1.1 200 OK
Content-Type: application/json; charset=utf-8
cache-control: no-cache
content-length: 48596

20:02:20.488 [AsyncHttpClient-1-7] DEBUG org.asynchttpclient.netty.channel.ChannelManager - Adding key: http://localhost:63786 for channel [id: 0xdbba77f2, L:/127.0.0.1:51239 - R:localhost/127.0.0.1:63786]
20:02:20.494 [main] DEBUG net.serenitybdd.core.photography.Darkroom - Send negative for processing for target\site\serenity\ad0c76f77d6a46c528097d8859d3732fd024d35a15cce2baa84a05972403cdc5.png
20:02:20.494 [main] DEBUG net.thucydides.core.steps.StepInterceptor - STEP DONE: buttonSave
  &amp#27;[32mAnd &amp#27;[0m&amp#27;[32mClick simpan&amp#27;[0m                                                                                   &amp#27;[90m# starter.stepdefinitios.KelolaJadwalSteps.clickSimpan()&amp#27;[0m
20:02:20.494 [Darkroom Processing Line] DEBUG net.serenitybdd.core.photography.DarkroomProcessingLine - Processing screenshot image in /var/screenshots/screenshot-14176478605983362948
20:02:20.495 [Darkroom Processing Line] DEBUG net.serenitybdd.core.photography.DarkroomProcessingLine - Saving screenshot to target\site\serenity\ad0c76f77d6a46c528097d8859d3732fd024d35a15cce2baa84a05972403cdc5.png
20:02:20.535 [main] DEBUG net.thucydides.core.steps.StepInterceptor - STARTING STEP: KelolaJadwalSteps.validateDataErrorKelolaJadwal - validateErrorKelolaJadwal
20:02:20.543 [Forwarding findElement on session 0025b467557bd261bbfd2f74f69079db to remote] DEBUG org.asynchttpclient.netty.request.NettyRequestSender - Using pooled Channel '[id: 0xdbba77f2, L:/127.0.0.1:51239 - R:localhost/127.0.0.1:63786]' for 'POST' to 'http://localhost:63786/session/0025b467557bd261bbfd2f74f69079db/element'
20:02:20.543 [Forwarding findElement on session 0025b467557bd261bbfd2f74f69079db to remote] DEBUG org.asynchttpclient.netty.request.NettyRequestSender - Using open Channel [id: 0xdbba77f2, L:/127.0.0.1:51239 - R:localhost/127.0.0.1:63786] for POST '/session/0025b467557bd261bbfd2f74f69079db/element'
20:02:20.570 [AsyncHttpClient-1-7] DEBUG org.asynchttpclient.netty.handler.HttpHandler - 

Request DefaultHttpRequest(decodeResult: success, version: HTTP/1.1)
POST /session/0025b467557bd261bbfd2f74f69079db/element HTTP/1.1
User-Agent: selenium/4.1.4 (java windows)
Content-Length: 100
Content-Type: application/json; charset=utf-8
host: localhost:63786
accept: */*

Response DefaultHttpResponse(decodeResult: success, version: HTTP/1.1)
HTTP/1.1 200 OK
Content-Type: application/json; charset=utf-8
cache-control: no-cache
content-length: 88

20:02:20.570 [AsyncHttpClient-1-7] DEBUG org.asynchttpclient.netty.channel.ChannelManager - Adding key: http://localhost:63786 for channel [id: 0xdbba77f2, L:/127.0.0.1:51239 - R:localhost/127.0.0.1:63786]
20:02:20.571 [Forwarding isElementEnabled on session 0025b467557bd261bbfd2f74f69079db to remote] DEBUG org.asynchttpclient.netty.request.NettyRequestSender - Using pooled Channel '[id: 0xdbba77f2, L:/127.0.0.1:51239 - R:localhost/127.0.0.1:63786]' for 'GET' to 'http://localhost:63786/session/0025b467557bd261bbfd2f74f69079db/element/a7a674ab-bf2e-4611-90d3-0b1bbe120c81/enabled'
20:02:20.572 [Forwarding isElementEnabled on session 0025b467557bd261bbfd2f74f69079db to remote] DEBUG org.asynchttpclient.netty.request.NettyRequestSender - Using open Channel [id: 0xdbba77f2, L:/127.0.0.1:51239 - R:localhost/127.0.0.1:63786] for GET '/session/0025b467557bd261bbfd2f74f69079db/element/a7a674ab-bf2e-4611-90d3-0b1bbe120c81/enabled'
20:02:20.598 [AsyncHttpClient-1-7] DEBUG org.asynchttpclient.netty.handler.HttpHandler - 

Request DefaultFullHttpRequest(decodeResult: success, version: HTTP/1.1, content: EmptyByteBufBE)
GET /session/0025b467557bd261bbfd2f74f69079db/element/a7a674ab-bf2e-4611-90d3-0b1bbe120c81/enabled HTTP/1.1
User-Agent: selenium/4.1.4 (java windows)
Cache-Control: no-cache
Content-Type: application/json; charset=utf-8
host: localhost:63786
accept: */*

Response DefaultHttpResponse(decodeResult: success, version: HTTP/1.1)
HTTP/1.1 200 OK
Content-Type: application/json; charset=utf-8
cache-control: no-cache
content-length: 14

20:02:20.599 [AsyncHttpClient-1-7] DEBUG org.asynchttpclient.netty.channel.ChannelManager - Adding key: http://localhost:63786 for channel [id: 0xdbba77f2, L:/127.0.0.1:51239 - R:localhost/127.0.0.1:63786]
20:02:20.613 [Forwarding screenshot on session 0025b467557bd261bbfd2f74f69079db to remote] DEBUG org.asynchttpclient.netty.request.NettyRequestSender - Using pooled Channel '[id: 0xdbba77f2, L:/127.0.0.1:51239 - R:localhost/127.0.0.1:63786]' for 'GET' to 'http://localhost:63786/session/0025b467557bd261bbfd2f74f69079db/screenshot'
20:02:20.613 [Forwarding screenshot on session 0025b467557bd261bbfd2f74f69079db to remote] DEBUG org.asynchttpclient.netty.request.NettyRequestSender - Using open Channel [id: 0xdbba77f2, L:/127.0.0.1:51239 - R:localhost/127.0.0.1:63786] for GET '/session/0025b467557bd261bbfd2f74f69079db/screenshot'
20:02:20.816 [AsyncHttpClient-1-1] DEBUG org.asynchttpclient.netty.channel.DefaultChannelPool - Entry count for : http://localhost:51240 : 1
20:02:20.866 [AsyncHttpClient-1-7] DEBUG org.asynchttpclient.netty.handler.HttpHandler - 

Request DefaultFullHttpRequest(decodeResult: success, version: HTTP/1.1, content: EmptyByteBufBE)
GET /session/0025b467557bd261bbfd2f74f69079db/screenshot HTTP/1.1
User-Agent: selenium/4.1.4 (java windows)
Cache-Control: no-cache
Content-Type: application/json; charset=utf-8
host: localhost:63786
accept: */*

Response DefaultHttpResponse(decodeResult: success, version: HTTP/1.1)
HTTP/1.1 200 OK
Content-Type: application/json; charset=utf-8
cache-control: no-cache
content-length: 48364

20:02:20.866 [AsyncHttpClient-1-7] DEBUG org.asynchttpclient.netty.channel.ChannelManager - Adding key: http://localhost:63786 for channel [id: 0xdbba77f2, L:/127.0.0.1:51239 - R:localhost/127.0.0.1:63786]
20:02:20.875 [main] DEBUG net.serenitybdd.core.photography.Darkroom - Send negative for processing for target\site\serenity\15305c64b45a8280a749d0359ff9d84ff9c0fce14690ea69387232b9ac1b9e97.png
20:02:20.875 [main] DEBUG net.thucydides.core.steps.StepInterceptor - STEP DONE: validateErrorKelolaJadwal
  &amp#27;[32mAnd &amp#27;[0m&amp#27;[32mValidate data error kelola jadwal&amp#27;[0m                                                              &amp#27;[90m# starter.stepdefinitios.KelolaJadwalSteps.validateDataErrorKelolaJadwal()&amp#27;[0m
20:02:20.877 [Darkroom Processing Line] DEBUG net.serenitybdd.core.photography.DarkroomProcessingLine - Processing screenshot image in /var/screenshots/screenshot-16244962534771942393
20:02:20.877 [Darkroom Processing Line] DEBUG net.serenitybdd.core.photography.DarkroomProcessingLine - Saving screenshot to target\site\serenity\15305c64b45a8280a749d0359ff9d84ff9c0fce14690ea69387232b9ac1b9e97.png
20:02:20.903 [AsyncHttpClient-1-9] DEBUG org.asynchttpclient.netty.handler.WebSocketHandler - Channel Closed: [id: 0x476d17cb, L:/127.0.0.1:51247 ! R:localhost/127.0.0.1:51240] with attribute NettyResponseFuture{currentRetry=5,
	isDone=1,
	isCancelled=0,
	asyncHandler=org.asynchttpclient.ws.WebSocketUpgradeHandler@1fadac19,
	nettyRequest=org.asynchttpclient.netty.request.NettyRequest@4c8d4a74,
	future=java.util.concurrent.CompletableFuture@6a8cee60[Completed normally],
	uri=ws://localhost:51240/devtools/browser/1e65cda1-3828-4fca-8cf8-db90e9fef2b6,
	keepAlive=true,
	redirectCount=0,
	timeoutsHolder=null,
	inAuth=0,
	touch=1658062902643}
20:02:20.904 [AsyncHttpClient-1-9] DEBUG org.asynchttpclient.netty.channel.ChannelManager - Closing Channel [id: 0x476d17cb, L:/127.0.0.1:51247 ! R:localhost/127.0.0.1:51240] 
20:02:20.904 [Driver Command Executor] DEBUG org.asynchttpclient.netty.request.NettyRequestSender - Using pooled Channel '[id: 0xdbba77f2, L:/127.0.0.1:51239 - R:localhost/127.0.0.1:63786]' for 'DELETE' to 'http://localhost:63786/session/0025b467557bd261bbfd2f74f69079db'
20:02:20.904 [Driver Command Executor] DEBUG org.asynchttpclient.netty.request.NettyRequestSender - Using open Channel [id: 0xdbba77f2, L:/127.0.0.1:51239 - R:localhost/127.0.0.1:63786] for DELETE '/session/0025b467557bd261bbfd2f74f69079db'
20:02:20.971 [AsyncHttpClient-1-8] DEBUG org.asynchttpclient.netty.handler.HttpHandler - Unexpected I/O exception on channel [id: 0x321f506e, L:/127.0.0.1:51246 - R:localhost/127.0.0.1:51240]
java.io.IOException: An existing connection was forcibly closed by the remote host
	at java.base/sun.nio.ch.SocketDispatcher.read0(Native Method)
	at java.base/sun.nio.ch.SocketDispatcher.read(SocketDispatcher.java:43)
	at java.base/sun.nio.ch.IOUtil.readIntoNativeBuffer(IOUtil.java:276)
	at java.base/sun.nio.ch.IOUtil.read(IOUtil.java:233)
	at java.base/sun.nio.ch.IOUtil.read(IOUtil.java:223)
	at java.base/sun.nio.ch.SocketChannelImpl.read(SocketChannelImpl.java:356)
	at io.netty.buffer.PooledByteBuf.setBytes(PooledByteBuf.java:258)
	at io.netty.buffer.AbstractByteBuf.writeBytes(AbstractByteBuf.java:1132)
	at io.netty.channel.socket.nio.NioSocketChannel.doReadBytes(NioSocketChannel.java:357)
	at io.netty.channel.nio.AbstractNioByteChannel$NioByteUnsafe.read(AbstractNioByteChannel.java:151)
	at io.netty.channel.nio.NioEventLoop.processSelectedKey(NioEventLoop.java:722)
	at io.netty.channel.nio.NioEventLoop.processSelectedKeysOptimized(NioEventLoop.java:658)
	at io.netty.channel.nio.NioEventLoop.processSelectedKeys(NioEventLoop.java:584)
	at io.netty.channel.nio.NioEventLoop.run(NioEventLoop.java:496)
	at io.netty.util.concurrent.SingleThreadEventExecutor$4.run(SingleThreadEventExecutor.java:986)
	at io.netty.util.internal.ThreadExecutorMap$2.run(ThreadExecutorMap.java:74)
	at io.netty.util.concurrent.FastThreadLocalRunnable.run(FastThreadLocalRunnable.java:30)
	at java.base/java.lang.Thread.run(Thread.java:829)
20:02:20.971 [AsyncHttpClient-1-8] DEBUG org.asynchttpclient.netty.channel.ChannelManager - Closing Channel [id: 0x321f506e, L:/127.0.0.1:51246 - R:localhost/127.0.0.1:51240] 
20:02:20.971 [AsyncHttpClient-1-8] DEBUG org.asynchttpclient.netty.handler.HttpHandler - Channel Closed: [id: 0x321f506e, L:/127.0.0.1:51246 ! R:localhost/127.0.0.1:51240] with attribute DISCARD
20:02:21.002 [AsyncHttpClient-1-7] DEBUG org.asynchttpclient.netty.handler.HttpHandler - 

Request DefaultFullHttpRequest(decodeResult: success, version: HTTP/1.1, content: EmptyByteBufBE)
DELETE /session/0025b467557bd261bbfd2f74f69079db HTTP/1.1
User-Agent: selenium/4.1.4 (java windows)
Content-Type: application/json; charset=utf-8
host: localhost:63786
accept: */*

Response DefaultHttpResponse(decodeResult: success, version: HTTP/1.1)
HTTP/1.1 200 OK
Content-Type: application/json; charset=utf-8
cache-control: no-cache
content-length: 14

20:02:21.002 [AsyncHttpClient-1-7] DEBUG org.asynchttpclient.netty.channel.ChannelManager - Adding key: http://localhost:63786 for channel [id: 0xdbba77f2, L:/127.0.0.1:51239 - R:localhost/127.0.0.1:63786]
20:02:21.071 [AsyncHttpClient-1-7] DEBUG org.asynchttpclient.netty.handler.HttpHandler - Channel Closed: [id: 0xdbba77f2, L:/127.0.0.1:51239 ! R:localhost/127.0.0.1:63786] with attribute DISCARD
20:02:21.093 [main] INFO  - 
  _____   ___   ___   _____     ___     _     ___   ___   ___   ___  
 |_   _| | __| / __| |_   _|   | _ \   /_\   / __| / __| | __| |   \ 
   | |   | _|  \__ \   | |     |  _/  / _ \  \__ \ \__ \ | _|  | |) |
   |_|   |___| |___/   |_|     |_|   /_/ \_\ |___/ |___/ |___| |___/ 

As a admin i want to Add Manage Schedule Rawat Biasa - tidak ada perawat & tanggal
----------------------------------------------------------------------
]]></system-out>
    <system-err><![CDATA[Starting ChromeDriver 103.0.5060.53 (a1711811edd74ff1cf2150f36ffa3b0dae40b17f-refs/branch-heads/5060@{#853}) on port 63786
Only local connections are allowed.
Please see https://chromedriver.chromium.org/security-considerations for suggestions on keeping ChromeDriver safe.
ChromeDriver was started successfully.
Jul 17, 2022 8:01:42 PM org.openqa.selenium.remote.ProtocolHandshake createSession
INFO: Detected dialect: W3C
Jul 17, 2022 8:01:42 PM org.openqa.selenium.devtools.CdpVersionFinder findNearestMatch
WARNING: Unable to find an exact match for CDP version 103, so returning the closest version found: 101
Jul 17, 2022 8:01:42 PM org.openqa.selenium.devtools.CdpVersionFinder findNearestMatch
INFO: Found CDP implementation for version 103 of 101
]]></system-err>
  </testcase>
</testsuite>